<?xml version="1.0"?>
<opencv_storage>
<g>1.3300000000000001</g>
<r>5</r>
<filter-type>0</filter-type>
<circular>0</circular>
<L2_diff>134.02760270924531</L2_diff>
<test_img type_id="opencv-matrix">
  <rows>128</rows>
  <cols>256</cols>
  <dt>f</dt>
  <data>
    0.421979785 0.996179461 0.864512563 0.245016605 0.781831145
    0.398694217 0.645834863 0.701817632 0.253770173 0.528671682
    0.473466963 0.839998007 0.402483076 0.0530391037 0.465251207
    0.645388484 0.0853670537 0.25127393 0.112439185 0.260942876
    0.362687141 0.44358471 0.97733736 0.197945088 0.977399707
    0.647703826 0.494756758 0.395475656 0.919942379 0.99875164
    0.762646914 0.154622465 0.0981951356 0.920507669 0.723427534
    0.0517497659 0.376540303 0.512372375 0.520878077 0.345527649
    0.738900542 0.745631874 0.259458363 0.613278031 0.819578707
    0.791164398 0.486318588 0.105542541 0.712307155 0.215928912
    0.749661565 0.248160422 0.0466368794 0.63488102 0.424654186
    0.835455418 0.54968518 0.641529739 0.803786039 0.271339715
    0.588320553 0.360581905 0.959967315 0.768042386 0.68661809
    0.437910795 0.942402124 0.318813741 0.225719064 0.91708529
    0.441851228 0.328199625 0.182525158 0.349100888 0.566102982
    0.416980386 0.655411839 0.0714475513 0.372734368 0.941027522
    0.0544539392 0.779577374 0.556931734 0.109221339 0.080424726
    0.366513699 0.3203215 0.841567576 0.344033062 0.297457874
    0.496391982 0.460140705 0.547983348 0.41632089 0.254955143
    0.549703002 0.597018242 0.27966243 0.11319226 0.774547815
    0.245926231 0.423594415 0.556120515 0.828142762 0.230278075
    0.187356085 0.96709162 0.0149482191 0.982772112 0.00475260615
    0.934497476 0.363826931 0.0747895241 0.477454215 0.511448741
    0.821025252 0.939141572 0.747221947 0.540776193 0.504599452
    0.495569825 0.290958047 0.870209098 0.658302665 0.653302372
    0.621600151 0.239512682 0.216503292 0.184359252 0.324819267
    0.479430616 0.629398823 0.856760859 0.973939478 0.654180348
    0.963794351 0.294686139 0.241790235 0.769457698 0.88358283
    0.242996961 0.529691339 0.270123273 0.833644092 0.722541094
    0.404763162 0.938642383 0.686263561 0.545510054 0.664540648
    0.953648865 0.298671424 0.173244029 0.501577079 0.472090453
    0.656253755 0.695114076 0.81357491 0.155119389 0.974606276
    0.0207235217 0.362413704 0.778435171 0.762675822 0.270980954
    0.698020816 0.540096819 0.924376607 0.588652015 0.800589561
    0.477237612 0.873064399 0.197420835 0.187935621 0.277852058
    0.211528361 0.841418266 0.960482776 0.643196285 0.87293613
    0.0911788046 0.528602958 0.371027946 0.549013078 0.0764367878
    0.108490765 0.236553401 0.655183673 0.365498364 0.32342416
    0.183631331 0.945861459 0.120361507 0.769861817 0.406370699
    0.134733379 0.182112277 0.972945571 0.822422028 0.54879272
    0.419425964 0.142264783 0.748237848 0.187333196 0.57209152
    0.378666908 0.192745477 0.548020363 0.316054732 0.127230018
    0.733703017 0.284036636 0.292623103 0.479528666 0.695699632
    0.324033082 0.0953974426 0.671111166 0.251947582 0.900461197
    0.0158225596 0.155203521 0.515060723 0.909898221 0.674370825
    0.488802969 0.869790196 0.653506994 0.972324133 0.991758883
    0.382199109 0.217092723 0.345148325 0.234071642 0.841223121
    0.137980431 0.860723376 0.668561637 0.789196312 0.24620223
    0.700049996 0.373880684 0.518918335 0.755976796 0.933427811
    0.56823653 0.0646094978 0.968551576 0.18620187 0.149956077
    0.914473772 0.9611516 0.760261059 0.619175076 0.588403404
    0.505393267 0.327726573 0.246456683 0.733732939 0.183873951
    0.64572233 0.19368428 0.951938331 0.984574437 0.450583756
    0.983213305 0.353908479 0.212334335 0.997905612 0.419495702
    0.944480419 0.703407288 0.558156669 0.775661469 0.954879522
    0.430947155 0.784884512 0.361375988 0.746609271 0.18016699
    0.00115808845 0.756661713 0.176823884 0.312613308 0.0685490072
    0.37754482 0.115000993 0.627868056 0.511958361 0.931450605
    0.0219324529 0.00356194377 0.481889367 0.755521834 0.656268299
    0.777914762 0.4502666 0.853495598 0.688007891 0.318112969 0.79592526
    0.409749866 0.56712091 0.887701154 0.429716587 0.641333342
    0.705952287 0.773580074 0.15941143 0.719159722 0.0606520772
    0.811142027 0.0143448412 0.0519239604 0.0405634046 0.639701068
    0.610694528 0.0585509837 0.659183502 0.822335243 0.671803772
    0.369508684 0.364431471 0.527168691 0.155647099 0.533662617
    0.268647313 0.459622711 0.423992932 0.342333436 0.679180741
    0.250826538 0.863234401 0.0939880311 0.448085248 0.228607714
    0.118264914 0.660492063 0.373705447 0.156560838 0.472473651
    0.0232668817 0.272912979 0.787143052 0.66882062 0.984713435
    0.19914788 0.226806998 0.270585895 0.235028416 0.1434744 0.676587284
    0.757897735 0.176391512 0.792375445 0.482989222 0.330622613
    0.00356972218 0.458408773 0.866825223 0.791543484 0.449797422
    0.148384064 0.927557707 0.0991607308 0.143701077 0.127958268
    0.0759225786 0.642426372 0.277188033 0.421777666 0.195394099
    0.409035742 0.488905787 0.245864272 0.520313382 0.946533442
    0.128268838 0.879655838 0.23126632 0.162251145 0.28824228
    0.0423742235 0.352000892 0.100727677 0.204972088 0.810303867
    0.212129056 0.174836874 0.138222575 0.958278298 0.0769708455
    0.954342842 0.445441157 0.302602649 0.341499269 0.239116669
    0.0681333542 0.178132594 0.669235408 0.68975246 0.562400222
    0.851246953 0.015853703 0.238144338 0.544256866 0.637070358
    0.714164138 0.619815588 0.550266862 0.688153744 0.697432518
    0.689944088 0.850353599 0.971061945 0.92816025 0.113218337
    0.307288766 0.328768432 0.882324994 0.394069016 0.821243763
    0.726819158 0.326026142 0.0282970071 0.00519782305 0.433655798
    0.505897582 0.708374143 0.506924152 0.414539844 0.803690553
    0.203699857 0.852507949 0.539763212 0.592583358 0.346986532
    0.764962792 0.179265201 0.393759906 0.181251258 0.809314966
    0.148857117 0.513465405 0.155175716 0.246986657 0.357943594
    0.130611509 0.353505611 0.398958445 0.804065287 0.671036541
    0.998302937 0.736797094 0.942470193 0.0450843573 0.638115764
    0.0637900531 0.904009938 0.25331372 0.900356531 0.496039718
    0.668481231 0.143911809 0.268424928 0.751402736 0.216210604
    0.545352042 0.412277043 0.315784365 0.920036435 0.91866231
    0.126874149 0.901763082 0.688531339 0.0423754454 0.301930249
    0.508372366 0.320529461 0.477845341 0.745514512 0.893418014
    0.55978322 0.308085144 0.436389893 0.231437951 0.287617326
    0.762087405 0.559931636 0.658535242 0.47538057 0.0218753219
    0.594668627 0.213006735 0.646698356 0.268731087 0.333749533
    0.33869642 0.28506428 0.443508774 0.240690887 0.511068881
    0.155415326 0.887836218 0.581846178 0.218098193 0.536334276
    0.240745246 0.567558646 0.0471767485 0.715432942 0.116192579
    0.617094278 0.167990088 0.815350413 0.993187547 0.831150651
    0.785779357 0.289754331 0.951703191 0.669820011 0.889507532
    0.868033707 0.525414467 0.563268602 0.714191258 0.148610622
    0.84456104 0.757526278 0.986573815 0.83353126 0.550348461 0.47024855
    0.729691267 0.199690789 0.773198724 0.55581212 0.0644078255
    0.0653049052 0.196272075 0.616952419 0.976107836 0.711590767
    0.126325548 0.170148432 0.695316136 0.99623847 0.444191784
    0.326484412 0.281978309 0.718833208 0.558575928 0.417676419
    0.266416848 0.175284147 0.340331495 0.278747678 0.298829079
    0.552376151 0.649041653 0.788049221 0.795150876 0.590061903
    0.435637534 0.595714986 0.470834047 0.93803668 0.19165206
    0.387009442 0.939757288 0.268014431 0.447439134 0.206781268
    0.609205484 0.00109145045 0.412924647 0.043574363 0.938335657
    0.944870234 0.873453379 0.740227044 0.0654791296 0.660839438
    0.120662957 0.846435785 0.767885566 0.30621624 0.713934541
    0.861100912 0.583205819 0.66844219 0.0182382762 0.0816016197
    0.358138263 0.769853234 0.864707589 0.310792506 0.444185585
    0.245325536 0.4671745 0.667359948 0.260809958 0.955711842
    0.459822834 0.606289685 0.566946447 0.976495385 0.680101812
    0.559568286 0.755867362 0.525549829 0.428927302 0.898195446
    0.678371787 0.414382398 0.67783016 0.108971328 0.0735411644
    0.240491062 0.117221475 0.433256418 0.175395191 0.728269398
    0.508610308 0.71807307 0.0405929685 0.824527621 0.687119544
    0.680775046 0.127126694 0.409259975 0.489297152 0.109802276
    0.934583187 0.0923350453 0.175942749 0.626349568 0.860817432
    0.0438071489 0.667073309 0.423480332 0.988043249 0.561414599
    0.103502929 0.0513574779 0.737341344 0.509467125 0.686201036
    0.236968786 0.0482892096 0.907925725 0.869867086 0.256360859
    0.172593623 0.807804346 0.507088482 0.0676702559 0.945085645
    0.577352285 0.184031516 0.855440736 0.0118954778 0.625396669
    0.542636156 0.599943697 0.125571311 0.595427513 0.244618654
    0.660218954 0.729351163 0.945651233 0.0413405299 0.659449279
    0.179685861 0.824723721 0.80973947 0.302921712 0.186718583
    0.506742477 0.0593341589 0.961828828 0.489184588 0.255638778
    0.616367996 0.44600901 0.755961239 0.72369051 0.628124952 0.91422224
    0.404741377 0.35302645 0.410726249 0.24610123 0.55444634 0.112103075
    0.795054853 0.980415761 0.257344961 0.362256289 0.476183921
    0.074097991 0.935492516 0.0365545452 0.660410702 0.13266176
    0.48722285 0.21303007 0.0558914542 0.747630596 0.470558286
    0.66210705 0.602839231 0.794489503 0.376761049 0.0882015526
    0.906848431 0.634511054 0.0692919195 0.444984406 0.10873121
    0.461320996 0.578044891 0.975471795 0.0533014536 0.580265999
    0.757897735 0.746537209 0.667857885 0.905808091 0.196706414
    0.670829177 0.540756583 0.664322615 0.635367811 0.87827909
    0.393422157 0.957638085 0.135282755 0.557212472 0.0382747948
    0.298047662 0.00676727295 0.837179244 0.614207685 0.269787073
    0.510433257 0.177845299 0.518401861 0.491469532 0.185976982
    0.595583081 0.155809164 0.989322126 0.00551944971 0.169430673
    0.676903486 0.208953679 0.531517327 0.949027896 0.160030305
    0.377981842 0.521524906 0.104504138 0.0352959037 0.212802768
    0.101563066 0.436622441 0.880248666 0.0591972768 0.972432375
    0.127966315 0.277948678 0.765958905 0.78234899 0.0292309225
    0.561589539 0.290649414 0.382808477 0.684324086 0.669699907
    0.734497905 0.418337166 0.898470283 0.921695113 0.800411522
    0.809817195 0.0620340705 0.655820012 0.597267747 0.315870941
    0.74563849 0.816579521 0.234989256 0.390147328 0.964864731
    0.620147347 0.691407681 0.353962958 0.238968819 0.231215239
    0.161145359 0.447647482 0.51679498 0.753850937 0.796086907
    0.579890966 0.57535398 0.384873599 0.457124501 0.821166694
    0.270682573 0.334460348 0.851452708 0.854927778 0.79637444
    0.881333411 0.965846181 0.584458768 0.189484537 0.525482953
    0.521165967 0.564108551 0.683370292 0.0375737846 0.00459948182
    0.82924819 0.682973623 0.906925678 0.592500448 0.0389209092
    0.399715155 0.0587033629 0.396123588 0.722817183 0.313993514
    0.561895907 0.860634863 0.932690918 0.25965479 0.747891307
    0.664661646 0.123096913 0.89178741 0.647774816 0.917578936
    0.0598781705 0.342266381 0.495289028 0.696160257 0.950290203
    0.76455003 0.735179305 0.370547056 0.222544998 0.992118478
    0.700152099 0.487445742 0.652491212 0.708416522 0.215023935
    0.844212174 0.16543451 0.634880722 0.0575636029 0.284730375
    0.8159917 0.483903348 0.928116202 0.664081454 0.475852668
    0.879560113 0.434898794 0.968979597 0.774229586 0.839002728
    0.460961401 0.939014971 0.0907695591 0.173589557 0.878607273
    0.987362027 0.0677064657 0.0125289261 0.890954435 0.384955496
    0.639280438 0.476615757 0.301946402 0.272002995 0.175860703
    0.729410589 0.91214931 0.818264484 0.308646679 0.708544135
    0.697657466 0.777182996 0.432253242 0.166209668 0.187903702
    0.929007471 0.477654696 0.461262345 0.92911613 0.275999069
    0.266612411 0.579201639 0.212326586 0.605107188 0.697009385
    0.408183575 0.452322036 0.423428565 0.6447016 0.826877594
    0.772960424 0.781770229 0.0690189004 0.129073083 0.114605069
    0.45761779 0.101176143 0.165357023 0.058172673 0.0716202855
    0.899199128 0.178540677 0.518166959 0.561176658 0.606514156
    0.601111114 0.961414576 0.190322995 0.130443633 0.751008272
    0.00410780311 0.20940873 0.251496196 0.402900696 0.3285577
    0.569019318 0.575569451 0.225357205 0.682435334 0.0804094672
    0.504547238 0.147861779 0.00835499167 0.905434072 0.106554091
    0.314127624 0.108422905 0.628690064 0.377749622 0.397224724
    0.105985671 0.535212815 0.174047768 0.711535513 0.635718048
    0.576294839 0.550290287 0.072494626 0.584511042 0.416182905
    0.932798266 0.489321858 0.582855523 0.0473619699 0.738739848
    0.121479303 0.211777747 0.72885716 0.963147223 0.152937979
    0.395564258 0.592023611 0.553237259 0.236388862 0.724366903
    0.336447686 0.755151033 0.863911986 0.0245204568 0.216241121
    0.0381835401 0.976382732 0.705433667 0.627107024 0.242347479
    0.464780301 0.413281471 0.752072036 0.376395702 0.592687368
    0.198666602 0.437886417 0.655709147 0.658095717 0.184814721
    0.400425375 0.901882648 0.769824147 0.0432835817 0.100669652
    0.650189459 0.905485511 0.228337586 0.475337058 0.913645506
    0.647582114 0.822924495 0.970445156 0.930973411 0.0859529078
    0.328939229 0.18105799 0.64642781 0.965799928 0.00657257438
    0.984580398 0.720305502 0.964773536 0.986249328 0.161911637
    0.147667527 0.671612859 0.125096828 0.634540379 0.101906627
    0.133465499 0.653666854 0.400057018 0.490956485 0.174863219
    0.729538023 0.804071546 0.720252872 0.424419701 0.417013735
    0.143846095 0.705650985 0.559209287 0.878555119 0.00778320432
    0.70228529 0.943918228 0.418181837 0.0543186963 0.457564473
    0.833286166 0.397874266 0.79189539 0.795537949 0.93211472
    0.0851816237 0.988673091 0.522288322 0.931595802 0.443248659
    0.623734891 0.945781887 0.38618049 0.802822948 0.158775181
    0.32491219 0.108037859 0.353328973 0.537849903 0.353836268
    0.531824827 0.937117577 0.81414932 0.707595885 0.798850834
    0.102455705 0.532576382 0.776654124 0.666982889 0.210566074
    0.0632168353 0.242165238 0.896064997 0.414861053 0.402410775
    0.266337574 0.0255690813 0.932629347 0.521197438 0.787199378
    0.293294817 0.837480783 0.49663502 0.0775844455 0.597134829
    0.291240007 0.961830735 0.483341336 0.522108376 0.286235422
    0.232634485 0.171760052 0.606053412 0.99483633 0.454142332
    0.510196984 0.817577779 0.318610013 0.00288000703 0.859931409
    0.791395903 0.79984659 0.613052845 0.801191926 0.617662191
    0.463933945 0.306193352 0.488958806 0.996409535 0.199440151
    0.127505928 0.511463046 0.94115603 0.448579848 0.70641315
    0.400037169 0.270680606 0.331160814 0.213621646 0.837418675
    0.503844738 0.852745593 0.0331546068 0.700361013 0.744703412
    0.0392690599 0.748018622 0.913869739 0.609861434 0.152121693
    0.919932902 0.0631380379 0.95967871 0.061552316 0.260123521
    0.916505337 0.399356365 0.574085116 0.193950802 0.410134554
    0.297036976 0.157253087 0.0223062038 0.951265812 0.640650213
    0.745636702 0.829180539 0.703044355 0.56706202 0.358046204
    0.238033593 0.189453214 0.83087647 0.115056247 0.900103092
    0.941332698 0.941889167 0.952941597 0.12570259 0.377186358
    0.346702456 0.923726141 0.135368764 0.0908388197 0.473308563
    0.314377964 0.616240621 0.918250442 0.0972805917 0.86799109
    0.474693924 0.39115113 0.292238861 0.853562593 0.507633448
    0.449440926 0.978051782 0.268625706 0.981004715 0.0266968012
    0.827757359 0.454902828 0.0877024233 0.932313561 0.557023287
    0.640461504 0.207086861 0.662056148 0.678722322 0.318581581
    0.247856587 0.372115672 0.970542192 0.441283792 0.211042643
    0.235413164 0.101242214 0.117826253 0.107206136 0.466492653
    0.328290045 0.337961495 0.342823625 0.352570415 0.468174219
    0.181229681 0.187244684 0.602092147 0.188475609 0.484066248
    0.628963649 0.519353747 0.667432368 0.487892866 0.453375161
    0.883106112 0.135721534 0.168998212 0.182863891 0.242894828
    0.941808283 0.427129239 0.653423667 0.00165614486 0.0216552019
    0.580739379 0.841121912 0.680863142 0.662568033 0.936333418
    0.603415847 0.454091072 0.857915998 0.720627666 0.692545056
    0.128233612 0.329106688 0.171706527 0.681451797 0.420635819
    0.368489325 0.218012571 0.888502538 0.713319898 0.455785722
    0.441591591 0.343251884 0.403227955 0.527204454 0.966892302
    0.41206032 0.34005037 0.044259876 0.420970112 0.382480502
    0.636249244 0.522325814 0.299078345 0.21264872 0.394043058
    0.430732816 0.45922929 0.963098586 0.906388402 0.74033004
    0.927847683 0.721576214 0.480904758 0.356204987 0.0267499983
    0.843245745 0.0743461251 0.767417073 0.356865615 0.817928672
    0.726838052 0.934716821 0.886259794 0.894718409 0.785329342
    0.991129041 0.486644477 0.0776006877 0.119697839 0.0928654373
    0.214668959 0.485847384 0.983645976 0.0547137558 0.100669891
    0.681976199 0.291043192 0.634869158 0.051821053 0.0318590999
    0.500292778 0.917568147 0.0424691439 0.514772177 0.116657227
    0.505224824 0.958270669 0.683532834 0.543019176 0.579460323
    0.0213435888 0.206037521 0.945306897 0.027800709 0.710994661
    0.212297112 0.171122193 0.931299269 0.932895899 0.935177565
    0.980949879 0.544719696 0.192308515 0.486087054 0.339937091
    0.784401178 0.0850647688 0.749675095 0.601467371 0.123300046
    0.667563677 0.603181183 0.82695055 0.737271249 0.989287972
    0.810855329 0.694045067 0.0170126557 0.516665041 0.919488549
    0.12994644 0.121165186 0.166539878 0.769830585 0.284860641
    0.464310408 0.0966951251 0.206218421 0.166338146 0.499521673
    0.206486672 0.0531944931 0.387660593 0.0701090395 0.137565732
    0.521872044 0.651481926 0.711794078 0.238652319 0.37188077
    0.758772135 0.576873243 0.216230065 0.521289349 0.68269819
    0.818084717 0.427358031 0.783412695 0.673093021 0.178596884
    0.0339890718 0.453584611 0.55774951 0.963519096 0.797734976
    0.121757597 0.578167915 0.0366200209 0.246060967 0.206391752
    0.496500671 0.21193099 0.595377088 0.76504904 0.672233582
    0.854601681 0.00876682997 0.536413312 0.728002965 0.15534541
    0.0525875092 0.186673671 0.785163283 0.965621829 0.323075891
    0.434390962 0.412412047 0.970194936 0.848321259 0.930175543
    0.279845238 0.0237242579 0.476502031 0.00287818909 0.43214342
    0.62716192 0.958270192 0.453537077 0.32285881 0.828751802
    0.452244461 0.786044717 0.286575556 0.899891555 0.72102654
    0.91699481 0.783939958 0.371920168 0.679213166 0.487419367
    0.250689089 0.972105443 0.807411313 0.512672901 0.0607804358
    0.432523042 0.10329932 0.0775219202 0.78092885 0.958004177
    0.12039572 0.423030496 0.572597027 0.666075826 0.298766673
    0.686910987 0.105322599 0.578946292 0.224062026 0.445781708
    0.105049819 0.0585246086 0.967047095 0.777026653 0.254605919
    0.515099525 0.020101428 0.541991293 0.475006163 0.548650742
    0.196653038 0.138662785 0.999022126 0.545514762 0.343584359
    0.0684643984 0.660451233 0.169585258 0.840211034 0.258596718
    0.602818668 0.860357583 0.264818013 0.515168786 0.956951022
    0.748839736 0.624071836 0.410573542 0.295093596 0.789784431
    0.578285873 0.395156384 0.797124743 0.864175856 0.905573368
    0.0468452573 0.0797085464 0.722027421 0.359818578 0.681716263
    0.0109674931 0.858608365 0.528772175 0.0946636498 0.30141598
    0.799469948 0.187683314 0.720232725 0.106603861 0.491672933
    0.800497651 0.154381901 0.043518573 0.0505051613 0.538487971
    0.579829395 0.369264722 0.341587663 0.803417087 0.42820701
    0.349495888 0.197930992 0.0542623103 0.0998660326 0.719887912
    0.629387975 0.419508934 0.0985118449 0.978442073 0.974432707
    0.27797693 0.194476068 0.020626545 0.114018112 0.123116583
    0.339335024 0.557023883 0.0536258817 0.0700174272 0.365944684
    0.307157546 0.532741904 0.844021916 0.721463621 0.00694710016
    0.663628757 0.295406222 0.267646432 0.62501502 0.861236453
    0.129384249 0.230677128 0.0413061082 0.0940541625 0.49055618
    0.570165753 0.196196318 0.281485021 0.868032575 0.622983038
    0.371486872 0.408750594 0.209024072 0.875982285 0.165902942
    0.776150227 0.516610384 0.449801624 0.70065248 0.971307516
    0.887841642 0.757007957 0.406190932 0.252171189 0.806139171
    0.997379363 0.833845794 0.291360885 0.121597409 0.588883877
    0.237725377 0.229717225 0.713319957 0.0935023427 0.846393466
    0.550348639 0.952991009 0.917016268 0.722040772 0.907827854
    0.342859119 0.262420714 0.0690573752 0.212862045 0.833018541
    0.445234656 0.358882725 0.73678118 0.847826123 0.635393202
    0.232445419 0.320039093 0.7698735 0.67566514 0.458920151 0.633395314
    0.265328109 0.238482267 0.1565696 0.678042054 0.852358222
    0.621054053 0.35702607 0.501779735 0.47624141 0.722226024
    0.280233711 0.770471454 0.46134311 0.141085982 0.967371047
    0.802058458 0.0352571607 0.00723862648 0.640415728 0.178222984
    0.534086227 0.476615131 0.478286594 0.279831469 0.90358007
    0.377078116 0.659713328 0.000912308693 0.376025528 0.206484377
    0.280851483 0.963692546 0.601424873 0.942580819 0.770788908
    0.239355117 0.997807205 0.805320024 0.493044794 0.444804341
    0.445818961 0.858228266 0.943970919 0.359340668 0.387672603
    0.379180431 0.345345616 0.175000608 0.406628579 0.182162374
    0.470380068 0.439799786 0.649606705 0.702083945 0.915135324
    0.810818136 0.721627116 0.457998961 0.124242336 0.944964886
    0.742287397 0.549932361 0.062810719 0.361400127 0.660191774
    0.809593499 0.727191627 0.959552288 0.44251138 0.870932937
    0.605522752 0.244486928 0.00812354684 0.789976239 0.242865503
    0.891256809 0.0730393529 0.231179863 0.229725659 0.169037968
    0.912394047 0.728205204 0.675209045 0.867779493 0.068441838
    0.662939906 0.515238822 0.0345861316 0.282576144 0.701605499
    0.370605916 0.0962396562 0.798404634 0.819040835 0.674986362
    0.904378593 0.0424582064 0.491097659 0.464156091 0.369896173
    0.0536008775 0.837912083 0.840883017 0.343172014 0.274321675
    0.386807203 0.86532259 0.0598298907 0.0956312716 0.921940684
    0.125398159 0.372984469 0.701520085 0.21239388 0.662736714
    0.141535848 0.959812403 0.481893182 0.861975074 0.0973541737
    0.147971988 0.618107736 0.135198444 0.414698541 0.964657068
    0.902747214 0.0127072632 0.412967563 0.484499335 0.883775949
    0.628046095 0.156982332 0.263286293 0.516611874 0.810149848
    0.704434633 0.115472347 0.00359547138 0.335582584 0.0754653811
    0.134292722 0.0451676846 0.551912963 0.508467793 0.645382106
    0.51374799 0.986718893 0.868604064 0.615153313 0.464871347
    0.506858826 0.139817953 0.585257292 0.0999640822 0.81818521
    0.717252195 0.747822523 0.766614914 0.767920613 0.553330183
    0.784491539 0.990895987 0.626966417 0.023370266 0.286549568
    0.538994133 0.318016559 0.0608785748 0.501379132 0.429092973
    0.00124394894 0.339892566 0.686441481 0.215794325 0.330405474
    0.0224024355 0.845774114 0.0724402964 0.512898743 0.218451738
    0.89740479 0.149146944 0.761735797 0.777683318 0.465850204
    0.927408814 0.313098907 0.945218563 0.0329852998 0.770955205
    0.204775244 0.290592343 0.439569086 0.301938683 0.354267508
    0.271413743 0.254491389 0.223576248 0.302091956 0.981449366
    0.194868505 0.29795441 0.780649304 0.69582963 0.916346967
    0.724829078 0.233560771 0.532999218 0.622059345 0.366680503
    0.46722725 0.735073924 0.166569531 0.517668486 0.587641537
    0.183833241 0.995518923 0.828760207 0.109018803 0.680854201
    0.445157468 0.986854255 0.752246559 0.465698093 0.25779891
    0.893089652 0.305627048 0.531466126 0.199361652 0.85277921
    0.418043673 0.230943263 0.63446784 0.479634583 0.9303689 0.153501481
    0.674702704 0.178169131 0.79501462 0.908457637 0.978435159
    0.917211652 0.310287774 0.262774408 0.657116652 0.859255791
    0.398902118 0.488168001 0.16845116 0.00625783205 0.339677453
    0.964517355 0.407664031 0.16088143 0.466892928 0.0523625016
    0.960400462 0.152231365 0.943174958 0.281807661 0.848457456
    0.286251485 0.491286576 0.51345402 0.769392133 0.634817958
    0.156129062 0.379467666 0.479224145 0.0386872888 0.652793825
    0.242529809 0.00346124172 0.338268936 0.203861982 0.370545447
    0.961417794 0.79098171 0.742920399 0.210954309 0.213962018
    0.880991161 0.350527167 0.0615216792 0.400466174 0.478566468
    0.29001686 0.715059519 0.925536871 0.666202605 0.932052374
    0.811550856 0.5781672 0.55657506 0.851448774 0.340722561 0.472622693
    0.8515414 0.913627446 0.500893176 0.352367997 0.513397396 0.83191824
    0.370949179 0.179606229 0.0785039663 0.698511064 0.361876309
    0.454617262 0.207119286 0.723363757 0.303523302 0.938955426
    0.699197829 0.857092977 0.970377028 0.103044838 0.480635762
    0.921515822 0.814142823 0.946455479 0.451717019 0.904404044
    0.0963574052 0.368800104 0.885565042 0.049138397 0.892288446
    0.614297807 0.945534229 0.944459617 0.283239573 0.21855846
    0.919876099 0.400956869 0.960405946 0.298873335 0.060747087
    0.297878683 0.978299439 0.64707464 0.111384988 0.714637756
    0.67129463 0.374865592 0.0352901816 0.220375478 0.246600389
    0.362275958 0.266919732 0.649853408 0.76774174 0.34397918
    0.876170754 0.195394963 0.954080224 0.125602126 0.434464186
    0.765009284 0.0911359787 0.0938136876 0.363993704 0.662579477
    0.560885966 0.204077125 0.377111912 0.830322266 0.0101659298
    0.303313255 0.0488444269 0.291389763 0.779883921 0.222372591
    0.403674453 0.339918435 0.84273982 0.10142231 0.60223645 0.61810863
    0.897440314 0.928232074 0.0410813093 0.382597208 0.50234741
    0.449141383 0.633500576 0.945500016 0.563281655 0.828228593
    0.785034537 0.209920973 0.319529831 0.422511965 0.877043784
    0.999383211 0.314989626 0.986645818 0.0522783101 0.268824995
    0.346150398 0.471834719 0.276221991 0.807190061 0.0027769804
    0.864675045 0.191601485 0.100588769 0.158138156 0.699646354
    0.0527428687 0.701156139 0.181347609 0.421395838 0.06417045
    0.0278746188 0.916314483 0.348381579 0.000578403473 0.384777635
    0.0128290355 0.980276823 0.906336248 0.586499512 0.238935471
    0.708416164 0.962297201 0.217718989 0.855116725 0.185097903
    0.902108729 0.669427574 0.307489812 0.493926853 0.446301699
    0.985939026 0.292572498 0.94489485 0.784648895 0.503959119
    0.802086473 0.473684549 0.715184689 0.862092018 0.397737563
    0.360462487 0.547191978 0.386004239 0.91463995 0.205862373
    0.34482199 0.374679893 0.245534241 0.3898983 0.328792095 0.717181981
    0.536037385 0.919186413 0.521012008 0.32036072 0.885172188
    0.677111745 0.999814749 0.354436636 0.951874614 0.6600582
    0.470510393 0.232252151 0.786906958 0.593575001 0.929902554
    0.427363157 0.366900384 0.29679957 0.571637213 0.845422149
    0.888722539 0.564102769 0.234094054 0.91208756 0.0884086192
    0.149370849 0.437736601 0.250820279 0.963691115 0.845102608
    0.226748675 0.493720919 0.742769241 0.0833426416 0.0836434066
    0.224242359 0.245717078 0.892713487 0.202724248 0.201314449
    0.630463064 0.663250446 0.348648846 0.955280483 0.265135884
    0.904808402 0.641908944 0.531413257 0.290192157 0.063359797
    0.623182654 0.273787618 0.99604249 0.814108551 0.220574945
    0.461107075 0.97171253 0.403840542 0.685361564 0.778020382
    0.596536756 0.988762498 0.0898254216 0.250014901 0.806983948
    0.878518224 0.342638373 0.62335062 0.751648903 0.224121392
    0.256079972 0.586200893 0.0469246805 0.916272283 0.909789085
    0.336013913 0.230743617 0.65766561 0.265258551 0.701366186
    0.882755935 0.819493294 0.840888917 0.204935342 0.485245198
    0.753009021 0.796248198 0.0839732587 0.918511748 0.0194022059
    0.430075109 0.537544429 0.937999249 0.547776163 0.0541000068
    0.0903306901 0.47131592 0.603314281 0.960490823 0.201030999
    0.758066714 0.309250653 0.689185679 0.796923518 0.747739315
    0.825950742 0.341773272 0.50145328 0.388280749 0.681048751
    0.112555176 0.608483255 0.407798648 0.577203274 0.622320354
    0.579508781 0.24966681 0.239220947 0.377953172 0.832103789
    0.218902171 0.174640328 0.0617587864 0.687653601 0.999080658
    0.498502523 0.341165245 0.212911636 0.679591119 0.793331981
    0.053594172 0.241552413 0.894679606 0.453169405 0.244406581
    0.662926912 0.523624122 0.0230537653 0.493479162 0.196930915
    0.904706717 0.402623773 0.983658493 0.942773938 0.384876937
    0.618062675 0.569918931 0.534770489 0.994060516 0.496209353
    0.412130684 0.364315987 0.530382335 0.777953625 0.858814776
    0.245340616 0.151913941 0.75265646 0.527578473 0.662172675
    0.11711514 0.387453824 0.796122193 0.747499347 0.299355 0.599273324
    0.37943086 0.43750906 0.969409943 0.549189091 0.315348744
    0.645222366 0.837351918 0.360547453 0.692110538 0.764462292
    0.979357183 0.279622912 0.868954122 0.601300299 0.449183941
    0.762332916 0.387478173 0.29521668 0.162491977 0.0403841734
    0.168504745 0.230799973 0.848654747 0.200231463 0.975108981
    0.335806966 0.884859324 0.654236257 0.0117423534 0.303512186
    0.583361626 0.463311404 0.88964951 0.975612164 0.436885834
    0.165384084 0.404697955 0.700221479 0.615187049 0.476281524
    0.49995628 0.6461097 0.0818852782 0.199234456 0.45310989 0.516156018
    0.735402942 0.539855719 0.187226892 0.160238981 0.261306703
    0.972117484 0.529079139 0.161002904 0.657794237 0.953773737
    0.597903013 0.700330138 0.580070972 0.495764077 0.188265473
    0.905227423 0.895164251 0.344447076 0.877744436 0.855173826
    0.0253509283 0.692749083 0.943241894 0.136207819 0.463843316
    0.870107412 0.504064262 0.691735804 0.454808742 0.109357446
    0.145072192 0.129997045 0.436070412 0.774993062 0.438665628
    0.395900011 0.142680496 0.980039358 0.00203630328 0.624755502
    0.0457867384 0.28797254 0.486014187 0.673063934 0.423710108
    0.694697261 0.0239759386 0.50988847 0.133583009 0.506648302
    0.153351188 0.41174826 0.790718257 0.645199835 0.519948423
    0.429597139 0.204160452 0.402209431 0.743290246 0.0996355116
    0.201138288 0.370625138 0.855870247 0.732377827 0.657623768
    0.602576196 0.536056697 0.793804884 0.229843348 0.458549023
    0.91137588 0.328065217 0.0733139217 0.852692962 0.0417097509
    0.963924825 0.86412257 0.557068586 0.299200118 0.710276842
    0.413449347 0.127259076 0.718601644 0.673892438 0.993554711
    0.787818313 0.213759303 0.153531641 0.117160797 0.682754636
    0.696785569 0.36477384 0.965661407 0.0552406907 0.0342654884
    0.148420483 0.23587054 0.733728528 0.187290758 0.323183477
    0.272147536 0.728678167 0.8569839 0.881876528 0.411047965
    0.780778527 0.183763325 0.347169906 0.852656245 0.661482334
    0.732196093 0.798800588 0.243242741 0.900796413 0.0545220077
    0.837878823 0.826947749 0.329431623 0.0916937888 0.488826066
    0.219396323 0.308569908 0.0888124108 0.176620036 0.674307287
    0.0730989277 0.289984316 0.0683256984 0.0387095809 0.100858241
    0.674858451 0.209077209 0.571698904 0.27375856 0.875971079
    0.286602795 0.386162251 0.154891461 0.778643966 0.983535647
    0.596556544 0.78390789 0.305291414 0.859198332 0.547572672
    0.349499494 0.869823277 0.788432062 0.861804664 0.403834879
    0.874613523 0.653860152 0.0377615392 0.206174999 0.850102544
    0.836094499 0.574724436 0.278252065 0.262864232 0.404009402
    0.0981191695 0.315932274 0.500021935 0.0437862575 0.380916923
    0.913314939 0.460010082 0.53730911 0.115786374 0.653126597
    0.727438629 0.430565029 0.654085636 0.298082769 0.291172951
    0.752186537 0.147383809 0.00709933043 0.643434703 0.640833616
    0.267042875 0.106438667 0.964453697 0.229251832 0.481858641
    0.970623612 0.475262791 0.328976959 0.686866224 0.817891479
    0.996923983 0.901038349 0.0575353205 0.720493019 0.152156681
    0.794620693 0.978822529 0.141575396 0.098647207 0.686024785
    0.671372533 0.0293789208 0.68039608 0.124077559 0.232739151
    0.901017427 0.679026365 0.218509704 0.0959257185 0.486610413
    0.612420082 0.738752544 0.532418311 0.896725833 0.860965848
    0.33089304 0.239024192 0.930361748 0.904085755 0.746335685
    0.0798517764 0.942830622 0.82600975 0.809283614 0.926886797
    0.996032596 0.257496417 0.783213735 0.0359523296 0.411340803
    0.504235625 0.838594556 0.351394683 0.363597661 0.0961744785
    0.764368653 0.138849467 0.474262267 0.347896099 0.857742667
    0.398706734 0.685539842 0.446337223 0.411198497 0.503741682
    0.601655543 0.515798032 0.129420459 0.0741219819 0.291179538
    0.0474384427 0.104121029 0.884670019 0.306067705 0.370312095
    0.172278434 0.644477189 0.291405469 0.723186851 0.489710569
    0.164993554 0.480627596 0.785827398 0.122433394 0.609567165
    0.777905405 0.37825042 0.523167312 0.464595228 0.235570878
    0.147131294 0.832520545 0.521538794 0.0245878398 0.953731954
    0.445744753 0.358109832 0.0154002905 0.4712255 0.763173163
    0.443154007 0.172877878 0.54514724 0.599592865 0.330163538
    0.547717571 0.461330175 0.406779587 0.100781411 0.990112066
    0.246791631 0.611137927 0.459469289 0.753371954 0.198300809
    0.86166662 0.771481276 0.465316296 0.817545652 0.452618152
    0.0127142966 0.738278151 0.321509719 0.569800138 0.4340505
    0.120118469 0.393758714 0.990099549 0.47729525 0.672534525
    0.309744775 0.433109879 0.95905757 0.887373447 0.719274879
    0.989953518 0.403049141 0.613304496 0.287098974 0.107679039
    0.158723652 0.566043139 0.091892004 0.675681055 0.578885138
    0.39800331 0.730413437 0.595260203 0.441946596 0.184734046
    0.331380963 0.569039762 0.537093401 0.53615725 0.770990252
    0.437179446 0.609792054 0.633107245 0.0995554328 0.284938097
    0.79096961 0.700651467 0.273220658 0.246403486 0.511080682
    0.519181132 0.304101348 0.377311319 0.95595324 0.740309656
    0.812491894 0.792084217 0.030084759 0.391706914 0.897198677
    0.0392847061 0.560424507 0.308898717 0.697038293 0.483234525
    0.49666968 0.594554543 0.758185625 0.962921321 0.0930029154
    0.375474095 0.637671709 0.42234534 0.610856533 0.747894883
    0.829239726 0.00226023793 0.274802804 0.996719003 0.829966664
    0.732224345 0.626425505 0.818697333 0.198737413 0.783472657
    0.425535262 0.89379251 0.498590022 0.814004302 0.887744784
    0.553233206 0.383189201 0.909353733 0.738363743 0.118460506
    0.0056219399 0.414791226 0.257735401 0.324796557 0.515252709
    0.249897122 0.617668629 0.761518598 0.167492718 0.329232812
    0.261680663 0.0954117477 0.733010888 0.522563696 0.61461252
    0.0926410854 0.526471198 0.89995873 0.0993096828 0.122675031
    0.823884666 0.519502997 0.675585687 0.0968104601 0.0724633336
    0.789430976 0.94314909 0.501057029 0.40977335 0.352346212
    0.744392872 0.918842673 0.479718804 0.0416663885 0.983772159
    0.045291692 0.0608866513 0.424660325 0.237064391 0.316427946
    0.14428854 0.0340169668 0.664168537 0.602614999 0.426401377
    0.908437371 0.944760978 0.865429878 0.194971025 0.33920306
    0.853266358 0.562149465 0.42322582 0.188464314 0.0570324659
    0.717192173 0.432595491 0.492357761 0.245753407 0.886239707
    0.787084222 0.728062034 0.197570235 0.549376547 0.921775401
    0.898269475 0.197138369 0.933573961 0.519763172 0.97130692
    0.206097692 0.339191318 0.783717632 0.852081895 0.376671433
    0.291938901 0.586500227 0.191112101 0.628000855 0.429322481
    0.892350435 0.39861396 0.0211452842 0.309510887 0.200227141
    0.135534853 0.129175842 0.0810190141 0.434674829 0.606980562
    0.684472382 0.113275141 0.1293616 0.295015693 0.683414578
    0.654267788 0.619063854 0.882051349 0.590066612 0.625121176
    0.612579525 0.0319852531 0.525943339 0.811968386 0.474779725
    0.581141353 0.765022874 0.715582967 0.578422606 0.750949919
    0.338090241 0.458279908 0.625680685 0.142938197 0.572186708
    0.0925223529 0.287855983 0.189077049 0.636589289 0.675509632
    0.386209726 0.476163685 0.126288444 0.836038589 0.797728777
    0.244549721 0.378783762 0.122961938 0.761706829 0.686819375
    0.862943828 0.198969722 0.350591749 0.408925086 0.0226852
    0.166199118 0.387950778 0.312026441 0.809027433 0.220320284
    0.593576908 0.421624631 0.836348951 0.0906350315 0.471886277
    0.722215414 0.231941462 0.206403285 0.334471941 0.0700848699
    0.802637339 0.0849358141 0.0417284369 0.992984891 0.981140971
    0.906154811 0.391960144 0.151347369 0.861203134 0.381351292
    0.5531317 0.308382571 0.674557328 0.117687374 0.563227415
    0.252726793 0.948882341 0.0257075727 0.328602731 0.390599579
    0.909738064 0.0527631044 0.332168698 0.393286139 0.756926179
    0.905095637 0.173720896 0.961652637 0.648876786 0.703271568
    0.174172312 0.577524662 0.697065055 0.828175008 0.409418225
    0.803898931 0.160141438 0.443133146 0.622873783 0.430658877
    0.163776338 0.169191539 0.408960879 0.835720539 0.461404473
    0.660097778 0.526389658 0.817485929 0.474902838 0.500409782
    0.758469582 0.492636919 0.978691459 0.483208001 0.889079392
    0.230113596 0.919309795 0.797583044 0.295886159 0.263477862
    0.0922805369 0.211549997 0.694818735 0.953972638 0.0456637144
    0.824450731 0.491606444 0.86930722 0.0116924345 0.931599259
    0.250640988 0.252515942 0.651010036 0.556421816 0.150024444
    0.519976676 0.464917153 0.730599344 0.00193846226 0.695051432
    0.430111557 0.632117093 0.679999769 0.50694561 0.00933727622
    0.0849784911 0.861771107 0.134384185 0.21038866 0.218122065
    0.675692976 0.677195549 0.989827156 0.0729831159 0.833278656
    0.221057504 0.90847379 0.27586782 0.626783371 0.237304121
    0.0155427158 0.340591162 0.695083261 0.433134913 0.840952396
    0.92123878 0.414125174 0.285266042 0.901726127 0.0901279151
    0.457989663 0.946057558 0.155492842 0.743869781 0.714481175
    0.00874441862 0.787596941 0.866574883 0.385223746 0.718859255
    0.739598215 0.533762991 0.014993012 0.818726838 0.834496975
    0.0246840119 0.281297654 0.508252561 0.799575567 0.23644042
    0.110590488 0.0457355082 0.941958845 0.927679539 0.632797837
    0.72837913 0.0634458959 0.804989934 0.740345299 0.157161176
    0.43268472 0.400605172 0.587049305 0.565210998 0.936576486
    0.608791769 0.321639538 0.423687637 0.431469649 0.0474571586
    0.564163029 0.931293428 0.413476884 0.220269591 0.440952063
    0.407768428 0.998823047 0.899403811 0.0805737972 0.877312303
    0.219688654 0.487807363 0.0727965534 0.00980660319 0.0928328931
    0.94540894 0.276642978 0.432742119 0.931104064 0.701616883
    0.0194979906 0.301957995 0.928663969 0.281448543 0.530607939
    0.73431778 0.200942844 0.0295056105 0.721215248 0.506432593
    0.488066107 0.567408681 0.0107530653 0.505039692 0.73465097
    0.620352626 0.280234516 0.316510201 0.609127343 0.251785398
    0.349503815 0.0484929681 0.120851159 0.279296577 0.610568047
    0.107622087 0.5534091 0.763187766 0.128839135 0.0284409523
    0.386966974 0.363618106 0.604931056 0.201327145 0.518085361
    0.458656996 0.545588553 0.508616388 0.526089251 0.134570897
    0.173650175 0.0677756667 0.540742457 0.21612528 0.47060293
    0.723948061 0.617196083 0.238657176 0.520517766 0.764994025
    0.911514759 0.272256255 0.810188055 0.244163305 0.986841202
    0.514883876 0.0757561326 0.549148321 0.66634047 0.971181571
    0.727844238 0.0817881227 0.0161775351 0.0332637727 0.256490886
    0.633357763 0.316155672 0.740972877 0.382040411 0.816527188
    0.849970818 0.463918507 0.309596807 0.673949659 0.178575486
    0.0840713382 0.420404971 0.998865485 0.420376658 0.727172256
    0.446957856 0.519152701 0.560314059 0.814157844 0.415934682
    0.0658425093 0.142588913 0.850885093 0.365383893 0.715984344
    0.597685575 0.657727957 0.433518499 0.478467584 0.0595690608
    0.837098002 0.24241063 0.734664321 0.376950711 0.121169925
    0.486338794 0.727031589 0.526595891 0.625190735 0.748956501
    0.240691394 0.428719997 0.210296512 0.886628032 0.409856141
    0.619924068 0.471585661 0.502398312 0.808379412 0.259366989
    0.761265874 0.431898117 0.647173226 0.0898614824 0.900135577
    0.165103227 0.260449827 0.407840848 0.938369393 0.293106079
    0.00150969625 0.216666579 0.663048267 0.559201896 0.950526476
    0.440652966 0.938354492 0.38805759 0.584530056 0.43295747
    0.372168243 0.96424824 0.203927755 0.0272839069 0.588117182
    0.71839571 0.400034875 0.0516692102 0.483391196 0.0342762768
    0.197739691 0.604871988 0.209040791 0.368611455 0.838589966
    0.914704204 0.710970879 0.821715772 0.0298309624 0.148110211
    0.233070552 0.0615082383 0.634011209 0.439960569 0.874092817
    0.159669042 0.389919341 0.349255741 0.106152236 0.69465518
    0.0906287134 0.663062215 0.165231138 0.572509825 0.655878246
    0.637607694 0.584827662 0.752563536 0.656691432 0.525372148
    0.467284203 0.746714592 0.0720527172 0.7282722 0.682437181
    0.881123066 0.480724931 0.365606189 0.950501144 0.0827105045
    0.282336682 0.269201785 0.680900872 0.356718302 0.0199530423
    0.156204104 0.879932821 0.669325113 0.503638148 0.853655338
    0.71541667 0.575305998 0.134399712 0.585106194 0.660386503
    0.0757520497 0.124984324 0.158595622 0.363295734 0.212683737
    0.560172081 0.384154677 0.834639609 0.239080131 0.160843343
    0.328106701 0.618000448 0.287160516 0.913770795 0.476501018
    0.171494722 0.627024651 0.50089252 0.138810158 0.102983057
    0.940187454 0.227503777 0.945481062 0.00523775816 0.793765306
    0.369306266 0.706415176 0.652888179 0.0277238786 0.962469697
    0.0725247562 0.542863131 0.667641163 0.74708426 0.489719003
    0.558048546 0.690255523 0.0587981343 0.186729372 0.48085466
    0.605117321 0.387367606 0.38264361 0.781645775 0.387189031
    0.394233435 0.904491365 0.662094474 0.384639561 0.139309675
    0.86330843 0.900217712 0.174669147 0.318312168 0.157990128
    0.133921295 0.900298119 0.60559696 0.299551129 0.812800765
    0.485226184 0.538847029 0.176018715 0.723385513 0.19226402
    0.33704263 0.00895595551 0.686420679 0.510361195 0.620466471
    0.198198348 0.0379477739 0.0406316817 0.0752722919 0.520006299
    0.848444462 0.782284379 0.951036811 0.709930122 0.337121248
    0.0117155313 0.14913857 0.295398891 0.40350616 0.752353191
    0.929872394 0.933165908 0.667792976 0.290223837 0.525771737
    0.632983983 0.999956608 0.765549958 0.876799107 0.643773139
    0.961235285 0.855239153 0.333949268 0.542840123 0.64712435
    0.676846862 0.114352852 0.522269905 0.30194062 0.237359494
    0.93819803 0.776981473 0.330086589 0.879358411 0.125128418
    0.129195929 0.0898422301 0.815784156 0.71113348 0.587818861
    0.117345095 0.545028329 0.664014816 0.673018575 0.562617421
    0.438623786 0.157286406 0.874277234 0.0332146287 0.694712281
    0.742936254 0.946899295 0.684515655 0.445032299 0.200336993
    0.604908407 0.197369337 0.391553551 0.0640235245 0.744878471
    0.697885036 0.201131999 0.767200649 0.970602393 0.844186902
    0.521285594 0.028975755 0.0679737628 0.407070398 0.331060618
    0.304297656 0.741073608 0.340413094 0.133716375 0.750757515
    0.487941891 0.522372365 0.779674351 0.956812084 0.838159204
    0.527858853 0.842240453 0.696515203 0.837545395 0.407884479
    0.470943332 0.041759789 0.668748617 0.279573679 0.863685012
    0.500601351 0.694909453 0.0870256722 0.918831825 0.0244240165
    0.855306447 0.153210849 0.129352242 0.459094524 0.713549316
    0.5238024 0.0496019721 0.589929819 0.925873399 0.669240355
    0.811976433 0.860046566 0.404362887 0.189985186 0.109421998
    0.195860595 0.409698009 0.204178095 0.764831305 0.000580191612
    0.124581009 0.695643723 0.607248247 0.17370382 0.857136726
    0.658419132 0.797179699 0.25849548 0.123183131 0.0515131056
    0.556487978 0.712354541 0.221946627 0.738450944 0.483284622
    0.831166863 0.401613176 0.435030133 0.679757833 0.76979053
    0.694827557 0.958478451 0.261903882 0.833450794 0.426166087
    0.86309284 0.441814184 0.935781717 0.558448076 0.361317396
    0.494073927 0.55460161 0.333220512 0.545126557 0.320013463
    0.420585722 0.482063174 0.296461642 0.249682575 0.54710722
    0.273162067 0.461568385 0.663502872 0.0994032025 0.718682289
    0.93161571 0.306142509 0.583359957 0.228091627 0.299942344
    0.480123788 0.369491637 0.846724808 0.164474338 0.698375702
    0.799250901 0.777120948 0.228910118 0.145657003 0.197427899
    0.0982933044 0.948425055 0.854970574 0.671443701 0.289115667
    0.785235882 0.404880166 0.140171289 0.408401757 0.936546683
    0.407978714 0.787467957 0.00727072358 0.919104755 0.153515607
    0.466620028 0.960587382 0.949598193 0.0567708015 0.922381639
    0.322160423 0.365215838 0.354949653 0.5612818 0.738207281 0.93902415
    0.884460807 0.960355163 0.500801504 0.916356921 0.247126371
    0.512397528 0.0690469444 0.489128977 0.102582067 0.730802953
    0.0445133746 0.71172893 0.22981602 0.42678681 0.412564158
    0.671001434 0.358712554 0.10343048 0.710596323 0.298717558
    0.674643993 0.549227178 0.311651587 0.174135327 0.379189283
    0.0583584905 0.79244715 0.484242022 0.0382969379 0.244150311
    0.594221056 0.221421838 0.46350345 0.59441632 0.136430889
    0.0906628072 0.235640019 0.0977995694 0.918792129 0.158911288
    0.146805525 0.531801939 0.263040781 0.752295136 0.348535925
    0.16599983 0.200123012 0.764272392 0.813207388 0.210738599
    0.745506048 0.716757178 0.711108744 0.129406005 0.855252504
    0.657711864 0.679866433 0.39585796 0.965822041 0.533516943
    0.664820433 0.385433793 0.294426978 0.187403053 0.750338435
    0.295039326 0.824349105 0.721716046 0.805545688 0.957205176
    0.480881184 0.475905329 0.398994088 0.322303236 0.725500584
    0.0505848229 0.426015049 0.583437264 0.729569733 0.531770706
    0.749376416 0.194644123 0.0858131647 0.55863893 0.276005864
    0.378586262 0.0764680207 0.3228302 0.762795985 0.0606825054
    0.376923233 0.0188808441 0.40841198 0.586008847 0.594475091
    0.331154048 0.335602164 0.639819741 0.514892817 0.364513069
    0.0633080006 0.132193178 0.694871306 0.232312799 0.881961048
    0.396331668 0.181958556 0.561230123 0.714584589 0.760030508
    0.646069169 0.140396535 0.00834324956 0.87575078 0.359784305
    0.851605177 0.526869059 0.672969222 0.111220598 0.84391588
    0.735963106 0.578620493 0.666450977 0.698646307 0.471802622
    0.767961621 0.553754151 0.303486973 0.191030204 0.599244237
    0.745990872 0.691672564 0.49668318 0.727791369 0.998725176
    0.492970675 0.583495438 0.457612544 0.433519483 0.429124117
    0.794894457 0.859070063 0.757177591 0.547216892 0.0852135122
    0.20521906 0.323145539 0.810770988 0.774557471 0.39310354
    0.860083818 0.722331285 0.196703374 0.348244339 0.950062156
    0.364450276 0.147606999 0.242142528 0.247398973 0.855953932
    0.920484185 0.815041184 0.272132039 0.83035332 0.969782472
    0.822565436 0.740187168 0.734474659 0.557359576 0.0421565473
    0.753308475 0.0923330188 0.280096412 0.499453694 0.955622375
    0.0987546444 0.691855431 0.311107188 0.508322418 0.865414023
    0.0299592018 0.821721435 0.861631215 0.633119464 0.286486477
    0.798827291 0.281809866 0.690839291 0.410672069 0.862159967
    0.857968211 0.531093478 0.885749876 0.608229339 0.327468902
    0.25273779 0.40271166 0.321820974 0.419225574 0.38542524 0.980534315
    0.834261656 0.448142231 0.172954559 0.697425783 0.150419831
    0.264049172 0.00122201443 0.000653624535 0.0693529248 0.648348927
    0.263731539 0.694379807 0.0965128541 0.101252377 0.0786477923
    0.516604602 0.909825027 0.616969585 0.277771503 0.68796593
    0.928448439 0.096883744 0.324015439 0.257267326 0.704122066
    0.59446764 0.373938501 0.0798786879 0.797976375 0.333527386
    0.5140661 0.785947561 0.508167863 0.0136524737 0.124595821
    0.330338299 0.0345827639 0.235393345 0.509958625 0.190263242
    0.470683903 0.704818726 0.417260855 0.22887373 0.0288746059
    0.205780894 0.222538739 0.773254871 0.396551579 0.0410295427
    0.581177711 0.927859664 0.973783851 0.556998849 0.947321177
    0.899409831 0.219094217 0.266039312 0.259183586 0.206125855
    0.732827961 0.366890371 0.23897776 0.171848714 0.740891576
    0.385794938 0.609355748 0.172820777 0.651504457 0.363670051
    0.16399309 0.734341621 0.285099864 0.920550525 0.177576602
    0.228387475 0.712000012 0.940802753 0.998896837 0.859060466
    0.11821419 0.86285466 0.715078831 0.854447126 0.88616699 0.723245382
    0.54831636 0.707961082 0.737159073 0.515958488 0.297914147
    0.472135514 0.101686805 0.746962249 0.911840796 0.260926932
    0.754141748 0.790286958 0.701365829 0.696279168 0.698074818
    0.888938844 0.889459193 0.574381709 0.816763878 0.581975222
    0.0934665799 0.247562736 0.70292908 0.289137959 0.781415224
    0.831047535 0.436476052 0.982649386 0.0228561163 0.365728557
    0.173939764 0.888320684 0.864436507 0.799471855 0.0493535697
    0.994505346 0.539296865 0.526919723 0.743491352 0.548876703
    0.248565644 0.162676364 0.718846321 0.550582349 0.903029561
    0.360475659 0.0613755882 0.440828621 0.706731439 0.423346698
    0.777038574 0.0982851982 0.625564158 0.365414083 0.0318689644
    0.936428666 0.668559015 0.756011009 0.50728327 0.461016387
    0.519450307 0.833924472 0.213553935 0.501293242 0.416330814
    0.586651921 0.740924597 0.658360124 0.674030066 0.447031736
    0.797266662 0.641597986 0.157880008 0.301405728 0.998169184
    0.567111969 0.348507166 0.669110119 0.0878364742 0.396611422
    0.123167515 0.797470093 0.58298403 0.212768435 0.861459017
    0.803376257 0.7435534 0.359080255 0.438177705 0.0969935358
    0.571542203 0.119428992 0.506718993 0.373820901 0.345718741
    0.056428194 0.861181498 0.828655958 0.947946429 0.995180845
    0.852205753 0.160073578 0.652288675 0.301160395 0.369186938
    0.00944578648 0.838031411 0.96212399 0.534171522 0.132185757
    0.415505826 0.857175946 0.204632342 0.497697711 0.738293529
    0.127461821 0.987352371 0.195684791 0.800783992 0.151638508
    0.289091945 0.37100178 0.0448054075 0.353276968 0.167318583
    0.464596838 0.0610248446 0.60055387 0.0278574526 0.24735567
    0.975797415 0.251817435 0.00538682938 0.896603465 0.898438931
    0.178220063 0.591086864 0.86570245 0.302934915 0.175667405
    0.806783319 0.88358134 0.118015289 0.720377088 0.376883596
    0.303455651 0.598942459 0.14289099 0.776903629 0.941844225
    0.853745878 0.248957068 0.724391878 0.128070235 0.583928466
    0.768805623 0.869936585 0.0414915681 0.136139423 0.886660933
    0.807245672 0.78785336 0.620137513 0.605039537 0.488132328
    0.357802868 0.586764872 0.258305579 0.717275143 0.809361696
    0.909402072 0.53062427 0.759049773 0.343947887 0.752667964
    0.986080229 0.623407066 0.309746891 0.783105731 0.821433783
    0.589838088 0.037587285 0.875961185 0.52719301 0.974001229
    0.883620441 0.768924952 0.865695298 0.793074369 0.417173892
    0.937679887 0.947342277 0.44020313 0.16907087 0.946520805
    0.868779659 0.327237785 0.995186031 0.335680544 0.673629582
    0.0806763768 0.664055109 0.878902078 0.568708181 0.124796301
    0.506192267 0.690955162 0.0881023109 0.795841753 0.29081133
    0.834513307 0.83836937 0.344578803 0.908513546 0.818702579
    0.595298588 0.921255589 0.00585353374 0.171523094 0.00097861886
    0.422373831 0.925994754 0.812166274 0.395728767 0.529479027
    0.690267146 0.857148945 0.30869472 0.708862185 0.346437395
    0.570032477 0.170810819 0.00183773041 0.48784247 0.126162589
    0.394206822 0.521714747 0.497121334 0.344360918 0.42869848
    0.592323124 0.466544539 0.764134169 0.147521675 0.880385876
    0.916897357 0.954275489 0.341182411 0.299559116 0.978389144
    0.230273545 0.574304998 0.357199192 0.23005867 0.537720203
    0.110110521 0.862963021 0.699631572 0.27162993 0.226646572
    0.912106574 0.732724488 0.873488724 0.299678057 0.679130554
    0.906442463 0.828014791 0.687580347 0.617325604 0.887592196
    0.614260495 0.637443483 0.577156484 0.535678029 0.429305643
    0.580539644 0.181078732 0.236630559 0.705779672 0.653600693
    0.657949984 0.0302223861 0.556206763 0.794306099 0.118616968
    0.84120965 0.670952082 0.573765159 0.0137068331 0.397612154
    0.788899541 0.0661472678 0.358373046 0.189288497 0.994075596
    0.169307321 0.217713743 0.904563189 0.855572343 0.270958751
    0.494020849 0.764113009 0.398205429 0.296210051 0.603175163
    0.0347818434 0.834333539 0.446114749 0.127687752 0.0998997092
    0.568100214 0.374770343 0.720065892 0.547224343 0.395526201
    0.0306807756 0.840165079 0.373887181 0.674014509 0.451421916
    0.50442785 0.857051849 0.928068101 0.0546369553 0.796464443
    0.989444375 0.346099675 0.246158153 0.500277579 0.988114715
    0.457014203 0.758240461 0.412131906 0.269686878 0.244614094
    0.189247549 0.749534845 0.0893454552 0.874878168 0.0217790008
    0.247454971 0.691756248 0.258944005 0.703900158 0.398743153
    0.977075696 0.0152425468 0.755957246 0.686821163 0.378369212
    0.518530428 0.16551283 0.430392563 0.635259748 0.382907271
    0.938537598 0.0653649867 0.509941101 0.228855968 0.119820893
    0.662923098 0.86025703 0.975582242 0.0205098689 0.761457682
    0.961436927 0.470221281 0.575178027 0.654832006 0.0964454412
    0.113869458 0.85355413 0.507203281 0.544957519 0.00716269016
    0.930219829 0.04364416 0.780393064 0.174496531 0.925486743
    0.844999433 0.949566126 0.369150043 0.126476079 0.83130908
    0.625740409 0.242121398 0.601314127 0.705637753 0.759972811
    0.410027862 0.451332062 0.771969438 0.855221868 0.890732884
    0.639819264 0.886669159 0.282125592 0.760146856 0.248104364
    0.9104532 0.74086833 0.295168936 0.564607561 0.628312469 0.667953849
    0.192228884 0.0496203899 0.384655535 0.902178288 0.181998909
    0.196463555 0.828623533 0.151346713 0.682119668 0.783587813
    0.687026143 0.0969992876 0.677119076 0.873953104 0.279489279
    0.546227336 0.732928693 0.785024107 0.484477878 0.833564758
    0.0027974546 0.943224669 0.428129077 0.984506607 0.25970161
    0.534768939 0.622908771 0.626047254 0.957334995 0.990121603
    0.785717249 0.947665691 0.219344318 0.474583596 0.930547357
    0.840597868 0.0119750798 0.257152766 0.807614088 0.0489990413
    0.188164532 0.274112642 0.614667952 0.5785743 0.290918827 0.63362366
    0.586191297 0.00554898381 0.647129655 0.796988606 0.911886632
    0.898018479 0.521700859 0.994898081 0.948983431 0.866458833
    0.94004637 0.494563818 0.817628443 0.828237057 0.498419076
    0.225714773 0.0503788888 0.16404596 0.327352285 0.384224892
    0.135438621 0.519100964 0.822978258 0.239421606 0.767899036
    0.191114038 0.910965502 0.5487957 0.827642083 0.189377576 0.25115782
    0.152706683 0.448102117 0.0226394236 0.589333832 0.492014796
    0.830183923 0.639103174 0.437004507 0.670474887 0.641122699
    0.0608936846 0.705026507 0.530178845 0.757380486 0.983406186
    0.292757928 0.241488457 0.476087093 0.207912326 0.614118576
    0.554724276 0.533454299 0.274946928 0.250250161 0.826387703
    0.111254156 0.454182088 0.747990251 0.364070117 0.848979235
    0.409361482 0.859211683 0.385884374 0.436373472 0.121327996
    0.980352759 0.918525338 0.976504326 0.159107536 0.078727603
    0.963007808 0.711598039 0.7709952 0.190805852 0.00560110807
    0.948345721 0.417526245 0.0163184106 0.635073543 0.675437689
    0.193770707 0.249549299 0.10431397 0.365956306 0.0782936215
    0.929210544 0.812073112 0.636550903 0.885946155 0.1059331
    0.381295383 0.47509104 0.0415228903 0.325238198 0.452063322
    0.794000506 0.514011681 0.0460074842 0.00387775898 0.895726085
    0.6074512 0.130194038 0.00754877925 0.235767454 0.42623508
    0.644662857 0.039788574 0.200519592 0.415304065 0.629883826
    0.644363046 0.599922359 0.644876599 0.178854734 0.478821456
    0.267928272 0.0888187885 0.781686664 0.777572036 0.178445727
    0.209777832 0.228447348 0.492697418 0.9042238 0.711122036
    0.765358448 0.00900089741 0.945988655 0.583615124 0.270716369
    0.255191624 0.146608055 0.94785589 0.375261128 0.775428891
    0.686181486 0.00857028365 0.684405684 0.796807766 0.139861315
    0.0279857814 0.653847456 0.145139247 0.303098053 0.141434461
    0.798410654 0.807731748 0.827254891 0.995272875 0.97867465
    0.30344671 0.861403644 0.894574285 0.475041181 0.721199811
    0.900973916 0.580763042 0.0838323236 0.339125782 0.302363336
    0.683176517 0.847621441 0.978186429 0.993698955 0.166452229
    0.755101204 0.276018023 0.0805122256 0.344792545 0.905321777
    0.764018178 0.918783247 0.7011711 0.048209399 0.085562706
    0.404529899 0.683647633 0.105859399 0.111762881 0.912445664
    0.550135851 0.705923676 0.0507470965 0.0573095083 0.633224905
    0.912715554 0.57114774 0.141654879 0.490196198 0.721607149
    0.046005249 0.828484237 0.808216333 0.948697388 0.612897992
    0.906088412 0.566997647 0.92959857 0.643874645 0.292020261
    0.734206617 0.459531337 0.90269649 0.78143692 0.952584624 0.51420188
    0.490936488 0.397117734 0.641695976 0.985830545 0.386101574
    0.831654668 0.703077078 0.443354219 0.363437653 0.518764675
    0.389964402 0.886163592 0.246854693 0.869400024 0.929219961
    0.698135972 0.701943278 0.767892241 0.44828853 0.277607918
    0.913333416 0.663127184 0.762254655 0.643039465 0.902941167
    0.649651408 0.126802027 0.280484021 0.159544438 0.770810127
    0.449041575 0.975821853 0.478903651 0.125951499 0.492551059
    0.627804935 0.877063394 0.292424917 0.251941264 0.710407436
    0.904392242 0.475515932 0.631062984 0.165984601 0.970098853
    0.313394308 0.174722373 0.496432841 0.163839012 0.0148903728
    0.113868415 0.713259161 0.847387552 0.951228976 0.508385956
    0.221065462 0.467653781 0.696600914 0.526904404 0.779034257
    0.933478773 0.960398972 0.0850789845 0.881275773 0.595151305
    0.906464458 0.961397171 0.701254547 0.100546807 0.793371081
    0.556213558 0.187941074 0.160502791 0.767903209 0.477883339
    0.119022608 0.154388696 0.851241112 0.505657315 0.533838332
    0.18544066 0.171040148 0.743909419 0.75559634 0.750339866
    0.761601686 0.696392417 0.780627489 0.817502916 0.195337296
    0.976658523 0.25479731 0.828797936 0.97459358 0.934143424
    0.922472239 0.897909284 0.713030934 0.833769321 0.0968572497
    0.745833516 0.826877356 0.972793937 0.360266805 0.219065815
    0.850972891 0.0109139085 0.970965147 0.85359776 0.799161911
    0.619492829 0.215192467 0.497629642 0.741400123 0.665632725
    0.644672632 0.0938019156 0.393131077 0.834364533 0.0387296677
    0.164773911 0.678901076 0.378044009 0.516921401 0.281783253
    0.0119313002 0.213474333 0.118608385 0.772930264 0.0168125927
    0.385961235 0.996268988 0.188489318 0.846399128 0.742307484
    0.0183561742 0.854619682 0.303472221 0.836494207 0.269567639
    0.653497934 0.0302073956 0.67425251 0.232745677 0.940951705
    0.598454893 0.0462915897 0.0821876526 0.65567261 0.381245911
    0.101716846 0.603141963 0.897926033 0.915793836 0.633247614
    0.0517440438 0.486728251 0.600737572 0.650691271 0.400579214
    0.57081145 0.172615856 0.500335515 0.316949338 0.989582181
    0.464918554 0.184393913 0.851495385 0.937335074 0.638667822
    0.158708304 0.140308797 0.545087695 0.606328607 0.275774419
    0.0629252493 0.80792141 0.810679793 0.0463289618 0.0833933353
    0.39066118 0.905465305 0.0109735131 0.782190979 0.0807113647
    0.205628127 0.0542859435 0.617145538 0.95337373 0.611683547
    0.141802132 0.661532462 0.371497065 0.513368905 0.222081184
    0.756632447 0.967096746 0.800446868 0.650634766 0.561904848
    0.540473998 0.880206525 0.739799321 0.110047877 0.00846776366
    0.943017125 0.14933303 0.584405422 0.824207067 0.0538724959
    0.037587285 0.781520844 0.58871603 0.107272297 0.402577162
    0.641183376 0.404715359 0.251618445 0.154862046 0.154299289
    0.447595417 0.680124521 0.657389998 0.320757717 0.522740245
    0.171186179 0.61231339 0.433306038 0.391616732 0.783026695
    0.450833291 0.628889978 0.388159096 0.926747262 0.189368755
    0.853808641 0.214343965 0.0358700752 0.648033738 0.982375145
    0.996890068 0.567659378 0.658778787 0.775478244 0.888512731
    0.500833511 0.960635185 0.530340016 0.317765445 0.135026425
    0.262973964 0.287560523 0.276706219 0.504352093 0.709169865
    0.429407001 0.650276542 0.971784174 0.84706068 0.306007922
    0.923491538 0.642555237 0.758812547 0.383742929 0.905269206
    0.231176466 0.196483165 0.460812539 0.106249928 0.778119445
    0.49451822 0.820182562 0.887364566 0.143036038 0.237879604
    0.686532557 0.365742713 0.289251328 0.915896416 0.408739626
    0.480461478 0.706224799 0.514067769 0.351507157 0.370985836
    0.626068413 0.579849899 0.690199077 0.231971443 0.479727745
    0.0937170386 0.0690040886 0.781943679 0.398017406 0.0626060367
    0.0294801891 0.408176512 0.525052428 0.678244531 0.446219206
    0.542638779 0.952742457 0.365880311 0.356779218 0.737800479
    0.922994018 0.20909965 0.672196448 0.420987606 0.784590125
    0.825802088 0.00547561049 0.230520606 0.560430348 0.728679538
    0.952582121 0.702243447 0.743266582 0.488427579 0.245974094
    0.396885604 0.86501646 0.826074481 0.146958828 0.0207380056
    0.634984672 0.740309894 0.189502895 0.15159145 0.272766948
    0.0667670965 0.186438173 0.330663264 0.945979476 0.31013 0.485313654
    0.533485293 0.90566206 0.249200016 0.768979967 0.581230283
    0.474919945 0.879024148 0.933177471 0.96201849 0.575622201
    0.312891185 0.335380971 0.970724404 0.517075479 0.0654314756
    0.364479572 0.200253636 0.857573569 0.923380971 0.748406768
    0.231306523 0.43887046 0.127205372 0.0145719349 0.00721791387
    0.366319418 0.0315338969 0.328817248 0.223694772 0.159933507
    0.199419618 0.0770154595 0.854945362 0.303505242 0.313457042
    0.588119566 0.807917297 0.784324288 0.521475375 0.830330729
    0.0348464251 0.969193935 0.356469423 0.0918688476 0.126510501
    0.612854779 0.0527801812 0.0732792914 0.636410654 0.187639177
    0.968371511 0.348797381 0.827159762 0.253582716 0.265042424
    0.310212493 0.995462894 0.900484025 0.603146136 0.611843467
    0.126972467 0.240606785 0.894744396 0.292683572 0.601427019
    0.265568435 0.459189385 0.515267849 0.968385816 0.336630076
    0.0257025659 0.240237623 0.527728438 0.622555196 0.368311793
    0.587979138 0.658563733 0.615490198 0.390681833 0.337032914
    0.360570103 0.236264169 0.820490122 0.734801888 0.958883524
    0.442634225 0.546845436 0.311034262 0.514543772 0.373162389
    0.995337129 0.547335267 0.274274588 0.129614145 0.403302968
    0.0513495505 0.612745225 0.788447857 0.225824207 0.237838417
    0.338003516 0.481498033 0.0963194966 0.664306998 0.184481412
    0.315620959 0.435214639 0.722428203 0.905850649 0.705791473
    0.995227575 0.0983961225 0.385721952 0.519487202 0.14817974
    0.11379689 0.382106364 0.305705726 0.481503695 0.496623188
    0.00742846727 0.953893363 0.186951399 0.100634158 0.309798658
    0.168995231 0.638310432 0.800534606 0.357415915 0.62129885
    0.855908453 0.906230271 0.224267542 0.535360754 0.0253027081
    0.130768836 0.948975384 0.299667329 0.547498703 0.0170134902
    0.417066932 0.948189139 0.690060675 0.0757196546 0.641026378
    0.168820322 0.271886051 0.97327733 0.257744312 0.701615751
    0.935248137 0.0966397524 0.456184506 0.231964946 0.536403596
    0.58683604 0.736045361 0.417187512 0.580576062 0.544806778
    0.857074797 0.93508184 0.283464104 0.786626101 0.989201128
    0.948869407 0.0708351731 0.551903307 0.813694119 0.191887975
    0.922159195 0.484971821 0.567409337 0.729403615 0.535374999
    0.236483395 0.559935808 0.0841801465 0.854315758 0.164694607
    0.335545123 0.367031097 0.721596003 0.137245268 0.844963968
    0.708825946 0.685373187 0.837923884 0.816424429 0.238722682
    0.709771752 0.215560466 0.510215342 0.940066576 0.97073555
    0.0697962344 0.452482164 0.983202219 0.329505026 0.291866899
    0.978385568 0.0024549365 0.342185199 0.808632314 0.664933324
    0.0695978999 0.372882456 0.142719477 0.739952803 0.913109303
    0.751401186 0.127090931 0.126747191 0.372859061 0.982238293
    0.319894552 0.47887668 0.962779939 0.624303699 0.767063677
    0.444644749 0.717624426 0.920869946 0.785229683 0.2060211 0.74343735
    0.515255749 0.466746032 0.141280025 0.38302058 0.43110618
    0.598798275 0.614426374 0.835692167 0.982380748 0.39450264
    0.183165014 0.453375608 0.688909352 0.00911024213 0.284861892
    0.774917126 0.749789536 0.943173528 0.733047187 0.407954544
    0.429247379 0.362931818 0.995563626 0.0406061709 0.695852637
    0.198858231 0.680745661 0.674583554 0.330771893 0.0434546471
    0.150419861 0.633889079 0.367972136 0.317906588 0.21528697
    0.480022192 0.0630382597 0.222737461 0.755447984 0.620407641
    0.142613441 0.854140937 0.782009602 0.0710362792 0.931719124
    0.237767696 0.816606164 0.541713655 0.750708461 0.772253811
    0.168669283 0.787794232 0.678932726 0.819153249 0.964722037
    0.1816957 0.751883864 0.248961776 0.821009874 0.191523701
    0.752736092 0.0916748941 0.228176296 0.85016489 0.00297030807
    0.679945469 0.632890582 0.93849647 0.79947263 0.613248348
    0.185377181 0.699502587 0.887597084 0.50768882 0.114449829
    0.573572278 0.980788469 0.804286718 0.089699924 0.706583142
    0.402417541 0.926269889 0.227205455 0.305735826 0.73385942
    0.809174478 0.0758185089 0.590398371 0.042827785 0.00630861521
    0.269473493 0.606330335 0.188382745 0.386528075 0.764072776
    0.309358299 0.477905899 0.239426017 0.69481051 0.870081186
    0.484366685 0.251911908 0.346102834 0.927904189 0.43352443
    0.257360756 0.719787538 0.845633149 0.10106042 0.45385468 0.36880964
    0.970162034 0.395968288 0.806381345 0.917544007 0.0612806976
    0.763638496 0.581451178 0.0371861756 0.944654822 0.946605146
    0.556609154 0.566224933 0.820950031 0.788004637 0.180637002
    0.771855116 0.112361699 0.728557229 0.616391957 0.410851955
    0.697693586 0.628631473 0.0683012903 0.577188134 0.554192066
    0.122766614 0.498710752 0.196509838 0.794009149 0.747629344
    0.989958584 0.595426917 0.425083458 0.623535454 0.622978926
    0.200397283 0.441201329 0.387273878 0.531103551 0.21799016
    0.61361438 0.43347466 0.232056737 0.55214864 0.0817913711
    0.157240719 0.586962342 0.163751245 0.443132281 0.429778516
    0.0168773234 0.982477188 0.0698980689 0.649702549 0.948414803
    0.655556083 0.485307515 0.548171818 0.67179215 0.672604442
    0.667099774 0.483980507 0.187898517 0.877220035 0.604645252
    0.46451363 0.132071048 0.984281778 0.946778893 0.941556811
    0.952209353 0.93230617 0.390842438 0.360926449 0.623681486
    0.954008639 0.894809484 0.128178 0.418296307 0.0322168469
    0.679184794 0.0860598087 0.829835832 0.871049166 0.265043855
    0.367642701 0.600332618 0.914731205 0.708883047 0.867736816
    0.879845023 0.061822474 0.875507832 0.239710152 0.958335936
    0.825373888 0.315978289 0.720348537 0.694195628 0.801346779
    0.792353034 0.566928387 0.560585558 0.848514676 0.492938787
    0.665681005 0.752446294 0.63422668 0.0821322501 0.228401303
    0.520043492 0.3516891 0.705747366 0.922002017 0.806711972
    0.919338942 0.829892993 0.49498257 0.139037251 0.200963676
    0.504995048 0.670954347 0.385511339 0.434436142 0.489296168
    0.0494019389 0.261091352 0.755757928 0.6636765 0.26227054
    0.933123589 0.586946785 0.988414049 0.49772355 0.169539362
    0.420263588 0.426983535 0.636406302 0.0664682388 0.473059982
    0.171044976 0.261853516 0.846337855 0.033282429 0.92525959
    0.084867835 0.343214333 0.702116728 0.896275878 0.951159 0.743761063
    0.0988598764 0.603362679 0.441898912 0.562860072 0.0938569605
    0.55369097 0.0674008131 0.0870393515 0.377260208 0.391919732
    0.914383888 0.895008206 0.0326764584 0.846645892 0.158961982
    0.665535629 0.1836209 0.553067446 0.0504116118 0.446894705
    0.161363274 0.930834651 0.300970137 0.435659766 0.520616114
    0.535175622 0.314889014 0.853193641 0.0365538895 0.00836339593
    0.224604636 0.477758944 0.295522004 0.877019644 0.170264959
    0.0670268536 0.726191521 0.828495026 0.432378381 0.971078038
    0.653403282 0.634251237 0.87486434 0.616631866 0.58801198
    0.299417496 0.908344388 0.893657327 0.550796866 0.960557699
    0.993158817 0.595416307 0.747511268 0.413072884 0.167265028
    0.202269495 0.727520347 0.970570207 0.52766037 0.56857121
    0.608285666 0.55501771 0.0677621067 0.126857281 0.609413087
    0.119705379 0.233429253 0.272063911 0.647554219 0.35259825
    0.21550265 0.50184834 0.302036941 0.470984131 0.515565336
    0.562894285 0.291210949 0.919713855 0.670384645 0.145782769
    0.828413963 0.764066339 0.0893781483 0.00445711613 0.0517308116
    0.517003953 0.623681307 0.751546323 0.401794493 0.117885888
    0.67318356 0.891437054 0.576847613 0.0591100752 0.947628975
    0.537175477 0.944164991 0.465766609 0.882113934 0.666217089
    0.240983576 0.348289192 0.285455674 0.65364933 0.0497376025
    0.384543121 0.131305337 0.0798179805 0.89317584 0.927554607
    0.580542922 0.130430669 0.27666676 0.890399218 0.868391752
    0.284322858 0.484849721 0.517467916 0.429687887 0.846537471
    0.334217608 0.280238926 0.0583118796 0.797532439 0.42670998
    0.829902172 0.933785677 0.416228861 0.750297844 0.807773113
    0.0154610574 0.18912077 0.0815342665 0.609770834 0.352175772
    0.516921163 0.0819104612 0.140630394 0.786603987 0.231512696
    0.942824602 0.449501038 0.714660525 0.0391783416 0.561966956
    0.0723722875 0.296460539 0.0294440687 0.617290378 0.97608459
    0.989225149 0.792253733 0.878521442 0.24411267 0.0760799944
    0.465795904 0.405047059 0.75891304 0.402084887 0.333957851
    0.304281831 0.155510753 0.921833038 0.801590681 0.6641891
    0.437546998 0.786208153 0.597481012 0.463060021 0.811761081
    0.484655052 0.987052977 0.518152595 0.0351338387 0.465534538
    0.708412588 0.147378594 0.0865691304 0.401398033 0.468048036
    0.563004971 0.528740346 0.739041805 0.804292679 0.277317256
    0.932066977 0.00547471642 0.165251076 0.757361472 0.973984599
    0.511561334 0.790712833 0.0309129357 0.252386957 0.379194677
    0.906551242 0.565635562 0.357864797 0.831296921 0.552691936
    0.672999859 0.858120322 0.115739763 0.276573658 0.238995045
    0.950940609 0.0688278377 0.929847836 0.105011672 0.667745054
    0.869668901 0.406501591 0.789659142 0.462943614 0.514465511
    0.868724942 0.909735322 0.554547131 0.275277138 0.488744974
    0.562482238 0.208010375 0.310894758 0.604645073 0.262703925
    0.393285513 0.967913866 0.375384718 0.263006687 0.425483704
    0.756550074 0.215203136 0.436350018 0.068351537 0.911072075
    0.814987421 0.98389101 0.615687907 0.589206696 0.984941244
    0.646483183 0.345725983 0.282370061 0.971053898 0.924430609
    0.6664294 0.552400529 0.610387564 0.593667507 0.588729858 0.15948379
    0.647143722 0.171725631 0.894343257 0.905031681 0.411529183
    0.994676352 0.452185124 0.575996339 0.97363621 0.991809368
    0.98708576 0.890520215 0.405354708 0.123242795 0.136676699
    0.0587982535 0.903529882 0.432419747 0.852740049 0.116991848
    0.310529411 0.154853433 0.522689223 0.20719409 0.654738009
    0.421326518 0.681784272 0.0750752091 0.738750339 0.667597413
    0.106149405 0.818161607 0.763867617 0.839027762 0.651635945
    0.922094166 0.399435103 0.695947766 0.664449096 0.598609567
    0.952327251 0.455219239 0.19416818 0.522159457 0.441530615
    0.138685852 0.332818955 0.541956306 0.496707678 0.0440864861
    0.0471066535 0.782110393 0.778462946 0.583859921 0.354970545
    0.0756563544 0.237142801 0.914305329 0.341007411 0.9568367
    0.432032794 0.391758859 0.378198385 0.749987841 0.191448361
    0.37607342 0.857316077 0.863713861 0.779184878 0.834703505
    0.389785647 0.139380991 0.643115997 0.217695981 0.455276817
    0.213938981 0.389648378 0.302510053 0.0899943411 0.144268632
    0.934020579 0.16685009 0.490662009 0.991497338 0.970289648
    0.366965473 0.541018546 0.442740858 0.0154028237 0.775012434
    0.0494447947 0.173117548 0.811876714 0.164118707 0.87330687
    0.399726987 0.291288435 0.0389486849 0.220329463 0.947700262
    0.342524052 0.813059688 0.816703677 0.75868535 0.496062756
    0.289649665 0.814538121 0.966002703 0.612535298 0.552817643
    0.0554164052 0.907142639 0.98680079 0.159820259 0.520263731
    0.972887456 0.887573123 0.358733118 0.162451833 0.554015458
    0.670727313 0.638174057 0.162590086 0.386307716 0.706226945
    0.73355943 0.731869102 0.0785489082 0.624030769 0.460248113
    0.491176695 0.980831921 0.861674011 0.750141978 0.173362404
    0.258879483 0.563172936 0.625797927 0.34552449 0.779481173
    0.0876482427 0.598775446 0.779106677 0.84187156 0.573584557
    0.329411387 0.844682693 0.0233783424 0.713699341 0.744936347
    0.234830201 0.919264436 0.280590057 0.296112478 0.433004886
    0.545424402 0.910103679 0.987489462 0.902293682 0.612980902
    0.160470158 0.374758124 0.685557485 0.414027214 0.69333303
    0.561579049 0.597761154 0.805541873 0.206940442 0.307992876
    0.0453425944 0.7390818 0.449518681 0.263067365 0.77187562
    0.218993723 0.376898497 0.112173408 0.434018046 0.338634968
    0.0706256628 0.901905298 0.0620523989 0.943544388 0.0572445989
    0.129722774 0.755056143 0.235414505 0.806216955 0.105610967
    0.727261186 0.260830939 0.625656903 0.523151875 0.878986895
    0.745659411 0.214091599 0.601852 0.158523291 0.872571349 0.556010127
    0.699126184 0.771723151 0.754872203 0.955016851 0.866353631
    0.530123293 0.238845617 0.512395322 0.232743949 0.845714331
    0.137939274 0.681869864 0.602595627 0.792927206 0.038695395
    0.417289466 0.280556589 0.144547224 0.121596009 0.172889739
    0.504711688 0.562675536 0.386759937 0.251119375 0.697470665
    0.221854359 0.551993549 0.776832342 0.478902727 0.548685014
    0.271127045 0.278766096 0.920680285 0.392481863 0.389800608
    0.374205023 0.712569356 0.780882239 0.857892156 0.482732236
    0.996089876 0.956193566 0.49720189 0.827085555 0.341289818
    0.297800839 0.151473701 0.324355185 0.476814508 0.0592767
    0.546451211 0.643433213 0.459588557 0.273177147 0.263686657
    0.2454198 0.940628946 0.500081837 0.735486567 0.611207902
    0.983653307 0.146496326 0.306101263 0.872388005 0.88454628
    0.721667409 0.152046084 0.820322394 0.82885468 0.0302733779
    0.0621242225 0.15879631 0.442502171 0.566245914 0.717168331
    0.397873878 0.373357445 0.898910522 0.837100267 0.30789876
    0.991673529 0.775242209 0.694992602 0.250141293 0.167610615
    0.626915097 0.856779277 0.600593209 0.856066167 0.230588883
    0.74353838 0.654124141 0.555054367 0.843508542 0.307898432
    0.0593517721 0.0277900398 0.591813207 0.155076712 0.0800602138
    0.970830321 0.839552343 0.572735667 0.058365494 0.0434331596
    0.533156216 0.41585499 0.380781412 0.679340005 0.373772323
    0.048843503 0.0952077508 0.370499641 0.149681807 0.52562356
    0.339753568 0.023758322 0.190244824 0.669633627 0.923333168
    0.807282031 0.439820945 0.026815474 0.131700158 0.200662106
    0.134230107 0.147068888 0.369382262 0.774298668 0.810430884
    0.686282039 0.328799009 0.331754506 0.662380159 0.14694339
    0.852777958 0.864012718 0.660428643 0.829554021 0.173700184
    0.300582588 0.65283227 0.773731291 0.796506643 0.0516441762
    0.148319542 0.841528714 0.950781405 0.692591131 0.869184196
    0.967576027 0.0189151466 0.568016708 0.765074134 0.192223877
    0.828839302 0.901839852 0.319393039 0.173858821 0.838106632
    0.351420462 0.635304809 0.0993334651 0.872396588 0.0922180116
    0.00452169776 0.0303019285 0.109131128 0.667544663 0.849726439
    0.0765172541 0.756314754 0.0295700133 0.463156313 0.326100767
    0.862881124 0.155435085 0.612868726 0.929542542 0.580969751
    0.806226373 0.288405687 0.3560673 0.115538657 0.429798305
    0.872434497 0.462135673 0.887462139 0.673590839 0.672520459
    0.247688562 0.23040849 0.958182991 0.0979493856 0.157569349
    0.286083817 0.307882786 0.61335218 0.973956048 0.827028513
    0.909558654 0.124462068 0.208840638 0.626970053 0.460416853
    0.403120637 0.100624919 0.110369146 0.6146878 0.144788235
    0.120814145 0.912151814 0.506375492 0.0437039137 0.9264732
    0.366374552 0.351221561 0.132065594 0.794607043 0.56063056
    0.983436465 0.585800171 0.950649858 0.402402043 0.511773646
    0.655563831 0.128735632 0.777691245 0.968515396 0.885638714
    0.307037324 0.920309305 0.867003024 0.394167662 0.108080119
    0.700530887 0.192024767 0.277799785 0.824343801 0.247536629
    0.47483781 0.507874072 0.996544123 0.552726388 0.769220054
    0.593097866 0.714533806 0.766261637 0.155397505 0.224550754
    0.785451055 0.768900037 0.0643181503 0.0820433795 0.952324212
    0.90048027 0.959529638 0.186886668 0.692299008 0.765225768
    0.977514148 0.690856934 0.857563972 0.988301873 0.797882199
    0.665483773 0.962245286 0.910512269 0.268153399 0.257819951
    0.105412424 0.786722362 0.274602592 0.264991462 0.23467344
    0.496390581 0.670053601 0.507681906 0.693454266 0.825321198
    0.0262495577 0.317347229 0.688013971 0.418636322 0.0080139637
    0.404678702 0.723962486 0.474337846 0.724969864 0.0112605095
    0.036385268 0.140100539 0.991889238 0.544151783 0.233442903
    0.87105453 0.601086497 0.807682395 0.80336237 0.54654187 0.126892507
    0.470798165 0.0598248541 0.698250473 0.38822037 0.683326483
    0.483017743 0.216656297 0.661048412 0.00687992573 0.130954921
    0.37643832 0.63492173 0.342517048 0.0541115999 0.989219904
    0.172200561 0.415643722 0.63855201 0.975650311 0.443916261
    0.418785006 0.54235965 0.907557726 0.0295908451 0.602664709
    0.464996189 0.165251285 0.826654553 0.193537116 0.486566395
    0.972607017 0.176358342 0.905591011 0.822340727 0.294726491
    0.520534992 0.374529302 0.086912781 0.703577757 0.542983234
    0.93037796 0.820603848 0.562287152 0.754703999 0.287260741
    0.971461773 0.106924206 0.396668524 0.407800376 0.916408241
    0.710214436 0.317996502 0.576067686 0.920488656 0.141614586
    0.933861256 0.409053743 0.0119927227 0.705120087 0.738698721
    0.9757967 0.968333364 0.316805214 0.0979931056 0.851696849
    0.908414662 0.568114638 0.441260904 0.498232335 0.650524259
    0.0248669088 0.213848978 0.541011989 0.937919378 0.48526758
    0.622493446 0.203403801 0.398971945 0.771316648 0.732030034
    0.224612236 0.0829226673 0.169233471 0.00450623035 0.732368708
    0.618042231 0.0692327023 0.494046032 0.0591271818 0.414484829
    0.314595044 0.00203862786 0.756519675 0.499104768 0.723495424
    0.696115255 0.562279344 0.709203064 0.308694333 0.80455029
    0.88953799 0.0685763061 0.371691585 0.785196662 0.130918145
    0.906682849 0.0419854522 0.00821936131 0.134065479 0.681193173
    0.599556029 0.960367143 0.600114226 0.987022519 0.465367645
    0.338905811 0.312179685 0.262987316 0.833348751 0.681599915
    0.0873696208 0.71038264 0.222991765 0.880625486 0.267858446
    0.198593259 0.113208294 0.36423865 0.458261043 0.951622486
    0.518873215 0.849648595 0.320003331 0.442680657 0.266490698
    0.466608971 0.170370698 0.37382865 0.601877928 0.659525454
    0.282190919 0.309268773 0.317265838 0.162044853 0.29105407
    0.802446008 0.516887009 0.459870696 0.583582461 0.744397461
    0.724801898 0.582245111 0.0943358541 0.651761651 0.672040224
    0.577471614 0.2327241 0.39513272 0.525581658 0.181708753 0.914255142
    0.0158500671 0.31780833 0.788557649 0.362612903 0.441437483
    0.617354333 0.54025507 0.203716218 0.835822701 0.139140576
    0.935719967 0.688301027 0.512747228 0.587538719 0.943370163
    0.45611164 0.508064628 0.876293242 0.81665206 0.971479893
    0.863246679 0.493941784 0.858858705 0.610210419 0.404565692
    0.636927366 0.847602367 0.45414719 0.579512656 0.151294291
    0.882628739 0.25913921 0.946002781 0.504548609 0.954701841
    0.517224729 0.265376806 0.509267569 0.91132015 0.10753116 0.72933358
    0.756572485 0.704174161 0.761945009 0.372372925 0.195333362
    0.567809701 0.583482504 0.797904134 0.756280124 0.266305715
    0.874457359 0.76920855 0.724318981 0.511536837 0.809910417
    0.340237975 0.435585707 0.696209192 0.236637652 0.154158384
    0.554151595 0.55582124 0.0673289299 0.869856596 0.925314665
    0.380268961 0.631269813 0.106765807 0.905834794 0.0917667747
    0.393472642 0.340309024 0.477035135 0.615480244 0.714542806
    0.479811877 0.752588749 0.838850319 0.310738266 0.647021532
    0.242358744 0.252483159 0.672894597 0.267685354 0.859479487
    0.920643985 0.555190265 0.364060342 0.87310648 0.265513122
    0.976183653 0.990532458 0.0605021417 0.981074274 0.993854403
    0.526656747 0.419397831 0.462566853 0.16756025 0.424346864
    0.639564633 0.334216118 0.76827848 0.446739763 0.177430928
    0.652670503 0.747950494 0.281568468 0.900620222 0.0199931562
    0.081518501 0.530960083 0.905389786 0.911381543 0.162047118
    0.24588421 0.69410336 0.535958946 0.506920099 0.377921939
    0.286128372 0.788639307 0.762007654 0.750336528 0.928884387
    0.656231284 0.820617676 0.171431959 0.323539555 0.872795939
    0.293858409 0.786517084 0.797354698 0.953879476 0.0766312182
    0.279344648 0.686387181 0.497439593 0.651329041 0.946760297
    0.818175793 0.328643322 0.868232191 0.898412764 0.176911324
    0.111184031 0.729778409 0.938137293 0.918084383 0.637216628
    0.667639613 0.824142635 0.863954842 0.449165046 0.252378434
    0.346320152 0.30238691 0.495450288 0.644908428 0.30060178
    0.230242938 0.104335755 0.0871085823 0.46115455 0.816045403
    0.387005031 0.465404958 0.424656659 0.219262779 0.516364157
    0.207080454 0.984748483 0.555090189 0.153062969 0.771232963
    0.255214274 0.569105148 0.418991864 0.311238915 0.54087764
    0.144749373 0.942576289 0.0583947599 0.432357788 0.888094544
    0.669500947 0.672989905 0.347481906 0.59829545 0.797069848
    0.74310869 0.882799566 0.349069297 0.623534083 0.825405359
    0.512754261 0.512582421 0.423511744 0.387949169 0.691844761
    0.359767854 0.214502186 0.0973859131 0.94378829 0.205523878
    0.529316247 0.783187747 0.406344533 0.871699095 0.920624852
    0.327440202 0.335217535 0.41874826 0.122937381 0.2704041 0.422346503
    0.963212192 0.108515978 0.499596894 0.870145142 0.97185421
    0.572815061 0.935910225 0.706156969 0.548673213 0.619133532
    0.441171646 0.850785673 0.0738002658 0.299296916 0.776735187
    0.0926733315 0.305528104 0.217572987 0.0133676529 0.238511086
    0.569342554 0.797074974 0.492916524 0.71071732 0.645597458
    0.516591668 0.576578557 0.460372925 0.746928215 0.696200311
    0.37420243 0.449518293 0.088493526 0.354853868 0.573455572
    0.492901415 0.816859126 0.993333697 0.507084489 0.688331306
    0.484735042 0.971528828 0.915238738 0.641111791 0.0134803355
    0.928109229 0.0847056806 0.37260586 0.966830969 0.205423743
    0.0288920403 0.788522601 0.760599494 0.0532827675 0.595661998
    0.946289062 0.741750956 0.138139307 0.119362175 0.612122059
    0.659287095 0.0276810527 0.0947894752 0.29893899 0.413123846
    0.980280936 0.775599301 0.0233960748 0.309853196 0.987086535
    0.205149919 0.127360553 0.0923443139 0.0168684721 0.735845625
    0.318596184 0.660967529 0.0755108893 0.647629738 0.119751871
    0.887554646 0.353273392 0.946552277 0.603132844 0.988370776
    0.326919317 0.881937146 0.133909196 0.310234487 0.751344264
    0.0514508486 0.664038479 0.739828885 0.195010424 0.339865804
    0.550299883 0.529935062 0.935314178 0.944017649 0.0725287795
    0.935477138 0.99886632 0.9906407 0.885198236 0.591697335 0.126990646
    0.0440812111 0.957242966 0.149319321 0.680008829 0.917653322
    0.923108339 0.265558839 0.605237484 0.167838752 0.316540331
    0.663109958 0.897576213 0.203690708 0.633360267 0.512281239
    0.755964935 0.412008852 0.541269541 0.397202015 0.593950927
    0.590196848 0.303366363 0.531498849 0.676050484 0.56790787
    0.911580026 0.601584792 0.671080351 0.94702518 0.0430524945
    0.157972425 0.086727798 0.506476045 0.74087435 0.126845598
    0.975834131 0.320494711 0.336529076 0.195545435 0.147459596
    0.660422921 0.331669211 0.418992668 0.938467741 0.940959215
    0.333624423 0.997201979 0.018736124 0.188442618 0.231752783
    0.71424526 0.551577449 0.664813578 0.926372826 0.396256387
    0.0779975057 0.159949094 0.263746351 0.96191591 0.52777487
    0.695847154 0.617736459 0.69720602 0.0585698783 0.20223102
    0.308586419 0.931287646 0.0591132343 0.686276078 0.508629441
    0.281012416 0.549837589 0.318620205 0.175880969 0.264468193
    0.204299539 0.08950302 0.0412961245 0.72625351 0.0125516355
    0.291010082 0.258125544 0.721373081 0.0839195549 0.178456485
    0.0474628806 0.662925959 0.858160973 0.852762401 0.715481281
    0.859095693 0.63149035 0.498823225 0.345693886 0.925706387
    0.314849436 0.67011869 0.416772574 0.238632977 0.283739924
    0.267309904 0.790148377 0.210612625 0.227684736 0.723746896
    0.350144088 0.554592967 0.927535653 0.212341756 0.139385492
    0.225118279 0.704002738 0.164316922 0.332432091 0.244515985
    0.905633569 0.280696929 0.150421679 0.68710798 0.932489574
    0.467824042 0.336956203 0.946142435 0.534744561 0.9838413
    0.899284065 0.778414845 0.457654119 0.298052967 0.176407844
    0.221167326 0.482309371 0.865677714 0.47234112 0.433812618
    0.740671158 0.425294876 0.110712469 0.803023696 0.221522778
    0.197640568 0.867975473 0.485530555 0.774463117 0.971643865
    0.71105212 0.815406322 0.380921721 0.8663131 0.0266633332
    0.623781383 0.944895029 0.996717572 0.961206555 0.580692291
    0.659105241 0.342471749 0.20128423 0.95704782 0.0986801088
    0.337108314 0.144275755 0.581415772 0.935270548 0.26124382
    0.772984743 0.768895626 0.423962593 0.458563298 0.796685815
    0.259863853 0.788263559 0.562286675 0.43900758 0.548579693
    0.867882252 0.153058708 0.916555882 0.176368028 0.420822859
    0.197531104 0.727728248 0.587824941 0.36220023 0.954468131
    0.399651408 0.375276327 0.383759767 0.147304088 0.053560406
    0.134227335 0.0971145928 0.467314005 0.31493789 0.246082723
    0.399855584 0.586609244 0.0144977272 0.214809686 0.913661778
    0.503903985 0.045348376 0.857896984 0.247430265 0.506234467
    0.505196452 0.624829173 0.574115753 0.291211069 0.182207406
    0.210026622 0.251366973 0.535367668 0.0160199106 0.470462918
    0.449591547 0.730604768 0.606638074 0.0832268596 0.706442833
    0.930397749 0.430231482 0.920397282 0.54024148 0.47028026
    0.506297946 0.606290579 0.387322068 0.516415119 0.79641223
    0.870402455 0.443533123 0.408506155 0.728455484 0.635567367
    0.1634911 0.27263248 0.938415885 0.143787473 0.601598918 0.818891764
    0.829775929 0.407590747 0.0837713778 0.237382084 0.294369161
    0.712932348 0.19040972 0.276510864 0.671551466 0.45784995
    0.0942183137 0.556300402 0.479036748 0.527504027 0.958542824
    0.665760458 0.531912088 0.826118112 0.165632367 0.544023275
    0.717031538 0.484316885 0.0801372528 0.652629673 0.711758435
    0.142380595 0.8266747 0.435207188 0.0554054976 0.966577411
    0.88913095 0.967989326 0.208981007 0.432181478 0.34875685
    0.360457063 0.269134939 0.914936364 0.857323647 0.531932652
    0.946394086 0.904678941 0.259616554 0.488465488 0.860052466
    0.330995232 0.302611053 0.0216881633 0.979155719 0.624273658
    0.140786737 0.176048934 0.357622147 0.335230947 0.64365828
    0.244071007 0.438679278 0.34033066 0.46337676 0.818377137
    0.028546989 0.0596661568 0.235152513 0.482096404 0.339444935
    0.761235476 0.990091681 0.174728453 0.409012288 0.127828002
    0.436143875 0.6115641 0.0482104123 0.331088334 0.51657331
    0.736719012 0.896836519 0.619239569 0.0230927169 0.306531727
    0.593729198 0.292002678 0.0667416155 0.930009246 0.375642478
    0.904413462 0.659646571 0.192712873 0.441808105 0.120176733
    0.0704066157 0.895229459 0.563482642 0.733041227 0.00538432598
    0.661685765 0.898822248 0.779807091 0.46691218 0.416302085
    0.995070994 0.482561767 0.342972636 0.11086303 0.052207768
    0.104537338 0.588341177 0.232206911 0.938049555 0.229608715
    0.506464303 0.404745877 0.348295778 0.227898836 0.679593861
    0.195690274 0.130588204 0.958664894 0.617429554 0.427770495
    0.893400788 0.964367867 0.527404845 0.623821318 0.328471303
    0.758052349 0.732423365 0.582884014 0.118793249 0.774459958
    0.217064917 0.943932891 0.00855529308 0.298309177 0.163707882
    0.577701211 0.334421843 0.833640099 0.561424613 0.00899091363
    0.669410706 0.672040582 0.715486825 0.255530953 0.100797951
    0.0679614246 0.464751989 0.693718672 0.429195076 0.427249968
    0.0133035481 0.506090879 0.979493022 0.468868405 0.458504468
    0.604876339 0.657534778 0.682254493 0.175183773 0.62406379
    0.332095891 0.347073913 0.197080433 0.546681941 0.924112797
    0.875818551 0.413278282 0.9643628 0.896272004 0.621941149
    0.720975816 0.601856768 0.154959172 0.145917058 0.758626699
    0.651869774 0.867970705 0.606138825 0.303512216 0.31517905
    0.384130448 0.914028525 0.359811664 0.145059079 0.777975202
    0.241292626 0.348978102 0.134904891 0.579465032 0.339797944
    0.479100049 0.670379579 0.765609622 0.829725921 0.521167934
    0.153236747 0.236272722 0.1218009 0.494757086 0.126862526
    0.297907025 0.596877337 0.489378929 0.702255905 0.586615205
    0.129470557 0.951272964 0.754650533 0.714894056 0.512577951
    0.594248056 0.76790154 0.0893570185 0.502757311 0.127166063
    0.718479872 0.422512203 0.344512939 0.600269794 0.154922932
    0.842821002 0.0711479783 0.245325804 0.735131145 0.806240678
    0.984221697 0.833030105 0.747413278 0.673110723 0.232127666
    0.284359276 0.578446925 0.32399267 0.106864035 0.812261105
    0.447385132 0.041053772 0.28055495 0.514990866 0.418481171
    0.171753943 0.132882327 0.882532775 0.567674339 0.633494139
    0.143420815 0.981597066 0.244050652 0.573349714 0.55219233
    0.57474637 0.274324358 0.754260123 0.153732985 0.929070473
    0.586927116 0.000964075327 0.956680298 0.290664732 0.672956169
    0.808095574 0.0297543705 0.992803752 0.407856792 0.850587845
    0.480202615 0.723755419 0.0947092474 0.33225283 0.383281469
    0.897372365 0.426847696 0.957427382 0.185632944 0.0835452378
    0.0631460547 0.20855698 0.547251999 0.695359647 0.746814966
    0.896590889 0.734156728 0.652362347 0.0193959177 0.594751835
    0.683434963 0.927985609 0.686864853 0.0106811225 0.15602839
    0.115201712 0.948902488 0.194491982 0.207723171 0.686486363
    0.929846704 0.907287419 0.967057109 0.0153562427 0.871018291
    0.785886943 0.0104449391 0.904726028 0.716335833 0.0318616629
    0.823316157 0.594911337 0.0579066575 0.0644768476 0.611188293
    0.508204043 0.901476681 0.984676003 0.230999827 0.828611016
    0.248359829 0.151831269 0.205697179 0.33766681 0.39609772 0.65457654
    0.59772265 0.336591333 0.935015678 0.903607965 0.373399019
    0.791633368 0.597857952 0.472873092 0.108323932 0.605634809
    0.579684794 0.622931242 0.408347994 0.186138988 0.594789445
    0.326792389 0.772592783 0.0101677775 0.892803133 0.18914476
    0.805954218 0.256661505 0.666004241 0.830145955 0.656829894
    0.179949999 0.993410707 0.608707428 0.959834695 0.238350421
    0.584104776 0.172776252 0.634490013 0.013462007 0.297300547
    0.711368203 0.578687847 0.651531339 0.396135449 0.723830581
    0.000120043755 0.574483156 0.0119440258 0.512384713 0.391935825
    0.746675551 0.969815016 0.0898219645 0.475541294 0.620364547
    0.429501295 0.760409474 0.430682093 0.770232022 0.219680905
    0.378356576 0.0880911648 0.948986351 0.695796847 0.894183517
    0.929449797 0.278945923 0.281757891 0.304785907 0.677466929
    0.677410007 0.662903905 0.489797056 0.958050847 0.405933827
    0.100944221 0.169507354 0.616723299 0.24417299 0.397099912
    0.825433493 0.801331162 0.831796825 0.220953166 0.322461784
    0.727819324 0.0177422464 0.600267172 0.129132956 0.742630482
    0.522088528 0.233293682 0.607233047 0.282592893 0.563364923
    0.818992257 0.311231375 0.427043378 0.0951113701 0.0881389976
    0.801263094 0.77391392 0.0872514248 0.645835757 0.473935097
    0.55350554 0.285662055 0.517957151 0.125856012 0.413692027
    0.835569859 0.702334642 0.889355183 0.232581943 0.523788631
    0.813082814 0.217291236 0.802996337 0.250903249 0.167702943
    0.865586519 0.0275000632 0.350177795 0.110014856 0.33703047
    0.145239323 0.270371437 0.66560328 0.260724068 0.427797228
    0.296832383 0.663343012 0.499743074 0.570505083 0.943979859
    0.375160754 0.199919194 0.646646738 0.0427865386 0.356159151
    0.833625853 0.826204538 0.91070509 0.590536296 0.568728805
    0.822648406 0.199756056 0.901266158 0.296242177 0.883857131
    0.291781008 0.655292809 0.11685726 0.301596463 0.62805897
    0.892073154 0.582283437 0.163706958 0.408875287 0.026072681
    0.629632175 0.275099099 0.328247994 0.253745049 0.286114037
    0.0902813375 0.376564026 0.369726598 0.714229345 0.666363299
    0.177280754 0.146729976 0.225795835 0.209831566 0.519855499
    0.627877235 0.82574147 0.399312258 0.740916073 0.556379437
    0.824679971 0.0951950252 0.471828699 0.572526276 0.89581418
    0.027503252 0.0206999481 0.817051947 0.715855002 0.456347167
    0.637897491 0.580462933 0.171339899 0.181598067 0.161994964
    0.519126058 0.845487475 0.942302823 0.75193584 0.836832643
    0.452698737 0.884179831 0.856990933 0.943220258 0.267466247
    0.925763369 0.0980810225 0.568690777 0.277614504 0.843344569
    0.0566237271 0.643447697 0.699027181 0.00862324238 0.268580079
    0.285348505 0.928382933 0.22787872 0.674102604 0.937532067
    0.953141987 0.719451964 0.838831007 0.753103673 0.397046179
    0.434182584 0.310754657 0.706696153 0.474812895 0.909830689
    0.946833372 0.0295532644 0.950446725 0.692164421 0.328143746
    0.173135579 0.650195241 0.994106531 0.666320801 0.389530599
    0.594242692 7.21216202e-05 0.858951449 0.366994977 0.755247831
    0.274540961 0.210267216 0.281539381 0.24516806 0.925821304
    0.904573977 0.359403193 0.813865244 0.395218313 0.375974864
    0.0627271831 0.903808832 0.744950175 0.892481923 0.107610434
    0.238986075 0.247998059 0.136731654 0.713816762 0.940803945
    0.859905958 0.280431271 0.892134666 0.869031072 0.582065403
    0.372781515 0.0171620548 0.22198987 0.247471899 0.29656297
    0.102719665 0.564759731 0.513265073 0.959841251 0.717458785
    0.901636958 0.54510951 0.935732961 0.213276178 0.0926514566
    0.100757033 0.564475954 0.269773781 0.913857222 0.0582078695
    0.67373991 0.129734337 0.99390161 0.292094827 0.553565621
    0.0315841436 0.574490309 0.543071687 0.405054688 0.014480412
    0.0482770205 0.964775324 0.46056062 0.499632686 0.505302608
    0.845802248 0.380645961 0.230949283 0.212627947 0.00602796674
    0.58548063 0.565004885 0.414254427 0.839570642 0.136583954
    0.328692377 0.865704656 0.724009871 0.00493824482 0.244250387
    0.199762344 0.613453686 0.934711337 0.475166321 0.152505964
    0.0675829947 0.835025311 0.608458102 0.436062247 0.194617778
    0.947583437 0.83349967 0.403705746 0.199026942 0.393380821
    0.856788874 0.81323576 0.862264156 0.306087822 0.0666747689
    0.951870441 0.261310279 0.992421687 0.302870691 0.382399172
    0.87873292 0.291863143 0.912536204 0.533897877 0.0578226447
    0.248373568 0.294964671 0.969434857 0.755084038 0.261264801
    0.543223381 0.373745441 0.369475901 0.710303187 0.928334653
    0.0200442672 0.457931489 0.578374922 0.59949255 0.551710725
    0.346315026 0.661353171 0.623332381 0.928863287 0.12518096
    0.622008204 0.0449656248 0.825720549 0.378951579 0.514819741
    0.0343843699 0.441519439 0.814456046 0.52462858 0.987909436
    0.298486888 0.499024987 0.0141712129 0.143549383 0.647305548
    0.676969886 0.441052586 0.223766595 0.876352251 0.183351696
    0.75316608 0.365206182 0.2975052 0.447042137 0.457513809 0.872362375
    0.227459669 0.532239497 0.370699137 0.367866337 0.140580535
    0.974632382 0.277906865 0.133696318 0.191379786 0.727902412
    0.171748132 0.260498643 0.0809528232 0.715833545 0.33354187
    0.510901392 0.351029277 0.558492661 0.759857416 0.0265910625
    0.329810739 0.389993817 0.0171136558 0.212395579 0.722686827
    0.167522907 0.492180616 0.956002355 0.483180553 0.572445393
    0.752797902 0.229414582 0.392923117 0.0425285697 0.506776094
    0.141413301 0.248907357 0.65155232 0.0482538342 0.869211078
    0.166008204 0.282884538 0.724495292 0.242782563 0.920719266
    0.559106231 0.217715025 0.847659111 0.106678724 0.454996258
    0.388113409 0.0900441408 0.799068809 0.206945986 0.35926047
    0.854263425 0.516805649 0.133660346 0.143525243 0.969025254
    0.646951079 0.573031008 0.390142679 0.252027363 0.1986624
    0.772523642 0.387605071 0.637768507 0.973207891 0.0652520359
    0.937138677 0.711703539 0.436669052 0.948249817 0.0468090475
    0.821538985 0.655673623 0.366054177 0.0268935263 0.723497331
    0.191845596 0.998874605 0.475974798 0.426327169 0.548399925
    0.655716658 0.143181592 0.877221346 0.132394195 0.0184136629
    0.380994081 0.081564337 0.409043401 0.771802187 0.975448847
    0.974512696 0.468754888 0.376545072 0.334141701 0.0769313574
    0.00665324926 0.4376477 0.841903806 0.802408457 0.123831511
    0.723616719 0.268878043 0.121312857 0.25804323 0.0396512747
    0.618314505 0.938163638 0.218436807 0.436829299 0.639061153
    0.765270114 0.808869123 0.836012483 0.248922646 0.230802804
    0.627975523 0.812409401 0.508011341 0.0439904928 0.562815189
    0.196886241 0.33145532 0.588482618 0.623158097 0.922511816
    0.246297866 0.0522665381 0.134108603 0.594222188 0.0944232941
    0.0795547068 0.0032427609 0.612505019 0.319078952 0.746575952
    0.246121377 0.722685933 0.607284069 0.585884869 0.039536804
    0.382611305 0.606517971 0.0600201786 0.323518455 0.748538673
    0.50921905 0.924931228 0.278653622 0.871208072 0.208786279
    0.323393881 0.247674286 0.137558788 0.817798793 0.198269874
    0.719325066 0.529882967 0.0861566365 0.798859537 0.801574409
    0.0719184279 0.837969244 0.373709619 0.875662029 0.456922174
    0.468256474 0.765295148 0.11984387 0.907377005 0.543159306
    0.219297081 0.55256319 0.980261028 0.421401203 0.306369901
    0.458611876 0.753246784 0.463960171 0.38252151 0.879408062
    0.821249485 0.844402909 0.572382569 0.557416677 0.390019476
    0.344568908 0.828897536 0.324352622 0.907998323 0.413584352
    0.68866384 0.844073772 0.992834747 0.345775068 0.0673486888
    0.173180044 0.989471436 0.753990114 0.620017946 0.873968363
    0.941428065 0.387987494 0.739852428 0.854415298 0.817615747
    0.288590848 0.552607 0.67705214 0.0756935179 0.931835115 0.627306163
    0.101757646 0.690743685 0.196834266 0.754623175 0.638121665
    0.508999586 0.799254894 0.544402421 0.92403245 0.74072367 0.79504323
    0.367597133 0.244912475 0.187661916 0.624728799 0.360667467
    0.58428371 0.238771915 0.188059747 0.925678015 0.357915789
    0.0993366838 0.974075854 0.165974855 0.0905217826 0.0998321176
    0.565663517 0.158549905 0.271965027 0.00894743204 0.0953403115
    0.218571723 0.73892355 0.648272395 0.776269555 0.294502646
    0.687592626 0.25466755 0.330777645 0.199026883 0.650429308
    0.997851014 0.618222833 0.112141907 0.413797796 0.864172816
    0.389190435 0.280602157 0.0182872713 0.23612082 0.271174073
    0.00354260206 0.225693434 0.473668903 0.219840586 0.0590815544
    0.333768517 0.241175383 0.0912343264 0.407250047 0.392054617
    0.516434193 0.308471471 0.457921326 0.703990102 0.4395684
    0.338549495 0.922309399 0.711502314 0.0786213875 0.237009853
    0.421656162 0.594738066 0.96761483 0.885718703 0.443285942
    0.425202787 0.0283943415 0.169071347 0.285760134 0.641037822
    0.064067632 0.154584855 0.575713456 0.339231312 0.953297615
    0.304728866 0.399665117 0.783867896 0.516520381 0.333527803
    0.579356194 0.892933726 0.308149993 0.457150668 0.384781063
    0.208335876 0.733922005 0.61109364 0.536063313 0.286883473
    0.966432273 0.618797779 0.207300901 0.940560222 0.246468574
    0.968129158 0.405797452 0.318677485 0.53100121 0.284285843
    0.240907013 0.778598666 0.976684809 0.290070236 0.566282809
    0.0481382608 0.651547253 0.174542934 0.499775499 0.0964367688
    0.238478243 0.401256531 0.588519871 0.172739893 0.722208858
    0.553225994 0.443494141 0.562966585 0.352163225 0.745033026
    0.226952404 0.287164807 0.93816328 0.166751802 0.558151364
    0.00977498293 0.241341531 0.250444025 0.283037722 0.999723256
    0.417487681 0.290353954 0.196360379 0.482250452 0.23619476
    0.147592843 0.311591506 0.256751984 0.566426158 0.11209628
    0.126131684 0.645996511 7.16149807e-05 0.986192584 0.775701761
    0.149261475 0.870902658 0.901224017 0.403157532 0.493397117
    0.647775412 0.797326624 0.411383271 0.781555057 0.229860425
    0.113615692 0.803449869 0.111982316 0.267725229 0.932992756
    0.100671202 0.91973424 0.930261493 0.455354631 0.244057715
    0.554978013 0.594337821 0.673817337 0.65120554 0.683291495
    0.362305373 0.185597509 0.729919791 0.812466145 0.936459064
    0.761276722 0.968889594 0.995245457 0.696250081 0.578461826
    0.294212401 0.237634182 0.139321595 0.514293134 0.784836769
    0.0493867099 0.0423509479 0.219327539 0.321181118 0.019718498
    0.373577774 0.470185578 0.237507761 0.532841086 0.791144967
    0.548942983 0.237822235 0.337076306 0.647780359 0.252842605
    0.0963733792 0.823223472 0.718588531 0.843402207 0.91891396
    0.316925257 0.0293000042 0.174596488 0.00670802593 0.0220892727
    0.251993418 0.25334987 0.0454848707 0.145778179 0.795465469
    0.279158324 0.369661063 0.501247764 0.521986723 0.879962385
    0.10863921 0.402701259 0.218617499 0.106742382 0.86181283
    0.909602642 0.716307402 0.534009814 0.174494058 0.864532709
    0.860804915 0.431819767 0.32753551 0.931634068 0.24506107
    0.530609846 0.892264962 0.734808326 0.73553133 0.216118425
    0.940656185 0.1702241 0.000520020723 0.865315437 0.398607254
    0.652842164 0.85208416 0.929289579 0.157157928 0.181334317
    0.255340457 0.905574203 0.461328626 0.530053198 0.873289585
    0.159783691 0.415698349 0.557130456 0.756511331 0.31079036
    0.30368799 0.519983351 0.438535422 0.497826487 0.431118071
    0.500994623 0.337069899 0.0438547432 0.628153801 0.0372152925
    0.0950474441 0.972092986 0.42385599 0.512633085 0.619830072
    0.915853977 0.832922697 0.252033234 0.533266068 0.443290204
    0.937924623 0.637323141 0.975256801 0.609334469 0.169098079
    0.687287688 0.603375852 0.61407733 0.837170005 0.00271454453
    0.557827771 0.936454654 0.495745599 0.866497874 0.289446026
    0.384806037 0.549260497 0.379197747 0.824291348 0.568614483
    0.9882465 0.730924666 0.119021982 0.527369976 0.256661981
    0.528109968 0.499976307 0.19446522 0.65832746 0.273565203
    0.760416687 0.209386289 0.85114491 0.10560298 0.834025502
    0.681014299 0.946609855 0.891359687 0.33562696 0.00636562705
    0.29670769 0.629145682 0.676653087 0.705875397 0.308579028
    0.0800580382 0.565291882 0.263848484 0.111953676 0.406216919
    0.280923873 0.875611544 0.703434169 0.464040935 0.961413383
    0.405460984 0.0659879148 0.257599175 0.26843822 0.805009723
    0.417191625 0.94283849 0.472928137 0.106043756 0.719302118
    0.962459445 0.305184215 0.895840108 0.777909636 0.871077657
    0.807451487 0.0245674253 0.0911712646 0.0501184762 0.0334966183
    0.344221294 0.842681408 0.175508082 0.998253345 0.0665782094
    0.654443979 0.153166562 0.842951417 0.463713795 0.0549476445
    0.349116087 0.733737051 0.156855494 0.553256989 0.13436836
    0.777754605 0.175385267 0.957907319 0.632032871 0.873756826
    0.26428771 0.73819226 0.254572392 0.077180922 0.530355632
    0.636393666 0.977285028 0.382766962 0.528578341 0.635197282
    0.349505186 0.298908532 0.135991812 0.943251729 0.755961537
    0.536084235 0.999589801 0.0916517675 0.0320985317 0.866574109
    0.917596221 0.715433896 0.440079421 0.978176832 0.67152977
    0.222707182 0.623423278 0.0707913339 0.638335288 0.743928134
    0.318089873 0.631350398 0.960465729 0.261075944 0.874275088
    0.86269927 0.9111467 0.466234386 0.448214054 0.755429506 0.598995447
    0.582197249 0.146219194 0.586663842 0.421273708 0.84342742
    0.459019542 0.434428185 0.384852022 0.74870199 0.58434701
    0.144231498 0.00409498811 0.749332666 0.486660808 0.810021996
    0.893845379 0.0704079866 0.369330585 0.908661604 0.59395206
    0.727425456 0.199578643 0.993773937 0.415949106 0.3111673
    0.706113815 0.735415816 0.2989178 0.31428051 0.82632643 0.364898622
    0.545127928 0.77310133 0.333888769 0.141477704 0.283975095
    0.431601465 0.946603537 0.315196276 0.505684614 0.0550430715
    0.0792475641 0.63203752 0.604766488 0.826309919 0.183814734
    0.103355497 0.56741935 0.198572546 0.87577939 0.821934938
    0.267712176 0.216932982 0.16762656 0.618396997 0.781158566
    0.938411236 0.19725284 0.680870056 0.909115851 0.740086854
    0.311893374 0.585060298 0.960694671 0.966706038 0.251272082
    0.169535816 0.236800283 0.900473654 0.903989315 0.186037153
    0.224701285 0.808394194 0.273644149 0.76786828 0.855817437
    0.746269584 0.890708327 0.493308783 0.744707227 0.349422753
    0.0286674201 0.0428289175 0.683561623 0.947673738 0.517337739
    0.503594339 0.717288256 0.0337868035 0.881259859 0.589639544
    0.168038428 0.413322151 0.576504707 0.276185334 0.327472657
    0.621378124 0.683228076 0.247094214 0.702781439 0.639407337
    0.964069366 0.761292815 0.578462958 0.786563396 0.702658176
    0.230590582 0.469820768 0.78340137 0.881305814 0.343785048
    0.746897161 0.426870406 0.724374115 0.395188242 0.130226016
    0.307999492 0.27207011 0.923689008 0.103923529 0.507309377
    0.313940883 0.569654286 0.297767669 0.458959997 0.244435579
    0.827533722 0.808303595 0.956253648 0.385432899 0.468616128
    0.683103144 0.14856419 0.233641475 0.837633073 0.128038824
    0.59893167 0.186570197 0.715003729 0.856998444 0.891219497
    0.604628921 0.606716931 0.902490556 0.751167357 0.0673428774
    0.636791289 0.812491238 0.814628601 0.150310457 0.416933954
    0.793236792 0.253296703 0.494728565 0.591699719 0.710438371
    0.287265241 0.410732031 0.926800191 0.750689507 0.740410328
    0.4252235 0.300684631 0.250014901 0.281999409 0.117144167
    0.359481633 0.628542662 0.987289429 0.418051988 0.932555676
    0.314962953 0.119287431 0.833389342 0.31131196 0.260813057
    0.817679286 0.233227998 0.972634196 0.0525393486 0.18627733
    0.851369381 0.656348228 0.0349254012 0.181891769 0.588374734
    0.287526995 0.0735328496 0.206525326 0.849868536 0.129006445
    0.866423786 0.583463252 0.294103652 0.427325636 0.0956764221
    0.233413607 0.829167724 0.216866523 0.843854129 0.804857373
    0.706551611 0.178131342 0.359157979 0.190045357 0.143930525
    0.6729002 0.191017479 0.700133979 0.286612809 0.570354104
    0.429454178 0.857720852 0.0696960688 0.487010121 0.360334218
    0.54561162 0.719582081 0.355620116 0.636472464 0.987520993
    0.102497071 0.794306338 0.667731047 0.443774581 0.898300111
    0.245495528 0.835306168 0.220367044 0.503765702 0.748498142
    0.888671875 0.186921597 0.690482199 0.491342366 0.938240469
    0.0447959602 0.991061628 0.728655457 0.701159894 0.737396777
    0.112053633 0.948874831 0.842482567 0.00129231811 0.795328259
    0.30583322 0.933193803 0.0393022299 0.239107847 0.190786093
    0.560856283 0.957444429 0.860729933 0.029527843 0.657776713
    0.397152692 0.539271832 0.286013663 0.0356693268 0.301485777
    0.0227917433 0.838254988 0.585205078 0.968819797 0.731015563
    0.573954523 0.0137533545 0.866119206 0.180040479 0.422090799
    0.134137034 0.0913665891 0.740208745 0.897339463 0.341294169
    0.139597565 0.206168443 0.6201244 0.382173419 0.957943022
    0.599504232 0.665676475 0.461766303 0.944543719 0.0339825749
    0.572792113 0.0020237565 0.501336098 0.905398488 0.761102438
    0.513882458 0.781912088 0.720590532 0.0265024602 0.53111434
    0.0480363071 0.513108313 0.774515629 0.562320828 0.997154593
    0.572916448 0.409704804 0.160843134 0.505815804 0.15443635
    0.520270169 0.159905702 0.829218864 0.557691514 0.741256773
    0.443908215 0.826052547 0.807682574 0.430552185 0.0991485417
    0.935682297 0.735215425 0.0696310997 0.20425272 0.921004891
    0.254717112 0.0759217441 0.782066107 0.682498097 0.350292504
    0.928492248 0.308851242 0.291514128 0.14430359 0.803992331 0.5682621
    0.343320966 0.742480695 0.88884747 0.902536631 0.936864913
    0.580190301 0.551409364 0.802285433 0.902608156 0.00783070922
    0.156280637 0.490794063 0.275501847 0.868029952 0.301942587
    0.322325051 0.469456583 0.70185101 0.132519156 0.889596462
    0.381272674 0.958764195 0.33810997 0.766455293 0.135105431
    0.596966565 0.844727814 0.717119277 0.828469872 0.145596862
    0.522129118 0.882984698 0.649380624 0.483022243 0.727835059
    0.600381494 0.236851305 0.66046381 0.334590614 0.522833407
    0.0673598349 0.341506004 0.776375771 0.593137026 0.214235336
    0.887102842 0.475449622 0.0326411724 0.766136527 0.616577446
    0.934050143 0.64889884 0.169879109 0.884217381 0.600140333
    0.127234191 0.0703238547 0.858979702 0.983573496 0.633071303
    0.0633712411 0.708479285 0.767453313 0.241066277 0.0912020802
    0.999283552 0.949114799 0.894884825 0.493125021 0.686142325
    0.939224899 0.920248151 0.895599782 0.121972531 0.324597508
    0.508152246 0.0315577686 0.32798034 0.755137622 0.264379263
    0.215602696 0.446531296 0.673405349 0.0919638276 0.99169445
    0.961717725 0.943827093 0.776933193 0.961894155 0.950432837
    0.51264149 0.468723506 0.957654476 0.419464976 0.839125574
    0.00347706676 0.503167033 0.805207729 0.829791069 0.85534513
    0.872742295 0.453621566 0.826284289 0.378068596 0.373598665
    0.451142669 0.457723737 0.122058541 0.951685429 0.809767485
    0.316515863 0.490343243 0.0664029121 0.0768405199 0.125844419
    0.128259987 0.467231661 0.218981594 0.481222004 0.503332496
    0.804239392 0.994069695 0.377882272 0.461945504 0.967328668
    0.608489454 0.745341301 0.697396398 0.605942011 0.0949344933
    0.313521892 0.538473606 0.946765661 0.571897089 0.729194343
    0.558077157 0.863043189 0.28584671 0.352548242 0.730505705
    0.905570507 0.00190186501 0.290184498 0.490382999 0.738471627
    0.272178054 0.18034938 0.453884959 0.199405372 0.819081306
    0.129721433 0.10507521 0.657713711 0.235819906 0.88784802
    0.750171781 0.729349554 0.254026234 0.204403251 0.850784957
    0.207388669 0.551855326 0.200823337 0.829238415 0.630102158
    0.0267602801 0.881938696 0.584732533 0.845591426 0.892220438
    0.534919262 0.661040246 0.971001148 0.614812613 0.737370014
    0.912921309 0.650083721 0.198999763 0.754048169 0.688945949
    0.0885322988 0.804139733 0.933445096 0.8759588 0.094707638
    0.673381746 0.214035243 0.664197743 0.589475572 0.737057745
    0.80506146 0.405064762 0.991976738 0.522770047 0.924718499
    0.103141814 0.472004443 0.762602806 0.964581132 0.667586625
    0.750904918 0.328051597 0.250454903 0.131069154 0.815779746
    0.186082125 0.138806641 0.312147647 0.103077382 0.459945709
    0.246060282 0.892575502 0.752626777 0.026714623 0.607893944
    0.553078115 0.264978766 0.100640178 0.33366698 0.668780208
    0.246847242 0.768544436 0.360411584 0.968271852 0.796050787
    0.131549716 0.841589928 0.829139888 0.264619052 0.799158335
    0.457918912 0.303230405 0.189668417 0.659181833 0.955309629
    0.734606266 0.689712346 0.562354505 0.876297772 0.626709759
    0.237394243 0.758241534 0.110961795 0.0681051314 0.661493182
    0.583936632 0.848568797 0.103972316 0.371006191 0.400038779
    0.56819576 0.244806051 0.0419242382 0.653462291 0.49942559
    0.99456358 0.342036754 0.0196805596 0.369281769 0.858355701
    0.280119777 0.575970948 0.174984127 0.622406483 0.558026075
    0.0755050182 0.857224226 0.162405163 0.160718858 0.432274073
    0.0753988326 0.777779222 0.106507421 0.920638084 0.158043325
    0.949037373 0.471887171 0.359545827 0.731268644 0.80101335
    0.937434375 0.130538821 0.506949663 0.225476146 0.440394074
    0.761754513 0.743497491 0.490555435 0.317527413 0.436760366
    0.108798116 0.634186387 0.893318176 0.896540523 0.680977702
    0.639329195 0.361762315 0.578848958 0.892231762 0.50423044
    0.523699701 0.16269958 0.973540962 0.06970644 0.894566536
    0.366591394 0.440258741 0.804372549 0.268772006 0.436507583
    0.696312547 0.160583854 0.489494056 0.983076453 0.31593293
    0.993657827 0.917085886 0.297187269 0.167139262 0.915959716
    0.163297236 0.998737454 0.619751096 0.920320451 0.141936243
    0.830402374 0.558511794 0.0686335564 0.935157537 0.277362704
    0.616828918 0.165327817 0.171211034 0.51565963 0.558628678
    0.472181708 0.551182866 0.496516079 0.97545594 0.688029289
    0.508259594 0.0742585659 0.287588656 0.450445712 0.249912351
    0.607249081 0.995960414 0.339518756 0.465382636 0.49846679
    0.475300282 0.494178742 0.927051783 0.672682643 0.919752061
    0.333131909 0.684358716 0.29898411 0.026786685 0.91673708
    0.527415514 0.507249057 0.116096348 0.321882725 0.782501578
    0.0137419105 0.9837749 0.866290152 0.372193396 0.961931169
    0.142276019 0.64502269 0.798539519 0.980064631 0.436168164
    0.882774472 0.0479884446 0.542806625 0.943954945 0.813799798
    0.57634002 0.559625328 0.976593912 0.96334368 0.380013376
    0.0289006531 0.37401706 0.054477334 0.839313686 0.606290817
    0.273374766 0.460674971 0.678268313 0.178840637 0.528668404
    0.264386714 0.616172969 0.0178297758 0.404725969 0.691210747
    0.299183637 0.437481403 0.608544409 0.0966877341 0.0360772908
    0.0923464298 0.113337815 0.79065764 0.719933152 0.0766766965
    0.549109459 0.834451079 0.465458333 0.831730127 0.0695602298
    0.834974408 0.425608158 0.675763309 0.444599092 0.298131168
    0.50865978 0.267324448 0.816877186 0.917352438 0.147966266
    0.186952055 0.135619253 0.512955308 0.745362043 0.220850617
    0.173066765 0.10884127 0.552289605 0.457871646 0.832894921
    0.149457037 0.559184551 0.761500895 0.39174363 0.798013926
    0.299308777 0.0841810107 0.644759536 0.776922047 0.243948519
    0.830550313 0.0958366394 0.336654902 0.216864467 0.854835272
    0.868480921 0.117100179 0.409052998 0.186804563 0.59946239
    0.13149029 0.668340206 0.621937811 0.541884243 0.544466138
    0.875632942 0.15601334 0.311907411 0.269078076 0.775186062
    0.53775388 0.715896904 0.95164156 0.699468434 0.934040189
    0.377246827 0.444927186 0.130551934 0.26152283 0.00320258737
    0.177096248 0.740318775 0.454252511 0.235715479 0.976828039
    0.30144757 0.550437808 0.872527599 0.00563615561 0.713947117
    0.809596181 0.381127119 0.985593379 0.581488013 0.362469316
    0.851123452 0.717243433 0.173192829 0.518303394 0.109775305
    0.526451886 0.722847879 0.469068825 0.0242601931 0.271925986
    0.515774786 0.971194088 0.152918428 0.915725589 0.612422943
    0.0385756493 0.318681836 0.520604074 0.100037724 0.882737279
    0.371291161 0.833432555 0.861312211 0.58249259 0.831628978
    0.875623763 0.940589666 0.240353197 0.00679987669 0.523976386
    0.275232911 0.49194926 0.0107215643 0.361329049 0.552069604
    0.732217669 0.748322368 0.28855747 0.128791064 0.179609954
    0.0154937208 0.813927531 0.233539969 0.689123154 0.470420748
    0.649920464 0.519331455 0.321752608 0.500470459 0.0681603551
    0.384642005 0.534136236 0.565424681 0.575345278 0.162626058
    0.118372172 0.252493501 0.602304876 0.011767 0.820171475 0.427945584
    0.278177261 0.19593659 0.847719133 0.571167767 0.300839067
    0.176265717 0.961241186 0.373697519 0.39694643 0.185215384
    0.215324104 0.0029194653 0.888243914 0.267923415 0.217193156
    0.567828894 0.879237533 0.206789434 0.466619134 0.996013403
    0.199492097 0.185391426 0.265886843 0.671301246 0.878097236
    0.803151071 0.763035297 0.14425391 0.489486754 0.574399292
    0.740906954 0.145432442 0.53871429 0.157710105 0.917821169
    0.372054398 0.900616407 0.746213615 0.221107841 0.0462347567
    0.231256187 0.897162795 0.580569625 0.600685775 0.422896951
    0.490059793 0.623580337 0.162142068 0.462075084 0.871624827
    0.607622564 0.664933264 0.263676763 0.798772335 0.181895167
    0.472188294 0.63839066 0.61643213 0.603507221 0.660389185
    0.507696629 0.813562036 0.30500102 0.648075461 0.20744583
    0.537237525 0.224093169 0.414201617 0.859105349 0.933859944
    0.44552803 0.197928816 0.776026487 0.276826501 0.582278609
    0.15036723 0.611391425 0.395596206 0.116916955 0.75359267
    0.653791964 0.63004148 0.882948339 0.262089491 0.318215668
    0.826568246 0.266791523 0.0468937159 0.643312693 0.230408281
    0.201996207 0.581882775 0.853686094 0.338800013 0.220206589
    0.89234972 0.55968529 0.673786521 0.848765016 0.881355166
    0.239045411 0.155944705 0.820409179 0.46659717 0.378235877
    0.110506028 0.0860732496 0.387846768 0.042529881 0.978777707
    0.241604775 0.432604283 0.581852078 0.560753107 0.640287399
    0.378553182 0.010297507 0.178639174 0.550845206 0.860836744
    0.922720969 0.568874538 0.355215669 0.335212439 0.576950252
    0.985661864 0.327381492 0.780606329 0.955583513 0.811156273
    0.905676842 0.170763195 0.00709304214 0.663577676 0.219890743
    0.180194944 0.040410459 0.440695107 0.839965224 0.856865048
    0.746008754 0.644937336 0.754448056 0.329373121 0.544209003
    0.323375583 0.469369978 0.327865869 0.227723718 0.682252347
    0.541781902 0.947748482 0.117405772 0.138278425 0.604943871
    0.12703073 0.600213408 0.472141117 0.943579197 0.819295168
    0.591088951 0.000788241625 0.857841015 0.033595711 0.377731472
    0.334258735 0.553260803 0.910854816 0.765778422 0.134111732
    0.31500262 0.825303197 0.81731832 0.741861939 0.990284324
    0.0538021624 0.114955723 0.498884112 0.0438159704 0.991250277
    0.944516778 0.0243317485 0.317184299 0.193093479 0.462437481
    0.73217386 0.942963958 0.74189198 0.542970061 0.735366046
    0.570261061 0.991207838 0.342648327 0.840394735 0.39484638
    0.286146522 0.655673146 0.138580292 0.78848356 0.750285804
    0.15121609 0.676375151 0.568945408 0.247425139 0.689075887
    0.284561247 0.818337917 0.139051378 0.437830567 0.439964145
    0.720512152 0.339312822 0.510470271 0.884147108 0.49202618
    0.712113738 0.655680299 0.814676881 0.165262341 0.521094024
    0.206191778 0.837899625 0.754890382 0.0581862628 0.0656147897
    0.488457978 0.98850739 0.963887095 0.0752485693 0.383333921
    0.963144541 0.769842207 0.974245489 0.317544699 0.287951827
    0.344091117 0.714529037 0.262824148 0.373968363 0.108522952
    0.626100719 0.801775396 0.918517709 0.868972421 0.474495411
    0.775381327 0.499146938 0.801168323 0.906541765 0.699160695
    0.2649391 0.187313229 0.215662509 0.298960149 0.430099487
    0.381227881 0.921239018 0.295192122 0.878822565 0.936273336
    0.92582339 0.511466146 0.800064683 0.934494972 0.826494575
    0.972077012 0.167362571 0.555528402 0.633013308 0.880070448
    0.607964098 0.359398693 0.924246609 0.901134372 0.088635385
    0.183461547 0.143559337 0.647359014 0.261823237 0.15884012
    0.294028819 0.478633493 0.0432140827 0.293938935 0.374567568
    0.192960501 0.657161593 0.153257638 0.8818115 0.590278745
    0.970090806 0.725467443 0.432350039 0.832181096 0.172362685
    0.0207457542 0.153096229 0.508825183 0.89735198 0.0177694559
    0.403324455 0.448080122 0.173316061 0.241792023 0.201043189
    0.486371666 0.298059344 0.517625988 0.142525792 0.0450453758
    0.413272709 0.279560745 0.309627086 0.914436221 0.485580891
    0.709931314 0.262486875 0.601640284 0.196470082 0.98557508
    0.358083367 0.327729434 0.443555832 0.645721436 0.0988282561
    0.304603577 0.832887411 0.836226583 0.18405959 0.0615253747
    0.258772552 0.0683809817 0.0840047598 0.676899016 0.129779637
    0.509182215 0.301033884 0.172730297 0.761393785 0.615958393
    0.367509365 0.534839392 0.121305406 0.443530768 0.993881702
    0.562551379 0.552878261 0.51636529 0.807789207 0.190382868
    0.0956709683 0.466919422 0.352362186 0.672078967 0.0170515776
    0.607369602 0.640040278 0.642256618 0.735459566 0.826957703
    0.825744748 0.154078513 0.758723378 0.670719028 0.783653855
    0.692501664 0.383170784 0.898531556 0.24313426 0.993743181
    0.113307506 0.545652628 0.804641247 0.601105392 0.140534908
    0.657871068 0.0388326347 0.519224644 0.173152655 0.653181314
    0.41486606 0.512125373 0.877407551 0.312243223 0.490481138
    0.866733909 0.0422693491 0.313269675 0.139997452 0.148731023
    0.269425958 0.672487736 0.527628005 0.222359538 0.661692619
    0.613412917 0.0221918523 0.90723896 0.720814168 0.526596308
    0.291830778 0.968149185 0.126240134 0.0236444473 0.510618031
    0.0892569125 0.128179282 0.416222453 0.624766529 0.650028706
    0.772527993 0.661542058 0.999604106 0.491763085 0.230200142
    0.509342492 0.449761927 0.393685251 0.136639684 0.528752029
    0.55266571 0.887673616 0.294749916 0.954542398 0.361499846
    0.648232162 0.881243408 0.603576899 0.610984683 0.907582879
    0.215361655 0.271249056 0.832517385 0.822998285 0.801184595
    0.423733264 0.679688871 0.855930805 0.724533796 0.872414708
    0.911833167 0.171665907 0.957989156 0.951434731 0.983920097
    0.390183836 0.258309186 0.777289271 0.150750101 0.321947336
    0.825545073 0.975077271 0.514495492 0.12596643 0.157097131
    0.452264071 0.747509658 0.284758031 0.311847299 0.503286719
    0.960565329 0.463501066 0.769703567 0.259088993 0.926485419
    0.423100144 0.0131219029 0.896985173 0.234364569 0.504167974
    0.181766957 0.831153333 0.114878535 0.545033813 0.805341125
    0.981357098 0.119180828 0.272724241 0.657998145 0.0904217362
    0.365696192 0.90975821 0.512455523 0.293459028 0.358677328
    0.132244438 0.286296099 0.976997852 0.290516883 0.719851613
    0.327672422 0.566542327 0.278423429 0.998076439 0.3051202
    0.0026448369 0.620631635 0.367647707 0.653121054 0.394645989
    0.172123045 0.37390694 0.229047924 0.0652534068 0.0934605598
    0.766666412 0.552596986 0.936024427 0.579519749 0.627992332
    0.217428952 0.11046499 0.0604405105 0.406950623 0.488363028
    0.339705229 0.725756705 0.0259994566 0.906298399 0.190372318
    0.00105664134 0.344909072 0.560867012 0.0674668849 0.0163414776
    0.904753804 0.899331093 0.181836218 0.295381844 0.498394281
    0.0397763252 0.599151194 0.178813577 0.251272053 0.253421128
    0.360018194 0.214737833 0.912346184 0.729746819 0.940651357
    0.614967465 0.0152563751 0.697752833 0.699466228 0.710156381
    0.576325774 0.430944145 0.215903759 0.805158675 0.740053475
    0.882742643 0.552924514 0.183632731 0.0180792511 0.972476661
    0.664907038 0.700911939 0.0332637727 0.434629291 0.603124738
    0.782717228 0.489302993 0.041400522 0.0349713862 0.369867563
    0.607336044 0.641141653 0.704424262 0.80708468 0.433774054
    0.37967211 0.184909135 0.520399868 0.979197741 0.909642935
    0.997111559 0.114662796 0.561024785 0.193305135 0.187726617
    0.623088002 0.474921912 0.636336327 0.208070278 0.467765629
    0.0731237233 0.153261006 0.880513549 0.198112875 0.468196392
    0.381423652 0.702553928 0.477812827 0.381239712 0.783982515
    0.49158895 0.822892785 0.240073085 0.45348981 0.548885584
    0.828867674 0.288693666 0.530003011 0.373247117 0.679963231
    0.957259715 0.951267719 0.0736341774 0.050485909 0.925066113
    0.0696631074 0.262040466 0.784293771 0.760805488 0.10772711
    0.10017851 0.933620632 0.572973192 0.432083994 0.803701937
    0.57583034 0.341001034 0.865006506 0.812190056 0.159916073
    0.497054994 0.34728995 0.135690361 0.93936336 0.694600821
    0.687198937 0.00320768356 0.00370430946 0.59631604 0.5357306
    0.59387064 0.0472235382 0.263596147 0.2218678 0.118927449 0.48366636
    0.502270401 0.370991945 0.30519262 0.507797122 0.231919229
    0.217198819 0.693328917 0.468333095 0.107026607 0.929378688
    0.452673227 0.211645216 0.106035203 0.328295231 0.105424851
    0.9059937 0.810962081 0.133665353 0.864197493 0.92815721 0.477259964
    0.756447196 0.389107168 0.908607602 0.220461279 0.552438557
    0.815446615 0.215060055 0.907097876 0.980972171 0.0921326876
    0.512554109 0.889797032 0.361798048 0.0489296019 0.660124838
    0.0841505826 0.804961205 0.267422289 0.0625652373 0.812920332
    0.126665294 0.0413434803 0.543666005 0.725552201 0.207287967
    0.738431096 0.866537809 0.0849954486 0.0464454889 0.204463422
    0.365109205 0.969365358 0.297410607 0.540069699 0.118568629
    0.725143433 0.0815958083 0.659889817 0.536900818 0.369012415
    0.856362224 0.983690381 0.277391464 0.677710712 0.533514321
    0.827265263 0.632262647 0.836249471 0.131718516 0.188683808
    0.305759966 0.58150363 0.543438017 0.0977901518 0.278049052
    0.0345668197 0.403933167 0.494147092 0.471792907 0.301561922
    0.517454565 0.72653687 0.556681335 0.416418016 0.976608813
    0.118055254 0.0726473927 0.384552956 0.0702420175 0.662362874
    0.72318089 0.906573117 0.652435422 0.415165365 0.373211473
    0.682530165 0.221849561 0.879854321 0.271845251 0.9954831
    0.405682385 0.526180446 0.875027061 0.140280694 0.465693474
    0.322230577 0.295508415 0.0905720592 0.533138275 0.386713445
    0.151836336 0.234869242 0.130365998 0.0774253607 0.929393053
    0.913732827 0.403200805 0.934957504 0.159014195 0.43914026
    0.931829989 0.382223904 0.797915399 0.663286209 0.713287771
    0.805256486 0.933129787 0.834123254 0.678760469 0.712357521
    0.208628505 0.485795319 0.270891368 0.00805139542 0.574294209
    0.2653099 0.447005361 0.562513173 0.91477108 0.10528037 0.521865904
    0.145809889 0.314369619 0.722809136 0.170102686 0.812298059
    0.210827112 0.833011031 0.730228126 0.365336686 0.0106555223
    0.164125472 0.320643753 0.230041593 0.138822019 0.418553919
    0.858091593 0.281810969 0.963603854 0.438710809 0.0204333067
    0.646507084 0.729632437 0.316285163 0.846969485 0.225766003
    0.659084558 0.713305533 0.195789099 0.357198715 0.0032967031
    0.481046528 0.5887568 0.449571341 0.362142563 0.444293261 0.86403358
    0.713404775 0.263124079 0.382301331 0.818593621 0.582271099
    0.112105429 0.996109486 0.815226197 0.244392872 0.459889352
    0.365452707 0.286275268 0.573024154 0.568489373 0.354875147
    0.679490149 0.912810683 0.31435588 0.607621372 0.660304487
    0.119938999 0.286587507 0.74867481 0.396157712 0.844245195
    0.304926068 0.374482304 0.609698832 0.528785586 0.200347841
    0.447401345 0.341312051 0.439016521 0.261726528 0.431064427
    0.307779372 0.400252759 0.896575928 0.00965189934 0.627988219
    0.157452226 0.135181904 0.440647244 0.346673429 0.525449216
    0.864298105 0.449627757 0.380448669 0.606776953 0.447926939
    0.753299236 0.746991396 0.837199986 0.194380403 0.126661241
    0.541827917 0.892458975 0.578720391 0.713282585 0.880795002
    0.116861582 0.31888023 0.508722484 0.0417503715 0.250688344
    0.173660994 0.0291619301 0.0947051942 0.460165799 0.551565468
    0.768290043 0.540121019 0.486512214 0.842772603 0.247282743
    0.609379113 0.250396013 0.767499387 0.833436012 0.17730844
    0.412098408 0.521405578 0.308642805 0.930004418 0.340232909
    0.141559482 0.156890363 0.0096141696 0.904881477 0.865629554
    0.487532347 0.825235784 0.826282382 0.18581 0.042296797 0.644770145
    0.0535881817 0.424502075 0.474740446 0.731575787 0.0613690913
    0.446352482 0.768841624 0.143187165 0.259116173 0.133954346
    0.872024179 0.577825725 0.26539135 0.773669004 0.948825359
    0.915381908 0.0890046656 0.747985184 0.658029914 0.402270585
    0.195827752 0.172493577 0.417381644 0.573645532 0.520484507
    0.562873363 0.962011099 0.580092192 0.227995872 0.12571907
    0.895372629 0.881059766 0.181640774 0.835889459 0.223316193
    0.959760427 0.621387184 0.299055934 0.723382652 0.458155364
    0.751195371 0.221441418 0.0448039174 0.108969897 0.0319730341
    0.581394315 0.29356885 0.18143326 0.532995462 0.187716216
    0.564396083 0.232337713 0.586755753 0.31230998 0.707889915
    0.024058789 0.693584621 0.930305839 0.998570681 0.898615718
    0.642478466 0.937953532 0.343514949 0.507380068 0.114918292
    0.838487506 0.518945754 0.921098173 0.277638912 0.336383581
    0.900343299 0.127773762 0.773773551 0.206002086 0.836524487
    0.716109633 0.820354223 0.0221835077 0.686148345 0.610441923
    0.720123172 0.178373486 0.207595795 0.267833829 0.647151709
    0.452520847 0.572475314 0.689652443 0.412064016 0.666979849
    0.778260767 0.4124704 0.680633962 0.023437798 0.026432544
    0.352546811 0.595658064 0.868954778 0.689981818 0.719006777
    0.555926323 0.573050439 0.658367753 0.960409522 0.219751149
    0.0920146108 0.510541558 0.718643904 0.536255598 0.617703855
    0.648956776 0.568761706 0.192511946 0.0104452968 0.450220674
    0.0887141526 0.0766289532 0.272316933 0.730665445 0.404403389
    0.373329997 0.548041165 0.962530255 0.99098134 0.36792171 0.28390342
    0.0260118544 0.252871633 0.196179986 0.705411792 0.179201752
    0.51893121 0.261177689 0.562698483 0.964373171 0.0335830748
    0.0789652765 0.865262747 0.829474449 0.909214199 0.40210247
    0.827336073 0.446214855 0.975446343 0.716289699 0.546380639
    0.299970329 0.218998998 0.25828588 0.920881271 0.898216605
    0.332410932 0.721981823 0.48789376 0.0393182039 0.37807101
    0.759596467 0.775857806 0.793931782 0.523175001 0.112892836
    0.772794485 0.76052022 0.120441467 0.237387866 0.711004019
    0.163711101 0.499312788 0.231408566 0.490030348 0.93733716
    0.654834032 0.197981328 0.694342375 0.323519766 0.480521649
    0.822393477 0.16500622 0.630602956 0.789183557 0.221262485
    0.347574204 0.211808562 0.0507211685 0.898944378 0.441074967
    0.173089415 0.836242855 0.0838392377 0.368942797 0.760178268
    0.942576528 0.610649049 0.579075813 0.970321178 0.825590014
    0.142540008 0.732581973 0.0768090487 0.854063034 0.308483243
    0.171163499 0.160572231 0.455017269 0.173363864 0.856649101
    0.815489769 0.107161015 0.796917915 0.910476685 0.466693282
    0.757530987 0.394924313 0.950621009 0.470022529 0.199810803
    0.285972416 0.849044085 0.215695798 0.288591146 0.145706296
    0.781678438 0.120164722 0.296272367 0.236164898 0.252272844
    0.44700712 0.309127122 0.682498813 0.134144545 0.51049602
    0.290482908 0.768584788 0.999001622 0.532021165 0.019418776
    0.769673586 0.0408944488 0.10907039 0.946400285 0.546363115
    0.361855447 0.886265278 0.635004878 0.972619832 0.223594368
    0.147248507 0.826253176 0.504080772 0.20483464 0.830713987
    0.586132348 0.343638599 0.551505864 0.53418225 0.12387073
    0.690408826 0.263758361 0.883520007 0.16798228 0.304346681
    0.752825916 0.0396051705 0.668524265 0.898047566 0.874669373
    0.988213837 0.916230798 0.943758845 0.314650297 0.0161412358
    0.801428437 0.226494044 0.258994728 0.751906157 0.356811196
    0.800118923 0.73964566 0.645549357 0.973037839 0.106731534
    0.287021011 0.779433548 0.466425776 0.199006975 0.507205665
    0.0566928685 0.143568993 0.120958418 0.452105343 0.582702756
    0.187096834 0.199629635 0.658582211 0.99577266 0.0393097997
    0.865417838 0.574617088 0.914565742 0.331892312 0.177614719
    0.638873458 0.657791972 0.92267859 0.89688158 0.684090734
    0.162163347 0.672128022 0.308671713 0.227140278 0.920526981
    0.465485364 0.142818153 0.285531014 0.517926097 0.305238336
    0.472442329 0.202446282 0.0866749287 0.317006588 0.109522641
    0.914828241 0.971095383 0.202567697 0.487969339 0.317701578
    0.361926317 0.0668330491 0.580235541 0.395627975 0.576294661
    0.244216502 0.079905957 0.34646666 0.989738703 0.30983901
    0.749917865 0.0412489772 0.542091608 0.818991542 0.992910266
    0.973707676 0.543658376 0.271360338 0.520192623 0.744883776
    0.902533412 0.337747753 0.167961895 0.0639207065 0.95591712
    0.2330468 0.689748764 0.242822498 0.873200655 0.968113422
    0.190261692 0.446952611 0.692453265 0.0370586514 0.117770135
    0.834042192 0.781944692 0.806753516 0.966501117 0.80316484
    0.227873802 0.520946562 0.295205474 0.921878219 0.0705186725
    0.895440936 0.337888509 0.609002292 0.617604017 0.82776475
    0.734270632 0.30380109 0.910473287 0.270706117 0.830012143
    0.283229232 0.905184984 0.20799166 0.0756212175 0.434983045
    0.240239233 0.640231609 0.612992823 0.757776737 0.865643024
    0.817744315 0.35177213 0.180695921 0.288706541 0.0510216951
    0.73219949 0.983191788 0.0908572078 0.682257056 0.632734716
    0.75925076 0.732976913 0.878719449 0.127343953 0.515655875
    0.130292386 0.0118176937 0.251968861 0.445461988 0.341130912
    0.299422264 0.628082991 0.886745691 0.684720755 0.668601871
    0.0257565081 0.431335568 0.37204501 0.522596955 0.368918866
    0.0441325605 0.564756632 0.554718018 0.915699601 0.865928531
    0.272553563 0.396262288 0.320930719 0.277380943 0.848887801
    0.413773656 0.902916908 0.713340521 0.928434491 0.0648036897
    0.590194583 0.0138539672 0.0826483667 0.547368884 0.519611001
    0.704248726 0.46499747 0.343000025 0.322554469 0.41898641
    0.840259194 0.958266497 0.823480725 0.887643456 0.871567726
    0.757519484 0.362505317 0.878719449 0.525828898 0.171628326
    0.560927093 0.12117812 0.980968356 0.90658623 0.555870056
    0.466764152 0.785684824 0.290149122 0.0539532006 0.566182375
    0.120946646 0.171919525 0.0859659612 0.273268908 0.36043328
    0.918362439 0.21674329 0.369805902 0.634930253 0.953571677
    0.201574445 0.380484551 0.970183134 0.270759404 0.00449118018
    0.88593924 0.257366002 0.947071195 0.154958308 0.587577462
    0.325661063 0.0982033014 0.918066502 0.938243747 0.895174086
    0.985681534 0.860414922 0.558851123 0.262574703 0.572262347
    0.722065926 0.729031205 0.737696588 0.561777949 0.0190166831
    0.485710323 0.304499894 0.197054893 0.132120579 0.514264286
    0.30244714 0.167958349 0.87189889 0.658632934 0.27066505 0.321090758
    0.154614568 0.52790612 0.258256316 0.985079288 0.20528698
    0.281054229 0.22311008 0.839025021 0.0395857096 0.937370896
    0.294529259 0.791773319 0.811663508 0.172592103 0.00141367316
    0.995554268 0.509889066 0.123822838 0.957855463 0.132757246
    0.893725634 0.55332005 0.483870983 0.769660473 0.384921849
    0.171947569 0.838080347 0.641637325 0.558841109 0.81618154
    0.734256148 0.883635163 0.636304557 0.23795113 0.896478772
    0.104088545 0.217534393 0.069185704 0.293777764 0.239985555
    0.757132053 0.649544179 0.423610896 0.926432014 0.88534677
    0.257513046 0.72604692 0.503258049 0.602018595 0.376353562
    0.695298314 0.708740234 0.966819644 0.882783055 0.251307428
    0.766485214 0.622505307 0.933861732 0.246558666 0.0934052467
    0.104507029 0.206358314 0.635211945 0.464675516 0.505386233
    0.205010355 0.255277097 0.0845085382 0.495513886 0.051418215
    0.638921201 0.227049351 0.0342071354 0.0605105758 0.96801281
    0.659650147 0.291713238 0.790565491 0.981176257 0.383521467
    0.81086874 0.514244497 0.969107389 0.325214982 0.967985749
    0.620140254 0.442090631 0.0314539075 0.298126042 0.81466651
    0.49501282 0.662661016 0.382584035 0.839984 0.610374331 0.419047177
    0.520339787 0.285325289 0.639535964 0.978948951 0.765640497
    0.300814152 0.505251229 0.339322686 0.0367519259 0.1149849
    0.47300157 0.625791192 0.792862236 0.535168886 0.748940051
    0.479978621 0.672148943 0.403071135 0.367860675 0.223537862
    0.528467238 0.310530186 0.317155242 0.278679311 0.633512855
    0.457719266 0.940513134 0.851097524 0.967973351 0.0818387568
    0.164158851 0.0800708532 0.691931367 0.376986921 0.317383409
    0.206552476 0.748597682 0.436534613 0.478739232 0.190352052
    0.855666399 0.387189597 0.39496839 0.724982023 0.203445345
    0.350895643 0.675771236 0.724897385 0.569857836 0.689194322
    0.768658638 0.744900763 0.438345432 0.47443527 0.0385237634
    0.980531812 0.186633795 0.8542521 0.334077954 0.242803872
    0.728457332 0.606214523 0.657481372 0.890068054 0.547153533
    0.740126848 0.585010171 0.656326652 0.412840515 0.336639225
    0.951256275 0.292376518 0.634051859 0.621272802 0.557403326
    0.9173581 0.902010798 0.323626816 0.288236499 0.638094485
    0.965171576 0.0161443055 0.365602553 0.669299364 0.277793199
    0.62465632 0.755442441 0.168597192 0.382798076 0.996175647
    0.887615561 0.734614074 0.755487382 0.30248028 0.947103024
    0.30330193 0.0652145445 0.453147233 0.601554275 0.997209966
    0.79072845 0.85954839 0.326078117 0.913784206 0.829009891
    0.455602914 0.180965304 0.925230145 0.607729435 0.27760762
    0.252544641 0.7771523 0.995530486 0.102357596 0.104960144
    0.658070683 0.836351395 0.504010677 0.580284059 0.674840569
    0.269360185 0.556240916 0.3284747 0.653919816 0.72212249 0.423270851
    0.229451597 0.53389895 0.184756041 0.484621137 0.795973241
    0.621336162 0.433307827 0.435506761 0.623039007 0.605872035
    0.846734762 0.229586184 0.642208636 0.413120687 0.494255811
    0.748766959 0.488334656 0.20421499 0.260642409 0.155921608
    0.529698551 0.0260902047 0.330677122 0.390260398 0.187566936
    0.511993051 0.245176315 0.019292742 0.293539971 0.58290267
    0.0165328979 0.558982551 0.28872788 0.514004707 0.434840918
    0.676600158 0.645580411 0.189305305 0.671891272 0.17984122
    0.824121237 0.262490153 0.720982552 0.110853076 0.249770045
    0.695788801 0.700626135 0.707217038 0.974837422 0.0407060683
    0.236382604 0.228167266 0.931912124 0.925044656 0.337710202
    0.137429357 0.899816871 0.0252142251 0.30896008 0.178864568
    0.553654969 0.353504419 0.795190454 0.693494618 0.762968063
    0.438024074 0.863558888 0.904509604 0.794146538 0.953659832
    0.258882791 0.333793759 0.0520312488 0.675884128 0.489737719
    0.964418769 0.898109674 0.408240438 0.074449718 0.985176206
    0.422077626 0.740619481 0.0708490312 0.796983242 0.366763592
    0.372882009 0.636417985 0.905300617 0.99697113 0.565444529
    0.235023469 0.481844038 0.464417726 0.0708399415 0.043269068
    0.192944616 0.532204688 0.979527056 0.243359774 0.399147183
    0.767995238 0.0483297408 0.460469723 0.831001639 0.291068107
    0.247306943 0.268219411 0.535038233 0.945008755 0.709673405
    0.955916405 0.619446516 0.221739292 0.232014835 0.857242703
    0.102665544 0.190299332 0.302691907 0.763393044 0.419895649
    0.386651397 0.555127084 0.0242521763 0.810247898 0.382401168
    0.968339622 0.100622982 0.278199583 0.425557137 0.609957278
    0.678639531 0.467229277 0.122376233 0.877069473 0.881654382
    0.8201316 0.925260246 0.782855392 0.440488726 0.771486104
    0.080608815 0.100722581 0.529311597 0.425599247 0.815320611
    0.747347355 0.532967687 0.530268431 0.134472549 0.146987438
    0.29064405 0.211790055 0.719828844 0.24294129 0.775415063
    0.170742959 0.333697349 0.61760956 0.771091104 0.521662176
    0.357220292 0.163610935 0.358924925 0.952369928 0.0220883489
    0.725485146 0.631778538 0.116646767 0.436561495 0.446252555
    0.0545648634 0.456688911 0.853689611 0.311950743 0.197367311
    0.417021304 0.460348547 0.596320271 0.831711948 0.281264782
    0.011251241 0.316191912 0.925790787 0.0725627542 0.901218891
    0.0987145603 0.852882385 0.715332627 0.545741677 0.429382533
    0.302865028 0.10195908 0.642971039 0.613121092 0.670225084
    0.314143687 0.0810669661 0.99393332 0.671922266 0.775918722
    0.0633481443 0.352982759 0.342300981 0.788749099 0.0562408566
    0.916305125 0.40905726 0.846591353 0.332801402 0.913082182
    0.846398175 0.450991899 0.476309001 0.607753992 0.0372238755
    0.185290217 0.916226745 0.142308563 0.459903091 0.82326138
    0.729564786 0.787825286 0.47196722 0.676119685 0.0381067991
    0.903486013 0.512217462 0.0549887717 0.0632165074 0.849267483
    0.686648846 0.644900024 0.239263713 0.144567847 0.69163847
    0.829190373 0.992028892 0.257290095 0.360962331 0.00927636027
    0.193300694 0.509612441 0.85116142 0.284805357 0.193735749
    0.166576892 0.147309989 0.628391266 0.531150281 0.51019454
    0.136797696 0.497408122 0.23021093 0.78689301 0.042370677
    0.467116922 0.28482163 0.599841535 0.78615135 0.728765965
    0.868897021 0.952415705 0.281551272 0.6951437 0.415700167 0.14236936
    0.137255222 0.331815034 0.160406709 0.739267647 0.409682631
    0.726581156 0.270581126 0.546541572 0.523634493 0.205436558
    0.166627407 0.518672764 0.145987004 0.555958271 0.700691044
    0.667671025 0.313614279 0.790715218 0.526504576 0.44765386
    0.45566988 0.175698459 0.169059992 0.56134969 0.395635307
    0.678277373 0.993987739 0.00687885284 0.724377394 0.664082646
    0.500924587 0.870742381 0.702357531 0.0946179628 0.983366072
    0.620918453 0.852329254 0.38306421 0.607049108 0.197771192
    0.624512315 0.128463417 0.420892149 0.143264323 0.658311784
    0.257226169 0.388173074 0.871965349 0.588322699 0.461117893
    0.390424192 0.885254264 0.0907681882 0.48577258 0.361527056
    0.678231299 0.412195235 0.150578231 0.0898378491 0.0911280215
    0.747218847 0.688899338 0.635187328 0.306355834 0.472746462
    0.0930622816 0.0294968784 0.373424679 0.11263594 0.0881170332
    0.0913022161 0.0998542905 0.159324586 0.0934209824 0.358010769
    0.970591843 0.927476525 0.713060975 0.200434327 0.658639908
    0.0771791935 0.590228915 0.255978048 0.416266203 0.946317911
    0.747044802 0.0547772944 0.273705125 0.336953402 0.425967783
    0.14566648 0.333080798 0.0047967732 0.688912272 0.796939492
    0.34920311 0.473988712 0.835776687 0.100116283 0.62456286
    0.942879319 0.589588523 0.187760323 0.543454528 0.120849371
    0.87621057 0.466648757 0.189355433 0.33981055 0.801697314
    0.579883814 0.323108256 0.750757515 0.0948897004 0.318254292
    0.870855331 0.281720191 0.934850991 0.993093431 0.523881137
    0.952599049 0.918980479 0.0884109437 0.0555789173 0.884850383
    0.391159832 0.872586012 0.717363596 0.182584852 0.00568139553
    0.464263082 0.0775488019 0.405789405 0.178474247 0.630390167
    0.944030762 0.156411648 0.906904101 0.658862531 0.350817174
    0.508852661 0.204024136 0.448101759 0.0423505902 0.211186975
    0.364088595 0.206434667 0.978713751 0.0561994016 0.618718088
    0.366305351 0.917198956 0.82408756 0.379533708 0.808371663
    0.318977952 0.398175418 0.225069404 0.373793244 0.429495484
    0.985476732 0.881104827 0.461709797 0.392989725 0.331068099
    0.274886072 0.917547286 0.372794122 0.499623239 0.204421729
    0.604221761 0.580140591 0.605834484 0.662592828 0.470895082
    0.670837998 0.962977529 0.80261147 0.33614859 0.136658579
    0.628617764 0.577117264 0.26793766 0.333334029 0.406174719
    0.189948529 0.529961169 0.883432984 0.285598814 0.434523612
    0.996295154 0.933493435 0.960771084 0.732150793 0.847350538
    0.0534470975 0.26744771 0.84714663 0.907617331 0.408628404
    0.50279969 0.117835134 0.662956238 0.190910548 0.576694608
    0.955539167 0.666534185 0.263770372 0.753436804 0.736509979
    0.716680884 0.829261839 0.622790039 0.711476624 0.771610975
    0.163971663 0.0237595737 0.858100355 0.144152522 0.100794107
    0.474628031 0.0410281122 0.954629421 0.834030747 0.780762911
    0.452897698 0.849992633 0.974309385 0.282701403 0.653215408
    0.516534984 0.749585211 0.295132607 0.992947817 0.793291092
    0.746056259 0.501155376 0.558202744 0.708299339 0.39145723
    0.00389322639 0.908162475 0.856827855 0.795841336 0.881735206
    0.645111322 0.161771506 0.48560518 0.424841225 0.673748195
    0.808167815 0.427230179 0.540012479 0.147341728 0.81188333
    0.893816352 0.610393405 0.222985119 0.994681537 0.688515902
    0.247727543 0.361264169 0.295511127 0.182469994 0.130726755
    0.685953438 0.713012457 0.836402774 0.658323169 0.249534458
    0.446920007 0.917006135 0.95942533 0.867945492 0.166812181
    0.556153059 0.501574337 0.94010365 0.0305394232 0.932815075
    0.64247191 0.4606902 0.478950292 0.466150343 0.210934877 0.288255602
    0.884871185 0.574010432 0.0826295018 0.634077668 0.420183986
    0.112177134 0.3140288 0.221448243 0.365988761 0.346563339
    0.914699554 0.923328161 0.124310493 0.896542788 0.165220946
    0.305721164 0.0664260387 0.967200518 0.453650236 0.863121092
    0.257846951 0.907978058 0.0133258402 0.0018132925 0.605110884
    0.0603654385 0.845129967 0.730248153 0.027267009 0.599663317
    0.377240658 0.0386524498 0.313320667 0.235083759 0.843195915
    0.825045228 0.483911186 0.890624881 0.202273369 0.554248273
    0.823390126 0.743970811 0.117142916 0.548529029 0.273240089
    0.727926195 0.316052616 0.572277069 0.203560501 0.757306337
    0.919313788 0.594847918 0.120600998 0.21738705 0.12685293
    0.469368368 0.0286690891 0.182929695 0.645062506 0.116948277
    0.686619401 0.463151127 0.512469172 0.444121659 0.458606094
    0.746010602 0.0286802649 0.0891051292 0.227641463 0.90661478
    0.0075148344 0.0684961975 0.552271605 0.43140465 0.371579021
    0.868837476 0.943852723 0.0964355469 0.805853128 0.530229449
    0.920356154 0.550193548 0.697362006 0.578921199 0.160802275
    0.600921512 0.926749825 0.651028872 0.814129591 0.713853598
    0.377966404 0.867657304 0.369045317 0.492318094 0.221993804
    0.534023523 0.703521848 0.87317425 0.666631579 0.164758563
    0.985087156 0.00845220685 0.16532594 0.753421903 0.133481473
    0.553402841 0.487582535 0.795201778 0.0225413144 0.248352528
    0.3104406 0.714230061 0.48928386 0.856518865 0.288024157 0.394600004
    0.97388339 0.417714417 0.578546941 0.419635177 0.50747937 0.27130878
    0.551079273 0.688410699 0.518909216 0.81135726 0.260100842
    0.612279058 0.170277089 0.409893543 0.78057158 0.650950968
    0.903276682 0.0945705771 0.120273203 0.269674778 0.877478838
    0.511495173 0.704203129 0.160459489 0.776531935 0.0497325659
    0.218359172 0.372661889 0.329629958 0.436894387 0.221690655
    0.949440718 0.167929292 0.459435791 0.322343558 0.502854586
    0.383168489 0.484664291 0.586815596 0.455877185 0.269406557
    0.0431411266 0.445192844 0.322668165 0.187283218 0.966604233
    0.0771919489 0.301624745 0.837224603 0.295228988 0.455163538
    0.95681262 0.233105689 0.658770084 0.117698312 0.981426001
    0.442775905 0.882779717 0.210365772 0.619281232 0.830296993
    0.139364868 0.517103195 0.392885804 0.685525537 0.198533118
    0.289804429 0.918173552 0.304415226 0.3188622 0.578114688
    0.238987803 0.491789669 0.013277173 0.398490548 0.835721135
    0.226121843 0.578615308 0.542240024 0.179278642 0.557791889
    0.110047847 0.526472807 0.905000448 0.735759258 0.398901373
    0.396483839 0.5777964 0.0741245449 0.160343558 0.849091172
    0.063852489 0.746007919 0.411473393 0.20335117 0.104247332 0.801633
    0.880196333 0.0798986852 0.723762989 0.330048144 0.485941887
    0.551405966 0.900235951 0.0033929944 0.528937221 0.279845536
    0.0550260246 0.893145382 0.950077474 0.497043669 0.37274307
    0.413879931 0.10387826 0.531004429 0.174114317 0.978038192
    0.940712929 0.481591582 0.569984555 0.531642973 0.643402934
    0.631623149 0.593472481 0.232557952 0.332269192 0.213977277
    0.0840114057 0.911232531 0.291225761 0.0585469604 0.270656914
    0.214312136 0.127526909 0.955377877 0.789974451 0.888038456
    0.688239813 0.448754519 0.128074855 0.900367141 0.756447911
    0.0142591 0.123305947 0.640644312 0.0994186997 0.226556808
    0.669666767 0.682797492 0.232251465 0.113022029 0.812387228
    0.23739022 0.525785387 0.888275564 0.556688309 0.814917088
    0.772546053 0.235411316 0.212250113 0.593888342 0.485529095
    0.898599863 0.461077631 0.342634439 0.726545215 0.537710905
    0.996137977 0.888616204 0.289829791 0.914324999 0.583591104
    0.0878096819 0.499774545 0.139495462 0.57793951 0.4469091
    0.135069102 0.764210939 0.0151614249 0.257019579 0.537407041
    0.586495399 0.736538053 0.0878890753 0.487519741 0.884961665
    0.328750968 0.594092607 0.961027741 0.440601826 0.95838654
    0.0517624021 0.641059339 0.888770223 0.66388464 0.934276998
    0.16811952 0.706263542 0.00633755326 0.0940790474 0.437375814
    0.990100741 0.774518728 0.932613134 0.564469695 0.683573365
    0.596425235 0.718464434 0.202784389 0.744621813 0.85677129
    0.414538801 0.202864885 0.234750837 0.222403437 0.61627537
    0.423683167 0.53781563 0.409258753 0.962393582 0.794718504 0.2363545
    0.850878835 0.491410494 0.983789325 0.0089687109 0.815184593
    0.969679594 0.0816300511 0.269208491 0.462962091 0.586953938
    0.761229515 0.251618803 0.136955857 0.691067398 0.579193711
    0.142702341 0.966235936 0.475215852 0.51750809 0.395605654
    0.575427413 0.376618475 0.513845861 0.895097494 0.0390283167
    0.21241197 0.624659657 0.770566642 0.795175076 0.342319548
    0.285931945 0.470456779 0.966423869 0.249240935 0.899559379
    0.149078757 0.501740396 0.827034354 0.98346436 0.449379832
    0.492301106 0.640296161 0.407276183 0.529549778 0.489432037
    0.283942699 0.193716198 0.556299448 0.525664985 0.642487228
    0.853763461 0.610457659 0.222762048 0.0888921618 0.751581073
    0.05787009 0.85584569 0.846485198 0.96064055 0.847811282 0.927627444
    0.470542967 0.169890523 0.0677158535 0.642221808 0.978185415
    0.52600503 0.879523754 0.535351455 0.72950983 0.156957537
    0.0861341655 0.543729126 0.891797304 0.826986253 0.183779329
    0.389387101 0.896894574 0.689921737 0.132683098 0.674561262
    0.37474215 0.339421332 0.818880796 0.412571728 0.737311363
    0.949715614 0.714891374 0.313910961 0.500868559 0.238084257
    0.0943318605 0.0313181579 0.708145082 0.532449841 0.784831941
    0.617982805 0.257288098 0.762706995 0.991135597 0.402432501
    0.714445412 0.871069193 0.736750126 0.824168086 0.0256935358
    0.622814894 0.638423204 0.499231309 0.910924911 0.71379292
    0.163037807 0.920380831 0.91388917 0.410717189 0.575980246
    0.504042268 0.890204787 0.736596286 0.233223319 0.666992903
    0.979066074 0.214893281 0.96490705 0.826435208 0.903832734
    0.108900934 0.931800306 0.120108962 0.29192695 0.782424212
    0.627069116 0.838244557 0.419694245 0.226682514 0.784772933
    0.255127549 0.469091117 0.416555613 0.640485048 0.539720356
    0.48014164 0.213269919 0.107912779 0.13057074 0.325958312 0.12789157
    0.607330322 0.787162721 0.0371960998 0.126097888 0.333430469
    0.257526845 0.512061656 0.885045886 0.916874647 0.257240921
    0.286532044 0.544627726 0.0391620398 0.9180516 0.406379282
    0.991445065 0.887078762 0.01101318 0.876573443 0.048378706
    0.457096368 0.867580116 0.983719349 0.0785250664 0.524107754
    0.128700554 0.114386767 0.332190633 0.239228308 0.157654583
    0.742451847 0.566507757 0.826163769 0.531473696 0.572589219
    0.0920543373 0.822174668 0.681729317 0.507119954 0.743404329
    0.389819443 0.444198072 0.133966327 0.0623618662 0.037057966
    0.812052131 0.0673733652 0.647264779 0.209017545 0.176226556
    0.590749502 0.386038899 0.0300146043 0.50634706 0.171559781
    0.190000385 0.536406994 0.507543564 0.569900513 0.853758872
    0.867495179 0.891347408 0.0106905401 0.839296818 0.705607593
    0.946233869 0.327245235 0.14204663 0.153463006 0.595387101
    0.786503673 0.709074199 0.267428577 0.123524368 0.143029422
    0.862941027 0.91508615 0.11933741 0.696989059 0.898842752
    0.960534692 0.849335432 0.588867664 0.472407877 0.299246967
    0.125887752 0.806983709 0.429276735 0.422110081 0.175207853
    0.100707829 0.186734945 0.127469271 0.919928312 0.669486165
    0.783688426 0.689184546 0.279286623 0.692533672 0.162107587
    0.531729758 0.97268784 0.249040246 0.251331091 0.816502452
    0.393789232 0.0454615057 0.855420947 0.698948801 0.948760986
    0.732388854 0.800889611 0.547217429 0.47717768 0.386690766
    0.397352606 0.229311943 0.733055532 0.53181994 0.726697147
    0.195997655 0.649112999 0.402316093 0.960359573 0.96368432
    0.91184479 0.604373455 0.0230965316 0.533177793 0.119980335
    0.301313698 0.962845206 0.578220069 0.418405473 0.562114 0.250616252
    0.835998595 0.53443259 0.643434048 0.0684887469 0.733120143
    0.871834278 0.0727705657 0.941914141 0.0691423118 0.224330604
    0.992504239 0.83916676 0.322419673 0.729517341 0.845871806
    0.731423974 0.197375268 0.819156945 0.849923253 0.813800931
    0.853868246 0.546631694 0.378454149 0.129482567 0.186906517
    0.521538556 0.257358819 0.241163969 0.451377004 0.0607691705
    0.000371694565 0.501365006 0.0817177296 0.707534552 0.579641223
    0.0892475843 0.838611364 0.535986543 0.77134037 0.32082358
    0.721252203 0.243442059 0.513107479 0.682570338 0.57569927
    0.0410414934 0.761085987 0.0701952577 0.446951121 0.962607384
    0.562984824 0.442314774 0.579697073 0.0795071721 0.222843617
    0.63473171 0.162720054 0.921536982 0.980990529 0.278951406
    0.474120408 0.788256049 0.665348887 0.835519671 0.306232512
    0.496807486 0.490582496 0.00510215759 0.840032637 0.108279288
    0.0196957588 0.27986604 0.737314105 0.397896498 0.78226912
    0.0660278797 0.761921883 0.653209627 0.235438913 0.738962531
    0.419919074 0.278703958 0.30151847 0.583262384 0.740192711
    0.590245783 0.179759532 0.433292717 0.45142293 0.0859360695
    0.40003258 0.360480756 0.986097753 0.856591821 0.141099662
    0.0239084661 0.837651134 0.677084565 0.713425279 0.740465939
    0.282054305 0.788330793 0.428632915 0.351886302 0.060397774
    0.593492806 0.262002617 0.971590698 0.259632111 0.178914964
    0.069134891 0.961114645 0.362873256 0.934613824 0.638981164
    0.995069861 0.297498941 0.392421037 0.893979013 0.948536932
    0.626683652 0.0704536438 0.927745163 0.0709804595 0.826261401
    0.902435541 0.335166961 0.881513894 0.658783495 0.580055118
    0.10402298 0.361529857 0.884909987 0.502120137 0.243133664
    0.769892991 0.115674168 0.0954291523 0.559633136 0.0945717692
    0.316511989 0.884179592 0.7042256 0.626667857 0.0365279615
    0.291848898 0.129560381 0.108944893 0.243879527 0.791364789
    0.25281477 0.300594747 0.419989586 0.677434266 0.3405267 0.218381405
    0.28251183 0.290117353 0.774267554 0.719358087 0.506522715
    0.322555065 0.417668223 0.77921313 0.342292398 0.970248103
    0.734135389 0.989027143 0.47151491 0.377188206 0.415690839
    0.357078195 0.954977393 0.0236994326 0.609376788 0.8036201
    0.0916349292 0.378185153 0.397798181 0.251886189 0.725444376
    0.188657045 0.616027951 0.12917009 0.651078701 0.255776644
    0.63372457 0.562952995 0.292676717 0.774161458 0.746744812
    0.180571169 0.706401467 0.88679111 0.068251282 0.512925923
    0.00446212292 0.564765334 0.480870277 0.994952559 0.436314881
    0.649380922 0.558445334 0.633195579 0.393331945 0.332585782
    0.673070848 0.392783821 0.579017103 0.747698486 0.00257000327
    0.78742826 0.349844933 0.00614842772 0.733166933 0.212898672
    0.0535600185 0.587067604 0.546227872 0.201075286 0.447969884
    0.638130307 0.266434431 0.585276783 0.429829061 0.304757476
    0.441607922 0.829914093 0.22562775 0.0805642307 0.967867672
    0.848513126 0.0914394259 0.521695495 0.076372385 0.57444942
    0.882246494 0.140889913 0.5438779 0.813472986 0.721762896
    0.657435954 0.0552558303 0.326210916 0.285576314 0.391682655
    0.431633294 0.0877332985 0.41071564 0.216650188 0.391120076
    0.91869086 0.641380548 0.467620313 0.921249509 0.351786554
    0.776841581 0.75437665 0.590281546 0.942197382 0.704588294
    0.180122346 0.715601683 0.218778402 0.12326923 0.588191867
    0.392271966 0.219344318 0.725364864 0.609145582 0.992754936
    0.0331602991 0.541634679 0.856513143 0.142750323 0.981114268
    0.911044896 0.88309288 0.888449192 0.96513027 0.368519425
    0.239432365 0.0818001032 0.371052116 0.368808329 0.288472414
    0.338970304 0.65487057 0.858495593 0.506222486 0.0269986987
    0.273859084 0.903258562 0.0330292583 0.793170333 0.313616604
    0.569007695 0.15764907 0.280584216 0.568158567 0.957916439
    0.832567036 0.621341467 0.805124223 0.260473102 0.235030472
    0.342260599 0.68107748 0.228486449 0.197553635 0.682987332
    0.302732795 0.0678850412 0.233008564 0.504162669 0.354253888
    0.860831916 0.252121657 0.790113449 0.190890312 0.882380903
    0.0306354761 0.104222894 0.902796268 0.742565691 0.276471019
    0.866099179 0.269148648 0.659907699 0.729722261 0.045337081
    0.972703338 0.849836707 0.651598334 0.300833642 0.0586585999
    0.165206671 0.282001555 0.221895903 0.397324532 0.356052279
    0.33951515 0.105678916 0.454841077 0.868745685 0.407446265
    0.471545428 0.160999268 0.348689318 0.622961581 0.0322431028
    0.885738552 0.412652701 0.962847054 0.54430598 0.123388976
    0.797148287 0.614576042 0.61202383 0.39068383 0.0221142173
    0.36815083 0.86465323 0.467583477 0.299588561 0.415812194
    0.191556573 0.278009117 0.413866639 0.584793925 0.120645523
    0.620785654 0.50395143 0.614635587 0.716017604 0.305788249
    0.613710999 0.707906485 0.272312135 0.803634882 0.0429996848
    0.39732632 0.580439687 0.553146064 0.477734596 0.860494077
    0.00614473224 0.694479704 0.803702593 0.162261814 0.0428335369
    0.608151078 0.681309938 0.756691575 0.671816051 0.890520275
    0.621118009 0.590972185 0.807042301 0.581458092 0.314255685
    0.668010771 0.259576917 0.205982029 0.170241982 0.570919394
    0.662004232 0.492081732 0.870182276 0.587857604 0.486682773
    0.530469835 0.170061231 0.417865038 0.526431262 0.108694971
    0.513292968 0.00370311737 0.502248645 0.438234478 0.11117512
    0.269741267 0.284643412 0.854943275 0.143503219 0.87359935
    0.0408549011 0.773207784 0.430749625 0.409250021 0.340844333
    0.807908893 0.996298373 0.333128989 0.261214495 0.125172049
    0.502057731 0.413413644 0.699483454 0.77761209 0.0659778118
    0.013500154 0.213182837 0.116526484 0.272304118 0.866729915
    0.359626472 0.30603826 0.665446162 0.674528241 0.294929147
    0.234083593 0.741483986 0.0614644885 0.173003733 0.659123838
    0.686406791 0.115104526 0.83417058 0.0336155295 0.530679524
    0.899172604 0.530336797 0.975005209 0.907444715 0.171815604
    0.512113869 0.15879032 0.116364807 0.409391284 0.709671438
    0.811980963 0.29260385 0.468655407 0.914836228 0.64983201
    0.0199943185 0.300556898 0.814987719 0.903101802 0.775994301
    0.920852423 0.224329591 0.730936766 0.155518591 0.6533584
    0.00384116173 0.0911741853 0.223896623 0.92822957 0.684362173
    0.330668211 0.920139432 0.550211132 0.0427769423 0.550326169
    0.613990605 0.277570814 0.361881793 0.157856196 0.747246981
    0.500016153 0.20476681 0.748825252 0.271749377 0.959227383
    0.218013585 0.73120141 0.969685495 0.118069857 0.698199868
    0.834408998 0.25516963 0.96360445 0.495249629 0.055091083
    0.819092393 0.43196699 0.29531163 0.0932508707 0.644277394
    0.787346959 0.721466959 0.846145868 0.880144596 0.439540505
    0.995642424 0.836993933 0.827191353 0.016189456 0.0953905582
    0.80583477 0.47819826 0.103431284 0.470623016 0.481499463
    0.166106462 0.718971431 0.639458239 0.586491883 0.197858721
    0.666712344 0.257552803 0.210968226 0.61961782 0.0574608147
    0.244214952 0.77499336 0.855374098 0.153614163 0.547753513
    0.0238878727 0.896454096 0.268924057 0.349769592 0.106709629
    0.748367667 0.130303979 0.761377335 0.813890576 0.92828536
    0.0140700042 0.763184428 0.525303781 0.988943875 0.66903317
    0.35035646 0.0181871653 0.60330385 0.00985386968 0.503103375
    0.0987459123 0.100711465 0.670065522 0.766109467 0.0636386573
    0.960099578 0.671913326 0.148790479 0.620441556 0.895794868
    0.123839289 0.337934971 0.230895907 0.0782374442 0.552358568
    0.362050176 0.241462737 0.0954143703 0.850953937 0.543632746
    0.799312711 0.964780033 0.386251628 0.0349449515 0.193633258
    0.196490765 0.508179069 0.116250008 0.438411295 0.499260068
    0.187033892 0.316762269 0.972593904 0.568218768 0.891014874
    0.752323031 0.139445305 0.280896515 0.178218573 0.770502746
    0.294458896 0.667410135 0.303493202 0.631540895 0.65450865
    0.744081676 0.98380518 0.600098372 0.268628806 0.337873161
    0.0928147137 0.531378746 0.0303892791 0.0618200898 0.724286079
    0.538633704 0.0203570724 0.602410376 0.839477837 0.527568102
    0.630814433 0.308739603 0.602142692 0.943527579 0.756379008
    0.761534691 0.549019754 0.398185849 0.355054885 0.98341918
    0.0911423862 0.741446614 0.610633433 0.570765436 0.770365477
    0.680472314 0.289785653 0.389953911 0.298291981 0.886208773
    0.0262229443 0.729925156 0.611257613 0.60059756 0.814941108
    0.748669624 0.0337685347 0.414445043 0.894561708 0.919436693
    0.777918696 0.529914558 0.037158072 0.177884459 0.61479032
    0.215938926 0.557563543 0.631538153 0.547349811 0.458235383
    0.594480574 0.987574637 0.874627888 0.591895044 0.448688984
    0.884503603 0.474542648 0.623033762 0.549657345 0.682890415
    0.161633492 0.709084153 0.162924558 0.951571465 0.281961501
    0.866455317 0.136101305 0.738278568 0.296194017 0.811738729
    0.927225232 0.145680547 0.163750261 0.688137293 0.532079458
    0.603747845 0.615416884 0.0869133472 0.167618752 0.660384357
    0.0599564314 0.501008868 0.339103043 0.276562661 0.650678992
    0.716204643 0.808980882 0.927948833 0.401741803 0.405488551
    0.647553146 0.0560436547 0.609972894 0.556210577 0.173603028
    0.25839299 0.733471453 0.985416353 0.871527076 0.0456423759
    0.344186306 0.844790578 0.413338482 0.772360086 0.837313592
    0.156049818 0.71680373 0.218824893 0.376771808 0.0712521076
    0.450114101 0.27858609 0.239072293 0.363067925 0.097292304
    0.740398884 0.824829042 0.74898088 0.615870357 0.0978471041
    0.813034177 0.842766106 0.388603806 0.697163761 0.797258973
    0.188048303 0.624271095 0.485028207 0.997364759 0.134458721
    0.789521813 0.233440012 0.585345745 0.452152729 0.726225615
    0.436319023 0.536103487 0.089322269 0.591172755 0.362934262
    0.970610499 0.828285098 0.880589128 0.759233832 0.684465826
    0.538511157 0.357502848 0.801213443 0.570207775 0.213032424
    0.00760793686 0.126595259 0.353530109 0.372016639 0.103326887
    0.0832384229 0.740932703 0.242817879 0.795350969 0.177025616
    0.186774313 0.895970106 0.200985044 0.0962345302 0.856704235
    0.47379756 0.953951359 0.0433542728 0.121075422 0.615453541
    0.833342671 0.617607594 0.147210956 0.276435912 0.598191023
    0.345562369 0.894354582 0.454329729 0.15665248 0.94046402
    0.832144558 0.793064713 0.819728434 0.341522276 0.254865944
    0.725693762 0.0482581556 0.863520265 0.165370226 0.884861052
    0.878813028 0.956531227 0.309875697 0.119240493 0.89877522
    0.437892705 0.728817761 0.606380522 0.360796273 0.671105742
    0.980596662 0.221206248 0.0713226199 0.821590364 0.386135161
    0.712594032 0.876280189 0.605132103 0.717933416 0.452669293
    0.785138726 0.871195078 0.658814073 0.224663764 0.429810643
    0.50636375 0.5555287 0.105585873 0.0304941237 0.79104495 0.487823397
    0.717778981 0.156503588 0.586545765 0.349099964 0.96926558
    0.311990798 0.364866436 0.154650152 0.633451104 0.394742042
    0.652976453 0.400164664 0.450872809 0.117554545 0.528366745
    0.291541517 0.0394694805 0.548503399 0.0878377557 0.815143347
    0.612675309 0.817944825 0.714456916 0.153941095 0.797556162
    0.941749513 0.0674239099 0.287136108 0.351030618 0.761201382
    0.337663949 0.776528358 0.0631127059 0.830768585 0.981638193
    0.27214992 0.636788666 0.845936 0.647834003 0.168806523 0.990224123
    0.480321556 0.775179863 0.843608975 0.827909946 0.0289486051
    0.279758304 0.443240643 0.262806296 0.651047826 0.581571043
    0.28555119 0.606259406 0.616632879 0.720525861 0.673088968
    0.160681278 0.114721894 0.370043337 0.0843640864 0.627017617
    0.56174016 0.626645088 0.27963835 0.596043766 0.289581239
    0.693944395 0.638511419 0.718725324 0.643800318 0.141775459
    0.344364017 0.838440537 0.843380749 0.533955157 0.515174806
    0.588097394 0.229593277 0.643079281 0.481696248 0.437742531
    0.271677315 0.271542609 0.464052826 0.332799911 0.779302001
    0.352157295 0.13642633 0.97452569 0.667312741 0.861643553
    0.0673862696 0.879206061 0.0836061239 0.937401772 0.570313275
    0.268769026 0.225635558 0.54870373 0.863669395 0.828514636
    0.152865082 0.744959593 0.982367754 0.449098349 0.268301189
    0.747560322 0.69438976 0.704407573 0.199558169 0.312823534
    0.423593283 0.189042717 0.149759024 0.516239464 0.874207973
    0.0317273438 0.029566884 0.914668202 0.465899587 0.383324474
    0.249995917 0.167512089 0.577359557 0.248809367 0.769470215
    0.46213755 0.888664603 0.0095974803 0.799912572 0.0734225214
    0.327372134 0.23332423 0.556885064 0.737775862 0.163691789
    0.936535716 0.61737591 0.320247382 0.490217656 0.669853508
    0.95871377 0.961785793 0.315326452 0.410116553 0.728885651
    0.359907448 0.565211236 0.462467194 0.462865084 0.523396969
    0.177577138 0.801163912 0.51420486 0.816533566 0.835925698
    0.234059453 0.075599134 0.660720229 0.559154153 0.4336586
    0.925445557 0.519428372 0.166329741 0.224725068 0.554050088
    0.195255935 0.134749085 0.555077791 0.645942032 0.407249063
    0.933995008 0.349414557 0.105306774 0.361137748 0.89375031
    0.345141798 0.624744773 0.959686399 0.337884396 0.34362942
    0.0281967819 0.644234657 0.493662238 0.0460769534 0.416986525
    0.289048195 0.883597851 0.294050425 0.394489169 0.707702994
    0.190616339 0.988399267 0.310348034 0.0251561701 0.692571819
    0.504650235 0.697055221 0.716316462 0.1462183 0.336425602
    0.608284473 0.100582898 0.232343554 0.675487757 0.580764174
    0.811931252 0.452411056 0.551733196 0.946439624 0.940656602
    0.824979067 0.137262613 0.848183274 0.429106176 0.608008444
    0.959156752 0.67996645 0.748019755 0.75112772 0.746107697
    0.752349615 0.283334255 0.627303481 0.391905159 0.434408545
    0.855064869 0.462093949 0.759121776 0.298786283 0.146989077
    0.350634664 0.75522542 0.763529062 0.315881371 0.753209233
    0.976372361 0.984435081 0.084667474 0.652544916 0.22620979
    0.104839474 0.0772913098 0.496648163 0.0268234015 0.783820629
    0.314363897 0.269930094 0.378736556 0.224133819 0.338399172
    0.736195326 0.691452146 0.725559473 0.651256502 0.739208579
    0.569712162 0.378845036 0.48898682 0.288445562 0.423611879
    0.509668648 0.776625097 0.123051524 0.115399987 0.12193799
    0.38444221 0.00677940249 0.762142181 0.62725395 0.760704517
    0.995819211 0.460591704 0.0803532898 0.497781932 0.908222079
    0.396303952 0.25548315 0.150196731 0.141617656 0.180814087
    0.808344126 0.00265553594 0.400958359 0.413167357 0.468778312
    0.746606469 0.00894135237 0.540160596 0.888646841 0.050037235
    0.292306364 0.93339932 0.945798099 0.642009735 0.847200274
    0.212832719 0.82651937 0.0652907193 0.0349377394 0.801727653
    0.287559688 0.970617592 0.854787052 0.350227535 0.720958114
    0.440309882 0.954459131 0.841444314 0.577450812 0.710987628
    0.586478353 0.970714092 0.622749746 0.0121106207 0.131213218
    0.863491833 0.957883239 0.109470934 0.648140788 0.575912237
    0.309861541 0.882734835 0.0608994663 0.957003593 0.940172911
    0.189815551 0.397510946 0.344745874 0.973971009 0.809590459
    0.494463921 0.21933946 0.249645442 0.484968245 0.937164187
    0.884994686 0.939933658 0.204038113 0.625997305 0.719733953
    0.845164895 0.88945055 0.93604821 0.307545483 0.28805697 0.413050771
    0.618019521 0.99612987 0.595045447 0.301703393 0.629521906
    0.564043939 0.172682077 0.399190098 0.279197127 0.933956623
    0.528051138 0.650195658 0.523079574 0.103716701 0.261374056
    0.95518446 0.196051687 0.0224227905 0.333150476 0.546802402
    0.831095874 0.77633667 0.394109279 0.946004748 0.141509503
    0.883955598 0.457683295 0.177733779 0.624320209 0.198690236
    0.825627208 0.654841483 0.738782644 0.0709761977 0.637106061
    0.995885253 0.771208763 0.544229448 0.192470789 0.590131998
    0.88256669 0.532905936 0.480433464 0.815690398 0.426923662
    0.997174263 0.217834383 0.22320506 0.0933030248 0.742839456
    0.677196383 0.07050699 0.15721035 0.603653967 0.243795395
    0.474522859 0.887727618 0.425938189 0.227752864 0.0674949586
    0.679315388 0.199459165 0.0173102021 0.476059616 0.512858391
    0.707405448 0.805832386 0.19642812 0.506293952 0.325903982
    0.740412414 0.2541807 0.67275703 0.522520959 0.540233493 0.694743395
    0.149279296 0.189674377 0.178873241 0.858180463 0.378471345
    0.714215517 0.802525043 0.795841515 0.418474227 0.0234158337
    0.893175244 0.0274068713 0.2761814 0.936932087 0.296144903
    0.765236974 0.779029012 0.977005839 0.432586432 0.197861373
    0.930232644 0.495254129 0.262662977 0.334009439 0.0761682689
    0.37705639 0.728482366 0.514500797 0.889391303 0.767938435
    0.826068997 0.338404089 0.384586245 0.280878067 0.054744035
    0.779883146 0.5600456 0.274844974 0.930773973 0.407054037
    0.775542736 0.24481371 0.545422792 0.347108841 0.651203513
    0.0717102289 0.56574285 0.0266003311 0.158954233 0.711292684
    0.93834722 0.351847291 0.952803731 0.868850112 0.301889211
    0.197861165 0.665666461 0.868328094 0.987017512 0.562580824
    0.286366463 0.601116598 0.215967864 0.846695483 0.708096027
    0.970210671 0.255825043 0.211740017 0.0955759585 0.837599993
    0.395708293 0.897516489 0.420919359 0.0102080703 0.0229170024
    0.806785941 0.630743027 0.460220873 0.494297922 0.817529976
    0.876091361 0.901348948 0.485056967 0.129792303 0.576479316
    0.364769399 0.85533458 0.412691414 0.661273122 0.91063118
    0.307589531 0.125019759 0.857109904 0.0368928313 0.349576265
    0.259521872 0.477602333 0.866460919 0.999703288 0.978353143
    0.631032288 0.439197034 0.565059423 0.676191628 0.322688282
    0.644852042 0.353683203 0.362074435 0.610709846 0.633116186
    0.543350399 0.08169806 0.4639045 0.317524672 0.930907488 0.843306661
    0.30288744 0.513970792 0.471833259 0.252175331 0.865691423
    0.956723928 0.34575817 0.259614766 0.243772805 0.145870298
    0.661223888 0.887925744 0.705122828 0.826520562 0.978629112
    0.204526722 0.224869877 0.692445934 0.786242485 0.710055053
    0.732031703 0.82693541 0.397856653 0.617801666 0.440154284
    0.876674294 0.961224198 0.365684897 0.349192441 0.458620489
    0.0279319882 0.893148065 0.82576859 0.0113102794 0.490601897
    0.948026896 0.0874857903 0.489587098 0.665806532 0.658161044
    0.874480665 0.960067868 0.31307447 0.941373706 0.147477567
    0.341394126 0.2832461 0.960482359 0.609619021 0.280777216
    0.0528143346 0.385305554 0.00982004404 0.232133746 0.0489432216
    0.716442108 0.0457103848 0.7696262 0.492986888 0.255643129
    0.997377753 0.434992939 0.175273389 0.234397501 0.483588606
    0.0678072572 0.981078744 0.876809955 0.367781699 0.36675933
    0.73744756 0.714924574 0.0536520481 0.770970464 0.189731866
    0.686908245 0.399785161 0.952674747 0.886877775 0.262118399
    0.714598238 0.382825673 0.318823397 0.370465815 0.394462049
    0.881285906 0.169706374 0.0355676413 0.500079751 0.343073189
    0.716297269 0.104439557 0.582131267 0.511383653 0.994822621
    0.954280496 0.278134108 0.136173546 0.476304084 0.967243552
    0.95234102 0.978486478 0.1153557 0.737380147 0.731409669 0.757157743
    0.907731771 0.207424402 0.106820375 0.479331255 0.357027233
    0.282158285 0.726092815 0.913107157 0.910355747 0.129657626
    0.223317683 0.129925221 0.328991115 0.945518494 0.964967489
    0.217369199 0.759015203 0.00467178226 0.72358799 0.622697234
    0.661440134 0.539331198 0.131903857 0.131895155 0.130235374
    0.109023929 0.750415981 0.564406395 0.736791134 0.216126382
    0.513951778 0.612359226 0.0527795255 0.317525655 0.224038184
    0.663762987 0.111639172 0.36765033 0.538685441 0.566016912
    0.300847173 0.546057463 0.354034901 0.440403402 0.333769381
    0.930012226 0.46907413 0.0190628767 0.924265623 0.94942975
    0.497219324 0.335159719 0.918704987 0.81524992 0.0176012218
    0.882650793 0.684102297 0.454268634 0.884463906 0.339461803
    0.375037611 0.243544251 0.606579065 0.930898666 0.537970364
    0.26231873 0.759580493 0.334427059 0.432515919 0.750250757
    0.243923008 0.860044003 0.569223821 0.683497548 0.313072085
    0.254840374 0.746784091 0.636669695 0.511311412 0.493577242
    0.0135262012 0.588941216 0.419084847 0.563938677 0.247344613
    0.625489056 0.890427887 0.851065397 0.854004383 0.356108487
    0.213282943 0.725259423 0.410389334 0.836958289 0.0135340095
    0.206760347 0.27909711 0.690847874 0.669480264 0.347474486
    0.282213479 0.84761405 0.524291992 0.859391928 0.861743689
    0.0226871967 0.597243547 0.839180708 0.390826821 0.97282517
    0.407874733 0.39059183 0.797296047 0.0767354965 0.706735432
    0.538680911 0.37901625 0.523799419 0.228494793 0.376623005
    0.660950363 0.186947256 0.00169345737 0.993972898 0.273188114
    0.793440521 0.578424335 0.978714466 0.567877054 0.407294035
    0.161433548 0.427015513 0.0114957392 0.738088131 0.199961752
    0.334287584 0.554788768 0.357042253 0.420007169 0.928387046
    0.805927873 0.410323411 0.0338084996 0.0751919448 0.227755725
    0.7934376 0.00938379765 0.618470788 0.0125776529 0.144927859
    0.764218211 0.0218836367 0.0226437449 0.492111653 0.094302386
    0.895559251 0.0707928538 0.48936981 0.00771844387 0.785946727
    0.00425833464 0.449835688 0.741672516 0.173313677 0.712475538
    0.18830061 0.562360644 0.469422609 0.830737591 0.316230059
    0.460184216 0.276316494 0.917320907 0.365531683 0.596458554
    0.277475417 0.872103393 0.449554235 0.269451916 0.737601876
    0.0312113166 0.590881586 0.481774777 0.575717807 0.246483028
    0.505122066 0.817523539 0.780522227 0.784391165 0.454421073
    0.141903996 0.939132452 0.541556418 0.29661864 0.409342378
    0.088653326 0.839977443 0.180314571 0.918664813 0.903149247
    0.544790149 0.751644135 0.0380503237 0.85621047 0.137372285
    0.531504333 0.0820926726 0.961354494 0.00903192163 0.591810882
    0.44800669 0.0335633457 0.98438555 0.959779739 0.702545941
    0.769408584 0.551498413 0.939211547 0.296554267 0.169612378
    0.117310703 0.636817873 0.443506956 0.665779591 0.360249609
    0.00145560503 0.519704461 0.267372429 0.965884924 0.694730639
    0.664090812 0.758117318 0.793875039 0.604347229 0.782820821
    0.524423897 0.867482066 0.0752885938 0.0417756438 0.664807379
    0.0168747604 0.110468924 0.87277323 0.597666264 0.981439531
    0.656287551 0.702185631 0.883447707 0.64465642 0.561458111
    0.0672304034 0.947707176 0.126881212 0.453481436 0.10352996
    0.386958957 0.194130838 0.544102311 0.132088989 0.227161646
    0.212176234 0.407655627 0.0331627727 0.885798573 0.385680616
    0.933730006 0.143041164 0.759900451 0.820468783 0.749413669
    0.801073015 0.322408497 0.0553342998 0.48607102 0.69021982
    0.701904833 0.20642665 0.335874945 0.501300335 0.726057768
    0.441708773 0.792382598 0.942067385 0.298764914 0.376985252
    0.791872382 0.98444593 0.849395156 0.0729530454 0.114172429
    0.648410678 0.883833051 0.263760805 0.285459429 0.383440942
    0.378980726 0.406356603 0.801434994 0.935626388 0.164779872
    0.369031668 0.138135672 0.532895744 0.537892222 0.174741626
    0.204008251 0.41059804 0.10696587 0.836476624 0.307424307
    0.268185556 0.920760214 0.870716274 0.414906204 0.93859154
    0.0308144689 0.805957437 0.68310231 0.00855249166 0.861517906
    0.816427648 0.510471404 0.837992728 0.929376006 0.114135534
    0.634716034 0.387432784 0.680848241 0.502405226 0.371423125
    0.387464553 0.551057398 0.323702663 0.54003787 0.434480876
    0.375821918 0.717510462 0.587521255 0.136096478 0.471686929
    0.682441473 0.637555242 0.630706966 0.771662533 0.234996527
    0.734757543 0.471846402 0.761011004 0.751966119 0.479979038
    0.226621419 0.350969762 0.533787429 0.399099588 0.581328332
    0.70229423 0.247163445 0.0418932736 0.66023922 0.050896287
    0.707005382 0.582737386 0.380940169 0.608873427 0.157054007
    0.807301462 0.353396744 0.590702593 0.724353909 0.556077838
    0.717514515 0.991129041 0.786280274 0.372246772 0.495463729
    0.818114281 0.966340542 0.132467568 0.482588321 0.358258307
    0.290008545 0.451178163 0.308611333 0.250284076 0.929290831
    0.168298274 0.298336893 0.847931147 0.432950139 0.778505683
    0.505488873 0.395889103 0.413250089 0.533231914 0.873393297
    0.177204043 0.681234717 0.831044674 0.154802144 0.326761961
    0.700664163 0.805190682 0.110096097 0.95900172 0.0218622088
    0.923662543 0.987924576 0.486917853 0.140633136 0.145883799
    0.703630209 0.369404018 0.812285244 0.134735554 0.583033085
    0.980254412 0.996412098 0.263641566 0.0891738236 0.939338684
    0.229213983 0.805727184 0.591492474 0.485231578 0.641641617
    0.766347408 0.841833115 0.0350339413 0.15888676 0.642628789
    0.648731828 0.463564605 0.838166237 0.908883333 0.990321517
    0.99514544 0.206284851 0.386991948 0.889548719 0.415589154
    0.892756999 0.331056952 0.124947429 0.502088666 0.737808704
    0.810764909 0.468718469 0.050917238 0.101523757 0.865036428
    0.635395467 0.356630981 0.63089788 0.513379514 0.82119137
    0.802739382 0.653101027 0.621961057 0.0930433869 0.0474798977
    0.393784106 0.672589242 0.591354907 0.126125872 0.78756088
    0.753434539 0.986863852 0.979492426 0.341908395 0.546844482
    0.829055786 0.639810562 0.737100363 0.713065386 0.972526014
    0.750103116 0.3632375 0.147436321 0.0128341615 0.647802353
    0.0913367271 0.702370405 0.84843123 0.470673352 0.852090716
    0.112986118 0.139947742 0.241326958 0.65356034 0.0904684067
    0.203794986 0.00396376848 0.675144434 0.395621926 0.0815156996
    0.528989851 0.654337704 0.393129885 0.155284792 0.943219721
    0.596820414 0.165878862 0.807482243 0.861956418 0.126712114
    0.641157627 0.325944185 0.668762207 0.883278489 0.449766636
    0.621921182 0.339660406 0.443020582 0.740735888 0.450341493
    0.659869611 0.867551446 0.171208262 0.836404443 0.0685366988
    0.148724943 0.793008685 0.593372345 0.716876745 0.89441514
    0.711484671 0.307595611 0.639181137 0.948283553 0.504723549
    0.948698699 0.31032747 0.319346547 0.650082231 0.493173689
    0.193580985 0.218742579 0.200816214 0.644874692 0.717061758
    0.542459011 0.80486995 0.841296077 0.334009379 0.298825353
    0.526333749 0.669273138 0.0984703898 0.160799295 0.211017162
    0.355229676 0.569035351 0.538944662 0.990313232 0.158085793
    0.587222755 0.0145726204 0.663487494 0.298002094 0.259152412
    0.557358801 0.363699496 0.327650487 0.103215724 0.921839714
    0.994771659 0.0167934 0.206064135 0.162065506 0.400964081
    0.186412752 0.503460169 0.613646686 0.57908076 0.768705964
    0.24047187 0.367367089 0.984919786 0.567454517 0.594612539
    0.474581629 0.062254101 0.0313582122 0.490867257 0.698453426
    0.142713904 0.965833604 0.0205742717 0.593333781 0.765417159
    0.575027406 0.0583031178 0.807262897 0.177686572 0.131389827
    0.191708058 0.350119114 0.231619358 0.515792847 0.28551656
    0.895967364 0.272973478 0.286234915 0.553291142 0.165754735
    0.489319116 0.571010828 0.767154098 0.407382667 0.0594038069
    0.373577654 0.557213783 0.989207864 0.490446806 0.235180557
    0.063522011 0.730248094 0.0822889209 0.698262274 0.768898249
    0.485712469 0.673574388 0.214507878 0.0782465339 0.386404693
    0.631134987 0.545089781 0.229650557 0.157405883 0.0247341096
    0.46413964 0.851897717 0.78172195 0.129965574 0.89405942 0.135752141
    0.0219419897 0.213483244 0.779861331 0.398062795 0.794133127
    0.868556499 0.781074524 0.174449265 0.968417883 0.459198713
    0.705415726 0.690009713 0.806277037 0.737901509 0.872275412
    0.2706545 0.186041385 0.372194946 0.861142516 0.419202536
    0.449354082 0.949498534 0.350196958 0.395774037 0.988060713
    0.779974461 0.222537398 0.878744066 0.772081852 0.889263332
    0.860759616 0.304306507 0.722577035 0.895757735 0.749001384
    0.677727103 0.505499601 0.412146538 0.265860856 0.0545519888
    0.163148612 0.366756111 0.440888286 0.128648281 0.551021397
    0.336959898 0.956372559 0.0240727663 0.363971889 0.338265538
    0.501873553 0.823536575 0.935449362 0.404450685 0.590875566
    0.264243692 0.911105752 0.656151831 0.715006948 0.196499854
    0.0157838166 0.983574033 0.922055483 0.689248323 0.863581359
    0.703170896 0.749621093 0.991219461 0.917337298 0.875602484
    0.838705599 0.791594863 0.95086205 0.897954464 0.969547868
    0.833787084 0.164172322 0.433524072 0.33395496 0.567522645
    0.945554256 0.671078265 0.40042147 0.153959811 0.664949 0.677323639
    0.872504711 0.448059261 0.906652331 0.393415362 0.425075263
    0.74535203 0.601234376 0.89952004 0.466147125 0.24810046
    0.0761240721 0.362891495 0.210275531 0.515098751 0.361233473
    0.160026997 0.430641055 0.0161752105 0.62344259 0.762079835
    0.319293141 0.052407831 0.0602816045 0.23647964 0.650862873
    0.414853573 0.788718462 0.499592841 0.451017022 0.870228291
    0.425857335 0.21551919 0.254319906 0.29240787 0.199100703
    0.758500218 0.107347101 0.462198466 0.844626069 0.95236659
    0.170957565 0.0668687224 0.406260997 0.127761513 0.411832899
    0.425521076 0.360494912 0.603010833 0.719434261 0.71769768
    0.22196418 0.451983094 0.570986867 0.682283998 0.262706578
    0.456711531 0.779350519 0.291964978 0.757731855 0.74573946
    0.296199501 0.569683433 0.452243835 0.328645885 0.19001016
    0.963507652 0.686995268 0.835076213 0.755937994 0.839202464
    0.0746134818 0.274440825 0.178889245 0.726476908 0.439932913
    0.679374337 0.442598015 0.462775141 0.687206626 0.175688386
    0.548345923 0.927147627 0.443357646 0.910860062 0.118001074
    0.754946589 0.547407746 0.279548705 0.787558317 0.224247158
    0.0422120094 0.76613903 0.514466524 0.886830688 0.779690027
    0.488901824 0.0783304274 0.126196325 0.716212034 0.549154878
    0.250734895 0.831863225 0.884359837 0.835582316 0.0259792507
    0.135948092 0.544201672 0.802196145 0.683222771 0.6271891
    0.413774312 0.56233263 0.281447947 0.699320436 0.755559504
    0.263273001 0.608609855 0.769728422 0.374522299 0.959759951
    0.151235968 0.939618886 0.888002038 0.301116765 0.621468663
    0.890077233 0.310285449 0.610150814 0.476946831 0.655381143
    0.430675864 0.974694252 0.417083412 0.278408349 0.360501081
    0.0591877401 0.458621144 0.5598768 0.538074911 0.292491496
    0.409120649 0.297004938 0.00870281458 0.948840857 0.788459778
    0.95293963 0.834234834 0.764232159 0.29543221 0.835108161
    0.243240535 0.593591809 0.560411036 0.678389251 0.725930512
    0.492975324 0.542636395 0.217018664 0.334077895 0.98091507
    0.450703293 0.643608391 0.110022008 0.939159155 0.888567507
    0.45412308 0.158864886 0.328750253 0.10042125 0.942466557
    0.687470317 0.862191319 0.729322135 0.312287271 0.841757655
    0.672594965 0.945249796 0.971843958 0.0555876493 0.986043215
    0.968097925 0.981625795 0.203644216 0.551372528 0.747044683
    0.541979015 0.20159182 0.129256487 0.791201293 0.204838663
    0.67172879 0.710962415 0.427528858 0.406883597 0.350649238
    0.0904183984 0.110928148 0.406575501 0.506676674 0.614490449
    0.921031117 0.751466393 0.410285592 0.480633259 0.850326657
    0.611053884 0.553656995 0.431433529 0.700922072 0.049783051
    0.380584985 0.703577816 0.259067416 0.19908157 0.122508436
    0.0175043643 0.00489926338 0.0474476516 0.716080368 0.453522921
    0.161360443 0.297157466 0.267087042 0.615182579 0.121161997
    0.359933257 0.914960682 0.907632947 0.504314482 0.202720106
    0.492997408 0.165918678 0.0456872582 0.165715128 0.252942979
    0.385025561 0.323825538 0.635642767 0.0223473012 0.470567793
    0.146948069 0.861501694 0.0529841781 0.743060946 0.8323403
    0.525036752 0.728530645 0.738172591 0.810749888 0.827686191
    0.761922359 0.131048054 0.718830466 0.593753934 0.0232498646
    0.757864833 0.0419196188 0.202526033 0.208232343 0.739237249
    0.663387537 0.646062434 0.676313996 0.828421354 0.0750671327
    0.239625543 0.465958655 0.496918321 0.82464385 0.933034301
    0.127198696 0.640883684 0.544635475 0.0243347883 0.0700697899
    0.00858166814 0.501966953 0.0781949759 0.305166215 0.655997992
    0.72655642 0.540061235 0.279958129 0.550667524 0.212076902
    0.904656291 0.914562583 0.621057868 0.329304963 0.186395466
    0.963645101 0.176017344 0.107294589 0.758047462 0.935781717
    0.410862982 0.664919615 0.703113437 0.809897184 0.683516622
    0.0855456293 0.0528283417 0.0803252459 0.845824718 0.374840289
    0.975763559 0.426982284 0.0352776945 0.153407693 0.655212879
    0.154390752 0.913565397 0.24710986 0.0435782671 0.754740834
    0.195133895 0.84338665 0.453304082 0.38487497 0.731524765
    0.084271729 0.73694855 0.339465111 0.00568345189 0.491874635
    0.416142166 0.876850009 0.456091702 0.0443246961 0.258807808
    0.0557967424 0.530095339 0.477519512 0.838810086 0.272704601
    0.011593163 0.814910531 0.336515367 0.845642209 0.825601995
    0.185246915 0.5534603 0.650255561 0.906185567 0.288831472
    0.250693679 0.180227965 0.636440337 0.994969964 0.700116754
    0.752649903 0.489523172 0.29959172 0.891925752 0.695087194
    0.827180147 0.964117289 0.625431478 0.277966201 0.254195541
    0.483607382 0.901541173 0.536954701 0.559366465 0.499184877
    0.799247444 0.374288112 0.967444062 0.104691088 0.900994539
    0.382364899 0.72049135 0.171484739 0.0580193698 0.753064752
    0.654348016 0.958214521 0.555314839 0.289216578 0.109425962
    0.21205911 0.0518868864 0.768427312 0.839576244 0.0880090594
    0.168316305 0.20133698 0.615733385 0.145948172 0.850251675
    0.76783812 0.731838882 0.879567385 0.375463575 0.546726346
    0.804388285 0.707440197 0.230249673 0.176722884 0.508072436
    0.950767398 0.966747165 0.780901432 0.592245162 0.516826987
    0.673568547 0.73980242 0.208416998 0.94742012 0.222902179
    0.0221218765 0.840323687 0.481993467 0.463259369 0.904760718
    0.0791634917 0.452148706 0.947331548 0.790150642 0.188181609
    0.687377036 0.021984607 0.179630518 0.667410016 0.974820018
    0.516418517 0.087261498 0.363844126 0.777423501 0.766621113
    0.338901222 0.993637681 0.857207179 0.607117832 0.780017018
    0.608786583 0.811889291 0.615255833 0.49905625 0.522595108
    0.66758728 0.406012446 0.805239081 0.697903037 0.366803855
    0.866399765 0.698818743 0.653752804 0.567352772 0.702645361
    0.483461738 0.162261903 0.892386198 0.975833416 0.302236915
    0.79468751 0.480884582 0.764235139 0.215906441 0.484563261
    0.279291362 0.995671272 0.192629576 0.0115941465 0.246033609
    0.260902584 0.0533845723 0.535854816 0.195257813 0.0377924144
    0.0201650858 0.0649968386 0.709929407 0.202489883 0.742830873
    0.677058876 0.178284645 0.171866953 0.511057258 0.683908165
    0.00928238034 0.212408304 0.125178933 0.0847215652 0.885545492
    0.619799256 0.386837214 0.446147352 0.0125282109 0.528270006
    0.079898417 0.542152345 0.287730128 0.927000403 0.489911258
    0.503465891 0.588518441 0.812523961 0.579141498 0.540227234
    0.628661036 0.968593359 0.0922740698 0.123025656 0.901037157
    0.379800767 0.639767647 0.056825012 0.184047282 0.35766539
    0.85859108 0.575006247 0.459536374 0.156797141 0.458806723
    0.119686246 0.606189489 0.379226834 0.771953285 0.840443134
    0.440420717 0.432530403 0.656980038 0.240075707 0.186552078
    0.489449322 0.364431441 0.124662787 0.641358972 0.488598973
    0.407777816 0.680083513 0.873552978 0.105551362 0.308723062
    0.1401456 0.325538814 0.737022638 0.73940742 0.17652002 0.915583432
    0.129083961 0.365034103 0.430822134 0.317730129 0.939571261
    0.215089798 0.884501934 0.436877429 0.80267477 0.667333603
    0.51148802 0.752868176 0.308537841 0.910132766 0.738410473
    0.69641912 0.172359467 0.607939601 0.149740428 0.487336904
    0.387091309 0.64568758 0.0659995079 0.708946884 0.8945117
    0.672426164 0.388137102 0.66329813 0.231923878 0.895161271
    0.30861342 0.40555805 0.475947201 0.149312973 0.508912802
    0.603109658 0.304882348 0.885799885 0.73375535 0.146921307
    0.639261484 0.410551846 0.817554176 0.414681643 0.277591676
    0.134510189 0.930052161 0.657036722 0.556244016 0.881361842
    0.594287097 0.368003845 0.1594311 0.00588935614 0.00175890326
    0.871015429 0.856044531 0.279776305 0.263584077 0.672101736
    0.970300913 0.0665602088 0.730174899 0.0882379115 0.470286071
    0.877691507 0.674022555 0.427205622 0.912158787 0.101705521
    0.650410295 0.492865711 0.697907746 0.74848485 0.46868664
    0.618725181 0.988362193 0.742815077 0.305670083 0.127580702
    0.871512592 0.285368621 0.142302126 0.834935546 0.935910344
    0.482493281 0.937575698 0.438797295 0.208098054 0.689069986
    0.191114455 0.812024236 0.00586536527 0.487730503 0.214783221
    0.466241539 0.274890453 0.944096565 0.439437389 0.153972477
    0.95477736 0.196252942 0.180659652 0.742152333 0.916947961
    0.825532556 0.491111934 0.555188954 0.957139671 0.0630217493
    0.8861835 0.176965207 0.964497328 0.3877213 0.683227658 0.0766345263
    0.544981599 0.712219656 0.60887295 0.00892999768 0.572298348
    0.272432029 0.0619655848 0.0309464037 0.57656455 0.192604482
    0.66564846 0.721801639 0.939169407 0.763707876 0.190693647
    0.0645502508 0.300740778 0.0223429203 0.555169702 0.891559243
    0.0249767005 0.535932422 0.429580659 0.545575559 0.711178362
    0.650533438 0.755537629 0.435121328 0.404320776 0.421060205
    0.380220413 0.133594215 0.263751268 0.0925593376 0.870572567
    0.391946316 0.491461545 0.734207094 0.242099881 0.624599099
    0.32289046 0.742076635 0.325355113 0.260781884 0.455031037
    0.74049902 0.572036743 0.331827641 0.406049699 0.77784133
    0.338668108 0.287716866 0.274847627 0.624547541 0.296814084
    0.144909829 0.0175459087 0.910779476 0.66394645 0.814821482
    0.197372407 0.377716243 0.228003472 0.227895319 0.712656856
    0.361348927 0.142783046 0.374837995 0.701990843 0.25245592
    0.842007041 0.0486636162 0.430892557 0.19081077 0.49755156
    0.38686955 0.715864897 0.535960436 0.230950743 0.611257493
    0.227179438 0.253805846 0.805069387 0.620970488 0.594301462
    0.398625404 0.574435711 0.941434979 0.844641805 0.756522179
    0.988145232 0.628652155 0.327442646 0.110370517 0.379472733
    0.0579821169 0.505146205 0.250524282 0.364235342 0.667646348
    0.63164103 0.895800292 0.178887695 0.31458205 0.949110866
    0.738244176 0.760940313 0.65830946 0.624898255 0.728366375
    0.311252952 0.0307217836 0.505672574 0.608226955 0.815111697
    0.704309046 0.267877579 0.264544547 0.595267415 0.70545274
    0.645207465 0.554659784 0.504949987 0.582322776 0.695448458
    0.440346003 0.462856114 0.267681062 0.0731776357 0.798131943
    0.729408383 0.930233598 0.0941828787 0.147005141 0.334671855
    0.965402305 0.356155127 0.710135579 0.407990068 0.0711056888
    0.904341221 0.634513497 0.641955495 0.319010556 0.739952207
    0.33479917 0.455551624 0.696877301 0.84242928 0.332178056
    0.547158301 0.250458717 0.582599223 0.384251595 0.127616197
    0.730918169 0.171042383 0.0721942484 0.380570263 0.900662243
    0.830247641 0.789656997 0.628303587 0.871249199 0.303758323
    0.660621345 0.215076894 0.614515662 0.893976867 0.795885265
    0.0358866453 0.773599744 0.765702009 0.478594631 0.63753885
    0.0671189129 0.633464575 0.754444122 0.104797333 0.0482935309
    0.183355272 0.291005909 0.365289927 0.611183345 0.915584803
    0.181593955 0.921426177 0.0946692824 0.991335869 0.129934609
    0.587009072 0.291183949 0.775377333 0.457305253 0.8512609
    0.152992159 0.843169451 0.897011638 0.732282877 0.691442132
    0.181357741 0.413304001 0.0409588814 0.545592308 0.0923495591
    0.455937833 0.244110554 0.0580138862 0.255146146 0.772156119
    0.77406168 0.932302594 0.940503836 0.501902044 0.976694226
    0.0518212318 0.195660383 0.195853949 0.857091784 0.682926118
    0.500584126 0.749809623 0.574263573 0.867066979 0.10212341
    0.534151137 0.498202264 0.0661584139 0.955316305 0.95186305
    0.453647375 0.96521318 0.213978589 0.264225006 0.678535104
    0.239888936 0.127316862 0.148402095 0.818840861 0.416179836
    0.561793506 0.214340508 0.421224952 0.819049954 0.24867937
    0.431652129 0.801224828 0.513372421 0.337669194 0.477523148
    0.6666013 0.997766078 0.0377549827 0.180653393 0.740678787
    0.478893548 0.988785207 0.0743136704 0.391808718 0.0613500178
    0.125547677 0.2006028 0.973969996 0.427573889 0.515498936 0.53812021
    0.154683173 0.700728774 0.0407705307 0.151025414 0.293735534
    0.0413067043 0.298141927 0.294133425 0.284902781 0.666053414
    0.920317292 0.307371199 0.0948524773 0.410407543 0.294253767
    0.850614309 0.495019794 0.212391585 0.657153487 0.103480756
    0.0963831544 0.589762688 0.842333674 0.680939972 0.338012844
    0.299300551 0.501578808 0.621456206 0.642533541 0.729388893
    0.325995088 0.815286338 0.941454113 0.440265208 0.559408545
    0.244144499 0.198326588 0.42672503 0.193054974 0.7080369 0.196094632
    0.606764615 0.590300739 0.041326344 0.141279876 0.0183606744
    0.330697 0.201283514 0.853238821 0.886837304 0.438937187
    0.0152065754 0.774903059 0.32740891 0.505464971 0.911791563
    0.715016842 0.0643012822 0.444114685 0.993663311 0.22072953
    0.859269798 0.344593763 0.504925787 0.0932642817 0.344678164
    0.307512224 0.88547051 0.839998722 0.770598292 0.545466959
    0.272353351 0.0479809344 0.782927871 0.801885009 0.782861114
    0.942851603 0.0274037421 0.356043339 0.751206756 0.325457424
    0.164432257 0.775460482 0.346304297 0.433235705 0.658310771
    0.632627726 0.892106891 0.159758568 0.734674096 0.628799558
    0.897260189 0.404514164 0.527012706 0.482861161 0.184874415
    0.510366797 0.955401182 0.0932225585 0.338240087 0.630462527
    0.266092598 0.37832433 0.876650572 0.473617792 0.440981507
    0.153330237 0.862018228 0.439080685 0.556340516 0.117151558
    0.66364491 0.898231208 0.257649481 0.748571038 0.472885817
    0.0878505111 0.639097869 0.346530497 0.0520296991 0.494104028
    0.781048298 0.834868371 0.688884676 0.597381353 0.341561913
    0.241644949 0.701768041 0.818862975 0.515409768 0.1075221
    0.0735189617 0.158985436 0.863182783 0.669875801 0.260423869
    0.369528353 0.643529713 0.826685071 0.130250156 0.643047214
    0.747259319 0.0140983462 0.928122044 0.559963703 0.514870524
    0.892794013 0.885852218 0.0980391502 0.979172349 0.656963408
    0.806170225 0.334874243 0.740277171 0.0225841701 0.00974664092
    0.167528152 0.923177958 0.165376961 0.529732704 0.245347738
    0.450538009 0.140716016 0.466544509 0.323531687 0.444833338
    0.588505566 0.0933009684 0.432907283 0.139888316 0.688073099
    0.141219467 0.273929834 0.102144212 0.00837984681 0.141986817
    0.765678644 0.685834289 0.426974446 0.346157014 0.384562641
    0.751637101 0.365132362 0.544420123 0.94821167 0.349672347
    0.313399494 0.632862806 0.263708889 0.193795711 0.41907981
    0.832844913 0.101399481 0.0331521332 0.21030131 0.707783937
    0.771686435 0.41830188 0.0186141133 0.537445128 0.66305995
    0.403511047 0.139942616 0.227691203 0.976601183 0.515488744
    0.368014336 0.327046692 0.716343045 0.0402041674 0.11961478
    0.504941404 0.142611384 0.320263326 0.991613626 0.489331603
    0.216153681 0.948937774 0.297818094 0.0582967699 0.107285947
    0.558139265 0.201773614 0.915447235 0.197199643 0.762685418
    0.480230212 0.0985853672 0.487665296 0.0621367395 0.720511198
    0.615567803 0.652726054 0.0301605761 0.634712815 0.573942602
    0.978753686 0.188777834 0.814159274 0.359558821 0.404451936
    0.413825661 0.720587969 0.143680364 0.384345412 0.130045682
    0.381975114 0.0327579379 0.613158047 0.0754233599 0.387051523
    0.274764359 0.303264529 0.949603677 0.713150024 0.900780737
    0.117547959 0.572015166 0.250832319 0.563680649 0.471494704
    0.9956882 0.0938348174 0.896650732 0.787185073 0.897072196
    0.671269953 0.954474509 0.343171358 0.900409698 0.784591556
    0.927725911 0.821377933 0.38911128 0.451994449 0.234929085
    0.775225997 0.915441632 0.597547174 0.70176971 0.071318537
    0.599873781 0.715764999 0.788877249 0.0469603539 0.454461634
    0.0740659237 0.703624129 0.408783615 0.643688917 0.76537782
    0.53835851 0.324321032 0.973669946 0.923117042 0.0395668149
    0.226649791 0.239435911 0.220476776 0.796965599 0.586187243
    0.47554937 0.533043742 0.697834074 0.593622744 0.871609151
    0.463666499 0.396885157 0.85501802 0.290056854 0.161809891
    0.266458035 0.747649014 0.519797087 0.0699108541 0.159549326
    0.993355632 0.95535326 0.824310005 0.994409442 0.835832775
    0.570099771 0.373757362 0.308872342 0.131187528 0.131366223
    0.673094928 0.259679079 0.242430687 0.129740983 0.577951491
    0.354790866 0.148613185 0.324754596 0.793378711 0.349275351
    0.535468519 0.481857359 0.185654938 0.74567914 0.288355589
    0.759416997 0.0904083252 0.964238167 0.0511712432 0.50767082
    0.345624626 0.851918399 0.64828819 0.289179116 0.579862595
    0.0165280998 0.623834729 0.756830096 0.87099731 0.134643614
    0.0114669204 0.949548483 0.361305416 0.165965945 0.238438636
    0.965462923 0.169270724 0.190133333 0.695933104 0.94567585
    0.601560593 0.931593776 0.70320034 0.31813091 0.885510564
    0.178264022 0.276725292 0.326455295 0.0750444531 0.296908468
    0.965052783 0.96966958 0.80901885 0.171314567 0.292253196
    0.521820605 0.0242117047 0.926723123 0.977719188 0.702734768
    0.165715754 0.00408506393 0.969234228 0.187446624 0.918080568
    0.547065794 0.471138418 0.889272809 0.42397958 0.294792295
    0.642869592 0.0446873009 0.684843421 0.969489634 0.806590438
    0.401690423 0.400085956 0.669465542 0.514750302 0.947163582
    0.887414455 0.3298316 0.128749579 0.552131355 0.907634258
    0.690630257 0.907187283 0.00167182088 0.690668166 0.898426831
    0.409213662 0.181292176 0.412769407 0.725527883 0.813931108
    0.0482440889 0.453747898 0.643783152 0.997215509 0.375083536
    0.569489598 0.586595118 0.220065653 0.36853826 0.760767579
    0.281690687 0.747495592 0.62401247 0.670921326 0.901810765
    0.210563451 0.578011751 0.399060905 0.0773330331 0.618907869
    0.0974611342 0.361176372 0.0932336748 0.304397583 0.651793003
    0.809785843 0.833792686 0.372960031 0.38523376 0.353969902
    0.30285275 0.0215393007 0.131745219 0.597547531 0.486665547
    0.165731341 0.150249213 0.919342518 0.41500473 0.217524409
    0.170735449 0.684656024 0.0759489536 0.686897695 0.856377363
    0.153327852 0.66413188 0.256222725 0.359223485 0.475145936
    0.732518137 0.122907788 0.51700747 0.207208276 0.0946855843
    0.56379503 0.991485417 0.337850183 0.947054744 0.836808085
    0.356785595 0.0812070668 0.0300890803 0.926262319 0.540116966
    0.742665231 0.575814307 0.918339133 0.159821779 0.921219409
    0.133264452 0.975125432 0.609170735 0.150878221 0.44636029
    0.536156595 0.68747282 0.0492908657 0.0117972791 0.551751792
    0.924000144 0.57023114 0.301063478 0.350160807 0.414870203
    0.819834828 0.706714988 0.785015583 0.569026589 0.0449814796
    0.24225238 0.300801486 0.683149695 0.608907998 0.605414629
    0.378742814 0.731012762 0.457832992 0.82739377 0.183868438
    0.740235627 0.567367136 0.278277159 0.650170088 0.757514477
    0.988940656 0.794085383 0.413458765 0.177364737 0.897344768
    0.0719276965 0.462358773 0.895917535 0.89894712 0.133693874
    0.429162204 0.632873416 0.0230195224 0.0179241002 0.481361449
    0.0041410625 0.0509331226 0.303292155 0.982645035 0.389908969
    0.245742321 0.308410585 0.0240236819 0.952070057 0.755817354
    0.95161587 0.593141317 0.66596812 0.681196272 0.202121139
    0.120827734 0.754123747 0.151611358 0.914692283 0.378399163
    0.434209466 0.599786401 0.95298022 0.544805586 0.298388481
    0.849581361 0.535248518 0.723971903 0.0240305364 0.648589253
    0.255502492 0.955300987 0.775545597 0.0867913365 0.0226262808
    0.643405199 0.0907642841 0.820474744 0.283660829 0.835114837
    0.870062172 0.448066413 0.768961489 0.712371349 0.82996285
    0.971827567 0.79052496 0.995437026 0.448782802 0.975091338
    0.857127607 0.306377083 0.41471377 0.453618586 0.789230347
    0.815883756 0.981819749 0.0977135897 0.108818233 0.99187845
    0.87767899 0.491615117 0.46225372 0.352048993 0.749726653
    0.432338595 0.0416714251 0.495717198 0.196073741 0.160424173
    0.9129619 0.0420342684 0.894959569 0.500478148 0.838930368
    0.844665527 0.145336181 0.181937337 0.685275018 0.524950802
    0.781820059 0.583341241 0.06186831 0.330648363 0.320288062
    0.625185907 0.673255086 0.538281083 0.352539003 0.353595793
    0.206857234 0.728675485 0.0787455738 0.897683322 0.918928742
    0.567621648 0.481166482 0.0459748209 0.0112928152 0.670024276
    0.367044866 0.422386646 0.180928946 0.672293603 0.32487905
    0.14828822 0.870284021 0.00432941318 0.527328193 0.942429662
    0.923488021 0.531215847 0.529218256 0.217481464 0.335686207
    0.228632659 0.814312577 0.722704411 0.792005897 0.467623889
    0.652401924 0.354332209 0.293602943 0.229230016 0.541016221
    0.168725848 0.511057019 0.539696217 0.162798852 0.192759633
    0.719574094 0.867342114 0.0953732729 0.129267693 0.813306093
    0.539942682 0.214920759 0.684303105 0.625164628 0.724125743
    0.177637964 0.128920376 0.219405055 0.171789467 0.299747229
    0.649075389 0.989641547 0.886057854 0.579833329 0.592659414
    0.964383006 0.52444762 0.0418931842 0.678850174 0.0128837526
    0.898578048 0.194959611 0.167643756 0.211482882 0.328101397
    0.963375211 0.673620522 0.809809804 0.816782594 0.157878697
    0.145774961 0.259906739 0.822309017 0.915141821 0.431151301
    0.763076544 0.821992338 0.997684479 0.0974461734 0.123390675
    0.419226527 0.030880928 0.171213597 0.790703177 0.618482292
    0.465143144 0.983744681 0.221877903 0.45319891 0.0958718657
    0.092618376 0.474635601 0.146487743 0.339747488 0.0383394063
    0.733881593 0.967093527 0.528180122 0.620607018 0.279299617
    0.632194757 0.467857152 0.378334314 0.667268157 0.620749891
    0.650066555 0.848376036 0.741407156 0.949262738 0.715819001
    0.0963950455 0.761777401 0.0319738388 0.376071066 0.254717648
    0.594905853 0.783428669 0.888198674 0.0630123019 0.999905705
    0.695628464 0.37001878 0.783175766 0.450318694 0.933562696
    0.663106501 0.891227365 0.767353356 0.398067147 0.280457675
    0.650760412 0.525074244 0.870010674 0.732199311 0.276159108
    0.138590932 0.770030558 0.970416069 0.228151023 0.445244521
    0.113679886 0.439929873 0.366432846 0.762520432 0.78926754
    0.131062716 0.385627538 0.344898164 0.198124081 0.711181998
    0.354269803 0.867276669 0.357406735 0.433723807 0.882185817
    0.187503964 0.816330433 0.802524686 0.110413373 0.504745185
    0.411148489 0.57554841 0.273369908 0.131263316 0.531641483
    0.389233232 0.134854138 0.23711434 0.920700192 0.747318745
    0.385753363 0.3640306 0.155926019 0.618277013 0.552327216 0.49410966
    0.907127023 0.695128977 0.655932486 0.928290129 0.521217823
    0.944407761 0.0920585096 0.0601714253 0.0616743267 0.386635542
    0.527865112 0.374632359 0.229951113 0.114189684 0.147845685
    0.202440292 0.585448742 0.500127614 0.614913166 0.62560463
    0.140247434 0.0892002583 0.301376522 0.938914359 0.615440965
    0.412717938 0.339641124 0.0201505125 0.607646585 0.989442348
    0.770038843 0.579992056 0.492124319 0.947332144 0.673701465
    0.736965239 0.181205839 0.135367841 0.866705656 0.121176362
    0.882292271 0.164785147 0.412048876 0.0536981821 0.851633191
    0.608393133 0.140130639 0.649652123 0.118760079 0.412439466
    0.807340384 0.194907308 0.04807356 0.183116585 0.96801734
    0.562898755 0.906657636 0.417148888 0.0564090908 0.543441892
    0.107546687 0.570861459 0.0200287998 0.435171366 0.828667283
    0.00440761447 0.951678872 0.00823035836 0.152901173 0.663678885
    0.824130893 0.964811563 0.81396538 0.414213896 0.226425856
    0.594477773 0.124015898 0.39642933 0.665181935 0.0667979121
    0.913183689 0.378167272 0.913646102 0.904934227 0.356536806
    0.765940428 0.3089903 0.430873841 0.817093611 0.736572802
    0.481499165 0.488805622 0.578045547 0.575032592 0.933045149
    0.348936915 0.195870161 0.838134408 0.756011605 0.0306488574
    0.901438236 0.847997785 0.0830702484 0.754124641 0.983157039
    0.244283527 0.359805942 0.755801916 0.79001987 0.942192197
    0.565286338 0.101560086 0.883376062 0.0467060208 0.623367429
    0.0194047987 0.704040766 0.448269814 0.619812429 0.413627207
    0.557639062 0.688810349 0.565154552 0.791608334 0.158456892
    0.467579246 0.976263106 0.515108824 0.435792267 0.670253038
    0.873902082 0.013473928 0.38490212 0.179924339 0.467554778
    0.989844859 0.0745872855 0.0819955468 0.955801249 0.482560933
    0.475029051 0.0854667723 0.177100062 0.666809559 0.447187424
    0.29083842 0.759661376 0.029579252 0.483113497 0.330469549
    0.911874771 0.534964323 0.596908689 0.59340477 0.163918972
    0.906258702 0.294737458 0.647085786 0.0850982368 0.100280553
    0.598063886 0.793089807 0.684348822 0.248912483 0.684052825
    0.540914953 0.961224198 0.791820526 0.286085784 0.308541805
    0.682289422 0.992499411 0.769006193 0.823578596 0.274808079
    0.494225532 0.254611313 0.649111867 0.999594092 0.209175318
    0.0184123218 0.855391145 0.148123413 0.18162626 0.286913335
    0.673484385 0.3225981 0.40892148 0.349217355 0.42471838 0.410687715
    0.571454406 0.00300076604 0.450620294 0.935675502 0.21514228
    0.866613984 0.715875566 0.901178002 0.773355246 0.445361882
    0.510998547 0.603319526 0.394532442 0.831381083 0.904301286
    0.809548974 0.311169684 0.660218 0.921720147 0.0493203104
    0.342489004 0.956488729 0.614852607 0.231626421 0.235496938
    0.917335272 0.0263565779 0.436201274 0.168727517 0.734028101
    0.580066144 0.471771479 0.189197004 0.455043882 0.879873872
    0.770968795 0.936863124 0.296335042 0.325523376 0.789078772
    0.120415717 0.0574738085 0.919709444 0.182859421 0.280036598
    0.478380859 0.372964114 0.0620905757 0.32376188 0.36557579
    0.459193051 0.77871871 0.83381176 0.245983452 0.333912998
    0.556289732 0.635785341 0.609031439 0.59229964 0.632821441
    0.330251813 0.797034442 0.343263149 0.696659565 0.0825214982
    0.000629961491 0.939867258 0.632981956 0.436517328 0.47167173
    0.74431777 0.238001019 0.579688489 0.741740763 0.716739893
    0.690705657 0.698090076 0.54228276 0.921415806 0.935208738
    0.0392485857 0.426207125 0.873124123 0.128316253 0.385879397
    0.173728108 0.359130681 0.9677369 0.902295232 0.273817927
    0.327245474 0.206532419 0.0440780222 0.424784571 0.656144679
    0.532820523 0.863571644 0.767911553 0.707900167 0.265897214
    0.442279994 0.662026525 0.971595287 0.98233062 0.500489712
    0.864163697 0.683216929 0.388371497 0.774635673 0.419255495
    0.121552616 0.516642272 0.767540812 0.415994257 0.0475589335
    0.786874413 0.648125887 0.144521177 0.0620166361 0.192542136
    0.233789176 0.565848768 0.14550966 0.261654317 0.476525038
    0.989481091 0.224726021 0.464699715 0.149754703 0.499745816
    0.460962474 0.00568765402 0.912425399 0.744105577 0.221342802
    0.832425594 0.913190365 0.190819114 0.691172719 0.516133666
    0.660152435 0.328384042 0.724239707 0.375112534 0.18922323
    0.156083196 0.991386235 0.535480678 0.222260118 0.0276174545
    0.535727978 0.448599756 0.922472835 0.755711913 0.758315802
    0.651524782 0.211978525 0.543110073 0.811943412 0.413170666
    0.154483527 0.561175287 0.0703981817 0.589598536 0.243498236
    0.420010567 0.0825106502 0.364759028 0.144317895 0.876919806
    0.407120436 0.705330014 0.609843016 0.682224929 0.588082492
    0.491010934 0.758314371 0.723529994 0.647200525 0.0812356472
    0.857261777 0.103867948 0.642111301 0.00885844231 0.93014133
    0.917929649 0.639665842 0.0637198091 0.890413046 0.499254078
    0.530404747 0.164361477 0.974922538 0.853254676 0.798122525
    0.335998535 0.788138986 0.442560971 0.952301264 0.648955405
    0.104792655 0.054099679 0.42006579 0.427983403 0.815177798
    0.669189334 0.122850358 0.798698783 0.956382632 0.98596096
    0.604342103 0.976555049 0.113358617 0.697493911 0.351374269
    0.421401262 0.489222825 0.146203548 0.499533504 0.580145597
    0.0864792764 0.526958168 0.403933674 0.681925535 0.305937946
    0.289777696 0.428411722 0.372466207 0.432902426 0.0780452788
    0.681816399 0.442192942 0.679224133 0.996417999 0.425389051
    0.453429967 0.829040051 0.359871447 0.0160812438 0.145021319
    0.495391667 0.577812135 0.263199627 0.907076955 0.756252944
    0.919217646 0.783724666 0.360052139 0.709059954 0.12653923
    0.618850529 0.523237228 0.805423856 0.271184444 0.305758983
    0.849904776 0.285197556 0.676792502 0.582927942 0.156698614
    0.893776298 0.338910818 0.979338288 0.526262343 0.215239763
    0.973279297 0.58976382 0.699329436 0.836564898 0.648041248
    0.689178109 0.590111196 0.221308619 0.225401044 0.726235926
    0.0830437839 0.244535387 0.226927638 0.89167738 0.703315675
    0.664238811 0.150289059 0.92533803 0.595563889 0.113698423
    0.773206174 0.966799259 0.959566951 0.0439336002 0.874403596
    0.361965835 0.860953152 0.522704244 0.410829425 0.467075527
    0.952350736 0.700992644 0.902905583 0.523626924 0.860244513
    0.239141226 0.161124319 0.717669666 0.15681684 0.965855598
    0.615133524 0.957981467 0.200173408 0.397744834 0.716418445
    0.267142355 0.159210145 0.914673626 0.338319659 0.0119538903
    0.838035703 0.425381064 0.906795382 0.138818026 0.725539863
    0.955483854 0.641790569 0.810147643 0.359607399 0.6245718
    0.820449829 0.635538042 0.978149951 0.224183768 0.413290143
    0.301018178 0.0780958831 0.436095864 0.906226039 0.994953156
    0.0462837517 0.484002322 0.995317101 0.156054288 0.89597249
    0.927986979 0.0394510031 0.528599322 0.0648818612 0.695453942
    0.840698361 0.0339943767 0.769752085 0.725474358 0.899688601
    0.41645363 0.648208082 0.721097708 0.134904981 0.250489891
    0.982387424 0.621347129 0.355087429 0.33156842 0.786299348
    0.421826214 0.241534024 0.866296291 0.279543608 0.382142991
    0.709865451 0.193964601 0.773507833 0.993675232 0.545665681
    0.307127863 0.0666365921 0.997836769 0.813956499 0.763075173
    0.136900872 0.163794816 0.552356124 0.992388546 0.948360085
    0.98933357 0.162141442 0.671809912 0.717811465 0.820708334
    0.773060441 0.590031743 0.245230854 0.166984081 0.559825838
    0.00659745932 0.572965264 0.418640763 0.343019217 0.673289955
    0.32621181 0.171670914 0.825525641 0.686173499 0.575924456
    0.404581517 0.49287647 0.395817757 0.138338506 0.704328656
    0.739186466 0.334439993 0.657156825 0.537278414 0.336163461
    0.748983622 0.28956905 0.509197354 0.652477264 0.334369838
    0.201925993 0.519521236 0.931097507 0.705978394 0.0539740026
    0.958925486 0.0364221036 0.564796984 0.566140354 0.721040964
    0.0272241235 0.197367221 0.13357091 0.78770113 0.282955527
    0.31572473 0.942727804 0.693910778 0.319850028 0.239038646
    0.599128246 0.500375092 0.167186916 0.709771395 0.537426531
    0.566397965 0.906400025 0.302828997 0.0400787294 0.90718478
    0.243957371 0.574124038 0.306677163 0.524450064 0.738940477
    0.632766604 0.919481099 0.106875449 0.744166255 0.89237988
    0.450078368 0.0286791325 0.976508975 0.190111428 0.757781744
    0.405798852 0.780667067 0.884173512 0.681296051 0.176977128
    0.772000134 0.594932258 0.156410962 0.539891243 0.317455947
    0.151338011 0.762225807 0.0643505752 0.136066377 0.649970591
    0.643526196 0.487938285 0.41000849 0.414429247 0.915301561
    0.343051761 0.257041454 0.179296792 0.707224965 0.306568354
    0.863969803 0.275804132 0.109236956 0.831057787 0.94741261
    0.419153661 0.739201784 0.843791127 0.745675206 0.038875699
    0.801785827 0.982104659 0.18287462 0.571324944 0.864304423
    0.531600237 0.425664216 0.797133684 0.181911737 0.425911009
    0.152925283 0.163018584 0.129552096 0.689392447 0.35231483
    0.559345603 0.563542902 0.102014482 0.86153847 0.449900359
    0.344175637 0.398706585 0.2966353 0.688386023 0.400321007
    0.0458881557 0.704630852 0.191082269 0.0894815624 0.799175084
    0.0198336542 0.633850455 0.915789187 0.0619781911 0.870521665
    0.604822218 0.264051914 0.769791007 0.242267311 0.545516729
    0.662918091 0.0772289932 0.621744215 0.290830284 0.52453053
    0.139688343 0.881231308 0.876240015 0.00938913226 0.10167259
    0.0331329703 0.878782511 0.926883578 0.0924454033 0.368144512
    0.504363596 0.22487542 0.343575478 0.805165052 0.476718009
    0.926966846 0.148445457 0.543855608 0.826205194 0.0498687625
    0.316421032 0.239249974 0.843939781 0.666517854 0.189323008
    0.140021175 0.121740282 0.647735298 0.280635715 0.155791134
    0.0882414579 0.704353809 0.728331566 0.669210076 0.539608717
    0.67999047 0.516315281 0.585497499 0.040528506 0.0922248065
    0.0620853603 0.87061429 0.325817108 0.996814549 0.670401335
    0.584896803 0.279337853 0.19455725 0.653586447 0.285446286
    0.376546055 0.362329483 0.135198385 0.82954824 0.0134262741
    0.321823299 0.213130027 0.340340674 0.507177889 0.352919102
    0.634082198 0.470650941 0.180036366 0.531232297 0.144579738
    0.402906775 0.268605947 0.585160553 0.51540935 0.148329914
    0.618779719 0.0282782018 0.926789045 0.28699702 0.579879999
    0.0681250691 0.698477864 0.0118864775 0.386997283 0.225075245
    0.357030869 0.13883698 0.628642857 0.454855621 0.759198248
    0.450124264 0.19062534 0.097355634 0.228827953 0.252543747
    0.197472036 0.309154809 0.150867045 0.273253143 0.0543222427
    0.443196446 0.718327641 0.860028386 0.853265285 0.000650525093
    0.627127171 0.733910382 0.675004482 0.907364249 0.0684373081
    0.276357055 0.275546819 0.0830217302 0.891496778 0.718403459
    0.186368674 0.194610089 0.278550357 0.277579784 0.212302119
    0.367284894 0.782899857 0.497594476 0.295834124 0.269683719
    0.0370542407 0.0532606244 0.212946355 0.0535891354 0.421676457
    0.42286703 0.656052649 0.0471965075 0.187124789 0.534523964
    0.410926342 0.23562628 0.365034878 0.693104863 0.500563085
    0.903556466 0.0859847069 0.822893262 0.192988396 0.699157596
    0.304527402 0.279386133 0.089024514 0.462571681 0.691214263
    0.994253397 0.35383147 0.498452753 0.206903815 0.856283724
    0.333067209 0.420991182 0.767606199 0.523264229 0.901409268
    0.838267863 0.920556188 0.355592608 0.589947939 0.223965794
    0.606716096 0.251253486 0.933762789 0.891920507 0.610997319
    0.257491767 0.794490933 0.927164435 0.752918541 0.0266677439
    0.0492355525 0.92670536 0.246655971 0.301572829 0.701024771
    0.514925301 0.0367960632 0.578185141 0.059828192 0.910525918
    0.57845813 0.814709425 0.648754954 0.974373996 0.158898205
    0.760565758 0.934252977 0.0255009532 0.598124921 0.11531049
    0.681301296 0.071224004 0.575720966 0.818678498 0.659461856
    0.571807981 0.314120561 0.550174236 0.0342185199 0.000845223665
    0.90771842 0.47008723 0.993963778 0.238181919 0.728141546
    0.791289628 0.553115249 0.188578516 0.229374528 0.666564286
    0.906270981 0.00477084517 0.3851704 0.551256955 0.304908216
    0.112372458 0.938164353 0.0947555304 0.866658509 0.103798836
    0.399847716 0.702877343 0.725676775 0.337242782 0.225954175
    0.219068944 0.719320536 0.942718685 0.988409519 0.599449515
    0.2707268 0.571132779 0.489388555 0.091455549 0.513983071
    0.788234591 0.355572671 0.00316929817 0.767609179 0.196851164
    0.66177541 0.056397438 0.889364839 0.0506529212 0.231328547
    0.948785782 0.586758971 0.560094774 0.607267737 0.219727516
    0.02777192 0.324676514 0.222842842 0.412017554 0.477444917
    0.301602542 0.750244498 0.151406705 0.123340577 0.693357468
    0.13017422 0.156546414 0.0440381467 0.213114619 0.550944209
    0.681592345 0.454527795 0.498705655 0.922704995 0.00965714455
    0.776341558 0.0242879093 0.857616901 0.0933294296 0.622412562
    0.916915238 0.805243075 0.422812581 0.509092152 0.515990376
    0.69548893 0.775010765 0.0492099226 0.849140286 0.952961445
    0.818655491 0.545952499 0.824484944 0.318650007 0.851685882
    0.743436813 0.910251975 0.947448373 0.634970307 0.781124175
    0.537987709 0.682928979 0.169033587 0.516301632 0.299631685
    0.786944807 0.191563368 0.741734326 0.899856329 0.709406972
    0.0876498222 0.787523448 0.371618897 0.316136241 0.405883372
    0.639270246 0.0938915908 0.485604763 0.958892822 0.166479349
    0.409888059 0.300727695 0.522740364 0.766100347 0.433562756
    0.702122867 0.726790905 0.206480801 0.340737581 0.547133327
    0.117266268 0.897261024 0.49072957 0.754362643 0.213843882
    0.896495163 0.898864031 0.884754181 0.753517985 0.0322300792
    0.60983181 0.362650514 0.933488071 0.123101443 0.303561151
    0.886848629 0.345192939 0.851801276 0.711770475 0.894810677
    0.909279466 0.0820976198 0.21268031 0.898789883 0.802718163
    0.546691895 0.559947133 0.130449474 0.919816136 0.558698654
    0.00390008092 0.271697521 0.426195949 0.338824093 0.232412517
    0.688288152 0.712794363 0.187209845 0.0876254439 0.890913248
    0.179713845 0.177910924 0.295957804 0.617519021 0.987279952
    0.435855865 0.776198447 0.72407335 0.589820027 0.706890881
    0.335737675 0.812937617 0.0482628345 0.780123949 0.0299057364
    0.36481443 0.937958479 0.0500984788 0.844408035 0.0587135255
    0.195410609 0.309095442 0.926662385 0.462661952 0.804035306
    0.400160313 0.462296903 0.108071417 0.00928041339 0.452762812
    0.52957201 0.0376005769 0.184841514 0.915456116 0.252945721
    0.983076334 0.890159011 0.0654500127 0.851204991 0.948179007
    0.746998131 0.0634336472 0.999454498 0.326443166 0.0235475898
    0.710749686 0.794024229 0.827116132 0.408876628 0.212224394
    0.921225548 0.508366227 0.844389677 0.668072343 0.336271822
    0.566067696 0.338542998 0.32858178 0.327037334 0.0161044896
    0.467806607 0.0225335658 0.497292519 0.557132244 0.0820868313
    0.266677737 0.828773618 0.779587805 0.21671629 0.465863883
    0.813757241 0.141752154 0.997792482 0.190188259 0.21309939
    0.791657507 0.513115704 0.348712027 0.905559421 0.994427085
    0.169398427 0.379417419 0.307531118 0.562013865 0.715185761
    0.64756602 0.688288927 0.0287411809 0.538980901 0.674418092
    0.539086163 0.995539308 0.516367972 0.503071189 0.763444126
    0.269243956 0.781526685 0.0779763162 0.268392354 0.159370422
    0.453762501 0.748539507 0.7405985 0.110013306 0.792038679
    0.573696971 0.477368951 0.645597637 0.27805832 0.13025865
    0.636336565 0.593722582 0.460111767 0.519668162 0.706731737
    0.435663462 0.569761634 0.622889876 0.741907716 0.937417507
    0.819320917 0.423985422 0.827359617 0.393863618 0.764159679
    0.327183694 0.918346643 0.0240942836 0.10483095 0.323707968
    0.325863153 0.0448021889 0.483259499 0.40002203 0.343652219
    0.160077959 0.0236542523 0.789255619 0.347152323 0.849921584
    0.300684005 0.273311466 0.541627288 0.47789225 0.401066124
    0.363430321 0.932833672 0.516852319 0.509834528 0.73901546
    0.85736835 0.93792206 0.451746017 0.112347037 0.81148386 0.443016618
    0.0353688896 0.00455468893 0.087092191 0.51462394 0.157069892
    0.308953285 0.472769618 0.924713433 0.252499253 0.429521084
    0.484730422 0.925515354 0.632161021 0.370712817 0.86480689
    0.100502044 0.1803343 0.490601689 0.972769856 0.941870391
    0.927964687 0.417800426 0.250608385 0.103715926 0.536695004
    0.847729385 0.612128019 0.430257499 0.662386179 0.884500206
    0.75265348 0.0993261635 0.867230654 0.955810487 0.83610189
    0.164260507 0.0714797676 0.153571099 0.650079489 0.884695649
    0.821771622 0.325279355 0.60320437 0.325499564 0.562147498
    0.713533759 0.570872426 0.924716294 0.868608236 0.163260281
    0.376507461 0.495668918 0.869231224 0.350918472 0.213995039
    0.0990197062 0.86065948 0.65049547 0.116230786 0.75343132
    0.567512095 0.95154345 0.0267499387 0.355315357 0.414671123
    0.00794652104 0.871085167 0.839746475 0.284772456 0.0807660222
    0.565047264 0.726353407 0.747959912 0.748485506 0.574656248
    0.875320554 0.54488802 0.176224053 0.848815382 0.928552389
    0.868618488 0.694468796 0.691075206 0.735099614 0.524670422
    0.0930358469 0.90298456 0.736112237 0.325222492 0.850759387
    0.403510928 0.162530035 0.272788316 0.663393736 0.729336679
    0.261908591 0.719801903 0.645974755 0.169000596 0.249420941
    0.590454221 0.639649749 0.320118606 0.257791877 0.533864915
    0.0713969171 0.491825998 0.978635669 0.181754321 0.0412623584
    0.244002134 0.322360218 0.258606225 0.0761631727 0.680137932
    0.00498399138 0.812556028 0.738889575 0.663475871 0.111760408
    0.482401282 0.26361385 0.75858295 0.727807641 0.511732042
    0.0822832286 0.687339544 0.479265183 0.662509084 0.612591684
    0.00695225596 0.0680673718 0.763452888 0.152491391 0.171118706
    0.0862539709 0.91233623 0.557284594 0.937560558 0.65061295
    0.33998698 0.613260508 0.313788176 0.398654163 0.106927514
    0.976959109 0.445897222 0.723186433 0.665362418 0.160444587
    0.504515171 0.952767968 0.428974867 0.628026247 0.416917622
    0.13884452 0.403756291 0.281103969 0.314458549 0.617733359
    0.24126482 0.596359372 0.534648657 0.431960374 0.778928399
    0.520284712 0.730195403 0.701659441 0.461869657 0.477194458
    0.672950506 0.280801177 0.679703593 0.0924080908 0.853192389
    0.0753479004 0.547609627 0.893821359 0.00419718027 0.330051601
    0.240770817 0.652622342 0.957874835 0.874894857 0.437663257
    0.760987282 0.112811685 0.465952456 0.865958452 0.824612856
    0.107014686 0.450380296 0.812213182 0.88713491 0.686742902
    0.280458301 0.0144033134 0.347602069 0.64607203 0.0198401213
    0.137875259 0.406845868 0.670937777 0.816208243 0.706746161
    0.00568315387 0.820652485 0.28662017 0.569932044 0.50142163
    0.615817904 0.294518113 0.603791773 0.687545061 0.453023553
    0.667664289 0.699073672 0.168654859 0.916223884 0.729002416
    0.181362301 0.635772586 0.442363173 0.795025885 0.2358706 0.51750952
    0.53132242 0.909772038 0.780968368 0.443287134 0.790531397
    0.250514448 0.815105975 0.464217663 0.0353956819 0.780459166
    0.158088595 0.354267836 0.888759136 0.270020843 0.825453579
    0.363904178 0.954596639 0.86954248 0.697565675 0.651940823
    0.736556292 0.85790664 0.514235675 0.640395343 0.230562866
    0.392929703 0.950416803 0.0187211335 0.476081073 0.226051807
    0.595523179 0.173989594 0.956826448 0.102638543 0.305517972
    0.466167271 0.602823853 0.116078347 0.851178646 0.5242607
    0.927467823 0.12992093 0.306726873 0.748322248 0.500537276
    0.985078096 0.454509735 0.314454377 0.269172221 0.385175258
    0.501595914 0.0728549361 0.520623505 0.0970172286 0.227882832
    0.0737868249 0.891288042 0.0194801092 0.29724741 0.37172091
    0.253881037 0.177767366 0.801341891 0.413919032 0.220233053
    0.810282707 0.234313011 0.84811902 0.0330301821 0.0008687675
    0.164101779 0.37403965 0.240513742 0.411665767 0.0991197526
    0.536148667 0.117794931 0.201220959 0.696527183 0.377544433
    0.536485612 0.0643720925 0.030009836 0.900163531 0.115333349
    0.869464517 0.558840871 0.982116997 0.80717057 0.686181784
    0.977218986 0.260431141 0.329612017 0.768016815 0.278783858
    0.159187853 0.0195451677 0.514359236 0.446963042 0.18552357
    0.474352986 0.246579587 0.102912933 0.707167804 0.2066333
    0.909195244 0.727300584 0.799814939 0.79944849 0.595770597
    0.568519592 0.672391772 0.565341532 0.42562443 0.129579186
    0.842560828 0.975677967 0.412659407 0.935236514 0.173411012
    0.996825278 0.211299986 0.0831213295 0.332828194 0.533733487
    0.0547472239 0.421357542 0.553053021 0.296642393 0.333332151
    0.877383947 0.0832907856 0.194208682 0.7132321 0.817471683
    0.566677332 0.21791634 0.381700933 0.409004033 0.611285865
    0.865460515 0.569848776 0.525995851 0.0765036643 0.474315643
    0.259279966 0.18033725 0.568574309 0.541950703 0.0527736247
    0.827206016 0.408133745 0.792803764 0.728462338 0.786962092
    0.593209147 0.552629292 0.242924511 0.608985007 0.111748427
    0.417364329 0.676345587 0.56406796 0.0654582381 0.0994862616
    0.177604139 0.73550117 0.292151868 0.899552822 0.923193336
    0.875107229 0.55528605 0.223754495 0.569900811 0.578333199
    0.808553934 0.987900376 0.12089175 0.688106835 0.572040439
    0.575971365 0.130733788 0.769449174 0.671875119 0.396537215
    0.905861616 0.613968968 0.132074118 0.487858444 0.823233366
    0.296165884 0.0864781141 0.544412494 0.139313281 0.209655136
    0.497012734 0.116146922 0.98214674 0.840576768 0.621165633
    0.832483053 0.0290538669 0.524948239 0.0125972331 0.998124659
    0.390044391 0.0312159061 0.347710848 0.205656677 0.703999162
    0.832901359 0.97805351 0.729501665 0.93892163 0.904628634
    0.515373409 0.152996808 0.165087342 0.516926765 0.324764878
    0.560903132 0.218341202 0.457717836 0.533493578 0.417791188
    0.764529705 0.210807145 0.626378179 0.19658038 0.534996629
    0.925473809 0.94615829 0.851236939 0.608659387 0.493958175
    0.159592181 0.551660001 0.328373194 0.042124927 0.995125175
    0.372991085 0.150859505 0.590504646 0.653145254 0.414254695
    0.282862186 0.904721498 0.799132586 0.570872903 0.444808096
    0.452178121 0.708269358 0.141028613 0.735625863 0.548433304
    0.398443401 0.982331991 0.762743354 0.00379422307 0.844274402
    0.584656417 0.645805299 0.158930093 0.24304682 0.0097707212
    0.71521318 0.708170652 0.329988003 0.123271257 0.871672392
    0.714424193 0.359760106 0.623793125 0.898008227 0.623326838
    0.194326758 0.531040609 0.832586884 0.721747637 0.313372046
    0.516006112 0.632480145 0.474239349 0.683702171 0.705726087
    0.365798861 0.703823566 0.844120264 0.622597992 0.609573424
    0.0797483027 0.815239012 0.589513779 0.202628523 0.284671396
    0.102295786 0.6782251 0.135349095 0.871256113 0.420766324
    0.411074072 0.633193254 0.6517241 0.474660307 0.682978511
    0.230744302 0.599985719 0.841538787 0.26095283 0.543539345
    0.991941094 0.292464018 0.0344603658 0.13420862 0.512330353
    0.0265438259 0.318421364 0.838627994 0.627358496 0.800206184
    0.620140791 0.112824678 0.125557095 0.431333274 0.57130295
    0.286768138 0.0390805006 0.0049726367 0.265095711 0.578716934
    0.774112403 0.395314097 0.480868816 0.823541045 0.21491152
    0.245429367 0.240919471 0.883365273 0.944726348 0.713425756
    0.64572835 0.353911281 0.551449895 0.408477634 0.688574314
    0.725150824 0.0371993184 0.95277518 0.723364174 0.879628956
    0.0200408995 0.604720414 0.25549528 0.0743587315 0.232137144
    0.0413103104 0.0058619678 0.264147162 0.0124510229 0.643452287
    0.45123288 0.528083861 0.449659407 0.532652974 0.25210309
    0.920970082 0.306809723 0.323593467 0.812687635 0.463466287
    0.603048205 0.219015151 0.0151894093 0.764882445 0.29466182
    0.634402931 0.80676353 0.974165857 0.280568063 0.923888922
    0.429142356 0.613574624 0.248132616 0.133073568 0.759858131
    0.734057069 0.646065831 0.855655253 0.0444531739 0.722837389
    0.604889095 0.844767094 0.199970365 0.215985775 0.0446861982
    0.0522528589 0.414754808 0.0183233619 0.898009479 0.814608932
    0.281337798 0.672139704 0.01470837 0.241516411 0.273288995
    0.379441589 0.96283555 0.387892246 0.996359468 0.233058125
    0.470414221 0.518213868 0.129939824 0.793649018 0.44122231
    0.878581703 0.811044455 0.903470397 0.630841792 0.840081215
    0.267515719 0.552520335 0.0622857213 0.0354087055 0.581228912
    0.129882455 0.686389804 0.339973927 0.361900866 0.844299376
    0.644777477 0.860752106 0.355526805 0.360440373 0.0378255546
    0.969837785 0.803166986 0.232397467 0.557749867 0.416356713
    0.438404083 0.405450851 0.28427583 0.552474976 0.620208383
    0.0193527639 0.96379745 0.622452855 0.986559272 0.0756247938
    0.136452019 0.0903292596 0.153745174 0.495833933 0.208129197
    0.726301432 0.335566759 0.946318865 0.53895241 0.237314463
    0.888497472 0.503250599 0.926053166 0.426336497 0.00690320134
    0.229696512 0.779872715 0.490347117 0.487583995 0.0130245686
    0.710787117 0.429149091 0.627881885 0.501872003 0.335546136
    0.14821589 0.503517866 0.318779349 0.29812485 0.199753731
    0.0678079724 0.980594516 0.455864549 0.916077793 0.277820826
    0.932359219 0.953882217 0.145805329 0.428129822 0.517609119
    0.769821525 0.533766091 0.920427144 0.482088417 0.703103065
    0.454483211 0.948324561 0.805644989 0.261530221 0.693310618
    0.734184921 0.632284701 0.332213849 0.244142771 0.97916472
    0.348137081 0.507085264 0.253258288 0.421858788 0.494323015
    0.749475241 0.198832691 0.693914115 0.193150759 0.65500021
    0.375685304 0.451052189 0.927851439 0.467469662 0.317595541
    0.0654599965 0.407086581 0.491470039 0.669203043 0.361739963
    0.907369792 0.517372549 0.552339315 0.358576715 0.578851879
    0.351557583 0.573830903 0.206606299 0.0697562099 0.263729215
    0.567563176 0.887442112 0.00518402457 0.854049921 0.524340093
    0.137750268 0.185932964 0.789316416 0.820655584 0.318328679
    0.461838275 0.923154116 0.736556172 0.0516594946 0.14795211
    0.724995494 0.887674212 0.781821966 0.0704188049 0.383365542
    0.343846262 0.0684757531 0.133614808 0.691327572 0.671787739
    0.152875483 0.619684279 0.925911427 0.888719976 0.0570423603
    0.86139226 0.604677737 0.967909098 0.837886274 0.758151054
    0.106818378 0.0503890812 0.419482082 0.385353535 0.870414257
    0.0088044703 0.610787392 0.942751825 0.0972824097 0.625398695
    0.799740434 0.615044713 0.506110549 0.730231643 0.566180289
    0.0822923779 0.322874367 0.153543323 0.753544927 0.299836993
    0.772514164 0.512873828 0.975826144 0.333402872 0.441091418
    0.569968402 0.602067351 0.613837719 0.100543559 0.728938282
    0.180754691 0.51839906 0.676496267 0.486934215 0.291391522
    0.661135435 0.462139189 0.321537673 0.336568534 0.565286279
    0.448368222 0.250776201 0.355320871 0.776299357 0.808230758
    0.152273148 0.489161491 0.311026931 0.0927085578 0.733548105
    0.242064476 0.545942307 0.229069054 0.0995558202 0.683596551
    0.431635857 0.98753798 0.0735955238 0.213012785 0.726882935
    0.914454579 0.303276777 0.725287974 0.127380341 0.773300529
    0.606953263 0.0916224718 0.923896313 0.403844118 0.312258929
    0.911105752 0.401888549 0.448827565 0.138199359 0.933251381
    0.787925661 0.755376339 0.338002801 0.345882416 0.733620167
    0.597709775 0.994473338 0.0123251379 0.28884244 0.670002699
    0.608847618 0.949863911 0.41615501 0.923438311 0.579569936
    0.311816275 0.486159056 0.105711728 0.660647929 0.0288800299
    0.792470336 0.709415555 0.54577899 0.42301774 0.331414282 0.57601285
    0.138266891 0.471212804 0.0798921585 0.820744395 0.808724523
    0.352240741 0.932373762 0.564127028 0.7521559 0.991705537
    0.167241484 0.322811395 0.943433285 0.717891574 0.380656034
    0.983101964 0.00228396058 0.667954266 0.0438444018 0.0810726583
    0.679586053 0.343846858 0.137942612 0.909664512 0.996694326
    0.00238743424 0.431172282 0.610951841 0.0395210981 0.282138318
    0.0465788841 0.0813086331 0.678421438 0.696808934 0.903571963
    0.925456166 0.43779695 0.0378781557 0.587185085 0.347761869
    0.665025592 0.159437329 0.441180557 0.483186185 0.776046693
    0.0339479744 0.582530737 0.28451845 0.0557847321 0.783090115
    0.848064661 0.0556266606 0.620634735 0.563689351 0.282583654
    0.321395516 0.11046645 0.742387831 0.409982502 0.311731756
    0.128352463 0.443201303 0.27408433 0.886896849 0.569128633
    0.983581781 0.983738899 0.889299631 0.589561224 0.156687796
    0.0191372335 0.569767892 0.43281734 0.479504406 0.0867099464
    0.752767801 0.382098645 0.0421804488 0.541171312 0.678753972
    0.011369586 0.776214004 0.84916079 0.805111051 0.607946336
    0.0139011741 0.747418165 0.54645586 0.294819444 0.393617272
    0.288761795 0.000614017248 0.633656263 0.865725398 0.522716641
    0.40515396 0.349194467 0.644921541 0.114388734 0.974127889
    0.464176863 0.886367261 0.388328314 0.520602643 0.227727234
    0.900469005 0.371359766 0.116488546 0.190527052 0.837295532
    0.745221376 0.461529493 0.741391063 0.660224557 0.940856457
    0.375877976 0.506317079 0.355327785 0.171572536 0.484591246
    0.910790682 0.94446969 0.734733045 0.275065988 0.43136552
    0.762087226 0.26000759 0.519642174 0.166584879 0.823441446
    0.100345254 0.605381906 0.0749246478 0.276418388 0.853364825
    0.305746973 0.94668138 0.411821365 0.582629442 0.287089467
    0.677124798 0.224711269 0.57607758 0.508493602 0.669785738
    0.782032609 0.259140372 0.737983227 0.717935681 0.954860687
    0.76974225 0.797924519 0.318976939 0.754133284 0.657726705
    0.0846998096 0.359264255 0.640331268 0.878669977 0.612223387
    0.387948096 0.267206192 0.602314293 0.844790876 0.447432548
    0.618389964 0.55988884 0.826332867 0.919110775 0.535255849
    0.310043514 0.631193042 0.397351384 0.903980017 0.523346663
    0.747873604 0.201999962 0.501093924 0.779516876 0.308947712
    0.34992975 0.642429948 0.367577016 0.98381865 0.558446825
    0.570921063 0.155760258 0.59488833 0.319573998 0.361949742
    0.347785473 0.67987442 0.273714662 0.620481014 0.505461037
    0.673699737 0.856053829 0.413318336 0.245553344 0.391082019
    0.792385757 0.591410041 0.153085828 0.8538059 0.729433596
    0.717783153 0.0858704448 0.378369659 0.0660283864 0.779727221
    0.0806625485 0.687316835 0.319894761 0.272151023 0.605391502
    0.862997055 0.713763714 0.611770272 0.844234586 0.980072975
    0.844350278 0.274243772 0.738977909 0.519991159 0.0855823755
    0.118757427 0.755514145 0.756768703 0.688353956 0.818080902
    0.583453417 0.0263404548 0.528295398 0.607965589 0.78177011
    0.0510849059 0.613701582 0.58159399 0.212518662 0.211602598
    0.714471221 0.896964967 0.703178525 0.722366571 0.383091569
    0.437200785 0.483209491 0.52316016 0.277071178 0.573759079
    0.315481603 0.548231661 0.556069136 0.39573282 0.754881382
    0.393141389 0.766661406 0.802123189 0.159570962 0.159370273
    0.456011146 0.802644491 0.535164595 0.175802141 0.381616473
    0.45069474 0.439629406 0.698972106 0.93447566 0.379983962
    0.293048561 0.460675776 0.525205851 0.58181566 0.304686219
    0.787230968 0.161222577 0.912476659 0.0491844416 0.616512775
    0.52952683 0.212338597 0.903579235 0.902386069 0.710982084
    0.811742723 0.433124751 0.616301179 0.115522206 0.828373432
    0.305450886 0.157424718 0.0998137891 0.18784976 0.265984714
    0.99744153 0.411950111 0.457911521 0.374142647 0.203107387
    0.0299568772 0.462979883 0.295980573 0.90234369 0.198454708
    0.171403527 0.0379432738 0.806333661 0.182892323 0.54520762
    0.400848448 0.538764238 0.841126561 0.439206868 0.382684201
    0.450229347 0.534765303 0.91373992 0.546080112 0.246895075
    0.139897972 0.92386198 0.919709921 0.549608767 0.896650672
    0.348284602 0.975480497 0.678663909 0.092782408 0.479596585
    0.0131666362 0.95899117 0.222252369 0.218038797 0.330153465
    0.726155043 0.400003612 0.189721018 0.719984651 0.975729644
    0.270128787 0.503413022 0.870249987 0.53963393 0.43415314
    0.769445539 0.52642107 0.83930558 0.0249381959 0.835280895
    0.542801142 0.956696272 0.174224347 0.681585908 0.323607385
    0.294034332 0.574156761 0.565580487 0.252554417 0.87626636
    0.716007233 0.203019053 0.440524012 0.761066079 0.99444139
    0.545321047 0.0765763521 0.296565711 0.872585893 0.767030597
    0.902594209 0.215778172 0.985492587 0.567063272 0.711181998
    0.565297306 0.829200029 0.313293278 0.680783451 0.343810439
    0.304040015 0.240044385 0.578479886 0.44949621 0.427813768
    0.885434687 0.869520426 0.316817284 0.0210469365 0.894644439
    0.0608952045 0.32603088 0.308728397 0.667342484 0.743275046
    0.551251769 0.324519396 0.559922636 0.266488075 0.564550817
    0.425662667 0.180713415 0.515606105 0.156682462 0.788112879
    0.15348193 0.715334177 0.970803738 0.780843377 0.758713484
    0.749448895 0.319988668 0.100247204 0.200014234 0.639750957
    0.370059967 0.00839006901 0.0470699966 0.0458138585 0.781049013
    0.254289031 0.431361139 0.269761503 0.837380409 0.807207942
    0.00745722651 0.419637501 0.549711943 0.774991632 0.152104676
    0.0866845846 0.410476804 0.0914809406 0.278566569 0.344427705
    0.416532218 0.0937209129 0.55495137 0.646666944 0.930806756
    0.977291226 0.508693516 0.830069661 0.995221019 0.744776905
    0.258061856 0.928602993 0.753965378 0.839889407 0.812119722
    0.111777842 0.626369417 0.734238386 0.577509165 0.73774147
    0.0706921518 0.796429157 0.753312826 0.841032386 0.70128566
    0.291513622 0.0265354514 0.0432486832 0.439468414 0.158789724
    0.478353351 0.077881068 0.0284510553 0.0946142673 0.314141512
    0.180474609 0.28798461 0.0574534237 0.704133332 0.685239255
    0.708612442 0.457414746 0.756636143 0.490920871 0.0618694127
    0.761153042 0.612357438 0.834063053 0.652751029 0.112322479
    0.629094481 0.471407086 0.322751045 0.0854534507 0.0840676725
    0.891085804 0.296804428 0.321654826 0.814854443 0.0345906317
    0.570121408 0.630131364 0.252669632 0.803527832 0.756738007
    0.099896282 0.484570116 0.611750424 0.441405147 0.955876589
    0.381140381 0.160986841 0.422071368 0.852018952 0.708549976
    0.0376231968 0.899857283 0.621565104 0.0369594097 0.180436283
    0.232494384 0.1033068 0.777612805 0.640143633 0.0318888426
    0.355135739 0.141625553 0.490032911 0.346540511 0.957351565
    0.915985346 0.335142612 0.749360323 0.330990732 0.408911973
    0.710946262 0.556917548 0.687391877 0.761981249 0.875645936
    0.0123812854 0.476721585 0.589194 0.962918401 0.703633666
    0.555738628 0.880387187 0.00299179554 0.819428921 0.874559641
    0.802027225 0.445187747 0.343258232 0.413918436 0.36053732
    0.279503942 0.109259158 0.765335321 0.293403834 0.382933974
    0.564341605 0.413532585 0.30983305 0.281921566 0.136843622
    0.600096762 0.643521667 0.682162941 0.293273211 0.917591453
    0.444616556 0.626649261 0.20159176 0.599696457 0.213979721
    0.129078984 0.978711605 0.00550621748 0.857060432 0.526668608
    0.315200984 0.294529617 0.43448326 0.830635309 0.454128116
    0.721810877 0.175393254 0.173571616 0.401290715 0.467796981
    0.0437918901 0.0504972339 0.0924850404 0.842489362 0.483976185
    0.465178877 0.472850114 0.587846041 0.796813488 0.538414776
    0.907521248 0.365720153 0.968100548 0.277377695 0.88980484
    0.907111704 0.0197382271 0.322299838 0.154066026 0.8818084
    0.68799293 0.952455997 0.156643152 0.522582233 0.307780415
    0.914270103 0.924224734 0.144221038 0.241734415 0.165457368
    0.190852433 0.105381966 0.105464578 0.748823583 0.941690803
    0.584852993 0.100523353 0.669895887 0.569389343 0.823550105
    0.689101279 0.59483242 0.610249341 0.134066492 0.294583112
    0.392774969 0.623682499 0.0387561917 0.296763599 0.581570745
    0.187827677 0.783533216 0.34098804 0.270901501 0.0493184328
    0.913158178 0.783974886 0.523272038 0.898623109 0.700220883
    0.526588917 0.358869195 0.612015784 0.959648132 0.266961634
    0.021545887 0.00238001347 0.933952212 0.628678799 0.259141982
    0.333169609 0.500477374 0.619710922 0.76004231 0.852396905
    0.702361226 0.332812756 0.640473485 0.723306656 0.728840649
    0.447315216 0.339173108 0.586292803 0.118059576 0.707412601
    0.132245988 0.244564354 0.400677353 0.10282582 0.67978096
    0.0930784047 0.117892385 0.301524192 0.743155479 0.0447039902
    0.262229025 0.029453814 0.914090037 0.668671012 0.498219907
    0.758884072 0.976061523 0.215899825 0.630450606 0.987853944
    0.853937209 0.256261051 0.299700141 0.456844211 0.224137366
    0.148640454 0.903960109 0.399076343 0.735744357 0.404071987
    0.997471213 0.0012037158 0.969686091 0.944790244 0.866930485
    0.052380681 0.0205881 0.848399162 0.659966826 0.00306710601
    0.54540658 0.612050414 0.90483439 0.540406823 0.248795778
    0.0986752212 0.648189187 0.164430618 0.0080729425 0.40554744
    0.56439805 0.159626544 0.486028731 0.357892632 0.237545192
    0.524855494 0.364070952 0.128686041 0.154583067 0.693415105
    0.168510288 0.0124483109 0.677694142 0.170536488 0.293738425
    0.886035383 0.558599591 0.18114689 0.171272635 0.461682826
    0.450758666 0.801720023 0.480541766 0.427493811 0.0755774677
    0.025588423 0.367334843 0.880818963 0.383159041 0.483328909
    0.0338327885 0.286604881 0.720224738 0.691689253 0.560828984
    0.552908361 0.345894694 0.554296672 0.532034397 0.0450148284
    0.257502109 0.295290172 0.998928845 0.139068365 0.726794004
    0.659737885 0.0195053816 0.267190933 0.465817034 0.0338882506
    0.181519628 0.574914396 0.426748097 0.110818893 0.0834611058
    0.860249162 0.702200949 0.898741543 0.227524817 0.249277711
    0.198898405 0.98002398 0.0836221278 0.213604301 0.816208303
    0.454308361 0.254594564 0.125592083 0.519248784 0.0850576758
    0.419234097 0.320411772 0.920027733 0.282957196 0.319088817
    0.861207247 0.447059005 0.135580748 0.90389359 0.240298808
    0.0606305599 0.658561647 0.952744842 0.387166172 0.876191735
    0.848464072 0.253267556 0.862463415 0.779691875 0.869816899
    0.805385351 0.134310514 0.812476516 0.0464708209 0.384287298
    0.559036672 0.471990556 0.574636042 0.698729992 0.358593941
    0.912579834 0.90600872 0.169151068 0.248542339 0.55761683 0.3261576
    0.895070195 0.669935822 0.385948598 0.105742574 0.698374271
    0.163172036 0.0555675328 0.0887580812 0.178119212 0.85832262
    0.828743041 0.150939494 0.437447399 0.601168275 0.795052648
    0.867324352 0.475138068 0.479475558 0.468642235 0.225273132
    0.392506987 0.385776937 0.886494279 0.686608136 0.0479931831
    0.885761619 0.100301623 0.719804049 0.79671675 0.32099542
    0.955038965 0.547985017 0.831842601 0.135225266 0.863166749
    0.977194548 0.644814312 0.407175243 0.303765833 0.833453476
    0.943430185 0.30866456 0.474134982 0.569131017 0.153739601
    0.657657981 0.981675506 0.888336062 0.466556072 0.446600795
    0.714998066 0.616965652 0.929281235 0.571966887 0.871637821
    0.507701099 0.224056751 0.219388664 0.446559936 0.71116066
    0.925660729 0.520655751 0.302243531 0.809165895 0.609817386
    0.862546027 0.698268175 0.492660493 0.270032823 0.238895237
    0.0259184539 0.453838944 0.202112913 0.456989288 0.438602954
    0.578154743 0.95895493 0.287545055 0.0635192394 0.297010899
    0.403780997 0.372238338 0.725051403 0.0571343899 0.277292907
    0.332115531 0.0825009048 0.767166615 0.807574451 0.644003391
    0.6383605 0.186760753 0.619528294 0.0384753942 0.915252328
    0.431172788 0.388835371 0.7265172 0.0850439668 0.823833227
    0.863830447 0.364189923 0.163436562 0.663576484 0.387781978
    0.213016301 0.973358631 0.0616405904 0.583335638 0.692951262
    0.148394942 0.925959766 0.448638409 0.0530690253 0.38374275
    0.961271644 0.0128521919 0.914871335 0.588240206 0.513955593
    0.337401032 0.838460088 0.357892394 0.800863683 0.321816206
    0.813890755 0.151330471 0.256713182 0.0378207266 0.389290392
    0.44159314 0.322823048 0.372649699 0.400702834 0.349364877
    0.453022897 0.645685494 0.49537912 0.124166161 0.329418957
    0.401798427 0.958285451 0.353331387 0.297498941 0.588419437
    0.705674589 0.37499702 0.222615331 0.564637959 0.288727194
    0.188174874 0.161211371 0.145221502 0.278639138 0.976718366
    0.354921669 0.995918751 0.259220004 0.625831604 0.825115144
    0.172003388 0.966633081 0.628629863 0.823455751 0.153283387
    0.311910868 0.688752234 0.51968503 0.121117115 0.639759183
    0.129926711 0.105310321 0.789275885 0.219015628 0.904739976
    0.316401362 0.176229894 0.98405081 0.154291809 0.268099129
    0.473186702 0.623314023 0.848126769 0.569949627 0.361934394
    0.46757105 0.00609689951 0.399158448 0.184509844 0.955426812
    0.610762417 0.598083854 0.354236424 0.0066383779 0.565054774
    0.675006509 0.921264291 0.0780518353 0.662477195 0.608132124
    0.904532075 0.316818327 0.661298215 0.363515705 0.00109821558
    0.18632248 0.148264885 0.950660825 0.60333854 0.415191919
    0.302506596 0.329049408 0.997317553 0.789889574 0.885662198
    0.0589136183 0.807344794 0.387502074 0.325628996 0.208858103
    0.0358538032 0.654885352 0.910692215 0.181991309 0.15122956
    0.599487841 0.0356248915 0.468203247 0.670148015 0.568822503
    0.317220688 0.764131904 0.95578891 0.618602812 0.40093106
    0.667953134 0.966183841 0.0327298343 0.73809731 0.0508931875
    0.361289382 0.144366086 0.424228221 0.791006148 0.6801368
    0.390700608 0.638216376 0.660286546 0.804212928 0.120153069
    0.759271741 0.483714134 0.639169276 0.785782695 0.93383944
    0.768347859 0.699302077 0.482196122 0.548122466 0.287801683
    0.697359145 0.318305731 0.166445404 0.263531804 0.351414084
    0.855607867 0.818588734 0.189875752 0.0900827944 0.844876349
    0.773972034 0.450866282 0.308068246 0.226279587 0.807726085
    0.118046075 0.111492693 0.502672374 0.551813483 0.00426083803
    0.499066621 0.52750653 0.316809177 0.197479397 0.0435393155
    0.228542984 0.524148583 0.85062325 0.0949495733 0.708321691
    0.433372736 0.222231865 0.139888585 0.779696584 0.734590769
    0.232974589 0.592556715 0.0948520005 0.461851299 0.534917057
    0.630081713 0.416500777 0.697203636 0.683345258 0.776872754
    0.363983929 0.203599513 0.128914416 0.606550634 0.139469564
    0.095120877 0.938204467 0.197354138 0.09096542 0.536545515
    0.632133782 0.961855054 0.137562513 0.563706875 0.704187751
    0.72602421 0.0262123942 0.415401697 0.0674046874 0.529781878
    0.301304758 0.552602589 0.364610046 0.0736190975 0.505094528
    0.894342184 0.198046237 0.143110961 0.355971992 0.0549708009
    0.864461124 0.676836073 0.717917442 0.462891906 0.648923814
    0.763633251 0.425298691 0.3740412 0.71821481 0.350647181 0.730154812
    0.341468304 0.627929449 0.219592482 0.159322709 0.137431592
    0.829653144 0.00830489397 0.54411751 0.151722342 0.114886194
    0.793596625 0.0806802809 0.907666087 0.630862057 0.484080166
    0.964561403 0.136090994 0.573127627 0.356590569 0.662730157
    0.196901381 0.561600506 0.590600491 0.536683381 0.975667953
    0.698103726 0.884882033 0.944702625 0.682259619 0.0801253915
    0.873350024 0.517696738 0.845077395 0.512269258 0.920127392
    0.012937516 0.261584282 0.440411627 0.444554389 0.577493727
    0.780717731 0.547844291 0.791590929 0.413722485 0.582655251
    0.62435019 0.23016721 0.896736264 0.171281964 0.209942907
    0.661294222 0.728906155 0.476091355 0.808951676 0.703119814
    0.259598732 0.440154195 0.793849945 0.0549899638 0.196903467
    0.699003816 0.122114211 0.630393982 0.248899281 0.999211431
    0.960279763 0.938888788 0.57628274 0.0966151655 0.272533357
    0.104502976 0.359891802 0.387392104 0.665551603 0.88639909
    0.469542593 0.543477297 0.313641936 0.861814618 0.659516931
    0.51841867 0.0550325513 0.237905473 0.637122452 0.217506647
    0.628794074 0.216410428 0.522773147 0.593854904 0.757128 0.88234669
    0.877098739 0.584322035 0.189148486 0.890608966 0.378612697
    0.878938019 0.507523775 0.123840332 0.961397946 0.311941177
    0.773864269 0.933851659 0.124135643 0.0723868608 0.987343073
    0.00309896469 0.692248106 0.955340624 0.795802236 0.425940067
    0.546494842 0.340015709 0.679531515 0.736915588 0.205803365
    0.438575119 0.551642239 0.634270251 0.00643491745 0.365846932
    0.902146459 0.400288999 0.955530047 0.428210586 0.352632523
    0.889128685 0.421896577 0.122768879 0.173754364 0.35500443
    0.531573713 0.0826914608 0.826206625 0.605086923 0.801779509
    0.89136672 0.407225907 0.976790309 0.0406554639 0.0539464056
    0.610081971 0.577745199 0.590591848 0.0742459893 0.211624742
    0.202237219 0.601599097 0.228049219 0.753019452 0.149587244
    0.830354035 0.913056612 0.0168403387 0.357996851 0.293218046
    0.930706203 0.0184875429 0.0634900033 0.890028894 0.807491183
    0.734537005 0.983484864 0.0183131993 0.625878513 0.550799549
    0.53761214 0.909014583 0.346960127 0.474327832 0.489204764
    0.900009632 0.392674744 0.0151061714 0.698705971 0.453830242
    0.37175861 0.0151953995 0.312106967 0.236418009 0.17635864
    0.0669950545 0.664466202 0.323873729 0.457961977 0.0989846587
    0.35410434 0.465986967 0.796998024 0.520696461 0.774857998
    0.264175355 0.57581985 0.968797147 0.48061341 0.849290669
    0.048347652 0.823464394 0.890309334 0.704842687 0.659528375
    0.909025073 0.827004075 0.630050063 0.189219296 0.879008174
    0.509977281 0.407593876 0.258110344 0.0881685317 0.0109802186
    0.904432833 0.901443779 0.388136625 0.602380633 0.060526222
    0.939243197 0.265065163 0.922264218 0.802261472 0.331359684
    0.28903693 0.186925709 0.465625882 0.280603468 0.691131234
    0.29975763 0.509834945 0.595508277 0.183208287 0.864409447
    0.0960660577 0.824962497 0.0877204239 0.0665309131 0.144194275
    0.963506818 0.26627785 0.503119409 0.800390959 0.558248162
    0.886104822 0.363729775 0.157218814 0.0156160891 0.639349639
    0.735233665 0.371034265 0.934279442 0.461903691 0.0259758234
    0.809512913 0.928311706 0.269523203 0.698122919 0.687325895
    0.344635487 0.023055166 0.170913756 0.0858688056 0.462883532
    0.337698191 0.556604207 0.182282835 0.508639634 0.983320236
    0.822156072 0.347810864 0.91002357 0.372836649 0.764126539
    0.820796847 0.484404117 0.97258389 0.0752553642 0.708914042
    0.931399703 0.0348348022 0.420840412 0.524368882 0.883560002
    0.291755795 0.978669524 0.628699243 0.440984637 0.57418555
    0.968168676 0.0653761029 0.110009551 0.11419192 0.0145624578
    0.0480323732 0.366775513 0.347965837 0.0293656588 0.640075028
    0.194524795 0.759204149 0.590773106 0.397940874 0.920829654
    0.760491371 0.573936164 0.238255888 0.567645967 0.11914894
    0.493732899 0.830985188 0.317464054 0.0789450705 0.444725811
    0.369806677 0.287520766 0.290360391 0.086882025 0.707716823
    0.336008728 0.253567576 0.867488444 0.636137486 0.308707863
    0.121053606 0.400767803 0.300300181 0.266452074 0.334096193
    0.983678341 0.842247128 0.660311341 0.9148826 0.806126356
    0.282487482 0.199295402 0.973125696 0.0387234688 0.0632239282
    0.479951888 0.744391322 0.245468378 0.539270401 0.0469931066
    0.0613663793 0.0938514769 0.681403339 0.282559812 0.032168299
    0.662002087 0.751703143 0.0430417657 0.792012095 0.348148108
    0.252314389 0.289010167 0.632816374 0.23332265 0.685892165
    0.0928994715 0.448313117 0.638973176 0.495176345 0.100008607
    0.450147361 0.712305248 0.261342227 0.384189069 0.32007277
    0.84678185 0.561032832 0.879021287 0.103364974 0.369168162
    0.761510253 0.653495133 0.957996249 0.489987493 0.492819965
    0.202703536 0.437694341 0.054112643 0.476503104 0.337153912
    0.384701699 0.0129520595 0.762972593 0.804708123 0.106469631
    0.936923623 0.513418436 0.954738855 0.982342839 0.156988204
    0.72406584 0.577820301 0.588526011 0.210661829 0.189808786
    0.981939793 0.105098546 0.572882712 0.0967561603 0.857652545
    0.0523474514 0.909253418 0.817510486 0.794178128 0.429698944
    0.773044229 0.498918891 0.403071463 0.411625504 0.636874437
    0.193885773 0.396573454 0.471359104 0.260466158 0.520971715
    0.149217278 0.600845039 0.360810935 0.486379027 0.0611493289
    0.350971937 0.624890625 0.371503204 0.102947176 0.502656221
    0.261551976 0.837878942 0.979163647 0.767828345 0.0988864005
    0.628546476 0.188962877 0.619752228 0.0804891288 0.611397624
    0.170934737 0.690875888 0.539240658 0.621874213 0.492069185
    0.800602674 0.583459198 0.148872256 0.337524533 0.519918919
    0.294903517 0.344147027 0.248609245 0.573707402 0.190416813
    0.152251154 0.341459572 0.489235222 0.0859909654 0.844935 0.53375411
    0.165437847 0.229985118 0.717057109 0.738101244 0.900336146
    0.133834094 0.345151126 0.45832482 0.476082683 0.187598825
    0.123771042 0.93151927 0.339327812 0.622339427 0.0689541698
    0.500103951 0.541007102 0.849329472 0.173942924 0.963528991
    0.315995991 0.119781941 0.603800356 0.291675389 0.658667445
    0.831696689 0.986471057 0.337321877 0.357475936 0.630777776
    0.412502229 0.183296084 0.58942157 0.0328037739 0.374623209
    0.229047447 0.601251423 0.728010654 0.55026567 0.293211401
    0.871256709 0.356064826 0.345903277 0.0488120019 0.574355066
    0.924470723 0.0134056211 0.830730021 0.30906418 0.643655062
    0.660989046 0.537195623 0.327068985 0.695970118 0.324337691
    0.331428826 0.350842535 0.66971451 0.499626607 0.604497969
    0.962319851 0.147604942 0.673879743 0.73094219 0.456617743
    0.322160959 0.993258655 0.716006041 0.845554709 0.979384124
    0.36521706 0.278816462 0.240788758 0.494759291 0.676175952
    0.803971529 0.851591468 0.769539654 0.629585981 0.221998543
    0.474196196 0.957086504 0.000388503075 0.195139796 0.503638685
    0.746076882 0.648662567 0.787011564 0.17936179 0.690607071
    0.548190713 0.572292805 0.679923475 0.756838679 0.910274208
    0.253859878 0.860814333 0.597831011 0.953621626 0.840924859
    0.580898762 0.246736676 0.102231234 0.547829866 0.940703988
    0.341614902 0.998213649 0.078481555 0.0893657207 0.106338978
    0.158711553 0.938209891 0.243977278 0.790796459 0.0676799119
    0.755497992 0.456213772 0.385011733 0.228002518 0.029692471
    0.746094227 0.485711902 0.511861145 0.375862092 0.526212871
    0.905269265 0.674163461 0.488592505 0.695581198 0.223962635
    0.645317256 0.844323099 0.19451046 0.922412276 0.518044591
    0.402432501 0.589459419 0.0215514302 0.190291762 0.657072306
    0.718948126 0.667411506 0.502893806 0.369309425 0.18268609
    0.438517511 0.91552949 0.209804654 0.637990057 0.0239806771
    0.65697217 0.762359202 0.269292206 0.0968992114 0.179235756
    0.824085832 0.421472847 0.138819128 0.199667454 0.324109018
    0.761621118 0.218274444 0.30384481 0.966444373 0.835148871
    0.0390750468 0.00402712822 0.658258319 0.867133379 0.466409594
    0.968454242 0.23892808 0.952497125 0.814205408 0.748397887
    0.749108076 0.568025887 0.876196921 0.775454998 0.589968622
    0.337389469 0.38961184 0.458681077 0.120301187 0.904241204
    0.0806226432 0.309080482 0.455192298 0.805037796 0.222900629
    0.626683235 0.272834659 0.384757757 0.306908101 0.415718079
    0.716273248 0.694914579 0.866745651 0.561777115 0.861388445
    0.40416646 0.238735437 0.176997542 0.872993827 0.866463184
    0.00542518497 0.281341553 0.819016099 0.932995796 0.926003039
    0.8199386 0.285286725 0.455768198 0.322844386 0.878895044
    0.844090104 0.807082951 0.330772161 0.0439015925 0.695795536
    0.0893481672 0.693780243 0.693014741 0.772419333 0.351659328
    0.604910672 0.508832097 0.0879430473 0.564522386 0.236471832
    0.764816642 0.491146088 0.585269094 0.796875715 0.15930295
    0.222510487 0.545795083 0.318338096 0.861976266 0.95074904
    0.143795133 0.126633137 0.504770577 0.9112674 0.338840187 0.31053406
    0.865535498 0.917333841 0.788316369 0.851727426 0.904012084
    0.507209837 0.557888567 0.920836687 0.343625367 0.207928509
    0.0441950262 0.111961305 0.402794003 0.554396272 0.397010326
    0.854199171 0.730114162 0.782155514 0.665766954 0.620349228
    0.311265171 0.987153888 0.574836135 0.799836993 0.0238440633
    0.272384882 0.854952931 0.119817942 0.375672132 0.0592974424
    0.674129844 0.656980336 0.133671463 0.396547824 0.0343489945
    0.798576474 0.417770326 0.75218761 0.123384476 0.665949762
    0.842872024 0.0905879438 0.749157369 0.576308608 0.433750272
    0.574150503 0.426659733 0.518904805 0.691678584 0.649304688
    0.0594264269 0.454462707 0.724072814 0.628094912 0.362616718
    0.0120884776 0.469085872 0.272511721 0.646992803 0.58447969
    0.455851495 0.0655440986 0.304771483 0.91079241 0.795886338
    0.35833618 0.724978149 0.10121116 0.679891229 0.0698516667
    0.80712533 0.777856886 0.929202914 0.404007524 0.55104655 0.51857096
    0.159247726 0.273419499 0.914594531 0.35779807 0.552637517
    0.667984545 0.937563241 0.59602046 0.025195688 0.221198559
    0.0820142627 0.0276288688 0.635051191 0.34868297 0.378282607
    0.0875054598 0.222108126 0.170261681 0.297531635 0.737692833
    0.755544245 0.0946409702 0.27801615 0.0527472198 0.065964371
    0.899625421 0.284700722 0.479365647 0.0651434362 0.807195485
    0.266905487 0.387569487 0.784210324 0.662210941 0.545685947
    0.773706436 0.868632376 0.53842926 0.602085233 0.868750453
    0.487106025 0.137237459 0.181992292 0.00148662925 0.770988286
    0.687170684 0.287901044 0.832605362 0.0604780614 0.886371732
    0.260392189 0.463288933 0.351187229 0.451499343 0.0731578767
    0.349579275 0.678943992 0.0724196136 0.402582467 0.797645569
    0.95570755 0.215413064 0.634269536 0.317455262 0.941827059
    0.285687864 0.927108526 0.520872653 0.912156761 0.895098329
    0.50140965 0.435084224 0.749248445 0.429786325 0.687404871
    0.920078337 0.404550284 0.323868513 0.208039612 0.861517906
    0.368592441 0.911286592 0.0843276381 0.498503506 0.872038364
    0.738182604 0.032070756 0.623751581 0.99891293 0.709782779
    0.878108621 0.982269645 0.477354199 0.606151044 0.441480398
    0.703130484 0.741355419 0.734555423 0.670213103 0.361142337
    0.0252787471 0.728125632 0.230041951 0.778667331 0.478279322
    0.81850487 0.0514457524 0.376576096 0.229810357 0.57931155
    0.970172703 0.528376043 0.501784503 0.0591269135 0.00427088141
    0.59132278 0.957068026 0.476224184 0.180596948 0.533888638
    0.940331697 0.122591436 0.798100054 0.0966893435 0.785431266
    0.528906822 0.785944581 0.65511483 0.216676593 0.288170993
    0.841820002 0.855315328 0.385419667 0.767829061 0.98091042
    0.0170485973 0.464699268 0.273693681 0.709115744 0.26129663
    0.144993812 0.0401980877 0.189397693 0.237936139 0.00942760706
    0.130675018 0.112515926 0.935389996 0.826534629 0.81905973
    0.036950022 0.37617147 0.0486163497 0.870687962 0.718559027
    0.232787132 0.676359415 0.432416975 0.14843297 0.373406291
    0.477776915 0.666752219 0.300519109 0.583078325 0.984341979
    0.737021565 0.862808704 0.771772444 0.952778757 0.381503075
    0.559653282 0.942665577 0.827215433 0.579033554 0.17216292
    0.685625613 0.623052001 0.490517139 0.478599906 0.890718341
    0.501607656 0.00615289807 0.482324779 0.664393961 0.871669471
    0.683225572 0.420836896 0.635279894 0.851472139 0.686163366
    0.234360099 0.215218306 0.401014894 0.593734741 0.195567787
    0.00580847263 0.883444726 0.437705219 0.206309021 0.915799975
    0.134778976 0.881266356 0.708800972 0.12283805 0.221492797
    0.600414217 0.377473176 0.249181539 0.470299453 0.166166455
    0.862611294 0.334256709 0.969617426 0.178250462 0.697048068
    0.298203498 0.0390579104 0.0539839864 0.421971649 0.59666431
    0.273857653 0.605337977 0.241511583 0.880878806 0.278487712
    0.891943693 0.478933573 0.0684256256 0.361277699 0.780204713
    0.929686964 0.871100247 0.284110785 0.29435569 0.408518583
    0.786807597 0.400033474 0.845718622 0.828899384 0.214202732
    0.554678023 0.492059052 0.523469448 0.655583799 0.148306549
    0.873923659 0.0508184731 0.727168918 0.160143763 0.266914934
    0.4913598 0.0407975018 0.533666372 0.938085318 0.965123296
    0.416588575 0.351205885 0.876952648 0.614120483 0.581104994
    0.102041334 0.00265035033 0.871584415 0.952832699 0.529836237
    0.884132445 0.176024914 0.0513935685 0.764760435 0.423841804
    0.351314366 0.889086008 0.494181275 0.731722474 0.650025964
    0.184924304 0.433301389 0.845679522 0.282891572 0.239580274
    0.915013552 0.929333627 0.471464574 0.702100933 0.768052101
    0.00481057167 0.037584722 0.8137182 0.299588144 0.868819714
    0.512388945 0.531606019 0.194271445 0.754869342 0.480398625
    0.912153065 0.112001479 0.827387094 0.873823285 0.411464304
    0.779518127 0.788469255 0.764925659 0.194731563 0.398610294
    0.266357362 0.893621683 0.921714664 0.859392524 0.05695948
    0.538247466 0.497378469 0.0713038146 0.909466863 0.478325993
    0.36645788 0.733941853 0.519708931 0.15437308 0.941997647
    0.984269142 0.147741854 0.231124282 0.894391894 0.0102874041
    0.0435936153 0.523627639 0.788238406 0.482184678 0.0323107839
    0.148261845 0.142509192 0.214743853 0.953123569 0.11226964
    0.691113472 0.743917823 0.13859871 0.233244359 0.310628444
    0.694187403 0.114753336 0.892021537 0.571779966 0.225201368
    0.678970098 0.161188871 0.907349229 0.501498103 0.198900908
    0.71619904 0.158586115 0.111839682 0.730029464 0.335415304
    0.299854636 0.77857995 0.378072023 0.170948237 0.942820668
    0.318716705 0.730895877 0.0892161429 0.76867795 0.719543576
    0.709971607 0.747187018 0.702553689 0.41544956 0.428253263
    0.297095418 0.616378248 0.167116255 0.345804214 0.132816344
    0.800532937 0.541949928 0.0595111847 0.746113122 0.337176979
    0.225003242 0.231535077 0.888035178 0.495484263 0.408217907
    0.544249475 0.00679379702 0.682090938 0.690827131 0.0727675259
    0.137867332 0.28444767 0.834616303 0.391419828 0.0268138647
    0.731873512 0.841778994 0.666829944 0.494748712 0.683188558
    0.625757098 0.549008071 0.888028383 0.669229031 0.430177331
    0.597562313 0.758132815 0.56089431 0.448628128 0.745607615
    0.0500053167 0.348491997 0.455026984 0.412374437 0.904222012
    0.391453981 0.00424358249 0.3005355 0.697551608 0.725958526
    0.45926109 0.920003057 0.0638988912 0.332308412 0.455678999
    0.280516505 0.969594598 0.565312922 0.831824899 0.462607324
    0.811733246 0.580151677 0.317163169 0.532162011 0.846446633
    0.685268998 0.797173977 0.300472438 0.6518296 0.412137508
    0.532213688 0.669944763 0.479656667 0.430534124 0.151095599
    0.559654355 0.751497984 0.0475542247 0.250601411 0.499684364
    0.0653877258 0.545004308 0.0434803367 0.075905174 0.532401681
    0.896949291 0.134639174 0.530833125 0.407577693 0.812659621
    0.682041466 0.476978153 0.599910021 0.284891218 0.95815742
    0.200129062 0.241054028 0.777365148 0.730819225 0.111317635
    0.426193684 0.894775629 0.00834441185 0.617278695 0.912246466
    0.212103456 0.686432719 0.63404727 0.54547286 0.379616141
    0.0673786402 0.171914279 0.880053937 0.211527139 0.560793757
    0.966734886 0.371174157 0.833383858 0.837815166 0.568753541
    0.0587588251 0.410705924 0.767710209 0.799942851 0.352309287
    0.761753201 0.424086094 0.0967864394 0.467069775 0.512344122
    0.787666738 0.660393894 0.188509494 0.0308127403 0.383906275
    0.941753983 0.688911378 0.115250975 0.506164849 0.689894736
    0.859945595 0.297407329 0.391063452 0.289095581 0.372632861
    0.630905509 0.104540408 0.568059385 0.31629464 0.937679887
    0.607923388 0.66780436 0.389178187 0.75445354 0.196797997
    0.301531434 0.238121361 0.309003472 0.792485833 0.691457987
    0.891346812 0.388206959 0.250974119 0.986082554 0.398487628
    0.0690473318 0.290260941 0.926499605 0.87451303 0.700059891
    0.539162934 0.783519149 0.188349783 0.875067174 0.878120899
    0.486289531 0.663473725 0.677146792 0.742614806 0.71941781
    0.0894764662 0.0524416566 0.322292149 0.395484596 0.439871281
    0.578468382 0.795615554 0.0469190478 0.630495429 0.723436117
    0.00367948413 0.287728876 0.326928735 0.478182524 0.755173683
    0.422349095 0.266018867 0.647575498 0.924073756 0.398727596
    0.838898659 0.683036566 0.477976561 0.0789135396 0.251953483
    0.413793832 0.654483557 0.990413427 0.768622637 0.692238986
    0.177515745 0.962060571 0.803364098 0.907739639 0.669552326
    0.460631669 0.631682515 0.330938995 0.82859683 0.206650198
    0.858893633 0.879699588 0.411269277 0.347886443 0.98748064
    0.649665654 0.146109462 0.993043184 0.817394495 0.493747383
    0.0381505787 0.804463685 0.282465994 0.843240976 0.237368912
    0.0389328301 0.274838984 0.511527896 0.630312443 0.475628495
    0.634818792 0.520095527 0.0819565356 0.452166885 0.378706276
    0.317372531 0.564068079 0.545008719 0.300061673 0.128524631
    0.578263819 0.590986669 0.450971395 0.720748663 0.630505979
    0.290448546 0.230878025 0.204941094 0.546659648 0.268248141
    0.351948321 0.113878101 0.276584893 0.273451567 0.998923481
    0.0434202254 0.229761273 0.263374388 0.426195681 0.793239415
    0.913298488 0.183757931 0.25045979 0.717375815 0.608190238
    0.888085485 0.235004514 0.0563353002 0.922713578 0.419498384
    0.982170463 0.108148813 0.665065825 0.785883963 0.491046607
    0.74601835 0.488375038 0.833450794 0.499707729 0.388905674
    0.662005365 0.867992461 0.0530135036 0.509765148 0.863727093
    0.86737442 0.318592757 0.189169884 0.401978433 0.680797517
    0.137794942 0.733874321 0.517945886 0.154829383 0.480774283
    0.527472556 0.676376283 0.75943327 0.187304735 0.443092823
    0.598696768 0.19304803 0.936638236 0.97795558 0.892003059
    0.376086086 0.545719802 0.473652542 0.987239361 0.741268814
    0.604774058 0.164748937 0.633405089 0.583272696 0.627146363
    0.11519748 0.584874451 0.0102159679 0.958614469 0.993279219
    0.119624943 0.522666752 0.614648461 0.214835376 0.00139909983
    0.830882609 0.287265778 0.666460872 0.635663211 0.587941408
    0.972563744 0.449553311 0.953619957 0.277002394 0.741580606
    0.531967163 0.320566118 0.658652127 0.677474678 0.964272082
    0.996217012 0.744237125 0.158430129 0.338528961 0.591368437
    0.129640341 0.107882202 0.149257243 0.489936501 0.641596556
    0.555279613 0.0137164891 0.644440532 0.921156645 0.842891932
    0.159256309 0.909923553 0.163100719 0.75977397 0.508356214
    0.363405913 0.49122712 0.298822492 0.0360144377 0.370619953
    0.97175014 0.101253182 0.815137744 0.387110919 0.365697801
    0.36732161 0.909883499 0.435248137 0.543534219 0.8669312 0.783278048
    0.488526613 0.831839085 0.199668407 0.805740118 0.320730746
    0.202727318 0.48782143 0.885465026 0.503061116 0.120703667
    0.959041238 0.863133907 0.19164145 0.48228541 0.179386228 0.21530512
    0.0745195448 0.0799487829 0.327671289 0.635867298 0.874447465
    0.720322967 0.893426776 0.752923489 0.82171607 0.822009802
    0.330926061 0.615325749 0.599089205 0.352239281 0.694383621
    0.846693575 0.521878064 0.133921772 0.387423664 0.979884624
    0.815594554 0.608379126 0.0694302619 0.503778815 0.983040631
    0.0945735276 0.544915855 0.169099301 0.609873295 0.705296755
    0.85686785 0.437219858 0.29468751 0.215432256 0.569984376
    0.950680912 0.270124853 0.228711277 0.341686964 0.176325858
    0.833595157 0.376186192 0.827481687 0.0777534246 0.695009172
    0.254537553 0.190407276 0.618960559 0.571754634 0.516319215
    0.0950122774 0.987032592 0.126300156 0.41177541 0.154872209
    0.706614077 0.733670473 0.656902909 0.343917578 0.139497638
    0.645412564 0.34764266 0.783434749 0.122119874 0.446719468
    0.0912705362 0.23856622 0.740045607 0.712689579 0.88797164
    0.988230467 0.983972192 0.804994285 0.772062719 0.27932629
    0.613904774 0.464961976 0.624937832 0.737924099 0.173312873
    0.214091778 0.851553798 0.0759136677 0.74979043 0.737817824
    0.512569785 0.789452553 0.549351633 0.331304431 0.389511973
    0.622277975 0.653198242 0.264388502 0.768733084 0.0155211091
    0.794963121 0.914231837 0.675860465 0.604701281 0.108768374
    0.846483648 0.887970388 0.887318015 0.160399735 0.0948521495
    0.420199156 0.0879337788 0.158365875 0.0551562607 0.187875301
    0.383308798 0.435657948 0.229538798 0.33706668 0.621930718
    0.84850353 0.769779921 0.144833595 0.637355447 0.955836058
    0.530887067 0.0105165243 0.849983692 0.734351397 0.405449361
    0.199440122 0.368737966 0.886296034 0.404505849 0.976155519
    0.377571076 0.0933896005 0.690158129 0.44498688 0.594061315
    0.804584384 0.100467443 0.935014188 0.0625548065 0.24988994
    0.402846813 0.0970986784 0.252543777 0.83147651 0.0913149118
    0.740921676 0.107281148 0.198379874 0.802924395 0.793322563
    0.204357505 0.548917949 0.401505589 0.415393472 0.292798221
    0.828035951 0.110074013 0.394929171 0.108231455 0.672438502
    0.0326452553 0.163033873 0.827751935 0.390841365 0.529436052
    0.948364139 0.979187131 0.312864512 0.89321965 0.382785022
    0.0776871145 0.834204912 0.979181767 0.91704762 0.534744382
    0.607824683 0.51044935 0.147007465 0.577290893 0.168365777
    0.430186272 0.251275837 0.100301385 0.206964314 0.182906479
    0.284307927 0.914874315 0.720255435 0.122321963 0.677443802
    0.639720738 0.63242805 0.242022246 0.475343496 0.33380577
    0.367652774 0.059345305 0.129079849 0.601396561 0.580781341
    0.781108022 0.654367805 0.342339098 0.847674489 0.769153237
    0.830757976 0.351019382 0.433127999 0.693615437 0.157058001
    0.177517682 0.186751962 0.195331067 0.733219683 0.310760856
    0.204507262 0.127881438 0.00437226892 0.744529963 0.255860925
    0.413808882 0.329940617 0.567916393 0.922895908 0.975117505
    0.837105751 0.349162102 0.705812216 0.921414077 0.977814555
    0.168360323 0.858562946 0.37314713 0.822939515 0.518053174
    0.716821313 0.399347752 0.174900055 0.961396992 0.30825901
    0.300839722 0.0702679753 0.654074192 0.828495145 0.647010922
    0.280415326 0.664005637 0.653990149 0.252971172 0.490470737
    0.842449069 0.309927166 0.118329287 0.850552261 0.838194728
    0.32981962 0.582295954 0.528013706 0.445865005 0.032725215
    0.860450089 0.872429252 0.696832776 0.16798088 0.60675633
    0.629137099 0.532173514 0.872826815 0.664698482 0.353630841
    0.740561545 0.877538204 0.0658575296 0.199312598 0.440686613
    0.496364683 0.891126156 0.355460823 0.0475990176 0.699427068
    0.796236753 0.0658978224 0.169655293 0.682018816 0.156567127
    0.0445205271 0.444855034 0.173606217 0.033213973 0.896592975
    0.196871072 0.122850597 0.784677505 0.862691641 0.825995326
    0.114665419 0.379221588 0.142683387 0.790342331 0.980688095
    0.0134396255 0.112259686 0.00589737296 0.167367727 0.00548633933
    0.312333316 0.173083454 0.950903296 0.90734458 0.501204133
    0.677424729 0.624129653 0.848577797 0.833458185 0.272794962
    0.919954479 0.813154697 0.0609674752 0.496309698 0.896012962
    0.501506031 0.451143533 0.170694053 0.0417355299 0.846636355
    0.703033924 0.954299212 0.891883671 0.520862222 0.456948966
    0.665563464 0.954024911 0.952866673 0.32131958 0.494756967
    0.946260452 0.161586195 0.823048711 0.230696142 0.48730129
    0.218800247 0.284373343 0.998291612 0.102248728 0.461487174
    0.317695618 0.666597843 0.544259608 0.441041887 0.711884975
    0.541977882 0.00876060128 0.693651855 0.122356534 0.96036613
    0.534404874 0.869320631 0.795930624 0.473646075 0.425299913
    0.167401761 0.613594949 0.211625189 0.976634562 0.673497796
    0.0646078885 0.294442773 0.883281529 0.805484295 0.297417164
    0.464948148 0.81311661 0.276364118 0.641691566 0.818511307
    0.163893163 0.670003474 0.224025488 0.903651118 0.194200963
    0.505139947 0.0792652071 0.541270912 0.253973693 0.0920210481
    0.589227676 0.815777302 0.175066918 0.263441384 0.13538149
    0.557807565 0.91504097 0.443043441 0.0425494909 0.402152687
    0.927211106 0.276097 0.291036189 0.421578377 0.280385137 0.336980224
    0.882959604 0.984549761 0.663926125 0.607817471 0.132431477
    0.904616058 0.306961417 0.706639409 0.992801309 0.214600354
    0.880022109 0.424209267 0.766005218 0.857661486 0.813127577
    0.882052422 0.932314992 0.967009425 0.531026065 0.800194025
    0.948736429 0.302514553 0.324990988 0.367206633 0.664388776
    0.554855227 0.69211179 0.884051979 0.975165844 0.149484664
    0.887343645 0.76633805 0.175164282 0.557748139 0.000619411469
    0.27313143 0.875324488 0.813079834 0.326008141 0.576840162
    0.135556281 0.41685313 0.541402757 0.0405935049 0.518258572
    0.750638485 0.17773512 0.569028318 0.0902092159 0.959389091
    0.428179353 0.884585381 0.992313504 0.689961433 0.218297094
    0.505939066 0.528429925 0.825265169 0.4190467 0.204796582
    0.592586398 0.404415429 0.345148265 0.438658357 0.0128607452
    0.0295773447 0.92641753 0.182489246 0.0520423651 0.0103156567
    0.500658393 0.824667215 0.573848665 0.270639867 0.353230655
    0.0894394517 0.691061676 0.338412523 0.713729143 0.276204765
    0.0579614639 0.366286725 0.813171506 0.798233867 0.822538137
    0.442636371 0.177661657 0.188080996 0.591162801 0.230471939
    0.504684508 0.0733751357 0.0417188406 0.362308383 0.705446422
    0.626082897 0.558717012 0.134808958 0.321889341 0.587626696
    0.764305353 0.873595953 0.830198824 0.789239347 0.171726674
    0.818128943 0.410479218 0.921628118 0.35299474 0.519896746
    0.624817014 0.0137209296 0.885229111 0.813553333 0.7071473
    0.686691105 0.116231084 0.330051422 0.548702836 0.132388949
    0.940221548 0.797214925 0.532520533 0.10940659 0.098180145
    0.239282846 0.854003787 0.804281533 0.392836273 0.355694413
    0.321937472 0.681599855 0.798082232 0.181593299 0.719098151
    0.880937457 0.137961179 0.498871863 0.668496728 0.88801074
    0.281381845 0.968322396 0.141331822 0.736631155 0.838454723
    0.940435648 0.365465671 0.607685089 0.485748947 0.0198640525
    0.669014096 0.66422987 0.186925203 0.271240652 0.864362538
    0.318995476 0.372801065 0.220085561 0.163437307 0.377971351
    0.00758811831 0.623441756 0.711242378 0.41017729 0.118776888
    0.00414922833 0.136016488 0.922944367 0.00988039374 0.33105278
    0.147103041 0.984316111 0.278320462 0.909885645 0.959225178
    0.404899925 0.207573384 0.388033152 0.478974134 0.589093983
    0.634715617 0.0279319882 0.639283657 0.465446681 0.597759902
    0.786497176 0.180014938 0.548979878 0.276734293 0.228380024
    0.556041896 0.658888161 0.512333989 0.912450552 0.481774807
    0.861940742 0.72304821 0.751759291 0.765401661 0.866839409
    0.781634152 0.361774087 0.527309179 0.996898651 0.900616884
    0.760273814 0.669735253 0.639896095 0.7140342 0.418434739
    0.753046155 0.232285053 0.526848495 0.226067096 0.0968649983
    0.829704523 0.342546344 0.39507854 0.0134058297 0.912109375
    0.861214578 0.567712605 0.48436144 0.746839404 0.875572085
    0.848412156 0.0752692521 0.463492155 0.197102189 0.974821806
    0.610300899 0.25688535 0.842586637 0.278457403 0.1280469 0.700014174
    0.935914755 0.738997817 0.374487638 0.584946454 0.309223294
    0.17345643 0.0338030457 0.554372728 0.659858763 0.570549905
    0.510160923 0.918811798 0.269759715 0.24531424 0.95359838
    0.895517588 0.800584078 0.664714217 0.0456310511 0.825479746
    0.630906641 0.730689406 0.351231605 0.599793196 0.983024955
    0.730456591 0.274475992 0.205297381 0.888549268 0.278192967
    0.189996272 0.556404054 0.611860156 0.805380523 0.193560123
    0.830809593 0.00878143311 0.0877135694 0.437769294 0.698858321
    0.589905679 0.185276598 0.510375679 0.511813462 0.826606512
    0.931054533 0.99405551 0.719617844 0.109865576 0.90175575
    0.947420955 0.669884801 0.576375723 0.15806669 0.978507102
    0.832752228 0.256105483 0.455489844 0.43292895 0.191350698
    0.0670544207 0.445632339 0.0913581252 0.971210778 0.192543775
    0.531578422 0.244348407 0.89481777 0.101364374 0.919476807
    0.553364098 0.940482914 0.196148574 0.518986106 0.350732267
    0.902867913 0.455372423 0.733899832 0.378208309 0.185527891
    0.36037606 0.100892514 0.0238574743 0.00156015158 0.0673151016
    0.767564535 0.136713356 0.718400002 0.520652354 0.0503452122
    0.370881557 0.362453401 0.627217114 0.112323612 0.94543463
    0.496472955 0.85151428 0.36667639 0.967716694 0.972864509
    0.177932024 0.991796315 0.987986684 0.255203009 0.648177743
    0.20202741 0.0308242738 0.551505923 0.966309667 0.609885633
    0.217117995 0.399031579 0.693745255 0.102779001 0.742818117
    0.0161960423 0.586568534 0.437416196 0.766466856 0.144968867
    0.60322839 0.999355435 0.305497527 0.860131919 0.937775016
    0.336422324 0.149938077 0.283445358 0.97313571 0.477700621
    0.647074223 0.31667006 0.371816754 0.602530003 0.244592607
    0.311654389 0.817651629 0.183849365 0.892211318 0.91747272
    0.702137053 0.76063168 0.975683749 0.744569302 0.252306849
    0.835255265 0.593973398 0.997995496 0.973233223 0.0410251319
    0.209301144 0.661823928 0.256187171 0.509876966 0.511106014
    0.158200502 0.0925265849 0.799469769 0.697882295 0.320487022
    0.671711922 0.295325667 0.576139629 0.911783755 0.438816965
    0.711029232 0.037378937 0.00646620989 0.50575763 0.5549348
    0.545156181 0.048255831 0.971290588 0.693128645 0.698473096
    0.475787342 0.899925292 0.594009578 0.873064756 0.072838515
    0.152203232 0.788987756 0.402647644 0.126077652 0.747060299
    0.214043945 0.00643351674 0.0474455357 0.776845753 0.579620063
    0.31392327 0.652200937 0.763861358 0.374072134 0.0386947989
    0.262523711 0.209522933 0.973767281 0.0618601441 0.273231238
    0.881669462 0.515242159 0.994110167 0.762492061 0.56625241
    0.987462163 0.164445013 0.526679635 0.177265674 0.791846812
    0.295698762 0.878082275 0.897067904 0.685587645 0.876189947
    0.768261671 0.421581477 0.253887951 0.219503582 0.796629071
    0.641894281 0.0338348448 0.255284905 0.327823639 0.196991265
    0.535612166 0.335366309 0.275879085 0.231095463 0.273368299
    0.232370645 0.165514857 0.480618954 0.00474399328 0.122875273
    0.228623599 0.517749369 0.765547514 0.77486968 0.943340182
    0.365016818 0.777705908 0.743066013 0.518968523 0.65392226
    0.789445281 0.959135413 0.179041207 0.477601528 0.961225748
    0.716582894 0.714066565 0.702704847 0.736156702 0.996394396
    0.273610055 0.864557087 0.26230818 0.308092475 0.363075197
    0.613622785 0.760347128 0.222760409 0.396158844 0.159214705
    0.0118458867 0.154234171 0.0434147716 0.514538288 0.574249148
    0.623663127 0.624660969 0.0669081509 0.393979907 0.801197886
    0.677188277 0.363977849 0.913128495 0.960857868 0.342357516
    0.0484939814 0.473284036 0.383871853 0.107748508 0.473428369
    0.229404956 0.316176176 0.13302061 0.678082585 0.655141234
    0.711568236 0.583795011 0.342126369 0.472794354 0.0776720941
    0.434856534 0.335290313 0.544411838 0.955757082 0.184484541
    0.689022064 0.331410825 0.682181954 0.372277975 0.227029324
    0.58170563 0.814972758 0.328382313 0.997991264 0.828229666
    0.725370526 0.542370677 0.498973787 0.101758212 0.374122292
    0.726606071 0.247109681 0.999670208 0.104408354 0.658346593
    0.273753315 0.83831495 0.676232636 0.184819251 0.206375569
    0.727840543 0.928736925 0.970217466 0.338031709 0.977072597
    0.140809149 0.161386043 0.916955233 0.649852633 0.209510535
    0.907431662 0.807667017 0.61536473 0.445943803 0.422249138
    0.97288394 0.366198242 0.220995843 0.579409838 0.567045689
    0.186422408 0.4743568 0.246918648 0.938880861 0.682522058
    0.581973851 0.267040074 0.594960332 0.808163881 0.947667122
    0.908413947 0.627349973 0.641397595 0.638064504 0.0322137773
    0.0807442069 0.818518162 0.788336873 0.934015989 0.725163937
    0.293391168 0.363194644 0.768100381 0.178963423 0.895325601
    0.63160336 0.0824845731 0.395521104 0.896318197 0.02340433
    0.962466538 0.911650896 0.959201694 0.633600652 0.0207776129
    0.460028529 0.1231727 0.220237672 0.0218894482 0.211325914
    0.753685474 0.149150044 0.496491343 0.618892908 0.233280689
    0.631039262 0.233562261 0.752637148 0.287222028 0.0282329321
    0.126008719 0.876758754 0.0875341594 0.259723127 0.867987514
    0.656791568 0.492512763 0.694321096 0.789532125 0.459257722
    0.600298047 0.21099475 0.34884119 0.0823686421 0.559277594
    0.693656683 0.40670532 0.901800752 0.36138913 0.395646632
    0.591884851 0.0980053246 0.572632909 0.197771251 0.263370246
    0.126063675 0.0338285565 0.875681341 0.563990057 0.122923613
    0.639127254 0.453128934 0.569993138 0.217051655 0.351392865
    0.8441962 0.54787004 0.667746305 0.470541239 0.980933309 0.325213611
    0.227312922 0.184250176 0.823201537 0.685176611 0.924366176
    0.456363529 0.0209727883 0.0692846775 0.736407399 0.838926435
    0.333171308 0.39332667 0.946910858 0.19782427 0.143476486
    0.278404236 0.771513879 0.671408296 0.64564389 0.0942035317
    0.180961847 0.999703884 0.269512415 0.587460756 0.323394477
    0.241677254 0.946607947 0.908032894 0.477130324 0.651040614
    0.583602369 0.326341152 0.662024438 0.981014013 0.156356066
    0.779259145 0.78635335 0.155108333 0.320315719 0.254153252
    0.971417785 0.919063032 0.400260091 0.974374056 0.861369848
    0.668643534 0.121513546 0.361906588 0.556616604 0.285635471
    0.151060402 0.420390695 0.487887919 0.724503636 0.374811321
    0.612951219 0.824877322 0.215698093 0.494451672 0.882410288
    0.574613571 0.959624887 0.0644419789 0.00142398477 0.331994236
    0.332556248 0.531653583 0.367053032 0.51625365 0.259837359
    0.363064289 0.498050302 0.842035234 0.770034552 0.362554163
    0.440399617 0.619115353 0.935789883 0.833957195 0.791335225
    0.982009411 0.647411585 0.0674508512 0.615660489 0.528353572
    0.356025994 0.879109859 0.364360452 0.81765604 0.764363766
    0.325567067 0.0994323194 0.710735261 0.370500386 0.085229516
    0.302472264 0.328053057 0.670612037 0.126422942 0.383814633
    0.432013869 0.101049364 0.788928986 0.493101805 0.596838415
    0.625887096 0.342961431 0.0016067028 0.212479651 0.529827356
    0.243444443 0.292911589 0.636890233 0.0258579552 0.36999476
    0.28898868 0.787502825 0.229320914 0.739999652 0.0432255268
    0.662248969 0.0683146119 0.767800808 0.15456897 0.0897153318
    0.932346046 0.23247233 0.734084487 0.242911249 0.812635779
    0.841097355 0.371673077 0.744497776 0.358263314 0.434320003
    0.186961353 0.128521025 0.94272989 0.724308074 0.668251276
    0.315284163 0.32794857 0.99425596 0.557063818 0.0106717348
    0.849343538 0.912075043 0.444385678 0.522127807 0.754363179
    0.476075113 0.997891068 0.411719739 0.25384146 0.411177605
    0.289272219 0.350484073 0.135552526 0.598906636 0.110257864
    0.427067697 0.831533909 0.730412006 0.8282094 0.555422246
    0.0181936324 0.305240691 0.767571509 0.97181797 0.862952173
    0.38095969 0.333954662 0.914463878 0.54595089 0.502599478
    0.518306255 0.255682886 0.903233409 0.428581119 0.387445569
    0.442142665 0.0840690136 0.988446295 0.537062764 0.916172743
    0.91039896 0.646230876 0.858791351 0.505359352 0.246455252
    0.509225368 0.440580726 0.0491368771 0.660324752 0.7034899
    0.370237231 0.113589644 0.0989311039 0.940774739 0.606100142
    0.316430658 0.494294018 0.519198775 0.457761824 0.0442335606
    0.459786713 0.765320241 0.0215463042 0.278111637 0.401423872
    0.232137471 0.416802555 0.510626972 0.0957787037 0.899482846
    0.864175498 0.0952429473 0.523287594 0.313892931 0.0821219385
    0.0841124952 0.358667076 0.642007768 0.503232956 0.641559362
    0.245039135 0.43285197 0.751217365 0.895579696 0.937142432
    0.392551541 0.281264424 0.339351088 0.319457561 0.358619541
    0.770662427 0.134876251 0.801545978 0.134102017 0.323856056
    0.923798203 0.163454741 0.241228223 0.702429235 0.655101657
    0.445275635 0.0204237401 0.0946406126 0.564052045 0.392178565
    0.744711697 0.942190886 0.713318765 0.346440643 0.434889555
    0.408348858 0.503883183 0.810097337 0.00435462594 0.810852885
    0.917574048 0.161347657 0.788640261 0.540116012 0.317759693
    0.552119434 0.142629147 0.214861661 0.34378767 0.6917575 0.763375521
    0.151397496 0.790926099 0.667447746 0.905199766 0.683110833
    0.147570491 0.317738295 0.526879907 0.580763221 0.860897303
    0.516375184 0.359651148 0.595212579 0.789130807 0.331765175
    0.641372561 0.991948009 0.443289161 0.958113313 0.186620891
    0.953492165 0.973952413 0.753476441 0.655189991 0.871299386
    0.904060423 0.759111404 0.0990143418 0.225952446 0.805507243
    0.350631475 0.753927588 0.508515835 0.929028511 0.407761723
    0.0721380413 0.78753078 0.71846801 0.911957741 0.732079089
    0.263684034 0.493646294 0.836398363 0.667922795 0.14822796
    0.389793992 0.106770664 0.517029881 0.114005148 0.691177368
    0.361156881 0.764715672 0.319320977 0.111777812 0.963458121
    0.759888947 0.64458251 0.0750330985 0.377425879 0.26583764
    0.337821752 0.771751404 0.1037094 0.77789861 0.328302383 0.227275938
    0.822912514 0.336019993 0.039478749 0.820326388 0.735859334
    0.474831402 0.0617150664 0.148531824 0.213192582 0.00342613459
    0.0155853331 0.940034747 0.840730667 0.13928169 0.174851656
    0.806723595 0.625857592 0.590359569 0.598024547 0.729254723
    0.498092562 0.778672338 0.62854594 0.833033502 0.271057785
    0.323393375 0.961823344 0.840452313 0.424598485 0.769759536
    0.69147712 0.0470071137 0.515926421 0.355956733 0.362067938
    0.623973191 0.580402493 0.570926309 0.964284658 0.771478236
    0.479392439 0.290521979 0.0737611949 0.693206608 0.969299912
    0.599915981 0.645935416 0.968581676 0.24266994 0.279551089
    0.731361687 0.778547883 0.495527297 0.405942559 0.199099898
    0.343565106 0.667290986 0.754849792 0.548978627 0.240113169
    0.0373244882 0.392957032 0.955460787 0.983353376 0.925810874
    0.559409738 0.572898269 0.587500453 0.398030102 0.826556265
    0.632817209 0.129543662 0.713181734 0.134224325 0.658004761
    0.559394956 0.149432778 0.247536182 0.904097795 0.432166278
    0.637955666 0.101669252 0.202081442 0.470910549 0.810871601
    0.33261162 0.930862248 0.164690584 0.939368486 0.0753120482
    0.118744522 0.866534472 0.194905341 0.721863866 0.89141798
    0.694628119 0.683725595 0.831177115 0.184038401 0.941547215
    0.374442995 0.174496293 0.813955307 0.43519187 0.136049837
    0.632982254 0.833833158 0.780860066 0.231165528 0.00439158082
    0.825765193 0.735828102 0.46189028 0.0611833632 0.466730326
    0.426766813 0.782817483 0.147889704 0.431871206 0.865721047
    0.0991300642 0.750211835 0.355721265 0.00321623683 0.817229748
    0.302511305 0.158573508 0.372511983 0.604394794 0.965652108
    0.999016047 0.429539531 0.390139222 0.419350296 0.714476824
    0.192259371 0.0172198117 0.461339206 0.0713884532 0.927812815
    0.408354938 0.238921583 0.691627383 0.0182448924 0.255125195
    0.24820742 0.561997771 0.409973562 0.721510887 0.723465919
    0.346660197 0.225077182 0.969396889 0.147985399 0.932597637
    0.609901071 0.58866173 0.464909524 0.466494501 0.199501187
    0.0992223024 0.516450107 0.619557559 0.175817192 0.467564583
    0.536517918 0.0823483765 0.888693154 0.119617879 0.564584017
    0.594218254 0.227829218 0.110480577 0.393261909 0.43495506
    0.358962655 0.160752296 0.591166496 0.860978007 0.845488787
    0.57437259 0.980745792 0.97548461 0.560415387 0.242339671
    0.661697507 0.848218143 0.457461208 0.718388617 0.0526103675
    0.325109541 0.0357748866 0.0584366918 0.379049152 0.312748432
    0.826703131 0.347262442 0.36602506 0.925545573 0.0204819143
    0.678391159 0.184940815 0.319928348 0.431517959 0.0862426162
    0.600423992 0.157696754 0.4845348 0.932243109 0.852816343
    0.264158547 0.764915764 0.129632175 0.0514656901 0.321781665
    0.0563541353 0.370495558 0.513790309 0.0304831266 0.9290663
    0.832234025 0.467349172 0.84418422 0.615832388 0.132693201
    0.237978727 0.292815536 0.282408506 0.898161888 0.0438456535
    0.899025202 0.971423149 0.0374937952 0.634671092 0.836957455
    0.189849138 0.915003598 0.28948462 0.876521766 0.830615282
    0.176043481 0.552403152 0.666744709 0.474816352 0.0807631314
    0.376433879 0.0797821581 0.351247191 0.475033611 0.687262058
    0.611608088 0.206553698 0.0189658701 0.905259967 0.288700044
    0.128763974 0.580722034 0.893277645 0.289618015 0.782720625
    0.600265503 0.0261836946 0.252689004 0.144393116 0.397124857
    0.561329663 0.453143537 0.21699807 0.0046107173 0.950655937
    0.125469834 0.568425417 0.42444557 0.0614466369 0.0100388527
    0.269589305 0.462131023 0.746755302 0.0614519715 0.240970284
    0.214155495 0.333658278 0.444832683 0.0563676357 0.602627873
    0.897055626 0.442134529 0.630758286 0.615282416 0.5183056 0.36675024
    0.0018568337 0.277502298 0.0568637848 0.990631223 0.210191905
    0.67349565 0.80127275 0.00531741977 0.758990288 0.425971627
    0.949402332 0.816909671 0.49119541 0.892955363 0.645680606
    0.500589967 0.585970223 0.841499448 0.0131199956 0.98434329
    0.511169076 0.825947404 0.638161778 0.000319540501 0.196283221
    0.857399344 0.503325403 0.399202645 0.385558814 0.632535219
    0.947023869 0.711782753 0.0570096076 0.904765069 0.397652954
    0.170191824 0.547953069 0.839025617 0.594389319 0.577126086
    0.426706642 0.386230826 0.221499532 0.410564959 0.705842555
    0.406897247 0.473486006 0.530873477 0.937427163 0.452801049
    0.116115868 0.389992774 0.506418109 0.150281161 0.0554869175
    0.222827107 0.358641803 0.489855975 0.329663277 0.716781914
    0.187054515 0.620970845 0.575486958 0.561515212 0.601392984
    0.779094219 0.944893599 0.326606929 0.689910412 0.0798121095
    0.530300379 0.651560545 0.524232686 0.605829895 0.845623493
    0.608675361 0.057957381 0.544716597 0.117644966 0.659393668
    0.356706023 0.507281542 0.532537222 0.311061174 0.0513809621
    0.767515957 0.0486656725 0.0228276253 0.771743953 0.813343644
    0.0342961252 0.971489668 0.921773195 0.840716839 0.0123351812
    0.375986427 0.273896039 0.213002414 0.564640701 0.246610373
    0.472107828 0.525290191 0.830793977 0.607375145 0.757226586
    0.831754804 0.13416186 0.221749127 0.405601472 0.37825495
    0.346847862 0.807666898 0.116294682 0.125051647 0.806486368
    0.0512382686 0.906276226 0.434903175 0.950921416 0.587898493
    0.847278416 0.67561543 0.756222844 0.228962749 0.214150935
    0.621161103 0.0766103566 0.809771299 0.493683815 0.202991962
    0.447549343 0.570966184 0.151401907 0.320119441 0.616196036
    0.775201201 0.428903818 0.16063869 0.147883266 0.0589181185
    0.513537645 0.860347927 0.640273571 0.0416908562 0.660840094
    0.278830707 0.583915234 0.55702877 0.0842740834 0.015022248
    0.681671619 0.0724180937 0.210428566 0.0809712708 0.636130989
    0.797994018 0.559684575 0.279921353 0.492601126 0.0983944535
    0.512471139 0.898649037 0.519038558 0.136308849 0.287993968
    0.799092054 0.210439622 0.412865043 0.429637164 0.761398792
    0.842260182 0.214005232 0.886316478 0.064502418 0.363161266
    0.0677230656 0.00182023644 0.473556608 0.757920802 0.799291968
    0.400394797 0.777896404 0.271587163 0.767109275 0.337376177
    0.407381952 0.275701344 0.21479851 0.891770363 0.198899031
    0.507075906 0.173326463 0.565965652 0.973327279 0.403948307
    0.810280323 0.724920571 0.685514748 0.615836978 0.285337806
    0.607385159 0.551374018 0.817214966 0.433380365 0.749385953
    0.228164077 0.698657751 0.31573227 0.488176376 0.118560016
    0.714874983 0.0551693141 0.769319177 0.691295385 0.948959947
    0.134153306 0.863990068 0.869004011 0.17240116 0.400934577
    0.844624519 0.430956453 0.123314172 0.366957873 0.635251164
    0.633324325 0.777727842 0.241003633 0.140891165 0.456872165
    0.168587387 0.211506277 0.694994569 0.449813813 0.994042873
    0.120084137 0.496025652 0.780561447 0.186052948 0.509683251
    0.601817489 0.659932554 0.242354453 0.193179816 0.228699565
    0.915524125 0.416394413 0.667362332 0.146716893 0.412979722
    0.304889321 0.457893372 0.0286970139 0.142442554 0.186267048
    0.226025611 0.0694794953 0.563857675 0.653436124 0.699313939
    0.246469229 0.395274043 0.126428455 0.595647097 0.0567482114
    0.403756201 0.71029079 0.304990798 0.203475416 0.889275432
    0.365207732 0.502492785 0.673901737 0.804709077 0.317557633
    0.671462536 0.404154927 0.961303294 0.385745138 0.0379884839
    0.00291237235 0.371750891 0.906097889 0.886710823 0.194256306
    0.663136721 0.102367729 0.20925498 0.801184297 0.048132062
    0.703124046 0.649533033 0.706384122 0.436581165 0.182011724
    0.405328512 0.189180374 0.127130687 0.46085149 0.666478395
    0.0883839726 0.406750381 0.384416342 0.520919323 0.95775938
    0.408905864 0.909610629 0.180964679 0.280444562 0.785443127
    0.679661214 0.834793746 0.0763462484 0.484317482 0.056034565
    0.418042362 0.313844919 0.776525915 0.00867474079 0.760283053
    0.670769334 0.944786727 0.661537886 0.288540661 0.370780349
    0.613109291 0.531239927 0.380440503 0.31046325 0.175135404
    0.452564687 0.317718327 0.510245144 0.389375538 0.815384984
    0.817413568 0.157375008 0.0634481907 0.358773828 0.418245673
    0.763996899 0.200894743 0.391156584 0.0479824841 0.759821653
    0.480029196 0.807133198 0.407898068 0.833483219 0.0838118196
    0.377133906 0.775767922 0.486332864 0.118788689 0.83056891
    0.773642361 0.937263429 0.21521607 0.94952786 0.465610564
    0.477151871 0.00375646353 0.316576898 0.653241277 0.615595877
    0.386454284 0.158875853 0.54989934 0.111267865 0.71258533
    0.216481388 0.620001554 0.354223102 0.174042791 0.133557141
    0.113426089 0.534243047 0.0428075492 0.920918465 0.467307627
    0.408083707 0.216041505 0.576111734 0.590379417 0.514375031
    0.339274704 0.150899887 0.42996937 0.109018624 0.0661324263
    0.772899091 0.895826697 0.792220712 0.643747211 0.538458288
    0.633182406 0.835617185 0.422673017 0.0420598686 0.855363667
    0.0231619477 0.0990585983 0.266792893 0.127177685 0.0155596733
    0.859109282 0.558110535 0.192895293 0.470788717 0.0614741445
    0.234489948 0.713369489 0.21791181 0.647411227 0.87515223
    0.686518073 0.756480217 0.46235168 0.883437157 0.528779864
    0.273764282 0.483297378 0.731408477 0.257845551 0.448065579
    0.404651374 0.351265997 0.333390802 0.0574969351 0.803953409
    0.797373474 0.0302568078 0.381116003 0.68880266 0.150776327
    0.72741574 0.0145342648 0.920549035 0.573666334 0.818227589
    0.831399679 0.509353101 0.716102302 0.775134504 0.247854918
    0.669924259 0.238444626 0.97640121 0.935057521 0.892493963
    0.335107684 0.174492598 0.272221446 0.584365308 0.0313510895
    0.0140298605 0.373061687 0.152442753 0.838413477 0.0629199743
    0.95729363 0.420497119 0.551405668 0.414380133 0.541399956
    0.673307121 0.130307555 0.119593114 0.526009738 0.39574483
    0.34625566 0.8968997 0.0685973465 0.358756512 0.463045627
    0.902794182 0.879926026 0.648861468 0.231805921 0.505536735
    0.117159694 0.259707868 0.207684487 0.720325768 0.973133564
    0.441814154 0.100384355 0.239542246 0.431618363 0.886208951
    0.92927736 0.462181866 0.381522775 0.765272617 0.470006615
    0.910217047 0.950517416 0.785029173 0.716291547 0.824168563
    0.198005944 0.877805591 0.961831689 0.28970775 0.316982985
    0.709750175 0.354957283 0.925268233 0.480550498 0.671349883
    0.615769506 0.832033992 0.384305894 0.572892427 0.0299457014
    0.849877536 0.591725528 0.387578368 0.83824861 0.777656496
    0.510819674 0.43508178 0.728368878 0.830756783 0.086157769
    0.552854061 0.860560536 0.27698648 0.0536172688 0.353989124
    0.682466149 0.153676659 0.722011447 0.37490809 0.416168153
    0.476928473 0.448541254 0.567966759 0.628162742 0.14044255
    0.868800044 0.0414323807 0.838678956 0.365834981 0.335601658
    0.386443645 0.780722618 0.0262413323 0.65103972 0.070903033
    0.373994112 0.979275346 0.635197043 0.736236215 0.231280953
    0.781246722 0.311846375 0.268662333 0.82267195 0.798911691
    0.985763311 0.756965458 0.622356534 0.625414789 0.919992328
    0.68373853 0.541071057 0.0433138013 0.263815552 0.106866628
    0.100095391 0.738509297 0.769717455 0.669964731 0.170435816
    0.716726065 0.0860255361 0.313023627 0.220542222 0.615443051
    0.685769677 0.211951464 0.556671798 0.812757254 0.401551664
    0.828287363 0.430916786 0.446830064 0.728879094 0.0351604223
    0.860100031 0.203628391 0.241502106 0.818648756 0.570509911 0.550825
    0.271138608 0.285254061 0.87400806 0.0365167558 0.40659225
    0.284059316 0.674968123 0.284031749 0.934731007 0.291989475
    0.340937346 0.841490149 0.394734144 0.261040539 0.399739563
    0.516248465 0.931598723 0.387670457 0.354776531 0.840394795
    0.228917509 0.303706825 0.532345235 0.0282902122 0.88678658
    0.353774488 0.25726229 0.839307368 0.648992479 0.0647394359
    0.704557061 0.00418615341 0.792506218 0.47178176 0.168961674
    0.244381815 0.841240883 0.876363993 0.532693982 0.0510567427
    0.135891497 0.437321603 0.0149592161 0.152161211 0.747400939
    0.817194581 0.633734226 0.4932549 0.813375235 0.207519978
    0.352712452 0.0458237529 0.0600646436 0.00925153494 0.804329395
    0.644719124 0.932873845 0.494341165 0.731575847 0.271422595
    0.44827342 0.875564218 0.99816674 0.066267252 0.109895438
    0.863368809 0.0609219372 0.799435973 0.209978551 0.247347295
    0.513984025 0.506072998 0.1861929 0.922127724 0.443870455
    0.902105689 0.0811987817 0.718513787 0.509428561 0.828252733
    0.984544218 0.946339846 0.958492398 0.808755279 0.551472127
    0.449130177 0.61726433 0.48318696 0.46715498 0.535514534 0.505606651
    0.00371041894 0.251698226 0.609874845 0.644411266 0.561829686
    0.276297331 0.441174448 0.912166893 0.215489328 0.12938866
    0.110284925 0.263291478 0.0129606724 0.423488736 0.69133395
    0.357769966 0.467929542 0.434107095 0.363842726 0.507696271
    0.829722166 0.487584054 0.103866994 0.472695082 0.398655474
    0.889360428 0.00121682882 0.24842906 0.18559128 0.804002881
    0.435714155 0.584553778 0.23725915 0.610886872 0.292506486
    0.873507798 0.288744867 0.356137812 0.305755496 0.417112172
    0.554700673 0.413313985 0.906442761 0.655523062 0.21489659
    0.453803062 0.477256954 0.248652369 0.451303095 0.310417891
    0.634776056 0.55591768 0.16535908 0.648506284 0.756721139
    0.814126849 0.273767173 0.22308597 0.735647559 0.9991436 0.318715245
    0.114203513 0.0416674912 0.75510782 0.487081558 0.356250465
    0.773632169 0.984777629 0.544035792 0.507077992 0.112951905
    0.770980775 0.202690601 0.703941047 0.413179606 0.0686976612
    0.699023366 0.427538425 0.983821392 0.820717096 0.857578754
    0.948227286 0.434332639 0.644988656 0.426770985 0.259078145
    0.7404778 0.480251342 0.580465674 0.677502155 0.613054931
    0.466518313 0.777487457 0.246158123 0.521586299 0.859041393
    0.330252588 0.752079368 0.810521901 0.967494965 0.826266885
    0.789045572 0.687357783 0.509120941 0.73112011 0.244254857
    0.928567708 0.128153771 0.225576103 0.0327166319 0.0529504418
    0.974656224 0.266535342 0.167385042 0.00644519925 0.443928063
    0.445483565 0.827164054 0.782557845 0.0651201904 0.990179121
    0.0120631158 0.265485466 0.0102484524 0.0781287551 0.223077774
    0.136857212 0.998302817 0.331911504 0.0757922232 0.448605657
    0.958406329 0.355888814 0.949452877 0.266389877 0.830738723
    0.553298473 0.936532915 0.989682496 0.447111934 0.0728097558
    0.512683451 0.32391414 0.520721197 0.773340404 0.602483094
    0.34221822 0.351661682 0.663301945 0.739775062 0.762432694
    0.00990444422 0.843078971 0.171138316 0.733437896 0.131807566
    0.253067434 0.198564559 0.148951322 0.805949509 0.442909867
    0.235729158 0.00515162945 0.893707156 0.853068113 0.295870364
    0.0956430137 0.322687805 0.405207932 0.331904948 0.447811842
    0.755905628 0.621160448 0.997432292 0.650145531 0.499539852
    0.619116783 0.692728162 0.459605396 0.574213684 0.369909257
    0.934910476 0.217315227 0.765833855 0.698567569 0.514301836
    0.295107663 0.959746599 0.426345736 0.419013828 0.899757385
    0.459724784 0.877131164 0.29689464 0.813973248 0.47999391
    0.184653163 0.216923028 0.252528757 0.944897115 0.940823436
    0.540679812 0.499475926 0.109389424 0.99816829 0.549711764
    0.592520177 0.470074892 0.22277087 0.357368857 0.000201910734
    0.608035684 0.881075025 0.204370797 0.969715953 0.28674829
    0.577962756 0.971939206 0.133235812 0.807192922 0.624688864
    0.0358272493 0.172066838 0.896529019 0.889645755 0.283126056
    0.842673182 0.918498278 0.22303462 0.413237423 0.445393056
    0.234556466 0.926944137 0.817719638 0.326052129 0.645579576
    0.107686847 0.883369088 0.0229684711 0.732938647 0.840287685
    0.500093162 0.562664151 0.212199569 0.03240031 0.152505338
    0.977807403 0.348750293 0.410083473 0.522237837 0.102695227
    0.538109541 0.857050478 0.844527841 0.192764372 0.764428735
    0.975744665 0.711014152 0.609826982 0.446730196 0.859889448
    0.271970272 0.238026619 0.560829818 0.64135468 0.234746218
    0.610311389 0.0920874178 0.278175116 0.806392074 0.793499708
    0.480016828 0.702687621 0.345035732 0.5552212 0.76777029
    0.00707325339 0.978427052 0.575485229 0.634750724 0.638741732
    0.467478991 6.54459e-05 0.127404958 0.540866911 0.66879797
    0.505929828 0.22312513 0.425262868 0.431657135 0.284749866
    0.0856828094 0.891692638 0.470698237 0.934669137 0.821106195
    0.986091256 0.58486855 0.827037454 0.732228637 0.146311194
    0.0302126408 0.9407112 0.894728839 0.0465340912 0.93199122
    0.863120914 0.314669549 0.307357848 0.377143741 0.694614112
    0.964236021 0.757591009 0.455192059 0.551706374 0.191787422
    0.928912282 0.239322245 0.174379885 0.7779845 0.320059359
    0.302216053 0.558935285 0.729829073 0.199944168 0.222247988
    0.587844312 0.552281737 0.783603847 0.683666885 0.269496918
    0.267096579 0.26304853 0.987747073 0.0298205614 0.497059017
    0.935137153 0.711091399 0.286124229 0.296182781 0.882773161
    0.895570338 0.556131721 0.414271832 0.221796811 0.671021283
    0.261446714 0.213964224 0.394166231 0.440113932 0.667187691
    0.296162277 0.863541245 0.233611435 0.252863199 0.969049513
    0.647326827 0.358304799 0.915410519 0.547779381 0.192219585
    0.760284483 0.21523422 0.203903347 0.39257884 0.57829237 0.39192906
    0.798939884 0.0822289884 0.462966174 0.153929502 0.574876368
    0.582778156 0.617280602 0.480152935 0.817949653 0.553772926
    0.617399454 0.328410357 0.455283731 0.862447739 0.00890177488
    0.426496625 0.490631908 0.716912746 0.535892665 0.312779725
    0.456596732 0.697812319 0.26414147 0.432184875 0.694755435
    0.754538774 0.386526346 0.163490593 0.623663008 0.941107452
    0.79095304 0.568677783 0.823547006 0.785341561 0.620565355
    0.879432559 0.785439491 0.310024649 0.74909097 0.350176334
    0.713149548 0.244478464 0.891352475 0.661603093 0.510233819
    0.91949749 0.409858406 0.848139465 0.738754511 0.473714501
    0.742823184 0.116821468 0.395530373 0.249822885 0.353852272
    0.492191136 0.293207586 0.726628482 0.149652719 0.707969248
    0.0624723732 0.501203954 0.539281845 0.320998132 0.760782003
    0.732032895 0.891462386 0.294659376 0.178715676 0.59929055
    0.458890021 0.697183251 0.0186122358 0.401333272 0.804648101
    0.753362894 0.0498214066 0.61448741 0.0917519033 0.211042166
    0.0380931795 0.843139172 0.882473826 0.402722567 0.153347224
    0.543747187 0.160305172 0.572345436 0.877068043 0.498612732
    0.0760484636 0.125241697 0.860881567 0.708272636 0.153625011
    0.136767685 0.179040283 0.296502322 0.492651433 0.275429368
    0.749238133 0.866605341 0.600951254 0.714486778 0.627541959
    0.83952862 0.450804174 0.00120007992 0.972277164 0.736359596
    0.71009618 0.953709483 0.464600742 0.195144415 0.293924332
    0.222073853 0.177935183 0.415084183 0.949665129 0.557213306
    0.356366158 0.627247512 0.567985892 0.314937711 0.421197832
    0.92456609 0.304709613 0.153805047 0.544041932 0.812908292
    0.518128455 0.706046939 0.517681718 0.836154342 0.14924854
    0.0767801106 0.0156178474 0.231090337 0.969223797 0.864728928
    0.720072985 0.123943061 0.00485029817 0.260662138 0.739476919
    0.335134238 0.42497015 0.826834083 0.353348076 0.0458447337
    0.822617173 0.125393867 0.661758602 0.282966971 0.918117642
    0.0463300943 0.526007175 0.314293325 0.281606674 0.617502153
    0.810309589 0.262447804 0.513719022 0.91129899 0.851362586
    0.343759835 0.830881715 0.0842098594 0.728493392 0.0421159863
    0.96917069 0.885091305 0.758573234 0.542221546 0.0854468942
    0.78780055 0.063682586 0.313244283 0.348603725 0.119016379
    0.336001813 0.171830267 0.0491586328 0.775525451 0.852057338
    0.594404459 0.448470414 0.736493647 0.0327664912 0.307892293
    0.133243263 0.14282307 0.0879319012 0.452558786 0.719596148
    0.760054946 0.200583458 0.846439123 0.926582575 0.261658251
    0.271709085 0.925494909 0.196930528 0.775441051 0.475567102
    0.95308125 0.172659963 0.703692079 0.29353565 0.718507767
    0.0995742977 0.553027511 0.404022276 0.317077875 0.554802835
    0.71255666 0.337284446 0.956659913 0.240065515 0.896448731
    0.671954691 0.591802955 0.0974925756 0.0656395853 0.379493773
    0.479056597 0.778890371 0.835580826 0.766533732 0.736856461
    0.969540179 0.311232209 0.673437059 0.471953094 0.551711202
    0.171191305 0.84358573 0.852629185 0.99941659 0.497189134
    0.637938917 0.193383425 0.885110974 0.870670915 0.528330326
    0.0979427397 0.738435984 0.273419321 0.280522168 0.466072172
    0.283934772 0.148754865 0.843999386 0.334475458 0.0541356206
    0.100001752 0.182494462 0.794956088 0.283389717 0.730594337
    0.966525435 0.842986584 0.612584889 0.224872142 0.405619442
    0.0328450501 0.570642114 0.401927292 0.69784081 0.629538298
    0.795285106 0.218421251 0.461401761 0.249040127 0.713224471
    0.567544162 0.67045188 0.198202789 0.867435873 0.194869161
    0.0328471959 0.613831341 0.445166796 0.307976902 0.521876216
    0.692166984 0.920287311 0.118503213 0.89248687 0.896593153
    0.769598544 0.247033685 0.555004954 0.486389041 0.0307971835
    0.62257427 0.123357326 0.151879191 0.341237485 0.610610485
    0.797537386 0.26989764 0.451668859 0.00115698576 0.0475770533
    0.536045969 0.0184938014 0.101926088 0.409378767 0.911942303
    0.51130414 0.49281016 0.0381158292 0.630888522 0.333201468
    0.116308123 0.347792506 0.264045537 0.814166069 0.332413048
    0.4620713 0.706832647 0.87851429 0.513255 0.0265145302 0.228468657
    0.349234581 0.0801105201 0.166647106 0.83824259 0.284104586
    0.847358584 0.0792613328 0.931553125 0.239282489 0.0250961185
    0.858159184 0.681628466 0.200067848 0.560132086 0.29222542
    0.333920449 0.976379097 0.466356277 0.408717096 0.694123328
    0.155664146 0.328884929 0.0445953608 0.296289355 0.245774657
    0.330672771 0.528129637 0.888376176 0.728791833 0.518094242
    0.197734922 0.022711128 0.912494779 0.705591679 0.692706227
    0.179232568 0.154984415 0.446715951 0.635578036 0.0292077959
    0.287302971 0.0581119955 0.369612336 0.534721255 0.977961063
    0.950139046 0.782519221 0.428850383 0.2793957 0.433368742
    0.337225527 0.536076844 0.345428169 0.988146544 0.556185305
    0.372118652 0.740630507 0.738473296 0.989537597 0.355656683
    0.802564025 0.840705395 0.601516187 0.276593089 0.45956257
    0.447541088 0.0729052424 0.87142396 0.196513832 0.0188491046
    0.686649323 0.634765029 0.267922342 0.723809183 0.591930389
    0.255317092 0.998991489 0.514154136 0.66060555 0.985482097
    0.754392385 0.972607732 0.648260057 0.171272606 0.36622107
    0.883353114 0.638322711 0.528829873 0.656175792 0.21528244
    0.476598382 0.563862264 0.0835259259 0.115731955 0.299161673
    0.0306759775 0.2694287 0.129532933 0.460128665 0.630940378
    0.551095843 0.0227461755 0.179317981 0.0183977485 0.073708564
    0.885654151 0.0864927471 0.0854331851 0.00438964367 0.516153455
    0.896187842 0.630326033 0.247349173 0.326814502 0.175985277
    0.429023355 0.907062531 0.937423348 0.423118651 0.0881030262
    0.781256497 0.508341432 0.460059702 0.850438833 0.705448627
    0.897421658 0.357151777 0.332045317 0.935533166 0.762272477
    0.180672199 0.170282036 0.420102298 0.926144063 0.124308497
    0.787539482 0.376296878 0.887403011 0.174197644 0.564231575
    0.952656507 0.588730872 0.167120963 0.305081129 0.77200222
    0.805950642 0.421815813 0.0515201986 0.281453222 0.874754012
    0.990011454 0.923019052 0.393203706 0.588719964 0.740867138
    0.368864894 0.142347962 0.595999539 0.0122757256 0.211288244
    0.288974941 0.0142317712 0.445940256 0.347751379 0.0108174384
    0.34200418 0.324984044 0.774172664 0.633306682 0.562810361
    0.107366025 0.582847774 0.457376599 0.258350074 0.519092917
    0.148764491 0.756742597 0.014400214 0.690406919 0.899129748
    0.839621067 0.0792416334 0.394104272 0.015625 0.705642879
    0.698694468 0.334361464 0.641278267 0.922019184 0.146609515
    0.750992298 0.116562933 0.17398122 0.853950977 0.846146464
    0.088318646 0.598943114 0.0219849348 0.817759812 0.787818909
    0.120318681 0.835571647 0.7814219 0.883381605 0.674011707
    0.336333334 0.645910382 0.35416609 0.182652265 0.999530673
    0.883201778 0.55650115 0.724079549 0.703065336 0.412115782
    0.603100657 0.51983881 0.798306465 0.29996264 0.523590803
    0.169724405 0.527973473 0.851869464 0.0299694538 0.487489671
    0.307102561 0.0223775208 0.475714982 0.349714696 0.113654017
    0.402212977 0.297171712 0.859261751 0.448963851 0.669911563
    0.996433556 0.191332966 0.860168695 0.511154711 0.608109355
    0.0528994203 0.524211347 0.442617774 0.239939779 0.104912043
    0.127028376 0.882689416 0.388979912 0.244345725 0.979711056
    0.956019342 0.00788724422 0.637425721 0.869755268 0.914434075
    0.384174049 0.617501259 0.105515897 0.857937336 0.0218470693
    0.724021196 0.0801646709 0.449580908 0.184922159 0.295532614
    0.364574611 0.655467808 0.854134917 0.511490583 0.461230636
    0.749557137 0.714419246 0.329408497 0.669583797 0.0255732834
    0.0530272126 0.88492918 0.809292078 0.931947589 0.782575727
    0.413262844 0.318962604 0.803846538 0.185397446 0.829758525
    0.97648716 0.0965771675 0.753222585 0.649177313 0.232227653
    0.0733911097 0.620168388 0.382229626 0.477748096 0.777946115
    0.396901369 0.539281726 0.635799289 0.686185837 0.162982464
    0.113529891 0.795773029 0.311467588 0.844704986 0.911727548
    0.692958832 0.0634190738 0.803317189 0.0790191889 0.932436943
    0.240293443 0.652448654 0.0684722066 0.425827742 0.744439125
    0.406769127 0.103677928 0.475231647 0.811862051 0.30333209
    0.251796842 0.806437612 0.664901376 0.201129466 0.183057636
    0.053429991 0.743010759 0.256539226 0.372169316 0.218443394
    0.125856787 0.12879774 0.175548136 0.121152282 0.0302480757
    0.661889017 0.165019274 0.731397271 0.69962877 0.538233399
    0.0209281445 0.722838461 0.97706461 0.277003109 0.703288615
    0.808941424 0.124071002 0.152464002 0.988596737 0.466137141
    0.586099148 0.166987866 0.612619281 0.226098269 0.525353849
    0.763796508 0.644883633 0.705898404 0.551128447 0.0817767084
    0.307331026 0.910097718 0.235032856 0.904690742 0.049154669
    0.111978799 0.474005133 0.85118717 0.517781794 0.978850484
    0.271058619 0.110957414 0.760104001 0.690755486 0.97881937 0.2502352
    0.117836088 0.469232261 0.674550653 0.720267534 0.243264645
    0.636434197 0.341474414 0.493932575 0.523214698 0.121897876
    0.92911756 0.37595886 0.128807873 0.359506696 0.423295021
    0.00841763616 0.282211214 0.898524404 0.944772243 0.56631422
    0.386817753 0.249768287 0.78151679 0.262165308 0.75074929
    0.381782293 0.482521057 0.0566875935 0.541706622 0.190092713
    0.010810405 0.638623118 0.673640966 0.484628916 0.218440115
    0.101830184 0.690068662 0.493286252 0.379425377 0.191681176
    0.858902514 0.60490638 0.447037756 0.252477437 0.0407330096
    0.030051142 0.951338768 0.591500998 0.609984696 0.280261546
    0.68682456 0.759352446 0.172557414 0.117141575 0.66690588
    0.305354774 0.826683819 0.933719039 0.588752329 0.863921285
    0.15508911 0.906326652 0.375475317 0.260672987 0.162314385
    0.542438507 0.240891874 0.98519057 0.676896274 0.309682995
    0.189804077 0.880563498 0.577100515 0.995823801 0.830651283
    0.723333299 0.378028393 0.536760807 0.227355212 0.762286663
    0.486490816 0.56237179 0.513617694 0.852410197 0.708921432
    0.204335719 0.209052086 0.23445636 0.936067939 0.629630089
    0.702675045 0.94331038 0.156075507 0.50771606 0.952223182
    0.378578871 0.485437095 0.360131323 0.334055722 0.345092833
    0.525109053 0.479063392 0.752718091 0.591135979 0.598037779
    0.21311757 0.433457911 0.388491601 0.910688758 0.0847302377
    0.280114144 0.244071335 0.234656364 0.960572422 0.575812578
    0.642936409 0.399175525 0.740219116 0.399554551 0.810113132
    0.217676938 0.749024689 0.559841454 0.197911888 0.355088234
    0.962130785 0.593643785 0.288189441 0.354580343 0.571819127
    0.832068682 0.6927104 0.512428164 0.103868574 0.392764837
    0.528263628 0.353240132 0.376008391 0.543411732 0.918043017
    0.753715575 0.416724861 0.44436577 0.40362078 0.465118021
    0.409896523 0.235420495 0.38542375 0.310011119 0.245042056
    0.636995733 0.452875525 0.995208025 0.488631934 0.585609257
    0.785799026 0.1529603 0.25247094 0.251812249 0.852513194 0.253188819
    0.962594151 0.38051188 0.29626745 0.939419329 0.68248564 0.932468176
    0.269663095 0.193734825 0.615508437 0.556302786 0.917686522
    0.0226103663 0.337276936 0.0887135267 0.941958547 0.79056108
    0.863668025 0.487929225 0.167890102 0.181352079 0.0217447877
    0.0862866938 0.883641124 0.765782714 0.598829806 0.829143167
    0.678434193 0.286325037 0.32585001 0.624303639 0.42063123
    0.279775679 0.483766526 0.0605534613 0.919792831 0.254086256
    0.393501759 0.391505539 0.352170885 0.426285237 0.177018046
    0.261923045 0.500958502 0.0335406959 0.79576838 0.0425123572
    0.305273265 0.441046327 0.684443474 0.588073015 0.574875414
    0.616800368 0.853723526 0.687550068 0.946442246 0.873459339
    0.286929369 0.012003988 0.203003645 0.268099308 0.688533068
    0.21677202 0.826308668 0.665091991 0.179540426 0.0987050235
    0.0214563012 0.446692228 0.867132902 0.89341259 0.779601991
    0.633338869 0.303704083 0.805232763 0.992512047 0.229065329
    0.117857337 0.538845003 0.828504205 0.355594218 0.580361843
    0.31828168 0.841559291 0.593189657 0.670367718 0.175557703
    0.720697641 0.899441898 0.694662154 0.403713793 0.49039638
    0.587291837 0.581517339 0.130983531 0.512180567 0.186480582
    0.356145203 0.972840786 0.124277711 0.458328873 0.736309886
    0.801353931 0.267232329 0.579314291 0.0947976112 0.146084785
    0.127551019 0.591851413 0.0837241709 0.948200464 0.956846297
    0.126832396 0.0379378796 0.869002521 0.11867094 0.453051597
    0.523973286 0.924028814 0.221330404 0.292419851 0.602597713
    0.384272575 0.0011292696 0.783343375 0.598691761 0.239652991
    0.691649795 0.81292218 0.0826817751 0.498498887 0.77390933
    0.333729267 0.0378999114 0.224807173 0.627149343 0.30058524
    0.230098397 0.96577251 0.855980277 0.181633085 0.536750317
    0.551285148 0.778355062 0.710511267 0.740044534 0.287490845
    0.805267453 0.599691033 0.451690584 0.0272153914 0.691661
    0.308733225 0.775074601 0.0414496064 0.518942297 0.482277393
    0.284088075 0.126909137 0.872782946 0.522983193 0.910714746
    0.83312881 0.34122014 0.521012723 0.671926558 0.265340328
    0.429208845 0.631882608 0.874400496 0.571459353 0.916373968
    0.829172552 0.29653722 0.124750704 0.731612444 0.454609752
    0.397715807 0.803490281 0.845697522 0.109731555 0.253968179
    0.134819716 0.476135373 0.696114838 0.350919873 0.743706644
    0.635828197 0.212419808 0.489559025 0.409283966 0.107408762
    0.57505852 0.308623374 0.325382769 0.972089291 0.412832409
    0.12131393 0.308769584 0.561185241 0.117802948 0.104408205
    0.881344438 0.521705449 0.830328345 0.218380123 0.100195557
    0.247615904 0.845629215 0.0926192701 0.0987951458 0.465954512
    0.365790546 0.505125403 0.101924121 0.708974242 0.0685594976
    0.826237321 0.19544971 0.967426777 0.483211279 0.558998048
    0.693938196 0.84736073 0.69195509 0.455838114 0.550831497
    0.121937007 0.509893954 0.523709774 0.106282741 0.630170524
    0.567517102 0.116692871 0.531958222 0.12095055 0.993463576
    0.0895904303 0.464335203 0.307351798 0.178393483 0.363982975
    0.903158903 0.637724519 0.556316257 0.716255426 0.736804605
    0.592640996 0.183374941 0.225679934 0.292985439 0.764274597
    0.340525657 0.333566427 0.677015901 0.439262182 0.91010344
    0.527389646 0.435272962 0.302095264 0.95909369 0.903123379
    0.243902743 0.488820136 0.0640803874 0.357165217 0.0849790573
    0.459128946 0.449740469 0.601548672 0.808552265 0.261173964
    0.216824651 0.896997988 0.0606426597 0.983141363 0.0869668126
    0.414550424 0.285766602 0.621087253 0.333221436 0.779918671
    0.134111553 0.192223489 0.304055959 0.780950427 0.268256932
    0.706532478 0.753963053 0.480086356 0.616672516 0.161956489
    0.537314296 0.947102964 0.612523317 0.189851135 0.597120345
    0.747575462 0.0859417021 0.116168886 0.704822958 0.256418705
    0.646945715 0.874777138 0.718658507 0.430878848 0.194869846
    0.730848193 0.249875993 0.898692966 0.417480469 0.353981256
    0.500865519 0.191506773 0.12314406 0.468182504 0.252706647
    0.496676475 0.718437195 0.312644601 0.22497794 0.674142718
    0.301651895 0.260057867 0.77652514 0.159607589 0.770988166
    0.376243979 0.121945411 0.555053771 0.970523715 0.709728539
    0.531395555 0.604635715 0.934322715 0.872259915 0.295815825
    0.768356919 0.625706136 0.628526807 0.599185228 0.76744163
    0.328624249 0.283952892 0.530309141 0.612846375 0.350353718
    0.452074468 0.181717485 0.814941406 0.910938621 0.212682605
    0.811363339 0.521014333 0.568232954 0.80638361 0.336824179
    0.435773045 0.734946251 0.374557495 0.28884542 0.553595722
    0.946474254 0.952362001 0.328609467 0.782693148 0.0991782844
    0.255996674 0.801162601 0.657080054 0.651379645 0.194380164
    0.56237185 0.601092577 0.731767774 0.602366745 0.946060002
    0.992391646 0.386628687 0.469966292 0.0369442999 0.812663138
    0.384898961 0.741000295 0.466781914 0.32886523 0.635317087
    0.359300733 0.346455812 0.985257089 0.773962796 0.755319953
    0.299473017 0.864022255 0.00921210647 0.945337594 0.566808462
    0.83057332 0.285260886 0.373593867 0.731105804 0.536893904
    0.501244843 0.856343329 0.952251434 0.751631141 0.759453535
    0.86859262 0.615693569 0.0557623804 0.919263244 0.337877989
    0.414351344 0.590393722 0.755093575 0.359750569 0.559908211
    0.958294868 0.114766002 0.582489729 0.250263393 0.851993024
    0.740264833 0.271150827 0.531471014 0.222599536 0.979926229
    0.183203697 0.261784256 0.170772642 0.992147803 0.133805394
    0.635682523 0.113728553 0.462280691 0.726028681 0.600258768
    0.114981979 0.826234937 0.613487661 0.313649774 0.0341804028
    0.276025772 0.536446571 0.635932207 0.839171946 0.850720525
    0.52736336 0.879066885 0.489182025 0.136028886 0.651524007
    0.47985214 0.97758013 0.545776844 0.798229933 0.0396164358
    0.326859534 0.616136074 0.118439406 0.810978532 0.0130946636
    0.42047596 0.431205273 0.127629519 0.932459652 0.719111323
    0.210635275 0.340870082 0.583993316 0.127769947 0.166043788
    0.625655591 0.470454067 0.543973446 0.468444705 0.239767432
    0.666057587 0.416201204 0.330095649 0.682269454 0.307331383
    0.949088454 0.240740776 0.0952809751 0.467409372 0.663470209
    0.931685507 0.193342954 0.228554636 0.348063946 0.663080871
    0.279286265 0.301386237 0.0582265556 0.281349719 0.73420459
    0.457913339 0.359721005 0.883623242 0.571757019 0.885806262
    0.155840248 0.24666813 0.0957475901 0.969766021 0.1649113
    0.00769430399 0.556031585 0.272108585 0.509358764 0.420335591
    0.439352274 0.156361341 0.529097795 0.172464639 0.164286941
    0.69431591 0.474704117 0.866012454 0.560214281 0.686743975
    0.0865485966 0.596239805 0.203195214 0.81803298 0.196018219
    0.859236181 0.855130136 0.880363405 0.893279552 0.470590204
    0.486653119 0.506495953 0.405456245 0.335931659 0.774952769
    0.657774329 0.969536066 0.302551806 0.644022703 0.156653821
    0.877888799 0.190598726 0.320610255 0.828509212 0.458260655
    0.853634834 0.187802255 0.293094218 0.607942879 0.129357964
    0.367304832 0.949619949 0.0389638841 0.543081522 0.981491625
    0.0403789878 0.270324588 0.767389536 0.273878306 0.352698743
    0.798972487 0.484770983 0.414896905 0.180221379 0.4057073
    0.687389255 0.384281754 0.183567226 0.0401813984 0.139674842
    0.237508595 0.011251539 0.389986604 0.83884877 0.734035015
    0.802659869 0.596002042 0.0789437592 0.327417374 0.232080996
    0.6182006 0.982626319 0.286442906 0.349831522 0.142995447
    0.582835138 0.66389221 0.691764355 0.756330073 0.958501875
    0.294513583 0.661875546 0.492174685 0.768407702 0.531951904
    0.835906982 0.695328832 0.0149611831 0.391622365 0.777355433
    0.821382046 0.75333184 0.575997412 0.177462488 0.673531771
    0.452079177 0.72212255 0.930725098 0.437314093 0.528267324
    0.414169669 0.983564496 0.509885728 0.156805336 0.976605475
    0.547520041 0.102046907 0.30217573 0.0244620144 0.106158167
    0.0163912475 0.724706471 0.0361071825 0.390045047 0.335457444
    0.907081485 0.612681568 0.724591374 0.819589972 0.1170654
    0.0362266302 0.668046474 0.548272252 0.549225628 0.600631475
    0.884275734 0.0926708281 0.949170053 0.395452231 0.143359244
    0.218431681 0.249599874 0.130861402 0.362546295 0.0754934847
    0.117493153 0.100957036 0.669959486 0.521378577 0.852562189
    0.650862157 0.347186863 0.992153049 0.585985124 0.762504995
    0.419578642 0.196617603 0.995379388 0.560657322 0.352758706
    0.954347849 0.445118487 0.469831824 0.375728041 0.895100355
    0.305606812 0.774357855 0.76906085 0.877108693 0.646138549
    0.314695954 0.241523802 0.995330632 0.12390691 0.402188331
    0.104825169 0.855035126 0.407252073 0.338646889 0.780314326
    0.587052822 0.149773866 0.768480659 0.7509197 0.743744791
    0.552126646 0.365836859 0.917181134 0.605380237 0.0558843911
    0.543980598 0.115475178 0.275457799 0.493724018 0.39091292
    0.00237905979 0.903823853 0.691208124 0.345462143 0.181894571
    0.194498092 0.994197488 0.0150466263 0.742287159 0.146954179
    0.108821899 0.934890389 0.463366449 0.530993521 0.486223876
    0.680836439 0.480237335 0.912172079 0.519784927 0.747653544
    0.555150628 0.267796546 0.138893664 0.985486507 0.695049345
    0.445156097 0.546631992 0.734951258 0.735118389 0.0493103266
    0.748939633 0.763462305 0.447801441 0.572983503 0.15735814
    0.388817728 0.0198461413 0.53178376 0.316247821 0.437749028
    0.312827766 0.267477751 0.710546494 0.371200442 0.202702761
    0.555135131 0.150077641 0.687190175 0.68089658 0.780405998
    0.066483438 0.114023149 0.151437849 0.759517252 0.125694185
    0.127908736 0.35996753 0.658420026 0.813154101 0.0574225485
    0.620248258 0.944084048 0.660837531 0.352130294 0.584622264
    0.292254686 0.599932313 0.349296868 0.490342796 0.0890721977
    0.659596741 0.0698643625 0.284373045 0.919336796 0.774990141
    0.564677954 0.484785646 0.705510676 0.237042159 0.654744387 0.763641
    0.617585182 0.218408108 0.963397503 0.294641078 0.112616658
    0.546783447 0.123127013 0.484208256 0.728023887 0.224708289
    0.973977447 0.342340231 0.984566629 0.817539573 0.0934460759
    0.572430253 0.0942027867 0.165649384 0.100195467 0.764508963
    0.311006099 0.428773582 0.0274282396 0.473095834 0.431635737
    0.924808383 0.129843324 0.497187257 0.20845753 0.143426746
    0.873682976 0.0678226054 0.30000335 0.385665357 0.734537184
    0.61673677 0.209063321 0.0959253609 0.717271686 0.590299547
    0.892891884 0.283421338 0.300462246 0.449124247 0.97942394
    0.744970381 0.449648857 0.583113968 0.288241625 0.30421406
    0.0708605647 0.378206193 0.632127643 0.00484251976 0.742501736
    0.389799118 0.31218946 0.0406850576 0.252485305 0.511570275
    0.0777222216 0.343505561 0.614851236 0.999518275 0.468036652
    0.427172631 0.177869439 0.17258361 0.436215669 0.0781785548
    0.176984042 0.513643026 0.952398181 0.235382825 0.183563828
    0.902771831 0.757713199 0.810083508 0.98784256 0.282007694
    0.521595955 0.491002381 0.494971514 0.879020154 0.33547762
    0.0434482992 0.391377896 0.616604686 0.21197018 0.90444994
    0.0674562752 0.822261691 0.220356703 0.984560907 0.413030148
    0.954555988 0.595684111 0.777234793 0.864141405 0.77195096
    0.0767028928 0.242241412 0.0151786804 0.432494462 0.0296693146
    0.751867712 0.184961408 0.454170942 0.608185172 0.252650559
    0.121358842 0.784346044 0.0168696046 0.505730093 0.0497297645
    0.166910589 0.376149774 0.922631145 0.930569768 0.737270236
    0.0938000679 0.292363107 0.00126391649 0.154966921 0.177452177
    0.460542679 0.511220634 0.891316593 0.166241527 0.675091863
    0.132451206 0.413625121 0.601895094 0.914827347 0.796384156
    0.934967279 0.233678877 0.0315678716 0.363971263 0.410567313
    0.228716195 0.208114058 0.270112127 0.128160179 0.172975808
    0.537840724 0.834464669 0.912470102 0.345697105 0.151736975
    0.375715137 0.251372635 0.487716436 0.0180838108 0.692988634
    0.544410706 0.874681056 0.691334784 0.172923505 0.145717263
    0.198544562 0.731791317 0.740754187 0.262570858 0.927546978
    0.458631128 0.0581361651 0.485324085 0.831971169 0.615954936
    0.0412395298 0.529523969 0.523846388 0.876159549 0.877308011
    0.286091089 0.609979272 0.0919940174 0.310486048 0.634606242
    0.216944426 0.609321594 0.255240381 0.712993801 0.918378532
    0.140090823 0.0636047125 0.40257588 0.459031641 0.360247731
    0.0619777441 0.170602709 0.239359081 0.550419331 0.844803751
    0.787597775 0.870572567 0.21801886 0.982897699 0.21284014
    0.813872933 0.28164345 0.149433613 0.384099752 0.873351216
    0.675052464 0.33696872 0.265937269 0.655483186 0.641901493
    0.642513275 0.290313542 0.509457409 0.981278062 0.900412738
    0.302437365 0.295920908 0.924374461 0.376858205 0.142023176
    0.677503109 0.603143215 0.688266456 0.912472188 0.989895463
    0.0597653091 0.0272992849 0.937393188 0.313502669 0.895827174
    0.992461562 0.0544266105 0.696920991 0.0111285448 0.992819607
    0.88999033 0.868987143 0.821245074 0.238984942 0.265810281
    0.400811911 0.698630989 0.126157463 0.365818381 0.506313086
    0.789662004 0.808164418 0.641469419 0.20700258 0.881386399
    0.940431774 0.100127101 0.363522112 0.651163518 0.672149062
    0.156466067 0.432709098 0.397149295 0.330003589 0.904813528
    0.0567336082 0.919212341 0.0073133409 0.538652301 0.394145489
    0.831371486 0.523383379 0.289632261 0.483154833 0.207178742
    0.889072716 0.806728005 0.187643498 0.872243822 0.293780357
    0.000852555037 0.130973995 0.999194622 0.382715166 0.593756199
    0.985170603 0.346627682 0.287880838 0.929688394 0.821397066
    0.901823401 0.396496773 0.521885395 0.668912172 0.230413347
    0.456942797 0.634997249 0.496130139 0.784293413 0.383716643
    0.341176391 0.585427225 0.700840175 0.326339722 0.561983347
    0.111096084 0.793012381 0.634510159 0.121026158 0.391121209
    0.0466001034 0.909064412 0.715819359 0.573326647 0.910668373
    0.0965413749 0.182975918 0.850997508 0.690342009 0.373415828
    0.922897935 0.811399519 0.837711871 0.779135823 0.0911673605
    0.774355054 0.679415941 0.809810162 0.367262244 0.816181183
    0.762024581 0.00600641966 0.0619509816 0.441815078 0.631380677
    0.832816362 0.0396066606 0.966499388 0.878705382 0.432494521
    0.235782146 0.417358905 0.355419695 0.589338183 0.615999281
    0.844355643 0.449908018 0.812976241 0.909153998 0.305088073
    0.396772861 0.820477009 0.538488567 0.620837212 0.845842242
    0.729801714 0.221827507 0.977410495 0.0647384524 0.785465956
    0.178718984 0.908158123 0.647033334 0.301044405 0.00935125351
    0.0105783939 0.568172395 0.591342032 0.176133484 0.811533928
    0.406201601 0.5368222 0.561003387 0.0765588582 0.91025722 0.87802285
    0.659811735 0.672155499 0.665929794 0.944839954 0.522478223
    0.423398018 0.725675344 0.248178005 0.823244095 0.446265966
    0.473765701 0.151190132 0.667114437 0.526452065 0.916611433
    0.909934878 0.972747326 0.300253689 0.475921631 0.188060552
    0.710292757 0.538668215 0.0955142975 0.126418114 0.67794615
    0.609093785 0.0229902864 0.877739429 0.954610527 0.334323108
    0.58793503 0.881118417 0.740782976 0.758980036 0.152759969
    0.481082529 0.739999652 0.742940664 0.827722371 0.142459333
    0.480196923 0.512595832 0.406553477 0.437764198 0.716687083
    0.717777669 0.71714437 0.854202986 0.793083906 0.421843141
    0.233477205 0.308337659 0.704728186 0.812105298 0.697582126
    0.666675448 0.171841234 0.232628047 0.715173483 0.929191232
    0.963395119 0.986849189 0.513199806 0.245717704 0.986755729
    0.810256302 0.684302986 0.707929611 0.381210476 0.527947724
    0.366154432 0.649137259 0.978479922 0.736201465 0.455406636
    0.879895687 0.818697333 0.225873947 0.771717072 0.918445826
    0.194613189 0.0469487906 0.0245268643 0.647207499 0.79780829
    0.397412479 0.771127284 0.759768724 0.217216849 0.619167745
    0.0619708598 0.00500506163 0.409021378 0.45112431 0.654371142
    0.676246822 0.0542197526 0.258275926 0.987103522 0.357820749
    0.260599494 0.180714071 0.140429527 0.787458122 0.623130441
    0.529585421 0.430069506 0.150419533 0.586403251 0.717409372
    0.941880107 0.0662224591 0.43709442 0.172124296 0.978835583
    0.70018065 0.804798722 0.467696875 0.00917026401 0.0464914143
    0.304904997 0.618957102 0.294753402 0.9056409 0.603127122
    0.173278928 0.860369027 0.327873826 0.633198082 0.902929902
    0.571559906 0.744465768 0.891058147 0.41256085 0.196773142
    0.38561064 0.787983835 0.585274398 0.637709498 0.581064999
    0.317765772 0.636223197 0.554353714 0.0770227611 0.894132972
    0.262208194 0.404736698 0.132353425 0.744198382 0.772510767
    0.919808388 0.839921296 0.379028291 0.801837802 0.466417164
    0.0777538121 0.318372309 0.626878858 0.696743608 0.420653045
    0.547476947 0.48664546 0.551168799 0.894073009 0.850725472
    0.038962245 0.0613365471 0.0675942004 0.932289064 0.98453027
    0.471724898 0.259160697 0.32594353 0.331080556 0.0185380578
    0.115251988 0.215455025 0.921181917 0.627389491 0.727694452
    0.367716581 0.470135927 0.0980184078 0.684065461 0.676199317
    0.381134629 0.359961092 0.586600304 0.045042485 0.774492979
    0.501731217 0.331291616 0.442044467 0.587629795 0.84712851
    0.91524303 0.888451695 0.300859988 0.881148338 0.247290403
    0.341363996 0.608734429 0.852637887 0.55860883 0.0100516975
    0.0190500319 0.907626092 0.944976807 0.839241087 0.461679935
    0.514285207 0.320725769 0.455727756 0.0524092913 0.0778773427
    0.0788619816 0.777190804 0.392249674 0.404018402 0.916767776
    0.805460989 0.42416352 0.415295988 0.62738955 0.512344599 0.83445859
    0.566131294 0.439433426 0.62455076 0.827083945 0.961144865
    0.451222718 0.258119047 0.977973342 0.413319707 0.0889777541
    0.800595343 0.132175624 0.641582966 0.53976959 0.486097366
    0.571765125 0.540658772 0.675807238 0.282620251 0.91447711
    0.31639868 0.497690558 0.681173086 0.386829138 0.197452039
    0.00384619832 0.358378351 0.955739975 0.759762645 0.569166303
    0.223501533 0.385826498 0.878681302 0.717204213 0.0585262775
    0.856996298 0.579766393 0.0229153633 0.973251224 0.778653145
    0.120925337 0.281136334 0.763569951 0.958757341 0.779349327
    0.344854712 0.95677489 0.69836086 0.853356242 0.387564838
    0.856014132 0.347397327 0.908854902 0.646436632 0.225575894
    0.851719439 0.0271656811 0.607984662 0.837575734 0.538666427
    0.760511041 0.0294411182 0.265752017 0.801033616 0.607130826
    0.736381173 0.0179523528 0.840034604 0.775561094 0.201560587
    0.671328366 0.0849735439 0.225715995 0.514711559 0.965964675
    0.0725999773 0.509579837 0.443609834 0.819721341 0.450149685
    0.671136975 0.204587072 0.232373595 0.569245338 0.250919282
    0.940442801 0.659064531 0.549524665 0.396425813 0.226181924
    0.0412569344 0.148708731 0.357438684 0.725055337 0.1700598
    0.118280619 0.636981845 0.817688942 0.620497167 0.224088639
    0.98112607 0.232357711 0.0623321533 0.368283451 0.579769313
    0.985141158 0.713383138 0.832404375 0.398383319 0.644286275
    0.49385789 0.56783396 0.858832002 0.688931942 0.000304609537
    0.855074883 0.246429563 0.0983239114 0.503818572 0.527633071
    0.470617235 0.966689706 0.32661894 0.845041752 0.892475367
    0.605399013 0.509344578 0.662137151 0.374791771 0.853519797
    0.075858891 0.0822695792 0.715210438 0.780986309 0.719807506
    0.906053483 0.119249731 0.584459364 0.814960122 0.870418251
    0.379663259 0.810045958 0.812476933 0.798371434 0.168988407
    0.459159076 0.272892714 0.995867372 0.264344424 0.937922835
    0.0336438715 0.823028803 0.529036403 0.933903217 0.249385625
    0.868513346 0.382507801 0.018404454 0.944607139 0.39151299
    0.413916767 0.990534902 0.877041936 0.297742128 0.899237752
    0.785267353 0.610149205 0.252878726 0.379032969 0.547763348
    0.700952172 0.0516840219 0.730992556 0.351337552 0.325573891
    0.172816992 0.289339632 0.64641875 0.494745404 0.346614599
    0.31293869 0.940326691 0.265604049 0.611330211 0.400075495
    0.357519686 0.342159986 0.719539762 0.818388104 0.773029566
    0.178331017 0.960825026 0.414126277 0.842444181 0.140259981
    0.420986503 0.447143614 0.913398981 0.853870511 0.80994004
    0.733208656 0.92081356 0.687175214 0.887773156 0.646924019
    0.17710793 0.802935839 0.0759285986 0.212213486 0.315598458
    0.082080543 0.425609648 0.376720041 0.257144511 0.172857165
    0.291094303 0.82381618 0.278903455 0.972764313 0.466390967
    0.93659687 0.4354572 0.529049993 0.588041544 0.0561660528
    0.00772586465 0.647589564 0.290739208 0.209204912 0.570385039
    0.377510995 0.023252666 0.58128351 0.774165273 0.112252831
    0.571175098 0.499300957 0.293247372 0.404182047 0.528681934
    0.537817538 0.0104776919 0.116106212 0.091989845 0.955466568
    0.402347147 0.865946949 0.705969214 0.00770643353 0.709242046
    0.129190266 0.79934907 0.272813678 0.726353884 0.112304986
    0.634734571 0.242727339 0.761454105 0.714971185 0.525657535
    0.0563770831 0.562998772 0.893426895 0.370122045 0.13362065
    0.400539756 0.975886106 0.168995231 0.558107734 0.549796581
    0.930943966 0.388800919 0.309466541 0.610531628 0.0918385983
    0.319014519 0.0342824459 0.96961838 0.123588353 0.930714071
    0.447001845 0.84267199 0.281400979 0.493060052 0.0194587708
    0.75169003 0.606407046 0.414436191 0.800984979 0.346941352
    0.0685060918 0.892995358 0.285871923 0.272579312 0.102612555
    0.229981154 0.493899852 0.662335932 0.367978424 0.0748074353
    0.0987518728 0.112103552 0.364950448 0.809937596 0.92359066
    0.746201456 0.552279949 0.0284988284 0.433318734 0.86749959
    0.0809555054 0.295930147 0.180553496 0.0373986959 0.0569579303
    0.545011282 0.669304848 0.16952458 0.33136341 0.027636826
    0.144759744 0.407010794 0.254797041 0.0706622005 0.0284131169
    0.00119271874 0.651021123 0.518647075 0.0796682835 0.225882858
    0.739567518 0.504867971 0.997967601 0.0649284422 0.319443107
    0.232003123 0.630722642 0.649911702 0.791656375 0.690454602
    0.890906692 0.772007227 0.809459448 0.881203711 0.00709611177
    0.892180264 0.321261197 0.482217044 0.967738152 0.102230757
    0.779629469 0.561770678 0.855880857 0.38776657 0.544359565
    0.645109355 0.235014737 0.468001276 0.913301945 0.409150243
    0.865163982 0.384374648 0.0982199013 0.901366711 0.303706348
    0.353001535 0.268116891 0.422543913 0.15044117 0.944233 0.815982699
    0.460535884 0.537383676 0.812214613 0.707385838 0.6919837
    0.231051356 0.0548530221 0.749791086 0.228402227 0.459602654
    0.79468596 0.164137304 0.625529289 0.402009189 0.41386345
    0.0618256032 0.999606967 0.637153864 0.291877031 0.460410506
    0.586447239 0.687241077 0.0418817997 0.545500875 0.695192516
    0.129684508 0.533095956 0.780536413 0.354388684 0.600939155
    0.0428182483 0.611715138 0.977316737 0.594142616 0.146151632
    0.514727056 0.447129846 0.411873788 0.653458238 0.988080204
    0.51282233 0.921062708 0.676204383 0.991155624 0.571044505
    0.729979575 0.444509089 0.920780778 0.0710694194 0.0993782878
    0.736161947 0.19590044 0.389964402 0.604027152 0.51021111
    0.799385905 0.269156754 0.662498593 0.561833739 0.310000092
    0.0338180065 0.470898807 0.414615601 0.141557425 0.776161909
    0.384297669 0.987169087 0.0285213888 0.209456533 0.943866074
    0.31487906 0.0818430185 0.659891963 0.148091406 0.785918117
    0.291332334 0.806120872 0.568391562 0.0518553555 0.462717026
    0.680139542 0.00593605638 0.291874617 0.941437781 0.906578541
    0.48765102 0.63512063 0.220938027 0.905633688 0.450214982
    0.671909511 0.80629313 0.788341165 0.838563681 0.188498795
    0.850011826 0.748876393 0.861329973 0.379628807 0.503197849
    0.547133088 0.8274737 0.642502427 0.408165753 0.579563856
    0.287902892 0.555425107 0.649161279 0.131188393 0.020003885
    0.386802346 0.895146906 0.39232856 0.52707094 0.621355414 0.7512694
    0.360644817 0.857364058 0.775070429 0.360914201 0.509133279
    0.726016521 0.260085374 0.518296301 0.274135798 0.159614533
    0.160741776 0.513214111 0.988278866 0.492095619 0.303160459
    0.418123484 0.878292501 0.711509407 0.533882499 0.983473539
    0.0546757579 0.071307838 0.344919622 0.850749612 0.0569916666
    0.75202328 0.642114818 0.853070319 0.574670672 0.926754951
    0.91960007 0.732604682 0.225056112 0.0272778869 0.994848251
    0.413886964 0.923194706 0.128677845 0.103998363 0.513560057
    0.0344808996 0.650523603 0.126053154 0.0717104673 0.0771981776
    0.338164777 0.464556396 0.348526806 0.367476165 0.0836559534
    0.134088725 0.292002797 0.0866152942 0.798217058 0.629833519
    0.25240761 0.60234946 0.251149029 0.122288465 0.616313815
    0.0351422727 0.476362526 0.252264768 0.432953715 0.936044574
    0.850482404 0.467074037 0.372265875 0.997557521 0.414174706
    0.906353176 0.446863681 0.718655467 0.481590211 0.599171817
    0.765094578 0.271402299 0.109384865 0.955684781 0.448090255
    0.680662513 0.322972238 0.482844323 0.734446347 0.603266835
    0.243230999 0.811206579 0.77620697 0.376439899 0.0953783691
    0.2756944 0.462612331 0.736814737 0.924047828 0.0805999041
    0.261336863 0.334416926 0.948700309 0.829176664 0.869540453
    0.796652734 0.842627287 0.796275496 0.843158185 0.906508327
    0.260123402 0.877270281 0.588034034 0.708419561 0.503819823
    0.532940626 0.0961118042 0.995252788 0.670710325 0.133904964
    0.705812752 0.0635870397 0.989867806 0.343207687 0.639314175
    0.334273726 0.442296714 0.514636159 0.924086034 0.244818628
    0.207725912 0.550412178 0.919835806 0.615684807 0.831326246
    0.804708898 0.545035362 0.732317328 0.920037031 0.221922457
    0.686776638 0.260318935 0.297013283 0.56005317 0.767235994
    0.0252646506 0.140055835 0.0351184607 0.429453671 0.781145215
    0.741912127 0.53277564 0.288890541 0.90171957 0.797198653
    0.565250218 0.0953803062 0.87000978 0.602778852 0.748974383
    0.407596201 0.812685013 0.891901135 0.268241495 0.835851073
    0.849028349 0.533961117 0.192303121 0.158253253 0.0335684717
    0.181133986 0.145846307 0.149459124 0.651967347 0.330695808
    0.196714193 0.909437835 0.0768856704 0.957018018 0.356594563
    0.319696546 0.844624758 0.185841799 0.461496681 0.983265638
    0.516049802 0.530258358 0.788970828 0.756946564 0.818950176
    0.513490558 0.324555039 0.621357441 0.0992610753 0.598885596
    0.938382745 0.786456883 0.856152654 0.956171632 0.942718148
    0.29514271 0.814827561 0.976983786 0.00487741828 0.0805729032
    0.993640065 0.755166292 0.460108072 0.233198732 0.991287231
    0.674861968 0.651619613 0.796672225 0.53889972 0.239692241
    0.0166528225 0.0123454034 0.738301158 0.745254993 0.0456845164
    0.397576809 0.296330988 0.265587091 0.846719325 0.405190647
    0.366402209 0.976023734 0.337611705 0.839964747 0.926141858
    0.18770802 0.293630362 0.297711194 0.766618311 0.932786822
    0.109966129 0.818715215 0.882548928 0.209881604 0.839392543
    0.493780136 0.93805027 0.549375713 0.507808506 0.583566487
    0.43542397 0.996195555 0.0962874889 0.139653474 0.76913327
    0.798830926 0.493021488 0.29252708 0.246829778 0.643450677
    0.414467692 0.663845181 0.563189149 0.336768091 0.933796287
    0.278914779 0.275771379 0.363174617 0.43528223 0.158897161
    0.480085343 0.437333941 0.180334479 0.440252781 0.254932255
    0.553168774 0.559474289 0.0359440744 0.506744862 0.207661331
    0.130749404 0.708752811 0.363858104 0.655438423 0.63144213
    0.443825364 0.913389623 0.76803261 0.30744946 0.931368828 0.6237427
    0.797476649 0.823093355 0.0315724015 0.783796847 0.832090318
    0.895327926 0.862315416 0.509665132 0.807333589 0.45456323
    0.610479712 0.965631306 0.223383039 0.864723444 0.85109669
    0.183743387 0.227436125 0.302106649 0.777554154 0.249534279
    0.881626725 0.989784896 0.991847694 0.635362148 0.124984622
    0.302677453 0.080478847 0.652633667 0.240389019 0.294550687
    0.100936234 0.216878116 0.843267322 0.773922384 0.287221074
    0.209661007 0.542334616 0.259778082 0.719921887 0.0390836596
    0.0655512512 0.190597057 0.900757909 0.537858427 0.652919888
    0.956178308 0.41749835 0.992707849 0.633737564 0.375246048
    0.583168447 0.4987517 0.747581184 0.820526481 0.50858742 0.605430305
    0.343004197 0.60938549 0.2023471 0.901979446 0.750110507 0.358565271
    0.0151617825 0.923992991 0.0101943612 0.409532189 0.46099928
    0.755710483 0.970614493 0.919162989 0.27228719 0.416098356
    0.311536491 0.616352618 0.376538217 0.484552026 0.943219364
    0.855781436 0.119980812 0.171028674 0.470717818 0.271900117
    0.306460381 0.815251052 0.219907641 0.311303556 0.665431976
    0.477106988 0.812888503 0.156187683 0.433687806 0.0105260015
    0.851036668 0.202248424 0.923463345 0.484686673 0.692737281
    0.364220023 0.734536767 0.830419838 0.200236201 0.277291954
    0.994396925 0.332609415 0.702512443 0.0974203646 0.533358574
    0.0870674253 0.0270873606 0.0586532056 0.219623417 0.660689116
    0.295607179 0.307201564 0.258900702 0.110868692 0.127756536
    0.0257442892 0.299264431 0.178436399 0.51058495 0.638244033
    0.176713139 0.388681173 0.137695372 0.161622256 0.112518907
    0.830173016 0.780365229 0.365585685 0.276270866 0.676326096
    0.0963619053 0.207201004 0.0240627825 0.193270475 0.139647245
    0.563833416 0.190523624 0.788874269 0.763700128 0.491575181
    0.636760175 0.579740107 0.674788475 0.82980597 0.0587507188
    0.655799031 0.193537742 0.98263824 0.513425291 0.719241679
    0.40786767 0.410490602 0.0592693985 0.301941395 0.46215421
    0.399287462 0.414288312 0.805688381 0.818384647 0.0701864958
    0.621395528 0.978649259 0.394599766 0.894101202 0.266281664
    0.252250612 0.817399383 0.442388803 0.382058024 0.0266954899
    0.253881037 0.148021698 0.87876004 0.0869007409 0.783995152
    0.421196282 0.00158774853 0.489400536 0.33603549 0.182870358
    0.967852473 0.383160025 0.472847581 0.865972221 0.849020898
    0.823861122 0.388273031 0.382424146 0.706694245 0.344401032
    0.117985338 0.262557328 0.5143255 0.171472609 0.984625816
    0.250364721 0.139443189 0.519637942 0.708642125 0.995774269
    0.0464008152 0.900079846 0.581364691 0.34826389 0.839663863
    0.81328702 0.605567575 0.872045934 0.287167341 0.634026408
    0.735483408 0.586414576 0.480445534 0.250514507 0.760011911
    0.032147795 0.584825873 0.19353506 0.862439275 0.861709118
    0.0164107382 0.756644011 0.170418501 0.780689418 0.116778404
    0.841825485 0.19889605 0.593202651 0.360162914 0.272842288
    0.15218693 0.475623965 0.261010826 0.985202909 0.921686769
    0.89272213 0.939301491 0.350180089 0.617843926 0.523219049
    0.438350558 0.523211002 0.53412652 0.403424799 0.882609367
    0.731196046 0.119064629 0.386158466 0.177327424 0.568670094
    0.378311396 0.136291772 0.0606238246 0.515773952 0.0266082287
    0.647614896 0.967122972 0.397985578 0.325289249 0.719970882
    0.18031913 0.439908743 0.625478625 0.350611776 0.683340311
    0.19506377 0.889529109 0.61736089 0.0289589167 0.910576582
    0.16349104 0.716335654 0.387226045 0.730191529 0.295942754
    0.934981227 0.443688482 0.914706945 0.025359273 0.720006108
    0.345138043 0.100079268 0.537512064 0.805106461 0.543648541
    0.222762644 0.440925926 0.230420291 0.0502207279 0.60307318
    0.868260384 0.436434209 0.323183775 0.421331644 0.138154387
    0.907612205 0.0374100208 0.0202580392 0.0847752392 0.327446938
    0.989233494 0.801678121 0.452562004 0.085224241 0.680988848
    0.944734454 0.0656472147 0.651584268 0.438730329 0.44576329
    0.136393547 0.45727092 0.397183776 0.834221244 0.0701948106
    0.662170053 0.0811239183 0.160227984 0.840029716 0.582977355
    0.882337451 0.693513453 0.0616981983 0.379902363 0.717764854
    0.310911596 0.0190864205 0.635419965 0.358498454 0.642273068
    0.529536963 0.814019918 0.334010363 0.630402267 0.41655919
    0.108786762 0.0218917727 0.488634259 0.540623784 0.0364277959
    0.955515206 0.696947932 0.591730475 0.881340504 0.683960915
    0.134018242 0.626346648 0.413638383 0.870110989 0.135323495
    0.863080025 0.346667051 0.802748203 0.774576902 0.408706248
    0.049369663 0.34778294 0.581671715 0.106745094 0.905193567
    0.172484815 0.494020611 0.434603274 0.485836118 0.581946015
    0.0517826676 0.976514459 0.871041059 0.121338964 0.868987143
    0.407645702 0.747352481 0.247965127 0.462562501 0.683894157
    0.92316395 0.596730947 0.76325357 0.37064293 0.221532732 0.583292603
    0.227961987 0.608329475 0.392730862 0.215060234 0.11753118
    0.81325376 0.73906064 0.65780592 0.499141514 0.640961766 0.359336674
    0.354228377 0.197704583 0.954010963 0.653133452 0.0135148764
    0.33733204 0.355413854 0.399197668 0.143820524 0.980651438
    0.293810189 0.515451908 0.230453491 0.524984181 0.817188263
    0.145650655 0.639557004 0.369188249 0.119350404 0.389103115
    0.332534969 0.858281612 0.650538266 0.684982419 0.72483772
    0.241026402 0.281023473 0.765481949 0.816456199 0.475700021
    0.242777288 0.980401695 0.0144747794 0.721671224 0.822597682
    0.35968864 0.122881532 0.905787349 0.684069812 0.230505735
    0.864994884 0.936212063 0.590495765 0.371496916 0.583876431
    0.939912677 0.78403759 0.304189324 0.977946043 0.122164249
    0.401864678 0.00251317024 0.238265246 0.462879986 0.844500363
    0.42438221 0.581995428 0.527248383 0.197808027 0.90010798
    0.171768308 0.75791347 0.233596385 0.327352226 0.292909086
    0.135816038 0.750388741 0.0405735373 0.590219736 0.0583655238
    0.820128918 0.650900841 0.402363837 0.780199289 0.53166455
    0.144467503 0.435051978 0.02420187 0.201077849 0.287273556
    0.336557955 0.249067575 0.433887094 0.81638366 0.514071524
    0.20818913 0.679161727 0.285506427 0.0214425325 0.914278626
    0.95854497 0.646430612 0.569823205 0.119347572 0.0640208721
    0.129383922 0.400607556 0.40977934 0.654045224 0.129214317
    0.836792231 0.367012084 0.312528104 0.363579869 0.180020958
    0.147639096 0.580937147 0.636363924 0.10472402 0.258549511
    0.118913949 0.771158814 0.167899549 0.0654531717 0.850589573
    0.0608415902 0.895753801 0.0392581522 0.553838849 0.71538496
    0.196001053 0.419851363 0.565127313 0.743393004 0.582823396
    0.951786578 0.899119854 0.808964252 0.0867762268 0.287841886
    0.866524935 0.530107796 0.619458199 0.369013667 0.529800177
    0.426140189 0.985615492 0.212699652 0.817926764 0.790152729
    0.45832777 0.405648708 0.562059879 0.355042279 0.893675804
    0.555803299 0.409895539 0.994279623 0.811230421 0.0303550661
    0.267844319 0.174215674 0.380080283 0.684768856 0.507959187
    0.751062393 0.439766258 0.308881521 0.115050584 0.870108187
    0.476882517 0.409932733 0.818927467 0.805871248 0.323726535
    0.0154932737 0.52193737 0.816632867 0.990571976 0.404993266
    0.622618794 0.746620238 0.628083229 0.583366275 0.694893301
    0.974822283 0.164037734 0.690922081 0.488302559 0.328322828
    0.540506661 0.856027007 0.371388853 0.661017835 0.591824472
    0.200402379 0.671395481 0.765243292 0.843284249 0.349607646
    0.950598478 0.406774014 0.970594883 0.363693118 0.0865664482
    0.13649562 0.252919436 0.491495848 0.550290287 0.294427156
    0.272446722 0.434124827 0.714290261 0.811369538 0.124413192
    0.896523833 0.669871449 0.247875541 0.904052973 0.932068467
    0.837645054 0.179569572 0.131545961 0.886926949 0.924320877
    0.746110797 0.766141295 0.663932323 0.718305588 0.0975165665
    0.486584574 0.12579596 0.0713443756 0.347812176 0.687819898
    0.336589456 0.706684947 0.131160647 0.724825442 0.303676605
    0.111452997 0.199729621 0.00512886047 0.424446881 0.29562825
    0.090993613 0.750328302 0.408861786 0.210912347 0.48527506
    0.567298532 0.736896992 0.601957321 0.57781601 0.738080919
    0.786927938 0.390444398 0.442777127 0.991252303 0.507034957
    0.440725714 0.254576743 0.957404673 0.108384997 0.290535897
    0.136739999 0.752872407 0.615271389 0.463738233 0.0184199512
    0.159742236 0.800086021 0.600061536 0.193070918 0.38166222
    0.897928357 0.693396807 0.606082261 0.157779872 0.624400914
    0.0724034309 0.0018081367 0.0622052848 0.208393425 0.998517036
    0.321141243 0.826097369 0.366749942 0.941839576 0.38909477
    0.709687471 0.576392651 0.42629385 0.930437207 0.795166016
    0.709312081 0.226321906 0.0878613591 0.252124906 0.868131936
    0.930034995 0.206954747 0.33843255 0.0781609118 0.457313538
    0.0148718655 0.547396541 0.64541924 0.0799334347 0.275753379
    0.602159619 0.89623642 0.329410553 0.600913703 0.0779607594
    0.16418907 0.519844115 0.077753216 0.106779069 0.0661732554
    0.137199014 0.0686033666 0.358285934 0.015519917 0.808907509
    0.265072703 0.7847929 0.604748011 0.248518467 0.14667666
    0.0861148238 0.156333089 0.914655328 0.437261522 0.0335878432
    0.771225333 0.867209315 0.483599246 0.574778676 0.285897642
    0.591558993 0.0344053507 0.583370149 0.0607668161 0.40920493
    0.125821918 0.375364542 0.81583488 0.425287008 0.86180234 0.87961787
    0.765316725 0.998996258 0.571505308 0.790547192 0.749239206
    0.154120594 0.160529971 0.430324078 0.130986035 0.341015339
    0.0681334138 0.0117464662 0.667819023 0.966810465 0.739547789
    0.63151145 0.0330501199 0.220337689 0.0509000421 0.60766083
    0.408827156 0.546522856 0.0880922973 0.725706041 0.469866633
    0.61251235 0.259937108 0.156429648 0.171640486 0.683176756
    0.527576864 0.182007998 0.10710308 0.0274036229 0.99049592
    0.664108753 0.881523609 0.548017442 0.0619752705 0.411526501
    0.883512616 0.371340096 0.933493614 0.252977252 0.377938837
    0.873825669 0.334734976 0.00433522463 0.603723168 0.566251099
    0.841101766 0.702454329 0.747706115 0.390410095 0.391274035
    0.259811461 0.656175971 0.214036494 0.513438761 0.26441282
    0.352536321 0.701531649 0.959390163 0.543119013 0.43587181
    0.367169023 0.381096423 0.222371101 0.644474626 0.933226466
    0.964361668 0.727598786 0.350414842 0.665944874 0.791706324
    0.289812297 0.934976995 0.892748654 0.260869443 0.132617414
    0.276697934 0.2997365 0.907364368 0.92586267 0.863077879 0.932953
    0.977053106 0.388832718 0.722638249 0.571520209 0.877373755
    0.368160784 0.407435983 0.215700895 0.455207705 0.902066529
    0.959484577 0.728528857 0.878054261 0.70152986 0.191591173
    0.682098031 0.908388853 0.70818013 0.613958299 0.680991292
    0.912756324 0.890419602 0.346478283 0.48397091 0.283796281
    0.766459942 0.216598451 0.209992796 0.464066863 0.524853587
    0.966541052 0.186205804 0.308237463 0.980698287 0.190547049
    0.563100457 0.317142785 0.471335173 0.920793116 0.413212389
    0.552562594 0.0906054676 0.809257507 0.0629340708 0.274279863
    0.814515948 0.11659956 0.299320221 0.81280911 0.509751916
    0.843523264 0.721883237 0.690515637 0.0652325749 0.759420037
    0.168784678 0.95553112 0.241989762 0.296861827 0.437957734
    0.161018908 0.658357143 0.306142539 0.472461671 0.337151587
    0.903214455 0.193830401 0.962277234 0.592695057 0.615662575
    0.917848825 0.97137779 0.814739704 0.688628435 0.521128118
    0.644574046 0.591413379 0.212078184 0.0866461396 0.0675945282
    0.379892945 0.630177319 0.18160677 0.030475527 0.823325992
    0.296972632 0.481018364 0.364049733 0.365438908 0.783275545
    0.116284192 0.401125908 0.329603195 0.135781348 0.344767123
    0.778690398 0.171725482 0.00921756029 0.628367662 0.136364847
    0.0787757635 0.00576651096 0.305547178 0.606478155 0.798487544
    0.127347797 0.0153654814 0.0404954851 0.306976795 0.506502271
    0.358887583 0.492809176 0.561902761 0.511945784 0.590548754
    0.325827122 0.050987184 0.345690608 0.0245729089 0.212406814
    0.887981057 0.86494118 0.818152547 0.865061879 0.452655286
    0.345632672 0.74071461 0.962265491 0.887926519 0.701772928
    0.0842947662 0.439035535 0.423771411 0.735119462 0.44670558
    0.205729216 0.348555118 0.425350159 0.625671446 0.188481271
    0.454698026 0.421905279 0.215212524 0.140572011 0.7818169
    0.177052021 0.620387793 0.792829394 0.79409349 0.0529825985
    0.357757032 0.544594169 0.0121334195 0.703758419 0.870940328
    0.0101057291 0.0799886584 0.427070141 0.227197856 0.46466741
    0.587534368 0.483798295 0.635267258 0.416267097 0.330355763
    0.0190939605 0.0368690789 0.139571697 0.935599387 0.266393751
    0.275688857 0.0857117176 0.275478214 0.298509955 0.356741488
    0.848346114 0.161275268 0.672166526 0.83532393 0.423068494
    0.144323945 0.488658845 0.371769965 0.217047483 0.58389461
    0.946261585 0.28429395 0.10655582 0.1951693 0.35274601 0.344594657
    0.72781539 0.849358916 0.0393479466 0.615243196 0.289275289
    0.390206248 0.199642748 0.694030464 0.971736431 0.802845418
    0.22642076 0.587800622 0.939421058 0.69483161 0.111523807
    0.128083318 0.0966474414 0.160261661 0.235745907 0.24682489
    0.405245095 0.852015316 0.342728853 0.581784487 0.779748261
    0.833939195 0.774474323 0.585354567 0.383414775 0.54658711
    0.410236895 0.716823637 0.135090381 0.11876452 0.0572021306
    0.245159745 0.622294605 0.566723704 0.176113933 0.421818286
    0.898727357 0.967088819 0.492638558 0.202109247 0.722486079
    0.860628545 0.597357929 0.625983596 0.762331367 0.0942510664
    0.971055746 0.569844127 0.918190479 0.720098615 0.19234705
    0.00731426477 0.701958299 0.159995705 0.19039616 0.50036943
    0.463011444 0.312551379 0.963379025 0.0759575367 0.489160627
    0.25307402 0.966010332 0.606756449 0.78175354 0.937176228 0.13043353
    0.74980092 0.128901869 0.985083401 0.91965878 0.921652913
    0.762243748 0.55441606 0.918805301 0.230881482 0.386669219
    0.589421928 0.866394162 0.363276362 0.942909479 0.832967758
    0.651991904 0.401096106 0.743109345 0.52663523 0.486021847
    0.601941884 0.779557109 0.994335771 0.80791986 0.91944021
    0.419717818 0.112052232 0.306624025 0.428727776 0.344418228
    0.222571492 0.330016315 0.024477452 0.626903296 0.504490077
    0.800684571 0.16812095 0.943862796 0.928399444 0.967834473
    0.0555318296 0.160002023 0.629978418 0.104946822 0.83200717
    0.375869185 0.846745253 0.338753223 0.0831685364 0.165210843
    0.790198684 0.367416739 0.167280287 0.302604944 0.30372867
    0.772976875 0.525925159 0.220314324 0.71063292 0.831180394
    0.191797525 0.745005727 0.881683707 0.698746324 0.468485624
    0.493129492 0.814081013 0.128753334 0.529313028 0.0944758952
    0.64912498 0.769638956 0.852275968 0.320523053 0.224751353
    0.381888747 0.680113852 0.84775722 0.563751936 0.821153402
    0.796115696 0.296916038 0.262868285 0.624642909 0.238492548
    0.0654460192 0.0846498609 0.686301947 0.174977005 0.475049317
    0.396844923 0.794605136 0.503695548 0.935534954 0.959190369
    0.731613398 0.469057679 0.700348794 0.442677826 0.510688841
    0.983411312 0.743911505 0.116020769 0.436867326 0.662461042
    0.00721764565 0.728952348 0.464461356 0.193906844 0.0598971546
    0.259760678 0.588050306 0.645867825 0.446256638 0.188190192
    0.586388826 0.680216908 0.944407105 0.823412538 0.55422467
    0.225410253 0.0301568508 0.592277348 0.676527679 0.224082202
    0.747029722 0.714363396 0.379666418 0.53884989 0.11344707 0.38703844
    0.900445342 0.133823186 0.729384661 0.373200655 0.62097007
    0.38371408 0.839948952 0.687307119 0.791433692 0.945773482
    0.0940817297 0.21804136 0.336734593 0.382540435 0.310046375
    0.702587008 0.615370274 0.402258366 0.091946125 0.311882615
    0.385649651 0.0189590752 0.427339345 0.749059081 0.0854620636
    0.974223375 0.129564762 0.394247115 0.421446294 0.808996677
    0.412185758 0.241304785 0.537297308 0.333498359 0.767843187
    0.612938404 0.610885024 0.857920527 0.601138115 0.917351127
    0.124050647 0.971704245 0.328793585 0.198948264 0.937091589
    0.66005826 0.461517692 0.179449558 0.517705202 0.455230087
    0.350951195 0.351977617 0.13417989 0.837364316 0.275965333
    0.215592831 0.0538498759 0.784146786 0.302858472 0.331900686
    0.158946395 0.567090154 0.823103726 0.619549453 0.0687829256
    0.00853514671 0.516920328 0.976707458 0.761474192 0.535819411
    0.352984041 0.213484019 0.351361513 0.360933363 0.00741565228
    0.586577058 0.349883676 0.393217504 0.414723814 0.745126367
    0.766453862 0.95133841 0.368403018 0.745743275 0.131443292
    0.270179689 0.624527633 0.502048314 0.290202379 0.286488414
    0.361374229 0.29273808 0.456381321 0.256653309 0.552543998
    0.20017764 0.100680858 0.898491919 0.706240594 0.142414421
    0.882900298 0.249909222 0.359122097 0.627422571 0.90623951
    0.259671628 0.820054293 0.394458234 0.834603071 0.259254843
    0.434762627 0.925893188 0.15025121 0.981533706 0.893845558
    0.435118318 0.639377594 0.301715434 0.296374142 0.165411204
    0.35266006 0.602487266 0.569452822 0.396906137 0.963134885
    0.760511637 0.160035342 0.30082643 0.894325733 0.237702012
    0.736639977 0.732862473 0.483537704 0.247282326 0.102493256
    0.443749338 0.398627728 0.508995473 0.818720698 0.837171853
    0.0929011703 0.105995089 0.998296142 0.446425229 0.608047664
    0.68670392 0.0412171781 0.200510025 0.980255961 0.971685886
    0.105381429 0.937035441 0.293160468 0.123447955 0.436923176
    0.919114649 0.884560943 0.0964171588 0.756568909 0.141274422
    0.723646402 0.712861419 0.593384027 0.983358264 0.578817189
    0.913229942 0.170888007 0.74081105 0.781041324 0.166892409
    0.262304723 0.0894380808 0.210135102 0.34753567 0.942710757
    0.243516654 0.999151111 0.0161086917 0.18070507 0.486045539
    0.0824699998 0.532592416 0.875145674 0.975904346 0.208641201
    0.329805017 0.855016351 0.68841666 0.119896948 0.263815552
    0.120565057 0.709712386 0.452812731 0.183607936 0.674403071
    0.431958586 0.637047827 0.614241719 0.24817577 0.67359674
    0.108571917 0.503828526 0.886932254 0.444638491 0.956472754
    0.202360362 0.513025463 0.180561602 0.708879948 0.31129232
    0.343593925 0.127690047 0.231114596 0.70170939 0.0765199363
    0.118397027 0.694814444 0.456702977 0.938937545 0.451796025
    0.127779216 0.510807097 0.684039235 0.0980162323 0.186352849
    0.1244331 0.382833719 0.415462852 0.0905247927 0.63316834 0.29891929
    0.981294394 0.0265392363 0.313925177 0.706784964 0.65288502
    0.269748479 0.679301322 0.0536677539 0.37334308 0.406470686
    0.136500239 0.571492016 0.313635588 0.368973821 0.831117868
    0.969457924 0.493802726 0.0585408807 0.331856102 0.713512719
    0.247833192 0.115228206 0.734941185 0.256220728 0.860576987
    0.392211407 0.492876142 0.749449849 0.536017299 0.509606957
    0.129961908 0.463712811 0.339300901 0.801019847 0.333630443
    0.656286716 0.9123559 0.730849087 0.535238743 0.274165809 0.39157027
    0.592355251 0.3149122 0.31782192 0.318512559 0.686809778 0.780750751
    0.401038617 0.355139226 0.711273968 0.412250221 0.779898286
    0.621364892 0.91405952 0.439299732 0.615622103 0.611704767
    0.113728315 0.174728394 0.854669511 0.512758493 0.911604762
    0.785352051 0.921036959 0.944185138 0.799023926 0.225288182
    0.446452975 0.086273998 0.283752799 0.0578150451 0.131338984
    0.658454359 0.487126052 0.310942888 0.606342435 0.826183021
    0.12187925 0.0280559659 0.038507998 0.690091729 0.40842098
    0.383648992 0.944381952 0.384983122 0.970131516 0.552403569
    0.288480222 0.0111505985 0.454850852 0.38295871 0.871304631
    0.639953971 0.759884238 0.344787866 0.186360598 0.0988033116
    0.90336442 0.421319544 0.103846639 0.0929358006 0.406779766
    0.457410842 0.366949737 0.858992457 0.321248561 0.502203882
    0.0647079945 0.254089713 0.443545938 0.258572161 0.144354075
    0.00759395957 0.784652531 0.668662429 0.749873281 0.0588925779
    0.482426584 0.532634676 0.936710477 0.162883043 0.957708061
    0.358360767 0.200644761 0.0890021026 0.832505643 0.686395168
    0.638877392 0.734687448 0.136969656 0.780881524 0.0539150238
    0.479352504 0.698693395 0.841734648 0.0195443034 0.221235424
    0.159639984 0.504988849 0.00443589687 0.0355104208 0.426399201
    0.898301601 0.417434812 0.324136257 0.310627997 0.168219775
    0.29984051 0.359365374 0.426925182 0.0200086534 0.0277388096
    0.58511132 0.697565258 0.49080646 0.453641772 0.121452838
    0.604364157 0.873195291 0.460222214 0.604015589 0.392899573
    0.967221022 0.640846372 0.0852977633 0.375145584 0.775067747
    0.87153852 0.502948403 0.310167015 0.304910898 0.810830832
    0.838121355 0.463311851 0.689568043 0.93716526 0.512008727
    0.0322830677 0.526066005 0.895413756 0.537997484 0.703132093
    0.578178048 0.391740859 0.89329648 0.865672112 0.35575673
    0.470417738 0.216274828 0.158743292 0.862174749 0.385764956
    0.11909911 0.533591092 0.924882174 0.490446329 0.523738146
    0.464198858 0.633484483 0.960021496 0.0134109259 0.963279605
    0.056008786 0.309495419 0.374890268 0.438504755 0.933421493
    0.654197693 0.249425799 0.695672631 0.572455168 0.841953874
    0.315649301 0.809606194 0.772886276 0.292205572 0.481454462
    0.597100616 0.0744400918 0.635692716 0.457843632 0.359077156
    0.257382512 0.143202901 0.313888907 0.485404581 0.470485836
    0.44264999 0.957759857 0.766084909 0.330710411 0.272752762
    0.159733742 0.339717984 0.000197857618 0.905195594 0.128346413
    0.0974332392 0.974060059 0.516526759 0.85627079 0.723342955
    0.302897036 0.562196136 0.641077042 0.0442205369 0.384451568
    0.349817574 0.784334421 0.164749831 0.552552938 0.521008193
    0.151066184 0.0916121602 0.614537179 0.581599414 0.107438743
    0.769974947 0.35073638 0.745138466 0.512634695 0.28627789
    0.459621489 0.213105977 0.687161088 0.0931573212 0.438548923
    0.105885178 0.690021396 0.327509224 0.866427541 0.433629781
    0.838187814 0.237636358 0.462142855 0.167515904 0.569234371
    0.0210525393 0.293153286 0.6713503 0.535350263 0.216154546
    0.82676506 0.546772003 0.0588411987 0.183773458 0.892688751
    0.809886813 0.598383188 0.478387505 0.955845475 0.802481294
    0.746357977 0.0983855724 0.954248488 0.838653207 0.0979558825
    0.970034957 0.117729872 0.936520457 0.179924071 0.374106526
    0.916547179 0.20677492 0.784359276 0.12923497 0.271752596
    0.335391879 0.397293508 0.558111429 0.0028937161 0.193404078
    0.0327990353 0.122970998 0.909404755 0.884108186 0.706976533
    0.369552553 0.545613647 0.482872128 0.124951541 0.461503923
    0.615881979 0.73865062 0.584857345 0.645015776 0.988731146
    0.84206903 0.180958837 0.463801265 0.894421041 0.10343501 0.19813782
    0.671106875 0.616870999 0.480056882 0.922612846 0.37799567
    0.311690152 0.845108807 0.253892392 0.714049578 0.172470897
    0.583753824 0.091055423 0.857311964 0.258986354 0.999082506
    0.156253725 0.779516935 0.102359682 0.256830513 0.400708795
    0.118680835 0.523986936 0.513968349 0.718133867 0.54028523
    0.558606088 0.349615782 0.443004102 0.891936839 0.34292227
    0.888636231 0.723854482 0.370950282 0.200597137 0.233223945
    0.113142222 0.714400411 0.619842827 0.946892262 0.316813231
    0.0153400302 0.983430982 0.669706345 0.310973644 0.727917314
    0.369990826 0.56796217 0.549645543 0.0579451919 0.458582461
    0.774203956 0.87325865 0.372752488 0.0187465847 0.82425952
    0.304861724 0.187339872 0.782382131 0.408372581 0.447526962
    0.977494895 0.863955855 0.110653579 0.713821888 0.0311850309
    0.433929443 0.800972819 0.122301519 0.130041331 0.566843748
    0.982160866 0.141031086 0.337394774 0.598770738 0.307748228
    0.159670651 0.465493739 0.739926398 0.508829772 0.502378702
    0.68328619 0.516257644 0.367338538 0.619292378 0.678989053
    0.310004294 0.663473427 0.693469882 0.999642193 0.679728389
    0.454025358 0.705847859 0.876888514 0.86819005 0.736738026
    0.770883262 0.665964305 0.312337101 0.535139978 0.621188402
    0.0904422998 0.297469079 0.52433002 0.779728651 0.10153988
    0.637765586 0.228047997 0.71285671 0.311074674 0.673493862
    0.196402937 0.764864802 0.667181611 0.107767284 0.470510036
    0.0892573595 0.554650307 0.959371686 0.336979032 0.105428338
    0.36835441 0.426891088 0.823311746 0.654542863 0.117197037
    0.287118495 0.808737755 0.0742864609 0.547604382 0.224018395
    0.410816014 0.164157242 0.834215045 0.21310401 0.0315288007
    0.52415669 0.183772236 0.691970468 0.300749898 0.543270111
    0.111037016 0.670889497 0.426915705 0.497331768 0.45204851
    0.098605603 0.703251958 0.874367416 0.737390041 0.388831854
    0.294304997 0.708061695 0.569153905 0.400991589 0.790299654
    0.374652117 0.415406406 0.660585761 0.98703599 0.212856472
    0.30025655 0.290302217 0.526297867 0.93860054 0.0117074847
    0.154319018 0.871675611 0.722859263 0.276080042 0.953423381
    0.630070806 0.0267679095 0.213286072 0.374202371 0.854086399
    0.420429826 0.146243751 0.200778902 0.482346296 0.478777766
    0.281104267 0.502766192 0.0548326373 0.54435879 0.952646852
    0.518020928 0.433404386 0.213102996 0.190641224 0.85423553
    0.231906146 0.509355307 0.567356288 0.417582929 0.453635663
    0.790733218 0.350140572 0.584895194 0.072129637 0.045664221
    0.61904484 0.729852915 0.330502748 0.0967233479 0.740037799
    0.134216756 0.0545165241 0.801384568 0.88038075 0.926492929
    0.805854559 0.277669609 0.922884226 0.249928266 0.659763634
    0.430909634 0.842691123 0.62185204 0.134196103 0.47789976
    0.535973907 0.108992517 0.565201998 0.874002814 0.246204972
    0.171448916 0.907974362 0.911146998 0.992429078 0.515581012
    0.824593186 0.0313329995 0.674916625 0.472329289 0.795746803
    0.833679795 0.304691792 0.457080901 0.409736395 0.551692665
    0.31836158 0.00209626555 0.526617348 0.1844666 0.772730172
    0.267152637 0.836160541 0.625604153 0.802588999 0.846955538
    0.756445467 0.108814418 0.571964681 0.884350419 0.828702211
    0.476596683 0.555538476 0.476629943 0.757045984 0.55343771
    0.937162042 0.187022388 0.619866312 0.873381495 0.536923885
    0.307644665 0.433161765 0.647222459 0.279010355 0.486680984
    0.955576003 0.53921777 0.676452458 0.848579586 0.734968901
    0.197860956 0.763436377 0.148024201 0.0751211047 0.271322101
    0.349724948 0.835947812 0.214863479 0.47654593 0.216176033
    0.0306639671 0.0549609065 0.900153995 0.036873877 0.896535635
    0.816735506 0.756521702 0.0131984055 0.990333319 0.786302805
    0.0563328862 0.913840532 0.465949237 0.666405857 0.00168150663
    0.967533946 0.39819175 0.455483675 0.822467268 0.644056082
    0.869370937 0.271189958 0.846601963 0.511048436 0.025118202
    0.374810547 0.110224724 0.359699875 0.650707603 0.921756625
    0.939734221 0.660618126 0.916035175 0.049153775 0.165307254
    0.228631794 0.664476991 0.782974839 0.849542916 0.750859857
    0.10516724 0.954450727 0.301322579 0.0891445279 0.0673938096
    0.663440466 0.687413156 0.408326179 0.0808281302 0.658283532
    0.134086847 0.563144445 0.48272121 0.994865417 0.133482158
    0.150467187 0.55979234 0.561373293 0.1006504 0.296649277 0.915626645
    0.726221681 0.304906666 0.602047324 0.162869811 0.027602613
    0.492724508 0.123451471 0.390550822 0.169269174 0.527344942
    0.493666351 0.561892092 0.616114974 0.205664873 0.435252875
    0.940248072 0.851158142 0.113074124 0.636927545 0.0937698185
    0.291940719 0.408539593 0.822953939 0.992925763 0.417410284
    0.163057864 0.223254085 0.909253001 0.0643031001 0.122518986
    0.774119794 0.232655644 0.969259858 0.335476279 0.528892934
    0.358169556 0.0454604626 0.973653316 0.0890621543 0.893362641
    0.475573093 0.346742958 0.722285509 0.596188128 0.571469307
    0.63255465 0.729399264 0.157320172 0.604821622 0.704057813
    0.108198851 0.956248522 0.780570507 0.359142244 0.711361349
    0.947431386 0.29664284 0.450338066 0.993942857 0.555957019
    0.687993348 0.128780395 0.637333691 0.290575534 0.00347739458
    0.727400064 0.659405828 0.125630558 0.348466218 0.499779791
    0.213781923 0.567087412 0.51673305 0.363180429 0.476652503
    0.562873542 0.539854527 0.0684906542 0.679170907 0.61231041
    0.940671206 0.255701184 0.207736999 0.312660992 0.819773197
    0.012032032 0.0953812599 0.537486374 0.533713043 0.871130288
    0.935293317 0.677047074 0.0376431942 0.790696204 0.760102451
    0.79171741 0.00834396482 0.114546061 0.93841517 0.472802818
    0.541260183 0.611122429 0.515804112 0.726750076 0.388791025
    0.976745546 0.491401404 0.436935484 0.0725723803 0.0223610997
    0.155585706 0.889895678 0.95193696 0.935173392 0.938276172
    0.362595201 0.564758122 0.322199076 0.713377416 0.235761017
    0.520766854 0.139945686 0.42616269 0.441835105 0.178495973
    0.312366486 0.768288374 0.8328076 0.195726216 0.704752326
    0.923017561 0.166717708 0.214248151 0.22280407 0.601296306
    0.260679871 0.67550689 0.664141774 0.319922805 0.142826289
    0.0339705646 0.0853168368 0.35535109 0.151568383 0.520290315
    0.0292999148 0.515870929 0.970643997 0.0713514984 0.239058375
    0.406914949 0.348200589 0.290063798 0.969892979 0.177883565
    0.351630867 0.858908951 0.957594097 0.218937457 0.454511315
    0.163996845 0.389926404 0.632739723 0.699216843 0.240635365
    0.237474233 0.609157562 0.256618798 0.581016362 0.689247966
    0.107805669 0.464313865 0.983261943 0.234517604 0.585460007
    0.508265436 0.754889548 0.118647307 0.22759077 0.34723866
    0.445583701 0.893446088 0.707841873 0.861237168 0.0881105661
    0.557082891 0.667716205 0.406013072 0.0418227315 0.83436656
    0.631436288 0.957036436 0.104129732 0.643834949 0.979650021
    0.824204922 0.18358016 0.226675063 0.666421711 0.993296444
    0.243369669 0.636722982 0.197613418 0.728802443 0.893654346
    0.450685591 0.292192578 0.191796064 0.186301082 0.0210494101
    0.0140717626 0.582112789 0.756393492 0.759432435 0.949843287
    0.707161188 0.543764949 0.488302797 0.329459369 0.32757929
    0.699556708 0.490079969 0.161052853 0.0833227038 0.576554179
    0.222699612 0.479837209 0.810578525 0.625387013 0.870014191
    0.133335888 0.830768943 0.169299811 0.435164154 0.828848958
    0.00716540217 0.713134766 0.567056656 0.904358625 0.0224195123
    0.977107882 0.748001754 0.475218415 0.560555518 0.452539265
    0.331546783 0.391870171 0.623131931 0.0635559857 0.604007602
    0.164294243 0.141570985 0.955734849 0.70572865 0.551155746
    0.57620281 0.105655432 0.762607515 0.833668649 0.364771545
    0.628177166 0.46678704 0.119809508 0.326551795 0.643906772
    0.952997029 0.472755969 0.302626222 0.54001689 0.773237705
    0.668066144 0.75728476 0.400973111 0.123677671 0.629313767
    0.542887926 0.818226457 0.675103366 0.222011298 0.38399893
    0.697307289 0.0282234251 0.665954173 0.802150726 0.187537462
    0.591217756 0.189280808 0.762017548 0.362401068 0.336135149
    0.269203246 0.314867169 0.181834102 0.0887191296 0.280072808
    0.68397367 0.722121596 0.467130661 0.987317562 0.862533927
    0.979553878 0.166949391 0.891272604 0.553504825 0.506454408
    0.862010598 0.513370395 0.585704625 0.830327213 0.882113934
    0.840712368 0.888697028 0.947335839 0.0100859404 0.979504704
    0.370382428 0.789873719 0.138239324 0.464796275 0.611227036
    0.896855116 0.724689245 0.000297904015 0.852494001 0.796635032
    0.470454484 0.475296199 0.899083018 0.69042778 0.784157097
    0.479266077 0.136022776 0.870726466 0.114845395 0.458801985
    0.392406613 0.099044919 0.28470856 0.11166805 0.965348721 0.50808233
    0.330071926 0.133743227 0.560647547 0.881721497 0.864245296
    0.266364992 0.161058515 0.0557434857 0.0791377425 0.755680799
    0.869084597 0.974689603 0.0148888528 0.828499913 0.076505959
    0.0265694261 0.484390259 0.544072688 0.716616035 0.191222489
    0.380474955 0.642171025 0.260140896 0.990167499 0.339497447
    0.605207682 0.192121536 0.141075164 0.0681610107 0.638653636
    0.90001297 0.250726402 0.0108554959 0.312069833 0.0644961894
    0.234413356 0.179857105 0.659827888 0.0671308935 0.879922271
    0.994457841 0.580932081 0.687000811 0.459061682 0.218318522
    0.266401976 0.537635088 0.0176999867 0.379396528 0.495349228
    0.267423689 0.704180539 0.868849635 0.442013204 0.935272813
    0.541729689 0.807299554 0.38044101 0.380645126 0.494907707
    0.712224185 0.926722288 0.151483566 0.733159781 0.426585853
    0.222320855 0.382894754 0.421932995 0.0100156367 0.146742016
    0.655840039 0.874679148 0.0577275753 0.949738443 0.1571275
    0.40515241 0.647127807 0.510072649 0.593611538 0.808025002
    0.756246328 0.549657881 0.435525596 0.191014528 0.335300922
    0.837215543 0.848687112 0.388525873 0.989694953 0.820558906
    0.173936218 0.565931439 0.152831584 0.701734126 0.149676979
    0.216119796 0.765297174 0.935860515 0.845845997 0.632394612
    0.114231676 0.0370341837 0.703240514 0.334404826 0.353004783
    0.0642336905 0.398546427 0.771860123 0.366755188 0.497452915
    0.226176649 0.0734355152 0.718610406 0.197986424 0.533403516
    0.731993437 0.265946895 0.419755965 0.672981739 0.547480881
    0.434650719 0.751693845 0.317331672 0.767929316 0.508904278
    0.459032595 0.515884042 0.766936064 0.854550123 0.101999015
    0.859961629 0.364669085 0.837036848 0.0676100254 0.363719732
    0.00680270791 0.283043891 0.45314315 0.125059932 0.155212432
    0.667547464 0.166448712 0.616818309 0.772109032 0.275263608
    0.734985709 0.646200299 0.700296521 0.557084799 0.307857096
    0.338767171 0.442267209 0.773506403 0.739503026 0.734326005
    0.182660133 0.111931592 0.530617297 0.380677044 0.444975138
    0.66718781 0.428017914 0.961846292 0.635217488 0.405575991
    0.0794932842 0.695149004 0.319839954 0.364717305 0.655304134
    0.68677032 0.315990329 0.209804803 0.948832035 0.943592668
    0.602330804 0.75282377 0.98949194 0.0412861705 0.824999809
    0.370422453 0.360356539 0.281745553 0.643642843 0.697122037
    0.0568804741 0.906627536 0.371138811 0.190285414 0.899357319
    0.28110373 0.865197122 0.41309163 0.274947882 0.428990424
    0.201952308 0.140848577 0.808750868 0.68209064 0.0198299885
    0.807413757 0.346694469 0.800469577 0.510314584 0.710969627
    0.894753754 0.44509238 0.62862438 0.599285305 0.254012018
    0.207525671 0.336099207 0.208235294 0.094928503 0.284486413
    0.283967376 0.627903223 0.669886172 0.173427582 0.0582157373
    0.0352679193 0.0990812778 0.400705665 0.210713774 0.975765288
    0.329910159 0.797361374 0.668150783 0.109188139 0.15184629
    0.556704164 0.602319956 0.163469166 0.244899005 0.244308352
    0.531113923 0.526011646 0.082223922 0.15188086 0.415317684
    0.0373181105 0.795911491 0.54636699 0.00741875172 0.489771634
    0.93221271 0.393658102 0.761188507 0.107639581 0.52227205
    0.662115633 0.24753648 0.578714371 0.629553676 0.167503268
    0.239990532 0.460442275 0.0546692312 0.906281352 0.30829823
    0.0516653359 0.755019546 0.185494602 0.891309023 0.128664374
    0.297388315 0.483295888 0.898639381 0.378074437 0.255475283
    0.99508965 0.404336214 0.58028549 0.976281285 0.83708179 0.631397486
    0.920250416 0.82505399 0.900003672 0.262688339 0.749972284
    0.298451334 0.60154593 0.605794728 0.136493325 0.953091145
    0.617842793 0.550117135 0.36878705 0.191612244 0.131385118
    0.797837138 0.437857628 0.702766418 0.8498981 0.330766976
    0.543788075 0.648943424 0.457531005 0.259252131 0.683955669
    0.408420742 0.236532718 0.997492671 0.61780709 0.341704071
    0.0402231514 0.890379906 0.296639442 0.0386010706 0.496183693
    0.0726962388 0.601599157 0.0129183829 0.500454962 0.812675059
    0.022923559 0.911010981 0.100315094 0.190207213 0.353056669
    0.524423599 0.99805665 0.918202043 0.13975656 0.313086599
    0.232022017 0.934303999 0.973614573 0.851004362 0.11798054
    0.548406601 0.450521678 0.710632205 0.693487525 0.606984556
    0.43212837 0.0863966048 0.046851486 0.58401674 0.791352391
    0.411258161 0.266252995 0.501672626 0.564559817 0.342899531
    0.714866519 0.927774072 0.604593992 0.542983055 0.610391259
    0.965658188 0.79894948 0.409463793 0.311149538 0.310560435
    0.767274499 0.920503497 0.193315119 0.434778094 0.357701361
    0.925002456 0.288864851 0.442529261 0.50071007 0.464391649
    0.0345070958 0.483788878 0.0379681289 0.844386876 0.816080332
    0.485070407 0.669378281 0.740097225 0.797950685 0.743208289
    0.0541756153 0.30684638 0.819999933 0.864734173 0.0893886387
    0.346771896 0.0774856806 0.866217494 0.539760709 0.960867643
    0.654754639 0.476224691 0.780768991 0.0850814581 0.346752882
    0.326915741 0.707614779 0.909998178 0.184802651 0.172918826
    0.671108544 0.343658 0.864596009 0.139412433 0.381388873
    0.0273599029 0.00229424238 0.332548082 0.500701368 0.26998499
    0.180313766 0.356377065 0.691930234 0.63493216 0.0109424889
    0.490051478 0.19868353 0.326393962 0.36460197 0.396639645
    0.481757134 0.612431228 0.430519074 0.487050295 0.534076452
    0.0134548843 0.339257002 0.0336222053 0.328935444 0.589093447
    0.651780844 0.273622751 0.0589255095 0.156120598 0.205532104
    0.115347743 0.660024822 0.639812708 0.213753968 0.728232384
    0.509242654 0.0469870269 0.442095071 0.678629339 0.690120399
    0.368073076 0.116072178 0.692259192 0.756690741 0.0632146001
    0.304200888 0.401824296 0.123844713 0.298791051 0.401248485
    0.553446531 0.573456049 0.337216109 0.792599618 0.915511131
    0.26055181 0.152350575 0.0821113288 0.731979132 0.436083287
    0.174528867 0.158224463 0.152592182 0.617326856 0.596788585
    0.961245894 0.402843684 0.151045591 0.641489744 0.484929979
    0.263905704 0.338445216 0.747439027 0.0666646063 0.0710254908
    0.0278615952 0.306469381 0.907722652 0.920446277 0.506275773
    0.506478667 0.921204567 0.969872296 0.3252303 0.362944901
    0.851645947 0.466436058 0.163253784 0.210888088 0.411985755
    0.188241601 0.74904561 0.165424168 0.0393798053 0.508186042
    0.294400036 0.965034246 0.86790514 0.938033223 0.581675529
    0.310520113 0.133175761 0.399636447 0.580086768 0.121652365
    0.858485043 0.615978837 0.0557174683 0.347862244 0.933382928
    0.0913383067 0.966129184 0.630466461 0.429542601 0.14646399
    0.776187181 0.794849098 0.558935583 0.508805513 0.614216626
    0.518732786 0.433030397 0.464351326 0.615531325 0.896359921
    0.472719073 0.85843122 0.912216604 0.454427212 0.67832166
    0.871410847 0.276882112 0.719155014 0.0666793287 0.505520403
    0.901293278 0.772488952 0.118956804 0.327788174 0.500913501
    0.3683092 0.0922135711 0.797252178 0.221034139 0.447662413
    0.628193498 0.394935399 0.516330421 0.77944833 0.427265584
    0.438098669 0.565715909 0.283419847 0.822684884 0.0616465211
    0.407029539 0.620667815 0.23636207 0.0666962266 0.232687861
    0.0525098443 0.903612494 0.855077624 0.605063081 0.914263606
    0.522384524 0.857916355 0.606929183 0.478387237 0.639266431
    0.952752829 0.606082857 0.157876641 0.489932865 0.909445524
    0.545863509 0.658931077 0.807654381 0.152010411 0.0452438593
    0.492765546 0.0714874268 0.500010133 0.903427422 0.533500731
    0.407846332 0.343530655 0.118106872 0.431067288 0.809281468
    0.111978889 0.703651786 0.336924076 0.413591772 0.324427307
    0.299382031 0.387016833 0.262715995 0.475002944 0.0262922049
    0.592564881 0.547770739 0.487898916 0.984716535 0.563381195
    0.733283639 0.19971928 0.0726262331 0.533698201 0.6152969 0.55923748
    0.542021334 0.671590924 0.173562258 0.372543812 0.474584579
    0.771580935 0.631217718 0.598301828 0.321678907 0.593869865
    0.560891628 0.50850606 0.49467814 0.547075987 0.887535214
    0.0733781159 0.9769243 0.966148853 0.410185009 0.796204209
    0.742513776 0.0246566534 0.239928186 0.87422061 0.315266341
    0.917754829 0.057636261 0.964197278 0.982023716 0.0612052977
    0.967941165 0.644810319 0.0515995324 0.939441502 0.736638963
    0.383092314 0.758082628 0.290157557 0.365449727 0.619636059
    0.457572848 0.231215298 0.136209697 0.0890784562 0.799233913
    0.587241113 0.502954781 0.557825267 0.201830894 0.136060387
    0.596828461 0.414153218 0.741361499 0.892400324 0.281674445
    0.281657696 0.841221333 0.81787771 0.861680567 0.554120123
    0.626958847 0.155326098 0.336917996 0.53464818 0.984884977
    0.099422425 0.157482296 0.479430228 0.706950903 0.868384004
    0.580666542 0.880300343 0.083696723 0.115646839 0.206631601
    0.976017714 0.932983279 0.449943453 0.765625954 0.950928926
    0.55973804 0.712244153 0.514629602 0.284426659 0.921222091
    0.00397878885 0.312387615 0.64822948 0.420853257 0.176566213
    0.832299829 0.550432742 0.00910699368 0.747624278 0.821013272
    0.339001328 0.351161778 0.878203571 0.220633805 0.0627801716
    0.600773871 0.516866267 0.522404492 0.630860925 0.890515685
    0.126151353 0.112485558 0.32136333 0.419866621 0.010995537
    0.799996912 0.0717440248 0.282407284 0.3030518 0.0429113209
    0.141703576 0.453578174 0.316545576 0.759048402 0.867400527
    0.390171409 0.307035327 0.598653853 0.938952506 0.0694019794
    0.701182008 0.447413653 0.0199741721 0.868699491 0.702230215
    0.628381371 0.057689935 0.89478898 0.269265503 0.783486366
    0.983485222 0.253256857 0.911030054 0.0687307715 0.000904858112
    0.700237036 0.786616921 0.682808161 0.908543468 0.266024858
    0.428640395 0.920488358 0.881090343 0.595411837 0.404246151
    0.573743343 0.921683788 0.62561059 0.34897095 0.734423101
    0.484219432 0.565710425 0.275274098 0.659737349 0.476348698
    0.776986778 0.555671811 0.808307528 0.0634993315 0.708268225
    0.570426226 0.686619043 0.60029912 0.0996720493 0.600723624
    0.303507864 0.687671542 0.125997186 0.696182966 0.599234223
    0.670498192 0.310489178 0.770893276 0.123470783 0.15618223
    0.775514603 0.472451776 0.388393104 0.449520171 0.475848347
    0.325792193 0.600319862 0.279693782 0.114343792 0.19769311
    0.329979897 0.319373965 0.236984551 0.879920721 0.480512083
    0.529163897 0.32363683 0.615830958 0.957935452 0.71002686
    0.721478522 0.200874805 0.224572331 0.827945948 0.161083102
    0.768985152 0.464044243 0.0396000743 0.459857643 0.319220603
    0.394478977 0.787341595 0.797770739 0.907571197 0.867253602
    0.737720013 0.697063565 0.427997977 0.713382065 0.866862059
    0.609097481 0.797284245 0.32808128 0.0569448471 0.235338748
    0.000710934401 0.36922276 0.559630036 0.334537625 0.271284163
    0.788745046 0.792186022 0.251453459 0.495166868 0.567014039
    0.773232698 0.708389163 0.197572649 0.163956434 0.446298271
    0.095564723 0.300670683 0.112576008 0.445116907 0.0307862163
    0.750693083 0.147780269 0.64859128 0.796744943 0.486880183
    0.346437514 0.486589104 0.156209141 0.650737286 8.28802586e-05
    0.394452065 0.654610991 0.836267591 0.669565678 0.732369542
    0.820279717 0.383668512 0.101952016 0.107593924 0.884484291
    0.256885529 0.306191623 0.0147845149 0.537108719 0.813523769
    0.133546621 0.728437424 0.736302495 0.505670488 0.656549692
    0.87301898 0.823460221 0.447172403 0.804031432 0.652874887
    0.452234685 0.129410565 0.304403275 0.967751622 0.854234278
    0.149840504 0.33444795 0.171871483 0.662833512 0.244991928
    0.0771357119 0.956296444 0.5226807 0.187187672 0.130003601
    0.532427907 0.833025515 0.029735595 0.658688724 0.271483064
    0.816429615 0.292968541 0.203695923 0.227303803 0.36655277
    0.890274823 0.598335564 0.565220118 0.129901767 0.198370606
    0.172209382 0.294278562 0.0788729489 0.335708678 0.806023002
    0.288335502 0.496191055 0.653154612 0.135543495 0.197894573
    0.467302799 0.986066937 0.282190025 0.490559369 0.848056078
    0.567742229 0.986179352 0.692993462 0.298932999 0.382126421
    0.833253682 0.805308878 0.243325293 0.809035122 0.0954080522
    0.24606061 0.0509826839 0.148202121 0.573911369 0.0641337633
    0.745967746 0.920343101 0.86902535 0.409373254 0.721401632
    0.951825738 0.193821222 0.392391324 0.967353344 0.537361383
    0.155004472 0.749677241 0.128158122 0.794154763 0.48742801
    0.293817163 0.796969652 0.130383015 0.647500157 0.792256653
    0.708735347 0.273377717 0.0600610673 0.916703343 0.963700831
    0.423799962 0.876290202 0.557320833 0.324626535 0.544886112
    0.870261669 0.44620654 0.324097484 0.0292356014 0.433741689
    0.60318011 0.930672586 0.580349445 0.105573952 0.807450831
    0.711340308 0.0408477485 0.57015574 0.377790719 0.821156979
    0.0481247902 0.242140919 0.162767351 0.197740167 0.0427546203
    0.903092623 0.775518417 0.194875449 0.24706614 0.729077458
    0.235502481 0.276237786 0.735749662 0.716807246 0.179018915
    0.305243701 0.0641838312 0.351140827 0.881390631 0.38560909
    0.985860765 0.069835186 0.157199264 0.699224949 0.579576969
    0.101134837 0.75461483 0.7830984 0.703231514 0.547059417 0.254256725
    0.911717296 0.319689453 0.795479 0.926675498 0.28627786 0.708374381
    0.708334088 0.286456257 0.0332183838 0.814653516 0.288523972
    0.615831256 0.855075836 0.134099543 0.917794228 0.305908144
    0.290725768 0.408347696 0.262575269 0.870747745 0.726058125
    0.073618561 0.839799643 0.167112559 0.122106999 0.699499249
    0.720105886 0.0373381376 0.800878167 0.331725597 0.3621943
    0.251794636 0.640232325 0.0194169581 0.0191605985 0.044226706
    0.257068515 0.759756684 0.824988842 0.114145547 0.920480371
    0.46095857 0.923678637 0.0227988958 0.123251379 0.117992938
    0.435373306 0.869187951 0.0723266602 0.204858184 0.0659179688
    0.284660399 0.347174495 0.743535161 0.30165571 0.0845539868
    0.611819863 0.544906616 0.506563127 0.300763011 0.020938009
    0.0485577881 0.52621007 0.251267642 0.570357919 0.424261808
    0.939472258 0.772665739 0.341665328 0.85615927 0.192033291
    0.987639427 0.933126152 0.666821361 0.47530821 0.165604264
    0.00318560004 0.184224129 0.250409395 0.792455912 0.671391666
    0.855375648 0.673911333 0.498501211 0.517300308 0.726190507
    0.0262335241 0.555584788 0.519812107 0.890444994 0.116045386
    0.204543591 0.764108777 0.904274404 0.0125729442 0.619021833
    0.940550029 0.304604441 0.997129202 0.450280398 0.96266216
    0.69388938 0.996759415 0.0256878138 0.900307417 0.463465691
    0.12245217 0.74677372 0.45263797 0.12065497 0.194264263 0.76356256
    0.628413439 0.904677689 0.238089085 0.542582631 0.568938196
    0.033013016 0.239550918 0.394145459 0.871767163 0.518913448
    0.145154715 0.244709998 0.706471622 0.712475657 0.900366366
    0.465009153 0.0341370702 0.262577176 0.703105509 0.425041437
    0.592414677 0.57224673 0.775072098 0.383434922 0.876615644
    0.0785677135 0.731678963 0.224831372 0.463473797 0.443199098
    0.49757126 0.434105575 0.168840706 0.633002162 0.838234901
    0.703780234 0.538372874 0.481808096 0.422503501 0.298461735
    0.947305799 0.283431679 0.555620134 0.689814925 0.121923417
    0.856289864 0.87977773 0.654125869 0.561544955 0.536692142
    0.13477838 0.462884039 0.914395809 0.54538238 0.511252046
    0.732613742 0.222766519 0.687540889 0.356845021 0.0711565018
    0.725999117 0.80392766 0.812729001 0.16077742 0.426967621
    0.485563934 0.975308537 0.409557402 0.40700075 0.85003686
    0.986465752 0.832404375 0.174664587 0.128407866 0.307019174
    0.274822056 0.752509892 0.634738803 0.321030796 0.480304062
    0.272497296 0.250941277 0.379635811 0.519684434 0.285414159
    0.21291697 0.876353383 0.635062635 0.193712622 0.888406754
    0.66677618 0.0844963789 0.837380469 0.119423985 0.935406983
    0.0991565585 0.000661760569 0.599006116 0.927309036 0.709914625
    0.451628357 0.845828176 0.519946456 0.875809431 0.746118546
    0.936691642 0.278146714 0.943145275 0.212425351 0.692364693
    0.563154578 0.779819429 0.212605029 0.515864074 0.0358849168
    0.322182208 0.0670811236 0.408678353 0.180678934 0.685625792
    0.947494626 0.371560693 0.716632009 0.773738384 0.0534915328
    0.784899235 0.0326462388 0.205489099 0.409195036 0.617979109
    0.572469234 0.0506390333 0.867343187 0.264974862 0.578935981
    0.964508176 0.333493859 0.186449736 0.440975994 0.000346183777
    0.0175994039 0.115846246 0.745209038 0.297723651 0.0165289342
    0.0293566585 0.989555001 0.0951379836 0.0378196537 0.440604538
    0.0256659091 0.668329477 0.436952353 0.0121844411 0.668354988
    0.943227053 0.431972206 0.475465894 0.247346669 0.140628874
    0.299992949 0.490794748 0.596765637 0.998497427 0.659009874
    0.157723099 0.165774018 0.75236249 0.958981514 0.710602403
    0.505865693 0.116604298 0.653660893 0.562644243 0.90198487
    0.269490898 0.502987981 0.77399075 0.202404827 0.353537858
    0.209549159 0.432837367 0.962069213 0.0155752003 0.563487947
    0.465296745 0.220393091 0.830852628 0.0168991089 0.538577855
    0.78478384 0.808053255 0.884427667 0.775319934 0.0399042964
    0.355757535 0.80034399 0.0254155695 0.500944018 0.546007991
    0.762737334 0.755614161 0.317290008 0.938121915 0.901205063
    0.578547895 0.671806157 0.858277082 0.348597348 0.123529911
    0.522215009 0.839367628 0.751353443 0.785237908 0.23673135
    0.717092395 0.569045484 0.830611706 0.621225834 0.513498425
    0.907522261 0.278297663 0.0370050371 0.784845352 0.90922451
    0.525591254 0.878410459 0.161065012 0.425548464 0.226249307
    0.470100939 0.131527513 0.442739159 0.380541861 0.0346251428
    0.724216044 0.727173209 0.185128957 0.116009086 0.6376459
    0.170434684 0.798527002 0.0376130342 0.800745606 0.472843677
    0.445795298 0.98192668 0.913862467 0.811912656 0.153936625
    0.775930047 0.634271443 0.0845137239 0.0412697792 0.339250237
    0.0785622895 0.467222899 0.530596495 0.736370683 0.851121962
    0.923987687 0.992637753 0.786027789 0.40328455 0.0594907701
    0.838564456 0.460325718 0.0822153389 0.37250337 0.993693709
    0.668742776 0.35801363 0.204221398 0.782084584 0.0792595148
    0.741599023 0.423516631 0.124281615 0.0838673413 0.757394016
    0.784548998 0.396778584 0.237192035 0.505142808 0.732111931
    0.513507903 0.778584182 0.678011894 0.168759227 0.330964476
    0.201200247 0.102110118 0.27886495 0.198974192 0.355240703
    0.486742646 0.63107729 0.50720787 0.274336904 0.689148903
    0.385814905 0.627307057 0.404806823 0.973999858 0.282005787
    0.522912264 0.842671275 0.04730317 0.273478776 0.0794615746
    0.354681909 0.345500886 0.010766834 0.940173149 0.775457263
    0.976158261 0.455553442 0.962281823 0.642868757 0.591558754
    0.781819344 0.344897419 0.973116398 0.859708607 0.640464902
    0.461339474 0.0638630688 0.98810488 0.993292391 0.293546736
    0.600955606 0.838264704 0.720788717 0.187967837 0.312359363
    0.310478926 0.198939234 0.983887911 0.83466661 0.774389744
    0.56505239 0.937932968 0.270015001 0.635463119 0.445868075
    0.0413261354 0.316968262 0.581673086 0.983757317 0.948263049
    0.269748151 0.0884318352 0.817871451 0.55712527 0.939319849
    0.469440252 0.516966283 0.967697442 0.534539819 0.78718406
    0.305024177 0.876923442 0.786658525 0.897729099 0.794965267
    0.590651035 0.397546083 0.727521122 0.594784379 0.654611707
    0.970174432 0.871452689 0.318685174 0.741898954 0.727016211
    0.858713746 0.899204373 0.51772058 0.336094439 0.243058264
    0.146350443 0.787426233 0.370191216 0.590376198 0.612914979
    0.944336772 0.376316011 0.459412754 0.278674364 0.798962414
    0.264921069 0.867447257 0.310521036 0.852490723 0.117132783
    0.954594731 0.102564901 0.538164318 0.647482514 0.0150790513
    0.134123892 0.795621693 0.541965544 0.98781532 0.320781469
    0.66381675 0.0020454824 0.0535939932 0.517430365 0.655633926
    0.712005377 0.611278653 0.0476713181 0.200137913 0.613337815
    0.893849254 0.0621798337 0.708158374 0.746665895 0.771448493
    0.772047758 0.859026611 0.531826973 0.97605896 0.375648737
    0.643426418 0.220409781 0.939970136 0.544052899 0.0121130347
    0.414007902 0.815605521 0.101473749 0.532890439 0.978302598
    0.358087122 0.983026922 0.0021481216 0.132565588 0.0664040446
    0.495625138 0.310330331 0.975007772 0.855253935 0.174624115
    0.875379503 0.91982168 0.156250179 0.818079054 0.454946131
    0.205587506 0.827820897 0.302725017 0.835318923 0.600443959
    0.132577062 0.492234558 0.549699426 0.638371289 0.12579447
    0.696635365 0.494100451 0.154155701 0.87290597 0.962770045
    0.662381709 0.408558697 0.689646959 0.470115244 0.36880976
    0.569317162 0.109265864 0.0230620503 0.691123724 0.088709265
    0.702465892 0.725025654 0.34877947 0.731648862 0.231033772
    0.230213106 0.353519052 0.753754973 0.960805774 0.211707234
    0.506296039 0.488079756 0.603259921 0.85752207 0.747553647
    0.743987262 0.260774612 0.442536086 0.581976771 0.708716035
    0.208182335 0.00500708818 0.453898728 0.741595387 0.202390045
    0.70210892 0.441925466 0.331357628 0.60788548 0.541851282
    0.877170324 0.964819849 0.345058024 0.592698097 0.0992296636
    0.446670413 0.228952944 0.426553696 0.604077637 0.5712623
    0.646924376 0.988411248 0.248890847 0.765193939 0.99403882
    0.257668734 0.00224947929 0.451803297 0.184332341 0.486806393
    0.216954559 0.285628855 0.610078156 0.229574651 0.895501852
    0.785997748 0.424671024 0.840218306 0.834226966 0.971068799
    0.0579893887 0.224063933 0.347148776 0.205956489 0.581060886
    0.357431531 0.795780003 0.882493436 0.610858858 0.270654231
    0.0612490475 0.779232442 0.767101586 0.586447775 0.153859437
    0.937808871 0.535424352 0.334358335 0.846417427 0.196636885
    0.781376123 0.041280359 0.0261245966 0.937762439 0.0737149417
    0.241294324 0.662220716 0.717273712 0.652202308 0.364718944
    0.333164126 0.731684089 0.582712591 0.309689432 0.38623482
    0.452625036 0.404150069 0.600238681 0.175609112 0.0895088017
    0.000205606222 0.00329083204 0.291533113 0.984058917 0.729734838
    0.179693013 0.78717351 0.560806692 0.800984859 0.902821004
    0.146677285 0.167705804 0.920764625 0.248796433 0.13060379
    0.819427133 0.0257357657 0.0786222816 0.0135396123 0.324300051
    0.579673231 0.136395007 0.472418427 0.0829031169 0.43803668
    0.208477229 0.617348611 0.697022319 0.820560396 0.803698599
    0.60013628 0.241631031 0.682510555 0.935715675 0.383651733
    0.966668308 0.0768876672 0.79314208 0.144810349 0.0940733552
    0.56332314 0.124330223 0.20252344 0.152602136 0.345427841 0.89039588
    0.555052817 0.0575196445 0.840919733 0.170301139 0.238054037
    0.269007742 0.52904129 0.186794877 0.0843303204 0.211387843
    0.138364434 0.172410667 0.881917119 0.247059762 0.446672499
    0.309021801 0.0121173263 0.317815363 0.0918366611 0.169030041
    0.150716007 0.342326134 0.324165583 0.936970353 0.122699648
    0.232143849 0.975364447 0.997317731 0.703202009 0.220616132
    0.782369256 0.416217327 0.176430464 0.331452966 0.212209195
    0.101224273 0.262734413 0.190988541 0.181694299 0.273045003
    0.235694587 0.985284567 0.418100953 0.70282042 0.341867983
    0.187732935 0.619602084 0.814625084 0.086699158 0.260573387
    0.618241608 0.392755419 0.208971113 0.772610664 0.451952934
    0.209853888 0.195346445 0.274977565 0.7397632 0.260554433 0.96739167
    0.741309166 0.485966772 0.629449844 0.780663848 0.0681690276
    0.411663473 0.248456776 0.478323191 0.815486491 0.365616739
    0.223003179 0.0548350811 0.818547726 0.483091533 0.369926751
    0.335572898 0.922351003 0.172153026 0.249232769 0.48134172
    0.576032698 0.462894857 0.73749876 0.531765401 0.263310164
    0.591592491 0.288959682 0.665708601 0.467620879 0.177960366
    0.296576381 0.564733744 0.89957124 0.303111076 0.520463347
    0.583133042 0.41080758 0.446011394 0.129049361 0.175666988
    0.60410434 0.979781508 0.0391938388 0.861904144 0.99187541
    0.467969954 0.228672922 0.806068718 0.820330143 0.44574818
    0.465365589 0.361832023 0.317272127 0.517704904 0.350186348
    0.600544453 0.700149477 0.486991912 0.964985013 0.114346236
    0.469613016 0.401305318 0.0230781436 0.980409861 0.420481145
    0.337489933 0.414016902 0.308167249 0.432112098 0.2926566
    0.111557364 0.65582639 0.0475065112 0.950051546 0.820110202
    0.949989319 0.100683212 0.436276197 0.390065253 0.206682026
    0.474332809 0.150656164 0.650656819 0.118998736 0.428018451
    0.538239241 0.206529826 0.995345116 0.529188871 0.146068841
    0.7384184 0.763151169 0.459157705 0.940165341 0.290162206
    0.0389060676 0.545747876 0.676438332 0.0184496939 0.192756593
    0.436935484 0.783639193 0.764952064 0.156267732 0.799541473
    0.929291964 0.192101777 0.192602217 0.33941716 0.27895838
    0.0936339796 0.68538022 0.675402045 0.962136805 0.611534715
    0.727949739 0.750224471 0.609833121 0.321843207 0.825981081
    0.747722685 0.832240582 0.768302321 0.156037182 0.612539232
    0.741907418 0.897995889 0.517258227 0.575022936 0.70286423
    0.605487049 0.76479739 0.355103612 0.938353062 0.793217063
    0.196693987 0.0248571932 0.593845725 0.783071101 0.96389538
    0.0824798942 0.463125169 0.277026534 0.333303273 0.348665714
    0.82866168 0.462622374 0.176170141 0.751119137 0.290858716
    0.48567915 0.191843659 0.116108775 0.371122479 0.154650301
    0.0169356465 0.481664687 0.935710192 0.0208974481 0.804368377
    0.737735033 0.916745543 0.13981989 0.0278894305 0.701203942
    0.34074986 0.0025472939 0.720196903 0.874895096 0.133030146
    0.746495962 0.985811174 0.442076474 0.366556585 0.733281851
    0.63926816 0.201447099 0.704295278 0.8401106 0.865574181 0.21534124
    0.214499891 0.63652128 0.69970715 0.652416885 0.545201421
    0.652331829 0.301343203 0.257516861 0.854364634 0.85271132
    0.241130948 0.854881525 0.820151091 0.862782896 0.248429179
    0.788821816 0.920803666 0.210713774 0.0554862916 0.742143095
    0.692011893 0.381905079 0.128399163 0.205576986 0.111046225
    0.657619894 0.117049187 0.833438635 0.351661444 0.849738181
    0.184316844 0.283419907 0.915091515 0.2933833 0.562690675
    0.194623768 0.892775059 0.235275328 0.205460638 0.405267209
    0.309284806 0.771141469 0.0578657687 0.559392333 0.433925986
    0.0745632946 0.277592361 0.501402557 0.404908985 0.490418136
    0.145960242 0.263081074 0.640635014 0.579639196 0.0909976065
    0.706119716 0.216501921 0.0643887222 0.226128668 0.664598703
    0.569581747 0.904879451 0.989403069 0.0999132097 0.51519233
    0.905165195 0.684326887 0.421998799 0.869513929 0.0318916738
    0.3980259 0.22463125 0.4119066 0.138575524 0.805602908 0.550740123
    0.820127785 0.0295264721 0.861588717 0.895275235 0.616457582
    0.766304731 0.986497879 0.87583822 0.124850899 0.76091671
    0.528735876 0.479715496 0.52762121 0.383164078 0.245811135
    0.313885152 0.317567736 0.498990268 0.469002903 0.713826716
    0.70322299 0.709649563 0.106764376 0.249965757 0.0661238134
    0.828500271 0.975212693 0.595994353 0.551499903 0.0493499935
    0.626535237 0.450819135 0.460982025 0.446552306 0.737862587
    0.017762363 0.238583624 0.121495396 0.459645182 0.931197405
    0.689061821 0.573420525 0.71046102 0.387706041 0.202094823
    0.638428152 0.732644558 0.811432958 0.892716587 0.566201329
    0.643074214 0.608939111 0.0599430501 0.681442082 0.071775049
    0.955646992 0.364830434 0.592147708 0.281239569 0.130885899
    0.55388087 0.428975999 0.430905491 0.592711806 0.829459548
    0.717399478 0.169339061 0.223019779 0.154259384 0.895581722
    0.899297714 0.576729894 0.345077693 0.899055719 0.433623314
    0.458931029 0.313376546 0.834192157 0.733742952 0.108515292
    0.127459407 0.802886367 0.152268112 0.955703437 0.0203121006
    0.00720638037 0.642021596 0.876641512 0.213838041 0.145464182
    0.120181143 0.832591355 0.317661643 0.528239727 0.657041311
    0.444829315 0.593592346 0.681511939 0.266141176 0.742686152
    0.796854973 0.62928164 0.738606215 0.529166877 0.83303237
    0.588653743 0.892555475 0.585413277 0.873336434 0.010664016
    0.211658716 0.609189928 0.865449727 0.354969859 0.470978916
    0.112772465 0.412740409 0.655512452 0.660457492 0.709765851
    0.563202918 0.847919166 0.557135761 0.817473292 0.163211167
    0.0891171992 0.558001816 0.327566445 0.682771385 0.842544198
    0.642979801 0.610081553 0.723209023 0.454209596 0.580154717
    0.987321138 0.858048201 0.785579383 0.627451658 0.244525641
    0.000227898359 0.394477189 0.0491920412 0.864861906 0.931753993
    0.793222368 0.651095748 0.865486026 0.581375182 0.803011179
    0.467574418 0.14894861 0.316262335 0.117389768 0.408043385
    0.795251846 0.811783433 0.0503222942 0.114640474 0.336802661
    0.503387511 0.992265522 0.0548681319 0.286095262 0.810346425
    0.505368352 0.77353096 0.124113381 0.314667314 0.0632809103
    0.123440653 0.578900874 0.598265648 0.217662096 0.253349483
    0.61340481 0.408184439 0.567844987 0.914446771 0.651570976
    0.982681513 0.448251784 0.38185358 0.567653716 0.0809788704
    0.763483286 0.168328196 0.767686367 0.637371421 0.858728051
    0.4810642 0.347963244 0.702488065 0.721414745 0.0745537579
    0.66703546 0.706663549 0.741110265 0.913460851 0.0680519044
    0.0881967247 0.247322053 0.77744925 0.287865818 0.341349185
    0.875316799 0.602409065 0.189619303 0.681213915 0.0339388251
    0.150096774 0.874283016 0.25723964 0.2844491 0.319523305 0.625637412
    0.76265341 0.569101095 0.53083986 0.0478351414 0.451737165
    0.904503942 0.71757102 0.606941104 0.650637805 0.0323950946
    0.79110074 0.824623823 0.29625237 0.513378501 0.865439832
    0.281434476 0.43020618 0.423704922 0.432369322 0.700328946
    0.772282183 0.464971811 0.118531048 0.356359571 0.719702005
    0.326347411 0.12697047 0.397780508 0.412377626 0.701898515
    0.297863394 0.69568491 0.957156181 0.576530457 0.188848108
    0.289805919 0.674946845 0.862345159 0.0291935503 0.845759153
    0.628687024 0.127118498 0.494763196 0.905204415 0.556297839
    0.954900265 0.203725815 0.587503314 0.535406232 0.241565764
    0.0683436394 0.58141768 0.937078536 0.502629936 0.754166603
    0.42935884 0.992491484 0.199266076 0.325845748 0.351601303
    0.766368151 0.936412513 0.701825261 0.832636356 0.337581098
    0.826978922 0.644509554 0.498911083 0.992256939 0.639010072
    0.0808138549 0.884755909 0.959087968 0.236474633 0.90599823
    0.757356405 0.736726165 0.208320946 0.745333791 0.652203619
    0.991988122 0.239341468 0.57200408 0.159660757 0.86158514
    0.199460536 0.46367982 0.810920238 0.0947001278 0.77815187
    0.572092652 0.259740651 0.19363004 0.377589405 0.867432356
    0.852314472 0.671658933 0.90087688 0.76628387 0.112034291
    0.872005701 0.949108243 0.750233769 0.39143917 0.324416637
    0.532652259 0.128442824 0.145688087 0.256275684 0.79359436
    0.38484028 0.954084039 0.219933063 0.0487825871 0.50141108
    0.0158331096 0.686500847 0.547713101 0.326684713 0.518751204
    0.547016084 0.4615646 0.752574444 0.392624587 0.542839468
    0.831625521 0.0514564812 0.140557915 0.336322665 0.655240357
    0.509274364 0.975260377 0.0642414391 0.434201956 0.459642172
    0.216911674 0.773067713 0.972734571 0.904852152 0.185913235
    0.637177825 0.982126355 0.637319446 0.66995126 0.295972288
    0.472641885 0.567228198 0.698861122 0.414778829 0.611180842
    0.593113542 0.136964083 0.705177903 0.857677341 0.615727663
    0.614652693 0.343947411 0.480389982 0.307459176 0.407058239
    0.262524545 0.368982852 0.234477043 0.403087318 0.106289744
    0.30529207 0.350381881 0.118900955 0.366184473 0.134893239
    0.824650288 0.409482241 0.272637039 0.874471903 0.731375396
    0.698271334 0.552429974 0.293232739 0.303953826 0.850053668
    0.681524873 0.247117281 0.615100145 0.99590385 0.244881004
    0.608613312 0.172879159 0.118615478 0.835161805 0.0710009634
    0.82307744 0.215902627 0.299893796 0.520846009 0.23150748
    0.411352813 0.615884423 0.114366949 0.0210602582 0.0999360383
    0.197564006 0.00298392773 0.109366626 0.928275228 0.910268664
    0.511970758 0.00795668364 0.151802242 0.388287753 0.889143705
    0.125468671 0.652199864 0.576462746 0.916045189 0.319579661
    0.832459331 0.73291105 0.982162118 0.441875935 0.600940824
    0.604349792 0.487676412 0.578161776 0.830251992 0.731110752
    0.411807656 0.270359397 0.150158316 0.573974907 0.737708211
    0.056443423 0.141643554 0.612356424 0.447320908 0.538712084
    0.322026908 0.601638734 0.210154235 0.0535422862 0.589485943
    0.109698862 0.708331168 0.148640066 0.247915715 0.377204955
    0.47570172 0.542462111 0.38504383 0.97935617 0.0980896652
    0.825540841 0.478202611 0.621662259 0.131984442 0.396270633
    0.697231889 0.000202387571 0.555720747 0.644222796 0.340818048
    0.450303137 0.364897132 0.443273753 0.0123924315 0.661731601
    0.00967350602 0.0352568626 0.27203393 0.303093523 0.20491448
    0.241431981 0.816148937 0.139960021 0.960101843 0.764575005
    0.370043457 0.543526351 0.782727897 0.203701109 0.365662932
    0.977835059 0.108375132 0.151364595 0.689131379 0.803149402
    0.646852791 0.265674382 0.40841952 0.209258258 0.138864577
    0.734103918 0.112283885 0.109219551 0.34222424 0.488428622
    0.88666755 0.147825271 0.87361151 0.374094605 0.129467964
    0.125785977 0.705452323 0.425090015 0.935824633 0.818473816
    0.885288596 0.581893325 0.82555449 0.953056157 0.394160509
    0.296566784 0.578212142 0.264134616 0.660606503 0.280086339
    0.568672538 0.717271328 0.625669837 0.790902972 0.150818467
    0.185963213 0.279812396 0.631453574 0.347182751 0.978102326
    0.649943829 0.587593198 0.898151636 0.633274436 0.0928095281
    0.761394858 0.147429019 0.734882951 0.865258336 0.899163604
    0.463094503 0.555760324 0.107115 0.636282325 0.460068822
    0.0410975516 0.281169027 0.374348879 0.473690599 0.826648355
    0.623259664 0.347544014 0.675577164 0.976122797 0.3998079
    0.967638612 0.0631070137 0.520563304 0.188245445 0.522027493
    0.99612987 0.254355311 0.430225104 0.98307538 0.741003871
    0.206637621 0.226477385 0.205418348 0.448467076 0.343330741
    0.29409343 0.455664665 0.60561955 0.798173904 0.286409676 0.4037413
    0.0620387197 0.664741337 0.357110977 0.771558046 0.0399790704
    0.00349026918 0.331126392 0.90409255 0.329643965 0.411943972
    0.519672573 0.227723777 0.87158978 0.303455412 0.150148958
    0.944068551 0.128507376 0.883856297 0.604761899 0.305077255
    0.553637922 0.901133537 0.175270975 0.748601496 0.129115731
    0.329973251 0.341423869 0.527897418 0.562964261 0.503536046
    0.606547475 0.774027526 0.803882897 0.485350013 0.171778709
    0.108540267 0.90303123 0.143314481 0.636175513 0.276940048
    0.10250482 0.0832454264 0.590788901 0.0536045134 0.366662383
    0.794823289 0.339199215 0.981244028 0.99014914 0.503220975
    0.545006216 0.326841176 0.387646288 0.849711418 0.562728763
    0.348690093 0.0167392492 0.571205974 0.275047243 0.554446101
    0.756744146 0.578323245 0.823410034 0.101310641 0.270293176
    0.244471312 0.324016333 0.749063015 0.872285962 0.262310088
    0.511491418 0.777088702 0.0870942771 0.0214535296 0.526122332
    0.299571216 0.662463367 0.255456507 0.637359977 0.760623097
    0.893691897 0.983471751 0.580428123 0.78201437 0.188714802
    0.296601266 0.949568033 0.611307323 0.527442575 0.806755662
    0.270759135 0.0359539986 0.270635068 0.35299921 0.00274470448
    0.799723268 0.458086044 0.586099863 0.00530204177 0.395707011
    0.523317993 0.429548949 0.595521569 0.806453586 0.565656364
    0.978427291 0.0510140955 0.86301887 0.191932678 0.0384440422
    0.320291102 0.242896557 0.983072698 0.930596471 0.0600239635
    0.421263903 0.782079816 0.848732591 0.285260469 0.384087622
    0.0420811474 0.182636887 0.693016231 0.468882501 0.223802239
    0.364117622 0.98665452 0.796669602 0.693953872 0.224884719
    0.153799117 0.405981123 0.219547272 0.893466413 0.467034161
    0.52129221 0.0841585696 0.757882059 0.903752685 0.843400598
    0.565886378 0.703516662 0.608709455 0.610092342 0.200308293
    0.389761329 0.380907476 0.307589412 0.0825057626 0.407044798
    0.39182806 0.186726332 0.873786151 0.803520083 0.776055574
    0.15021202 0.731136978 0.334484935 0.586425781 0.394386947
    0.0761623085 0.857473493 0.161818504 0.685122013 0.355731517
    0.406352699 0.135469794 0.128136545 0.624779403 0.607738018
    0.675660253 0.571457028 0.851071954 0.899698973 0.344959795
    0.932142496 0.912366986 0.98830235 0.920042396 0.720980525
    0.665038168 0.732379794 0.162348986 0.853671253 0.917612076
    0.265686214 0.576967239 0.850385547 0.70157069 0.560846925
    0.882277131 0.034594059 0.96497196 0.568620563 0.0169799626
    0.887878358 0.0231285691 0.0175656974 0.723654032 0.92427671
    0.506178677 0.313117206 0.245969802 0.642924547 0.592617869
    0.142742157 0.22662136 0.172688007 0.315003484 0.814373255
    0.237051338 0.408286124 0.678194225 0.0509017408 0.107725918
    0.00409573317 0.0828754306 0.700179815 0.198291749 0.0832820237
    0.530759752 0.949738741 0.0375600457 0.401936382 0.30405277
    0.374053448 0.363665581 0.901280344 0.173858285 0.293723583
    0.146107286 0.366700768 0.522484124 0.615917087 0.330274284
    0.131053358 0.428612113 0.51235944 0.749579132 0.339540511
    0.844537497 0.680463791 0.314923555 0.208614796 0.908324361
    0.0356305242 0.470520228 0.754098475 0.0210160315 0.0263569653
    0.87162596 0.76913017 0.938010454 0.501107931 0.101025879
    0.117209435 0.070499748 0.653312624 0.00304526091 0.549471498
    0.441065252 0.959782541 0.573521316 0.461001784 0.738768995
    0.240699202 0.945939958 0.301056623 0.298483133 0.807896614
    0.945257783 0.348021954 0.315393627 0.529954016 0.383999467
    0.162468106 0.932410121 0.29466033 0.999073923 0.806941748
    0.96613121 0.952944398 0.328395009 0.901925325 0.0154136121
    0.612831235 0.808643103 0.410103798 0.826792061 0.382418782
    0.000236332417 0.0791047215 0.558986068 0.473573148 0.40427199
    0.461239874 0.572116792 0.0534115136 0.605678797 0.439261377
    0.19543165 0.174856335 0.691171467 0.995450735 0.939522386
    0.800589442 0.839751482 0.716407716 0.490931213 0.378000587
    0.865581036 0.999534011 0.199348122 0.947595716 0.32723099
    0.874264121 0.75854218 0.258325458 0.671418548 0.489113301
    0.323008031 0.286705911 0.0537862778 0.145135671 0.866246104
    0.971221089 0.813247085 0.166917324 0.0360090137 0.0747186542
    0.303684711 0.308058262 0.489927739 0.69981873 0.845730305
    0.683133841 0.48238647 0.046923697 0.395673364 0.488515735
    0.512331665 0.395475179 0.442005664 0.912610769 0.61767441
    0.119017243 0.248429686 0.596848607 0.000950843096 0.75573647
    0.118205011 0.451133698 0.459656388 0.799919128 0.289485455
    0.322240263 0.995714307 0.245990127 0.858607531 0.531802654
    0.498584419 0.369138569 0.935682654 0.756539941 0.620446682
    0.719937205 0.930454731 0.572949171 0.974651992 0.279011548
    0.269766212 0.372903526 0.865181684 0.250626206 0.450970769
    0.790175319 0.397672623 0.646911979 0.108269304 0.54095608
    0.734160483 0.449696839 0.0164282024 0.783564806 0.766133308
    0.915530682 0.663298905 0.809461474 0.892196178 0.47972849
    0.767776966 0.969118714 0.00701829791 0.66991967 0.271761715
    0.98619318 0.305237949 0.136067748 0.12423557 0.530954659
    0.537228107 0.237862974 0.503144979 0.966419935 0.482098281
    0.36226359 0.813759863 0.965522647 0.642309785 0.253168583
    0.545456409 0.305903882 0.28580606 0.402606964 0.920289516
    0.57112956 0.171903759 0.272597015 0.075860858 0.903217912
    0.576756775 0.295938849 0.113825709 0.243727714 0.541928768
    0.137951165 0.694294035 0.457679927 0.0357535481 0.333770752
    0.229191422 0.227472723 0.859484494 0.467151076 0.923218131
    0.913707614 0.385095775 0.884157181 0.759442329 0.381463557
    0.57480818 0.875783443 0.99697113 0.784426212 0.588478386
    0.907086015 0.862389326 0.971177399 0.492756665 0.683900476
    0.231524259 0.877926826 0.992240131 0.272128344 0.254330665
    0.677273452 0.929706156 0.104405344 0.20824945 0.524348617
    0.614185214 0.590410471 0.371118307 0.00969600677 0.255937338
    0.919482708 0.362886965 0.360863566 0.61759913 0.407335609
    0.551388144 0.0613346994 0.828182876 0.961987615 0.337569296
    0.777887106 0.00958424807 0.602388203 0.352583349 0.937352061
    0.513639212 0.419731081 0.0535751879 0.258010149 0.159532338
    0.668909013 0.0587980747 0.191637248 0.732017398 0.0504388511
    0.22946915 0.788524091 0.8766886 0.0849584937 0.177816331
    0.982445478 0.715440094 0.251877844 0.70188266 0.188454628
    0.363988966 0.344308257 0.235778719 0.670598507 0.161722839
    0.735877573 0.0555302799 0.529626608 0.642914414 0.383167684
    0.367996216 0.140138149 0.219081044 0.446337283 0.328937232
    0.658385992 0.342733532 0.741495907 0.962366045 0.904429197
    0.294153452 0.461774915 0.0590254664 0.603053868 0.956285238
    0.661296606 0.65900588 0.391947061 0.289179772 0.297201157
    0.492467403 0.704925597 0.939179301 0.0967044234 0.655807376
    0.685729146 0.483368844 0.766989946 0.266903967 0.33815065
    0.0267059803 0.0609868765 0.359376073 0.672014594 0.485351503
    0.931867719 0.619895995 0.567829788 0.769836843 0.579000115
    0.243089974 0.803578734 0.680603743 0.746521056 0.306255043
    0.519988716 0.753083169 0.245529473 0.373072118 0.283174068
    0.576899171 0.825920343 0.476953894 0.0261118412 0.524861574
    0.570167899 0.202471614 0.898076355 0.139731199 0.967940032
    0.37785393 0.732731938 0.0960594714 0.821448565 0.20449096
    0.0841747522 0.705705583 0.578035653 0.318878472 0.802330494
    0.719734192 0.218557715 0.733282804 0.217839569 0.992126048
    0.323116601 0.362304986 0.0135822594 0.424963295 0.766567707
    0.656536698 0.240316927 0.517968833 0.399142265 0.544977486
    0.21409905 0.571183205 0.396140873 0.0555007458 0.933872938
    0.310362905 0.232909173 0.193130761 0.409034729 0.4914096
    0.659554243 0.406208634 0.486367524 0.408262163 0.110218853
    0.42700845 0.105168164 0.993090868 0.56017369 0.978344798
    0.329473674 0.0745558739 0.349484861 0.776861191 0.0028668344
    0.706742585 0.575324953 0.408122182 0.756117105 0.599232316
    0.741353691 0.303181231 0.857312202 0.607190013 0.905617118
    0.260463417 0.0367753804 0.895694852 0.0121423602 0.335717797
    0.83685261 0.996748686 0.953478694 0.79948926 0.985446692
    0.357478499 0.542227745 0.20181343 0.390983343 0.0525963008
    0.269351244 0.540217757 0.531764269 0.731570363 0.249499917
    0.0322068334 0.977763474 0.681994319 0.991530001 0.360160291
    0.22140187 0.5324651 0.578568816 0.921415687 0.390348107 0.474517554
    0.0831808746 0.824304819 0.425320059 0.198587984 0.321911395
    0.597090364 0.418515682 0.0702201426 0.460881025 0.995388448
    0.906447053 0.197606593 0.60863924 0.018896848 0.296741158
    0.460174203 0.507701635 0.510411322 0.0456617773 0.376107395
    0.183217943 0.429210722 0.171442419 0.976033568 0.639981747
    0.184790313 0.353355497 0.250729948 0.636539102 0.829958379
    0.75121057 0.23605901 0.489433289 0.956781566 0.0252270997
    0.847540259 0.252275974 0.765916109 0.548454046 0.38570416
    0.804239213 0.592766166 0.885417819 0.839480162 0.78770268
    0.16495806 0.776415944 0.150258243 0.0230184197 0.969231963
    0.0733700097 0.623466194 0.447153628 0.88707459 0.0330647528
    0.044536978 0.785194516 0.962460995 0.351900578 0.849166691
    0.238313705 0.466268629 0.923678219 0.508696437 0.696072638
    0.228257149 0.583605886 0.162328064 0.860625029 0.177599698
    0.664294839 0.418776393 0.00876539946 0.384582072 0.690107584
    0.906424761 0.483016849 0.325247765 0.103305876 0.300222039
    0.670047522 0.246783227 0.751859188 0.926756918 0.139252007
    0.892437577 0.965709865 0.32467252 0.845004797 0.253709912
    0.24605006 0.469260067 0.0630006492 0.217165589 0.0348473489
    0.151908576 0.597201288 0.199920505 0.884645581 0.483914524
    0.75373292 0.959275365 0.524877906 0.557756543 0.404124737
    0.318661928 0.994663477 0.699096322 0.0298807025 0.593647063
    0.276992261 0.0567342639 0.429069877 0.865402102 0.65010345
    0.987028718 0.662442803 0.228508711 0.357778102 0.81853354
    0.210940003 0.952941835 0.0116286576 0.498010874 0.771122515
    0.259567261 0.0748390257 0.405952543 0.295933664 0.28676632
    0.491975993 0.861421347 0.889282286 0.352662206 0.735027254
    0.906904519 0.650362849 0.30192697 0.50929004 0.263552904
    0.396600008 0.725797772 0.833742619 0.969565213 0.459835738
    0.194580287 0.498990625 0.258660913 0.911529303 0.560929418
    0.524881482 0.422783524 0.679877996 0.294255733 0.861600518
    0.789437413 0.0567169189 0.630689263 0.971230924 0.406021059
    0.906884432 0.405257255 0.759901524 0.440785229 0.520697176
    0.856937289 0.0800538957 0.405310154 0.467258334 0.35209769
    0.136682004 0.438028127 0.244122386 0.886736512 0.75659585
    0.339245081 0.537429154 0.977240443 0.228362918 0.353738427
    0.0613709688 0.697816789 0.694186866 0.412517935 0.154914975
    0.939270437 0.392269582 0.442945242 0.605759442 0.55530864
    0.89769733 0.813160896 0.877142251 0.663200796 0.275026798
    0.623635411 0.290374696 0.927522779 0.322038084 0.284142971
    0.986081183 0.3427293 0.873659134 0.0663536191 0.953122258
    0.436893731 0.800487161 0.824279785 0.612678885 0.710714102
    0.0875691175 0.16827327 0.976550698 0.646951079 0.373691618
    0.0341919959 0.797578871 0.499568701 0.968286037 0.225704938
    0.80394721 0.874457002 0.983964443 0.232139766 0.121484876
    0.234308958 0.0395464599 0.123403847 0.567634583 0.0772842467
    0.0880969167 0.398828775 0.851807237 0.884333014 0.438030183
    0.631967127 0.231062531 0.450864404 0.375051618 0.265527368
    0.82288003 0.820747137 0.82618916 0.804823399 0.55325526 0.763866723
    0.41115579 0.947119713 0.488468528 0.517982841 0.797999024
    0.123468131 0.0435827971 0.632514 0.622789025 0.460145116
    0.718103766 0.901157975 0.551300168 0.258305132 0.733663142
    0.432980627 0.135273635 0.893005967 0.125480592 0.328352332
    0.147474378 0.590919435 0.736161351 0.135273278 0.489396185
    0.270046771 0.294419557 0.186790735 0.922817111 0.479740739
    0.377463222 0.843366504 0.272076309 0.0719610453 0.936761856
    0.30171904 0.16984123 0.163644522 0.369507968 0.475106359
    0.938449502 0.654216588 0.0801900327 0.434307575 0.956559181
    0.0997477174 0.94692111 0.0509549379 0.628960252 0.868751049
    0.195185959 0.176316679 0.954042137 0.82696259 0.613192558
    0.48607263 0.675592005 0.128822118 0.222665012 0.794169903
    0.381889462 0.959950447 0.898863852 0.47267893 0.403078169
    0.572846115 0.90068531 0.961621761 0.912757456 0.777533412
    0.462517291 0.357440352 0.718701899 0.763000369 0.846724272
    0.861376524 0.304227054 0.542620659 0.63866365 0.681854725
    0.0437456369 0.0257706046 0.505107403 0.328611881 0.650196791
    0.639162302 0.369115531 0.644561291 0.612630188 0.243180603
    0.380774796 0.754530549 0.789433956 0.863678575 0.824383557
    0.631735921 0.87016803 0.936700702 0.823082745 0.334490895
    0.558550596 0.870088875 0.744176507 0.614211619 0.643327475
    0.181902975 0.911118746 0.739223123 0.936492383 0.982300103
    0.784891188 0.0847018659 0.963047981 0.264017373 0.479344636
    0.158679992 0.707897782 0.768244922 0.772906363 0.601450682
    0.821112037 0.691330552 0.360663056 0.112785906 0.776623726
    0.741780996 0.464354813 0.0377647281 0.815032244 0.636121094
    0.012389183 0.961259842 0.258892655 0.864875793 0.702591062
    0.536293626 0.18109706 0.940578699 0.889752865 0.48728469
    0.0506620109 0.175887078 0.991125107 0.398976952 0.334000617
    0.350839734 0.0933370888 0.37284714 0.975272655 0.574507296
    0.629918218 0.638531268 0.684464812 0.0607653558 0.957059622
    0.992206812 0.424884677 0.701315165 0.0284671783 0.493279964
    0.919698715 0.582332373 0.777001083 0.0849735141 0.990403116
    0.592011452 0.225641191 0.867150426 0.29054755 0.521561146
    0.531918585 0.458572507 0.792946339 0.958940029 0.929704845
    0.961851478 0.271003366 0.112431139 0.490678728 0.815210581
    0.611892998 0.760566831 0.710623741 0.165345699 0.725352108
    0.295438617 0.627586722 0.477351874 0.000627160072 0.233069241
    0.59364897 0.851628542 0.906314611 0.699604213 0.177796721
    0.420607716 0.226528823 0.458052516 0.419359177 0.946686387
    0.504510462 0.218312621 0.281439662 0.221840978 0.259753942
    0.676216125 0.884453416 0.0663945973 0.555397511 0.944007754
    0.415321141 0.529938698 0.361232102 0.476832032 0.0745971501
    0.655324101 0.842298985 0.695652127 0.183913529 0.501013458
    0.613733649 0.3807832 0.812847197 0.718140781 0.037481755
    0.705966473 0.570235193 0.833918333 0.151830047 0.303945184
    0.720700264 0.464318067 0.155545533 0.0390454233 0.0417378843
    0.133305728 0.31550318 0.540799022 0.827140093 0.791364551
    0.769430637 0.45943743 0.321757853 0.956410766 0.72745353
    0.926730871 0.429693997 0.291808665 0.43669802 0.179244161
    0.60964942 0.104557782 0.754577398 0.749415636 0.0299399197
    0.094889611 0.368988812 0.0127762854 0.135395527 0.13917467
    0.705515385 0.102635205 0.466480911 0.00125676394 0.309055895
    0.210898519 0.611028671 0.867588043 0.941983879 0.325721353
    0.985816777 0.522893965 0.417592466 0.813331306 0.0429650247
    0.21379742 0.078774035 0.96221143 0.217424303 0.150990635
    0.108673126 0.038608104 0.0461030304 0.392398119 0.626447678
    0.324996471 0.795433402 0.940653086 0.709130585 0.863187551
    0.309911489 0.0176657736 0.548793793 0.610736847 0.615169466
    0.195295572 0.456308156 0.925573349 0.405771673 0.79258275
    0.878834605 0.100358367 0.554145753 0.360162735 0.373025537
    0.377583027 0.123704791 0.32812506 0.0260128975 0.386578649
    0.518404782 0.583595037 0.410535991 0.0527342856 0.767021418
    0.641291022 0.143336028 0.741478443 0.524247527 0.829850435
    0.867667913 0.549821794 0.454558671 0.903510928 0.838225126
    0.119959623 0.250234067 0.884654224 0.255731285 0.493413061
    0.648961544 0.255296439 0.803597271 0.275629431 0.471950829
    0.57259351 0.0429204702 0.743555844 0.230370015 0.12683934
    0.421034396 0.808678806 0.114862889 0.434752226 0.548524439
    0.482026964 0.0913574398 0.492824703 0.500739932 0.38289094
    0.692453325 0.491080076 0.0812853277 0.415715635 0.650510728
    0.862992048 0.626924396 0.00339207053 0.272607923 0.100358486
    0.402925164 0.458438456 0.348712802 0.0714024901 0.887972116
    0.979134798 0.462796897 0.188296288 0.822456956 0.341996014
    0.00779995322 0.121028006 0.640840292 0.552110076 0.644515336
    0.674006879 0.0197511911 0.739690304 0.706990898 0.324260533
    0.876717091 0.234861612 0.686285615 0.776368022 0.703204751
    0.788526416 0.177039862 0.871883035 0.986215174 0.255421937
    0.34109515 0.310562968 0.924512386 0.770904183 0.0292727947
    0.674676836 0.200131655 0.67707628 0.346346319 0.835427284
    0.0927363038</data></test_img>
<my_img type_id="opencv-matrix">
  <rows>128</rows>
  <cols>256</cols>
  <dt>f</dt>
  <data>
    0.778050065 2.08312559 1.72424507 0.248288482 1.45443463 0.522751808
    1.08724082 1.2069664 0.179894567 0.811708391 0.691109776 1.54686487
    0.510663152 -0.279768288 0.681590676 1.11401308 -0.183122098
    0.194818646 -0.116114438 0.236378491 0.475171864 0.666896224
    1.92006195 0.114070684 1.91874933 1.14629018 0.797852576 0.569057882
    1.79312992 1.96211934 1.4135077 -0.00312322378 -0.140844941
    1.76502573 1.30607986 -0.245920449 0.511751592 0.82550025
    0.842254579 0.431945801 1.34938395 1.34571373 0.203671485 1.02614439
    1.50243831 1.43362021 0.726238608 -0.154621199 1.2444737
    0.0878619254 1.34755957 0.201786399 -0.268344283 1.10473073
    0.620690525 1.5786581 0.932497084 1.14768028 1.51577759 0.280984581
    1.01417804 0.481060624 1.85934591 1.41527021 1.23233688 0.663589001
    1.85188401 0.385095209 0.16632089 1.77771389 0.678295016 0.411316574
    0.0896161199 0.486285448 0.996661127 0.658931732 1.201092
    -0.180979818 0.530501366 1.86147332 -0.195562854 1.4865365
    0.965255499 -0.09916839 -0.17914319 0.476673841 0.365456223
    1.58602154 0.442689091 0.325794458 0.78284359 0.697222948
    0.903015554 0.596158624 0.214033246 0.908625901 1.03245425
    0.289028645 -0.0991352797 1.44210887 0.214443237 0.62056905
    0.92728281 1.5593878 0.188703626 0.0919629633 1.92074978
    -0.310357332 1.94589198 -0.323556811 1.83967745 0.502302527
    -0.170496121 0.760798812 0.851565123 1.56484103 1.84780157
    1.37791824 0.900274396 0.806315541 0.782706738 0.321835518
    1.68197131 1.20295715 1.19421184 1.10842645 0.214662582 0.156257302
    0.0878259838 0.408734322 0.768076539 1.11731791 1.64571774
    1.89980555 1.13682365 1.86012363 0.302118033 0.177318394 1.39799285
    1.67309952 0.189263761 0.8457582 0.23432371 1.52984214 1.30228353
    0.560677588 1.81640947 1.23549294 0.907540321 1.19717181 1.8693831
    0.34515664 0.0557323694 0.822744012 0.748041987 1.16496599 1.2691443
    1.52314949 -0.0260497034 1.88767099 -0.323794484 0.463923037
    1.43631792 1.41722178 0.276797056 1.2824955 0.909747362 1.79787302
    1.02581954 1.53106594 0.77484262 1.69208372 0.110332787 0.0831308365
    0.292454213 0.147418827 1.61276639 1.90928042 1.16852582 1.71405149
    -0.104732648 0.920043647 0.553692639 0.991540432 -0.107249305
    -0.0307742059 0.253226906 1.24039435 0.545024991 0.450620145
    0.121869922 1.88966477 -0.0567892194 1.43352616 0.57356602
    -0.052865386 0.0599710047 1.90764928 1.55355 0.909433007 0.611451268
    -0.0425895452 1.38269603 0.0982516408 1.01820529 0.569615841
    0.136684179 0.954597473 0.409983039 -0.0551752746 1.3582201
    0.31114462 0.34163931 0.762356639 1.25435913 0.38212651 -0.140217111
    1.19598722 0.219483376 1.71795201 -0.324389964 0.006149441
    0.851555943 1.76242995 1.2155993 0.785401165 1.67576408 1.17206335
    1.9057045 1.9444325 0.549140751 0.16455242 0.47465542 0.197991401
    1.63122869 -0.00624287128 1.68242252 1.23954773 1.5090704
    0.252187282 1.31540036 0.552655101 0.879661143 1.42174947 1.84230971
    0.96413362 -0.20103769 1.89756942 0.0703288913 -0.0235136747
    1.76097703 1.90538239 1.46169257 1.17306674 1.13447189 0.967980862
    0.540600955 0.315338433 1.3890543 0.0685041249 1.09589577
    -0.000819414854 1.75480187 1.81095505 0.582845807 1.81202698
    0.35436362 0.0234460533 1.83242774 0.507370591 1.72857857 1.17534304
    0.844652057 1.34234166 1.77323925 0.549816847 1.37558591 0.394519955
    1.30524325 -0.00334611535 -0.423824251 1.3394655 -0.00314745307
    0.319209218 -0.253927588 0.454208195 -0.155518681 1.03861332
    0.757563829 1.71622133 -0.400001109 -0.430066854 0.687112093
    1.32743645 1.08498335 1.37108672 0.610650301 1.53319621 1.13911235
    0.276282728 1.39262235 0.490471721 0.854477525 1.60111022
    0.516634941 1.01184583 1.18048596 1.36210656 -0.0631096363
    1.24543631 -0.285483032 1.45968771 -0.377572626 -0.285881072
    -0.320118994 1.07878447 1.00970912 -0.284824014 1.09391737
    1.47734046 1.1302073 0.437152803 0.444591939 0.813786626
    -0.0552463233 0.829315484 0.221774042 0.662418008 0.600333273
    0.420609653 1.20184362 0.219992816 1.63508272 -0.178318799
    0.652157068 0.152392954 -0.0971536338 1.15407538 0.481973946
    -0.0503350496 0.667466581 -0.382654458 0.188608319 1.39122581
    1.12604809 1.85294807 0.0134821534 0.0704264045 0.173767239
    0.0934958458 -0.119868785 1.13441873 1.33629096 -0.0135609806
    1.42577553 0.708608389 0.357335716 -0.412472427 0.647523701
    1.60008585 1.44091082 0.643258989 -0.0507953167 1.75082803
    -0.177559257 -0.0703608394 -0.116269588 -0.24609974 1.07865644
    0.223905027 0.572818518 0.0384676754 0.544921398 0.705692768
    0.142950863 0.764542937 1.75879681 -0.126413733 1.64075446
    0.136741787 -0.0198553503 0.259244889 -0.309031636 0.413057089
    -0.157923192 0.0816087425 1.49067378 0.0953935385 0.00241458416
    -0.111284226 1.78943324 -0.266730785 1.78269541 0.595825076
    0.253655612 0.348293036 0.116255373 -0.284668237 -0.0357824862
    1.08942103 1.1706562 0.863553703 1.55518007 -0.383894682 0.12932387
    0.853896499 1.07586384 1.25222659 1.02703118 0.871982098 1.1932478
    1.20585847 1.2024734 1.55402803 1.82462764 1.7239511 -0.161094904
    0.279158026 0.333769619 1.64808774 0.512163162 1.51963532 1.28854251
    0.351663262 -0.340677828 -0.383086115 0.620915115 0.778787374
    1.24566996 0.774342775 0.550636709 1.46421862 0.0653604269
    1.60218775 0.871986687 1.00504971 0.429686517 1.40905023
    0.0490736961 0.56779635 0.0706175566 1.53865576 -0.00594246387
    0.855453849 0.0010869801 0.223130494 0.486865312 -0.0446129441
    0.447350264 0.527540088 1.45699763 1.15678239 1.91865373 1.30610371
    1.77522039 -0.323670387 1.05679381 -0.289701074 1.67544317
    0.186752051 1.71442425 0.773666024 1.17314708 -0.0565574765
    0.230530232 1.33135128 0.0811536014 0.843380094 0.53844893
    0.305024385 1.69920504 1.69282258 -0.13727814 1.67055523 1.17678785
    -0.337599277 0.292097956 0.78377676 0.356388479 0.718356729
    1.34059918 1.69029284 0.912214518 0.328696132 0.613474965
    0.132491946 0.283224791 1.38722384 0.923297703 1.13418579
    0.723261237 -0.338884205 0.997203171 0.111700147 1.11107922
    0.235871971 0.393262953 0.408688426 0.269601613 0.633573413
    0.172761291 0.777598858 -0.0353978872 1.66454887 0.954295397
    0.0869475007 0.837934136 0.187108755 0.97616303 -0.191390634
    1.40206838 0.0366548896 1.17471695 0.0865419805 1.5264163 1.8973676
    1.46597087 1.30870938 0.143304586 1.66864729 1.02913761 1.53721523
    1.492823 0.686928034 0.758389115 1.13203049 -0.188641429 1.43567634
    1.24043953 1.76173592 1.42132258 0.75548929 0.568612874 1.18392396
    -0.0309292376 1.30839014 0.801380873 -0.338270366 -0.3238976
    -0.00978034735 0.96083045 1.78698444 1.17506027 -0.18805483
    -0.0998243093 1.09726262 1.79998553 0.520967543 0.248513341
    0.151660442 1.156389 0.786438406 0.458428979 0.0910668969
    -0.12966302 0.262592673 0.128391147 0.172971904 0.766668618
    0.993222237 1.29749501 1.32283294 0.861941814 0.528892398
    0.902668118 0.614782035 1.69751048 -0.0444492996 0.435212165
    1.72608411 0.146466762 0.565593243 0.00222977996 0.938224852
    -0.503007352 0.469785422 -0.391273439 1.71147346 1.7490766
    1.57437432 1.26397228 -0.300020844 1.09352314 -0.176395029
    1.53159332 1.36206317 0.280826688 1.24451673 1.57440662 0.905215502
    1.10856199 -0.397814035 -0.241740182 0.393137783 1.34706616
    1.54255784 0.225734502 0.52650255 0.0560745001 0.575179279
    1.04344225 0.0877070427 1.69779563 0.52870065 0.86912185 0.784697235
    1.74235201 1.06849122 0.799843192 1.26455522 0.736152768 0.523221135
    1.61642468 1.09767795 0.487166703 1.10971773 -0.201937377
    -0.285336316 0.107218146 -0.192392319 0.540403187 -0.0656860769
    1.21301305 0.695015311 1.1817143 -0.404512048 1.42594874 1.10189652
    1.08917785 -0.216887027 0.447660029 0.615959227 -0.256976545
    1.67743397 -0.270037234 -0.0687602758 0.983463407 1.52260447
    -0.37387073 1.07882786 0.522394538 1.82796574 0.839011967
    -0.229582906 -0.350636363 1.21531749 0.677638948 1.09586811
    0.0495646596 -0.396164596 1.60342324 1.52277446 0.107952863
    -0.0891827047 1.38013148 0.660737753 -0.326066077 1.70661354
    0.86585176 -0.0449696183 1.51992619 -0.440570444 0.993606508
    0.795155644 0.917620778 -0.177687228 0.91896975 0.095718354
    1.07928586 1.21578026 1.71649611 -0.393260837 1.06206155
    -0.0664495528 1.44249415 1.4399842 0.258609414 -0.00752991438
    0.728598952 -0.314048171 1.79256105 0.695692658 0.160255402
    0.992810547 0.584303975 1.29801345 1.20470595 0.991650283 1.66174412
    0.496680677 0.374179304 0.515384972 0.127556533 0.846403003
    -0.182041973 1.42635083 1.86376524 0.190350533 0.424869984
    0.696745515 -0.265129864 1.75151789 -0.341684014 1.11992443
    -0.133874118 0.671836793 0.0219689608 -0.335151255 1.27058148
    0.626375139 1.06271827 0.925521255 1.373124 0.400607497 -0.271419942
    1.66583347 1.04744768 -0.265019953 0.606440127 -0.176320493
    0.641910017 0.8887918 1.80987322 -0.342357516 0.888112307 1.30094695
    1.25055516 1.06179619 1.62653244 -0.0213266611 1.07936072
    0.757176638 1.07769883 1.01533294 1.58957374 0.449592918 1.7555722
    -0.148042202 0.838877797 -0.365767747 0.217120886 -0.460436523
    1.49444962 0.967178166 0.175634623 0.710700154 -0.0436947644
    0.743820786 0.676451385 -0.0305197239 0.913683414 -0.100710571
    1.84624565 -0.441782713 -0.0676316917 1.11132526 0.0374537408
    0.766391575 1.75844288 -0.0806535482 0.426365495 0.73907584
    -0.227174744 -0.346290082 0.104933441 -0.107056081 0.713844538
    1.7824285 -0.166488945 1.90912366 -0.134212554 0.166665435
    1.24732566 1.22531867 -0.539910436 0.676787078 0.0678067803
    0.282152951 0.998053312 0.9539994 1.08940995 0.37223351 1.48704588
    1.54389286 1.26748037 1.28256369 -0.435015649 0.942374229
    0.806979656 0.154804409 1.1732049 1.34834373 -0.00291848183
    0.361956775 1.71498799 0.929866195 1.08483529 0.286851943
    0.0183153152 0.00133097172 -0.167428821 0.475926578 0.633816183
    1.19500196 1.29287982 0.793991446 0.761250794 0.316289544
    0.481780231 1.32169414 0.032207191 0.183867693 1.40166926 1.40389919
    1.26528573 1.47263885 1.64778459 0.767207742 -0.133499295
    0.674444139 0.659818947 0.757101059 1.0251087 -0.480458647
    -0.524609804 1.39986944 1.03736115 1.56153858 0.830126345
    -0.465190291 0.356203496 -0.419395506 0.366434574 1.15593636
    0.216670513 0.778729856 1.47998381 1.66316414 0.0978817344
    1.22810197 1.05166721 -0.203926384 1.57538271 1.01774025 1.63163948
    -0.383761287 0.280672252 0.640755296 1.11883593 1.69863904
    1.26319933 1.17222857 0.300228715 -0.0559565425 1.73328733
    1.05686021 0.567426264 0.946604729 1.0699985 -0.102914214 1.37013412
    -0.212291837 0.886251688 -0.443827689 0.0992164612 1.34219265
    0.568180263 1.61263108 0.996907771 0.554140806 1.50243473
    0.476063967 1.73590231 1.28020501 1.43591857 0.544609129 1.656757
    -0.318592906 -0.133992821 1.50386369 1.75103486 -0.394380599
    -0.519733667 1.52911592 0.349126279 0.921001971 0.550530791
    0.12798363 0.069906652 -0.146274477 1.15389824 1.59470749 1.37848282
    0.175989628 1.11060739 1.09060192 1.29072964 0.476906776
    -0.134387344 -0.0885847509 1.64393783 0.558673024 0.509910762
    1.59829235 0.076408565 0.049182415 0.770043075 -0.0757258534
    0.853978395 1.05547953 0.37175864 0.453510106 0.429168761
    0.931632519 1.37442052 1.25533223 1.27790523 -0.372717679
    -0.230080873 -0.269331157 0.522475004 -0.293887436 -0.142182767
    -0.402535319 -0.358370066 1.55056572 -0.128979206 0.658163249
    0.770365655 0.86295718 0.856136084 1.73185849 -0.0710789263
    -0.210929066 1.2302475 -0.509607494 -0.0325721204 0.0657066703
    0.428300619 0.242395282 0.795146704 0.803028643 -0.0359956622
    1.04144144 -0.351832777 0.660612285 -0.165306747 -0.477041841
    1.61712813 -0.250114441 0.243097156 -0.22318843 0.995803535
    0.421105921 0.453626871 -0.215420112 0.758113861 -0.0797703564
    1.17065918 0.994786203 0.830791116 0.747182786 -0.3681795
    0.833074331 0.436879814 1.6423949 0.594023228 0.810694516
    -0.436637551 1.1792562 -0.251055837 -0.00511100888 1.21497297
    1.75909615 -0.134080231 0.437586933 0.897034168 0.783940136
    0.0355702043 1.17027164 0.268192589 1.23768377 1.46167171
    -0.500445127 -0.0430380702 -0.454006582 1.72458744 1.07385325
    0.916887641 0.0263425112 0.554897904 0.416763306 1.19533181
    0.342684507 0.849425375 -0.0668337345 0.473045051 0.98204881
    1.00014102 -0.105941892 0.409623504 1.55116582 1.27245045
    -0.418565035 -0.290622771 0.997406185 1.58391631 0.0131163001
    0.59424293 1.62772906 0.994807482 1.40748143 1.7657882 1.65188217
    -0.299334586 0.262178302 -0.0857979059 0.98063004 1.72736049
    -0.461147726 1.8568114 1.2990222 1.90886736 2.0007081 0.0537187457
    -0.0403864086 1.09758389 -0.230094612 0.895783246 -0.407693148
    -0.348782539 0.83702302 0.268795431 0.483564854 -0.241951704
    1.03557944 1.19431496 1.01835895 0.324261725 0.308568716
    -0.328214884 0.975853324 0.66252929 1.39155102 -0.637710273
    0.987226903 1.56730843 0.359780669 -0.48754409 0.452500761
    1.34164095 0.350637496 1.25235844 1.24960411 1.57584667 -0.400718719
    1.6923182 0.579898775 1.52216005 0.401402116 0.829213738 1.58926666
    0.259010136 1.22879338 -0.274156749 0.0954224467 -0.409462065
    0.172155082 0.624587655 0.196035862 0.602849662 1.55620933
    1.24565983 1.00995934 1.24181581 -0.361127973 0.637407541 1.19942367
    0.925812006 -0.138889194 -0.450757384 -0.0320671797 1.4646188
    0.341286898 0.307687461 -0.00950366259 -0.590232551 1.55127025
    0.587583363 1.23516607 0.0960606337 1.35126877 0.566289425
    -0.389949322 0.828151166 0.115849435 1.69654846 0.590409875
    0.668793201 0.13613832 0.00484234095 -0.150757402 0.867514372
    1.77487397 0.525220931 0.640616536 1.35211575 0.15929687 -0.59449935
    1.38764894 1.22558379 1.24132085 0.801877916 1.22941589 0.793681026
    0.411128461 0.047472477 0.469432235 1.66231322 -0.185966581
    -0.344249368 0.547737837 1.55279565 0.415725529 1.01532483
    0.305476129 0.012820363 0.163529456 -0.0980779529 1.35096359
    0.585030794 1.39327359 -0.513058305 1.04595482 1.14704299
    -0.499762863 1.14532995 1.52722442 0.821400762 -0.238880873
    1.54951835 -0.465729266 1.62745821 -0.484298825 -0.0135908127
    1.51989245 0.327556252 0.74698329 -0.140283763 0.356759608
    0.101077139 -0.220425189 -0.525789499 1.63279355 0.92447263
    1.15847826 1.36355567 1.03402567 0.699150383 0.213469565
    -0.068276763 -0.194296122 1.29083025 -0.371894956 1.46482098
    1.5487926 1.54201388 1.54752207 -0.340402007 0.232362628 0.18332094
    1.53685665 -0.297960728 -0.39001736 0.514482737 0.141059875
    0.836254835 1.55944562 -0.35948211 1.4269309 0.531738043 0.318262041
    0.083121419 1.38762808 0.592862308 0.438699543 1.67375302
    0.0489060283 1.7013762 -0.515216172 1.34375334 0.467889607
    -0.396152139 1.57647777 0.708241045 0.889006853 -0.131323367
    0.921043634 0.935361445 0.109485328 -0.0518395305 0.271719337
    1.67662728 0.459432065 -0.0813939273 -0.0239619017 -0.321932286
    -0.262446761 -0.278635681 0.577917337 0.240666628 0.277525961
    0.253256619 0.279735804 0.545182884 -0.11830464 -0.130485982
    0.811550498 -0.15983054 0.539883435 0.873608053 0.62441653
    0.95499146 0.54430896 0.467488647 1.47155619 -0.260403007
    -0.146869451 -0.0956301391 0.0419986844 1.66754436 0.468163788
    0.992558718 -0.547394454 -0.515671313 0.77721417 1.39405668
    1.01122999 0.93469727 1.563972 0.800305367 0.454380572 1.39324236
    1.05770326 1.01046896 -0.298881769 0.187806785 -0.206215382
    0.97247839 0.392069876 0.277338266 -0.0708924532 1.47056389
    1.06158352 0.473777413 0.440525532 0.223728657 0.333261013
    0.655569971 1.68169546 0.38263458 0.221560776 -0.48166424
    0.408701181 0.322791815 0.923150361 0.642426193 0.130796671
    -0.0618429482 0.336409569 0.43953383 0.496770322 1.66350555
    1.52423036 1.13450551 1.62463045 1.18826938 0.693756938 0.445620805
    -0.270736009 1.61012793 -0.247570932 1.27706981 0.262784123
    1.27117479 0.985952139 1.44946837 1.30865681 1.34493852 1.08992565
    1.57800663 0.395423591 -0.568513393 -0.445437789 -0.515580475
    -0.226464748 0.408192754 1.56651711 -0.566478491 -0.471601784
    0.880366206 -0.0218768716 0.797439873 -0.546083272 -0.596628368
    0.495622516 1.47669935 -0.539822459 0.54585284 -0.39532432
    0.519126296 1.57696056 0.926448822 0.566645682 0.636069477
    -0.643999994 -0.203189194 1.52926743 -0.632139444 0.960171521
    -0.201557159 -0.318563402 1.44603896 1.45404911 1.48185182 1.5960722
    0.570453882 -0.248789936 0.416866422 0.0884526372 1.14323366
    -0.470077604 1.08001471 0.730683684 -0.399128228 0.868128598
    0.739319503 1.26572573 1.0356071 1.61410224 1.19528151 0.919654012
    -0.678128898 0.510310471 1.44927311 -0.359047234 -0.370437264
    -0.275997937 1.13183451 0.0192452669 0.44292146 -0.410731077
    -0.139216453 -0.219852567 0.54381156 -0.127486378 -0.496989638
    0.269751787 -0.460733324 -0.298227191 0.604260564 0.891922832
    1.02863455 -0.0954598188 0.196935296 1.09060204 0.66631043
    -0.174657345 0.538928211 0.903476655 1.20665789 0.280053556
    1.11803758 0.855534613 -0.287107557 -0.618882596 0.365188003
    0.602073789 1.55603528 1.17735052 -0.401931852 0.672790468
    -0.579778492 -0.0874280334 -0.170432329 0.494738817 -0.150021136
    0.743659496 1.14038873 0.919202209 1.34216952 -0.626381338
    0.593959868 1.02899122 -0.303828657 -0.536565304 -0.21777752
    1.14803839 1.57305336 0.0648065805 0.337906897 0.293711185
    1.60699248 1.33762264 1.5345974 0.0154622793 -0.574815571
    0.480121851 -0.613531709 0.370876789 0.831839919 1.59523392
    0.428503513 0.0824896693 1.23859072 0.358376563 1.13924313
    -0.0313501954 1.38509011 0.978700757 1.44783616 1.13253629
    0.156856716 0.847682655 0.441721976 -0.119044721 1.58245444
    1.1997273 0.505795538 -0.529699504 0.344299734 -0.426207304
    -0.502388656 1.16353333 1.57497406 -0.386608094 0.332526267
    0.664093316 0.884146929 0.0283657908 0.944057465 -0.426258892
    0.681668699 -0.116228104 0.390889704 -0.392574549 -0.503267527
    1.61364233 1.16508031 -0.0456850529 0.573010802 -0.596657276
    0.609009862 0.442418516 0.598059356 -0.205883801 -0.340546966
    1.69401574 0.642926931 0.183091044 -0.470577896 0.903804719
    -0.227358371 1.35598278 0.0165494084 0.833466053 1.41078997
    0.0355318189 0.584375143 1.61627948 1.12640953 0.844130993
    0.318715334 0.0282438993 1.17491508 0.686585426 0.260217249
    1.20563865 1.35162139 1.45894551 -0.531954229 -0.45171994 1.05326271
    0.249324083 1.01676035 -0.54467845 1.42509007 0.649195969
    -0.361546725 0.0957047939 1.24310827 -0.198429286 1.05200994
    -0.389229238 0.476134539 1.18847775 -0.308047265 -0.555416584
    -0.534246624 0.585519731 0.700777233 0.208115458 0.168233037
    1.2180407 0.339639306 0.176529288 -0.166989923 -0.500049889
    -0.422267407 1.0208559 0.824235201 0.334790826 -0.392675519
    1.62094951 1.65064204 0.0337285399 -0.168852448 -0.577000737
    -0.378204823 -0.340744764 0.167701542 0.676796496 -0.511918724
    -0.4704988 0.233185828 0.0653345585 0.60774827 1.32859421 1.0437597
    -0.628673911 0.902611315 0.0995253325 0.0885623097 0.991675019
    1.5905652 -0.0599875152 0.197143883 -0.311474353 -0.281020463
    0.586008489 0.700853288 -0.245405078 -0.067047298 1.26755524
    0.707894802 0.117111206 0.205551505 -0.270566523 1.26772809
    -0.360057622 1.05131292 0.453797877 0.303015411 0.893391132
    1.55324018 1.35857689 1.05174017 0.245343029 -0.0946675539 1.221457
    1.66552973 1.29046226 0.0343568325 -0.346132934 0.723614335
    -0.11127609 -0.131837606 0.993627071 -0.4581846 1.26217461
    0.547611296 1.50898767 1.4377774 0.999082029 1.42002153 0.100781739
    -0.0853869915 -0.547406077 -0.221219927 1.22735822 0.343506038
    0.162957013 1.02187693 1.27494383 0.763492703 -0.170163691
    0.0548049212 1.12524414 0.903781533 0.406385541 0.789756596
    -0.0550902486 -0.108227015 -0.280723602 0.916877806 1.31020045
    0.769918263 0.158462465 0.473618448 0.430036068 1.0084424
    0.0175054669 1.16359425 0.430297136 -0.323167205 1.61331606
    1.23740458 -0.547547758 -0.608406067 0.870722592 -0.204537392
    0.621203423 0.478379548 0.474450409 0.0243375897 1.47985411
    0.264083743 0.898791134 -0.63895148 0.214262307 -0.192773044
    -0.0390543938 1.56185603 0.712131917 1.49804914 1.08987617
    -0.15601182 1.59441149 1.16299343 0.423397064 0.320289373
    0.326149523 1.29468608 1.48256397 0.131140709 0.212935448
    0.180860341 0.116903245 -0.269578964 0.279199839 -0.232502908
    0.430756271 0.380723 0.872676253 1.00310373 1.48661935 1.23807132
    1.04280758 0.418228567 -0.365443081 1.53730023 1.07459474
    0.632762194 -0.527487159 0.175998747 0.857051551 1.22424555
    1.03277481 1.58014321 0.388317585 1.38646066 0.768018484
    -0.0576239824 -0.606639981 1.22062635 -0.0701078773 1.45465839
    -0.462104142 -0.0785015225 -0.121632516 -0.284329265 1.44761038
    1.01721406 0.88106066 1.31774879 -0.527668476 0.871736944
    0.523435593 -0.613399386 -0.0559696555 0.966356635 0.186364055
    -0.438524544 1.20404088 1.24657178 0.919519365 1.4588201
    -0.555403233 0.465380907 0.431935728 0.218598127 -0.538571596
    1.30103803 1.29865813 0.141695738 -0.0180101395 0.262536287
    1.35600364 -0.514876604 -0.399956882 1.5216794 -0.33566156
    0.253453851 1.01890552 -0.128231794 0.92712146 -0.279136032
    1.61154211 0.499166965 1.37188685 -0.427814454 -0.299398422
    0.803419352 -0.298838049 0.361690164 1.64641356 1.48677802
    -0.594311357 0.35047245 0.526570797 1.46959066 0.88364917
    -0.227339715 0.0266141891 0.590281129 1.27326155 1.02688897
    -0.339113146 -0.621919572 0.130302966 -0.476340175 -0.333886087
    -0.54430449 0.634534955 0.522713423 0.842257798 0.548442245
    1.6462934 1.38300085 0.832372844 0.492737174 0.589305341
    -0.277576298 0.754982531 -0.368853927 1.2885226 1.04609966
    1.09800458 1.16053343 1.15102172 0.618290663 1.15029049 1.632128
    0.798985898 -0.592815936 0.00279587507 0.600419521 0.0878973007
    -0.47859937 0.527163625 0.355202615 -0.623571396 0.173525631
    0.988822699 -0.13571173 0.127990305 -0.586854517 1.33809924
    -0.444284379 0.546219468 -0.113520563 1.4780252 -0.276780218
    1.15221381 1.17276406 0.471081913 1.54906976 0.127095461 1.58069229
    -0.548826456 1.17128336 -0.166238397 0.0560718775 0.405522525
    0.0852501392 0.199165583 0.000521659851 0.0149784088 -0.00339198112
    0.248548567 1.88056338 0.108919889 0.347371399 1.40831614 1.12387586
    1.58029091 1.06533051 -0.153195083 0.522727966 0.704342723
    0.114759922 0.35392046 0.980104744 -0.348569393 0.455786765
    0.645897508 -0.310489446 1.59143484 1.21068537 -0.448560268
    0.90151006 0.348517478 1.59715223 1.06078506 0.400784314
    -0.0674166679 1.40300584 0.0422661304 0.573760808 -0.193910539
    1.31169403 0.287317932 -0.150819957 0.78759402 0.426003158
    1.45586038 -0.372270048 0.872196019 -0.261413634 1.18953705
    1.44808543 1.60497046 1.45891762 0.0359071493 -0.0791354775
    0.835079253 1.32582355 0.276744902 0.464519501 -0.292220265
    -0.68659097 0.090120554 1.56148398 0.289457202 -0.2873981
    0.427892804 -0.550945699 1.56988811 -0.310216069 1.54505873
    -0.00720995665 1.3004055 -0.00985628366 0.469294012 0.499787748
    1.10919952 0.80294472 -0.28218177 0.242870688 0.459080517
    -0.571622133 0.862722874 -0.0897610784 -0.642145038 0.141133606
    -0.166668236 0.221979558 1.59703469 1.19798088 1.07940722
    -0.150002271 -0.142510623 1.42322254 0.169435859 -0.50750649
    0.265679538 0.440029979 -0.0181065798 0.976372182 1.45363784
    0.840370357 1.45281172 1.16330147 0.610209048 0.576258719 1.2593056
    0.0799273252 0.386759102 1.27833879 1.41728377 0.470081151
    0.144765317 0.515705943 1.27058387 0.202852249 -0.236522645
    -0.476218164 0.954963624 0.18947649 0.414953351 -0.15683645
    1.03587556 0.0471015573 1.5311954 0.967083514 1.31786799 1.58000755
    -0.421199739 0.466123402 1.47107279 1.22386253 1.52095675
    0.376783073 1.43072224 -0.442318082 0.196248591 1.401963
    -0.549085379 1.42554402 0.776520431 1.55281973 1.54746461
    0.0149182677 -0.134854972 1.51532006 0.267713666 1.5513289
    0.0142091513 -0.548969507 -0.0133067966 1.56581652 0.813582659
    -0.424179375 0.981548488 0.850085497 0.13907814 -0.602781355
    -0.170192122 -0.0866979957 0.189848602 -0.0305071473 0.874515772
    1.1493907 0.153674781 1.37269211 -0.165727466 1.60985041 -0.34405762
    0.382162452 1.14016771 -0.422016382 -0.415732026 0.230177999
    0.911487758 0.68137604 -0.122045636 0.267951727 1.31933498
    -0.582286417 0.10022527 -0.5085572 0.0572276115 1.20996618
    -0.105038047 0.320492744 0.1585899 1.31424296 -0.406235814
    0.767199039 0.822580934 1.48051691 1.55926585 -0.516817629
    0.261168301 0.54490602 0.415924847 0.848578513 1.58022618
    0.671572804 1.29146254 1.17323995 -0.161854237 0.0949388146
    0.341583967 1.39067304 1.66438258 0.0730611086 1.65473437
    -0.531568646 -0.0183656812 0.155879319 0.44877398 0.00709396601
    1.24574327 -0.619563282 1.41571331 -0.146202803 -0.360786378
    -0.23807317 1.02647805 -0.479134083 1.01914907 -0.195571154
    0.336913705 -0.474423558 -0.574182749 1.46926391 0.134614229
    -0.673345745 0.225062847 -0.627812624 1.61587524 1.45792449
    0.710650861 -0.0618948936 1.00370145 1.5955919 -0.126287878
    1.37191772 -0.174866021 1.47353315 0.924872398 0.0720182061
    0.5061028 0.417139113 1.64387393 0.0526380539 1.5803237 1.20099008
    0.542926908 1.21814549 0.480228364 1.04828882 1.40533423 0.307356715
    0.212293386 0.633531988 0.237845123 1.48873734 -0.163776994
    0.158280373 0.217363179 -0.0935228467 0.299365878 0.214305341
    1.18423557 0.813455224 1.77540207 0.882321835 0.346616566 1.58532119
    1.0404129 1.733096 0.155634463 1.52838111 0.825935483 0.390931487
    -0.173376977 1.12495351 0.675077856 1.45382977 0.299467206
    0.14450562 -0.0213976502 0.625199616 1.27452958 1.39475441
    0.636673748 -0.141000628 1.4416821 -0.477701068 -0.325440168
    0.348384738 -0.0713229179 1.59245396 1.31890321 -0.130736589
    0.474984944 1.04581225 -0.496178985 -0.492263854 -0.178387702
    -0.13918227 1.38613796 -0.209577143 -0.193416327 0.801154435
    0.86340493 0.119600773 1.52818668 -0.0766607523 1.41010582
    0.811041534 0.570407033 -0.0160741806 -0.547822356 0.736631811
    -0.0676124692 1.62559593 1.23237991 -0.154018581 0.403160691
    1.57964516 0.258172214 0.918797731 1.14916515 0.709903181 1.61205781
    -0.482722759 -0.0955953002 1.18793058 1.37302971 0.129631042
    0.817223907 1.12024307 -0.123708189 -0.0424979925 0.727079928
    -0.525356591 1.50527811 1.48826027 0.155228436 -0.098264277
    0.895699978 -0.0249322653 0.987509847 1.42590559 1.26737928
    1.32941735 -0.173612803 0.472468555 1.08553982 1.17452037
    -0.491375357 1.45623863 -0.654441833 0.293103635 0.536377132
    1.46379995 0.55087465 -0.570418477 -0.491341174 0.395654202
    0.70740658 1.53770328 -0.227708131 1.08473468 0.0604000688
    0.929514647 1.18650866 1.06738615 1.25344372 0.11168462 0.480347693
    0.231715441 0.928445876 -0.40146181 0.747513831 0.267093718
    0.667425275 0.765827775 0.657108665 -0.12206769 -0.120028675
    0.210930526 1.24548006 -0.187744617 -0.290588558 -0.544555485
    0.915719032 1.65280032 0.501515806 0.143747389 -0.150927454
    0.941797018 1.19748902 -0.514869869 -0.0785466433 1.44983804
    0.415813088 -0.0599977374 0.883674979 0.544717133 -0.624880016
    0.462486207 -0.238918632 1.40757132 0.250593185 1.62471414
    1.52515769 0.199183881 0.731993198 0.656212568 0.573384345
    1.67223835 0.522016287 0.32807374 0.225647509 0.613396406 1.17982721
    1.34960115 -0.0240911841 -0.246056885 1.13993943 0.616855085
    0.920192242 -0.34535563 0.278664589 1.25054288 1.11929011
    0.0690782666 0.796415389 0.267460227 0.399409354 1.64420938
    0.66185236 0.0982268453 0.864325464 1.33318341 0.209231377
    0.987707615 1.15080619 1.63528931 0.00220245123 1.39132428
    0.778716207 0.434754908 1.16935992 0.281895041 0.0468358397
    -0.26043129 -0.553736985 -0.246023387 -0.106213987 1.32754862
    -0.186790198 1.60786521 0.116728246 1.3902719 0.867290258
    -0.635353982 0.0394598246 0.698881626 0.434837878 1.42653179
    1.62889993 0.37738812 -0.255513251 0.321958005 1.01800048
    0.829852879 0.530806005 0.585891306 0.927606821 -0.407166123
    -0.128195882 0.466175675 0.596680105 1.10870349 0.635416925
    -0.165249467 -0.244572997 -0.0328946114 1.60962367 0.578205407
    -0.265479952 0.90127486 1.58181536 0.757553995 0.989844143
    0.736535788 0.514282346 -0.211129159 1.47423673 1.46364117
    0.189377129 1.40028358 1.34375715 -0.605518937 0.953384697
    1.55569685 -0.354969203 0.423578441 1.39318836 0.520719469
    0.952323139 0.387795389 -0.387863368 -0.300759643 -0.31532377
    0.37863934 1.16312778 0.364155531 0.240529895 -0.34101963 1.61326993
    -0.666884899 0.769494414 -0.584717929 0.0368398428 0.553362072
    1.06001353 0.53161037 1.2344873 -0.278662413 0.782095432
    -0.174741298 0.629054368 -0.253455997 0.272946775 1.144171
    0.787265003 0.509758234 0.292465568 -0.228174597 0.23469919
    1.03399646 -0.448463321 -0.22292605 0.165970445 1.29926229
    1.02871919 0.867814422 0.728989899 0.561059356 1.16091502
    -0.161758721 0.376578093 1.43906224 0.092302084 -0.493401229
    1.32949162 -0.574748576 1.55301654 1.32629943 0.611235201 0.01410079
    0.960183501 0.250989556 -0.396747142 0.998688042 0.905939102
    1.64343143 1.15670097 -0.186198801 -0.332939923 -0.413546234
    0.903764844 0.946159363 0.18732661 1.55820179 -0.570308745
    -0.63310349 -0.350081503 -0.14454329 1.04116344 -0.235580266
    0.0785943866 -0.0539158583 1.01025653 1.31249619 1.38449776
    0.273813605 1.12072754 -0.268195331 0.12934196 1.30345201
    0.880316079 1.05687118 1.23558819 -0.0451904535 1.4805131
    -0.483735204 1.35182762 1.34000266 0.183960676 -0.381771922
    0.538228571 -0.104817569 0.0927934647 -0.421052814 -0.218132645
    0.962082267 -0.448904574 0.0546419024 -0.484965801 -0.56183368
    -0.414023578 0.913050592 -0.176785111 0.667885602 -0.0416702032
    1.34105659 -0.0369925499 0.187362075 -0.350412339 1.13612151
    1.60732496 0.705079734 1.15261173 0.0314468145 1.33138776
    0.619402945 0.191201508 1.38878632 1.2128067 1.38236356 0.312351763
    1.38954771 0.86866188 -0.553726971 -0.146145463 1.337008 1.29165399
    0.661082149 -0.0379273295 -0.0828427672 0.23675108 -0.487969518
    0.0499981046 0.479060948 -0.606874108 0.18092066 1.43875885
    0.392839193 0.579052627 -0.385013759 0.884075999 1.06132579
    0.371125937 0.89682889 0.0662798882 0.0595420003 1.1196363
    -0.281800181 -0.608694673 0.876130104 0.833644807 -0.0669589043
    -0.444816232 1.5541662 -0.174562037 0.406356335 1.55119967
    0.419713318 0.0674501657 0.877204299 1.17768657 1.62785709
    1.40790462 -0.527972758 1.01996827 -0.297302634 1.2051158 1.63047481
    -0.330148071 -0.448347837 0.96675092 0.925504625 -0.578215122
    0.943248332 -0.364390016 -0.105821908 1.4411819 0.942472398
    -0.137251616 -0.427809119 0.508999825 0.787176251 1.08142197
    0.602641463 1.44636178 1.34895611 0.102264643 -0.0791222453
    1.52310443 1.46959138 1.089396 -0.488723874 1.52543783 1.26860344
    1.23815596 1.52078533 1.68645287 -0.0440861583 1.15182841
    -0.585740268 0.280581355 0.508369505 1.2932663 0.148148596
    0.174812615 -0.446240067 1.10977638 -0.355893821 0.443929732
    0.147242069 1.33604002 0.269294679 0.955781341 0.40276587
    0.316948354 0.528901517 0.751066029 0.579947293 -0.314882696
    -0.435028493 0.0909476876 -0.477610409 -0.346804261 1.45862675
    0.105509996 0.26715529 -0.203375965 0.891184449 0.0433181524
    1.06537032 0.509970486 -0.261752158 0.459850788 1.16643119
    -0.369855165 0.777859688 1.16175139 0.236385286 0.576971114
    0.470760226 -0.0842936039 -0.302178174 1.30849957 0.585746288
    -0.559363782 1.57673061 0.392986536 0.167755842 -0.630022764
    0.449423134 1.1071949 0.377599657 -0.228812635 0.620334208
    0.755456746 0.119207203 0.655169189 0.453073561 0.340878248
    -0.397077292 1.66922784 -0.0867425799 0.748568058 0.398530364
    1.091043 -0.211472303 1.32006311 1.10812688 0.452213764 1.33798742
    0.56428349 -0.408331841 1.35377336 0.403569311 0.910733581
    0.510724127 -0.283937544 0.290910602 1.60497761 0.402882397
    0.847645819 0.0261387825 0.308461487 1.53978729 1.37765253
    0.997581363 1.64873171 0.27738452 0.762043715 0.00139409304
    -0.396694124 -0.264710754 0.657097518 -0.46624279 0.897743821
    0.664967895 0.241069019 1.02885115 0.725261748 0.370609999
    -0.217593998 0.106280267 0.636813641 0.57818836 0.58474493
    1.13221717 0.347509801 0.733207345 0.792596579 -0.447099447
    0.00264829397 1.16914725 0.951401711 -0.054705143 -0.126934111
    0.491119504 0.514151573 0.0263251662 0.210408866 1.53031194
    1.0236392 1.1811707 1.15542114 -0.625813246 0.241755188 1.41482437
    -0.58029896 0.608543396 0.0121899247 0.913739204 0.431773543
    0.454137921 0.667879283 1.05096078 1.54023087 -0.484761 0.201538146
    0.809485614 0.33216238 0.786255598 1.1163857 1.31472623 -0.603758395
    0.035402298 1.71310258 1.31381714 1.07555282 0.813930333 1.25992143
    -0.188629806 1.17398763 0.349101424 1.43245816 0.508944154
    1.22742558 1.40372872 0.629684091 0.231105804 1.44967091 1.05483282
    -0.404131383 -0.690333366 0.264247656 -0.106664121 0.0474642515
    0.523295164 -0.0969957113 0.759711266 1.10533667 -0.288892716
    0.0868467689 -0.0526605844 -0.410109997 1.05623102 0.577725112
    0.794207036 -0.422655582 0.56488657 1.44057393 -0.420596659
    -0.348157883 1.27582073 0.5563972 0.901980579 -0.452475786
    -0.525988758 1.14318001 1.48193169 0.475558579 0.258635104
    0.108647048 1.03264236 1.45211291 0.440002561 -0.571473062
    1.63518453 -0.530879498 -0.490924835 0.367628098 -0.0619364977
    0.122095823 -0.272810578 -0.545489073 0.928006768 0.773972094
    0.358219147 1.45432687 1.51248062 1.31645823 -0.240417391
    0.0822905898 1.27496481 0.602207839 0.294844091 -0.25522548
    -0.577459753 0.958110392 0.320654988 0.468101323 -0.082711637
    1.40377498 1.1761471 1.03532958 -0.201324582 0.605565965 1.44767594
    1.4344027 -0.197540522 1.50829053 0.544182062 1.59517682
    -0.184485137 0.119941115 1.17201662 1.32522666 0.220338881
    0.052590549 0.730793953 -0.194227606 0.829685628 0.365404487
    1.4275943 0.26768744 -0.581844091 0.0793612599 -0.173561811
    -0.335581124 -0.369273216 -0.482598543 0.351755679 0.762330472
    0.946912289 -0.381485254 -0.35828197 -0.00176519156 0.914598286
    0.835462987 0.754890919 1.37096012 0.679306328 0.758957565
    0.733634233 -0.618566573 0.523738265 1.22081852 0.427704811
    0.677493632 1.1188798 1.03126454 0.717302263 1.11615705 0.150805235
    0.418626308 0.837105989 -0.27093026 0.726847291 -0.364003778
    0.0806592107 -0.15944311 0.866965652 0.949039221 0.286836624
    0.500056028 -0.315273732 1.31066954 1.22858131 -0.0604617
    0.236521065 -0.369226664 1.11562395 0.945002079 1.36559772
    -0.182555139 0.171806753 0.311085582 -0.560190499 -0.239633054
    0.256727874 0.0958935618 1.2611227 -0.0979961753 0.749183357
    0.349101007 1.29608631 -0.448837757 0.458450794 1.0172708
    -0.120724142 -0.155076087 0.121606529 -0.48436299 1.21639228
    -0.43302229 -0.532443881 1.68706477 1.64502811 1.46588612
    0.259048641 -0.305452764 1.35472822 0.241574585 0.623264074
    0.0440248847 0.891977251 -0.348200798 0.76056838 0.109349847
    1.77877176 -0.308131278 0.427951306 0.501943707 1.63199019
    -0.424117088 0.17271769 0.240383625 1.08657217 1.41828966
    -0.264735967 1.56015027 0.82239145 0.9421857 -0.273154706
    0.682169974 0.944963753 1.23727906 0.260852993 1.19545281
    -0.290914416 0.333809197 0.744181037 0.312131405 -0.319867641
    -0.320191026 0.244018435 1.25623775 0.386819065 0.864750028
    0.532641649 1.19851315 0.414334655 0.475632906 1.07924473
    0.455044627 1.57571292 0.429801226 1.38020849 -0.128471375
    1.46641517 1.17823696 0.00422984362 -0.0674256682 -0.466075093
    -0.187486082 0.953978837 1.57041192 -0.575888455 1.24186814
    0.445164919 1.33273101 -0.667384088 1.49283171 -0.101322114
    -0.0866678357 0.818279266 0.591101885 -0.351030916 0.523591101
    0.380161762 0.984987855 -0.704146087 0.914231241 0.293196976
    0.792558074 0.894284904 0.504127622 -0.647761583 -0.476434529
    1.35189736 -0.335235685 -0.161252737 -0.154827058 0.909236372
    0.905172884 1.60954785 -0.516111553 1.26220465 -0.151701987
    1.46310282 -0.0202410221 0.799568236 -0.117017388 -0.624645174
    0.139624536 0.965662301 0.355521321 1.29878104 1.46490622
    0.256896615 -0.0469679832 1.37662673 -0.526201844 0.359405816
    1.50381255 -0.344291151 1.02892566 0.950945735 -0.691288471
    1.14473772 1.35751486 0.2275334 1.02490377 1.08482754 0.611467719
    -0.627359867 1.25778186 1.2982893 -0.567658544 0.0204787254
    0.532593906 1.18430257 -0.135601401 -0.437852442 -0.586450458
    1.47826052 1.47487414 0.77486068 0.994982481 -0.547381401 1.19862914
    1.06165266 -0.286569595 0.365171611 0.304514468 0.730612874
    0.693130195 1.56362796 0.795125246 0.127313793 0.355595827
    0.375509202 -0.521772623 0.680485368 1.51446652 0.28417325
    -0.167124093 0.357159674 0.259285629 1.64341664 1.4173497
    -0.486117125 1.37415385 -0.180918872 0.445931554 -0.507958829
    -0.648074329 -0.441566199 1.5327419 -0.0192751288 0.335331261
    1.48613071 0.946974635 -0.669196665 0.027623713 1.48386788
    -0.026356101 0.552803516 1.03630829 -0.210659117 -0.613287151
    1.0152669 0.511817336 0.472146451 0.687675655 -0.614137173
    0.542836487 1.08091605 0.81927669 -0.00115829706 0.078928709
    0.785551369 -0.0669311285 0.178614676 -0.535427153 -0.393564641
    -0.0252661109 0.756101847 -0.405963153 0.632157683 1.12561893
    -0.357675761 -0.606811345 0.241227567 0.164770484 0.735765219
    -0.191729963 0.538959265 0.394608438 0.60032028 0.522494912
    0.561548889 -0.326388896 -0.250374198 -0.485744596 0.633584201
    -0.110854924 0.478461444 1.06402683 0.813088179 -0.0707689524
    0.597686708 1.18080878 1.52390265 0.058093667 1.29939628
    -0.0293764472 1.68346572 0.576384127 -0.444831401 0.666094422
    0.930915594 1.61717439 1.05398393 -0.457563192 -0.620645642
    -0.595364988 -0.0821085572 0.802964509 0.0752975941 1.07588196
    0.231665313 1.24239814 1.35276175 0.442717254 0.0658031106
    0.93182987 -0.209850311 -0.417882055 0.350014389 1.69893765
    0.321086347 1.02338839 0.385514021 0.528140068 0.619484067
    1.22926331 0.275264263 -0.539015412 -0.374950111 1.29386985
    0.164525986 0.992671788 0.717351496 0.86377722 0.325447083
    0.430962265 -0.540426612 1.27632809 -0.121944487 1.03159928
    0.195789993 -0.345304966 0.574071288 1.2011795 0.781123161
    1.08418357 1.38473988 0.132175446 0.495830476 -0.0731185973
    1.45147336 0.269121587 0.751009524 0.404942274 0.49924165 1.21386337
    -0.0678382516 1.0909977 0.336547315 0.852955818 -0.452447206
    1.42233336 -0.297745883 -0.0501306057 0.303050935 1.51255035
    -0.00857293606 -0.680764079 -0.196218073 0.833481967 0.585063398
    1.50196481 0.318395376 1.48944032 0.188666105 0.630436718
    0.291119099 0.152218759 1.53991652 -0.223235071 -0.647491038
    0.671251297 0.974002659 0.252397299 -0.563177824 0.431093156
    -0.617453635 -0.230509996 0.722356439 -0.198825926 0.176654637
    1.2857101 1.43619049 0.971964478 1.20809901 -0.630237818
    -0.359209806 -0.145796895 -0.558492362 0.779522002 0.303222239
    1.31359708 -0.350185543 0.195615411 0.0866095424 -0.484860957
    0.895747542 -0.495970786 0.832979441 -0.300333202 0.641279697
    0.850059092 0.815582097 0.685496926 1.09927464 0.877795815
    0.564825892 0.420360088 1.06008959 -0.522900343 0.990124464
    0.891217113 1.36285782 0.432842553 0.183763504 1.5374074
    -0.477056861 -0.0148913264 -0.0324418545 0.945384085 0.197607279
    -0.598245561 -0.284431875 1.3787508 0.875242591 0.484629512
    1.28430676 0.956417263 0.651470304 -0.381390423 0.647263348
    0.827565253 -0.543344796 -0.431631297 -0.340775162 0.153379917
    -0.208265871 0.627867222 0.224126518 1.27978313 -0.123660028
    -0.28006655 0.109678745 0.811719775 0.0357658267 1.49326205
    0.454716861 -0.260722429 0.782735229 0.49487561 -0.368492246
    -0.429356277 1.50093067 -0.159396827 1.51713216 -0.653560698
    1.18673944 0.203245819 0.995936513 0.888432264 -0.578582287
    1.60808599 -0.470901251 0.612808406 0.894880295 1.06598854
    0.468381584 0.625821054 0.944852114 -0.544478118 -0.276463658
    0.404449284 0.705091774 0.185060799 0.18250668 1.13296807
    0.219703496 0.229471147 1.39671433 0.829899788 0.200228274
    -0.3519319 1.3437655 1.41394782 -0.270328969 0.0645371079
    -0.330720931 -0.384614319 1.39135098 0.745355189 0.0216470957
    1.2103492 0.44507736 0.58411777 -0.262637645 1.01931906 -0.204283416
    0.129380703 -0.62445116 0.973977804 0.553327024 0.819088995
    -0.16056022 -0.535960078 -0.54595387 -0.478920281 0.572638154
    1.31554818 1.18217623 1.55253196 0.976200283 0.112853944
    -0.637738287 -0.314793646 0.0270397067 0.283539236 1.10541415
    1.50005364 1.52150488 0.887168944 0.021068573 0.570399165
    0.801537752 1.64619887 1.1121161 1.37637818 0.817437649 1.56876874
    1.31390262 0.111225784 0.615893781 0.868666887 0.943792522
    -0.364079982 0.592732489 0.0774667859 -0.0605544448 1.5822525
    1.21438742 0.194476426 1.47033763 -0.300257504 -0.306969702
    -0.408051491 1.29442418 1.05406046 0.755129933 -0.350924432
    0.664104164 0.931656122 0.936267793 0.662855744 0.360093236
    -0.290222824 1.38963532 -0.562909484 0.966504514 1.07078969
    1.56890297 0.941844881 0.366901457 -0.18318814 0.769854724
    -0.164091021 0.270136178 -0.503378332 1.04998732 0.929218709
    -0.204251021 1.09088659 1.55488276 1.28435969 0.51192975
    -0.627074361 -0.559320807 0.258775949 0.087603271 0.0295611024
    1.05731654 0.13101393 -0.373815179 1.0657413 0.457581639 0.538717449
    1.11155641 1.54722214 1.26096785 0.597015083 1.40392232 1.12643719
    1.49909055 0.576011419 0.750534534 -0.317657053 1.07373118
    0.104231238 1.41432309 0.500640035 0.937458932 -0.485499203
    1.47193313 -0.615193844 1.31827438 -0.320210278 -0.371123761
    0.412165165 1.00537682 0.553459883 -0.565185785 0.720173061
    1.50854146 0.886983275 1.19898009 1.31353128 0.224677145
    -0.278191179 -0.478721976 -0.277658075 0.226784527 -0.235765696
    1.06487823 -0.729785323 -0.427719921 0.904922426 0.715055525
    -0.280556142 1.30042541 0.851419687 1.17493546 -0.0727755427
    -0.394157887 -0.578751862 0.597251534 0.960037351 -0.173217773
    1.02523208 0.43020618 1.26413798 0.231569052 0.316189051 0.86788255
    1.07507539 0.9037292 1.5323832 -0.096185267 1.2393682 0.274470747
    1.28576732 0.296486378 1.46118283 0.57209754 0.112954259 0.438704193
    0.586506009 0.0651955009 0.576801062 0.0454525948 0.288286328
    0.441308081 0.00352948904 -0.0813928246 0.608293355 -0.0321292877
    0.40789032 0.874803007 -0.451130748 0.978351891 1.48501456
    0.0351967812 0.683972657 -0.133413553 0.0245935917 0.45569241
    0.188513219 1.30554223 -0.268351853 0.988230944 1.21979272
    1.16008115 -0.142262638 -0.334447771 -0.211102247 -0.460152388
    1.51694536 1.32052922 0.885121405 -0.0365163088 1.12176085
    0.228967726 -0.388817757 0.244126439 1.47439218 0.236960232
    1.15237021 -0.662442505 1.46272504 -0.328806013 0.432579219
    1.59059286 1.59208751 -0.485640377 1.54329228 0.124022245
    0.215378404 0.174576044 0.666425645 1.06525505 1.55212951 1.40441608
    1.56882334 0.493587255 1.47460556 -0.0984191298 0.533657432
    -0.493571639 0.504592359 -0.4028337 1.06162632 -0.548351049
    1.00198579 -0.123801708 0.330667794 0.293370187 0.893995821
    0.173166096 -0.431890011 0.948075831 -0.0228694677 0.879401267
    0.585086405 0.0306902528 -0.26929605 0.204751968 -0.543036699
    1.15743804 0.442984283 -0.581183612 -0.0853337646 0.73973
    -0.146218002 0.41246736 0.719184816 -0.376910746 -0.481127858
    -0.153993309 -0.436109096 1.45581841 -0.32808736 -0.351085126
    0.564390063 -0.0738673806 1.08056927 0.160435379 -0.268186808
    -0.175841838 1.14917314 1.25150979 -0.133923441 1.11589444
    1.04214406 1.00828803 -0.357943892 1.33625865 0.845306873
    0.924660444 0.247280598 1.57840919 0.567684412 0.882732451
    0.233764589 0.0232595205 -0.219907135 1.1072011 0.031704545
    1.28418696 1.03731251 1.2374692 1.58149314 0.460176766 0.442801595
    0.281294107 0.101861954 1.02748513 -0.54187274 0.328687549
    0.701847851 1.05453181 0.597801626 1.11377931 -0.18431887
    -0.432482183 0.658876657 0.0142577291 0.255126119 -0.433731675
    0.152035177 1.17506266 -0.477711767 0.252129257 -0.59602052
    0.332869232 0.748840034 0.756026685 0.132475495 0.166898787
    0.858876348 0.567272782 0.207923353 -0.507575631 -0.344481826
    0.98387301 -0.0807057619 1.41221476 0.276901066 -0.202956498
    0.662403464 1.01262307 1.13222015 0.867897332 -0.290567577
    -0.60748595 1.39790237 0.163906455 1.30745482 0.575422764
    0.906491876 -0.416566968 1.3141675 1.05179727 0.694514394
    0.874875367 0.967304051 0.441116154 1.13458133 0.637646973
    0.0560623407 -0.243765116 0.714736402 1.05345154 0.92276901
    0.447248161 1.00202155 1.63131547 0.516510844 0.795706809
    0.569020629 0.562554598 0.636186838 1.51701784 1.60176969 1.30026424
    0.750516713 -0.384984016 -0.167252749 0.0907004476 1.21688581
    1.15032232 0.260376096 1.34326005 1.01701856 -0.203591794
    0.160766661 1.56276572 0.192820251 -0.327962607 -0.0885613561
    -0.0792714953 1.3131187 1.43798792 1.19386065 -0.0997567773
    1.19640207 1.50613582 1.16038752 0.977262855 0.96701014 0.554237008
    -0.655044079 1.01518261 -0.520590723 -0.0671136975 0.460451424
    1.51655841 -0.470855772 0.920742273 0.0414412618 0.509976089
    1.32638657 -0.612942696 1.22358716 1.32253397 0.784799337
    -0.0303199887 1.18240952 -0.0420671701 0.903662741 0.235824049
    1.28436899 1.27290165 0.518161535 1.35284376 0.718748391
    0.0493970513 -0.127902746 0.21140033 0.0284687877 0.260530055
    0.179252505 1.57517457 1.24797869 0.347663283 -0.28472802
    0.933746099 -0.339955956 -0.062751174 -0.67826438 -0.651335418
    -0.503065586 0.846990108 -0.0539798737 0.949075818 -0.45279482
    -0.455480516 -0.500115216 0.529297709 1.44877195 0.775455713
    -0.0279470086 0.930230856 1.48584986 -0.446697772 0.0931393504
    -0.0534522533 0.99457407 0.730360806 0.193550229 -0.495849729
    1.17807531 0.0766581297 0.501071692 1.14593005 0.50519067
    -0.678491414 -0.418451637 0.0542663336 -0.632581055 -0.152020276
    0.488508999 -0.265532076 0.417812824 0.969636202 0.298866093
    -0.15140444 -0.590426803 -0.165270329 -0.108592629 1.17623198
    0.305273533 -0.544148088 0.710808039 1.514153 1.63000309 0.643920183
    1.56627738 1.44458795 -0.150256872 -0.0443395972 -0.04866606
    -0.181377888 1.06378436 0.21830982 -0.0700008869 -0.240669489
    1.09219217 0.261460423 0.766462684 -0.257536113 0.849900901
    0.166329801 -0.303169996 1.02705526 -0.0237372518 1.41887689
    -0.313437134 -0.168565273 0.945584357 1.49020112 1.63931334
    1.31612897 -0.402692765 1.32854414 0.990470648 1.32498932 1.42266345
    1.04831195 0.631449997 0.999653816 1.05929244 0.514862895
    0.00311201811 0.397020996 -0.431171298 1.05164921 1.41843057
    -0.093675971 1.07677436 1.13982391 0.945278704 0.955307186
    0.967890263 1.4267 1.43696451 0.68881315 1.28201914 0.740379214
    -0.407706022 -0.0718812346 0.987906814 0.0299476385 1.15938365
    1.29963088 0.368344605 1.64671242 -0.587782145 0.212511361
    -0.239568412 1.42398238 1.37162185 1.2256968 -0.531621516 1.67332959
    0.603808403 0.578750193 1.07822657 0.608096421 -0.10104233
    -0.276348978 1.0202415 0.613558352 1.44671893 0.182420254
    -0.500005305 0.382075489 1.00494456 0.346525669 1.16474044
    -0.402144432 0.812684715 0.222661436 -0.547948956 1.55789149
    0.934338808 1.13481617 0.549136043 0.431148648 0.547951937
    1.30505824 -0.148408502 0.521832883 0.310953975 0.726364553
    1.07987833 0.895218313 0.92287153 0.38536185 1.20712209 0.867690146
    -0.245246023 0.0784891248 1.6963799 0.708899498 0.18764329
    0.923356116 -0.42638433 0.297548234 -0.323256761 1.23325205
    0.721366227 -0.169035763 1.33683443 1.220191 1.07900381 0.162024081
    0.36818707 -0.432467997 0.678337753 -0.395264775 0.532978415
    0.220687866 0.153678477 -0.513581634 1.35656428 1.24705517
    1.52761161 1.64003038 1.30210006 -0.333514184 0.819470406
    -0.0014321208 0.222773254 -0.546918869 1.4444052 1.7879132
    0.867975771 -0.0434969664 0.550910771 1.5163517 -0.0640046
    0.563075244 1.05320692 -0.387070298 1.60609293 -0.224124968
    1.17832446 -0.33595252 -0.0179844499 0.179113686 -0.57335937
    0.14132148 -0.296218395 0.393604219 -0.519427001 0.734472156
    -0.607010305 -0.1185444 1.57173359 -0.142759979 -0.726217449
    1.34243536 1.34663558 -0.328809857 0.625850558 1.26157379
    -0.0522425771 -0.352829188 1.13274932 1.33331895 -0.438597888
    0.966908097 0.166091084 -0.000709295273 0.689765632 -0.358766466
    1.10616136 1.49173617 1.2877028 -0.125572979 0.973074079 -0.43230769
    0.639252543 1.06292057 1.29673815 -0.643231332 -0.42579326
    1.32004595 1.1433239 1.10601139 0.726984918 0.683027625 0.410675824
    0.103538632 0.642564893 -0.115464747 0.954248488 1.18354523
    1.42790508 0.549933434 1.09019089 0.131386697 1.08584857 1.64189446
    0.789577365 0.0749556422 1.16032219 1.24247563 0.689008832
    -0.595910907 1.34692907 0.516624153 1.55557346 1.35319781 1.08812761
    1.32374299 1.15088832 0.27450043 1.495965 1.52081013 0.358413815
    -0.267807573 1.55092263 1.35672605 0.0700389743 1.62952769
    0.0998792052 0.86549437 -0.506825268 0.861160934 1.38038993
    0.615236878 -0.408093721 0.485079229 0.931314826 -0.458632886
    1.18811941 -0.0058734417 1.28898835 1.29872382 0.151771128
    1.45129824 1.27555752 0.756150424 1.52788782 -0.609140337
    -0.217196137 -0.641941726 0.341158569 1.50580812 1.25493884
    0.2662251 0.590489864 0.947299063 1.33031583 0.0537045002 1.00374055
    0.150379837 0.700002789 -0.231575131 -0.609920263 0.517279446
    -0.328961372 0.281601429 0.568592429 0.499916553 0.124755085
    0.297016084 0.675512433 0.37556237 1.07008362 -0.398560584
    1.29553676 1.40724635 1.49219394 0.0713053346 -0.00825238228
    1.58366179 -0.153879762 0.646332502 0.150812089 -0.127956986
    0.608045816 -0.387380779 1.35897934 0.974444151 -0.0289308429
    -0.168593228 1.42819571 1.0057621 1.36117649 0.012280345 0.877406001
    1.40821457 1.24978638 0.907594264 0.759613514 1.41312551 0.792971909
    0.859030485 0.731441021 0.622365654 0.393812001 0.746823967
    -0.190622687 -0.0717416406 1.01045918 0.892658412 0.890715182
    -0.540972054 0.677576602 1.2396009 -0.334405929 1.35155749
    0.945507109 0.718761563 -0.591342747 0.31624639 1.21396017
    -0.472055376 0.181740046 -0.215568721 1.64033246 -0.293937087
    -0.196784198 1.43451679 1.31959081 -0.0516229868 0.482419431
    1.11139929 0.274955571 0.0470070243 0.767280161 -0.545811653
    1.30216026 0.411098123 -0.352532506 -0.403175056 0.697257876
    0.236824334 1.03913689 0.626908422 0.266675293 -0.600311041
    1.26912045 0.212155044 0.908583105 0.397813618 0.516686916
    1.34275961 1.51071858 -0.511757374 1.20296812 1.64342868 0.149492681
    -0.0696104765 0.541984022 1.67689693 0.436498404 1.14080977
    0.336502373 -0.00947892666 -0.0596639514 -0.179451257 1.13769555
    -0.406177789 1.41277754 -0.60723114 -0.0959202647 0.959314585
    -0.0470535755 0.967149615 0.280594349 1.62352467 -0.616739869
    1.09256744 0.943333268 0.225503683 0.548982441 -0.259300798
    0.348123133 0.798638403 0.212069511 1.50401163 -0.534859955
    0.485037684 -0.167126298 -0.409385443 0.923737109 1.45663595
    1.7804656 -0.391823977 1.40742493 1.8734951 0.663391113 0.84275949
    0.966500998 -0.396391004 -0.421403289 1.30098867 0.488946557
    0.596905708 -0.657288671 1.5017699 -0.571821809 1.14693391
    -0.260154009 1.48792803 1.29511118 1.52965593 0.198525012
    -0.378768176 1.26126671 0.761243045 -0.148837268 0.653042674
    0.888823152 1.00954914 0.199254572 0.308390498 1.0538764 1.23524952
    1.32177782 0.728152931 1.3056221 -0.0808102489 1.05480313
    -0.136003315 1.41095996 1.01421833 -0.0223988891 0.610408604
    0.754264593 0.841333508 -0.25954178 -0.587096751 0.186733663
    1.37955081 -0.295674771 -0.271581769 1.20407176 -0.395783365
    0.838732421 1.06699121 0.8610273 -0.515277743 0.846631885 1.30135334
    -0.0830269456 0.547290206 0.986766934 1.111027 0.416555464
    1.24901867 -0.668879628 1.52580416 0.334517181 1.63764286
    -0.0550333858 0.603356779 0.796604335 0.821079075 1.57168663
    1.64678979 1.15187073 1.52499723 -0.188535333 0.393722534 1.45872188
    1.25740016 -0.681728125 -0.100676417 1.17730021 -0.583597124
    -0.251296967 -0.0495833755 0.763671815 0.684965074 0.0169207454
    0.793726265 0.655756414 -0.695344329 0.803638339 1.13626349
    1.40546083 1.3731885 0.512147605 1.5641861 1.46901155 1.28159261
    1.48045099 0.460976243 1.21835351 1.22990417 0.482402802
    -0.155781746 -0.545881927 -0.285156101 0.144391239 0.275078654
    -0.295104951 0.59076637 1.31095445 -0.0832365751 1.15308332
    -0.200198561 1.50027514 0.639168203 1.29548979 -0.223155648
    -0.0787533522 -0.312041372 0.382929146 -0.622768223 0.723218739
    0.48756969 1.29011929 0.828771889 0.347719133 0.885934412
    0.814327121 -0.545438528 0.951686025 0.535366058 1.05790544
    1.58097208 -0.0143812299 -0.155121207 0.38416642 -0.222824901
    0.711212158 0.585475564 0.552132428 -0.046004355 -0.111183107
    1.23964357 -0.416416317 0.394433677 1.09036255 0.202558815
    1.33298433 0.318261862 1.3543334 0.213544488 0.324265301
    -0.404803693 1.61125517 1.45658994 1.57651055 -0.322420597
    -0.485531569 1.55617785 0.98243171 1.1444025 -0.18799001 -0.59996444
    1.61562073 0.367405176 -0.549160421 0.884102166 0.96045357
    -0.183308005 -0.0650788546 -0.40885222 0.190790951 -0.445620298
    1.52529621 1.25209785 0.848883927 1.42821765 -0.390863806
    0.256720126 0.481681764 -0.50633496 0.151849806 0.449887574
    1.20932448 0.551190734 -0.562369287 -0.672662199 1.39227104
    0.746759534 -0.358394325 -0.6567204 -0.121416926 0.317501366
    0.835749567 -0.555795074 -0.175927818 0.329665005 0.819237053
    0.864880264 0.73117286 0.837117016 -0.235046446 0.463800728
    -0.0331724286 -0.459783584 1.13776755 1.12178004 -0.277053446
    -0.184194863 -0.142761409 0.48164928 1.45106196 1.00322962
    1.13087845 -0.620183468 1.54447675 0.691613734 -0.0477815866
    -0.0747946501 -0.301804781 1.56449401 0.236120999 1.16208065
    0.953526199 -0.640147626 0.94860673 1.21908021 -0.299017876
    -0.555690229 0.890238822 -0.335773319 0.0239365697 -0.341815174
    1.19303417 1.19260347 1.24923635 1.64135289 1.61858273 0.0380112529
    1.34658337 1.41746569 0.442484379 1.02113628 1.43668056 0.664755583
    -0.486737728 0.10882324 0.0125969052 0.871554255 1.25653172
    1.56793964 1.68011832 -0.172867566 1.25953245 0.196955532
    -0.18735835 0.435094953 1.68098497 1.2880311 1.5862838 1.02382362
    -0.557288051 -0.463126123 0.271196127 0.940489709 -0.409222335
    -0.374238074 1.47822964 0.638957024 1.00546384 -0.525753915
    -0.517913461 0.804846346 1.47497797 0.662935793 -0.343952149
    0.45166111 0.965500772 -0.640225708 1.16503954 1.11823857 1.45266986
    0.682653487 1.36706185 0.563039482 1.42089427 0.741361856
    -0.0769838095 0.968175471 0.352993906 1.39317143 1.10832143
    1.50414634 0.479274929 0.42436564 0.208009183 0.772498965 1.57894599
    0.185171604 1.22945499 0.921244979 0.312987804 0.125196636
    0.493983924 0.17449832 1.33703589 -0.166905761 1.29705656 1.4439714
    0.912873566 0.918456674 1.06182361 0.328020751 -0.0743898749
    1.40922689 0.835666656 1.08662438 0.816694021 1.42497563 0.845928609
    -0.365624368 -0.0225375295 -0.286983192 1.12404394 0.394159019
    1.59927821 0.425967097 -0.413882494 0.439437091 0.747649193
    1.31054282 -0.0412006974 -0.12270385 0.938200653 1.40506792
    0.400683999 0.767541528 -0.294146568 1.58432341 0.0822779536
    -0.241232514 0.510359347 -0.296011657 -0.672607839 -0.43144241
    0.957042694 1.25794816 1.50818396 0.462715328 -0.199151158
    0.324827731 0.87220633 0.480989039 1.09937596 1.48631573 1.54947782
    -0.486828268 1.3870275 0.707132161 1.45562625 1.58177972 1.02778316
    -0.38353619 1.23336244 0.670822918 -0.181178749 -0.277420372
    1.13485289 0.450681508 -0.357436389 -0.285536468 1.34224629
    0.495987833 0.564731956 -0.241077095 -0.266769558 1.0532155
    1.10855317 1.08551359 1.1212635 0.958346367 1.14693093 1.22237647
    -0.221115559 1.60554099 -0.088095367 1.23531413 1.56770635 1.4695313
    1.46927595 1.39463663 0.948852897 1.2490499 -0.479447782 1.04207599
    1.23803079 1.58738923 0.15632081 -0.15405643 1.32191122 -0.633077562
    1.62114525 1.36371565 1.22486329 0.81404376 -0.139974654 0.47816354
    1.04570627 0.883831084 0.840781868 -0.451768786 0.235786736
    1.26099706 -0.577425003 -0.297930628 0.911429167 0.234610677
    0.583812952 0.0494942069 -0.565429389 -0.113137931 -0.317577481
    1.1877532 -0.598481059 0.241927624 1.65290534 -0.23127684 1.28793883
    1.06724763 -0.62530154 1.32821751 0.0478576422 1.28070498
    -0.0407524705 0.859514534 -0.588944495 0.937858164 -0.0901676416
    1.56091297 0.737074912 -0.564260483 -0.514621615 0.815269947
    0.172918141 -0.457323521 0.725490391 1.39915323 1.44641495
    0.782128274 -0.554325104 0.475689948 0.75560379 0.888480186
    0.300033391 0.702235997 -0.239188701 0.517888367 0.119395733
    1.68304276 0.453864336 -0.218263 1.32229459 1.51445067 0.806260765
    -0.300358564 -0.347632587 0.593341529 0.751123846 -0.0218028426
    -0.518280983 1.23011792 1.22059166 -0.575273931 -0.501254916
    0.22376287 1.45541334 -0.615801752 1.18114293 -0.458793819
    -0.171148449 -0.529531658 0.798670471 1.59279025 0.804226339
    -0.29192245 0.905174673 0.195570707 0.515198886 -0.150175631
    1.09608269 1.56634855 1.1842736 0.841266453 0.648991466 0.603197753
    1.41012824 1.07564616 -0.401636124 -0.626771033 1.5460484
    -0.32152757 0.693907559 1.25034261 -0.565151989 -0.629417956
    1.09510851 0.650060654 -0.390901983 0.376568556 0.984648228
    0.494883597 0.205334306 -0.0129572451 -0.0782433152 0.536869168
    1.01845932 0.908833802 0.0580906272 0.542090714 -0.280564725
    0.766537309 0.349755943 0.272359014 1.16801786 0.402890265
    0.825098157 0.262123525 1.50308216 -0.233512551 1.32344222
    -0.185490161 -0.608624816 0.804376721 1.55433941 1.57167721
    0.549149036 0.760590374 1.03893054 1.32561827 0.429790199 1.48560441
    0.484995544 -0.0179815292 -0.444026858 -0.138193667 -0.0741177201
    -0.0897179842 0.431359053 0.892893493 0.23229599 0.741072893
    1.49355829 1.20703149 -0.0463114977 1.40071356 0.764164269
    1.02827644 0.152151346 1.37442052 -0.182553947 -0.279136151
    0.345632672 -0.484297514 1.08951366 0.424364567 1.18905997
    1.33211112 -0.40407601 -0.174431682 0.873755872 0.127963364
    -0.0440186858 1.44057965 0.261757612 0.443751812 0.99355644
    0.554644406 0.158079505 0.219890535 0.81025809 0.706422269
    0.94528687 -0.13758707 0.421073377 -0.478952169 -0.547143459
    1.09352803 0.204017162 -0.564111292 -0.649079561 0.242497087
    0.51711005 0.874920607 0.35207355 0.590356529 1.58061528 0.211595953
    0.189528286 1.04972768 1.46198344 -0.198931664 0.876553774
    0.283701837 1.13515711 1.21373522 -0.70276773 -0.235512316
    0.542087257 0.932060838 1.4844768 0.925092757 1.02802753 0.432854891
    -0.121514618 0.227735758 1.34877348 1.25868857 -0.267606139
    -0.577816367 0.857667804 1.09148204 -0.192570627 -0.313716233
    -0.0249197483 -0.513077378 -0.206457645 0.111106694 1.54926157
    0.0212640166 0.440062523 0.564425707 1.42681885 -0.103938222
    1.13467801 0.678534806 0.442840099 1.36940444 1.49995506 1.55677724
    0.662218392 0.0558536649 0.0843238235 1.5618248 0.494626641
    -0.561559796 0.156762302 -0.242691189 1.26705396 1.43822527
    1.02810574 -0.166882157 0.319017589 -0.394290209 -0.65675658
    -0.657371342 0.181221426 -0.589340985 0.122152686 -0.104833126
    -0.266678095 -0.174408376 -0.473074257 1.31201744 0.0323808193
    0.0630370975 0.698258638 1.21207821 1.14520156 0.532358408
    1.27192211 -0.595836461 1.59013033 0.196269512 -0.404582024
    -0.311494768 0.833964884 -0.48483178 -0.420259804 0.872405529
    -0.196443975 1.605407 0.151416779 1.2626543 -0.101219952
    -0.0511785746 0.042961359 1.64338684 1.43604636 0.734597325
    0.754959464 -0.366292149 -0.106993198 1.44849086 0.0557162762
    0.793233514 -0.0124565959 0.432529092 0.531055391 1.57694519
    0.0944328904 -0.612038016 -0.101337552 0.565789521 0.791597247
    0.178485692 0.697491586 0.879886806 0.785550892 0.289572954
    0.153776705 0.216312408 -0.078022182 1.27460408 1.09748244
    1.60740638 0.40424341 0.632415235 0.0639498234 0.533248544 0.1847983
    1.65166032 0.604997754 -0.036565721 -0.357952327 0.27470386
    -0.53947717 0.779888988 1.17544627 -0.14283812 -0.116331458
    0.129336774 0.487537801 -0.402725697 0.917975903 -0.210464299
    0.0926886201 0.355962396 1.04643369 1.48691332 1.01871777 1.68419766
    -0.419297814 0.226999462 0.532605469 -0.326267868 -0.402630955
    0.200717568 0.0396512151 0.453379452 0.495917559 -0.635056674
    1.58113194 -0.216031194 -0.43440783 0.0666081309 -0.261302948
    0.824147165 1.20834827 0.168350816 0.76635325 1.28839207 1.3958838
    -0.18604964 0.618132472 -0.490317523 -0.195956945 1.77228749
    0.317578614 0.883152127 -0.418655217 0.439451039 1.62241578
    0.957589924 -0.5401299 0.7875157 -0.312033921 -0.0476061702
    1.59268808 -0.0518603921 0.956107557 1.5120945 -0.429093361
    0.402592421 -0.121050239 0.57355988 0.697612882 1.03214526
    0.27171886 0.634769678 0.516228497 1.23105311 1.39376426
    -0.127195835 1.04505932 1.53560114 1.44314146 -0.619033098
    0.509422421 1.11615598 -0.326445043 1.38091886 0.370923817
    0.560043573 0.932669997 0.472806394 -0.238806963 0.516599536
    -0.578517437 1.21652806 -0.382299632 0.0278044939 0.122229815
    0.944157898 -0.407798409 1.24951863 0.944641769 0.878667355
    1.24115181 1.18880296 -0.150816083 0.949107468 -0.201176047
    0.470093966 1.47161186 1.54609585 -0.559421062 0.334756076
    1.57477784 0.0744621158 -0.0130199194 1.59619737 -0.659184992
    0.1383937 1.20418239 0.88460356 -0.501035094 0.206524551
    -0.345599383 1.0338552 1.4092164 1.03503954 -0.434352368
    -0.463060468 0.118339658 1.55814171 0.012347281 0.388664484
    1.52996778 0.738965094 1.09472597 0.358709276 1.02041268 1.50084043
    1.18547034 -0.188950717 1.05083489 0.514889121 0.401323318
    -0.359824717 0.204551101 0.285865426 0.671845734 0.662982285
    1.18900347 1.53586054 0.188812673 -0.281470925 0.35552299
    0.901944757 -0.677285194 -0.0337094665 1.13919961 1.08675933
    1.5812037 1.06870627 0.31652087 0.362964034 0.201766372 1.65254474
    -0.566955984 0.951492012 -0.185760915 0.935410202 0.925238192
    0.0794480443 -0.579083622 -0.321531504 0.788280964 0.168012857
    0.0686745048 -0.191912472 0.427788377 -0.551056027 -0.180500925
    1.05004537 0.736689448 -0.37501815 1.2614994 1.09580779 -0.571638942
    1.42955983 -0.165598214 1.1727773 0.508082271 1.00688529 1.05856681
    -0.333326608 1.11758149 0.876152337 1.21227562 1.57109046
    -0.247989297 1.08911228 -0.0657669306 1.28057444 -0.198804945
    1.10448754 -0.44306004 -0.150142908 1.29494596 -0.67718941
    0.895153105 0.786972106 1.49059069 1.16458344 0.752324879
    -0.251837879 0.959339917 1.42768931 0.556534111 -0.330893487
    0.754459202 1.67990184 1.28771186 -0.397899866 1.02431035
    0.298529685 1.50559855 -0.131865621 0.0205491185 1.04398322
    1.19750702 -0.517497063 0.706385016 -0.582539201 -0.662957549
    -0.0412703156 0.741611898 -0.196150571 0.280786932 1.18516755
    0.0961553454 0.487621248 -0.0910041332 0.949502707 1.34996915
    0.46167022 -0.0748843551 0.14285022 1.50129414 0.32327354
    -0.0845754743 1.01996851 1.31632209 -0.39928937 0.419627368
    0.227007329 1.62544513 0.271038175 1.24543357 1.47762406
    -0.518580914 1.10409081 0.657129824 -0.61548686 1.48064673
    1.50895977 0.601763546 0.615485132 1.23435938 1.15280581
    -0.241164237 1.15336752 -0.390419692 1.03631401 0.767930388
    0.307719469 0.993740261 0.838916063 -0.463408351 0.707379818
    0.648333371 -0.376097798 0.515011251 -0.177836478 1.21503091
    1.11124539 1.65856552 0.719065249 0.317511737 0.782136202
    0.785789847 -0.213563859 0.360660672 0.245939672 0.578532934
    -0.149746299 0.771611869 0.350814641 -0.140721083 0.622755587
    -0.46903345 -0.300325245 0.713759184 -0.272372633 0.356373608
    0.301919401 -0.658994675 1.60100937 -0.452403665 0.980527818
    1.71848023 1.09657872 0.760705948 0.885070562 1.11057663 1.04632092
    0.984173059 0.493898451 -0.263599008 1.35407972 0.720286369
    0.41168195 -0.36196655 1.65387034 1.54544997 1.5433048 1.5755589
    1.51922345 0.263237596 0.181816161 0.803327441 1.55996776 1.41346765
    -0.390735626 0.252543092 -0.662335455 0.823904812 -0.57370162
    1.16255081 1.26182508 -0.148740828 0.0738782287 0.623849452
    1.34433591 0.871936977 1.23893297 1.28157139 -0.621100843 1.27464688
    -0.21601814 1.45105338 1.13799 -0.0352361798 0.903828621 0.842480302
    1.10056388 1.10016787 0.570249319 0.567309439 1.25758934 0.43742919
    0.834443152 1.04318976 0.755822718 -0.52834934 -0.176662982
    0.505342841 0.105408669 0.934654713 1.43539953 1.15015244 1.41554022
    1.20623517 0.4485901 -0.378646076 -0.223523766 0.496844411
    0.887977779 0.200068712 0.318416595 0.450149834 -0.573738217
    -0.102326214 1.03206587 0.789058626 -0.134819031 1.41743994
    0.581526875 1.53559732 0.420107901 -0.343394667 0.240378141
    0.269309819 0.767575145 -0.536064446 0.431442559 -0.252800733
    -0.0271345377 1.34478712 -0.583194494 1.47924268 -0.482284367
    0.110965133 0.940737844 1.38786769 1.47863102 0.992445648
    -0.549095988 0.629789531 0.253929436 0.561770141 -0.516588509
    0.553581119 -0.575719714 -0.514882088 0.163130999 0.244549334
    1.45940208 1.4492321 -0.583708227 1.32420707 -0.279910028
    0.901923835 -0.228334814 0.648558319 -0.540139019 0.405997217
    -0.271212488 1.52873075 0.0267540216 0.350747764 0.55273515
    0.566903472 0.0527122617 1.31808138 -0.606952488 -0.660494685
    -0.1670205 0.429839015 -0.00351345539 1.35293221 -0.295037746
    -0.546852708 0.991410136 1.21565056 0.287050724 1.55916405
    0.80882442 0.742404342 1.30287516 0.706613481 0.651530385
    -0.00216042995 1.41922688 1.39891386 0.61636132 1.57913673
    1.66823196 0.759367347 1.12597609 0.338706076 -0.242099077
    -0.164482743 1.03069592 1.59231162 0.559863985 0.650006831
    0.746173024 0.614257157 -0.52048403 -0.35945189 0.769146204
    -0.354750305 -0.0591022968 0.0393224955 0.941956818 0.269181192
    -0.071940124 0.601857543 0.112998247 0.491749883 0.570914328
    0.664636314 0.00974774361 1.43144393 0.873326302 -0.36416474
    1.22523916 1.10689473 -0.473030299 -0.664042115 -0.554399669
    0.533894539 0.816988885 1.13862801 0.35232991 -0.331489265
    0.95544523 1.43840003 0.685772419 -0.532159925 1.53821278
    0.586841404 1.52988493 0.411497056 1.35715723 0.855565727
    -0.111356199 0.146447897 0.00916576385 0.856116652 -0.543491662
    0.236298859 -0.367420465 -0.468518674 1.40489459 1.49126101
    0.66383636 -0.400318205 -0.066920042 1.35617709 1.33051467
    -0.0283082128 0.437028944 0.535618305 0.328789175 1.32169199
    0.134721577 0.004512012 -0.517890155 1.19415379 0.341622293
    1.29951584 1.54563427 0.333254457 1.09997129 1.22680211 -0.636417449
    -0.215612978 -0.442267478 0.781933963 0.190159619 0.55902487
    -0.482995749 -0.349093944 1.16559315 -0.125396132 1.5224818
    0.38523978 1.01860285 -0.56554538 0.657324851 -0.479942083
    0.0488608479 -0.583300948 0.810289562 1.64986634 1.68110919
    1.22431588 1.42026854 -0.0828347206 -0.497461885 0.415248334
    0.278520107 1.16820967 0.412243426 0.292540967 0.282254994
    -0.00838392973 1.76073432 1.41667855 1.03535247 0.459929228
    1.2123338 0.701698124 0.399303913 1.21279395 0.465005517 1.63360536
    0.559398055 -0.592503428 0.412268519 0.981302977 -0.34270519
    -0.485243618 0.243927062 0.411877334 0.617078006 0.530198812
    1.00643945 1.13124835 -0.11028862 1.40503764 -0.773866594
    -0.393336564 0.99824518 1.49973941 0.407063067 1.07221246
    -0.71614337 -0.198974848 0.0983734131 1.3401835 0.553591847
    0.0801199675 1.17537427 0.513670206 0.796251774 1.23555756
    -0.497226894 -0.110622585 -0.180526853 1.49195313 -0.573000371
    1.43829465 -0.469730139 0.851035774 1.31313539 0.240445852
    1.12664723 0.362273395 0.486909986 1.31332517 1.40673077 0.588807166
    -0.0557993054 0.420150101 0.595671117 -0.225708574 0.029527247
    0.717761815 -0.067966342 0.248245418 1.59347653 0.194541693
    -0.0614975095 0.310007334 1.08528316 -0.205067873 0.293710709
    -0.590521812 1.3818574 1.15760088 1.52406585 0.676079035 0.643670201
    1.57146358 0.7895872 0.0936211944 -0.0365170836 1.59557509
    1.50944304 0.936251938 0.677990079 0.82015425 0.750706077 0.71914041
    -0.285584033 0.838523388 -0.274390131 1.405756 1.392483 0.236395657
    1.55264747 0.291497409 0.580803871 1.53343427 1.58958626 1.57690692
    1.3621006 0.25611794 -0.401250452 -0.330092311 -0.514175415
    1.4799087 0.355594039 1.34582186 -0.366496682 0.0881921053
    -0.284970045 0.581637263 -0.166513085 0.897850275 0.340114832
    0.955489218 -0.490543514 1.06406856 0.899902701 -0.429641008
    1.22439384 1.11011672 1.25781012 0.826387346 1.43925548 0.235553324
    0.917246103 0.844334364 0.694897532 1.50637722 0.355119526
    -0.268181294 0.492016256 0.325180054 -0.387802154 0.0571848154
    0.541046023 0.441645086 -0.595235765 -0.57707417 1.14496946
    1.14092124 0.70970428 0.183101594 -0.454065561 -0.0669795275
    1.52073097 0.182154715 1.60818219 0.376578391 0.264629364
    0.225099504 1.09375918 -0.216093212 0.213781476 1.33294034
    1.35180974 1.16927886 1.29619896 0.282181323 -0.270891368
    0.912449598 -0.0595655441 0.512475193 -0.0688122511 0.352658987
    0.121064246 -0.390755832 -0.291011959 1.53517818 -0.277572542
    0.439875662 1.62563443 1.5678792 0.155842006 0.591755033 0.357405901
    -0.636700988 1.13234174 -0.553610444 -0.227246284 1.28528595
    -0.200424612 1.42886007 0.324318111 0.046677053 -0.565389693
    -0.161129236 1.5350275 0.134968579 1.22848201 1.22375441 1.06778359
    0.463228226 0.00237607956 1.21983814 1.5805496 0.746825337
    0.611332595 -0.548633099 1.4183948 1.6155076 -0.327180207
    0.515967667 1.55476081 1.34181428 0.109723985 -0.351248711
    0.59067148 0.864617586 0.796004713 -0.280374885 0.23993057
    1.00311708 1.07503462 1.06316209 -0.45863834 0.808113515 0.441152155
    0.524727821 1.67138386 1.37879729 1.10148025 -0.250693351
    -0.0668256283 0.648961902 0.817625999 0.160634577 1.17718458
    -0.45052588 0.718348205 1.14411592 1.29671955 0.676044285
    0.104905546 1.31490445 -0.573427737 1.01507306 1.08405721
    -0.103384137 1.49430084 -0.00302809477 0.0418604612 0.37542206
    0.632044137 1.48398578 1.66092193 1.43802011 0.756383717
    -0.296102703 0.215547204 1.00631678 0.445310295 1.14284849
    0.890097857 1.03341055 1.48084068 0.0224338174 0.194065332
    -0.466665655 1.08729804 0.348813772 -0.0819934607 1.10517645
    -0.171551824 0.196505904 -0.389800489 0.353182554 0.133626521
    -0.489336729 1.436692 -0.513554573 1.53004277 -0.519592762
    -0.370267719 1.08036327 -0.142477751 1.15006757 -0.500212193
    0.940116823 -0.158618391 0.695854783 0.470723152 1.29019082
    0.97406435 -0.258763731 0.628861785 -0.397757709 1.26641798
    0.539108038 0.876721382 1.05124474 1.00521016 1.44189477 1.24250793
    0.460967898 -0.216539562 0.423340678 -0.210658967 1.23649144
    -0.421981454 0.84973532 0.683269978 1.12509608 -0.624877453
    0.272680163 -0.050652504 -0.36369139 -0.404740334 -0.291316867
    0.47878468 0.619527757 0.208948791 -0.128187001 0.929475069
    -0.175289392 0.596104562 1.1170752 0.429479301 0.608751655
    -0.0237891078 -0.0118315816 1.48852897 0.267077684 0.26165235
    0.189480066 0.957098901 1.09339643 1.2754941 0.404352963 1.5659349
    1.46599555 0.41817385 1.187397 0.0528274179 -0.0378220081
    -0.364806026 0.0658845305 0.450154662 -0.484906435 0.655372858
    0.892266512 0.441632152 -0.0156733394 -0.0322404504 -0.0839972496
    1.53234255 0.516021788 1.03398407 0.734106183 1.56470394
    -0.381503761 -0.01306355 1.33118105 1.36454678 0.972041547
    -0.347318619 1.22203898 1.22893369 -0.599467218 -0.52175045
    -0.279303551 0.355262935 0.650812447 1.01117992 0.284679949
    0.227808118 1.4608922 1.3025744 0.0977705121 1.67168283 1.16622019
    0.948482335 -0.0792540908 -0.263379037 0.777805984 1.30203342
    0.720180273 1.28564048 -0.166811347 1.00669372 0.820547998
    0.584268391 1.26813817 0.0177926421 -0.573302031 -0.635771573
    0.660232782 -0.366387516 -0.517338693 1.55833244 1.24297833
    0.617408395 -0.574181557 -0.599066019 0.556229889 0.293810129
    0.210368395 0.932423651 0.23028332 -0.507884622 -0.393119991
    0.26324141 -0.263830155 0.606532216 0.165182948 -0.580238223
    -0.206582189 0.916886508 1.50103331 1.22699392 0.363101721
    -0.60078007 -0.34505704 -0.172462523 -0.309410781 -0.258023381
    0.260820985 1.22603738 1.32555199 1.00937319 0.18501699 0.167607844
    0.928423524 -0.292820007 1.33675814 1.33908415 0.835631967
    1.24132824 -0.300242126 -0.0048506856 0.850960016 1.12618303
    1.18270135 -0.550543845 -0.319874138 1.3196106 1.59006476 1.01866305
    1.41464722 1.6460762 -0.598185897 0.653782964 1.10025907
    -0.235481024 1.25509691 1.41935837 0.0524540544 -0.303315938
    1.25057912 0.13618356 0.795660138 -0.443362713 1.35626292
    -0.461916089 -0.670068502 -0.622841835 -0.429533035 0.854231119
    1.2761426 -0.547424018 1.0225029 -0.67158246 0.344582438
    0.0522831082 1.30507803 -0.327073127 0.763334095 1.50353837
    0.713852823 1.25480556 0.0471086502 0.208066046 -0.352036983
    0.389638245 1.43013477 0.485377371 1.45838022 0.939958274
    0.921328247 -0.081956923 -0.124618649 1.58633769 -0.425132096
    -0.284669876 0.00721085072 0.0438998938 0.760195673 1.60294449
    1.26411605 1.46235895 -0.35483408 -0.127965182 0.83285284
    0.441625595 0.310690463 -0.408373117 -0.399544388 0.778583407
    -0.297131389 -0.34562993 1.501297 0.550000906 -0.553169429
    1.49691415 0.192290962 0.166814446 -0.268418282 1.34644198
    0.851911664 1.88506067 1.01157486 1.83893824 0.494656622 0.686054468
    0.971993446 -0.324125737 1.12341857 1.58321059 1.38839245
    0.052400589 1.46899772 1.36446345 0.254188478 -0.400867194
    0.978792906 -0.221101373 -0.0121507049 1.25862336 -0.0829914212
    0.426319599 0.49048245 1.63228965 0.573550582 1.06320786 0.637447834
    0.915508747 1.04508758 -0.364014715 -0.213214159 1.09594572
    1.06843483 -0.585251033 -0.546563208 1.47042 1.35605383 1.49459457
    -0.303415507 0.86847496 1.00673652 1.50115371 0.836852252 1.21300507
    1.52016735 1.09235168 0.808733225 1.49417007 1.38491476
    -0.0931316018 -0.117442071 -0.452410161 1.15646505 -0.041003108
    -0.0595087409 -0.120092452 0.486795902 0.8841362 0.508928537
    0.938151598 1.22252941 -0.625311375 0.0458183289 0.90518862
    0.267668843 -0.676519275 0.263559341 1.0197556 0.430161655
    1.02199244 -0.635892391 -0.577942014 -0.364949226 1.60323012
    0.534442186 -0.188301265 1.3022275 0.639888883 1.11395574 1.1324861
    0.534850597 -0.441154003 0.365152478 -0.582051635 0.931535244
    0.23965168 0.966726005 0.500216007 -0.111054182 0.908203542
    -0.64415735 -0.352652818 0.211725354 0.823842525 0.146111786
    -0.555518687 1.61635649 -0.313681841 0.258553743 0.782080173
    1.59084916 0.362421274 0.293008506 0.586043417 1.44028401
    -0.615307033 0.748435557 0.426389575 -0.266522139 1.25802302
    -0.214062184 0.470963478 1.61721396 -0.229792744 1.47895908
    1.27288938 0.0643573999 0.568640649 0.229868114 -0.466387749
    0.968919098 0.606119633 1.48780298 1.22970903 0.637444973 1.05581582
    -0.0279524326 1.55524158 -0.429231107 0.251446366 0.286184549
    1.47783387 0.983179092 0.0812347531 0.659748018 1.44553876
    -0.340836734 1.51351404 0.28923744 -0.648150802 0.961787641
    1.05445242 1.6087687 1.5998621 0.0777894258 -0.402233362 1.37310576
    1.52272773 0.726669252 0.437808216 0.567393243 0.917163849
    -0.55322212 -0.115903735 0.630408347 1.54896426 0.482823789
    0.79922533 -0.185300916 0.268698394 1.13848758 1.05100799
    -0.110624671 -0.418257236 -0.217689693 -0.585901678 1.13232613
    0.846088052 -0.437180191 0.526521564 -0.491598517 0.321299791
    0.0837017298 -0.675157666 1.05337679 0.459401906 0.979122937
    0.915232599 0.626600802 0.970491111 0.0400499105 1.19720602
    1.39893484 -0.50342381 0.228811026 1.21636403 -0.321818233
    1.49006474 -0.551021695 -0.647259057 -0.370086491 0.896556795
    0.712835431 1.5520221 0.714629173 1.59579325 0.390841484 0.11221242
    0.0472518206 -0.0662654042 1.25876129 0.907039642 -0.477643549
    0.964210153 -0.159372568 1.35269928 -0.0864273906 -0.268104911
    -0.473591954 0.111429751 0.331915438 1.50049424 0.498986006
    1.29846096 0.0790777206 0.356201053 -0.0334735513 0.45646584
    -0.238270521 0.243050277 0.769294918 0.919791102 0.0467113256
    0.117162168 0.114886105 -0.258273035 0.0261440873 1.210989
    0.539948463 0.427130997 0.704312384 1.0832305 1.03493381 0.69440186
    -0.432565689 0.863472939 0.911836982 0.711145043 -0.0787039399
    0.324666858 0.61059922 -0.18405813 1.52147496 -0.59323591
    0.104413688 1.19740224 0.223299503 0.413177729 0.823347449
    0.626845956 -0.172365308 1.29754448 -0.338117719 1.5306778
    1.03116965 0.686096311 0.913266659 1.79084182 0.707813978
    0.814040422 1.60548484 1.39445627 1.70753264 1.38521028 0.456237435
    1.32967377 0.751835048 0.286545694 0.809176862 1.3290689 0.401410937
    0.706928015 -0.28111881 1.39723623 -0.0395718813 1.56980538
    0.540471971 1.57196283 0.53050518 -0.0494124293 0.49295032
    1.41180205 -0.469258338 0.973659098 1.05456519 0.941884518
    1.05258298 0.145033956 -0.260893494 0.593999445 0.627641141
    1.11234999 1.03117847 -0.118862152 1.30175042 1.04863858 0.9177562
    0.431944311 1.13603544 0.0260582566 0.260297537 0.87682873
    -0.180891275 -0.380307794 0.553795874 0.574866474 -0.559983253
    1.32277751 1.47836447 0.190563917 0.778965354 -0.435239196
    1.43187261 -0.468436003 0.2412678 0.116416395 0.411435306 0.75044924
    0.975167394 0.411378324 1.04704046 1.26242352 0.0491679311
    0.848632455 -0.0990652442 -0.0711991787 0.916437984 -0.0360640287
    1.30894899 1.42901468 0.550827205 0.100383878 1.29492927
    -0.154068768 1.49448991 1.5582509 -0.615629494 1.53620028 1.58136988
    0.501257837 0.28889066 0.433237135 -0.211374283 0.393287003
    0.897001684 0.160293758 1.1500926 0.401865304 -0.239365518
    0.872881532 1.10160685 -0.0185821056 1.41305232 -0.659021199
    -0.51914078 0.528150976 1.42436874 1.45119047 -0.297980547
    -0.0935924649 0.952923477 0.575911343 0.53673774 0.221853852
    0.0067948699 1.1650784 1.1115911 1.08340406 1.5067687 0.886369348
    1.28295135 -0.239730656 0.137334824 1.39571261 0.056299746
    1.17963505 1.20065391 1.57626295 -0.474962175 -0.0015052557
    0.950901866 0.482987702 0.848205984 1.51866841 1.25229025
    0.112736046 1.37592649 1.44755673 -0.246638834 -0.391215831
    1.02869201 1.50026464 1.46982861 0.826584339 0.89402765 1.23570657
    1.32703614 0.372591734 -0.0869373083 0.143347442 0.0243474245
    0.494217575 0.847516954 0.065022707 -0.100466967 -0.385690033
    -0.421195388 0.442620516 1.26457644 0.276577234 0.440105855
    0.344028115 -0.147900641 0.555729389 -0.169895828 1.62887597
    0.631364942 -0.300896436 1.15451336 -0.036437571 0.685894728
    0.347845972 0.125254869 0.644251466 -0.285250425 1.54237211
    -0.515912414 0.337474942 1.39835095 0.869839191 0.854135275
    0.0996018648 0.682712436 1.14314938 1.04901004 1.36308432
    0.126883924 0.764954329 1.24103355 0.51195848 0.541585624
    0.356353283 0.254857898 0.963344514 0.163987935 -0.199205786
    -0.483870327 1.48739088 -0.225379705 0.531982481 1.13335943
    0.224714935 1.32572699 1.45916259 0.0827044249 0.101780057
    0.293476939 -0.391634375 -0.0579403043 0.284599602 1.5539012
    -0.460870355 0.451105297 1.29634666 1.52863431 0.594449878 1.4374038
    0.917310655 0.562957704 0.758536339 0.361846328 1.3121376
    -0.484442949 0.0598478317 1.16388798 -0.412655711 0.0765355825
    -0.10850656 -0.57434088 -0.0392228961 0.721122563 1.24705207
    0.523483574 1.02520847 0.860030115 0.581886411 0.698455215
    0.434556782 1.0984292 0.971236706 0.221143484 0.379447758
    -0.472694099 0.174013615 0.700318813 0.533486545 1.2669487 1.6894033
    0.563506246 0.970024049 0.4895069 1.62852597 1.52815533 0.907124698
    -0.564176798 1.55777669 -0.417427152 0.250141084 1.63294744
    -0.136363417 -0.476908207 1.35605001 1.33710504 -0.26938197
    1.04189157 1.83375263 1.29397523 -0.192786604 -0.289042026
    0.798783362 0.840413332 -0.606680095 -0.439573407 0.0391905904
    0.276359618 1.62468505 1.14209127 -0.594313204 0.0973479748
    1.65592432 -0.160563976 -0.327771872 -0.405460566 -0.598478198
    1.06356311 0.101149321 0.882818162 -0.494412094 0.816416979
    -0.425263822 1.38498926 0.145927131 1.49939632 0.693605125
    1.59504604 0.0452881455 1.3410306 -0.429759383 -0.00970810652
    1.01254797 -0.608736157 0.796620488 0.948067844 -0.309954137
    0.032089293 0.504347622 0.463834882 1.41738272 1.46024191
    -0.573630989 1.4499743 1.60859025 1.6008178 1.36275566 0.705932319
    -0.38816306 -0.566431105 1.56408489 -0.313371807 0.920887649
    1.48051679 1.48698437 -0.0622913241 0.739911556 -0.275096536
    0.053042233 0.857760787 1.40420997 -0.190992594 0.820704997
    0.528387785 1.10542727 0.316603959 0.594158113 0.230615616
    0.662693739 0.637005746 -0.0367844105 0.509853065 0.822913468
    0.561813235 1.39679575 0.661751091 0.831199467 1.50327897
    -0.588044405 -0.28005591 -0.40823555 0.614509881 1.1633997
    -0.272180706 1.68766689 0.132955015 0.17615819 -0.175890833
    -0.28715381 0.917896211 0.112502575 0.292570591 1.48044562
    1.48602188 0.0636838675 1.62515962 -0.635447025 -0.250182927
    -0.12829566 1.00422633 0.603170097 0.904220939 1.50827503 0.2720595
    -0.484859765 -0.280789077 -0.0423412323 1.59022343 0.598638654
    0.993503809 0.788562775 0.994975746 -0.518113673 -0.178383976
    0.0436887741 1.49133646 -0.530209482 0.923645139 0.500540733
    -0.0306053162 0.566725075 0.0313276052 -0.311658651 -0.0695988536
    -0.207722634 -0.461132884 -0.571389735 1.01753342 -0.631259143
    0.0116857886 -0.0707517862 1.02817583 -0.431412518 -0.209073305
    -0.534601092 0.905883908 1.36455464 1.35228539 1.03453827 1.3581872
    0.839681447 0.532175004 0.189568102 1.53404355 0.119927168
    0.938424885 0.334556699 -0.0871487856 0.0274228454 -0.0187387466
    1.20176876 -0.161283135 -0.107075095 1.05938148 0.178774059
    0.648920476 1.53715944 -0.104565501 -0.260770261 -0.0723440051
    1.05357122 -0.182928294 0.197043777 -0.0291138291 1.47262895
    0.0192145109 -0.294255257 0.949088454 1.4894774 0.373349309
    0.0666059256 1.47811365 0.52268225 1.58879209 1.38233006 1.10958147
    0.356936574 -0.020693481 -0.304446608 -0.165341258 0.474705458
    1.35437036 0.435897946 0.317191303 1.0147388 0.2762357 -0.458426684
    1.16064429 -0.181425989 -0.233218342 1.29188013 0.411602676
    1.11594296 1.5887115 0.987115145 1.22760248 0.212090075 1.33289313
    -0.636585057 0.757523477 1.49426794 1.62442994 1.52751672
    0.630095243 0.811700523 0.0677759051 -0.248925477 1.5319972
    -0.442664772 0.136543334 -0.312448084 0.71810329 1.55795181
    -0.0122234225 1.19435167 1.16803741 0.382723272 0.471856475
    1.26587248 0.000182211399 1.22373748 0.684709191 0.392703891
    0.635465801 1.38974261 -0.298854321 1.48742342 -0.246943325
    0.320916176 -0.201158077 1.02413201 0.68327719 0.175754964 1.5724175
    0.295300364 0.218559802 0.24519664 -0.302605301 -0.52905035
    -0.352654874 -0.43220675 0.4624933 0.120621026 -0.0417253971
    0.292604625 0.720355034 -0.602563381 -0.13161546 1.51178694
    0.624555111 -0.378430605 1.56209004 0.180707514 0.840126157
    0.8094877 1.03236914 0.831150711 0.12342304 -0.198576272
    -0.198688596 -0.0780356526 0.593093336 -0.612369657 0.427682161
    0.40462321 1.05704308 0.776506782 -0.413388312 1.02182603 1.55730963
    0.401014566 1.54445219 0.647213221 0.460731804 0.550286293
    0.766127765 0.240944445 0.519046009 1.15301764 1.34584177
    0.363586724 0.261425614 1.01055002 0.783553481 -0.316403419
    -0.0733152628 1.45546079 -0.374084562 0.683712721 1.20078015
    1.20284593 0.185905159 -0.563736796 -0.211357057 -0.0911747217
    0.895033658 -0.30128473 -0.0766584277 0.840478122 0.363110065
    -0.478930891 0.605419099 0.428795815 0.571733356 1.56863213
    0.912524402 0.594051957 1.28514934 -0.254277676 0.626991272
    1.01413369 0.463567793 -0.468531102 0.880661666 0.992650449
    -0.334505111 1.24644136 0.349866807 -0.536246061 1.57346559
    1.39984941 1.60280538 -0.180383891 0.312960446 0.0902056694
    0.0995663404 -0.123880386 1.39988589 1.24601889 0.488617659
    1.48058212 1.37515426 -0.128890038 0.418616712 1.30213547
    0.095166564 0.0812857151 -0.525608897 1.70347047 0.871621788
    -0.274364233 -0.211801738 0.210825324 0.137290001 0.866317868
    -0.0602805018 0.369789362 0.102093875 0.363618314 1.19353747
    -0.657629132 -0.578179717 -0.154257059 0.413987577 0.109234095
    1.08648062 1.60385191 -0.267321765 0.278177202 -0.380500942
    0.324934125 0.751716793 -0.559423089 0.101217031 0.553880751
    1.06798482 1.42778492 0.799543619 -0.613713384 0.0497249961
    0.705518186 -7.37905502e-05 -0.521403015 1.48123169 0.179573894
    1.40327454 0.814538777 -0.272279322 0.28696543 -0.422983527
    -0.532805979 1.39786291 0.626351953 1.02515054 -0.649725616
    0.879100442 1.43108296 1.16764998 0.466307998 0.360607147 1.69318438
    0.504445255 0.182477355 -0.350532711 -0.482701868 -0.370202899
    0.766816318 -0.0686293244 1.58574951 -0.0692694187 0.594146073
    0.34697932 0.201118946 -0.0880678892 0.963625431 -0.178014725
    -0.332245409 1.58510506 0.812156022 0.375062883 1.4413861 1.59463191
    0.592352986 0.842904031 0.167201996 1.15451026 1.10104704
    0.776829243 -0.317996889 1.18246865 -0.14588815 1.56038678
    -0.637975156 0.0270708799 -0.320653886 0.60999465 0.0447842479
    1.20317018 0.564319909 -0.70492053 0.837421775 0.852398217
    0.936825275 -0.131411254 -0.489446878 -0.531979263 0.418354988
    0.940704167 0.324882448 0.297822416 -0.679745615 0.46793735
    1.57418454 0.393140256 0.370839119 0.711831748 0.802459836
    0.871091664 -0.276025981 0.774476171 0.0919772983 0.130909801
    -0.225466788 0.572137952 1.44172025 1.33804822 0.254384816
    1.54821301 1.38313556 0.726870716 0.963427544 0.679441571
    -0.356597751 -0.366009355 1.08132911 0.85077548 1.36138916
    0.759905159 0.0686279535 0.0962862968 0.274353564 1.49360704
    0.230722308 -0.269866824 1.21143794 -0.0488974452 0.204793155
    -0.311850816 0.715212166 0.143493533 0.473762274 0.900784492
    1.1262455 1.26881111 0.555838823 -0.295811623 -0.120537162
    -0.408161372 0.468413949 -0.368608952 0.0409453511 0.720906675
    0.481206298 0.992371261 0.707317173 -0.361035258 1.55161643
    1.13307238 1.05357242 0.585009694 0.750864089 1.15069199
    -0.422490031 0.529282391 -0.345620602 1.10014319 0.467738271
    0.337182522 0.975315332 -0.00319877267 1.61055589 -0.246934265
    0.0819823742 1.1745584 1.27656841 1.62421954 1.28410935 1.09282041
    0.92354244 -0.1252352 0.00785946846 0.688496232 0.109392881
    -0.36956203 1.25995708 0.425954998 -0.504702091 0.0535976887
    0.58714819 0.336674273 -0.234369546 -0.33003208 1.41132319
    0.649640799 0.786408365 -0.340274721 1.61197722 -0.130339026
    0.643704414 0.590087354 0.649040043 -0.0539411306 1.03580797
    -0.343862593 1.46474051 0.667857289 -0.718324244 1.48327756
    -0.0571036339 0.820243657 1.12568378 -0.687150478 1.57906079
    0.247610927 1.26862383 0.426377833 1.00679469 -0.454522848
    0.107701004 0.249148309 1.44539189 0.361601651 1.60303009
    -0.188345224 -0.432833731 -0.478681564 -0.16421932 0.61486429
    0.969681203 1.1051811 1.42551053 1.04745555 0.843405366 -0.611726165
    0.722455621 0.916406512 1.48596239 0.946221948 -0.639724612
    -0.320586652 -0.455664098 1.47645068 -0.288066983 -0.233671814
    0.853589535 1.41759634 1.39844227 1.53569937 -0.680014133 1.32345247
    1.13748074 -0.642720222 1.49227595 1.09305048 -0.501648426
    1.33011949 0.794583023 -0.485157132 -0.474752545 0.776044488
    0.542813838 1.47019672 1.64419842 -0.153185368 1.23074806
    -0.11913538 -0.345390022 -0.231181294 0.0933632255 0.223876476
    0.858364463 0.722092748 0.0915427804 1.50604689 1.43393195
    0.178662837 1.14054155 0.702354193 0.425569475 -0.419126779
    0.766253293 0.699694574 0.787503242 0.308140457 -0.235148668
    0.717901587 0.0877070427 1.13154411 -0.640084565 1.41178024
    -0.242214829 1.18861067 -0.103945792 0.850497425 1.21149933
    0.857859433 -0.24748683 1.65809417 0.752160251 1.57369518
    -0.101826489 0.703041434 -0.263932139 0.814843118 -0.612757027
    0.068426311 1.01825809 0.720315754 0.88823384 0.293809354 1.05875373
    -0.625648081 0.71816051 -0.59375453 0.591086328 0.314421177
    1.15471268 1.6648078 -0.412712008 0.476913691 0.821178973
    0.371278465 1.13941145 0.371331573 1.18074024 -0.101854444
    0.252146661 -0.439273179 1.57574368 1.01434302 1.48723006 1.55576777
    0.0350590944 0.0544665456 0.0927543044 0.935882568 0.901397705
    0.881737649 0.468731225 1.55558085 0.234646082 -0.504004061
    -0.341732472 0.703501165 -0.168795526 0.197972834 1.19752836
    1.15351915 1.21127963 -0.215617716 0.0159655809 0.992783964
    -0.639301956 0.709758937 -0.393393159 1.01950312 0.493194163
    -0.176965535 0.698515832 -0.0612143874 0.59105581 1.2027812
    -0.00153470039 0.281375647 -0.462343633 -0.467542529 1.20033431
    1.14017892 -0.46803993 0.820082426 0.423656344 0.613041878
    -0.0299152136 0.511669695 -0.405377477 0.249215424 1.23786902
    0.911149204 1.35240304 -0.166599929 0.527595699 1.2108047
    -0.16333586 1.20769989 -0.0621242523 -0.2536906 1.39266992
    -0.574136496 0.207760692 -0.354926348 0.182961941 -0.271582723
    0.0265530348 0.933283865 -0.0217705965 0.356016517 0.0573003888
    0.890642703 0.512462556 0.674472392 1.55591404 0.227161825
    -0.202904165 0.815064251 -0.588442683 0.169842362 1.2897861
    1.25150228 1.46364295 0.728286326 0.65779388 1.24925351 -0.18849203
    1.48698497 0.0826843977 1.45541668 0.0575899482 0.896867156
    -0.354528666 0.0568133593 0.822292209 1.50625563 0.837749541
    -0.0955723524 0.518938899 -0.307175308 1.09916997 0.210921884
    0.265978545 0.0425183177 0.0501053333 -0.474902511 0.205390811
    0.204520881 1.01116347 0.896596968 -0.248571903 -0.325915456
    -0.134968221 -0.160461456 0.546762705 0.810910404 1.29292893
    0.29321903 1.07512426 0.624429464 1.24215126 -0.446709841
    0.429847002 0.645500839 1.38251543 -0.625974178 -0.642515719
    1.19052935 0.962537527 0.359625399 0.795159101 0.664023638
    -0.317980409 -0.270470947 -0.318058431 0.514859915 1.25933373
    1.46471524 1.03655648 1.22461653 0.322732627 1.32962203 1.28881979
    1.51376271 -0.08017838 1.47659063 -0.439946353 0.649191439
    -0.0196908116 1.31291497 -0.526852131 0.844430983 0.968462706
    -0.636851847 -0.0400166512 0.00646263361 1.48792887 -0.147725344
    0.906916797 1.53526366 1.53756547 1.00191772 1.26386642 1.09037697
    0.254602849 0.33247447 0.0382459164 0.987176716 0.439221442
    1.44322586 1.49518991 -0.645056248 1.49700761 0.922710836
    0.0462247729 -0.325543225 0.821751297 1.62651503 0.848536909
    0.214687765 0.695806205 -0.667619586 1.37740278 0.263865411
    1.17030907 0.0378469825 -0.104708821 0.032715261 -0.0565091968
    1.51464748 1.46313381 0.209700465 1.25183344 0.243377268 0.188570976
    -0.547780812 1.41274583 1.02993369 1.37837911 -0.466587842
    -0.136307001 -0.118966341 -0.404323041 0.966261208 1.48899579
    1.27851439 -0.0672255754 1.36857796 1.32045627 0.668141544
    0.220711172 -0.607380331 -0.137519538 -0.0620669127 0.0214890242
    -0.424040228 0.647973061 0.529162526 1.56577539 1.00565124
    1.41606903 0.576506495 1.47780061 -0.210243851 -0.517239451
    -0.455610901 0.627573311 -0.0485189557 1.43578994 -0.536865234
    0.90069586 -0.360352665 1.63872743 -0.000537157059 0.637810171
    -0.54910177 0.709437072 0.64683944 0.321189582 -0.586084247
    -0.520789206 1.61422729 0.439432323 0.534826875 0.569872439
    1.35540009 0.285196245 -0.0759848356 -0.137278169 -0.625361741
    0.727431297 0.679017663 0.319090128 1.30462098 -0.321185201
    0.119382441 1.36102438 1.02157426 -0.63682127 -0.0565823913
    -0.154710501 0.795045197 1.53939164 0.484744191 -0.275772482
    -0.49481982 1.27078581 0.75878042 0.342942417 -0.228072912
    1.49144197 1.20657516 0.211530507 -0.262425363 0.188283086
    1.28358364 1.18524003 1.31189775 0.0110912323 -0.547609568
    1.50212753 -0.0791355371 1.64931154 0.0369041562 0.222422719
    1.36525297 -0.0190208554 1.4212544 0.545596838 -0.579048753
    -0.139596999 -0.00938254595 1.54575515 1.05396485 -0.0705649853
    0.587975502 0.199282348 0.191259205 0.989680648 1.46774745
    -0.634911835 0.378395736 0.639789343 0.688796461 0.576231241
    0.0762152672 0.816783249 0.720324636 1.43973291 -0.423354089
    0.757545114 -0.588845611 1.24757123 0.212370574 0.551963151
    -0.566328645 0.418242693 1.27712059 0.620671391 1.68906295
    0.080314219 0.545072019 -0.57649982 -0.286936313 0.869134903
    0.918501854 0.375952899 -0.150592566 1.37089586 -0.235002398
    1.10257769 0.198446095 0.0174971819 0.342130601 0.376124144
    1.37381887 -0.125640512 0.567510307 0.193669796 0.189838588
    -0.36209622 1.58418012 -0.0334626436 -0.323649943 -0.177871734
    1.06813121 -0.242648929 -0.0393686891 -0.460192621 1.00446177 0.1329
    0.608404458 0.294562459 0.829513431 1.33504546 -0.309839189
    0.402123958 0.488992959 -0.440745294 -0.0378999114 1.0872215
    -0.270688266 0.495971143 1.58918333 0.483567119 0.686136842
    1.09985209 -0.119314611 0.259115338 -0.553185105 0.518508554
    -0.3200261 -0.0577817559 0.880700171 -0.533343673 1.36415935
    -0.273071796 0.00889825821 1.02088523 -0.118797302 1.44262266
    0.608949184 -0.198081791 1.25928617 -0.454520762 0.357866704
    0.208433151 -0.48454541 1.14959359 -0.191516429 0.159217298
    1.3243103 0.525089681 -0.381968379 -0.347544432 1.55652118
    0.807210147 0.636115551 0.224556088 -0.0899729729 -0.237100929
    1.11725473 0.225467741 0.797528923 1.58426046 -0.521625638
    1.50240469 0.974150836 0.330331624 1.5212847 -0.579011559 1.23690975
    0.84081471 0.159626126 -0.617068291 1.02678776 -0.242241353
    1.65064621 0.40728265 0.317955792 0.602254391 0.852331519
    -0.356553137 1.3820262 -0.355451941 -0.626826763 0.188029349
    -0.510812879 0.245008647 1.12540126 1.57792449 1.5690577 0.424820244
    0.209789932 0.093980372 -0.494907081 -0.657179415 0.360534072
    1.3372221 1.27089787 -0.305330873 1.07277632 0.0198814869
    -0.365847737 -0.0413353443 -0.56593585 0.77485323 1.54465091
    -0.145424962 0.330257475 0.80216819 1.09028363 1.20335972 1.24953246
    -0.108425558 -0.170164227 0.780722141 1.21570826 0.472331047
    -0.584291339 0.62516433 -0.252120316 0.0657626987 0.667354703
    0.758104742 1.47043276 -0.0668013692 -0.518276572 -0.342216134
    0.74729991 -0.440828025 -0.470991254 -0.648506761 0.773033798
    0.0855464339 1.08858979 -0.101507604 1.00228047 0.724491656
    0.677284479 -0.617857754 0.218753397 0.742270291 -0.522351265
    0.0661994219 1.08101058 0.520356834 1.50223863 -0.0167686939
    1.36500406 -0.15513292 0.144723117 -0.0445727706 -0.298902959
    1.28037763 -0.15624252 1.04218292 0.605446517 -0.422786206
    1.24212193 1.26535845 -0.444377542 1.34720767 0.262797892 1.42586851
    0.437931001 0.466212332 1.15384436 -0.359808296 1.47363091
    0.627502024 -0.142367482 0.621812999 1.60045445 0.311694443
    0.0663792491 0.421932578 1.09291101 0.415100455 0.241412222
    1.38470674 1.22763491 1.26740503 0.652153015 0.621596456 0.226115465
    0.0830224752 1.19817102 0.0331221819 1.39599431 0.246060669
    0.90063417 1.27222133 1.63379407 0.121238768 -0.535785794
    -0.310249686 1.60986972 1.08104157 0.76250571 1.35309839 1.49453783
    0.184081733 1.00565875 1.28129196 1.17778492 -0.0592320561
    0.578685701 0.870377839 -0.51162672 1.50305927 0.797394753
    -0.427648544 0.956864119 -0.196329594 1.06854033 0.813857257
    0.500684261 1.1627264 0.56256628 1.44288301 1.00163269 1.13277543
    0.136059463 -0.151354492 -0.272404224 0.766689539 0.146708965
    0.690336227 -0.11048007 -0.207190722 1.51414824 0.225725353
    -0.389476418 1.66925526 -0.222296149 -0.403897941 -0.380348384
    0.719199121 -0.24279961 0.00454032421 -0.626262665 -0.420827627
    -0.158081293 1.06342101 0.859911144 1.16877413 0.0470709205
    0.943512797 -0.101017177 0.0941538811 -0.185629576 0.86346066
    1.65587091 0.779000282 -0.40095529 0.273397684 1.32893038
    0.226174235 0.0195063949 -0.57839489 -0.0814085007 -0.0137242675
    -0.640817046 -0.119818628 0.446622729 -0.126642823 -0.434792459
    0.260142684 0.0957605839 -0.223514602 0.582277358 0.565365911
    0.801353812 0.254378259 0.552451372 1.06842732 0.394721508
    0.167244256 1.5318675 1.02875078 -0.455170631 -0.0945698619
    0.338176548 0.743135214 1.62296653 1.41623354 0.387871265
    0.349034965 -0.563221335 -0.25138858 0.0161257386 0.843227029
    -0.488204002 -0.296209455 0.661424041 0.0817216039 1.52593708
    0.00441539288 0.222343922 1.12428439 0.510417163 0.088137269
    0.665306151 1.38073909 0.0513092875 0.395500004 0.242569268
    -0.179540366 1.03239751 0.751786411 0.551721215 -0.0239546299
    1.55621564 0.751197696 -0.195443004 1.49597168 -0.105646968
    1.58206606 0.249869764 0.0599913597 0.562309206 -0.020057857
    -0.127750754 1.1274209 1.59123361 -0.011472106 0.64406985
    -0.567952693 0.831438422 -0.258208603 0.517967939 -0.456747293
    -0.111896992 0.241551518 0.693112254 -0.275720656 1.00674164
    0.599668503 0.365367413 0.646338701 0.148436069 1.03869033
    -0.152522266 -0.0196534991 1.54266369 -0.270146012 0.638503253
    -0.612672567 -0.0790035129 -0.0741101503 0.00540399551 1.68086493
    0.33179754 0.0668867826 -0.123964459 0.529186845 -0.0666491389
    -0.267610312 0.0719398856 -0.0423795581 0.661613941 -0.412035465
    -0.355415016 0.840568841 -0.70457536 1.58780646 1.09167099
    -0.347723693 1.32047379 1.40017128 0.215679228 0.458697677
    0.841816664 1.15743542 0.280376852 1.14474869 -0.159221888
    -0.416551769 1.18131948 -0.425721049 -0.0426723957 1.54368377
    -0.392686129 1.49803543 1.5444653 0.408663988 -0.0828534365
    0.639996231 0.735910177 0.929340541 0.887451649 0.942158818
    0.184993207 -0.234770775 1.03049612 1.18563533 1.51316822 1.11770511
    1.61391687 1.65547037 0.980538309 0.702959955 0.0493116379
    -0.093226552 -0.329007894 0.569778025 1.24037027 -0.486570388
    -0.512275577 -0.107547045 0.119351089 -0.599602759 0.225771904
    0.449014187 -0.0837119222 0.622879803 1.20766234 0.654522419
    -0.0661446452 0.16246438 0.875789523 -0.0407339334 -0.41125527
    1.27061772 1.0255456 1.31466675 1.47380137 0.0603266954 -0.63174367
    -0.286817074 -0.65397191 -0.619451046 -0.0903699994 -0.092322886
    -0.56244576 -0.337412834 1.16009879 -0.053648591 0.177983522
    0.491912007 0.541791677 1.34211683 -0.466140568 0.228719831
    -0.194295168 -0.444762111 1.32439208 1.441432 1.00509501 0.57241565
    -0.27520752 1.30647159 1.30605674 0.317771912 0.0746576786
    1.47558594 -0.140556097 0.505515337 1.34416771 0.9958933 0.99466604
    -0.223921239 1.48370385 -0.310810596 -0.678651631 1.34639931
    0.260381401 0.85080719 1.3183018 1.50163794 -0.334749699
    -0.264151156 -0.103823245 1.4115479 0.379745126 0.539966047
    1.32673073 -0.329179317 0.263465285 0.592218995 1.06519365
    0.0410072803 0.00837308168 0.531052411 0.330533564 0.478941023
    0.321070373 0.522621632 0.138318837 -0.52140671 0.84315896
    -0.534692287 -0.402549654 1.66268766 0.372719944 0.568145037
    0.804956079 1.49761307 1.2719481 -0.088131547 0.567532182
    0.361051977 1.51503634 0.802497268 1.55493581 0.720671058
    -0.274919361 0.933686674 0.723118186 0.759723783 1.29411447
    -0.675356209 0.637221694 1.51361215 0.531448185 1.41351402
    0.0615434051 0.26391542 0.65039742 0.262147963 1.28418803
    0.704969168 1.75099909 1.19773006 -0.170458734 0.809861898
    0.239706337 0.874008834 0.750192881 -0.0321755707 0.999869823
    0.0503222346 1.13617516 -0.140074521 1.34361088 -0.39405334
    1.30545497 0.94175899 1.56333959 1.43908978 0.161341846 -0.620401204
    0.0545147061 0.82487607 0.944206715 1.0125798 0.0760717988
    -0.456811428 0.689842939 -0.0305726528 -0.405148834 0.256870389
    -0.0236554146 1.35446572 0.947756171 0.390031338 1.55566096
    0.26457417 -0.52626878 -0.0944627523 -0.035387218 1.21093893
    0.316846609 1.52653646 0.424144149 -0.414729536 0.994293869
    1.57097197 0.0494350195 1.43165874 1.17629671 1.37614822 1.24121368
    -0.574970245 -0.436227381 -0.532155991 -0.56954658 0.153176546
    1.30725074 -0.256925225 1.65462303 -0.53171581 0.846473277
    -0.322722852 1.28032494 0.416467965 -0.506533146 0.141007066
    1.051296 -0.330334693 0.616236091 -0.357878149 1.1472435
    -0.267594755 1.57069337 0.809771895 1.36446619 -0.0820906758
    1.03920376 -0.100252807 -0.46646297 0.571048796 0.813377321
    1.62656188 0.234306812 0.55712539 0.819263995 0.156226993
    0.0432113409 -0.309838235 1.60214543 1.14894223 0.612498164
    1.70323813 -0.444941938 -0.571099341 1.36679256 1.46842909
    1.01993501 0.368705034 1.5802319 0.850854397 -0.19342953 0.76366353
    -0.534223437 0.801133037 1.03296232 0.0647279024 0.808386624
    1.54768097 -0.0716109276 1.36803067 1.33554983 1.45754623
    0.405917704 0.365360498 1.09310365 0.749255359 0.718095481
    -0.300509989 0.743350506 0.339659691 1.32443333 0.420125008
    0.368532658 0.258753479 1.10888696 0.704086304 -0.330973804
    -0.671952307 1.04939437 0.407522261 1.18821526 1.39092505
    -0.512388825 0.16718626 1.44404483 0.7064026 1.02769494 -0.207362682
    1.64628005 0.329374969 0.121252656 1.03575039 1.096066 0.0655704737
    0.0902602077 1.27912712 0.206988394 0.626106441 1.16567779
    0.153283894 -0.318699747 0.0198619366 0.365988314 1.55579031
    0.0709691644 0.523124278 -0.546693504 -0.500656724 0.787131906
    0.724166214 1.22428226 -0.285289824 -0.482112288 0.603088498
    -0.230445147 1.3456192 1.211797 -0.0762735009 -0.17609781
    -0.296431154 0.741592169 1.11339438 1.50689912 -0.21388188
    0.911556244 1.42075038 1.02529311 0.0387068987 0.674231946
    1.55836105 1.58142078 -0.0893122554 -0.265003443 -0.112505734
    1.42222786 1.4046216 -0.258777022 -0.160179496 1.18634975
    -0.0630463362 1.07456839 1.25761271 1.0080986 1.36485791 0.43652457
    1.01141405 0.116403937 -0.631505251 -0.569378853 0.949309766
    1.56520963 0.555577755 0.534834325 1.03692389 -0.590334535
    1.39420772 0.706130087 -0.28526327 0.282658875 0.673212945
    -0.0533131957 0.0752631426 0.754715681 0.892903209 -0.109526396
    0.958366275 0.800442159 1.57916582 1.1067903 0.688810825 1.16343713
    1.00498176 -0.0946636796 0.491079211 1.22525358 1.4488337
    0.203917623 1.15612042 0.394854963 1.07118487 0.291258693
    -0.323979437 0.0632669926 -0.0249813795 1.49837375 -0.404251695
    0.530535698 0.0623577237 0.630052209 0.00185853243 0.40009594
    -0.0956933498 1.2438066 1.21229291 1.57025695 0.207204819
    0.415915251 0.915317893 -0.29147929 -0.080670774 1.33519793
    -0.33316651 0.760317504 -0.191218346 1.02130556 1.37103367
    1.52293682 0.89904201 0.95776552 1.67841411 1.38802123 -0.209943205
    1.05251992 1.3891232 1.33582282 -0.265996277 0.309648812 1.20403385
    -0.0688394904 0.488246977 0.719668329 1.00174451 0.0185104012
    0.320245564 1.53937817 1.12379408 1.1042788 0.369030714 0.0798535347
    -0.03489995 0.036916852 -0.345861584 0.220987022 0.829617381
    1.64518237 0.302863777 1.50935042 0.0499817133 -0.417441934
    1.23690557 0.0335686207 -0.0786836743 1.22411537 -0.145891488
    1.60509539 -0.549055874 -0.236634851 1.3074348 0.850251913
    -0.579777062 -0.242137522 0.705091178 0.0100538731 -0.488584578
    -0.160639793 1.32512391 -0.333275378 1.39972913 0.715667069
    0.0479092002 0.350194752 -0.426169217 -0.105036855 1.27384043
    -0.167468011 1.28080463 1.20232606 0.964232266 -0.272652626
    0.165938497 -0.212193996 -0.340474457 0.912024319 -0.250684172
    0.960753679 0.00924563408 0.667606771 0.321594059 1.33877897
    -0.491609812 0.477109075 0.164856434 0.609487653 0.99410826
    0.18924135 0.825331569 1.63660979 -0.407090008 1.20376658
    0.884925008 0.374812663 1.4426918 -0.0817950964 1.30765712
    -0.0988155603 0.551811635 1.10332155 1.43688095 -0.226659179
    0.954883397 0.494250834 1.5174309 -0.549245834 1.65402544 1.00334728
    0.927793384 1.00970197 -0.425944626 1.52276731 1.2882905
    -0.680989563 1.18229282 0.0490792394 1.49095571 -0.590559602
    -0.112729728 -0.227255315 0.651401281 1.56170535 1.33813739
    -0.595708489 0.881101489 0.293100238 0.615525663 0.0280444026
    -0.558927655 0.0587309003 -0.596951842 1.29911447 0.708687007
    1.59800887 1.02413368 0.652545035 -0.672371566 1.3002845
    -0.311612755 0.269074857 -0.392777741 -0.476898938 1.02875888
    1.41327214 0.118184447 -0.331737489 -0.177847117 0.793050587
    0.264923632 1.63462305 0.800002158 0.949224055 0.449332535
    1.56309724 -0.566179276 0.684626102 -0.644655347 0.528088748
    1.47770095 1.12899899 0.551833451 1.17597115 1.02704918 -0.592912197
    0.57984972 -0.551029027 0.529533565 1.13478172 0.640426517
    1.63144898 0.624478936 0.248349011 -0.326775253 0.493730783
    -0.332874715 0.50985837 -0.334261715 1.23902857 0.602229774
    1.01330292 0.318809152 1.23649418 1.20289683 0.326950073
    -0.463561416 1.48744082 1.03797674 -0.512293518 -0.18887642
    1.48442495 -0.0774751306 -0.480282843 1.16615057 0.908426523
    0.108873487 1.46513748 0.0283020735 -0.0175298452 -0.368764341
    1.15197968 0.582114518 0.071029067 1.02523446 1.35865211 1.38505316
    1.48885393 0.652048945 0.611961961 1.20735717 1.44945288
    -0.635574937 -0.280167162 0.512433887 -0.0221000314 1.37389159
    0.0516248941 0.094461441 0.435388267 0.985380948 -0.356341422
    1.41561079 0.230133533 1.58065271 0.132353187 1.12522721
    -0.359584302 0.733906507 1.30787134 1.0194819 1.26963663
    -0.292632312 0.575441658 1.43065643 0.882607996 0.492219031
    1.07172894 0.786123335 -0.0753204226 0.893925965 0.12838614
    0.567151427 -0.51989913 0.12051332 1.14377642 0.72420758
    -0.160257638 1.39526248 0.405116916 -0.61571753 1.11540747
    0.767372608 1.49862134 0.848241687 -0.249895841 1.37905216
    0.737782598 -0.363517731 -0.464862227 1.39147055 1.68506134
    0.85876298 -0.471035182 1.03559041 1.15899587 -0.0574914813
    -0.33121255 1.82426429 1.76194501 1.67412949 0.798708916 1.23708868
    1.76355588 1.65130138 1.53367913 -0.322760314 0.0996493697
    0.54361701 -0.577936411 0.112421811 1.11881065 -0.0282484889
    -0.148871064 0.400255919 0.942507625 -0.415870309 1.67725801
    1.60428751 1.57189143 1.18696392 1.61593294 1.57684684 0.5689224
    0.446065545 1.56415892 0.295885146 1.28293371 -0.677897453
    0.486405313 1.1692332 1.2415415 1.31107783 1.35427952 0.360417902
    1.2648983 0.213602424 0.202240169 0.375069022 0.396383643
    -0.37672025 1.56112194 1.22261167 0.0813263655 0.490695179
    -0.482545346 -0.472790718 -0.33045879 -0.311858773 0.460944593
    -0.121575713 0.483110487 0.521967471 1.22619617 1.65628314
    0.206783235 0.401194513 1.59567285 0.749213457 1.06832325
    0.962008238 0.770331323 -0.437453985 0.0965981483 0.584512293
    1.55534911 0.691158712 1.0431453 0.625923991 1.34340644
    -0.00835615396 0.153475046 1.02311969 1.44623613 -0.679922462
    0.0261404514 0.4801054 1.05539846 -0.0101721883 -0.220902562
    0.400869131 -0.173551798 1.28001285 -0.333845884 -0.379779279
    0.933051646 -0.0518003106 1.44649816 1.13517427 1.06425261
    -0.044252336 -0.158948302 1.32914901 -0.166238695 0.629719317
    -0.232497603 1.21574545 0.752820492 -0.629046023 1.35894275
    0.681868076 1.28288102 1.4052254 0.587157071 0.87102139 1.60006571
    0.778398335 1.06397057 1.48516512 0.854743183 -0.197068125
    1.09216857 0.959833384 -0.423737377 1.23567343 1.53016376 1.39205432
    -0.427161336 0.925865769 -0.151472688 0.897678196 0.731219649
    1.05966282 1.20690775 0.260096967 1.60668182 0.512283862 1.45505476
    -0.448185802 0.410451114 1.08948183 1.57154655 0.868531287
    1.08172011 0.0989548564 -0.071533978 -0.323976815 1.29357266
    -0.17291683 -0.283891648 0.0929317474 -0.412048638 0.421661079
    -0.0705223083 1.43388772 1.10424805 -0.581015348 0.758504748
    0.630256414 -0.0378578901 -0.429033309 0.126804888 0.899842739
    -0.091247201 1.10713816 0.159536302 1.59176219 1.17374706
    -0.380801767 1.27215433 1.24993062 -0.0452311635 1.18876314
    0.394934535 0.0319993496 -0.208690852 0.877219558 1.54443669
    1.01322412 0.927644074 0.642584622 1.36942744 0.761579275
    -0.146039784 1.08152175 -0.428348541 -0.522632837 0.857116103
    0.672667742 1.30069625 -0.433801413 0.15479666 0.209581435
    0.619098365 -0.133999348 -0.608626306 0.803791344 0.433830321
    1.56872797 0.0501806736 -0.672047675 0.134813845 1.27099347
    -0.0554940104 0.626636088 -0.274360329 0.77853477 0.644536495
    -0.484891355 1.34439254 -0.257500112 -0.296206176 0.351134837
    -0.475241244 1.15371847 -0.407583952 1.49393106 -0.297411323
    1.55994797 0.446647882 0.193969727 1.05171442 1.20950532 1.5151931
    -0.355180472 0.516922772 -0.141241312 0.348298192 1.11957455
    1.06110322 0.489360571 0.0751420259 0.35578227 -0.397060126
    0.837002933 1.43141127 1.42775297 0.935524881 0.844670415
    0.174183726 0.685952604 1.42192388 0.526174963 0.575824142
    -0.269062459 1.59303236 -0.505322933 1.42988598 0.194878519
    0.357961118 1.2287674 -0.00699228048 0.358453214 0.983998656
    -0.26316306 0.525056958 1.69032657 0.14397651 1.71729398 1.53751719
    0.0985338688 -0.23311916 1.51231933 -0.173480392 1.81728864
    0.983591557 1.72687793 -0.0265218914 1.54668617 0.848099351
    -0.360588878 1.60366416 0.0215994716 0.754675865 -0.286223739
    -0.283380061 0.51873529 0.63243252 0.44146508 0.630366206
    0.511962295 1.64037657 0.958998799 0.535719931 -0.470648289
    0.0406518579 0.423149645 -0.0319309235 0.785623968 1.689394
    0.141617477 0.420104802 0.485755265 0.445253015 0.468233109
    1.47173262 0.8612535 1.44816947 0.0849671364 0.9123106 0.00598293543
    -0.592790723 1.47372687 0.559489429 0.510314226 -0.385568768
    0.116263449 1.19687951 -0.596025884 1.66622186 1.39716983
    0.253006697 1.61442769 -0.27291581 0.913871229 1.24460125 1.65124035
    0.366175234 1.38419604 -0.556904674 0.588512003 1.50441337
    1.21529698 0.671692073 0.630333006 1.61073661 1.59445024 0.262682557
    -0.566268206 0.264125228 -0.518951476 1.33233666 0.800530732
    0.00125914812 0.413256347 0.92476368 -0.249869287 0.558290899
    -0.0711078048 0.765853286 -0.63511306 0.299906909 0.952788532
    0.0387305021 0.379857242 0.787318707 -0.420280874 -0.541208923
    -0.393118262 -0.349056929 1.23382139 1.08572984 -0.410214067
    0.676184773 1.34547198 0.470666885 1.31812513 -0.46636641 1.28887343
    0.348074734 0.924476862 0.352731049 -0.00381612778 0.477327824
    -0.0728115439 1.20225596 1.44413042 -0.347862571 -0.237717658
    -0.337096483 0.53056556 1.07965088 -0.142712355 -0.252173185
    -0.390825242 0.623676181 0.404313982 1.27318525 -0.307975709
    0.668167472 1.12903821 0.260176361 1.20032418 0.0466476083
    -0.449083239 0.86095643 1.17507887 -0.064378202 1.28101933
    -0.440734208 0.0928108692 -0.205300033 1.26264071 1.30643845
    -0.440061152 0.23884517 -0.278346598 0.695930302 -0.407050461
    0.874023318 0.768972814 0.596978664 0.6218099 1.4151715 -0.255351901
    0.107717276 -0.0243273973 1.13676381 0.589624882 1.0173943
    1.56423151 0.97669363 1.53177214 0.228218436 0.395356536
    -0.340915233 -0.038893044 -0.63055557 -0.240919113 1.06537747
    0.381510675 -0.132510066 1.60206664 0.0115012527 0.588711679
    1.34118962 -0.676386893 0.978649795 1.18665195 0.198569953 1.6002872
    0.681590736 0.168229401 1.29931998 0.97090131 -0.283183575
    0.529974461 -0.423348129 0.533390522 1.00517845 0.430486321
    -0.611392617 -0.0263847113 0.547169864 1.59830451 -0.29503274
    1.47605419 0.737127066 -0.60968864 0.0566613078 0.528008819
    -0.452974141 1.35136843 0.147244751 1.19518971 1.26829255 0.65407294
    1.2332598 1.32552028 1.49410033 -0.148551345 -0.658125758
    0.556408107 -0.0101956129 0.485337853 -0.629297674 0.197295904
    0.602604568 1.03599215 1.08264923 3.90410423e-05 -0.358776659
    -0.243602574 -0.638601005 1.23486185 -0.106586397 0.964928746
    0.449358523 0.850577176 0.530254662 0.0873680711 0.502769351
    -0.510093808 0.21943301 0.588317335 0.646288216 0.673483849
    -0.297551632 -0.404007882 -0.0749557018 0.755756199 -0.632520318
    1.23781264 0.328857601 -0.0135505199 -0.239690095 1.29513192
    0.661908329 0.0448895693 -0.244496524 1.5824995 0.187137842
    0.239016056 -0.241233259 -0.172461152 -0.679224014 1.40409517
    -0.0304440856 -0.165189147 0.66629827 1.39978778 -0.149083972
    0.471937001 1.7148211 -0.14932403 -0.190262258 0.00500309467
    0.935823441 1.41564655 1.30175591 1.255373 -0.137269199 0.716230631
    0.973181725 1.32351279 -0.131960243 0.719566047 -0.227269411
    1.49927926 0.172369301 1.41304183 1.05036974 -0.165259838
    -0.55979687 -0.120882511 1.44006658 0.714567721 0.762254894
    0.342708707 0.484365821 0.800542474 -0.25823471 0.438040257
    1.4111315 0.782382905 0.918092728 -0.0314374566 1.19537699
    -0.249229908 0.433348954 0.80311203 0.748455107 0.696065903
    0.842165887 0.485697925 1.20639133 0.00267589092 0.8281129
    -0.20024997 0.57250917 -0.154241204 0.310356379 1.36676621 1.5457387
    0.408109903 -0.170265079 1.1821568 0.0414854884 0.743955851
    -0.234695345 0.847066462 0.311754704 -0.356646925 1.09791708
    0.846092582 0.79080528 1.37608802 -0.10054934 0.0396153927
    1.23680365 -0.070771575 -0.568953693 0.83492589 -0.105057955
    -0.171776414 0.736624658 1.33350289 0.154664636 -0.101548254
    1.43675971 0.636584282 0.904747546 1.30511975 1.38793111
    -0.111586332 -0.293951273 1.25273752 0.460509241 0.235600054
    -0.398863047 -0.432268023 0.285253644 -0.538758755 1.65383947
    -0.0466036797 0.380044162 0.735961199 0.694167018 0.881450117
    0.263711214 -0.572742522 -0.196831852 0.654091835 1.366292 1.482494
    0.661208749 0.163438618 0.0817866325 0.636983156 1.58177328
    0.0608072877 1.1022687 1.5087862 1.17824864 1.42303324 -0.269356728
    -0.65717423 0.884964347 -0.136983275 -0.230195165 -0.54826194
    0.364302874 1.29461133 1.33047843 1.08132041 0.861853302 1.11321545
    0.110046566 0.604835987 0.0817904472 0.436106801 0.116629601
    -0.106158257 0.949529171 0.610820472 1.54531574 -0.416028082
    -0.396573901 0.673826933 -0.429374725 0.695631862 0.382312655
    1.48179603 1.20194483 0.65943253 -0.688261986 1.3070631 -0.593412995
    0.229246497 0.149838388 0.664196789 1.48613286 1.12330139
    -0.368835986 0.0524318814 1.26134169 1.23506308 1.06749892
    1.64997077 -0.53258723 -0.381545305 0.507810354 -0.547112882
    1.67627358 1.54927206 -0.59198308 0.0752440095 -0.217261583
    0.416893303 1.02527964 1.5095005 1.04672265 0.581565917 1.03107274
    0.628717959 1.62573814 0.103118598 1.28162062 0.236612916
    -0.0287585855 0.827251136 -0.367429912 1.15676379 1.06436825
    -0.344857156 0.898790181 0.669711649 -0.0820219517 0.950392425
    0.0163961053 1.26134038 -0.308466703 0.39030391 0.368582666
    1.02312815 0.147476196 0.540000141 1.40673518 0.480824649
    0.989923239 0.828226924 1.20170259 -0.284411967 0.540918648
    -0.215618134 1.26547229 1.05593991 -0.53737402 -0.519806325
    0.473215163 1.62136269 1.57715726 -0.482759118 0.208148301
    1.57606196 1.13847446 1.6050725 0.0851284266 0.0142894983
    0.132477999 1.00252628 -0.0322300196 0.231678605 -0.394996434
    0.787278235 1.168859 1.45123255 1.34358144 0.419731975 1.11232853
    0.492324531 1.18880165 1.43312979 0.939737976 -0.0828905106
    -0.255188942 -0.172487259 0.0194430947 0.304085612 0.2029773
    1.46968389 -0.0191168785 1.34894729 1.49762785 1.48871708
    0.536837399 1.21611452 1.51054585 1.24466181 1.59240866 -0.289200276
    0.607550681 0.804783046 1.39356399 0.737779915 0.173264086
    1.48973107 1.45001769 -0.432273328 -0.195209473 -0.296238214
    0.872248769 -0.0284712911 -0.286750048 0.0270420909 0.522915184
    -0.443362176 0.19339475 0.43015632 0.0691388249 1.12364399
    -0.122323662 1.51207519 0.773341238 1.6098392 0.981983662
    0.316013992 1.23702598 -0.283433557 -0.621043324 -0.303422123
    0.538250089 1.45184004 -0.603264689 0.286061585 0.376726747
    -0.261099935 -0.0958244801 -0.189199865 0.482385933 0.0355898142
    0.547804773 -0.348849028 -0.58283931 0.271360338 -0.0330697298
    0.0224750638 1.43322837 0.411629736 0.949501097 -0.089192152
    0.698397994 -0.266607881 1.61068249 0.143402457 0.0741106868
    0.357594371 0.84997946 -0.410254002 0.0890093446 1.31712914
    1.32207119 -0.192595869 -0.45766592 -0.0163200498 -0.434303761
    -0.393883824 0.95270586 -0.331078202 0.528272033 0.015124619
    -0.29270494 1.07366931 0.702535152 0.139520705 0.535609841
    -0.437510729 0.334619045 1.63041556 0.629209578 0.609203577
    0.550810933 1.20593596 -0.21259886 -0.41271016 0.429668188
    0.148007452 0.897668958 -0.634156048 0.73997426 0.821189463
    0.82904458 1.04135656 1.2812407 1.26124191 -0.303520143 1.11841321
    0.924950659 1.17237771 0.969447076 0.270148516 1.44909692
    -0.0678232908 1.68476248 -0.359859943 0.636550605 1.25231326
    0.765538752 -0.331752121 0.872241139 -0.596071541 0.522953033
    -0.275495142 0.814927161 0.254671216 0.475492835 1.34723783
    0.0283643603 0.440737903 1.34099483 -0.56488049 0.08200109
    -0.318519324 -0.294177562 -0.00254333019 0.946849346 0.611658573
    -0.120268226 0.906380177 0.790540397 -0.586662292 1.49308527
    1.05971158 0.587639511 0.0393163562 1.61181641 -0.349128366
    -0.575765669 0.564688444 -0.424445629 -0.341661572 0.325712621
    0.792428851 0.823649049 1.09212518 0.842386901 1.6396513 0.447038531
    -0.16250056 0.50181222 0.344535708 0.22958982 -0.381330013
    0.545302987 0.612193286 1.4146328 0.039329648 1.5760715 0.163839281
    0.814609766 1.35412836 0.727102757 0.740541697 1.44200182
    -0.170498073 -0.0416377187 1.26706231 1.2375412 1.19395185
    0.339431167 0.925252616 1.33477116 1.01002467 1.34830403 1.43804383
    -0.308517933 1.52580953 1.51588321 1.58719993 0.193427384
    -0.129137576 1.08107996 -0.386254787 0.0378596783 1.21178603
    1.55761468 0.473952115 -0.424915671 -0.334598213 0.349762261
    1.03519797 -0.0217319131 0.0757084489 0.522887945 1.58637238
    0.436729312 1.15849113 -0.00818699598 1.54640925 0.35671854
    -0.595906854 1.4683671 -0.0844231248 0.538247585 -0.223827869
    1.2859633 -0.41194725 0.580611885 1.20328867 1.61719251 -0.422257572
    -0.0482969284 0.836515665 -0.453453064 0.182472885 1.45146394
    0.506702006 0.0149862766 0.184306681 -0.359987497 0.0225375295
    1.6355859 0.0221640468 1.02821946 0.110677719 0.655350924
    -0.00904363394 1.69005942 0.0724362135 -0.641003072 0.778893948
    0.14823401 0.824914575 0.221558511 -0.300383747 0.145899892
    -0.172154725 -0.55748421 -0.488191605 1.07735085 0.568335533
    1.47228646 0.662605703 0.773935258 -0.195053756 -0.429207534
    -0.520256817 0.266186953 0.469403207 0.138447523 1.04280412
    -0.570168495 1.48049068 -0.201728523 -0.646098852 0.156854987
    0.652024686 -0.509545088 -0.615841746 1.46749759 1.42795277
    -0.229353547 0.0364896059 0.521731377 -0.538773775 0.780122399
    -0.194498122 -0.0255630612 -0.0268281102 0.20246923 -0.151519895
    1.54041541 1.16944742 1.70762837 1.00148809 -0.335827827 1.21932244
    1.150653 1.12166142 0.748058498 0.359846592 -0.192392647 1.19568825
    1.03878474 1.38492894 0.622141421 -0.228253484 -0.598190069
    1.63877702 0.913868785 0.987382412 -0.586704016 0.343009889
    0.740279019 1.15192592 0.474266708 -0.57387948 -0.584401548
    0.178076088 0.721628785 0.796792865 0.95082283 1.18147826
    0.307125449 0.157709539 -0.281750023 0.511183381 1.58216977
    1.39394689 1.62559748 -0.434282273 0.604267776 -0.231752425
    -0.215708196 0.818431437 0.50256741 0.880158663 -0.130246103
    0.472382009 -0.430702627 -0.263250738 1.45055747 -0.130474985
    0.453018665 0.239374518 0.96459794 0.411277652 0.165908575
    1.10958457 0.401063442 1.19495583 -0.149735987 0.34204942
    0.569432557 1.2384485 -0.0230568051 0.546180248 0.202948868
    0.909760356 1.57551074 1.58435678 -0.481359541 -0.546301305
    1.49669671 -0.495384365 -0.0447105169 1.17974007 1.12825632
    -0.397389472 -0.396345884 1.53150773 0.686363339 0.374247551
    1.24208069 0.701699018 0.166487575 1.40719163 1.26410699
    -0.259213179 0.517167985 0.181095839 -0.32489109 1.56808841
    0.985708296 0.957183063 -0.641419768 -0.667246938 0.714724839
    0.57475847 0.689753652 -0.573596776 -0.0841825604 -0.162033498
    -0.398920387 0.445766211 0.507367074 0.220759273 0.0861169696
    0.560085595 -0.0774046183 -0.0954617858 1.01686978 0.49808526
    -0.368907332 1.54331589 0.430905282 -0.12684375 -0.364329994
    0.151054263 -0.388426363 1.47529554 1.25204122 -0.329626292
    1.37705755 1.53793311 0.474318385 1.11540365 0.257107437 1.43944168
    -0.194771588 0.565632701 1.19231439 -0.20203042 1.40747106
    1.59081411 -0.465841472 0.4983024 1.39799452 0.147815704
    -0.557663262 0.879546225 -0.441723526 1.23920047 -0.0142396688
    -0.517813146 1.2030791 -0.401895106 -0.581769824 0.579404056
    1.01568747 -0.193017066 1.04790473 1.34745741 -0.478552699
    -0.563327074 -0.175335407 0.196575403 1.6014626 0.0153745413
    0.578930736 -0.406363308 0.991571963 -0.501806676 0.853320479
    0.563893378 0.164357245 1.29055619 1.59368324 -0.0517650247
    0.901763499 0.558404982 1.24055982 0.776106715 1.24619317
    -0.373972654 -0.241930813 0.0354372859 0.692341864 0.621873677
    -0.427348197 0.00847631693 -0.540682077 0.324437618 0.549546063
    0.508119285 0.0884421468 0.598411381 1.08446813 0.681077123
    0.362782657 1.66296697 -0.351038665 -0.490016878 0.222129285
    -0.50173521 0.875441432 0.995574117 1.43040788 0.827763855
    0.306219101 0.192292988 0.921724975 -0.166960418 1.37503147
    -0.0195487738 1.66250026 0.305599988 0.584277332 1.38678789
    -0.325735182 0.430078626 0.0861235857 0.0192905068 -0.433807462
    0.599199057 0.247445405 -0.314942002 -0.15035373 -0.392066479
    -0.51899457 1.4637084 1.40552986 0.23977983 1.48711967 -0.322507858
    0.336371183 1.47773099 0.19950968 1.17838979 0.862897635 0.974594057
    1.19610763 1.5160923 1.26230502 0.906356215 1.00149572 -0.174326539
    0.491271615 -0.00258684158 -0.620689213 0.711019635 -0.0220910907
    0.406606376 0.666165709 1.49776411 -0.38319242 0.559660673
    -0.304977089 0.0845256448 1.04018235 -0.240949243 1.2696228
    -0.11482963 1.33235765 1.08173013 0.215087593 -0.616110206
    -0.192166239 0.229774117 0.0677466989 -0.0906363726 0.617667317
    1.59411633 0.185192943 1.71601343 0.430296242 -0.593918383
    0.814164162 1.02452421 0.0499973893 1.29386318 -0.147291541
    0.87928468 1.02550328 -0.177165419 0.190909624 -0.64296639
    0.449503601 0.693961561 0.381173551 0.178546667 0.371236145
    1.35237944 1.00011444 -0.0796815753 0.190756738 1.20017147
    0.650786161 -0.451193184 1.60648656 1.16460061 -0.164863765
    0.345669508 0.125374973 -0.0822666883 0.622435391 0.603907526
    0.116220653 0.895342469 1.45865297 0.0769683719 0.788330913
    0.914448917 -0.347790837 0.0317072868 1.11723173 0.275361776
    1.33723414 0.0792973638 0.206052542 0.754460692 0.547822535
    -0.246291041 0.322511911 0.0759221911 0.281290412 -0.112362504
    0.290035963 0.00288939476 0.226500511 1.39063239 -0.688482046
    0.762546301 -0.321514636 -0.384149671 0.343020022 0.145480633
    0.542648733 1.32602346 0.365961969 0.207061589 0.73934871
    0.387456596 1.09588003 1.08835721 1.31078196 -0.198121279
    -0.361725599 0.621728957 1.4454757 0.705958962 1.03322899 1.44600129
    -0.3546924 0.10883677 0.536222279 -0.536834419 -0.0497354269
    -0.218345523 -0.559049368 -0.418403178 0.432828784 0.615778029
    1.11203885 0.586947262 0.453685462 1.28798199 -0.106972039
    0.74932009 -0.0729972124 1.11822438 1.28224504 -0.237656236
    0.334324479 0.602858186 0.104100883 1.5526042 0.182308853
    -0.279348999 -0.270886868 -0.62298429 1.45876551 1.38069797
    0.503452957 1.2865504 1.26455343 -0.223347515 -0.546431541
    0.860065579 -0.518393397 0.357664764 0.459734976 1.06241298
    -0.510036051 0.365262032 1.09058046 -0.375254214 -0.0953338146
    -0.387804896 1.32341766 0.648930669 -0.0704430938 1.11189938
    1.53373313 1.44686532 -0.449759841 1.10153818 0.896023452
    0.301531732 -0.187431067 -0.263836712 0.28252691 0.654789388
    0.546314776 0.641051531 1.58528709 0.683553874 -0.145313144
    -0.372068077 1.41394734 1.39947724 -0.207279593 1.32227087
    -0.112560332 1.57252789 0.773034513 0.0117899776 0.985993266
    0.37978524 1.0657078 -0.170466304 -0.596802056 -0.455517471
    -0.637134135 0.645608664 0.00140160322 -0.25869602 0.552717865
    -0.245740563 0.622982442 -0.134327233 0.68642211 0.062389493
    0.992062807 -0.582448781 0.96404469 1.53773642 1.7155298 1.49544668
    0.907618999 1.60263431 0.200388253 0.596630991 -0.326343238
    1.35026789 0.614775777 1.55274808 0.0416666865 0.151319802
    1.44404876 -0.343689263 1.17143381 -0.165691525 1.30309534 1.0082947
    1.27959085 -0.60362798 0.951155901 0.744980514 0.999297798
    -0.242266327 -0.182516932 -0.0391010642 0.842190564 0.385477722
    0.670707345 0.939017296 0.291164815 0.864603519 1.15254581
    0.309497297 0.927036107 -0.615971804 -0.63547492 0.126035273
    0.690320432 1.32019162 0.883675992 0.974497736 0.615118861
    0.646399021 0.853409767 1.55407512 -0.176882565 -0.461105406
    0.506628096 0.98603797 0.566673696 0.784883559 0.840949118
    0.657166481 -0.201904476 -0.632377148 0.407601237 -0.418205798
    -0.448527515 0.0132802129 1.0700084 0.317623198 0.230327249
    0.63641572 1.61197805 1.6627233 0.218915939 0.017541945 -0.587584436
    -0.0495452285 -0.16262269 1.03486538 -0.187464297 0.598028541
    -0.0114962459 0.675288737 1.67279589 -0.438084006 -0.278260708
    1.60910177 1.57666683 1.72763205 0.483694077 1.40854287 0.460872412
    1.65025377 0.994559407 0.607593358 0.0131338835 -0.170343637
    -0.082180202 1.49194694 1.46871579 0.15654254 1.06743443 0.516027689
    -0.550620914 0.232541084 1.13440406 1.18083429 1.2233963 0.609436512
    -0.360383809 1.14449596 1.10004723 -0.393222749 -0.119766474
    0.972536623 -0.302149028 0.463312805 -0.174253166 0.434169888
    1.46952534 0.795380771 -0.245426834 0.910500467 0.0474430919
    0.431106746 1.24553406 -0.283600569 0.824527264 1.19944715
    -0.131450057 0.153946102 -0.157039583 -0.541328371 1.44270658
    0.380844235 -0.272618026 1.27209949 -0.488264203 0.153087854
    1.06867766 1.50098515 0.706190169 0.65600723 1.56802964 1.23295951
    -0.351944685 1.02740574 -0.505849183 1.3152349 0.0472816825
    -0.288561791 -0.302859247 0.405654728 -0.272473454 1.32789338
    1.23888516 -0.419325531 1.19316316 1.470824 0.429955304 1.11834204
    0.288151383 1.56641424 0.440612257 -0.173995733 0.0175976753
    1.32639194 -0.132175267 0.0591490865 -0.296068192 1.18808329
    -0.37095955 0.0496871471 -0.0747233033 -0.0331941247 0.411590815
    0.081805408 0.952886224 -0.349665225 0.513980508 0.0133990049
    1.11555719 1.65820396 0.562973201 -0.626943469 1.14380217
    -0.558676124 -0.386496127 1.56950319 0.663471282 0.252853394
    1.46638608 0.883102834 1.68172312 -0.0707648396 -0.2708579
    1.31089497 0.557834089 -0.12702018 1.33983779 0.754550934
    0.159133196 0.646046698 0.611584723 -0.344439745 0.986676514
    -0.000221192837 1.41665304 -0.242944002 0.0650106668 1.08040059
    -0.592046916 0.874769509 1.4226234 1.36752021 1.62073541 1.46247625
    1.52671921 0.0678777695 -0.627670109 1.1850878 -0.126509666
    -0.0500235558 1.09099293 0.171989083 1.20367444 1.04142642
    0.791402757 1.56691194 -0.441537321 -0.0226117969 1.14031243
    0.399587214 -0.227755159 0.498279691 -0.553547561 -0.34581399
    -0.373123586 0.416427732 0.712332129 -0.233550608 -0.211818069
    0.8522048 1.63292289 -0.583632469 1.35455894 0.669143736 1.45388079
    0.0878551602 -0.281631678 0.806354821 0.869966626 1.48547435
    1.42292011 0.921939373 -0.301954716 0.89585954 0.0349162221
    -0.134262502 1.48461878 0.44276607 -0.335319698 0.0123187304
    0.575179935 0.0876367688 0.492736042 -0.128140628 -0.409093559
    0.146408617 -0.349850595 1.51134276 1.64593887 -0.141073376
    0.521161437 0.0898482203 0.177214324 -0.506886601 0.697282076
    0.252130568 0.676747084 -0.106805742 -0.455411017 0.143175125
    1.65329361 0.0313863158 1.06439877 -0.579596639 0.586673498
    1.23662686 1.63884008 1.59206057 0.582077861 -0.0484905243
    0.53506875 1.03763521 1.439237 0.131091833 -0.264994204 -0.522146046
    1.53059125 -0.147704899 0.918347895 -0.127144933 1.31262279
    1.55674601 -0.238345116 0.355183661 0.936974764 -0.587439537
    -0.402292192 1.27985597 1.1463424 1.1947602 1.58179188 1.23464084
    -0.127246082 0.564566195 0.0436106324 1.49940467 -0.471211553
    1.46632624 0.163447917 0.800498009 0.804257929 1.30263948 1.06273174
    0.0601167083 1.48123026 -0.0184653997 1.29207969 0.0146199465
    1.45865977 -0.158547103 -0.443482608 0.408572018 -0.0386077762
    0.891745031 0.827367783 1.14345801 1.45785844 1.39860463 0.363929898
    0.0218217373 0.328421682 -0.264244944 1.25294161 1.7643857
    -0.379302919 0.951752126 0.779499471 1.08434713 1.00696671
    1.36340404 -0.399474114 0.535620034 -0.343809038 -0.612617552
    -0.043384254 0.401092589 0.144661665 0.056355238 0.831912398
    1.43486059 0.951003432 0.933050871 -0.572324693 0.345280588
    0.197600603 0.556084752 0.200504661 -0.569016159 0.634099603
    0.587757766 1.42572427 1.31689596 -0.0806048512 0.183990538
    0.0318832994 -0.0668965578 1.25455654 0.272119343 1.43546367
    0.99308002 1.53096366 -0.488473445 0.730650604 -0.610320449
    -0.435710251 0.63194567 0.577128887 1.00744843 0.407552481
    0.115968168 0.0646455288 0.267724454 1.25966954 1.54536593
    1.20906305 1.37372029 1.33525658 1.06871676 0.152743876 1.36286378
    0.53519696 -0.283220232 0.620564342 -0.421574205 1.58226943
    1.42956233 0.591928005 0.396162748 1.14165592 -0.0173865557
    -0.563034654 0.634732544 -0.402582228 -0.276157022 -0.459673822
    -0.0364499688 0.149802923 1.46354175 -0.176928222 0.182011187
    0.821393669 1.58420253 -0.177232802 0.238312542 1.60271096
    -0.0226483941 -0.621355891 1.44340158 -0.0193896294 1.58332217
    -0.262634337 0.724139273 0.104743838 -0.417248189 1.48268461
    1.53212738 1.43155313 1.6414628 1.37565041 0.66606468 -0.0219306946
    0.69464457 1.06610227 1.10300493 1.11159611 0.711152852 -0.551169276
    0.529978871 0.0851982236 -0.173728973 -0.321338832 0.582400739
    0.105995059 -0.219081432 1.38677502 0.885270357 -0.0132511854
    0.107982755 -0.26821807 0.612403035 -0.0318620205 1.66750741
    -0.153283626 -0.010370791 -0.162260175 1.27276123 -0.573132873
    1.51086104 0.0122283697 1.1749016 1.21871316 -0.265035808
    -0.677276373 1.62169921 0.51983887 -0.367714167 1.57583177
    -0.333221436 1.43909514 0.625728369 0.439365685 1.1210742 0.23358047
    -0.262400478 1.30477953 0.837280452 0.629441559 1.2380029 1.04042733
    1.38895309 0.836256325 -0.0800310969 1.44076753 -0.432520747
    -0.180337965 -0.522228479 -0.00389635563 -0.117176652 1.09531558
    0.83667624 0.308636189 1.47432303 1.3728646 -0.0801415443 1.02892184
    0.51614821 0.740511954 0.216234028 0.950809181 0.981501281
    1.56761885 1.38818836 -0.0867328048 1.12180924 0.767535865
    1.51046968 -0.0726015568 -0.425644904 -0.386298418 -0.144212008
    0.858587384 0.477831006 0.569092333 -0.138387203 -0.00454467535
    -0.391768098 0.562377334 -0.499206305 0.847812295 -0.120221972
    -0.551143348 -0.514443338 1.60788417 0.866626561 0.0284915566
    1.16729784 1.62026167 0.18972218 1.18893361 0.511890352 1.57109988
    0.0654052496 1.56314874 0.741522133 0.323197067 -0.623824716
    -0.000130534172 1.17861676 0.46802038 0.870583296 0.209294617
    1.26611137 0.710902214 0.276644289 0.519265652 -0.0338788033
    0.754007816 1.5581007 1.07353497 -0.0197541118 0.472139537
    0.0943328142 -0.610210836 -0.413735479 0.402990878 0.750337303
    1.15577483 0.593785644 1.08604193 0.466635406 0.924415946
    0.279313385 0.213095248 -0.117473066 0.590569794 0.0915420055
    0.0828077793 0.00863963366 0.8247751 0.399107635 1.53257108
    1.32410991 1.6030035 -0.474019527 -0.284421831 -0.468064308
    0.97956115 0.267933965 0.129591584 -0.145272315 1.12479031
    0.382675827 0.536680639 -0.077085346 1.53139722 0.501462758
    0.569313347 1.31800663 0.0420997739 0.320489109 1.00981963
    1.07698691 0.653644204 0.938532948 1.11337876 1.07207632 0.345481336
    0.449368477 -0.543637753 1.64310169 -0.202794701 1.35341501
    0.127636015 -0.0699419379 1.07036531 0.780817389 0.89097321
    1.45402491 0.647016466 1.06650984 0.703472495 0.87582171 0.311754763
    0.128753841 1.54626811 -0.00898587704 0.775733829 0.746991575
    0.582358122 1.40031171 1.38815904 0.0443953276 -0.0533956289
    0.787255168 1.56956148 -0.641067922 0.21089375 0.911598444
    0.00475996733 0.819588482 1.13750684 -0.245585263 0.263223231
    1.6951201 1.40990436 1.03751755 1.08113515 0.00417453051 1.51891565
    0.0199682117 -0.557151556 0.362899244 0.70331043 1.61982799
    1.1477052 1.30816543 0.0628996491 1.44765365 1.24555779 0.366195023
    -0.263710856 1.48587036 0.719621897 -0.0333564878 -0.0788501501
    1.1320672 1.6405437 -0.440560758 -0.446451843 0.845909595 1.2668519
    0.479986131 0.640802026 0.885761619 -0.0649960637 0.600268483
    0.0916528702 0.874906123 1.02931046 0.340067506 -0.126803041
    0.600528359 -0.197454959 0.512655675 1.22876632 0.818103254
    0.378408074 0.366952062 0.786637247 0.758167982 1.31755531
    -0.114743054 0.850146413 0.308324456 0.514357448 1.1110692
    0.498903692 -0.175380856 -0.0284290314 -0.241226792 0.621641278
    -0.552356422 0.163605094 0.291427851 -0.196372986 0.563149869
    -0.0535230637 -0.561811447 0.103693068 0.772246897 -0.59263587
    0.661176562 0.0363019705 0.572274208 0.393177211 0.96759367
    0.882439673 -0.181026727 0.940019429 -0.24179098 1.24944472
    -0.0476115346 1.03676772 -0.395480752 -0.0756030679 0.966896653
    0.976502299 0.98685807 1.59647739 -0.590875089 -0.102748275
    -0.120093048 1.510391 1.51407349 0.146897793 -0.346922159 1.40764427
    -0.619915366 0.052113831 -0.248019427 0.632445276 0.151834428
    1.17927742 0.949956119 1.09448385 0.340633333 1.35655403 1.46750689
    1.2089777 1.55668759 -0.0713087916 0.111750841 -0.545273542
    0.913976431 0.495181561 1.60084748 1.44176865 0.293489337
    -0.494950682 1.62260735 0.334468365 1.07958329 -0.496127248
    1.19912302 0.185022414 0.200366259 0.798292339 1.44085371 1.64899349
    0.649749279 -0.134572446 0.450008452 0.428227603 -0.477513194
    -0.533003032 -0.17778179 0.61468488 1.6736362 -0.0440820456
    0.322166741 1.19473243 -0.467213213 0.493077159 1.32976723
    0.0564097762 -0.0558308959 0.00324434042 0.598619401 1.56889033
    1.00446868 1.58225918 0.782888532 -0.132657588 -0.145180643
    1.32130015 -0.4300946 -0.232536703 0.0309463143 1.1120708
    0.284170568 0.192355156 0.601040125 -0.633687675 1.17671037
    0.21406877 1.58374321 -0.44171524 -0.028385222 0.28998214
    0.725073338 0.902200282 0.416347504 -0.425445706 1.34402275
    1.3572402 1.19840813 1.4628222 1.13583469 0.34376657 1.13158345
    -0.496924043 -0.458209038 0.554524124 0.347479939 1.25570762
    1.10827112 0.621041298 0.597034156 -0.317540705 -0.292060256
    0.0462495685 -0.126468748 1.03412747 -0.0639806986 1.17425442
    -0.250033855 0.135034084 0.789677441 1.14454794 0.555769503
    0.174563706 -0.273449183 0.195632339 1.59996676 -0.579960108
    1.03184962 0.809427679 -0.412044674 0.394981086 0.480854988
    -0.369680643 0.626371384 1.60531664 0.373047173 0.0469229221
    0.498968124 0.526987493 0.787296593 1.26977706 0.00275105238
    -0.627467036 0.080304265 1.48682952 -0.491771519 1.45620227
    -0.426950216 1.32920265 1.01693642 0.614255607 0.357271492
    0.0583394766 -0.427681357 0.829006493 0.776720583 0.906368136
    0.0543955564 -0.488840878 1.6491344 0.900556266 1.13949072
    -0.53167057 0.140785575 0.112222552 1.15584731 -0.565942645
    1.41408181 0.247826755 1.26796436 0.057266891 1.43358183 1.30100524
    0.381011546 0.460558295 0.751130939 -0.573009491 -0.224438727
    1.49266267 -0.32628122 0.424059093 1.26775467 1.01535535 1.13095188
    0.387332201 0.851204395 -0.61449641 1.40812099 0.48399359
    -0.55990535 -0.542745292 1.2898674 0.923691869 0.829780579
    -0.119009137 -0.325545847 0.941379368 1.25406635 1.63883853
    -0.0626401901 0.148887575 -0.649339974 -0.211074263 0.513920546
    1.30694699 -0.0130157471 -0.225762755 -0.28621316 -0.325902522
    0.784971595 0.538573205 0.523834884 -0.360247374 0.479878068
    -0.129059792 1.1971873 -0.533494473 0.460763931 0.0206227899
    0.77341181 1.21614766 1.09832835 1.40094042 1.59479451 0.0264766216
    0.975220382 0.310430408 -0.322488099 -0.343118429 0.123908579
    -0.283044428 1.06662631 0.308471739 1.05072117 -0.0218759775
    0.613162637 0.573847413 -0.14025858 -0.235762864 0.584210873
    -0.28594628 0.676150501 0.996120393 0.923921704 0.103615224
    1.23965645 0.640012622 0.447720766 0.417897165 -0.25206089
    -0.265600413 0.662172198 0.271435738 0.944162548 1.67481756
    -0.614981651 1.0548656 0.885574579 0.499168277 1.3693049 0.999431968
    -0.423288018 1.63824654 0.801437616 1.33614933 0.23550421
    0.740097642 -0.224208206 0.808103085 -0.341410667 0.339542508
    -0.28071636 0.925430775 -0.0250881314 0.247248888 1.38467181
    0.73026365 0.443417728 0.281361878 1.4160459 -0.43542406 0.493358374
    0.180192173 0.916269362 0.320343792 -0.267640322 -0.402798682
    -0.418357521 1.09884191 0.967767119 0.836469471 0.0808108449
    0.479274213 -0.403619021 -0.547149837 0.248681605 -0.372551084
    -0.4458372 -0.421111643 -0.406887084 -0.279264659 -0.423866242
    0.173975229 1.59825027 1.49036598 1.00224233 -0.204139471 0.86886698
    -0.48889029 0.713123322 -0.0447408557 0.343250215 1.5798254
    1.1208539 -0.496239692 0.0198310614 0.160932243 0.370746315
    -0.257402331 0.194737256 -0.568831861 0.99393034 1.2246027
    0.176184773 0.47644037 1.30175674 -0.397963822 0.811538041
    1.55753684 0.704362214 -0.237073272 0.560628414 -0.416467398
    1.35743356 0.394315243 -0.244520187 0.109665751 1.17074895
    0.638912857 0.0536916256 1.05644858 -0.489396751 0.066618979
    1.3597697 -0.0261964202 1.50324714 1.60592699 0.516190767 1.51924872
    1.44974828 -0.516993523 -0.577003062 1.36208916 0.197413921
    1.3385365 0.984067023 -0.269840032 -0.659823895 0.393270314
    -0.520825028 0.260326624 -0.246439546 0.805416584 1.54555428
    -0.29255563 1.44256234 0.879587293 0.159779966 0.524947405
    -0.164923608 0.396427989 -0.547695041 -0.154753834 0.182862401
    -0.187238187 1.61279154 -0.540621758 0.748696506 0.164365709
    1.45047808 1.24301219 0.228928626 1.21999693 0.0630956292
    0.251614749 -0.169079483 0.242160141 0.438105881 1.80382073
    1.6261518 0.708030105 0.56780529 0.365904838 0.180555642 1.61240697
    0.285894156 0.516810656 -0.160355449 0.766400158 0.70555383
    0.758290291 0.896012008 0.470877767 0.918681383 1.59865236
    1.22737384 0.132996619 -0.326910824 0.820326686 0.678556681
    -0.0455070138 0.115654647 0.296340525 -0.237905055 0.555780113
    1.3758812 -0.0185326338 0.332714856 1.64841092 1.50138593 1.5641135
    1.03736436 1.2942338 -0.587246537 -0.0698882937 1.2798934 1.42235613
    0.277340174 0.510400414 -0.395894468 0.885331869 -0.231548756
    0.672702551 1.5593791 0.900714815 -0.0460606217 1.10758841
    1.05913568 0.99307704 1.24183869 0.753612339 0.950247586 1.10759652
    -0.307306886 -0.643039525 1.32355297 -0.345121115 -0.442270041
    0.443166196 -0.560477197 1.56583917 1.29457903 1.1645515 0.4033041
    1.32854009 1.62043047 -0.0250068903 0.855887413 0.54461956
    1.07174039 0.00914216042 1.62689018 1.16732621 1.06309772
    0.493988454 0.62359488 0.95917213 0.256940305 -0.669300735
    1.43676567 1.33363879 1.21019244 1.42585683 0.879403949 -0.256449401
    0.513237953 0.375564992 0.969727218 1.26394773 0.38458091
    0.634584188 -0.299031466 1.23339128 1.41684604 0.74465996
    -0.156368434 1.63052082 0.920984149 -0.0973613858 0.163562417
    -0.00118070841 -0.266996175 -0.366452038 0.952042937 1.0156014
    1.30281305 0.884797156 -0.062894702 0.385195494 1.48255968 1.5945493
    1.40648544 -0.206818432 0.689106047 0.523893178 1.52318275
    -0.593518794 1.52471018 0.859518766 0.447582543 0.48454541
    0.457063317 -0.144872785 0.00944519043 1.40220976 0.681939483
    -0.440282404 0.845955014 0.340134621 -0.3858473 0.083363533
    -0.139958143 0.182986498 0.125307977 1.47399795 1.49243808
    -0.372275978 1.44549537 -0.259045094 0.0556096435 -0.532076597
    1.57628584 0.398052692 1.3524878 -0.0485050678 1.44874442
    -0.637628317 -0.651359618 0.741690516 -0.532348394 1.31701207
    1.07373238 -0.567752421 0.745269895 0.226494312 -0.559833884
    0.0857708454 -0.082740128 1.34008777 1.30428839 0.520223081
    1.4661324 -0.144079119 0.672845244 1.30931818 1.11350191
    -0.358233958 0.65080446 -0.0163664818 1.03460395 0.0596593618
    0.66002816 -0.21555537 1.07858467 1.44790459 0.697987258
    -0.381322265 -0.13235414 -0.342206478 0.457853794 -0.562805831
    -0.195254207 0.87634033 -0.354136288 0.98956418 0.48465699
    0.602445245 0.416438699 0.423303127 1.09186482 -0.563794613
    -0.435090303 -0.101237416 1.47790551 -0.607256889 -0.48445493
    0.642164826 0.328378856 0.188861549 1.35539997 1.51753736
    -0.447181195 1.19697976 0.533904791 1.42286921 0.569683492
    0.904874563 0.60835892 -0.333356202 0.692679822 1.44452214
    0.819957495 1.16024446 0.943529248 0.168639064 1.31671786
    0.129109561 0.439323962 -0.181278765 0.54311198 0.963265061
    1.37136304 0.873268425 -0.26958409 1.61645103 -0.667988539
    -0.291208923 1.09909344 -0.346833199 0.629342794 0.466760159
    1.16921604 -0.6161533 -0.0868714452 0.0608434081 1.02133894
    0.494980633 1.35783339 0.02868402 0.264589131 1.61339819 0.325081646
    0.695556402 0.298419893 0.507913649 -0.0430446267 0.61193645
    0.945641398 0.53493005 1.20646048 -0.0790587664 0.72886759
    -0.243266642 0.380934834 1.31558537 1.07326961 1.71729922
    -0.123215601 -0.122762203 0.169380993 1.52760303 0.609767377
    0.992279351 -0.265138745 1.16236448 -0.54461658 -0.163395822
    0.20526588 0.129156113 0.358279347 -0.140179396 1.54542232
    -0.275324553 0.408019602 0.0899302363 0.498496771 0.214899242
    0.464524746 0.709414721 0.372232497 -0.0512434244 -0.588783443
    0.345656097 0.0661743879 -0.237469256 1.57543349 -0.498613656
    0.0272002816 1.25985217 -0.0245224237 0.358142078 1.52277589
    -0.158577204 0.848315001 -0.404417962 1.60213721 0.3605389
    1.37044311 -0.189729512 0.772130847 1.28149962 -0.335154772
    0.552838743 0.252799153 0.925081909 -0.220692515 -0.0218976736
    1.42665207 0.0100708008 0.0477719903 0.647991359 -0.132818997
    0.456480145 -0.656864643 0.255144954 1.27839303 -0.140208066
    0.691764772 0.613308191 -0.225158572 0.654546022 -0.388916433
    0.550183296 1.44873154 1.06626379 0.26976037 0.260960698 0.665364802
    -0.506918073 -0.297426105 1.30756235 -0.519528866 1.05135596
    0.309510231 -0.205207586 -0.431322426 1.20004702 1.39327312
    -0.449597269 1.05320442 0.108851314 0.481970787 0.638634562
    1.46186328 -0.64367348 0.590919793 -0.00715053082 -0.547382236
    1.40389109 1.52985346 0.472716987 0.199259162 0.280800223
    -0.443744421 0.565182745 -0.273916274 1.5943054 1.50073695
    0.452629566 0.676980495 0.58732307 0.849750578 0.821528494
    0.741097331 -0.106892645 0.127099931 -0.133127272 -0.420394629
    1.53545141 0.0783996582 -0.504096985 -0.0338911414 -0.167505264
    -0.363259405 1.57959557 1.20215964 1.41517496 0.949996173
    0.386607766 -0.387198448 1.42575908 1.09266353 -0.608049631
    -0.347954452 0.857955158 -0.41455394 -0.115539789 0.920568645
    0.936205208 -0.123512387 -0.379108757 1.23879588 -0.100828052
    0.58264333 1.42651367 0.63503921 1.21404743 1.11396217 -0.127684355
    -0.170250297 0.737185299 0.462721109 1.42916155 0.417205155
    0.141218305 1.02414382 0.596598089 1.68668568 1.44250572 0.031599164
    1.47405624 0.691574097 -0.454929948 0.515947521 -0.309189439
    0.711156666 0.418339193 -0.302286655 1.14670086 -0.597993672
    -0.0229028463 0.62122488 0.729935765 1.08800733 -0.44848901
    0.478250206 1.39174128 0.10702914 0.710036635 1.57843578 0.352372706
    1.5663408 -0.520018697 0.878644168 1.45895314 0.942591846 1.57699656
    -0.208963007 1.03339458 -0.599220693 -0.385780215 0.434318542
    1.71825051 1.19423485 1.53258789 0.666550219 0.953420401 0.73731041
    1.03648067 -0.165857553 1.10250998 1.34711373 0.309006274
    -0.211875588 -0.136514723 -0.157205164 0.751351655 0.311151385
    0.563407004 0.250281215 1.51879787 1.14187908 -0.169907391
    1.23905337 0.426336646 1.57195354 -0.696479499 1.20305395 1.52954865
    -0.516857505 -0.0732367635 0.382740676 0.649037063 1.08191538
    -0.101003349 -0.362738401 0.959467292 0.705811262 -0.336212039
    1.61065912 0.436672211 0.513082683 0.235579312 0.672317863
    0.210353732 0.530868649 1.40575957 -0.602395535 -0.185545146
    0.782094419 1.11807954 1.20304632 0.160648346 0.0363248587
    0.46156472 1.59350801 -0.0728423595 1.45426941 -0.305999011
    0.485391557 1.24525905 1.60774565 0.36367476 0.477749765 0.80422312
    0.250150204 0.551490963 0.447692096 0.0247523785 -0.119721293
    0.799645603 0.789925396 1.12323463 1.64562321 1.01622474 0.058719933
    -0.318074167 1.15901959 -0.520385504 1.34412217 1.31505108
    1.56308734 1.28678226 1.47380269 0.431302726 -0.281723171
    -0.516979814 0.82289803 1.60872114 0.547678232 1.37679732
    0.566687286 1.01267326 -0.304346293 -0.450757384 0.580955327
    1.3948158 1.23090303 -0.277421713 0.206240296 1.4050709 0.917739213
    -0.381899148 0.886592448 0.175853848 0.0762605071 1.20627451
    0.264906526 1.02742136 1.53928709 1.00139308 0.062966466 0.508882642
    -0.113007545 -0.445712239 -0.593274057 0.994461358 0.57571733
    1.16092455 0.763587475 -0.0791792274 1.08784842 1.61124921
    0.231935918 0.969712973 1.33496046 1.03055549 1.24195373
    -0.603936911 0.79218024 0.84272331 0.510098219 1.4678793 1.00957441
    -0.274926364 1.49734461 1.48725224 0.311230779 0.665572286
    0.507261813 1.42523813 1.05658889 -0.103932202 0.893768847
    1.62193894 -0.145338178 1.60342443 1.28083503 1.43736529
    -0.383835852 1.51144671 -0.385131896 0.0124636292 1.15864921
    0.814876139 1.31085539 0.298523307 -0.14578712 1.15302896
    -0.0653374195 0.418017745 0.304921865 0.824204087 0.576566875
    0.431210399 -0.199058712 -0.449708343 -0.376405448 0.0665727258
    -0.388160139 0.732869804 1.15071893 -0.608722329 -0.415902585
    0.0878037214 -0.0767604709 0.520429611 1.40586352 1.48270917
    -0.0486158133 0.00732141733 0.619437575 -0.544459403 1.51781511
    0.349119186 1.70176125 1.42951393 -0.638773978 1.36175537
    -0.561033249 0.409507036 1.37462032 1.62381959 -0.482896477
    0.554561138 -0.382864594 -0.393258214 0.119274139 -0.0747760534
    -0.259889334 1.10041809 0.675356388 1.28245711 0.603202581
    0.677703619 -0.457049072 1.25572944 0.913263917 0.509029329
    1.07455826 0.255885541 0.362852097 -0.384313345 -0.549607158
    -0.600385964 1.21654129 -0.499679834 0.828580558 -0.190364629
    -0.270687222 0.694756389 0.20487982 -0.608347356 0.534678817
    -0.240341932 -0.212751716 0.591496646 0.522498965 0.679501712
    1.34593248 1.39399946 1.45079112 -0.577893436 1.35669112 1.02444077
    1.58019829 0.152859688 -0.290549904 -0.283786654 0.762316644
    1.18257356 0.994247496 -0.0510143638 -0.375949591 -0.348849207
    1.33026767 1.43997717 -0.413974077 0.95795846 1.45296168 1.59226692
    1.3495698 0.749644279 0.47886008 0.0577638745 -0.351285577
    1.24876463 0.399100721 0.386837602 -0.213353515 -0.416422069
    -0.224493593 -0.35596019 1.48471236 0.920329452 1.18984461
    0.973215103 0.0043848753 0.962119162 -0.294606477 0.572746217
    1.61680019 -0.0757744312 -0.0634922385 1.23799062 0.240899384
    -0.599163771 1.31079721 0.929279447 1.48888719 0.993835926
    1.15336847 0.556702375 0.415622413 0.175527215 0.215023041
    -0.168821514 1.02010405 0.527374625 1.0049789 -0.22899422
    0.838515401 0.289863288 1.60371566 1.58683777 1.49163389 0.74676919
    -0.630064845 0.566524744 -0.386436105 0.0520570874 1.58449578
    0.672280431 0.282401681 0.632576823 -0.0844429135 1.26638675
    0.600022614 0.86389631 -0.470311999 1.08537555 1.38413715
    -0.474019289 1.56000006 -0.486251235 -0.165117621 1.61872077
    1.26935303 0.0652161837 1.03416157 1.2898469 1.00506556 -0.232799381
    1.21150088 1.34386086 1.33044457 1.50414968 0.851989269 0.518230915
    -0.0428136289 0.0296758115 0.762462914 0.0854870677 -0.0181109905
    0.412547648 -0.489060253 -0.650805593 0.495182812 -0.499892473
    0.95200479 0.673353553 -0.478228062 1.26576161 0.556466281
    1.10326135 0.036273241 0.982672095 -0.131147981 0.495237708
    0.907438457 0.675538659 -0.609127045 1.06999469 -0.547376037
    0.331298232 1.53466225 0.625786543 0.331609368 0.651377916
    -0.502300978 -0.170939267 0.779818833 -0.301730365 1.47350645
    1.6054461 -0.0243077874 0.43641609 1.15520465 0.886158586 1.27891636
    0.0401015282 0.480206788 0.469743133 -0.672698796 1.26203632
    -0.44757998 -0.646676898 -0.0339235663 1.03242707 0.242438614
    1.14901292 -0.519787788 1.11351109 0.869813323 -0.0971485376
    1.07896066 0.344934642 0.0063983202 0.0541676879 0.709985554
    1.06680107 0.722150385 -0.231079787 0.34822619 0.363002777
    -0.47580418 0.274763823 0.177517831 1.63949275 1.32147956
    -0.343392819 -0.611673474 1.28476524 0.912722766 0.982272744
    1.0762006 -0.0136750937 1.16484189 0.323134184 0.146932781
    -0.507444382 0.739970922 -0.059482038 1.59047294 -0.0725468397
    -0.255710751 -0.535799444 1.56500149 0.176318944 1.49867165
    0.808305919 1.62412858 -0.00950807333 0.22282511 1.38915384
    1.52547455 0.788174629 -0.500851929 1.47238469 -0.549850166
    1.22984791 1.4157387 0.09833318 1.38124061 0.867742836 0.691210389
    -0.434947968 0.171784103 1.41290355 0.537449181 -0.0424671173
    1.16728544 -0.388233781 -0.472032607 0.609088004 -0.472266793
    0.0613502264 1.39494812 0.961195886 0.766472816 -0.603294253
    -0.0205831528 -0.362100631 -0.396589488 -0.0501365662 1.22053504
    -0.0180608034 0.0744158626 0.356866896 0.960046291 0.159916222
    -0.136377633 0.0196122527 0.0145200491 1.14704216 1.03395486
    0.542339027 0.0920205712 0.287847936 1.12743855 0.120452285
    1.60277879 1.0661099 1.64113796 0.438993752 0.210139096 0.296859503
    0.14565748 1.54297161 -0.597246051 0.768800557 1.20652342
    -0.460035682 0.204721928 0.269674242 -0.0616263151 1.05494082
    -0.195322633 0.832523108 -0.288063705 0.913111448 -0.00186228752
    0.8881374 0.721536815 0.0748126507 1.20355487 1.10646009 -0.22278136
    0.995089591 1.42330623 -0.51267308 0.517018557 -0.691561878
    0.610397756 0.435287178 1.65192819 0.342938006 0.852772474
    0.642455041 0.813149154 0.234813392 0.0941151977 0.908596337
    0.291395128 0.72621119 1.09109378 -0.674744785 1.15302753
    0.151832402 -0.636332035 1.07420099 -0.135471195 -0.509874105
    0.729122102 0.626791358 -0.180342525 0.399314344 0.859780192
    -0.0214529037 0.719508111 0.340096474 0.0399022102 0.337636411
    1.27310658 -0.159096658 -0.514275908 1.5481559 1.27446651
    -0.495653093 0.536179662 -0.517852366 0.654741585 1.37645149
    -0.34330079 0.571306407 1.21838164 1.00209141 0.8664307 -0.510036528
    0.140125871 0.0225148797 0.288536072 0.349846005 -0.477578044
    0.284087956 -0.156964123 0.261472046 1.48181224 0.818611026
    0.392469347 1.45501173 0.132944584 1.11165786 1.0946281 0.726856768
    1.55860686 0.999417901 -0.241254807 1.01145911 -0.130243719
    -0.367798746 0.675307393 0.211162448 -0.183343053 0.991381884
    0.740749419 1.61083043 -0.633162141 0.561553419 1.28889918
    -0.318422049 1.70823824 1.6320684 1.63428402 1.69951451 1.90474856
    0.455292165 0.110637397 -0.310043752 0.29639405 0.232636571
    0.0464749932 0.156451523 0.865933537 1.31805825 0.485564172
    -0.617670894 -0.0493130088 1.41645527 -0.624142706 1.15233445
    0.0138963461 0.636119425 -0.326769769 -0.0332955718 0.651446819
    1.57871652 1.26109409 0.766375601 1.18032765 -0.0860654116
    -0.152053595 0.123834312 0.901940286 -0.160094142 -0.230606258
    0.903615654 0.0122557878 -0.527643859 -0.136099041 0.490043461
    0.147897243 1.33662117 -0.0930496454 1.16582048 -0.23265186
    1.38743949 -0.598162949 -0.421769977 1.43818831 1.05777907
    -0.031960845 1.34729648 -0.0441439748 0.863061607 1.02475142
    -0.552610934 1.60397029 1.33161378 0.877400935 0.0702315569
    -0.493443906 -0.232516617 0.0280941129 -0.105264187 0.30697149
    0.204555392 0.15860182 -0.387564778 0.413315713 1.35210967
    0.280468881 0.452273607 -0.278727502 0.169999838 0.788298309
    -0.581327617 1.41502452 0.318295479 1.60601234 0.61619401
    -0.331844747 1.21952653 0.780974507 0.776034832 0.254145801
    -0.574168563 0.230231404 1.36541605 0.438962817 0.0366430879
    0.310355484 -0.240161091 -0.0126171112 0.312814653 0.698081255
    -0.386168152 0.762009263 0.484550834 0.74915719 0.975419462
    0.0309981704 0.751290977 0.981699944 -0.0740240216 1.14033604
    -0.612621844 0.219908714 0.654220939 0.593573868 0.41591537
    1.31938624 -0.683400452 0.926632941 1.19715166 -0.277065724
    -0.533476889 0.764573276 0.915767133 1.04626691 0.847960413
    1.36898804 0.758355975 0.703434765 1.19144154 0.660601556
    0.0398053527 0.847658157 -0.0655030012 -0.183271915 -0.22390905
    0.70987612 0.933142006 0.517650545 1.3964076 0.747948229 0.501201093
    0.597615898 -0.231802106 0.330629528 0.578058779 -0.394923955
    0.545019805 -0.665307283 0.471585214 0.316434503 -0.429888129
    -0.0447858572 0.00972807407 1.32556295 -0.332887292 1.37111712
    -0.558491945 1.14184141 0.348450899 0.327826262 0.168254733
    1.2350347 1.66312778 0.113052249 -0.041985631 -0.361181766
    0.530951679 0.31721437 1.01160455 1.20943093 -0.452880859
    -0.569162071 -0.0883540511 -0.312786192 0.0320140123 1.43253684
    0.219023705 0.0772516131 0.906061471 0.931919813 0.012414217
    -0.149752975 1.01328802 -0.58318454 -0.299342275 0.849479735
    0.90454489 -0.404438019 1.27557611 -0.591688335 0.559305489
    1.42574453 0.593589783 1.66262031 1.5161804 -0.234701753 0.534374774
    -0.292821854 -0.372251064 0.318836391 1.02952027 1.26395726
    0.0422855616 0.446570992 1.48324966 0.860393107 -0.606358409
    0.0577181578 1.24474919 1.43945169 1.13538384 1.46681666
    -0.172605574 1.03857887 -0.332206428 0.809253812 -0.709594071
    -0.499974728 -0.19908917 1.45951843 0.887142301 0.0801499486
    1.4638257 0.604167938 -0.589199245 0.621310234 0.769914389
    -0.00556308031 0.215379179 -0.238469481 1.11426377 0.555321276
    -0.16866228 1.07530916 -0.0276446939 1.57515955 -0.141956449
    1.0415585 1.58125257 -0.414196521 0.939559996 1.27245891
    -0.0970551968 1.5783 0.494481683 -0.515357494 1.25905728 0.342280805
    0.0209081173 -0.435376048 0.837134838 1.12762046 0.960324883
    1.26164711 1.33508527 0.326001346 1.59772563 1.21814346 1.20244718
    -0.684547961 -0.440700114 1.27753317 0.610458553 -0.194405124
    0.712568462 0.779412508 -0.01649037 1.22379589 0.980720878
    0.793508112 -0.171234906 0.929029822 -0.0364985466 -0.169564158
    0.76219511 -0.564808428 -0.117384195 1.10943937 1.29593539
    -0.349014938 0.569433928 -0.669461429 1.38702035 -0.0760987997
    0.121997714 -0.42756933 1.09124994 -0.383556575 1.09019184
    1.20565355 1.47754765 -0.657696247 1.1139915 0.5455212 1.62639034
    0.874467373 0.140423298 -0.640606999 0.73810631 -0.640245736
    0.498795331 -0.443331838 -0.43626368 0.875831366 1.09979367
    -0.543400645 1.56090903 0.879116297 -0.337217659 0.763670802
    1.40155661 -0.403076708 0.113636374 -0.129789412 -0.490711093
    0.618035138 0.190028608 -0.0930277705 -0.414615154 1.34874654
    0.635898948 1.22914374 1.63442981 0.274746776 -0.53949517
    -0.165370166 -0.172405869 0.547462344 -0.374644578 0.359735668
    0.484028697 -0.238563746 0.0812413096 1.59111118 0.659471035
    1.38784146 1.07869887 -0.340749294 -0.0111756921 -0.245586574
    1.1267004 0.0476493835 0.897000432 0.0408560038 0.811110258
    0.859921455 1.10538411 1.65548301 0.747945726 -0.0200707912
    0.139859378 -0.44107461 0.552961648 -0.592982113 -0.51278919
    1.0165273 0.575086534 -0.655169249 0.695737362 1.25788951
    0.525246024 0.769254565 0.0225360394 0.71478951 1.47326303
    1.00805354 1.0381844 0.545664668 0.210871398 0.113783717 1.57224715
    -0.498158216 1.00131345 0.708973885 0.635932624 1.1211915
    0.940043092 0.0108148456 0.230480611 -0.0229364038 1.34612942
    -0.646650791 1.00914681 0.754448533 0.71544075 1.21115172 1.05419886
    -0.623992324 0.305682898 1.43169081 1.52510846 1.20276928
    0.635349393 -0.533188999 -0.21418786 0.813763738 -0.135728955
    0.661588073 0.83427757 0.61702162 0.407149076 0.722211182 1.62515616
    1.33842063 0.657091379 0.315671444 1.33825481 0.401499987
    0.771783948 0.598783314 0.916435063 -0.307172358 0.978614986
    -0.295448542 1.5476234 0.0170814991 1.3796072 -0.334293216
    1.06168115 0.0209425092 1.22869515 1.49429107 -0.307856768
    -0.271988481 0.970864356 0.622192562 0.783298492 0.820598245
    -0.395745814 -0.200536251 0.937905252 -0.450666547 0.545459449
    0.151603878 -0.00607377291 0.869977117 0.993392169 1.1923871
    1.45688844 0.208573997 0.228686154 0.801487803 -0.579222739
    0.73077184 0.609862566 -0.2892856 -0.0896072388 1.02349949
    1.62871218 1.3950026 -0.511590719 0.154197812 1.3032577 0.297822714
    1.15585601 1.31092596 -0.261155963 1.03234196 -0.134728312
    0.231174469 -0.495279074 0.380266964 -0.0205858946 -0.104554832
    0.171156347 -0.457556248 1.03441286 1.23027647 1.05068636
    0.765967727 -0.466003537 1.19325185 1.25866294 0.209837854
    0.918315828 1.16630876 -0.26109767 0.780734658 0.462079048
    1.65943944 -0.356948853 1.19376802 -0.108512759 0.718860865
    0.426323533 1.07916546 0.386059582 0.638810813 -0.431966364
    0.711143851 0.186165154 1.60130715 1.27764332 1.39273667 1.09379768
    0.91726619 0.576003134 0.160948455 1.17825055 0.654497266
    -0.155722976 -0.62911433 -0.357223839 0.157522798 0.199371755
    -0.408105999 -0.474361658 1.03110886 -0.13521266 1.1527431
    -0.297501385 -0.268666953 1.36305988 -0.260790348 -0.486867547
    1.2840091 0.44845289 1.63438702 -0.397227764 -0.147262305 1.06250501
    1.59483886 1.02706528 -0.110847443 0.129941046 0.820535421
    0.178521752 1.47146964 0.435480177 -0.266997844 1.53218198
    1.26560056 1.18140709 1.24162638 0.123811603 -0.0885875225
    1.00568128 -0.597784758 1.31792116 -0.315874934 1.36745882
    1.36946321 1.57441604 0.0461629033 -0.39919126 1.41220295
    0.352299929 1.03180695 0.766254008 0.186058104 0.913910449
    1.62478554 -0.13945508 -0.498306811 1.25931966 0.256134808
    0.999235213 1.37458861 0.741197944 1.00176644 0.383014917 1.15760458
    1.37514079 0.869335175 -0.1372931 0.349120021 0.515367568
    0.633083105 -0.395254016 -0.570839465 1.19207442 0.485652089
    1.02122998 -0.295953095 0.718102336 0.175861061 1.61716366
    0.0887652636 0.221947968 -0.279370576 0.84447068 0.286796331
    0.8751719 0.290078521 0.409840643 -0.375759214 0.556821942
    0.0155026913 -0.554560423 0.611118317 -0.451150894 1.22131491
    0.762019515 1.24273169 1.00643086 -0.301177621 1.19181848 1.55638862
    -0.506897569 -0.0080140233 0.149086535 1.09261847 0.138271272
    1.16035986 -0.507728875 1.27908611 1.62814128 -0.0268509388
    0.803053558 1.31677675 0.861329794 -0.25690943 1.65481019
    0.443912387 1.1176796 1.29074836 1.24487543 -0.61423856
    -0.0324370861 0.347854793 -0.113277137 0.767358005 0.610324204
    -0.0762655735 0.688680053 0.726132452 0.961275339 0.861015499
    -0.340410829 -0.442362338 0.173801005 -0.477792561 0.812863469
    0.644923329 0.777241647 -0.076824367 0.651327193 -0.0607305765
    0.891882956 0.779606879 0.953491092 0.766046166 -0.402659178
    0.0515933633 1.24558628 1.26629531 0.585186779 0.551570475
    0.732631743 -0.114370346 0.844883025 0.482637823 0.371564269
    -0.0159775615 -0.0176464915 0.406181872 0.100105703 1.13996506
    0.138783693 -0.386213481 1.54469013 0.805645704 1.26079392
    -0.569992959 1.35130262 -0.492948294 1.51352453 0.643101811
    -0.0473102331 -0.151750207 0.607573211 1.37098682 1.29520369
    -0.285240084 1.08887637 1.63627195 0.404114127 -0.026722312
    1.11310291 0.984851003 1.02634418 -0.134907126 0.120925486
    0.386836708 -0.142168254 -0.23098743 0.611961544 1.44634998
    -0.541644394 -0.560463667 1.49073184 0.446197808 0.221847415
    -0.116127431 -0.311166853 0.617785633 -0.139913917 1.08420825
    0.363364816 1.37324667 -0.671262145 1.15614581 -0.533729672
    0.0681934953 -0.117923081 0.65969336 1.09401 -0.27596733 1.50880265
    0.763312459 0.0818325877 0.483324409 0.914546907 1.57344604
    1.58296657 0.0729553103 0.27996552 1.0260371 0.173862159 0.652766347
    0.403607726 0.401379228 0.531142533 -0.279346317 1.18064451
    0.538334727 1.21886027 1.26178789 -0.146659195 -0.513551295
    0.844460607 0.623056173 0.322077453 1.49582899 0.562888682
    -0.264457971 -0.136659622 0.647213519 -0.195836604 -0.329865575
    0.664691567 0.884729803 0.311606705 1.56032252 0.17358315
    -0.424293756 0.18415314 1.41017222 0.136713028 0.778937399
    1.54763007 0.10642457 0.121419549 -0.609339058 0.812064707
    0.471663117 -0.551279724 0.312276244 0.0226569176 1.40387034
    0.0279620886 0.270803809 0.977208614 -0.257292807 1.60306787
    0.0188586116 -0.653109431 0.907403111 0.447872341 0.892999947
    0.952251673 -0.372627139 0.129932284 0.830482304 -0.261195779
    0.110311598 1.20402586 0.99493742 1.46337855 0.582559943 0.750810862
    1.60707521 1.5390656 1.28329587 -0.320519507 1.31745696 0.320440948
    0.726010263 1.54770505 0.903244317 1.05994844 1.05762172 1.04688454
    1.04076838 -0.0317975283 0.762172401 0.229269743 0.333011448
    1.33310461 0.386433303 1.0758965 -0.00964486599 -0.347368747
    0.129387438 1.08914614 1.09847331 0.0649460554 1.06840813 1.59831524
    1.60847342 -0.465243638 0.870362937 -0.126963615 -0.42432946
    -0.488302648 0.488020778 -0.605512857 1.14923024 0.0718669891
    -0.0393399 0.223682106 -0.133372486 0.127251565 1.04423332
    0.964429438 1.03830242 0.84856528 1.05522799 0.65561527 0.203919113
    0.468859196 0.00397270918 0.32140398 0.511101365 1.14143527
    -0.393512756 -0.401012182 -0.382144958 0.215942502 -0.648817301
    1.11797166 0.798855066 1.09103465 1.64214993 0.41159147 -0.484545499
    0.499806166 1.43873191 0.259359896 -0.0668131113 -0.309508055
    -0.328930169 -0.243061066 1.24415314 -0.659940481 0.256048143
    0.292034864 0.414217532 1.09087324 -0.63569963 0.594697952
    1.40325487 -0.564618349 0.00314849615 1.48932707 1.54452443
    0.848709702 1.3262279 -0.155014545 1.25714612 -0.521230042
    -0.567823052 1.21363854 0.0255012512 1.60966253 1.33547306
    0.125535965 0.964301884 0.318069041 1.51797795 1.26029992
    0.648992836 0.938357174 0.663837314 1.5490638 0.737769008
    -0.663860321 -0.375914365 1.35500884 1.56017494 -0.429012001
    0.789727449 0.627305567 0.013787508 1.35103452 -0.544314206
    1.53950667 1.47693789 -0.278709888 0.190090954 0.0967587829
    1.56130433 1.2138257 0.480810821 -0.154659629 -0.0957249403
    0.449009359 1.50475383 1.38807201 1.52469683 -0.186907351
    0.785183489 1.01515937 1.30293584 1.3968209 1.48829794
    0.000119745731 -0.0687837601 0.232969284 0.725987494 1.63817096
    0.70793134 0.0367270708 0.778746724 0.645694494 -0.262153149
    0.273186803 0.0259416103 1.56161034 0.606866479 0.885702252
    0.584944785 -0.384128839 -0.02706182 1.60533643 -0.172705919
    -0.559285462 0.179723501 0.67452389 1.33104444 1.2148205 0.329008222
    1.59991515 -0.267885894 1.43578076 0.439508557 -0.211398333
    0.819651961 -0.207649708 1.22528243 0.833466053 1.01029158
    -0.547830105 0.782490969 1.60833633 1.10139608 0.577268243
    -0.264124751 0.677428544 1.37178707 0.586350918 0.494946957
    1.29126537 0.360827029 1.67383635 -0.144859731 -0.115268648
    -0.412326425 1.10611248 0.935061395 -0.482513785 -0.28397584
    0.735687673 -0.106441855 0.441574395 1.40683389 0.327960551
    -0.141132593 -0.525941014 0.901765406 -0.208525836 -0.604717255
    0.446950376 0.537822545 0.987431705 1.21264708 -0.215223163
    0.514236271 0.0881879926 1.08057284 -0.0475466847 0.92583102
    0.569504201 0.611340821 0.965059936 -0.300063491 -0.189343184
    -0.211637408 1.36009836 0.259788573 1.01843405 1.20538449 1.1877681
    0.291102111 -0.618485868 1.39330769 -0.62934643 -0.0466908216
    1.49558234 -0.000323593616 1.0773375 1.11210322 1.59730935
    0.337500811 -0.195371509 1.50755405 0.493610144 -0.0461639762
    0.102655351 -0.525054038 0.181825221 0.991459429 0.493775427
    1.35908961 1.05351269 1.18377686 0.0666026473 0.17917335
    -0.00188142061 -0.461579144 1.32100868 0.872929633 0.274413645
    1.80238938 0.5190202 1.34319627 0.0455408096 0.682648957 0.175271094
    0.899785578 -0.451732934 0.682954609 -0.583232105 -0.289796472
    0.998579979 1.52821648 0.147294044 1.53973317 1.34070587
    -0.018096447 -0.245363504 0.844761789 1.34571004 1.61794579
    0.64139545 -0.0313426852 0.69679004 -0.214833975 1.26856709
    0.948892057 1.58017516 -0.0858538747 -0.192230672 -0.479898006
    1.27271521 0.239271462 1.43014646 0.333540797 -0.629658878
    -0.616187155 1.20910048 0.799914241 0.39421308 0.476989388
    1.24017394 1.36133635 1.43747711 0.476092517 -0.363993257
    0.676408708 0.216021061 1.36216521 0.317338347 0.892956734
    1.46583748 0.0506329536 -0.372966141 1.33210897 -0.580789328
    0.138340235 -0.0641453862 0.426527619 1.33782697 1.65198851
    1.59504151 0.80317986 0.366147459 0.653406799 0.893544912
    0.0751462579 0.841890097 0.15551275 0.186372578 0.751475573
    0.812375784 0.615417182 -0.471421123 0.412924111 0.0767862797
    1.52589536 1.29763603 0.0279343128 0.523996592 0.418877423
    -0.0660864115 1.35392177 1.55268705 0.141122162 -0.0627593994
    -0.0992596745 -0.33134073 0.887109458 1.43041313 1.00695562
    1.28453052 1.62744093 -0.174294025 -0.107043266 0.963558495
    1.18497324 0.998554051 1.04743743 1.24306417 0.221545994 0.741253555
    0.328906894 1.35029435 1.54974365 0.142534792 0.124127328
    0.379474699 -0.620591819 1.41276526 1.26592588 -0.609955192
    0.488367915 1.54734063 -0.498068303 0.440677226 0.857518256
    0.839447975 1.34868121 1.53643644 0.00229686499 1.44991314
    -0.417133391 0.0704501271 -0.0652285814 1.54357433 0.733933687
    -0.0329453945 -0.562310398 0.221970439 -0.646425843 -0.121519387
    -0.53659451 1.02402735 -0.555315197 1.1308918 0.484998405
    -0.0771694183 1.63656938 0.292662919 -0.348389804 -0.204659879
    0.39440161 -0.544125199 1.58594418 1.35904658 0.15207684 0.168197155
    1.03818917 0.995243728 -0.510918498 1.18235517 -0.175951123
    0.975165367 0.303527117 1.60794234 1.4470613 0.0175087452 1.05993676
    0.293790698 0.160896301 0.273801327 0.326153457 1.47353959
    -0.181654811 -0.510299325 0.564099312 0.17294693 1.03301489
    -0.390224159 0.718705654 0.52107811 1.62811518 1.53360057
    -0.061278224 -0.397194296 0.403855801 1.54011869 1.52180648
    1.58515954 -0.44124648 1.02080405 1.01418602 1.09347188 1.47478163
    -0.142527074 -0.399208486 0.459117472 0.18089515 0.0123313069
    1.05933952 1.48905063 1.47042012 -0.343213618 -0.125915945
    -0.363624781 0.0976015329 1.5447042 1.58843827 -0.160012603
    1.09853959 -0.666737378 1.01958346 0.794119835 0.903401136
    0.604849875 -0.339246869 -0.343444645 -0.356832832 -0.410526752
    1.09145439 0.650994897 1.0660398 -0.140242279 0.550164938
    0.786640346 -0.506727636 0.103091419 -0.114581823 0.931457758
    -0.349990666 0.229665041 0.639935911 0.694209516 0.0527931452
    0.623048544 0.148753941 0.343424797 0.0815532804 1.46933019
    0.398222983 -0.650907695 1.46232092 1.51714885 0.44940567
    0.0995233059 1.45985162 1.227494 -0.627588928 1.38681126 0.92536217
    0.382001817 1.35750055 0.0974495411 0.167592704 -0.131195962
    0.703423202 1.44452953 0.527241349 -0.0948020816 1.0695976
    0.139391303 0.428516507 1.26213431 0.141630143 1.64258802
    0.953242302 1.15194154 0.251430094 0.0498269796 1.12881279
    0.833024561 0.558941066 0.515191436 -0.609310925 0.716390848
    0.306786239 0.637575328 -0.0925027728 0.773786843 1.38329077
    1.29890275 1.2584697 0.116119862 -0.217584431 0.993345261
    0.255056381 1.27268803 -0.669303715 -0.229817748 -0.0723946691
    0.906446815 0.84927088 0.126948595 -0.0240186453 1.30173111
    0.539321005 1.34734738 1.33714724 -0.595660031 0.756878912
    1.31546021 0.255149722 1.6186713 0.301434934 0.251484156 1.19582367
    -0.486083388 0.96552372 0.590537965 0.229746938 0.556159198
    -0.132287204 0.238053203 0.898982286 -0.218602836 -0.655488014
    1.6487627 -0.0317373872 1.18389225 0.685439408 1.61833417
    0.651850164 0.286431134 -0.300879717 0.319807291 -0.644743383
    1.0369513 -0.202133566 0.116158605 0.629594147 0.156178653
    0.299306691 1.49349046 1.20094657 0.297717631 -0.587093472
    -0.484688222 -0.111720443 1.19978476 -0.627371669 0.786468446
    -0.614482939 -0.321875125 1.12111008 -0.606542587 -0.6199494
    0.490381718 -0.446996897 1.41362596 -0.50011456 0.478079975
    -0.641568959 1.17729914 -0.629588723 0.421201229 1.10509598
    -0.212366581 1.03700113 -0.180753887 0.709705949 0.471510172
    1.31208801 0.110859752 0.432800353 -0.0190125704 1.45727241
    0.17638588 0.707012534 -0.0283716917 1.36019778 0.349288225
    -0.0528731346 1.03876412 -0.614397645 0.701923251 0.450928032
    0.679643452 -0.112939358 0.487024605 1.1775291 1.09796309 1.11076427
    0.348108232 -0.383057356 1.46630836 0.521287382 -0.0612457395
    0.187243819 -0.52336359 1.22686923 -0.279455841 1.43640685
    1.39763296 0.556615472 1.04824281 -0.604747653 1.30970502
    -0.352642834 0.578406096 -0.479685813 1.56770658 -0.661714137
    0.69661659 0.357888937 -0.628091812 1.5541048 1.49749386 0.914161503
    1.09587705 0.592032075 1.50627947 -0.0148714185 -0.28295356
    -0.405531496 0.810543001 0.390336037 0.925509095 0.213168561
    -0.635754287 0.577031791 0.000138163567 1.62971616 1.01720953
    0.933026612 1.16145492 1.25851917 0.813657343 1.23021352 0.636289358
    1.4472605 -0.414146841 -0.507333696 0.917483211 -0.598902106
    -0.382941484 1.38677955 0.721547067 1.58741689 0.835878372
    0.928087413 1.34730792 0.796149909 0.597676814 -0.533902884
    1.52852416 -0.395678252 0.380326688 -0.444149673 0.236726522
    -0.189536333 0.631061196 -0.349220216 -0.145167232 -0.170734197
    0.284793735 -0.582480133 1.38940978 0.218126178 1.50808263
    -0.340616018 1.08079505 1.22654796 1.06947553 1.19107223
    0.0718418956 -0.552294135 0.447842658 0.949916601 0.988352835
    -0.148621827 0.14345932 0.523712456 1.04982114 0.374724329
    1.19013989 1.54069531 0.0409283638 0.237696826 1.20665312 1.63778043
    1.33186698 -0.4720245 -0.371174783 0.864911318 1.42646134
    -0.0173493624 0.0160576701 0.25090605 0.235178888 0.277967751
    1.20447421 1.50080991 -0.296757072 0.168967426 -0.358311504
    0.576937199 0.593378127 -0.244201392 -0.190388083 0.268846035
    -0.420612067 1.27129245 0.0440776348 -0.0406041145 1.47313213
    1.34859657 0.274216294 1.47108781 -0.641342521 1.15990114
    0.883595705 -0.695798814 1.2913456 1.18316245 0.497327805 1.265239
    1.54001117 -0.298110008 1.00272846 0.493675113 1.24308789
    0.785104513 0.412891507 0.415174395 0.735989451 0.139445841
    0.605274916 0.371304214 0.233789742 1.03721666 0.712139666
    -0.348708659 0.428603768 0.924161434 0.798553228 0.768598557
    1.10491204 -0.190588295 0.995665073 0.387921691 1.08126533
    1.05891061 0.440241277 -0.179304123 0.108918011 0.525876403
    0.233640552 0.655975163 0.963697314 -0.103810072 -0.582276523
    0.842411339 -0.54685694 0.976639748 0.71146518 0.256667495
    0.784853041 -0.27855894 1.23773849 0.175984561 0.735875368
    1.05117083 0.651928782 1.01320863 1.65912986 1.20420182 0.223844409
    0.507379115 1.27922821 1.62705922 -0.322063625 0.477867067
    0.174894571 0.0198397636 0.396019697 0.0599742532 -0.0850380063
    1.48450351 -0.276691735 0.00614881516 1.28285289 0.317216396
    1.11147308 0.492186129 0.234183371 0.271169484 0.546888828
    1.33320761 -0.272400618 0.896690726 1.27452183 -0.302962422
    0.0947729349 0.99360466 1.2291038 -0.383347034 1.59962606
    -0.576447368 1.51861835 1.66720438 0.502417147 -0.331582636
    -0.311915934 0.980857372 0.192086697 1.22791076 -0.345279336
    0.693782747 1.62301576 1.6689446 -0.0256360769 -0.42816937
    1.55805302 -0.0939202309 1.25398362 0.770033538 0.508047283
    0.867814898 1.16076231 1.32937002 -0.575206041 -0.313915402
    0.815985322 0.824405313 0.401132584 1.28701103 1.41938424 1.61498559
    1.62570524 -0.223065197 0.215287805 1.3965925 0.307608068 1.39620519
    0.0953954458 -0.426523387 0.453140616 1.01166916 1.19628143
    0.394132376 -0.592187822 -0.500844479 1.26104105 0.710654616
    0.090027988 0.729147494 0.486340821 1.19650614 1.15599704
    0.797451735 0.73274523 -0.47764653 -0.578308344 0.241637766
    0.900725901 0.706303 -0.388905793 1.1370759 1.05609298 1.5939641
    1.56012368 0.0439932346 0.520940542 1.19619989 0.783676267
    1.01199281 0.967171431 1.54829264 1.06540596 0.17516166 -0.326838702
    -0.611114323 0.889692247 -0.410728097 0.996845186 1.33974075
    0.476718724 1.35995746 -0.341997653 -0.29596442 -0.0668225288
    0.904785514 -0.405681431 -0.138950586 -0.593948483 0.991155863
    0.323686481 -0.428379238 0.592939973 0.885992527 0.269179523
    -0.292199999 1.53127623 0.692458987 -0.315288901 1.1713717
    1.27977741 -0.426364362 0.776018143 0.0578470826 0.864420652
    1.36786056 0.371115029 0.755740285 0.11096698 0.379369557 1.06555915
    0.38603431 0.865908384 1.35630679 -0.267123967 1.29533565
    -0.516124487 -0.328897357 1.18522871 0.728209615 1.00730419
    1.43420768 1.01414561 0.0614936352 0.835779786 1.55608249
    0.516513884 1.56854224 0.0942744017 0.13387686 0.896626413
    0.528473139 -0.170053512 -0.127525091 -0.168435752 0.856778562
    1.02939558 0.633964062 1.24996102 1.31777894 0.140856981
    0.0528076887 0.581933022 0.903024852 -0.414352745 -0.266589731
    -0.154096454 0.18401587 0.67320931 0.596855819 1.65548754
    -0.290320694 0.711674511 -0.64011246 0.889755845 0.0575969219
    -0.0335139632 0.66316992 0.20008868 0.0967994928 -0.419150352
    1.47580171 1.64883566 -0.620616019 -0.174994588 -0.289638191
    0.253803313 -0.254485637 0.488859713 0.747966886 0.672325194
    1.09808517 -0.125833392 0.166601658 1.61936402 0.647650242
    0.77097708 0.548304856 -0.334161639 -0.342682183 0.78620398
    1.25016522 -0.112787396 1.76754022 -0.494034946 0.775137961
    1.1378088 0.696290791 -0.507410109 1.24541831 -0.247150451
    -0.361390442 -0.231515586 0.142232001 -0.151567221 0.490219176
    -0.0426672697 1.33844626 -0.0892003775 -0.0547656417 0.59220469
    -0.30741334 0.461233377 0.632588983 1.09441185 0.250387311
    -0.527187407 0.204955161 0.652098596 1.65800643 0.484928429
    -0.135575712 -0.519833922 1.02948999 -0.458997428 0.991860151
    1.14391613 0.472266436 0.90805006 -0.162306547 -0.479161352
    0.254258275 0.811130881 0.600929677 -0.133412659 -0.283363014
    -0.617637098 0.403468847 1.3141048 1.14863801 -0.371680558
    1.39685082 -0.37827909 -0.628906906 -0.184113801 1.13345194
    0.232078254 1.14757943 1.33653998 1.11351085 -0.299648941 1.55146217
    0.350147128 0.937138915 0.899480581 1.17448771 1.02023697 1.33251274
    -0.0585119128 -0.260430127 0.199927866 1.33951139 0.304690421
    0.41036725 1.56569266 0.178001404 0.285900652 1.67240715 1.18716741
    -0.107683659 1.41959572 1.1498487 1.4234314 1.34818459 0.0327519178
    1.00181055 1.41107666 1.06937099 0.902568698 0.502376974 0.300415814
    -0.0267050862 -0.505725503 -0.249042749 0.225364089 0.418647707
    -0.31716758 0.656704426 0.155950308 1.5948813 -0.600007057
    0.170525253 0.107938707 0.478916466 1.2479409 1.52924562 0.265352309
    0.709316075 -0.0521541834 1.44719362 0.869897008 1.0178895
    -0.18780899 -0.629501939 1.63407183 1.44975328 0.905389965
    1.31890488 0.950669765 1.05799413 1.60465622 1.41577554 1.30338454
    1.20766854 1.11570203 1.48027933 1.38703394 1.54204881 1.22909749
    -0.332932115 0.29664278 0.0828621984 0.628086567 1.52971625
    0.896810055 0.272522986 -0.304679543 0.874285817 0.900254309
    1.34804785 0.346292019 1.38641334 0.185936332 0.273538351 1.02902293
    0.698413551 1.401667 0.365168869 -0.115085781 -0.494168788
    0.169495344 -0.152606636 0.586033762 0.223283887 -0.271702677
    0.368522227 -0.578794003 0.834496737 1.17891836 0.131590545
    -0.510740936 -0.484446228 -0.0875303745 0.877419651 0.350815594
    1.24441886 0.560994744 0.421430528 1.37635231 0.345952332
    -0.158382356 -0.0670365691 0.0166617632 -0.231835812 1.0704391
    -0.460119307 0.347030699 1.23394716 1.49457288 -0.306279093
    -0.543798685 0.250804722 -0.391186357 0.249859214 0.302015066
    0.178938329 0.741061985 1.00990963 1.00385022 -0.155922234
    0.376760006 0.657561719 0.894784331 -0.0772505999 0.38882947
    1.14724791 -0.0110109448 1.08352184 1.07854283 0.0224816799
    0.668650687 0.381101668 0.0986671448 -0.198856503 1.61578965
    0.994712591 1.33713531 1.15079713 1.34890139 -0.460109949
    0.0072042346 -0.23046273 1.05848908 0.397672057 0.957226872
    0.391242862 0.445199907 0.955335379 -0.226354569 0.623226702
    1.52678585 0.398631394 1.49279869 -0.351027995 1.12434411
    0.638701618 0.0242385268 1.19607866 -0.111722589 -0.549628139
    1.16282606 0.58615154 1.44725966 1.19555068 0.508190036 -0.474266768
    -0.363427788 0.994101822 0.612200201 -0.0793378353 1.27864933
    1.37841558 1.24843836 -0.632892609 -0.376700997 0.572909534
    1.19041777 0.900554121 0.780772448 0.27314347 0.633653462
    -0.023247838 1.01604807 1.21144509 0.134511232 1.0077039 1.44309878
    0.484926939 1.78635991 -0.130940914 1.64826143 1.46279359
    0.0602774024 0.801222324 1.42943645 0.0892136097 0.76396364
    0.448915303 0.85846591 0.332416832 1.57330549 0.260410964
    -0.0544472337 0.0970026255 -0.585832715 0.346470594 0.623215258
    0.573462367 0.0159984827 0.270090103 0.0155528188 -0.65354234
    1.5683459 1.18344212 1.57434654 1.30167866 1.12482858 0.00437963009
    1.28575134 -0.0919575095 0.745603383 0.681558013 0.942369163
    1.04050791 0.501574099 0.620973825 -0.141853452 0.151860774
    1.63627386 0.379119754 0.823150992 -0.400559425 1.50493419
    1.37939084 0.361873806 -0.325338751 0.0732184649 -0.465434909
    1.48735094 0.90871799 1.31124794 0.999372602 0.0172193646 1.24896717
    0.870794773 1.49859548 1.56002951 -0.575054467 1.580441 1.54917002
    1.58269453 -0.227586001 0.595277607 1.05154204 0.587631702
    -0.200093061 -0.35548991 1.18654084 -0.185410053 0.928930104
    1.0062952 0.348252118 0.31783402 0.190995932 -0.41952765
    -0.374336094 0.304328561 0.531743705 0.781259477 1.48718119
    1.07780051 0.282633901 0.454504013 1.31152689 0.750300765
    0.617981017 0.358733177 1.00325978 -0.509685755 0.259091318
    1.00760674 -0.00443565845 -0.146723777 -0.334651858 -0.580707014
    -0.616128147 -0.536523223 0.989690125 0.371104479 -0.320531666
    0.0156592131 -0.0339670777 0.740298808 -0.411872804 0.142211258
    1.42138958 1.42155731 0.484859169 -0.220411539 0.441735029
    -0.306117028 -0.617131233 -0.337224752 -0.125879169 0.184177876
    0.0513337255 0.773733795 -0.67515415 0.354232609 -0.402248979
    1.27364516 -0.61597681 1.0160712 1.21395218 0.511244059 0.98810029
    1.00735497 1.18849623 1.23253369 1.10751319 -0.365199089 1.01844525
    0.718984663 -0.618796647 1.08907557 -0.580919087 -0.223653287
    -0.23717019 0.991216958 0.826332927 0.793596387 0.880001903
    1.24342203 -0.534511209 -0.129202783 0.422903955 0.489794612
    1.29455161 1.5716455 -0.307662904 0.8732723 0.654783607 -0.549431801
    -0.4532848 -0.578023076 0.563222408 -0.445404828 0.0827737451
    0.891111016 1.04997993 0.636872351 0.0492275357 0.673893332
    -0.130914807 1.45693719 1.48742986 0.788294435 0.100304246
    -0.237724185 1.53584182 -0.29221198 -0.466328889 1.03271031
    1.43943501 0.218028843 0.831250906 0.920871913 1.17591691
    0.890615225 -0.515405536 -0.567056358 -0.477504849 1.30489707
    0.205490053 1.61025453 0.336872637 -0.572005212 -0.288265824
    0.855973542 -0.305567354 1.47612286 -0.0699453354 -0.57167691
    1.09500456 -0.191835165 1.30632472 0.400524557 0.226509213
    1.04459846 -0.436950147 1.10018063 0.197450995 -0.583677292
    0.548686087 0.375803888 1.41811466 0.433634698 -0.543638825
    -0.036346674 -0.51338613 0.593250871 0.456674337 1.30700994
    -0.0330575705 -0.620808661 1.23491359 0.144066811 1.33431685
    1.29578876 -0.191804051 0.659006357 0.883012474 1.49231684
    0.0372759104 -0.0440176725 -0.232047081 0.850001216 1.6920321
    0.994356632 1.10959458 0.489041924 0.0248713493 1.40573013
    0.931081712 1.24578083 1.58015394 0.791651607 -0.0423820019
    -0.107361078 0.430750787 1.41558182 0.568621159 0.635614038
    0.482435167 1.19065607 0.18786788 1.57412767 -0.426243603 1.50131822
    0.354771197 1.2179656 0.00211495161 -0.205162928 1.3726759
    1.08442068 1.75633979 0.76184237 0.0745262504 -0.379921615
    -0.143360704 -0.513175607 1.16567636 1.3086623 -0.447363943
    -0.269943535 -0.196653634 0.747627139 -0.361114353 1.28850973
    1.05790985 0.987354934 1.34151256 0.202275217 0.595944405 1.20368767
    0.959940791 -0.144541085 -0.276160598 0.526732981 1.54969633
    1.59619427 1.16832685 0.711452246 0.510622859 0.901168883 1.04833627
    -0.170831263 1.55812836 -0.130194843 -0.616644323 1.2849822
    0.453031361 0.406257391 1.45430207 -0.484134078 0.371352375
    1.52799797 1.18238437 -0.237174153 0.913217485 -0.637026668
    -0.258076072 0.874872744 1.5876838 0.504027665 -0.479048252
    0.15383178 1.10715961 1.0723244 0.0623871088 1.59312963 1.27455211
    0.68946296 1.10060024 0.693024695 1.18278408 0.721465051 0.456179321
    0.537814319 0.879588902 0.288961351 1.22481418 0.974044442
    0.198683381 1.3580575 0.987775624 0.864276171 0.664351165
    0.997361958 0.48338306 -0.279614449 1.41750467 1.6097765 0.035954535
    1.176759 0.441644192 1.09897542 -0.170078158 0.470444202
    -0.0153864622 1.65678978 -0.207149923 -0.603028178 -0.0325430036
    0.0124248862 -0.461682111 0.653066099 -0.129501939 -0.504248202
    -0.556596696 -0.440560997 1.05704987 -0.146980196 1.08223486
    0.9168818 -0.250158757 -0.242938221 0.557368636 0.916790605
    -0.656212091 -0.184326202 -0.415322959 -0.501572013 1.37027979
    0.742790282 0.191590428 0.336269319 -0.710569501 0.506898582
    -0.527880549 0.55300653 -0.0349387527 1.46474826 0.429247618
    0.445685565 0.646975636 1.16778493 0.623071373 0.561345339
    0.749107599 1.57025981 -0.469692469 -0.395644546 1.41631377
    0.209973752 0.844968975 -0.511229515 -0.193533212 0.196132362
    1.35237265 0.687504351 0.419157028 -0.303129584 0.363079846
    -0.426325053 0.711710036 0.192514777 1.12049007 1.28209507
    0.331439137 0.326783359 0.872183025 -0.113981605 -0.200641453
    0.531784177 0.241046011 -0.331507504 0.869291604 0.521666527
    0.323136628 0.979909241 1.42564237 -0.388854682 0.0891535282
    -0.318247408 0.118167758 1.08951008 1.10863686 -0.203146756
    1.49694276 -0.353729486 0.199310899 0.340636671 0.0650656819
    1.50559449 -0.204215944 1.35557771 0.295997322 1.13989639
    0.814967513 0.456990302 1.04191828 0.00340557098 1.40771985
    1.02825522 0.921505332 -0.289679945 0.745210826 -0.330607951
    0.454151392 0.234941602 0.833434463 -0.517174721 0.992180824
    1.40388727 0.887272239 0.235516787 0.887197316 -0.14122051
    1.41773856 0.066070497 0.269335568 0.436858475 -0.33649835
    0.512478769 0.753086865 0.0803292394 1.44981265 1.09246051
    -0.2793051 0.884799778 0.319435298 1.27307427 0.325639904
    0.00533378124 -0.325750768 1.53307796 0.871260583 0.644235134
    1.38673162 0.747730136 0.202396452 -0.25683555 -0.612188101
    -0.612847686 1.41380394 1.37447083 0.024490416 0.00757437944
    0.946428061 1.64196301 -0.488967478 1.07246482 -0.4091461
    0.461319864 1.40094256 0.930131376 0.328433514 1.46588874
    -0.440787673 0.836461306 0.483939409 0.965744019 1.05524504
    0.388615012 0.744868994 1.61860991 1.04647362 0.0390267968
    -0.395074189 1.33995724 -0.0303916335 -0.359049201 1.25935912
    1.56866884 0.570236742 1.70806324 0.608867705 0.127859771 1.23044455
    0.00971841812 1.41950846 -0.510360837 0.54221648 -0.134941995
    0.447855592 0.00953757763 1.57673979 0.392193794 -0.276474088
    1.57312989 -0.193493992 -0.247885585 1.0412879 1.46850431 1.21924376
    0.444373608 0.594505847 1.56021988 -0.529841065 1.39264727
    -0.27069357 1.56796169 0.207997024 0.919226885 -0.510826945
    0.59395802 0.996104956 0.735795259 -0.68148011 0.648582339
    -0.0610756874 -0.536360085 -0.597515047 0.683234274 -0.222231686
    0.884208798 1.02218795 1.52639973 1.13578391 -0.21374321
    -0.518889904 0.0432710052 -0.585418224 0.634182096 1.40392637
    -0.620910406 0.570028961 0.319382131 0.574451208 0.953885615
    0.831703126 1.06112206 0.304432034 0.231376827 0.264928102
    0.176279485 -0.387992144 -0.0825718641 -0.475595772 1.33533382
    0.232674479 0.453883588 1.0310756 -0.0932162404 0.794883966
    0.104232907 1.07795858 0.100764275 -0.0597091913 0.391394913
    1.07872629 0.668741107 0.113710344 0.307430029 1.17014587
    0.130610585 0.0123981833 -0.0149487257 0.794590473 0.0223299861
    -0.343175918 -0.642421782 1.44941521 0.890726745 1.23193216
    -0.203394622 0.221056819 -0.113054454 -0.0907359719 1.05962324
    0.25910753 -0.260096639 0.298397243 1.05133641 -0.00234806538
    1.38228154 -0.475375175 0.397882521 -0.182621568 0.522889793
    0.254664361 1.04009986 0.637614846 -0.122192979 0.756933153
    -0.148346961 -0.112970531 1.1736716 0.752464175 0.683471799
    0.21886456 0.631150424 1.44968534 1.23273885 1.03633094 1.57969177
    0.750514507 0.0515027046 -0.458589822 0.156179905 -0.594825149
    0.438130021 -0.155341327 0.138379455 0.823001146 0.760783792
    1.39032173 -0.277350694 0.0497531295 1.53324604 1.06242454
    1.12932038 0.921220303 0.825533688 1.04781306 0.080765903
    -0.56995064 0.522631705 0.728434503 1.20385432 0.951286495
    -0.0544847846 -0.0590122342 0.709847033 0.950610995 0.824315846
    0.638379276 0.508937478 0.722927034 1.01153231 0.417993009
    0.452474236 -0.00337857008 -0.446520537 1.236606 1.09289479
    1.56751978 -0.411562145 -0.280577838 0.136879921 1.6072787 0.19878
    1.03007197 0.323795736 -0.486038089 1.44352067 0.829179347
    0.824890375 0.0578949451 1.03377795 0.072857976 0.365128756
    0.917342901 1.25382042 0.0607761741 0.575495958 -0.0975934267
    0.676942706 0.215899587 -0.361668855 1.02909303 -0.272785962
    -0.497204542 0.210339248 1.42636108 1.27484035 1.16256762
    0.777705729 1.34720111 0.0058400631 0.85072726 -0.170720398
    0.77559793 1.40594327 1.17945051 -0.580074906 1.12065351 1.10977888
    0.43361938 0.810153544 -0.49234584 0.830815792 1.11691451
    -0.402667016 -0.534371674 -0.193251669 0.021691978 0.189134955
    0.755439878 1.46279657 -0.237831146 1.4893961 -0.450762749
    1.64673924 -0.378143877 0.718782425 0.0094230175 1.15961957
    0.420894325 1.34542632 -0.285577476 1.31761193 1.44049919 1.076195
    0.971354425 -0.208314985 0.311163187 -0.538658738 0.655752063
    -0.40602693 0.437421918 -0.0507513881 -0.511187375 -0.0427539349
    1.14407325 1.15671539 1.53482902 1.54852951 0.500088513 1.59351981
    -0.558545887 -0.215635598 -0.219018489 1.33423364 0.903810263
    0.474456728 1.04979706 0.648329318 1.34362888 -0.366470277
    0.699011028 0.68736285 -0.254788518 1.88153982 1.83489466
    0.610568225 1.76705444 -0.0424863398 0.00950199366 0.931457341
    -0.0940526724 -0.356111437 -0.295684606 1.27134335 0.329725266
    0.662091613 -0.147266507 0.311184287 1.23290682 -0.086509943
    0.311224043 1.16559505 0.498354018 0.114941955 0.424504519
    0.870441496 1.6210736 -0.614615023 -0.291481793 1.02801561
    0.409637272 1.61278629 -0.497062445 0.225283146 -0.55648458
    -0.384777516 -0.213546067 1.6020515 0.342724264 0.556317627
    0.599190056 -0.295332879 0.976430774 -0.558382392 -0.284602553
    0.0170814991 -0.590325773 0.0185205936 0.0269200802 -0.0169959664
    0.857041299 1.44184256 0.0206989646 -0.475467741 0.241950095
    -0.0338302255 1.28427768 0.442928135 -0.237259746 0.802799761
    -0.48240751 -0.499589413 0.665045559 1.24696648 0.872711718
    0.0656471848 -0.00254517794 0.468036175 0.759561837 0.833187222
    1.03401589 0.0925462246 1.24030972 1.52606845 0.350385487
    0.624792457 -0.0900426507 -0.215396613 0.309207082 -0.221350908
    0.975917935 -0.240114123 0.730692267 0.683880329 -0.604102492
    -0.384339601 -0.679885626 0.0513269901 -0.246076137 1.30199003
    1.38124132 0.345646799 -0.637418151 1.13674819 0.127395332
    0.570581138 1.53479028 1.07181525 -0.430939972 0.444179237
    1.71710026 -0.0731607676 1.40477037 0.198072374 0.550988078
    -0.419440806 0.151852489 0.0839654207 1.44056344 1.29300809
    1.12363684 0.579901516 -0.0797928572 -0.596486568 1.11952233
    1.16293049 1.10842633 1.48212087 -0.678135157 0.100887179 1.03041625
    0.0378734469 -0.325754881 1.10171008 0.0854084492 0.285904765
    0.808030665 0.73322612 1.341959 -0.340275973 0.984313965 0.749237835
    1.39071608 0.239964783 0.540352106 0.44663924 -0.234703928
    0.530298471 1.59313726 -0.43589592 0.12791872 0.805283189
    -0.0307525992 0.216839969 1.35410261 0.396126628 0.326556325
    -0.333536744 1.32777476 0.35546279 0.613784969 -0.404858261
    0.889418602 1.42013144 -0.0364007354 1.13937259 0.499663413
    -0.414847672 0.87101239 0.202814162 -0.492966861 0.556714654
    1.23688269 1.33674741 0.998904586 0.76332593 0.159417927
    -0.0666238666 1.00974238 1.2796545 0.546822667 -0.411470115
    -0.480552137 -0.303244829 1.32869911 0.882055461 -0.0897269845
    0.16829896 0.812191308 1.22961986 -0.394008845 0.806167424
    1.06004214 -0.653407812 1.47901273 0.633387148 0.513041794 1.3939718
    1.39208674 -0.467419565 1.59834814 0.85217452 1.19394732
    0.0878337622 1.0434134 -0.650081456 -0.65947938 -0.275202662
    1.50504994 -0.288413733 0.561081469 -0.0853803158 0.385232568
    -0.343575746 0.410470724 0.0808774829 0.391180754 0.722204149
    -0.427822411 0.363319099 -0.32067126 0.990614593 -0.323170424
    -0.0258567929 -0.4206523 -0.641545713 -0.329348534 1.12769938
    0.930141628 0.333118439 0.118152738 0.240899503 1.06980419
    0.193270981 0.612705708 1.55951095 0.160482109 0.0786430836
    0.813419223 -0.0243870616 -0.197871059 0.342524648 1.29189134
    -0.393942356 -0.542762816 -0.132221013 1.01832914 1.17090678
    0.32262814 -0.591758132 0.596853256 0.908549786 0.304564834
    -0.310215503 -0.131617248 1.60346878 0.536403 0.201519489
    0.0990356803 1.0232079 -0.580522716 -0.409747958 0.473142266
    -0.352265924 0.0679123998 1.70636606 0.597843111 0.0251823068
    1.79724085 0.349525183 -0.256807029 -0.210132405 0.807025254
    -0.0792658329 1.52328479 -0.193915069 1.12923563 0.469200313
    -0.403577685 0.512111664 -0.478214979 1.04908848 0.807370484
    0.868469059 -0.585941672 0.831317663 0.663441718 1.59108198
    -0.246572733 1.23877001 0.159111083 0.271098733 0.277231932
    0.988451302 -0.36556223 0.205533803 -0.408792824 0.198378801
    -0.592514813 0.740481079 -0.525812268 0.219031096 -0.0443236828
    0.0268861651 1.55190587 1.01656723 1.44289982 -0.368950486
    0.68747431 -0.0477218032 0.694967031 0.441367626 1.6591146
    -0.428489804 1.46301413 1.18198943 1.4106195 0.879759908 1.54287004
    0.110255361 1.38396716 1.12100172 1.4734776 1.20202255 0.162804067
    0.315121531 -0.178856492 1.08211577 1.42551064 0.678398728
    0.928412735 -0.548538268 0.693186283 0.974893034 1.16701221
    -0.535906792 0.405371606 -0.480474859 1.00477386 0.306020319
    0.847171426 1.11651301 0.609761119 0.102761686 1.60065091 1.48503089
    -0.581475735 -0.157962263 -0.115795374 -0.167313278 1.1587044
    0.654490054 0.395142913 0.533360243 0.912993252 0.699223101
    1.36021388 0.417887866 0.264944911 1.33578396 0.0458378792
    -0.211007088 0.0467693806 1.17274189 0.648523271 -0.406622648
    -0.199879467 1.74693346 1.65440106 1.33809185 1.7162199 1.34303427
    0.708907843 0.271512508 0.121005058 -0.324629158 -0.333148628
    0.910725057 -0.0754210353 -0.116160035 -0.372179896 0.664494574
    0.131202638 -0.354595959 0.0276838541 1.12648344 0.10307318
    0.540950656 0.424895287 -0.260485232 1.0375483 -0.0331610441
    1.06801414 -0.51266247 1.53061831 -0.573574662 0.481119454
    0.10759896 1.30511498 0.830887079 0.00410664082 0.693440795
    -0.603000998 0.825055122 1.1679039 1.40773022 -0.317419887
    -0.607653379 1.59623504 0.208313227 -0.275223821 -0.119989932
    1.57172203 -0.275309145 -0.228298038 0.954565406 1.53191817
    0.729443908 1.51945853 0.971680284 0.112317383 1.47277117
    -0.177555054 0.0354140997 0.148113847 -0.424194276 0.0815674067
    1.65077233 1.67899179 1.28632951 -0.200736344 0.0541957617
    0.58016032 -0.568137169 1.53946221 1.65124416 0.996015251
    -0.254175305 -0.623669863 1.6105777 -0.219952732 1.47980344
    0.598453224 0.41821003 1.39279425 0.308428049 0.00788927078
    0.819134474 -0.572024703 0.919928551 1.58661175 1.21632707
    0.262419999 0.261559188 0.896375597 0.519872308 1.5266335 1.39545286
    0.0849957466 -0.384706706 0.614493787 1.41786814 0.930859685
    1.44338775 -0.651001334 0.935924292 1.41688299 0.301840425
    -0.235108346 0.294847429 1.01996338 1.22147441 -0.54397583
    0.390734732 0.843221188 1.66712093 0.213683248 0.696712077
    0.701562345 -0.156595886 0.191454232 1.09911573 -0.00892716646
    1.08757114 0.788069248 0.905472994 1.41439307 -0.157395214
    0.670940399 0.269019544 -0.48568809 0.783273637 -0.440958381
    0.172118008 -0.462480038 0.0494383574 0.849488616 1.23668337
    1.27739668 0.221956968 0.261536717 0.18835026 0.067991972
    -0.586592197 -0.357138872 0.74446243 0.471195996 -0.258462101
    -0.287798703 1.49756026 0.301682472 -0.171148539 -0.276619881
    0.923645854 -0.492478549 0.952321589 1.3250165 -0.323005497
    0.843931913 -0.102817178 0.151999295 0.495107889 1.15905523
    -0.19751814 0.789371312 0.134803981 -0.163231015 0.859118223
    1.82180631 0.247355223 1.60072029 1.29363012 0.175703526
    -0.462453812 -0.572230995 1.5237577 0.621760428 1.078601 0.692255497
    1.46552873 -0.310324222 1.47460032 -0.376710594 1.57148242
    0.720200479 -0.318985492 0.351903081 0.571407795 0.913244128
    -0.570068955 -0.662647426 0.598798692 1.44802761 0.645032823
    0.0305033922 0.127021194 0.26614809 1.22651124 0.970535934
    1.15587234 0.665359735 -0.543040037 -0.0846466422 0.0654568672
    0.947569489 0.790754318 0.793748796 0.228248298 1.04849219
    0.427870333 1.30754507 -0.205786884 1.06049359 0.644746602
    -0.0314782858 0.83112061 1.06198967 1.60808241 1.17873752
    0.266522527 -0.321124822 1.36373854 -0.553020775 0.360526741
    1.39073181 1.39652956 -0.379447669 0.306092083 0.789646566
    -0.634673297 -0.629257679 0.483572721 -0.642494023 -0.542550027
    0.0643504858 1.6358099 0.243833005 -0.102374256 0.0610656738
    -0.612876832 1.53963089 1.08703041 1.52927685 0.687242389
    0.872271061 0.899407148 -0.223899543 -0.419143885 1.05167294
    -0.350230843 1.43156922 0.2061643 0.342121005 0.727296233 1.5550878
    0.606188893 0.0553439856 1.37618768 0.654423118 1.09827566
    -0.523585141 0.920964062 0.00136631727 1.64891899 1.23665309
    -0.375213891 -0.540412128 0.903045297 -0.404019356 1.31934309
    0.0649793744 1.32459569 1.39683855 0.396215618 1.12684965
    0.990170062 1.26591098 1.59130037 1.16284204 1.63512957 0.332013488
    1.56635237 1.29859972 0.0298483968 0.298969865 0.391332448
    1.16582191 1.22990072 1.62476134 -0.47041449 -0.434698224 1.63937807
    1.36239958 0.466133893 0.404090524 0.14904505 1.07846665 0.348814428
    -0.555994689 0.512716711 -0.145769268 -0.24745515 1.49641776
    -0.535958648 1.477108 0.546891034 1.30879235 1.31057262 -0.31837666
    -0.23034969 0.933401048 0.565679014 1.15580344 0.692626119
    -0.500116289 0.105147779 0.112159729 0.855893433 0.961577892
    0.629189253 0.192012072 0.204503298 -0.152716339 1.0702343
    -0.41994831 1.46978068 1.52025056 0.674308002 0.47311157
    -0.526607513 -0.609328389 0.92867738 0.209448993 0.344886005
    -0.20380035 0.923442006 0.10016191 -0.314678133 1.35593402
    -0.676828444 0.537072361 1.51524425 1.47063565 0.562483907
    0.557748318 -0.170849025 0.114839494 -0.122374177 1.23267984
    1.01211429 1.17845154 0.416527927 0.841164827 0.145860314
    -0.00966894627 -0.151826203 0.57603085 -0.316208988 0.510126293
    0.575140655 -0.281668067 -0.229599535 0.988320649 1.35905683
    -0.437523067 -0.362781048 1.21944547 0.586782575 -0.151130378
    0.919077098 0.794840693 1.02664304 -0.242032617 -0.319941461
    -0.141547978 -0.252484441 0.0454232097 0.854657114 1.6564455
    1.42383647 0.705030203 0.740029991 1.5863688 0.591923177
    -0.565552652 0.935725212 -0.633570254 1.44413531 -0.205863953
    -0.280156523 -0.188617766 0.103750408 1.57804716 0.912000179
    1.22143388 1.25331807 -0.277398318 -0.296351939 -0.0400713086
    1.26671767 1.46550751 0.36071521 1.12062788 1.26909852 1.68312705
    -0.429529488 -0.383398235 0.297170758 -0.60732007 -0.274100661
    1.17342579 0.794099092 0.409958005 1.61167598 -0.181675971
    0.363874376 -0.448591828 -0.386304855 0.566085339 -0.133182913
    0.384160876 -0.248445839 1.33420193 1.81230915 0.758599401
    0.919357777 0.0596790314 0.83123976 0.445387065 0.238841116
    0.930479228 0.822653532 0.880923688 1.32129312 1.0607183 1.51780391
    0.9655478 -0.466906011 1.06334424 -0.648976088 0.14738816
    -0.11134994 0.675243318 1.13498402 1.38160145 -0.520399451
    1.66005158 0.956227958 0.183264732 1.17330599 0.415744126 1.52813792
    0.890139043 1.42781627 1.14378881 0.282315671 0.00878208876
    0.879543662 0.592970252 1.40591359 1.07196116 0.0148190856
    -0.287346184 1.14455593 1.6078397 -0.116427839 0.403685868
    -0.379340678 0.353787124 0.165889084 1.09425688 1.16381145
    -0.382101864 0.216780663 0.150571644 -0.205340594 0.96658504
    0.134088039 1.34405065 0.164377093 0.364983678 1.39161611
    -0.228784144 1.23514128 1.20473707 -0.415797919 0.512727737
    0.325487256 0.695508003 -0.0286816359 -0.34919107 0.566902459
    0.233841598 -0.365558416 -0.118911088 1.45797265 1.04078293
    0.204405367 0.135996759 -0.346833318 0.748743117 0.592537761
    0.445472836 1.39909554 0.895189047 0.814996898 1.46546698
    0.549422204 1.53393531 -0.457672238 -0.52881968 -0.523884714
    0.248721838 0.616369188 0.265140712 -0.0731548667 -0.343910038
    -0.28241396 -0.16949296 0.746516347 0.558951199 0.818118572
    0.825271308 -0.306651741 -0.441167742 0.0912951827 1.58147657
    0.806658506 0.328373492 0.142431498 -0.623426378 0.731530249
    1.62690687 1.1122086 0.6655761 0.45755434 1.47722042 0.838199914
    0.996356428 -0.284288853 -0.368273169 1.33447099 -0.400195152
    1.37457561 -0.28840661 0.251221955 -0.575240254 1.31005669
    0.741166174 -0.350496203 0.834222913 -0.404014766 0.289422631
    1.21163309 -0.208249062 -0.539603412 -0.191355675 1.61091375
    0.655023694 1.45103979 0.340732455 -0.497111857 0.616821766
    -0.415793598 0.666659534 -0.61435467 0.342013478 1.27435541
    -0.640350103 1.56017601 -0.613155663 -0.300776511 0.91158843
    1.31059265 1.63275468 1.27349949 0.330890894 -0.101578891 0.74391216
    -0.346015483 0.317459583 0.924236834 -0.464775234 1.48465168
    0.242838621 1.52055335 1.49150538 0.21694541 1.15972805 0.105675876
    0.392674446 1.26995683 1.06899929 0.470369995 0.473153412
    0.669930458 0.648399532 1.49929345 0.142579377 -0.208772749
    1.27876234 1.08866787 -0.58853215 1.45507812 1.32754016 -0.457005799
    1.09537125 1.61829066 -0.115918517 0.146761537 1.06749988 1.15053034
    1.50338221 0.603397071 -0.449856013 1.35974765 -0.571995258
    0.759807467 -0.651816308 0.972088277 0.386258781 0.768675148
    0.276052654 0.617347658 0.93844229 0.634013295 1.17725027
    -0.299453646 0.42854923 1.64248192 0.539568543 0.350907803
    0.90705198 1.37975574 -0.623710334 0.253705144 -0.241635352
    0.434665978 1.63842535 -0.466118217 -0.477117777 1.57690382
    0.460455835 0.455760241 -0.467360258 -0.254914165 0.873240411
    0.387606978 0.0234894156 1.12557518 -0.577459931 0.492345154
    0.136428714 1.49588513 0.610159755 0.759737194 0.738544166
    -0.242294878 1.46604741 0.0410021544 0.870727837 -0.455587089
    -0.433430582 0.714136779 1.17211437 0.921742201 -0.0804659724
    0.947054386 0.591550708 1.57495666 1.17219591 -0.0109137893
    0.0538259149 0.997304618 1.78664827 1.32998872 1.52315962
    0.303722858 0.777053475 0.150295317 1.03224134 1.79947758
    -0.104038775 -0.60579133 1.33898783 -0.311453551 -0.226355761
    0.0221919417 0.912111104 0.0783430934 0.277370512 0.119920194
    0.281561077 0.254352808 0.621687353 -0.70947051 0.329917073
    1.47696972 -0.210667968 1.33404684 0.986839771 1.43905687 1.13358974
    0.375821352 0.524206042 0.760003448 0.289990187 1.30411196
    1.46691871 1.25257599 0.0905367136 0.902144074 1.50071013
    -0.521188617 0.160794199 1.59144413 0.785343885 -0.10343951
    -0.086156249 1.47100997 -0.608152568 0.349487662 -0.26384899
    1.05873013 0.673020601 0.409315705 -0.243949682 0.387023449
    1.36323524 1.12141371 1.54368532 0.0439169407 0.0908182263
    1.18041933 -0.376082391 -0.511695564 1.51819515 -0.210345507
    0.0100256801 0.472130775 0.224637091 -0.517154336 0.100649595
    0.229443967 0.433807909 1.16430068 1.30177736 -0.0757830739
    0.125786483 0.639102519 0.832874417 0.764703333 0.715413332
    0.816331625 0.0984420776 1.18273449 0.145908117 0.965526164
    -0.485750735 -0.688746452 1.49400115 0.784026325 0.330694795
    0.43749088 1.07063341 -0.119608819 0.682558656 1.05399895 1.00854635
    0.985647559 1.00976181 0.638929307 1.52899826 1.55261481
    -0.542852879 0.377665222 1.42562985 -0.317231804 0.274284601
    -0.228632838 0.193149388 1.64148831 1.48660576 -0.000863790512
    0.109669268 -0.190341532 -0.593952239 0.280467808 0.822603106
    0.517018497 1.29653239 1.07070029 0.908061028 -0.118324101
    0.305082262 0.837855041 1.58897579 1.62220895 0.509468496 1.35515296
    0.958295405 0.222935319 1.12337089 0.31258148 -0.387551308
    0.532259345 1.10433304 0.274885356 -0.580342531 1.14430618
    0.833867788 -0.341348171 -0.500007868 -0.215283394 -0.141218603
    0.636907756 -0.319506377 -0.0344229937 0.45906502 1.64073849
    -0.144082606 0.419205666 -0.323312759 0.512635469 0.429701746
    -0.628398299 1.49617338 1.09220684 -0.106504261 1.3307879 1.51065326
    -0.175769955 0.971011639 0.569437385 0.894004524 0.12197262
    1.07131457 0.24856925 -0.189305544 -0.283186704 1.66740727
    0.63786906 -0.101303995 -0.553137541 0.624804914 0.437177062
    1.54808187 1.13864684 1.12961483 0.879653335 -0.170980871
    0.594953179 1.20297885 0.295143425 -0.299159646 0.655781567
    -0.501146913 0.708460093 -0.0899287462 0.340544701 -0.44501853
    0.21852839 -0.31539306 1.3881073 0.273452044 0.957614064 0.721417844
    0.897250712 0.677030921 0.437188864 1.07963324 0.97896713
    0.808045566 -0.514799595 1.28239942 -0.443908453 0.820092022
    -0.659012914 1.47378576 1.44521976 0.811423421 -0.549321413
    1.39914107 0.495013118 0.572718322 -0.257063806 1.6097455 1.33165741
    1.2048806 0.134881973 1.19969869 0.402403712 1.57827663 0.864634454
    -0.428767651 -0.513818264 0.318451226 0.350741863 1.22996259
    0.909782171 -0.387090236 1.17879367 1.54242945 1.63410521
    0.758748233 1.64686203 -0.370822132 0.99696964 0.18950671 0.3511222
    0.491579115 -0.302350402 0.517424643 0.723843575 -0.445386469
    0.581050992 0.305947304 0.944295645 0.0594097972 0.00301915407
    0.343793392 0.213962138 0.366631448 -0.450239539 0.936268747
    0.381984651 0.923119068 1.64715743 0.316243291 0.455896735
    1.40208411 0.368013859 -0.361733377 -0.00135141611 0.782147169
    0.89991653 0.128550857 1.58811688 1.1731956 1.49014163 1.174119
    0.186831355 0.991925716 -0.356745839 0.781600416 0.544905543
    1.20653558 -0.0571862459 0.0093473196 1.27695751 -0.0368628502
    0.860516787 0.639002502 -0.333401322 1.38328886 0.104996264
    1.5965848 0.561682403 -0.164011955 1.59713233 0.71256876 0.97996676
    1.31151772 0.865430892 0.963287115 0.723959267 -0.128264785
    -0.115989029 1.04295862 -0.451307952 -0.0783147812 -0.126919746
    1.41419458 0.977642238 0.896314085 -0.331332952 1.47341561
    0.707218945 -0.410120785 1.12697649 1.55260599 1.53226161
    -0.594035983 1.35054493 0.149429381 1.32375598 0.568321288
    0.298219919 0.405646324 1.54513562 0.968912661 1.4535352 0.585514903
    1.36416793 -0.0914741755 -0.268650889 1.0273298 -0.299019128
    1.59805584 0.813471317 1.59724712 -0.183284611 0.282675624
    1.01371491 -0.0413922668 -0.288205206 1.47115076 0.123328626
    -0.645963073 1.29428697 0.319881439 1.44207239 -0.335764378
    1.02860212 1.5500412 0.805513263 1.18488777 0.150288999 0.773265243
    1.24966908 0.812865794 1.60381615 -0.147050679 0.294798255
    0.0500132442 -0.43562302 0.406011164 1.49444962 1.70441186
    -0.522589862 0.494756758 1.70502591 -0.239407748 1.47218394
    1.52626085 -0.558558166 0.569937289 -0.482084692 0.991342902
    1.3095299 -0.578124881 1.11074543 0.98683691 1.37478447 0.257065117
    0.785306096 0.975766778 -0.388142645 -0.139751315 1.56665957
    0.737154126 0.138751805 0.122855127 1.18454325 0.349260986
    -0.0735628009 1.41021776 -0.0118854642 0.22437185 1.0020237
    -0.199244827 1.14671469 1.65199327 0.595978022 0.0414968729
    -0.517759323 1.66130972 1.22699881 1.14337087 -0.333760917
    -0.285021245 0.617861152 1.66219807 1.56128621 1.64937377
    -0.29183501 0.892214119 1.00610685 1.24205256 1.15104866 0.733037293
    -0.076607585 -0.249832094 0.653168499 -0.608411789 0.722063005
    0.357939959 0.177007973 0.926981509 0.120975018 -0.251852572
    1.28336263 0.988254428 0.731713235 0.328808188 0.509382486
    0.293593943 -0.275393337 1.03994966 1.12486672 0.181740105
    0.945373118 0.65722388 0.17178452 1.10925996 0.0441614389
    0.538419843 0.856868684 0.10271126 -0.195972294 0.548163712
    1.50773335 0.963244021 -0.559617341 1.55079722 -0.577078044
    0.659942865 0.670744121 1.02053356 -0.595309794 -0.217449188
    -0.36748004 1.13937449 -0.0194473863 0.0710225701 1.52049327
    0.953018188 0.0546948314 -0.124767661 0.705171227 0.461539209
    -0.292562187 0.973854065 0.579583526 0.62530005 1.40749812
    0.0134646297 -0.61209929 1.43237329 -0.109537184 0.666823268
    0.0619621873 0.557031929 1.05825663 0.806866884 1.48723757
    -0.385806084 1.1119945 1.45360088 0.41487813 -0.58606112 1.6458981
    -0.20304355 1.1333946 0.298258483 1.19661331 1.40551114 0.918022573
    -0.272744626 1.13089538 0.733504951 -0.271974415 0.615510821
    0.0936616063 -0.296410263 1.13162994 -0.516282797 -0.330576301
    0.867761731 0.881067932 0.505297184 0.321843684 0.337816775
    1.50001419 0.168733656 -0.0425418615 -0.209517092 1.01784515
    0.0919389129 1.39665556 0.00401949883 -0.39146772 1.27527738
    1.53386927 0.309754968 1.12364113 1.43303943 1.25876474 -0.314257264
    1.52197337 1.91179895 -0.0270362198 0.830710232 1.46545982
    0.632883668 0.320245087 1.17877674 -0.255939722 0.300720751
    -0.312649965 -0.303506166 -0.394210994 0.919944108 0.127492607
    0.602148056 0.605367839 -0.465910733 1.29942 0.334875107 0.10813123
    0.229110003 0.0149917006 0.932156086 0.269114137 -0.561416924
    0.966474652 -0.220220953 -0.446199238 1.21570075 -0.602434993
    0.832058966 1.47547376 -0.511940956 1.37042618 0.749237418
    -0.0442571044 1.13301373 -0.110209227 0.59188503 0.864923537
    -0.487122476 0.750846386 -0.0168785453 0.53712827 -0.364123166
    1.36635685 1.3357079 -0.679606318 -0.454839259 -0.612642884
    1.35184312 1.47143304 -0.450292945 0.180678129 0.479810894
    -0.148395121 0.134616077 1.21609771 0.456128716 1.50883412
    -0.304057509 0.622364342 1.28623867 -0.525606871 0.111837506
    -0.0466089845 1.34586835 0.91776216 -0.1900132 -0.318354517
    -0.373804629 0.851898491 -0.0130463839 -0.315651745 -0.492116094
    0.948276758 0.994148254 0.852070212 0.564801455 0.895169735
    0.504365444 0.660093486 -0.622785151 -0.492876947 -0.546074867
    1.35725152 0.0865599513 1.64553142 0.893511355 0.689173043
    -0.00528913736 -0.158848912 0.907409549 0.0523241758 0.273514926
    0.218594372 -0.317349344 1.32077718 -0.580345929 0.129573345
    -0.13249442 0.152923226 0.519794047 0.186180115 0.837149858
    0.441211104 -0.239382446 0.563831985 -0.353033423 0.233192027
    -0.0768685341 0.645562232 0.499962151 -0.354518056 0.729286075
    -0.64732182 1.45716715 -0.0139134526 0.707547665 -0.484331071
    0.996254385 -0.600555658 0.302081883 -0.122219861 0.187591553
    -0.313835889 0.833245933 0.420143068 1.12016225 0.394226015
    -0.216856688 -0.426985204 -0.121608615 -0.0716395974 -0.169658005
    0.0706361532 -0.314672858 -0.0331118703 -0.526477754 0.386256933
    1.00685096 1.3290956 1.31116629 -0.667652667 0.791552126 1.0579555
    0.925717354 1.46648264 -0.484607875 -0.000683128834 0.0103468895
    -0.431813955 1.44507051 1.04161859 -0.209344417 -0.193382263
    -0.00995200872 -0.00586998463 -0.126644284 0.243311226 1.20414853
    0.519656003 0.0587426424 0.0278573036 -0.530855954 -0.491654068
    -0.115226239 -0.477303445 0.381583929 0.364807606 0.887965202
    -0.534247398 -0.22539252 0.580127656 0.278449416 -0.105127573
    0.197239816 0.96244359 0.500974536 1.44221711 -0.468603015 1.2630558
    -0.188086838 0.99830085 0.0629490614 0.00948393345 -0.469842523
    0.397582173 0.907204092 1.625664 0.132666707 0.467770219
    -0.209252894 1.2786181 0.0639436245 0.266902804 1.06377411
    0.524756432 1.41244912 1.27383876 1.438766 0.10904938 0.673282564
    -0.187889516 0.719402671 -0.0989322662 1.49073124 1.40991259
    0.753123105 -0.071690619 1.17303765 1.49360621 1.11141324
    -0.571925342 -0.516289532 1.52328944 -0.0743931532 0.076621592
    0.991352797 0.566091955 -0.565459073 0.717455387 -0.51222831
    1.46380997 0.668925524 1.23278165 0.855459511 1.62228513
    -0.272460163 1.12193394 1.51550996 -0.591996789 0.730508924
    -0.376852244 0.933474302 -0.459675074 0.710108697 1.28487396
    0.92028743 0.703930318 0.105929375 0.645240486 -0.555064499
    -0.644553006 1.46465695 0.454609334 1.66421258 -0.106284678
    1.01208162 1.15320146 0.602404892 -0.176916927 -0.0103433132
    1.07214081 1.70974088 -0.323896766 0.516044855 0.834655643
    0.210066855 -0.294684052 1.5685463 -0.468403339 1.33121753
    -0.441849113 0.235320032 0.959401965 0.996687114 0.0873356462
    -0.159746468 -0.18448627 0.981056929 1.49671078 1.61324477
    0.695551276 -0.0735199451 0.645174623 0.445058584 -0.464740276
    0.515455365 1.14795113 0.141053617 -0.688132405 1.09903502
    -0.221133709 0.871796489 -0.533492625 1.4094696 -0.550038934
    -0.127208054 1.54661059 0.700387537 0.633597076 0.745133817
    -0.160905242 -0.61445123 0.0827466846 -0.146933675 0.264305532
    0.415343106 0.0213118196 1.06468868 -0.318262726 -0.398283005
    0.940593064 -0.363939703 -0.295278519 -0.575353026 -0.175736964
    0.635938585 0.941182554 0.394978762 0.518499792 1.505126
    -0.620357037 1.1673317 -0.582377076 1.35525727 -0.418781042
    0.816847205 1.49959207 1.24543881 0.371921122 0.557985902
    0.564991474 0.986576915 1.15786481 -0.548722804 1.30986333
    1.53833187 1.214463 0.552723706 1.20918179 0.026388824 1.26549864
    1.0237323 1.41824961 1.49246085 0.764585555 1.10220861 0.549177587
    0.904904544 -0.268881768 0.532389462 0.0143584013 1.15617776
    -0.239383757 1.05687761 1.46783113 1.01946902 -0.422569901
    1.21844625 0.232658088 0.0993518233 0.337818801 0.88387692
    -0.399809539 0.506505013 1.60099554 -0.265196383 0.322588146
    0.0498216152 0.548130691 1.10659742 0.317933619 0.918762207
    0.962018788 -0.237527907 0.0621191263 0.560756624 -0.438068002
    1.36338234 0.426214337 1.05191445 -0.188998789 1.4348855 1.45372009
    1.42891431 1.11821032 -0.536479115 0.771578133 0.193453729
    1.53040981 -0.356113195 0.0596527457 1.41337395 0.15666461
    1.32371545 1.00896311 1.43019366 1.46823955 -0.435496747 -0.15373686
    1.42637396 1.20321083 0.619311333 0.646965861 -0.384941578
    1.44647503 0.6059044 -0.66945672 -0.0508816242 0.32827425
    0.142968476 -0.105083287 0.952672899 1.01013005 -0.20254153
    -0.428176939 1.44582546 -0.210159928 -0.225589961 0.0374951959
    0.774676979 1.63312554 0.37984848 1.19481921 1.07822096 0.753718138
    1.03079331 0.178049088 1.27110052 -0.513511181 1.20808101
    -0.532651305 0.249368012 1.57809901 -0.520276487 1.31823874
    -0.52843827 -0.211437345 0.0506147742 1.51406336 0.440482557
    1.22738576 0.268389463 0.421612084 -0.412434071 -0.620910347
    0.430098593 0.612780333 -0.54427278 -0.197391003 1.47182083
    -0.0765542388 1.60783505 1.39788246 -0.526693344 1.30499959
    1.52727067 1.0286231 -0.559263349 1.62490439 0.0444655418
    -0.637246251 0.96274811 1.16953397 1.23427105 0.241309166
    -0.201433688 1.43918681 0.488988936 1.27991056 0.863321841
    0.104942441 0.640812337 0.120165408 0.0822095871 0.0924208164
    -0.605971038 0.456651211 -0.571976423 0.534712374 0.660574913
    -0.42611897 -0.0114127398 1.30209184 1.16550326 -0.115943789
    0.439915001 1.2497468 -0.34826678 1.65942907 -0.208856612
    -0.14026773 1.20791626 0.551923871 0.161410928 1.46858072 1.65299916
    -0.263127267 0.217150986 0.0841608047 0.666800618 1.02635717
    0.869761705 0.955981076 -0.572955847 0.612508833 0.920536637
    0.594775438 1.6588757 0.540854871 0.499883473 1.09691405
    -0.079919219 1.1148653 -0.518083811 -0.00920206308 -0.199579626
    0.558655381 1.32737863 1.37895846 -0.110749841 1.40952337
    0.848998189 0.560828209 0.891392648 -0.0338134766 -0.375365943
    0.809299529 0.693091571 0.395468891 0.51328522 0.939305425
    0.32190448 0.633270502 0.7570768 1.02900803 1.48703015 1.20345998
    0.275467455 1.22648811 0.212638497 1.09499049 0.0769155025
    1.44685519 -0.647752464 -0.46350953 0.060336411 0.0826038122
    -0.567989945 0.461131334 0.267263889 0.129600704 -0.300069362
    -0.617926776 1.16095257 0.128705263 1.30688262 0.014511764
    -0.0596821904 0.57191807 0.431490839 0.227469921 0.13934195
    1.47726238 0.51151675 0.514228344 1.04509187 1.33216953 1.52994478
    0.402816355 -0.407059878 1.22302246 0.391603947 -0.550557852
    -0.635026693 -0.424695075 0.566310883 -0.269540399 0.0762099028
    0.452901423 1.5038929 -0.0592670441 0.359230638 0.483226597
    1.51127768 0.844867289 0.220640957 1.35940182 -0.423095763
    -0.242200166 0.479844809 1.60141039 1.5153501 1.47634602 0.260065258
    -0.132626295 -0.480879486 0.531570494 1.26848006 0.729847193
    0.291921675 0.831039965 1.34912825 1.069525 -0.436047882 1.37809634
    1.587237 1.30023313 -0.267211258 -0.499789506 -0.290128678
    0.907369316 1.44918752 1.30316067 0.145954967 0.778682351
    0.129673958 0.705815017 1.06384993 0.719073534 1.55036211 1.41284585
    -0.249854177 0.264540076 0.521356285 1.37187457 0.161438584
    -0.174439222 -0.46723789 1.28395271 0.815595746 -0.447798759
    1.0411607 0.607236087 1.48080707 -0.654064417 0.126630723
    0.281055748 -0.638144851 1.37936807 1.32779789 0.0227965117
    -0.428718001 0.66265887 1.0371449 1.10336971 1.10328627 0.691458464
    1.3845644 0.625688732 -0.243226469 1.33448422 1.51427448 1.39063597
    1.01467621 0.995347619 1.08048248 0.587371886 -0.411417603
    1.47191501 1.04949594 0.0913755298 1.30562592 0.275991082
    -0.296730191 -0.0275478959 0.893736899 1.0393846 -0.0563810468
    1.01924825 0.856142819 -0.24969992 -0.0590825677 0.73846519
    0.855520606 0.0964007378 -0.0530537963 0.588714361 -0.463978827
    0.538595557 1.67617321 -0.192116708 -0.510389507 -0.037268281
    0.125627041 -0.0323092341 -0.445048213 0.969354093 -0.608630002
    1.27005911 1.07518017 0.894523263 -0.40289107 0.4537853
    -0.0573773384 1.1246227 1.05060565 0.544467807 -0.469419807
    0.960332215 0.474113166 0.922644198 0.810997784 -0.601434529
    -0.464078724 1.16742074 -0.292218179 -0.245933264 -0.460478574
    1.45456684 0.609620869 1.49818873 0.821183741 0.0695918798
    0.711873353 0.016297996 0.199483573 -0.46169585 1.56320643
    0.333711982 0.983985722 0.835453868 -0.334832579 0.446030259
    1.49896765 0.286776662 0.741129518 0.274993777 -0.366545439
    0.25779891 -0.0422751904 0.0471342802 0.785125256 -0.0809202194
    0.766979992 0.626609802 0.385271847 1.21014237 0.579884708
    1.07018089 0.982349157 0.462027669 0.471371293 0.930533826
    -0.00385290384 0.930352092 -0.42715472 1.34736133 -0.452788234
    0.641946852 1.44290435 -0.616108239 0.121264696 -0.0801931024
    0.863271654 1.6014787 1.39654136 0.386207819 1.13761377 -0.384212971
    0.449774861 1.3804183 1.28107977 -0.414872169 0.381349325 1.21726906
    1.38099933 0.913906753 -0.0611630082 -0.673774242 0.105940044
    0.863253832 -0.534098387 -0.192812264 0.522473335 1.20790005
    1.54956472 1.22435319 -0.465512305 1.37105691 0.0622009635
    0.656603634 0.490967631 0.758501828 -0.00293564796 0.72775805
    0.9048388 0.351644933 0.865922868 0.937064946 -0.304972202
    1.43070531 1.00072742 -0.278344095 0.765780091 0.326582551
    1.14407277 -0.137557566 0.519860983 0.549048066 1.4335587 1.14046526
    0.380097568 1.19973671 -0.0642184615 1.25813997 0.445752919
    -0.558802962 1.17607534 -0.28099373 0.163461983 1.39350164
    -0.0458077192 1.23625922 0.149499238 1.53878927 1.34642839
    0.919067979 0.81468308 1.02173245 1.31558454 0.531261384 0.827590942
    -0.11694622 0.263896465 1.56701314 -0.62821424 0.447914898
    -0.117901564 0.746929049 -0.245996237 1.58753848 -0.398444951
    0.0692961216 0.432936907 0.750021696 -0.379419774 1.33724678
    0.57387805 1.51325226 -0.338899016 0.0850326419 1.09545195
    0.497641027 1.62743175 0.388308704 0.0563724637 -0.0585529804
    0.19537282 0.462719023 -0.561285436 0.478402615 -0.509844422
    -0.189646542 -0.53130877 1.39178658 -0.651146293 -0.000295460224
    0.176710725 -0.0708306432 -0.230625719 1.2490294 0.349868715
    -0.117079675 1.2513752 -0.108094692 1.33301282 -0.536373913
    -0.623038769 -0.241980582 0.252024174 -0.0774360895 0.315606534
    -0.396311581 0.623776019 -0.364465922 -0.157675803 0.989544272
    0.23360914 0.620142937 -0.495687127 -0.593111098 1.43950951
    -0.406871557 1.33226514 0.59207648 1.60609293 1.17340374 0.886146843
    1.55677783 -0.123367071 0.0537822247 1.089836 -0.0434710383
    -0.287454635 -0.612794876 0.564755619 0.385160208 -0.202015042
    0.44675827 -0.0770491958 -0.407452852 1.00511396 -0.16625604
    1.4647851 1.04331636 1.2166369 1.22456753 0.753291309 0.712177932
    0.974453807 0.715356112 0.374732256 -0.320354849 1.33835614
    1.65153146 0.31925422 1.51982546 -0.257737458 1.66410184
    -0.187440425 -0.467512131 0.130574822 0.599639595 -0.523760021
    0.346179903 0.65268755 0.0530386567 0.145828545 1.41135001
    -0.426288664 -0.177707344 1.02658474 1.26085854 0.697372496
    -0.0865632296 0.299536169 0.358422101 0.8333534 1.42822504
    0.71914804 0.604845166 -0.427615047 0.505597174 0.00560235977
    -0.182527661 0.69626385 0.621374488 -0.530203521 1.2727375
    0.297397852 1.21961975 1.07007074 1.20869446 0.744994044 0.670848787
    -0.0511720777 0.814305902 -0.329712808 0.387845635 0.984233737
    0.735457897 -0.466189206 -0.392376661 -0.224403441 1.06355691
    0.00266313553 1.4152391 1.46930099 1.32264566 0.577445447
    -0.190307796 0.603772044 0.647491992 1.18829668 1.61117697
    -0.404870629 0.901885629 0.645949602 0.631050885 -0.398476124
    1.09861183 0.868194759 0.237868547 1.43069112 0.753715515
    -0.389586329 0.453272402 1.2675941 0.0343029499 -0.434714466
    0.642884851 -0.309782535 -0.145197123 0.498901367 -0.390424401
    1.60813999 1.31303656 0.78287673 1.27783418 -0.606939495 0.550521374
    -0.63117826 1.66944766 0.275099158 -0.562500119 0.162583649
    -0.149927825 0.995583713 1.29563642 1.61894083 1.05888212 1.53600216
    1.46528411 0.564540505 -0.298934639 -0.250360191 0.581546783
    0.132294297 0.664785981 -0.14447701 0.403051436 0.583348334
    0.320473313 1.09731698 -0.191605866 0.778463423 -0.166812092
    0.678131044 1.6446172 1.77465057 1.62986624 1.06815577 0.730395257
    -0.11098513 0.741692364 0.150291145 -0.576081097 1.63382697
    0.183454454 -0.348594546 0.671524465 0.799918652 0.237720728
    -0.0553702116 1.3929044 1.13879561 0.602651894 0.313918829
    0.336916685 0.923964322 -0.388439745 1.00008953 0.587046742
    0.242007971 1.60357177 1.10109711 -0.660629094 1.32797611
    0.726868212 0.861447513 -0.264583617 -0.067778945 -0.62466532
    1.02171731 0.995164275 0.095675528 -0.403083384 1.35156417
    0.969331861 0.130300462 0.747805715 1.39261556 0.735246539
    -0.259661287 0.525927305 1.23797941 1.00118482 0.054980576
    0.537148416 0.816310942 0.458097219 0.933773875 0.992326856
    0.209602952 1.01015961 1.32657719 0.816971779 0.791000485
    -0.448117852 1.24499166 0.716215909 -0.183917642 0.00451803207
    -0.413237631 0.939087749 -0.325915307 1.40783024 0.344835758
    0.297794938 0.812357485 0.854711592 0.442328095 0.915185213
    -0.143621624 0.698578417 1.23316002 -0.125638187 0.520801783
    1.59257293 -0.0200368166 -0.607180417 -0.384699613 0.501459062
    -0.62843889 0.072432816 1.31416273 0.842892408 1.25944352
    0.833471298 -0.365988225 -0.343187541 0.385008991 0.735227346
    0.0582489967 -0.508080959 -0.593967795 -0.00793725252 0.711732864
    1.17388546 0.296822131 0.490552306 1.28668284 -0.138705969
    -0.0823375583 -0.0837990046 1.38763809 1.52795386 0.993120551
    0.834881783 0.143639028 0.585407913 0.273230612 0.907763779
    0.990843236 -0.606197476 1.52593613 1.0100472 1.38721967
    -0.605904818 0.782645106 -0.0310857892 -0.43735224 -0.0942128301
    -0.515217245 -0.622914612 -0.0242289901 -0.615758538 0.866925478
    0.410793781 0.576198399 0.39378047 0.587763965 -0.0502344966
    1.51722336 0.0970661044 0.153431892 1.28082573 0.46368283
    0.772996128 -0.129216492 -0.599777579 1.12281799 0.00798326731
    0.787108302 1.19718003 1.57984591 -0.0217647552 1.50258934
    0.351464808 0.773304522 -0.0523067117 -0.315977007 1.14593148
    1.09616303 0.896028876 1.38927162 -0.515294373 1.05634522
    0.778684795 1.35269809 -0.118824482 -0.0897440314 -0.501551807
    -0.480221391 0.372012138 -0.566823781 1.47834229 1.30150676
    0.0746979117 0.972571433 -0.564164639 -0.0607773066 0.00474870205
    0.249817967 1.60353613 0.257916868 1.69096899 -0.0916658044
    0.454544485 0.550684512 -0.337412208 1.21256661 0.403208196
    1.44275069 1.29145813 1.51066053 0.894039929 1.34407878
    0.00247323513 0.662256479 -0.485466003 -0.57034713 0.691049695
    -0.366354883 0.889258504 0.0748512745 0.126555204 1.23909855
    0.806789279 1.31110168 0.14493382 0.15496546 -0.613037944 1.5743947
    1.17858839 -0.137961626 0.637921989 0.302603424 0.360651612
    0.285127759 0.0144999623 0.608258188 0.772314966 -0.596805394
    1.59893107 0.811461568 1.66599262 -0.466656327 -0.329549432
    -0.455537498 -0.301757842 0.478363872 -0.153987974 1.04581487
    0.137965977 1.55139661 0.603744566 -0.0879596472 1.42318571
    0.555087984 1.52761436 0.345443964 -0.628686547 -0.130029261
    1.1437279 0.459513009 0.464446187 -0.651067913 0.985213339
    0.339610636 0.78032732 0.507341802 0.136528552 -0.293427438
    0.523163974 0.0890018344 0.0272856951 -0.190958977 -0.481443554
    1.61027694 0.379645526 1.45327616 0.0249317884 1.60077465 1.70563388
    -0.098950088 0.633700728 0.876284778 1.39598203 0.78757602
    1.62996387 0.533084393 0.991954684 0.403609514 1.55797029 1.21749854
    -0.0656164289 0.915778637 1.00294554 0.775675833 0.0735863447
    -0.142734289 1.57826185 0.104800463 0.480084956 -0.126127481
    0.271362364 0.455377758 1.07441211 -0.204431266 0.952827871
    -0.203882545 0.879483938 0.249655306 0.427800477 1.52663183
    0.46485126 0.120100439 -0.494363129 0.303883851 0.497301698
    0.888245046 0.15733403 1.4402647 0.521025538 0.595538497 0.13858062
    0.658952534 0.116930306 0.646275699 -0.216770887 -0.525614917
    -0.0502023697 0.666632175 1.42125082 -0.62970221 1.35810447
    0.593291998 -0.300316036 -0.178801864 1.23315883 1.31048143
    0.138333678 0.475532591 1.54433441 1.08127689 -0.515395284
    -0.289914072 1.05085444 1.42524683 1.18062687 -0.469769806
    0.270024598 0.157391369 -0.500338376 -0.363130689 0.939673603
    0.893453538 -0.324744701 0.760592759 1.46091747 1.34890175
    -0.587728858 1.27666855 0.718900144 1.57889152 1.29239225 1.10842991
    -0.409340858 -0.537281096 0.332429945 0.276484311 1.43062043
    -0.578966558 0.817033947 1.56853724 -0.402190208 0.840252459
    1.26125467 0.824933767 0.569073141 1.08989143 0.694128692
    -0.456160665 0.115028977 -0.275017172 1.11274242 0.0480855107
    1.13889027 0.523192048 1.60373688 0.100184858 0.347971022
    0.654161751 0.741438448 0.754378676 -0.465753525 1.02608609
    -0.274695396 0.518142819 0.886805534 0.44788748 0.00327157974
    0.868946195 0.420356035 0.116726458 0.153508544 0.70782131
    0.403040648 -0.0322449803 0.19007951 1.17374468 1.23982513
    -0.286205024 0.508049726 0.0784810781 -0.429950476 1.06704497
    -0.0673485398 0.656121314 -0.0710424781 -0.358873367 0.987156093
    0.393540561 1.68719542 -0.455175042 -0.124890119 1.05207539
    1.47196126 0.0359541178 1.01646852 -0.382970333 1.13072562
    0.770848989 -0.428556085 1.49295342 0.303908229 0.0900405645
    1.48158455 0.305299878 0.429324865 -0.282213032 1.55686903
    1.21483707 1.13112903 0.171815991 0.222551465 1.11452675 0.77944839
    1.71348 -0.573276043 0.0502405763 0.932994068 0.803526402 1.61837173
    0.360916197 1.54501343 0.714394748 0.0789862871 0.494555295
    -0.395656765 0.884967625 -0.560755134 1.20848727 1.00624311
    0.60297662 0.340163946 0.124310076 0.710739136 -0.290160477
    0.483360946 -0.43068257 1.32301629 1.25131357 0.188042521 1.54321265
    0.680852473 1.09012771 1.64472198 -0.28914395 0.0413811207
    1.48164487 0.952351511 0.161823332 1.59577954 -0.690559626
    0.874083519 -0.583276868 -0.504113615 0.899456203 0.11749953
    -0.352700025 1.45835066 1.66443586 -0.66050899 0.345570505
    0.786852181 -0.58355552 -0.0148931742 -0.534033179 -0.450948596
    0.95507735 1.00701141 1.48340845 1.53135943 0.38536495 -0.547856987
    0.705225825 0.183631897 0.922887266 -0.254813075 0.391019642
    0.475834787 1.17524958 -0.561910391 0.730315566 0.0224003196
    -0.529681265 1.16328394 1.30202556 -0.556366622 0.75248909
    0.628772616 -0.0345939994 0.05631423 -0.421986133 1.0343399
    0.28178823 0.0693057775 -0.344962895 0.37452203 -0.0154923797
    1.39528406 0.675940812 1.67157626 1.64431059 1.41218543 0.725212872
    -0.224191785 -0.492631495 0.84401381 0.601699531 0.779889762
    -0.114602745 1.36935592 0.443576127 -0.410801172 0.675074399
    0.935010791 -0.641771913 1.14787078 1.30309963 1.18234086
    0.693485796 -0.706931293 1.01404202 0.544295132 -0.055505991
    0.179603159 -0.0670045018 -0.718742132 0.733894229 1.27962756
    0.493238986 0.245967925 0.128415287 0.828120053 -0.405372381
    1.60834455 0.451641321 1.43561006 0.266484916 0.587178767
    -0.0856749415 1.44988477 0.213898659 -0.38080731 -0.236026198
    1.26493979 1.06667769 0.389442444 1.03866911 0.833397388 1.50215888
    0.176429093 0.4915663 0.130119383 -0.291059315 0.458211541
    1.47058749 1.55692899 1.07530022 0.0110095739 0.379903078 1.15179503
    -0.0118352771 0.600205004 -0.209283233 1.31779194 -0.360542446
    0.809814811 -0.461199164 0.00035315752 1.34935594 0.0691258907
    1.56185699 0.319391727 0.718084514 0.0307901502 0.925542772
    -0.153535903 0.635828912 0.485353112 0.87256366 1.13254166
    -0.0807192922 1.02039409 0.95029068 1.51042032 1.082654 1.1793927
    0.0719013214 1.09975743 0.88551563 -0.463712752 0.180294096
    0.837462366 1.41292918 0.810037017 0.27733016 -0.00869327784
    0.75062561 1.31850803 0.416549027 0.820779622 0.688268006 1.29061568
    1.50676513 0.59303838 0.0445476174 0.812738955 0.263594151
    1.43477714 0.550937533 1.06072223 -0.21417582 0.482653677 1.13813829
    0.0371744633 0.149591744 0.852115452 0.191090584 1.6098721
    0.64207375 0.646863818 -0.316323221 0.698809803 0.0510493517
    0.158251703 0.128011167 0.912256777 -0.0143017173 0.799326658
    0.540459335 0.911548316 1.36197567 0.313813508 -0.0696631074
    0.267644167 1.20154238 0.746622384 -0.292205572 1.33803535
    1.05420089 1.03754961 -0.426781654 0.25896436 -0.454771519 1.1959691
    -0.432181299 0.988297701 0.114094257 0.0093780756 0.765808403
    1.34842396 0.9965415 0.752005219 1.29006171 1.61256456 1.31076884
    -0.0130425692 1.05285084 0.56572634 -0.449044347 -0.373961061
    1.11683559 1.13631535 1.00060582 1.29712176 0.744158149 -0.551853418
    0.624106169 0.828042805 1.21710372 -0.495889455 0.816099644
    0.74662292 -0.13403371 -0.140846193 1.02985048 1.47685099 1.00960517
    1.05732512 0.241940677 0.361138821 0.477997303 0.579831958
    -0.0017567277 0.707063437 0.0974918604 0.635408342 0.636351049
    0.281691909 1.10949874 0.276813447 1.17312288 1.25487065
    -0.246387094 -0.227619141 0.421690822 1.22039866 0.606727481
    -0.23766616 0.218825877 0.387160122 0.3577106 0.932280242 1.47666395
    0.188334882 -0.0201779008 0.403341293 0.557066143 0.694973767
    0.0417631865 1.15846682 -0.29993552 1.4552784 -0.557965636
    0.774244308 0.568618655 -0.168201476 1.44996738 1.45803905
    0.985754192 1.22318649 0.373201907 0.801439583 -0.350528091
    1.31504512 0.0862625241 -0.273471594 -0.418128788 -0.214761823
    -0.0457866192 1.68843961 0.334046841 0.433952212 0.23609215
    -0.174652576 -0.556354403 0.450861394 0.0793939829 1.47923684
    -0.183639169 -0.249433607 -0.57209295 1.20663595 -0.2459144
    0.597601771 0.24890846 0.574874163 1.28331566 0.342353225
    0.222717047 0.4025231 0.604313016 1.476475 0.619068146 -0.09353441
    -0.323104411 1.53316379 1.49721956 0.6364007 1.44178224 0.227322459
    1.74057937 1.10849428 -0.186745763 0.782151818 -0.294746459
    1.84688473 0.0635887086 -0.00744324923 0.18095386 1.0482502
    0.265634537 -0.215601921 1.007967 1.59744811 -0.0749775767
    0.462796867 1.32089138 0.550734043 0.294781268 1.07983088 0.49916929
    1.24797261 -0.673478305 1.22133541 0.544767022 1.5342077
    -0.289107382 0.911616027 0.0823256969 0.019022584 0.697166085
    0.680027127 -0.0458837152 1.42204452 1.05595911 -0.17013365
    0.37719506 1.11598575 1.62690508 0.57632339 -0.501225829
    0.000331223011 1.3399806 1.06731677 1.38793766 -0.224235177
    1.58676589 0.596178174 0.946417987 0.624817848 1.25377321
    0.0673832297 0.932025135 0.160014868 0.0718336105 -0.0646470785
    0.726532757 0.43471092 0.393518984 1.46470141 1.43285537 0.149120033
    -0.57700336 1.44586611 -0.490030289 0.121047139 0.0802205801
    0.926062107 1.09963775 0.65748322 0.115392625 0.644527972
    -0.0693646669 0.630708992 0.325016081 -0.255631655 0.537151337
    -0.314478427 1.13221955 -0.330837727 0.986773729 1.60790491
    1.17182338 1.13273478 1.110116 0.0879967213 -0.421871006
    -0.193116665 0.848171592 0.243380487 -0.611003101 -0.522786677
    -0.554216981 1.16071784 -0.0519882441 0.370565474 -0.00242942572
    1.31224287 1.23985291 -0.646184564 0.295896769 0.611323893
    1.12854195 -0.330472618 -0.481068701 0.265050054 -0.473445028
    -0.0350095034 0.122582734 0.286207855 -0.447559237 0.63526535
    0.819943607 1.47303081 1.60548472 0.492481649 1.23752415 1.61210823
    1.02566373 -0.0948656797 1.48143709 1.08307076 1.30173564 1.2516427
    -0.3788082 0.803841293 1.08135223 0.716295123 1.09849119
    -0.461952984 1.22600389 1.13288057 1.33465254 1.00284088
    0.0511168838 -0.549429119 -0.496635288 0.4341079 -0.21647945
    0.509971321 -0.417024791 -0.528354347 -0.399188519 0.102622032
    -0.224165589 0.0097578764 -0.542286813 0.956372499 0.903822958
    0.959104896 0.390982568 1.08787489 0.446092606 -0.527209401
    1.10326123 0.763629138 1.29776311 0.894522369 -0.345453709
    0.852758288 0.487243414 0.147821844 -0.396648556 -0.373737872
    1.48364568 0.0979685187 0.143727481 1.29320264 -0.540003002
    0.694647372 0.839182138 -0.0198889375 1.24435449 1.13100314
    -0.422874451 0.479631543 0.785994172 0.405359149 1.58883977
    0.262941957 -0.253209621 0.338758349 1.32027841 1.00472641
    -0.559894204 1.45655417 0.823830545 -0.540142953 -0.211649358
    -0.0697351694 -0.412507594 1.15438795 0.849272728 -0.57921809
    0.155650198 -0.342476845 0.454553187 0.0985955596 1.51678586
    1.42970872 0.0717512369 1.0719502 0.0992328525 0.291513026
    1.00117469 0.632259965 0.937352538 1.12797451 1.3865453 -0.618932962
    0.454588175 0.716228426 1.59414661 0.993052721 0.61526984 1.36507392
    -0.65467459 1.24767613 1.39187324 1.23661458 0.394629419 0.138459861
    0.295291483 0.170082569 -0.0163040161 -0.387782186 1.14616776
    0.043178618 0.252269685 0.658746839 0.328099728 0.0916973948
    0.0409809947 -0.314562023 0.735013723 0.828095257 0.920722961
    0.0103719234 1.47316158 0.366514146 0.775923729 -0.215859592
    0.710339785 -0.180777401 -0.361344069 1.65077984 -0.612322927
    1.35393119 0.584072471 0.0647266507 0.0401225686 0.390532494
    1.29161072 0.419587493 1.03790987 -0.172092944 -0.129009902
    0.458886713 0.683349967 -0.237145066 -0.208090276 -0.18098332
    1.50310206 0.609664857 0.488580763 0.446696222 0.693347096
    1.18515873 0.571614742 1.4228332 0.128379405 1.52882218
    -0.0633845329 1.36285353 1.39849162 -0.657715142 0.0411818027
    -0.332621306 1.34934735 0.899021983 1.51198602 -0.324254751
    0.524309397 0.0308372378 1.44827342 1.46200788 -0.335582137
    -0.116536319 -0.288326591 -0.214525759 -0.402810872 -0.418550611
    1.07863295 1.52602959 0.666622162 -0.469856083 0.880800605
    0.637779295 1.24440408 0.901323855 0.681765735 0.711232483
    -0.380664378 -0.0184944272 0.218084276 0.776105642 -0.570057034
    0.0423686504 0.710344315 -0.210077018 1.18176484 0.162204802
    -0.00420325994 -0.523590446 1.50003827 1.21343482 0.605808854
    1.48157215 0.985123754 0.582367659 0.206373394 0.794328034
    1.60624075 0.00310844183 -0.571344733 -0.610612869 1.54831982
    0.823203504 -0.0643728375 0.113010287 0.505499721 0.77163291
    1.10843468 1.3144393 0.943497658 0.0972902775 0.815030575 1.03185797
    1.05315268 0.403612435 0.157737434 0.724764228 -0.364979714
    1.00395656 -0.333318859 -0.0515390635 0.301172256 -0.388623774
    0.93065244 -0.435599566 -0.352801323 0.0805287361 1.10475981
    -0.525638759 -0.0166493654 -0.567142725 1.48852158 0.932131708
    0.524992168 1.11323571 1.62119746 -0.161208272 0.805482447
    1.64206815 1.33890271 -0.0629163384 0.0456258059 0.415835381
    -0.149791837 -0.333939731 1.45012093 0.250967145 1.02476084
    0.235257804 1.61803639 -0.697759449 1.56906724 1.51642025 1.3500495
    -0.540328145 -0.611778557 1.3100307 0.901830137 -0.614957213
    0.66225481 0.802122712 1.48673856 0.652432323 -0.0157226324
    -0.373407513 0.916303992 -0.193879962 -0.54915309 0.37625742
    0.749289751 -0.205226451 0.563122988 0.270798206 -0.0356501341
    0.608230948 0.212862134 -0.351969361 -0.3084791 0.936377227
    -0.293677568 -0.661640644 0.892968833 -0.288097739 -0.0357943773
    1.36782742 0.611030161 -0.255815178 -0.268553764 0.422333956
    0.414563894 1.22952104 0.476663351 0.365235269 -0.442917705
    -0.535642862 0.239256501 1.42748606 0.264293849 0.4949525
    -0.564278901 0.0137012005 1.0350436 0.985791922 0.659060299
    0.63097471 0.129809082 0.620013595 0.587732315 -0.543061018
    -0.0550764203 0.0444004536 1.67981017 -0.348304421 0.999175847
    0.864121497 -0.61596334 -0.0364265442 0.444218874 -0.572006106
    -0.223303318 0.708351552 0.333559453 -0.402914256 -0.448918402
    1.35740411 0.966861427 1.41461313 -0.162093937 -0.12229383
    -0.232211977 1.59379506 -0.499750197 -0.175031006 1.23166847
    0.402558446 -0.0628467798 -0.360679924 0.554863632 -0.435169458
    0.322909832 0.0910041928 1.47308564 -0.00891369581 0.0861545801
    1.35215712 0.346023738 -0.385380298 1.428141 -0.11651361 -0.52261728
    0.896024406 1.5736146 0.244561851 1.37619829 1.3107059 -0.0711908937
    1.37737799 1.20176244 1.40225232 1.26124918 -0.307413667 1.28473544
    -0.501462996 0.291291416 0.67951405 0.456800699 0.687470675
    0.982905567 0.177648485 1.4716928 1.44841337 -0.289495796
    -0.100411952 0.624545634 0.100133002 1.44845688 0.948673427
    0.290212452 -0.3881374 0.983193219 -0.28807646 -0.520179987
    -0.428877145 -0.255889863 1.33495653 1.26103473 -0.258773357
    0.453695118 0.888230562 1.41281116 1.65930235 0.774465024
    0.713966608 0.626808524 -0.00489634275 0.308595419 0.240645647
    1.38709533 0.927638173 -0.567404747 1.36301208 -0.489336133
    0.952614963 1.14151382 0.0303037167 1.51177788 0.579965353
    1.22597718 -0.379475355 1.30661166 1.58539462 0.812243283
    0.271163583 0.0315372348 1.27277851 1.54137135 0.0460372567
    0.437626898 0.659850955 -0.301934928 0.880429149 1.64193487
    1.40987718 0.429129183 0.376401365 0.982115388 0.744115353
    1.49742317 0.668648183 1.37451768 0.503579676 -0.149294794
    -0.165800393 0.378784955 0.977327704 1.49016762 0.559053779
    0.0635635257 1.25175381 0.789924741 1.36745667 0.987638056
    0.515295327 -0.0135920644 -0.0905892253 -0.577296436 0.418416321
    -0.155612558 0.439393342 0.375283897 0.691540778 1.60046387
    0.0278785229 -0.496157467 0.0677914023 0.316282034 0.249816656
    1.0657444 -0.513536811 -0.0257669091 0.0923593044 -0.474196136
    1.10349309 1.20928812 0.82047236 0.781888545 -0.254631549
    0.753961086 -0.579496086 1.46694899 0.338949502 0.26015228
    1.02793527 -0.462860823 1.25603652 1.35566926 0.216482222
    -0.271287948 0.890371025 0.224945962 -0.179282188 1.62063098
    -0.49919188 0.709360719 0.967322528 -0.304423451 1.49016058
    0.365394652 -0.535521209 0.234175742 1.56340909 -0.643295944
    1.44706964 0.681004763 0.525997698 0.118336558 1.27971745 0.1785748
    1.21236253 0.0789539814 1.22130513 -0.293759555 -0.0670617819
    -0.588551462 0.207708061 0.317391217 0.0498896837 0.178445756
    0.23922199 0.134755492 0.374187052 0.82280767 0.461072028
    -0.379838675 0.117888927 0.307320237 1.59406471 0.187519908
    0.0738709569 0.771140218 1.04097021 0.283542871 -0.0598859191
    0.739366531 0.111758113 -0.120281309 -0.194862098 -0.21491462
    0.0937107205 1.6954875 0.217576385 1.67874193 -0.0525964499
    0.79438138 1.24635935 -0.297240108 1.54955518 0.768245935 1.20713782
    -0.371499449 0.0164095759 0.898662627 0.523684621 -0.388970584
    0.835401058 -0.324307203 -0.375629634 1.21117806 -0.109832346
    1.51416326 0.15621984 -0.194581121 1.68239164 -0.251117319
    0.00706684589 0.461493611 0.804534137 1.33287907 0.694122255
    0.197993934 0.423241079 -0.662542224 0.258348167 -0.218372911
    1.58351028 0.772097826 0.760562658 0.188806057 -0.648685217
    0.637110114 0.912005246 1.4980619 -0.47457239 0.906165957 0.75816226
    1.45374286 0.0963904262 0.87744391 0.179485798 -0.638701558
    -0.213323593 -0.334179938 1.52611446 0.709308028 0.265007913
    0.0259209275 0.0837227702 1.6464076 1.17854095 1.40749598
    -0.513783514 1.23418999 0.271183372 0.122958124 -0.123025358
    -0.546581984 0.885425508 1.46747971 -0.230142683 -0.29465434
    0.74275142 -0.598945737 0.394835413 0.876699328 0.650637686
    0.0704392195 1.14059806 1.58046114 0.790486991 0.280771732
    0.895552814 1.59689057 -0.562015414 1.11023211 -0.498388112
    0.222759187 -0.289704442 0.35922724 1.21273136 0.96194911
    0.263945997 0.828172386 0.878739476 1.23258734 -0.382075906
    1.11468196 0.469183266 0.813255727 1.16550481 1.51113498 1.13409758
    0.996780574 0.518578708 0.668186188 0.0315806866 0.976148069
    0.0643457174 -0.267399609 -0.0256718993 0.149996519 1.34183049
    1.2511766 -0.159234971 -0.34940809 1.46540177 1.37260067 0.700593352
    0.36997503 0.113891482 1.40154135 -0.275942028 -0.369646251
    0.49341011 0.584599435 -0.682627976 0.470624685 0.519584477
    0.0102035403 -0.266144335 -0.616911888 -0.181795061 0.510282695
    1.2974267 -0.479272276 0.969049215 0.329901278 -0.150660038
    -0.343081445 1.16773367 1.06437206 -0.103394449 0.745412648
    -0.427022874 0.422193408 0.588975072 0.818184972 0.317081094
    0.970031202 0.930050373 1.13884413 0.171761394 -0.214618444
    -0.397160232 0.743326485 -0.335920006 -0.429392695 1.51105583
    -0.197651297 -0.449267328 0.593405426 0.80544883 1.58266711
    -0.329047769 0.677714109 1.01312542 1.07274055 -0.562910557
    0.344703078 -0.462873101 0.602353692 0.0682455897 0.661077499
    0.217112243 -0.455029845 0.544563234 1.43720186 -0.204088718
    -0.316679835 0.169748127 -0.537369788 1.37253046 0.939247668
    1.04374981 0.452719927 0.866124392 1.11126232 0.308514357 0.20795393
    0.996794105 0.162857473 1.03163242 0.0947765708 0.775644481
    -0.179621994 -0.309319139 -0.359627515 1.26116633 -0.632120013
    0.602129459 -0.311229944 -0.411917835 1.18328452 -0.447144449
    1.46231222 0.80646944 0.442682445 1.56384635 -0.345486999
    0.672759533 0.161959052 0.876132011 -0.203815997 0.634215593
    0.684332669 0.571761072 1.59382761 0.942389071 1.39560616 1.52201605
    0.910158813 -0.47795254 1.37581217 0.532691061 1.30636847
    0.539214671 1.47168112 -0.637243986 -0.0287582278 0.36149019
    0.353237748 0.638905823 1.0926199 0.549760997 1.13023353 0.239802659
    0.647372067 0.750274241 -0.173721611 1.36470747 -0.301510781
    -0.183064342 0.884267092 1.04175591 0.458162129 1.25794959
    1.04157138 0.00610607862 0.442864001 1.28183961 -0.441762209
    -0.0981999338 1.07173824 -0.279078424 0.910159886 0.0257892013
    1.74674439 1.6267767 1.54201412 0.686259985 -0.436483145
    -0.0350785255 -0.450669825 0.133027732 0.201955855 0.842393041
    1.34239149 0.388606668 0.553545415 0.0371152163 1.32036698
    0.867223799 0.559724987 -0.510727942 -0.0906591415 0.845611751
    -0.11117667 0.845390379 -0.133145213 0.588901758 0.748622417
    1.12301958 1.38568521 1.36318612 0.680830419 -0.223167896 1.41164303
    0.198108613 1.37063313 0.498237848 -0.374902993 1.59528279
    0.0718644261 1.1706965 1.54605722 -0.357759267 -0.490455419
    1.65415049 -0.616250455 0.977934659 1.61545229 1.22237134
    0.354777694 0.643682063 0.140990555 0.930030942 1.08674061
    -0.161641628 0.343341529 0.592824459 0.77369535 -0.687588692
    0.172096491 1.42485619 0.261156917 1.57493019 0.357025325 0.18608737
    1.44610167 0.375227749 -0.333319873 -0.184608459 0.211578131
    0.614456236 -0.444992065 1.2847358 0.769533396 1.22065353 1.40828347
    0.255964518 1.58762622 -0.586148858 -0.554019749 0.774863541
    0.681788921 0.708630741 -0.495596141 -0.174226075 -0.195847005
    0.736587226 -0.0936201215 1.12464285 -0.269850552 1.305722
    1.48502421 -0.598143578 0.202217758 0.0306226015 1.49904847
    -0.631351292 -0.503647566 1.3921988 1.21356535 1.03875887 1.60441411
    -0.634233296 0.78782177 0.615587771 0.610155463 1.49889541
    0.186228216 0.459598541 0.486953497 1.41384304 0.251399755
    -0.606710553 0.966737747 0.408700705 0.212047577 -0.561838806
    0.171815813 0.0561406612 -0.0163722634 -0.18793653 1.19680071
    0.33455202 0.583633423 -0.316268146 0.195638299 0.409142077
    1.16332483 0.535139203 1.12318039 -0.0855628252 0.622245908
    1.53560531 0.413461328 1.26980019 -0.60224402 1.23739552 1.38417804
    0.963081419 0.857768357 1.44806719 1.25403786 0.812638581
    -0.211403072 1.39780259 0.546558976 0.297787428 -0.0669051409
    -0.475926429 -0.639473081 1.4344573 1.42813742 0.223602891
    0.710735977 -0.553213656 1.47845554 -0.0929196477 1.46286631
    1.20462656 0.11974287 -0.00555771589 -0.228605181 0.419692636
    -0.00266194344 0.948360085 0.0498405695 0.541645706 0.744717836
    -0.204921246 1.38480568 -0.404381454 1.29077137 -0.421770781
    -0.476288021 -0.298043191 1.61563993 -0.015919745 0.550044954
    1.24376953 0.672455728 1.41058087 0.201586068 -0.284510672
    -0.623003721 0.839398146 1.06680965 0.231134057 1.53759575
    0.411217153 -0.620898187 1.18345952 1.48574805 -0.0616604686
    0.96283406 0.933894634 0.116590083 -0.623492837 -0.288588762
    -0.468936145 0.406073511 0.11225003 0.649591804 -0.240407497
    0.525055289 1.62107635 1.25121045 0.178799689 1.47792339 0.219514906
    1.10615945 1.24588335 0.484745741 1.60732341 -0.489999831
    0.975203097 1.49567699 -0.608754337 0.269096613 0.519949853
    1.35942018 -0.0257908106 1.59174478 0.771731973 0.343722522
    0.670401812 1.59342146 -0.527854085 -0.408286214 -0.391997784
    -0.64711231 -0.563081086 0.211584568 0.147635043 -0.61902529
    0.773269475 -0.286355913 1.03835058 0.658813179 0.198681474
    1.4284482 1.0620656 0.623444498 -0.171420932 0.616360962
    -0.397166193 0.487371743 1.28276968 0.0838877559 -0.444181561
    0.432787538 0.256820798 0.0884960294 0.102003157 -0.368749082
    1.0842123 0.217993319 0.0245258212 1.46464312 0.935349524
    0.146289825 -0.321446657 0.297504902 0.0465632677 -0.0381346345
    0.115043104 1.60669994 1.26412106 0.849325836 1.42921424 1.1624521
    -0.0458898544 -0.233053952 1.58914733 -0.580982029 -0.508957565
    0.467596292 1.09288025 -0.077524662 0.61417073 -0.517928839
    -0.489767969 -0.430021524 0.939383447 0.00598156452 -0.581259727
    0.871001124 1.07380414 -0.57221812 1.18901944 0.145832002
    -0.0934813619 -0.00600075722 0.788486123 -0.117159724 0.955391884
    -0.441324651 0.398006439 0.851249337 0.489501774 -0.435453951
    0.392215192 1.02327573 -0.0291799903 0.27611804 0.110267222
    1.32686329 0.669777274 1.39377952 -0.418881178 0.232880592
    1.13688946 0.862623274 1.56161833 0.468244851 0.477151811
    -0.182488292 0.367018938 -0.521236897 0.485611975 0.168545961
    0.274175406 -0.586236656 1.18152714 1.25776815 -0.355179131
    1.55657268 0.558467269 1.57125616 1.62698317 -0.303414345 1.01902437
    0.668580532 0.667906225 -0.211577982 -0.251684546 1.59717512
    -0.408230007 0.659894764 -0.443910658 1.33061945 -0.54489553
    1.45088935 1.23369598 1.21899104 0.362767041 1.178882 0.532835722
    0.296520352 0.325413287 0.852899075 -0.196469963 0.26788187
    0.433921039 -0.0381570458 0.531640291 -0.318610519 0.72863245
    0.154427111 0.448216498 -0.534669876 0.137620032 0.81100589
    0.240883231 -0.379236341 0.537403822 -0.014755547 1.29657495
    1.63956618 1.16568065 -0.408694863 0.830616534 -0.198443025
    0.853663445 -0.362883598 0.925191641 -0.0370832384 1.24821651
    0.894074559 1.0079875 0.644851804 1.30290306 0.717675149
    -0.337028593 0.0817514062 0.530236006 0.00308042765 0.0998340845
    -0.134646952 0.624755502 -0.245036304 -0.335455745 0.0963600874
    0.468884766 -0.481598198 1.30036652 0.56927675 -0.286900789
    -0.131857455 1.0171771 1.07447839 1.45671439 -0.319407165
    0.164367914 0.417125285 0.440033495 -0.219529063 -0.38121742
    1.51261508 0.115106821 0.759209692 -0.538662553 0.453346312
    0.548621237 1.28694773 -0.264784724 1.59152472 0.0632227659
    -0.370806426 0.752394319 0.0419824123 0.900775611 1.31991494
    1.68415892 0.169706702 0.231223702 0.867869496 0.35659039
    -0.177660316 0.761623323 -0.546457767 0.231927454 -0.109206796
    0.751016378 1.04902852 0.635429382 0.0320023894 1.34887052
    0.157462358 0.124448419 -0.57051605 0.665618896 1.49496758
    -0.608665884 1.2862072 0.0512098074 0.819550335 0.843097746
    0.586485744 0.0847593546 0.973417819 0.107380092 0.107604146
    0.160878718 0.886954725 0.508986473 0.748220503 1.58125019
    -0.291434824 0.908563793 1.0409404 0.393115938 0.0879398584
    1.68253469 1.02755952 1.33028889 1.61811781 0.197525322 0.0108418465
    -0.096511066 0.494045854 0.909253299 1.21019113 1.29898369
    1.08806086 0.768037677 -0.187512755 0.393098235 1.53741801
    -0.692838728 -0.229046702 0.504392624 1.07787943 0.831279397
    1.17879796 -0.237372398 0.930304706 0.609941542 0.701284468
    0.925595224 1.08458233 1.41173077 -0.135862052 1.28997433
    0.694938838 1.50690067 1.26410794 0.669014752 -0.120645046
    -0.472959518 0.586683512 1.52822161 0.146798491 1.69079268
    -0.459006131 -0.422841668 -0.354137182 -0.236401588 1.6103878
    0.00309002399 1.28879833 -0.386985153 1.21615839 0.508432269
    0.345276237 -0.00766712427 -0.486764193 1.15035796 0.512838125
    0.548527777 0.226787031 0.563187659 1.4212141 0.868874848
    0.445257545 0.913221776 -0.198540211 0.79828155 1.27333534
    -0.217042297 1.47686052 0.547685564 0.282069504 0.728994489
    -0.607579947 -0.201405287 0.90172112 1.02960682 0.88282758
    0.49711591 0.180234373 -0.252082527 0.33683753 1.44104588
    -0.194654018 0.824273348 -0.613730431 0.845961571 1.096977
    -0.0479591489 -0.427828193 -0.219720334 1.2674315 0.336711645
    -0.308557242 -0.195149362 0.0934891105 1.12305045 -0.128507078
    0.0774937868 1.636338 1.31301463 -0.562716544 -0.637245774
    0.867634714 1.34961617 0.453610778 1.6138941 -0.108299792 1.54218268
    1.21104288 1.06681514 1.08795142 0.669271708 1.39715314 1.18385887
    0.764054835 0.156148612 0.283803165 0.461866975 -0.346710056
    1.50428843 -0.440457344 0.0827048421 0.413007319 1.22238374
    -0.138598084 0.798842549 -0.0237637162 0.208225548 0.0297269225
    0.293018579 0.981474102 0.967788517 1.34905803 0.648100853
    1.34411252 0.272464037 -0.116832197 -0.267407924 1.39402556
    1.36416447 -0.613670468 0.0277647376 1.26380646 1.52760816
    1.51608992 1.24515748 -0.00737559795 0.381380558 0.0903499722
    1.35588837 1.29255271 1.19522512 0.0686943531 -0.60078311
    0.936378181 -0.488470465 0.960757494 0.977191091 1.17143917
    0.178316891 0.766562045 0.515911341 -0.458595395 0.67806381
    -0.098336041 1.12081766 0.483952582 0.753575504 1.29343677
    -0.141776919 0.068328768 0.899072826 0.368172705 1.54990435
    1.6964972 -0.246376753 -0.363346159 0.476641595 1.40582967
    0.098633945 0.0376002192 1.31162274 1.42393374 1.12918532 1.30941522
    1.42808688 0.500936747 0.644939423 1.48871052 0.154248953
    -0.17828086 -0.55910641 -0.394736201 0.302859724 0.65783 0.2905339
    1.36673677 1.06138873 1.16634011 0.869060278 0.782427549
    0.0551733375 1.63709271 0.657948554 1.1625756 -0.646566272
    -0.0741199851 1.28945279 -0.402889073 0.231212676 -0.485901237
    0.921938121 0.904214799 -0.308037728 0.328398108 -0.510852218
    1.27741575 0.386805713 1.15759981 -0.288027763 0.969268501
    1.36999893 -0.374644846 1.15033782 0.728342772 0.374391735
    0.703409314 0.349760234 0.565129697 0.962927997 0.859700322
    -0.542434037 0.393874764 1.00378513 0.779323757 0.169314563
    -0.628032327 0.454332471 -0.00690543652 0.849223256 0.692799568
    0.376306653 -0.507294714 0.0383065939 1.48659682 1.21529198
    0.18085736 1.03688729 -0.442763686 0.925107956 -0.506108046
    1.21872401 1.16754508 1.48996663 0.256160557 0.579536974 0.520229518
    -0.291728735 -0.0379985571 1.45717072 0.138283134 0.617065132
    0.894387662 1.50840175 0.719787478 -0.614346564 -0.155212522
    -0.515008569 -0.651224256 0.774266064 0.106395781 0.161095977
    -0.50908643 -0.196354687 -0.303526491 0.00663167238 1.04536831
    1.07639813 -0.429844975 -0.00501686335 -0.552088082 -0.503587008
    1.47698259 0.0248603225 0.460018575 -0.531526685 1.17402101
    -0.0762863755 0.219394803 1.12179661 0.852119923 0.594219983
    1.10187328 1.31349564 0.570723534 0.748547316 1.37860012 0.506354332
    -0.318027347 -0.210757732 -0.599709392 1.19057369 1.02458405
    0.109511912 1.3830359 -0.414047956 1.50552106 0.0303534865
    0.503355026 0.257061839 0.490473866 -0.418443024 0.19478631
    0.93904835 -0.47339797 0.28958565 1.17381191 1.53694046 -0.176618993
    0.784964681 0.0372949839 1.49840581 -0.022415638 1.49805307
    0.54156822 1.45554674 1.41639864 0.523163319 0.348115385 1.09336317
    0.36623168 0.945875049 1.46258473 0.260253727 0.0669853687
    -0.194732517 1.32781744 0.166921198 1.43256664 -0.469709903
    0.486370385 1.34377587 1.03488016 -0.613326252 0.778323412
    1.66921973 0.981289029 1.37439859 1.63387477 0.430689037 0.720096111
    0.345815718 0.962863505 1.05591023 1.06564522 0.901970446
    0.157980084 -0.623148739 0.999460638 -0.160383582 1.15335107
    0.458674669 1.24010599 -0.55126071 0.202297211 -0.140339315
    0.692975461 1.61161697 0.591873527 0.550209343 -0.474075198
    -0.607178152 0.754912913 1.62157965 0.473286331 -0.18544212
    0.622751653 1.55921197 -0.352135122 1.21674943 -0.418758869
    1.18291259 0.578966856 1.15480888 0.847136557 -0.159270585
    -0.00634622574 1.3175261 1.32813382 0.237439632 1.12469912
    1.61214626 -0.64071548 0.3964715 -0.00887703896 0.98628521
    -0.0382396579 -0.314935297 -0.578782916 -0.22102946 -0.110169351
    -0.660199046 -0.386232853 -0.430085689 1.49993539 1.21132052
    1.21336949 -0.613306046 0.171058178 -0.602687478 1.33035398
    0.973617613 -0.12313205 0.928265095 0.36201036 -0.301044255
    0.221386254 0.451296449 0.900335729 0.0618366003 0.714592993
    1.62994266 1.0492177 1.39526916 1.23346066 1.70961297 0.43437022
    0.931091487 1.79992652 1.45123613 0.811571121 -0.2036044 0.918393731
    0.729209363 0.416411996 0.41210711 1.37771499 0.464026332
    -0.697738767 0.419100285 0.870140076 1.36004949 0.925533831
    0.346942365 0.838058472 1.34695125 0.950672388 -0.0946193337
    -0.13957727 0.318545163 0.763085902 -0.169083863 -0.617465615
    1.4075352 0.338646829 -0.213271439 1.455832 -0.367151946 1.36493683
    0.947531581 -0.433638722 -0.19231081 0.694651306 0.195903718
    -0.0748049021 0.483640373 -0.214525014 1.38585913 0.174563646
    1.66367638 -0.156772405 1.0547955 0.126095057 -0.485793144
    -0.463176131 0.399614036 0.794118345 0.036356926 0.818656385
    -0.0423872471 1.43256164 0.0102327466 1.43404078 0.456736028
    -0.497105181 0.181385696 1.16111708 1.48650599 1.35915971
    -0.0317494273 -0.00361990929 0.272212565 1.16654503 0.285911262
    1.33373475 1.27440095 -0.162842661 0.614234447 0.493099391 0.559138
    0.909938514 -0.274417013 1.39479816 -0.52018857 1.0285486
    -0.287765145 -0.0449236035 0.475631714 -0.55886215 0.554165125
    1.48362494 1.52140141 0.255837798 0.132037759 1.34105897 0.738381386
    0.645979345 -0.455615759 -0.68013531 1.33104467 1.53109109
    0.543276012 1.37085485 -0.3120704 -0.614979148 1.06482697
    0.266051471 0.0885872841 1.34687567 0.420149088 0.991580546
    0.817744613 -0.256180465 0.319113672 1.3123939 0.00694215298
    -0.11762172 1.48211265 1.54198599 0.4669438 1.00018096 1.1250149
    -0.679604828 -0.59513855 1.21996975 0.00392407179 1.33456469
    0.520565689 0.538416505 -0.243967175 1.08567977 0.465548635
    1.47866774 -0.369580746 1.28837514 1.39267027 0.343797326 1.20280087
    1.24260354 1.19206238 -0.133380204 0.344727755 0.0321695209
    1.47608185 1.5453707 1.41436291 -0.442763507 0.653809905 0.531055868
    -0.481171012 1.47226214 0.458052874 0.16276145 1.01449049
    0.524957895 -0.339197963 1.49517632 1.59737599 -0.347422421
    -0.122196138 1.41604757 -0.645993054 -0.572951913 0.560127079
    1.15971732 0.459965408 -0.578024089 -0.332090735 -0.376204461
    -0.201189041 1.50825298 -0.441554725 0.912383199 1.02236128
    -0.381418049 -0.141439497 0.0239787698 0.90847832 -0.436724097
    1.38255095 0.6362257 -0.152498007 0.894491255 -0.310046136
    1.45068061 0.482712448 -0.234760523 0.986205041 -0.300539434
    -0.40378049 1.05182672 0.124209523 0.0242007375 1.13661993
    0.200830758 -0.279260188 1.55191231 0.104987741 1.05811965
    -0.451998144 1.11698055 1.00857115 1.00332737 1.08496904 0.983856738
    0.323891282 0.351938844 0.0348911285 0.778138816 -0.251655638
    0.136902809 -0.325623989 1.21183777 0.599532068 -0.531794786
    1.06624436 0.11331588 -0.152240217 -0.132974803 1.37914658
    0.457065582 0.279230297 0.587864041 -0.631819546 0.928721786
    0.966661334 -0.466724694 -0.31655103 0.0277530551 1.30272627
    0.296885908 -0.574913144 1.08316207 1.33701587 0.911361337
    0.514278531 0.940786958 0.785966277 0.591365337 1.37003911
    0.868655264 0.288080096 0.698566675 1.07467628 0.610815585
    0.33574605 1.04508972 -0.570236564 0.154637575 0.41397351
    0.319200933 1.45900154 0.259916127 -0.648591518 0.0413386822
    0.978985548 1.04235673 0.407769799 1.47617841 -0.46590817
    0.216634452 0.564721107 0.21828559 1.90245152 0.912029743 1.46055984
    0.540034711 1.2779007 0.670072258 0.00405400991 0.505101383
    1.2583884 0.888205588 1.14806294 -0.0085182786 0.822385252
    0.276972294 0.569325805 0.902981102 0.492197514 0.376312137
    -0.26809299 0.671901822 1.13167763 -0.512520552 -0.0161658525
    0.552925229 -0.465444982 0.635612071 -0.545508623 -0.507189393
    0.550023615 1.41821432 -0.363339931 0.549266636 0.253070891
    1.17440462 0.883974314 0.41758728 0.725720167 0.0106326342
    1.61777353 -0.137756705 -0.0601235032 1.21082616 1.10854721
    -0.312521577 0.429085255 1.52755237 -0.547372639 0.859635472
    1.55109024 -0.0872966051 1.00222206 0.878474176 0.651218534
    0.247944474 -0.507246375 -0.27140677 1.36032784 -0.189246118
    0.622588217 1.56975901 0.155280173 1.24146938 1.23246408 0.615407467
    -0.559029579 0.271208704 1.12321353 1.20275664 0.138753295 1.0941186
    0.29952544 -0.441888034 0.426451981 0.564760208 1.20649886
    0.883620739 -0.210919768 -0.596695125 0.228154778 1.52777195
    0.937149346 -0.383069754 0.499675274 0.907386661 1.29116249
    -0.0101848841 0.246275663 -0.00647449493 0.189607203 0.785077751
    -0.441072941 0.645934284 0.0467444658 1.50503492 0.730040252
    0.878612518 0.196781099 1.03197408 -0.248568863 -0.00821501017
    -0.173408389 0.00420695543 1.11598706 0.896136284 1.38041413
    0.228390872 -0.103632092 1.64099765 0.270021558 -0.520660818
    0.0154474378 1.52789044 1.39776373 0.986155272 0.582991362
    1.12354159 -0.255288899 1.35327208 1.34556937 0.447391152
    0.871697724 0.886023521 1.0451262 1.01102889 -0.433760345
    -0.514191628 0.133715451 0.289022326 0.382919133 0.731446445
    1.230317 -0.49339053 0.857137978 1.07375479 -0.588215232
    0.0695998669 0.14372915 0.493564487 1.15129066 0.395478189
    0.0109094977 0.887542129 1.51452553 0.299997866 1.31448019
    0.907550693 0.420538604 -0.498008728 -0.10331279 0.280237496
    0.833646297 1.61279058 1.11867857 0.936091602 -0.257165164
    1.56072879 1.20543504 1.43887413 0.891854346 0.415822029 0.780962288
    0.0534424782 1.22999406 -0.232594371 1.29270637 1.34001291
    0.235814989 0.089376986 1.59503603 0.796835482 -0.387863785
    1.6004436 1.20292473 0.44186604 -0.604445398 1.17052603
    -0.0396611691 1.28647518 -0.143332183 -0.619084418 -0.0470917821
    0.518321335 0.797049165 0.452343643 0.816163123 0.533599436
    -0.491325736 0.365417778 0.209126115 0.0989406705 0.675902307
    0.616887629 0.0371800065 -0.378836334 0.677692592 0.716143906
    0.395576596 1.03501773 0.831183553 0.0331931114 -0.120332122
    -0.172540873 0.643738866 -0.0391273499 0.188317418 -0.387008011
    -0.0166719556 -0.0427006483 1.6450429 -0.579905391 -0.151880741
    -0.0659530759 0.294071853 1.13561249 1.43531394 -0.270281225
    -0.0735139847 1.00395584 0.772760689 1.42487454 -0.105416358
    -0.518043518 1.49126053 0.344530284 1.63908505 -0.372510493
    0.921857178 1.1786468 0.509852648 1.08707082 0.473850429 1.26573849
    0.484927833 0.243920445 0.861881077 1.36574817 -0.535359323
    0.525254369 1.33277535 1.34703636 0.0797015429 -0.193712384
    0.314789236 0.960482538 -0.314149201 1.07104897 0.556290686
    -0.287412763 0.481681287 0.5943169 0.931648135 1.11859059 -0.1653139
    0.488326907 0.914444208 0.0297889709 1.83478296 1.86950946
    1.60187674 0.329340637 0.65192014 0.413489342 1.55770385 0.982678533
    0.674871027 -0.348198622 0.739920259 0.636470973 0.743381381
    -0.435738474 0.684736967 -0.652325153 1.5858779 1.66562963
    -0.351927727 0.582935154 0.807190657 -0.131041646 -0.605545998
    1.31615257 0.0342360735 0.897653699 0.823169291 0.680389881
    1.57221735 0.360821307 1.52868128 -0.055320859 1.0253638 0.507851481
    0.0298461914 0.840919197 0.902370214 1.58737803 1.70222425
    1.12028885 -0.252851635 0.182819605 0.779572904 -0.26849094
    -0.304969966 -0.207236946 0.562066913 0.899295449 0.704204738
    -0.566253304 0.885879457 1.52440119 1.32404327 -0.28589204 1.4349649
    -0.325237095 1.05179167 0.479851902 0.144649565 0.450743079
    -0.0274484158 -0.624585152 0.132726371 1.54505777 -0.467913747
    1.19385386 0.223044097 0.185915947 0.167285085 1.44025385
    0.321160138 0.597730517 1.34951854 1.1900897 0.506691933 1.28701913
    -0.186473161 1.20809436 0.0731683373 -0.204374969 0.458228409
    1.39378953 0.484550714 -0.419522077 1.52058864 1.31659484
    -0.219333738 0.454838574 -0.247427672 -0.165527642 -0.492556095
    -0.470793903 0.0945712924 0.810040295 1.36706734 1.02201951
    1.38862967 1.05640078 1.24016929 1.23274922 0.070915699 0.749634385
    0.69418633 0.140902579 0.96559149 1.32297385 0.544992983
    -0.338854104 0.241015673 1.59504461 1.24084234 0.788004816
    -0.472143769 0.528595269 1.61898577 -0.487246126 0.57913661
    -0.274740934 0.734633267 0.971698105 1.33768725 0.337814748
    0.00779873133 -0.15767622 0.702831805 1.59260583 0.0266515017
    -0.0817145109 0.1581164 -0.201499403 1.32218742 0.270096838
    1.31426871 -0.432317942 1.02239788 -0.0137743354 -0.171945244
    0.822781503 0.711689591 0.6109972 -0.390294969 1.67389417
    -0.345638722 0.328145504 -0.271627247 0.967515349 1.0218786
    0.83985132 0.105768681 -0.349458516 0.817707479 0.121119797
    1.15382218 -0.392925531 0.368961811 -0.474086136 -0.122629941
    1.03322864 0.978666604 1.39939117 1.59974611 1.56913066 1.17360139
    1.089185 -0.0500721931 0.72081393 0.362391293 0.734838903 1.01344883
    -0.310164779 -0.236486256 1.25823092 -0.537303448 1.019907
    0.999666035 0.464069247 1.12096071 0.581393123 0.061817348
    0.189628065 0.75061208 0.844278455 -0.0663869381 1.12436843
    -0.62218982 1.18139887 1.44964838 0.885490417 0.728360713
    -0.39891541 1.31582427 1.40220976 1.38834965 -0.306357145
    -0.453011334 0.309249699 -0.448776186 -0.267348617 -0.503682971
    -0.201089025 0.237869322 0.371804953 -0.0894196033 0.128385961
    0.813967526 1.32256579 1.1366396 -0.341975838 0.807424188 1.55383992
    0.551728725 -0.643056154 1.28902054 1.00912857 0.262577474
    -0.22820738 0.204410195 1.39708149 0.290880084 1.61515582
    0.211533189 -0.430598915 0.953352034 0.407905877 0.739792526
    1.25991976 -0.377305031 1.53490496 -0.486760408 -0.0527642965
    0.290533483 -0.429228425 -0.0743582845 1.27694082 -0.464975297
    1.06920743 -0.415082633 -0.203254968 1.19181859 1.17827642
    -0.18872419 0.641555071 0.304625571 0.324207067 0.034715414
    1.27667665 -0.404829472 0.25838685 -0.403541237 0.918851554
    -0.588635504 -0.298876286 1.2997514 0.344326019 0.735312819
    1.77270257 1.91956115 0.311219007 1.59722376 0.332530677
    -0.449091613 1.23888469 1.51992059 1.38018751 0.508895516
    0.686103821 0.451524496 -0.379030108 0.629227757 -0.305428565
    0.339145184 -0.0750898123 -0.393436551 -0.140720725 -0.187259167
    0.051823318 1.53097105 1.07284546 -0.309113652 0.958790958
    0.84401983 0.807092071 -0.104485691 0.406663537 0.0691828132
    0.149533391 -0.575789928 -0.427003443 0.686395884 0.618806839
    1.10682774 0.842418313 0.12867552 1.31460643 1.17050934 1.32227468
    0.204741359 0.406578243 1.02744627 -0.210530907 -0.144382685
    -0.128206998 -0.12697345 1.10147285 0.127894521 -0.126346618
    -0.321857572 -0.617253721 1.08352542 -0.0745077729 0.27071327
    0.0515745878 0.596876025 1.43028963 1.55368114 1.24339223
    0.0824785829 0.922745049 1.40747929 1.55657661 -0.319836795
    1.28798366 0.182853639 1.24919415 0.524314761 1.00489998 0.244781435
    -0.264904857 1.57198071 0.075979948 0.0588813424 -0.496162236
    0.868331552 1.25278854 0.820729673 -0.0339399576 0.860471904
    0.850400388 -0.0874205232 0.446682811 1.26283693 0.048412919
    -0.363238752 1.33936715 1.30701947 0.121450603 0.706519902
    0.584458172 0.381326735 -0.595973611 1.34624362 1.38616121
    0.938707173 -0.293478131 0.742952406 0.798604786 0.566275716
    1.36366534 0.86602354 0.161547065 1.09010959 1.39851737 -0.517351747
    -0.196102589 0.341754079 0.453655064 1.39988446 0.171432376
    -0.538532674 0.962047994 1.16629195 -0.567044497 -0.301356703
    0.912191451 -0.321587801 -0.560079813 0.382053375 -0.26938948
    -0.590551734 1.43117273 -0.159910023 -0.329884529 1.22341681
    1.39399564 1.28234887 -0.352173328 0.257461905 -0.278177261
    1.22641015 1.67085028 -0.562609494 -0.341659456 -0.603483498
    -0.230614871 -0.617141902 0.128893375 -0.216421157 1.57902753
    1.46303439 0.527533889 0.936315775 0.760056257 1.27194118 1.23844635
    -0.0667156577 1.46572328 1.21278739 -0.535085142 0.496565402
    1.42338157 0.493788004 0.356861413 -0.285101861 -0.598009408
    1.2866677 0.957440734 1.51776314 1.35150504 0.4967044 0.349326611
    0.83895427 1.51199794 1.49890685 0.0268065333 0.442141712 1.48783016
    -0.362080574 1.18681681 -0.179945767 0.411197722 -0.214032292
    -0.0683673024 1.60795891 -0.455266893 0.367535114 0.025867641
    0.856984019 0.597832441 0.351986527 0.991903245 0.603981495
    -0.646254003 0.943099499 -0.398295671 1.56530404 0.60258621 1.375983
    1.19493413 0.428401828 0.307913184 -0.284976333 0.751585305
    -0.17704308 1.61742258 0.914315522 -0.516708076 0.0110969543
    1.40181756 1.24045944 0.0402200222 0.453965366 1.2513442
    0.00652998686 0.839539587 1.24936318 -0.275892764 0.900651813
    -0.124078274 1.43359971 -0.237272859 0.505107284 -0.501359761
    0.606360793 -0.0729684234 -0.435070097 0.719117165 1.25090265
    -0.227758259 -0.0264689326 -0.295232892 0.676503301 1.52760434
    0.438999176 -0.521480918 0.314170778 1.53928351 0.00636291504
    0.0275320411 0.324962437 0.000760555267 0.112837017 1.4035157
    1.63382316 0.887772024 0.736876249 -0.35118559 1.44815266
    0.0919988751 1.03799415 1.69049931 -0.140562594 1.40906739
    0.33473444 1.13201153 1.34342778 1.25166035 1.39417386 1.50257564
    1.62892771 0.665519893 1.35892665 1.77509093 0.342385978 0.344401777
    0.371908933 0.989995539 0.656844139 0.896745265 1.28453946
    1.49306297 -0.412250638 1.30696464 1.01324224 -0.349405468
    0.546935558 -0.72993505 -0.061234355 1.34443557 1.23353934
    0.113398075 0.716817558 -0.303080678 0.362036586 0.649667025
    -0.501320839 0.583588839 1.09134269 -0.270169556 0.656483889
    -0.493382514 1.51870036 0.27540046 1.33086181 1.56895876 0.880776167
    -0.242988825 0.456097066 0.54697144 1.25722694 0.311748922
    -0.146933705 0.765140593 0.332009912 0.209974945 0.438465416
    -0.545291543 -0.477775902 1.60086846 -0.154019982 -0.476850539
    -0.565696359 0.576353014 1.31012881 0.715388894 -0.0155050755
    0.162262976 -0.472953618 0.90219456 0.0686808228 0.95066148
    -0.0779556632 -0.577185273 0.115314543 1.16380954 1.11171031
    1.18416488 0.311684847 -0.307121009 -0.259563744 0.697288752
    -0.156890094 0.502429068 -0.517670512 -0.58005935 0.180772781
    1.00279117 0.818266332 0.64724803 -0.340567082 0.0772317648
    0.697732866 1.10711992 1.36854506 1.28835511 1.19099116 -0.27279827
    1.24150801 0.308648527 1.5223279 0.191575348 0.57821703 0.817456543
    -0.600354075 1.43868899 1.25154471 0.993756294 0.956608474
    -0.371506989 0.0964322686 0.60632503 -0.349186659 1.5276593
    1.19147635 0.577271938 -0.424113244 -0.434398085 -0.0790458322
    1.34240317 1.20747113 0.263813198 0.158854008 0.0779920816
    0.938875735 1.22788358 -0.209756374 1.02427888 1.38215804
    -0.385442942 0.476663768 0.885225713 1.38478529 -0.00202548504
    1.60137033 -0.335708261 1.04804552 1.29797769 1.56709242 0.225443959
    0.810749292 0.520207226 -0.588136792 0.935814738 0.91796428
    -0.178324699 0.0142075419 1.40353823 0.148992896 0.267553866
    -0.0994406343 -0.238268763 0.249956608 -0.581154466 0.844231308
    1.02963281 0.314845204 -0.348436952 -0.624221087 -0.357436925
    1.4732492 -0.649509013 0.0979847312 -0.306005597 1.63616085
    -0.00421524048 1.47816944 1.58520436 0.277342975 -0.198954105
    0.228334844 0.424854934 0.690338194 0.792081356 -0.641266227
    0.769606769 0.368427277 0.682078421 1.11538768 -0.293507665
    0.556400776 -0.0779070258 -0.186302364 0.571167111 0.804992616
    0.468131661 1.40149188 0.387096584 1.27377868 0.951853812 1.02619243
    1.07880378 1.30559361 1.10806084 0.144134521 0.544372797 1.63117349
    1.42983937 1.11694574 0.907729924 0.828345776 0.991167486
    0.323059678 1.12488151 -0.0998848677 0.577707112 -0.133544207
    -0.434473157 1.27351975 0.133467495 0.250388741 -0.623042107
    1.467453 1.33947992 0.641796947 0.465976119 1.09838796 1.38657582
    1.33589649 -0.472906709 0.434366584 -0.203194767 1.59939027
    0.760070443 -0.0751351714 1.30882716 -0.0237386227 -0.389918178
    0.953296661 1.49387932 1.06129682 0.205430567 0.717030227
    0.0799108744 -0.244084984 -0.553215921 0.664455593 0.937455058
    0.723406076 0.607950389 1.56704736 0.0262234807 -0.0382478833
    1.61950827 1.46961832 1.24356461 0.921402335 -0.528856635 1.26420033
    0.81479466 1.03916526 0.166027844 0.730924726 1.64462209 1.05001736
    0.0183957815 -0.128982425 1.44881761 0.0132012367 -0.190759063
    0.662036836 0.792047501 1.24202478 -0.178230047 1.29635978
    -0.62994647 -0.398777813 0.469931245 1.14284837 0.959801316
    0.0866338909 0.778433204 0.720320582 1.37872708 1.53975868
    1.61280549 0.921785951 -0.500135183 1.36705232 1.47012854
    0.812621653 0.606817424 -0.355291992 1.56457734 1.25727296
    -0.089440465 0.400088072 0.358420312 -0.178304642 -0.464691848
    0.422106504 -0.405811638 1.66931772 -0.179628432 0.585927784
    -0.106687367 1.43597138 -0.438194156 1.45195472 0.580391705
    1.46936572 -0.272673607 0.49687314 0.0732666254 1.38716626
    0.383291304 1.05192399 0.216273248 -0.194554061 0.21620971
    -0.371649414 -0.531446993 -0.579645932 -0.420540154 1.23725462
    -0.234918833 1.09077621 0.608580351 -0.474137396 0.264467537
    0.233230293 0.834610999 -0.383286923 1.54846072 0.488622665
    1.2840333 0.140144229 1.54974985 1.55248892 -0.295689613 1.57198572
    1.56687558 -0.158251286 0.768490016 -0.260771632 -0.663948119
    0.57771045 1.55839992 0.719597518 -0.16942215 0.244017124
    0.952897668 -0.420029759 1.0933367 -0.600635052 0.72186625
    0.378009379 1.13490748 -0.317231625 0.747050881 1.67294955
    0.0800786614 1.36141336 1.52996325 0.133573174 -0.281417698
    0.042363286 1.64828277 0.488468766 0.873591185 0.103029728
    0.238145649 0.74551934 -0.0945141912 0.061008811 1.24777007
    -0.270317465 1.3797437 1.44034493 0.934031725 1.08022571 1.58786929
    1.02852106 -0.0949440002 1.29026556 0.718378246 1.64754355
    1.60962903 -0.575268447 -0.188119233 0.890879095 -0.0402588844
    0.551285267 0.548897147 -0.289980531 -0.472773015 1.19929075
    0.971673548 0.0865703821 0.932912767 0.0680726171 0.706064463
    1.4796555 0.385805428 1.04254365 -0.526688159 -0.576953351
    0.584020555 0.672016144 0.65004915 -0.517640114 1.64143133
    0.989700198 1.01055539 0.50536406 1.48459983 0.760280669 1.3953476
    -0.482714713 -0.263233095 1.22593856 0.314664185 -0.336639315
    1.12428594 -0.12588945 -0.637634099 -0.543124855 1.16719317
    0.711906493 0.119089067 0.902843177 1.16016603 0.248850882
    -0.542011797 -0.0378935337 -0.172792614 1.60688508 -0.532561898
    -0.0401272178 1.36680496 0.492732882 1.5886929 1.05957973
    0.609018862 1.58491778 -0.318992287 0.520242751 -0.302754402
    1.13294673 -0.0189643502 1.33882117 1.38831854 0.904580534
    1.32992268 1.08936906 0.276414871 -0.111366928 -0.178984821
    1.16357732 0.807717323 -0.609262347 -0.0905970335 0.0742735863
    -0.221538037 0.590240955 0.113429129 -0.0310504436 -0.155983865
    -0.0355485082 -0.107223332 -0.272782981 0.460811138 -0.644702852
    -0.369262785 -0.121008098 0.54011476 1.11476493 1.16346145
    1.55647027 0.19649601 1.14343762 1.0835197 0.573366702 0.871958077
    1.19459927 1.59336638 -0.219878703 0.46589905 1.57680845 1.01461554
    1.00205541 1.00036323 1.0586921 1.64823937 -0.027921021 1.3439393
    -0.0427460074 0.0568931103 0.203665137 0.794301629 1.13657641
    -0.108476698 0.284721494 -0.247227609 -0.589357376 -0.23363933
    -0.491865873 0.571175814 0.703304768 0.828177691 0.815810621
    -0.497206926 0.264577091 1.20638406 0.895348012 0.167275012
    1.43588758 1.55977941 0.115502834 -0.55651623 0.416651607
    0.236392319 -0.381317049 0.453073323 -0.117009401 0.0882322788
    -0.335904658 0.942306757 0.891267657 1.02677989 0.726853013
    0.159106731 0.508752763 -0.362647533 0.538670123 0.374985963
    0.931208134 1.82007074 -0.0386800468 1.0623095 0.148527503
    0.888460994 0.113925517 -0.23650986 0.610062242 1.15692687
    0.0216118693 1.59628487 1.21447182 0.990946472 0.59598875
    0.488418341 -0.410721987 0.234830439 1.08464122 -0.0312993526
    1.71350098 -0.373671889 0.936603725 0.00818020105 1.29239213
    0.889225423 -0.221160024 -0.190600961 1.00196266 1.45208097
    1.53925467 0.0687320232 1.56549382 -0.415431261 -0.347031236
    1.45277596 0.853762269 -0.183051527 1.47621095 1.25906706
    0.819829226 0.43697679 0.371910393 1.65847588 0.27642411
    -0.0628964901 0.737725675 0.681480527 -0.190609217 0.476086557
    -0.0632483959 1.54335928 0.935851157 0.698268294 -0.0454874635
    0.68986845 1.18398166 1.51690936 1.42334473 0.769794524 0.777536273
    0.764264524 -0.667440176 -0.536124647 1.19353938 1.11599183
    1.48203468 0.998553991 -0.0085862875 0.174613476 1.10816908
    -0.248374432 1.42568004 0.831046462 -0.455844641 0.26723069
    1.43477035 -0.610092402 1.58455515 1.46769607 1.57966554 0.846697748
    -0.587145507 0.429039955 -0.351626366 -0.108227313 -0.564317346
    -0.1117962 1.15336573 -0.275476366 0.531015456 0.826928556
    -0.109023929 0.809275687 -0.126785874 1.09107852 -0.0267936587
    -0.624220848 -0.39550519 1.34624231 -0.483142674 -0.0762976408
    1.3205893 0.855059147 0.49630338 0.963229477 1.17634594 0.425185859
    0.744735599 -0.164405316 0.168932319 -0.438906878 0.675373137
    0.984283328 0.300160944 1.42015481 0.185037553 0.27243197
    0.726227999 -0.396022499 0.723465085 -0.158050597 -0.00801289082
    -0.326239288 -0.521713376 1.44302034 0.742268085 -0.281652957
    0.891203642 0.455718935 0.719895005 -0.0941991806 0.216933727
    1.37504852 0.688024819 0.961256742 0.484512508 1.65666854
    0.114248931 -0.0819277167 -0.187621564 1.29510474 0.961394966
    1.52365899 0.432290435 -0.598522961 -0.488171697 1.07943583
    1.32893515 0.166263044 0.304791093 1.59435976 -0.157671958
    -0.302856088 0.0013782382 1.12296379 0.882641494 0.801847696
    -0.483235538 -0.305166662 1.58471632 -0.135577559 0.615641177
    0.000886082649 -0.193789482 1.46527529 1.3730185 0.368104577
    0.784513593 0.634276271 0.0495538116 0.834963918 1.59082329
    -0.345515698 1.11828995 1.13602352 -0.342435688 0.0577295423
    -0.0958858132 1.58175969 1.4575392 0.255134106 1.5931077 1.33022571
    0.911059499 -0.374781817 0.179698944 0.618050218 0.0126117468
    -0.284911633 0.33281213 0.496151567 1.0448519 0.230946839
    0.788325429 1.26639462 -0.15002811 0.522978425 1.42537689
    0.689531624 1.57556891 -0.488509536 -0.63647908 0.120358169
    0.122460365 0.594114065 0.210347354 0.550472856 -0.061847508
    0.189922392 0.502511382 1.31651413 1.12608147 0.171137512
    0.351270497 0.764796376 1.52029681 1.28157139 1.19541454 1.63900185
    0.863340139 -0.474448472 0.802149951 0.615684092 0.208729744
    1.45952582 0.26745522 1.29023933 1.15123141 0.138908148 -0.39068228
    1.02614117 0.223531067 -0.448785156 0.0424561501 0.0972519517
    0.873642981 -0.386195958 0.207639992 0.344950974 -0.448186159
    1.17515028 0.499221683 0.728544712 0.802367151 0.139300048
    -0.640074134 -0.143640786 0.593803525 -0.0728079677 0.0241985321
    0.831065476 -0.545268834 0.310238659 0.187446594 1.41006529
    0.181105882 1.32215679 -0.364610285 1.00569677 -0.45631364
    1.09634233 -0.384350061 -0.545157611 1.42898393 -0.198386967
    0.967124045 -0.16756016 1.17062128 1.24724936 0.179835975 1.04036236
    0.161518335 0.343795776 -0.202650309 -0.342105865 1.54869723
    1.03746283 0.930561423 0.0869991183 0.0918575525 1.61991048
    0.63915056 -0.644127548 1.29686248 1.42484939 0.331295788
    0.508315563 1.06163788 0.379968643 1.61305285 0.287190259
    -0.0474489331 0.311506748 0.0549359322 0.211994469 -0.283707678
    0.808098495 -0.332351536 0.412082374 1.37816334 1.14311624
    1.33330345 0.66490835 -0.584204555 0.0763110518 1.1325531 1.60271585
    1.3398335 0.21289742 0.0933103561 1.4259212 0.564438105 0.475490153
    0.506543756 -0.102196872 1.38759685 0.285703421 0.171651423
    0.315416753 -0.505343795 1.58503377 0.558583856 1.43869019
    1.42760181 0.838894784 1.33247805 0.524912655 -0.083071053
    0.547712684 0.392594755 -0.52651763 0.894281447 0.980886996
    0.218299806 -0.37392956 -0.413061917 1.56888473 0.782221913
    0.10771656 0.52562052 0.587447345 0.438125372 -0.509374321
    0.468957603 1.15612221 -0.588359475 0.0196590424 0.271637082
    -0.132710397 0.281483591 0.510116935 -0.489277184 1.39512265
    1.31937146 -0.478003561 0.522689641 0.0387911201 -0.514597058
    -0.490893841 0.170440793 0.827848554 0.502469718 0.848836303
    -0.0827434063 0.354745507 1.10836649 1.46334934 1.56443274
    0.284420669 0.014508009 0.122368217 0.112749577 0.20184201
    1.15966272 -0.301178396 1.25728011 -0.311086208 0.129357159
    1.53452063 -0.217281818 -0.0331943035 1.06335926 0.9468804
    0.43569684 -0.564494431 -0.401678026 0.7070297 0.299971998
    1.13227248 1.59523129 1.05723703 0.183357537 0.37449491 0.303061783
    0.55274725 1.26459289 -0.608495295 1.25273037 1.507833 -0.254560977
    1.18343449 0.603023112 0.105745435 0.662568092 -0.276310056
    -0.10873574 0.202545226 1.00577414 1.15588856 -0.278475195
    1.18305516 0.892574191 1.43262696 0.910663247 -0.363043755
    0.0207298398 0.48823005 0.613682866 1.27471864 0.470810533
    0.114839256 0.662194133 1.11867332 0.0524824858 0.769860685
    1.60373163 0.319190443 1.53568983 -0.281699777 1.50526488 1.55331981
    1.0392251 0.823695898 1.32355583 1.40955293 1.08459818 -0.45020622
    -0.154447734 1.18741512 0.162495553 1.0921849 0.516533852 1.47874248
    0.283233523 -0.479102492 1.17341876 1.01250017 1.46381903 1.04938293
    -0.0368514657 0.48756659 1.29151976 0.920347989 -0.293684214
    0.255819619 -0.422142863 0.558083177 -0.382472366 0.955852151
    0.187323153 1.13004208 0.0872092247 -0.410319507 1.55885494
    1.09939265 0.826083958 -0.49358511 0.189789951 -0.0689095259
    0.0991460681 1.10002804 -0.440800607 1.14051461 0.106063426
    -0.128396809 1.26191783 0.149318695 -0.531522095 1.30273795
    1.09302318 0.504450083 -0.438900828 -0.261368543 -0.13301
    -0.608993292 -0.577757239 1.56963348 1.3215121 -0.31901601
    -0.242622674 1.22458827 0.778415442 0.701889753 0.719474375
    1.04313397 0.487466037 1.15196347 0.811038911 1.28038216
    -0.025996089 0.0904266238 1.59408307 1.32406163 0.350332558
    1.1464802 0.945082843 -0.545981228 0.596891582 0.283643842
    0.361512721 1.02997077 0.995512247 0.939052939 1.79306674 1.27558386
    0.516339719 0.00175440311 -0.55358696 0.872088373 1.52410698
    0.669424415 0.771063328 1.53968334 -0.149114966 -0.0594417453
    1.0176549 1.11667871 0.472033679 0.264695525 -0.186132073 0.14996314
    0.906088173 1.11291611 0.649295807 -0.085393846 -0.580581129
    0.231371045 1.58116436 1.64608836 1.500525 0.624974608 0.652228475
    0.679216921 0.248901188 1.21886635 0.779719353 -0.351019442
    1.03121305 -0.32633087 0.916414142 0.698057652 -0.252935886
    -0.0151136518 1.51176953 0.419493318 0.912925959 -0.338035107
    -0.132665396 0.466703236 1.25853562 0.136266768 1.51024818
    -0.270356804 1.52664518 -0.498011768 -0.412839532 1.31143725
    -0.264375925 0.963717878 1.35258162 0.894565463 0.848782063
    1.19969368 -0.337114036 1.44565845 0.146369219 -0.33093676
    1.18341947 0.308594227 -0.378482729 0.797577143 1.27706885
    1.16211867 -0.123517811 -0.630839109 1.28166056 1.06697428
    0.428718746 -0.512290955 0.441705346 0.356480181 1.19210196
    -0.277347594 0.388242364 1.39299083 -0.386322439 1.13574338
    0.20127964 -0.60934782 1.29324031 0.0733457804 -0.280530244
    0.22848469 0.745624065 1.57623219 1.64769578 0.32513237 0.211780846
    0.298834503 0.98794812 -0.233856052 -0.631155491 0.408496916
    -0.519568145 1.49059319 0.309785783 -0.092064023 0.96171999
    -0.593417525 -0.047495842 -0.0539277792 0.688959122 0.344300866
    1.06766117 1.06186044 0.178267241 -0.134813011 1.63183105
    -0.285745829 1.54450417 0.814071894 0.773355365 0.472223401
    0.471633196 -0.134652942 -0.35602507 0.611711562 0.863394678
    -0.170827061 0.485158205 0.633265316 -0.44197768 1.44538283
    -0.35674876 0.692012548 0.761034131 -0.100515664 -0.38688615
    0.258759618 0.346364737 0.20169735 -0.254366517 0.758450091
    1.3638978 1.33578944 0.703127801 1.62871063 1.62211871 0.675227225
    -0.0576553345 0.928134799 1.36039305 0.455933273 1.05500603
    -0.510896564 0.121981382 -0.575254321 -0.520302951 0.214894116
    0.0576130748 1.23474324 0.116757631 0.145591617 1.44446301
    -0.659560084 0.867288589 -0.276329368 0.0428933501 0.300390899
    -0.504173696 0.687442124 -0.328345299 0.420033991 1.47973728
    1.28178263 -0.0930023193 1.08561611 -0.396065414 -0.574226141
    0.0523239374 -0.556910276 0.186345756 0.529075801 -0.592292845
    1.49061108 1.28908396 0.440091729 1.31292784 0.763112664
    -0.350949675 -0.0870611072 0.0221893191 -0.00497674942 1.41735542
    -0.572710574 1.41653681 1.57602584 -0.604657769 0.800590932
    1.27180445 -0.243531406 1.43892288 0.0153179169 1.37932587
    1.27784121 -0.240222722 0.651656747 0.918099999 0.461321533
    -0.469919771 0.229004145 -0.467753202 0.159472704 0.431058526
    0.930153728 0.757780015 -0.200403482 -0.625660539 1.4528954
    0.0255818963 -0.346668452 0.717591047 1.46224403 0.0699523091
    1.2221961 0.782867312 -0.550131142 -0.00684118271 -0.28972894
    0.278135419 0.667051315 0.425953448 -0.144036412 -0.648488283
    1.55048025 -0.368874043 0.654569149 0.301678598 -0.535898924
    -0.651738703 -0.0376188159 0.408809781 1.06717944 -0.512449563
    -0.108902633 -0.169278562 0.0898721218 0.369576037 -0.515990138
    0.751203179 1.4312284 0.358739555 0.804968297 0.828505814
    0.660329223 0.379498839 -0.412489355 0.302971929 -0.263654709
    1.8535279 -0.0291434824 0.9690786 1.18852091 -0.725713134 1.01857901
    0.24448669 1.47911453 1.16042054 0.408125579 1.33769464 0.762202859
    0.439531922 0.637190044 1.2559607 -0.667178094 1.63033283
    0.537886083 1.26823497 0.839460969 -0.617554307 -0.169889718
    1.34892249 0.504164517 0.291971147 0.253861845 0.817365944
    1.52328324 0.966059744 -0.562979698 1.42931592 0.222707391
    -0.294722736 0.624754667 1.33048546 0.75431025 0.730828345
    0.395545781 0.303116739 -0.0725153685 0.364030242 1.05166984
    0.355855763 0.505961776 0.602156937 1.53137517 0.403666437
    -0.383916527 0.233457148 0.515179336 -0.317619026 -0.547004759
    -0.171219349 0.134811997 0.428344727 0.0651356578 0.957171619
    -0.279905081 0.716274679 0.617668569 0.561989725 0.667125165
    1.10664558 1.48516238 0.0646075606 0.924705863 -0.492550015
    0.573346555 0.864064276 0.579707563 0.774809241 1.34710288
    0.797740698 -0.490909874 0.643227339 -0.364627063 0.902634442
    0.214483202 0.573995411 0.641331673 0.127715468 -0.484109998
    1.18991113 -0.479345649 -0.564172506 1.19007015 1.29545784
    -0.538405716 1.62284422 1.51657319 1.31175339 -0.63102603
    0.205148935 -0.0232383609 -0.182405233 0.657141507 -0.0828831196
    0.441033781 0.582577407 1.28980684 0.747304022 1.1141634 1.30920887
    -0.324026674 -0.12422967 0.3045941 0.241250694 0.182076156
    1.25870597 -0.354668826 -0.324267209 1.24765038 -0.523503244
    1.44419479 0.377390206 1.57142484 0.740472198 1.36033154 0.959591508
    1.14348531 -0.0845808387 -0.102903754 0.862703145 -0.405363798
    1.30460763 0.567330658 -0.127710402 0.420578003 0.692112446
    -0.277285814 0.101633251 0.801749408 1.16909599 0.356536627
    -0.278998613 -0.309396088 -0.532396853 0.553098679 1.36701429
    0.86927563 -0.537699699 0.916280925 0.0319041014 0.724254847
    0.662885666 -0.430208683 -0.583692074 0.984949946 -0.437130004
    -0.114061534 -0.43961668 0.83857286 1.21433938 0.63083595
    -0.0187169909 0.470808625 -0.445115864 0.497959614 1.40512824
    0.509830058 -0.379128784 -0.00527822971 1.17695725 -0.192588627
    0.288617671 0.316578567 1.08567512 1.26728272 -0.191035628
    1.35793257 -0.547383666 0.128469706 -0.573144555 -0.72106117
    0.38067162 1.04407072 1.14639914 0.223578334 1.10794497
    -0.0532356501 1.09487891 0.097132802 0.290733457 -0.00673526525
    -0.142634273 1.42203188 -0.182285011 0.552043736 -0.236576468
    0.683177531 1.62382245 0.303995609 1.23389113 1.0281558 0.936092317
    0.788389623 0.0167375207 0.753523707 0.622346103 1.27392554
    0.38190496 1.12132168 -0.0945539474 1.02244115 0.127009451
    0.51782155 -0.364933163 1.03286958 -0.514278173 1.1320622
    0.929472327 1.52747178 -0.372561842 1.32497931 1.34491575
    -0.270874083 0.258273661 1.28853869 0.341184855 -0.348904341
    0.227559686 0.853898585 0.843363464 1.18770957 -0.0521231294
    -0.318356961 0.405045807 -0.259025455 -0.13874653 0.962945879
    0.386248231 1.65927982 -0.378772169 0.48379463 1.1297195
    -0.241442829 0.524529099 0.740353763 0.883557141 -0.0956773162
    -0.188868314 -0.126408815 1.47357178 0.299874008 0.907750487
    -0.283175081 0.324903905 0.0693758726 0.428716242 -0.572838306
    -0.252311379 -0.0977470279 0.0673719943 -0.237222791 0.988336086
    1.15017939 1.20917916 0.0876870751 0.359307945 -0.345466793
    0.683118701 -0.587774038 0.219708562 0.941437662 -0.0142459273
    -0.24076587 1.34259927 0.116285503 0.44683814 0.843185306 1.16980219
    0.0373237133 0.893006146 0.288781762 1.58487892 0.254083872
    -0.539894223 -0.625564575 0.208566844 1.44333184 1.42492175
    -0.187206298 0.896915615 -0.428705156 -0.192253262 1.18558693
    -0.562776744 0.946362317 0.831114113 1.0060432 0.397064865
    -0.206865042 0.323050976 -0.168383449 -0.313765794 0.460395455
    0.929008126 -0.417198062 0.32244724 0.27060467 0.551235259
    1.54820371 0.268857896 1.42844081 -0.281567425 -0.0449301004
    1.13973665 0.887992918 1.23384118 -0.546910524 0.391935587
    -0.597204804 0.251510262 0.0108056664 1.07173026 -0.707890689
    1.02537966 0.824875355 1.49770701 0.830595911 -0.0170713663
    0.185240269 0.754454195 0.576397181 0.230850637 0.0840783715
    -0.231818557 0.422533214 0.118208408 0.556164324 0.282455623
    1.26765656 1.27594304 -0.244938076 -0.459084868 0.248310864
    0.395483136 1.20245647 -0.102485895 0.336066008 -0.481257081
    1.18126249 0.53308022 1.28270459 0.321116328 1.31671906 -0.457486838
    0.20780921 1.12472296 0.470260024 -0.40285477 1.2697407 1.13303506
    1.5172646 -0.150493026 1.56839585 0.425933301 0.474452496
    -0.608062565 0.107521355 0.883215129 0.796452463 0.261629283
    -0.245915174 0.664237797 -0.366572887 1.04475379 -0.118885398
    0.803354681 0.164964557 -0.230154783 -0.336429447 -0.360696584
    0.642476737 -0.50998199 1.53884101 0.480472744 0.341087818
    -0.0919830799 0.753372669 0.781493843 0.61272943 0.196215868
    -0.272211701 0.35505867 -0.382583767 -0.50809747 1.15249968
    1.44045639 1.18693995 0.831772745 0.593570292 0.798194408 1.27870393
    0.323773563 -0.547056735 1.32858276 -0.596307755 -0.412635624
    -0.0324772 -0.354177892 -0.606347024 1.37218225 0.683425367
    -0.159815073 0.490693688 -0.490706831 -0.0909956694 1.03323436
    -0.155260861 0.843881667 1.36809123 0.935201287 1.06836843
    0.387814343 1.36043203 0.538327277 -0.0305939913 0.444935918
    1.02363467 -0.063754797 0.377865016 0.274932146 0.148000658
    0.118104219 -0.529984176 1.22302687 1.18889701 -0.606873393
    0.214257777 0.9274382 -0.321831673 1.02971268 -0.628192306
    1.47617352 0.684427381 1.24098992 1.26283979 0.547619343 1.03279173
    1.17532873 -0.066655457 0.916420281 -0.0750356317 1.63003922
    1.54384851 1.42655182 0.136179984 -0.248241007 -0.0358124971
    0.689623654 -0.571867287 -0.604930103 0.222729445 -0.301024765
    1.32757592 -0.47724098 1.62488461 0.372588038 0.689439654
    0.372043848 0.650052667 0.926965654 -0.329605728 -0.361993372
    0.569614828 0.243510067 0.127894044 1.40198016 -0.535691917
    0.14812237 0.393017113 1.42657375 1.37060618 0.844097972
    -0.0981865525 0.54506433 -0.350639433 -0.0279576778 -0.13767913
    1.07814479 1.64461291 0.391478002 -0.392019331 -0.0429465175
    0.376056492 1.41863191 1.52711296 0.442249298 0.245951176 1.11176062
    0.429824233 1.46558785 1.56365192 1.17366362 1.00888729 1.28424263
    -0.181730747 1.40352249 1.58413696 0.0286177993 0.115557849
    1.02142787 0.196130812 1.52783394 0.489944339 0.984513938
    0.906693876 1.47630858 0.491251111 1.00220299 -0.283217698
    1.58008778 0.921811223 0.37101084 1.34356964 1.13732672 0.497555912
    0.319727957 1.01175213 1.23631477 -0.490883708 0.574263394
    1.28397024 -0.0830099583 -0.611817658 0.103555799 0.873040378
    -0.326200426 1.00929666 0.196239233 0.30868268 0.462160289
    0.398791134 0.656477928 0.794329405 -0.315216452 1.39091539
    -0.544631064 1.29375792 0.182217181 0.108980775 0.221747041
    1.11818337 -0.634477556 0.855543256 -0.478258133 0.214083493
    1.62706864 0.838043451 1.06827021 -0.11181879 1.15991306
    0.0702445507 -0.0248324871 1.26780653 1.17641997 1.58746612
    1.06488013 0.743877947 0.744129181 1.43793654 0.897128642
    0.568043172 -0.609029114 -0.103664756 -0.475301623 -0.479913116
    1.01986694 1.08894396 0.836374581 -0.326135129 0.934342325
    -0.522936344 0.0314301252 -0.187696934 0.744510531 0.912075341
    -0.181259602 0.630779862 1.24018836 0.30053848 1.29678082
    0.369327486 0.414154351 1.06592345 -0.543673337 1.3739692
    -0.144332886 -0.0486997366 1.29875386 0.736949384 0.712230206
    0.0545136333 0.100549042 1.46565771 -0.50608331 0.361498356
    0.0727235675 0.958909631 0.0245475173 1.55005085 0.0295411944
    0.122929871 1.28647423 0.269093812 -0.0547108054 0.280509233
    0.542059362 1.52387547 0.27696836 0.211446166 1.33270741
    -0.0799509287 0.110239148 0.62888217 -0.559119582 1.44028747
    0.197969198 -0.0019184947 1.33879232 0.888331473 -0.46802032
    1.00433803 -0.635731518 1.18268609 0.460625708 -0.255645037
    -0.0581486225 1.35382152 1.42771161 0.636521757 -0.495331407
    -0.301695675 0.415881157 -0.569966674 -0.247332841 1.14518976
    1.30019033 0.83631587 0.498445809 1.26109266 -0.164332181
    0.183010697 -0.536119342 -0.511616111 -0.637738347 1.21290755
    0.83029747 1.51108551 0.500513375 1.05043399 -0.0437817574
    0.373587668 1.37989807 1.66162777 -0.500025392 -0.389003515
    1.37367082 -0.491416097 1.23414671 -0.130008191 -0.0614309907
    0.549188375 0.546305954 -0.226092428 1.4939568 0.372451484
    1.44777572 -0.479436964 1.01093864 0.516313672 1.25961447 1.64898109
    1.55717254 1.58548594 1.25628495 0.648611248 0.407033443 0.796829581
    0.485128105 0.436996102 0.604614079 0.512903512 -0.667405427
    -0.0915294886 0.735670388 0.816831291 0.631596565 -0.0354327559
    0.341260195 1.4512589 -0.183442235 -0.38672179 -0.392969579
    -0.0288888216 -0.604012668 0.326941609 0.940833628 0.172246635
    0.414964795 0.350071371 0.173948228 0.521695137 1.26229072
    0.455612779 -0.439645708 0.442980587 0.290522397 1.4357481
    -0.630238414 -0.0299565792 -0.18063274 1.28203201 0.428845882
    0.785909712 -0.030828476 0.819988132 0.0576480627 1.41433668
    0.0451655388 0.176295698 0.0455464125 0.304332852 0.617497563
    0.278834999 1.42739677 0.849805892 -0.171655297 0.36783433
    0.429623961 -0.0790774822 0.401353478 0.0856289268 0.838816285
    0.667338371 -0.231506318 0.883307397 1.1156832 1.26168644
    0.0380530953 -0.091835618 1.08928204 1.71453023 0.122884095
    -0.367797285 -0.576535225 1.09633577 0.480487108 0.177328825
    1.14775276 1.63394713 0.620243669 0.526728451 -0.387536943
    1.13376522 -0.184438854 1.01708877 0.326959968 -0.480029047
    0.995627701 0.367686391 1.71238303 1.38518929 1.53617489 1.80034792
    0.675704002 1.1499505 0.594866514 0.147853971 1.19727612 0.508499622
    0.680095613 0.881084502 0.739242494 0.399318159 1.10765433
    -0.123354912 0.505267262 1.28417361 0.0436714888 1.01774073
    1.17505693 1.54330945 1.24382567 1.16965604 0.937344432 0.531905174
    1.06143546 -0.0760106444 1.49853051 -0.361248076 -0.111891747
    -0.549533308 -0.51306951 1.6146574 -0.0480368137 -0.29035598
    -0.667457819 0.333025277 0.343703866 1.2697134 1.18031478
    -0.506564617 1.65384531 -0.611465454 -0.0296447873 -0.633950651
    -0.477983147 -0.132981539 -0.324503273 1.6821785 0.0926255584
    -0.528336108 0.352454722 1.52317679 0.116987646 1.51733828
    -0.0556903481 1.26635003 0.603933454 1.48839068 1.61223972
    0.346216559 -0.520926952 0.509782016 0.0591288805 0.518975258
    1.09837306 0.708688617 0.113232553 0.133723974 0.861116886
    1.04700685 1.12663269 -0.616081893 1.325333 -0.218266606 1.08891284
    -0.31568414 -0.0214771032 -0.143187523 -0.24888289 1.27705133
    0.439307928 -0.0496047139 -0.582060933 1.49918675 1.41382205
    0.112472594 -0.352356374 0.160113275 0.326204658 0.152424216
    0.427660227 1.11781144 0.790770829 1.67398643 0.851421416
    0.477297425 0.754426897 0.955170214 0.400559962 0.688663006
    0.201463699 1.53551388 -0.114736438 1.17706442 1.0157913 0.601991236
    0.105133414 1.63308311 0.371816576 0.355110765 1.46615744
    0.467524171 1.42809486 0.0680802464 1.27365959 0.472089112
    -0.22952354 -0.162467062 -0.0563704967 1.54942405 1.55480742
    0.638810396 0.541743219 -0.362615198 1.68791866 0.634955347
    0.75413835 0.470655203 -0.103556275 0.220875382 -0.608663738
    0.780770481 1.41422033 -0.152014971 1.61647332 0.0440978408
    0.721565247 1.62071824 -0.33369872 1.22977924 0.803094506
    -0.56745106 -0.242689729 1.43400955 1.40178442 -0.00734561682
    1.30860615 1.48343968 -0.112417638 0.325331748 0.409239352
    -0.0913060308 1.52651572 1.28631711 0.128623486 0.857301891
    -0.385003626 1.39364851 -0.611744642 1.03262448 1.29378462
    0.482442558 0.647830844 -0.167697012 -0.590794623 -0.281723082
    1.63848662 0.170670033 0.332062304 0.59499526 -0.390453815
    0.625645995 1.38093472 1.3233459 -0.196694762 1.1146636 1.59697354
    0.986909032 0.752865672 0.379727602 1.35021234 -0.019064784
    -0.112717509 0.64664489 0.8346439 -0.118621111 0.794151664
    -0.409144521 0.0214169621 1.22974968 1.17960429 0.453717947
    0.964423418 0.147838712 0.619389296 1.12544966 -0.651953936
    1.60736156 0.655985594 0.810931683 0.834473252 0.436878502
    -0.652442455 -0.342064559 0.619856298 0.939354718 0.563279152
    -0.0835102201 0.37945354 0.385905504 0.0328038335 -0.428592801
    1.45233452 0.447884381 1.51760602 1.25960159 1.64405537 0.700985789
    1.25695324 1.03757787 -0.322033703 -0.610716462 1.51960015
    1.43148875 -0.532066166 1.54674983 1.37052953 0.0936491489
    0.0905806422 0.243236303 0.965120494 1.60399318 1.15359104
    0.435764253 0.641833663 -0.189205498 1.51829767 -0.101287484
    -0.282328725 1.12922382 0.0716029406 0.027831018 0.622920454
    1.01538062 -0.204245329 -0.157019675 0.69523114 0.596972823
    1.14923143 0.946033478 -0.0333524346 -0.0402256846 -0.0337834358
    1.65155387 -0.526709557 0.612865746 1.70179462 1.23428476
    0.321767181 0.323919892 1.63879454 1.61344266 0.749731183
    0.340711236 -0.175025046 0.849966049 -0.0844599605 -0.202902973
    0.207208395 0.308592618 0.829667151 -0.0444343686 1.26266086
    -0.203533232 -0.143636823 1.53658032 0.812423885 0.144938469
    1.45557189 0.61329639 -0.204598904 1.11831832 -0.155300498
    -0.172678649 0.282536507 0.728039742 0.276597083 1.21416199
    -0.466978729 0.40655458 -0.32403326 0.645123899 0.672761798
    0.780695677 0.472917676 1.24148715 0.629758 0.802501321 0.115462422
    0.403913081 1.34957528 -0.626728535 0.348747134 0.498414576
    0.996409237 0.563860774 0.0575553775 0.375602722 0.930483222
    -0.0687935948 0.336306095 0.955596268 1.07312262 0.217452347
    -0.300688416 0.759542406 1.4946444 1.13961315 0.617982686 1.20718157
    1.12181592 0.756541014 1.37109303 1.16556728 0.0512114167 1.08129287
    0.182533443 1.03945494 -0.043471992 1.47790968 0.94231385
    0.578944623 1.5352881 0.347447872 1.37934494 1.12780261 0.512434304
    1.13256252 -0.321607351 0.339443147 0.0101108551 0.247325003
    0.573438525 0.092368722 1.07694817 -0.278291911 1.01504111
    -0.511339962 0.502123654 0.593534946 0.0742586851 1.07714939
    1.00986826 1.40997005 0.0110006928 -0.240025818 0.725564063
    0.424538374 1.00598979 -0.563454747 0.326809168 1.27713788
    1.17305374 -0.487234116 0.810314953 -0.406341374 -0.12849313
    -0.502296209 1.36352277 1.4335444 0.316200376 -0.278838098
    0.615035713 -0.281500906 0.699018776 1.39697886 0.534813643
    -0.435947359 -0.325933725 1.39579797 1.03244102 -0.272813916
    -0.306031853 -0.209571779 0.060344398 0.529077053 0.0339043736
    1.10953796 1.38580108 0.775293112 1.02186513 0.827872097 1.31961524
    0.399296105 -0.649811506 1.60965395 1.06649017 0.995770097
    1.57112145 0.416837692 -0.227024347 0.00340676308 -0.155930936
    -0.257716119 0.316886306 1.57268929 0.662262738 0.179825425
    0.82450074 0.694733381 0.0956910849 0.330607593 1.51515937
    0.0515663028 -0.300628245 0.607024014 1.24406338 0.53503412
    0.996437848 0.554005027 1.29153681 -0.281436741 -0.447079301
    -0.588790476 -0.0666624308 1.66234744 1.39926708 1.06352973
    -0.302389592 -0.605510473 -0.00873148441 1.09042311 0.140758872
    0.359082043 1.29532611 0.198067367 -0.511003137 1.30991256
    -0.330333531 0.916851342 0.0304852128 1.49743605 -0.503902614
    0.619985878 0.121641934 0.0298955441 0.792729437 1.23235369
    -0.0537346005 0.54981935 1.46739984 1.33164871 0.145282567
    1.27566588 -0.487020135 1.01743722 -0.570692718 1.58623528
    1.40098095 1.11265683 0.597145259 -0.450088501 1.19528949
    -0.46982637 0.106585443 0.178760648 -0.363809466 0.135268986
    -0.23886925 -0.552033663 1.13515377 1.32332838 0.71619463
    0.366052747 1.0208267 -0.619221091 0.0362583995 -0.385463297
    -0.350105435 -0.462171435 0.391856909 1.02493286 1.10372591
    -0.196542293 1.33351791 1.5194943 -0.0408777595 -0.0173140168
    1.54828095 -0.159534037 1.17343354 0.488004148 1.59557068 -0.237057
    0.973222673 0.0182703733 1.01848412 -0.431542277 0.625509381
    0.268669724 0.0811390877 0.622441471 1.00125861 0.107363164
    1.56244564 -0.0730191469 1.43787336 0.90599978 0.74490416
    -0.405182958 -0.430230141 0.349323809 0.654564679 1.40025163
    1.61282885 1.42876863 1.30820513 1.80202687 0.191038549 0.957148373
    0.422686338 0.57943064 -0.295694083 1.25290382 1.26870561 1.60915303
    0.43348819 0.748653173 -0.310284823 1.31049895 1.28969276
    0.503952026 -0.477321148 1.01200914 -0.061322093 -0.0294623375
    0.419208527 0.00770395994 -0.313004345 1.32226121 0.149503887
    -0.486132741 -0.399469018 -0.209679663 1.2118963 0.010946095
    1.03402305 1.57033002 1.28189158 0.770778954 -0.131251633
    0.273224592 -0.594030917 0.680773616 0.265957713 0.952177405
    0.789937556 1.20120668 -0.145364642 0.428115249 -0.0918022394
    0.994728982 0.655866086 0.871573329 -0.227122128 1.34904683
    -0.200285405 -0.570622265 0.761128068 0.36866641 0.0532623529
    0.542990327 0.924998283 1.45947659 -0.410035789 1.38657475
    1.39695227 1.11012864 -0.097995162 0.629038036 0.463532388
    -0.602021575 0.80380857 -0.340696305 -0.266930312 0.189795315
    0.809331894 1.23601449 0.00976884365 0.436507702 -0.604851246
    -0.497217983 0.647774756 -0.56595403 -0.37274462 0.360203385
    1.53966689 0.613990963 0.573042035 -0.502179384 0.852448344
    0.150072217 -0.351674587 0.167357624 -0.0320801139 1.25250268
    0.115670145 0.406410336 0.962203801 1.386078 0.524831712
    -0.589380324 -0.127436578 0.17520535 -0.434518546 -0.215683073
    1.34439266 0.0641963482 1.38127589 -0.426747262 1.55214
    -0.0549131632 -0.556544304 1.4012624 0.975787103 -0.157925785
    0.673694015 0.0403395891 0.12574774 1.62514949 0.464153767
    0.311813235 0.996757209 -0.243649036 0.154373765 -0.500642121
    0.0695231557 -0.0597055554 0.138652682 0.592127204 1.42922211
    1.05788565 0.579455018 -0.192617148 -0.603675306 1.48039103
    0.985134423 0.966744721 -0.22905314 -0.301840335 0.376560032
    0.817886651 -0.582765281 0.0122033954 -0.518252075 0.202704549
    0.57853663 1.60484624 1.55556178 1.17097592 0.376455009 0.039452374
    0.39236182 0.15415746 0.628544211 0.188129127 1.67390895 0.642909169
    0.237025559 1.06844497 1.0570612 1.64511108 0.169878125 1.19853139
    1.31082916 0.749162138 -0.0111909509 0.437391877 0.423620045
    -0.455465287 1.42425036 -0.137104928 -0.579708338 0.986743629
    0.887310505 0.00468528271 1.05816174 0.733079433 -0.0572672486
    1.67786074 0.549890995 0.89663589 1.66668522 1.14471316 1.63583946
    0.881685257 -0.231357723 0.217295825 1.45597565 0.898390174
    0.640886962 0.923786581 -0.12066108 0.475260973 0.667944252
    -0.441910446 -0.383045375 0.054142952 -0.572122633 -0.0114633441
    -0.364745229 0.417265832 0.829321861 0.636836052 -0.594070733
    -0.22197333 -0.594554007 -0.459495425 1.43253636 -0.415589482
    -0.438283026 -0.633592248 0.544231653 1.4173553 0.80681932
    -0.117913127 0.0635154247 -0.278567135 0.310357749 1.41787004
    1.48780668 0.289352417 -0.471057355 1.12493968 0.498624444
    0.397084296 1.31761599 0.978277683 1.40702546 0.150821269
    0.110821009 1.50026655 1.10183525 -0.262293637 -0.235707432
    0.338159621 1.51066875 -0.349532396 1.19781184 0.225835502
    1.39477324 -0.261271715 0.667285323 1.54853022 0.705854952
    -0.292904198 0.0437541008 1.12352359 1.22775388 0.306996644
    -0.547237277 0.0198427439 1.39052081 1.64977121 1.52561057
    0.290661812 0.796054363 1.19875813 0.400462985 -0.0859728754
    1.05680513 -0.330236316 0.0889341533 0.221748382 -0.49171412
    0.435262859 0.13812381 -0.675160587 0.106693149 0.0574193001
    1.10359359 0.771565259 0.606826305 -0.465495646 0.621767044
    0.342327833 -0.102375209 0.514514744 -0.333373487 1.07506263
    -0.647860408 0.942825139 1.44086039 1.32164001 -0.459266663
    0.29468447 -0.587399244 1.03674531 1.00101602 0.150987983
    0.865372062 1.51638579 -0.307597518 1.08539367 -0.401061267
    -0.245242596 1.32504129 1.29665399 -0.46461758 0.751256227
    -0.612978816 1.23286045 1.16223311 -0.373157859 1.28812146
    1.16739607 1.37441123 0.897829056 0.106044114 0.797609568
    0.120881796 -0.25954026 1.66370881 1.39116716 0.608105838 1.0025605
    0.959420681 0.281559646 0.719188869 0.538380086 1.18975663
    0.0209450722 0.551301777 -0.266370118 0.579819441 1.3458184
    -0.577351332 0.486416876 0.0881980658 -0.55815798 0.49112308
    0.211370587 -0.354036242 0.306699157 0.0683841705 1.37942195
    0.426903546 0.940708995 1.70722413 -0.170704931 1.3755306
    0.582273245 0.814440727 -0.457985789 0.632938027 0.424655616
    -0.0752359033 -0.388953179 -0.332923591 1.40455151 0.243256211
    -0.0834892988 1.62112796 1.54922318 -0.682549834 0.809098005
    1.33859229 1.46837163 0.226362944 0.793228567 -0.378305674 1.385764
    -0.574298859 1.07751203 -0.417904913 0.435609579 -0.19337666
    0.0636240244 0.215208769 0.893272877 1.35050416 0.544296265
    0.433316648 1.10121894 1.01197338 0.124624372 0.938582003
    -0.576532304 -0.490738332 1.46226048 1.28747499 1.5725193 1.20143199
    0.324487448 0.10745424 1.22182608 -0.230569094 1.27033925 1.63289165
    -0.43224889 1.09579253 0.857490838 -0.125385165 -0.488386482
    0.790633976 0.222559988 0.447370887 1.14515424 0.269222736
    0.592440307 0.817837715 0.933157682 -0.29544422 -0.426812053
    1.1932416 0.056422472 1.32394111 1.48950577 0.988159299 -0.496581405
    1.2405082 -0.447866917 1.51958275 -0.111523926 0.88296026
    -0.510689497 0.321059346 1.05899596 0.271861017 -0.449487686
    0.436832964 1.21688581 0.0318781734 -0.0591314435 1.25395274
    0.909252465 -0.146303505 -0.176943123 -0.501648903 1.10978532
    -0.00884997845 0.236753702 -0.12506336 -0.358225673 -0.361373633
    -0.246662974 -0.366749436 -0.570647955 0.910919666 -0.231267095
    1.07476604 0.998239338 0.630238891 -0.587593496 1.07777035
    1.68034315 0.0417113304 1.02300835 1.23961496 -0.363094866
    -0.304786384 1.66253603 0.434936643 0.7111727 -0.268450558
    0.780040205 -0.142184198 0.561075449 1.13832831 0.861118793
    1.0065558 0.650353312 -0.451193929 0.083142221 1.48935318
    -0.0764549375 1.46530175 -0.529579461 -0.388329536 0.432232201
    1.32118034 0.511907279 1.57855523 -0.0580003858 -0.432210058
    1.0714922 0.916159987 1.58319473 -0.101272702 -0.433613986
    0.398872674 0.878553629 0.986768126 -0.116190314 0.772993386
    0.0896270871 0.467614174 0.524138272 -0.404392213 1.46367323
    0.226709604 -0.350613981 0.18892318 0.351455927 -0.615660846
    0.0227053165 1.42890596 1.54103994 0.672644138 0.233585119
    -0.0709413886 1.1468116 -0.0645814538 1.06102061 0.223064065
    0.429660439 -0.569364488 0.59414494 -0.237093121 -0.666225672
    0.822648704 0.897174716 0.509286046 -0.0546946526 -0.255212545
    1.16076863 0.790322185 0.520112991 0.0287623405 1.52893817
    0.868323147 0.419706702 -0.10180831 -0.62371099 -0.642796934
    1.49761236 0.667761028 0.712807715 -0.0556063652 0.897054791
    1.04648352 -0.312273562 -0.419919729 0.864175975 0.0251184106
    1.22951269 1.48278296 0.696650267 1.34495878 -0.284825563 1.44216633
    0.224011481 -0.0365380049 -0.254625052 0.619663835 -0.0717482567
    1.66874456 0.942610443 0.0557682514 -0.239044994 1.35572505
    0.670411289 1.63921762 1.24168205 0.998429775 0.214618564
    0.557170808 -0.176954925 1.07484865 0.460623741 0.643034875
    0.536319196 1.29534411 0.969880044 -0.218934894 -0.231742322
    -0.168100357 1.48503828 0.784612 0.947185338 1.47907925 -0.354276955
    0.471032858 1.5182488 0.176485956 0.441663206 0.147892118
    0.0794929266 0.11443913 0.546744168 0.457210183 1.10617781
    0.710520864 0.72984165 -0.144812971 0.388618231 0.275716364
    1.50259531 -0.430845171 0.0188971758 -0.0630130172 -0.0886285901
    1.60767019 0.720776021 0.891450226 0.314696431 1.09329438
    0.314331412 1.2826041 -0.0764734149 1.15985799 0.701146424
    -0.162882715 0.205154538 1.62230515 0.739156187 0.015473187
    0.175531566 0.682887673 1.275424 0.932062209 0.526714802
    -0.428144604 0.260197997 0.575867414 0.184353709 0.25339973
    0.654108226 1.51964045 1.1445961 0.357005477 0.411478341 0.309003115
    0.453499734 0.316361666 -0.0908263922 0.251720309 0.0618581176
    -0.0802514553 0.82182157 0.392313957 1.66257989 0.497860849
    0.707390249 1.18748021 -0.275362313 -0.0438310504 -0.0357213616
    1.34699273 -0.0703741312 1.58866227 0.2124511 0.00605362654
    1.50118113 0.925848246 1.50080812 -0.0301892161 -0.207528174
    0.762531042 0.632765412 1.49248111 -0.605482519 0.124197841
    -0.452152669 1.54159927 1.17573476 1.33695126 0.447808921
    -0.305351824 -0.287221462 -0.631946146 -0.503219187 1.38377726
    1.12125611 0.738577187 1.26805472 0.925675035 0.0149462223
    0.0989456177 0.78348577 0.344720006 -0.0208675265 0.457968593
    -0.532469809 1.47469652 -0.0870447159 0.261011243 0.262126684
    0.176237166 0.370879531 -0.202277958 -0.0301737785 0.549610198
    -0.522099435 1.23418736 -0.51709336 0.104923368 0.39319849
    0.951515675 0.709917843 0.660799265 0.780154526 1.33986545
    0.97143501 1.58520007 1.42781258 0.0497270823 -0.590816498
    -0.145210862 -0.00591903925 0.998879373 -0.0827630162 1.3279053
    0.948587656 -0.218798518 -0.427057773 -0.618782282 0.396051347
    1.36633599 1.42180598 1.1496489 0.812162161 0.0255766511 1.18761158
    1.64659297 -0.129760087 -0.37266326 0.619496226 1.28521585
    0.190853119 0.723269105 0.122875452 1.32682014 0.737992167
    0.916791737 -0.260778487 1.01375663 1.39061916 0.898059011
    0.231365263 0.438145459 0.658248961 0.647627473 -0.406983376
    0.49517101 -0.286687434 0.108604193 1.55631065 -0.407740593
    0.379195809 0.995940268 1.14212203 -0.0810778141 0.645310938
    -0.468137622 -0.358585447 -0.353125215 0.741004944 -0.449182689
    1.5757618 1.60437512 -0.327639222 -0.556532145 1.39230275
    -0.344822437 0.415231943 0.596207798 1.50518429 -0.14148432
    0.0215857029 0.759170115 0.217882514 -0.685417235 1.17367148
    0.721915245 -0.125411212 0.952075124 1.22310662 -0.420677364
    0.60718745 1.31473231 0.334837675 -0.266900182 0.157573402
    1.04294813 0.221869648 -0.0108388662 1.6222508 1.29493237
    -0.299937367 0.530916691 0.548232853 1.08349299 0.930132747
    0.996944249 -0.052570045 1.14127588 0.665342748 0.3408764
    -0.644810081 0.914643645 0.00980079174 1.10529971 -0.585020423
    0.534746349 0.473230243 -0.0133478642 -0.366603076 1.38478184
    0.579051912 1.48183072 1.30544782 0.163754046 0.566924274
    0.895760715 -0.063373208 0.305588841 0.798670948 1.35901666
    0.640216887 1.45497704 1.26529825 0.00194191933 -0.407006502
    1.02273107 0.403457463 0.27214092 1.22488785 1.30141282 -0.395055324
    -0.0690117478 -0.375055909 0.419190705 0.946646273 0.149692714
    1.05788231 0.776135802 -0.20976153 0.438853502 0.252794623
    -0.464416713 0.639847517 0.0190739632 0.0559422374 1.56940222
    0.273889184 -0.391743332 0.0614625216 0.627208531 -0.398366809
    -0.405965924 1.42141366 0.573007882 1.30426586 -0.130867541
    -0.408919513 -0.0562751293 1.33990836 -0.413773596 -0.386238068
    0.472197771 0.231075108 0.544538677 -0.389982402 1.03354716
    -0.43985185 1.32444012 -0.165781051 1.60962439 0.485123038
    0.666409254 0.965278864 1.306988 0.944899559 0.399779856 0.613818288
    -0.397870958 0.515941262 0.540546477 -0.412672728 0.799179792
    0.661052942 -0.377683699 0.603242338 -0.352021128 1.69522715
    -0.425681829 0.440047145 0.068257153 -0.224998057 0.192587078
    1.44882679 0.827441752 0.628978193 1.00476205 1.03524411 0.706990659
    -0.232599676 -0.123193681 0.0163877606 1.11840355 0.139209092
    0.125326276 0.928550541 0.354804456 1.44088876 0.560992002
    0.318611741 0.00186944008 1.52228379 1.42249286 -0.11912775
    0.466500044 -0.523938417 0.161429107 -0.460258722 0.43007499
    0.391572952 0.744769216 1.22651386 -0.043171227 -0.156217873
    1.43124652 -0.531599998 1.61110759 -0.49142766 0.287856936
    -0.0372220874 0.76705116 0.104939938 1.1476109 -0.357853234
    -0.227598011 0.0401991606 1.14719033 -0.0505198836 0.99157685
    1.07044744 0.432757318 0.753884852 -0.300522864 0.571175992
    1.54896808 0.784156263 -0.199388832 0.767363906 1.12650871
    -0.428696662 -0.332282245 1.06494284 0.000291883945 0.909224927
    1.44694746 1.05914128 0.381921291 -0.192029029 1.04229283
    -0.06849581 1.45284915 0.340785623 0.19503051 0.544451237
    -0.187294811 -0.346962452 0.457319975 -0.0605225563 0.536731422
    1.07386708 0.123163462 -0.0898327827 0.933921278 0.0521999002
    -0.0549961329 1.17588365 -0.271483749 1.14159489 0.220934212
    -0.37344113 0.611240506 1.5703851 0.994225144 0.579375505
    0.768919826 1.54360437 1.39219618 0.0513783693 1.16405439
    0.838467836 0.83029592 0.756824613 1.14750683 0.0947756767
    -0.0119033456 0.525809824 0.710821152 0.107831061 0.352571666
    -0.287477463 1.18463349 1.4116621 -0.206026167 1.16728091
    0.489684463 0.614299297 1.17628777 0.0881739259 0.295170486
    0.98712939 0.167748928 -0.0318242908 0.602887034 1.51122499
    1.57097483 0.127348006 1.18355644 -0.396067083 -0.0265447497
    1.245664 0.891902626 0.895732582 -0.159470856 0.670337021
    0.779237747 1.06802738 0.757168472 1.5484879 1.66253352 0.224136949
    0.401478589 -0.561466277 1.22257972 0.225095928 1.08842385
    0.438553154 0.172869384 0.946438134 0.371282518 0.390878886
    1.96795118 1.45034313 1.36103749 0.241457045 1.48460793 -0.58973664
    1.51443672 0.603924036 1.23179412 -0.0520341992 0.154605746
    0.99588716 0.543459237 0.466215312 1.28655601 1.52378595 1.07792664
    1.1056695 1.37241781 0.767976999 -0.52550137 1.50763869 0.148086548
    0.340582192 0.728802979 1.11988091 0.207127929 0.67610842 1.60221267
    -0.355617583 0.738676906 -0.0517892838 1.32172608 1.05363989
    -0.050609827 0.566259027 -0.163187325 1.58053625 -0.26232487
    -0.0721076131 -0.307117969 1.58524692 -0.407066286 0.789317191
    -0.42465502 0.399178803 0.993116438 0.720239401 -0.410578519
    1.21834886 0.737996638 0.0532028675 -0.585726023 -0.0301845074
    0.55154568 0.780719638 1.25194788 1.28512573 0.519942701 1.34394419
    0.439456224 -0.396960884 0.812373996 0.428495228 1.60061562
    0.615503788 1.18176103 -0.571821034 0.111953199 0.802735448
    -0.36926356 1.24981928 -0.612528682 0.329042852 0.349559724
    -0.352879316 1.51949477 1.04437494 -0.139885336 0.15182662
    0.707025468 -0.343438745 -0.242912799 0.846071303 0.485825956
    0.645385444 0.460235655 -0.064612329 0.921013176 0.320459366
    0.115664423 0.935190737 0.0670813918 1.55667806 -0.0994393826
    -0.433528543 0.424312532 0.900358617 1.50982094 -0.202500612
    -0.10192138 0.18356806 0.924085617 0.0474376082 0.0818449259
    -0.498848915 0.0202736855 1.08515596 0.420667112 0.189547777
    1.40785456 0.657685161 1.39921379 -0.322922379 -0.108301401
    -0.445661902 1.5934515 -0.297809392 -0.662345946 0.619451165
    -0.0328738689 0.529060602 0.305778027 0.33221072 -0.313151866
    0.532110453 -0.303240418 -0.325739771 0.937093318 0.417675674
    1.35250998 0.632876933 0.937315404 -0.442779839 0.761352599
    -0.173129827 1.2572031 -0.183748603 1.3576448 1.34712052 1.41729712
    1.42082226 0.432265818 0.450739205 0.506622195 0.25891149
    0.119909465 1.1505034 0.872024715 1.60037088 0.0413426757
    0.831570268 -0.299668729 1.38576436 -0.196414202 0.0753818154
    1.24303567 0.377884686 1.29850078 -0.245690137 0.0215675235
    0.760342717 -0.350290596 0.213626921 1.56708431 -0.57042861
    0.641524732 1.68908954 -0.518396974 0.0229437947 1.18330359
    0.0166657567 0.192961574 1.21073151 0.467795193 0.315745652
    -0.221856087 0.309361935 0.97157836 0.271920383 -0.208372146
    -0.543648362 -0.308045864 -0.0958906412 -0.593657792 0.315231383
    1.35470605 1.09980822 1.23749423 0.736342311 -0.476023197
    0.133219719 -0.100320578 0.782328725 1.63393068 0.00330364704
    0.122995138 -0.360605627 0.703453243 0.888427138 0.973199844
    1.12718201 1.59049416 0.0428517461 0.902707577 0.513795316
    1.14767575 0.592704773 1.30379868 0.950435579 -0.634698331
    0.214775145 1.11438942 1.21751893 1.06143343 0.647802174
    -0.282547444 0.86766845 0.36160481 0.962196946 1.43808782
    0.303476572 0.515965998 0.251741827 1.56198645 0.466838837
    -0.33261621 1.5745554 0.604033649 -0.438063979 0.0740780234
    -0.563134909 -0.369965076 -0.559565306 1.09007454 -0.510527909
    0.293168247 0.180508971 1.5225482 0.810506225 1.09199607 1.29625368
    -0.350519925 -0.555875003 0.918871939 0.614744484 0.607330859
    0.762673438 1.40398479 -0.43717432 1.59387219 0.286035419
    -0.245518506 -0.0116555691 0.128740966 -0.094709605 0.533650756
    -0.185563639 -0.136158854 -0.234183148 1.01379621 0.58400476
    1.27691555 0.784371495 0.0900232792 1.58312368 0.62761867 1.05145383
    0.257805765 -0.249723047 1.60502231 0.613420367 0.15095377
    1.56336057 0.389826894 0.425784826 0.207498372 1.45002246
    0.077049911 1.17960584 1.14242351 1.39361799 0.866067648
    0.0958488584 -0.0735750198 1.68692446 -0.335157722 0.294475496
    -0.429927856 1.3038007 0.248062909 0.092194736 1.11579752
    0.647068083 -0.366653621 1.07763898 1.01539707 0.981911659
    0.547378302 0.142480493 1.42654753 0.714022756 -0.579808295
    0.579574764 -0.418648779 -0.0672230721 0.458937943 0.230380297
    -0.661830246 1.43602824 0.916238904 0.110037506 -0.267332017
    -0.226778626 1.62853885 -0.655732214 1.04713464 -0.359767616
    -0.435765713 1.49976778 0.407837689 0.575935781 0.460928857
    0.921725512 0.465225399 1.49447238 0.566637754 1.10206163
    0.663823903 -0.00905919075 -0.303964615 1.67026353 0.993851662
    0.42081511 0.656052947 1.08258939 1.0581696 -0.52635169 1.10967493
    1.16049242 0.413833082 0.684871256 -0.291572183 0.2589854
    -0.603510559 0.57112509 0.0693730116 0.352172196 0.0600097775
    -0.0460669994 0.976812899 0.205768704 -0.19509697 0.650020242
    -0.301049829 0.965647399 0.964657962 1.1998167 -0.452299833
    -0.324247599 -0.255301476 1.14320993 -0.334495693 -0.318528384
    0.191419601 0.881175339 1.22937179 -0.552901924 0.769124627
    1.50315261 0.84602052 0.134499967 0.680569291 -0.0202359557
    0.695640564 0.118103087 0.452898622 -0.472933501 0.840147614
    -0.5613904 -0.0484062433 1.41469765 1.07716107 0.587836742
    0.425353706 0.932288766 -0.125928819 0.838444591 1.10488677
    0.787629366 -0.117536366 1.60869527 0.0434491038 -0.373841465
    0.625321507 -0.367012292 0.483233333 1.02178073 -0.143507004
    1.58956075 0.123503685 1.60355818 1.23519671 -0.439385504
    0.677840114 -0.423313618 -0.261439651 -0.418142438 1.13406324
    0.0703087449 0.359909475 -0.603629827 0.415832281 0.318145037
    1.46595275 -0.382917583 0.479423046 -0.189894676 -0.32473895
    1.38481247 -0.496172041 0.0261961222 0.255446792 1.09631479
    0.797835529 -0.147243977 -0.407139063 1.03477001 0.738379657
    1.40148115 -0.0219540596 0.0301374197 0.38547641 1.63041329
    1.09726906 0.415228844 0.718998492 0.0280511379 0.0649154186
    -0.494202912 0.264486551 0.873759329 -0.598649621 1.1175456
    0.285535634 0.0801800489 -0.552990496 -0.0330860019 0.565523863
    -0.465235263 0.165710092 0.791598976 1.6662221 0.430694222
    0.362551987 -0.220275939 -0.217417955 0.397200882 -0.441558003
    -0.221103728 0.571252108 1.58605599 -0.105621934 -0.23227933
    1.44580019 1.08529925 1.2007308 1.58949041 -0.0619052052 0.489107013
    0.419195056 0.429530263 1.3202672 0.0504161716 -0.625668824
    0.155948341 0.669084668 -0.259797454 1.36157942 -0.584331036
    1.15567422 -0.222940266 1.5723145 0.244502485 1.54288435 0.712475359
    1.18103147 1.39596939 1.18403721 -0.423315406 -0.0442959666
    -0.566714406 0.374392211 -0.540208936 1.15627134 -0.186970443
    0.449585378 0.800645351 -0.0374286771 -0.352078736 1.20208335
    -0.604169607 0.522628725 -0.504177749 -0.250971049 0.236369848
    1.54383314 1.54939342 1.14695501 -0.292787373 0.228895128
    -0.401158005 0.0482685268 0.0689580142 0.675658643 0.731535792
    1.5377239 -0.232892931 0.88084197 -0.415034622 0.247466862
    0.661811471 1.3889997 1.12806082 1.45747137 -0.162808061
    -0.635970414 0.162250221 0.283519268 -0.139472425 -0.174380034
    -0.0516101718 -0.376170486 -0.236509055 0.606287479 1.30466664
    1.45797181 0.133484602 -0.315601826 0.220178246 -0.0593003631
    0.502171993 -0.585246563 0.967731357 0.585565567 1.33473468
    0.895968378 -0.298548222 -0.359699905 -0.246308267 1.00201011
    1.01858163 -0.126641452 1.40634668 0.33179462 -0.57240963
    0.434504747 1.25254154 0.740436733 -0.584946752 0.551449716
    0.508526921 1.35065508 1.36144733 -0.00292617083 0.744801283
    -0.47931087 0.020265758 0.786647558 -0.175481081 0.73881197
    -0.0975068808 0.982506692 1.43623102 -0.358296275 -0.525143147
    0.271785557 0.409114003 0.178131282 -0.505873084 -0.24803105
    -0.0706835985 0.650316954 1.33544517 1.21412909 1.40933239
    -0.1067397 1.67452669 -0.11823377 1.2926929 0.0457042456
    -0.272621959 0.245770335 1.40297079 0.951544225 0.181525946
    -0.00493687391 0.876473546 0.843891621 0.854652464 0.0244682431
    0.524999976 1.6286931 1.44920874 0.047576189 0.0310720205 1.48349786
    0.231505811 -0.325089961 0.942416668 0.758974552 0.977206469
    1.50106931 1.68021047 -0.487537473 -0.54443562 1.5591011 0.094846189
    1.44337642 1.68669462 -0.535188735 0.957652152 -0.648672879
    1.62722373 1.39662576 1.33621931 1.22550476 -0.126557171
    -0.0734217167 0.224406362 0.918729186 -0.407193035 0.15323621
    0.488924563 1.12659478 1.14383817 0.765468836 -0.269257903
    1.30695379 1.45715451 -0.464030087 0.139575481 0.846366048
    0.886592627 -0.301632077 0.358587444 0.296410441 0.131587684
    1.47126961 -0.500913739 1.50139916 -0.636055052 0.616101265
    0.249297202 1.27377272 0.53283143 -0.00320351124 0.434467435
    -0.188773215 1.41700566 1.22647882 -0.20881775 1.38715398
    0.0332130194 -0.63547796 -0.339853764 1.70894122 0.257196367
    0.729254007 1.63582206 0.137744963 0.00634437799 1.49629974
    1.24533701 1.44527602 0.257905364 0.552252293 0.870463073
    -0.135929465 0.423780262 0.818929076 0.500784397 1.17604685
    0.246337652 0.147993147 0.679305136 0.961809397 0.107263863
    0.669947386 -0.37223807 1.21951365 0.866254389 -0.333390176
    0.291441143 -0.513383567 1.47732878 1.06314898 0.744849741
    1.51015675 -0.396994859 -0.197928935 1.33814692 0.951458752
    0.239286065 1.50481021 1.22329855 1.29143858 1.14254987 -0.487957388
    1.10570753 0.909316242 1.21581042 0.196383238 1.24005508 1.10639679
    -0.663144588 -0.519844055 0.367118359 0.796322942 1.26327014
    -0.580310941 1.56233323 1.35473728 0.304084778 -0.157141924
    0.263765574 0.126315176 0.665576041 0.71866262 1.25463414
    0.338111758 1.16720033 1.37818551 -0.0270693898 0.191246808
    1.18464851 0.50808996 0.714411676 1.25620711 0.998866439
    -0.162501574 1.61078823 -0.481814384 1.21633363 -0.197401196
    1.51128721 0.895507693 0.0977437496 -0.613452077 -0.581368566
    0.722293437 0.76763612 -0.193825036 1.27726054 0.311904132
    0.617260575 0.688488901 -0.453194797 1.47727084 1.45197535
    0.922158718 0.944672525 0.956030667 1.59241676 0.661605597
    0.496047586 1.25574493 0.182950735 1.60885429 0.692116678
    0.699810505 -0.12110725 0.996321201 0.590921104 1.43413043
    1.39024734 1.53395844 -0.0447911024 0.360691428 -0.301652938
    0.919575453 0.537029028 -0.487357318 -0.390598506 0.902046204
    0.745428681 -0.603847563 1.37521577 1.5573988 0.140443325
    0.727351308 1.41488934 1.05537677 1.0969485 -0.302537233 0.471668005
    1.08091021 1.09767509 1.29699051 -0.31634751 0.445904374 0.494835079
    0.235841334 0.322461903 0.970279932 0.961246967 0.972029626
    1.2911706 1.11985409 0.247296453 -0.172012031 0.0223150849
    0.961760283 1.22205091 0.942174792 0.885274827 -0.26484108
    -0.153796315 0.986241579 1.48796487 1.58009696 1.6179471 0.505846858
    -0.126384139 1.60881066 1.21753287 0.921970129 0.959456384
    0.215386629 0.52820605 0.167355537 0.836508572 1.6086762 1.04850245
    0.391986907 1.39208078 1.25682342 -0.116100013 1.14983463 1.49155629
    -0.184344202 -0.515467167 -0.570923567 0.890934527 1.24339008
    0.32165134 1.18109453 1.1397028 -0.148880005 0.803602874
    -0.488939375 -0.606779754 0.314343452 0.389912426 0.854180694
    0.922357202 -0.526475251 -0.0603845119 1.64181495 0.190371692
    -0.0385022759 -0.227496803 -0.325377852 1.19598925 0.813343644
    0.60660702 0.356925666 -0.283247769 0.744143784 1.04737639
    1.56637919 -0.457293659 0.389104068 -0.23554498 1.63849652
    1.00267029 1.22288299 0.431355953 -0.644152522 -0.569541514
    0.0396533012 0.76033622 0.00848966837 1.44527626 0.725702465
    -0.291074663 1.30472636 0.0650238395 0.785764694 1.41950476
    0.6252563 1.00779557 1.35594749 0.218790591 -0.28797847 0.166221559
    1.13189936 0.650243282 0.813712239 0.670775115 0.070250392
    0.82496649 0.656522751 -0.462383568 1.4334991 -0.036101222
    0.283498824 -0.354429036 1.08062363 1.11690736 1.46862698 1.25743389
    0.194669068 1.16759729 0.40921092 -0.469030291 0.0951996446
    0.821914732 0.979311347 0.335090458 0.64614135 0.492464244
    0.663022757 1.45062339 1.32613587 -0.570774496 -0.537374973
    -0.509223938 1.50798547 1.6289382 0.449930131 -0.0635917187
    0.0994324088 0.089599371 -0.629714191 -0.375089377 -0.169293165
    1.47686863 0.790871203 1.01895046 0.187080085 0.391423762
    -0.457461536 0.922883213 0.92933619 0.254428089 0.2012586
    0.754865944 -0.497311056 1.19305634 0.563473344 0.156109035
    0.436493576 0.78189975 1.36525345 1.50763237 1.44686568 0.0672377944
    1.40996552 -0.0510275364 0.159085512 0.756952465 1.32909203
    0.638844848 -0.655950189 -0.639443755 1.45627666 1.54887414
    1.31404793 0.430268168 0.540828824 0.0806256533 0.409291923
    -0.526180148 -0.480669349 -0.473882914 1.16261697 0.241176784
    0.265223265 1.44573402 1.19027138 0.302799165 0.282357872
    0.771401763 0.489063919 1.24798083 0.610907912 0.297170877
    0.71680665 1.17878795 1.49495292 0.303063929 -0.15600729 1.53687859
    0.231355131 -0.516984761 1.16218758 -0.382682621 0.835988402
    0.62336731 0.510797083 0.71987319 0.635217428 0.949162364
    0.0110095739 1.51357484 0.13172698 0.539271295 0.97768575
    0.280166447 -0.186031491 -0.650996804 0.192500174 1.57993364
    1.11903679 0.721775532 -0.106837332 0.256319106 1.43549109
    1.04716873 -0.430376887 1.50033164 0.916604519 -0.34086895
    1.95533764 1.46366203 -0.133634418 0.16711247 1.21679425 1.59468865
    1.10853457 0.0592525601 1.48464024 0.872322202 1.22192037
    0.138974488 1.24203324 0.0784233809 1.39638138 0.807873309
    -0.167035341 1.30208766 -0.596874297 0.744854927 1.2760905
    0.613038898 1.12606359 -0.574369609 -0.0515694618 1.1998868
    0.75166893 1.05729377 -0.616565287 1.30993295 1.1593349 -0.189201921
    0.887029886 -0.49325487 -0.174042225 0.51589179 1.55888677
    -0.530925632 0.507472038 0.358499765 1.20757401 0.338551223
    0.871632516 -0.199780792 -0.133738577 0.653833747 -0.0964585543
    1.52513075 0.867515564 0.580749571 0.23629123 -0.154054046
    -0.573292851 -0.344600558 0.129499376 0.980142295 -0.30326128
    -0.415607363 0.798591316 1.20451379 0.767972231 -0.178766251
    1.59987462 -0.140888214 -0.525185108 0.191384137 0.694913685
    1.64705455 1.02503657 1.30746889 0.290786326 0.867194891 0.523276806
    0.709643245 1.39306068 1.00702977 -0.592521012 1.40829515
    -0.0170663595 -0.374822289 0.542139411 0.608739495 0.468668938
    1.64020669 0.122664928 1.30354774 1.40391278 0.747723162 0.521393359
    0.873750985 0.209104061 1.33189046 -0.474840939 -0.457704365
    1.01294684 1.1779772 1.03600264 1.48714209 -0.351227462 0.74337393
    1.28531063 1.4075228 0.272421896 1.28900743 1.26704264 1.22114325
    -0.250026941 0.441259444 -0.0211437345 1.65340734 -0.050088048
    1.51559949 -0.577973843 1.24490619 0.561292887 1.51902843
    -0.0884925127 1.34111667 0.201151788 -0.643556118 1.51749635
    0.221703351 0.247159362 1.56496334 1.31190777 -0.0577941537
    1.34717572 1.10109115 0.718768299 -0.121656895 0.208771527
    0.593098223 0.964535832 -0.530320346 1.08454549 0.194247663
    0.124026537 -0.22930938 0.0246650577 0.850432456 0.49772042
    0.131009758 0.0628860593 1.50525296 -0.0537528992 0.732787967
    0.262524545 0.194852948 0.167821705 1.0591644 1.29279375 1.19646049
    -0.179232866 1.63144505 0.372010052 1.34701455 -0.316649377
    0.330788136 0.373667002 1.46847701 1.33029127 1.22029567 1.05152297
    1.47827804 0.93209213 1.37162709 0.823192239 -0.238648504 1.19403577
    -0.501329899 -0.179844618 0.0572221279 -0.468559891 0.30791229
    0.211988151 -0.0447300076 -0.21899721 0.0671123862 1.29678798
    0.0472575426 1.6677599 0.470358133 1.56994677 0.378445864
    0.605791867 0.739758372 -0.516672313 -0.632228911 0.871134222
    0.0404803157 -0.150525749 0.71615839 0.261092067 -0.590182126
    0.714979112 1.16073871 -0.391156465 0.677212119 0.533631384
    0.0504163504 0.314616144 0.597669005 0.609288037 -0.630742073
    -0.374033511 -0.419164479 1.59158182 0.307662189 1.39310956
    0.990365982 -0.639004409 0.986764967 -0.3638542 1.19834352
    -0.0364932418 1.01497114 -0.430231243 0.783734202 -0.143072605
    1.04804885 0.929271817 0.47644949 -0.621455371 0.553201675
    1.30608249 0.103042245 -0.431675375 0.197491944 1.56759632
    -0.299974918 0.626988173 0.625826061 1.52886295 0.276046276
    0.0814368725 0.787419558 -0.43201524 0.124897599 -0.53015542
    1.63424242 -0.330051929 1.53900564 0.392375886 1.29970121
    0.0102069378 0.501841009 -0.604076743 1.14437079 0.780962765
    0.319288135 1.24011803 0.162185788 -0.42169565 1.57157278
    0.218582928 0.229757279 -0.0879078805 0.177328974 0.726597846
    1.05095136 0.293728054 -0.46099174 -0.475498438 -0.481960356
    0.100886285 1.13148773 1.38126707 0.970650494 0.523145616
    -0.67360568 0.268694222 1.30471659 -0.531518042 -0.0149216652
    -0.259160936 -0.604756653 -0.570643187 0.605661631 0.88679862
    -0.264786452 0.0902248621 -0.610704422 -0.34296295 0.276177824
    -0.0855652094 -0.506617844 -0.601727605 -0.667291522 0.829369009
    0.515515149 -0.512327433 -0.167289913 1.0239079 0.478776634
    1.64822769 -0.518581152 0.0481477976 -0.153171837 0.792019606
    0.841917098 1.16811633 0.928026915 1.39581847 1.13346839 1.21104825
    1.34922481 -0.677524924 1.39722145 0.0669711232 0.422998607
    1.55331612 -0.474168181 1.1171577 0.621075392 1.30890405 0.200749636
    0.580201864 0.79381454 -0.157642603 0.393910587 1.44417524
    0.273777544 1.35124159 0.236072361 -0.429046631 1.4497025
    0.0635351539 0.181506991 -0.0102069974 0.369833827 -0.258889467
    1.59476614 1.2960043 0.475606501 0.641942263 1.27410507 0.996164799
    0.96382159 -0.114800036 -0.508799076 1.08620071 -0.153763354
    0.380259275 1.17739105 -0.286423862 0.791328967 0.274509251
    0.316249907 -0.49956423 1.69790173 0.847898066 0.0512946248
    0.44288063 0.749955237 0.983911872 -0.521839261 0.659691393
    0.99900806 -0.310759246 0.646319628 1.19477284 0.190077364
    0.766041219 -0.511980176 0.789011061 1.62899506 0.745926976
    -0.303050578 0.570019424 0.39952755 0.311227918 0.884644628
    1.6605407 0.540387452 1.48287344 0.91504401 1.64770496 0.658516467
    1.00403905 0.317614317 1.43316543 -0.559769869 -0.492447853
    1.00357771 -0.233248115 0.207018495 0.737227082 0.506085813
    1.19636154 -0.032137394 0.909534216 0.679154038 0.0729231238
    -0.567907929 0.424037039 0.282849133 -0.353186965 1.11069369
    0.209891081 1.59573221 -0.621617198 -0.21659559 1.50998926
    0.0873165727 -0.451058567 0.922341585 -0.260394543 1.23351872
    0.0934998393 1.28165436 0.738938332 -0.475667238 0.454127789
    0.94792825 -0.647106826 0.0391284823 1.54444432 1.44758606
    0.488470733 0.812380731 -0.157170475 1.42250395 0.372677803
    0.922185183 1.21607661 1.17790067 1.28751445 -0.223408878 1.33854651
    1.07065177 1.35744858 0.261334836 0.562817156 0.67239511 1.30647433
    0.898494005 0.358236969 0.746248543 0.0655718446 0.671575785
    0.899335027 -0.319366097 -0.590719223 0.25464797 1.44725239
    0.283484519 0.593625903 0.834306419 1.13542306 0.205386043
    1.36298537 1.16443658 0.203424871 0.549508691 1.08547282
    0.0020185709 0.612976611 0.036205411 -0.243775666 -0.251055837
    0.572232902 1.69071269 0.538746178 0.100772798 0.361702502
    1.39708257 0.994664192 0.575363874 1.62845588 -0.540153861
    -0.516132355 0.123750269 1.29276228 -0.553728104 1.0496645
    0.782042086 1.27417397 0.620271206 1.42348695 1.39981067 0.959091425
    -0.206620336 -0.661168456 1.59576881 0.258531034 1.45436132
    -0.375932425 -0.417884707 0.550975621 -0.548060417 0.88011694
    -0.335428298 -0.469475567 -0.423760891 0.196743309 0.490617096
    0.228237569 0.253333032 -0.440485388 -0.333326131 0.0542382598
    -0.430518687 1.21477938 0.856494546 -0.0474849939 0.744897425
    -0.0594285131 -0.379141212 0.84152329 -0.430174023 0.655959249
    0.173948497 0.673107624 1.82836556 1.56781566 0.613408208
    0.318770468 1.7030859 0.278107285 1.38038015 0.309948146 0.945663691
    0.37857157 0.652859807 1.04279518 -0.0873660445 -0.476367563
    1.52143598 0.337999403 0.893294632 0.0828790069 0.435042143
    1.00394845 0.725331604 -0.119602203 1.21543956 1.10958648
    0.190568686 -0.472366661 -0.0461555719 0.384124994 1.02988768
    1.46977663 -0.500486314 -0.0860224366 0.072617054 1.49553001
    1.21920884 1.3097055 1.13822579 1.26209176 1.14949012 1.23479557
    1.39149761 -0.0883182883 1.3463521 0.678889573 0.960967243
    0.489454269 0.564450562 -0.453181624 1.61577749 0.878589571
    -0.354218572 0.982453704 -0.542876124 1.61597538 0.0887749791
    0.789617062 0.0948032141 0.350650311 0.50857991 1.47503674
    -0.125592887 -0.217250496 0.582269311 1.46617663 0.761808932
    1.28469491 1.22296727 0.616929829 1.06377757 1.49601841 -0.122575283
    0.964083076 -0.000572144985 0.0862681866 0.694696307 1.17730415
    -0.550287962 -0.294463664 -0.552453578 0.332074583 1.15672398
    1.05259585 0.585633397 -0.00796163082 1.40145588 1.15632939
    0.627899528 -0.454106033 1.35542727 0.737847626 1.09271359
    0.301824987 1.26535261 1.43446064 -0.0160450339 1.2978735 1.34564614
    0.615908504 -0.186835974 -0.25917846 -0.555362523 -0.197468817
    -0.264886349 -0.283443481 0.88419193 0.145566702 -0.138282806
    1.48997641 -0.469490111 1.58500814 0.185462117 0.108062863
    1.30340207 -0.233959049 0.414188683 1.61643589 0.509541154
    0.53648448 1.14271533 1.07302928 1.21847522 0.473133743 0.0175052285
    0.725592852 -0.496384919 0.67502737 1.48467112 1.15007591 1.29865932
    1.56639409 1.52650952 0.0270187259 1.25008988 1.65092111
    -0.609419346 -0.454026937 1.67763126 1.09328842 0.400033534
    -0.128130674 1.61878419 0.891874015 0.827249348 1.18719172
    0.571754515 -0.110748529 -0.603079855 -0.605179846 1.10808182
    1.13533449 -0.486600071 0.351013005 0.103291869 0.0343044996
    1.36705494 0.304988384 0.199380457 1.605474 0.136530459 1.30099225
    1.48928833 -0.213492334 0.00647294521 0.00987493992 1.09967685
    1.50320888 -0.377653152 1.26269579 1.41407108 -0.171058267
    1.30424833 0.510790825 1.51675689 0.642135739 0.570369661
    0.744577229 0.404036403 1.69184041 -0.396298528 -0.289518774
    1.17027664 1.23865497 0.517153144 0.050344646 -0.0735846162
    0.834379137 0.301213682 0.889534414 0.670033276 0.145407796
    1.55040514 0.0164845586 -0.0107189417 0.196391046 0.362389445
    -0.268566191 0.49369812 0.422894537 -0.164063126 0.439892232
    0.00466918945 0.696346045 0.715410829 -0.504696071 0.595359206
    -0.0986216664 -0.272093147 1.06383777 0.223284006 0.882573366
    0.826221287 0.396515548 1.48189962 1.11709189 0.0491369963
    1.49537897 0.782845974 1.16702366 1.21932864 -0.621905386 1.12766647
    1.22614241 1.3613435 1.2769165 0.473679066 1.16374016 0.338108182
    0.705592453 1.54394925 -0.179307699 1.33177149 1.31367826
    -0.225217879 -0.131572247 0.0568561554 1.16431689 -0.0278051496
    1.46186042 1.72585368 1.73791838 0.896014154 -0.324123561
    0.0874471664 -0.422614098 0.905756712 -0.0695008039 0.0767561793
    -0.396603197 -0.147825003 1.31784821 1.12762535 0.0632332563
    -0.0394510031 0.785155535 0.175793171 1.32341194 -0.268862337
    -0.271406054 -0.0389505625 1.54210615 0.620552242 0.826547325
    1.48824525 0.239866316 1.5934546 0.748477876 0.14363569 0.630705476
    0.455812633 1.02272129 1.21203518 0.489339054 0.726386487
    0.145557284 0.745665193 -0.220715642 1.4311198 1.06661737
    0.159447968 -0.655397296 1.47405291 -0.657160163 0.274663031
    0.391546607 1.07536697 1.57562661 1.45124292 -0.0563485622
    0.262364089 0.0165678263 0.722306132 0.16037935 0.416472912
    1.50695968 1.29413044 -0.443720013 -0.310746491 0.401914001
    -0.0718538165 0.0261270404 1.21027303 -0.179048896 0.0307246447
    0.859281957 0.391909659 1.1962142 -0.317878783 0.327669919
    -0.678514898 1.27180195 -0.260231167 1.42206669 0.420770943
    0.921512365 0.133079231 1.01307654 1.21876431 -0.24233979
    -0.0530723929 1.6427331 0.111067057 0.997127056 -0.408904374
    0.609282255 -0.422688305 -0.558606327 -0.474313408 -0.0991269946
    0.947435796 0.0925200582 0.11466074 0.0035571456 -0.346863657
    -0.313448936 -0.563785553 0.0431013703 -0.238305151 0.512625456
    0.826598763 -0.266673028 0.20745033 -0.384662807 -0.317383856
    -0.4216488 1.25938928 1.14147747 0.186907947 -0.0165136456
    0.930713534 -0.428643167 -0.174623042 -0.599656403 -0.193304807
    -0.311045617 0.668311238 -0.194662422 1.19475484 1.14913285
    0.530736744 0.849666357 0.719031572 0.952790678 1.33513594
    -0.483544409 0.885632813 -0.182614326 1.65552521 0.570824921
    1.02170658 0.295154095 0.31095463 -0.529350936 0.0215054154
    0.385659456 0.239384413 0.285469055 1.20473719 1.19109821
    -0.560173213 0.745910466 1.56489301 0.208024144 1.39629507
    -0.050852716 -0.0917434096 1.26409876 0.377411604 0.24070549
    -0.570775986 -0.0255573392 -0.270579904 1.41509247 -0.43393445
    1.16144562 0.314152956 -0.657636642 0.454193413 0.106745839
    -0.255310923 1.58889592 0.212833703 0.426831543 1.37538791
    1.35001469 1.30437446 0.291794538 0.278655648 1.05408144 0.204885125
    -0.327345222 -0.00807702541 0.5448578 -0.266499639 1.60930538
    -0.088255167 -0.351783961 0.528388977 0.99071008 1.6298461
    -0.594531834 1.39165187 0.673127532 0.166628003 1.30742347
    1.24774027 0.752626419 1.38177109 0.0358321667 0.810676813
    1.07590663 0.751187563 0.502749741 -0.0361641645 1.12728691
    -0.558315217 0.741482198 -0.185858071 1.37727845 1.35464144
    -0.619377255 1.08012271 -0.305911005 1.11488581 -0.422954708
    1.2862457 -0.205941409 0.729554653 0.192375362 -0.0302346349
    -0.307448149 0.44589138 -0.0300821066 1.67297876 1.54981709
    1.50010884 1.61827612 0.23855108 0.845558584 0.630380154 0.433215022
    0.637835503 0.676236272 0.368493974 1.47964382 1.09926355
    -0.346083522 0.270306528 -0.211514294 0.688081443 0.210253775
    -0.354134619 -0.537914932 0.528087378 -0.625072062 0.813938856
    1.55696726 0.232128799 0.047554493 0.961562932 -0.29271391
    0.337809503 0.768312335 0.130609572 0.897495806 -0.227038801
    1.3955121 0.780203938 -0.589312315 1.48405325 -0.26888603 1.02853549
    0.256203651 1.08795571 0.088778913 1.59771883 0.452644467 1.53671336
    -0.567547023 1.04235029 0.170087099 -0.399663389 0.617710412
    1.26088357 0.628400564 -0.145125389 0.358001351 -0.155259013
    -0.500764906 0.866655827 1.54271126 0.585355163 0.389029384
    0.621860623 -0.103131533 1.63359559 -0.466528296 -0.572483778
    -0.475893408 0.0568600893 1.59379339 1.16554785 0.34185195
    -0.508078694 0.876122773 1.51241577 -0.552494168 0.827741385
    0.32758826 0.352621973 -0.340434998 0.39631629 0.240978241
    1.27721119 -0.511921763 0.867966473 -0.503814936 -0.311507821
    1.27462983 0.677047968 1.36489809 0.919895768 -0.554099739
    0.181887507 0.965717793 -0.00294870138 -0.678574443 0.75671339
    0.120030701 0.780797601 0.529675663 1.18468118 0.043834269
    0.743965507 0.25744319 -0.4583866 -0.641884804 0.441463411
    0.56468004 -0.624703467 1.5244292 0.898671031 0.668799818 1.35550594
    0.896589935 -0.398292929 0.735722005 0.225871801 1.29214942
    -0.405281425 1.31034899 0.0823289752 1.16033149 1.08194768
    0.234157026 -0.595071137 0.119324028 0.669652998 -0.409693658
    1.45197546 -0.241131425 0.515539229 0.389055431 0.521812618
    0.745991588 -0.469428718 1.68304968 1.4333297 -0.304229259
    1.42131186 0.34261775 1.10655713 -0.0877153873 0.409579992
    0.906558037 1.47852612 0.708909094 1.08204222 0.16823256
    -0.171594739 0.683709621 -0.126954556 0.76410991 0.271148205
    -0.139710665 -0.35186106 1.26154232 1.08126473 0.897066951
    0.532270908 0.869080245 0.210042715 0.199835896 -0.170399457
    1.61810064 0.929963052 -0.584510028 0.169612944 0.22393173
    0.341688573 -0.266898245 1.66527534 0.0627679229 0.577720344
    -0.0774773359 0.574444771 1.2474674 -0.302269876 0.831618786
    0.188542128 -0.39733091 0.231218934 0.10322094 1.34323144
    0.822688401 0.887431026 0.998367131 -0.136130273 -0.0394275188
    1.11287475 1.24406767 0.436707735 -0.076926291 1.64222693
    -0.612010062 1.05205476 1.30294824 0.22818023 -0.344686538
    1.47810793 0.930622697 -0.12728554 1.35518026 1.50070429 0.69967252
    0.197055876 0.696999013 1.52254701 1.15940785 0.076761961 1.6487186
    -0.323837757 0.333193064 -0.592531562 -0.0227721334 0.486919522
    1.35936427 0.369024754 0.698892474 0.562568843 -0.225348204
    1.43658161 -0.273640811 1.07615113 -0.124126911 0.0597433448
    -0.0235958099 -0.390771508 1.06254458 -0.553583741 0.718193769
    -0.509975314 1.24411631 0.865958035 0.308614731 1.15671849
    0.612757564 -0.27576378 0.40570879 -0.558600426 -0.160163671
    0.0611497164 0.178915083 -0.03524369 0.388508916 1.25850534
    0.547971308 -0.190305293 0.89446795 -0.0230790377 -0.625513077
    1.46609306 1.57069111 0.857832432 0.682492316 -0.381346971
    -0.497381687 -0.349772483 0.303113282 0.344685018 0.931472063
    -0.282449454 1.37283134 0.270699382 0.132203162 0.25508821
    -0.16304031 -0.238137245 0.787439108 0.908979177 -0.339639336
    -0.00921106339 -0.341470063 1.17159355 -0.224474102 -0.480456233
    1.32555783 -0.520810306 1.41892028 -0.571637034 0.623803616
    0.99419409 -0.213821411 0.307172298 0.633253992 1.03307879
    0.672703087 1.54771721 1.42546797 1.20807457 -0.478320062
    -0.00395697355 1.33955956 0.56951201 0.773422301 0.212636292
    0.583795607 0.341041625 1.64435077 -0.133608013 1.29945183
    1.25450349 0.473676682 0.34482187 0.68738699 0.197746217 1.45358145
    0.663395405 0.331846058 1.71613836 1.27190399 -0.57634908
    -0.041061461 -0.267078638 0.284300983 1.06726694 0.714218259
    1.32612634 0.667277217 0.367056221 -0.144676298 1.55844629
    0.56348151 0.345512033 1.23895597 1.17862892 0.0552060604
    -0.660284042 0.50424701 1.20568943 1.6019156 0.243657291 0.742237926
    1.05914378 0.771827519 0.685142636 0.973240554 1.61645663
    -0.280042648 0.961574614 0.474263012 0.102255225 0.59173435
    1.3318541 0.192821205 0.869728446 0.697996259 -0.229813695
    0.859897733 1.06981516 1.25259328 0.0847546458 1.49039745
    0.219104409 1.53138483 0.116585374 -0.520465851 -0.413771242
    -0.156611085 0.413406193 0.565739393 -0.0286652446 -0.0645173192
    0.308497846 0.965928257 1.19189572 -0.391684979 1.39225495
    0.873879611 -0.0955223441 1.43406713 1.49068952 1.25605226
    -0.293934077 -0.400611758 1.37125993 1.47502613 1.03584051
    1.09225774 0.84780246 0.980266094 -0.454699337 0.463348746
    -0.371861815 -0.465457618 0.176229 0.981058598 0.155410111
    1.03133011 -0.291053861 1.09303212 0.127063394 -0.321367651
    -0.124222308 -0.563364625 0.394601047 0.0841277242 -0.415132612
    1.09638977 0.295645833 -0.185589641 0.465614617 0.639205277
    1.01911581 0.710927963 0.65571034 1.04209948 1.1726892 0.250259578
    0.382969201 1.66169024 0.548586845 0.380951107 -0.0554586649
    1.58457685 -0.385547608 0.043946445 -0.317913264 1.12018824
    0.794907928 0.474754572 -0.545931518 -0.240354836 1.25172055
    0.787856281 -0.144946605 0.28435415 1.46666074 0.989705443
    0.793753684 -0.250427216 0.799640119 -0.496563077 -0.643438995
    -0.508131027 -0.173929662 1.66364646 0.0884664059 1.27748919
    0.2170825 1.51592147 0.22666055 0.990090251 0.675393462 0.324960709
    1.51033866 1.2119844 0.996314466 -0.109659314 -0.426379144
    -0.0506409407 1.4038763 1.55412984 -0.125800192 0.156931341
    -0.446157187 0.413904309 -0.61907053 0.626873255 0.840683877
    -0.479790807 -0.0126771927 0.749916792 1.43926871 0.120230854
    0.782216012 -0.435411096 -0.208165497 0.626540899 -0.401477098
    -0.327479184 -0.444287717 -0.294532597 -0.464589417 0.177048862
    -0.635986328 1.19251442 -0.0586035848 1.13049841 0.692777395
    -0.11951679 -0.385156661 -0.512241423 -0.346789062 1.43975186
    0.358426392 -0.585681319 1.13705015 1.34305978 0.465111554
    0.69910109 -0.00736564398 0.749576867 -0.550794244 0.735342145
    -0.490975559 0.300343215 -0.341235191 0.253469646 1.27676296
    0.367381692 1.37098598 1.4147402 1.12064159 1.66013598 0.65568912
    1.18587792 1.10663128 -0.280783594 -0.261628151 0.356239438
    -0.357783586 0.147385716 -0.493461907 -0.612451613 0.932252407
    1.64957809 1.12413895 0.874194622 -0.534493506 -0.106167078
    -0.489680469 0.81772989 0.343236864 0.677598834 -0.39055115
    1.08992803 0.467354 0.793689489 -0.0272500515 -0.247608066
    -0.228513211 0.940674126 0.569044828 -0.239609301 -0.407051027
    -0.596449971 1.63470817 0.885693967 1.39562845 0.601578772
    -0.545300663 0.279450238 1.40029502 0.208662689 1.51435256
    -0.0714853406 0.228109002 1.38179874 0.133100331 -0.644527316
    0.771301031 0.672716975 1.32697058 0.992330074 1.11353421
    0.300371408 0.310096264 -0.00384116173 0.917067766 -0.131453693
    0.550488412 -0.0235592723 0.186322153 0.999397695 1.62308288
    0.641777933 0.36704725 0.185959101 0.210244298 -0.088896811
    0.961408436 1.70129633 1.81945491 1.32961655 0.477459401 1.14599919
    1.38611698 0.135562301 1.58565915 1.4301964 -0.0733749866
    -0.372922421 -0.0350163579 -0.00349187851 1.41792297 1.46174335
    1.31794131 1.47237885 1.61373401 0.2283957 1.02229238 0.684298873
    1.38983727 0.20253247 0.309690595 -0.139866054 0.404731154
    1.45512295 1.58808303 1.03265214 1.38366318 0.955563426 -0.244847298
    0.896449506 1.41439962 0.940151989 0.694041491 0.863079727
    1.39737535 1.34947681 0.0877005458 0.407819867 -0.0618110299
    1.05434155 -0.216355205 -0.219220459 0.385612965 0.544853568
    1.56635118 -0.249351978 0.0272660255 1.59535336 -0.263036489
    0.620267272 0.0539383888 0.413274646 1.45111001 0.256495476
    0.562421441 -0.514757395 1.17750657 -0.539696336 -0.0642850399
    1.20369172 -0.429822594 0.0163038373 1.22326875 0.531464934
    1.30380678 1.05928183 0.991777539 -0.456411958 1.16194189
    -0.20200187 1.65467572 -0.0131152868 0.118044198 0.444184721
    -0.218615651 0.959981322 0.115773082 0.497028589 0.152562618
    1.44538045 -0.206319898 1.56403911 0.719681978 0.754958153
    1.44206858 1.58084798 1.2106812 0.921412647 0.548841119 0.84590894
    0.722246528 -0.160144269 -0.44244498 -0.499371052 0.23078686
    0.827229321 -0.211147577 -0.550307274 1.3047111 0.0836145878
    0.502164245 0.265112817 0.282056749 1.24287629 -0.318922102
    0.351316929 0.188911378 -0.274085879 0.191230118 1.2097044
    -0.209151447 -0.582642317 0.817129016 -0.342544466 -0.455729574
    -0.627617598 0.0536758304 0.767057955 1.22327781 -0.33051911
    -0.587059796 -0.565846443 0.0472993851 0.530115306 0.188413978
    0.488978982 0.659174204 0.555928826 0.720631123 0.117234051
    -0.521350741 0.150997281 -0.579811454 -0.132177085 1.4511888
    1.36596322 1.26212668 1.34831119 0.39097029 0.140742719 1.04769838
    1.57143939 1.41443086 0.983656883 -0.452770084 0.373891592
    0.363534212 1.09723783 0.45031172 -0.096932888 0.229688883
    0.413425088 0.853483438 -0.174453735 0.442176163 0.337961018
    -0.150144041 -0.329107732 1.17354274 -0.25514555 0.758851349
    1.1788609 1.1501019 -0.562850952 0.14059335 0.59189266 -0.627491951
    0.976161897 1.35975969 -0.667200029 -0.490730166 0.336181402
    -0.14841336 0.453089952 0.744951308 0.513777494 0.861604214
    0.340963185 0.157825768 -0.555064976 -0.512344778 -0.27337873
    1.56890512 0.00258672237 -0.00654935837 -0.465352774 -0.0328558683
    0.0324438214 0.17760843 1.32009745 -0.273523122 0.907550097
    1.27736974 0.328907609 -0.327480674 0.486225843 0.237587452
    -0.106929541 0.750097156 1.59743428 0.0469087362 -0.377255559
    -0.152458906 0.223823249 0.183959603 1.0981251 1.37817407
    -0.514379323 0.798184633 0.044749558 0.281021893 -0.143132478
    0.993368268 1.60794687 1.20277143 -0.136742294 0.706792772
    1.52744937 0.943990409 -0.398744434 -0.362473667 -0.456200838
    -0.321754903 -0.142012239 -0.0886403918 0.281096458 1.32109654
    0.129787147 0.696539342 1.15780663 1.28553319 1.13076329 0.711838961
    0.229918242 0.631809711 0.299750924 1.02598977 -0.3052679
    -0.330928057 -0.480070323 -0.0508027077 0.823931754 0.69270879
    -0.210774153 0.363101661 1.47049594 1.64074612 0.530836165
    -0.178085268 1.01112962 1.31903112 0.778133273 0.90360409 1.28187966
    -0.227290913 1.87699318 0.984218717 1.72800493 1.21228158
    -0.0985281467 -0.579513609 0.980575323 -0.307812631 -0.244257629
    0.481187224 0.374465287 0.0214083791 1.54698181 -0.522862077
    0.42697072 -0.0938166976 1.55500674 0.732052445 1.14294386
    1.50521576 -0.384093225 1.06654453 -0.373914063 1.60285449
    1.45940721 1.46866536 1.08262622 0.600610316 1.44036758 -0.178019702
    0.179688454 0.650723577 1.29090643 0.101046979 1.45828128 1.19682062
    0.778219819 0.205893517 0.999208808 0.494840145 0.405386686
    0.693950176 1.1162591 1.63401926 1.2138294 1.46784854 0.312932909
    -0.413996279 0.037558198 0.308939278 0.12013185 -0.15936619
    0.0885407925 -0.630363107 0.754478335 0.447679222 1.14572144
    -0.316735893 1.52111936 1.47380757 1.56436825 -0.560982049
    -0.301105022 0.803267419 -0.404619038 1.2865994 0.259336293
    1.35917795 0.190541446 -0.409252763 -0.199172825 1.2908175
    0.290591776 -0.172175646 0.145311832 0.125788629 1.23770642
    0.630114853 -0.0894466043 1.02106357 1.2726022 -0.225914031
    1.03630829 1.37015462 0.928140819 0.36614877 0.435555995 1.17148626
    -0.411309987 0.537521005 -0.461558282 0.828843713 1.1139915
    1.31610346 0.0673630238 -0.152833104 0.232207835 0.930579066
    1.34061956 0.693921268 1.29690766 1.22304463 0.0964000821
    0.0299005508 0.862083733 -0.0453543663 -0.449894845 -0.40144068
    1.00086844 -0.215077221 0.488868594 0.313317358 1.24872589
    0.541794002 1.53747666 1.62239838 1.08709192 0.467593372 1.01958275
    0.433278501 0.601365209 1.69266713 1.09006739 -0.38277173
    0.376202941 0.9058007 -0.637317657 1.05834591 0.446202934
    -0.207321078 -0.508798361 -0.0416420102 0.717091918 0.875494182
    0.420389056 -0.178568393 0.712319732 0.933504105 1.53214121
    1.2536397 0.628441334 -0.157802224 -0.59978658 0.720871866
    0.920396745 -0.130659997 1.10023713 1.04486048 0.270124793
    0.662923574 -0.30683884 0.326679409 1.53499722 -0.280163378
    1.10519469 0.269584537 0.828229189 0.256710649 1.31455445 0.96452409
    1.18646431 1.52655244 -0.436338782 -0.180049777 0.115608096
    0.223447025 0.0653108954 0.99585098 0.794407248 0.297597647
    -0.44806546 0.0762985945 0.262218356 -0.612907946 0.379071593
    1.131809 -0.410677195 1.6548636 -0.32918328 0.296219707 0.369992614
    1.2718277 0.345817447 -0.0531341434 0.626422107 0.123743951
    1.12602568 0.759896815 0.76577884 1.35238981 0.762072861 1.49985433
    -0.346131146 1.62252903 0.124990225 -0.184476107 1.54213691
    0.906515002 0.446711421 -0.205390394 0.592033684 0.433750093
    0.186864734 0.199107766 -0.302433938 1.32291913 0.0310202241
    -0.107492805 -0.483765483 1.18966317 0.0768435597 0.141177297
    -0.246275812 0.695520341 1.26280808 0.775631905 -0.510629177
    -0.641240835 0.551739335 1.61843419 1.13349366 0.599917948
    0.158847034 -0.175101131 0.149893999 0.19403857 -0.631018102
    0.720611215 0.159101069 0.267312229 0.30327487 1.07844269 1.11028028
    1.55140233 0.180101395 1.07445443 -0.367515653 -0.0345782042
    0.811752617 0.535809219 0.0276270509 0.0171461105 0.190357506
    0.0314357281 0.424641609 -0.0471923947 0.631163239 -0.169871092
    -0.410107613 1.42133546 0.948751867 -0.372381866 1.42514014
    0.00771462917 0.325037122 0.996683359 1.7133255 0.290651679
    1.53110743 0.488381594 1.43388975 0.0402760506 0.394337833
    1.50709713 -0.320820034 1.61075735 1.39203644 0.312668145
    0.798648953 0.00580811501 -0.0258446932 -0.302868962 0.122855425
    0.716165662 0.649698853 0.254621089 1.57078433 1.09795976
    -0.300758332 0.00577288866 1.396456 -0.12249589 1.02189744
    1.01875782 0.423930347 -0.142843246 -0.483073294 0.313076019
    0.207830667 0.457484365 1.19189954 1.23090601 -0.503753901
    -0.461173654 1.61368144 0.327390492 0.70956707 0.902670503
    -0.593416572 -0.209050655 1.62397051 1.59203029 -0.422050834
    1.51317525 0.00564366579 -0.39747414 0.346650541 1.46437025
    1.38553548 -0.464272738 1.05909085 -0.396829307 0.965684533
    0.958225608 0.707588971 1.61543417 0.663999856 1.45073533
    -0.259631336 1.07921243 1.19228554 -0.238126189 0.00721216202
    -0.393128335 -0.0990138054 0.208700895 1.61272788 0.0237455368
    1.75830674 -0.530756593 -0.149149001 0.544578969 -0.376227111
    0.651006341 1.44290757 1.64358628 -0.16182363 0.120287836 1.31746173
    0.946633697 -0.386473596 -0.0704154968 -0.398372114 0.957849264
    0.368425071 -0.239790201 0.923789799 0.356477022 0.83377558
    0.783628285 -0.0787039399 0.909367979 -0.394854873 0.528245747
    1.43527627 0.420336366 1.61918867 -0.156096905 0.598477185
    -0.16529727 1.05052376 0.126557648 0.199966848 -0.303796202
    -0.0535533428 1.01622844 -0.432535172 -0.328726113 1.02227831
    0.439721584 1.55388832 0.455213845 -0.308074832 0.581106544
    1.00305748 -0.347034991 -0.13413614 -0.289246112 0.272941709
    0.34106493 -0.400374413 0.866351128 0.0786973834 1.67546785
    -0.54435277 0.104479194 1.02027678 0.903112411 0.00101333857
    0.973068595 -0.476335198 0.255306244 0.296560884 -0.338375449
    0.655301273 0.053955555 0.180072784 1.24061167 1.56976211
    0.469274461 -0.544017196 0.0988023281 1.00766134 -0.064437151
    -0.372310221 1.09334755 0.00492030382 1.41543746 0.339061499
    0.554698288 1.15225792 0.649263501 0.568374395 -0.335484952
    0.440327704 0.155746222 1.2174015 0.111010969 0.875693738 1.44172442
    1.04305851 0.580842435 -0.0157548785 0.274551392 0.755592823
    0.107893169 0.0982189775 0.114332914 0.978436828 1.19304204
    0.338702202 0.229179144 1.07427859 0.369692445 1.21381557
    0.836459041 1.53419483 0.429508209 0.833583355 0.825857401
    -0.359464854 -0.245997995 1.33585787 0.53067559 1.47128701
    1.17669141 1.50170445 1.54742718 1.21060419 -0.134468913 0.376785874
    -0.46754989 0.00088518858 -0.525003254 -0.349121213 0.883139133
    0.504565239 0.0831223726 0.767834067 1.28920388 -0.343603134
    -0.570618033 -0.52639699 0.99987781 0.346947014 0.257909536
    1.57028794 0.26276809 1.64597785 0.668905437 0.0217356086
    -0.64256376 0.391787887 0.239042222 1.38562894 0.839151204
    1.14037466 0.172761321 -0.214643121 -0.431168616 1.4564867
    0.352490246 -0.380427241 -0.404610932 0.312538862 0.43352735
    0.212148666 1.35972643 0.0786052942 0.513866186 -0.51158154
    -0.0598436594 0.371559918 -0.0605438352 -0.307490975 -0.620837152
    1.17610633 0.894256055 1.08519435 -0.520264983 0.475659728
    0.582402706 1.51263618 -0.276019752 1.56941664 0.14347589
    -0.251878858 -0.510607362 1.30080843 1.01555967 0.970401824
    1.23861325 -0.0868184566 1.50218832 -0.253746152 0.687247872
    1.11969101 1.40535831 -0.565284073 -0.117427647 -0.273286521
    0.536310375 -0.640768588 -0.580156744 0.340067446 1.43023181
    0.288885534 0.0934562683 0.0557771325 -0.261895269 0.0509326458
    0.187703729 0.343554914 -0.613035917 -0.598049581 0.672779083
    0.946347833 0.481803715 0.386065602 -0.389221758 0.720046997
    1.33142233 0.372903764 0.700479925 0.21087724 1.54969692 0.812422752
    -0.489961833 0.179179788 1.12274325 1.33620262 0.472447157
    0.0324196219 0.0212605596 1.20811176 1.29354823 0.429480016
    0.937401772 1.51323998 0.521197915 -0.608931899 0.539906025
    1.41178346 0.576061308 0.970071554 0.670868814 0.217524469
    1.36826992 1.31273377 0.144287586 0.435216784 -0.149347246
    -0.299050599 1.3512516 0.249257922 -0.358946323 0.623013437
    1.52488661 0.52674067 0.602527678 0.486097097 0.872931123 1.64039922
    -0.523721457 1.65639973 -0.457346529 0.125810146 0.256648719
    0.428774536 1.56723881 0.913199067 -0.0758047104 0.948231161
    0.665075958 1.27162361 0.0698984265 1.21453285 1.1095407
    -0.00241291523 0.422883511 0.696088016 -0.515575767 0.817146063
    0.393076122 0.154421329 -0.0845984817 -0.353500664 0.0416674018
    0.459266305 0.434530079 0.383771718 1.60745478 1.18267155
    0.153173804 0.0584668517 -0.196726024 0.208737075 -0.592518151
    1.51890421 -0.2937738 -0.356421292 1.66233563 0.597165942 1.38837981
    1.07866108 0.0636893511 0.672154248 0.895373762 -0.496851683
    0.296197236 0.221741855 1.2429657 -0.187646776 0.7096892 0.598286033
    -0.27127403 -0.39581573 0.824581265 0.736363888 -0.361692816
    1.17431772 0.184249103 1.09860134 0.559060812 0.0152903199
    0.434863687 -0.130782306 0.958957553 -0.466472328 0.32838881
    -0.466102898 0.901594162 0.0599121451 1.30411458 0.302319169
    1.25781035 -0.132039726 0.403117478 -0.260089189 0.694645703
    -0.572864771 0.0764235854 0.98233676 0.665077865 -0.0683933496
    1.34228706 0.685881376 -0.471476793 -0.199387103 1.43737531
    1.24362755 0.750745118 0.465322316 1.56568229 1.21985865 1.06590819
    -0.41976279 1.57680035 1.33322835 -0.374278545 1.66494107
    -0.328228712 1.56549978 -0.188484192 0.261231422 1.52041078
    -0.111694247 1.22632837 -0.295628309 0.0205566287 0.156569839
    0.29423511 0.688944519 -0.611127377 -0.166644692 -0.542423904
    -0.355908602 1.45465207 1.39815712 0.980352581 0.208660126
    0.611822963 0.471354842 -0.376739442 0.42329967 0.778505623
    1.07497096 0.716724634 0.859641612 1.66058218 1.32290506
    -0.214498639 0.470173478 1.46958864 -0.372839391 -0.143939227
    0.965093791 0.817890882 0.517350972 1.55707335 0.286146641
    0.10111481 1.33941031 -0.0489756465 1.03830886 -0.230382144
    0.696551383 -0.46994251 1.31748891 -0.0683737397 1.67131138
    -0.305540264 1.1725812 -0.393528253 -0.0477166176 0.276423693
    -0.370564699 0.589847445 0.571784496 1.04490805 0.622829258
    0.662786543 0.173071206 0.387099445 1.4004252 0.138665497 1.40460539
    1.03019381 0.200242102 -0.209518522 -0.108355105 -0.383161664
    1.00642204 0.768372118 1.53925562 0.0733145475 -0.620658875
    1.61946058 0.874700367 0.0475488305 1.01698399 0.156257212
    0.590361416 0.543846011 -0.519062281 0.46422708 1.26929581
    1.54325223 0.450075209 -0.29055202 1.52276039 0.270620018
    -0.0745123327 1.26831257 0.334083259 0.407725334 1.6377573
    1.37109184 -0.387171239 1.01354027 -0.563331723 0.364071608
    1.18690157 -0.385204077 -0.371297151 0.666115224 1.63695705
    -0.337751269 0.115912735 0.714642346 0.0297247767 -0.333493799
    0.397597969 1.05215383 0.503347695 0.487752855 0.897363603
    0.490093946 0.154133081 0.735828817 0.87475419 0.0122983456
    0.859096587 0.91951263 1.63654685 0.903392792 0.350331187
    0.925745845 1.33543885 1.31253529 1.0141623 1.11756706 0.888203323
    0.0403471589 0.555576026 0.757457733 -0.487360954 0.00215399265
    0.546662927 1.14946747 -0.424616873 0.82591778 -0.146633565
    0.963693559 0.0324819088 0.897779703 -0.200864553 1.12737095
    0.888323188 -0.403242916 0.44571197 -0.425603986 0.671206415
    1.59850478 0.157365322 -0.378410399 0.255069852 0.39437747
    1.33546376 0.980958641 -0.303854942 0.0926029086 1.30940461
    -0.423691958 0.70981276 -0.0484266281 0.383515179 -0.233338028
    1.30502248 -0.148644298 -0.596165359 0.57850039 -0.228647202
    0.92727536 0.0279231071 0.567385733 -0.445553929 0.868595541
    0.32063514 0.474488437 0.364489257 -0.452839255 0.944201052
    1.34537804 1.0413835 0.235389471 0.0389797688 1.02027059 0.712667763
    0.311096013 1.25569749 0.289735317 0.367655337 0.92787838 1.69309282
    -0.109104514 0.0998945236 0.0478198528 0.603493989 1.56340361
    -0.60239917 -0.310957164 1.36924756 1.05847788 0.0240510106
    1.60165823 0.857977867 -0.529629588 -0.0859225094 0.285563767
    1.36307693 0.350176692 -0.269527614 -0.135908872 0.511842728
    0.502793372 0.0330725312 0.537434518 -0.512938857 0.629200459
    1.57291961 0.576010883 0.385871768 -0.136727571 -0.228731304
    1.3036716 -0.158959568 0.49171567 0.63635999 0.279954076 0.370651782
    1.16789627 0.147863567 0.705226302 -0.473301619 -0.520901322
    0.824197471 1.1032114 0.202903271 -0.346931458 1.15751314
    -0.262247533 -0.450238287 1.26462722 1.43325877 1.52764392 1.2467401
    0.0139514804 1.49622405 -0.0868446827 0.867878199 0.313576639
    1.29664135 0.777113974 -0.320191503 0.49187696 0.641189098
    -0.355608761 0.693388522 1.43208981 -0.0379223824 -0.215771168
    1.51210678 1.5073005 1.69446182 0.558800936 1.27187419 -0.585516393
    0.923075497 0.446035922 1.19536233 1.27771878 0.0344787836
    0.383236706 0.286165237 0.624885976 0.0963230729 -0.654393792
    0.570258975 -0.23411721 1.15030658 -0.0301455855 1.31324148
    0.820048869 1.22306275 1.31693816 1.10004961 -0.403393984
    0.706663549 1.43432832 1.30976033 0.499608755 0.69368118 0.486749113
    1.16273832 0.692690372 1.5889585 -0.183396518 0.812663972 1.39717627
    0.623491883 0.0772535205 0.346652806 0.820304751 -0.0273762345
    0.458470285 1.57363856 0.588582516 0.935139239 1.35778403 1.07434726
    -0.188097328 1.14113426 -0.274531543 -0.438012272 0.0159253478
    0.189726889 1.32458091 -0.123747349 0.481195748 -0.159116447
    -0.57280755 -0.517913818 1.45835221 -0.571875095 1.41877604
    1.2488507 1.11775374 -0.63392669 1.62361574 1.1611495 -0.530912995
    1.47154295 0.404138803 0.850466728 -0.684356868 1.5713042
    0.226821899 0.329204917 1.18530846 0.855034649 1.42386484
    0.0922793746 1.47916055 0.778016448 -0.269176483 0.481775373
    -0.173421532 0.329479337 0.966656625 1.53541601 1.56483674
    0.921162367 1.514691 -0.507218122 -0.247210056 -0.0893055797
    0.916946292 1.16672087 1.33771539 1.10660577 -0.376064926 1.60099268
    0.0643665195 -0.43766731 -0.501887441 0.884759665 0.921908677
    0.289447546 -0.462577552 0.876194715 -0.353018373 0.633390427
    0.430225849 1.62744093 -0.381060272 -0.34940815 0.593120694
    0.618908048 -0.466185093 -0.0148160458 1.43356836 0.967212379
    -0.0324225426 0.669750094 -0.346172422 -0.64950496 0.464656174
    -0.370440841 0.236439407 -0.287103325 0.552179515 0.469024122
    0.639278471 0.781483114 -0.179879457 0.363627911 1.5388844
    1.31122518 -0.42881918 0.79563576 -0.443930626 0.0306274295
    0.301948428 1.24740553 1.65881956 0.325711846 -0.251417637
    -0.107979953 1.47618651 -0.492374718 -0.353626072 1.18848896
    -0.0787197351 1.64997756 0.211361349 0.626703143 0.231519103
    -0.504359603 1.64218032 -0.392374098 1.48112416 0.501187384
    0.162111402 1.02643466 0.734533608 0.653211474 0.829083264
    1.05104518 -0.312094092 0.737565935 0.958694875 -0.433600545
    1.55096841 1.14999533 0.164513648 0.979238153 1.54075789
    0.0102306008 0.371134579 1.65431666 0.639481008 0.958577275
    -0.327417135 0.873653114 0.0661878586 -0.576145768 1.11066866
    0.935791135 -0.312625647 0.206668139 0.565062106 -0.0895254314
    0.697842598 0.58306247 0.213596165 0.469360054 0.639573812
    0.594439626 -0.467146873 0.959572554 0.801935852 1.57138813
    -0.00943630934 -0.102858603 0.144275308 1.29558825 -0.585225582
    -0.382067293 0.65104723 0.629064202 1.40657735 1.54663384
    0.944214761 -0.550445735 1.20015419 1.11707544 1.2045598
    -0.628144503 -0.384500682 1.50015092 0.401199222 0.552951515
    0.720323265 0.507624447 0.983834743 0.206943989 1.59104514
    0.461057663 0.357649088 -0.480131596 -0.586580217 -0.27174899
    1.46128678 1.62584114 1.57498026 1.58987117 0.247836292 0.712415218
    0.137754679 1.03632998 -0.0868393183 0.582709491 -0.306938142
    0.33042264 0.368705988 -0.250671059 0.0392884016 1.117401 1.2761637
    -0.17375508 1.02209902 1.54076779 -0.225180358 -0.121417463
    -0.070776701 0.795011461 0.00438833237 0.984973431 0.943923116
    0.136037052 -0.301418185 -0.564250171 -0.448385775 0.195731878
    -0.276001304 0.580775559 -0.561047077 0.563047945 1.61772561
    -0.464842498 -0.0717079043 0.321864545 0.163749039 0.024123311
    1.58883476 -0.245222688 0.150871396 1.3401444 1.56464505
    -0.169579029 0.3749156 -0.307525307 0.237968266 0.841126621
    0.996127605 -0.064404726 -0.0681708455 0.805975556 -0.0351341367
    0.740891337 0.996028781 -0.355544627 0.451467872 1.64358211
    -0.116698682 0.713863909 0.526447177 1.08193946 -0.426011473
    -0.153621852 0.129180133 0.377572477 1.40572751 0.997418463
    1.37546504 -0.437177628 0.639796853 0.904158354 0.319468796
    -0.526287973 1.30253041 0.82689631 1.59517229 -0.390207589
    0.870172322 1.6259222 1.27850628 -0.213627934 -0.106536806
    0.894561112 1.64642382 -0.0804598927 0.842507958 -0.197128356
    1.02046907 1.41206682 0.38289988 0.0253714919 -0.228417367
    -0.258444875 -0.639479697 -0.649714053 0.661663055 1.04431129
    1.05629325 1.58199596 1.05943012 0.74062705 0.65437597 0.36362043
    0.440771133 1.23687899 0.710680485 -0.139330029 -0.360488564
    0.73083508 -0.0969312191 0.510235071 1.28256178 0.860978365
    1.41588855 -0.297082394 1.32398355 -0.240432799 0.398673892
    1.31379235 -0.584726036 1.0476954 0.695278108 1.47248864 -0.60442853
    1.62884879 1.07589388 0.452009499 0.658471584 0.405156493
    0.117459714 0.250894547 0.781762421 -0.524948239 0.732178986
    -0.302512705 -0.377700865 1.54377651 0.958085179 0.590772867
    0.653013408 -0.473168492 1.03122449 1.20592499 0.121053398
    0.741530955 0.403172493 -0.385868847 0.0813963413 0.811021805
    1.53354728 0.407653511 0.0208109021 0.597017825 1.13330245
    0.902060926 1.10753393 0.246549189 -0.409255862 0.768817961
    0.592435181 1.25689554 0.926630974 -0.139495432 0.251384199
    0.994104385 -0.556493163 0.933643639 1.23690188 -0.188577205
    0.750245333 -0.164459378 1.16236627 0.233390272 0.211115003
    0.010705471 0.119354308 -0.192557335 -0.421035469 0.048424542
    0.983391941 1.07444525 0.442950666 1.64478362 1.36442864 1.60818815
    -0.247447252 1.43510723 0.610933006 0.50910908 1.33024669
    0.505959392 0.673732221 1.25642824 1.37042046 1.26855993 1.38788021
    1.52135766 -0.663539052 1.61837232 0.197088599 1.18483639
    -0.306736916 0.471511483 0.807242155 1.50113881 1.09133053
    -0.606315255 1.37256932 1.24112213 0.476962388 0.504180074
    1.46310973 0.966295362 1.17674565 0.458814144 -0.378594249
    1.35401154 -0.374580532 0.419693947 0.266192615 -0.403096378
    0.0483351946 -0.341703534 1.66084552 0.57400012 0.168768406
    -0.280173302 0.714947939 1.45065355 1.4048996 0.00194215775
    -0.252319545 -0.501889408 -0.437774718 1.12627745 1.3974762
    1.63101447 -0.60616976 1.25746775 -0.499866426 -0.616466224
    0.457179964 0.605011344 0.980636597 -0.244935542 0.214889824
    0.82945317 -0.043415904 1.66344905 0.149372995 0.765181363
    -0.180888206 -0.284333825 -0.461939692 0.873570263 1.48300767
    -0.0395722985 -0.617618799 0.0819432735 -0.493688285 -0.0827354789
    -0.21767804 0.863696516 -0.507519007 1.37597466 1.63105357
    0.691920877 0.935407758 0.44604522 -0.110883176 0.000304698944
    0.618308783 -0.599211156 0.277685404 0.532485664 0.0111577511
    1.0350523 1.39694142 0.400477231 1.51979089 0.596763015 1.21251976
    0.236194372 0.233644366 0.493857443 0.992767751 1.47880459
    -0.327388287 1.03871119 0.337902904 -0.127658904 0.218691409
    0.30418849 -0.677672207 -0.336921364 0.841921329 1.36237299
    -0.541825771 1.51981115 -0.333778769 0.224716604 0.804973662
    0.53099525 0.731795728 1.24194336 1.11806941 0.647446215 0.363069773
    -0.188121587 0.154434502 1.33401704 1.35415959 0.268088937
    1.64803159 1.27351856 -0.237642139 0.661553919 -0.324391663
    0.971826136 -0.316002607 -0.141761839 1.1138097 1.52843547
    1.33103156 0.828294039 -0.401969939 -0.582017839 0.994202971
    0.138673663 0.170890927 -0.500900507 0.285030246 1.16800892
    0.228737116 0.515060842 -0.105788052 -0.463850617 1.04528177
    -0.195209086 0.573800147 1.04621243 -0.0401015878 0.300516605
    0.870826364 0.591822863 0.32392621 1.0709374 0.0498763919 1.09311342
    0.494629622 0.386497378 0.515173793 1.0844655 1.29958773
    -0.377256453 1.42170358 0.333384633 1.47981536 -0.240637138
    0.534869075 -0.374211937 0.229043663 0.544890463 -0.260053873
    -0.252315968 0.937692106 -0.231496394 0.814228535 1.18614721
    0.021247983 1.10095692 0.904469371 1.01682472 0.699138045
    0.121070325 0.20977354 0.437387705 1.20937634 1.13063645 1.09645152
    -0.185203463 -0.370392501 0.607463837 0.252037942 0.404347658
    0.915757477 0.350036919 1.59183812 0.82951051 0.291498899
    -0.478726804 0.936025262 0.0884970427 0.186804175 0.861262619
    0.932919741 0.0413424969 -0.228802592 1.49545479 1.48286712
    0.680814445 1.06821263 1.6287117 -0.606386423 1.21025324 0.153897047
    0.125239432 -0.0582568049 0.804374278 0.924395263 -0.556428075
    1.42959905 0.153834283 -0.262704939 1.39221525 -0.0203868151
    1.36965346 0.310231864 -0.0181238055 0.355235994 -0.163529098
    -0.299361378 1.25786066 0.9412117 -0.60007304 1.23965192 0.18799293
    1.22983265 0.558088422 1.06264138 1.45359635 0.406490803 0.837583065
    0.762768805 -0.0211597085 -0.136350334 0.165819168 -0.170780301
    -0.442646205 0.0136570334 -0.00892716646 0.819136918 0.907560349
    -0.294013947 -0.559269428 -0.60986203 -0.471163332 0.222373128
    -0.208693683 1.56493378 0.0547404885 1.1455617 0.852267563
    -0.447519958 -0.31537199 0.621345758 0.72900188 -0.270608664
    -0.0601055622 -0.0648198724 0.634139955 0.615666509 -0.430058122
    -0.278451174 0.330814838 -0.556488752 1.23454571 0.636841118
    -0.623251021 0.493024588 1.52057314 0.226930797 1.10658693
    -0.38518247 0.58455646 0.911650956 -0.0382809639 0.749685287
    0.876217723 -0.19445315 -0.0396940112 0.47760731 -0.461328864
    1.51170945 0.109098375 -0.504245222 1.1340661 -0.197656423
    1.44019985 -0.328081906 0.0524887443 0.489744604 1.45714045
    0.251093388 -0.0607034564 1.64858699 0.278543353 0.688004434
    1.60938597 1.26200068 0.781478226 1.46845317 1.24787235 1.42175794
    -0.0610506535 1.08339524 0.0365967155 0.751086831 0.774948716
    -0.313802987 1.5950675 0.815310836 0.659475923 0.220594168
    -0.185366422 -0.327507675 1.22913766 0.387188375 0.972530961
    1.3296721 0.105368912 0.593605042 0.856436253 0.391962469
    -0.0296246409 0.958912313 0.309069216 -0.0940106511 1.66851854
    0.811185777 0.158266783 -0.54439503 1.44037437 0.0369156599
    -0.555566788 0.482184231 -0.507989228 0.731099308 -0.628602743
    0.512147844 1.23674321 -0.617979884 1.45293081 -0.439870477
    -0.215578109 0.169160664 0.58193779 1.65650749 1.46214008
    -0.364133567 0.0558438897 -0.135600448 1.51170826 1.59295869
    1.29754448 -0.420572102 0.564734757 0.344568551 1.00111461
    0.970796764 0.773402035 0.358466148 -0.439898729 -0.55943805
    0.713903785 1.19551802 0.324752092 -0.0131792426 0.521196663
    0.638319492 0.13284725 0.99797678 1.48906398 0.714270413 0.59332329
    0.749119163 1.60242963 1.18799114 0.291101933 0.074832499
    0.0742549896 1.12252653 1.47723699 -0.201146632 0.365581274
    0.175555408 1.49667239 0.0194188356 0.393423855 0.538146198
    0.435525537 -0.549262822 0.497229636 -0.539787948 1.31072378
    1.22688401 0.458898962 0.890339553 1.03151131 1.14006877 1.02494621
    -0.582480311 0.0151051283 1.20666265 1.30390263 -0.48715809
    0.12335974 -0.502976358 1.32120156 0.577246726 1.63987827
    0.960174263 0.608830154 1.35932243 -0.195054263 0.48531881
    0.369348228 1.21382642 1.61342025 -0.113357753 -0.202710569
    0.958404958 0.183087051 1.39467931 -0.286068052 0.281514883
    -0.540900171 -0.598807633 0.157075822 0.565240026 0.0249168277
    -0.172314465 0.225722611 1.01467323 0.886263788 -0.589089513
    0.535359442 -0.156948894 0.137518048 0.222877264 0.29335022
    0.484379709 0.782232463 0.358557224 0.493658781 0.597190559
    -0.632696331 0.103663206 -0.585048854 0.10680151 0.712617338
    0.850805223 -0.0594592094 -0.571302831 -0.334648013 -0.22393617
    -0.428073913 0.884668708 0.832609057 -0.190607965 1.00440311
    0.49546349 -0.587911308 0.336263299 0.889583409 0.908417165
    0.173822701 -0.421085149 0.901410937 1.07077193 -0.537995338
    0.0448995829 0.307673037 -0.332494736 0.0674075484 0.325456381
    0.683453441 0.727739871 0.18481791 1.2218039 1.50542879
    -0.0128061175 -0.252177835 -0.445603251 1.0609777 0.404607415
    -0.235389709 -0.270140171 -0.276476026 0.795069098 0.755225718
    1.60570168 0.301869988 -0.31628561 0.827487051 0.47596097
    -0.0482759476 0.151647627 1.0934298 -0.534426212 -0.524192452
    -0.613987207 0.0227490067 1.40905654 1.45612276 0.478874028
    0.481443644 1.44691443 1.56815958 0.0779848695 0.194899142
    1.33612871 0.439149261 -0.252374917 -0.113394082 0.345160186
    -0.146030664 1.15388346 -0.217367768 -0.524747372 0.552886367
    0.0542803407 1.63750899 1.40160012 1.55722475 0.718654573
    0.0877191424 -0.365512192 0.266359389 0.707907617 -0.357488215
    1.35675597 0.801765084 -0.489523649 0.195809543 1.57226539
    -0.394217193 1.64203501 0.871009529 0.407295525 -0.251731932
    1.20156574 1.24557233 0.68716687 0.560995162 0.812677085 0.57612741
    0.370329797 0.440042436 0.800912559 1.42960203 0.428193152
    1.33405066 1.46057963 0.391802669 0.896923006 1.34525001
    -0.0263717771 1.01093566 -0.509888113 0.518240273 1.43687177
    1.13541186 -0.377252877 0.123912871 0.53388083 0.228914559
    -0.412861705 1.2337234 -0.126756191 0.408163011 0.823588133
    0.29780823 0.587622941 1.16278255 0.35525167 0.368982315 0.660370767
    0.0131911635 1.25179863 -0.483803749 0.327471316 0.816457033
    -0.0898132324 -0.507275581 -0.0880932212 -0.513573349 1.4711163
    1.36276555 0.769594848 1.4968667 0.559421003 1.33896792 0.753705025
    0.458838999 0.8487432 1.57423139 0.753861487 -0.286744893
    0.484633923 1.48317206 0.648488641 0.916453719 1.22465777
    -0.305824041 -0.565473437 0.477041066 -0.510716319 0.499846876
    1.42184329 0.539361179 0.229220927 0.0588936806 -0.456911653
    0.325457811 1.21054149 -0.399925292 0.979306698 0.13224262
    0.283782542 0.0949066281 0.0500788689 0.268266439 -0.0266299844
    0.456353068 -0.62114495 0.714121342 0.610328734 0.470435262
    1.61468029 0.649588108 1.04940248 -0.177810729 -0.498133898
    0.592125177 0.785882831 0.653843343 0.592299104 0.889936447
    -0.257750332 0.21018517 0.439722061 1.13250375 0.809600115
    0.741793096 0.105881214 0.729526222 0.673192978 0.554584622
    0.517873406 0.613811612 1.39067864 -0.511767864 1.5921061 1.54514813
    0.227832258 1.13471794 1.01960063 -0.641874194 -0.147424936
    1.32657695 0.0452067256 1.45592511 -0.541172504 1.56030047
    1.61750567 -0.446510673 1.70112205 1.00275862 -0.336458683
    1.80401826 1.39531648 0.503205299 1.32860339 0.164505243 0.292336881
    0.816596031 0.436212718 -0.0923088789 -0.321137398 -0.427560508
    1.21969366 0.724704444 0.521558285 0.637082458 -0.171166837
    -0.323152184 0.760621607 0.322673261 1.09253454 1.45004022
    0.00282692909 0.0112571716 1.30622578 1.26028347 1.35791802
    0.632070303 0.803159833 -0.284154236 0.143090725 0.597534359
    1.63500118 -0.434613079 -0.312283516 0.465519011 0.993463635
    1.37402511 0.697653294 1.36861467 -0.506272912 -0.422832042
    -0.200480759 1.60494161 1.53894961 0.408518374 1.11683822 1.54933834
    0.647193611 0.997470379 0.530494869 0.00275027752 1.47989357
    -0.652810276 0.0528413653 0.81792742 0.304308414 -0.261841744
    1.28369558 0.655994773 -0.600881398 1.11866975 1.30332851 0.18049407
    0.204957306 1.44749165 -0.103020728 -0.482929587 0.78020817
    0.595347166 0.572862566 0.814892709 1.44771171 -0.359868377
    -0.381189346 0.113761842 0.329839647 -0.622221291 1.22861671
    -0.478229254 -0.0116645098 0.0474793315 -0.546455324 -0.32490629
    0.424027801 0.0801569819 1.07176447 1.31989098 0.220819533
    0.00558906794 0.665601313 1.47146487 -0.567758739 0.9095788
    0.318797767 -0.666869819 1.33808875 0.982657492 0.819374382
    -0.516465962 1.45715439 0.0270658731 1.22014749 1.70362306
    -0.00253725052 1.52899313 -0.457970977 -0.631512225 0.997837484
    1.21916604 0.969532609 1.48973501 -0.00820350647 0.365234256
    1.4795959 1.39991689 0.748968244 0.310614288 0.697736859 1.51756167
    0.838597059 0.203539789 1.11131752 0.52138716 0.716338515
    0.0512083173 0.952450037 0.523788869 1.21253967 0.693733573
    1.27276969 -0.463112414 1.04256797 0.702896953 0.966627896
    0.753016651 -0.413062423 0.736023188 0.0290247798 0.928391695
    -0.381300926 0.945582807 0.688576937 0.860419154 0.0335693359
    1.11897254 -0.384863943 -0.291381001 1.13323975 0.429688096
    0.241628051 0.403874874 0.463913858 0.125972509 0.763368368
    0.0224524736 -0.387042612 -0.18793577 0.118167222 0.117486
    -0.0752813816 1.39307523 0.478604674 0.584768414 0.107919514
    0.795019805 1.58289242 1.04496026 1.07625282 -0.150765449
    -0.111684799 1.27758634 -0.248751253 1.15881586 0.456018865
    -0.540901005 0.425233901 0.0910614729 0.241617084 1.15560591
    1.17167974 1.44264913 1.36759448 1.06346154 0.951815367 0.331448913
    1.00150633 1.38481116 0.803221881 1.24668503 0.115847886
    -0.513070643 -0.11405623 -0.658994615 0.197630525 0.652404845
    0.101216495 -0.0684899092 1.11111474 1.09459472 -0.152106345
    0.468459785 0.644200325 1.14230824 0.988616705 -0.20828703
    -0.303401142 0.37256974 -0.427266598 0.0737615228 -0.365400612
    0.393751681 -0.599041045 1.08590698 -0.319088608 0.837875068
    1.18351817 0.471547067 0.153102756 0.485450864 -0.317568243
    0.849735558 -0.657085776 0.253697813 0.843278229 1.26150954
    0.892380297 1.03201485 1.23169279 0.216617763 -0.42183283
    -0.392088443 1.42966914 -0.053352356 0.086365819 -0.589170754
    0.623052478 1.23772979 -0.350662678 1.03011703 1.04332507
    0.477392972 0.811759472 1.318802 1.22239041 0.353609264 1.17651117
    0.818172038 0.37220782 -0.384232581 0.0283468366 1.56696844
    1.31246328 -0.25115329 0.216308415 -0.108742476 1.07898545
    0.177501291 -0.160849571 1.82404923 0.773813188 -0.0789179802
    -0.268052548 0.605545521 1.30393827 -0.56520927 0.90017271
    0.00326687098 1.2575891 0.0404185653 -0.174542457 -0.148048043
    0.192404091 1.41982901 0.747439027 0.663574576 -0.34779802
    -0.182415307 -0.26364392 0.031337738 -0.477358073 0.123881161
    1.21914589 0.0079318881 0.497100949 0.865382671 -0.339429617
    -0.200414985 0.415279806 1.62420917 -0.0200468302 0.496096969
    1.33701491 0.692254126 1.65726447 0.945624053 0.0162703991
    0.215166807 1.27715433 1.21870601 -0.0653663278 1.24443364
    -0.446673393 -0.0967262983 -0.545333505 -0.323462039 0.655736089
    -0.516298413 1.07402396 1.48900056 1.35511351 0.268344343 1.01663601
    1.55231559 -0.207172483 0.283340573 1.62673998 0.639261901
    -0.245004445 1.13914061 -0.313878357 1.25412405 0.526049256
    0.0608977675 1.24331915 -0.299035132 0.879435718 1.20302582
    1.02303123 -0.0229077935 -0.516164362 1.48226345 1.58497572
    0.321244717 1.38266611 0.628316641 0.0656144619 0.584626436
    1.35666919 0.360548556 0.0989331007 -0.602844715 0.300323904
    0.683346391 1.46732259 0.623841941 -0.499250829 1.15038478
    0.91217339 -0.637558162 0.601961613 0.173149049 1.22778213
    -0.536668301 -0.068428278 -0.269150466 -0.160291821 -0.488812625
    1.51261878 1.23675096 -0.122750729 -0.0109120011 1.0856607
    -0.0703961849 0.0197958946 1.10040677 1.05521345 -0.199848652
    0.0854078531 -0.475125581 0.161833704 1.39813554 0.258523047
    1.65865588 -0.488443613 -0.268113077 1.00378513 0.72646302
    -0.37827754 1.13979483 1.19486213 1.02083135 0.667914569
    -0.0088121295 1.51961207 0.132804871 1.22379923 1.53332782
    0.0522199273 1.02063274 1.00855899 0.0215323567 -0.565722167
    1.24100089 -0.000239431858 0.761909783 1.32093692 -0.35808 1.4298538
    0.00332868099 -0.0208189487 0.276100338 -0.0646891594 1.35636187
    1.00840735 -0.517466843 1.26824427 -0.272459239 -0.373171508
    0.993803859 1.04814196 -0.548736513 1.20914996 0.121003032
    0.199652255 -0.0392805934 0.881311655 -0.588117063 -0.588799357
    -0.542100847 -0.0467824936 1.12450445 1.27001178 -0.347046405
    1.53915906 0.451114595 1.51259279 -0.611835361 -0.347578466
    -0.363335162 0.389501274 1.38597739 -0.479919255 -0.173204333
    -0.531307936 -0.020004034 0.12186867 1.05426598 0.0378115773
    -0.470084578 0.73855418 0.575547934 0.497756302 0.0433419943
    -0.589054763 -0.5217852 0.549697876 -0.0863037109 0.647768676
    0.32270211 1.51651442 1.14444351 0.122981369 1.30254292 -0.262619525
    1.56298935 1.45322967 0.889550209 0.453608513 -0.250984907
    -0.638814688 -0.229853183 -0.0920027494 1.1875875 0.919552565
    1.36544859 0.940226138 0.512716293 0.521552444 1.01068544
    -0.615418315 0.607349753 0.537780941 1.4196645 -0.370335579
    -0.162366867 1.11019754 1.4478004 -0.618934095 0.793620884
    1.52347755 0.038772583 1.66638529 0.378723383 1.55847931 0.923841298
    1.64861679 -0.596721768 1.45373809 0.422311127 -0.346850932
    1.11210203 0.412538648 -0.375826895 -0.202634662 1.11314631
    0.802942991 1.41788936 -0.150646091 0.564605653 0.645118177
    -0.596636057 -0.126647651 0.226182044 1.34836113 0.524517834
    -0.338933378 -0.11988622 0.970218897 1.05521047 1.53507638
    0.56886375 -0.393274367 0.214568645 1.2902174 0.582393885
    0.933203936 0.823743701 1.23322022 0.249044657 1.3989892
    -0.458263576 1.07221603 -0.0971166492 0.448919892 0.395282865
    0.51900816 0.341135621 -0.271090358 0.821079254 1.32083452
    1.00930476 0.626914024 0.495724201 0.336424649 0.0530851483
    1.55853498 0.00771981478 0.650033474 0.951157987 -0.36985901
    1.33612525 1.38797188 0.853185892 0.625784099 0.565596163
    -0.374585629 0.424053431 1.483078 0.61455214 0.530836761 1.02320361
    -0.174954414 0.915916383 0.151053548 -0.502841413 1.04394972
    1.22053099 1.21552277 -0.307918608 0.329624951 0.469706237
    1.60196662 0.300042868 0.299515486 1.34772325 1.64730716 1.28064299
    -0.226584673 -0.338336498 0.0825372338 0.0292879939 1.14259148
    0.888327718 0.160466373 0.51493454 0.0330629945 -0.00658112764
    0.279735386 0.577785492 0.0436018109 -0.114319801 1.40135384
    0.822993755 -0.202945381 1.39091158 0.885294616 -0.477645069
    1.2759788 -0.409512192 1.50347412 -0.456014484 -0.695772946
    0.711811543 1.49110746 0.980014741 0.398460805 1.31256628
    0.517329395 1.33216774 1.05537713 1.48081374 -0.0762407184
    1.48506308 -0.221530437 0.908536673 0.620435596 1.13772357
    -0.165878713 0.576049387 -0.529258311 0.122901499 -0.449700862
    0.379317224 -0.164652199 1.02733254 1.62452781 0.267456651
    1.05017602 1.17437637 -0.508105338 1.20865393 -0.541988015
    -0.147920281 0.321102798 0.818624496 0.681910694 -0.527609766
    1.38730335 -0.0102145076 0.707750857 1.62204862 0.162901461
    -0.181267709 0.429698527 -0.594566047 -0.561022997 -0.326967686
    1.15048742 0.114076853 -0.547915339 -0.522511363 1.69124699
    -0.396909297 -0.514284372 0.407774985 -0.58313328 0.908120811
    0.377336562 -0.624855399 0.885971129 1.5296216 0.33783108
    0.446225345 -0.11752522 -0.376364589 -0.00135558844 0.479418814
    0.728928208 1.67148423 0.874181449 -0.300712585 -0.280488104
    1.10437834 1.59336734 1.03896618 0.573876262 -0.338989288
    0.882655323 0.660872221 1.44564104 -0.0210135579 0.546376407
    1.15038085 -0.183762699 0.156356335 -0.174022973 0.337397575
    1.56969166 -0.601256669 0.691785753 0.449290633 -0.132155895
    1.2632103 -0.608355224 0.61188817 1.19380379 1.22468567 1.39491653
    1.1370101 -0.611101151 0.116118431 1.1508168 -0.644633651
    0.469873011 0.579607308 1.06088734 1.04106951 0.0285714865
    1.50439477 1.4321959 0.687127292 0.873126328 1.32235456 0.120008528
    -0.382945836 0.539105892 1.2997514 1.07808053 1.14519024
    -0.158170342 0.936605036 0.613013029 1.2713356 0.780059397
    0.553840101 1.45313144 -0.0227611661 -0.597443759 1.15931439
    1.46138096 0.585807621 1.4152081 -0.281311482 0.296270132
    -0.165663242 0.40675205 -0.375962168 0.364054978 0.236895442
    -0.558053374 1.05265474 1.03601575 -0.223626196 -0.378634453
    0.850635469 -0.250439793 1.21727479 -0.555118024 1.20710588
    0.426750898 0.366756141 1.63411951 1.48930919 1.26394379
    -0.267117858 1.19965041 0.872653484 -0.432677686 -0.543688655
    0.155624211 -0.461446702 0.433041394 0.550668716 1.00821924
    1.27756786 1.45595586 1.62502789 1.1295042 0.23708874 -0.550848842
    1.26256514 0.387722075 -0.497411966 0.190282822 1.716326 1.00768661
    0.335056126 0.0182010531 1.4417907 -0.178712025 1.30516458
    0.528944254 -0.231758595 -0.383731544 1.11649489 1.1816082
    0.286152422 -0.0747277141 0.566246808 1.10152602 0.580827594
    1.19403601 0.928128362 -0.252418011 0.120257854 -0.157891423
    -0.38321203 0.0252612233 -0.159323394 0.181002617 0.482017577
    0.8163867 0.531345606 -0.0112136602 0.948209822 0.249960423
    0.79557699 0.276188314 1.5904665 -0.0305238366 0.536235452 1.2785666
    -0.536142111 -0.00788617134 -0.468669266 0.168808103 0.127807379
    -0.662799656 1.50914717 1.139153 1.61829305 0.424833 1.5980885
    0.82664758 0.703264654 1.16845322 0.148456216 1.59745061 1.35169101
    0.841972291 0.437594831 -0.505779147 1.63508272 1.67215192
    0.0330662727 0.75134176 1.32439339 1.05938959 -0.149695486
    0.146416903 0.133543789 -0.134628326 1.70249057 1.34182119
    1.18102837 0.705124736 1.58384502 -0.00259399414 0.82025212
    0.369273901 -0.594969988 0.0487728715 0.670591116 1.60487676
    1.51935267 -0.04313308 -0.476920307 1.22182655 0.62573117 1.53150344
    0.446720958 0.577421725 1.62390399 0.573938072 1.15347087
    0.0530756116 1.36596358 1.14309239 1.39911056 1.16598892 0.708018482
    0.266907096 1.03786993 0.745111108 0.919136405 1.66826677 1.4245882
    0.144658208 1.16239476 1.12142944 1.43816829 1.51743531 0.617710769
    0.181809187 -0.0414892435 -0.274218231 1.21995652 0.245469511
    0.748875022 0.787158489 1.57360196 0.216204703 0.415612161
    -0.00462675095 1.2240901 -0.0313650966 1.39175916 0.109379828
    1.36533284 -0.323842973 1.63247848 -0.360242665 0.656773388
    0.9205181 -0.550173998 -0.285340697 1.25906944 0.646514237
    1.68014693 0.147152603 0.926066637 -0.645105541 -0.528591096
    0.571310222 0.884914994 0.999207437 0.760496795 -0.561213315
    -0.206695914 0.726436555 1.36820531 -0.566418171 0.97117579
    1.05034781 1.10067654 1.09386182 1.29678774 0.533828735 1.58456206
    0.193715096 0.831587732 -0.142378032 1.52753973 0.581177354
    -0.665617824 0.277773142 1.22268987 -0.414472908 0.56553477
    1.60145783 0.152501047 1.61627126 -0.672018409 -0.364595413
    -0.486058474 0.532691419 0.0811133385 1.62205613 1.31686664
    -0.243207872 1.3992548 1.51323307 -0.276010394 1.25495768
    0.405892611 -0.209433347 1.24158955 0.0252508521 1.26623952
    0.726158917 -0.353522569 0.459412456 0.588996887 0.794958413
    -0.374413639 0.969439149 0.509141684 -0.32027024 1.36369181
    1.57009363 0.88252753 0.281072378 0.958405018 0.422700465
    0.182489872 0.632054448 -0.458322018 -0.637183547 0.968142807
    -0.44378227 1.00509024 1.0482471 0.166069865 1.04120779 -0.103995681
    -0.0929713249 0.199599564 1.1315155 1.58504653 -0.192641795
    0.492515326 0.456241012 0.726250827 1.33095598 1.10291731 1.10966682
    -0.0258695483 0.373429596 0.700325966 1.00161886 -0.153419107
    -0.63153404 0.42026484 1.08919764 -0.181025892 0.957337558
    0.345114648 0.104251385 0.771982312 0.629989982 1.4128809 1.63725829
    0.189388931 0.739693522 -0.417527139 0.390167892 -0.131822467
    0.324295282 0.717656672 0.620314658 0.802849412 1.61264169
    -0.111302078 1.09022713 1.6199187 -0.0945865512 -0.689845562
    0.363214254 -0.262976319 0.443920076 -0.108780861 0.0983537436
    0.902429283 0.0619152784 1.68550289 1.44964051 0.5557096 1.48980641
    1.41299701 1.67731237 -0.520671427 -0.132695079 0.169617474
    -0.135516346 0.754118741 0.245772481 1.25984645 1.45307374
    0.788535774 -0.00157761574 -0.50029093 1.19143772 1.15772319
    0.730577886 -0.28411442 1.51998305 0.576306283 0.0980344415
    1.30014873 -0.218148559 1.14087987 -0.581504822 -0.627782643
    1.50404668 -0.522454619 -0.137600303 0.851867557 0.979936242
    0.874815822 0.206699193 0.128737211 1.04858685 0.689946115
    0.0528636575 0.237026393 0.41712755 0.314594567 0.787606478
    -0.211812228 -0.441966712 -0.664341331 -0.643005013 0.0353484154
    1.63840544 1.05301189 -0.223008573 1.19461727 0.654358149 1.200459
    1.45799863 -0.313950837 -0.26039654 1.52005327 -0.0392515659
    -0.278329581 1.32707763 -0.527655244 -0.411320627 -0.556191623
    0.152031004 0.73834461 -0.274274439 0.511604846 -0.420767695
    0.372865915 -0.18176958 0.754129112 0.9333269 1.21937859 1.16650164
    0.688869476 -0.137418747 0.868891835 1.46513009 0.177251697
    1.55136251 -0.511313319 1.17771411 -0.341362536 -0.492731154
    0.604533195 -0.396649361 -0.224911273 -0.350222707 0.0952293873
    1.37585306 0.613061905 -0.533112168 1.29895687 -0.247882009
    -0.0606872439 0.0153104067 0.611081839 -0.190720946 -0.406185865
    -0.117148459 -0.281161368 -0.216862947 1.42967033 -0.0711581707
    0.395732522 0.0727491379 -0.613372862 0.104954302 -0.423390329
    -0.249719709 -0.276080042 0.144597948 0.110810518 1.52989602
    -0.34708491 -0.106959164 1.64069295 1.69611895 1.00002348
    -0.0994051099 1.2091825 0.352120697 -0.205722094 0.169054627
    -0.110973954 -0.381660938 0.0025447607 -0.175394684 -0.188914001
    0.0351064205 -0.0682859421 1.6556325 0.330691934 1.02240539
    0.170849442 -0.191213191 0.816517174 1.26303101 -0.431147873
    -0.0597473979 0.774640799 0.248606205 -0.151173919 1.14795232
    0.376705647 -0.198407471 -0.234810174 -0.0560088754 1.03428268
    -0.0857514739 1.57103717 1.04934692 0.44081533 0.753193557
    1.09949625 -0.551327944 0.254273653 -0.105334044 0.408345938
    1.19167542 0.146684051 -0.178231776 -0.580355167 1.21676421
    0.472737432 0.221166193 0.117838383 1.48941708 -0.280194044
    -0.0797570944 0.474129915 0.694524348 0.428485274 1.06556106
    0.577951729 -0.0870385766 0.679029942 -0.00314557552 0.860399127
    0.402674615 -0.258626759 -0.000931203365 0.627124488 1.40363729
    0.0366073251 0.549035072 0.710283279 0.278809249 0.37088728
    -0.36587885 -0.246883512 0.74492228 1.64191997 -0.570736885
    1.3483597 1.63506866 0.405124485 -0.134045959 1.24884939 1.27281785
    0.425986707 0.462490022 0.207609057 0.0870540738 0.574567974
    0.184287429 0.773564219 1.00833583 0.482868731 1.57573187
    -0.41064769 0.423947215 0.276767254 -0.588388026 1.66744447
    0.36894387 0.180776417 0.33918184 0.0821805596 0.378599048
    0.0608633757 -0.359895796 0.90806967 -0.516948044 1.5768652
    1.24434555 1.54225552 -0.430523932 0.360371649 0.268849313
    -0.151666462 0.492483139 -0.267425954 0.871618092 -0.37628302
    0.340903282 0.578493297 -0.19622919 1.63010824 0.539480925
    -0.350717098 1.03391147 1.08095002 0.372937858 1.4873867
    -0.0211189389 -0.605694413 0.584298432 0.892407715 -0.647190273
    -0.171239525 0.449251413 1.30911636 1.32110596 -0.0336093605
    1.48243606 1.73327804 -0.0209673345 -0.0816093981 0.201111376
    -0.00874614716 -0.451579213 0.932335556 0.92455256 1.60780811
    0.804170728 1.07018614 1.11392689 0.761154532 0.0955261588
    1.25797915 1.08925247 1.28620291 1.1417613 -0.288789272 0.748311222
    1.04943609 1.40649009 0.530365705 0.65185833 0.944165289 0.717629611
    1.08422279 0.131748378 1.47551644 1.13905525 -0.240819424
    -0.647819936 0.724701762 1.15701723 1.57353258 -0.491719216
    0.390748024 -0.0418351293 0.0952054858 0.159497023 1.28436661
    0.448580325 -0.225350946 1.08663034 0.00739735365 0.482532918
    -0.198637962 -0.381601095 0.217451155 -0.274454862 -0.600521266
    0.467920303 1.51271605 -0.605704963 1.21161318 1.06406951 1.50976276
    -0.290464759 -0.514863133 1.0548948 0.209662259 -0.585977495
    1.08927035 1.43995094 -0.290219903 1.15913796 1.70698738 0.406623185
    0.193655431 1.02799094 0.799100161 -0.225277364 0.941359639
    1.25482488 1.30155063 -0.207985759 -0.232413024 0.766248226
    0.910528123 0.812624216 0.567360699 0.821328163 -0.00222212076
    -0.130447149 1.25980294 1.28522253 -0.146508336 1.28582859
    1.20105505 1.31188011 -0.0952328444 1.17463303 1.48795903
    -0.162665069 -0.494578481 1.10261464 0.976554275 0.246877015
    -0.331186563 -0.155628383 -0.3672463 0.897598326 -0.361696035
    1.30044198 0.194247425 1.34457564 -0.202332079 0.0221077204
    1.49698496 0.0412637591 0.686019599 -0.194236696 1.42670441
    -0.115985036 -0.16770786 0.277012229 0.0782144666 1.16690278
    -0.496790946 0.692416608 0.402847946 -0.437842071 0.0410368443
    0.586131275 0.355387866 0.533226669 -0.258975029 0. 0.89214015
    0.765245438 -0.387589067 1.02490592 -0.119026363 -0.446011782
    -0.0768995285 0.953561902 0.736234903 1.51302147 1.70344055
    -0.410833269 0.559073031 1.47152734 0.980107725 0.346919179
    1.35740542 -0.612807393 0.228539407 -0.177151442 0.252433479
    -0.373266816 1.18983185 0.594775975 1.2015152 -0.658535957
    1.27799368 1.36536431 0.724890172 1.08966208 1.57723522 1.31724381
    -0.431334108 1.05877209 0.506877363 0.413552225 0.552123666
    0.226955295 -0.109256566 0.0585225821 0.0489705205 0.502396643
    0.458832145 1.02717471 0.9978441 1.01051068 -0.405249715
    -0.095131278 -0.520546138 1.26725304 1.5901227 0.715808988
    0.619549572 -0.573563814 0.780820727 0.363862753 0.407419324
    0.380216777 1.06252718 -0.641399026 -0.102711856 -0.375287175
    0.41515249 1.50239182 0.95678097 0.66275847 0.997628808 0.224806249
    -0.210005164 0.824299634 1.07034671 1.24099553 1.45153379 0.68066752
    0.846985638 0.748930335 -0.515827298 0.930516481 -0.477068305
    1.58469367 0.192278981 0.71251756 -0.0119346976 -0.353285879
    0.649231195 0.371140242 0.406396747 0.789900541 1.33832979
    1.05807698 -0.238168687 -0.114249408 -0.271361172 1.4482795
    1.46037936 0.708810985 0.160812736 1.42386413 0.342377663
    0.412908018 0.0770424008 1.30978251 1.08175659 -0.362689316
    -0.313613623 1.24160695 -0.294207841 1.58438933 -0.620092928
    -0.657867193 0.80594027 1.35332942 -0.186786383 -0.331284612
    -0.398136586 1.26119065 0.0560606122 0.552462697 0.848159432
    0.362382829 0.709148765 0.912600696 0.0134691596 1.17476082
    1.34375429 1.01266778 1.32356775 0.853830814 1.50741255 0.894795179
    1.53191817 0.752843559 1.36136222 -0.656850278 -0.177763611
    0.755048513 1.36575878 0.184212506 0.448743463 -0.39400956
    0.290792644 0.871338189 0.869165897 0.99349618 0.653372288
    1.31692481 0.644323111 1.22442985 -0.293593258 -0.481422722
    0.623851895 0.0690772533 0.892209291 1.27062726 0.795845747
    0.719124675 0.973094344 0.351065695 0.65998733 1.60662007 1.35001111
    1.16667569 0.791821599 -0.108535111 -0.682884455 0.241902709
    -0.552302301 1.38258266 1.53535998 1.22829723 0.884774387 1.36690402
    0.704946458 1.23975194 0.455394268 -0.292551517 0.098246336
    -0.365106374 0.297357857 1.18310308 1.20110345 -0.555936217
    -0.413497984 0.11258477 0.527259111 1.68390226 -0.464998871
    0.0660247207 1.29291821 0.570559382 1.20710635 -0.312155396
    0.130001247 -0.445328146 -0.323269486 0.707623661 0.706426978
    -0.200657189 -0.110251904 0.711640716 0.228392839 0.591628253
    1.39024401 0.771054387 1.52698159 0.29777199 0.149185359 0.598276436
    -0.535608888 1.04459572 -0.333888471 1.0494988 0.744423449
    1.29663301 0.420698225 0.107357025 0.945410967 1.00189114
    -0.479138106 0.908689737 1.01438701 1.09264958 1.51667309
    -0.445764005 -0.417525738 -0.0515621901 1.20009613 0.0373664498
    0.162546396 1.39506078 0.766808689 -0.198250562 0.95989418
    -0.559920609 -0.294311821 1.39305937 -0.0466095209 0.00748252869
    0.120459378 0.822021306 1.13587642 0.67251575 0.600221932
    -0.543106854 0.418946683 1.48371434 1.04649615 0.805699646
    0.918390155 -0.525818586 1.23720384 1.33832383 0.108490765
    0.594631255 1.42894197 0.0564869046 0.41820699 0.415095866
    0.424180567 1.02832818 1.18756723 0.497412324 -0.315541744
    0.246470034 1.08661413 0.17007184 -0.298937768 0.282098472
    0.322399914 1.00375938 0.0836390853 0.990146875 1.56965017
    0.656191647 -0.262667537 -0.0210670233 0.86054492 1.29943669
    -0.621771216 1.26749551 0.739501834 -0.446814716 0.402475238
    1.37134719 0.575919092 1.51716578 -0.259300888 0.637327671
    0.528092742 -0.156231284 -0.562801957 0.658161283 1.50408506
    0.511758745 1.0725379 0.313838363 1.61138153 -0.208483517
    0.109728336 0.163808465 1.12900829 1.5217948 0.958501637 1.2497344
    0.0986707211 1.25268531 0.817460716 0.487843633 1.64290082
    0.804111719 -0.488054842 1.37299752 1.56121731 -0.117512345
    1.44678545 1.0712235 1.05058908 -0.183974326 1.07123899 0.850191712
    1.65071404 -0.126463711 0.674159646 -0.298181951 1.33493066
    -0.200452536 0.433410883 1.2253319 -0.424042076 1.15041089
    0.643788338 -0.102345943 -0.244027615 0.181401193 1.3234216 1.289994
    0.861766219 1.39240479 1.0847311 -0.42947036 1.35805321 1.55655718
    1.1172986 0.286849022 0.131645739 0.604227901 -0.351336688
    -0.311537236 -0.0417764187 1.19716334 0.245550573 1.57099867
    -0.141569853 -0.563473344 0.494180322 -0.63571918 0.936270714
    0.628082871 0.109640658 0.565120697 0.647155762 0.433452785
    1.09916902 0.273427546 0.603094816 1.27503145 -0.554941475
    -0.351820856 0.107197702 0.871206224 0.513267577 1.59160578
    -0.528978586 0.339650273 0.386798084 -0.177577019 1.11924541
    1.5827589 1.49382162 -0.129440308 0.965354681 1.83543658 1.08735299
    1.17536247 0.251704365 0.612932742 0.768923044 1.00465882
    0.278472602 0.729462087 0.68317914 -0.372546017 0.972286522
    1.3400445 0.77177906 0.756676853 0.119500697 0.437020779
    0.0233190656 0.267513096 -0.0750971437 0.179080367 -0.128453314
    0.236644447 -0.447749317 -0.000976860523 0.110133231 -0.455615342
    0.119329631 -0.400957525 1.19749141 0.238744915 -0.0898569822
    1.31354618 1.00075793 0.920953333 0.628744781 0.0156100988
    0.0481292009 1.31979203 0.91155231 -0.0874112844 0.778786421
    1.69625187 -0.065028131 0.787371278 -0.241444945 -0.387996644
    1.28892589 -0.471460551 1.28065133 -0.137150943 0.0481432676
    0.569412172 -0.115953863 0.296655297 0.769223094 -0.377714783
    -0.607022166 -0.419854462 -0.172796994 -0.610504031 -0.332306474
    1.56915569 1.53060699 0.588544726 -0.573423564 -0.244688362
    0.302024543 1.47889543 -0.324085772 0.880244493 0.659921944
    1.43380189 0.0580729246 1.23030257 0.991482496 1.56716537
    0.293249607 0.655231476 0.648263693 0.398064911 0.60838908
    1.20555854 0.981840253 0.227056146 -0.0907510519 -0.371194929
    0.615632653 1.02875495 -0.552884042 -0.35691905 0.753527939
    0.372021139 0.610022783 0.105618119 0.757469058 -0.164945424
    -0.516080916 0.737481236 -0.397168428 0.990439355 -0.286196351
    -0.0813242197 0.230298877 0.450347662 0.614911556 0.25484556
    1.66216075 -0.405944616 1.28389549 0.483879924 0.820976257
    -0.332241267 0.318551481 1.00282073 -0.618771434 0.666534543
    0.886754155 0.161159337 0.439643025 0.244124532 0.419310749
    -0.578421474 0.946608365 -0.57710582 -0.519054949 0.0576885343
    0.129152894 -0.111240804 -0.0165159106 1.31253934 -0.246568918
    1.68172526 1.22583258 0.288364291 0.690329134 1.26833153
    -0.0897456706 0.289319217 1.69517231 -0.331210971 -0.24286741
    0.967637062 1.2396158 0.874250412 0.0036418438 0.305811107
    -0.183352023 -0.377812743 0.996657789 -0.442719847 -0.462228835
    0.0835137367 0.440918863 1.34437454 -0.391042113 1.27597332
    0.105762064 -0.451743364 -0.446252078 0.92719698 0.25659126
    1.44449508 1.19293571 1.3466146 0.649637103 1.23160946 1.54411507
    0.265488148 0.0103023648 0.669211149 -0.093536973 0.846488535
    -0.0177177191 0.643187344 0.981546342 0.754083991 1.13254976
    -0.368531197 -0.286949158 -0.048019886 0.757586181 0.109361708
    1.58967519 0.806361675 0.674137115 1.3892951 0.788173497 -0.46395582
    1.10213029 -0.34867686 1.04670763 1.35174131 1.43176341 0.423837543
    0.662350655 -0.40795815 0.852873087 0.431554615 -0.556593418
    0.00450795889 0.232432544 0.44548744 1.28449714 0.807898343
    0.132221103 0.871035397 1.57856274 0.233717442 1.55688417
    -0.540384948 0.526277304 -0.244647413 0.534129977 1.6454221
    -0.067017138 0.358955681 1.66226256 1.10929465 -0.127642065
    -0.0999653935 -0.158698916 0.40747571 0.178492069 0.0551030636
    0.438820362 0.772909343 1.22187257 0.0218403935 0.289750516
    -0.512750566 0.90798372 0.190881073 1.14778686 -0.557228565
    -0.628278911 0.117839217 1.44126558 0.117272437 0.280491054
    0.526870847 -0.166160643 1.32873344 0.022346139 -0.317939579
    1.50632763 -0.397344798 1.36284292 0.730855584 0.0188990235
    0.603866518 1.4161799 -0.274748951 1.12975693 -0.267947793
    0.247856855 0.347766846 0.835198522 0.964018762 0.78289938
    0.97336781 1.30724299 1.30830824 0.506946623 -0.233158618
    -0.383893013 1.47263396 -0.281045854 0.878193021 0.0416507125
    -0.379280746 -0.425533772 0.75390476 -0.50633502 0.233404279
    1.23071349 0.172885299 1.67605019 1.67476153 0.541745722 0.622400701
    0.12206161 0.238611817 1.31487441 0.666081429 0.156887114
    -0.613287985 0.67580229 -0.0132320523 0.656431198 1.13182604
    0.75674361 1.31647754 -0.361742646 0.0258467793 -0.0478050709
    0.158096075 1.16109788 1.47011662 0.0361744165 0.621387601
    1.22934151 -0.396409869 -0.545066774 0.656340778 0.138311327
    0.981934607 0.0162867308 0.905050218 1.18265343 1.48460102
    1.69273138 0.771494091 1.22831416 -0.149880946 0.114730597
    1.64372301 0.880924821 0.682717383 1.33864927 0.0747148991
    -0.453384727 0.0857062936 0.268468738 -0.531511307 1.30387998
    0.482845426 0.743708432 -0.629757702 0.298491061 0.570997298
    0.343309879 0.721905291 1.20154047 0.637517452 1.57956207
    -0.557692289 1.33855844 -0.214850694 -0.558309913 0.0875999928
    -0.0789948106 1.65559971 1.5284158 -0.47097674 0.374807179
    1.21656418 1.37859106 0.0686820745 0.314777315 -0.486285776
    -0.167994052 1.01236904 0.495526969 -0.0654953718 0.247498035
    1.6886977 1.27278268 1.01318276 -0.0744514465 -0.241296589
    0.352117121 -0.0740337968 1.51877093 0.51523608 0.635292292
    -0.3838045 1.19425607 1.51690185 1.40914631 0.755581379 1.07378471
    0.845522702 0.865342975 -0.112609446 0.345600367 0.323429346
    0.152801394 -0.371683329 0.393831372 0.347916663 -0.131253362
    1.49202895 1.32577085 1.25013804 -0.198160172 1.15251231 0.248254597
    0.844583392 0.400891483 -0.348595679 1.47403455 -0.13182956
    1.0801959 0.315540016 0.411433816 -0.215152502 -0.244847447
    0.876010776 0.84973067 1.00118256 0.767380595 1.39197803 1.48547637
    0.167582512 1.52729559 1.48866606 1.65501642 1.4984374 1.05031145
    0.89124316 1.03803015 -0.307522893 1.29087603 1.44567823
    -0.0647463799 0.682562172 1.31155849 0.955698252 0.649689257
    1.39182222 -0.573885679 1.61174059 0.695346773 -0.562680781
    1.44346023 -0.562153041 -0.601098299 1.05828071 1.54840469
    0.560452282 0.106425643 -0.0662018657 0.848549068 0.727466285
    -0.318585485 -0.103206873 -0.247983754 0.0983279943 1.27351415
    -0.0844295621 0.331073821 0.952153325 -0.489843577 -0.354437739
    -0.587875247 -0.423743129 1.04114616 -0.12185052 -0.396509945
    0.652204752 1.65092325 -0.497672945 0.376589656 0.13959235
    0.299366474 0.274216473 1.52885509 -0.184081495 0.113185525
    -0.230288535 0.252207696 0.585195601 0.805698037 0.133777261
    -0.33076331 0.364308536 0.562036514 1.12191021 0.159339309
    1.34058213 0.976401806 0.133268833 -0.0997601151 1.54395318
    -0.481900275 0.51645273 1.16649175 -0.5377841 -0.508341074
    1.45698905 1.22826278 1.60849988 0.59771812 -0.341677666
    -0.307922482 -0.417991787 0.948551238 -0.566855431 0.692489088
    0.435132384 1.65794754 0.735724032 0.460017681 1.12211835
    -0.0584603548 1.58250475 0.0688039064 0.0609978437 1.26549721
    1.60795546 0.195026815 0.111355901 0.609768748 0.290825665
    -0.241038531 1.55252647 0.060552001 1.70212328 1.31866825 1.73462296
    1.74248707 0.355457217 1.74382746 -0.287483484 1.07047153 1.48152637
    0.499183565 1.40712178 0.320599198 -0.574596822 -0.393815696
    0.732468128 0.550405085 0.402522087 0.529620171 0.765964806
    -0.445293248 0.837931693 0.439931214 -0.120574564 -0.16752845
    1.03627872 1.74801302 1.60138202 1.27979803 1.35902476 1.0829463
    0.54010123 0.277536333 1.43531823 1.74085689 -0.126722574 1.61130786
    0.164731681 1.4543066 1.18827152 0.0566280484 1.01370144 0.591019154
    0.205483913 0.106672645 -0.414154112 -0.18212074 1.52347207
    1.7630856 1.39951944 -0.110418409 -0.424167633 -0.332982451
    0.222585112 0.232582361 0.660276413 1.13234138 1.46740413 1.07905781
    0.603834093 -0.407719135 0.414091825 0.611522317 0.667579174
    0.405655503 0.53176415 1.65193653 0.959526181 -0.194228262
    0.0959441662 0.92051065 -0.476584941 1.27575421 -0.196560115
    0.557666302 0.556711257 1.31211281 0.103843749 0.193220735
    1.73234892 -0.0250335336 1.39740002 0.627448201 0.547343254
    0.231250942 1.58206964 1.16842866 0.859392464 1.09830427 1.58469009
    0.773111582 1.71994114 0.0967988372 0.100466073 0.344080567
    1.49445915 0.0651717186 0.536275446 1.3444612 0.431968093
    0.997356653 -0.266993582 0.744679689 1.2055614 0.532211185
    -0.485295266 1.32458055 1.25982678 1.60763311 1.01670849 1.3575871
    1.56158543 0.621690869 1.28528488 1.74274385 -0.504359603 1.04585791
    0.106004894 1.80373526 0.218078703 -0.183804959 -0.213433862
    0.745617986 0.740835249 0.0508460999 0.669190586 1.75089145
    0.619485021 0.34230125 1.38966107 1.73840785 1.01519942 0.100117773
    0.775516927 0.21680668 0.166557938 0.458417535 1.67401409
    0.871890426 -0.0610846579 0.167484522 -0.279655993 1.63669801
    0.885166585 0.202194244 -0.209797084 0.0878841579 0.749164939
    -0.177396834 1.11369109 0.570498466 -0.429290652 0.247215867
    -0.021474719 -0.0413040519 1.44837892 0.521859467 1.5788883
    1.56848788 0.30857867 1.45294595 1.1449908 0.251942992 0.708062708
    1.42163086 1.7236228 1.21144998 0.740519822 1.51006746 1.39798522
    1.66260719 0.574018002 1.02254999 -0.00532275438 1.48391724
    1.75043333 0.0555576682 0.0318258405 1.04148555 1.61952114
    -0.307706833 -0.0834594965 0.640097082 0.845085919 0.787637949
    0.292559087 -0.563367665 0.0174818039 1.57785392 0.271373332
    0.27578038 0.872435153 0.40351665 0.742845356 -0.38792488 1.38157678
    1.71903718 0.26758194 1.29171085 -0.498799562 0.899753571
    0.300390661 1.67954779 0.680507302 0.459062397 -0.395684123
    0.0831070542 -0.167017221 1.03628778 -0.387170643 -0.102057934
    1.13734794 -0.453196108 -0.0378385186 1.26204717 1.46789217
    -0.368650436 -0.144964993 1.72827816 1.11109138 0.0500811934
    1.10528016 -0.079107672 0.343238652 0.29939568 0.031206131
    1.03515863 -0.153916508 1.20036304 -0.392313004 0.723196387
    0.975720525 0.377270639 0.336568058 -0.18997705 -0.0035380125
    0.536083639 0.255197108 1.01166928 0.266227961 1.20937932 1.70476961
    1.55583835 0.149953842 0.521658421 -0.426862925 0.834218562
    1.65984929 0.99183327 1.00401759 0.362850904 0.113093734 0.128981769
    0.6011886 1.07654893 1.61780155 -0.351394653 0.953035116 1.07603943
    0.646751046 1.3461529 0.244156688 0.460179955 -0.218148693
    -0.169839397 0.484036386 1.16100168 0.669518232 1.66269684
    0.931199372 0.811935067 1.2882508 0.854355693 0.0752732754 1.3835026
    1.0809412 1.2344842 0.204533875 0.696206808 1.24889064 0.0622053742
    0.359776199 0.148524165 0.822199643 1.40432918 0.570938647
    -0.466334999 0.672631145 0.779719472 -0.0583225787 1.55786347
    -0.208733439 1.71031213 0.335785627 1.17709279 -0.296805531
    1.43032932 -0.0186776817 -0.292760551 1.1586864 0.84630686
    0.258392781 1.39784026 1.22678959 0.0504444838 1.24942911
    0.0488685071 1.84884 0.288769543 0.40583238 -0.405162722 0.55949986
    1.34645045 1.08579528 0.108347714 0.757878959 0.483618408
    0.823257744 0.0344046354 0.865284264 0.459999293 -0.322015107
    1.74301529 0.28147611 0.109012663 0.00831976533 0.514916718
    0.700276494 1.08659828 0.507215619 0.679867029 0.48522383
    -0.237942487 0.484250546 -0.256294638 1.78850174 0.774372041
    1.74705148 0.232495725 -0.365615487 0.262417793 1.28290594
    -0.524724782 1.12072468 0.816390514 0.422258377 1.24867117
    0.887503266 1.22191596 0.221658707 1.51587558 0.936986446 1.63522863
    0.137903988 -0.368684828 1.63908398 -0.435105264 0.308762223
    1.47844601 1.85345316 1.73787832 1.38015413 1.82935488 0.345088392
    0.776044488 -0.0231689811 0.415595055 -0.362664193 0.164461166
    0.78735435 0.758232117 1.22003889 0.103077203 -0.416727543
    1.81716645 1.13631773 1.86064768 0.391732544 0.0812373459
    0.793356419 0.911228061 1.70847511 0.473438174 0.658649445
    -0.251370072 1.47115862 0.52804184 0.0206685364 0.294901282
    0.930602551 0.516201079 -0.298727661 0.637011647 1.89192462
    1.69584119 0.0471617877 1.00488806 -0.359103352 0.277753055
    0.671469271 0.755267978 0.76538074 -0.318579376 0.415073901
    -0.0211036801 0.546952307 -0.0493177176 1.8078562 1.00889277
    -0.0689547956 0.309330046 0.0883327723 0.979507089 1.4246552
    1.24871361 0.0223848224 0.594884872 1.66867197 -0.513374865
    1.40939641 0.0265441537 1.23540473 0.715430737 0.320243061
    1.31810701 0.820374787 1.51901245 1.43727005 1.31727743 -0.111226648
    1.29890525 -0.157239377 -0.463219702 1.75604248 -0.309528768
    0.964499176 0.548901558 1.55338693 -0.44616273 -0.424546242
    1.29710209 1.72588062 0.294261873 1.45522451 0.0461240411
    0.571161985 1.64406085 0.677340448 1.12902379 0.0394907892
    0.883191824 -0.108130574 1.53882015 -0.0496034622 1.09015524
    0.517155588 -0.424746305 0.437933654 1.17056859 1.66627908
    0.680283964 0.308415681 -0.213533282 0.229870021 1.10239625
    0.109988898 1.26496542 1.65563679 -0.179969072 1.56541038 1.73368478
    0.239785135 1.45662451 0.0935231447 0.0730643272 0.597939849
    -0.331605047 0.0299784243 -0.383526802 -0.10481292 0.934701562
    -0.00423157215 1.57811141 0.651202202 1.29461622 1.77188349
    0.767999232 0.833414733 0.483112842 0.276153624 1.85759842
    1.17185879 -0.377355903 0.929661155 0.174973935 -0.351296484
    0.522108614 1.52935946 1.01479638 1.81320846 1.04391444 0.0259074569
    0.323991477 1.40333545 0.0088314116 1.75094044 -0.461156458
    0.666969895 1.28978038 0.11139521 -0.335491836 0.43194133
    0.169387341 0.146417975 0.667509139 1.56733859 1.67039144
    0.477272153 1.41076589 1.86274219 1.23446429 0.388771147 0.827868462
    0.209318042 0.478835553 1.24047601 1.49206924 1.81876659 0.643272042
    0.0341632664 0.750882506 0.183003128 1.70505345 0.878316581
    0.784155607 0.557274342 1.15408826 0.253424197 1.57316542 1.39850938
    -0.309242725 1.00800169 1.80940759 0.471216977 1.64675689
    0.492085069 1.3059516 0.559414864 0.737850428 1.52593839
    -0.276577622 0.489253134 0.665209293 0.385149509 -0.116996855
    0.588809371 0.125023365 1.63989961 1.35140491 0.394966096
    0.842874527 1.86851215 0.120235324 0.409278661 -0.275179744
    1.2298466 1.21910357 0.574159861 -0.0367494822 1.78710115
    0.509845614 0.635260403 1.01665092 0.897974133 1.68146157 1.48541081
    1.63689291 1.15270829 0.266017467 1.07074749 0.301617593 1.78089023
    0.368434191 0.276057124 1.91387153 0.425093323 1.64650989
    -0.239456326 1.79930735 0.580465555 1.43788576 1.46341157 0.9611094
    1.19070399 -0.260767698 -0.0789471269 1.79193175 1.0497638
    0.403934568 -0.381523967 1.39889503 0.70026505 1.81500006
    0.0911782086 1.4435451 1.62407696 1.8849988 0.140093744 -0.115821213
    0.150721669 -0.289704144 -0.0895962715 0.93149662 -0.229068145
    -0.20859015 0.509601474 1.55478323 1.6242553 0.599329531 1.03165126
    0.106764048 0.606722951 0.423586071 0.184437782 1.50696933
    1.49769926 1.50187218 1.45093334 0.872341514 1.34265172 0.552171469
    1.80332041 0.744225204 0.812690496 1.47403038 -0.108740091
    -0.289788246 1.08174729 1.05713677 0.669137418 1.27510822 1.69448423
    0.865325451 0.202124923 1.30233335 0.591128945 -0.097858876
    1.6658175 -0.0993606746 0.379815459 -0.0276257992 1.00939023
    1.35616589 -0.025811404 0.782830715 0.283955395 0.322752923
    0.075537473 1.79164398 0.731840611 0.504653931 1.5821712 0.251603663
    -0.237607032 1.75206423 0.262919605 -0.05843696 -0.0556897819
    0.409013689 0.654371023 1.74178433 1.0599215 -0.291374415
    0.526959419 1.73738003 -0.252359867 1.72517657 -0.350587457
    0.979135633 1.5273428 -0.0246453285 -0.0807494223 1.74478447
    1.46904898 0.966255069 0.688084841 1.12157369 -0.150231361
    0.0608995855 1.40299106 0.461113006 1.7968142 1.65609765 0.649825633
    0.481009424 0.872032166 1.62720108 1.78397107 1.65832996 1.34285724
    0.626791477 0.381228089 1.22957039 1.32648873 1.5272783 1.56039655
    0.282150149 0.834893823 1.07800889 1.18452346 -0.297317028
    -0.342827618 0.786357939 0.37000829 1.14635813 1.12081623
    0.493323922 1.12767935 1.04757476 0.165701866 0.496810138 1.35798693
    1.42574418 1.57888627 1.48506546 1.02082562 1.56554878 1.72015166
    1.45753384 0.331773639 0.85707736 1.58938479 1.32014513 1.01106322
    1.08864057 0.0146695971 1.72247756 1.31713796 1.76396012 1.87656403
    1.4364841 -0.198352292 1.85238326 0.208009332 0.72468996
    -0.0246758163 1.26085997 1.39595771 1.41581678 1.00510097 1.50674224
    1.1816231 0.412343949 -0.172600657 1.36741555 1.29278934 0.626911402
    -0.37385577 1.44181442 1.02540171 -0.402572066 1.81825829
    0.167571962 1.58081388 1.18958485 0.808939993 -0.0293253064
    1.74336541 1.62432718 0.683933854 -0.293935955 0.0310538411
    1.96147323 0.634084105 0.518747926 0.614399612 -0.0160003304
    0.60374701 1.97003603 0.999782443 1.09230947 1.10634792 1.2055378
    -0.239384606 1.85855067 1.95020485 0.633989453 1.27623475
    -0.283640444 0.788961887 1.77182114 0.994656682 1.44182134
    -0.167873338 1.9386692 1.00420022 0.152045727 1.62591708 0.290891409
    0.806530714 0.838060498 0.678675056 1.45436978 1.84659111 1.77321553
    1.85606182 0.249190986 -0.121557146 0.788645148 1.52690375
    1.05450296 1.40983176 1.28382087 0.0272125602 1.34684229 0.358887792
    1.12086213 0.774143875 -0.338382155 0.199266553 1.03692472
    1.65510345 1.77873623 1.30865002 0.0755405426 0.629339457
    0.171703905 0.715201259 0.632846415 1.85935831 0.814478636
    0.156173587 0.3067348 0.181930125 0.280463248 1.2461977 1.73819363
    -0.175511062 0.963019013 1.86006868 0.63231653 0.909247398
    0.498346329 0.761681616 -0.205193833 1.14055789 1.59015989 1.2286675
    0.0306147337 0.768464267 1.03122187 0.480724901 1.48063374
    1.28087473 -0.310243845 1.25366533 0.938526571 1.54676795
    -0.0268508792 0.336763978 1.31659818 0.730051577 0.0228228569
    -0.242400452 -0.227920234 -0.00930207968 0.422330946 0.943521023
    1.59416175 1.49747705 1.43709803 0.704822659 0.382573009 1.8542912
    1.33009708 1.77420366 0.615660787 0.283110201 0.622849822
    0.0391346216 1.06045973 -0.120356336 1.38880742 1.37438548
    -0.294797242 -0.160128236 0.502897203 -0.320132792 -0.0165755153
    -0.00979578495 1.32252407 -0.0892751515 0.760413885 -0.322413683
    0.39348805 0.15274334 1.08978176 1.68941164 1.846892 0.425264776
    1.95268154 0.861538172 0.62140131 1.54976559 -0.225616693
    0.171146601 -0.128792822 1.93567324 0.20275566 0.0643592775
    -0.0510612428 -0.202228397 -0.199793667 0.606209815 1.15186834
    0.427461654 1.53973377 1.86821711 1.32458293 1.66442513 0.35806039
    -0.33641839 0.891792238 1.05250049 1.04599333 0.0647916198
    0.680203795 1.75376916 0.537237406 1.43080091 1.62438107
    -0.186431423 0.87684989 0.428161561 0.44058311 0.449599385
    -0.124431849 0.338068515 -0.353814602 0.50707674 0.809472799
    0.976509333 0.563170195 -0.26257059 1.40373707 1.12259376
    -0.0200540125 1.36062276 0.856890261 1.55804873 1.63409185
    0.897689998 0.670472741 1.72834325 1.5657413 -0.107968867
    0.208377451 1.68664861 0.232475102 0.778984606 1.142331 0.226778358
    1.52049351 0.291494757 0.770000935 1.00694025 -0.231031448
    1.40469134 0.213532954 -0.0360366106 0.677310467 1.57944155
    -0.0350722075 0.701956153 0.953291655 0.776794672 -0.125088409
    0.808435857 0.813208818 0.523963094 1.24778533 0.76272434
    -0.202730611 0.577105582 1.13043404 1.64356577 1.09894705
    -0.348044544 0.299684674 -0.115876853 0.593059659 0.716468453
    0.46984303 -0.178114146 1.71257985 1.92284596 0.731951594
    0.0901785791 1.56857026 0.435154706 -0.323945582 -0.0603519082
    1.15955412 0.944591284 1.16973686 1.22501302 -0.307674199 1.35248637
    1.28110242 0.382341295 1.65683842 0.165548861 1.20150328 1.40447891
    1.24335241 1.43823504 0.0352933705 1.66497636 1.9136169 0.211526185
    0.408165663 0.352254689 1.77044618 1.41543913 -0.30797857 1.18945575
    0.122520387 1.26224422 0.517506063 1.70699644 0.00408777595</data></my_img>
<your_img type_id="opencv-matrix">
  <rows>128</rows>
  <cols>256</cols>
  <dt>f</dt>
  <data>
    0.627142608 1.23415196 1.15458167 0.56761682 1.14906323 0.804899871
    1.06338918 1.13008618 0.66516 0.948768198 0.885535121 1.25032842
    0.82960546 0.456388444 0.867695808 1.0351305 0.467394322 0.641923547
    0.490536928 0.632561207 0.732576311 0.810240805 1.33447134
    0.545086443 1.33599174 1.01056361 0.849687457 0.747876048 1.2702781
    1.3637234 1.1261065 0.518015981 0.467834681 1.30026472 1.10293388
    0.418247163 0.742127538 0.880699754 0.892269492 0.718661308
    1.11115491 1.13724041 0.660324872 1.01607144 1.22675884 1.2009573
    0.893202364 0.506077886 1.12750912 0.631181359 1.14881361
    0.624587893 0.423645139 1.00942302 0.793407977 1.2034086 0.897954583
    0.988613784 1.1608299 0.622576714 0.944929481 0.71967715 1.33734524
    1.14231098 1.05410147 0.794653893 1.28631508 0.676554501 0.585323572
    1.27618003 0.793069601 0.681588113 0.518192589 0.676220536
    0.888461769 0.729613006 0.981429517 0.418900222 0.710704088
    1.27214825 0.376894504 1.10945618 0.889327168 0.462875456
    0.446957558 0.743816793 0.701214373 1.21639848 0.70294106
    0.664740264 0.870141745 0.835045576 0.921769023 0.790189922
    0.634967387 0.921885073 0.955616534 0.64224726 0.476065516
    1.13713539 0.604491115 0.790000319 0.924598455 1.19832754
    0.578122377 0.531932771 1.29966545 0.3601349 1.32673907 0.339382976
    1.27219915 0.709241152 0.419545233 0.829123795 0.851559162 1.169173
    1.2795397 1.11033082 0.90051043 0.874000669 0.867540896 0.647054732
    1.21582496 0.989190638 0.981285036 0.961502075 0.582914591
    0.564698577 0.526090384 0.672913909 0.828427434 0.978580236
    1.20729601 1.343413 1.04159701 1.34931147 0.679186821 0.627843022
    1.16430128 1.2692312 0.619916022 0.918113887 0.665186703 1.24619257
    1.10377824 0.787183762 1.30926967 1.04976475 0.909008145 1.01574862
    1.30626762 0.649419248 0.521170318 0.847507656 0.824019194
    1.02035904 1.04558563 1.18605494 0.542597234 1.35776782 0.392803818
    0.742914557 1.15587127 1.12248874 0.625569522 1.04191387 0.888774991
    1.28030097 0.934391618 1.13489735 0.814358532 1.21522057 0.54707855
    0.542694688 0.632793128 0.556970596 1.18915629 1.28912711
    0.973317802 1.19282603 0.408358067 0.840204239 0.681830466
    0.836673141 0.361783832 0.392048478 0.53449595 0.941367328
    0.67208457 0.626382291 0.489622384 1.26005387 0.457592994 1.1301136
    0.779648423 0.501527548 0.546462834 1.33225954 1.18511534
    0.918046772 0.785237253 0.516331315 1.10893595 0.52556783
    0.886859536 0.691344917 0.505158246 0.870310247 0.642479181
    0.478851199 1.08501101 0.634697378 0.632795632 0.834473908
    1.06232059 0.696903646 0.45789063 1.03881288 0.619502068 1.28058386
    0.37707907 0.510678232 0.863596201 1.26753104 1.03005552 0.842312634
    1.22063708 1.0041151 1.33213508 1.35812461 0.723582327 0.558366418
    0.674688518 0.581467152 1.1700443 0.465717703 1.18378639 0.986762464
    1.11895323 0.567666113 1.01576614 0.692367554 0.848336935 1.0956533
    1.2660048 0.92809391 0.416187316 1.32770717 0.549723387 0.522867382
    1.28422058 1.29525232 1.06997693 0.888786316 0.824911416 0.714978755
    0.550728559 0.505362332 1.05427635 0.543796122 1.05435967
    0.645788074 1.41515279 1.46767759 0.91759795 1.46207345 0.824151516
    0.683627188 1.49059784 0.88955003 1.41654122 1.16700315 1.01400959
    1.24061096 1.40650952 0.885237157 1.23807943 0.808861971 1.18096554
    0.603302181 0.427680582 1.1802181 0.591970921 0.721793056
    0.482195675 0.803016007 0.538471937 1.0521872 0.9472574 1.38550913
    0.473036051 0.441928118 0.917579472 1.18845117 1.1003902 1.21936953
    0.888737559 1.30894411 1.15195394 0.78303349 1.2578088 0.873995364
    1.03403509 1.35493457 0.914321244 1.1237942 1.17033529 1.21391511
    0.593949676 1.14936554 0.487454444 1.24141526 0.425340891
    0.458787858 0.455195099 1.05142009 1.02390361 0.479798734 1.10116374
    1.2610358 1.10689938 0.793311119 0.768964887 0.941685081 0.573551059
    0.947781086 0.672821462 0.868125558 0.811563075 0.71936065
    1.05982828 0.615259588 1.23948789 0.491298944 0.839966834
    0.608870685 0.490975738 1.04536319 0.762465179 0.571682632
    0.905870676 0.460133165 0.720191896 1.22996056 1.10112453 1.4261477
    0.649680257 0.684840858 0.727283776 0.689148784 0.597638547
    1.11861682 1.18750846 0.600944757 1.21283484 0.899745703 0.743637562
    0.42435959 0.878977537 1.28644204 1.194929 0.854566395 0.544914246
    1.33793902 0.507764518 0.548885405 0.542370617 0.498921901
    1.06062341 0.699131072 0.83170104 0.612194717 0.81716764 0.922363579
    0.675777256 0.968100727 1.39315951 0.553548932 1.28849971
    0.633375108 0.560151696 0.700601935 0.450137854 0.759105861
    0.493346393 0.600948393 1.20763803 0.610996306 0.579792261
    0.57156539 1.40163338 0.523043692 1.39526618 0.887493968 0.754011154
    0.788899422 0.680003047 0.511552215 0.628963947 1.13913274
    1.12621939 1.00923896 1.27947223 0.436687559 0.663696826 0.958478987
    1.04558063 1.12593997 1.03695488 0.960406661 1.09830427 1.11659193
    1.09504056 1.27764952 1.40900874 1.3668226 0.538111925 0.744113445
    0.761029184 1.29005432 0.800086617 1.21510637 1.13176513 0.734003782
    0.43490684 0.400394827 0.823158622 0.905851424 1.1132158 0.913714588
    0.829780877 1.21207094 0.612960041 1.23666358 0.925424695
    0.968252778 0.72577858 1.13827598 0.547879517 0.743424177 0.53294915
    1.15636325 0.501636684 0.854385972 0.515648186 0.599335074
    0.705086827 0.479549199 0.729823411 0.800991535 1.22053969 1.0777694
    1.40569496 1.14743066 1.36320531 0.473801285 1.06813169 0.502121925
    1.33490992 0.656782568 1.28376305 0.878146291 1.05289543 0.535783768
    0.663324833 1.17081976 0.638827682 0.972642243 0.834433675
    0.746537626 1.36451626 1.36632299 0.559769154 1.33231592 1.11602151
    0.478709549 0.713329732 0.909103155 0.710974514 0.87286818 1.1419642
    1.2847892 0.951863647 0.697227418 0.8397035 0.638196468 0.674540997
    1.15052724 0.941274762 1.05873656 0.859756052 0.411729068
    0.983043432 0.597612321 1.04242647 0.659002602 0.718122959
    0.71917063 0.679662466 0.843310893 0.628739417 0.924260616
    0.552930951 1.2919457 0.983252466 0.639319539 0.948058963
    0.614573002 0.913807273 0.348489255 0.980323434 0.350266457
    0.880206943 0.472865015 1.18870068 1.40994704 1.30176091 1.30793583
    0.821577311 1.5005244 1.20136297 1.42484474 1.39772916 1.06270206
    1.11729527 1.24622631 0.683514714 1.37671173 1.28212285 1.52355492
    1.35433638 1.07717109 0.997314751 1.24594784 0.695899487 1.26636147
    1.04947352 0.552748442 0.541362882 0.663366258 1.09362113 1.4634546
    1.19453681 0.608718812 0.666418493 1.21813989 1.51748836 0.958191037
    0.838679731 0.78732729 1.23732567 1.0736196 0.932433605 0.796101332
    0.713359296 0.870711327 0.799838662 0.822129071 1.07274401
    1.16808653 1.32670891 1.32501948 1.1029644 0.921780705 1.08106267
    0.953095257 1.42615175 0.682650685 0.853529274 1.40330768 0.74602133
    0.92437911 0.686351836 1.09042931 0.506641924 0.905253649
    0.536376119 1.41318405 1.39734125 1.33422554 1.20098376 0.518066347
    1.10707223 0.578202605 1.28703773 1.19499588 0.738873422 1.13288546
    1.29305935 1.03685987 1.11735058 0.458547562 0.51347357 0.799462676
    1.21654522 1.33691835 0.809204578 0.952635467 0.760859489
    0.980511844 1.17886639 0.78079015 1.48472476 1.00250936 1.14982283
    1.10323441 1.5093776 1.1962477 1.06351924 1.25248313 1.01392817
    0.905106783 1.37456608 1.16130006 0.892726719 1.14745677 0.564812005
    0.530228436 0.693617165 0.58273983 0.90234077 0.64975214 1.21212411
    0.998657107 1.20946896 0.53968668 1.31972826 1.18621147 1.17780304
    0.640218973 0.915175796 1.01340032 0.622618198 1.43472826
    0.577513039 0.654649675 1.10228062 1.34391773 0.519748569 1.14252615
    0.887794971 1.46221828 1.03049874 0.574247718 0.521656811 1.2400291
    1.01888669 1.18918133 0.739541411 0.556967676 1.41996932 1.37388301
    0.745728731 0.663919449 1.30985701 1.02786684 0.551407933 1.44052148
    1.05673134 0.657794595 1.32869148 0.480182439 1.08896446 1.01182282
    1.08019185 0.595839739 1.06380391 0.718861878 1.11924326 1.21295905
    1.43252254 0.530924797 1.13390458 0.664803386 1.30383575 1.25644815
    0.750119805 0.62930274 0.958853424 0.511630893 1.41032898
    0.933291972 0.691021681 1.05969489 0.900906026 1.21933746 1.20518339
    1.10000575 1.38261604 0.851108134 0.801398695 0.852333426
    0.691960573 0.999903381 0.555345356 1.22118187 1.40101945
    0.666608274 0.781443536 0.88894695 0.511876166 1.36367214
    0.463410646 1.07924318 0.575637758 0.950615287 0.687421203
    0.521269798 1.21902835 0.940583944 1.14209819 1.08193338 1.27252603
    0.854006767 0.565131009 1.3539716 1.06547403 0.495761991 0.875357807
    0.538395286 0.894288898 1.03609765 1.43844783 0.519851267 1.04417336
    1.22285247 1.23541379 1.16217065 1.38980854 0.676359057 1.1545006
    1.04354274 1.13449538 1.10044181 1.33509564 0.860502779 1.4333626
    0.59853375 1.01663971 0.493222833 0.77537787 0.482971579 1.29335737
    1.07813358 0.722756386 0.98904264 0.635919631 0.982457399
    0.960142136 0.64982301 1.06960809 0.619554996 1.44819701 0.460162461
    0.631835818 1.14276338 0.658362031 1.00356114 1.40182006 0.613554478
    0.832314014 0.997602046 0.575173497 0.463825434 0.603699744
    0.44526118 0.740108252 1.14879954 0.3636159 1.32907593 0.560340464
    0.758903801 1.30331767 1.37990344 0.63724947 1.19330621 0.900055707
    0.992599308 1.28074586 1.27610111 1.35646808 1.02082908 1.50486004
    1.52535176 1.39788985 1.41412747 0.641588986 1.24150634 1.18192184
    0.897045672 1.30977118 1.37086606 0.785432637 0.937233865 1.49801159
    1.13522446 1.2175523 0.89184469 0.7774508 0.768615782 0.704042792
    1.01473939 1.08711088 1.31532168 1.35808957 1.1370455 1.15467799
    0.965339661 1.04044437 1.41279113 0.869165838 0.929885328 1.43366838
    1.44301045 1.38664114 1.46220148 1.56848311 1.17903996 0.764482796
    1.07541406 1.07566369 1.12138033 1.25051427 0.605579317 0.539925992
    1.36152709 1.23694086 1.45852375 1.14290011 0.594796777 0.974847913
    0.614877582 0.952656984 1.25104475 0.828927875 1.09238338 1.38593018
    1.44269657 0.766768694 1.26237607 1.1616559 0.61383909 1.39426935
    1.13935006 1.42389846 0.583155572 0.859074771 1.00855708 1.19937778
    1.46582735 1.28275228 1.27591836 0.933692992 0.797031343 1.570467
    1.27464616 1.05576801 1.22619104 1.28902841 0.818943858 1.44109237
    0.763188779 1.2279011 0.635514438 0.848935664 1.37505972 1.04321802
    1.47799563 1.2144835 1.03044868 1.42650056 0.972149134 1.49079978
    1.29797959 1.35796058 0.990392387 1.47016287 0.620855629 0.712046087
    1.42189848 1.53688073 0.619843125 0.561454952 1.43776226 0.932775557
    1.20780194 1.03659976 0.877497911 0.835863233 0.731890559 1.27503908
    1.44274962 1.34633791 0.85180378 1.24884462 1.23259735 1.29728973
    0.962496519 0.687865496 0.714304149 1.4496572 1.0319171 1.02609289
    1.4956646 0.842668414 0.838636935 1.15869844 0.782773376 1.1610285
    1.2655617 0.987492681 1.05272222 0.980848253 1.21522379 1.37908185
    1.31862593 1.32538962 0.602550685 0.659894288 0.650966048 1.00139236
    0.630804002 0.692821681 0.596250415 0.596865654 1.44376743
    0.723519623 1.06733274 1.09835255 1.15673482 1.14556384 1.46965182
    0.704854369 0.645306289 1.27060997 0.523286462 0.729903162
    0.771775663 0.913358569 0.851701856 1.09968758 1.11361766
    0.786435127 1.23106813 0.619596303 1.01953006 0.657686472
    0.504863977 1.39796734 0.60493964 0.802947998 0.58423686 1.09773433
    0.836800396 0.869131565 0.568352401 1.02414477 0.659349442
    1.19875419 1.12215495 1.08827066 1.08528388 0.609586596 1.11334753
    0.949009299 1.46382332 1.03541851 1.13021445 0.594352901 1.28074741
    0.655581832 0.710330844 1.21212137 1.44818401 0.643363655 0.87964195
    1.07440448 1.05833995 0.751604676 1.24187028 0.852178276 1.27696931
    1.41515517 0.582098305 0.763121128 0.581157863 1.52676713 1.2752409
    1.17137873 0.780674517 0.992820382 0.959463894 1.30906808
    0.910713136 1.12422359 0.728393614 0.985116839 1.20146275 1.1913178
    0.721374989 0.923793137 1.4521035 1.29106414 0.562699497 0.625852883
    1.16772473 1.43135047 0.747247815 0.98862946 1.41471052 1.161641
    1.33285701 1.46579421 1.44825912 0.585557818 0.833189309 0.68872112
    1.17197466 1.4887532 0.483034402 1.42184138 1.09959531 1.3038286
    1.28350234 0.485447049 0.532119334 1.13888705 0.646667182 1.21723628
    0.747042418 0.793222785 1.33968771 1.06339431 1.15132034 0.824246228
    1.39378214 1.48324335 1.38008296 1.08905578 1.08008695 0.807222247
    1.37396443 1.19963765 1.53403735 0.66362828 1.35138309 1.57593906
    1.03276491 0.668425322 1.07118905 1.43320215 0.974283814 1.38465321
    1.39953709 1.52809536 0.684373498 1.59996331 1.15932119 1.58005381
    1.07461572 1.24782336 1.56018686 1.02697086 1.44460714 0.802878201
    0.986535251 0.76922822 1.00443041 1.16645253 0.982239008 1.16812706
    1.56439209 1.46545732 1.34633493 1.41835749 0.702305436 1.1360718
    1.3868345 1.295241 0.840074182 0.661269248 0.838477254 1.51927757
    1.04020035 1.03234041 0.896407604 0.675377548 1.55438519 1.14800406
    1.3862077 0.880611062 1.43754208 1.08750498 0.648305476 1.16030765
    0.853979707 1.50634778 1.01911676 1.0698278 0.817025721 0.769830465
    0.722718418 1.15064359 1.53793085 0.987072945 1.05833948 1.37041819
    0.90167439 0.604089677 1.47592258 1.40976453 1.42216825 1.23958802
    1.43855321 1.26313424 1.13377154 0.972151279 1.1588006 1.65573061
    0.850102246 0.768844128 1.15543413 1.58125401 1.07804537 1.33703113
    1.02664757 0.888546109 0.939236104 0.809438229 1.43764067 1.09277225
    1.44636917 0.623463213 1.28624749 1.33281946 0.630528808 1.34557211
    1.51596189 1.20943785 0.745446086 1.5138582 0.675979018 1.56827188
    0.689268053 0.879802167 1.53207052 1.0023005 1.16472018 0.786139905
    1.00898838 0.88805604 0.744077921 0.600069106 1.53492153 1.20889246
    1.32449198 1.39761543 1.30711198 1.18916607 0.978824317 0.860928655
    0.825175226 1.47598839 0.755032182 1.5325222 1.58584535 1.59447706
    1.62577319 0.75899148 1.02366781 0.971198201 1.53915143 0.748738706
    0.692510664 1.06163478 0.90581876 1.21582639 1.49832833 0.683426559
    1.46347952 1.04899287 0.984271228 0.89003402 1.45473552 1.09755719
    1.05793869 1.58315933 0.845617473 1.56536961 0.60411644 1.41267872
    1.04693675 0.688201249 1.52812648 1.14664638 1.24372995 0.820922613
    1.28360343 1.32478392 0.951391339 0.877201855 0.967425764 1.55527806
    1.01004291 0.784165859 0.807887852 0.659068942 0.654808283
    0.635632157 0.975503266 0.852539361 0.847885847 0.888346076
    0.894323707 1.01383734 0.721799433 0.754010737 1.19341636
    0.787454307 1.07205725 1.22084093 1.10503149 1.26755834 1.08037436
    1.04225075 1.46918714 0.712355673 0.709633529 0.704566956
    0.766841114 1.46867704 0.954176426 1.18334198 0.552909374
    0.587783039 1.1566478 1.40687931 1.25604427 1.27165425 1.55401826
    1.20906937 1.0577426 1.46361792 1.34198689 1.29570603 0.725899637
    0.908118367 0.77799803 1.29675615 1.00864732 0.949731231 0.796874404
    1.48814964 1.31377184 1.04398918 1.02997458 0.919300258 1.00948822
    1.100021 1.53805614 0.989526391 0.910807014 0.629049659 0.993129253
    0.950868249 1.19555962 1.09691882 0.865134239 0.769963205
    0.975753844 0.994806588 1.03246319 1.54361284 1.49404311 1.3307935
    1.4651022 1.21457946 0.907655954 0.740541875 0.359813571 1.19788039
    0.495143563 1.27842915 0.925578535 1.45252776 1.4344188 1.66313875
    1.64258838 1.63447392 1.52522111 1.72245336 1.22510266 0.826923847
    0.844031632 0.824822485 0.941312373 1.20967901 1.70902407
    0.748675227 0.806832433 1.39061439 0.991050601 1.31667447 0.71864748
    0.702719152 1.17035258 1.57880247 0.681244671 1.16833842 0.783792794
    1.16327226 1.61408079 1.34971535 1.24160802 1.29353321 0.715074062
    0.889294147 1.61860442 0.724715889 1.40744078 0.908506751
    0.888400495 1.65518773 1.65249419 1.63228929 1.6704911 1.24346268
    0.889177263 1.20180333 1.04353774 1.46882224 0.753343403 1.41640329
    1.27220249 0.809717476 1.3548584 1.26927376 1.48801947 1.41950595
    1.68022668 1.5048666 1.39151585 0.734780908 1.21018386 1.61262369
    0.79176873 0.773917258 0.830575585 1.43170118 0.92934072 1.10323215
    0.732725859 0.825923741 0.77375859 1.11959565 0.81508708 0.6741274
    1.0211581 0.694196463 0.756321073 1.13357329 1.27751195 1.34163976
    0.890172005 1.04142773 1.4361093 1.25467741 0.894703448 1.19696522
    1.36990845 1.51756418 1.14304876 1.49072683 1.38586509 0.881835163
    0.732066154 1.14524877 1.25523221 1.65248322 1.47910678 0.80738467
    1.25250876 0.701723218 0.906811118 0.857717097 1.15860856
    0.855751336 1.2389462 1.40722477 1.3193357 1.503654 0.655574918
    1.19229639 1.39525855 0.821128905 0.711681724 0.839400947 1.46655548
    1.64246762 1.01103616 1.10861504 1.07962096 1.62375665 1.48728704
    1.56288707 0.916422248 0.653817296 1.10662985 0.623115957 1.06816065
    1.2566092 1.59580576 1.08177495 0.992630184 1.52115273 1.14759743
    1.47828579 0.985646665 1.6115489 1.4223175 1.60575628 1.47798359
    1.08163738 1.41409695 1.18138421 0.953839302 1.65465653 1.4889524
    1.20140517 0.732098341 1.09600198 0.770194113 0.76053673 1.43695986
    1.61518013 0.787525892 1.07616532 1.24265468 1.33388567 0.966527343
    1.34335613 0.776983082 1.24622262 0.862354577 1.09356332 0.742390394
    0.698154449 1.6066246 1.42241859 0.893522799 1.14227057 0.663594961
    1.19582105 1.13935196 1.22894752 0.860738397 0.802293956 1.63272798
    1.17363715 0.961044788 0.698564291 1.29549789 0.792077363 1.44192004
    0.84457773 1.17392015 1.45420074 0.846312165 1.13113689 1.57036734
    1.36722684 1.23402822 1.04849458 0.954417765 1.45506716 1.23910654
    1.05565345 1.44878674 1.5260843 1.55661368 0.687949002 0.717149436
    1.35108864 0.948871791 1.25335491 0.581200182 1.43407571 1.1116153
    0.676776648 0.908010304 1.41912651 0.823414624 1.34636509
    0.744220078 1.16113627 1.47717929 0.822138906 0.700333416
    0.702428758 1.20764518 1.2300545 1.02153599 0.969253778 1.45733809
    1.08629 0.987291992 0.826100111 0.680743396 0.75482142 1.37637079
    1.27162695 1.06217396 0.720720053 1.63726294 1.59421897 0.891934693
    0.816457868 0.645687103 0.757885158 0.750722945 0.962284088
    1.17809296 0.690492928 0.703656852 0.985409975 0.9575001 1.1662823
    1.4819988 1.35871422 0.651807785 1.30727243 0.884177387 0.802700222
    1.08962512 1.27735233 0.490837127 0.571011007 0.449023783
    0.594220817 1.04754376 1.19779873 0.89873898 1.0043925 1.62299335
    1.36663878 1.11994016 1.15558791 0.96661669 1.64929307 0.912514389
    1.53326726 1.26651454 1.19482362 1.43978131 1.6812135 1.59793556
    1.46909606 1.10727262 0.934397697 1.46298671 1.65574372 1.48624444
    0.935874879 0.75105232 1.23736882 0.90290159 0.896795928 1.38172829
    0.769547284 1.55631554 1.28504944 1.66447234 1.61588681 1.40531385
    1.60304523 1.04093921 0.959247947 0.777367234 0.930050611 1.54659355
    1.13912547 1.03212261 1.43160462 1.54831731 1.35236681 0.944207132
    1.01092529 1.43843448 1.3461833 1.12181842 1.31944978 0.938632727
    0.902372837 0.802100241 1.34100223 1.52815247 1.29819155 1.03043425
    1.19730794 1.15584767 1.39657009 0.91567266 1.40207553 1.10597527
    0.792983413 1.60802948 1.4334501 0.664954066 0.632510662 1.2618618
    0.798020124 1.15730381 1.10874891 1.11824417 0.90750128 1.52906764
    0.991586387 1.29805422 0.64198941 1.03790271 0.880365849 0.974289656
    1.64723992 1.29061282 1.64074481 1.47685075 0.953064203 1.72828639
    1.51872206 1.21844196 1.16090882 1.1584276 1.56321406 1.66085911
    1.06546378 1.07801437 1.08181047 1.03309774 0.852331161 1.07487357
    0.839103758 1.13560951 1.08381033 1.29051411 1.33483589 1.56078136
    1.46195316 1.36021078 1.10690784 0.779170096 1.60943282 1.39722228
    1.19851255 0.736646771 1.02746367 1.34138703 1.47170067 1.38877332
    1.61516595 1.08524525 1.5137459 1.24837232 0.871765375 0.633691311
    1.40999436 0.878849864 1.51322675 0.705325127 0.848330438
    0.886618972 0.847225726 1.59066176 1.40770924 1.36738539 1.57195675
    0.755579889 1.33585286 1.19230974 0.728571415 0.996948361 1.36998975
    1.04775369 0.759002626 1.45464647 1.48083425 1.3281852 1.5527606
    0.696789026 1.16997433 1.11370409 1.01315618 0.717062533 1.48920918
    1.50148237 1.00106704 0.931501329 1.02553177 1.52552068 0.714110196
    0.718409061 1.548383 0.753237426 0.988584459 1.31715631 0.835503519
    1.27979183 0.750450492 1.58463335 1.1055373 1.49849021 0.752003908
    0.792145133 1.25487936 0.749048948 1.01925611 1.56589448 1.51937032
    0.636626661 1.02470958 1.08681202 1.47338319 1.20774436 0.750090957
    0.850129247 1.13003647 1.42453742 1.31887853 0.72363615 0.633892477
    0.987187147 0.727640033 0.781080842 0.694712996 1.2033354 1.17048442
    1.30686474 1.16233861 1.63948059 1.50945079 1.21608782 1.0552845
    1.09853458 0.743170083 1.19392419 0.701734304 1.4360342 1.34235024
    1.39224446 1.39229429 1.40615392 1.22429872 1.46206605 1.66755557
    1.28881216 0.6706388 0.951414049 1.19443083 0.971097827 0.681325078
    1.14242887 1.07367706 0.62771374 0.958316743 1.29702759 0.854306936
    0.972260058 0.661454797 1.47832859 0.685510576 1.16173351
    0.840964913 1.51033282 0.773439646 1.38436651 1.41692138 1.08019924
    1.53920162 0.915523887 1.56688559 0.658667505 1.39599752 0.848140061
    0.911600709 1.05824268 0.920205772 0.980545223 0.903286159
    0.832477927 0.747900903 0.757417679 1.38766301 0.539992273
    0.644816816 1.19124615 1.19323683 1.47114456 1.34835041 0.930952609
    1.25215948 1.36711514 1.10628617 1.20194638 1.46769166 0.903245986
    1.26804936 1.31094897 0.922654092 1.72364342 1.54908633 0.811592996
    1.36573446 1.13385701 1.68907261 1.44419599 1.14999044 0.925887167
    1.57098293 0.975471973 1.19602144 0.857784808 1.52806079 1.10476744
    0.919861078 1.32518387 1.17117989 1.64226794 0.883430064 1.37456405
    0.854716837 1.45786154 1.57707858 1.65321851 1.59539711 0.99735111
    0.95417428 1.35311925 1.53549826 1.05159914 1.16107988 0.853162587
    0.707429528 1.04100537 1.6503588 1.06806409 0.823133171 1.1268605
    0.725312769 1.62824535 0.817146361 1.59571385 0.945629299 1.52495766
    0.963073552 1.16668999 1.21001387 1.45287597 1.31099892 0.80209136
    1.02075648 1.13673592 0.700450718 1.31108057 0.897385359 0.653671086
    0.985302091 0.845528841 1.0119369 1.60448658 1.43598819 1.39451778
    0.852480173 0.855004132 1.5104779 0.997819543 0.712373555 1.06787276
    1.15359628 0.983862579 1.40477598 1.62839985 1.3780843 1.65092278
    1.53916276 1.3150878 1.27713633 1.57601881 1.0546788 1.18707442
    1.55729413 1.62509573 1.19789314 1.02862012 1.1939075 1.499704
    1.0324086 0.834611356 0.737636387 1.37107813 1.01557148 1.09892201
    0.84654355 1.37292576 0.963631034 1.59552622 1.36124516 1.53625154
    1.65134788 0.76433897 1.13439357 1.59757495 1.48723304 1.63073993
    1.12743461 1.58094323 0.763188243 1.03185582 1.54696858 0.712716281
    1.54577661 1.26909125 1.5958091 1.5975858 0.928269446 0.862654567
    1.5478673 1.0674727 1.64682269 0.981039047 0.7512573 1.00524282
    1.69192064 1.34117591 0.795091391 1.39819527 1.38532567 1.1092242
    0.720297575 0.904042423 0.907877266 1.01653039 0.919349849
    1.28949594 1.40718913 0.99177587 1.54495668 0.81639266 1.56723678
    0.762312829 1.06460333 1.40731323 0.725499272 0.728131711
    0.981921136 1.29490197 1.18637431 0.80162251 0.987830997 1.4456383
    0.616138875 0.909807861 0.671209216 0.913100302 1.38704717
    0.845538855 1.02374315 0.973338664 1.49208081 0.743972182 1.23824823
    1.23572075 1.50795925 1.53174698 0.653618455 1.01288044 1.12791097
    1.07971585 1.26097846 1.56828892 1.20415509 1.46653879 1.44092512
    0.860891163 0.969095647 1.06538105 1.52988291 1.66356385 0.975854456
    1.63079643 0.705655575 0.913553059 0.996801555 1.12243569
    0.912725329 1.44219959 0.628810585 1.46365452 0.784235835
    0.695747077 0.764673293 1.30334413 0.654767871 1.31570089
    0.799458623 1.06633437 0.688111126 0.667005062 1.58206308 1.02549613
    0.67527163 1.05624652 0.67053318 1.64844644 1.56017518 1.24239254
    0.857550025 1.35532427 1.60885775 0.851292074 1.4756211 0.791242123
    1.53048897 1.30432153 0.951922953 1.13867366 1.06904554 1.63930297
    0.921628416 1.5661763 1.41189075 1.13525701 1.45280242 1.09714127
    1.33327627 1.46543229 1.01710939 0.988046825 1.18861735 1.04754913
    1.55701375 0.849298775 0.989976823 1.03032088 0.911151886
    0.998995483 0.880572319 1.20398033 0.971549213 1.28548861
    0.852648199 0.720184565 1.36230218 1.21436918 1.59628713 1.02463973
    1.64136147 1.37205839 1.17586815 0.946776688 1.4954468 1.3015269
    1.64274573 1.12365222 1.07727277 1.00974035 1.27835226 1.54072618
    1.56469166 1.24178851 0.920533836 1.59556973 0.772101879 0.82284528
    1.1092782 0.90655458 1.61663735 1.49528837 0.8858096 1.16910577
    1.42760932 0.773709953 0.770796478 0.92511487 0.95742017 1.5865978
    0.884648979 0.863793433 1.29828763 1.34521914 1.04139984 1.65289748
    0.959563315 1.60290635 1.32651508 1.19919908 0.982414067 0.758810461
    1.33856642 0.979325235 1.69122565 1.47860146 0.888533056 1.13232565
    1.65615737 1.08661664 1.36345625 1.44164252 1.276564 1.68052101
    0.781841218 0.928144693 1.49932563 1.55243587 1.01135457 1.2585336
    1.38274765 0.87003243 0.89524442 1.22496903 0.681615889 1.54590869
    1.54133761 0.96369803 0.866640747 1.29432654 0.908243299 1.34803963
    1.51367176 1.46153343 1.47074282 0.856047451 1.14339781 1.42198014
    1.47698605 0.771006167 1.60240543 0.719051123 1.13904631 1.25364566
    1.65973747 1.27321994 0.75057143 0.792142272 1.17382777 1.30163002
    1.66073108 0.897141278 1.43962729 0.969404399 1.36547363 1.46724653
    1.42258561 1.4969722 1.02642024 1.18949163 1.06125927 1.33944631
    0.776270449 1.27873528 1.09087574 1.25466168 1.30649889 1.27265561
    0.95345819 0.916634321 1.04765344 1.52542555 0.916688919 0.872140765
    0.750212133 1.37416732 1.67413819 1.15849745 0.992332816 0.859923244
    1.3212415 1.44430649 0.693338394 0.882916152 1.52944493 1.09324086
    0.873871505 1.32387161 1.19895124 0.701648951 1.18079937 0.89469856
    1.60510206 1.09014404 1.65086854 1.61427963 1.08245635 1.32615554
    1.24161744 1.20740128 1.63798308 1.13036072 1.04432142 0.987524748
    1.15277672 1.4107585 1.510252 0.84107554 0.751930416 1.36640668
    1.13998115 1.28484285 0.735349119 1.01155674 1.40054417 1.36988282
    0.927773833 1.19916487 0.996044517 1.05749583 1.58392572 1.16694748
    0.951884449 1.28426504 1.45519853 0.991391659 1.31702065 1.39485335
    1.62597024 0.928941905 1.50229287 1.22361386 1.06102765 1.36920857
    1.00840724 0.936235785 0.801529586 0.688216269 0.807144344
    0.874777973 1.49847186 0.853561103 1.63924766 1.00150907 1.55630994
    1.31131661 0.67445612 0.971235991 1.24371266 1.10798931 1.53600144
    1.6198889 1.07744181 0.806242347 1.02568626 1.31373715 1.21872008
    1.05521154 1.07896304 1.22393835 0.679844081 0.791646481 1.04268026
    1.12211931 1.34018815 1.16230261 0.788714886 0.778168678 0.903045893
    1.62752736 1.18362796 0.80161947 1.28917992 1.59425116 1.23346293
    1.34225512 1.19510055 1.13661194 0.838053167 1.54017067 1.5172559
    0.957631826 1.52260554 1.50397182 0.689937651 1.35346985 1.58529878
    0.808541298 1.12101972 1.50426924 1.1578145 1.35115707 1.12671781
    0.752023637 0.783850014 0.748213828 1.073475 1.41759908 1.09660101
    1.0778172 0.816145778 1.65026116 0.673665822 1.31094134 0.737187743
    0.92210871 1.06506503 1.18128932 0.879344225 1.07885456 0.358502269
    0.915833056 0.61957258 1.05808437 0.764115334 1.09817505 1.48892069
    1.36125064 1.22167015 1.13809311 0.90802896 1.10465837 1.44115996
    0.780249536 0.892716527 1.06821144 1.55078578 1.41009915 1.32207286
    1.27758908 1.22400963 1.48245549 0.927137136 1.15039027 1.59581959
    1.00015521 0.73753649 1.50997579 0.713641942 1.65685296 1.55122876
    1.24380314 0.982235491 1.40503836 1.12579668 0.820519745 1.3942554
    1.33812261 1.66510558 1.46673405 0.898017287 0.844200313 0.803691685
    1.36980796 1.37413657 1.02737033 1.6574508 0.754260182 0.747207642
    0.844321609 0.929992318 1.40215266 0.859258473 0.997606575
    0.96016711 1.41624177 1.54126024 1.55215108 1.09497607 1.47926462
    0.880126953 1.02673364 1.53589308 1.32242 1.38134181 1.42441773
    0.855188668 1.51913917 0.665293455 1.43830895 1.41373336 0.913046598
    0.687112212 1.0895623 0.835407317 0.934744418 0.716798127
    0.806277335 1.28336108 0.692324042 0.911005914 0.71249032
    0.690736592 0.749881506 1.33422816 0.873012185 1.23587167
    0.953286171 1.57592714 0.991379797 1.09855819 0.866200924 1.45676291
    1.66784871 1.28145337 1.45780134 0.985173464 1.52974272 1.20401382
    0.972631574 1.507725 1.41267204 1.48744583 1.03241813 1.52291501
    1.30869222 0.679472625 0.832708061 1.4938333 1.4925406 1.25275016
    0.964506507 0.958180487 1.1085999 0.814706385 1.00205636 1.18601203
    0.752682328 1.08753252 1.60257995 1.13899446 1.21018672 0.770582378
    1.29083562 1.36104476 1.06265569 1.28127635 0.926335752 0.910063863
    1.38514459 0.772588134 0.632335424 1.26650739 1.30033112 0.956211567
    0.79925698 1.65746462 0.937970579 1.19823301 1.68097699 1.16291177
    1.02804303 1.41006017 1.54589188 1.69189966 1.59255314 0.719565332
    1.37927341 0.803984404 1.44097114 1.62900424 0.801594138 0.776843131
    1.31771183 1.310166 0.676047087 1.32247078 0.7775684 0.880843341
    1.55920637 1.31868529 0.864888906 0.747241795 1.11141276 1.25218248
    1.37862396 1.17031145 1.5397352 1.51806009 0.999609113 0.875072777
    1.57500029 1.54101419 1.39590192 0.754630327 1.61418843 1.48200905
    1.45675838 1.56574774 1.63033581 0.90154922 1.45627344 0.705461621
    1.08918369 1.17073524 1.49925375 1.0219959 1.03596795 0.766501248
    1.43557143 0.818262756 1.13536382 1.01125216 1.52024341 1.05839896
    1.32706642 1.08353734 1.05234289 1.14855838 1.25244701 1.13766015
    0.745852709 0.681854486 0.87868011 0.635580361 0.693527281
    1.48732436 0.913695335 0.965983987 0.777063072 1.25492454
    0.927061975 1.34284174 1.12076569 0.811180651 1.14063907 1.45037389
    0.777558267 1.2519989 1.42867339 1.02318859 1.16517615 1.07634199
    0.868744731 0.792125463 1.46379375 1.15097797 0.641241312 1.59919679
    1.09134364 1.02474999 0.681305766 1.11975789 1.4341718 1.09810305
    0.804495871 1.19500613 1.24118745 0.980237365 1.16873038 1.08315587
    1.01369774 0.732679367 1.62784529 0.908558667 1.28652132 1.13150239
    1.41768563 0.871814013 1.54928672 1.46090567 1.09728944 1.38443959
    0.942934871 0.450670421 1.10469294 0.66705811 0.986700833
    0.934663892 0.683931947 1.02030575 1.69205368 1.18651056 1.39189386
    1.00531113 1.13379431 1.65387428 1.57730114 1.39760399 1.64781356
    1.06476915 1.28026021 0.954645634 0.755265415 0.793260753 1.22782648
    0.772243261 1.3522743 1.26271963 1.08428204 1.40342581 1.25695467
    1.10107219 0.832758367 0.997218311 1.25808883 1.21033275 1.20065868
    1.43518043 1.10829782 1.29740024 1.31565046 0.77861917 0.946195483
    1.46478152 1.38176763 0.964529872 0.947457612 1.21077907 1.21472156
    0.986332238 1.04603779 1.65301216 1.44159198 1.52442741 1.48221934
    0.72599566 1.06262887 1.57284725 0.71111697 1.25767028 1.01644278
    1.40739846 1.17739749 1.19977224 1.3119874 1.47379732 1.66629696
    0.794460714 1.04879057 1.31396127 1.07424772 1.24789667 1.37410426
    1.44664216 0.611285031 0.879691124 1.60597169 1.4499718 1.36275411
    1.27206671 1.46634066 0.850425303 1.43497634 1.06793094 1.54387081
    1.15136063 1.48320878 1.5524615 1.21258247 1.04491425 1.57847691
    1.4039185 0.798604786 0.709054589 1.11700714 0.964922965 1.03410828
    1.19249618 0.929153144 1.2971251 1.4305203 0.846643329 1.00949836
    0.924057066 0.727830946 1.38469517 1.16241193 1.25245249 0.73115027
    1.18826222 1.5562886 0.751297712 0.756665528 1.46771514 1.17354763
    1.34771967 0.774854541 0.767291665 1.48562515 1.65875494 1.19296122
    1.10591006 1.06466591 1.44618595 1.60763323 1.15746093 0.710222065
    1.64077663 0.681700766 0.693677247 1.04649067 0.851360917
    0.931609213 0.753291309 0.658765435 1.28367424 1.23273575 1.06169736
    1.57076955 1.63357341 1.56542325 0.889670908 1.04725564 1.56641221
    1.26975 1.1144979 0.882811606 0.767377913 1.43013954 1.11988795
    1.17145014 0.901070476 1.54740322 1.44484353 1.38911688 0.859233499
    1.223858 1.6218363 1.55683482 0.854011357 1.60051084 1.18662953
    1.63927555 0.870790541 1.00956607 1.43776298 1.51220608 1.03397691
    0.919565976 1.22225177 0.830630898 1.26155722 1.06423938 1.54393256
    1.05969715 0.65225786 0.951309979 0.840318143 0.786912203 0.79942888
    0.752391934 1.09571147 1.25891483 1.33238077 0.75869149 0.789056122
    0.984167516 1.3611722 1.34324884 1.30659187 1.56627095 1.28561556
    1.32269609 1.30625582 0.725077748 1.22765326 1.48303664 1.15331209
    1.25770724 1.42864656 1.35162687 1.20884514 1.38450623 0.97503525
    1.10744572 1.24641073 0.746914327 1.17853427 0.672103047 0.877901137
    0.789069712 1.25287652 1.30040765 0.999241769 1.08556902 0.735814214
    1.47333896 1.42785549 0.874812305 1.02482891 0.778689921 1.42085981
    1.34210634 1.50800538 0.845124304 0.995663822 1.05063498 0.635732293
    0.793076158 1.03514826 0.943154573 1.43293881 0.831662834 1.22742796
    1.05490923 1.48895586 0.750652552 1.11293066 1.38770652 0.893089235
    0.842399001 0.992184997 0.717745543 1.4563899 0.715858459
    0.671399474 1.61957502 1.62217104 1.55160928 1.04617846 0.809439361
    1.51307809 1.02832508 1.21866453 0.982888877 1.35429871 0.740099669
    1.11497879 0.732230306 1.38100636 0.393737465 0.666295767
    0.798752785 1.39743757 0.59981811 0.933403969 1.06925893 1.43399179
    1.59567881 0.843226433 1.64215302 1.33836818 1.39970863 0.853148401
    1.24098718 1.37626302 1.52054381 1.10250986 1.48153067 0.824185491
    1.14182436 1.32998896 1.12196279 0.865243018 0.883598983 1.11782146
    1.52671182 1.14965785 1.33337557 1.22023594 1.52371514 1.16709185
    1.19073176 1.44645905 1.18543637 1.6833297 1.17928135 1.58042574
    0.894749582 1.5948863 1.47771442 0.981070876 0.944806933 0.773369372
    0.891947746 1.35976744 1.6063168 0.727948606 1.50355279 1.1918844
    1.56206191 0.706319928 1.60939384 0.935956597 0.927545846 1.3495841
    1.26178265 0.850612283 1.2079314 1.16801238 1.44790792 0.71060127
    1.40029001 1.13907468 1.31239176 1.37011433 1.18400121 0.678854704
    0.759413004 1.51780057 0.78273505 0.861847043 0.881173551 1.34082127
    1.34988809 1.68657649 0.759145141 1.51261306 0.887823522 1.56211495
    0.938880801 1.28762043 0.907240152 0.67640245 0.994544089 1.34896505
    1.08681798 1.50159049 1.60281885 1.12214017 0.996903896 1.62612116
    0.826327801 1.16569984 1.64655912 0.862082481 1.44816101 1.42827654
    0.720407426 1.47796011 1.52817941 1.05526161 1.36889732 1.37803447
    1.16596293 0.677286386 1.46857834 1.48058558 0.64985621 0.916242301
    1.15988696 1.478284 0.922947824 0.806118548 0.738749564 1.65846217
    1.61429846 1.33235598 1.43051982 0.758656204 1.48198724 1.40369701
    0.809916258 1.07566833 1.0295006 1.22426116 1.1890223 1.55517173
    1.23215115 0.943745732 1.05528378 1.06128454 0.679804921 1.19817734
    1.58674061 1.09270477 0.900621831 1.1112107 1.09858322 1.68266404
    1.57766497 0.75442785 1.54729617 0.912482202 1.17846704 0.750371397
    0.680730343 0.750699699 1.61546993 0.940496325 1.10570002 1.61444569
    1.38940954 0.734125137 0.977896512 1.60858333 0.963579953 1.21412086
    1.40897 0.879799128 0.711541057 1.38637996 1.1746031 1.15311372
    1.2017951 0.649944782 1.13894558 1.36547172 1.24649751 0.934339166
    0.975050151 1.24284256 0.905376434 0.985232949 0.696908653
    0.79599905 0.955323756 1.27708972 0.764344692 1.21069467 1.41579628
    0.786710024 0.701519728 1.04737234 1.04607797 1.27865529 0.862149358
    1.18626499 1.1327194 1.21648967 1.17119789 1.19032848 0.774510145
    0.828629494 0.711437821 1.16708827 0.83055222 1.08864641 1.3467201
    1.24217474 0.865497291 1.1356374 1.36662126 1.51144123 0.848519564
    1.39852989 0.842440248 1.60271549 1.13817894 0.697099268 1.16256952
    1.28799832 1.61686039 1.36973751 0.729917765 0.674517035 0.706133306
    0.936223209 1.30611682 0.977500737 1.39155757 1.04052937 1.47663736
    1.47764111 1.10213137 0.96515435 1.31242251 0.804506779 0.697839737
    1.04993427 1.62728453 1.07876813 1.39809525 1.10285568 1.20063853
    1.24636173 1.48188233 1.10979819 0.758271039 0.849771261 1.53957748
    1.05220234 1.39155591 1.27294147 1.32645667 1.11816943 1.16233456
    0.738791406 1.51120794 0.929171562 1.41483259 1.05945563 0.748800695
    1.04543686 1.21983564 0.972441077 0.997701466 1.10928524 0.669326782
    0.931806862 0.77340579 1.50099778 1.09569919 1.31333745 1.16543782
    1.17374456 1.47804022 0.931530178 1.44401753 1.10167325 1.30213094
    0.751685858 1.57511795 0.847539663 0.917428613 1.05505908 1.61221981
    0.98461622 0.685791433 0.917717874 1.3744688 1.27707899 1.66328835
    1.14897907 1.63528037 1.10356581 1.31604838 1.15062928 1.08710158
    1.67103004 0.902314365 0.738346398 1.28717875 1.41825497 1.07971883
    0.735236406 1.1785996 0.731593609 0.888983071 1.29186714 0.894931614
    1.05082142 1.50679457 1.60977459 1.39556849 1.52821457 0.729574919
    0.852416873 0.921921849 0.763314843 1.33173537 1.16184652 1.59713209
    0.881883442 1.10281599 1.07641196 0.838347793 1.41745424 0.797764361
    1.37501776 0.850552976 1.26517808 1.33401549 1.30765164 1.26197934
    1.40676188 1.30898666 1.18466341 1.13569629 1.42646992 0.76283586
    1.43502212 1.38129866 1.57128203 1.16797149 1.033705 1.62776124
    0.752482831 0.955072522 0.928883791 1.32201564 0.990264595
    0.664689124 0.804591477 1.55142534 1.35361016 1.19248557 1.55836546
    1.42592025 1.26429868 0.828941524 1.30114031 1.37152195 0.795599222
    0.847829342 0.868898749 1.05639482 0.916502655 1.23750567 1.05510843
    1.49956667 0.919796884 0.815674722 0.982916534 1.24622166
    0.920478642 1.54959476 1.13203144 0.831799865 1.30525684 1.17309642
    0.83073014 0.772289693 1.62989366 0.9169842 1.63131976 0.671002269
    1.45649874 1.02654386 1.35642576 1.28568518 0.67090255 1.59693801
    0.712408543 1.19492579 1.32836473 1.42180204 1.16238272 1.23248065
    1.35369873 0.740275919 0.898272455 1.19679677 1.30994892 1.1048733
    1.09169638 1.46991229 1.06963599 1.0833261 1.61524177 1.37487471
    1.08062148 0.815833151 1.53105175 1.58377707 0.851977229 0.99544245
    0.856828213 0.830572307 1.60664177 1.27128279 0.975858331 1.49627757
    1.17072606 1.21024299 0.848780155 1.38955462 0.844522536 0.992971122
    0.654274285 1.31180286 1.14617562 1.24706411 0.820560634 0.662326157
    0.681257308 0.729576886 1.15898275 1.50977182 1.42283058 1.61442053
    1.38786697 1.0097599 0.676751137 0.81142509 0.956638575 1.06013632
    1.39992201 1.59642136 1.58593762 1.33658171 0.945376933 1.18042088
    1.30629897 1.68365669 1.4371655 1.54336274 1.32632709 1.63214481
    1.53404379 1.00082541 1.19176388 1.28625727 1.31010759 0.744874954
    1.14642632 0.927995384 0.850961387 1.54194677 1.37296081 0.904711783
    1.45792592 0.716935098 0.737192035 0.707226098 1.42213714 1.3140142
    1.20230699 0.741683662 1.1508404 1.27951324 1.3048842 1.21066034
    1.10052383 0.81398654 1.52170777 0.673514247 1.34688747 1.40318799
    1.58427179 1.33759224 1.11505604 0.850310385 1.24449039 0.821331084
    1.0337373 0.716576815 1.43045807 1.39473867 0.874020755 1.46389174
    1.67722321 1.52678263 1.22395134 0.723563552 0.785673499 1.0967685
    1.01482844 0.983749747 1.41045821 1.00256133 0.819090545 1.43428099
    1.16726446 1.20078218 1.48475897 1.63896203 1.53010213 1.16075468
    1.40073824 1.19295835 1.28993559 0.782243907 0.817706704 0.456717104
    1.15320158 0.826748908 1.461748 1.16636229 1.37658942 0.775294483
    1.58777678 0.696525693 1.52989602 0.830402374 0.801866651 1.11661947
    1.37074232 1.1908021 0.730360329 1.24429333 1.57461691 1.34158719
    1.50490177 1.55042386 1.12185144 0.910842061 0.843097389 0.929873943
    1.13751006 0.915678918 1.48201025 0.731717587 0.842574835 1.41157126
    1.30708122 0.858989775 1.5538398 1.34111595 1.47967291 0.933565438
    0.804357767 0.750290394 1.25585341 1.4121033 0.912300169 1.43380964
    1.17913175 1.5036478 1.10580289 1.13246143 1.39571106 1.48832703
    1.41004658 1.65935004 0.968325138 1.5360229 1.14466226 1.58833182
    1.17475486 1.65497017 1.28753448 1.09023273 1.20656204 1.26031733
    1.04442883 1.23847032 1.02019215 1.11226404 1.16396224 0.983687639
    0.912835777 1.21357358 0.941758871 1.12913239 1.33466172 0.782143593
    1.41486037 1.61726582 0.984257698 1.25861597 0.892958522 0.974214315
    1.14311981 1.04189384 1.51405144 0.816051364 1.33736014 1.44171274
    1.42773151 0.904533148 0.819485545 0.868537068 0.787469089
    1.64130998 1.52652287 1.35078621 0.999271452 1.49307489 1.11928332
    0.855588257 1.11585152 1.64430833 1.12160885 1.4698981 0.686653972
    1.59789383 0.840012968 1.12126553 1.60816312 1.57007444 0.674687147
    1.52823842 0.948771894 1.00079036 1.00740623 1.20264268 1.39297497
    1.57482076 1.54083824 1.62915897 1.17408156 1.57686257 0.921349823
    1.17262626 0.723497748 1.12420702 0.744431913 1.37194729 0.696580529
    1.36807168 0.889089167 1.09053242 1.08046854 1.34043896 1.02134669
    0.776313603 1.41821003 1.01759899 1.3671633 1.2438401 1.00710952
    0.849166632 1.05794823 0.737370431 1.48141086 1.1695416 0.708712459
    0.898354292 1.23902619 0.88355279 1.13099921 1.2602216 0.831225753
    0.7830351 0.938674688 0.761781514 1.60375929 0.857261777 0.839947402
    1.20651031 0.949793041 1.42457354 1.00018919 0.820966125 0.842251301
    1.39585376 1.45647061 0.835682809 1.36664069 1.34465718 1.35970402
    0.788865805 1.51173222 1.34487355 1.33929467 1.07092643 1.63777816
    1.20892704 1.33111978 1.04972994 0.957182407 0.843959391 1.39142585
    0.950776517 1.46089566 1.36600196 1.44499791 1.60600007 1.14115751
    1.14196324 1.04735625 0.97140795 1.38843179 0.710320294 1.08994257
    1.24099827 1.37493539 1.17299473 1.38164413 0.832483709 0.718239903
    1.20139086 0.904841721 1.00556612 0.688370109 0.922989249 1.36504805
    0.679784536 1.00302505 0.658893764 1.02714264 1.20256948 1.22357547
    0.970267534 0.950656533 1.27172339 1.14732039 1.00590527 0.71839124
    0.784685075 1.33004844 0.854307413 1.52471566 1.0428834 0.808878541
    1.2064929 1.3669436 1.39868152 1.28351319 0.758088231 0.635269105
    1.51834786 1.03417552 1.52839065 1.17905116 1.33449566 0.786931634
    1.49607241 1.39895988 1.2322917 1.34440625 1.35918784 1.12998629
    1.42273068 1.20635414 0.954549015 0.879895389 1.2807467 1.43069768
    1.38050032 1.20670652 1.42152345 1.69443929 1.12508142 1.14733291
    0.954829037 0.881065249 0.792796493 1.12998068 1.25893354 1.22113717
    1.07171559 0.668744981 0.850632131 0.985374153 1.48298156 1.42895401
    1.04865861 1.52081895 1.38834465 0.858614087 0.998887062 1.60094118
    1.02079916 0.819494009 0.89489603 0.903110147 1.53720784 1.62722445
    1.52022648 1.00595653 1.56867468 1.72324014 1.57875538 1.48756039
    1.4787904 1.30177021 0.795425594 1.49333441 0.828059614 0.999834657
    1.20272946 1.66566408 0.799708724 1.38313627 0.994545579 1.18273771
    1.55544221 0.712706923 1.51274538 1.54669809 1.32348859 0.984320045
    1.47768533 0.980494082 1.39683211 1.13171387 1.58662355 1.58413243
    1.25037968 1.59670329 1.30665541 1.0410744 0.969519615 1.12962949
    1.04319513 1.13549113 1.1042136 1.69000471 1.5301125 1.14465034
    0.860666692 1.38868165 0.840853989 0.9420349 0.682333708 0.65351212
    0.734010875 1.31201184 0.932205915 1.36320901 0.774182618
    0.792650938 0.762012362 1.19099569 1.58094537 1.27905297 0.952926099
    1.3606956 1.60588336 0.769320667 0.985832036 0.910152435 1.35015225
    1.24921632 1.05166495 0.761845767 1.47918606 1.03398812 1.21076858
    1.47127533 1.18700838 0.72395438 0.833355963 1.04576051 0.747741997
    0.935880244 1.20965326 0.899108768 1.14956462 1.37741029 1.09061253
    0.913553953 0.686579347 0.85052073 0.849646747 1.39870679 1.01524317
    0.680776358 1.22451377 1.57561946 1.61269689 1.21088588 1.5883019
    1.55044663 0.879840374 0.930250347 0.911747158 0.867776811
    1.37653267 1.0034349 0.865796685 0.812925577 1.37497663 1.02323675
    1.26269197 0.833029389 1.31960905 1.04469144 0.849267006 1.4183023
    0.973119915 1.64655638 0.904767275 0.929095566 1.42537546 1.64267218
    1.68701291 1.54454243 0.796346128 1.5447619 1.39074194 1.52031958
    1.52827239 1.36009514 1.19444346 1.35785663 1.39544725 1.2032789
    0.988942087 1.17519021 0.769788086 1.43573487 1.61799896 0.962562382
    1.43451774 1.4918313 1.3902694 1.36330235 1.35669875 1.53346634
    1.52493453 1.22387791 1.43780446 1.1975981 0.718949735 0.89626509
    1.35284698 0.932881713 1.442729 1.46775734 1.0851208 1.62550998
    0.663893104 1.00536489 0.818787932 1.53412569 1.50695181 1.43654454
    0.695968986 1.63837349 1.19205034 1.17589271 1.39759982 1.21966314
    0.928765893 0.818061292 1.3735168 1.2198807 1.56036949 1.01796365
    0.704385877 1.08588362 1.34847105 1.06321871 1.42279792 0.729434073
    1.2704438 0.994167328 0.654072583 1.5604161 1.29196262 1.38270056
    1.14011729 1.10403597 1.18181765 1.47191036 0.859543204 1.14747369
    1.07542765 1.22718644 1.38740063 1.29712105 1.3216486 1.10325384
    1.44777596 1.26883113 0.770986438 0.925191998 1.62752342 1.17958343
    0.972885668 1.30478072 0.718879879 1.02316809 0.733404696 1.42232358
    1.2199707 0.877554774 1.53182411 1.45505202 1.39702904 1.03371322
    1.09094465 0.755456507 1.22489774 0.792963266 1.1543957 1.02413547
    0.997564793 0.701487303 1.51116991 1.51236892 1.62904966 1.67392147
    1.53574491 0.866558969 1.35265076 1.00429606 1.0066191 0.578373194
    1.34623945 1.4159596 0.910815358 0.483675539 0.832723618 1.33804405
    0.745430231 1.09425819 1.40531051 0.811518252 1.68179047 0.87575537
    1.48828626 0.840908825 0.980660737 1.05632234 0.722561598 1.03509092
    0.853389502 1.15350342 0.722639799 1.26537228 0.699775815
    0.942239046 1.67767215 0.981312275 0.744155705 1.6432544 1.64516628
    0.922282755 1.34246886 1.62121546 1.06101596 0.937801659 1.55383909
    1.60900664 0.831588745 1.43194759 1.08893144 1.01121664 1.30471277
    0.834593534 1.48092782 1.64460516 1.55527103 0.954600096 1.43915105
    0.858781636 1.30522931 1.49720216 1.6001507 0.781398058 0.879137337
    1.63253474 1.54480386 1.5175401 1.3380729 1.33175373 1.21480465
    1.08794487 1.31136203 0.975622237 1.43427765 1.51162922 1.60040367
    1.21704531 1.43744469 1.01395977 1.42053568 1.6417526 1.28636825
    0.956501603 1.44742 1.49289894 1.27515197 0.721076667 1.57002187
    1.23892868 1.68785048 1.58925831 1.47239256 1.55902231 1.49004924
    1.11468852 1.62650907 1.63383996 1.10746253 0.830813468 1.60099161
    1.5363102 1.01966274 1.6844418 1.01793694 1.37769222 0.775477707
    1.35014248 1.54635406 1.27856135 0.82366538 1.20054102 1.36956596
    0.752013743 1.46203351 0.974275231 1.489941 1.49304616 0.995676279
    1.57405198 1.4507221 1.22619402 1.53989351 0.628632724 0.788368046
    0.645200551 1.06534636 1.57775438 1.44957495 1.05155158 1.17267513
    1.35129046 1.52399004 0.974248767 1.35677052 1.00325656 1.19820535
    0.800375104 0.616039932 1.10723591 0.749082804 1.03110743 1.16871786
    1.15549755 1.02196681 1.13054991 1.29692352 1.17803097 1.47448325
    0.88980788 1.63614821 1.64602196 1.68554342 1.06483233 1.00578427
    1.67437398 0.920690775 1.26610315 1.03866136 0.894052446 1.18256247
    0.754048824 1.51468742 1.35532892 0.933458328 0.923326254 1.60911918
    1.43421042 1.54754078 0.98564744 1.38409877 1.61023879 1.50750268
    1.38204813 1.29608059 1.54255629 1.25251544 1.26365626 1.19049001
    1.16144216 1.03577578 1.18637288 0.793614864 0.859721422 1.33978713
    1.28383183 1.30025828 0.641612649 1.17459202 1.40543842 0.729400575
    1.44967091 1.2887634 1.19187653 0.636986673 1.00780225 1.41307533
    0.69232583 1.01164234 0.845899403 1.66993916 0.857730448 0.92177093
    1.57767844 1.5294652 0.953915596 1.1626699 1.43309712 1.05106843
    0.939372301 1.24129307 0.661635041 1.47617018 1.07446396 0.77773267
    0.735841155 1.19451594 1.01116085 1.35868263 1.19534874 1.05042696
    0.702478111 1.52862942 1.03288937 1.33588517 1.10542142 1.1630578
    1.51122308 1.57974815 0.693698645 1.44925857 1.65142119 1.00301933
    0.889317274 1.12394047 1.61352527 1.08535886 1.38413119 1.03589702
    0.907536328 0.874228895 0.809645772 1.35825551 0.703698277
    1.50056684 0.67975533 0.919945538 1.34423387 0.909337282 1.37683797
    1.04722035 1.63013732 0.667497516 1.42477012 1.34378111 1.03446555
    1.17772377 0.810458302 1.08508384 1.31677628 1.06301129 1.62131834
    0.752525151 1.21306598 0.929216504 0.808388889 1.28379679 1.4080199
    1.46822333 0.46012193 1.12822926 1.32808995 0.902445853 1.07258344
    1.21408963 0.71755439 0.800588667 1.54134667 1.20004058 1.21780312
    0.681140542 1.59586239 0.717157125 1.45177531 0.841227591 1.59394312
    1.51873708 1.63239944 1.03074467 0.799933434 1.50699258 1.32247257
    0.95510155 1.34933341 1.46095061 1.52116048 1.16613817 1.19454527
    1.51678181 1.61263919 1.64436257 1.40244532 1.64698625 1.02028847
    1.47648597 0.962190688 1.62084925 1.45287299 1.00531149 1.26973462
    1.33801579 1.38295281 0.899663866 0.752332628 1.09416926 1.62470269
    0.901731074 0.92580533 1.55524445 0.899767816 1.43272579 1.54235613
    1.42676961 0.838285208 1.40817451 1.60891032 1.01372623 1.27164674
    1.45388556 1.50310326 1.19675565 1.52675188 0.678195179 1.61513376
    1.09115267 1.64076424 0.919839621 1.17742383 1.27768195 1.2636584
    1.61623907 1.65031505 1.46456766 1.63072956 0.918951988 1.18664098
    1.64000118 1.54179084 0.721605361 0.956995189 1.51205468 0.746764004
    0.877884924 0.962378442 1.28317249 1.2416873 0.951838851 1.31624043
    1.2962606 0.713822424 1.35130358 1.51770866 1.63112187 1.61721325
    1.22511637 1.74882472 1.69110346 1.60371554 1.64990354 1.18592131
    1.50434923 1.52812517 1.17733264 0.907411873 0.71364367 0.831429243
    0.945692003 1.00439036 0.746115625 1.13783979 1.42956316 0.880510509
    1.40402043 0.83660841 1.53323996 1.18832159 1.4605583 0.853782952
    0.9151088 0.820554554 1.10925078 0.698157549 1.23926294 1.15083957
    1.47439325 1.29944181 1.10750592 1.34674704 1.3206116 0.748214602
    1.39605224 1.2301296 1.46417153 1.69377041 0.989265144 0.959277868
    1.20120358 0.915172935 1.33380282 1.2617563 1.22427046 0.961577773
    0.944516182 1.51222754 0.786892772 1.11799264 1.40044498 1.00979459
    1.49411654 1.04491186 1.5068413 1.07145035 1.12885821 0.808825791
    1.65331936 1.60209954 1.67524874 0.852248788 0.747694492 1.65063834
    1.38718975 1.42301142 0.823373497 0.618616045 1.54237044 1.02295709
    0.603500724 1.23069263 1.28875387 0.828564405 0.896077931
    0.756217659 1.02784348 0.706338048 1.56897497 1.45210576 1.27083063
    1.52198327 0.74362123 1.01299369 1.10037148 0.644606352 0.931193471
    1.05548322 1.43469715 1.16046822 0.715574205 0.685575187 1.5904969
    1.27605283 0.791940451 0.681857884 0.906522512 1.10186148 1.3109777
    0.688291013 0.84365797 1.0532974 1.27827597 1.28084862 1.26656854
    1.31032217 0.830632687 1.13067472 0.925373495 0.755550086 1.46524906
    1.4675349 0.87127769 0.882755101 0.90349108 1.15903318 1.5600034
    1.36480677 1.41776502 0.650156438 1.60566556 1.25182474 0.949267268
    0.924582958 0.790009737 1.59186602 1.01349854 1.42009759 1.33145821
    0.668686688 1.33046424 1.43428969 0.764756083 0.648882985 1.28707325
    0.819087088 0.985380054 0.812792003 1.46567345 1.49714339 1.50552249
    1.6729058 1.64040375 0.97246623 1.52189064 1.56146646 1.13940275
    1.38045907 1.56356239 1.2691853 0.765899181 1.02046549 0.994272947
    1.40342355 1.56604779 1.68942118 1.62889934 0.727153599 1.2549547
    0.722184658 0.455464184 0.713064194 1.33373654 1.25614941 1.47326446
    1.31107616 0.717825353 0.748050094 1.07588851 1.33605695 0.761734188
    0.746408582 1.56021452 1.19299543 1.34526205 0.694741726 0.708754182
    1.30379248 1.56436467 1.23898602 0.815662801 1.1806922 1.43745089
    0.793423116 1.59381282 1.57312167 1.7064923 1.35829675 1.65021241
    1.32506263 1.67466867 1.40274072 1.04941118 1.47673261 1.1772455
    1.61280811 1.49386346 1.66796052 1.23301744 1.21045291 1.114393
    1.36434877 1.70386982 1.10054672 1.53995502 1.42000186 1.1633817
    1.0850507 1.23350251 1.12408304 1.61388886 0.988931775 1.59804535
    1.6503309 1.41191912 1.41901457 1.49525762 1.16478002 0.998824239
    1.6321733 1.37254679 1.45168352 1.3246274 1.58181846 1.31741047
    0.787874997 0.956549287 0.818266153 1.44275379 1.10114956 1.65020871
    1.16878223 0.833301008 1.20075798 1.34294128 1.61007833 1.01497579
    0.961668253 1.42745614 1.6065582 1.18278384 1.33389795 0.84687525
    1.64610589 0.961325109 0.823058009 1.14276206 0.84159559 0.722192824
    0.810624301 1.41811049 1.56385243 1.65940857 1.23020995 0.935299098
    1.23245955 1.44747484 1.2736026 1.49480808 1.62216866 1.64865077
    0.770141363 1.54762089 1.27472174 1.56290042 1.61967278 1.30739439
    0.718357086 1.40856338 1.18136835 0.807022512 0.811894655 1.42226481
    1.14067006 0.753781617 0.799650729 1.49238658 1.18785095 1.21294963
    0.858594418 0.836333275 1.42400277 1.40758276 1.41311824 1.41487026
    1.36064053 1.45255864 1.49990845 0.871588945 1.64673185 0.936570644
    1.52458322 1.67769027 1.64116633 1.60255671 1.59540129 1.42554021
    1.52740192 0.801982403 1.44154978 1.51547086 1.65201449 1.04336762
    0.883545578 1.51182854 0.669420898 1.61216879 1.47876489 1.43634582
    1.24886727 0.856565475 1.17894304 1.42315614 1.332726 1.30597794
    0.764129162 1.07333982 1.51743686 0.706394792 0.846627653 1.34931135
    1.02427578 1.13753521 0.888843954 0.605160475 0.824007392
    0.712543368 1.38610446 0.654466927 1.04332316 1.66467023 0.858946264
    1.53057003 1.40463626 0.686427653 1.51766598 0.962704897 1.50482059
    0.938412726 1.31663382 0.68953526 1.30740273 0.865210712 1.57245612
    1.25577986 0.718411505 0.788306475 1.36811984 1.09663057 0.796040356
    1.28297234 1.59094024 1.60317838 1.32658637 0.726632833 1.14511526
    1.24485242 1.27832174 1.03389537 1.1985662 0.813999534 1.14822888
    0.936045527 1.61226606 1.09431446 0.832294703 1.51318514 1.60687506
    1.320503 0.828857303 0.81486088 1.22180057 1.26795042 0.940131605
    0.727822125 1.46026051 1.47897208 0.729549527 0.778954804 1.07713902
    1.5597862 0.652343571 1.42355299 0.727562666 0.855890095 0.710303843
    1.25642407 1.58194423 1.23267984 0.764123559 1.29772842 1.04151452
    1.19431961 0.889705896 1.42350328 1.65408397 1.48121452 1.3253473
    1.22215176 1.19658053 1.52095938 1.38788545 0.768095493 0.654968739
    1.59419858 0.818806529 1.25216246 1.49426687 0.744547486 0.754583716
    1.50735605 1.31036389 0.748118877 0.964013517 1.15049255 0.852818608
    0.632555127 0.528647959 0.59205991 0.953623652 1.2463553 1.28027487
    1.01003265 1.19863451 0.850614965 1.27246642 1.09315324 1.03172469
    1.43946087 1.09838462 1.26910543 1.03044617 1.58298612 0.864110351
    1.51974034 0.899255335 0.728071988 1.35357547 1.71696973 1.74796653
    1.3411566 1.43314302 1.54341185 1.63312924 1.23798549 1.71331072
    1.28103662 1.0761404 0.893664777 1.01389682 1.03169405 1.01114964
    1.2481333 1.46864212 1.19762933 1.424348 1.74248302 1.61368072
    1.06531799 1.67451346 1.37554502 1.49856961 1.12571263 1.64012611
    0.952371776 0.933425188 1.18887329 0.838109851 1.50162423 1.22238123
    1.54214823 1.62281311 0.880385995 0.966570795 1.4123975 1.08995986
    1.00722563 1.60935533 1.09934533 1.15618479 1.35817206 1.15720117
    1.01243937 1.01549232 1.27454972 1.22447801 1.3530761 0.910052001
    1.17641997 0.79102999 0.776927173 1.51034451 1.12138081 0.772589445
    0.747248709 1.11673081 1.23131442 1.38363373 1.13383639 1.21663058
    1.59201705 1.00678551 0.998546481 1.40714777 1.61158681 0.895233512
    1.36186051 1.11818683 1.4775281 1.53618574 0.721001446 1.00314581
    1.32414567 1.49444199 1.68762159 1.41337788 1.44705021 1.19360888
    0.940608382 1.09389329 1.53173137 1.49213946 0.756979108 0.646874011
    1.25683117 1.37374997 0.823615313 0.818515778 0.933233619
    0.735411823 0.827296674 0.990001917 1.60084987 1.01146877 1.17603195
    1.21208024 1.58903587 0.933774292 1.42602539 1.25696206 1.13864326
    1.55774593 1.60752606 1.64674425 1.25460351 0.986073971 1.03249478
    1.67068768 1.22723472 0.779446721 1.05695462 0.909535766 1.58866596
    1.6366334 1.46408868 0.937132895 1.14242113 0.817884207 0.705281079
    0.681406975 1.03862214 0.694348872 0.972808659 0.849736691
    0.799256682 0.838475704 0.72953558 1.53495061 0.978291571 0.98077476
    1.2601794 1.47828627 1.46659827 1.20415449 1.49307907 0.711875021
    1.63728523 0.990773618 0.710505366 0.732774734 1.20684159
    0.660589874 0.664279938 1.24684203 0.821282446 1.61927032 1.01007843
    1.49178767 0.945650458 0.933769643 0.990046203 1.6715045 1.56256545
    1.27387929 1.28247929 0.789110422 0.908213735 1.53100801 0.918919981
    1.20951855 0.896799445 1.09657156 1.18478644 1.64777946 1.02654517
    0.697627485 0.901328862 1.19154608 1.28151166 1.04799271 1.26047909
    1.31313062 1.26403153 1.0113976 0.968542993 0.984386206 0.864781916
    1.45762813 1.34940791 1.58567584 1.06972861 1.18858016 0.971794307
    1.18018234 1.0578326 1.66281235 1.21762884 0.94990021 0.789567411
    1.06829488 0.710471034 1.26055253 1.45008504 0.89483273 0.908333302
    0.996214986 1.11585081 0.723469675 1.29416645 0.824787438
    0.958329201 1.09330237 1.35925221 1.52956927 1.33156788 1.62991011
    0.746956825 1.05745459 1.19728684 0.819706321 0.781574667 1.07169676
    0.97834903 1.15002811 1.15783763 0.659793496 1.59533298 0.838579416
    0.769519627 0.965021491 0.824057162 1.30142665 1.45743179 1.02184415
    1.30257189 1.56178331 1.62186313 0.932860732 1.16461897 0.574575543
    0.631417155 1.38780057 0.680313647 0.940018475 0.475310206
    0.949381888 1.53505397 1.34031212 0.792276382 1.34710217 0.874205709
    0.952986896 1.64832544 0.910148919 1.38027275 1.60228169 0.750903547
    1.11650169 0.893493295 1.21266389 1.25655091 1.41888559 1.11751544
    1.29854858 1.29797816 1.62300587 1.72005832 1.07113135 1.57440555
    1.75843859 1.71659362 0.854914248 1.32841551 1.59344542 0.965431869
    1.68987107 1.24403226 1.32942963 1.49624395 1.30999243 1.02629673
    1.34798682 0.858837485 1.62834346 0.930732787 1.08956087 1.09998393
    1.45875692 0.864825249 1.56421137 1.41574883 1.40362549 1.54913485
    1.52989042 0.945762634 1.41443241 0.918992341 1.22892308 1.6588099
    1.6864537 0.791842461 1.17200935 1.69928551 1.02278948 0.984936595
    1.66182637 0.667359889 1.0010829 1.48856318 1.3296243 0.732796192
    1.03517413 0.820855379 1.4301877 1.63143766 1.46712649 0.857565403
    0.885128915 1.12328124 1.71271181 1.05290151 1.20599484 1.67608941
    1.3399663 1.45959604 1.12195766 1.36927676 1.56565642 1.42934453
    0.875000894 1.42481124 1.20091248 1.15294087 0.830287158 1.07090747
    1.14971817 1.3221525 1.38305736 1.59385145 1.73546731 1.12488103
    0.89141041 1.15421784 1.39212346 0.707622349 0.982299685 1.4412744
    1.41003978 1.55956411 1.37234092 1.04196775 1.06642973 1.0067966
    1.66268218 0.702174544 1.36569738 0.847958922 1.33147299 1.32112527
    1.02202225 0.723787725 0.822429657 1.32256973 1.05733442 0.989954472
    0.908818126 1.17068553 0.760973454 0.922216654 1.46559644 1.32926798
    0.849920869 1.5827899 1.50828421 0.80818975 1.67306483 0.95736444
    1.54652107 1.29582405 1.4929738 1.51303816 0.894995153 1.50577319
    1.38469362 1.51550472 1.64143384 0.853035867 1.41466093 0.894809604
    1.45338845 0.836578906 1.40212369 0.748337328 0.909969985 1.53610289
    0.687080443 1.36906528 1.32055342 1.63460267 1.4976604 1.28979206
    0.869143903 1.3700037 1.52800894 1.13406956 0.712011278 1.15553641
    1.58612359 1.39056289 0.696600556 1.32861137 1.04152071 1.57888007
    0.888459742 0.997551024 1.39976859 1.49704385 0.769972444 1.25964153
    0.725155532 0.683965266 0.938617051 1.27746809 0.823465168
    1.00635159 1.35919476 0.934007704 1.10380542 0.888292789 1.36421633
    1.54740119 1.15127087 0.913751006 1.00967216 1.58862686 1.12036276
    0.941586733 1.37692416 1.49963641 0.735820591 1.09170878 1.00112903
    1.60519457 1.04753637 1.43981659 1.57779753 0.722645819 1.43882525
    1.27910268 0.739316881 1.66505384 1.64323533 1.25174499 1.27004397
    1.49940419 1.4712497 0.842685521 1.41691005 0.764584243 1.38978171
    1.28465486 1.06041765 1.32957947 1.25442672 0.690851629 1.21465671
    1.19712615 0.78491056 1.14569545 0.832214177 1.42901945 1.37836027
    1.63799632 1.26370633 1.09801614 1.2942369 1.28873014 0.880886972
    1.10853982 1.04368246 1.19004202 0.875653505 1.27172399 1.0926559
    0.913470209 1.21589935 0.741398692 0.82393688 1.2408253 0.817664206
    1.11925673 1.12924314 0.715196133 1.67063963 0.685164273 1.18298161
    1.4397409 1.08642292 0.855368078 0.940341592 1.12649107 1.19345188
    1.23726916 1.11775661 0.889301121 1.56706309 1.29318237 1.13514841
    0.801763058 1.62378764 1.60732365 1.59207916 1.59529805 1.58535588
    1.03826749 1.02006865 1.27353179 1.61688066 1.56624782 0.817568362
    1.1403836 0.769617498 1.43778038 0.860280752 1.60080242 1.63876879
    1.03133678 1.15037179 1.37525809 1.70171905 1.48864341 1.65063047
    1.64831233 0.826969683 1.64079416 1.0142529 1.74020553 1.61050522
    1.08744395 1.49493217 1.46919119 1.56792104 1.53836775 1.3176223
    1.2994405 1.56796455 1.2040571 1.38227475 1.46245646 1.35615218
    0.801849663 0.937239349 1.22640204 1.06571603 1.41548407 1.63486719
    1.53619838 1.64585841 1.55730844 1.19970179 0.841639996 0.892732739
    1.18478906 1.34630013 1.08368409 1.12825596 1.17920649 0.738246739
    0.971760631 1.48460817 1.42098427 1.00818014 1.68986177 1.37300611
    1.75582147 1.23731148 0.907960653 1.15909946 1.15254533 1.35165775
    0.757403672 1.14384699 0.822380424 0.899106741 1.47351801 0.69402492
    1.60187185 0.764894307 1.03193867 1.39731097 1.59673119 1.68872845
    1.48427868 0.878299356 1.37940824 1.21759391 1.31255388 0.829132199
    1.29020989 0.800164461 0.804723203 1.09314561 1.06054342 1.58549619
    1.5311451 0.692520916 1.49512398 0.809253514 1.31430984 0.839792371
    1.19315636 0.70800972 1.08216214 0.808552206 1.57094884 0.975476801
    1.09999943 1.18091667 1.21523142 0.995868206 1.52305329 0.728676975
    0.688344836 0.914953828 1.16109824 0.987601638 1.56754303
    0.862019837 0.770052075 1.42680764 1.54323804 1.15276921 1.67452574
    1.36700845 1.36965215 1.61042321 1.34677064 1.30654955 0.999220669
    1.60556018 1.57696497 1.21779239 1.61952031 1.63898695 1.22336888
    1.36323643 1.03682661 0.799091637 0.838040173 1.39194679 1.63968718
    1.197245 1.24333537 1.27941823 1.23395193 0.746131957 0.781886637
    1.26019931 0.753369212 0.836421609 0.866650283 1.21439874
    0.904971063 0.789563894 1.06929743 0.892784774 1.07662725 1.14591825
    1.20980155 0.95998466 1.63120329 1.35905445 0.849621177 1.5333792
    1.437446 0.770659566 0.678884327 0.726663411 1.18772864 1.25987005
    1.36402142 0.98564589 0.72404933 1.28625607 1.53008544 1.23513019
    0.728996456 1.61739182 1.20195293 1.6141845 1.13950574 1.58028245
    1.36293733 0.913831651 1.01335526 0.94140172 1.32053578 0.709117889
    1.04422987 0.804667234 0.734312594 1.56938112 1.59749579 1.26937163
    0.834652364 0.988220334 1.60885251 1.56122994 0.975103378 1.17752075
    1.18754983 1.10207152 1.49727774 0.978223085 0.928683758 0.712068737
    1.46162927 1.07932186 1.46405828 1.56387186 1.05278754 1.39852059
    1.46308219 0.687902689 0.845385134 0.713776529 1.24860287
    0.982585669 1.16232252 0.75575763 0.817393243 1.45379806 0.896333396
    1.6171242 1.11159873 1.36121678 0.696009338 1.21402514 0.720941782
    0.938352644 0.681349754 1.24528742 1.60049546 1.61301053 1.41388905
    1.50520766 0.895729899 0.750808299 1.13585198 1.07028651 1.35897076
    0.926699221 0.819538653 0.731003582 0.526234746 1.30896962
    1.25261843 1.1763972 0.99710232 1.40573931 1.28791356 1.14268589
    1.49037027 1.14889574 1.65328097 1.16604996 0.709498882 1.13796127
    1.3777107 0.833475769 0.773518741 1.09272826 1.14672256 1.25772846
    1.23050654 1.45456982 1.54704618 1.03375506 1.69874537 0.79209733
    0.943622649 1.52376842 1.74362934 1.29643607 1.56086111 0.819083214
    1.03942335 1.16434455 1.6786319 1.32997429 1.11156976 1.59284437
    1.32679379 1.44483781 1.62198317 0.882640243 1.03161263 0.976380289
    1.67467916 0.802197039 1.65809858 0.819419086 1.37255538 1.58286226
    1.11320436 1.50291789 1.17932868 1.22626007 1.57952905 1.6226877
    1.25783479 0.97247231 1.20737076 1.27739465 0.918383121 1.00575233
    1.29570615 0.942770302 1.06139529 1.62967658 1.05548942 0.937309742
    1.10685337 1.43402851 0.921694279 1.15933466 0.81813252 1.65201271
    1.55630708 1.75229132 1.3741616 1.31838822 1.70839059 1.36320186
    1.05764627 0.976809323 1.63803434 1.56891084 1.28295791 1.16150367
    1.21243632 1.22620666 1.24133003 0.816665053 1.31646526 0.846236467
    1.57240713 1.62127244 1.13399649 1.75962472 1.21427917 1.33726394
    1.70877433 1.71313918 1.71008861 1.60333169 1.09371328 0.811648965
    0.785225749 0.709973693 1.52884579 1.08436382 1.49380255 0.756079555
    0.945870817 0.800631881 1.15891802 0.856469452 1.28242731 1.06290257
    1.3148526 0.740544021 1.39597011 1.32319665 0.783118486 1.5000844
    1.43356228 1.53615248 1.34356034 1.63131809 1.09456551 1.40025985
    1.36828113 1.29847217 1.66487277 1.16076064 0.914761603 1.24677479
    1.14511681 0.849626005 1.05110228 1.26366854 1.2123915 0.742043912
    0.733939469 1.45945823 1.45136046 1.23454928 0.998950303 0.706001282
    0.856665015 1.52390587 0.953399897 1.57808399 1.06209075 1.03992772
    1.03430104 1.40370035 0.853616238 1.03854287 1.52192223 1.52435744
    1.42540669 1.48336363 1.01580489 0.735029995 1.22912657 0.784493089
    1.00359654 0.78122896 0.944870055 0.886294127 0.690436959 0.77142638
    1.57511008 0.833183229 1.19402862 1.67605174 1.66318536 1.06615305
    1.20983684 1.11692119 0.687992394 1.44844961 0.718261778 0.803727806
    1.41826355 0.746940017 1.47925198 1.00677276 0.923313558 0.695088983
    0.894826531 1.62081456 1.00563657 1.47900689 1.49586892 1.45863867
    1.18866074 0.962157488 1.4925741 1.63623953 1.29291713 1.22955
    0.733169794 1.60239017 1.67053902 0.859381676 1.21651065 1.6849544
    1.61380422 1.08485723 0.892213285 1.2542001 1.36890447 1.32911491
    0.821799815 1.0464741 1.34861863 1.36771822 1.37396204 0.720206141
    1.26990891 1.09147406 1.11089063 1.59478652 1.4905771 1.39649248
    0.827990115 0.928894222 1.22640395 1.26628101 0.989961922 1.41848767
    0.742394567 1.27557385 1.4503094 1.50671279 1.23399234 0.992034376
    1.49788904 0.651277721 1.36154592 1.39658082 0.885368764 1.56684983
    0.93739301 0.944194078 1.06648409 1.18421912 1.54665935 1.6274178
    1.56661785 1.28484273 0.830468297 1.03239739 1.27658963 0.933400333
    1.16595054 0.979960442 0.957134128 1.20161378 0.666677892
    0.831550896 0.617656469 1.37384439 1.14808345 0.958007693 1.46516919
    0.900800943 1.05856586 0.763337851 1.0920974 0.994027853 0.724520087
    1.5666523 0.720188916 1.61195993 0.710217237 0.802244484 1.43397379
    0.926407933 1.53463483 0.851896465 1.48166287 1.02718532 1.38758266
    1.27137256 1.63683546 1.50898159 0.971688926 1.37530529 0.925640345
    1.63924456 1.31240559 1.45136881 1.51859331 1.50851429 1.73831117
    1.64244962 1.30434263 1.0118953 1.28293586 0.985696256 1.57973719
    0.881319165 1.42089105 1.32337332 1.51535141 0.753733099 1.11689389
    0.984905839 0.845033586 0.80965513 0.86703974 1.20190513 1.25418186
    1.07896173 0.964414477 1.39310217 0.914064407 1.24203384 1.46977639
    1.16526663 1.21836936 0.926642179 0.940122664 1.57733619 1.03988683
    1.03638375 1.05662262 1.41575694 1.50694156 1.58128703 1.2031455
    1.75104463 1.71812916 1.23750865 1.56679809 1.08366787 1.02949893
    0.869213402 1.01421809 1.13763762 0.682297707 1.16430962 1.25036597
    1.08879757 0.925353229 0.910317004 0.901245117 1.59995186 1.14925075
    1.41518629 1.30121624 1.71086168 0.869336486 1.0323807 1.57387114
    1.58099234 1.43111086 0.853632152 1.50963473 1.53115249 0.700277627
    0.728624105 0.808095276 1.11826932 1.23478651 1.37699068 1.04024005
    1.01547217 1.53247988 1.48496962 0.927532494 1.63059008 1.41533661
    1.36584318 0.91222471 0.821522355 1.30982137 1.55104148 1.27979529
    1.5650599 0.934672415 1.46928895 1.35768533 1.26406252 1.54074526
    1.00750887 0.770943403 0.728312492 1.31050515 0.882793069
    0.783939183 1.67453253 1.55273092 1.28980136 0.768538594 0.743698359
    1.21918046 1.09098697 1.05763364 1.32977867 1.01437843 0.670533419
    0.710161686 0.970522404 0.76227057 1.14379406 0.966196418
    0.659353554 0.840097427 1.31299353 1.57366621 1.46125519 1.10150206
    0.690075576 0.78361851 0.840667248 0.756397009 0.74776268
    0.969221771 1.35237694 1.37318265 1.2759459 0.909883559 0.937134564
    1.27730238 0.782141507 1.50299251 1.53807807 1.36359525 1.52108657
    0.878663659 1.00579059 1.32297146 1.4503423 1.46966588 0.72251904
    0.8137784 1.4826802 1.57603741 1.28766549 1.47973633 1.57595217
    0.661173344 1.23771274 1.44743788 0.875586808 1.50493813 1.58376849
    1.01112497 0.882266045 1.54031622 1.03404665 1.31990492 0.774143219
    1.54881775 0.76900202 0.685125828 0.723747253 0.792939901 1.36869276
    1.55344653 0.802226424 1.49602532 0.770050824 1.19772816 1.03363252
    1.5683161 0.844671965 1.27751875 1.59183836 1.22077632 1.42992818
    0.913282216 0.977638066 0.736780763 1.04159009 1.47507203 1.05353439
    1.49686849 1.30309927 1.31816471 0.906759799 0.891878903 1.6044116
    0.751303554 0.809375882 0.945448279 0.981349826 1.28226709
    1.64032924 1.48988903 1.56647158 0.769292772 0.823404491 1.25495744
    1.09156263 1.03170133 0.743454158 0.76707375 1.26832712 0.779276252
    0.747941077 1.53616858 1.1362294 0.698703587 1.58824158 1.02773631
    1.00275338 0.708196759 1.29959965 1.01498818 1.38978279 0.939139783
    1.32672584 0.845342219 1.01815188 1.21103406 0.752815306 1.46629333
    1.64194572 1.56078446 0.970033586 1.59563208 1.52265656 1.05838978
    0.760773957 1.35397494 0.860543728 0.937223852 1.48644137
    0.907288373 1.15489018 1.20073819 1.68620229 1.26702833 1.49829495
    1.33756816 1.463889 1.5065639 0.881488502 0.960968137 1.51960635
    1.49200225 0.79943037 0.819767714 1.70081961 1.64254546 1.70063901
    0.925747931 1.43688059 1.54146516 1.75396824 1.46370125 1.64268255
    1.77087772 1.56459594 1.40732777 1.71010673 1.64709103 0.986082494
    0.975982487 0.803433776 1.46332049 0.955429852 0.941930413
    0.901555121 1.1661849 1.34714234 1.18165231 1.37105107 1.52579033
    0.712722421 1.01094794 1.38589776 1.12638998 0.703205585 1.08402073
    1.39103949 1.14938343 1.3921572 0.673389971 0.699104905 0.83148402
    1.69976103 1.27758336 0.965666294 1.59838426 1.36172926 1.57562673
    1.54271066 1.28513384 0.863706112 1.20260549 0.781268477 1.39363885
    1.05312204 1.30875111 1.10823298 0.832519591 1.29308748 0.667067468
    0.788732708 1.04181421 1.29044688 0.994469941 0.735710442 1.67774582
    0.887109697 1.1255399 1.34429812 1.65806639 1.11581993 1.10154557
    1.22001421 1.58188319 0.713844657 1.25843787 1.12204766 0.81680882
    1.49473655 0.858540773 1.1493026 1.62156725 0.817065954 1.536659
    1.46550536 0.917081952 1.16474104 1.01731467 0.755807459 1.37399507
    1.20201468 1.61035573 1.50290191 1.23497117 1.45734847 0.984530747
    1.679726 0.785288632 1.0694598 1.07179058 1.57380545 1.38183486
    0.977693558 1.25855732 1.61968851 0.812413335 1.59624398 1.07291162
    0.688086689 1.3862623 1.40541434 1.64063442 1.62468815 0.977172017
    0.728550494 1.46304488 1.50229311 1.16515255 1.03159058 1.09172046
    1.24908209 0.636029065 0.82802093 1.17116165 1.57430732 1.13311732
    1.27367806 0.862635672 1.05987823 1.42999685 1.38665187 0.858583272
    0.694389522 0.781236947 0.600907266 1.30646145 1.21199238
    0.667724907 1.11865139 0.688491762 1.05893445 0.963899553
    0.681946039 1.46583366 1.20261693 1.43011665 1.40283132 1.24578953
    1.39115524 0.987902224 1.48194671 1.56322682 0.731783152 1.0089221
    1.39834106 0.757775843 1.52918935 0.69083339 0.674629569 0.816524506
    1.37181652 1.28368604 1.6460005 1.28375125 1.690992 1.15883279
    1.01634395 0.99230653 0.942013204 1.51629007 1.36268818 0.768584371
    1.40136409 0.90193522 1.5797838 0.978395998 0.929420471 0.850575447
    1.10148478 1.19409359 1.66840863 1.22886169 1.53086865 0.986533344
    1.11792552 0.92088747 1.0973419 0.805604935 1.00179911 1.23495865
    1.2764287 0.89298445 0.912702799 0.941609085 0.797882497 0.943066001
    1.46115625 1.18128526 1.10423851 1.23901737 1.39561307 1.37865663
    1.24447453 0.74670428 1.30689347 1.32605708 1.21183538 0.853675246
    0.991125047 1.13958776 0.789148271 1.52299464 0.646016538
    0.953888059 1.42849469 0.98420155 1.05680907 1.2324425 1.17220354
    0.850740373 1.48574519 0.801455855 1.58526969 1.26087284 1.02135205
    1.04323745 1.35058081 0.811037719 0.87781477 1.31257164 1.32499504
    1.5274955 1.48940122 1.18858874 1.53032565 1.28016555 1.06065798
    1.31179118 1.49344695 1.11089909 1.22284913 0.784928799 1.54191744
    0.902505457 1.5803839 1.1396749 1.60719442 1.19185328 0.93311733
    1.20291078 1.62289417 0.827337265 1.45502186 1.46482134 1.40301561
    1.48469424 1.09496796 0.911353827 1.29680693 1.31535578 1.54467094
    1.48723447 1.00566041 1.61019266 1.51282585 1.49422598 1.27147341
    1.56096625 1.10693431 1.19020283 1.44154787 0.96889466 0.893655181
    1.29152894 1.27601838 0.784188688 1.57384515 1.60293341 1.07573175
    1.32316327 0.790769398 1.58455729 0.774019361 1.06899607 1.01681268
    1.17709172 1.29910004 1.40426004 1.18639517 1.4590801 1.53094804
    0.985590518 1.30594921 0.906119943 0.911968112 1.324301 0.92745626
    1.55311775 1.63672996 1.29795647 1.11193717 1.61251533 1.03822768
    1.75620198 1.74022245 0.817101836 1.73077714 1.72816539 1.25250924
    1.10770392 1.10711038 0.769349813 1.01978803 1.23274851 0.952645838
    1.40827477 1.08577812 0.830210447 1.30051136 1.38906837 0.956205189
    1.5860132 0.725598454 0.790597379 1.23994613 1.59057927 1.58371007
    0.837597668 0.912386954 1.35844076 1.20883203 1.15130627 1.0366261
    0.946012557 1.46109045 1.4258945 1.41521668 1.58641636 1.29888082
    1.44970548 0.810599148 0.940052032 1.51069808 0.92224896 1.43946707
    1.45453751 1.60015583 0.730144143 0.931722879 1.33476734 1.17348611
    1.32071984 1.63404334 1.47223496 0.98164618 1.51528656 1.54415762
    0.8357535 0.761458695 1.40147007 1.62373257 1.58739245 1.29534709
    1.32921243 1.50868845 1.54993343 1.12312782 0.927357554 1.00989866
    0.982601047 1.15563202 1.3000282 0.935981274 0.867176056 0.733128071
    0.711267054 1.09302425 1.45285487 1.01214969 1.10969281 1.07007873
    0.878045917 1.1637634 0.859473825 1.65033627 1.21708524 0.81059593
    1.41369212 0.886300981 1.2092253 1.04739678 0.911170363 1.15687072
    0.767265558 1.59640682 0.710366726 1.10227633 1.55900383 1.35959888
    1.38692093 1.05751276 1.30961132 1.51109314 1.42554188 1.57663822
    1.03551698 1.31141424 1.50756645 1.19551325 1.16531396 1.05394101
    1.03701305 1.34049869 1.03403914 0.913498223 0.808165431 1.65542424
    0.909774125 1.23064053 1.47465575 1.12841237 1.5770309 1.60651839
    1.00767159 1.01449454 1.10095489 0.801015854 0.958385944 1.12181425
    1.65359521 0.822228432 1.21255231 1.60123646 1.70764005 1.31302404
    1.67917705 1.43419194 1.26412392 1.30317831 1.10725522 1.52097857
    0.730197787 0.936810791 1.42264009 0.721257746 0.940872967
    0.833024561 0.618855119 0.833464682 1.17478812 1.40720761 1.11792862
    1.34148026 1.28980947 1.13836384 1.22155154 1.09848511 1.38884187
    1.34711039 1.02495062 1.11744821 0.767377555 1.00764978 1.20928824
    1.10787499 1.45319211 1.61839771 1.125085 1.32211912 1.12466073
    1.6066649 1.51958978 1.2277776 0.609066367 1.53282702 0.699497163
    0.990636528 1.58659971 0.820424557 0.573118806 1.26973021 1.19569123
    0.446813583 0.941662788 1.31739008 1.17605531 0.652790427
    0.686518073 1.23958302 1.35501254 0.698858023 0.755222201
    0.956276119 1.0993427 1.63965023 1.44065428 0.672222137 0.934463143
    1.63107395 0.843713224 0.751882553 0.712967157 0.654650331
    1.38680291 0.959776044 1.31820381 0.745863378 1.34019005 0.824037552
    1.57056761 1.03047335 1.6526227 1.3148272 1.6962285 1.04335308
    1.59582007 0.875677049 1.04278886 1.48942852 0.780067563 1.41462755
    1.51556218 0.959338844 1.09966385 1.32815099 1.30084896 1.69721341
    1.68333697 0.81515193 1.66516483 1.7176348 1.69801581 1.58495462
    1.26442003 0.81104207 0.71322161 1.62353432 0.810605228 1.34354186
    1.57526898 1.58696651 0.946602285 1.27552938 0.833999634 1.00103712
    1.35039532 1.5847187 0.869282663 1.28838468 1.17750871 1.41193593
    1.05538547 1.20826948 1.092067 1.31516278 1.32834983 1.04699445
    1.26003814 1.42833471 1.32932007 1.63876581 1.34152627 1.40349817
    1.65031481 0.731409192 0.806104004 0.697039127 1.07205546 1.30371177
    0.694576561 1.56186068 0.934292257 0.944483697 0.827057183
    0.778194308 1.28131211 0.991955936 1.10267508 1.64465225 1.6473726
    1.04728568 1.69552314 0.697838426 0.877697051 0.90003252 1.37421036
    1.23358274 1.30960834 1.57654655 1.04747438 0.744591534 0.81341964
    0.920616746 1.61295664 1.15885174 1.32366729 1.26849961 1.32672036
    0.713151455 0.851813376 0.983904004 1.60985148 0.727056444
    1.36165404 1.19319522 0.966376603 1.26423395 1.02967775 0.897342205
    0.950277805 0.888040125 0.759177983 0.708905935 1.40089083
    0.673056126 0.957377791 0.930309951 1.3739965 0.710864604
    0.803333461 0.692652524 1.3016597 1.4931215 1.48741353 1.34801447
    1.50260162 1.26318145 1.12890649 0.961592674 1.54855883 0.928521514
    1.29307055 1.05329609 0.881796718 0.917431176 0.908880711 1.42942536
    0.862623274 0.86526531 1.35069561 0.987205684 1.19787407 1.55153406
    0.811663389 0.72492379 0.821987689 1.29075766 0.730103374
    0.909954846 0.843351841 1.54313064 0.915506005 0.79515928 1.33898091
    1.61571252 1.18450451 1.05545807 1.67254043 1.25801694 1.68739963
    1.61228597 1.48254025 1.16705191 1.01321006 0.891884983 0.901828706
    1.13138497 1.52833664 1.13699818 1.12740505 1.4516964 1.13999641
    0.827099323 1.51342463 0.919096828 0.891361535 1.59847832 1.20521402
    1.46301925 1.64686286 1.38068843 1.4877007 1.0563792 1.55192959
    0.725374043 1.31966853 1.65223253 1.69463968 1.67330134 1.30361021
    1.38312006 1.07265496 0.91920203 1.65497208 0.771269441 0.986027241
    0.792886317 1.21801114 1.556499 0.882165253 1.37968743 1.39238501
    1.02907205 1.05515933 1.38709128 0.86516428 1.40118015 1.18770552
    1.06919146 1.19130468 1.50030518 0.808539867 1.56470776 0.8342489
    1.08042395 0.858936667 1.39920306 1.27417994 1.03037179 1.60596144
    1.03553879 1.03111017 1.03272331 0.793127894 0.707406402 0.799631953
    0.755598307 1.0936625 0.928122282 0.861180961 1.03891456 1.23305392
    0.650840938 0.846931875 1.53070688 1.05344522 0.529440761 1.29470682
    0.643235207 0.84563452 0.872816443 1.04831195 1.08065474 0.846309781
    0.805326879 0.89807725 0.9150877 1.18968093 0.665715933 1.13895941
    1.09251654 1.37587082 1.24359798 0.690533757 1.33062863 1.54091477
    1.03165638 1.52047086 1.15179098 1.10530174 1.13568616 1.25282001
    1.04883826 1.20061636 1.49903512 1.5525986 1.11337888 1.09889996
    1.41520691 1.33288598 0.860828876 0.981181502 1.66946411 0.85289681
    1.31961179 1.52612936 1.56030786 1.17137206 0.842695236 1.0018394
    1.07142401 1.47903121 0.935349107 0.997439563 1.39578819 1.16153026
    0.792677879 1.24706113 1.16639662 1.1848551 1.62331569 1.30445802
    1.17721534 1.46582413 0.805833519 1.18460619 1.37358141 1.14920747
    0.735388219 1.29259515 1.37750506 0.808632433 1.50638533 1.0993731
    0.720746398 1.64523721 1.56095672 1.62059927 0.876290739 1.12620378
    1.07115459 1.10075569 1.02009964 1.64685225 1.60886884 1.28271806
    1.67091012 1.63742661 0.993412971 1.20797348 1.56183934 1.00704765
    0.926409066 0.597830534 1.55711818 1.20720959 0.74318397 0.798044622
    0.980056524 0.979029119 1.27706432 0.873036981 1.09101272 1.03120732
    1.17942643 1.53165853 0.752690852 0.776868105 0.937315047 1.19139349
    1.02111757 1.44843364 1.69315338 0.849167645 1.08383369 0.806168258
    1.12742496 1.28479195 0.719963908 1.00130725 1.1663084 1.38528967
    1.55868077 1.26252413 0.690612137 0.971025586 1.27159989 0.972442567
    0.743652463 1.61569905 1.07131541 1.60842216 1.38208413 0.914013147
    1.18425524 0.823172033 0.767260194 1.58325124 1.2500453 1.41587675
    0.667655408 1.32431304 1.56199515 1.42910755 1.08850968 1.02567887
    1.62040198 1.10248554 0.959621608 0.719706655 0.656553805
    0.718312323 1.19235981 0.841878355 1.5379554 0.833866417 1.09237993
    1.00082445 0.958705962 0.846971035 1.29942214 0.829663336
    0.767104149 1.60724914 1.24388444 1.04941285 1.53363848 1.61671305
    1.16390502 1.2344209 0.926607251 1.36980379 1.33792245 1.16417432
    0.713578224 1.39648294 0.868714154 1.5829097 0.66646421 0.966298521
    0.865800977 1.31375015 1.06884038 1.57285106 1.30522394 0.734860182
    1.39171576 1.38549697 1.44574594 0.982329428 0.825104237 0.758291006
    1.12926936 1.36937916 1.10433733 1.12492025 0.724046707 1.21734536
    1.6875273 1.16819167 1.15598071 1.30240631 1.38713109 1.40081596
    0.859388113 1.30365646 1.01390207 1.02484632 0.881744623 1.24831295
    1.63557529 1.57842767 1.12183189 1.66311514 1.6014502 1.34419334
    1.43742204 1.32474148 0.872612 0.851913214 1.44489789 1.31995082
    1.52895319 1.25853705 0.942067742 0.953259945 1.0048008 1.55010784
    0.967450559 0.752913594 1.37921953 0.852401853 0.957303941
    0.76108408 1.21440649 0.988033652 1.12164092 1.33157969 1.42323458
    1.49417627 1.17965043 0.806089938 0.907325387 0.813758254 1.17912698
    0.791061044 0.951084971 1.26669478 1.14842558 1.34614086 1.24611139
    0.792172253 1.61612248 1.37991381 1.32702482 1.12187493 1.22798204
    1.40642023 0.720048964 1.14489937 0.76908356 1.29239476 0.939227343
    0.81004554 1.02358305 0.519092023 1.19603801 0.483857006 0.73495245
    1.2734282 1.4082129 1.65323865 1.4898808 1.39606571 1.31791615
    0.898220241 0.939056873 1.23773181 0.969502687 0.725419164
    1.44487226 1.06383741 0.641411126 0.880650222 1.1277715 1.0568682
    0.806310296 0.772530317 1.52751112 1.24071491 1.32312727 0.817866147
    1.65674102 0.943027794 1.26555014 1.24871314 1.26486528 0.967441261
    1.47587824 0.855793417 1.62906396 1.28660977 0.72153455 1.70246792
    1.02501714 1.42070043 1.56527448 0.786232591 1.72697556 1.11055231
    1.56383383 1.17269695 1.40331089 0.769904613 0.998701036 1.02717912
    1.542858 1.0598011 1.58520317 0.806502879 0.711039305 0.68895787
    0.858714104 1.20748484 1.34586644 1.38171268 1.56013703 1.3972863
    1.32896125 0.676314652 1.25806797 1.35943198 1.60422969 1.34103811
    0.67529285 0.840161204 0.839285851 1.68339467 0.935725272
    0.925389946 1.43240988 1.67879307 1.62282467 1.68460059 0.731150389
    1.57703853 1.47952271 0.677501857 1.52046192 1.29234791 0.607747912
    1.41152334 1.18647182 0.677986324 0.689460576 1.25921249 1.14950562
    1.53172064 1.63477254 0.922414958 1.5285269 0.946173608 0.850988209
    0.916152894 1.03106725 1.09512889 1.32137525 1.26832366 1.02930617
    1.60755515 1.57508254 1.06475604 1.4955976 1.28851295 1.14909816
    0.779845655 1.25051057 1.23065579 1.28685772 1.05165827 0.854991376
    1.26274717 1.00051153 1.44118989 0.673943162 1.56125391 0.872066736
    1.49521685 0.958628654 1.36729658 1.55288661 1.32938409 0.846720517
    1.6499635 1.27483547 1.62255442 0.895533442 1.24202752 0.839277148
    1.29800868 0.657585561 0.921584606 1.3505981 1.20671487 1.28136563
    1.0253216 1.35160208 0.626047909 1.19486845 0.633528113 1.11515474
    0.990724981 1.3317169 1.56467628 0.711818993 1.10663879 1.24463475
    1.0589608 1.39275193 1.06283963 1.38413239 0.833391726 1.00778055
    0.732616484 1.58438075 1.30266011 1.49040079 1.53929985 0.893830597
    0.883786976 0.92218262 1.32008207 1.35437751 1.32573223 1.16229296
    1.63472855 1.11711359 0.840148389 0.906192064 1.35018754 0.981891811
    1.12437022 1.55116558 1.5149138 1.55860436 0.951392233 1.0578326
    1.43085456 0.698383808 1.28913081 0.823405921 1.45345652 1.24536085
    0.95383358 1.32357025 1.00224876 1.28494942 1.52446306 1.03793526
    1.14067888 0.779064476 0.761045516 1.4678719 1.43695462 0.75858736
    1.33055079 1.15454769 1.23013175 0.981169879 1.21312761 0.82447809
    1.12837911 1.54457855 1.42762518 1.60914993 0.941097856 1.21662045
    1.49676096 0.886915624 1.46627784 0.897632003 0.812141299 1.4897331
    0.665711641 0.958331287 0.721275687 0.939349353 0.755229533
    0.873783827 1.28317499 0.889981687 1.0685482 0.93115139 1.31828952
    1.15168202 1.22530961 1.58753896 1.02212358 0.868635118 1.33826923
    0.730921865 1.01616752 1.48618817 1.49975896 1.56900501 1.23819971
    1.23607302 1.49016571 0.853679657 1.51423109 0.903802037 1.48782754
    0.914040685 1.28525782 0.743663132 0.947502732 1.26914406 1.46434796
    1.10125422 0.640716493 0.842615724 0.393997222 0.997505188
    0.705158114 0.827087224 0.802452564 0.902654231 0.775539219
    1.0485673 1.02666855 1.36722004 1.3223927 0.838916719 0.814526141
    0.886868238 0.859200478 1.18435597 1.27992058 1.45678997 1.0364908
    1.39212632 1.22831404 1.50403309 0.763709247 1.14134252 1.26101172
    1.60054588 0.717560053 0.711446702 1.53025377 1.42125976 1.16001081
    1.32903945 1.26891804 0.888542354 0.875192523 0.857501626 1.21382987
    1.55613959 1.67315304 1.46738982 1.56203604 1.18475425 1.61469686
    1.56496 1.62716067 0.97084105 1.60620153 0.766556263 1.24454892
    0.94414717 1.49542272 0.715409279 1.29824996 1.35929775 0.665567219
    0.93438828 0.943747878 1.6035862 0.906561375 1.33784485 1.58671796
    1.63639736 1.39385724 1.52944064 1.41745818 1.06756091 1.11335349
    0.99656707 1.36612141 1.14190543 1.5865103 1.65776515 0.743468583
    1.66798019 1.38219666 1.04649389 0.902084708 1.34339869 1.68385959
    1.37031126 1.0824492 1.28302205 0.667859852 1.48290563 0.958227992
    1.34466648 0.876374602 0.804898798 0.904811084 0.872918963
    1.56833756 1.54909766 0.987112284 1.4583379 1.07269967 1.0634253
    0.756662309 1.59693742 1.45075035 1.59358549 0.824930608 0.932130635
    0.944800019 0.859639466 1.4107486 1.6438812 1.58497226 1.00106168
    1.60223055 1.57341743 1.27013636 1.02065122 0.6645298 0.876745641
    0.886148214 0.966065407 0.766096532 1.23267663 1.18000996 1.63049591
    1.38348639 1.58638215 1.23870826 1.63819027 0.920453668 0.825769007
    0.791131914 1.2521317 0.946865618 1.60735452 0.730697453 1.34285808
    0.792367935 1.67096484 0.973212957 1.20556331 0.654276848 1.20361567
    1.16158926 1.02764249 0.634303987 0.681551695 1.5984745 1.09423447
    1.12894988 1.1127851 1.46112132 0.982354701 0.845045865 0.845329046
    0.645434737 1.22221899 1.20244849 1.060377 1.49114907 0.776009679
    0.975163043 1.52177179 1.38937843 0.653265297 0.869935989
    0.819918871 1.24775541 1.57319689 1.09755957 0.783617258 0.719871163
    1.50984836 1.26738501 1.10914481 0.876150072 1.66401088 1.56897902
    1.13280976 0.925185144 1.12167525 1.56952322 1.52283514 1.55944204
    1.00818145 0.76963681 1.66760135 0.949298918 1.65545285 0.97165525
    1.05096662 1.56092775 0.990925252 1.61749113 1.23228312 0.77159822
    0.966681182 0.991614938 1.68246293 1.46046507 0.940576792 1.22095847
    1.04528999 1.03909564 1.37562919 1.62360704 0.701659501 1.1465162
    1.28619909 1.30751383 1.26096559 1.07701385 1.38552284 1.35537231
    1.65338206 0.840206683 1.31374228 0.738581061 1.50207806 1.04953814
    1.16238666 0.680828512 1.05201697 1.43501782 1.1263417 1.60067546
    0.913646996 1.1166811 0.62368995 0.764955699 1.28639257 1.33580792
    1.0927521 0.895735264 1.54735684 0.845563531 1.40546536 1.01769054
    0.973195136 1.14651978 1.1473968 1.53114784 0.883081317 1.20484734
    1.04075837 1.03515637 0.830229402 1.66134548 0.958892345 0.768858612
    0.815166354 1.35578382 0.81457001 0.906829059 0.729765415 1.37926388
    0.97779429 1.09289718 0.874364793 1.03026688 1.1952796 0.398387343
    0.696145833 0.809686422 0.497733772 0.74517715 1.31932557
    0.828539431 1.14299011 1.5943042 1.12542403 1.22010624 1.40696478
    0.883265078 1.04931855 0.694805205 1.1690557 0.790932298 0.886643231
    1.28896916 0.694029033 1.53031385 0.825879216 0.933107257 1.39168417
    0.927263379 1.62337255 1.25287473 0.923072934 1.56341887 0.809761107
    1.15727103 1.08398449 0.784392416 1.51130557 0.880646408 1.03711998
    1.52038693 1.1958729 0.827057123 0.825483322 1.67033279 1.34713674
    1.27207756 1.07461905 0.929224193 0.898646712 1.45524895 1.06525719
    1.3262403 1.65652192 0.738915145 1.6182673 1.39582217 1.12377644
    1.63638735 0.734885693 1.49881518 1.34257829 1.05933416 0.706623554
    1.38245809 0.881086946 1.67560613 1.17771351 1.10171354 1.22391725
    1.33120477 0.833347678 1.53912091 0.796324492 0.688144267 1.08068085
    0.782422006 1.11710584 1.4447 1.67032027 1.6760695 1.13613355
    1.04410517 1.01871145 0.751088619 0.679334998 1.09683299 1.46631777
    1.40112245 0.717689991 1.33686733 0.87548244 0.769819677 0.900619388
    0.697974682 1.28413415 1.57943404 0.872819483 1.12438416 1.32590544
    1.45806575 1.49017429 1.5343889 0.937337935 0.938737392 1.31043625
    1.48961508 1.21934664 0.730779648 1.24901021 0.907751679 1.03798366
    1.29229259 1.31701183 1.60153151 0.886973262 0.692323923 0.788797498
    1.23145974 0.755257428 0.73590821 0.659304857 1.26660776 0.976986349
    1.39750803 0.921091676 1.40426362 1.29776418 1.27371204 0.749515235
    1.0553422 1.27743471 0.722218573 1.0111171 1.41162324 1.17534256
    1.57778239 0.944685221 1.53611887 0.85039115 0.932178438 0.869328141
    0.756973743 1.44289231 0.816481173 1.35316956 1.15906382 0.70968771
    1.41808021 1.40388417 0.683865786 1.44322979 0.981654942 1.49008584
    1.08361971 1.09308159 1.39458823 0.758888304 1.54793441 1.18121839
    0.872626662 1.21822226 1.66381466 1.09157133 0.953832328 1.10524476
    1.41540051 1.12988675 1.0323844 1.54372203 1.50712597 1.5444566
    1.25388086 1.23460102 1.07264948 1.06439209 1.56205797 1.04697216
    1.62764037 1.1311754 1.39261639 1.5385443 1.67234552 1.03019226
    0.760056973 0.886939347 1.68507028 1.42974555 1.30215406 1.55721617
    1.6404177 1.10791659 1.45804989 1.56391108 1.5448755 1.02023959
    1.26149559 1.38420594 0.763686299 1.59995162 1.2915349 0.766501606
    1.3433125 0.851787865 1.44435501 1.31108797 1.19428444 1.49879241
    1.25029373 1.63414514 1.46497726 1.51471865 1.08803916 0.966913164
    0.897318661 1.31365752 1.05431378 1.25532854 0.905590534 0.833429754
    1.56835973 0.96613425 0.720267713 1.57441759 0.774992526 0.705335438
    0.712789476 1.16446054 0.770770848 0.901103199 0.656057537
    0.738310754 0.885925055 1.39719427 1.29883599 1.4162035 0.933622837
    1.34617066 0.949060202 1.00733566 0.848389149 1.30246902 1.66697299
    1.2796818 0.774387836 1.10454893 1.54876506 1.06982994 0.914898813
    0.639291465 0.867690742 0.916733801 0.652613759 0.871377647
    1.13069451 0.858711839 0.631533921 0.851306319 0.707353354
    0.527324796 0.773865283 0.740175903 0.918371975 0.772831678
    0.972426534 1.27585971 1.06904125 0.960125506 1.53942263 1.34055185
    0.716979802 0.883812606 1.06593835 1.23734248 1.59919071 1.53320968
    1.0882709 1.06689036 0.657774508 0.814396203 0.935455561 1.29142892
    0.701549292 0.810977101 1.25570178 1.04791892 1.64854407 1.01033187
    1.10854113 1.48599589 1.2095958 1.02251017 1.26394987 1.59273028
    0.974830151 1.12681174 1.0387516 0.873298705 1.4115628 1.2831552
    1.23336959 0.979276478 1.66200376 1.30939889 0.885754824 1.63609385
    0.92638731 1.6418041 1.10143578 1.00120473 1.20592487 0.966729879
    0.929971218 1.46531272 1.66112673 0.977405906 1.24165177 0.728253007
    1.33821392 0.839436412 1.1462841 0.777881503 0.906029284 1.09463251
    1.26665866 0.850944281 1.39821374 1.2425741 1.11146808 1.22833991
    1.02426732 1.44226968 0.908273697 0.975912273 1.58142006 0.825429499
    1.22014081 0.645223379 0.882670879 0.908088863 0.937111795
    1.64821374 1.05843663 0.899991989 0.777844608 1.07670724 0.853177786
    0.759094477 0.965659916 0.897363782 1.22458529 0.785316288
    0.775433719 1.31059968 0.704813957 1.69621503 1.49141586 0.844764352
    1.57963192 1.60090458 1.12683523 1.18431449 1.31527543 1.49766207
    1.08952928 1.45782948 0.924657106 0.794892132 1.49416876 0.798622251
    0.934197366 1.56318212 0.727921009 1.5646795 1.55330539 1.10766673
    0.89556551 1.20808041 1.24323463 1.31447124 1.28106284 1.33320189
    1.02148378 0.852810502 1.40013683 1.51987708 1.60524046 1.41734636
    1.61248565 1.65869677 1.33797443 1.22331786 0.930415511 0.884548247
    0.792948782 1.14281797 1.37313616 0.651028097 0.65330416 0.837907612
    0.950181842 0.665265262 1.018242 1.11670363 0.87461257 1.15148079
    1.4268502 1.1734575 0.858092427 0.959999561 1.2813189 0.882699609
    0.73217845 1.47071636 1.36735404 1.49386251 1.58618188 0.995034337
    0.729312658 0.868223369 0.676309645 0.693008363 0.92950803
    0.935977936 0.713910282 0.822854161 1.48880136 0.983245909
    1.05298769 1.17724311 1.19642413 1.58815801 0.827909231 1.1122756
    0.922291577 0.800214231 1.54544461 1.5875448 1.38020849 1.20583701
    0.856272757 1.57242227 1.56042373 1.120188 1.01603556 1.6267556
    0.956609547 1.26141548 1.62707472 1.45101845 1.45465338 0.943595767
    1.64868128 0.877657056 0.680383325 1.53510118 1.06698072 1.32315731
    1.51913857 1.59289658 0.858085752 0.867994666 0.954107106 1.60401464
    1.15647948 1.22511137 1.58132386 0.861259103 1.12081039 1.26302552
    1.45398927 0.993924737 1.00290799 1.20049214 1.12978947 1.17882121
    1.11455286 1.14569056 0.984124064 0.667443156 1.24859333 0.658619165
    0.719057679 1.57438207 1.03872061 1.13892317 1.25907815 1.55218053
    1.50168443 0.927402139 1.20824373 1.11510432 1.60825276 1.31978881
    1.69266927 1.30841267 0.838015974 1.35498142 1.28612339 1.28515387
    1.49366176 0.68439579 1.22034478 1.60478187 1.11938465 1.47192371
    0.902311862 1.01748848 1.17863989 1.00058043 1.46070206 1.18851709
    1.5398618 1.23624897 0.566801965 0.946280122 0.614978075 0.884597242
    0.914728165 0.67974472 1.19236052 0.860649884 1.39601231 0.837330759
    1.49070156 0.745711148 1.47184968 1.32601845 1.58887112 1.52913797
    0.956295788 0.641598582 0.933521926 1.27017915 1.30904806 1.3379854
    0.951496482 0.723404765 1.19257903 0.909188151 0.777954757
    1.09583211 0.959131956 1.56132102 1.39467967 1.15522492 1.64584577
    1.08561099 0.746008575 0.952268004 0.92928648 1.46974337 1.0724014
    1.61311543 1.15070653 0.767855167 1.40098214 1.63401783 0.966828406
    1.55148888 1.41414237 1.52454031 1.44759977 0.656779766 0.739827693
    0.699050665 0.681090415 0.993080378 1.49887836 0.841367126
    1.66956067 0.753421187 1.33282495 0.832767367 1.52670312 1.12769878
    0.689508617 1.02154934 1.39204812 0.852663398 1.2261095 0.805324614
    1.44267929 0.851627707 1.61913788 1.29489744 1.54514384 0.962168634
    1.41897643 0.947978973 0.723475516 1.19503558 1.30581367 1.62779737
    1.04030728 1.2030406 1.29594302 1.00762534 0.952154219 0.762691021
    1.53888297 1.36840975 1.17266238 1.62539601 0.750142395 0.677987516
    1.5188992 1.58716655 1.36246002 1.09675956 1.67709696 1.38533986
    0.935044467 1.31233597 0.769958556 1.32452333 1.44431818 0.994511485
    1.29401028 1.65066993 0.940993845 1.54330552 1.53723896 1.5765723
    1.1466428 1.12719214 1.42247653 1.24539948 1.22062123 0.787419796
    1.21024013 1.06318164 1.48417985 1.10841 1.0781132 1.02280378
    1.3842907 1.24178946 0.811264813 0.685588658 1.44588339 1.21305847
    1.5091579 1.58557999 0.74684751 1.06268454 1.5817982 1.27145767
    1.39463174 0.871959448 1.66298723 1.05573535 0.914934337 1.31560862
    1.35286856 0.929825723 0.956293702 1.47253966 1.00812387 1.18916941
    1.40874958 0.958565533 0.789820313 0.925775051 1.07124448 1.59639931
    0.978634357 1.16080534 0.729986846 0.764551044 1.31755292 1.28970611
    1.5273298 0.897393107 0.826286197 1.28641808 0.891691864 1.57072628
    1.52524638 0.96775502 0.898484468 0.854627609 1.31766987 1.48786366
    1.61801004 0.870733738 1.3557409 1.60660517 1.43919623 0.999898016
    1.27401888 1.6407522 1.63771009 0.9260481 0.829557598 0.901050508
    1.57634926 1.6056627 0.87828058 0.90843457 1.50560284 0.974281192
    1.48243284 1.59225929 1.4769789 1.6012007 1.20619345 1.46846092
    1.04717374 0.726967633 0.711999118 1.32695043 1.59054399 1.16715693
    1.1421349 1.35164618 0.702844799 1.54038787 1.25736988 0.844831467
    1.0937041 1.24654794 0.9730106 1.01522088 1.31447339 1.38224638
    0.932350278 1.3818959 1.32878423 1.63118517 1.42831481 1.23747075
    1.45581913 1.33486986 0.862530351 1.07342374 1.38347304 1.48591459
    0.940886557 1.33104706 1.02662349 1.34098089 1.02471805 0.757631958
    0.962371171 0.930974662 1.5775106 0.750316918 1.15880442 0.983065426
    1.26689661 0.989707828 1.12824094 0.909663975 1.51188064 1.47935832
    1.61406767 1.07628679 1.14457631 1.35941553 0.78619808 0.858696818
    1.45412028 0.759535789 1.2341249 0.812497079 1.35965681 1.48277116
    1.4448241 1.11437225 1.0626018 1.32687938 1.11336601 0.434195042
    1.06799519 1.31647253 1.3768903 0.766530037 1.07874119 1.43744445
    0.912317395 1.15919912 1.25069165 1.3640151 0.938082933 1.04749215
    1.5468663 1.37600207 1.36128771 1.04696357 0.921426356 0.867449701
    0.902141154 0.735951722 0.976086795 1.26342964 1.64249146 1.08924937
    1.59606004 0.998844981 0.814669192 1.53828084 1.00310016 0.947191179
    1.49875665 0.922540784 1.63377655 0.724011838 0.856938243 1.52762508
    1.33538747 0.696078539 0.847837031 1.25419652 0.94741106 0.733448982
    0.848369122 1.50493824 0.762866974 1.48546219 1.22726572 0.931456089
    1.07279968 0.744771838 0.882304251 1.48728812 0.889633596 1.52922952
    1.47784889 1.38858449 0.865829945 1.03005755 0.845044911 0.819763124
    1.32873321 0.886772394 1.37069225 0.945174694 1.23167205 1.10848796
    1.51743126 0.723697543 1.14463437 1.03505635 1.20739889 1.40209997
    0.994973719 1.29412186 1.65183508 0.748405337 1.44127345 1.33861935
    1.10295677 1.54864764 0.899295211 1.47391236 0.832637787 1.12572813
    1.3891772 1.52239645 0.84910816 1.34442246 1.14191937 1.60690999
    0.698416591 1.64620996 1.42307568 1.40706921 1.44582963 0.799083292
    1.63698578 1.51717651 0.685293019 1.46615028 0.96934545 1.61657989
    0.721436024 0.908958793 0.862572968 1.21625006 1.62658453 1.52809322
    0.694036007 1.30929494 1.02941823 1.18024945 0.924381077 0.67770654
    0.945216596 0.672848225 1.49227476 1.24004591 1.62816119 1.41014814
    1.2587235 0.718170047 1.58389246 0.911147356 1.13648736 0.839453995
    0.781149685 1.43613625 1.57486832 1.01832509 0.796597302 0.864388108
    1.27196372 1.00771368 1.55532718 1.19634688 1.2674787 1.08834922
    1.58223319 0.679341197 1.22277141 0.651394308 1.14136028 1.53727591
    1.40547216 1.1593951 1.42779613 1.37251723 0.681165397 1.188761
    0.710989833 1.17911708 1.44435549 1.2321018 1.68907595 1.28333306
    1.11596823 0.862383127 1.19063604 0.847147822 1.22264123 0.866747737
    1.52227008 1.25488281 1.45508218 1.15940511 1.51426053 1.48668599
    1.10678852 0.793725789 1.62838113 1.41029048 0.744164944 0.869037807
    1.58252132 0.925682962 0.733102024 1.43812943 1.36429191 1.05760038
    1.62674141 1.0001725 0.988271773 0.849295139 1.52531457 1.31019807
    1.0722295 1.44722617 1.60121012 1.62039375 1.63090622 1.27998471
    1.22423124 1.46425319 1.55623221 0.661651254 0.800581694 1.12191045
    0.939521372 1.51664829 0.953844011 0.97888118 1.12790227 1.35178292
    0.79763031 1.54674542 1.03950441 1.61203194 0.993553042 1.42706883
    0.809485376 1.25399196 1.50507212 1.36852539 1.48916805 0.777469933
    1.16324842 1.50968266 1.2798295 1.11624491 1.35196185 1.21314681
    0.864035249 1.30541837 0.985800445 1.17388368 0.744207144 1.01670134
    1.44155478 1.25093877 0.873661339 1.55878997 1.17813015 0.72441262
    1.43582737 1.28583062 1.61176574 1.31259155 0.815593362 1.56539166
    1.26068473 0.787207603 0.699040651 1.46893167 1.59023845 1.24936438
    0.682061374 1.32364547 1.39662361 0.860242248 0.63491559 1.50335014
    1.39860725 1.30583704 0.843397498 1.04776537 1.36406314 1.41312504
    1.44866812 0.728928745 0.9812603 1.14853001 0.683023751 0.979752719
    1.39579761 0.908631444 0.866828084 1.08669329 1.29993224 0.722109854
    1.62508452 1.59823275 1.57105291 1.40022373 1.58717465 1.58809471
    1.13817394 1.11478388 1.6248306 1.10093343 1.51135468 0.689476252
    1.1891408 1.51210845 1.52166259 1.53722131 1.551952 1.15014172
    1.48662829 1.04536593 1.04184318 1.12723577 1.12783623 0.783175111
    1.60799038 1.47391403 0.972671509 1.14214802 0.703667045 0.728669643
    0.749520838 0.738964617 1.09493697 0.850784481 1.1193589 1.15412974
    1.45192099 1.65396905 1.05156481 1.13708413 1.62553179 1.27705634
    1.41366327 1.36032176 1.24745548 0.753585696 0.947429597 1.20860457
    1.5973804 1.21325839 1.38507164 1.23247278 1.53052723 0.960225582
    1.02051055 1.40946436 1.56931365 0.686255813 0.940173984 1.15287006
    1.40371203 0.916525126 0.821465969 1.11056781 0.837571621 1.44752789
    0.765818298 0.729679644 1.25713503 0.837080538 1.51003563 1.36289775
    1.36448133 0.890159667 0.839611292 1.5039649 0.856843114 1.20795906
    0.901239395 1.54561818 1.34541965 0.718157887 1.57791305 1.26529133
    1.5329386 1.56586885 1.19412422 1.33024275 1.63336802 1.26892769
    1.39147174 1.55486298 1.31003559 0.859737337 1.41881192 1.33435667
    0.718549907 1.44211197 1.57820833 1.52488852 0.742537737 1.31649554
    0.864210129 1.31410027 1.23173404 1.39473951 1.47394693 1.0887686
    1.69660079 1.2285403 1.6242578 0.79164809 1.16132367 1.4499855
    1.64050865 1.35453212 1.4187932 0.993456841 0.905548751 0.760437012
    1.42297375 0.792570233 0.746117711 0.946519852 0.75529623 1.10995805
    0.88990289 1.53838861 1.40199888 0.669974923 1.265782 1.21149349
    0.920237064 0.764164984 0.984306097 1.32719541 0.913248479
    1.45211494 1.04063439 1.63258326 1.47710204 0.818862379 1.53034019
    1.51110542 0.926412702 1.47243452 1.1299355 0.97775805 0.840286672
    1.31785595 1.63674414 1.43301451 1.36909783 1.23005581 1.54864395
    1.32536399 0.9365623 1.44342232 0.797851324 0.749422908 1.34565592
    1.27184129 1.52503777 0.780029178 1.08065391 1.12254775 1.27299345
    0.949203432 0.748234034 1.37223792 1.22925675 1.74316871 1.08880162
    0.737583756 1.09489453 1.58733118 0.988292992 1.29134727 0.857057393
    1.29407883 1.21369028 0.736323059 1.51016414 0.798309386 0.831400096
    1.0883379 0.726319492 1.43628657 0.762253821 1.57179403 0.823695838
    1.60034645 1.12473643 1.00331807 1.38341033 1.45786917 1.60646331
    0.789874732 1.17121971 0.89207691 1.11821413 1.41706812 1.41474354
    1.144189 0.982224286 1.09862971 0.75935787 1.27483785 1.54333842
    1.55772686 1.33213079 1.2842958 1.03048468 1.24161434 1.54920793
    1.15291238 1.16809583 0.810852051 1.6488589 0.737445354 1.54902065
    1.0258708 1.10810053 1.44979322 0.90200299 1.09511709 1.33472204
    0.797907293 1.1049583 1.583318 0.908080101 1.59158659 1.51637876
    0.89109987 0.789692998 1.53782654 0.717260301 1.50850725 1.08017969
    1.3377893 0.499169558 1.21855378 1.01174498 0.589138746 1.51041079
    0.902018368 1.29936433 0.836765409 0.853512704 1.19841123 1.22780108
    1.13090014 1.20507288 1.14143622 1.6078918 1.3321389 1.15678465
    0.717929363 0.917018473 1.07683468 0.864139199 1.23651564 1.62715435
    0.988980055 1.12961948 1.17413914 1.13749695 1.17738211 1.61534977
    1.37877953 1.61460495 1.02436209 1.36660385 0.989634156 0.681990266
    1.57900739 1.19680405 1.1788249 0.77216953 0.955605984 1.40885079
    0.641786397 1.60974872 1.48757625 0.986397266 1.58880305 0.746694982
    1.23405445 1.41453552 1.61237502 1.08626473 1.55544293 0.716706157
    1.21903396 1.63895667 1.49465644 1.24752045 1.2332195 1.64132118
    1.61348438 1.00276208 0.662507355 0.981351495 0.700360894 1.46257794
    1.21841764 0.909078658 1.1207912 1.3338697 0.845408499 1.20217478
    0.951515555 1.28600264 0.694486201 1.04783058 1.34894335 0.957551062
    1.07695591 1.23913407 0.742251039 0.661346316 0.700631797
    0.726471841 1.39906859 1.31164765 0.66554755 1.15234971 1.43325007
    1.07930958 1.45153618 0.6980021 1.49159145 1.06920052 1.32581496
    1.12778413 0.996592939 1.21650934 0.963002145 1.51794541 1.61065328
    0.840590298 0.860268176 0.788708806 1.17757583 1.4024049 0.878145039
    0.828485668 0.753266811 1.21544838 1.12039864 1.50035477 0.805667639
    1.19391716 1.40675986 1.04433 1.45706236 0.950050712 0.729405999
    1.28609288 1.41207159 0.876726866 1.48471332 0.75987041 1.02824998
    0.927458704 1.58396053 1.585603 0.830004752 1.12330127 0.900405824
    1.3002795 0.844913125 1.35154951 1.30207992 1.20749581 1.19126225
    1.50068617 0.774876297 0.930934548 0.920357406 1.44460571 1.20109546
    1.36654234 1.60473478 1.35253608 1.57858157 1.02801335 1.08625102
    0.775653124 0.909763932 0.641220152 0.830649614 1.39988422
    1.13115025 0.917442739 1.6507709 0.992319345 1.24424636 1.56432748
    0.695155323 1.39879417 1.50930345 1.07058334 1.68173862 1.25476444
    1.03879344 1.53492117 1.41751909 0.859915555 1.19597566 0.78889966
    1.21969414 1.40190482 1.13151276 0.692178905 0.931898236 1.17036021
    1.63577163 0.804250956 1.57331192 1.30224121 0.738145471 1.00454915
    1.20560277 0.786099851 1.58814669 1.08915496 1.58014047 1.59987712
    1.28562748 1.53606486 1.590307 1.63806319 0.948927701 0.680769444
    1.18843341 0.926721275 1.15285325 0.665000498 1.00592983 1.23578739
    1.40229273 1.40926433 0.960857511 0.787651122 0.841703713
    0.690195203 1.4755168 0.884274542 1.32985151 1.11714256 1.313658
    1.19911897 0.984068096 1.16379738 0.737067759 1.06142497 1.19035637
    1.23657608 1.24241579 0.839096248 0.798187196 0.915759027 1.24991906
    0.671704531 1.49335849 1.09620118 0.939880729 0.892158985 1.5277729
    1.24008036 0.956904531 0.83146131 1.61843348 1.0572747 1.08281541
    0.858000517 0.889490366 0.688945889 1.55375695 0.922628939
    0.888442397 1.22457194 1.52807331 0.837692738 1.08190465 1.60190356
    0.813632786 0.807615817 0.88040024 1.29960978 1.50841737 1.37273717
    1.28553462 0.617634773 0.913760424 0.939567864 1.14370751
    0.616250277 1.07435262 0.752444208 1.55706537 1.06657195 1.58601093
    1.43452179 0.901549101 0.713758588 0.890965581 1.54748559 1.21872914
    1.23802876 1.06553817 1.1475333 1.27598011 0.798167944 1.10066998
    1.4913795 1.24100029 1.29613519 0.909481108 1.464535 0.854940891
    1.13903821 1.32272887 1.30426383 1.31361318 1.35693014 1.20493186
    1.50277007 1.01297748 1.32997835 0.891044497 1.2164917 0.90047121
    1.06893492 1.49405444 1.56401503 1.07549846 0.829367995 1.40201139
    0.880346715 1.19503176 0.735418141 1.18886697 1.00558066 0.745980382
    1.41154647 1.33103454 1.30723286 1.56412983 0.973307431 1.02004302
    1.51566887 0.959187567 0.725109935 1.30730534 0.872317493
    0.844423771 1.20104504 1.50927186 0.973539412 0.834836185 1.53476477
    1.22716761 1.3389616 1.52126777 1.54698169 0.907607496 0.813247085
    1.47922504 1.09325945 1.02392554 0.766848087 0.718891919 1.00627601
    0.680383265 1.60549045 0.851147532 1.06052804 1.20160627 1.17314088
    1.25070691 0.996870935 0.607033193 0.791700363 1.18022275 1.50029445
    1.59016681 1.23314357 1.01942968 1.0344708 1.28426111 1.70048082
    1.02937317 1.49715054 1.67330706 1.52290201 1.59287095 0.83799839
    0.680794179 1.32474947 0.869219542 0.830244482 0.682828903
    1.10321188 1.50247288 1.52288234 1.40288877 1.28578806 1.39909661
    0.986765921 1.20737994 0.995050311 1.12689531 0.975163758 0.86447829
    1.32237124 1.19331336 1.61068678 0.806989491 0.857041001 1.34063613
    0.852387011 1.30307877 1.18991721 1.66032255 1.52630782 1.30889344
    0.690886617 1.54954743 0.705286682 1.02859938 0.963243186 1.17816162
    1.54701376 1.42674077 0.815428019 0.996526778 1.48691785 1.48660696
    1.40290129 1.64767611 0.711748362 0.764347851 1.15347385 0.693020046
    1.62458992 1.59596884 0.673007846 0.980979741 0.86026299 1.12302363
    1.41285944 1.6305697 1.42377782 1.22652447 1.41769612 1.27025139
    1.67498398 1.03790033 1.51689374 1.07822549 0.981626391 1.35614026
    0.828902125 1.46888626 1.43408322 0.848406494 1.35353887 1.22487652
    0.905947506 1.34423029 0.931192815 1.46372485 0.77150768 1.06767178
    1.09649789 1.37617731 0.982435465 1.15986598 1.53747463 1.15762258
    1.38141561 1.35518849 1.51117146 0.834735692 1.19432461 0.902236879
    1.52473342 1.45784497 0.731134236 0.738303602 1.15334988 1.670367
    1.63258672 0.733336926 1.06835353 1.63120949 1.42510021 1.63916492
    0.972295523 0.944590092 1.01334548 1.37685525 0.907434523 1.01363611
    0.756377876 1.29763722 1.50105321 1.60743153 1.55009663 1.16033757
    1.46969116 1.16983473 1.4790889 1.58565414 1.38846707 0.965137601
    0.878941953 0.890643358 0.976094246 1.12814581 1.06651151 1.59804213
    1.00210679 1.57753181 1.62016237 1.59427464 1.16634476 1.44810081
    1.60132229 1.50756502 1.64460778 0.846517622 1.2423588 1.30315113
    1.53707051 1.28674042 1.02353358 1.58801007 1.55075967 0.727429032
    0.80613637 0.77429086 1.28345692 0.900342703 0.815687716 0.952073932
    1.07093441 0.587265193 0.785421908 0.817153692 0.573419631
    1.06470406 0.632671654 1.42435706 1.19228709 1.62056327 1.43382299
    1.12371171 1.53413737 0.857401371 0.690126657 0.813232481 1.15613782
    1.53634202 0.662436962 1.05700886 1.11538017 0.83824259 0.900992036
    0.858673811 1.13723183 0.956948042 1.17588985 0.823460042
    0.732840598 1.10483789 0.96400708 1.00858319 1.61184418 1.20535457
    1.41457009 0.963273287 1.30506396 0.920853078 1.67128229 1.04901505
    1.01722825 1.1194464 1.30027282 0.739352047 0.925320506 1.45638585
    1.4625634 0.805514336 0.662545383 0.878032565 0.662012279
    0.673619568 1.30136776 0.763244271 1.16730475 0.987318039
    0.867896736 1.46177185 1.34860623 1.08428538 1.24540532 0.841457665
    1.1423384 1.67921066 1.24408662 1.23188102 1.16868544 1.48400211
    0.84657383 0.731294513 1.12517345 1.02535856 1.34035397 0.690937817
    1.28256643 1.31014478 1.30966997 1.4077239 1.47252846 1.48848808
    0.816601574 1.40813565 1.30854368 1.43718946 1.33658338 1.00581014
    1.5430131 0.877460361 1.62440228 0.737173855 1.18047261 1.42714214
    1.23614216 0.7997334 1.31846952 0.725384116 1.20606506 0.852093577
    1.36016655 1.12683272 1.22988462 1.57452953 1.01140559 1.19256437
    1.54522908 0.705637634 0.961187184 0.784711003 0.789452076
    0.899731874 1.29253495 1.14534271 0.860725403 1.29705608 1.25212455
    0.660561144 1.52802038 1.34059942 1.1659261 0.932480037 1.61212039
    0.769508004 0.654501677 1.13566983 0.721671224 0.7684986 1.06030834
    1.28804386 1.34094644 1.48039293 1.36054826 1.68903017 1.19053257
    0.929067075 1.19429827 1.15317142 1.08138204 0.836340189 1.21544123
    1.22818363 1.54132032 0.942187607 1.60255492 1.03995526 1.34400344
    1.58041203 1.28280842 1.29403734 1.58024919 0.887652516 0.944897056
    1.50522065 1.50304317 1.47399282 1.07160056 1.33811128 1.51547837
    1.40267265 1.55683696 1.59836066 0.880165219 1.66429436 1.65239441
    1.68925405 1.10588467 0.989306986 1.50729322 0.888252437 1.03422475
    1.53727889 1.68939233 1.23931766 0.844383776 0.857731581 1.15627706
    1.45400918 0.969976127 0.962742984 1.15305674 1.61231005 1.10672915
    1.40462172 0.870953202 1.53878701 1.05220485 0.639602721 1.51859343
    0.864857256 1.14063179 0.829111934 1.48177743 0.79449296 1.23435092
    1.47849751 1.6507268 0.819129884 0.956468701 1.35461819 0.754557371
    1.03529549 1.57803094 1.19977498 0.962232172 1.0100888 0.800361395
    0.930828393 1.61781693 0.945257127 1.36888647 0.980471432 1.23123491
    0.936193526 1.63353527 0.943614006 0.649810314 1.28780949 1.07603288
    1.34997845 1.0926125 0.873553395 1.09921038 0.934884429 0.774778068
    0.79941535 1.47564828 1.27181256 1.6446749 1.26719511 1.31727922
    0.919092178 0.79705584 0.721523643 1.08895838 1.15684557 0.992770731
    1.37396562 0.656746507 1.53748274 0.835668266 0.649617374
    0.991692185 1.21566248 0.734209836 0.67025882 1.54533243 1.56681955
    0.834868133 0.947131932 1.13792145 0.671228945 1.21505105
    0.789947391 0.862299085 0.870720565 0.996391475 0.866596937
    1.49769735 1.26060963 1.42474055 1.04635358 0.386631429 1.10419464
    1.17856956 1.24315941 1.17110634 1.07519734 0.911352158 1.48549008
    1.42559314 1.55460405 1.21909702 0.83975023 0.658393741 1.59957004
    1.30027163 1.34665418 0.697472274 1.10430562 1.26812637 1.45452249
    1.15511239 0.711743414 0.700856388 1.05358291 1.30080044 1.33820891
    1.39491022 1.50611401 1.13734233 1.10659885 0.897497475 1.22174811
    1.67855835 1.6351639 1.69478357 0.81610918 1.26394463 0.875458479
    0.840837955 1.25645161 1.07892263 1.2388413 0.823120117 1.08527756
    0.674204528 0.773609757 1.48155272 0.790190637 1.10607517 1.03076613
    1.37490642 1.1798389 1.10361969 1.50107694 1.2359277 1.54527712
    0.949179351 1.16807151 1.25835645 1.52168095 0.98440671 1.21872973
    1.03996408 1.3545171 1.61216414 1.58336484 0.726561368 0.714419305
    1.58377361 0.727362573 0.917305231 1.4319582 1.40522599 0.756120801
    0.729940355 1.57744908 1.22163737 1.06459212 1.43424666 1.21581602
    0.969045937 1.47328019 1.44048595 0.791733742 1.13802528 0.975379646
    0.776740074 1.55999172 1.32731247 1.33118939 0.652101338 0.679582298
    1.27100766 1.20922434 1.28783572 0.730851054 0.961957812 0.900853336
    0.794948936 1.16484284 1.16519332 1.01464415 0.930174708 1.13087904
    0.849695683 0.818733931 1.29191554 1.06146395 0.725305974 1.55151498
    1.07649648 0.831622303 0.717427135 0.942168832 0.739491105
    1.54166341 1.44846261 0.774732053 1.50072014 1.55283046 1.11495733
    1.40356553 1.03861952 1.58622158 0.928907752 1.27398765 1.52312267
    0.918180406 1.61316478 1.67582333 0.772643209 1.20850277 1.56502974
    1.05697191 0.720598876 1.31866944 0.721944928 1.4413203 0.90475589
    0.7261554 1.50394571 0.823690653 0.719443619 1.23100376 1.40040135
    0.883285999 1.41107082 1.53811347 0.761587501 0.717990577
    0.856198609 1.01923823 1.62652385 0.975002825 1.21950161 0.801197171
    1.4231559 0.773520887 1.34411275 1.22398651 1.06445408 1.56113017
    1.68200564 0.975478709 1.35501313 1.21819782 1.51423335 1.32932782
    1.53851748 0.812595308 0.8702479 0.982743382 1.24406517 1.1877749
    0.752989411 0.917427003 0.655789495 1.0206598 1.09596372 1.06295109
    0.915759027 1.12471235 1.33489966 1.17267179 1.02388942 1.58914053
    0.744162738 0.731932759 1.0584321 0.735641241 1.33022702 1.4126184
    1.58848071 1.34484601 1.07628155 1.05050123 1.35110056 0.90571934
    1.55488324 0.924793303 1.65245831 1.0453223 1.16790342 1.52705216
    0.792869806 1.12068057 0.986904144 0.964752495 0.735412419
    1.17615139 1.04031038 0.820556998 0.932468474 0.826185286
    0.776821077 1.63117051 1.63720059 1.10287905 1.62628901 0.852025151
    1.12596583 1.62526286 1.07329607 1.47866857 1.34584546 1.40065432
    1.4853965 1.59122992 1.51532519 1.35391605 1.37065482 0.869059443
    1.12642658 0.90465486 0.647500217 1.2013799 0.905572772 1.08192134
    1.207003 1.54842353 0.733775973 1.17815268 0.790523887 0.962325156
    1.36677194 0.807391047 1.43532956 0.816883922 1.44156909 1.34992957
    1.00148368 0.651593089 0.738703966 0.837969542 0.698291719
    0.552913606 0.776117146 1.26332879 0.753237545 1.49278736 1.03061068
    0.661961317 1.33870435 1.40515172 1.003232 1.52654505 0.899092197
    1.31546676 1.34980404 0.829142988 0.998562038 0.653944492 1.1523813
    1.2665987 1.11589909 1.0273881 1.10826063 1.5248524 1.37552357
    0.955884933 1.08230674 1.52574515 1.28817654 0.824504077 1.71055758
    1.55010271 0.978691995 1.18576181 1.09158242 1.03556323 1.28573501
    1.28916204 1.06551373 1.36735976 1.58100677 0.969836771 1.23504829
    1.28436506 0.747187614 0.922628999 1.37585533 1.04384339 1.47410226
    0.936106384 1.04097331 1.27583611 1.21303332 0.913449168 1.16733468
    1.06064689 1.1806345 0.983911812 1.14540863 1.02201593 1.10634124
    1.59496546 0.720622897 1.32865465 0.845830679 0.834305465 1.12433529
    1.00894201 1.20709729 1.55208945 1.13129854 1.05983257 1.28121865
    1.10414016 1.41260648 1.39912426 1.47709405 0.845408022 0.783507526
    1.18255794 1.52641261 1.22117996 1.34200203 1.48704588 0.743841529
    0.953034341 1.15782356 0.675863087 0.884527504 0.796636641
    0.656158745 0.733771503 1.09952331 1.22093487 1.44636691 1.21165574
    1.16640019 1.51845074 0.930423617 1.27991247 0.906815946 1.43754864
    1.49309695 0.828093469 1.03796327 1.13342249 0.923679709 1.54431057
    0.950666726 0.750742078 0.793331683 0.654999435 1.55448997
    1.50184834 1.12002957 1.46148467 1.48696685 0.842094779 0.68727988
    1.28701913 0.696842134 1.0559274 1.12115085 1.37373447 0.714395165
    1.12109172 1.46966219 0.85206759 0.95819068 0.833872795 1.58042276
    1.2752291 0.954196215 1.46441841 1.62585509 1.60135663 0.746145248
    1.38925242 1.2952162 1.03802943 0.839537621 0.838240445 1.10735404
    1.25545037 1.18689871 1.23331678 1.61820972 1.24815309 0.904539406
    0.790712535 1.56764352 1.53445196 0.812143326 1.46124101 0.856203198
    1.62347436 1.29618478 0.984066427 1.42287099 1.14587212 1.4357729
    0.907866299 0.745999157 0.81838721 0.743604183 1.29043436 0.97618264
    0.862868786 1.222157 0.870835602 1.25645649 0.908011794 1.26747453
    0.977602661 1.36521065 0.662564635 1.34559202 1.56018186 1.60971057
    1.49694347 1.23183429 1.520751 0.943516493 1.0929445 0.709021151
    1.4418956 1.11331367 1.51450884 0.882871091 0.968837559 1.55409443
    0.769176066 1.40523219 0.85167855 1.48253131 1.3763504 1.45218873
    0.677499115 1.33371806 1.28779101 1.39871228 0.836249888 0.873810768
    0.930987597 1.31282461 1.12141669 1.23563528 1.35752523 1.0810082
    1.35643935 1.43906236 1.06402898 1.33947504 0.694019556 0.723495305
    1.04794562 1.293221 1.57342792 1.41396356 1.41979504 1.23611593
    1.2618593 1.33895493 1.64408863 0.908653975 0.76751405 1.19347525
    1.4070462 1.21905744 1.27207029 1.32007682 1.23680985 0.84296912
    0.667159736 1.09163344 0.713623762 0.703701794 0.893535018
    1.36310744 1.02903998 1.01286149 1.18856132 1.59324777 1.63724422
    1.00626326 0.927856266 0.674203694 0.891607583 0.815901995
    1.31415594 0.784206092 1.13001227 0.881217837 1.19849718 1.53856659
    0.549915493 0.541215003 1.27222323 1.18548322 1.30005109 0.855307221
    1.34648621 1.02502286 1.59798229 1.3906852 1.21185386 0.985767126
    0.899610043 0.942271948 1.57458735 1.52234542 0.950385869 1.33676493
    1.10865843 0.681550622 1.02643549 1.39505231 1.40277243 1.42039669
    1.13273633 0.736317039 1.42890954 1.43248522 0.794292808 0.910268009
    1.39510667 0.847306907 1.19939864 0.94484365 1.19763124 1.65180731
    1.38521659 0.90470469 1.40165961 1.02987778 1.16903031 1.49303627
    0.833071351 1.27538061 1.42853403 0.868254066 1.0034759 0.862361968
    0.710229754 1.55077791 1.08793533 0.849005759 1.5125891 0.767448783
    1.07549179 1.46271598 1.63779473 1.32727146 1.27231526 1.66314018
    1.5162555 0.826603055 1.41209233 0.761623442 1.52879512 0.979967654
    0.858536243 0.837564826 1.10955274 0.849775195 1.52474833 1.47669578
    0.776171684 1.46057355 1.56106329 1.12413323 1.40423608 1.02694666
    1.59915376 1.12456274 0.839365721 0.934690356 1.50092483 0.85044235
    0.901859343 0.781270146 1.41490579 0.771107972 0.936899722
    0.861152411 0.873262703 1.0769428 0.947588027 1.31983483 0.796366513
    1.18597114 0.953909099 1.44383013 1.66847134 1.20865738 0.691608071
    1.41921091 0.694854558 0.749700546 1.58200991 1.155918 0.952125311
    1.48487735 1.23146331 1.55710077 0.815334022 0.761195302 1.44052815
    1.12075484 0.809119523 1.42643988 1.19726968 0.985183358 1.19046783
    1.16724205 0.756929278 1.31238496 0.878536522 1.52546847 0.802324831
    0.948463619 1.42650974 0.723932028 1.35141623 1.56787491 1.5451287
    1.67001653 1.58857238 1.61599779 0.979907751 0.681420684 1.48366904
    0.880734861 0.912476003 1.41285455 1.0161922 1.46072161 1.42159355
    1.35827661 1.67330396 0.79695338 0.978391826 1.45520139 1.15361071
    0.890448332 1.19071519 0.742334843 0.823898613 0.775915146
    1.08908308 1.22806799 0.856583059 0.876584828 1.34087408 1.68300021
    0.714534104 1.52728236 1.24433112 1.59162319 1.01734626 0.873088598
    1.32109368 1.3204807 1.58704543 1.56369567 1.3560828 0.841958761
    1.34232688 0.992960632 0.890639603 1.58073604 1.10730028 0.810904205
    0.93849951 1.14951396 0.928806841 1.08049679 0.802286685 0.697720945
    0.909223139 0.714560926 1.53503525 1.58780849 0.81562382 1.10377645
    0.968098044 1.02800035 0.729440808 1.23490238 1.06531072 1.24231422
    0.920046687 0.721497893 1.01055884 1.64253604 1.00037754 1.43282771
    0.716955602 1.21849144 1.49061477 1.66755092 1.65038598 1.22830439
    0.952120423 1.1971724 1.44282782 1.56619918 0.993608117 0.824307263
    0.735001922 1.65261281 0.923750758 1.37851548 0.935743749 1.59513557
    1.66707158 0.871916473 1.13316846 1.36889458 0.710844874 0.794466734
    1.49750447 1.45753348 1.4917289 1.63665676 1.43989801 0.886065722
    1.1701858 0.939423501 1.57044959 0.706038654 1.51549196 0.961720705
    1.22747958 1.25236332 1.45381701 1.38238931 0.951540828 1.55064571
    0.919916749 1.47186077 0.928533256 1.55560613 0.851159215
    0.695301175 1.0399214 0.838604271 1.24022615 1.2138983 1.37993824
    1.42473269 1.32448375 0.807471275 0.579895675 0.632971108
    0.434147269 1.18528271 1.50964296 0.681857407 1.32016385 1.32750702
    1.44395781 1.43384624 1.56273127 0.823529303 1.18151391 0.777682722
    0.651970327 0.882440567 1.08229578 0.991304278 0.940720975 1.2596041
    1.51800275 1.3291167 1.29339337 0.65809387 1.09106684 1.04130912
    1.18416309 1.02799511 0.71597755 1.24653971 1.25945306 1.62355518
    1.56664598 0.988208175 1.1355629 1.036816 0.990575075 1.57223988
    1.10574698 1.57124972 1.38234389 1.56072307 0.704269648 1.23469722
    0.656454027 0.710929155 1.19079256 1.15317547 1.33769953 1.14088893
    1.02622187 1.00946081 1.1275003 1.5383935 1.64566147 1.53312767
    1.58213246 1.56706417 1.45382333 1.05439901 1.56327212 1.2158134
    0.854742646 1.24732292 0.825097442 1.68435514 1.58937001 1.25911939
    1.158162 1.47467458 0.983583093 0.742698848 1.25065482 0.805334628
    0.848649025 0.745940387 0.946435511 1.05043995 1.59460509 0.89868331
    1.04944253 1.29292405 1.59119117 0.848475695 1.02870095 1.62799883
    0.924277186 0.636311531 1.50677621 0.876418471 1.57042491
    0.778645396 1.23249364 0.97970742 0.744265079 1.57447672 1.59222412
    1.54937661 1.64085686 1.48953128 1.19490933 0.896304369 1.21098912
    1.33837724 1.324669 1.34493351 1.15956771 0.614494681 1.08743632
    0.928786278 0.829921663 0.761300385 1.1300993 0.901153803
    0.778382659 1.51664817 1.30797732 0.914565802 0.96124953 0.783084571
    1.14552438 0.891855597 1.61280668 0.836889267 0.946281374
    0.905216813 1.52119207 0.704953372 1.61058414 0.968554139 1.46170366
    1.48412633 0.839767635 0.681984007 1.69349647 1.17809176 0.780044317
    1.61382687 0.775303125 1.53701138 1.21682751 1.17192471 1.44189525
    1.04820943 0.834985912 1.48602796 1.29937196 1.23149943 1.47988164
    1.40464568 1.55355191 1.28263795 0.87240839 1.54450667 0.779135525
    0.904727459 0.752616704 0.982176244 0.916328609 1.42593431
    1.32630599 1.10198808 1.61069536 1.57534003 0.937660038 1.38881469
    1.15970123 1.2642101 1.03702331 1.36453414 1.37860382 1.65189064
    1.55147922 0.923586607 1.43058658 1.30540681 1.59928977 0.89364177
    0.736684263 0.734306693 0.831385136 1.25666833 1.06953835 1.1138438
    0.821071565 0.854617357 0.673181415 1.0876838 0.670428932 1.27979529
    0.876296282 0.66505307 0.715943635 1.61559856 1.33000851 0.942913532
    1.46528542 1.64705539 1.08740425 1.5112592 1.20054376 1.65602744
    1.0175606 1.66024387 1.32354474 1.14896464 0.72856611 0.992890179
    1.5342226 1.18037224 1.33607781 1.06471014 1.53103518 1.32164431
    1.11878276 1.21346581 0.984012008 1.37564683 1.70179915 1.47604775
    1.0214653 1.21034706 1.03561175 0.732594669 0.796635151 1.17210436
    1.33354735 1.48445642 1.18832672 1.40792847 1.13169324 1.31383991
    1.06291342 1.01188076 0.861854076 1.16922593 0.942523479 0.973319113
    0.919362426 1.2848227 1.12509751 1.59933758 1.51004493 1.62034798
    0.746542573 0.831070781 0.734700263 1.3245703 0.98743248 0.927295089
    0.833092093 1.36803997 1.07098436 1.05752099 0.710957706 1.31797194
    0.787878692 0.745931447 1.09618366 0.635373294 0.847993433
    1.24049854 1.33692122 1.24398255 1.35648406 1.44625437 1.40844309
    1.11420882 1.13050091 0.671921849 1.62206924 0.824285209 1.49124432
    0.984843612 0.878478765 1.35539758 1.23787701 1.29843974 1.50990164
    1.17500496 1.39811254 1.24461138 1.30974603 1.06300402 0.992254615
    1.62141514 0.982599497 1.33565867 1.32184684 1.27379489 1.65449059
    1.61553669 1.03328192 1.01322317 1.3375994 1.64445996 0.694828451
    1.00656271 1.31716835 0.920291245 1.260517 1.37811625 0.80701369
    1.01149416 1.62214458 1.54585528 1.4087472 1.43463778 1.0030849
    1.63493752 0.990027249 0.774316013 1.14608133 1.29986548 1.70088136
    1.4854207 1.55413079 1.0229404 1.59524775 1.51504517 1.15096259
    0.866325319 1.59514606 1.30411696 0.957789838 0.919823825 1.45584989
    1.67457271 0.781411588 0.795969129 1.34546566 1.51819813 1.19836938
    1.29154384 1.36145735 0.961965442 1.2520138 1.00216794 1.30264676
    1.37535751 1.06942439 0.89087677 1.17735517 0.812692583 1.10113263
    1.42182446 1.25094616 1.06450677 1.08328545 1.2880826 1.25938582
    1.50207138 0.87926501 1.28840828 1.06736743 1.13151443 1.38232458
    1.12725067 0.855416715 0.896368206 0.760445654 1.14225483
    0.639236748 0.93754971 1.00813925 0.820970953 1.14178705 0.869960248
    0.626056373 0.873795152 1.16881895 0.647690475 1.20023549
    0.925161898 1.1393615 1.05484295 1.28548479 1.26734304 0.811413288
    1.29737854 0.840662241 1.49487913 0.921703756 1.36410427 0.764621496
    0.907337368 1.35008013 1.35658276 1.36817479 1.64973128 0.726426423
    0.889902353 0.879890084 1.59287655 1.56632519 0.977677286
    0.804561913 1.58874595 0.70387882 0.976723254 0.84363848 1.21122575
    1.02533531 1.46870685 1.35938096 1.44619989 1.11798692 1.51909697
    1.54451013 1.43553019 1.61899948 0.933388412 0.999782383 0.718537688
    1.33671784 1.13564491 1.61066711 1.54893649 1.06595147 0.742868245
    1.65802944 1.07105017 1.38667965 0.732054532 1.454831 1.0363003
    1.0413307 1.32097948 1.57379723 1.67092037 1.23318112 0.917200506
    1.15453207 1.11828339 0.713410079 0.677088976 0.820287347 1.15755677
    1.58818889 0.854469955 1.00699329 1.36269164 0.628151119 1.04028702
    1.43746829 0.912846982 0.879363 0.889926255 1.1830579 1.57798886
    1.35874391 1.60094237 1.27986836 0.871049345 0.917789996 1.53331804
    0.771970749 0.866233468 0.977017641 1.43002796 1.11408174 1.09519386
    1.24753296 0.714447439 1.521415 1.05932713 1.64082766 0.776789784
    0.954789877 1.12712312 1.30608451 1.35766935 1.13952601 0.832958579
    1.57661879 1.57866895 1.53263021 1.61829448 1.47107387 1.12306094
    1.43746519 0.765351415 0.793615282 1.20808339 1.06976545 1.45931005
    1.38039541 1.153741 1.1687597 0.765334308 0.781528413 0.921595097
    0.83172965 1.36290252 0.87297523 1.40787768 0.818608046 0.97617811
    1.26696241 1.42318547 1.18136549 1.01497984 0.818273485 0.999587595
    1.57142508 0.653514266 1.3840158 1.29439485 0.800478399 1.05876875
    1.00516605 0.551381707 0.894402683 1.23746979 0.665748775
    0.610310376 0.88971293 1.00597322 1.19844985 1.49982369 0.933860481
    0.664933562 0.972614765 1.59605372 0.73340559 1.54485655 0.755669773
    1.51089585 1.36512136 1.20306432 1.07257259 0.950201273 0.767205238
    1.3120873 1.26497281 1.32548153 0.991702914 0.75879401 1.66066337
    1.33694482 1.44431829 0.742619634 1.03464675 1.02763951 1.47068703
    0.753224671 1.63721406 1.11433387 1.55118489 1.05096185 1.60698175
    1.51750076 1.12079144 1.12555051 1.2726897 0.69696486 0.841455042
    1.55837226 0.800168514 1.10741794 1.47370553 1.41409504 1.49250615
    1.18431854 1.40027404 0.741391957 1.60048723 1.2216903 0.743017972
    0.753256261 1.53819335 1.36284876 1.31773639 0.915757298 0.806956828
    1.36177683 1.50713754 1.66461778 0.919416428 1.05311704 0.680230319
    0.854765594 1.1830889 1.52742052 0.961417615 0.870902777 0.840914071
    0.816444695 1.30757117 1.23015714 1.17511284 0.815783739 1.17649102
    0.895662189 1.42316628 0.67458874 1.09473538 0.92783314 1.22406042
    1.40173626 1.32846224 1.49248672 1.57674968 0.911088943 1.33960807
    1.07385111 0.79657793 0.80017823 0.981035471 0.817198694 1.39513481
    1.05577135 1.36879385 0.922910988 1.20682085 1.16985536 0.824362218
    0.79063201 1.14296937 0.772082984 1.17519045 1.33718073 1.29942286
    0.940720379 1.39342523 1.11324763 1.0429666 1.09948361 0.837136805
    0.828570247 1.20712233 1.04602993 1.31450117 1.63516164 0.637888134
    1.35731101 1.32582057 1.16891062 1.53026724 1.33941865 0.738365769
    1.63636231 1.26622081 1.50210702 1.04009962 1.28137589 0.882786334
    1.27152288 0.769193888 1.06202853 0.757786632 1.26674747 0.881651402
    1.04536748 1.51897275 1.22885096 1.09210491 1.01875067 1.53185081
    0.737682283 1.12426436 1.02369297 1.34224081 1.05226636 0.769065857
    0.701958656 0.721813738 1.38939679 1.32626748 1.27870429 0.939354002
    1.09497142 0.713516355 0.645374417 0.994822562 0.747628748
    0.739266992 0.725148022 0.739401698 0.809815407 0.734957993
    1.01820052 1.6338203 1.59813058 1.37225056 0.871585667 1.324404
    0.745896995 1.25233901 0.897147775 1.0429163 1.57141328 1.36680532
    0.678648055 0.891606927 0.961122453 1.04772627 0.742471635
    0.914421797 0.584805012 1.30014741 1.42920578 0.986661494 1.10194206
    1.48137963 0.731351137 1.26825631 1.58225131 1.25896764 0.862315238
    1.24907529 0.818895817 1.5603478 1.15962505 0.875073791 1.0219034
    1.49890327 1.29210007 1.02225876 1.44357371 0.805379391 0.993167937
    1.54017854 0.964324713 1.60980666 1.70107412 1.22833347 1.65290606
    1.61045671 0.811401904 0.762080789 1.58446252 1.10514832 1.56717503
    1.40475368 0.877847552 0.678742945 1.1527257 0.77906239 1.09095204
    0.840758801 1.29378271 1.598068 0.813406289 1.57742822 1.31442499
    1.00844121 1.16953194 0.844323993 1.09575081 0.688722491 0.858006477
    1.0295527 0.874665737 1.64632535 0.727765858 1.31163478 1.05543101
    1.60379434 1.50119948 1.03491855 1.47188067 0.999100924 1.07430935
    0.918560445 1.00257146 0.992114067 1.4778167 1.30792713 0.829463542
    0.740850449 0.736552 0.734815121 1.44302559 0.955510318 1.14693475
    0.841079891 1.2456584 1.22631443 1.2591387 1.31042218 1.09720278
    1.31520915 1.60806298 1.44532251 0.986378253 0.781983912 1.27297044
    1.24324381 0.937739432 0.994347632 1.05622125 0.870433629 1.20899045
    1.56595063 0.969576478 1.11424851 1.66925192 1.60714722 1.63525403
    1.40069771 1.52744329 0.765225351 0.960489213 1.54110479 1.60000968
    1.08339238 1.16392255 0.788285315 1.32231224 0.867280781 1.24769032
    1.62256634 1.31884396 0.924415946 1.40135598 1.39344251 1.39347017
    1.51960313 1.32027853 1.41896963 1.46186805 0.85333246 0.72215867
    1.53392124 0.825149 0.777914345 1.13734519 0.697100878 1.61307681
    1.48274338 1.43538928 1.10484529 1.50193536 1.62401998 0.96640259
    1.31931984 1.17544186 1.4243784 0.973649383 1.67962611 1.47433305
    1.42126942 1.17485893 1.23522031 1.39946461 1.04661226 0.682265162
    1.58741522 1.51959789 1.43995893 1.51032138 1.26881659 0.795148373
    1.10382712 1.03915608 1.27385414 1.42725086 1.03809547 1.16365719
    0.789679289 1.47018015 1.55956221 1.28795004 0.898908854 1.68176854
    1.37177372 0.922294021 1.03944707 0.985232592 0.874621153
    0.801772058 1.33218193 1.35873008 1.48240805 1.30741894 0.893844426
    1.10304821 1.57107079 1.60033715 1.48377299 0.762303114 1.16288388
    1.14634931 1.60736251 0.695215106 1.58156407 1.27991271 1.08651567
    1.11035895 1.09521723 0.847285807 0.950445831 1.54441118 1.22951508
    0.715438664 1.26552367 1.05907798 0.759397149 0.962352455
    0.877380908 1.03575611 1.02874804 1.57195163 1.58224475 0.786229908
    1.53999221 0.809230864 0.962441921 0.753275573 1.64449203 1.11260259
    1.52170563 0.907135546 1.57482266 0.682003438 0.657397985 1.2733289
    0.733365417 1.49727082 1.35799408 0.658551514 1.25160897 1.02971709
    0.688546538 0.957586944 0.865569055 1.4677546 1.44311213 1.09120095
    1.49964845 0.817649364 1.17280149 1.43257082 1.36392069 0.748319745
    1.17579699 0.926255763 1.38939011 0.992795527 1.24565434 0.893411636
    1.44324529 1.61341023 1.28285635 0.782923579 0.856253028 0.764626801
    1.10514283 0.658273935 0.804409981 1.27171767 0.743573904 1.29687846
    1.05763614 1.1040771 1.06248653 1.10385513 1.39235044 0.65929991
    0.731810451 0.859283507 1.54112184 0.632281303 0.712547302
    1.19689965 1.10819876 1.0484966 1.53782904 1.6254921 0.76831162
    1.48651111 1.23175943 1.64191687 1.26246107 1.41734087 1.31944859
    0.86882776 1.30838871 1.64155471 1.34796858 1.550807 1.43360329
    1.08998895 1.57258093 1.09981132 1.20009542 0.92051816 1.23518646
    1.37946272 1.53630722 1.34661484 0.818229973 1.66388905 0.696134329
    0.841744304 1.40980148 0.791326404 1.21348858 1.15688956 1.4788059
    0.691215932 0.913885355 0.972923815 1.3570472 1.13433456 1.49437428
    0.930436492 1.04942906 1.62963367 1.06590748 1.23100495 1.09896529
    1.18199277 0.946502984 1.22315764 1.34676623 1.19303775 1.49535918
    0.945194542 1.31002176 0.810289443 0.984010696 1.28371799 1.09439707
    1.29061222 0.438135654 0.523272038 0.728636026 1.39440155 1.0935117
    1.35271728 0.799468935 1.42348695 0.71022594 0.890531838 1.03569818
    0.968511581 1.09657884 0.878409147 1.61621511 0.834528983 1.12190139
    0.983473778 1.17600894 1.06105173 1.14940739 1.24468124 1.1458385
    0.948367119 0.732443333 1.13683581 1.00831056 0.86112231 1.64335859
    0.75566268 0.977209985 1.52810562 1.00763452 1.15755212 1.66340995
    0.934819162 1.34538937 0.796353459 1.66601145 1.11390471 1.56921327
    0.890247464 1.29007554 1.48338938 0.799239695 1.16911471 1.0555104
    1.35771787 0.881807566 0.986946285 1.63086581 1.00363171 1.01403904
    1.27713048 0.928648472 1.18117952 0.70107764 1.0718286 1.50455844
    0.893193781 1.23502421 1.1923511 0.822156489 1.20290101 0.755375803
    1.2029711 1.56491995 1.38381457 1.05858111 1.05933046 1.25869703
    0.753752708 0.831370056 1.51991141 0.732157648 1.43285036 1.06069624
    0.882367074 0.778465986 1.46939075 1.53778064 0.715659797 1.3569262
    0.990208924 1.13621545 1.19754708 1.53592205 0.654972017 1.17044103
    0.939035952 0.730618775 1.57028306 1.63390446 1.18243837 1.04197526
    1.09741986 0.789659023 1.20306206 0.853717029 1.66256213 1.63183725
    1.15107036 1.22106802 1.18304801 1.29278111 1.28177655 1.23516607
    0.881310582 0.979356468 0.845671594 0.700152695 1.4989531
    0.891382277 0.699058473 0.935178757 0.88116467 0.787924111
    1.60181272 1.42845535 1.54199314 1.34184229 1.10774469 0.813687503
    1.57246339 1.42630792 0.655532479 0.75856328 1.27539039 0.745618224
    0.869973958 1.30942178 1.33751059 0.896909893 0.755472183 1.46645355
    0.891337514 1.16822195 1.53144407 1.21873283 1.49962664 1.45861614
    0.911604166 0.877043307 1.24046302 1.15409088 1.56317616 1.11818349
    0.999754488 1.39525187 1.19397926 1.63045382 1.5165863 0.933534026
    1.57064605 1.25178432 0.74733609 1.14830172 0.773709238 1.21338189
    1.06986797 0.752066672 1.39812148 0.648481131 0.878777921 1.16834044
    1.22309363 1.3646642 0.741159379 1.14519036 1.55518079 0.98771143
    1.26829171 1.62178648 1.11483121 1.62508631 0.692387462 1.25608349
    1.50065172 1.26814389 1.53414571 0.768800855 1.31846273 0.620324671
    0.699063301 1.02214289 1.57878506 1.38491249 1.5730139 1.21313393
    1.32287896 1.24878573 1.35600579 0.841129661 1.37708068 1.5059346
    1.07140791 0.887415588 0.918234885 0.897808671 1.3008455 1.09971356
    1.22751904 1.11255038 1.68597257 1.50453341 0.95696789 1.59437311
    1.21006012 1.70406497 0.726345241 1.51151049 1.69948423 0.788685501
    0.969700992 1.15892315 1.30551946 1.45297897 0.938893795 0.818801284
    1.34178722 1.22290385 0.811410964 1.60690641 1.14579654 1.21021938
    1.08178759 1.2438556 1.04378593 1.18023813 1.57491517 0.732359886
    0.892877162 1.29802227 1.44790757 1.4448868 0.979275763 0.915828586
    1.10505652 1.62468374 0.902814925 1.54126334 0.802431345 1.18540394
    1.50876546 1.66719079 1.13276029 1.16161287 1.32796323 1.10607958
    1.21190977 1.18211663 0.920776844 0.764796197 1.05283153 0.960539043
    1.01624787 1.19740915 1.0165993 0.683077753 0.614085078 1.34374547
    0.713092983 1.505844 1.5037446 1.63584554 1.53642917 1.61519659
    1.13560534 0.847458482 0.742473483 1.31570053 1.64863622 1.20391846
    1.55201685 1.2160331 1.41659451 0.827014923 0.737584174 1.22966278
    1.57486939 1.52296126 0.889406919 1.0904187 1.58158803 1.37970018
    0.823733866 1.35969663 1.07203746 1.05401254 1.52059865 1.10895741
    1.42782545 1.6232661 1.37919509 0.982357085 1.1590097 0.905828118
    0.75983721 0.69756341 1.36366165 1.19734049 1.45256579 1.29429507
    0.935948491 1.45196569 1.68923223 1.10816407 1.40939021 1.56570017
    1.42282259 1.50252616 0.689496458 1.28179348 1.28322601 1.15234208
    1.56550074 1.36735606 0.817842245 1.56752348 1.5559988 1.0564574
    1.252442 1.17119884 1.5391438 1.39627659 0.880565882 1.32731748
    1.63835108 0.860932708 1.60971594 1.47119439 1.57239759 0.746475935
    1.59144819 0.785094678 0.95965302 1.44682324 1.27326393 1.48049903
    1.09905839 0.900639772 1.4602648 0.914912045 1.1440556 1.08220816
    1.30861104 1.22070181 1.16766119 0.909247577 0.809057891 0.811206043
    1.01886857 0.814039052 1.28954017 1.47053289 0.732585192 0.835808456
    1.02251971 0.934324801 1.18473566 1.5413394 1.57048345 0.905228138
    0.946830273 1.19417298 0.67486918 1.53929687 1.00412393 1.599751
    1.52445865 0.675447941 1.55723441 0.72213459 1.11262393 1.51442158
    1.65196598 0.744384885 1.19071758 0.81143719 0.774165928 0.986920476
    0.871406257 0.784878969 1.37194633 1.21111429 1.46866798 1.16660464
    1.22901845 0.763590038 1.48211205 1.35689461 1.17968011 1.40097821
    1.04221332 1.11632752 0.830421209 0.757272303 0.723789155 1.48759246
    0.724033237 1.32681131 0.886393189 0.857521772 1.2724396 1.08062994
    0.708296061 1.15145707 0.811635911 0.845453024 1.19473875 1.16762114
    1.21826696 1.4970845 1.49475944 1.51739562 0.613492787 1.4381671
    1.32523227 1.57076061 0.936866701 0.763565004 0.794818282 1.22032213
    1.4364835 1.36696947 0.941551387 0.787285566 0.825137019 1.5433259
    1.60725963 0.811367512 1.36301482 1.54018462 1.60631359 1.47871697
    1.21128488 1.09425807 0.938728333 0.770491719 1.43849111 1.03039074
    1.01878893 0.796795666 0.751779199 0.846321046 0.78043294 1.57864892
    1.30905962 1.41983807 1.3217696 0.925639629 1.34401798 0.834424675
    1.19791389 1.62225044 0.90507859 0.900424957 1.48096263 1.07041883
    0.750550449 1.53775454 1.39822006 1.67048669 1.44501901 1.51359391
    1.26553166 1.1733793 1.11215293 1.10816109 0.932430208 1.4209708
    1.24358582 1.41492271 0.881666422 1.32303083 1.04984939 1.59428155
    1.62223101 1.5448091 1.2657944 0.706976295 1.20895731 0.785970688
    0.951317728 1.62177896 1.25319242 1.1108886 1.23926282 0.918995082
    1.5174886 1.17963791 1.27873909 0.698379636 1.35591471 1.51907134
    0.716345429 1.57657421 0.716495275 0.912138581 1.6863184 1.52507234
    1.00844133 1.39513135 1.52690625 1.43057644 0.890058994 1.51629186
    1.48638356 1.37951243 1.33923161 0.968294263 0.742021382 0.473990619
    0.592722893 0.974260449 0.771517813 0.821187019 1.09053779
    0.691421568 0.652043343 1.17436266 0.772012532 1.40408528 1.25685155
    0.775422275 1.52681422 1.22836888 1.46530211 1.03206933 1.4190979
    0.941810131 1.21341038 1.36552083 1.24153996 0.74579525 1.46442175
    0.781126261 1.15704906 1.67082012 1.24895275 1.14129877 1.27901328
    0.767059803 0.913008571 1.33383787 0.843588233 1.59521174 1.6612525
    0.953216016 1.14240503 1.46968794 1.32945323 1.50336409 0.979652703
    1.17416203 1.16389656 0.689688921 1.53527224 0.808149934 0.712263644
    0.965877473 1.42282891 1.08255661 1.45594311 0.739660442 1.42368877
    1.30537462 0.8811602 1.38178456 1.05339599 0.921685874 0.949888766
    1.23227823 1.39804065 1.24336779 0.829678953 1.09463847 1.14023542
    0.761971176 1.05734456 1.02288306 1.6442126 1.53097105 0.813254774
    0.69128859 1.50461328 1.34196901 1.39343333 1.38955104 0.952916086
    1.46029973 1.10421336 1.02484858 0.708568871 1.23636007 0.931950748
    1.64492404 0.937121689 0.851497531 0.766018629 1.63551009 1.03204894
    1.61359251 1.31950152 1.68945384 1.00017965 1.08393693 1.58779633
    1.63315344 1.29868186 0.735462546 1.61700666 0.786215007 1.52160239
    1.58937156 1.01777267 1.55420053 1.32600605 1.24037302 0.781344414
    1.03211021 1.53384674 1.13461077 0.85210228 1.39645827 0.773428679
    0.78981173 1.25449038 0.787190795 0.992634714 1.54936993 1.38387525
    1.32033098 0.724932134 0.992439747 0.793536663 0.759375989
    0.862255275 1.41470957 0.859933734 0.926564455 1.04169822 1.29580975
    0.974037647 0.863587737 0.921152055 0.95157069 1.43126869 1.36150765
    1.14438164 0.98208791 1.10298729 1.46734118 1.01938152 1.62814736
    1.37856102 1.65232265 1.13115108 1.04589772 1.08739114 1.04341304
    1.6371032 0.676165223 1.26042426 1.46953154 0.765179873 1.05463469
    1.05499375 0.900407255 1.36078894 0.823550522 1.21885002 0.718200088
    1.25498056 0.853598416 1.22216535 1.15309644 0.899800658 1.37440252
    1.38019991 0.824083209 1.35722709 1.52970815 0.739949763 1.19102442
    0.7064206 1.27027059 1.16601074 1.6612637 1.10999036 1.3096658
    1.21716774 1.29539192 1.07498169 1.01339531 1.33272946 1.01657498
    1.20191586 1.3987422 0.683303058 1.4691087 1.01315129 0.65680635
    1.36724484 0.844423831 0.688229024 1.22581303 1.19214749 0.849923372
    1.09242558 1.26519394 0.908679664 1.22946382 1.09123445 0.97494036
    1.132918 1.49050748 0.910437346 0.782554984 1.67484379 1.55108237
    0.80014652 1.20106637 0.772172451 1.2581749 1.56142914 0.812464178
    1.23980701 1.49048328 1.40137887 1.32283103 0.69403851 0.946156502
    0.92845422 1.01576722 1.08749294 0.769730091 1.08359528 0.878409505
    1.04095793 1.57742834 1.31718636 1.16470647 1.61274922 1.03850472
    1.47522461 1.41744614 1.23878074 1.57891047 1.34686112 0.841062307
    1.37149453 0.858775795 0.778285325 1.28337169 1.09510338 0.913759768
    1.42408299 1.2877053 1.69504333 0.743585944 1.24209011 1.5632894
    0.793780684 1.55887222 1.40171111 1.3064152 1.2590214 1.3091352
    0.771877587 0.686672449 0.582438111 0.939209461 0.995495021
    0.914138019 0.972319484 1.31478524 1.54073179 1.20015669 0.707576454
    0.961263716 1.59139597 0.734130085 1.48892272 1.03044689 1.25867617
    0.851741254 0.967640936 1.24052119 1.61114514 1.51135409 1.30269158
    1.500736 0.953440964 0.934705079 1.01589346 1.36604786 0.920954168
    0.88845998 1.37073207 0.995844424 0.753701031 0.912017643 1.18881834
    1.03176832 1.52994907 0.932614923 1.46525729 0.868316531 1.5508889
    0.700178981 0.768832088 1.56812322 1.41496456 0.952609301 1.53681362
    0.940408945 1.33443093 1.40522373 0.703583539 1.63513184 1.49834251
    1.29242158 0.931544602 0.68877703 0.782654822 0.910971045
    0.844177544 1.01611912 0.981098592 0.971983492 0.739475369
    1.10130501 1.54081333 1.07632709 1.11797249 0.81485492 0.991135478
    1.28616381 0.6886971 1.53448486 1.05583823 1.6002686 1.19634497
    0.742730141 1.43497729 1.26556385 1.26200461 1.04683137 0.647808909
    0.995710909 1.51387918 1.11809015 0.960986853 1.0742991 0.878044486
    0.938387454 1.06536126 1.24928248 0.787917852 1.30520713 1.19360769
    1.29757953 1.40891933 0.987276852 1.29236674 1.37562871 0.980823517
    1.53576827 0.755810797 1.10318792 1.27864325 1.24840236 1.17494082
    1.54605889 0.70386225 1.38598442 1.47917795 0.817397594 0.676112533
    1.26056969 1.35299492 1.47351587 1.38918698 1.59644473 1.30996704
    1.26450253 1.49600923 1.27565372 1.00666595 1.3768177 0.92989397
    0.869192004 0.790814757 1.19128537 1.27133191 1.12098134 1.50129926
    1.2096175 1.11945248 1.16884863 0.798105896 1.06086099 1.17495728
    0.756878197 1.16424572 0.67763865 1.20090294 1.1428864 0.800101399
    0.943024397 0.938134611 1.52139819 0.810753286 1.53796887
    0.694538951 1.4329406 1.08594549 1.03497636 0.966756999 1.45530188
    1.65454578 0.996267378 0.911830008 0.778004825 1.14090073 1.05945313
    1.31767547 1.38001728 0.672586977 0.614117622 0.798252881
    0.700819373 0.874758601 1.45367372 0.978532195 0.941855609
    1.30987406 1.31425905 0.96969974 0.929251194 1.4558537 0.787861168
    0.875444531 1.34540248 1.38118958 0.787735999 1.50221181 0.703627944
    1.20785725 1.5685004 1.17243171 1.5841471 1.50561059 0.806847811
    1.17096436 0.821593642 0.759745955 1.04443657 1.33368564 1.43993938
    0.932085276 1.11405158 1.56315494 1.3035475 0.672939479 0.943136454
    1.46915996 1.56787753 1.44867742 1.59962213 0.919623196 1.39544058
    0.850083411 1.36642957 0.722385168 0.803584635 0.944664896
    1.63148582 1.39178371 1.02097511 1.60023868 1.22803521 0.731646538
    1.21127594 1.27467442 0.929874063 0.989687324 0.764130712 1.37406862
    1.10973239 0.85053581 1.41827893 0.932570219 1.61906791 0.867941678
    1.39334214 1.64780033 0.807368994 1.38544536 1.50612307 0.946770072
    1.6305027 1.15469956 0.698810816 1.46852052 1.09616935 0.962479591
    0.745901525 1.30830896 1.49424493 1.44216013 1.55601871 1.59579623
    1.13766861 1.71776366 1.56904638 1.55210006 0.738458812 0.75835079
    1.40589678 0.98194164 0.538831353 0.854606271 0.823980749 0.56962496
    1.17037916 1.14867508 1.1595099 0.83010447 1.29112232 0.894149244
    0.872088253 1.30113208 0.756152868 0.930619836 1.47128832 1.55246019
    0.860550046 1.25458527 0.749008 1.59817171 0.97161597 1.0427351
    0.782912314 1.40081441 0.817468703 1.44519472 1.50460196 1.61364269
    0.704549313 1.42741263 1.20374048 1.66679275 1.35341311 1.02626371
    0.701170266 1.2708956 0.673059106 1.17653883 0.772155881 0.77163291
    1.35548687 1.45135081 0.755317271 1.63622236 1.35835493 0.832689822
    1.30239952 1.58144021 0.815461457 1.01168704 0.8986727 0.751241744
    1.22131884 1.01559854 0.89709866 0.732345104 1.48493016 1.17439818
    1.43256772 1.57828772 1.01147115 0.655861855 0.810168862 0.82671994
    1.14477372 0.761756778 1.10017371 1.17850709 0.861386359 0.973576784
    1.64762616 1.23269725 1.57923794 1.4265368 0.80510217 0.946561217
    0.839054644 1.4390738 0.932898879 1.32547545 0.969776571 1.29192102
    1.31959236 1.37240779 1.6205883 1.25038195 0.914604604 0.985258281
    0.75014776 1.21652949 0.694178522 0.718650162 1.39534545 1.21856391
    0.722958565 1.31028938 1.53757191 1.23155582 1.33135748 1.00556684
    1.29034567 1.66868377 1.51068854 1.49772596 1.2825712 1.11508739
    1.06854892 1.70253861 0.801662266 1.4677037 1.32443535 1.26471615
    1.44412553 1.32592952 0.95417124 1.06806564 1.01624858 1.6049459
    0.733973205 1.4215039 1.28103924 1.28454912 1.5026021 1.43887091
    0.736441553 1.07441902 1.54719985 1.53661573 1.38769996 1.12926602
    0.656925321 0.806543052 1.23348808 0.854805589 1.19509852 1.26874447
    1.20565319 1.11877465 1.2574091 1.66346753 1.57409048 1.31391919
    1.17846298 1.60714209 1.17872703 1.30291855 1.23157585 1.35759032
    0.845412135 1.38263559 0.837987304 1.62110972 0.921850443 1.50568891
    0.787510633 1.39678669 0.965383708 1.47439492 1.59336901 0.792973042
    0.817276895 1.32063293 1.1496321 1.22718179 1.22873998 0.685167313
    0.758706689 1.26117468 0.650321484 1.12290001 0.977609277
    0.927027404 1.29678392 1.39156926 1.5015192 1.6331811 1.12922597
    1.12159061 1.354864 0.765847981 1.30043781 1.24231851 0.86738354
    0.950055838 1.41896021 1.65272415 1.50718248 0.663579762 0.991942704
    1.50989497 1.07859445 1.41610312 1.47732842 0.780802011 1.3546145
    0.863415182 1.02347577 0.732548594 1.118613 0.948277712 0.9006657
    1.03785992 0.781539679 1.43111551 1.51640427 1.44341993 1.28488064
    0.791834474 1.51415193 1.54774809 1.08421278 1.40323961 1.48856354
    0.887298465 1.29808819 1.15306485 1.66178524 0.804696381 1.43533945
    0.885868013 1.2303406 1.07934523 1.33916593 1.06688285 1.1464138
    0.729409516 1.25746143 1.0224061 1.63082612 1.480546 1.53962505
    1.43445098 1.362005 1.21723902 1.02953613 1.4897902 1.24429452
    0.865121067 0.654448748 0.778786123 1.01973259 1.03944361 0.75218451
    0.751545608 1.43619704 0.943796277 1.4957757 0.886996686 0.890625417
    1.62052059 0.930070579 0.807328761 1.56881618 1.12929308 1.54227102
    0.541597426 0.550443411 0.986955404 1.18019223 1.02956808
    0.601059973 0.790590584 1.17144084 0.97220099 1.50673103 1.07743776
    0.788650453 1.599563 1.50544059 1.45949829 1.48806918 1.01345754
    0.937290967 1.41087866 0.758484244 1.55760109 0.866557598 1.5791285
    1.55698419 1.61083293 0.985723019 0.796262026 1.58071828 1.10588276
    1.39515603 1.25299311 1.0153935 1.32087159 1.6406014 0.87607193
    0.735811114 1.47657621 1.02969527 1.37370288 1.54342437 1.27389181
    1.38895166 1.12437367 1.45690727 1.52593875 1.3245157 0.885423303
    1.08214939 1.17082369 1.21682739 0.746854842 0.672384918 1.44210541
    1.13879991 1.36897421 0.817110121 1.23509514 0.986641824 1.6104908
    0.950164199 0.993057311 0.794355571 1.26492143 1.02769458 1.29923952
    1.04246962 1.09156561 0.76721561 1.2026391 0.955330253 0.685993671
    1.21539783 0.743650556 1.49311244 1.27818942 1.48102462 1.37271094
    0.813801527 1.4640435 1.57963729 0.731419325 0.96417743 1.01984549
    1.44218242 0.986149669 1.42547977 0.717894316 1.48737323 1.64071393
    0.933110237 1.31745267 1.50019014 1.29595745 0.819035232 1.64263618
    1.15555859 1.46366954 1.51846969 1.51206481 0.710637331 0.964032173
    1.1281364 0.988421977 1.40063119 1.3263073 1.02715111 1.3301636
    1.32725489 1.43807566 1.38037062 0.8754794 0.824386179 1.05844331
    0.758724928 1.27510512 1.22567141 1.30948639 1.00801992 1.3334986
    1.02503622 1.41895175 1.34663606 1.43986416 1.37780881 0.874771357
    1.09513867 1.54642057 1.54216254 1.19288397 1.16396177 1.22573256
    0.878916025 1.29657102 1.12141073 1.08611846 0.920663118 0.921883404
    1.13911402 1.00811803 1.45511043 1.03390014 0.840513349 1.70048058
    1.41650593 1.60847926 0.794389367 1.57645357 0.771356702 1.60802352
    1.25604153 0.942311287 0.903116703 1.21961033 1.5050323 1.46375012
    0.794280827 1.39183915 1.63501263 1.09138346 0.92016536 1.37627316
    1.32746696 1.3193332 0.799435854 0.920777023 1.02372909 0.771680653
    0.729685009 1.10711586 1.46476257 0.647296369 0.658921421 1.55511332
    1.10524774 1.05462301 0.948613644 0.868981957 1.30482161 0.968448997
    1.47812748 1.1755532 1.5860064 0.70322156 1.50756299 0.778226614
    1.02195561 0.894892633 1.19473398 1.36278379 0.821061075 1.60986149
    1.29254937 0.984591365 1.14910054 1.31606531 1.61907077 1.61978018
    0.977081776 1.08572268 1.40115213 1.02462971 1.22938728 1.13640809
    1.1399616 1.21176958 0.870678246 1.48723125 1.1739676 1.50019658
    1.52184474 0.926077306 0.76529634 1.35573781 1.23892713 1.12200558
    1.58590472 1.16680777 0.81833607 0.88499409 1.19777346 0.846039116
    0.778580248 1.18371761 1.26625729 1.04453278 1.54988074 0.989967346
    0.774965227 1.0184356 1.56601632 1.012609 1.30146265 1.64812553
    1.01873052 1.02286649 0.703234315 1.33323693 1.17223215 0.704715967
    1.07628882 0.939873517 1.53851056 0.951225758 1.04284501 1.37944233
    0.89204514 1.6883018 1.01460028 0.736879289 1.39886093 1.23261285
    1.42819393 1.43308234 0.859534264 0.990365028 1.19510496 0.596136868
    0.663392425 1.04534841 0.939007282 1.24035251 0.923968971 1.08646071
    1.54456878 1.59332085 1.46388447 0.777603984 1.50699329 1.1084826
    1.29865789 1.64628673 1.36104393 1.43095732 1.44363368 1.43765402
    1.46455574 0.975300491 1.32674813 1.07577419 1.11356878 1.51426125
    1.15233958 1.45197904 1.00460315 0.836842418 1.03822589 1.42575455
    1.44407833 0.986938894 1.43977869 1.65300488 1.6696955 0.747186363
    1.30261147 0.880242169 0.773444951 0.745682716 1.1658175 0.694834709
    1.46089244 0.974964738 0.93820703 1.03751063 0.879738152 0.999617696
    1.40729702 1.33810627 1.37781072 1.32011902 1.40633678 1.24152637
    1.05763507 1.1594671 0.956551135 1.08922362 1.18609524 1.44472635
    0.803274393 0.785294056 0.788198352 1.06424987 0.6713925 1.41996145
    1.2899003 1.44211113 1.67392814 1.12217879 0.752121866 1.15780759
    1.5856477 1.0603323 0.917572021 0.809663296 0.800517082 0.845172107
    1.44763303 0.668783605 1.07914329 1.08381259 1.14681435 1.39532626
    0.665474474 1.20403695 1.55593908 0.731242478 0.970231831 1.61889279
    1.60498345 1.28918278 1.49494922 0.863747537 1.49516344 0.738648057
    0.684165716 1.45611453 0.932072401 1.62249398 1.51096773 1.04072142
    1.43648839 1.1481626 1.66037083 1.54170954 1.27391839 1.42923152
    1.28913546 1.6834141 1.33598745 0.704188645 0.81285429 1.52041888
    1.62957644 0.793550313 1.36858141 1.2904824 1.01805151 1.5884726
    0.747109413 1.64731526 1.65383804 0.910795629 1.13362062 1.05124509
    1.68201923 1.4821105 1.1657542 0.885060132 0.927044332 1.16593504
    1.61600316 1.55896056 1.60528231 0.866354287 1.29938757 1.38155472
    1.51146328 1.56504953 1.62874269 1.02400684 1.02801359 1.14248979
    1.33201742 1.67894149 1.27356982 0.967945218 1.31756127 1.23257184
    0.837184429 1.05611622 0.903784811 1.54846525 1.15154386 1.27944934
    1.15691018 0.729505479 0.897437572 1.57542777 0.825558126
    0.633953393 0.929667532 1.14632821 1.43650484 1.37038076 0.983375669
    1.55028057 0.739112437 1.50779128 1.08457673 0.803251684 1.25933433
    0.869288087 1.52405608 1.34715605 1.44985449 0.784180582 1.33907211
    1.70796156 1.46672904 1.23501575 0.905052602 1.28771102 1.56715989
    1.18822587 1.10489643 1.42498374 1.06082892 1.64675415 0.870248199
    0.858541548 0.723025501 1.36754298 1.32000256 0.717302024
    0.807486355 1.2744801 0.918280602 1.13858688 1.54929936 1.09041381
    0.899549663 0.750699341 1.3603549 0.87272501 0.662360311 1.13832831
    1.1699959 1.36822855 1.47077489 0.869328976 1.17172253 0.997072399
    1.38500082 0.893968523 1.31445003 1.17049074 1.18763673 1.34843588
    0.797163725 0.820959032 0.807285368 1.49764264 1.00052106 1.35990357
    1.46702397 1.46238434 1.10241711 0.696460485 1.58096576 0.720611274
    0.966375053 1.62440169 0.986486137 1.47090149 1.48206329 1.65612006
    1.10301197 0.854249835 1.59012067 1.155586 0.92083174 1.00959611
    0.778694212 1.07377243 1.43438673 1.2195121 1.60258341 1.50372219
    1.56703305 1.06028295 1.10149896 0.937205315 0.643876731 1.27600217
    0.992022097 0.640820026 1.29708791 0.83646971 1.23936105 0.769688845
    1.13360906 0.98060137 1.26872218 0.690527976 1.20096898 0.671811163
    0.81911397 1.37002456 1.59647954 1.0243572 1.63310313 1.55256474
    1.02338707 0.904241025 1.37190735 1.54582238 1.66882229 1.23199856
    0.984942794 1.30492818 0.93400687 1.55092883 1.40906775 1.6506263
    0.937751174 0.8973248 0.798165858 1.51649261 1.07843709 1.55858338
    1.0681206 0.663651764 0.69250071 1.47749674 1.30045986 1.13832235
    1.16902268 1.48220086 1.55604792 1.56401479 1.13914728 0.796201825
    1.24326742 0.998661101 1.486099 1.0569241 1.30908287 1.56656456
    0.973640382 0.789282084 1.52206707 0.703642428 1.02574873
    0.928353131 1.1638881 1.54748785 1.67702341 1.66287434 1.29815757
    1.09637845 1.22824073 1.35817313 0.999405563 1.30546713 1.02225232
    1.01933527 1.2821883 1.29590118 1.19393981 0.743475795 1.13187802
    0.980571091 1.5740267 1.51057541 0.980681121 1.18752635 1.15232742
    0.905830383 1.52883077 1.63320374 1.01025259 0.927276611 0.91102314
    0.817088902 1.31476617 1.52637959 1.34110355 1.46778297 1.63139391
    0.855368018 0.855859935 1.34228647 1.43321419 1.36592925 1.39022815
    1.51063049 1.10331655 1.31602585 1.13680661 1.569031 1.65113282
    1.07519579 1.03868353 1.14773154 0.713605344 1.5614177 1.48388362
    0.647618353 1.14533639 1.60958886 0.789395928 1.18964756 1.35961759
    1.35222816 1.56333947 1.66058934 1.04024112 1.68486106 0.908233821
    1.0663923 1.00843811 1.65483189 1.29609776 0.967933655 0.738182306
    1.06109726 0.67912662 0.894524813 0.699575424 1.36172485 0.707530856
    1.43196356 1.15664792 0.928461015 1.6846987 1.15586376 0.932050288
    0.985203564 1.21594834 0.76992321 1.6810478 1.56073034 1.07263601
    1.05311131 1.41751111 1.38545513 0.689579964 1.38497674 0.807758391
    1.31223917 1.02775753 1.56446445 1.50624192 0.855345607 1.31967545
    0.981018782 0.900785685 0.959849954 0.987405241 1.46114254
    0.746776998 0.628739655 1.10116625 0.969486773 1.35225499
    0.738007843 1.21979129 1.18182933 1.6846441 1.64415348 0.987464607
    0.850652039 1.18223655 1.68080211 1.64948905 1.67320037 0.825380921
    1.43467188 1.42140806 1.42786336 1.54796517 0.833250344 0.754920363
    1.13705564 1.0080055 0.927255809 1.35854971 1.5515964 1.56106448
    0.774973571 0.869563937 0.796275795 0.99793905 1.60387254 1.62490356
    0.883852243 1.42898118 0.682294548 1.3899647 1.27946222 1.29919457
    1.19112313 0.778486907 0.782655597 0.790516794 0.773576558
    1.40743101 1.22847867 1.38747478 0.859943271 1.16129458 1.25251603
    0.682483554 0.95426923 0.860629141 1.27887309 0.721749127
    0.994610667 1.15388656 1.19062674 0.949027956 1.19532263 1.03018224
    1.12311852 1.02989864 1.62761045 1.1637938 0.714387059 1.61548352
    1.6444521 1.20633459 1.01655853 1.59943604 1.48728824 0.686200976
    1.55241585 1.35269868 1.13071287 1.58776426 1.03295839 1.0812825
    0.942198277 1.31648517 1.6553632 1.26419997 0.96832335 1.45980537
    0.974250793 1.01176143 1.23620069 0.670633376 1.2213583 0.942273021
    1.12410533 0.791099966 0.798791528 1.35797834 1.28708565 1.14372599
    1.12842083 0.654353261 1.2447834 1.08876634 1.24034047 0.916160226
    1.30909157 1.58183408 1.53514493 1.58536458 1.06972122 0.927816451
    1.42176843 1.11153984 1.51438296 0.71437186 0.918329656 1.0017879
    1.39407647 1.38009822 1.03014123 0.963789403 1.52082372 1.20657122
    1.51442778 1.53245938 0.671208441 1.23194218 1.47901154 1.04630363
    1.6208365 1.05678785 1.04918659 1.45917213 0.741612613 1.38790524
    1.20326948 1.03237712 1.18809295 0.893174887 1.01610148 1.30198252
    0.84113729 0.661127329 1.66116703 0.941453874 1.45826471 1.2407136
    1.6407851 1.23918033 1.06985807 0.838453412 1.10215425 0.683024108
    1.42088199 0.86800611 0.997018933 1.21785235 1.03277194 1.09931707
    1.59803832 1.48279321 1.06865931 0.699675918 0.735077441 0.870147109
    1.44236255 0.658619761 1.27303934 0.656366646 0.804485083 1.42373681
    0.679415226 0.69535315 1.14835024 0.761024058 1.56858647 0.735854924
    1.15152156 0.667271495 1.43990362 0.643769085 1.07675171 1.3646735
    0.789501011 1.33554244 0.807794869 1.16295493 1.09166694 1.45426822
    0.942186356 1.09961319 0.939146459 1.59740627 1.04083467 1.27919459
    0.952364862 1.54390669 1.14772737 0.950147986 1.41745007 0.718331337
    1.26571238 1.15338194 1.23749673 0.933727741 1.19503188 1.54482412
    1.50117576 1.50125837 1.16511381 0.855597496 1.6610024 1.28209543
    1.04898572 1.17586625 0.818579018 1.57025552 0.879903376 1.62274718
    1.6098541 1.25753593 1.4547323 0.731455386 1.54147601 0.810092568
    1.19150341 0.75305438 1.63360381 0.691790342 1.27411354 1.13397312
    0.739857674 1.72389913 1.69857264 1.42531645 1.4662534 1.2444576
    1.62129509 1.00239718 0.847762764 0.796176314 1.31006062 1.08654213
    1.29153705 0.986462653 0.640601456 1.153584 0.89021194 1.58668065
    1.29624355 1.27839577 1.36307561 1.38508463 1.19881892 1.37657964
    1.11004221 1.44145477 0.664857805 0.646446526 1.29632533 0.655095041
    0.750802994 1.51955545 1.26868165 1.68077672 1.34955907 1.41019058
    1.59457266 1.35055578 1.27197862 0.757780135 1.62734091 0.81819272
    1.12976646 0.788904369 1.05184674 0.835991979 1.18079948 0.789076567
    0.90161556 0.87728101 1.07269955 0.692912161 1.56029963 1.06619024
    1.60123837 0.816943169 1.44967341 1.50561309 1.426072 1.47650111
    1.0017786 0.736557424 1.17077386 1.34851551 1.34899032 0.836022735
    0.975004315 1.14561772 1.36795151 1.09616601 1.44849432 1.59638929
    0.953958988 1.01766419 1.430282 1.64042485 1.49661887 0.714958251
    0.751369119 1.29429638 1.51670277 0.895672977 0.934522331 1.02595234
    1.02682698 1.07519984 1.46430433 1.61482584 0.845474005 1.05990803
    0.818303227 1.19760561 1.19780302 0.826091051 0.869735599 1.0984453
    0.776808321 1.51417482 0.979645252 0.933662057 1.59299934 1.55088878
    1.1074214 1.65442193 0.743954718 1.52393699 1.39113498 0.724278629
    1.57750881 1.53554142 1.20254207 1.5252769 1.55481088 0.678181231
    1.11087596 0.796476007 1.02413678 0.887905002 0.823947549
    0.875082552 1.09903169 0.938484073 1.19305134 1.07551706 1.01769722
    1.35209322 1.24430609 0.801909924 1.14211369 1.34836876 1.32450581
    1.33165562 1.4647243 0.973126471 1.4510777 1.18332672 1.45290124
    1.44513631 1.1580888 0.933953345 1.05981135 1.25163567 1.09536099
    1.2798481 1.37494242 0.926864266 0.721781015 1.3561852 0.716341674
    1.37768829 1.2290504 1.01186335 1.24269557 0.801548898 1.45057547
    1.0008266 1.23116446 1.36092794 1.19981039 1.37611485 1.64133
    1.41411161 1.01573753 1.14251518 1.4450922 1.59085488 0.763180673
    1.12915218 1.01810563 0.945888758 1.10640371 0.967701554 0.918483973
    1.61003494 0.837124944 0.987313032 1.54075766 1.12450743 1.48095059
    1.19109178 1.08412719 1.10495317 1.22877336 1.57519209 0.862490118
    1.37182105 1.49285698 0.81845361 0.993344367 1.339607 1.45218122
    0.749967039 1.59384978 0.6492486 1.5571779 1.62258446 1.11901939
    0.799891055 0.797709167 1.36223149 1.03802884 1.47699916 0.79394877
    1.2477175 1.64123154 1.64910769 0.903562427 0.72511816 1.56994474
    0.85720253 1.42908776 1.19963634 1.10777378 1.26885164 1.39117467
    1.47393429 0.69186908 0.843008399 1.32396853 1.33587182 1.14253759
    1.50408268 1.6071974 1.68278491 1.68812895 0.909993708 1.07339537
    1.56560481 1.07630372 1.57667565 1.00702417 0.842598319 1.21881449
    1.4452337 1.50356567 1.16670012 0.761742234 0.838918447 1.6195302
    1.40521228 1.09755325 1.37174249 1.22321308 1.53806114 1.51712525
    1.37737477 1.33838522 0.78748107 0.736416578 1.06966329 1.33899617
    1.2629087 0.808904767 1.48550165 1.45284379 1.69229221 1.70158589
    1.0945617 1.30005157 1.56455588 1.34689295 1.44255137 1.40733635
    1.69021916 1.43243742 1.03441918 0.817801774 0.653852046 1.26748955
    0.714879453 1.34204817 1.48553514 1.0906235 1.47750449 0.718241274
    0.761990309 0.870441198 1.27157032 0.706941128 0.817587852
    0.607147694 1.25707495 0.993734419 0.699826479 1.16859615 1.29295194
    1.03994298 0.809298337 1.60964561 1.29495311 0.86766547 1.51754403
    1.59053731 0.848315597 1.3590368 1.027547 1.36255753 1.573457
    1.12660789 1.31525707 1.02010214 1.09588897 1.40109134 1.11360288
    1.33145738 1.53263962 0.837247491 1.48989129 0.744351685 0.824151397
    1.45549023 1.24772024 1.37989533 1.5441947 1.35509825 0.962799788
    1.29269338 1.60170186 1.16421545 1.59062445 0.939116001 0.929547071
    1.26814735 1.11379528 0.814678252 0.855937898 0.837153673 1.29065418
    1.35842025 1.17242455 1.43025601 1.48373711 0.97139442 0.942280889
    1.17075837 1.32565486 0.742259264 0.802051544 0.856783748
    0.998898983 1.22167861 1.19783008 1.64225566 0.816746414 1.24377728
    0.688639343 1.31965756 0.934750021 0.896491528 1.19283497 1.01103067
    0.994276643 0.762858629 1.59392452 1.66375399 0.676537991
    0.861188114 0.829316318 1.08140707 0.875240088 1.18766248 1.29547644
    1.25601387 1.46170568 0.926604688 1.05673075 1.66041875 1.2419734
    1.2090826 1.03205192 0.541467667 0.44710499 0.848384023 1.07568467
    0.588024735 1.44868565 0.562547266 1.20066357 1.41103029 1.21855044
    0.701559484 1.44276714 0.838846743 0.798918664 0.869903564
    1.02366471 0.922859728 1.2273711 0.993437588 1.64512515 0.998202324
    1.00792813 1.25025487 0.859376609 1.16819918 1.26887703 1.46021116
    1.10619688 0.725001931 1.03905833 1.20342326 1.63605571 1.1482594
    0.918726981 0.731362224 1.40223622 0.73301959 1.33335316 1.41651499
    1.14515615 1.33495271 0.876617908 0.739722371 1.03246939 1.2905488
    1.21421945 0.898149073 0.807524741 0.700001776 1.14211631 1.52271473
    1.45449615 0.80446595 1.58036733 0.830333769 0.701973796 0.895013094
    1.46348643 1.09347081 1.49688387 1.55575323 1.48746717 0.880564988
    1.67336941 1.17898452 1.41189551 1.39825177 1.51041472 1.436975
    1.57216442 0.959791422 0.879947901 1.0394814 1.52809334 1.091254
    1.08598185 1.59613752 0.98815459 1.03202701 1.61783493 1.41014755
    0.848733187 1.50662196 1.42118382 1.53781545 1.51814508 0.980588794
    1.40437114 1.57179654 1.42480361 1.35426271 1.18093681 1.07203209
    0.912021637 0.687383473 0.792327404 0.995933592 1.04951024
    0.745566308 1.17819679 0.966126204 1.58983922 0.680169344 1.04150128
    1.01848567 1.19232261 1.49443591 1.58580065 1.08146846 1.25829947
    0.932085574 1.58678854 1.31508851 1.36308348 0.84215337 0.68206197
    1.64122963 1.62069154 1.38980687 1.55682099 1.39088941 1.43824422
    1.69610453 1.63895774 1.6123718 1.58522129 1.52030897 1.6860913
    1.60315454 1.68654573 1.54741359 0.879626036 1.14699233 1.02920794
    1.26176393 1.61897933 1.33788049 1.06088042 0.817365587 1.33999431
    1.35523331 1.55739284 1.1457454 1.63273895 1.12413681 1.14196229
    1.45299935 1.30369687 1.59373462 1.18710077 0.941260219 0.747661948
    1.0389334 0.852824092 1.12924492 0.979623497 0.80459255 1.0655123
    0.632657409 1.2415669 1.35880744 0.931655407 0.685258985 0.685183883
    0.87500751 1.28995371 1.0306468 1.38201344 1.10264945 1.08045626
    1.52150798 1.07215261 0.87606138 0.913921952 0.957056642 0.894841313
    1.45536673 0.81758523 1.19209015 1.57865775 1.676808 0.875567853
    0.766471565 1.10204446 0.81663233 1.12154436 1.11497021 1.02150965
    1.26696408 1.38580644 1.38608301 0.895062923 1.12834358 1.24382448
    1.37722123 0.952063322 1.13201988 1.44798934 0.983254433 1.43972516
    1.40476954 0.963862777 1.22839522 1.1248703 0.995723665 0.831590295
    1.59269094 1.29298151 1.44366837 1.3664763 1.44564271 0.708572805
    0.906683624 0.826163888 1.36067915 1.06730461 1.30508971 1.08260846
    1.09584141 1.33306265 0.811396956 1.20276523 1.56061602 1.07774985
    1.54036546 0.743971646 1.38962817 1.18416631 0.906658769 1.42649066
    0.858465731 0.690194309 1.38841689 1.12702203 1.50588644 1.40081728
    1.11985314 0.735107124 0.783661664 1.3908844 1.21648562 0.914285243
    1.49145544 1.56650269 1.53405106 0.719403803 0.829408288 1.23928213
    1.4808954 1.37457776 1.30776715 1.104725 1.23891413 0.960469484
    1.31268871 1.30456793 0.742187798 1.01896691 1.12009692 0.762232304
    1.40964067 0.634556651 1.48066938 1.49425316 0.942441344 1.26826835
    1.53452075 0.94403702 1.2678386 1.13931775 1.32395339 1.1017338
    1.67242634 1.12847686 0.981547236 1.10346615 0.782928169 1.18073797
    1.24117458 1.21832705 0.957998216 1.09228158 0.973473549 0.682522595
    1.59129405 1.4421289 1.59894228 1.47632337 1.42006457 0.979409575
    1.49515879 0.901948512 1.23105741 1.18461084 1.31666708 1.37684071
    1.14003384 1.18600535 0.864525616 0.960618675 1.63017333 1.12172222
    1.3200649 0.766932786 1.62246573 1.57953906 1.15035605 0.854358912
    1.0215199 0.799837649 1.65106273 1.38055801 1.55984914 1.42927003
    1.02269721 1.55408561 1.36894643 1.64908624 1.67621076 0.760161221
    1.70308256 1.67459595 1.68611932 0.905721068 1.24079299 1.4361167
    1.21715844 0.871393919 0.785914123 1.44815969 0.867522776 1.30792677
    1.36120963 1.07541895 1.03708839 0.976665974 0.72062093 0.74372679
    1.04956794 1.15548968 1.26499379 1.57985258 1.4245826 1.08361709
    1.1460048 1.5200609 1.28450859 1.22569656 1.07794046 1.33081067
    0.6754632 1.00825655 1.33530736 0.867130101 0.809665322 0.742604852
    0.638996542 0.632442713 0.69452399 1.39485765 1.1391269 0.857861936
    0.973875165 0.923366904 1.30825901 0.815342128 1.05636644 1.62542939
    1.60086024 1.19450796 0.895469427 1.19994617 0.858626127 0.769269764
    0.889056027 0.968179286 1.09795725 1.0270052 1.34295654 0.749570489
    1.21275818 0.891586065 1.59515548 0.792414129 1.45832193 1.55774105
    1.23712838 1.43790686 1.45075977 1.51130116 1.52366138 1.4296881
    0.801589012 1.37526011 1.25821579 0.696218491 1.43461418 0.720511258
    0.898064971 0.930583894 1.47044313 1.38274753 1.35779142 1.37212372
    1.51522112 0.784484744 0.927155674 1.1287384 1.16494334 1.45151246
    1.53535879 0.73123455 1.26087034 1.15885246 0.63046658 0.686617196
    0.606600046 1.10832751 0.705794036 0.933429778 1.29336226 1.36945307
    1.16153145 0.883033037 1.15982962 0.837131023 1.55556822 1.55806363
    1.27982843 0.996281505 0.858421206 1.67309654 0.87834996 0.823619962
    1.491588 1.67671824 1.15014493 1.38293171 1.42049599 1.52104068
    1.38549507 0.800272405 0.742974639 0.744987786 1.5116992 1.04272807
    1.63903797 1.08497834 0.689479828 0.799113393 1.3258853 0.819688678
    1.56604981 0.892821193 0.716792583 1.41828239 0.841631055 1.50215292
    1.10897803 1.0551244 1.391379 0.717574954 1.35385811 0.932967722
    0.602603078 1.08925629 1.00994956 1.50179577 1.0851506 0.691240013
    0.89817673 0.699189246 1.17196655 1.13346565 1.48622763 0.941163957
    0.659413934 1.47873843 0.976529479 1.48167181 1.45346594 0.808676302
    1.18401647 1.2823385 1.52528107 0.92453289 0.878827691 0.832206249
    1.26934516 1.62121785 1.3370322 1.39672959 1.14107037 0.972769082
    1.56438267 1.38355899 1.50872946 1.63035679 1.29103541 0.96800971
    0.953832388 1.17966187 1.58655024 1.21943808 1.22707641 1.17985046
    1.47083795 1.0585115 1.64746118 0.774864912 1.49899352 0.918503881
    1.18127036 0.568929136 0.398367405 1.13502955 1.09455812 1.4345144
    1.08735597 0.888564944 0.744310081 0.849517584 0.685958982
    1.39318669 1.48712671 0.74043417 0.830436885 0.867105722 1.30276513
    0.847122014 1.54282844 1.49899137 1.44966865 1.58744681 1.04801857
    1.22465444 1.4749254 1.39583516 0.911272466 0.864647806 1.16514826
    1.61635911 1.6230737 1.43207502 1.26072407 1.21041095 1.34181452
    1.41520584 0.864859998 1.59678066 0.872459292 0.690310299 1.51329577
    1.15200686 1.13639641 1.55855131 0.747748613 1.13430285 1.62661624
    1.44881713 0.863818884 1.37574804 0.710235238 0.856245518 1.34760261
    1.6584667 1.21564591 0.769628882 1.05776906 1.48166037 1.48052382
    1.06615388 1.71568382 1.57994783 1.33223927 1.49685645 1.33423448
    1.52080715 1.32733667 1.20567787 1.20242751 1.34347677 1.06306016
    1.45663202 1.34997272 1.0227735 1.52705371 1.33929086 1.31272066
    1.22493351 1.34244692 1.12654436 0.819946647 1.5541414 1.63974893
    0.970494509 1.46955037 1.15970147 1.44592762 0.88904655 1.14315152
    0.945426643 1.65879548 0.848606348 0.64163667 0.851834774
    0.856380582 0.639452636 1.13133037 0.779710352 0.630096912
    0.623746455 0.657000422 1.30701506 0.821271539 1.39139211 1.33772433
    0.843846619 0.815255165 1.14445198 1.3606236 0.687122166 0.891645849
    0.832168698 0.783694804 1.57858682 1.32114112 1.09657753 1.14940143
    0.752288401 1.25224054 0.793942273 1.25236082 0.99308002 1.62216318
    1.2021569 1.23085606 1.31279099 1.53792 1.30547011 1.23761141
    1.34433377 1.65515625 0.77696532 0.805320024 1.58413994 1.05476296
    1.28545725 0.700456798 0.806410611 0.994893312 1.50673544 1.22726631
    1.111099 0.825264037 1.16474664 0.824880302 1.30690098 1.07031071
    1.45011425 1.5165807 1.13516188 1.1135428 1.31556046 0.913433731
    0.821859717 1.09808195 0.972510576 0.746634483 1.26643372 1.10536802
    1.03476346 1.28476882 1.483289 0.74034071 0.938894212 0.784932196
    0.965876579 1.3647753 1.35358989 0.790958464 1.5519501 0.783579111
    1.01625276 1.09400117 0.992975771 1.62317801 0.920465171 1.58981383
    1.15880477 1.53301096 1.40725362 1.24626517 1.46513295 1.02402556
    1.62302208 1.43065155 1.39757037 0.863636851 1.27922797 0.829243541
    1.16868043 1.0540725 1.31670523 0.736953139 1.36861241 1.57483685
    1.35190701 1.05697978 1.32158554 0.913527071 1.5631485 0.961612284
    1.08117282 1.14804578 0.833710551 1.18220079 1.25526834 0.934928954
    1.49990094 1.35094464 0.768552959 1.24394095 1.04770219 1.44938099
    1.05524981 0.919046462 0.7736696 1.5639956 1.31667173 1.20805752
    1.54820335 1.23124599 1.02305639 0.787741244 0.631799757 0.618704915
    1.48667753 1.47615743 0.907164693 0.87016058 1.29167068 1.5891391
    0.710613012 1.35901761 0.702978253 1.10473275 1.52177024 1.31436384
    1.09416115 1.57160008 0.779467106 1.32940507 1.15730345 1.35828888
    1.43720949 1.17211151 1.31548584 1.67263639 1.42710054 0.978854597
    0.819918096 1.56218004 0.980669022 0.832915127 1.52097631 1.5479126
    1.03646588 1.41406393 0.852327287 0.56510675 1.06415856 0.626692712
    1.28453219 0.529892385 1.08192599 0.850170135 1.10472882 0.905847609
    1.56710172 1.07113266 0.789202452 1.60627878 0.847016394 0.849482417
    1.43007946 1.58493245 1.52977979 1.19102931 1.25427341 1.62705529
    0.739703774 1.55834413 0.859987795 1.64381433 1.08311498 1.35592139
    0.76602 1.2208308 1.37558651 1.29175174 0.711216986 1.25717127
    0.968274415 0.742705643 0.70056659 1.23672569 0.863604724 1.33240044
    1.38141155 1.60103428 1.4073633 0.848753095 0.733842254 0.958195806
    0.659820199 1.21453297 1.56496572 0.704082608 1.21462584 1.1111213
    1.24231505 1.41433811 1.33457291 1.45481801 1.14452171 1.1150111
    1.13720214 1.08985424 0.832860768 0.960863411 0.783818364 1.56367278
    1.07250679 1.18268335 1.4138341 0.899408996 1.28503108 0.970992446
    1.39315677 0.98266834 0.928112864 1.12385833 1.38713539 1.2361412
    0.991275668 1.04471529 1.42006564 0.997154236 0.945698977
    0.930191338 1.28515291 0.966061056 0.825725734 0.700849771
    1.58348036 1.32021499 1.4814235 0.860644639 1.03673816 0.872305989
    0.849627256 1.31352413 0.944184363 0.735564113 0.949813187
    1.28629315 0.843026161 1.42160177 0.637424946 1.03698969 0.818021297
    1.13395667 1.03361118 1.34373021 1.14713323 0.891258836 1.2785542
    0.904854417 0.958144069 1.50720954 1.3153677 1.29555202 1.10855806
    1.28172052 1.68529332 1.57991827 1.48288774 1.71083176 1.34289706
    1.0388813 0.826123655 1.10746443 0.787905753 1.24400711 0.989587307
    1.07452428 1.40026128 1.34258091 1.59269345 0.873046875 0.997805178
    1.62729335 1.3959285 1.40461075 1.27095008 1.25537753 1.3776468
    0.955706298 0.672254145 1.16125786 1.29696119 1.51046765 1.39406264
    0.94651711 0.939945459 1.27239347 1.39854658 1.32422483 1.20863771
    1.17254579 1.21620774 1.3043108 1.04835904 1.08883655 0.894756377
    0.690201938 1.42117321 1.33603513 1.53015792 0.725191116 0.770104945
    0.977577329 1.60751092 0.987216532 1.33467948 1.03481126 0.722820044
    1.56793571 1.28375065 1.31282151 1.00441039 1.43026304 1.04202354
    1.15185845 1.40325868 1.55146945 1.04537702 1.24654126 0.931621075
    1.26311278 1.06365836 0.786630809 1.40486431 0.842357099 0.737611473
    1.05695987 1.57284403 1.48988438 1.46699035 1.31454527 1.55405891
    1.0056752 1.34914196 0.886926591 1.27073932 1.57099962 1.47084761
    0.69957763 1.45543373 1.44000876 1.16010082 1.31285071 0.715851784
    1.2786212 1.39538443 0.751642108 0.695189118 0.803824723 0.947357595
    1.02728045 1.27980065 1.58610082 0.842539012 1.57895303 0.766011477
    1.65440917 0.810826063 1.23595762 0.960219383 1.422387 1.10193229
    1.48927259 0.795041382 1.49014246 1.54654956 1.36230683 1.33114779
    0.812236249 1.06513917 0.675051868 1.16107035 0.713550985 1.08085108
    0.863639653 0.704373658 0.892390668 1.42720664 1.42091024 1.56973875
    1.58334816 1.17124534 1.65887201 0.731110573 0.867184639 0.871212244
    1.51988196 1.37033379 1.19248831 1.44706893 1.26396823 1.54370403
    0.706541121 1.07971215 0.97165066 0.475096047 1.29966354 1.33480918
    0.900077522 1.44710541 0.755035102 0.870367348 1.32806456
    0.892882884 0.780076683 0.789863646 1.45539677 1.05615366 1.20868087
    0.861020446 1.09149492 1.4945296 0.914612353 1.12617767 1.50248384
    1.21117628 1.00949657 1.16564775 1.34934115 1.70148766 0.740339339
    0.893057823 1.43844497 1.18507838 1.6798687 0.744527042 1.07944
    0.760780215 0.802851319 0.881553411 1.64126849 1.08109677 1.16029382
    1.19275033 0.810427964 1.35699606 0.694148242 0.78751713 0.961057782
    0.72787714 0.974291921 0.952544153 0.965722263 1.36091638 1.62281394
    1.00284684 0.791326284 1.12470675 1.013695 1.54826784 1.20548761
    0.944523573 1.38552117 0.826998174 0.820545137 1.29886401 1.5580045
    1.39481843 1.05993557 0.999215901 1.20222139 1.30988741 1.30644965
    1.39484918 0.993017554 1.47459388 1.60897374 1.11569762 1.23803794
    0.903043807 0.875824213 1.1117872 0.864223838 1.38184488 0.893109262
    1.28983378 1.28182113 0.741719246 0.854801595 0.74102664 1.04989398
    0.916350126 1.53929532 1.57192707 1.116014 0.688055933 1.44367898
    0.962876201 1.11261725 1.50147557 1.30919087 0.645063281 1.03472257
    1.59179854 0.808189988 1.45659792 0.949424684 1.13041472 0.730010748
    0.995925725 0.940050244 1.5080533 1.50418758 1.44245529 1.23650336
    0.986729443 0.756263137 1.48762763 1.50734663 1.49850106 1.65757501
    0.769389629 1.08473718 1.47110236 1.04589975 0.873314321 1.48057318
    1.06778491 1.15677023 1.38414431 1.37342429 1.62875688 0.872272074
    1.46215081 1.34466457 1.59716046 1.10706735 1.21460021 1.16128838
    0.850335717 1.16922283 1.58834863 0.746327043 0.998420835 1.29415703
    0.91684103 1.04298007 1.56514382 1.18102074 1.14191198 0.844126284
    1.54274571 1.10667574 1.23882866 0.794972718 1.32051885 1.5709784
    0.894373477 1.353369 1.0750463 0.707389832 1.25718343 0.951132357
    0.666225672 1.08865178 1.36400819 1.44336438 1.2950815 1.22595394
    0.977983356 0.871301651 1.32714534 1.44715941 1.16949189 0.769518852
    0.725370288 0.832666457 1.54569972 1.34863091 0.956938505 1.06223047
    1.33076251 1.52324164 0.827741921 1.33517981 1.42833149 0.700355291
    1.61163378 1.23129189 1.20147705 1.57903206 1.55780113 0.793890059
    1.66229558 1.33551371 1.49059951 1.02729774 1.42170966 0.725286901
    0.691935778 0.83307147 1.56913269 0.839119136 1.20292866 0.902388394
    1.11505914 0.812160075 1.14312243 0.996483028 1.09011424 1.23751938
    0.738514662 1.07826221 0.786499381 1.30066884 0.793431222
    0.938043058 0.760792494 0.669450521 0.802164555 1.42201042
    1.35368645 1.08870637 1.03455007 1.03969395 1.43314719 1.02261972
    1.20021331 1.59803391 1.00392675 0.964977205 1.2940141 0.902537763
    0.843210816 1.05301118 1.48148215 0.73160249 0.65315932 0.832524359
    1.33859122 1.39880908 1.07031715 0.653743029 1.19283903 1.29944003
    1.03912699 0.776224434 0.88982898 1.64861333 1.18017459 1.02396834
    0.990029812 1.36221433 0.714402497 0.808065176 1.20831239
    0.827161491 0.998564243 1.5957073 1.03163111 0.694609463 1.36272192
    0.642209053 0.450935304 0.567394674 1.05157864 0.751172066
    1.52515459 0.85059011 1.41050696 1.1299665 0.731867135 1.1118139
    0.685130537 1.35021389 1.2424705 1.3051089 0.686376572 1.28227615
    1.24778736 1.66816807 0.875203133 1.47238052 1.03821993 1.07572627
    1.10080755 1.41110659 0.844017863 1.07433641 0.841844857 1.07359838
    0.701598942 1.30133522 0.776972175 1.06985056 0.959289014
    0.982984722 1.61027443 1.35822237 1.55669999 0.760385215 1.21733618
    0.882993281 1.18208945 1.12870967 1.65652692 0.740959764 1.52283275
    1.43933702 1.57663095 1.35556901 1.63552999 1.03250527 1.61439681
    1.49168801 1.61584938 1.53316581 1.13293624 1.19001985 0.961170197
    1.49938655 1.62290978 1.31143332 1.40848041 0.786028981 1.30439341
    1.4086045 1.45994914 0.692284882 1.10798562 0.727114558 1.33829451
    1.05522919 1.29631269 1.43219507 1.18297267 0.97722733 1.64166999
    1.58894873 0.713233232 0.912706196 0.913116992 0.90150094 1.4951911
    1.29751348 1.18843663 1.24167538 1.41079426 1.27754068 1.54224455
    1.12612152 1.05668271 1.51142609 0.920051455 0.74983412 0.840535939
    1.31692934 1.08240104 0.639425755 0.731178761 1.56094062 1.52692521
    1.40686047 1.59516346 1.44028878 1.18952429 0.973099411 0.907539785
    0.76148349 0.770598054 1.33068109 0.940152287 0.923454225
    0.804217279 1.26008379 1.05025077 0.849477708 1.05374897 1.51546752
    1.06001365 1.24215949 1.17968953 0.878715992 1.44556308 0.993384898
    1.46084452 0.813722074 1.68029475 0.743974686 1.20942426 1.04333079
    1.53177309 1.32791233 0.958859861 1.23750174 0.65803957 1.25231469
    1.35234046 1.49269092 0.76578325 0.645838261 1.56576133 0.994833827
    0.827890396 0.913990676 1.64326954 0.838980556 0.86144191 1.36289167
    1.61718225 1.27375269 1.58274865 1.36997676 0.947058439 1.47597873
    0.771174192 0.88608098 0.938982189 0.674092233 0.907137692
    1.56285346 1.55000794 1.4077034 0.771213889 0.919007421 1.15750241
    0.648762226 1.54652584 1.60456085 1.34409165 0.806008875 0.637273073
    1.61697233 0.844149888 1.57740486 1.2232759 1.15068078 1.56848419
    1.10342395 0.97376895 1.32162118 0.720833182 1.36059988 1.6417886
    1.4696188 1.07520902 1.07072687 1.33294451 1.19424605 1.6274209
    1.55963707 1.01334345 0.813442767 1.22410369 1.60455406 1.36893928
    1.57754612 0.656568587 1.3640008 1.57487833 1.06084108 0.838811338
    1.07967484 1.39604449 1.48891628 0.704628587 1.1202457 1.30057669
    1.65360665 1.03534496 1.1996882 1.25179935 0.889414489 1.03577816
    1.43424034 0.946957052 1.40158904 1.2898922 1.32869494 1.58863664
    0.85857141 1.2538389 1.05985332 0.743207216 1.2776897 0.765504062
    1.03059936 0.772948325 0.964205682 1.32098222 1.4599036 1.49913299
    1.01999986 1.02129173 0.990369499 0.94050765 0.658318102 0.795850515
    1.24537086 1.14940023 0.810347617 0.788128555 1.56385028 1.08028328
    0.895504832 0.845168889 1.35625875 0.745388448 1.33504748 1.52671993
    0.83358711 1.36762714 0.956038654 1.04421484 1.08712804 1.28023005
    0.606801093 0.932263613 0.555199504 0.478534132 1.01831937 1.4798404
    0.877686024 1.5529722 1.4929409 1.01239276 0.732873559 0.672427833
    1.56069601 1.17682934 1.39447439 1.22520638 1.59254086 0.842530906
    1.59306049 0.82048136 1.67568541 1.30833817 0.82141012 1.1344769
    1.21399367 1.37604046 0.73420763 0.701932371 1.23853505 1.62889278
    1.25383699 0.972038209 1.03901446 1.11536992 1.50353897 1.38282514
    1.45822954 1.22949898 0.692828357 0.89134711 0.936212063 1.32731891
    1.23690927 1.22228169 1.03296506 1.3857801 1.09671342 1.44767606
    0.818068802 1.40449095 1.24458587 0.958141208 1.33394575 1.46053326
    1.68508983 1.46556675 1.11029506 0.911749125 1.62441957 0.792539775
    1.17912781 1.59267378 1.59696448 0.824648321 1.12301826 1.31782186
    0.711328328 0.688944995 1.11936092 0.656283796 0.712157369
    0.945612431 1.63639808 1.05456388 0.920696139 0.965941548
    0.692875624 1.63076258 1.42984128 1.63960397 1.28791833 1.34540284
    1.36897659 0.89696306 0.821500301 1.45955932 0.855096757 1.61435604
    1.05390501 1.10379672 1.26999271 1.61833644 1.20801389 0.938289702
    1.45291841 1.12795448 1.31255066 0.60360688 1.2388382 0.849456966
    1.53223336 1.34591377 0.664229095 0.615757763 1.23949397 0.706264555
    1.41283786 0.879611254 1.45633686 1.50046849 1.09584558 1.43379211
    1.38202643 1.49786532 1.64488542 1.4696058 1.67967558 1.16243327
    1.68070173 1.55563498 0.990387082 1.08202684 1.11921728 1.46231508
    1.48699212 1.6446985 0.795800745 0.797062933 1.66357708 1.56027126
    1.17094445 1.13521433 1.02327812 1.41812313 1.09087312 0.694760501
    1.13802159 0.798694849 0.781667709 1.54374564 0.675932765 1.50310755
    1.11970127 1.48484588 1.50216353 0.80234617 0.836201012 1.34856474
    1.18240702 1.44765735 1.24990022 0.706137657 0.995911062 0.954399407
    1.22597551 1.28036153 1.16328669 0.981942773 0.972970605 0.841550827
    1.35625494 0.682171047 1.51950479 1.53978217 1.21587205 1.12917292
    0.679703653 0.646933377 1.30250347 1.01281047 1.06166148 0.806293726
    1.31529558 0.981685281 0.808477879 1.54211164 0.691245198 1.21893048
    1.6230464 1.60457945 1.20646477 1.20454824 0.895062089 1.00299525
    0.883720696 1.47898078 1.39449143 1.45892787 1.14065957 1.33133364
    1.03406584 0.987366736 0.915162265 1.22555315 0.878066182 1.19169366
    1.22204781 0.823788285 0.871489286 1.40786111 1.52919257 0.755116045
    0.793242455 1.48886371 1.21122646 0.866816521 1.35965216 1.28695738
    1.38469553 0.833566964 0.74924624 0.872166812 0.824543297
    0.952735007 1.30676389 1.63906074 1.52673614 1.2258147 1.23352575
    1.62502658 1.15448725 0.705056906 1.32484591 0.6764732 1.54812956
    0.855079472 0.838410318 0.892855883 0.988827169 1.62999225
    1.33115637 1.4752326 1.46656811 0.803134322 0.781782568 0.905560791
    1.47157133 1.58191466 1.07501864 1.42041707 1.46813595 1.63916206
    0.754025161 0.794289172 1.09885347 0.710153461 0.844241858
    1.45961571 1.26544678 1.13896847 1.66419363 0.920529306 1.14527798
    0.767845154 0.694724083 1.01445138 0.620987177 0.747198403
    0.376116008 1.10962391 1.40811229 1.00024056 1.14726388 0.870388925
    1.27396894 1.11257756 1.02101243 1.29152381 1.24444366 1.2837981
    1.50379908 1.40816772 1.64324129 1.41812956 0.78790164 1.47337461
    0.755449176 1.10492861 0.959559798 1.3057934 1.47383368 1.57610011
    0.73023057 1.6696347 1.36021507 1.0488981 1.43466961 1.08381736
    1.58062613 1.31800592 1.53997111 1.41149795 1.04324794 0.92514199
    1.28748846 1.155527 1.4912219 1.36626244 0.90479058 0.748853862
    1.41964555 1.62364578 0.876170695 1.0789783 0.757894695 1.11117935
    1.05433226 1.44493616 1.46444941 0.818540812 1.06735909 0.997939289
    0.865093887 1.40165114 1.04563057 1.5439806 1.02578735 1.07931662
    1.54606271 0.853172302 1.48323905 1.46767008 0.783474445 1.16807365
    1.04363716 1.22106791 0.939003229 0.786297798 1.20346367 1.06230497
    0.814622521 0.908501804 1.60795891 1.44778848 1.08015323 1.07622516
    0.866066873 1.31011939 1.24671197 1.19991231 1.62163758 1.41959059
    1.36925828 1.6257391 1.18623316 1.61094272 0.764227033 0.729190528
    0.729260325 1.03877449 1.14142168 0.982385039 0.838892102
    0.724161685 0.77474004 0.843619108 1.20302796 1.1064738 1.22954226
    1.25799215 0.773675799 0.738204658 0.912288606 1.54510832 1.24275994
    1.04597723 0.988573492 0.690527678 1.29193282 1.66793597 1.45202065
    1.26579738 1.18121958 1.67739558 1.40522587 1.45773768 0.887704134
    0.819047928 1.55165875 0.803712308 1.56345761 0.837141156 1.12090075
    0.754055202 1.52588177 1.28478289 0.817131341 1.32911861 0.799485922
    1.08400071 1.47681034 0.857290447 0.699688435 0.80113405 1.61258399
    1.21942925 1.56813037 1.04837346 0.684954226 1.19283986 0.773924172
    1.2343092 0.681050479 1.10710716 1.48510647 0.65502733 1.60891449
    0.640562654 0.809937239 1.29846227 1.43376327 1.58006775 1.43700528
    1.04844129 0.855577052 1.23569894 0.758988321 1.00265002 1.29081905
    0.687212288 1.55624986 1.01645827 1.52188802 1.52192545 0.970322132
    1.39085352 0.923261821 1.04213536 1.45096493 1.38378811 1.13302219
    1.15456915 1.25496089 1.26645875 1.60774672 1.01938033 0.861020148
    1.51222515 1.42885053 0.690592647 1.54671109 1.49629235 0.733629525
    1.41586363 1.65562236 0.929382563 1.05139232 1.44932055 1.48023593
    1.63411772 1.2790066 0.788051009 1.58189452 0.727526307 1.31600606
    0.7164343 1.37236738 1.10647964 1.29530013 1.10132575 1.23959029
    1.35529613 1.24795115 1.45880532 0.827114999 1.12848961 1.60847425
    1.1757437 1.1002804 1.32489061 1.53033817 0.668578386 1.02801883
    0.840783358 1.12229145 1.65775788 0.714493811 0.75016284 1.60591435
    1.14647198 1.12608647 0.751964569 0.844657302 1.34723532 1.10152698
    0.945002496 1.40409708 0.675958872 1.11642277 0.964034855 1.54065788
    1.17127144 1.22796881 1.23749387 0.788145065 1.55179417 0.940473557
    1.28406787 0.73896426 0.76736486 1.27741599 1.46887445 1.35713923
    0.909344375 1.33084142 1.20969594 1.62591982 1.46456635 0.963579476
    0.973618329 1.27471912 1.51837492 1.23080206 1.21935713 0.611388028
    0.868717432 0.69756031 1.12930119 1.52917063 0.800592661 0.667104661
    1.50946498 0.804704785 0.831171334 0.933229566 1.33059204
    0.995908737 1.08433831 1.04297388 1.13275146 1.11323762 1.28125608
    0.719463408 1.17064857 1.63882971 0.927091837 1.55177784 1.39702582
    1.56186593 1.44168329 1.10723376 1.17741942 1.24905074 1.023803
    1.4643873 1.54440486 1.44322217 0.945658386 1.29638183 1.56861806
    0.685425162 0.979694128 1.5936631 1.26211524 0.874755442 0.870360911
    1.58371615 0.695919931 1.10306239 0.825711489 1.3855834 1.25859976
    1.16168344 0.873975754 1.12827265 1.5667448 1.44591236 1.576069
    0.942878842 0.993174672 1.44721317 0.777066827 0.703083396
    1.54443741 0.819267392 0.92249608 1.12087739 1.01733327 0.723915815
    0.977477372 0.987923324 1.09530485 1.42883241 1.47481561 0.894907892
    0.986143649 1.21334231 1.28429067 1.26337123 1.25694442 1.29096365
    1.00129652 1.47139013 0.997158051 1.35435021 0.76054728 0.690844238
    1.63575673 1.32380354 1.122908 1.13317597 1.40794492 0.91215235
    1.24780405 1.41599798 1.37819755 1.31440222 1.31487811 1.16687226
    1.5393163 1.56163037 0.673550665 1.04160452 1.48187363 0.744525075
    1.01069391 0.807147563 1.00275576 1.58107579 1.51803744 0.912677586
    0.980058193 0.878094494 0.740731955 1.13406479 1.36235857 1.25727355
    1.57916105 1.48644495 1.44924617 1.00376153 1.16770983 1.36669314
    1.64643633 1.64895189 1.15716219 1.52251208 1.31681693 1.07034183
    1.45616603 1.08353937 0.792321622 1.18815935 1.45157766 1.1103754
    0.738713801 1.47598577 1.32439148 0.822603822 0.706523538
    0.856448889 0.919736683 1.24736881 0.804053664 0.905731857
    1.12776339 1.65423357 0.892420173 1.12824428 0.821995854 1.15151799
    1.10530317 0.647338092 1.54220319 1.38566458 0.843575776 1.44118929
    1.5302707 0.811197758 1.33059347 1.1492877 1.30430305 0.971546173
    1.3404038 1.0005554 0.819418967 0.802943707 1.63390875 1.14528155
    0.841430068 0.645103633 1.1591692 1.05666006 1.52375257 1.37787378
    1.39557695 1.28992414 0.876869261 1.21360314 1.50079274 1.0807147
    0.813589573 1.21293199 0.735572577 1.25490284 0.900777578 1.05809021
    0.719778717 0.996118903 0.795971334 1.53203523 1.08225882 1.39113462
    1.30935919 1.37455821 1.28128362 1.19787741 1.44555354 1.43038774
    1.34713221 0.785314322 1.5722822 0.789788663 1.31813848 0.688511491
    1.62358487 1.61148584 1.31866372 0.761508346 1.5659343 1.16750288
    1.19352949 0.80438751 1.63674641 1.50968051 1.45286727 0.983993053
    1.42480397 1.07132423 1.59288669 1.29638708 0.777727067 0.693970144
    1.0803678 1.07444274 1.48457944 1.3186183 0.796181858 1.48087323
    1.64232481 1.64914465 1.25371075 1.60506618 0.748306274 1.32568502
    0.980569541 1.05214405 1.13753295 0.789208293 1.14602196 1.20804143
    0.733362556 1.17371964 1.03915179 1.32651639 0.959363639 0.961940527
    1.08281744 1.02635014 1.07493353 0.710130095 1.33417976 1.09051788
    1.33869743 1.67091441 1.10030234 1.05402517 1.35861933 0.830358207
    0.415283978 0.484272391 0.867506921 1.02419794 0.747903883
    1.43244946 1.34512675 1.57085311 1.43568432 1.01214242 1.36924422
    0.77812165 1.27917194 1.1974746 1.47552598 0.960230589 1.00883019
    1.5532254 0.986570776 1.3932023 1.30214763 0.855207741 1.59298623
    1.02357674 1.66461158 1.19077122 0.880760431 1.64388776 1.25134492
    1.3488003 1.47424364 1.29254663 1.33167613 1.24111128 0.865222573
    0.866574645 1.3754071 0.727843761 0.892617583 0.882588744 1.55509102
    1.36439884 1.31560099 0.831795394 1.60795987 1.27600861 0.788736463
    1.44780004 1.66683543 1.66309643 0.740334868 1.5612191 1.05591679
    1.54321802 1.17228389 1.0698421 1.14971519 1.62619245 1.3653928
    1.5531404 1.15816271 1.5004462 0.887814403 0.805194795 1.36251009
    0.821219206 1.6182431 1.23492324 1.59283113 0.849862039 1.04181468
    1.37195849 0.930976272 0.818374991 1.5747124 1.00327587 0.685769558
    1.49637187 1.09663749 1.57755625 0.798028409 1.38744557 1.63172007
    1.33164942 1.51290393 1.04720366 1.30655885 1.48242879 1.30347598
    1.65342331 0.893582702 1.08145797 0.952377379 0.695682347 1.04618812
    1.52328312 1.60878217 0.676714778 1.11697102 1.60938013 0.759068668
    1.51140463 1.56393588 0.689930201 1.19029856 0.698141396 1.3245188
    1.4899956 0.691326201 1.45252907 1.42899263 1.62117839 1.12972546
    1.37322676 1.42548847 0.837376118 0.973882556 1.70469034 1.33193171
    1.04368925 0.981267631 1.4338336 1.05542028 0.877871096 1.47454882
    0.942765713 1.04816437 1.36182821 0.845147014 1.42906642 1.65694535
    1.22108877 0.98123908 0.73965919 1.66148698 1.4834764 1.39766967
    0.789641023 0.830458164 1.2214849 1.64245605 1.59675276 1.64510703
    0.831766009 1.34491289 1.3842051 1.490906 1.42324245 1.23176825
    0.893226206 0.805888951 1.21105146 0.630381286 1.1859113 1.03613377
    0.965246022 1.31507421 0.965310335 0.823516726 1.4656378 1.29670334
    1.18611503 1.01844823 1.13189626 1.02447927 0.73606056 1.30546474
    1.33662415 0.931945086 1.24295914 1.1319133 0.947639823 1.38485551
    0.92010355 1.15720737 1.31588054 1.01074016 0.868385732 1.18184173
    1.59282112 1.38766384 0.739350498 1.64242423 0.698363304 1.2208308
    1.21450305 1.3805325 0.685965776 0.874681771 0.812270939 1.48367012
    0.961689115 0.98034054 1.61879015 1.35770452 1.01040554 0.920766234
    1.28992558 1.20470965 0.849294603 1.38968456 1.21004677 1.26080525
    1.61081409 0.994955897 0.745561421 1.58855176 0.921915054 1.24500966
    0.959272742 1.18938673 1.40241516 1.30024588 1.57463443 0.741701186
    1.36607897 1.51802409 1.08388281 0.681562543 1.60587668 0.836114526
    1.39001846 1.05305159 1.40300786 1.53878653 1.35069311 0.862078309
    1.43986499 1.24761939 0.792822897 1.18232703 0.963466704 0.800365865
    1.406582 0.730570316 0.783677459 1.29664052 1.26187432 1.11953747
    1.04348469 1.04223263 1.5479399 0.973628819 0.898489952 0.806575418
    1.33721399 0.92893368 1.48036385 0.914408267 0.75522691 1.4921453
    1.62101483 1.08602679 1.33790088 1.37678516 1.22433352 0.443713307
    1.1479733 1.35860956 0.636008561 1.07180166 1.41267383 1.13734508
    1.09721684 1.47567856 0.861705899 1.11756301 0.821891308 0.84635812
    0.825619578 1.37573278 1.04571581 1.26047277 1.2712301 0.805618882
    1.56950307 1.163293 1.03797352 1.09858286 0.972803831 1.36016929
    1.06395495 0.714224517 1.37994623 0.856525123 0.74417299 1.44555259
    0.66848129 1.2786634 1.57410443 0.718328357 1.52841103 1.26482046
    0.92354995 1.43039024 0.916959226 1.22468555 1.34259355 0.744294941
    1.31956172 0.985343218 1.20955825 0.829285443 1.56814337 1.58217144
    0.710872173 0.79340905 0.722975671 1.57450271 1.6150893 0.758136094
    1.04524314 1.19972003 0.897230327 1.00949025 1.46510196 1.13134229
    1.57796538 0.798380911 1.18867481 1.46502483 0.691669941 0.941844523
    0.843311369 1.46445096 1.30174232 0.82045877 0.784624934 0.779199779
    1.30506003 0.947563291 0.834436178 0.785960138 1.39722133 1.43119586
    1.37639928 1.2320956 1.36919856 1.21496451 1.28961325 0.757745147
    0.799985588 0.752819002 1.54189396 0.998411119 1.67386115 1.33892512
    1.25853348 0.93548429 0.806724548 1.26903331 0.898211956 0.980383396
    0.987962782 0.767560065 1.44161844 0.625055432 0.942098379
    0.842217565 0.980411351 1.16910851 0.989040613 1.27434397 1.12605667
    0.838903606 1.2051717 0.834484041 1.10848749 0.971326292 1.30302238
    1.21635091 0.848456681 1.33125031 0.741488278 1.6290406 0.969613552
    1.22345269 0.711187541 1.32967699 0.640137613 0.986619115
    0.871720493 1.00132132 0.77616322 1.26013494 1.09452629 1.40796781
    1.10468781 0.851639032 0.751179576 0.883605957 0.912610471
    0.82723999 0.95884949 0.817060173 0.94304502 0.707370818 1.08958733
    1.38518012 1.53479898 1.53020716 0.669818819 1.29678118 1.38596606
    1.32204747 1.55504012 0.71250397 0.920951962 0.90722388 0.708276212
    1.52361369 1.35066497 0.829952061 0.841433764 0.937524676 0.93021065
    0.833610296 0.979747355 1.40290797 1.13733363 0.926384985
    0.870189488 0.654246628 0.66901195 0.824337721 0.655755341
    1.02259874 1.04333961 1.29669023 0.691411793 0.848518014 1.19983721
    1.08993518 0.889762998 1.01832628 1.34559548 1.16590035 1.56662595
    0.754931986 1.47717869 0.830738127 1.32989383 0.951127052
    0.920871735 0.766294122 1.14278138 1.39453924 1.68519962 1.04559195
    1.19207728 0.898242474 1.5728066 1.04517019 1.13499784 1.49235451
    1.21771348 1.58924377 1.51759315 1.6266861 1.07507408 1.29124391
    0.933695376 1.30096173 0.935606241 1.61869872 1.56018269 1.28149796
    0.929138124 1.47261727 1.59385145 1.39580548 0.660728931 0.680244029
    1.56263959 0.895757616 0.927615941 1.34305966 1.14860928 0.687989891
    1.207901 0.71145612 1.56824112 1.25733995 1.48020065 1.30489445
    1.62238014 0.801591158 1.41075003 1.59555256 0.676915109 1.26124716
    0.760836184 1.33525908 0.696851015 1.2070421 1.44132543 1.2757206
    1.20019031 0.940092206 1.18683982 0.66901207 0.647367477 1.55804539
    1.11078119 1.64568686 0.899430513 1.41262972 1.48179293 1.23946881
    0.80488342 0.774160445 1.14751828 1.30814123 0.339783728 0.766572595
    1.00102997 0.805277407 0.668884277 1.5555408 0.783939242 1.55475521
    0.78749913 1.09617269 1.38117957 1.41981649 1.0356828 0.912173867
    0.913985848 1.4142803 1.64254236 1.67815888 1.30061531 0.975039959
    1.25669742 1.18460512 0.769287169 1.19610822 1.47687018 1.04300344
    0.698686182 1.45710361 0.876648247 1.33191597 0.72129631 1.55211544
    0.718713403 0.897532165 1.61284614 1.25352001 1.23151851 1.27706766
    0.892597795 0.706931531 0.99842602 0.889000297 1.10771286 1.17454851
    0.983024716 1.43362546 0.822447062 0.809007168 1.36828732
    0.797419965 0.816578209 0.722000003 0.88540864 1.19870567 1.32852006
    1.11859882 1.14219022 1.56748164 0.652515411 1.41788566 0.663255811
    1.50060713 0.729568064 1.25578678 1.55373597 1.43602085 1.03604484
    1.13729107 1.15325654 1.32940137 1.42292106 0.712591827 1.51777387
    1.63502967 1.51165962 1.26529801 1.53635299 1.03471565 1.57061529
    1.45191228 1.61288941 1.66254246 1.34986567 1.4989351 1.24232137
    1.36924887 0.831763566 1.18689501 0.983415127 1.46434844 0.877289653
    1.41309762 1.52869046 1.34285617 0.714443803 1.40400684 1.00483286
    0.953381777 1.01377285 1.24489307 0.712468505 1.11055887 1.59211755
    0.819572687 1.04233921 0.951601684 1.19259477 1.44451678 1.12583053
    1.41930699 1.45819497 0.925109088 1.07253706 1.26119745 0.828564763
    1.62449682 1.20791531 1.46011329 0.901099026 1.55044341 1.53949714
    1.51731706 1.39100456 0.643805325 1.25916183 1.01417243 1.57810545
    0.76604116 0.951206148 1.53983223 0.992828012 1.51278293 1.36123276
    1.54952621 1.55966115 0.708882034 0.861962438 1.56659639 1.46984065
    1.20117271 1.21765804 0.819338441 1.61651266 1.25456202 0.682443976
    0.955634296 1.090958 0.985315561 0.879016876 1.3393265 1.36347497
    0.825950086 0.719969571 1.52091551 0.808606982 0.818033278 0.9480443
    1.28166139 1.65451658 1.07155144 1.38992155 1.33294308 1.21038258
    1.32315326 0.939957321 1.43598175 0.674226403 1.38973188 0.632237434
    0.965464056 1.54530275 0.687104464 1.49364007 0.72395438 0.862154663
    0.978673041 1.57172239 1.1001817 1.45005167 1.06414437 1.11783659
    0.772311926 0.651814163 1.07760167 1.15069449 0.669482708
    0.812913239 1.57664812 0.918863475 1.66580915 1.56634688 0.74464184
    1.52951312 1.63016546 1.45888066 0.770497322 1.7032789 1.0425899
    0.715659499 1.40404809 1.47456658 1.52002537 1.12024975 0.908140779
    1.62849402 1.20387042 1.53190696 1.361359 1.01484287 1.2441932
    1.00718296 1.0119679 0.996613681 0.659599066 1.10114491 0.647013247
    1.12127173 1.19467556 0.699468076 0.899449468 1.45772421 1.43052411
    0.837608993 1.11141157 1.46006477 0.820301354 1.66321981 0.842183471
    0.849888623 1.428303 1.15675151 0.999800146 1.5469321 1.65844321
    0.827223957 1.04630899 0.939917743 1.20470548 1.35521126 1.28663313
    1.33602095 0.668663919 1.18229759 1.32527554 1.2003814 1.65627015
    1.17865062 1.17534363 1.44535494 0.976501763 1.48761868 0.777744949
    0.902948618 0.730283141 0.952373683 1.16525793 1.0872345 0.477094144
    1.22796547 1.06141269 1.02881026 1.25844753 0.959747672 0.809127271
    1.3097012 1.28400457 1.13670337 1.2172097 1.41411126 1.12885475
    1.26403558 1.31714654 1.44154477 1.63457012 1.5248785 1.13640404
    1.52861941 1.09892726 1.44966125 1.01260626 1.61123931 0.727986515
    0.812596738 1.01761127 1.00252068 0.717181265 1.14812291 1.06480944
    1.01476121 0.833128989 0.696695507 1.46726859 1.0273118 1.52335608
    0.986765862 0.969809294 1.2317009 1.15989029 1.10808039 1.07088113
    1.62907386 1.20960164 1.18352067 1.41582966 1.5228672 1.59333563
    1.10149789 0.781175494 1.47921884 1.08364129 0.668336272 0.65019381
    0.714712083 1.14738691 0.792583168 0.952604532 1.12142146 1.57540286
    0.900089562 1.0710746 1.13092577 1.57068849 1.26022899 1.01383281
    1.52040517 0.757767677 0.842713416 1.1538589 1.63791347 1.62107825
    1.61377645 1.13121021 0.967152238 0.826253533 1.25562394 1.55445886
    1.30853927 1.14083588 1.37470603 1.59625745 1.43681085 0.766804039
    1.50978184 1.59561181 1.48398602 0.814198673 0.737817109 0.801520467
    1.25739527 1.49684894 1.43333876 0.937225163 1.2299881 0.954239368
    1.16613603 1.31221735 1.18193161 1.52894318 1.4796195 0.793510973
    0.989229798 1.1292212 1.5226655 1.00712001 0.88704288 0.796973646
    1.58204341 1.35055423 0.834847391 1.46776557 1.28257942 1.68783283
    0.743141949 1.05656958 1.09979928 0.664606929 1.52134573 1.46855783
    0.925495863 0.69766897 1.21894872 1.38161206 1.38733685 1.38917065
    1.22214699 1.53025317 1.18878841 0.830052733 1.49207115 1.57780504
    1.5018636 1.29790497 1.30593288 1.36739933 1.15978062 0.721226931
    1.53502357 1.40175772 0.991615236 1.52740276 1.06770003 0.837954819
    0.935932696 1.31536412 1.38930631 0.928536475 1.37769175 1.29495299
    0.812471807 0.889654219 1.22774732 1.27451301 0.969594181
    0.911500692 1.1890558 0.70173049 1.09918499 1.58268356 0.797358513
    0.647792995 0.849795401 0.947832465 0.893467903 0.698671639
    1.29550517 0.625226736 1.43575251 1.38532221 1.31485152 0.775053382
    1.15261114 0.935211539 1.4014585 1.37299383 1.15959978 0.743422866
    1.3285085 1.12184 1.28351116 1.22893262 0.624585629 0.690743089
    1.37487733 0.800014436 0.815758526 0.747704208 1.58351278 1.24613667
    1.6238879 1.3453573 1.06256449 1.330284 1.02861643 1.12803435
    0.817764342 1.69006717 1.15112555 1.42422485 1.38020289 0.869112909
    1.23400509 1.67374957 1.14170945 1.35019791 1.11334205 0.828897774
    1.08670962 0.978351593 1.00001287 1.271927 0.88433212 1.21889675
    1.15377033 1.05315638 1.38368917 1.15266335 1.36136973 1.35417664
    1.07599819 1.11768627 1.31039131 0.938920796 1.33306074 0.734873593
    1.49376929 0.703696609 1.18159306 1.5335207 0.630084813 0.977807105
    0.881959796 1.30996072 1.58824456 1.51685858 1.07121086 1.39647377
    0.759875834 1.10184681 1.50322342 1.46488094 0.771231055 1.11841714
    1.48740089 1.57315981 1.37294722 0.995089233 0.721737266 1.05157483
    1.28816617 0.600165963 0.651936889 0.832323432 1.02632272 1.16840863
    1.12911141 0.484437168 1.36171579 0.892244101 1.24127007 1.17876649
    1.29217184 0.983680964 1.2828685 1.38468623 1.15692341 1.35739887
    1.39085019 0.866592646 1.62031996 1.42685032 0.88228035 1.35134244
    1.14648664 1.50336337 0.923006654 1.20344579 1.22025561 1.59598243
    1.46015942 1.09604859 1.43273282 0.898431599 1.45616293 1.10009193
    0.676670492 1.42285371 0.807428777 1.0162499 1.56606638 0.944976985
    1.51250112 1.06230152 1.64001763 1.54914784 1.40382564 1.35627985
    1.43100011 1.54124475 1.1811434 1.30492544 0.884720564 1.04455948
    1.59787464 0.690555513 1.13743496 0.870653987 1.23616302 0.825381517
    1.59869361 0.740231216 0.948078692 1.11940002 1.25738168 0.765960634
    1.49717808 1.17191017 1.57521558 0.771535814 0.936367989 1.39646113
    1.16914821 1.65287852 1.12520885 0.990760803 0.954896688 1.08726108
    1.20759547 0.803892553 1.25527382 0.832911909 0.948496461
    0.777018964 1.57620263 0.71601516 0.990129411 1.06112003 0.91625452
    0.822591126 1.4194392 1.02848172 0.850455701 1.44686627 0.888357043
    1.49122369 0.64636445 0.625931799 0.788439393 0.99352777 0.878346741
    1.05524039 0.726380289 1.16159904 0.756722987 0.827741504 1.32989132
    1.02361393 1.16635418 0.710046291 0.693043888 1.55803525 0.790931702
    1.56305194 1.26886368 1.66435695 1.51447427 1.39883852 1.69736147
    0.990602851 1.04382586 1.46766007 0.971821308 0.817550302
    0.677880287 1.1480608 1.1032269 0.819808662 1.1328373 0.898159206
    0.750152946 1.34975517 0.854345143 1.56283522 1.37859476 1.44674706
    1.43759608 1.23062491 1.18099248 1.26461077 1.1672312 1.04259729
    0.751853526 1.46737123 1.59747612 1.05490136 1.59451187 0.83519578
    1.65532601 0.891068995 0.744305968 0.97774291 1.17769277 0.706068158
    1.05694056 1.18897891 0.934780538 0.964167476 1.51033843 0.703647077
    0.82442224 1.34847808 1.46132219 1.18966293 0.812224567 0.971527755
    1.00356114 1.20222843 1.45375824 1.17844844 1.14672101 0.682372332
    1.073874 0.857800007 0.783050716 1.19708884 1.18332148 0.705939829
    1.48185873 1.06168759 1.42041695 1.35570896 1.41188931 1.23039246
    1.16940689 0.860110819 1.21361411 0.701835096 1.00197768 1.26799715
    1.14288855 0.684165239 0.723666012 0.815825284 1.38566208
    0.970202565 1.58027184 1.60493302 1.5914613 1.27165699 0.935410202
    1.29399765 1.27835739 1.50418782 1.67853129 0.807439983 1.38951004
    1.25894499 1.28693378 0.833819509 1.4636538 1.36914933 1.08260047
    1.58582807 1.29080141 0.829393327 1.17129648 1.47377312 0.95192951
    0.722686648 1.17000878 0.773695767 0.843348682 1.15615106
    0.777193546 1.66240847 1.48608398 1.28560472 1.49433422 0.7036888
    1.19755614 0.673126936 1.65430725 1.02374852 0.66644901 0.995293438
    0.83476454 1.34873343 1.47792482 1.63797724 1.37035835 1.59060669
    1.54712915 1.15165293 0.808413923 0.800100923 1.13981926 0.949172676
    1.20302141 0.871553123 1.12114894 1.19318533 1.07077134 1.44856679
    0.893593729 1.30737603 0.821424782 1.10340762 1.43721068 1.37605655
    1.2047528 0.958679974 0.914485455 0.642427087 1.09533548 0.943191588
    0.716356933 1.67993987 1.05860567 0.850956559 1.29485595 1.37505496
    1.14174724 0.997301102 1.61981809 1.52231586 1.29835498 1.16729212
    1.16883647 1.4345727 0.858065128 1.44954467 1.23923612 1.08480847
    1.66759396 1.43883812 0.673263848 1.48345768 1.2200377 1.28908408
    0.793820918 0.877124965 0.657201827 1.35994256 1.36304402 1.00318444
    0.813576758 1.55110478 1.40970063 1.06770086 1.32942533 1.59775186
    1.34043181 0.906769395 1.24243784 1.53453493 1.40223479 0.988548338
    1.18115187 1.28984785 1.12111974 1.3429544 1.357741 1.00850725
    1.33357286 1.48434329 1.25627959 1.23887908 0.71367979 1.46975434
    1.24686503 0.858670652 0.943437755 0.753882647 1.31940186
    0.776627839 1.49345279 1.05631614 1.07108176 1.2961762 1.31552982
    1.13829076 1.35913336 0.912000358 1.2993741 1.56916416 0.994611084
    1.28918433 1.71059096 0.993942022 0.721933305 0.831614256 1.20460105
    0.716829836 0.987910211 1.4784683 1.24621129 1.40524292 1.23159742
    0.741694272 0.761292517 1.05133069 1.16721129 0.896688819
    0.638218939 0.610526502 0.890705824 1.21539438 1.40390861 1.01957369
    1.11074078 1.45570886 0.854361415 0.899617374 0.886060834 1.55396843
    1.61798489 1.38258719 1.31539369 1.03488553 1.25092041 1.08700001
    1.38518882 1.42390919 0.730071306 1.64680541 1.39875555 1.54194486
    0.672641039 1.23107398 0.881885111 0.684966922 0.867229521
    0.652780592 0.642435014 0.903839052 0.657220423 1.27577066 1.0918119
    1.18232095 1.10358536 1.18597054 0.889737844 1.54960692 0.924610257
    0.924134314 1.4254241 1.07965982 1.23515427 0.858536839 0.65035814
    1.42424023 0.973240376 1.32545316 1.48934233 1.66412592 0.956056297
    1.57396054 1.07757914 1.26989889 0.878588319 0.759111941 1.38439608
    1.34824717 1.25537038 1.46006036 0.663323402 1.35070336 1.23559594
    1.46037638 0.784725726 0.808976531 0.65035671 0.654223323 1.0091213
    0.627840579 1.51202929 1.41114116 0.862156928 1.26565373 0.613143563
    0.86502707 0.905303717 1.01372266 1.60270643 1.03376448 1.62690783
    0.867749453 1.1119349 1.17496777 0.770111918 1.43028474 1.06606221
    1.48292637 1.40932 1.49789608 1.20666337 1.45339179 0.888354242
    1.17763627 0.69287765 0.688258231 1.24444246 0.798863351 1.39641941
    1.05726194 1.07857442 1.57241821 1.34031951 1.55520248 1.03897047
    1.04530072 0.738996863 1.65516496 1.49595737 0.911845088 1.21938515
    1.08386445 1.0992341 1.06502366 0.932138622 1.23148358 1.292979
    0.661250234 1.61051464 1.26130641 1.61924982 0.718486905 0.783934712
    0.756334007 0.813729286 1.17276323 0.847058177 1.37276888
    0.979471207 1.59984517 1.19096684 0.878216684 1.53551066 1.12073636
    1.55614257 1.07425642 0.651674032 0.894918501 1.45324802 1.1733427
    1.15920854 0.69443965 1.38170767 1.08945572 1.31051934 1.16389179
    0.980840027 0.786986172 1.15355039 0.972533345 0.965470016
    0.856138706 0.707243979 1.65510273 1.13838339 1.59726286 0.900211573
    1.50398159 1.47079396 0.584481835 0.791971564 0.847353637 1.16752362
    0.989865065 1.43505847 1.07227004 1.34937847 1.10981953 1.59995031
    1.46529913 0.936512053 1.39294565 1.44189024 1.32983208 1.03268564
    0.955729663 1.68235648 1.05449581 1.20850873 0.969477415 1.13342726
    1.19071782 1.42134035 0.866544127 1.3579061 0.847074628 1.30166662
    1.00137663 1.07420325 1.56311357 1.09182274 0.937492728 0.712344885
    1.05171442 1.13929343 1.34020102 1.04726005 1.58127654 1.20182514
    1.24375129 1.05547976 1.26862419 1.05375648 1.2645812 0.904769957
    0.757903099 0.928420544 1.22335303 1.53393137 0.646964908 1.48588157
    1.15276062 0.759024441 0.797958612 1.39526486 1.42230177 0.921700895
    1.0623889 1.52976882 1.37145507 0.687421381 0.782594562 1.36338055
    1.53070819 1.42284036 0.704264462 1.00658274 0.987616718 0.728362739
    0.808068156 1.36244726 1.34359968 0.833820164 1.30295599 1.62236762
    1.61053598 0.77767998 1.59176791 1.29467666 1.64424586 1.49776888
    1.41621315 0.765046 0.705076635 1.06444538 1.00674295 1.46785891
    0.608285367 1.21688795 1.57082617 0.726140499 1.24232507 1.40188086
    1.22316515 1.11627495 1.34177995 1.19125152 0.730194151 0.960142612
    0.786316454 1.39656222 0.950371623 1.43358183 1.18467784 1.64576423
    1.01004684 1.12086344 1.24383318 1.26344585 1.2897011 0.800563633
    1.4012785 0.87660861 1.20812619 1.3659271 1.17360353 0.967062294
    1.33263481 1.11856735 0.953993857 0.967264593 1.17458177 1.09002554
    0.867329717 0.993138909 1.41133201 1.45158327 0.793274581 1.12085807
    0.957238615 0.738669872 1.37567019 0.873423159 1.16186655
    0.833842337 0.690394163 1.28922033 1.04380679 1.60130572 0.700248003
    0.834222496 1.36844456 1.57317209 0.973957419 1.39874029 0.807146728
    1.44436502 1.25030529 0.733658791 1.58362126 1.0408926 0.949781656
    1.55239749 1.03298903 1.0652709 0.742416918 1.55085802 1.40895545
    1.38427413 0.953733444 0.929237008 1.32842839 1.2109251 1.59811628
    0.614318669 0.911604822 1.29811513 1.22393632 1.54467523 1.02487993
    1.53003633 1.21557319 0.959361911 1.1243546 0.747676969 1.31499016
    0.656925678 1.430439 1.35611069 1.21446764 1.06848526 0.979299605
    1.20738375 0.750589252 1.08577776 0.696723521 1.41006267 1.4417392
    0.98491919 1.56159198 1.19769061 1.4145515 1.65765738 0.846058011
    1.03358078 1.65998781 1.4382273 1.10576105 1.67794967 0.698165119
    1.35020399 0.729278505 0.774085402 1.36356521 1.0275104 0.812048852
    1.57083201 1.65455651 0.668459237 1.09023333 1.24761748 0.715160787
    0.954413712 0.689140916 0.721706331 1.30406606 1.31336224 1.52548611
    1.55040944 1.07249868 0.673991144 1.25010049 0.974415064 1.29164791
    0.785739183 1.07811141 1.13317502 1.40898597 0.674957037 1.20951164
    0.925046027 0.715444326 1.44440603 1.52202964 0.741603255 1.31422436
    1.24831283 0.975597382 1.0139327 0.789839327 1.43781161 1.0834533
    0.968760908 0.772376418 1.10133815 0.928193092 1.55808234 1.21925747
    1.60375118 1.63153994 1.5491823 1.2380259 0.745962143 0.556358457
    1.05331326 0.839582205 0.816859961 0.403346837 1.13736069
    0.828812301 0.551261961 1.12702596 1.32523978 0.679632485 1.43692183
    1.52460563 1.49867892 1.33097553 0.753222167 1.47486019 1.27540278
    1.03725457 1.13114226 1.02858126 0.72078675 1.37618101 1.60323799
    1.24740732 1.10319459 1.03440225 1.31946862 0.786286771 1.63550138
    1.09406769 1.51599288 1.0266484 1.14642811 0.844006836 1.54867709
    1.02272928 0.76871413 0.870481193 1.52325416 1.41490936 1.14745069
    1.43016315 1.36515033 1.63089335 1.07524431 1.19446969 1.05312204
    0.862395704 1.15547717 1.56234539 1.58815503 1.3713609 0.904960155
    1.05654407 1.38595545 0.877660513 1.13020349 0.764010847 1.42426813
    0.694692075 1.20610678 0.710698128 0.920119941 1.49234879
    0.949011385 1.59059203 1.05197334 1.22207141 0.925217748 1.32928264
    0.901824415 1.28250957 1.20793056 1.3578229 1.471627 0.943656862
    1.43709004 1.44043517 1.66926587 1.48058784 1.47769594 0.990291893
    1.4115063 1.30471432 0.745763123 1.01605594 1.29484081 1.51304197
    1.22866702 1.0145371 0.898489892 1.25508106 1.4946456 1.07340121
    1.23845899 1.17616189 1.46107268 1.5538739 1.18936348 0.987897217
    1.28913367 1.05958593 1.57547629 1.19180691 1.4296968 0.886835694
    1.18598926 1.45765293 0.991621435 1.01567435 1.28717625 1.03294086
    1.66624391 1.21755421 1.25430334 0.835004866 1.28216827 1.01313198
    1.04704094 1.03011441 1.3517251 0.925771475 1.26687515 1.14272583
    1.33187175 1.48868346 1.06253648 0.887355685 1.03465891 1.43710196
    1.22277296 0.80198133 1.50513816 1.37481296 1.35266817 0.71273011
    1.00100648 0.67464596 1.40052259 0.700787544 1.30046725 0.951155245
    0.896884799 1.2501452 1.52535617 1.3802917 1.28518963 1.52123916
    1.65107834 1.50091755 0.92627424 1.40794551 1.1658442 0.734033644
    0.769423246 1.39902651 1.38372445 1.29161286 1.42708766 1.19874179
    0.639567196 1.13511765 1.19648266 1.38619101 0.666002154 1.22752666
    1.19008505 0.841720879 0.845482945 1.34933877 1.51004243 1.33197939
    1.3481555 1.03375423 1.09473991 1.1310904 1.16229141 0.924403846
    1.20355427 0.953061879 1.19020307 1.21535921 1.03609836 1.40425622
    1.03234756 1.37985969 1.41619968 0.777758539 0.758322179 1.09682631
    1.45240736 1.17537057 0.823087394 1.05195689 1.1136533 1.10625517
    1.39529681 1.63513994 1.07701159 0.996029437 1.13070893 1.19186938
    1.24247241 0.972841859 1.4630121 0.836806655 1.58326864 0.721749842
    1.27874339 1.19470572 0.875289083 1.5589515 1.54690659 1.38181615
    1.47991657 1.06910348 1.25084329 0.735217035 1.44343829 0.930888772
    0.797695756 0.750508666 0.840301394 0.931515634 1.63304055
    1.03774691 1.09089303 1.0098027 0.850999951 0.656110644 1.09086144
    0.906221151 1.52556753 0.84449321 0.820207238 0.69844389 1.47845519
    0.854945719 1.2179395 1.08591688 1.21921062 1.51763582 1.12020564
    1.0516212 1.09674048 1.17645526 1.56627882 1.19937849 0.915694952
    0.78896451 1.54329646 1.56541431 1.1937964 1.54406428 0.932465076
    1.50777066 1.15145648 0.495711148 0.814904809 0.338591307 1.34655583
    0.676511645 0.733512402 0.918457091 1.36984611 1.0663774 0.847372711
    1.38958192 1.65173173 0.974506438 1.21356833 1.57704091 1.24624681
    1.15094864 1.48242259 1.25381279 1.54691494 0.756522298 1.56015015
    1.26276088 1.65159082 0.869274437 1.35806489 0.995286763 0.960111856
    1.21477592 1.20335591 0.886889994 1.49592257 1.32834494 0.846186996
    1.08974981 1.41836429 1.68458474 1.23959553 0.756224871 0.987232447
    1.56573033 1.48689497 1.61770082 0.942776263 1.69492435 1.29214239
    1.4218179 1.257622 1.50746262 0.975883365 1.33498371 0.98487395
    0.940619767 0.863994896 1.19980538 1.0621115 1.03110099 1.48379624
    1.46264768 0.905881524 0.647089601 1.5332998 0.692811251 0.964635611
    0.947844982 1.29618835 1.3754679 1.17818522 0.965256929 1.22001433
    0.956770122 1.24924529 1.09244049 0.857407331 1.17981708 0.836230993
    1.4921962 0.841932595 1.39528918 1.62487149 1.42838502 1.39378107
    1.38554883 0.977565467 0.755694211 0.859164178 1.28219914
    0.988919199 0.638942063 0.679529727 0.706777096 1.44017541
    0.89877069 1.06586707 0.900735259 1.47623384 1.44814968 0.67101717
    1.10149622 1.21921694 1.45218027 0.836981356 0.769728243 1.10183775
    0.778076589 0.962636292 1.02436161 1.10084438 0.759649873 1.21272266
    1.33345735 1.62655592 1.64889514 1.20146775 1.52660775 1.70197785
    1.45444334 0.954211593 1.61081088 1.427634 1.49509621 1.45271599
    0.751028299 1.28196871 1.36366153 1.20681024 1.35818779 0.697357774
    1.42610514 1.375651 1.46598518 1.33244014 0.919623375 0.637792051
    0.640653253 1.02932191 0.745249093 1.08294511 0.676368654
    0.623096228 0.714253843 0.943469107 0.8251459 0.949230731
    0.733606815 1.38839161 1.37802362 1.40057456 1.13220847 1.43172336
    1.18867385 0.733234584 1.43137848 1.27552116 1.47966695 1.2791388
    0.719487667 1.24212646 1.08254242 0.926939189 0.68120867 0.653683245
    1.48367012 0.890390277 0.927383184 1.42026269 0.655189872 1.20385706
    1.25915539 0.861278951 1.43139338 1.38893449 0.755529165 1.13398695
    1.25113475 1.06452 1.59422934 1.00625563 0.789295912 1.06673932
    1.51694477 1.35474527 0.685179651 1.53997087 1.24598134 0.663217902
    0.812502325 0.843941569 0.756519258 1.43506265 1.28240561
    0.685408056 1.02695179 0.814089954 1.17725635 1.05538428 1.67119479
    1.62052238 1.04427361 1.42341971 1.0029664 1.07016397 1.36627638
    1.22227538 1.3516624 1.40942299 1.52935565 0.660162628 1.13289475
    1.24578762 1.6123718 1.35004735 1.23533964 1.56661522 0.664637208
    1.48102212 1.5204103 1.43413591 1.08784568 1.00458992 1.08305681
    1.03050649 0.947052002 0.751615047 1.40239871 0.933855891 1.02290022
    1.22051036 1.04896355 0.940046549 0.897817612 0.770251095 1.26330841
    1.31483185 1.35087955 0.966227829 1.58241796 1.11405897 1.31081831
    0.887160063 1.28664935 0.89332968 0.791176915 1.60832965 0.630658388
    1.50007987 1.16973364 0.984892368 0.940660775 1.05629659 1.47440469
    1.092659 1.36572015 0.756152332 0.707003295 0.877411306 0.874413967
    0.382972002 0.376246035 0.488958597 1.30238748 1.00197589 1.06046498
    1.12789464 1.2641803 1.46823013 1.22130644 1.59921277 1.08946896
    1.69495273 0.987052202 1.60019624 1.62219 0.72344327 1.03207648
    0.845661104 1.58707464 1.39199424 1.65969241 0.845876455 1.21588945
    0.994071543 1.59624577 1.61566043 0.815838277 0.921511889
    0.839299619 0.850064456 0.7537328 0.769747674 1.41494966 1.6098007
    1.28093827 0.804598868 1.34995258 1.25828719 1.49801767 1.39338326
    1.29902601 1.3208977 0.827105701 0.999456108 1.08985627 1.30075705
    0.699115098 0.945854068 1.22628641 0.835543275 1.42740083
    0.973285437 0.906305313 0.687820852 1.54077864 1.39720166 1.13668704
    1.51084292 1.34661186 1.17117345 0.988661051 1.24368453 1.58938742
    0.885873735 0.643092513 0.61853826 1.56174088 1.27029681 0.927315593
    0.996444404 1.1610899 1.29200447 1.42250621 1.52404249 1.39536512
    1.01097631 1.31774616 1.37675321 1.3738867 1.08594728 0.971709132
    1.22759092 0.758118153 1.35172737 0.773698032 0.865938365 1.03308332
    0.731033742 1.33301806 0.745550632 0.745382845 0.923546791
    1.36994791 0.674502969 0.889871955 0.665223897 1.55539834 1.29454267
    1.13408017 1.41384828 1.62908745 0.880154788 1.29391801 1.64748538
    1.50470829 0.916265726 0.95237571 1.10545588 0.896169126 0.828912377
    1.56006646 1.07795703 1.42526782 1.11030185 1.70354271 0.701767802
    1.65998745 1.62973118 1.53682888 0.714755774 0.680336833 1.51513839
    1.29585934 0.625170708 1.15394902 1.23600519 1.52636003 1.14712226
    0.844212413 0.701995909 1.24216592 0.74143368 0.576035798
    0.974215388 1.13015568 0.736782908 1.05535269 0.920984268
    0.826675713 1.13953793 0.999494195 0.780493975 0.823240936
    1.37269521 0.854816973 0.703093648 1.36375272 0.85598433 1.01394343
    1.58267033 1.24910665 0.859034419 0.838891804 1.1150701 1.08646262
    1.44020665 1.12354076 1.05831921 0.694590867 0.620852411 0.983968735
    1.5056411 1.01162589 1.11453283 0.676942289 0.94069314 1.36330485
    1.31753337 1.20850027 1.2102102 1.02202046 1.22579443 1.18394232
    0.69296056 0.912558556 0.938915968 1.64662302 0.811402202 1.42104828
    1.33280575 0.680916429 0.926172495 1.10695207 0.684854209
    0.827763736 1.20611334 1.08751178 0.771941185 0.726843894 1.50722551
    1.37146783 1.57819629 0.919751585 0.952388585 0.894543588 1.66968465
    0.778211832 0.886333287 1.48630536 1.11028838 0.910646737
    0.778901517 1.17423487 0.718411505 1.07313979 0.975967109 1.59060669
    0.951161146 0.976411164 1.51566291 1.14268243 0.836863995 1.58182442
    0.916708589 0.724517047 1.29698586 1.59902561 1.04470134 1.54152024
    1.51467919 0.914571643 1.49462521 1.39461136 1.49423766 1.42068386
    0.754667461 1.4208113 0.656210721 0.988385201 1.182078 1.11492789
    1.2260673 1.34386539 1.01646936 1.56719816 1.56859577 0.852768838
    0.928057849 1.2323184 0.98597163 1.53212678 1.28221273 0.99499625
    0.740260065 1.34239292 0.831439078 0.705219626 0.724441409
    0.84902674 1.52325773 1.49867952 0.761401772 1.00300455 1.11365974
    1.23471415 1.22888768 0.807744741 0.882687032 0.93377012 0.755055904
    0.998452783 1.04399145 1.56493068 1.35876679 0.727222025 1.5865742
    0.823340416 1.44433248 1.51155305 1.03861094 1.66850162 1.24482453
    1.5440588 0.829775512 1.56773365 1.66866326 1.33498836 1.08472991
    0.98000294 1.50262153 1.60025108 0.981815875 1.14124262 1.23535538
    0.813887835 1.30957186 1.62704456 1.54828191 1.12450254 1.11077917
    1.39882803 1.3103801 1.59708321 1.23600161 1.52803624 1.18706489
    0.895403743 0.896364689 1.10825968 1.39083743 1.59228289 1.17472994
    0.942907453 1.44276881 1.24076724 1.50482166 1.33759499 1.12526417
    0.912801445 0.886110306 0.663604915 1.09286737 0.828648627
    1.08238101 1.08526397 1.23371446 1.59285605 0.929646492 0.70767653
    0.921254873 1.02830863 0.989737034 1.3486768 0.703794301 0.949152172
    1.01358533 0.748924196 1.45117176 1.47993493 1.32405889 1.3438518
    0.876544952 1.30906808 0.707619309 1.5808413 1.096856 1.03466964
    1.39136696 0.746057272 1.48732829 1.52088606 0.996270299 0.815531731
    1.31933868 1.0663681 0.888626575 1.62065327 0.704455018 1.23314691
    1.34020519 0.79857868 1.59328532 1.12857127 0.712241054 1.04368758
    1.63762558 0.686093688 1.59945178 1.27783489 1.1854744 1.00520873
    1.51235449 1.01320684 1.45451343 0.992693961 1.48895109 0.797690034
    0.921916783 0.714494586 1.08862901 1.15311396 1.02511108 1.06247783
    1.09511852 1.02862966 1.13437927 1.32732511 1.18854046 0.793311954
    0.979076266 1.0306685 1.59702587 0.989073634 0.916800499 1.18829644
    1.30892611 0.965197146 0.801194847 1.14087772 0.849703372
    0.746903419 0.73169589 0.698502243 0.834157526 1.55698466
    0.964312911 1.63766742 0.915799201 1.28963792 1.50127423 0.870011628
    1.66933298 1.32509172 1.53496993 0.881933153 1.02225363 1.39488232
    1.20686638 0.792290688 1.2949971 0.756963253 0.726313055 1.4171108
    0.839154422 1.49862087 0.897396743 0.781426728 1.59449756
    0.764909148 0.885703325 1.11421812 1.27110159 1.49138319 1.2038101
    1.00724769 1.13377059 0.682844877 1.07084942 0.832790732 1.59806108
    1.26174104 1.23105657 0.990801334 0.67079109 1.24452245 1.33576643
    1.56974828 0.73448509 1.29988313 1.26691782 1.55834889 0.958614588
    1.32467914 1.03102136 0.642358601 0.833777487 0.827902019 1.63958621
    1.29980934 1.11758113 0.981425941 1.01201177 1.67465985 1.45179141
    1.54175925 0.709966004 1.45426846 1.01919866 0.961386561 0.818522811
    0.665975094 1.29534268 1.56512558 0.836173654 0.798248768 1.25354302
    0.717576504 1.16428137 1.35489345 1.24354112 0.985905647 1.40396106
    1.60231578 1.2694602 1.05432856 1.32873094 1.6205014 0.671005547
    1.34763181 0.667862236 0.980334282 0.77044338 1.05345273 1.42131913
    1.30290639 1.03708708 1.29708827 1.32001472 1.44544172 0.782185614
    1.41369295 1.14158487 1.3151778 1.45115161 1.5985502 1.42450058
    1.33189523 1.08713424 1.15706158 0.92679894 1.34605777 0.995612323
    0.821662664 0.903232694 1.02021229 1.50734353 1.47472382 0.791521072
    0.649383664 1.34803641 1.20472622 0.800791323 0.655892134 0.63961941
    1.28818655 0.669035554 0.740916908 1.18048882 1.25293946 0.696816444
    1.19126713 1.23701227 1.04477108 0.923750877 0.761897922 0.942843139
    1.2351321 1.53514874 0.795454502 1.38966203 1.11322987 0.890691996
    0.808910251 1.42865586 1.38181496 0.879199743 1.22780132 0.742880046
    1.11577141 1.19229865 1.27998722 1.0698663 1.35165679 1.34548914
    1.44814205 1.04030502 0.892604768 0.826445043 1.27648723 0.800353646
    0.746145189 1.61316514 0.854840636 0.752182245 1.19329119 1.29955673
    1.62031019 0.787130952 1.19942975 1.33181989 1.34492016 0.650197923
    1.03858471 0.687330842 1.16182005 0.935099244 1.17908919 0.997039318
    0.700181425 1.13740158 1.54095769 0.863582611 0.793239355 1.01563859
    0.720422566 1.50612509 1.31461632 1.34691525 1.08871007 1.29479194
    1.43163645 1.10773039 1.03760326 1.39486122 1.00479758 1.39978325
    1.04231286 1.31536067 0.910865128 0.839863837 0.817274749 1.50157869
    0.659775317 1.20978189 0.816465437 0.794488907 1.45939231
    0.715809822 1.56021583 1.29430127 1.16930449 1.64814329 0.798669994
    1.23575544 1.02548742 1.33075941 0.859497607 1.23591399 1.28236699
    1.21539462 1.6551466 1.3822962 1.5510509 1.62384367 1.36176562
    0.744769871 1.5324434 1.191239 1.50773919 1.16664183 1.59234285
    0.680325806 0.899833798 1.10508049 1.12712848 1.28414845 1.50717032
    1.27456069 1.50576448 1.13789332 1.29287004 1.328812 0.940178394
    1.62142444 0.871879697 0.882174194 1.31784272 1.38550162 1.12722218
    1.43585956 1.29981756 0.858357728 1.02284944 1.36168063 0.624878645
    0.753888369 1.25594437 0.685718536 1.18905187 0.803045213 1.58062971
    1.5709548 1.58448553 1.2327615 0.758211672 0.942614675 0.798664927
    1.06541204 1.0880599 1.37389386 1.6093173 1.17497003 1.25623393
    1.00731242 1.54947567 1.32896769 1.16660929 0.693986416 0.882884443
    1.27600598 0.835473776 1.24849379 0.853791893 1.15193272 1.22891438
    1.39821661 1.55252922 1.55755281 1.26496208 0.85303241 1.55408466
    1.06267166 1.55623055 1.19181633 0.787291348 1.60617244 0.966899693
    1.40627158 1.56366897 0.771130919 0.731503546 1.63370204 0.626569986
    1.32725143 1.5658319 1.42765009 1.06360269 1.17614555 0.991261661
    1.33280885 1.36718822 0.846966743 1.11711359 1.2441442 1.3384248
    0.709017038 1.04617381 1.57929158 1.0718056 1.60698509 1.0689162
    0.988178968 1.51469696 1.02968788 0.742140353 0.763210535
    0.970586538 1.15568423 0.720354736 1.46653235 1.24540603 1.44927227
    1.55996764 1.10009778 1.66508543 0.721531451 0.733661175 1.25670946
    1.2421025 1.25803995 0.742835283 0.87893635 0.869296849 1.26673758
    0.853023946 1.38291192 0.767976046 1.4593569 1.55545425 0.654221952
    0.989911795 0.945793509 1.60020339 0.692914844 0.715069294
    1.57159746 1.4753803 1.40724933 1.6705904 0.695216238 1.29635358
    1.21857476 1.18009281 1.52812326 0.969148874 1.1199131 1.14209843
    1.58318901 1.05620694 0.657014012 1.35995293 1.10255384 1.02590847
    0.612439334 0.867500305 0.731131315 0.603646517 0.411030084
    1.01587176 0.743947446 0.941379905 0.645887136 0.98352921 1.14259458
    1.49067867 1.19878006 1.45709693 0.965266824 1.2952342 1.69048917
    1.18698144 1.55833781 0.763241649 1.50474083 1.58055198 1.38404465
    1.33846116 1.57898629 1.49988556 1.28542805 0.841503203 1.52929461
    1.15166533 1.05950022 0.926412582 0.769527614 0.676037133 1.57730377
    1.57367015 1.06889188 1.29519141 0.754765868 1.64922452 0.975586712
    1.60827351 1.46690416 0.983684838 0.968050718 0.851067841 1.13084161
    0.937071562 1.35310709 0.948352456 1.15610468 1.23832476 0.815004826
    1.49367797 0.72428149 1.4563539 0.713879824 0.697835982 0.778210163
    1.59283769 0.902624965 1.12534261 1.42153239 1.18651056 1.54014826
    1.00963402 0.808049202 0.675005198 1.28963602 1.38151824 1.00440991
    1.57355464 1.12692213 0.70739764 1.51221859 1.60552967 0.959172666
    1.36191511 1.35490048 1.03104603 0.70026648 0.857731581 0.754879296
    1.13532865 1.01228499 1.2039001 0.847409427 1.16871476 1.65338027
    1.48656929 0.979410529 1.55245507 1.02203107 1.43838203 1.48737025
    1.12831998 1.6313808 0.740600228 1.38548064 1.60588372 0.724754035
    1.13230181 1.22619843 1.58283472 0.99733758 1.66722465 1.32183659
    1.12475622 1.24163592 1.63057995 0.745556474 0.77461797 0.772256792
    0.695605338 0.723028839 1.00977802 1.01109135 0.716813028 1.35818052
    0.934123635 1.48979938 1.30846143 1.12646174 1.63791466 1.47037089
    1.287763 0.964813173 1.27390015 0.79393208 1.15675879 1.484411
    0.973267615 0.707068563 1.04814935 0.974635482 0.868948042
    0.864896834 0.658066273 1.27248454 0.900915742 0.8198542 1.42409337
    1.18298841 0.881707311 0.724555135 1.0370518 0.953436255 0.925420046
    0.997497141 1.66894877 1.54056191 1.34951091 1.61734462 1.5219487
    0.98657316 0.896707535 1.65136111 0.709931433 0.71949333 1.13064349
    1.3859427 0.894934297 1.18159962 0.674415827 0.694117963 0.742546856
    1.32968962 0.934942544 0.688380063 1.33346581 1.4293673 0.715547204
    1.44838083 1.01350129 0.933688402 0.968404531 1.31879234 0.89412415
    1.32862914 0.75067991 1.09487629 1.27653146 1.15943551 0.768482625
    1.10677552 1.34870064 0.899449468 1.00323153 0.955574989 1.49292016
    1.19846189 1.5333612 0.763086319 0.996449232 1.39893973 1.31351554
    1.62850916 1.16341352 1.16393876 0.857491136 1.09050333 0.701432109
    1.10114348 0.954176664 1.00688136 0.629367113 1.35917175 1.42191017
    0.709723115 1.56338298 1.15121615 1.60802424 1.64421844 0.826184928
    1.39211476 1.25556111 1.29188526 0.913081765 0.883747816 1.67268443
    0.758208156 1.24780464 0.766108632 1.52536356 0.719212472 1.57692444
    1.48861384 1.42562199 1.06813049 1.39535522 1.12856424 1.04570758
    1.04529965 1.26789284 0.842109621 1.05270779 1.13570476 0.905509412
    1.20319557 0.815504134 1.27218163 1.04707325 1.17142558 0.738297045
    1.03111637 1.26987994 0.996222496 0.722050488 1.13644135 0.885723591
    1.49356198 1.62104857 1.39118779 0.737986565 1.26244318 0.827689409
    1.2101115 0.630912483 1.11076248 0.606295943 1.05240023 0.901596785
    1.06285357 0.993738532 1.36310375 1.22524381 0.832773149 1.04220521
    1.20109391 0.978948176 1.0461756 0.962515771 1.28569031 0.879124403
    0.842452168 1.04070044 1.16026866 0.76794827 1.51326704 1.20812452
    0.837808847 0.897707999 1.37062323 1.38339877 1.5414052 0.76507473
    0.984985352 1.10909629 1.14532173 0.844233036 0.793374896 1.58934391
    1.01485455 1.31318045 0.76827991 1.21199977 1.25293231 1.54131937
    0.844014466 1.61702681 0.989043891 0.769680202 1.25826085
    0.929296613 1.29258704 1.44963515 1.60078979 0.953575075 0.959171176
    1.2326206 1.01704204 0.788036227 1.20115054 0.655694306 1.01556778
    0.871934652 1.25115085 1.37524688 1.19695532 0.944391549 1.55241418
    1.02823353 1.02740955 0.733060002 1.24698341 1.58351982 0.653306544
    1.48012388 0.977973878 1.32382095 1.35799587 1.20237553 1.00438023
    1.3441627 0.972664416 0.996053755 1.00742686 1.3431946 1.15477002
    1.26475775 1.6232748 0.782959342 1.33545578 1.39309716 1.12742114
    0.984856248 1.62501669 1.35674071 1.48540819 1.64323139 1.01864755
    0.917616904 0.898337483 1.15350258 1.34241259 1.4670341 1.536816
    1.47450638 1.32848382 0.926767945 1.18597507 1.6496799 0.694132507
    0.878862143 1.17272413 1.40655661 1.32876694 1.44195044 0.834647238
    1.36941707 1.21553373 1.20445073 1.33855021 1.43569076 1.61948252
    0.981215596 1.57653749 1.29583836 1.66865921 1.53617156 1.26537812
    0.942278028 0.81338948 1.23758984 1.60432279 0.990779161 1.63325882
    0.720349729 0.72042954 0.708246052 0.764911115 1.51385093
    0.809354305 1.34455395 0.612359285 1.29964995 1.01075959 0.936812818
    0.766915619 0.585640192 1.33413589 1.10458267 1.15596986 1.02483368
    1.18910134 1.59333265 1.37608945 1.18175566 1.40306354 0.944335818
    1.35062492 1.53826082 0.864762187 1.59477246 1.17740297 1.05803061
    1.23390532 0.679346144 0.835076809 1.28632951 1.36449039 1.33965278
    1.17752028 1.04956579 0.860427022 1.12342572 1.60766721 0.893303573
    1.30023348 0.693586111 1.34175587 1.44167924 0.944702089 0.750502586
    0.816575348 1.47677433 1.06679296 0.770824909 0.860041857
    0.985793948 1.41314793 0.855360925 0.934309363 1.58192146 1.46803093
    0.692836285 0.650655866 1.32436526 1.53793788 1.09953296 1.61105847
    0.903930247 1.62963295 1.50026107 1.42534983 1.40657854 1.22225451
    1.52058256 1.39840639 1.20054066 0.967358351 1.01360428 1.06554091
    0.747313082 1.50683486 0.708930612 0.946533024 1.10278296 1.45839202
    0.88085711 1.28801262 0.932303131 1.07301784 0.992276967 1.09132254
    1.40371573 1.346277 1.53720498 1.22261691 1.52431095 1.07341027
    0.911821067 0.856809676 1.51304364 1.52115786 0.631736279
    0.909102559 1.46351719 1.57926774 1.56750011 1.48523808 0.957380414
    1.13632762 0.984721839 1.57083189 1.51826739 1.49236131 1.03277707
    0.746975482 1.38062096 0.785999894 1.3495307 1.33054805 1.40071738
    0.992708683 1.24779046 1.17849958 0.751445711 1.20179582 0.885787249
    1.4260217 1.15156388 1.19537055 1.36015928 0.672255695 0.672631145
    0.918424785 0.69189322 1.32047653 1.46949708 0.725214541 0.785034418
    1.20424414 1.6286906 1.02970374 0.996477962 1.57061028 1.63078773
    1.49590826 1.52683723 1.58227348 1.18807232 1.21282971 1.57767582
    0.990023673 0.870682895 0.706276 0.767567396 1.03844428 1.18830955
    1.03151047 1.47774649 1.36989152 1.43823791 1.34794366 1.28333533
    0.981339693 1.6501298 1.25625575 1.50088143 0.725966811 0.981161594
    1.55754018 0.801882744 1.01977551 0.683361709 1.32291424 1.28352976
    0.753163636 0.99210614 0.625234544 1.38184381 1.00436938 1.34718478
    0.698898017 1.24834418 1.43676484 0.676302612 1.34435606 1.19076478
    1.0699966 1.20851183 1.07101655 1.16282332 1.34036171 1.30248415
    0.74032402 1.11948597 1.40737724 1.31223238 1.03819907 0.66828692
    1.10772347 0.914369464 1.3052628 1.25351775 1.14167893 0.725556612
    0.976582468 1.54634202 1.4350096 1.01240218 1.37729001 0.779796839
    1.33892977 0.738714039 1.46900332 1.42271852 1.60427916 1.0891844
    1.25544798 1.20661175 0.822023749 0.948485553 1.58842921 1.05318451
    1.22321784 1.33000088 1.61368382 1.26496053 0.698248267 0.891803622
    0.788115919 0.743228436 1.34045446 1.05471849 1.09858513 0.800479591
    0.935974777 0.870497882 0.984148502 1.41114867 1.43956399
    0.744999409 0.93081069 0.727736413 0.723248482 1.5187701 0.923193157
    1.13626909 0.748454571 1.5139401 0.965081751 1.07121158 1.48962367
    1.35304248 1.22291434 1.47456932 1.57905006 1.22224593 1.25639653
    1.51433885 1.11570883 0.775028169 0.81679219 0.604659975 1.37681735
    1.26369429 0.849198639 1.38954008 0.615440011 1.44609678 0.836752415
    1.03939712 0.912391722 1.01301897 0.662058771 0.969312668 1.32183516
    0.714555264 1.05101395 1.48234797 1.64556563 0.893944442 1.32715285
    1.01983106 1.63787818 0.973756254 1.58921838 1.19293785 1.58193517
    1.56427872 1.14653075 1.10071492 1.4016341 1.06495667 1.34318304
    1.60127616 1.0868988 1.0114969 0.887504518 1.54103708 1.0604918
    1.60201776 0.750521004 1.17364645 1.56011188 1.42326784 0.720122039
    1.29876935 1.65716028 1.38228762 1.54970312 1.63708305 1.15890038
    1.29838693 1.12431395 1.37856078 1.41280305 1.38042414 1.32983887
    1.04462373 0.707326651 1.42519748 0.926423132 1.43961108 1.13399553
    1.48551524 0.722575068 1.05170131 0.90560782 1.23613214 1.61905801
    1.16761875 1.12073302 0.670967817 0.621400237 1.21419203 1.56545687
    1.11254013 0.786829948 1.15509748 1.57209253 0.760364652 1.44092381
    0.740734339 1.43257356 1.18229282 1.46238649 1.33439577 0.880803525
    0.965955555 1.48573434 1.52006626 1.04600787 1.4321717 1.65428543
    0.697487414 1.1509769 0.920276999 1.37507021 0.908357501 0.797764599
    0.71264267 0.85172385 0.902496696 0.691593111 0.821380615
    0.804763734 1.61491299 1.54103982 1.51409924 0.736349463 1.0815928
    0.764579833 1.56903684 1.41918385 0.898313224 1.32401192 1.07793832
    0.795326114 1.0220567 1.13970077 1.31994927 0.938892066 1.22705781
    1.64791608 1.40506423 1.47788382 1.33654165 1.46314025 0.836035013
    0.932553947 1.33914995 1.30339134 1.11661065 0.776907027 1.36473954
    1.34555376 1.2170099 1.18163061 1.588377 1.20632732 0.718227983
    1.1870414 1.34229195 1.54260981 1.34960735 1.05444443 1.27742362
    1.48845088 1.33425164 0.875038445 0.85625428 1.01683438 1.21405077
    0.82032454 0.636807799 1.53433573 1.1189115 0.900280535 1.59378183
    0.81596607 1.56968033 1.41277587 0.842689514 0.92988199 1.30472815
    1.06108189 0.90457952 1.08245695 0.767859399 1.48663664 0.938511252
    1.56514966 0.750346422 1.26637459 0.866922557 0.615855932
    0.642942667 1.00555146 1.1927737 0.875589073 1.197119 0.846620798
    1.50076461 0.917131364 1.53613162 1.13811266 0.724962413 1.02166903
    1.43696439 1.60935163 1.54160404 0.977838218 0.983824313 1.08815408
    1.45352423 1.04620016 1.4825083 1.485834 0.876137793 1.2328434
    1.14545727 1.18401515 1.27315545 0.768277764 1.51536751 0.689413965
    1.39292383 0.82104373 0.933750272 1.16059649 0.694717884 1.22294402
    1.6401993 1.69245923 1.13140237 1.03747785 1.57919335 1.30663991
    1.28910017 0.795413375 0.688961089 1.57133162 1.64184189 1.22107863
    1.57330608 0.898233414 0.78611964 1.48182535 1.14534175 1.08128941
    1.61378062 1.2254746 1.44505513 1.34684169 0.871978283 1.12378001
    1.50371885 0.935086787 0.915424049 1.56488252 1.55269516 1.10303319
    1.33781505 1.43259871 0.695624173 0.720295668 1.489712 0.993704259
    1.55860507 1.18568957 1.23183155 0.890891194 1.42803526 1.13417888
    1.55880201 0.742545843 1.46682405 1.51716149 1.02637887 1.39299464
    1.38299906 1.35514009 0.781836331 0.982644618 0.854800582 1.49967837
    1.52393913 1.44741428 0.63243854 1.13855422 1.12521446 0.718612731
    1.55626273 1.13477278 1.0575434 1.42953587 1.20567286 0.853260398
    1.64167595 1.68024039 0.839402735 0.891839981 1.56227732 0.680250108
    0.718118668 1.18355298 1.4651165 1.14570951 0.685619056 0.825802684
    0.850760162 0.91628623 1.6656487 0.815412641 1.38902473 1.45488524
    0.842951775 0.918143213 1.010414 1.40316582 0.818852723 1.58788073
    1.26780164 0.902418494 1.36647916 0.846804917 1.57079244 1.18727589
    0.89710021 1.39873755 0.828631103 0.776206493 1.37917137 0.992723286
    0.974314988 1.45605123 1.05814898 0.848517656 1.58768034 0.956338823
    1.37576365 0.74908787 1.44271708 1.38750899 1.36087799 1.40316367
    1.35564721 1.05955577 1.0741446 0.954436719 1.27440083 0.808152854
    1.01462519 0.767902553 1.45393705 1.20516121 0.729967058 1.41831243
    1.00948346 0.901501 0.903986633 1.57801068 1.19289696 1.08013535
    1.22448683 0.654442847 1.342641 1.33379304 0.709040582 0.775649309
    0.919457674 1.47654593 1.00654221 0.664203405 1.35397673 1.4661082
    1.30918252 1.13323462 1.3342309 1.29780471 1.23683143 1.58709514
    1.35987735 1.14441013 1.29131556 1.44990587 1.2569623 1.15818572
    1.43778348 0.736754179 1.00584078 1.10126638 1.0540061 1.55205786
    1.04362571 0.662722826 0.959444642 1.34386146 1.37508547 1.12156975
    1.58743191 0.678691447 0.88995254 0.952689946 0.715834379 1.32629859
    0.970462263 1.30941701 1.00044763 1.4251709 1.26183283 1.05209947
    1.26699841 1.56027877 1.39374006 1.50652635 1.0090915 1.34820724
    1.09544551 1.20294571 1.32793486 1.10505927 1.05736637 0.771241307
    1.19174719 1.37081075 0.670876205 0.85066849 1.11102378 0.683186114
    1.17925227 0.6902982 0.759953737 1.22287405 1.568627 0.811688364
    1.21840775 1.10416293 1.53175211 1.38722384 1.17075014 1.27198017
    0.938055098 1.57289064 0.804186583 0.862833321 1.37779963 1.32508075
    0.6832093 0.990139663 1.45205045 0.57515955 1.19590259 1.48669052
    0.793601096 1.2835989 1.23290324 1.16520619 1.01617742 0.731617272
    0.843881309 1.57025182 0.893631518 1.24485505 1.64946806 1.08072984
    1.5336988 1.55746055 1.27854192 0.754696369 1.09644198 1.43326139
    1.46105289 1.03443658 1.44251955 1.11268127 0.7641868 1.12889028
    1.14134574 1.41643143 1.31549084 0.838656306 0.699301541 1.05025303
    1.60826886 1.35692525 0.766855419 1.18585348 1.38996267 1.57245636
    1.00055122 1.05596566 0.969162643 1.05126023 1.31583762 0.789192557
    1.24570358 1.0065167 1.61743939 1.2943449 1.3451761 1.09918249
    1.48035645 0.903906405 1.0123148 0.966352642 1.02477455 1.5229907
    1.40641868 1.58777058 1.06433821 0.939375877 1.64265728 1.05694234
    0.750588596 0.951121628 1.5573535 1.51436448 1.34504414 1.2124213
    1.48557734 0.882493675 1.56070173 1.57857311 1.17195296 1.33766985
    1.36887538 1.42778111 1.38463259 0.731717169 0.688822448 0.939517498
    1.02794147 1.08185232 1.19485331 1.41908288 0.649630964 1.24241173
    1.33528745 0.60046792 0.888537288 0.944943547 1.09878325 1.36343753
    1.01094437 0.874933243 1.2688843 1.56264019 1.02776504 1.47905231
    1.366961 1.17112339 0.760790825 0.942318022 1.09769595 1.34578395
    1.68528605 1.44083476 1.36906433 0.848292589 1.64293313 1.46976745
    1.5838989 1.33775496 1.11808145 1.32254052 1.04858446 1.52923334
    0.920739532 1.5674094 1.5893867 1.1337117 1.06908476 1.6932745
    1.36655128 0.874408305 1.70639026 1.51899898 1.20231271 0.731486797
    1.50833797 0.980272889 1.5215174 0.933770657 0.748730719 0.962305605
    1.18506646 1.30189133 1.13149917 1.29778326 1.1983186 0.764240921
    1.14029789 1.05196559 0.957909763 1.20244431 1.19799137 0.962025344
    0.806823254 1.24792576 1.25184178 1.10615814 1.36507547 1.26840138
    0.934000552 0.889155984 0.854994774 1.17663777 0.93239373
    0.983670413 0.766222119 0.937699616 0.953294396 1.6813724
    0.724494636 0.916985691 0.942989826 1.12515974 1.50587475 1.60596991
    0.882195055 0.907544971 1.38490558 1.25251281 1.53245008 0.887981415
    0.705640018 1.5813756 1.0523994 1.63154268 0.732646108 1.29281211
    1.43834674 1.12533259 1.39717019 1.1524384 1.5096525 1.17909884
    1.0511353 1.34259665 1.52466667 0.711894095 1.1722635 1.54343557
    1.54132044 0.981212258 0.823648095 1.02379894 1.30657315 0.773006439
    1.37275267 1.16846931 0.802994788 1.11929727 1.16216683 1.32068491
    1.41032231 0.789038718 0.987172306 1.079216 0.61306107 1.28422236
    1.38708246 1.36849356 0.923026025 1.16532683 1.16377342 1.72980309
    1.4857465 1.33902645 0.896812499 1.3693186 1.30582714 1.34501588
    0.819346011 1.26289487 0.686344326 1.60630846 1.64199007 0.750278771
    1.15754509 1.23958874 0.846443474 0.610204875 1.45068645 0.92235899
    1.321661 1.29358923 1.27745485 1.66641974 1.13619137 1.64687324
    0.977738798 1.44409966 1.26359916 1.0376389 1.35239244 1.35362053
    1.62364817 1.61517847 1.3580209 0.780423939 0.94448179 1.18968403
    0.700193286 0.66421771 0.704263568 1.06942165 1.23722112 1.14487648
    0.611929238 1.26010752 1.54305065 1.48278713 0.816215694 1.59508073
    0.868362725 1.47825575 1.21297443 1.06549215 1.18504333 1.02252746
    0.744513214 1.10143816 1.69087017 0.805086732 1.52055466 1.06603515
    1.03185773 1.05589569 1.58965802 1.12821615 1.21223843 1.53736234
    1.41822612 1.12010169 1.48300505 0.851368845 1.47502029 0.994864941
    0.879456878 1.16621685 1.55480897 1.19064271 0.821465254 1.67301857
    1.55764115 0.857499838 1.15117192 0.844783783 0.882493854
    0.740706265 0.737023413 0.996574283 1.30739784 1.54484296 1.37665606
    1.58648145 1.45083451 1.49614525 1.50454354 1.03106797 1.29940033
    1.30078065 1.03205419 1.34670591 1.49651575 1.19286096 0.784813643
    1.04910529 1.66797125 1.47508752 1.23789775 0.703346491 1.14898825
    1.65453959 0.802175999 1.23543322 0.83784157 1.29624486 1.37694013
    1.51568282 1.11812758 0.973510921 0.875065744 1.1952163 1.57316172
    0.872864425 0.843323231 0.979701281 0.788664579 1.45368457
    0.982603252 1.44124532 0.691236854 1.29198265 0.861384332
    0.806001484 1.23835719 1.19225323 1.10834575 0.706685901 1.61292422
    0.766218305 1.04306674 0.787351787 1.38550973 1.42124414 1.34763551
    1.03947699 0.813985825 1.33151639 1.03653049 1.45501566 0.799584806
    1.11861408 0.778017104 0.917055488 1.43112314 1.39458954 1.55755436
    1.69106126 1.70749664 1.50702953 1.48178387 0.980228603 1.32348871
    1.1859318 1.34620392 1.44383836 0.887296557 0.949411869 1.57744324
    0.790095925 1.47689521 1.45726717 1.24278808 1.50791633 1.24794781
    1.04142642 1.10744679 1.32157362 1.33087182 0.946800649 1.43551278
    0.673874974 1.4658283 1.59474349 1.36512482 1.28529465 0.761114001
    1.50296628 1.55473149 1.56641948 0.840488315 0.768869042 1.0900135
    0.741595745 0.794707119 0.687353313 0.826713741 1.03854907 1.0789361
    0.853783846 0.994045973 1.25706184 1.50295091 1.42672753 0.824271798
    1.3149693 1.62909412 1.21612525 0.678076148 1.54142499 1.43626153
    1.08756888 0.892342865 1.02348721 1.55428421 1.05612445 1.63544214
    1.04577851 0.741586328 1.3448745 1.07390058 1.23843181 1.41934633
    0.71186167 1.57869232 0.695067763 0.884897649 1.05094624 0.752566814
    0.91532892 1.49187577 0.769053698 1.39806139 0.772328615 0.863859713
    1.48191941 1.46348763 0.869234562 1.18634152 1.03238797 1.05905318
    0.94030267 1.48068321 0.771376133 1.05672753 0.763952076 1.32036889
    0.697344303 0.841779232 1.45666265 0.957175791 1.02770925 1.38534999
    1.34113204 0.730619788 1.37719762 0.942143381 0.707789719 1.53901756
    1.74075437 1.673581 1.27180314 1.33795226 1.2482717 0.868564963
    1.29315078 0.866086483 1.09337509 0.911838353 0.727440059
    0.829911888 0.796337664 0.894922018 1.51556039 1.32560515
    0.716445684 1.29709685 1.28625023 1.29889333 0.910419703 1.17623043
    1.04239047 1.07475042 0.773409903 0.856839478 1.31625473 1.3151952
    1.49426222 1.33662653 1.0113138 1.50814962 1.39077103 1.44414949
    0.964153171 1.03573799 1.28229308 0.733534098 0.735516548
    0.750091016 0.777425885 1.34014881 0.906939149 0.807355821
    0.747702777 0.631813407 1.39575946 0.926524758 1.10727024 1.04712772
    1.29428542 1.64295387 1.69345999 1.54416978 1.08023131 1.42760968
    1.66082954 1.69954586 0.880476713 1.57103097 1.05972624 1.49119449
    1.20080233 1.38211501 1.08504653 0.847322106 1.6294713 0.950522482
    0.942914784 0.730154574 1.30973542 1.50610018 1.33381665 0.967722893
    1.35066664 1.32738674 0.929814517 1.18658471 1.5425185 0.983644724
    0.757275283 1.49297202 1.48416913 0.9768489 1.23252571 1.17382741
    1.10340369 0.704948545 1.51905513 1.51902819 1.38174605 0.852854371
    1.27754617 1.29642165 1.20586193 1.54284763 1.34742224 1.01604354
    1.37596011 1.52368474 0.736657321 0.859813571 1.1257323 1.19923937
    1.56756568 1.01225209 0.697037399 1.36704409 1.48517656 0.786484301
    0.866308928 1.3589313 0.842956483 0.708333254 1.09931397 0.847498298
    0.701154351 1.5544821 0.815490663 0.738977075 1.38955939 1.47876751
    1.4682157 0.734009147 1.00534594 0.753312886 1.40542972 1.594841
    0.607363403 0.715484142 0.623121738 0.787949324 0.635411382
    0.911176503 0.792789042 1.58748066 1.55842304 1.14147604 1.31950867
    1.31829548 1.55382299 1.53696954 0.975122869 1.59772515 1.49501777
    0.738106906 1.15614593 1.56034148 1.17622697 1.14544654 0.853513062
    0.736988723 1.53263116 1.38366222 1.66005313 1.61846745 1.23776674
    1.17231345 1.37737215 1.66490483 1.67413914 1.04318774 1.20539916
    1.66321719 0.900162697 1.55393541 0.948163927 1.21151567 0.942637146
    1.01533055 1.71635222 0.795755267 1.16921735 1.03205884 1.36278665
    1.21455216 1.11668301 1.37867367 1.20080483 0.675426841 1.36676109
    0.80574286 1.63271511 1.17698193 1.51885474 1.45551503 1.14883983
    1.10833561 0.842424214 1.29168594 0.881754935 1.63477063 1.32843208
    0.731852293 0.969397366 1.53951001 1.44180334 0.950179279 1.09431207
    1.45633411 0.913762569 1.29729342 1.4762795 0.821657002 1.33045983
    0.870083094 1.57555854 0.883962154 1.17700875 0.76531297 1.19607139
    0.918700933 0.741500318 1.24301112 1.4656359 0.810731173 0.903728783
    0.746053219 1.18099594 1.51948225 1.03633547 0.663170755 1.02499759
    1.54832947 0.913040042 0.941618383 1.07889354 0.932921827 1.00930703
    1.53673959 1.64472723 1.32310176 1.28715599 0.792182326 1.56421864
    0.930182576 1.31511509 1.61552894 0.855181813 1.52140629 1.07788253
    1.41878605 1.51258504 1.45605457 1.5430609 1.60203326 1.59121358
    1.10279703 1.30571961 1.38420141 0.664987504 0.737818182 0.850889087
    1.22241902 1.19082367 1.407987 1.65935349 1.7542392 0.910034359
    1.64788938 1.53866339 0.93270272 1.31036592 0.731997669 0.970762134
    1.57039475 1.47401643 0.972208977 1.20406008 0.754482985 1.02608442
    1.1532042 0.63649714 1.14221215 1.40828359 0.862027466 1.23838043
    0.793779194 1.67606521 1.15043676 1.61480761 1.73544514 1.41679537
    0.969918251 1.22868013 1.21270037 1.49090624 1.0836767 0.828906357
    1.2081722 1.0146935 0.939368844 1.02226686 0.588117719 0.576268375
    1.48410189 0.761709154 0.65015167 0.60004741 1.09083951 1.43601298
    1.1955272 0.916736007 1.01399529 0.770787001 1.39904094 1.05823302
    1.42605674 0.997717679 0.770197153 1.1044203 1.54405153 1.54640853
    1.55488718 1.16229439 0.89873451 0.885873497 1.27128327 0.924361765
    1.17817032 0.76200968 0.718983173 1.02571416 1.34634519 1.26658952
    1.21327949 0.789480865 0.994659543 1.25906384 1.43801689 1.54052949
    1.47620702 1.43717587 0.844648063 1.48286152 1.05824745 1.54669368
    0.98389715 1.1530391 1.26318419 0.64604485 1.50912416 1.45758784
    1.36104417 1.33007276 0.758556426 1.00263894 1.22085524 0.790041685
    1.6032784 1.46324909 1.1960212 0.788436949 0.761337817 0.875857532
    1.50142932 1.47078645 1.04433155 1.02560842 0.994059622 1.33085167
    1.4297303 0.814462066 1.37031794 1.55136359 0.84485364 1.18457949
    1.34086835 1.57229054 0.939027131 1.62314332 0.806343317 1.40493631
    1.49407649 1.56455839 0.991556823 1.21284211 1.09733689 0.654284298
    1.29200232 1.29392111 0.800785601 0.889023781 1.4747889 0.91326201
    0.973873675 0.832325578 0.782515049 1.00868797 0.606422842
    1.23182964 1.33880424 1.05104518 0.743964016 0.63803798 0.810371697
    1.60015559 0.682410717 1.004421 0.795858741 1.64161193 0.931022465
    1.55174971 1.60901558 1.07097387 0.890173495 1.06381559 1.17012894
    1.27134454 1.32152176 0.734279633 1.35920763 1.18151009 1.3084619
    1.50364792 0.892957449 1.27170229 0.999432087 0.946807981 1.28045249
    1.38910496 1.23794055 1.63696837 1.21721375 1.59648418 1.45589674
    1.47716618 1.46998394 1.58098173 1.4947809 1.06057322 1.21156681
    1.68849909 1.56921494 1.41476631 1.32248867 1.30250835 1.38656652
    1.07032812 1.38276231 0.873394251 1.17669833 0.886347651 0.757033646
    1.48939657 1.00721192 1.06522286 0.667683601 1.56987119 1.52836478
    1.24868608 1.14694762 1.38858736 1.52907932 1.48931611 0.72355336
    1.10906231 0.859545171 1.64676642 1.2722317 0.93056339 1.49698639
    0.951001704 0.81631428 1.37775052 1.62271678 1.39956582 1.04161334
    1.2308414 0.949802637 0.821694791 0.665779948 1.18160558 1.25987458
    1.176525 1.0908854 1.49259603 0.872076392 0.855144262 1.55597448
    1.51245511 1.42238033 1.29209602 0.680808008 1.48464727 1.28612435
    1.39403045 1.0035733 1.26638663 1.62885106 1.38240302 0.895609319
    0.812622786 1.51005161 0.913181424 0.823446631 1.19078875 1.24544704
    1.43989253 0.822785378 1.47023642 0.659188807 0.690864146
    0.987840652 1.18435001 1.00458479 0.530337214 0.921117842
    0.984018326 1.37387252 1.56065285 1.69739914 1.47454131 0.86598736
    1.63579416 1.6847831 1.41809452 1.31251371 0.881654024 1.69385123
    1.51579201 0.942271709 1.11669314 1.08323312 0.815502405 0.687983036
    1.06184924 0.710034192 1.56481421 0.820799232 1.18422842 0.920367539
    1.54377174 0.775737584 1.60990298 1.26231074 1.66244256 0.925848424
    1.23135066 1.09467196 1.61938405 1.13309896 1.39196241 1.04316044
    0.812362075 0.983842552 0.707621455 0.610892415 0.584841311
    0.644699395 1.31873524 0.690174282 1.30149567 1.12519205 0.641786933
    0.970568001 0.973739505 1.25402212 0.757324576 1.59983671 1.16463244
    1.55150926 1.08088815 1.67274678 1.68715 0.888203382 1.73069596
    1.72311997 1.00807738 1.38994181 0.93352282 0.76659292 1.2588042
    1.65941119 1.3113215 0.892425001 1.08475792 1.35727394 0.762283802
    1.38024747 0.654567659 1.23140693 1.07858646 1.41742706 0.799977899
    1.26169956 1.65490389 0.937227964 1.50282598 1.59282744 0.986713231
    0.780711591 0.901509702 1.59225917 1.10227442 1.28116596 0.95148164
    1.00000417 1.26090562 0.909007549 0.976800323 1.4750098 0.882535756
    1.59132004 1.6148392 1.40408444 1.45267761 1.66115737 1.45089447
    0.935125709 1.49113441 1.25955307 1.67578149 1.63123763 0.711882174
    0.88509196 1.31299448 0.893362105 1.1466049 1.15308583 0.816788256
    0.780886471 1.46294367 1.35227442 0.980651319 1.30388796 0.915362
    1.21248066 1.55658436 1.07545507 1.32518375 0.651160121 0.598485887
    1.10015237 1.17591691 1.16532087 0.678332031 1.59296632 1.31841815
    1.31535995 1.07900786 1.51215124 1.21777117 1.51195812 0.725266874
    0.770069838 1.40139055 1.02615237 0.756477833 1.3634249 0.83865577
    0.659057617 0.701118469 1.41970313 1.21822834 0.926275373 1.26898587
    1.38349235 0.996809244 0.670865536 0.912097573 0.870504022
    1.63575995 0.738556206 0.949987173 1.56915426 1.22302353 1.72169399
    1.47951865 1.27660155 1.70333111 0.866594017 1.23360026 0.893049002
    1.50390315 1.00364125 1.58519292 1.5989176 1.37842631 1.58778989
    1.4689424 1.12745142 0.956813931 0.909931779 1.48919749 1.32979059
    0.721932471 0.940695941 1.01737916 0.877519011 1.19334769 1.00334084
    0.949727833 0.925531805 0.945864916 0.881017506 0.82394743
    1.13964987 0.660500288 0.778437436 0.882324755 1.18399072 1.43450832
    1.41685462 1.58485234 1.01901007 1.44632316 1.39089024 1.15479863
    1.30560315 1.43425357 1.60055459 0.816085935 1.12451398 1.62407327
    1.37160563 1.37578619 1.33964396 1.39270985 1.66975403 0.939042509
    1.53503585 0.916232169 0.969054818 1.00537515 1.24906218 1.39537954
    0.850268781 1.03448737 0.777412355 0.628804088 0.747238994
    0.636436999 1.14223671 1.20894492 1.24862063 1.26431048 0.720011175
    1.04737592 1.46160507 1.359689 1.04477131 1.60483038 1.63987732
    1.0245477 0.718001127 1.15938425 1.04190099 0.740119636 1.12344313
    0.880927861 0.964634299 0.778863311 1.3157084 1.29035282 1.34274244
    1.21718454 0.980174184 1.06565261 0.62129575 0.90940237 0.741530895
    0.88168329 1.36260021 0.653013587 1.23213398 0.955070376 1.38320482
    1.12575996 0.992517352 1.32701743 1.55693233 1.07190108 1.72702599
    1.54353285 1.4245373 1.21010566 1.17316449 0.749576867 1.01099682
    1.33495712 0.854174674 1.61540079 0.721351683 1.25569057 0.903418362
    1.49919677 1.36262929 0.836608112 0.877831399 1.42174649 1.64061296
    1.69156957 1.05691373 1.68815804 0.884325802 0.884446859 1.600685
    1.31024683 0.880721688 1.54553652 1.43046427 1.22933531 1.04801607
    1.03417921 1.58122742 0.943016112 0.798812628 1.19170904 1.20678163
    0.811395884 1.10352147 0.885487497 1.58311403 1.33694732 1.23970473
    0.934730887 1.29134977 1.50720441 1.63882232 1.60167396 1.3192811
    1.35831785 1.36049044 0.774712145 0.805002868 1.53212607 1.50916994
    1.6282388 1.41624188 0.985578895 1.03482449 1.44960499 0.844322562
    1.55575418 1.2721926 0.730518103 1.04985452 1.5499692 0.688028812
    1.62045836 1.56810141 1.61447608 1.26319242 0.656334937 1.10285509
    0.761791468 0.841618776 0.637209177 0.815511405 1.35640693
    0.772146046 1.12230074 1.23398471 0.885848641 1.29208505 0.904548168
    1.41520321 0.983242869 0.718236387 0.815114081 1.57336414
    0.774631262 0.94117552 1.56980884 1.33205676 1.14376414 1.34885967
    1.4527961 1.10414243 1.25425684 0.867017806 0.992708802 0.71319443
    1.18702126 1.32559359 1.05416787 1.58284175 1.01838827 1.04507124
    1.24474859 0.722380221 1.18340254 0.816628873 0.885035872
    0.746031284 0.634362519 1.4729985 1.13581884 0.6909886 1.23709011
    1.05320036 1.17818213 0.816981137 0.953204513 1.43612492 1.13638246
    1.26233852 1.08238983 1.60983944 0.968712449 0.838879824 0.801174641
    1.4461565 1.32024324 1.55448055 1.08740008 0.66836226 0.718889594
    1.37280083 1.46468985 0.943197429 1.00498676 1.55885351 0.816426754
    0.780632734 0.925707936 1.44617748 1.35314822 1.34814656 0.796933234
    0.90776962 1.7442975 1.03305376 1.34060299 1.07601738 0.998574674
    1.68692899 1.65073085 1.22073936 1.3834517 1.3091197 1.03716218
    1.36957741 1.67595327 0.866181314 1.47664285 1.48253286 0.858946443
    1.00892186 0.942216158 1.65306151 1.6029408 1.07773209 1.65155804
    1.53813601 1.31552351 0.779421926 1.02544987 1.23548305 0.938554347
    0.787942708 1.06708884 1.12851524 1.36774516 1.01717484 1.25280213
    1.48044693 0.868302763 1.12354565 1.51304936 1.22393167 1.61998188
    0.703101337 0.641220927 0.985182643 0.984951973 1.17629242
    1.01193929 1.16865182 0.927105963 1.01908183 1.1559962 1.48746324
    1.4381336 1.03616786 1.11526024 1.2968576 1.59588337 1.49550617
    1.43973172 1.63108945 1.29254031 0.699059844 1.24799943 1.14373326
    0.976836801 1.46791005 0.945865095 1.43255544 1.39409995 0.945230186
    0.721791983 1.34060729 1.01023519 0.732599497 0.964776516
    0.995164752 1.35949516 0.807184398 1.0704627 1.09365511 0.784680545
    1.45198321 1.14280725 1.25892711 1.28183687 1.0027616 0.645424426
    0.851198137 1.17052174 0.883478165 0.951197326 1.28977907
    0.631376028 0.921844006 0.774885893 1.21231914 0.582532704
    1.14204204 0.5085513 1.19959235 0.683801174 1.4604342 0.899064541
    0.843909562 1.67572844 0.972519755 1.47737718 0.976454616 1.53545594
    1.55360484 1.05783546 1.43881536 1.03149855 1.10248995 0.825231731
    0.770080924 1.59059334 1.37448311 1.2947154 0.962897301 1.00021136
    1.69096172 1.21587193 0.679664373 1.53145146 1.61236048 1.14850855
    1.23037004 1.45039153 1.20536137 1.70992434 1.08383632 0.892740846
    1.0577147 0.908340573 0.955117583 0.735097587 1.1862607 0.699510336
    1.01005316 1.39084482 1.28915572 1.42463386 1.18464768 0.644789398
    0.940140367 1.42346013 1.63343787 1.53379714 1.05569839 1.01875865
    1.61924362 1.25357831 1.19816613 1.21941602 0.953620911 1.62017047
    1.14147162 1.11854219 1.15691817 0.785293519 1.7064923 1.22983515
    1.61216497 1.60402679 1.31305397 1.52729726 1.15793383 0.90376699
    1.14800763 1.07453895 0.690143347 1.30459988 1.36173427 1.01459014
    0.75218308 0.742502451 1.56389511 1.23609161 0.945997417 1.12037849
    1.1414845 1.08622146 0.65667206 1.062132 1.39239419 0.660108626
    0.906452715 1.0651046 0.905728281 1.10646904 1.19027102 0.808220267
    1.60015523 1.5583328 0.795162678 1.21985817 1.00647247 0.788063169
    0.770988464 1.02392054 1.31003737 1.17329609 1.28755641 0.898723722
    1.08665144 1.39318728 1.51893103 1.55625165 1.02277613 0.92210263
    1.00767112 0.951044261 0.992361069 1.40664315 0.750316322 1.41186798
    0.757645845 0.949083447 1.54172742 0.76158607 0.836484253 1.27573013
    1.23460805 1.04707098 0.632505357 0.716831088 1.17126358 1.00598252
    1.34761739 1.54226446 1.3181144 0.970289886 1.07368731 1.05673993
    1.12518382 1.43303132 0.622996211 1.44740987 1.5476886 0.79184866
    1.44273746 1.1955632 0.952394247 1.17598951 0.751265109 0.824225068
    0.942267716 1.29777825 1.38615191 0.782628775 1.45072877 1.33002663
    1.58168805 1.36409581 0.854453504 1.03733873 1.26627994 1.3202585
    1.59206927 1.24871886 1.08279896 1.31986368 1.50913227 1.05229545
    1.36591005 1.69945502 1.15696228 1.65482724 0.90314728 1.66986394
    1.68994153 1.46985137 1.35808694 1.5778712 1.60096848 1.44324291
    0.779924035 0.906869292 1.49492395 1.00510728 1.41839397 1.17682385
    1.61492252 1.07461309 0.719322145 1.44905877 1.37999821 1.57300007
    1.38844049 0.914919317 1.15627551 1.4936868 1.3038348 0.787283123
    1.04219425 0.777689099 1.16362631 0.762109518 1.34576845 1.01532924
    1.41646123 0.976129711 0.782539725 1.64946043 1.43103755 1.32037592
    0.743445396 1.06703842 0.954148948 1.02580047 1.46990407 0.78615272
    1.44988787 0.987183571 0.885225773 1.47838104 0.969627917
    0.662986279 1.428949 1.3573885 1.0767386 0.644412041 0.755979598
    0.842941284 0.620402336 0.629656494 1.56068218 1.47812104
    0.782824099 0.824878693 1.46180129 1.30569017 1.26400757 1.27194738
    1.3852843 1.17118204 1.44101524 1.2820189 1.4936192 0.928618431
    0.986473262 1.60878861 1.47464466 1.06358063 1.41681921 1.3575362
    0.702515066 1.12114334 0.901692212 0.844173551 1.04786003
    0.937228024 0.962131679 1.41800117 1.29343855 1.080037 0.965683997
    0.7992118 1.43628991 1.7036618 1.32829595 1.37990177 1.68569386
    0.957205832 0.990346849 1.41777956 1.47588599 1.17807221 1.08709311
    0.849134862 0.994108737 1.31599081 1.40073371 1.17880297 0.884970725
    0.704871655 1.07717586 1.60052013 1.62847829 1.58242524 1.23785985
    1.25552261 1.27715969 1.07653916 1.533566 1.32756186 0.782399833
    1.34368205 0.773297727 1.27474177 1.16472757 0.750547111 0.839409173
    1.49887621 1.01962042 1.21146667 0.676593959 0.805596769 1.1014291
    1.44166684 0.971330047 1.5895232 0.818776429 1.60145187 0.748800993
    0.808258712 1.57412255 0.913410783 1.44008887 1.61584044 1.4185462
    1.42802429 1.56812608 0.949961782 1.68969369 1.10052609 0.912009418
    1.52705181 1.14059496 0.831528723 1.31025362 1.49959552 1.43814528
    0.893299043 0.64546299 1.46813762 1.38333333 1.10937583 0.716031492
    1.11250663 1.06465328 1.41468024 0.769820273 1.04988873 1.4898603
    0.716425538 1.36246192 0.983272076 0.620057821 1.4281348 0.934016943
    0.808580101 1.0119803 1.26701069 1.63938951 1.6790278 1.10523462
    1.08738291 1.09760225 1.39125991 0.874079943 0.688497543 1.12776268
    0.757291615 1.59902334 1.05003595 0.887672782 1.34139907 0.654173017
    0.897062778 0.880458474 1.18249345 1.0209111 1.33497024 1.3472811
    0.976111293 0.88432008 1.59626055 0.778537214 1.56104589 1.21689868
    1.18688822 1.07592535 1.08179355 0.798991978 0.686435461 1.10806739
    1.19973207 0.756298363 1.0718317 1.15333927 0.716197729 1.51396537
    0.755076289 1.18805218 1.21771264 0.859186947 0.754786551 1.05080247
    1.10203564 0.993648231 0.789671659 1.21013439 1.50315893 1.47968817
    1.20953298 1.63717282 1.6262449 1.190956 0.864646375 1.27531791
    1.46417344 1.06741261 1.33722818 0.686089158 0.960633397 0.694384694
    0.714897096 1.04733956 0.983839154 1.51817811 1.03962624 1.07327199
    1.63760352 0.727764666 1.39175379 0.892181993 1.02246773 1.13656378
    0.791361451 1.31196964 0.853475332 1.19346666 1.62463212 1.55809569
    0.972650111 1.4615531 0.827740431 0.745606899 1.01920903 0.7445696
    1.04740441 1.18184602 0.693801582 1.60317993 1.48225534 1.11618102
    1.49820566 1.2876091 0.792818129 0.879530251 0.952886343 0.9453969
    1.57352352 0.718716621 1.5772171 1.65881336 0.729512095 1.31286359
    1.51526392 0.875728905 1.60803902 0.948665738 1.53949165 1.48810768
    0.826447546 1.18784583 1.30215991 1.11981678 0.738860965 1.02452052
    0.733427823 1.01018047 1.15080345 1.35842884 1.27887487 0.888227284
    0.688816845 1.56162047 0.935789287 0.775452554 1.21621335 1.51237059
    0.894475579 1.38426363 1.21601677 0.637322783 0.84829551 0.770558
    1.0442903 1.20217633 1.08301437 0.866639853 0.663841844 1.61520386
    0.786688447 1.23828733 1.11172497 0.740516007 0.685167849
    0.935351133 1.13008642 1.41951549 0.717084587 0.911333561
    0.882416308 1.02120996 1.11171687 0.703694463 1.25554776 1.55596709
    1.11356854 1.29545701 1.22038472 1.06562853 0.841779411 0.418672532
    0.621110737 0.453011066 1.445274 0.729082465 1.27366185 1.47971749
    0.743420243 1.50885856 1.17399859 1.68239522 1.55988896 1.22755527
    1.63584673 1.38791358 1.22743273 1.31409109 1.54623258 0.710867763
    1.64753044 1.16430688 1.48216987 1.28561759 0.61861819 0.823512793
    1.50621736 1.17190909 1.03737366 1.03004897 1.28897643 1.63030624
    1.40417683 0.752821743 1.583552 1.10147703 0.861461639 1.199929
    1.46346974 1.2250061 1.19100165 1.02538729 0.983031988 0.8101089
    1.00315118 1.29878604 0.999112248 1.07074666 1.16565192 1.59025741
    1.10416114 0.770582378 1.06521881 1.171193 0.818055272 0.731776178
    0.913233519 1.05946505 1.20287561 1.03264308 1.4297123 0.902796626
    1.35155821 1.29870296 1.30785584 1.33551347 1.48773813 1.66133332
    1.02299356 1.37269604 0.758324385 1.19255376 1.30563235 1.16598725
    1.24260437 1.46882331 1.22914839 0.683908045 1.17067909 0.756384909
    1.29314649 0.973347843 1.11525214 1.13201714 0.908118188 0.655208468
    1.36591709 0.641402304 0.640188515 1.37983727 1.4129765 0.652611911
    1.61221647 1.55293155 1.48783386 0.672102273 1.04688597 0.935312271
    0.891703367 1.22311199 0.904095709 1.13108528 1.16663897 1.47673702
    1.2752552 1.40740085 1.46053445 0.77078557 0.862654209 1.04605877
    1.01833832 0.972927272 1.43082476 0.741930127 0.740689158 1.43794918
    0.694126785 1.57370508 1.0708375 1.59514368 1.21722984 1.46110582
    1.29020798 1.37473679 0.847026825 0.816026449 1.20576334 0.660476327
    1.39193082 1.07663655 0.803673625 1.06976116 1.20920491 0.781454206
    0.964364469 1.25018334 1.41232395 1.07171309 0.813925505 0.801847398
    0.728594184 1.15698171 1.49794447 1.26283538 0.676530302 1.28431654
    0.896602273 1.2201829 1.1920203 0.710841358 0.633716106 1.28501654
    0.67828232 0.814788759 0.709251046 1.27974343 1.44298065 1.23291361
    0.950855017 1.16955304 0.772769332 1.20856917 1.58737302 1.21856844
    0.833037257 0.96429801 1.48401916 0.893352389 1.08622277 1.11411321
    1.44978273 1.53744364 0.903672874 1.59350109 0.762176633 1.08085728
    0.798662364 0.727122545 1.19627178 1.47980547 1.51524317 1.10973644
    1.48245001 0.957620978 1.45959496 1.02632987 1.06584847 0.924820602
    0.857913196 1.54756331 0.844618797 1.13651896 0.813753486 1.20148802
    1.61735725 1.04115212 1.46434224 1.38582969 1.34667182 1.26234734
    0.933437228 1.26906872 1.21372926 1.44740021 1.06125152 1.37413359
    0.854340196 1.30408907 0.924378932 1.10780561 0.759737849 1.347664
    0.697991908 1.42977071 1.37254131 1.6325649 0.819292367 1.55210745
    1.54886746 0.844969928 1.07683861 1.52406108 1.09390032 0.759540558
    0.994409978 1.26148784 1.26560652 1.40212405 0.85466522 0.787524521
    1.11633837 0.820421278 0.843062341 1.35138583 1.11163151 1.65088284
    0.778652191 1.16797066 1.46954978 0.860998929 1.1727159 1.26369846
    1.31401813 0.90271765 0.832157016 0.887978315 1.57512367 1.08671939
    1.31456614 0.771742344 1.05031848 0.945905626 1.09606874 0.668399394
    0.726644993 0.718016207 0.685293257 0.468589514 0.889310062
    1.0257628 1.11953628 0.733055413 0.956954598 0.766473472 1.30038607
    0.776745617 1.12479961 1.42383075 1.02986526 0.918339014 1.61868787
    1.09985638 1.22646308 1.40090775 1.50987899 1.02014327 1.34296417
    1.05705404 1.61626101 1.03044724 0.666395664 0.635262668 1.02936351
    1.57397401 1.52782524 0.834079683 1.3113296 0.769589603 0.889072299
    1.48235667 0.723056614 1.39504075 1.33183086 1.34621596 1.05675042
    0.812964201 1.02669311 0.798354089 0.737111092 1.07424009 1.2903651
    0.711516798 1.03203166 1.00950193 1.18342614 1.6411351 1.09279871
    1.60056257 0.884179831 0.97881037 1.47578895 1.37527883 1.54602182
    0.801143408 1.22084153 0.783799827 1.14057088 1.03429794 1.51410115
    0.736777723 1.50636303 1.40878677 1.64843285 1.37232542 0.977911949
    1.0494585 1.28719985 1.1926316 1.03601623 0.949764132 0.815019429
    1.08450711 0.939793646 1.14295197 1.01416492 1.44757545 1.44604409
    0.768996954 0.670367479 0.946406126 0.997275054 1.34165311
    0.771465421 0.96648556 0.641038775 1.34894359 1.06541705 1.40504885
    1.03718424 1.45877993 0.736580133 1.04804671 1.45858419 1.14922845
    0.798421025 1.4960537 1.44319391 1.60382247 0.867162526 1.59353197
    1.12454987 1.11446309 0.620571375 0.946679592 1.29207826 1.25348186
    1.02526343 0.774971724 1.1669271 0.737094879 1.3281554 0.83976841
    1.26125062 1.01459849 0.809717417 0.781174779 0.738405526 1.13655269
    0.652531266 1.52781761 1.07566166 1.01783097 0.811401367 1.16507959
    1.1844697 1.1001395 0.933568895 0.774708211 1.07673931 0.745615721
    0.728318512 1.42125416 1.54264653 1.45115495 1.31190538 1.19949579
    1.31030297 1.50390124 1.08372772 0.687116206 1.51977837 0.673437119
    0.742500961 0.920897603 0.777679682 0.658160806 1.48865187 1.1750828
    0.802156568 1.0770328 0.695415854 0.871847332 1.34228599 0.880907178
    1.31199765 1.54616559 1.35090387 1.4507103 1.15181661 1.58141351
    1.22250974 0.942228973 1.16444421 1.41195548 0.922380269 1.1141932
    1.07255673 1.02171504 0.992087007 0.721448779 1.45413768 1.4663564
    0.70762831 1.05485833 1.36627448 0.823916674 1.3925817 0.676591337
    1.58925486 1.22588146 1.4837079 1.50572109 1.14852643 1.35182893
    1.40586913 0.892012417 1.31442761 0.869056106 1.62137687 1.56989288
    1.54545307 0.97972852 0.829301238 0.942309797 1.25631285 0.676266313
    0.651649415 1.01956582 0.808659077 1.46434069 0.686764479 1.56290317
    1.02766728 1.14674127 1.00784206 1.15280914 1.31514692 0.763529897
    0.760238409 1.18199766 1.0743202 1.02513719 1.58469582 0.764120996
    1.04653692 1.14892483 1.57973099 1.55954754 1.31661093 0.870100379
    1.13837302 0.740781248 0.892784894 0.829268336 1.32053995 1.59592187
    1.07976305 0.726299107 0.840622127 1.06123245 1.53244364 1.56738055
    1.0968163 1.02451968 1.43659711 1.13529766 1.56543481 1.60157084
    1.44048357 1.37636352 1.4602387 0.841090441 1.51957011 1.61876261
    0.936108947 0.939995408 1.34204006 0.985876918 1.5533092 1.11028874
    1.25108087 1.14381838 1.29436457 0.788487494 0.905528903 0.382936835
    1.25000453 1.04863477 0.919625103 1.44779825 1.45226943 1.20347381
    1.12909436 1.41371632 1.53010547 0.777789116 1.26674068 1.58169639
    1.00537503 0.790363431 1.0752281 1.39957201 0.837943792 1.39500117
    1.05220449 1.07715702 1.12601137 1.09485114 1.23485124 1.29745245
    0.782890022 1.50218856 0.682600915 1.49904299 1.03601336 1.0085727
    1.06511033 1.48162317 0.721861243 1.31241906 0.714365244 1.03131688
    1.63391829 1.27716267 1.38339651 0.881984472 1.44163859 0.968203962
    0.919478118 1.47169101 1.48395586 1.69512558 1.45581484 1.32856917
    1.33850193 1.62563765 1.37972057 1.23372328 0.75326401 0.982170403
    0.83116734 0.813230693 1.43936896 1.47421515 1.39460802 0.893686414
    1.4523555 0.809401453 1.01093853 0.92210263 1.30491471 1.37153757
    0.8870579 1.22293711 1.46629333 1.03662837 1.46141589 1.06562531
    1.07378972 1.36124396 0.660757482 1.49016392 0.82241559 0.852901936
    1.42734671 1.16284895 1.12201715 0.848378003 0.849347055 1.44478917
    0.627684057 0.992453754 0.873193979 1.28873408 0.921278119
    1.56260324 0.942783654 1.01239133 1.51568794 1.04537082 0.923975706
    1.05062342 1.17704785 1.57834816 1.01397419 0.969959676 1.46580708
    0.842246115 0.90110451 1.14382756 0.653325975 1.51271176 0.980099857
    0.858601987 1.4561013 1.27281356 0.683602691 1.34183681 0.649671495
    1.45635974 1.11040759 0.818287611 0.871940136 1.44751072 1.49058056
    1.13734925 0.665350497 0.754214466 1.04039979 0.619781017 0.75402981
    1.34365535 1.4210676 1.274019 1.1440928 1.44744682 0.85537374
    0.991521716 0.688712418 0.711631358 0.668545842 1.46550941
    1.31661737 1.59538448 1.14564276 1.3857137 0.947619021 1.11916292
    1.53573096 1.66226757 0.720695496 0.754955351 1.50134742 0.694286168
    1.42797506 0.829236805 0.885097444 1.16237831 1.13891709 0.846114576
    1.57672846 1.10563707 1.55623627 0.749828815 1.3817122 1.18008339
    1.49846721 1.62955093 1.59413898 1.6062938 1.4368701 1.18779087
    1.08856988 1.25866044 1.12388432 1.11862981 1.17864931 1.17076659
    0.679761112 0.92968452 1.29521263 1.32905805 1.23929632 0.955502808
    1.12785065 1.58625686 0.901021659 0.817585945 0.760218382
    0.905649424 0.647171736 1.08327579 1.36130857 1.01912749 1.14324069
    1.09550512 1.03764808 1.16893339 1.50068426 1.16804194 0.785522819
    1.1310941 1.03700042 1.52582228 0.634290516 0.857225358 0.798651695
    1.39529765 1.02208209 1.16065443 0.820901394 1.21426499 0.916398406
    1.49444425 0.916354775 1.00964308 0.972619295 1.08465064 1.22965562
    1.09750044 1.59105778 1.33308601 0.887260973 1.14332998 1.15964174
    0.907089949 1.10148585 0.948062599 1.27498794 1.18386734 0.782151997
    1.27621841 1.40419805 1.44935584 0.873591483 0.83471173 1.36042416
    1.61261797 0.938437581 0.748094916 0.715287924 1.41817319 1.14149439
    1.00898516 1.42844236 1.64536238 1.19139552 1.16184127 0.763666689
    1.43360066 0.859398484 1.32703483 1.0489279 0.70879209 1.33211994
    1.05601633 1.56374192 1.34779847 1.3195622 1.35724902 0.770623744
    0.997861683 0.826280832 0.714876175 1.26851499 1.09073734 1.25285518
    1.37499762 1.3022306 1.15418792 1.48137915 0.94306159 1.2316153
    1.57643437 1.05606973 1.48668373 1.52398109 1.67844856 1.5076431
    1.45786572 1.3515569 1.16346741 1.37319422 0.889379144 1.59359992
    0.787999988 0.863060176 0.658479691 0.689394474 1.63094771
    0.935599506 0.84774822 0.688920617 1.14525533 1.13975668 1.48474288
    1.42560291 0.723414958 1.64345133 0.651635647 0.913711309
    0.668078005 0.738151908 0.87583065 0.780237854 1.64216995 1.01263976
    0.780724287 1.14140201 1.66831636 1.06812215 1.6443398 0.942768633
    1.50000989 1.23855042 1.63026381 1.68340302 1.14266622 0.763383448
    1.19745398 1.01950526 1.21502638 1.47685051 1.29758012 1.02635419
    1.03730953 1.34767854 1.41644382 1.41226816 0.649063587 1.4821198
    0.788157046 1.35343528 0.754603207 0.864191592 0.804407537
    0.744890809 1.40676057 1.03558207 0.834582925 0.599215984 1.47685814
    1.4268949 0.872775733 0.670847654 0.914437175 1.02313769 0.952819288
    1.06355321 1.39935434 1.27769351 1.64746308 1.31356311 1.18617022
    1.3072319 1.35161448 1.12992585 1.22346854 1.03033412 1.57773793
    0.838396013 1.37316227 1.31043863 1.11063373 0.87757504 1.56287289
    1.04791462 1.04020524 1.53003442 1.06335938 1.49275219 0.920578957
    1.43687141 1.12629056 0.844418585 0.884820819 0.897291422 1.59708357
    1.57813489 1.16165364 1.12151182 0.7268821 1.63598204 1.19558489
    1.21895409 1.09469438 0.845383346 0.969162941 0.609336078 1.24398828
    1.51975954 0.832569718 1.61268091 0.910773933 1.20305073 1.61583924
    0.77737391 1.45817316 1.27711952 0.686755717 0.815672278 1.55143213
    1.56073594 0.950155377 1.49749553 1.57515955 0.855122924 1.05074883
    1.07391953 0.872378886 1.5602082 1.43668926 0.957130075 1.29247808
    0.743600786 1.54797041 0.68822962 1.40806127 1.50437343 1.18286765
    1.22584081 0.87432158 0.698687673 0.789565802 1.61761189 0.990668356
    1.03351557 1.1440568 0.732428908 1.16625881 1.47304344 1.48893178
    0.838600218 1.43088412 1.65225625 1.38076794 1.27785814 1.10788393
    1.51321959 0.924725771 0.905346274 1.22091842 1.30106711 0.900325954
    1.23818529 0.715795517 0.904906094 1.45553589 1.46274972 1.14473796
    1.37552631 1.00113022 1.22949743 1.43122554 0.675507903 1.65080047
    1.26038039 1.30278838 1.29253685 1.11982656 0.65266037 0.76632303
    1.18123055 1.2877425 1.12146723 0.826516807 1.03667176 1.05151272
    0.915413082 0.713916421 1.51700187 1.11954069 1.5948422 1.47468197
    1.63962853 1.2466265 1.49708164 1.40074348 0.809249997 0.711324573
    1.61296821 1.54795837 0.687024653 1.55678093 1.50366306 0.954200327
    0.932920873 1.01265228 1.34794438 1.60691273 1.36918676 1.0800252
    1.1953485 0.827857554 1.57498002 0.898230553 0.863013685 1.46146452
    0.994194746 0.978548527 1.23833406 1.41495013 0.87005955 0.897105575
    1.26229048 1.24212539 1.46016932 1.33057702 0.930776954 0.929657042
    0.909734786 1.63764369 0.626011789 1.04234052 1.41221189 1.13364947
    0.631026506 0.662368715 1.30084002 1.3688066 1.1021874 1.03881395
    0.913608432 1.38453484 0.955077529 0.915403843 1.10536528 1.15698683
    1.39206779 1.03065479 1.61293137 0.981459379 0.985671222 1.69035459
    1.34317422 1.04821646 1.59274507 1.21080875 0.844689965 1.4134289
    0.872030377 0.851676762 1.02475095 1.19767392 1.02852678 1.44630802
    0.740801394 1.13512278 0.836618423 1.26921439 1.2678895 1.27484882
    1.1259917 1.48228526 1.21430588 1.25343895 0.978144109 1.11218166
    1.52237558 0.656371593 1.07148683 1.13538992 1.39091039 1.22066188
    0.98400116 1.14486444 1.39323175 0.948384643 1.10286963 1.35793924
    1.43949151 1.06968033 0.845112026 1.31725526 1.63924336 1.49426043
    1.2757144 1.53522992 1.49337137 1.30994165 1.55741727 1.44994628
    0.981170535 1.41317987 0.983553588 1.33533287 0.857585073 1.49029398
    1.26082432 1.12013388 1.52663827 1.01738048 1.44495952 1.33224988
    1.06503499 1.3410387 0.710622847 0.977673054 0.821799338 0.931002975
    1.06555808 0.88401252 1.34272456 0.776635408 1.34249651 0.719372928
    1.1668855 1.20227361 0.994665027 1.4562546 1.42780125 1.55859971
    0.970214963 0.835148931 1.27007318 1.10356522 1.31563032 0.625433505
    1.00963056 1.40234041 1.33564472 0.653139412 1.23592818 0.7118752
    0.831263602 0.629146457 1.44413078 1.50509357 1.02486575 0.789484322
    1.19564235 0.815317154 1.20689154 1.5236578 1.12556696 0.689188778
    0.742988646 1.47093761 1.32610691 0.784385264 0.761468232 0.80577594
    0.927008331 1.11145222 0.883275449 1.38542497 1.49999487 1.22587466
    1.35737586 1.26184273 1.47601509 1.10188174 0.653807819 1.62802911
    1.38558745 1.36885011 1.6047312 1.13028276 0.876855195 0.975361228
    0.895436883 0.850240231 1.06534398 1.58969545 1.19325745 1.00687385
    1.26423335 1.19665956 0.953051448 1.07198119 1.5636456 0.963116586
    0.812799037 1.2046355 1.46292126 1.19033349 1.3546983 1.16987514
    1.4928571 0.778434336 0.702757061 0.640797913 0.836193204 1.56516802
    1.48028028 1.33431327 0.715120018 0.62166214 0.876736522 1.37203503
    0.975238085 1.05606854 1.45803142 0.978581727 0.66366607 1.42940271
    0.747895122 1.28680468 0.911794662 1.55989563 0.658181846 1.1316179
    0.924954772 0.907854617 1.2635529 1.46597731 0.927685797 1.16086507
    1.56722581 1.50338888 0.999437869 1.49117041 0.767439127 1.40844595
    0.71093905 1.64110327 1.54637313 1.41339207 1.20845258 0.734626591
    1.4280864 0.681889296 0.936518013 0.982089758 0.760133982
    0.983617067 0.811064005 0.715731919 1.44734597 1.51402271 1.26317239
    1.12735367 1.43169713 0.728333533 0.989023149 0.829163551
    0.825706482 0.754984617 1.11516392 1.37132227 1.42725694 0.864485085
    1.48512435 1.56602561 0.912199676 0.922105134 1.5336169 0.815312564
    1.4087851 1.09563422 1.57818985 0.812014699 1.37007189 0.959203482
    1.37414682 0.763124704 1.2160722 1.07672453 0.974730253 1.22505188
    1.37155485 1.01579392 1.62323165 0.872437179 1.5473007 1.33160913
    1.22579932 0.729832947 0.648809731 0.914390266 0.940693617
    1.19345319 1.16965532 1.1237886 1.14552677 1.42654192 0.84536463
    1.28539693 1.14891732 1.25776768 0.86576122 1.55623674 1.57054985
    1.71890438 1.22215176 1.37568355 0.954251647 1.63692057 1.60964131
    1.25538778 0.803470373 1.4469825 0.971808434 0.963601291 1.13281178
    0.937798917 0.808357954 1.48825669 0.9642995 0.666404545 0.732474864
    0.817386329 1.43530762 0.932741702 1.39885616 1.64819968 1.52525389
    1.2691288 0.880075932 1.07748818 0.703404963 1.21946466 1.07246017
    1.37163258 1.30642509 1.44709301 0.872707605 1.10835278 0.921105981
    1.38030863 1.234056 1.36103153 0.887137413 1.53951466 0.849199712
    0.680003345 1.28293025 1.11373889 0.972300589 1.19485748 1.37991774
    1.60508013 0.80465132 1.58540654 1.5887028 1.45263433 0.920617104
    1.21912825 1.15614283 0.704575956 1.26936328 0.751475871 0.772687614
    0.946525216 1.22400069 1.41978467 0.888990104 1.06754935 0.608703911
    0.655649364 1.13725829 0.627538383 0.712158561 1.00302792 1.49710083
    1.0886519 1.06801581 0.629105151 1.24841046 0.95948875 0.738980711
    0.990791619 0.9113518 1.45867038 0.991265297 1.13228703 1.39154887
    1.53937435 1.18430734 0.677673638 0.888237178 0.987745762
    0.701286554 0.770617902 1.44695508 0.881871939 1.44042826
    0.690687597 1.549932 0.85172385 0.640114427 1.45640767 1.29403579
    0.824151695 1.19154572 0.932771027 0.986207247 1.62619305 1.08881259
    1.04921472 1.31467342 0.762010515 0.940813005 0.64914465 0.917120337
    0.878135204 0.962487757 1.16654456 1.52907073 1.36899114 1.1457988
    0.851074398 0.679303408 1.55821681 1.3644861 1.33996725 0.825897753
    0.817938566 1.11100411 1.29858828 0.680027187 0.944515526
    0.711764991 1.02810442 1.20208514 1.65176415 1.6084013 1.4348129
    1.05161667 0.890935242 1.0507561 0.968803465 1.15659165 0.96214658
    1.61661911 1.20918787 1.00212944 1.39785445 1.40205491 1.65004897
    1.01445866 1.47400677 1.4887197 1.25388682 0.93224591 1.09295154
    1.06669176 0.698239803 1.47759163 0.791496158 0.642475963 1.29979885
    1.22645712 0.887496293 1.3521229 1.23804879 0.907473147 1.6487807
    1.16224229 1.30318058 1.61497009 1.36741352 1.60294402 1.27702057
    0.801695347 1.00222027 1.48559022 1.22722435 1.12011647 1.26127863
    0.837551594 1.11181164 1.20971704 0.720051825 0.768432915
    0.942065537 0.674273789 0.908661008 0.796089947 1.1149627 1.27170968
    1.19831324 0.6698156 0.819102228 0.655818522 0.704944968 1.51669192
    0.703610361 0.722775578 0.648209751 1.17455935 1.56695032 1.29216635
    0.941585958 1.02477705 0.864598215 1.11829007 1.60264814 1.63381314
    1.11963272 0.764440417 1.4766444 1.19415236 1.13491452 1.51434529
    1.37086618 1.58138847 1.03849387 0.994889796 1.61505866 1.43653202
    0.863931954 0.802746475 1.06078088 1.57339084 0.76347965 1.42469478
    1.02723324 1.56027901 0.841349959 1.21160591 1.62381589 1.25461888
    0.84941709 0.972165883 1.44724369 1.45606172 1.09764981 0.718799472
    0.917396367 1.52240992 1.64696681 1.54804254 1.01870632 1.16438305
    1.26832938 0.827857018 0.559991539 0.927873254 0.371114403
    0.614655614 0.740538001 0.539105773 1.04971802 1.01988792
    0.711182475 1.03218067 1.02477753 1.47440135 1.33734584 1.26733232
    0.823024631 1.31911612 1.18073618 0.962680995 1.21406472 0.828759432
    1.44489038 0.695813298 1.3562299 1.55324185 1.47429824 0.723141372
    1.01768279 0.639430583 1.31304562 1.32563651 0.962435722 1.27008462
    1.55393803 0.795807183 1.41541064 0.789215744 0.824600101 1.51861537
    1.52101362 0.758718491 1.24322438 0.686188579 1.49027979 1.46120405
    0.773819149 1.49433208 1.43473899 1.56724954 1.34662998 1.01394582
    1.35327208 1.05849135 0.867772222 1.6647284 1.54989469 1.24504268
    1.40862429 1.38178694 1.09078586 1.28913617 1.19268298 1.46860373
    0.977930367 1.1922555 0.831552148 1.17833209 1.49090672 0.677149415
    1.13692331 0.934453249 0.632674873 1.09300768 0.95317924 0.73250401
    1.0326699 0.921197534 1.48191965 1.06814599 1.29009628 1.61089933
    0.807843685 1.48883116 1.11987185 1.2105633 0.63414079 1.11268568
    1.04926169 0.874235451 0.738310397 0.755928159 1.53480434 1.05204701
    0.897160709 1.64130986 1.63432109 0.708814323 1.31352973 1.55769265
    1.57669377 1.05293655 1.26305056 0.729673445 1.47116733 0.647049546
    1.33347857 0.684853315 1.06149483 0.809167504 0.920499623
    0.998824775 1.28943503 1.49376512 1.15896738 1.10258138 1.39480627
    1.36704266 0.972305894 1.29113197 0.661691308 0.66731894 1.48455346
    1.4074676 1.53086615 1.40454519 1.05167794 0.95469135 1.45498312
    0.84794271 1.49275661 1.61881065 0.753850937 1.41243887 1.30426967
    0.898703337 0.732778847 1.27452683 1.0502646 1.14353025 1.44540644
    1.05245876 1.20336783 1.29937387 1.35184109 0.838175833 0.804866612
    1.45668244 0.980764329 1.48892653 1.54654694 1.31939352 0.707766831
    1.43453789 0.711000562 1.58543205 0.911701024 1.28969359 0.738701761
    1.09694695 1.41998625 1.08267999 0.794735193 1.14568841 1.48661494
    0.978217661 0.897615016 1.43148446 1.30486929 0.816064715
    0.786525249 0.679570913 1.3644408 0.863125741 1.00257015 0.852479875
    0.77732867 0.79027009 0.83123821 0.770186603 0.671374083 1.29317081
    0.780781209 1.3607868 1.33152449 1.16207826 0.657284141 1.32928181
    1.573282 0.880709052 1.31894267 1.45415998 0.776251316 0.812491536
    1.62949109 1.11730003 1.24053752 0.824520171 1.25998211 0.895091653
    1.18835306 1.40511429 1.28634381 1.34408605 1.18490446 0.723510385
    0.940270126 1.5412724 0.859114408 1.54731846 0.693264663 0.761218905
    1.14620495 1.51327288 1.21230614 1.68101704 0.960625708 0.801698446
    1.45965421 1.38405573 1.67627382 0.934555829 0.826008022 1.16367078
    1.36770022 1.41172278 0.926261365 1.34633231 1.04748249 1.17718136
    1.21816659 0.810312152 1.63028812 1.02523339 0.779544115 1.00823402
    1.05811632 0.64369148 0.917057872 1.56318033 1.60505152 1.21318221
    1.05451798 0.902669668 1.45563924 0.937591791 1.43897438 1.04827094
    1.17713451 0.758134067 1.20973802 0.87010175 0.702224135 1.30396605
    1.34604955 1.10452807 0.782100141 0.594307005 1.13716006 0.852321029
    0.743373454 0.609535813 1.33120704 1.14601481 1.06892884 0.942557991
    0.75935179 0.742866993 1.67034554 1.30193734 1.31844103 0.988877237
    1.39007103 1.48216009 0.886889815 0.810001314 1.35662067 0.991713166
    1.52334464 1.62650132 1.26389503 1.53189909 0.801272392 1.57590127
    1.02632129 0.904579043 0.795131922 1.18665636 0.873918176 1.61194003
    1.31145418 0.975476146 0.871092439 1.5765512 1.25133348 1.67687547
    1.52438688 1.41027009 1.04421604 1.23024273 0.934047699 1.46356595
    1.15939069 1.22966313 1.17402768 1.54318202 1.39082837 0.899372876
    0.92788583 0.948840141 1.63206816 1.31205618 1.39272261 1.66214418
    0.874008477 1.21966147 1.65265429 1.08418179 1.17484224 1.05134511
    1.03291261 1.03471994 1.20186889 1.13807082 1.40037334 1.25796187
    1.26162398 0.854494333 1.05479658 1.01796067 1.5299983 0.7129969
    0.913882911 0.875770569 0.870034277 1.59103596 1.19667995 1.24952805
    1.01455808 1.3716352 1.01618516 1.41507256 0.8013376 1.33439422
    1.16312563 0.821929395 0.977289379 1.58159053 1.23767781 0.944197774
    1.00522101 1.22127008 1.49536467 1.37466323 1.17967093 0.774026871
    1.04770875 1.18325043 0.99193573 0.99870795 1.15545261 1.53744268
    1.36527681 1.03068829 1.0682596 1.03505409 1.09534335 1.04859376
    0.874776661 1.0317409 0.970479012 0.896241605 1.29937422 1.11576152
    1.65146303 1.12928355 1.24268866 1.42923057 0.784720182 0.884559333
    0.874256253 1.49187636 0.913492918 1.61677623 1.05465353 0.98051697
    1.62708533 1.34682894 1.60431087 0.928167343 0.852665126 1.287112
    1.21972287 1.56341505 0.680774987 0.998934329 0.747568607 1.59512258
    1.45683348 1.53906333 1.1769954 0.864425778 0.891123891 0.704356253
    0.790553808 1.55874777 1.42880034 1.25552595 1.49299192 1.33351064
    0.938515902 0.986134648 1.2954452 1.05598176 0.95252043 1.15297389
    0.73411268 1.58821332 0.93315196 1.04934955 1.04158688 0.996491969
    1.04865038 0.791748106 0.902377605 1.11858177 0.633790076 1.4157213
    0.658659697 0.91163671 1.07548583 1.32768095 1.24836528 1.25353575
    1.27379072 1.503034 1.31810677 1.56645262 1.48080695 0.905747652
    0.630789757 0.821212947 0.898689747 1.29393578 0.804613769 1.4237026
    1.26616871 0.816668093 0.755745411 0.69023174 1.09143388 1.52121651
    1.55325806 1.4464258 1.29685616 0.985757947 1.49381351 1.65847218
    0.892547607 0.765128255 1.17485774 1.47370315 0.993275702 1.2093358
    0.937002599 1.47557247 1.23732948 1.31553292 0.84538573 1.38616645
    1.60452223 1.41516602 1.11300182 1.19487464 1.29743302 1.28882527
    0.843158543 1.21039009 0.907667637 1.07735932 1.68324924 0.821585417
    1.14703941 1.4559716 1.52638662 0.970961511 1.28380549 0.783813536
    0.845047772 0.777870059 1.22986019 0.727984071 1.58174574 1.58192301
    0.74999094 0.682865143 1.50147557 0.739996552 1.0934298 1.14862311
    1.57183158 0.878514528 0.952172279 1.24748027 1.06174517 0.689177811
    1.43486202 1.2717284 0.923455536 1.35111868 1.48392415 0.696007669
    1.05281377 1.26238573 0.776480854 0.393106967 0.591034532 1.04545915
    0.779079199 0.77706641 1.59377158 1.55548179 0.904775381 1.25646174
    1.28754652 1.50842929 1.43586957 1.46740389 1.00991464 1.54026473
    1.33162844 1.16325331 0.735437453 1.38858759 1.01828098 1.47569871
    0.723047733 1.1933316 1.13275349 0.959361136 0.789210439 1.52158535
    1.16248202 1.55084932 1.468871 0.972508907 1.16804814 1.34175456
    0.946956515 1.12367678 1.30549812 1.552737 1.26274276 1.5965482
    1.49584639 0.985527039 0.822426438 1.41353834 1.11039293 1.05225265
    1.45073473 1.5147599 0.760461509 0.91472584 0.824005544 1.16633999
    1.37141621 1.01887047 1.41866088 1.3411721 0.917119622 1.19137812
    1.11012101 0.822088063 1.27509725 1.00864208 1.02758253 1.66765523
    1.10084271 0.79571861 0.966740131 1.24153829 0.790650547 0.753645182
    1.51346338 1.16427124 1.46072757 0.858073354 0.742570758 0.880836129
    1.47603679 0.722195804 0.715225816 1.07943082 0.987007439 1.1375289
    0.729389608 1.32733703 0.668155015 1.42693019 0.816628635 1.61190689
    1.12397063 1.19505441 1.34553552 1.5147233 1.35931098 1.11816108
    1.22045052 0.803921163 1.18200552 1.20340717 0.766594112 1.29928792
    1.22877884 0.766270697 1.16817832 0.754786372 1.61300659 0.724017918
    1.10618901 0.955224216 0.819048285 1.01947629 1.55869257 1.29618096
    1.22355485 1.38036859 1.41831517 1.26650381 0.843238294 0.874707937
    0.959253728 1.42663097 0.99474138 0.98544997 1.32591248 1.10793865
    1.58975577 1.19521558 1.13084733 1.00410795 1.6714983 1.58490789
    0.931323886 1.16127121 0.737326026 1.02793097 0.743238986 1.0988245
    1.10606289 1.2583878 1.46596515 0.912880421 0.878243864 1.55575693
    0.733539939 1.66275299 0.781027079 1.09259593 0.988824606 1.30116928
    1.00468731 1.44951832 0.804444551 0.867702186 0.972307086 1.45337451
    0.943815291 1.36117613 1.44024932 1.16593003 1.29963446 0.839837909
    1.21808064 1.60488474 1.25554645 0.831593215 1.22104704 1.36291766
    0.714882553 0.719124734 1.28211772 0.853582382 1.24510431 1.4660604
    1.33399165 1.0529052 0.840945601 1.39143169 0.90058285 1.5397985
    1.04942441 0.983727098 1.12343097 0.825012386 0.757032096 1.10172772
    0.902035773 1.11720133 1.31852865 0.917943001 0.839009225 1.31097388
    0.952300787 0.920988858 1.40994489 0.802976906 1.42579556 1.03195822
    0.7795192 1.23708844 1.66145885 1.36917078 1.19017172 1.24451721
    1.56769037 1.51242948 0.933688462 1.39457428 1.24513352 1.26269841
    1.23846233 1.40807378 0.99954325 0.957466483 1.2401197 1.32995737
    1.05884683 1.15283644 0.892596781 1.5291214 1.62176359 0.914259255
    1.53455901 1.24529314 1.27791643 1.50896966 1.03345048 1.15595365
    1.46024156 1.0795275 0.993679523 1.24058664 1.64053428 1.60039055
    0.966921389 1.42281163 0.726330698 0.879013598 1.42220736 1.29617393
    1.27336168 0.806756794 1.20236123 1.22240055 1.36875916 1.24871278
    1.60189176 1.64213061 1.06333649 1.16350925 0.6844908 1.4835887
    1.05661762 1.37910712 1.11583066 0.92225188 1.16916788 0.825188994
    0.762818992 1.31295502 1.12695301 1.1541779 0.755788147 1.39258623
    0.620412946 1.63353717 1.28354788 1.53401494 1.00195277 1.0894618
    1.43869519 1.24439752 1.20293009 1.56506729 1.64721155 1.42500508
    1.42331088 1.51999581 1.28228271 0.711190104 1.55350804 0.977047145
    1.03920782 1.23720813 1.39458072 0.990841329 1.18838584 1.58890903
    0.73778832 1.2010138 0.885166347 1.51541054 1.41144192 0.953541994
    1.20353949 0.9044438 1.68261814 0.872393131 0.943849206 0.875790775
    1.71860528 0.852638245 1.32750559 0.803371072 1.14021599 1.42455912
    1.27862239 0.793468595 1.53301358 1.30491722 0.991250932 0.699546814
    0.949350536 1.23482156 1.33693469 1.54249501 1.54777396 1.23617756
    1.58334887 1.18952012 0.84993732 1.35720098 1.16941249 1.65472627
    1.20193303 1.47634447 0.703743637 0.976489007 1.24899769 0.763666928
    1.45073938 0.656134069 1.0711422 1.08635402 0.777885675 1.58559608
    1.35026586 0.841300905 0.983270884 1.23767233 0.768912733
    0.795838714 1.23736191 1.08078623 1.16604614 1.09968531 0.863038003
    1.2969588 1.06549084 0.983554244 1.3367666 0.956332147 1.60378647
    0.90110606 0.750813961 1.13216054 1.30899692 1.59269142 0.846332312
    0.863008022 0.975484669 1.28397334 0.882585406 0.921771109
    0.692743123 0.916620612 1.35974514 1.10418415 1.00832319 1.53461087
    1.24626577 1.55052102 0.841870487 0.929706335 0.764501393 1.63586938
    0.846964121 0.687967896 1.2321341 0.93899554 1.16710424 1.09393942
    1.13083243 0.833835185 1.2297852 0.877547622 0.872815371 1.3749789
    1.16308916 1.53131139 1.23263669 1.34954214 0.730986714 1.22412598
    0.849769831 1.46684659 0.836489141 1.50361168 1.50046277 1.51431286
    1.55379844 1.13479948 1.16981554 1.18000925 1.09125757 0.998742759
    1.43008912 1.31836367 1.62818408 0.966154695 1.31302524 0.821325779
    1.53760517 0.831107855 0.992250204 1.51589978 1.14812315 1.54410315
    0.871071458 0.954436243 1.26410711 0.781052709 1.00949824 1.59515035
    0.700178444 1.16693676 1.57927763 0.652859032 0.877237082 1.37210357
    0.895349026 0.981525183 1.44984686 1.146492 1.06586099 0.821993232
    1.0416435 1.31742787 1.00773787 0.819651008 0.677452385 0.77316308
    0.886794329 0.63112545 0.983424127 1.43866038 1.34452844 1.43536317
    1.2483443 0.738905847 0.957080066 0.873150229 1.27627921 1.63821495
    0.950551152 1.04194379 0.836780369 1.23738766 1.32233381 1.33037543
    1.39139724 1.60131693 0.937878489 1.30133808 1.12514639 1.41112185
    1.1786952 1.47977149 1.36500955 0.684519053 1.08932722 1.47420418
    1.51768351 1.44716167 1.27026916 0.873497605 1.3751924 1.14381886
    1.44247127 1.66122687 1.15277934 1.24316418 1.12744308 1.7132833
    1.23108053 0.854777992 1.67754078 1.219208 0.777880132 0.932167172
    0.644593358 0.72347182 0.6141482 1.32319796 0.630764842 1.00568175
    0.936564267 1.49803329 1.22972345 1.32089317 1.43298101 0.740347743
    0.676509678 1.30572283 1.21100223 1.22159064 1.2374295 1.54065359
    0.745768309 1.56686413 1.03082061 0.722904861 0.739033103
    0.702426612 0.53047812 0.673628449 0.436956972 0.527411103
    0.570370138 1.21716893 1.1521858 1.56211662 1.3829993 1.06610894
    1.72074604 1.32371175 1.48768783 1.13939106 0.904459774 1.70959103
    1.25356853 1.02373278 1.61461771 1.09241772 1.1387552 1.04367602
    1.5306617 0.940620542 1.39900577 1.41854906 1.52715385 1.28557348
    0.952088535 0.877849162 1.62752652 0.747767568 1.04481149
    0.778995633 1.54346621 1.10808635 1.03549933 1.48264933 1.3078177
    0.865400553 1.48140156 1.48516572 1.49475873 1.2912035 1.07575643
    1.62766588 1.30189335 0.765903413 1.23188066 0.803181112 0.984497547
    1.18516314 1.07135975 0.669752538 1.57370543 1.38548422 1.04035163
    0.873041093 0.874457359 1.68213892 0.705837548 1.42468178
    0.849125028 0.798142672 1.61341727 1.13517261 1.19227266 1.15819669
    1.34545982 1.1339649 1.54306066 1.1642462 1.38762474 1.1848278
    0.900821805 0.766480684 1.61140668 1.32066298 1.06155491 1.16423178
    1.36479867 1.3897748 0.690555215 1.38429403 1.38183725 1.07734585
    1.22316384 0.815574825 1.03577757 0.669598222 1.1997149 0.983732283
    1.10553205 0.981706679 0.936767817 1.3893069 1.03032863 0.870096982
    1.19857967 0.800808132 1.32269561 1.30272746 1.39893508 0.673689425
    0.703944504 0.759589374 1.38598251 0.753057182 0.744464457
    1.00727224 1.31136334 1.47843146 0.744119108 1.29630208 1.64064741
    1.35456848 1.03809392 1.26622295 0.993444085 1.30213392 1.04505551
    1.17994297 0.769544065 1.35630953 0.794038832 0.995368659 1.64669418
    1.50355625 1.29254091 1.18898273 1.41706192 0.91527921 1.34185421
    1.43803763 1.26892924 0.844835281 1.5994184 0.937705576 0.748854935
    1.19546723 0.777025163 1.12918007 1.40253866 0.891785562 1.65378416
    1.01648915 1.67504847 1.4872098 0.750560701 1.22835255 0.737008691
    0.813051999 0.751793265 1.41175151 0.965341449 1.0679065 0.69496578
    1.15957665 1.11920202 1.61365914 0.815295875 1.17621052 0.884058177
    0.802350044 1.52455175 0.722021401 0.972815156 1.02881885 1.34969413
    1.255898 0.843424857 0.726570487 1.35374486 1.22731769 1.57184875
    0.965747118 0.970401824 1.11010718 1.63106835 1.38348234 1.08210182
    1.22277105 0.931793392 0.948117316 0.730168581 0.994940042
    1.23122561 0.614775181 1.354985 1.01249528 0.959410727 0.688471675
    0.873862088 1.13800514 0.724050224 0.978163421 1.25585544 1.66217363
    1.1278677 1.05993283 0.812581182 0.792121351 1.05539727 0.701892495
    0.810460508 1.13917911 1.58542991 0.889446855 0.843546867 1.56043017
    1.43788552 1.49684715 1.70002532 1.00099075 1.2478075 1.21584296
    1.21872497 1.60687006 1.06672442 0.770351887 1.14734018 1.38420892
    0.965658188 1.65023899 0.808960378 1.58245707 0.956728041 1.7062732
    1.13088787 1.63578713 1.27115285 1.40716052 1.48162162 1.38655961
    0.678736091 0.850959897 0.617259324 1.06581438 0.639007807
    1.34744823 0.802892029 1.06280375 1.22461128 0.878755093 0.756203711
    1.4097892 0.660345495 1.16145265 0.66977793 0.806783378 1.01620901
    1.52852869 1.54940403 1.30815482 0.60514158 0.744674027 0.405366808
    0.467771322 0.521957755 0.857948542 0.97082895 1.43036032
    0.786477089 1.36721408 0.856097281 1.12990487 1.34249914 1.65737534
    1.5238986 1.65596962 0.940958679 0.741091371 1.04977405 1.0836699
    0.901097238 0.867399752 0.951083422 0.802943707 0.812518358
    1.18472207 1.47410059 1.58055341 1.01768661 0.820885777 1.03095305
    0.896371126 1.12192369 0.645465553 1.33992076 1.22732186 1.5779531
    1.40617633 0.87438345 0.844938338 0.907461643 1.43485487 1.44812977
    1.00100231 1.68238485 1.19544709 0.766003132 1.18162441 1.51792252
    1.31069303 0.722274303 1.21186507 1.23588145 1.56695616 1.5599885
    0.9556095 1.28642976 0.785650969 1.01365292 1.32659137 0.897906125
    1.2902292 0.947457492 1.39176261 1.62196958 0.824798763 0.736946881
    1.0687921 1.1194613 1.02149367 0.712258935 0.816138029 0.867749333
    1.18257952 1.47775149 1.4085716 1.48967433 0.832742691 1.59852278
    0.826991618 1.41750419 0.892168641 0.770236015 1.03328192 1.50528884
    1.29638064 0.94058001 0.890508175 1.3062855 1.29364038 1.28491676
    0.942275822 1.17149329 1.63896286 1.54916573 0.959540248 0.954344571
    1.59466898 1.0234319 0.798026979 1.31366849 1.24949217 1.31472063
    1.53746295 1.61614096 0.686555684 0.635342002 1.5624181 0.949117541
    1.53972805 1.61820233 0.716429412 1.36309481 0.685731053 1.67886567
    1.56704223 1.55750799 1.50924146 0.92237711 0.958570123 1.11029732
    1.4077121 0.82729739 1.06493902 1.19709802 1.50297952 1.54734933
    1.3706243 0.95857656 1.62806296 1.6744833 0.797453284 1.07095301
    1.32200837 1.35166359 0.822663963 1.0823338 1.0260967 0.967324197
    1.54175949 0.689836681 1.5595777 0.660408378 1.17761087 1.06320727
    1.49469423 1.2100352 0.967678905 1.17443824 0.878678262 1.5436064
    1.45992529 0.833670557 1.51741803 0.945075512 0.638316989
    0.775997162 1.61837697 1.01724505 1.24795413 1.64479613 1.01652527
    0.95229876 1.59956253 1.48991513 1.55779588 1.06242883 1.18562591
    1.35701454 0.903205812 1.09783924 1.29561174 1.15132892 1.43565011
    1.03143871 0.988124192 1.27016735 1.3719883 0.979447305 1.20145702
    0.742187917 1.42121756 1.24666429 0.736407161 1.01099229 0.668561816
    1.54985571 1.32052934 1.16432786 1.52236891 0.718477607 0.807238638
    1.49567461 1.34738016 1.00418878 1.56843996 1.47866189 1.49814188
    1.45197237 0.791544676 1.47289467 1.3531388 1.48085725 1.0266
    1.47782826 1.43114495 0.683145821 0.726140738 1.10412574 1.30617487
    1.51000834 0.712201297 1.65610993 1.57135165 1.13612211 0.942296386
    1.12603974 1.05723238 1.29692006 1.33261502 1.55707026 1.16008198
    1.54001045 1.64929724 1.04301262 1.13000679 1.54753995 1.2850771
    1.35297632 1.56044769 1.43137324 0.901187241 1.64398873 0.697393537
    1.39926803 0.792535543 1.51287949 1.25911343 0.904734254 0.644591868
    0.616594672 1.16972077 1.20153296 0.780349612 1.42514753 1.04074728
    1.17035747 1.17965245 0.708135903 1.55388594 1.47184086 1.2750144
    1.29360533 1.26151562 1.55390024 1.07824695 0.913867772 1.16075397
    0.643482029 1.13254857 0.793949008 0.877829313 0.624570429 1.2251699
    1.16216433 1.61818564 1.63983583 1.70529008 1.04463589 1.22412753
    0.927894413 1.44569921 1.25673592 0.805419803 0.811570704 1.35551441
    1.28285348 0.68040508 1.54765642 1.621454 0.972852528 1.23047233
    1.5192349 1.4114306 1.43045497 0.811227858 1.13033676 1.38328862
    1.37631738 1.45932496 0.790736973 1.15315127 1.21210897 1.11798155
    1.13529277 1.41628814 1.42895269 1.41606116 1.5533253 1.52111518
    1.15744126 0.949491084 1.00444937 1.38498461 1.48225975 1.38077366
    1.33475435 0.837072372 0.928447545 1.39528596 1.60624182 1.62800884
    1.66826081 1.20310855 0.944624126 1.67708611 1.48062062 1.35675883
    1.39794934 1.05404437 1.22985995 1.05193865 1.32511842 1.64966178
    1.4030484 1.1245172 1.53797197 1.46943879 0.868260384 1.41998351
    1.56686854 0.832406223 0.671806753 0.652598143 1.26426661 1.41331172
    1.00173247 1.38675952 1.3903271 0.872212112 1.2582258 0.695302427
    0.623446703 1.04769778 1.11233163 1.32487524 1.32954466 0.707026899
    0.920443296 1.64523995 1.00117135 0.906298518 0.829274595
    0.793008029 1.42624617 1.26168048 1.15691221 1.07520556 0.7841447
    1.20857871 1.34159648 1.57008135 0.677814245 1.0664202 0.808718741
    1.6210258 1.32893121 1.4570967 1.12607467 0.674689591 0.724358082
    0.975680351 1.30079091 0.97303921 1.57050776 1.28271091 0.86809355
    1.56030262 1.02679598 1.32278502 1.5872519 1.27803826 1.47127557
    1.61127591 1.15503693 0.943232894 1.11786175 1.49208665 1.29872024
    1.30986035 1.26417124 0.987909555 1.29365671 1.18947506 0.718869328
    1.54396379 0.909254432 1.06427431 0.795165896 1.39755702 1.45555341
    1.59433472 1.53950393 1.06749511 1.50252247 1.14395809 0.727950513
    0.964980125 1.26559186 1.34084499 1.0656842 1.17695689 1.12806523
    1.17236936 1.52663982 1.50677991 0.700518668 0.741625607 0.734312534
    1.59653699 1.64954734 1.12091374 0.926596701 0.985959351 1.01289892
    0.691445827 0.758878291 0.886758268 1.59066725 1.29833579 1.40427184
    1.03741598 1.17412865 0.78386271 1.35505474 1.32240736 1.01475012
    0.997411788 1.19851291 0.647302389 1.38600516 1.10729158 0.947091997
    1.03551447 1.17490745 1.45568442 1.54012668 1.51167846 0.934625983
    1.52425826 0.874504566 0.977656543 1.27013302 1.51019204 1.22132242
    0.68942219 0.702880085 1.566118 1.5978986 1.48062479 1.10712588
    1.17174077 0.987390935 1.10828149 0.700703025 0.740000844
    0.736493349 1.42542851 1.06501484 1.080158 1.60710251 1.49191356
    1.10966539 1.10057759 1.31780529 1.2170434 1.53076601 1.27430916
    1.16614223 1.36294723 1.57540143 1.70565951 1.19950771 1.01554382
    1.71977282 1.14499986 0.81328094 1.50379515 0.822827458 1.30048299
    1.17406547 1.1079073 1.1841048 1.16517651 1.30127585 0.930116057
    1.53163397 0.921880782 1.11803842 1.29062068 1.00797462 0.843546927
    0.66380477 1.00089979 1.60268056 1.41097295 1.17354822 0.851097524
    1.02848315 1.49051785 1.34112155 0.625269532 1.35346615 1.0140177
    0.4171772 1.28558898 1.12925291 0.536315858 0.769071519 1.32589364
    1.59797323 1.48669863 1.08911359 1.70142007 1.45321929 1.61975563
    1.15161622 1.60849357 1.07840943 1.63010514 1.34476054 0.918203115
    1.53413808 0.687335908 1.2797339 1.51303661 1.18072033 1.40643811
    0.672408462 0.936523795 1.46755517 1.27007651 1.3948555 0.67634654
    1.48738205 1.42328334 0.860398591 1.34849346 0.776216805 0.925676525
    1.19809759 1.65777564 0.77268362 1.18942881 1.11872113 1.52209818
    1.16044724 1.36325371 0.881055832 0.907542646 1.24175334 0.932019711
    1.60654366 1.32716918 1.24916756 1.08380675 0.907239795 0.710678458
    0.839800537 1.06077135 1.43429196 0.869560301 0.80948174 1.32255816
    1.5183903 1.29828322 0.924981236 1.66727519 0.914639294 0.732751071
    1.03499973 1.23571813 1.63346553 1.35052931 1.46443784 1.03583014
    1.27827847 1.12127006 1.1812439 1.46685004 1.28711367 0.593535423
    1.43910432 0.837676942 0.702241004 1.13557637 1.14827859 1.09848642
    1.57887006 0.964976192 1.5104413 1.56803 1.26825535 1.17472386
    1.33116567 1.03895247 1.51033044 0.727451026 0.731661975 1.36870384
    1.42270708 1.36095619 1.53001595 0.748328984 1.20287561 1.42850637
    1.49096978 0.991856635 1.40844548 1.43850553 1.4374336 0.812758207
    1.08774018 0.929876387 1.66283095 0.930354953 1.60768354 0.690007806
    1.49577963 1.20039821 1.59086907 0.918946743 1.55103266 1.07259905
    0.704842985 1.62804556 1.08203495 1.13118339 1.73351777 1.60864186
    1.0492754 1.64728594 1.51384914 1.31302834 0.963742971 1.05340827
    1.23095381 1.36963487 0.702428162 1.34965968 0.975706398 0.960134506
    0.80478996 0.9388358 1.3021419 1.1497817 1.02321684 0.979199767
    1.62603474 0.938214421 1.30294156 1.06972682 0.995687664 0.971571028
    1.33690298 1.43243861 1.37772799 0.773075163 1.56810236 1.00703049
    1.45832467 0.783715069 1.07109678 1.11532116 1.57314134 1.51309729
    1.47680461 1.39006174 1.58803093 1.35620105 1.58465743 1.33106458
    0.828417659 1.4797405 0.754171908 0.886515379 0.993720531
    0.741887867 1.10936749 1.04248941 0.901021063 0.794611335
    0.902231455 1.44651973 0.881490827 1.57154512 1.08272362 1.54892063
    1.07162654 1.15594459 1.21841991 0.703705192 0.657956004 1.28533912
    0.927681267 0.847178042 1.18322384 0.996019602 0.667613566
    1.22069502 1.41723168 0.764958262 1.22480083 1.12904072 0.926097333
    1.03130996 1.1628418 1.1816442 0.665632784 0.760667205 0.72549063
    1.59012198 1.03215384 1.49049377 1.36051154 0.664666891 1.37501109
    0.794057846 1.46348917 0.9449628 1.40378726 0.804206908 1.32993197
    0.951354623 1.48759341 1.45158219 1.27399015 0.809191048 1.32158434
    1.669029 1.12946439 0.876632154 1.13630545 1.68210447 0.862729013
    1.23151076 1.20499671 1.57118046 1.0186609 0.949086845 1.24565077
    0.737837911 0.937420785 0.644316018 1.59458685 0.74160111 1.56027222
    1.09614027 1.50639653 0.926858366 1.14004898 0.668874562 1.35875702
    1.2383728 1.06078446 1.42716205 0.993128955 0.649821103 1.40210187
    0.733370781 0.677931786 0.429607749 0.588508308 0.918088734
    1.15462744 0.931640208 0.710100591 0.804342091 0.855265141 1.1143986
    1.56560433 1.6942898 1.51420021 1.31594646 0.768506467 1.17425692
    1.58405685 0.801099718 1.00036895 0.860404074 0.7292943 0.760313153
    1.20922577 1.3419863 0.829303145 1.0132153 0.702735007 0.825012803
    1.07916808 0.934039295 0.741922855 0.696343184 0.671263158
    1.33853126 1.21157956 0.777622879 0.919479847 1.43885207 1.20243371
    1.67500424 0.734792888 1.01559782 0.925742209 1.30828679 1.32228899
    1.46809924 1.37118685 1.57090056 1.4373157 1.48445177 1.58518338
    0.701154947 1.57373869 1.0028286 1.18278408 1.66925192 0.814596534
    1.47900832 1.24962091 1.54117918 1.09051299 1.23251534 1.35439932
    0.940241575 1.1645335 1.59712029 1.0886929 1.52975464 1.04389524
    0.756119013 1.55184889 0.947807193 0.993988276 0.903036416
    1.03723764 0.759858727 1.54953015 1.42121828 1.05797803 1.14754546
    1.43056977 1.35942996 1.34048402 0.884200931 0.691459477 1.4106034
    0.914342821 1.15021753 1.46891308 0.833000958 1.29168344 1.06418133
    1.0619154 0.705443501 1.6307894 1.2738241 0.920655787 1.09028625
    1.20291388 1.30460083 0.661305547 1.15682638 1.31598294 0.742608488
    1.1288898 1.40441334 0.990036845 1.23508608 0.654564917 1.24800038
    1.62546957 1.23256791 0.789735496 1.14402151 1.08941472 1.06031168
    1.29137123 1.62976623 1.16731083 1.58426547 1.33671665 1.65284336
    1.24306178 1.42679286 1.16260087 1.63303435 0.796430767 0.823377371
    1.44784141 0.885596573 1.09156287 1.27418327 1.19291711 1.46559346
    0.928429306 1.29658616 1.19175231 0.95937711 0.680521727 1.14405584
    1.09782076 0.8245731 1.47392547 1.06982017 1.69154072 0.716593325
    0.914085746 1.63308489 0.961230814 0.723595917 1.27509892
    0.753539145 1.38358879 0.876636982 1.40272832 1.15380573 0.648345709
    1.08671999 1.31693637 0.666873813 0.932813823 1.59054339 1.5713203
    1.13540697 1.30257082 0.892893791 1.593256 1.1265378 1.31527328
    1.46887934 1.4472754 1.5049026 0.851109803 1.49199283 1.42310631
    1.51078022 1.00282896 1.11283171 1.14955795 1.44901299 1.24103892
    1.00095487 1.18369901 0.893144727 1.17798972 1.26237214 0.756223381
    0.657332063 1.03340375 1.53358686 1.0229696 1.16152036 1.23480725
    1.36630404 0.995561182 1.49203694 1.41654778 0.998419344 1.14590502
    1.33216202 0.864065766 1.11294997 0.876666665 0.77529186 0.786325932
    1.13677001 1.60025597 1.09993231 0.908751547 1.03064871 1.52763152
    1.37466216 1.20246482 1.64651132 0.722224236 0.753587604 1.02483225
    1.54023421 0.743510485 1.45457304 1.3562001 1.56655014 1.29338217
    1.66260684 1.66245759 1.4804821 0.956057191 0.752003849 1.71707606
    1.11971259 1.61987698 0.80442965 0.764199197 1.15917933 0.662881792
    1.28612673 0.755185425 0.708271563 0.680830956 0.929345429
    1.05635583 0.932356715 0.970362604 0.719059706 0.779841661
    0.918131053 0.71894753 1.44328356 1.24085116 0.888002396 1.26092637
    0.895754874 0.786361933 1.21080184 0.547197878 0.930327952
    0.666093171 0.768628299 1.28866279 1.26429081 0.941948414
    0.920875072 1.61878085 1.1010946 1.6377759 1.1781081 1.44745898
    1.22512388 1.34238243 1.50496972 0.991135836 0.840619147 1.66099441
    1.15414119 1.37331164 0.992618561 1.17282939 1.44175756 1.28354681
    0.929561377 1.48587847 1.47518289 1.06297612 0.789976597 0.964217842
    1.15637398 1.42370522 1.60730255 0.768883944 0.956274152 1.04099131
    1.66364193 1.54194951 1.58586419 1.51462781 1.5438571 1.50210726
    1.5729214 1.62717509 0.954529107 1.57495797 1.27926373 1.39806998
    1.18826568 1.21024179 0.77323395 1.69841433 1.35487592 0.800122142
    1.36790287 0.754621089 1.68028438 1.05410683 1.3392992 1.01832843
    1.12219775 1.20515847 1.60216975 0.940838933 0.908977747 1.2506032
    1.5968765 1.28842151 1.48362136 1.45671344 1.19803798 1.37483931
    1.56770504 0.861577213 1.32288313 0.867434323 0.902786076 1.17028081
    1.37759173 0.634419143 0.760849476 0.66939795 1.09800601 1.44448936
    1.41797125 1.18850923 0.969966948 1.60127008 1.49834204 1.25438368
    0.771722376 1.54170525 1.26940584 1.40137088 1.05547035 1.44088852
    1.53556979 0.909289062 1.48551047 1.48161817 1.16218197 0.8272053
    0.786161721 0.66714555 0.800644934 0.750554502 0.781142354
    1.28685939 0.95565027 0.7933411 1.53845155 0.725519419 1.60186172
    1.00199759 0.956526458 1.50919831 0.852812052 1.12259519 1.65783858
    1.20890462 1.22927582 1.48455763 1.44760275 1.50862896 1.23678994
    1.06326318 1.34352756 0.826924324 1.31926167 1.64014363 1.46882546
    1.55232918 1.61765742 1.61274171 0.955806434 1.4632858 1.60243464
    0.625661016 0.722334504 1.63118994 1.42141521 1.13212621 0.904682338
    1.68220234 1.3554163 1.3426441 1.46572673 1.22278154 0.908923805
    0.658533812 0.646290123 1.35046101 1.34636486 0.638729632
    0.972917855 0.883490384 0.850100636 1.45252049 1.04429638 1.02073884
    1.64468503 0.987716377 1.49609029 1.59476399 0.838559985 0.97131604
    0.981503129 1.45316207 1.6029712 0.743840337 1.46362591 1.52481687
    0.869964004 1.49092889 1.13349688 1.60695028 1.1872853 1.12063265
    1.19869912 1.04592526 1.62549078 0.716935873 0.754564762 1.39093709
    1.42145205 1.12460852 0.923770666 0.89552778 1.30831158 1.07896376
    1.32107008 1.20538664 0.976030052 1.55913651 0.912301719 0.929037631
    1.01298034 1.08710027 0.79769361 1.10498595 1.03342748 0.764576912
    1.02614951 0.844255149 1.14570582 1.14763856 0.624389648 1.0921011
    0.790133893 0.707488537 1.29630899 0.988363385 1.30003655 1.27648103
    1.08142292 1.55968797 1.44045675 0.974669874 1.60607946 1.29421747
    1.48857391 1.52157247 0.727041721 1.48237705 1.5447185 1.62009871
    1.59459388 1.22350585 1.52468073 1.1755873 1.32730484 1.67160273
    0.923173249 1.54775739 1.52047372 0.837083399 0.888934612
    0.949159026 1.42493856 0.858754396 1.47395647 1.57013011 1.56493449
    1.21974182 0.740322351 0.920468748 0.690608621 1.26751328 0.86999619
    0.904097676 0.732720912 0.870029271 1.49023199 1.4495362 0.893213034
    0.737622142 1.02081883 0.689267874 1.073928 0.399010897 0.489691675
    0.673638821 1.45741773 1.17051649 1.3476758 1.69582856 1.15040314
    1.71226263 1.36186826 1.10593379 1.31124544 1.20503056 1.46672404
    1.52031791 1.20425689 1.28969646 0.996646643 1.28358841 0.89453131
    1.57247174 1.43125045 1.03457439 0.705885947 1.60284364 0.691107213
    1.08907902 1.14358091 1.44114876 1.65651965 1.60956979 0.963064849
    1.12324345 1.02084875 1.33014798 1.09349298 1.19708538 1.63396096
    1.55562186 0.843256235 0.88027209 1.16557634 0.977281332 0.994385898
    1.50451291 0.91134119 1.00591624 1.3566066 1.19685674 1.51070452
    0.837983727 1.11651039 0.713566482 1.56215012 0.933718562 1.65306628
    1.19323575 1.3853029 1.07977355 1.43293095 1.54653382 0.909126341
    0.976454616 1.66860855 0.996522427 1.34223926 0.733314276 1.16680169
    0.712622762 0.648807287 0.66962862 0.830473006 1.25265896
    0.891851723 0.908320367 0.858582079 0.716056287 0.738878012
    0.649513841 0.953448951 0.832498133 1.18762207 1.29875362
    0.855127513 1.0868578 0.843188167 0.855585814 0.796336591 1.50508678
    1.45713866 1.03049219 0.936495483 1.32145214 0.74952811 0.864602268
    0.679785311 0.836895466 0.776070833 1.20925403 0.829106033 1.4321965
    1.39398861 1.10620856 1.27074504 1.21150303 1.2942549 1.42811811
    0.679184258 1.29817808 0.827094913 1.61666012 1.13888121 1.37336802
    1.06304514 1.05597901 0.726717949 0.983959317 1.15331399 1.09024286
    1.09411097 1.4782052 1.53412294 0.79389441 1.3233366 1.69400895
    1.10599315 1.58106184 0.937570572 0.931737781 1.45784116 1.09574294
    1.03154767 0.659671962 0.870981216 0.763492107 1.51117837
    0.723313808 1.44925797 1.08843052 0.662923872 1.17551029 1.01225221
    0.864269197 1.63405275 1.06308913 1.14775097 1.50829959 1.47722507
    1.43908322 1.00115478 0.994816959 1.29921055 0.941970408 0.72023648
    0.882393003 1.1678462 0.837503433 1.66949856 0.921969712 0.816129684
    1.20200527 1.36906815 1.68608189 0.749046326 1.60561395 1.26281667
    0.993090749 1.48865736 1.46050549 1.26391375 1.52214181 0.920435131
    1.30063117 1.37325311 1.20157301 1.09713399 0.870377541 1.40355289
    0.665367424 1.20598793 0.830329835 1.49464452 1.51485002 0.674025118
    1.439502 0.873404682 1.48480999 0.811826825 1.51703334 0.868265331
    1.24581027 1.00696719 0.938799381 0.814230502 1.13793635 0.899248064
    1.60774684 1.51939976 1.47265577 1.50959766 0.927548528 1.21186161
    1.11193919 1.02649224 1.10445702 1.10240495 0.974910498 1.45944548
    1.33561921 0.742568731 1.01560128 0.802014709 1.20559013 1.04952312
    0.807986319 0.739792347 1.18944001 0.713677704 1.34261894 1.66355228
    1.09316325 1.03565884 1.43594027 0.893176734 1.12708652 1.31453121
    1.03692746 1.3780272 0.876600981 1.56661963 1.27560771 0.685745299
    1.54816687 0.81331116 1.35686219 1.03325915 1.34358215 0.896710515
    1.51576877 1.02483809 1.50926065 0.651993454 1.35527003 0.979222536
    0.732927263 1.17220473 1.42012095 1.18194914 0.886925101 1.1102823
    0.922558725 0.668000042 1.14157808 1.34859598 0.867970943
    0.687172651 0.781173766 0.563185632 1.38875306 0.591103673
    0.639943182 0.758195043 1.03353822 1.70035422 1.50404036 1.16517961
    0.791875541 1.39156997 1.63354969 0.771099329 1.3420341 1.13338351
    1.13176966 0.794625521 1.12639582 1.08164382 1.50074542 0.745670557
    1.33705986 0.77395761 0.845066905 1.52266908 1.26426661 1.57328558
    1.38950408 0.759554803 1.08318734 1.42443931 1.0382843 0.742132306
    1.35923517 1.07376909 1.35797167 1.23368239 1.52600503 1.06842017
    1.35527372 1.12969863 0.820646465 0.714784205 1.18568861 1.23559713
    0.746008039 1.65743661 1.42216575 1.3016628 1.57935786 1.38099992
    0.844573855 1.35001242 1.15154409 1.60532022 0.855908751 1.56370771
    1.07207239 1.51281989 1.49739349 1.12683475 0.759472013 1.03879309
    1.26731372 0.76515466 1.56231904 0.815505743 1.12954926 1.0581733
    1.09602153 1.19188857 0.641864955 1.56874347 1.467237 0.708287895
    1.47241521 1.01484239 1.38212657 0.913439214 1.13075292 1.37080944
    1.59560966 1.2782048 1.45959187 1.06600809 0.909298539 1.25865448
    0.886067808 1.26162708 1.03664541 0.855861187 0.74323982 1.44659257
    1.37980711 1.29342663 1.1298703 1.26532245 0.986548364 0.979744554
    0.828755677 1.55875576 1.24497139 0.629514694 0.953702867
    0.959596395 0.987639725 0.745820642 1.60029387 0.915619969
    1.13873446 0.844887316 1.17375255 1.47376943 0.78728646 1.29810596
    1.04085445 0.794767559 1.06449425 1.00412035 1.51484621 1.34360385
    1.39356017 1.41534233 0.938748062 0.975235581 1.43618011 1.47473145
    1.14737332 0.885374665 1.62251055 0.660211027 1.35111034 1.43630195
    0.969582856 0.753881931 1.53816402 1.34732962 0.894869506 1.52525258
    1.61688185 1.26667845 1.04002893 1.24730945 1.60736227 1.45143759
    0.936188638 1.60784185 0.730644882 1.00501645 0.60090059 0.816195548
    1.05447102 1.45282209 1.04416811 1.23915231 1.19316816 0.88404882
    1.56077802 0.845629156 1.44770074 0.902002871 1.0303396 0.998983085
    0.843038797 1.43624997 0.688693702 1.24723804 0.70433265 1.48691308
    1.30154192 1.03125703 1.44134521 1.1576854 0.756840646 1.04301453
    0.639192641 0.829752922 0.895471215 0.941822886 0.864638746
    1.05633509 1.46005225 1.1638869 0.883575022 1.36714041 0.973815322
    0.69691658 1.57845485 1.62126374 1.29478145 1.21501899 0.778774261
    0.71057117 0.780620873 1.03090978 1.01988018 1.24649858 0.71273303
    1.41368663 0.951450825 0.908515394 0.955632746 0.762510002
    0.72977531 1.14708149 1.21011257 0.688370347 0.870180964 0.73745364
    1.3963654 0.783579707 0.698415399 1.50690556 0.723412931 1.56394017
    0.702366829 1.22047985 1.38803792 0.866504967 1.09093273 1.24861991
    1.44241989 1.26809883 1.621732 1.56860089 1.48577619 0.767284811
    0.962470472 1.54596853 1.19574678 1.2893734 1.0161792 1.18043888
    1.07800519 1.63774872 0.841897726 1.42424417 1.37670505 1.05255473
    1.00598812 1.18427241 0.984544516 1.52235901 1.18742955 1.03310597
    1.59481287 1.42949331 0.677431524 0.93298322 0.847216904 0.981366456
    1.21301341 0.977285922 1.1749115 0.797144353 0.661519229 0.527794778
    1.33901405 1.02453732 1.01956403 1.48807251 1.50492251 1.02280331
    0.711876631 1.23380458 1.51369822 1.69668925 1.10497034 1.33108282
    1.42710149 1.31968963 1.25746703 1.34075427 1.6297015 0.826288342
    1.33919597 1.15178442 0.99105984 1.20815289 1.51871586 1.04390359
    1.33146083 1.27277923 0.897153676 1.37584937 1.47844517 1.55554342
    1.07943904 1.67509568 1.13545334 1.70069623 1.09451282 0.808732331
    0.868301868 0.99883306 1.22327518 1.26672745 1.00910771 0.971764922
    1.13713789 1.41265833 1.50996494 0.80598104 1.59316945 1.35679233
    0.920947969 1.57642937 1.61309838 1.53330564 0.891900837 0.838659823
    1.58220673 1.60296226 1.4487083 1.4589926 1.36309195 1.41169131
    0.779429495 1.15697765 0.790762246 0.703034282 0.981985509 1.3093816
    0.965432703 1.32193077 0.727818727 1.32063639 0.884179711
    0.692506075 0.789321959 0.58044374 1.01880705 0.900314331
    0.718141317 1.40220356 1.06586385 0.887927592 1.15035141 1.24989879
    1.43475103 1.29358983 1.26841676 1.41570997 1.44778085 1.0499202
    1.09147859 1.63917983 1.13983953 1.08666539 0.903199196 1.60358083
    0.746469557 0.923538208 0.773257494 1.38687694 1.25394571 1.06949389
    0.607270062 0.772296607 1.41256607 1.21034873 0.78787291 0.986581147
    1.52344084 1.31930602 1.2245003 0.775834262 1.27961504 0.737666368
    0.649460077 0.715274513 0.867879689 1.66141522 0.980933845
    1.47341502 1.00419486 1.62040424 1.06902504 1.37316906 1.24399424
    1.09459794 1.58801734 1.43591845 1.36569488 0.86331135 0.718957484
    0.890216887 1.48700297 1.54288661 0.814959407 0.970049024
    0.706433058 1.10894966 0.668593705 1.19595718 1.30856228 0.745969296
    0.930935919 1.25527489 1.54519868 0.976706386 1.21882665 0.695020556
    0.754915178 1.10454011 0.660395324 0.683053493 0.664644718
    0.751405358 0.693038583 1.01604331 0.687667668 1.50114763
    0.941295683 1.482862 1.3210336 0.947083294 0.873589933 0.79900378
    0.867378235 1.60605061 1.0976547 0.697529078 1.43113041 1.54474747
    1.14527416 1.21491206 0.959404945 1.22031474 0.665364146 1.20728052
    0.693329036 1.06230927 0.760222137 0.996494234 1.43996704 1.04882407
    1.49881589 1.51438713 1.42786312 1.66652143 1.24742341 1.44664419
    1.38833523 0.794005096 0.796192884 1.07673967 0.793966949 0.98819524
    0.720346093 0.651567221 1.29158485 1.56990063 1.3385551 1.22873843
    0.644550264 0.839891434 0.659177601 1.20578063 1.01815748 1.14232242
    0.683898568 1.32667315 1.09730196 1.24597681 0.892840803 0.768518925
    0.800076127 1.33430457 1.18778634 0.845696092 0.763704419
    0.687704146 1.66364336 1.32578814 1.53984523 1.22331917 0.751678109
    1.09093297 1.54180205 1.02789974 1.59418094 0.913899541 1.03042734
    1.52804089 0.981567085 0.658963561 1.23909712 1.21289909 1.47389817
    1.34684277 1.37632692 0.999694109 0.992846131 0.86901325 1.26799822
    0.844195187 1.15926266 0.904054046 0.98762387 1.33670259 1.57168639
    1.16680849 1.08440614 1.03671396 1.0588069 0.829392731 1.18469226
    1.40634811 1.39186966 1.09328747 0.689422071 1.07159722 1.25026512
    0.829512656 1.52781415 1.54265654 0.942070127 0.814538419
    0.956420481 1.00161457 1.60360026 1.62137926 1.55610812 1.63435459
    1.63985288 1.06641722 1.38409305 1.21886349 1.5318172 1.02344286
    1.04707122 0.858150065 1.11111057 1.54875863 1.60700059 1.39334905
    1.54025757 1.38053107 0.882845938 1.37493694 1.61053526 1.41808796
    1.35043979 1.40462148 1.6421032 1.61562061 1.06607223 1.2038033
    1.00685275 1.49797022 0.93762815 0.918496668 1.15972984 1.20290875
    1.65223038 0.86941725 0.999164701 1.67037189 0.897558331 1.25485742
    1.0021472 1.15627158 1.61513126 1.11950183 1.27761209 0.816473663
    1.51732111 0.749266803 0.977637053 1.50864649 0.818099141
    0.980432451 1.48338544 1.16600883 1.50512564 1.34458947 1.30763948
    0.673636377 1.36692679 0.764054835 1.52724302 0.818941176 0.87050575
    1.01421463 0.754808664 1.23234797 0.903681636 1.07626891 0.970152259
    1.56232369 0.851775169 1.64034414 1.25399268 1.2951982 1.61436808
    1.65384018 1.50240219 1.37172008 1.18651557 1.30052269 1.24716008
    0.866364598 0.730976701 0.7244609 1.03425682 1.2712611 0.81589818
    0.651790857 1.43696439 0.905304313 1.09962702 0.94717288 0.934855044
    1.36543131 0.706148624 0.984432518 0.908667445 0.726237953
    0.956844568 1.38333476 0.780997455 0.613336921 1.27533531
    0.796639502 0.718052864 0.646820068 0.963796139 1.25251424
    1.43568575 0.754587352 0.638226986 0.700696468 0.974933505
    1.15653729 1.0066818 1.15207565 1.21196222 1.14885068 1.24589634
    0.967770398 0.691138089 1.00015259 0.661639214 0.839491785
    1.50578821 1.51429093 1.46232152 1.53234506 1.11637175 1.01021409
    1.4188813 1.63290477 1.54236448 1.35324693 0.733471632 1.08809674
    1.04762459 1.35071003 1.03721786 0.782011092 0.930999637 1.00299096
    1.23000252 0.802096367 1.07196832 1.0669837 0.866801798 0.79721266
    1.42990756 0.844728947 1.3070401 1.46126115 1.49422967 0.739283085
    1.05073786 1.22160625 0.66789645 1.3673538 1.54047167 0.700852156
    0.757092476 1.0859623 0.904982388 1.09425259 1.2115382 1.09727085
    1.25383568 1.04520607 0.942258775 0.618647873 0.635118663
    0.738152385 1.54664087 0.884504318 0.924593151 0.750772655
    0.950198233 0.961594284 1.01034069 1.50489497 0.810569584 1.33076441
    1.50425875 1.0799104 0.808079362 1.14100802 1.0004065 0.829697609
    1.19427192 1.55361652 0.899789989 0.73208642 0.802372694 0.950820982
    0.963540554 1.32550013 1.45019102 0.645408094 1.2505753 0.918537259
    1.01836503 0.807942927 1.31775331 1.62793553 1.47070396 0.890723467
    1.25058341 1.60082281 1.3697989 0.770118833 0.788991094 0.778036833
    0.855426371 0.927046239 0.910567224 1.06836975 1.51611447 1.01149988
    1.24080288 1.43875515 1.49148417 1.44823611 1.23739171 1.04685295
    1.18832541 1.06633794 1.36103284 0.755118728 0.726413667 0.670553267
    0.86718452 1.24830925 1.19448113 0.797233522 1.04155314 1.52226615
    1.57965958 1.10965037 0.851109207 1.39474928 1.54686224 1.21106863
    1.18092132 1.25668383 0.541146934 1.35662246 0.913362205 1.32956934
    1.18564677 0.739043832 0.603870153 1.35694575 0.840598226
    0.878276765 1.18504298 1.16736293 1.01938772 1.66107023 0.775800705
    1.20193422 0.936553121 1.66180778 1.28844655 1.46029544 1.61558115
    0.81843698 1.43029261 0.803157449 1.67747319 1.60305655 1.60043895
    1.45564556 1.2455951 1.61925423 0.946854949 1.10792017 1.31205142
    1.59418619 1.10866344 1.68160701 1.57696176 1.3929131 1.12975633
    1.47534502 1.25885499 1.21306598 1.31051612 1.47966588 1.67711866
    1.47654366 1.59388721 1.08472729 0.787130117 0.983499706 1.11872423
    1.02678096 0.900529265 1.01041353 0.711873055 1.33310962 1.23227274
    1.52055812 0.876578748 1.62194395 1.6177628 1.65852058 0.745902956
    0.833911657 1.29456055 0.754091859 1.48398435 0.99230808 1.46048379
    0.937506795 0.686204135 0.749324977 1.3405441 0.932906151
    0.729219079 0.862362683 0.885627866 1.33630681 1.12121594
    0.823093414 1.34534407 1.49522853 0.864599764 1.44456077 1.56585217
    1.39868462 1.19390845 1.20656538 1.53940356 0.840058804 1.22509158
    0.776163042 1.33274257 1.4489063 1.52197564 0.99997884 0.90125531
    1.03948176 1.33420002 1.4824121 1.18337274 1.43753314 1.42802083
    0.892330348 0.845450938 1.21797729 0.83953464 0.667830288
    0.683324933 1.28451717 0.797750771 1.09304583 1.00817621 1.3973093
    1.13551223 1.57785487 1.57170558 1.34918082 1.0943687 1.3125788
    1.0408386 1.09922862 1.58209264 1.38715792 0.769120932 1.07856524
    1.30019474 0.661352456 1.36906552 1.1004535 0.853031039 0.708256125
    0.906645179 1.24111569 1.2752459 1.06564569 0.805241764 1.24035513
    1.33161843 1.61273468 1.48832417 1.21712673 0.908418477 0.700208902
    1.25141156 1.33244038 0.876853645 1.38737178 1.33396959 0.994164348
    1.13144648 0.684617579 0.96215862 1.46348584 0.725794613 1.3236562
    0.973173559 1.23960125 1.02105725 1.48247552 1.32420862 1.4490099
    1.62287307 0.749630868 0.906127453 1.00571811 1.05041265 0.967143655
    1.34376383 1.25477576 1.04192269 0.754246116 0.962270558 1.02199507
    0.676041782 1.04396844 1.36255777 0.69526577 1.58930004 0.760633886
    1.01662314 1.03342354 1.42213106 1.02676105 0.856678963 1.16277778
    0.986805439 1.43089199 1.28118789 1.26846814 1.50448549 1.23971701
    1.55492461 0.759219706 1.6132462 0.969892383 0.846973836 1.5783782
    1.29147899 1.09014237 0.802957237 1.13192451 1.08216608 0.981802702
    0.972977638 0.749252915 1.46550405 0.8879444 0.825417101 0.663085818
    1.42154586 0.931675375 0.964052141 0.775567532 1.19289017 1.47812748
    1.28746796 0.739676476 0.669663072 1.16960549 1.63400173 1.40221536
    1.18436062 1.01658988 0.886002958 1.02013993 1.0078696 0.655712366
    1.23269045 1.00601161 1.04210198 1.07775545 1.40282798 1.442011
    1.6165545 1.04668045 1.40887058 0.805221617 0.934276342 1.26792419
    1.13601148 0.93874675 0.936860323 1.01301885 0.943382144 1.09510815
    0.901847959 1.20880842 0.836462736 0.745374978 1.57064271 1.40302944
    0.84662199 1.51491797 0.824482977 0.870839477 1.09263384 1.30445218
    0.574054837 1.19967341 0.825164378 1.34533834 0.823042572 1.05342174
    1.57612717 0.821156502 1.65774977 1.5844692 1.13627577 1.33047831
    0.998904169 1.01277041 0.85368818 1.05150247 1.29011703 1.24657905
    1.06707633 1.63645494 1.43454385 0.833675921 0.995979309 1.58164859
    0.914043427 1.43111372 1.42167413 1.18625021 0.966293395 0.824375868
    1.16460919 1.11959958 1.23747051 1.53444028 1.55687594 0.813114762
    0.81413722 1.7106446 1.15920544 1.31523156 1.38405347 0.730669677
    0.87674886 1.64028168 1.64368367 0.772970855 1.6071527 0.970580578
    0.808555782 1.10830367 1.59628153 1.56005251 0.785341859 1.46028376
    0.867273152 1.44405806 1.41560292 1.26837993 1.65914881 1.26346135
    1.59032047 0.828688323 1.38768828 1.40858221 0.793877959 0.866262555
    0.690957248 0.798763812 0.94859302 1.52649891 0.787164986 1.56886637
    0.584398568 0.75089699 1.07395267 0.650852323 1.12252653 1.47132766
    1.6061753 0.856598973 0.977962971 1.52974284 1.34579396 0.78573066
    0.948921561 0.799853802 1.40549314 1.13944149 0.851204693 1.32197249
    1.0819453 1.28759372 1.26179659 0.905129313 1.33370924 0.756399453
    1.14950335 1.51820815 1.06030977 1.56586564 0.829957008 1.10989773
    0.766567409 1.31004655 0.910045862 0.944200933 0.729003966
    0.823164999 1.32046366 0.687346518 0.722988188 1.29145384 1.08109939
    1.57277393 1.04926693 0.733579576 1.11988103 1.27479315 0.673429012
    0.754691124 0.703608274 1.00189459 1.04242635 0.701821983 1.2420994
    0.91670388 1.59224272 0.632728457 0.940891743 1.33331716 1.27099478
    0.897249162 1.28900504 0.655048907 0.987926245 1.05698657
    0.792921364 1.24776709 0.990451097 1.04861009 1.52701092 1.65853274
    1.17508864 0.73895812 1.00627828 1.36833596 0.889721572 0.756020188
    1.35400653 0.848294735 1.45028389 0.967002511 1.0865792 1.34341002
    1.135674 1.12861681 0.768258214 1.10383606 0.974125803 1.44999456
    0.999978483 1.30974102 1.59642076 1.39066899 1.20150268 0.92872715
    1.0293777 1.21695018 0.940764546 0.960128129 0.946314037 1.30863976
    1.40685809 0.996756434 0.953434527 1.29426372 1.00310075 1.38324559
    1.23268604 1.50962317 1.03335977 1.21643806 1.21111929 0.738179982
    0.827843428 1.51019132 1.17681003 1.5643568 1.4385308 1.56534863
    1.59670925 1.45014548 0.884678483 1.1099025 0.754842222 0.944011509
    0.71752727 0.78647989 1.30951381 1.11756432 0.952317357 1.25128615
    1.46198547 0.749460995 0.664044499 0.654628754 1.29812777 1.01309502
    1.01964176 1.57450414 1.01922596 1.58456028 1.17059863 0.938903749
    0.679695427 1.12286556 1.03621042 1.51581538 1.29189551 1.39003968
    0.975382209 0.835223913 0.760183632 1.55171669 1.05050397
    0.726236582 0.714087129 1.04203784 1.08965075 1.009794 1.50071847
    0.991152406 1.15847266 0.727059186 0.905962288 1.10544789
    0.921589077 0.788190007 0.646125078 1.43678665 1.33239007 1.41188383
    0.716377378 1.13082087 1.19127083 1.6066097 0.81842047 1.61975133
    1.0498656 0.920026004 0.806984425 1.47143543 1.27013624 1.15705991
    1.20789599 0.542927444 1.09814715 0.43328318 0.908996046 1.20695806
    1.39761806 0.630366623 0.854141593 0.804887593 1.14530241
    0.655540049 0.698406339 1.07984173 1.56111264 1.10117233 0.985917389
    0.978614092 0.822067022 0.94753629 1.00898302 1.07810593 0.679664731
    0.690419853 1.27564168 1.37654424 1.15258169 1.12456155 0.793659627
    1.29248548 1.57631779 1.15963614 1.31089187 1.09747827 1.67114902
    1.32159555 0.774003267 1.07005489 1.45823228 1.56602061 1.20237088
    1.00043643 0.994092524 1.4919548 1.49739575 1.11334825 1.35885954
    1.6075201 1.18379092 0.71643436 1.21189356 1.56994414 1.21547019
    1.37135828 1.25446403 1.08697271 1.6064074 1.5699544 1.04038239
    1.13127446 0.869542539 0.827665925 1.51979053 1.03533936 0.755546272
    1.15384507 1.55497098 1.10644567 1.14152038 1.05968523 1.23657215
    1.55647242 0.568379939 1.55132151 0.64385581 0.904809654 0.991735876
    1.03144646 1.54105496 1.26527941 0.906392634 1.36835873 1.24119985
    1.53208292 0.981213868 1.48145592 1.46417069 0.975457668 1.18036008
    1.29225719 0.763461351 1.29971075 1.13154328 1.04130566 0.94168222
    0.830366313 1.00358284 1.15713096 1.13218772 1.09025276 1.58188558
    1.36839116 0.948091865 0.849799871 0.728639424 0.922523797
    0.593176961 1.49539709 0.721167266 0.68087393 1.58128428 1.12286806
    1.46300185 1.33007085 0.944957733 1.1999588 1.23941278 0.644105971
    0.984026432 0.94315064 1.36886787 0.736263633 1.13031209 1.1366713
    0.774324417 0.700884223 1.22182763 1.20036221 0.719463944 1.38969898
    0.983703077 1.38270998 1.14801288 0.938015223 1.09567606 0.840425193
    1.32928896 0.776686251 1.13197911 0.818700433 1.39617705 1.03069341
    1.5810889 1.14166796 1.533355 0.923368752 1.13581812 0.817917109
    1.20090473 0.642969668 0.899776876 1.25325966 1.11763847 0.78818804
    1.41084051 1.13486934 0.667418003 0.811352789 1.53527832 1.45329571
    1.241871 1.12770808 1.61728311 1.4524039 1.41946363 0.747386754
    1.60084713 1.45948684 0.70047164 1.56527507 0.720269084 1.55311322
    0.787631333 0.984543204 1.53169119 0.800254643 1.38558793
    0.725980759 0.884379387 0.960285008 1.02875221 1.16956651
    0.620763421 0.810680211 0.651644647 0.765401959 1.57366586
    1.54592299 1.37387908 1.02194977 1.2050705 1.1366092 0.792827904
    1.11350822 1.27238131 1.38473547 1.23085022 1.28826082 1.63189256
    1.48118484 0.817091465 1.07428467 1.50883341 0.717277825 0.803738058
    1.26969194 1.2362895 1.08123839 1.51522756 0.972579002 0.936813474
    1.47480214 0.894437313 1.33947635 0.804710388 1.24734902 0.773157239
    1.53736007 0.930798411 1.65563357 0.825865209 1.42321014 0.734385967
    0.902962267 1.05793679 0.765772045 1.15502918 1.13973033 1.34647787
    1.17632079 1.19737184 0.991149366 1.08810413 1.56972444 1.00326574
    1.55455315 1.38024151 1.03502226 0.877506912 0.884990811 0.759925306
    1.37253141 1.2957046 1.61389589 0.981673658 0.671741307 1.65536475
    1.35542178 0.987993538 1.40698075 1.07581222 1.30095267 1.28647375
    0.712019742 1.06285262 1.30880344 1.36469913 0.791190624 0.3529782
    1.22202384 0.74456948 0.698354065 1.33701992 1.02579737 1.08253932
    1.61730051 1.50588107 0.7556476 1.36348665 0.667177796 1.08091342
    1.48033774 0.792468131 0.8043347 1.22147441 1.63363862 0.807384849
    1.00761199 1.27926421 0.995076895 0.865197122 1.1524961 1.41180086
    1.1910553 1.18516815 1.3779794 1.22904384 1.06910408 1.3264147
    1.38627934 1.02001584 1.35026991 1.38974214 1.69226158 1.36010253
    1.16157305 1.42472732 1.58459961 1.57853723 1.43917513 1.44947398
    1.32945764 0.999735236 1.22643995 1.31109953 0.788533747 0.988417983
    1.19935608 1.44702911 0.762744784 1.29784167 0.906033337 1.41011941
    1.00339675 1.34495485 0.854886413 1.41962886 1.33339167 0.762108028
    1.12108648 0.722830951 1.1757791 1.59620309 0.964774966 0.729486823
    0.971550465 1.02716994 1.40616441 1.19866908 0.694121063 0.863501608
    1.38369226 0.671065867 1.11370981 0.794407964 0.984502137
    0.779981673 1.47291374 0.858280778 0.701156378 1.16694152
    0.840608895 1.3769865 0.973574162 1.24170375 0.815307319 1.36546659
    1.10099411 1.18162644 1.1408323 0.781195819 1.39762807 1.56626558
    1.41412544 1.05942059 0.941055775 1.33757472 1.18261468 1.02420592
    1.37600029 0.957856178 1.01564801 1.27187216 1.59373701 0.817916453
    0.899959624 0.918886542 1.14907777 1.56213605 0.6413849 0.824839354
    1.53343213 1.3486433 0.895295382 1.57324171 1.24015784 0.618766725
    0.796165109 0.960530221 1.48103094 1.04985476 0.756519377
    0.804502606 1.09437048 1.09153664 0.903004766 1.13677692 0.695531666
    1.18351448 1.59939456 1.14899898 1.05736506 0.846360743 0.863566816
    1.54093289 0.93120724 1.20443761 1.2529366 1.11059713 1.13995481
    1.46524537 1.01810455 1.24247456 0.713493228 0.672963083 1.23722184
    1.32719874 0.897670925 0.669020236 1.30681288 0.709189355
    0.631778359 1.40398335 1.49840915 1.55757761 1.43675566 0.9106884
    1.57698047 0.919105768 1.3291347 1.12135255 1.50952005 1.29365325
    0.767064512 1.09952927 1.14360392 0.718553782 1.18873405 1.47833955
    0.857784867 0.786695957 1.51144791 1.52681887 1.61032712 1.1580838
    1.47402096 0.689855278 1.32439697 1.12682068 1.45447457 1.4984349
    0.980144858 1.1388427 1.07825708 1.21225059 0.963820994 0.66137439
    1.18337679 0.848390818 1.42288482 0.919763803 1.47117305 1.26321292
    1.4495585 1.50342381 1.41891372 0.765745878 1.19797873 1.51055849
    1.4498179 1.08745813 1.15626192 1.10042858 1.35822475 1.15025723
    1.53179109 0.806181133 1.25149095 1.5111841 1.16446471 0.947203279
    1.09577596 1.33494616 0.956480682 1.16217744 1.60842967 1.20701277
    1.31744742 1.46798575 1.37309933 0.846974373 1.40110898 0.76745224
    0.688165665 0.887577415 0.974857271 1.45912528 0.839242816
    1.10570228 0.878982723 0.674918473 0.700933576 1.53916037
    0.694665074 1.56668746 1.47087836 1.40146339 0.677877307 1.6741941
    1.45723891 0.718501568 1.57154596 1.14747214 1.36866474 0.689956307
    1.65058386 1.09915662 1.18755579 1.55350757 1.28967226 1.47114062
    0.810783327 1.34002411 0.923774898 0.352820098 0.766343713
    0.540469885 0.86832124 1.2001996 1.53403354 1.56447816 1.27869594
    1.53570616 0.670900226 0.797683239 0.850649476 1.29576206 1.44058537
    1.49126256 1.39375758 0.726271808 1.57732832 0.9390378 0.734518707
    0.726308942 1.3244971 1.36717713 1.07027853 0.73173511 1.31588924
    0.799527526 1.24188042 1.1772356 1.68546069 0.825555742 0.850463748
    1.27098763 1.25046492 0.801350832 1.00265813 1.61546838 1.45110583
    1.04776168 1.33506751 0.888528824 0.741421461 1.17611647 0.781534314
    1.06409478 0.850769639 1.20387912 1.1748848 1.23182225 1.27017987
    0.864743531 1.08576417 1.59214175 1.52313137 0.805356026 1.325333
    0.756184042 0.941535175 1.05848837 1.49303102 1.64762318 1.0642643
    0.794400334 0.851416051 1.55162609 0.706503987 0.761614323
    1.38933003 0.853462994 1.57765758 0.905774653 1.13451028 0.961185455
    0.655742943 1.60008502 0.688950956 1.49377334 1.08247089 0.992542565
    1.37877607 1.25077283 1.24978137 1.27732372 1.37785447 0.835970223
    1.27649009 1.38581753 0.793902814 1.63333905 1.44930434 1.03142989
    1.38959491 1.61418855 0.977590024 1.12849104 1.65551305 1.21185577
    1.33244038 0.756255686 1.24866796 0.901428521 0.587725341 1.31157339
    1.26003015 0.73097533 0.953724384 1.09920454 0.801419139 1.19055831
    1.13765848 0.995794654 1.11789274 1.23479486 1.2032758 0.695220709
    1.30206656 1.23705792 1.56104708 0.860921264 0.794622779 0.896885931
    1.43425655 0.625292361 0.699687004 1.1387825 1.14820027 1.49428678
    1.56789291 1.31035209 0.675797701 1.43286431 1.41406584 1.43185925
    0.655930042 0.765939176 1.62477183 1.17323422 1.24944484 1.31471443
    1.21000314 1.43624282 1.08772993 1.66151738 1.17530882 1.09734607
    0.721797466 0.66104269 0.789849401 1.5020659 1.54410887 1.53914714
    1.53458846 0.959605753 1.16822934 0.935168326 1.33921671 0.871923566
    1.1514442 0.772957385 1.08869922 1.10260487 0.845062613 1.00089192
    1.44099927 1.49708545 0.825523317 1.32472634 1.53288078 0.780350327
    0.834863782 0.812714219 1.20730531 0.863675594 1.2644645 1.26766896
    0.929305971 0.777029753 0.677372098 0.732490897 0.987587333
    0.780724049 1.15179121 0.658615768 1.15480232 1.61451888 0.702443063
    0.867772341 1.03316224 0.995758951 0.94178915 1.64090884 0.837574899
    1.02005947 1.52002239 1.62414336 0.898640752 1.13860703 0.853634775
    1.06048667 1.26589668 1.3322643 0.865720451 0.858960032 1.22251916
    0.889674723 1.19389319 1.29916692 0.714537501 1.09469736 1.63068032
    0.897642255 1.23571777 1.16607666 1.43184268 0.82110697 0.911499023
    1.02712464 1.1062212 1.56944811 1.35969508 1.49245477 0.730585814
    1.21528935 1.31933665 1.03255486 0.665557802 1.47591031 1.27578664
    1.59175909 0.736959577 1.27379799 1.63631237 1.46609604 0.824949801
    0.861364722 1.32462311 1.66125309 0.890880823 1.27777946 0.855180979
    1.406443 1.56380212 1.11788309 0.947629809 0.867098212 0.878827512
    0.709574282 0.696573019 1.27677262 1.4744792 1.47261703 1.58098221
    1.29541683 1.07011032 0.971672416 0.733479321 0.650067925 1.09264481
    0.921285927 0.675636113 0.637953281 1.18909037 0.838520885
    1.08762276 1.4166646 1.22156048 1.48125863 0.741090894 1.44247699
    0.804201186 1.05042279 1.44627464 0.608586669 1.32704341 1.19302046
    1.53902555 0.679085433 1.62492037 1.41495192 1.13046765 1.20817828
    1.10179913 0.986591041 1.05403304 1.29326689 0.73658973 1.27916622
    0.849612534 0.84913218 1.63882053 1.39199138 1.24457574 1.26574194
    0.825001001 1.50825846 1.5701915 1.0936358 1.350299 1.15122843
    0.784834564 1.00602114 1.33318794 1.63993287 1.16662395 0.986934423
    1.20123851 1.4415791 1.32259929 1.41422427 1.08869112 0.821102381
    1.32679689 1.2153815 1.46779859 1.32146323 0.878793001 1.02733219
    1.3279289 0.650477111 1.28398359 1.43426013 0.813076913 1.21850979
    0.79476434 1.37515211 0.973405182 0.908214808 0.885741174
    0.929153204 0.798064828 0.716470063 0.884217799 1.29424036
    1.33021951 1.11259437 1.64298379 1.5078094 1.65372634 0.803388715
    1.53283048 1.23223817 1.17738414 1.54024839 1.20356393 1.27666414
    1.50856137 1.56701899 1.53101218 1.57148099 1.63327074 0.697125137
    1.64337802 1.03628469 1.44544291 0.767073631 1.07625997 1.22814381
    1.48538852 1.32188463 0.607307196 1.46623564 1.41167247 1.08965111
    1.07855618 1.53083682 1.33282912 1.43449748 1.13714182 0.831550002
    1.54550767 0.757015646 1.10811651 1.04052138 0.732915998 0.899744272
    0.713558078 1.55376577 1.11791408 0.930371225 0.725538313 1.15200841
    1.48547924 1.47303736 0.885053337 0.788644493 0.687515438
    0.701303601 1.3901397 1.49657583 1.61470222 0.655749798 1.50143707
    0.7546314 0.704942405 1.15583968 1.20675075 1.40569496 0.881706417
    1.05209172 1.30897629 0.909685075 1.63380885 0.981153548 1.25016022
    0.820653021 0.754114211 0.688915849 1.25314641 1.51403534
    0.874491155 0.653767586 0.957249224 0.70846051 0.863331914
    0.81660217 1.33353031 0.731064856 1.55416644 1.68049097 1.24258292
    1.35230494 1.08263016 0.83788377 0.886813879 1.17201602 0.658152103
    0.985705018 1.11702728 0.87936312 1.30986893 1.49632776 1.07142675
    1.59466767 1.20719671 1.47578764 1.03067422 1.03390384 1.15418518
    1.37893879 1.60718048 0.831828594 1.40271103 1.08262801 0.867987394
    1.0563482 1.10084844 0.711024404 0.825572252 1.34202611 1.5503087
    0.734058559 1.64281785 0.857013345 1.12444079 1.34996176 1.16754663
    1.24493074 1.44877982 1.40023088 1.1829145 1.08723044 0.824200034
    0.962117493 1.45391059 1.47196853 1.02570224 1.64765251 1.45894253
    0.816849709 1.22299767 0.833320796 1.36494851 0.814426959
    0.861440778 1.43462992 1.58798015 1.48563552 1.27758002 0.782361507
    0.705341637 1.34758794 0.974894464 1.00461507 0.714798748 1.04212928
    1.40228534 0.992557585 1.14145732 0.858956277 0.708390892 1.34769094
    0.854503751 1.20243335 1.39132535 0.925704479 1.09727061 1.37020254
    1.23128831 1.12346053 1.43220294 1.00683796 1.46409094 1.20002162
    1.14208126 1.20272017 1.46943164 1.54606426 0.716913402 1.4419688
    0.880963504 1.30751729 0.465778559 0.676317573 0.396864891
    0.713492453 0.964076102 0.67650342 0.769173324 1.28524101
    0.785770595 1.23977649 1.38497603 0.895379961 1.34654558 1.24737775
    1.31516278 1.15595448 0.904093862 0.918321192 1.03536224 1.3664
    1.3319087 1.34885406 0.79346174 0.743124664 1.15949166 1.01561666
    1.07741952 1.30597794 1.07526278 1.61111009 1.28576386 1.05906928
    0.743439555 1.3788209 0.97657007 1.0277046 1.32090032 1.35402572
    1.0109055 0.927452743 1.66415608 1.65929663 1.32494748 1.43869066
    1.66629672 0.743869424 1.53699613 1.07960975 1.0747478 0.996469557
    1.33895624 1.39702106 0.745840013 1.58947074 1.08205795 0.896355391
    1.60264468 0.956462264 1.51145291 1.06536329 0.933700264 1.07330203
    0.836030245 0.768387139 1.43527961 1.33015013 0.666106939 1.449036
    0.966499448 1.43573081 1.14125907 1.30488729 1.52593338 1.07566667
    1.25573599 1.23285103 0.867019534 0.827410758 0.953391075
    0.864203811 0.758758128 0.93368268 0.954538465 1.27178061 1.32316053
    0.871527731 0.753127813 0.72730422 0.801104009 1.11197674
    0.910370529 1.68436456 1.04386032 1.50965154 1.37267447 0.811116219
    0.821020007 1.23247898 1.2767235 0.814960897 0.875619173 0.87836659
    1.13446927 1.13595212 0.703863621 0.784214377 1.05219293 0.68075788
    1.41583955 1.1825608 0.647955358 1.13791478 1.58369517 1.08395064
    1.4281708 0.743622243 1.15460944 1.29319394 0.862577379 1.17743349
    1.22019601 0.752239048 0.838862538 1.05566561 0.643377483 1.50620747
    0.917534828 0.676290989 1.38014913 0.815353632 1.52785945
    0.756534517 0.937814474 1.11963081 1.53532887 1.00789452 0.91143626
    1.66506159 1.06789625 1.24434626 1.64163089 1.52548182 1.32107556
    1.59598088 1.4995575 1.57525432 0.935802937 1.41401267 0.957246363
    1.25206125 1.24234784 0.768325806 1.57872617 1.24210572 1.17241406
    1.00746667 0.823435128 0.765020013 1.42765999 1.07087743 1.36768126
    1.50048852 0.996085107 1.2172091 1.3045454 1.13161564 0.892934144
    1.31866002 1.05097187 0.881664634 1.65313208 1.24611175 0.979607701
    0.678338051 1.52459085 0.950893581 0.684108377 1.17010748
    0.750067592 1.27222586 0.671620965 1.15436721 1.46946478 0.694315255
    1.5807358 0.773919821 0.848968267 1.00651824 1.16439283 1.66702104
    1.59547269 0.829523027 0.98673445 0.908233702 1.59952402 1.64917779
    1.53630006 0.813447177 1.26145911 1.15566862 1.36529064 1.33851671
    1.2478565 1.08052123 0.727599263 0.715453386 1.23087192 1.43968534
    1.04473746 0.899801731 1.14937317 1.24166453 1.00900805 1.38252866
    1.60042369 1.29902768 1.21481037 1.28348374 1.61321223 1.47251058
    1.07241261 0.961295485 0.959911287 1.43249762 1.58803976 0.844886065
    1.08222973 1.01559019 1.58358598 0.942501128 1.08019853 1.12921834
    1.11089873 0.664171517 1.11378741 0.666221797 1.50108433 1.49066341
    1.1563853 1.33868992 1.43301225 1.51710701 1.44993722 0.762885034
    1.00669324 1.52393711 1.57566226 0.784822404 1.03139091 0.761003792
    1.56330299 1.22015679 1.55981088 1.2201587 0.97699821 1.24063838
    0.478375524 0.669368267 0.719281077 1.14253068 1.41687381
    0.728750527 0.77853018 1.27638638 0.961293995 1.48442543 0.750311553
    0.988510132 0.632008791 0.606447637 0.950309336 1.1020956 0.87413317
    0.772759318 0.961013079 1.28945434 1.22806025 0.625527918 1.09651184
    0.818565011 0.949373841 0.991247296 1.02745974 1.1198715 1.25716364
    1.07507133 1.12821877 1.18128407 0.677501142 1.02606273 0.697010994
    0.988553762 1.24906397 1.31962514 0.970623136 0.767524779
    0.854529738 0.908358335 0.812182188 1.31321418 1.29796755
    0.902408659 1.42061067 1.20031452 0.74437803 1.13591325 1.37025213
    1.38968349 1.05186057 0.807605326 1.40381205 1.44900823 0.74849999
    0.968089521 1.03040195 0.744897604 0.927566707 1.01070106 1.15952349
    1.18186879 0.938111842 1.41755295 1.54322338 0.880443633 0.759505212
    0.719034016 1.37651277 1.04754984 0.816570818 0.797027588
    0.784607887 1.26062918 1.23207998 1.59524703 1.03959942 0.819267452
    1.30867386 1.13885581 0.927081943 0.975374877 1.39554214 0.756419301
    0.760707319 0.706766188 0.997794032 1.61365986 1.60896325 1.2070241
    1.2051301 1.62069654 1.66151476 1.00503194 1.01370728 1.49985218
    1.11408269 0.796009958 0.815651417 1.02675223 0.77287513 1.34043825
    0.768230081 0.655882001 1.13937306 0.926071763 1.57605517 1.48852396
    1.5664258 1.21832478 0.946312726 0.808987439 1.06442988 1.22378147
    0.762590587 1.50199938 1.24944448 0.675062895 0.9625718 1.53589988
    0.698373854 1.57517529 1.22844398 1.02308142 0.73945719 1.38313782
    1.4012754 1.17408884 1.13332748 1.23266447 1.15125299 1.07166159
    1.10624766 1.24880683 1.55527663 1.1459614 1.52452528 1.57710159
    1.12143993 1.36188817 1.55654812 0.948389232 1.38385057 0.731930375
    1.16514277 1.56443489 1.43697643 0.773378968 0.967621744 1.13416111
    0.997555077 0.719932854 1.42112625 0.862799644 1.08255267 1.268296
    1.01732635 1.13175738 1.43278039 1.06754267 1.08988619 1.22346306
    0.930596888 1.48774195 0.689086556 1.02793717 1.25036693 0.876898944
    0.729374051 0.862943828 0.688431203 1.5379132 1.4846431 1.24526525
    1.54763126 1.18011951 1.51789355 1.26736927 1.13419056 1.28001404
    1.59843564 1.2643944 0.812474191 1.1468426 1.54528153 1.1692369
    1.27778685 1.46483135 0.812018812 0.716135621 1.16386819 0.748769462
    1.16518688 1.58657002 1.23719633 1.12890732 1.08506322 0.850207448
    1.1099962 1.48436582 0.772814989 1.36385357 0.989714503 1.09347796
    0.985436141 0.946863055 1.02049935 0.901474118 1.12540662
    0.708697855 1.25911951 1.21374774 1.15426803 1.66442573 1.2264713
    1.39243221 0.842876077 0.739979506 1.18508995 1.26305592 1.20841742
    1.21263194 1.34646118 0.835712671 1.03038573 1.14064443 1.4368608
    1.29235494 1.25055182 0.965309441 1.24806035 1.19457614 1.13874042
    1.12940478 1.20795131 1.56481349 0.756116927 1.66105163 1.67212713
    1.13808358 1.51664174 1.45297015 0.723980725 0.946385562 1.58457744
    1.00463009 1.60019863 0.733101308 1.65047657 1.65263343 0.650324404
    1.52212203 1.14445972 0.508285165 1.3243221 1.05769122 0.772492051
    1.19581163 0.801719308 0.924610734 1.24679208 1.08750474 0.862255871
    0.774715722 0.724191904 1.44175553 1.2308085 1.15328121 1.22047567
    0.843263686 0.776233196 1.22681713 1.05645692 1.37619913 1.52165282
    0.935148954 0.926662862 1.49504125 1.46324933 1.51147807 1.21314967
    1.28461301 0.801390052 0.978846133 1.18284416 1.64466572 0.76568979
    0.836699665 1.13098383 1.36068308 1.51769388 1.23596656 1.56278574
    0.784983158 0.80793637 0.888564169 1.64519763 1.5678848 1.08979344
    1.43269622 1.61725497 1.21673417 1.37430263 1.18322182 0.944390476
    1.58777583 0.666059613 0.987409472 1.34067678 1.09713304 0.849807322
    1.48786294 1.17694616 0.631207705 1.37091911 1.43064559 0.948380351
    0.964411378 1.47692633 0.837731302 0.691987574 1.22036886 1.12581754
    1.16674435 1.28587425 1.51770568 0.779952288 0.755766273 0.956378043
    1.0683161 0.658836365 1.43537283 0.7171368 0.952080727 0.961683095
    0.68934989 0.796779156 1.08638752 0.973939836 1.45586681 1.56855285
    1.0784514 1.01683855 1.32791591 1.65524697 0.798867285 1.42535734
    1.17108965 0.733383834 1.55468047 1.35576892 1.27313554 0.708573282
    1.52249289 0.869588137 1.38886201 1.57138264 0.845882475 1.50473678
    0.686844349 0.634525299 1.33395183 1.4002682 1.30421841 1.53571451
    0.894066215 1.0621382 1.5856303 1.53411412 1.2337532 1.03552544
    1.21282852 1.5516454 1.24468625 0.958533585 1.33431149 1.09106374
    1.16747749 0.865454614 1.2444756 1.06245255 1.37482631 1.15665376
    1.41889465 0.674565494 1.31596541 1.19662249 1.31981361 1.24597943
    0.744970441 1.26438653 0.981656373 1.36155462 0.800871551 1.37270653
    1.30687308 1.37233973 1.00035965 1.44810224 0.7960217 0.811467886
    1.44922388 1.14357638 1.05172098 1.09302711 1.12066114 0.958915472
    1.23569667 0.90892756 0.767807245 0.846253633 0.980665624
    0.946029067 0.864439845 1.53706062 1.12150037 1.17734718 0.969790876
    1.25569713 1.60703254 1.31942904 1.3262707 0.819678605 0.85951072
    1.47947371 0.785158038 1.4019047 1.08924866 0.672769248 1.10609221
    0.971943259 1.071998 1.4662416 1.4848969 1.57956314 1.52036011
    1.39314628 1.36940634 1.09378433 1.37405574 1.5018394 1.22507274
    1.40827155 0.976662755 0.702696979 0.897734284 0.661362052
    1.03188133 1.21116316 1.01279378 0.971866131 1.51540613 1.54338467
    0.989446104 1.18044579 1.24395633 1.43255651 1.37031913 0.866203785
    0.849375904 1.11360335 0.745496929 0.927471638 0.740278602
    1.08848751 0.701559067 1.41390097 0.811196864 1.32193398 1.46964252
    1.14976406 1.0005343 1.13489103 0.837744892 1.31721961 0.657361865
    1.05982757 1.33657634 1.52326155 1.33727348 1.40677571 1.49983871
    1.06099844 0.761333048 0.750376105 1.5156635 0.908781111 0.933252335
    0.638403118 1.16551948 1.4713043 0.795372784 1.39557934 1.40856206
    1.20648968 1.37455094 1.58835089 1.51973212 1.13547492 1.5009135
    1.35590136 1.13373375 0.81516999 0.985316277 1.65564477 1.53213716
    0.750122309 0.897403359 0.68107456 1.12825012 0.638321757
    0.417711496 1.36041784 0.966713548 0.702252865 0.700964451
    1.16743934 1.47003663 0.664228797 1.29326069 0.900771737 1.46112168
    0.935166717 0.852849841 0.904969573 1.0282166 1.5447861 1.24501848
    1.21860838 0.780370831 0.842989266 0.837101042 0.94860971
    0.740004778 0.994028628 1.46491063 0.952225327 1.15521526 1.30962217
    0.790789425 0.859403908 1.14083862 1.65939379 0.959739864 1.13746595
    1.48701191 1.19832754 1.62671292 1.36204433 0.979176462 1.0573144
    1.49758053 1.46297264 0.875639617 1.44965339 0.764382243 0.916108131
    0.715105891 0.816975176 1.25538886 0.729863882 1.41004872 1.57574201
    1.53874099 1.09486854 1.38563132 1.61726403 0.852597237 1.02332258
    1.59454656 1.15015161 0.761169374 1.35728467 0.740644932 1.39041126
    1.09708607 0.91751349 1.41058993 0.733210623 1.27673984 1.43518901
    1.33705747 0.933255672 0.716167808 1.57035887 1.62414801 1.09000921
    1.53538024 1.22756171 1.01539195 1.22984421 1.54130232 1.12531924
    0.980311632 0.700199306 1.14403605 1.32524359 1.63181734 1.30872202
    0.850812256 1.53842664 1.45658982 0.773581326 1.29665709 1.08489406
    1.50667059 0.696923733 0.874757349 0.811165571 0.818766356
    0.631185412 1.49467957 1.34572542 0.771685958 0.833642244 1.34216726
    0.854619324 0.900075793 1.34963953 1.33175468 0.795981526
    0.931053638 0.688857675 1.00746524 1.53689516 1.02555525 1.62426043
    0.72099483 0.791586637 1.32463384 1.20352829 0.715056598 1.3730725
    1.41285563 1.32092965 1.15379333 0.855487168 1.51640654 0.931761205
    1.42514586 1.5525018 0.901085556 1.33825409 1.3501935 0.932366967
    0.676339388 1.47179544 0.961024284 1.28880835 1.52646577 0.804631531
    1.62640119 1.01534557 0.988935888 1.08369768 0.939064801 1.54322803
    1.40936637 0.762616575 1.52828836 0.828943849 0.7797876 1.33552837
    1.34981048 0.673072338 1.45777404 0.983643055 1.00645459 0.877756536
    1.25066185 0.652775466 0.652603984 0.689375579 0.902820468
    1.40548503 1.47720087 0.727150917 1.52604055 1.08387744 1.56325686
    0.687755704 0.758005559 0.756251633 1.06029189 1.50841856
    0.720767021 0.855382144 0.750814736 0.967923105 1.03422236 1.4217062
    0.966701865 0.751649261 1.29880595 1.23899126 1.18909895 0.958198845
    0.65877825 0.683482587 1.20258176 0.923025072 1.25152326 1.0900898
    1.61192811 1.42853343 1.01476407 1.5484674 0.90209043 1.72584987
    1.65408015 1.3309648 1.12916768 0.802446961 0.649422646 0.843319416
    0.925865889 1.45129061 1.31618154 1.48295224 1.30389857 1.14729273
    1.20105755 1.40752888 0.702776015 1.24274766 1.19319355 1.54551744
    0.756766856 0.843497276 1.43428493 1.56343353 0.660802126 1.26772189
    1.60855401 0.975560129 1.654055 1.12071025 1.64718568 1.3868103
    1.67059195 0.682262182 1.54428566 1.12102962 0.754616618 1.37465441
    1.09474587 0.777607918 0.849534571 1.42951703 1.28967369 1.59468722
    0.943482637 1.24219441 1.24944603 0.706569552 0.924352169 1.08632243
    1.55462372 1.20346403 0.822298706 0.934770525 1.38233161 1.31733346
    1.46314371 0.979616702 0.506950736 0.659813344 1.05112398
    0.832994163 1.03953695 1.08183789 1.34776986 1.02779353 1.52014089
    0.719894052 1.36427486 0.845805168 1.09444785 1.08057022 1.13790405
    1.10443592 0.833329856 1.28681791 1.47048771 1.33428347 1.16586757
    1.10869658 1.07051182 0.940792263 1.59599316 0.936107457 1.20018137
    1.34592557 0.775863826 1.51531971 1.54168785 1.32505322 1.24416053
    1.22158861 0.823397636 1.11735046 1.56186008 1.20157123 1.17163253
    1.41640031 0.916767061 1.373595 1.03724051 0.739792645 1.37362742
    1.45654821 1.49086475 0.843307495 1.09217727 1.14722168 1.64581084
    1.06378329 1.05579698 1.48289955 1.63762379 1.49126351 0.808217645
    0.765934587 0.939836562 0.885869384 1.36326623 1.22535253
    0.908566117 1.0844779 0.874352932 0.842215478 0.98445195 1.15276384
    0.90682739 0.823333502 1.51690304 1.29176497 0.848008573 1.56748307
    1.33507037 0.759018242 1.51249826 0.807194054 1.61143112 0.786205828
    0.697976649 1.28287888 1.59683156 1.38400114 1.10546148 1.50404143
    1.21409237 1.58427787 1.42919767 1.63836968 1.0024693 1.65561092
    0.928906977 1.39703774 1.2548691 1.45907509 0.873853445 1.14177787
    0.648754954 0.949965179 0.673080981 0.981581748 0.766313016
    1.2558012 1.5306294 0.969840467 1.33620858 1.40217245 0.68623215
    1.40506053 0.650699973 0.832198918 1.04151666 1.23924589 1.22441196
    0.696237683 1.5009495 0.892580867 1.22010601 1.58976352 0.947633147
    0.802145422 1.0387516 0.595719039 0.619629204 0.712735832 1.33105886
    0.877343059 0.602956712 0.620269179 1.60397112 0.71371901 0.64022392
    1.05943811 0.668600857 1.31741643 1.07771468 0.665429533 1.33965099
    1.61132467 1.10063636 1.13707614 0.941189528 0.844658554 1.000332
    1.15492761 1.25830126 1.65351212 1.32032132 0.825930357 0.832515538
    1.40098858 1.60004103 1.32733977 1.11065638 0.72728169 1.29403543
    1.21273303 1.5579685 0.918418109 1.12857354 1.42700839 0.857770741
    1.02092457 0.871821463 1.10395062 1.63399851 0.653122008 1.1846292
    1.10014749 0.866064847 1.50352895 0.66462934 1.18157613 1.41952646
    1.46613169 1.55022752 1.44480526 0.743982434 1.06855416 1.51432872
    0.729267418 1.19827056 1.23859918 1.47902787 1.47512567 1.02800429
    1.6195513 1.56881678 1.2394371 1.36398828 1.53570843 1.04082072
    0.794300497 1.19987011 1.49534273 1.42392623 1.46965182 0.946485639
    1.45131242 1.28190839 1.49460125 1.2886225 1.15610945 1.56891763
    0.949492216 0.720670462 1.45422053 1.56633651 1.16441119 1.50989878
    0.817657888 1.12080622 0.919073522 1.15868425 0.81394887 1.11026645
    1.03030896 0.673355222 1.35898483 1.38547122 0.840105712 0.764944732
    1.27272534 0.817987204 1.44182003 0.680369377 1.45937705 1.14781857
    1.1177423 1.63569653 1.55385292 1.43972528 0.779726684 1.38419652
    1.23947036 0.714108348 0.681116879 0.974079072 0.723058999
    1.12281072 1.21621752 1.44389498 1.55666816 1.62092316 1.68045592
    1.48796833 1.10584879 0.748953104 1.52985442 1.14516246 0.771189094
    1.05015337 1.59267414 1.21922684 0.857129216 0.661856174 1.16255093
    0.442646176 1.16436017 0.881366134 0.645616412 0.663009822
    1.40562701 1.43093991 1.03512025 0.864577115 1.11587882 1.33640659
    1.12915361 1.3986491 1.32965112 0.814386189 0.981853843 0.827888191
    0.723238647 0.903358996 0.821907341 1.00194883 1.13883531 1.28510058
    1.15765643 0.924755514 1.34665585 1.03480291 1.29335535 1.07181823
    1.65295279 0.969603062 1.20506227 1.52752876 0.693661571 0.91857034
    0.733276129 1.01228261 1.02271044 0.698653221 1.62162948 1.44311965
    1.63231385 1.09216011 1.60631001 1.31410539 1.26662588 1.43500519
    1.00005209 1.64302695 1.51113868 1.29077578 1.09866571 0.718443215
    1.65530658 1.63551164 0.944444239 1.24984038 1.4670279 1.34083676
    0.775628269 0.893739641 0.900350928 0.797095895 1.57385612
    1.43761861 1.39768958 1.17649984 1.53947198 0.901744068 1.29584026
    1.11546695 0.732586265 1.00673175 1.26638055 1.67103517 1.63836336
    0.941394448 0.771398365 1.50168562 1.22949624 1.59643173 1.11651504
    1.14407587 1.5985285 1.20607948 1.467852 0.962654829 1.55419159
    1.47648048 1.5903275 1.48124528 1.25884914 1.05692112 1.38477528
    1.23552072 1.26072061 1.56241393 1.47734904 0.916563451 1.30812895
    1.2995348 1.42134857 1.47691524 1.10629892 0.93738538 0.850873411
    0.761565328 1.40217292 0.987267375 1.21707785 1.25384843 1.57103956
    1.0369277 1.1142323 0.932612419 1.43645477 0.913552284 1.49684012
    0.924655259 1.47346115 0.713895261 1.54632211 0.701783895 1.13531387
    1.23559868 0.600387335 0.73197329 1.39035082 1.15823114 1.60927832
    0.921049893 1.28444326 0.6519171 0.707059145 1.15173292 1.29834592
    1.3717705 1.27506113 0.719958663 0.873155057 1.31597817 1.60831249
    0.77347666 1.38699138 1.43604958 1.4682467 1.47705698 1.56377089
    1.23715496 1.66571391 1.05719495 1.31102216 0.876342535 1.60256088
    1.23051882 0.705954254 1.10087299 1.49327636 0.752380311 1.20899045
    1.65628982 1.03992903 1.6572082 0.679171264 0.806038737 0.707183897
    1.11774039 0.952286661 1.62471974 1.53112912 0.824706137 1.51575887
    1.5497731 0.796323419 1.46924567 1.10907805 0.89403981 1.51505399
    0.982823312 1.51537251 1.27331948 0.795004189 1.17972863 1.24150229
    1.33081794 0.793309212 1.35035658 1.13621283 0.833608866 1.54308522
    1.63593054 1.32320356 1.07942808 1.33811939 1.14278328 1.04564655
    1.26377165 0.822177172 0.713980079 1.33329928 0.739184141 1.33412123
    1.36608839 0.995365798 1.39518285 0.873338163 0.859580934
    0.977618992 1.37848854 1.61443663 0.897626877 1.19345045 1.16906452
    1.28260469 1.52459228 1.38643634 1.36781085 0.894249141 1.10021579
    1.23765683 1.35840571 0.846666336 0.648207664 1.09121788 1.38031483
    0.854984641 1.38068497 1.12649715 0.999169588 1.2522763 1.1743747
    1.50809622 1.57559168 0.959654331 1.23399115 0.747961998 1.09724462
    0.89423579 1.09612858 1.29392183 1.28198886 1.35140884 1.67876792
    0.940108657 1.4578687 1.69023061 0.952623487 0.697336435 1.1412909
    0.876803041 1.17714524 0.831239522 0.852790296 1.12913096
    0.702568233 1.29651821 1.167732 0.85844487 1.30812049 1.36497867
    1.55634677 0.713775933 0.87882787 0.986387789 0.821351409 1.18081379
    0.94447428 1.39010084 1.4856292 1.24562395 0.902856052 0.704250157
    1.40340626 1.39672506 1.22229326 0.796466291 1.60292029 1.20665669
    1.01537871 1.51842129 0.872949302 1.4611026 0.718968332 0.71477741
    1.61870217 0.767925084 0.941110194 1.35332716 1.40858507 1.29701781
    1.00781465 0.980699122 1.38792109 1.25048673 0.978402078 1.04913557
    1.09011376 1.03122509 1.2111882 0.796590567 0.740031064 0.665026009
    0.653963566 0.935456872 1.63851058 1.3770051 0.821386218 1.42667043
    1.21312809 1.46682036 1.54839492 0.802385986 0.818856657 1.54609275
    0.867743611 0.713239968 1.40161455 0.61335516 0.673132718
    0.601278543 0.927888274 1.19196737 0.728469968 1.06154871 0.69683516
    1.08579636 0.875999033 1.30164194 1.38775778 1.51308775 1.50981486
    1.3095845 0.942050278 1.40386844 1.65080321 1.10030866 1.66764295
    0.767349184 1.46344912 0.82358098 0.805995286 1.27133274 0.810668766
    0.899314046 0.858387411 1.05504513 1.58916497 1.23526382 0.724652529
    1.50130582 0.814984679 0.853407145 0.880485356 1.15062571
    0.812747955 0.687005818 0.821070075 0.741915047 0.790990591
    1.50711358 0.893867135 1.09168696 0.956293523 0.653723538
    0.953370929 0.729206502 0.812589884 0.777964354 0.995348096
    0.968660951 1.59021533 0.755674779 0.879998147 1.6072706 1.62494886
    1.34163916 0.834056854 1.39610696 1.03388298 0.79323566 0.934683859
    0.817630649 0.718737841 0.872361004 0.811386645 0.793956161
    0.874133587 0.853149116 1.62536502 1.06158435 1.31798661 0.96757108
    0.816363931 1.24675786 1.44967055 0.719855964 0.927456677 1.28410363
    1.05926919 0.847047567 1.42484093 1.12829733 0.89722079 0.885313749
    0.971683979 1.42912877 0.953397572 1.65037704 1.41921258 1.17745399
    1.34287453 1.50011432 0.778330743 1.1165657 0.932694972 1.18447018
    1.52389455 1.07081962 0.920832336 0.762956023 1.50899971 1.13595736
    1.01068985 0.999619305 1.58201182 0.853463531 0.909702182 1.12873805
    1.2236644 1.1129545 1.39030981 1.19282711 0.963861406 1.29097295
    0.965381444 1.35641062 1.15450299 0.851234913 0.988530636 1.25343907
    1.59193492 0.972752631 1.1841079 1.23154986 1.08917999 1.11433065
    0.795613289 0.831854582 1.26674509 1.62075245 0.701252341 1.52178121
    1.66787648 1.15321553 0.895526886 1.43535972 1.45888162 1.05835485
    1.0871774 0.997291625 0.969462156 1.14938939 0.9818331 1.22624886
    1.32316196 1.13881421 1.63766789 0.791420579 1.13986409 1.05957949
    0.665238321 1.59732032 1.03125834 0.943065166 1.03949451 0.944016457
    1.06033421 0.913683176 0.731381893 1.27583206 0.675144613 1.5868063
    1.48662138 1.62120903 0.765799046 1.09242809 1.03006792 0.83991766
    1.08704507 0.769111037 1.29506922 0.772548795 1.08439827 1.21384346
    0.88397342 1.68439078 1.22271788 0.837126315 1.42502189 1.46034336
    1.15605748 1.64336407 0.987359345 0.735251784 1.23304188 1.36013186
    0.708627701 0.813118935 1.00574374 1.30040216 1.22618437 0.553980947
    1.18003702 1.36126411 0.660666227 0.722974718 0.92914772 0.937677383
    0.763380229 1.34998047 1.3245362 1.59610748 1.23223972 1.35388637
    1.38432062 1.26958966 0.976211607 1.49253774 1.40066409 1.48515821
    1.41668558 0.808393002 1.29144442 1.42111564 1.58383608 1.19210398
    1.26296782 1.39637244 1.29864204 1.46255219 1.05074656 1.64919925
    1.50235736 0.895810246 0.730594158 1.25280428 1.45060933 1.63623893
    0.766377032 1.15145862 0.964333355 1.01469421 1.00155973 1.47507679
    1.09195209 0.811997414 1.41459644 0.961161971 1.1347785 0.837477148
    0.768243194 1.01838648 0.789440155 0.656916857 1.13602293 1.60319853
    0.675293207 1.46693337 1.39258802 1.54299963 0.756064832 0.607734799
    1.28011429 0.925034583 0.594459891 1.30898535 1.47344983 0.733210325
    1.32669353 1.57576394 1.06549156 1.02697814 1.41383779 1.3296628
    0.896096349 1.40394378 1.54274344 1.58081138 0.925072074 0.946697652
    1.35336757 1.41949666 1.35992396 1.24816 1.35093677 1.00569499
    0.98797816 1.58523118 1.55430591 0.949474156 1.56092668 1.53004789
    1.56118679 0.922501862 1.45214343 1.57831717 0.864341915 0.679347932
    1.36872196 1.32784545 1.02486706 0.758755922 0.840200007 0.737030387
    1.29227602 0.75146991 1.47490871 0.976785183 1.48505259 0.816107273
    0.921680629 1.55026984 0.935702801 1.18774045 0.842333913 1.54623652
    0.899451911 0.851891875 1.07252753 0.951703966 1.40099835
    0.689483941 1.17035973 1.04212546 0.686137736 0.883345664 1.08353925
    0.992959023 1.09986567 0.745022714 0.876060069 1.24117458 1.16495323
    0.690611184 1.32647276 0.83997792 0.660426259 0.829908013 1.25955176
    1.16047227 1.50022697 1.59127152 0.743544161 1.15651727 1.54267275
    1.29870069 1.05833662 1.5380758 0.719006658 1.09688687 0.925173402
    1.11921549 0.834723294 1.49282575 1.23918855 1.52951026 0.756859064
    1.59109676 1.61590219 1.32791364 1.46213269 1.70780277 1.59929764
    0.847087741 1.47508061 1.25381315 1.18390036 1.20485485 1.04898107
    0.927807689 0.9867149 1.0085299 1.15924096 1.10294747 1.34986818
    1.3438884 1.35262239 0.760775149 0.927517295 0.740738332 1.49165297
    1.65733564 1.26885235 1.21694505 0.737899423 1.30554175 1.1373651
    1.12765086 1.10680234 1.39455509 0.700547576 0.89719528 0.779866755
    1.11546588 1.5984956 1.33779478 1.24673176 1.3682065 1.06625497
    0.882981062 1.30166626 1.36935973 1.46107638 1.52121246 1.20478296
    1.29445148 1.27883685 0.715437651 1.33868575 0.716079175 1.59761059
    1.02260625 1.25933421 0.948462605 0.789135933 1.19519234 1.0573498
    1.02851856 1.18382978 1.42377067 1.33086336 0.802067816 0.856905401
    0.785045028 1.53400767 1.53428209 1.21169949 0.988295913 1.56999135
    1.10158801 1.11533248 0.966501534 1.46807742 1.36160755 0.724045277
    0.73805356 1.43200481 0.801260769 1.59810328 0.687732279 0.681864381
    1.33199167 1.56588686 0.89886713 0.815680504 0.798339963 1.51133859
    1.00175285 1.20657575 1.33978808 1.11889875 1.26751363 1.35683405
    0.872780919 1.29838407 1.30977273 1.08283997 1.13599098 0.908294857
    1.26658535 1.06542182 1.44029152 1.19658267 1.54684794 0.692361236
    0.882587075 1.27355397 1.51618886 0.997837126 1.11961627 0.76954186
    1.08363283 1.31151819 1.33015764 1.3700242 1.22209346 1.50664604
    1.21093893 1.49775624 0.83708638 0.778182924 1.23429382 1.02171886
    1.38141918 1.53504467 1.34527683 1.31244683 1.43519163 1.16145205
    1.27192783 1.68115926 1.50728929 1.44930351 1.29759216 0.92280525
    0.683643103 1.07170618 0.7161116 1.49740708 1.56738091 1.41313314
    1.28337443 1.51516426 1.23103273 1.43427515 1.10162854 0.788550258
    0.95490706 0.756014228 1.0614264 1.46508527 1.50213528 0.723509192
    0.795250595 1.00896811 1.14902127 1.62034178 0.647709787 0.886672556
    1.40553534 1.11231732 1.36875188 0.725453019 0.917841017 0.656053543
    0.734326839 1.22011626 1.28579772 0.925471902 0.953905702 1.33099723
    1.1308614 1.29929566 1.6548636 1.39867687 1.74534786 1.19490647
    1.12238717 1.29201055 0.805268645 1.49780381 0.894421458 1.50689685
    1.37802327 1.56293106 1.18124533 1.05136037 1.39387429 1.40041983
    0.727402031 1.31253839 1.3388027 1.37524772 1.52515173 0.672376931
    0.71122098 0.87514472 1.38881004 0.921226859 0.974146485 1.51974428
    1.23921347 0.829682887 1.30854809 0.672936916 0.79413408 1.51830304
    0.903217494 0.939733028 0.943553209 1.26135135 1.40375948 1.22259092
    1.16747475 0.702397823 1.085338 1.52828383 1.34301531 1.21541429
    1.2482338 0.633694291 1.3971616 1.40767336 0.878029704 1.11491919
    1.45297265 0.880689979 1.0143795 0.995841563 1.01560938 1.3037672
    1.3841325 1.05094385 0.710250139 0.940207362 1.30999339 0.916664898
    0.721749306 1.04251051 1.05081749 1.33356261 0.908245921 1.32648373
    1.61767972 1.26365471 0.891531646 0.986120641 1.38702798 1.57217276
    0.718985617 1.54888237 1.35402572 0.870119214 1.24508607 1.64298344
    1.27655244 1.66265202 0.937707603 1.3190583 1.25480986 0.96064508
    0.790386081 1.27795959 1.61638641 1.16199899 1.43883705 1.11592662
    1.6936152 0.872039557 0.975338042 1.00702393 1.42299759 1.59645891
    1.37857652 1.52294469 1.02547443 1.50115454 1.32875609 1.17353034
    1.66131473 1.32379186 0.757165074 1.57323968 1.63254559 0.904972792
    1.57018864 1.45077336 1.40270901 0.877682984 1.41072226 1.32164633
    1.65260625 0.923470795 1.23061395 0.829852343 1.5341481 0.86465621
    1.11064291 1.47503245 0.739393413 1.44083488 1.26128006 0.967282176
    0.888815522 1.07597136 1.56512809 1.54821336 1.37485802 1.6075151
    1.46699417 0.802544534 1.54572594 1.60397327 1.38097978 1.0166434
    0.948661685 1.16950417 0.779051304 0.796678603 0.895174503
    1.44550586 1.03596759 1.60610116 0.873946846 0.725919366 1.17551863
    0.688443482 1.34977722 1.19580197 0.978219509 1.16232073 1.17440784
    1.10355735 1.40690386 1.03401244 1.20456064 1.49428165 0.726291716
    0.819878876 1.01275682 1.31074429 1.18261611 1.65601146 0.742902517
    1.1062423 1.14381039 0.899892867 1.45507002 1.65644729 1.51933599
    0.748531282 1.15644753 1.43504417 1.03492081 1.05557513 0.733883381
    0.96096462 1.11994684 1.32254875 1.10274088 1.30577004 1.29188883
    0.828636527 1.37595594 1.51602101 1.27859402 1.29011679 1.0258441
    1.16267788 1.00052011 1.08799088 0.949303865 1.04963255 0.909261763
    1.10563636 0.801694155 1.01759946 1.05663848 0.851555526 1.10006452
    0.850152016 1.548594 1.12483096 0.997738361 1.59844518 1.43472195
    1.40428996 1.2108469 0.960854709 0.964036822 1.51088643 1.35792542
    0.910311699 1.26949704 1.62010789 0.880481839 1.23931098 0.817132533
    0.782986224 1.49216282 0.70789367 1.46019638 0.856106639 0.950502932
    1.16500485 0.886873662 1.07314944 1.28167176 0.758556545 0.677152812
    0.752641499 0.830685258 0.620440543 0.6964975 1.52200091 1.5005877
    1.11631811 0.599919379 0.750189841 0.99097383 1.48195314 0.741896331
    1.29158092 1.25969899 1.61662841 1.00612712 1.54178703 1.44911122
    1.70343471 1.17819738 1.34590173 1.36422133 1.22589755 1.31688976
    1.55918062 1.45275867 1.14426339 0.991047919 0.871222019 1.29570365
    1.42781329 0.740840495 0.828591943 1.2856189 1.11755753 1.18388844
    0.966731548 1.24598801 0.864759147 0.694376886 1.22550714
    0.762465775 1.36830354 0.781167865 0.906883597 1.02579367 1.13373899
    1.19148731 1.02735043 1.59909523 0.732583046 1.46515548 1.10853457
    1.24915898 0.771749437 1.00102973 1.31896162 0.619445503 1.18401563
    1.25850785 0.973764777 1.05986643 0.970982909 1.05679083 0.619688272
    1.25695777 0.609318614 0.636460185 0.848184466 0.88014859
    0.793605983 0.8204844 1.4052366 0.712635756 1.51541376 1.32020235
    0.943880498 1.11961365 1.33815253 0.768070459 0.928338349 1.56101835
    0.692100167 0.746911526 1.32717037 1.43487167 1.27976942 0.881053984
    1.05422592 0.880182087 0.840231836 1.44790828 0.816625178 0.82592994
    1.0560931 1.18554842 1.60822845 0.883300185 1.63315272 1.13997269
    0.882871449 0.865119219 1.42195916 1.15895844 1.67180097 1.53258204
    1.60139644 1.2880677 1.51748681 1.6295619 1.04706633 0.977265
    1.25623512 0.973105133 1.35333109 0.95040518 1.2504921 1.40696716
    1.32939661 1.50115716 0.870756686 0.906206667 0.979795158 1.34515417
    1.04675686 1.66740561 1.35795128 1.28254831 1.60154986 1.32063043
    0.773011565 1.43331456 0.839615464 1.40045249 1.52956891 1.56245148
    1.11826718 1.18833125 0.76465112 1.26594722 1.10047448 0.693448246
    0.931784987 1.01414919 1.13190222 1.46824193 1.26755643 1.02510047
    1.3786366 1.67192626 1.0976429 1.66535234 0.750531197 1.20719826
    0.871504664 1.20422149 1.67169058 0.914020419 1.07369387 1.61137855
    1.35824835 0.815745413 0.854135215 0.842742085 1.08591974
    0.964799285 0.924228132 1.07854295 1.24380374 1.43604648 0.931903839
    1.05470788 0.71933943 1.30560482 0.998298407 1.4215014 0.690358818
    0.639901519 0.984811604 1.56936276 0.980442047 1.09128237 1.20363879
    0.924480796 1.57366049 0.988160372 0.817935705 1.63742054
    0.825274289 1.58039844 1.28300154 0.997008264 1.23974788 1.58459485
    0.858401299 1.3630861 0.697903097 0.850954056 0.789174676
    0.922699869 0.91065222 0.893875539 1.04643512 1.27026868 1.36862171
    1.10926878 0.805181623 0.745332003 1.53446019 0.758283019 1.24027145
    0.880559623 0.720621765 0.702741086 1.2134223 0.684838057
    0.987581432 1.41604805 0.956648052 1.59149241 1.62243521 1.13398015
    1.19246995 0.966319501 1.05225027 1.51466453 1.2078054 1.00425088
    0.669029593 1.22631359 0.929139316 1.18987417 1.38813186 1.16907275
    1.42547762 0.699106932 0.874229431 0.861894429 0.920878291
    1.33328199 1.4345957 0.837318182 1.08187866 1.35836399 0.686433792
    0.616507053 1.0956465 0.859260798 1.2240684 0.834383428 1.21735847
    1.3502214 1.49139297 1.5822295 1.16133153 1.3757937 0.778301358
    0.872951627 1.51833856 1.15472877 1.07366645 1.3478471 0.826913178
    0.573111653 0.815508485 0.907018661 0.540651143 1.35919833
    1.04258096 1.20800388 0.647413492 1.0192132 1.1716516 1.08708811
    1.26118159 1.48395026 1.24611843 1.67860103 0.727569401 1.53529453
    0.853986561 0.686328709 0.978969514 0.88784039 1.61803234 1.57047033
    0.670856535 1.02800155 1.38776147 1.44768846 0.881235301 0.964234531
    0.626416028 0.776174963 1.29537523 1.06585193 0.810756981
    0.965013742 1.59686196 1.38012707 1.2976836 0.823317468 0.753447533
    0.999799907 0.805126131 1.45647216 1.03998756 1.10061049 0.664052367
    1.32949102 1.49259436 1.3993777 1.12882042 1.26892579 1.18147981
    1.16626453 0.779636085 0.952304959 0.944992661 0.871471405
    0.646427512 0.961627841 0.956870675 0.753051996 1.41767895
    1.34995115 1.33412707 0.698366225 1.28217375 0.865580261 1.1082145
    0.912417114 0.602216184 1.38135219 0.670685172 1.20126045
    0.869045973 0.941720605 0.666266918 0.671542108 1.20450473
    1.17403698 1.2487663 1.1355716 1.4420917 1.51052141 0.981133699
    1.57673883 1.54951608 1.6360302 1.56530368 1.35055363 1.32333386
    1.40079451 0.848144829 1.55184913 1.60997009 0.949481308 1.23873866
    1.52022541 1.38053203 1.21793091 1.54616058 0.689083755 1.60161591
    1.19815969 0.619223893 1.51317465 0.639171124 0.659591854 1.35148692
    1.52943647 1.12512255 0.93625468 0.885281265 1.29238963 1.24595118
    0.793916881 0.857856095 0.823034883 0.950633705 1.43834889
    0.87381053 1.02851903 1.30623353 0.659346461 0.713165104 0.601514101
    0.699718297 1.2904526 0.782162011 0.673839092 1.11522532 1.51170683
    0.622747898 0.96185863 0.872903407 0.946231544 0.93678993 1.47240853
    0.763029575 0.86491394 0.716825724 0.968905866 1.15467656 1.2453059
    0.966035962 0.767170846 1.0629698 1.14412034 1.37418818 0.971330583
    1.47172773 1.28954279 0.915426612 0.794447422 1.48076689 0.600549996
    1.05037963 1.34465611 0.607767463 0.596109807 1.44552541 1.33294058
    1.51507473 1.07097113 0.678093851 0.69822979 0.652755857 1.22697973
    0.576996148 1.13725078 1.03361475 1.53812814 1.17410183 1.07511806
    1.3379823 0.859988749 1.56747532 0.933714688 0.932951033 1.42479849
    1.53975308 0.963886321 0.938904881 1.15497816 0.987892568
    0.782057345 1.55239916 0.920666814 1.62479281 1.36844778 1.48259413
    1.43081784 0.738098204 1.25958395 0.338810742 0.970256448 1.21125507
    0.866462111 1.3460958 0.952855229 0.575383723 0.65723443 1.1289556
    1.02659345 0.943703651 1.00630867 1.13918424 0.623153627 1.1789788
    1.02280915 0.771361887 0.749800146 1.26532221 1.56683803 1.52722752
    1.38616478 1.43734765 1.30269134 1.09469974 0.981205583 1.44706643
    1.58759129 0.790551722 1.54418576 0.9249475 1.45699298 1.33767378
    0.803595603 1.22212231 1.03772807 0.870132804 0.848057985
    0.593262434 0.665422499 1.3611275 1.47108066 1.30859339 0.66625309
    0.544077635 0.581795514 0.788685024 0.793251693 0.971182942
    1.19805491 1.34887779 1.19577789 1.00251281 0.563975036 0.903500557
    1.01523519 1.03848529 0.911276996 0.940114915 1.3870573 1.09732962
    0.590555727 0.731326699 1.06699526 0.479751229 1.24084818
    0.590182841 0.944608867 0.973944485 1.35161781 0.860142827
    0.879839301 1.58337963 0.844180763 1.46176314 1.14345479 1.11294293
    0.997980535 1.53375351 1.35084939 1.20669508 1.29908669 1.51372397
    1.13480914 1.52565014 0.832309663 0.797855437 0.897688091 1.38659596
    0.76941365 0.96545732 1.28682256 0.89228183 1.15686035 0.627530515
    1.05670416 1.23919308 0.965279341 0.540001154 1.28469026 1.29139709
    1.44108415 1.19207668 1.33791947 1.40942788 0.975804746 1.27141213
    1.48442137 0.527730346 1.18497455 0.79896152 1.48028803 0.798363626
    0.636910617 0.627138436 1.02246106 1.04813445 0.7412377 1.00628233
    1.46728683 0.985902369 0.86403662 1.32015932 1.47678256 1.12369227
    0.742933691 1.04085302 0.80185318 0.785176218 0.882263601 1.39055002
    1.02997088 0.63352406 0.740263462 0.532272637 1.37101758 1.03543353
    0.783282042 0.58883667 0.723729074 1.05545783 0.636774242 1.19830811
    0.95357579 0.548350036 0.864240766 0.784682214 0.798788249 1.4137044
    1.03375363 1.49542809 1.47415829 0.973790288 1.49129748 1.38395202
    1.01833057 1.20604837 1.49472809 1.59629107 1.40068936 1.21911323
    1.5105288 1.47377121 1.57141328 1.06686151 1.25483859 0.776298404
    1.43957877 1.5537262 0.850629568 0.815095127 1.21383488 1.47640026
    0.655376554 0.776930094 1.10598373 1.20015073 1.17842877 0.943264961
    0.595655441 0.834789574 1.48402369 0.937040329 0.925895393
    1.18417001 0.952911019 1.09327722 0.592169464 1.3762722 1.48438156
    0.856523752 1.29865324 0.530715108 1.10619926 0.873711884 1.44183457
    1.0299114 0.938642085 0.574089527 0.776066661 0.69825983 1.19117916
    0.582968235 0.740209877 1.30026996 0.621157408 0.80197072 1.36373794
    1.45148098 0.651562154 0.737093329 1.54326522 1.27132416 0.78867209
    1.23198915 0.706661522 0.868844569 0.847150683 0.753936946
    1.19793439 0.692453563 1.2501092 0.577228785 1.04046023 1.1651845
    0.898677766 0.888859332 0.656636953 0.733077705 0.950219393
    0.840163767 1.18075597 0.875074565 1.25980198 1.49990928 1.45591092
    0.829577148 1.01605201 0.623417795 1.17395079 1.5245806 1.21028435
    1.19047201 0.942332804 0.849874794 0.860698104 1.03872776 1.2708534
    1.50966549 0.67342037 1.23080349 1.20743859 0.9628672 1.20792365
    0.644633591 0.665861726 0.307079554 0.372925639 0.712685883
    1.0768069 0.946702361 1.44042253 1.13305426 1.07893813 1.27530587
    1.07371473 0.734216392 1.29241467 1.18546927 1.25143111 0.815295517
    1.03535569 1.2588762 0.75540787 0.882553995 0.794445574 1.09887469
    1.34598553 1.01731789 0.553287446 1.075158 1.11893964 0.732553005
    1.43273067 0.674038231 1.51292801 0.922467828 1.26290441 0.616683424
    1.30509436 0.699632585 0.573062479 1.19131315 1.07855189 0.803472579
    1.27392018 1.16992509 0.677352667 1.1924026 0.676537335 1.4549396
    0.787208676 0.800643206 0.45039165 0.855627954 1.20622003 1.10047197
    0.691907644 0.966957271 0.845525444 0.991517365 0.678545237
    1.03675592 0.859149873 0.5068326 1.36678183 0.75203234 0.666574895
    0.634805739 0.847168922 0.936117411 1.10971737 0.845459044
    0.939736724 0.874289155 0.60497123 0.937687576 0.606504619
    1.51849091 1.09100652 1.51083696 0.864651561 0.613886535 0.90136677
    1.30404186 0.534271359 1.23272812 1.09944153 0.936788499 1.26919878
    1.10794032 1.24679172 0.78793478 1.33897412 1.08495641 1.38047647
    0.729439259 0.491146892 1.34357989 0.475539416 0.809178114
    1.30827308 1.46571982 1.43720555 1.28214502 1.45218253 0.84531492
    1.0295738 0.695207536 0.886379361 0.53780973 0.732478321 1.01157069
    1.01254261 1.2160902 0.727757394 0.523976207 1.43878603 1.13472331
    1.44114721 0.807601333 0.656030893 0.979752481 1.01540625 1.3598392
    0.826421082 0.921494067 0.528362453 1.27377653 0.888274014
    0.640629411 0.777063668 1.05770838 0.877456069 0.532560647
    0.897722065 1.42271888 1.32262743 0.610868037 1.02188063 0.422029912
    0.710394979 0.860910833 0.935378432 0.934288919 0.47063309
    0.83736378 0.631219447 0.88231957 0.620221019 1.44233572 1.12224638
    0.684306502 0.867343724 0.746597946 1.14016807 1.3391062 1.25281763
    0.763691604 1.03492785 1.51741052 0.597380996 1.41291261 0.813534737
    1.3150959 1.11092126 0.9641518 1.36000955 1.15353632 1.42942882
    1.35819876 1.30577242 0.660536885 1.2865597 0.657599211 0.539870858
    1.47150004 0.55385077 1.1116432 0.940120041 1.40057135 0.556268275
    0.57285434 1.3175956 1.47911453 0.877567053 1.37250066 0.747460604
    0.981512487 1.43178761 1.01661873 1.18889821 0.720605493 1.06021595
    0.648683071 1.32706141 0.641010523 1.12194657 0.877369821
    0.453935146 0.842724681 1.12748969 1.35211539 0.928162158
    0.774659455 0.557541847 0.769869387 1.12886202 0.711799204
    1.23872566 1.43046391 0.643678248 1.40640676 1.4821291 0.841374397
    1.35724151 0.751330912 0.746282399 0.964696169 0.541397214
    0.693182945 0.499568433 0.610668421 1.05397868 0.669966817
    1.36775839 0.960233092 1.21531439 1.42250347 0.979844093 1.02391446
    0.862622499 0.784990549 1.45463085 1.15613186 0.476858526 1.04718351
    0.747410119 0.540221512 0.906693995 1.35242951 1.15004802 1.47359729
    1.16202009 0.735026538 0.867409587 1.32238126 0.693598688 1.42235589
    0.499879837 0.991406262 1.27805758 0.752963722 0.58470571
    0.919880509 0.816071689 0.80851382 0.970770836 1.30119455 1.29091847
    0.69709301 1.03687477 1.15724957 0.931243896 0.616645575 0.868067265
    0.668313146 0.841842473 1.17643058 1.28429377 1.40988553 0.887980878
    0.613789141 0.91075635 0.678337753 1.33033907 0.989578485
    0.963699698 0.850594819 1.10990548 0.726447403 1.29596448 1.23031735
    0.498110116 1.0921936 1.42479134 0.880833149 1.37316811 0.857421637
    1.22452044 0.908399999 0.996071219 1.32766271 0.543157101
    0.860429645 0.890761018 0.787335753 0.572147906 0.86982429
    0.687904119 1.31293309 1.16805935 0.734719992 0.946764529 1.38569856
    0.640213192 0.768670321 0.479545057 1.0938834 1.09253871 0.799524903
    0.552616477 1.34066939 0.79641223 0.839747369 1.0005281 0.951203704
    1.30787051 1.22241497 1.28399086 1.05575037 0.649821818 1.00595844
    0.665330112 1.30776072 0.70395267 0.670138955 1.36977887 0.716195166
    1.26277494 0.460413784 1.3745898 0.874390543 1.22773647 1.28144014
    1.07911134 1.17597401 0.552372873 0.639297187 1.45998228 1.10458338
    0.840458572 0.495383322 1.25704265 0.963298678 1.40939248
    0.660419285 1.23359907 1.28786492 1.39160287 0.63293165 0.520365834
    0.629527152 0.421393812 0.500531018 0.958726466 0.486424655
    0.501952767 0.818498313 1.28173482 1.32057345 0.859310985 1.07279909
    0.662674069 0.894655466 0.825335741 0.699768305 1.23322105
    1.23538876 1.24933755 1.22912848 0.969998479 1.20102429 0.816977262
    1.35058832 0.882375002 0.912192464 1.18330646 0.519888997 0.43491897
    1.02452433 1.01675069 0.863145769 1.11617732 1.30637193 0.970504105
    0.658031046 1.14076471 0.850696504 0.548319936 1.30789232 0.51721102
    0.713597775 0.518715382 0.958371401 1.09525144 0.47627148 0.84685868
    0.615300417 0.657664239 0.546475768 1.28133714 0.865696073
    0.752298653 1.22623932 0.654410541 0.477237403 1.36735284
    0.741804779 0.624008238 0.600626111 0.821447849 0.927733243
    1.3832525 1.11861968 0.558407128 0.919284761 1.44796193 0.584519744
    1.42807078 0.520267367 1.11530197 1.3655982 0.674614489 0.667883873
    1.43217587 1.28473628 1.07567608 0.930537045 1.12814748 0.57920897
    0.680574834 1.24159467 0.810578823 1.39982069 1.33711886 0.92419517
    0.861240804 1.03554535 1.37208104 1.41822946 1.38115251 1.24632919
    0.913391173 0.809048355 1.16370714 1.21430254 1.29231369 1.30798733
    0.730925918 0.972033024 1.0487411 1.08605278 0.442990094 0.428643793
    0.895649791 0.724269271 1.01879716 1.00759411 0.735830843 1.0187099
    0.992483795 0.644089639 0.77117002 1.15459991 1.20307088 1.29716337
    1.26013196 1.08285499 1.332111 1.39906168 1.28333175 0.782081127
    1.00289607 1.30801105 1.1579628 1.03426147 1.05363989 0.591067314
    1.31154788 1.14447498 1.35455954 1.39449525 1.17720342 0.480409473
    1.35456645 0.671168387 0.871527672 0.553080142 1.0964396 1.16229784
    1.15796125 0.997729778 1.22756076 1.12050748 0.788663924 0.54817766
    1.21874142 1.17734134 0.919390082 0.499612242 1.27224278 1.09288144
    0.443827927 1.38273692 0.69454056 1.29922247 1.15004337 0.976917744
    0.632378519 1.38876164 1.33854985 0.93872416 0.462640524 0.554650128
    1.33897316 0.694509089 0.59347409 0.553896666 0.326812774
    0.637833834 1.27762187 0.91332674 1.00531816 1.01996112 1.07372987
    0.441733152 1.32845783 1.35384393 0.780876577 1.05914474 0.378436148
    0.853660345 1.29077554 0.944510102 1.14559233 0.450835109 1.35937333
    0.967197895 0.599339485 1.26169384 0.676631987 0.93026793
    0.933228433 0.848371387 1.18614137 1.34667909 1.32270169 1.34690356
    0.653250277 0.495952874 0.845315039 1.18774748 0.983100712
    1.12285578 1.08255625 0.523388684 1.06858027 0.624922812 0.96900171
    0.815437794 0.340470612 0.576853991 0.939926326 1.18081951
    1.23929131 1.02103209 0.516522586 0.771284282 0.582637131
    0.810113668 0.763619721 1.29310739 0.86554122 0.570807517
    0.630459249 0.556800246 0.58451736 1.005602 1.20703626 0.396605074
    0.886454642 1.28347707 0.750702858 0.855448484 0.704556584
    0.826169074 0.453602344 1.04167128 1.21469557 1.08785403 0.581817329
    0.89991051 1.01251101 0.787283123 1.22614753 1.11053395 0.435058087
    1.09720302 0.960356593 1.23018014 0.532444894 0.675373495 1.08333373
    0.816127598 0.495143771 0.372421712 0.366907328 0.453210115
    0.628294587 0.85733974 1.16021478 1.13776708 1.12510598 0.825103939
    0.688880622 1.33055687 1.09232306 1.31181014 0.815220237 0.688612521
    0.831354499 0.557748377 0.969672859 0.468533784 1.12393534
    1.12116861 0.394497126 0.476110637 0.725835621 0.362677813
    0.467442662 0.473247439 1.02684212 0.43105033 0.792967439
    0.326598674 0.635668039 0.549548686 0.944943607 1.19965649
    1.28991437 0.65938729 1.3300885 0.879698694 0.76918155 1.15862763
    0.368690193 0.540798783 0.391110361 1.26849091 0.521267295
    0.438439578 0.412942767 0.330793411 0.353316814 0.700475991
    0.934202373 0.654776633 1.10905945 1.26415765 1.03682196 1.20998931
    0.673944831 0.395245403 0.935691059 0.981253326 1.00252104
    0.585542619 0.839302361 1.32839012 0.813982248 1.20849955 1.30213809
    0.520624757 0.968455434 0.771180272 0.801591873 0.807752013
    0.536368728 0.75458777 0.440437436 0.780230105 0.916815042
    0.966862202 0.803914547 0.438175678 1.15044427 1.01290524
    0.497362942 1.10850048 0.888853908 1.20535314 1.25524235 0.933216512
    0.843207598 1.28034818 1.22554851 0.507434428 0.62490201 1.25925004
    0.619110107 0.864080906 1.01871109 0.623358786 1.15548539
    0.626351297 0.801595271 0.899796188 0.373956561 1.07134962
    0.553599119 0.458411545 0.724733949 1.11345887 0.417565614
    0.745768845 0.873294711 0.828355074 0.429308772 0.83267045
    0.854255259 0.751063824 1.05808413 0.872572303 0.473410845
    0.807227552 1.03576672 1.23019779 0.988711178 0.359340072
    0.608099759 0.45007056 0.748681068 0.81013155 0.691370547
    0.415884376 1.24436724 1.33767283 0.809162199 0.536848068 1.17021132
    0.703692019 0.349919409 0.463375121 0.974444032 0.893935323
    0.9764992 1.0194298 0.37344557 1.11068237 1.07317734 0.697446167
    1.26262951 0.616540194 1.08382773 1.18082666 1.09831929 1.18755794
    0.554249406 1.23839402 1.3704797 0.639028907 0.72768116 0.681919932
    1.30817986 1.15167165 0.40545696 1.05721807 0.543918014 0.992419839
    0.635827243 1.07497644 0.304724127</data></your_img>
</opencv_storage>
