<?xml version="1.0"?>
<opencv_storage>
<g>1.6799999999999999</g>
<r>9</r>
<filter-type>1</filter-type>
<circular>0</circular>
<L2_diff>169.59736826052202</L2_diff>
<test_img type_id="opencv-matrix">
  <rows>128</rows>
  <cols>256</cols>
  <dt>f</dt>
  <data>
    0.616126359 0.397646993 0.0382810533 0.506564856 0.143440932
    0.790584683 0.801109433 0.130152613 0.472616643 0.667525828
    0.321761012 0.372109294 0.275932014 0.595513284 0.179164857
    0.961854339 0.183296531 0.496653765 0.981194019 0.583297789
    0.0560157299 0.515121818 0.760886192 0.952416658 0.170109242
    0.303117156 0.00890031457 0.694647789 0.291302562 0.371376753
    0.274213642 0.389229953 0.598056078 0.0293790996 0.898540616
    0.295752376 0.582416654 0.77457124 0.645631552 0.183612406
    0.705636024 0.11648199 0.216232985 0.481364131 0.703397274
    0.358680904 0.505194247 0.989252925 0.45300287 0.858947754
    0.822102308 0.434619069 0.477860719 0.25303787 0.661509454 0.1461097
    0.963329732 0.906325936 0.793636441 0.402355671 0.148146093
    0.77363497 0.936551809 0.664505899 0.681000352 0.928835332
    0.417766958 0.283833265 0.189728409 0.944283247 0.407376856
    0.906652331 0.597562909 0.638334274 0.529987872 0.336781353
    0.53745997 0.323736519 0.77279669 0.85047853 0.484320819 0.338155627
    0.277282685 0.324075222 0.688468099 0.473823756 0.946303248
    0.861086965 0.846038938 0.47978434 0.547174037 0.912052274
    0.326678663 0.740153193 0.08515203 0.958175182 0.820329905
    0.269717813 0.631285071 0.0842736959 0.751478314 0.666286707
    0.557163358 0.917711377 0.392507792 0.0365197062 0.741877079
    0.0366147757 0.0718209147 0.741904974 0.433160186 0.779345632
    0.815441251 0.516045809 0.448879749 0.239027053 0.353772938
    0.829999566 0.630601048 0.812840223 0.503416419 0.629805148
    0.0729484856 0.260944575 0.0803094208 0.186721087 0.266321003
    0.649119735 0.634906888 0.0751033723 0.202114373 0.943397164
    0.371211112 0.146138638 0.682053983 0.915861249 0.856802344
    0.613730609 0.822060227 0.695224345 0.10411334 0.692929685
    0.475981861 0.863176227 0.923758864 0.143362671 0.391316503
    0.286034077 0.484248072 0.346680641 0.586492717 0.224995792
    0.917024195 0.192485452 0.106725007 0.145484895 0.30063206
    0.407467127 0.00833663344 0.559734046 0.269229084 0.353640258
    0.142870694 0.0168914199 0.385966867 0.697174847 0.670200169
    0.320735335 0.0124039948 0.0331771374 0.750686169 0.942730188
    0.0198990107 0.967740178 0.73669982 0.426516205 0.868400097
    0.286535412 0.158578336 0.170759797 0.83468926 0.835513711
    0.769845963 0.179718643 0.507517159 0.296090424 0.281484902
    0.8344208 0.577368498 0.335755944 0.276767373 0.107922971
    0.231102258 0.336128891 0.627215981 0.652843595 0.319784909
    0.0851337016 0.773399711 0.0658421516 0.397943258 0.378562778
    0.487609982 0.101985157 0.693716526 0.197256982 0.924007893
    0.900309563 0.0633249879 0.976917267 0.825855494 0.834716439
    0.682131648 0.938309312 0.364957452 0.0384855866 0.433466762
    0.927252054 0.409738898 0.891558945 0.767056286 0.515598416
    0.636821628 0.0042193532 0.461091369 0.941959262 0.309293479
    0.560365915 0.996023655 0.336703002 0.845765591 0.183695853
    0.0904166996 0.709924459 0.919525743 0.549639344 0.465581357
    0.854455829 0.404880762 0.89465642 0.535482228 0.598474979
    0.731245339 0.6404531 0.24841404 0.227321446 0.759548783 0.213925362
    0.892988324 0.45443517 0.712935209 0.777760625 0.198107153
    0.11395371 0.666540444 0.842539549 0.615545273 0.145431191
    0.824436128 0.74811399 0.236214101 0.541237235 0.994556367
    0.35981226 0.701869309 0.0119726658 0.367169321 0.302246451
    0.03590101 0.635263681 0.581212997 0.96510756 0.426260144
    0.197927415 0.968908191 0.737330794 0.511919439 0.504305184
    0.345364779 0.5372715 0.826444805 0.564858496 0.829613388
    0.213049203 0.444480687 0.375172555 0.799891591 0.517248154
    0.212694645 0.323331296 0.357766032 0.285954237 0.0890250206
    0.118673384 0.0301943421 0.324480504 0.0987275243 0.75200963
    0.191025585 0.90469718 0.115884721 0.193522036 0.426477194
    0.222987503 0.477603287 0.186388701 0.671178162 0.0727922916
    0.90716064 0.507805109 0.332508922 0.617269158 0.0903175175
    0.993237436 0.374098241 0.592972219 0.742834389 0.994848728
    0.482958257 0.501172602 0.918801606 0.585480154 0.739839137
    0.706217408 0.42863971 0.108220696 0.769501686 0.760403991
    0.64561522 0.474188268 0.0117874444 0.563204587 0.560929775
    0.00784900784 0.0529890656 0.642825603 0.472753495 0.606446028
    0.836000085 0.308534235 0.829617739 0.921189845 0.00166457891
    0.862505674 0.0540072024 0.69223237 0.36311537 0.597328424
    0.181394994 0.531389534 0.723477781 0.616045654 0.275982618
    0.290273368 0.600722015 0.802335322 0.0457057953 0.151397288
    0.045339644 0.0885201991 0.128862888 0.106016606 0.2678155
    0.198809773 0.960829735 0.628712356 0.0811456442 0.287609667
    0.616075814 0.413971841 0.357343882 0.74195987 0.513951659
    0.0550251603 0.439709574 0.889054298 0.550561905 0.924261034
    0.216886461 0.972576261 0.243534386 0.298249006 0.556824684
    0.972229064 0.060267359 0.950859189 0.725690842 0.0164940059
    0.590115964 0.347777605 0.640566826 0.371406794 0.676345825
    0.662003815 0.585864365 0.888879657 0.785780787 0.373760104
    0.514841855 0.765654385 0.392640322 0.559173107 0.730379403
    0.822687745 0.861294866 0.668438435 0.597944736 0.291534394
    0.792695642 0.517879605 0.815917134 0.803429842 0.270647168
    0.665873349 0.736469746 0.49708122 0.397659332 0.481232554
    0.320313811 0.618763328 0.766570568 0.306214988 0.0580454171
    0.99556905 0.789808512 0.227386236 0.431814373 0.213532835 0.4585343
    0.979395032 0.876330733 0.925716758 0.910009921 0.447023362
    0.782025039 0.930403888 0.490025431 0.733513415 0.825422764
    0.679126501 0.0663244426 0.227403373 0.00885123014 0.386094272
    0.371623725 0.25607872 0.438015968 0.242834479 0.459590435
    0.594753385 0.0957898796 0.830951989 0.831905484 0.328031063
    0.786829352 0.973012447 0.827922344 0.775393963 0.698853076
    0.33871305 0.691282034 0.767056942 0.224066585 0.66082406
    0.547787607 0.598684967 0.602567613 0.670370162 0.701852322
    0.0748143792 0.602940023 0.533974469 0.203196406 0.741371036
    0.213110268 0.877448738 0.509655416 0.125281394 0.278449178
    0.323543966 0.845765829 0.0664998293 0.662445664 0.251177162
    0.898027062 0.661252797 0.402885765 0.274899065 0.784711599
    0.697402775 0.956154704 0.708556294 0.630333245 0.357375622
    0.560487092 0.692752004 0.622427464 0.274289012 0.122166306
    0.867543519 0.385216892 0.123428434 0.374999881 0.933376789
    0.309511244 0.114885956 0.167499036 0.313037574 0.23977837
    0.434724748 0.19065699 0.893770218 0.876543283 0.28384763
    0.731367588 0.631388009 0.754715025 0.311266065 0.561651349
    0.361444294 0.952984571 0.116298586 0.576945901 0.15045318
    0.986359954 0.651851952 0.565723181 0.0632351041 0.568337739
    0.892924428 0.668419123 0.555353642 0.593374074 0.605061233
    0.377739638 0.991328001 0.960836112 0.804120898 0.807373285
    0.0433606207 0.196783274 0.0282510221 0.125182509 0.549791694
    0.540632427 0.244722575 0.700018048 0.204613417 0.51874274
    0.0534175634 0.956366777 0.122440159 0.93867135 0.592414916
    0.940946817 0.766759753 0.365390539 0.877631128 0.570115149
    0.660432577 0.548030913 0.199310333 0.770479202 0.539897442
    0.451865375 0.0411808193 0.721774161 0.310857594 0.812670469
    0.439706802 0.958043218 0.062943697 0.498278201 0.177075028
    0.770206213 0.850983977 0.782920361 0.228927761 0.501580656
    0.929479659 0.186575592 0.140295476 0.929573238 0.092838943
    0.667066455 0.452033728 0.433877379 0.138118625 0.811040223
    0.211133897 0.404630393 0.297004044 0.0486795306 0.831223011
    0.738854766 0.416059405 0.86461699 0.48436147 0.793158174
    0.513081074 0.978877902 0.769104838 0.264145732 0.0529917777
    0.27651459 0.800957918 0.58722651 0.569532514 0.980380177
    0.947277784 0.210979074 0.535592377 0.779352546 0.879877806
    0.820392728 0.894877195 0.614967585 0.772913218 0.777307868
    0.44961372 0.531549156 0.460678458 0.807191253 0.798632741
    0.421104312 0.627540708 0.630542755 0.186310381 0.556741238
    0.339194417 0.758274257 0.875599623 0.707237065 0.215978324
    0.131728768 0.264763117 0.190393627 0.261117756 0.156185269
    0.387436092 0.989167213 0.945083857 0.555598736 0.921765327
    0.419786155 0.659622073 0.957788229 0.0174793005 0.423115343
    0.331475019 0.611687183 0.371429712 0.884068727 0.964638233
    0.507742703 0.507236421 0.99977839 0.154683262 0.21832183
    0.621132553 0.842605352 0.714079916 0.469452322 0.864515543
    0.263899028 0.765471399 0.51685816 0.429126918 0.0272824466
    0.315548092 0.251926392 0.593333483 0.206648171 0.000874131918
    0.374646753 0.486571044 0.401521742 0.579015136 0.0993475616
    0.801680744 0.120849282 0.330582619 0.510799766 0.362721264
    0.593135834 0.163168222 0.744072437 0.281323791 0.0847972035
    0.762471318 0.644421577 0.818677306 0.320408642 0.552379727
    0.982511103 0.538978815 0.598017156 0.914512813 0.452426702
    0.64817977 0.474061936 0.550662756 0.227844059 0.689594388
    0.543231666 0.75195241 0.0444360375 0.131015748 0.580253243
    0.422504604 0.126699388 0.684464097 0.321964115 0.860862315
    0.317645669 0.741278291 0.686704993 0.718150973 0.802034616
    0.808824182 0.93525672 0.287021905 0.963164687 0.665746331
    0.00476309657 0.388578653 0.454472035 0.065979749 0.745971382
    0.510560811 0.876962662 0.702733874 0.358610749 0.770677924
    0.358741462 0.987672567 0.827051878 0.463856399 0.799808085
    0.706017554 0.933562577 0.931995273 0.925154567 0.830500007
    0.14054814 0.849289298 0.660940588 0.189499408 0.527833879
    0.28638196 0.765019834 0.833514869 0.45611757 0.402291566
    0.673121095 0.918152213 0.493798494 0.760611355 0.736708403
    0.247507602 0.899089575 0.827214718 0.109272152 0.51593703
    0.00282415748 0.683371663 0.0637305677 0.201532602 0.124198794
    0.700373948 0.294062197 0.968048453 0.527268529 0.900591016
    0.294544995 0.580731511 0.152686328 0.605611444 0.194824338
    0.79333216 0.0544450879 0.231078476 0.551122367 0.0325183868
    0.440176636 0.949665606 0.561717808 0.878351808 0.764790416
    0.283191592 0.541303456 0.337201238 0.257862389 0.650805473
    0.26455152 0.66583854 0.0713641346 0.498305142 0.104020864
    0.673976004 0.297485352 0.413803309 0.430551916 0.816957712
    0.774314284 0.146568686 0.210338056 0.890186667 0.631447136
    0.076605618 0.893556476 0.976336002 0.265203029 0.850885034
    0.240686923 0.0776527822 0.74283874 0.147005856 0.482037961
    0.416064858 0.301046669 0.618992805 0.606386662 0.906351328
    0.927218199 0.106215566 0.124080122 0.38419342 0.0817688107
    0.487203717 0.259192884 0.349795431 0.0100668669 0.226368129
    0.75854969 0.678196967 0.993034184 0.490109295 0.0236883461
    0.254140794 0.688733697 0.458519876 0.00499618053 0.777955055
    0.650576711 0.371521443 0.318934172 0.382587373 0.250077426
    0.979235888 0.388565779 0.947045147 0.413928956 0.709549844
    0.154488683 0.14594546 0.89401865 0.635365963 0.820945144
    0.941114068 0.526309967 0.921021342 0.881052017 0.719046235
    0.198116988 0.244279653 0.990076602 0.971476793 0.24280259
    0.751169801 0.975115538 0.346866548 0.64454484 0.466067314
    0.426178485 0.979720592 0.23500064 0.143056691 0.9764328 0.279159367
    0.334480464 0.758123934 0.987344623 0.493464977 0.0519600809
    0.403037816 0.901034832 0.48260352 0.576596141 0.0482555628
    0.312850893 0.687293172 0.275495201 0.419006348 0.52830565
    0.359472454 0.410227835 0.0521700978 0.878883004 0.770042896
    0.91156733 0.209822625 0.589873135 0.366656899 0.202752382
    0.226285994 0.0189697742 0.565811276 0.378707767 0.099552989
    0.523713231 0.67577976 0.0287822187 0.640811861 0.995702386
    0.154384613 0.28619051 0.790229082 0.337970793 0.325632364
    0.695597649 0.79457736 0.0440899432 0.062441051 0.136031032
    0.819041848 0.662575722 0.704533339 0.858116269 0.795040965
    0.226531357 0.85916543 0.0691406131 0.116961211 0.978879035
    0.847880423 0.502188563 0.848731637 0.450516701 0.26695013
    0.468864471 0.879853547 0.0805357099 0.0943582356 0.443738192
    0.116889685 0.944296002 0.71654731 0.119747102 0.387582481
    0.406075746 0.367720842 0.5289011 0.581859708 0.225770444
    0.274535596 0.684922099 0.451552778 0.919060946 0.865902901
    0.80100286 0.246587306 0.454231262 0.940674901 0.328778863
    0.163849324 0.264013469 0.336144388 0.0377573967 0.234625697
    0.97340703 0.136492461 0.446754038 0.260510713 0.0959635973
    0.00142666698 0.991312981 0.9841488 0.977641225 0.681149662
    0.573776662 0.690222859 0.143598318 0.31334874 0.29256919
    0.337281674 0.400489032 0.339086711 0.0304946899 0.854914427
    0.20498988 0.148238361 0.812832355 0.230674267 0.184416115
    0.643879414 0.677957952 0.653479218 0.279920042 0.0164505839
    0.684774637 0.689833879 0.381893605 0.127884746 0.736097872
    0.38465488 0.814597726 0.42150256 0.804292023 0.944914937
    0.145701349 0.624652386 0.405218452 0.508030653 0.87247169
    0.0138828754 0.807511568 0.752193153 0.225089371 0.0597659945
    0.616967618 0.405625403 0.386210769 0.153195083 0.302076221
    0.848984241 0.0269308984 0.773895264 0.684599817 0.260208696
    0.43969807 0.300265819 0.80019927 0.122528464 0.130133539 0.37035197
    0.0753570199 0.112361252 0.651691377 0.397199869 0.360619634
    0.539528489 0.104460508 0.565660179 0.902148068 0.0337839425
    0.992450833 0.249239981 0.296229422 0.78025651 0.490233868
    0.858159363 0.333744347 0.944684029 0.498047024 0.698256016
    0.598171473 0.4816176 0.375946045 0.0970660448 0.752919197
    0.706438422 0.169533253 0.000886619091 0.152666271 0.875000834
    0.776001692 0.105415285 0.59954524 0.886350989 0.37701565
    0.548013389 0.251750678 0.303277969 0.306629211 0.944483042
    0.697217584 0.07900998 0.545635939 0.073255688 0.0331597328
    0.511048436 0.144793093 0.351531982 0.29244405 0.588247776
    0.234408885 0.753314257 0.95999527 0.853655219 0.444754124
    0.610280693 0.0167656541 0.0582973659 0.765036106 0.966898561
    0.398948848 0.716848016 0.271440685 0.976442933 0.345085859
    0.235488355 0.101034194 0.187211156 0.428228498 0.740995526
    0.127032429 0.457111537 0.506409645 0.512375414 0.000787109137
    0.68267262 0.119093597 0.79491353 0.547751486 0.862468839
    0.717773259 0.265202284 0.381955594 0.801985681 0.110955417
    0.981522441 0.509303927 0.130668551 0.763066351 0.042752862
    0.632145166 0.169908434 0.32688871 0.94444561 0.740427136
    0.949848771 0.52895385 0.459786624 0.0140326917 0.0968526304
    0.308629662 0.28614229 0.538540661 0.202589184 0.0582265556
    0.640454292 0.578826129 0.297495842 0.750598431 0.0280301869
    0.770351648 0.71048826 0.46226576 0.157205969 0.843146324
    0.0726332963 0.771374106 0.471490383 0.396478206 0.250185728
    0.526868284 0.414652526 0.980116963 0.889032722 0.5956918
    0.892991781 0.549122155 0.397522092 0.239566207 0.197056562
    0.82239902 0.0089033246 0.0353658497 0.684524775 0.810059428
    0.827905536 0.885627091 0.679076672 0.51929456 0.600030661
    0.600176692 0.221790075 0.536153257 0.238428116 0.379233241
    0.880780816 0.922176123 0.172656804 0.551995397 0.674084604
    0.747011125 0.531924188 0.652573287 0.458652824 0.192242235
    0.0349535346 0.447966725 0.0518158972 0.736282825 0.442728072
    0.548398435 0.81126833 0.401835203 0.470352292 0.604020238
    0.384135187 0.000516593456 0.167238265 0.111433595 0.292313278
    0.170022219 0.280216277 0.144983679 0.360712528 0.430220068
    0.404518872 0.120100647 0.93622452 0.917753577 0.551602006
    0.206512362 0.18683514 0.725227356 0.293733984 0.615300834
    0.940345109 0.702679515 0.996685266 0.555384994 0.880034328
    0.238475621 0.902444661 0.587507367 0.288359046 0.876942515
    0.189790934 0.10696274 0.746230125 0.857034922 0.392502606
    0.709261656 0.843904257 0.368707478 0.224697322 0.0958433449
    0.484911978 0.44394359 0.682431996 0.790559649 0.851846099
    0.463715971 0.647580147 0.248610318 0.476255089 0.695739388
    0.804478288 0.0375997126 0.771638155 0.935177147 0.42311573
    0.618167341 0.550730824 0.739448428 0.651582122 0.604978561
    0.7335518 0.697988749 0.75157994 0.0335399508 0.549394131
    0.805509567 0.596088588 0.573835254 0.520230412 0.59578836
    0.93329072 0.472577661 0.542977631 0.736337781 0.183851212
    0.608909309 0.0530701876 0.124526858 0.405091792 0.923062801
    0.233595788 0.678339958 0.612093627 0.187288314 0.569571555
    0.25365597 0.412606478 0.209119767 0.955920517 0.729594231
    0.781749845 0.922776222 0.660596251 0.511757255 0.754007876
    0.157033235 0.295652241 0.5835253 0.0108582675 0.149089396
    0.473376751 0.0252899826 0.44926396 0.9761585 0.82950139 0.996765494
    0.532027304 0.675982833 0.837608159 0.938313425 0.994812548
    0.798926651 0.849299073 0.848701715 0.519705594 0.64003849
    0.76236558 0.961921394 0.184627771 0.871430099 0.837779582
    0.117925733 0.0438448191 0.887259007 0.546698689 0.565398276
    0.960428596 0.544215143 0.620997012 0.678974032 0.0100611448
    0.381825238 0.496751845 0.637965322 0.00242275 0.305392146
    0.129144579 0.104382664 0.219577163 0.774891734 0.422084928
    0.261319786 0.698458731 0.0181931853 0.980584621 0.638438582
    0.878326356 0.777420878 0.315681905 0.944681644 0.0924760699
    0.263351172 0.0938637257 0.0326371491 0.349660158 0.457224846
    0.477898359 0.365617931 0.967532992 0.189114422 0.0298579037
    0.301364362 0.310726017 0.453635514 0.825837493 0.484673202
    0.82037437 0.0386670828 0.225222886 0.213615566 0.81342864
    0.791734219 0.765528083 0.832139075 0.176880181 0.188129932
    0.269762039 0.951090813 0.87747407 0.489684701 0.947572947
    0.387739658 0.719837189 0.774762154 0.0419653356 0.890326262
    0.0857910216 0.82338196 0.912241817 0.554355502 0.531237304
    0.397896826 0.823796868 0.970755458 0.0870756507 0.77280581
    0.263617516 0.782706141 0.530848086 0.273710847 0.930742025
    0.933958173 0.204586118 0.404425234 0.550504208 0.95439744
    0.0102723837 0.522965968 0.303840756 0.0923283398 0.527045488
    0.243732899 0.119538009 0.756159663 0.532624364 0.397445649
    0.275854766 0.420550495 0.347636878 0.641887963 0.0494850278
    0.843598068 0.780196071 0.311648846 0.40062207 0.603117585
    0.795549393 0.864580214 0.261124223 0.0990535319 0.755290508
    0.539460361 0.778866887 0.577389777 0.677525103 0.935312867
    0.853144169 0.975321531 0.925585747 0.434505314 0.267730445
    0.548457742 0.310003698 0.939714074 0.409198493 0.599541605
    0.106646806 0.197973907 0.426785916 0.84997642 0.874318361
    0.582637489 0.862094522 0.00706619024 0.182280481 0.952416897
    0.354511499 0.927364528 0.535466433 0.440171301 0.0627554953
    0.759449124 0.56964004 0.792456567 0.555199265 0.295661807
    0.465964943 0.130494744 0.856372476 0.85125041 0.0550201237
    0.298416227 0.149547219 0.121447057 0.65585804 0.716362715
    0.944226682 0.786864996 0.881247878 0.704063833 0.836594105
    0.55443877 0.846542835 0.798867583 0.99655509 0.695046008
    0.591346979 0.00379469991 0.841272771 0.109048158 0.485016227
    0.424982458 0.616742373 0.486577541 0.746358514 0.417508394
    0.752941132 0.16742292 0.526913702 0.49724403 0.710446775
    0.801803112 0.347930491 0.803839087 0.140400529 0.569171429
    0.554196835 0.162981004 0.2213763 0.147673577 0.102107525
    0.305397034 0.772348046 0.23124525 0.560120225 0.501308858
    0.320071787 0.054566294 0.881836474 0.274010956 0.569097698
    0.879607081 0.358810008 0.626366735 0.501126826 0.413396418
    0.838585377 0.89722532 0.725419998 0.904076695 0.518636823
    0.858805418 0.85002315 0.229844838 0.00668472052 0.92834425
    0.805785239 0.980442762 0.524984121 0.627968073 0.539401889
    0.424488902 0.65043962 0.688083231 0.700206995 0.658746958
    0.804758966 0.973513246 0.283468068 0.321242392 0.195194989
    0.88365972 0.91149497 0.183815241 0.290603101 0.202120781
    0.861421049 0.401798308 0.131716728 0.187826097 0.271630764
    0.80380106 0.700766683 0.418199301 0.669613421 0.567691028
    0.485871494 0.360387385 0.406801641 0.282954395 0.576311946
    0.331400156 0.556427538 0.819478273 0.398532808 0.322178811
    0.396112353 0.215265036 0.588646114 0.690908551 0.0597900748
    0.0728075206 0.486507565 0.347632825 0.565214217 0.25543952
    0.825562179 0.120615721 0.629824042 0.893025517 0.88071698
    0.297391891 0.279516101 0.862934828 0.653906226 0.273661375
    0.2674101 0.941086233 0.174985886 0.766671896 0.199998677
    0.692716718 0.995547116 0.770489454 0.782284141 0.0929951668
    0.255259454 0.565687835 0.938420355 0.570374668 0.487239987
    0.0372308195 0.641191304 0.347958088 0.195670694 0.864440203
    0.329894662 0.645894885 0.0298610926 0.89966166 0.220808417
    0.352824152 0.980235815 0.402633071 0.500910521 0.21338889
    0.618774652 0.772399724 0.207970768 0.343681008 0.808635712
    0.991178632 0.0926178098 0.384259135 0.701288044 0.48289755
    0.333003819 0.185940385 0.200487345 0.240685463 0.289113045
    0.896194994 0.97067523 0.271334112 0.231691033 0.67089361
    0.0216671228 0.416925132 0.203983098 0.640008688 0.89999032
    0.375468493 0.751010299 0.631334305 0.439426005 0.0433255434
    0.580701232 0.760354698 0.664945841 0.111341357 0.483796895
    0.538478255 0.0616781414 0.667560756 0.413453341 0.432439148
    0.789888501 0.905272841 0.455044925 0.665089428 0.387156904
    0.521305561 0.227282494 0.790371895 0.479776531 0.814679861
    0.37560153 0.839378715 0.0533728898 0.263411731 0.895135403
    0.398074687 0.756013393 0.510578632 0.221409917 0.043097496
    0.515875757 0.312571168 0.524322629 0.514648914 0.110886216
    0.596914768 0.318080008 0.9367975 0.699670851 0.0586558282
    0.797408342 0.183377802 0.0656867027 0.527614594 0.56276238
    0.440614492 0.278417557 0.609339714 0.40372923 0.295749485
    0.244494826 0.54500407 0.344535738 0.821628094 0.751083016
    0.598954916 0.234216869 0.105634302 0.716250777 0.291414618
    0.466370702 0.514150977 0.774781466 0.185644537 0.520506024
    0.147388011 0.8146258 0.3880651 0.209867746 0.853629768 0.143439412
    0.813212752 0.809650898 0.348776162 0.828037798 0.358925164
    0.979436636 0.608004451 0.507609129 0.552554131 0.866149664
    0.775088429 0.452300668 0.829141974 0.156276941 0.935725808
    0.816119909 0.255885988 0.239061266 0.170742989 0.361347437
    0.641138732 0.123265445 0.364359319 0.683034182 0.842399478
    0.216782302 0.747269988 0.196579486 0.998050809 0.268423259
    0.617789805 0.164386898 0.361019313 0.99159205 0.500843704
    0.125825763 0.736240804 0.653506756 0.369210094 0.121024519
    0.0521734953 0.227395892 0.587594807 0.450285852 0.100252897
    0.549348652 0.828485429 0.33926481 0.77436161 0.973514199
    0.396699607 0.0100761056 0.318178773 0.676102519 0.523522258
    0.364803553 0.19910565 0.713026464 0.644984841 0.972106338
    0.0882093012 0.458827615 0.959847212 0.427169949 0.786443949
    0.506340683 0.261272609 0.981861174 0.434705228 0.183702409
    0.0494818389 0.00100797415 0.219859213 0.704073071 0.180327594
    0.0992050469 0.331026912 0.741548955 0.287147522 0.331579566
    0.0831111073 0.0168321431 0.568067133 0.663486004 0.372065961
    0.297673792 0.350099087 0.682194293 0.00802183151 0.766734362
    0.711795568 0.143523335 0.393646628 0.633251309 0.927199602
    0.98298049 0.671761036 0.450777262 0.167337567 0.453612566
    0.419444859 0.934417486 0.0561374426 0.888240814 0.534252107
    0.46106419 0.0924990773 0.489691466 0.620640039 0.812811017
    0.0159096718 0.793451786 0.97152257 0.940200925 0.397867769
    0.118610799 0.76709348 0.574384153 0.42194134 0.767549574
    0.967024803 0.467314512 0.627876163 0.769472718 0.961931229
    0.104901195 0.521457553 0.316623032 0.131948143 0.551974654
    0.226485938 0.0406596363 0.172182769 0.704853773 0.144146204
    0.798245907 0.70611918 0.642269611 0.146156162 0.650583565
    0.901651263 0.418923199 0.664670885 0.27504468 0.93616581
    0.965802073 0.837253928 0.795226336 0.735592008 0.664998233
    0.702478826 0.343912214 0.475955129 0.291536093 0.700858951
    0.123086393 0.07186234 0.0935740173 0.423574686 0.17926082
    0.379220247 0.0588378608 0.730790615 0.930898249 0.0146984756
    0.057571739 0.845468223 0.458423823 0.748572886 0.128015429
    0.571217239 0.573300779 0.79441458 0.716333985 0.523017645
    0.934571624 0.825074077 0.0552725196 0.635130644 0.88581562
    0.727880955 0.675748229 0.792169452 0.281422079 0.460974067
    0.590415597 0.699606299 0.783239305 0.535122633 0.596819162
    0.811362505 0.515893459 0.444831967 0.11041069 0.378386557
    0.286501229 0.136865407 0.680193782 0.402812004 0.367981195
    0.579035878 0.173453182 0.0735194683 0.902267396 0.261021048
    0.652534187 0.860615253 0.951559067 0.970830858 0.88482517
    0.237631142 0.598335385 0.702997208 0.760892212 0.290111244
    0.525541425 0.0683144629 0.107069105 0.569007158 0.30094564
    0.651591182 0.841317773 0.921907187 0.631943107 0.582374275
    0.928979993 0.286991924 0.715275705 0.381495625 0.713168144
    0.9811728 0.95205462 0.037484169 0.0839324892 0.155374736
    0.644008815 0.382542163 0.244137049 0.0775310993 0.654322267
    0.219332665 0.329110652 0.241252393 0.175366223 0.14483282
    0.38783583 0.754179299 0.78468585 0.592503428 0.577183247
    0.575212479 0.781373441 0.598611057 0.344012022 0.656637907
    0.0484713018 0.0192672014 0.791416347 0.27386564 0.913360119
    0.67202884 0.809809089 0.385062814 0.826908052 0.107887536
    0.653611302 0.211077571 0.8413167 0.344679028 0.654802024
    0.935955763 0.683310151 0.0802249014 0.584638298 0.844963193
    0.767717361 0.233134329 0.296837807 0.371356159 0.488467485
    0.353355199 0.186054915 0.779849708 0.419603944 0.804934263
    0.855633557 0.736524403 0.19376564 0.444728613 0.663006008
    0.743911862 0.321230829 0.727462947 0.010414958 0.424572289
    0.838311791 0.762658119 0.45458737 0.87678349 0.795490861
    0.827128828 0.785427451 0.514311194 0.343497425 0.513354123
    0.578253984 0.957929015 0.332606018 0.466156662 0.222296894
    0.459443927 0.354171574 0.387813121 0.04364568 0.597953558
    0.661636472 0.130102366 0.213372409 0.888606548 0.352187991
    0.698412776 0.20288074 0.189916909 0.977053285 0.534247398
    0.591382861 0.726361871 0.263842672 0.246457279 0.845005333
    0.196999699 0.254931629 0.869511724 0.253590286 0.601864219
    0.895278335 0.0247378647 0.174459934 0.0105160773 0.857956767
    0.956445813 0.471066654 0.68668735 0.745100021 0.675627947
    0.565336645 0.488548905 0.588816285 0.353955388 0.0254285038
    0.648272693 0.107087314 0.442276865 0.901773632 0.821797431
    0.978749573 0.493126869 0.202294677 0.598050237 0.0403991342
    0.132060289 0.273322761 0.934521914 0.682715654 0.221300453
    0.544066966 0.840159237 0.665669858 0.875200331 0.54904294
    0.553528249 0.84806931 0.688622952 0.283924252 0.300231755
    0.203470141 0.427198589 0.69271189 0.918937802 0.94357872
    0.0281239152 0.226116717 0.986639857 0.752026081 0.816314816
    0.298424959 0.371891439 0.22686851 0.0882223547 0.751669168
    0.499881804 0.349055886 0.690505266 0.195136577 0.590209067
    0.823722124 0.118865252 0.478865296 0.231691837 0.850078046
    0.789030492 0.583202481 0.217200905 0.39531672 0.928960323
    0.794979095 0.250324547 0.0112302303 0.762507915 0.0837171972
    0.113625139 0.544393659 0.557071924 0.672667027 0.720761299
    0.765706897 0.520987451 0.947639108 0.679559052 0.597165942
    0.610637844 0.814187109 0.646432221 0.448281735 0.206072867
    0.886233151 0.0874321461 0.251416504 0.0853641629 0.680030584
    0.927951813 0.563425124 0.949114919 0.365786493 0.288598478
    0.9290272 0.717579842 0.213687748 0.472264767 0.498473883
    0.765268207 0.084294498 0.507516861 0.448720187 0.908405066
    0.283326685 0.241954058 0.270408958 0.536534846 0.241924167
    0.0688457489 0.405332386 0.204714805 0.743474782 0.310064405
    0.346101999 0.758752823 0.479280025 0.233314514 0.557230651
    0.350692451 0.418037951 0.550025225 0.549203992 0.360338628
    0.38159585 0.322385967 0.779334188 0.593830705 0.0859627426
    0.158317804 0.419737458 0.354159236 0.427523971 0.698048234
    0.56056881 0.0346069336 0.679433167 0.769426584 0.667843223
    0.286388636 0.935373425 0.313711047 0.489211798 0.357322574
    0.415941477 0.45679912 0.47927925 0.327296108 0.139199018
    0.339725673 0.28471911 0.261987686 0.0730861127 0.443771452
    0.0189061761 0.855424762 0.552869558 0.320272982 0.0788291395
    0.794557095 0.380773783 0.958126366 0.109223902 0.693192363
    0.672684431 0.423951387 0.302727997 0.550715089 0.219935656
    0.822121143 0.905377746 0.754230976 0.594663799 0.715768397
    0.683992922 0.331003308 0.498655736 0.403479189 0.455301464
    0.323172152 0.698410273 0.0492157638 0.616854846 0.685872018
    0.0462159812 0.687717319 0.7921772 0.599466324 0.662107229 0.7418679
    0.755690932 0.791629016 0.655155122 0.148904145 0.846759081
    0.562345624 0.650256217 0.425809085 0.837865651 0.439350039
    0.520327032 0.0463410914 0.673968554 0.960492134 0.807703316
    0.94076395 0.928480446 0.250002384 0.04649055 0.947504222
    0.134326488 0.914746284 0.141972005 0.810600102 0.717435837
    0.974761367 0.078399241 0.0023663938 0.137468278 0.472650677
    0.937260151 0.727021754 0.349301487 0.197312623 0.517279029
    0.278740883 0.544276476 0.408345222 0.263124406 0.570773959
    0.838218868 0.310245723 0.651616216 0.723290801 0.484384298
    0.549379349 0.780110896 0.623470187 0.0228495896 0.42015782
    0.396251649 0.962415099 0.405753464 0.368023992 0.121995091
    0.653944731 0.0523900092 0.441762507 0.748668671 0.683935523
    0.405185223 0.797627211 6.54757023e-05 0.0565503538 0.235303849
    0.118469089 0.716665864 0.0757478476 0.207266122 0.998358846
    0.964488328 0.951979697 0.96422708 0.802513123 0.280369073
    0.794476271 0.185266435 0.887116492 0.270026386 0.577909589
    0.242840052 0.989910007 0.400060683 0.194800943 0.166126668
    0.319808543 0.213151932 0.212080806 0.675691426 0.836592674
    0.125489682 0.2137658 0.166422904 0.389122814 0.15105772 0.439086229
    0.0758684874 0.877896547 0.297566265 0.373232275 0.800260901
    0.248438776 0.379945308 0.84265101 0.904006004 0.551540077
    0.114653736 0.763533235 0.271989286 0.948207974 0.0361437201
    0.26548785 0.665921152 0.978874445 0.435765117 0.607121885
    0.90765059 0.766073823 0.898491144 0.737607062 0.21712327
    0.132429004 0.129683733 0.888305426 0.43665278 0.249467164
    0.624722242 0.939788938 0.34349829 0.607067645 0.740588784
    0.313727319 0.837919474 0.131929904 0.321983606 0.262269378
    0.83337903 0.492505848 0.747705102 0.64509213 0.512309313
    0.848197341 0.350034297 0.0391654074 0.327358782 0.948571682
    0.852205336 0.202615619 0.68866694 0.999476731 0.746308267
    0.391861647 0.738954306 0.0636662245 0.570859075 0.501244605
    0.988372862 0.436709255 0.678996682 0.435380936 0.348233104
    0.537590742 0.760498345 0.805351198 0.669471264 0.159673154
    0.245286316 0.84525454 0.642871618 0.514527678 0.718475223
    0.215082228 0.829926431 0.143065661 0.0298694968 0.203228623
    0.26337707 0.0891159177 0.574557781 0.465059519 0.701461136
    0.907565117 0.88021183 0.102333039 0.949604869 0.830457032
    0.488327712 0.985214293 0.250968218 0.384562075 0.731710672
    0.0603619814 0.245417863 0.605451763 0.0438952148 0.346626729
    0.0507047474 0.936978579 0.571427763 0.957736671 0.482450545
    0.00202125311 0.529129207 0.0254230499 0.888406575 0.396706671
    0.512332261 0.874012232 0.0426401198 0.424552739 0.595902264
    0.00959387422 0.323267996 0.114161104 0.179312527 0.482808411
    0.717308521 0.894487441 0.574873984 0.968745232 0.72492224
    0.712890029 0.44567281 0.142900288 0.678609192 0.133466601
    0.764649987 0.994922876 0.616207361 0.171685308 0.692694783
    0.33665961 0.415002525 0.794598699 0.962331533 0.925759196
    0.350711346 0.205615103 0.973497748 0.176434129 0.493239135
    0.969926119 0.860234976 0.843151093 0.383076668 0.531287074
    0.831205368 0.0988100171 0.475756377 0.809440732 5.00977039e-05
    0.698728859 0.428020895 0.708462596 0.210286319 0.272359669
    0.512831509 0.813090682 0.678541899 0.299924076 0.903544188
    0.853847921 0.506531 0.0181372762 0.874121487 0.786707222
    0.430531681 0.753957391 0.961849093 0.744808793 0.269062698
    0.312228918 0.686010659 0.439039558 0.326256752 0.12451908
    0.32660678 0.911305428 0.55799222 0.411203086 0.888241708
    0.199631393 0.0371851027 0.933807969 0.823808789 0.800119221
    0.250164986 0.417979121 0.0967231691 0.357266665 0.481055796
    0.555710971 0.713944077 0.20102033 0.0160004199 0.573092937
    0.614564061 0.993555784 0.642085731 0.622797728 0.0443789661
    0.652807653 0.871426702 0.298761904 0.503608525 0.224669605
    0.119964927 0.875133038 0.902490616 0.923278093 0.87803036
    0.41842553 0.506362677 0.0882667601 0.66942817 0.267555863
    0.420857221 0.423896819 0.314279079 0.974050939 0.845917344
    0.417970002 0.18388319 0.0514020324 0.325962245 0.426002175
    0.700913548 0.365128696 0.663206935 0.678177595 0.127472401
    0.303565383 0.95756799 0.683677971 0.977909148 0.884901285
    0.620404899 0.000117152929 0.617430449 0.515152633 0.409919083
    0.215066969 0.266309708 0.332842708 0.125650495 0.218379259
    0.130081087 0.782909453 0.49269563 0.466652453 0.714720368
    0.195618868 0.562180877 0.938196659 0.882244587 0.907380581
    0.356092513 0.334210128 0.428062648 0.649511635 0.973428547
    0.680609286 0.816022396 0.990675211 0.737388194 0.887764812
    0.366703212 0.907625437 0.922508836 0.870692968 0.148150355
    0.901261985 0.551125884 0.566316307 0.183402091 0.529972613
    0.326389879 0.118594825 0.190238714 0.352474272 0.934735239
    0.0311638117 0.409936547 0.870030642 0.692682266 0.380207717
    0.931013823 0.690581024 0.0144804716 0.481245577 0.171554953
    0.171558022 0.744032621 0.859727144 0.0930235088 0.399629474
    0.17969659 0.929018497 0.916560471 0.69024843 0.879561067
    0.146900475 0.211097658 0.035086453 0.808358133 0.321720958
    0.787700117 0.619516969 0.05879426 0.416818619 0.0734071136
    0.131024539 0.825915933 0.234618127 0.715158522 0.083766818
    0.410823524 0.922882795 0.898118734 0.701757073 0.655216455
    0.482534766 0.515249431 0.843815386 0.696734548 0.445968062
    0.305323184 0.747869372 0.589651704 0.00567802787 0.624388576
    0.429085106 0.013381511 0.799793124 0.330313861 0.443174362
    0.886263609 0.175934166 0.862251818 0.0401811898 0.415046453
    0.596278787 0.0623846054 0.976279855 0.822314739 0.530644059
    0.246181101 0.493005812 0.0887453556 0.346309721 0.448110849
    0.51679343 0.709579647 0.0600603521 0.097894609 0.405237556
    0.71934545 0.923617721 0.103293598 0.3913275 0.110655785 0.720385551
    0.59088558 0.0740579963 0.114432305 0.933253825 0.127993673
    0.979480982 0.873370528 0.202532113 0.330108881 0.927898049
    0.276093364 0.642709136 0.473317891 0.267270386 0.661146641
    0.443391889 0.20479539 0.390882015 0.460156202 0.0955048501
    0.775281549 0.762718916 0.76816678 0.427936256 0.355771184
    0.544383883 0.640248179 0.198353082 0.840958238 0.872012019
    0.418227941 0.750629306 0.803497553 0.454291791 0.497600883
    0.322833776 0.995855331 0.168760478 0.0225872099 0.174906582
    0.103133768 0.104913294 0.162451088 0.150250852 0.331621885
    0.383821189 0.111810923 0.114986241 0.0273866057 0.154172927
    0.310603619 0.397858024 0.0556180477 0.586840749 0.464546829
    0.546247125 0.756508708 0.954715371 0.539916098 0.493602455
    0.505620241 0.113504082 0.40161255 0.837087989 0.60705781
    0.212997824 0.337606311 0.541717649 0.938983798 0.426081538
    0.980047822 0.586170852 0.258893728 0.838907242 0.930007219
    0.2818968 0.0394026935 0.975319326 0.12918812 0.778860867
    0.899562836 0.990794241 0.0129710734 0.822555423 0.609060526
    0.454559028 0.659232974 0.443924367 0.846790671 0.0225052536
    0.405190617 0.50457859 0.00517994165 0.856954575 0.111039549
    0.618749142 0.845631242 0.176581621 0.554929554 0.107607752
    0.889895558 0.20156157 0.231743813 0.00750982761 0.162338763
    0.354057789 0.421156913 0.525446832 0.366105914 0.216732979
    0.606273413 0.949713111 0.216692388 0.946901798 0.268117279
    0.183932364 0.450726032 0.483469129 0.619651556 0.85512197
    0.759107828 0.00621709228 0.493424058 0.451509655 0.86571759
    0.0908643305 0.368445456 0.56878835 0.630197942 0.278362572
    0.0431543887 0.425519258 0.269332767 0.266107023 0.7675035
    0.807607949 0.31179285 0.00553125143 0.355837584 0.422280371
    0.17626676 0.95851779 0.840538681 0.443251371 0.0121050775
    0.353847802 0.813098609 0.69609201 0.72317791 0.316770196
    0.817638755 0.9457286 0.913212538 0.499251157 0.207890958
    0.717451215 0.971560776 0.372644842 0.365465522 0.954887092
    0.845736504 0.31332612 0.948130071 0.033246696 0.76582098
    0.583826363 0.455922902 0.72594285 0.0758963525 0.0628019869
    0.112784266 0.556179345 0.3710953 0.460882366 0.101194173
    0.0986399651 0.0467198789 0.459497124 0.900134325 0.929496884
    0.464005858 0.464439839 0.0980167985 0.53896594 0.105553359
    0.0367722511 0.899632573 0.183639437 0.027482152 0.0722779334
    0.787881553 0.270177156 0.58445859 0.504197121 0.779780865
    0.747047305 0.474388808 0.936797619 0.592057586 0.607255459
    0.791193128 0.198052734 0.455985963 0.195438862 0.72731626
    0.468038082 0.437507868 0.195418596 0.00890174508 0.715094388
    0.867904782 0.0862300396 0.567636192 0.484975755 0.746578991
    0.999890029 0.575506389 0.647510767 0.327199399 0.230167717
    0.531529427 0.536903381 0.407028019 0.677425385 0.831165314
    0.333842456 0.174789429 0.193647712 0.0438617766 0.495149136
    0.763129115 0.63702929 0.267356694 0.985826612 0.833920181
    0.230590165 0.559709489 0.134388417 0.194599003 0.871460378
    0.781517804 0.799098849 0.63676095 0.00463160872 0.747568011
    0.591724992 0.578736782 0.274766028 0.0566870868 0.265215755
    0.820742488 0.847754836 0.678131223 0.515014887 0.891646981
    0.614633381 0.111617863 0.407556772 0.799624145 0.481931657
    0.294048905 0.995891333 0.392754614 0.353648663 0.843848526
    0.480265975 0.922634959 0.265916705 0.830651104 0.876367331
    0.897767901 0.403229773 0.375952929 0.437728852 0.768423378
    0.659826517 0.79221338 0.203080952 0.653515458 0.0301323533
    0.151596636 0.539391279 0.736109734 0.452100068 0.964025974
    0.873007476 0.300244898 0.0391663909 0.576538682 0.528040648
    0.331450909 0.102316558 0.741373539 0.396901846 0.304295361
    0.452490926 0.0917190909 0.777700305 0.658087432 0.793837309
    0.10851711 0.494087428 0.180669934 0.410381317 0.61098057 0.15097037
    0.396806955 0.816542387 0.185253352 0.802154541 0.0190141797
    0.107419491 0.462005377 0.122084647 0.256066412 0.369103879
    0.0183775723 0.261769414 0.175604582 0.247475505 0.321195543
    0.816001892 0.0736964941 0.0938042104 0.343289703 0.717081666
    0.681527376 0.640715301 0.930590987 0.617269993 0.500818908
    0.487963796 0.458527893 0.537133217 0.916618586 0.697461009
    0.328565508 0.836000323 0.61087209 0.6487813 0.215433151 0.113290012
    0.178752273 0.602273285 0.135589391 0.258619905 0.629539609
    0.727161527 0.653594613 0.604674518 0.153473705 0.337682724
    0.27562058 0.977595031 0.85395956 0.461568624 0.672709584
    0.178504944 0.920592368 0.923846483 0.184350759 0.000247448683
    0.217442751 0.396984905 0.832415342 0.101783037 0.0382498801
    0.691980422 0.0244711936 0.644938231 0.011097461 0.666342854
    0.963285923 0.629795313 0.42114222 0.456049979 0.613387048
    0.331270695 0.642979383 0.0203338861 0.598579586 0.206378788
    0.804570675 0.924125552 0.291050225 0.540645599 0.379399866
    0.384479821 0.375382751 0.314965069 0.219553113 0.978977084
    0.53008002 0.707316399 0.657782912 0.318136394 0.713309407
    0.987767935 0.579755068 0.403604269 0.85908556 0.59960711 0.47840327
    0.509779274 0.836812854 0.59173882 0.652050197 0.991050601
    0.931221545 0.456774592 0.815630794 0.130122304 0.580908656
    0.962711513 0.471409023 0.935021162 0.480221331 0.888037682
    0.0748147666 0.151324958 0.119748175 0.2654154 0.63040781
    0.379974663 0.339527726 0.709306777 0.865431666 0.186155617
    0.635292232 0.389594018 0.773575425 0.56705749 0.306303859
    0.162038565 0.794038773 0.469038755 0.448467106 0.841898143
    0.29042843 0.295155138 0.930393279 0.245039761 0.888832211
    0.665887773 0.106925696 0.320087314 0.56556052 0.054508239
    0.255481988 0.446700066 0.866104245 0.211438805 0.627657294
    0.346860528 0.635956943 0.715551615 0.612739742 0.469846725
    0.62321502 0.543424189 0.241647869 0.180238992 0.0112959146
    0.615115166 0.350046813 0.294041455 0.368950099 0.659016848
    0.908026278 0.744379759 0.80691278 0.325242072 0.288597882
    0.0199846327 0.171368152 0.00217872858 0.128578395 0.203786314
    0.559487402 0.896353662 0.540982008 0.541653931 0.96063149
    0.31060043 0.933696926 0.0451581776 0.681367278 0.189402908
    0.280189782 0.889387012 0.586023867 0.849009156 0.648406029
    0.226002961 0.761515021 0.600282609 0.218991697 0.882781267
    0.101983726 0.225917995 0.813847423 0.445205748 0.492810279
    0.650257945 0.662058115 0.614551008 0.276962698 0.689568877
    0.438915372 0.383526832 0.811070561 0.809809804 0.190329045
    0.632144868 0.13622421 0.252865076 0.248873115 0.752838254
    0.301272929 0.942864239 0.628693104 0.268349081 0.659659386
    0.751748145 0.765865088 0.936878443 0.896247268 0.779330373
    0.0922843218 0.526212633 0.610244155 0.921572447 0.622793019
    0.544633687 0.397614032 0.1954889 0.92942524 0.308940232 0.906067729
    0.623862982 0.315961003 0.871581554 0.674444973 0.198343754
    0.336589634 0.40147683 0.983696938 0.856173158 0.871976495
    0.0381120443 0.155193925 0.700554967 0.0864179134 0.91610533
    0.555318773 0.169690341 0.567309916 0.177659512 0.365585327
    0.268088192 0.303803802 0.330757797 0.700701714 0.619165242
    0.311766982 0.724965453 0.985087156 0.461513937 0.197015107
    0.129863858 0.456073642 0.506966293 0.289827704 0.876722991
    0.50305146 0.999554038 0.771188259 0.0345610976 0.506406128
    0.249662131 0.820187092 0.621986091 0.640828252 0.146164894
    0.589534819 0.144740462 0.276981175 0.899340987 0.223260224
    0.882952929 0.507914364 0.316344291 0.952596307 0.444356412
    0.0169985592 0.262389064 0.0325654149 0.400041938 0.608668566
    0.975611866 0.530709207 0.296937793 0.683471799 0.690677762
    0.486548632 0.729646385 0.614872456 0.614853323 0.0815908611
    0.517870545 0.155945361 0.874343038 0.998795271 0.547982931
    0.689953446 0.973753572 0.848473489 0.772287488 0.948967814
    0.206722289 0.273464918 0.304508388 0.061629355 0.684495151
    0.258380651 0.275488794 0.173569113 0.946864724 0.613026381
    0.186846256 0.176626027 0.13819617 0.605459571 0.771850884
    0.702772379 0.811138988 0.164587587 0.353562117 0.917147756
    0.842512131 0.174929917 0.744057119 0.171724826 0.0393310785
    0.431682408 0.0477604568 0.865633249 0.880065799 0.580250025
    0.474707395 0.615268469 0.788808346 0.774057031 0.696496606
    0.306029916 0.810608745 0.203204811 0.950207591 0.317351282
    0.484366566 0.827701747 0.585126519 0.520385385 0.98998034
    0.23807323 0.367369115 0.915970087 0.226076812 0.712681174
    0.478602678 0.316289842 0.374310017 0.0679742694 0.877539814
    0.0417457223 0.569030285 0.221485913 0.796778798 0.684050202
    0.390219212 0.133047193 0.242263854 0.929692984 0.537244618
    0.178147882 0.875741184 0.844415307 0.0368765593 0.226302803
    0.0770617127 0.0823659301 0.514894903 0.126720786 0.423312753
    0.7177037 0.185841829 0.00530844927 0.384177089 0.272911429
    0.489418685 0.692026973 0.35693121 0.748226464 0.194466591
    0.441892326 0.625636697 0.637512028 0.880325198 0.0253624916
    0.358158112 0.319184899 0.193799675 0.816139281 0.466958165
    0.144319028 0.589670002 0.559599817 0.678144872 0.181389064
    0.790032148 0.14686352 0.9126966 0.941851139 0.774846673
    0.0219769478 0.445877492 0.656847596 0.315710455 0.39958781
    0.742392063 0.299916029 0.114831269 0.890457392 0.556268692
    0.252108514 0.504201829 0.354737461 0.0433539152 0.146561652
    0.921401501 0.703655839 0.927354336 0.715285242 0.317100555
    0.0689938962 0.475080848 0.581261933 0.218590856 0.296312273
    0.377016038 0.0711353421 0.119677097 0.798268676 0.992939472
    0.314335465 0.394762397 0.597792506 0.340234518 0.13800931
    0.612725139 0.766727388 0.779976308 0.774508953 0.000506192446
    0.491473466 0.602401137 0.279615641 0.294939667 0.282197118
    0.495996237 0.924407661 0.605968535 0.981134534 0.975893617
    0.562165439 0.232713372 0.812063932 0.102525979 0.440026075
    0.808335304 0.157580107 0.518243194 0.771357179 0.346875846
    0.134565085 0.434420556 0.103574306 0.042147696 0.664390922
    0.457582325 0.431157112 0.734070361 0.481325001 0.0775197148
    0.471315622 0.23240307 0.935441673 0.559070468 0.611117661
    0.846476793 0.292876691 0.0363059938 0.431694299 0.956825197
    0.0653257072 0.0827892423 0.722774506 0.146947652 0.584815681
    0.389036179 0.421367526 0.352386236 0.689260006 0.722608984
    0.682487667 0.230972886 0.768875182 0.85006547 0.368794322
    0.293935537 0.971149445 0.054379195 0.37272507 0.296765685
    0.964608431 0.191632569 0.80934608 0.978746831 0.0609413385
    0.142675161 0.827022612 0.709019423 0.272564113 0.584323466
    0.54811132 0.420489669 0.356075585 0.995159447 0.356457055
    0.498758674 0.953093827 0.0185093284 0.158852249 0.868317187
    0.455051661 0.245220572 0.265004992 0.899036705 0.489118904
    0.729087412 0.548377275 0.187857211 0.0163143575 0.81748426
    0.859627843 0.617416084 0.189977705 0.907821536 0.249674767
    0.0953756869 0.828847826 0.761192799 0.84039712 0.310570627
    0.0455711186 0.000459671021 0.67901212 0.502750635 0.208803058
    0.0599007905 0.226694733 0.924351454 0.0956014991 0.474609971
    0.0729213953 0.575327694 0.519105315 0.142344177 0.958209336
    0.484897584 0.451976955 0.0480977893 0.567677021 0.391846448
    0.425130486 0.816721082 0.710097551 0.209740639 0.965287328
    0.0922234356 0.53513521 0.353741586 0.0276746452 0.90641427
    0.261502385 0.249021858 0.265730739 0.256266177 0.842304409
    0.750550151 0.0582190752 0.883415163 0.00824055076 0.246124953
    0.10460186 0.323569357 0.61247623 0.307716012 0.858620048
    0.680886269 0.867387295 0.170387417 0.611343086 0.882598996
    0.00163570046 0.345002055 0.187901407 0.962602794 0.39827925
    0.119160265 0.7997334 0.427568555 0.1259965 0.658400774 0.337319195
    0.440203816 0.00168681145 0.69217205 0.0962080061 0.267934442
    0.800483465 0.582142115 0.128654242 0.449829936 0.481893957
    0.345374167 0.878050327 0.589699328 0.940673232 0.375791579
    0.873950362 0.804095328 0.197092414 0.576097071 0.179996908
    0.0810554922 0.0478111207 0.474370182 0.578020811 0.595665097
    0.817790806 0.947962642 0.699928164 0.559501827 0.0286668241
    0.919907093 0.484869897 0.402327776 0.66610992 0.0671900511
    0.845254719 0.0925201774 0.816565752 0.587266624 0.28070423
    0.959321082 0.279339492 0.911201954 0.246643752 0.194410115
    0.744805455 0.598420203 0.295753032 0.135502696 0.455897301
    0.913912058 0.764054418 0.380084455 0.0419995189 0.144319355
    0.962698936 0.0133690834 0.752177715 0.205513954 0.0264329016
    0.0470252633 0.904675961 0.310730577 0.980457067 0.377261102
    0.217290401 0.491279542 0.714387774 0.585124612 0.246885121
    0.829066455 0.667552471 0.616710186 0.197484672 0.368529171
    0.46430555 0.726815701 0.620144665 0.405853271 0.258293688
    0.082750082 0.808141351 0.616699696 0.967989504 0.411730379
    0.178733885 0.596392393 0.764954567 0.374099821 0.901515603
    0.297745585 0.314341128 0.000830322504 0.399915606 0.110275984
    0.203184426 0.802163959 0.131711066 0.962747455 0.188859373
    0.160173506 0.602612972 0.247890383 0.129074305 0.635838926
    0.854186893 0.257247448 0.368101418 0.677402854 0.321874976
    0.895902216 0.556875169 0.245578527 0.172336876 0.0572600365
    0.663637638 0.965458214 0.65540421 0.816360593 0.783959508
    0.885109961 0.869349122 0.520804167 0.149399936 0.868622661
    0.417998046 0.280746162 0.592263639 0.822979212 0.821145415
    0.138301224 0.451849401 0.0506849587 0.621518672 0.0856357515
    0.370748818 0.829669476 0.895952761 0.411979795 0.788568258
    0.0733746588 0.00439101458 0.98739475 0.729127765 0.113032252
    0.545821071 0.379919946 0.0476597548 0.0911681354 0.465591431
    0.647448301 0.307984948 0.177656651 0.440386802 0.113233089
    0.35877794 0.12463519 0.208760351 0.466642082 0.142136335
    0.932109118 0.353054136 0.994528294 0.740424693 0.424655586
    0.605105639 0.708777308 0.711957455 0.552794516 0.536678433
    0.690622568 0.150846779 0.640512884 0.157175153 0.247158289
    0.822907209 0.441592902 0.14790085 0.524907589 0.229639828
    0.264109552 0.354779959 0.502283633 0.212975413 0.440701306
    0.0307660699 0.481227398 0.303771377 0.355816245 0.340788364
    0.924590588 0.0556131601 0.885531366 0.0935634077 0.472030252
    0.392227441 0.326151818 0.655774117 0.502394736 0.797581434
    0.416906267 0.831023216 0.398632586 0.641055107 0.587289333
    0.0879462659 0.0731731951 0.146319389 0.226822048 0.950922906
    0.757271707 0.087050885 0.776771903 0.0158340633 0.338493705
    0.144831419 0.423143059 0.198271334 0.404277951 0.407677829
    0.210702479 0.788172245 0.247710586 0.954392016 0.913386822
    0.926528931 0.416868627 0.139287829 0.843177795 0.275872439
    0.722566843 0.825888634 0.979209781 0.069334209 0.181755185
    0.599022925 0.0190351605 0.551244259 0.574064076 0.667480052
    0.803276956 0.0152921677 0.0220517218 0.389652252 0.423403829
    0.586274147 0.998206139 0.937144995 0.833584487 0.400335997
    0.216408461 0.158548892 0.905698717 0.859176159 0.657356977
    0.689304173 0.465344995 0.112397909 0.760497689 0.548248589
    0.58196795 0.680499792 0.764451027 0.203713536 0.518665314
    0.201714337 0.331869721 0.613117695 0.0094602406 0.937750638
    0.851410866 0.50146699 0.467565954 0.485986918 0.173602581
    0.152229726 0.886542261 0.658996463 0.671819448 0.572816908
    0.773621559 0.48115623 0.173157573 0.438019574 0.567151785
    0.786153555 0.436494321 0.34618026 0.50281781 0.298905015 0.64301455
    0.530788064 0.135830581 0.912151158 0.460164875 0.595224798
    0.494204819 0.281004667 0.0423727632 0.430742592 0.331746697
    0.32498607 0.848348379 0.476901114 0.611298501 0.63686955
    0.869921863 0.848643959 0.336610794 0.0832610726 0.0557036102
    0.871449172 0.340025097 0.233354211 0.083502233 0.705369234
    0.0726855993 0.849893689 0.855248094 0.641940832 0.227227122
    0.276016772 0.0930350721 0.654975832 0.829144835 0.570295811
    0.679440022 0.612050474 0.1652897 0.916053295 0.233743459
    0.446624994 0.864102364 0.964600861 0.784489632 0.681672096
    0.158810139 0.458693385 0.452876925 0.913567007 0.709087133
    0.299947202 0.490419477 0.373694241 0.170027584 0.0379239023
    0.879811347 0.480128229 0.165723175 0.978431463 0.905359089
    0.984833479 0.796086788 0.854426742 0.958058834 0.969537616
    0.637127876 0.697958112 0.322547317 0.899853289 0.975217462
    0.777079701 0.966062963 0.20699212 0.985744596 0.529199064
    0.715463698 0.317497671 0.978848457 0.691224873 0.536293626
    0.711158395 0.479885846 0.451028973 0.464295387 0.285339057
    0.326358378 0.505333841 0.214137018 0.679727077 0.123199195
    0.947932482 0.915947676 0.779772401 0.49455291 0.16880241
    0.513911963 0.776681662 0.464333624 0.836063504 0.864003897
    0.270562649 0.832082748 0.737154365 0.0432428122 0.949454665
    0.0239601433 0.386548758 0.463654846 0.276144862 0.668305576
    0.873443723 0.413920343 0.312165856 0.86109519 0.461155891
    0.501766682 0.595996141 0.0912384093 0.198126376 0.147405446
    0.744764566 0.631927431 0.651212096 0.581063271 0.0567957759
    0.402336121 0.520682395 0.323440373 0.590482712 0.432666332
    0.314209133 0.266045302 0.568160176 0.232804239 0.533910453
    0.27792573 0.49725154 0.000335305929 0.0652933717 0.617590845
    0.792470694 0.194562227 0.221874684 0.709587574 0.0992093682
    0.0385496616 0.411670506 0.557583749 0.634955645 0.800414562
    0.586912513 0.883215964 0.420806587 0.830572605 0.988052666
    0.31935811 0.615860403 0.0263737142 0.238099664 0.0344339311
    0.148224741 0.556234717 0.731968403 0.448753983 0.971649528
    0.21649909 0.742338419 0.792041898 0.858366132 0.353389502
    0.0400743484 0.364240646 0.833522141 0.00073236227 0.599215448
    0.789899468 0.691552877 0.589416742 0.713264883 0.01671049
    0.877967715 0.457905889 0.0343701243 0.271311224 0.757572532
    0.727558255 0.294654012 0.161290675 0.869248271 0.625699997
    0.583773553 0.81891048 0.95546174 0.234952569 0.881704807
    0.520515025 0.0875848532 0.59514302 0.996938407 0.877314508
    0.934572697 0.169953734 0.555666327 0.897581279 0.81348002
    0.828567147 0.968954325 0.686278403 0.982271314 0.914765954
    0.735778689 0.739924312 0.466145962 0.931262255 0.611722529
    0.265987724 0.0336602032 0.077103734 0.911967993 0.147758394
    0.691697419 0.62207967 0.468006015 0.852776885 0.141754568
    0.641008198 0.137967736 0.867483795 0.272084415 0.0737870038
    0.222056299 0.438477993 0.913413882 0.0219252408 0.330034107
    0.0118670464 0.827303052 0.590481997 0.9210639 0.579809189
    0.681708276 0.0162835717 0.649341762 0.626084924 0.891929567
    0.0111607611 0.741197526 0.521378636 0.711666822 0.838611841
    0.99926573 0.796094775 0.440495968 0.718917489 0.462989748
    0.517404675 0.216431767 0.237028152 0.841227353 0.570053875
    0.840956628 0.212008387 0.836791217 0.63102293 0.702490926
    6.86943531e-05 0.515324354 0.0683084428 0.967928648 0.953476429
    0.517974257 0.832065463 0.993943632 0.655121922 0.0637289584
    0.426235169 0.485848069 0.248909861 0.899104834 0.12459746
    0.875646472 0.346191823 0.417608678 0.77921927 0.571665406
    0.488276035 0.99885267 0.552616954 0.651929855 0.525214911
    0.309713215 0.609384537 0.418360889 0.716930687 0.508376837
    0.962227762 0.476442635 0.809215426 0.383047223 0.42245245
    0.795927405 0.481934905 0.0877626836 0.225246549 0.0469241738
    0.127827913 0.622097135 0.0172287226 0.531709194 0.226118445
    0.351355582 0.340811253 0.516047359 0.394065708 0.208507121
    0.959911466 0.918883145 0.421477914 0.339736938 0.0825754702
    0.983947396 0.503146946 0.286169469 0.665982604 0.401448876
    0.903172851 0.552384496 0.782655239 0.899983943 0.322891861
    0.798891544 0.18071118 0.503501475 0.287204206 0.391366899
    0.319273233 0.477387071 0.670788229 0.647092223 0.769141912
    0.919074535 0.627138972 0.829330683 0.124683678 0.51499474
    0.873121262 0.120068491 0.233051836 0.589852095 0.925399721
    0.3185637 0.597246885 0.629917443 0.290971577 0.842754245
    0.306802392 0.337425709 0.962335825 0.0387787223 0.248785943
    0.575053811 0.975775301 0.887174964 0.603289723 0.411076009
    0.583469927 0.370318234 0.158574671 0.4778741 0.571999967
    0.913886666 0.606233835 0.698578715 0.961820245 0.84896785
    0.910444617 0.60718745 0.125758857 0.418932796 0.201301157
    0.59460181 0.0021931231 0.939914882 0.349066734 0.453861862
    0.233724505 0.622776389 0.463387191 0.787867904 0.373200059
    0.626259565 0.258782864 0.604422212 0.932009101 0.811410427
    0.433472395 0.377599984 0.0196103454 0.692831635 0.962069511
    0.929012239 0.915642679 0.433702499 0.722376823 0.404998779
    0.75253284 0.479890406 0.795656085 0.107384592 0.909309983
    0.994732976 0.463105291 0.676246226 0.455933213 0.832252026
    0.968943954 0.819234967 0.83482635 0.224979401 0.82287389 0.82587719
    0.836482406 0.625899076 0.858086169 0.0100551248 0.396665603
    0.665078282 0.968519032 0.424093485 0.272851765 0.4609043
    0.792778194 0.555100918 0.688549578 0.229732871 0.116512746
    0.519571841 0.549411774 0.662748456 0.820563674 0.752129197
    0.136997521 0.312857926 0.928164721 0.862286687 0.615198135
    0.506265879 0.137664884 0.927866101 0.797842145 0.221015632
    0.778872073 0.508728206 0.0176302493 0.776021481 0.149753273
    0.130998015 0.353014469 0.225260466 0.63337481 0.378779054
    0.21109733 0.567008555 0.68982935 0.17650339 0.392044902 0.173324555
    0.743706524 0.938118219 0.574199021 0.58999896 0.810430169
    0.687717795 0.545707047 0.451934546 0.118496925 0.407509387
    0.596953273 0.771176159 0.170368016 0.831112742 0.213633358
    0.128020495 0.796739221 0.489216924 0.0275663733 0.597812355
    0.649259329 0.994597554 0.560262561 0.494592428 0.573610127
    0.63780278 0.675846219 0.704146624 0.590325534 0.655568421
    0.121080726 0.516511798 0.426033676 0.199827015 0.35093981
    0.448366821 0.891093254 0.149789602 0.522541165 0.69997704
    0.637277484 0.108058035 0.137405276 0.522246063 0.250690013
    0.632442713 0.872452974 0.389907181 0.64883697 0.449901819
    0.537347734 0.434874594 0.171415269 0.439726174 0.77887392
    0.244487762 0.339866757 0.619188309 0.757369518 0.751333117
    0.634487271 0.943743348 0.881469727 0.834216237 0.981924772
    0.122896165 0.476560771 0.687778473 0.312082946 0.407327771
    0.361960053 0.692500114 0.172456563 0.34697324 0.567613721
    0.151159644 0.382061124 0.499280483 0.694160938 0.41831392
    0.95963943 0.690545142 0.225644082 0.912311196 0.304691464
    0.625077844 0.783949137 0.126488417 0.758316517 0.554366648
    0.772279024 0.926485658 0.578726292 0.0794772208 0.0110506415
    0.0772109032 0.355649531 0.419252276 0.769213319 0.0293948352
    0.675823867 0.867956519 0.215528637 0.353712976 0.989161909
    0.209986389 0.445622772 0.519647419 0.921833098 0.913773537
    0.72471261 0.102123052 0.334436953 0.16860202 0.910080671
    0.835249662 0.0201981068 0.254386306 0.632773876 0.625120163
    0.593451679 0.113610923 0.528662145 0.627905667 0.240671247
    0.0434798002 0.794605792 0.184842557 0.922726274 0.189784348
    0.276203752 0.522963405 0.459127903 0.965333581 0.44322601
    0.26306808 0.284126878 0.892523706 0.0770703554 0.206504971
    0.658928633 0.994326115 0.395907462 0.665088832 0.975559652
    0.835552335 0.931845069 0.650278926 0.00315123796 0.303634822
    0.930064559 0.349148542 0.646855056 0.32592687 0.0478723049
    0.878991723 0.313163429 0.202520877 0.568907857 0.0706726313
    0.844909787 0.240247846 0.0602602661 0.290860951 0.0989241898
    0.419448853 0.846892118 0.511936069 0.660048008 0.67182678
    0.486828417 0.392368674 0.406533986 0.505100071 0.577548027
    0.562975049 0.580161572 0.840576887 0.00511917472 0.0220600665
    0.226847172 0.620546639 0.528658092 0.829446018 0.689217091
    0.606150687 0.706387937 0.637578011 0.903243363 0.363591611
    0.801567674 0.184610099 0.543990076 0.697001576 0.973232269
    0.514253676 0.254379749 0.389461398 0.213274449 0.596361518
    0.360051274 0.484192371 0.486525238 0.859940052 0.827333093
    0.66469264 0.650551856 0.130213559 0.231486797 0.690335274 0.8848207
    0.119372994 0.337726593 0.50875479 0.140118659 0.873277783
    0.755206347 0.400817215 0.936167955 0.1502873 0.158566684
    0.0248752534 0.491665065 0.431732625 0.18376106 0.72217226
    0.289530545 0.378307939 0.141123772 0.0198129416 0.618554711
    0.191566646 0.561445832 0.472495735 0.517592132 0.73195672
    0.549601018 0.861051798 0.374419898 0.360825896 0.9594118
    0.908297539 0.343460023 0.521289766 0.299718976 0.227558076
    0.255925477 0.250367463 0.702175021 0.0816896558 0.159193277
    0.966127276 0.959279239 0.156270415 0.0406945944 0.324406207
    0.833380818 0.313352883 0.98897934 0.0906157196 0.212185323
    0.51819104 0.686774373 0.535642445 0.0801683962 0.528901994
    0.686650217 0.541286528 0.471200705 0.480112076 0.214966476
    0.782223582 0.473509699 0.770714164 0.0442631841 0.186991483
    0.279315799 0.95193398 0.416409373 0.70010215 0.19461453 0.828952372
    0.823426306 0.487599522 0.713976264 0.779751956 0.615795851
    0.980865121 0.175037593 0.692067087 0.387384742 0.985830903
    0.933959782 0.605555356 0.228710622 0.00320276618 0.495084107
    0.313470304 0.110267669 0.153169394 0.561014831 0.157168388
    0.0682396591 0.158368498 0.0834266841 0.399015605 0.387668312
    0.772460938 0.667839527 0.118852109 0.216668516 0.521170676
    0.402814776 0.15069598 0.860290766 0.0169539452 0.000967681408
    0.808027029 0.361194998 0.856005669 0.587883472 0.660945594
    0.705879688 0.421061397 0.989475727 0.0392446518 0.166518003
    0.484921873 0.948680937 0.656259537 0.56929791 0.0798317492
    0.179537803 0.423902214 0.580033123 0.0597870946 0.704836905
    0.0531293154 0.781778216 0.39529866 0.752960384 0.541574121
    0.623808682 0.848623037 0.27812022 0.888184488 0.581790686
    0.059602499 0.418383479 0.421091735 0.893695354 0.801995218
    0.25427562 0.254695266 0.986326396 0.597610652 0.831186891
    0.345687836 0.631576419 0.362840682 0.239710987 0.899384022
    0.922278881 0.177446872 0.378420174 0.000708281994 0.126156777
    0.871188641 0.456141382 0.842868745 0.177343816 0.860653281
    0.371210992 0.387658089 0.432660609 0.679892719 0.281899273
    0.79791981 0.978947759 0.238338202 0.0858833194 0.578480899
    0.694323897 0.965240061 0.87427628 0.859028697 0.537392378
    0.438477755 0.987854123 0.170333862 0.255099744 0.8500669
    0.574841261 0.960260689 0.689460278 0.903371572 0.319019854
    0.952937305 0.0561957955 0.584006786 0.082316041 0.0336766839
    0.270918906 0.175098091 0.62682426 0.299420714 0.0723836422
    0.969016492 0.237928063 0.639591336 0.689462423 0.778736949
    0.884793222 0.606969833 0.063534379 0.953333735 0.446044654
    0.667303443 0.300168157 0.231330156 0.149292111 0.762047052
    0.648490548 0.970299959 0.930570602 0.617365539 0.986265123
    0.0150453746 0.505275726 0.617204964 0.587971747 0.770941317
    0.143182069 0.514886737 0.353327602 0.419160813 0.755907714
    0.257547379 0.00900858641 0.364981234 0.386617899 0.592150509
    0.301858485 0.775041103 0.242849916 0.704784036 0.118515342
    0.314718246 0.363750875 0.98274827 0.761926234 0.0426265001
    0.981724262 0.169241637 0.830256224 0.129845142 0.141150177
    0.012296766 0.690241337 0.960981309 0.221604168 0.547580123
    0.681834221 0.69247061 0.343480587 0.887793779 0.560996592
    0.829213619 0.767062068 0.079146564 0.331920326 0.102550685
    0.455267012 0.492394865 0.52229315 0.746607423 0.628170907
    0.113754839 0.495369166 0.319547921 0.393849134 0.771276236
    0.00831970572 0.108190984 0.263945222 0.984461308 0.0741328597
    0.216049701 0.417084366 0.7170645 0.471136421 0.396631449
    0.841542661 0.494529366 0.0297285318 0.988586843 0.184128493
    0.560408175 0.21392265 0.464802921 0.867277384 0.134359926
    0.926367402 0.591408968 0.0401037335 0.694583356 0.267584145
    0.722495317 0.788750768 0.996470869 0.126253277 0.346511245
    0.790290952 0.625070632 0.138553649 0.444117069 0.00148421526
    0.330284774 0.627173126 0.772623241 0.250213325 0.138377756
    0.0652456284 0.449490041 0.151593715 0.0859514475 0.900515914
    0.281350315 0.754491627 0.554738998 0.983423948 0.705510974
    0.95793736 0.356956482 0.446167499 0.554235399 0.427147508
    0.470669836 0.258830786 0.797810793 0.873779535 0.94022727
    0.226333082 0.525735378 0.104700416 0.342634678 0.794671297
    0.0140838027 0.43802312 0.932743311 0.829052567 0.305569619
    0.022446692 0.0317712426 0.170312732 0.824554324 0.742607176
    0.229491383 0.209392488 0.816004515 0.767045796 0.1686894
    0.772043467 0.864911854 0.611537397 0.413166791 0.684126735
    0.24716422 0.122009367 0.111347258 0.409628153 0.0496670604
    0.956687987 0.737850189 0.797969341 0.214440018 0.511932254
    0.958435893 0.871309996 0.938696504 0.745333552 0.524126768
    0.549320877 0.157101244 0.372835577 0.760147929 0.700104952
    0.49781999 0.909140468 0.396800697 0.613797069 0.0638532043
    0.00457409024 0.0432411432 0.00329202414 0.950918317 0.509886026
    0.846361637 0.40329951 0.446537316 0.743056417 0.879854977
    0.199430853 0.205073863 0.933760107 0.25067395 0.149206966
    0.714385211 0.908557534 0.820930421 0.59469974 0.599714398
    0.702990294 0.949205041 0.937728345 0.946460664 0.324503839
    0.68032515 0.942720115 0.257175565 0.178146452 0.963794351
    0.654042423 0.694572449 0.97251004 0.131776929 0.973017097
    0.988415241 0.489755511 0.752941132 0.322320104 0.082372427
    0.862798691 0.965276182 0.206722021 0.93279469 0.190315038
    0.563570559 0.362321854 0.92595154 0.304904938 0.706033111
    0.809336662 0.627194762 0.934738398 0.810297549 0.885649085
    0.211934656 0.654688358 0.957003713 0.462092936 0.555169523
    0.544226825 0.545936346 0.81881094 0.0524120331 0.638097048
    0.262370884 0.508349121 0.927542984 0.46748817 0.987994552
    0.882866323 0.540707886 0.126446366 0.989219546 0.480830759
    0.759935856 0.496588528 0.597301185 0.431908786 0.507970512
    0.912193298 0.147620231 0.773887098 0.335331559 0.274374306
    0.893258095 0.261975288 0.948048651 0.0888456702 0.566628397
    0.650301397 0.296223283 0.300464153 0.202532858 0.353470683
    0.733581662 0.625984311 0.407440603 0.866413355 0.282337725
    0.603853345 0.876958311 0.534338534 0.71825099 0.347395003
    0.845456958 0.612360239 0.582194626 0.477208108 0.73276341
    0.262273431 0.523098886 0.313608736 0.713439822 0.440215409
    0.465017766 0.489305228 0.229151994 0.313063443 0.669271231
    0.631849706 0.551718593 0.488178313 0.757287145 0.674486041
    0.839414001 0.923342824 0.203720957 0.317199051 0.0449591875
    0.271994531 0.918832362 0.00760924816 0.348511398 0.767068923
    0.209371418 0.232906282 0.933607101 0.00949391723 0.326369584
    0.696059525 0.00365385413 0.548783541 0.82673049 0.527653635
    0.086332649 0.124908924 0.310631454 0.880536079 0.97901684
    0.750189424 0.415662408 0.369620562 0.416326404 0.834039092
    0.86355871 0.422582626 0.849436998 0.771417737 0.898903728
    0.667036235 0.150877059 0.186980605 0.256028175 0.502600431
    0.470052183 0.0396765769 0.265322059 0.10554412 0.757374525
    0.657716513 0.353049546 0.813608885 0.469712555 0.0352633595
    0.828882039 0.797868609 0.332175732 0.636709511 0.0537983477
    0.0781199336 0.953552425 0.167075217 0.257314205 0.261621833
    0.367024302 0.967367649 0.419140011 0.269662589 0.501796722
    0.384901464 0.868571281 0.885122538 0.344789147 0.479899108
    0.460404515 0.369668901 0.7821486 0.110871851 0.819455683
    0.943158746 0.181924641 0.478820622 0.0473658741 0.704566717
    0.583867908 0.00613215566 0.486414135 0.102962226 0.556964755
    0.110104114 0.0830619633 0.621486187 0.415255904 0.184601426
    0.656326175 0.981148481 0.899047971 0.919680715 0.323583066
    0.746358573 0.050809443 0.423757404 0.504593611 0.0259596407
    0.959272504 0.776013017 0.415778726 0.593750119 0.0912979543
    0.856805325 0.102869511 0.160290867 0.720962584 0.97390449
    0.117145836 0.479516089 0.130142301 0.447569758 0.942297816
    0.903700829 0.758660793 0.686974883 0.376822054 0.286494493
    0.457479388 0.662907362 0.971393168 0.780707121 0.309037626
    0.983638763 0.528713226 0.669042587 0.152121305 0.822799385
    0.642026186 0.64427352 0.350986958 0.586807668 0.0919595659
    0.779337168 0.115359724 0.380063683 0.761228323 0.285933793
    0.128474712 0.132835537 0.681977451 0.159213364 0.173474878
    0.795953691 0.407343507 0.591897368 0.867467642 0.0662316978
    0.681136131 0.453357011 0.100079983 0.187750906 0.582455814
    0.527999878 0.398015499 0.983173966 0.553882897 0.703638256
    0.194389522 0.426462054 0.969441652 0.533524573 0.971428871
    0.247169226 0.441690713 0.605851531 0.796929955 0.560346901
    0.481573284 0.731502712 0.294998258 0.509757876 0.194073796
    0.00872570276 0.866764665 0.730270326 0.581253052 0.326643199
    0.82253927 0.595633626 0.987039506 0.848077059 0.0217675865
    0.0769917071 0.0423768759 0.0753880441 0.79583776 0.413732946
    0.857744753 0.94969821 0.891749859 0.942740321 0.552363038
    0.682568908 0.064255327 0.629683733 0.883429646 0.462536097
    0.247053713 0.756005645 0.904275894 0.406818867 0.671703458
    0.972868621 0.518044472 0.443346918 0.733272314 0.916577458
    0.913092256 0.497993976 0.116168618 0.412798226 0.7434389
    0.0613161922 0.103460848 0.27277267 0.699990213 0.357364684
    0.948257506 0.637733877 0.595160007 0.244581878 0.251088917
    0.823484421 0.430254459 0.874091804 0.971923053 0.405625015
    0.456099093 0.229152083 0.804352164 0.497612685 0.263449669
    0.320827544 0.874833226 0.582389474 0.51509279 0.263742268
    0.40459457 0.416971296 0.768651962 0.812402129 0.347109139
    0.484572649 0.950729012 0.486360759 0.378219545 0.405705899
    0.607100666 0.429641426 0.561991274 0.901803315 0.670454502
    0.837578118 0.957017183 0.537601054 0.184502393 0.956023753
    0.0736668706 0.5952124 0.162668407 0.544822931 0.856264114
    0.868279934 0.800863624 0.567139268 0.532639623 0.446935385
    0.406730056 0.479177475 0.857324898 0.700079024 0.640963733
    0.846952081 0.183403671 0.574953318 0.449064374 0.738393664
    0.182450354 0.0652096272 0.939496279 0.602964401 0.943727016
    0.729252934 0.832475424 0.95056504 0.423542917 0.94533658
    0.428200543 0.772724986 0.352878571 0.853321552 0.552110314
    0.231319129 0.919128895 0.465754569 0.752120018 0.992207646
    0.0869648457 0.465693504 0.0915038288 0.929896951 0.0316941142
    0.526989877 0.983797669 0.827293575 0.0453304052 0.548211098
    0.115319222 0.240137309 0.410280645 0.615941048 0.850849152
    0.121591568 0.168302655 0.866143823 0.285929203 0.496405691
    0.609415114 0.86300981 0.157366633 0.955104589 0.45461756
    0.202104479 0.452592254 0.768983543 0.422113776 0.158295393
    0.0708685815 0.659369826 0.601802588 0.415313005 0.703514338
    0.868003428 0.228620172 0.940458298 0.0180710554 0.203787416
    0.125202417 0.753181756 0.34074688 0.914297283 0.165549725
    0.173832566 0.133742034 0.819098115 0.0992874503 0.262983739
    0.619191587 0.964637995 0.0498230457 0.717345953 0.66770488
    0.575709283 0.0206081271 0.218037814 0.290728152 0.649960399
    0.089661628 0.713669598 0.439370155 0.330629408 0.0381594002
    0.836910665 0.967622221 0.641876698 0.610426664 0.384508371
    0.080393225 0.864420176 0.783248425 0.577169657 0.214732677
    0.705759883 0.155639887 0.867775798 0.883994997 0.889404476
    0.693523407 0.63056016 0.668737054 0.967261851 0.823231816
    0.775560915 0.595201373 0.582146466 0.337194085 0.946930528
    0.824083209 0.517570436 0.913738847 0.983003855 0.079909116
    0.184608996 0.0797932148 0.185465246 0.655145943 0.734095514
    0.33656919 0.811472178 0.766481817 0.901477575 0.188797951
    0.579112232 0.302788913 0.269595802 0.705342174 0.837149978
    0.139544964 0.601588249 0.768705249 0.832789302 0.486237288
    0.622709155 0.0437865257 0.672673285 0.889765978 0.699249089
    0.294754386 0.0696511567 0.461598217 0.968481302 0.161056697
    0.396625876 0.934878945 0.0192690194 0.141699165 0.228347659
    0.369943529 0.275201708 0.450171679 0.874068618 0.69918108
    0.613523304 0.378008753 0.602177441 0.393341452 0.613802314
    0.061715275 0.36189124 0.193924487 0.979625821 0.711560071
    0.185881168 0.691841483 0.000455647707 0.713507533 0.176196009
    0.938818991 0.659216166 0.117198408 0.805535555 0.218919814
    0.592028439 0.0442680717 0.771566033 0.458762199 0.238785326
    0.0500018895 0.16549027 0.894179165 0.305750132 0.838113427
    0.192144245 0.553673863 0.127697885 0.781570554 0.087123394
    0.950542808 0.192695886 0.79308635 0.533820868 0.882288516
    0.543197274 0.58755672 0.352582425 0.0534743369 0.671254814
    0.939262509 0.627734125 0.42876029 0.965907812 0.231694877
    0.980507612 0.452662557 0.483691484 0.766765416 0.838130236
    0.40657267 0.876583815 0.304579794 0.5497787 0.0408780277
    0.954547167 0.499086291 0.402920216 0.263596684 0.189581811
    0.396490633 0.541216195 0.407640725 0.147501141 0.236112863
    0.615092814 0.471259713 0.983427763 0.860278964 0.225315362
    0.474951029 0.235918075 0.759597182 0.639552057 0.748444796
    0.414569348 0.510839283 0.398284614 0.267684519 0.369646132
    0.705336213 0.298144162 0.102109373 0.670151711 0.926712871
    0.628378272 0.132713944 0.294873923 0.304011464 0.225749701
    0.140065432 0.973468423 0.351123869 0.623022437 0.389039427
    0.832424641 0.268882334 0.660039186 0.21722883 0.170593172
    0.743499219 0.309819698 0.742703676 0.117592037 0.341568708
    0.759753108 0.99540925 0.638013124 0.186293393 0.512713134
    0.0467335582 0.263747305 0.996172905 0.353394389 0.0526882708
    0.2860277 0.631860256 0.581532836 0.400079548 0.953114986
    0.518417835 0.5118801 0.992539406 0.867820799 0.362083852
    0.0814521015 0.180837333 0.377170742 0.223502845 0.130143374
    0.65619868 0.273705482 0.312940001 0.438065886 0.75864923 0.83534801
    0.904067755 0.787318945 0.175096959 0.999132752 0.929693699
    0.2444565 0.314486623 0.109947234 0.698081732 0.0149272978
    0.599918067 0.416252613 0.76534462 0.551253974 0.89764154
    0.532166183 0.467145473 0.876703203 0.894777656 0.927684844
    0.505427599 0.915804029 0.685936213 0.0113355219 0.246657878
    0.551264942 0.318037212 0.505840659 0.165800393 0.322024882
    0.671372652 0.990582943 0.184835732 0.580303311 0.672174573
    0.0323943794 0.962524712 0.462352306 0.803557515 0.297626823
    0.504396558 0.537617028 0.348653018 0.770787299 0.828000665
    0.753860712 0.127038509 0.118302166 0.862864077 0.593818605
    0.935441256 0.868803859 0.297016233 0.889746308 0.560756564
    0.725908339 0.874177694 0.179178923 0.122429579 0.0823878348
    0.341066599 0.688732684 0.544172764 0.917389393 0.91140312
    0.594701588 0.910962939 0.806619763 0.0494551957 0.22980541
    0.954482615 0.70981431 0.334194005 0.91639626 0.899186015
    0.553589046 0.895420671 0.140123934 0.858446002 0.661278605
    0.516220212 0.000824779272 0.839628816 0.371845245 0.829555154
    0.116496861 0.477232069 0.667618573 0.932006896 0.406477898
    0.21382013 0.769438624 0.353664577 0.743610561 0.137226462
    0.353936613 0.471486419 0.708316267 0.717357874 0.0977919698
    0.483178258 0.541879117 0.630688965 0.690204382 0.170038164
    0.0820834041 0.563171983 0.00881937146 0.911930799 0.484526783
    0.0566053092 0.330651671 0.176387727 0.232528716 0.507861853
    0.122350246 0.780345201 0.366137087 0.900744081 0.109645188
    0.193305463 0.292204499 0.249220341 0.18276614 0.946382999
    0.387759984 0.818198204 0.126297235 0.358340621 0.763830543
    0.930604041 0.867289245 0.917337835 0.197185099 0.136927426
    0.165984094 0.325051427 0.187118709 0.881368876 0.87835288
    0.952938676 0.899828553 0.435445905 0.420172185 0.984625578
    0.830884695 0.0583051741 0.839337945 0.961932659 0.754447699
    0.0622942448 0.640066922 0.702259123 0.345670521 0.545023978
    0.840546131 0.840150476 0.433441788 0.19975397 0.310578167
    0.716741681 0.671801686 0.783971369 0.349424213 0.738720059
    0.0614706874 0.586793661 0.196745336 0.349678397 0.532893538
    0.669154346 0.107983828 0.35504365 0.242452174 0.0887960196
    0.354249567 0.141954511 0.809670091 0.126487941 0.681955516
    0.127950132 0.862368345 0.940895796 0.318946064 0.909286737
    0.0309664607 0.806142449 0.550556958 0.535577953 0.6444906
    0.0250490606 0.37196368 0.849681973 0.742136121 0.373916209
    0.192187637 0.450797558 0.980827332 0.969582677 0.87483716
    0.790345967 0.764290333 0.246426582 0.903921008 0.944580078
    0.682805896 0.10564062 0.0339881778 0.0328245163 0.608193994
    0.881939292 0.292833388 0.30815351 0.211370885 0.637248158
    0.721756458 0.501613319 0.186421812 0.692593932 0.0958443582
    0.812809587 0.110245138 0.710934997 0.255305707 0.791560948
    0.193739831 0.0428858101 0.543965399 0.355944484 0.417592347
    0.763886929 0.249303102 0.380430311 0.636049449 0.456307083
    0.167967945 0.642568886 0.391923577 0.17112577 0.0216818452
    0.544960201 0.315842003 0.391187638 0.373615742 0.251941115
    0.565139174 0.154780239 0.770587981 0.012385577 0.506566226
    0.719056368 0.837635338 0.947844923 0.121987045 0.698688209
    0.831760168 0.177475095 0.562544763 0.701670408 0.00868800282
    0.447356433 0.949843407 0.0504917502 0.94917953 0.450527132
    0.119852185 0.566992939 0.576764464 0.0583433509 0.0923777819
    0.981465459 0.633534193 0.4184075 0.73149395 0.16759035 0.27072829
    0.824996829 0.516163826 0.6560812 0.467901707 0.0615826845
    0.39221108 0.869054317 0.0542226434 0.999175787 0.250154614
    0.984656811 0.293893814 0.0914680958 0.202991456 0.861355424
    0.788907051 0.532376111 0.394776136 0.216621369 0.93187511
    0.0260263085 0.682494998 0.679120421 0.729244828 0.599446356
    0.108326703 0.179436952 0.442030281 0.600572288 0.726898432
    0.332454711 0.362469286 0.668193638 0.865514755 0.764523506
    0.106703311 0.965668678 0.679680407 0.282783121 0.257876337
    0.902326465 0.123151481 0.0145776868 0.259891689 0.0234168768
    0.586621523 0.56523329 0.719444513 0.599557757 0.145050019
    0.707617044 0.745613098 0.265844077 0.345347226 0.751098275
    0.675382495 0.32423982 0.137786508 0.412577033 0.629827559
    0.389826477 0.0662542284 0.0865172446 0.359983861 0.795821309
    0.653567672 0.0835819244 0.00794762373 0.554673254 0.090644151
    0.899267912 0.266897917 0.851329744 0.741442919 0.180660367
    0.514637113 0.33189559 0.740513086 0.709712386 0.024372071
    0.139340311 0.0258336067 0.860678911 0.722703695 0.350233197
    0.114678591 0.789978385 0.229021907 0.875685453 0.598424077
    0.728304148 0.424605727 0.411232352 0.637764335 0.0877311528
    0.606645167 0.679210782 0.993202209 0.640238166 0.729110718
    0.65987587 0.198969275 0.780492902 0.335981429 0.433201432
    0.0627975762 0.46961236 0.143806189 0.954849124 0.547039568
    0.534332633 0.583271384 0.778265595 0.0272447169 0.890555382
    0.106600642 0.79897356 0.794530988 0.173893154 0.464406878
    0.0715043545 0.216279715 0.378345251 0.617225945 0.956279516
    0.24141261 0.678802431 0.876786768 0.240184188 0.16320768
    0.103649408 0.00433540344 0.972372174 0.960795879 0.200148523
    0.631056547 0.486055672 0.157785892 0.0901480615 0.697598219
    0.117407262 0.449888885 0.443815321 0.620885551 0.713077545
    0.580551863 0.697796464 0.886151075 0.184260488 0.0554849803
    0.176329792 0.291664243 0.880779862 0.45095259 0.184559345
    0.185331464 0.554486632 0.588216007 0.575634718 0.37274614
    0.816452026 0.884308696 0.74030602 0.0314546525 0.711319864
    0.569823563 0.0332985818 0.483516127 0.725261569 0.401181996
    0.27980572 0.105059594 0.504121423 0.830316544 0.392199636
    0.561551273 0.710520983 0.766948819 0.544895291 0.639662206
    0.236021161 0.150773764 0.489918232 0.266952544 0.806283414
    0.792439938 0.762788653 0.906575024 0.917030573 0.802733541
    0.932321846 0.0934541225 0.381616563 0.80281347 0.0287578404
    0.219018877 0.0856823623 0.0913782716 0.587188244 0.373294562
    0.0409493446 0.0117988586 0.831313729 0.979805052 0.634850442
    0.244311035 0.838164806 0.90182507 0.676803052 0.0958061218
    0.625800371 0.380564302 0.979834974 0.0714848638 0.629479766
    0.646811664 0.675132036 0.700869918 0.630420685 0.644301593
    0.14136523 0.507834077 0.0759958327 0.195502907 0.863275647
    0.654185772 0.301692188 0.471584111 0.573041856 0.7404356
    0.929958463 0.640202165 0.998594046 0.249810129 0.799108922
    0.938782632 0.619248092 0.564798474 0.836248398 0.579792976
    0.919803143 0.292436451 0.752041459 0.939041615 0.655439377
    0.758546233 0.549486458 0.56813556 0.548971117 0.224888742
    0.36248073 0.529333293 0.659563482 0.0323975682 0.257058978
    0.0689220726 0.690815449 0.338598758 0.568522274 0.112325042
    0.222709268 0.262801915 0.328410357 0.595949113 0.352169573
    0.178564072 0.568332016 0.478949994 0.66628623 0.158630729
    0.667632818 0.921103954 0.864131927 0.239445835 0.00431549549
    0.583690822 0.481420308 0.306276888 0.917284191 0.931159019
    0.469942749 0.641895473 0.000248044729 0.559804797 0.955832899
    0.242441088 0.405556232 0.678798378 0.682011008 0.393734634
    0.685602486 0.617776513 0.59461987 0.308562189 0.782841921
    0.0122209191 0.479447275 0.562805533 0.0549132526 0.246034324
    0.515763998 0.0071207881 0.229295492 0.895874858 0.996113062
    0.795620203 0.765771508 0.235618114 0.0604669452 0.219317257
    0.0818015635 0.507380545 0.14279449 0.239633292 0.265370905
    0.848989725 0.587961614 0.478235781 0.939843237 0.463404953
    0.820379615 0.196281433 0.0118293166 0.2362023 0.92326504
    0.887971699 0.560497463 0.957433462 0.606567383 0.246013433
    0.144708484 0.0748510659 0.737405598 0.632767379 0.744516551
    0.42732206 0.0704957545 0.817407727 0.806362927 0.904463589
    0.982660711 0.522283077 0.985114574 0.31199643 0.689391971
    0.579345107 0.999797463 0.698456347 0.708977878 0.413144469
    0.353384554 0.121027797 0.140292883 0.307173967 0.619272172
    0.560763896 0.794565439 0.0599032044 0.945186615 0.855208695
    0.852146685 0.771621168 0.249826014 0.111491024 0.968064249
    0.994489253 0.910624087 0.0176491737 0.204950511 0.824198365
    0.832400918 0.480536729 0.959252954 0.942497551 0.576368868
    0.585127175 0.788338661 0.830342531 0.831547797 0.331578225
    0.584336102 0.734197676 0.117725432 0.291537791 0.530682325
    0.570731163 0.410828322 0.32796818 0.910998464 0.369464278
    0.916699886 0.177195013 0.453339875 0.636951387 0.377540767
    0.432705283 0.644348085 0.745728791 0.6832636 0.0586989224
    0.768270016 0.263926625 0.46465376 0.194158763 0.623038828
    0.262952983 0.846776605 0.803915024 0.133432657 0.570301592
    0.352917105 0.82381928 0.210973233 0.179532915 0.156616777
    0.236815065 0.322924554 0.543837965 0.0064907074 0.885655403
    0.889907479 0.0826968849 0.795921504 0.280189872 0.274240732
    0.502815187 0.760488093 0.910361648 0.370749503 0.384693384
    0.867363214 0.0870096684 0.119605094 0.949125528 0.791100562
    0.757462978 0.376609325 0.77251935 0.579856098 0.219737977
    0.729742765 0.671470642 0.80924058 0.122030526 0.949173808
    0.204732478 0.322326124 0.769510567 0.194944203 0.914134264
    0.732395887 0.799661577 0.988688886 0.588853359 0.576693535
    0.765414059 0.0178791881 0.268874347 0.327701479 0.926823437
    0.538938105 0.976249933 0.679908991 0.371560991 0.483194888
    0.95037663 0.437827826 0.50311327 0.431148142 0.634138465
    0.644985557 0.140079826 0.692751169 0.93198204 0.39022243
    0.378742099 0.00732299685 0.82238996 0.0651580393 0.591737032
    0.567798257 0.00310149789 0.264196903 0.0614131987 0.0384375155
    0.323910475 0.346603215 0.913290679 0.133367628 0.601248205
    0.0841989815 0.591120481 0.999102592 0.433339715 0.450851321
    0.67682296 0.176851064 0.507118165 0.370756447 0.901541114
    0.329326749 0.198926687 0.879983902 0.63499701 0.00879237056
    0.363624781 0.424874574 0.84951359 0.369980931 0.7638129 0.526351511
    0.909130812 0.923462152 0.980475843 0.0578502119 0.562118232
    0.0609800816 0.562763572 0.0916242599 0.762767851 0.785237312
    0.139150918 0.209521651 0.528620362 0.906232655 0.233712733
    0.644659877 0.531410158 0.659663916 0.275723159 0.841263771
    0.800691724 0.0861609578 0.679048896 0.813698292 0.379660547
    0.489017695 0.488711119 0.674551845 0.446990013 0.109567076
    0.995774686 0.592378497 0.77292347 0.312506407 0.112848312
    0.639214277 0.974220872 0.777271926 0.883453012 0.786597133
    0.388424635 0.188750029 0.128334373 0.447046041 0.602439642
    0.944408059 0.0784061253 0.936035037 0.528486848 0.0395257175
    0.483071685 0.585333288 0.672909617 0.802539229 0.475124538
    0.330788314 0.186335146 0.722636342 0.599870801 0.0236693919
    0.713047504 0.091393888 0.612478614 0.383785546 0.770634651
    0.747754455 0.0232266486 0.586866438 0.0626996756 0.292196214
    0.555401087 0.381995082 0.666108966 0.296437502 0.0283481777
    0.696114779 0.91135025 0.483981162 0.299153209 0.0468394458
    0.562815607 0.784808874 0.370733082 0.532299221 0.642764032
    0.00886914134 0.468049765 0.606504977 0.255837083 0.391394645
    0.793233514 0.52141273 0.486355215 0.722662807 0.706279159
    0.993965387 0.940575838 0.944380879 0.285122871 0.822212934
    0.0736018419 0.268537939 0.564861298 0.168965101 0.781904221
    0.0986103415 0.858459711 0.479983807 0.774893761 0.187362105
    0.261054099 0.528109252 0.0195039809 0.291884571 0.758866072
    0.481128216 0.419785708 0.497090459 0.711597502 0.397577316
    0.741221249 0.443537742 0.898584366 0.314943999 0.257785082
    0.698228478 0.820944846 0.644252539 0.730265081 0.967915058
    0.352098823 0.0231760144 0.559277833 0.930840015 0.118688703
    0.147882432 0.670896649 0.871745467 0.752595901 0.775422275
    0.415188581 0.48236984 0.553225219 0.72084409 0.177500397
    0.835173011 0.762006402 0.173133314 0.418332636 0.385381818
    0.356520414 0.836977243 0.0913484395 0.752839804 0.825838685
    0.941566944 0.254876047 0.244990677 0.512110829 0.17593357
    0.50924015 0.865735471 0.429004222 0.125681698 0.023009032
    0.736973643 0.884474099 0.676834941 0.672107816 0.108597338
    0.409398496 0.903934598 0.25639239 0.521099508 0.498845965
    0.669657826 0.747533977 0.00492286682 0.655522585 0.293929338
    0.647020876 0.624871016 0.286733627 0.817931473 0.542532563
    0.509782374 0.748182595 0.0145855546 0.156174362 0.683911145
    0.739895344 0.690833986 0.0286873281 0.498586923 0.825757861
    0.335020065 0.191042781 0.63087225 0.886677265 0.070191741
    0.113463551 0.698841453 0.901055336 0.242375255 0.781236172
    0.978379071 0.0378284454 0.518006682 0.432607025 0.604441404
    0.346179485 0.810207963 0.739354491 0.0162282586 0.140481085
    0.928715944 0.640712321 0.789377928 0.333742619 0.184637398
    0.91669786 0.757753968 0.12481907 0.0606273115 0.203522235
    0.481127143 0.818046153 0.15327701 0.721417546 0.692211747
    0.186246723 0.598397911 0.00110900402 0.624266982 0.129494548
    0.650119007 0.840408385 0.333309829 0.615389943 0.510872602
    0.0614263415 0.0266200006 0.0174908042 0.61206758 0.70513916
    0.433059663 0.795192122 0.733862519 0.37725687 0.760936558
    0.891505599 0.443279713 0.49552989 0.366450727 0.976127625
    0.0309067965 0.595096707 0.06839329 0.118613988 0.210605234
    0.814240575 0.753176868 0.219451457 0.145267218 0.551620364
    0.203605503 0.0121353865 0.96801877 0.189536273 0.908051074
    0.59427464 0.279717803 0.0150819421 0.636258662 0.0130891502
    0.921625137 0.769087195 0.160486907 0.224263757 0.4520109
    0.959134519 0.836926401 0.802456141 0.0186097026 0.465399623
    0.482813805 0.583342612 0.680814028 0.930525362 0.160210878
    0.237022281 0.065176934 0.635333538 0.289818704 0.248791695
    0.0750965476 0.99106282 0.255228013 0.794657052 0.662892222
    0.739809453 0.596478939 0.378543884 0.885863423 0.267555445
    0.260229111 0.384406298 0.898992777 0.365645826 0.953507423
    0.990004897 0.972817421 0.832548738 0.285952389 0.14488548
    0.284343541 0.550094664 0.396154791 0.397236347 0.495646775
    0.540693939 0.262293577 0.845627546 0.992884517 0.306736767
    0.779761255 0.272558153 0.803581536 0.0161735713 0.450501442
    0.586872578 0.374023199 0.555109203 0.94182831 0.227317631
    0.979590833 0.824453712 0.63209641 0.812369704 0.971161366
    0.111061037 0.929854274 0.828072309 0.0447553694 0.41732955
    0.255014718 0.547320127 0.812784553 0.740334749 0.0640921891
    0.506383181 0.316451788 0.779880941 0.41218546 0.672885776
    0.203646839 0.874055386 0.406981289 0.913024664 0.889358819
    0.873237491 0.979669094 0.889912486 0.819263279 0.126949131
    0.806561232 0.770367146 0.389828146 0.438972682 0.286837041
    0.10981214 0.959138393 0.170779258 0.910272956 0.787335992
    0.270015359 0.156085342 0.225105017 0.539247036 0.935816884
    0.98412621 0.265243858 0.679152906 0.11992529 0.416288525
    0.148768753 0.99808079 0.315787792 0.452172995 0.864502192
    0.297102392 0.677422285 0.54494673 0.598658264 0.0395205617
    0.345268071 0.440356106 0.0936576128 0.742710888 0.442882091
    0.971520305 0.6468364 0.486323476 0.965696573 0.445743233
    0.266429424 0.357636154 0.094566226 0.517997146 0.534382164
    0.103523523 0.33173281 0.496080101 0.445482522 0.27277261
    0.843279481 0.397431552 0.0198635459 0.144282639 0.354672849
    0.836308837 0.298723638 0.62629354 0.0495152175 0.695300996
    0.803228915 0.869015515 0.597074986 0.370466471 0.599921584
    0.612648249 0.860136092 0.568639755 0.494707435 0.941839516
    0.750097096 0.231191158 0.0200686753 0.69294405 0.79339838
    0.259865105 0.739178419 0.447818458 0.209034383 0.719911218
    0.157119364 0.355260015 0.882143855 0.0128387511 0.15463382
    0.477270246 0.113216847 0.498899877 0.17158547 0.11183089
    0.857509077 0.626902401 0.0854167044 0.60874784 0.466304868
    0.373139918 0.390175104 0.604544997 0.822824836 0.715885758
    0.46770227 0.936187267 0.957970381 0.453641951 0.255383372
    0.32407999 0.627043247 0.479650915 0.980245054 0.811537087
    0.183887482 0.320506155 0.288411617 0.00493919849 0.48069483
    0.141001344 0.718859851 0.252034187 0.594980776 0.20196566
    0.825222492 0.84425652 0.979256272 0.58775568 0.885133624
    0.766946673 0.226404011 0.0964568257 0.445205927 0.206848443
    0.68811959 0.367640436 0.26782918 0.429932415 0.889692545
    0.443487912 0.770927072 0.883380949 0.333188474 0.592579961
    0.549995303 0.574184895 0.527245581 0.644316792 0.360274196
    0.0584613979 0.930300415 0.613041282 0.466369241 0.427273303
    0.684536099 0.0836284757 0.477354616 0.922199845 0.719229043
    0.642449975 0.801165998 0.117034197 0.971866071 0.780784488
    0.00357022882 0.453154773 0.591259778 0.644962072 0.0569505095
    0.974246979 0.602382481 0.791837454 0.892524242 0.859084129
    0.464312732 0.493823439 0.368488461 0.607195675 0.406306505
    0.032563895 0.649633646 0.77038306 0.560158312 0.126569241
    0.0210917294 0.209248811 0.427030653 0.737544835 0.654031575
    0.10690695 0.952971399 0.905173838 0.857483625 0.119135082
    0.753064752 0.799118698 0.822700024 0.692313194 0.253872603
    0.0279215872 0.425632685 0.932672262 0.0299685597 0.790537596
    0.265514582 0.0835680068 0.179947615 0.896703601 0.983491182
    0.208380133 0.219750941 0.496141374 0.753665805 0.380587459
    0.87573421 0.221689552 0.430238038 0.226766765 0.180296898
    0.697171867 0.333440334 0.970957994 0.634790182 0.334409297
    0.405429214 0.182364225 0.134848893 0.00567835569 0.516238689
    0.0909990072 0.917597711 0.789408207 0.904380441 0.00953003764
    0.226174116 0.137642831 0.467713565 0.296596289 0.971733689
    0.329110503 0.866663694 0.812791169 0.925831795 0.271737307
    0.930970311 0.345238447 0.12267524 0.20219636 0.329232693
    0.287987292 0.497347653 0.877420306 0.43478626 0.366261572
    0.90193665 0.823864102 0.335309923 0.564034104 0.64088738
    0.349365115 0.070697993 0.138006866 0.380576283 0.155615866
    0.587277234 0.561371922 0.130228639 0.878576636 0.22412321
    0.264894068 0.963937163 0.698837578 0.629447937 0.153909981
    0.433710635 0.538859189 0.368938148 0.0685926974 0.655394733
    0.971141338 0.249431401 0.703179955 0.851257622 0.409754395
    0.498652786 0.0134235919 0.859392643 0.789843798 0.468833148
    0.818264425 0.0813853145 0.0923261344 0.545622706 0.635344863
    0.28651914 0.57868731 0.0373789966 0.518745422 0.668741763
    0.781683385 0.598525584 0.673135281 0.518943429 0.495832413
    0.18911165 0.331355929 0.0637237132 0.535684109 0.945533037
    0.00831127167 0.513613224 0.0469157994 0.59001714 0.696830273
    0.855434656 0.131659687 0.457125098 0.0213876665 0.708090425
    0.105672568 0.986080587 0.178138494 0.252637386 0.834895015
    0.643248022 0.643982828 0.445634156 0.383128077 0.431210577
    0.00578778982 0.164081216 0.165740281 0.797149599 0.10428974
    0.697793424 0.828076601 0.0725742579 0.837152481 0.71737504
    0.355267167 0.349341124 0.58563447 0.785978138 0.93269515 0.34124887
    0.904595494 0.422859639 0.0586060882 0.659705281 0.720991671
    0.349316508 0.73933059 0.547572792 0.550113976 0.75362277
    0.115714133 0.582638323 0.259153962 0.242157459 0.865136743
    0.188100517 0.561093032 0.409479499 0.446203679 0.384571373
    0.549412012 0.157526851 0.970890105 0.476437181 0.0110148787
    0.143435925 0.147162795 0.358802319 0.24760747 0.576445103
    0.0522739291 0.731979072 0.918617785 0.257482767 0.822905779
    0.840860605 0.715013266 0.255676717 0.285172731 0.244300425
    0.971818328 0.598894656 0.847101688 0.813438177 0.0234990716
    0.359341741 0.437824935 0.617639899 0.750911355 0.752415538
    0.683507442 0.414783031 0.324319541 0.905307055 0.460600376
    0.68532604 0.472481072 0.725563586 0.946950376 0.321370482 0.3077223
    0.0310966372 0.720163822 0.664856076 0.75532943 0.140904367
    0.0423851013 0.608342886 0.316899598 0.863654315 0.62255609
    0.834101975 0.741692245 0.742778122 0.251234382 0.979522288
    0.586459816 0.31481719 0.175547063 0.389071643 0.378394723
    0.296239316 0.462166369 0.844605565 0.386557758 0.0401393473
    0.500468433 0.71095264 0.199330568 0.476881415 0.328854591
    0.567419827 0.853660226 0.165712029 0.492765099 0.148905635
    0.817509532 0.97938776 0.927784443 0.702774405 0.503386199
    0.624628901 0.679571807 0.512994707 0.603942752 0.930703044
    0.169127941 0.353175998 0.998481035 0.27220118 0.684240758
    0.260621071 0.828754663 0.307212651 0.557881534 0.266579747
    0.804304242 0.192979455 0.176993102 0.503852487 0.521428525
    0.786095858 0.495229691 0.938633442 0.538390279 0.704700172
    0.843221784 0.524341285 0.742899477 0.830397964 0.216191947
    0.424428582 0.578427017 0.487884283 0.711949944 0.266170949
    0.905124962 0.853249013 0.0276057422 0.190404952 0.834491253
    0.304855883 0.627811432 0.622092187 0.193121523 0.165400088
    0.498834938 0.729790807 0.481435686 0.935689628 0.504110217
    0.3552652 0.243447959 0.307701707 0.0459601283 0.26403445
    0.0127084851 0.232224286 0.405950129 0.692429066 0.80078882
    0.957212567 0.516401887 0.746807218 0.051217854 0.740875483
    0.448430359 0.00480285287 0.540332139 0.279746711 0.778636456
    0.389573216 0.408265024 0.840160728 0.359375358 0.45566541
    0.0069167912 0.864819169 0.51074779 0.124670088 0.813360572
    0.998505235 0.696301222 0.392748684 0.668031454 0.826650143
    0.204238892 0.454345077 0.669673324 0.0823397338 0.690469265
    0.414048404 0.690043092 0.967195451 0.162038594 0.164375067
    0.223057777 0.21025902 0.581612229 0.738491416 0.533207119
    0.0296985805 0.633544922 0.0650244951 0.829377413 0.335152388
    0.121843398 0.557610214 0.0509192944 0.818939865 0.657402635
    0.766593218 0.16102621 0.369214535 0.969564319 0.353194654
    0.243413895 0.557861209 0.40869388 0.157022685 0.376978636
    0.806209922 0.933985949 0.371548384 0.844984233 0.392263889
    0.159481913 0.111980557 0.27901417 0.0572957397 0.686111569
    0.750427723 0.174741715 0.0244451761 0.0960814953 0.141456634
    0.283419251 0.0590262115 0.16043222 0.540513515 0.528513908
    0.246326119 0.518142998 0.241126955 0.0620433092 0.936027348
    0.751940012 0.530495286 0.00653147697 0.264796436 0.874507904
    0.855884016 0.299956769 0.79599148 0.723523259 0.220518619
    0.0541290343 0.569249332 0.512852132 0.618222713 0.665434599
    0.972178221 0.474695325 0.432031065 0.561977267 0.35222438
    0.544506609 0.242118925 0.853257895 0.763677716 0.99829638
    0.651319981 0.884004116 0.503165543 0.168121397 0.05614537
    0.228024721 0.277413517 0.377069384 0.386708468 0.505840123
    0.547702014 0.310286373 0.418180704 0.341036469 0.609119713
    0.67364943 0.22358349 0.186236411 0.763879418 0.738550484
    0.993624389 0.241493881 0.869477987 0.584680259 0.593772233
    0.695907235 0.961374044 0.364445448 0.134192526 0.281141818
    0.432289779 0.920608282 0.0704959333 0.19132039 0.625439167
    0.594082713 0.324664652 0.167508632 0.653408289 0.927046239
    0.159882784 0.0801327229 0.398243904 0.463283896 0.591191888
    0.661675155 0.816497207 0.0300813913 0.606728971 0.908638835
    0.359527588 0.571374893 0.830061793 0.0120942891 0.246224225
    0.221864909 0.184089094 0.0611772239 0.390534461 0.777924061
    0.51211977 0.772239685 0.440632433 0.404990315 0.681473136
    0.800901353 0.334583938 0.0490609109 0.803979516 0.726696253
    0.506249964 0.805489004 0.732186556 0.802837312 0.259284079
    0.0372270942 0.0356765687 0.536577225 0.242460012 0.460823923
    0.684977472 0.115462214 0.679903746 0.691044688 0.224452883
    0.646674514 0.937687516 0.496596009 0.663064361 0.593146741
    0.951160789 0.24335748 0.233192861 0.511139035 0.545567572
    0.553974986 0.374714613 0.981074214 0.719171524 0.795038879
    0.149068356 0.10247007 0.363288462 0.463923812 0.0858062208
    0.944170475 0.686591744 0.0468468666 0.947704315 0.80145663
    0.00807258487 0.113693595 0.11788857 0.505747855 0.694378495
    0.669240117 0.753828645 0.637143552 0.552328825 0.287919521
    0.428435743 0.791404307 0.229145527 0.468330145 0.280658603
    0.788245082 0.524755538 0.638290048 0.0103812218 0.25425452
    0.379317969 0.928488612 0.774178147 0.144263625 0.374709129
    0.712596953 0.755581141 0.398344696 0.635911047 0.320964515
    0.0814815462 0.731029391 0.919584095 0.367707729 0.218652219
    0.121004552 0.624732733 0.393022805 0.121222198 0.52834487
    0.146855533 0.632618129 0.863515496 0.773558497 0.015655309
    0.0709120631 0.754527926 0.477879822 0.103015274 0.979009986
    0.824470997 0.432298571 0.515642405 0.466621935 0.0244629979
    0.715835631 0.185863227 0.804167032 0.794964433 0.517977476
    0.59811902 0.991136909 0.95934397 0.746405184 0.233167857
    0.128669739 0.124653399 0.234593511 0.291092098 0.0587491095
    0.569863796 0.53450948 0.977461696 0.486580074 0.921525419
    0.56451118 0.945312321 0.605310559 0.268229067 0.417496294
    0.0268183351 0.327532828 0.366390944 0.464769036 0.282655895
    0.807882309 0.235511988 0.725852787 0.883805871 0.76543963
    0.353185892 0.858852386 0.585641503 0.949016571 0.621813774
    0.818668008 0.160642415 0.393495381 0.292352557 0.436189622
    0.62688899 0.363421857 0.627851486 0.370246321 0.496503353
    0.663793206 0.914242506 0.95879662 0.486801147 0.575076461
    0.0824868679 0.206607968 0.161501318 0.545270264 0.280481756
    0.825244308 0.367458463 0.432556927 0.0732651651 0.444776505
    0.528363407 0.829817533 0.378085852 0.0290477276 0.397299677
    0.705125809 0.184574395 0.860545337 0.572620392 0.24100098
    0.589795411 0.733330429 0.0191911459 0.601779759 0.267985761
    0.235690832 0.927023768 0.285943717 0.331775963 0.698044896
    0.240452141 0.18952021 0.0200725496 0.442694247 0.67050159
    0.0345851779 0.19757691 0.729119658 0.765040934 0.187548369
    0.442981452 0.281496644 0.0874848068 0.847939849 0.89027667
    0.224087834 0.838167667 0.855429709 0.383726239 0.183041811
    0.0371367931 0.992968976 0.353358418 0.863582313 0.33913213
    0.610793769 0.817373216 0.0309285522 0.848580956 0.898762822
    0.0712798536 0.0649955869 0.439328671 0.63975209 0.217776775
    0.353091598 0.313889891 0.50187403 0.631996155 0.753456891
    0.048594594 0.467059195 0.999586999 0.935712993 0.188848376
    0.600919843 0.0802375078 0.147074074 0.676959991 0.643569052
    0.180691034 0.872380018 0.852406561 0.528289557 0.232574284
    0.356418937 0.383604586 0.0359142423 0.561997175 0.638546824
    0.001234442 0.839367509 0.660759151 0.0147835612 0.978489399
    0.402070343 0.313637704 0.234917849 0.512613237 0.530585706
    0.871035755 0.199165881 0.135533869 0.679939091 0.358556747
    0.115646124 0.226692051 0.227858007 0.496693224 0.84871304
    0.831048369 0.604144096 0.832401097 0.00662213564 0.284508735
    0.986292779 0.552025616 0.210778773 0.015922904 0.723711371
    0.932957411 0.196960717 0.708064675 0.523230731 0.662068367
    0.1399903 0.624960721 0.137035668 0.413788587 0.389747441
    0.411441207 0.423074841 0.982075334 0.292809695 0.375291556
    0.784816861 0.824198604 0.814428926 0.14461118 0.561024427
    0.525405049 0.0834061801 0.275333136 0.0201306939 0.21730262
    0.690666914 0.3916803 0.77084744 0.734086454 0.785868406 0.723104835
    0.72435087 0.933482647 0.884570122 0.0335423052 0.670064867
    0.613926232 0.492456198 0.403095782 0.880423129 0.252282202
    0.368358552 0.777175128 0.0347267687 0.819727898 0.680532157
    0.901420832 0.812821507 0.505939424 0.472788274 0.73788774
    0.984737992 0.789502203 0.108740598 0.217147112 0.290711999
    0.00372838974 0.27158159 0.682288468 0.390658766 0.638584256
    0.147970945 0.113356709 0.182622313 0.556497693 0.443368673
    0.994959772 0.932851613 0.416089773 0.29631424 0.403048158
    0.764340162 0.207062304 0.586572766 0.351197749 0.426743746
    0.54550153 0.578739166 0.740464687 0.433596015 0.325359285
    0.721956611 0.0779335499 0.977354288 0.553514421 0.547848523
    0.941912293 0.21880883 0.288816363 0.239564985 0.136872113
    0.612036586 0.247351795 0.203697383 0.764197588 0.0454972982
    0.659132123 0.949569106 0.385459363 0.127529532 0.166706949
    0.0549847186 0.041777432 0.587406993 0.642413139 0.895061374
    0.324400961 0.175465852 0.399992287 0.582485318 0.933543086
    0.0889780223 0.419287235 0.306303084 0.407537997 0.689353704
    0.34220466 0.652197719 0.750389695 0.506336272 0.783747196
    0.826228499 0.608841538 0.754803836 0.433449328 0.409405112
    0.370657563 0.512001574 0.0119293332 0.266424924 0.696358502
    0.0827809274 0.0347317755 0.310576022 0.825302601 0.70771575
    0.381195486 0.406505287 0.241523415 0.200378805 0.374323428
    0.820108175 0.337188363 0.286478162 0.545002401 0.967116117
    0.792958736 0.254073083 0.0679576397 0.951035738 0.233245522
    0.867529571 0.0688455403 0.843215227 0.0668756366 0.809283972
    0.404493868 0.555500925 0.0515205562 0.0185188055 0.806520343
    0.0558185875 0.353532016 0.651369154 0.746177316 0.401299298
    0.0402355492 0.542187452 0.666637778 0.62833339 0.522152185
    0.232118785 0.516041696 0.128250808 0.439899236 0.961531579
    0.264238417 0.234363049 0.243545175 0.670099318 0.661362767
    0.677240849 0.640897632 0.0794840753 0.092336297 0.244950473
    0.0414478183 0.757751703 0.682049394 0.0530333817 0.905709147
    0.515691102 0.703478396 0.566695333 0.00387039781 0.213773429
    0.924286842 0.741189361 0.579159856 0.583304167 0.945904613
    0.0760867298 0.793921709 0.759096801 0.962929428 0.405436248
    0.583942294 0.421558738 0.735654652 0.720501721 0.930450797
    0.472495526 0.795490026 0.63483578 0.551771343 0.193502933
    0.067813158 0.576730669 0.398918658 0.0463756621 0.409379512
    0.406042397 0.825599909 0.092785567 0.0176913142 0.951778531
    0.743402243 0.365482599 0.947740436 0.431597799 0.361227155
    0.620280921 0.22903803 0.384774506 0.237113029 0.0205744505
    0.478081852 0.707550704 0.365104795 0.529462159 0.0446105003
    0.262658447 0.655743837 0.991947711 0.882082701 0.405853719
    0.853193641 0.611292124 0.841146231 0.368587732 0.812592924
    0.391910493 0.89653039 0.796410501 0.995893717 0.238343835
    0.561550975 0.809827685 0.653814614 0.291271627 0.00917080045
    0.344780207 0.369933248 0.796047211 0.847114265 0.247264802
    0.537400663 0.960837841 0.693894267 0.0247167647 0.41786468
    0.629316807 0.0583361387 0.517584145 0.636466086 0.28812325
    0.613155603 0.231817484 0.5372262 0.0816520154 0.757834613
    0.381138593 0.569740236 0.621939003 0.156107187 0.707935691
    0.607905507 0.584815383 0.809989691 0.0886281431 0.375134945
    0.215413839 0.744384766 0.868183553 0.438276589 0.760994911
    0.356607199 0.166952699 0.970703959 0.18698895 0.836187124
    0.824929893 0.302942961 0.502234399 0.699568272 0.78098309
    0.0607578754 0.489703625 0.525900126 0.283976436 0.9205845
    0.160571754 0.109387755 0.677358091 0.694371521 0.990342796
    0.908889532 0.130400717 0.384886354 0.650382757 0.828218579
    0.119781852 0.54673934 0.0524785817 0.673127472 0.102946758
    0.847928643 0.603809536 0.19083783 0.441948116 0.227616489
    0.775504827 0.783094406 0.953595161 0.501253843 0.378233939
    0.6420421 0.839172065 0.53355211 0.60199213 0.105731726 0.36058256
    0.82197094 0.109536976 0.287941605 0.798594117 0.896191359
    0.0856083632 0.0456541181 0.0856971145 0.630119562 0.934821486
    0.708589733 0.845803738 0.252425849 0.245120555 0.465583026
    0.763307214 0.517237842 0.155187458 0.845122933 0.600137889
    0.118548959 0.923007607 0.458880752 0.538807809 0.229742497
    0.688298166 0.548766196 0.471218616 0.529931903 0.308266222
    0.722178161 0.530148506 0.286839604 0.331768632 0.421860456
    0.867456257 0.121599406 0.442967653 0.656068444 0.103960097
    0.940792501 0.00358045101 0.618327141 0.698933721 0.319724292
    0.49727428 0.652240992 0.240013212 0.658997893 0.620655596
    0.328005731 0.773825288 0.0427255034 0.658788085 0.949374199
    0.502903342 0.225906104 0.1398817 0.124320418 0.937753439
    0.565936387 0.292648643 0.0346521139 0.376735896 0.164238542
    0.0807667077 0.993460417 0.414756238 0.964396119 0.977106214
    0.186762512 0.0383793414 0.572372973 0.817214727 0.759473205
    0.700391054 0.184703559 0.0235750377 0.109528929 0.0574379563
    0.764121294 0.875790656 0.833249509 0.496766239 0.294941962
    0.1783126 0.109747529 0.691043735 0.131170899 0.0244990587
    0.857768893 0.0958607197 0.0630126595 0.748142362 0.687584162
    0.47409898 0.686672091 0.719887853 0.86130619 0.0423291326
    0.746635735 0.929853559 0.623218775 0.287789166 0.561826706
    0.00513616204 0.834641874 0.0375978947 0.248936802 0.807836235
    0.804175198 0.832118869 0.61138767 0.578720808 0.782284856
    0.971813083 0.152992755 0.345940083 0.291710734 0.967819214
    0.266571224 0.882494807 0.00523757935 0.140617758 0.190385163
    0.0730106831 0.545727909 0.637376189 0.567676961 0.747293293
    0.108127534 0.314873606 0.281112194 0.579449594 0.503305376
    0.815941453 0.664716244 0.903051317 0.45729652 0.397445261
    0.47157678 0.422463953 0.398324996 0.418874681 0.202185184
    0.432793617 0.697407722 0.0483139157 0.560717225 0.91330266
    0.563837767 0.106093645 0.23451221 0.782182932 0.716057181
    0.145829648 0.311849177 0.499229133 0.496761382 0.73266983
    0.782364368 0.428796262 0.818665445 0.0821906626 0.848142028
    0.25105536 0.523314238 0.569701552 0.00362059474 0.0500335097
    0.444631159 0.80997014 0.410492092 0.365438461 0.881761491
    0.119372249 0.66432488 0.397477537 0.569396019 0.170674175
    0.426733345 0.646567106 0.193291336 0.0699243844 0.776713252
    0.724007785 0.650151253 0.947245717 0.219026268 0.376543701
    0.637988031 0.161445707 0.00938692689 0.0647758842 0.342675567
    0.187667787 0.866358161 0.150415093 0.105996728 0.77369225
    0.568834901 0.399979979 0.983594894 0.195278436 0.870078981
    0.228915274 0.0163552761 0.44242838 0.529776752 0.0990673006
    0.786592007 0.607645988 0.708194792 0.898697972 0.114979178
    0.751416147 0.260382384 0.994411767 0.337248981 0.0564387143
    0.677711487 0.511841416 0.176837534 0.685895681 0.345325589
    0.824252784 0.883784413 0.298445016 0.666876197 0.625465274
    0.0466279685 0.135231525 0.616395235 0.726312101 0.840110898
    0.640424371 0.618052006 0.555000901 0.914846659 0.127668709
    0.413699865 0.425660044 0.532152772 0.721630752 0.443089247
    0.41262573 0.945261478 0.0995745361 0.188629091 0.669734716
    0.339638889 0.407489121 0.0799518526 0.280414402 0.155110538
    0.324192494 0.52011925 0.631677032 0.940743268 0.538704813
    0.836966991 0.622735202 0.40556863 0.731105804 0.814169645
    0.278233945 0.31399709 0.0483072102 0.605903745 0.956019521
    0.932637215 0.955912828 0.278849185 0.807953 0.493627191 0.218773216
    0.910807133 0.839968324 0.368560076 0.498787284 0.389251471
    0.960962892 0.361232519 0.597087741 0.47585392 0.711471558 0.3707228
    0.41554758 0.535768211 0.0187000334 0.664761305 0.0218217075
    0.57245481 0.340821356 0.122784138 0.846067011 0.0230527222
    0.505356908 0.924834967 0.666768909 0.0587547719 0.242652804
    0.54262358 0.741212308 0.051773876 0.36829856 0.763352275
    0.338373035 0.0490362644 0.876574397 0.174739242 0.115431577
    0.733799756 0.170413136 0.261442602 0.159248531 0.850601554
    0.952013254 0.797136188 0.185249686 0.130335808 0.314565122
    0.339956522 0.461094886 0.513496757 0.270204216 0.367644072
    0.510894835 0.0284247994 0.716404915 0.762576818 0.632145405
    0.132902563 0.390868336 0.29121998 0.0510666072 0.75988853
    0.542061269 0.912907004 0.550972939 0.0375617743 0.197125971
    0.961827159 0.0189684033 0.735577941 0.570327461 0.882575572
    0.34961465 0.447012663 0.915307701 0.910246253 0.190620363
    0.897476315 0.215163678 0.447209299 0.816744089 0.186561316
    0.609788895 0.145216346 0.719762027 0.700725794 0.938615084
    0.871013641 0.337048948 0.856051087 0.542948604 0.887305737
    0.761976719 0.760993242 0.465020567 0.102688223 0.781382084
    0.649439931 0.112159967 0.137267083 0.149946153 0.823826432
    0.061858952 0.417326182 0.617033958 0.0950905085 0.246576637
    0.842083275 0.731717587 0.530367851 0.754910767 0.289451838
    0.872992039 0.0298843384 0.866847396 0.340307683 0.790257812
    0.132390469 0.912347317 0.56636709 0.462165236 0.614706159
    0.686359286 0.00742596388 0.980069697 0.62592119 0.342624545
    0.38896051 0.216067433 0.265060067 0.688037932 0.357367396
    0.598372936 0.810904026 0.30472964 0.116386801 0.765061855
    0.989242077 0.72907418 0.186851799 0.257191479 0.736722827
    0.313669682 0.764897466 0.740295947 0.978904068 0.385859042
    0.773904681 0.0633949041 0.809105277 0.710690379 0.882016778
    0.639404118 0.402479529 0.914044738 0.303532422 0.308246255
    0.28175804 0.921260715 0.57054019 0.31385687 0.357221901 0.798846602
    0.030657649 0.37319231 0.251095712 0.90328896 0.955709457
    0.723737419 0.931198418 0.884567261 0.263413012 0.602042198
    0.770711362 0.231313378 0.661189973 0.264584512 0.269679785
    0.454847127 0.339377463 0.174112409 0.230245352 0.91882956
    0.966297388 0.207067609 0.000952899456 0.0702087879 0.765418172
    0.759549737 0.210210443 0.212294042 0.7218678 0.886146545
    0.0558468997 0.98187238 0.87474674 0.705012143 0.0712162554
    0.681277633 0.485027671 0.157978863 0.10524109 0.618322253
    0.376784384 0.00679522753 0.433269233 0.423844039 0.950318694
    0.85632199 0.229005039 0.0192285776 0.154403627 0.0211076736
    0.895863533 0.988877177 0.566073477 0.62500608 0.248804599
    0.613600194 0.200263292 0.149253398 0.518151343 0.59837389
    0.357800156 0.216330379 0.302557051 0.704198837 0.978877068
    0.305600911 0.615918875 0.761423111 0.141917944 0.449612707
    0.4329032 0.493519157 0.0098464191 0.38679257 0.549959898
    0.720570624 0.497195542 0.168771327 0.0553705394 0.367433965
    0.49706471 0.786334157 0.303406537 0.21443525 0.829604745
    0.242394984 0.972688854 0.658937335 0.885629356 0.347505271
    0.350167036 0.243108362 0.482614875 0.773561001 0.740866542
    0.101673722 0.841965556 0.178386092 0.300522506 0.281546414
    0.308481663 0.661444247 0.683435023 0.179697782 0.914734423
    0.945535183 0.800462186 0.237926602 0.804163814 0.928357065
    0.120349228 0.323641002 0.126449227 0.0574406683 0.98465389
    0.276532531 0.293399304 0.362833381 0.0660268068 0.292642564
    0.89983052 0.906879306 0.257642806 0.995586157 0.195397288
    0.667243063 0.749423504 0.995170712 0.956519723 0.908832014
    0.397732764 0.808701515 0.883333087 0.176966369 0.606997609
    0.611646235 0.504381955 0.178910375 0.360018343 0.821393609
    0.50646311 0.393243223 0.46867007 0.592142403 0.3767111 0.185705274
    0.0186561048 0.202497095 0.0649784505 0.985800385 0.358374655
    0.254957676 0.169472247 0.108444482 0.120745182 0.580327392
    0.949266076 0.88307637 0.60814333 0.0638642907 0.841635704
    0.323137105 0.665693223 0.679915428 0.301612496 0.145866901
    0.391181588 0.593027055 0.100391716 0.297164381 0.566079378
    0.465128362 0.830392838 0.256457806 0.681427658 0.646768391
    0.994584203 0.668372095 0.352178633 0.217859477 0.595166624
    0.6863029 0.960149288 0.44448477 0.0289700627 0.0753470957
    0.827635646 0.62152946 0.141417414 0.473875493 0.00381866097
    0.627948523 0.0349085927 0.117104232 0.801254869 0.0564757884
    0.681709528 0.135132849 0.988444686 0.0539958179 0.400010109
    0.861304283 0.326258034 0.76799053 0.534647584 0.718881249
    0.823431373 0.487849325 0.912254691 0.679370165 0.720350742
    0.419946283 0.321937799 0.347327828 0.350450635 0.287467539
    0.463183671 0.196585119 0.697277546 0.111245781 0.662283063
    0.188942581 0.314029098 0.864353299 0.97971493 0.106483877
    0.433628112 0.532379687 0.695242286 0.715693474 0.236583918
    0.774143219 0.166825533 0.200581104 0.0075891614 0.845075846
    0.731961846 0.855027616 0.392544627 0.297095597 0.932225227
    0.50535202 0.560094416 0.433033347 0.883373022 0.349283099
    0.0240305364 0.920517862 0.540387452 0.794393778 0.602727056
    0.176493198 0.512221396 0.718214929 0.493992478 0.761152387
    0.188612312 0.338602841 0.465758771 0.493242264 0.0667175055
    0.120359927 0.871284485 0.692157507 0.225706935 0.859894156
    0.372831047 0.411701232 0.584003448 0.532898366 0.864208579
    0.250028551 0.563617468 0.342561901 0.580248773 0.268583804
    0.528957069 0.895271838 0.722167075 0.863157511 0.498699576
    0.398367882 0.916452169 0.0634607971 0.555498362 0.496424854
    0.838543296 0.434500158 0.645030975 0.861730218 0.0397955775
    0.988453984 0.373269439 0.459582359 0.865934134 0.674478292
    0.299211979 0.15942052 0.16966033 0.0593903661 0.641912878
    0.629565477 0.769378662 0.908486366 0.29449451 0.441018879
    0.348408401 0.539287388 0.683280587 0.154047161 0.409976125
    0.732001007 0.808742285 0.960948467 0.449267 0.784548879 0.993109763
    0.223226905 0.169697553 0.841414273 0.419230878 0.620626569
    0.934504449 0.230988175 0.130257726 0.661966443 0.205682814
    0.827113926 0.282623976 0.144171566 0.441219747 0.206746727
    0.237895578 0.772666335 0.100422949 0.852972388 0.476685703
    0.044647783 0.663091779 0.932705879 0.850875556 0.514111519
    0.414851606 0.969001293 0.67769587 0.0693581998 0.641887128
    0.188693553 0.405022353 0.100873828 0.718211293 0.296698004
    0.932213724 0.11355561 0.625515044 0.293164372 0.250130475
    0.776416063 0.155359566 0.450136423 0.633964479 0.331800878
    0.835226893 0.0566976964 0.883056164 0.589202166 0.0675166249
    0.52008456 0.579511642 0.217262149 0.535298765 0.660758615
    0.309781373 0.754635572 0.0933926404 0.320263803 0.319737077
    0.180771172 0.919476986 0.916267931 0.345641315 0.944265246
    0.562542856 0.948511481 0.818890452 0.17244786 0.562141299
    0.47708267 0.993395209 0.67831099 0.434158504 0.822305143
    0.0470203757 0.826413751 0.000424742699 0.341701984 0.109809428
    0.442152292 0.168439478 0.887975454 0.214995623 0.405974627
    0.74419117 0.286953241 0.59819746 0.0674826205 0.693465471
    0.130550623 0.841910243 0.276898116 0.689292133 0.353417277
    0.383169323 0.321029365 0.807305455 0.527901769 0.72717452
    0.895642996 0.812407494 0.208943367 0.617282629 0.872657657
    0.193078965 0.951542616 0.527625561 0.46362704 0.0882651508
    0.487742901 0.554926157 0.414990813 0.804785967 0.326815307
    0.20928669 0.532029629 0.261442006 0.457155824 0.183279663
    0.298427045 0.0338629484 0.0636401772 0.866114259 0.618642271
    0.292364359 0.980458379 0.201772273 0.14820978 0.356343865
    0.232028276 0.276265025 0.251243711 0.430731118 0.871672153
    0.810841739 0.184620827 0.787430763 0.623631239 0.116460681
    0.435571492 0.669022024 0.695981145 0.246867687 0.479827017
    0.583746076 0.650693297 0.133778304 0.526516616 0.343624979
    0.915292859 0.731725931 0.873715043 0.0301393569 0.457375854
    0.354771972 0.90497601 0.989988446 0.222055823 0.467893541
    0.992701173 0.678305268 0.0604241788 0.567408502 0.213300824
    0.0589009225 0.961912513 0.395342976 0.26486221 0.178126007
    0.346908391 0.176237017 0.966488838 0.12188226 0.244204581
    0.57250309 0.90117377 0.174167395 0.525056541 0.143723875
    0.0964388549 0.924111843 0.172031403 0.132134527 0.704109311
    0.787821531 0.939685941 0.333442092 0.873200178 0.834890246
    0.406338364 0.810197175 0.681036115 0.425121754 0.369451642
    0.562279046 0.217643827 0.299251199 0.608869612 0.136265606
    0.76865232 0.96392554 0.812188208 0.670266151 0.381552786
    0.970602334 0.771041989 0.447136074 0.807690859 0.575055957
    0.0964196324 0.1250512 0.324520051 0.780770481 0.492824197
    0.0653012395 0.687505126 0.459471762 0.802208185 0.768007994
    0.91050458 0.833258271 0.265476644 0.0984714925 0.53295511
    0.902663767 0.522498906 0.542349041 0.451925725 0.196492672
    0.893320382 0.14628914 0.241481364 0.930964053 0.350331396
    0.671108782 0.747044563 0.0437516868 0.402587175 0.0560894608
    0.203267604 0.859725237 0.488518834 0.382879257 0.755684793
    0.119893312 0.22447589 0.547204971 0.623023331 0.712541461
    0.321399093 0.291517854 0.0577444136 0.333307683 0.912365615
    0.383583903 0.86874944 0.425991476 0.962533295 0.497809649
    0.506320179 0.139049172 0.0351112783 0.956808269 0.904696584
    0.589732468 0.209578961 0.978502035 0.53812933 0.125167221
    0.807436466 0.114769846 0.560137391 0.218073189 0.130192071
    0.429383337 0.81860733 0.336142868 0.260294318 0.514449954
    0.19806245 0.669031858 0.681206107 0.699189305 0.622930229
    0.708625436 0.740272224 0.13796854 0.548671246 0.471224964
    0.142698884 0.347699165 0.147919446 0.534524858 0.0843114257
    0.117043257 0.246453255 0.474508733 0.660834253 0.312123805
    0.870138049 0.140699327 0.482146084 0.565357924 0.996723533
    0.449182689 0.459549159 0.570008218 0.0813169181 0.664323568
    0.398457885 0.143591911 0.838180125 0.680226803 0.501641691
    0.124573529 0.230243117 0.676453054 0.447634637 0.111869425
    0.959547043 0.450262159 0.916836143 0.00327885151 0.53227067
    0.679651558 0.660315931 0.398166358 0.951066494 0.435409188
    0.703604817 0.903911471 0.197081715 0.196180642 0.465814322
    0.972215354 0.719375134 0.872883022 0.216583014 0.81877768
    0.355478287 0.586929917 0.632608175 0.639409423 0.136900157
    0.921868324 0.23787418 0.273789018 0.473405212 0.256453514
    0.236483604 0.730783463 0.724346995 0.998019934 0.372093379
    0.0661196411 0.582963467 0.741398692 0.256765962 0.743086338
    0.511002243 0.635876656 0.469960958 0.208848238 0.985881329
    0.17406565 0.277964622 0.528847516 0.35420236 0.0402520895
    0.963964701 0.266165555 0.834110379 0.976619363 0.411079019
    0.269183785 0.87763083 0.236125708 0.649696052 0.572905719
    0.0180140436 0.136349827 0.364334673 0.856826961 0.279191226
    0.138056308 0.697862267 0.57000798 0.288371444 0.877281368
    0.427020162 0.625176728 0.917467594 0.725870609 0.549379826
    0.236050755 0.970143914 0.454904526 0.917121768 0.166717142
    0.55412358 0.495825678 0.244533122 0.703413129 0.29944551
    0.300397456 0.258167177 0.924807429 0.849202275 0.463957816
    0.0282858014 0.62016952 0.283243448 0.0899277627 0.431042761
    0.437602401 0.435725182 0.793237448 0.358566999 0.331714272
    0.706637263 0.857424259 0.437202573 0.58130312 0.0609047115
    0.968744576 0.10851866 0.828214169 0.756751895 0.729618549
    0.789128661 0.819531679 0.657930136 0.645822883 0.847487271
    0.583185136 0.191895157 0.869475484 0.890237808 0.840823174
    0.554929197 0.506363213 0.360904336 0.876265049 0.616696954
    0.52108711 0.649234474 0.39905107 0.292247355 0.356910557
    0.202039003 0.0899079442 0.387039661 0.953520834 0.539503694
    0.524994969 0.749678195 0.0825589001 0.636138797 0.0870414674
    0.263173968 0.261857212 0.982353449 0.460578471 0.400485039
    0.0191952884 0.973419309 0.207421899 0.0140403807 0.0637125075
    0.0436411202 0.462351024 0.771358132 0.977803588 0.100141168
    0.894432008 0.279150724 0.319956541 0.366143137 0.222807765
    0.705087423 0.650620222 0.296083778 0.177029818 0.402374446
    0.121817321 0.112591475 0.949795365 0.00551557541 0.793847919
    0.787646294 0.129339904 0.789806724 0.0810389221 0.957055449
    0.945385695 0.303823978 0.256067753 0.269868791 0.511087596
    0.0211817622 0.710555434 0.90771091 0.622294188 0.658340752
    0.207173705 0.892735839 0.048161 0.00611773133 0.136708677
    0.755669475 0.032718122 0.454955131 0.559146404 0.898739874
    0.157866806 0.433047652 0.76710397 0.760600984 0.887522697
    0.105036467 0.690265298 0.803427696 0.471941411 0.600766003
    0.0178018808 0.479710847 0.718972385 0.904577494 0.158516169
    0.516770422 0.278532535 0.495533764 0.361580908 0.278988302
    0.294359744 0.480947822 0.775948286 0.0812251568 0.522764325
    0.906741142 0.967288136 0.128022969 0.316649199 0.419393063
    0.511087179 0.949086368 0.737862706 0.637562513 0.285264313
    0.966800332 0.515992463 0.442116737 0.68292743 0.789750695
    0.293821037 0.759832978 0.648913741 0.511174321 0.559786439
    0.882790208 0.0267772377 0.47973913 0.366978496 0.531737506
    0.208586365 0.49552843 0.647915959 0.676175952 0.0103844404
    0.720891237 0.4750081 0.465130895 0.505549371 0.0187041759
    0.539839208 0.265710503 0.808833599 0.239941239 0.071449846
    0.3815054 0.604537308 0.723966539 0.199114799 0.522249341
    0.807672739 0.768993378 0.0149371922 0.316864759 0.016689986
    0.256229937 0.209067643 0.758261323 0.198829025 0.172568619
    0.700702548 0.143547714 0.98709929 0.392733425 0.594102561
    0.612693012 0.08237499 0.487896085 0.833411813 0.986215353
    0.0531146526 0.566437483 0.901007116 0.621869922 0.170075864
    0.747090578 0.492938817 0.691798687 0.726489425 0.510393739
    0.823354006 0.502756536 0.771484971 0.803229332 0.582607567
    0.130736113 0.827490032 0.961344719 0.21549052 0.948815465
    0.0873141587 0.268921524 0.374364465 0.725320101 0.628448427
    0.485589266 0.585830927 0.113581508 0.0563440919 0.840839744
    0.254036218 0.0292792618 0.916800857 0.412591279 0.74453491
    0.414909661 0.237217098 0.670228004 0.448999107 0.248435557
    0.971480489 0.966644645 0.709133744 0.0127907991 0.999311566
    0.672706842 0.248901635 0.699507952 0.296213865 0.166030377
    0.0482662022 0.353131354 0.63580358 0.693284571 0.107069224
    0.76177752 0.783804059 0.527327359 0.531986713 0.598439455
    0.641824007 0.214212775 0.487713039 0.77905345 0.473527163
    0.438361973 0.103354514 0.485846043 0.789115369 0.456746548
    0.726117373 0.456376612 0.208968192 0.0341048241 0.93887198
    0.0675375462 0.586811721 0.986674368 0.497359902 0.165892422
    0.101729035 0.697082639 0.563670218 0.576033592 0.198910445
    0.465169758 0.132496029 0.681539774 0.755358756 0.463918716
    0.841536999 0.73781836 0.134146333 0.0239078104 0.984786928
    0.443389893 0.433844656 0.0431961417 0.114420086 0.993562341
    0.699133039 0.428333879 0.336773694 0.773060203 0.431156576
    0.963631749 0.46599713 0.725845158 0.292076558 0.677253187
    0.781288326 0.269751787 0.998798072 0.566179633 0.526887178
    0.639817595 0.209229887 0.261029065 0.827106357 0.557352722
    0.052423954 0.783750772 0.0290446579 0.463651091 0.967628419
    0.544308782 0.340832055 0.0533858538 0.0593373477 0.497189492
    0.9703632 0.461102039 0.623425841 0.61520189 0.782235026 0.83174789
    0.617933691 0.669299662 0.0363921523 0.135659337 0.820061088
    0.198339611 0.632644534 0.722236037 0.420539796 0.943068385
    0.763078094 0.150480449 0.504689634 0.349730819 0.0872761309
    0.473080248 0.740972579 0.630634427 0.232540667 0.261373311
    0.166741937 0.619738877 0.775121987 0.0954655111 0.26842314
    0.671286523 0.421973467 0.412778288 0.823113441 0.770290136
    0.377796084 0.117313087 0.349219501 0.812789321 0.292057872
    0.411288321 0.433584929 0.317692459 0.0319526792 0.80340898
    0.481284738 0.250997424 0.0702445507 0.23775959 0.518923581
    0.594243765 0.222381741 0.292251706 0.53396678 0.535581231
    0.123541325 0.364153296 0.958535194 0.932380617 0.897841811
    0.734642029 0.834906697 0.97500813 0.913479149 0.761829734
    0.137304544 0.886859417 0.965512395 0.910490632 0.147120804
    0.181072921 0.00996688008 0.249846697 0.0798454285 0.211911142
    0.0726641715 0.144746184 0.908565223 0.484130889 0.399923027
    0.193779588 0.208628654 0.965995133 0.941869497 0.203313619
    0.989510715 0.290665865 0.529750109 0.0625046194 0.00945553184
    0.570474207 0.602175653 0.361137778 0.198550642 0.227345496
    0.680364847 0.784362078 0.166018903 0.161171705 0.646127284
    0.218780696 0.831620038 0.776525259 0.820737481 0.0629100204
    0.498607367 0.878963768 0.1968894 0.549781561 0.701023877
    0.437890738 0.758431673 0.893351436 0.480751038 0.85872221
    0.21397832 0.623445272 0.91174835 0.527135611 0.0536538959
    0.568118036 0.394760489 0.0133827925 0.363227665 0.52031225
    0.140529752 0.343391716 0.661426485 0.780261874 0.854270101
    0.5040645 0.427206904 0.707460821 0.13946107 0.819086969 0.893553019
    0.0909790993 0.673607767 0.945418894 0.520966947 0.977418959
    0.333695382 0.1689955 0.74742651 0.331265986 0.455097646 0.205906093
    0.427258074 0.380203396 0.872345686 0.939556241 0.781753302
    0.454513967 0.274616003 0.197715282 0.624728799 0.492215395
    0.482516438 0.550432503 0.223250747 0.538146436 0.209810823
    0.747735202 0.989510179 0.350565135 0.559342802 0.564358413
    0.0760890245 0.80397141 0.952824533 0.906451702 0.227924466
    0.843064427 0.907046556 0.28495878 0.2796157 0.631062925 0.454531044
    0.88427937 0.566365957 0.854923248 0.307599425 0.988387346
    0.0811529458 0.118747145 0.371805042 0.726609945 0.0390287936
    0.908735275 0.707067192 0.635190427 0.228378892 0.0760139525
    0.530866444 0.156248033 0.983369112 0.761441708 0.023535341
    0.492684931 0.497830272 0.420526147 0.477495134 0.129017025
    0.698806405 0.594959319 0.378292859 0.824197531 0.71638906
    0.552202582 0.907164097 0.58205837 0.34445554 0.068471849
    0.521068394 0.945024848 0.942475975 0.990807295 0.162280262
    0.85867703 0.526754439 0.141800731 0.609712422 0.330452114
    0.731986284 0.149908513 0.219696552 0.1964131 0.357756257 0.13304159
    0.450056821 0.145866096 0.162848592 0.619564652 0.236013472
    0.886748433 0.0247920454 0.541262686 0.786731124 0.642945707
    0.987151504 0.262815475 0.581529677 0.190356731 0.634596229
    0.0499124229 0.136523038 0.995196462 0.545514941 0.874049067
    0.491702467 0.869569719 0.888683438 0.0718199015 0.993489206
    0.541697979 0.470353842 0.753417611 0.238321215 0.328714669
    0.206560493 0.0617859364 0.382205874 0.99448657 0.923731565
    0.173121244 0.192892313 0.928521395 0.0513457656 0.156880856
    0.521992147 0.137973607 0.441985518 0.426670402 0.591567755
    0.691311955 0.552209854 0.636410415 0.966477931 0.109004498
    0.540623546 0.859571218 0.851676464 0.908805132 0.719744444
    0.880915046 0.586882174 0.900735915 0.0384316444 0.264202297
    0.866648555 0.916749239 0.948112488 0.604546428 0.731680214
    0.810783803 0.49864012 0.149646938 0.0129579008 0.498162448
    0.76695466 0.726721108 0.0836750865 0.722054362 0.403576553
    0.0115125477 0.8131724 0.230846822 0.0294022262 0.946289062
    0.805641115 0.562249005 0.636409581 0.721723139 0.965153813
    0.856718659 0.596859694 0.889608622 0.735305429 0.942741394
    0.490145177 0.941591978 0.0741801858 0.924235582 0.938097656
    0.779121935 0.769101202 0.420777887 0.469843 0.506178379 0.394829154
    0.0401546061 0.955926299 0.705226541 0.392660081 0.400592506
    0.416038275 0.306395829 0.436788082 0.931484997 0.00147211552
    0.991991937 0.0929758549 0.355738908 0.444305807 0.920107126
    0.823244989 0.601945639 0.070410192 0.24832198 0.248670787
    0.163862407 0.413154542 0.00312674046 0.246148854 0.572266757
    0.422581315 0.0281406939 0.451977313 0.334400564 0.770992458
    0.495100319 0.648822308 0.367874742 0.839392543 0.464624256
    0.853293359 0.242498547 0.874842405 0.335437179 0.553567231
    0.93864131 0.796963334 0.904565692 0.815353572 0.679774642
    0.811115384 0.298692226 0.934352577 0.808033943 0.0457169116
    0.940905392 0.120882988 0.2748878 0.58943975 0.793218315 0.904633522
    0.43876645 0.465878218 0.216019601 0.211368412 0.605408907
    0.346967548 0.0666322112 0.959303975 0.798480988 0.68518126
    0.666487873 0.855471134 0.0873781741 0.592665732 0.763917804
    0.681118548 0.846191406 0.284425139 0.383726358 0.186440021
    0.252544641 0.962626278 0.805342078 0.281407118 0.902277768
    0.000119298697 0.169275343 0.806801379 0.0214831233 0.0697198808
    0.592276454 0.823796153 0.402640045 0.56058383 0.298013449
    0.48019278 0.820291162 0.526532233 0.609972119 0.430861205
    0.435679168 0.240654558 0.255806625 0.388686508 0.710152388
    0.806555748 0.134964705 0.949679196 0.417520732 0.87255764
    0.370158315 0.964705467 0.915456176 0.801888466 0.997915506
    0.248374015 0.701568246 0.674516261 0.653543174 0.230592072
    0.125789106 0.712594271 0.250844479 0.150850117 0.775767028
    0.858994126 0.774427235 0.336841762 0.509482861 0.726774156
    0.142522365 0.103426248 0.617504656 0.339761496 0.439329505
    0.371999025 0.624248564 0.0095012486 0.752999604 0.334457636
    0.508715391 0.0770576 0.542693079 0.0148093998 0.68527627
    0.714002252 0.0187239647 0.341840267 0.237297446 0.945571065
    0.320189357 0.281182706 0.711923242 0.74369204 0.233837783
    0.233469933 0.918887615 0.0108554363 0.500412703 0.593199968
    0.0527442694 0.234953225 0.303348362 0.741420388 0.421996653
    0.676653326 0.891766906 0.222442687 0.149851382 0.122342467
    0.301757157 0.421968311 0.971056104 0.495065957 0.0696173608
    0.718737721 0.110777915 0.0170630217 0.11869514 0.668667138
    0.330428869 0.617563069 0.423400581 0.464226484 0.784944117
    0.514088988 0.758910894 0.013330251 0.542753398 0.287643135
    0.427004039 0.40936175 0.262745142 0.485319108 0.384984344
    0.419843256 0.557969153 0.869239569 0.526262283 0.00961279869
    0.718899727 0.58731091 0.674632251 0.110132694 0.712435722
    0.000796318054 0.345624864 0.0782681704 0.15255928 0.499124825
    0.639928162 0.791680574 0.780423582 0.491926223 0.225921184
    0.167637587 0.341847718 0.121678412 0.283737004 0.0502008498
    0.349728554 0.237561822 0.235330671 0.410734534 0.0329167247
    0.231729269 0.610724866 0.419312865 0.857090712 0.800111771
    0.417991847 0.128947109 0.231430352 0.631831169 0.422148913
    0.322202444 0.959779382 0.972469091 0.557553887 0.64683032
    0.496743709 0.187715799 0.340429783 0.836993575 0.101202577
    0.407947958 0.153360128 0.911023676 0.416894436 0.638694763
    0.414716154 0.225829482 0.789131701 0.7758196 0.442235678 0.60730499
    0.0112909675 0.206826776 0.0516278744 0.825587988 0.769861579
    0.527119339 0.770143032 0.186077029 0.318671465 0.734459877
    0.165868223 0.773082078 0.502514005 0.673037827 0.98873508
    0.0610919297 0.333967328 0.976739883 0.978335202 0.292984664
    0.700567603 0.772186518 0.728793085 0.0304222107 0.174795538
    0.579749346 0.363320798 0.0714149475 0.558723807 0.881130457
    0.730662942 0.661947787 0.95110184 0.00680786371 0.936021686
    0.688709497 0.65002948 0.328615576 0.80845958 0.878599644
    0.453993201 0.377050906 0.163127005 0.68042624 0.910624385
    0.953125238 0.448138744 0.406980485 0.00458925962 0.451339215
    0.333666921 0.880381823 0.927824974 0.279635906 0.161594272
    0.483486325 0.803591013 0.256793141 0.195116788 0.873265982
    0.298230976 0.598759055 0.737861395 0.061178714 0.0274805725
    0.0286005437 0.704548836 0.980685234 0.259188831 0.748265088
    0.880145073 0.178724408 0.258809119 0.966546416 0.0612508655
    0.733457446 0.513557494 0.847118497 0.432151109 0.962249994
    0.668329179 0.442263424 0.338554502 0.299780846 0.337524414
    0.534441173 0.905350745 0.433347762 0.848510265 0.745294333
    0.301959991 0.0793294013 0.561886191 0.454496533 0.210324019
    0.909438491 0.116565913 0.61636132 0.945456266 0.379321516
    0.936910152 0.307816863 0.182733208 0.83673209 0.16220811
    0.197439134 0.999858856 0.395520449 0.939790368 0.423810959
    0.0806424916 0.689329028 0.518755972 0.218544155 0.934380174
    0.739480615 0.941606998 0.052205503 0.713782728 0.629819214
    0.866469443 0.91621089 0.547598124 0.467888147 0.141062438
    0.776079953 0.714341819 0.169851124 0.817610264 0.54294014
    0.631561756 0.216667563 0.570814252 0.114228189 0.766308904
    0.407198071 0.0739221573 0.372712195 0.589446127 0.260680497
    0.295486182 0.977729261 0.510558009 0.915839434 0.829494596
    0.16354537 0.66408205 0.270382583 0.410964876 0.541954815 0.37835598
    0.926559508 0.344682455 0.215675652 0.653446853 0.71925801
    0.68823415 0.0963919759 0.922806501 0.835874319 0.202457726
    0.465115011 0.437561512 0.187799752 0.762089491 0.827818394
    0.837310135 0.969203949 0.48666513 0.730996966 0.704908729
    0.217407823 0.832382917 0.38596341 0.338862509 0.530533195
    0.41316101 0.0724185705 0.0843063891 0.958290756 0.535869956
    0.206684679 0.663758099 0.851769567 0.140093446 0.197794944
    0.933792591 0.553051174 0.726132691 0.550973833 0.421107531
    0.940414429 0.540176034 0.0117790997 0.173142701 0.598425925
    0.935437679 0.3224729 0.417964518 0.988149405 0.206731975
    0.00217667222 0.499368817 0.791815579 0.531938195 0.00298351049
    0.367269546 0.639276624 0.400100172 0.498731703 0.436689317
    0.985977888 0.878445745 0.52209276 0.42880553 0.37100789 0.528178632
    0.54962039 0.258861184 0.640767097 0.839518189 0.893168688
    0.432838649 0.856977344 0.81202364 0.809449553 0.942054272
    0.538726747 0.073990047 0.705346644 0.371257603 0.895088732
    0.169717312 0.272484243 0.665710211 0.441809863 0.398672223
    0.920930743 0.544470131 0.441060722 0.710992634 0.858023763
    0.576291442 0.0171100199 0.260869324 0.2135804 0.760397792
    0.266099572 0.142998576 0.0459898114 0.169329762 0.763202906
    0.436740458 0.960714221 0.274894238 0.297256649 0.605161667
    0.210769951 0.693124354 0.436921358 0.585809588 0.546944141
    0.97289741 0.472115338 0.882050872 0.522619128 0.763887286
    0.260738313 0.427478909 0.568180263 0.710423827 0.540007889
    0.0838319361 0.870533645 0.123402864 0.684322834 0.217109859
    0.27879256 0.107731849 0.0448119342 0.966457486 0.518640816
    0.479214966 0.286079109 0.787118435 0.0290641785 0.164534718
    0.63845849 0.359749168 0.113280922 0.28572768 0.371020824 0.51271975
    0.798863053 0.249207765 0.793495178 0.94136703 0.732850909
    0.409114063 0.575659871 0.988520265 0.503509462 0.0995377302
    0.530409396 0.208396882 0.570032656 0.7474792 0.751691341
    0.915778995 0.927985311 0.15934059 0.287558943 0.404035687
    0.0433109999 0.311132014 0.247144938 0.842467964 0.017650485
    0.705295265 0.124741316 0.646353126 0.695120156 0.848369002
    0.114804178 0.00697571039 0.958010674 0.539182484 0.914308846
    0.969380498 0.965906262 0.890916228 0.655244112 0.982636034
    0.437708318 0.752660036 0.263332874 0.325654507 0.549234986
    0.286346406 0.420517743 0.0862345397 0.887870014 0.424922824
    0.249680847 0.672830999 0.129698932 0.733973503 0.740745246
    0.973863721 0.623118639 0.835308909 0.285889328 0.939913392 0.436719
    0.235880077 0.266697645 0.707583249 0.745441914 0.716382444
    0.019292146 0.425173104 0.130941659 0.661680162 0.955018759
    0.518981576 0.81239897 0.407898813 0.0864011943 0.179786444
    0.162307292 0.42296955 0.496391445 0.655566931 0.354674518
    0.0214510858 0.787213326 0.566547513 0.900951028 0.688272476
    0.666276336 0.139394492 0.234017432 0.566782355 0.745709538
    0.176065147 0.5040887 0.024611026 0.950978577 0.85450542 0.699210405
    0.381238282 0.118725419 0.0177843273 0.487617195 0.622152448
    0.263994575 0.983627439 0.322966427 0.754945993 0.33201775
    0.924447596 0.94994247 0.579014957 0.800168574 0.878282249
    0.555164337 0.738623619 0.604526699 0.451495975 0.115829766
    0.794041276 0.549757063 0.695480108 0.676359534 0.562012017
    0.667632759 0.399111122 0.955124259 0.101862699 0.170792907
    0.172835886 0.477938324 0.289999783 0.443184674 0.500464916
    0.735361993 0.4180246 0.156037688 0.954219818 0.947316885
    0.880335569 0.289921939 0.00640067458 0.722307801 0.388556361
    0.0608376563 0.103780985 0.581873119 0.739292383 0.729199886
    0.964319468 0.0464092195 0.298688799 0.620404124 0.693977773
    0.558199286 0.748177528 0.0420578122 0.144114971 0.984556377
    0.340090841 0.723859012 0.386452198 0.112494171 0.929407835
    0.143795192 0.810456336 0.648775041 0.291992128 0.0827297866
    0.712357283 0.305781037 0.49854663 0.897203505 0.0744209886
    0.448184818 0.925245404 0.557891726 0.174059719 0.317757756
    0.484433293 0.930339336 0.255243272 0.759250283 0.230656296
    0.0549323857 0.132592499 0.245010674 0.737541676 0.86726445
    0.0905173421 0.0298189819 0.245829374 0.829876184 0.956034899
    0.727744818 0.639393091 0.629660845 0.757859111 0.439270109
    0.403148055 0.0396364033 0.0118688345 0.398475289 0.0820870996
    0.408744454 0.758187294 0.872433722 0.958731055 0.995289922
    0.948801279 0.0313091576 0.661192834 0.895109773 0.552597582
    0.0830537379 0.85014379 0.0250485539 0.557595253 0.777258515
    0.254854828 0.725642681 0.607861161 0.476743162 0.375679761
    0.0692346692 0.0363105237 0.155936897 0.760932684 0.64112711
    0.741921365 0.592067182 0.830441713 0.415624827 0.634003639
    0.856337309 0.28086096 0.23760429 0.0130495429 0.0627765059
    0.0809220672 0.00353446603 0.818498015 0.0822166502 0.106572807
    0.74965924 0.636936247 0.436775476 0.5188362 0.25059092 0.743617535
    0.308547467 0.678720355 0.08136639 0.250914931 0.178860426
    0.259207487 0.681720078 0.0952351987 0.52377665 0.368210375
    0.282522559 0.370367825 0.509343565 0.28550449 0.598961592
    0.181382835 0.749015033 0.474543154 0.171663493 0.0214157104
    0.836558104 0.335724443 0.727445483 0.0199692249 0.983383119
    0.0896698236 0.113628805 0.899002612 0.926269174 0.283918887
    0.336415052 0.944683194 0.550310493 0.277630121 0.304345727
    0.714441419 0.0962394178 0.870198488 0.79481566 0.982637227
    0.22165677 0.0792950392 0.496821582 0.707960606 0.0435016453
    0.873833299 0.518825233 0.693143964 0.0792218745 0.26253289
    0.774331689 0.240690708 0.786230743 0.857863247 0.701002479
    0.936640561 0.368715912 0.502809763 0.108738661 0.892642975
    0.273014486 0.907105207 0.858647227 0.0804761052 0.892787099
    0.891179085 0.705272436 0.711148918 0.761753917 0.952626944
    0.295308679 0.614910901 0.626994431 0.821125567 0.649215102
    0.735200465 0.554815412 0.422562957 0.597474277 0.827570081
    0.281864673 0.450708061 0.502247214 0.745483458 0.0985938013
    0.356361687 0.340266526 0.535313606 0.254649162 0.858879328
    0.225836694 0.574389398 0.929910362 0.390099376 0.984968781
    0.90946883 0.11132744 0.540426314 0.900384247 0.851537049
    0.312502593 0.433211803 0.7578969 0.345439315 0.806870222
    0.416307122 0.521902382 0.799292564 0.107157856 0.32503733
    0.056691885 0.913721561 0.850437284 0.433762431 0.929435253
    0.899377108 0.44965595 0.410483211 0.850350499 0.764707923
    0.751793981 0.247004271 0.286126673 0.726743639 0.152187347
    0.0743094385 0.484449655 0.752674937 0.845838904 0.446678579
    0.479821205 0.363476753 0.350385666 0.745489359 0.497844607
    0.7900424 0.804202557 0.404309988 0.567453742 0.269633889
    0.937967539 0.4436768 0.932787657 0.0492906868 0.356122255
    0.993078947 0.0988346934 0.896918118 0.245083809 0.806825757
    0.15678665 0.762195468 0.949193716 0.0699926019 0.288620591
    0.592478156 0.958884895 0.0943899751 0.175415784 0.461320251
    0.00188985467 0.604260981 0.0332610905 0.288862258 0.715460122
    0.288706541 0.237816662 0.537976444 0.419969141 0.495267123
    0.0189472139 0.686211586 0.530155778 0.97591126 0.810925484
    0.38332811 0.506779611 0.931174994 0.427329034 0.463545024
    0.135158479 0.51823175 0.148227632 0.85252583 0.712237716
    0.147395194 0.928465962 0.524631858 0.687124968 0.467103153
    0.74425441 0.449443877 0.616034806 0.826347888 0.551704764
    0.44374609 0.793339252 0.0643155277 0.119607776 0.191808879
    0.0413630009 0.485483706 0.812292576 0.585586667 0.957887411
    0.963020921 0.124068379 0.527054489 0.541730464 0.540127218
    0.354179919 0.644888043 0.906002283 0.929306149 0.592721105
    0.574412823 0.142197728 0.980886519 0.541391671 0.380273044
    0.0678314269 0.801516652 0.552275538 0.365027249 0.579942465
    0.360583901 0.0958631039 0.515365243 0.142011195 0.134733796
    0.113902807 0.787719429 0.0975786746 0.195545405 0.641196668
    0.479758352 0.058991164 0.0942197144 0.988904715 0.844414592
    0.994992495 0.861199379 0.17303735 0.1746898 0.528069139 0.508924544
    0.685337543 0.151679367 0.517337322 0.664023757 0.698733985
    0.30267781 0.211328149 0.827968001 0.341457516 0.149211913
    0.0508038998 0.756866574 0.818608046 0.0785426497 0.953219593
    0.117394984 0.477831125 0.918706179 0.963594437 0.300131381
    0.652864814 0.57460022 0.488169193 0.683936477 0.869320154
    0.261586547 0.893164515 0.692810297 0.167927772 0.441740513
    0.79663527 0.846573114 0.303580642 0.980530262 0.279815674
    0.381622076 0.979842663 0.622546256 0.123570889 0.0781834424
    0.269598275 0.914558411 0.128461093 0.347721279 0.723677933
    0.292431176 0.922696829 0.794229209 0.123500079 0.391459823
    0.663196921 0.708393753 0.881902814 0.555602908 0.682044685
    0.0209974647 0.889439464 0.228386492 0.0456142426 0.274936855
    0.146594852 0.607027888 0.546546221 0.162412256 0.596985221
    0.700665832 0.667726934 0.991007209 0.207486957 0.472945124
    0.475851387 0.854562044 0.708122909 0.52454412 0.301104367
    0.950884521 0.161062479 0.730354428 0.809279919 0.0526506901
    0.91800797 0.260801315 0.234148204 0.899525583 0.0432517231
    0.668941557 0.626214087 0.0772212446 0.24408865 0.333215117
    0.168878078 0.783480704 0.698780298 0.230867237 0.0280065238
    0.969191313 0.359694988 0.421649575 0.142047435 0.768704474
    0.683775425 0.933048248 0.414682925 0.501115441 0.399431288
    0.771439075 0.678472936 0.901051223 0.56517911 0.224651098
    0.60182476 0.647896469 0.664354563 0.516090691 0.413125813
    0.575135767 0.045541048 0.340307593 0.805447876 0.33083421
    0.740523696 0.447920769 0.709455907 0.719762087 0.739749432
    0.220573843 0.322447538 0.307602227 0.475534707 0.776032507
    0.24796021 0.0945827663 0.786906362 0.0755411685 0.886188328
    0.913332701 0.310297787 0.311556935 0.409973115 0.106809378
    0.294122249 0.580581307 0.849976122 0.905894876 0.427223623
    0.915044785 0.614702344 0.132067382 0.539491296 0.501133084
    0.62849766 0.00521194935 0.971938491 0.935673714 0.714480162
    0.556821704 0.391287029 0.759788454 0.0530601144 0.486831099
    0.572505593 0.449020058 0.095969677 0.227286607 0.766154766
    0.244012177 0.293163657 0.757507026 0.417575955 0.333132803
    0.0325955749 0.0589163899 0.311377704 0.588456035 0.474033684
    0.126657993 0.803734362 0.704209924 0.762998998 0.89549458
    0.765023232 0.813549221 0.228619009 0.876991749 0.22359249
    0.862619162 0.106085539 0.699224114 0.548066258 0.615101576
    0.714115262 0.291898131 0.854088604 0.0760391653 0.690828443
    0.929706633 0.159622967 0.500119925 0.0765738487 0.730190158
    0.877828121 0.773088336 0.311230749 0.447563231 0.793179035
    0.113527358 0.520280898 0.78331697 0.232093096 0.0226101279
    0.0750337839 0.984471321 0.943486214 0.627068698 0.562018871
    0.793581188 0.449826658 0.631546617 0.658003688 0.52553755
    0.360358238 0.610703886 0.113217711 0.00524955988 0.559582293
    0.197102398 0.691021442 0.643241525 0.180410624 0.622826278
    0.44172582 0.687658668 0.806303978 0.895328701 0.0864573419
    0.0167970657 0.553629339 0.332533002 0.000279068947 0.0782978535
    0.791166127 0.643198371 0.591575027 0.107085317 0.878546774
    0.510979235 0.190382302 0.607683778 0.478321165 0.411487699
    0.0944139659 0.184462965 0.100301683 0.683695316 0.744738698
    0.632859528 0.211787581 0.838644028 0.828865349 0.246194512
    0.250383317 0.616225362 0.891278028 0.976804852 0.0165092945
    0.404197156 0.482425064 0.342244118 0.425920814 0.887337446
    0.893149257 0.369653642 0.0578474998 0.915747046 0.146550506
    0.432961166 0.632070541 0.791148365 0.817212701 0.37402916
    0.628483295 0.815483928 0.230948716 0.34261626 0.6777035
    0.00329566002 0.368578106 0.377309769 0.97375685 0.496013582
    0.769201338 0.33456555 0.267459631 0.216786116 0.463089168
    0.187644601 0.179600984 0.929148793 0.0531143546 0.818164468
    0.808120906 0.582369208 0.934940577 0.463849247 0.159547418
    0.238690317 0.927453756 0.454519689 0.183309704 0.93602407
    0.402674973 0.582890928 0.370460451 0.884232521 0.479004204
    0.472832888 0.497659385 0.487554491 0.0613130331 0.00480726361
    0.0347990394 0.0811270475 0.915177643 0.220171094 0.761588931
    0.837432742 0.259346187 0.680137634 0.615491092 0.551639557
    0.296872616 0.643574238 0.173384666 0.394399315 0.266307116
    0.857727349 0.716730654 0.818754196 0.679803193 0.540326476
    0.835793495 0.713161349 0.771455884 0.836917758 0.478817612
    0.177137524 0.971465647 0.640884578 0.985893965 0.381421179
    0.990201473 0.836869359 0.39210847 0.187884986 0.550184369
    0.52012527 0.132807553 0.933702946 0.667535782 0.298606932
    0.259099156 0.595453203 0.729785442 0.992527962 0.0281733871
    0.4209764 0.399692357 0.445740998 0.312583625 0.0220493972
    0.538158178 0.308356047 0.509449244 0.232982606 0.525687099
    0.914519489 0.719031215 0.50368005 0.456011266 0.63106972
    0.821600378 0.314586341 0.12470153 0.323603928 0.939351797
    0.932976604 0.166488558 0.215764791 0.744261086 0.819680929
    0.681161225 0.914212108 0.759674966 0.635101497 0.520341158
    0.736177027 0.827551842 0.192334294 0.212895632 0.326546729
    0.868780792 0.884774566 0.160978377 0.507618666 0.858326674
    0.920161664 0.329030246 0.0228901803 0.57125175 0.10317257
    0.86245358 0.290791094 0.292131633 0.860665739 0.475558639
    0.75602442 0.0918104351 0.89071393 0.379804611 0.389633477
    0.774758697 0.565974295 0.0393143892 0.788098156 0.034658879
    0.113095105 0.30426237 0.341245055 0.264107525 0.411169261
    0.361987054 0.646624088 0.320035458 0.339484006 0.0612193048
    0.351665318 0.224841595 0.255723923 0.67071569 0.00671729445
    0.581797719 0.636865437 0.486030161 0.85404706 0.921218455
    0.450443029 0.660229325 0.679763794 0.965321064 0.657466292
    0.987251878 0.189104199 0.765756905 0.864456892 0.693960905
    0.573913395 0.192963272 0.910527587 0.485747457 0.97266531
    0.669670939 0.349657923 0.152506977 0.36713931 0.61600709
    0.974287808 0.331955492 0.330059707 0.356013715 0.561070204
    0.678372383 0.685314894 0.380194008 0.125473469 0.18104285
    0.284249187 0.535647273 0.474625558 0.701914072 0.439367831
    0.419038206 0.394795835 0.8486408 0.387412727 0.417141885
    0.549485385 0.778844833 0.033839345 0.234344929 0.112274855
    0.114445776 0.506412268 0.167556882 0.447568983 0.759047031
    0.236972839 0.439923793 0.533113539 0.213690728 0.279288769
    0.964188933 0.0827016234 0.553884029 0.743569493 0.728221893
    0.0481922328 0.831846833 0.472114682 0.234264433 0.115152746
    0.982686639 0.252387702 0.608519793 0.113929212 0.389731944
    0.986301363 0.0669151545 0.0192812979 0.0959988534 0.497717172
    0.142860472 0.389525682 0.296498805 0.148635298 0.252804875
    0.424158365 0.551726818 0.9394508 0.0599752665 0.651400208
    0.160869718 0.958023846 0.65337944 0.0365190804 0.484509408
    0.819544196 0.178549528 0.0897983015 0.682278872 0.803554893
    0.462857425 0.917789817 0.513254583 0.210234731 0.841530502
    0.0446265042 0.651530087 0.921472847 0.577144742 0.608968735
    0.780461848 0.275800049 0.610404491 0.279188842 0.994229674
    0.710334718 0.060283035 0.998698592 0.656123757 0.45456031
    0.968479991 0.766820431 0.0609370172 0.683646321 0.327365696
    0.355609685 0.167526782 0.77563262 0.529306233 0.496135414
    0.777207136 0.97442615 0.304538548 0.365258455 0.433974355
    0.90791893 0.19326055 0.951539814 0.405843556 0.855314612
    0.899202228 0.661211133 0.451956451 0.983065963 0.882754803
    0.175520718 0.166640371 0.709140003 0.292760819 0.468225539
    0.614602923 0.932618737 0.0496603251 0.211934656 0.329208195
    0.437602073 0.369491279 0.532508373 0.939624488 0.927607179
    0.0743985474 0.041082859 0.447258979 0.602047265 0.871609569
    0.721881628 0.0310817063 0.156634986 0.645995975 0.285731196
    0.677325726 0.199891627 0.938507557 0.491336286 0.405569553
    0.472513646 0.0422702432 0.826090932 0.990926266 0.899528146
    0.543921471 0.881478548 0.332295835 0.491715997 0.0344064534
    0.460918844 0.824415803 0.95252943 0.912290514 0.575833917
    0.18213588 0.177706331 0.910403252 0.910434484 0.184248835
    0.672262192 0.0798722208 0.708655238 0.106991023 0.312643468
    0.0170664489 0.882840395 0.378885806 0.398027509 0.822492421
    0.65367651 0.843772948 0.898959398 0.272783875 0.14092803
    0.934189498 0.966265321 0.341597855 0.69183749 0.893031299
    0.439719707 0.674064159 0.466701895 0.733825684 0.97761178
    0.785771728 0.309710681 0.217708707 0.904779911 0.751544654
    0.619642615 0.00528514385 0.535721838 0.167898059 0.675301075
    0.955611467 0.382862806 0.504932761 0.00997486711 0.471755117
    0.0941012502 0.727204978 0.337566733 0.445619762 0.20054689
    0.332383424 0.595386446 0.0263751745 0.709862113 0.833681822
    0.430668592 0.669247985 0.510396063 0.938579321 0.0615666509
    0.0618704259 0.613983035 0.177047253 0.406308949 0.765909553
    0.310530066 0.236565232 0.969739795 0.662114382 0.328331947
    0.500430763 0.563977122 0.511280239 0.412884653 0.879905581
    0.519832969 0.71259737 0.17196396 0.520411551 0.621020377 0.62819314
    0.471757978 0.518070936 0.286356986 0.702904642 0.0193651617
    0.75780201 0.213932186 0.0294156671 0.190101326 0.414081872
    0.41804862 0.203993469 0.330685943 0.299159616 0.273457944
    0.211718023 0.776725173 0.290984571 0.0235644281 0.928931415
    0.222273469 0.719248354 0.43266198 0.213166714 0.183125913
    0.393095732 0.0306730568 0.742682338 0.867870986 0.177212059
    0.88723135 0.156726867 0.947294831 0.526777387 0.253486782
    0.454231262 0.460169405 0.152181804 0.394869626 0.641624629
    0.84076488 0.310940862 0.984277308 0.245696008 0.284409344
    0.336177945 0.0937345624 0.118669897 0.882313669 0.448885053
    0.388782918 0.51887995 0.34378016 0.303151071 0.698472857
    0.350129664 0.820326447 0.190520346 0.965752721 0.583804905
    0.387542069 0.829167366 0.969542623 0.493321329 0.0644664466
    0.401056051 0.237080425 0.109918267 0.28633827 0.71056658 0.85797137
    0.205661654 0.875157952 0.993265033 0.294417441 0.372680306
    0.185864687 0.294127166 0.0833166242 0.419609249 0.896462321
    0.604157209 0.702037394 0.919549704 0.499139667 0.309873641
    0.681090236 0.76592654 0.722450018 0.572745383 0.577631772
    0.632677019 0.580506802 0.947287202 0.126496404 0.33803612
    0.359870195 0.523274422 0.878088355 0.673615098 0.740144014
    0.564298272 0.691217124 0.251150787 0.996000528 0.845661521
    0.988613963 0.515148997 0.514545262 0.789499402 0.924504817
    0.0324365497 0.326493829 0.610600471 0.883445799 0.510019004
    0.160000384 0.594676614 0.0118748248 0.698539615 0.898040175
    0.356180847 0.820802689 0.32114473 0.956290603 0.672371387
    0.807565093 0.949976444 0.211501181 0.76768893 0.755552292
    0.524123311 0.530585051 0.219776064 0.0818982422 0.699121475
    0.327217311 0.140417516 0.0990253985 0.950391829 0.261784881
    0.786457658 0.174642801 0.401205033 0.838189125 0.348671377
    0.264021218 0.580880463 0.278902322 0.0932565629 0.00209411979
    0.092390269 0.829774976 0.923107028 0.578947186 0.247299284
    0.851273775 0.704563558 0.57681787 0.716026068 0.547480822
    0.170224488 0.925855517 0.679930568 0.774661481 0.341566086
    0.0191171467 0.215993434 0.232305974 0.00558292866 0.407173187
    0.445684403 0.158356965 0.930888891 0.856829524 0.744808137
    0.230253488 0.786464095 0.762935758 0.116310418 0.268357277
    0.723951221 0.181412488 0.294616997 0.384475023 0.26878354
    0.699959993 0.239066303 0.978898525 0.753418505 0.89777863
    0.826622307 0.708000302 0.598661959 0.0336689949 0.92076838
    0.929911077 0.456321925 0.229034007 0.573011041 0.160352349
    0.639951646 0.0188558996 0.34228906 0.246575207 0.381539106
    0.796971202 0.446540713 0.872892737 0.0101279914 0.258173257
    0.777235627 0.371389151 0.791686773 0.906871796 0.498970658
    0.577091694 0.98158735 0.272025168 0.429827988 0.937111139
    0.371588141 0.273072362 0.827587187 0.210272938 0.77161485
    0.955301046 0.855408669 0.119035274 0.105586141 0.691826344
    0.302140236 0.634152055 0.100958318 0.343733191 0.118282616
    0.978363276 0.473467916 0.724279284 0.0130096674 0.310950339
    0.853606343 0.573990524 0.597186446 0.62447679 0.369853884
    0.655809999 0.175664783 0.437386274 0.433039069 0.955745459
    0.819791913 0.803553581 0.782832086 0.391801685 0.895755649
    0.764072537 0.29660207 0.335361898 0.0255029798 0.798664451
    0.513400018 0.191604346 0.826018631 0.00756847858 0.259437174
    0.965515971 0.589671731 0.805010796 0.495092839 0.910883069
    0.858807206 0.840236783 0.165505499 0.498257637 0.428858519
    0.834106505 0.613432288 0.572153687 0.100400895 0.499604076
    0.18453458 0.170949459 0.981791973 0.817185998 0.785960019
    0.186817199 0.516438365 0.898710012 0.855052292 0.910617411
    0.604920447 0.749594033 0.238356024 0.715663195 0.286094904
    0.207095474 0.126953304 0.0910372734 0.291177511 0.616325498
    0.213347107 0.373596311 0.209520996 0.639302969 0.930118203
    0.371046484 0.641353726 0.848771751 0.494151473 0.676830769
    0.474729419 0.443225324 0.483618289 0.729666114 0.298732996
    0.913003087 0.849230707 0.348100275 0.51463443 0.773329258
    0.235222012 0.304829627 0.976702213 0.853410602 0.809656203
    0.518118322 0.733851552 0.609157681 0.901399314 0.69132638
    0.10617134 0.0203651488 0.460971981 0.0654345155 0.392170191
    0.896655023 0.359621167 0.0552850068 0.421074659 0.238708347
    0.321822405 0.747130394 0.0119281113 0.0248552859 0.310955107
    0.429224759 0.908440948 0.051401794 0.0980563164 0.965414166
    0.610737085 0.103780836 0.132714182 0.444139689 0.0224718451
    0.0195021033 0.153416783 0.489185065 0.482830197 0.335047781
    0.358202696 0.252633691 0.353834867 0.437864691 0.583115458
    0.558454692 0.59433049 0.282343507 0.145712078 0.641219974
    0.637984335 0.0982173681 0.441720754 0.406395078 0.175137609
    0.131602108 0.792060971 0.834160209 0.721928418 0.394947588
    0.332622945 0.327543467 0.982888222 0.400761157 0.345049888
    0.672937572 0.302585125 0.735963583 0.0351902544 0.218550324
    0.518534839 0.755256832 0.204853624 0.451940805 0.816101909
    0.377452046 0.0477741361 0.0307254791 0.11715582 0.797136486
    0.0988914669 0.914700985 0.199713081 0.768842697 0.3918567
    0.360340297 0.192903131 0.20178625 0.446532786 0.124012262
    0.784332454 0.415432096 0.41287455 0.668507755 0.640483558
    0.13834098 0.974261165 0.647583425 0.117702127 0.605316401
    0.942947507 0.308852613 0.21042189 0.24337548 0.0796058178
    0.985085845 0.603039145 0.699214458 0.278688431 0.0120323896
    0.480938762 0.926781297 0.750619411 0.642457545 0.643501282
    0.499255687 0.158001035 0.652044773 0.887649536 0.627919197
    0.797118306 0.859354138 0.203989416 0.315833926 0.51207298
    0.71198225 0.337433517 0.187843919 0.200839192 0.823028147
    0.573837638 0.00388279557 0.391425133 0.107333124 0.679481387
    0.422241926 0.541308522 0.337433934 0.0267829001 0.8683815
    0.218191653 0.51302129 0.46655038 0.558844149 0.88057363 0.515673101
    0.751658142 0.651891828 0.624461174 0.00197207928 0.0300166011
    0.487239301 0.42418465 0.820102334 0.547551215 0.416729838
    0.34475407 0.462249905 0.0903723538 0.427501917 0.888309836
    0.742052674 0.273886532 0.134888768 0.921844721 0.401679277
    0.90355432 0.131539524 0.392741323 0.753806353 0.157769054
    0.0379939973 0.231725335 0.0314582586 0.927031398 0.327089667
    0.205571204 0.257090956 0.349461019 0.579439223 0.032078445
    0.502372265 0.450688779 0.856129527 0.197118938 0.175494641
    0.265443206 0.159896612 0.0942287445 0.263792574 0.85727489
    0.114711314 0.490672648 0.0469077229 0.34907341 0.321657121
    0.400335252 0.563020349 0.228035152 0.0392424166 0.356932759
    0.917000532 0.77832526 0.383132041 0.613901258 0.349271834
    0.813298702 0.899522543 0.462203145 0.867437482 0.647677302
    0.323710084 0.550062835 0.0598598123 0.268640399 0.246373445
    0.927051425 0.397654533 0.0258800387 0.784127533 0.841082692
    0.528729677 0.262782723 0.774565458 0.865089059 0.985809803
    0.075479269 0.759614289 0.730297327 0.821422577 0.476091206
    0.24870345 0.494879007 0.180790126 0.432014585 0.87342912
    0.0403826237 0.48141703 0.857652664 0.617073894 0.38645938
    0.330533743 0.670392931 0.326649189 0.248188585 0.567879796
    0.178899497 0.113891423 0.446482927 0.188434422 0.146621466
    0.229508489 0.997575939 0.209634066 0.738360167 0.765996873
    0.922898531 0.185620576 0.065707922 0.312428296 0.939405441
    0.428155601 0.889796495 0.200921148 0.384511203 0.898098588
    0.310852647 0.340926886 0.436061174 0.0852903128 0.347072273
    0.4218252 0.666889131 0.600524962 0.797507524 0.24298355 0.765388072
    0.949153543 0.945078969 0.998538733 0.917456269 0.284577131
    0.691411555 0.63634932 0.308377385 0.428941607 0.445234388
    0.216213524 0.350815862 0.0555903018 0.888102889 0.544879258
    0.422620982 0.995334923 0.338389218 0.893754065 0.494896799
    0.564307392 0.27705878 0.293524086 0.634827614 0.0838960707
    0.628355742 0.174316794 0.00414693356 0.263406992 0.0416741967
    0.029232502 0.585905015 0.322218418 0.173879474 0.242290914
    0.292430639 0.682352543 0.796191156 0.813905835 0.468711704
    0.981750011 0.428641498 0.347313017 0.831904888 0.965707541
    0.550817192 0.43009752 0.969301581 0.30265379 0.205711812
    0.301891804 0.112973213 0.485795528 0.499659926 0.169099718
    0.36045602 0.277974546 0.87525475 0.480688065 0.943698883
    0.105196804 0.135877848 0.667153716 0.25864923 0.150350302
    0.825002432 0.578774929 0.75150311 0.120531827 0.749186456
    0.587983131 0.525920987 0.890271783 0.0657944083 0.272550076
    0.589709818 0.113012195 0.66692704 0.777154326 0.998297691
    0.228154093 0.951392412 0.265348732 0.399864554 0.53539288
    0.502577126 0.0761578083 0.72378993 0.0345570147 0.589683533
    0.506071568 0.314409554 0.665328324 0.468452334 0.474842131
    0.614229977 0.583245456 0.999508321 0.57188338 0.043177098
    0.865278959 0.296738207 0.722987413 0.493857563 0.765513539
    0.217851728 0.929805756 0.408798158 0.580793023 0.153194696
    0.0334154963 0.424202174 0.872385859 0.9641608 0.182638228
    0.00553491712 0.762463093 0.488254786 0.94432056 0.812024713
    0.354376256 0.37123546 0.841379106 0.19328925 0.865208209
    0.899271071 0.62425828 0.789567113 0.584017813 0.177106291
    0.752436936 0.469500095 0.93179661 0.813448906 0.698795378
    0.393183798 0.671895564 0.174152642 0.263422549 0.196824849
    0.704518259 0.488532424 0.0496982038 0.6483922 0.0025383234
    0.966622949 0.852637947 0.429148674 0.336365879 0.420412958
    0.177651674 0.301025867 0.912432849 0.0753084421 0.508871794
    0.0539913774 0.428492248 0.444814205 0.664671063 0.223995477
    0.228711903 0.258864492 0.00975093246 0.557321548 0.304174185
    0.16659084 0.253863841 0.999726176 0.0379837751 0.493085593
    0.731394768 0.378760725 0.349986464 0.275971293 0.716785967
    0.700916708 0.255362511 0.929072082 0.403099328 0.00736543536
    0.655552924 0.361515462 0.561905324 0.0915392935 0.892572522
    0.651838541 0.489109963 0.106367797 0.626745105 0.746487379
    0.512642443 0.83828944 0.994195461 0.942885518 0.425731093
    0.493928671 0.900266409 0.108396977 0.00372612476 0.592946947
    0.734286666 0.288153827 0.608230352 0.837458611 0.937251866
    0.148884535 0.687226415 0.76798141 0.519939423 0.253162563
    0.146145016 0.123880714 0.361991674 0.680554926 0.618016303
    0.520135939 0.851649404 0.0411883295 0.520324707 0.186675578
    0.373406768 0.314004391 0.836935461 0.66340673 0.134486973
    0.104979545 0.617754281 0.551792741 0.916375399 0.390562803
    0.554697514 0.541057467 0.0712397397 0.716586828 0.00725591183
    0.106552958 0.37592876 0.32159555 0.0421200991 0.9332183 0.121250093
    0.387551248 0.662530959 0.700844765 0.889314413 0.838389695
    0.528185904 0.601659477 0.182254255 0.0989622176 0.679775834
    0.188981026 0.822212219 0.492300868 0.557844222 0.20309183
    0.493018746 0.718676507 0.868999422 0.235111743 0.905123949
    0.520326257 0.431895107 0.273540467 0.299587876 0.198491484
    0.932534575 0.69282347 0.926135302 0.383181572 0.758556604
    0.366066188 0.171811223 0.0304270983 0.30301702 0.502093017
    0.986316204 0.10005182 0.923203588 0.841956735 0.87726438
    0.576119304 0.860441685 0.698379278 0.485193461 0.554665327
    0.95375222 0.0263307989 0.383035421 0.880422711 0.01039505
    0.509447753 0.537266195 0.859204173 0.370252162 0.531226993
    0.201344907 0.596286714 0.511398613 0.791998863 0.591089129
    0.0172899663 0.612914979 0.57163763 0.823298216 0.948633134
    0.738316715 0.975925326 0.17834872 0.425709844 0.602504909
    0.808893561 0.293071151 0.600419164 0.300924063 0.440727025
    0.683713496 0.139459938 0.577424765 0.522727489 0.765060782
    0.196929932 0.809369206 0.600368738 0.996678472 0.565656185
    0.239047885 0.853534818 0.21954602 0.0665291846 0.819606483
    0.463857919 0.681220055 0.136962771 0.981249213 0.030169785
    0.781624198 0.929202318 0.169198662 0.709718287 0.64880389
    0.0337726772 0.0705711544 0.172201425 0.506759048 0.364629716
    0.133146822 0.967351198 0.22144264 0.210520267 0.467883497
    0.684037328 0.220542818 0.390705466 0.796303988 0.824668169
    0.121709615 0.706914604 0.732743025 0.744227588 0.892464042
    0.185474306 0.412272394 0.107191414 0.110406458 0.713948309
    0.136506081 0.10599792 0.711635947 0.35880214 0.477466673
    0.292700589 0.886667848 0.34679541 0.740756273 0.855564117
    0.849107325 0.0812279582 0.869751334 0.545287907 0.441386372
    0.0169935822 0.947887778 0.810412645 0.390322685 0.914104044
    0.237397254 0.630496264 0.338322401 0.550169706 0.364180356
    0.0271610618 0.278267682 0.756465554 0.66644311 0.668435693
    0.111349255 0.991343379 0.886086345 0.419178575 0.210226893
    0.159967542 0.539848149 0.786371112 0.985111535 0.640745044
    0.0550763607 0.799751639 0.406425744 0.279142797 0.975833535
    0.539891839 0.407084823 0.253511965 0.678716362 0.194198966
    0.324025542 0.621501744 0.519420087 0.0897707045 0.432960987
    0.7440148 0.318252444 0.521741211 0.938116431 0.961089253
    0.695541203 0.082973212 0.44283092 0.338938743 0.939319611
    0.0567972362 0.726552427 0.277289152 0.173508435 0.917705655
    0.403143913 0.750615954 0.324022263 0.149119467 0.998594105
    0.779609203 0.454609424 0.112714589 0.214038998 0.417461932
    0.0469738841 0.513936281 0.681368589 0.610776663 0.658654451
    0.645773292 0.810575068 0.697087288 0.866397858 0.216204703
    0.871428013 0.988911271 0.683887005 0.145604372 0.791462123
    0.769638419 0.395793229 0.486325085 0.680802822 0.617819369
    0.950379074 0.383061409 0.309629977 0.356086373 0.0991677046
    0.801578879 0.446308911 0.609204531 0.513280571 0.142643809
    0.0577378571 0.620620608 0.824129701 0.542323947 0.3217026
    0.145593613 0.021430105 0.609212697 0.0823786259 0.345493913
    0.108703673 0.821270704 0.969189107 0.755573571 0.564729333
    0.505090237 0.0282151699 0.914392889 0.384241611 0.460722923
    0.467829943 0.0283062756 0.856591344 0.323657066 0.96494621
    0.671604991 0.775521636 0.458190292 0.653999746 0.434598982
    0.540867925 0.784300923 0.0782316625 0.917905748 0.128950953
    0.32333228 0.999314606 0.148791313 0.31354934 0.491655231
    0.673145175 0.432227999 0.447549433 0.620245337 0.127852261
    0.718361497 0.528968692 0.0693071187 0.907199264 0.260614157
    0.987003267 0.615322113 0.37031886 0.940728426 0.416306078
    0.409468442 0.162432671 0.331328511 0.138232559 0.46273154
    0.29864043 0.275721371 0.912945807 0.816642225 0.817088842
    0.152851254 0.805002928 0.781321287 0.16910091 0.25190866
    0.426118016 0.637374699 0.657244921 0.820794344 0.798318148
    0.849832654 0.890289903 0.683425307 0.287605405 0.284382135
    0.133839428 0.482531846 0.300976932 0.801936388 0.0478033125
    0.00904750824 0.725832701 0.737468839 0.520666182 0.844963789
    0.279258847 0.184464842 0.804556727 0.33071357 0.100012064
    0.165892661 0.948428392 0.546809912 0.804324806 0.794917107
    0.129763395 0.485051602 0.824580431 0.857508779 0.92729342
    0.901048601 0.304186732 0.83406949 0.818029046 0.822575331
    0.630213261 0.492051154 0.546129048 0.12632823 0.272384167
    0.561786175 0.285042137 0.584417284 0.713719547 0.378482968
    0.977560997 0.965615392 0.986968696 0.629531503 0.969154596
    0.537472606 0.518725276 0.887839556 0.679568887 0.420940369
    0.0203811526 0.0657777488 0.37416023 0.595771909 0.600748181
    0.55690378 0.871647596 0.00812453032 0.51524508 0.0959617198
    0.629919469 0.372846007 0.00509446859 0.451042354 0.0783928931
    0.0343976021 0.351340443 0.202669293 0.4437868 0.478884876
    0.977189302 0.0273550451 0.610891342 0.112905383 0.192015141
    0.233906835 0.670651615 0.718038201 0.744501829 0.229117185
    0.0500801206 0.167915791 0.381650835 0.400625378 0.172148645
    0.210562915 0.552488446 0.899790764 0.33745116 0.235740274
    0.594684541 0.0154459178 0.394987285 0.794704497 0.377832621
    0.408024907 0.443685681 0.645143807 0.860719323 0.870322764
    0.941242099 0.51783669 0.986549616 0.0728161037 0.494559258
    0.489122301 0.450341731 0.286499977 0.0977856815 0.578982711
    0.350638032 0.649010122 0.0972570479 0.649524987 0.602681279
    0.446095735 0.0381975472 0.506907046 0.734319091 0.0512315333
    0.0392977595 0.116977125 0.726687312 0.39514339 0.993432343
    0.672378898 0.647463679 0.206891358 0.979466915 0.613301396
    0.427516222 0.849542141 0.221590668 0.143675625 0.700389028
    0.714075506 0.400448084 0.689371109 0.730167091 0.282213628
    0.715931058 0.91526401 0.0386387408 0.338815182 0.413018763
    0.7040416 0.510416627 0.149763346 0.931323051 0.676950455
    0.632521093 0.912611365 0.488446206 0.574763 0.383139104 0.879490912
    0.65964061 0.0150399804 0.0528380573 0.552593112 0.117871493
    0.508676589 0.193676114 0.895826697 0.295110762 0.810831904
    0.956403613 0.94135952 0.692600369 0.781904221 0.240323603
    0.583943486 0.728353024 0.746124685 0.690020561 0.0626066625
    0.0336240232 0.157704592 0.00909182429 0.139345586 0.378297448
    0.661278605 0.75112319 0.59641099 0.514197648 0.961943865
    0.622822344 0.134216338 0.724426925 0.428830981 0.629649639
    0.96898222 0.889987588 0.248070568 0.585784078 0.295367122
    0.822531223 0.382232249 0.84181428 0.788117647 0.842917681
    0.813226938 0.870835185 0.493848592 0.826033354 0.310343921
    0.719059825 0.219754964 0.400527894 0.4212946 0.236489266
    0.293976814 0.975511432 0.892051458 0.460566968 0.828655005
    0.504932344 0.406872362 0.843688786 0.102650374 0.132744879
    0.806851447 0.00317761302 0.958762169 0.305958688 0.448874861
    0.490100175 0.79414463 0.230089873 0.158674389 0.947726309
    0.153663367 0.0352086425 0.737187862 0.520682275 0.700035691
    0.157630414 0.542560756 0.10642159 0.901132524 0.956272304
    0.67564851 0.222106725 0.224037498 0.694161534 0.932287097
    0.00120738149 0.80107069 0.998828411 0.324983895 0.184434712
    0.0499837101 0.0488484204 0.331768751 0.989781976 0.723013043
    0.547872424 0.908005655 0.510373116 0.143687069 0.460682094
    0.0188345611 0.860316753 0.18330425 0.644730985 0.997051835
    0.2677297 0.54332912 0.176982641 0.298740447 0.0228457749
    0.895818233 0.39350754 0.972923756 0.64559257 0.167093903
    0.282012671 0.55213052 0.677963674 0.698646784 0.317067236
    0.459318638 0.131847084 0.997260094 0.266190469 0.637150645
    0.849280119 0.1607503 0.165545732 0.731105566 0.586988509
    0.602518201 0.881039143 0.654302597 0.469230503 0.73834312
    0.899883747 0.877615929 0.673271835 0.812300682 0.925820291
    0.121445358 0.625094831 0.928066075 0.806147397 0.97504127
    0.851437271 0.501844764 0.0610800982 0.741850495 0.0848618746
    0.588563025 0.736910105 0.488678873 0.840187311 0.0824841857
    0.0482540727 0.278848678 0.186531961 0.777339697 0.918341398
    0.763565302 0.353659242 0.607553363 0.090970695 0.0600096881
    0.153593123 0.159942389 0.631572366 0.554222822 0.634835005
    0.189794242 0.794623613 0.394232988 0.897460222 0.255105913
    0.240849942 0.579034567 0.936641097 0.511840343 0.0645563304
    0.0509012341 0.377745688 0.706984758 0.862973571 0.621320724
    0.672088742 0.427498758 0.782921076 0.0640750527 0.0261379182
    0.572789729 0.27191478 0.587472439 0.550798178 0.291983068
    0.98636806 0.890669525 0.869081974 0.186699629 0.0158863366
    0.522837341 0.674939811 0.294892818 0.744550586 0.968643069
    0.0429780185 0.00784218311 0.534400105 0.439404607 0.514721453
    0.186093807 0.711884975 0.357319415 0.0236158073 0.941542268
    0.728899658 0.548267484 0.922305524 0.216894269 0.618242323
    0.442121983 0.722731829 0.39327541 0.294222951 0.185627013
    0.773447573 0.107872128 0.231156826 0.715598166 0.201325566
    0.184332907 0.139915586 0.515654325 0.494110316 0.0790762007
    0.528645039 0.714156032 0.0846641362 0.735884309 0.630394697
    0.513182223 0.946773171 0.987191916 0.432941437 0.823121905
    0.463219702 0.42350322 0.386145204 0.138179451 0.687215984
    0.582152426 0.759620667 0.529654622 0.639451504 0.661134541
    0.115199387 0.479958832 0.00550058484 0.519832253 0.591252089
    0.249765307 0.448098004 0.973454118 0.0382649302 0.420902312
    0.93866545 0.461798996 0.990974784 0.766271055 0.908445299
    0.843741059 0.256736219 0.894442976 0.264866024 0.722144902
    0.0546176434 0.826342225 0.303788185 0.422896475 0.34378016
    0.757167935 0.510232091 0.0119854212 0.927871466 0.145451486
    0.255098432 0.287780434 0.263837248 0.835531354 0.600202799
    0.475839555 0.707916856 0.887433529 0.0918281376 0.64699918
    0.632457376 0.105681211 0.514633596 0.497744411 0.826086342
    0.794991016 0.581378579 0.390552998 0.440266311 0.604546487
    0.276841938 0.970972538 0.965234756 0.133316696 0.982995093
    0.444004744 0.419438779 0.974225521 0.880010486 0.396009088
    0.598235548 0.941238761 0.994434655 0.803913295 0.491754979
    0.455672681 0.826282501 0.803165913 0.370433182 0.846844316
    0.886557519 0.0532261133 0.27977258 0.0387139916 0.870931745
    0.743039727 0.777638972 0.804998517 0.270390302 0.158883035
    0.212515086 0.702464342 0.920825005 0.982196748 0.967109323
    0.841204822 0.350238234 0.426091611 0.831746995 0.375468373
    0.795947313 0.686865211 0.700714052 0.216045409 0.774509907
    0.109165102 0.826874614 0.11298421 0.888640523 0.21198073
    0.450572193 0.77469337 0.646372318 0.992955565 0.260638684
    0.384900928 0.526734889 0.405373901 0.468990207 0.03460145
    0.751073241 0.162638962 0.895921528 0.170892745 0.0452280641
    0.349334121 0.795720935 0.0438778698 0.810531735 0.137562692
    0.703535676 0.0239198804 0.254315734 0.774930954 0.136241257
    0.205679655 0.0118813515 0.433398515 0.271968186 0.216839314
    0.121114939 0.126138628 0.0478143692 0.0717886686 0.161204368
    0.150088012 0.265986025 0.468030334 0.287362754 0.531270206
    0.756365061 0.272789061 0.880733788 0.824034095 0.517734587
    0.33324337 0.313798726 0.223737389 0.0914043486 0.0482352972
    0.442680538 0.597255349 0.21100533 0.0238947868 0.684420347
    0.447273433 0.119360834 0.675229371 0.0727239251 0.515852332
    0.362320334 0.597370148 0.98862505 0.11825636 0.352709472
    0.278190553 0.914927244 0.646095395 0.905680418 0.652347982
    0.0862981081 0.214326799 0.224301845 0.269551873 0.900773823
    0.451067418 0.882472277 0.769162774 0.419395387 0.698007345
    0.0274546146 0.964259744 0.95890373 0.0305251777 0.62137717
    0.525109768 0.0506834984 0.0219185948 0.339717805 0.0941262841
    0.593251944 0.994250894 0.0437951982 0.72704345 0.368170679
    0.514160812 0.565993071 0.0850004256 0.854643703 0.608477235
    0.511653781 0.0126599073 0.461650223 0.00844663382 0.0840523541
    0.393246412 0.516560674 0.0611439049 0.179962784 0.312378079
    0.445019782 0.329621911 0.653760195 0.429830849 0.071193397
    0.214994907 0.884929776 0.714949727 0.143544823 0.111869693
    0.0204827487 0.566469073 0.552901685 0.408296078 0.0606282949
    0.896339655 0.0780353248 0.174198538 0.798279762 0.342595935
    0.340986669 0.449895084 0.471438348 0.98750031 0.261792779
    0.568199098 0.0688086748 0.710102201 0.710155249 0.306104362
    0.539369702 0.373404175 0.854251266 0.144246072 0.532027125
    0.375003308 0.96256727 0.0986715853 0.902664185 0.955732584
    0.280386597 0.679018021 0.169968069 0.644197583 0.654473245
    0.498644143 0.588270485 0.286664248 0.327996343 0.543682098
    0.191979498 0.525306582 0.104088485 0.15575543 0.904493749
    0.306089759 0.579413891 0.179197758 0.593900919 0.731747448
    0.00801414251 0.481405646 0.685129821 0.679267764 0.450554013
    0.28635937 0.541630983 0.14220953 0.095344007 0.183830857
    0.794291973 0.290459365 0.270107746 0.1018987 0.240949094 0.80451715
    0.974454165 0.820476353 0.253222406 0.670241177 0.757919014
    0.411125213 0.70936054 0.306826741 0.537064791 0.279419214
    0.310649335 0.947128057 0.149220616 0.364498973 0.69589299
    0.109218478 0.755434275 0.651364684 0.233093441 0.357284606
    0.416271985 0.214320153 0.785583377 0.499230623 0.267404914
    0.255466819 0.699586987 0.231753409 0.143541485 0.171104103
    0.200375378 0.552607894 0.881623447 0.666075289 0.276470542
    0.565483868 0.928675652 0.338109136 0.152348518 0.00795719028
    0.876761973 0.647889316 0.792407393 0.628859162 0.675335586
    0.162904263 0.122825772 0.958049536 0.0267252922 0.736044168
    0.495976597 0.294149905 0.0290323198 0.674750924 0.188857943
    0.573650002 0.77907306 0.745014787 0.0871298015 0.86507082
    0.823949218 0.0355409682 0.877046049 0.122632205 0.644285858
    0.491219044 0.0510064662 0.272502005 0.607415855 0.210237592
    0.576951981 0.167482436 0.680661082 0.657440066 0.796645582
    0.741989374 0.472789913 0.593561351 0.0159446299 0.163879961
    0.440917045 0.855553865 0.453482956 0.881800652 0.635611773
    0.415166616 0.0121791363 0.40041092 0.325541466 0.55358547
    0.363722056 0.681081057 0.260349035 0.33199814 0.225056916
    0.648359179 0.697275281 0.746006012 0.10101983 0.648082018
    0.27580303 0.984080791 0.553885221 0.024661392 0.437443018
    0.492396593 0.98971653 0.702356756 0.957502723 0.700692475
    0.667131901 0.241504222 0.542617023 0.503552258 0.448171258
    0.918399692 0.179398447 0.549312532 0.764440715 0.782590985
    0.581141233 0.812568665 0.943937242 0.631573081 0.197558671
    0.510626674 0.0684405863 0.0852799714 0.456417382 0.341674656
    0.0257841647 0.062910676 0.481664836 0.449227124 0.853753686
    0.301028073 0.42661643 0.309815466 0.52368933 0.258308411
    0.263928175 0.224831909 0.329848647 0.362485647 0.78464365
    0.21185106 0.261161625 0.354350269 0.183448881 0.875352859
    0.00936827064 0.439741969 0.326562911 0.221321881 0.121836483
    0.996928036 0.547056437 0.128528208 0.339630425 0.0585487485
    0.593662977 0.535113633 0.361083657 0.913866043 0.0701753795
    0.0188483596 0.226812303 0.345235735 0.536540866 0.533898294
    0.637759984 0.190081984 0.80894196 0.305085361 0.880819917
    0.462831706 0.877291322 0.461034119 0.145718962 0.655803084
    0.843132734 0.67890799 0.842874229 0.899140477 0.585980117
    0.35868445 0.852618814 0.814003706 0.697108746 0.426794827
    0.532635212 0.416707367 0.49869287 0.412706763 0.983529747
    0.368087053 0.888587773 0.570557833 0.0847116709 0.669254541
    0.534596622 0.131533056 0.0480189025 0.763743877 0.00439956784
    0.703645647 0.243430704 0.993509531 0.56469667 0.472926319
    0.671926379 0.928133607 0.237909079 0.434936911 0.902782679
    0.402695566 0.0389420986 0.694801152 0.379065394 0.128982306
    0.341846168 0.948624671 0.143157661 0.445705324 0.054609865
    0.943665862 0.971108556 0.65307641 0.401245892 0.30988732
    0.864406943 0.976924717 0.375609517 0.326521963 0.388298333
    0.341564685 0.0976147652 0.685705006 0.816153765 0.417473257
    0.281454384 0.695196152 0.216460228 0.763941526 0.710332513
    0.645969987 0.0782077014 0.246567458 0.906526446 0.135873407
    0.482171595 0.0517467856 0.974321485 0.411714613 0.420147598
    0.218908519 0.659895718 0.820889115 0.339367449 0.900484681
    0.992733836 0.869487882 0.900119662 0.383964032 0.92592752
    0.725458443 0.668731391 0.744787157 0.467612147 0.19182837
    0.678095639 0.545982897 0.266870975 0.953356326 0.789669394
    0.461496681 0.660991669 0.767308235 0.919541001 0.445730776
    0.473569304 0.807115078 0.283141494 0.86471653 0.22049135
    0.182984054 0.223513693 0.00794455409 0.574650407 0.982766867
    0.186902344 0.743422449 0.776503325 0.525734842 0.683646083
    0.5770244 0.371733308 0.20938313 0.746180773 0.573376894 0.371608019
    0.040363878 0.363957286 0.113470048 0.880468249 0.709878802
    0.806265235 0.51940608 0.686092198 0.877008319 0.326374233
    0.699744463 0.833556294 0.540839434 0.996363997 0.141456813
    0.352827668 0.269717872 0.0910986364 0.0347678661 0.364580035
    0.176246196 0.144405067 0.784760237 0.493378192 0.675790548
    0.69339788 0.844221592 0.691676676 0.888661385 0.406607628
    0.326926291 0.987415791 0.65642488 0.160207987 0.568037331
    0.788057446 0.974262059 0.472884655 0.902369261 0.892688751
    0.265794754 0.565912366 0.101171106 0.95340836 0.697942317
    0.955371857 0.909719765 0.135472953 0.225851655 0.595773757
    0.0411685407 0.278660655 0.261877 0.204223365 0.345015615 0.56440568
    0.217654735 0.946132958 0.173668742 0.46890083 0.679015875
    0.97807461 0.716959 0.65949285 0.498960733 0.444755733 0.103743225
    0.0681397319 0.905987024 0.652712703 0.45392856 0.81011188
    0.314298034 0.782786012 0.30540812 0.00174486637 0.54633075
    0.0299321413 0.00746226311 0.923633575 0.247609973 0.431396246
    0.0743304491 0.701507509 0.590626836 0.261823416 0.122525126
    0.133855969 0.431634218 0.404381812 0.813750029 0.609127045
    0.707922161 0.353015482 0.568035543 0.0603489876 0.168714434
    0.0505503714 0.861267865 0.243833393 0.723247528 0.54039222
    0.986867726 0.773704708 0.326553851 0.0909132063 0.00348034501
    0.153623402 0.10109511 0.675576031 0.974080563 0.923498511
    0.990304053 0.459059417 0.376661122 0.563022912 0.184534401
    0.248038381 0.225295037 0.3557733 0.683613658 0.409608901
    0.145678341 0.652506828 0.703741848 0.082367748 0.462569326
    0.631149948 0.287276685 0.481657535 0.454985887 0.818551004
    0.12867558 0.746284485 0.936749578 0.00756117702 0.640862346
    0.0888709128 0.281529516 0.0579777062 0.359278828 0.487611204
    0.643043816 0.649875998 0.728488564 0.687399507 0.528940499
    0.469895363 0.251823843 0.404883862 0.972416878 0.749443471
    0.57120949 0.955646157 0.146419197 0.787935495 0.364669859
    0.318499297 0.638798416 0.662074566 0.727090478 0.569639623
    0.148306429 0.720666885 0.0220119059 0.431954354 0.606824875
    0.573601365 0.712767839 0.346028 0.325072348 0.906324327 0.973897815
    0.932538569 0.370063186 0.751156569 0.15515998 0.8964535 0.950453997
    0.500359595 0.827086568 0.131012857 0.116379082 0.169036895
    0.467389554 0.407009184 0.27533111 0.703385711 0.791748643
    0.0597370565 0.318984926 0.0376723707 0.675055265 0.555702806
    0.949905515 0.82949245 0.860177577 0.262052089 0.0148665607
    0.41339016 0.611459196 0.0280901194 0.178260326 0.337360024
    0.249558836 0.738550603 0.626027405 0.736148834 0.506721556
    0.287771016 0.022862345 0.295402527 0.688452601 0.370220423
    0.0900392234 0.4142057 0.447120905 0.265835613 0.774190009
    0.44395867 0.15343225 0.852784336 0.910462379 0.857420623
    0.924628735 0.0796694756 0.0581977665 0.350681722 0.425121009
    0.983654141 0.224541605 0.975607634 0.214200675 0.336936772
    0.799951553 0.0835702419 0.862255454 0.0202274919 0.925195575
    0.419690996 0.362287849 0.0432711542 0.0805070698 0.216739625
    0.937277079 0.314146101 0.97302103 0.966106236 0.0983074903
    0.412495852 0.413477957 0.626310468 0.839991391 0.277858496
    0.0420876145 0.76440239 0.386900127 0.600302577 0.715207756
    0.565735221 0.929563761 0.561500371 0.594606519 0.458702743
    0.898866296 0.626277864 0.234825701 0.140974879 0.394420892
    0.384019673 0.333851993 0.237515867 0.71085012 0.759635568
    0.403614759 0.127468109 0.332226336 0.779267788 0.466609359
    0.155252755 0.350763798 0.442328155 0.84008646 0.0260296166
    0.881987512 0.102617472 0.279962957 0.936871588 0.889255047
    0.0893291235 0.137659371 0.710944355 0.0676923692 0.368272066
    0.958640099 0.450573444 0.182970792 0.172826529 0.101628095
    0.172817051 0.743071795 0.434603751 0.252607524 0.88008827
    0.545508087 0.830942333 0.885458767 0.142769158 0.524229944
    0.144573271 0.77323997 0.845668197 0.653765917 0.547576904
    0.945559502 0.585709274 0.409866124 0.680150867 0.846211791
    0.205311865 0.369383574 0.67309916 0.643810749 0.398117274
    0.185121119 0.26581198 0.891181111 0.0938971341 0.241005778
    0.603527069 0.175415963 0.334460646 0.573804557 0.383902907
    0.508236825 0.468125701 0.0832318962 0.132018894 0.506626904
    0.199750334 0.793787241 0.551417887 0.59594965 0.0983607769
    0.533519506 0.927555084 0.665523946 0.490549505 0.756634951
    0.326019228 0.364648789 0.766842544 0.123518735 0.320166647
    0.750184715 0.0618864298 0.733398438 0.811887741 0.299700618
    0.337874711 0.0129131079 0.877435446 0.550516069 0.56801194
    0.29115051 0.729438305 0.188536435 0.531354129 0.772848547
    0.529362857 0.866228342 0.101287514 0.0607267916 0.584805787
    0.567731142 0.0983329117 0.387440354 0.819186449 0.930465937
    0.311778367 0.773629546 0.897623301 0.0708685517 0.00957614183
    0.757312179 0.511965811 0.552685857 0.16886586 0.628960013
    0.473856926 0.107391298 0.451478839 0.447989047 0.333865821
    0.741228878 0.40963766 0.609043777 0.899105668 0.786877632
    0.506768048 0.285804778 0.485193342 0.779838085 0.974476814
    0.766636252 0.0615942776 0.56918776 0.2583009 0.716146708
    0.118515819 0.456654847 0.0454044342 0.167738408 0.900417209
    0.266938835 0.891815662 0.454842687 0.0129142404 0.848105311
    0.532076061 0.2846663 0.341054857 0.470768571 0.060426563
    0.816113293 0.775534987 0.761678278 0.504204512 0.262976855
    0.169875026 0.973001122 0.72779429 0.653827786 0.325428486
    0.614193082 0.538950741 0.164671928 0.359795153 0.380248904
    0.975116372 0.0942611098 0.382690728 0.13762489 0.453121305
    0.933328748 0.848618269 0.349249899 0.832099736 0.232799232
    0.295203596 0.359043479 0.0514478087 0.26208809 0.330452919
    0.948199987 0.0658532083 0.528454065 0.163042337 0.042488873
    0.528359771 0.759768486 0.963769674 0.100600332 0.456425995
    0.711489558 0.825755 0.660444021 0.401323169 0.850342333 0.592350364
    0.546364665 0.519493163 0.792577028 0.463301331 0.944462061
    0.785716891 0.783156037 0.0469306409 0.534649014 0.201099426
    0.446211278 0.813368261 0.342198223 0.575542867 0.177910179
    0.281910002 0.881368279 0.0695970356 0.0820038319 0.974376082
    0.0345570147 0.196074784 0.317525595 0.661147177 0.539541006
    0.757659316 0.680857182 0.393170238 0.140670478 0.453367203
    0.734065771 0.983038187 0.804693103 0.352721363 0.340363026
    0.919031262 0.87343055 0.425555289 0.479790598 0.774551749
    0.639854968 0.727323234 0.657465339 0.613752961 0.449671417
    0.629259586 0.0875877142 0.432215452 0.454715282 0.856707156
    0.256893754 0.902982831 0.838266611 0.204899013 0.417397052
    0.15804714 0.550683916 0.39920643 0.609976113 0.228031158
    0.0403337479 0.637126684 0.786899447 0.184978515 0.489533752
    0.9722054 0.606997728 0.486340344 0.211917222 0.6909374 0.594503164
    0.26882717 0.0286641121 0.282496125 0.681875527 0.872906029
    0.0592317283 0.171830922 0.869153738 0.812645674 0.402057141
    0.823791444 0.598158836 0.563337088 0.460528612 0.933836877
    0.899449587 0.781154156 0.612300932 0.365545094 0.0420756638
    0.0216054916 0.570299327 0.260782421 0.196218818 0.0869483948
    0.566818297 0.395416915 0.401090086 0.213657469 0.169389039
    0.683071613 0.816809297 0.632231772 0.234962583 0.165229619
    0.963910937 0.11225152 0.64030844 0.288288772 0.427184343
    0.444625437 0.620273888 0.973397136 0.190715611 0.602503538
    0.314067513 0.605864465 0.0117763877 0.849684775 0.395686716
    0.518499851 0.554634571 0.344354331 0.243248999 0.791744232
    0.533697248 0.92699939 0.700174332 0.749332547 0.393905848
    0.177179635 0.789747596 0.35122171 0.25181067 0.659286976
    0.975098372 0.253702998 0.378818512 0.273553759 0.706956208
    0.950517654 0.546725094 0.920061529 0.473145127 0.581352055
    0.503238559 0.915501595 0.180794209 0.257085085 0.663132191
    0.713384748 0.0533990264 0.293387443 0.751937568 0.755512714
    0.431594312 0.264635384 0.557568848 0.562184513 0.51488775
    0.149286985 0.562629521 0.620522976 0.524149895 0.315316498
    0.30259341 0.595618725 0.400568604 0.959197998 0.940572739
    0.761995137 0.841396213 0.543324709 0.261098981 0.257930636
    0.448087513 0.372615308 0.532309473 0.685549676 0.73554492
    0.86387825 0.797192514 0.115423858 0.122481972 0.0906234682
    0.621139109 0.13367793 0.40929538 0.694798887 0.239034086
    0.658884883 0.3410514 0.595701396 0.954794943 0.211824715
    0.467286408 0.120189101 0.806254625 0.781037927 0.422370315
    0.619496822 0.649319947 0.648179173 0.249508619 0.160895944
    0.152429938 0.487785548 0.202460229 0.284713566 0.798121452
    0.568043947 0.646538496 0.96045661 0.241498142 0.814950526
    0.00655406713 0.774592578 0.729117751 0.735002577 0.00843760371
    0.472245306 0.698680162 0.108802527 0.21027419 0.090601027
    0.908297658 0.602492869 0.0204053223 0.0406580865 0.0803718269
    0.0344761312 0.208073169 0.439398259 0.190405607 0.957468152
    0.318147838 0.939084768 0.384892195 0.0935405791 0.42773062
    0.010867238 0.504822373 0.934100866 0.982480407 0.48343119
    0.535409749 0.748670399 0.528660476 0.341077507 0.373969823
    0.0394165218 0.60114032 0.797153592 0.873775005 0.245415062
    0.090577513 0.867203295 0.421117604 0.728913367 0.111872673
    0.788011909 0.970044374 0.0598876774 0.976983488 0.945261657
    0.208627969 0.724128485 0.830432892 0.170697063 0.911586285
    0.212252796 0.815769434 0.00118207932 0.761470079 0.501753867
    0.61919409 0.689105749 0.485851794 0.736868024 0.459508598
    0.232671022 0.971552014 0.261017144 0.0150672197 0.761857748
    0.305986762 0.791027486 0.722861409 0.71931231 0.807527661
    0.712892294 0.999337971 0.527803361 0.0563591719 0.797061563
    0.770878434 0.27812171 0.850836635 0.132741481 0.297766268
    0.246176362 0.582585394 0.116775721 0.990686178 0.00896760821
    0.0897666216 0.0369240344 0.469600201 0.970028758 0.911571383
    0.631227255 0.227045 0.801505327 0.0277889669 0.277894199
    0.538905084 0.051353991 0.191478729 0.308236122 0.202720225
    0.526857316 0.0246293247 0.32156083 0.0785577297 0.962531209
    0.794879973 0.81664449 0.353849471 0.708577991 0.986768007
    0.845102906 0.788643837 0.303729057 0.520618737 0.935126007
    0.795202494 0.730619431 0.0995417833 0.344849408 0.531253457
    0.811156273 0.740465999 0.748233199 0.878858805 0.679823458
    0.207590729 0.222483844 0.305541337 0.58229661 0.287355185
    0.740667939 0.152195454 0.0649153888 0.424541891 0.0964859128
    0.255251884 0.245708972 0.825885117 0.485476047 0.937515855
    0.8436324 0.685754418 0.774481952 0.407638073 0.538314402
    0.504806042 0.057392329 0.270712495 0.134438366 0.711478889
    0.706368804 0.319088042 0.9304654 0.567429066 0.510323048
    0.0977976322 0.866118252 0.875901103 0.774442792 0.190780252
    0.511197388 0.758955121 0.49181658 0.130779535 0.148613453
    0.768843055 0.340738326 0.701667428 0.77741158 0.0886962414
    0.959672093 0.0254765749 0.200929105 0.965689659 0.746971965
    0.196797997 0.566153705 0.618390203 0.421836674 0.591943324
    0.447833151 0.616357446 0.504144073 0.171084374 0.230088413
    0.367029309 0.00815141201 0.664129376 0.323025525 0.372077554
    0.428181618 0.359986693 0.524313629 0.204564899 0.830202937
    0.134362727 0.31586948 0.0177824497 0.21100983 0.246325433
    0.818374276 0.477452666 0.309594035 0.598069966 0.677066028
    0.325208694 0.230021358 0.689022064 0.0740763843 0.262618273
    0.222529352 0.0412327945 0.533380389 0.810084283 0.384847522
    0.144926459 0.3044945 0.246361911 0.896841407 0.68759793 0.606401742
    0.104799151 0.912931085 0.554370582 0.721720219 0.967606664
    0.665687323 0.671513736 0.401454121 0.971654296 0.768384993
    0.1143291 0.666576207 0.738994002 0.994710267 0.442308247
    0.0975843966 0.206044078 0.10437122 0.511064231 0.860114753
    0.644521713 0.0727393627 0.704605699 0.57373935 0.83071965
    0.860013664 0.108658493 0.605362177 0.186975747 0.335248768
    0.660807073 0.541761577 0.55422473 0.289406121 0.220951796
    0.890270233 0.998552918 0.6751616 0.879630625 0.692921877
    0.121535331 0.763265848 0.612964869 0.234880686 0.935986996
    0.745891035 0.12714988 0.668936908 0.301532358 0.532503903
    0.698363066 0.210976452 0.00458496809 0.6147421 0.428634942
    0.783819973 0.831610203 0.374778807 0.196066827 0.896345139
    0.812007308 0.429159224 0.759651184 0.308454633 0.867836952
    0.0695347786 0.718040228 0.550542355 0.332685173 0.52443701
    0.0521451831 0.763302803 0.518336058 0.856732607 0.43624568
    0.288243204 0.208517492 0.484980136 0.567685425 0.939778566
    0.0797864795 0.392646909 0.616481781 0.288366973 0.0504830778
    0.43195805 0.0162245631 0.583069563 0.827537656 0.383087397
    0.4168154 0.31870383 0.437990248 0.826081634 0.172914952 0.350058943
    0.526723683 0.397894263 0.991377413 0.698471427 0.437721103
    0.648931503 0.712551594 0.5645051 0.641713381 0.566591084
    0.641295433 0.969582677 0.641110361 0.638466835 0.795426369
    0.298454225 0.928345203 0.326282859 0.840006292 0.191653907
    0.694488645 0.699044228 0.786297441 0.825199962 0.547009945
    0.557581782 0.568956912 0.98122108 0.460410208 0.502751529
    0.136190295 0.754971862 0.24605602 0.687559724 0.652881384
    0.933887243 0.919165254 0.311882317 0.342801929 0.987761557
    0.483138204 0.589065909 0.170231998 0.103841454 0.12545523
    0.904344857 0.39544034 0.185889751 0.617786407 0.485677153
    0.971842408 0.0477327406 0.554618597 0.773310423 0.299364239
    0.00307247043 0.0252613127 0.74379909 0.66150105 0.892741501
    0.221177936 0.0992204547 0.738581777 0.102109313 0.304556429
    0.162237644 0.489435494 0.591669738 0.917745292 0.467948109
    0.499748111 0.272028476 0.401160061 0.477404416 0.923035979
    0.637217999 0.973011374 0.254899323 0.0271234214 0.0513543785
    0.939230561 0.975897789 0.249557793 0.69155401 0.107050151
    0.31386286 0.246308595 0.938091278 0.414677858 0.369403124
    0.453279555 0.791535616 0.9073385 0.549204886 0.963324904
    0.0924693644 0.0914248228 0.942297697 0.21254155 0.974133074
    0.250399888 0.488075554 0.443385333 0.67928791 0.148203313
    0.985878646 0.877510548 0.238019466 0.284022748 0.39320612
    0.633681834 0.802069902 0.648174167 0.416451186 0.737699091
    0.170876294 0.128199428 0.429446757 0.691650331 0.712609172
    0.698807895 0.0481748879 0.871409595 0.9230268 0.676815093
    0.617761493 0.219262034 0.881772161 0.994079947 0.220814586
    0.646202385 0.352394462 0.531681299 0.15586713 0.754135728
    0.497274667 0.956142426 0.875266135 0.70207715 0.456092238
    0.28565371 0.184093326 0.126946002 0.496864498 0.393805563
    0.974275708 0.582800865 0.463208288 0.440998018 0.0333073437
    0.242382169 0.570425868 0.0493681431 0.403993785 0.808611155
    0.853386521 0.642528415 0.175743908 0.270845652 0.185385138
    0.726895332 0.905639648 0.00751417875 0.466362774 0.46013692
    0.917079329 0.333300591 0.703309953 0.535726905 0.1644198
    0.443907499 0.840514541 0.57136178 0.00642296672 0.599482238
    0.162087739 0.110841453 0.362930506 0.906379938 0.966813087
    0.500773728 0.385287583 0.0645296574 0.882028341 0.351002336
    0.94037056 0.95771879 0.437599659 0.34397617 0.201386034 0.232518047
    0.544592738 0.126525462 0.140817672 0.836290061 0.851514399
    0.130847245 0.80761081 0.792102098 0.857942045 0.432801962
    0.180366307 0.655574322 0.628100634 0.857628822 0.111673176
    0.452220738 0.48133567 0.305187464 0.683497906 0.237829894
    0.920733333 0.382084042 0.843335092 0.698559463 0.308857024
    0.754450977 0.655595899 0.183195204 0.60300231 0.504722714
    0.756399035 0.258073747 0.882822037 0.0420946181 0.11018309
    0.75054431 0.0197448432 0.260280788 0.394982308 0.388061047
    0.813712716 0.682772219 0.052983284 0.885952234 0.552146077
    0.46588701 0.663998067 0.748068869 0.643675148 0.834404469
    0.87485379 0.351377606 0.640965044 0.802034318 0.529572725
    0.0164475143 0.11664927 0.420969784 0.302162141 0.667815149
    0.36475265 0.337961912 0.291777909 0.128671557 0.188349783
    0.996452212 0.19242236 0.636977792 0.117020309 0.879098356
    0.856970251 0.565795362 0.806256652 0.27099666 0.620796919
    0.357575417 0.371004343 0.239414096 0.223570436 0.750307202
    0.194104165 0.760114312 0.307554662 0.0965338945 0.251825571
    0.0726267099 0.593345642 0.60141772 0.50679177 0.379524708
    0.869404435 0.503774524 0.293957472 0.766427636 0.388621628
    0.111263841 0.810570121 0.929044366 0.291712612 0.967424989
    0.785016596 0.272052646 0.173787624 0.632387996 0.34043169
    0.0697597563 0.730985522 0.456979126 0.310186148 0.802761316
    0.909465373 0.905992508 0.186316282 0.517770171 0.987908483
    0.602701902 0.839226604 0.414669484 0.18153882 0.73219353
    0.0168169737 0.485525399 0.108627111 0.361388832 0.479983836
    0.719506025 0.473848879 0.857369781 0.266589433 0.753821492
    0.688843429 0.175484389 0.366870046 0.325784236 0.106268048
    0.707110286 0.7576226 0.0791018307 0.162128896 0.667629302
    0.53045404 0.459670544 0.410471737 0.256671399 0.74831599
    0.0281814337 0.823477626 0.654688179 0.868445933 0.673086524
    0.2721138 0.529230177 0.849276781 0.345640749 0.708084524
    0.422690004 0.547037959 0.452750176 0.103882194 0.486666232
    0.229641289 0.657409251 0.591114402 0.570457339 0.489026785
    0.494053006 0.405039132 0.00827139616 0.797342181 0.504318416
    0.561499417 0.342358291 0.943330705 0.455950141 0.410391033
    0.298099577 0.971642554 0.256714642 0.566502452 0.590171397
    0.333442003 0.558542252 0.20637995 0.260931849 0.0748304725
    0.573135257 0.744351506 0.116741419 0.772694528 0.103425801
    0.614486396 0.722469032 0.110383183 0.651137114 0.82518512
    0.367961884 0.039157927 0.0872878432 0.765722632 0.394203901
    0.0684936941 0.195399195 0.629683256 0.87901628 0.341504335
    0.934677601 0.551566243 0.929817975 0.61188823 0.698577106
    0.830398798 0.0899162292 0.957883716 0.673939645 0.843531251
    0.732396305 0.191218466 0.559975266 0.503202975 0.986430287
    0.836672306 0.13954407 0.188542873 0.124618977 0.967007041
    0.599324882 0.841766715 0.347304076 0.57696718 0.223010182
    0.623910427 0.0789164901 0.225954741 0.925800681 0.305472583
    0.3794415 0.198010087 0.836787939 0.878712118 0.256457329
    0.0186534822 0.739881575 0.180750072 0.0993672311 0.0342667401
    0.63384521 0.563839436 0.615956247 0.896761775 0.792191029
    0.613932967 0.559294641 0.905684173 0.196903646 0.0238213539
    0.47068122 0.918004632 0.287490606 0.471943289 0.203505158
    0.152476221 0.190040439 0.363348365 0.937591374 0.0187395811
    0.399541199 0.311855435 0.138123155 0.450793117 0.208617151
    0.213484079 0.942160487 0.161239982 0.907119155 0.781335831
    0.624506593 0.559550226 0.674311817 0.778553486 0.0132250488
    0.629884303 0.721827984 0.979818463 0.452444971 0.662327647
    0.727656186 0.165995449 0.612395406 0.496767282 0.657460928
    0.671731591 0.481812149 0.176981866 0.837857246 0.104061037
    0.767861545 0.409848511 0.295843184 0.699418664 0.183893114
    0.821096182 0.450440437 0.763375878 0.0732463896 0.377004534
    0.21714437 0.373003274 0.212014854 0.248815417 0.244933069
    0.0755706131 0.222571045 0.667850494 0.447756141 0.149746627
    0.448985577 0.203609914 0.478306353 0.762361348 0.525291026
    0.728137851 0.98740232 0.483779699 0.043489635 0.400646985
    0.963753819 0.318734765 0.44238919 0.0839675069 0.106116295
    0.494331717 0.927397847 0.358112901 0.535615623 0.0976303816
    0.960363746 0.302733123 0.727636158 0.500890672 0.37692067
    0.949490845 0.038759768 0.406434476 0.544781685 0.811913013
    0.463359237 0.752363741 0.931784034 0.389524698 0.945098996
    0.560945034 0.0389307141 0.160697877 0.187209129 0.945717573
    0.828066111 0.425678164 0.569941878 0.5233742 0.484334737
    0.352191925 0.647643387 0.728869259 0.95512104 0.50120163
    0.655453086 0.73467809 0.581223786 0.453383327 0.109474093
    0.888305545 0.724557877 0.206757009 0.950629294 0.885672688
    0.0624656975 0.941101968 0.800872087 0.162390471 0.132014662
    0.516907513 0.562559009 0.297923505 0.663849592 0.925691366
    0.19797191 0.743228793 0.22518295 0.458427072 0.731054962
    0.353559852 0.149656236 0.256383449 0.649585724 0.668766141
    0.176321328 0.0299640894 0.85011214 0.799493134 0.433107227
    0.0501570106 0.83736819 0.171017677 0.33318615 0.9733181
    0.0443819165 0.522372067 0.747460485 0.0463595986 0.773562312
    0.245649308 0.959117532 0.370223075 0.918690205 0.292473733
    0.748331904 0.449309796 0.086191535 0.966646969 0.90426302
    0.218589246 0.653656244 0.464809835 0.500395417 0.590025008
    0.729584336 0.174432009 0.783943057 0.768897057 0.951145649
    0.737442851 0.263240695 0.539896309 0.647165954 0.804418683
    0.386866748 0.707113028 0.480118036 0.0534852445 0.408129364
    0.874499083 0.407903522 0.615896821 0.85511744 0.903199613
    0.196559489 0.624886036 0.699939013 0.580854356 0.0696152151
    0.21992448 0.838142872 0.488339961 0.147365242 0.108824015
    0.604134202 0.87420243 0.96723175 0.311070919 0.623880744
    0.00845134258 0.315634251 0.963611722 0.732741892 0.134571552
    0.977903962 0.808787823 0.920031786 0.654914975 0.888996363
    0.0259897709 0.404828608 0.799658895 0.955448151 0.976334751
    0.850299716 0.0854544938 0.44553858 0.566691458 0.779214442
    0.540435731 0.823715687 0.420111239 0.851280987 0.258305788
    0.597468197 0.0485192239 0.187696099 0.315935493 0.654726446
    0.67244041 0.999421597 0.395822793 0.703577638 0.562647343
    0.159626782 0.777578831 0.830469012 0.0894415379 0.727837682
    0.628145456 0.734297752 0.983801663 0.465106755 0.356198251
    0.852375925 0.729839504 0.573105395 0.449900359 0.670132935
    0.996530175 0.619095564 0.907504797 0.377532214 0.497531444
    0.546350777 0.551888287 0.636763752 0.133802533 0.648284554
    0.0616086125 0.701254249 0.505456865 0.630323231 0.499555349
    0.0397550166 0.23358348 0.175212562 0.781510592 0.827952385
    0.322028697 0.0693422854 0.580140829 0.926826358 0.674113929
    0.264577419 0.725705206 0.840759158 0.262344122 0.501297116
    0.105060041 0.274450481 0.745713115 0.110273898 0.508942842
    0.327205181 0.263556033 0.793995142 0.747277141 0.408343077
    0.729231358 0.434705168 0.569986761 0.249876887 0.548293531
    0.446508229 0.537628651 0.726900041 0.232635528 0.479260802
    0.235924929 0.146831363 0.731256664 0.735961735 0.0759509802
    0.062366724 0.645128906 0.559423447 0.313763082 0.104088873
    0.497481287 0.28567034 0.307350218 0.384377569 0.204081297
    0.115672886 0.768335342 0.542804241 0.102350384 0.34168148
    0.365650833 0.514050305 0.414429545 0.376684308 0.777510822
    0.312375307 0.603025556 0.649501801 0.559483171 0.717000604
    0.417625934 0.152879506 0.783726454 0.711291313 0.392372131
    0.8332057 0.103577226 0.65301609 0.0772797465 0.749930859
    0.761996448 0.40666467 0.736754954 0.979594409 0.750134945
    0.678653002 0.561884344 0.390199751 0.535620689 0.539229035
    0.37071678 0.544583023 0.8430354 0.293379664 0.415857345 0.991231203
    0.676690578 0.407511204 0.234617203 0.532112837 0.583819449
    0.264185905 0.699834585 0.458794981 0.958949089 0.0559236407
    0.419905096 0.522702038 0.669004202 0.319957793 0.126259625
    0.513320029 0.88696456 0.0783576667 0.939551473 0.439664066
    0.428525627 0.842985749 0.52888453 0.572613001 0.578425825
    0.499788642 0.325242877 0.453236848 0.219291031 0.880553484
    0.315562904 0.762609601 0.307045758 0.595514059 0.305734128
    0.276535392 0.126401186 0.715371788 0.696748555 0.934543729
    0.958998859 0.907357693 0.774174571 0.663154483 0.0014372468
    0.187713474 0.627488017 0.550376713 0.120391339 0.253409028
    0.939010024 0.48770076 0.839340091 0.718734145 0.942999065
    0.782835186 0.917957902 0.135455281 0.909816265 0.696015 0.366927922
    0.495232731 0.676155448 0.417010546 0.65723604 0.959564984
    0.814375401 0.928622127 0.47246629 0.738492846 0.668706596
    0.936125517 0.932963729 0.923617423 0.919000685 0.451964498
    0.266710877 0.219205081 0.348483443 0.179306448 0.726873398
    0.11623174 0.363881052 0.105944544 0.596890092 0.62447089
    0.644695282 0.295187712 0.709173679 0.887590826 0.0353565514
    0.576449931 0.0235839784 0.873755038 0.15459913 0.692553461
    0.0946307778 0.149696678 0.429891944 0.105607301 0.286040872
    0.646804452 0.320659131 0.48933661 0.453179598 0.676312387
    0.680829048 0.0510663688 0.479722172 0.401828945 0.939013124
    0.845537663 0.10940817 0.205512196 0.00726550817 0.0520634353
    0.246954709 0.843852043 0.533257604 0.702528775 0.0152897537
    0.592189789 0.628923178 0.898114324 0.819383264 0.956040084
    0.745729864 0.653717816 0.178547591 0.489491582 0.15085271
    0.596306503 0.731856763 0.5411461 0.733111024 0.84163034 0.505305648
    0.111463636 0.744821072 0.57084775 0.238627583 0.660838544
    0.908272028 0.441728532 0.626166105 0.202448189 0.766093969
    0.446206123 0.397665471 0.419734299 0.189314783 0.216418117
    0.764430225 0.2756477 0.655999243 0.260361761 0.322082281
    0.628608465 0.615075767 0.339009225 0.628011405 0.762881279
    0.435730547 0.817072034 0.074662745 0.836583853 0.774659991
    0.515330851 0.568125427 0.120177627 0.180186152 0.240287662
    0.664369702 0.0763915479 0.772041619 0.950912476 0.893878043
    0.772754371 0.0574026108 0.9106282 0.191679329 0.880629659
    0.783824921 0.518301487 0.929970801 0.437428445 0.859823585
    0.812880039 0.400363475 0.219753563 0.455130458 0.281837612
    0.282548159 0.69150573 0.214289725 0.0418198407 0.851587832
    0.923893809 0.164010435 0.633473277 0.605718136 0.603399515
    0.623505592 0.0802534223 0.853539228 0.971046925 0.540808439
    0.706883669 0.632172942 0.501337528 0.277287424 0.862746716
    0.488359571 0.179015994 0.0715340376 0.82351315 0.967795491
    0.872766912 0.336321652 0.551003575 0.717774689 0.510676265
    0.00419396162 0.0414150357 0.616103232 0.0735171139 0.460268199
    0.673420668 0.681198955 0.837431908 0.893278718 0.388451815
    0.354150802 0.180721968 0.977572441 0.828136325 0.229406029
    0.236827523 0.083717525 0.0888258219 0.153551102 0.231372774
    0.80173564 0.0790672004 0.618965805 0.257030249 0.444883347
    0.53779757 0.0744049549 0.191098899 0.620023966 0.97216332
    0.58931601 0.563935459 0.312962055 0.846148372 0.0388398468
    0.872645199 0.855103612 0.161394835 0.555310428 0.347844541
    0.397986352 0.546613455 0.528644562 0.124126136 0.884298325
    0.626962841 0.728588521 0.83346808 0.477521449 0.0610295534
    0.688686907 0.598530233 0.927092969 0.137443841 0.759153783
    0.702900648 0.97782433 0.352366775 0.930934548 0.0461502671
    0.0600111783 0.422053128 0.86651814 0.707169414 0.421136796
    0.726483941 0.256959707 0.658746362 0.232663363 0.286284745
    0.118944943 0.187907368 0.260957778 0.42929551 0.645253539
    0.749408901 0.702970982 0.358888984 0.289397597 0.410038173
    0.0729286969 0.509873271 0.707340598 0.134853691 0.749116838
    0.157008499 0.0489880145 0.720059574 0.86271435 0.467558891
    0.798601985 0.180855244 0.235633343 0.693763375 0.761996746
    0.0734119415 0.340723008 0.272356272 0.192056596 0.59978652
    0.702569842 0.343843669 0.851463437 0.953738749 0.809660614
    0.514216661 0.576675534 0.611506402 0.742470145 0.90154469
    0.460576117 0.300132781 0.468988508 0.391948938 0.753059149
    0.607107401 0.531853974 0.896150351 0.419506192 0.906801939
    0.939697742 0.963134289 0.995184422 0.176805735 0.753188729
    0.874040365 0.842918873 0.996721804 0.443606734 0.628632665
    0.315759361 0.169376314 0.101453781 0.380522817 0.109363437
    0.594609261 0.140212387 0.650455892 0.584612072 0.3319453
    0.493943214 0.862206757 0.522599161 0.216264784 0.882251859
    0.592138708 0.939064503 0.221967191 0.562369943 0.0981615782
    0.0354426205 0.261649549 0.107819766 0.639857292 0.617579877
    0.944406748 0.552258968 0.486377239 0.577724099 0.211483747
    0.769609451 0.741630495 0.738202393 0.474522084 0.663105488
    0.118343502 0.973606825 0.603237569 0.991291225 0.953667164
    0.234571964 0.857683063 0.0156232715 0.640860617 0.400001734
    0.368686497 0.0625840425 0.484058857 0.198212743 0.976818919
    0.441418469 0.225640625 0.247071654 0.722268105 0.0158526301
    0.0202432573 0.474806637 0.516853511 0.260039508 0.509565055
    0.643300653 0.630579174 0.334809929 0.46481058 0.770791411
    0.844354391 0.400308341 0.0952177346 0.823762953 0.794023573
    0.912895799 0.245571464 0.570731878 0.588132203 0.401579112
    0.693784952 0.462395281 0.550661266 0.116587073 0.625125051
    0.459740609 0.137954444 0.627212048 0.814579129 0.792298675
    0.641564012 0.353345931 0.0136397779 0.0845262408 0.73997128
    0.643832803 0.441530973 0.287394702 0.00851997733 0.802960753
    0.436929792 0.426262468 0.825527072 0.906525135 0.852308035
    0.118309796 0.834979177 0.94883585 0.00888699293 0.314213127
    0.53481245 0.183129013 0.0353690684 0.921314716 0.476008207
    0.860486507 0.228868335 0.108990848 0.364072382 0.307211936
    0.197912812 0.91636765 0.854746819 0.433474243 0.760931551
    0.84170413 0.0968467593 0.993357182 0.489035219 0.273359716
    0.128208548 0.290587485 0.70032382 0.974702001 0.322788835
    0.763696134 0.0873456299 0.188223749 0.731458783 0.252459139
    0.99898845 0.459570378 0.613258004 0.239649951 0.380749583
    0.28541556 0.925853312 0.811946332 0.398820102 0.344181478
    0.734923184 0.310535848 0.0115515888 0.510525763 0.785042644
    0.698581338 0.243147969 0.92868346 0.0351546109 0.821521163
    0.973880768 0.0292727351 0.199274808 0.573739469 0.655540407
    0.458117664 0.498557746 0.131069094 0.444703013 0.0755140185
    0.831519186 0.0527200699 0.453914523 0.160917193 0.228139967
    0.033034116 0.771207154 0.892915785 0.354765654 0.445929289
    0.120662659 0.704172492 0.268243998 0.720105171 0.463514805
    0.792502284 0.942673445 0.699907601 0.766598105 0.747445822
    0.645581067 0.674825251 0.0333176851 0.671520233 0.598150253
    0.85341382 0.657147288 0.427748621 0.605983436 0.040035069
    0.40656203 0.420646012 0.957180679 0.922044158 0.469967991
    0.280444562 0.18348664 0.176906586 0.188222766 0.944137394
    0.452659905 0.187071502 0.0237787664 0.123439401 0.402124107
    0.462102592 0.948736668 0.720815539 0.837124646 0.92577827
    0.555069268 0.250440121 0.58111918 0.287015498 0.15563494
    0.729471087 0.299085975 0.230091393 0.810837388 0.792137802
    0.446987301 0.777205229 0.572770119 0.871982336 0.694131553
    0.197676957 0.853165507 0.535200715 0.99751842 0.721361995
    0.108455747 0.604674757 0.524414599 0.370516151 0.757454753
    0.857170343 0.929584146 0.284081697 0.916860521 0.813073158
    0.788615406 0.772091985 0.773577094 0.841296434 0.547699392
    0.591555119 0.8298949 0.00829982758 0.286618143 0.605873227
    0.926842928 0.0453837812 0.434890747 0.795295179 0.0606112182
    0.999017954 0.0196871459 0.971036732 0.0862592161 0.779427588
    0.451349229 0.743908703 0.902739823 0.277992547 0.934218526
    0.346347779 0.0925421119 0.937255025 0.186195821 0.988371015
    0.759610653 0.937603831 0.0878673494 0.37125653 0.597824514
    0.038377136 0.808935285 0.311097622 0.485579878 0.280976057
    0.882133007 0.416448146 0.972658396 0.0882667303 0.937902927
    0.0417084396 0.416880548 0.832538247 0.107143372 0.309732765
    0.690279543 0.784500122 0.720251203 0.659541249 0.741086066
    0.644980788 0.795445919 0.120848656 0.90771687 0.992638767
    0.221128643 0.276707202 0.767008424 0.881266594 0.249735504
    0.805715799 0.291232556 0.121958345 0.323357731 0.810034871
    0.549267471 0.0688332021 0.42977351 0.853092432 0.0754490197
    0.941112816 0.907848835 0.383809209 0.81047368 0.543560922
    0.155815244 0.862806857 0.383670062 0.0364979804 0.752506256
    0.756642103 0.958860636 0.900984824 0.337586462 0.0579090416
    0.0509181917 0.390285641 0.110093772 0.932353795 0.0155844986
    0.645571828 0.676537573 0.105642021 0.998040318 0.0600144863
    0.0252917111 0.290196896 0.862147868 0.782832444 0.752554655
    0.258388102 0.68578434 0.806813598 0.582861125 0.354889512
    0.305657983 0.333509237 0.640944302 0.680080056 0.920267224
    0.210334659 0.286713541 0.335132718 0.400113732 0.293001205
    0.57768923 0.509504855 0.839364648 0.26526016 0.199503452
    0.433533996 0.714238524 0.526292503 0.426641971 0.98971194
    0.180670291 0.952667594 0.482620299 0.903504252 0.705046892
    0.485084414 0.717923701 0.702098906 0.433725774 0.0213387609
    0.94948405 0.889603138 0.178466767 0.571555436 0.923807323
    0.771737576 0.98266387 0.940598726 0.131520659 0.486319065
    0.143218607 0.475637645 0.562178493 0.944814801 0.848402977
    0.340354145 0.355148256 0.499025941 0.36390692 0.179964364
    0.259020388 0.816866636 0.717156053 0.966724992 0.870611906
    0.690535903 0.940903902 0.253222972 0.592843056 0.491620451
    0.739696383 0.114777923 0.921786964 0.692556262 0.293654829
    0.188850939 0.868916512 0.636601388 0.751987219 0.463733375
    0.366202861 0.917984307 0.113604873 0.379020065 0.38227284
    0.970818102 0.343312263 0.559229791 0.27867043 0.97712028
    0.287013948 0.795079947 0.878916621 0.624848843 0.643486142
    0.137612551 0.330659926 0.550233126 0.567507267 0.909140348
    0.458367169 0.856140614 0.807518005 0.547201037 0.304062515
    0.482187927 0.0276527703 0.343648553 0.814209819 0.938335419
    0.613571763 0.216921896 0.32735765 0.780512154 0.315754741
    0.581513524 0.504808366 0.574180186 0.13594988 0.503950536
    0.307940662 0.430072367 0.152300268 0.479218602 0.034735322
    0.24513939 0.527269065 0.609715044 0.783901811 0.392116517
    0.896970391 0.0424331129 0.847878933 0.825264454 0.151906431
    0.447900087 0.645035088 0.322192729 0.0592365861 0.516107261
    0.780308664 0.386745691 0.890898705 0.723056912 0.173095524
    0.6426121 0.606332779 0.761255205 0.504962146 0.569291472
    0.583452523 0.0440669358 0.918131351 0.858662128 0.90490067
    0.508613527 0.502953827 0.641698241 0.467835337 0.0366775393
    0.471538246 0.480535358 0.218567491 0.321189463 0.777196407
    0.477478713 0.170205444 0.0812972784 0.719738722 0.583606124
    0.356133103 0.213927597 0.879159451 0.505774379 0.674032331
    0.495408028 0.756206334 0.166144639 0.365028501 0.950967014
    0.727295041 0.298920274 0.186331958 0.413917005 0.146048516
    0.829950333 0.785666049 0.800190091 0.55358088 0.998673439
    0.49377346 0.391702116 0.142768532 0.325777948 0.404571146
    0.835265994 0.276898682 0.551239371 0.340150476 0.758551955
    0.738605678 0.363508731 0.287312508 0.544842064 0.789435029
    0.875634909 0.563859999 0.72771126 0.401253045 0.244936287
    0.0785848498 0.578101575 0.868008375 0.261201978 0.890408874
    0.357740462 0.645614922 0.0879560709 0.192524493 0.360881567
    0.68266952 0.993179739 0.720479071 0.87630707 0.405084878
    0.506609678 0.362289429 0.297416449 0.306845009 0.242500693
    0.62278223 0.552816212 0.760775924 0.372688413 0.433507085
    0.058921814 0.445515633 0.0300178528 0.603583574 0.668706775
    0.430324554 0.303121328 0.0162066519 0.233870983 0.232001424
    0.430434734 0.849297881 0.291664481 0.193349004 0.86161834
    0.751747131 0.300185323 0.288332701 0.765253544 0.605633974
    0.870046735 0.186029226 0.412407815 0.666212678 0.884689569
    0.159086227 0.0166759789 0.372975558 0.639045596 0.687448859
    0.278756976 0.533686817 0.340940118 0.317621887 0.654031038
    0.0452931523 0.777169883 0.871642053 0.835071921 0.47283259
    0.727386415 0.291879177 0.615106821 0.0732265413 0.444989681
    0.782655954 0.404375196 0.215748757 0.702986538 0.705876768
    0.149492592 0.284456968 0.170771986 0.653204918 0.133016855
    0.70728457 0.715242088 0.744847715 0.382855773 0.720439792
    0.175361782 0.800881267 0.551671624 0.26616478 0.486647666
    0.622123897 0.538476586 0.50580734 0.389008105 0.298185766
    0.685528159 0.213966757 0.904657245 0.178899139 0.377463937
    0.161504745 0.494663745 0.990692258 0.695023417 0.316081315
    0.791776836 0.227940738 0.356965184 0.617392838 0.652743459
    0.426100135 0.258720905 0.235605717 0.913520813 0.12336114
    0.765925407 0.0262133479 0.446724683 0.601801634 0.279714197
    0.40634194 0.552090526 0.502846003 0.253003031 0.565623403
    0.791406989 0.564300001 0.314480215 0.682775617 0.862045288
    0.0636553168 0.682677329 0.169484198 0.289806306 0.143802643
    0.6233657 0.414870411 0.740739763 0.0967466235 0.433914661
    0.337386191 0.0163581073 0.187719226 0.113212824 0.472495794
    0.844677508 0.860756516 0.631214142 0.463081956 0.113178521
    0.758337021 0.689288855 0.230950892 0.28944239 0.99771297
    0.752496898 0.114257932 0.617163301 0.621455371 0.770001709
    0.17523092 0.655530334 0.228441268 0.276236296 0.873224497 0.8331936
    0.757630527 0.280902296 0.885545671 0.435061932 0.0632525086
    0.893697321 0.416648 0.144094139 0.537989974 0.565694928 0.100203425
    0.753461123 0.141137958 0.857342005 0.281484097 0.309889853
    0.150351793 0.914069295 0.0170629025 0.553864717 0.727786779
    0.0451512933 0.975503027 0.828641415 0.401599765 0.38835305
    0.807244062 0.680534959 0.433896601 0.758059859 0.938026488
    0.189628422 0.676244676 0.269151986 0.523377419 0.68244946
    0.173580796 0.931972623 0.0686850846 0.775093436 0.0827907026
    0.747911811 0.763449311 0.959457278 0.584711194 0.426927328
    0.817862749 0.0977708101 0.347765863 0.146029741 0.0131682158
    0.138495117 0.855417609 0.808166265 0.0182620585 0.133274943
    0.313924849 0.630825758 0.900240362 0.767236531 0.646831632
    0.847897053 0.593757093 0.151007831 0.0893390477 0.494577765
    0.235072911 0.561183929 0.506176949 0.355848908 0.981655836
    0.675383866 0.519949555 0.0428981483 0.176425815 0.6582551
    0.570791304 0.639826 0.920506716 0.558186293 0.170992762 0.68471396
    0.142569751 0.907252192 0.689392805 0.865306735 0.551564813
    0.49673745 0.248227715 0.559358358 0.756237626 0.224104762
    0.482907832 0.4623321 0.430664062 0.551731884 0.899997592
    0.920962095 0.756018639 0.478432596 0.483765423 0.0372318029
    0.208496451 0.261643946 0.967812121 0.225997984 0.940656424
    0.34991762 0.897680879 0.0274140239 0.327592909 0.318171471
    0.926944315 0.704186499 0.937787473 0.876743019 0.87174809
    0.812537372 0.0218247473 0.798518777 0.335016549 0.496705651
    0.304381251 0.105766267 0.64857471 0.227989674 0.744039237
    0.910737336 0.313731909 0.220579624 0.927680612 0.542903006
    0.632486641 0.578775764 0.82398206 0.670773327 0.80673337
    0.870064616 0.237901688 0.615712821 0.906434953 0.356312215
    0.913014293 0.457471222 0.106311768 0.695314467 0.697900176
    0.437070966 0.383069485 0.209589571 0.366588891 0.344329953
    0.64172399 0.522958457 0.324936062 0.112174094 0.383835912
    0.905353487 0.405254364 0.993841887 0.0364717841 0.0689115524
    0.591599286 0.416926891 0.818072438 0.647536695 0.996699333
    0.816220701 0.502874672 0.0633687377 0.575157523 0.656225681
    0.442994744 0.468031645 0.571874082 0.778953433 0.709944963
    0.49144274 0.438684374 0.233624935 0.438872278 0.953282356
    0.225792795 0.940146923 0.219483316 0.823511481 0.967681527
    0.481017172 0.939881563 0.796558738 0.0091727376 0.912877798
    0.646554887 0.933307409 0.57264173 0.137169898 0.361778438
    0.371867716 0.501935959 0.976721764 0.0496686697 0.583615363
    0.0252266228 0.747097135 0.836627245 0.930751562 0.550196648
    0.883057475 0.578970551 0.14714247 0.619731605 0.668773472
    0.545555651 0.397154361 0.909146249 0.44267118 0.4988859 0.85165751
    0.97074151 0.92892909 0.303144753 0.565533578 0.666392148
    0.782375276 0.372738689 0.67196703 0.515870154 0.523727477
    0.0437613428 0.328320026 0.653690755 0.574438691 0.990980148
    0.676089764 0.429413319 0.711574972 0.918301344 0.0353740752
    0.522553861 0.962151468 0.496603668 0.926649094 0.0651909411
    0.00605109334 0.875961006 0.208706617 0.373682767 0.384971589
    0.445255995 0.931043148 0.510730267 0.996680915 0.930692434
    0.291920841 0.614914536 0.118617147 0.500245929 0.174219459
    0.722703636 0.439628035 0.751686454 0.0410980582 0.667930067
    0.431400001 0.898670316 0.41277194 0.823261678 0.047691673
    0.629018903 0.872266769 0.506614923 0.451811194 0.267099142
    0.604334116 0.741678238 0.301850647 0.0861068666 0.0994631946
    0.76884973 0.082059145 0.580608189 0.678903818 0.165771455
    0.975476027 0.201846987 0.819031298 0.629777908 0.617880285
    0.829372287 0.639140308 0.149688929 0.345307499 0.791447461
    0.475763559 0.437964946 0.172904879 0.219304651 0.699917376
    0.974509478 0.865856707 0.538967907 0.418120265 0.28004548
    0.0841819942 0.105237842 0.959437668 0.211853147 0.852570355
    0.489244729 0.528190076 0.779135466 0.425184488 0.642844558
    0.721467495 0.178729892 0.733179629 0.513120174 0.591168046
    0.937889576 0.0395922065 0.386912078 0.451389015 0.516459882
    0.419531465 0.100491732 0.458641976 0.745525002 0.791055739
    0.969420731 0.889557183 0.927638173 0.928504646 0.398825526
    0.505405128 0.506790638 0.0657821298 0.469431818 0.330951154
    0.151722044 0.246191144 0.723860741 0.26329267 0.0149647295
    0.370718598 0.496630192 0.506385803 0.142645985 0.997784734
    0.151819915 0.158025473 0.561289132 0.608981073 0.778387666
    0.904884219 0.517094076 0.193101168 0.659903169 0.197386831
    0.17750603 0.758523047 0.58466202 0.840188861 0.882495821
    0.981412768 0.363517731 0.9111166 0.848141849 0.642503619
    0.226889879 0.874757707 0.257657766 0.355546057 0.0548413694
    0.433462054 0.988643885 0.596157551 0.198751152 0.609666049
    0.297443658 0.850274742 0.618072271 0.124545991 0.00821557641
    0.399026453 0.683670044 0.808317065 0.321226984 0.517237365
    0.931358576 0.698040187 0.321650982 0.263702124 0.881028652
    0.896015406 0.632701874 0.779129744 0.789408684 0.390223205
    0.0959573686 0.251156479 0.642417729 0.514780283 0.10083577
    0.850005746 0.197517633 0.368224382 0.304724574 0.0363703668
    0.646570802 0.527647555 0.233298719 0.14023146 0.0478156209
    0.499142051 0.156089425 0.165303141 0.156738102 0.860199094
    0.301898301 0.0414135754 0.745618701 0.408821613 0.592475533
    0.785147607 0.23568958 0.289385796 0.598564804 0.759091377
    0.843753278 0.414009988 0.258620203 0.988143206 0.0603699088
    0.576291561 0.224013835 0.496854573 0.504637241 0.343678474
    0.481591016 0.577549338 0.50296247 0.309106529 0.794899702
    0.628114998 0.14938882 0.52314806 0.966103554 0.515827477
    0.527140081 0.994493604 0.377185941 0.150450051 0.672257364
    0.476955086 0.706066847 0.0862976909 0.988761663 0.711287498
    0.896562278 0.335849553 0.236579239 0.577139378 0.116614074
    0.449786216 0.913209081 0.66057837 0.801037848 0.298743904
    0.413049966 0.226485819 0.561478198 0.167833656 0.405373842
    0.0261021852 0.735785306 0.815229177 0.98052752 0.750870824
    0.882347465 0.543469667 0.326677322 0.598973155 0.560168028
    0.893997014 0.704203606 0.0882586837 0.52211678 0.326217711
    0.0258311033 0.522693038 0.202009708 0.432365835 0.184157014
    0.864068747 0.156403422 0.659210443 0.138164908 0.142056197
    0.771271169 0.139685243 0.397123516 0.0771688223 0.344884038
    0.187682241 0.307716072 0.0563528538 0.366459846 0.737305641
    0.741247118 0.869472146 0.798002481 0.974811792 0.359117985
    0.881569088 0.0873425603 0.551539302 0.949771285 0.579793394
    0.429344475 0.330963045 0.238829911 0.257054389 0.596529186
    0.21743533 0.846899033 0.701098442 0.695809841 0.448652625
    0.37020126 0.162991703 0.276732326 0.771293879 0.574820995
    0.669237435 0.404151976 0.794883788 0.969810605 0.266709089
    0.29188472 0.435900748 0.79133141 0.719674468 0.804887652 0.49058643
    0.797194541 0.840230107 0.406288683 0.616997182 0.251557529
    0.247206569 0.655482948 0.905195415 0.961075008 0.362227738
    0.981118977 0.445745051 0.682590127 0.443348169 0.636961818
    0.694045901 0.769764304 0.58146894 0.312595487 0.639034927
    0.640051246 0.957728148 0.566112638 0.998717904 0.307407618
    0.608927131 0.603117466 0.291692615 0.246791124 0.980640352
    0.944794714 0.384020776 0.0236239135 0.612763345 0.365914404
    0.809218049 0.478655159 0.669006228 0.150055557 0.93750608
    0.00601026416 0.50613451 0.343058288 0.244218409 0.0509723127
    0.487778544 0.403499991 0.374362171 0.837171674 0.886230052
    0.976043046 0.550231457 0.317633748 0.827544689 0.956077695
    0.351764381 0.703571081 0.130627275 0.270360649 0.109483421
    0.946862817 0.870452642 0.769981146 0.26752317 0.79788959
    0.221316576 0.39130199 0.857170701 0.513723433 0.932578504
    0.243110538 0.84204042 0.849796295 0.100963563 0.585014224
    0.571496606 0.420473427 0.69308424 0.273341686 0.517760158
    0.231734008 0.249337554 0.220989585 0.590033412 0.219526023
    0.55784446 0.385242611 0.999097228 0.770891786 0.813749075
    0.728977799 0.852090359 0.297122896 0.416867733 0.360625565
    0.650872409 0.0342426002 0.433728278 0.0173814297 0.198160499
    0.376721948 0.474749595 0.722219825 0.588436186 0.845943213
    0.230039418 0.671866119 0.608914912 0.617473245 0.885212183
    0.925126672 0.693362117 0.278761655 0.0665913522 0.73533231
    0.632790327 0.0980295241 0.868706465 0.474489897 0.567500532
    0.342857838 0.425860286 0.0520809889 0.9971627 0.0322947502
    0.679183364 0.81184113 0.255314589 0.812166274 0.593276918
    0.952502847 0.314898312 0.794744968 0.66687119 0.824061871
    0.295911491 0.0354050994 0.40438807 0.00475004315 0.695664406
    0.653567374 0.840617299 0.587739944 0.839895129 0.118844658
    0.128729492 0.693348408 0.738368332 0.637461066 0.80086875
    0.397746325 0.21583423 0.338120788 0.623598993 0.576392055
    0.743628025 0.20629558 0.25841108 0.245056301 0.311638951
    0.750984132 0.659545898 0.171584904 0.551971376 0.375439763
    0.79672718 0.589805841 0.661658883 0.188046724 0.96152854
    0.781160951 0.80527854 0.951906204 0.967157245 0.638619423
    0.944687605 0.833687842 0.0871044397 0.142239243 0.661698341
    0.457209587 0.911094606 0.0606277883 0.915208459 0.213395774
    0.104092628 0.454175979 0.0560373366 0.146042526 0.387297392
    0.13568604 0.937286496 0.842992067 0.814791024 0.90675956
    0.429298788 0.89043963 0.618687928 0.10315612 0.114572883
    0.636291206 0.210362524 0.402597427 0.259950936 0.399227113
    0.399052382 0.0132632852 0.738403499 0.946441054 0.517767251
    0.290211082 0.0577122867 0.419389635 0.750828743 0.0176278949
    0.138878167 0.335319668 0.474719673 0.294197768 0.531711221
    0.971831024 0.197507471 0.390844882 0.770568132 0.790183425
    0.0244840086 0.098369807 0.217631072 0.285218954 0.102591336
    0.308185279 0.575042069 0.286148131 0.213586003 0.665433764
    0.959240198 0.654482722 0.202950984 0.64627403 0.501999259
    0.929418564 0.511018872 0.383544207 0.482465088 0.64951694
    0.640402079 0.705837786 0.0939220786 0.563490152 0.125278264
    0.634220839 0.753760219 0.32573992 0.509616613 0.307930678
    0.56872654 0.983523428 0.696546912 0.489748001 0.0906566978
    0.32121551 0.217251539 0.301988959 0.872340143 0.201845556
    0.139225185 0.553928554 0.458466589 0.911113381 0.477363199
    0.350126326 0.134378582 0.378805578 0.455844462 0.981823087
    0.49399209 0.0735669434 0.947265983 0.667901278 0.988137484
    0.655561566 0.455565959 0.132961333 0.236333817 0.774095178
    0.534411192 0.269263268 0.239683956 0.88184607 0.498951226
    0.227281123 0.982931912 0.648564756 0.936535478 0.6731866
    0.856235743 0.309814453 0.576261044 0.385994732 0.693434596
    0.450586498 0.0617712736 0.49537304 0.878268838 0.337837577
    0.680128098 0.588282824 0.292921275 0.540871501 0.0442948937
    0.477303743 0.856046677 0.449708253 0.974933505 0.990766406
    0.846880794 0.625329137 0.725728571 0.0410892069 0.812187314
    0.0962589681 0.482909083 0.90012002 0.465774536 0.438420296
    0.499095023 0.630124748 0.848385513 0.0353680551 0.14449358
    0.038695097 0.823012531 0.694848657 0.36209017 0.157840997
    0.305354714 0.964966536 0.993630648 0.155411273 0.518646896
    0.402677894 0.282517135 0.0810478926 0.244482845 0.173861891
    0.547403455 0.677191615 0.372748673 0.166267216 0.73788619
    0.76992023 0.354566157 0.228107452 0.152309775 0.564382315
    0.275137067 0.506148517 0.515985787 0.0516789854 0.657954931
    0.668636918 0.259746283 0.444325507 0.537995934 0.314503133
    0.738910794 0.630701303 0.833337247 0.401834011 0.724021673
    0.647474289 0.298367977 0.227274507 0.0620093048 0.664628983
    0.530872881 0.706629872 0.776169896 0.231119156 0.666007638
    0.373102039 0.806915224 0.691048682 0.540803194 0.828492105
    0.879701912 0.644705772 0.54044795 0.60304451 0.51886642
    0.0700095296 0.886971593 0.503132164 0.481935143 0.00756922364
    0.384229094 0.947710991 0.286340773 0.953347802 0.675588071
    0.906240582 0.671751738 0.289734185 0.453477919 0.0491058826
    0.0709986091 0.127679676 0.366699159 0.243907362 0.947381377
    0.374655366 0.155053705 0.0819820166 0.0711016059 0.173023552
    0.0866330862 0.653488874 0.122002423 0.234761745 0.183821201
    0.0307984948 0.0194084644 0.689564705 0.463136643 0.742330551
    0.0142442882 0.518548489 0.0493667424 0.383556783 0.551318288
    0.510141373 0.0504628122 0.762820303 0.334196836 0.576283336
    0.135027289 0.134885818 0.621593118 0.0927787721 0.987240374
    0.154583007 0.278365016 0.949064732 0.992975354 0.45685333
    0.417920232 0.38889724 0.669726551 0.282190442 0.308038414
    0.894163787 0.986527205 0.397509605 0.0327473283 0.312275767
    0.743915558 0.15293631 0.854352713 0.805009723 0.0216562152
    0.20365262 0.411642551 0.621908367 0.341503859 0.584052563
    0.823761821 0.590504408 0.953192472 0.315651357 0.639540792
    0.279009759 0.245444655 0.934213758 0.51306653 0.971927524
    0.143383831 0.399690747 0.736154318 0.640933335 0.994407177
    0.731541753 0.880035281 0.280796766 0.164741337 0.32431075
    0.717145681 0.586849868 0.661165476 0.114922792 0.438860536
    0.636705279 0.119051009 0.776024222 0.580036879 0.937121868
    0.843212008 0.87463975 0.516651988 0.403857797 0.0158998072
    0.751371622 0.71753335 0.878587782 0.729706526 0.738937736
    0.0732427537 0.702309728 0.22460717 0.0991964638 0.80903101
    0.384373009 0.355781376 0.78402698 0.483702093 0.768102884
    0.816361308 0.717765808 0.148071259 0.544569314 0.101281255
    0.296045214 0.352397084 0.447468549 0.391478837 0.628892541
    0.128361732 0.435026556 0.770462751 0.372278452 0.594968796
    0.519019783 0.178035587 0.643524945 0.68184787 0.724634767
    0.992330909 0.768260777 0.639769733 0.0996952057 0.682114303
    0.599131823 0.0259221792 0.127730787 0.281520575 0.802834034
    0.753757477 0.0375173986 0.263851881 0.379866153 0.524062634
    0.590280473 0.654309154 0.0314824581 0.257442951 0.0174277127
    0.866507173 0.907565236 0.293875277 0.314394504 0.182234138
    0.285338819 0.51666081 0.142823279 0.506716967 0.8265239 0.471748471
    0.642030478 0.345394075 0.246200144 0.483050138 0.881541789
    0.621414781 0.589756668 0.13071692 0.25703752 0.573570013
    0.679118931 0.221514702 0.556630015 0.163440347 0.149145186
    0.139327675 0.441260189 0.687879443 0.780561805 0.893352032
    0.0421654582 0.0361708403 0.411871642 0.735509574 0.524477184
    0.301574469 0.871085525 0.396797121 0.931240559 0.95601368
    0.893990278 0.445818484 0.648086071 0.296551764 0.971083462
    0.295336306 0.458943784 0.55974853 0.598313093 0.475007355
    0.79562515 0.566724837 0.20277518 0.191096097 0.743012011
    0.560793579 0.404863656 0.306335092 0.781377196 0.873751998
    0.804677725 0.0604997575 0.38117379 0.286619782 0.532994092
    0.681644559 0.554390252 0.964814186 0.207420707 0.0845471025
    0.437540293 0.338945657 0.474000692 0.199416071 0.80049032
    0.868470788 0.642452955 0.843615413 0.19560504 0.546984017
    0.361359328 0.340607822 0.267634064 0.685829282 0.843702555
    0.815508366 0.289461732 0.337006867 0.510615587 0.0912478864
    0.606320024 0.605189919 0.634969115 0.894814253 0.382931352
    0.28320387 0.419893533 0.919047832 0.607711315 0.54612875
    0.757530868 0.40070346 0.747737646 0.570023715 0.341054052
    0.314636976 0.0616953075 0.0332734287 0.290167958 0.447032928
    0.346177638 0.680320024 0.971870601 0.175272614 0.991729975
    0.826375246 0.685162187 0.463955164 0.154955894 0.880446553
    0.681798398 0.77937746 0.217704237 0.30465889 0.0277322233
    0.77267009 0.651157737 0.74572593 0.956242621 0.0952080786
    0.460833549 0.135374814 0.563224077 0.886521697 0.0907446444
    0.471060485 0.522248149 0.14956665 0.936588526 0.100138396
    0.432350308 0.128699422 0.958187938 0.915261745 0.864570677
    0.0342975557 0.870832682 0.888863802 0.50469768 0.585943997
    0.566186965 0.459479511 0.902156591 0.40023011 0.14013648
    0.379301012 0.856734693 0.880753398 0.576445818 0.124034166
    0.419943899 0.871099114 0.752199054 0.892494798 0.65654248
    0.348493904 0.451080084 0.902406693 0.852655768 0.0979340374
    0.659684658 0.93572855 0.785627663 0.657814264 0.968066931
    0.756672382 0.795127511 0.0126281381 0.855944514 0.479054213
    0.397279799 0.263756335 0.362395644 0.019418478 0.91158247
    0.673747241 0.683218837 0.191652864 0.692551315 0.489328772
    0.435453534 0.50623095 0.169681221 0.454452008 0.142299384
    0.335189313 0.117390215 0.678446412 0.900234342 0.649892628
    0.727233291 0.910841703 0.674705207 0.097332716 0.0392292738
    0.299514771 0.706408322 0.202823043 0.456833154 0.837414861
    0.472353339 0.800026715 0.414465547 0.448994666 0.12855354
    0.233718723 0.894625664 0.634288073 0.644126177 0.200769901
    0.728883326 0.167863846 0.556333601 0.253103018 0.308600545
    0.541864932 0.894141674 0.4440144 0.415665656 0.202458829
    0.941819072 0.658658504 0.533386827 0.878939509 0.666038334
    0.245316982 0.668475091 0.729913056 0.243465394 0.155354559
    0.863298357 0.40698728 0.695376277 0.449653238 0.614191175
    0.948034286 0.421816617 0.139627486 0.582613289 0.498901278
    0.444816113 0.231679887 0.445477217 0.737274826 0.473661214
    0.836790442 0.425628811 0.894600809 0.175439358 0.742439091
    0.23423332 0.188064247 0.161209881 0.529027522 0.763047457
    0.266710043 0.38684088 0.423640132 0.5748263 0.73167932 0.188352525
    0.0625438392 0.117939442 0.42359218 0.723531961 0.710232854
    0.0668582618 0.321784377 0.638798773 0.00214725733 0.330288649
    0.389028162 0.447053432 0.0723943412 0.524983585 0.432131737
    0.482419819 0.882923722 0.0048263669 0.885424912 0.429504365
    0.736812532 0.459349245 0.988195062 0.0616780519 0.791481376
    0.904248714 0.106057465 0.662076354 0.127830893 0.265090585
    0.403827578 0.206623554 0.162579656 0.999682367 0.927527547
    0.47847423 0.934592247 0.332066715 0.385670036 0.0222583115
    0.94829458 0.444863409 0.444832891 0.6680969 0.898156047 0.215136677
    0.3137694 0.83599335 0.200112611 0.298426241 0.403355509 0.54139626
    0.917432129 0.624503851 0.393880725 0.144211888 0.570010066
    0.389381677 0.285135329 0.697008729 0.921340466 0.813750982
    0.371598989 0.459814072 0.975046098 0.18259263 0.903122902
    0.449510962 0.932002902 0.059684366 0.722280145 0.458670288
    0.20176959 0.25640142 0.381297529 0.867892265 0.128892094
    0.0664215088 0.614355385 0.180328041 0.990372658 0.552684784
    0.421497315 0.396344334 0.140850335 0.270652056 0.294011652
    0.249885529 0.0925474763 0.764099479 0.622869194 0.919921041
    0.400326997 0.00129336119 0.970858812 0.115673274 0.818496943
    0.832264662 0.235404521 0.0741447806 0.40568161 0.563288808
    0.380746841 0.54186815 0.153074592 0.406776786 0.254607856
    0.232838243 0.670851111 0.118380874 0.865370393 0.495839328
    0.459871292 0.583644271 0.995940447 0.672460854 0.861790657
    0.316188097 0.477225214 0.0219623148 0.733643174 0.922352731
    0.861847281 0.238807946 0.408300757 0.345117807 0.646414518
    0.423123777 0.159163803 0.0369271934 0.599393427 0.53682071
    0.773539364 0.305836707 0.274488449 0.300043941 0.234001845
    0.216130584 0.75374794 0.0018646419 0.362911999 0.462448061
    0.81778419 0.33128947 0.500969112 0.690633595 0.318817377
    0.178997487 0.418124735 0.502016246 0.638319254 0.709108055
    0.157696545 0.0873715878 0.555005133 0.922295094 0.467931867
    0.0304711759 0.543296635 0.305698216 0.255218863 0.909369648
    0.0256191492 0.815569699 0.341560066 0.232381731 0.0142879784
    0.548765361 0.958141327 0.937117934 0.986398518 0.648729265
    0.877365351 0.53206718 0.99260211 0.912911236 0.294609725
    0.854397655 0.755665064 0.469810665 0.445332378 0.166327566
    0.961874187 0.291526675 0.351970613 0.468163908 0.858460724
    0.384080559 0.558894932 0.058853358 0.0117737949 0.24626258
    0.222906947 0.633783698 0.245385647 0.847835422 0.846486628
    0.0777565837 0.473776132 0.185274899 0.645184875 0.847229958
    0.702210307 0.427653372 0.190261126 0.145317227 0.780023694
    0.171950251 0.909198999 0.598947763 0.826362729 0.702243567
    0.085128814 0.446992964 0.826057732 0.53133142 0.295166314
    0.590600014 0.113777548 0.0400261283 0.72728318 0.171124071
    0.957033575 0.134776562 0.529188812 0.119846523 0.667226672
    0.641353607 0.183191746 0.83576262 0.137084156 0.0737939179
    0.842935264 0.707754552 0.467328101 0.619077861 0.554161191
    0.963913083 0.37022984 0.056787014 0.406948835 0.540528059
    0.728267312 0.558569968 0.208747149 0.587358475 0.0728551149
    0.621152461 0.492450833 0.580565989 0.0457646251 0.261879772
    0.368876338 0.489896446 0.766187847 0.794955373 0.694447398
    0.151415527 0.987981081 0.259591997 0.858159065 0.629131913
    0.0855883658 0.59408468 0.0669812858 0.689762712 0.598056674
    0.950945854 0.14435187 0.30630517 0.473991543 0.0991683304
    0.0904709101 0.126833528 0.324916542 0.0916604102 0.645305574
    0.0320365727 0.380825073 0.766627312 0.493917704 0.976356983
    0.425619543 0.527368605 0.892014802 0.745601773 0.764443398
    0.022975564 0.0516546965 0.311801374 0.769493222 0.438527912
    0.177493453 0.806275964 0.904479623 0.43556264 0.845536828
    0.910468221 0.65609479 0.845948815 0.904294491 0.867251158
    0.60901475 0.211481214 0.488053143 0.973735094 0.22692287
    0.182738245 0.984403133 0.454069257 0.422251582 0.85935396
    0.827118158 0.495784909 0.874250889 0.100428492 0.374422312
    0.500491321 0.0548540056 0.85362345 0.56596458 0.149189919
    0.902947545 0.696774602 0.232300162 0.814177394 0.341897786
    0.586064577 0.193368137 0.232617527 0.698657751 0.625550091
    0.755763888 0.318010509 0.652651668 0.700333536 0.869779348
    0.1329813 0.404638439 0.769019783 0.221591681 0.73045361 0.797134042
    0.995387316 0.532697797 0.678079367 0.520632923 0.806166291
    0.552573919 0.39480418 0.643495798 0.901400685 0.300411165
    0.791035712 0.0693045855 0.090357542 0.912301779 0.720809877
    0.856030107 0.784415901 0.529304802 0.228354931 0.922666669
    0.0213570297 0.465954512 0.442779273 0.614861012 0.920322299
    0.783333242 0.427487612 0.256225228 0.893215418 0.415465415
    0.143619359 0.178919643 0.967662573 0.389443398 0.126921654
    0.882477999 0.409945726 0.279635727 0.280644268 0.935139358
    0.23665145 0.372624218 0.920259595 0.764511824 0.235540628
    0.111556023 0.999045491 0.0695750713 0.380317867 0.295097679
    0.779947281 0.915239811 0.177420288 0.729803264 0.226695031
    0.113484532 0.551975906 0.53275609 0.252335131 0.964995384
    0.205643684 0.265478015 0.156497717 0.032733351 0.196894586
    0.755334079 0.638243556 0.436549962 0.827845573 0.193909347
    0.0236652493 0.324149787 0.0133112073 0.919855237 0.602088153
    0.00453650951 0.995335937 0.930270433 0.972239733 0.651509047
    0.44538942 0.877184927 0.92550081 0.869664311 0.407169163 0.38723135
    0.678541183 0.187578619 0.0172858238 0.0420258939 0.0858274996
    0.35531652 0.0290470421 0.558713377 0.60269618 0.141483635
    0.33341825 0.329728365 0.829241276 0.850785851 0.680128932
    0.248003542 0.46396789 0.56374526 0.388126343 0.258888304
    0.507816613 0.519905925 0.963341653 0.213087052 0.803312778
    0.0528012514 0.392648876 0.218190849 0.527999222 0.442925841
    0.384224683 0.290714324 0.823007941 0.811084628 0.159953684
    0.947364092 0.246209353 0.471836388 0.205766201 0.920290232
    0.957832932 0.766673505 0.674755812 0.176817894 0.167191893
    0.73724854 0.618340254 0.126407057 0.739410758 0.483227819
    0.411658645 0.745690346 0.658897758 0.743671298 0.284428 0.350378126
    0.105879515 0.17356506 0.338930309 0.640769482 0.551487446
    0.19124949 0.353110313 0.186871439 0.0538222492 0.144143015
    0.67713356 0.787519395 0.468171597 0.0112166107 0.607334912
    0.372870743 0.375193417 0.697019815 0.971678853 0.800375819
    0.487021774 0.840387046 0.531238079 0.834901094 0.962481499
    0.0324556828 0.663485706 0.766731262 0.653648674 0.461009175
    0.426633835 0.705036402 0.294102669 0.00348991156 0.332851291
    0.313257337 0.714645505 0.813436985 0.150927275 0.63397181
    0.405547231 0.305393398 0.86984396 0.935794353 0.800215065
    0.234999776 0.863907576 0.68121016 0.726637065 0.724107444
    0.566812098 0.567863762 0.7031129 0.362865508 0.164672226
    0.246706039 0.0373159647 0.505979717 0.131339282 0.148039818
    0.150966555 0.888520122 0.0551627874 0.00732660294 0.670406699
    0.36205864 0.455943495 0.299333364 0.435276031 0.800982475
    0.598337531 0.922808528 0.381801844 0.470122457 0.0318236351
    0.459840804 0.36327669 0.818978786 0.769478559 0.255109012
    0.416161269 0.641920269 0.0755636096 0.937911987 0.635062039
    0.324451149 0.738496661 0.614821732 0.427084655 0.0988774002
    0.757021964 0.856565058 0.472453803 0.764426827 0.438058317
    0.506367207 0.0464136004 0.113467336 0.549444854 0.811497092
    0.928700089 0.456766397 0.73922354 0.0467692912 0.921907723
    0.639665604 0.680809915 0.991248369 0.0614853203 0.921521783
    0.381497234 0.325957417 0.265471995 0.0208006203 0.495532334
    0.654327154 0.475376636 0.949079871 0.293004483 0.243111789
    0.908066869 0.447247475 0.140210658 0.265111327 0.252589107
    0.660035908 0.887987256 0.78005749 0.402605832 0.665464282
    0.460701108 0.209302813 0.396074176 0.998015404 0.420152217
    0.945888758 0.266934037 0.549468458 0.921034634 0.420908988
    0.0109833181 0.67993176 0.478871316 0.573225379 0.0929101408
    0.387134194 0.99101913 0.0956623852 0.921973646 0.112208039
    0.516908526 0.782919407 0.154601306 0.156189442 0.737624049
    0.66836828 0.501883626 0.776902616 0.690343916 0.22425583
    0.549837172 0.772609949 0.595918298 0.228731096 0.986265719
    0.902917862 0.863442779 0.318336308 0.379129976 0.862201929
    0.62713778 0.0071169436 0.335157841 0.736071885 0.203255504
    0.133508712 0.933104157 0.899621844 0.360131562 0.662880778
    0.5629704 0.745402575 0.76519835 0.344040394 0.736706495 0.492226601
    0.654976368 0.719241023 0.969552398 0.0518325865 0.691259384
    0.0961489081 0.494848222 0.931575119 0.284401059 0.129286677
    0.40388155 0.280561209 0.110286325 0.0462382138 0.365083158
    0.585617781 0.527743757 0.835550547 0.706715584 0.0932726562
    0.966129243 0.154495835 0.984884024 0.557790995 0.692658067
    0.0969010592 0.931756377 0.136416405 0.461759984 0.610479474
    0.614121974 0.539769113 0.905258656 0.798661113 0.893644631
    0.519541383 0.384531558 0.190128714 0.0477333069 0.210058004
    0.758192778 0.882712245 0.983811259 0.322012365 0.134458274
    0.39938274 0.0155211389 0.77391541 0.397636086 0.728169084
    0.733753562 0.172906607 0.321950793 0.208786488 0.202477276
    0.979929805 0.630319417 0.50728631 0.483127505 0.405504256
    0.515473127 0.636211455 0.576222777 0.652610004 0.574698508
    0.573192596 0.336882532 0.314081192 0.687766552 0.395942926
    0.813231051 0.914479375 0.936434031 0.718707919 0.543873847
    0.902720213 0.61797446 0.94917345 0.561418116 0.85619998
    0.0933606029 0.634579003 0.853595972 0.495048493 0.406123459
    0.98453927 0.472977608 0.628988683 0.384226859 0.660805762
    0.444107354 0.875098646 0.223613471 0.379789382 0.0839859843
    0.983980596 0.326293409 0.0807580948 0.947063267 0.538098454
    0.467907518 0.0280913413 0.601485789 0.570776701 0.559501231
    0.427376747 0.37146759 0.575106621 0.593873024 0.566982388
    0.571741641 0.696672857 0.550271273 0.597587228 0.00806882977
    0.769791245 0.319570184 0.474862218 0.276123494 0.702149272
    0.567950785 0.394160897 0.169162244 0.478950351 0.036711514
    0.253753841 0.948429883 0.0354497433 0.613729417 0.529726565
    0.932545424 0.234888285 0.937322021 0.359000385 0.924936533
    0.533887267 0.634773493 0.0314187706 0.218350589 0.0934638679
    0.3853257 0.981979489 0.233891904 0.320133448 0.670707643
    0.489756286 0.148911655 0.0952385962 0.240381747 0.850392818
    0.216918975 0.483593702 0.977484643 0.945479214 0.603179097
    0.457887709 0.671679437 0.181698799 0.492584139 0.163185865
    0.0587669313 0.750257492 0.0109316409 0.446932167 0.894214034
    0.672508061 0.414039612 0.514954686 0.883640766 0.909822643
    0.551881194 0.496626258 0.249286145 0.646031737 0.118917406
    0.172880769 0.905123889 0.548156857 0.174314648 0.436557025
    0.657253027 0.878377795 0.447132945 0.245626241 0.275696844
    0.698880494 0.782715321 0.294070929 0.230507672 0.198853403
    0.991125762 0.572868466 0.719802976 0.0975723863 0.703198135
    0.618523955 0.818217158 0.484799892 0.733946919 0.925822973
    0.88552773 0.956652582 0.984520555 0.349724174 0.97290206
    0.748140335 0.00194019079 0.802424669 0.990298033 0.396787345
    0.258599579 0.084805131 0.429633439 0.996910214 0.356069982
    0.0672779679 0.337969601 0.127384633 0.950720251 0.955374539
    0.813209534 0.613328218 0.835267425 0.546991289 0.342874289
    0.351934344 0.182777554 0.825731039 0.579595864 0.078645587
    0.819746614 0.684395611 0.219365716 0.200985104 0.0827365816
    0.609477818 0.490053713 0.577751577 0.482737273 0.343556613
    0.838992476 0.268904656 0.72891432 0.0780304074 0.675949812
    0.381632715 0.984090745 0.187568367 0.362134784 0.24183771
    0.32342881 0.136643946 0.770701945 0.535957158 0.183332831
    0.0244888663 0.233455658 0.444103897 0.73620832 0.744227052
    0.543577194 0.29271847 0.780027747 0.7570135 0.0536873639
    0.426878929 0.307585061 0.416651666 0.19778055 0.587073326
    0.60556823 0.530422449 0.199139595 0.762191415 0.814673066
    0.846457005 0.895749688 0.537982702 0.508738041 0.999577284
    0.796881318 0.56271863 0.35402602 0.442956686 0.564405084
    0.745731831 0.719455123 0.060921669 0.243497908 0.332868814
    0.734865785 0.187090605 0.958993912 0.690557361 0.164397269
    0.726159036 0.373222172 0.730689824 0.804302514 0.611901402
    0.601723731 0.849145293 0.255942285 0.49603498 0.78161025
    0.109622627 0.451483727 0.996022344 0.877328515 0.542807102
    0.609224439 0.245014012 0.400064319 0.577033222 0.290703595
    0.895325661 0.0494658947 0.63978529 0.57265389 0.180917114
    0.728990197 0.948895693 0.858876705 0.190144688 0.0482094884
    0.840955675 0.0161647499 0.508098066 0.808293641 0.175330848
    0.225679755 0.844530106 0.962558389 0.934052825 0.5485816
    0.695254147 0.823096275 0.971569121 0.927806377 0.899993658
    0.340735644 0.20209825 0.19556272 0.45847854 0.54150629 0.833666921
    0.545194924 0.111696899 0.66373843 0.0823056996 0.938884854
    0.840549469 0.298606157 0.934795976 0.197539121 0.559955418
    0.966030121 0.687905669 0.841281235 0.146330506 0.0591474473
    0.869311333 0.370905101 0.414822429 0.657115698 0.373455822
    0.0356135666 0.993428648 0.9412781 0.346702933 0.118464619
    0.256322443 0.437918156 0.195866495 0.938977957 0.554207563
    0.633569419 0.0950251222 0.155438781 0.795814395 0.916073084
    0.230383962 0.897912383 0.334640115 0.47919631 0.939738989
    0.15831691 0.839083731 0.203428358 0.59196651 0.922438979
    0.527661502 0.0749779344 0.711305261 0.223360777 0.229160428
    0.152508676 0.399216384 0.180211753 0.705795348 0.778226495
    0.256280363 0.360110641 0.252145171 0.0762307346 0.939757526
    0.927451849 0.783699453 0.719313383 0.595290065 0.631349027
    0.687106907 0.791885376 0.446759075 0.272918046 0.880171478
    0.949859023 0.19195497 0.119252443 0.277139366 0.837176085
    0.389935404 0.764731526 0.751232266 0.24445647 0.803644001
    0.811370313 0.304119617 0.27769354 0.849737108 0.109273553
    0.873305023 0.516035676 0.652405798 0.918892026 0.862339079
    0.830351532 0.84142226 0.177042633 0.287397444 0.658012688
    0.458361119 0.115984559 0.983545244 0.821035147 0.800858378
    0.522112131 0.735669017 0.73039794 0.546077073 0.959398508
    0.785189986 0.304185718 0.784980059 0.243401527 0.142962933
    0.200475186 0.292584419 0.825341463 0.551330388 0.899527788
    0.394420415 0.532438099 0.917080283 0.910181999 0.546730876
    0.2324076 0.552669764 0.500677943 0.568365395 0.17821309 0.150481701
    0.593485653 0.0627251863 0.274208337 0.992517591 0.109451979
    0.458822489 0.291407585 0.998684168 0.445707768 0.549504101
    0.0390297174 0.693997383 0.0291661918 0.606535196 0.638507128
    0.471291304 0.297998458 0.210468024 0.275441468 0.285834134
    0.326113343 0.268687338 0.00828242302 0.834763885 0.979530811
    0.409750283 0.56791383 0.62849164 0.937398553 0.301399499
    0.487689883 0.819816709 0.691123486 0.753791928 0.165323526
    0.598267853 0.644882023 0.588171065 0.969815969 0.170342028
    0.674295664 0.937460065 0.452853799 0.215592206 0.202906042
    0.982775271 0.463499188 0.144434094 0.979375839 0.842943251
    0.160658151 0.24099192 0.826898813 0.0443194807 0.953619123
    0.418906331 0.340031683 0.821753621 0.234392583 0.895061493
    0.0625563264 0.313094199 0.391678631 0.197221011 0.323986232
    0.2697272 0.207651943 0.630581975 0.159450114 0.0950861573
    0.152314097 0.871941805 0.163971722 0.00593146682 0.0279155076
    0.0216773748 0.16882503 0.29265058 0.00022354722 0.518064022
    0.955511868 0.269173682 0.497100532 0.290322363 0.0449337661
    0.521282494 0.0446894169 0.628124118 0.0941450596 0.0508534312
    0.887153268 0.639402747 0.987094879 0.675943255 0.26487729
    0.82240808 0.9798311 0.344392151 0.429145336 0.248174757 0.617264032
    0.261603892 0.551040351 0.72375077 0.0016284585 0.0463951826
    0.630222082 0.113033623 0.539168894 0.550807238 0.0015605092
    0.609027445 0.294896305 0.227426022 0.833860278 0.743681252
    0.960210264 0.528796494 0.488560081 0.283477366 0.810460389
    0.712881207 0.669102609 0.0592502356 0.0675207675 0.699250817
    0.347513646 0.743947327 0.793821335 0.228657961 0.123284221
    0.748622179 0.122096866 0.232456177 0.180536807 0.58589077
    0.805493593 0.481321663 0.40136528 0.851815224 0.188992858
    0.986545801 0.0276760757 0.67522198 0.522394359 0.629007876
    0.794881403 0.0413962603 0.567643166 0.89847672 0.593165159
    0.356935799 0.417116433 0.641196907 0.0497686267 0.734709561
    0.576553643 0.263190269 0.971311331 0.0990330875 0.818295658
    0.377605557 0.391762614 0.773118258 0.169863939 0.414505959
    0.0761398971 0.23242566 0.787523627 0.254157603 0.800464332 0.479929
    0.167019486 0.590885818 0.437020868 0.468814015 0.933698356
    0.777038455 0.432418436 0.827192307 0.954281271 0.211977899
    0.115714908 0.519190669 0.813387215 0.57730943 0.365468264
    0.0573219657 0.65690279 0.886005938 0.534015298 0.146989882
    0.85950613 0.0557251573 0.98063302 0.270481974 0.751292646
    0.162374496 0.364415675 0.710323274 0.121367604 0.990818381
    0.446169049 0.757377446 0.150952488 0.710186899 0.486390144
    0.426189631 0.360786587 0.411310673 0.866902113 0.039821595
    0.863060892 0.745251596 0.325728238 0.272952348 0.0481520891
    0.994484246 0.915588737 0.684571266 0.705319762 0.959730446
    0.333520293 0.0242341161 0.721793354 0.322711974 0.173280269
    0.0700446963 0.00217431784 0.101899922 0.240063637 0.0553694367
    0.128420651 0.906922042 0.464309722 0.975596309 0.950861633
    0.189731658 0.782754898 0.481915385 0.650584161 0.0640146136
    0.949507475 0.605803192 0.576596439 0.582771242 0.682789445
    0.26306808 0.849546313 0.121924996 0.0565727055 0.204667598
    0.786667943 0.00802916288 0.505151927 0.787792683 0.392478108
    0.813906133 0.799773693 0.421667129 0.154015511 0.830129862
    0.97456181 0.298437893 0.0745949745 0.868710041 0.099422574
    0.206924677 0.495136797 0.635407567 0.169557065 0.939703465
    0.438912034 0.790491283 0.640415907 0.346125096 0.876614273
    0.83333385 0.132472813 0.808400035 0.212575585 0.681635618
    0.377478659 0.351198256 0.995513082 0.877852082 0.412819803
    0.692430735 0.467176557 0.0679238141 0.642535388 0.414131045
    0.615403473 0.829195559 0.126623839 0.726072907 0.848908782
    0.427781671 0.210690588 0.958238125 0.538049221 0.962384582
    0.6483832 0.136510402 0.17347163 0.581627667 0.379598051 0.831196666
    0.952803493 0.314316452 0.308624178 0.202556312 0.674142241
    0.360970795 0.903849721 0.190657675 0.800466061 0.0847564042
    0.960654259 0.8792665 0.775657713 0.97198379 0.256238759 0.629553556
    0.236448526 0.0742344558 0.44250524 0.658524036 0.782829404
    0.0147530735 0.506820619 0.954257488 0.0140745342 0.1521056
    0.0945031345 0.196547627 0.596905828 0.835107684 0.373048186
    0.777286291 0.0674699545 0.372874737 0.378640771 0.364218265
    0.579847336 0.790600598 0.519194245 0.834266126 0.332889855
    0.865046561 0.46941039 0.274390876 0.0687689483 0.216788054
    0.831716418 0.0939289927 0.83302772 0.125953823 0.0383029878
    0.300493479 0.926148295 0.342672884 0.275076061 0.472458184
    0.460745335 0.682457328 0.401021123 0.435683072 0.0664498508
    0.559172392 0.868769884 0.433917642 0.436663806 0.0383816659
    0.743177533 0.799715281 0.240629047 0.724073708 0.860930383
    0.381601244 0.762493789 0.0343761444 0.0593016148 0.00929543376
    0.772974253 0.796024561 0.454897851 0.591892064 0.905687094
    0.570465505 0.28798759 0.211562395 0.142166376 0.6916399 0.133442163
    0.774057508 0.129993558 0.95612973 0.29138571 0.73104018 0.935623646
    0.376916766 0.849437952 0.110102028 0.487857044 0.982542157
    0.779421866 0.154733658 0.0498057902 0.250330031 0.612034321
    0.373679906 0.861432076 0.342126787 0.383074522 0.130988568
    0.273317397 0.0130970478 0.55902952 0.0939458013 0.816490173
    0.292441249 0.857269883 0.735348105 0.708673835 0.962412596
    0.431772888 0.744658053 0.439612359 0.654205561 0.791543782
    0.482309192 0.706917286 0.650608718 0.147374094 0.702405572
    0.720495701 0.341009736 0.366927743 0.468728691 0.115723014
    0.593855739 0.921057999 0.0102913082 0.318528116 0.435443848
    0.0725093186 0.599282861 0.415527076 0.00458976626 0.502367973
    0.747221112 0.251740843 0.580400229 0.800309658 0.0480897129
    0.507070124 0.43069014 0.103316694 0.163079441 0.46215716
    0.975986183 0.470288873 0.283805609 0.625168443 0.788797975
    0.42517665 0.306144416 0.348059058 0.619749665 0.589089572
    0.0843992829 0.0494951904 0.731617987 0.831518471 0.991576552
    0.0050983727 0.997283995 0.585621119 0.010684818 0.257276714
    0.549476087 0.602434158 0.838784575 0.151040584 0.266079783
    0.681692004 0.905922949 0.766847014 0.0693635941 0.65072757
    0.313995391 0.899872899 0.797026694 0.708992481 0.655803442
    0.389786005 0.452196121 0.219633758 0.72923094 0.338782459
    0.239087701 0.397042334 0.633437037 0.620316625 0.356808811
    0.495102674 0.119093686 0.349160343 0.0672549009 0.29483211
    0.302052945 0.0240476429 0.878781199 0.621510327 0.133111238
    0.033562243 0.221468806 0.457831085 0.0175806582 0.929977715
    0.552915752 0.0105327666 0.61557585 0.689739108 0.896774888
    0.704900503 0.904516578 0.492281765 0.673940837 0.0130211711
    0.111128181 0.596616447 0.0238405764 0.468628854 0.408100694
    0.0276682675 0.800510049 0.387958318 0.278771877 0.869290769
    0.981139898 0.967927098 0.217903316 0.275438279 0.379289269
    0.695621192 0.529439867 0.789807737 0.102266282 0.756355882
    0.932916522 0.346001863 0.268608093 0.686020017 0.363571286
    0.673104346 0.847363591 0.650310218 0.790032983 0.461062431
    0.310068429 0.815192103 0.0662106276 0.254169822 0.618418217
    0.830752254 0.133280009 0.32859385 0.0243979096 0.408676028
    0.817140996 0.346344441 0.354726434 0.507317245 0.633345008
    0.814853668 0.455762893 0.466421902 0.791483045 0.349470347
    0.694408178 0.217976749 0.121421814 0.55868423 0.76485908
    0.462398261 0.149909735 0.79057622 0.829173863 0.409878641
    0.306961834 0.62567246 0.191446304 0.533457994 0.762041807
    0.348242164 0.674014509 0.698430836 0.53993398 0.105280995
    0.183526874 0.413612604 0.988827527 0.719019413 0.971910179
    0.288051248 0.953441381 0.230672091 0.645911515 0.350543052
    0.00264894962 0.657237589 0.542574286 0.583911419 0.993679106
    0.848474205 0.459373474 0.20146808 0.0824761689 0.0654435158
    0.89867866 0.724596381 0.5027349 0.0689960718 0.936272979
    0.533091962 0.212757438 0.494690716 0.474648535 0.41874367
    0.251125723 0.887770832 0.7235744 0.0284604132 0.472934902
    0.716863394 0.136422604 0.761360884 0.571033835 0.0607165694
    0.061267674 0.769839644 0.99842453 0.670187056 0.322134316
    0.427420914 0.679137766 0.809488893 0.140286207 0.394444287
    0.688764393 0.808972061 0.621201575 0.475030571 0.716200233
    0.616040707 0.051491797 0.576878428 0.104286462 0.897538006
    0.796260476 0.443395913 0.956968784 0.770351648 0.794996262
    0.558831036 0.0268051922 0.990159333 0.40599829 0.158445835
    0.131974697 0.130559027 0.967460871 0.0509941578 0.694744706
    0.335479975 0.157953441 0.749712527 0.468891919 0.825661004
    0.917871475 0.877238154 0.341492176 0.268122733 0.91826427
    0.837992013 0.202814102 0.593765497 0.648403943 0.33859086
    0.750019908 0.696287096 0.163912028 0.645239353 0.017657578
    0.494505614 0.683348656 0.024903357 0.140640825 0.852216244
    0.0343557596 0.22314623 0.106655598 0.0808285773 0.587514758
    0.775355279 0.220337629 0.0702149272 0.693450332 0.0618455112
    0.0925848782 0.0756691396 0.276332736 0.501995802 0.90676409
    0.703694463 0.301280528 0.465509653 0.502581358 0.168391317
    0.790913522 0.351102024 0.00160366297 0.105992287 0.18281725
    0.947054029 0.500559509 0.0209722519 0.248426765 0.460645527
    0.851362228 0.658043325 0.0332733393 0.649131238 0.163720965
    0.720763564 0.982654154 0.531558871 0.397084177 0.706122637
    0.678249002 0.189507276 0.98687911 0.151956677 0.943266451
    0.685603738 0.472838104 0.878244579 0.5690431 0.268388778
    0.142661899 0.391660571 0.67520225 0.312456727 0.183769524
    0.279885352 0.574670255 0.604070961 0.829719782 0.620282948
    0.346178085 0.795541346 0.0366693437 0.62183851 0.90599668
    0.847406566 0.515786946 0.734493494 0.918706179 0.848423004
    0.667061329 0.916317582 0.261618793 0.197856814 0.277572244
    0.477577597 0.0982887745 0.706277132 0.392553777 0.0390808284
    0.621463895 0.192308396 0.30822745 0.994637609 0.468013555
    0.202970237 0.0791300833 0.170723647 0.313357651 0.819672406
    0.945977092 0.425222218 0.0533848703 0.569161832 0.877294004
    0.282408655 0.748838902 0.05058074 0.760251582 0.855520844
    0.408966959 0.63584125 0.933611274 0.765528679 0.868392825
    0.737915158 0.994769573 0.357968479 0.321671247 0.21113342
    0.76954788 0.269524336 0.278276265 0.37472719 0.32109797 0.185443521
    0.242789 0.564622521 0.635516882 0.347117841 0.523266852 0.480457038
    0.188349217 0.744410753 0.921506286 0.299717933 0.192387432
    0.350692809 0.154861033 0.432761788 0.462083191 0.808324814
    0.326614439 0.211280644 0.236808807 0.74280858 0.0468512774
    0.989872098 0.910270452 0.0637559295 0.958502293 0.96447444
    0.10024184 0.419405043 0.436564118 0.876723349 0.705679297
    0.639989555 0.511623323 0.822579503 0.665434003 0.54288286
    0.169556469 0.0724387169 0.356192827 0.273993433 0.446544379
    0.412428677 0.609524012 0.610758722 0.90847671 0.091242522
    0.464755684 0.521376729 0.397770643 0.908402264 0.382503629
    0.81625396 0.284164846 0.0644761026 0.130544662 0.865148127
    0.16110447 0.752470136 0.489076704 0.73554945 0.489996791
    0.754073739 0.644564033 0.0722634196 0.732409358 0.337019265
    0.928510666 0.68478334 0.481001347 0.623603821 0.774954975
    0.129069328 0.716193676 0.805754483 0.7077263 0.702457964 0.3003169
    0.555953801 0.797453761 0.28003484 0.979993105 0.597429812
    0.956975102 0.0992713571 0.634860754 0.650060594 0.374775887
    0.401511401 0.60199219 0.980360866 0.149757445 0.327718556 0.8396492
    0.885881305 0.545952141 0.0716022849 0.443425745 0.0890246034
    0.661276102 0.613620698 0.897483528 0.252444565 0.193940848
    0.415761918 0.903211951 0.118924439 0.184749186 0.0618840158
    0.126801968 0.374065995 0.130263239 0.552089095 0.990448475
    0.831079483 0.839297891 0.561026752 0.949168086 0.253366411
    0.856552243 0.533663929 0.458205402 0.673853278 0.0665847063
    0.418321729 0.0295809209 0.749935389 0.596288562 0.994346619
    0.456717551 0.828711152 0.41196689 0.116219878 0.724556923
    0.798532963 0.819976211 0.0040627718 0.937523246 0.656522155
    0.415778488 0.912752688 0.984244943 0.864979148 0.182290703
    0.917494297 0.829744995 0.598546565 0.0314426124 0.831530929
    0.818444371 0.198093921 0.366131902 0.0979886651 0.996046603
    0.366318077 0.508819103 0.665377855 0.206725419 0.178084671
    0.244045198 0.0171843469 0.671794415 0.294808179 0.657923877
    0.322168291 0.551695466 0.570722103 0.792578995 0.862968206
    0.271133363 0.345133662 0.0721583366 0.00400394201 0.676839292
    0.861844838 0.241266429 0.971318781 0.847365022 0.512609124
    0.58483386 0.0188732445 0.886975825 0.183575362 0.111747324
    0.546612203 0.540568888 0.987242818 0.220466256 0.272756487
    0.892199814 0.672842205 0.666555643 0.732410133 0.0709457695
    0.865865588 0.0397634506 0.715084076 0.241865993 0.610491633
    0.643094063 0.286038697 0.888838828 0.434062243 0.447933018
    0.629541874 0.741018236 0.445758522 0.408482611 0.474413455
    0.0826519132 0.910176992 0.124457896 0.333338082 0.256259441
    0.441307247 0.980559528 0.167103171 0.289769232 0.706577778
    0.439122856 0.28329289 0.636461735 0.559134007 0.482068598
    0.418443799 0.104162246 0.491553694 0.404497385 0.948937297
    0.0400339961 0.221675277 0.22894305 0.621422946 0.668824792
    0.943044305 0.966763139 0.194780082 0.29485631 0.167983443
    0.621036172 0.32370919 0.720641255 0.84243083 0.282150984 0.98765552
    0.969378889 0.0495375991 0.276206672 0.76053369 0.626561165
    0.513512313 0.783678532 0.410569429 0.151809096 0.828652442
    0.226068079 0.261028349 0.297469825 0.99812752 0.0668039322
    0.576591194 0.758053303 0.449516445 0.542036235 0.860110402
    0.842991292 0.219595194 0.362688333 0.902014434 0.434079379
    0.435825676 0.675753176 0.0278843939 0.965177298 0.955566645
    0.582150459 0.0911433101 0.402853757 0.486977786 0.873851955
    0.966704905 0.127450585 0.385900259 0.257250249 0.068908006
    0.739417911 0.263200581 0.997189045 0.129986703 0.0317116976
    0.764485359 0.403005689 0.556197405 0.947374403 0.468116313
    0.573190272 0.936988711 0.835820973 0.39845401 0.698762119
    0.310374051 0.398563027 0.756550193 0.92990911 0.155059993
    0.531433284 0.441321075 0.874784946 0.0450240076 0.933017492
    0.825810909 0.78826493 0.898861289 0.0851415694 0.869385123
    0.360361904 0.807115078 0.954036713 0.38912794 0.542625964
    0.120561153 0.733675063 0.819065511 0.0903902054 0.59742099
    0.99520278 0.990309238 0.680554986 0.078564018 0.494211286
    0.00718650222 0.737960935 0.77516675 0.680251539 0.527036965
    0.372052193 0.211539775 0.712510347 0.494226456 0.0923087895
    0.588753104 0.479503244 0.0469010472 0.848080575 0.388352722
    0.574881136 0.614492714 0.914973259 0.730238795 0.0992165208
    0.831737041 0.342397809 0.939511299 0.324768603 0.991759062
    0.530690193 0.0890242755 0.868595362 0.26187551 0.73491168
    0.715508997 0.699426353 0.896620035 0.921784759 0.926612616
    0.032101959 0.520527065 0.855954409 0.016102612 0.757858872
    0.672175467 0.524971306 0.57982856 0.012822479 0.0520024598
    0.469273955 0.082929641 0.860791922 0.6603778 0.678624511
    0.238799155 0.797738791 0.813463569 0.665990472 0.96269536
    0.940832376 0.269382328 0.951504469 0.227291763 0.80296731
    0.916573524 0.699982285 0.229902178 0.693771482 0.096268177
    0.773124695 0.294214845 0.60848856 0.861725807 0.559793293
    0.545215428 0.384950936 0.574878871 0.780249655 0.223972678
    0.7240749 0.0700907409 0.44773221 0.156026989 0.416805208
    0.666554093 0.834417939 0.309336305 0.331302285 0.00406301022
    0.092009753 0.577157855 0.731290758 0.325048536 0.756080389
    0.446921408 0.227596968 0.294689178 0.974711359 0.0470156372
    0.0157291293 0.115302056 0.503730655 0.205640823 0.477565765
    0.789437115 0.900528908 0.845891953 0.984750867 0.345290005
    0.443303436 0.966873646 0.921861887 0.179578394 0.647435725
    0.600281596 0.933372319 0.142634273 0.664613247 0.328854442
    0.584696054 0.0798482597 0.176057249 0.324614346 0.813833475
    0.361760199 0.139121443 0.0870033205 0.0724348128 0.239043266
    0.822471142 0.740472496 0.229332268 0.742008448 0.335938871
    0.152362466 0.187677056 0.335126698 0.839061558 0.813598037
    0.602354348 0.18980062 0.167345226 0.834744751 0.350422502
    0.922198534 0.966466963 0.34163186 0.042850256 0.0212993324
    0.626342773 0.177723825 0.740670741 0.959201694 0.50342375
    0.437789142 0.981063724 0.65877521 0.802586794 0.416245997
    0.718651414 0.826073766 0.156233341 0.416709274 0.238745183
    0.912831366 0.227168918 0.815023541 0.33969295 0.762021184
    0.251439035 0.209731698 0.10856393 0.542502284 0.821251512
    0.420125246 0.399451971 0.0384551585 0.306176007 0.961418271
    0.0445154905 0.423844606 0.622756779 0.212659717 0.238286227
    0.00597539544 0.40381068 0.760015011 0.0616026223 0.894351542
    0.944792151 0.164799809 0.900956571 0.323281407 0.62975049
    0.0861090124 0.787457466 0.936980844 0.180718601 0.767055154
    0.822969019 0.710760117 0.657843649 0.694173217 0.100184143
    0.294653177 0.20557335 0.987333715 0.859921396 0.513132513
    0.937349081 0.979571939 0.903081477 0.867030203 0.133244336
    0.0207869411 0.0581123233 0.775822401 0.794746161 0.970413327
    0.532518089 0.429720044 0.384113431 0.878305435 0.441761017
    0.176416546 0.117840081 0.532939911 0.538581431 0.231008202
    0.486683249 0.86444211 0.0199781358 0.0732758045 0.543670535
    0.692954838 0.0550738573 0.99672991 0.92860055 0.408641458
    0.961282492 0.459151655 0.941162646 0.974855661 0.826046348
    0.662483335 0.898688078 0.72396183 0.438372999 0.304537982
    0.127794266 0.250988066 0.702732921 0.605544865 0.75912267
    0.329657346 0.129888594 0.461891234 0.161392033 0.841403604
    0.698882937 0.362631232 0.433107734 0.246642023 0.490352184
    0.713427424 0.775327206 0.996382475 0.76298964 0.788696527
    0.136507481 0.419154853 0.512611747 0.550069928 0.13466239
    0.666875362 0.0640776157 0.350643873 0.809996486 0.999669313
    0.843322992 0.639958084 0.179550469 0.945179522 0.691277623
    0.0882811844 0.223387092 0.577198803 0.995587587 0.179925084
    0.792751193 0.362514526 0.198134333 0.983208299 0.100310743
    0.851277113 0.669498861 0.183093131 0.047221601 0.090641886
    0.513002098 0.0380231738 0.325257778 0.879085004 0.959450603
    0.454288334 0.348976642 0.516055524 0.0217040479 0.0826794505
    0.621741116 0.242967635 0.63650018 0.438548326 0.64124912
    0.0936330259 0.770856738 0.316373289 0.757572651 0.96497339
    0.0614784062 0.659058928 0.421643108 0.777850866 0.307033777
    0.143187881 0.722654939 0.388156116 0.00148579478 0.352357566
    0.425031424 0.863962293 0.19178623 0.825371027 0.532850385
    0.349638641 0.314635098 0.722701907 0.334681869 0.0277800262
    0.86682713 0.116285354 0.403295994 0.435375988 0.652136028
    0.57293874 0.799187303 0.33584553 0.88305974 0.200719297 0.561600447
    0.64551878 0.447929382 0.851155341 0.332677186 0.788962901
    0.269159019 0.423437804 0.63387543 0.808050394 0.852383018
    0.207704484 0.762866855 0.742352903 0.0988658071 0.178125709
    0.0387623906 0.643895328 0.8309412 0.399506867 0.934578419
    0.533250809 0.595160007 0.173545659 0.672887206 0.275475085
    0.748847842 0.216888368 0.99771136 0.846059799 0.697300792
    0.453060687 0.814555109 0.932807267 0.325881362 0.188592851
    0.347372353 0.120820075 0.98822546 0.712444425 0.304783165
    0.461016804 0.844337702 0.495975435 0.571534991 0.940471828
    0.554257452 0.671066523 0.93996793 0.0942273736 0.568257153
    0.312477887 0.0403915644 0.65290308 0.560330808 0.337153137
    0.610519826 0.366784304 0.627799511 0.585111141 0.988877892
    0.237326831 0.672545671 0.805802345 0.643601894 0.855763555
    0.0264609754 0.782711506 0.494471878 0.400619298 0.329342365
    0.585675359 0.649867594 0.854076862 0.612035871 0.154610366
    0.717951834 0.584955096 0.91040349 0.47947076 0.140223622
    0.665914237 0.106280327 0.649886966 0.829862595 0.715566576
    0.0674119294 0.270925105 0.413637936 0.18389073 0.276377559
    0.864436805 0.838428974 0.708688438 0.605125308 0.236266673
    0.488666505 0.734411955 0.619716048 0.312538207 0.212943852
    0.785810947 0.616069257 0.9647035 0.37462914 0.436977893
    0.0703720152 0.192537695 0.491157949 0.0903933346 0.0983429849
    0.859977484 0.0746342838 0.922035098 0.0730480552 0.502867401
    0.375154406 0.643830419 0.244796574 0.624947727 0.532662809
    0.640296102 0.231096923 0.814202666 0.778142929 0.221913517
    0.954860449 0.724951625 0.67916131 0.56618917 0.528893054
    0.077773571 0.0676619112 0.592199087 0.00192055106 0.0949843526
    0.819063306 0.911306024 0.844696105 0.903756976 0.570775151
    0.262807906 0.188177079 0.600288689 0.253836751 0.700800955
    0.71332252 0.045919925 0.767617762 0.437844753 0.13022387
    0.375019878 0.0134360492 0.21439296 0.661380172 0.899378181
    0.158743858 0.7557078 0.751275241 0.150559485 0.332904667
    0.821391284 0.972987354 0.70992738 0.756599069 0.389047921
    0.456307739 0.228809655 0.252790451 0.0047942698 0.0602307618
    0.347333133 0.0123796463 0.277737826 0.0830798149 0.84887898
    0.636380076 0.861845255 0.48369661 0.336452842 0.304327726
    0.509590566 0.387960255 0.345983714 0.614984035 0.39591217
    0.553195298 0.577566981 0.222187042 0.655486882 0.644816995
    0.626434743 0.0508054495 0.323588341 0.178892612 0.915230691
    0.865092695 0.164884776 0.723984361 0.322136343 0.598669171
    0.737483025 0.934326947 0.642938137 0.895758688 0.0876955092
    0.819339752 0.750980675 0.668317199 0.282422185 0.176476896
    0.147879392 0.948335409 0.421015799 0.110953748 0.164342821
    0.947355926 0.481334835 0.683588266 0.628361225 0.928514004
    0.741664529 0.155602872 0.110294223 0.186296046 0.836363614
    0.8641029 0.300440162 0.516843557 0.771206737 0.420866787 0.16703248
    0.937457323 0.421712995 0.063149184 0.292146802 0.836410284
    0.416809797 0.210219055 0.174993992 0.579463243 0.222401351
    0.587203026 0.480418921 0.542244196 0.751517773 0.474443287
    0.674027443 0.855251431 0.0627297759 0.199285388 0.374368072
    0.942056775 0.518232763 0.596220613 0.471052051 0.522072315
    0.381129742 0.389415443 0.856716275 0.715741158 0.543717027
    0.447838187 0.856272578 0.0203109086 0.988302171 0.977738976
    0.633519232 0.81170547 0.875445545 0.126175255 0.476308048
    0.90847075 0.0193378627 0.434940815 0.332914829 0.587688267
    0.795860648 0.177865654 0.838809848 0.962758064 0.560563326
    0.181872189 0.0324086547 0.545529246 0.274760664 0.0421983302
    0.686287344 0.531159878 0.130580366 0.723922491 0.430336833
    0.39156729 0.877020478 0.851002455 0.91324544 0.693662047
    0.431416482 0.143466085 0.296520412 0.453512102 0.23883146
    0.358043879 0.808907211 0.118272573 0.223489016 0.0733431876
    0.568920016 0.971627355 0.926493466 0.0285951197 0.833641291
    0.635574996 0.808181047 0.394140899 0.60186106 0.724809229
    0.441187024 0.290919989 0.632189512 0.204028279 0.26210916
    0.247027218 0.168129981 0.0685345829 0.258472949 0.00429081917
    0.487362087 0.464132547 0.593262672 0.71263808 0.963685632
    0.32623899 0.212394446 0.803149223 0.408783793 0.299982607
    0.45625335 0.474787146 0.641061008 0.536087275 0.0314973295
    0.435715497 0.679098666 0.84358418 0.397961676 0.279293656
    0.476101905 0.137800306 0.730311632 0.162445217 0.883764386
    0.525314927 0.288205504 0.805211663 0.9652704 0.133865058
    0.463525891 0.216637671 0.475570977 0.929481864 0.782321811
    0.098908484 0.985896826 0.504644096 0.629599988 0.0607756376
    0.827692509 0.0957499743 0.0127670467 0.068370074 0.413276821
    0.993245482 0.0190925598 0.830685079 0.742233396 0.565259218
    0.1578843 0.145784676 0.770267785 0.506390691 0.89463675 0.407468349
    0.235628068 0.304638088 0.93514365 0.907115102 0.148907781
    0.224606901 0.903908253 0.909014702 0.533155739 0.61150229
    0.133004427 0.436889112 0.908003926 0.977940857 0.588017166
    0.494245082 0.772096634 0.744749844 0.445339411 0.741842985
    0.0176644921 0.584908485 0.939353466 0.908663273 0.23440519
    0.198379129 0.439463824 0.547135711 0.845991969 0.638000131
    0.487477422 0.102744728 0.108039856 0.100212812 0.915106654
    0.764455438 0.299741447 0.175829291 0.814249992 0.690960348
    0.0542691946 0.450219452 0.0250263512 0.271378279 0.242865235
    0.00226378441 0.559144199 0.205521673 0.599924505 0.102820575
    0.385917425 0.301334023 0.896952569 0.164780706 0.858564138
    0.319103926 0.943644106 0.945967913 0.380652994 0.211021274
    0.320057511 0.410446614 0.817026377 0.602062583 0.530209363
    0.46089226 0.631127119 0.757111967 0.861851573 0.694149137
    0.507870138 0.050986588 0.742007613 0.367420703 0.373631448
    0.0185605884 0.66034317 0.455651402 0.957518101 0.163178235
    0.96826756 0.198520422 0.461400747 0.716961741 0.0671082139
    0.0231285989 0.979388416 0.57695061 0.397452414 0.482567906
    0.358279347 0.662923396 0.0536348224 0.435921788 0.0234115422
    0.477548778 0.469270021 0.122710824 0.265103549 0.0120160282
    0.228324741 0.52259928 0.644549966 0.293899 0.0307475924 0.913774014
    0.688033938 0.87942493 0.466267645 0.0655487478 0.902608156
    0.357977033 0.491068214 0.574398041 0.755383611 0.946406603
    0.146685421 0.372110724 0.624718308 0.504811227 0.743377328
    0.524691045 0.957417071 0.538373888 0.693450511 0.772781849
    0.22358489 0.858153343 0.764240742 0.183717579 0.535915911
    0.513081908 0.105046809 0.983797312 0.417690873 0.17720753
    0.662989378 0.0359738469 0.134391814 0.587559283 0.0560764968
    0.467992514 0.826377094 0.188820928 0.443860829 0.778844357
    0.706307828 0.659906149 0.228717923 0.749573886 0.0948903263
    0.400815547 0.786200404 0.403499067 0.0990829468 0.752626061
    0.560540259 0.428862423 0.534583986 0.525963366 0.493279994
    0.677345753 0.932873785 0.703001738 0.178493768 0.0994091034
    0.702022314 0.301505625 0.512424469 0.216913939 0.688150048
    0.904206634 0.232374638 0.245651215 0.237214118 0.125179082
    0.818637013 0.282515705 0.453046501 0.0873369873 0.743334711
    0.0210748911 0.82865113 0.139179617 0.685391545 0.607755423
    0.485321909 0.570295334 0.362518013 0.558821797 0.559761047
    0.0872213542 0.948092997 0.834650636 0.71866554 0.700869739
    0.357119173 0.428316116 0.792874455 0.105363309 0.340315253
    0.58918047 0.229971379 0.235384047 0.893362284 0.281912446
    0.940941095 0.608074188 0.411687821 0.12995252 0.551337838
    0.816431403 0.626432717 0.433257043 0.754230738 0.573050797
    0.308017433 0.169346333 0.912709594 0.640043497 0.370251626
    0.181774646 0.158476144 0.699867487 0.880810261 0.94696939
    0.218309045 0.0358985066 0.73050046 0.380638927 0.537023902
    0.0410831273 0.676318586 0.4567554 0.809365153 0.469430178
    0.636556089 0.00312739611 0.611734569 0.232084185 0.0519286394
    0.902014077 0.615482092 0.560143769 0.25658378 0.0359542668
    0.614041507 0.656707942 0.0355148613 0.295512497 0.41208905
    0.00364491343 0.920687973 0.607816041 0.622598886 0.33409065
    0.636892378 0.857769787 0.281316727 0.610264957 0.464290708
    0.156180561 0.0223284066 0.0915594697 0.851173639 0.702335
    0.295928717 0.628617167 0.947344065 0.504076064 0.188764423
    0.613123775 0.0402215421 0.771741986 0.602020502 0.0412515402
    0.831703424 0.823358774 0.982119918 0.650563359 0.168560326
    0.743747175 0.829700112 0.0480940342 0.426365077 0.63918221
    0.158287853 0.564991236 0.204273432 0.353909284 0.130757213
    0.74173224 0.8139956 0.275359094 0.802153111 0.31528604 0.530564904
    0.629612327 0.0695977807 0.632109404 0.392034054 0.976324439
    0.806073785 0.498243183 0.915643752 0.71446228 0.619969785
    0.652365029 0.200300843 0.449850321 0.929441392 0.750732183
    0.756250024 0.483550161 0.474309325 0.952963829 0.574025035
    0.720360637 0.298416644 0.982883811 0.479050606 0.510659635
    0.935847163 0.954378247 0.534015834 0.503637612 0.19050315
    0.0139775276 0.372496247 0.338728845 0.56816864 0.828588963
    0.687599957 0.836986065 0.9071908 0.180254608 0.681935132
    0.984382749 0.493502557 0.34504801 0.0837773979 0.850388527
    0.267114401 0.014319241 0.361738324 0.340046525 0.327769369
    0.109412968 0.606675982 0.804187536 0.951843917 0.613253713
    0.0415402949 0.608453095 0.381928682 0.30958122 0.908313155
    0.641032219 0.0920767188 0.984673202 0.624977112 0.503750265
    0.376566231 0.115090698 0.090028584 0.424225301 0.150093257
    0.00811886787 0.68474251 0.220674247 0.815249443 0.814110994
    0.376753718 0.256806016 0.0236191452 0.226093978 0.701337993
    0.0640782416 0.739649177 0.663625717 0.771075308 0.37759921
    0.280206919 0.257644117 0.109081149 0.362086564 0.611047328
    0.480930179 0.821590602 0.533499658 0.0849135518 0.241056204
    0.855301738 0.803158283 0.0389165282 0.466929972 0.517749608
    0.410348475 0.841962516 0.304769754 0.178991109 0.790975571
    0.573728144 0.215329915 0.460585594 0.732010782 0.765190184
    0.37688747 0.622263432 0.771770239 0.862965584 0.0165472627
    0.442127734 0.12465325 0.465304822 0.101722449 0.899624348
    0.108755857 0.106485635 0.256784141 0.647582769 0.0630268157
    0.483012468 0.309760869 0.620814562 0.958113074 0.791641712
    0.473513037 0.223101795 0.60789746 0.0231073499 0.113502949
    0.772971809 0.291030884 0.775048256 0.368237436 0.726860046
    0.407295048 0.524218678 0.664315581 0.826571703 0.715893626
    0.217092425 0.187782645 0.424438149 0.896463096 0.891609192
    0.210954279 0.448328614 0.796297789 0.370556504 0.0446785986
    0.361300081 0.431349337 0.0455885231 0.478796571 0.702390969
    0.223911911 0.607651651 0.23345539 0.380577087 0.800817072
    0.171640068 0.576151192 0.401912391 0.165335 0.315344334 0.25372076
    0.190877229 0.434897244 0.773910046 0.39339155 0.469684958
    0.772689044 0.271012366 0.711691082 0.0695563555 0.23057133
    0.181647092 0.360377699 0.331560552 0.0153898299 0.23440665
    0.00346618891 0.334510207 0.0786117315 0.698196232 0.90489018
    0.1379264 0.863572598 0.80022949 0.11498186 0.677021861 0.0793097913
    0.553736806 0.398276269 0.430604637 0.413481504 0.317136407
    0.437503785 0.480487138 0.417568505 0.146167368 0.437330395
    0.699406028 0.256808907 0.647501647 0.283335805 0.77832377
    0.307990611 0.100253582 0.439180732 0.725407839 0.832701325
    0.0392187536 0.188538849 0.979550242 0.37717557 0.780817747
    0.623413801 0.276433051 0.661462903 0.428595603 0.806195915
    0.0411385596 0.93874836 0.145978689 0.421084344 0.654646575
    0.0140332282 0.63538754 0.328728616 0.739805043 0.830539525
    0.0906178057 0.0282130539 0.359102011 0.240775883 0.180789232
    0.654564321 0.114440918 0.246151268 0.464613169 0.617837489
    0.556400597 0.210747361 0.50139761 0.152937382 0.258432865
    0.631695628 0.97402072 0.676565945 0.193927884 0.155992001
    0.342046976 0.79055047 0.994256496 0.0483978391 0.384852678
    0.309328079 0.178772032 0.994552255 0.0413728654 0.576318204
    0.0350902677 0.856487036 0.380263567 0.00419518352 0.565558672
    0.740653157 0.534089208 0.913062215 0.0306898355 0.0102697611
    0.371222258 0.391983628 0.612262011 0.545714855 0.479900151
    0.0186153054 0.851437449 0.499561548 0.883290768 0.89997226
    0.648311973 0.522499919 0.568221092 0.592330217 0.463848382
    0.965830803 0.934809327 0.553004384 0.0853429437 0.67236793
    0.0278667212 0.759001732 0.286144704 0.154021412 0.605279386
    0.27337718 0.519313753 0.3600429 0.195685327 0.360350341 0.300817907
    0.769909382 0.775781274 0.332062066 0.372054994 0.98967427
    0.701295495 0.503788829 0.679933727 0.853168547 0.512914598
    0.508686781 0.79407078 0.557076752 0.153817892 0.328665853
    0.787719488 0.852931857 0.952820897 0.00277617574 0.632945895
    0.669573009 0.566656768 0.557931244 0.780450106 0.602215052
    0.506854117 0.557457089 0.630608499 0.829611301 0.397986919
    0.216627628 0.843329549 0.661597848 0.127334386 0.71525836
    0.537021339 0.198405713 0.314809084 0.186202317 0.373047978
    0.522340894 0.389750838 0.537337482 0.666691959 0.605028331
    0.161900938 0.242718965 0.516444921 0.402112603 0.358276278
    0.924764931 0.859516501 0.651616573 0.775847673 0.961774588
    0.136693835 0.908286452 0.730723619 0.592712581 0.974333763
    0.0587100089 0.650807559 0.434775919 0.674245656 0.752808332
    0.326558232 0.544163287 0.314785033 0.551652133 0.583031297
    0.0525875688 0.726546168 0.339258075 0.031262368 0.490233839
    0.521516204 0.0643673837 0.0320779979 0.995114863 0.378178805
    0.813808799 0.7168715 0.173535526 0.395240813 0.379328281
    0.415672064 0.362921327 0.555339336 0.964787602 0.199817389
    0.94641012 0.215300649 0.399357289 0.91235292 0.890140176
    0.360690534 0.816861391 0.692731738 0.538610339 0.140591115
    0.333017468 0.919598579 0.785026312 0.794592321 0.945210576
    0.773738503 0.102800936 0.908065915 0.739175498 0.884516656
    0.257604301 0.566182792 0.535522223 0.302417338 0.47693783
    0.424862236 0.704499364 0.947012663 0.377237558 0.318995893
    0.84363842 0.578591287 0.626128912 0.826996088 0.814597487
    0.613759339 0.308423936 0.631761134 0.228532761 0.690871239
    0.953471184 0.336267412 0.247511238 0.705526352 0.553689599
    0.0558134913 0.87689966 0.964596152 0.872713566 0.212634832
    0.407760382 0.595015287 0.172496825 0.602447093 0.902006745
    0.753816247 0.998302698 0.733130455 0.547248721 0.891273677
    0.711619914 0.120885342 0.923122406 0.654478312 0.569275141
    0.70498693 0.855062127 0.786888421 0.85793364 0.851227939
    0.161032379 0.533977866 0.460855782 0.706865907 0.372681797
    0.349984586 0.0162781179 0.763993204 0.158767521 0.895314932
    0.415200382 0.775161266 0.951669574 0.00346276164 0.399758339
    0.231752425 0.553995311 0.138966918 0.932247519 0.440793931
    0.0824148953 0.487071574 0.13724485 0.763843536 0.567612469
    0.38531661 0.651061654 0.442876667 0.988536656 0.980920494
    0.800427556 0.958845258 0.792824864 0.126634389 0.607730985
    0.823800504 0.947698832 0.257078409 0.131301969 0.876352131
    0.993489146 0.351481706 0.562810421 0.171860993 0.850896716
    0.134986818 0.671087503 0.20247823 0.633508503 0.218482703
    0.736658335 0.397842526 0.516106367 0.185945749 0.510410249
    0.214858919 0.249369442 0.128192157 0.69009769 0.0116200447
    0.34374541 0.641257346 0.988821745 0.620596409 0.138835907
    0.366771936 0.793036819 0.0667009652 0.610517204 0.0282069147
    0.479741395 0.870205462 0.800035238 0.906955302 0.0974603593
    0.542099714 0.609677374 0.551535726 0.0569035411 0.801219225
    0.0285228491 0.822914302 0.42068854 0.239715397 0.943133354
    0.199922681 0.773826241 0.638606131 0.936983585 0.180601865
    0.346871257 0.950358987 0.917035818 0.479675442 0.180514336
    0.537781239 0.0947443843 0.541000605 0.467971802 0.437590808
    0.161623865 0.0893345773 0.995065451 0.381831914 0.880187929
    0.45367524 0.651030242 0.114867777 0.0397268236 0.22858882
    0.624506891 0.0226435065 0.662106872 0.302538991 0.384716332
    0.947433472 0.314956129 0.420220435 0.544263542 0.694799364
    0.924792171 0.825175107 0.489937514 0.839440942 0.237200707
    0.929972053 0.69565171 0.444848418 0.896908998 0.0894001126
    0.042596221 0.212462753 0.466419518 0.621737063 0.199904919
    0.675215006 0.778188705 0.853404641 0.616398811 0.400166094
    0.114991814 0.48835668 0.748560071 0.895030499 0.44050619
    0.913711846 0.286978245 0.630864382 0.661248982 0.662492692
    0.85178411 0.859309554 0.683755934 0.933622241 0.275115132
    0.530260503 0.0754348338 0.0924193859 0.522809982 0.132097661
    0.718897045 0.988490105 0.987563491 0.618794978 0.226965249
    0.522951961 0.571070313 0.18607682 0.592788398 0.796712756
    0.945411086 0.357510924 0.321637332 0.56505847 0.543953896
    0.769714475 0.434831262 0.507062554 0.301995099 0.989129305
    0.173492253 0.684733212 0.392607093 0.439598113 0.0450482368
    0.191375285 0.0991778374 0.916396677 0.558606803 0.414387673
    0.44511655 0.837828398 0.368519127 0.906907797 0.551836729
    0.262348354 0.253315032 0.0275955796 0.0299340487 0.0966875255
    0.366777003 0.919050336 0.465744555 0.124126732 0.843775272
    0.314584702 0.398969561 0.157296568 0.294065088 0.571389019
    0.0869008005 0.642688751 0.39697665 0.738848448 0.448012382
    0.0646848083 0.914158106 0.920612693 0.375346899 0.93209368
    0.90709722 0.715049803 0.166992188 0.205168128 0.276910365
    0.320049882 0.72301048 0.614133835 0.951895654 0.833922863
    0.0357466042 0.246317685 0.187895626 0.850560784 0.254602432
    0.890872478 0.437418491 0.290183187 0.0427782536 0.836330235
    0.340030998 0.741805375 0.795271337 0.860667586 0.304101586
    0.759442091 0.102434635 0.934387088 0.343052804 0.578353107
    0.380818218 0.671082616 0.929285407 0.40435636 0.567674756
    0.174242496 0.366946578 0.400770485 0.0719753206 0.848140717
    0.0650496185 0.403635681 0.816833377 0.394332051 0.620147884
    0.0025357306 0.562762022 0.631510377 0.620715082 0.530902386
    0.593901038 0.870171547 0.05245924 0.700187087 0.31737259
    0.607943237 0.907736897 0.179065794 0.412058443 0.322283119
    0.960849345 0.00184005499 0.69990623 0.64119494 0.91343981
    0.200544477 0.667854905 0.689934134 0.38279742 0.413341254
    0.110533446 0.0776299238 0.386909187 0.447815508 0.460908711
    0.768400073 0.837812006 0.503137767 0.435918123 0.777354956
    0.70246774 0.0652320385 0.876344085 0.591594517 0.359892368
    0.0289478898 0.794088423 0.504066885 0.026777029 0.67182976
    0.0995655358 0.413996577 0.734334946 0.31125164 0.922311127
    0.0176568925 0.400254428 0.425043583 0.181562901 0.382986993
    0.00400069356 0.846510231 0.946980834 0.900887489 0.141241938
    0.947167397 0.676766157 0.813739181 0.110651255 0.797220588
    0.0345572233 0.709872425 0.493575037 0.651014209 0.212709159
    0.411745042 0.690257907 0.366881847 0.848748803 0.536685824
    0.715587914 0.0306792855 0.447606266 0.414375901 0.253799826
    0.311606139 0.542441726 0.726715863 0.802175403 0.962887645
    0.150009781 0.819611669 0.449168235 0.517477214 0.627117515
    0.635217786 0.0431242883 0.368334293 0.435736358 0.0322026014
    0.094550699 0.941583753 0.466524929 0.217493087 0.406445861
    0.917799175 0.697927952 0.857039154 0.107980371 0.90427351
    0.690518737 0.332208633 0.088752836 0.324035108 0.775321245
    0.247954786 0.107599199 0.909490228 0.120427102 0.921029329
    0.754035115 0.650151014 0.197255582 0.700319231 0.33609283
    0.281887054 0.857594848 0.670728147 0.550443709 0.927217245
    0.314881682 0.14334926 0.272125065 0.330352247 0.935509741
    0.115429074 0.829861045 0.487687111 0.819311917 0.87474072
    0.869044423 0.968812764 0.788873434 0.533804357 0.990135312
    0.322150946 0.821469307 0.772628546 0.811249614 0.151206881
    0.207980424 0.550476193 0.211209774 0.688193083 0.36997202
    0.924881577 0.467398763 0.878788948 0.394834191 0.841579914
    0.760697842 0.502849221 0.31248951 0.959108353 0.366443455
    0.735340536 0.847445965 0.0145100057 0.382854313 0.884663701
    0.992448211 0.456286281 0.341703117 0.164844334 0.54891783
    0.443352103 0.152760983 0.172317594 0.654399335 0.0411787331
    0.463980585 0.830496371 0.739515126 0.935606301 0.935074449
    0.44595778 0.126749009 0.687595248 0.958333135 0.68416363
    0.493530393 0.171299905 0.378324866 0.801861405 0.702337563
    0.167668492 0.550405324 0.0726417601 0.162210792 0.840973437
    0.760244131 0.60745275 0.462151915 0.0416246951 0.402334243
    0.827545524 0.194508672 0.66169399 0.949544609 0.0778801143
    0.705390632 0.0758764446 0.737825394 0.759136438 0.44136405
    0.618773162 0.285200387 0.363974392 0.415520996 0.460802764
    0.620591819 0.471711695 0.305341333 0.986181021 0.312915772
    0.0522522032 0.951207042 0.587751329 0.510893941 0.252575636
    0.305718005 0.48164624 0.856559038 0.318446815 0.130569726
    0.926488221 0.273691714 0.65351367 0.463818908 0.0387475789
    0.0283771753 0.754630506 0.805038631 0.738813818 0.257776916
    0.0951979458 0.934273124 0.125983864 0.687123001 0.182776451
    0.903188109 0.879955053 0.265816092 0.134240925 0.667362154
    0.676718831 0.521440685 0.526373863 0.766887307 0.625352263
    0.654311836 0.0872522593 0.422287673 0.580534041 0.745988965
    0.328214407 0.610939264 0.146603823 0.741825044 0.649115562
    0.00392258167 0.224595219 0.263023078 0.764302552 0.557995319
    0.264573455 0.755032063 0.93809545 0.17777434 0.555080771
    0.614338577 0.586658716 0.338259876 0.465886623 0.606229901
    0.65167594 0.930794597 0.809856653 0.378172874 0.846720457
    0.457116753 0.0494312942 0.0844838917 0.728215754 0.364002943
    0.0818345845 0.0651018023 0.440018952 0.850808144 0.813431025
    0.676555157 0.343501449 0.0515772104 0.616369307 0.30443126
    0.29681918 0.881577492 0.151210129 0.132707059 0.901339233 0.1293585
    0.123191178 0.0191786289 0.105258375 0.92310071 0.111430079
    0.264511257 0.671659291 0.787556648 0.820287168 0.446367234
    0.120117396 0.827681899 0.230356842 0.457437485 0.481612951
    0.625462055 0.0756869316 0.368708938 0.182671875 0.263019621
    0.271712363 0.178355575 0.609734118 0.738373518 0.0966752768
    0.989913404 0.371805251 0.922536969 0.312826991 0.363967299
    0.277476609 0.0543294847 0.0757178664 0.988070726 0.763749003
    0.271244526 0.606886208 0.658845961 0.743182898 0.350055099
    0.836656809 0.357796252 0.169374377 0.216855258 0.0742596686
    0.704828441 0.967156172 0.915190816 0.830349088 0.650689304
    0.603019714 0.500972271 0.713136971 0.42060864 0.6434322 0.250071466
    0.742894471 0.0684445798 0.142976969 0.826310635 0.341204286
    0.619861603 0.250122428 0.272205442 0.994742513 0.489032328
    0.933419228 0.0236647725 0.271737278 0.447128385 0.445034951
    0.0511285663 0.929678679 0.416572869 0.464598894 0.270397127
    0.934626698 0.513163745 0.0266716182 0.455486447 0.854029715
    0.417934567 0.23352766 0.75140518 0.603379726 0.437465221 0.86047703
    0.426623106 0.521509886 0.877687693 0.0653523505 0.231226265
    0.800373077 0.43305099 0.952535629 0.923639417 0.457629889
    0.634711325 0.0722236037 0.927725673 0.043971628 0.209171236
    0.0708908737 0.464376301 0.526982307 0.779856563 0.466372728
    0.0745953023 0.907526374 0.817632914 0.342821062 0.656562805
    0.733951807 0.817947268 0.986535788 0.0965083241 0.960259914
    0.39775306 0.713821113 0.571911335 0.016005069 0.851595521
    0.237584651 0.101795524 0.362952113 0.319293976 0.497233301
    0.273998976 0.247182071 0.0650211871 0.926622093 0.0556657314
    0.0328190923 0.0682160258 0.801182389 0.407289535 0.269539684
    0.807733715 0.0956941545 0.262775838 0.454109788 0.245935917
    0.0465070307 0.223301619 0.957696378 0.220154881 0.544449866
    0.577153504 0.125149965 0.556649566 0.921697021 0.547054112
    0.461550802 0.371496052 0.928462029 0.82531333 0.95928663
    0.783302009 0.418777436 0.608001709 0.18376267 0.0932449996
    0.418226749 0.801083863 0.458363205 0.223724902 0.420251846
    0.279394239 0.48117575 0.452080399 0.00717326999 0.032299161
    0.526465714 0.760962844 0.350449443 0.0682522655 0.44103384
    0.00398313999 0.378148675 0.477069169 0.883863568 0.573865414
    0.720003188 0.0465506315 0.0180251002 0.617221057 0.120899081
    0.541133404 0.190153182 0.601172566 0.443370342 0.9692173
    0.112589777 0.835923314 0.857878327 0.540653646 0.779024482
    0.431781203 0.804888368 0.300463021 0.931401968 0.169540495
    0.756615102 0.439810723 0.572661102 0.978149891 0.732573509
    0.575127304 0.439007789 0.124153137 0.324483573 0.670287251
    0.829981267 0.864911556 0.515869439 0.529593408 0.901469767
    0.345142841 0.145678431 0.384023845 0.788383305 0.0921166539
    0.445512831 0.547240853 0.958793163 0.65403676 0.169254392
    0.833065569 0.88506484 0.848076999 0.16380772 0.48507753 0.808016419
    0.903699875 0.903018236 0.476927251 0.451070011 0.333793193
    0.129749328 0.87700063 0.933347583 0.261236191 0.410795093
    0.412703812 0.248839468 0.679923534 0.963330448 0.517032981
    0.789801359 0.840101719 0.0297429562 0.151912123 0.9600178
    0.951983809 0.956457496 0.363361329 0.384801 0.0314284861
    0.184811324 0.317862302 0.218596905 0.0220470428 0.120195538
    0.115166813 0.912499905 0.332204819 0.184081018 0.435338199
    0.305929124 0.648052931 0.399017781 0.973445177 0.972392917
    0.400865078 0.579888999 0.479385525 0.837468266 0.587195635
    0.0117862225 0.777916908 0.438255578 0.454612494 0.11139822
    0.829417109 0.412838757 0.26003933 0.183364034 0.833703935
    0.505672514 0.806176901 0.856016397 0.584944844 0.452893734
    0.588050485 0.456171662 0.715689003 0.0447112024 0.104946882
    0.602249026 0.621240735 0.432215989 0.353402108 0.905766845
    0.973763585 0.260373831 0.527967095 0.72326237 0.194341719
    0.897259653 0.691531301 0.699137986 0.596480846 0.534340262
    0.779560804 0.914892197 0.179840416 0.655863047 0.782448769
    0.598218262 0.268273413 0.416066229 0.364710629 0.261126041
    0.588228524 0.440282583 0.179744244 0.715295792 0.5050506
    0.0606741607 0.431337237 0.792418361 0.131596088 0.232468843
    0.200147837 0.349873245 0.625052273 0.754642665 0.894390047
    0.782300472 0.90882957 0.26068598 0.777195334 0.172561944
    0.951753736 0.675933957 0.363972753 0.255827159 0.0511113107
    0.488522053 0.818006635 0.906839252 0.812699676 0.860884786
    0.748919845 0.2198053 0.986787319 0.866350174 0.348586291
    0.896473646 0.796882987 0.15007484 0.61729449 0.420735121
    0.726635814 0.422562152 0.20944488 0.434010804 0.226490527
    0.992518306 0.33125627 0.302207232 0.0453892946 0.552269101
    0.219565004 0.606285572 0.371020615 0.865436673 0.230968267
    0.212476641 0.371327043 0.817032039 0.113543093 0.487163514
    0.736032844 0.261589229 0.815288663 0.10896191 0.0845845342
    0.23099032 0.373271972 0.640608549 0.140893221 0.0839193165
    0.504671991 0.901931345 0.925915837 0.54107815 0.801042557
    0.286741555 0.0393562019 0.182590127 0.959085345 0.727529943
    0.509637237 0.734936476 0.836966932 0.290870786 0.678650141
    0.319666684 0.862573624 0.152858645 0.554129601 0.887503922
    0.119229376 0.432666838 0.749889314 0.586525619 0.355168939
    0.0180559754 0.719620645 0.0451212525 0.264861822 0.259360492
    0.762745023 0.29889226 0.666013241 0.559604287 0.931543648
    0.187814891 0.194675118 0.448589325 0.683502436 0.350287467
    0.673735797 0.749514103 0.206930071 0.866901875 0.366017848
    0.288219035 0.858401537 0.037696898 0.51354301 0.00375294685
    0.56147629 0.179900795 0.836155772 0.8860147 0.623248875 0.948000312
    0.204920888 0.545576453 0.177781463 0.94360292 0.260319382
    0.401763797 0.0940264761 0.252218366 0.784250915 0.361920118
    0.22391504 0.821842253 0.24647221 0.228786558 0.286085188
    0.313452125 0.384743989 0.0889827609 0.935763478 0.448513895
    0.936932683 0.425168663 0.876383662 0.137013555 0.22078222
    0.00153240561 0.634771168 0.405017316 0.157249272 0.854336202
    0.585342169 0.866841197 0.94299233 0.94642812 0.0484519601
    0.953138113 0.429862171 0.81236136 0.022846818 0.301677465
    0.00443294644 0.125664651 0.252520025 0.824537039 0.292101264
    0.555961013 0.357347131 0.374787748 0.57141149 0.997443676
    0.896455109 0.32876265 0.376070261 0.200519621 0.501811206
    0.907814741 0.356717348 0.218418092 0.759634435 0.0129601657
    0.255736411 0.578749895 0.78610599 0.885921836 0.652759969
    0.84644258 0.0269784331 0.175157666 0.872102499 0.270195633
    0.0299923122 0.51520586 0.194435179 0.273201346 0.291916758
    0.106574476 0.400087774 0.935238004 0.683119297 0.217476577
    0.332065612 0.50325501 0.470983744 0.556167424 0.0743196309
    0.398342043 0.864675045 0.0254226625 0.0579328835 0.578214467
    0.963201642 0.831268072 0.271282405 0.723824382 0.124792278
    0.72929287 0.356291056 0.691395283 0.29343611 0.902126312
    0.299135566 0.0091701746 0.0264346302 0.0674541295 0.785179079
    0.825382948 0.63394165 0.0736257434 0.0404452085 0.0827212334
    0.451922715 0.489663035 0.468602002 0.496144086 0.0174089372
    0.709406972 0.809301972 0.524376094 0.678039789 0.131812871
    0.841844797 0.588898242 0.242893666 0.72056514 0.660697937
    0.640897036 0.855930686 0.43263346 0.107660294 0.883666635
    0.06559816 0.843093634 0.462399602 0.918017983 0.314338267
    0.29398948 0.364230335 0.00115868449 0.0181922913 0.709454
    0.957064629 0.569478989 0.867959976 0.56166935 0.403431088
    0.638633549 0.902052045 0.667188883 0.937137604 0.0551770627
    0.0516976416 0.560041249 0.404035717 0.855971217 0.299105525
    0.232075423 0.259988487 0.282891989 0.464758098 0.128232092
    0.370331973 0.638653457 0.660862327 0.396064758 0.922643006
    0.735406101 0.208510339 0.419320941 0.261795074 0.521737754
    0.249067754 0.930311441 0.208446681 0.226117909 0.596790314
    0.670243859 0.779064298 0.801475704 0.016895175 0.229396194
    0.231940091 0.549736917 0.732467532 0.128034115 0.664281249
    0.0931336582 0.539813817 0.677141547 0.711663663 0.503868937
    0.500677407 0.837020159 0.446817845 0.515080392 0.359233677
    0.915867805 0.748017967 0.00597819686 0.050347209 0.499670237
    0.0986402631 0.0964485705 0.572445869 0.694398999 0.610537887
    0.343172371 0.566196799 0.959751368 0.7775141 0.251792818
    0.945933342 0.0968690217 0.12131083 0.369846344 0.39294681
    0.602349579 0.0353918672 0.612112701 0.312874943 0.596253037
    0.149375737 0.77823174 0.935249448 0.40826878 0.99870801 0.112484902
    0.716387033 0.288052827 0.204618663 0.030956775 0.131272495
    0.579148054 0.903504848 0.49402681 0.682422996 0.324970394
    0.462643147 0.192713618 0.981771231 0.308369339 0.458363891
    0.382744372 0.488588631 0.865758121 0.042619884 0.567309976
    0.239472985 0.017355144 0.664583743 0.343422115 0.71734941
    0.164090484 0.238530576 0.379497111 0.997782588 0.467051923
    0.893921852 0.229959697 0.729114115 0.952213645 0.251694262
    0.912510514 0.894997001 0.238863796 0.747124374 0.681117773
    0.401733696 0.884865284 0.175167382 0.577091455 0.800304532
    0.540210128 0.69098866 0.306031615 0.92391032 0.801598668
    0.666911304 0.984993339 0.283996046 0.131304801 0.0257484019
    0.841021955 0.877532125 0.0952764153 0.505862713 0.349639833
    0.209613383 0.55585134 0.770393074 0.914768517 0.783654034
    0.182776034 0.99101603 0.594736278 0.759808838 0.202456295
    0.326366961 0.961616278 0.425428063 0.112403303 0.191272378
    0.160379499 0.0847857893 0.349301904 0.216911733 0.853776097
    0.92894578 0.250573695 0.160181403 0.470116436 0.77652657
    0.583044112 0.0165204704 0.144795924 0.905760765 0.0561834872
    0.19718942 0.707453191 0.46723932 0.143631458 0.523216605
    0.309216142 0.917143106 0.338914752 0.191175669 0.337478161
    0.046744436 0.766249955 0.30836457 0.531152427 0.359239459
    0.980085492 0.367745936 0.631382525 0.530263901 0.0189212263
    0.491170377 0.883451939 0.081885159 0.872946024 0.949446797
    0.53702271 0.366685778 0.780326486 0.945962429 0.231312484
    0.907083392 0.706926644 0.752799034 0.303908795 0.654110193
    0.792160511 0.294712812 0.789063573 0.740627885 0.585291147
    0.989757717 0.887469828 0.426432252 0.354525745 0.897723079
    0.942522287 0.276770234 0.731431484 0.264353424 0.948713422
    0.873605251 0.121925414 0.722289383 0.473837137 0.962095022
    0.542164564 0.598065853 0.753278375 0.381591678 0.00701746345
    0.209088176 0.511675119 0.449640095 0.170933068 0.722208917
    0.737845421 0.853709877 0.984264612 0.179577678 0.463476151
    0.332461596 0.371619225 0.631026387 0.973883748 0.740270257
    0.347364843 0.273197353 0.335875064 0.93945998 0.861361504
    0.338159829 0.551961899 0.805722833 0.861590445 0.0747795999
    0.58383888 0.692002773 0.402061403 0.592921615 0.64217937
    0.430338115 0.939302087 0.256716847 0.516163886 0.473746449
    0.606628656 0.557141364 0.949872732 0.256483197 0.731914759
    0.826414227 0.218787909 0.935697675 0.586573839 0.97023499
    0.464304835 0.00526204705 0.621196151 0.55661571 0.91251123
    0.0461556613 0.753223181 0.80111593 0.691858828 0.347276628
    0.0131643713 0.544156313 0.0404327214 0.183241189 0.640023112
    0.2208983 0.853398442 0.472475231 0.229583293 0.330339611
    0.615986466 0.477928102 0.892753124 0.661914527 0.429237038
    0.498325586 0.954932809 0.0712824464 0.798764408 0.548391223
    0.805984735 0.955480456 0.268530786 0.769339442 0.659257293
    0.799609959 0.0692409575 0.599341869 0.65839839 0.80195111
    0.221720457 0.317905158 0.585186899 0.670164347 0.551632285
    0.539767563 0.585957706 0.971960425 0.984860897 0.425177157
    0.510731637 0.203051716 0.868420601 0.0023483932 0.097250849
    0.454561919 0.990066409 0.499827683 0.511994302 0.72074157
    0.255640596 0.120319098 0.020457685 0.1539464 0.463575214 0.70459342
    0.220665157 0.773249626 0.935937166 0.571697235 0.588754892
    0.854376793 0.747232854 0.312706113 0.567911446 0.387925237
    0.0564198792 0.482348204 0.202919334 0.637053847 0.343013525
    0.0894041657 0.977214992 0.641290069 0.843733788 0.602825999
    0.607301593 0.385977983 0.99379003 0.177499473 0.990099072
    0.436155677 0.808620691 0.899052322 0.404248893 0.439713955
    0.699880481 0.284831524 0.258420169 0.476651073 0.850541592
    0.229773551 0.597767234 0.373426139 0.0611263514 0.729827404
    0.51039046 0.50981003 0.603714645 0.586339474 0.704188347
    0.248293459 0.172300488 0.108372658 0.700273633 0.617451549
    0.241276383 0.995510876 0.850801826 0.291678429 0.343677789
    0.00500065088 0.0552663803 0.215448618 0.547639132 0.38082248
    0.376004428 0.256510347 0.473626494 0.0491758883 0.809717894
    0.251640379 0.880878389 0.978366315 0.570281804 0.937132239
    0.404212475 0.10049367 0.704931319 0.630644679 0.543382704
    0.276518285 0.991399884 0.108204395 0.0501713455 0.948831856
    0.474612355 0.168573558 0.936438918 0.505634367 0.803351581
    0.709019184 0.19461748 0.366590321 0.544875622 0.145441234
    0.537241101 0.231575936 0.0438173711 0.671884835 0.662151873
    0.452581137 0.402170241 0.759295881 0.127382874 0.298539042
    0.0476935208 0.0704889596 0.464571595 0.257838309 0.770191669
    0.996210933 0.184538871 0.268095732 0.540448725 0.546216547
    0.808764458 0.468549669 0.8317132 0.267554998 0.625230074
    0.585930586 0.0594611764 0.987629712 0.111848474 0.845055878
    0.24679026 0.653761268 0.924188972 0.178543091 0.693535864
    0.0830042064 0.741894603 0.000686317682 0.174960762 0.54848665
    0.793644428 0.0540571213 0.357341319 0.898012638 0.446784735
    0.152801782 0.299187779 0.395131588 0.673558712 0.705071688
    0.748289466 0.550002396 0.00847321749 0.145298541 0.645137608
    0.182509601 0.304090023 0.6108796 0.848015428 0.936291814 0.40788722
    0.469999701 0.811195493 0.208119512 0.187978774 0.795816779
    0.700412393 0.859185278 0.919223666 0.891641498 0.0163007677
    0.591781795 0.168254375 0.276212424 0.649739146 0.811865807
    0.828737736 0.0354255438 0.396008164 0.304743528 0.953773856
    0.540109754 0.81181407 0.585998893 0.695529401 0.0864667892
    0.735992491 0.395210743 0.432673991 0.183683217 0.137684077
    0.281949997 0.258505553 0.0152212381 0.933380485 0.589355528
    0.504719436 0.639699876 0.470753163 0.041316092 0.468248993
    0.104151279 0.950921893 0.52255106 0.606216908 0.117743284
    0.0828576386 0.777836561 0.00822550058 0.927653193 0.656017363
    0.709622741 0.576184392 0.690826952 0.106122077 0.888515949
    0.466013461 0.376969248 0.623536706 0.597000599 0.758697987
    0.378250241 0.461570024 0.120303392 0.673414469 0.204265118
    0.795689583 0.328543365 0.826881647 0.334464699 0.315224886
    0.368790507 0.322917759 0.868809819 0.310788691 0.784478128
    0.985352039 0.029111445 0.82930243 0.69548744 0.767579556
    0.534655035 0.0304934978 0.364338368 0.621159434 0.563191473
    0.463437051 0.184084475 0.43715623 0.992201447 0.784353256
    0.216553539 0.778801203 0.4977763 0.460062742 0.590513766
    0.839216113 0.734863698 0.467508018 0.707177877 0.770155907
    0.900582075 0.512466788 0.812025547 0.912202477 0.548024416
    0.243870765 0.0325329602 0.409098566 0.00511860847 0.583843827
    0.989959717 0.567058206 0.335981101 0.865070641 0.444916576
    0.227091223 0.848464012 0.072055012 0.99700588 0.11513412 0.25359422
    0.573649108 0.852558017 0.523287416 0.697132349 0.104932636
    0.17712158 0.19287774 0.697817802 0.576085925 0.121835709
    0.0319037437 0.329138249 0.700598717 0.32891494 0.94063592
    0.0373577178 0.0211862624 0.24817431 0.15331015 0.109041482
    0.571991146 0.123335689 0.494770288 0.456707716 0.852169633
    0.530735314 0.174634844 0.0979636908 0.215949565 0.768013954
    0.312472165 0.708956122 0.359540582 0.113359362 0.770935178
    0.182302058 0.327487171 0.520654857 0.250372171 0.763278008
    0.249981076 0.0963059962 0.417841792 0.648046017 0.878885031
    0.859962583 0.016471386 0.298659354 0.668195903 0.21129027
    0.767559946 0.331877321 0.125137389 0.589628518 0.358020902
    0.938961208 0.016663909 0.32233882 0.874088764 0.0294460654
    0.652553916 0.956022501 0.387070119 0.260314792 0.735268533
    0.9136163 0.264370322 0.291774124 0.730740786 0.916766524 0.58947432
    0.540679216 0.254750848 0.82458055 0.985324264 0.46943441
    0.630069494 0.591311753 0.0295420885 0.96778053 0.558313191
    0.671303749 0.686214805 0.0482327938 0.863667905 0.482846826
    0.71807456 0.870619655 0.48531127 0.779126763 0.662580848 0.92957139
    0.315226912 0.151129335 0.833844364 0.285288304 0.213149011
    0.562105715 0.0927341282 0.320685178 0.610324979 0.840667903
    0.973735094 0.568859458 0.791579127 0.679527462 0.427179396
    0.1523408 0.424498975 0.209183991 0.00206276774 0.904697061
    0.377536565 0.963647604 0.39872086 0.926860094 0.185017616
    0.0864000022 0.556645691 0.694942355 0.700854301 0.688952863
    0.759125352 0.705512643 0.583857417 0.943382859 0.164788097
    0.182645082 0.797792375 0.0497075319 0.183656603 0.604373813
    0.110092431 0.598462045 0.740541637 0.780961275 0.724677801
    0.28652668 0.868215501 0.831008971 0.867996216 0.665933728
    0.810456336 0.669909298 0.269097567 0.210969567 0.446190596
    0.844118476 0.154594004 0.883259058 0.567731977 0.764705062
    0.0772202611 0.535833955 0.495400131 0.510371327 0.831570566
    0.636008739 0.35429889 0.0192796886 0.93094027 0.610350907
    0.261734188 0.203136802 0.507011771 0.5721277 0.833465219
    0.711302042 0.161580384 0.210123241 0.265904039 0.250447989
    0.712688863 0.624305427 0.522725523 0.272157371 0.777664721
    0.557986975 0.525994301 0.358733773 0.415681779 0.0060557127
    0.952316642 0.0788029134 0.338808745 0.257056236 0.219155997
    0.5595662 0.489289045 0.156654507 0.967638731 0.0210346282
    0.33476609 0.213178366 0.00910508633 0.861285329 0.177193016
    0.165402651 0.279812843 0.194672078 0.484653264 0.597776473
    0.942798495 0.596628308 0.0747667253 0.145720124 0.2017138
    0.0143188238 0.0489403009 0.434481114 0.192843974 0.648887634
    0.172594577 0.392386138 0.677682579 0.657690585 0.598561287
    0.260612667 0.166480243 0.570630729 0.752438962 0.694971085
    0.965102673 0.778724253 0.655158639 0.867550015 0.558567166
    0.583911777 0.887158155 0.57638222 0.540066242 0.603377223
    0.284688234 0.500545025 0.0861876607 0.619179904 0.204060346
    0.643329859 0.570578873 0.91965884 0.739694238 0.983475804
    0.997022152 0.234388113 0.435420007 0.343942821 0.755810022
    0.907161415 0.664220214 0.728479683 0.713981867 0.595039308
    0.0429347157 0.822445512 0.746388674 0.149110228 0.14986366
    0.936054766 0.705102563 0.113466173 0.0563943088 0.206317425
    0.337873131 0.119231701 0.556274116 0.490531504 0.418416172
    0.468598187 0.64157033 0.922848761 0.281861186 0.360370994
    0.483668447 0.918051541 0.10128817 0.410676181 0.620138407
    0.373978853 0.8235147 0.122769684 0.997393608 0.714154601
    0.955417216 0.261971951 0.505840838 0.64160043 0.877672553
    0.616577268 0.99790138 0.567326486 0.663556635 0.508684039
    0.943998814 0.441924751 0.593327165 0.59633702 0.9320032 0.650732875
    0.728437185 0.126943618 0.271939397 0.387031674 0.708712041
    0.249246925 0.715647697 0.128673017 0.786836386 0.665970266
    0.300283313 0.571881354 0.615450501 0.491229743 0.135025054
    0.402492493 0.733929515 0.210243762 0.235232264 0.922891021
    0.528594077 0.766266942 0.680823326 0.944261014 0.615124702
    0.689189136 0.150459319 0.174556524 0.589593232 0.730283856
    0.3936643 0.344570398 0.534692347 0.650618017 0.331522852 0.86772871
    0.16874072 0.906139255 0.555306375 0.0202509761 0.821172833
    0.348346829 0.765934348 0.651665449 0.0219961405 0.511471033
    0.501763701 0.324437022 0.352820545 0.0710108578 0.0338080525
    0.677137971 0.605609894 0.843041539 0.734070957 0.506196558
    0.92697221 0.0671341121 0.41946429 0.735774934 0.838198662
    0.989079714 0.322064877 0.704169273 0.306862056 0.0576120615
    0.0581708252 0.442130357 0.241331607 0.352631211 0.988722444
    0.88739568 0.285054892 0.644031167 0.726222396 0.645394981
    0.149018973 0.120806962 0.715794683 0.269533217 0.756565154
    0.952965379 0.00891035795 0.0173063874 0.354382783 0.257081807
    0.881415844 0.817983985 0.860830247 0.343574822 0.213682055
    0.342180252 0.977058172 0.984839201 0.122219563 0.156342685
    0.47895202 0.38318181 0.922326684 0.408809215 0.959839225
    0.436520517 0.639816761 0.348963141 0.311280668 0.6483711 0.72584033
    0.0172456801 0.226669759 0.558462858 0.413489461 0.0428116322
    0.583732903 0.50688225 0.682959437 0.209430248 0.476879895
    0.357832491 0.576959312 0.0345567465 0.485826612 0.912333667
    0.844169378 0.277248561 0.545447052 0.638975203 0.522077322
    0.88720727 0.670721889 0.517401099 0.831449032 0.957996368
    0.760746956 0.21293065 0.921704769 0.159459382 0.818731725
    0.247912973 0.483758479 0.513472497 0.851406634 0.633219182
    0.0331517458 0.14753437 0.881114662 0.0503880382 0.442899466
    0.479014039 0.77788502 0.299542904 0.171108365 0.329956323
    0.879302025 0.281709135 0.0412678123 0.239714593 0.325387359
    0.698304534 0.372855693 0.153798163 0.254680932 0.0983028114
    0.103927881 0.50819999 0.661284685 0.0103315711 0.718120217
    0.35436964 0.825638354 0.566851854 0.331636488 0.664338231
    0.370321989 0.109319955 0.318952411 0.0172446966 0.746621609
    0.676058054 0.221011132 0.148965538 0.701139688 0.659133613
    0.533218563 0.64831841 0.541456282 0.278526902 0.0911877751
    0.973811388 0.74548173 0.771681309 0.672967196 0.533034921
    0.0310911238 0.610567033 0.143508911 0.496212989 0.326509953
    0.733312249 0.424057275 0.958529294 0.65794003 0.519642115
    0.39571017 0.661956668 0.971670747 0.906395376 0.291125387
    0.723699749 0.0406600535 0.934668064 0.191467166 0.767379642
    0.369533122 0.490624517 0.564982176 0.377787173 0.842050076
    0.9140414 0.624322414 0.0148542225 0.569691896 0.335316718
    0.938869238 0.666303694 0.124598116 0.465065986 0.980188012
    0.383863658 0.340303957 0.241601735 0.156664908 0.631690741
    0.539441049 0.254639953 0.212902516 0.0748519301 0.0593601167
    0.679143488 0.705839753 0.820600748 0.353969693 0.645103037
    0.804931819 0.318180114 0.594708264 0.492087483 0.486823916
    0.19145456 0.659815729 0.266807437 0.357774764 0.626400769
    0.850940168 0.410221606 0.138560504 0.772246659 0.105393112
    0.577037096 0.884627819 0.609089136 0.63634491 0.325732589
    0.545334101 0.261932731 0.639018178 0.832230449 0.147421986
    0.706650794 0.612495065 0.256812334 0.285032809 0.445649832
    0.54949832 0.018620491 0.521793425 0.0669873357 0.872695923
    0.380909681 0.633787334 0.989702582 0.778772533 0.813741446
    0.557991683 0.667528987 0.64807725 0.10426861 0.203237444
    0.859926999 0.7847175 0.0198683739 0.63841176 0.739119351
    0.227068514 0.523720264 0.683041215 0.66388768 0.818208814
    0.345947981 0.0775509477 0.538614511 0.392530471 0.548146248
    0.540990949 0.371679783 0.975259542 0.075342536 0.805492401
    0.188220233 0.423485309 0.775414586 0.275467157 0.368380487
    0.0407523513 0.550821424 0.17500639 0.441866934 0.490443707
    0.797338009 0.852856755 0.708013475 0.68058151 0.630308151
    0.542799115 0.828561246 0.558307886 0.164344221 0.715354919
    0.391463339 0.540990353 0.714076996 0.106228977 0.0834206045
    0.274445236 0.570762753 0.998638749 0.583370209 0.698315203
    0.189916521 0.638076305 0.682089329 0.620329857 0.340003967
    0.700407147 0.326446503 0.326221406 0.730681002 0.659615993
    0.459139287 0.390396535 0.539721549 0.88355875 0.0779920816
    0.463836193 0.375607252 0.724813879 0.900369227 0.968335748
    0.540868998 0.66457653 0.586050153 0.521968722 0.244059056
    0.161739409 0.0353043675 0.580291808 0.679515243 0.00702702999
    0.328099549 0.909663618 0.0403879285 0.976019681 0.851221621
    0.181497812 0.83492738 0.449721962 0.0550099015 0.0208363533
    0.883370519 0.0286742449 0.000888556242 0.548426747 0.573212206
    0.864956498 0.96235621 0.959355474 0.296278477 0.307652682
    0.743598402 0.459395826 0.982581139 0.204952657 0.644741118
    0.141839504 0.488328665 0.338359416 0.538384914 0.685407519
    0.146365613 0.383257776 0.0202594995 0.666832507 0.68223834
    0.624337435 0.428784579 0.951818228 0.349114001 0.847093523
    0.191760212 0.57602787 0.403300345 0.287466019 0.897678375
    0.658961236 0.560062826 0.991972268 0.076426059 0.36215049
    0.499100834 0.244074732 0.77314198 0.816355169 0.761759758
    0.869031131 0.822371244 0.880934596 0.688182712 0.841296196
    0.508760929 0.949385762 0.786459148 0.639872491 0.141053766
    0.00651410222 0.618116617 0.0412425399 0.824359238 0.933846235
    0.184136361 0.162233651 0.540867031 0.831717074 0.794730902
    0.0637066066 0.0139176846 0.261144936 0.0429964066 0.708568931
    0.385155618 0.432698488 0.940909326 0.475347787 0.779188395
    0.128024668 0.342401087 0.212500095 0.941554546 0.55596137
    0.197546512 0.865993857 0.0965946019 0.919113934 0.675462842
    0.0520249605 0.94478035 0.356487691 0.930169582 0.767860532
    0.45790112 0.210048378 0.561413884 0.52989012 0.734468281
    0.524585307 0.334174335 0.904003024 0.672202766 0.159276962
    0.449343503 0.958874464 0.107909799 0.655712545 0.363417685
    0.0219622254 0.617271602 0.822518826 0.82782644 0.264685631
    0.0684682429 0.0383189619 0.905039728 0.557863235 0.135074139
    0.188768834 0.518833816 0.381780237 0.867339134 0.0820612311
    0.918329775 0.652955949 0.216980845 0.367324084 0.587034345
    0.748820424 0.315896869 0.177470714 0.650690854 0.529440403
    0.944399953 0.14763841 0.293682516 0.0672856569 0.946634769
    0.126867384 0.705261409 0.86157167 0.0753157437 0.699643016
    0.832669616 0.502375126 0.356340051 0.726747215 0.013335526
    0.485836685 0.677096605 0.450369149 0.215652347 0.912776351
    0.514645517 0.649309874 0.0363779962 0.884800673 0.413085401
    0.358005404 0.299624741 0.847361445 0.610613704 0.627384186
    0.268557966 0.963363647 0.698308825 0.580146611 0.310161918
    0.208878934 0.134163886 0.762423754 0.884872437 0.175629407
    0.251054943 0.773871064 0.072160393 0.206395149 0.412402272
    0.898958862 0.716212153 0.608690083 0.998039722 0.705714345
    0.135369211 0.433638334 0.02330634 0.69349587 0.822490215
    0.0856484473 0.425955594 0.387887299 0.470283657 0.714302897
    0.702747583 0.390277833 0.124236643 0.325204343 0.134913832
    0.757053852 0.0896254778 0.0690671206 0.31673193 0.8272717
    0.708471656 0.688311219 0.362288147 0.996691346 0.0610560179
    0.764678597 0.771081924 0.776042938 0.954939187 0.985735059
    0.756829262 0.181431293 0.780312657 0.316623211 0.763721406
    0.0678758621 0.36851126 0.720014095 0.980098546 0.399996132
    0.635431886 0.860532701 0.364822268 0.48384589 0.890938282
    0.226246357 0.695902228 0.08404845 0.781860888 0.187815905
    0.561637521 0.343138516 0.0898004174 0.661474943 0.652819395
    0.038705349 0.329293787 0.436673731 0.527882159 0.265119195
    0.796900988 0.169803649 0.650698841 0.761636615 0.575815558
    0.227288663 0.440062404 0.510768175 0.997994781 0.461703598
    0.754755616 0.372025818 0.107423812 0.573322296 0.638542712
    0.744441509 0.151176304 0.696552992 0.330653846 0.0182375312
    0.961808324 0.754409671 0.030975312 0.637940288 0.0431936085
    0.667992949 0.323560655 0.97886622 0.449762255 0.24176845
    0.630866408 0.549448967 0.425582051 0.340917706 0.657746017
    0.331297874 0.653757393 0.97238028 0.599941134 0.353536844
    0.265967041 0.19881627 0.888080776 0.216669589 0.42116642
    0.491534948 0.172582835 0.0988945365 0.66637218 0.381535888
    0.92290014 0.00960457325 0.933373094 0.728143513 0.636392355
    0.447225511 0.995723188 0.261666059 0.715776563 0.0393616557
    0.313717097 0.904987454 0.0999931395 0.927838087 0.57134521
    0.137126029 0.305630684 0.44605273 0.711486578 0.675038636
    0.735653639 0.696455538 0.911897957 0.208866894 0.701474488
    0.0028475821 0.474870175 0.022919476 0.16825372 0.42621696
    0.702295899 0.636679888 0.894793153 0.314483583 0.357670307
    0.501331985 0.287999183 0.637466908 0.933588326 0.952664971
    0.160027117 0.0734096467 0.738999009 0.459918112 0.465223074
    0.533795536 0.484992862 0.412327051 0.146562278 0.484709054
    0.582584858 0.820151448 0.484716594 0.46495229 0.748379469
    0.569389582 0.951310277 0.151005775 0.712664187 0.291295886
    0.233800113 0.339385569 0.696603775 0.229664654 0.831955492
    0.883202314 0.347896695 0.975282133 0.255284071 0.287763566
    0.100963444 0.818004489 0.0721479356 0.982275367 0.705467999
    0.649629414 0.418330252 0.275692523 0.0973590612 0.549272418
    0.533939481 0.441641867 0.850536585 0.244257748 0.537065685
    0.507524729 0.842845201 0.454160094 0.0905263722 0.110426337
    0.274044126 0.249818146 0.793712497 0.346272111 0.681016386
    0.38072753 0.522870004 0.0507003963 0.66932863 0.640653074
    0.692389965 0.96225214 0.7173419 0.835160971 0.693923771
    0.0420092344 0.415255755 0.609316111 0.937763214 0.0128634572
    0.355634809 0.803414822 0.306053042 0.530106366 0.553391874
    0.0692847371 0.0137801766 0.951716661 0.177893072 0.615685344
    0.340964139 0.603226423 0.62210393 0.88756156 0.590868235
    0.151507854 0.365062118 0.219909549 0.434045196 0.377916753
    0.584983408 0.523464024 0.695495546 0.750266194 0.3257972
    0.876556456 0.728988409 0.589664221 0.563123882 0.0465472341
    0.935445905 0.595401943 0.20178166 0.257120788 0.636801004
    0.263279766 0.263500631 0.673370123 0.577269554 0.0624866188
    0.794979274 0.877020717 0.626961946 0.0706936419 0.363653183
    0.0763270259 0.598801911 0.613884866 0.557893276 0.0722696185
    0.54935807 0.830082297 0.230089456 0.885583818 0.822015584
    0.257123947 0.938024402 0.947507858 0.894124746 0.726203382
    0.417406112 0.87422502 0.326948196 0.312562823 0.797552228
    0.359295815 0.105983198 0.255112678 0.69897157 0.862216115
    0.322853208 0.0100858212 0.727309287 0.413372338 0.540987432
    0.451265275 0.669578135 0.04589504 0.80637002 0.19934985 0.609718084
    0.00224998593 0.0182971656 0.463634253 0.947570026 0.410863668
    0.705504775 0.141666561 0.243241936 0.437038362 0.984784305
    0.402965248 0.738904893 0.511095643 0.446439177 0.31742537
    0.979470491 0.546503305 0.188770741 0.899724841 0.952626348
    0.0459036529 0.314006299 0.472323954 0.315404117 0.0486047566
    0.228635818 0.627369463 0.0136015415 0.329969049 0.712692022
    0.462423682 0.158418059 0.651363194 0.341565609 0.0990740359
    0.614392221 0.597257853 0.110036433 0.0582120121 0.346404254
    0.273395926 0.229552716 0.327920914 0.991465807 0.645081639
    0.0477474034 0.0570585728 0.485953629 0.793652177 0.605354667
    0.6213817 0.448938668 0.764903545 0.977764606 0.827791333
    0.180893153 0.891443372 0.467390537 0.222636044 0.908270955
    0.467722625 0.649559736 0.0404069424 0.0731701851 0.748250723
    0.569381714 0.726246476 0.30525586 0.0160723329 0.95598954
    0.753468335 0.448688149 0.78669405 0.233379453 0.862540483
    0.727923512 0.689393044 0.288820058 0.349566638 0.545900822
    0.632191002 0.791490018 0.241745144 0.96700716 0.274022251
    0.0889734328 0.411328197 0.704011679 0.455350041 0.354088992
    0.631326199 0.0458028018 0.176632285 0.0288925171 0.137122482
    0.169576287 0.765354812 0.564319849 0.0741136372 0.864513457
    0.941145539 0.817452908 0.426059723 0.422479868 0.129598111
    0.0604119301 0.00308662653 0.510211885 0.0404961705 0.421647608
    0.0841744244 0.827671766 0.620136857 0.979227483 0.65408963
    0.750770152 0.484141767 0.800209761 0.242703736 0.597138643
    0.179616988 0.140618533 0.517115057 0.394944608 0.693865776
    0.364384592 0.219525188 0.358419716 0.427361071 0.966856599
    0.512669742 0.849403858 0.85463357 0.314782381 0.409672558
    0.804825425 0.751621008 0.917991877 0.179451495 0.855435729
    0.0834988356 0.55852282 0.215839654 0.298625588 0.230587721
    0.495145202 0.691785395 0.668810308 0.450928509 0.250766098
    0.933184266 0.369108081 0.253607392 0.0857198238 0.0481363237
    0.411588639 0.239864528 0.292523861 0.0539622307 0.89693737
    0.326716959 0.417342544 0.96256566 0.913311243 0.248577923
    0.0684559643 0.0180794597 0.424577236 0.548370361 0.870235801
    0.410985559 0.982668281 0.606703877 0.801331878 0.77064383
    0.0678345561 0.99562633 0.235537499 0.39697659 0.582950115
    0.540829659 0.266595721 0.509293258 0.266849041 0.558223486
    0.799698472 0.873949766 0.257262081 0.690428138 0.255061418
    0.567709327 0.795102119 0.136356682 0.0170883834 0.74100697
    0.810915232 0.327892125 0.964695692 0.718826056 0.808847308
    0.166889399 0.421156466 0.882588983 0.611914814 0.143155366
    0.130155385 0.530582786 0.127925426 0.930571556 0.42506218
    0.736590385 0.452307254 0.730202854 0.0116560459 0.08744964
    0.135947198 0.679092169 0.533669651 0.59928292 0.0168074369
    0.285603225 0.216398239 0.554091692 0.802800298 0.807755351
    0.700713575 0.65926981 0.185014963 0.504996359 0.0132851601
    0.741108894 0.45865649 0.232589215 0.525250256 0.523508072
    0.406329602 0.89833498 0.420147538 0.503085434 0.874668121
    0.767565846 0.031812489 0.174270779 0.880290627 0.422182292
    0.583976805 0.469965845 0.401561737 0.795357823 0.651448071
    0.0971182585 0.436836123 0.570692778 0.103820384 0.744506717
    0.302503794 0.919441998 0.904849887 0.393470734 0.0849474072
    0.471007735 0.720009983 0.0829255283 0.293740869 0.438741475
    0.400885046 0.464303613 0.530001462 0.437585056 0.177149713
    0.473845482 0.884843707 0.61142987 0.236992985 0.168284386
    0.631550848 0.847815633 0.960218132 0.556563079 0.789781809
    0.0576821864 0.468979925 0.409541249 0.693928182 0.0442300439
    0.625866413 0.857213736 0.238757193 0.292962343 0.589772582
    0.376978815 0.151034415 0.493972719 0.463880002 0.404579639
    0.645902038 0.756318212 0.0699418783 0.662972689 0.817216873
    0.125837266 0.951922953 0.279630899 0.47766152 0.819593668
    0.56623888 0.77594173 0.991291761 0.988863826 0.79875195
    0.0218585134 0.144212514 0.748540282 0.839648247 0.658712387
    0.631925106 0.366749763 0.829035759 0.906507492 0.895747662
    0.752351046 0.364951462 0.185839057 0.000197142363 0.20867607
    0.0818040371 0.228245258 0.0463258326 0.276405662 0.811225653
    0.950450003 0.433167964 0.446105242 0.246346354 0.37965259
    0.338493466 0.265618116 0.249846786 0.0908351243 0.445459336
    0.621365488 0.0940772593 0.786658883 0.445194036 0.388777971
    0.236633688 0.541052938 0.00539591908 0.420694351 0.891265869
    0.39490971 0.17482698 0.666617811 0.746389568 0.318399608
    0.284664631 0.141012311 0.239493757 0.195122123 0.0783683658
    0.168661088 0.341116011 0.61361903 0.532948554 0.49677214
    0.578527868 0.113299161 0.962172866 0.170954138 0.99117434
    0.553169727 0.209492326 0.535088599 0.448035061 0.0827884674
    0.875029802 0.739422083 0.0131970644 0.433590353 0.372860074
    0.279097736 0.0284785628 0.224315226 0.555515349 0.0367910862
    0.699601114 0.915391922 0.206706554 0.175354838 0.0933332145
    0.502029955 0.756362438 0.131157935 0.963217914 0.567275047
    0.672289073 0.576716661 0.672116339 0.299225509 0.482585102
    0.514027357 0.0168783665 0.639523983 0.46350497 0.585661113
    0.238986969 0.00235521793 0.807364047 0.493428558 0.7731601
    0.0884730816 0.981786013 0.551415861 0.575005114 0.702770472
    0.877256513 0.910709858 0.629468501 0.873927832 0.550268352
    0.788245082 0.326616228 0.800319016 0.739207566 0.0217872262
    0.922652483 0.500057817 0.0281084776 0.271996498 0.103738636
    0.681612313 0.788835227 0.479284376 0.915024996 0.370825082
    0.261464268 0.448845029 0.00385665894 0.360993624 0.23864603
    0.635498822 0.42732805 0.908308387 0.130516261 0.034106791
    0.45905447 0.805356145 0.899420977 0.685717106 0.160315156
    0.94158566 0.0559735 0.919633627 0.0205828547 0.86853385 0.968673825
    0.380275428 0.115163475 0.389006376 0.344483554 0.863259435
    0.359923601 0.794458151 0.690345466 0.621114612 0.949597597
    0.948032737 0.222495437 0.760103166 0.637277722 0.732156277
    0.312642485 0.173756659 0.588062465 0.225295335 0.227021068
    0.236734629 0.824335873 0.304533839 0.929462671 0.971167326
    0.0153874755 0.468592316 0.253330171 0.511595964 0.373658448
    0.444550693 0.130303472 0.149471253 0.44779709 0.812242746
    0.365585864 0.689275742 0.374997318 0.83507508 0.746890306
    0.675648808 0.016831398 0.8961851 0.0301772058 0.618806243
    0.0373478234 0.848940432 0.874088764 0.96405983 0.947445989
    0.627529025 0.185745031 0.596087754 0.448475093 0.267299891
    0.017146349 0.844843328 0.378011227 0.344360918 0.0406502187
    0.922641158 0.472070366 0.894238353 0.992256343 0.393566519
    0.797006786 0.27502954 0.292628348 0.805789471 0.428455412
    0.458808064 0.347905993 0.160499513 0.911074519 0.23450613
    0.761322021 0.223702192 0.163896739 0.0100703835 0.473763019
    0.131738394 0.868340433 0.0243106782 0.13891834 0.893100858
    0.832264185 0.0247493982 0.41658783 0.735919833 0.584724426
    0.422059745 0.130702347 0.463488489 0.811171651 0.95051074
    0.470698774 0.553929269 0.325867087 0.428282738 0.560033143
    0.850675583 0.467009962 0.409094095 0.220127344 0.859893143
    0.827696562 0.0449233353 0.621333897 0.960231066 0.0968324542
    0.31970942 0.558590651 0.0679346323 0.398937464 0.581505835
    0.52330029 0.612797439 0.0901626348 0.347137749 0.571351469
    0.997159243 0.0825682282 0.0812124312 0.654278636 0.700183034
    0.271134228 0.32330811 0.734714031 0.200870365 0.395825088
    0.250020385 0.733295679 0.273441136 0.745537698 0.743661761
    0.874116421 0.357665062 0.710358143 0.327120125 0.251055479
    0.786493242 0.501881897 0.0783068836 0.0918915272 0.796580315
    0.642170191 0.133271188 0.40933913 0.194187284 0.473002493
    0.450291514 0.965844452 0.502736926 0.658938289 0.39025268
    0.987470269 0.390162677 0.664148927 0.517560184 0.380569726
    0.620239675 0.483870476 0.97217375 0.819105387 0.0878487229
    0.485450506 0.850556135 0.466211081 0.272420764 0.557432115
    0.777924776 0.438585967 0.746582985 0.304178953 0.249366611
    0.0895100832 0.8198632 0.891117215 0.28482002 0.383562088
    0.667072833 0.558791578 0.869140327 0.388593644 0.808920503
    0.270952821 0.568489611 0.234735817 0.1192711 0.669568598
    0.0499335527 0.46254003 0.354763329 0.130398333 0.306735516
    0.470476359 0.354443789 0.423039317 0.83810091 0.433976799
    0.306934297 0.316779882 0.134331882 0.833170474 0.545091987
    0.587619424 0.231859595 0.446707606 0.922963142 0.0927442014
    0.72983712 0.479372531 0.00432506204 0.255456686 0.501040161
    0.0677161813 0.233654469 0.463235199 0.441157222 0.416480839
    0.99430269 0.220118284 0.914559782 0.288197756 0.26523304
    0.0323792696 0.890895963 0.957306981 0.0206906199 0.48600021
    0.138531953 0.877554655 0.0672990382 0.494484633 0.241428018
    0.630552053 0.103150755 0.659266174 0.625447512 0.440007895
    0.978271246 0.822503924 0.395112336 0.265856713 0.224500448
    0.794846058 0.186794013 0.448985875 0.600027025 0.158888221
    0.256833971 0.604633987 0.368403912 0.729936242 0.602588117
    0.217353135 0.130977482 0.0284758508 0.754088938 0.308006287
    0.558916569 0.35221374 0.798294008 0.270183802 0.716649175
    0.104789406 0.475194514 0.493812561 0.613757849 0.807229102
    0.93263191 0.440339833 0.0670786202 0.730172992 0.0389079154
    0.95101577 0.798495173 0.697974324 0.58731997 0.165157259
    0.319492728 0.67097497 0.511547863 0.141141385 0.862043619
    0.542247355 0.852308273 0.849002957 0.734422386 0.0274644494
    0.914957047 0.753206611 0.722585559 0.739909708 0.488643378
    0.878863394 0.281029731 0.777536869 0.00103202462 0.682388783
    0.936305165 0.924771667 0.340172261 0.652006209 0.468211204
    0.321790934 0.629940927 0.245099634 0.922990561 0.558606207
    0.882163167 0.0982540548 0.0201319158 0.938455343 0.570490718
    0.636044323 0.769208312 0.409186184 0.365674913 0.248523623
    0.969279408 0.957633257 0.398108125 0.541975677 0.999347448
    0.577834725 0.172220737 0.133825421 0.46114859 0.738793075
    0.818338156 0.572618961 0.410970211 0.845604777 0.429494888
    0.0577991605 0.499259323 0.874299645 0.255658507 0.794982672
    0.483992934 0.755179644 0.0693525076 0.827820003 0.217617899
    0.39234519 0.313902795 0.024615109 0.363430828 0.4308303 0.631732106
    0.248138517 0.816322446 0.254291564 0.533199847 0.686134338
    0.582366347 0.412795246 0.149716914 0.831925988 0.844869733
    0.735318065 0.479787171 0.381403089 0.079436481 0.310499072
    0.422621816 0.203571349 0.222045034 0.678148627 0.723710895
    0.599631965 0.932177603 0.510120332 0.1653139 0.193412185 0.41166985
    0.044667542 0.802890062 0.26940608 0.6383968 0.131074786 0.772339702
    0.00516605377 0.998687446 0.085896343 0.478055328 0.800667524
    0.512502313 0.439778328 0.88377285 0.434672505 0.214691401
    0.342733443 0.274276555 0.647262394 0.113115817 0.912760973
    0.74511236 0.849594593 0.0269273818 0.861630559 0.292824656
    0.347442985 0.90699333 0.749669969 0.282836139 0.0232700706
    0.667658925 0.213873923 0.454573929 0.297050744 0.60907346
    0.793037772 0.200107485 0.447269082 0.632446051 0.473379612
    0.0169897974 0.315894634 0.211562842 0.754388273 0.0485373735
    0.856039762 0.457821399 0.487308532 0.826546669 0.643680751
    0.884548128 0.41589883 0.109533459 0.0741617978 0.306615174
    0.442286193 0.724973083 0.287610769 0.669016421 0.156503052
    0.0698884726 0.801309288 0.532940626 0.354309678 0.461950868
    0.259199619 0.00184053183 0.0918603539 0.315880686 0.859411478
    0.998542905 0.651255369 0.787294745 0.822944164 0.720710397
    0.300703406 0.530114412 0.0690622032 0.436935306 0.344166994
    0.0607905984 0.00190982223 0.285323143 0.344157904 0.3054263
    0.853652 0.349826396 0.036275059 0.345339 0.599922657 0.31638056
    0.134734988 0.991493106 0.499430388 0.346073866 0.195307076
    0.772476077 0.525714517 0.854106665 0.354691178 0.722394466
    0.102639169 0.797832906 0.616046548 0.0332134366 0.218989313
    0.52020216 0.644671857 0.184813559 0.227336109 0.277588725
    0.788576245 0.606643498 0.517409444 0.799403429 0.0363717377
    0.212856412 0.64424789 0.281645775 0.702104628 0.994051516
    0.422208071 0.692592144 0.629138827 0.828240275 0.83838743
    0.454984546 0.108173877 0.423146784 0.636698604 0.135137141
    0.105465114 0.764527917 0.141336858 0.125845701 0.60716182
    0.289796352 0.310380816 0.711469233 0.431200176 0.571361184
    0.194687545 0.263123751 0.518132806 0.186840534 0.437663972
    0.338909507 0.513020337 0.98866576 0.695075274 0.127452195
    0.564232409 0.221714437 0.77578795 0.925232708 0.740036488
    0.00647041202 0.583389044 0.648922384 0.939297915 0.168620467
    0.0691283941 0.235403538 0.400718272 0.620509803 0.524645209
    0.793444872 0.957326949 0.661206961 0.898085594 0.628898084
    0.376347244 0.110508263 0.48922357 0.908836722 0.322347522
    0.769105792 0.468713075 0.450188488 0.733570695 0.797065914
    0.107064873 0.211880505 0.0400828123 0.930008888 0.683132231
    0.306077033 0.31873095 0.745263457 0.0443267226 0.564115226
    0.0132928789 0.258292556 0.969303846 0.971002877 0.428063691
    0.357177258 0.0308518112 0.730054796 0.370530725 0.64836359
    0.344811499 0.224639088 0.980254531 0.809634805 0.147953629
    0.0767717957 0.896760702 0.751211822 0.350464344 0.748726368
    0.939223886 0.738030612 0.583426774 0.211400181 0.329481095
    0.673130095 0.112094074 0.0682205558 0.424156785 0.658451021
    0.417334557 0.984057307 0.0425900817 0.304170549 0.504981875
    0.898924351 0.230733186 0.297955215 0.613672554 0.174800783
    0.45138523 0.710323393 0.611400723 0.169958085 0.319446892
    0.994866312 0.477247179 0.166116267 0.477483302 0.855192423
    0.44039312 0.0782788694 0.627647877 0.217947394 0.809077263
    0.190746665 0.747507334 0.100685626 0.175075144 0.284580261
    0.881927609 0.542633772 0.638340473 0.228974253 0.980448723
    0.511486351 0.700938761 0.882764757 0.555462241 0.543800771
    0.422324032 0.668610036 0.782031178 0.492503077 0.335695207
    0.0357575417 0.591029763 0.517321706 0.460498393 0.536529541
    0.633013189 0.640317798 0.666592181 0.607185245 0.756854415
    0.935572386 0.732887864 0.429374397 0.173461974 0.936650872
    0.47882694 0.0865966678 0.966225266 0.191036463 0.453081787
    0.399739027 0.293668389 0.263310194 0.78600049 0.532559574
    0.462817013 0.231740147 0.307029098 0.813899398 0.251022995
    0.646267772 0.852922022 0.930550575 0.0660111308 0.177303493
    0.511045277 0.977140486 0.150946528 0.13251552 0.343656033
    0.837570667 0.812628984 0.737208605 0.468699872 0.635322809
    0.47228229 0.580733895 0.436544627 0.914928794 0.14586699
    0.265148342 0.806775093 0.162257254 0.165934294 0.172837049
    0.876896739 0.674223065 0.311646879 0.429722279 0.425502032
    0.603170037 0.685102522 0.968975544 0.519507766 0.986070156
    0.552736104 0.846127629 0.104824662 0.452098012 0.232777894
    0.284131527 0.963022947 0.980800748 0.912682533 0.767333031
    0.439153194 0.342853248 0.965943456 0.399859369 0.0970986784
    0.643990934 0.864179909 0.928660989 0.774832428 0.0469179451
    0.392375529 0.0278859437 0.158393025 0.721759021 0.378105789
    0.202364534 0.467553109 0.898305357 0.936659813 0.476550221
    0.77462256 0.213368148 0.68805474 0.919861794 0.368474543
    0.808892965 0.555788457 0.586534321 0.107962817 0.994842887
    0.571742892 0.7695297 0.255119801 0.142529249 0.304326236
    0.739074707 0.232997298 0.631569028 0.426076591 0.345381111
    0.821315765 0.967433751 0.33445406 0.101284593 0.472310573
    0.52180934 0.309961617 0.137720674 0.375291467 0.627746105
    0.832162857 0.989066124 0.652303517 0.15035814 0.192083538
    0.791268229 0.567066789 0.28561765 0.67173171 0.312275708
    0.417437017 0.341199756 0.223695636 0.489667863 0.940562844
    0.082460314 0.495944142 0.0837201476 0.355177522 0.610218942
    0.83578372 0.808325768 0.318234801 0.776223779 0.172564209
    0.0879229307 0.15828976 0.25728029 0.275696129 0.799487591
    0.303066194 0.551576257 0.734606743 0.523310721 0.154032409
    0.789589047 0.489589393 0.97028774 0.894996524 0.888089061
    0.279910743 0.555679858 0.571258008 0.287242115 0.567097425
    0.486427397 0.527733088 0.754524887 0.744584382 0.986065328
    0.16656512 0.0136647522 0.740730882 0.420206487 0.716090262
    0.128729701 0.25958845 0.414231718 0.0248820186 0.265374959
    0.235617012 0.0248147547 0.427702546 0.353901982 0.712983966
    0.283703268 0.0242794454 0.130479127 0.0986481011 0.145741016
    0.675966263 0.600559771 0.168018967 0.824488282 0.0293512046
    0.75313139 0.10844329 0.281723887 0.789297223 0.00104632974
    0.51466459 0.210758328 0.292784423 0.885756731 0.974174917
    0.841709971 0.204190016 0.554007828 0.894631267 0.82406491
    0.845138788 0.781909347 0.984429955 0.0623185635 0.94647646
    0.943512917 0.303934038 0.942682087 0.132193804 0.754459143
    0.0111509264 0.508804798 0.899781227 0.956183553 0.265092134
    0.61654526 0.07594347 0.415230036 0.740114212 0.0583485365
    0.337503195 0.944311738 0.659581184 0.242690235 0.773923635
    0.392399222 0.369165123 0.0512127578 0.931231856 0.475244343
    0.80845505 0.0527323484 0.498737454 0.661944926 0.144657075
    0.129547566 0.854277372 0.446258575 0.0720529258 0.152118266
    0.0998917818 0.447683007 0.332116306 0.85893631 0.16806215
    0.464170635 0.867266774 0.936260343 0.816271603 0.0200382471
    0.977766871 0.0911800265 0.432280183 0.843720257 0.649395704
    0.422781825 0.350203753 0.173875213 0.805932522 0.508658648
    0.14677003 0.513716817 0.822776437 0.543628454 0.309160113
    0.763641715 0.436758101 0.737402201 0.141441286 0.631564856
    0.583657742 0.516169012 0.62589705 0.401449025 0.848710597
    0.341283321 0.723506033 0.190794438 0.0593421459 0.472456187
    0.621663868 0.753183961 0.471421659 0.133910984 0.764258742
    0.863095105 0.966677547 0.3182652 0.268210709 0.178973973
    0.751460433 0.963157535 0.161929935 0.563958704 0.496073633
    0.89504987 0.0353480279 0.449385911 0.737086713 0.0375139713
    0.223047793 0.704256177 0.553998351 0.134166867 0.599139273
    0.417577416 0.609943926 0.810373545 0.178845137 0.986218929
    0.452357829 0.51865977 0.112739205 0.325021207 0.0237274766
    0.343884349 0.851792693 0.325928032 0.317830861 0.381094843
    0.553765535 0.764638782 0.0963583589 0.800602674 0.446668714
    0.336869597 0.794221878 0.703654885 0.633038342 0.262730718
    0.41575551 0.866524458 0.098602891 0.596888125 0.90062958
    0.716554761 0.358463168 0.353461742 0.776331365 0.287773609
    0.143968523 0.132645786 0.781038642 0.648235857 0.668532431
    0.984164953 0.400852114 0.584474802 0.644351423 0.368443251
    0.127162993 0.142076701 0.783961177 0.526242197 0.272731602
    0.117138386 0.941139936 0.608535349 0.436335236 0.0746915936
    0.0376387835 0.791630208 0.577168345 0.168559879 0.118365377
    0.700174212 0.746528387 0.299458146 0.32232374 0.017734617
    0.394487768 0.409726411 0.441790074 0.521632433 0.057718575
    0.674610615 0.0807043314 0.672607899 0.26929605 0.888869882
    0.845308721 0.946871459 0.245120674 0.816573381 0.0982421935
    0.228898227 0.423924387 0.858745217 0.522409916 0.28379485
    0.285174847 0.63891995 0.282970071 0.011687696 0.858116508
    0.44804287 0.61963737 0.713764668 0.00100985169 0.149442434
    0.33354041 0.319967449 0.732598066 0.249611348 0.0202003717
    0.400302827 0.393897712 0.160437137 0.0490558743 0.590687752
    0.530659139 0.482592434 0.344609499 0.141301483 0.88756305
    0.645857215 0.114585906 0.930464327 0.215726167 0.157546818
    0.0808332264 0.0388971567 0.476561666 0.320397675 0.81005317
    0.656644821 0.440565497 0.534679055 0.0459452868 0.102379024
    0.651690483 0.794576585 0.780644417 0.715713263 0.524916351
    0.453403741 0.64625752 0.370271534 0.0392731726 0.652032852
    0.735380709 0.920621336 0.313343942 0.687899411 0.909682155
    0.119887888 0.933274031 0.405146122 0.399245501 0.684388161
    0.925550342 0.0790393353 0.377385736 0.567675591 0.524377584
    0.360641718 0.793503404 0.792281389 0.547815979 0.981137276
    0.849078178 0.611365974 0.981766343 0.0756222904 0.247870922
    0.473528653 0.900074065 0.524302125 0.910255671 0.630212247
    0.186762959 0.0448879004 0.888837695 0.4937163 0.497583538
    0.279072106 0.920884132 0.045006305 0.831386447 0.512021184
    0.440222204 0.372862339 0.11914438 0.364403605 0.681814075
    0.337166667 0.658767283 0.188166112 0.273529589 0.116260022
    0.413489968 0.505994797 0.470617533 0.183731526 0.0400004387
    0.258407235 0.448390901 0.895002604 0.640374601 0.00997963548
    0.682702184 0.67220062 0.757686019 0.677294374 0.056619972
    0.579817355 0.0398711264 0.766352355 0.0214776397 0.857830405
    0.192621976 0.15821597 0.521032691 0.595545352 0.235306531
    0.751746893 0.18227002 0.585271955 0.111850023 0.951173902
    0.823097885 0.240187168 0.763270259 0.507036448 0.107611626
    0.48286587 0.00385206938 0.814262152 0.186350346 0.239219397
    0.727411032 0.869278312 0.847116172 0.24096933 0.316508234
    0.97546041 0.687497437 0.554445565 0.836743355 0.0750689507
    0.648900867 0.268950939 0.264077306 0.199022889 0.210199118
    0.0490927398 0.236856252 0.952298224 0.703166902 0.671413422
    0.872058034 0.376571953 0.96910888 0.292322934 0.0242165029
    0.605424404 0.301179826 0.555096984 0.447954774 0.758662701
    0.618623912 0.498538822 0.0974327624 0.745878577 0.291338503
    0.757801354 0.0588462055 0.975249887 0.384761453 0.614108741
    0.32497257 0.705188453 0.74293673 0.851724267 0.800180376
    0.167180836 0.197697431 0.0613674521 0.423000664 0.406038344
    0.938434005 0.266507536 0.714055657 0.500308335 0.385698855
    0.53834486 0.102520764 0.753427267 0.595948398 0.519843221
    0.511153698 0.945670784 0.530707717 0.838856101 0.111254662
    0.99687767 0.0420604944 0.588072896 0.398173571 0.993293881
    0.425744027 0.394219309 0.592612565 0.408481032 0.538477778
    0.825438738 0.120005339 0.514905214 0.0897279084 0.858861089
    0.540384591 0.27285701 0.424812049 0.56964314 0.978682339 0.79879272
    0.88858968 0.57846868 0.37992546 0.770798564 0.593763471 0.689770997
    0.795182765 0.111491561 0.059797138 0.789556265 0.156914324
    0.78284359 0.037027657 0.360660195 0.745340526 0.0834544003
    0.64961201 0.907511294 0.428352118 0.515937388 0.346968532
    0.55054462 0.2916587 0.610744715 0.472967982 0.0649963915
    0.898974419 0.733013391 0.820328474 0.715179086 0.408564329
    0.654322267 0.325022578 0.122692913 0.263686597 0.460214823
    0.400129259 0.340016067 0.568318367 0.72333163 0.313835233
    0.352238476 0.348313838 0.687146604 0.997034013 0.0347171128
    0.4384031 0.859038055 0.504841447 0.780199885 0.85814786 0.706039667
    0.36905691 0.00823250413 0.53265202 0.227093548 0.471008569
    0.718665242 0.22934261 0.769835889 0.622862339 0.393018365
    0.00528138876 0.0196754634 0.144377023 0.558085561 0.572297335
    0.29484877 0.18042177 0.223051161 0.498070568 0.437040836
    0.327140987 0.857061386 0.135357022 0.824055433 0.798230052
    0.255580664 0.896224618 0.543584585 0.0832312107 0.418301165
    0.471263856 0.759546101 0.914580703 0.966234803 0.0925948322
    0.0294873714 0.484967321 0.794947743 0.428150713 0.387544096
    0.186308414 0.150137335 0.427037358 0.716811061 0.452492297
    0.249225974 0.707922161 0.400360882 0.740166545 0.350909352
    0.691807151 0.690771937 0.590014756 0.902182519 0.0815552473
    0.60893333 0.708390594 0.828686118 0.727173209 0.769624472
    0.60987556 0.757190645 0.225556999 0.22474727 0.146493763
    0.923163474 0.00324863195 0.940787315 0.846140146 0.442542046
    0.18332532 0.555315733 0.589653194 0.493604332 0.56538713
    0.515297174 0.134605438 0.561417937 0.0522749722 0.596919835
    0.33661297 0.48172915 0.545953035 0.665640771 0.272819698
    0.574513435 0.362536311 0.577636778 0.438294709 0.690590858
    0.874022841 0.746097684 0.332450926 0.871487021 0.774976194
    0.697842777 0.496032655 0.917596459 0.441388696 0.823977411
    0.132175297 0.908753276 0.576764047 0.960015297 0.569549501
    0.421431363 0.468753874 0.599977612 0.63632071 0.275808871
    0.449941874 0.233042479 0.640744328 0.624396265 0.74369812
    0.979373097 0.372016966 0.436774135 0.0226027668 0.755536556
    0.918413997 0.388508141 0.0610544086 0.58042711 0.161434978
    0.172027797 0.0201125741 0.600950122 0.246360242 0.525929034
    0.987000287 0.676054418 0.202132732 0.121590078 0.622987866
    0.00647893548 0.0301448107 0.787731826 0.547137201 0.826743841
    0.231831968 0.00320151448 0.358972192 0.541900456 0.878941298
    0.257196248 0.426895142 0.309059441 0.842003226 0.256835222
    0.253451407 0.299481809 0.325714618 0.808037281 0.532032192
    0.70506078 0.725970328 0.677362084 0.0298898518 0.54965049
    0.145273626 0.823132396 0.159084946 0.692706108 0.306147456
    0.176778138 0.991012096 0.705908954 0.194707632 0.381560922
    0.883563817 0.243588299 0.926358163 0.442362309 0.427309752
    0.890664101 0.0647754371 0.372514188 0.00993517041 0.498336881
    0.470137477 0.935625255 0.867143273 0.23815608 0.874064565
    0.147651196 0.214943379 0.906582475 0.998610854 0.488812834
    0.495943964 0.279374748 0.132842034 0.424240619 0.614774764
    0.525775015 0.835853577 0.437606037 0.811716795 0.852875531
    0.868267298 0.826142669 0.0528094769 0.643502712 0.901601434
    0.779034257 0.71744889 0.714729309 0.27406615 0.991409779
    0.995603502 0.992942989 0.748990417 0.57738471 0.690976202
    0.744724274 0.901214838 0.820531607 0.3169927 0.553825915 0.49535796
    0.800879002 0.0270261168 0.850885451 0.316327035 0.117683232
    0.279845297 0.301076889 0.325444132 0.966268063 0.258907467
    0.884091079 0.224864602 0.0440475047 0.365990996 0.126610339
    0.0409531891 0.924134135 0.725154638 0.746946573 0.910461903
    0.949634492 0.37429285 0.159929663 0.770616651 0.902720451
    0.798655748 0.0326988995 0.643370271 0.490549862 0.370860279
    0.968391895 0.0875729322 0.961369991 0.995289803 0.698412657
    0.935617924 0.631759167 0.512352228 0.625651181 0.847569168
    0.591151059 0.0312450826 0.927722931 0.919904828 0.679173231
    0.63895756 0.905774117 0.883104444 0.244466126 0.378641367
    0.139039189 0.89170897 0.730260909 0.725451827 0.666402876
    0.235803068 0.34221527 0.981902242 0.688391447 0.751641154
    0.529184401 0.941689253 0.47722277 0.0823737681 0.52355659
    0.559593379 0.29598847 0.652943313 0.331209034 0.957291603
    0.321322709 0.467357993 0.173972994 0.388031155 0.00154656172
    0.693315327 0.108107001 0.842156053 0.196317852 0.289297879
    0.522753596 0.387537092 0.0330489278 0.882241786 0.602185965
    0.0758320093 0.441920102 0.953070998 0.282103896 0.666715205
    0.589682162 0.332655817 0.950724244 0.261441082 0.995679319
    0.237928927 0.195821017 0.52029568 0.0538314879 0.087166667
    0.00604712963 0.918069124 0.807401538 0.125603676 0.821472645
    0.634950757 0.419594288 0.978381336 0.882811666 0.354497194
    0.588092744 0.940955162 0.279856712 0.335407794 0.878403902
    0.524108052 0.715751171 0.0597420335 0.162565947 0.120086163
    0.471690565 0.863002896 0.853405237 0.114128679 0.451203912
    0.436513722 0.163884014 0.869588137 0.349932849 0.756719351
    0.525747776 0.151808679 0.663353503 0.0856600106 0.0344562232
    0.120134026 0.51003027 0.729946494 0.842119455 0.0720371604
    0.559285283 0.385087639 0.86418891 0.275256127 0.932218432
    0.775354385 0.204589546 0.548475504 0.948213339 0.290550977
    0.685373008 0.511142969 0.0527692735 0.875586152 0.336919516
    0.124399871 0.157297134 0.0765615404 0.360175371 0.00848042965
    0.347383499 0.307520568 0.0682645142 0.94978261 0.129821301
    0.971472502 0.733790278 0.114530146 0.56298548 0.189489067
    0.928293228 0.428214669 0.408959687 0.409349054 0.929348588
    0.038443327 0.702726364 0.91728878 0.714963853 0.341157794
    0.835590661 0.801196456 0.682388902 0.786828399 0.956608772
    0.660904586 0.771120071 0.415134996 0.0623622537 0.676214159
    0.795956254 0.934212685 0.370692015 0.109643251 0.48006168
    0.696055889 0.74262172 0.552114367 0.813702345 0.54327476
    0.832798302 0.199070156 0.989301145 0.405997604 0.34110713
    0.286410391 0.780361414 0.601902485 0.824063182 0.625664353
    0.686837971 0.559143603 0.240565747 0.323001444 0.776852489
    0.0408433974 0.860681653 0.09880808 0.638207555 0.365633518
    0.0553864837 0.246237159 0.419418514 0.62503773 0.102306545
    0.975529194 0.794625521 0.533106685 0.933001697 0.499428928
    0.920204163 0.763600707 0.220835924 0.460292548 0.355915457
    0.570470214 0.349278867 0.928003311 0.14176178 0.583309054
    0.281604826 0.0202528238 0.928017855 0.363449454 0.864456415
    0.868754864 0.969443977 0.500557363 0.248033077 0.221692979
    0.544023514 0.218727529 0.9275406 0.888094366 0.37792623 0.150206476
    0.562068045 0.877134085 0.348420918 0.986182332 0.713822961
    0.393648386 0.00677031279 0.343755156 0.725622296 0.528646231
    0.233324468 0.531172216 0.0337395072 0.741714537 0.0594418943
    0.220186323 0.58784461 0.638896823 0.933045506 0.95305562
    0.934837461 0.89134568 0.194270492 0.0511871874 0.722135484
    0.752768576 0.583211064 0.629847467 0.740544498 0.815562367
    0.368112922 0.943999887 0.069334805 0.593378484 0.0292297006
    0.695448279 0.100621611 0.34894073 0.839692712 0.869397879
    0.59299773 0.258626044 0.455944538 0.259574771 0.722497582
    0.915423989 0.34752959 0.672427297 0.68000555 0.805979133
    0.261816323 0.955209911 0.289198101 0.0734501481 0.807669282
    0.453214735 0.644636869 0.470908165 0.730170667 0.0807496011
    0.417060196 0.789039373 0.516022086 0.389972687 0.997766376
    0.220175683 0.300267577 0.738921523 0.945531905 0.346146613
    0.466367096 0.586457253 0.0760006905 0.179672539 0.858000278
    0.625835717 0.131118745 0.399772227 0.471458852 0.659426093
    0.9426651 0.698861301 0.0344654024 0.208656371 0.977429628
    0.687913418 0.891570687 0.664239049 0.444394231 0.0553720295
    0.308691263 0.0251870155 0.553322256 0.677211881 0.17517519
    0.115472704 0.704783797 0.763648927 0.718700886 0.432148099
    0.605547726 0.475289941 0.517424166 0.952253222 0.820841551
    0.886033714 0.621326268 0.0521517992 0.432925463 0.132971764
    0.818460941 0.506951451 0.0172193348 0.754711151 0.745843649
    0.287780076 0.497021705 0.456453443 0.42015323 0.23566705 0.31182012
    0.729514539 0.410139322 0.929611087 0.610608339 0.0296876431
    0.00121366978 0.716353297 0.491317928 0.958095968 0.695625365
    0.908926666 0.432273656 0.916300058 0.970878601 0.637121558
    0.364287138 0.514079869 0.0434736311 0.25092411 0.665620625
    0.782106817 0.945239902 0.764971197 0.761882544 0.036847502
    0.589594543 0.984156489 0.347431898 0.853305399 0.478168964
    0.360775113 0.0110751688 0.784524202 0.756903648 0.784664035
    0.605662882 0.339335829 0.490091145 0.722864151 0.178039819
    0.05641976 0.601244152 0.780770779 0.665414572 0.632375121
    0.456297159 0.120542586 0.549960673 0.650965214 0.464227796
    0.909172058 0.872745633 0.15303874 0.702398777 0.740617156
    0.262128472 0.115846008 0.296076834 0.8730371 0.682576299
    0.295556426 0.584313512 0.186756134 0.103184521 0.891467094
    0.335827112 0.281581551 0.456590861 0.973638296 0.69627893
    0.670189977 0.61802727 0.0700664818 0.873170495 0.604660153
    0.0260462463 0.0376362503 0.191631943 0.0669950843 0.347501904
    0.110397339 0.0620860159 0.613226771 0.352798253 0.292556018
    0.897769213 0.650472045 0.328657568 0.671214283 0.443730414
    0.394111633 0.706694841 0.742271543 0.517190158 0.202897608
    0.207518786 0.0528882742 0.196348816 0.427256376 0.224013448
    0.590150714 0.505692542 0.677758515 0.395318121 0.980972469
    0.319736242 0.38595283 0.0748911202 0.421779394 0.996734917
    0.690009892 0.587991118 0.496187925 0.0353235304 0.992797971
    0.695064366 0.969160914 0.818868041 0.337938368 0.503552854
    0.514428735 0.773782492 0.323341876 0.670715094 0.0504798293
    0.701933265 0.845710397 0.893609405 0.98770082 0.311457515
    0.518024266 0.982341528 0.435599804 0.574614584 0.222825527
    0.330800027 0.747466326 0.368805736 0.853724599 0.871668458
    0.721442997 0.0589424372 0.455948114 0.2856296 0.876330793
    0.954139531 0.819747925 0.738424063 0.876332104 0.962998152
    0.00764730573 0.608909607 0.334210098 0.611990333 0.176796764
    0.783272862 0.851028919 0.153953731 0.815253615 0.387257814
    0.435499638 0.351647913 0.710428834 0.0689521432 0.895747423
    0.460539877 0.29511404 0.249262244 0.404628396 0.768001914
    0.178409696 0.46139425 0.678235888 0.726702332 0.0935948491
    0.535286546 0.904285073 0.170531124 0.0756030977 0.794304311
    0.618094683 0.625315309 0.058850795 0.912358284 0.964855433
    0.988033414 0.837899566 0.572285593 0.48451516 0.868236303
    0.707008779 0.672509313 0.432875574 0.639932632 0.416269839
    0.997253418 0.934714198 0.282814831 0.836684883 0.641318321
    0.706816256 0.961635351 0.996327043 0.576849759 0.134500265
    0.8412714 0.211777598 0.110667497 0.321112126 0.706612587
    0.221563011 0.600894749 0.237003356 0.667295039 0.123255759
    0.124969363 0.297408789 0.0461582839 0.599127769 0.00138872862
    0.332253039 0.128453732 0.234119177 0.885407209 0.782739162
    0.880996943 0.797962904 0.0917654335 0.868501782 0.527408063
    0.236640751 0.230656475 0.987468123 0.0234675705 0.850573719
    0.397465289 0.777003586 0.909433484 0.900889575 0.769669831
    0.418357968 0.196631998 0.0323895216 0.443377167 0.192386329
    0.395170093 0.703828633 0.526015699 0.873530805 0.63578999
    0.229852915 0.802986145 0.83111912 0.258924186 0.994248331
    0.219985276 0.808651984 0.496999502 0.910398722 0.00840485096
    0.612348199 0.876086593 0.498971432 0.432992548 0.699891746
    0.712258697 0.671138883 0.22736454 0.733620942 0.371873915
    0.158524752 0.777780652 0.519972444 0.73396939 0.78885603
    0.00408688188 0.0655577779 0.268068194 0.00262919068 0.465263426
    0.537887752 0.112154514 0.91699326 0.179068446 0.135959685
    0.397578925 0.142230213 0.0569421053 0.726520777 0.31466794
    0.882568717 0.775868773 0.683137774 0.938265026 0.820070148
    0.794291794 0.857113957 0.00622415543 0.322659314 0.59792608
    0.698802173 0.530281484 0.279846042 0.857475996 0.128146678
    0.538228869 0.282709837 0.598886251 0.720135212 0.00367763638
    0.761523604 0.249781102 0.256808579 0.00241488218 0.64559865
    0.60548383 0.398495585 0.423462093 0.688601851 0.52551657
    0.563521147 0.299053073 0.451123327 0.824976683 0.545039952
    0.631850123 0.311891139 0.256816208 0.179370999 0.643414378
    0.464107662 0.187151283 0.0611186028 0.146564811 0.244055986
    0.256691962 0.858571291 0.667253733 0.955398202 0.413539618
    0.391625911 0.0780560374 0.0915560722 0.639648855 0.211098909
    0.561203361 0.720294476 0.355625957 0.538388669 0.637713909
    0.0407312214 0.398763895 0.892190456 0.552985728 0.331680655
    0.064938575 0.433066726 0.2120713 0.274155468 0.935027421
    0.0155853033 0.445741236 0.657315314 0.695706964 0.706912994
    0.968753219 0.182774395 0.240242153 0.0740619898 0.879415393
    0.250754774 0.516399205 0.554790258 0.90545994 0.732935786
    0.988706291 0.945929468 0.325471073 0.205541581 0.438115537
    0.120751679 0.615075648 0.229522824 0.969887733 0.604487538
    0.48315087 0.832786024 0.316508502 0.208000004 0.898257256
    0.628167987 0.733157039 0.618802011 0.136415541 0.597625732
    0.865053177 0.0602022409 0.792077422 0.59376049 0.722497821
    0.867851615 0.781548023 0.603194535 0.398324251 0.498402297
    0.987559557 0.89647603 0.226517469 0.386702776 0.593109727
    0.492518127 0.0388136208 0.343279898 0.415928483 0.706225753
    0.446790367 0.0916112661 0.886407077 0.970917106 0.737963855
    0.541531801 0.626040101 0.132872313 0.148050994 0.943781316
    0.372382909 0.511048675 0.310078233 0.746095419 0.834176421
    0.940399945 0.195352733 0.64947921 0.0506641567 0.944120765
    0.751621008 0.326949775 0.93756783 0.236708045 0.265250623
    0.298458993 0.586683273 0.712081373 0.0240935385 0.0210615993
    0.915951014 0.0772872567 0.900301158 0.302333742 0.44157052
    0.789225936 0.906727791 0.0676674545 0.331128031 0.774127126
    0.589533806 0.815611362 0.506688118 0.309030682 0.236668468
    0.639058292 0.748701394 0.263957143 0.278650343 0.0675545633
    0.153276622 0.504683971 0.680560052 0.627123296 0.265285611
    0.630829334 0.531014442 0.947627962 0.785504818 0.414748013
    0.894077063 0.250742137 0.584789991 0.742332101 0.420532256
    0.972970605 0.592798054 0.942991257 0.282356501 0.280000269
    0.263290375 0.112987787 0.532867551 0.0645818412 0.19696334
    0.186567038 0.626103997 0.194236934 0.0599389672 0.40987426
    0.391671479 0.852355182 0.899202526 0.502689838 0.866595626
    0.702770889 0.652992785 0.0857130587 0.514628172 0.91270709
    0.450322509 0.903885722 0.473987877 0.0283236504 0.58516854
    0.82486248 0.259903759 0.282948136 0.589426398 0.244002491
    0.0360583663 0.103812367 0.16478911 0.153824419 0.72922647
    0.583462358 0.266625464 0.710501075 0.175907433 0.309209466
    0.0921932459 0.0643863678 0.38575381 0.439021111 0.884544492
    0.904893517 0.788162053 0.669275284 0.0784413517 0.731223881
    0.271592736 0.507517457 0.256474465 0.573917925 0.857244194
    0.808707058 0.113260895 0.556104004 0.762941599 0.824434459
    0.0485884249 0.787642181 0.471316785 0.0521458387 0.525626421
    0.981467009 0.487385035 0.799526811 0.494313508 0.0170584619
    0.122205883 0.604508877 0.514360964 0.7674582 0.474893451
    0.303368628 0.253970623 0.261749148 0.854313374 0.826363981
    0.727624714 0.133396804 0.44213888 0.268215656 0.395398915
    0.392724454 0.93746984 0.758076668 0.429976046 0.704113185
    0.932043195 0.777714252 0.0141751468 0.633260071 0.136175007
    0.645403028 0.120634526 0.332225084 0.543989718 0.0240771472
    0.496152908 0.47547853 0.197516412 0.505177975 0.0248336792
    0.0634183586 0.0616983175 0.566926181 0.474019021 0.437220812
    0.157656997 0.0835808814 0.345381588 0.953888357 0.806033731
    0.119571149 0.938843012 0.602422595 0.882176042 0.893957913
    0.226212472 0.905124426 0.0376264751 0.922067225 0.826009274
    0.448254883 0.320034921 0.19389376 0.268394172 0.794114113
    0.633027911 0.654852271 0.338899791 0.000628590584 0.281587929
    0.533090413 0.958472252 0.0453096926 0.602408767 0.781993151
    0.154845864 0.716409564 0.0179957151 0.682739019 0.575372756
    0.6914832 0.721204937 0.707716465 0.462821484 0.609239578
    0.784563363 0.0167558789 0.863018036 0.875942588 0.562741756
    0.0188987851 0.631837845 0.102562726 0.913719356 0.187777162
    0.199849039 0.699446082 0.140504301 0.608751416 0.590005279
    0.392222762 0.094412744 0.150445223 0.492123395 0.995744169
    0.885443687 0.871171236 0.714095056 0.995138288 0.620839357
    0.107586771 0.888377547 0.0118914247 0.427189827 0.594865024
    0.981889486 0.916980386 0.909864545 0.772301435 0.192327708
    0.64955914 0.48033452 0.115211099 0.169653714 0.290106118 0.1144256
    0.256917953 0.16303432 0.0536842048 0.242631376 0.281458914
    0.251442343 0.153354883 0.184671313 0.143805981 0.449193835
    0.966207385 0.535711944 0.513439655 0.988929272 0.839558482
    0.247683287 0.481352121 0.902727902 0.71236974 0.276347816
    0.643676281 0.899766088 0.313769221 0.693170667 0.136504114
    0.974783301 0.484276831 0.0902925134 0.691829085 0.982637405
    0.322852731 0.14468506 0.14343968 0.481553793 0.360396683
    0.395054251 0.131024092 0.16098994 0.0240369141 0.748469114
    0.565303445 0.765017033 0.589691103 0.841270864 0.177802145
    0.756257653 0.0467004478 0.468829751 0.467331439 0.586377203
    0.122846335 0.15647319 0.186674118 0.167567223 0.763196468
    0.142594218 0.625196636 0.644541502 0.987214923 0.0794404447
    0.210945815 0.41000104 0.619163215 0.764718175 0.569903791
    0.177664012 0.336156368 0.904317796 0.187774032 0.615430534
    0.901216745 0.708024859 0.991746247 0.0898961425 0.884786725
    0.315444708 0.584369957 0.931543112 0.0419479609 0.230240911
    0.405998707 0.914515734 0.188890398 0.263664633 0.43272379
    0.960352659 0.82009238 0.925425828 0.750544488 0.859281719
    0.925115824 0.569823265 0.699767411 0.00720787048 0.188865155
    0.219633639 0.0984599292 0.362288564 0.00719103217 0.428678453
    0.160943419 0.694275677 0.673891723 0.121172637 0.31152305
    0.130709022 0.602862835 0.575016141 0.374542296 0.236754388
    0.533628523 0.932576537 0.0578270555 0.411988497 0.426972836
    0.39460215 0.263329744 0.0700272918 0.123960942 0.413049489
    0.288135588 0.741581023 0.336563557 0.145513117 0.0672898293
    0.590209663 0.116566658 0.828492165 0.289287031 0.223761797
    0.554052591 0.293573797 0.375024498 0.33160919 0.802700341
    0.39143604 0.710480034 0.588889599 0.276691616 0.132671565
    0.936989188 0.147219807 0.418052197 0.895030379 0.992865384
    0.180284292 0.677276433 0.177584827 0.132350743 0.62262851
    0.995928884 0.307500631 0.751509905 0.266135395 0.913346052
    0.477365613 0.957001328 0.203576773 0.90890044 0.162358016
    0.477100968 0.195816219 0.546144307 0.195652664 0.0329879224
    0.90708828 0.545669973 0.504962444 0.565973341 0.814005375
    0.535782933 0.566857219 0.214542329 0.149661452 0.363719016
    0.872847438 0.264179736 0.171299249 0.613961697 0.398989856
    0.545119047 0.216516018 0.162674516 0.831652164 0.152247787
    0.429173499 0.693137705 0.568468869 0.65863651 0.588455856
    0.736854374 0.128009915 0.171201736 0.854432762 0.688634515
    0.237949193 0.748648703 0.747271001 0.404145122 0.0312539637
    0.761319041 0.887951255 0.598086834 0.431913406 0.484802037
    0.879444003 0.468489587 0.98267138 0.724964142 0.428624332
    0.515527904 0.604610741 0.265306652 0.163629889 0.281386912
    0.615127861 0.987087309 0.841843605 0.890132368 0.0996638536
    0.443088531 0.443889976 0.920540214 0.3734321 0.561251938 0.70403856
    0.448263198 0.832163334 0.61149013 0.665942609 0.846530676
    0.76231432 0.128369898 0.93919456 0.863914132 0.812605858
    0.0547531545 0.419327378 0.852026939 0.456988484 0.420669466
    0.319506556 0.848294258 0.495532125 0.317599446 0.734089255
    0.191084236 0.378524423 0.953219473 0.762336373 0.845665336
    0.939850867 0.694840133 0.185672164 0.632514298 0.178293645
    0.63681674 0.645399153 0.969373643 0.988306403 0.96454221
    0.353161991 0.0355471373 0.199711323 0.885178566 0.42124778
    0.63471812 0.413319856 0.00973269343 0.60486567 0.178284019
    0.684372425 0.0696883202 0.190831155 0.6162045 0.597753704
    0.636015058 0.101143956 0.600719571 0.226202965 0.977027893
    0.964580894 0.219544798 0.461704224 0.662300467 0.55822885
    0.312868357 0.273832679 0.160364062 0.338655472 0.346096218
    0.951828778 0.549250603 0.312485397 0.283423215 0.962483287
    0.833643019 0.815246105 0.546646178 0.902016878 0.948638201
    0.46339047 0.782700419 0.403393865 0.466599971 0.0668599606
    0.870393574 0.296507806 0.305451155 0.757223487 0.267168105
    0.468288451 0.934823513 0.269716978 0.00196111202 0.43019703
    0.631192803 0.829613507 0.74029839 0.198138714 0.576796174
    0.370610237 0.503278673 0.199873358 0.363333702 0.735480428
    0.640843034 0.146110773 0.614161551 0.987691998 0.582644403
    0.691539764 0.824496984 0.443745345 0.357152611 0.843101859
    0.855380356 0.917357087 0.923117757 0.291333079 0.581321537
    0.826402545 0.81673038 0.000809133053 0.378333122 0.291879296
    0.465666652 0.593429506 0.697856903 0.336807072 0.419321567
    0.468579948 0.329570591 0.457780421 0.568006992 0.833043337
    0.918428898 0.75524652 0.816876411 0.775286674 0.877403498
    0.155592352 0.752293468 0.74070406 0.892590344 0.826697946
    0.185548484 0.220333129 0.956175983 0.914787412 0.365072429
    0.52586025 0.363983124 0.254127771 0.524697661 0.874282718
    0.113933533 0.32826525 0.232671827 0.215897232 0.653564274
    0.923211813 0.397446513 0.213935554 0.518907189 0.177615374
    0.756527066 0.520455182 0.251016259 0.0189552307 0.355877697
    0.465780705 0.386359185 0.99082464 0.156567127 0.283409238
    0.869721055 0.388661146 0.312956214 0.383283705 0.406776518
    0.969946921 0.555253029 0.567197859 0.90079248 0.177485198
    0.660429597 0.635628581 0.238414943 0.332375228 0.161797971
    0.150563002 0.551668167 0.850492835 0.970964849 0.15985325
    0.586542428 0.517420709 0.457454115 0.538941383 0.13869974
    0.724224985 0.243389666 0.416983128 0.245771468 0.624804974
    0.523721159 0.965172172 0.475471705 0.240330428 0.0911332965
    0.745627999 0.962947011 0.195581466 0.826454043 0.280510485
    0.0484948158 0.941012859 0.00890484452 0.920559764 0.0422459841
    0.0607207417 0.99996835 0.382471085 0.47180897 0.40666303
    0.0102799237 0.588395298 0.635005951 0.107037693 0.358843118
    0.148538709 0.645454466 0.3628034 0.0424838662 0.46968025
    0.448992014 0.195961475 0.023037523 0.856135368 0.351868451
    0.52991432 0.238578022 0.554582834 0.030667454 0.0510427356
    0.0695600212 0.848585308 0.643986464 0.145671606 0.446183741
    0.214042783 0.0983510315 0.740999341 0.743375123 0.140772372
    0.982808232 0.934449255 0.178204268 0.859944522 0.526019692
    0.369518161 0.258473217 0.045652926 0.816703081 0.600369394
    0.696494341 0.666712046 0.838177681 0.58346343 0.0068565309
    0.325012088 0.885409594 0.438628376 0.687967718 0.120910227
    0.426006019 0.774751425 0.612765193 0.770717502 0.0788016617
    0.934057534 0.253047675 0.318765134 0.242381841 0.0627884269
    0.612323225 0.970362902 0.760686994 0.467437506 0.571946204
    0.077558428 0.0455073416 0.715390921 0.616309524 0.778719425
    0.31815213 0.682151556 0.743770361 0.707971454 0.164711386
    0.68178308 0.177627534 0.847839296 0.908057332 0.62417233
    0.660209894 0.640481472 0.164631784 0.0610357821 0.835364461
    0.746243954 0.55215317 0.704552054 0.345579594 0.978621244
    0.145810694 0.0393945277 0.92147392 0.62280035 0.269822776
    0.772907019 0.631800711 0.181499451 0.217972517 0.014477849
    0.583908021 0.24696067 0.090472579 0.0207247734 0.67247206
    0.224914163 0.844833136 0.63071084 0.977473497 0.816963196
    0.113277614 0.774372995 0.414319545 0.672155201 0.12527445 0.4998689
    0.559114099 0.342718601 0.770932317 0.308365554 0.286728621
    0.135484815 0.136041343 0.847999573 0.858513474 0.606256723
    0.328173906 0.861799121 0.564187944 0.733990312 0.955058694
    0.304736018 0.0547388792 0.687349141 0.436750025 0.537573934
    0.115253955 0.224851161 0.554421425 0.837554336 0.017162323
    0.0298405886 0.233656108 0.114511967 0.800744414 0.477522552
    0.00299715996 0.228686392 0.675956786 0.495503962 0.762122393
    0.318953216 0.236543506 0.0610119402 0.68141526 0.773043633
    0.388094068 0.111214221 0.921854377 0.75926435 0.55678618
    0.289453447 0.273349404 0.101682842 0.75468719 0.0738986135
    0.0268478692 0.0163795054 0.354144275 0.283214152 0.920134664
    0.754358888 0.214164883 0.858897209 0.466064751 0.715148747
    0.336928785 0.200183749 0.421182454 0.746837854 0.984236479
    0.909580469 0.0590870082 0.386598289 0.560272753 0.518667281
    0.990317106 0.145235986 0.947816133 0.00676730275 0.803052902
    0.298416138 0.259254217 0.315628558 0.501315415 0.925853968
    0.0215148628 0.579901993 0.482414186 0.476803601 0.961405993
    0.415332556 0.29560405 0.979165971 0.113219589 0.798716545
    0.518672585 0.958225489 0.802032888 0.227817208 0.69214648
    0.671672285 0.0569898188 0.0244139731 0.874835372 0.932178855
    0.27618289 0.21707654 0.866180301 0.808903277 0.0564460754
    0.0460712016 0.371008545 0.727939606 0.547272503 0.105248421
    0.96604538 0.480422318 0.2054618 0.985426962 0.70573616 0.564859271
    0.630600274 0.517225683 0.517089605 0.547634006 0.925059915
    0.655436158 0.584295928 0.00841578841 0.459754676 0.429602593
    0.833262384 0.336118817 0.546930671 0.344079465 0.13426742
    0.286852002 0.871664524 0.037113905 0.307218313 0.676079154
    0.0574028492 0.0798456073 0.797057033 0.462872237 0.802712858
    0.605947495 0.67455852 0.929038882 0.405770928 0.429003894
    0.984708071 0.287802398 0.334913492 0.134063184 0.860882699
    0.662915885 0.496209651 0.692432404 0.238717824 0.711889923
    0.0497425199 0.384572923 0.266236097 0.159324229 0.617720544
    0.246765643 0.415389419 0.363500834 0.923963726 0.771942854
    0.33930707 0.999574959 0.491462827 0.494860023 0.189287156
    0.0102273822 0.657579184 0.297432184 0.354579926 0.269502819
    0.855878949 0.329733104 0.930294633 0.0677246749 0.388527274
    0.383541882 0.555675209 0.240103692 0.914887547 0.980138719
    0.535281062 0.0731698871 0.35417515 0.0815140903 0.711947858
    0.720740438 0.292138398 0.86528337 0.557432055 0.163123161
    0.641226649 0.23721391 0.399895668 0.424791634 0.283145726
    0.619013786 0.924333453 0.854761124 0.508339882 0.0626586676
    0.167326689 0.948570848 0.87383467 0.639830112 0.965337157
    0.382569969 0.942988038 0.349107802 0.149515539 0.629129648
    0.0473101139 0.518038213 0.0278131962 0.593864381 0.19544363
    0.518002629 0.294737399 0.0546007156 0.516694367 0.443803191
    0.0241765678 0.585780621 0.685546756 0.0194826424 0.378017426
    0.597071052 0.160736531 0.99677223 0.679843307 0.715157211
    0.491491348 0.00219511986 0.833200991 0.889207125 0.820885539
    0.582301974 0.58835125 0.174677968 0.327646315 0.434153229
    0.904334247 0.955552459 0.0823674202 0.496341079 0.0694678128
    0.357315123 0.210369557 0.0446240902 0.103665352 0.820843399
    0.796791673 0.296359599 0.776977181 0.668815494 0.895479202
    0.368319362 0.722428083 0.859910905 0.465127558 0.134717137
    0.129462212 0.484970808 0.830359697 0.638288796 0.984559655
    0.500809729 0.259392083 0.253798306 0.211450398 0.61768651
    0.34084022 0.744261742 0.0286846757 0.713004708 0.00905671716
    0.98925072 0.898683071 0.575127304 0.416386843 0.800594628
    0.962267101 0.0283427536 0.93086046 0.987912774 0.0454910696
    0.183050364 0.786215067 0.258571059 0.348192781 0.710629404
    0.744176626 0.0476427972 0.0027846992 0.981660366 0.00224623084
    0.902329922 0.53851068 0.832863331 0.274241954 0.630797148
    0.739498138 0.927602053 0.945024133 0.123844504 0.111005694
    0.451919138 0.631845891 0.0676003098 0.289657742 0.526232362
    0.0623801053 0.941634595 0.912238538 0.04875049 0.0501247346
    0.930984139 0.608310997 0.287976891 0.167231739 0.399911851
    0.188000739 0.0748206377 0.860908508 0.3312217 0.98899734
    0.519246221 0.0599843562 0.397354215 0.568218231 0.255496502
    0.296560526 0.927747011 0.210259944 0.859908342 0.015288651
    0.226012766 0.362444013 0.186793089 0.736891448 0.0825781226
    0.14323017 0.422982275 0.0393922031 0.654789448 0.91207695
    0.244322598 0.17197457 0.353316665 0.651789546 0.134745449
    0.0446294844 0.104802281 0.759772241 0.242999911 0.937953234
    0.290142804 0.77445519 0.120586365 0.390553057 0.300930917
    0.106131524 0.240338862 0.0409577489 0.856403053 0.908239365
    0.363133669 0.429178029 0.866360962 0.200402737 0.788645029
    0.814351797 0.980517507 0.302463949 0.898266673 0.654316545
    0.913362265 0.620291054 0.281256258 0.124173969 0.499468803
    0.389916033 0.178284317 0.803469598 0.196508944 0.254333407
    0.659993887 0.782419503 0.816206098 0.878136456 0.656423867
    0.601355553 0.0710464716 0.216780484 0.873954654 0.507739902
    0.63111943 0.191271871 0.619978607 0.426491976 0.617266655
    0.177057892 0.303483784 0.0950188041 0.225161314 0.644412577
    0.756538987 0.678477764 0.0926829576 0.591456711 0.592858434
    0.03547135 0.328553855 0.635872722 0.803035021 0.713822007
    0.106292963 0.370293558 0.701531649 0.701393247 0.690860629
    0.880079269 0.0383851528 0.202478141 0.981669426 0.743002355
    0.972491503 0.049793303 0.748127818 0.0202301443 0.56173563
    0.707451403 0.723704338 0.537572443 0.320518494 0.342527181
    0.932254195 0.79524076 0.542815864 0.20009774 0.843679428 0.63581717
    0.258180618 0.992137671 0.218573987 0.623875737 0.00214627385
    0.351466775 0.817370772 0.748114407 0.840130627 0.92163825
    0.831528783 0.612482667 0.0893909037 0.630943537 0.0158272684
    0.423689395 0.679523587 0.0972387791 0.971224666 0.530149102
    0.582438409 0.494806647 0.426129371 0.0706102252 0.464055479
    0.306451648 0.272550136 0.705955088 0.20414421 0.80483675
    0.320040286 0.307981104 0.949540854 0.257564783 0.253830075
    0.851350307 0.120197862 0.999909282 0.182753295 0.588681698
    0.785045385 0.501316607 0.51685518 0.763776004 0.0984760523
    0.16925624 0.485558003 0.636468828 0.190650016 0.633763552
    0.584192574 0.702957213 0.363318741 0.738700926 0.259971738
    0.713323116 0.456547767 0.315352917 0.369587541 0.448063374
    0.0191828609 0.848831177 0.571276188 0.029797256 0.762179434
    0.884531975 0.944002867 0.52506876 0.589366853 0.912789404
    0.769419789 0.877142668 0.750366688 0.540625215 0.992494583
    0.483445674 0.865209222 0.0265316665 0.847040892 0.0311140716
    0.607037365 0.743186533 0.921864927 0.83745563 0.945310473
    0.924361706 0.381845385 0.498470336 0.520464599 0.756294072
    0.664284766 0.768642187 0.0782791376 0.636219859 0.795362473
    0.560923636 0.731000662 0.641230404 0.961712599 0.283005297
    0.478211373 0.342072248 0.54309535 0.234580636 0.577583313
    0.121043026 0.165193528 0.867400765 0.870628238 0.495874524
    0.189842075 0.87899971 0.993960738 0.251123965 0.324922502
    0.397310555 0.121384889 0.279409528 0.5210042 0.0227808356
    0.920445919 0.160499156 0.224244446 0.561124504 0.239180952
    0.719411314 0.216666907 0.569623172 0.102389723 0.332724035
    0.951584935 0.279535353 0.958245754 0.542510688 0.468657941
    0.196529418 0.769987106 0.0367193222 0.244105071 0.961346269
    0.544414401 0.666113257 0.251213074 0.206710368 0.771683335
    0.60069859 0.841287434 0.964094758 0.139289707 0.811330974
    0.272892475 0.435131758 0.508755028 0.379747093 0.685437024
    0.676117778 0.838564217 0.187655181 0.0406808555 0.493875414
    0.717133999 0.19443047 0.604726493 0.166838557 0.137312084
    0.630578697 0.411065966 0.949729145 0.934624493 0.166628689
    0.216842741 0.011985153 0.648939967 0.7281515 0.113675505
    0.395509124 0.639819741 0.631547689 0.0918278694 0.223406523
    0.96674633 0.612436771 0.924744129 0.845264554 0.775585413
    0.534289718 0.682737947 0.442120582 0.17920509 0.493552685
    0.588050425 0.336171448 0.340677112 0.143879861 0.295519173
    0.582039356 0.979999542 0.271570802 0.0547589064 0.820841908
    0.740271032 0.29468745 0.0477181971 0.999169052 0.928036153
    0.20230785 0.344806969 0.610052347 0.681669712 0.75234592
    0.230729729 0.642645717 0.164015561 0.653433681 0.222345591
    0.32865119 0.884120345 0.171366096 0.236541241 0.0539956987
    0.783325791 0.669061303 0.144311577 0.378786772 0.710839033
    0.901334584 0.285947263 0.311905384 0.733578205 0.223253995
    0.908724308 0.388968825 0.0327039659 0.928450584 0.469431251
    0.332059354 0.991320729 0.406573176 0.190343022 0.364381731
    0.90811336 0.511682749 0.851883173 0.865787625 0.808624923
    0.285963565 0.942629278 0.313476235 0.269798964 0.798364162
    0.529125869 0.963390827 0.709440112 0.911141157 0.350920081
    0.668760419 0.754565537 0.688030124 0.125924885 0.0784938037
    0.276391149 0.461097509 0.0133640766 0.649313688 0.485171646
    0.187163681 0.854587197 0.731101632 0.580125332 0.978607178
    0.790406942 0.889581859 0.110419571 0.551394165 0.328605443
    0.37770462 0.406072557 0.293641001 0.556871176 0.405801237
    0.280063212 0.733377814 0.593065917 0.0813070834 0.65016681
    0.555227637 0.50283742 0.416561961 0.224167228 0.582957387
    0.582394958 0.438343048 0.836611032 0.101767659 0.462397426
    0.586187124 0.0495792627 0.615761161 0.201671392 0.0266471505
    0.846702576 0.625438094 0.468565106 0.722391307 0.486349076
    0.596608222 0.977286696 0.487101406 0.932638645 0.687312067
    0.549652934 0.843074679 0.0150589645 0.183079481 0.984943509
    0.660307705 0.343031079 0.151411861 0.328652859 0.475728601
    0.649744749 0.491518617 0.399064481 0.122970074 0.367471725
    0.60139215 0.397670388 0.602618575 0.845913887 0.35824427
    0.299743593 0.483050704 0.679387271 0.883580506 0.679421544
    0.282778829 0.27865386 0.84257412 0.0326499343 0.0362166166
    0.684389472 0.199181855 0.372568458 0.552306771 0.753301024
    0.788495541 0.658076048 0.334735096 0.139582932 0.321940422
    0.819327056 0.300843239 0.0251419544 0.65985322 0.877334237
    0.144319236 0.883851171 0.867151141 0.564970493 0.542777538
    0.496265739 0.300995886 0.523350775 0.914781451 0.337607443
    0.348699331 0.754581571 0.920160413 0.633710563 0.0819515586
    0.0380728245 0.950217962 0.755959392 0.326232731 0.952539563
    0.221881449 0.791372895 0.939380169 0.550707757 0.89269793
    0.327824682 0.967827439 0.924650908 0.630226672 0.90847671
    0.319429189 0.808284163 0.565291464 0.781877458 0.154887587
    0.19118768 0.141605109 0.0384849012 0.641966164 0.516562223
    0.529416978 0.0809544623 0.332170784 0.815588117 0.662234843
    0.652389705 0.265885115 0.730298281 0.637435079 0.839281321
    0.72143054 0.668435276 0.913290143 0.640300274 0.873315513
    0.548889875 0.250576794 0.697375655 0.356647581 0.980759263
    0.597269297 0.704637885 0.638320684 0.420814723 0.543920875
    0.669334888 0.299823463 0.151416183 0.0564169884 0.457475662
    0.782790184 0.773926258 0.869323969 0.381272763 0.582390368
    0.178519249 0.65187645 0.096416682 0.459910512 0.0308722556
    0.304606348 0.46231702 0.370107591 0.855061889 0.747614622
    0.768936872 0.739326 0.409053564 0.142434865 0.76547873 0.335000813
    0.580144048 0.674903691 0.483551413 0.443048865 0.580805421
    0.569113493 0.640345216 0.288928926 0.705892205 0.635397673
    0.243894368 0.592118204 0.0530815721 0.339559376 0.291837752
    0.121286452 0.834905624 0.170274436 0.485558391 0.03357324
    0.821064353 0.904595315 0.384253263 0.526217878 0.77078557
    0.183037877 0.555739641 0.736254871 0.839620054 0.805534363
    0.844898343 0.349465489 0.960745335 0.927250504 0.457045048
    0.653092563 0.582407653 0.489142269 0.514144123 0.447430491
    0.272195756 0.404510438 0.718111694 0.143397808 0.426901788
    0.503832936 0.945020139 0.939675331 0.657129943 0.789460063
    0.00421619415 0.910671234 0.666623235 0.722128451 0.164467812
    0.857817173 0.210897744 0.803176165 0.72379601 0.8155725 0.928572774
    0.909621358 0.496718705 0.360285968 0.239937276 0.35178411
    0.419935286 0.67709589 0.327694595 0.362251461 0.277089179
    0.315554142 0.777486324 0.970644236 0.223948061 0.43520546
    0.109358191 0.00914508104 0.752795339 0.122332662 0.54843384
    0.394892812 0.101946503 0.122834921 0.786504507 0.475707293
    0.694751441 0.572607458 0.806195498 0.872181535 0.357722968
    0.651050568 0.514344573 0.328884095 0.653399289 0.238271713
    0.323255628 0.987498403 0.108564913 0.746259332 0.243584096
    0.944053054 0.112363487 0.536336899 0.852469921 0.0411047935
    0.533043087 0.644407272 0.623911142 0.91438961 0.0730834305
    0.783447206 0.755391359 0.18168205 0.0882816911 0.317722559
    0.465068966 0.0309014618 0.877636492 0.863980889 0.732688487
    0.275424331 0.969206035 0.910128713 0.874377012 0.893249869
    0.102288991 0.678682327 0.208874375 0.338432789 0.706380904
    0.766237259 0.479377091 0.800373852 0.563447952 0.931315422
    0.021946162 0.254733205 0.0587655604 0.115171134 0.682491302
    0.412722141 0.830528319 0.80041492 0.746717215 0.0151652098
    0.991918087 0.86745584 0.761466026 0.328302622 0.593433738
    0.0228062272 0.563249469 0.50201124 0.892054975 0.699611425
    0.820674062 0.0823993981 0.176664382 0.0685479045 0.575508237
    0.48002401 0.539675593 0.763547361 0.55088532 0.280157566
    0.652368665 0.552726388 0.827807903 0.359976649 0.553794801
    0.987091303 0.760902107 0.820776105 0.679478288 0.330137849
    0.301787555 0.171209812 0.785400391 0.917838991 0.102130562
    0.720608473 0.0518223941 0.624880314 0.854748607 0.428216875
    0.558255911 0.892204404 0.437233895 0.580693543 0.747719705
    0.150895834 0.322018504 0.737893343 0.840187788 0.667717099
    0.426905543 0.671952844 0.159232646 0.293575406 0.951375663
    0.509531081 0.997841597 0.510752857 0.299418509 0.496283382
    0.870216072 0.617882967 0.935546756 0.946292639 0.569590211
    0.125968605 0.945944548 0.0413997173 0.621645689 0.905847013
    0.0472447872 0.109172761 0.91059196 0.152304202 0.832204759
    0.352050781 0.0507632196 0.599112153 0.464460284 0.673010409
    0.842237592 0.105650246 0.178129554 0.984911084 0.504164159
    0.974022031 0.369609714 0.95290345 0.678948045 0.374147803
    0.685869455 0.920247257 0.508543909 0.525879025 0.321652234
    0.476819903 0.55575341 0.0940850675 0.554296255 0.224843919
    0.0489145815 0.70490396 0.871385932 0.0500528514 0.785343647
    0.960627675 0.0353069007 0.0895102918 0.631652832 0.423524201
    0.463495642 0.475279063 0.343849301 0.694610834 0.523652792
    0.421640694 0.347334564 0.00186851621 0.669452429 0.324392229
    0.833975434 0.151275784 0.15786314 0.874857545 0.963997245
    0.541689217 0.7093786 0.577537119 0.237379074 0.542344451
    0.323172927 0.852939248 0.754455209 0.519556403 0.613722384
    0.540860415 0.910520375 0.471903414 0.250126034 0.776385427
    0.792215109 0.0430800617 0.220983714 0.364326328 0.396001637
    0.449707091 0.669572413 0.699602067 0.00282651186 0.793952763
    0.474923819 0.876131833 0.722504854 0.842914879 0.808004081
    0.0603775978 0.402545959 0.732914448 0.861783206 0.210875034
    0.469530016 0.795843959 0.305261135 0.178298444 0.616402626
    0.809543967 0.591890991 0.367409348 0.271294236 0.849560916
    0.60741502 0.878057241 0.754355967 0.191464543 0.0310201347
    0.838071048 0.667958975 0.205137789 0.126790702 0.319963247
    0.682282865 0.615614712 0.691407621 0.222425967 0.623497725
    0.20932585 0.222309649 0.226800561 0.945386231 0.822792292
    0.464424461 0.866684914 0.995852232 0.521863043 0.520054162
    0.137246221 0.522359967 0.39401117 0.382871598 0.0883954465
    0.976049066 0.0289248824 0.664655268 0.662297606 0.62706542
    0.489375532 0.0736242533 0.862882435 0.903003812 0.45771417
    0.0612334907 0.334395856 0.679875135 0.143813044 0.78673315
    0.73466289 0.511367679 0.0578171611 0.870160043 0.50392431
    0.0434489846 0.491693377 0.334647954 0.189754307 0.789896488
    0.246685892 0.134157062 0.0862593055 0.731639087 0.764260948
    0.850375414 0.787009239 0.746651828 0.411136001 0.272003233
    0.303782046 0.959409475 0.165436894 0.590890408 0.259474069
    0.0112947822 0.98678863 0.931102037 0.341134429 0.983368993
    0.0255671442 0.430039585 0.847160399 0.689330816 0.875246406
    0.217563391 0.550019801 0.215756953 0.797719419 0.13380143
    0.709534466 0.305594355 0.8752563 0.792450964 0.092169106
    0.281261981 0.654666901 0.707418323 0.909208298 0.347559631
    0.219043881 0.446810007 0.659928679 0.453963578 0.40749383
    0.0853853524 0.45993495 0.144534796 0.305177689 0.595596552
    0.0201463997 0.104219019 0.648223698 0.562029123 0.854388118
    0.252788156 0.29128471 0.755595565 0.334819704 0.253153324
    0.284365714 0.975443006 0.1766527 0.10114634 0.546662629 0.185119212
    0.18367213 0.570557117 0.126387477 0.0829659402 0.0168854296
    0.0485651195 0.977023184 0.840525091 0.945362866 0.873595834
    0.115551502 0.0179796517 0.249407053 0.266189158 0.857643962
    0.589145899 0.0588522851 0.128641754 0.947347343 0.518386781
    0.624563098 0.701629043 0.774736404 0.719174147 0.394712657
    0.820272684 0.563634336 0.213344336 0.98923099 0.593114555
    0.679896116 0.520026684 0.324297488 0.240776479 0.169514269
    0.323750973 0.97500515 0.584648132 0.840011537 0.353231162
    0.775826156 0.132947057 0.608231902 0.974602759 0.942937732
    0.641792834 0.112782657 0.0998597443 0.988758564 0.996387601
    0.928870559 0.663794279 0.151795834 0.618042588 0.143952757
    0.566387832 0.884903729 0.187445521 0.800702214 0.606657147
    0.803407192 0.794136763 0.942905426 0.717138588 0.0258843899
    0.140152127 0.707763731 0.279717684 0.631260037 0.0998849571
    0.591829181 0.701579213 0.775524855 0.824970841 0.471196294
    0.917630672 0.538548052 0.643108249 0.208824784 0.509919405
    0.726291895 0.0733245611 0.346166164 0.258960605 0.902799428
    0.866938114 0.399597883 0.213014632 0.718766928 0.307727933
    0.574201465 0.581405044 0.417218089 0.75479424 0.291045189
    0.181277364 0.312099934 0.784404755 0.275758624 0.3786982
    0.866375148 0.657474399 0.75194931 0.401559979 0.27993083
    0.708454549 0.129877687 0.790721536 0.295637488 0.459549248
    0.126298815 0.236969948 0.0907090902 0.477259547 0.484337509
    0.700641274 0.243084371 0.404407084 0.614747882 0.46930185
    0.234544724 0.231848329 0.729609787 0.825631976 0.373760402
    0.609814286 0.19947058 0.304363608 0.647593498 0.433793515
    0.129933476 0.705249786 0.794891715 0.589598477 0.274488032
    0.782080054 0.455894649 0.15775913 0.614393234 0.439491093
    0.170593888 0.686024547 0.658536553 0.289230078 0.0800671279
    0.974511206 0.411031544 0.532972932 0.541135788 0.0363658965
    0.577995479 0.331154823 0.387072206 0.591753185 0.343635499
    0.437232375 0.705863118 0.853799105 0.162307531 0.34020406
    0.766283035 0.622020781 0.88035059 0.735657454 0.557232022
    0.167340249 0.575932384 0.532096028 0.784031153 0.166718334
    0.285646439 0.575213253 0.171771646 0.248170018 0.71404016
    0.406727195 0.125700325 0.0461834967 0.0766679943 0.866568923
    0.333010316 0.608835757 0.529381633 0.0688114166 0.94182533
    0.284649611 0.894865513 0.293665409 0.729259372 0.0349520445
    0.810215831 0.637550592 0.350576252 0.0619213581 0.897978961
    0.75070107 0.743818402 0.43356055 0.400004238 0.869900584
    0.134465933 0.597839236 0.237057686 0.869730473 0.676609635
    0.100707918 0.317573279 0.773772418 0.227978557 0.899098933
    0.771769464 0.729520738 0.941522956 0.343504071 0.839078248
    0.392706752 0.162149131 0.337119162 0.0895655155 0.540970445
    0.571184516 0.763407469 0.483535141 0.993950188 0.190966606
    0.408077925 0.658509851 0.517970383 0.57751447 0.776844203
    0.869223118 0.369255722 0.570317686 0.25391075 0.256335437
    0.304215044 0.124066889 0.697407126 0.787694097 0.8256464
    0.0799459219 0.806284428 0.393082559 0.613438606 0.598584175
    0.177544445 0.726968169 0.866984844 0.748400211 0.790661454
    0.885664403 0.977447867 0.320847631 0.436713576 0.0752300918
    0.297617614 0.785420001 0.71576786 0.400936753 0.893642545
    0.0147812068 0.576673925 0.869827211 0.989264786 0.68229872
    0.79379034 0.838920772 0.597138762 0.886924028 0.910060167
    0.807281137 0.591076374 0.138166428 0.634177923 0.335929364
    0.706887007 0.573257089 0.554670393 0.386395633 0.970648289
    0.105129659 0.902573884 0.35661453 0.517392755 0.197940499
    0.192588121 0.0583818555 0.614081442 0.754812598 0.868746877
    0.863748312 0.300284088 0.28335917 0.412587136 0.377307951
    0.768645287 0.554319859 0.928539693 0.477786303 0.628819406
    0.704257846 0.457129866 0.354092658 0.619163036 0.298127353
    0.222892374 0.0847658515 0.736806691 0.797862411 0.192483395
    0.992555141 0.16673407 0.311812162 0.365811527 0.180823922
    0.579743743 0.457025528 0.285380602 0.414777547 0.432472944
    0.699999332 0.640054464 0.388182402 0.144791722 0.567755222
    0.799573183 0.875802875 0.778727651 0.291041195 0.462871522
    0.887854695 0.611923277 0.219989747 0.340052366 0.333801031
    0.370167077 0.596596003 0.283962578 0.239288121 0.309925437
    0.958545566 0.14342013 0.843692064 0.0993845165 0.786068916
    0.623431385 0.172908425 0.0401339233 0.640105963 0.132564366
    0.518292546 0.552699268 0.524728358 0.741603673 0.927756071
    0.155313969 0.574774146 0.211477607 0.20153603 0.293445468
    0.362314403 0.623873055 0.36270386 0.976840079 0.47174418
    0.806819677 0.723193288 0.155479848 0.490641862 0.895648718
    0.715172291 0.712218523 0.250444412 0.620296955 0.0611245334
    0.991976023 0.555771232 0.0508170128 0.017882973 0.540427148
    0.0353123844 0.401125878 0.308977723 0.409167796 0.805126667
    0.142623574 0.337422073 0.307553053 0.518118799 0.621469557
    0.179979384 0.664308071 0.783730626 0.176854342 0.71225059
    0.277017653 0.652129591 0.767552316 0.942796469 0.523722947
    0.487699926 0.787795007 0.69503057 0.0176280141 0.974323809
    0.183965385 0.157951742 0.154371858 0.396166027 0.897677124
    0.899779439 0.11377117 0.453102887 0.854504764 0.614556134
    0.877404094 0.869455099 0.756297231 0.185667872 0.801983654
    0.319010556 0.804285824 0.670651078 0.132880419 0.381061733
    0.0727873445 0.499912292 0.584270716 0.392578244 0.504045606
    0.938957095 0.463193238 0.933671951 0.506546974 0.549198151
    0.593305826 0.0604552627 0.612976372 0.161418378 0.277226746
    0.50421983 0.55013901 0.49168542 0.497518033 0.0973436832
    0.214742064 0.0861648023 0.354576707 0.272009403 0.450754791
    0.1896891 0.296535134 0.111003906 0.856784821 0.101291269
    0.619063735 0.577397585 0.62570107 0.581964016 0.538817167
    0.0999435186 0.318487465 0.503712416 0.241877258 0.504351795
    0.347858071 0.126932114 0.295487911 0.391968668 0.997633934
    0.106445462 0.113869637 0.696246743 0.101496458 0.208880216
    0.680618942 0.911414802 0.378863603 0.253452241 0.248345733
    0.156646609 0.714354277 0.468024343 0.687107921 0.722327709
    0.262180448 0.0971501768 0.410889268 0.833494663 0.722389102
    0.802646339 0.984037399 0.351445675 0.692742527 0.384973139
    0.647960424 0.949830413 0.515411079 0.708776414 0.605405331
    0.364019692 0.934082806 0.303490251 0.99641782 0.0752883852
    0.481218398 0.747283816 0.289032698 0.161047995 0.466964453
    0.994783163 0.729516327 0.0153768361 0.521297395 0.796137929
    0.0606327653 0.206870347 0.128320694 0.851257443 0.413652182
    0.0137485862 0.964175224 0.328298926 0.65247941 0.498023033
    0.451073378 0.251746714 0.0147527754 0.998061597 0.971170783
    0.440993637 0.749545693 0.548317909 0.597156644 0.252008289
    0.317900032 0.199399292 0.946983218 0.81417799 0.605843246
    0.591636539 0.780883193 0.701633155 0.25733465 0.739445925
    0.27049017 0.473579496 0.736036003 0.886287212 0.394369513
    0.246654153 0.991143823 0.884453118 0.676847339 0.99155581
    0.326525033 0.859046817 0.371657968 0.417336047 0.0481550992
    0.423895538 0.145499766 0.56933707 0.592109203 0.830240726
    0.920353532 0.980123103 0.153940737 0.719625711 0.677555084
    0.617871642 0.972982526 0.791015029 0.375287086 0.788411021
    0.132444471 0.149807423 0.395456493 0.283270359 0.755174637
    0.530133069 0.313620955 0.41938132 0.640459597 0.210819751
    0.177343518 0.554809928 0.49628672 0.437993526 0.584941447
    0.239545971 0.285295904 0.902317286 0.0421803892 0.00867515802
    0.568762958 0.829218388 0.852196455 0.0160469413 0.854569912
    0.185021371 0.885953486 0.153770745 0.581411123 0.752421737
    0.90733099 0.0062148869 0.900401831 0.0122389197 0.216729432
    0.801836491 0.531284511 0.557316363 0.0286911428 0.425806463
    0.129860908 0.0877121985 0.889214993 0.878686547 0.478442609
    0.865238667 0.763828158 0.603458941 0.81733644 0.283170164
    0.848814607 0.264965892 0.206908345 0.93370527 0.276190758
    0.748994887 0.72325182 0.976273417 0.0549434423 0.39133954
    0.686964452 0.752992153 0.464075923 0.563561797 0.651818037
    0.666186094 0.322309256 0.689874947 0.931050777 0.870011032
    0.0960362256 0.844878972 0.463051945 0.772403717 0.949324369
    0.440308183 0.0888854861 0.170885354 0.257455409 0.0547966659
    0.269220233 0.00447571278 0.327462256 0.697255969 0.296991289
    0.98091948 0.374113768 0.44484666 0.0068808198 0.0889489055
    0.294451416 0.508113265 0.187804401 0.295773923 0.522194326
    0.450198054 0.0435082614 0.955945969 0.658376336 0.622763634
    0.615171432 0.470106095 0.107530534 0.307284415 0.189528197
    0.809704542 0.467984676 0.421757042 0.615574896 0.97808826
    0.812554002 0.72220552 0.550049007 0.576640785 0.780422211
    0.22108376 0.74417311 0.329625964 0.872508287 0.811100066
    0.851780891 0.331256211 0.493499875 0.328549802 0.91178596
    0.813682675 0.0020545423 0.987626016 0.735623002 0.731292129
    0.0827807784 0.20733273 0.522031724 0.71839416 0.0233596861
    0.122499198 0.558514655 0.177025497 0.614649773 0.357921004
    0.0385348499 0.558008254 0.962625742 0.149662793 0.751776338
    0.118587792 0.476205677 0.0628749728 0.87695241 0.373716176
    0.604252815 0.0190408528 0.627216995 0.55464232 0.78783524
    0.227076471 0.234551042 0.971875131 0.531365275 0.955725431
    0.0549860895 0.775029421 0.682856202 0.466241777 0.719876587
    0.574328303 0.492767811 0.206853628 0.0941764712 0.706198215
    0.651107013 0.181420356 0.0612516701 0.828913867 0.64977771
    0.792508841 0.266322315 0.505514205 0.224178582 0.747113585
    0.610119581 0.338576734 0.575608253 0.311185896 0.327002645
    0.0768453181 0.311420083 0.258628815 0.0303032994 0.627166152
    0.660687685 0.414510608 0.745491922 0.902877688 0.83372581
    0.468096137 0.435386986 0.244672626 0.225461423 0.23827675
    0.285806298 0.233927935 0.0510348678 0.974482477 0.342783988
    0.0991980433 0.394980133 0.345689029 0.0691623092 0.506315291
    0.115611672 0.437338024 0.937916577 0.0830817819 0.720595121
    0.47698617 0.181758583 0.169046551 0.550609708 0.0468344986
    0.923002183 0.191732466 0.936619878 0.317334831 0.857671022
    0.205482632 0.315149814 0.262124836 0.0226513445 0.99188292
    0.457345843 0.558393061 0.449502349 0.910311103 0.556415379
    0.656797647 0.355901897 0.03521505 0.912893772 0.364385873
    0.393369317 0.561824679 0.0819586813 0.920550823 0.915784001
    0.251938462 0.738689482 0.822454751 0.923646271 0.682924628
    0.681165993 0.346396506 0.414290905 0.647014081 0.242744267
    0.789676428 0.804754019 0.158260584 0.629309475 0.0503582656
    0.0967477858 0.744150639 0.709233344 0.87670809 0.886047959
    0.246096373 0.350376695 0.580431402 0.875209212 0.602455854
    0.316483229 0.0909876227 0.15812993 0.822342873 0.635093331
    0.656559587 0.649376333 0.193634033 0.648454309 0.847669125
    0.786894143 0.168602914 0.97339803 0.712398469 0.660188794
    0.286525279 0.561000049 0.515725136 0.446812302 0.631830752
    0.687797666 0.527899921 0.418053001 0.0900385082 0.399149656
    0.22736603 0.29593116 0.2875489 0.45165956 0.271435648 0.342423558
    0.152882367 0.0184632838 0.230503857 0.631967843 0.485604972
    0.196545899 0.402611494 0.5628649 0.958344102 0.878926218
    0.0748666525 0.0749531388 0.207322955 0.906558871 0.912043154
    0.0614942908 0.655688465 0.525592506 0.101462513 0.214062363
    0.707956195 0.657849371 0.765026748 0.885626495 0.779326677
    0.424310207 0.199348897 0.60865587 0.736974955 0.810850263
    0.310766667 0.419267714 0.21676591 0.00332376361 0.818754435
    0.25564009 0.200234413 0.80791223 0.0905538201 0.687532365
    0.547245145 0.928189397 0.384716749 0.742949724 0.242955744
    0.325896859 0.59342742 0.140411764 0.886585951 0.144647926
    0.581618071 0.487915456 0.153879613 0.596643627 0.794136524
    0.0508043468 0.542794049 0.519673109 0.489536315 0.06557706
    0.870641828 0.543004155 0.398073643 0.960995317 0.584367871
    0.469415218 0.118111938 0.0827508271 0.677086234 0.39951703
    0.183726013 0.310523838 0.553694904 0.0730082393 0.594817996
    0.215546161 0.731956244 0.0342675745 0.622231007 0.412652671
    0.15888986 0.581442475 0.721713781 0.584965289 0.49609527
    0.614326239 0.551115751 0.402530313 0.51598382 0.505686164
    0.379976571 0.627802253 0.530819118 0.606455326 0.485727906
    0.310622752 0.92735374 0.163603872 0.11703065 0.196488708
    0.709828138 0.0415029526 0.850136757 0.135438353 0.00675973296
    0.507544279 0.514080167 0.116921604 0.211958766 0.519022942
    0.0245427489 0.819164336 0.475520909 0.0733523965 0.0985697806
    0.464205742 0.608253241 0.908125162 0.92202729 0.774819493
    0.427999526 0.10471344 0.350211471 0.355576694 0.776270628
    0.312806845 0.563938022 0.901815951 0.830148697 0.854709029
    0.128058851 0.0853077769 0.507139504 0.648011148 0.690610707
    0.896574855 0.108208388 0.155410022 0.733546376 0.942629874
    0.858825445 0.335313946 0.130243063 0.731847942 0.748492777
    0.339539856 0.543120623 0.278531849 0.91455555 0.16257304
    0.686549664 0.658837676 0.644270301 0.991946399 0.666577518
    0.642331898 0.881945252 0.268130898 0.42546472 0.747255564
    0.781368494 0.673148692 0.50088644 0.413023382 0.142105997
    0.243530482 0.395265758 0.886849523 0.93554759 0.217338294
    0.286077797 0.206326246 0.538579047 0.100267172 0.269468188
    0.0246629119 0.810011983 0.607277036 0.545364439 0.41446507
    0.765626967 0.699846745 0.636157393 0.693451881 0.74287951
    0.321272403 0.432261467 0.863307834 0.986136198 0.896645427
    0.347084939 0.732481539 0.877759337 0.586273134 0.168952495
    0.313753963 0.356690109 0.81932044 0.94591254 0.356879652
    0.484352857 0.796427548 0.985255837 0.0691659153 0.136229634
    0.238318771 0.912191749 0.00017374754 0.880165398 0.822008252
    0.162523627 0.968894482 0.539873838 0.0778980255 0.894447088
    0.176186204 0.262798905 0.68706131 0.378086895 0.920873523
    0.460347146 0.478177249 0.880663872 0.737330317 0.96499002
    0.300656587 0.910569966 0.973760307 0.37554884 0.687560439
    0.171667993 0.98405838 0.687214971 0.251025617 0.992743492
    0.990310788 0.565466404 0.765808821 0.563575685 0.637706459
    0.294228017 0.772573888 0.275167882 0.597336113 0.160953939
    0.893213153 0.916094005 0.746980369 0.458687723 0.438862681
    0.610625803 0.314702988 0.180206716 0.368778706 0.590831935
    0.405440181 0.566376328 0.897140026 0.139415383 0.365897417
    0.508240461 0.190507054 0.295796216 0.432568222 0.288307667
    0.958103836 0.183954 0.0327068567 0.436992764 0.334546387 0.64180696
    0.022159636 0.0134404898 0.288505495 0.685661912 0.0111525953
    0.437599063 0.647864878 0.699764788 0.155313551 0.468370497
    0.170067489 0.445012569 0.201137155 0.667938113 0.834237695
    0.8204633 0.649502158 0.893908203 0.498042822 0.76890862 0.773171484
    0.00888156891 0.00749617815 0.729880691 0.971309423 0.716408968
    0.849160075 0.776525259 0.199804246 0.256466568 0.712130904
    0.346479416 0.0142400265 0.976687908 0.845604539 0.109460205
    0.636589825 0.0999614596 0.426918805 0.181876957 0.861954689
    0.762799144 0.0120432377 0.590533972 0.404748619 0.548438549
    0.0821417868 0.702775776 0.498061687 0.82740134 0.879353523
    0.510412812 0.960244477 0.760953307 0.672444165 0.337483197
    0.738886356 0.290370286 0.991064787 0.630939603 0.0617399812
    0.767170072 0.23603949 0.777676582 0.764732718 0.837068558
    0.759444952 0.447741628 0.763057947 0.705794156 0.239909112
    0.693482876 0.989410639 0.162391365 0.696475387 0.231740683
    0.184679776 0.411341667 0.480993539 0.377769738 0.457283407
    0.839605033 0.654034734 0.633103251 0.00850310922 0.855350971
    0.460739672 0.108659804 0.360657185 0.129055887 0.26553911
    0.178811789 0.681978285 0.035663873 0.0888350308 0.393538356
    0.048060447 0.719607532 0.178501099 0.966602683 0.0199481845
    0.750847101 0.740530431 0.0156045854 0.0248978436 0.224929422
    0.299576998 0.600052655 0.96732831 0.86778307 0.601689219
    0.521355331 0.943870366 0.77733314 0.0850919783 0.833718061
    0.487765342 0.743336797 0.864239216 0.39260751 0.803148389
    0.298766732 0.0970524848 0.287381709 0.0916025937 0.0370782614
    0.602804601 0.390468538 0.120281756 0.997076392 0.776415288
    0.146013856 0.0773842633 0.706803203 0.792275786 0.639777303
    0.235035092 0.717098713 0.569261193 0.518646181 0.62209177
    0.627908111 0.667443275 0.749447763 0.525652349 0.973472238
    0.482239276 0.0786498487 0.579839468 0.345299751 0.171340197
    0.160630465 0.970896363 0.480639577 0.183841676 0.471614629
    0.262785643 0.489097685 0.904838085 0.165693849 0.357324898
    0.638350904 0.409761101 0.935772657 0.0112062991 0.43776387
    0.882639885 0.358544648 0.505313635 0.912253141 0.13544184
    0.85604912 0.508925736 0.287927538 0.175075322 0.208966881
    0.587225795 0.206573635 0.727666914 0.83802712 0.888932109
    0.194554865 0.431370199 0.968922257 0.304288745 0.432857126
    0.347633451 0.293401718 0.187905014 0.558886945 0.360449344
    0.803738356 0.462559909 0.32888636 0.0417864621 0.153186977
    0.143060505 0.623351097 0.783888161 0.190998375 0.541885495
    0.626437664 0.838700712 0.790790677 0.233035386 0.296304226
    0.0854839087 0.373915553 0.287343591 0.0759355426 0.287671685
    0.69756484 0.228880465 0.340616941 0.174808651 0.385261536
    0.394319355 0.977930546 0.529445767 0.968800306 0.257214546
    0.95472014 0.837863386 0.210144788 0.247202337 0.764162242
    0.224985749 0.0959993005 0.281016588 0.179222733 0.141201377
    0.509914815 0.169839144 0.517664969 0.856980979 0.905332208
    0.533670902 0.263309747 0.13275072 0.318780661 0.0494449437
    0.0468862057 0.202703834 0.63563019 0.811659575 0.587733448
    0.00323414803 0.265811503 0.489696652 0.0887416303 0.745991349
    0.543533981 0.478001028 0.40177381 0.692774355 0.504750848
    0.0777257383 0.856740773 0.237025678 0.794867098 0.205809712
    0.561872661 0.401769966 0.164975822 0.278630733 0.236323863
    0.323061585 0.939260662 0.221322775 0.522238553 0.769111335
    0.265185744 0.662130952 0.906592548 0.191322088 0.673986912
    0.364080071 0.429406345 0.56236738 0.833334327 0.353004396
    0.0597531199 0.712578237 0.548118234 0.505959809 0.863377452
    0.649204731 0.56710273 0.875606418 0.479614854 0.754055023
    0.0439615548 0.194852769 0.1113258 0.707206964 0.860303521
    0.91281116 0.0412317514 0.35352847 0.78292954 0.153585643
    0.240121037 0.820949674 0.410105407 0.525395691 0.789196968
    0.919871271 0.0207794011 0.982746601 0.193573922 0.47276476
    0.967469692 0.971813321 0.899698257 0.770676494 0.303649902
    0.652849793 0.300688446 0.406310737 0.465369463 0.235547066
    0.077616334 0.569012225 0.534125566 0.0325855017 0.197271526
    0.940771818 0.475967318 0.113196045 0.05121696 0.291246146
    0.420280963 0.693572998 0.941380322 0.999936998 0.90673697
    0.188511491 0.806724548 0.0873114169 0.863104045 0.300896764
    0.446467876 0.788289368 0.68431282 0.176718175 0.539006948
    0.414960444 0.120478928 0.94664073 0.971232712 0.533562064
    0.170931369 0.413737267 0.65803206 0.08677876 0.723921359
    0.589179754 0.0257131755 0.951164067 0.462794453 0.405048758
    0.176805407 0.758531094 0.0416036546 0.711815596 0.879218221
    0.429241657 0.290106416 0.51332891 0.700734198 0.741581976
    0.546933055 0.943622828 0.621178627 0.0959950089 0.687575758
    0.78199327 0.916343927 0.700012445 0.88452518 0.140609205
    0.997593164 0.834011734 0.443432927 0.937957585 0.77431953
    0.203887463 0.554333687 0.55269134 0.0205582082 0.584295392
    0.771978378 0.189476192 0.132141411 0.621559501 0.83659637
    0.0631149113 0.261045218 0.907493174 0.0811347663 0.00664836168
    0.683874726 0.824406266 0.459754944 0.850580215 0.510661006
    0.476232618 0.361855507 0.45887199 0.77908349 0.543293893
    0.00453773141 0.588261306 0.0740392506 0.301359087 0.864489019
    0.311030328 0.176476896 0.174285561 0.547069132 0.830396593
    0.69276768 0.402620554 0.163203597 0.936833024 0.0331994295
    0.0703493357 0.223903596 0.455192894 0.349236101 0.0694730878
    0.643179715 0.840949535 0.455870926 0.42647481 0.483680367
    0.68417573 0.204875529 0.71028018 0.127293676 0.52914691 0.561106563
    0.824058533 0.936466575 0.184726834 0.69864279 0.611292064
    0.355493605 0.0484832525 0.917128384 0.957265854 0.717516482
    0.18907401 0.517569184 0.917226315 0.799807787 0.694318056
    0.158843666 0.142426223 0.55889231 0.540229142 0.0485271513
    0.427712262 0.463960648 0.321565628 0.468403101 0.832434893
    0.176826984 0.353066295 0.0460765362 0.577028394 0.194261223
    0.971938789 0.5696702 0.320914149 0.669251323 0.906449854
    0.946745276 0.789582729 0.949601173 0.879520059 0.322066873
    0.315985084 0.733797848 0.257834196 0.401432037 0.831526518
    0.306700408 0.494079739 0.764921784 0.271847397 0.252051741
    0.14240101 0.125024498 0.25971961 0.929584742 0.782422006
    0.143263042 0.381890982 0.401086956 0.0195836425 0.758299708
    0.901315212 0.831409574 0.721964002 0.088642627 0.546626568
    0.220575631 0.109747916 0.251278639 0.5757429 0.172473669
    0.175913721 0.425274312 0.925361156 0.258713275 0.936131477
    0.386063337 0.489965081 0.324599832 0.189151764 0.0160983503
    0.861735702 0.873115778 0.285647333 0.729359865 0.338403583
    0.307294697 0.00346744061 0.333018005 0.498928934 0.303463131
    0.307858348 0.716489255 0.85148859 0.0453220308 0.539577723
    0.564011037 0.409523785 0.175257355 0.876508832 0.566278219
    0.221463889 0.18227607 0.353697628 0.22825247 0.483501852
    0.339041531 0.760875702 0.682376623 0.796996355 0.40458566
    0.735437751 0.42730844 0.877633452 0.25312978 0.976497054
    0.431194305 0.408991277 0.974645615 0.623616099 0.588709235
    0.15314576 0.515820265 0.110375106 0.415748626 0.695782125
    0.826326489 0.948162496 0.623493314 0.10579288 0.603821158
    0.816045642 0.145699382 0.904762626 0.393086731 0.132130623
    0.457415015 0.342116982 0.321508706 0.644576311 0.115666121
    0.426105857 0.173538119 0.339673907 0.97094512 0.374816656
    0.31673786 0.456292838 0.225829363 0.908276796 0.250245571
    0.831201553 0.493701071 0.0561571419 0.414775133 0.78651011
    0.3378371 0.884856939 0.933035195 0.237448394 0.517874181
    0.530781567 0.445490599 0.523117542 0.506439447 0.108323961
    0.54800415 0.946872354 0.699840963 0.826518714 0.237855464
    0.736863256 0.259878874 0.881102562 0.622309327 0.130523294
    0.548859835 0.523392439 0.531167388 0.261692464 0.771256387
    0.941183209 0.303539097 0.91356945 0.960341096 0.792096615
    0.190097094 0.877209842 0.145196855 0.133391917 0.937802672
    0.132728457 0.221851557 0.730981231 0.505030334 0.191688418
    0.430104166 0.0466373861 0.883670926 0.83665204 0.308449984
    0.839294672 0.960775733 0.226537198 0.134421825 0.229472727
    0.42343387 0.131664187 0.0668278039 0.841590166 0.879264593
    0.1338557 0.868202806 0.851587296 0.403954983 0.818995118 0.19710815
    0.23013404 0.571140885 0.520648062 0.686311662 0.863861799
    0.257062018 0.77760911 0.286320835 0.0870027244 0.194036633
    0.945199013 0.674152493 0.57833004 0.602885127 0.552105844
    0.358196408 0.21899569 0.0558621585 0.599997103 0.355506063
    0.3327263 0.700212359 0.603940845 0.338970661 0.991505802
    0.104228318 0.457469016 0.645826817 0.0569257438 0.367767155
    0.0961939991 0.464026332 0.738960385 0.270892233 0.448809952
    0.419275522 0.546620548 0.1683653 0.147059828 0.524266541
    0.480343342 0.186341435 0.564691603 0.855758965 0.130627245
    0.476501971 0.34279573 0.941569865 0.406300306 0.39458409
    0.856252789 0.192454636 0.730527222 0.739370167 0.812797308
    0.665091097 0.757195115 0.879755735 0.553857267 0.799437761
    0.330786288 0.325856417 0.587780297 0.666456819 0.517237842
    0.065276891 0.502649546 0.675630808 0.791975379 0.259231657
    0.317356288 0.85539484 0.57420373 0.525482714 0.0881830156
    0.831938863 0.606325269 0.323331654 0.89199549 0.0828079283
    0.572526395 0.258717656 0.30775407 0.853607535 0.214151978
    0.350000739 0.507917345 0.514226079 0.616298378 0.891848326
    0.6372329 0.329870045 0.530113995 0.877582669 0.820689201 0.23281619
    0.968678117 0.137124777 0.250300258 0.110212505 0.0553151369
    0.463324726 0.231443286 0.958237827 0.380714238 0.5468418
    0.452585697 0.444111526 0.217511237 0.629009426 0.027140677
    0.884461284 0.03064996 0.727821171 0.831141233 0.832826972
    0.81913805 0.432938457 0.823663592 0.33108446 0.446765929
    0.0570445657 0.684386075 0.500907958 0.566383123 0.333807111
    0.331210792 0.497924328 0.378254831 0.606050789 0.512438893
    0.55710876 0.844581485 0.230232179 0.908863008 0.0247303545
    0.987403989 0.521297216 0.843164861 0.493412405 0.554181337
    0.0453356802 0.559802473 0.585891664 0.0690452754 0.264064908
    0.835113049 0.850208879 0.659106553 0.689078093 0.934672236
    0.853775978 0.734080851 0.922526002 0.684865952 0.170488507
    0.857564092 0.585893154 0.580200255 0.985054493 0.026619643
    0.274769485 0.913996041 0.22221449 0.731269717 0.79161948
    0.348457396 0.0135375559 0.0119740069 0.181281209 0.859918356
    0.131247729 0.684171796 0.250646085 0.123575896 0.637493789
    0.169435352 0.636549175 0.444283098 0.884536505 0.579516709
    0.467689186 0.635686755 0.592827082 0.0784086585 0.692349374
    0.798052132 0.151509374 0.122828722 0.84138763 0.330967993
    0.219222426 0.253863752 0.286348045 0.155207336 0.986169577
    0.447481453 0.885747075 0.226165801 0.0527565181 0.549207032
    0.656060159 0.51935029 0.149587899 0.236567318 0.813623786
    0.956507027 0.112052768 0.721156061 0.65351516 0.32611233
    0.0518881679 0.141967863 0.584965527 0.104018807 0.671886086
    0.494939804 0.813108921 0.90615809 0.995364547 0.592402995
    0.476265579 0.18363598 0.559343576 0.832660615 0.763323665
    0.904667258 0.15450117 0.935181618 0.0283071995 0.389929622
    0.567663729 0.475132912 0.802010536 0.328779489 0.506101608
    0.765464425 0.0861086845 0.0108084083 0.181120396 0.943723917
    0.662047505 0.521950305 0.568229437 0.410577804 0.278475881
    0.437712908 0.651549339 0.972892523 0.151485652 0.534954011
    0.118742466 0.22479564 0.156040668 0.329455256 0.858067274
    0.140965819 0.572810173 0.765342832 0.546798825 0.393234402
    0.347441822 0.902184725 0.312543243 0.319297701 0.861760139
    0.683833897 0.560364127 0.508449554 0.309081197 0.293561399
    0.332810581 0.995160282 0.587050915 0.404471964 0.860647917
    0.70402956 0.563557982 0.82647568 0.0327538252 0.960790873
    0.790991783 0.858761251 0.120703846 0.897374213 0.153474867
    0.146319777 0.00363695621 0.819015682 0.201007724 0.841623843
    0.877239943 0.637808204 0.410817027 0.470537156 0.832077801
    0.0797042549 0.686873972 0.343525231 0.218022943 0.582829356
    0.234441251 0.984909177 0.391813695 0.498253584 0.84346211
    0.758218408 0.754423141 0.27412644 0.180832505 0.60086 0.962270916
    0.286362499 0.34127593 0.114449382 0.707243383 0.209864616
    0.012467742 0.284265488 0.880155802 0.626773715 0.4663544
    0.210244536 0.588968754 0.944110513 0.0765751004 0.360439777
    0.320886582 0.162375271 0.708994865 0.279016018 0.494349301
    0.137191117 0.251528114 0.498699009 0.662989259 0.0665027499
    0.679748714 0.985108733 0.991434276 0.93861866 0.767622054
    0.707776427 0.718224406 0.66247797 0.509016514 0.596925914
    0.853532851 0.0968016386 0.871364117 0.863223791 0.132850498
    0.272113264 0.657113791 0.922040045 0.73285526 0.857875466
    0.562346697 0.781475544 0.73477757 0.892213702 0.693701386
    0.586701334 0.694364667 0.154647261 0.611687481 0.287235498
    0.517163277 0.0958085656 0.289020061 0.460339695 0.853603899
    0.745409966 0.567014098 0.77897799 0.412311167 0.0828633606
    0.86451149 0.629255891 0.778303027 0.319482684 0.303189456
    0.496570796 0.490573257 0.445073962 0.361352026 0.547449827
    0.495667666 0.140124112 0.124100745 0.08839342 0.822021008
    0.622450352 0.904577374 0.388678223 0.952468991 0.482885152
    0.681069016 0.119441509 0.307811856 0.678711891 0.220236629
    0.409215182 0.230574608 0.0377770364 0.354027867 0.184370995
    0.660984457 0.115750343 0.306498617 0.198919952 0.0615183115
    0.962277174 0.0680421293 0.981894374 0.342985749 0.67382288
    0.674317956 0.725787878 0.210602194 0.259031117 0.0204585791
    0.609523833 0.0968386829 0.248017877 0.234688282 0.252695262
    0.373384356 0.370073736 0.0679681897 0.586106837 0.93322897
    0.24126184 0.612900913 0.598320842 0.681573808 0.347918212
    0.922222137 0.50280112 0.133100271 0.024019897 0.0308739841
    0.122357488 0.158875108 0.169123054 0.240548342 0.0681008101
    0.565253794 0.848979771 0.713769734 0.546381354 0.630844116
    0.816620886 0.748870373 0.544964373 0.261840641 0.815106153
    0.125163883 0.330610812 0.994858384 0.284067392 0.280417562
    0.838833809 0.840327501 0.457808584 0.63201642 0.863460243
    0.637515545 0.140259773 0.627523601 0.113213122 0.560965598
    0.929162979 0.262063742 0.913828492 0.557062805 0.510080218
    0.193699181 0.267403483 0.927823663 0.510456145 0.472302616
    0.499265701 0.558670461 0.659965038 0.719925761 0.524145961
    0.284432232 0.140744567 0.270305514 0.477709115 0.341419399
    0.0711720288 0.48401159 0.220531672 0.834042847 0.303088844
    0.343864977 0.103318632 0.58028686 0.439191282 0.714155495
    0.73718828 0.0327668488 0.702011704 0.310604483 0.641845524
    0.416010201 0.160666347 0.388145745 0.0105260015 0.563943624
    0.490547329 0.589598894 0.0759882927 0.254923522 0.531463504
    0.86123091 0.345850259 0.747636914 0.637808383 0.663892269
    0.902497232 0.659498692 0.456971079 0.236817122 0.734598994
    0.573860228 0.0356301665 0.599989235 0.0154247284 0.921656132
    0.770200312 0.332670569 0.893865287 0.640681505 0.505559683
    0.177347422 0.150265813 0.706225336 0.820667148 0.514043987
    0.730003595 0.663235545 0.42413798 0.601940751 0.0177241862
    0.728444457 0.903942525 0.405721039 0.978281975 0.292241037
    0.70208925 0.577822208 0.0356641412 0.951309264 0.185903251
    0.996416807 0.900052667 0.805390835 0.947962284 0.0179058909
    0.219501883 0.663133502 0.455356181 0.179818094 0.633597136
    0.566790223 0.788097262 0.922267318 0.0980715156 0.312567353
    0.694408417 0.719704866 0.207422495 0.456706166 0.469572961
    0.0688795447 0.230750531 0.665219307 0.247301966 0.28846854
    0.33679679 0.523789108 0.654054821 0.617642939 0.772146702
    0.156078219 0.790126324 0.307215095 0.521480441 0.259338737
    0.967554927 0.535120606 0.905413747 0.848292291 0.955301583
    0.856048644 0.809646249 0.655171871 0.226560295 0.512451708
    0.331993997 0.351160586 0.404501617 0.665293396 0.367789805
    0.228264123 0.176483303 0.984104753 0.298265308 0.509066343
    0.154652894 0.708870828 0.189961016 0.696063399 0.359375238
    0.85033679 0.0425575078 0.645070314 0.0826311409 0.601634979
    0.47041139 0.569970846 0.748681068 0.976315737 0.0588218868
    0.620566249 0.0989644825 0.332106411 0.0562957525 0.427484185
    0.373816669 0.114225566 0.134900361 0.471274972 0.631435215
    0.300800502 0.155426174 0.567010164 0.928169668 0.662625968
    0.756661654 0.875487149 0.931347489 0.478113443 0.610731184
    0.328321338 0.0464802384 0.12655893 0.141552001 0.146473229
    0.814454079 0.184677511 0.111174762 0.203786522 0.500744343
    0.60840559 0.877741575 0.463688046 0.881744266 0.962978363
    0.0832633078 0.341297776 0.148577541 0.276186645 0.872617543
    0.319025397 0.796291113 0.545699 0.102270246 0.318480432 0.591410637
    0.835134923 0.735836327 0.184216231 0.00313708186 0.89208889
    0.675772011 0.897200227 0.444306135 0.411318988 0.580301464
    0.792754054 0.12032944 0.89444381 0.506207645 0.108065099
    0.865632772 0.234924406 0.801249623 0.232080549 0.22064659
    0.427693278 0.616604328 0.00448620319 0.0597682297 0.809362292
    0.476646423 0.860968411 0.538262129 0.489353716 0.666920483
    0.479590297 0.293508977 0.698637843 0.406494498 0.189099222
    0.164178252 0.77883184 0.682985544 0.563397408 0.63715899 0.37288034
    0.84121567 0.261399239 0.706739366 0.634385526 0.964274228
    0.169703752 0.887645841 0.200349748 0.565335751 0.88762635
    0.681749523 0.23145318 0.393603653 0.196673453 0.0346063972
    0.674153805 0.0787171721 0.22443983 0.25336498 0.1204032 0.78387022
    0.839739919 0.544367969 0.363764226 0.640676737 0.240340739
    0.510953665 0.867786884 0.00919184089 0.762631953 0.680785835
    0.591556489 0.0172588229 0.359568894 0.114865303 0.0575265288
    0.375829399 0.454673916 0.207112283 0.205208272 0.988915324
    0.96716398 0.838237047 0.879700303 0.631703794 0.37455228 0.15923354
    0.112931758 0.227048308 0.675583899 0.0216695964 0.69707948
    0.148321152 0.456916094 0.3881073 0.439183861 0.0933180153
    0.315775156 0.234637916 0.366752893 0.169159502 0.0329289138
    0.0256938636 0.0363350213 0.180847973 0.319594681 0.0617355108
    0.715187788 0.669851243 0.193177193 0.56626749 0.199239731
    0.32038784 0.11026904 0.370266974 0.545449734 0.475052595
    0.313806236 0.560813606 0.276108086 0.568970203 0.283565223
    0.128029406 0.880160153 0.701845348 0.736436367 0.633591831
    0.431100577 0.870410442 0.149221867 0.761686206 0.526158273
    0.533826113 0.566766083 0.532467425 0.270579338 0.597714305
    0.479220659 0.584405363 0.319123298 0.421946764 0.0843569338
    0.116835088 0.880497217 0.232855737 0.403418481 0.374618292
    0.88714838 0.62080878 0.527945459 0.945242465 0.0141061246
    0.676823616 0.870662689 0.459693104 0.579988778 0.508998811
    0.312706113 0.0320603848 0.735554934 0.736296535 0.576389551
    0.789954126 0.297209561 0.222820044 0.675147176 0.845597267
    0.183950335 0.179090917 0.348896325 0.633786201 0.0139054656
    0.29720524 0.216084301 0.0672599077 0.177250534 0.96881783
    0.953139365 0.976302981 0.724535584 0.898476243 0.370790392
    0.350638032 0.780901015 0.380018651 0.432579458 0.377294302
    0.63091737 0.836023033 0.632565022 0.186329871 0.646657348
    0.525248349 0.634945452 0.304806709 0.129928589 0.0659179389
    0.150766462 0.294850141 0.982045531 0.248192877 0.456281215
    0.241120875 0.261155784 0.752717853 0.301898122 0.0725732148
    0.720608294 0.881994128 0.349158496 0.282712579 0.108865678
    0.719070137 0.860037208 0.832630992 0.93267417 0.896430135
    0.0935110748 0.601581812 0.347458243 0.590600491 0.115710676
    0.608555019 0.67931962 0.398942411 0.300293803 0.68010217 0.41708529
    0.490133673 0.492681772 0.797620535 0.170791596 0.129005492
    0.913121045 0.270244122 0.315379739 0.00817590952 0.924775243
    0.418914169 0.325688422 0.493810862 0.564787269 0.651404262
    0.731130302 0.845813274 0.0458315015 0.0599893928 0.466551363
    0.476890594 0.235958934 0.554580092 0.453931183 0.368642867
    0.592828691 0.0189253092 0.541727841 0.969734669 0.146529913
    0.848953128 0.632313132 0.911129832 0.502394617 0.971282065
    0.849139333 0.548981309 0.355978727 0.00528800488 0.923486352
    0.836921453 0.397704184 0.98210454 0.535410821 0.445533901
    0.988655448 0.974334478 0.203946143 0.363298982 0.599717617
    0.120474666 0.51356405 0.882253349 0.921816409 0.724028707
    0.15310964 0.628047347 0.0384840965 0.378669858 0.931743026
    0.521513104 0.64799881 0.451656759 0.133615047 0.991423368
    0.861099541 0.979019582 0.727493644 0.677645624 0.740116239
    0.60691601 0.730298281 0.456002444 0.72009778 0.974857867
    0.0133185983 0.708115757 0.241781354 0.156764209 0.385336578
    0.624277771 0.953856349 0.384494632 0.429990888 0.69064945
    0.476970941 0.738904774 0.298294187 0.994303346 0.856776774
    0.770762503 0.65018183 0.256194532 0.956001759 0.35499984
    0.527378082 0.523830533 0.678046942 0.451539069 0.96325177
    0.971148968 0.180835783 0.468417436 0.0329815149 0.858222723
    0.787582994 0.657246828 0.587652743 0.416012108 0.394867122
    0.798213482 0.913692594 0.140638083 0.0497133732 0.204697937
    0.0525386631 0.897634983 0.59735626 0.574177206 0.302360058
    0.290165484 0.158483952 0.636238456 0.123216629 0.207078785
    0.154424369 0.189436376 0.649982214 0.342309713 0.261369407
    0.446734428 0.495613039 0.808343589 0.443538159 0.938503325
    0.814541161 0.313241124 0.0122231245 0.729873419 0.195385545
    0.237722278 0.0931402147 0.12179184 0.60020864 0.415065616
    0.53236413 0.690955698 0.376216054 0.769532561 0.920269608
    0.594953299 0.188600361 0.834801078 0.598653674 0.0430353582
    0.663337827 0.979870081 0.273197353 0.370514035 0.0589829385
    0.57586813 0.479251593 0.675854087 0.113121152 0.10113129
    0.993080378 0.00472864509 0.650227427 0.807354927 0.390871167
    0.434606642 0.526237071 0.00465857983 0.0456996858 0.39271152
    0.868082881 0.98197788 0.0449750423 0.0534437895 0.958606482
    0.403894097 0.660522044 0.741073251 0.529991806 0.170009702
    0.724966049 0.748967111 0.0766828656 0.205713868 0.625135243
    0.764818549 0.0343287587 0.700800419 0.395819664 0.687283993
    0.708643496 0.128474176 0.164889216 0.879533947 0.584182501
    0.793217778 0.341987073 0.565488338 0.619807065 0.0914350748
    0.162851512 0.759990871 0.212814867 0.583595693 0.170297712
    0.659720778 0.504745305 0.287617266 0.079669863 0.322454214
    0.0844182074 0.982219756 0.913912892 0.767851591 0.448798805
    0.0539665818 0.184875786 0.940788507 0.614979863 0.791770935
    0.190599889 0.0936764479 0.985949636 0.630633414 0.714388728
    0.046667099 0.439008296 0.229810178 0.77724272 0.229495943
    0.881931186 0.369787872 0.62106663 0.620245337 0.208605617
    0.497194499 0.459018618 0.261471033 0.454499066 0.594299138
    0.79057759 0.0505433083 0.335758209 0.959565997 0.769143701
    0.804987729 0.206730217 0.61106354 0.952710032 0.739138365
    0.0339762866 0.0682506859 0.966289043 0.32454288 0.488465279
    0.571870565 0.858968079 0.369328171 0.976447999 0.186942339</data></test_img>
<my_img type_id="opencv-matrix">
  <rows>128</rows>
  <cols>256</cols>
  <dt>f</dt>
  <data>
    1.37378466 0.729981184 -0.282852322 0.93480742 -0.0621629357
    1.66123652 1.68864822 -0.103249371 0.823742926 1.3546561 0.433941722
    0.569632888 0.307420403 1.15493131 0.0263003409 2.10994649
    0.00973317027 0.837550163 2.12751961 1.05581033 -0.359684348
    0.870936215 1.5318346 2.05007696 -0.0385103226 0.328535408
    -0.447345018 1.40346849 0.334183991 0.55739665 0.302740216
    0.614167571 1.17584229 -0.346532166 1.98404372 0.369760782 1.1379658
    1.65113568 1.30098724 0.0557588637 1.44589865 -0.142891675
    0.115393192 0.818576455 1.40952706 0.483588338 0.876646698 2.1753974
    0.740513682 1.83080411 1.73471308 0.698174834 0.814694166
    0.211518288 1.30401659 -0.0802261531 2.10641241 1.94991136
    1.64301813 0.588073254 -0.101129979 1.56534481 1.99244285 1.2556076
    1.29620862 1.96155107 0.597195506 0.246120811 0.00331097841
    2.03499174 0.605469167 1.95380318 1.13623261 1.25711536 0.978325784
    0.469895959 1.01344609 0.441734374 1.64018571 1.83836031 0.843131125
    0.435335994 0.255559564 0.366002321 1.329844 0.745814204 2.0065589
    1.77556002 1.73523283 0.754860222 0.936628699 1.91557181 0.346999407
    1.45507216 -0.299624652 2.04184675 1.67567325 0.204741836 1.17967987
    -0.279392779 1.51611412 1.29596508 1.01139426 1.98513269 0.583327591
    -0.367185146 1.52419198 -0.367025942 -0.275071383 1.5174284
    0.686748028 1.61227512 1.70772421 0.904793322 0.723597646
    0.159501016 0.464980155 1.73939621 1.20586789 1.69966674 0.881042123
    1.23443484 -0.242369458 0.274296999 -0.202426434 0.0821268857
    0.288335711 1.30234599 1.25055909 -0.263230324 0.0651109219
    2.04202056 0.500910878 -0.108052909 1.32329869 1.94638586 1.78597414
    1.13307977 1.69058228 1.34989405 -0.234869003 1.34277248 0.760811508
    1.79737902 1.95894003 -0.133700371 0.530332088 0.249177337
    0.783379495 0.420675635 1.07209849 0.114615887 1.98193073
    0.0527440608 -0.166544408 -0.0551262796 0.365447372 0.654441357
    -0.413484931 1.06652784 0.291169554 0.520668983 -0.0412513018
    -0.377180308 0.611799359 1.44462037 1.3701781 0.430143088
    -0.401729345 -0.35445103 1.55711722 2.05914998 -0.426632583
    2.10308623 1.47713447 0.642802536 1.82680607 0.269418329
    -0.0713163018 -0.0357031524 1.74810004 1.75645947 1.58906937
    0.0182884336 0.907631218 0.350682288 0.318481237 1.80395913
    1.11649668 0.468564749 0.308759391 -0.146024734 0.180310696
    0.455895245 1.22837496 1.28762817 0.384682 -0.254315555 1.58063459
    -0.323723257 0.559396863 0.501322746 0.788051367 -0.251005143
    1.32827187 -0.00935614109 1.93074274 1.86030912 -0.38702938
    2.06226134 1.6641345 1.70125663 1.30974007 2.01456141 0.493542105
    -0.372478366 0.688511729 2.00870228 0.615836203 1.90126228
    1.56352293 0.887002587 1.21007884 -0.487967253 0.731453061
    2.01327515 0.310815811 0.97804302 2.14217472 0.374504924 1.73917818
    -0.0343995988 -0.284886807 1.37349892 1.9322896 0.937764823
    0.710050344 1.75070429 0.546337366 1.86086822 0.902422607 1.07698274
    1.43978763 1.20405591 0.160361052 0.110211998 1.54338348
    0.0905681551 1.92397475 0.767477393 1.48463476 1.68875635
    0.171419233 -0.0123277605 1.51479292 2.03582907 1.30838346
    -0.0223063529 1.73765683 1.48891115 0.0895320177 0.894817889
    2.10930157 0.415504813 1.34246886 -0.49701184 0.461586237
    0.288823426 -0.42904532 1.16862607 1.01108038 2.02582121 0.567547977
    -0.0571271181 1.99956143 1.37249804 0.764623106 0.742751539
    0.316926718 0.833810568 1.61447263 0.922003448 1.64281678
    0.00273841619 0.634486437 0.457600772 1.60218358 0.848726749
    0.035746932 0.335460186 0.430750549 0.241305113 -0.285018712
    -0.206298113 -0.447615355 0.333847642 -0.280753523 1.45926523
    -0.054086864 1.85073471 -0.267218381 -0.0605675578 0.565300226
    0.022700727 0.708605945 -0.068487525 1.23418272 -0.366974533
    1.870381 0.800236285 0.329289913 1.09079921 -0.323653221 2.09347725
    0.429652631 1.0094173 1.40179825 2.06518555 0.681124508 0.719298244
    1.83236527 0.938366592 1.35642791 1.27436066 0.541068435
    -0.306214303 1.47772217 1.46601272 1.17140579 0.72566092
    -0.500221372 0.988276839 0.988650739 -0.492512554 -0.377628863
    1.19112825 0.718779683 1.05816376 1.65418935 0.22377789 1.60652208
    1.8429004 -0.626893282 1.67749906 -0.489750713 1.22085643
    0.338469863 0.965640187 -0.150342286 0.786428869 1.3012377
    1.01469159 0.106339216 0.149309933 0.987316847 1.53487122
    -0.485027909 -0.193086088 -0.469051033 -0.345731318 -0.231957674
    -0.289841771 0.144927382 -0.0404144526 2.00069833 1.10885918
    -0.360324204 0.191971421 1.07172942 0.529662728 0.376471639
    1.40518165 0.791771114 -0.440246165 0.5917027 1.80174959 0.906046629
    1.92332506 0.0444639921 2.08398628 0.138985038 0.286033511
    0.972586274 2.07414055 -0.383970112 1.98841023 1.37173891
    -0.539832234 0.989107668 0.333574057 1.11367249 0.389686942
    1.2058177 1.16662121 0.962005734 1.7728225 1.49483132 0.388708711
    0.76433146 1.43326616 0.43069458 0.87391752 1.3310256 1.57907069
    1.68609095 1.17654312 0.998066783 0.189761937 1.54653668 0.822594225
    1.63081622 1.6030488 0.177750587 1.23763454 1.42741323 0.788178027
    0.5262357 0.755850136 0.330435753 1.13499141 1.53371596 0.30108881
    -0.364327103 2.14598227 1.58961272 0.0738928914 0.609965146
    0.0119222999 0.655671 2.04113913 1.75859046 1.88859594 1.84702945
    0.608990014 1.50944424 1.91021693 0.734189928 1.39208293 1.64599466
    1.26351166 -0.369244039 0.0708189011 -0.509453177 0.5034585
    0.464346945 0.152747989 0.637358129 0.111271381 0.687805176
    1.04338098 -0.302788585 1.65618622 1.64621639 0.283563197 1.50179124
    1.99155426 1.59529924 1.44834852 1.23819113 0.26832974 1.20780516
    1.40518153 -0.0562461615 1.10870886 0.802854717 0.941614747
    0.960450053 1.15768754 1.26170325 -0.398296833 1.03429651
    0.859074473 -0.0252284408 1.41263986 -0.0109333396 1.76159644
    0.76994592 -0.264237732 0.143626869 0.261502326 1.65613079
    -0.438787818 1.15209961 0.0450778604 1.77615893 1.14174139
    0.450256109 0.1082232 1.47364998 1.23702216 1.92659318 1.25867176
    1.04546738 0.3112818 0.855074048 1.2106483 1.02575731 0.0982556939
    -0.302301705 1.70324647 0.417989135 -0.276754797 0.404992521
    1.91218662 0.255996048 -0.243254662 -0.0727822185 0.354586452
    0.20312649 0.777740836 0.181405157 2.12714672 1.95063162 0.280916184
    1.41246343 1.09521437 1.39589381 0.194769323 0.865826845 0.337073863
    1.93278623 -0.300166488 0.941083372 -0.200348616 2.03673458
    1.13315737 0.891462147 -0.46754539 0.87329036 1.73116255 1.11992741
    0.809724391 0.90615654 0.933487058 0.32100445 1.96390831 1.88348532
    1.46783268 1.48420548 -0.553796053 -0.132957816 -0.576624513
    -0.310485572 0.832250535 0.812354803 0.0244900584 1.25007975
    -0.0720813274 0.773600876 -0.472074032 1.94530177 -0.295650452
    1.88293505 0.944452465 1.86852598 1.39378214 0.314188838 1.68583894
    0.863789439 1.10931063 0.812424302 -0.118076503 1.41668761
    0.801810265 0.567861199 -0.531661034 1.29256821 0.191336274
    1.53562093 0.534795463 1.92019153 -0.485451192 0.671316385
    -0.202888936 1.37256932 1.57605791 1.38504755 -0.102435172
    0.631143868 1.7854023 -0.194494843 -0.305776536 1.8229562
    -0.404970586 1.14872956 0.587628067 0.553513467 -0.227605611
    1.58264792 -0.0241417289 0.48743248 0.185467243 -0.49848038
    1.57796168 1.30981994 0.427259326 1.61583591 0.588597 1.41172481
    0.659181535 1.90699291 1.34401894 -0.0113203526 -0.579704404
    0.0161234736 1.41879904 0.844836652 0.797817171 1.90098691
    1.81613708 -0.151890278 0.724839747 1.38575006 1.66371143 1.51234615
    1.71908808 0.974033773 1.4001441 1.4130559 0.535196602 0.755193114
    0.565355003 1.49412787 1.47153819 0.459982693 1.01274943 1.01898229
    -0.174070328 0.816073537 0.230853856 1.35512686 1.67544341
    1.23579526 -0.0649287701 -0.273463696 0.0982171297 -0.0906484723
    0.101400912 -0.183828861 0.426472545 2.02678919 1.8950516
    0.837957501 1.8076539 0.453274786 1.0892967 1.88371563 -0.638439178
    0.448287487 0.202433825 0.95294261 0.307105839 1.67795777 1.89018297
    0.661000431 0.654110849 1.96911716 -0.300497949 -0.132452786
    0.947960973 1.54616928 1.21062517 0.566993296 1.63939762
    0.0430198908 1.39793396 0.738030374 0.504817665 -0.573458195
    0.196574152 0.0248365402 0.942025125 -0.0882317424 -0.631123126
    0.380103767 0.688695312 0.467129767 0.947291553 -0.335747808
    1.54632962 -0.281813204 0.27257514 0.744097769 0.334598422
    0.93980819 -0.222107887 1.32949793 0.0882509947 -0.436689168
    1.38322389 1.06999063 1.53997707 0.207814932 0.832925439 1.99085045
    0.808999121 0.973921835 1.82783985 0.592345059 1.1164484 0.647253156
    0.848882556 -0.0205512047 1.21324146 0.81606102 1.36804318
    -0.538358092 -0.319327712 0.870186985 0.433441818 -0.371770144
    1.11353254 0.134976327 1.57384944 0.114319563 1.24672556 1.09720492
    1.1783433 1.39954376 1.41475987 1.75288045 0.0197981 1.8416853
    1.06126964 -0.689750493 0.359966815 0.554065287 -0.477687746
    1.34623003 0.709573805 1.68192077 1.20519328 0.2751472 1.37405038
    0.266814113 1.94952047 1.51506138 0.536838949 1.43292212 1.17879319
    1.78801739 1.78521442 1.76836801 1.51546192 -0.335431069 1.560004
    1.04996157 -0.219280839 0.682560265 0.0315422416 1.31250131 1.49614
    0.487501264 0.34829998 1.08123112 1.74603844 0.616406679 1.33848143
    1.28211689 -0.017907083 1.74492979 1.57642305 -0.31494379
    0.817456305 -0.505497992 1.37978899 -0.212272137 0.229855746
    -0.112522125 1.34246981 0.180131078 1.93391192 0.721661687
    1.70947456 0.0855448246 0.860129237 -0.277379274 0.94496423
    -0.149655759 1.45630527 -0.525529206 -0.0565468073 0.793742836
    -0.604891002 0.477851629 1.83339286 0.78496474 1.62589216 1.31413269
    0.016212821 0.700287461 0.146374881 -0.0709308982 0.980518222
    -0.052441895 1.02804339 -0.558834136 0.591402888 -0.459601432
    1.07310152 0.0701408982 0.389225781 0.442354262 1.48661423 1.3794744
    -0.298124671 -0.126615226 1.69211698 0.991923034 -0.50413394
    1.67588902 1.88976693 -0.020552218 1.5472337 -0.0866493583
    -0.520524919 1.26637554 -0.326372355 0.575662196 0.40223819
    0.0965684056 0.95063597 0.918370187 1.72375202 1.78053188
    -0.419768274 -0.374742687 0.316105723 -0.50415504 0.568933785
    -0.056776464 0.172069371 -0.748373806 -0.172990441 1.25465298
    1.04585385 1.90042067 0.565715313 -0.670041382 -0.0370396972
    1.14335418 0.54227674 -0.658135176 1.42511225 1.0904541 0.343148828
    0.194418013 0.350442469 -0.0241656899 1.90849137 0.304801881
    1.78474975 0.344044745 1.13034117 -0.359428644 -0.382438481
    1.62269175 0.928358436 1.42226911 1.73986924 0.622891605 1.67596483
    1.56606293 1.13075721 -0.264782012 -0.13867563 1.86391604 1.81977487
    -0.12620765 1.24413991 1.85169697 0.174196422 0.976207435
    0.499956846 0.394009471 1.8784467 -0.115720987 -0.3604635 1.87456191
    0.00716155767 0.155904174 1.29022813 1.90195215 0.575149059
    -0.610997975 0.327749491 1.66381705 0.548356831 0.811574876
    -0.589054227 0.137016594 1.15619445 0.0648483038 0.455097079
    0.748067558 0.290434659 0.417868614 -0.552840948 1.65049648
    1.34688473 1.71620357 -0.172541201 0.840405166 0.239683807
    -0.200053871 -0.137384951 -0.693861306 0.768682837 0.262687147
    -0.490963578 0.639072001 1.03935206 -0.700877666 0.934049249
    1.88308144 -0.36948061 -0.00972890854 1.35180569 0.152816892
    0.133107305 1.13596916 1.40827048 -0.601513147 -0.555731893
    -0.364891052 1.45913482 1.03642237 1.15089202 1.57020342 1.41292
    -0.0972213149 1.61114645 -0.495516479 -0.359025121 1.95671582
    1.60808825 0.680108249 1.60245991 0.524674714 0.0209541321
    0.550761282 1.64380312 -0.502138913 -0.464611739 0.474942029
    -0.396220505 1.82472062 1.21673536 -0.381296188 0.336911261
    0.387968481 0.287942231 0.722653627 0.866811097 -0.0876635313
    0.0399188399 1.13496017 0.504269958 1.75175929 1.60492039 1.42545509
    -0.0685119033 0.47650665 1.76582015 0.110346556 -0.346278012
    -0.0900894403 0.0947945118 -0.7102952 -0.18619591 1.79216194
    -0.451303601 0.37967521 -0.119383156 -0.56067872 -0.813752949
    1.84104586 1.82775712 1.8207736 1.04247952 0.773948669 1.10567415
    -0.343292564 0.119639456 0.0642918348 0.177049875 0.335365474
    0.159527183 -0.676765323 1.52619052 -0.219130456 -0.373401731
    1.40549302 -0.156768203 -0.281782299 0.950035393 1.04353821
    0.981013477 -0.0180793405 -0.723991096 1.06384206 1.07156169
    0.239347458 -0.448684812 1.17514646 0.228239596 1.37757659
    0.323250949 1.35124838 1.73284853 -0.401814997 0.890202701
    0.310068965 0.592563987 1.57647943 -0.714416146 1.42816067
    1.30353642 -0.0756449699 -0.473512828 1.07692671 0.579126477
    0.604802012 0.0631647408 0.329572678 1.70106578 -0.578714967
    1.36908293 1.09849775 -0.051476717 0.429623067 0.0626351833
    1.41070056 -0.398329735 -0.372328252 0.273916125 -0.516336143
    -0.418108881 1.02434087 0.338274717 0.234702706 0.707422793
    -0.465794832 0.762385428 1.65475941 -0.68327713 1.87341452
    -0.131330371 -0.0167988539 1.27195907 0.490555644 1.47624934
    0.0730330944 1.71384692 0.521413863 1.06338215 0.802437663
    0.499649346 0.227760673 -0.507349014 1.26152956 1.14601994
    -0.288001567 -0.739285171 -0.336045563 1.59296632 1.31918395
    -0.486247897 0.832156181 1.59706342 0.231397986 0.690906465
    -0.100282848 0.0409067273 0.0533439517 1.76584911 1.10580039
    -0.5487836 0.703882694 -0.56001097 -0.665963292 0.615419686
    -0.368287563 0.180425584 0.0134447217 0.794200301 -0.167331457
    1.21035659 1.75460887 1.46494603 0.369516492 0.818584859
    -0.762206733 -0.638386726 1.26964092 1.82594991 0.319790781
    1.18785441 0.00932437181 1.91032529 0.224624217 -0.0691364408
    -0.438009769 -0.222307146 0.403758287 1.22070384 -0.444433182
    0.42523551 0.548248768 0.561727643 -0.807941973 1.02258587
    -0.485417545 1.32530034 0.65874064 1.49598134 1.10065246
    -0.119399786 0.188358903 1.31055379 -0.543192863 1.79016483
    0.526581824 -0.483877897 1.21680784 -0.70647186 0.879752755
    -0.35373345 0.0704580545 1.72696841 1.18093204 1.74335325
    0.617620051 0.434581041 -0.758029461 -0.534821808 0.0326240063
    -0.0298954844 0.642728329 -0.261771262 -0.651957452 0.906436265
    0.743121386 -0.00480717421 1.22040892 -0.701587856 1.30416024
    1.15980339 0.50895977 -0.298873752 1.54499149 -0.519082069
    1.35049319 0.539735973 0.328473508 -0.0754640698 0.654806197
    0.343725443 1.85141706 1.60309005 0.815140426 1.61046576 0.68701607
    0.276447475 -0.15291363 -0.273836792 1.39402163 -0.794100285
    -0.729411125 1.00601244 1.3423121 1.39482641 1.55864179 1.01776099
    0.603198767 0.831661224 0.840185046 -0.171840608 0.666251123
    -0.141068518 0.224520206 1.55824113 1.66367102 -0.343280345
    0.682448685 1.02412891 1.23640466 0.676579595 1.01437664 0.506649911
    -0.198173761 -0.614387572 0.4933514 -0.572922409 1.25218213
    0.454824328 0.727753997 1.42500114 0.325349867 0.510999203
    0.873903215 0.290334344 -0.734191954 -0.286097288 -0.436764657
    0.0446196795 -0.286023885 0.00743162632 -0.356548339 0.220213234
    0.403336048 0.328975737 -0.440014839 1.74063849 1.68484235
    0.698681474 -0.232121706 -0.29341352 1.13738286 -0.0337784886
    0.812614262 1.67004383 1.02267003 1.80474138 0.619475842 1.48868239
    -0.229784012 1.5515244 0.709529877 -0.0891351104 1.49107862
    -0.347052515 -0.564703584 1.15568256 1.46283054 0.232399464
    1.09762216 1.47484934 0.214196265 -0.166234314 -0.512887359
    0.521556318 0.399737 1.02682889 1.30659318 1.46389794 0.420347571
    0.911927998 -0.15730983 0.454012454 1.04493845 1.34048223
    -0.709607482 1.26226306 1.70279551 0.329520404 0.847087145
    0.658420205 1.15565586 0.911720455 0.779851735 1.11883068 1.01997709
    1.16228628 -0.760193586 0.627125323 1.32131588 0.769286633
    0.718377411 0.58183527 0.790858984 1.70377541 0.482286215
    0.691942275 1.24169612 -0.194067538 1.00421 -0.412460178
    -0.136523068 0.706269503 1.9716506 0.027068913 1.14096785
    0.908951879 -0.260716259 0.751184225 -0.0959702134 0.335453331
    -0.203183532 1.80398464 1.20240688 1.34513795 1.72524822 1.02493548
    0.627422273 1.27733994 -0.323749691 0.0442820191 0.810156524
    -0.732577145 -0.373490542 0.481236041 -0.736817718 0.380872726
    1.77537477 1.36777687 1.80620694 0.555509329 0.939815402 1.37406576
    1.64725542 1.80396438 1.28711331 1.43355572 1.44610882 0.580297291
    0.918320239 1.25998759 1.80456519 -0.273363411 1.56744516 1.47284746
    -0.464018673 -0.671692073 1.58043408 0.660876393 0.706868351
    1.7636354 0.648358345 0.855211675 1.01243615 -0.7783764 0.219730079
    0.529170215 0.909177959 -0.792654574 0.0203248858 -0.451618791
    -0.519813299 -0.215307176 1.26628709 0.311676323 -0.129175842
    1.03239536 -0.798109055 1.77763057 0.861159682 1.50879526 1.24694455
    0.0206416845 1.71912372 -0.550374925 -0.0767893791 -0.515090108
    -0.664025843 0.196987689 0.491185069 0.545912385 0.235833108
    1.83325338 -0.272784948 -0.720174313 -0.0107811689 0.00170749426
    0.379057407 1.3782233 0.469809592 1.3768667 -0.712393701
    -0.211037934 -0.246048629 1.35411799 1.28642321 1.20645499 1.3769747
    -0.38560617 -0.36022836 -0.143931389 1.68169951 1.4869535
    0.452324271 1.68580723 0.1914891 1.08627009 1.23677254 -0.725599706
    1.54898834 -0.605727673 1.3733778 1.61365771 0.655865371 0.594026029
    0.235015392 1.3722744 1.76057899 -0.613167107 1.22061825
    -0.145906091 1.2475338 0.578891158 -0.099537611 1.67518306
    1.69965088 -0.238500178 0.313627422 0.71918124 1.81304216
    -0.709659696 0.667573929 0.0780975223 -0.496340483 0.657184362
    -0.114805341 -0.46091336 1.23424292 0.627890944 0.261157811
    -0.0682283044 0.315952837 0.114756227 0.896045029 -0.699461102
    1.42039824 1.2432375 -0.0170156956 0.219838142 0.765846312
    1.28983879 1.48706794 -0.115614831 -0.5362463 1.23258507 0.658412099
    1.29672956 0.746488512 0.99979347 1.67411053 1.44008946 1.760252
    1.62844789 0.322409034 -0.10816896 0.66331172 0.0433803201
    1.74819899 0.341022611 0.8628093 -0.450554132 -0.202926159
    0.407299638 1.53331769 1.58877254 0.797471285 1.53988624
    -0.753006756 -0.280269384 1.78946209 0.193315387 1.73174548
    0.681161582 0.421800315 -0.596916318 1.26311159 0.748395145
    1.34031248 0.700112879 -0.000979661942 0.448181391 -0.459035456
    1.47895813 1.45857453 -0.680264592 -0.0338439941 -0.44107917
    -0.528065205 0.890389562 1.03902507 1.63875055 1.21013141 1.46119833
    0.987637579 1.34521401 0.592535734 1.37936187 1.25562048 1.79070997
    0.987814605 0.715705514 -0.852995396 1.39888453 -0.554681897
    0.464257896 0.31531328 0.840953469 0.500767291 1.19936478
    0.314925015 1.20481741 -0.376649588 0.574691594 0.485040247
    1.04939473 1.29106343 0.0742926598 1.29807067 -0.475714415
    0.679509282 0.646793187 -0.394017577 -0.231839359 -0.427419722
    -0.552032113 -0.0143533349 1.22728658 -0.232434213 0.640088737
    0.475543439 -0.0154961944 -0.730469406 1.48550034 -0.14116627
    0.655326486 1.49660027 0.111620426 0.838910818 0.511057615
    0.281935215 1.42777514 1.59473014 1.15095043 1.65712357 0.666004121
    1.63583088 1.6867609 0.113225818 -0.388156712 1.97419524 1.54792261
    1.93757558 0.662275136 0.906796336 0.65626359 0.346832752
    0.956588984 1.06319165 1.10081887 0.99478513 1.38998127 1.84615135
    0.00186222792 0.107901096 -0.225501835 1.62184548 1.69564211
    -0.258893818 0.0190944672 -0.231085777 1.51849723 0.265760124
    -0.481061041 -0.353046477 -0.147624075 1.26452947 0.979583859
    0.218060076 0.891062379 0.620056212 0.405741513 0.0780190229
    0.215306699 -0.0999888778 0.70543915 0.0687253475 0.690138936
    1.40946686 0.290682077 0.0895111561 0.285203516 -0.206779599
    0.783323884 1.04622245 -0.655791998 -0.629200459 0.473696291
    0.098213613 0.679451585 -0.151568711 1.37589717 -0.513658166
    0.850422859 1.55554414 1.52209187 -0.0416682363 -0.0901907682
    1.47148561 0.908287525 -0.11489445 -0.136869073 1.66315889
    -0.395341426 1.18694746 -0.332412481 0.989920497 1.80636394
    1.21087217 1.25219512 -0.583859146 -0.135762513 0.711353958
    1.72598886 0.754862487 0.543365836 -0.657000899 0.960398316
    0.164898634 -0.259261549 1.51327133 0.0608431697 0.89089191
    -0.770429134 1.55843365 -0.25491935 0.109686971 1.80343461
    0.265299618 0.532821774 -0.240588486 0.837966263 1.23842764
    -0.286555827 0.0659893751 1.30216312 1.78318477 -0.630513966
    0.148249507 0.998554528 0.416658103 0.0205963254 -0.367804825
    -0.324014664 -0.212359309 -0.0800659657 1.5488565 1.75046694
    -0.121549547 -0.226479352 0.95035851 -0.791504264 0.263792574
    -0.313499153 0.84729743 1.53683257 0.12606442 1.13045621 0.812358499
    0.304923475 -0.745683014 0.708345771 1.20569551 0.967283487
    -0.49783209 0.518299997 0.681477606 -0.582799196 1.0499506
    0.371381164 0.417331398 1.36423421 1.65920794 0.436156869
    0.984254897 0.228200734 0.579702675 -0.214574635 1.28881299
    0.449272752 1.33881807 0.154274642 1.38978314 -0.721847594
    -0.160389721 1.53507328 0.210641086 1.18222594 0.539710522
    -0.219258547 -0.684072912 0.5904814 0.0456925631 0.604785979
    0.563460112 -0.538193226 0.744326055 -0.0190355778 1.63074231
    0.996511459 -0.710997105 1.28596079 -0.339725554 -0.635208607
    0.620978892 0.730792224 0.416194856 -0.00971776247 0.881233931
    0.328298569 0.0315341353 -0.115178049 0.680816591 0.137312055
    1.41508389 1.23007941 0.829103708 -0.1416924 -0.483486742 1.15122986
    0.00620812178 0.464684546 0.58235091 1.27171612 -0.315064728
    0.575839579 -0.431486309 1.34805751 0.195628643 -0.289775193
    1.42893958 -0.478814393 1.31117749 1.29474998 0.0498185158
    1.32324362 0.0563328862 1.71299124 0.715821207 0.450022519
    0.576311171 1.42258835 1.18434072 0.324690759 1.33963633
    -0.457398027 1.63762891 1.32381988 -0.171437621 -0.210059881
    -0.386864036 0.131151557 0.88782686 -0.493596822 0.156620443
    1.00985146 1.43226004 -0.253703177 1.15625858 -0.33091706 1.80746722
    -0.154650509 0.778665423 -0.436461508 0.0936997533 1.7899158
    0.483143032 -0.512373984 1.13250721 0.916481197 0.155510306
    -0.513947427 -0.707303166 -0.248672843 0.706938386 0.330610514
    -0.61350894 0.585745096 1.33116269 0.0196757913 1.18902194
    1.72981501 0.194899321 -0.828441918 0.00948596001 0.977562368
    0.574344754 0.153255641 -0.284715176 1.10421968 0.943890452
    1.85770369 -0.455964595 0.61100167 2.04414082 0.717014432 1.5913229
    0.742613792 0.00705099106 1.88279426 0.38367939 -0.303648412
    -0.666277289 -0.793066442 -0.201031506 1.10227382 -0.295167118
    -0.507179022 0.119647086 1.22672129 0.0157422423 0.141279459
    -0.520496249 -0.697478652 0.776038349 1.02316642 0.227881551
    0.00915765762 0.126344204 0.99072367 -0.841127157 1.17060876
    1.00719047 -0.526430547 0.138279974 0.778537869 1.56757426 1.7215445
    0.896114349 0.317718029 -0.423416018 0.365711331 0.297066033
    1.69894123 -0.63721633 1.60487688 0.661567092 0.46378082
    -0.531777859 0.520152807 0.856707573 1.35723817 -0.79092288
    1.2831496 1.75349474 1.6644609 0.207063258 -0.544776797 1.19001675
    0.67018038 0.258871138 1.18219972 1.71455956 0.373495758 0.801808476
    1.1795311 1.69386077 -0.604138494 0.511778951 -0.0372698903
    -0.530741692 0.598143458 -0.269793987 -0.761827052 -0.401871592
    1.03436995 -0.458456933 1.30664539 1.07440495 0.918761909
    -0.39548108 0.967677772 1.64613843 0.35097605 0.999925911
    -0.0601753592 1.69231904 1.75272131 1.39252138 1.27118731 1.11177182
    0.931942284 1.04724526 0.102861226 0.470410824 -0.0168533921
    1.07868791 -0.477611244 -0.627243698 -0.583412468 0.287014961
    -0.38086012 0.143477917 -0.723818839 1.07158566 1.60650039
    -0.846934497 -0.72708106 1.39011812 0.358238697 1.14120364
    -0.517359972 0.674307883 0.683202326 1.27818334 1.06940317
    0.549195528 1.64772975 1.34752333 -0.724894106 0.818873823
    1.48146629 1.05168629 0.90945524 1.2243048 -0.136863768 0.356027961
    0.717466593 1.02655649 1.26874566 0.623654068 0.809495568 1.40448141
    0.630256891 0.452910244 -0.43732971 0.278082669 0.0212612152
    -0.395290017 1.04163766 0.279854476 0.171468496 0.725528598
    -0.37038815 -0.645639658 1.5676353 -0.158625722 0.883969009
    1.43631458 1.6779778 1.73196363 1.50828552 -0.214283407 0.768198669
    1.06611633 1.23778105 -0.0122300386 0.62336421 -0.605723441
    -0.514263391 0.704849243 -0.0357388854 0.882375419 1.37396324
    1.58129454 0.805356503 0.682604134 1.62799811 -0.0735817552
    1.09292817 0.215510666 1.11894178 1.84911942 1.77944851 -0.667531133
    -0.544665456 -0.360296458 0.940009713 0.229944885 -0.147075653
    -0.593980491 0.956606627 -0.20165509 0.0995384455 -0.133540452
    -0.313035965 -0.40313834 0.235746145 1.20541358 1.27660429
    0.752485216 0.703825474 0.690009713 1.23282111 0.732930779
    0.0425431728 0.874359488 -0.758750916 -0.840075552 1.22514069
    -0.168173134 1.53912878 0.888032317 1.25683999 0.122716129
    1.31552005 -0.601229072 0.870182097 -0.308341682 1.38680243
    0.0609388947 0.898217082 1.65759754 0.986850381 -0.624361634
    0.731747389 1.43222189 1.22759342 -0.203588188 -0.0315471888
    0.168062091 0.478517234 0.110915124 -0.346108258 1.23494196
    0.259641767 1.28378105 1.41329956 1.09087217 -0.364153683
    0.311658263 0.903453946 1.12933707 0.00644761324 1.1038084
    -0.81337285 0.295867443 1.39856637 1.18595099 0.349247634 1.47196758
    1.24724519 1.32761884 1.21298385 0.484766185 0.0275527239
    0.487257302 0.669944584 1.70054841 0.0398519635 0.412246168
    -0.231076717 0.410238683 0.130711615 0.223605096 -0.692026615
    0.809990466 1.01237249 -0.361108452 -0.0664910674 1.83368754
    0.498597145 1.35900211 -0.0671791434 -0.181586564 1.87076807
    0.648891926 0.784982622 1.14196086 -0.0952886939 -0.135687113
    1.47569394 -0.252506196 -0.089625597 1.5646739 -0.0780188441
    0.862831652 1.65602231 -0.672713339 -0.270617038 -0.713906646
    1.54815793 1.797158 0.476088762 1.02975667 1.159868 0.947927833
    0.630305409 0.408083797 0.665816069 0.0305185914 -0.852253795
    0.817652643 -0.628710508 0.278144062 1.52402568 1.32946897
    1.77387726 0.497424364 -0.258350849 0.821472704 -0.660021186
    -0.408655971 -0.0321473479 1.73081291 1.0411768 -0.212805569
    0.634388864 1.41204298 0.931470871 1.4830693 0.60088712 0.605722785
    1.38826871 0.954378903 -0.136853456 -0.0987097025 -0.363336325
    0.232551634 0.94146961 1.54604399 1.61176062 -0.840468347
    -0.307264566 1.73506355 1.11119437 1.28981876 -0.0907034874
    0.113721311 -0.267036438 -0.630520642 1.15582013 0.489912033
    0.0968359113 1.02585268 -0.286844909 0.787035167 1.42397976
    -0.459270954 0.504459023 -0.16666007 1.47592759 1.29442132
    0.725098491 -0.270469248 0.199043572 1.63084555 1.28281224
    -0.159786761 -0.781317413 1.24842262 -0.56148982 -0.481348336
    0.665806174 0.687201679 0.981568456 1.0945245 1.19931972 0.528974235
    1.66078758 0.934322536 0.70998925 0.746562958 1.2963326 0.852477252
    0.327814698 -0.313987434 1.51603413 -0.618278861 -0.17357415
    -0.615579545 0.978076637 1.63862777 0.654812574 1.67898178
    0.103675842 -0.115851104 1.58932114 1.01465952 -0.338745892
    0.357366145 0.436277509 1.16421485 -0.645016134 0.506631374
    0.367656887 1.61974287 -0.0343598127 -0.124430537 -0.0292538404
    0.698565722 -0.0834068656 -0.548978806 0.342494845 -0.211501837
    1.21145058 0.0290489197 0.107812643 1.19953704 0.439750135
    -0.227746308 0.632926226 0.0729266405 0.248781264 0.599987745
    0.599042833 0.0988134742 0.166374505 0.0228008032 1.265481
    0.786693037 -0.558435917 -0.354798138 0.347618937 0.1651299
    0.346762657 1.05119491 0.659847319 -0.771173835 0.940529346
    1.17346525 0.902337432 -0.110768497 1.64330101 -0.00617808104
    0.479995191 0.140702248 0.309440315 0.428252876 0.494928062
    0.0904800296 -0.415744066 0.114496529 -0.0421373248 -0.112211108
    -0.624137878 0.369561672 -0.76338762 1.4868983 0.683470309
    0.0623918772 -0.588098586 1.32106113 0.199317575 1.73440528
    -0.551077247 1.00498152 0.942154408 0.266251624 -0.069239974
    0.584555626 -0.310063064 1.29868841 1.52042687 1.11509299
    0.687026739 1.00985718 0.923501134 -0.0209014416 0.43409431
    0.189020872 0.341530502 0.00143003464 1.01836729 -0.712895751
    0.814654708 1.00435519 -0.704487503 1.01970124 1.30476451
    0.791433871 0.960824072 1.17367303 1.20853293 1.30172229 0.933069825
    -0.426911533 1.43833065 0.670538604 0.898686588 0.288609505
    1.3846705 0.309000432 0.519682348 -0.754639328 0.925700605 1.6956588
    1.29204607 1.65671015 1.63244081 -0.178917527 -0.721848071
    1.69034529 -0.496406764 1.58520806 -0.49587515 1.28913093 1.03460073
    1.72161746 -0.682130277 -0.886586726 -0.523087025 0.38083601
    1.63637972 1.08796978 0.0929262042 -0.298049092 0.570798576
    -0.0626760721 0.650221884 0.285955906 -0.100530863 0.735693455
    1.47921729 0.11112684 1.09468865 1.37647986 0.839547455 0.967873335
    1.48769581 0.986551285 -0.683128655 0.34291476 0.258506954
    1.76876903 0.27849412 0.184816241 -0.46476531 0.972454369
    -0.629231036 0.423387766 1.2545594 1.08828962 0.347245097 1.40223122
    -0.735122681 -0.588207304 -0.118552744 -0.44655785 1.13669908
    -0.604531527 -0.277596533 1.81777287 1.705971 1.65687037 1.67904174
    1.23984218 -0.16223073 1.21564364 -0.413606018 1.47563791
    -0.163502038 0.682035744 -0.191334307 1.83645082 0.279449165
    -0.251782894 -0.316442549 0.0999682546 -0.189440131 -0.203149676
    1.02229869 1.43365777 -0.49236083 -0.27388221 -0.415696025
    0.169242322 -0.478960693 0.283169866 -0.700047195 1.43969238
    -0.125026464 0.0700694919 1.20774519 -0.275257885 0.0746661425
    1.31394827 1.47967601 0.538618624 -0.626716137 1.11993885
    -0.188549697 1.63409805 -0.799027026 -0.1736359 0.909819424
    1.75794625 0.311056793 0.778650403 1.59426904 1.22750497 1.59582603
    1.17848492 -0.206191361 -0.427455544 -0.435074389 1.59129941
    0.3687222 -0.14814198 0.841977954 1.67278624 0.0670060515
    0.774627924 1.14299953 0.0158372521 1.44029248 -0.434574306
    0.0853341818 -0.0733538866 1.45121205 0.526151061 1.195171
    0.90385735 0.531181097 1.41496563 0.0659719706 -0.777504981
    -0.0108469725 1.65279913 1.39791536 -0.33723563 0.972739697
    1.81497312 1.14635491 0.20555985 1.14309216 -0.662783027 0.696312308
    0.50455749 1.80122256 0.311111569 0.946457803 0.279128313
    0.0330631733 0.531540871 1.12577927 1.24956238 0.895199239
    -0.456813306 -0.210358262 1.41569257 0.891703367 0.566735148
    1.13286793 -0.197285891 1.46785617 -0.359488875 -0.655811191
    -0.193123102 -0.0422382951 -0.52583456 0.753814816 0.438631356
    1.05324268 1.59031892 1.50565696 -0.587027252 1.67774653 1.35419226
    0.435402155 1.76762247 -0.19595468 0.170618355 1.11388421
    -0.668770075 -0.154204667 0.828579903 -0.661946356 0.156854749
    -0.636875272 1.72954583 0.733713508 1.74830151 0.452411056
    -0.85513413 0.542394996 -0.814911723 1.49901998 0.189187407
    0.511404991 1.49387646 -0.722533584 0.310727894 0.77718997
    -0.788805366 0.0552039742 -0.50431478 -0.332719862 0.473500133
    1.09314942 1.55962002 0.698446691 1.75537038 1.10869813 1.08575809
    0.37741673 -0.431676269 1.00067759 -0.468982428 1.21079302
    1.81718862 0.793399453 -0.405675173 0.983212233 0.0193254352
    0.217898667 1.22383761 1.6653502 1.56350827 0.0233985782
    -0.362209618 1.69971061 -0.433053076 0.420302212 1.70501041
    1.42204237 1.39082956 0.174993694 0.58855468 1.40488315 -0.549115539
    0.466991663 1.36525941 -0.799448013 1.07682014 0.354938149
    1.10757613 -0.228694081 -0.0665032268 0.572117746 1.37040019
    1.00419855 -0.0153492093 1.5970161 1.45904732 0.522449434
    -0.793151915 1.49406087 1.25269043 0.291374385 1.15274954 1.70630002
    1.12464714 -0.146547616 -0.024969697 0.983065188 0.325616539
    0.0235840678 -0.521032453 0.0127596855 1.57101679 0.616261959
    0.218497813 1.49432492 -0.352172554 -0.788115859 1.61460161
    1.32162511 1.26443577 -0.198007226 0.267936468 -0.574659526
    0.140735686 0.484035969 0.689433992 1.11345971 -0.2632339
    -0.759264469 0.742103636 0.876376569 1.93570435 1.06006742 1.0969789
    -0.349703312 1.25620568 1.74267888 0.124036252 0.609150469
    -0.181649148 -0.486537188 1.52771354 1.60201037 1.66678524
    1.55837238 0.341965616 0.591435432 -0.517864823 1.04882371
    -0.0217279196 0.393632352 0.40328145 0.10852015 1.87174654
    1.51908183 0.358191729 -0.287608951 -0.664407492 0.0479556918
    0.293280125 1.0106529 0.0962312818 0.884607434 0.918612897
    -0.560809731 -0.089648068 1.66586041 0.939837694 1.74306464
    1.51429749 0.829953074 -0.807539403 0.869212449 0.612020075
    0.339951634 -0.180000424 -0.048448503 0.116983473 -0.457294613
    -0.230395198 -0.488700807 1.24184561 0.448498249 0.366180003
    1.01991475 -0.382551372 0.588117421 1.58406782 1.42312133 1.48206711
    -0.00199520588 -0.0636298656 0.186876893 0.781471074 1.65284371
    0.873799026 1.24436212 1.72242236 1.05503082 1.47106791 0.0884473324
    1.5512836 1.60349393 1.47534347 -0.451964229 1.57417846 0.644654274
    0.695786774 -0.319685757 0.620320737 0.0829775333 -0.468705535
    -0.275870323 0.155120969 1.70742035 -0.725096107 0.277855873
    1.49911213 1.01600254 0.178214371 1.6624006 1.03208995 -0.762390137
    0.504493833 -0.314874411 -0.312473118 1.2176466 1.51851773
    -0.548992455 0.257771969 -0.348068833 1.64304626 1.59423447
    0.975415051 1.47501802 -0.491378844 -0.316891372 -0.782847226
    1.29771185 0.00436878204 1.26516151 0.825520456 -0.668401301
    0.29546237 -0.625320792 -0.477238387 1.37475491 -0.2229684
    1.04998875 -0.657054603 0.20699513 1.57054281 1.50174189 0.980041981
    0.866299868 0.418825924 0.524177074 1.42279518 1.04564905
    0.389927089 0.0290110707 1.22986686 0.819319785 -0.735619366
    0.927274406 0.40075475 -0.723766088 1.36770129 0.0891925693
    0.370834231 1.54008818 -0.378316641 1.45045567 -0.759177089
    0.241983831 0.726389229 -0.70317322 1.74971008 1.34362793
    0.571939468 -0.176781774 0.500936151 -0.564991117 0.141396821
    0.426292062 0.615370095 1.12918532 -0.621722698 -0.536787271
    0.266848207 1.08800268 1.61736822 -0.594704151 0.170754611
    -0.580399156 1.06009054 0.722590685 -0.653142214 -0.537922502
    1.66121864 -0.494576663 1.7882663 1.50395715 -0.294912815
    0.043476522 1.63920307 -0.115045309 0.860957742 0.404340029
    -0.144932926 0.918597519 0.34498173 -0.286595047 0.21437943
    0.396978915 -0.588076591 1.22378743 1.1817708 1.18993556 0.272244811
    0.0724048018 0.568208218 0.813374579 -0.382425368 1.3321538
    1.41300786 0.200376272 1.09788299 1.24766278 0.319624782 0.444477797
    -0.0126529336 1.8055439 -0.393920839 -0.766847253 -0.341513753
    -0.521162391 -0.507886291 -0.348297268 -0.377544105 0.112388551
    0.25539124 -0.471003503 -0.462911159 -0.700683653 -0.367220998
    0.0439779758 0.269822061 -0.653972983 0.764797926 0.432604313
    0.648235977 1.20783007 1.73399079 0.616549075 0.485414624
    0.509992361 -0.548027515 0.218258202 1.38276339 0.767402112
    -0.285569489 0.0518696904 0.600632906 1.66364694 0.284458578
    1.76196361 0.699788928 -0.18236202 1.37036598 1.61378312
    -0.123152673 -0.773372233 1.7345562 -0.531360745 1.21615291
    1.55132008 1.81213021 -0.790217102 1.39597845 0.834379435 0.42438966
    0.971450984 0.390772581 1.46851397 -0.734107494 0.312496901
    0.620482922 -0.653192878 1.71725106 -0.178465962 1.17614794
    1.68342793 -0.196602374 0.749161065 -0.497722805 1.57042027
    -0.286527455 -0.205280244 -0.795625091 -0.364838839 0.167966187
    0.364872336 0.657691896 0.240342736 -0.154273391 0.892709672
    1.81293213 -0.153452098 1.79847455 -0.0291590691 -0.267114371
    0.431726158 0.500305712 0.84449017 1.45504785 1.17989147
    -0.851833999 0.442771256 0.323053062 1.42792368 -0.650904834
    0.094755888 0.639089704 0.817975521 -0.104968309 -0.71170187
    0.336321354 -0.0620236993 -0.0561579466 1.29516399 1.40263855
    0.0660193563 -0.769438446 0.148786485 0.304002881 -0.377745956
    1.69954348 1.36807489 0.291253805 -0.875059843 0.0293287635
    1.2478981 0.921994269 0.983699143 -0.11288619 1.22475004 1.56768703
    1.48226774 0.376606047 -0.398793697 0.974346638 1.66430926
    0.0703276396 0.0636587143 1.65748382 1.38004792 -0.0323209763
    1.68257499 -0.757724524 1.21483898 0.733916998 0.397799075
    1.12835145 -0.607283533 -0.635441482 -0.496495128 0.695729673
    0.201574504 0.441937923 -0.525064349 -0.537209272 -0.68380481
    0.413347423 1.58657837 1.66257548 0.419071674 0.429435253
    -0.539456487 0.65513432 -0.496970773 -0.678177953 1.63258147
    -0.291985512 -0.719445527 -0.611119449 1.29246926 -0.111140907
    0.715382755 0.486747563 1.21587539 1.12377024 0.394509494 1.63945293
    0.724288702 0.776815414 1.28280592 -0.295044005 0.405130506
    -0.289548695 1.13430119 0.431592822 0.338203967 -0.324244678
    -0.838577211 1.04034793 1.43934011 -0.662277281 0.627556562
    0.412379146 1.12579465 1.82062709 0.700700045 0.910516024
    0.0664805174 -0.181141794 0.637671888 0.661536336 0.321756542
    1.05190742 1.46518564 0.127233863 -0.309858412 -0.274644554
    -0.694376588 0.496499181 1.19868731 0.848005652 -0.151299357
    1.7701565 1.3627007 -0.252075374 0.634676397 -0.498466909
    -0.328627527 1.4960233 1.26827466 1.33012056 0.910332561
    -0.770213842 1.23011935 0.815040052 0.775548041 -0.0502261519
    -0.65101558 -0.111356437 1.35817206 1.41401148 0.946847498
    0.503659546 1.51365256 0.776014507 -0.565275252 0.233536482
    1.28683496 0.435260117 -0.0706502199 1.80706108 0.187927723
    0.0808544159 1.3913964 0.412523031 1.59324193 -0.170328617
    1.34330881 1.47067785 1.53693223 0.221550405 0.155565143 0.32262373
    1.2057178 0.907719254 1.25465226 -0.329832911 0.873705685
    -0.80046612 -0.479831725 0.550439894 1.06613886 0.293817282
    1.6587069 1.41363716 -0.115905941 -0.806333959 0.644974828
    0.526063204 0.0109807253 -0.589510381 1.13929415 0.233925402
    0.00446933508 0.418034613 -0.537058115 1.30889642 0.992881417
    1.35949254 -0.473792076 0.562224567 -0.275694966 0.338844955
    0.872728527 -0.367088944 0.283396423 1.40069342 -0.296843052
    1.35302746 -0.748361468 -0.513015151 0.434975445 -0.4800286
    -0.12640506 0.169047236 -0.779676497 -0.136288464 -0.375130236
    -0.187555909 0.00855028629 1.3351562 -0.653106987 -0.599408984
    0.0668306351 1.06463635 0.964108527 0.851049423 1.62586546
    0.786685884 0.475012183 0.440697968 0.360905886 0.570512772
    1.58855736 1.00699353 0.0292896032 1.40433347 0.817574143
    0.933512807 -0.219525993 -0.491229951 -0.318787664 0.811508358
    -0.441760451 -0.105948806 0.908650815 1.21135974 1.07840955
    1.03462601 -0.0712853372 0.431852907 0.163048744 1.95410776
    1.55027747 0.446098328 0.979848921 -0.359127223 1.62954044
    1.65018964 -0.313254833 -0.784570575 -0.182661057 0.313610554
    1.49063444 -0.462368101 -0.630734205 1.11996055 -0.671052456
    0.987542689 -0.717964351 1.02823043 1.81083667 0.900959611
    0.323803961 0.398868799 0.803552747 0.0329250097 0.855256021
    -0.823424339 0.718313932 -0.337201774 1.26627648 1.5932802
    -0.0896539688 0.598438859 0.18874377 0.223900557 0.217789471
    0.0684340596 -0.181360424 1.85244071 0.640292645 1.0995326
    0.945296347 0.0116137862 1.04807913 1.76493645 0.657007456
    0.173855484 1.38466883 0.678532958 0.342253685 0.414978802
    1.28232574 0.620775402 0.781153142 1.69307756 1.53795314 0.273135364
    1.24233437 -0.586011648 0.631563008 1.66599393 0.361747146
    1.61807752 0.414067805 1.52141929 -0.644268692 -0.427655935
    -0.503529787 -0.107900858 0.874025404 0.205322266 0.0981316566
    1.09068048 1.50979543 -0.308934003 0.897024214 0.241465092
    1.27264118 0.719923794 0.0191060901 -0.372968435 1.31406879
    0.438357234 0.383007526 1.44104779 -0.0290961862 -0.00758451223
    1.70258784 -0.130292177 1.59627199 0.997434676 -0.504610777
    0.059455514 0.706614673 -0.676987886 -0.153340459 0.345233917
    1.45878887 -0.301121354 0.815057397 0.0681793094 0.851918161
    1.07716608 0.81439817 0.442183495 0.860291362 0.647455871
    -0.165530086 -0.340397716 -0.806257069 0.798128605 0.0747499466
    -0.0862472057 0.107613146 0.882001221 1.55234218 1.12252963
    1.30361319 0.0285622478 -0.0537319183 -0.759310901 -0.342960924
    -0.788590133 -0.44385615 -0.238161802 0.718372583 1.62219357
    0.667606175 0.662295103 1.77401137 0.0175798535 1.67152619
    -0.725601614 0.966196299 -0.362486303 -0.125319719 1.50609112
    0.69611901 1.40675151 0.877429903 -0.244767666 1.20066953
    0.779559553 -0.229914308 1.56163239 -0.518481135 -0.175829828
    1.40596819 0.418099165 0.539208591 0.949048042 0.964253902
    0.818154514 -0.10509634 0.984953642 0.301078498 0.14661324
    1.29245496 1.29237604 -0.363332093 0.823491037 -0.506553829
    -0.197962642 -0.214630187 1.12987137 -0.0846345425 1.63252378
    0.788851738 -0.178289413 0.869264424 1.11626697 1.15741158
    1.62230515 1.52253985 1.21808732 -0.618001461 0.544648588
    0.765825331 1.59364557 0.786954045 0.574597955 0.179894328
    -0.362640798 1.60149157 -0.069077611 1.52066815 0.754059076
    -0.0775897503 1.4111352 0.889323592 -0.376063943 0.00710916519
    0.193611085 1.76694298 1.43927574 1.49758756 -0.720350504
    -0.389297187 1.08694863 -0.548678398 1.68121052 0.71804589
    -0.313128322 0.755668938 -0.285953879 0.219710588 -0.0424906015
    0.0498944521 0.115845084 1.10020804 0.875998974 0.0486631989
    1.15491104 1.85162926 0.448375821 -0.261751354 -0.445400983
    0.423246503 0.551578403 -0.0399622917 1.52288687 0.512192547
    1.83597684 1.22050714 -0.755090237 0.508996725 -0.180215895
    1.34682012 0.813305795 0.861036003 -0.465463579 0.723171473
    -0.467012614 -0.111921906 1.55557323 -0.258223236 1.50778461
    0.50284934 -0.0057336688 1.70892537 0.359805465 -0.771682382
    -0.102940321 -0.713531554 0.270953238 0.825735509 1.80391288
    0.609382451 -0.0102623105 1.04686689 1.10768378 0.625011265
    1.36377883 1.15948462 1.17932534 -0.354096055 0.722064197
    -0.323832661 1.54550731 1.84429026 0.620102823 1.00029492 1.77383041
    1.45826554 1.27817166 1.77321005 -0.199864149 -0.0107759833
    0.0772019625 -0.572206259 1.09566283 -0.04763937 -0.004350245
    -0.281906873 1.78357005 0.87878257 -0.276549041 -0.319442749
    -0.43949461 0.795906007 1.22580421 1.02478099 1.3016932 -0.442581326
    0.0565266609 1.56523371 1.37040627 -0.406123102 1.13717556
    -0.375474334 -0.710069716 0.358673394 -0.65827167 1.53941488
    1.57671571 0.764167786 0.465493321 0.820527852 1.26198125 1.1997745
    0.97356236 -0.0866639614 1.2555573 -0.380892992 1.61183846
    -0.0936791897 0.345071614 1.25950444 0.608765483 0.438574195
    1.70482826 -0.301376581 0.0545400381 1.53367245 -0.305995405
    1.00712013 0.389951646 -0.03403157 0.133556068 -0.674263716
    1.50828028 -0.719002903 0.704691529 -0.219175756 1.32582986
    1.02421975 0.234531343 -0.458980322 -0.170474827 1.66778517
    0.614812851 -0.345831782 1.52871704 1.45101142 -0.707061648
    -0.196050286 -0.597284615 -0.587887406 0.565578401 -0.478302598
    0.315275669 1.10700202 -0.313393295 -0.791079402 0.229123473
    -0.0646699667 0.518881023 1.06314945 0.162865639 1.20493102
    -0.290259719 0.359351456 0.838118196 0.858875394 1.50334191
    -0.788097918 0.109193444 0.0135638118 -0.310977459 1.36854911
    0.441403568 -0.419324666 0.771340311 0.68265903 0.986726105
    -0.359690875 1.25733316 -0.477561802 1.56737828 1.64306188
    1.19715285 -0.81350702 0.334137738 0.914254069 0.0154327154
    0.2540977 1.18406487 0.00486564636 -0.487849444 1.59214711
    0.696199536 -0.119770706 0.553344548 0.147926688 -0.695080638
    -0.429584414 1.63374221 1.03648973 1.62266147 1.04345584
    -0.0317699313 -0.700789869 0.388673902 0.67928642 -0.283331871
    -0.0631406903 0.166356623 -0.640951872 -0.499119163 1.33121359
    1.86344028 0.0541613102 0.276840329 0.823674321 0.130804956
    -0.419546127 0.839390159 1.23534966 1.25214338 1.21930838
    -0.870404065 0.433428109 0.724511385 -0.141124487 -0.0979150534
    -0.129309237 0.444302678 1.58901906 0.72902751 1.72633123 1.70476043
    0.59150219 -0.292512476 1.26101518 -0.638058662 0.269642889
    1.26106393 -0.476491302 0.49798429 1.18484306 0.053855598
    -0.513138652 0.287154317 -0.605589211 -0.777357042 0.885332942
    0.3302598 0.261334121 1.07497931 0.397276521 -0.690559566
    0.355912268 -0.293379664 1.58479941 0.575929582 0.721870363
    1.36310351 -0.107784092 -0.782606244 0.290016592 1.71091306
    -0.663512707 -0.601795316 1.12835908 -0.40265438 0.778929412
    0.258826137 0.34796375 0.164551735 1.07016253 1.16218746 1.05704701
    -0.152950943 1.2867775 1.50011563 0.205935955 0.00271952152
    1.81718302 -0.638261676 0.216457844 0.013653338 1.80232358
    -0.273453176 1.37579441 1.8212229 -0.648314536 -0.439411253
    1.38520098 1.06140554 -0.11277014 0.720251977 0.622173071
    0.279160142 0.1060552 1.8188715 0.107206762 0.490358472 1.71009016
    -0.792317212 -0.416027665 1.48380113 0.3730914 -0.192250967
    -0.140085518 1.5625782 0.471362174 1.12436938 0.65021801
    -0.308834553 -0.76652211 1.37802041 1.48594093 0.832041085
    -0.314186513 1.61837959 -0.122553885 -0.493388832 1.53737283
    1.44344795 1.7589767 0.362719953 -0.453422517 -0.66941154 1.07103944
    0.540852129 -0.282943726 -0.698584557 -0.251728356 1.63154197
    -0.568504691 0.472059727 -0.582372069 0.780488551 0.639995158
    -0.364856988 1.82356238 0.55458653 0.466714621 -0.615785539
    0.775251031 0.300286591 0.382545352 1.42162347 1.12241101
    -0.234804392 1.77258706 -0.585495234 0.582073808 0.0782340169
    -0.811296523 1.53280377 -0.199889362 -0.230104744 -0.174258173
    -0.182813346 1.40804434 1.18191624 -0.655941963 1.56866479
    -0.769322693 -0.131329298 -0.517983139 0.0542666316 0.807677865
    -0.0323263407 1.4215467 0.927030504 1.41336596 -0.464034259
    0.710197389 1.4295671 -0.938359559 -0.0236774683 -0.446235716
    1.63400972 0.129767001 -0.606375575 1.22972178 0.243777275
    -0.55491817 0.88074553 0.0280316472 0.312036276 -0.854633808
    1.0050211 -0.582008719 -0.111722767 1.32577705 0.749202192
    -0.460388243 0.401444018 0.484939635 0.112858176 1.53151011
    0.74952352 1.6817224 0.163382351 1.49867082 1.3170085 -0.301100016
    0.724697411 -0.328855872 -0.590857327 -0.681779504 0.456252098
    0.728771329 0.771335959 1.36538458 1.71602845 1.05608273 0.68552959
    -0.729735315 1.66638458 0.506720185 0.288039505 0.992505848
    -0.620552182 1.45307207 -0.577229023 1.3518765 0.730361938
    -0.0923128128 1.73129654 -0.0826122761 1.62156296 -0.149203122
    -0.282935202 1.19242716 0.792811573 -0.0310102105 -0.478164524
    0.362633467 1.57495654 1.16321421 0.129456043 -0.775200427
    -0.495024294 1.70900309 -0.82099086 1.17479122 -0.275333345
    -0.743493676 -0.679960549 1.62173057 0.0298079252 1.82279801
    0.203275383 -0.228432775 0.501706898 1.09369695 0.738547146
    -0.178377986 1.3698281 0.92510581 0.777301729 -0.355588198
    0.0960457921 0.349996746 1.05644989 0.779077768 0.217266023
    -0.162922561 -0.616824508 1.34205127 0.841787815 1.79450929
    0.312302411 -0.305846632 0.817029953 1.26784492 0.214852512
    1.61787415 -0.0149306655 0.0121200085 -0.847107291 0.204156816
    -0.587500572 -0.350473821 1.24836135 -0.549460888 1.67916071
    -0.393134892 -0.470538586 0.71056819 -0.247832596 -0.575129867
    0.775461555 1.35718465 -0.241602302 0.0594869256 0.895086348
    -0.05006212 1.49669147 0.597334206 -0.228318512 -0.417557925
    -0.722618699 0.90022558 1.70167387 0.861529887 1.28414178 1.19254148
    1.46416664 1.42605829 0.496474802 -0.496406019 1.42808163
    0.213678241 -0.161696136 0.667411864 1.28487945 1.28522766
    -0.535624981 0.316458225 -0.746454418 0.7959373 -0.627383113
    0.150289416 1.39319134 1.5834589 0.295977771 1.31099653 -0.603088975
    -0.786975324 1.84777117 1.15764403 -0.491189659 0.671212494
    0.227679372 -0.662819326 -0.547822118 0.454757631 0.943280876
    0.0364878178 -0.308694303 0.398495555 -0.477384955 0.178829372
    -0.453994125 -0.235549331 0.446932316 -0.431798249 1.67636788
    0.116172969 1.82822084 1.1425817 0.293390989 0.775936007 1.05343366
    1.06330431 0.639234543 0.598596334 1.01473939 -0.429033428
    0.885036588 -0.411295354 -0.173118114 1.36543381 0.339583874
    -0.449315727 0.563096702 -0.223181129 -0.124184072 0.125170827
    0.523835957 -0.25223738 0.354026496 -0.749291182 0.454659522
    -0.0192548633 0.131416321 0.116016626 1.72449327 -0.538805187
    1.77264225 -0.246853799 0.78851366 0.467437088 0.194430709
    0.999380529 0.530661106 1.2862289 0.250093222 1.36039233 0.215399325
    0.885917962 0.76598388 -0.550998569 -0.575011253 -0.369393229
    -0.148695111 1.79454684 1.2765677 -0.517129183 1.33401239
    -0.703565538 0.160686016 -0.362173557 0.37594372 -0.238387346
    0.297946751 0.288689077 -0.259933531 1.2645812 -0.205915034
    1.66795492 1.54315209 1.57091057 0.205796957 -0.528857887 1.37329316
    -0.127132654 1.09046185 1.38677001 1.8134799 -0.61429733
    -0.309325248 0.804489434 -0.762237668 0.644769073 0.683468044
    0.911441445 1.25701141 -0.868527353 -0.8598212 0.11855638
    0.203048408 0.635455191 1.73774123 1.57715034 1.30840516 0.159904122
    -0.317808986 -0.458564222 1.55606055 1.44026208 0.906533241
    0.997633576 0.402761519 -0.538107276 1.20399666 0.641326547
    0.737994611 1.00915611 1.24018264 -0.258785009 0.584605455
    -0.269254267 0.0708699226 0.812871695 -0.817421317 1.65893412
    1.42029452 0.480670929 0.39459163 0.453253984 -0.371645331
    -0.417338014 1.55812168 0.950364113 0.981841564 0.711621702
    1.24371934 0.456343293 -0.369329661 0.344468236 0.697242498
    1.29390836 0.367662549 0.135596275 0.561509907 0.0158393979
    0.932843506 0.622333288 -0.448195517 1.62101185 0.402082801
    0.761865556 0.495225787 -0.0684261918 -0.698097348 0.351610959
    0.0904616714 0.0694462657 1.46089983 0.448553741 0.787161231
    0.834745347 1.44226551 1.37472904 -0.00130903721 -0.677021742
    -0.742382884 1.4569037 0.0486363769 -0.220732033 -0.607695222
    1.06915534 -0.62013793 1.46369672 1.4758513 0.900723934 -0.21454829
    -0.0871450305 -0.581525624 0.919110179 1.3782661 0.675512612
    0.957342923 0.766199112 -0.441722721 1.56144691 -0.273391664
    0.295170784 1.41825128 1.6981225 1.23065519 0.973277748 -0.408595651
    0.411870301 0.409806967 1.65493858 1.11330163 0.0197786689
    0.530073822 0.212713122 -0.341337144 -0.70762825 1.53280759
    0.443811178 -0.417846322 1.74210298 1.53117883 1.73271203 1.2206974
    1.3760426 1.65498972 1.68695617 0.795041442 0.953109741
    -0.0608184934 1.4779222 1.67344427 1.14081466 1.65079713
    -0.376384795 1.72112012 0.509136319 1.02000415 -0.0352320075
    1.74598312 0.980294526 0.564850688 1.02681363 0.395246387
    0.305214286 0.329871416 -0.154987276 -0.0438159108 0.441722214
    -0.331798255 0.921157956 -0.570784628 1.63481641 1.54261947
    1.17147648 0.404681921 -0.465259641 0.46661073 1.18095899
    0.355170786 1.36356997 1.45089531 -0.126823187 1.38947105 1.14550734
    -0.707267642 1.72465515 -0.755267859 0.215625286 0.421048522
    -0.0806106925 0.9720186 1.5243032 0.294918478 0.0242131948
    1.49675643 0.427918494 0.541820824 0.800693691 -0.54576993
    -0.255386353 -0.391093194 1.20648551 0.897114754 0.94090277
    0.74459523 -0.667869925 0.25153476 0.562601626 0.0282994509
    0.739813805 0.313849032 -0.0045298934 -0.13326174 0.679381967
    -0.2149418 0.596411467 -0.0851451755 0.50535357 -0.825665653
    -0.653842032 0.822151303 1.28561568 -0.321018815 -0.249965191
    1.05820847 -0.574458122 -0.733252704 0.269764841 0.661055088
    0.865728259 1.30454159 0.728850543 1.5218488 0.287006795 1.39884794
    1.84750974 0.100051582 0.960216522 -0.532949448 0.136802137
    -0.395767391 -0.198617518 0.799444556 1.19339085 0.378651023
    1.74632883 -0.292051017 1.11816978 1.26461124 1.4617008 0.13043493
    -0.689998865 0.192872405 1.45953882 -0.766805351 0.84121716
    1.3554275 1.09675658 0.828356862 1.16469717 -0.699983656 1.6066674
    0.475031018 -0.670521915 -0.0511100888 1.23280787 1.12955678
    -0.0567529798 -0.439910531 1.43352187 0.762103617 0.63902998
    1.26731014 1.64065051 -0.275413275 1.47810411 0.532155573
    -0.60586369 0.773916304 1.86544991 1.55251861 1.70519638
    -0.353378505 0.663236678 1.55840492 1.31104529 1.33285153 1.69481266
    0.927534521 1.71459329 1.52947426 1.04890001 1.06259251 0.336678922
    1.59648585 0.756439269 -0.152806282 -0.760466993 -0.632506251
    1.61170912 -0.432248741 1.02753639 0.842317224 0.429911256
    1.46149516 -0.44260329 0.897407115 -0.447156668 1.51145411
    -0.0818669796 -0.614676952 -0.222102582 0.348879814 1.60943627
    -0.793451846 0.0192639828 -0.842898011 1.33824575 0.706252933
    1.60029531 0.698346376 0.98516202 -0.786964655 0.915920079
    0.854252756 1.56412435 -0.801492453 1.15112734 0.561285257
    1.07511044 1.4227519 1.86440921 1.33240676 0.391264915 1.14538252
    0.462195814 0.60469085 -0.210271299 -0.166251481 1.44172931
    0.706753612 1.42936265 -0.25321877 1.42803514 0.885598421 1.08510518
    -0.794428706 0.581528902 -0.630110443 1.7609787 1.69755542
    0.506421626 1.32840216 1.74959898 0.836325824 -0.746189594
    0.233856618 0.406983197 -0.211601794 1.54771066 -0.513278663
    1.50922406 0.0958741307 0.287516296 1.25404453 0.694331348
    0.467616975 1.83366728 0.635401428 0.898223579 0.55342859
    -0.0308278203 0.763449669 0.242150486 1.03214335 0.464112043
    1.67407823 0.370472193 1.26741755 0.137332737 0.26027292 1.28146183
    0.461219132 -0.577368438 -0.19547385 -0.664349854 -0.443769544
    0.880384088 -0.744462013 0.626576126 -0.202841878 0.119327843
    0.074739933 0.526649773 0.181187809 -0.333525062 1.66607785
    1.54585886 0.207545698 -0.0119586587 -0.699653804 1.7172184
    0.427611053 -0.158464551 0.8523615 0.136261821 1.47623801 0.53672564
    1.15981054 1.48402035 -0.0492684841 1.24078488 -0.402037531
    0.475456536 -0.0959502459 0.18600899 -0.011174798 0.401472211
    0.903710008 0.823882878 1.13767624 1.53344917 0.752726734 1.30218816
    -0.576908708 0.477168322 1.4392494 -0.58160162 -0.28454107
    0.664589167 1.55926037 -0.0668329597 0.684317529 0.78001982
    -0.118024886 1.37271523 -0.0511730909 0.043218255 1.72830749
    -0.738256276 -0.171115875 0.703974783 1.77579188 1.53528237
    0.771311343 0.255387723 0.717913747 0.148784757 -0.415806055
    0.443796575 0.700442255 1.62353206 0.807895243 1.06487012 1.77848506
    1.48037124 1.64426231 0.82628268 -0.47276926 0.304182589
    -0.286765516 0.761993885 -0.829322457 1.68053687 0.0933234692
    0.37080735 -0.222218394 0.819519758 0.393070519 1.26675057
    0.16117543 0.845014155 -0.134937048 0.793706059 1.67143989
    1.34514427 0.32759583 0.172652423 -0.790626168 1.01173532 1.73396516
    1.64712238 1.61278224 0.321555972 1.09307265 0.238603055 1.16544604
    0.432864189 1.28037 -0.557239294 1.60757732 1.86426353 0.484297216
    1.12053442 0.615844309 1.72592592 2.0947988 1.58568001 1.53354216
    -0.175219595 1.37450969 1.35150588 1.36694837 0.803694487 1.43775964
    -0.81818825 0.236886621 0.972758293 1.79834604 0.347840965
    -0.0509735346 0.45887959 1.35383165 0.723944187 1.08899665
    -0.134188652 -0.433628768 0.646901131 0.722632527 1.01712465
    1.42501116 1.22210145 -0.450376868 -0.00705432892 1.61366522
    1.41026795 0.726126552 0.420420885 -0.571954131 1.55130625
    1.21705663 -0.308104455 1.21086431 0.512094617 -0.780837715
    1.27018785 -0.396799266 -0.444187105 0.14455694 -0.21228528
    0.862150013 0.158830881 -0.309064806 0.630145848 0.949330151
    -0.432021737 0.143155396 -0.440780848 1.09448981 1.62755799
    0.669103682 0.730145395 1.33876801 1.02387476 0.652557194
    0.404627979 -0.488971472 0.283293128 0.787653387 1.2499994
    -0.364880413 1.40252852 -0.254457712 -0.483513802 1.31019223
    0.487782955 -0.750282645 0.774444282 0.904942572 1.81974339
    0.642849922 0.453898787 0.654979706 0.820586085 0.922684491
    1.00443792 0.711126804 0.9007532 -0.517427444 0.552785158
    0.315227151 -0.289998412 0.112360835 0.37082088 1.55724907
    -0.425338298 0.581255019 1.06785786 0.911997378 -0.494811535
    -0.40847975 0.625812292 -0.104438365 0.911254466 1.54425478
    0.240166903 0.92561096 0.388061225 0.62430954 0.355500579
    -0.342437714 0.383974612 1.29538155 -0.142468572 0.0987594128
    0.826227963 1.17029262 1.12789822 0.792062044 1.60482264 1.42915606
    1.30153465 1.7034874 -0.587080121 0.376377344 0.959109068
    -0.0326186419 0.23277998 0.117334187 1.0040791 -0.391474426
    0.0735955834 0.662811399 -0.454178989 0.164266586 0.477509916
    0.997464657 0.254202008 1.69828224 0.969069541 -0.286561847
    1.54441524 -0.0903317928 0.767035425 1.19893479 -0.549588144
    1.16273761 0.637774467 1.2437278 1.6745131 0.754608035 -0.576827407
    -0.759647548 -0.586348832 0.152842522 0.313072741 1.23925209
    -0.757184148 0.95936054 1.45752621 -0.308240831 0.0461256504
    1.73664045 -0.359919548 0.267786503 0.466656208 1.54647279
    1.52617431 1.01848757 -0.654053688 -0.0374938846 -0.487511843
    1.49695754 1.29910231 -0.877265453 -0.237989426 0.791218221
    0.786745489 0.716916561 -0.556369185 0.563319743 0.829872668
    -0.215040922 -0.758146763 1.23535013 -0.418153793 1.54391432
    -0.427292407 -0.193926036 0.476333499 0.316702664 1.68382668
    0.28918618 -0.194831848 -0.14400506 1.4779973 -0.714669704
    -0.37074095 0.843159676 1.74813914 0.153878689 0.887387574
    1.73246813 1.3698113 1.637748 0.89033258 -0.841938734 -0.038393259
    1.63576579 0.0734922886 0.866040707 0.00316601992 -0.743002057
    1.48578453 -0.0273404121 -0.318308592 0.670801401 -0.654051065
    1.43325317 -0.17502588 -0.647866905 -0.0255172253 -0.542065859
    0.309739232 1.44479764 0.537804008 0.927988768 0.956663072
    0.460320711 0.206749678 0.242721617 0.503912687 0.694445431
    0.653840661 0.70035845 1.40282345 -0.829573989 -0.777385056
    -0.223016977 0.834664524 0.588230431 1.39149404 1.01157367
    0.784704566 1.05058527 0.865186036 1.57792211 0.132572711 1.30618596
    -0.348925918 0.610311508 1.01565659 1.75158858 0.520948708
    -0.17248255 0.198173225 -0.257324696 0.797342002 0.208265781
    0.605005145 0.695914805 1.79744577 1.70204735 1.15861845 1.02882385
    -0.436839789 -0.214575469 0.98680377 1.49639165 -0.554338694
    0.0404497385 0.512257397 -0.46043095 1.51791573 1.21211517
    0.27067697 1.71313977 -0.385296375 -0.355370343 -0.704851151
    0.554892719 0.401923776 -0.257468194 1.18715394 0.0248352885
    0.25488019 -0.394748777 -0.73871839 0.84211278 -0.330613077
    0.631210923 0.364200592 0.460700512 1.01875603 0.522992253
    1.36126947 0.0704424381 0.0549710989 1.68451428 1.57504129
    0.0872972608 0.585262954 0.00575137138 -0.181696057 -0.109009147
    -0.135537982 1.05842185 -0.623692274 -0.433484286 1.71492982
    1.68701124 -0.469669044 -0.779938698 -0.0143412352 1.3599546
    -0.0183234215 1.81143761 -0.576781571 -0.234401405 0.596811652
    1.05403006 0.647802949 -0.577713013 0.617915571 1.03258514
    0.633610904 0.43647325 0.452813208 -0.263287008 1.2549144
    0.427940547 1.22646093 -0.719744503 -0.338327765 -0.095207274
    1.69978535 0.254096806 1.00284731 -0.36271441 1.32923317 1.31204867
    0.415308356 1.03194857 1.22289777 0.799658954 1.79191184
    -0.358597428 1.03228986 0.21683681 1.82061601 1.68327618 0.807949007
    -0.194639564 -0.789222956 0.539097965 0.0614905953 -0.477521867
    -0.360931635 0.729447305 -0.359881252 -0.607627749 -0.376398981
    -0.585727155 0.254886985 0.225258172 1.26112998 0.987774611
    -0.476813912 -0.212224543 0.598424733 0.267747581 -0.428251863
    1.44763184 -0.839407027 -0.907063365 1.23624098 0.0254650712
    1.34566736 0.629013598 0.833102226 0.96715939 0.219682097 1.75850081
    -0.77701664 -0.428407073 0.427449226 1.67010832 0.88517952
    0.651324987 -0.660058618 -0.391486555 0.264675021 0.683475018
    -0.712091923 1.01232886 -0.74059552 1.20354056 0.159068108
    1.11209679 0.545420945 0.773309052 1.39057863 -0.118379354
    1.53838086 0.738269925 -0.645612359 0.325232565 0.335643291
    1.59936404 1.34657538 -0.13048178 -0.14060539 1.80859828 0.754086792
    1.36561072 0.0493805408 0.800068319 0.0657419562 -0.274691463
    1.48710322 1.54641616 -0.448188365 0.0928239226 -0.918088019
    -0.582948804 1.4102838 0.292950988 1.32533693 -0.459204733
    1.37640333 0.0739606619 0.130601645 0.266949475 0.945978224
    -0.105573118 1.28955889 1.78092861 -0.205076575 -0.622853518
    0.680623174 0.969633222 1.67454553 1.41388512 1.3654418 0.505077243
    0.24982667 1.73509526 -0.443563104 -0.210067093 1.38426113
    0.640878797 1.6639173 0.928432167 1.49579906 -0.071593225 1.63134837
    -0.763427079 0.66313225 -0.667929769 -0.785405338 -0.139934003
    -0.390630186 0.820042968 -0.0613592863 -0.676920176 1.71833575
    -0.248424292 0.823173583 0.954206526 1.19390726 1.48148417
    0.743755877 -0.703102827 1.69502401 0.350805819 0.958289146
    -0.0149488449 -0.195137978 -0.418246269 1.21510804 0.8990165
    1.75188565 1.63966131 0.79956615 1.79038954 -0.810567081 0.502523839
    0.799459279 0.716450334 1.20409393 -0.478689283 0.521873653
    0.0959892273 0.280238628 1.1892581 -0.142758369 -0.807832956
    0.14485544 0.200586557 0.74922806 -0.0295251012 1.23921013
    -0.18566823 1.05294573 -0.519555926 0.0029912591 0.128997386
    1.78231514 1.18597937 -0.741739333 1.7789259 -0.389236718 1.39911377
    -0.450372159 -0.37668997 -0.658978283 1.24163461 2.06739593
    0.0686815977 0.835301578 1.10517883 1.06544471 0.0839337111
    1.51633573 0.629387498 1.3476038 1.18770695 -0.646252513
    0.0425245166 -0.561750054 0.392594695 0.500332177 0.589362502
    1.19984174 0.891894579 -0.476894796 0.555070937 0.0919205546
    0.296768069 1.31098723 -0.735105336 -0.473422378 -0.0678732991
    1.84629059 -0.61536634 -0.262003899 0.247896612 1.02285242
    0.338001132 0.119703174 1.3026042 0.374049067 -0.859620512
    1.73061788 -0.399519205 0.637518346 -0.263612807 0.431550443
    1.52605915 -0.430198252 1.69134855 0.784757853 -0.706763148
    1.0307076 -0.128974915 1.07767594 1.24714983 1.80093527 -0.529571176
    0.0687311292 1.27115452 0.845979214 -0.438026339 0.399320483
    -0.773283064 0.114612103 0.910538435 1.2936635 -0.116652966
    -0.428287894 -0.636980712 0.379158676 -0.43207562 -0.618358195
    1.55731606 -0.105065763 1.16347492 0.631449342 1.78331971 1.04048693
    1.71635914 0.10180223 0.333587348 0.613856256 0.263094068
    0.370784163 -0.201290786 1.24403143 1.45552588 1.64738762
    -0.24886626 0.569719195 -0.546031356 0.101057947 1.31779385
    -0.77087152 0.36931628 1.70075417 1.42929745 0.033520937
    -0.718957067 -0.6890589 -0.31590122 1.43647408 1.21317327
    -0.168997169 -0.23141098 1.38499057 1.24599862 -0.362749219
    1.25442576 1.50692391 0.833663881 0.307825625 1.0362606 -0.139562488
    -0.486620337 -0.533230662 0.242543697 -0.747959077 1.65734959
    1.04859686 1.19232798 -0.382456243 0.411985576 1.61280394 1.39014959
    1.5851109 1.0823642 0.501775742 0.578688025 -0.467610747 0.112555087
    1.150967 0.990322113 0.449156761 1.55352616 0.182664514 0.766091585
    -0.707276165 -0.868512511 -0.769408584 -0.883420408 1.64914083
    0.463617861 1.36733818 0.189484596 0.321614385 1.13682985 1.52458405
    -0.280072033 -0.252549112 1.7057941 -0.125689983 -0.403831691
    1.10151863 1.61181045 1.36615252 0.749780178 0.752486587 1.01695347
    1.66374803 1.6193887 1.63054967 -0.0447576642 0.904850841 1.60768533
    -0.227097631 -0.436203659 1.67064643 0.839264333 0.944883287
    1.68559027 -0.570425093 1.68437159 1.73087025 0.404164672 1.1220901
    -0.0165237188 -0.643596888 1.46233916 1.74825692 -0.279579103
    1.66398454 -0.335991383 0.647107303 0.0859456062 1.57482994
    -0.106997788 0.960080981 1.23819757 0.760223567 1.59808826
    1.27781701 1.48702228 -0.318239689 0.862189114 1.66133416
    0.323189855 0.564268529 0.53123796 0.537899911 1.27655995
    -0.765712917 0.817593217 -0.176275611 0.492441535 1.62107241
    0.386483014 1.77555752 1.48459291 0.557868958 -0.561683476
    1.74379325 0.377103448 1.12453413 0.421851277 0.69945246 0.267528236
    0.48718828 1.58813584 -0.444606692 1.24547052 0.0745604038
    -0.092561245 1.55637646 -0.147678554 1.68171656 -0.625589013
    0.655911565 0.88422966 -0.0614164472 -0.0503954887 -0.316627204
    0.0817523003 1.09623933 0.806388378 0.22471416 1.46233761
    -0.0938665867 0.776006877 1.51353359 0.598690629 1.0929358
    0.0996657014 1.43511629 0.812123179 0.73379308 0.4546206 1.14000165
    -0.123213053 0.57098937 0.00258970261 1.06731486 0.32972455
    0.395761549 0.46445334 -0.223893702 0.0171996355 0.998702049
    0.941002548 0.788618803 0.701557219 1.52268267 1.27769184 1.61322999
    1.74959183 -0.24538362 0.0141214728 -0.741184413 -0.144465506
    1.58643961 -0.852258623 0.0672368407 1.19663119 -0.290323555
    -0.219543695 1.66647506 -0.800303638 0.0594683886 1.06101656
    -0.78413111 0.686193168 1.4392283 0.64372319 -0.535440445
    -0.43199268 0.0618754029 1.57999563 1.83002734 1.1978538 0.277263761
    0.127126992 0.224344611 1.31773877 1.37667 0.183128357 1.32602811
    1.12675333 1.4873023 0.890794039 -0.464310944 -0.34013015
    -0.132124126 0.545103431 0.467013061 -0.685595512 -0.0871118307
    -0.526063025 1.20793319 0.929066002 0.103214681 1.33229113
    0.410352588 -0.749878049 1.38721669 1.31876826 0.0888417363
    0.923697829 -0.622950613 -0.548669219 1.79850364 -0.315001488
    -0.0856547356 -0.0896098614 0.17656076 1.76917398 0.283481777
    -0.131830394 0.478958905 0.158252001 1.45196295 1.49800277
    0.0549733043 0.422331631 0.374764979 0.134183526 1.23907852
    -0.563966393 1.3282938 1.6511538 -0.3977516 0.392523885 -0.764741838
    1.00240672 0.691142142 -0.840619147 0.46362263 -0.549080849
    0.680576921 -0.507689595 -0.573168755 0.876565456 0.330456793
    -0.282353848 0.985893488 1.85822821 1.63810205 1.6908288
    0.0889676213 1.21663272 -0.654912829 0.336616993 0.54491955
    -0.744695425 1.75177002 1.26038098 0.297432721 0.778504133
    -0.563754618 1.48939979 -0.535250425 -0.390582234 1.09756875
    1.7558639 -0.562828064 0.384287179 -0.574930668 0.255963981
    1.56714416 1.45676434 1.06831801 0.883894861 0.0649220347
    -0.162456691 0.30869019 0.870277047 1.70423794 1.19756651
    -0.0643938184 1.74460602 0.526264906 0.903945625 -0.479642212
    1.31962729 0.836065531 0.840723097 0.0516633987 0.678648174
    -0.652279258 1.1890893 -0.585534513 0.135923803 1.17528975
    -0.0776740909 -0.479585618 -0.451634824 1.02899206 -0.370411634
    -0.33654359 1.32296348 0.271004975 0.755827308 1.48508215
    -0.670064569 0.969512284 0.348947406 -0.60900712 -0.385932207
    0.661393821 0.508836865 0.158426821 1.72769392 0.580294788
    0.984262645 -0.37956208 0.240672231 1.69302714 0.521069109
    1.69245195 -0.247847021 0.278628588 0.727639616 1.25122046
    0.631180286 0.434457064 1.11702609 -0.0430478454 0.536437035
    -0.312323868 -0.818721116 1.46496344 1.07905042 0.659425378
    -0.0394794941 1.28187132 0.674600601 1.73331904 1.37406862
    -0.827631474 -0.672612786 -0.765299499 -0.683365643 1.23590326
    0.199199021 1.37959504 1.62091804 1.46619558 1.60895491 0.573484898
    0.935520172 -0.709005833 0.81518364 1.49931788 0.368194938
    -0.216733217 1.13647532 1.5226891 0.178883076 0.880674183 1.68242621
    0.462159514 0.264759898 1.0500288 1.55386591 1.5619607 0.468685448
    -0.537118077 0.270219982 1.16090477 -0.671018183 -0.567935407
    -0.126201034 1.01015413 0.088365972 1.67429996 0.847399175
    0.737323284 -0.202563167 -0.189697862 1.33691227 0.27755934
    1.46456957 1.7303834 0.220744371 0.366449058 -0.231639028 1.31793332
    0.502092779 -0.121031642 0.0365284085 1.52486563 0.745339572
    0.569475234 -0.101015329 0.277112067 0.307329297 1.24375916
    1.35251451 0.0971291661 0.458626509 1.70593548 0.463540792
    0.181087613 0.26965338 0.835262895 0.401675344 0.818541408
    1.81251645 1.29256868 1.71516156 1.92911613 0.716991127 -0.295209348
    1.72790265 -0.663272083 0.721121013 -0.443176359 0.581172526
    1.41843104 1.45525968 1.28006375 0.660322726 0.57581991 0.356482744
    0.259943068 0.465640962 1.489851 1.07778168 0.927574217 1.48610234
    -0.287528157 0.763628721 0.424879491 1.19425178 -0.305957854
    -0.635176659 1.68775368 0.762250066 1.64952826 1.04910469 1.30446756
    1.60704815 0.190658987 1.59584117 0.225992739 1.17185271
    0.0729619861 1.44017911 0.654949665 -0.188663483 1.66427577
    0.451403737 1.21506262 1.85115743 -0.583555043 0.424289286
    -0.583362341 1.66247404 -0.741585612 0.592362881 1.82814157
    1.42335773 -0.655632079 0.707635701 -0.441568911 -0.103680909
    0.347031295 0.886353493 1.49805069 -0.47622925 -0.37058562
    1.48123789 -0.0911186337 0.458426714 0.750976443 1.42485976
    -0.46702525 1.67435741 0.339708149 -0.33031553 0.347132146
    1.19951129 0.271605372 -0.436743617 -0.675207257 0.89539355
    0.733476698 0.228281617 0.99874413 1.4437499 -0.259442747 1.66358781
    -0.79158175 -0.277713656 -0.472737879 1.22306609 0.12823379
    1.67468905 -0.32447803 -0.298197567 -0.404900134 1.42913651
    -0.505020738 -0.0732268691 0.873779714 1.79241669 -0.667249441
    1.11431003 0.974065185 0.721830785 -0.769970834 -0.24137795
    -0.0452942252 0.919508696 -0.579809725 1.092875 0.354009569
    0.055780232 -0.738384306 1.38768971 1.72009647 0.82633692
    0.720628798 0.095072031 -0.73646003 1.35508227 1.13466549
    0.586941183 -0.374831438 0.95413202 -0.507449985 1.41315126
    1.46593308 1.48713529 0.966044962 0.799108326 0.901824594 1.70225537
    1.3164506 1.18916941 0.70582974 0.669436753 0.0108220577 1.64176512
    1.3104372 0.49126935 1.56097698 1.76118755 -0.639805973 -0.338384986
    -0.60045743 -0.303627461 0.960835278 1.17067099 0.0981535316
    1.36049461 1.22915292 1.58220196 -0.334986866 0.705687582
    -0.0408728719 -0.137901008 1.02045345 1.36345124 -0.514864087
    0.71860224 1.16620576 1.34017479 0.414801657 0.782659173
    -0.768749893 0.91390717 1.49239039 0.977808595 -0.108646631
    -0.71168083 0.342904449 1.70893431 -0.445276529 0.197985411
    1.65276361 -0.790311933 -0.454013705 -0.218632221 0.158628762
    -0.103115082 0.352959394 1.47225714 0.986117005 0.741844654
    0.103509307 0.704211771 0.152692556 0.754679382 -0.714102924
    0.0958963633 -0.354933679 1.74411058 1.01476657 -0.405961663
    0.941051066 -0.916843832 0.994276762 -0.440418571 1.61305952
    0.875637293 -0.565679312 1.28654504 -0.283067286 0.712198496
    -0.764605999 1.17271924 0.322513402 -0.278128088 -0.792636156
    -0.488846421 1.4625845 -0.111620605 1.32382464 -0.394133329
    0.592840791 -0.52917099 1.24081779 -0.607935429 1.71050358
    -0.324148118 1.27549505 0.569595337 1.49616981 0.585159183
    0.707475781 0.0838003755 -0.713539958 0.941505849 1.65439177
    0.81102407 0.271206796 1.70742381 -0.257085264 1.75811839
    0.355078638 0.450231493 1.21936011 1.41967225 0.27046448 1.53676343
    0.00992232561 0.673318863 -0.684485912 1.7679522 0.548096359
    0.28695035 -0.0934687853 -0.301553547 0.243137777 0.622494161
    0.260702312 -0.436150432 -0.193004191 0.836259961 0.475861251
    1.89021051 1.62243986 0.00422251225 0.773399591 0.107844174 1.405509
    0.99561739 1.22111273 0.28079921 0.510758579 0.193696499
    -0.163864195 0.106691182 1.00613701 -0.0831303 -0.605050802
    0.922689974 1.61751842 0.828070283 -0.489149094 -0.0428357124
    -0.00753092766 -0.207849383 -0.428915232 1.81189537 0.150080025
    0.88248837 0.256597817 1.44206333 -0.074821651 0.962554157
    -0.240074575 -0.384958416 1.12714815 -0.0596138239 1.07870483
    -0.61240828 -0.0192388892 1.10451078 1.74828267 0.809384465
    -0.378016442 0.520501316 -0.707813084 -0.11071229 1.86202002
    0.142758846 -0.664609671 -0.0431862473 0.879604399 0.742991388
    0.257446229 1.74368191 0.585772693 0.57703042 1.87688422 1.55533934
    0.212912798 -0.528923631 -0.257837057 0.265201151 -0.158096492
    -0.425527722 0.962365985 -0.0853391886 -0.00119686127 0.315588832
    1.15848815 1.35167027 1.52828348 1.21261978 -0.426437378 1.78711081
    1.60839415 -0.221352041 -0.0278984308 -0.571645379 1.00694311
    -0.823499024 0.742410839 0.246114612 1.17625284 0.598355591
    1.52502394 0.548867881 0.383343697 1.49458981 1.55875278 1.66322529
    0.548728347 1.66386151 1.06107831 -0.73552227 -0.0968164802
    0.722360969 0.0951192975 0.591844499 -0.328686297 0.0795121193
    1.0053885 1.85217559 -0.315570742 0.737376034 0.977404594
    -0.741845608 1.74732018 0.405858815 1.32008576 -0.0361462235
    0.517843127 0.605541289 0.0954732895 1.22224545 1.3694998 1.16176677
    -0.530331016 -0.56972003 1.40770674 0.668411076 1.56769466
    1.37829375 -0.159196913 1.43082881 0.555422485 1.00825202 1.41701221
    -0.433498621 -0.574881315 -0.673493624 0.0253389478 0.959752679
    0.572424114 1.57180774 1.55420327 0.704110026 1.55025017 1.26855266
    -0.762384236 -0.280676663 1.66174412 1.01107168 0.0151132941
    1.59196317 1.56604242 0.660204053 1.5936873 -0.419369221 1.50875008
    0.976021171 0.578241885 -0.814187765 1.42347264 0.162529647
    1.38414907 -0.529942274 0.432855487 0.936754405 1.63741183
    0.220367014 -0.302874684 1.18316889 0.0702341199 1.11841035
    -0.503391325 0.0785431266 0.392298043 1.02265811 1.04243827
    -0.622911692 0.406696677 0.563194633 0.803856254 0.968984306
    -0.417609483 -0.643887877 0.655164063 -0.822013736 1.60492849
    0.462217093 -0.685634136 0.0437528491 -0.378404766 -0.24022913
    0.4840433 -0.561293244 1.19561458 0.0842249393 1.52260494
    -0.589649379 -0.357899487 -0.0897842646 -0.206747711 -0.39112097
    1.6462605 0.139777064 1.28696275 -0.570357442 0.0526069403
    1.14452171 1.59998536 1.44036794 1.58348513 -0.341545403
    -0.503049254 -0.431860894 -0.0158913732 -0.398148417 1.45035934
    1.4314779 1.6232456 1.47576666 0.230452299 0.192832589 1.71487546
    1.31649959 -0.735893965 1.37654543 1.72212064 1.17795146
    -0.672773242 0.872467995 1.03063321 0.0652927756 0.593740463
    1.38480306 1.38806117 0.304652154 -0.317198157 -0.0208274722
    1.06200123 0.93260479 1.22597098 0.0572529435 1.1029892 -0.703959346
    0.715773284 -0.316567063 0.105434775 0.607572734 0.98232621
    -0.512762666 0.157333136 -0.136681795 -0.54128176 0.17451179
    -0.393310428 1.39280295 -0.4453803 1.03311431 -0.462145329
    1.49651074 1.70160842 0.0333929658 1.61945891 -0.722215295
    1.37945366 0.735879481 0.758001685 1.13342035 -0.426656216
    0.481366396 1.6564002 1.27973104 0.22571665 -0.30815804 0.355175436
    1.75839615 1.71876645 1.45997858 1.23120284 1.16121018 -0.225136697
    1.54079044 1.65565515 0.963040173 -0.573553205 -0.754519939
    -0.747347176 0.803900123 1.54641056 -0.0241818428 0.0244051218
    -0.229376674 0.915472746 1.14202142 0.548757732 -0.303108007
    1.04165149 -0.573713481 1.32754469 -0.578148246 1.00993967
    -0.228434503 1.198632 -0.404533863 -0.800993502 0.556565046
    0.0722397566 0.258533895 1.20556033 -0.158544302 0.202906251
    0.892394185 0.411159337 -0.362573296 0.909602582 0.241466224
    -0.343775481 -0.734840631 0.678535163 0.0749607682 0.287547112
    0.249569952 -0.0691186786 0.773676336 -0.328479141 1.31217539
    -0.736630201 0.566626906 1.11201155 1.40654731 1.68158793
    -0.548306525 0.984160721 1.33239114 -0.424476981 0.608555257
    0.98578316 -0.865167558 0.317281663 1.66882706 -0.738083839
    1.67275524 0.337729275 -0.547548652 0.650642335 0.675313175
    -0.716689587 -0.627471685 1.75483251 0.825589716 0.256587088
    1.10758221 -0.389505833 -0.0974817872 1.40559196 0.594517708
    0.984407902 0.492474616 -0.588320017 0.299514413 1.57311893
    -0.619831562 1.9007473 -0.119292438 1.8371737 -0.0236106515
    -0.574439168 -0.281871676 1.4772805 1.27924168 0.588354707
    0.217756271 -0.261626303 1.65241861 -0.777834773 0.978524029
    0.96595341 1.09784019 0.747989893 -0.571771979 -0.387462109
    0.305876553 0.717487216 1.04123044 -0.0302217603 0.0396136642
    0.852523863 1.37997198 1.11187983 -0.644673705 1.66603994
    0.910239577 -0.142626405 -0.199608803 1.53434002 -0.550258875
    -0.841015518 -0.185023308 -0.821462333 0.6852507 0.625211537
    1.03567815 0.712698936 -0.506034911 1.00360608 1.11234331
    -0.160933673 0.0697216988 1.17752028 0.994125605 0.0689799786
    -0.421607822 0.315942049 0.892238855 0.238981605 -0.639580369
    -0.595066667 0.131625772 1.29605031 0.913106799 -0.617109239
    -0.824802816 0.634108722 -0.616079211 1.54649365 -0.149006784
    1.42041731 1.12991238 -0.369961798 0.524957538 0.0321192145
    1.12084627 1.03218865 -0.810809612 -0.507140875 -0.813554645
    1.42470527 1.05837059 0.065155983 -0.559394836 1.25750184
    -0.239581108 1.49881458 0.758618593 1.10754323 0.292033494
    0.252163291 0.851918638 -0.631611705 0.749612212 0.937994361
    1.77644229 0.832649112 1.07433379 0.891981423 -0.343388319
    1.21207249 0.0153679848 0.269748807 -0.728176236 0.360025346
    -0.512507141 1.66449738 0.577521741 0.551079154 0.690142035
    1.21876931 -0.79225111 1.51822925 -0.591773987 1.25183773 1.22675371
    -0.448513746 0.320057869 -0.740007699 -0.355946541 0.0789090395
    0.723411143 1.64214242 -0.259813905 0.930062175 1.47896886
    -0.211308241 -0.406611323 -0.562364757 -0.83122009 1.75565672
    1.7163707 -0.326689482 0.828182042 0.444432378 -0.428416997
    -0.604931653 1.02295244 -0.537110686 0.34535867 0.321733177
    0.791538119 1.0399642 0.691769004 1.01702309 1.53455567 -0.333939314
    -0.667048812 -0.332490653 -0.0133523345 1.57443583 0.43103379
    -0.2749888 -0.268000275 0.723150373 0.810947776 0.770741999
    0.21753782 1.39658046 1.5688014 1.17679191 -0.725432158 1.09923148
    0.730996251 -0.683658063 0.563675284 1.27340555 0.487980902
    0.262151062 -0.221844733 0.743557572 1.52943265 0.287471473
    0.693380952 1.06143117 1.1938777 0.587685347 0.834982753
    -0.251013577 -0.481692284 0.426766515 -0.168697953 1.28091621
    1.25113416 1.18040109 1.57556832 1.61293256 1.31550169 1.67191696
    -0.567077577 0.214133739 1.35013151 -0.71917057 -0.207286
    -0.565746009 -0.554996252 0.765191555 0.17926985 -0.728439808
    -0.827120781 1.34833503 1.72842729 0.79152292 -0.259785295
    1.33523464 1.51610696 0.928841829 -0.609818757 0.828097045
    0.185522199 1.80188823 -0.627112865 0.870381713 0.918244004
    0.998057067 1.07538116 0.898356497 0.949828684 -0.383782685
    0.609561443 -0.539425373 -0.215090334 1.57492232 1.01011682
    0.055567205 0.495100319 0.746226251 1.17175698 1.65576112 0.85772723
    1.80086637 -0.218479812 1.24544573 1.61659408 0.761729717
    0.620748103 1.35480177 0.67382437 1.58991992 -0.0899083614
    1.14118409 1.64115226 0.88014698 1.15688515 0.59754914 0.648369372
    0.597405732 -0.270405233 0.0998728275 0.550972402 0.907075524
    -0.763062716 -0.14823091 -0.637816072 1.04615831 0.118918002
    0.750366628 -0.46000886 -0.156773269 -0.0488346219 0.120998561
    0.827213585 0.160662174 -0.318049639 0.714221239 0.465342224
    0.959893823 -0.405833125 0.954183638 1.63030231 1.4741993
    -0.202884912 -0.836828589 0.710612118 0.431649089 -0.04230088
    1.59161925 1.6279254 0.393159449 0.855068207 -0.865470052
    0.629196763 1.6823895 -0.240097284 0.185600102 0.908351719
    0.909758806 0.133015335 0.913701117 0.73367852 0.67637068
    -0.0824059844 1.19833636 -0.856989801 0.402899861 0.631130934
    -0.728793859 -0.217426717 0.502976596 -0.863027692 -0.270797253
    1.51239014 1.77926016 1.24173832 1.1645844 -0.248439252 -0.704552293
    -0.26113528 -0.609798908 0.549128115 -0.413518488 -0.146538913
    -0.0777680278 1.47945809 0.769302189 0.46381098 1.69140005
    0.40870136 1.36213946 -0.311848819 -0.808332264 -0.211014807
    1.6257441 1.52712631 0.648006201 1.71384454 0.778732955 -0.182635427
    -0.451512247 -0.640384257 1.13001692 0.84085232 1.13213861
    0.274150491 -0.687848449 1.31044793 1.28033853 1.54497957 1.75759935
    0.52832377 1.77377725 -0.0253487229 0.991035819 0.70001483 1.8302238
    1.0248301 1.05363989 0.258059502 0.0921958089 -0.537806273
    -0.492414981 -0.0504752994 0.78396368 0.625703037 1.25071239
    -0.721737266 1.64659691 1.40125918 1.39042187 1.17429352
    -0.220976949 -0.586530328 1.71557772 1.79357386 1.57562363
    -0.812040031 -0.307385623 1.35021114 1.36551654 0.411095858
    1.68048072 1.62188494 0.628874958 0.643270373 1.18207598 1.29231787
    1.29788196 -0.0361444354 0.652567327 1.06860697 -0.566313505
    -0.0833712816 0.571751595 0.688692331 0.26317364 0.0384934545
    1.5942421 0.135733783 1.59871638 -0.382402688 0.362961769
    0.862458587 0.17276144 0.321806133 0.88526392 1.14952528 0.975120366
    -0.704033732 1.19741297 -0.149386585 0.39738977 -0.316612124
    0.844220817 -0.109393954 1.4657464 1.36095977 -0.426988751
    0.75235641 0.177816212 1.44516253 -0.194494963 -0.279833406
    -0.345789999 -0.138167799 0.084567368 0.668546677 -0.776900172
    1.5768038 1.59026325 -0.563065767 1.37046635 0.0278613567
    0.0726329684 0.76717639 1.55606306 1.95078588 0.402549624
    0.352508724 1.57834935 -0.561361551 -0.505977154 1.69741261
    1.26163781 1.16329265 0.136552036 1.19329119 0.674352407
    -0.290701747 1.07828593 0.927344799 1.30322838 -0.530644298
    1.69384694 -0.293208718 0.0310355425 1.23951066 -0.290090621
    1.64590263 1.16515899 1.34852171 1.85513663 0.780644357 0.741764784
    1.23775959 -0.779474795 -0.124623597 0.0138790607 1.6019578
    0.548499525 1.7128886 0.918408036 0.0983983278 0.410129368
    1.67846084 0.32148087 0.511200309 0.329109609 0.879224837
    0.911273897 -0.439136654 1.04819489 1.70083761 0.264416635
    0.251223922 -0.728002667 1.46716094 -0.557191968 0.852336884
    0.781140566 -0.744430304 -0.0613309145 -0.625338376 -0.709802747
    0.0323544741 0.0715577006 1.57250381 -0.53042531 0.7161237
    -0.672050238 0.688890457 1.78853106 0.280565083 0.335441589
    0.946423054 -0.391584069 0.490825951 0.120015562 1.53718626
    -0.000177621841 -0.350370288 1.47639096 0.822646737 -0.852325737
    0.102178454 0.270146132 1.41328943 0.135280907 1.200508 0.575506926
    1.61464643 1.66920662 1.83768106 -0.620573401 0.741942227
    -0.594992697 0.749119639 -0.520486057 1.26695347 1.31399989
    -0.430379093 -0.253128946 0.59393084 1.59996796 -0.206056595
    0.892480731 0.586390018 0.926494062 -0.106558263 1.40357947
    1.28750181 -0.634164035 0.948911786 1.30601048 0.142792821
    0.439296782 0.442856729 0.944142997 0.334047079 -0.573607802
    1.79510212 0.705745757 1.18149257 -0.0600889921 -0.601942182
    0.80312407 1.69774914 1.17003155 1.45867074 1.20648515 0.148493171
    -0.378570557 -0.534352183 0.322697103 0.740053296 1.65563297
    -0.666904807 1.62898314 0.533822715 -0.778169096 0.410619915
    0.687927186 0.930585504 1.29129589 0.430916727 0.0629338026
    -0.307195604 1.14300382 0.819984615 -0.72548008 1.11450982
    -0.562625051 0.822159946 0.199339926 1.22958803 1.16415393
    -0.779791296 0.728403211 -0.679543436 -0.0670059919 0.637470961
    0.174936295 0.941673934 -0.041546762 -0.754047811 1.03789139
    1.61172938 0.459158361 -0.04708606 -0.733513713 0.639879644
    1.22802138 0.113910079 0.545375884 0.841900885 -0.855304062
    0.378335416 0.753375351 -0.181861401 0.187252045 1.27010953
    0.547989905 0.459743202 1.09732723 1.05396998 1.82170391 1.67248011
    1.67570806 -0.0987601876 1.33464539 -0.677724779 -0.161225915
    0.626367688 -0.439773649 1.20008373 -0.630225003 1.41069531
    0.404594839 1.20462465 -0.360449255 -0.154637277 0.566951156
    -0.793098927 -0.0637488961 1.18229771 0.428254485 0.250564516
    0.443060398 1.00409245 0.151058912 1.06394291 0.261707067 1.48065519
    -0.0791123509 -0.224458814 0.968813896 1.3128674 0.856186092
    1.10257745 1.7518549 0.109317422 -0.770483911 0.663172483 1.65231085
    -0.530992806 -0.456067115 0.946590185 1.49030638 1.17885125
    1.24652398 0.284053683 0.462377727 0.6465379 1.08945727 -0.372536629
    1.3879149 1.19373703 -0.378926307 0.286022961 0.206703782
    0.138985991 1.43588018 -0.553132832 1.22790313 1.43152785 1.74945021
    -0.0852503181 -0.107841015 0.609058082 -0.293532819 0.595856607
    1.54676318 0.371406555 -0.444622248 -0.720937967 1.19487548
    1.59958911 1.06401658 1.08927882 -0.361982375 0.52433759 1.94633913
    0.213464648 0.823597193 0.67835325 1.069368 1.230124 -0.792126834
    0.931329191 -0.050897181 0.885851085 0.81867218 -0.0938183665
    1.32514513 0.585288048 0.497826457 1.13992774 -0.821717083
    -0.436851472 0.98306632 1.13973176 1.01684678 -0.747216403
    0.523311973 1.40967751 0.101378202 -0.281084776 0.897821724
    1.58098102 -0.612181783 -0.503728509 1.05418515 1.58133221
    -0.200718343 1.22707629 1.74107885 -0.78901881 0.494785666
    0.269250393 0.739824712 0.0623709559 1.32210088 1.14718485
    -0.779649675 -0.440238327 1.67535007 0.906482637 1.31185603
    0.103625715 -0.278667092 1.70222461 1.29268909 -0.394456565
    -0.565467 -0.190059781 0.53990835 1.42396212 -0.379602969 1.11936438
    1.01785123 -0.359246492 0.727319002 -0.886554062 0.775967121
    -0.551919937 0.846490562 1.36407351 0.01552701 0.782454193
    0.511080086 -0.689414144 -0.783779263 -0.814870238 0.76905334
    1.00956821 0.274008751 1.24261475 1.08003402 0.128611088 1.16239548
    1.51825643 0.322858095 0.469143689 0.130530715 1.77345991
    -0.74963659 0.774103284 -0.623076797 -0.474657148 -0.215524018
    1.41144705 1.25228763 -0.179772377 -0.38590306 0.692359388
    -0.252406001 -0.776789904 1.77560198 -0.316780627 1.60508966
    0.762530446 -0.0816466808 -0.792610228 0.868582904 -0.80641228
    1.62171984 1.20404792 -0.435216427 -0.271487594 0.334307671
    1.69306588 1.36943316 1.28292727 -0.812006295 0.388676941
    0.435988903 0.702939391 0.958992004 1.62162209 -0.450693071
    -0.253813088 -0.723580241 0.796646237 -0.133861482 -0.243800819
    -0.704712868 1.75781393 -0.206110179 1.24703383 0.898903072
    1.10838926 0.725795031 0.142130554 1.50059605 -0.158563018
    -0.179415882 0.153509855 1.53573823 0.113770127 1.70181084 1.8155396
    1.78697944 1.42677665 -0.0264379382 -0.399448693 -0.0274698734
    0.676955879 0.253015399 0.243808568 0.496730387 0.609456897
    -0.142718792 1.41653228 1.80776572 -0.0339610577 1.23307657
    -0.124140143 1.30478907 -0.797079325 0.376449943 0.748858392
    0.180542052 0.661927998 1.68970859 -0.237580657 1.766819 1.34062767
    0.817718029 1.29605317 1.71969855 -0.585392237 1.61002398 1.3397609
    -0.755495965 0.24852258 -0.17865622 0.613478005 1.33447647
    1.14910495 -0.656268954 0.53171885 0.0207492709 1.25692642
    0.263512611 0.952365279 -0.314729393 1.47193646 0.210668981
    1.55802107 1.48893428 1.44428945 1.73351502 1.50139999 1.32407999
    -0.518546879 1.31402528 1.2254262 0.20990932 0.342051923
    -0.0690959692 -0.5514431 1.71337938 -0.413258642 1.55392885
    1.21115065 -0.186157227 -0.498677105 -0.317077637 0.525683582
    1.59470272 1.73394489 -0.178072214 0.947454512 -0.534432769
    0.274747372 -0.431596845 1.85041666 0.0217296481 0.382833898
    1.48042214 -0.047426343 0.967994809 0.613588691 0.762823224
    -0.72740078 0.0996692777 0.359602571 -0.568685532 1.16736293
    0.358801126 1.76967502 0.895681739 0.464284956 1.75065982
    0.361005723 -0.114120841 0.137016475 -0.561051011 0.581256092
    0.631951869 -0.515880644 0.102819562 0.549069881 0.418557942
    -0.0408803225 1.48990631 0.295361161 -0.716572344 -0.383857936
    0.180163562 1.47210217 0.0349239707 0.922228515 -0.603499949
    1.16357613 1.50985527 1.76432025 1.13023424 0.534508944 1.05331922
    1.00407481 1.60193276 0.773516357 0.543501735 1.72139716 1.19355488
    -0.207881629 -0.783104181 1.01228404 1.27525353 -0.15773344
    1.12576067 0.346401513 -0.291391313 1.08042455 -0.424893707
    0.110826612 1.53058958 -0.788470507 -0.396456838 0.478654385
    -0.489692211 0.547410607 -0.32981503 -0.492218763 1.50206041
    0.87832731 -0.58120364 0.809386551 0.413279653 0.148793876
    0.180449486 0.744815469 1.32510388 1.03988886 0.383090496 1.65201044
    1.72589731 0.389011085 -0.13143903 0.058585763 0.87275219
    0.479711592 1.82737935 1.38748956 -0.277572483 0.106965661
    0.0361479521 -0.716887593 0.555232823 -0.367659926 1.16156769
    -0.113089681 0.780835629 -0.297161937 1.35123622 1.38410282
    1.73209548 0.674423277 1.46870661 1.15492558 -0.285829663
    -0.622192144 0.326309443 -0.29954499 0.999486089 0.143459201
    -0.127356946 0.297757924 1.51763463 0.310649693 1.18015754
    1.47870672 0.0059043169 0.706006229 0.598567426 0.670664191
    0.55189395 0.872527242 0.118555486 -0.682147145 1.6631192
    0.822759926 0.441827893 0.348497212 1.0482707 -0.554995894
    0.503192484 1.6931932 1.14234984 0.927253127 1.34262323 -0.499548346
    1.78477085 1.26921988 -0.815037847 0.390179813 0.760562956
    0.903425276 -0.675919294 1.7770226 0.772962451 1.27087569 1.53135383
    1.43311179 0.369015455 0.446076572 0.112709939 0.757807732
    0.225863636 -0.770550966 0.886611819 1.21080196 0.644884527
    -0.522253633 -0.812641859 -0.318756819 0.25316143 1.07419348
    0.842316329 -0.627197266 1.64250565 1.52094078 1.40139878
    -0.568501234 1.13767576 1.26711941 1.33454537 0.987837374
    -0.186657608 -0.793322623 0.271589577 1.63029742 -0.78637898
    1.2583065 -0.137280643 -0.610216439 -0.335477024 1.60048032
    1.84427118 -0.228043377 -0.199147701 0.534013927 1.21272945
    0.200263679 1.51507401 -0.247972548 0.302043974 -0.250091732
    -0.379875869 1.00221443 0.028061986 1.74115372 0.849071801
    0.054988265 0.25643611 -0.333672613 -0.459019035 -0.809640825
    0.54923445 -0.603618801 1.59908772 1.24457598 1.54512596
    -0.857829571 -0.278958023 -0.515997708 0.369982958 -0.085524857
    1.72909319 0.0144143105 1.46560812 1.33295751 1.64814425
    -0.094042778 1.68084073 0.114383578 -0.483871967 -0.27688545
    0.054618299 -0.067303896 0.481707752 1.4875809 0.289525449
    0.0958722234 1.52593327 1.31665254 0.0136817694 0.63766408
    0.857683063 0.0903617144 -0.645327568 -0.457830817 0.194253683
    -0.41084376 0.740430415 0.661863446 -0.505012512 1.48777056
    -0.279344857 -0.181817055 1.68188691 0.965258718 0.776779294
    -0.495833218 0.261430562 0.554323018 0.114693046 -0.673213899
    0.916135013 1.77630162 -0.149088502 1.07060361 1.46502864 0.27545464
    0.504799068 -0.80391562 1.45847225 1.272048 0.416694343 1.36170554
    -0.6043908 -0.5679214 0.650352836 0.889811039 -0.0485278964
    0.728962481 -0.726890922 0.559145927 0.959084034 1.26144314
    0.772013187 0.975150228 0.565901995 0.509073496 -0.308100164
    0.0785045624 -0.632515311 0.638303518 1.7431047 -0.762520909
    0.597371101 -0.648413658 0.811900556 1.10201836 1.53098416
    -0.404819578 0.472614288 -0.68528533 1.17466354 -0.404713392
    2.01001501 -0.0790913105 0.213311344 1.79155517 1.1846168 1.1053257
    0.509620249 0.295650899 0.392893195 -0.767771423 -0.358075887
    -0.365183055 1.31663275 -0.548859715 1.03494263 1.38079238
    -0.645290375 1.40449953 1.08400369 0.113731444 0.0981552005
    0.733912587 1.27724087 1.68079436 0.108060896 1.62882936 0.345341682
    -0.627363145 0.983420014 1.14560306 0.146133363 1.18713832
    0.666874588 0.664009392 1.19702494 -0.52598083 0.712132871
    -0.164768338 -0.215542674 1.45451903 -0.35264945 0.659155369
    0.267339408 0.379463375 0.224081337 0.670435429 -0.379360199
    1.80044627 0.479249895 -0.758021712 -0.388035685 -0.361770213
    0.218322814 -0.075743854 0.799356341 -0.621425152 1.17746675
    1.6518755 -0.145955861 1.34555435 1.37432837 1.02241528 -0.218443692
    -0.14397192 -0.252549827 1.70363963 0.715427697 1.3955363 1.32163191
    -0.780963838 0.128869832 0.341532171 0.819030285 1.16569662
    1.15634966 0.959750831 0.230944574 -0.0148037672 1.54371548
    0.356830001 0.965939164 0.403088987 1.08865047 1.68884492
    0.0190693736 -0.0104864836 -0.744742036 1.10966933 0.970913172
    1.22210371 -0.416675538 -0.675379634 0.843453944 0.0604676604
    1.52019095 0.866972685 1.42669547 1.17334962 1.17259932 -0.145598114
    1.80705631 0.755553305 0.0288504362 -0.344884932 0.224190533
    0.190180242 -0.0375090837 0.397016108 1.41175795 0.174001932
    -0.762718856 0.466065288 1.02976894 -0.338350117 0.410752714
    0.0194478631 0.663526535 1.43327248 -0.410792589 0.462148309
    -0.466276586 1.31505799 1.73626494 1.58530474 0.972438872
    0.433113158 0.758986056 0.91213423 0.47436583 0.72820425 1.61300898
    -0.419889838 0.0796678662 1.81358004 -0.131006956 0.972883344
    -0.163357437 1.35843468 -0.0377687812 0.638802648 -0.132026851
    1.32226777 -0.300610781 -0.328596413 0.558922589 0.611985624
    1.32093668 0.534981906 1.71257806 0.627298355 1.0596559 1.4184227
    0.551825702 1.12755156 1.35440803 -0.295765996 0.263436735
    0.682150424 0.450324893 1.06328201 -0.11959976 1.60069203 1.4632746
    -0.75428617 -0.327817023 1.38488126 -0.0474128723 0.807147324
    0.784624934 -0.36905545 -0.444078565 0.451008081 1.07282925
    0.412028074 1.63682711 0.490341306 0.10473758 -0.180795729
    0.00528037548 -0.684730291 -0.092340827 -0.762981832 -0.176922381
    0.282102525 1.04042566 1.31872773 1.72444654 0.528905332 1.13352239
    -0.74082303 1.10250211 0.319897771 -0.861281812 0.585842788
    -0.0985673666 1.25133014 0.217664599 0.27209115 1.42854095
    0.13536042 0.386653423 -0.824733973 1.46501791 0.506366372
    -0.538127661 1.29890335 1.78757524 0.97303617 0.157869935
    0.898004353 1.3308996 -0.325668752 0.360635817 0.954800844
    -0.603108048 1.03939593 0.305302382 1.04600775 1.78345466
    -0.383498043 -0.388495922 -0.241486549 -0.282243311 0.711791813
    1.13653612 0.594952285 -0.744824171 0.882494569 -0.635191679
    1.41489232 0.0890103579 -0.486830473 0.675869823 -0.687479198
    1.36631989 0.929753244 1.22007275 -0.40338698 0.155018449 1.76595354
    0.116395354 -0.174325168 0.67358917 0.279930651 -0.386787146
    0.211563706 1.37136745 1.72321045 0.225193322 1.50208354 0.296212912
    -0.320982605 -0.441220522 0.0172227025 -0.557261288 1.16236186
    1.3885355 -0.079888761 -0.391864926 -0.181387305 -0.151311338
    0.149229527 -0.515522718 -0.289772093 0.697372913 0.644666195
    -0.126344681 0.59039253 -0.162423074 -0.650523067 1.68575692
    1.1902926 0.596561611 -0.806484103 -0.114501774 1.51789951
    1.46600926 -0.0235372782 1.31076896 1.12624002 -0.209424794
    -0.643908024 0.744605005 0.597409248 0.880107582 1.00533235
    1.82505941 0.488755703 0.36921382 0.708839118 0.13499403 0.637240052
    -0.186065376 1.44220757 1.19698763 1.82605672 0.902835846 1.53738773
    0.529792368 -0.356186867 -0.648299634 -0.184998155 -0.054381609
    0.210316598 0.237389088 0.56374836 0.688199222 0.0652720928
    0.36461401 0.159324646 0.869403958 1.02460945 -0.205266237
    -0.330910414 1.19254756 1.10336876 1.77099824 -0.255845785
    1.42057133 0.655381024 0.682854235 0.964928329 1.68942511 0.10637486
    -0.492689937 -0.0831582546 0.33261025 1.64402795 -0.638489425
    -0.324920654 0.825401783 0.729696095 -0.00102162361 -0.425995201
    0.876871765 1.61417031 -0.436058998 -0.643117547 0.215942562
    0.396371007 0.744945168 0.93939203 1.3595264 -0.742747128
    0.809328854 1.62455106 0.158810258 0.730862916 1.42635918
    -0.766276538 -0.141996503 -0.211236358 -0.316340774 -0.648133159
    0.233835697 1.27351093 0.56364882 1.26357365 0.376509309 0.280627131
    1.01859546 1.33349216 0.0765966773 -0.698619485 1.31387305
    1.09509134 0.493526399 1.28708315 1.08630812 1.27496147 -0.179270506
    -0.770495176 -0.770160496 0.575817764 -0.21119982 0.372124791
    0.967533886 -0.568151236 0.932631135 0.950065136 -0.310319245
    0.81600219 1.59664536 0.420485139 0.876029551 0.699916422 1.67005157
    -0.217059553 -0.236344814 0.514432728 0.609648585 0.632400692
    0.150797606 1.77394414 1.0718112 1.2774781 -0.446364552 -0.560169578
    0.153082669 0.437608719 -0.563290298 1.74492836 1.05642724
    -0.662422538 1.74289703 1.33926213 -0.800638676 -0.531538844
    -0.534811139 0.491690099 0.986948073 0.913761616 1.14084697
    0.834062696 0.61796397 -0.0780451894 0.310035586 1.29034173
    -0.215397298 0.420637488 -0.0920827985 1.25513041 0.53639698
    0.830233812 -0.858883262 -0.208055615 0.128050506 1.60331249
    1.19489396 -0.486083955 0.141442299 1.05962873 1.19018316
    0.248099923 0.898721576 0.0651758313 -0.570291042 1.17210364
    1.67432833 0.188422084 -0.220377028 -0.494054943 0.842036128
    0.206498384 -0.534915328 0.546578586 -0.479879826 0.824074566
    1.45120835 1.22169662 -0.797089398 -0.638684988 1.19915521
    0.458626628 -0.550122142 1.79092848 1.36980283 0.311799109
    0.529249251 0.392673194 -0.797291577 1.05123234 -0.373440921
    1.28100801 1.25561178 0.515788913 0.737883508 1.8019278 1.73179674
    1.1771884 -0.183549821 -0.452756017 -0.459326923 -0.166679859
    -0.0239656568 -0.659166098 0.696368396 0.588804543 1.76739931
    0.449210107 1.61841798 0.670187116 1.70119321 0.800722957
    -0.094332993 0.3100124 -0.735768378 0.0682350993 0.168621361
    0.427200437 -0.0660272837 1.33607757 -0.202991545 1.10726094
    1.52745819 1.20879924 0.103460908 1.46007204 0.732058108 1.71227694
    0.844562352 1.38365889 -0.366993427 0.270198345 0.0119505525
    0.408574939 0.929558277 0.232140899 0.949485302 0.271026254
    0.629862487 1.11265945 1.83690715 2.02944422 0.853625894 1.10314488
    -0.308328986 -0.055604279 -0.240123928 0.742151082 0.000941693783
    1.44046545 0.199143469 0.362518549 -0.609715164 0.379606783
    0.599873245 1.40829873 0.199870348 -0.732628763 0.254580498
    1.07707167 -0.321611494 1.48843777 0.720131397 -0.160033226
    0.786652982 1.18286204 -0.722605705 0.843489707 -0.0496593714
    -0.136100352 1.71577072 -0.00436556339 0.113664627 1.08647728
    -0.152237177 -0.302655518 -0.770042181 0.353168845 0.958781481
    -0.745120347 -0.302222788 1.13172448 1.23896182 -0.299305379
    0.390836835 -0.0414435863 -0.565236866 1.46831644 1.58057761
    -0.20062077 1.45445657 1.5110656 0.254557431 -0.283568621
    -0.683775246 1.86033857 0.12384963 1.46821916 0.0413548946
    0.751954257 1.2934922 -0.821961224 1.36533403 1.49950624
    -0.714111745 -0.721993446 0.294797122 0.849333942 -0.26266259
    0.116523266 0.0230645537 0.530371785 0.875605524 1.19173646
    -0.709623277 0.400796354 1.81942308 1.64389968 -0.358231246
    0.748470664 -0.643099785 -0.459080666 0.965944588 0.881204605
    -0.354964435 1.50254762 1.45210624 0.586218655 -0.202551961
    0.13290745 0.21000278 -0.717826486 0.695414007 0.902609468
    -0.805156708 1.44098842 0.962262392 -0.767994165 1.81661785
    0.274951577 0.0412057638 -0.167020023 0.578316689 0.625706851
    1.53506398 -0.270310163 -0.447235346 1.00254655 0.130746365
    -0.532699108 -0.247731805 -0.256200254 0.455949247 1.39435053
    1.34566712 0.738561869 1.35320258 -0.856388927 -0.109404504
    1.77119541 0.604140818 -0.317664087 -0.849902689 1.03610539
    1.58815455 -0.388731539 0.982253969 0.493272245 0.87548846
    -0.511594415 0.799925089 -0.496626467 0.254456818 0.197242558
    0.259551048 0.291663527 1.78826249 -0.0623428226 0.155903101
    1.25230718 1.3615427 1.34332919 -0.439420789 0.691055715 0.609178782
    -0.565135241 -0.0459094644 -0.73095578 -0.208422959 1.05085206
    0.237172723 1.23935652 1.12512612 1.24884713 1.06793213 1.06314838
    1.62198293 1.4950906 -0.775889337 0.94125998 0.800956309 0.48203069
    0.242932379 1.51703644 -0.175902009 0.122668743 1.20641696
    -0.792741477 1.30621088 0.932405949 1.52771449 1.29639459
    0.481849909 0.402752995 1.12536669 1.80122113 1.29406071
    -0.515468717 -0.212463915 -0.00692534447 -0.77199471 -0.0539768338
    1.04301906 0.254770517 0.910623848 -0.415501207 -0.521974087
    -0.350691676 0.63873136 0.327001214 1.80236602 1.63897765
    0.262617707 -0.047755003 0.248387456 1.22370005 -0.267785132
    0.746648371 0.108950734 0.303425848 0.615184247 0.69972378
    1.13133621 0.308780789 0.0191313028 1.08262873 -0.643799901
    1.76669419 0.631376386 0.618852556 1.68128419 -0.247537553
    -0.0469970703 -0.16526866 -0.428317636 0.853191733 -0.123022139
    -0.245301783 1.24471068 -0.697326303 0.929915607 1.69280076
    0.170283973 -0.525181174 -0.417501301 -0.708457947 -0.732693076
    0.741814435 0.899636567 1.58360887 0.0582933426 -0.33982119
    0.260839641 0.74691993 1.68382156 -0.58526206 0.293311954
    -0.0159600973 0.248880923 0.999165952 0.0653556585 0.89539361
    1.16175449 0.514343262 1.26832402 1.39603782 0.82901746 1.23608518
    0.389880836 0.338217676 0.245487452 0.633987784 -0.696457088
    -0.00137972832 1.17247748 -0.436708987 -0.512483716 0.299249768
    1.76660538 1.45311654 0.485246539 0.471782327 -0.0352517962
    -0.192566276 0.241687357 1.41614413 0.108173907 -0.0374934077
    0.648056507 1.77594721 1.30895543 -0.130863309 -0.623747647
    1.74873638 -0.173051894 1.52452874 -0.620387375 1.45186603
    -0.627046824 1.36965036 0.295693994 0.711577058 -0.630358219
    -0.713050187 1.40178871 -0.60810113 0.190593421 0.987584233
    1.23661959 0.302336633 -0.679565668 0.649694026 0.968669832
    0.856124103 0.566598952 -0.210345984 0.555965662 -0.475556374
    0.368340075 1.77300727 -0.0925711989 -0.173997462 -0.154637277
    0.982859552 0.956733584 1.00138688 0.911017478 -0.585708261
    -0.545616329 -0.137902737 -0.692193151 1.2115376 0.989224315
    -0.71560508 1.55272186 0.494708896 0.990082681 0.619020104
    -0.891209602 -0.328032434 1.58028078 1.09817386 0.677087307
    0.705430329 1.69633603 -0.617800891 1.31830931 1.22924709 1.77260053
    0.269708455 0.73611486 0.289884448 1.12269187 1.07674932 1.63732338
    0.41051513 1.27794218 0.850438058 0.631100655 -0.325720429
    -0.659671843 0.706227124 0.230643392 -0.713952422 0.259862006
    0.252151847 1.37950015 -0.580333591 -0.776665211 1.73165166
    1.17713869 0.168238938 1.73232043 0.353041947 0.16840899 0.866873622
    -0.178277552 0.241191268 -0.15445286 -0.736265779 0.486638427
    1.09739041 0.174311399 0.606915653 -0.702057779 -0.129963875
    0.910061061 1.79731178 1.49126339 0.205830216 1.39918137 0.74817884
    1.3645134 0.100572288 1.29312396 0.166943014 1.5182364 1.24505913
    1.77196217 -0.267064333 0.592083097 1.25432229 0.83822298
    -0.126472116 -0.871738136 0.040402472 0.12057656 1.274876 1.4226774
    -0.176107109 0.607200801 1.74401653 1.02694297 -0.771336794
    0.276492536 0.837903917 -0.693292022 0.541239798 0.869175375
    -0.0512666106 0.833829403 -0.17579484 0.650794685 -0.567215443
    1.24350882 0.228770018 0.725237131 0.853406429 -0.409802377
    1.05348217 0.770911276 0.698238015 1.29680085 -0.635716617
    0.138605714 -0.28099215 1.14452624 1.48155522 0.329017341 1.18870461
    0.0958738327 -0.424062192 1.71917295 -0.389050782 1.34793687
    1.31952536 -0.0732762218 0.469759345 1.00920939 1.23926711
    -0.677383542 0.486997724 0.599427402 -0.0357375145 1.68031025
    -0.350898623 -0.486514151 1.0345403 1.07615328 1.86321807 1.63737929
    -0.459325045 0.20945847 0.907181144 1.37194395 -0.533961356
    0.608568013 -0.712254703 0.959446609 -0.559491396 1.44437599
    0.793601573 -0.314881504 0.352185309 -0.231325865 1.22829366
    1.24304795 1.6981889 0.488196135 0.163297653 0.876068413 1.41012418
    0.594922602 0.781591713 -0.545934439 0.140307903 1.38225079
    -0.51995182 -0.0317010283 1.34733403 1.61762261 -0.550160527
    -0.659494996 -0.560825884 0.88286829 1.6803894 1.05383182 1.40333855
    -0.200021029 -0.225704789 0.366692245 1.17278433 0.525086522
    -0.431628346 1.42968225 0.782427728 -0.501293421 1.65904999
    0.417794049 0.632575512 -0.196613431 1.02835262 0.64778012
    0.431940854 0.580043256 -0.022388041 1.08041966 0.562678158
    -0.0873923302 0.0396130085 0.292431355 1.50212121 -0.479454011
    0.399276793 0.986346364 -0.480141431 1.77386975 -0.727830231
    0.930238366 1.16055727 0.167585433 0.680082083 1.14909518 0.11676842
    1.32672489 1.21014833 0.330477118 1.44171405 -0.584372818 1.01842666
    1.76473022 0.548016608 -0.207370698 -0.44628033 -0.493027598
    1.68684483 0.694006622 -0.0297791362 -0.71120441 0.214752913
    -0.350699812 -0.575870156 1.86546767 0.310339153 1.78344202
    1.82277274 -0.285883963 -0.673015356 0.767031312 1.43004167
    1.28009129 1.12579942 -0.253629446 -0.685942471 -0.46115008
    -0.612380683 1.26493073 1.54562485 1.41514874 0.502259791
    -0.0442970395 -0.357062548 -0.536523104 1.027228 -0.46694088
    -0.74873966 1.48550606 -0.558942556 -0.652548015 1.17804217
    1.01291621 0.442112803 1.01759768 1.11293149 1.49635088 -0.699987352
    1.17982316 1.65737605 0.819997668 -0.0933274627 0.629275918
    -0.870373547 1.34916186 -0.78796649 -0.221191645 1.27830434
    1.27265775 1.35542607 0.775989354 0.704691947 1.26863265 1.79294777
    -0.389510036 0.131679058 -0.0170073509 1.78572047 -0.106240511
    1.53256476 -0.828439116 -0.472174972 -0.342375875 -0.657944202
    0.609162211 0.856490314 0.671727657 1.15531278 -0.555993438
    -0.00155287981 -0.0930913091 0.704352856 0.498784602 1.33593464
    0.932679474 1.57606292 0.388252735 0.235898197 0.442210138
    0.318240464 0.260401487 0.321831286 -0.253615201 0.36892271
    1.08097899 -0.657554984 0.7145558 1.6572665 0.717413604 -0.512794077
    -0.172598541 1.2891258 1.10392988 -0.435420066 -0.00359416008
    0.483892381 0.463505208 1.0832243 1.20700526 0.252918005 1.29511046
    -0.677629828 1.37756491 -0.220487237 0.50965929 0.630948424
    -0.892140925 -0.775015771 0.276655078 1.25355899 0.185519993
    0.0721216798 1.46712971 -0.562730134 0.911630511 0.210358024
    0.684073627 -0.373551577 0.320491076 0.913150907 -0.303092003
    -0.639842808 1.24562931 1.09491181 0.891049206 1.68620348
    -0.26005131 0.172626674 0.88646704 -0.377325147 -0.774224162
    -0.618846655 0.129547298 -0.28562814 1.52958012 -0.396413535
    -0.527083397 1.24794698 0.683653772 0.21770829 1.77280593
    -0.343921483 1.46626306 -0.247538626 -0.812186182 0.333455801
    0.566664577 -0.592490137 1.24199188 0.752164125 1.01249576
    1.51733863 -0.583463669 1.12667596 -0.180516422 1.79788494
    0.0491568446 -0.690519333 0.988184035 0.557679534 -0.326560497
    1.04830635 0.142533183 1.42895412 1.58795738 0.0173807144 1.00096464
    0.884676993 -0.673025012 -0.445058346 0.831640065 1.11292648
    1.40673268 0.865411997 0.804793 0.640267968 1.6128298 -0.48894456
    0.282562435 0.31509155 0.59579289 1.09522796 0.338197947 0.247640431
    1.67054558 -0.595284581 -0.351057649 0.947023451 0.072432518
    0.264365911 -0.60566026 -0.061948359 -0.393036336 0.0645209551
    0.594675481 0.899208546 1.73495579 0.664491475 1.46868372
    0.895137489 0.30714035 1.16738749 1.37142563 -0.0870471001
    -0.0144672394 -0.74761945 0.730938375 1.66089404 1.5983355
    1.66841578 -0.133862317 1.2989738 0.470612049 -0.254376471
    1.61004496 1.42811871 0.171600223 0.525798559 0.235790372 1.76736355
    0.155151606 0.779062748 0.443078995 1.06329322 0.140675664
    0.255164683 0.577716529 -0.802122712 0.940743506 -0.76616919
    0.727541983 0.124783516 -0.443547517 1.5076859 -0.687026501
    0.615565538 1.75093699 1.07490718 -0.529382765 0.00199449062
    0.860882223 1.46608138 -0.294874847 0.524440289 1.48492038
    0.259832442 -0.584468246 1.58359051 -0.330673158 -0.510118127
    1.134377 -0.382897526 -0.142137885 -0.41335541 1.44655836 1.7307117
    1.32933998 -0.298306435 -0.439301908 0.0540024042 0.117389381
    0.43680352 0.575562596 -0.0733068585 0.19545567 0.588961244
    -0.6949929 1.15678477 1.28729379 0.943947911 -0.389544666
    0.302150249 0.0291673541 -0.627500653 1.25332713 0.64830178
    1.62342763 0.640445471 -0.74250412 -0.316062808 1.73635864
    -0.786339879 1.13840067 0.697447002 1.53370404 0.102216303
    0.358135343 1.6087172 1.59340024 -0.333345532 1.56673908
    -0.255995154 0.369947612 1.35936713 -0.335544884 0.788091063
    -0.468576103 1.06140959 1.00338387 1.63805783 1.45762146
    0.0291561484 1.42306554 0.587021708 1.5143826 1.18559027 1.19357538
    0.414755642 -0.539870858 1.29341364 0.949947059 -0.487470388
    -0.425366372 -0.4023498 1.389292 -0.666337967 0.274938047
    0.802403033 -0.600977659 -0.196653128 1.39904022 1.10468864
    0.5667063 1.17009723 -0.0766026974 1.4861964 -0.776216567 1.4627533
    0.0481289029 1.25185204 -0.509703755 1.58601975 0.667503119
    0.399105251 0.818819702 1.02157807 -0.788646162 1.82596147
    0.882679999 0.127602577 0.253761947 -0.209801912 -0.0808317065
    1.0499115 0.160518706 0.803991199 1.37128282 0.0110666752
    -0.499367863 1.2300868 1.81930208 1.10782409 -0.359910846
    -0.18611294 1.08662128 -0.0569902062 1.14676559 1.08004904
    1.72120214 0.133996964 1.17500305 -0.731434941 1.26185215
    0.991644204 1.44564748 0.793945611 0.162009954 1.54078841
    -0.0836908221 -0.0570562482 -0.112959504 1.61654091 0.691859305
    0.0173214674 0.143619657 1.3324132 -0.727263987 0.183794081
    -0.154591799 1.5800271 1.70971429 1.08177483 1.63821697 1.51973963
    -0.134269118 0.786008835 1.25005746 -0.185000539 0.975979388
    -0.0803698301 -0.0636626482 0.431533694 0.11544019 -0.339042157
    -0.203609347 1.62613845 1.7400322 -0.304113269 -0.860258102
    -0.674537182 1.19070816 1.17751241 -0.295547903 -0.293857396
    1.06541157 1.49753416 -0.734484255 1.74424553 1.45932662 1.01145768
    -0.676332712 0.97105521 0.458160639 -0.405816913 -0.534702063
    0.852450669 0.216052532 -0.767790556 0.379398942 0.354971945
    1.76412416 1.51025891 -0.174176931 -0.740737379 -0.383889616
    -0.749976218 1.58175588 1.81802154 0.674041748 0.82646209
    -0.181852698 0.800584495 -0.299207747 -0.429015785 0.562844634
    0.776156485 0.12462312 -0.264581084 -0.0448714495 1.02269816
    1.75513589 -0.046820581 0.792596221 1.19385767 -0.453498304
    0.384275973 0.350221157 0.521877706 -0.76733911 0.248901486
    0.691577911 1.15353227 0.560213149 -0.316191912 -0.619059503
    0.213888645 0.551717758 1.31153774 -0.00395536423 -0.267026126
    1.35583353 -0.241530597 1.69721949 0.845588148 1.4514513
    0.0161346793 0.0356781483 -0.235435188 0.421955585 1.21538591
    1.14016128 -0.561471701 1.43385983 -0.334116757 0.00215107203
    -0.0446673036 0.0257006884 0.96456641 1.01158977 -0.351891071
    1.60584128 1.68005109 1.28942108 -0.213905573 1.31384981 1.6620543
    -0.486191034 0.0759001374 -0.437438726 -0.610376656 1.88502026
    -0.00265884399 0.054549098 0.257855773 -0.51010114 0.138217092
    1.82246637 1.91563344 0.262717903 2.2003963 -0.0446203351 1.13162374
    1.28096592 1.88803983 1.74954915 1.59988451 0.21652174 1.31022465
    1.50762844 -0.381279111 0.780497074 0.807782412 0.536543787
    -0.321451247 0.171641707 1.40849066 0.55980742 0.250102818
    0.448738635 0.780552804 0.208795846 -0.294560492 -0.733116388
    -0.231304765 -0.591156125 1.88493443 0.20982337 -0.0657140613
    -0.300251812 -0.47706899 -0.463785887 0.745133162 1.71352971
    1.52132988 0.775955677 -0.685196519 1.40082753 0.013789773
    0.934203207 0.972320497 -0.043636024 -0.464744359 0.188180566
    0.726072609 -0.594321251 -0.0637994409 0.663419247 0.399301291
    1.38281608 -0.154975235 0.980051816 0.879518569 1.80377913
    0.923727334 0.0734642148 -0.285131454 0.730696678 0.981085539
    1.72084308 0.343778312 -0.764631331 -0.633952498 1.39097047
    0.850346506 -0.423117965 0.478780746 -0.774305165 0.897773981
    -0.699849248 -0.493210822 1.3236078 -0.687885523 0.97513926
    -0.498006582 1.78436971 -0.720905423 0.207170367 1.4459393
    0.0142924786 1.19976437 0.574474275 1.06579196 1.34134483
    0.436100602 1.56833279 0.94094485 1.0518806 0.252831578
    0.000237345695 0.0811010003 0.102658808 -0.0533812642 0.42835629
    -0.277411997 1.07031655 -0.496722966 0.981134713 -0.288658977
    0.043397367 1.51515436 1.82152629 -0.519832015 0.356580734
    0.620310605 1.05391812 1.10261273 -0.190575302 1.23749709
    -0.404180348 -0.32924211 -0.860632896 1.37166476 1.06056976
    1.38768315 0.148525298 -0.106205881 1.59621978 0.449328542
    0.590455532 0.243453622 1.4454236 0.0131369233 -0.854934692
    1.55614185 0.549727738 1.2453388 0.74805516 -0.376866221 0.540247321
    1.10788727 0.519025922 1.24180913 -0.292846203 0.101911128
    0.429964423 0.48758924 -0.670279384 -0.537530839 1.47023165
    0.991752505 -0.251476109 1.45876408 0.165428102 0.282655358
    0.757893324 0.633482873 1.53135824 -0.108861804 0.730932415
    0.131032646 0.75457716 -0.0975129604 0.583337784 1.55061913
    1.07749474 1.45096922 0.473345518 0.205819726 1.59381914
    -0.694672406 0.619952023 0.456339061 1.36939144 0.286654055
    0.855641484 1.44536972 -0.745714843 1.80887926 0.172175586
    0.414002419 1.5127821 1.00882149 0.0108968616 -0.358715475
    -0.329001307 -0.62467742 0.93456763 0.900213122 1.27267408
    1.64207911 -0.0081152916 0.376008689 0.115086198 0.613564253
    0.988495231 -0.435225844 0.250760317 1.1188488 1.33260417 1.74725676
    0.37855649 1.27449012 1.82561934 -0.248689413 -0.40399757 1.38737369
    0.252536595 0.795545638 1.64539766 -0.227614045 -0.483373821
    0.956335485 -0.254038572 1.42252636 -0.0276876688 -0.390959233
    0.411396146 -0.212304235 -0.124783993 1.30966544 -0.494093895
    1.51592362 0.494860172 -0.681019306 0.953234792 1.64952445
    1.40262473 0.474566817 0.187861919 1.65988708 0.875546217
    -0.749231815 0.797112346 -0.401357591 0.194717646 -0.605329216
    1.06346917 -0.051869154 1.66679263 -0.511580884 0.875172853
    -0.00600284338 -0.118928313 1.28666747 -0.389569789 0.385397196
    0.863304377 0.0423241258 1.38691092 -0.697821558 1.52475619
    0.750546753 -0.632294118 0.596271992 0.769448936 -0.19010675
    0.672559381 1.01941252 0.0920439959 1.30347919 -0.438561469
    0.213322759 0.271519244 -0.024702847 2.04292321 1.98884332
    0.358116031 1.87300467 0.77771616 1.75895488 1.37479281 -0.381626457
    0.647261679 0.410106182 1.79037714 0.949847281 0.305018425
    1.36028409 -0.700983167 1.4020865 -0.803788543 0.11108917
    -0.515389919 0.36806792 -0.370467424 1.55710268 -0.242325485
    0.277520835 1.19350934 -0.0215303898 0.823084116 -0.589197874
    1.09651256 -0.40893814 1.4934082 -0.0328904986 1.05340624
    0.130529284 0.189368308 0.0067409277 1.30007875 0.547540665
    1.08189023 1.53453469 1.31216276 -0.306961477 0.783490062 1.46310019
    -0.362788439 1.66760612 0.532639742 0.365615427 -0.632740378
    0.445406377 0.631204367 0.258342862 1.30147827 0.0158002377
    -0.30371511 0.558764815 -0.165859103 0.36359036 -0.362325221
    -0.0442226529 -0.744513631 -0.657803178 1.49878168 0.841144204
    -0.0267782211 1.82557797 -0.252434194 -0.389844984 0.169848382
    -0.168022513 -0.0614359379 -0.145019412 0.317148447 1.48192489
    1.30578494 -0.380452991 1.23181891 0.793908596 -0.562119603
    0.297904193 0.927452981 1.00195861 -0.201942444 0.41883111
    0.691128135 0.863214672 -0.528540015 0.520045996 0.0307072401
    1.56914866 1.08797824 1.48227739 -0.76417762 0.39441824 0.130708694
    1.6139667 1.84722579 -0.208139598 0.451015234 1.85558283 1.00948477
    -0.649333239 0.707422972 -0.241007864 -0.652907372 1.76921463
    0.251000941 -0.101582825 -0.340363026 0.101746142 -0.368205607
    1.73462343 -0.543520451 -0.229020774 0.641126215 1.51732659
    -0.432759881 0.506479681 -0.517288744 -0.648731232 1.56254268
    -0.460098296 -0.571943998 0.960704803 1.18954766 1.6061089
    -0.00539255142 1.45702064 1.37187457 0.242030621 1.34306633
    1.01380134 0.341074228 0.199640155 0.716915369 -0.213434279
    -0.00753515959 0.805236459 -0.478345394 1.20194471 1.71587825
    1.30557394 0.927274227 0.160612762 1.74968195 1.22890031 0.37738204
    1.36093318 0.753398061 -0.517236114 -0.435075611 0.0967743993
    1.30870533 0.520370305 -0.644601285 1.00461316 0.379697144
    1.28986216 1.19463503 1.5768249 1.36989427 -0.152530134 -0.601354241
    0.561129212 1.55149162 0.535926282 0.596098006 0.363848865
    -0.309265733 1.56890333 -0.423464805 -0.160859227 1.69327784
    0.14304471 1.00747728 1.21384096 -0.66981107 0.291720212
    -0.638005197 -0.243620753 1.51464415 0.517235816 0.229784846
    1.2201817 -0.497084767 -0.230618775 0.622409105 0.819441497
    1.05889094 0.0156450272 -0.0559645891 -0.675045729 0.0667541623
    1.61653256 0.191860259 1.48099887 0.282468081 1.71142626 0.462314665
    0.488270938 -0.48762098 -0.75395751 1.73029554 1.60553408
    0.774358928 -0.232444763 1.83864737 0.667811692 -0.431397855
    1.40254784 -0.450025827 0.743365943 -0.177759945 -0.422744453
    0.364026189 1.38705003 0.069491148 -0.161003709 0.491615772
    -0.382682085 0.857592821 0.87561965 0.918644726 0.718560636
    0.959408224 1.06000721 -0.537710607 0.578689694 0.386627674
    -0.477367759 0.0908582211 -0.424353778 0.631785154 -0.559769273
    -0.465044498 -0.120248556 0.479944587 0.963328004 0.0117504597
    1.49326181 -0.469316781 0.444263458 0.672029376 1.8383584
    0.383443177 0.424795508 0.73346895 -0.565288305 1.00796926
    0.307249188 -0.360806912 1.52223873 1.13175952 0.700055122
    -0.24796927 0.113687098 1.39860713 0.740640998 -0.259907186
    1.92273235 0.485183179 1.68123233 -0.805843294 0.585264146
    0.962028623 0.898358285 0.190048456 1.67358661 0.299132705
    1.03070128 1.58188248 -0.300161481 -0.296242833 0.425645769
    1.77713931 1.09145641 1.49671483 -0.26418519 1.35283613 0.118957818
    0.74926877 0.883059502 0.913134873 -0.422258705 1.69102454
    -0.136991739 -0.0424572229 0.483290553 -0.114373803 -0.188650072
    1.11621845 1.08274066 1.8057555 0.12373966 -0.696918964 0.688230693
    1.1119386 -0.190734327 1.10636783 0.477595627 0.806359828
    0.358981609 -0.339401186 1.74820852 -0.41906774 -0.131925046
    0.547566593 0.0838290453 -0.75646019 1.7174325 -0.154021978
    1.3684994 1.7537291 0.245690942 -0.124031126 1.51856518 -0.189765215
    0.926974416 0.727517784 -0.75510174 -0.434132218 0.181135356
    1.50486529 -0.0424221754 -0.42396608 1.06740928 0.709548354
    -0.0637764335 1.49468255 0.270919025 0.789656937 1.56659925
    1.05218756 0.583192229 -0.250194311 1.72470093 0.349570811 1.5911938
    -0.420649916 0.612895429 0.449037611 -0.23276937 0.989973068
    -0.0966495872 -0.0932092667 -0.199775934 1.59774566 1.40877628
    0.390449345 -0.76409924 0.832610071 -0.0625926852 -0.576264977
    0.339582026 0.356811762 0.349496365 1.30415702 0.136901736
    0.0640656948 1.07124913 1.47955084 0.358425498 0.747959018
    -0.646213233 1.78361011 -0.529094815 1.3895576 1.18476868 1.09840751
    1.24466264 1.31544077 0.875789165 0.839010239 1.37508821 0.661793172
    -0.394335151 1.4128561 1.46070218 1.32355702 0.558162332 0.433837771
    0.0550345182 1.45052886 0.771654963 0.533631444 0.896182477
    0.244554698 -0.0247042179 0.161655784 -0.245446086 -0.544842005
    0.245786548 1.75230098 0.626363993 0.570009112 1.15567064
    -0.645260096 0.829956472 -0.644442439 -0.169384539 -0.165049314
    1.77949536 0.399012923 0.258014977 -0.743768454 1.83059216
    -0.211475194 -0.727449656 -0.60133636 -0.669723034 0.433097601
    1.24111438 1.77756834 -0.586063445 1.53662324 -0.113279104
    -0.00353378057 0.121037066 -0.261539996 1.03257489 0.889616966
    -0.0542587042 -0.364631295 0.2496773 -0.491996199 -0.508510709
    1.74169362 -0.785124838 1.33006299 1.31585097 -0.446641564
    1.32435107 -0.57469511 1.7732451 1.74193811 0.0237479806
    -0.104088008 -0.0688714981 0.573634028 -0.748086214 1.08560538
    1.59936512 0.821363866 0.910487831 -0.300166726 1.54182482
    -0.712660968 -0.816579223 -0.461560905 1.19696212 -0.746624291
    0.374631286 0.64223361 1.54317021 -0.446677238 0.29316169 1.19585526
    1.18966162 1.54293799 -0.540143609 1.04046845 1.35532761 0.477488995
    0.832713068 -0.721345425 0.522758126 1.16783595 1.66428638
    -0.340955734 0.607967913 -0.0471837521 0.513061166 0.129040778
    -0.11937505 -0.106294811 0.368008316 1.13694215 -0.739773035
    0.437643886 1.46994162 1.64234734 -0.592035592 -0.0706756711
    0.220220625 0.481776536 1.67333841 1.12845707 0.883419812
    -0.0363326669 1.80999804 0.613036633 0.415792465 1.05121958
    1.32101536 -0.0270475149 1.205374 0.89736402 0.52326262 0.654724419
    1.52709746 -0.757670164 0.467606902 0.177025974 0.629704356
    -0.224469841 0.558000565 0.983345509 1.0829246 -0.666056514
    1.2878021 0.694177628 0.748456597 0.947202325 -0.397342086
    0.900820434 0.0786961913 1.4623878 -0.117006421 -0.608798265
    0.193046212 0.769643009 1.07468951 -0.340879798 0.523376107
    1.29204726 1.19692636 -0.813788652 0.00382876396 -0.797086596
    -0.157648087 -0.290654361 1.17247105 -0.333552241 -0.406403571
    1.01189148 -0.473308444 1.79793072 0.217009246 0.769161403
    0.830812752 -0.579938054 0.513917446 1.44134116 1.84591258
    -0.666496634 0.692448676 1.57204771 0.809009433 -0.411824256
    1.12969184 0.447130203 0.978885531 1.06912351 0.483700097 1.31323695
    0.4443084 1.15605283 1.23655856 0.645603597 -0.560706913 1.31493306
    1.68304539 -0.307423174 1.66450989 -0.640313983 -0.151869774
    0.132688403 1.07649279 0.822509825 0.449096441 0.729663253
    -0.522886872 -0.664524674 1.44661093 -0.120212376 -0.719748318
    1.65961087 0.308451355 1.1969471 0.309328318 -0.174707115
    0.973635316 0.363701403 -0.192743242 1.72592103 1.69730055
    0.996779382 -0.873504162 1.77209103 0.903710902 -0.222809434
    0.994726479 -0.078820467 -0.424248844 -0.740968525 0.070669353
    0.819884181 0.965458512 -0.612401485 1.13893962 1.19931769
    0.518620789 0.5414958 0.732014894 0.860817015 -0.274127901
    0.467144132 1.25363803 0.437485754 0.34352845 -0.555271626
    0.46748662 1.27732337 0.385326743 1.10791588 0.38948822 -0.266941607
    -0.727510393 1.70370531 -0.62766552 0.7639485 1.83140922 0.512830377
    -0.38615793 -0.569904447 1.01328921 0.644418955 0.668906391
    -0.349301577 0.356017113 -0.544161916 0.916914105 1.10438943
    0.315198541 1.32314229 1.0472765 -0.563328862 -0.846468449
    1.74372482 0.309814215 0.302234054 -0.726319909 -0.517732024
    1.85414886 1.0770216 0.358765066 0.115057111 1.28017974 0.354439259
    1.76716352 0.417229533 1.09680605 -0.0808897018 0.939536631
    1.21149802 -0.160148025 1.79867053 0.65130955 0.563400805
    0.886596203 -0.245617211 -0.087033689 1.44470358 0.728576839
    -0.627151787 1.32192445 -0.717828035 0.427323043 1.76008248
    0.612144947 0.0587925911 -0.713935375 -0.697708845 0.477709889
    1.74990022 0.390091419 0.831475019 0.818449914 1.27612782 1.41902268
    0.854529619 0.997642517 -0.695436239 -0.429190964 1.40369606
    -0.263389647 0.899528384 1.13881278 0.330033422 1.73087204
    1.24927986 -0.390471816 0.559766829 0.143204451 -0.563940048
    0.46117276 1.16488504 0.853677809 -0.227754056 -0.159773886
    -0.416538447 0.801392853 1.22708988 -0.584092855 -0.113121748
    0.969067633 0.297387004 0.264171958 1.35326719 1.20272779
    0.146037638 -0.550596952 0.0772672892 1.32969058 -0.0540691018
    0.277863979 0.348112524 0.0473098159 -0.709323406 1.3672595
    0.511929691 -0.0988177657 -0.5791049 -0.131109655 0.61637336
    0.806561828 -0.207224011 -0.0415498614 0.581619799 0.560056388
    -0.570580661 0.0507254601 1.6240499 1.54054177 1.44263411 1.00815797
    1.28606081 1.67502189 1.52466166 1.13279271 -0.525652349 1.5012387
    1.73455322 1.61327052 -0.405006319 -0.290481895 -0.734460831
    -0.0885258317 -0.553083777 -0.21598047 -0.609849453 -0.435526192
    1.59769833 0.451645136 0.223404109 -0.326018572 -0.279963255
    1.75915956 1.70558381 -0.261830449 1.85863936 0.00114440918
    0.660738587 -0.565759778 -0.6707865 0.884461045 1.03692865
    0.473518193 0.129410207 0.173646837 1.29216802 1.48588705
    -0.241527021 -0.308862358 0.949895263 -0.226256728 1.39273024
    1.22726893 1.33359408 -0.703069329 0.463724792 1.48627043
    -0.336906612 0.612562835 1.01804829 0.30834049 1.16007257 1.51297152
    0.400812626 1.41186619 -0.312525094 0.793404281 1.57687342
    0.557939053 -0.698985934 0.690940857 0.23679775 -0.776752234
    0.165566325 0.586580157 -0.437261552 0.0950683355 0.934511304
    1.24051082 1.43000174 0.486484408 0.278234303 1.02667749
    -0.500415921 1.31202173 1.49926853 -0.664609432 0.885254264
    1.60644531 0.46710825 1.69358301 -0.0242940784 -0.456404358
    1.10305619 -0.00350993872 0.335336328 -0.327120721 0.27157557
    0.151557982 1.47807741 1.66853952 1.25744438 0.39279294
    -0.0786064863 -0.277311146 0.871190012 0.516658902 0.48844254
    0.666870177 -0.215249002 0.620615542 -0.270201921 1.15770197
    1.78863287 0.0587604046 0.601599514 0.60214752 -0.71401751
    1.23531556 1.63847351 1.52349043 -0.283541679 1.37644863 1.55611026
    -0.107314229 -0.123049498 0.813188553 0.331752837 1.47574019
    0.618040442 1.38953757 -0.075009048 1.75626326 -0.66560477
    -0.554341912 0.13375783 1.0925293 -0.745281875 1.5880568 1.04759049
    0.85328567 -0.238916934 -0.649698913 0.566996098 -0.437012255
    1.78198624 1.1937592 -0.774830341 0.493406057 0.516656578
    0.316564798 0.472453237 -0.462257236 1.06094003 0.775251448
    0.185266078 1.36928654 1.06857491 0.617598236 1.55776381 0.674093962
    0.0250586271 -0.727485538 0.47403127 1.60232556 1.59244061
    1.72540975 -0.486614674 1.39283538 0.518459737 -0.496649295
    0.774269164 0.0424627662 1.13405931 -0.412296146 -0.215153039
    -0.270928741 0.163720727 -0.440730572 0.402279913 -0.424320966
    -0.392760068 0.815347373 -0.22852236 1.50154781 -0.818173945
    0.562322676 1.22247338 0.846993685 1.78502321 -0.137041926
    0.738421679 -0.28944838 0.918114364 -0.638155639 -0.403708041
    1.89166713 0.673541665 1.53714859 0.495494843 1.49424505 1.53622222
    -0.656562507 1.81353152 0.605592906 0.42057234 1.18715715
    -0.184083879 0.0693400502 -0.247250974 -0.625758469 0.239409864
    1.88282204 1.69287181 -0.322052002 -0.273886383 1.69371724
    -0.660707712 -0.380418926 0.596943796 -0.431954563 0.383814096
    0.344957471 0.788160145 1.05438566 0.677928627 0.894792914
    1.76504123 -0.549070597 0.591939569 1.43573403 1.40978217 1.56582642
    1.06844866 1.51205254 0.733955145 1.58073139 -0.73068738
    -0.131771564 1.47382176 1.59985566 1.67908216 0.759226024 1.10561967
    1.32677913 0.500809133 -0.423940718 -0.78212589 0.525054336
    1.25165975 1.15037751 -0.566743135 1.1498425 0.300488293
    -0.750674605 1.39251661 -0.178964198 -0.735304236 1.70126009
    1.30106211 0.62502265 0.800276458 1.00882649 1.6450609 1.34389257
    0.643857658 1.43177783 1.02686214 1.59491897 0.395006001 1.61815047
    -0.692156017 1.60381556 1.66382074 1.26491618 1.26700282 0.358929992
    0.506808341 0.608517051 0.301745892 -0.665866435 1.76640201
    1.07373881 0.219567299 0.228978753 0.264417291 -0.0296502113
    0.323528469 1.65735686 -0.823911309 1.84389246 -0.550143659
    0.171375632 0.429109216 1.73110843 1.50943971 0.968924105
    -0.387034178 0.173255265 0.266531944 0.0123886764 0.588071644
    -0.592731893 -0.00917172432 0.811983883 0.370375812 -0.71822536
    0.392872095 0.0578724146 1.21298087 0.464115322 0.870546937
    0.115321159 1.37821174 0.372739613 1.41109109 -0.232256889
    1.45459223 0.000709116459 0.57979095 1.61091685 1.23568273 1.5330838
    1.30455351 0.951944649 1.31435049 -0.049487412 1.66363811 1.3346386
    -0.700390756 1.7040503 -0.493226856 -0.0854154825 0.749806345
    1.28673637 1.57795596 0.32413137 0.393059015 -0.281392515
    -0.301372111 0.74288559 0.0351750851 -0.731769204 1.64647937
    1.20592284 0.898457885 0.849848151 1.36218286 -0.687642694
    0.676177144 1.14561391 0.933470011 1.38485265 -0.111728132
    0.163297653 -0.356288642 -0.168790877 1.74450827 1.33267045
    -0.0639389157 1.60406518 -0.812964141 -0.36217314 1.34095073
    -0.77048254 -0.64947027 0.740795493 1.34940016 0.207509041
    0.615953803 -0.10184288 0.373740494 1.27623093 0.484685063
    0.709576726 0.235647798 0.259092629 -0.251410127 -0.199234486
    0.165067792 1.03041911 1.28740144 -0.517469525 1.65883422 0.22678268
    1.44263411 0.0963999629 1.69327819 1.56802249 1.27187955 1.80517387
    -0.197220027 1.02110624 0.949134827 0.891364813 -0.245512307
    -0.530481935 1.03894174 -0.201227844 -0.470882148 1.2051487
    1.4322331 1.21419179 0.0528667569 0.529255748 1.12405419
    -0.431479007 -0.529920995 0.850204945 0.105167627 0.367708147
    0.180184662 0.846339107 -0.813625097 1.16550183 0.0290154815
    0.479880154 -0.692181051 0.54125154 -0.884948373 0.905058265
    0.980440021 -0.878252387 -0.00325232744 -0.270491362 1.6418891
    -0.0192281008 -0.109112918 1.0590384 1.15661228 -0.198927402
    -0.191870093 1.65080929 -0.779734015 0.532176852 0.777305901
    -0.679177701 -0.201875746 -0.0326336622 1.12596536 0.255451381
    0.926835597 1.49788046 -0.295744598 -0.482843369 -0.543738067
    -0.0465113521 0.294781268 1.78573728 0.52787441 -0.598825634
    1.14772034 -0.481940478 -0.740640759 -0.480706424 0.978986084
    0.0596516728 0.819893599 0.295469463 0.405031681 1.26844215
    0.550676644 1.21739912 -0.769138396 0.662456691 -0.0102860928
    0.371518254 0.328306735 -0.0651057363 0.527816296 0.252572775
    0.338285863 0.702183187 1.53069711 0.607399821 -0.779561818
    1.12069035 0.76827091 1.00351882 -0.508773088 1.10371351 -0.80743891
    0.107988834 -0.622459173 -0.439279884 0.473422706 0.83877176
    1.23934913 1.21098638 0.44651854 -0.25421083 -0.398829371
    0.0763282776 -0.511162221 -0.0801535845 -0.712624729 0.0835472345
    -0.220888376 -0.225605547 0.250355244 -0.75321722 -0.210573673
    0.813992679 0.30655551 1.48292494 1.33237171 0.310876429
    -0.460576475 -0.181854606 0.895081162 0.333572567 0.0621523857
    1.76202762 1.78152013 0.650886774 0.8691926 0.446221709 -0.401729465
    -0.00832176208 1.31058514 -0.668277383 0.152496099 -0.525603294
    1.51315784 0.199691117 0.805688679 0.217466474 -0.275277734
    1.25178492 1.23877299 0.371852815 0.843118548 -0.728521049
    -0.187835574 -0.599203348 1.46683955 1.30024838 0.626861036
    1.25595403 -0.328041613 0.0126333237 1.1180104 -0.408866942
    1.22014284 0.502161622 0.970733523 1.83140874 -0.637659848
    0.112380207 1.8561554 1.88734043 0.0880197287 1.23240805 1.49269485
    1.45984745 -0.319163799 0.0475148261 1.04333663 0.384506166
    -0.462749183 0.792365789 1.61699629 1.18222034 0.97249192 1.72602892
    -0.821819007 1.65597785 0.98390007 0.873589754 0.006986022
    1.28813553 1.47021437 0.324553728 0.110415816 -0.470414191
    0.911659181 1.52891517 1.64817023 0.303883374 0.203139663
    -0.866571248 0.338507891 0.029967308 1.50294852 1.6398387
    -0.0867716074 -0.39307186 0.476041377 1.33530331 -0.13278234
    -0.303917229 1.50745344 -0.0396665931 0.760042429 1.12541223
    -0.698293984 -0.802683949 -0.816499591 0.9780159 1.70270109
    -0.241738498 1.06374478 1.41718745 -0.458330482 -0.236022294
    1.67032957 -0.744105458 1.06959689 0.492623806 1.3988235 0.298280716
    1.72927213 0.951135516 0.352789938 0.0801903605 -0.0212923288
    0.0788576603 0.60262543 1.5903002 0.316799641 1.42035723 1.13406706
    -0.0643287301 -0.671520948 0.61128366 0.312747657 -0.350895166
    1.51501131 -0.614585698 0.723745346 1.6090591 0.0987852216
    1.60363841 -0.0707753897 -0.395448685 1.36472368 -0.439223677
    -0.34570837 1.80122089 0.176644802 1.632056 0.248132765 -0.669154167
    0.966874599 0.516387701 -0.281351566 1.64239287 1.12271833
    1.66378379 -0.724082589 1.04277253 0.810448349 1.43761182 1.56585634
    0.57454592 0.359494865 -0.514143348 1.19333172 1.03846741
    -0.406896085 1.34559774 0.6249035 0.875621319 -0.227212667
    0.726930678 -0.494936466 1.25069344 0.282772899 -0.61962533
    0.167869627 0.732985973 -0.165925086 -0.091371417 1.7202971
    0.453753352 1.52965832 1.29318631 -0.491675228 0.854968488
    -0.191617072 0.196415722 0.559234679 0.132691145 1.6132046
    0.0640297532 -0.272538483 0.908906877 1.09162521 1.01380444
    -0.568333387 1.64852834 1.41489136 -0.287514091 0.408415854 0.322788
    -0.36059624 1.16467524 1.3295505 1.34879017 1.70106363 0.41315949
    1.07794523 1.02122319 -0.269159257 1.39617753 0.217015445
    0.105744898 0.629833519 0.319975436 -0.595093369 -0.57035023
    1.76181746 0.619538128 -0.270530879 0.950956285 1.45569277
    -0.446568847 -0.282230735 1.70278406 0.695635378 1.17304111
    0.714147508 0.372932732 1.76634192 0.690491259 -0.731966257
    -0.308262676 0.821682274 1.71686542 0.066803515 0.317113459
    1.84127438 -0.255233049 -0.804984927 0.526731551 1.30944824
    0.610065997 -0.81204015 0.155762315 0.871775448 0.21585685
    0.464666128 0.286181867 1.75124717 1.46357203 0.515911222
    0.277436078 0.134614646 0.5657987 0.62841332 -0.151052833
    0.868970811 1.39788103 1.54016352 0.309400082 1.45332098 1.34250045
    1.34519434 1.70791292 0.629740953 -0.616962254 1.07212615
    0.174196839 1.57704735 -0.365356982 -0.0865985751 0.969054282
    0.368243277 0.247255147 1.63584733 0.61161381 0.316686809 1.02276039
    1.4007175 0.633515418 -0.873440862 -0.22426194 -0.350709856
    1.11934483 -0.197719216 -0.51801753 -0.767474413 -0.425492644
    1.17930591 0.321783721 1.74847198 -0.0631459355 0.0245311856
    0.874302804 -0.166965127 1.12984872 0.43518132 0.817242622
    0.690244913 1.80901051 0.44677788 1.52862334 0.55405134 1.19535851
    -0.152976274 0.300385237 0.689354897 1.08611572 0.647350669
    -0.556026399 1.57315493 -0.403436095 1.1354301 -0.0664616227
    0.165762961 -0.210156471 -0.286212981 2.17120957 0.883972585
    0.702261567 0.122323215 1.41624808 -0.653570831 -0.321788102
    0.922316194 0.153028786 -0.525991559 -0.078037262 0.139298022
    0.51014322 1.26947439 -0.210320294 1.24116206 1.62919736 1.06257057
    0.188092709 0.631070435 1.7385571 0.444326341 -0.629926145
    0.532647371 -0.324302018 0.649593711 1.12902737 1.14596987
    1.59512353 1.64013553 -0.406018615 -0.0507297516 0.268444777
    -0.69633466 0.0185843706 -0.158219039 1.42981195 -0.789152801
    1.04308999 -0.525834501 0.856200635 0.969530463 1.36350143
    -0.617149711 -0.916421115 1.62719464 0.50435549 1.51309252
    1.66762924 1.66779435 1.47940612 0.861804068 1.75424314 0.308736384
    1.16648293 -0.134011388 0.0410573483 0.644003391 -0.0608249903
    0.29458791 -0.608749688 1.52986431 0.278522313 -0.202452779
    0.921242833 -0.543754697 1.067451 1.0786221 1.69770479 0.752705216
    1.31802487 -0.156731546 1.59558702 0.248587787 -0.285032094
    -0.195608854 0.995278716 1.10647655 1.03711247 -0.825020015
    0.266273916 -0.522459388 0.898288906 1.68224239 0.513374209
    1.30123639 0.221530318 -0.634412408 -0.377906382 -0.419557452
    0.281590581 0.477270961 0.898900867 0.0835558772 -0.82011956
    1.22103739 0.619737089 1.50894487 0.934589863 0.874192297 -0.5348683
    -0.274202347 0.630142689 1.12610519 -0.381260961 0.516076922
    -0.753314435 1.74021482 1.48797858 1.07441449 0.221007228
    -0.48781395 -0.767698765 0.477382958 0.820791483 -0.15832907
    1.75113142 -0.0354920626 1.10961056 -0.0314869881 1.55352116
    1.62303603 0.633870065 1.2333523 1.45084298 0.592854857 1.09228694
    0.740133166 0.336489081 -0.556942105 1.26680231 0.617513001
    1.01354957 0.967535377 0.665119767 0.949812353 0.227982759 1.7127738
    -0.58337605 -0.41061765 -0.417366058 0.38990742 -0.119792759
    0.288858294 0.445867777 1.08260763 0.242048502 -0.447365165
    1.70601833 1.70305538 1.53849268 -0.0314336419 -0.782826185
    1.13889003 0.242654741 -0.640899301 -0.532072484 0.744244158
    1.16454625 1.13992906 1.77649117 -0.672608554 0.0171250701
    0.893109798 1.10357547 0.748961627 1.26299274 -0.630131721
    -0.362092227 1.88207436 0.144993246 1.16304779 0.250437796
    -0.491545469 1.69140291 -0.419398397 1.36295104 0.92565459
    -0.0340910554 -0.598425269 1.08413136 -0.0110008121 0.497240603
    1.55389702 -0.66451925 0.322949409 1.58977294 0.597750008
    -0.431799203 -0.0412980914 0.415202379 1.62155056 -0.17718339
    1.18061733 -0.233190119 -0.703986883 -0.495820135 -0.192567766
    1.13311124 1.49022448 -0.580546141 -0.733565688 -0.148733795
    1.41638279 1.74875486 1.12853909 0.883570313 0.851759851 1.19400048
    0.342773497 0.249221325 -0.722494543 -0.798123598 0.231332898
    -0.627561152 0.234040618 1.15701556 1.45068681 1.67284572 1.76490402
    1.63775897 -0.820583284 0.871387661 1.50462604 0.594783545
    -0.654073417 1.41286206 -0.784982562 0.65998584 1.27103519
    -0.10356003 1.18430591 0.891521811 0.554396331 0.287108004
    -0.541708112 -0.645882547 -0.347099304 1.25191665 0.910165012
    1.16228938 0.747747958 1.37967265 0.266899586 0.858072162 1.4657613
    -0.0608377457 -0.158972085 -0.742393196 -0.589833677 -0.517840743
    -0.692520678 1.5390209 -0.36957401 -0.223238021 1.5926373 1.28769517
    0.665787876 0.811690509 0.0323836803 1.30624926 0.10262084
    1.06313825 -0.564591825 -0.133515716 -0.345955282 -0.145251989
    0.975896239 -0.604452968 0.536963165 0.113932371 -0.122377813
    0.105342805 0.470470786 -0.135895133 0.701048076 -0.417338461
    1.10861039 0.3796615 -0.426763952 -0.826473713 1.35965323
    0.018489778 1.07192469 -0.815288067 1.7800281 -0.598605931
    -0.51869458 1.59763861 1.67640948 -0.0455703139 0.0899996161
    1.71095324 0.642582357 -0.102100551 -0.0460588336 1.03605628
    -0.63751477 1.42169881 1.20729125 1.70254731 -0.340405107
    -0.721355677 0.40122211 0.973969877 -0.797218859 1.44118106
    0.504824281 0.988663971 -0.640179336 -0.134106755 1.24816477
    -0.176156163 1.2853018 1.47076654 1.03897357 1.65601218 0.118027806
    0.462413847 -0.607425272 1.48262894 -0.185921371 1.50859451
    1.37676728 -0.708378017 1.47026086 1.46899724 0.973916411
    0.993114233 1.1324234 1.64918458 -0.106413364 0.7575683 0.79732734
    1.32375383 0.867579401 1.10133696 0.618605077 0.264580667
    0.733944178 1.35298085 -0.105905592 0.352156043 0.496144414
    1.15323067 -0.577263832 0.113310575 0.0655757189 0.579559326
    -0.185459495 1.41973352 -0.290719688 0.631424069 1.57570624
    0.123708248 1.71616018 1.51697934 -0.614053965 0.54991895 1.53330529
    1.42413998 0.000189065933 0.340988994 1.22274637 0.123579204
    1.36204326 0.313116729 0.58968848 1.32278824 -0.546985507
    0.0192925334 -0.718930602 1.56038857 1.37744343 0.251769125
    1.5761838 1.49565685 0.292686701 0.191666007 1.37463665 1.14906693
    1.1176722 -0.232287645 -0.124691367 1.05902123 -0.476988226
    -0.68068552 0.42403245 1.14948797 1.40612197 0.342441618 0.434829533
    0.123031855 0.0847554803 1.1362536 0.462501466 1.23495603 1.26344085
    0.185928583 0.620721698 -0.175537527 1.62037802 0.302684605
    1.62303698 -0.733532608 0.101988077 1.82282591 -0.560912728
    1.58856487 -0.151603818 1.35664606 -0.385976523 1.23476219
    1.73479819 -0.620115578 -0.0294405222 0.792991042 1.78669429
    -0.516322732 -0.285922229 0.492298722 -0.731660366 0.885394454
    -0.647710443 0.0303323269 1.16473651 0.0114536285 -0.13435322
    0.662873209 0.33967036 0.535196185 -0.747702122 1.03429079
    0.609398544 1.79729724 1.34873378 0.195652485 0.519774795 1.64887774
    0.288239121 0.373900831 -0.518570781 0.497383833 -0.501934111
    1.38322484 1.01016974 -0.496375978 1.60643363 0.53425312 0.97806263
    0.394135296 1.14091134 0.355170369 0.807697058 1.38036203
    0.656275213 0.379161596 1.325701 -0.623617828 -0.478378832
    -0.294887364 -0.711629629 0.465067506 1.33055902 0.718595088
    1.71787632 1.73596847 -0.506945133 0.57592082 0.613238394
    0.602731466 0.0949072838 0.864439905 1.55499828 1.61054945
    0.703651071 0.651916683 -0.507369816 1.74197602 0.567982912
    0.142041683 -0.687083364 1.29005289 0.635959685 0.1525684
    0.751161218 0.188094139 -0.496493459 0.649212003 -0.338110834
    -0.353933662 -0.41593802 1.37595463 -0.493352473 -0.25179702
    0.922180951 0.471100509 -0.670522332 -0.584227681 1.81142974
    1.42929673 1.8439889 1.50027752 -0.327378035 -0.30630362 0.657737911
    0.626842141 1.12901211 -0.25695008 0.785012364 1.25752926 1.44281256
    0.390306115 0.0608740449 1.64059615 0.277291954 -0.284901142
    -0.586603224 1.27306437 1.41039538 -0.597342849 1.72708917
    -0.526741624 0.430028915 1.60575008 1.72199368 -0.059394002
    0.881349325 0.665198863 0.426669538 0.944549918 1.43739223
    -0.192218065 1.50286913 0.969758928 -0.434749544 0.298951983
    1.24892986 1.38175106 -0.0712271333 1.75140691 -0.112587273
    0.178397775 1.79996693 0.857025743 -0.471912116 -0.592359662
    -0.0845879316 1.63314021 -0.487560183 0.083624661 1.07401311
    -0.0987409353 1.57513928 1.21858263 -0.588047624 0.125083148
    0.852299333 0.975715756 1.44522536 0.578036785 0.926665783
    -0.831602514 1.51124668 -0.243072033 -0.715901136 -0.0863385797
    -0.420584112 0.816613197 0.64948231 -0.392703503 0.753361523
    1.00984931 0.899677038 1.74713671 -0.36812377 0.33299154 0.335432172
    1.35004544 0.961609066 0.476628959 -0.11364311 1.63710022
    -0.47137931 1.061203 1.27807975 -0.744261861 1.57987642 -0.175961077
    -0.242381692 1.54471183 -0.747089148 0.932697117 0.819506347
    -0.649872005 -0.19996047 0.0430551171 -0.392623037 1.26024175
    1.03839076 -0.212118745 -0.755025566 1.76427341 0.123168588
    0.277591705 -0.487151563 1.17620325 0.93346101 1.58883309 0.19052577
    0.416429222 0.141809464 1.14186001 0.901215792 1.51270521
    0.633078933 -0.255862236 0.777416527 0.918981373 0.97429204
    0.581713557 0.305285633 0.734799325 -0.693173647 0.0850386024
    1.31630433 0.0274112821 1.10835874 0.310302258 1.00230145 1.0257113
    1.0793128 -0.309625447 -0.0339456201 -0.0716115832 0.379084468
    1.18354475 -0.233540475 -0.646551311 1.20761395 -0.698665679
    1.4765687 1.55454719 -0.0547190905 -0.0428676605 0.229692876
    -0.575048804 -0.0682854056 0.700808465 1.42087686 1.56478071
    0.273358166 1.57134724 0.757653296 -0.541651607 0.547120214
    0.444612503 0.788492322 -0.877480805 1.71999657 1.6310246 1.04873109
    0.637981832 0.206309736 1.20513487 -0.679951549 0.488821864
    0.722182214 0.394149542 -0.54874754 -0.191931009 1.25960469
    -0.130244315 0.0132095814 1.27038252 0.370705545 0.153957248
    -0.646744013 -0.575739801 0.0965117812 0.831696332 0.516970158
    -0.421545237 1.38645124 1.11540079 1.26841474 1.6186161 1.26255918
    1.3850224 -0.191446126 1.53667212 -0.22351259 1.47985768
    -0.555516958 1.02595019 0.611911178 0.782127678 1.03696787
    -0.104147196 1.39466906 -0.694480658 0.953259528 1.59751451
    -0.459335595 0.462023497 -0.664162159 1.09578419 1.49918747
    1.22714067 -0.000504016876 0.377106309 1.3173821 -0.491182834
    0.607890129 1.31539297 -0.167761028 -0.743118644 -0.620683074
    1.79845905 1.67424941 0.819048464 0.644970477 1.2704494 0.356933773
    0.85020715 0.923329949 0.566693902 0.118811131 0.783913732
    -0.55583173 -0.850767732 0.629787505 -0.345879138 0.973996937
    0.84421742 -0.395692289 0.793017089 0.314176559 0.983559728
    1.31566358 1.57324922 -0.571607471 -0.733838797 0.728980124
    0.157187343 -0.720001996 -0.505972147 1.40088606 0.993576109
    0.838740766 -0.478199452 1.57030725 0.567434967 -0.305888772
    0.803787708 0.454201519 0.279169977 -0.560757875 -0.306270123
    -0.51722014 1.06052625 1.23840821 0.955923319 -0.146443069
    1.57464623 1.60782027 0.124005079 0.227326602 1.22803831 1.88066137
    2.03727245 -0.59570682 0.395996511 0.566664815 0.15683198
    0.351257503 1.56227922 1.55788803 0.142444074 -0.699368477
    1.59821057 -0.46243462 0.306455076 0.839090466 1.26132846 1.32510638
    0.130054355 0.806367338 1.30399776 -0.263469934 0.0359478593
    0.932602465 -0.877877474 0.097859025 0.119074523 1.71935868
    0.447573543 1.19415426 0.0484542847 -0.111549556 -0.231008112
    0.438843787 -0.297260761 -0.32438159 1.67249727 -0.690894127
    1.34156728 1.2969619 0.675749779 1.6075083 0.335734367 -0.485432148
    -0.275127351 1.5723722 0.309150398 -0.411922872 1.61331511
    0.193969011 0.690235138 0.13608259 1.53002369 0.460560262 0.45822835
    0.532853723 0.50611347 -0.645528495 -0.815309167 -0.759841323
    -0.662935495 1.54564166 -0.338723779 1.09626365 1.29069257
    -0.260582626 0.871721625 0.708501518 0.550703585 -0.117237806
    0.826721549 -0.420900583 0.180957973 -0.155859768 1.43444729
    1.06053507 1.33776844 0.968548596 0.596978784 1.39069629 1.0645541
    1.22230124 1.40027618 0.444236517 -0.35954991 1.7740041 0.892895997
    1.821069 0.20214808 1.83153999 1.4145118 0.212165236 -0.348790467
    0.605578899 0.508720338 -0.543837607 1.59084487 0.869166791
    -0.12486887 -0.232843578 0.671411991 1.03989553 1.75912738
    -0.804150105 0.272900045 0.238839328 0.379917741 0.0328181982
    -0.743346035 0.636381805 0.012927115 0.540853739 -0.213066876
    0.556292951 1.58322811 1.04561472 0.459299326 0.327669621
    0.797438383 1.31155705 -0.0431960225 -0.549807072 -0.0168761015
    1.63056886 1.60845089 -0.451515019 -0.324757934 1.08806324
    1.28951895 0.921611786 1.55307913 1.14807725 0.824946046 0.527800977
    1.1149838 1.36491752 -0.335695505 -0.282269299 0.0168988109
    1.46212816 1.49605954 -0.452560782 0.469839275 1.40546048 1.56974161
    -0.0139225125 -0.831982613 0.642043769 -0.606624186 1.4362483
    -0.0862484574 -0.0723140836 1.46207058 0.43969965 1.19967508
    -0.57357049 1.57429004 0.212304831 0.246892095 1.28875494
    0.739558637 -0.661075115 1.35607302 -0.654964387 -0.438630193
    0.0754220486 0.172874808 -0.0390111804 0.348430276 0.210697472
    0.969475389 0.0919693112 0.143980265 -0.602657735 0.173380613
    -0.171835184 -0.096934557 1.00524473 -0.785526693 0.744865656
    0.881906748 0.469142675 1.44763732 1.62006414 0.350720763
    0.904147565 0.947931409 1.70515752 0.874407649 1.75531542
    -0.383211315 1.16605639 1.43741941 0.989257514 0.677609265
    -0.332535267 1.60280585 0.477854013 1.79748011 1.0006237 0.155687213
    -0.365040004 0.210526764 0.868838549 1.81186056 0.0689327717
    0.0423595309 0.0946196914 0.634770513 0.948106766 0.971509874
    0.162639737 -0.511702895 -0.357604593 -0.0791621804 0.592839539
    0.426531911 1.03135967 0.323026776 0.262844443 0.191689909
    1.40099096 0.159505308 0.235988319 0.590536594 1.20952225
    -0.778027236 -0.226946414 -0.535181284 -0.506579161 0.567946851
    -0.316533148 0.454557478 1.30340242 -0.0886859894 0.454899848
    0.697706282 -0.171016395 -0.0106195211 1.80805945 -0.570459664
    0.67916733 1.17933941 1.13535774 -0.683588505 1.42520607 0.472409129
    -0.152611017 -0.460029125 1.8766433 -0.065973103 0.91164732
    -0.375579178 0.420501649 2.09544945 -0.276693285 -0.375971287
    -0.255696505 0.747548759 -0.263765901 0.348881245 0.0590757132
    -0.373100042 -0.125425577 0.307152271 0.628965735 1.65712309
    -0.702752531 0.885343969 -0.422884256 1.72027683 0.907385051
    -0.746747315 0.449194968 1.33947849 -0.385771006 -0.630123019
    0.952989161 1.27412641 0.356041968 1.56951213 0.480650842
    -0.333953857 1.36022484 -0.766051948 0.875646591 1.61886966
    0.71652627 0.818674505 1.28833449 -0.0619370341 0.828788221
    -0.0712350011 1.82905865 1.05049479 -0.708269358 1.79252744
    0.864076972 0.317815959 1.69264197 1.15301943 -0.735225677
    0.939018488 -0.00949907303 0.0741084218 -0.420381516 1.2217629
    0.575614274 0.50254029 1.27106118 1.81237102 0.0232794285
    0.183735847 0.355223358 1.60291696 -0.341632664 1.65956569
    0.167813778 1.34967399 1.45210457 0.807759881 0.248435795 1.68072534
    1.42677462 -0.450560838 -0.454988003 1.01745033 -0.0831944942
    0.398174107 0.797479033 1.65480781 -0.70822233 -0.270416319
    0.0462033153 0.338300169 0.15713948 0.596161604 1.68844581
    1.65833259 -0.624971628 -0.710254848 0.382052064 0.800071001
    1.52391171 1.12092102 -0.735634267 -0.408195168 0.890715599
    -0.0894137025 0.943849444 -0.350329101 1.61711168 0.409694493
    0.173706949 0.349313974 -0.805281997 1.29793191 1.74750245
    1.51654696 0.583688736 1.51142955 0.0613073707 0.504320085
    -0.713853121 0.429024458 1.39693689 1.73022294 1.60969639
    0.694475889 -0.374745935 -0.399220645 1.55465269 1.55052626
    -0.39462477 0.918205321 -0.663202941 1.02688313 -0.584013045
    -0.0350263715 -0.832536936 1.47997642 0.121522725 0.166258216
    1.30009973 0.848064601 1.3629427 1.52035999 -0.145966232 -0.48651579
    1.65088439 1.74581122 0.0761771202 1.01605046 1.55279446 0.332114935
    0.951857448 0.386679292 1.09275985 1.73790407 1.21766555
    -0.0617777705 -0.30988133 1.53195834 1.12384725 0.774244249
    -0.866232991 0.563067079 -0.414006829 0.955501199 1.7161932
    0.190257013 0.525945842 -0.791100621 0.456727684 -0.544413447
    1.16387129 0.130285978 0.429055393 -0.220567405 0.136857688
    0.843618095 -0.683018386 1.1449213 1.47120214 0.385866582 1.0223701
    0.59710288 1.74774718 -0.597503185 -0.59283787 0.888116658
    -0.285904527 0.321639538 1.27556694 0.0435686707 -0.165896237
    1.78838861 0.955691278 0.0543295741 0.509513497 0.673800766
    0.52518028 0.253488302 1.49634767 0.523442745 1.03362346 -0.41879797
    0.515213847 0.789127111 0.81629324 0.40816474 0.545270443
    -0.0609126687 1.07105327 -0.744851768 1.2493099 -0.196718335
    -0.685517251 -0.256864429 0.332373321 0.323588133 -0.273590624
    0.042673409 -0.0606579781 -0.140271127 -0.307927608 1.21036124
    -0.0828471184 -0.790975213 1.64155483 -0.248942733 1.08296752
    0.313820541 -0.277434409 -0.362060905 0.194570005 -0.78422153
    1.11478209 1.44223619 -0.414739966 1.48537028 -0.470152527 1.6561569
    0.54196161 -0.17232883 0.387667239 0.426860869 -0.375503242
    0.29556042 0.972050011 1.51517224 0.0982941985 1.899652
    -0.0886771083 0.00284743309 0.12732476 -0.536099076 -0.480270535
    1.55990517 0.396758139 0.23970288 0.596499443 0.137192428
    0.0390329361 1.10834002 0.184381068 1.45693398 -0.210094512
    1.90341687 0.934547484 0.483152092 1.75795674 2.1644721 0.80136025
    -0.422744274 0.417677283 -0.0714145303 -0.453941911 -0.0182382464
    1.08609009 1.453776 -0.314628303 1.46970379 1.78578091 -0.0802848339
    0.140844524 -0.347730845 -0.049151957 -0.611195803 0.28770566
    1.55862999 0.76671046 1.01994753 1.59449017 0.459978521 -0.055755198
    0.930933833 1.15249252 1.03367782 0.635884762 0.659771442
    0.823468566 0.703871429 1.70721614 -0.476186633 0.0999971032
    0.160058677 0.591326773 1.52995312 0.966720641 1.12898326
    0.643700302 0.972896278 -0.213450849 1.77982414 1.37703347 1.7626524
    0.498020709 0.50165832 1.2442168 1.6128397 -0.769666135 0.0291929841
    0.802845716 1.54817104 0.56094569 -0.36598286 0.803450584
    -0.76264149 1.06287825 1.57277858 0.0892423391 1.30202734
    -0.0667068958 1.61356592 0.839497864 1.19812238 1.58451486
    -0.3823511 1.12634695 1.11456966 0.516080558 0.553569973
    -0.263172925 -0.621297956 1.03967214 0.0475515723 -0.450088561
    -0.558119237 1.72626293 -0.116869807 1.29122114 -0.346179992
    0.261792481 1.43383193 0.123706818 -0.100980639 0.750084341
    -0.0583031178 -0.556882918 -0.805828452 -0.572094023 1.39228582
    1.62812257 0.690921187 -0.2126441 1.39422727 0.992751598 0.645366788
    1.01577353 0.562893391 -0.448325872 1.57944798 0.927169323
    1.19288778 0.0495292544 -0.794911861 -0.248945355 -0.192943335
    -0.796296716 0.277109683 0.371904552 -0.4096165 1.64766407
    1.43631673 1.12395036 -0.264463723 1.22068131 1.15816402
    -0.569465458 -0.153567612 1.07533777 -0.37357977 -0.0696238875
    0.167403936 -0.149505854 0.997444808 -0.245330393 1.73213959
    1.12632751 1.51651216 1.33438706 1.0289315 0.749992847 -0.750136971
    1.63872147 1.671278 0.404929876 -0.204530895 0.713096023 -0.39990443
    0.875968456 -0.799203753 0.0563249588 -0.210375249 0.143162072
    1.25070179 0.30803442 1.44955194 -0.861466408 -0.194019854
    1.20176208 0.120646 1.25440145 1.57157266 0.486936033 0.704939961
    1.79792953 -0.0929664969 0.342006505 1.71432304 0.211409509
    -0.0422316194 1.45090044 -0.200125933 1.3037672 1.79328072
    1.52019453 -0.459341198 -0.501268804 1.06618524 0.0221299529
    0.917054355 -0.503246307 0.158073127 -0.437074304 1.8735975
    0.520794213 1.18834305 -0.72603792 0.0620548725 1.50609982
    0.747193992 0.802116632 0.869750023 0.182790041 0.94441998
    -0.348829091 0.344716191 0.323266685 1.7137804 1.33936214 1.28818023
    1.22893655 0.182292819 1.53935468 1.19771552 -0.0408994555
    0.0792463422 -0.734425545 1.35403562 0.603911638 -0.248615503
    1.45522451 -0.742328525 -0.0801159739 1.79154897 0.760042071
    1.31351972 0.463799834 1.56686032 1.42413068 1.37720942 -0.423990756
    0.474892855 0.293997169 1.38275158 0.791222394 0.679634869
    -0.587267399 0.478957832 -0.371251941 -0.415267944 1.74812269
    1.29801798 1.2071228 -0.402633667 0.48171252 1.51261401 1.40732658
    1.57307243 0.774313509 1.18384528 -0.164573789 1.13457882
    -0.00103473663 -0.20173651 -0.410950989 -0.507469177 0.0230609775
    0.885101378 -0.206325889 0.212581277 -0.23488903 0.913630724
    1.69410419 0.201543212 0.934726238 1.50016892 0.559627056 1.05782533
    0.524387598 0.450929046 0.578387439 1.27190125 0.170045495
    1.88953686 1.80910885 0.489755869 0.846946061 1.46341848
    -0.0419970155 0.0937898755 1.85203242 1.48427188 1.3342936
    0.525640011 1.08364511 0.740031898 1.52400184 0.970041573
    -0.583335996 -0.797062159 0.396578312 -0.656441569 0.219959497
    1.56670225 0.11902678 -0.707012534 0.262312472 -0.237326682
    -0.0258882642 1.10383785 -0.873018265 -0.840092778 -0.0684991479
    0.260850608 1.56233716 -0.714205801 -0.569625437 1.76957941
    0.826356053 -0.532295585 -0.46234867 0.360440254 -0.783168197
    -0.804176629 -0.455381483 0.437757254 0.417695701 0.0218858719
    0.0861989856 -0.193346143 0.0817881227 0.310907423 0.7040205
    0.642486036 0.744493961 -0.0834704041 -0.440004349 0.899555326
    0.902106404 -0.535358787 0.388141334 0.288182378 -0.346859843
    -0.488259941 1.25122428 1.33324325 1.00528359 0.110076725
    -0.0667358637 -0.0807792544 1.6829536 0.136948943 0.00682872534
    0.906471133 -0.0646153688 1.1161437 -0.746855319 -0.245377958
    0.56422174 1.20235634 -0.269890189 0.395920396 1.37606955
    0.204792261 -0.675103426 -0.717769444 -0.485691488 1.33600187
    -0.535818815 1.65014744 -0.266522944 1.25718212 0.243471384
    0.151879787 -0.30753535 -0.297475219 0.34349674 -0.534721851
    1.22300899 0.226714969 0.216401517 0.901347399 0.827837229
    -0.515789688 1.72615004 0.853562951 -0.561243415 0.754091561
    1.6715461 -0.0137150884 -0.264765918 -0.16944766 -0.608268142
    1.81265354 0.778745592 1.02462244 -0.114639819 -0.840341568
    0.406995416 1.59602284 1.12258768 0.837486804 0.849216104
    0.473801434 -0.431589901 0.897628367 1.52910388 0.828667402
    1.2753408 1.43479538 -0.326567054 -0.0285375714 0.499971271
    1.04313707 0.051366508 -0.334623158 -0.284552217 1.39679396
    0.739040375 -0.782460213 0.256550789 -0.507434487 1.01937318
    0.32126826 0.629586518 0.0714028478 -0.773686409 1.46984005
    -0.282755673 0.499403775 0.369363308 0.614044368 1.47631896
    0.500377059 1.13692784 0.875779152 0.808962345 -0.851737916
    -0.769185841 0.463692188 0.302982569 1.37475765 0.656915843
    0.31994611 0.140147567 0.464805245 -0.527015686 0.376176417
    1.60622609 1.20696652 -0.0567333102 -0.437636465 1.66492927
    0.268321693 1.61613154 -0.4439179 0.269361436 1.25239897
    -0.331304282 -0.64251411 -0.119352102 -0.657715499 1.73692203
    0.121140599 -0.212669015 -0.0821130872 0.159716487 0.771967411
    -0.698335707 0.558190823 0.413750052 1.49238014 -0.284564555
    -0.354969859 -0.127109706 -0.421239942 -0.604459405 -0.151664495
    1.44337797 -0.536239147 0.48554194 -0.687379539 0.139119267
    0.081581533 0.305624962 0.749870956 -0.145924211 -0.657315791
    0.180576921 1.66097081 1.26563072 0.183775365 0.783823133
    0.063495338 1.30313861 1.53552103 0.368182778 1.45854926 0.8719486
    0.00386792421 0.608505845 -0.707485735 -0.150946915 -0.213818133
    1.60564876 0.180573285 -0.823965311 1.20034719 1.34656715
    0.505792856 -0.20602113 1.17151773 1.42496729 1.7637701 -0.657542408
    1.19538879 1.13605225 1.39831972 0.487627387 -0.110532761
    0.555920362 -0.284484953 0.384943664 1.56066895 -0.680803299
    0.493843019 1.4983151 0.854387522 0.241339207 0.100254476 1.02169967
    0.110715091 -0.0897590518 0.775068641 -0.260042727 -0.424162865
    0.485373437 -0.173216701 -0.233311892 0.0611419678 2.20929623
    0.107726514 1.43274069 1.42744112 1.78280735 -0.244812518
    -0.608562171 0.0160701275 1.6645714 0.267909288 1.48526382
    -0.370405138 0.122284532 1.50813866 -0.049298048 0.0500702262
    0.32128489 -0.607812405 0.0981864333 0.296130478 0.945930839
    0.757703185 1.27328038 -0.225793481 1.16094971 1.64194334 1.62408483
    1.7663691 1.5553751 -0.126809716 0.981569469 0.854068696
    -0.0067896843 0.328496933 0.376522005 -0.239740372 0.111884773
    -0.690900862 1.52865314 0.599341452 0.266239166 1.7992872
    0.0400759578 1.53207207 0.467463493 0.657417834 -0.109381497
    -0.0634073615 0.852442682 -0.622640789 0.839106321 -0.373047262
    -0.822792351 -0.119482934 -0.705295742 -0.731707811 0.761767805
    0.0495834351 -0.362249732 -0.201375782 -0.094027698 0.924538612
    1.20750475 1.24110365 0.310788989 1.68894196 0.216236293
    0.0129662156 1.33007264 1.70749128 0.614298522 0.306763828
    1.76351571 -0.0161724687 -0.272856593 -0.0130748153 -0.517012358
    0.486706495 0.530149221 -0.3486242 0.17040956 -0.0461769104
    1.55495977 0.495318115 1.73309731 -0.517270565 -0.437906295
    0.982220113 -0.117640316 -0.41657123 1.37944484 0.704980612
    1.15337205 -0.549529135 1.12702751 0.692133307 0.527591527
    1.50905299 -0.694411576 -0.134606898 0.719195187 -0.555065155
    0.932932138 1.23286355 1.83206606 -0.225090384 1.71850538
    -0.119943798 0.235438287 0.589607835 0.490381062 -0.663799584
    1.06164348 -0.793590784 0.688536644 0.462623477 -0.0482365489
    0.900777102 0.38512522 0.415690422 0.799588621 0.722158134
    1.83803785 0.688206971 -0.734060526 1.46469474 -0.0598573089
    1.08562589 0.479046941 1.21865773 -0.234363794 1.6896944 0.308079362
    0.781005025 -0.357637733 -0.675833225 0.368728578 1.5645144
    1.80149746 -0.303162485 -0.789401352 1.2270062 0.479331672
    1.68888366 1.32312357 0.0869957209 0.124904513 1.38072085
    -0.357181251 1.44519162 1.54060185 0.810252845 1.26012254
    0.716489434 -0.367580861 1.18044329 0.42909807 1.67766523 1.3724165
    1.07855499 0.272258937 1.02809453 -0.303067476 -0.0672714114
    -0.254343629 1.09513426 0.504043698 -0.682658911 0.91445154
    -0.818650961 1.7692436 1.47513008 0.356491566 0.126475275
    0.368824363 -0.26865986 0.0693228245 1.70941508 -0.536384225
    0.620771587 -0.603725314 0.394810975 0.434395194 1.02065206
    -0.163083851 -0.15403837 -0.0792214274 -0.755278289 0.700311601
    0.00755441189 -0.37692371 -0.157130837 1.83173418 -0.74990654
    0.472254336 1.11999798 0.188355267 0.126884818 -0.0553821921
    1.14132476 1.11111438 -0.0756276846 1.7312597 0.316122472
    -0.757421792 0.960410416 0.15034467 0.666436434 -0.611224294 1.52484
    0.874891996 0.438164949 -0.586008668 0.80926913 1.12870061
    0.498428106 1.36624765 1.77965701 1.63826394 0.249450445 0.429028034
    1.51394677 -0.613627434 -0.89924556 0.675829172 1.05285144
    -0.140587211 0.723762453 1.34876633 1.63029933 -0.466287374
    0.993180215 1.22559047 0.575829685 -0.126559019 -0.403482527
    -0.456881285 0.182782352 1.03349447 0.859792829 0.590529025
    1.47449541 -0.69757849 0.59161669 -0.293232441 0.219685614
    0.073785007 1.48707783 1.03257859 -0.376751035 -0.448741376
    0.935217202 0.776113868 1.7855618 0.427808106 0.939490259
    0.992071927 -0.27494356 1.35931563 -0.624038339 -0.425184011
    0.244026363 0.056351006 -0.727757454 1.63040566 -0.570458055
    0.124366701 0.851877987 0.954522371 1.46828103 1.34810233
    0.536421418 0.751760602 -0.357970715 -0.573059142 0.984692454
    -0.335039914 1.35304594 0.456649899 0.618681431 -0.346121728
    0.418909073 1.01686513 1.41967154 -0.271517277 1.53918815 0.52631551
    0.308410347 -0.100198865 -0.0217362642 -0.292344391 1.66889405
    1.01503801 1.6283896 0.163348734 1.16337919 0.110732675 -0.406744987
    -0.77973634 -0.042163372 0.497822165 1.80012023 -0.572829723
    1.63301623 1.41365743 1.50630212 0.698097706 1.46063411 1.02859163
    0.461918533 0.653120875 1.72712421 -0.757893801 0.19324249
    1.51447439 -0.835215449 0.481299877 0.536295831 1.38413942
    0.0663713813 0.49787879 -0.379371464 0.690279126 0.476893902
    1.24497306 0.721589684 -0.802055061 0.805149734 0.701262653
    1.37823939 1.7137537 1.14973783 1.7879734 -0.34423098 0.327068746
    0.810986757 1.37315178 -0.00300318003 0.821397662 0.0153346062
    0.384647429 1.03033423 -0.432825834 0.736048281 0.583891511
    1.22448277 -0.310099602 1.31716216 0.744053841 1.79699683
    0.637729585 -0.235629678 1.41797686 -0.271371603 -0.671227098
    1.35591483 0.40818429 0.994158268 -0.463018984 1.79977942
    -0.74929893 1.26335979 1.65585899 -0.388435662 1.04929256
    0.873450994 -0.787251353 -0.699085951 -0.434278309 0.457825482
    0.075443089 -0.54269433 1.69958305 -0.287634432 -0.302367687
    0.402795017 0.993786275 -0.241755605 0.215711296 1.30054903
    1.37374294 -0.510815382 1.06148589 1.13899922 1.18195605 1.59413111
    -0.284593165 0.338637233 -0.466639996 -0.449507654 1.1714654
    -0.377100855 -0.464968383 1.15010142 0.19353646 0.50055486
    -0.00604051352 1.57451987 0.11601156 1.15971565 1.4560833 1.42812014
    -0.63866061 1.46885109 0.597077787 0.319900632 -0.813104212
    1.68918204 1.32818413 0.209578633 1.61894429 -0.19007045 0.868496716
    0.0931143761 0.671197712 0.185194492 -0.705951333 -0.0246610641
    1.25864863 1.01223958 1.0068686 -0.499762923 1.84394431 1.54924023
    0.289241493 -0.273534656 -0.404004037 0.626259148 1.30455339
    1.85735202 0.953379154 -0.601133883 1.40432739 0.354291677
    0.0137469769 1.87909031 0.707902133 0.348919094 -0.0657685995
    1.07119441 -0.230291605 0.113494694 0.904001236 0.621199369
    -0.543075085 0.36120975 1.17774963 0.0212270021 0.555085838
    1.66523933 1.72764027 1.02341127 -0.606238008 0.372470021
    0.109216213 1.7330718 -0.619919956 1.18258941 -0.0193682313
    -0.301762342 1.68146336 0.285397887 1.19692516 0.0349310637
    -0.449306279 1.81709027 1.22460222 0.350980341 -0.56700784
    -0.298734307 0.240715683 -0.759955287 0.483206809 0.924934506
    0.730749786 0.856509566 0.820596814 1.26090646 0.954933941 1.4071691
    -0.335984945 1.42122078 1.74059248 0.931195915 -0.500134706
    1.24425864 1.20018673 0.212240517 0.4672544 0.999688268 0.840261161
    1.73886979 0.223098457 0.026866436 0.148139179 -0.546272516
    1.33034015 0.375645339 0.815106332 0.566761136 -0.413287222
    -0.624729395 0.900011241 1.45928705 0.715776622 0.133155286
    -0.331705064 -0.654846072 0.937939465 -0.44172138 0.314926803
    -0.247818738 1.7507956 2.12134695 1.45015299 0.85306257 0.623491764
    -0.708583355 1.62448561 0.170131207 0.347276628 0.343759418
    -0.851494789 1.35924172 -0.0698529482 1.656147 0.885168493
    1.18294454 0.351858616 0.893252611 0.316598058 0.606148362
    1.25723743 -0.641713738 1.59767461 -0.529736817 -0.0223458409
    1.77788401 -0.507515907 -0.0648560524 0.421273172 0.923432767
    0.295949697 0.354555905 0.830226481 -0.484876961 1.09328449
    0.575394809 -0.671067476 1.56134975 -0.180538833 1.76302147
    0.770231068 0.121223271 1.66004705 0.264904201 0.255279422
    -0.401170313 0.0535500646 -0.465462744 0.400520802 -0.0440545678
    -0.110067725 1.59417665 1.33417153 1.33589578 -0.442987055
    1.30655122 1.24251914 -0.401885211 -0.188278496 0.266421914
    0.819350839 0.861496568 1.29332006 1.23306942 1.3768332 1.49556017
    0.953460932 -0.0945762396 -0.090454638 -0.483668745 0.459197998
    -0.0226678848 1.32060981 -0.703239441 -0.811764181 1.10581136
    1.13691056 0.561285198 1.44019365 -0.0634644032 -0.306105524
    1.36356568 0.0947309732 -0.527732134 -0.358114034 1.7321198
    0.650562167 1.33586717 1.30585122 -0.484467894 0.457041979
    1.35451949 1.43217325 1.61331367 1.54320371 -0.049664855 1.38192534
    1.35293829 1.3788321 0.874728858 0.511411786 0.659515679
    -0.466403455 -0.079243958 0.689614892 -0.0611326098 0.729969561
    1.06145144 0.146380007 1.73568225 1.69009399 1.73791003 0.775263429
    1.6847508 0.530605078 0.486527562 1.48574638 0.942084372 0.265539646
    -0.790850759 -0.655960083 0.178675771 0.775887311 0.789382756
    0.671996057 1.51873493 -0.787276685 0.584244668 -0.523972511
    0.923563421 0.250110924 -0.722357035 0.481372178 -0.513268709
    -0.632034481 0.212395012 -0.195264041 0.44065088 0.522582471
    1.84724641 -0.708193302 0.846874177 -0.496563196 -0.294510067
    -0.192529678 0.966941357 1.08365047 1.14711034 -0.237799287
    -0.716862679 -0.396325082 0.185070932 0.244496226 -0.360029757
    -0.251836836 0.667643428 1.60132885 0.0992097855 -0.165518701
    0.807136655 -0.734195769 0.291089654 1.36421084 0.241957366
    0.312091172 0.393434048 0.917558312 1.48130727 1.49680746 1.6824652
    0.550413549 1.81746018 -0.614756107 0.534955323 0.539086819
    0.450497806 0.0222489238 -0.47769621 0.814884603 0.203860283
    1.00293922 -0.477115721 1.00043368 0.872012258 0.448367 -0.650177538
    0.597983837 1.19729865 -0.646727264 -0.694393218 -0.503208041
    1.11557603 0.215652049 1.81296873 0.952411115 0.891578078
    -0.278728247 1.80443561 0.837257147 0.353813589 1.49735308
    -0.177054226 -0.382294387 1.10747409 1.13535678 0.280623853
    1.03803921 1.13119853 -0.0829865336 1.06985509 1.59774899
    -0.756184161 0.0433853269 0.235178411 1.00536048 0.474820197
    -0.503033876 1.58236599 0.894838274 0.773585856 1.52460814
    0.389078259 0.621953309 0.110411048 1.44349182 0.858751535
    -0.861478806 -0.750014424 0.601847291 -0.5495224 0.511195362
    -0.32114768 1.56988525 -0.0324066877 1.35567093 1.75006127
    1.71201587 1.0441184 1.27917457 -0.178829491 0.736260891 1.12135577
    1.17336082 1.03391981 -0.631679416 -0.690620661 -0.339611471
    -0.722355485 -0.360616386 0.288744867 1.05419827 1.30450118
    0.907427132 0.719589055 1.97165394 1.13531756 -0.084795624
    1.45811701 0.563829839 1.01289701 1.84968066 1.58203971 -0.180546165
    0.692170858 -0.111874461 1.28087974 0.085745275 1.3095479 1.16480565
    1.31824827 1.2527976 1.42572427 0.435030162 1.34344149 -0.024835825
    1.0782733 -0.258302331 0.221938968 0.268550217 -0.238284886
    -0.0962932706 1.72021484 1.49179995 0.337640405 1.33362436
    0.481739163 0.236169934 1.42228389 -0.554152012 -0.473301947
    1.32402539 -0.84477669 1.69796085 -0.0667382479 0.307085991
    0.416012645 1.23697877 -0.263817906 -0.441838443 1.68580151
    -0.431473225 -0.741867363 1.14231634 0.560535312 1.03687322
    -0.423132271 0.60139823 -0.57437408 1.54964864 1.69384873
    0.939213097 -0.27727586 -0.273670852 0.984029293 1.61781859
    -0.88314563 1.25565624 1.78355467 -0.0201221108 -0.389495045
    -0.73882854 -0.728609324 0.0425131321 1.81694531 1.11104035
    0.646790147 1.61418939 0.546688616 -0.441602945 0.399720907
    -0.793522894 1.45498776 -0.361448109 0.87992847 1.83432043
    -0.106710196 0.644590437 -0.328498691 -0.000924825668 -0.744839787
    1.58710778 0.233661652 1.78183341 0.901055336 -0.384253025
    -0.0818143487 0.63361609 0.960626662 1.0082134 -0.0169308782
    0.368703842 -0.497802705 1.83720565 -0.104461432 0.906121373
    1.48777604 -0.349930108 -0.334598869 1.17793512 0.783440709
    0.812582076 1.543154 0.917096257 0.39951098 1.09911561 1.51271772
    1.43866444 0.882872462 1.25367928 1.56100965 -0.587925196
    0.771485209 1.59602785 1.28545475 1.75565195 1.44224107 0.51955843
    -0.652109206 1.17761683 -0.580520153 0.772320449 1.1763494
    0.522411346 1.47941232 -0.534348965 -0.609831333 0.0215268731
    -0.216326475 1.3711226 1.74833465 1.3284409 0.221308529 0.88996911
    -0.50634408 -0.601709902 -0.360523939 -0.350755811 0.90803653
    0.695885122 0.905229867 -0.295879126 1.31435728 0.229951382
    1.56949782 -0.157207251 -0.195296824 0.716141045 1.68423021
    0.555740058 -0.634265125 -0.665586829 0.212359786 1.09554505
    1.51559067 0.872920632 1.01744938 0.371802568 1.33265007
    -0.590710878 -0.695617735 0.760465264 -0.0588307977 0.771421671
    0.658630788 -0.0466138124 1.80781126 1.55141473 1.50156021
    -0.313577294 -0.754683197 0.62044847 1.04197514 0.0340343118
    1.24572396 1.85109973 -0.626376629 -0.719062686 0.692089856
    0.435135961 0.633192778 -0.253228575 1.14869452 0.188849866
    -0.716594815 1.72998595 1.14507341 0.645311117 1.6340239
    -0.266601801 0.803376734 0.330693781 1.08717072 0.212765157
    -0.0419508219 -0.320070386 1.26933885 -0.5012725 -0.160931706
    1.14305353 -0.234728932 -0.286017716 -0.415911973 0.577407062
    0.506314158 -0.617610097 0.578569472 1.06895339 -0.624316573
    1.11332297 0.820334375 0.493098736 1.64044893 1.73523891 0.23920846
    1.27878904 0.31260711 0.208182335 0.111506343 -0.548776329
    0.927504122 0.651631057 1.13441133 0.52782011 0.834153831
    0.906104565 -0.54268223 0.447917998 -0.81289798 0.572771728
    0.769223988 -0.142701924 0.390434146 1.79844606 -0.710930586
    0.308938324 1.68877423 0.404185236 1.8199333 1.22200203 1.61436772
    1.45760357 -0.0958376527 1.63263369 -0.038389802 1.2000488
    -0.579993069 1.49509525 0.104099214 0.441094935 0.262159169
    1.42321146 0.835114241 -0.409858704 2.00000286 -0.201876193
    -0.000386893749 0.0117151737 -0.110510409 1.378582 0.716212034
    0.35887748 0.963136375 1.43149853 -0.706927955 0.780748308
    0.748177707 -0.650241375 0.463455558 0.437641799 1.33659124
    1.26870489 0.706310332 0.198981285 0.330440998 0.76397258
    -0.123764098 1.72660971 1.70319629 -0.529597044 1.7506845
    0.315884709 0.264966249 1.76751542 1.52809393 0.237205327
    0.775280237 1.68062603 1.80355978 1.27065849 0.415910602 0.308576941
    1.30027986 1.24560571 0.0984923244 1.39068627 1.51198983
    -0.708680272 -0.0927217007 -0.734251738 1.4957813 1.14953423
    1.23591042 1.30109072 -0.140678406 -0.448198915 -0.311405182
    0.995790482 1.57757473 1.73967683 1.69846702 1.36053085 0.0453478694
    0.25176996 1.34520364 0.132415891 1.27288675 0.995783925 1.0481658
    -0.23791182 1.26764178 -0.510128856 1.41377187 -0.502725601
    1.56845069 -0.255949557 0.370668888 1.22642803 0.87287277 1.79744601
    -0.161978602 0.180201948 0.573352695 0.260602474 0.439751327
    -0.723181725 1.19261563 -0.39161703 1.56727362 -0.378773749
    -0.716822445 0.0977028012 1.29097486 -0.730132282 1.31649935
    -0.492306948 1.02509212 -0.788088977 -0.155563116 1.25908959
    -0.432017177 -0.227542341 -0.732827425 0.404351652 -0.0268434286
    -0.179917693 -0.448052973 -0.451602548 -0.682690382 -0.64249289
    -0.429489911 -0.484666049 -0.195609987 0.33121264 -0.159631371
    0.495134294 1.10511553 -0.180412471 1.46143079 1.32381916
    0.519638836 0.04241395 0.00744622946 -0.219986379 -0.564657688
    -0.67391026 0.387543797 0.806756973 -0.219818056 -0.7083444
    1.07762551 0.458652735 -0.405647457 1.09436274 -0.514718056
    0.672609329 0.2562958 0.877614498 1.91477132 -0.431335121 0.18432796
    -0.027131319 1.6717 0.947331667 1.64208817 0.962769806 -0.557159662
    -0.220064819 -0.203161597 -0.0937565565 1.58761334 0.375966132
    1.53165889 1.23342752 0.306736887 1.06483197 -0.722422838 1.79385221
    1.78072953 -0.708432257 0.874018908 0.617853045 -0.647664368
    -0.716154754 0.144396424 -0.508424878 0.829249382 1.89848733
    -0.658729911 1.15865779 0.182755232 0.561298668 0.69129324
    -0.601044416 1.46545291 0.814908981 0.567710221 -0.756835282
    0.457603455 -0.747668624 -0.538256347 0.296722829 0.632772803
    -0.584177434 -0.264422625 0.0882765055 0.438921332 0.122057974
    0.981553793 0.370130241 -0.602978051 -0.230788291 1.55084324
    1.08163428 -0.461367786 -0.554737449 -0.804620683 0.657488585
    0.624066651 0.243110418 -0.679772258 1.57164121 -0.607800961
    -0.336355627 1.34750223 0.133954227 0.132688522 0.421838045
    0.472186208 1.84512067 -0.109897435 0.7022053 -0.643362701
    1.06871748 1.06160879 -0.0309137702 0.581434667 0.120842934
    1.39247179 -0.525527358 0.502207935 0.0753977895 1.64914823
    -0.662582517 1.4973619 1.64579165 -0.157356441 0.918459892
    -0.436980069 0.845130026 0.885843515 0.48286289 0.737963617
    -0.0571616292 0.06417346 0.648848772 -0.289683402 0.605610073
    -0.523128092 -0.386019289 1.616184 0.00569933653 0.729117095
    -0.351330459 0.756229341 1.12845898 -0.801097333 0.483070135
    1.0478785 1.05081892 0.453372717 0.0254566073 0.717766225
    -0.346417338 -0.462778628 -0.207536489 1.46247053 0.166811347
    0.18764919 -0.171227068 0.159968138 1.56335783 1.92396951 1.43350971
    -0.146715999 0.926845133 1.13027811 0.177892387 0.961210251
    -0.128246367 0.484273553 -0.205384552 -0.114973605 1.60379696
    -0.517459273 0.0787371993 0.986381531 -0.569273055 1.17443228
    0.901696742 -0.218794584 0.109667599 0.260514557 -0.288218617
    1.23678708 0.467385113 -0.150419414 -0.173410833 1.02996373
    -0.210470617 -0.436648369 -0.359890491 -0.288985968 0.637209594
    1.49533105 0.891684651 -0.173732519 0.588099718 1.55877352
    -0.0170118213 -0.502046168 -0.872933269 1.47124767 0.871906817
    1.26991248 0.838466823 0.965220213 -0.409194618 -0.521211147
    1.70970011 -0.795735478 1.09501767 0.442338109 -0.107039869
    -0.823090196 0.904203355 -0.397788048 0.636079192 1.19239569
    1.11082602 -0.639247656 1.46170366 1.36958528 -0.725497782 1.5457108
    -0.464104146 0.940625548 0.532548904 -0.650467634 -0.0643366575
    0.821401596 -0.257881284 0.708860874 -0.404165417 0.95903796
    0.890200853 1.2640419 1.12429905 0.413642466 0.748035312
    -0.792400718 -0.394940704 0.343915045 1.44944072 0.36775583
    1.51531124 0.857102275 0.268347561 -0.812460899 0.22373879
    0.0168552995 0.624869645 0.119244099 0.981240928 -0.12779963
    0.0868162513 -0.17680043 0.977373958 1.1228869 1.26053643
    -0.467704386 0.991392076 -0.0202585459 1.85794246 0.680410624
    -0.765615702 0.310970724 0.430767834 1.74103451 0.956620991
    1.63537097 0.95076704 0.87065196 -0.256581485 0.565139771
    0.475675702 0.343334615 1.61902785 -0.346649259 0.65674907
    1.24225342 1.29730058 0.762448907 1.38861585 1.75014496 0.92612505
    -0.221941292 0.632069349 -0.541083992 -0.488950431 0.507834435
    0.196636319 -0.657799542 -0.569333017 0.539643288 0.438169301
    1.50929952 0.0171977282 0.348192871 0.0343856812 0.610498011
    -0.097074151 -0.0813024044 -0.189530671 0.083643198 0.159745693
    1.28063989 -0.261339009 -0.129970908 0.125347853 -0.321601748
    1.54489052 -0.765513539 0.393733919 0.0910696983 -0.193638563
    -0.463840693 1.88053799 0.678587914 -0.43543309 0.140063405
    -0.605027437 0.833241701 0.675404668 0.203033328 1.67349887
    -0.600573123 -0.751456141 -0.205241263 0.105365753 0.617239475
    0.614075899 0.899323344 -0.292519152 1.37346363 0.0303446651
    1.57975101 0.467124164 1.58563602 0.475907803 -0.366205215
    0.999252915 1.49581623 1.04662025 1.47528148 1.61358917 0.761992514
    0.140320122 1.45179451 1.33672106 1.01365244 0.282013774 0.561031222
    0.248563766 0.469681263 0.243906558 1.78082037 0.141890824
    1.54978395 0.711423695 -0.578369677 0.997487307 0.641939163
    -0.438037276 -0.665603757 1.24636436 -0.795118809 1.07282186
    -0.165840983 1.83842576 0.681335986 0.424142301 0.942588985
    1.61118317 -0.257496834 0.254198432 1.49624884 0.150715292
    -0.823852241 0.939079762 0.0998902917 -0.562662959 0.0157310963
    1.65012574 -0.499263823 0.322937429 -0.712130308 1.68502641
    1.77355099 0.934601665 0.270766318 0.0331586003 1.52381372
    1.82751119 0.215924799 0.0825220346 0.242987633 0.110158324
    -0.553889394 1.01288915 1.35677695 0.288702309 -0.0684509277
    1.05296373 -0.214004517 1.26929331 1.13875842 0.976370335
    -0.538525105 -0.0819023252 1.69597661 -0.350516587 0.613026261
    -0.483860284 2.0663085 0.652614117 0.645220518 -0.00191920996
    1.0836935 1.43582487 0.0838332176 1.54247272 1.75774872 1.40472794
    1.47172868 0.079105854 1.52831995 0.992910206 0.848168492 1.06510544
    0.339294493 -0.380433023 0.942901731 0.60661906 -0.127941191
    1.71995282 1.28391409 0.402356863 0.931858957 1.21134818 1.61487103
    0.343568325 0.420995772 1.32206297 -0.0719226599 1.49688983
    -0.222576618 -0.323313892 -0.225083411 -0.8232584 0.66910857
    1.73422813 -0.422617257 1.05390954 1.13800454 0.471408367
    0.906373203 0.636205912 0.101763964 -0.318575263 1.13232231
    0.678542316 0.143130004 -0.742344558 0.123314619 -0.553343713
    1.49377394 1.02616549 1.27387094 0.494694054 0.934030294 1.44141221
    -0.03387779 0.971356452 1.33926749 0.569062173 1.80753517
    -0.463761032 0.123197198 -0.0808300972 -0.544084787 -0.684398293
    0.204333365 -0.300462484 -0.391118765 1.31536818 0.520570934
    0.992779016 1.02246785 1.4096446 0.98705858 1.50621402 0.212176919
    0.00196540356 1.77939534 0.900155425 -0.423912585 0.669767499
    1.25707018 1.75280094 0.407918274 1.5615797 1.53989601 -0.136328697
    0.668423951 -0.58051908 1.69802451 1.01142025 1.70632195 1.59796453
    -0.455712497 -0.188296974 0.827969909 -0.637704074 0.0132352114
    -0.0251678228 -0.180138409 0.189226806 0.762066364 -0.188599229
    1.73745179 -0.362284958 0.398025692 0.933069944 1.71213877
    0.999010146 0.841607094 0.417157114 0.284166217 -0.614029527
    -0.693174958 1.56774557 0.903605521 0.383558333 1.34925985
    0.0289108157 1.29067516 0.0160388947 -0.79347384 0.671711504
    -0.703049898 -0.751062453 1.71776938 -0.0811992884 0.42053473
    -0.53218174 1.14829922 0.845356464 -0.0452932715 -0.430933803
    -0.414910644 0.368040502 0.28183037 1.36896622 0.816584766
    1.08288622 0.137541711 0.720514834 -0.636267424 -0.346602023
    -0.669113755 1.49415207 -0.169747114 1.10891604 0.618281484
    1.82031846 1.25969338 0.0732939243 -0.548017263 -0.776658535
    -0.374018818 -0.518399835 1.01603079 1.81344604 1.68014193
    1.86639655 0.453559995 0.243892014 0.751688957 -0.259075999
    -0.0907869339 -0.159846365 0.178176165 1.04306555 0.295630753
    -0.42182079 0.93089509 1.06659698 -0.597614765 0.42393285
    0.879062235 -0.0376822352 0.489286065 0.426742911 1.41132045
    -0.428956211 1.23131883 1.74144483 -0.75425297 0.933119178
    -0.557891011 -0.0545139909 -0.665674984 0.130438864 0.463825226
    0.870699763 0.880488634 1.08452928 0.969485164 0.542048335 0.3836658
    -0.197790742 0.218082011 1.74836695 1.16285276 0.698797524
    1.74152946 -0.417140514 1.30903554 0.177441895 0.0534511805
    0.909691155 0.969455302 1.14077795 0.715477645 -0.418968558
    1.10649467 -0.77855432 0.303468704 0.75233674 0.643279433
    0.999528289 0.00557112694 -0.0543089509 1.50578523 1.69436264
    1.59245014 0.0939587355 1.12376785 -0.465441018 1.52976072
    1.68468583 0.489990234 1.37867975 -0.47269839 -0.498783976
    -0.345955282 0.462144315 0.306441844 -0.0430433154 1.1049521
    1.34020281 -0.626745939 0.0600235462 -0.704986572 0.99265033
    0.665243685 1.71945286 1.40082812 1.49180329 -0.0991700292
    -0.749554336 0.327934563 0.865819871 -0.692979395 -0.286074698
    0.149753749 -0.065336287 1.28288794 1.04072475 1.41645896
    0.898371339 0.296877235 -0.520653486 0.113367736 1.08709836
    0.172210991 -0.62434727 0.21216315 0.277604818 -0.223084331
    1.13060284 0.242984712 -0.533133745 1.3488071 1.51662588 1.3915298
    1.59131718 -0.652305424 -0.690845013 0.108160198 0.317790329
    1.81957757 -0.21457845 1.79503286 -0.249399841 0.0758367181
    1.31472969 -0.604160011 1.48681045 -0.763553143 1.66790676
    0.316604376 0.159617126 -0.707741082 -0.62962079 -0.291992784
    1.60942698 -0.085939467 1.66324639 1.63813865 -0.684275985
    0.167491674 0.18412292 0.76922822 1.35657549 -0.136658669
    -0.757014692 1.18736839 0.181687653 0.755847692 1.06163621
    0.654822648 1.62033343 0.62288326 0.699905992 0.326666415 1.5008018
    0.770124972 -0.273571193 -0.514005065 0.181930065 0.173929989
    0.0606244206 -0.177034378 1.10909152 1.25340772 0.308006227
    -0.428684354 0.118987739 1.31145024 0.463875473 -0.384224653
    0.12332195 0.351404428 1.40014744 -0.796313405 1.48687673
    -0.607138932 -0.132439733 1.63130212 1.50810969 -0.631881654
    -0.501737893 1.03408074 -0.690088868 0.117640853 1.70541501
    0.350244641 -0.362157375 -0.388720721 -0.583126187 -0.397772998
    1.12907147 0.308505535 -0.163433492 1.54156446 0.671932697
    1.46298003 1.63023674 -0.345846474 0.68282342 -0.335179448
    1.34194374 1.52127922 0.986015677 0.675324023 1.71225774 0.717143834
    0.218214869 0.920808434 1.35335207 -0.366640568 0.0800111294
    0.907660842 0.846265256 0.205016613 -0.350386351 -0.121250212
    1.56423461 -0.565808773 -0.167854667 0.805796981 -0.339941561
    0.0884703994 0.734097362 0.232995033 0.576637268 0.480477273
    -0.540621579 -0.403008729 0.603303492 -0.220658422 1.36500132
    0.705863893 0.812765658 -0.535357833 0.61560899 1.65826559
    0.946392119 0.474134803 1.18973792 0.0428298712 0.154772878
    1.23882806 -0.483186334 0.0415546894 1.18825674 -0.662282526
    1.13350141 1.34420109 -0.023352921 0.0880979896 -0.772595704
    1.55285835 0.681283057 0.727825224 -0.0181874633 1.15079212
    -0.301763713 0.619004488 1.27385008 0.633665681 1.55040455
    -0.487589389 -0.588787913 0.817413926 0.766235828 -0.501999259
    0.25907892 1.4016943 1.68710423 0.0192311406 1.25025916 1.57800579
    -0.640386045 -0.805481732 1.20074511 0.548633575 0.667803466
    -0.348357052 0.896026134 0.487791657 -0.492914289 0.424502015
    0.405371368 0.0878373384 1.16701746 0.267213047 0.791633606
    1.56003582 1.2509253 0.492160976 -0.106904745 0.421726882 1.20751762
    1.72777247 1.1725409 -0.712271869 0.656331599 -0.166024745
    1.07345498 -0.516676903 0.39926362 -0.69533962 -0.362763643
    1.60389829 -0.091838479 1.58430457 0.413590848 -0.772100627
    1.4615562 0.605449378 -0.0716385245 0.0613104105 0.387830973
    -0.732425749 1.27642632 1.15805697 1.11952233 0.43457967
    -0.201685488 -0.440030724 1.72267318 1.07441282 0.883722842
    0.0108244419 0.792890549 0.600248337 -0.392325282 0.14269346
    0.209510863 1.81555104 -0.535443425 0.245524108 -0.406127065
    0.441652715 1.7278111 1.49600887 0.149601996 1.43211246 -0.185462058
    -0.0273654461 0.138869226 -0.685027122 -0.116204381 0.0741458535
    1.73693943 -0.622688651 0.620772064 -0.355884165 -0.674975932
    0.637643516 1.28030634 1.86788559 -0.382633775 0.654938161
    1.43815219 1.74587476 1.19657993 0.406860411 1.5315094 0.778644502
    0.609923601 0.505618215 1.2145257 0.31700021 1.59774363 1.16966975
    1.16537285 -0.800084352 0.520108163 -0.356831789 0.319980383
    1.32550466 0.0829954147 0.72525239 -0.328171521 -0.0421840549
    1.56685793 -0.610316575 -0.57992208 1.80794632 -0.714112759
    -0.282966912 0.0425966382 0.964933336 0.640406847 1.22442937
    1.0127058 0.228179097 -0.46985203 0.341632426 1.06544745 1.70771766
    1.21274042 -0.00662630796 -0.0387869477 1.51920021 1.4085778
    0.221084654 0.380196035 1.18364942 0.835669816 1.0814693 0.903801203
    0.792793036 0.354469121 0.832283318 -0.627532125 0.285003543
    0.332450271 1.39893842 -0.215829551 1.5140481 1.34554017 -0.34058255
    0.246220827 -0.428686559 0.644094527 0.256922662 0.836818576
    -0.176015675 -0.67252475 0.929302096 1.32972777 -0.287715942
    0.520785749 1.80291283 0.809749961 0.470728219 -0.281053126
    0.987746835 0.717096269 -0.163799584 -0.811730385 -0.13221997
    0.9391945 1.45306122 -0.726845503 -0.423648387 1.44818902 1.30229735
    0.210095644 1.34828353 0.748393059 0.654953182 0.374852657
    1.63727725 1.54357982 1.2330904 0.79729116 0.160333753 -0.678776622
    -0.707307041 0.784156621 -0.0314698815 -0.198223472 -0.491015911
    0.788663387 0.316306829 0.312550426 -0.214126587 -0.361177325
    0.985963941 1.3176024 0.801860511 -0.274887204 -0.463877499
    1.68382192 -0.584367931 0.848680079 -0.0769283772 0.310599983
    0.368494987 0.845517159 1.79385734 -0.305402637 0.795202672
    0.0195325613 0.800524533 -0.789819121 1.46173406 0.253514826
    0.592100799 0.697629929 0.139619529 -0.129621685 1.33887911
    0.641516209 1.68666947 1.06662607 1.18358564 0.215279818
    -0.379720926 1.25167513 0.0725064278 -0.191937923 0.90707463
    1.76234651 -0.163010895 0.177589178 -0.102046013 1.05922294
    1.71127069 0.629088104 1.63170457 0.438538194 0.73522836 0.532871902
    1.64310694 -0.323581636 -0.120556474 0.963478804 1.09302747
    -0.677782655 -0.0316309333 1.2061801 1.22981024 0.3780545
    -0.0544278026 0.741208315 0.758137643 0.628401756 -0.360040039
    0.734606326 0.874839365 0.601998866 0.0292453766 -0.0159677267
    0.759653986 0.229174495 1.721277 1.67079997 1.1964618 1.41968048
    0.634903848 -0.107748389 -0.106348634 0.407063484 0.201882064
    0.621559262 1.02189493 1.14487052 1.47926164 1.29206979 -0.542836666
    -0.531680942 -0.625561714 0.788348794 -0.524958014 0.208785176
    0.971766591 -0.248480022 0.880983531 0.0366318226 0.728484213
    1.70149422 -0.280053437 0.412924528 -0.510120988 1.33445966 1.272789
    0.317372203 0.851009369 0.934325695 0.931600928 -0.141237497
    -0.388850242 -0.427030563 0.452201366 -0.334393919 -0.134225905
    1.2266016 0.602847397 0.815054655 1.66499615 -0.248272717 1.30231142
    -0.852324247 1.21521378 1.1000694 1.12122798 -0.820532024
    0.428080857 1.04183185 -0.53013134 -0.248482347 -0.558446407
    1.64295506 0.832616925 -0.720863879 -0.662889481 -0.556251168
    -0.683186352 -0.225548565 0.38316983 -0.295752585 1.74984467
    0.0295213461 1.69070899 0.205447972 -0.573174477 0.324775577
    -0.791657627 0.532760918 1.68442249 1.81835473 0.493241847
    0.658072531 1.27420473 0.751060486 0.335723341 0.526233912
    -0.356134892 1.04501772 1.47713542 1.60574985 -0.138045311
    -0.597407997 1.45221329 0.23384738 1.04347551 -0.619214833
    1.18995225 1.68025017 -0.751518965 1.71918082 1.65093732
    -0.303364217 1.0998795 1.40558684 -0.344497591 1.65486431
    -0.210138381 1.41164958 -0.771781445 1.26345372 0.563114226
    0.872480273 1.0546875 0.505385578 1.17426515 0.427307546
    -0.185018599 1.78716683 -0.130512893 -0.808910847 1.16897535
    -0.0778605938 1.19939446 1.00062108 0.982210696 1.21730065
    0.967812002 1.74386382 0.490107298 -0.761552572 1.23620367
    1.17955971 -0.127678573 1.41962266 -0.495174944 -0.0479494333
    -0.186732948 0.708488703 -0.550559521 1.77782917 -0.865785599
    -0.658507705 -0.803860068 0.359226942 1.7106365 1.57035959
    0.837806463 -0.227087259 1.32811427 -0.734054625 -0.0564349294
    0.647199392 -0.657642186 -0.282175899 0.0288246274 -0.258370578
    0.602590442 -0.754388392 0.0285963416 -0.63701427 1.71781087
    1.25572979 1.30403113 0.0565103889 1.00312459 1.74691439 1.3675338
    1.21718836 -0.0790575743 0.508184433 1.62750363 1.26258516
    1.09809566 -0.589173734 0.0666304231 0.55997324 1.30291843
    1.11121869 1.13821161 1.50492382 0.995706737 -0.242494762
    -0.176930308 0.0658691525 0.820875943 0.0369665623 1.25331521
    -0.32755667 -0.571082771 0.377482951 -0.522666216 -0.123018384
    -0.176182151 1.35293937 0.419906557 1.61898184 1.36455369
    0.947984874 1.19972813 0.234657288 0.603091419 0.528660417
    -0.660466433 -0.0850622058 -0.452508271 1.0870322 1.0649153
    0.0193837881 1.6528089 0.678531289 0.529083014 -0.569998145
    1.49702895 1.53094935 1.26430035 -0.297709703 0.560596585 1.22013557
    0.496412218 -0.482916415 -0.450258344 1.19528079 0.0324031711
    0.987901509 1.18537605 -0.66003108 1.67987132 -0.815262318
    -0.335685372 1.72256422 1.14434457 -0.323796213 0.671707451
    0.816348612 0.293647885 0.753122687 0.370150685 0.824186265
    0.524243653 -0.369386166 -0.214349926 0.148455083 -0.817190707
    0.940781057 0.031729877 0.174183905 0.340603113 0.176337898
    0.634021103 -0.20984441 1.47396731 -0.391325891 0.0886198878
    -0.721915305 -0.21848619 -0.139277875 1.3782171 0.449647844
    -0.0146220326 0.745909989 0.948364913 0.00162434578 -0.251078546
    0.988908827 -0.644481778 -0.123821914 -0.219128609 -0.69843334
    0.620413482 1.3564918 0.209122002 -0.442390352 -0.0223129988
    -0.18533361 1.55063951 0.981706142 0.754320621 -0.599341989
    1.55832958 0.591832876 1.03817153 1.69868648 0.894151151 0.916894495
    0.201206028 1.7378304 1.20006299 -0.546769977 0.938990474 1.13915479
    1.83219802 0.360482514 -0.554921269 -0.258430421 -0.529331267
    0.556279242 1.48069596 0.88632071 -0.66626358 1.00532055 0.635652363
    1.31157851 1.38622701 -0.621809185 0.721759915 -0.382731915
    0.0307225585 0.916423559 0.60664916 0.645795822 -0.0605503321
    -0.241585732 1.55407333 1.84709764 0.985448718 1.54006243 1.04855311
    -0.473268896 1.25645351 0.861220062 -0.146997809 1.73327994
    1.22096777 -0.444023818 0.997509837 0.00160515308 0.610046923
    1.04612899 -0.265830755 -0.822750509 0.810271978 0.309469879
    1.25849247 1.38484383 0.161029458 -0.31261152 1.57895231 1.38195133
    0.404463112 1.36032081 0.241622806 1.84537649 -0.273380429
    1.36253226 0.823004723 0.165069222 0.62163198 -0.686614692
    1.18880379 0.510112762 1.40200102 0.266099811 -0.133434892
    -0.344589353 0.403762698 0.6381253 1.65181553 -0.633478522
    0.226195574 0.84665513 -0.0143980384 -0.637292385 0.395712793
    -0.712564588 0.80736798 1.46048868 0.264175296 0.346899331
    0.0750907063 0.385338187 1.41627002 -0.342796773 0.123984635
    0.587956309 0.230411768 1.80527151 1.00164986 0.283078969
    0.830657303 0.987402081 0.581804037 0.785392761 0.584946454
    0.789654851 1.6756928 0.804212332 0.807880938 1.24145508
    -0.0762472749 1.6261251 0.0250290632 1.40975809 -0.325641453
    1.01742101 1.01962781 1.2393533 1.32959104 0.572938681 0.595320404
    0.627373457 1.74063206 0.359200895 0.488849759 -0.478454292
    1.19161642 -0.16492641 1.0221684 0.931205809 1.68586135 1.64771986
    0.0211198926 0.103325367 1.82830691 0.468844473 0.743396997
    -0.390762687 -0.581221163 -0.535496891 1.54127789 0.168564677
    -0.399208993 0.75444001 0.399275541 1.70308495 -0.769126534
    0.597144067 1.19334674 -0.0660074949 -0.851802766 -0.789715111
    1.13254142 0.904037833 1.51548219 -0.287274241 -0.608524084
    1.12093759 -0.561626911 0.00685691833 -0.350583941 0.544932485
    0.831178069 1.71175528 0.509582818 0.594473362 -0.0208517313
    0.315033078 0.503090739 1.67510438 0.883976877 1.75923395
    -0.185961545 -0.809549391 -0.74863559 1.63623357 1.74762559
    -0.181133687 1.02169394 -0.529458046 0.0337637067 -0.145626724
    1.70262396 0.288315594 0.15345484 0.365738273 1.26307678 1.56888747
    0.610511422 1.72537756 -0.601253033 -0.596320689 1.69003403
    -0.262206614 1.77996445 -0.162588716 0.467511535 0.33605212
    0.952315569 -0.489213437 1.73807716 1.43339252 -0.288619816
    -0.167622268 0.128472626 0.780433893 1.24210215 0.841714799
    0.23419714 1.10822594 -0.398722917 -0.503712893 0.30965066
    1.01475191 1.07035267 1.0306462 -0.717434406 1.48387992 1.61704946
    0.952905118 0.792336047 -0.273187876 1.51014543 1.82462859
    -0.229555547 0.930872977 0.162641466 0.658392429 -0.339115202
    1.2667985 0.574889243 1.79547477 1.56582844 1.08623612 0.409671307
    -0.0651405454 -0.355908751 -0.526094079 0.451904595 0.168444633
    1.72390068 0.682954133 0.376528203 0.333048165 -0.745638907
    -0.175801039 0.706786513 -0.691279471 0.254975617 1.33399653
    1.44866621 0.877475083 -0.38072291 -0.134768665 -0.374977678
    1.06549442 1.53546739 -0.877405107 0.35050261 0.335913002 1.56552541
    0.00774616003 1.00593019 0.562770605 -0.428552657 0.323423505
    1.38961494 0.673395634 -0.83233124 0.767586887 -0.39389807
    -0.523445964 0.154883981 1.60733724 1.75793743 0.492121756
    0.162825584 -0.717288911 1.45716619 0.0245086551 1.60388362
    1.65966463 0.281396568 0.0497623086 -0.314670146 -0.217191458
    0.628259957 -0.487328202 -0.447432071 1.41618538 1.45547009
    -0.477072746 1.33756351 1.29894972 1.4813987 0.349907577
    -0.317146271 0.964271724 0.896595001 1.51410925 -0.486613989
    0.420590639 0.489613116 0.00741887093 1.01120198 -0.192010701
    1.63072395 0.18086952 1.41172636 1.01861095 -0.0310871601 1.1600244
    0.895597994 -0.363708049 0.778687179 0.547519267 1.27391171
    0.0114265084 1.77849042 -0.36866492 -0.166660756 1.44927824
    -0.597380579 -0.0239603519 0.282659888 0.224205017 1.33649802
    0.964882314 -0.736944437 1.48706472 0.590114057 0.361868262
    0.90046525 1.13834429 0.874528706 1.404176 1.5322907 0.14844048
    0.941702724 1.38756573 0.668369651 -0.700174451 -0.430120111
    0.383434534 0.0588728189 1.02898216 0.204497457 0.118992388
    -0.0183519721 -0.467951089 -0.318371832 1.83758533 -0.327124476
    0.853319347 -0.552826107 1.47611427 1.40343046 0.612288415
    1.24839258 -0.191253006 0.743772924 0.0386519432 0.07674402
    -0.270581603 -0.304730654 1.11866236 -0.357658446 1.17461979
    -0.0237756371 -0.578928113 -0.158124208 -0.641009867 0.745647907
    0.753458321 0.485186696 0.131733835 1.4367435 0.456251502
    -0.100152731 1.17736113 0.177326918 -0.555018067 1.32639968
    1.64707947 -0.0604269505 1.75055289 1.26312423 -0.108916283
    -0.368617088 0.86346966 0.0818852186 -0.646250784 1.12056065
    0.377986789 -0.0252636671 1.28432512 1.56024873 1.54166055
    -0.39431259 0.488736749 1.74635816 0.714417577 1.35280895
    0.223300934 -0.391173065 1.09478307 -0.815612435 0.441102564
    -0.574434996 0.0933932066 0.402163029 1.04071641 0.3875283
    1.43048882 -0.131145954 1.19834685 1.04569244 -0.313853681
    0.209671319 0.106000423 -0.477310061 1.1362685 1.27175426
    -0.551054537 -0.339232653 0.997637212 0.607884943 0.394901693
    0.242599487 -0.183449566 1.12893796 -0.796871901 1.34665728
    0.91167289 1.50264692 0.994260252 -0.0720243454 0.61738801
    1.46698618 0.102281988 1.056072 0.274616063 0.595043957 0.334860206
    -0.600688696 0.42899394 -0.252900779 0.901636899 0.731057942
    0.680630744 0.464889467 0.476649284 0.231732011 -0.843560994
    1.25413966 0.44883436 0.582045794 -0.0223492384 1.57697392
    0.26542455 0.144161701 -0.150716782 1.66529393 -0.235921979
    0.61246264 0.694684803 0.0242058635 0.640637934 -0.29577899
    -0.148599625 -0.651601911 0.676352739 1.12599921 -0.564608693
    1.18626404 -0.611642063 0.757371545 1.0518477 -0.577923775
    0.88729167 1.37388921 0.170597315 -0.689674735 -0.543077767
    1.2878617 0.298518956 -0.574009955 -0.239736497 0.913434565
    1.56663895 0.107473671 1.67641687 0.627409637 1.62013412 0.750871956
    0.972393095 1.32239676 -0.656369388 1.68231964 0.937186718
    1.40690386 1.12143838 -0.321664512 0.669267237 0.516872704
    1.80970907 1.40492809 -0.468834132 -0.345136523 -0.526388645
    1.71877086 0.721541524 1.36169374 0.0305689573 0.644771338
    -0.301179409 0.778594077 -0.675574064 -0.276250124 1.60303545
    -0.0587148666 0.139293253 -0.346616566 1.36854053 1.4885124
    -0.168175578 -0.793617487 1.14841318 -0.346261889 -0.567560196
    -0.752829254 0.838048398 0.632204771 0.753769398 1.49315643
    1.20708275 0.732860208 0.598897517 1.54528952 -0.333415747
    -0.778750479 0.433135152 1.64057779 -0.0452512503 0.449162543
    -0.272718787 -0.41386658 -0.317926466 0.143439531 1.68145013
    -0.7785303 0.247507572 0.0207974315 -0.437130034 0.407505751
    -0.237856865 -0.224639535 1.72473681 -0.374844998 1.61606681
    1.27041507 0.842092156 0.660179436 0.960321069 1.23256755
    -0.825630844 0.820094228 1.06242394 1.75426078 0.348541975
    0.930008411 1.13951457 -0.31153506 0.959778011 0.744015515
    1.28141367 1.33270431 0.724838197 -0.17804867 1.52459383 -0.49332118
    1.24869418 0.263286293 -0.0608212352 1.00849938 -0.380160093
    1.32630813 0.336648166 1.18340254 -0.653770208 0.17545408
    -0.236054242 0.198990822 -0.2160092 -0.102584422 -0.1004107
    -0.544008076 -0.143452227 1.0517292 0.459685922 -0.346077234
    0.444155753 -0.228602767 0.490480483 1.23492098 0.584486425
    1.11659384 1.80238378 0.445799291 -0.740151823 0.210431099
    1.71244407 -0.0243480206 0.299503028 -0.668355584 -0.615316749
    0.419950187 1.57708406 0.0495462418 0.526941955 -0.641382337
    1.68066156 -0.0682498217 1.08601451 0.493880749 0.173683643
    1.71482027 -0.726588666 0.251681626 0.61002779 1.31196535
    0.365479946 1.13131452 1.60989833 0.16009748 1.65682721 0.635518193
    -0.756998658 -0.42787993 -0.357481658 1.67309809 1.35642719
    0.279361427 0.669751823 0.550647855 0.451925278 0.102289915
    0.895304084 1.11168754 1.71348333 0.490388334 0.895708203 1.09945703
    0.67929852 0.329042852 -0.599017382 1.48452902 1.04502404
    -0.339100957 1.66201496 1.49723446 -0.700347483 1.65911734
    1.28170514 -0.436622083 -0.528670907 0.493690073 0.612965822
    -0.0909691453 0.904143214 1.62581062 -0.303536892 1.17601264
    -0.199308634 0.433982372 1.17010736 0.164600313 -0.375212848
    -0.0839775801 0.971404493 1.01811337 -0.314503551 -0.725233316
    1.45152283 1.29625392 0.300311267 -0.732002258 1.38079166 -0.3941122
    0.0568726659 1.7897048 -0.685349703 0.603316724 1.20613098
    -0.682205319 1.24990368 -0.184875131 1.7079761 0.114367783
    1.57451844 -0.105939448 1.11865067 0.324022472 -0.640600324
    1.72708011 1.56592631 -0.268312693 0.896693945 0.384355485
    0.467485964 0.689945698 1.04267025 -0.46702677 1.14682198 1.09213948
    1.57195067 0.997046828 -0.269709229 0.482283413 0.78600812
    1.22845674 0.131838202 1.010988 0.417845905 -0.717811942 0.232032716
    1.47458446 0.212975085 0.757694483 1.3877809 1.50858784 -0.388852179
    0.760291457 0.968936384 0.662729263 -0.68963623 -0.265457153
    1.41444087 0.499257505 -0.394554824 -0.481589526 0.856661856
    1.58548868 1.83295178 0.066285789 0.890212238 -0.778892636
    0.0211547017 1.73229313 1.08925986 -0.534255505 1.71193683
    1.25245786 1.5536443 0.853764355 1.49629951 -0.800353289 0.229969144
    1.29906654 1.72332597 1.78256345 1.44507861 -0.606939673 0.352712512
    0.669112802 1.22786999 0.574803889 1.32175577 0.230532765 1.38026738
    -0.209741116 0.702159882 -0.763568163 -0.384549797 -0.0366379619
    0.873205006 0.918818474 1.79193854 0.171488702 0.997024059
    0.625258029 -0.444525599 1.22373295 1.37562442 -0.605267882
    1.1039356 0.827566504 1.09799218 1.7509861 0.345843434 0.0443098545
    1.37171924 1.04974508 0.644215703 0.333108783 0.944218159 1.83697903
    0.838931918 1.61932886 0.201856792 0.522239029 0.649015784
    0.657461286 0.877526522 -0.476796091 0.897517562 -0.675715268
    1.04127645 0.523150325 0.86495626 0.521762192 -0.705339372
    -0.18359071 -0.340905756 1.28032255 1.39970446 0.0379111171
    -0.645224571 0.716966391 1.63901985 0.95419538 -0.151372433
    1.07656503 1.37992764 -0.170358777 0.477600694 -0.565020323
    -0.0759496689 1.24201214 -0.385364622 0.777552843 0.397363812
    0.230139017 1.55341733 1.34383178 0.369322419 1.18094754 0.357896209
    0.697624385 -0.175933659 0.614135504 0.336320579 0.58091414
    1.09279764 -0.223387659 0.449441969 -0.188801169 -0.412761599
    1.16790581 1.19370568 -0.563446045 -0.589676261 0.980879545
    0.757025599 0.10032928 -0.4642196 0.58204335 0.00110942125
    0.0418663621 0.228833735 -0.273143649 -0.526422083 1.2111578
    0.599075735 -0.585142553 0.0547019839 0.117473543 0.51331979
    0.242690086 0.136950016 1.20522714 -0.0480337739 0.724112213
    0.842491448 0.596434832 1.01733017 0.218033314 -0.483427763
    1.21950173 1.04017472 0.200942099 1.39488244 -0.552800775
    0.920575976 -0.627531767 1.16496897 1.18531513 0.222071111
    1.09850454 1.74621534 1.13259828 0.945161581 0.635906279 0.177621543
    0.565822959 0.571591318 0.11575824 0.579591572 1.38093233
    -0.087453723 0.248046815 1.79814374 0.962671995 0.245989025
    -0.214929044 0.581439972 0.716853559 -0.145138502 1.01563919
    0.361480594 1.69412053 -0.733475029 0.236656249 0.50979054
    0.90356046 -0.0262729526 -0.538174391 0.505409539 1.5090313
    -0.661623836 1.63803744 0.287545621 0.249471247 1.3584342
    0.522851408 0.654182673 0.688009799 0.495121717 0.0418488383
    0.394054115 -0.227778494 1.54827511 0.0407957435 1.24818444
    0.0370069742 0.817258179 0.0418040752 -0.0441179276 -0.460948646
    1.09889293 1.03083253 1.65443683 1.7134558 1.57693326 1.2292186
    0.946297348 -0.811401427 -0.298843503 0.886919796 0.679975629
    -0.481453329 -0.141492188 1.6757673 0.446413994 1.37249374
    1.03833199 1.63606334 1.20890951 1.57737792 -0.51126647 1.57239318
    1.00577807 0.127343416 0.470479548 0.949119508 0.242449999
    0.868527293 1.65715599 1.24529886 1.53015804 0.290847898 0.99233669
    0.800215065 1.51875734 1.51950669 1.51040769 1.51940465 0.290871203
    -0.184276938 -0.296651304 0.0566275716 -0.398960292 1.05925107
    -0.590141058 0.0595277548 -0.643190503 0.664986789 0.736649811
    0.793943167 -0.133492291 0.990107417 1.48636031 -0.776476502
    0.696577191 -0.762219846 1.53824294 -0.369365752 1.087744
    -0.504922628 -0.355277032 0.3899073 -0.493026286 -0.0301019549
    0.911707997 0.0100411177 0.435753107 0.316527545 0.898553073
    0.902218461 -0.784784973 0.372800589 0.178346932 1.6347928
    1.40134978 -0.557559788 -0.290107846 -0.815660238 -0.693889916
    -0.173478067 1.42046142 0.579118073 1.02157533 -0.833241463
    0.701037169 0.790528893 1.50651026 1.2949369 1.66399491 1.10553527
    0.864439964 -0.405515343 0.428506792 -0.48266995 0.705679774
    1.06341529 0.550520539 1.06871724 1.36847055 0.478858113 -0.56583631
    1.13794994 0.67194283 -0.225299954 0.894746602 1.54519224
    0.282995522 0.770789027 -0.364353597 1.15451956 0.312542737
    0.201257467 0.280106068 -0.320927978 -0.236439824 1.23808026
    -0.0702184439 0.94684726 -0.11853081 0.0393195748 0.851718366
    0.806704938 0.0595268011 0.830071092 1.19163966 0.319734275
    1.34834027 -0.633488536 1.41528571 1.25398612 0.561081588
    0.702476561 -0.499543756 -0.341166854 -0.182914615 0.949238658
    -0.63193357 1.22563672 1.69699669 1.53564084 1.20484924 -0.713926673
    1.57870686 -0.330276191 1.55000377 1.34460211 0.707937539 1.90523314
    0.691915393 1.81761813 1.59317517 0.403951168 -0.144569814
    0.440533757 -0.0542927384 -0.071688056 1.01223588 -0.273066282
    -0.73765713 1.43493032 1.63430583 -0.393625259 0.875486672
    0.813301444 0.819461823 0.884676576 -0.561376214 1.51942015
    1.84177577 0.695359766 1.1448133 0.945467412 0.591348708
    -0.0181344748 1.53645623 0.514466882 -0.335028887 -0.64217627
    1.35714555 1.73343468 1.472929 0.0340518951 0.610913336 1.05975533
    0.506278992 -0.851562679 -0.753948092 0.782001317 -0.678118706
    0.351406395 0.915319324 0.929747283 1.34518957 1.49592602
    0.149200201 0.0678070188 -0.383664489 1.76631153 1.37782621
    -0.218748093 -0.196804345 -0.610160172 -0.603812933 -0.439299285
    -0.239079058 1.28300786 -0.656742632 0.790005207 -0.179243028
    0.323508918 0.569820523 -0.677637935 -0.371671855 0.771964431
    1.71290398 0.688224971 0.625245214 -0.0392773151 1.39921188
    -0.754524946 1.48792148 1.44682503 -0.409760237 0.646097481
    0.0873193145 0.216711581 0.607624114 0.551636815 -0.541042447
    1.4891808 0.795135438 1.0667398 1.3508662 0.401518643 -0.710969329
    0.971148729 0.72463131 1.59675455 -0.529149711 1.13102889
    0.980929375 1.72574353 0.0638170838 1.63103867 -0.725623965
    -0.67813164 0.296964526 1.48964739 1.06412172 0.303739607 1.13273692
    -0.112702787 0.975584507 -0.160087049 -0.0189720988 -0.477452815
    -0.307692885 -0.127625823 0.310919285 0.88292408 1.16237569
    1.04448962 0.133800685 -0.0397441387 0.294623077 -0.602564096
    0.568761885 1.09058547 -0.457818002 1.1705569 -0.434306175
    -0.739058375 1.04863739 1.4271915 0.369486272 1.26207721
    -0.386016399 -0.231690288 1.00159693 1.18712807 -0.659288824
    0.0510058403 -0.143401623 -0.374776959 0.697940469 0.951761961
    -0.0308747888 1.31159973 1.57221389 1.1783731 0.38593334 0.560191035
    0.66738224 1.03757691 1.48478723 0.321861029 -0.0957641006
    0.361397386 0.151144743 1.10890901 0.705206394 0.490608275
    1.45734477 0.174618006 1.48063159 1.57376564 1.64674735 1.74656343
    -0.429932922 1.13406432 1.47931743 1.41831708 1.85368633 0.393890202
    0.909054518 0.0843121409 -0.302755773 -0.488748789 0.245542109
    -0.502538443 0.771679282 -0.474755347 0.865735531 0.66660279
    -0.0270076394 0.397928238 1.38446331 0.482028425 -0.325259149
    1.47678971 0.717654586 1.66317093 -0.247109234 0.67180407
    -0.570720434 -0.7415604 -0.142055809 -0.563865542 0.851097226
    0.779627025 1.6453588 0.587088168 0.40613091 0.650873661
    -0.328017652 1.17248487 1.10237777 1.09617531 0.389527023
    0.890378416 -0.576461554 1.70816779 0.7116611 1.75315261 1.65936339
    -0.257248878 1.4233532 -0.826301157 0.851098418 0.200832188
    0.107899487 -0.722329378 0.398183942 -0.371859431 1.71720839
    0.291640282 -0.271428943 -0.196301758 1.09497845 -0.783885062
    -0.762417614 0.459777713 0.572832048 -0.118475378 0.544801295
    0.895400226 0.851694286 0.0491493344 0.388503671 1.20237589
    1.39749885 0.210699379 -0.600968182 1.35964656 1.28810239 1.61332655
    -0.170380592 0.704223812 0.752781808 0.254027963 1.0379076
    0.416589916 0.650385618 -0.517937064 0.83771801 0.385738432
    -0.484124959 0.8233006 1.32866573 1.28372478 0.910728395 0.189788461
    -0.647587657 -0.364786804 1.49816775 1.22870386 0.586812198
    0.0898775458 -0.72115314 1.36425722 0.35592854 0.311664283
    1.37358618 1.5881505 1.44363499 -0.518763244 1.408427 1.72192872
    -0.78754729 0.0407838821 0.64169693 -0.292487949 -0.681724906
    1.69786692 0.509035587 1.54344368 -0.147128224 -0.469072223
    0.209707081 0.0472394824 -0.260817885 1.6457057 1.46045065
    0.313458562 1.17667198 1.38465595 -0.615605652 1.78745461
    0.438687444 -0.136238694 -0.522470951 -0.0862000585 1.01150918
    1.74466586 -0.00651484728 1.16981351 -0.649178505 -0.38481313
    1.06742835 -0.21613431 1.78927636 0.352163732 0.775150537
    -0.213765562 0.174844623 -0.0732628703 1.64564085 1.33901894
    0.227194071 0.0750368834 1.11696863 -0.0243799686 -0.827676833
    0.508754492 1.24259329 1.00652862 -0.220719755 1.60738599
    -0.796538472 1.30358768 1.70844376 -0.822127819 -0.361541688
    0.650452495 0.880173802 0.362759411 0.481687307 -0.494197339
    0.35202527 -0.634234309 1.39140892 -0.699218631 0.369189382
    -0.424068511 -0.253672659 -0.785414219 1.18625832 1.50900674
    0.0670486093 0.313294947 -0.557001948 1.00515234 -0.168406248
    1.03525567 0.340451241 1.21963263 1.62633169 0.986448288 1.18023133
    1.14437199 0.882910252 0.967660964 -0.750950456 0.957314849
    0.759555221 1.44846773 0.933129966 0.332708657 0.824616909
    -0.68201679 0.302264094 0.334595621 1.7616086 1.65481663 0.43205142
    -0.083153069 -0.345220536 -0.360423148 -0.323637962 1.71016169
    0.400487959 -0.30645293 -0.742797911 -0.480139107 0.25705266
    0.404751301 1.69529462 1.07243514 1.37510335 1.60929704 0.616469741
    -0.195966482 0.695840836 -0.0868291259 -0.435460478 1.1032865
    -0.0520219207 -0.24288398 1.30390811 1.24025035 0.298308492
    1.16430175 0.596733034 1.38083923 0.889723301 -0.450383306
    1.30347514 0.455504775 1.70518804 0.980396926 -0.645770013
    0.698198378 0.491035342 0.0799939036 1.11166978 1.36927187
    1.55300593 -0.186451554 1.50390744 1.22441351 1.16223168 1.12491226
    1.13925958 1.33316016 0.560090065 0.693318307 1.35027337
    -0.831159711 -0.0624037385 0.817064762 1.69885123 -0.64732331
    0.403536618 1.36621022 -0.616561413 1.87643945 -0.774816215
    1.74642062 -0.650652289 1.18593442 0.291716397 1.06769204 1.49336565
    -0.173195839 1.59907603 0.0410740972 -0.620236278 1.66003036
    -0.341072768 1.81485295 1.20192575 1.67453027 -0.610762179
    0.138844848 0.736108184 -0.772811949 1.28469813 -0.0544157028
    0.410464644 -0.137173235 1.4764266 0.232567668 1.7272861
    -0.640512824 1.6359129 -0.771003783 0.226680994 1.33191228
    -0.617665648 -0.0751488805 0.949767232 1.21123242 1.04894757
    0.8933568 1.11464858 0.85411191 1.25054705 -0.564780593 1.53737712
    1.76286221 -0.301165462 -0.142719448 1.18557513 1.50766349
    -0.169655859 1.33203125 -0.0396509171 -0.491448432 0.0472694039
    1.34787309 0.643527567 -0.651480317 0.306649327 1.43126941
    -0.662371039 1.65045774 1.55805945 0.155861676 1.30496418
    0.598053992 -0.431803972 1.47124887 0.194034278 -0.730520487
    1.19317079 1.20862937 1.754601 1.60148692 0.0916773081 -0.660584152
    -0.685117364 0.215979218 -0.543292165 1.65444493 -0.802544653
    0.89660269 1.00632012 -0.476162046 1.9853822 -0.437699318
    -0.42504245 0.273032725 1.70441794 1.40698755 1.26216531
    -0.104589701 1.01613653 1.3284719 0.72443825 0.115182102
    -0.0125689507 0.0690534115 0.900055349 1.01250541 1.66378701
    -0.23140043 -0.0197972655 0.115596354 0.293973863 0.00961494446
    0.774641156 0.593234062 1.47684312 -0.0644462109 -0.247082412
    0.369210422 1.10637283 0.584604263 0.299155354 1.7926482 -0.38734737
    1.67543793 0.41311878 1.54193079 1.01233923 0.425014675 1.05102754
    1.00986934 0.291503608 -0.813442171 1.67304254 1.5105803
    -0.398778826 0.650932074 1.59243846 1.18509364 1.7539587 1.64759731
    -0.51237607 0.448011875 -0.463374287 0.433491945 0.667789042
    1.69299495 1.43215847 0.0677703023 0.105133355 0.489400208
    0.126685143 -0.367127687 -0.15897727 1.32882547 1.05150938
    1.70806289 1.43886054 0.947348893 1.61388075 -0.228877485
    0.685844004 0.423031747 1.09904408 -0.562554121 1.61313868
    1.01041555 -0.0502792001 -0.325463057 1.4985888 0.87379694
    1.17674375 0.395967126 0.123699009 1.59182429 -0.572869658
    0.13220191 0.138320982 1.71491957 0.032643795 0.608684123
    -0.147917271 1.71882212 -0.13411957 1.22947478 1.46273422 0.79576081
    0.861824453 -0.479364067 0.0469309092 0.638316214 0.681638658
    1.59185886 0.379960954 1.44859743 1.32740474 0.64359355
    0.00695949793 0.496702611 -0.715769231 0.130081654 1.38473773
    1.70817673 0.828117192 -0.243039131 0.0473744273 1.25905871
    0.0137602091 0.728100598 0.525700748 0.71473372 -0.457215846
    0.528425097 -0.000728487968 0.32004559 -0.431892186 0.43695724
    -0.760395646 -0.198915124 0.557377338 0.78055191 1.25045288
    0.203145146 1.55675721 -0.734995961 1.42042887 1.35401535
    -0.458229452 0.324820399 0.840302527 -0.0400455594 -0.761509717
    0.446702898 1.14063597 0.0755764246 1.42253864 0.974618196
    -0.491903335 0.777198672 0.690944433 1.1143856 0.430199921
    0.600352287 0.631616533 -0.822474122 1.51298451 1.34879267
    1.47251391 0.414003372 0.405980587 0.786728859 0.330820203
    -0.814635217 0.360486865 0.395453811 -0.292918563 -0.000883817673
    1.24203777 0.462044895 -0.339644909 -0.561438084 1.15658367
    0.788091838 0.16388613 -0.23967725 1.51666474 0.488880932
    0.916380882 0.419709444 1.10697412 -0.479488581 0.0555528998
    1.63479042 1.04924798 -0.0813900232 -0.364792317 0.260844469
    -0.446637899 1.39050412 1.26965678 1.30206656 0.631861567 1.81488919
    0.453374803 0.173121333 -0.498232722 -0.00952470303 0.201356709
    1.35767567 -0.13588661 0.603316665 0.0410866141 1.16433108
    1.10989535 0.099437654 -0.112778485 0.568281829 1.21737826
    1.44650674 0.613960326 1.05987871 0.193153203 -0.219695687
    -0.662786484 0.673975885 1.44580412 -0.185764968 1.49597049
    0.0678645372 0.843892217 -0.641212463 -0.347851038 0.117272973
    0.992170751 1.83324778 1.10695076 1.5244205 0.259188831 0.527135134
    0.135060072 -0.0455627441 -0.0285835266 -0.210304916 0.799473286
    0.604509354 1.15791178 0.119363308 0.287729561 -0.707606554
    0.338526428 -0.765525222 0.779946685 0.962135434 0.329912782
    -0.0045234561 -0.767205179 -0.179453492 -0.181990564 0.349349976
    1.46792948 -0.0338888168 -0.305710554 1.47797883 1.18065584
    -0.0227490067 -0.0325048566 1.28842902 0.92663753 1.72348213
    -0.00492307544 0.59639895 1.17307901 1.67195415 -0.33739683
    -0.761260331 0.170614183 0.874618351 1.00432193 -0.085318625
    0.605282784 0.0977222919 0.0425887108 0.950606704 -0.675456643
    1.29071999 1.54818952 1.4535594 0.484988749 1.16779637
    0.000346362591 0.865113199 -0.590453506 0.400873423 1.29794085
    0.273048401 -0.246466279 1.04360747 1.03622675 -0.46667698
    -0.113286376 -0.421524435 0.869948506 -0.523831367 1.01554394
    1.03653765 1.11554837 0.14558053 1.05181837 -0.406316638 1.27287006
    0.607454717 -0.1568681 0.434047997 0.797129095 0.574240983
    0.489654124 0.18087405 -0.0572787523 0.986908138 -0.271759748
    1.58316493 -0.360381782 0.171752453 -0.408253849 0.483736813
    1.81297922 1.02147067 0.00683045387 1.28142142 -0.234138429
    0.102828026 0.788411438 0.8684811 0.247393429 -0.211844563
    -0.279726088 1.53602266 -0.578000307 1.15221906 -0.81865716
    0.322661817 0.753113627 -0.0963625908 0.253503263 0.651770353
    0.522802293 -0.147942901 0.684090078 1.28079915 0.660410225
    -0.0213113427 0.954590142 1.42608726 -0.71899581 0.936831176
    -0.440722257 -0.121239781 -0.515965462 0.767122567 0.209272981
    1.08951211 -0.623229861 0.297628999 0.0563262105 -0.789955795
    -0.323557138 -0.52267015 0.434819579 1.42461038 1.46160054
    0.84639132 0.402163863 -0.524053037 1.21875954 1.04660988
    -0.173569322 -0.0141044855 1.88183236 1.21875346 -0.49997595
    0.838621318 0.840862393 1.23053765 -0.369967282 0.912892222
    -0.233372867 -0.104285955 1.49916625 1.39525437 1.19516826
    -0.0818380117 1.53795886 0.328757703 -0.670377016 1.55412126
    0.27546984 -0.454538345 0.601577163 0.675452054 -0.574489594
    1.17206907 -0.473596305 1.44008529 -0.108991921 -0.0398449302
    -0.47608915 1.55965996 -0.857519209 0.567464113 1.02109337
    -0.817829251 1.67161024 1.2790885 0.139818966 0.111333549 1.23976958
    0.902533472 0.238830805 1.10150647 1.57576847 -0.437192082
    0.863450468 -0.227411985 0.459111691 0.893735945 -0.459413439
    1.58349156 -0.720849752 1.17962956 -0.670410633 1.11774993
    1.16795301 1.70578957 0.718671501 0.316452205 1.38401031
    -0.531005204 0.144526362 -0.400987715 -0.772441149 -0.45909223
    1.43674016 1.28520656 -0.851695836 -0.557172894 -0.0801560879
    0.768363595 1.49566579 1.15015066 0.842062235 1.39804447 0.734102428
    -0.438254118 -0.595171452 0.492878973 -0.207276225 0.658081472
    0.500111163 0.0875219107 1.75779998 0.933060944 0.515564501
    -0.761545479 -0.401275873 0.893775403 0.663080812 0.852297664
    1.60775852 0.638376415 -0.400594294 0.971044779 -0.489870906
    1.55044663 0.959685564 1.42808163 0.588154793 0.445421934
    -0.214864194 0.623206794 1.1528461 -0.274626017 0.415369451
    0.356972158 0.269810796 0.595416665 1.53430748 1.59991264 1.16981459
    0.437864423 0.461995065 -0.728498459 -0.267395794 -0.126807094
    1.76232243 -0.230007648 1.68040049 0.0913066864 1.55213273
    -0.78866446 0.00684982538 -0.0259783268 1.600999 1.00474262
    1.63565218 1.48043692 1.47744751 1.32899749 -0.78092134 1.30927229
    0.0745960474 0.515295744 0.00706684589 -0.519507706 0.939248145
    -0.186411798 1.19468307 1.63582253 0.0285845399 -0.228608251
    1.6616354 0.633737147 0.891222239 0.785128415 1.50398469 1.1786809
    1.64663911 1.82416677 0.0245178342 0.948226988 1.66070211
    0.143138051 1.61243761 0.384224415 -0.554198623 1.03292501
    1.04955351 0.360737979 0.222998917 -0.237128913 0.186520576
    0.128969371 0.927938342 0.611304045 0.0814425349 -0.489669085
    0.236181319 1.62986386 0.283611476 1.85404348 -0.720435739
    -0.643817306 0.745304823 0.265067577 1.32932186 0.864868701
    1.79592371 1.3110497 0.470481575 -0.708302796 0.660940707
    0.874652386 0.299909174 0.365600586 0.645783067 1.20575309
    1.02746797 0.449120164 0.313471377 -0.23162061 0.321685314
    1.70325696 -0.243700385 1.67304492 -0.256188989 1.36518312
    1.75352752 0.45084995 1.68096316 1.29665494 -0.81417805 1.60808516
    0.89568305 1.66670561 0.702411652 -0.464115232 0.133262813
    0.150693715 0.485364377 1.74115264 -0.759083271 0.659186244
    -0.845093668 1.08693302 1.32951522 1.58977127 0.582021892 1.48966932
    0.691305399 -0.450576127 0.828094006 0.968591452 0.642497599
    0.244403899 1.61127543 0.352766871 0.491208851 1.42324698 1.72943819
    1.60605025 -0.078977704 0.618929684 0.885734558 1.19365573
    0.0939669013 0.896852791 0.483668685 0.516073883 -0.753246605
    0.0291390419 0.919293761 0.720408499 1.8426373 0.997882724
    0.330166698 1.07747805 1.62380385 -0.74515605 0.563408732 1.74945331
    0.512805343 1.67714989 -0.622306347 -0.775426567 1.55722237
    -0.234047472 0.201184034 0.221383035 0.370441079 1.65898061
    0.520083845 1.81237626 1.62955952 -0.0833146572 0.786571503
    -0.536696911 0.494005501 -0.372778058 1.10261738 0.34688139
    1.1837225 -0.720409274 0.959329367 0.324622154 1.57550466
    0.270598829 1.36598825 -0.718707919 0.833367705 1.47951925
    0.495183945 0.343786359 -0.156604826 0.739628434 1.09785366
    -0.0915924907 -0.679667234 -0.651019931 1.14101589 -0.697461545
    0.643516362 0.911868632 -0.461247444 1.70632505 -0.374257028
    1.27031088 0.753770471 0.715570211 1.2816385 0.775907278
    -0.526393354 0.00985884666 1.21877408 0.384196758 0.291397572
    -0.414053589 -0.288227916 1.0005517 1.7397362 1.45584297 0.591921806
    0.284144282 -0.0700477362 -0.583567202 -0.52419281 1.75866139
    -0.260639191 1.43474698 0.437533379 0.520231247 1.17711806
    0.219752967 0.801187158 1.01611865 -0.429317772 1.06987381
    0.495393813 0.720923364 1.66536593 -0.730148673 0.206384003
    0.378669798 0.545969605 0.275765419 -0.590790391 0.35962832
    1.12301159 1.24356365 1.72353911 1.51368356 1.62074518 1.62860739
    0.213986576 0.504521012 0.511683345 -0.668582618 0.411761701
    0.035656631 -0.452453494 -0.207976699 1.06499648 -0.173387647
    -0.840185404 0.114524364 0.454684734 0.482664108 -0.491331786
    1.79947305 -0.469650894 -0.453874022 0.627334952 0.75854218
    1.21955967 1.56833649 0.540025711 -0.318140686 0.9401353
    -0.295778751 -0.349133611 1.20483887 0.734811425 1.41553128
    1.52453375 1.7843945 0.122029483 1.58144593 1.4036541 0.844372749
    -0.275019526 1.46081066 -0.188994706 0.0813938975 -0.713825643
    0.312003314 1.81009674 0.76782912 -0.289193571 0.819541454
    -0.0102701783 1.47692776 0.858843684 -0.461366832 -0.773536086
    0.270006239 1.0272007 1.354285 0.0431550741 0.56918025 1.69253683
    1.10067654 0.149726927 0.0770405531 1.83398652 1.8999033 1.08726859
    1.38857746 1.3468833 0.231615067 -0.580870032 -0.172241986
    0.880114257 0.548141837 -0.550377965 1.46801043 -0.274404585
    0.1862185 0.0167589784 -0.702519953 0.932895124 0.614539683
    -0.174533844 -0.426016837 -0.677389622 0.526240706 -0.401050121
    -0.384474814 -0.415992945 1.46082163 -0.043821156 -0.749679923
    1.13142204 0.225628257 0.716213286 1.23306358 -0.240231991
    -0.0988469124 0.72467792 1.14833617 1.36932802 0.214856327
    -0.199294448 1.76290464 -0.713423252 0.680788457 -0.252990246
    0.486992657 0.514455855 0.088011682 0.460481584 0.718428552
    0.517987072 -0.00223720074 1.29861546 0.850792527 -0.433349699
    0.567273259 1.75344801 0.547225595 0.579368949 1.83522832
    0.184158087 -0.422001928 0.972471774 0.439615905 1.03920412
    -0.639544249 1.76178479 1.00364041 1.49062276 -0.0160487294
    -0.280204833 0.640565753 -0.580831051 0.328726053 1.58854258
    0.927953005 1.31740665 -0.0189684033 0.292178631 -0.2075755
    0.685623467 -0.377288312 0.247259021 -0.783132672 1.10463881
    1.3043623 1.73728812 1.11466312 1.46237922 0.551375747 -0.030182302
    0.703009963 0.607435763 1.51661682 1.02741957 -0.602166772
    0.578954875 0.0669775009 -0.732644975 0.597877026 -0.268058836
    0.340419829 -0.333171815 1.4840076 -0.413105041 0.938200533
    -0.450900584 -0.430980921 1.2642318 -0.421748161 0.271853864
    -0.58653748 0.125251353 -0.306445241 0.000615656376 -0.689836502
    0.124488831 1.10397124 1.10515451 1.44608116 1.25899816 1.74198103
    0.10381645 1.5155611 -0.603069663 0.647368431 1.71758914 0.72741282
    0.32437557 0.0594591498 -0.189618528 -0.144615591 0.75929004
    -0.263991177 1.41616893 1.01944923 1.00144982 0.335762918
    0.122071028 -0.438542068 -0.140893221 1.17675233 0.643573463
    0.892981887 0.184119523 1.23620486 1.71136332 -0.168317437
    -0.100768805 0.279538274 1.22160745 1.01754367 1.23560417
    0.387532115 1.21015298 1.33191288 0.180705607 0.759315848
    -0.205468893 -0.205247164 0.896853089 1.56935728 1.71780086
    0.10967046 1.76675785 0.333872855 0.974977672 0.344239235
    0.873856068 1.03402543 1.23712826 0.725045145 -0.0107044578
    0.844358087 0.826564968 1.66004944 0.599204004 1.75436521
    -0.0955646038 0.721171916 0.71811372 -0.101261914 -0.20592767
    1.77598333 1.6928407 0.199256778 -0.76360178 0.812516689 0.142068088
    1.31859744 0.420822203 0.92217499 -0.47276324 1.63802314
    -0.854377866 0.492001414 0.0617765188 -0.196239173 -0.708058536
    0.468418837 0.246643186 0.170539677 1.40950835 1.53618073 1.76924706
    0.619615972 -0.0112802982 1.35024858 1.69135594 0.0702936053
    1.01296425 -0.52295804 -0.148645401 -0.580147862 1.66409802
    1.46126115 1.19566846 -0.144796014 1.28544283 -0.249378264
    0.216336131 1.47325301 0.557604134 1.68140161 -0.168244243
    1.43296039 1.44952154 -0.560842752 0.732718885 0.691815853
    0.281077385 1.00330055 -0.131284416 0.514391661 -0.259190559
    -0.21400696 -0.286999881 0.709714711 -0.272296846 0.646505177
    0.195197642 1.85067582 1.24717343 1.36879158 1.14711595 1.48117185
    -0.00315219164 0.31986922 0.169334352 0.944734335 -0.711744726
    0.353120148 -0.76825428 -0.284288347 0.205320477 0.498395562
    1.21655035 0.938693404 1.73056126 0.12590158 1.20237076 0.940615952
    0.891510844 1.56047189 1.64085376 1.01050353 -0.097894609
    -0.656988382 1.14554513 0.880603313 -0.547477126 1.51953483
    0.462190866 0.709985614 0.106918871 0.32903564 -0.673564374
    1.85643935 -0.73411727 0.992380679 1.33897281 -0.160840094
    1.32402945 0.731548846 1.68962598 -0.0223960876 1.26187563
    0.919675589 1.34167695 -0.0723602772 -0.77167815 0.213023424
    -0.865328908 0.977588415 0.857187629 1.35505795 0.68025285
    1.36478877 -0.554977834 -0.513876677 1.01293015 1.14547992
    0.884209573 1.32866228 0.251376748 -0.236354291 0.0888651013
    0.850726128 0.720686555 1.16591573 -0.276829243 -0.139367998
    -0.176961482 0.00148940086 1.18048882 0.938846469 -0.36503461
    0.656720102 0.180624902 1.30111504 0.732656062 0.907453835
    -0.379566729 1.67805743 1.18434465 1.24461269 1.63960683 1.68927777
    0.822567701 1.66035628 1.38119602 -0.603251457 -0.442903966
    0.95843339 0.414849579 1.63145411 -0.651883245 1.6310575
    -0.261128366 -0.567803264 0.355854452 -0.725334525 -0.495591164
    0.142615974 -0.537018359 1.60879779 1.35668218 1.28637362 1.54336524
    0.279881477 1.53587615 0.828524411 -0.535499811 -0.492735714
    0.910627007 -0.231513083 0.278140247 -0.112120807 0.252915263
    0.245945513 -0.791413665 1.15191555 1.71285868 0.570442557
    -0.03209728 -0.648766279 0.32509917 1.21353269 -0.75610894
    -0.441137403 0.0702092052 0.425774992 -0.0766878724 0.543214202
    1.71133029 -0.367877364 0.154300034 1.18191469 1.24821711
    -0.790002763 -0.5798136 -0.251929939 -0.0663120151 -0.553456306
    -0.00152873993 0.712863505 -0.0630161762 -0.261039495 0.944299638
    1.7244482 0.900654256 -0.315578282 0.868607044 0.478691638
    1.62117445 0.495474577 0.14839083 0.408212543 0.852657318
    0.828690588 1.00992298 -0.621202469 0.646344364 -0.522283196
    0.841372252 1.15451789 -0.00477421284 0.474568725 -0.0767477751
    0.616685748 1.72968769 0.967559516 0.425290644 -0.630408287
    0.0019428134 -0.265043914 -0.0303994417 1.50062418 -0.299185514
    -0.473029345 0.632767081 0.373717904 1.58721638 0.429077148
    0.0933381915 -0.481907785 0.171072066 0.370033741 1.7664187
    0.442523479 -0.70075345 1.62710309 0.871116936 1.72881126 0.84372139
    0.319504976 -0.530267 -0.236829937 1.21992946 0.591272712
    -0.108850598 -0.181557178 1.53983557 0.508883297 -0.229474247
    1.7834363 0.875343561 1.63882744 0.92968154 1.4216361 -0.0378382206
    0.683038831 0.180790067 1.01236105 0.368607879 -0.666452765
    0.500790775 1.52975714 0.0805188417 0.993422925 0.739909649
    -0.0598214865 0.596924782 -0.739659071 0.415763617 1.42695928
    0.335335374 1.74057555 1.78203368 1.3967545 0.805145204 1.07906795
    -0.748661518 1.32712173 -0.580479801 0.467113137 1.59485114
    0.437595367 0.366725028 0.528310716 0.875931799 1.4563477
    -0.726693749 -0.436998427 -0.723479331 1.37431073 1.02502954
    0.124358475 -0.43366456 -0.0492064357 1.70983291 1.78298998
    -0.461510569 0.519403994 0.220044136 -0.0885902643 -0.61586988
    -0.166578174 -0.347687811 0.65910399 1.0102973 0.195944071
    -0.356946379 1.17534781 1.2606945 0.145506084 -0.196062326
    -0.403595269 0.696192741 -0.0793894529 0.550048888 0.60546279
    -0.585245132 1.11941671 1.24953926 0.219244748 0.606707871
    0.763602674 0.0901381969 1.17544961 0.854929864 1.3850286
    0.228138924 1.09844112 0.901438475 -0.0259113312 -0.21252346
    -0.654626369 0.959184229 0.599144697 1.06910563 1.25510573
    -0.206885815 0.955209136 0.164753079 1.31949019 0.999770701
    0.589331925 1.354496 1.48870289 0.857815564 0.579122901 0.748759866
    0.526263297 -0.674693346 1.51614451 0.485345304 0.422723293
    -0.857538521 0.142035246 1.64413059 -0.131435692 1.66007543
    0.925795734 1.55811501 0.945798159 -0.0628812313 0.3891837
    -0.68424964 -0.618363559 -0.463452429 0.176226199 -0.156720042
    1.72345686 0.183020175 -0.410452038 -0.610625386 -0.643383265
    -0.373169631 -0.605451107 0.914762318 -0.506441832 -0.20004952
    -0.3334665 -0.745311201 -0.782978356 1.00052583 0.377055645
    1.10835028 -0.857668221 0.484154224 -0.776732266 0.122142017
    0.581915677 0.4864586 -0.727446735 1.19959879 0.066121757
    0.725822389 -0.449287891 -0.446485221 0.857530475 -0.563313007
    1.82754898 -0.413711995 -0.0943667889 1.68944168 1.79328299
    0.344788432 0.231802821 0.148647547 0.899330914 -0.137833059
    -0.0623375177 1.51968837 1.78316629 0.223516464 -0.735037565
    0.0296592712 1.19697201 -0.382339001 1.49713612 1.36046827
    -0.745648324 -0.265415728 0.28477174 0.842912495 0.0884180665
    0.73841393 1.38408422 0.763895094 1.74096298 0.0366566777
    0.905193925 -0.0646609068 -0.163283288 1.66874647 0.52304101
    1.73461103 -0.502664924 0.172236741 1.06916285 0.817129493
    1.77387333 1.0830121 1.49495041 -0.0985614061 -0.400919825
    0.0318943262 1.08774495 0.740565836 0.94010067 -0.524073839
    0.341789901 0.867670119 -0.525979638 1.22798896 0.696601331
    1.64920115 1.39359283 1.47429705 0.51052469 0.203877449 -0.839025497
    1.13200116 1.04578376 1.4874512 1.10114729 1.13797855 -0.638543367
    1.04775548 -0.239805877 -0.588300824 1.30042803 0.151628375
    0.0694489479 1.21771264 0.418516755 1.19074154 1.33202219 1.08077264
    -0.435127497 0.634962797 -0.550532281 -0.0319015384 0.111376464
    0.357286274 0.199370563 0.830382645 -0.512649417 0.309378684
    1.20781517 0.137474775 0.728206635 0.514994264 -0.410507262
    0.825565577 0.919310391 1.03029704 1.74971199 1.15710759 0.825643241
    -0.606421232 0.970700085 0.762996256 -0.761305809 -0.480369002
    -0.0642539263 1.33084416 1.19262815 -0.738453388 -0.144839466
    0.153816581 0.532074273 0.706268132 0.87929064 -0.785040975
    -0.172870696 -0.808456123 1.4750092 1.59301233 -0.0433864594
    0.0183350444 -0.331751376 -0.0554028153 0.560726583 -0.448067099
    0.519446611 1.36884093 0.41203028 0.862359524 0.0619668961
    -0.208297372 0.422645688 1.48899484 0.792734981 0.711809337
    -0.511035323 -0.162335873 0.698127031 0.99419719 -0.219846666
    0.68745923 -0.360899836 -0.398821771 -0.428108007 0.376219153
    1.03235328 1.27698505 1.57746792 -0.705639541 -0.725150585
    0.276281416 1.13442171 0.557393551 -0.0522785187 1.46372795
    0.187407494 1.62064123 1.69425201 1.53990507 0.35338074 0.909424543
    -0.0205830932 1.79528069 -0.0112683177 0.428108215 0.69674319
    0.797353745 0.464503944 1.32145214 0.70539391 -0.27210927
    -0.30654633 1.16968107 0.682412446 0.275990486 0.0416980982
    1.36892283 1.69670987 1.61334169 -0.300800443 0.452800572
    0.105137646 0.689141333 1.03197563 0.655784667 1.73759413
    -0.29770273 -0.624688268 0.325947881 0.0677435398 0.432716548
    -0.302159905 1.30854154 1.49049842 0.884877682 1.4244051
    -0.313423812 0.624658287 0.121443093 0.0578926206 -0.146395802
    0.967660308 1.38671279 1.31051075 -0.0977307558 0.0331683755
    0.502610743 -0.616844475 0.765728116 0.763270736 0.839627683
    1.5286032 0.14664042 -0.13083142 0.227989376 1.56383896 0.734879613
    0.581234157 1.16287053 0.223076284 1.16832685 0.70506078 0.101443529
    0.0375465155 -0.637886465 -0.715582848 -0.0319831371 0.3817572
    0.104134679 0.992628217 1.76769209 -0.372544169 1.81119382
    1.36634767 0.988330066 0.398330212 -0.425372571 1.52273822
    0.98995024 1.24606442 -0.269593775 -0.0508642793 -0.80760324
    1.17649412 0.843701303 1.09634209 1.66639805 -0.628829002
    0.367252469 -0.486895829 0.676303267 1.55559301 -0.569225669
    0.454464078 0.59247148 -0.407980323 1.69774652 -0.549055576
    0.333696127 -0.490142584 1.7213304 1.5941155 1.44758415 -0.785560191
    1.45154333 1.49864161 0.471108198 0.695330143 0.653186142
    0.381636977 1.58426976 0.254876792 -0.429663241 0.219453156
    1.50228059 1.56619668 0.746974766 -0.471158117 0.315196693
    1.51696479 1.19203854 1.56329024 0.928527772 0.103601158 0.38103956
    1.59375811 1.46366334 -0.558745801 0.943983555 1.67687082 1.26304483
    0.905883968 1.72121954 1.13915968 1.23059916 -0.871673763 1.39050722
    0.388584971 0.181855857 -0.162994921 0.113145888 -0.797487974
    1.59914637 0.965605557 0.994197965 -0.321529031 1.0221293
    0.476608217 0.32930249 0.513753176 -0.394434482 0.362627029
    -0.478976339 0.0330939889 -0.555014372 0.943996608 1.53496206
    0.86283797 1.07309425 1.57323933 0.95395118 -0.577515125
    -0.718655348 -0.0118142962 1.08041692 -0.275372028 0.394243956
    1.40175545 0.413518906 1.2860781 0.25175482 0.347299039 -0.505024374
    -0.214684904 1.5668211 0.878521323 0.91208303 -0.273388386
    1.13862431 -0.373746216 0.655858099 -0.168623269 -0.0300132036
    0.588484883 1.52872252 0.319608092 0.240648985 -0.334076345
    1.6424787 0.877711952 0.536112189 1.45784187 0.886424661 -0.23787868
    0.904028535 1.08079231 -0.208667338 -0.429851323 1.48072803
    0.267935812 1.04690552 0.390123308 0.827000141 1.71323109
    0.290059745 -0.48021692 0.693952203 0.460764647 0.31179744
    -0.258833349 0.318108559 1.10596597 0.406762719 1.38820052
    0.295373619 1.56222272 -0.356378973 1.16903853 -0.191623211
    -0.318296015 -0.396517515 0.582129359 1.20205224 -0.133831918
    0.181958199 0.27455461 0.674350381 1.08993959 -0.368461728
    -0.704808474 -0.551665843 0.276183963 1.09198475 1.07042098
    -0.639233768 0.0568825603 0.915267885 -0.786712408 0.0914889574
    0.2444309 0.394167304 -0.614760578 0.59505564 0.345584035
    0.479825974 1.55106056 -0.806612968 1.54480195 0.311713874
    1.12268972 0.368314862 1.77969921 -0.702968001 1.25993657 1.57406688
    -0.550126553 0.954308033 -0.465555936 -0.0904369354 0.283961296
    -0.246446133 -0.369326413 1.86789513 1.66891265 0.460684478
    1.67920017 0.0622532368 0.203916907 -0.770670116 1.71499085
    0.380277991 0.412702382 1.06739342 1.76571953 0.0376757979
    0.390143096 1.68622351 -0.111113548 0.0754960179 0.298544586
    0.628921628 1.6129365 0.816420376 0.19505775 -0.473732561
    0.671043098 0.189649105 -0.0873434544 1.01881194 1.62259293
    1.33674359 0.153708279 0.389389873 1.76647151 -0.363318115
    1.55970848 0.335729718 1.62286615 -0.717874169 1.05853105
    0.354906082 -0.328809679 -0.177227795 0.162330687 1.46821749
    -0.512770414 -0.684934497 0.774767876 -0.399351388 1.76144004
    0.581878245 0.2299788 0.169609904 -0.502583623 -0.139170527
    -0.0604504347 -0.164511681 -0.574637651 1.23364043 0.860696197
    1.65802598 0.263070643 -0.81226635 1.77807546 -0.522912979
    1.35152686 1.3801403 -0.226484835 -0.664194047 0.222111166
    0.644791007 0.158423781 0.595026195 -0.442453533 0.238375604
    -0.172972739 -0.23911804 0.923666477 -0.567883909 1.42569065
    0.432440817 0.339381933 0.680609882 1.80043972 0.950760543
    1.47545099 0.0272751451 0.468099236 -0.748316169 1.15953779
    1.66309941 1.49763465 -0.175529182 0.275054157 0.100861967
    0.901484728 0.294613898 -0.422290474 -0.758710921 0.741788149
    0.569992959 1.20369077 -0.0475128889 -0.125305295 -0.0470040441
    -0.211664319 -0.246478081 1.20639563 -0.799622118 0.173350155
    0.441616714 1.3926388 0.0851783156 0.534675419 1.03677583
    0.0330924988 -0.348083675 0.287432849 0.508729935 0.873088539
    1.0634675 -0.412877262 -0.599401355 0.653588355 1.63588476
    0.413172483 -0.767935336 0.594974279 -0.0549988747 -0.203656495
    1.53892851 -0.834687531 1.28352165 0.0198178291 -0.261900723
    -0.83470583 0.608620286 1.71415758 1.66396785 1.80073667 0.900030375
    1.51541448 0.592187583 1.82631922 1.61062467 -0.0510364175
    1.44316876 1.17232478 0.400556207 0.32929492 -0.423478007 1.70407152
    -0.0946341157 0.0682256818 0.385388613 1.44232011 0.186830938
    0.67298913 -0.651322305 -0.76722157 -0.135627031 -0.20249778
    0.889879584 -0.161217749 1.44489193 1.43562222 -0.627704501
    0.433118701 -0.338023543 0.898954511 1.44762802 1.06687129
    0.338141263 -0.294852793 -0.418278009 1.27321744 -0.370091051
    1.59045398 0.744680643 1.34331214 1.00383973 -0.653812587
    0.314419985 1.33071196 0.541308165 -0.0914343596 0.699946702
    -0.5781582 -0.774691105 1.07048774 -0.413633645 1.70249045
    -0.489266127 0.580666602 -0.504759133 0.970752895 0.905967474
    -0.321902961 1.42118716 -0.461468905 -0.645533562 1.40027618
    1.02362776 0.369063556 0.770287752 0.59542644 1.69623947 0.110123277
    -0.722955585 0.224345684 0.592862129 1.10800004 0.664155602
    -0.265698969 0.751594305 -0.629408479 0.83443892 0.483156323
    0.712910533 -0.725086808 -0.15125376 0.129862249 0.448688924
    1.18383586 1.25778627 0.988367438 -0.462828934 1.78759122
    -0.152408361 1.46634305 0.867490411 -0.57628262 0.794810832
    -0.614436984 1.05232763 0.801094413 1.74060035 -0.425646216
    0.00624543428 0.456589103 -0.546383619 -0.569443285 -0.474040151
    0.0504078269 -0.584040999 0.888442039 -0.764928222 0.164231479
    1.19838512 0.473969102 1.77780128 0.315557539 0.601071179 1.58833838
    1.20112133 1.25165129 -0.740201771 -0.671073198 0.0170788169
    1.23538566 0.3414464 -0.363253623 1.31953645 1.58197629 0.327432334
    1.43390763 1.62687898 0.981957138 1.55061436 1.79102004 1.79499114
    1.19033659 0.0242772698 0.67433238 1.89973104 -0.161240041
    -0.322645932 1.79699874 0.358411133 0.264201641 1.43167901
    1.34677148 0.461731017 1.48066294 -0.587341487 0.153287113
    0.496820807 -0.693537951 1.44708395 0.672287405 -0.451105475
    1.56061959 0.999753237 -0.250903428 1.30580068 0.0408765078
    0.698179543 -0.349299908 -0.238820076 1.01489472 0.820238769
    1.16774917 -0.0113557577 0.875395715 0.991276085 1.43499517
    -0.545668185 0.183254302 1.16815197 -0.285425901 1.09434628
    1.28882933 1.83329177 0.603142798 0.999391854 0.581130564 1.34588218
    0.662419796 0.232185304 0.888789773 1.56875622 -0.0534621477
    1.2509768 -0.69194591 -0.641908705 1.55865741 1.04616904 1.41190624
    1.22539675 0.546893179 -0.257511973 1.60153818 -0.819010079
    0.365205705 0.296716273 0.754626453 1.57567859 1.21684575
    0.276724815 -0.164997756 1.55985665 0.295125484 -0.422736317
    -0.323180139 1.78976202 0.236676514 -0.471975535 1.54822254
    0.278799713 -0.07221663 -0.0712356567 1.67969251 -0.197088122
    0.16093123 1.62185562 1.19850552 -0.222934365 -0.556038141
    1.82427621 -0.661144316 0.180339336 -0.0376402736 1.2720747
    1.64342117 -0.328177661 1.15470695 -0.194442987 -0.500843823
    0.669548452 0.612084329 -0.146072865 1.75639069 -0.285141766
    -0.13003844 -0.425728053 -0.758925796 -0.319365084 1.17740846
    0.864247262 0.322760463 1.36982012 -0.332454026 -0.794487536
    0.00285553932 -0.839890182 1.57917595 0.718849063 -0.887143672
    1.76888943 1.59998953 1.72209299 0.873229146 0.331231177 1.49703276
    1.63332582 1.48910654 0.254470587 0.20397234 0.98682332 -0.329234779
    -0.787862837 -0.726228833 -0.615001798 0.100816071 -0.77967751
    0.633831978 0.746607602 -0.493251324 0.0206551552 0.0138638616
    1.36083174 1.43158221 0.991135895 -0.148955584 0.445602715
    0.72351557 0.257330418 -0.0909258723 0.570493042 0.595636427
    1.77729666 -0.239128351 1.33720958 -0.678503752 0.229756117
    -0.237458408 0.597006321 0.375541151 0.225299299 -0.0214779377
    1.40257525 1.36066782 -0.399894863 1.69204068 -0.204933524
    0.385468543 -0.336501598 1.57461858 1.67593372 1.16826797
    0.927896678 -0.400584579 -0.421764672 1.10924351 0.792993546
    -0.522544265 1.12466025 0.445242107 0.26256901 1.16839397
    0.945649743 1.17994857 -0.0475159883 0.127744794 -0.534834862
    -0.3654055 0.0615087748 0.852974951 0.597368956 -0.380437315
    0.045804739 -0.402507842 -0.757838249 -0.511515498 0.923924088
    1.22984254 0.386528492 -0.823630214 0.78743732 0.168755293
    0.178938329 1.04002881 1.77103066 1.30613863 0.460784733 1.40422201
    0.571619272 1.38083744 1.71770024 -0.780349851 0.906574428
    1.18152523 0.880743921 0.371033967 0.289411604 1.04916036
    -0.0379202962 -0.804365158 0.0862155557 0.0366798043 1.10970664
    1.36862397 -0.413178682 0.877235711 0.263988674 -0.0017799139
    1.51493526 1.69501424 1.33293271 -0.184732914 1.49484468 0.996810198
    1.11104918 1.09989774 0.678531826 0.686683357 1.05791223 0.156982124
    -0.364574671 -0.138224244 -0.697511315 0.555303633 -0.45629108
    -0.421684831 -0.424949706 1.54146123 -0.700482726 -0.83473444
    0.939922452 0.114192784 0.371094406 -0.0363443494 0.352336705
    1.37452412 0.895609975 1.85198772 0.5062536 0.823168755 -0.449250042
    0.609303474 0.27603364 1.43792439 1.26044989 -0.150418282
    0.259333432 0.850783646 -0.67456162 1.63633084 0.828155756
    0.00279510021 1.12184095 0.800477743 0.306186974 -0.56749928
    1.19683337 1.45947313 0.423006952 1.19652104 0.313129842 0.489878774
    -0.745976925 -0.566089153 0.604620814 1.31135297 1.63037121
    0.370008826 1.12777853 -0.730240226 1.60827947 0.840594947
    0.937818527 1.75864697 -0.739433885 1.56665421 0.128165662
    -0.00679600239 -0.152729094 -0.792999983 0.491603136 0.925719857
    0.451215744 1.7228241 -0.0374964476 -0.176514626 1.59645951
    0.349582791 -0.486773461 -0.166003048 -0.211783528 0.870512068
    1.47513676 1.18466353 0.175240517 0.884405732 0.342132449
    -0.325648904 0.177994072 1.79081821 0.239262998 1.6441474
    -0.177731097 0.580966413 1.5842185 0.256821811 -0.824638784
    0.987199843 0.465894818 0.732117355 -0.548159361 0.240958214
    1.85425556 -0.552158952 1.65505266 -0.520557344 0.561752737
    1.27489221 -0.407664835 -0.402929932 1.15393865 0.964841604
    0.513712645 1.24527407 1.00912714 -0.241682708 0.63179636 1.23362434
    0.768079519 -0.206577659 1.83244443 1.61579823 1.5134151
    0.0525848269 0.212136209 1.50127864 0.864231467 -0.805436552
    0.0654268861 1.13139272 -0.303312421 -0.495099127 1.64487517
    1.55399823 0.107637405 0.918542504 0.650325179 1.13754821 1.18902361
    0.058198154 1.10734522 0.447568595 0.877730012 1.04287183 1.70753884
    -0.75507462 0.959741652 -0.629952192 0.447761476 1.6285677
    -0.0955539346 -0.50238651 0.24070549 -0.0842571259 -0.535976887
    -0.705302596 0.150312543 0.740022421 0.581780434 1.40143025
    1.04959106 -0.601060212 1.73192453 -0.449198663 1.77157319
    0.62434721 0.987294436 -0.603987694 1.64385176 -0.473363549
    0.415370047 0.830926478 0.855177879 0.665766537 1.65069556
    1.36558604 1.61777902 0.611132503 0.244309723 -0.282592058
    -0.672010362 -0.245030642 1.2172668 1.54774809 1.82032347
    0.0521986485 -0.443280041 0.271173358 -0.759590685 1.26270509
    0.237275839 1.1023134 1.09661496 -0.423264861 -0.033899188
    -0.340243399 -0.353832304 1.73841023 0.812196136 0.493160009
    0.436847687 0.23446089 0.532141387 0.857677281 0.699101627
    0.908311605 0.705995917 0.71047318 0.085496366 0.0304361582
    1.03448677 0.250050962 1.36025596 1.6185205 1.65975094 1.05707991
    0.570246279 1.51721072 0.744245529 1.62702203 0.587697446 1.3815608
    -0.655380309 0.806715786 1.40837383 0.464376926 0.241801262
    1.80332148 0.437322319 0.854462206 0.193670154 0.929448724
    0.343883753 1.49658954 -0.251901448 0.163556337 -0.633354723
    1.77298665 0.00489485264 -0.657215178 1.66384721 0.571196675
    0.390555203 -0.776782274 0.772507787 0.701669097 0.67901808
    0.327931404 0.175633907 0.715676546 0.759986997 0.684279203
    0.697029352 1.0362215 0.650493622 0.784247637 -0.790226161
    1.25298595 0.0452393889 0.457189083 -0.0796679258 1.05936551
    0.699588895 0.237122178 -0.360594004 0.476189494 -0.704187751
    -0.120791852 1.73874998 -0.714719832 0.825060725 0.588222086
    1.65572524 -0.224983633 1.64834177 0.0919953585 1.60643339
    0.560404599 0.839085579 -0.761072159 -0.230153322 -0.517169416
    0.333777785 2.02248335 0.122684538 0.423221737 1.26749015
    0.696607888 -0.289118141 -0.491204679 -0.147393048 1.45330429
    -0.269056439 0.429064274 1.74290502 1.65600419 0.742893219
    0.36290884 0.948454201 -0.351296365 0.493492067 -0.381744385
    -0.660703361 1.18790615 -0.801326394 0.357328236 1.54668379
    0.945463061 0.248818338 0.518558562 1.50799632 1.58178747
    0.626838803 0.48289752 -0.179427803 0.8812778 -0.538624823
    -0.405993372 1.54240155 0.573525012 -0.435795426 0.26730448
    0.866570115 1.47223759 0.332004964 -0.193177283 -0.100877523
    1.04106236 1.26995158 -0.0385446548 -0.21204257 -0.303489864
    1.80901861 0.674252868 1.05237424 -0.631235003 0.978416145
    0.741614819 1.27151048 0.378636897 1.05076623 1.57179284 1.47183084
    1.66940427 1.74809349 0.0475047231 1.71633554 1.11230516
    -0.886668205 1.26379371 1.77849889 0.204099596 -0.146865249
    -0.593026161 0.347484171 1.8782562 0.164043486 -0.613177896
    0.103990912 -0.469293803 1.7291491 1.73667336 1.35489631 0.821742415
    1.42073512 0.651722908 0.106078684 0.128950357 -0.328421891
    1.3886987 0.723477542 -0.622680902 1.36268187 1.0036099 -0.235210061
    -0.27535665 -0.583751738 0.833901048 0.516030252 0.749450505
    0.489188969 0.108069777 1.425915 -0.112730026 1.10939264
    -0.645041823 0.949990034 0.156695187 1.76926279 -0.365833163
    0.101795852 -0.221318185 -0.00405979156 -0.507047534 1.19052172
    0.560236514 -0.385596812 -0.812473714 -0.254484534 0.306899905
    1.08688331 1.10750604 0.572171092 -0.0945725441 1.22055662
    1.16899407 -0.705970585 0.302814543 -0.0100380182 0.287153184
    -0.295709908 0.748824954 0.798068345 0.594053864 -0.298025012
    1.20497847 1.33871639 1.4172008 1.54317808 0.578825951 0.496560931
    1.81079578 1.27094984 0.650596738 0.10316962 0.356116295 0.697217047
    1.19802868 1.13989615 -0.61639607 -0.121075988 0.121333301
    1.19953775 -0.269549549 1.7956183 1.06994534 -0.350145012 1.14407206
    0.188159049 1.14034367 1.33760357 0.827141464 0.807616174 1.47623062
    -0.114635289 0.518971264 1.26654816 -0.556940198 0.336437047
    1.77699757 1.44797564 0.549182534 0.732727289 -0.231578052
    0.198141336 0.686171472 -0.0705355406 1.55651248 -0.707749605
    0.875044525 0.695305824 -0.352243245 1.12097621 1.71727753
    1.48331857 -0.303377271 -0.681338549 1.44074035 -0.777738631
    0.527443051 1.31397462 -0.402346075 -0.2869609 1.35488224 1.6594243
    1.57645869 0.542201817 0.939057291 1.28985691 1.70095825 1.60024643
    1.5445236 0.0629849434 -0.296252668 -0.308389902 0.39516896
    0.612691462 1.39018977 0.612716615 -0.550397992 0.928060949
    -0.63167417 1.66084218 1.39164472 -0.0676127076 1.63059282
    -0.349472523 0.621158183 1.71297336 0.975904703 1.39743876
    -0.454553157 -0.680618048 1.49426532 0.157046735 0.269775867
    0.913817883 0.150574565 -0.753891289 1.81895614 1.68819427
    0.105137765 -0.496911615 -0.12074703 0.369889259 -0.278422773
    1.71238792 0.680115998 0.891965449 -0.550763726 -0.387818784
    1.32987189 1.65173388 -0.18911618 1.59379673 0.0745995045
    0.450382948 1.67238307 -0.433809012 1.37981057 -0.333013177
    0.701545835 1.58481145 0.529556394 -0.673093498 1.05290031
    -0.219946086 -0.151650012 -0.28406325 0.469531476 -0.0113219023
    1.45609164 1.55670452 0.0741414428 0.282520056 -0.0630037189
    -0.578369021 1.7021246 1.64400136 1.24128914 1.05817151 0.724434733
    0.826036274 0.986535668 1.28212154 0.372899473 -0.0794520378
    1.55658269 1.7442956 -0.292057395 -0.49558571 -0.0831023455
    1.40791607 0.201694071 1.20160198 1.16399777 -0.193656743 1.30765831
    1.3318541 -0.0239647031 -0.0945863724 1.43570113 -0.555987775
    1.4794693 0.507471502 0.859777153 1.56491494 1.4115988 1.33107448
    1.37133384 -0.395772696 -0.0865757465 0.917635143 0.39011699
    -0.523285747 1.80276763 1.36387014 1.30254149 0.543591082 1.10069621
    1.06942749 0.558238685 1.65236092 1.17651904 -0.115752041 1.1762991
    -0.267657459 -0.527257442 -0.363116562 -0.108057261 1.3246026
    0.591565311 1.5241456 0.169768751 0.541702688 1.57912183 1.57314777
    0.616229177 -0.206549764 0.670414507 0.545435607 0.734270871
    -0.311289877 -0.39165017 0.785690546 -0.64605689 -0.0865751505
    1.83531809 -0.529850602 0.411396027 -0.0306569338 1.87069058
    0.391887546 0.669684052 -0.702509642 1.04538918 -0.744196415
    0.796835542 0.879499078 0.433713257 -0.0234943032 -0.248457968
    -0.064881146 -0.0302951336 0.0800718665 -0.0759088993 -0.780871987
    1.42372751 1.79885936 0.257904172 0.668228328 0.818545938 1.63809276
    -0.0707317591 0.427390337 1.31784201 0.973218799 1.14034128
    -0.439009637 0.718241334 0.841285646 0.688929319 1.71314096
    -0.427309811 0.925339758 1.63178778 0.334138393 -0.299547136
    -0.329143167 1.76739073 0.385023773 -0.460460335 1.7861166 1.4278667
    -0.395290285 -0.176898897 1.39521408 -0.702554703 1.7322861
    0.295285225 0.0787012577 1.36332536 -0.21760875 1.54673576
    -0.689711332 -0.0228175521 0.185099959 -0.335731924 0.00891089439
    -0.128149509 -0.282206476 0.865011811 -0.384323746 -0.545159817
    -0.382569164 1.55267692 -0.338603705 -0.757387102 -0.694828212
    -0.710007071 -0.317972809 0.00724476576 -0.788140655 0.585947037
    1.7460711 -0.100540519 0.509665549 -0.0388884544 -0.687681139
    0.595961094 -0.680978775 0.873815894 -0.574909091 -0.714386284
    1.50270462 0.818476975 1.7386179 0.902836382 -0.192025542 1.31552863
    1.75322354 0.0650910139 0.303367376 -0.175290406 0.815500915
    -0.138208985 0.63614738 1.09999228 -0.832101405 -0.705908895
    0.86564666 -0.514898002 0.629982591 0.659256279 -0.819796443
    0.795981228 -0.0631170869 -0.263525367 1.34196186 1.08259535
    1.64999342 0.486164272 0.376660585 -0.168821394 1.25265479
    1.00576186 0.906406343 -0.708059788 -0.668094635 1.03723693
    0.0995655656 1.16027093 1.2883358 -0.23223722 -0.518928707
    1.15631163 -0.52254051 -0.226776898 -0.367984861 0.712711692
    1.29307175 0.414741695 0.192506492 1.39488506 -0.382011175
    1.76055241 -0.800815523 0.944262326 0.542511284 0.832730532
    1.27694654 -0.746574044 0.659026921 1.54292345 0.726094067
    0.0998310447 0.271800339 0.885527194 -0.686155021 1.16076565
    0.745792687 -0.0890558958 1.81136775 -0.52595222 1.3999331
    0.216619432 0.25144875 1.27032018 -0.351325095 0.297246754
    -0.618332148 -0.210864186 1.2645812 -0.17684871 1.27579618
    0.406302273 -0.441707373 0.686847329 0.27133888 0.359166026
    1.61665177 1.21994901 0.334765077 1.44938147 1.86635816
    -0.0283162594 -0.179200053 0.953448296 1.64936256 0.934464693
    0.298939168 -0.580670059 0.984505057 1.56663203 0.599435985
    -0.454426587 1.44502306 -0.710163832 1.77401042 -0.11732775
    1.18695474 -0.37462166 0.181146562 1.117028 -0.4606812 1.86375618
    0.394893825 1.2179817 -0.416974336 1.07428789 0.470006406 0.3071087
    0.131897092 0.26924336 1.49286199 -0.720743537 1.48534608 1.16674495
    0.035556376 -0.11749208 -0.734174967 1.78841448 1.56628084
    0.942575157 0.999309182 1.68748164 0.0187878609 -0.799443364
    1.07951474 0.0172430873 -0.378621876 -0.653581977 -0.83811754
    -0.577778459 -0.219484448 -0.729901791 -0.551409841 1.51804423
    0.319454014 1.68273282 1.61606646 -0.417134881 1.18271732
    0.388795257 0.852786422 -0.709649444 1.66932154 0.750122607
    0.671479881 0.687241852 0.956824005 -0.162258446 1.42078424
    -0.513672411 -0.671071887 -0.25790298 1.31354415 -0.768664658
    0.561309814 1.31127906 0.24195075 1.36330557 1.32036519 0.306638122
    -0.406632662 1.41241872 1.80773926 0.00273424387 -0.593410969
    1.53434157 -0.532474756 -0.253832102 0.508044302 0.874604285
    -0.379339516 1.68554187 0.350446999 1.30312133 0.911969423
    0.13174665 1.55734205 1.44005919 -0.445599377 1.35423422
    -0.257670999 0.982749045 0.151432514 0.0670724511 1.78449857
    1.46477008 0.217884481 0.967998683 0.364832997 -0.706255078
    0.830638647 0.214964807 0.752476931 1.32592392 -0.553443134
    1.05841851 1.39371681 0.270612717 -0.305998504 1.70286703
    0.583241999 1.72775269 0.895182908 -0.468393326 -0.362545341
    0.73623693 0.197580159 1.40835476 1.73392653 0.0206631422
    0.00190407038 -0.28714329 0.971194506 0.125729501 1.57463133
    -0.341907084 1.28846407 -0.632716358 1.71342576 1.49700832
    1.22514141 1.75981295 -0.146880031 0.865270436 -0.178321898
    -0.605461419 0.387019575 0.97015661 1.30890656 -0.743465602
    0.581151366 1.78394055 -0.737006426 -0.373889446 -0.54091084
    -0.282538474 0.777206481 1.40813327 0.169511199 1.25956786
    -0.632346511 0.195049405 0.212725699 0.166987121 0.728264093
    1.26973963 0.517683268 1.34102321 -0.0149567127 1.40925026
    0.355938613 -0.153291166 -0.688733637 -0.277952194 1.38005137
    -0.592474103 1.38815975 -0.508957386 -0.746601343 -0.0439159274
    1.63532329 0.0775817633 -0.0965607762 0.438553631 0.411162317
    1.00500083 0.245856583 0.32891351 -0.675619245 0.627153397
    1.43817425 0.255178809 0.249418139 -0.825914979 1.06143486
    1.21791863 -0.270039558 1.04142809 1.4269979 0.162526429 1.20047474
    -0.739752769 -0.669329584 -0.806509793 1.23341727 1.28839588
    0.369622529 0.736453652 1.57862067 0.681512117 -0.0766510367
    -0.287133157 -0.482516706 0.977958143 -0.529463351 1.17868614
    -0.55164361 1.66462183 -0.110263884 1.07716417 1.63381243
    0.142050147 1.40944743 -0.575278521 0.432844818 1.75587678 1.2128334
    -0.454304218 -0.724069357 -0.171794236 0.813530505 0.189438045
    1.50925231 0.126033783 0.240868866 -0.433502495 -0.054862082
    -0.756978631 0.699831069 -0.552844524 1.37618756 -0.0369435549
    1.46748853 1.12947059 1.04647779 1.71544063 0.282539129 1.11080337
    0.283317983 0.849782348 1.21334112 0.386310399 0.999813795
    0.873219013 -0.435084194 1.11129975 1.23818564 0.317254901
    0.494507432 0.814401627 -0.223900497 0.976200461 1.78701127
    -0.705174863 0.0819485784 0.366287708 -0.627743065 0.769344032
    0.268034756 -0.833832264 0.505655289 1.17356825 -0.138948083
    0.758305132 1.36153448 -0.646142483 0.58397454 0.373088717
    -0.513693273 -0.364236712 0.428410828 1.79891407 0.439921439
    -0.0609174967 0.853976846 1.29380202 0.3209306 0.00393170118
    0.115451336 0.840660572 0.752425015 -0.610337257 -0.716626108
    1.09854102 1.35451627 1.77588964 -0.871742845 1.78805029 0.688888729
    -0.845431805 -0.177378893 0.612374485 0.7594468 1.39568615
    -0.448781163 -0.146248996 0.956644595 1.54333103 1.15483332
    -0.729299664 0.819094419 -0.0872301459 1.48583794 1.21983659
    0.997018397 0.868923068 0.169353247 0.347283602 -0.269220412
    1.09902668 0.052195549 -0.216660559 0.20622611 0.842706978
    0.815218925 0.120715261 0.505400479 -0.489433527 0.136092544
    -0.616941154 -0.0103113055 0.00172322989 -0.751567185 1.53356194
    0.842076123 -0.464137882 -0.724521637 -0.212444067 0.429825008
    -0.743089259 1.70530844 0.693246007 -0.767087519 0.842721164
    1.02835405 1.57099783 1.04907632 1.5835042 0.485526145 0.983663917
    -0.774692953 -0.500921607 0.806592762 -0.727645993 0.458241045
    0.284553885 -0.751062095 1.30182004 0.178160548 -0.129854679
    1.44250512 1.73762333 1.70173812 -0.307565629 -0.15284425
    0.124073446 0.968196094 0.519009471 1.21505666 -0.626319408
    1.13184714 1.61294508 0.0495496392 -0.148480594 0.979226172
    0.123743653 0.961803019 1.43670058 0.916646004 1.29704738
    0.418923736 0.0155611634 1.36856556 -0.641383648 -0.140345514
    0.832226157 1.39676297 -0.477620661 0.040476799 -0.780288875
    0.244838595 1.33591557 0.0723199844 0.0938193798 0.503435969
    0.844503641 1.33742237 0.383157909 0.421571612 1.30140758
    0.122681499 1.05008435 -0.225365937 -0.482793599 0.693611562
    1.25278032 0.449538887 -0.382790804 1.33378017 1.43040335
    0.293719769 0.00228214264 0.8431651 -0.327427745 0.589812636
    1.21057701 0.113782883 0.997872114 1.06778955 0.638225496
    -0.541354179 -0.353957087 0.238271475 1.75850976 1.0224638
    1.69748473 -0.129254997 1.6659677 -0.257192314 0.867536604
    0.0836346149 -0.846395016 0.90556699 0.594410241 0.701321602
    1.79900634 1.41225612 0.375845253 -0.307532847 -0.618988514
    -0.658719897 1.57647729 1.10820341 0.507283449 -0.666764677
    1.64273357 0.545360327 -0.330010295 0.412544966 0.350776494
    0.199742436 -0.243586898 1.47440755 1.05140734 -0.791990519
    0.419175148 1.08888245 -0.457311094 1.21928716 0.704246581
    -0.671538234 -0.677953005 1.21591854 1.828125 0.950037837
    0.0191993117 0.300648987 0.969275773 1.30800509 -0.499747217
    0.167127788 0.944203138 1.25934243 0.756108403 0.369638264
    1.02473164 0.76505065 -0.741625071 0.668462753 -0.600812018
    1.52102315 1.24656105 0.301600754 1.68446589 1.19553792 1.27680492
    0.660956979 -0.748408079 1.84809744 0.293231428 -0.363660544
    -0.432847738 -0.439922482 1.79716814 -0.666377723 1.0520823
    0.0822408795 -0.401013494 1.17744601 0.415583968 1.36203742
    1.59941292 1.48011303 0.0335943103 -0.174306095 1.55746043
    1.33583999 -0.366257846 0.692162931 0.863006413 0.0737150311
    1.23609424 1.17122173 -0.159042448 1.23882043 -0.399552941
    0.785935581 1.21119404 -0.618191242 -0.357041478 1.51390851
    -0.703704357 -0.216084361 -0.540472209 -0.616947174 0.740905702
    1.24937081 -0.22732538 -0.615623236 1.06979835 -0.610392749
    -0.520912528 -0.567032456 -0.0357911587 0.559693456 1.63447356
    1.08271766 -0.000876069069 0.436749399 0.535892427 -0.359441549
    1.30972874 0.131727993 -0.803964853 -0.525671959 -0.322660148
    1.72050846 0.515726507 -0.779942214 -0.181675494 0.375010192
    1.41189337 0.884828329 -0.794944406 0.853408754 -0.445983768
    1.05106664 1.75849938 0.554976165 0.19848597 1.02697563 0.948244631
    -0.370514095 1.7546593 -0.495709658 1.61366773 0.917320251
    0.346919179 1.43961561 0.623011112 -0.167996407 -0.48942855
    0.191721082 0.962797701 -0.00195980072 -0.343734682 -0.0866011977
    0.700734615 0.776638508 1.38060057 0.82222569 0.0942661166
    1.30803227 -0.716596007 0.858271778 1.62130094 1.46150136
    0.567167342 1.14798903 1.63937163 1.45221364 0.971450031 1.64720595
    -0.0989233851 -0.262100279 -0.0432398915 0.493924081 -0.52616334
    1.09448075 0.240001142 -0.722312331 0.824293017 -0.335037291
    -0.0260081887 1.82017756 0.420778871 -0.274885535 -0.593324304
    -0.33814317 0.0482182503 1.40178323 1.73067069 0.319639146
    -0.695519388 0.667919517 1.47743785 -0.127766728 1.11724448
    -0.754781544 1.14762723 1.40342283 0.205147803 0.809450626
    1.60383713 1.15207219 1.42957628 1.08607864 1.78383052 0.0888901353
    0.00359046459 -0.280828893 1.22688222 -0.103235364 -0.071795702
    0.193315446 0.0526896119 -0.311094731 -0.160058975 0.698157549
    0.882525504 0.104983866 0.572382689 0.452543378 -0.335608721
    1.1495688 1.6193068 -0.0504952669 -0.339991033 0.0848385692
    -0.438306749 0.309595346 0.393425524 1.32848465 0.0448724627
    -0.25654763 -0.182934165 1.17474222 -0.69211483 1.83248079
    1.61750996 -0.64814955 1.7561152 1.78000903 -0.530361891 0.325002313
    0.364160419 1.53094578 1.05707669 0.868370116 0.518546283 1.3537848
    0.942318499 0.627823174 -0.35962224 -0.613069415 0.145178795
    -0.0873431563 0.354566514 0.23970449 0.746805727 0.736572981
    1.53060353 -0.655274451 0.355453908 0.518495321 0.196284056
    1.56970084 0.159922004 1.31776142 -0.113798618 -0.707427025
    -0.531157374 1.44023991 -0.439446419 1.15440178 0.457646012
    1.1263746 0.473308444 1.18286657 0.88703531 -0.654404879 1.10357833
    0.0295949578 1.59934187 0.933730185 0.379848003 0.761421382
    1.17403507 -0.54360497 1.04812837 1.30821466 1.06490469 1.06499672
    -0.00574803352 0.678675175 1.31870151 -0.0777696371 1.78901672
    0.758021116 1.72092783 -0.576039314 0.861568749 0.901673913
    0.157539606 0.217528582 0.738873303 1.73660803 -0.503162503
    -0.0350349545 1.33538556 1.46351409 0.560747385 -0.701843858
    0.301046073 -0.64631933 0.884735703 0.752870023 1.5101645
    -0.218558669 -0.36969012 0.23521924 1.55618429 -0.528866053
    -0.335909694 -0.650301039 -0.465180218 0.204244792 -0.447301269
    0.680010974 1.84935474 1.41575849 1.43287039 0.683044493 1.71945465
    -0.148828685 1.46209538 0.589882553 0.379595399 0.947435737
    -0.691562593 0.238190532 -0.816384017 1.10563636 0.692441583
    1.76870549 0.351695478 1.38922906 0.331632495 -0.382457286
    1.34361839 1.64897537 1.74387133 -0.53575331 1.88533902 1.06873298
    0.376798809 1.67557049 1.84476733 1.50990033 -0.329477161 1.63498557
    1.39978302 0.784134448 -0.726867914 1.42903984 1.40685248
    -0.245357215 0.210440099 -0.509909749 1.89015448 0.1936028
    0.566516817 0.980211616 -0.252327085 -0.329995513 -0.152125299
    -0.759035408 0.996173799 -0.0139168501 0.959435761 0.0576575398
    0.670037389 0.71717602 1.30574346 1.48679173 -0.108411789
    0.0783292651 -0.665306926 -0.861206353 0.931041539 1.41872251
    -0.248059094 1.70923495 1.3808825 0.488714457 0.686661184
    -0.828619361 1.49563026 -0.395937979 -0.596925974 0.559797943
    0.536950111 1.73295021 -0.318042636 -0.168468237 1.50554156
    0.933039129 0.931521058 1.1211288 -0.640849411 1.49695516
    -0.713553369 1.09588647 -0.175851285 0.806808949 0.889561474
    -0.069483757 1.54725158 0.333162725 0.376057208 0.867910445
    1.16853309 0.376511931 0.274155319 0.449372768 -0.599358141
    1.62242937 -0.476340234 0.0913722515 -0.108038008 0.393222988
    1.84079456 -0.340989441 -0.0183945894 1.08779716 0.355730116
    -0.0780420899 0.853167295 0.635938346 0.427020669 0.26291573
    -0.566974878 0.48738116 0.270099759 1.74258339 -0.685150027
    -0.197829366 -0.184846163 0.853547275 0.962830126 1.67897272
    1.72587228 -0.354478359 -0.0918229222 -0.433026463 0.781266928
    -0.0150598288 1.04742336 1.37053239 -0.134176135 1.75567985
    1.70859921 -0.750460625 -0.133560419 1.176723 0.830808818
    0.541308224 1.2782979 0.289446533 -0.395940363 1.42339134
    -0.190948963 -0.100761294 -0.00913310051 1.86141682 -0.642412782
    0.7178303 1.1986928 0.366203845 0.608473122 1.45570898 1.4050889
    -0.268152297 0.114933848 1.56315279 0.31343776 0.323814571
    0.974121749 -0.754252911 1.76450276 1.74447966 0.745866895
    -0.572034717 0.257716477 0.476929426 1.50923002 1.75904965
    -0.485081375 0.21484226 -0.124499917 -0.62927556 1.16094363
    -0.12749517 1.82500041 -0.51052618 -0.778293133 1.18870556
    0.230919242 0.656725347 1.7196548 0.443940938 0.725578725 1.69079578
    1.40118289 0.206992388 0.991337359 -0.0634374022 0.167861819
    1.12966788 1.60156572 -0.466335356 0.548769772 0.309794486
    1.46887541 -0.761308193 1.61155701 1.31856012 1.21684957 1.51614344
    -0.656828165 1.45495081 0.101409972 1.30891347 1.71036887
    0.201604009 0.61446923 -0.520386219 1.11521006 1.33233535
    -0.634335101 0.712709546 1.77129745 1.75806332 0.935858607
    -0.662644267 0.470778942 -0.813663125 1.16382051 1.2761538
    1.02652478 0.612885118 0.188228428 -0.253262997 1.07914436
    0.487784326 -0.590545774 0.74121207 0.450328588 -0.710118413
    1.43011951 0.185594022 0.668704331 0.757767975 1.54862738 1.04424858
    -0.649135828 1.31748378 0.0134441257 1.62151337 -0.0204932094
    1.76890421 0.530185044 -0.658032 1.4272666 -0.199500501 1.07294357
    1.03023434 1.00031531 1.54413533 1.62658763 1.65274358 -0.734578907
    0.580346882 1.48110592 -0.771805048 1.2127651 0.979820788
    0.584579587 0.732605159 -0.785416663 -0.678927064 0.438025951
    -0.601275802 1.4768486 0.929682314 0.966054022 -0.2271263 1.25637805
    1.28853965 0.890895426 1.69468617 1.65931392 -0.100442767 1.78565526
    -0.0783242583 1.55841637 1.96817541 1.41439819 0.0610949397
    1.22401094 -0.439542651 1.32990444 0.0160754323 0.83891362
    1.50499988 0.687907577 0.643762231 0.213603973 0.724769235
    1.28121769 -0.201166451 1.14889598 -0.596269846 0.419308782
    -0.365135431 0.327001691 0.98809278 1.43014836 0.0187968612
    0.0762731433 -0.799685001 -0.561030149 0.741808534 1.15668142
    0.0686061978 1.22384477 0.393222034 -0.197188675 -0.0204264522
    1.79767025 -0.693832397 -0.784754217 -0.528743625 0.499135256
    -0.315990746 0.39760989 1.22052228 1.51023221 1.36135292 1.7352916
    0.0254186988 0.292193174 1.69743371 1.57593369 -0.4173356
    0.831673443 0.701198399 1.59248614 -0.522709191 0.884335995
    -0.00321340561 0.697453439 -0.640507936 -0.368643433 0.0409080386
    1.36155677 0.156980038 -0.435973167 -0.575631022 -0.618262172
    -0.178405523 1.37769151 1.15166342 -0.221659601 1.15286171
    0.0675297379 -0.420014858 -0.322185338 0.0752427578 1.42717814
    1.36148477 0.799641907 -0.300089419 -0.353008151 1.44219732
    0.148598433 1.68256664 1.79960704 0.11969167 -0.690052629
    -0.760530114 0.844870925 -0.373588532 1.12002575 1.69599867
    0.472119629 0.302718937 1.77139413 0.92490828 1.32844877 0.309737861
    1.13218594 1.42468727 -0.373353958 0.314020157 -0.178901255
    1.60973573 -0.244406164 1.31930327 0.0393331647 1.16941786
    -0.199144244 -0.31018889 -0.582028031 0.578484416 1.32298076
    0.247196019 0.193011045 -0.769673944 -0.0443281531 1.72285724
    -0.721739709 0.30874747 0.85583353 -0.231167316 -0.153955698
    -0.771689236 0.293551564 1.2425673 -0.63736558 1.58546925 1.71162105
    -0.385252774 1.58183801 0.0276619792 0.842626631 -0.620284677
    1.25396681 1.65219235 -0.374267668 1.20152855 1.35793877 1.06520581
    0.93260026 1.03874362 -0.546554804 -0.0209849477 -0.259726286
    1.83097768 1.48120141 0.5430668 1.67307544 1.78506041 1.58315015
    1.4922787 -0.469912887 -0.771631598 -0.678028286 1.23452449
    1.27227688 1.73343992 0.557097614 0.285914898 0.175510466 1.51578462
    0.361087561 -0.340305418 -0.495721191 0.60898453 0.607537091
    -0.2372576 0.428418458 1.4269588 -0.842094421 -0.698364139
    0.567769349 0.974682808 -0.730148435 1.79449248 1.60786629
    0.206715584 1.67966294 0.327345133 1.61740184 1.71036458 1.31943417
    0.891534805 1.53615427 1.07956886 0.324116886 -0.0264204144
    -0.495091558 -0.164810419 1.04196215 0.7724787 1.17202997
    0.00980633497 -0.533029854 0.356562853 -0.44058758 1.39750707
    1.03581131 0.15593636 0.363472283 -0.124880791 0.531295478
    1.12439418 1.2795577 1.85975504 1.22351909 1.28577256 -0.46370551
    0.294537485 0.546302795 0.644915521 -0.475830555 0.937557459
    -0.694860816 0.0562232733 1.27323413 1.77270389 1.35127425
    0.80897218 -0.418902159 1.63906097 0.962217987 -0.653468132
    -0.295542836 0.647399664 1.76424098 -0.4229922 1.22339845
    0.0786803961 -0.350210667 1.76704192 -0.586622238 1.43618989
    0.956437647 -0.343016028 -0.70581758 -0.590176344 0.541363239
    -0.730591834 0.0436839461 1.53485537 1.7576642 0.410508275
    0.131197274 0.577941418 -0.752050638 -0.598515928 0.832976043
    -0.197454989 0.84203881 0.301102638 0.841850817 -0.617335737
    1.22048521 0.041279614 1.28010321 1.91074038 -0.419132352 1.2851541
    0.660218477 1.52094936 0.179366112 -0.320608079 1.18999124
    0.26574713 -0.787370145 0.142486334 0.330570102 1.50203633
    -0.301278591 1.3964777 0.61509645 0.12862283 0.0408318639 1.13867748
    0.10011822 -0.725972354 1.51605058 -0.50280273 0.25985384
    0.343528688 0.925196111 0.716362655 1.32818198 0.0914945006 1.561728
    -0.265006244 0.702652872 0.925522685 0.393164456 1.47082758
    0.077532351 1.29637229 -0.102497399 0.300768614 0.851256311
    1.30020821 1.4012711 -0.342566907 1.13395381 1.07378781 -0.651145875
    -0.436428577 -0.806726277 0.817131937 1.31857872 0.160731018
    1.59348118 0.51840502 0.688026309 -0.433217824 0.916763306
    -0.133909762 1.15000904 -0.26180023 1.84271586 1.44539869 1.05460739
    0.40634346 1.37916601 1.69696605 0.0675176382 -0.30733794
    0.109126985 -0.507085681 1.81060243 1.06889582 -0.0226512551
    0.400501251 1.43295884 0.50513792 0.713210821 1.70849013 0.680390239
    1.00048447 1.72767711 -0.534730434 0.736299336 0.0478188396
    -0.687708139 0.944299221 0.684120238 0.0715869069 0.787879467
    0.119436085 0.805273771 0.682630956 1.76332736 -0.243554175
    0.936149895 1.31149006 0.896492362 1.4842217 -0.723382652 1.31125021
    0.538952589 0.279334188 0.0743160248 0.744654715 0.900704741
    1.43639469 0.781484425 -0.446461469 1.06301546 0.707606733
    1.57966113 0.422952235 -0.488695025 0.91866976 -0.581715345
    0.877277374 1.36447668 1.06677389 -0.659072995 -0.0999867916
    0.297432244 -0.304721445 -0.0468495488 1.53488338 1.4643203
    1.11060023 0.824327826 -0.173488379 0.49390322 1.14626551
    0.833071887 0.00353765488 -0.270618498 1.25755525 0.796147883
    1.72730947 0.146108687 0.318098128 -0.656826377 -0.320288956
    0.49017632 -0.574710727 -0.546921372 1.49798262 -0.607698262
    1.65800476 -0.626718163 0.515164912 0.164212763 0.880823314
    -0.188234448 0.833846033 0.589084804 0.876694798 -0.225660801
    1.32818818 1.22112262 -0.276768684 1.68648481 1.07545733 0.964649856
    0.677215517 0.591985464 -0.607398868 -0.63235271 0.767002165
    -0.829799354 -0.599125862 1.32327211 1.55734897 1.37283087 1.5313381
    0.643639565 -0.17557019 -0.371364236 0.733775735 -0.199093044
    0.990679026 1.01531053 -0.780983329 1.15024495 0.267986655
    -0.549652278 0.116010666 -0.841779232 -0.291253269 0.917798281
    1.5658958 -0.41112265 1.19240248 1.1801784 -0.435871005 0.0429338217
    1.34164 1.74054921 1.03499961 1.1678648 0.198435903 0.398912668
    -0.189634323 -0.107282221 -0.761528194 -0.61097312 0.15291822
    -0.755829692 -0.0567417145 -0.588721514 1.45745611 0.88642776
    1.4911468 0.478580892 0.0817397833 -0.0118144751 0.52562362
    0.183600724 0.0554289222 0.763573289 0.168605268 0.587634802
    0.654551327 -0.294022977 0.870508552 0.842552841 0.791081369
    -0.757596135 -0.0329748392 -0.425844759 1.54586983 1.41501093
    -0.454013705 1.05463529 -0.011238277 0.739604115 1.11837149
    1.65014553 0.870994508 1.54911518 -0.615829825 1.34768975 1.16997719
    0.958103657 -0.0636105537 -0.33488971 -0.40054512 1.75089121
    0.338684738 -0.496577293 -0.363297403 1.7216773 0.457360268
    0.984698534 0.82705003 1.63007164 1.13853168 -0.408896357
    -0.491895527 -0.233018428 1.58208227 1.7454946 0.334924787
    0.906108856 1.49339533 0.475119412 -0.264673769 1.75969708
    0.352026284 -0.623557329 -0.0185822845 1.43428826 0.304957867
    -0.251875579 -0.348935544 0.734020889 -0.222489953 0.757063746
    0.471534312 0.636200845 1.19250298 0.443522453 0.97205317 1.45274448
    -0.671391726 -0.302156806 0.173386574 1.70341325 0.575738668
    0.791061223 0.459448755 0.597519517 0.217924118 0.236774266
    1.4854455 1.10325742 0.638143539 0.375533223 1.46007168 -0.793872952
    1.78200912 1.7347486 0.794342935 1.25822473 1.42148089 -0.589335203
    0.349260569 1.50918841 -0.872096062 0.242488682 -0.0305247903
    0.654352427 1.21702027 -0.43080619 1.35340691 1.70038319 0.638420165
    -0.361470997 -0.749815226 0.634828508 -0.0841748118 -0.701326549
    1.0303638 0.618911326 -0.452682853 1.1357882 0.342752635 0.229522884
    1.52021456 1.4414618 1.60362625 1.01491201 0.316857994 -0.447685957
    -0.0283352733 0.401906431 -0.163303554 0.16539824 1.38149095
    -0.463957816 -0.18039465 -0.585912883 0.734750211 1.80305648
    1.66857839 -0.75271064 1.38904011 0.842182398 1.29107809 0.169950604
    0.720603585 1.05043602 0.298881888 -0.0897032619 0.843805671
    -0.28314805 -0.107151628 -0.131180763 -0.33289963 -0.597752571
    -0.0948704481 -0.788301706 0.491114557 0.413774848 0.748749256
    1.06260908 1.73328328 0.0246549249 -0.279288173 1.30406058
    0.245514512 -0.04905653 0.366820574 0.413426042 0.857806683
    0.57773006 -0.769038677 0.323686302 0.989394665 1.44638288
    0.267885864 -0.037661314 0.497560084 -0.408606976 1.17409456
    -0.356013447 1.56826878 0.59912914 -0.0420026779 1.33786166
    1.76027513 -0.475984782 0.399199426 -0.270147145 0.419641972
    1.63564837 1.2456398 -0.578575432 1.80750585 0.527686656 0.871415675
    -0.646726608 1.4121685 -0.550373852 -0.777818799 -0.638107538
    0.275895655 1.82026219 -0.796151757 1.3761425 1.13939917 0.665633261
    -0.427305818 -0.463989109 1.20376015 0.489751816 1.5262208
    0.221514881 -0.233372092 -0.0371796489 1.666291 1.60418344
    -0.419461042 -0.214799166 1.60004008 1.6003952 0.576376081
    0.770157576 -0.523821831 0.285372376 1.54852891 1.74099779
    0.702654123 0.456286013 1.20234895 1.12528574 0.314972043 1.10008311
    -0.84970808 0.665675521 1.61486876 1.53691268 -0.262822211
    -0.3499102 0.307133257 0.606884658 1.41925204 0.871820211
    0.475073814 -0.553164721 -0.542257071 -0.57074523 1.60387397
    1.19307542 -0.053398788 -0.378597826 1.34702206 1.03578353
    -0.650460839 0.427683413 -0.702352524 -0.0405290127 -0.122197568
    -0.777051866 0.70487237 -0.251400292 0.800896645 -0.53210634
    0.227218509 0.00128990412 1.5952549 -0.373800993 1.47405076
    0.014193058 1.67460084 1.67020524 0.148756683 -0.308375359
    -0.0160393119 0.227205038 1.31655598 0.737441361 0.539550185
    0.345672369 0.794207573 1.12617242 1.40496588 0.95872432 0.466453075
    -0.748780727 1.11240757 0.115876019 0.136102438 -0.814392626
    0.904830575 0.355592489 1.70189846 -0.422137499 1.74428749
    -0.305265844 0.415693164 1.11680031 -0.611079097 -0.720802426
    1.84404254 0.761483252 0.270698845 0.48548907 0.137821794
    0.941231012 -0.699307799 0.326074183 -0.768453538 0.47299242
    0.489548326 -0.384596318 0.0686199069 -0.522593975 0.154659927
    0.911956787 1.14365268 0.1246804 -0.639113724 1.68851304 1.05977106
    1.55966473 0.444943488 -0.63400805 1.60474229 0.141135991
    0.493421972 0.712774754 1.19463229 1.70457554 -0.44141981
    0.159397781 0.830958247 0.50349474 1.13773823 0.548458815 1.7103436
    0.593332589 1.0184617 1.24313903 -0.217144072 1.49275005 1.24706125
    -0.306408197 0.635733545 0.570235729 -0.528505981 1.82034254
    0.297492743 -0.353996247 0.93692261 -0.757569849 -0.512366772
    0.682684362 -0.760375798 0.328539073 1.27985764 -0.433371723
    0.248779178 1.14716613 0.95403862 0.831100702 -0.322216272
    1.07867205 -0.667470634 0.164637387 1.21356201 0.204787195
    -0.594487786 1.1710366 0.666449904 0.320538163 0.60828352
    0.589798272 0.507214963 1.00520492 1.69319892 1.0768795 -0.33377412
    -0.554430962 1.05010009 -0.03319031 0.526375413 -0.266425371
    1.00169492 1.58966041 -0.198788047 -0.150297165 -0.159622312
    -0.448636621 1.41836262 -0.0137865543 0.442767262 -0.543498635
    1.20340586 -0.747101545 1.40032911 -0.46464017 0.982613146
    0.759328604 0.419552028 0.638522565 0.0783180594 0.606915414
    0.619463205 -0.632090211 1.69408381 1.4103545 1.11949813 1.08789206
    0.176447928 0.3696931 1.34152222 -0.511917114 0.103999078
    0.757175207 -0.215567887 -0.206407845 1.55508041 -0.0838825107
    1.68314457 0.790704846 0.261965573 -0.497465312 0.626748145
    1.33122182 0.817266107 0.297241867 1.15998638 0.682226658
    -0.0146491528 -0.368671 1.64194059 0.926787496 0.214370251
    -0.287928849 -0.353787422 1.09036279 1.56761265 1.737571
    -0.219957769 -0.714082897 1.14106023 0.194976449 0.605016828
    -0.732631862 0.964625657 0.374580324 1.32243061 0.417132974
    0.87236166 -0.816777468 0.821997643 -0.189601719 -0.668843865
    1.60900772 0.836955667 0.680132151 -0.143574476 -0.745794535
    0.795619488 0.903976262 -0.763567805 -0.068168819 0.243140697
    -0.853564084 1.60211587 0.761334479 0.800733089 0.0306042433
    0.8480407 1.44991076 -0.0838715434 0.807967007 0.422895551
    -0.402101815 -0.76620841 -0.5925318 1.42877567 1.01600599
    -0.0827625394 0.80493474 1.66067696 0.478865206 -0.358089089
    0.785836756 -0.746450782 1.21171117 0.749716461 -0.763116002
    1.34457874 1.3146174 1.73581564 0.847491086 -0.440892905 1.10686135
    1.34601474 -0.738263845 0.287528336 0.869610369 -0.409695685
    0.68636626 -0.280341923 0.116234481 -0.489085644 1.14231658
    1.33470702 -0.103179872 1.32132101 0.0332760811 0.627758205
    0.907949448 -0.584904909 0.923869669 0.276079416 1.83392334
    1.36980391 0.539110541 1.65546453 1.11709273 0.865263164 0.953268051
    -0.259985149 0.40337342 1.67935801 1.18933463 1.19408488 0.455600262
    0.426336586 1.70676208 0.689766943 1.07986498 -0.0551198125
    1.77232718 0.413346827 0.48759675 1.61785579 1.66086817 0.531723142
    0.45276618 -0.380382717 -0.845244825 0.123457909 0.038800776
    0.655213118 1.35204768 0.971556604 1.37013996 1.55965662
    -0.382829785 0.972126484 1.79775798 0.500407696 0.120125175
    -0.565547466 1.49740624 -0.0638080835 -0.745734274 0.175573707
    0.104705572 0.0587589145 -0.536817551 0.791190386 1.32450402
    1.73375368 0.852413833 -0.640153646 0.933900416 0.397805929
    0.289666712 1.9899478 1.22003603 -0.347633779 1.96462989 0.942135632
    0.578877926 0.215129852 -0.497668743 -0.571239531 0.320366383
    -0.417919397 -0.802134216 1.00637817 -0.243012428 1.34462881
    1.33625746 0.158308983 -0.168745697 -0.799987495 -0.263086259
    1.00693512 -0.701954424 1.11344159 0.918667972 1.21936202
    0.180148244 -0.0662904978 -0.114926577 -0.505243123 0.175913453
    0.841258347 0.486902714 1.392519 0.61146754 -0.599238396
    -0.190346301 1.44301748 1.28817058 -0.778675199 0.34904021
    0.466720104 0.163630903 1.31073952 -0.134260416 -0.473343998
    1.16709316 0.586250544 -0.37208277 0.289003611 1.02361369 1.12356424
    0.0977271199 0.773329496 1.19176769 1.4524405 -0.803489745
    0.34509635 -0.501005769 0.414602697 -0.556215882 1.5869422
    -0.52743721 -0.529209971 -0.125310659 0.918580353 -0.655456722
    0.460481286 -0.013425827 0.814489663 1.71765625 1.27719402
    0.434846103 -0.222114563 0.824589968 -0.726856947 -0.471546352
    1.30534577 0.0182439685 1.31383038 0.215473711 1.16285992
    0.288683832 0.582692385 0.939400494 1.35738802 1.04678059
    -0.299369156 -0.38367933 0.25004077 1.51990438 1.51833999
    -0.290560365 0.364046156 1.31555772 0.192650199 -0.666605592
    0.190147817 0.379220009 -0.659918845 0.49077338 1.07735801
    -0.217510402 0.801922023 -0.205490351 0.187090933 1.31278515
    -0.373444557 0.709145486 0.238299191 -0.401940435 -0.00730651617
    -0.181008697 -0.356989443 0.292167246 1.20141888 0.188984096
    0.407829642 1.23966098 -0.0833277702 1.11667526 -0.590683162
    -0.153996885 -0.286842346 0.18657887 0.102522314 -0.751338184
    -0.168397725 -0.792139113 0.089107275 -0.604902506 1.04648137
    1.59178746 -0.469436318 1.47261655 1.30384445 -0.529121757
    0.982146859 -0.613364935 0.664297521 0.252965748 0.343185008
    0.297481596 0.0358611345 0.350452125 0.455322444 0.274496496
    -0.463058978 0.308093905 1.00487041 -0.184223175 0.862241089
    -0.113077343 1.21580899 -0.0420187712 -0.594915867 0.318729281
    1.09195912 1.38784277 -0.730534911 -0.32318908 1.80037189
    0.185535848 1.26215017 0.829940975 -0.112096071 0.90822947
    0.276514053 1.28585291 -0.761903048 1.65107954 -0.463719249
    0.28233099 0.913527668 -0.803631425 0.855643988 0.0236102343
    1.11279893 1.345191 -0.646412611 -0.818466663 0.0667358041
    -0.24838233 -0.403347909 0.875317752 -0.560172558 -0.194131851
    0.403345227 0.823206723 0.66216594 -0.264963329 0.509735703
    -0.428046286 -0.146016717 0.85907042 1.78683913 1.0030477
    -0.276705086 -0.367061377 0.13726908 1.3398726 1.88250804
    -0.657891154 0.239359438 0.0348770022 -0.314154744 1.87516642
    -0.676500618 0.759397089 -0.691534877 1.50653422 0.224009335
    -0.791021049 0.707518876 1.17273664 0.616904318 1.63053846
    -0.737106323 -0.796860158 0.162606001 0.207720757 0.786284745
    0.595346391 0.408212543 -0.835878134 1.39242578 0.450592577
    1.4836638 1.5355072 0.867908418 0.535840809 0.658953547 0.721295536
    0.373065412 1.71547842 1.63289118 0.614708126 -0.628549933
    0.959131002 -0.750545204 1.22562206 -0.028167665 -0.375024945
    0.835164309 -0.0597720742 0.589348733 0.150621355 -0.300845265
    0.133476913 -0.0268976688 1.23816037 1.27064514 0.109811008
    0.257971227 1.9685421 1.26665306 0.822446465 1.38904941 1.78072023
    0.770522237 0.677821219 1.38312829 0.708991826 -0.394788235
    0.062020123 1.28664017 1.45858955 1.72435057 -0.824076116
    0.860900521 0.953085899 0.670044899 0.63893497 1.22701454
    0.741787732 0.479252815 0.609696388 0.803770304 1.33837605
    0.189046562 -0.285526633 1.40922594 0.939768493 -0.4754197
    1.11393332 0.645527184 -0.258177817 0.0518351197 -0.299772054
    0.191331029 0.579303265 0.211921096 0.594388545 0.925587595
    0.743574739 -0.463014662 -0.265386999 0.450733066 0.130181313
    0.00421535969 1.51802778 1.34208238 0.786151409 1.12121916
    1.62245274 -0.584091783 1.49187112 1.02791631 0.67347312 1.71415639
    -0.722723365 0.87888968 0.310223103 0.95785737 1.17139554
    0.0307629108 0.617257774 0.00764507055 0.648292065 0.737811446
    -0.681441844 1.12287295 0.0791410208 -0.754408836 0.467304647
    0.546339512 -0.678930521 -0.759199798 1.83282328 0.194740951
    1.37910414 1.13661647 -0.305231869 0.299369037 0.261547744
    0.357198179 0.207034409 0.707891166 1.78606439 -0.284464896
    1.69727063 -0.278305709 0.202780068 1.57075047 1.50844884
    0.0916106701 1.32094276 1.00051332 0.602291346 -0.447618395
    0.0844663382 1.67132401 1.32152891 1.35269213 1.75573552 1.29016757
    -0.518095434 1.62816381 1.16405714 1.54553127 -0.138464689
    0.686950326 0.603845358 -0.021969974 0.442901194 0.297844768
    1.0393616 1.68002009 0.142651141 -0.0227814913 1.37713385
    0.666809082 0.802090764 1.3564167 1.34541965 0.831720531
    0.0354887843 0.91803807 -0.155670106 1.08266902 1.78123963
    0.120288372 -0.124095976 1.09937322 0.68783462 -0.651816964
    1.54140437 1.76819563 1.51416743 -0.260434628 0.259272277
    0.760485291 -0.370501459 0.784476161 1.59161377 1.19919646
    1.85913122 1.15185189 0.654050171 1.57272303 1.08308148 -0.511203885
    1.62493396 0.892309546 0.651856899 1.00748658 1.40557265 1.2230432
    1.41692185 1.40552104 -0.43665278 0.570683241 0.382336557 1.04816151
    0.159491479 0.104115844 -0.785871327 1.21944141 -0.404033631
    1.56507444 0.269393504 1.22399855 1.68737483 -0.860017955
    0.200291514 -0.246545494 0.625587463 -0.475026071 1.66206539
    0.352677226 -0.605748057 0.474287868 -0.473361373 1.19184518
    0.652011871 0.150354505 0.852372885 0.2875247 1.74718904 1.72916341
    1.25251293 1.68871737 1.25780392 -0.513479948 0.787905812 1.37418091
    1.70932674 -0.142120302 -0.480223507 1.5171572 1.8353945 0.122792959
    0.698710144 -0.339862913 1.48705423 -0.428761363 1.00758052
    -0.250680029 0.901408494 -0.212069869 1.17800093 0.273767531
    0.595857561 -0.284632534 0.588393092 -0.202504814 -0.110714912
    -0.438051105 1.06519103 -0.754346848 0.135870695 0.933719158
    1.86411977 0.873645067 -0.424586564 0.175626636 1.30487847
    -0.655672073 0.787663758 -0.784889519 0.416051567 1.4572494
    1.26836228 1.55739045 -0.606595933 0.590732634 0.776558578
    0.62123841 -0.706848979 1.28356767 -0.790954351 1.3373189
    0.262693584 -0.214250147 1.682796 -0.294136047 1.25785899
    0.906271577 1.7107513 -0.317446381 0.121343315 1.72841167 1.62829208
    0.447611153 -0.357239664 0.603821754 -0.571193516 0.645181239
    0.480348349 0.441476405 -0.241881192 -0.364329338 2.14802122
    0.598621964 1.84754539 0.603753448 1.04886162 -0.449840724
    -0.692121565 -0.210241318 0.838642478 -0.779357553 0.933256328
    -0.0297818184 0.190772951 1.69728231 -0.00273305178 0.271788776
    0.59486562 0.988106012 1.59521723 1.32078195 0.417865872 1.35423851
    -0.256326437 1.60970628 0.994735479 0.338957369 1.56898475
    -0.577578485 -0.68812269 -0.222441137 0.462722659 0.877180934
    -0.261310399 1.00070822 1.26137114 1.44714618 0.795070708
    0.197151065 -0.585740745 0.395605147 1.07492661 1.45210481
    0.222496033 1.48514247 -0.196025312 0.727130771 0.812032104
    0.818889558 1.3298558 1.35474133 0.891724765 1.57217216 -0.178736448
    0.520943344 -0.683256447 -0.625227392 0.53624934 -0.506674349
    1.06807232 1.79229999 1.79357612 0.811105132 -0.232470393
    0.567014158 0.699164689 -0.333237857 0.752561986 1.29274011
    1.68479741 0.106006861 0.0109865665 0.670364618 0.62538904
    1.24606979 0.365770936 0.577098548 0.0422905087 1.89480329
    -0.285848707 1.08285904 0.291275322 0.40230602 -0.674462736
    -0.302575886 -0.568110347 1.60735905 0.638641059 0.247976184
    0.330474496 1.38730431 0.137777269 1.59289742 0.654709935
    -0.107132256 -0.118693769 -0.713151455 -0.700137734 -0.519021988
    0.20186317 1.674963 0.44991982 -0.476885527 1.44109678 0.0154272318
    0.237979114 -0.41148603 -0.0464856625 0.694572628 -0.607810855
    0.875095189 0.207820058 1.11395216 0.323637187 -0.713376582
    1.55720973 1.57503629 0.122980058 1.6330204 1.59052396 1.10275221
    -0.341875106 -0.222224772 -0.0223425627 0.0924555659 1.16647315
    0.866804957 1.76460171 1.44371557 -0.700062633 -0.14033711
    -0.302666068 1.46681297 -0.13624984 1.56456077 0.346536517
    -0.0492879152 -0.712077796 1.41602492 0.0890334249 1.16959226
    1.31711125 1.49529052 0.00365144014 1.21996927 -0.549916208
    1.66723228 0.0667331219 0.68232584 0.138343632 0.906117558
    1.59301138 0.186965644 0.63038677 -0.414052933 0.114007354
    0.215964794 -0.655356705 1.43202341 -0.660502851 0.25043112
    1.36000597 0.227435589 0.830351532 -0.829538703 0.663768589
    0.839143157 0.801439643 0.554906249 0.721981764 1.46597743
    -0.716325641 1.03280914 0.0201778412 0.809143782 1.61718941
    -0.338157684 0.276884913 0.0215001106 1.71669233 -0.870140433
    0.985889018 0.816863298 1.53932333 -0.372265339 0.885084331
    0.955075502 0.14640516 0.243814528 -0.553458333 -0.631247759
    0.204355121 0.370858967 0.408279002 1.23501849 1.42553306
    0.534601212 0.360215187 1.2796545 1.08139145 -0.627000272 1.54471684
    0.779460013 0.157088101 -0.728641033 1.32590187 0.554647267
    -0.717763484 1.01652765 -0.512582839 0.332890809 1.19324684
    0.0605118871 1.69999504 -0.720946014 0.308866501 0.378973663
    -0.272972137 0.263491154 -0.760096192 1.48578978 1.74063396
    1.60206652 -0.448622972 1.69846129 0.963279843 1.3231914 -0.56451118
    1.27512991 -0.765617967 1.04842854 0.473008811 0.895711064
    -0.281083465 0.248064935 0.990285695 0.121578693 1.4141326 0.5830338
    1.07081747 -0.753697395 0.373796821 0.292086184 -0.136322975
    0.0154300928 0.626044214 1.10961545 1.30242825 1.72725201
    -0.450506181 1.35183764 0.375325918 0.581801951 0.908293128
    0.973361313 -0.556872368 0.386130929 0.651957333 -0.335151762
    -0.260444373 1.90621281 0.546185672 -0.186207652 0.276388884
    1.62054133 1.01831388 1.44037056 -0.566181183 1.57161117 1.00243068
    0.0436308384 -0.612090707 0.0110988021 1.21003282 -0.215106487
    -0.602092266 1.53906631 -0.579436064 1.56733155 1.12494135
    0.857047558 -0.343361437 1.02100241 0.0629470348 -0.0648571849
    1.49355102 1.00423634 0.687393606 1.69578838 0.0460936427
    -0.427201927 -0.100078464 0.0369036794 1.63846695 -0.580204129
    1.31442904 0.378411353 1.25092506 1.38739252 1.36486208 1.63134861
    1.15218639 0.474237621 1.70394707 -0.0808791518 1.26143086
    1.13433874 1.24302149 -0.518313289 -0.356102347 0.573515177
    -0.324851513 0.962829053 0.115635395 1.60579538 0.381807864
    1.48691881 0.194792449 1.39898908 1.18955445 0.505479157
    -0.000771343708 1.73269129 0.141779006 1.12605357 1.42230892
    -0.811159015 0.178682625 1.53132689 1.83185446 0.410056055
    0.119294286 -0.337738305 0.705786824 0.433710694 -0.339705616
    -0.288295656 0.99555105 -0.662131429 0.452372074 1.41555154
    1.15488577 1.66796231 1.65941 0.347184718 -0.505432308 1.00384426
    1.73841476 1.01497197 0.514998436 -0.338464618 0.224347651
    1.36491311 1.10055208 -0.333384216 0.687352359 -0.600742161
    -0.370753169 1.43755937 1.21102428 0.794230521 0.400935471
    -0.728430629 0.236046374 1.37267256 -0.328271985 0.916977763
    1.67990947 -0.665906668 1.00556111 -0.690558314 1.07844973
    1.13721657 0.29645741 0.79165113 -0.0761175752 0.163386106
    0.326706111 0.465621471 0.901050746 0.500112355 0.0465767384
    1.86138344 0.047903955 -0.656813025 1.7473309 0.769278347
    0.559303284 -0.137205839 0.00185501575 0.470967889 1.47445035
    0.0317021608 -0.471285373 1.66316819 -0.083360672 0.938199043
    0.433828592 -0.702991843 -0.731546104 1.20975745 1.33450842
    1.14309263 -0.163446903 -0.616085052 1.6162796 -0.56159085
    0.936393976 -0.414205641 1.52363634 1.47355509 -0.157816112
    -0.496431261 0.944265127 0.977792382 0.567830145 0.58365941
    1.22908115 0.848221719 0.922688663 -0.602094352 0.287712276
    0.703151882 1.1377368 0.0118100047 0.76724112 -0.473790973
    1.13082337 0.896722078 -0.817333102 -0.213522851 -0.103582263
    1.23940527 0.678443491 -0.122396588 1.17493248 1.64672518
    -0.408958912 0.586941361 0.734937012 0.656716824 -0.00608581305
    0.345710993 0.73627758 0.874405921 1.63814628 1.32683945 0.179523885
    1.44188738 0.403239191 -0.684463203 -0.585386813 1.14445782
    0.170969903 -0.58511281 -0.63193965 0.368724406 1.46536183
    1.36233783 0.994362235 0.103745162 -0.6736812 0.846785307
    0.0181511045 0.00405436754 1.57672739 -0.376263022 -0.421640545
    1.64277053 -0.420391649 -0.42932573 -0.699867725 -0.462518275
    1.73189008 -0.445566595 -0.0426342487 1.03671098 1.33325815
    1.4063741 0.389903367 -0.497151971 1.3878926 -0.221778095
    0.380713522 0.441989005 0.82786864 -0.643411875 0.145146191
    -0.352614015 -0.138969958 -0.119538486 -0.374050796 0.778906465
    1.12273407 -0.594804764 1.8034488 0.153471768 1.63503933
    0.00426185131 0.139996231 -0.0970233679 -0.703849733 -0.656173289
    1.78156662 1.17765403 -0.137631297 0.773599744 0.932313919
    1.18373239 0.163458526 1.51064551 0.283390939 -0.15040502
    0.0623316169 -0.224586219 1.37670135 1.9738096 1.74434543 1.44825077
    0.919527709 0.763126493 0.475795031 1.04084849 0.260166526
    0.864376307 -0.18266654 1.14259362 -0.666493416 -0.473908037
    1.34582305 0.0324029922 0.766832232 -0.232551873 -0.176799417
    1.76156676 0.412153721 1.61332273 -0.812751353 -0.133616745
    0.352749109 0.363771081 -0.675896645 1.69154155 0.32358861
    0.45215863 -0.0766967535 1.68905783 0.540027559 -0.784799039
    0.342135489 1.38821316 0.199082613 -0.312980175 1.06128955
    0.656558871 0.209712267 1.34793007 0.193573892 0.458086252
    1.42285585 -0.747063577 -0.298359156 1.22900796 0.246228993
    1.64127159 1.56839037 0.325547338 0.806002378 -0.695786119
    1.60025132 -0.765898526 -0.320459366 -0.686881781 0.374229729
    0.550424337 1.23649883 0.404128075 -0.641166687 1.59269977
    1.35075951 0.0758597851 0.914839506 1.12315142 1.35252249 1.81280065
    -0.561159849 1.76755786 0.274524927 1.13669002 0.76906842
    -0.710828304 1.53351545 -0.112865806 -0.484329402 0.202219427
    0.0678392053 0.527278841 -0.0858843923 -0.167850852 -0.660615325
    1.64950657 -0.679585457 -0.733320773 -0.629342675 1.34472513
    0.296855688 -0.0666194558 1.37871861 -0.529058099 -0.0830082297
    0.426109433 -0.138031363 -0.680111051 -0.215566218 1.74271238
    -0.24357456 0.618049681 0.70097965 -0.513759136 0.639592111
    1.61452591 0.606368244 0.371272802 0.12288332 1.6072377 1.32204795
    1.67333961 1.19789052 0.223583579 0.742640436 -0.373657793
    -0.589365065 0.310313106 1.36143494 0.459804773 -0.163018823
    0.360014558 -0.0274121165 0.5010553 0.411693454 -0.788835466
    -0.727455318 0.593024015 1.21894455 0.116787791 -0.64004159
    0.35933584 -0.8106879 0.193497777 0.460931361 1.55393529 0.726972699
    1.1226362 -0.678403318 -0.753175139 0.851053715 -0.48509407
    0.629997313 -0.325298309 0.758179128 0.317344844 1.70940137
    -0.599040449 1.33287048 1.39254117 0.549944997 1.20201135
    0.287746906 1.30377483 -0.0340515971 1.66709375 -0.367607296
    1.20843649 0.359508872 0.712874293 1.79512405 1.13060713 0.699376047
    0.324921191 -0.528729975 0.000804781914 0.924553633 1.35557413
    1.45861626 0.538175285 0.591059864 1.60152721 0.11923337
    -0.413955361 0.218432665 1.28903127 -0.593338847 0.334932625
    0.588526726 1.6746031 0.844835997 -0.460684955 1.31925714 1.4668349
    1.38129294 -0.436514109 0.440492868 1.31998563 1.58768833 1.59493256
    0.460988164 0.398646057 0.0904357433 -0.452331364 1.55080509
    1.69879055 -0.108026564 0.285521984 0.283821285 -0.159890175
    0.992975473 1.75334156 0.561228335 1.29820347 1.43976903
    -0.725630522 -0.392020553 1.7795279 1.76423335 1.78343654
    0.202643216 0.270645976 -0.665445745 -0.245278627 0.115980983
    -0.150342643 -0.682618678 -0.429684728 -0.455430895 1.66848922
    0.100337923 -0.308543354 0.353469133 -0.00336277485 0.905181348
    0.231438935 1.76855361 1.76571298 0.236079454 0.716597736
    0.446041644 1.40244985 0.727621019 -0.818193376 1.23258865
    0.321955681 0.366569579 -0.551093578 1.37417769 0.256704807
    -0.157425463 -0.369948626 1.36404967 0.476758003 1.27757168
    1.41203249 0.693860173 0.354795933 0.738270521 0.410503268
    1.13817489 -0.618870795 -0.403120995 0.99982518 1.13641524
    0.726433754 0.440830767 1.81321454 1.90212488 -0.0822078586
    0.584219992 1.07659626 -0.355517089 1.52567959 0.979965925
    1.01038313 0.745373785 0.58565402 1.24240184 1.59774745 -0.385013312
    0.875853777 1.20123172 0.698266983 -0.189450264 0.208596945
    0.0764570236 -0.192636549 0.693365335 0.308100462 -0.376371831
    1.07445753 0.527736902 -0.64822495 0.354777217 1.32444429
    -0.453691781 -0.197349131 -0.303592026 0.0762290359 0.79093051
    1.11641383 1.47123075 1.15475702 1.48318577 -0.257688224 1.12943375
    -0.481170654 1.6204648 0.895698667 0.0728716254 -0.208443999
    -0.753314972 0.41878742 1.29931259 1.53474855 1.2807368 1.40961027
    1.10999548 -0.306144416 1.7505374 1.42978859 0.045915246 1.52030945
    1.26189113 -0.461506665 0.800189078 0.282054782 1.10736358
    0.295106471 -0.275672078 0.325588584 -0.23028338 1.82543182
    0.0587126017 -0.0105107427 -0.688493073 0.681755483 -0.198093116
    0.850738347 0.230711699 1.56426764 -0.131834269 -0.182075262
    0.236963987 1.41949904 -0.481340766 0.504733443 1.15909934
    -0.120120287 1.36144137 -0.52861619 -0.587448239 -0.187120974
    0.202555597 0.926338315 -0.4088597 -0.5605371 0.565111637 1.62568724
    1.68482232 0.648062527 1.3383286 -0.0465587378 -0.717117786
    -0.341621906 1.73052311 1.10226834 0.512435436 1.11143386 1.38065779
    -0.0867209435 0.949004471 -0.0175852776 1.43252254 -0.475684106
    0.59307307 1.48044705 -0.580996752 0.262406468 1.12498426
    0.707840264 0.114210308 -0.761428058 1.14252687 -0.649909019
    -0.0568841696 -0.0774021745 1.25932884 0.00138479471 0.971561909
    0.675955892 1.66556609 -0.331963062 -0.315233111 0.365068436
    0.996729195 0.106997788 0.978364706 1.18597794 -0.262807071
    1.51120639 0.174281955 -0.0294114351 1.50232649 -0.696150303
    0.576803505 -0.795874536 0.687810183 -0.34901312 1.39241242
    1.50843298 0.787331164 1.6446414 -0.354062796 0.559019268
    -0.419702649 1.64574564 -0.168471694 0.228100955 -0.580548525
    -0.144020975 1.29076147 0.162736952 -0.207092226 1.39164829
    -0.156689525 -0.212852478 -0.0710330606 -0.00949913263 0.169953048
    -0.631406069 1.63423312 0.33103925 1.64911759 0.292439461 1.51776838
    -0.449594975 -0.215669632 -0.800516725 0.892090619 0.265583038
    -0.412566274 1.43872547 0.699830115 1.43763995 1.62797022 1.62949085
    -0.777811289 1.65326357 0.263049543 1.30306518 -0.797544777
    -0.0363134146 -0.821357965 -0.48629415 -0.136951327 1.40448785
    -0.0153313875 0.69608593 0.163529813 0.205621004 0.724765062
    1.85687065 1.57680869 0.0482571125 0.169786215 -0.30287081
    0.505696714 1.59726882 0.125382483 -0.239388406 1.21782923
    -0.775984466 -0.117248297 0.757823288 1.32420254 1.6038686
    0.991267443 1.52083492 -0.669041753 -0.270237952 1.59444642
    -0.0261722207 -0.679522395 0.610372007 -0.260171592 -0.0594927073
    -0.0199397206 -0.5267905 0.250377059 1.67660189 0.996715546
    -0.252878249 0.0551953316 0.51450485 0.427155077 0.652735651
    -0.642447174 0.221959412 1.46829844 -0.783143759 -0.698104799
    0.694636703 1.72324526 1.36467671 -0.143684924 1.06072998
    -0.553084731 1.06096792 0.0600969791 0.962741792 -0.0924651623
    1.5555172 -0.0392330289 -0.792352021 -0.716896892 -0.569227457
    1.40573347 1.58210945 1.1549201 -0.248332903 -0.388947219
    -0.385077655 0.508281052 0.533466816 0.422962308 0.463482022
    -0.834840834 1.017946 1.29335761 0.542205632 0.966399968
    -0.489066362 1.41405344 0.728531003 -0.212619662 1.0514009
    0.875830054 0.81266439 1.38494647 0.25156498 -0.615407765 1.46991587
    -0.716867268 1.37424803 0.364833355 1.60031021 0.000129342079
    -0.0369880795 0.163924694 -0.804243445 -0.763379931 1.07701516
    1.72262549 0.663991511 1.44259548 0.601730227 0.159792066
    0.776326537 1.47448266 0.844738305 1.57519722 -0.774575591
    -0.766713619 0.613139749 0.210265636 1.43067312 -0.0587332249
    -0.240858197 -0.172642052 -0.119237304 0.360260308 -0.548075795
    0.0959111452 0.813237607 0.871935785 0.164025605 1.57990599
    1.08585107 -0.315982342 0.260659158 -0.150649905 0.555697381
    -0.168556511 1.66092467 -0.272054315 -0.223685443 0.771707118
    0.972699881 1.270468 1.33883643 -0.754984796 -0.176006854
    -0.160192132 0.70120275 1.19922554 -0.413507044 1.02723241
    -0.504021049 0.687248051 1.04468799 1.1235404 0.553422034
    0.534209073 1.42976689 0.383194983 0.570178568 0.159626305
    1.65909338 1.21615517 -0.768125474 -0.649135947 0.551500082
    -0.52969861 -0.54342097 0.724658251 1.04540563 0.81511277
    0.0940818191 0.686950982 1.73577178 1.24007237 -0.17623961
    1.67724371 -0.604462147 -0.544402838 0.117339611 0.17629528
    0.73445648 -0.787718475 0.753819704 -0.052850306 0.701945603
    -0.497299612 1.19145775 1.62415481 0.231313705 1.83835375
    -0.510939717 1.12910843 -0.00566858053 -0.227087438 -0.700076103
    -0.44538635 0.738179266 1.59186363 0.481900275 0.978118956
    0.0146909356 0.381987512 -0.340669811 1.77807832 -0.020614326
    0.389323592 0.194795609 0.487380266 1.50645077 -0.692273617
    0.719582438 -0.155579329 -0.750334263 0.981692493 0.115001738
    1.10756159 -0.387335092 -0.20272994 0.15939045 1.80122685
    0.366446555 1.50304127 -0.277059853 1.06646681 1.67641449
    -0.18427366 1.60496271 1.57586539 -0.167602539 1.20560265 1.03401637
    0.285250843 1.57497072 -0.336001426 0.728992343 1.31206191
    0.600401521 0.991006613 -0.0503598452 1.60174787 1.27670074
    0.924730957 1.79149067 -0.0719868541 -0.467838436 -0.741646051
    1.44654727 1.5414474 -0.563264608 0.525953352 0.0934992433
    -0.297261298 0.615767002 1.17747116 1.55607796 1.20255899
    -0.403194577 1.77306461 0.724081218 1.18020248 -0.300605834
    0.0423108339 1.75501013 0.327913284 -0.501575351 -0.282012522
    -0.359599024 -0.561966717 0.142165005 -0.22132194 1.47430539
    1.66394651 -0.16431874 -0.415631026 0.408554792 1.22676969
    0.70824945 -0.807316124 -0.458426386 1.58827424 -0.679868877
    -0.292271733 1.08613873 0.453884244 -0.401056617 0.628262818
    0.0653253198 1.70156813 0.155117393 -0.241611063 0.145808935
    -0.640005112 1.28057122 0.0450062156 0.633661151 0.163896024
    1.8186003 0.168297112 0.866611302 0.590719461 -0.782160282
    0.483808637 1.53558826 -0.613052249 1.50493264 1.70661736
    0.597629249 0.137511492 1.2429111 1.68299127 -0.236598134 1.56796455
    1.02306342 1.13554788 -0.0773515105 0.853034556 1.2188046
    -0.112803698 1.21944988 1.1027658 0.703506947 1.80709922 1.55377102
    0.343229651 0.184069872 1.68806171 1.87520289 0.177316964 1.49646509
    0.22178635 1.94556165 1.64597225 -0.447397828 1.10473132 0.403682292
    1.69631505 0.569737256 0.728639305 1.15850306 0.176003814
    -0.818716109 -0.276630819 0.526554227 0.345965862 -0.417686522
    1.04400516 1.07517862 1.38094687 1.73044538 -0.42440027 0.338545978
    -0.0111387372 0.0971204042 0.800057352 1.73201132 1.12439013
    0.0911855102 -0.0917118788 0.0845431089 1.70064998 1.48225522
    0.0652311444 0.621407628 1.2830559 1.41560876 -0.708455205
    0.644268453 0.928593099 0.153623641 0.674730062 0.822929919
    0.274418712 1.65747559 -0.155841827 0.54877758 0.4372558 0.789035261
    0.646602333 1.68691623 -0.184268236 1.0784049 1.32247972
    -0.310823977 1.60791647 0.67352891 1.70676708 0.359582782
    -0.859298527 0.804213822 0.643024504 1.60734475 -0.707235575
    1.19218206 1.32291865 1.03223085 0.111896574 -0.778513968
    0.650853515 -0.691573441 -0.301699489 0.929522336 -0.187355757
    1.5150497 0.500763893 -0.143931627 0.129457951 0.894865274
    0.52015847 1.62284374 0.992416561 0.35749352 0.53361702 1.75277972
    -0.615553975 1.33826756 0.673837185 1.37051749 1.77568316
    -0.0644015074 1.27394915 0.971456409 1.33779573 -0.629816473
    0.782248497 0.935002387 1.31612682 -0.2404989 0.015879631
    0.729422152 0.952086926 0.628027558 0.589126885 0.705830634
    1.73403502 1.76398945 0.261588871 0.489071488 -0.336531579
    1.44418192 -0.880198538 -0.629579544 0.32672739 1.76468754
    0.461370528 0.511259377 1.09262896 -0.130940557 -0.474726409
    -0.731416106 -0.373220414 0.447693706 1.07833135 -0.236654222
    1.22721863 1.64865804 0.662007332 0.700472176 1.40968275 1.12318921
    -0.0362617373 0.655774415 0.184389532 -0.692428112 0.461576641
    -0.275989473 0.896756947 0.115489721 -0.560728788 1.81899238
    0.916352272 1.45392227 0.800857008 0.8035357 0.198945761 1.81523728
    -0.384813309 1.78200531 0.290375829 1.28710413 1.53364182
    0.217902541 0.32856214 1.04420447 -0.0487846732 -0.102080941
    0.496414661 1.50581264 -0.157464623 0.822514653 0.209575176
    -0.643222213 1.13012457 0.524569154 0.507958591 0.749563098
    0.699735343 1.01880217 -0.194154978 -0.384720773 -0.542836905
    1.05460858 0.83990562 -0.165817857 1.85307026 1.45885897
    -0.047903955 0.0811303258 -0.838745356 -0.716204882 -0.298581421
    0.5836882 0.133718848 0.123787045 -0.188290238 0.4045614 -0.72110033
    1.32853532 -0.157490194 1.53856862 1.80963016 0.725890517 1.71820688
    0.296537817 -0.515811324 1.100348 0.892822564 0.646995068
    -0.0822455287 1.8199296 -0.560581565 -0.727520704 1.67328477
    0.398617744 -0.421210319 1.64119983 0.494793236 1.30305123
    1.06147408 -0.305194259 0.16718936 0.65628314 -0.403809577
    0.655609846 -0.156851113 -0.656020045 1.02835083 1.00025868
    0.43474859 0.294614375 1.24565864 -0.454156667 -0.0023958087
    -0.681874633 -0.628397048 0.420891583 -0.137151718 1.23399627
    1.84039068 -0.333919466 -0.109655261 0.619099975 0.631902993
    1.33241522 0.417230785 1.38692164 -0.129937589 0.822371781
    0.707997561 -0.714183033 1.76052308 -0.597736776 1.35910106
    -0.247341573 0.846525609 1.57992291 -0.405285418 0.990470231
    -0.629346132 1.15299737 -0.813106537 -0.316748619 0.729489744
    1.45239258 -0.442574024 0.473430455 1.9313997 0.611479223
    -0.276214242 0.0350729227 0.233223975 0.942649603 1.0105114
    1.12518668 0.6032691 -0.833829582 -0.453237087 0.895614624
    -0.343298376 -0.0246181488 0.78386879 1.40325308 1.62451589
    0.197552145 0.358545184 1.27085948 -0.346250832 -0.401804328
    1.22450161 0.968185365 1.39832997 1.57069826 1.51539552 -0.809147596
    0.751632452 -0.371923983 -0.0804982185 0.915234864 1.33890593
    1.37131417 -0.769415021 0.183219254 -0.0738778114 1.65633845
    0.544083834 1.2759037 0.681679547 0.992098331 -0.620703757 1.1389277
    0.24101907 0.349927664 -0.3162691 -0.445315152 -0.0706568956
    -0.148520648 -0.816802621 1.62887716 0.694577575 0.460429192
    0.817939878 0.365438819 -0.780950069 0.371832848 -0.59247911
    1.69005108 0.554413795 0.789544523 -0.512017608 -0.60084796
    1.26420879 -0.79577899 1.67191029 0.9492715 1.09907079 0.748087823
    1.06092215 -0.501067758 1.60018051 0.473540246 0.240571856
    0.907437205 0.840074003 1.27421296 0.251355946 0.467367411
    -0.457073629 1.01568878 -0.249307513 1.33198309 0.0798649192
    1.41883659 0.104170561 0.0566318631 0.201622784 0.0759444833
    1.53157926 0.0255971551 1.28320897 1.81038284 -0.760633469
    1.37988782 1.0202328 1.21504664 0.593109548 -0.75732404 0.135153234
    0.81892854 0.657299519 0.383128524 -0.371709883 0.302168965
    1.78775907 1.229702 -0.292183816 1.21277273 0.456740856 0.352133512
    0.700207531 1.36844695 1.09743953 0.395452559 1.05635786 1.24462807
    1.61005259 0.57866329 1.38058329 1.63953388 0.647984743 -0.185715556
    -0.769975185 0.223040044 -0.872003734 0.669537306 1.75352979
    0.619784832 0.00557339191 1.43278599 0.319991827 -0.24928987
    1.43162143 -0.635105431 1.85496664 -0.500456452 -0.125592947
    0.732811272 1.47840536 0.59213829 1.0527823 -0.540786743
    -0.355173647 -0.322220623 1.02184963 0.686690688 -0.536955476
    -0.780110419 0.0188452601 1.02249479 0.040188849 1.69742513
    -0.703057945 -0.726664364 -0.10203433 -0.346488416 -0.463852197
    0.769939542 -0.446461916 0.529806077 0.40573597 1.44560826
    0.568072975 -0.396045625 -0.603568912 -0.283092558 1.20548344
    -0.00353837013 1.06983674 0.141563356 -0.513754427 1.24901557
    -0.331595093 0.0520015955 0.563473225 -0.168257415 1.19723761
    -0.187776744 -0.609387994 0.244950175 0.858411729 1.47847426
    1.43386662 -0.817837119 -0.0515803099 0.948642075 -0.267405272
    1.23253453 0.0745235682 -0.469159782 0.785919487 0.173565984
    1.73424375 -0.739275038 0.0727025867 1.53936374 -0.740042925
    0.912938833 1.70834899 0.167359054 -0.184387445 1.08121419
    1.55743134 -0.178440809 -0.0959812999 1.0923779 1.60338342
    0.738660753 0.618653595 -0.138220906 1.39673543 1.83485508
    0.457951069 0.892637253 0.791303694 -0.714041114 1.79886651
    0.698653698 0.997331321 1.03279078 -0.681871653 1.49859858
    0.472860336 1.0989567 1.50595665 0.473105133 1.26247573 0.952266395
    1.66934443 0.0229858756 -0.418550134 1.40880644 -0.0643057227
    -0.261351347 0.668353438 -0.596959889 0.00334173441 0.766618788
    1.36960936 1.71401763 0.62026304 1.21390843 0.91655916 0.247928023
    -0.477692187 0.263981998 -0.301032782 -0.844327152 1.5905385
    0.203403831 1.81701326 0.368297219 1.87202179 -0.0101691782
    -0.232808918 0.916828215 1.18665314 1.1199193 1.02741086 1.17731905
    1.01606274 0.688205361 1.66070807 -0.412263334 -0.350751191
    1.30721641 -0.695762873 -0.342278212 0.77351284 -0.565382838
    0.729737461 1.10038519 1.20293164 1.04856372 -0.12885505 1.42531741
    1.3194263 1.41454411 0.874756157 1.27151012 0.9126333 -0.139912784
    -0.275862873 0.368267059 1.43989086 -0.409804046 1.53619766
    0.6818735 1.19911122 -0.653495431 0.566187561 0.451085925
    0.489218593 1.35454893 0.841598272 0.102677405 -0.777054846
    1.68350148 0.837973654 -0.0891698599 -0.246115029 0.561734319
    0.723311067 1.40733135 1.06200016 -0.428102434 -0.31205225
    -0.171487927 -0.2184484 1.01941407 0.785879314 0.521215081
    -0.139771402 1.22746873 0.650585055 0.575060129 0.133516371
    0.289896786 -0.806194007 1.73206568 -0.605326653 0.0970607996
    -0.115836084 -0.211250603 0.70575428 0.521156013 -0.366969764
    1.81127107 -0.720179856 0.127053976 -0.194159985 -0.738992691
    1.54330397 -0.295380861 -0.334760278 -0.0358390808 -0.270313561
    0.503775239 0.806421816 1.73318541 0.808193684 -0.589323401
    -0.401143312 -0.257325351 -0.769711852 -0.689233661 0.331532538
    -0.326726377 0.888657153 -0.389656574 0.201034725 0.970161915
    0.922113121 0.767536342 -0.137430072 -0.391664982 0.687168539
    1.16925538 1.01052976 1.73130429 1.23064208 0.898823202 1.46771598
    0.637198031 0.701457322 1.50986528 0.674538016 0.577436566
    0.753648758 -0.0888205767 0.504926026 -0.589349389 0.852329969
    -0.253071666 0.922630668 0.718243897 1.63863564 1.13772583
    1.77265108 1.79130113 -0.266987145 0.259908676 0.00816041231
    1.1099999 1.51992512 0.878411829 1.0651263 1.04268551 0.741813779
    -0.721631408 1.38046598 1.18605781 -0.410042465 -0.406662136
    1.69904554 1.07710004 -0.512302399 -0.66976887 -0.272964001
    0.0733957291 -0.518510461 0.64625591 0.465046346 0.269232929
    0.404244542 0.873396039 1.638587 -0.0628076196 0.168089986
    0.519884706 1.70272565 -0.473937929 0.357929409 0.912597895
    0.237772703 1.42133307 -0.480663598 1.84202838 1.06677818 1.70453465
    -0.154369593 0.504687548 0.877793789 1.5208869 0.829227209
    1.85580325 0.702699423 0.958011389 0.537958801 1.69854856
    0.347483456 0.747595429 0.748900771 1.6414994 0.879928887 1.08180928
    -0.533740163 -0.144726813 0.168337524 1.03773105 -0.184934855
    1.07393432 -0.491333067 1.28141713 0.9670192 -0.00229841471
    0.736699998 0.86348027 0.536479712 -0.417747051 0.293413162
    1.17001367 -0.250323594 -0.202780485 1.61889625 0.542372525
    1.16401315 0.925258577 1.62810802 0.749945998 0.958127022
    -0.472676039 -0.395089835 0.729402423 1.11586142 0.220823526
    0.0941982865 0.608801365 0.92397356 0.0729267597 1.51351929
    -0.357875198 1.61835241 0.67667681 -0.760363698 1.38257813
    0.111961842 1.22818494 0.919379056 -0.769502401 0.543288887
    0.519546628 0.0482441187 0.128185451 -0.623861372 -0.721877337
    1.00162673 0.808520317 1.44225335 1.14635527 0.529699087 1.64934611
    -0.666302443 0.264421046 1.09731221 1.35910606 1.75399017
    -0.0381051898 0.98688817 -0.0732927918 -0.734372973 -0.725186706
    0.310989916 -0.219781935 0.0906725526 1.81861162 1.588624
    0.0398155451 1.09164274 1.42045498 1.27516031 -0.165578365
    -0.342636287 1.16819167 -0.0897928476 1.17585635 1.68321395
    -0.850054741 -0.819850385 0.0961388946 -0.151320219 1.53174567
    1.36543775 1.47755599 0.0827674866 -0.276625514 0.0564276576
    1.74895763 1.76393473 -0.552564979 -0.466115266 0.391371965
    0.126059771 1.56442785 0.187394202 1.67121804 0.284663498
    0.849949837 0.0901849866 0.00390714407 0.91462034 1.1232307
    -0.779265344 -0.223138928 0.659183741 0.2640239 -0.735421717
    0.710345268 0.504238784 0.981322527 -0.277047098 0.453933477
    0.150429368 0.752296507 -0.690170288 0.524774849 1.66723537
    1.47810102 -0.0538284779 0.648699164 0.88132894 0.550655842
    1.51442528 0.924189568 0.50651294 1.34561014 1.68624091 1.16323233
    -0.296378136 1.61375141 -0.418900222 1.35637546 -0.168550372
    0.465536535 0.545514107 1.45281148 0.871609628 -0.730554163
    -0.41722554 1.55511498 -0.666644454 0.388491511 0.488161862
    1.29354191 0.017116487 -0.320116043 0.111323714 1.58716846
    -0.013985455 -0.661410034 -0.134956777 0.0891463161 1.08388829
    0.209319353 -0.378795236 -0.108063161 -0.527195096 -0.514460504
    0.56346333 0.964285731 -0.792545676 1.09122002 0.104433835
    1.35833168 0.660223603 0.0304175615 0.926193297 0.145130098
    -0.54636538 0.0218914151 -0.783137262 1.17262375 0.982240379
    -0.239392638 -0.434336752 1.04446864 0.931867957 0.593834758
    0.901042581 0.610611498 -0.0995459557 -0.607492566 1.75403774
    1.14068198 1.21541929 0.959909916 0.597346127 -0.734328628
    0.830017686 -0.415564507 0.528115213 0.0645059943 1.14029622
    0.293003857 1.70647955 0.881812692 0.494634569 0.148269892
    0.853028059 1.67947006 1.50784886 -0.131549478 1.04295194
    -0.769959331 1.64542341 -0.328593373 1.22942364 0.173992693
    0.504101515 0.705458879 0.202761054 1.4440639 1.63348365 0.853249371
    -0.783327699 0.699859858 0.0686488152 1.68208408 0.947852314
    -0.506971121 0.403830111 1.78681207 0.196815848 0.0942630768
    -0.150396943 -0.355638474 0.938344777 0.706109762 -0.0521677136
    -0.16921407 -0.553836524 -0.616925895 1.01967764 1.06973982
    1.36180067 0.103702009 0.885138929 1.32026935 0.0253894925
    0.775685966 0.506139636 0.493069291 -0.30168426 0.947126389
    -0.114145994 0.121677458 0.835371017 1.4318285 0.245220363
    -0.48811546 1.20422792 -0.588070035 0.672824442 1.49724817
    0.762619972 0.842057049 0.0176487565 0.614743114 -0.137062311
    0.882434547 1.40975332 -0.414592534 1.09578633 0.854698122
    -0.090895474 -0.0130450726 0.413184822 0.680297256 -0.759899855
    0.567630053 -0.674506426 1.46302581 0.128056049 0.794903576
    1.74508142 1.18379283 1.28756237 0.615557969 0.921920061 0.881105185
    -0.568619967 -0.298597097 1.46365523 1.26524711 -0.780990124
    0.880857527 1.1551652 -0.213943839 0.582070708 1.00835371
    0.954262555 1.36455631 0.0961591005 -0.62471056 0.610504985
    0.220259786 0.640981615 0.626591802 0.178863585 1.80222964
    -0.604551494 1.3556478 -0.298131227 0.331669509 1.27224493
    -0.0720092654 0.170417249 -0.715916991 0.640124261 -0.37959829
    0.321934879 0.440191507 1.25286007 1.39537048 1.00478244 0.931002378
    0.797443986 0.564807415 1.3325696 0.611621618 -0.434737384
    1.06390381 0.237202346 0.704246163 1.25952172 -0.25859797
    -0.223361641 0.178294957 0.870623291 1.93286848 0.756971121
    1.02427626 -0.358622432 0.837717772 0.961934209 0.808022022
    0.0699368119 1.04666853 0.0506659746 0.0509598851 1.13038445
    0.93226999 0.386548281 0.194877386 0.589277625 1.50523651
    -0.659995079 0.365466475 0.118941247 1.04666555 1.51428413
    1.70099413 0.568588436 0.917963803 0.725447536 0.567675292
    -0.169267416 -0.387601733 -0.727827311 0.730172396 0.992376983
    -0.813235641 0.0448134542 1.60287476 -0.724565625 1.78908169
    1.46471882 -0.318192542 1.44533408 0.424245656 -0.625293732
    -0.713020623 1.5976305 -0.698661566 -0.78435868 0.668018699
    0.717496216 1.48245215 1.72874582 1.70996737 -0.0749086142
    -0.0486707687 1.11901188 0.360507309 1.76843858 -0.307848394
    0.878155231 -0.464081824 0.466560781 0.064214468 0.59895277
    0.993920207 -0.446968615 0.194927096 -0.769769132 0.970390856
    1.01685882 0.864866078 0.34343636 1.74910784 0.139164269 1.48085546
    -0.268918395 0.765919864 0.305400252 -0.00553691387 1.62726808
    0.98469758 0.717072845 1.87322807 -0.581800818 0.18258661
    0.546797931 -0.14231801 1.26693749 1.37087965 1.21114278 1.48573482
    1.35017157 1.50015748 0.981368899 1.39425778 0.508761525 1.69767094
    1.27005589 0.884961009 -0.446247458 -0.802891791 0.83849901
    -0.705584586 1.39528441 1.69078279 -0.316733479 -0.375800043
    0.636525989 1.40999627 1.30306625 -0.663938165 -0.802990019
    -0.143480301 -0.725350082 1.06537342 0.208997428 0.348014534
    1.72018647 0.478210807 1.29141116 -0.461476594 0.0996121764
    -0.266590536 1.66813707 0.614577532 -0.364310086 1.41096425
    -0.661663115 1.5377413 0.887099445 -0.774479747 1.63344193
    0.0748902559 1.63247108 1.21605682 0.401060104 -0.251223087
    0.697104692 0.615481973 1.1628828 0.597093582 0.0827537775
    1.60586941 0.982232094 -0.394515187 0.381952107 1.7453661
    -0.538195848 0.925883532 0.138145208 -0.778293192 0.821320593
    1.38241494 1.41494989 -0.0716423392 -0.574853659 -0.637989938
    1.69271731 0.759762287 -0.385862589 -0.262097836 0.599351704
    0.211683929 1.49889112 -0.611694634 1.63216138 0.928758442
    -0.229934692 0.180987239 0.772843778 1.20411873 0.0368493795
    -0.344383061 0.912540019 0.577168286 1.68160546 -0.459503949
    -0.0729971528 -0.683824182 1.66857445 -0.532141447 1.01567078
    1.43482447 -0.668836713 1.01027 1.37447524 0.497774303 0.114183843
    1.11580324 -0.786869943 0.490167081 1.01424837 0.418304443
    -0.202136219 1.66960096 0.599565029 0.949880183 -0.710052431
    1.54246831 0.254676819 0.0851554871 -0.0883006454 1.36894321
    0.730991125 0.780135989 -0.171456873 1.70387459 1.00562394
    0.699092865 -0.018471241 -0.287043929 -0.486974329 1.19853055
    1.529634 -0.366936117 -0.159840286 1.24523795 -0.634002268
    -0.274819076 0.274250209 1.57453871 1.08196938 0.792663872
    1.83682799 1.05625153 -0.466854602 0.339116991 -0.75288415
    1.05072868 1.40319252 -0.566391289 0.34730345 0.245139897
    0.463067174 1.1118896 1.07371831 0.22825104 -0.494274169
    0.0342911482 -0.486555129 1.17087626 -0.627353251 -0.690713882
    -0.0335704684 1.32846808 1.00457072 0.946101189 0.0691156983
    1.76919401 -0.730663002 1.17664802 1.23568559 1.31658602 1.88907135
    2.08453178 1.58603299 -0.0663622022 1.43649817 0.108737409 1.243119
    -0.663529158 0.120452225 1.05635023 1.75847936 0.214913726
    0.859606266 1.47546911 0.156298578 0.480173767 1.57084072
    -0.21463114 1.03827393 -0.607606769 1.25677097 -0.341402709
    0.653323472 0.0584860444 -0.630978703 0.89222914 0.864673376
    -0.778894603 0.010007143 0.312245607 0.571768105 -0.120486259
    1.31170869 -0.36679101 0.921339869 1.2174834 0.718152881
    -0.216320276 0.355173349 0.547891855 1.85869873 0.428832769
    1.22370124 0.207482755 -0.492849499 0.763332963 0.943374813
    1.22940254 -0.361599684 1.09548259 0.105604887 -0.744828343
    1.76873553 1.19699788 -0.756084383 0.859485507 -0.743038416
    0.925746799 0.000105619431 1.75707316 0.341947138 -0.211054504
    0.835716009 0.619682014 0.286772132 0.0571883917 0.90391016
    0.0300775766 0.899079323 1.76178765 0.7737571 0.122112811
    -0.106711388 -0.283669293 1.56554735 -0.230975926 0.32137835
    0.516430378 -0.331701964 -0.523228824 1.00176048 0.240442216
    1.69178975 -0.755628347 1.72002625 1.17004764 0.92292124 0.413389862
    1.87842679 -0.0970188975 1.10917354 -0.716957569 0.00447994471
    1.5767684 -0.589752674 1.62364173 0.667600155 -0.492588818
    -0.0349096656 0.349355519 1.06950188 0.979784012 1.14917874
    1.05060291 1.6339426 -0.243832946 1.08288121 -0.783904433
    0.484815121 -0.726458848 -0.340468973 0.342982709 1.07281637
    0.887138486 1.57153893 0.011803031 0.128889799 0.51940161
    -0.0433183908 0.903611124 1.70675921 1.76352799 -0.361186475
    -0.599902034 1.1715889 0.406383216 0.401755989 0.565009177
    0.414895654 0.202912629 -0.521086276 0.379468024 0.64345324
    1.28907275 0.405186713 0.370050132 1.14955735 0.68837589 1.72799397
    -0.404304773 1.10838115 -0.0174782872 -0.172450364 0.106656969
    1.05913353 -0.196874142 1.41515446 1.55155683 0.117515266 1.79801702
    -0.134617388 -0.0533332825 -0.561785758 1.35412192 -0.645166814
    1.80119324 1.07541215 0.948026836 0.352170527 -0.00977307558
    -0.476316303 0.735981286 0.685820758 0.42125839 1.49656987
    -0.146597266 0.62574327 0.54181844 1.444031 0.410606802 -0.554521084
    -0.494351894 -0.0549057126 -0.124821067 1.32262087 0.110053122
    0.993005693 0.175478041 0.547115684 -0.725070953 0.927930355
    0.847580373 0.983228922 1.70397162 1.04631197 1.36285138 0.987986565
    -0.753253043 0.25479883 0.783609271 1.67187905 -0.797960877
    0.129400134 1.33944178 0.01704669 0.628619194 0.699593723
    -0.593936563 -0.744929612 1.75894928 -0.331188887 0.821911871
    0.0634085536 0.745927989 0.780980766 1.48294818 0.685093999
    -0.487926632 0.094224751 -0.282014549 0.303141892 0.161820114
    0.721503377 0.55823642 1.01828265 1.16593134 0.0308458209 1.51102948
    1.12074935 0.75166142 0.681965232 -0.703078628 1.6757375 0.760087192
    -0.29824841 -0.15157479 0.866571784 -0.131498277 -0.125272512
    0.980234206 0.730979085 -0.640087962 1.33109498 1.55762386
    0.890158832 -0.600452483 0.181171834 -0.594992876 0.797410429
    0.830445945 0.673172116 -0.634509206 0.63747406 1.38322961
    -0.233016133 1.51395631 1.33294892 -0.193051994 1.61972713
    1.63477683 1.48398042 1.03118646 0.210221529 1.45634377 0.0323843956
    0.0626772046 1.45672488 0.396442831 -0.156512588 0.132864773
    1.22026968 1.57258391 0.0629215837 -0.817562759 1.08202052
    0.233574927 0.579954028 0.350563347 0.950285375 -0.706537962
    1.34404397 -0.274088204 0.829141557 -0.799975991 -0.760738492
    0.42744261 1.71837354 0.273304224 1.05534589 -0.465019643
    -0.202992082 0.307530701 1.77025032 0.211367309 1.11877751
    0.519049525 0.357367039 0.0205966234 1.79984498 0.640125751
    -0.319879472 1.58451891 1.72641158 -0.701702595 0.0214532614
    0.452704906 0.0401995182 -0.665934741 -0.174362957 0.901547372
    -0.737882435 0.113971233 1.14196944 0.471861064 -0.344080955
    0.973587334 0.135994494 -0.525134802 0.842527628 0.781849802
    -0.537562728 -0.687645078 0.0757079124 -0.126534343 -0.247882783
    0.0146735907 1.79340565 0.86646086 -0.733605027 -0.709583759
    0.436455667 1.25696707 0.749971449 0.795103014 0.339706361 1.1976012
    1.78032231 1.38839269 -0.339115143 1.56751025 0.431742311
    -0.223076165 1.61705184 0.441635728 0.935328424 -0.690522313
    -0.596883178 1.21697485 0.741304457 1.1650846 0.039517045
    -0.733820677 1.78449047 1.23862624 0.415683031 1.31193328
    -0.182826757 1.48946798 1.11496472 0.999901712 -0.0820230842
    0.0762341022 0.601950407 0.836233377 1.26815426 -0.198699415
    1.75222397 -0.0979827046 -0.586664975 0.285427451 1.07877326
    0.422593117 0.161741674 0.913532495 -0.64990598 -0.298677176
    -0.698648334 -0.417629421 -0.342252314 1.24314976 0.695624709
    -0.623740077 1.49482584 1.70473123 1.38146114 0.342120051
    0.341693997 -0.437675536 -0.623072386 -0.782240689 0.565724432
    -0.709160626 0.294512093 -0.629695535 1.34385228 0.770634174
    1.72122669 0.844279289 1.10482717 0.39893955 1.26046252 -0.216663659
    0.752176285 -0.349113435 -0.437938243 0.583479643 0.263841867
    1.06863117 0.184687018 -0.207782745 0.15901953 0.338923693
    1.78312755 0.566140294 1.47034264 1.48419964 0.0336341858
    0.279920876 1.32725239 1.17418456 1.61480105 -0.361483365 1.46331465
    -0.584347188 0.713323414 -0.182696283 0.0538780093 -0.123381734
    0.580639422 1.09417295 1.01539397 0.415638864 -0.131438017
    1.69369173 0.185908556 -0.115393579 -0.55651325 -0.651400208
    0.322047532 -0.144958138 -0.0161477327 -0.670956731 1.57219207
    0.0296765566 0.262004137 1.71553874 1.5783968 -0.206337988
    -0.691193163 -0.827661514 0.261421561 0.59467411 1.46129751
    0.236623228 1.7766912 0.778051972 1.30770278 1.23378062 -0.642338455
    1.85237813 -0.176283777 0.265698969 0.771665514 0.662550271
    -0.073805213 0.568265855 -0.0956892967 0.667421579 1.294976
    1.47617137 -0.19005692 0.962737739 -0.206238031 0.635964096
    1.25451493 -0.498918116 -0.807935953 1.14078164 1.33253813
    0.0394495726 1.74476945 1.08635545 1.32970977 -0.386984825
    0.299324393 1.54004884 0.815846741 -0.44112426 -0.479528457
    0.588990331 -0.494011223 1.65476704 0.299814463 1.13666213
    0.379194379 1.12993133 -0.788234234 -0.576571226 -0.437945038
    1.0252862 0.638932586 0.815025389 -0.750269115 -0.0369513631
    -0.230572343 0.668311119 1.3307879 1.34267151 1.05447757 0.941053092
    -0.336122066 0.510893106 -0.820902526 1.11249709 0.337910175
    -0.283194125 0.489991963 0.480883181 0.173182428 1.51429915
    0.276544273 0.568727434 1.65959036 1.48732829 -0.35644275
    -0.0849334896 1.70524359 0.392567515 0.76213789 0.41440779
    0.20830518 1.25630403 0.87490344 -0.599130988 0.327233791
    0.702837646 -0.532864332 1.19623661 0.0183182359 1.67294097
    1.63133049 0.255705595 -0.577776611 0.449463665 1.10870194
    -0.607832789 -0.0525307655 0.327453017 0.220092297 0.388846695
    0.56916374 0.328773499 -0.361121327 0.439815938 1.5437324
    0.809520721 -0.196627557 -0.382381171 0.85976702 1.44266438
    1.75104928 0.679271698 1.31502378 -0.636560678 0.47478199
    0.321307957 1.08643234 -0.653613269 0.905093372 1.52438188
    -0.134505153 0.00811100006 0.797697306 0.217630327 -0.399900854
    0.505310416 0.411489666 0.241392672 0.879072964 1.16810393
    -0.675790668 0.911374032 1.32341933 -0.53061378 1.68145847
    -0.123538673 0.402500451 1.31480241 0.635120392 1.20190215
    1.78880262 1.79617858 1.30094993 -0.770351648 -0.436689645
    1.18387365 1.42675972 0.940704703 0.869405985 0.162400484 1.40697455
    1.62151217 1.5996511 1.22198176 0.190087378 -0.283896208 -0.77627033
    -0.214184165 -0.553806663 -0.16403687 -0.657611668 -0.0506168008
    1.37101865 1.73057556 0.330791295 0.353578627 -0.190628171
    0.161221921 0.0489337444 -0.145343184 -0.184933305 -0.60699594
    0.348365784 0.825263917 -0.580876529 1.28449535 0.380584121
    0.242642641 -0.151490211 0.675717652 -0.752298713 0.362185776
    1.61950743 0.280217469 -0.321491539 0.984826386 1.18919849
    0.0360121131 -0.0548401475 -0.436021328 -0.164524734 -0.274614513
    -0.578938067 -0.331823945 0.130444407 0.856004953 0.629872918
    0.518600404 0.721782327 -0.542861938 1.71478689 -0.421194285
    1.76624417 0.587592483 -0.331996739 0.5488711 0.328947723
    -0.634333074 1.50622106 1.15904641 -0.77247262 0.365996778
    0.21099782 -0.0365397334 -0.709145069 -0.188625336 0.693477869
    -0.701223433 1.07434344 1.6542263 -0.242290497 -0.326160669
    -0.550991893 0.533692718 1.19962156 -0.491117597 1.72867393
    0.666198552 0.957425535 0.720579624 1.00056672 0.0248039961
    0.533667505 0.626659989 -0.706553817 0.952755749 0.467467427
    0.781751335 -0.156309009 -0.793511569 1.36779046 0.534231961
    1.29185784 -0.538175464 1.85418355 0.693021774 0.742869377
    1.06908917 1.52014661 1.59514928 0.830577135 1.4778142 0.605264425
    1.23992944 0.00109744072 1.2697202 1.10614979 -0.814687252
    1.60372925 0.477326632 -0.779437006 -0.116729259 -0.559644282
    0.996675074 1.28983951 0.466197193 1.63941622 0.187547207
    -0.0998920202 0.40537101 -0.787898779 0.162732065 -0.176494598
    0.872645319 0.298622847 1.57285905 -0.523001909 -0.788350463
    0.348358452 1.28007329 1.54019547 0.978504956 -0.419371694
    1.68310797 -0.685495794 1.63113129 -0.779325783 1.49353647
    1.76339173 0.189381003 -0.5170331 0.220473468 0.102287233 1.49232578
    0.140469909 1.30092978 1.0182085 0.829960108 1.70908642 1.70518637
    -0.237053037 1.20745087 0.88391161 1.14569306 0.0297475457
    -0.334625661 0.779307306 -0.192918301 -0.193341017 -0.175064743
    1.39172029 -0.00561237335 1.66892028 1.78463268 -0.772479475
    0.444264352 -0.136392057 0.544941664 0.158661723 0.327536941
    -0.536462724 -0.50374949 0.282532036 1.25415742 0.0638250113
    0.95476073 0.157227039 1.46079063 1.31961727 1.2431767 -0.400917053
    1.84549451 -0.576902986 0.916445553 -0.705061257 1.42869496
    1.47390962 1.7080667 1.66818786 0.823067486 -0.343802959 0.774678826
    0.397013664 -0.0737816691 -0.734998047 1.48625302 0.233493328
    0.138237596 -0.682828963 1.67308569 0.457256675 1.57986307
    1.83342743 0.220507264 1.29508066 -0.106662035 -0.058111608
    1.32101321 0.314359367 0.398329556 0.100982368 -0.404846787
    1.60252225 -0.213278353 1.19902408 -0.237915576 -0.389612257
    -0.789820194 0.465618372 -0.43914941 1.54440367 -0.7123276
    -0.403548956 1.61701107 1.45219994 -0.713870049 0.3341102 1.18703794
    0.776198685 0.330792785 -0.461639553 0.416709363 1.33564329
    1.69819081 0.403745353 0.620490968 0.00533121824 0.277613282
    0.628679454 1.40499949 0.373372376 0.213775277 -0.297213316
    1.41483498 1.33094501 -0.758427322 0.799719214 1.72458959
    -0.57358408 0.0344725251 0.679128706 -0.636991382 0.246251643
    0.731733024 0.573811173 0.815496624 -0.580598235 0.114786029
    0.723273516 1.87248635 -0.570199311 -0.565587044 0.977604389
    1.10580587 -0.0420306921 0.0965300798 1.19447136 -0.244486749
    0.267605722 -0.135824084 1.14609408 -0.0990151167 1.15565181
    1.14287436 1.4874934 0.101204813 1.04583633 0.0198512077
    -0.181684613 1.25694036 0.500485361 -0.624984145 -0.575967371
    1.32776594 0.929424584 -0.421518952 0.326993227 -0.247418642
    0.496533215 0.427299082 1.79771209 0.54535675 0.95458889 0.228330374
    1.82803559 0.230540752 0.971746027 0.586846471 0.227434099
    0.874234259 0.50873518 1.81346297 1.39489317 -0.57664156 0.476043999
    1.44007611 0.395976484 -0.135988653 0.619169414 1.20662284
    0.298724651 1.13155389 -0.0425822139 -0.176164925 -0.58967042
    1.38185811 1.58609653 -0.0279709101 0.24404341 1.00742388
    0.716176927 1.54360127 0.250377893 1.3729794 -0.0684785247
    0.731799245 -0.159052789 -0.468277812 1.00013041 -0.673549652
    0.413032472 0.104943454 -0.510739207 -0.0434199572 0.401819885
    0.107874155 0.314884007 1.45097876 0.387044132 0.058011651
    0.0870466232 -0.407433391 1.4555335 0.673279762 0.780053854
    -0.175636232 0.403932929 1.68758523 -0.530250311 1.18149734
    0.508030772 -0.772994399 -0.113347054 0.529057384 -0.648270369
    -0.217565775 0.387227535 0.320273936 0.248973727 1.79426086
    -0.282341063 1.57781363 -0.100651979 -0.160433531 -0.780665159
    1.52612758 1.71218443 -0.788751364 0.466323316 -0.457939178
    1.52680349 -0.641277552 0.505586743 -0.169402778 0.876597106
    -0.534730613 0.955767453 0.861004889 0.356162965 1.7881 1.35812974
    0.200642526 -0.155608952 -0.273056388 1.25257683 -0.374724627
    0.334380209 0.748971999 -0.423391372 -0.151772559 0.786190331
    0.156298459 1.12494063 0.783899546 -0.24790448 -0.477706641
    -0.749330461 1.19849944 0.00453293324 0.677844107 0.122570574
    1.31548262 -0.102561414 1.09143376 -0.550392151 0.440819204
    0.490282536 0.812539041 1.33403468 1.67585659 0.363925517
    -0.628860831 1.15175414 -0.701171696 1.73766565 1.32085025
    1.04414415 0.74559021 -0.382178098 0.040486753 0.992055058
    0.570854664 -0.42361477 1.49727833 0.62155515 1.4286052 1.39535654
    1.0680809 -0.840079308 1.53416562 1.10883594 1.05169368 1.14394438
    0.541489899 1.68205976 0.193291247 1.63151383 -0.559488535
    1.16599667 1.76374567 1.67120051 0.0646528602 0.879249334
    0.380298316 -0.00729048252 0.830924928 -0.18297416 1.65342402
    0.696157396 1.57976532 -0.510082662 -0.715002 1.74521828 0.754276872
    0.922828555 1.27196062 0.298957586 0.174051702 -0.148547769
    1.77465701 1.735888 0.231781363 0.61591059 1.84233761 0.71417141
    -0.372949511 -0.4780249 0.394100845 1.13293576 1.34261978
    0.683924675 0.254297733 1.42782784 0.325361192 -0.656992435
    0.539098978 1.5545249 -0.0975787044 1.34961581 0.515188813
    1.23958945 -0.601145148 1.42838061 -0.210936785 0.250762641
    0.030282259 -0.757133603 0.137189746 0.305052698 0.832943559
    -0.202904642 1.31450462 -0.194711149 0.551229477 0.959257007
    0.678147733 0.219904006 -0.489399463 1.33576298 1.37061763
    1.08332968 0.411028147 0.164216459 -0.626293242 0.00918656588
    0.319355607 -0.265478432 -0.21991843 0.995673895 1.11128902
    0.774621427 1.66615725 0.538729668 -0.37885952 -0.295555234
    0.298359036 -0.675371826 1.36642432 -0.0543121099 0.941280067
    -0.414628774 1.30461156 -0.753888309 1.90271151 -0.552005291
    0.487514973 1.33895683 0.55265069 0.344723225 1.52369499 0.311374366
    -0.284051716 0.0550538898 -0.130309224 0.869060755 -0.560568571
    1.58787465 1.14825904 1.44150305 -0.747150362 1.50614727
    -0.00463974476 0.150971293 1.65340257 1.22936368 -0.0288365483
    -0.734355986 0.98255688 -0.242355645 0.396969259 -0.0261725187
    0.812923133 1.31216562 -0.26989162 0.399199605 0.899250925
    0.472761691 -0.753422141 0.041121304 -0.247272551 1.19823933
    -0.703719258 1.45058072 0.374559045 0.447731495 1.35508931
    0.866549194 1.51808977 0.270957828 -0.539871991 -0.622923493
    0.0116475224 0.386664867 1.15385008 -0.0115100741 1.0138346
    -0.361106575 -0.59776032 1.35708785 0.634522796 0.157041192
    0.449595094 -0.0892836452 -0.778524101 -0.544477582 0.0413176417
    1.47651386 1.82743454 0.879267514 1.23555565 1.33444607 1.07491064
    -0.0295895338 0.607816339 -0.608504057 0.390205503 0.146710098
    -0.614923596 -0.779154778 -0.0267508626 0.12580955 0.0208492875
    1.4940393 0.150767922 -0.682931423 0.149435878 0.829488873
    0.0621241331 -0.437461376 1.84394193 0.510273278 0.0864018798
    -0.327460825 1.21193171 0.545439482 1.42201829 0.0814379454
    1.06564569 -0.595357895 1.26927829 0.785512328 -0.770750046
    -0.26475656 0.551829755 0.893589616 -0.332441747 -0.215903223
    -0.0805263519 1.28715277 0.798835933 0.55971396 1.31611764
    -0.728180289 -0.256977141 0.894776702 -0.0838593841 1.03380322
    1.80635929 0.264870584 0.982570291 0.808200002 1.34207773 1.3735069
    0.353984535 -0.566305876 0.287154615 0.866293967 -0.473483741
    -0.552482247 1.21388316 -0.456637532 -0.497778207 0.794304609
    -0.0531226397 0.00462758541 1.0823617 0.332449675 0.707898796
    -0.302523851 -0.120747685 0.560352802 -0.330265224 0.339225173
    0.0726392865 0.539621949 1.81817579 1.0376339 -0.476531386
    0.697453976 -0.221002877 1.25809872 1.65063703 1.14794099
    -0.817844212 0.735269964 0.924039662 1.71589422 -0.340615094
    -0.607747853 -0.173563182 0.249457002 0.813113868 0.530964255
    1.23143244 1.65845084 0.862663984 1.50786853 0.813153386 0.1832093
    -0.458176166 0.650805712 1.88724208 0.40401563 1.49189782
    0.587676525 0.457276523 1.15725625 1.28951859 -0.579520226
    -0.30449152 -0.760354638 1.63636851 0.99160701 0.000479698181
    0.0538314581 1.21403897 -0.652421236 0.746061444 -0.730323136
    -0.0779473782 1.82095408 1.81834853 0.355671048 0.15805012
    -0.724719703 1.14058208 0.168498039 0.906734705 0.0890666246
    -0.235210955 1.78862298 1.32912278 -0.447770059 -0.644418001
    1.54744303 1.15328479 0.0783289671 1.14835775 1.66664684 1.13965583
    0.739368498 -0.243673801 0.0846565366 1.0134449 -0.486403525
    -0.603576362 0.348674536 0.973796308 0.323499918 1.83682907
    -0.694498837 -0.00520050526 0.519688249 1.56116509 -0.242536724
    -0.0727230906 0.766134143 -0.414510489 0.324650168 1.01780236
    0.751382887 -0.434465766 -0.0371701121 1.76976442 0.381628513
    -0.448777288 0.39602077 1.42453301 0.332514703 -0.618027806
    0.86996299 -0.220329285 1.36318707 -0.301122785 1.18108308
    -0.561580777 -0.368347168 -0.0758072734 1.52810812 0.625189364
    0.88998282 -0.197564423 1.82705426 0.580875814 1.0986402 1.59382057
    0.722043335 0.693672717 0.368353784 1.02528095 1.32336736
    0.537619174 0.104542553 -0.714559138 0.758049428 0.546334624
    0.381615043 0.575890183 0.827032268 0.841769993 0.909433722
    0.750327229 1.1557622 1.64411974 1.11439133 0.317471147 -0.351870477
    1.707219 0.489536345 -0.558524251 1.79713941 -0.286232829
    0.407668412 0.25605166 -0.0360780954 -0.122501194 1.27739131
    0.600729644 0.419361651 -0.193782926 0.013836503 1.37568319
    -0.132783771 0.924596012 1.47400904 1.67638719 -0.646157861
    -0.353909075 0.535204291 1.77967215 -0.437176853 -0.486476898
    0.0810256004 1.40916586 1.34814799 1.15273523 0.441297472
    0.896526337 0.468874335 0.767723143 0.387244821 1.6718626
    -0.391293198 -0.0767892599 1.36894584 -0.361672819 -0.350126594
    -0.326817483 1.56528044 1.0230124 0.043954432 0.345367491
    0.311794996 0.764846742 0.96536094 1.71590877 0.512171924 1.77434754
    0.631320894 1.4378314 -0.530884147 0.412558615 -0.168721199
    -0.0304782987 1.78601575 1.83006454 1.64527774 1.2565496 0.38196069
    0.13116771 1.80764389 0.294650078 -0.518738747 0.939989507 1.5179615
    1.67701828 1.25072122 -0.712017477 0.204432666 -0.779661119
    -0.435317874 1.07057834 0.146896124 -0.325702012 0.384709299
    1.54049933 1.64651072 0.41913563 1.22642398 -0.267928302 1.01302576
    1.64068651 0.164634407 1.34350312 0.659999311 0.737738669
    -0.548239112 1.82727766 0.693810821 1.22372675 -0.156562448
    -0.462213278 -0.0351724625 1.1216774 -0.243118644 0.817501605
    0.260807395 0.0424969792 1.31953239 1.71658933 0.0277416706
    -0.588501215 0.412871659 0.550571501 -0.0161790848 -0.478003711
    0.157329738 0.833087921 1.38231671 1.80604887 0.907406449
    -0.432821751 -0.316969395 1.29147363 0.691994429 -0.0622432232
    0.970887959 0.00462412834 0.282557189 0.0745416284 -0.241989315
    0.472970247 1.68651509 -0.606816053 0.504452646 -0.601024449
    0.120532393 0.79621464 1.39514983 1.32335365 0.0192247033 1.26244617
    -0.339149356 -0.555494428 -0.366893768 -0.113360405 -0.0846852064
    1.29348195 -0.0614082813 0.586582482 1.06764972 0.502281904
    -0.474097013 1.25808978 0.502220988 1.86171007 1.7531507 1.84484696
    0.282624155 0.913118362 0.857472301 0.017909348 0.710840225
    0.458642304 0.550517857 1.15239906 1.12922704 1.78640378
    -0.394803375 -0.786821902 1.17994535 0.337387919 1.14244151
    -0.42580387 -0.0747341514 0.336258054 -0.712834656 -0.0743716359
    -0.160685897 -0.732267737 0.339940727 0.133692324 1.08675671
    -0.0716317892 -0.773473501 -0.493594587 -0.582339287 -0.459855646
    0.957037389 0.749376178 -0.414937764 1.34054685 -0.791765034
    1.14970517 -0.571836829 -0.0965729952 1.27730656 -0.820497394
    0.569751263 -0.234042704 -0.00725108385 1.58509922 1.82233095
    1.46523428 -0.248023391 0.682508707 1.58543146 1.38299537 1.42498088
    1.2406795 1.77025628 -0.711377919 1.65095234 1.63869333 -0.07739079
    1.63369858 -0.53957361 1.1255815 -0.869008422 0.463093042 1.51264334
    1.6706183 -0.16744411 0.793806136 -0.633419633 0.296045423
    1.18103886 -0.640982628 0.103099346 1.71872902 0.942537963
    -0.186476469 1.22943032 0.205142617 0.14563936 -0.699836135
    1.66736543 0.45529753 1.35931277 -0.655218244 0.550248027
    0.995849013 -0.38418442 -0.42017433 1.52466249 0.430835664
    -0.575287879 -0.368493587 -0.520284593 0.396373153 0.0700326562
    1.46604347 -0.399965405 0.381951928 1.45252085 1.63029313 1.30366588
    -0.832066536 1.73742318 -0.630176842 0.29696548 1.41579533
    0.911066949 0.317035973 0.131331801 -0.338261276 1.35424197
    0.552601457 -0.424263537 0.551936984 1.37352681 0.62133646
    -0.0075315237 1.21298242 0.341983557 1.15322065 -0.438730597
    0.878218055 0.750384867 0.568907857 0.860548258 0.256043375
    1.45214689 0.0897468328 1.11265182 -0.315968633 -0.667811036
    0.441384494 0.843251228 1.19881248 0.4466452 -0.454670101 1.23915207
    1.50957012 1.79403758 0.0628053546 -0.0665773749 -0.304173708
    1.226964 1.78804922 -0.36595726 0.707743168 0.527549088 1.60203338
    -0.696058571 0.415109098 1.17932165 -0.710037708 -0.234542847
    1.03226984 0.610284507 -0.525851727 0.719396353 0.242216527
    0.772989273 1.3273226 -0.349502563 1.82596385 0.402287781 0.58295989
    -0.504333615 0.0649465322 -0.741096199 0.120570898 1.48854589
    0.0874985456 0.0728815794 0.246761262 0.707802892 1.26630461
    -0.536517024 1.33755207 0.375333428 0.0695897937 1.28590441
    1.03578329 0.840686023 -0.156096816 0.250862837 1.45712864
    -0.601149619 0.735775173 1.55311489 1.06564426 0.114758313
    0.111542165 1.25420845 -0.0485213399 -0.432751715 -0.466150731
    1.26355112 0.89946413 0.947090268 1.78934503 0.22554785 0.718090534
    0.878400147 0.136838734 -0.514731526 -0.482049286 1.22992921
    0.53115505 -0.155688167 -0.577021003 1.62990665 0.740897298
    0.284448445 -0.677716374 -0.770611703 1.25516939 0.681620181
    -0.413980633 -0.550692081 1.00676239 1.13176155 -0.0629586577
    0.00354486704 -0.805617213 0.210986674 0.257421851 0.347334445
    0.5635373 -0.680015445 0.971103072 -0.62457788 0.957354367
    -0.126242459 1.53518295 1.42258024 1.70025396 -0.177936137
    1.35232282 -0.579116225 -0.236826777 0.280715823 1.44877338
    0.55800873 -0.0644110441 -0.04333812 0.915699005 -0.038269341
    -0.777212858 1.4706893 0.347083211 0.784564197 1.02193356
    -0.893981278 -0.491494477 0.018591702 0.0136630535 1.1691463
    -0.0536623597 -0.575895309 0.551444352 0.581283569 -0.151652396
    -0.54532063 0.830550015 0.615160465 0.452115655 0.0640993118
    -0.48738277 1.51411748 0.873609364 -0.53811574 1.66324973
    -0.236580789 -0.37803334 -0.572590828 -0.679373741 0.494180202
    0.0730159879 1.38086581 0.965049744 0.38071686 0.627545834
    -0.688862979 -0.545649409 0.917011678 1.29100049 1.24527597
    1.06468701 0.54842335 0.352381051 0.86545825 0.121461511
    -0.769296944 0.869928896 1.09196079 1.58934164 -0.0337033868
    0.979191184 1.58621204 -0.515256166 1.68041062 0.279205441
    0.274613619 1.04598618 1.6957314 -0.573285699 0.221795321
    0.723918319 0.596643806 0.143311679 1.287938 1.26936245 0.600651085
    1.75113285 1.38934839 0.747167766 1.7368567 -0.693263054
    -0.233346581 0.368873656 1.51027322 0.503259778 1.54192376
    0.801217139 -0.370274901 -0.729162753 1.55490482 0.515251398
    0.537631691 -0.0460261703 1.66634309 -0.695164859 1.39598322
    0.525805116 0.324088812 0.141109943 -0.535994053 0.128611326
    0.988804162 0.0756579041 0.94865483 -0.302138329 -0.0638321638
    -0.477671653 0.325208724 0.578413546 0.487813115 -0.278999895
    -0.664889872 -0.0848196745 0.41457361 1.59764397 0.899697661
    -0.804965973 0.983790696 0.943721116 1.16208148 0.937781394
    -0.733002603 0.664996743 -0.781420469 1.17244363 -0.8117612
    1.44517112 -0.322200656 -0.401838541 0.57842344 0.780422091
    -0.186673641 1.19277167 -0.339439332 0.734734058 -0.539309502
    1.70733786 1.36448455 -0.19492209 1.21178341 0.530260623
    -0.535260856 0.47422415 -0.80805707 1.36465716 -0.318746865
    -0.178003609 1.12977958 1.50970459 1.4513638 -0.171511173
    0.033739388 1.80340719 1.03417516 0.679800391 1.4371295 -0.603830218
    0.935300529 -0.0804136992 -0.0890946984 -0.258772135 -0.225460351
    -0.656854272 -0.157969296 1.75187111 1.07637906 0.986828208
    1.52605271 0.203569949 1.7981627 -0.0132351518 -0.737526119
    0.806790411 -0.0289231539 0.629913688 0.324179053 1.14596605
    0.76877147 0.454425633 -0.608151317 1.14385688 -0.0611166358
    1.19941258 -0.666394055 1.79472029 0.216265559 0.835395336
    0.0659675002 1.09187007 1.20208406 1.5031352 1.372697 -0.319352657
    -0.239266753 -0.611381948 0.345826507 0.286942244 1.69985986
    -0.112530231 1.07696676 0.496123314 0.182367504 0.586468577
    -0.58519882 1.15730143 0.735234261 0.533193946 0.513650179
    1.68440223 0.581616819 1.4181602 -0.521634579 1.85907722 -0.69843173
    0.761134684 0.242382109 1.82637095 0.295506239 0.204766512
    0.734112322 0.240377724 0.588690698 1.35606742 -0.538784266
    0.51277256 -0.634738922 1.4182198 0.55624342 -0.167121887
    0.235777199 0.622858644 1.7209115 1.24338126 1.48906231 0.662537694
    0.131701708 1.17859519 0.701455295 0.956252873 1.23882484
    -0.590261161 -0.722906411 1.2413156 -0.445127726 1.24039841
    -0.752040684 0.119798839 1.15232837 -0.622165501 0.89197278
    1.57916379 0.292101145 0.527146161 0.0776394606 0.627686858
    -0.0645418763 0.788571298 0.412372649 -0.689184546 1.54070222
    1.0988071 1.34365118 1.07889104 0.274585664 0.944062531 0.0614251494
    -0.492264688 -0.133752406 0.370408416 0.189981103 0.0176404715
    0.627708435 1.05164647 -0.025619328 0.111544311 0.152579725
    1.13318205 2.05620289 -0.415161878 0.69569546 1.71736252 0.675412655
    1.34041882 1.49725175 1.05680203 0.135523438 -0.839464664
    0.564792573 -0.250384271 0.411564231 1.08620846 -0.213051498
    1.24694312 0.862097919 0.250690699 -0.788146138 -0.751794577
    -0.421095401 0.684137404 0.71825403 -0.0293663144 -0.341341376
    -0.234042883 0.494259238 0.321808398 0.0183176398 1.43131006
    -0.508113861 1.3336401 1.2619319 -0.194731414 1.52050233 0.573758304
    -0.661061704 0.237193644 0.381715953 1.16123486 1.58780742
    1.74117982 -0.582976878 -0.734802127 0.501337945 1.3436141
    0.367821753 0.261160076 -0.281438291 -0.386026561 0.344656169
    1.10661173 0.382769227 -0.177127242 1.03846991 0.202699304
    1.10417485 0.0540083051 0.962435246 0.955936015 0.682684064
    1.51617312 -0.68431437 0.730714083 1.00400496 1.33881855 1.08583879
    1.2219137 0.815643668 1.22780144 -0.187961698 -0.191656768
    -0.412670195 1.65138805 -0.833208859 1.66296792 1.39890599
    0.314432979 -0.377054214 0.628052711 0.730399728 0.483792782
    0.686813712 0.561771512 -0.450562537 0.6993469 -0.659830213
    0.805012822 0.112600267 0.505590379 0.679675102 0.998427451
    -0.0606647134 0.737687171 0.157670498 0.72227484 0.337625802
    1.00361967 1.48482418 1.13200116 0.0136813521 1.45125556 1.19034481
    0.988069355 0.457551897 1.60149765 0.339455426 1.37615228
    -0.471323073 1.61110568 0.719068587 1.74156332 0.689971924
    0.288655758 0.412126899 0.762953818 0.862261474 -0.100352108
    0.371312797 -0.204868495 0.892585993 0.853022277 1.17511988
    1.80864561 0.1815328 0.355124295 -0.754790664 1.20980549 1.64817452
    0.230645835 -0.642927349 0.753638923 -0.366242111 -0.336009592
    -0.743596554 0.811507642 -0.139882565 0.609426796 1.84716487
    1.0166297 -0.251597404 -0.46823436 0.87023896 -0.790502131
    -0.735648096 1.28972518 0.646248519 1.40113854 -0.186066628
    -0.795678973 0.153098524 0.631261885 1.51582932 -0.170628786
    0.266757846 -0.0593352318 1.36665726 -0.195471525 -0.194436014
    -0.0593684912 0.0221177936 1.32420802 0.592415094 1.06337976
    1.12671077 1.00466609 -0.721401513 0.68145895 -0.391202927
    1.43595827 -0.335534841 1.09878802 0.0609951615 -0.29268834
    1.8773216 1.09961975 -0.284645379 0.20414573 1.53881741 -0.185185909
    1.63710165 0.334235787 0.289710343 1.52949977 -0.683529973
    0.143712103 -0.823605061 0.492040873 0.426179707 1.68468809
    1.51193237 -0.165832818 1.54046535 -0.409960836 -0.240175486
    1.6008451 1.8353889 0.460511327 0.475078285 -0.10718441 -0.501006365
    0.277618766 0.783808291 0.538716197 1.36211205 0.286810935
    1.28074813 1.38336074 1.41791391 1.30081558 -0.773233891 0.811535656
    1.50643873 1.18171537 1.0178411 1.0099237 -0.174018621 1.74534297
    1.75565529 1.75084412 1.10269058 0.651529074 0.966147363 1.11990547
    1.54751194 1.33780026 -0.00822085142 0.627561152 0.468931198
    1.28462625 -0.792013764 1.41567373 -0.0146729946 -0.544140697
    -0.109600067 -0.0562391877 0.000897943974 1.70941162 -0.191893935
    1.48618567 -0.269960821 -0.738086581 0.141866684 -0.488835335
    -0.717901409 1.63921571 1.08912706 1.12817407 1.55056357 1.64786649
    0.10752213 -0.455511957 1.20401514 1.59465694 1.36919534
    -0.609790444 1.11978531 0.817481875 0.512410283 2.01009178
    -0.440562099 1.83101201 1.87216008 1.04489708 1.66212511 0.838010907
    0.513626873 0.816928625 1.41554856 0.734824657 -0.757672548
    1.65288377 1.63854504 0.996578932 0.888484955 1.60144401 1.53776765
    -0.176436484 0.180241108 -0.464654535 1.54870892 1.11067522
    1.09056926 0.924429893 -0.238009036 0.0404650569 1.75029373
    0.961087763 1.13007259 0.533968925 1.63998914 0.394984663
    -0.663943529 0.518086314 0.615301967 -0.0867558718 0.878610134
    0.0299144983 1.7250638 0.0397986174 0.449889183 -0.32096082
    0.263843894 -0.766622782 1.08628964 -0.488208205 1.46882427
    -0.275498152 -0.040764153 0.570566654 0.194560707 -0.767765343
    1.49712706 0.737128913 -0.681624174 0.292930007 1.6573472
    -0.145089269 0.884543955 0.680989325 0.000986754894 1.67204988
    -0.154537559 1.83597517 -0.173846602 -0.271627545 0.603814602
    -0.651205361 -0.576428175 -0.814008713 1.60864091 1.29391265
    -0.544535041 1.31725287 0.820884585 0.252551138 1.76086879
    1.51537585 0.109030128 0.74228847 1.69349003 -0.0745916367
    0.0778310299 1.5373708 0.593380034 1.1126008 -0.641008735
    -0.363715798 -0.479320824 0.458272994 1.50096118 1.46909583
    -0.518175364 0.378585577 0.330402493 -0.410811424 1.46836543
    0.065313518 1.14963257 0.531742752 -0.462630481 0.920385599
    -0.615381777 -0.742931545 -0.508521318 0.536136687 1.12222195
    1.41795087 -0.650285244 0.652782857 0.184914589 1.47048402
    -0.103665948 1.66210771 1.24763858 -0.276315391 0.650436461
    1.72653317 -0.0329083204 1.02768087 0.561667383 -0.666950822
    1.53748941 0.0932044387 -0.475432754 -0.385281473 -0.597842455
    0.166962564 -0.772289157 0.137855351 0.0303083062 -0.613193631
    1.74685991 -0.452399313 1.80328107 1.16726851 -0.491974592
    0.707983136 -0.298943698 1.67201889 0.322952926 0.266251683
    0.2686764 1.66808569 -0.711751938 1.07244444 1.64400625 1.09105301
    0.0723806024 1.37892628 1.27076888 0.942923129 1.22047091 1.68071365
    0.896791339 1.20236671 0.258536577 -0.677492917 0.976528525
    1.30664814 1.68700993 0.187612712 -0.50043875 0.503895879 1.09474421
    1.23016334 0.727634251 1.43237531 0.705643952 1.4745487 -0.235744119
    1.86870718 0.291322112 0.105451226 -0.052241981 1.26203787
    0.775515974 1.36444449 0.82799983 0.989702106 0.647943854
    -0.20306474 0.022626996 1.24584925 -0.716979504 1.4910233
    -0.539830685 0.914212286 0.186698496 -0.647578895 -0.14625448
    0.304997802 0.842885137 -0.568230927 1.76557314 1.27710426
    0.57362169 1.64178216 0.474677145 1.59566426 1.16871119 -0.293363452
    0.340042055 0.0521019101 0.619002342 0.0197970867 1.56658125
    -0.541340649 0.6434986 -0.162203848 -0.861608982 1.57061768
    0.0543571115 1.39320445 1.402354 1.67286873 0.420641959 -0.248193026
    -0.308465898 0.565917492 -0.296457648 1.61114287 1.51038241
    0.145564914 -0.465659112 0.635754049 1.47745609 0.0593462586
    1.76926708 1.04008925 0.179750502 -0.86254555 0.0310590267
    1.04499304 0.511322141 -0.277724624 0.53082943 -0.786548972
    1.12758517 -0.689887583 -0.257406473 0.720634341 0.844081163
    1.61684299 1.65827847 1.60478747 1.49224114 -0.362501919
    -0.721138239 1.11568165 1.25327921 0.874405563 1.09345746 1.49760199
    1.70423806 0.403046191 1.85859156 -0.55342555 0.803209603
    -0.739310265 1.02744758 -0.577953696 0.0804100633 1.39166796
    1.47114325 0.732730865 -0.159171462 0.374351144 -0.147674084
    1.09474444 1.61069489 0.0864071846 0.954269767 0.972176373 1.3073591
    -0.152927995 1.70283914 -0.0858243704 -0.669418573 1.29200125
    0.335096478 0.843013823 0.374845743 1.06958795 -0.66854167
    0.235785067 1.23551929 0.504966617 0.166553199 1.79419816
    -0.291469872 -0.0757101774 1.10497236 1.66909885 0.0780031085
    0.419160664 0.761419058 -0.588144064 -0.295402914 1.53147078
    0.911447465 -0.417954981 0.293966293 0.474518597 0.965346754
    1.7111882 1.04443014 -0.749049544 -0.294678748 1.75390601
    0.967113495 1.5035646 0.886448026 0.291629016 -0.752447188
    -0.0699723959 -0.819451094 0.612233818 0.966004908 -0.356682569
    -0.496911764 1.0951581 1.25579762 1.12755466 0.342525363 0.785223007
    0.413193882 0.507060945 1.66080439 1.30522072 1.48342669 0.782818913
    -0.732184708 0.297927737 -0.498266786 1.34353495 0.511531234
    -0.799824595 1.17827153 1.1576978 -0.0644706488 0.502952993
    0.400840044 0.308916926 -0.182343841 0.0233367085 1.1437887
    0.28874141 1.68138957 0.824536979 -0.738592625 -0.825300992
    1.07740712 0.46095854 1.7025429 0.996662557 1.5730679 0.30502665
    1.61235642 1.76617146 0.874475479 0.141474187 0.538661301
    -0.727639437 -0.175273716 0.935082972 1.24880171 1.69021511
    1.21388435 1.21264315 -0.723196626 0.764750302 1.82777011
    0.126516879 1.48567057 0.482686698 0.168519557 -0.769966364
    1.3004849 1.22381473 1.29704523 0.817524135 0.106271327 0.51427871
    1.14133835 -0.316636473 -0.64274478 0.815416217 1.29394221
    0.982068598 0.892094851 0.419591844 -0.481284022 0.666616797
    0.930952668 0.421409249 1.60527229 1.50286317 -0.42422381 1.05425048
    1.16502881 -0.11270231 -0.507101357 -0.0335805416 1.49755001
    0.970172405 -0.0815508962 0.68385458 -0.383693695 -0.602854133
    1.51755118 0.0381185412 -0.0969814062 0.382191837 1.77807832
    1.04545689 0.986717463 0.858581305 -0.598079979 1.5654968
    0.856954873 -0.684405029 -0.646327734 -0.23083514 -0.566825092
    0.178540468 -0.467532814 -0.608911932 0.855369508 0.146614134
    -0.0252263546 1.5875473 0.916643322 0.0474985838 0.960416794
    0.348023236 0.214982331 1.05486798 1.15430903 0.557073772
    -0.276743233 -0.254756868 -0.658890069 -0.265948534 0.356763482
    -0.189396262 0.783172905 0.545099437 0.993499756 0.226162672
    1.78849459 0.0116839409 0.185536742 -0.652601242 0.271389902
    1.80556858 0.976758718 0.696644008 0.443145454 -0.799849153
    1.75782657 0.952533424 1.68128657 1.27584851 -0.0130454302
    0.432569504 0.462135136 1.15620589 -0.0548664927 0.871121526
    -0.795385957 0.948984265 1.33678246 1.47153497 1.73332357
    -0.0684682727 0.494967461 1.74797428 0.288453996 0.664125443
    -0.279150605 0.00810843706 1.12175155 0.10445416 1.40273523
    1.44896901 1.04151177 -0.741556287 0.311693847 -0.154397845
    1.42326045 1.63457477 1.28495193 1.08244514 1.46879876 1.71282244
    -0.84387821 0.763558567 0.0180760622 0.750939488 -0.424429595
    1.19807863 1.38447738 -0.470066786 1.32743621 0.220119834
    0.406544864 0.259204686 1.31634259 -0.294483989 1.91959763
    0.652368188 0.122876704 -0.0660050511 0.304472864 1.24910092
    -0.34920305 0.397427201 0.969776154 1.09311473 -0.606898785
    0.575803101 1.56576288 -0.398619324 -0.650614738 1.27629018
    0.802430689 0.819217086 -0.701997221 1.58280015 1.72101903
    1.78150988 1.37745178 0.663172662 0.424286664 1.4481349 1.01099467
    0.915658832 0.273479402 0.831327617 0.237300277 1.80014825
    1.63729143 -0.10777241 1.37562406 0.849385679 1.0203526 1.70039225
    1.79371035 0.675256193 -0.498801351 1.41223454 -0.254305661
    -0.50482583 0.0773786902 1.12323356 -0.17082119 0.845364988
    -0.135382056 1.00831306 -0.461106777 -0.468786061 -0.0198011398
    -0.706484675 0.761892676 -0.853462338 0.0203288198 -0.537308455
    -0.263911664 1.47475731 1.19761801 1.46478951 1.25345397
    -0.621830702 1.48211515 0.590537131 -0.170035124 -0.175288141
    1.8536284 -0.739540577 1.45879352 0.221969724 1.21616352 1.55214787
    1.51781034 1.16249776 0.223970652 -0.362380326 -0.793581545
    0.31561923 -0.351811111 0.193627715 1.02119899 0.543719649
    1.47522974 0.840538025 -0.241907954 1.30159068 1.38535023
    -0.139590502 1.83873332 -0.228833377 1.35651982 0.528871834
    1.64344287 -0.77117306 0.84400773 1.54119849 0.515791476 0.323503733
    1.02656507 1.0539726 0.945387602 -0.237633288 1.12644076 0.161925673
    -0.409373969 1.24680161 0.550646007 1.11895454 1.26321983
    -0.839374065 -0.670672297 -0.121203244 -0.823164523 0.425882399
    0.629462302 -0.503686309 1.65954089 -0.312688559 -0.424869299
    0.278051317 -0.406856388 -0.638246655 1.15192556 0.043364346
    1.56179857 1.27380347 1.02577698 1.71202111 1.39782381 1.33089423
    1.49981582 -0.781707108 0.0642558932 0.7989856 1.06695867
    0.613501132 -0.059867084 1.48443913 -0.476593405 0.613761783
    -0.0788712502 0.764396429 1.09164834 -0.821769476 1.21818888
    -0.14790386 -0.130237877 -0.820158541 0.890345573 0.767602384
    0.199895084 0.259329915 0.968141317 0.535613775 0.644885659
    -0.054207921 0.364192724 1.37726796 0.638303459 0.882230818
    0.0356943011 -0.10150665 -0.299248964 0.9529562 0.480464697
    -0.255384505 -0.588203013 -0.357702821 -0.0980978012 -0.0691405535
    1.53581858 1.01418543 1.77663636 0.316379368 0.249535441
    -0.598322928 -0.568992376 0.893800139 -0.259833157 0.675166249
    1.10043597 0.123864472 0.61606735 0.886246681 -0.707492113
    0.259333134 1.59035778 0.689095914 0.100480497 -0.614300847
    0.365861356 -0.235736549 -0.0801355243 1.68198133 -0.788678169
    0.359588981 0.922935903 1.02103233 1.04518068 1.74028444
    -0.372523248 -0.224452615 -0.676114559 1.47543931 -0.21677047
    0.488258123 0.585021555 1.52120399 1.05767322 1.74355388 1.62809265
    -0.036893189 -0.363524199 0.253216863 -0.603786469 0.717113793
    -0.315825284 1.67289114 0.702063143 0.386798322 1.33334827
    -0.0418373346 -0.326952219 1.52585292 0.801211298 1.08003068
    0.769654512 -0.527365327 0.705081582 1.41724491 -0.74706012
    1.20504534 0.662266672 0.998274088 1.38361752 1.15623403 0.689582109
    0.15608418 0.44129312 1.76501405 1.52685285 -0.268946946 0.155279636
    0.700616121 0.424402416 -0.793778539 0.0262695551 0.233205318
    1.03542984 0.379916191 -0.513650775 1.69557714 2.01947117 1.50474298
    0.970193148 1.09601974 -0.311123163 -0.335262597 1.75302768
    0.194248438 0.549242556 -7.4326992e-05 1.15985823 1.38859558
    1.66848159 -0.331191957 0.884977818 -0.719304919 1.67655945
    1.16101074 0.0210724473 1.65470862 -0.227216065 -0.154025555
    -0.0681690574 0.702233374 1.03667259 -0.809002459 -0.819742918
    1.57532144 -0.67565006 1.52932143 -0.0705143213 0.308555007
    1.24855411 1.57167637 -0.6708076 0.0377694964 1.22330689 0.724218607
    1.32253218 0.487456083 -0.0472317338 -0.240995646 0.843820333
    1.15106058 -0.128777683 -0.0679438114 -0.612792075 -0.366869718
    0.584394813 1.05831575 0.911794841 -0.0658989549 0.903260469
    0.623904049 1.72725236 1.27922976 0.271564066 1.54211998
    -0.195678711 0.687286973 1.09882069 0.229073346 1.70715296
    0.691901505 1.64164078 -0.111420453 -0.0956882238 -0.118537843
    -0.503659427 0.63106674 -0.624470115 -0.279908597 -0.325876623
    0.830584109 -0.348400891 -0.725968599 0.201263905 0.148888946
    1.38579845 1.51762021 0.461665571 1.44203806 1.00526261 0.871112645
    -0.650877833 0.496378601 1.5627594 0.325977981 1.54729962
    0.403299391 -0.781640172 0.721273839 1.37431216 -0.128259718
    -0.0539582372 0.779929996 -0.134433568 -0.685072839 -0.503906786
    -0.348457605 -0.391957521 1.13418043 0.729827762 -0.127446473
    1.06084931 -0.368863165 -0.00752669573 -0.587009728 -0.663413286
    0.192919314 0.329587519 1.5182693 1.57044804 1.25923681 0.946262062
    -0.628562689 1.13252997 -0.0878612399 0.555512846 -0.107578635
    0.750747144 1.51606417 1.38930881 -0.473446697 0.711540937
    1.26141202 1.42009807 -0.665896297 1.30902505 0.45701009
    -0.668190658 0.601273835 1.82425165 0.501837373 1.339504 0.52142024
    -0.758668303 -0.479452819 0.8104285 0.566316068 1.24162674
    0.453236699 -0.0127501488 -0.153059304 -0.139002264 1.44592464
    1.37401485 1.11659169 -0.466477484 0.367132664 -0.0988611579
    0.23539716 0.217103124 1.66371942 1.17165291 0.285995662 1.019449
    1.63480306 1.22855663 -0.807732165 0.862977862 -0.457264036
    0.919092476 -0.476727426 0.0992565155 0.673734426 -0.714296818
    0.554409206 0.501984596 -0.241025627 0.585465908 -0.701782286
    -0.599240243 -0.606184661 0.743736386 0.490453124 0.386716008
    -0.366286993 -0.569066167 0.128310859 1.75494885 1.35428619
    -0.489856035 1.70213008 0.797972381 1.54618382 1.57728076
    -0.211544573 1.61056685 -0.710439444 1.66593421 1.41493726
    0.407202423 0.0651203394 -0.276792049 -0.0833984017 1.31767631
    0.879491925 0.933340788 0.0834226608 -0.825721741 -0.0768559575
    0.591745555 1.72554767 -0.727679551 0.760076165 1.23624814
    -0.449836969 1.04950213 -0.827656567 0.948477685 0.656891525
    0.965955257 1.04438448 1.00555599 0.345230222 0.730579615 1.19213307
    -0.874075413 1.38805032 1.42126274 0.584825039 -0.865473986
    0.78613466 -0.62367034 1.55773234 -0.382914186 -0.348553061
    0.988697112 -0.512694001 0.737190366 0.680947363 0.145083368
    -0.660047889 -0.519255757 0.38586241 1.72436547 1.42106533
    1.38053727 0.965224087 1.73101544 0.74396503 -0.614064932 1.49249458
    -0.848036647 0.268338203 0.716712415 1.74945557 1.57055306
    1.54876757 1.18215179 -0.36270076 0.884540617 0.469595909
    -0.450413972 -0.224195629 0.19754982 -0.162397951 0.205412388
    -0.147646785 -0.526472211 -0.084438324 -0.0232293606 -0.128867149
    -0.405654967 -0.32973212 -0.445670277 0.366640389 1.74767411
    0.590509176 0.529088259 1.80323422 1.40384054 -0.182133675
    0.442319512 1.56863546 1.05432391 -0.118292868 0.862175763 1.545748
    -0.0267267823 0.988211155 -0.505854428 1.73820925 0.42151171
    -0.633372724 0.98365438 1.771294 0.013554275 -0.454119056
    -0.450571746 0.457894146 0.130231261 0.216572464 -0.50175488
    -0.432894289 -0.810104311 1.12602735 0.636464238 1.18128443
    0.728971958 1.42510569 -0.330014169 1.23935938 -0.649731874
    0.486414313 0.48034519 0.791831255 -0.461086065 -0.383213371
    -0.315814078 -0.380527914 1.20199597 -0.474727511 0.805666804
    0.845787227 1.75374389 -0.686248899 -0.336636841 0.199742317
    0.770628214 1.17723751 0.676061094 -0.354250193 0.087354362
    1.61887646 -0.302025378 0.834625542 1.58396459 1.04690313 1.78813553
    -0.644383848 1.47662258 -0.0524824858 0.66978848 1.60463643
    -0.775290847 -0.268260181 0.202345788 1.56237829 -0.385106504
    -0.187173843 0.265708566 1.68278193 1.31312275 1.60378504 1.14474297
    1.44729948 1.63549542 0.696534693 1.05961752 -0.781395853
    -0.280605435 -0.188820124 -0.511287034 0.190186977 -0.77345717
    0.341534257 -0.389507532 1.0305109 0.972280025 -0.509217441
    0.00156289339 -0.483942211 0.777145922 0.696213424 0.152170122
    -0.22243762 0.571136177 1.64249623 -0.695302069 0.263509452
    0.316769481 0.24328655 -0.0953635573 -0.601704478 -0.448040992
    0.333395183 0.00182533264 1.21723258 0.128561139 -0.389492184
    -0.606792569 0.786432803 -0.490345031 1.41160417 -0.0373508334
    -0.214344561 0.670743525 -0.0262897611 0.193445146 0.0779289007
    1.34062576 0.236685097 1.08924747 0.760741293 -0.0792114139
    -0.469679028 1.68000746 -0.443438172 0.27691251 1.5532012 1.81915855
    -0.350873679 0.990948856 -0.341341525 -0.461291283 0.847529173
    1.83879972 -0.0176638365 1.16251373 -0.143638253 1.59016061
    0.426253557 1.71909213 -0.289692342 1.61276543 -0.375527292
    0.479392529 -0.265469253 0.679203391 -0.257921219 -0.694551706
    1.64495468 0.672743738 0.559877634 0.721502244 1.3846339 0.63915664
    0.72329843 -0.220146298 -0.392712742 0.181603312 1.54769468
    -0.0827375054 -0.331378907 0.854699075 0.276937723 0.665681005
    -0.218508363 -0.366700679 1.42218661 -0.40243715 0.336644709
    1.04252768 0.708242655 0.952670217 0.768917084 1.17074978
    -0.458436847 -0.344141603 1.48386073 1.03511274 -0.175924361
    1.19082832 1.1862216 0.265974998 -0.736061811 1.2160399 1.54981744
    0.767381847 0.3171947 0.454710841 1.50844717 0.403480291 1.7781415
    1.08364964 0.28609705 0.516333342 0.752268314 -0.161830425
    -0.440545171 -0.134080112 0.750262082 1.73687708 1.34019506
    1.46670651 -0.650291502 0.275826573 0.285456598 1.57007635
    0.109813333 0.616779327 1.00025642 0.312173545 1.33676338
    0.739464104 0.878051221 1.35454297 1.12002206 -0.58967495 1.57221389
    1.36009216 1.21687961 -0.813807786 0.171363652 1.34554243
    0.304141283 0.225329101 -0.030112505 1.39809048 0.459441662
    -0.0149562359 1.0992955 -0.36013335 0.138139665 1.67749524
    1.17182517 1.4137361 1.70247197 1.10344791 -0.180763781 1.11638212
    0.0107131302 1.22006321 1.14019835 1.92162466 1.90778112 1.8021338
    0.14055723 -0.721408248 -0.285773218 1.54848003 0.301855028
    0.871231854 0.275320292 -0.807859182 0.786895633 -0.355577856
    1.00101542 -0.647997141 -0.326404512 0.808985293 0.754750788
    0.852508366 -0.584538102 0.751629651 -0.254406452 1.75544357
    1.71968508 -0.278546095 0.372424126 0.916281462 0.646984339
    0.00105667114 -0.0931589603 -0.390470952 0.0889568329 0.104400814
    1.71898973 0.626523852 -0.0230996013 -0.115408123 1.69472599
    1.34675908 1.30400598 0.600299299 1.57483566 1.72419572 0.444808841
    1.31489873 0.304094493 0.471217811 -0.608698368 1.53269553
    -0.0188416839 -0.00910496712 1.188416 -0.137672126 0.389520228
    1.62893081 -0.163326085 -0.889804125 0.251722097 0.787513554
    1.32124805 1.09054482 -0.347867072 0.685738564 0.152351797
    0.523772418 -0.280628383 0.157773852 1.14752376 0.879960716
    -0.462072134 0.776475489 1.76485562 0.672000945 0.961634874
    1.31940532 0.302007139 0.0719153285 1.37420392 1.40425396 1.56590903
    1.57785177 -0.117510021 0.660157323 1.32089603 1.30162382
    -0.876874149 0.14385736 -0.0775866508 0.399040759 0.753851116
    1.04810047 0.0954390764 0.330837488 0.473535836 0.105635881
    0.446719646 0.733720303 1.43254828 1.64978385 1.20336974 1.36345267
    1.24892867 1.51980615 -0.418692261 1.17374301 1.13503432 1.53465843
    1.35265613 -0.367629349 -0.272224844 1.70640635 1.60532761
    0.145767212 0.591192067 0.172187448 -0.108718753 0.627026796
    1.57124293 -0.463451058 0.110332489 -0.150322914 -0.202549934
    0.961698413 1.67533135 0.257932127 -0.240939081 0.571009159
    -0.346595585 1.20347798 0.571101964 -0.149498701 -0.769889832
    0.134312332 0.428022861 0.213136137 1.83065736 -0.408347249
    -0.0727826953 1.49328518 0.19849968 -0.00833964348 0.179483473
    0.247108638 1.7646358 0.663540602 0.703072846 1.59943891
    -0.342746139 0.94415611 0.867906272 -0.205061495 0.0422241092
    -0.415246576 -0.440845966 0.641571999 1.45310783 1.78851891
    -0.372742295 0.781472623 0.603137851 0.44468385 0.660188913
    -0.419555485 1.13952589 -0.159777999 0.295577705 -0.169346333
    0.843141794 0.573481083 1.76082301 0.454295099 -0.16866529
    -0.561738789 1.19970942 1.78841555 -0.26279074 1.43208468
    -0.0294147134 -0.652143717 1.73671508 -0.766390502 1.67055368
    -0.690455854 -0.647780299 1.86379075 0.204766572 0.443643391
    0.271094263 -0.787978768 0.764362633 0.889664173 -0.525718689
    0.14769733 -0.416225135 0.916059136 0.159893632 -0.697090864
    0.44700408 0.388610959 -0.293955564 -0.762269199 1.46618557
    0.111366391 0.585987091 -0.196380079 0.649315834 -0.756806552
    -0.704743743 -0.658111393 1.42544675 0.870334148 -0.47357884
    0.320744991 -0.312912822 -0.634405732 1.07951117 1.08197474
    -0.532748461 1.72816753 1.60436475 -0.41691801 1.41437256
    0.521656334 0.101850152 -0.199155867 -0.774450898 1.28544545
    0.697412252 0.946348548 0.856446505 1.30447745 0.610694826
    -0.943705261 -0.0944243073 1.4107846 0.224388182 0.909525275
    -0.591196656 0.246303082 1.19827509 0.777475774 1.21020365
    -0.639125168 1.65272307 -0.176357567 -0.00582295656 -0.214139938
    -0.692957342 0.795041263 1.78809142 1.28185344 0.575096369
    0.954290688 -0.259115279 -0.369485199 1.3214004 0.967736363
    1.33778691 0.0619189143 1.01605368 1.17341185 1.07695723 -0.3776232
    1.00850558 -0.34254247 1.45278955 1.61342716 0.852770865 0.95008266
    0.897524774 -0.37920624 -0.659778714 1.41077244 1.16693711
    0.641678691 1.04597771 0.0806128979 1.77420437 -0.46056363
    -0.748443782 1.61407542 0.81586498 -0.123486936 1.23456335
    0.868011475 -0.328885406 -0.2252599 -0.77025789 0.749516904
    -0.164562762 -0.599996924 -0.804893017 0.924368083 -0.287709415
    1.36862457 0.799600303 1.74435043 1.33663487 -0.523884535 1.27005506
    0.320248067 1.01687956 -0.452194065 0.541194677 0.685787082
    0.0906085372 1.22319663 -0.0292178988 -0.0984054208 -0.513062477
    -0.51944828 1.3817668 1.40350866 0.722988725 -0.0248969793
    1.40611339 0.614886284 1.08167207 1.6898526 -0.0363072157
    -0.691852331 1.0121237 0.34201473 0.606843233 -0.535966873
    -0.2550174 0.615956962 1.36535192 -0.838069677 -0.80432868
    -0.25572592 -0.572353601 1.26745963 0.399484754 -0.876945794
    -0.277817845 0.916749597 0.431097388 1.14648664 -0.0369020104
    -0.251378596 -0.714636326 0.955375373 1.20904732 0.185875535
    -0.546335638 1.63829446 1.21579289 0.686416328 -0.0186311603
    -0.0548174381 -0.513753533 1.23243022 -0.599291265 -0.733983576
    -0.770013452 0.129109085 -0.0667520761 1.63382912 1.18214738
    -0.27492857 1.44387031 0.383053839 1.04523051 0.0297455788
    -0.334619939 0.263929963 1.14625072 1.79604435 1.61107183
    -0.652388215 0.240098715 0.717312634 0.613622189 1.88052905
    -0.385528296 1.75994742 -0.770249665 1.35435224 -0.00762522221
    -0.121477067 0.0219338536 0.513247013 1.64703369 -0.778938591
    0.717308283 0.457550168 0.444591582 1.74545014 0.28199482
    -0.0404441953 1.78935337 -0.534377337 1.29862452 0.543553054
    1.7174114 1.29652286 -0.241433263 1.00879872 0.962907851
    -0.673693061 -0.753006995 1.52912378 1.67997813 -0.0843567848
    -0.251400292 1.48069835 1.32332253 -0.693109274 -0.716164887
    0.162434697 1.1301266 0.658846617 -0.513202906 1.80382228
    0.507608056 -0.229819298 1.85354495 1.09147596 0.697615921
    0.856695771 0.537215769 0.526571155 0.603180408 1.61646557 0.9007231
    0.720100224 -0.811106086 0.410531223 0.342174649 1.43526399
    0.1130265 0.686392665 0.147717059 -0.413330793 -0.0066986084
    1.55483818 -0.689797163 0.0242909193 1.00298715 -0.663936019
    -0.61105895 1.30776834 0.412172794 1.32518578 0.800873697
    0.986249447 1.66950965 0.267711222 0.33148092 1.82276261
    -0.0421543717 0.0871804953 -0.450149775 1.49642718 0.962887645
    0.512262881 1.034621 -0.184048235 1.08252263 -0.69207561 0.20584476
    -0.111577034 -0.399522573 0.826197743 -0.172834277 0.271120429
    0.122209907 1.61206031 1.19244242 0.021093905 1.78194666 0.41580236
    0.42429769 -0.391702831 -0.867416859 0.871248841 -0.0913621783
    0.0627430677 -0.166612744 1.40091896 -0.0145623088 1.58801842
    -0.732510209 0.117704809 0.0933429003 0.542688072 -0.314063966
    1.4865104 1.6601547 0.474072158 -0.750616848 0.0218435526
    -0.687924564 1.02307367 1.06567264 -0.0677065253 1.47965908
    0.661205053 -0.394876927 0.882352352 -0.207127094 0.223407388
    0.290393174 -0.0763978362 0.854660451 1.72614849 1.616467
    0.785254359 -0.29898572 -0.0482719541 1.93992472 1.65047288
    0.957446337 1.78824449 0.206023633 1.70234811 0.113367498
    -0.416378617 0.873057604 -0.683000147 0.579780638 -0.733758867
    0.783699214 -0.283745289 0.580574095 -0.0194529295 -0.665937722
    0.56805855 0.368072808 -0.761173725 0.739958763 1.0039289
    -0.784400761 0.173275411 0.757293999 -0.413756251 1.82872844
    0.985505462 1.08910692 0.500314176 -0.802318633 1.42929816
    1.57838297 1.38728189 0.734856009 0.733160973 -0.395268857
    -0.00418782234 0.267579138 1.52214253 1.66404152 -0.660587609
    0.471637428 -0.646733165 0.147037089 -0.231913865 -0.671414673
    -0.518281877 1.39113116 1.31042778 -0.047442317 1.22516692
    0.923461139 1.5217185 0.102570415 1.04719496 1.41222477 0.35070616
    -0.537257791 -0.55352819 0.398954928 1.32816696 0.821437478
    1.76111078 0.477965415 -0.15669626 -0.163618863 -0.274574339
    0.810949087 0.0608953834 1.13252747 -0.794084251 1.03377271
    -0.854781151 1.7744174 1.53579116 0.671949327 0.246879756 1.27387071
    1.70109904 -0.808701038 1.60497475 1.75533092 -0.76993978
    -0.397433728 1.22445655 -0.183957815 0.0615980625 1.03860164
    1.13430011 -0.725607157 -0.836561263 1.79776073 -0.815371335
    1.60855103 0.642522335 1.43607867 -0.0603066683 0.89254266
    1.17867637 1.67646801 1.71657228 -0.492252767 -0.536399543
    0.366429985 0.836466908 -0.686469436 -0.100076973 0.528665304
    -0.715933681 1.64281154 1.57018185 -0.734638214 -0.71783185
    1.65798402 0.809240997 -0.0342724323 -0.345909446 0.28528583
    -0.280247152 -0.585432589 1.51511168 0.086787045 1.83973634
    0.570975661 -0.668940425 0.227369368 0.67866832 -0.163708389
    -0.0563068986 1.63494682 -0.286312282 1.45718122 -0.803806067
    -0.238534033 0.125741959 -0.347021759 1.12437618 -0.633056045
    -0.474346429 0.27265209 -0.755967438 0.895954907 1.59259999
    -0.187194049 -0.369957447 0.124164581 0.927211404 -0.461057276
    -0.708523095 -0.555463791 1.19277561 -0.195701778 1.66733682
    -0.0636667013 1.2425741 -0.498091131 0.238837481 0.0115305781
    -0.500473559 -0.136166692 -0.672306836 1.50402308 1.62712657
    0.145697653 0.300766349 1.45215058 -0.346602619 1.22268319
    1.29326093 1.74694991 -0.0573142767 1.5552001 0.91752702 1.62820446
    0.858122587 -0.0364342928 -0.445535511 0.567908645 0.277204573
    -0.291804016 1.37713444 -0.259131849 -0.116124034 0.958962083
    1.27596116 1.35729122 1.51826668 0.922881842 0.777010262
    -0.641119242 -0.248271286 1.51519728 0.535344601 0.868142486
    -0.308427811 0.843661904 0.328953743 0.842490852 -0.336980641
    0.00053191185 -0.560667396 -0.214499533 0.90689975 1.20641351
    0.997939467 -0.570425868 0.76722157 0.770566583 -0.72551012
    0.0551207066 0.870487154 1.30807364 1.05646563 -0.583896875
    0.11194241 0.991267562 0.986462593 0.95717591 1.46625757
    -0.786586285 -0.344334602 1.74532914 1.10590792 1.71915424
    -0.757717252 1.10827351 -0.849599659 0.592439651 0.972722948
    1.00449729 0.493256509 -0.09944731 -0.0473572016 1.53361249
    1.17491889 0.514726222 -0.381962657 1.36590934 0.831980288
    -0.159533203 1.82410717 -0.236745656 0.856551886 -0.808870077
    0.123024166 1.36454034 1.17299771 1.41920304 1.64927125 1.43663454
    0.899984896 -0.428556144 1.11673343 -0.42419818 0.634060621
    1.21360826 -0.436696261 1.83895981 0.614762127 0.73447901
    0.494991243 0.315490007 -0.629262745 0.432420015 0.0162206292
    -0.0713888407 1.09132791 -0.253030598 1.35637403 0.0561705232
    0.0217393637 1.73835158 -0.119837284 -0.133432865 1.46452332
    -0.498069048 1.85665667 -0.336454093 0.748263597 1.27142429
    0.509305954 0.552490592 1.21960819 -0.555658221 -0.356694937
    0.498274505 0.905944824 -0.290932596 0.887371838 0.740124166
    1.03930593 0.108336926 1.09506655 -0.201637805 1.00822544
    0.324961483 -0.0380635858 0.129634738 0.36483103 -0.763095677
    1.4742763 0.734106839 -0.723352849 1.22556281 1.5361414 1.67825246
    0.540362895 0.702186286 1.56197357 1.17439008 1.46213174 1.12232471
    0.559700549 1.77028704 0.404369235 1.42603827 -0.821078062
    1.38173962 -0.797949672 0.754699409 1.12905717 1.61476588 1.39145935
    1.67890215 1.61701155 0.156301737 0.463069737 0.5190804 1.1520822
    0.91060847 1.19660687 -0.648998499 0.846969366 1.27044201
    0.635180116 1.0830102 0.836004674 1.69107199 -0.128839135
    0.396642983 0.0353657007 0.577753603 -0.245838881 0.676752627
    -0.543337941 -0.420737177 1.46808052 1.48581266 0.491941512
    -0.31616503 1.5416193 1.85754693 -0.128518224 0.0705635548
    0.262594163 -0.481420308 -0.064620018 0.573010087 -0.774904668
    1.61678421 -0.434854299 -0.27662158 0.616706312 -0.251260221
    1.03490591 -0.309472203 0.642870188 -0.599969447 0.0298669934
    1.70298123 -0.0829034448 1.75003195 0.646860242 0.455590725
    -0.272065163 1.26254869 -0.708919406 -0.161800385 1.75061285
    0.623476446 0.94063288 -0.179033518 -0.304745018 1.20533872
    0.744641185 1.38931346 1.72014868 -0.487825006 1.3157239
    -0.126872361 0.306150436 0.500963688 0.151943266 0.967147231
    0.938719571 1.37250924 -0.37085706 -0.760144532 0.463204086
    1.07250619 -0.316626668 0.791055381 -0.37971884 -0.461973071
    0.853376746 0.256410301 1.69270885 1.64863884 -0.408778518
    -0.268663347 -0.80881536 0.910532653 1.13684106 -0.496456146
    0.26969409 0.929924786 0.906808555 -0.548142672 -0.211702526
    1.75845981 0.784520507 1.59826076 1.36830068 1.17226529 0.5261724
    0.932258785 0.301273465 -0.385954529 0.47479701 0.746837914
    0.089828372 0.118696511 -0.394377857 0.0215528011 0.793361902
    1.85812724 -0.0479568839 -0.64008522 1.39932215 1.16978431
    -0.0367370844 -0.708583236 1.83575356 1.64368963 -0.299373507
    0.0860114098 0.799847901 0.994557798 1.18586183 -0.21026665
    0.895146966 -0.384893328 0.930756569 -0.221142054 0.0658410788
    1.55532336 -0.355562598 -0.182374716 -0.673452973 1.28010666
    0.974410355 -0.430348784 0.199427605 1.08961129 1.59850883
    -0.0549784899 0.00684428215 1.12679446 -0.252887607 1.57278442
    0.169129729 -0.79304105 1.60380816 0.372814059 0.00632148981
    1.77538013 0.210004568 -0.368736804 0.0974603295 1.55261242
    0.486025453 1.39188385 1.42154408 1.25855803 -0.153235137 1.59408331
    -0.10480547 -0.232784927 1.17770696 0.45809561 1.63235104
    0.970183611 1.53462851 0.0581247807 0.934423745 1.18580735
    1.02453053 -0.469812214 -0.590446591 -0.059764266 0.430906713
    -0.775479853 0.924145997 0.485183418 -0.301204562 1.51556909
    1.23270226 0.897800148 2.05563641 1.65523684 1.87891817 -0.315328628
    0.776494503 0.112101018 0.200640678 0.255415976 -0.050709188
    0.660007954 0.264929056 -0.062466979 1.16099215 0.789816141
    -0.579959631 0.944674313 0.688471794 0.545773864 0.311576068
    -0.206776381 0.752055705 0.748507082 0.360961676 1.42675066
    -0.544402301 0.419624448 0.748697639 -0.692162156 0.823723197
    -0.284659386 -0.749016285 1.4553678 0.870448112 0.45622611
    1.13887119 0.503757775 0.789537191 1.79487848 0.461760044 1.63504434
    0.958736658 0.576731622 1.35879302 -0.85511595 -0.390059084
    1.78002048 0.933140635 0.102680147 -0.398217827 0.0797866583
    0.467417598 0.92003566 0.479015231 0.214628577 -0.539297462
    0.107217968 0.729426682 0.182905555 0.734299541 1.38933158
    0.0845883489 -0.0708120465 0.419196069 0.942652285 1.48723698
    0.939444304 -0.121700883 -0.128339648 1.38882077 -0.77699703
    -0.765025973 0.971282542 -0.333054125 0.12714988 0.605727851
    1.14427924 1.24217546 0.900088787 0.0416574478 -0.475704312
    0.0140938759 1.34401011 -0.0529525876 -0.800568998 0.892767012
    1.47029948 -0.496900082 1.48541045 1.44217324 0.634040654
    0.576069057 0.453161538 -0.0681197047 0.530653119 1.58522677
    0.0464260578 0.0859038234 1.18601143 1.64185822 0.88414979
    -0.587038338 -0.700392067 1.74471879 1.22120273 0.0629941821
    1.73047602 -0.242654622 1.2666899 1.64572287 0.589533687 1.49567246
    -0.0232125521 1.69200587 1.58042502 0.798695266 1.55432367
    -0.0121408105 1.31174994 0.674185395 1.26661313 -0.40470916
    -0.302379429 -0.434524298 -0.713282108 0.898156643 0.554061174
    0.5792346 -0.632149696 0.0323162675 1.32030797 0.903271973
    0.87341845 -0.164339185 1.0806179 0.833561718 1.3768065 1.06276953
    0.920375347 1.57364488 0.838269055 1.45830977 0.584018409
    -0.218997061 0.977677524 0.0671762228 1.74651456 0.729562163
    1.02980971 0.864592373 0.289635479 0.62156558 0.953405857
    -0.0448881388 -0.452469081 -0.7151016 0.355813563 1.22861445
    1.21082366 1.47590804 0.180716395 0.734233201 -0.333969533
    0.946705759 -0.534569383 0.441104114 -0.7144894 0.00512522459
    0.406933725 0.135293663 1.41051412 1.10360062 1.1494782 1.06891441
    0.190635204 -0.510657489 1.17645419 0.0416336656 0.7183007
    0.99163425 0.497081518 0.404196739 0.78380537 0.756562114
    0.945069253 -0.00562554598 1.09906101 0.894817173 -0.169126749
    0.751247823 -0.703028798 0.0598105788 -0.0685666203 -0.522527695
    1.39463031 -0.382426143 0.466000199 -0.743309021 1.36821556
    1.59231198 0.199468791 0.583636284 1.24344373 -0.327792823
    0.674280107 1.15949774 1.4363637 1.34338689 1.44729257 0.119030595
    1.75792146 1.6692009 0.409618676 0.934073746 0.741355538 0.484789908
    0.542603135 0.352910042 -0.126814663 0.218551457 1.05314541
    -0.489542484 0.270368695 0.478666425 1.66339946 1.65072584
    0.894029438 1.24816704 -0.858705938 1.56597996 0.905238986
    1.04537475 -0.459887326 1.38629127 -0.360654712 1.21372998
    0.990234554 1.23076975 1.53648627 1.49722362 0.410266042
    0.0697704554 -0.226772606 0.0981770158 0.302429318 1.00824761
    0.0828713179 0.180537283 -0.0483956933 0.0502972007 1.28305531
    1.79830503 -0.199154675 0.381432533 -0.463161379 -0.684935451
    1.37476039 -0.228843272 1.01328444 0.550087512 -0.340792745
    -0.374722183 1.33599186 0.45894593 1.0234865 0.690471172 1.32162428
    1.50910592 0.141452014 0.937790811 0.577234864 0.0818586349
    0.950631917 -0.165525854 0.0581533909 1.83415163 -0.524193645
    1.18320155 -0.1641559 1.71397495 -0.514449596 0.621768773 1.46783042
    -0.708228946 0.608300328 0.905955195 0.852585852 1.63538527
    -0.613499463 1.29737949 1.22764742 -0.307905972 -0.560570598
    0.0449600816 0.425548375 -0.756653786 1.49293399 1.43889046
    1.07511568 -0.153792441 1.71058261 1.56555343 1.48844659 1.55938244
    -0.54288435 1.0131073 -0.243047059 0.0986590981 1.07281137
    1.21828842 0.434966087 1.28332388 0.641726017 1.62508821
    -0.810268819 -0.18189019 -0.701777577 -0.546308875 0.97676146
    0.252639174 1.3682487 1.28172421 1.13267124 -0.831213653 1.7859354
    1.45418429 1.17221332 0.0124947429 0.722345889 -0.809763372
    0.635864675 0.470616817 1.51780748 1.00720406 1.34006429
    -0.629887581 -0.371528625 -0.660341918 0.695117891 0.431675673
    0.582533896 1.17404175 0.597677648 -0.132028222 0.864152074
    0.597011983 1.33465362 0.0815466642 0.60226804 1.76544225 1.1620599
    1.32782459 0.95685184 0.0299467444 -0.0339110494 -0.371647507
    1.28491139 1.64834893 -0.532155931 1.12739265 -0.666596532
    0.863174498 1.46796536 0.308851659 0.638826549 1.51455343
    0.279378235 0.652953506 1.0959084 -0.502527714 -0.0383141041
    1.08491707 1.36996031 0.919801414 0.287205756 0.955458999
    -0.409465402 -0.0431949496 1.72272885 0.538478613 1.84510863
    0.535079002 -0.0378055573 0.481688499 1.47493172 0.790150166
    1.63391137 1.65682793 0.644124806 -0.546433806 1.65154111
    -0.771087468 0.785592198 1.54780674 -0.7549752 -0.593667626
    1.54858196 -0.489675015 1.32656145 0.0359725356 -0.771520734
    0.702309668 0.350378573 0.922229528 1.38984704 -0.570950508
    -0.369115531 1.79392087 0.499642193 1.74900866 0.11779213 1.67211461
    0.933660388 0.117949963 0.959769785 1.59770453 0.507229388
    0.56823051 0.0353205204 0.464341819 0.685437083 -0.547020376
    0.684741855 -0.207980335 -0.696977139 1.03863263 1.46096516
    -0.759960055 1.19780993 1.6643064 -0.810904503 -0.654156625
    0.814830601 0.275101364 0.401510835 0.452574551 0.118884444
    1.07482123 0.627035201 0.3570894 0.154263973 -0.782422602
    0.991748214 0.0497395396 1.39943528 -0.443493247 -0.434797257
    1.48313129 1.72335196 0.596869528 1.05301023 0.70576632 -0.201110184
    0.618704259 0.0318738818 1.4508667 1.1876924 0.561597943 0.819384634
    0.630068839 1.62664771 0.455002487 -0.138002694 1.27098799
    1.31102479 -0.698747158 -0.222919583 0.161133409 0.246155739
    0.389307797 0.975902617 1.05080426 -0.824742556 1.28585482
    0.422262132 1.49007869 1.07447469 1.39665258 1.30496085 -0.69518733
    0.225215673 1.11293411 1.45912623 -0.285895884 0.404410005
    1.27351689 -0.0491672158 -0.399485588 0.762716174 1.26741254
    0.670426667 0.0559586287 -0.212132394 1.33261776 0.686921239
    1.424016 1.1123302 -0.370782554 -0.774559081 1.41343892 0.978523493
    -0.246437192 -0.447258383 0.0733892322 1.04215121 0.858742177
    1.05784893 -0.198907614 0.882938564 -0.209590614 -0.144287109
    -0.085302949 1.90563738 1.66035295 0.796957314 1.81284106 2.05373812
    0.693799078 0.620528698 -0.450571686 0.557639837 0.20678699
    0.181459069 -0.596923292 1.79382205 -0.733526647 0.976052642
    0.970320225 0.872999012 0.497749269 -0.622904837 1.48657656
    1.59107208 0.397185564 -0.663602114 0.071881175 1.00061369
    -0.433932841 1.28969193 1.15018976 0.551389992 -0.66367352
    1.51567113 0.538531363 -0.690149188 0.517555296 0.101664126
    -0.28471911 1.32202578 -0.141907096 -0.45594871 -0.600723445
    1.11176872 1.18432808 1.40506864 1.23276114 1.12906003 0.240833163
    -0.11687392 -0.0152786374 1.75608087 -0.362304688 0.7809636
    -0.110946417 -0.785009146 1.81774211 1.65721059 0.0670888424
    1.78414571 -0.783139169 0.304472446 1.42856121 1.01236868 1.51621354
    -0.243191302 0.646293461 -0.255190194 1.29567361 -0.492924899
    1.04193032 -0.0458635688 1.47861969 1.25587916 -0.621335626
    -0.115530372 0.883192658 1.02309322 1.56403708 0.0615360141
    -0.27777493 0.33990556 0.918033481 0.370024502 0.245090961
    -0.621931434 0.374435782 -0.47939384 -0.0570479631 0.714913726
    -0.831655562 -0.608135581 0.849458098 0.619001746 1.40382719
    -0.206207991 -0.0999389887 1.14818525 0.0261777639 -0.185202181
    -0.0929580927 1.77008605 -0.359675795 -0.552491426 0.649419188
    -0.313827515 -0.314983487 0.721313596 -0.474073082 -0.600887895
    -0.793650568 -0.727494597 1.74112737 1.35895443 1.6289289 1.43234825
    -0.597235024 -0.851741195 -0.221431971 -0.164539576 1.43257785
    0.724682271 -0.687357962 -0.494232148 1.70318699 0.554690003
    0.838735998 1.04426205 1.23768449 1.08459759 0.208793044 1.34145451
    0.645510852 -0.30108124 1.77209294 0.707007468 0.937412381
    0.50867486 -0.015325129 -0.238814771 -0.430909306 -0.020903945
    1.7179805 0.664450824 1.34116268 0.0296444297 1.15814853 -0.56426847
    0.715145588 1.70787418 1.63773251 0.845971823 -0.558129787
    -0.585855484 1.79585886 1.80862284 1.61587358 0.892456412
    -0.489488482 0.755511701 -0.513681352 0.625249982 1.48886943
    -0.367656589 1.28997099 0.784086049 1.32514572 1.31169212 1.71833396
    1.11598253 -0.74158895 -0.448612779 1.0533843 -0.115803003
    0.806835532 -0.630881846 0.682630479 0.97936219 1.18714809
    1.33411562 0.402759552 1.61747885 0.620354891 0.918484688
    -0.230208814 0.586174011 1.16799605 -0.587706923 0.130040824
    -0.121457636 1.58429432 1.47045016 0.203994751 -0.304276764
    1.04922867 -0.0484948754 0.674082339 0.703236401 0.272222996
    1.18381512 -0.0553588271 -0.348917782 0.000406265259 1.26636827
    -0.0934097767 0.189164102 1.50437987 0.953408182 1.21328521
    0.2775774 -0.0490946174 1.09643435 -0.457787305 1.31052852
    -0.0179715157 0.420480609 -0.473745406 -0.179659069 -0.576580226
    0.451923072 0.462406278 1.0349344 -0.196809173 0.233845711
    0.799356103 0.413645208 -0.210186601 -0.212643743 1.12447429
    1.38277793 0.170697331 0.799440801 -0.30698812 -0.035315752
    0.872990012 0.287159324 -0.540468991 0.987896144 1.21593344
    0.655799568 -0.193394661 1.16998482 0.306824505 -0.473387837
    0.774781704 0.331215978 -0.365586251 1.03513753 0.974808097
    -0.00827813148 -0.568413377 1.82456994 0.309104145 0.632837176
    0.657134771 -0.685402453 0.787032902 0.15874362 0.357096791
    0.970838785 0.387905836 0.733759046 1.38219523 1.67397714
    -0.268606097 0.139207423 1.23478997 0.822750509 1.50673115
    1.12247193 0.654677689 -0.378400177 0.727390885 0.614876449
    1.28880858 -0.371089011 -0.061585784 0.705461144 -0.383134723
    -0.181762099 1.06716585 0.247038543 -0.500494957 -0.708585739
    -0.622621 1.49698246 0.0692219138 0.810187578 0.599613428
    -0.631097198 1.71358275 -0.0421918035 1.5991478 -0.00744265318
    1.1618948 -0.699623585 1.37170887 0.89923799 0.117150545
    -0.669785798 1.55958819 1.15728509 1.1372788 0.309136271 0.226980746
    1.49690259 -0.462511629 0.789640367 -0.169947326 1.52884436
    1.00979114 -0.53884393 0.0349312425 1.25019956 -0.218138754
    1.57904959 1.23951209 1.13144922 1.70699716 0.111933053 1.44631791
    0.253214061 -0.366822928 0.0949486494 -0.579784155 0.617218256
    0.686076999 1.19195104 0.436044335 1.80037451 -0.353713095
    0.226895332 0.896777153 0.519648135 0.679935098 1.21643949
    1.46728802 0.131254435 0.673174024 -0.174459517 -0.170911074
    -0.047426641 -0.537300169 0.991965413 1.22737265 1.32434058
    -0.677061677 1.26894152 0.162620068 0.755341947 0.718819976
    -0.40515244 1.07246876 1.45301509 1.14136827 1.26151502 1.52323997
    1.77779698 0.0264383554 0.344022274 -0.618784189 -0.0181249976
    1.29186797 1.10546207 0.258076668 1.56983316 -0.799397111 0.68923676
    1.45653868 1.76108563 0.928094566 1.22326815 1.34682107 0.706693769
    1.49434304 1.56893301 1.30542183 0.736692309 -0.46999225 0.862885058
    0.0646266341 1.05878711 0.700514674 0.651353836 0.200502515
    1.76476002 -0.559050441 1.57137108 0.100230098 0.522664249
    -0.340646446 -0.359685838 -0.72297591 0.764368713 1.14039075
    1.4443953 1.42817295 -0.0866388679 -0.13976717 0.198023677
    0.0948320627 1.13617253 0.557731271 1.56157434 0.360150337
    0.776905119 0.994627714 0.347952425 0.0851613879 0.801488996
    -0.0607168078 -0.271422982 -0.654725552 1.07873917 1.23222077
    -0.394647419 1.75126743 -0.454796255 -0.0561054945 0.100539923
    -0.382324338 0.699743032 0.384053528 -0.0640326142 0.292488992
    0.345759392 1.0618068 0.89203006 0.201592028 -0.469863147
    0.645797193 1.25397825 1.45300865 1.19442606 -0.104235709 0.36932683
    1.52349615 0.800670147 -0.232446194 0.105553448 0.102241099
    0.207321107 0.813875735 -0.0322979093 -0.168435216 2.66432762e-05
    1.71593916 -0.488267332 1.3736515 -0.62867099 1.21156716 0.782413065
    -0.412986875 -0.755286694 0.865094304 -0.48558268 0.553448141
    0.646800995 0.570542276 1.1516633 1.65403295 -0.408195883
    0.726341665 -0.235554457 -0.252666473 -0.000805139542 0.184203148
    0.882284224 0.177690506 1.81939721 0.462583125 1.35864592 1.13281274
    -0.391396284 0.502189755 1.58065093 1.0894556 1.07562327
    -0.165576458 0.826036394 -0.66845113 1.83259225 0.67078805
    -0.676303089 -0.760769606 0.640448034 -0.715281188 0.259658217
    0.00422114134 0.26156497 1.3097806 -0.479124367 0.0299120545
    -0.062784791 0.490469635 0.758244753 -0.429507494 0.870737374
    1.20021605 -0.409458041 1.04770374 -0.0954736471 0.931702077
    1.25837421 1.73912883 0.620194316 0.521655321 1.31980944 1.06481004
    -0.753589571 1.81399727 -0.291607648 -0.337495059 -0.310769409
    0.388449252 1.79950643 1.88777423 -0.124178946 0.707957268
    1.67978859 0.947615981 1.58252144 1.51361179 1.18318105 -0.356242955
    1.29755938 0.0125786662 1.32429314 0.975971878 -0.461794019
    0.199746549 -0.634807348 0.497675538 0.712331355 0.18968761
    0.484568596 1.65097761 0.380411506 1.64830327 0.510156751
    0.630566478 0.753606021 -0.669727325 0.815531731 -0.389676183
    -0.0737063885 0.540741324 0.66960299 0.518397331 0.537976265
    -0.532956779 -0.218669832 -0.5679757 0.144664109 -0.0854896307
    0.384941876 -0.32139796 -0.0393687487 -0.536773264 1.46428585
    -0.555921018 0.837453246 0.732128859 0.867559493 0.755211115
    0.64273572 -0.532911777 0.0511596203 0.54419297 -0.160980761
    0.540210068 0.122044384 -0.466388822 -0.00825423002 0.258372009
    1.88929486 -0.493025303 -0.470747739 1.08674562 -0.515862525
    -0.241268158 1.00778782 1.61150789 0.172255039 -0.172189415
    -0.19132477 -0.440223753 1.05318165 0.392346263 0.979436934
    1.07408404 -0.15865773 -0.601196885 0.238379478 1.36859536
    1.06635189 1.27523732 1.755229 0.0533778071 0.962672532 0.134022951
    0.837075353 1.64611149 0.484056234 1.00618148 0.734143794
    0.0934378505 1.62845325 -0.0539616346 1.80990291 -0.652422011
    0.441084325 1.15894222 -0.0639136434 -0.402110815 0.421719849
    1.83993065 1.13247204 -0.778812349 0.578181982 1.31279063
    -0.664760232 -0.28404659 -0.509077311 1.41266119 0.22634387
    -0.854214251 1.69030428 -0.0106983781 0.866375983 0.463834643
    0.350675642 -0.171987534 -0.797470212 1.8431983 1.77280712
    0.351517618 1.17798436 0.639321089 0.772595882 -0.149813175
    0.0275972486 -0.292383075 1.70547843 1.34170437 0.774177015
    0.727605581 1.22831988 1.01016307 -0.184837043 1.10388637
    -0.156107187 0.383898497 1.08180857 1.47644866 0.149636447
    -0.254608929 1.73379111 1.44450068 0.889612794 1.74008298
    -0.0301533937 1.41199589 0.120404899 0.254844904 -0.729988039
    0.27410537 -0.481726468 0.640761256 0.687823832 1.3162483 1.55379319
    1.71604133 -0.491009831 1.03420389 0.931934297 0.782819688
    1.74533737 1.26909995 0.165987074 1.28310657 -0.467568725
    -0.419317484 0.233102381 -0.0794324875 1.16939819 0.551066339
    -0.0403639674 0.238942146 0.833420396 -0.309883833 -0.387221426
    0.638375878 0.496567369 0.355714679 0.763574004 -0.150969684
    -0.0230971575 1.62765622 -0.688604236 -0.797789216 0.679358542
    1.3523047 1.39210296 -0.864690065 1.37521696 -0.417761296 1.47008252
    -0.47672531 0.686605752 1.16084528 1.58824813 -0.819792688
    1.57841325 -0.803034246 -0.255411267 1.31609654 0.599826932
    0.681750119 -0.72066021 0.35595274 -0.429119408 -0.539829135
    1.60614133 1.57309341 0.495498061 1.52783191 1.25304937 0.820773721
    1.39069474 -0.045568347 1.46364379 -0.107787073 -0.268221617
    1.67767036 -0.0821514726 1.19113898 1.13056755 1.81752145
    -0.644407213 0.261119068 1.05342829 1.22677243 0.444959342
    0.70112884 0.925032914 0.949904382 0.0153821707 0.988829136
    1.62434447 1.4514811 -0.630994737 1.37135935 0.349006832 1.1851716
    1.67311263 0.328085959 -0.593411982 -0.354609817 -0.107795417
    -0.642156839 -0.0654565692 -0.778793395 0.079220891 1.06287813
    -0.013245523 1.82341385 0.210661232 0.425825953 -0.709119081
    -0.43503505 0.185488403 0.84274435 0.0798357427 0.293482661
    0.797370017 0.515573919 -0.644570589 1.75158846 0.92483896
    0.817045093 0.796831548 0.41588062 -0.545855701 -0.00214654207
    -0.316008568 1.34023905 0.413573086 0.275184333 0.781546175
    1.74335623 1.29577768 1.05487251 0.598580539 0.677577674 1.23118854
    -0.260341108 1.14840782 0.0447317362 1.50713062 1.35038757
    1.46722138 0.0795493722 0.520512521 0.0831778646 1.64911771
    1.38680911 -0.788907528 1.84886599 1.16950488 1.15315759
    -0.588479161 -0.256410122 0.586447895 1.11433554 -0.74659729
    -0.47927469 0.690389752 -0.330762297 0.843562841 0.15754807
    -0.696053088 0.697680712 1.78285515 -0.396353662 1.21675611
    -0.479744345 0.482139289 -0.620176911 1.56914079 0.229094684
    0.854519665 -0.708393097 0.922704458 0.723603606 1.33855367
    -0.178584278 -0.174909532 1.78525484 0.591708124 1.71988189
    -0.699869812 1.22685933 0.979342103 0.398894191 1.07853627
    0.68729347 0.465985835 -0.305495322 -0.615025759 1.01649106
    0.85899812 -0.409463614 -0.738983572 1.31260395 0.829465449
    1.21168923 -0.196229994 0.448945642 -0.298852086 1.11043239
    0.75192821 0.0338279605 0.679384828 -0.019329071 0.0311030746
    -0.633314371 -0.000858724117 -0.140430927 -0.7508865 0.849638283
    0.940237761 0.281883359 1.17123294 1.59558094 1.41216016 0.431971729
    0.340298653 -0.178978622 -0.241593719 -0.219543159 -0.102874219
    -0.248684645 -0.740341365 1.73785877 0.0528589487 -0.589083195
    0.215456307 0.0938975811 -0.638722479 0.536921799 -0.509614825
    0.351620674 1.69291592 -0.596432507 1.11598229 0.467645228
    -0.320914149 -0.355814666 0.662291706 -0.695269406 1.64334393
    -0.326090336 1.66187787 -0.00602340698 1.43505895 -0.3186028
    -0.0297031999 -0.177069783 -0.824239671 1.7662611 0.326771319
    0.590942562 0.294089317 1.52702379 0.580596447 0.856328905
    0.060593307 -0.786151052 1.57800674 0.117479205 0.197901309
    0.645689845 -0.64985168 1.58515275 1.55971694 -0.227836311
    1.07372785 1.3006928 1.57868659 0.941521406 0.945269227 0.0561873317
    0.246074915 0.878420174 -0.196193993 1.27815008 1.32551551
    -0.404466808 0.853958309 -0.706558228 -0.594649494 1.12874103
    1.0272975 1.47476268 1.50380504 -0.202101171 0.0899066925
    0.719606459 1.52296662 0.80508548 0.0499797463 -0.546103239
    -0.363659173 1.41089964 0.89544487 0.931176007 0.885732055
    -0.36271292 0.832815588 1.34994555 1.17983031 -0.474695295
    1.69351721 1.01207125 0.892190099 -0.090910852 0.658552408
    0.544854105 0.361826181 0.856119394 1.00498176 0.579478621
    0.294344604 -0.571279943 0.27357465 -0.171837986 0.0226989985
    0.00496834517 0.444546402 -0.0422849655 0.14331919 -0.369255334
    -0.733126163 -0.167984545 0.904056013 0.506856441 -0.274459004
    0.271737218 0.697278321 1.75680614 1.54795265 -0.598966658
    -0.588568926 -0.22368592 1.65812016 1.67650199 -0.604209661
    0.982595921 0.624105752 -0.52487731 -0.236645818 1.07359493
    0.9278754 1.20584798 1.5207417 1.22870708 0.270097673 -0.33743757
    0.758900166 1.10730112 1.31574273 -0.00908833742 0.298411787
    -0.228785157 -0.789048433 1.40252852 -0.106500685 -0.260081828
    1.36005986 -0.570435226 1.02558279 0.652921736 1.68739605 0.25730145
    1.25793433 -0.0252690315 0.269758224 1.07393742 -0.0430288315
    1.88839173 -0.20160681 0.880920529 0.558836997 -0.38733682
    0.767644227 1.28202879 -0.712340832 0.611958265 0.558248043
    0.484015703 -0.652227223 1.49768043 0.607058287 0.20290935
    1.69788933 0.678861499 0.367183208 -0.572776496 -0.662290931
    0.938276291 0.20213449 -0.367849022 -0.0193988681 0.642072558
    -0.635742962 0.77342391 -0.232991159 1.15954816 -0.703802407
    0.875806928 0.315663815 -0.365101814 0.765993893 1.13888299
    0.77042228 0.53105855 0.848812878 0.682314456 0.287332594
    0.595016956 0.568975925 0.231478691 0.892967939 0.62989819
    0.830032527 0.505649507 0.037337482 1.69160151 -0.353568375
    -0.47764051 -0.263962328 1.11359429 -0.672857463 1.50073624
    -0.406306475 -0.742276251 0.607028246 0.629114211 -0.435429096
    -0.186615407 0.625287652 -0.714577436 1.39869332 0.462396979
    -0.627567112 -0.567995191 0.407573402 0.792182565 1.59693909
    1.63520479 1.24017382 0.307453632 -0.565483272 0.0818809271
    0.0825966001 1.1955303 -0.0610951185 0.599294722 1.49627936
    1.29925561 1.36423516 -0.579974413 -0.688219488 0.450699925
    0.838593245 0.964539051 1.52873528 -0.571244538 -0.431620747
    1.1298641 1.6993289 1.48042452 0.0794888735 -0.470953345 1.13928223
    1.18127799 0.083224833 0.628380716 -0.0792558789 1.6279074
    -0.38478741 1.02071834 0.944697797 0.900568008 1.82485855
    0.944431126 0.872109532 1.50997114 -0.135252059 0.289835811
    1.15932703 1.26026773 0.980368912 0.527561069 0.299077988
    -0.424044549 -0.152309716 0.253273308 1.57080531 1.70352387
    -0.216761053 -0.0271590948 -0.237378955 0.653292298 -0.524606228
    -0.0776270032 -0.742636383 1.35218477 0.799291313 0.623051941
    0.262577415 1.19537663 1.01225078 0.835520983 0.984250426 1.11150932
    -0.0227282047 0.270895243 1.42373168 1.75258768 1.51514506
    0.0479492545 1.08889627 1.48728895 0.714249074 -0.398104399
    -0.00933623314 0.101658285 1.33312225 1.66210103 0.0733177662
    0.408667862 1.24354696 1.75245404 -0.696579695 -0.510619521
    -0.231091082 1.5797857 -0.859783947 1.50390482 1.35389256
    -0.407391369 1.75886178 0.611032248 -0.630474985 1.55096459
    -0.383275658 -0.158895612 0.97445327 0.148966908 1.61093426
    0.388002932 0.449327528 1.54092002 1.16880155 1.78986168
    0.0180373192 1.65801072 1.82726157 0.21632272 1.03712428
    -0.368580073 1.78137541 0.957974434 -0.235085249 1.73563623
    1.72191763 0.586304307 1.13548589 0.612515628 0.832092226
    -0.0698804855 1.22544122 -0.101188958 0.762238979 -0.410277247
    1.54965687 1.61320019 1.16930938 0.411081791 0.376133204 0.853779256
    0.0741779208 -0.278748959 0.228798151 0.821952045 0.321709871
    0.749043345 1.6320318 -0.401831836 0.201054275 0.577546775
    -0.280473769 -0.00379091501 0.35950613 -0.0261949897 1.77415931
    -0.291224271 -0.6850456 0.409474254 0.142976105 0.9693892
    -0.694166183 -0.725461006 -0.000467658043 1.05001879 -0.77148813
    0.359153152 0.913634121 1.04659295 -0.417794079 0.416481435
    -0.388814688 0.343582571 -0.311853766 0.941391408 1.39432812
    1.36884403 0.923267663 1.58957767 0.536818087 1.26619172 1.2760632
    -0.77789253 -0.789936304 1.13832867 1.78146315 1.10115182 1.46992743
    1.30153131 -0.202773809 0.00761508942 1.30396676 0.413599312
    -0.3780348 2.14453721 1.69317865 -0.367818564 0.973421037
    -0.51720506 0.325433791 -0.348316997 1.47000599 1.20822716
    -0.797075927 0.758257687 0.259130895 0.635619104 -0.627160847
    1.02040386 0.458606362 1.33238101 1.46864033 0.481550992 1.69204843
    1.16503954 0.935161352 0.045937717 1.13150764 -0.0588558316
    1.83186603 0.879861712 -0.633741498 1.26628876 -0.150648296
    1.30370188 1.26892591 1.46047413 1.24973345 0.411111355 1.25528359
    1.10324597 -0.140752196 1.08169448 1.88150096 -0.329175472
    1.10403752 -0.143370032 -0.274857968 0.32615757 0.507017612
    0.226973593 0.439222157 1.46402729 0.967588305 0.911538482
    -0.762285292 1.50877213 0.455682874 -0.481405973 0.20242238
    -0.409491956 -0.0370151997 -0.265807062 1.0813241 -0.657649159
    -0.526705861 0.275683224 -0.665308833 1.12113452 -0.338628531
    1.76838946 -0.769858479 1.19035602 1.16610181 -0.774665952
    -0.751005411 -0.220595598 -0.0309656262 0.758808017 1.72441721
    1.43859315 0.707503259 0.477516055 1.6005826 1.14996457 -0.704308391
    1.30825329 0.391083598 1.08839762 1.42669725 0.178100526 1.29369593
    -0.0425539613 -0.56776464 -0.0438892245 -0.558586538 -0.699265361
    0.817526758 0.24518925 -0.484081507 1.85989404 1.26383758
    -0.427820146 -0.611177623 1.07828212 1.31062436 0.904752254
    -0.179363668 1.1107235 0.710927963 0.570967436 0.844564915
    0.858619392 0.965844452 1.18913436 0.5953269 1.80312371 0.494400442
    -0.580641091 0.767717957 0.140927672 -0.325847447 -0.355631709
    1.81600857 0.504128814 -0.287345707 0.488720179 -0.0677432418
    0.539432049 1.65167785 -0.334051996 0.172400773 0.916729867
    0.294610798 1.69298303 -0.796420634 0.336300313 1.52003193
    0.108629525 0.497677386 1.58499575 -0.498389363 1.43205953
    0.502203286 -0.0887477994 -0.388685286 -0.293870091 0.724640667
    -0.290817678 1.10947454 1.40759897 1.54279876 -0.322130024
    0.306070447 1.73949969 -0.0484614372 0.292642891 0.0644664764
    -0.0777804255 -0.355577946 0.642637849 0.113814533 1.30331349
    0.390303016 0.0341064334 -0.732416749 -0.430317372 -0.454573512
    0.833042145 1.25953698 -0.335175157 0.598335624 0.82074064
    1.39008212 1.26831806 -0.215590417 -0.0323004127 -0.582383335
    0.203765154 -0.0171248913 -0.574521124 -0.000758826733 1.1007812
    -0.157414019 0.132963419 -0.327392548 0.21368891 0.21133858
    1.74841094 0.52316159 1.68424821 -0.229631603 1.6427058 1.34152484
    -0.322655976 -0.203960896 1.19758987 -0.23721534 -0.580027938
    -0.08760041 -0.366081715 -0.472481608 0.516915143 -0.385117114
    0.562347829 1.49144077 1.64039087 0.660183072 -0.0542730689
    -0.39959076 0.099175334 -0.624335766 -0.633911848 -0.218953967
    0.938719153 1.40675163 0.802054465 -0.770440459 -0.0715866685
    0.525721848 -0.547025323 1.2204901 0.6879915 0.524635613 0.331825614
    1.11965322 0.617837012 -0.531089544 1.54670596 -0.128200054
    1.35193253 -0.240202904 0.70363462 0.268358231 -0.369051337
    -0.0666086078 -0.182272077 0.0458690524 1.69338977 -0.233227134
    0.573750854 1.23984528 -0.103124022 0.968882978 1.63068604
    -0.282083988 1.01203442 0.178600013 0.34826678 0.697560906
    1.41753602 0.127390742 -0.655580103 1.10643578 0.691158295
    0.619133413 1.63593018 1.13819742 1.00898015 1.93529689 0.831079841
    1.468678 -0.521523654 -0.188447595 -0.465520144 1.09669542
    1.48864937 1.62375259 -0.709378719 0.133139431 1.28774643
    -0.400737524 -0.17752564 1.36645103 0.2506845 0.547810853 1.24725485
    1.59523511 -0.812701285 1.76967764 -0.339274883 0.415448308
    1.74934387 1.77137518 1.59090281 1.25958836 0.0226536989 0.971423507
    0.0374715924 0.326676369 0.486445546 -0.131206095 -0.55837667
    0.75437957 0.657068491 -0.687459171 -0.242881119 1.75701547
    0.521263182 -0.441345155 -0.599799633 0.0459483266 0.389275968
    1.11478329 1.77039313 1.91929948 1.66406226 -0.263583362 1.39141095
    -0.537789166 1.53918481 0.0303701162 0.420195043 1.33912492
    1.06571102 -0.287067682 0.691758156 0.36514467 -0.42149052
    1.79030108 1.84887552 0.66448617 -0.320335358 0.317496896
    0.962153971 -0.574479878 1.13228571 0.774365604 -0.730508626
    1.7559166 0.4503631 0.293784499 -0.325612396 1.21997392 -0.720380187
    1.0540092 1.4810077 0.255316854 -0.133330643 0.455086708 0.953281462
    1.06461358 0.551134765 1.62675869 0.777872324 -0.612469554
    0.99086982 1.26138592 1.63864982 1.07576227 1.58531868 -0.397522926
    1.90483403 1.46642804 0.4148435 1.73275363 1.28577542 -0.249984503
    0.685307801 0.680399537 -0.743326068 0.771279752 1.27863348
    -0.279478669 -0.431672573 0.880268931 1.45632362 -0.616572201
    -0.0848887563 1.65034783 -0.560628176 -0.755442977 1.06510019
    1.44687855 0.473573148 1.52404368 0.613461614 0.519932926
    0.211902559 0.471390247 1.3303597 0.700606942 -0.740225554
    0.826034963 -0.551551521 0.0569557548 1.56352937 0.07600528
    -0.290999949 -0.304915607 0.683067322 1.42991233 1.04901457
    0.261266351 -0.388273746 1.68070042 -0.743083298 -0.64298445
    -0.229882658 0.392573833 0.111059427 -0.636372805 0.903406024
    1.43504858 0.403758228 0.324875057 0.477376938 1.01207471
    -0.27594167 1.07439613 -0.491814971 0.582167387 0.667389572
    1.3740772 1.67860317 -0.332469672 1.04643369 0.812381685 0.125154734
    -0.699118495 1.62823725 1.73639846 1.0953145 -0.320156336
    0.558915555 1.62541771 1.30535769 1.01733112 -0.419270039
    -0.45942685 0.666693866 0.630588472 -0.671290338 0.361163735
    0.471955538 0.101052821 0.502595425 1.48291969 -0.272744298
    0.196240246 -0.6359092 0.771711111 -0.275303781 1.78460741
    0.682113886 -0.00555443764 0.913403332 1.54303193 1.65367007
    1.24294209 1.68700409 1.51457739 0.0316307545 0.0198907852
    1.13694489 -0.1468907 0.228790164 1.37477529 -0.0313131809
    0.480549395 1.22280121 -0.0774241686 -0.109357476 -0.385493934
    -0.419951856 -0.0525099039 1.74474454 1.35022616 -0.364017874
    0.274054945 0.324018538 -0.701207817 1.27492619 1.65303719
    1.46162558 1.16612077 -0.528770745 0.705093443 -0.158346236
    -0.442778766 -0.0518081188 0.825495124 -0.253937423 -0.250488281
    0.406310737 1.73124123 -0.0706077814 1.73228073 0.249832511
    0.524858773 0.0818468332 -0.280676067 -0.744698465 1.51878619
    1.54623103 -0.0308175087 1.15789998 0.112475693 0.0331870914
    -0.77721262 0.107916236 0.552631497 0.0265991092 0.0345566273
    1.12527037 1.4823792 -0.68163383 0.642303944 0.711744726 0.309957623
    -0.293532699 1.62543058 0.851713955 0.0030553937 -0.0118193626
    0.546153545 0.180838883 0.770305574 0.298229575 1.35898876
    1.09616351 1.36905169 0.299257278 1.18030679 0.357008278 1.56902361
    -0.101372361 1.8353982 0.365861595 0.294846594 1.7976954 0.846696377
    0.746916175 -0.422117919 0.551105201 -0.532171965 0.290891647
    1.04667187 1.40366721 1.74033761 0.883063793 -0.489548028
    0.860173225 1.44180369 -0.345350772 1.69413137 0.322803199
    -0.37994051 0.486446679 0.171970487 0.112432957 0.978175282
    -0.434701413 0.406740487 -0.25783211 0.199415922 1.90059853
    0.3063097 0.148312569 0.514967024 -0.11203146 1.7078023
    -0.0625519156 1.48981237 0.581168771 -0.595398307 0.360461652
    1.35140753 0.145755231 1.61183405 1.74380159 -0.11472106 0.643063903
    0.682317197 0.455301166 0.660477757 0.608595788 -0.468962759
    0.698307633 1.75729895 1.08915353 1.42760527 -0.145853817 1.19952679
    -0.0695421696 1.60436654 0.915316701 -0.404808044 0.707318127
    0.623874128 0.624007523 -0.12102747 1.2222178 1.65752387
    -0.0673664212 1.55730367 1.67846251 1.22956109 -0.374834836
    1.48034215 -0.464651078 -0.477610499 1.69732845 -0.441810936
    -0.18500638 1.19715333 0.607606709 -0.220324039 0.424977243
    -0.602611125 1.63503599 1.49999785 0.0737035871 1.48693538
    1.80644608 -0.163429856 -0.408516675 -0.149529278 0.376423538
    -0.399655461 -0.568212509 1.5125773 1.61733139 -0.376877397
    1.59491098 1.55446362 0.35868907 1.47489691 -0.187930048
    -0.096544981 0.81896466 0.68472755 1.12771368 1.60136223
    -0.0273016095 1.36583209 0.0478080511 -0.487030625 -0.200000763
    1.81282592 1.08622646 0.829658091 0.895255029 0.758378565 0.23572588
    -0.142674327 -0.589336097 0.856785238 0.188723981 0.116197944
    1.09182632 0.828627765 0.116566777 1.86663008 -0.508691072
    0.441538692 0.949009597 -0.627516031 0.206102729 -0.522649288
    0.460909605 1.194947 -0.0623140931 0.411324084 0.329658449
    0.669224143 -0.345098704 -0.401728868 0.611433029 0.497133493
    -0.287500232 0.728730977 1.50833642 -0.437337935 0.485615253
    0.124002278 1.72657537 0.2914235 0.260246277 1.49672794 -0.285118103
    1.15125155 1.1692493 1.3611722 0.96504885 1.21752024 1.55769062
    0.699759662 1.37488866 0.135858893 0.13675189 0.849449039 1.06788743
    0.672003865 -0.538641155 0.629888713 1.08466649 1.38283896
    -0.0632091761 0.0719378591 1.49334097 0.722252607 0.579809725
    -0.596950173 1.39852333 0.802169323 0.0549186468 1.5888716
    -0.575282812 0.734789073 -0.115383148 0.00248003006 1.45259631
    -0.269683301 0.0944706202 0.528065741 0.562648237 0.858717501
    1.61951113 0.95588702 0.145169258 0.689064741 1.62315297 1.47145081
    -0.104223549 1.86766005 -0.360987246 -0.0590308905 -0.43656677
    -0.587503135 0.502912343 -0.120209813 1.83023238 0.288761914
    0.743988335 0.503616095 0.49231714 -0.107590139 0.996018946
    -0.623438537 1.66204119 -0.641708851 1.21196795 1.47762597
    1.47605777 1.43822742 0.405505002 1.45486379 0.135851026 0.444265842
    -0.602342844 1.07661891 0.584073067 0.760326862 0.138191998
    0.131183565 0.575653672 0.251363099 0.857389271 0.602224529
    0.719019175 1.48768795 -0.158848286 1.66213155 -0.701665044
    1.89078283 0.664784491 1.56497955 0.682745039 0.918298662
    -0.358185381 1.11589074 1.16931212 -0.305242032 0.136746585
    1.6009953 1.59181821 1.04771638 1.11176276 1.76562381 1.55204308
    1.23659062 1.74479175 1.10628939 -0.279523879 1.55164015 0.812099218
    0.788027346 1.86771417 -0.702614248 -0.0371230841 1.67797232
    -0.172949135 1.19508886 1.36249852 0.183914959 -0.701824665
    -0.691964447 -0.2239663 1.6067822 -0.337662131 1.14817023
    -0.0151571631 -0.360451669 1.01042581 -0.250280529 0.997112215
    0.482155085 1.66775298 0.861339569 0.575599194 1.03948712
    0.935225606 -0.439324796 1.2041018 1.4802773 -0.261773556
    -0.347938508 1.57031989 0.196480751 -0.109166026 -0.0229045749
    0.0559238195 -0.304052532 1.91655993 0.469662905 1.64396143
    -0.120810449 -0.581639469 0.752024889 1.03902698 0.669729948
    -0.327545017 -0.103441179 1.43447256 1.81067753 -0.454586565
    1.18112707 1.00839758 0.14313066 -0.579219222 -0.326521665
    0.866362154 -0.424485475 1.08824456 0.598782778 1.43109846
    1.65853846 1.87611318 0.776880324 0.449982584 -0.344791681
    0.657443047 1.39140677 1.2142911 1.60679662 -0.386649996 1.72440624
    -0.686994135 0.300440848 0.794511318 0.564279497 1.45676196
    0.201182425 0.683717191 1.3795768 -0.446741134 -0.65849632
    -0.21453765 1.81757903 1.05436087 0.674927533 0.799913764
    0.382081807 0.0360378027 0.471708894 1.05378485 1.92334831
    -0.27064532 0.763405681 -0.346325576 -0.0569959879 -0.23710078
    0.231045067 1.65040612 -0.270137399 0.887061536 1.40249789
    0.814476311 0.399611354 0.273079276 1.75593626 0.171667039
    0.185859621 1.6365869 1.15693665 0.824722946 0.686331689 0.153942585
    0.114940941 0.220895529 1.99402976 0.893442988 0.393390775
    1.60326242 1.17122173 0.784138143 1.48205495 -0.648143888 1.83947456
    1.38642871 1.57115912 -0.404846102 1.67746997 -0.316912711
    -0.338554442 -0.724687278 1.45657241 -0.203217626 1.51074004
    1.60491002 0.963661134 0.357293487 0.520523369 1.49375451
    -0.518128872 1.11238539 0.193440914 -0.144780874 0.829065204
    -0.109856367 1.89743066 0.305411577 0.589881897 1.51492405
    1.28484273 1.27062285 -0.0233017802 -0.279800594 0.840593815
    1.80887151 0.00326126814 0.162122905 -0.430358678 1.17513394
    -0.141004264 -0.655777991 0.0835587978 1.688151 1.01303768
    0.583614647 -0.106046259 0.901306033 1.84174371 -0.498027772
    0.246400118 0.124409318 -0.313745171 1.14253688 -0.0130285025
    0.565877318 -0.385403275 -0.0721536875 0.594487727 1.03271604
    -0.574811459 1.05373096 1.85414433 1.85555971 1.70438862 1.24632931
    1.09716427 1.14393425 1.01783442 0.629303098 0.883672237 1.58412719
    -0.437080681 1.64132309 1.62021351 -0.336917281 0.0369337201
    1.06997252 1.78026962 1.27300072 1.60594916 0.812080204 1.39821506
    1.27561259 1.70317686 1.18019402 0.904664159 1.20387423 -0.235722929
    0.98961544 0.113545954 0.717799783 -0.426298648 0.0779144168
    0.527399182 1.57718694 1.28766704 0.813009799 1.38407326 0.403074682
    -0.480692267 1.61266267 0.980258882 1.37871158 0.148663819
    0.103858531 0.618931949 0.597272754 0.469136596 0.238965213
    0.733667672 0.593891025 -0.357600808 -0.397106707 -0.487533391
    1.48612094 0.963992596 1.74171424 0.393735409 1.95556831 0.764786541
    1.37760377 -0.0381652415 0.462169915 1.37449062 0.0719892979
    0.518324375 -0.00505417585 -0.549590051 0.284843326 -0.171992958
    1.10978627 -0.345668942 0.168768227 -0.120775104 -0.495414913
    1.90967715 -0.496871531 1.94450569 0.227317095 1.11173594 1.11233974
    1.25064659 -0.128737867 0.00311046839 -0.632383883 0.95372808
    -0.410203576 0.0073402524 -0.0157211423 0.0430205464 0.373464644
    0.367215335 -0.445206493 0.937628388 1.86089516 -0.000164628029
    0.991639972 0.953487694 1.18328822 0.301206768 1.85523462
    0.745690107 -0.233918697 -0.52171427 -0.504834592 -0.266103566
    -0.176846325 -0.158028156 0.0261064172 -0.442410618 0.882716477
    1.63490391 1.2623682 0.802978098 1.02041793 1.51205373 1.32700336
    0.780271351 0.022616446 1.50677729 -0.342523575 0.20544529
    1.98070621 0.0689770579 0.0534301996 1.54658401 1.5520798
    0.533848763 1.01252937 1.6477387 1.05678368 -0.263376623 1.04880619
    -0.330947608 0.860652745 1.8334775 0.0272016525 1.75433111
    0.778745234 0.635136366 -0.227580607 -0.0406897068 1.7240063
    0.606034517 0.511399031 0.596223772 0.771293283 1.06036413
    1.23869741 0.731010616 0.105207264 -0.262819737 0.10069561
    0.669701338 0.312639952 -0.409966916 0.691287875 -0.0250445604
    1.6056385 0.169337809 0.268302321 -0.382129878 0.89615953
    0.522923827 1.26933384 1.34262419 -0.533047974 1.27203584
    0.233077168 1.12904298 0.530680776 -0.147979021 0.466090262
    -0.542584598 0.942913651 0.74694699 1.01156354 -0.366246939
    0.110246181 0.847273231 1.72603416 0.339167178 1.40947461 1.10827804
    1.17210877 1.80637574 1.15251732 0.610465527 0.0238106847 1.36306942
    0.936316431 -0.504837036 1.00373054 -0.571580768 1.84530687
    1.42681026 0.242402196 1.73788524 1.05447698 0.690955877
    -0.188352138 -0.259273618 1.23138714 1.53791702 0.714585781
    1.29035926 1.10751426 0.463024139 0.936605096 -0.630873561
    1.27409673 1.74672592 0.415345252 1.95479941 0.121731341 1.22508144
    0.895176291 -0.557329297 1.89399099 -0.161695927 2.00510836
    1.74327493 1.48768401 1.86966133 -0.622686505 -0.0842741132
    1.09987688 0.535453677 -0.210381866 0.999522388 0.819162607
    1.41690755 1.78659415 -0.4084768 0.181682408 1.22070599 1.30226159
    -0.0597779751 0.616031706 0.654700041 -0.418369174 0.0129015446
    1.17114246 0.0422878265 0.141474545 0.259055555 0.748851836
    1.08889651 0.985979915 1.39856863 -0.25086084 1.4522084 0.161043346
    0.734693408 0.0249257684 1.90919209 0.731462419 1.70336676 1.5334115
    1.81038857 1.54495358 1.4322443 1.03725326 -0.0884695053 0.699664772
    0.233632326 0.296332359 0.444699943 1.14499879 0.347601295
    -0.0261776447 -0.163818479 2.00299573 0.166932523 0.73360312
    -0.216420501 1.26837397 -0.122812808 1.23580122 0.338071525
    1.66134465 -0.493968457 1.13007665 -0.371294439 1.01986027
    0.662053823 0.917898357 1.38350224 1.98173094 -0.485032916
    1.01786554 -0.378725231 0.249737084 -0.486564308 0.509705067
    0.365268469 -0.331528127 -0.277715415 0.622729003 1.0507381
    0.161928415 -0.232967764 0.86249727 1.82279444 1.10496628 1.3536799
    1.67301178 1.82675385 0.618427336 0.981572926 0.233743608
    -0.50886929 -0.274517626 -0.203391433 -0.144880652 1.70601892
    0.0918390751 -0.0244008601 0.230253607 0.954592228 1.17861497
    1.8483429 0.700648904 1.79832339 2.00660443 -0.350812852 0.34642607
    -0.163841009 0.181541502 1.77915978 0.290077507 1.56143665
    0.88116473 -0.314180255 0.26039958 0.988824368 1.63994217 1.37250721
    -0.106270134 -0.591290176 1.79302156 1.21862626 1.81983268
    0.616214931 0.538385272 0.999946415 1.57489586 -0.225694895
    1.84543467 0.798875511 -0.275034934 1.74908352 0.055333674
    1.57469678 0.0565726161 0.0382848382 0.607923985 1.1283778
    -0.501320302 -0.348797381 1.65883446 0.761523962 1.78404307
    0.91183877 0.774448931 1.24446583 0.735256135 0.228062749 1.30314827
    0.508620441 -0.0842164159 -0.159245402 1.48206925 1.22217631
    0.900223494 1.09761024 0.388295174 1.64120412 0.0838611722
    1.27283692 1.07583046 1.95937133 -0.165889233 1.76739287
    -0.0611356497 0.932969511 1.81172848 1.27249932 0.0721518397
    0.505985618 -0.0287246704 -0.474768907 1.22374225 -0.388464063
    -0.0146539211 0.0472596288 -0.322686166 1.44497824 1.58904719
    0.797057807 0.319119632 1.07194328 0.0128236413 0.753393292
    1.72495484 -0.561300278 1.47257245 1.26872337 1.04488516 -0.48128131
    0.444756389 -0.208567411 -0.366503298 0.476825535 0.674560785
    -0.00290179253 -0.0194550753 2.07390308 2.01485872 1.67425311
    1.79575205 1.14438987 0.469404697 -0.0942612886 -0.20694235
    0.107911468 1.31716704 -0.429635227 1.38497496 -0.0822007656
    0.747342229 0.563861728 0.70004946 -0.228255063 0.364740223
    0.14285022 0.491116852 -0.0453515053 -0.418669105 -0.446985096
    -0.426706046 -0.0463561714 0.321726441 -0.368973613 1.38632751
    1.27162087 0.000529766083 1.00442147 0.0197268128 0.338179648
    -0.235155761 0.449574649 0.90674907 0.70816642 0.269308269 0.9277156
    0.162854493 0.947492659 0.181800902 -0.236155123 1.7775358
    1.29682589 1.38631666 1.10804236 0.563688517 1.74064362 -0.190555602
    1.45438552 0.828001857 0.854308784 0.948442161 0.861411035
    0.162415743 1.0392487 0.719082534 0.996928811 0.281409144
    0.554531574 -0.350918353 -0.262982607 1.7843945 0.046944201
    0.498946071 0.413733482 1.77924848 1.05834353 0.806837916 1.92799377
    -0.559783936 1.22745776 1.75982893 0.672116458 1.00705743
    0.827145934 0.308676481 -0.439095497 1.44742417 1.44771051 1.014521
    1.5803659 0.251906633 0.0444336534 1.24932218 1.70067883
    -0.075132519 -0.0882421732 0.368311942 1.13402653 -0.526914954
    0.228670657 0.00123405457 -0.413426876 -0.138506949 1.96236801
    1.90393889 1.95697188 1.28320217 1.7607317 0.364606023 0.331917763
    1.50497746 0.446074486 0.596168756 0.45152843 1.13103199 1.67946649
    1.13377738 -0.0609923303 1.17567098 0.853471398 1.1506784
    0.267277181 -0.200794876 -0.372337341 -0.143116832 0.246439576
    2.09388733 0.134728074 0.700064123 0.128394008 0.182206035
    1.49428892 0.276680827 -0.349150658 1.37785578 1.80425584
    0.374862254 0.198375404 -0.264344513 1.37318635 1.75182748
    1.67762601 1.9446888 1.84607649 -0.306888074 1.05295873 0.368312538
    1.01363516 -0.267311335 1.04573059 1.229707 0.476038337 0.214056194
    1.23775184 0.540962696 0.745799005 0.762247503 1.59152198
    -0.0711089373 -0.156623542 1.98341727 0.312551439 0.496970683
    -0.256517053 2.21596074 0.800916195 0.497761905 0.905793786
    1.06562459 1.28059995 1.48845339 1.79798508 -0.339548945
    -0.295364231 0.797526598 0.824681818 0.174390018 1.02172279
    0.744509935 0.509673893 1.10562801 -0.436176002 0.961736321
    2.10607243 -0.102036238 1.77915812 1.19869971 1.94919062 0.859257221
    2.12369037 1.80480909 1.00738358 0.494534343 -0.444487154 2.01272011
    1.77501428 0.591743827 2.15267467 0.953007817 0.714260757 2.17703271
    2.15030003 0.0991850793 0.539008081 1.18212593 -0.0985338092
    0.953712404 1.93705618 2.03699112 1.50118458 -0.0337723494 1.2343421
    -0.351864547 0.552178144 2.02459526 0.914221048 1.24302769
    0.707858503 -0.15182966 2.14214706 1.78947759 2.10384512 1.42815447
    1.29283166 1.45827401 1.09890485 1.42875338 0.695223153 1.40876913
    2.10153723 -0.462037563 1.4151938 0.179344565 -0.0371010602
    0.58144176 1.22166145 2.09968042 0.564702451 0.674526453 1.36006987
    0.773706555 1.46249902 0.269712508 2.12539172 1.75124204 1.5197171
    1.20112228 0.153792143 2.04045367 0.442192554 0.916409552
    0.918851972 1.34422898 0.750420213 2.13531017 2.16839767
    0.0587733984 0.832442403 -0.337776631 1.86524773 1.66339779
    1.30073953 1.10290694 0.63572073 0.577981293 1.66371214 1.98358428
    -0.0746066272 -0.30377382 0.125152022 -0.271356404 2.00211143
    1.20402229 1.14714313 0.423062623 0.394059092 0.0440350771
    1.32586813 -0.0491724908 0.174526989 0.0304680765 0.119908035
    1.34812498 0.516120672 0.290243208 0.777218103 0.898985088
    1.72935665 0.747255921 2.0736661 1.74551678 0.409317553 -0.389816225
    1.53923059 0.108050168 0.217719287 -0.177911237 -0.111881554
    1.15837288 0.651684165 0.958053946 1.37770557 0.530481577 1.58264589
    1.98459423 1.11097562 0.0198663473 1.74943042 1.1143955 -0.376009822
    1.28608155 2.13523674 0.243907928 0.508868933 -0.320956647
    1.07001626 0.816608071 1.34790337 -0.157759815 -0.189968556
    2.1981988 -0.453892916 1.27261257 1.69250035 0.576770365 0.695757747
    0.942623734 -0.456617534 -0.351503551 0.570728779 1.83667612
    2.13448858 -0.380343974 -0.356738329 2.07406378 0.595525563
    1.29318976 1.52011991 0.965095103 0.00958070159 1.50392747
    1.57256067 -0.227704227 0.117182612 1.2379427 1.60773969 -0.35528788
    1.42572439 0.604062438 1.38241577 1.43899322 -0.115020692
    -0.0161018372 1.90031075 1.10764885 1.66299701 0.4433043 1.02717102
    1.15456152 -0.279724717 -0.102686077 1.49004459 0.0247719288
    1.02861094 -0.0632006228 1.26681125 0.8683604 0.299113274
    -0.251299322 0.401082188 -0.2384146 2.16548991 1.98143649 1.59093058
    0.738996506 -0.315380126 0.0394849479 2.06768346 1.19581819
    1.66993737 0.0601026416 -0.197420865 2.19787836 1.25112081
    1.48138165 -0.304318488 0.747147381 0.182172209 1.64171386
    0.164861828 1.90586305 0.528851032 1.20170641 1.20101535 0.100254536
    0.875001431 0.772826314 0.242399812 0.758590579 1.13182652
    1.65663254 -0.328709424 0.431833714 2.09733343 1.57922602 1.66830742
    0.0603616536 1.14277601 2.06167769 1.49577713 -0.385565877
    -0.284631193 2.13123631 0.421929121 0.875514627 1.12053359
    1.92121422 0.651380658 2.33044314 0.271962017</data></my_img>
<your_img type_id="opencv-matrix">
  <rows>128</rows>
  <cols>256</cols>
  <dt>f</dt>
  <data>
    0.89356041 0.733359873 0.423726678 0.929351091 0.590025544 1.2481153
    1.25943446 0.582210958 0.915486038 1.10183895 0.7501387 0.799729288
    0.708009303 1.03655779 0.633026481 1.42967761 0.664798141
    0.990135729 1.48327434 1.09072542 0.565821946 1.0247122 1.26822639
    1.45481646 0.664512634 0.786935627 0.48009789 1.15283549 0.737809181
    0.809269845 0.706366003 0.818198621 1.02500391 0.454647154
    1.32258594 0.718607724 1.00532734 1.19928658 1.07493663 0.619934678
    1.15084195 0.571545184 0.680344045 0.952843547 1.17897475
    0.836357355 0.982468247 1.46505344 0.926536858 1.33012366 1.29062295
    0.9012236 0.943833232 0.719661176 1.13033819 0.61790967 1.43864119
    1.38536775 1.27756417 0.892595708 0.646307707 1.28163195 1.45406771
    1.18977427 1.20987236 1.45656312 0.940186918 0.79838562 0.694889367
    1.43997049 0.893677533 1.38267756 1.06279886 1.09195483 0.972029746
    0.769459367 0.964406252 0.749615967 1.20370638 1.29140079
    0.939169705 0.809076548 0.764840484 0.826594353 1.2037183
    0.997857034 1.47583723 1.39323986 1.37819028 1.01074624 1.07697177
    1.44078076 0.855178058 1.26869142 0.612984598 1.48423779 1.34314096
    0.787819803 1.14344943 0.589519978 1.24932599 1.15596986 1.03896677
    1.39204502 0.861101151 0.501577616 1.20591533 0.501768291
    0.539372563 1.21278167 0.90728128 1.25571692 1.2930994 0.994255364
    0.928279877 0.720118463 0.836904168 1.31500232 1.11474419 1.29158533
    0.971530259 1.08324838 0.510819852 0.685979068 0.497964948
    0.605006814 0.691725612 1.08641481 1.08589828 0.539610565
    0.678670049 1.42968106 0.86514616 0.645842969 1.18666029 1.42398357
    1.36705852 1.12544894 1.33459938 1.2085315 0.61800617 1.20720887
    0.990801692 1.3791095 1.44049239 0.661275029 0.909712791 0.803428352
    0.998653531 0.855109036 1.08619463 0.713368654 1.39271832
    0.655602574 0.559292436 0.590510964 0.740878642 0.845037639
    0.44416371 0.993293524 0.699593425 0.780726969 0.567015827
    0.439340651 0.808558524 1.12098289 1.09615874 0.750162899
    0.447376013 0.47654283 1.20540786 1.410097 0.499861091 1.45819771
    1.23392069 0.926777124 1.36890602 0.785031796 0.654884815
    0.664099276 1.3235569 1.31823099 1.2439636 0.64307636 0.960031927
    0.738930702 0.717382967 1.26670945 1.00821948 0.767017543
    0.709744573 0.5431813 0.67014569 0.781059325 1.07977974 1.11483598
    0.792126417 0.567607641 1.26547623 0.566022575 0.905034602
    0.891788781 1.00635314 0.626310587 1.22460496 0.735261738 1.46960664
    1.45283043 0.62006557 1.53279436 1.37501395 1.37049985 1.20050466
    1.43841672 0.84950155 0.514105141 0.906646311 1.40358496 0.892003059
    1.37967503 1.25924444 1.01039946 1.13342452 0.503494561 0.965363085
    1.45313466 0.827384114 1.08410347 1.52319217 0.864561975 1.37323916
    0.710400164 0.617620409 1.23902309 1.45156515 1.08490801 1.00328934
    1.39369309 0.943623722 1.43146718 1.06815207 1.12540507 1.25119555
    1.15281165 0.753802419 0.726330876 1.25175607 0.696677089 1.36222208
    0.904843926 1.13896692 1.17340279 0.557615101 0.43167749 0.9380759
    1.0647167 0.956822991 0.55749315 1.29626811 1.26414859 0.779735863
    1.09693515 1.55066574 0.908604503 1.24041033 0.541071296 0.889597058
    0.823443472 0.561160862 1.16914439 1.1277833 1.52577448 1.00108945
    0.785500109 1.56602061 1.3408792 1.1192404 1.11309183 0.954015434
    1.14334905 1.42684436 1.15667582 1.41016066 0.781282723 1.00120246
    0.923034191 1.34141755 1.05474651 0.746969402 0.854399145
    0.885828495 0.811006427 0.612630725 0.64301616 0.558730423
    0.860240817 0.644070804 1.30813015 0.757061243 1.47855127
    0.693673849 0.772728682 1.00413609 0.797893167 1.04897428 0.75439775
    1.2357527 0.634850323 1.46796966 1.06848633 0.894342959 1.18075144
    0.656021357 1.56163681 0.947028756 1.17272043 1.33183241 1.59585786
    1.09616184 1.12501693 1.54882479 1.21620047 1.3661797 1.32451952
    1.03632569 0.704466641 1.35404408 1.3322742 1.20445812 1.0193522
    0.543599188 1.08431625 1.0755707 0.521397114 0.572628498 1.17447007
    1.02095306 1.1735574 1.42229116 0.911628187 1.4464711 1.54707837
    0.633018613 1.49652171 0.688497245 1.32655895 0.997794807 1.23252869
    0.81787616 1.16908479 1.36116087 1.25235641 0.909276903 0.918896198
    1.22334015 1.41772306 0.653224885 0.750228107 0.635900736
    0.671485662 0.706173599 0.679982722 0.84063381 0.772034705
    1.53515482 1.20480239 0.658940136 0.866431952 1.19542956 0.993753731
    0.93855387 1.3252306 1.09957099 0.642738819 1.02642846 1.46997046
    1.12002122 1.4779557 0.753678441 1.4950943 0.757221818 0.811522901
    1.07652843 1.50366259 0.605754316 1.51075149 1.29880345 0.600530207
    1.1825192 0.946247697 1.2436136 0.977090001 1.28313482 1.26955307
    1.19397509 1.49825466 1.39684176 0.98672843 1.13028598 1.38434219
    1.01422167 1.18383944 1.35677075 1.44842041 1.48347425 1.28331029
    1.20236981 0.883084476 1.37058342 1.0832032 1.3717587 1.3535732
    0.818231106 1.21277952 1.28279543 1.04108107 0.937150776 1.01508582
    0.848318934 1.1420579 1.28726387 0.825782537 0.577933908 1.51771212
    1.31688261 0.762888491 0.979111671 0.773878515 1.03173518 1.56303477
    1.46630669 1.51804161 1.50180697 1.03605616 1.36840796 1.51366937
    1.06910396 1.30724645 1.39156079 1.23567414 0.613318205 0.766025484
    0.542025805 0.917368174 0.90322876 0.78962183 0.97454077 0.7823596
    1.00348747 1.14531124 0.655295253 1.40171695 1.41519618 0.923591077
    1.39374089 1.58913147 1.45145476 1.40510142 1.33358824 0.978134215
    1.3361125 1.417588 0.880811274 1.32312357 1.21300387 1.26154578
    1.2569989 1.30927479 1.32111311 0.673613667 1.18452299 1.10595143
    0.772991657 1.31560564 0.795179427 1.46741498 1.10558581 0.725273192
    0.881066203 0.929139495 1.4562875 0.683507264 1.28570032 0.879253566
    1.52858078 1.29166937 1.03236318 0.903405488 1.41408873 1.32941997
    1.5920558 1.34881556 1.27415931 1.00386047 1.20751834 1.33867896
    1.26477575 0.911127627 0.751873493 1.48931396 0.999608874
    0.730971396 0.975006998 1.52263987 0.88300544 0.666034937
    0.689178526 0.797391832 0.67925781 0.82204622 0.520212531 1.1619277
    1.27504778 0.763643205 1.27896905 1.22829318 1.38145745 0.950689971
    1.2010504 0.993041098 1.57419705 0.728145063 1.18207765 0.75401634
    1.59307051 1.26565826 1.19039905 0.700250924 1.21819234 1.55479908
    1.33985496 1.23397744 1.27745998 1.29313827 1.06907737 1.68417883
    1.65239143 1.49133229 1.48692834 0.713363111 0.857120156 0.680588365
    0.771157146 1.19098306 1.17717266 0.876089156 1.32598639 0.825058639
    1.1353724 0.66865027 1.57412779 0.746230602 1.57137585 1.23563397
    1.59415853 1.42789364 1.0304482 1.54384351 1.23423421 1.32108128
    1.20432937 0.851538658 1.4186759 1.18501234 1.09500337 0.683206379
    1.36356115 0.952619851 1.45500636 1.08332539 1.6054076 0.717083991
    1.16234744 0.854525089 1.46178961 1.55556333 1.49609947 0.944889367
    1.2146728 1.6350826 0.881093264 0.822063863 1.59787333 0.746618152
    1.30607474 1.07585561 1.04315531 0.735882521 1.40198016 0.801114023
    1.00160742 0.907507479 0.677621245 1.48093867 1.40916562 1.10383928
    1.56595469 1.1938529 1.50709736 1.22895694 1.69527769 1.48628664
    0.983376741 0.774714112 1.0014503 1.5287261 1.31615674 1.2980628
    1.70681214 1.66984499 0.928293407 1.24614036 1.48226714 1.57423878
    1.50669944 1.57405996 1.289047 1.44417608 1.44743705 1.11938179
    1.20090771 1.12994146 1.47633588 1.46743011 1.08968103 1.29660046
    1.30141497 0.859692335 1.23273444 1.01738143 1.43532276 1.54676306
    1.36683714 0.85972923 0.758225501 0.876110971 0.79129678 0.859512568
    0.758590639 0.999292314 1.61334634 1.58285725 1.20664585 1.5844425
    1.09153879 1.33811247 1.64094532 0.702763021 1.10877717 1.01739395
    1.29806626 1.05975556 1.5754149 1.65968549 1.20749259 1.21251917
    1.71006751 0.86973232 0.935877323 1.33780694 1.55461848 1.41718864
    1.16059113 1.54201972 0.928128541 1.41900074 1.16400766 1.07436931
    0.673858047 0.9646433 0.902252793 1.2414422 0.848696828 0.634340167
    0.998596489 1.10188603 1.01047027 1.18348432 0.701346874 1.40385568
    0.726538658 0.943968713 1.13564539 1.00021565 1.24293149 0.822567165
    1.40868878 0.947020471 0.748742998 1.42267048 1.30148065 1.47275543
    0.9712888 1.1998316 1.62479007 1.17444277 1.22678137 1.5375669
    1.07258523 1.26885295 1.09729481 1.17755604 0.859017372 1.32446575
    1.18303156 1.39914167 0.701882541 0.801465452 1.26514506 1.1213752
    0.83802402 1.40529549 1.04985178 1.59412396 1.05461657 1.48117864
    1.42986929 1.46445203 1.5519439 1.56171298 1.68886447 1.0364424
    1.7027607 1.3886764 0.707278848 1.07000256 1.11839175 0.720493019
    1.39894474 1.16929007 1.5453018 1.38086724 1.04454041 1.46204412
    1.05335438 1.68511403 1.52848935 1.17015254 1.5103718 1.41935158
    1.647493 1.64452839 1.6362009 1.54077804 0.852648318 1.56538081
    1.38229978 0.916638672 1.25986814 1.02234364 1.50277162 1.57119501
    1.19101131 1.13213301 1.39585423 1.6327616 1.20077181 1.46056807
    1.42896986 0.928735256 1.56371963 1.46772695 0.717065275 1.08119202
    0.515890896 1.13501871 0.446800679 0.511784315 0.569573879
    1.23490632 0.902017951 1.62850606 1.21868646 1.60470057 0.998380959
    1.27696276 0.839265168 1.28368592 0.866609037 1.46315682 0.725887418
    0.906915784 1.2343874 0.724558592 1.14199877 1.66137683 1.28215683
    1.60644269 1.50029588 1.02593231 1.2917093 1.09452558 1.01986468
    1.41444564 1.02599168 1.42224264 0.821453869 1.24236 0.842398167
    1.40713012 1.02460527 1.13357043 1.14207709 1.51978993 1.47000194
    0.837497711 0.900659084 1.58376992 1.33180237 0.786042631 1.61239862
    1.70314968 0.996499479 1.58402324 0.972377062 0.806287169 1.46727121
    0.867354155 1.19823754 1.12888062 1.01128328 1.32725763 1.31313217
    1.61162126 1.63163114 0.810641468 0.83135736 1.09772623 0.805064142
    1.22397578 1.01060641 1.11517799 0.785419881 1.00602543 1.53681004
    1.44991088 1.75394523 1.23788679 0.757214308 0.97227788 1.391186
    1.14507639 0.676520884 1.43776238 1.3036685 1.02405 0.979259849
    1.05747914 0.944450676 1.69509685 1.12512016 1.70037663 1.179214
    1.48080218 0.927946925 0.919517934 1.66729653 1.40978837 1.59880924
    1.72343075 1.31392896 1.71339381 1.67620838 1.51533318 0.993852437
    1.03762507 1.77956581 1.75525999 1.01972127 1.52016509 1.73672867
    1.10227287 1.39571762 1.21517086 1.17432737 1.72692537 0.980523467
    0.886912227 1.71871078 1.02014518 1.07498407 1.49966812 1.73147595
    1.24080205 0.802211165 1.15542996 1.65199172 1.22762406 1.31029892
    0.766634643 1.0142746 1.37304473 0.948974133 1.08684647 1.19609702
    1.0324235 1.09176981 0.744827151 1.58379316 1.48687327 1.63836432
    0.944688618 1.33032811 1.10961378 0.946182489 0.970117688
    0.763669908 1.31350267 1.13095737 0.857318401 1.28819239 1.44751763
    0.806796432 1.42413855 1.78110349 0.93761605 1.06290984 1.55623722
    1.0909152 1.06521988 1.42383003 1.51577437 0.763763845 0.78551507
    0.865485132 1.55493891 1.40185642 1.44179118 1.58766425 1.51283085
    0.930856228 1.55058241 0.749953806 0.78944236 1.64555883 1.51211178
    1.1679455 1.52087259 1.13322651 0.961422145 1.17465961 1.59405768
    0.798510492 0.81185019 1.15801454 0.826374412 1.65028906 1.42015862
    0.821965516 1.08939219 1.10639 1.0652703 1.22370255 1.27443242
    0.918498874 0.970371902 1.385553 1.15744424 1.63038516 1.58160222
    1.52223551 0.975952923 1.19506443 1.69586325 1.09955919 0.949243665
    1.06165922 1.14221668 0.849242449 1.0496186 1.78997576 0.953595817
    1.26437998 1.07806289 0.913825095 0.819003344 1.80698586 1.7939105
    1.77694607 1.46415091 1.33754969 1.43434596 0.871734202 1.03348374
    1.01236272 1.06414676 1.13843417 1.08831203 0.78898567 1.61989474
    0.973493159 0.918918729 1.58573008 1.00564957 0.960433662 1.41944075
    1.45134664 1.42379045 1.04818535 0.784528971 1.45612872 1.46702707
    1.16602087 0.919300735 1.53369415 1.18729019 1.62014329 1.22787857
    1.60854614 1.74443865 0.937995851 1.40851808 1.18113506 1.27698874
    1.63421679 0.765505195 1.54348207 1.46453416 0.903973997 0.693451762
    1.19351399 0.913574934 0.816453457 0.500593126 0.782067716
    1.42319643 0.677820265 1.47885156 1.42082989 1.00904465 1.18846595
    1.04234338 1.53403294 0.849234402 0.851219773 1.08897901 0.793649852
    0.831598341 1.37388372 1.12342083 1.0923779 1.27804208 0.850209355
    1.31924415 1.66514552 0.807601929 1.77880442 1.0485338 1.10692334
    1.5993849 1.31350505 1.68177736 1.15514624 1.76259017 1.3113991
    1.50620008 1.39883363 1.27270341 1.15572107 0.864551961 1.50921333
    1.45367348 0.91188395 0.742547929 0.897857785 1.62703681 1.53650212
    0.874176085 1.37417006 1.66470826 1.15601933 1.32578254 1.02672541
    1.07515597 1.07505143 1.7098484 1.45996034 0.839540243 1.3040576
    0.829592049 0.787990987 1.26523852 0.901126146 1.11321211 1.06274939
    1.37055159 1.02995634 1.56184006 1.77817392 1.67650509 1.26717865
    1.42724836 0.823904216 0.852921128 1.54569173 1.73223674 1.1483407
    1.4501462 0.989577293 1.68298507 1.04529154 0.935733914 0.809815764
    0.911244094 1.17212296 1.5061599 0.91191262 1.25693464 1.31533873
    1.32381368 0.810838759 1.4896493 0.923682094 1.59998131 1.35698497
    1.67790377 1.54075336 1.09534419 1.21723783 1.64075375 0.95150888
    1.82183743 1.34765685 0.964738011 1.59127629 0.863802433 1.44654143
    0.978996933 1.1324923 1.74859214 1.54383993 1.75208962 1.32893002
    1.25743365 0.809669971 0.891239643 1.10313332 1.08289874 1.33910108
    1.00729942 0.866231084 1.45043564 1.3869586 1.09959173 1.54179347
    0.8047387 1.53073394 1.45479381 1.19217837 0.877391636 1.55778694
    0.786372542 1.48816359 1.19534862 1.13056612 0.996147454 1.2840693
    1.18219602 1.75541306 1.66855049 1.37700558 1.67574394 1.33375335
    1.18643391 1.03451741 0.999004841 1.63240671 0.826864362 0.859557688
    1.51303852 1.63870645 1.65186584 1.70046592 1.48124111 1.3078053
    1.37645197 1.36846542 0.988027811 1.30679321 1.01848412 1.17105865
    1.68303239 1.7299372 0.978657663 1.3488946 1.45650244 1.51259649
    1.28090131 1.38709295 1.1811924 0.905625224 0.743016481 1.15516603
    0.763604879 1.45733857 1.17441499 1.29035234 1.56046629 1.15340388
    1.21989703 1.34889138 1.12328303 0.736092865 0.901533961 0.846840024
    1.03109336 0.91170603 1.02376449 0.890088201 1.10720897 1.17987382
    1.15965366 0.881985486 1.70466805 1.69249058 1.33121395 0.992087424
    0.980967045 1.53145373 1.11471951 1.45169306 1.79042637 1.56318998
    1.86305988 1.42434072 1.7498436 1.10737395 1.76947188 1.45249712
    1.15029645 1.73606968 1.04548371 0.958326578 1.59044468 1.6910578
    1.21200991 1.51246071 1.63071835 1.1426475 0.993120313 0.86559087
    1.26291978 1.23397541 1.48452079 1.60266638 1.6708957 1.28612721
    1.47116673 1.07219589 1.29860663 1.51538289 1.61999798 0.847974658
    1.57736528 1.73865664 1.22754514 1.42776883 1.36826944 1.56551456
    1.48610175 1.44646955 1.58063984 1.54862142 1.60352755 0.883620501
    1.39464521 1.64295912 1.42431903 1.3933363 1.33261275 1.4016422
    1.73073471 1.25679958 1.30621552 1.46802688 0.870640159 1.2365762
    0.607758522 0.594781637 0.784468293 1.42522037 0.832563698
    1.35532343 1.34355283 0.949937165 1.34483862 1.02942371 1.18293846
    0.972744286 1.71380281 1.48249972 1.5317018 1.67056859 1.40605843
    1.25584424 1.49740899 0.901632071 1.0437181 1.33721662 0.772535622
    0.922139823 1.26079011 0.829884887 1.27241862 1.81688833 1.68478823
    1.86188996 1.40235174 1.54780114 1.70833218 1.80573785 1.85694599
    1.6529367 1.69186497 1.67711353 1.33221924 1.43702137 1.5455178
    1.73530567 0.952794015 1.63941765 1.61018121 0.897985041 0.833040833
    1.68467915 1.35097456 1.3737973 1.77074206 1.35435295 1.43005729
    1.48618805 0.815401852 1.18538678 1.29887676 1.4385345 0.801570117
    1.10351789 0.926871002 0.903941572 1.02335119 1.58531439 1.24159634
    1.09083259 1.53793311 0.86506021 1.83092105 1.48829472 1.72344625
    1.61396408 1.14106798 1.75730491 0.89068687 1.04592168 0.860508263
    0.784130454 1.08976173 1.19140232 1.21275365 1.10964119 1.72726858
    0.968726158 0.830051482 1.11980212 1.14176452 1.29032147 1.66085899
    1.31378806 1.6421113 0.854688525 1.03985834 1.0321542 1.63929951
    1.6271584 1.61068833 1.68529713 1.03652525 1.0525465 1.13665605
    1.81831467 1.74215138 1.34971559 1.80126131 1.23539305 1.56273103
    1.61435211 0.880032063 1.7274127 0.921438515 1.65666783 1.74339223
    1.38416314 1.36092722 1.22924495 1.6592983 1.81180143 0.933605611
    1.62330735 1.11601889 1.63282502 1.37462986 1.10679388 1.74994767
    1.73731554 0.991377056 1.17465746 1.3066746 1.69914031 0.747462213
    1.25694048 1.04003644 0.836108625 1.28234339 1.01174212 0.900813103
    1.54842436 1.33216715 1.20144212 1.08337355 1.23167288 1.16454768
    1.46610284 0.881566167 1.68404281 1.62788451 1.16388369 1.2544508
    1.45362639 1.63778329 1.69458723 1.07655215 0.900763929 1.54688418
    1.32680213 1.5695008 1.37830591 1.49349833 1.76784086 1.69948089
    1.82893121 1.77770817 1.27657115 1.09341693 1.35501277 1.09743333
    1.70994914 1.16482782 1.34350359 0.843014419 0.931470037 1.16327262
    1.59459531 1.62871897 1.34663463 1.63262165 0.779010355 0.951061547
    1.71543217 1.11128676 1.68095589 1.2893548 1.19802976 0.827856541
    1.53166115 1.34788013 1.57592785 1.34302056 1.08901489 1.26656938
    0.939255953 1.67249274 1.67402661 0.882738173 1.13201571 0.991412938
    0.974989712 1.52316821 1.59719014 1.83600402 1.68553197 1.78179383
    1.60331786 1.73345256 1.44779909 1.7359159 1.68421268 1.87661266
    1.56995475 1.4604516 0.866959989 1.69699955 0.95597893 1.3206017
    1.24862218 1.42865825 1.28983772 1.54723454 1.2215054 1.5660063
    0.992765665 1.36435115 1.344818 1.56504953 1.65957201 1.20609176
    1.66005695 0.992388368 1.4150418 1.39265132 0.993787766 1.04650426
    0.970858693 0.92778784 1.13821471 1.61495435 1.08341694 1.42115378
    1.36927342 1.19336033 0.931273162 1.75965822 1.14952672 1.43895292
    1.74035406 1.20879996 1.46611881 1.33308864 1.23936367 1.65821886
    1.70705903 1.5185951 1.66987872 1.24257946 1.52457321 1.44132447
    0.73260355 0.412756562 1.44211113 1.41736686 1.67045391 1.26966655
    1.40412605 1.32873571 1.21528637 1.43702912 1.46895468 1.47594309
    1.42940366 1.57153189 1.736377 1.04130018 1.07427073 0.943819761
    1.63002217 1.65865946 0.935333967 1.05032492 0.974889934 1.65153229
    1.21285737 0.96577853 1.04424644 1.14722478 1.69345844 1.59923756
    1.32091391 1.57311499 1.46904719 1.38226604 1.24820638 1.28172314
    1.14126098 1.41538894 1.15082729 1.35751462 1.60621333 1.17591846
    1.09610677 1.17248964 0.998954892 1.38289344 1.49632072 0.875819683
    0.897132218 1.31665182 1.18107533 1.40053642 1.09158647 1.66217136
    0.957523823 1.46732962 1.73078978 1.71894658 1.13606989 1.1188097
    1.7041142 1.49808717 1.12196839 1.1209383 1.80003822 1.03928912
    1.63440526 1.06840789 1.55927682 1.85724926 1.62452936 1.62661004
    0.92608124 1.07511723 1.37037694 1.72739756 1.34411621 1.24967742
    0.794010341 1.39918542 1.11558688 0.979329824 1.66786849 1.15316904
    1.48600137 0.880318165 1.75232065 1.06749463 1.18870604 1.80383325
    1.21639037 1.31052864 1.02585948 1.43912458 1.60400355 1.05188799
    1.19875669 1.67361629 1.86435223 0.971347451 1.2658242 1.58218563
    1.36040413 1.20485806 1.05206537 1.06180823 1.09808183 1.14400148
    1.74914122 1.82161772 1.12005877 1.07910228 1.51852918 0.871239305
    1.27049196 1.06415665 1.50793433 1.77513206 1.25565958 1.63326216
    1.51095212 1.31216443 0.905121088 1.42863524 1.59240949 1.47971737
    0.907568157 1.26207232 1.30012238 0.809774578 1.40667272 1.15012705
    1.17404485 1.54255569 1.67219627 1.23840857 1.46327424 1.19653666
    1.3387022 1.05097389 1.61975563 1.31630468 1.65920365 1.22793877
    1.69913113 0.918259919 1.12974489 1.75902498 1.25427318 1.59990335
    1.33921874 1.03404725 0.842671514 1.30794132 1.10456944 1.32472098
    1.33044779 0.946254373 1.45232081 1.18956947 1.81667256 1.57827735
    0.926850796 1.64850199 1.01455581 0.876935482 1.32064271 1.34017324
    1.20526648 1.03429437 1.36113644 1.15742517 1.05682409 1.01491892
    1.32479823 1.13057935 1.60850739 1.5339061 1.37505043 1.00361073
    0.872220933 1.48457325 1.06619787 1.25155962 1.30972481 1.57947934
    0.998236597 1.33962238 0.973873854 1.64976549 1.23245108 1.06208885
    1.71241808 1.00667107 1.68144572 1.6847657 1.23367751 1.72393596
    1.26451194 1.89133561 1.52163529 1.41797936 1.45708799 1.76484287
    1.66798472 1.33977616 1.71160591 1.03249764 1.8058418 1.67950153
    1.11309814 1.08980525 1.01519787 1.19860685 1.4715637 0.947213709
    1.18422186 1.50371432 1.66776991 1.05146205 1.59369481 1.05432963
    1.8653599 1.14244783 1.4948014 1.04140532 1.23485124 1.85914266
    1.35996187 0.975413144 1.57685912 1.48842359 1.20318317 0.959317565
    0.899302185 1.08548987 1.45541072 1.32644153 0.982439697 1.43585789
    1.71766376 1.22881866 1.66062844 1.85271752 1.26495528 0.865521669
    1.16141224 1.51049483 1.35221696 1.18922174 1.01742363 1.51971769
    1.42965341 1.71964729 0.780574679 1.07748401 1.48809671 0.854970932
    1.302791 1.12072015 0.954432309 1.7304548 1.21603596 0.979673445
    0.848370373 0.796776354 1.0101136 1.48871517 0.958772242 0.872253418
    1.0985322 1.50217927 1.04096055 1.07893336 0.826345026 0.759420991
    1.3144486 1.41846168 1.14132118 1.08628225 1.16202009 1.51975107
    0.870647132 1.65097415 1.61221731 1.05459654 1.31033957 1.55182683
    1.84452009 1.89582324 1.57596648 1.34114182 1.03921807 1.30358267
    1.24649119 1.7397151 0.843802035 1.66384923 1.30448055 1.23293531
    0.87217474 1.28191149 1.427248 1.63390684 0.849470615 1.63675284
    1.82170844 1.79547822 1.25709009 0.98126471 1.63288724 1.44355345
    1.29387319 1.64238286 1.84409153 1.34622169 1.50877619 1.65212846
    1.84604597 0.990174413 1.40718472 1.20244288 1.01631057 1.43312347
    1.10326207 0.911454499 1.03550458 1.55949163 0.988915801 1.63090014
    1.52411413 1.44479048 0.9333359 1.4264698 1.67193806 1.19066143
    1.44606268 1.07233953 1.75277114 1.80143023 1.68857348 1.65524602
    1.59520686 1.51525152 1.53787696 1.16273582 1.28110456 1.0897063
    1.50047302 0.930569649 0.891697228 0.927765012 1.27173936 1.04054022
    1.25205278 0.940341949 1.61772442 1.8192054 0.90102464 0.938945174
    1.721205 1.32876098 1.61354482 0.988457024 1.42777169 1.42654455
    1.64526236 1.56670558 1.3755089 1.79149342 1.68874943 0.928297102
    1.51840723 1.7783345 1.62691653 1.57729769 1.69087863 1.17249656
    1.34035611 1.45526314 1.54799485 1.61357474 1.34559703 1.38679886
    1.5813328 1.26823115 1.18407154 0.843640625 1.11437976 1.03306341
    0.89895457 1.46147501 1.20249343 1.1827023 1.40532362 1.00869584
    0.91619122 1.75270879 1.11918318 1.51735675 1.73074996 1.82375956
    1.84069419 1.74787104 1.08876657 1.43367589 1.52091312 1.56230247
    1.07983911 1.31062841 0.857120514 0.908277333 1.38909733 1.14321876
    1.51548016 1.72208619 1.81132364 1.52019429 1.46053314 1.79064894
    1.12971222 1.53928638 1.18839276 1.50551713 1.7615962 1.72411251
    0.805472791 0.853537023 0.932075322 1.42994249 1.17781043 1.0454998
    0.879294693 1.45129931 1.00879908 1.1115886 1.02134955 0.958383322
    0.936123013 1.19148922 1.56996584 1.61103964 1.42792737 1.42020905
    1.42677259 1.64263344 1.46995759 1.22342122 1.54206717 0.937124968
    0.910978615 1.6872716 1.17599845 1.82203686 1.58503377 1.72325778
    1.2943151 1.72750127 0.998255134 1.53510749 1.08510745 1.70924282
    1.20748019 1.51145434 1.78671944 1.52773118 0.919588983 1.41972148
    1.67724276 1.5976063 1.06152272 1.12391055 1.19852853 1.31904316
    1.18943226 1.03079057 1.63490474 1.28450036 1.67837715 1.73543155
    1.61953759 1.07721102 1.32494318 1.53640795 1.60825849 1.17568147
    1.57325482 0.851699591 1.26655853 1.6864208 1.62063074 1.32363403
    1.7545954 1.6801616 1.71621478 1.67738867 1.40789938 1.23651743
    1.40188575 1.45802987 1.8246299 1.1841377 1.30320978 1.04912889
    1.28051507 1.17263985 1.20354736 0.852642596 1.39047873 1.42244959
    0.839884996 0.851701558 1.4363842 0.797454536 1.21115685 0.813780308
    0.880480707 1.72478807 1.31713843 1.39130628 1.53105104 1.06622994
    1.04264975 1.63392556 0.977464855 1.02777374 1.63512945 1.01123118
    1.35202849 1.6386019 0.763748646 0.912629604 0.752605915 1.60912287
    1.72256291 1.25743675 1.49725306 1.58210015 1.53838289 1.4501338
    1.38977623 1.50102806 1.27203727 0.945830882 1.56799114 1.02279115
    1.34943438 1.79450107 1.69474542 1.82792091 1.31728268 1.00279546
    1.37935233 0.808689833 0.894638121 1.03797483 1.70822763 1.4712168
    1.02719104 1.36777771 1.67974281 1.51819432 1.73766792 1.41959071
    1.43126082 1.73262608 1.57975364 1.18169475 1.20356274 1.11210644
    1.33953905 1.60771012 1.83564746 1.86060858 0.943964243 1.13937402
    1.89577079 1.65626168 1.71422029 1.1889075 1.2548393 1.10191274
    0.955178499 1.61032248 1.34965312 1.1876899 1.51520693 1.00494754
    1.38493443 1.60731745 0.896695256 1.25776517 1.01928592 1.65235996
    1.60921049 1.42108667 1.06976855 1.25572145 1.78772843 1.64271045
    1.08098137 0.822644472 1.55760658 0.869569182 0.899488866 1.33756232
    1.36282325 1.49384665 1.55787718 1.61848152 1.38825953 1.82652462
    1.56645477 1.48758149 1.50058448 1.69987547 1.52639318 1.3218621
    1.07233572 1.74530399 0.940029144 1.09878707 0.929719448 1.524436
    1.77623463 1.4185921 1.81376135 1.24241817 1.17789328 1.82949865
    1.62603426 1.12511671 1.38056827 1.39810681 1.65197206 0.955219209
    1.36103094 1.28363335 1.72318745 1.07700241 1.01482141 1.02435899
    1.27588236 0.973687649 0.802331209 1.1491282 0.964852214 1.52453649
    1.11198807 1.16584265 1.59267318 1.32400024 1.08634388 1.41768265
    1.21762192 1.28959906 1.42410481 1.42202783 1.22723246 1.23789823
    1.16357934 1.60246873 1.39860404 0.874778807 0.93740797 1.19701457
    1.13817644 1.22652566 1.51762235 1.40304565 0.898527563 1.55978429
    1.65802419 1.55532551 1.16467822 1.79887378 1.16063499 1.3203038
    1.1742444 1.22122395 1.25276792 1.26881981 1.11396968 0.927996457
    1.13569379 1.08990347 1.07632565 0.89309442 1.26351738 0.832962215
    1.66106474 1.35108972 1.11621237 0.878189862 1.60290921 1.20192993
    1.79149985 0.953021049 1.54596651 1.53332412 1.29388916 1.18327868
    1.44207573 1.11942589 1.72671759 1.81136286 1.66047728 1.5013361
    1.62416995 1.59359252 1.23899388 1.40095878 1.29578269 1.33397841
    1.1878432 1.55178225 0.89400959 1.45537066 1.51965415 0.874562204
    1.51109874 1.61044776 1.41460252 1.47573054 1.55640054 1.57240963
    1.61147249 1.4779011 0.974878848 1.67774272 1.39889336 1.4942565
    1.2783674 1.69867468 1.30780792 1.39512146 0.925174475 1.55450344
    1.83895242 1.68030214 1.80530155 1.78436732 1.09892619 0.89293319
    1.79647028 0.990728319 1.78105819 1.01833212 1.69387746 1.60556352
    1.86550415 0.970639706 0.895295143 1.0289706 1.35851812 1.8127377
    1.58746982 1.19250333 1.02415967 1.33278847 1.08844244 1.35271549
    1.21675456 1.06882894 1.36475468 1.60542858 1.03057706 1.30325902
    1.28523016 0.942986786 1.05384254 1.38311243 1.30781901 0.767214894
    1.20326626 1.19969916 1.77291846 1.21467829 1.16951203 0.913707376
    1.43406236 0.822026014 1.20229828 1.50054145 1.42859328 1.14383614
    1.53303695 0.735363662 0.796312749 0.984471083 0.882524133
    1.50063133 0.883283794 1.04033577 1.85618734 1.84334564 1.84641492
    1.86931396 1.71340597 1.19398952 1.70802855 1.09538734 1.78895032
    1.15719938 1.44467127 1.08498585 1.8064177 1.19277418 0.968650222
    0.927788973 1.07692707 0.973839104 0.983607054 1.46424603 1.64500308
    0.954162896 1.06054103 1.02813208 1.26272941 1.03485262 1.33266747
    0.979242921 1.79096723 1.22007036 1.30342603 1.73721457 1.18951237
    1.32353234 1.78700709 1.84706604 1.49104869 1.04864156 1.68986356
    1.18947029 1.85530651 0.9320364 1.15063059 1.54077065 1.84431207
    1.29255855 1.45555818 1.74588478 1.59164679 1.71062148 1.53590918
    1.00520515 0.914794624 0.912310421 1.67766476 1.23816037 1.06618083
    1.45699966 1.78563702 1.19706774 1.45938051 1.58236742 1.13867915
    1.6432513 0.920076311 1.09956574 1.03850508 1.615623 1.28627062
    1.55638373 1.47008169 1.35411739 1.70640063 1.2221545 0.921633482
    1.21552706 1.83794463 1.73820078 1.08286119 1.56155431 1.86310124
    1.60005975 1.23649096 1.57625985 0.897074878 1.40444887 1.34002292
    1.83598924 1.29597819 1.55224991 1.32307386 1.24843466 1.44679296
    1.67285442 1.71412981 1.56845534 1.04441023 1.11301136 1.6948446
    1.47406471 1.32672679 1.51112103 0.988788366 1.58627331 0.885970294
    0.765730977 0.941004694 1.01146567 0.853781343 1.36055779 1.27278745
    1.52813458 1.74952078 1.73352242 0.963612616 1.8167994 1.70188928
    1.36164451 1.8579663 1.11951733 1.2445699 1.57881069 0.890902102
    1.05734253 1.39948261 0.823480487 1.1187315 0.823468804 1.71853507
    1.36914098 1.77616954 1.32300723 0.862572312 1.40480053 0.908468604
    1.77031636 1.27069235 1.37397802 1.72248888 0.879448831 1.25162637
    1.4157306 0.824110687 1.1344223 0.924427927 0.992589712 1.30323493
    1.54654574 1.73209357 1.41708982 1.80961192 1.55901575 1.53767705
    1.26265931 0.957549036 1.49660444 0.960139513 1.60311902 1.84412706
    1.4742434 1.03747714 1.56590438 1.2195816 1.30931044 1.70028543
    1.87603009 1.84328544 1.26721942 1.11887336 1.88276148 1.08233094
    1.39481831 1.86431766 1.7436223 1.71196651 1.23472822 1.36658144
    1.65395236 0.912736237 1.28379178 1.61348248 0.799632907 1.49450219
    1.22017884 1.49956632 1.00254738 1.06878674 1.31510234 1.62177396
    1.49283552 1.11906981 1.72802675 1.68311298 1.34158444 0.859897256
    1.72270608 1.64239204 1.29298234 1.62181401 1.83330441 1.61624968
    1.13669801 1.17397237 1.54145432 1.29004884 1.17704093 0.979262471
    1.18915319 1.78258729 1.43714952 1.29472947 1.77440441 1.08681643
    0.924956977 1.82181251 1.7099911 1.68000317 1.11861467 1.27022648
    0.930600762 1.17400563 1.28624904 1.35558271 1.51385415 1.00298822
    0.81814605 1.36687851 1.38521922 1.72058082 1.30280793 1.19491684
    0.513017714 1.14612639 1.46417141 0.975407779 1.24412918 1.00843334
    0.928008258 1.69277608 1.71915519 1.73087776 1.6727792 1.19784033
    1.27197945 0.842686296 1.41467226 1.00633335 1.15512228 1.15665865
    1.04802704 1.71276093 1.59389365 1.17993784 0.964299381 0.853566885
    1.15158534 1.27440763 1.5687089 1.24744213 1.55599391 1.5770812
    1.02990866 1.20676863 1.85798967 1.57609689 1.85564089 1.7421391
    1.45313716 0.807970583 1.40293133 1.28374135 1.16855073 0.971447051
    1.02846813 1.10787785 0.919688404 1.0340308 0.967398822 1.63926113
    1.3646214 1.35110116 1.6102562 1.10242927 1.4807086 1.86849618
    1.82353902 1.85709321 1.31241596 1.29352331 1.38839352 1.60873199
    1.92937374 1.6308428 1.75860107 1.92326236 1.65855742 1.79590678
    1.26101995 1.78877819 1.79133868 1.72880661 0.997157693 1.74246573
    1.38348877 1.3882575 0.994605482 1.32997835 1.11813712 0.905134261
    0.975948513 1.14198422 1.73240507 0.83977896 1.23071074 1.7026006
    1.53306782 1.22095001 1.76372993 1.50924802 0.815677941 1.26649046
    0.946196556 0.943806171 1.52039373 1.6452781 0.891319096 1.21286428
    1.00935209 1.77574146 1.77870846 1.56469917 1.76176655 1.03197277
    1.09373081 0.91196537 1.67704618 1.17956448 1.63357532 1.45430171
    0.884764254 1.2384299 0.895459294 0.959408581 1.66461599 1.08636343
    1.58179474 0.965316176 1.30483484 1.82566619 1.80333495 1.60242391
    1.54489648 1.35690212 1.37194085 1.68244553 1.51833403 1.25123549
    1.09457803 1.52229273 1.35059845 0.756514847 1.37047553 1.1782788
    0.773009837 1.57553709 1.12636268 1.26004732 1.72136164 1.02575421
    1.72263122 0.907043934 1.28538668 1.46791744 0.932748973 1.84299982
    1.68249011 1.38083065 1.08272827 1.31332517 0.891573966 1.13302314
    1.22275591 1.28642976 1.4820677 0.842744589 0.897039533 1.22442603
    1.55918849 1.78154516 0.974824667 1.26933038 0.987613022 1.5909282
    1.45186806 0.92567575 0.95903337 1.77315533 0.965593576 1.81622398
    1.71004653 1.04023099 1.17132401 1.77546155 1.13106883 1.50421214
    1.33747029 1.12848818 1.51442194 1.28670013 1.04024196 1.22406614
    1.29639566 0.939534605 1.6292485 1.62503445 1.63691831 1.30256057
    1.23683286 1.43512475 1.54273915 1.11236489 1.76257217 1.79599679
    1.33870304 1.66443264 1.70920861 1.35216904 1.38669312 1.20068145
    1.85920346 1.01495945 0.849968433 0.985170186 0.900694728
    0.893966973 0.946117461 0.930467784 1.10798001 1.15707111
    0.882467866 0.886060476 0.801466227 0.934577703 1.09904337
    1.19429553 0.858647764 1.39477575 1.27692795 1.3619535 1.57612216
    1.77936161 1.37034214 1.33104241 1.35069013 0.96572268 1.25967586
    1.69771993 1.4665705 1.06940174 1.190521 1.39288819 1.79181361
    1.28352165 1.84461248 1.45731914 1.13509095 1.71681285 1.80864334
    1.16053283 0.91837424 1.85461867 1.00677299 1.65005505 1.75907123
    1.83399224 0.837951005 1.63102543 1.40696323 1.24838746 1.45452642
    1.24286914 1.64767563 0.816926837 1.17860401 1.23636627 0.672255099
    1.43634176 0.587091446 1.10084879 1.42849517 0.846422732 1.2929796
    0.893719435 1.70439541 1.02827418 1.0580976 0.823261261 0.962245166
    1.13496685 1.1849848 1.27595234 1.10692692 0.951850772 1.33837664
    1.68201208 0.95088017 1.68612397 1.01583064 0.943985224 1.22694552
    1.27886033 1.43582773 1.69180107 1.61362553 0.874712706 1.37302947
    1.33850205 1.75791693 0.985284805 1.26112366 1.45405114 1.50115287
    1.12934327 0.870509565 1.22958958 1.05316794 1.03543186 1.52924848
    1.56935894 1.0813781 0.789793551 1.16069567 1.24998879 1.02640736
    1.82780206 1.72510731 1.33991134 0.919606388 1.27283132 1.7443049
    1.6396246 1.67759573 1.27860117 1.78416049 1.91259313 1.87835455
    1.46063852 1.16383255 1.66587341 1.91103435 1.30100572 1.28125405
    1.85650039 1.73226249 1.18536055 1.80654383 0.880072534 1.60338187
    1.41456449 1.27999675 1.543118 0.886582315 0.866552949 0.911540985
    1.35101032 1.16405606 1.25410926 0.897458851 0.90020442 0.855733931
    1.27760243 1.72591555 1.75797331 1.28846967 1.27970326 0.900158346
    1.3282603 0.885407388 0.813499928 1.67806625 0.967779219 0.820580125
    0.877102613 1.60693491 1.10539281 1.43542469 1.368698 1.65371811
    1.62536347 1.35124111 1.80796266 1.45448363 1.45788538 1.62878442
    1.02387846 1.27289796 1.00876343 1.54222286 1.29078782 1.27182496
    1.04338515 0.871335626 1.59119964 1.75454962 0.979603827 1.46134448
    1.37233233 1.62161565 1.85896862 1.41716349 1.47232378 1.1376133
    1.0281589 1.31835616 1.31426823 1.17610705 1.44101787 1.59350264
    1.10130644 0.953083038 0.987267911 0.855787694 1.32564962 1.60962808
    1.49626231 1.13517189 1.85768557 1.70612597 1.10064721 1.42505431
    0.993016481 1.04475176 1.71095097 1.60771048 1.6105628 1.43294752
    0.787258208 1.52093089 1.3625077 1.35420346 1.06136501 0.859623909
    1.08735037 1.66216004 1.70572615 1.5486753 1.39159536 1.76760805
    1.48583615 0.976029396 1.2662729 1.65578175 1.33824813 1.15275049
    1.8578192 1.2574091 1.22057283 1.71396601 1.35485566 1.80205452
    1.14890194 1.71348727 1.754354 1.76685441 1.26233494 1.22794116
    1.28821838 1.62207985 1.52044237 1.66069257 1.07717097 1.53123116
    0.911353469 1.03770709 1.43451989 1.64274526 1.36991096 1.88890827
    1.79903054 1.22080731 0.9504655 1.47668779 1.41712594 1.20875847
    0.96603483 1.58896065 1.22667336 1.11533761 1.24713206 0.874584615
    1.5530405 1.42888021 1.56182849 0.873135149 1.25601721 0.940560758
    1.17135847 1.37568009 0.922660053 1.1768533 1.60418284 0.978575766
    1.59890127 0.818333983 0.908318639 1.26520467 0.929300308 1.0687294
    1.18925512 0.847305834 1.09959984 1.02135491 1.09826577 1.1734494
    1.66773093 0.924309969 0.944608152 1.19647551 1.57422423 1.54391205
    1.50678277 1.7987088 1.48486853 1.36800134 1.35500908 1.32647645
    1.40613711 1.7845993 1.55966306 1.17983139 1.67214775 1.43043542
    1.4540025 1.01231992 0.908136785 0.976595461 1.40485716 0.940729439
    1.05767012 1.40805483 1.46459496 1.32681859 1.19057631 0.636068702
    0.810819447 0.851235032 1.64344156 1.59229362 1.25247407 1.49572229
    1.01602542 1.75823975 1.74956548 0.99166584 0.785481215 0.982850611
    1.14729404 1.57265425 0.836929381 0.771493733 1.42652738 0.761106133
    1.38583016 0.758803368 1.42391133 1.73405588 1.41668725 1.22599959
    1.27939498 1.45371151 1.18615103 1.51090813 0.89825362 1.48445845
    1.09667599 1.69454372 1.80750191 1.16071892 1.39113688 1.20744765
    1.19098485 1.16361904 1.09063733 0.989315927 1.75019503 1.31040204
    1.50339174 1.47534478 1.15912843 1.57689953 1.87004936 1.47649097
    1.31140792 1.7767663 1.52802181 1.41827071 1.46100926 1.79714549
    1.55682337 1.61839199 1.95398939 1.88894236 1.40779519 1.75918639
    1.06486225 1.50618064 1.8767848 1.37303865 1.82280087 1.35314643
    1.74655938 0.919587314 0.984531879 0.944203258 1.08462965 1.44587529
    1.19298434 1.15133035 1.51956856 1.6749928 0.993986487 1.44085121
    1.19224095 1.57411623 1.36684823 1.10809195 0.969270468 1.60799408
    1.28770506 1.26735163 1.65713739 1.09787321 1.09375536 1.72125947
    1.03203833 1.67463064 1.45303261 0.898097277 1.11846578 1.37464833
    0.877578199 1.09351397 1.29862201 1.72847474 1.07921624 1.49472189
    1.20826769 1.48840368 1.55606365 1.4404844 1.28685224 1.43314004
    1.35234499 1.05479407 1.00367689 0.847826004 1.46549547 1.21342242
    1.1683197 1.2501229 1.54318035 1.78919423 1.61678767 1.66582608
    1.1683284 1.11577201 0.832854569 0.973595202 0.79660815 0.917024434
    0.988095522 1.34054112 1.67638814 1.32320738 1.33099115 1.76111269
    1.12542975 1.76447833 0.891783535 1.54123497 1.05948889 1.15641832
    1.76685286 1.46044874 1.71760297 1.50870383 1.0764581 1.60170567
    1.42948055 1.03580403 1.6870023 0.893781722 1.00720787 1.58899057
    1.22025788 1.27433348 1.44390142 1.47211981 1.44339299 1.12431836
    1.55266035 1.31413066 1.26476622 1.69228458 1.68772388 1.06374359
    1.50280237 1.00785851 1.1285063 1.13048351 1.64057314 1.19331849
    1.83721662 1.52473879 1.16581476 1.55828166 1.65016592 1.6609726
    1.82540751 1.77565086 1.6498481 0.957607985 1.39181423 1.47987306
    1.7977407 1.5049243 1.42965448 1.28332484 1.08203995 1.81879318
    1.20597744 1.81366074 1.54175687 1.24032617 1.79628491 1.59263432
    1.10596871 1.23154056 1.28382337 1.85306191 1.71144152 1.71128571
    0.860602617 0.960410774 1.49109375 0.866696715 1.6900574 1.32552719
    0.937589049 1.33203185 0.939740956 1.12564325 1.02905512 1.06810367
    1.10134387 1.47837412 1.402529 1.09863937 1.51296163 1.77349138
    1.24999547 0.986766577 0.923300087 1.25510502 1.31405759 1.10652804
    1.70345366 1.33903694 1.84238207 1.61746562 0.882274687 1.35457766
    1.0989728 1.67146814 1.47560298 1.49721181 1.00335038 1.44631624
    0.999657214 1.13121271 1.75400162 1.07982075 1.74148226 1.36627471
    1.16988099 1.79662907 1.27542615 0.834237099 1.06853235 0.833372176
    1.20120108 1.41416478 1.78633821 1.34362757 1.10299349 1.46830928
    1.43401074 1.16548765 1.32132006 1.10324597 1.08333492 0.654350281
    1.18369949 0.897711635 1.67207515 1.83127642 1.3964746 1.53873348
    1.80958295 1.66411686 1.56384635 1.71899128 0.960601926 1.01712692
    1.04338884 0.799002349 1.42327964 0.99848032 1.01814866 0.920641065
    1.70089233 1.37715459 0.964143276 0.969426334 0.948056817 1.43218493
    1.61460721 1.56142151 1.68329823 1.04826379 1.24458265 1.80987012
    1.73003793 1.04986489 1.60095417 1.00742161 0.854808271 1.22991788
    0.834030032 1.64611542 1.66192663 1.37115252 1.28143001 1.44366002
    1.64083374 1.64875591 1.58954489 1.21285367 1.7274828 1.12868679
    1.8849256 1.26153195 1.4373976 1.78643787 1.54450095 1.47644448
    1.93829906 1.17748642 1.29737842 1.83709717 1.13795817 1.6155467
    1.37130618 1.19797802 1.24390483 0.924408853 1.72106624 0.872627199
    1.3893398 1.0342437 1.60631621 1.49308503 1.20147502 0.948594391
    1.06200588 1.75348485 1.36224723 1.00141597 1.69401073 1.65643692
    0.842767477 1.02884424 0.880871713 0.89099431 1.32923484 0.944635093
    1.24251521 1.53414762 0.997291446 0.810614288 1.18464804 1.06898439
    1.28217971 1.4835099 1.1506412 1.5485425 1.00589681 1.26681221
    1.46422493 1.48716903 1.73625481 0.881431878 1.20882845 1.16103613
    1.02416086 1.63484371 1.27700257 0.95041883 1.39864504 1.37666786
    1.50884676 1.02720284 1.64998496 1.01802003 1.79134476 1.82294977
    1.65428233 0.894382119 1.30669105 1.50294495 1.14638162 1.21638525
    1.54793787 1.09882534 0.910428286 1.68473625 1.3508693 1.04753053
    1.30211806 1.15750706 0.854623079 0.968931377 1.75701535 1.55296385
    1.7900027 1.58879435 1.19869959 0.954687655 1.35962343 1.45975769
    1.08774614 1.15356994 1.22106218 0.902730107 0.93953073 1.60641491
    1.79057693 1.10259306 1.17588544 1.37620175 1.1212579 0.927420139
    1.41543841 1.58620715 1.61816919 1.63088429 0.87226671 1.37519491
    1.49232471 1.17010975 1.18329298 1.16779459 1.38096297 1.81280088
    1.50093627 1.88424349 1.88652802 1.47726643 1.14889741 1.72737992
    1.01535404 1.34965324 1.71360958 1.05638552 1.40915084 1.65375102
    1.22264779 1.00833797 1.31151354 0.986742675 0.93246001 1.55962527
    1.35364306 1.32532382 1.6263994 1.37399971 0.975831807 1.37852907
    1.14862275 1.85762548 1.48144996 1.52704227 1.75193119 1.18557
    0.91621232 1.29861856 1.81020331 0.90391165 0.906459689 1.53145146
    0.943421602 1.37319219 1.17282724 1.20266902 1.13222969 1.46631444
    1.49701345 1.45450771 1.00293112 1.54268312 1.62812555 1.15122747
    1.07896352 1.75664699 0.838377118 1.15517032 1.0784446 1.74743509
    0.97866112 1.60259926 1.7805649 0.872578561 0.964455962 1.65824211
    1.54778624 1.11580575 1.43005812 1.39487624 1.26824152 1.20430267
    1.84331548 1.20455539 1.34507334 1.79729497 0.860431612 1.00060427
    1.71160626 1.30149865 1.09466255 1.11530387 1.74587691 1.32859564
    1.55867243 1.36781061 1.00014925 0.826559246 1.63032138 1.67748952
    1.44004989 1.01330435 1.72240376 1.04135704 0.844371021 1.51278734
    1.35774124 1.33368456 0.780179858 0.621124268 0.671102941 1.42772496
    1.30926991 1.05133915 0.91901952 1.08596492 1.77007091 0.920318186
    1.27450478 0.850722671 1.33671665 1.27031243 0.888683438 1.70264804
    1.22983646 1.19656014 0.792785048 1.3138001 1.14170825 1.18193471
    1.58390999 1.49074757 1.00664997 1.77967024 0.924877524 1.38722396
    1.22353506 0.913139522 1.80280089 1.16221797 1.14650452 1.15214717
    1.12587285 1.6916362 1.5801084 0.870187998 1.68230247 0.799647927
    1.03706896 0.902918041 1.13646817 1.44623482 1.16472137 1.73817551
    1.57863033 1.77861917 1.09105968 1.53954482 1.81839705 0.944378674
    1.29328489 1.13771284 1.90836871 1.33590055 1.04488564 1.71329641
    1.32967544 1.01858509 1.54216874 1.21330321 1.30791366 0.860841513
    1.54217196 0.936054409 1.09772158 1.62000179 1.39308083 0.933835864
    1.25392997 1.28842998 1.15811872 1.69971502 1.42056978 1.77995503
    1.21953058 1.71746683 1.64206231 1.02639997 1.39533937 0.991244555
    0.8891415 0.857724428 1.28943038 1.39834535 1.42071164 1.64408576
    1.77247405 1.51965296 1.37343729 0.835229099 1.71887386 1.277601
    1.19252706 1.45877862 0.867811024 1.65746522 0.91770339 1.65308571
    1.43077946 1.12530434 1.79900491 1.11058128 1.73166013 1.05685222
    0.998364389 1.54845691 1.40937483 1.11938131 0.97681427 1.31506836
    1.78823972 1.64850533 1.26925492 0.929758906 1.02611947 1.83372831
    0.870188415 1.59322274 1.03162444 0.840766907 0.853013277 1.70747685
    1.11368048 1.7852844 1.18504572 1.02806139 1.3062017 1.53524983
    1.41471136 1.08691537 1.68113649 1.53148663 1.49219155 1.08233166
    1.26014113 1.35864758 1.61823177 1.50305474 1.27627409 1.11344337
    0.921344876 1.63190913 1.42766678 1.76769173 1.20286536 0.963587165
    1.37769389 1.54718769 1.16183519 1.69970334 1.11063457 1.14465487
    0.850163043 1.26753247 0.993316174 1.09819269 1.70360136 1.03415811
    1.86375034 1.08813739 1.05997717 1.50704789 1.16006863 1.05012357
    1.56442583 1.78622305 1.18827295 1.29512608 1.59775639 1.23456132
    1.80022895 1.45196652 1.13204789 1.05175793 0.933335841 1.54196107
    1.8512125 1.55035758 1.72006512 1.69242942 1.79303777 1.77314663
    1.42008412 1.04619801 1.76845026 1.32455397 1.1948421 1.51211834
    1.74368417 1.73658741 1.04457355 1.34634686 0.932974994 1.49125111
    0.942522526 1.21406639 1.65999246 1.71364713 1.22010732 1.59093463
    0.873107672 0.803134322 1.78584135 1.52554643 0.907148421 1.33740914
    1.17042637 0.838207066 0.883320868 1.25861883 1.43932891 1.09689677
    0.962470889 1.22212791 0.894082427 1.14147365 0.912651479 1.00378728
    1.27031064 0.954860032 1.7537936 1.18306625 1.83164346 1.58218122
    1.26934135 1.45085323 1.55486655 1.5566994 1.39504945 1.37638021
    1.52675128 0.984149337 1.47205091 0.989699841 1.08266056 1.6628648
    1.28547812 0.993590951 1.36856353 1.0682559 1.09610724 1.18041921
    1.32456768 1.0359869 1.2677542 0.862510502 1.31625724 1.13713336
    1.17798758 1.13808465 1.67800045 0.743461668 1.48611295 0.591167271
    0.948557913 0.975960076 1.005808 1.41386807 1.31815159 1.6488713
    1.28412187 1.6977731 1.25156844 1.47316527 1.39524066 0.874640703
    0.844288886 0.907848537 0.983400106 1.70484936 1.51019216
    0.837476075 1.52450788 0.761834741 1.08497083 0.895153165 1.18122292
    0.968025744 1.18979609 1.21156549 1.03531861 1.63589287 1.11749017
    1.84420788 1.8181113 1.83871603 1.32827973 1.04143715 1.72960114
    1.14234316 1.56858408 1.65250027 1.790012 0.869447172 0.978184581
    1.39991498 0.832286954 1.38380945 1.429088 1.54488504 1.69904709
    0.924801826 0.940971613 1.31536365 1.35507751 1.52203345 1.93565702
    1.87154281 1.75918472 1.31333232 1.11419296 1.04202437 1.77691019
    1.7215066 1.51254034 1.53900552 1.30970776 0.951732039 1.59463513
    1.37622797 1.40364707 1.49508333 1.57299721 1.00845087 1.32408261
    1.0115633 1.15041077 1.44340169 0.852235198 1.79198813 1.71289694
    1.36472797 1.32605088 1.33517766 1.01050293 0.977543533 1.70435357
    1.47474289 1.49045372 1.39634466 1.60320818 1.31431186 1.00654948
    1.26744378 1.38987565 1.59913671 1.23863649 1.13834727 1.28885961
    1.08413124 1.43345022 1.33096671 0.948052108 1.73570418 1.2913239
    1.42856181 1.32344782 1.10252309 0.854029298 1.23352158 1.13036644
    1.12650239 1.66102219 1.30644238 1.46241724 1.50893462 1.75904655
    1.74828064 1.24003732 0.983422756 0.947372198 1.75002933 1.20265543
    1.07947564 0.914983094 1.52660382 0.887620807 1.66391206 1.67146182
    1.46161842 1.05074382 1.1028868 0.923894823 1.4912008 1.67298675
    1.42317617 1.54299617 1.48614717 1.04998827 1.8096292 1.13356805
    1.34840894 1.76164544 1.85160851 1.65626633 1.53527582 0.993017256
    1.27612126 1.25678051 1.70698798 1.49613905 1.08402693 1.27467012
    1.1624819 0.967038512 0.847188294 1.70489788 1.32306063 1.02770758
    1.85852516 1.80054188 1.89147532 1.708902 1.76824796 1.87066686
    1.88094246 1.54958892 1.61537635 1.24779248 1.83353758 1.91535628
    1.71883869 1.9043144 1.13811624 1.90641952 1.43831599 1.61290205
    1.20362365 1.85617971 1.56341314 1.40870953 1.59024978 1.37073374
    1.35457194 1.37873602 1.20503557 1.24481452 1.41790628 1.11982214
    1.58023703 1.02415812 1.85357535 1.8280679 1.69808543 1.41527271
    1.08645248 1.42458546 1.6772294 1.35357702 1.71314383 1.72863913
    1.12249386 1.67259312 1.56722093 0.866401255 1.76933777 0.843441188
    1.20687425 1.28520119 1.09682417 1.4873457 1.68996966 1.22830856
    1.12455726 1.6720742 1.26913536 1.30468047 1.39257216 0.881527424
    0.984490991 0.933545053 1.53424799 1.42837834 1.45555782 1.39371765
    0.876877844 1.22906232 1.35350966 1.16196108 1.43316257 1.27836299
    1.16081929 1.11230814 1.41144741 1.07166135 1.368379 1.10791183
    1.32453191 0.82689929 0.894121587 1.45058274 1.63067675 1.03700769
    1.06646454 1.55307364 0.93954891 0.875115216 1.24518311 1.39085281
    1.47090852 1.64098406 1.43098783 1.72838593 1.26156139 1.65765905
    1.78852415 1.07518613 1.30614996 0.630004644 0.739404678 0.522484183
    0.744084716 1.24749923 1.50025249 1.27276373 1.82934082 1.08876753
    1.61363542 1.65010273 1.69708657 1.17003834 0.837472737 1.14753294
    1.60782218 0.769500673 1.36389601 1.55140245 1.44815803 1.34069669
    1.46011782 0.761478126 1.62425351 1.2100625 0.797004104 1.04953516
    1.55505943 1.54785764 1.14107931 1.03346074 1.76531196 1.54047227
    1.50925684 1.74628031 1.87544835 1.14003849 1.76656985 1.38333964
    0.928176045 1.41620982 1.80328357 1.67599857 1.73403132 0.978807926
    1.38161552 1.74469399 1.68256128 1.7162751 1.87093937 1.59796989
    1.90016532 1.83686364 1.65876555 1.6603291 1.37873816 1.83055878
    1.49469984 1.13164103 0.884337068 0.916248202 1.74433303 0.975999475
    1.51791024 1.44693589 1.29235089 1.67672348 0.964259982 1.46150303
    0.954877794 1.68088603 1.08313775 0.886212945 1.03926957 1.26471925
    1.75192702 0.874136925 1.19526207 0.886569381 1.70622921 1.4667207
    1.78922045 1.43535125 1.52352417 0.846887767 1.47365761 1.44973934
    1.71817648 0.842564166 1.57647932 1.35738766 1.54382336 1.66333973
    1.81288862 1.59722185 1.22976053 1.50023353 1.24160659 1.29935873
    1.00674033 1.03851485 1.65398717 1.39104462 1.66535747 1.0334096
    1.65135658 1.43656623 1.50006175 0.79468143 1.31486464 0.881485522
    1.80099869 1.81123829 1.39972365 1.73359811 1.90811348 1.57452261
    0.980711639 1.33468831 1.3809377 1.12758994 1.76099503 0.971797228
    1.71315455 1.17811155 1.24928403 1.61348248 1.40939689 1.32923877
    1.84211016 1.398229 1.50087786 1.37936234 1.17057216 1.4790858
    1.2974174 1.60616124 1.4067148 1.86691988 1.38283622 1.71049559
    1.27228081 1.29435253 1.6475513 1.31230152 0.900334597 1.02438092
    0.837030888 0.914176166 1.40893328 0.80786407 1.33011365 1.034958
    1.17366064 1.17944562 1.3724041 1.26897454 1.10083067 1.86639571
    1.83563113 1.34349239 1.26219022 1.00353122 1.90370834 1.42396927
    1.21156776 1.59845459 1.34106994 1.84743786 1.49604893 1.72036064
    1.82792103 1.23751044 1.69913626 1.06705427 1.37742913 1.15286136
    1.2542212 1.18610013 1.35531235 1.56479061 1.55741608 1.69276607
    1.84874511 1.55514431 1.74974906 1.03574479 1.41801226 1.77383673
    1.02345371 1.14217222 1.50606644 1.84621084 1.23914754 1.51355171
    1.53807652 1.18880045 1.72862029 1.18020594 1.19850838 1.81308854
    0.880962074 1.08664834 1.41222346 1.81506073 1.72952127 1.44879484
    1.2573719 1.42925537 1.2139864 0.999360919 1.31478012 1.40451801
    1.73957074 1.42304528 1.50589943 1.76101339 1.64383042 1.70617378
    1.40816689 0.935561419 1.23748994 1.02755356 1.42614043 0.837393403
    1.77835 1.1912421 1.29940403 1.08232427 1.47229767 1.31219399
    1.63260317 1.21220064 1.45962095 1.08725762 1.43056762 1.75835347
    1.64084589 1.26758242 1.21691561 0.862791955 1.53788519 1.80645061
    1.77164257 1.75678253 1.27446902 1.5652734 1.25179279 1.60387456
    1.33313274 1.64764428 0.952414632 1.7386837 1.7963537 1.21993029
    1.36805201 1.06199026 1.33676147 1.47091484 1.42910457 1.53861916
    1.00314355 1.65366626 1.68772233 1.71130669 1.499614 1.71999764
    0.855190873 1.22284269 1.47473001 1.76580429 1.21282315 1.05506754
    1.23724806 1.56359184 1.31882703 1.44486523 0.979605675 0.862395644
    1.26512301 1.29920244 1.42178941 1.59466326 1.54573417 0.954527795
    1.15837145 1.80198085 1.7629472 1.53780282 1.44263756 1.07856166
    1.8632412 1.71900189 1.12144244 1.65538502 1.36002517 0.845717132
    1.58557129 0.947891414 0.926259518 1.15453637 1.04124355 1.46866941
    1.23507631 1.08590305 1.45644617 1.58924162 1.08155489 1.29956949
    1.07861578 1.64234996 1.82471716 1.44394886 1.44105065 1.64361513
    1.50692642 1.35564458 1.25849092 0.925039828 1.21634138 1.40913451
    1.58792865 0.991834402 1.6559664 1.04062843 0.954629362 1.62180769
    1.31253481 0.85172677 1.4255048 1.48433173 1.84037542 1.41891587
    1.36620152 1.45590568 1.52652764 1.56442916 1.58682156 1.46127081
    1.51173854 0.963004231 1.34797847 1.25257707 1.02536201 1.17909765
    1.27916873 1.7219739 0.976564348 1.34169698 1.50805759 1.43318415
    0.892465174 0.914130986 1.29605341 1.02697754 1.41613483 1.66637218
    1.19469166 1.46210945 1.26757765 1.35313082 1.244838 0.973245978
    1.234218 1.57087445 1.04218352 1.1519506 1.45238483 1.61682713
    1.63700795 1.54285121 1.86815369 1.81465232 1.76838088 1.90999591
    1.03933799 1.37736642 1.57191563 1.18108368 1.26618624 1.21467888
    1.54432142 1.02611411 1.20326567 1.42600691 1.01044643 1.24171805
    1.35984242 1.55704761 1.28519332 1.8331908 1.5721364 1.1169318
    1.81288981 1.21159625 1.53325129 1.68599856 1.01506555 1.62786734
    1.40229464 1.59825885 1.73495424 1.37510455 0.869303167 0.800313711
    0.870484948 1.15594792 1.22977555 1.59145284 0.86535728 1.5276711
    1.73655355 1.10138607 1.25553775 1.90347564 1.13266933 1.3721056
    1.44564533 1.84587324 1.83651173 1.64845443 1.0298661 1.26822126
    1.10796654 1.85213923 1.77461648 0.951594055 1.17413127 1.53738976
    1.51369703 1.46698558 0.974457204 1.38215709 1.48081982 1.10071158
    0.918152034 1.68879902 1.09837413 1.85171795 1.12569845 1.21035588
    1.44817162 1.37288749 1.86860096 1.34188545 1.16292226 1.18959177
    1.80649006 0.998288274 1.13067877 1.58169758 1.91098046 1.30306065
    1.56013954 1.85759151 1.70502067 1.79144168 1.50269353 0.853535414
    1.15576947 1.78687155 1.21137452 1.51438618 1.19624496 0.91917187
    1.74890518 1.17978203 1.063586 1.4227798 0.914126217 1.67601502
    1.0591377 0.869624555 1.0958854 0.906106889 1.23383248 1.67176545
    1.3461206 1.50098777 1.51565993 1.33120751 1.23716676 1.2533232
    1.35485578 1.43093133 1.41790783 1.434636 1.69049942 0.848412335
    0.858565927 1.05781448 1.44894695 1.35723114 1.66086721 1.52474558
    1.44593 1.54892182 1.48110116 1.74601316 1.20544422 1.64358282
    1.02829099 1.39157152 1.54930902 1.82990563 1.37150502 1.10860014
    1.23504472 1.04217494 1.3972683 1.11672294 1.1768229 1.09449816
    1.3671335 1.34253848 1.28745043 1.36520708 0.916025698 1.06644702
    1.55362976 1.75974894 0.993631124 1.20238447 1.35995996 0.976067603
    1.69574666 1.56704438 1.20433044 1.73195815 0.938353419 0.938895464
    0.796392322 1.25443459 1.18685246 0.933709204 1.47044015 1.04063714
    1.13729286 0.914084256 0.811629772 1.43416834 1.03557837 1.43490982
    1.37458372 1.44403863 1.6748451 1.49953985 1.80740094 1.30742276
    1.27286768 1.84612131 1.76749372 1.17663574 1.33308339 1.0972141
    1.01910937 1.05081487 1.05689001 1.52558231 0.924310029 1.0193156
    1.84041822 1.84313571 1.04474497 0.929694951 1.20815599 1.70688701
    1.1714623 1.82800651 0.910247266 1.01524365 1.31013167 1.47329938
    1.3233614 0.872732937 1.328444 1.49428761 1.35832322 1.29754555
    1.3139993 1.05436349 1.62366831 1.3145752 1.60976696 0.882633448
    1.02645636 1.12308908 1.80333173 1.27828979 1.57352877 1.07889569
    1.72131121 1.71816027 1.37905788 1.59548378 1.64658952 1.46647012
    1.81767213 1.00273585 1.51451731 1.20873916 1.80724156 1.75369608
    1.42049503 1.0362947 0.801009417 1.28281152 1.09208012 0.883306801
    0.924594939 1.3350873 0.938260972 0.858749807 0.959195197
    0.892737389 1.21349061 1.20136154 1.58152592 1.4698745 0.914189696
    1.00956511 1.31948352 1.2146107 0.982812822 1.71823776 0.901797235
    0.910624325 1.73729825 1.30373251 1.80443347 1.5343976 1.59917808
    1.63047767 1.32982349 1.88276994 0.921436787 1.04119337 1.35706317
    1.82103789 1.52985537 1.44369125 0.953839242 1.05218577 1.29528522
    1.45104623 0.932108641 1.58147144 0.936111212 1.67340314 1.29563117
    1.65879786 1.44757187 1.52230704 1.73235381 1.14186168 1.73013818
    1.40271962 0.864949882 1.21441865 1.21397424 1.68943453 1.60476661
    1.06621611 1.07788384 1.82108271 1.44512022 1.69315696 1.22275043
    1.52413321 1.26951182 1.15682781 1.82262993 1.8475697 1.10119319
    1.29976237 0.920694947 1.04720581 1.79568934 1.38564932 1.77642047
    1.1118294 1.79080081 1.29209602 1.29597986 1.32524085 1.5560267
    1.14296269 1.64678597 1.82159948 1.08216143 0.938904405 1.44818699
    1.58547866 1.87753761 1.80345142 1.7957834 1.47252631 1.36377144
    1.90020764 1.07039106 1.14883387 1.74398506 1.47453737 1.86984253
    1.60878229 1.82860851 1.2455864 1.87546074 0.970227003 1.48601246
    0.970852792 0.909335434 1.1369158 1.03499126 1.48667026 1.16322732
    0.943291783 1.84764433 1.12399995 1.53052282 1.58301544 1.67184484
    1.77455485 1.48989284 0.936909318 1.81324434 1.29063833 1.49738741
    1.11956751 1.04643297 0.967641294 1.58922553 1.48742855 1.81881809
    1.78483808 1.4723388 1.83906579 0.865933836 1.35689104 1.47185528
    1.44728589 1.63297021 1.00559938 1.37290978 1.20425618 1.26227331
    1.59248245 1.0905323 0.840984166 1.1982758 1.22216749 1.42988563
    1.14036441 1.61294091 1.07935548 1.54065919 0.955691814 1.15517175
    1.20960605 1.83419836 1.61790895 0.898604572 1.83381939 1.0120461
    1.65622902 0.928202391 0.896122336 0.704230189 1.29845333 1.46901524
    0.74682194 1.17979348 1.4039712 1.48284709 1.18007469 1.75074565
    1.43507993 1.70390213 1.63508105 0.937511981 1.1789422 0.939136565
    1.28278804 1.31168115 1.33267605 1.54767323 1.41977417 0.895512879
    1.26788759 1.08401585 1.15259671 1.52730966 0.765722215 0.871565282
    1.03919172 1.77652693 0.888175189 1.05706692 1.28697407 1.6159451
    1.39578092 1.33990049 1.79427326 1.44581926 0.969021618 1.9073813
    1.07711172 1.42478347 1.05084801 1.27892435 1.66552198 0.924642742
    1.71768343 1.39162731 0.854344726 1.52535915 1.11368442 1.58110654
    1.65545273 1.86607754 0.994182646 1.20643044 1.63711643 1.45428073
    0.947903991 1.23503029 0.778745353 1.10083568 1.39745855 1.54958999
    1.03743792 0.93751806 0.877084851 1.27496493 0.989940464 0.934659779
    1.75658238 1.14043474 1.61305439 1.40998971 1.83568048 1.55579376
    1.80885029 1.21179748 1.30830896 1.42572951 1.30880916 1.3612808
    1.15378773 1.69191206 1.75998318 1.81264925 1.08177197 1.36498666
    0.931328654 1.15983796 1.60659647 0.822699785 1.24260867 1.73174095
    1.62161613 1.09097528 0.801560998 0.805976987 0.942652106 1.59788585
    1.51962149 1.01352549 1.00197577 1.61790621 1.57672977 0.983526349
    1.58669424 1.67595208 1.41679358 1.21262801 1.48132598 1.04912698
    0.935615182 0.942988455 1.26488757 0.930733681 1.86326265 1.6666919
    1.74419928 1.17159534 1.47192466 1.91423988 1.81627119 1.86929166
    1.66046309 1.42701089 1.4428128 1.04574335 1.25947952 1.64637709
    1.58606398 1.38282096 1.79210997 1.27756202 1.49268222 0.942256093
    0.885345042 0.928535998 0.895534992 1.85023832 1.41276252 1.74727237
    1.29465795 1.32164276 1.59761751 1.71328235 1.01397765 1.00722063
    1.73044324 1.04817045 0.952913463 1.52741885 1.73168135 1.65487158
    1.43871474 1.45446241 1.57005119 1.82932651 1.83145165 1.85242569
    1.23893189 1.59874535 1.86152482 1.17350376 1.09178317 1.87611699
    1.56761193 1.61114335 1.89324629 1.05536461 1.89633155 1.90649831
    1.3981353 1.64873338 1.20266116 0.946727276 1.71276021 1.80395949
    1.0403161 1.76869988 1.03635037 1.42683232 1.24739885 1.83267188
    1.22904837 1.63812125 1.74016118 1.54785311 1.84174931 1.7040782
    1.77216649 1.09815919 1.54706442 1.86043978 1.37731242 1.47875512
    1.47151685 1.47114587 1.73666441 0.958588779 1.53060389 1.1418004
    1.37828302 1.79228616 1.33387387 1.86026216 1.76435554 1.43193626
    1.02700591 1.89653432 1.39235389 1.67202973 1.40559459 1.4986155
    1.32189608 1.3821429 1.76873589 0.987849355 1.60243404 1.15945971
    1.10225904 1.73081362 1.11174786 1.80710256 0.952540994 1.42928064
    1.50887954 1.15151823 1.15610361 1.06194782 1.21902001 1.60334098
    1.49723411 1.27466774 1.72606373 1.13286912 1.44617307 1.71367335
    1.36767495 1.55022788 1.17874801 1.67616546 1.44136262 1.40868342
    1.30150545 1.55656779 1.08837914 1.3540144 1.15149021 1.55814385
    1.29026866 1.31550419 1.33619022 1.06717336 1.13487387 1.46421647
    1.38420427 1.24170613 1.09493911 1.26413393 1.20441699 1.47581327
    1.64831007 0.995076656 1.1531713 0.906634271 1.14540505 1.7948631
    0.880260944 1.21528471 1.62618244 1.06081069 1.07663894 1.76919913
    0.835241318 1.14157188 1.50048244 0.797577143 1.33333063 1.60313988
    1.2980423 0.853144705 0.891657293 1.08124852 1.66037703 1.77275515
    1.56284308 1.25237417 1.23307705 1.30773711 1.75152493 1.80122578
    1.37197554 1.79989934 1.71206439 1.82066393 1.56389904 1.01953828
    1.02821875 1.07430756 1.30446577 1.26277924 0.831605613 1.06349683
    0.914465189 1.57920468 1.49133074 1.19600761 1.66178954 1.31818962
    0.879646897 1.66306901 1.61738813 1.13356483 1.41939294 0.820928395
    0.836150646 1.71056962 0.92983824 1.03257084 1.05237818 1.17408848
    1.79073918 1.25895357 1.12418866 1.36765313 1.25818563 1.74437952
    1.75924826 1.21385038 1.34369707 1.31952333 1.2261976 1.63922858
    0.971974552 1.68730307 1.81967056 1.06723404 1.36953604 0.939048052
    1.59039867 1.45749199 0.863185346 1.32638144 0.927981675 1.36905348
    0.912872791 0.87883687 1.41050386 1.19768512 0.961687326 1.42938709
    1.75239789 1.67039466 1.69359648 1.1018182 1.52996707 0.841891468
    1.22281063 1.31198514 0.840227246 1.77835298 1.59534717 1.23263299
    1.40649664 0.899731159 1.66364396 0.913810015 0.980452895 1.55557323
    1.82810485 0.993924618 1.38033152 1.05385458 1.3910929 1.90051246
    1.86885428 1.72355354 1.64417267 1.32178283 1.21675646 1.37483382
    1.56922138 1.87048841 1.67543626 1.20165217 1.8751843 1.41939974
    1.5581311 1.03944862 1.70827448 1.52659094 1.53020322 1.23996878
    1.4808042 0.990690827 1.67887115 1.01005816 1.26271045 1.62603056
    1.12991059 0.952372909 0.940469384 1.48068452 0.956317008 0.97493118
    1.60614586 1.22801924 1.42235494 1.70719898 0.913797259 1.53706849
    1.31940639 0.977301359 1.07685483 1.48204362 1.43420267 1.3062706
    1.89038646 1.4579941 1.60512602 1.09491551 1.32870829 1.87451863
    1.44230139 1.88240659 1.15742922 1.34679353 1.50189424 1.68148172
    1.43089604 1.33773315 1.57490385 1.12864149 1.33947229 1.02651548
    0.850831747 1.72473037 1.60834432 1.47958565 1.24152637 1.74507284
    1.51733112 1.89898646 1.74685466 0.907736301 0.955942512 0.921246409
    0.960793853 1.69277978 1.32333863 1.77690554 1.87397206 1.81544423
    1.86032915 1.45921087 1.57633412 0.945465446 1.50205243 1.75170302
    1.33393764 1.12589085 1.645625 1.80504596 1.31821072 1.59119487
    1.89773071 1.44424462 1.36675668 1.64841294 1.81913912 1.79821861
    1.36393249 0.964618385 1.24887764 1.5749507 0.896661878 0.948671937
    1.13000453 1.56581068 1.22673571 1.81528735 1.49946153 1.4528656
    1.1026243 1.11370504 1.69351089 1.30577672 1.75208771 1.84629357
    1.27195537 1.31199574 1.07491899 1.64208269 1.32912183 1.09052598
    1.144117 1.69452095 1.39785373 1.32606637 1.07158697 1.21179581
    1.22712493 1.58487988 1.63712561 1.18023264 1.3246007 1.79274726
    1.32626677 1.21076035 1.22334421 1.39886761 1.17940533 1.24958646
    1.50611985 1.17470384 1.36712575 1.59270728 1.26138103 0.974178255
    1.79026473 0.934365869 1.46926045 1.04179573 1.42377555 1.7326206
    1.74001062 1.66711462 1.42674983 1.38429391 1.28823936 1.23682344
    1.29773247 1.6651051 1.49850929 1.43117225 1.63068116 0.962453485
    1.35219932 1.22767723 1.5230372 0.977375031 0.875148177 1.76959205
    1.45665884 1.82338727 1.63454592 1.75904131 1.89103079 1.36797845
    1.88299775 1.34978485 1.67177534 1.22563148 1.70004392 1.37681592
    1.03991795 1.71811843 1.26257265 1.55273902 1.80016637 0.903585494
    1.2894628 0.920096457 1.75954676 0.858219862 1.34696007 1.79223406
    1.62108254 0.822447598 1.30978096 0.865943551 0.987386167 1.16280115
    1.3803097 1.63307393 0.923686206 0.989939332 1.70617139 1.14333797
    1.36834586 1.49167132 1.75101662 1.046134 1.84042728 1.33328414
    1.07406008 1.31840742 1.63034773 1.28177273 1.0192709 0.936003268
    1.53108764 1.48115659 1.30007052 1.59018803 1.75050259 1.10076439
    1.79729891 0.85808295 1.02765143 0.933483124 1.54864252 1.12571514
    1.68992472 0.933701515 0.937901258 0.897070527 1.58514452
    0.870398045 1.0410068 1.40484536 1.75745106 0.850598097 1.52552319
    1.48308909 1.39677942 0.845808923 1.04375756 1.1151737 1.47234547
    0.909764767 1.53342879 1.2628727 1.16093612 0.878811002 1.69214165
    1.84075344 1.53576958 1.52574158 1.31991887 1.03230655 1.82598352
    1.74768853 1.53704357 1.16504765 1.64306402 1.08020473 1.78026378
    1.78716862 1.78587306 1.5861218 1.52135336 1.55912805 1.85726845
    1.71304262 1.66489518 1.48451102 1.47286272 1.23005211 1.84293973
    1.72218919 1.41339016 1.80158257 1.85626698 0.933871448 1.01774609
    0.894096255 0.986139834 1.45010149 1.53080082 1.14042115 1.62572265
    1.59150004 1.73523545 1.02976322 1.42544544 1.15513611 1.13001359
    1.57520545 1.71726084 1.02838945 1.49524212 1.6626296 1.7244904
    1.37455153 1.50891006 0.929884315 1.56153035 1.78194833 1.59542847
    1.19334257 0.967997611 1.35577691 1.85507691 1.0379653 1.26159763
    1.78759086 0.861221969 0.975466788 1.0589515 1.20276368 1.11585784
    1.30367243 1.74431527 1.586869 1.51592112 1.28756273 1.511801
    1.29480433 1.5041132 0.941215336 1.23586357 1.06857538 1.8609122
    1.60377431 1.09000349 1.60492516 0.918521345 1.63143086 1.08881974
    1.84179497 1.55027759 0.996969759 1.67782617 1.08869255 1.46646619
    0.927512407 1.6666435 1.36573124 1.15685797 0.976642668 1.09785116
    1.82799494 1.236781 1.7604332 1.10122466 1.44467878 0.999099195
    1.63536179 0.928549826 1.78749406 1.03326905 1.64306283 1.39486575
    1.75065267 1.41380644 1.45473301 1.21370351 0.910325766 1.52871203
    1.80209482 1.49903762 1.30663049 1.84711671 1.1097225 1.85014975
    1.31071961 1.32975292 1.60233676 1.66464698 1.22572339 1.68906474
    1.1109314 1.34986663 0.834916949 1.74478126 1.28854084 1.19579589
    1.06350458 0.999214649 1.21594727 1.36918151 1.23941553 0.978954673
    1.06189966 1.4272815 1.25837469 1.7288034 1.54338682 0.824938238
    0.974420428 0.760334134 1.38980854 1.35793436 1.53316402 1.24481606
    1.36913013 1.2719903 1.14894331 1.2536062 1.58950043 1.18030119
    0.980813086 1.54346812 1.79278564 1.48436201 0.977536559 1.12797177
    1.12629282 1.03860843 0.944355905 1.77046859 1.14205611 1.41023409
    1.17506719 1.62125969 1.06430829 1.46638978 1.03947651 1.01274133
    1.60892856 1.19975007 1.65444529 1.04514682 1.27621198 1.69138014
    1.91482306 1.53850448 1.0635761 1.36628318 0.879792452 1.08130217
    1.80389619 1.15773237 0.858502567 1.09576809 1.44564116 1.39704943
    1.21484673 1.76378167 1.32200515 1.30668831 1.77566063 1.63824117
    1.11955583 0.828667283 0.923318505 1.12278712 0.980586827
    0.904455364 1.45244515 1.09257543 1.15281618 1.29649389 1.63334119
    1.72241044 1.79868639 1.68471396 1.0707947 1.88969707 1.81287849
    1.12095225 1.18520868 0.976251125 1.56199801 0.878430963 1.46528792
    1.28569484 1.6402154 1.43025947 1.77829742 1.40950346 1.33575237
    1.73167765 1.73402882 1.75065529 1.31124496 1.70629752 1.46316707
    0.777237058 1.00451744 1.3062942 1.07525754 1.26964915 0.938831568
    1.1055398 1.46526301 1.79316926 0.995766461 1.39813983 1.49619782
    0.861056924 1.7947706 1.29559755 1.63700652 1.13141334 1.33833623
    1.37288904 1.1875701 1.61425209 1.67754269 1.61244106 0.997832477
    1.00507236 1.76763296 1.51684165 1.87472856 1.81890404 1.25221658
    1.84343767 1.50816178 1.66309059 1.79996169 1.09287763 1.02542245
    0.976680636 1.22978652 1.57478368 1.43013144 1.80418563 1.79976034
    1.4843924 1.80209363 1.69980788 0.944378853 1.12636101 1.85075188
    1.60104501 1.21472073 1.780375 1.74296236 1.37700391 1.70146084
    0.935025454 1.65033102 1.45748389 1.32144868 0.817223191 1.66636133
    1.20586085 1.66861415 0.958650887 1.32335865 1.52008188 1.79237342
    1.27547145 1.08973324 1.64836466 1.23125112 1.61807668 1.00838447
    1.22394395 1.34277248 1.58394563 1.59743905 0.982786715 1.37139964
    1.43092108 1.51707923 1.57096791 1.04334974 0.94595468 1.41730893
    0.854469121 1.75097644 1.32084155 0.893941939 1.1730454 1.02751148
    1.09593451 1.38488781 1.01154244 1.67605591 1.26315928 1.79213333
    0.993143857 1.06926405 1.16509712 1.12387848 1.0637008 1.83642864
    1.28717935 1.72400749 1.03513134 1.2660867 1.6663748 1.82463753
    1.75125623 1.79231811 1.06718683 1.00694156 1.04268229 1.21208084
    1.08674467 1.79307818 1.800861 1.88356864 1.835603 1.37198913
    1.35340106 1.90854621 1.74115551 0.950457096 1.71221793 1.81779146
    1.59841621 0.902016222 1.48297846 1.55368066 1.20677507 1.41194773
    1.70840704 1.70369291 1.29041386 1.05229282 1.16375518 1.5756079
    1.53962564 1.65904319 1.22862804 1.61550057 0.930172086 1.44362736
    1.04058921 1.18138182 1.35347557 1.48016214 0.910143435 1.14922786
    1.02890587 0.868050694 1.12912655 0.91570282 1.58678317 0.910856187
    1.47648215 0.933001935 1.67700458 1.76088786 1.14032841 1.72671628
    0.836171925 1.58715034 1.29017031 1.2129252 1.23830497 0.518836558
    0.887459993 1.47042954 1.45132971 1.15029514 1.01540852 1.30375969
    1.85104835 1.84929824 1.75942218 1.67726982 1.65137839 1.1319865
    1.78563893 1.82039988 1.54968536 0.962310731 0.879596412 0.868141592
    1.43425381 1.69912636 1.10180867 1.10959959 1.00722158 1.4296006
    1.5140425 1.29717934 0.989140272 1.50709426 0.926420867 1.66359437
    0.98385042 1.60630143 1.16795969 1.71431184 1.11749661 0.958813429
    1.44522774 1.23763597 1.27820587 1.60554361 1.07597983 1.19707704
    1.4482677 1.26805067 0.980695367 1.45505095 1.2008127 0.973518431
    0.814630508 1.32691848 1.08733761 1.15202308 1.12533605 0.996261835
    1.30603588 0.898070037 1.52358854 0.782209575 1.29753661 1.53411579
    1.675951 1.8064816 0.997219026 1.58701193 1.72848618 1.07758522
    1.46160936 1.59636402 0.897140145 1.32899034 1.82659662 0.923893571
    1.82022536 1.32021081 0.988604307 1.43589175 1.44718027 0.931393385
    0.96742183 1.85696054 1.5058161 1.28315198 1.58431542 1.00623822
    1.09376204 1.63039625 1.30496526 1.42997098 1.22940373 0.814944565
    1.14382219 1.62500072 0.819371343 1.77621949 1.03986156 1.78636324
    1.10513997 0.911041439 1.02888024 1.69250798 1.62393641 1.37078917
    1.23501968 1.05879295 1.77688205 0.873611867 1.53305805 1.53320944
    1.58578026 1.457973 0.970414162 1.04779041 1.32079482 1.4926188
    1.63375556 1.25365496 1.29427314 1.60642898 1.80512202 1.70156646
    1.03734148 1.88762081 1.59098399 1.18326771 1.14859343 1.78622127
    1.00345576 0.894661725 1.14142501 0.907636344 1.47351646 1.4548471
    1.61187744 1.49367392 1.03981888 1.60042441 1.63151312 1.13923991
    1.20115602 1.58652115 1.49128234 1.12422264 0.928662062 1.20234156
    1.42552614 1.19557965 0.883395731 0.913450241 1.19311476 1.63257194
    1.49202228 0.924690604 0.854049981 1.40708923 0.949649811 1.7628125
    1.13119102 1.7124759 1.59859765 1.03479195 1.36890697 1.18925619
    1.60424161 1.57955301 0.900498986 1.01991379 0.908622742 1.74259353
    1.60117912 1.22370219 0.981412172 1.64961851 1.08238208 1.72370803
    1.4435817 1.5726161 1.27051568 1.26117146 1.49505365 0.954462588
    1.48284221 1.56150031 1.87854195 1.52342689 1.60879338 1.5363611
    1.07559538 1.66014111 1.22104299 1.32443166 0.959270954 1.36814809
    1.04171371 1.84934771 1.43558383 1.41526556 1.4562968 1.64524734
    0.892511964 1.75901425 0.984064341 1.68838489 1.69712043 1.08844054
    1.38895929 1.00314367 1.15185571 1.3134017 1.54798031 1.8769666
    1.14821148 1.56793129 1.74760604 1.09518623 1.00721574 0.943794489
    0.847174466 1.82267296 1.81935799 1.063236 1.49410605 1.34425223
    1.00906873 0.936676443 1.54420841 0.969169617 1.31023252 1.31150723
    1.49332058 1.5841614 1.44466245 1.55086792 1.72648013 1.01201808
    0.871233702 0.981384158 1.08667707 1.66683376 1.22847199 0.954167545
    0.950020373 1.31736016 1.35368717 1.34759355 1.15416801 1.6079632
    1.68545449 1.54753411 0.841185212 1.51842535 1.3659544 0.80619669
    1.21566391 1.39555681 0.988368869 0.767534196 0.608464181 1.11160934
    1.52613223 1.15582323 1.37312746 1.55328631 1.62849379 1.41752958
    1.5189743 1.11957097 1.03653932 1.37613261 1.15108335 1.68620741
    1.66504502 1.62666118 1.76062822 1.76173973 1.63855791 1.75902784
    0.910988629 1.19021499 1.60422182 0.824999154 1.01327574 0.881057322
    0.891268134 1.395661 1.19445431 0.879133463 0.8705405 1.710899
    1.87725532 1.54472685 1.15884948 1.74921167 1.80260956 1.56179273
    0.96238488 1.47484863 1.2149545 1.80390441 0.890177131 1.44610381
    1.46202338 1.48642886 1.50381994 1.42159176 1.42120123 0.90400666
    1.25926769 0.819090009 0.93454057 1.60193229 1.39728677 1.05466008
    1.24032938 1.36256731 1.55304623 1.76648629 1.49821639 1.87396014
    1.13778126 1.69527495 1.83812642 1.51710331 1.45771015 1.72259176
    1.45981407 1.79495537 1.16607451 1.62632871 1.81452096 1.53186977
    1.63456452 1.4245609 1.44236958 1.42280805 1.09799552 1.234056
    1.39697409 1.520118 0.882285595 1.094208 0.891449153 1.49604225
    1.12712514 1.34179556 0.873364985 0.976342976 1.01594591 1.08755171
    1.3658787 1.13532186 0.975165486 1.37724042 1.297194 1.49203944
    0.989594281 1.5027051 1.75936055 1.70580626 1.08404601 0.85270977
    1.43737006 1.33997774 1.1693995 1.78398728 1.79873967 1.33622968
    1.5071069 0.866383016 1.43088531 1.83507586 1.13228023 1.30684698
    1.58962655 1.60004151 1.31592774 1.60931623 1.53973901 1.51183057
    1.21791482 1.68252194 0.901962578 1.36146593 1.43999338 0.930874646
    1.12283301 1.39503515 0.889232218 1.11460459 1.78442991 1.88643587
    1.68614423 1.65345407 1.11551428 0.927070498 1.06822252 0.91082865
    1.31803226 0.939001739 1.02838969 1.05433273 1.64482427 1.39439654
    1.29609668 1.76722276 1.29662943 1.65685725 1.03416455 0.85186404
    1.08023953 1.77187073 1.74060917 1.41462481 1.80951107 1.4534353
    1.08796477 0.984039724 0.915836096 1.58363569 1.48773181 1.60768235
    1.2983948 0.947272837 1.69761288 1.68707681 1.78344584 1.85859179
    1.39367855 1.85144448 1.17349589 1.54592705 1.43197501 1.84903085
    1.54548919 1.55539858 1.26231205 1.20825911 0.983188331 1.0086925
    1.1808753 1.49495757 1.43790817 1.67328823 0.942180812 1.83169007
    1.74590898 1.74547791 1.66527188 1.14033687 0.996816993 1.84689808
    1.8661468 1.77547288 0.876988888 1.06160295 1.68283832 1.69771886
    1.35727918 1.84956956 1.84650576 1.49216211 1.50999725 1.71901059
    1.76334274 1.76221418 1.25635159 1.49778914 1.63324082 0.999543369
    1.15623033 1.38115895 1.4115988 1.24867463 1.16842937 1.75823188
    1.2238946 1.77473938 1.03448009 1.30532897 1.48152244 1.21658838
    1.27054918 1.48593736 1.59475672 1.53929019 0.920045853 1.62982059
    1.12063634 1.312536 1.03111589 1.4485625 1.07706094 1.65039158
    1.59744775 0.918021202 1.34635341 1.12091875 1.5864923 0.970876634
    0.940514863 0.922139645 1.00964737 1.10379493 1.3327769 0.800785899
    1.68240786 1.6845963 0.867390394 1.55852473 1.00323725 0.936573029
    1.08318353 1.24253309 1.39934516 0.961808562 1.06316304 1.61354733
    0.881557405 0.946124256 1.79536951 1.64961243 1.6241715 1.24937022
    1.64958024 1.45951819 1.09933698 1.6071676 1.54366779 1.67477679
    0.979717195 1.79911256 1.04662466 1.1551249 1.59228802 1.00748539
    1.71811152 1.53005862 1.59423292 1.78323805 1.38633645 1.38046753
    1.57896423 0.845269799 1.11408114 1.19206202 1.80875266 1.43479276
    1.87971115 1.58365679 1.26894605 1.36802769 1.8189255 1.28972554
    1.34025645 1.25751531 1.45440483 1.46227288 0.954630196 1.50112927
    1.72885633 1.17160201 1.14254701 0.75495106 1.5592339 0.796973944
    1.32525527 1.30835724 0.755843639 1.03357542 0.851338744 0.851252973
    1.15963638 1.20394218 1.78840566 1.0212177 1.49646986 0.981902421
    1.48643255 1.88816679 1.31412542 1.32369113 1.54428518 1.04239607
    1.37536871 1.24436843 1.78048539 1.21210051 1.08242095 1.76194966
    1.51414239 0.884681404 1.23596048 1.29339206 1.71292007 1.22624886
    1.61032355 1.36146593 1.73095465 1.7291342 1.7704699 0.83346194
    1.32665288 0.819399416 1.3218503 0.857663214 1.54003203 1.57567346
    0.942454576 1.02416861 1.35139167 1.73496783 1.06611967 1.47986794
    1.36919904 1.50106907 1.12121987 1.69227087 1.65904415 0.951236188
    1.54998779 1.6883992 1.25435829 1.3602879 1.35560024 1.53820741
    1.31087661 0.976815104 1.86934853 1.47420716 1.66286623 1.21011317
    1.01722348 1.54918432 1.88738382 1.69032907 1.79243672 1.68819225
    1.28090966 1.07317102 1.00662243 1.32243204 1.47692502 1.81978858
    0.955439448 1.81562662 1.41100836 0.9236238 1.36708367 1.4661001
    1.54572165 1.66204858 1.31754148 1.15436709 0.992909074 1.51629817
    1.38753998 0.812583327 1.50950515 0.898954391 1.43176126 1.21299052
    1.60634732 1.58758247 0.86526531 1.431265 0.910277724 1.14228797
    1.40640509 1.23080552 1.5096066 1.13243699 0.858369112 1.52381098
    1.7420398 1.32189238 1.14796937 0.905882895 1.43128169 1.66007555
    1.25038743 1.41348553 1.52347028 0.887943089 1.34408772 1.47856283
    1.12334156 1.25308049 1.6489898 1.37080908 1.33004427 1.56207204
    1.54513741 1.83608878 1.78883874 1.79961383 1.14801168 1.69109821
    0.94857949 1.1494453 1.45232141 1.0615654 1.67732441 0.993110776
    1.74843597 1.36174524 1.6469847 1.04994202 1.11531639 1.37649107
    0.86487329 1.13788426 1.61032915 1.3422966 1.29424655 1.38623285
    1.61458647 1.31202543 1.6637522 1.37051201 1.8261348 1.23810637
    1.17310727 1.600667 1.7082094 1.51466382 1.5847981 1.81007206
    1.18640614 0.855771482 1.3949697 1.77318072 0.967767239 1.0002749
    1.52230954 1.71771693 1.59070194 1.60703003 1.24384058 1.31274319
    1.3893311 1.56324899 1.02573764 1.68552172 1.61044681 1.01605713
    1.25344121 1.21150148 1.17300928 1.64419615 0.889294744 1.5425477
    1.60755873 1.71551597 1.02319431 1.00940669 1.2755096 0.940968215
    1.27814722 1.63914311 1.20732892 0.907131135 0.805611312 1.51718736
    1.6552757 1.426736 1.38407803 0.761620641 0.982249081 1.38014007
    0.730059266 1.09404898 1.15739989 1.39497292 1.52080119 0.810243011
    1.48099351 1.13255751 1.49518609 1.48085344 1.14899838 1.68484235
    1.41123128 1.3781724 1.61338413 0.87539196 1.01157331 1.5337261
    1.58308303 1.52542222 0.852785945 1.31148815 1.62911177 1.13149559
    0.984122396 1.42378819 1.68199122 0.870487332 0.921274483 1.51755142
    1.73455107 1.09265876 1.64787281 1.8593564 0.928227425 1.41147864
    1.32274365 1.48451936 1.21156967 1.65946436 1.57363951 0.839369178
    0.957208753 1.74232423 1.45133829 1.59305489 1.12454724 0.958132565
    1.67122328 1.49584532 0.8537907 0.788575292 0.939021826 1.23063934
    1.58644783 0.943662286 1.53545249 1.52948773 1.04463398 1.47478533
    0.890634894 1.52133596 1.02845979 1.54594719 1.72862959 1.21105242
    1.48218048 1.36893106 0.915462792 0.88174051 0.879235804 1.48335576
    1.58534467 1.31965101 1.68369317 1.62057984 1.25969458 1.63785112
    1.76248455 1.30841088 1.354406 1.21800804 1.81868994 0.863373756
    1.41585267 0.874763906 0.911156654 0.990551412 1.58495808 1.51940298
    0.987353742 0.920486689 1.33760345 1.00167429 0.821448565 1.78670704
    1.01427412 1.73653805 1.42439973 1.11100805 0.848111987 1.47284901
    0.854580402 1.76986086 1.62619293 1.02580845 1.09677887 1.32909238
    1.83654892 1.71045625 1.67011118 0.880489767 1.32399321 1.34076631
    1.44376123 1.54640341 1.80271125 1.04026926 1.12605548 0.963431537
    1.54138136 1.20039511 1.15935469 0.981068313 1.8892976 1.14534903
    1.67730367 1.5405407 1.61410999 1.4692471 1.25091076 1.75938129
    1.14316738 1.13705897 1.2611053 1.77255535 1.23180676 1.80709672
    1.8276782 1.79298878 1.63700247 1.07874274 0.932627261 1.07385409
    1.34739256 1.20483422 1.21802104 1.32724953 1.38029683 1.10795927
    1.69537711 1.84604919 1.16275203 1.63644505 1.12715387 1.65239143
    0.856598258 1.28139508 1.41083288 1.19586349 1.38087392 1.77621925
    1.07410944 1.83807576 1.69336224 1.50839686 1.69346714 1.85417545
    0.994096875 1.81183958 1.70754552 0.920196533 1.2872504 1.11711061
    1.40066004 1.65657043 1.57532692 0.89212805 1.33177125 1.14379346
    1.61303532 1.25332999 1.52385437 1.06414974 1.74458718 1.28702199
    1.80190969 1.7839061 1.769225 1.87166715 1.77347779 1.69080865
    0.985719681 1.65412033 1.6095252 1.22465813 1.27336705 1.12465632
    0.955551505 1.81625044 1.04172671 1.79587591 1.68624628 1.17981362
    1.07307136 1.14546394 1.45874548 1.84910357 1.88763952 1.15416956
    1.55182827 0.975757957 1.25719464 0.979065776 1.82252038 1.1403693
    1.28116262 1.70094573 1.14076316 1.52491879 1.39181519 1.44023883
    0.872836053 1.17091715 1.26090789 0.913345277 1.5658133 1.27100468
    1.80551934 1.48467624 1.32538533 1.80310357 1.2793293 1.09458101
    1.17908442 0.909054339 1.32497346 1.33457422 0.896847069 1.11795688
    1.27650476 1.22081757 1.04468346 1.61336219 1.16718662 0.789670229
    0.914818168 1.12503254 1.60551441 1.06437898 1.38253164 0.785716116
    1.39513147 1.44602716 1.43365693 1.06700182 0.828807712 1.1543926
    1.25047076 1.5633682 1.31907809 1.27702153 1.74457228 1.5668025
    1.05866504 0.856957018 1.53774965 1.64445257 1.1140368 1.59441543
    1.30157042 1.06063843 1.56884837 1.003093 1.19653058 1.71569991
    0.835717261 0.965509236 1.27769983 0.906330287 1.28854072
    0.961249828 0.903756261 1.6535728 1.42867315 0.895536959 1.43080556
    1.30272222 1.22436047 1.25539517 1.47991014 1.70289123 1.59457111
    1.33805358 1.79315913 1.79943371 1.28039134 1.07124984 1.13402843
    1.43476701 1.28540361 1.77992272 1.59896743 0.954278111 1.07249677
    1.02520692 0.73506391 1.21372426 0.886544645 1.48383629 1.0405755
    1.40869343 1.04039562 1.68558288 1.72276127 1.87156713 1.48851728
    1.78858495 1.66743755 1.11899662 0.977153242 1.31204808 1.06074679
    1.53279424 1.20945764 1.11296868 1.28439307 1.7564342 1.32138503
    1.65685368 1.77213454 1.22022939 1.47468758 1.4254154 1.44233608
    1.38836992 1.49855864 1.20725358 0.897285163 1.76038647 1.43323183
    1.27441096 1.22386813 1.47082186 0.862748742 1.25347233 1.7005024
    1.50441325 1.43696284 1.60566735 0.930234492 1.79169667 1.60406721
    0.828176677 1.27742946 1.41527283 1.47003508 0.885497153 1.80820632
    1.44380486 1.64308596 1.75313485 1.72831774 1.3396548 1.37119365
    1.24332774 1.47667229 1.26934421 0.890386283 1.50403965 1.62420797
    1.41649783 0.988028169 0.890259206 1.0887922 1.31831133 1.63997078
    1.56451952 1.02061498 1.86442888 1.81009912 1.75414145 1.00691819
    1.63360298 1.67363787 1.69299114 1.55987513 1.12090909 0.896073461
    1.29473841 1.80193591 0.896663368 1.65087187 1.11437392 0.917746782
    0.997684181 1.69938886 1.77497625 0.994881988 1.00783134 1.29178619
    1.56076086 1.20029783 1.70762777 1.0637902 1.28123188 1.08459365
    1.04336846 1.56337821 1.19899869 1.83197141 1.48695636 1.17563832
    1.23554361 1.0047729 0.955263078 0.830537438 1.35052395 0.938495457
    1.77767229 1.66044641 1.78299487 0.892900229 1.11127901 1.02252376
    1.35120296 1.17699933 1.84688699 1.19671202 1.72371447 1.65811396
    1.75891674 1.0940361 1.7451297 1.15609384 0.935316741 1.02096808
    1.15695775 1.12709713 1.34853148 1.74132597 1.31048822 1.25197077
    1.7931937 1.71516752 1.22025883 1.43798113 1.50078237 1.19530165
    0.90549624 0.965696335 1.206267 0.983509958 1.4207499 1.4039855
    0.984253585 1.74539185 1.10411799 1.15662718 1.8654021 1.60646367
    1.53958881 1.06222188 1.33462393 1.42867887 1.2429992 0.925634921
    1.495718 1.79749835 1.06699634 1.51709855 1.66759968 1.23244166
    1.33024323 0.853314459 1.7040931 1.63457727 1.30861175 1.64950752
    0.903888583 0.907681406 1.35753882 1.44825804 1.10291815 1.40060663
    0.864445627 1.34983706 1.50188553 1.61515236 1.43056118 1.50198746
    1.34381008 1.3155899 1.00403094 1.14088523 0.867018759 1.33301401
    1.73645687 0.793106079 1.29272556 0.821063995 1.35936248 1.46231687
    1.61701512 0.889327228 1.20960593 0.76399231 1.43110943 0.793588459
    1.61876154 0.734641194 0.716394365 1.2808584 1.18253613 1.26453125
    1.13031375 1.1142602 1.19396162 0.789070785 0.961895049 0.975107253
    1.61687732 0.932645679 1.53293729 1.66652906 0.912363648 1.67622185
    1.55593622 1.1936518 1.18742001 1.42122221 1.61515856 1.75152409
    1.14773464 1.70008218 1.21078157 0.843033314 1.44429505 1.50764632
    1.13935125 1.53359795 1.34819341 1.36041033 1.57630682 0.951808691
    1.4319762 1.11845553 1.1066823 1.72918403 1.04485941 1.40566778
    1.23954499 1.26256597 1.19114137 1.35140073 0.959059358 1.77242911
    1.27403927 0.798556209 0.915879726 0.903329074 1.10206974
    0.986939371 1.32196164 0.813793182 1.51621616 1.72863805 1.09349215
    1.68273902 1.72003877 1.60883379 1.1593343 1.19340754 1.15157497
    1.87265158 1.48850405 1.72179759 1.67182064 0.867440104 1.19350767
    1.26966393 1.45388436 1.59765685 1.61253941 1.55555665 1.29545665
    1.20829988 1.78781497 1.33817947 1.55606067 1.33564103 1.58142292
    1.79593277 1.16357362 1.14290476 0.859177887 1.54053378 1.47575724
    1.55750895 0.935203135 0.831356943 1.39524782 1.1057229 1.65805697
    1.42403388 1.64279962 1.55607772 1.56082416 1.07014084 1.79758596
    1.40261912 1.1296767 0.990898073 1.20759296 1.20231223 1.12766957
    1.30375636 1.69639075 1.24853051 0.910431206 1.37565875 1.58653724
    1.07188714 1.34417081 1.19073701 1.42457807 1.70819724 1.02061307
    1.35122716 1.01424944 1.69337702 1.86788225 1.82894254 1.61377084
    1.41934788 1.53964841 1.58869004 1.41345513 1.49430501 1.81197917
    1.04228044 1.22001958 1.86083055 1.13270736 1.54512298 1.1224426
    1.69138229 1.1683116 1.41420174 1.11304057 1.63757169 1.01077521
    0.979930758 1.29525459 1.30687141 1.57189596 1.28746367 1.741593
    1.35397804 1.53364062 1.68463361 1.3777498 1.60631919 1.70145619
    1.09135199 1.29846084 1.4464606 1.34508932 1.55669391 1.09910882
    1.7301681 1.67668211 0.855875194 1.02850747 1.68604708 1.1692822
    1.50319922 1.50467479 1.07974267 1.05275106 1.38470519 1.61280131
    1.35965502 1.80651104 1.36478496 1.20263875 1.07668412 1.12706161
    0.853863776 1.06398785 0.809749186 1.03150749 1.21179426 1.50771332
    1.62817538 1.79809582 1.371454 1.61472797 0.929304421 1.62391973
    1.33032632 0.87895602 1.40257967 1.12803495 1.6140523 1.21596479
    1.23032403 1.66325057 1.18714082 1.29019547 0.8501876 1.71751666
    1.37318528 0.996913791 1.69426274 1.88692427 1.58935261 1.28744531
    1.56035125 1.71117318 1.07726777 1.31135404 1.50959718 0.906118035
    1.50153077 1.21839595 1.49335086 1.77582455 0.979800224 0.993396163
    1.06233919 1.05599654 1.42854083 1.58111238 1.3672502 0.85411495
    1.44895077 0.874481797 1.63721597 1.14435041 0.935214102 1.37613595
    0.874862313 1.64737892 1.48948848 1.6009903 0.995963216 1.20369112
    1.80204284 1.1833607 1.07008815 1.37934017 1.22406292 0.964630961
    1.17571771 1.59548521 1.71385801 1.14210463 1.60745847 1.14731848
    0.907875776 0.853309214 1.00954938 0.768109322 1.36252832 1.37303853
    0.722938299 0.481823355 0.534967184 0.671871781 0.893753171
    0.732739389 0.880162537 1.29171693 1.3002646 1.03282499 1.31637359
    1.04977036 0.878841937 1.75882339 1.57684624 1.35566115 0.830520034
    1.08895254 1.70028913 1.68364406 1.12737823 1.61847973 1.53632605
    1.02093363 0.843103051 1.3502326 1.28988647 1.39495218 1.4434669
    1.7525562 1.25812292 1.22066033 1.35923719 1.1611917 1.3665446
    1.07706285 1.6977818 1.61334658 1.84767425 1.49402153 1.71574771
    1.32185674 0.974873722 0.854914427 1.02412939 1.07526314 1.17729843
    1.18569779 1.29774284 1.32734418 1.07658172 1.17429101 1.09568954
    1.37215638 1.45442045 1.02805376 1.01626062 1.61852884 1.61449754
    1.88553989 1.14454329 1.77910805 1.49624217 1.50222766 1.59600961
    1.84843135 1.23478496 0.98651886 1.11776006 1.2582159 1.74381018
    0.897914529 1.02898014 1.47621405 1.45652831 1.19578719 1.04242659
    1.5276705 1.79735982 1.02442789 0.938005984 1.24959481 1.30851352
    1.43064094 1.49557292 1.64518356 0.853446603 1.42343366 1.71923959
    1.16425109 1.37179601 1.62826824 0.810783744 1.04810154 1.02769899
    0.99378854 0.873264909 1.20333111 1.58924973 1.32095206 1.57826817
    1.24501801 1.20973742 1.48922551 1.61382496 1.15467215 0.879163623
    1.64477134 1.57915092 1.36947322 1.67711663 1.60813856 1.67947996
    1.13343585 0.907490551 0.901450098 1.39878643 1.10345268 1.32370758
    1.55318356 0.993052363 1.56941485 1.59297907 1.13630593 1.56376016
    1.8540448 1.40698862 1.56404746 1.48286402 1.83021998 1.11261523
    1.09449506 1.36655974 1.39804029 1.40622747 1.22815239 1.83640885
    1.57474029 1.6482656 0.994935989 0.937260032 1.18381894 1.26963091
    0.879057109 1.72961938 1.47023022 0.83481878 1.74465525 1.61009812
    0.830345869 0.949931383 0.96864146 1.36946213 1.56836498 1.54904211
    1.63324285 1.5106256 1.41460609 1.13758886 1.26660812 1.62202632
    1.05865264 1.30281723 1.12490642 1.64561164 1.39470339 1.51867318
    0.897086382 1.14371204 1.26783931 1.81352544 1.65408134 1.01697373
    1.23748779 1.56272852 1.59035528 1.21780849 1.44143116 1.11597359
    0.870143294 1.51808441 1.70974112 1.16474211 1.02501726 0.939351916
    1.45698035 1.23982537 0.98101294 1.39773083 1.02030814 1.50396001
    1.72652841 1.62499785 0.854701042 0.899641335 1.5775075 1.29997146
    0.929218054 1.81182826 1.66425049 1.27905965 1.36831415 1.32449555
    0.887315094 1.58304334 1.05741763 1.67832601 1.6698575 1.39036787
    1.46319437 1.84545612 1.79858863 1.5695827 1.04160726 0.926260412
    0.9180516 1.02998376 1.09518445 0.875362694 1.40073025 1.37819028
    1.82965958 1.34140491 1.77279627 1.40721393 1.77755582 1.42682004
    1.08141589 1.22637403 0.83446002 1.1370858 1.17969739 1.28314948
    1.10620117 1.63692963 1.06967568 1.56387711 1.72494721 1.60801888
    1.19626307 1.7005049 1.42310262 1.78010404 1.44371212 1.62903953
    0.958157122 1.17786479 1.06390703 1.19660318 1.37739348 1.10525155
    1.36100781 1.09148026 1.19726956 1.3300997 1.52750504 1.49892735
    0.937802315 1.01313663 0.611880839 0.815921485 0.834448874
    1.26444352 1.03123116 1.59643352 1.15310383 1.22929084 0.879330814
    1.25717056 1.344504 1.64542985 1.19148552 0.83952409 1.20748281
    1.51779115 1.00084507 1.67836916 1.38711154 1.04691684 1.38379371
    1.51579392 0.793228805 1.37106001 1.03584683 1.00344265 1.69567668
    1.05663836 1.10727108 1.48232806 1.03710127 1.00009012 0.843909502
    1.27594638 1.50866449 0.872394264 1.02930605 1.55143595 1.57638896
    0.989483535 1.23933506 1.07735062 0.887180924 1.65210247 1.6956408
    1.02526402 1.63000011 1.63691556 1.15755534 0.957162321 0.820438802
    1.79378712 1.17650962 1.70976388 1.20665145 1.49576604 1.71444106
    0.935778379 1.75744402 1.80794084 0.976421118 0.961176991 1.32193244
    1.50495374 1.06408143 1.18285394 1.13205016 1.31652451 1.45014012
    1.58098495 0.888451636 1.31798184 1.85905695 1.79952407 1.05319357
    1.46291435 0.938373983 1.00031304 1.52526832 1.48712933 1.01990747
    1.70781052 1.68474972 1.35788727 1.05842531 1.17871428 1.20166194
    0.849990845 1.37273562 1.44724262 0.809699476 1.64788389 1.46933138
    0.822397888 1.78422308 1.20466757 1.11298084 1.03151774 1.30809999
    1.32684815 1.67034757 1.0032407 0.94600004 1.49962902 1.1887424
    0.958276808 1.08195877 1.09471798 1.37188208 1.72891331 1.71259093
    1.48468828 1.71003377 0.880758703 1.15639687 1.85836196 1.42731321
    1.09333014 0.908498585 1.62715316 1.84512866 1.11354733 1.62342358
    1.43221629 1.56092346 1.02675867 1.49993002 1.00091767 1.26828504
    1.23702836 1.25455296 1.26525211 1.82577443 1.13988245 1.22516942
    1.63581848 1.67150843 1.6537689 0.971589863 1.37351441 1.32431185
    0.872070134 1.0591352 0.805036604 1.00809634 1.49080205 1.20421064
    1.5973618 1.57631183 1.6431489 1.59309375 1.60246325 1.81323302
    1.76012731 0.899324954 1.52457869 1.45829201 1.33020782 1.24046004
    1.72292054 1.10430086 1.23289108 1.65358758 0.92053622 1.71038747
    1.5719521 1.78951371 1.69478858 1.38000739 1.33710837 1.59006059
    1.82261527 1.61130786 0.915634274 1.01156509 1.07674551 0.78571564
    1.05339718 1.46780276 1.18285394 1.4393661 0.96003437 0.939126432
    1.02274179 1.40918005 1.30459535 1.85908604 1.79391658 1.26859307
    1.13819146 1.23483002 1.58907151 1.02977443 1.41193938 1.1834569
    1.26699102 1.39226151 1.43003619 1.59357345 1.28685176 1.17819083
    1.57417119 0.930595636 1.82996929 1.40555692 1.39723027 1.784953
    1.05275393 1.10984135 1.04686773 0.932006717 1.39910269 1.03327692
    0.994908154 1.56753671 0.864756644 1.49569058 1.80161321 1.24820673
    0.994490206 1.03098321 0.910801947 0.886434555 1.41984355 1.46444345
    1.71021712 1.1355021 0.985535622 1.21113205 1.396626 1.75161731
    0.912701368 1.24966502 1.14315557 1.25085938 1.53765571 1.19395757
    1.50469387 1.59967947 1.34897459 1.61586547 1.64448321 1.41151929
    1.54159319 1.20521283 1.16839325 1.11853242 1.2501781 0.740357339
    0.981823504 1.39012158 0.74134326 0.640296757 0.843670249 1.27050841
    1.15127742 0.917552829 1.02415705 0.92405802 0.929960072 1.13582277
    1.60185397 1.13267934 1.09173298 1.35755217 1.7830404 1.60913253
    1.06585228 0.873831749 1.75107539 1.03139544 1.66798043 0.873738766
    1.65116596 0.873148978 1.60851455 1.1928432 1.33266664 0.819953799
    0.781199396 1.5662061 0.813513637 1.11040413 1.40945446 1.50931311
    1.17444503 0.827632189 1.34555578 1.48455715 1.45614314 1.35492086
    1.06454325 1.34306788 0.947519362 1.25048923 1.76542878 1.06496847
    1.03645325 1.05088353 1.48310578 1.4770813 1.49085951 1.44748592
    0.878210008 0.885413826 1.03932035 0.844721019 1.57698894 1.5207175
    0.910767734 1.78028798 1.40303457 1.59871757 1.46641839 0.905453146
    1.11471868 1.82109499 1.62940347 1.45422137 1.44112885 1.78459287
    0.897800028 1.60332251 1.56422925 1.77097988 1.22229707 1.41279268
    1.2614522 1.58451819 1.57469749 1.78673553 1.32826829 1.64946115
    1.48575795 1.39941788 1.03781188 0.909224093 1.41614163 1.23737693
    0.884614944 1.24665451 1.24208426 1.65870714 0.921784699 0.841769397
    1.77089345 1.55858147 1.17673671 1.75536478 1.23523819 1.16090703
    1.41576004 1.02113736 1.17477894 1.02702868 0.81197983 1.27270293
    1.50639617 1.16927445 1.34150505 0.866224468 1.09654677 1.50307643
    1.85305583 1.75480127 1.28771186 1.74057078 1.50137603 1.73090422
    1.25583017 1.69721818 1.27528775 1.78099501 1.68573153 1.89292669
    1.14416957 1.47442508 1.72584343 1.56781447 1.1983515 0.905486405
    1.22838891 1.24077785 1.65457833 1.69470346 1.08604181 1.37043357
    1.7918663 1.52658772 0.862294495 1.26124918 1.47798133 0.907969177
    1.3634702 1.4730196 1.11156023 1.42258322 1.02888322 1.32619774
    0.867694914 1.54532254 1.17381978 1.37140679 1.43532944 0.984276712
    1.55172133 1.46618104 1.45388246 1.68396103 0.961868048 1.24189126
    1.07371461 1.59480965 1.71336031 1.28384006 1.61175656 1.21644044
    1.03844798 1.85301769 1.07716966 1.72923207 1.71621621 1.18810666
    1.37846267 1.56520152 1.63475049 0.900972247 1.31511176 1.33588493
    1.08077073 1.7074405 0.94180268 0.889061213 1.45813763 1.47913408
    1.78124332 1.70733428 0.939199567 1.20692337 1.48622751 1.67589998
    0.974758565 1.40343285 0.905376196 1.51766264 0.938335598 1.67600155
    1.42841768 1.01716471 1.27418387 1.06895459 1.62556422 1.63873947
    1.81104147 1.35641861 1.22860301 1.48664677 1.67802906 1.36854935
    1.4337393 0.93502754 1.18663597 1.64260232 0.923047841 1.09132612
    1.59149218 1.68036139 0.865199566 0.827502072 0.876190901 1.43597186
    1.75975382 1.55377805 1.70921862 1.12894809 1.12774885 1.34665358
    1.63618648 1.37834823 1.00271833 1.68036997 1.42607951 0.937553942
    1.73761833 1.27088726 1.35023737 1.04206586 1.50458443 1.37167943
    1.30214357 1.37010598 1.15680802 1.57719588 1.38826776 1.14296222
    1.18129575 1.26001525 1.69011772 0.926940084 1.23084438 1.42798567
    0.862714469 1.68824649 0.741006494 1.34520543 1.41151881 1.00899982
    1.14988744 1.25115156 0.766480327 1.09838748 1.0738641 0.876583815
    1.40596294 0.741602659 1.40591335 1.72896683 1.30266774 1.03870523
    0.961044908 0.950526655 1.76408815 1.38863921 1.10672617 0.838724077
    1.17163491 0.955097437 0.873091459 1.79046667 1.21596372 1.76553547
    1.77297819 0.973169923 0.814251482 1.33930111 1.57730854 1.51476967
    1.45163989 0.933338225 0.772698224 0.864216506 0.823752463
    1.54703569 1.67728519 1.65120947 1.32583964 1.12968314 1.01325285
    0.940393806 1.51581287 0.949649692 0.838896453 1.67108345
    0.911709905 0.884434879 1.57512176 1.51739347 1.30257154 1.50935578
    1.53625607 1.67325544 0.855758369 1.56779647 1.76448452 1.47344708
    1.15239167 1.43824589 0.889274657 1.72232032 0.926326573 1.13727927
    1.69453287 1.68670714 1.70677102 1.47391689 1.42500067 1.61017549
    1.78332412 0.952523291 1.14138067 1.09050298 1.77585411 1.08722293
    1.71501601 0.847713709 0.989648819 1.04299319 0.92662394 1.39911652
    1.48905408 1.41732371 1.59472656 0.953902662 1.16028738 1.12758398
    1.42802167 1.35337913 1.66672981 1.51347637 1.74716592 1.2945987
    1.22670019 1.29319179 1.23642695 1.2054342 1.21962738 0.997656524
    1.22375774 1.48548138 0.835350096 1.34888363 1.70368719 1.35750937
    0.903218508 1.03560364 1.58930755 1.53116059 0.972073257 1.15119922
    1.35327029 1.36457682 1.61300087 1.67209625 1.32505178 1.71757889
    0.980091691 1.74359822 1.14437091 1.4161371 1.46555293 0.90546459
    0.959139347 1.35958767 1.72713077 1.32509136 1.27269185 1.77775276
    1.00201964 1.53308511 1.25235951 1.41130364 1.00163293 1.2498877
    1.46621633 1.01440418 0.897164702 1.61267543 1.56943679 1.50150764
    1.79966068 1.06606781 1.21305394 1.46132874 0.971445262 0.808768034
    0.857222021 1.13149881 0.976245582 1.65861785 0.949940801
    0.917150915 1.59923983 1.40965867 1.25421798 1.84682345 1.06254578
    1.73562801 1.08994675 0.872373879 1.29468036 1.38291395 0.957058012
    1.65266669 1.4839735 1.59366071 1.7898699 1.00658703 1.63853538
    1.13872373 1.86155033 1.19191992 0.898213923 1.50579417 1.32589662
    0.977322698 1.47578943 1.1282655 1.60429609 1.66436899 1.08089733
    1.4531399 1.41703498 0.844616055 0.94271034 1.43669438 1.55990195
    1.68487525 1.49134934 1.46963847 1.40213513 1.75380599 0.958765507
    1.23985279 1.25133765 1.36252952 1.56037354 1.29237056 1.27082229
    1.80801642 0.961718738 1.04521251 1.51760054 1.17743862 1.23519421
    0.899882793 1.09387338 0.963843346 1.12850714 1.31936288 1.42536271
    1.72697961 1.3179425 1.61135483 1.39652801 1.18535221 1.52308202
    1.62471867 1.11094797 1.16997635 0.925389886 1.49878752 1.85725808
    1.83376968 1.84934354 1.16002691 1.6742934 1.34593618 1.05946231
    1.74172544 1.66296458 1.18470073 1.30973816 1.19665515 1.76897991
    1.17418349 1.41822004 1.30806351 1.55492198 1.22358477 1.27405024
    1.39391017 0.870938659 1.50557816 0.846472979 1.37909138 1.12943912
    0.895392776 1.60584056 0.77186054 1.24414754 1.65245581 1.37880242
    0.745600343 0.890967727 1.1359725 1.26157987 0.485402852 0.830898345
    1.32421577 0.985380471 0.764921367 1.64220321 0.973713219
    0.934906125 1.56600571 1.01001799 1.10424626 0.999390244 1.68365502
    1.77269697 1.60412097 0.980025232 0.918937743 1.1035974 1.13365054
    1.2600255 1.31410539 1.06765866 1.15747476 1.29113162 0.799596012
    1.47958517 1.51898897 1.38234723 0.878626227 1.13624501 1.04252183
    0.815425754 1.54306245 1.34648359 1.73607004 1.38713479 0.880731285
    1.04148638 1.80316556 0.856143355 1.56852603 1.40135813 1.71417415
    1.18436575 1.28687119 1.75961506 1.75630581 1.03482842 1.73597372
    1.04779768 1.27578235 1.64625096 1.02209055 1.45593178 1.00297177
    1.58731413 1.5752871 1.81604552 1.74770916 1.21118414 1.72720289
    1.41102934 1.75090289 1.61848414 1.60687947 1.29652011 0.917763352
    1.58207238 1.43999231 0.900219381 0.930509388 0.95415163 1.64238906
    0.893979073 1.26082218 1.46828187 0.950910866 1.10405529 1.69982612
    1.58803177 1.38504744 1.60797453 1.14178503 1.72641432 0.886190653
    1.72724485 1.20420265 1.65629637 0.996900737 1.77141893 1.41672766
    1.30166316 1.44329894 1.50422394 0.81597358 1.7806952 1.42070997
    1.13325584 1.17761266 1.00492966 1.05625236 1.48206806 1.15459347
    1.39802122 1.61284351 1.11033845 0.927671671 1.58534086 1.82110906
    1.57516921 1.04752588 1.1325779 1.62451863 1.21129489 1.66805768
    1.6442399 1.88116515 1.28596461 1.67296612 0.964728296 1.71565568
    1.62369645 1.80017424 1.559062 1.31911433 1.822896 1.20069051
    1.19140255 1.14982939 1.77369797 1.40772891 1.13767159 1.17095697
    1.60734177 0.840084314 1.18955386 1.07862437 1.74407637 1.80729699
    1.58157933 1.78859305 1.73546791 1.10362899 1.42950618 1.58616006
    1.0362339 1.45719981 1.05404055 1.05608439 1.24230361 1.13346875
    0.979776025 1.05091214 1.75515437 1.81594217 1.06612217 0.863764524
    0.932905078 1.6260308 1.61763036 1.06912243 1.07509947 1.59106231
    1.76348507 0.940000474 1.8690443 1.75974131 1.58298695 0.938408554
    1.5360465 1.3267411 0.98717922 0.921989083 1.42297542 1.17051399
    0.792797208 1.21503162 1.20477414 1.73304856 1.64100552 1.01691556
    0.811498523 0.952095032 0.827652276 1.71502149 1.82104671 1.40910864
    1.47356033 1.09745371 1.45746458 1.03617632 0.978268206 1.34395206
    1.42585957 1.19208169 1.06067669 1.15828121 1.56875384 1.84713197
    1.17143178 1.47398472 1.60817909 0.975756109 1.27029872 1.2428627
    1.29427302 0.80357337 1.17449546 1.33227456 1.4981674 1.26946628
    0.937270284 0.822822928 1.13826823 1.27748024 1.58217216 1.1204915
    1.05614793 1.69711149 1.13354373 1.88227582 1.5793016 1.80766416
    1.26268446 1.25293648 1.13007438 1.35406721 1.63131869 1.58622766
    0.935631037 1.66457307 0.990577221 1.10377192 1.08075821 1.10951209
    1.46954834 1.50345099 1.01317894 1.76038182 1.79951835 1.65627968
    1.08947527 1.645473 1.75429964 0.929076433 1.11509871 0.90277189
    0.821758389 1.73850596 1.02029848 1.02516043 1.07737088 0.75308001
    0.938707471 1.48890996 1.42168224 0.68540746 1.46336055 0.763682306
    1.32383072 1.47691262 1.77418804 1.77044356 1.7446171 1.24713516
    1.66579735 1.74303722 1.03251505 1.45325434 1.4430759 1.31958151
    0.979841113 1.15322554 1.61423826 1.30397677 1.19703221 1.27596724
    1.39853072 1.17750132 0.977955937 0.801771045 0.976494253
    0.830276728 1.7428112 1.10899544 1.00395823 0.923909485 0.876145005
    0.908128381 1.39047217 1.77976942 1.72839093 1.46201181 0.920216858
    1.6963917 1.17535496 1.51554799 1.52976823 1.15357018 1.00153434
    1.25136793 1.456267 0.963763118 1.15736473 1.41975248 1.31237125
    1.67302966 1.09873998 1.52760208 1.50058877 1.8562907 1.53588212
    1.22255337 1.0868541 1.45951629 1.54450941 1.81250596 1.29192579
    0.87124157 0.911229908 1.65472889 1.43688202 0.943534315 1.26508105
    0.788357973 1.41307676 0.828312874 0.924154341 1.62501037 0.89571631
    1.53355181 0.995295882 1.8531065 0.919610858 1.26486683 1.72366047
    1.18633735 1.62644076 1.39302874 1.57969141 1.68888271 1.3591845
    1.78876495 1.55913734 1.59901011 1.29257131 1.18449414 1.19706488
    1.1869992 1.11126161 1.27615976 1.00084507 1.49566519 0.906107068
    1.45606697 0.983967364 1.11222982 1.66566586 1.78382516 0.911692619
    1.23917043 1.33884656 1.50457394 1.53113925 1.0612042 1.61134994
    1.01809895 1.06738079 0.888561308 1.73821437 1.6330502 1.75881839
    1.29603899 1.19951761 1.83436871 1.41036737 1.4706918 1.35010886
    1.80538905 1.27222466 0.94336766 1.83136415 1.43889892 1.67803049
    1.46998036 1.02636111 1.34472728 1.53514361 1.29886639 1.55923128
    0.98693943 1.14414716 1.28402793 1.3275423 0.915799797 0.980455458
    1.73609531 1.55538726 1.08207738 1.70564651 1.20659041 1.23240507
    1.39123917 1.32758296 1.648929 1.02896655 1.34317994 1.12959468
    1.38073802 1.08590126 1.36322439 1.74398148 1.58008003 1.72545028
    1.36186886 1.26017439 1.77872467 0.928208351 1.42428231 1.37050402
    1.71644795 1.31230652 1.51807261 1.72579777 0.892162561 1.82863152
    1.20145571 1.27726102 1.6738559 1.47325826 1.09020317 0.945383251
    0.953351021 0.843234241 1.42767191 1.41658759 1.55863929 1.70115113
    1.09185505 1.24694073 1.1670568 1.37101352 1.52597749 1.00211918
    1.2579515 1.57491481 1.64356732 1.78903365 1.27474606 1.61264992
    1.82902443 1.07016444 1.02848446 1.70903087 1.29023314 1.48835981
    1.79357851 1.07765043 0.962722421 1.4797008 1.01095152 1.62125278
    1.06774414 0.921510637 1.21229255 0.973132014 1.00023949 1.53374636
    0.863650262 1.62301457 1.25934362 0.845323324 1.48694289 1.78283286
    1.7285974 1.41736424 1.33879232 1.90603757 1.61837471 1.00446999
    1.56503284 1.09574974 1.29576492 0.976544797 1.579548 1.14371824
    1.76375389 0.929465771 1.42672253 1.08484805 1.03940845 1.57054365
    0.961292922 1.27110457 1.46968496 1.17870307 1.68672395 0.906469345
    1.72489035 1.41771662 0.880755186 1.31763911 1.36315346 0.989631414
    1.29734051 1.41217911 1.04795146 1.47357965 0.782246351 0.965248346
    0.905113637 0.689940691 1.34075212 1.38302267 0.913843811 1.60189152
    1.29244125 1.73156714 1.63872397 1.01623428 1.42141879 1.34555733
    1.86531699 1.54633737 1.29268515 1.66579902 0.874018073 1.63911617
    0.805351198 1.14637423 0.919488549 1.25905216 0.990324676 1.71064746
    1.03350937 1.21646571 1.54511404 1.07751846 1.37828255 0.837533832
    1.45544076 0.889364481 1.60482156 1.05187535 1.48318923 1.17004609
    1.22069466 1.17464709 1.67080498 1.39513791 1.5941118 1.76143146
    1.67749703 1.07587326 1.48810983 1.74827981 1.07331848 1.83407044
    1.40902245 1.34053242 0.957556605 1.34948754 1.41092384 1.26882327
    1.66013432 1.18688011 1.07388973 1.39910448 1.12796533 1.31874371
    1.03679478 1.14243424 0.869129717 0.891999185 1.68851888 1.43545914
    1.10267925 1.78250873 0.994956255 0.935256898 1.14149725 1.02188671
    1.07809114 1.06959641 1.26794183 1.72582853 1.6781131 1.05985737
    1.66592622 1.50105417 0.990695298 1.30499911 1.53454852 1.55925202
    1.1104157 1.34693253 1.45705771 1.5313369 1.02084422 1.41753507
    1.2338326 1.79912901 1.60477352 1.73299372 0.875090182 1.28872502
    1.17485225 1.71634459 1.79593146 1.02530527 1.2708329 1.79755747
    1.4866786 0.871694386 1.38064039 1.0259552 0.869662762 1.77062333
    1.20386076 1.07627535 0.995866895 1.17487693 1.01675749 1.82205546
    0.992047846 1.12769389 1.46568561 1.79899287 1.07369602 1.42572844
    1.04619288 1.00362682 1.83818948 1.09317398 1.05819917 1.63041735
    1.70963562 1.85193527 1.23245943 1.75635636 1.70052183 1.25329459
    1.63845932 1.49241197 1.22337413 1.15994191 1.35227144 1.01436353
    1.10877979 1.43540335 0.979802907 1.62669575 1.83136797 1.68327904
    1.53930485 1.24350142 1.82213461 1.60853446 1.26807892 1.61136937
    1.36280799 0.872060478 0.895263433 1.09745908 1.56453013 1.2932229
    0.88490957 1.52540576 1.3111589 1.66226399 1.63163435 1.77383184
    1.69649661 1.12948382 0.96372956 1.40014553 1.770311 1.38686991
    1.39974678 1.29923797 1.03235865 1.71851528 0.961809218 1.04951072
    1.73266947 1.14617467 1.46220303 1.53528285 0.830817163 1.18980038
    0.844414592 0.991645455 1.64914441 1.28051353 1.1792109 1.56073821
    0.938292146 1.0566901 1.39130557 1.47328484 1.56326163 1.16710329
    1.12875044 0.887545288 1.15981817 1.74097288 1.21972871 1.71599889
    1.28518033 1.83069599 1.36962497 1.37498724 0.999322474 0.88316673
    1.79075897 1.72374916 1.39585614 1.00369537 1.76224029 1.31250465
    0.892012954 1.56881857 0.872378826 1.31793952 0.980269194
    0.901851416 1.21610451 1.62542498 1.16751456 1.11888671 1.40155995
    1.11155236 1.60444438 1.63121903 1.65437174 1.57382298 1.64833367
    1.66419446 1.04543483 1.44042099 1.3474797 1.00250006 1.18867445
    0.968697369 1.33526635 0.870035291 0.895763695 1.02719617 1.26624775
    1.4685421 1.13686514 1.70884597 0.987090409 1.33003402 1.4084878
    1.82958424 1.26954937 1.26634502 1.36416161 0.864534736 1.43674147
    1.15907586 0.889225185 1.56226408 1.3714751 1.14598596 0.706400037
    0.733607411 1.0907402 0.906654477 0.671586871 1.6084007 1.17178166
    1.6927247 0.817909181 1.37349176 1.53908944 1.53160441 1.27520394
    1.82633817 1.30317318 1.55856466 1.74451172 1.02542186 1.01818776
    1.28855073 1.80061352 1.55584371 1.71549463 1.06121063 1.6602664
    1.18920195 1.41063333 1.44493842 1.43989193 0.926051378 1.70145059
    1.01236892 1.05000079 1.25884092 1.05812275 1.05890954 1.57306445
    1.5828563 1.86695802 1.2455641 0.940239131 1.45707452 1.61640882
    1.13563335 1.62819004 1.40289223 1.53366613 1.37047517 1.10796249
    1.87983465 1.05962932 1.15483463 1.39859211 1.21963537 0.904587984
    1.8299576 1.1335113 1.70102656 1.84023035 1.26708007 1.1146276
    1.71111619 1.05870771 1.46390712 1.38077545 0.821393192 0.935899675
    1.15961647 1.64825785 1.06984627 0.932013273 1.50072384 1.38808107
    1.12498343 1.73371291 1.30051517 1.51099348 1.8096813 1.61901605
    1.43852568 1.1188612 1.84542871 1.32447791 1.78381431 1.03416872
    1.42627954 1.37560081 1.13265204 1.59858751 1.19860876 1.19867182
    1.1498307 1.80554533 1.71628785 1.3169148 0.868190944 1.44961369
    1.10492849 0.907198727 1.24665546 1.25356531 1.25397217 1.61495686
    1.18262494 1.15664244 1.52917612 1.67577028 1.25047982 1.39123642
    0.870342553 1.78136992 0.928443551 1.65827096 1.60007811 1.58658886
    1.65933073 1.7004354 1.54539347 1.53761828 1.74366486 1.48432779
    1.10050941 1.78681362 1.81537259 1.77067268 1.4839772 1.42957902
    1.27309334 1.77412641 1.49778998 1.38396871 1.49300039 1.22395301
    1.10017478 1.1517756 0.988949478 0.875703335 1.17851973 1.75665593
    1.35900974 1.36197269 1.60314488 0.949076772 1.51103377 0.964755535
    1.13786471 1.1286844 1.83556497 1.29591608 1.21577036 0.814407289
    1.75159109 0.974787772 0.779118299 0.835798383 0.830322385
    1.26835406 1.59748328 1.82074845 0.95458293 1.75488639 1.14055383
    1.18097389 1.22636962 1.08147264 1.56214666 1.50466561 1.14384735
    1.01610136 1.23106098 0.940284193 0.922847509 1.75355339 0.805422723
    1.59129739 1.58268714 0.922612309 1.58213758 0.872918665 1.74871862
    1.73708093 1.09432411 1.04641747 1.06198847 1.30716813 0.826035142
    1.52923858 1.74101126 1.46867871 1.51220584 1.06256628 1.74344277
    0.889893472 0.839092612 0.964649081 1.58390141 0.867026925
    1.29960358 1.41542494 1.7641927 1.02762711 1.30045366 1.62708771
    1.60935056 1.72314572 0.926678061 1.49970782 1.60128605 1.25925529
    1.37810588 0.786856294 1.24257779 1.47798216 1.66455925 0.924294949
    1.29374754 1.07218313 1.31050324 1.20157635 1.14605236 1.18953884
    1.40187943 1.71854758 1.03868163 1.48612809 1.86686611 1.91727293
    1.06315982 1.23594439 1.3231461 1.39902461 1.81929982 1.58687723
    1.46281016 1.08610511 1.74782741 1.28581583 1.21119702 1.46195352
    1.58526695 1.10830903 1.59081113 1.49063849 1.35785854 1.40529013
    1.72157049 0.856210828 1.29783309 1.17345524 1.32708979 0.992067814
    1.26554441 1.40098536 1.40540278 0.704271257 1.36507797 1.05385232
    0.963225186 0.913219333 0.46617347 1.08578789 0.899118423 1.51411986
    0.999990225 0.871733606 1.21089375 1.45505428 1.58950746 1.07362199
    1.39850175 1.68018854 1.6329695 0.86875695 1.16223359 0.858506143
    1.10057378 1.06002343 1.61793029 1.06524289 1.04145622 1.56669331
    1.00156426 1.83459449 1.22824991 1.41713595 1.42389774 0.883078158
    1.28153992 1.6256144 1.78335941 0.861958563 1.39204133 1.74365866
    1.47947145 1.03770328 1.61960149 1.36688471 1.56693351 1.6043576
    1.39454889 1.7167058 1.40583587 1.68301177 1.71932578 1.49839187
    1.04181552 1.73022997 1.85470259 1.10042787 1.82713091 0.961629868
    1.14150059 1.24497294 1.59268534 1.49018049 1.33787143 1.42619431
    0.940866768 0.871870756 1.64767945 1.05506539 0.827496409 1.71421599
    1.20988476 1.54294133 1.21753919 1.04766607 1.49280393 1.28861499
    1.10698676 1.84912705 1.85995173 1.61283314 0.920574605 1.90537536
    1.5718497 1.13876724 1.57946336 1.16888773 1.03524041 0.918587923
    1.22885346 1.51987302 1.58582878 1.00641608 1.66440129 1.68508148
    1.42194438 1.41621518 1.47024202 1.50109494 1.06243086 1.3276397
    1.61327863 1.30509436 1.26964319 0.935616136 1.32042658 1.62662113
    1.29550064 1.56419611 1.28997803 1.03594446 0.853016436 1.75134337
    0.876203716 1.3955183 1.79955256 1.31745398 0.996642053 0.944267273
    1.55197465 1.42988729 1.45089757 1.08129203 1.35580778 1.03174722
    1.59115219 1.67533016 1.39202201 1.77371383 1.66789532 1.05698752
    0.934449136 1.8802911 1.32185996 1.29431379 0.885281861 0.938797772
    1.8021611 1.4957881 1.21750379 1.12427032 1.56468201 1.23221672
    1.77900112 1.29763949 1.57430398 1.15573132 1.55275548 1.66364348
    1.15283477 1.87690639 1.43223155 1.37554395 1.46793258 1.01558292
    1.04762053 1.59904826 1.32248139 0.820071995 1.56227839 0.824712336
    1.27891314 1.80079019 1.3909117 1.19546986 0.910395324 0.916070223
    1.35194755 1.82103622 1.30676401 1.46273208 1.44549322 1.60249722
    1.64180923 1.41946638 1.46538043 0.829359472 0.928417504 1.61412895
    0.993279457 1.42860341 1.51901579 1.21755314 1.73961985 1.55884755
    0.944239676 1.29749179 1.14380538 0.885116398 1.27976239 1.56189406
    1.46705699 1.08350432 1.12162793 1.03014863 1.47924638 1.6253593
    0.93540585 1.10091877 1.50126684 1.25547552 1.25485218 1.67578995
    1.63193965 1.2442522 0.982309282 1.20786083 1.66137385 1.12884188
    1.23567688 1.24747968 1.12179852 0.826909244 1.58928561 1.25919843
    1.02248847 0.837604523 1.00606501 1.29326558 1.38025534 1.02558875
    1.1170361 1.38337803 1.41088188 1.02521265 1.28935885 1.90336001
    1.89061975 1.86142409 1.69532454 1.78639615 1.91300786 1.83694124
    1.67074072 1.03093302 1.76240385 1.81853282 1.73733532 0.946411014
    0.956830263 0.771138787 1.00796163 0.846915245 0.995813727
    0.877253532 0.968192279 1.74582195 1.32995629 1.24831247 1.03912747
    1.04771709 1.79570258 1.7604959 1.01002443 1.78276026 1.06850612
    1.28874183 0.795776904 0.705582976 1.21488392 1.17907774 0.855468929
    0.601256073 0.662984669 1.21157444 1.40056527 0.852476418
    0.901974201 1.42785311 1.03136969 1.66763163 1.63034356 1.68671978
    0.934577882 1.37115037 1.74831641 1.06146002 1.41063344 1.5617193
    1.30309737 1.63095593 1.77456081 1.36835134 1.74823165 1.09996533
    1.50087428 1.77836061 1.3819201 0.896432459 1.39973366 1.21592116
    0.826001108 1.1711117 1.32816875 0.954411209 1.16861343 1.49953806
    1.63085294 1.71371245 1.36847305 1.29388702 1.57677865 1.01363266
    1.70221806 1.78900635 0.999412596 1.59362233 1.87269676 1.45004976
    1.90331841 1.25229323 1.07830834 1.64747429 1.22256851 1.3394227
    1.0848552 1.30073345 1.24759078 1.73215449 1.78902781 1.61940753
    1.27981818 1.08919322 1.0049032 1.42781222 1.29469383 1.28721821
    1.35872114 1.03681159 1.35976338 1.04230571 1.5939635 1.85276437
    1.23131967 1.4567827 1.47469127 0.994025111 1.72329915 1.86792183
    1.81225169 1.12230337 1.72602904 1.78182054 1.15596187 1.15203512
    1.50912309 1.34092152 1.77840829 1.46618664 1.75658035 1.2069751
    1.88100243 0.964247704 0.991331637 1.23448515 1.58139527 0.888907373
    1.75608921 1.55441678 1.4842155 1.07935143 0.929430544 1.38659227
    1.01200497 1.83681226 1.60834622 0.86144042 1.31967473 1.315359
    1.23097157 1.28472912 0.937039852 1.51066768 1.41419876 1.20685148
    1.66376054 1.56773698 1.41450739 1.78059983 1.4678812 1.24253798
    0.979462028 1.44350111 1.87536597 1.87587094 1.92076147 1.08380568
    1.76709652 1.4199965 1.01847672 1.46947277 1.17360103 1.5596503
    0.963959694 1.02363634 0.993728936 1.15282238 0.930323839 1.25392878
    0.961108088 0.99204284 1.46465063 1.09705126 1.76168644 0.909408689
    1.42952406 1.67269695 1.51904631 1.84769452 1.1042031 1.40160728
    0.989961147 1.41720009 0.821833014 0.906112969 1.77065527 1.33395326
    1.67935193 1.31397033 1.70577145 1.73413301 0.920859873 1.84250903
    1.38785589 1.31032956 1.58541954 1.06110609 1.14032984 1.00739348
    0.853130877 1.16710782 1.77688861 1.70646024 0.959138453 0.983730078
    1.72324169 0.849660456 0.957740784 1.32398748 0.939697325 1.24269283
    1.22518933 1.38880897 1.48964214 1.35420358 1.4471972 1.7915976
    0.950206399 1.39755571 1.72748709 1.72438765 1.77857673 1.58021104
    1.72971451 1.42577124 1.73397672 0.872116089 1.10403597 1.71544504
    1.77378166 1.80997241 1.46550441 1.58696342 1.65690506 1.33418667
    0.974641562 0.829811394 1.30818343 1.57073379 1.52395606 0.874667764
    1.50731754 1.18467343 0.793040991 1.59995759 1.02848053 0.843504369
    1.7810837 1.66369724 1.44405365 1.54171085 1.6471144 1.9067055
    1.80883217 1.55258632 1.84198201 1.67906177 1.8743695 1.40872836
    1.84690785 0.965138912 1.79737139 1.78837848 1.60225272 1.56328952
    1.18953276 1.22221386 1.25421929 1.15122569 0.813635468 1.75140691
    1.5214951 1.22542191 1.24520171 1.26660335 1.1571871 1.28385222
    1.77050769 0.829328835 1.80663764 0.892294943 1.13774323 1.20593619
    1.65488577 1.52010214 1.24623573 0.646143794 0.740569711 0.648576617
    0.590624988 0.932336926 0.604238093 0.914999485 1.29395807
    1.18472302 0.821783304 1.27040458 1.17272162 1.62427127 1.35785317
    1.51711929 1.23845756 1.71075296 1.33707774 1.72902811 1.12465167
    1.76482785 1.23369968 1.45733631 1.84328306 1.697142 1.79571772
    1.69594753 1.54962611 1.67055416 1.14867461 1.77477908 1.63892615
    0.868629038 1.75848186 0.938076735 1.09700239 1.41933215 1.63230729
    1.75109553 1.29052901 1.32137239 1.07634532 1.07920778 1.48501921
    1.2416662 0.976975918 1.88375902 1.7324872 1.62300909 1.60282719
    1.78595066 1.00919437 1.50483274 1.66560388 1.57304645 1.72913146
    1.15841258 1.2488153 1.04238784 1.09815502 1.79795647 1.63098824
    1.09951723 1.71631694 0.813402891 0.98510623 1.6280781 0.849540532
    0.906039655 1.43878198 1.68216991 1.27420664 1.44699442 1.19853234
    1.39336872 1.74244022 1.45295358 1.53512025 1.34992123 1.34420717
    1.13701856 1.14060271 1.2652986 1.58294189 1.68072367 1.01413953
    1.83598495 1.30969334 1.76837766 1.26578259 1.85683763 1.80085552
    1.67907047 1.86715508 1.11123633 1.56066477 1.53308547 1.51367366
    1.09409118 0.993385553 1.58340561 1.12433553 1.02601039 1.6496737
    1.72886527 1.63569999 1.18671107 1.34564078 1.55047464 0.955961406
    0.910530031 1.42221224 1.14515471 1.24902403 1.18877184 1.45089555
    0.848589659 1.60553682 1.20178854 1.3921926 0.975752711 1.4558593
    0.939447045 1.61675811 1.64708841 0.947156608 1.26122534 1.1437459
    1.8378123 1.19752514 1.14386511 1.56083882 1.58017468 1.05945039
    1.05103958 1.73069727 0.819682181 1.30934167 1.40566993 0.873276293
    1.06650376 1.14895523 1.60246158 1.29749596 1.56324887 1.78382158
    1.11433351 1.03429663 0.993958652 1.15697765 1.25806201 1.78774917
    1.2939688 0.855017781 1.49723446 0.889603257 0.803432643 0.91750443
    1.48170924 1.15632653 1.45273876 1.26264465 1.30332172 1.62015224
    1.34117055 1.57539296 0.818193853 1.33487546 1.06881332 1.19985664
    1.17814505 1.03200781 1.25815833 1.16416991 1.20673704 1.351143
    1.66810441 1.32924545 0.814936817 1.5248611 1.39303303 1.47912776
    0.914061308 1.51804972 0.81036973 1.16391051 0.910485685 1.00069809
    1.36335635 1.51616311 1.67403507 1.66097236 1.36377084 1.08560061
    1.01573586 1.18167138 0.958938837 1.12430549 0.897363961 1.20345402
    1.09511602 1.09162176 1.26114774 0.874351084 1.06333745 1.43347502
    1.23651588 1.67116904 1.61203969 1.22733343 0.935101628 1.0335182
    1.43005776 1.21993566 1.12355268 1.76996088 1.79716635 1.40091169
    1.51114297 1.38179529 1.09252381 1.26110363 1.76955128 1.04070258
    1.34875202 1.08996844 1.83940935 1.33448088 1.54470766 1.308689
    1.10633039 1.65221977 1.61624289 1.25557446 1.39176404 0.770071626
    0.94895798 0.789193928 1.57132459 1.53284204 1.31293821 1.57817221
    1.01280499 1.16007757 1.58480179 1.01926208 1.62479937 1.34708977
    1.50604558 1.80713642 0.862478435 1.11661959 1.73824728 1.71293294
    0.990163863 1.34568083 1.3489517 1.22211087 0.431117654 0.595732987
    1.09014094 0.95251435 0.725556135 1.26373792 1.62556398 1.50661898
    1.4634763 1.77402568 0.846871734 1.78858137 1.55055141 1.51851916
    1.20231938 1.68699598 1.76303232 1.34614205 1.2771318 1.07072151
    1.59230924 1.8221823 1.8593303 1.34526765 1.29454875 0.883459151
    1.3224206 1.19792652 1.73685682 1.77455711 1.11583161 0.987738788
    1.30318844 1.62191129 1.0777812 1.02194715 1.70616543 1.13715625
    1.44339049 1.58991778 0.923431695 0.903812528 0.921749771 1.61472356
    1.90622067 1.1955533 1.68987072 1.82174706 1.11603618 1.18844044
    1.88656139 0.969509959 1.6295265 1.39726818 1.7185725 1.29203522
    1.81180751 1.50831568 1.2747395 1.16569018 1.12448549 1.16323209
    1.36411822 1.74139071 1.27792001 1.70216072 1.60861599 1.17554164
    0.963452935 1.45645761 1.35979915 1.12488794 1.83172262 1.04354882
    1.54446399 1.87021995 1.29711747 1.84419119 1.20354152 1.06790721
    1.71445024 1.03614926 1.07228434 1.8782599 1.27886999 1.82637239
    1.31149137 0.965918779 1.56985605 1.39263427 1.08559382 1.79612577
    1.59857011 1.80132973 0.916198969 1.58394814 1.50728607 1.75099587
    1.80579996 1.44061506 1.36233366 1.03325307 1.66264236 1.59031045
    1.03194869 1.66320765 1.37311661 1.44852602 1.02454925 1.37366593
    0.915296257 1.56932342 1.21571612 0.891659081 1.20371127 1.43617582
    1.12522936 1.17876077 1.87774658 1.42510056 1.84063113 1.75935411
    1.09352195 1.588853 1.18662524 1.31593454 1.43515933 1.25965834
    1.7965343 1.20440161 1.06622458 1.49577737 1.55524421 1.51889765
    0.923055768 1.74739957 1.66112578 1.03255832 1.30320728 1.28743887
    1.05169952 1.6398139 1.71682131 1.73251164 1.8656075 1.3777684
    1.61212361 1.57284069 1.06922042 1.66699123 1.20333016 1.14126933
    1.3225286 1.20045722 0.861593664 0.88059777 1.76469219 1.35246313
    1.03113043 1.49167347 1.67881966 0.962112784 1.01011646 1.73357248
    1.33959281 1.49912727 1.31343603 1.17674315 1.69438314 1.29735661
    0.775313675 0.945428193 1.38052511 1.72554553 1.11989677 1.22099602
    1.79511535 1.01600671 0.812995076 1.31094551 1.60443294 1.34746635
    0.823019862 1.19578934 1.4807626 1.25651181 1.37066686 1.32083476
    1.87715149 1.76910794 1.4053905 1.3005681 1.23069549 1.37789905
    1.39418983 1.10366178 1.48905241 1.69154608 1.74669719 1.28344619
    1.70035577 1.64574635 1.63357985 1.758847 1.35277355 0.889245689
    1.52354944 1.19203103 1.71687913 0.989916801 1.08934081 1.48075926
    1.25761676 1.21985865 1.75317776 1.39203584 1.30641639 1.59369218
    1.75680959 1.48723674 0.936406016 1.18426096 1.13668501 1.67891872
    1.17696512 1.04425192 0.936715722 1.0486263 1.62928057 1.28542078
    1.78695643 1.07475698 1.06937301 1.35269225 0.942598462 1.42084873
    1.17268968 1.3385365 1.32250941 1.77125204 1.2906065 1.71732402
    1.36918736 1.61574686 1.1124928 1.27273738 1.40154874 1.52824366
    1.33987808 0.864527941 1.630409 0.857558727 1.38287807 0.865425944
    0.860193729 0.606609583 0.451120913 1.38535404 1.02462566 1.06124985
    0.930448055 1.48034799 0.760526896 0.927275896 1.42721105 1.17084801
    0.942865074 1.12951505 1.22605848 1.37666547 1.67034113 1.12740481
    1.67889988 1.83503318 1.63432062 1.31744659 1.48735797 1.89919794
    1.40858769 0.996224523 1.41925919 1.09120274 1.4481262 1.62169588
    1.62025392 1.77494323 1.77485073 0.992392004 1.10894644 1.2184068
    0.85571897 1.12638175 1.06771231 1.67047012 0.854106665 1.55239701
    0.984882414 1.52237904 1.5885123 1.75849676 1.0396291 0.942091882
    1.89828467 1.47983611 1.85156381 1.89969122 1.88674092 1.79916537
    1.54949462 1.86185741 1.30203044 1.60330582 1.10307622 1.15735114
    1.37718153 1.1145798 1.25291693 0.926092684 1.73749721 1.28519392
    1.12127757 1.55477524 1.02104652 1.63357162 1.64732027 1.886114
    1.54037094 1.75591254 1.20880461 1.86329412 1.35853815 1.15307105
    1.17705584 1.60862768 1.63674974 1.59917486 0.896015227 1.29836345
    1.00432539 1.53669393 1.83222687 1.39647758 1.68839204 1.2795372
    0.952369094 1.03952086 1.01684868 1.27493703 1.34944999 1.51358521
    1.22164655 0.899059832 1.67590714 1.46515775 1.80655456 1.59825301
    1.57770455 1.04783988 1.13538623 1.45561612 1.61810589 1.02918065
    1.33896971 0.843883395 1.75938618 1.65660131 1.4986794 1.1819495
    0.924723625 0.833144963 1.31704831 1.46872914 1.12982893 1.8686173
    1.22400856 1.6685909 1.25331235 1.84844625 1.87275207 1.49690485
    1.71126807 1.78123558 1.45014954 1.62584794 1.48452497 1.32501578
    0.983195782 1.65526927 1.40559304 1.54581738 1.52146852 1.40308452
    1.50707603 1.24074626 1.80208325 0.958230615 1.03913569 1.05340183
    1.36890566 1.18699181 1.34206164 1.39584303 1.62352443 1.29628217
    1.02158391 1.80551052 1.78307056 1.70114231 1.09834647 0.806380391
    1.51920283 1.18723285 0.864781857 0.913986266 1.39704931 1.55604947
    1.54352653 1.7722044 0.843394756 1.08204973 1.38997746 1.45026278
    1.30521178 1.49030066 0.784904897 0.892435253 1.74109328 1.10654104
    1.50075352 1.1717062 0.905523956 1.72881818 0.948564827 1.61952841
    1.46183729 1.10862207 0.902870774 1.53734326 1.1362747 1.33741093
    1.74781203 0.938388169 1.32637048 1.81513023 1.45529151 1.07233822
    1.21064663 1.36751258 1.80209816 1.11647904 1.61342371 1.08200574
    0.906138062 0.983760774 1.09420681 1.58104229 1.70130861 0.913649976
    0.843299866 1.05338573 1.63756144 1.76945376 1.5495621 1.46939635
    1.46539199 1.59492111 1.27374053 1.23436379 0.868356645 0.841801047
    1.23505604 0.929641366 1.27013838 1.63311315 1.7598691 1.85528421
    1.8977623 1.85382915 0.93580085 1.56180191 1.78937769 1.43877518
    0.959711552 1.71566725 0.877161264 1.39196515 1.58927596 1.04142582
    1.48605943 1.34540737 1.20001853 1.09539354 0.796491683 0.779505372
    0.920947194 1.54831541 1.44918275 1.56798053 1.43105888 1.67635274
    1.26259983 1.4750613 1.68556046 1.09440589 1.03335607 0.790415645
    0.820851505 0.815634012 0.705527425 1.47305179 0.67213124
    0.615425825 1.16610849 1.05623019 0.941546023 1.09762704 0.889790773
    1.43026352 1.03283381 1.43455255 0.864019871 1.05688262 1.00416112
    1.09913564 1.53283381 0.954918087 1.39053452 1.24108112 1.16206121
    1.25761151 1.40391338 1.18655157 1.50313103 1.0848273 1.64776504
    1.36665714 1.05848539 0.905283511 1.71888065 1.21697605 1.60507441
    0.888774574 1.83882189 0.928591192 0.936848521 1.71069121 1.73226094
    1.09039211 1.14800775 1.76548123 1.38256049 1.12377954 1.16605067
    1.59308851 0.991676092 1.78063166 1.71763003 1.91355729 1.15610242
    1.01316142 1.42708135 1.63132524 0.957304358 1.7745254 1.40445292
    1.56210637 0.931716323 1.10022807 1.60137606 1.06189799 1.60802746
    1.6861701 1.54071581 1.79082501 1.23884666 1.3879261 1.00758362
    1.80229735 1.19061494 1.82955289 1.78305519 1.00453019 1.81519556
    1.81054223 1.62148607 1.62391424 1.67083073 1.85648239 1.19314957
    1.5053041 1.51001215 1.69798851 1.52153254 1.60420048 1.42311513
    1.29045129 1.4647609 1.69247711 1.14316738 1.30645037 1.35212576
    1.59014893 0.940089107 1.19810033 1.1866051 1.39039469 1.12256789
    1.74094272 1.12179863 1.48232889 1.84636438 1.3118571 1.90852475
    1.82986581 1.0237391 1.43884969 1.78010857 1.70951653 1.14982045
    1.25323021 1.5663141 1.14763749 1.60723901 1.21889365 1.33091247
    1.61860859 0.941326141 1.17684543 0.92755723 1.8021065 1.75216579
    1.34447646 1.84413755 1.81405115 1.36204767 1.31891215 1.75465286
    1.66505826 1.64892948 1.14126301 1.1776371 1.61539555 1.03703761
    0.954144359 1.35874188 1.62035573 1.70656466 1.30133569 1.33091259
    1.21456254 1.20466387 1.60714686 1.3695668 1.6724 1.69602418
    1.30193222 1.46750844 1.16778982 1.83134258 1.3300463 1.80962133
    0.914922655 1.20854187 1.8317045 0.924624801 1.71209371 1.05351222
    1.61247253 0.962951839 1.57011724 1.75823474 0.877688468 1.09156454
    1.38732862 1.74200225 0.8636778 0.931452215 1.20535994 0.738615274
    1.3382858 0.770111501 1.03268087 1.46815658 1.05098665 1.00951838
    1.31687999 1.20581591 1.28738666 0.817427754 1.49096799 1.34157407
    1.79405642 1.63547182 1.21499467 1.34517419 1.7778461 1.28433156
    1.3319447 1.01595402 1.40970874 1.04741216 1.75407004 1.610865
    1.03879011 1.81032157 1.39639187 1.55055749 1.32480454 1.59794474
    1.2987833 1.45931089 1.66059816 1.37399828 1.25382388 1.59378731
    0.86029911 0.91853559 1.0007441 0.863845587 1.32151222 1.65867758
    1.43636334 1.80714905 1.80794823 0.963516355 1.36363959 1.38032997
    1.38493681 1.20847523 1.50874817 1.7790904 1.80929732 1.47756267
    1.46192181 1.03065801 1.86768603 1.42433846 1.25736284 0.936703384
    1.65952837 1.39641464 1.19073188 1.38302708 1.13885474 0.849269688
    1.24733198 0.860711813 0.849754274 0.835100412 1.52285314
    0.852442145 0.971404254 1.43742311 1.29441035 0.887609959
    0.930956066 1.82773983 1.67814875 1.81758344 1.66893589 0.964155734
    0.949162126 1.28555667 1.24600029 1.39303017 0.815130234 1.11878896
    1.18607819 1.12852848 0.723548412 0.716813624 1.40632594 0.979271591
    0.834000945 0.773561776 1.51220453 1.60208261 0.886379659 1.78075874
    0.958754957 1.32838976 1.77508843 1.82403362 1.16387773 1.52119339
    1.44933009 1.3697933 1.57233632 1.76170564 1.1548568 1.78397655
    1.57978296 1.05272377 1.32665324 1.68268836 1.73363769 1.1884042
    1.8569442 1.14230907 1.22597122 1.80585384 1.43394458 0.926653206
    0.880074561 1.07670963 1.73243499 0.960297167 1.19598985 1.58912158
    1.17488718 1.82038474 1.70418096 1.04252815 1.31548905 1.58826542
    1.6311729 1.80017722 1.4665817 1.58325887 0.908873498 1.76189053
    1.08353484 0.883761406 1.09810615 0.960053205 1.41724968 1.36180758
    0.990380645 1.44354427 1.56860137 1.55755806 1.89976966 1.13167572
    1.40744627 1.41570079 1.79474306 1.64428306 1.45369327 1.22170675
    1.86215532 1.06408918 1.62650156 1.70007074 0.938016534 1.79839325
    1.13571 1.10404706 1.76554203 0.906256318 1.52900791 1.48496139
    0.934046149 1.09820676 1.18317676 1.01409423 1.62296712 1.53312075
    1.06171048 0.858089924 1.80235064 1.20050871 1.27407885 1.00988626
    1.65262914 1.58283281 1.84478474 1.33550751 1.42767513 1.32809806
    1.69703591 1.59556496 1.80316341 1.44678056 1.08257854 1.43729854
    1.46527755 1.47053301 1.3175 1.2150172 1.3817004 0.860764325
    1.16729295 1.64774418 1.19005883 1.6167686 1.33804607 1.60849595
    1.62301362 1.6429652 1.12133682 1.22055209 1.20358801 1.37088346
    1.67225492 1.14603412 0.994615853 1.68820083 0.976657271 1.78460419
    1.80651677 1.19661522 1.18939734 1.27900815 0.968107343 1.15065575
    1.43573058 1.70703518 1.7689122 1.29882479 1.79601777 1.50445139
    1.02765954 1.43820739 1.39955771 1.52437949 0.896660924 1.8567369
    1.81225491 1.5805558 1.41112173 1.23362672 1.59088671 0.875213146
    1.30271649 1.38463819 1.25824428 0.901915848 1.02834606 1.55984449
    1.02820921 1.06563342 1.51724315 1.16597414 1.07197165 0.766695857
    0.792552114 1.04935861 1.33382165 1.22747397 0.887646437 1.57129145
    1.4760921 1.53942144 1.67680383 1.55272627 1.60883892 1.03276443
    1.69065785 1.04633284 1.69458079 0.945911527 1.5471946 1.40497231
    1.48144591 1.59097636 1.17833245 1.74837708 0.974305272 1.5889895
    1.82380617 1.04674864 1.37841785 0.945953965 1.5913161 1.73121965
    1.61782467 1.14583302 1.26992607 1.60151649 0.908963919 1.30674326
    1.56721306 1.02186322 0.826323807 0.896807492 1.8243959 1.79777992
    1.48856449 1.42325926 1.6499294 1.29842818 1.47388458 1.49812353
    1.36728466 1.20730722 1.46347642 0.972472847 0.870086372 1.42947567
    1.07121551 1.56896234 1.52291179 1.05960357 1.49898326 1.31137455
    1.54702365 1.6515348 1.72156024 0.889770508 0.795651913 1.30837572
    1.06653404 0.721029222 0.794108272 1.51060557 1.37339365 1.33825529
    0.872273803 1.66274512 1.31296861 1.00649571 1.43248832 1.3060205
    1.23510504 0.908201277 0.98509407 0.886330307 1.45547235 1.50222993
    1.37299991 0.925821424 1.51156366 1.44240463 0.781990826 0.694083989
    1.0396713 1.39924157 1.55736935 0.656460941 1.0914489 1.20865953
    1.10262609 1.21613109 1.7031225 1.72890127 1.21788073 0.9122473
    1.77173913 1.00174069 1.28684199 1.48692966 1.65009749 1.68223631
    1.2463733 1.50645125 1.69698274 1.113361 1.2248795 1.56134689
    0.890005529 1.25850844 1.26942611 1.86406648 1.37775636 1.63650608
    1.18274653 1.09580112 1.02878082 1.26532447 0.987792194 0.985313177
    1.74677014 0.886355162 1.66927826 1.67692304 1.46736884 1.8330729
    1.37123048 1.07256651 1.15350723 1.84065843 1.36348176 1.08650243
    1.83125353 1.28787529 1.45480335 1.22721219 1.72395194 1.30217528
    1.28179681 1.29853261 1.28808713 0.871160865 0.833000243 0.887901783
    0.961483181 1.82221198 1.14895296 1.70638406 1.79105961 1.21497691
    1.63118434 1.55650544 1.47932982 1.2097286 1.54163122 1.05895662
    1.27043152 1.13586998 1.72198939 1.57703376 1.67524707 1.53312695
    1.39142227 1.68502378 1.55988014 1.61665678 1.67958105 1.3178122
    1.0114162 1.80098939 1.46555912 1.80702066 1.20148218 1.81240141
    1.66516721 1.23079407 1.04020751 1.41910017 1.40534103 1.03256977
    1.84518218 1.58736408 1.22374201 1.18632853 1.51985562 1.64571452
    1.8933754 0.907828271 1.27629304 1.23202848 1.26040912 1.11748946
    0.824487627 1.34404016 1.12182307 1.33391964 1.0704428 1.3782351
    1.78220308 1.60042 1.39424324 1.35045159 1.52489793 1.71193218
    1.20087337 1.00870872 1.2077384 1.82624555 1.82490253 1.06419206
    1.11877239 1.65081739 1.72690642 1.58506119 1.8112216 1.64752579
    1.51222718 1.38705432 1.59414756 1.68047357 1.04348552 1.06572509
    1.18479347 1.73498511 1.75991046 1.04496109 1.39819705 1.75318193
    1.8164531 1.2247535 0.916218281 1.46016264 0.986299574 1.7375809
    1.15635991 1.14735854 1.70517981 1.31035614 1.58249485 0.91143322
    1.70353699 1.18537617 1.18695915 1.56235683 1.34322655 0.805751979
    1.54412782 0.782508969 0.854819953 1.04426348 1.0829072 1.0109272
    1.16467273 1.12141502 1.41010153 1.08576119 1.10532129 0.827944756
    1.1207478 0.999252081 1.0379982 1.46298921 0.810246468 1.39614987
    1.4617579 1.31944835 1.69525588 1.77001929 1.30690956 1.52549636
    1.55360007 1.84722388 1.54506803 1.87777174 1.07911527 1.6519289
    1.74378228 1.56451857 1.43439233 1.04263985 1.74793541 1.30969679
    1.78192878 1.46376526 1.13105381 0.926266253 1.14054561 1.39806807
    1.7735188 1.15266347 1.17226005 1.21551096 1.42996812 1.54830396
    1.55044889 1.23647404 0.973445356 1.02384222 1.12519896 1.37834263
    1.32009041 1.55168414 1.29384732 1.27921581 1.26115894 1.72200739
    1.26617384 1.29909408 1.43156981 1.65662646 0.902555704 1.08933592
    0.948352814 0.927739799 1.29565048 0.933142364 1.19249642 1.48989069
    0.960746109 1.16402006 1.26415181 0.957398176 1.0384022 1.74015534
    0.874801457 1.35912585 1.55699646 1.54449904 0.860935926 1.63599038
    1.26497293 1.01470375 0.883790791 1.73964357 0.994759679 1.32770574
    0.794838667 1.01371193 1.53413987 0.522940993 0.446926504
    0.608972132 1.08405042 0.78949219 1.08457315 1.03203988 0.920078099
    1.05574739 1.25375044 1.40138876 1.80005622 0.923461497 1.51180899
    1.01488495 1.80525076 1.49705112 0.88113755 1.33379972 1.67644417
    1.04283273 0.96058017 1.55779696 1.68295538 1.34727395 1.80795419
    1.40812624 1.10761702 1.73660755 0.930277109 1.52198422 1.77215075
    1.40736616 1.4223305 1.58376539 1.07688141 1.41750097 1.0986501
    1.82970643 1.56353688 0.930110574 1.88268399 1.55045819 1.35496545
    1.87136424 1.66888034 0.95947361 1.57679987 1.21420467 1.23453569
    1.0368799 1.63256574 1.37223268 1.32323802 1.58906114 1.77351725
    1.09742284 1.16041493 1.24180198 1.7382251 1.05283165 1.84210134
    1.32569051 1.79788423 1.85695982 1.62549675 1.41476321 1.9369576
    1.82176363 1.09647727 1.06822479 1.59218442 1.16055453 1.32489526
    1.46425986 1.77722907 0.890972614 1.05033588 1.16528273 1.27207541
    1.20258856 1.36346972 1.7693727 1.75526202 0.898758113 0.861439764
    1.26386094 1.41546285 1.68361187 1.53560317 0.850014687 0.984612107
    1.48654997 1.14090407 1.54870856 1.08593035 1.83659649 1.39842284
    1.31878889 1.38953626 0.960836291 1.74208224 1.89910626 1.79371643
    1.41794229 1.73241138 1.16154122 1.3051945 0.840468884 1.26715708
    1.6369127 1.77508533 1.74753249 1.42459249 1.04500568 1.05317974
    1.79563057 1.79987288 1.07266068 1.55571961 0.957132638 1.58096826
    0.977739513 1.18555415 0.895341277 1.76887643 1.27277696 1.29848325
    1.72667181 1.5574652 1.74214184 1.78781056 1.14981067 1.00513113
    1.78693306 1.81004536 1.18090272 1.52991164 1.73356068 1.2860533
    1.52869821 1.33078325 1.60771835 1.85970712 1.67397439 1.20151317
    1.11104965 1.79763138 1.64183688 1.50604069 0.885681927 1.40838921
    1.03187168 1.52960646 1.80045736 1.21867824 1.33220637 0.827808678
    1.27933085 0.890705943 1.51224291 1.11195993 1.21082532 0.958580136
    1.08631337 1.347404 0.780078948 1.46737134 1.59674692 1.19899404
    1.44046223 1.28115499 1.70622456 0.824068248 0.820520759 1.37134075
    0.93743819 1.17357731 1.54297996 1.09918153 1.03645635 1.78025353
    1.48088944 1.15393198 1.33207166 1.40163505 1.35633063 1.26592696
    1.7417047 1.38954282 1.5887351 1.05162561 1.39990044 1.49622798
    1.49545789 1.32790482 1.36123097 1.11470616 1.51563573 0.816116214
    1.53940141 0.983988881 0.793767095 0.956437349 1.19144797 1.21483076
    1.02428651 1.17425072 1.16156507 1.14659607 1.08704996 1.64798796
    1.15367019 0.877692282 1.77691269 1.0669086 1.56386638 1.27837598
    1.0618881 1.03596377 1.25202274 0.897098184 1.61828828 1.75152886
    1.06687999 1.77964091 1.04690719 1.82988775 1.39657903 1.10516047
    1.28390372 1.26656258 0.935532451 1.15755951 1.38912904 1.5788424
    1.04596806 1.7224884 0.992838204 1.04377913 1.10980999 0.881041884
    0.916975915 1.6870091 1.25513875 1.19101775 1.31297886 1.12791872
    1.07656276 1.46203995 1.10409594 1.56186736 0.911209881 1.65055323
    1.21385467 0.94300282 1.29337907 1.40344477 1.01406229 0.659980953
    1.05820882 0.943870544 0.858441174 1.07196343 1.528795 1.70355904
    1.07146347 1.75087714 1.86943448 1.16374075 1.23061883 1.03171241
    1.1315397 0.917801142 1.25645638 1.74035144 1.45658863 1.56354964
    1.78945279 1.37685537 1.19608986 1.5754782 1.66611755 1.62493825
    1.47181845 1.46591353 1.50478292 1.43239391 1.77880049 0.941693664
    1.14397562 1.16426384 1.33432293 1.70141184 1.51218283 1.59474659
    1.43291712 1.57078266 1.13768542 1.88545799 1.73500061 1.87544644
    1.39772749 1.39186871 1.66114104 1.78933787 0.889033377 1.17230392
    1.4441644 1.70290947 1.31592429 0.954784334 1.38495946 0.806340992
    1.50774777 1.73200917 1.22150254 1.71852636 1.24851942 1.90558338
    1.63482893 1.77371752 1.91139781 1.16067529 1.69874847 1.66586304
    1.41269326 1.39898312 1.07194877 0.922683835 1.53309453 1.1566081
    0.966824949 0.922532797 1.77117884 1.0802381 1.60294318 0.988865137
    1.21464217 1.65070379 1.15940356 1.07257831 1.3875556 1.08466363
    0.900067508 0.813534558 0.912090063 1.661286 1.76891136 1.43960416
    1.12270582 1.73845983 1.6000421 1.47732317 1.61920214 1.45183563
    1.07475185 1.8276999 1.57497513 1.6578666 1.20743442 0.865262985
    1.04380131 1.04782915 0.81684202 1.22128808 1.26821411 0.992370486
    1.77800667 1.71681607 1.61694384 1.1117965 1.6735065 1.64943898
    0.997487843 1.14112186 1.58880258 1.04117775 1.1538142 1.24746394
    1.1386292 1.57840788 1.12509406 1.87020719 1.64625335 1.78731298
    1.70758307 1.57650959 1.45308316 0.874038398 1.74970603 1.75079501
    1.27433491 1.04737604 1.39558458 0.990001082 1.47905338 0.868593633
    1.20329881 1.11777163 1.26090145 1.68215263 1.33523571 1.76269329
    0.898737252 1.14409769 1.65846527 1.24606597 1.659006 1.76571548
    1.34927619 1.41875732 1.8143121 1.09401894 1.23976052 1.73424613
    1.15603471 1.04713774 1.59462082 0.973930776 1.5357753 1.7222271
    1.62770891 0.897391319 0.88982594 1.47973549 1.08974624 1.4166249
    0.874772966 1.10686481 0.87235415 1.7267791 1.22156763 1.47700489
    0.773913443 1.08224225 1.63517129 1.3650912 1.39552975 1.4283247
    1.17827237 1.46896088 0.995275736 1.26486504 1.27031708 1.8033632
    1.67747188 1.66889751 1.65188563 1.25953746 1.7570262 1.61407149
    1.13239527 1.15488517 0.828276336 1.58504975 1.28540027 0.953719139
    1.58452392 0.770180404 1.03484488 1.76154983 1.40994978 1.64891994
    1.3581419 1.78518999 1.73628044 1.71486211 1.03305101 1.35869551
    1.28420258 1.68676043 1.4662087 1.42589045 0.956742764 1.35958493
    1.05033922 1.04436219 1.86487162 1.70922649 1.68520975 1.09012091
    1.41878104 1.79463851 1.7392664 1.77799976 1.45179427 1.57466054
    1.04172409 1.4990617 1.053864 0.963847697 0.878139257 0.842486203
    1.04847205 1.38297653 0.991442919 1.16225278 1.00592649 1.4390043
    1.72873104 1.16390789 1.42545509 1.62331092 1.25885069 1.43291163
    1.22261667 1.18014026 1.20132792 1.41326976 0.929291964 1.4703145
    1.3160603 0.79125315 1.0469085 1.38243306 0.907614052 1.02798319
    1.74223173 1.65627873 1.64524126 1.38103545 1.61692917 1.50166881
    1.7931478 1.57404006 0.974046648 0.87200582 1.29979825 0.897240639
    1.22322655 1.73298848 1.20437896 0.910461485 1.28724229 1.11577308
    1.21019459 1.64560223 0.916913688 0.931560576 1.21281362 1.31869638
    1.78072584 0.903364241 0.93047291 1.78314495 1.421157 0.914209008
    0.950737178 1.27399385 0.865864635 0.875944495 1.01995599 1.3624438
    1.35911965 1.21109009 1.23198712 1.12303853 1.2203238 1.30043507
    1.4418447 1.4126277 1.44264245 1.12249458 0.976224601 1.46013427
    1.44567585 0.896798968 1.23739111 1.20735168 0.991366029 0.972555697
    1.66355991 1.73646641 1.65141273 1.3433305 1.29078877 1.28613937
    1.93407488 1.33785188 1.26295531 1.56993914 1.17812848 1.59220254
    0.87635541 1.04964304 1.34398615 1.57698894 1.0237515 1.26722205
    1.62718594 1.18423152 0.850912273 0.830839157 0.916824996 1.59746063
    0.899739206 1.71595204 1.00146687 1.57215869 1.19856155 1.17417264
    1.01741874 1.0400486 1.29974377 0.991087198 1.66333413 1.30207479
    1.30297685 1.558761 1.5291419 1.02488434 1.85913157 1.52954435
    0.994386971 1.47347283 1.79850042 1.15029252 1.03911841 1.06506968
    0.901217461 1.81246245 1.44043827 1.54848659 1.14021289 0.884620905
    1.36285925 1.81453228 1.63969159 1.52675736 1.51886797 1.36345994
    1.01303387 1.50189674 1.73744595 1.48207545 1.65805459 1.72762775
    1.07724845 1.19080651 1.38445783 1.5769577 1.19038892 1.02588856
    1.02364087 1.6319499 1.37268209 0.796749175 1.18389356 0.90242064
    1.4811182 1.23258209 1.36242902 1.17035377 0.872247934 1.72580397
    1.08570111 1.38851452 1.34754252 1.4425025 1.7641927 1.39730048
    1.62917399 1.52318287 1.48905468 0.858994782 0.879647434 1.32934821
    1.25801659 1.64321923 1.35807264 1.21361983 1.12854719 1.2362746
    0.859585881 1.19703054 1.66275418 1.52378762 1.06463599 0.934027433
    1.72745943 1.20985806 1.70894837 0.927983344 1.17592657 1.52160859
    0.911894262 0.782332301 0.97210139 0.773481607 1.67455351 1.08254933
    0.969170868 1.02820814 1.12629998 1.36036873 0.816384137 1.29053891
    1.24478447 1.65817666 1.00996232 1.00079048 1.10394073 1.00965905
    0.951221883 1.12242126 1.71139348 0.958376884 1.32013369 0.859999776
    1.14547062 1.10211682 1.16760838 1.32204413 0.985093594 0.80172801
    1.13293529 1.71359134 1.59860635 1.22615099 1.47533309 1.22182465
    1.68980026 1.77472174 1.33272493 1.73362052 1.51150405 1.18738568
    1.41572571 0.927770257 1.13954413 1.12047279 1.8059001 1.28279579
    0.919203758 1.68524218 1.74861681 1.43993282 1.17306113 1.67888308
    1.7585609 1.86401021 0.935306072 1.59999204 1.55144191 1.62451506
    1.26438785 1.02576149 1.26523435 0.949792981 1.20487022 1.65355015
    0.829411268 1.27777183 1.65784645 1.41644478 1.18083131 1.11610973
    1.44534647 1.09135401 1.00309277 1.31472921 0.918392479 0.843283057
    1.15768385 0.866655529 0.772879064 0.783449471 1.46178293
    0.663726926 1.28442478 1.39142752 1.61345947 0.927896261 0.850367308
    1.1336658 1.79244065 1.30770361 1.78918719 1.10979414 1.29271638
    1.79686379 1.19323564 1.20454085 1.2834208 0.921680689 1.1790396
    1.25618649 1.50822139 1.45222855 1.66154695 1.11997271 1.65567851
    1.85094166 1.85380614 1.90825295 1.82086432 1.17405427 1.56282496
    1.48769701 1.14161861 1.25000834 1.26194048 1.03540611 1.17911792
    0.895473361 1.73956597 1.40581357 1.28900599 1.86354506 1.20519626
    1.75694263 1.3537569 1.41923332 1.12895775 1.1435765 1.48372281
    0.931378424 1.47324216 1.01453328 0.838053048 1.0888207 0.858656764
    0.839283109 1.39436293 1.13618016 1.00212622 1.09300661 1.17017198
    1.58651853 1.72247875 1.75406957 1.41406977 1.9238981 1.36116481
    1.26514494 1.73133755 1.84631228 1.41270888 1.27599502 1.80351412
    1.12993824 1.02987611 1.12403667 0.932753563 1.30102062 1.30859959
    0.970911086 1.15606856 1.06912303 1.66597748 1.27361405 1.73971462
    0.904394746 0.937936664 1.47290516 1.06946933 0.969860435 1.65656364
    1.42491114 1.61215878 0.99308598 1.62997842 1.47164476 1.40779757
    1.76714718 0.936534882 1.13759089 1.45093703 0.970949829 1.52135909
    1.62706411 1.84166968 1.06469715 1.782619 1.09642744 1.23606312
    1.38063788 1.35910237 0.944060326 1.60190368 0.920760691 1.48149896
    1.39971972 1.20526385 1.54763091 1.33877933 1.33172822 1.46077788
    1.42418528 1.84015274 1.41632402 0.892952383 1.71953166 1.15185392
    1.5749681 1.33834887 1.59843218 1.03605795 1.73199105 1.19629765
    1.35631335 0.92139411 0.798802018 1.19233596 1.6458658 1.74661422
    0.975271344 0.809770107 1.57885802 1.31744564 1.78621578 1.66512716
    1.21710896 1.24124205 1.71555436 1.06848562 1.73877478 1.76871634
    1.48701751 1.64548385 1.43269634 1.01933205 1.58852446 1.2986623
    1.75134647 1.62107539 1.49301183 1.17465723 1.44448102 0.943949401
    1.03666663 0.978659332 1.49749303 1.29375565 0.865548193 1.47163141
    0.827992022 1.7879287 1.66257763 1.22277558 1.11135113 1.17829549
    0.922417879 1.03845251 1.64833796 0.813519418 1.25187647 0.80241406
    1.18204057 1.2025212 1.42533767 0.987387121 0.995698035 1.03184271
    0.791161895 1.35063159 1.11180699 0.989978015 1.09134972 1.84725845
    0.889686942 1.34230053 1.57153475 1.20548415 1.16106534 1.07095683
    1.49644768 1.46825922 1.01536131 1.68772531 1.16728294 0.784526587
    1.4520241 1.18003237 1.40137482 0.948088765 1.75982678 1.52387393
    1.36175954 0.977442026 1.49715281 1.61837268 1.38809574 1.71865702
    1.87898183 1.83155477 1.31724 1.38862896 1.79903388 1.01252878
    0.912957489 1.50621545 1.64932394 1.20099306 1.51452482 1.73308122
    1.81878805 1.01418269 1.53581321 1.60058117 1.33754742 1.05819702
    0.94129622 0.912761986 1.14934719 1.47094774 1.41450739 1.32357121
    1.65957475 0.849151313 1.32317805 0.980198383 1.15445149 1.08175135
    1.59284472 1.40875793 0.871663153 0.83506608 1.33811867 1.25448346
    1.58669984 1.00946295 1.10179687 0.999019384 0.537105799 1.27772379
    0.650740266 0.81729877 1.13939178 1.12712049 0.88275969 1.80383837
    1.01665807 1.30182207 1.58623552 1.62458682 1.80439627 1.73717165
    1.40730178 1.46234608 1.02866626 0.937239766 1.51688278 1.03049052
    1.67269468 1.35501766 1.43418515 1.09349918 1.39540029 1.62786448
    1.77824616 1.13672888 1.79166746 1.3884846 1.28096378 1.10682762
    1.12421918 1.02279341 1.76283324 1.53455234 1.77978826 1.24675918
    1.62810934 1.23639047 1.03901029 0.891707957 1.15726578 1.34987998
    1.82952332 0.941020429 1.76437318 1.6847434 1.72203088 1.42202151
    1.70579088 1.54144418 1.32359338 1.38804722 1.78268433 0.854791522
    1.21632802 1.72548115 0.873469114 1.39346814 1.44084418 1.77773166
    1.296157 1.45703614 1.12032044 1.50405657 1.40505302 1.66958284
    1.45361829 0.865682244 1.45037735 1.4023639 1.65149796 1.7772162
    1.56726766 1.80343187 1.00055444 1.2395432 1.40623152 1.60357654
    1.08150506 1.38814461 1.09206593 1.23722792 1.48573172 0.946038306
    1.38887453 1.3397454 1.59094048 1.03480184 1.66131675 1.46530306
    1.87077999 1.44388533 1.11532652 1.72303116 1.0793004 0.916054904
    1.66023731 1.29881251 1.51273131 0.967042089 1.81121767 0.860324144
    1.6130172 1.76360559 1.01108706 1.56247103 1.51414692 0.911534786
    0.958788276 1.06797981 1.40704787 1.2663945 1.03267455 1.86026931
    1.10254359 1.07708263 1.31901634 1.52347124 1.05335331 1.222085
    1.62984955 1.6610359 0.958706915 1.53995967 1.55749524 1.5568018
    1.69013667 0.967138946 1.17852509 0.861104488 0.855803668 1.45586431
    0.879443228 0.855040729 1.46871865 1.12685561 1.2565223 1.08317852
    1.68841767 1.16019583 1.56626737 1.69239271 1.6965946 0.937579632
    1.73183405 1.40958178 1.30440104 0.875641048 1.79904473 1.65413451
    1.22680902 1.74495864 1.06369233 1.45172942 1.15191245 1.35342693
    1.15498912 0.805904031 1.04868591 1.52514493 1.44027102 1.45297456
    0.909528196 1.80419958 1.71155751 1.25333571 1.04716957 0.992684662
    1.3603822 1.58929253 1.76785862 1.40456271 0.803815067 1.53875864
    1.1413548 1.01349831 1.71197677 1.27889967 1.14915276 0.998692513
    1.42648172 0.944943607 1.07891917 1.38312495 1.29026675 0.873431206
    1.23208666 1.56022465 1.14994192 1.36492181 1.78702927 1.80916786
    1.53618026 0.911579132 1.25714791 1.13807857 1.72362471 0.828933656
    1.49112344 1.03979206 0.940273523 1.69569325 1.19817185 1.56534123
    1.15747106 0.998065889 1.85773611 1.64435947 1.3219825 0.981798112
    1.08639765 1.29554415 0.932818949 1.40807879 1.58250225 1.51690865
    1.56733906 1.55584943 1.72201037 1.61034727 1.78117561 1.13161826
    1.7856344 1.89860106 1.58550858 1.03595865 1.66832221 1.63208318
    1.24427867 1.32242191 1.50566649 1.43331409 1.75852525 1.18656743
    1.11257148 1.16225863 0.911209941 1.61947024 1.26677144 1.4267664
    1.32211149 0.938216448 0.837204754 1.38387251 1.57351017 1.27997553
    1.05071032 0.867489576 0.733708918 1.3039633 0.744874656 0.956490874
    0.647848368 1.27148044 1.44526911 1.33035791 1.22514141 1.23524034
    0.812415063 1.7404803 1.24387825 1.34818351 1.37785518 0.955662191
    1.79301453 1.26091075 1.89485443 1.58633769 1.67097545 1.33428133
    1.51346624 1.28272605 1.38424551 1.62899017 0.929606676 1.78021848
    1.00427628 1.21220863 1.899593 1.05506825 1.21871746 1.38801801
    1.55374169 1.29464948 1.29242599 1.45227623 0.955373406 1.55028558
    1.37121046 0.926117599 1.77714324 1.13959908 1.86915088 1.49415386
    1.24155009 1.80183351 1.2671026 1.25156415 0.998922646 1.16573894
    0.974158823 1.30233133 1.14305127 1.12472224 1.76546431 1.67107224
    1.67099142 1.00547993 1.65585935 1.63274336 1.0241766 1.11530292
    1.30169249 1.52618742 1.55716527 1.72720301 1.70474148 1.75055051
    1.78070664 1.56154466 1.152964 1.13698077 0.97619772 1.3165195
    1.13026297 1.63051593 0.879155517 0.845059037 1.5652529 1.57697499
    1.35476649 1.66927326 1.09113669 0.984936357 1.59720314 1.12229514
    0.895776629 0.968598902 1.75809669 1.36169851 1.62404799 1.61944366
    0.961997151 1.32794797 1.67993617 1.72345924 1.79912615 1.77265513
    1.16907203 1.68745005 1.65740836 1.6482451 1.4444561 1.29933655
    1.35023916 0.931291342 1.08161783 1.37775826 1.11008763 1.42068553
    1.56503654 1.24643755 1.86174178 1.86337101 1.89413452 1.54141283
    1.88173878 1.44729388 1.42238128 1.78150284 1.55872965 1.28352129
    0.86585319 0.898022592 1.19823408 1.41655338 1.42137074 1.3774097
    1.68892813 0.81717521 1.31185734 0.877112031 1.39454043 1.12196243
    0.741104424 1.17846382 0.801754713 0.758618116 1.08053792
    0.941086948 1.19248438 1.23971391 1.74881053 0.808860064 1.4012059
    0.912055075 1.00112617 1.05330682 1.50105667 1.55872989 1.59265673
    1.08095002 0.901158571 1.0142554 1.21940434 1.22980499 0.99353677
    1.02670836 1.36551416 1.70990109 1.14261043 1.03304291 1.38130224
    0.791037023 1.16246331 1.56030154 1.14846671 1.18944061 1.2393291
    1.45657074 1.68613958 1.70598006 1.78130579 1.35522521 1.8130424
    0.882719576 1.28502274 1.26088333 1.20675993 1.03207099 0.83754766
    1.3157717 1.08648765 1.38541794 0.835021496 1.38981795 1.34585476
    1.19326508 0.790744722 1.26743412 1.50499547 0.835259318 0.839008987
    0.933683753 1.55863345 1.23847556 1.84286237 1.52194333 1.49108815
    1.04008794 1.80000281 1.41969216 1.21944618 1.6289618 0.992507935
    0.911020279 1.46995771 1.49244094 1.19302499 1.49884653 1.55581605
    1.12153292 1.56477058 1.77042246 0.898374617 1.20345438 1.28473032
    1.585513 1.40351307 1.05416346 1.84490228 1.59633958 1.55409205
    1.83380163 1.4084034 1.49317443 1.29954088 1.79303467 1.56872594
    0.916826367 0.944458187 1.43169594 0.98328954 1.36073458 1.03387582
    1.72675705 1.11841452 1.62819052 1.76950419 1.75218713 1.50465071
    1.5982331 1.06322014 1.4126513 1.55898333 1.57237804 1.50535607
    0.862072229 0.814356923 0.919964135 0.755813599 0.873408198
    1.10339022 1.37930703 1.45963228 1.28736532 1.17265809 1.56829965
    1.15666854 0.578711808 1.20777404 1.01426804 1.30421364 1.71617401
    1.69311464 1.09344625 1.46351504 1.198825 1.74603474 1.32086957
    1.78832853 1.73546696 1.78368866 1.73987722 1.7789489 1.3823328
    1.69636106 1.16690159 1.56786692 1.06700051 1.25200343 1.28181398
    1.10856521 1.17812824 1.86966693 1.79094923 1.35724604 1.71582592
    1.37641191 1.26112032 1.68249059 0.931905568 0.961802959 1.64518774
    0.856470406 1.83028352 1.19266593 1.34477293 1.38755572 1.68547368
    1.11054909 1.02576029 1.80183089 0.99695456 0.871435106 1.57053518
    1.35557544 1.53925836 1.00321186 1.39522529 0.966005445 1.76651931
    1.82523334 1.5471729 1.09462857 1.0981288 1.57048523 1.81299818
    0.887588918 1.69228339 1.89213431 1.2160629 1.06821465 0.922768295
    0.908371091 1.17839539 1.82545233 1.54964781 1.36938059 1.72727144
    1.33148456 0.970370889 1.29558909 0.862834394 1.71097803 1.03600752
    1.4926815 1.83482993 1.09195518 1.3548609 0.979795158 1.10028958
    0.828912079 1.70950305 1.21444607 1.79852629 1.47472537 0.999158382
    1.11962068 1.39822423 1.5342797 1.56280673 1.18373823 1.32158899
    0.98299998 1.83271122 1.08404279 1.43859291 1.63757479 0.941491008
    0.943807065 1.51253331 1.37667716 1.4046849 1.6990701 1.49073744
    1.32725739 1.61798704 1.79885423 1.79096258 1.59476697 1.73558664
    1.84600925 1.03484416 1.52886391 1.81925499 1.68116796 1.8324995
    1.69104791 1.32723033 0.876883805 1.55239308 0.892811716 1.39359117
    1.53547966 1.27592707 1.61247706 0.837890506 0.787406385 1.00463593
    0.902764022 1.48948741 1.63116205 1.48147929 1.0801574 1.3458271
    0.84111619 0.822545707 0.9257465 0.939343929 1.41614985 1.34365487
    1.43096292 0.994322062 1.60985768 1.22082591 1.73315561 1.0959971
    1.08162475 1.41470659 1.76260889 1.32783246 0.871832311 0.852902949
    1.17774403 1.50615847 1.66015208 1.41353953 1.45583737 1.20139241
    1.5484997 0.826507032 0.791805148 1.3474009 1.05947709 1.39047682
    1.36830604 1.12111187 1.82202303 1.7262491 1.69666123 1.00063193
    0.813144565 1.3035928 1.44180322 1.05117154 1.49422193 1.71350682
    0.784535885 0.747921824 1.27450252 1.18187296 1.26098204 0.938053846
    1.47104144 1.12608564 0.803501189 1.73488927 1.53727758 1.37231338
    1.76006019 1.06477284 1.47175539 1.29631472 1.57248259 1.23448837
    1.12469161 1.00317752 1.5769484 0.898241997 1.01158881 1.49034762
    0.975606799 0.9643628 0.930801511 1.3202008 1.31201184 0.908610344
    1.36684442 1.55914092 0.935880363 1.59473121 1.49951804 1.39541173
    1.84367561 1.897627 1.35401618 1.75029957 1.39204121 1.35030961
    1.30950797 1.05727637 1.60145044 1.49068952 1.66099203 1.42130935
    1.51902711 1.52687013 0.966615975 1.31833053 0.833139896 1.34021103
    1.40658379 1.06183827 1.25856686 1.78386486 0.851745486 1.23998213
    1.76551485 1.29523528 1.82685399 1.59787524 1.72871089 1.64736319
    1.04062653 1.65891659 1.01309669 1.45744479 0.780985475 1.54584444
    1.01384127 1.11516392 1.00295198 1.36316657 1.04253983 0.453965038
    1.41456413 0.737137496 0.939149022 1.04731703 1.08143187 1.69617343
    1.49253464 1.39221179 1.64199781 1.83425641 1.04485583 1.60020864
    1.57926524 1.03914857 1.43039632 1.39405763 1.70340681 1.65686142
    1.43316305 1.23825359 1.28973842 1.46075892 1.14254272 1.84656966
    1.84886765 1.02020204 1.86673737 1.31805265 1.27856791 1.81763434
    1.71034443 1.22010815 1.42622662 1.78313243 1.8559593 1.68774235
    1.39374816 1.36829889 1.74043941 1.71004462 1.26470196 1.72570038
    1.75054181 0.904551744 1.12228477 0.876719236 1.70924759 1.58485174
    1.62580097 1.66130388 1.13571477 1.03288841 1.0934608 1.58927846
    1.81106138 1.8748076 1.86049521 1.73510277 1.24352896 1.31624782
    1.71562564 1.24930799 1.65619922 1.53188026 1.53046215 1.03295875
    1.58255446 0.911856771 1.62912703 0.918507695 1.70174599 1.03603852
    1.28743684 1.62444341 1.5057776 1.85663056 1.1211288 1.23623419
    1.36503172 1.2311734 1.28613257 0.850515127 1.571334 0.990128517
    1.72971714 1.00765932 0.8832618 1.18784714 1.63727796 0.891602218
    1.66625738 0.998537362 1.56391943 0.876114428 1.09144509 1.59265637
    0.933385253 0.984443665 0.77655071 1.1905545 1.02768648 0.977886498
    0.893756092 0.915792704 0.858647108 0.906674862 1.02272201
    1.03698909 1.17443907 1.39113879 1.21712613 1.45993984 1.67830789
    1.18427694 1.7796694 1.70862627 1.38562477 1.18392158 1.14733279
    1.04334009 0.901025474 0.851416349 1.2415204 1.39114273 0.996317685
    0.796277344 1.44104135 1.18731308 0.844895601 1.39048123 0.782342374
    1.22572708 1.07704294 1.32070792 1.72336924 0.866518378 1.11364317
    1.0508728 1.69523215 1.4302994 1.6908164 1.43787098 0.874736905
    1.00878763 1.02859259 1.08570766 1.7272346 1.28396189 1.71583915
    1.59709156 1.23663807 1.50383472 0.823455989 1.75462389 1.74803591
    0.820765018 1.41264939 1.314551 0.834179699 0.796815395 1.10576475
    0.85480994 1.35391772 1.76035583 0.81989634 1.51686203 1.17211318
    1.33081329 1.39156127 0.913846016 1.67963564 1.42428732 1.31517529
    0.803423464 1.24126923 0.778752327 0.847568929 1.15042377 1.26817024
    0.809187114 0.926685333 1.06127465 1.19875157 1.09095013 1.42428374
    1.21164751 0.864969611 1.02196944 1.70569825 1.54938078 0.989612579
    0.966417313 0.87999773 1.42711759 1.41061127 1.2594192 0.902884543
    1.72688854 0.894970596 0.977406561 1.59016669 1.12679899 1.1221422
    1.23377597 1.26270676 1.78888035 1.07329512 1.38876736 0.89657861
    1.54445899 1.55176258 1.15737748 1.40344548 1.25328398 1.7511735
    1.05635285 1.45565176 1.30461442 1.89309955 1.02569366 1.82444251
    1.8713038 1.1891793 1.58032656 1.06246185 1.52551687 1.52261806
    1.35214722 1.42687201 1.11208618 1.1428535 1.35190165 0.996168494
    1.32751799 0.906173885 0.959199667 1.71235323 1.12071109 1.403126
    1.01077878 1.42932606 1.56437182 0.830588877 1.28850269 1.47339928
    1.44888651 1.20466566 1.02834558 1.27543581 0.869748175 0.813644826
    0.88403374 1.46052384 0.902079046 0.80634737 0.546214163 0.726724684
    1.39726484 1.66202188 1.58584344 1.07857466 1.53964233 1.65886366
    1.33504844 1.64923632 1.25736821 1.4921248 1.23364758 1.25816274
    1.88163459 1.06659138 1.2626189 1.57450449 0.971196771 1.60556555
    1.49532521 1.07657886 1.20514011 1.27136624 1.07691669 1.65416002
    1.36978352 1.13446915 1.11352897 1.54451621 1.06332302 0.964880824
    0.98955375 1.02636778 1.3963871 1.74904287 1.55947292 1.19114435
    1.49288094 1.85875297 1.26125336 1.06268871 0.902216136 1.75523651
    1.51232517 1.64614713 1.47573507 1.52001488 1.00868249 0.973210335
    1.81592262 0.89408499 1.61362541 1.38285577 1.18951154 0.929929078
    1.57887983 1.092785 1.47495246 1.67459321 1.63082826 0.959885299
    1.72175705 1.66254783 0.856288075 1.68181944 0.915390551 1.43034673
    1.27513719 0.83817184 1.06714404 1.41388893 1.03155565 1.41432261
    1.02050114 1.54579461 1.52917886 1.66761374 1.60622156 1.32622445
    1.43627048 0.851076901 0.998019338 1.2786597 1.69899762 1.30106139
    1.72971594 1.48194957 1.25946522 0.857279837 1.24977374 1.18113768
    1.41232514 1.21925306 1.52513731 1.08588433 1.13493669 1.00501013
    1.40858805 1.44308615 1.48476577 0.839457512 1.39354992 1.03521371
    1.76347458 1.35788679 0.856369913 1.29881966 1.38125122 1.90112233
    1.62805188 1.88823926 1.62778103 1.58439362 1.1453166 1.43169022
    1.37739635 1.3059355 1.76068294 1.0068357 1.36472142 1.57088816
    1.58263421 1.37615061 1.60163701 1.72354424 1.39806366 0.948957086
    1.24703658 0.792945266 0.802780807 1.1717819 1.0607264 0.75268501
    0.800844133 1.23288333 1.21498644 1.63251436 1.09058571 1.22175539
    1.10573471 1.31667888 1.04764938 1.05255818 1.01691198 1.13019967
    1.17420161 1.60684848 1.04095113 1.09104562 1.17866099 0.996693671
    1.67640805 0.799988866 1.22451627 1.11068189 1.00810301 0.91219902
    1.78815734 1.33457994 0.908416927 1.10977638 0.820486844 1.35143793
    1.29381347 1.12575448 1.68952799 0.858818173 0.820818305 1.03991044
    1.16510189 1.35723102 1.35066974 1.4476335 0.992020845 1.60344291
    1.09236968 1.66166615 1.23609674 1.64279604 1.22069764 0.902451396
    1.41410255 1.60691178 1.45176125 1.62649584 1.69524813 1.39441454
    1.1796385 1.68584287 1.6588124 1.55170822 1.28859079 1.39906657
    1.28491879 1.36550832 1.27485406 1.83856905 1.21266937 1.72021902
    1.38822913 0.890108347 1.46536934 1.32537675 0.922079265 0.84231329
    1.5642128 0.811309218 1.51659405 1.06166565 1.81768954 1.39674783
    1.3162266 1.53009987 1.80434811 1.13300264 1.3463695 1.82599163
    1.33120477 0.967159331 1.61778891 1.29507029 1.03731859 1.24226296
    1.8408128 1.02608395 1.31725836 0.913094759 1.78766382 1.80012846
    1.4687196 1.20581841 1.10722673 1.65720367 1.76757205 1.16631818
    1.11907899 1.18595052 1.14679968 0.913111627 1.51050532 1.64666915
    1.2475996 1.10420322 1.50535822 1.01057827 1.5420115 1.47526526
    1.40079927 0.826329052 0.989270866 1.64004028 0.850530505 1.16136551
    0.674288154 1.51919448 0.86249572 0.900922596 0.807502568 1.34472263
    1.58504748 1.16503894 1.77131116 1.89551151 1.79498768 1.84071171
    1.33388233 1.87909269 1.67677724 1.61276293 1.67571104 1.38151801
    1.08636105 1.55248988 1.40259755 1.11002612 1.78839827 1.62206936
    1.29595125 1.50059032 1.61234581 1.76903939 1.2967205 1.32173944
    1.648121 1.11388326 1.68526697 1.03398502 0.99669522 1.0476135
    0.852494419 1.44560456 1.88235378 1.11041772 1.681885 1.7195276
    1.46329582 1.60944438 1.48724425 1.26621449 1.08910489 1.61362255
    1.4314847 1.22438717 0.890883565 1.21604824 0.970913112 1.74634933
    1.58618879 1.69318449 1.41672015 1.59078872 1.78597796 1.23493433
    1.60370326 1.72821927 1.42122698 1.85908389 0.984322011 1.17520857
    1.07339168 0.879327595 0.812343895 1.13732111 0.949048579
    0.922528982 1.5725497 1.2950604 1.49413037 1.5292362 1.69709098
    1.55831194 1.76405966 1.28413939 1.20112324 1.85429478 1.51548791
    1.0134784 1.42060983 1.64298129 1.83248329 1.33229685 1.7591393
    1.74519861 1.11445308 1.41413367 0.952828526 1.81051803 1.55700743
    1.80944669 1.74980414 0.954252839 1.01943123 1.3644774 0.789204419
    1.01223624 0.988875628 0.931680799 1.08043075 1.31494677 0.989568472
    1.74431777 1.00138581 1.32752955 1.5657084 1.88717568 1.63939893
    1.58532631 1.41901863 1.35253465 0.995804548 0.943929255 1.76628685
    1.4983772 1.28689849 1.63195205 1.12770617 1.58997738 1.10786319
    0.799894929 1.33878565 0.813200176 0.778523147 1.68120205
    0.992404222 1.16700351 0.805717885 1.43324828 1.32815051 1.00880337
    0.881826162 0.907500446 1.22037339 1.20629478 1.62563396 1.42500293
    1.52226698 1.16155565 1.36985588 0.858351946 0.967471242 0.855139196
    1.67531383 1.06705415 1.55263519 1.3703618 1.81135499 1.58754003
    1.12842464 0.882578194 0.789466262 0.93935293 0.890429616 1.47008896
    1.7711705 1.71833301 1.77792227 1.23577845 1.14222062 1.32023573
    0.938162804 1.00356793 0.988932014 1.13106954 1.47263253 1.21172965
    0.957916915 1.47033 1.52317297 0.900727868 1.2783221 1.4435693
    1.09486055 1.28321385 1.24760509 1.60094714 0.902482331 1.51500785
    1.70579338 0.782078207 1.42525411 0.884935975 1.09054244 0.879033208
    1.19170725 1.33058369 1.49570143 1.51105487 1.59630835 1.56014502
    1.4044534 1.34554923 1.1245023 1.2718904 1.83012736 1.59509861
    1.40325356 1.77524829 0.955963135 1.59056735 1.16454327 1.11862576
    1.44108689 1.46697891 1.53491473 1.38079631 0.964736223 1.54555988
    0.859558284 1.28612268 1.48077917 1.46757329 1.62345755 1.26781189
    1.25057578 1.82948828 1.8895818 1.83929205 1.267874 1.64048779
    1.03643 1.76918745 1.81298518 1.35133326 1.66499889 0.954825521
    0.927058816 0.968011379 1.25784886 1.19135201 1.05626166 1.48350739
    1.57343209 0.846578121 1.11384106 0.843621016 1.49155295 1.37974286
    1.77619922 1.65170443 1.67365026 1.06352162 0.804262817 1.19334149
    1.3843497 0.796351075 0.94207269 1.09173119 0.983712912 1.43497849
    1.26305592 1.29256868 0.966363847 0.762119949 0.604786873
    0.973713577 1.44640744 1.19019997 0.95569104 1.31211412 1.3678
    1.20135927 1.71841657 1.39078355 1.09776449 1.7894392 1.83387518
    1.76377797 1.81131661 0.945488691 0.905012608 1.18234849 1.24665534
    1.80026925 1.04089177 1.79520333 1.03765821 1.16409028 1.62909198
    0.911698461 1.68628967 0.837990105 1.73681307 1.22785878 1.17360246
    0.866978884 0.925887048 1.0895946 1.83975244 1.2419976 1.91747081
    1.91713226 1.04604781 1.35049319 1.33747602 1.53559399 1.7345928
    1.15917766 0.911897123 1.62563241 1.24210429 1.45326591 1.57032812
    1.42708242 1.80046093 1.44343829 1.48824656 1.36135983 1.80702555
    1.53457785 1.13772976 1.03279269 1.269539 1.2392627 1.16795087
    1.05109262 1.50683677 1.54205108 1.17729592 0.897767305 1.10360527
    1.55625498 1.25324678 0.955555022 1.16748881 1.27636337 1.69137073
    0.892102301 1.75883734 0.984771132 1.16270339 1.81638527 1.76434886
    0.960612774 1.0083251 1.58219433 0.939197183 1.23760056 1.82238019
    1.30786526 1.03549004 1.02472222 0.957117319 1.03374004 1.60543263
    1.29083622 1.09302926 1.69716048 1.33553708 1.59488738 1.62825143
    0.871236742 1.24634302 0.867208898 1.50357914 1.5907799 1.41984248
    1.33975875 1.76740158 1.43826592 1.29009223 1.58214664 1.76070702
    1.12218881 1.27932048 1.56934369 1.52295792 1.26005483 1.03163207
    1.09943819 1.71531165 0.911350369 1.05475581 1.41518283 0.9854725
    1.14234495 1.37750363 1.17976761 1.29367447 1.24222541 0.846914768
    0.888838112 1.26108325 0.955739796 1.55613577 1.32335377 1.38032901
    0.897325575 1.3477428 1.75513732 1.50273597 1.33108759 1.59467888
    1.15692091 1.1871345 1.58315253 0.937735319 1.13665831 1.57242274
    0.890024722 1.56540477 1.64354634 1.12625134 1.15528071 0.820115685
    1.67610395 1.34461582 1.36245859 1.08962142 1.53354096 0.99557811
    1.33637869 1.57023215 1.31438971 1.63731575 0.860327661 0.812262475
    1.3346715 1.3230145 0.863864601 1.16670156 1.6129117 1.73701036
    1.12811339 1.59669769 1.72524798 0.901182473 0.840722084 1.58616376
    1.33540034 1.36608052 0.969783425 1.41854656 1.25600195 0.888114393
    1.23694003 1.2432282 1.14078891 1.56070495 1.24025369 1.44964743
    1.74867284 1.64478445 1.37274492 1.15866637 1.36378431 1.6622864
    1.85830247 1.64867997 0.93893832 1.43827951 1.1165719 1.56196523
    0.952814877 1.28122616 0.862428069 0.980040967 1.70963705 1.07417333
    1.69757688 1.2602303 0.819624841 1.65947163 1.35259044 1.11921048
    1.19377124 1.34459698 0.954795182 1.72687066 1.695912 1.68345368
    1.42089355 1.16944075 1.06517053 1.85797024 1.60387027 1.52236319
    1.18675268 1.46733952 1.38309062 0.998318136 1.1813525 1.18980515
    1.77287686 0.882324398 1.16277742 0.91258651 1.22583389 1.70683885
    1.62690628 1.13563788 1.63001502 1.04216325 1.11371446 1.18241107
    0.874354899 1.0806886 1.14192116 1.75243664 0.865028322 1.32393885
    0.955879927 0.83133471 1.30672038 1.51564169 1.67878699 0.752843022
    1.02470946 1.18012917 1.29290354 1.23385394 1.07000887 1.59775066
    1.40120506 1.40069842 1.40611684 1.70215738 1.38794923 1.87787664
    1.7217685 1.71664047 0.972789407 1.44740033 1.09687781 1.32207727
    1.6676904 1.17629349 1.39274502 0.982881188 1.07961309 1.67657733
    0.866433799 0.881696224 1.77775753 0.841282964 1.00452209 1.12589741
    1.46808827 1.34510398 1.5637567 1.49284852 1.21868742 0.987519681
    1.32675862 1.63591468 1.90986335 1.74853051 1.30464029 1.29132295
    1.86283493 1.80564678 1.34495902 1.38543403 1.66670096 1.518996
    1.59508002 1.51567185 1.46581757 1.30032134 1.48339176 0.949854732
    1.30554926 1.34090173 1.75374353 1.16119826 1.80892861 1.73928106
    1.09461081 1.28980029 1.0102998 1.38242233 1.21215689 1.4078933
    1.01517022 0.820952833 1.41532421 1.56606197 0.968436241 1.28069842
    1.77480328 1.42400169 1.3190043 1.06090808 1.55490303 1.47067487
    1.15308368 0.917213857 1.17180562 1.5701071 1.75923359 0.944818437
    1.05598629 1.75029683 1.68823898 1.26947427 1.68326902 1.45283163
    1.4181273 1.31989229 1.79924262 1.76639497 1.64155698 1.45597625
    1.18487251 0.833615005 0.786814988 1.31454468 0.991149306
    0.920308888 0.810986042 1.2972281 1.13882732 1.16346061 1.00038624
    0.984528661 1.52773952 1.68825531 1.52475262 1.13954961 1.0719223
    1.86336994 0.997453332 1.50765467 1.13783097 1.26143849 1.26772666
    1.43709075 1.78824413 1.00723612 1.42201042 1.13623583 1.42905653
    0.833156168 1.66510594 1.20261216 1.31597877 1.34342515 1.1276046
    1.02477801 1.57473946 1.32248974 1.72468841 1.51001549 1.57395768
    1.23429382 1.03174174 1.65459585 1.2199893 1.11860096 1.51910114
    1.82601571 1.09663808 1.21646273 1.108724 1.54237604 1.78663421
    1.38285995 1.75412154 1.30263579 1.40414739 1.3190459 1.7259388
    0.988904119 1.06662977 1.47684765 1.53222823 0.874291182 1.11129677
    1.56095064 1.55047667 1.21021271 1.0282861 1.31064498 1.31070065
    1.26638508 0.909415841 1.33587015 1.40868521 1.32687259 1.13111961
    1.12951183 1.43222296 1.24491763 1.80857193 1.79050756 1.6076802
    1.67665768 1.36453128 1.06859231 1.05553329 1.24189866 1.16934252
    1.33733988 1.50092804 1.56193483 1.69981027 1.64159882 0.967596769
    0.982414305 0.959056318 1.49744296 1.01689243 1.29742157 1.5850929
    1.12812579 1.54371309 1.21843731 1.46369672 1.81215143 1.05956841
    1.3066895 0.952416837 1.63255715 1.60143018 1.2369504 1.42873895
    1.45517194 1.45369852 1.05942917 0.980946958 0.987972617 1.34284985
    1.07944775 1.18197203 1.71048582 1.48755455 1.5642072 1.86948442
    1.13698673 1.69670641 0.876443624 1.63528645 1.58308423 1.58358157
    0.851582348 1.30978179 1.52931106 0.930524409 1.0222913 0.891858459
    1.69958043 1.38455713 0.79595536 0.812511444 0.85201937 0.810058713
    0.991257787 1.23381555 0.996445179 1.77363813 1.14126289 1.76512337
    1.21095502 0.917403996 1.24927318 0.831649244 1.3249855 1.75306845
    1.79717338 1.28578508 1.31223512 1.48090219 1.19440997 0.91944176
    0.849974871 0.501187563 1.16717887 1.4563899 1.60974216 1.04117262
    0.930733144 1.73909485 1.31586564 1.63892555 1.0309062 1.70993137
    1.88951254 0.971905768 1.87611794 1.82762563 1.07111502 1.56491315
    1.650406 0.972662687 1.69977331 0.991228461 1.5903821 0.776131451
    1.53875637 1.28333986 1.40615368 1.48122156 1.2825489 1.53740942
    1.26368415 1.04124796 1.78814447 1.09105575 0.864358246 1.63466084
    1.20389163 1.71158659 1.65950918 1.66485834 1.75440168 1.65563178
    1.93369985 1.45220876 0.968954504 1.69698262 1.65727234 1.15116656
    1.71145594 0.983663619 1.14372945 1.09266222 1.43542564 0.980294228
    1.8678962 0.898786545 0.98884815 0.9397403 1.36890137 1.85906982
    1.78422356 1.48510969 1.06261289 1.62142539 0.836317658 1.07908535
    1.33597124 0.846624792 0.986817718 1.10548413 1.00438142 1.33624411
    0.845024347 1.15474761 0.926106751 1.82430398 1.66942847 1.70122039
    1.24565566 1.60444188 1.88439178 1.74244523 1.68502116 1.19678116
    1.40769255 1.81376016 1.66375971 1.59058356 0.955487609 1.20241523
    1.39503944 1.68213654 1.61369658 1.61528647 1.72927701 1.50604355
    1.00642872 0.995670795 1.05852294 1.32197571 1.0205009 1.47234261
    0.887635827 0.809971452 1.18483114 0.877734601 1.06234527 1.08039141
    1.68631804 1.36664593 1.83107579 1.74001348 1.57559168 1.65036583
    1.26545048 1.37790585 1.32902634 0.871670067 1.08128417 0.947241843
    1.53121006 1.53452218 1.15486062 1.77130389 1.40960789 1.34890592
    0.929893374 1.69028616 1.69236684 1.58564889 0.999781311 1.32060945
    1.57281947 1.31347311 0.964185238 0.997155964 1.63406181 1.22151351
    1.59423482 1.67549825 0.98643285 1.85172224 0.909015834 1.07510424
    1.83117378 1.6045121 1.04801297 1.41173792 1.45932722 1.25871146
    1.42522824 1.27787554 1.44400918 1.33100653 0.998976588 1.06107557
    1.20221257 0.847187877 1.50321507 1.15700436 1.19506156 1.23510575
    1.1484133 1.29545295 0.962643325 1.5811795 0.88578105 1.07377946
    0.787355006 0.995002449 1.04575574 1.63339996 1.30737805 1.15392816
    1.45498741 1.54323816 1.1951437 1.09755743 1.54669249 0.917083085
    1.09025717 1.0380367 0.850170135 1.34242642 1.62461853 1.20711684
    0.975720108 1.14285266 1.09194553 1.74973691 1.54865396 1.4772377
    0.985002697 1.80125654 1.44825041 1.61775935 1.86210573 1.55557823
    1.55427623 1.27614534 1.83785713 1.62759387 0.967500865 1.51400983
    1.58034325 1.82833552 1.26721168 0.914031744 1.01667261 0.913417578
    1.3244369 1.68452668 1.48551929 0.933944345 1.58762825 1.47570872
    1.74547088 1.77862275 1.02167237 1.50597358 1.07080233 1.20299268
    1.51534617 1.38703358 1.39375114 1.12556481 1.05468845 1.72212148
    1.82757664 1.49914622 1.69697857 1.5013994 0.920518756 1.55236471
    1.39449048 1.01135862 1.71115208 1.52391088 0.91193527 1.4641782
    1.10803342 1.34956753 1.52384722 1.04222381 0.839623213 1.4519788
    1.26790655 1.62596512 1.6754818 1.21815646 1.03413701 1.71959805
    1.60623538 1.17484295 1.43519521 0.893490136 1.3482635 0.529268384
    1.27985597 1.20299089 1.05921209 1.3082962 0.878508866 1.62015033
    1.39736402 1.75077486 1.33928442 1.19417012 1.11193335 1.38096333
    1.45095766 1.80656946 0.927092791 1.21874511 1.4219979 1.07558846
    0.82306999 1.19389284 0.772271216 1.33832812 1.58484995 1.14558625
    1.18698144 1.09773934 1.22646594 1.62371039 0.97912395 1.16423237
    1.35038674 1.23383915 1.84299731 1.56872499 1.32773483 1.55741072
    1.63478768 1.49557483 1.57611263 1.5001092 1.5703125 1.8923713
    1.55507362 1.54167676 1.68571413 1.17455888 1.79018509 1.17569113
    1.68146515 1.03092778 1.5382973 1.55285561 1.65422106 1.70714509
    1.44005799 1.4565804 1.46638739 1.87026227 1.33510864 1.36127579
    0.979634583 1.5866797 1.07041299 1.50805104 1.47139764 1.75084376
    1.73480809 1.12660694 1.15818572 1.80665565 1.30910349 1.42436564
    1.01721609 0.963357627 0.997172058 1.7867111 1.28665578 1.08328295
    1.519014 1.38801634 1.87329531 0.944783211 1.44385242 1.65243554
    1.16766798 0.863109589 0.882676601 1.60463965 1.53028607 1.76980615
    1.10120845 0.973655581 1.5970434 0.937389433 1.11391068 0.947618425
    1.25619006 1.34616661 1.66554737 1.21246612 1.24459982 1.02191675
    1.16123593 1.2537576 1.721668 1.46098578 1.82144821 1.12399113
    0.909363806 0.937619627 1.82013476 1.84367836 1.0995065 1.52322459
    0.923402429 1.12125182 1.05204213 1.74955189 1.23769903 1.20594835
    1.30233061 1.64977419 1.770118 1.41056252 1.81965816 0.941540241
    0.932764113 1.77762151 1.04435945 1.80484533 1.08406019 1.32860696
    1.2956059 1.54746389 1.03460145 1.88995683 1.79584622 1.16453099
    1.21282613 1.31852639 1.55151534 1.70951462 1.54356587 1.29834306
    1.60650671 1.02754807 0.975486517 1.27071345 1.53052127 1.55204928
    1.54096687 0.894717872 1.72290742 1.77968895 1.53777456 1.48102641
    1.08007252 1.73477614 1.83358562 1.04215348 1.4471519 1.13417006
    1.29819453 0.912706077 1.50842094 1.2550813 1.72312891 1.65515077
    1.49740791 1.26874816 1.11634612 1.03337216 0.993255496 1.37655687
    1.28076005 1.86143458 1.46175277 1.32807839 1.28982449 0.868209839
    1.06776738 1.39238083 0.87295419 1.23172152 1.64169252 1.6917963
    1.48702943 1.02746046 1.13148081 1.05719507 1.60948038 1.79728615
    0.905057609 1.36571312 1.35739112 1.80932689 1.21879935 1.58225119
    1.40870428 1.03361762 1.31015635 1.70347881 1.42921555 0.855967999
    1.43850803 0.990381062 0.931342363 1.18070054 1.72814071 1.79993439
    1.35072529 1.25503278 0.954758584 1.78869832 1.26717973 1.85668015
    1.86474073 1.32896996 1.21607053 1.05577099 1.07285786 1.37584126
    0.952941597 0.96564126 1.66136241 1.67810321 0.958590746 1.634444
    1.61598599 1.6758281 1.24280357 0.980894864 1.44824171 1.41481531
    1.64196467 0.897571325 1.24358165 1.28170228 1.1156708 1.5040704
    1.06722474 1.75757468 1.22519982 1.69174719 1.55208826 1.16768122
    1.61635578 1.51699507 1.037866 1.44036126 1.30986023 1.50963652
    0.938284814 1.47029436 0.52357316 0.572134495 1.31272471 0.6700418
    0.981793761 1.17087507 1.20385993 1.65796518 1.54771984 0.931922913
    1.77323961 1.44178319 1.35259616 1.54304719 1.61454904 1.4941957
    1.66643238 1.68717098 1.14462936 1.41704881 1.56392074 1.28045774
    0.760701299 0.859389365 1.16573417 1.0530839 1.42857718 1.13779211
    1.12470746 1.09209442 0.941462696 1.0114994 1.82935834 1.03523862
    1.49075902 0.983460546 1.75896728 1.75021946 1.46983802 1.71863174
    1.18852031 1.54075921 1.27722549 1.28855169 1.15162528 1.12746978
    1.64246798 1.07196176 1.62260115 1.15557659 0.934172869 1.08484244
    0.908275962 1.43786383 1.45975876 1.37980711 1.26491761 1.76266491
    1.39763892 1.18191612 1.64309311 1.25280106 0.964468837 1.65649879
    1.77180374 1.13392973 1.80957079 1.62573671 1.11007011 1.00815535
    1.46371806 1.17090333 0.902966857 1.56946599 1.30369663 1.16674864
    1.66983652 1.78658426 1.79239166 1.07995653 1.41665733 1.88914526
    1.50352502 1.73554492 1.302683 1.05923581 1.59968889 0.877498746
    1.34563029 0.974182785 1.23651779 1.36417735 1.60706556 1.3562355
    1.72463167 1.11219501 1.5757159 1.4892509 0.959636688 1.14041054
    1.09288573 0.868376493 1.46589744 1.5162971 0.842149436 0.935867012
    1.45923936 1.34418571 1.29668593 1.26793659 1.1280005 1.62486494
    0.900579572 1.68374026 1.49757957 1.69323397 1.48269796 1.073403
    1.33017933 1.65835226 1.16967618 1.54967928 1.28088319 1.41805565
    1.33126009 0.982975721 1.36193812 1.09798074 1.51762927 1.44424331
    1.41865253 1.33472931 1.34146583 1.25881267 0.874000192 1.68008006
    1.40705705 1.48427212 1.28222799 1.89448345 1.41247141 1.36607695
    1.24772346 1.91035128 1.1806314 1.47226655 1.47714567 1.20286131
    1.41479766 1.05525684 1.1088289 0.926978052 1.43278456 1.61321378
    0.994216919 1.6572516 0.992249191 1.50393832 1.60683906 0.984134257
    1.50889313 1.66279209 1.18350208 0.833776057 0.864296675 1.52999806
    1.15215147 0.826066494 0.958805561 1.40379965 1.66814101 1.14926243
    1.76319683 1.40235412 1.80159616 1.50087678 1.59837091 1.73347068
    0.987261474 1.84269249 1.54291177 1.69729102 1.57377982 1.02534831
    1.39144158 1.33491433 1.82035446 1.67402577 0.982356012 1.03897393
    0.984986424 1.83981526 1.4839741 1.73600781 1.24750984 1.47846806
    1.12185729 1.51739597 0.965986133 1.10776317 1.80391073 1.18285322
    1.25705135 1.07529366 1.71083903 1.7451483 1.11193848 0.862262249
    1.57435083 1.01142251 0.933231354 0.878930748 1.49450195 1.44272518
    1.51294935 1.80692708 1.70817983 1.5264132 1.45930707 1.78762877
    1.05802083 0.866413057 1.29897177 1.73767912 1.10321677 1.28758872
    1.02161777 0.974978983 1.01727498 1.19368243 1.76888585 0.847492218
    1.22280407 1.12683058 0.945423305 1.25141275 1.00556791 1.01026118
    1.74241412 0.968208313 1.72213173 1.60490084 1.45609176 1.39896512
    1.52114654 1.63250911 0.874299109 1.49788034 1.5939033 1.85147095
    1.31645584 1.50735676 1.53825998 0.92239821 1.29383719 1.08408821
    1.13804257 1.13926804 1.04823053 0.829342365 1.55872083 0.876266003
    1.57703638 1.24495637 1.14952433 1.5653609 1.05688608 1.69532609
    1.32097268 1.62582064 0.92331636 1.21192276 1.03514504 1.17366147
    0.996223867 1.01822519 1.00176418 0.82210809 0.962513626 1.40596044
    1.18805647 0.897144973 1.20811129 0.977887273 1.26968694 1.57056904
    1.34858453 1.56295311 1.83125699 1.33450973 0.900193691 1.26394963
    1.83416975 1.19729185 1.32848918 0.977355719 1.00582433 1.39919007
    1.83574009 1.26830852 1.44412374 1.00066173 1.85347676 1.1823076
    1.59168673 1.34939682 1.21338451 1.77930617 0.869224787 1.24399698
    1.39476871 1.67587411 1.33968198 1.63738334 1.81906664 1.2733531
    1.82113683 1.42875993 0.900263667 1.01924801 1.04641104 1.80714262
    1.6908561 1.28713441 1.42763412 1.37536931 1.33042645 1.19377685
    1.4880234 1.5705514 1.80136156 1.35403335 1.51635945 1.60415828
    1.45960498 1.33940804 1.00188208 1.78443491 1.62134874 1.09996724
    1.83630073 1.76204157 0.930221438 1.80413806 1.66550446 1.03421903
    1.01448524 1.40852964 1.45725143 1.18732774 1.53882325 1.78073347
    1.03207374 1.55906963 1.02798164 1.25302935 1.52017486 1.13649976
    0.925947607 1.02746868 1.41907108 1.44294608 0.963366151 0.835501432
    1.67688966 1.64588082 1.29352367 0.916580319 1.70072329 1.02345741
    1.16925228 1.79210579 0.848674953 1.3190124 1.5445236 0.852808475
    1.59680581 1.08886433 1.8215766 1.24805307 1.80626118 1.18224263
    1.63521004 1.32943761 0.957785368 1.83018053 1.7617625 1.07272124
    1.50876129 1.32614505 1.37396955 1.48134577 1.64220011 1.10893703
    1.7380892 1.73740184 1.92826557 1.71674311 1.23843491 1.5045352
    1.59556305 1.73180473 1.29183137 1.59118831 1.34898841 0.914637327
    1.26988351 1.74357235 1.2881099 1.50880563 1.75905073 1.8151865
    1.11219084 1.53928936 1.60683954 1.47481501 0.945820391 1.07477927
    1.66992486 1.29783404 0.93685919 0.882062137 1.36655188 1.63157642
    1.72646141 1.07845569 1.40566933 0.809993625 1.14037967 1.81379819
    1.60722995 1.02947879 1.8867501 1.72388089 1.83207297 1.55632246
    1.77520669 0.895995975 1.25979996 1.64367819 1.79272318 1.81034851
    1.68402421 0.921412051 1.28686941 1.41631186 1.63963938 1.41399956
    1.70951819 1.31547666 1.75244725 1.16030669 1.49652302 0.94211942
    1.07527173 1.19928026 1.53618789 1.55576277 1.88593316 1.28513932
    1.59214175 1.44528401 1.03195214 1.63775694 1.68050146 0.934412777
    1.57450724 1.48400915 1.60422349 1.86940467 1.36574924 1.26649928
    1.7650243 1.63606417 1.46481192 1.32252467 1.52187133 1.83025205
    1.43933964 1.72028899 1.18746138 1.30867672 1.36155474 1.37348747
    1.46576393 0.969189525 1.48816907 0.902434707 1.53933907 1.33693075
    1.45463336 1.31660151 0.851637661 1.04317796 0.985687971 1.59563649
    1.64715993 1.14715457 0.900404274 1.41795146 1.7717011 1.52654374
    1.12501776 1.59403026 1.71406674 1.13578534 1.36717296 0.951641142
    1.08592761 1.50221217 0.791172326 1.09535658 0.806751609 0.739747167
    1.36848485 1.40614808 1.13338017 1.50262403 1.24181867 1.3999269
    1.09548044 1.40358448 1.30682945 1.39755976 1.58219433 1.07948685
    1.31423795 1.05700457 0.953101039 1.52311885 1.5146333 0.842945576
    0.819185972 1.39319503 1.30165267 1.05431855 0.847266495 1.24868786
    1.05015743 1.08918262 1.18567538 1.02416289 0.952098429 1.61631644
    1.39844406 0.961791277 1.20268559 1.22812164 1.37838566 1.28241074
    1.24924803 1.65601242 1.1975745 1.49502242 1.54767573 1.46246314
    1.62123239 1.31882966 1.04602444 1.6646117 1.57737768 1.24298739
    1.67131424 0.933965027 1.48252344 0.911921322 1.59477699 1.61883175
    1.27445483 1.61275363 1.85869217 1.62789822 1.55228138 1.43182838
    1.25831413 1.4052608 1.41277099 1.24847972 1.42447424 1.72143817
    1.16709077 1.2823081 1.84958696 1.52754927 1.25365245 1.07832038
    1.37673497 1.43160164 1.11734307 1.55975175 1.32688475 1.83481193
    0.939273715 1.30859423 1.41375268 1.55837512 1.20371819 1.00280952
    1.38360834 1.75499821 0.949979782 1.81951237 1.33041835 1.32750344
    1.74375331 1.42344344 1.45303333 1.44059682 1.34410071 1.15504503
    1.27385712 1.03476918 1.69216168 1.12047589 1.55821872 1.09292126
    1.3742336 1.08329737 1.06176829 0.926105022 1.53367531 1.53320205
    1.78468466 1.81565964 1.7621429 1.61974382 1.49411118 0.816690326
    0.989629269 1.42223585 1.34541059 0.924493432 1.07403767 1.77978957
    1.34832478 1.71627796 1.60660923 1.83417332 1.67192435 1.80070686
    1.00974202 1.77573073 1.55555701 1.22295129 1.35197675 1.53913295
    1.29214859 1.55010188 1.87404299 1.75160265 1.88717127 1.44782841
    1.72531652 1.66062546 1.92618454 1.91380024 1.88850486 1.86251819
    1.37235808 1.16577291 1.10332561 1.22579134 1.05880821 1.61564279
    1.01787376 1.27955461 1.03306663 1.53156853 1.56140316 1.57853556
    1.21978295 1.61965168 1.77997315 0.906588733 1.4247582 0.849009037
    1.67717576 0.938290298 1.46085274 0.853163779 0.906160653 1.19209516
    0.881661117 1.08273256 1.46853244 1.16998494 1.36500561 1.35117388
    1.59027648 1.6032325 0.972709179 1.39257669 1.30038357 1.82077527
    1.7102288 0.960181653 1.04639256 0.842397392 0.885483384 1.08227158
    1.68491423 1.38327003 1.56373012 0.88950789 1.47822118 1.52390873
    1.79855084 1.7203933 1.85423231 1.63875091 1.54124153 1.06257069
    1.3728224 1.03780746 1.4887284 1.62981713 1.44089687 1.62913156
    1.72872913 1.38066661 0.976022124 1.6029917 1.42877662 1.10344958
    1.53713894 1.79724836 1.34256542 1.53350198 1.10936308 1.66470599
    1.32949567 1.26215184 1.26451647 1.01760626 1.03285861 1.57502294
    1.084602 1.46722972 1.07666194 1.1459434 1.46156073 1.45677364
    1.18802714 1.48101068 1.61576331 1.28375447 1.6584847 0.908247471
    1.66334271 1.59676254 1.33533609 1.38822508 0.941797495 1.00425208
    1.06717288 1.49564207 0.913054347 1.61547637 1.80236101 1.75383031
    1.63888681 0.925168574 1.77240491 1.03565633 1.69071341 1.53987336
    1.19941199 1.51705933 0.917821288 1.34653282 1.39822352 1.06938648
    0.953263164 1.23434627 1.0914557 1.11146533 1.53250539 1.0616523
    0.891554415 1.69891274 1.76562333 0.997183681 1.45569527 1.41574121
    1.40104842 1.40982437 0.856709123 1.6216042 1.73167729 1.29481494
    1.45651889 1.38092899 1.25357306 1.03855205 1.63845158 1.28269649
    0.993807971 0.905421674 1.67338312 1.8280524 1.7388531 1.20361197
    1.41678035 1.5816555 1.37300956 0.866996169 0.906355739 1.48525822
    0.948661864 1.34238076 1.5628686 1.57706451 1.73656011 1.7913394
    1.28030229 1.23546767 1.04872167 1.83115482 1.6697154 1.06296206
    1.06832945 0.918240607 0.930692136 1.00436711 1.09053087 1.66737938
    0.947709739 1.48778915 1.12511408 1.31366205 1.40927446 0.951447964
    1.07491589 1.50972462 1.86465669 1.48045754 1.45003712 1.19097757
    1.71461451 0.897455871 1.72341287 1.69995642 1.00369287 1.39744484
    1.1927489 1.24787807 1.40391386 1.39377558 0.997826517 1.76503682
    1.51208806 1.61446619 1.71629643 1.35576046 0.935558259 1.56321907
    1.47796023 1.81494761 1.0349431 1.6626569 1.60574567 1.87264991
    1.23289299 1.79480052 0.895456493 0.89897269 1.25619078 1.69913936
    1.53826153 1.24604392 1.5407238 1.05831456 1.44860184 1.01628816
    1.07249975 0.91517055 0.99919194 1.08795071 1.26888824 1.4916091
    1.59544921 1.54244351 1.18691075 1.10472715 1.21431708 0.870941937
    1.30757177 1.51242805 0.954079866 1.58619297 1.01209772 0.919333577
    1.60118175 1.74759746 1.35113013 1.6767782 1.05156398 1.09882104
    1.55145228 1.61702013 0.929445207 1.20285487 1.14567268 1.08154523
    1.50927448 1.63369465 1.29621947 1.82178569 1.93754482 1.80117822
    1.50638402 1.56197464 1.5829612 1.69471312 1.83289742 1.37305892
    1.20025277 1.36448073 1.29122698 1.66234863 1.52894866 1.4666146
    1.84048831 1.36916506 1.85639954 1.88432193 1.89758623 1.91571474
    1.08057797 1.6376704 1.73715067 1.68362451 1.81424987 1.23858237
    1.4043138 1.07768238 0.926060498 0.862098575 1.15478194 0.904996037
    1.41648269 0.990736842 1.52794266 1.48477042 1.24856567 1.41978347
    1.78845811 1.44113636 1.12111378 1.76989663 1.46141565 1.79258657
    1.06394863 1.39771736 0.93195504 0.871988714 1.10492563 0.960642159
    1.50357771 1.49306679 1.83005822 1.44522488 1.38373768 1.47515118
    1.10627794 1.6596781 1.62682223 1.62040973 1.35671484 1.54984987
    1.01196551 1.87470555 1.50825322 1.89479887 1.85013199 1.12047374
    1.73291969 0.883795083 1.50726819 1.27117395 1.24886644 0.952638626
    1.38315237 1.10128212 1.87748468 1.33277977 1.10178626 1.10552621
    1.56296837 0.842222571 0.836912632 1.2875104 1.32918918 1.07542074
    1.33039761 1.47194636 1.46883643 1.18295121 1.32199955 1.63413703
    1.70972538 1.2624352 0.951369464 1.67180073 1.63390398 1.74612975
    1.07408345 1.39606941 1.41154432 1.22378314 1.51522088 1.2850244
    1.37604785 0.946977317 1.46274173 1.30610645 0.991797388 1.4848398
    1.66898572 1.63193452 1.45022726 1.11052454 0.697782159 0.67584306
    1.22492659 1.14060092 1.03802168 0.967735112 0.752506375 1.5906384
    1.25197339 1.25698173 1.66435361 1.74786186 1.69285882 0.954143167
    1.66429627 1.76978731 0.820251286 1.11552036 1.32641292 0.96640265
    0.811883092 1.69257116 1.24267507 1.62314677 0.98936373 0.870158613
    1.13007927 1.08329999 0.989136755 1.72652745 1.68501759 1.28172636
    1.62355578 1.71281493 0.972001612 1.86810017 1.36096227 1.14220238
    0.994278729 1.15556169 1.56568253 1.84223723 1.19437826 1.64058852
    0.970609903 1.07747602 1.62434053 1.14518344 1.88700151 1.33905458
    1.48163903 1.09567726 1.22631347 1.1235925 1.7614994 1.64894366
    1.24046385 1.19155133 1.58754885 1.16715157 0.870186687 1.36997974
    1.64636385 1.56425071 1.1155045 1.81016922 0.925907969 1.7196101
    1.87543762 0.929851413 1.09487343 1.46090877 1.5322156 1.32311356
    1.35300505 0.976531804 1.28448176 0.912126184 1.66858184 0.893228769
    1.30121624 1.01624393 1.09322774 0.906979561 1.65178454 1.77692282
    1.23848903 1.3277247 1.00103986 1.58620167 1.15554392 1.61473131
    1.36528337 1.69677591 1.84270668 1.58921206 1.64084971 1.60622931
    1.49282825 1.51569593 0.873559594 1.51387966 1.44163799 1.69209504
    1.48517227 1.24140632 1.40540206 0.829345763 1.19388402 1.21338129
    1.76081693 1.73830605 1.29743075 1.11518931 1.02045131 1.01143932
    1.01629794 1.76426363 1.26530051 0.994875968 0.830303788 0.934396029
    1.22276425 1.29578638 1.79605627 1.5801661 1.70551538 1.79756677
    1.42618501 1.11758637 1.44267809 1.14304614 1.00819755 1.58116734
    1.1526581 1.08962023 1.6799736 1.67481685 1.3466047 1.69581318
    1.51106131 1.82805562 1.66468048 1.17783439 1.83617365 1.51403403
    1.96568012 1.67421556 1.04488707 1.5270046 1.43881047 1.28350556
    1.67576408 1.78511453 1.86786342 1.23187244 1.87013924 1.76769578
    1.73987293 1.71638596 1.7075038 1.76281083 1.45544374 1.48360419
    1.70373929 0.861703396 1.11715841 1.41254854 1.71193039 0.814335823
    1.19686127 1.56047606 0.839610815 1.79994678 0.847265065 1.8269949
    0.968085945 1.68235898 1.36924863 1.66989183 1.82871687 1.19620836
    1.83884811 1.23348558 0.960790813 1.7890681 1.02627337 1.82235205
    1.59344184 1.77585185 0.934114099 1.22737885 1.46388614 0.914040387
    1.69218409 1.19925499 1.37646914 1.17116511 1.76982307 1.29996169
    1.85209703 0.965335011 1.81556988 0.924490631 1.30743945 1.73182881
    1.01195359 1.21496499 1.59046113 1.67572808 1.60157657 1.53375471
    1.61254847 1.51941741 1.67669392 1.00950348 1.8030206 1.89004827
    1.1149193 1.16100168 1.63701558 1.73539734 1.08868241 1.63300347
    1.11138666 0.940255046 1.14268756 1.63305545 1.37777674 0.904786706
    1.27491724 1.70811057 0.940023243 1.81283796 1.78282452 1.25655639
    1.67757905 1.40225053 1.0052048 1.70388031 1.21787131 0.864832997
    1.57605207 1.57581377 1.77400613 1.71413696 1.1506412 0.873689473
    0.872496247 1.22027206 0.948437393 1.77661729 0.859895468 1.47910166
    1.48333824 0.864924669 1.68740618 0.658552527 0.518115759
    0.794891894 1.4682864 1.47383606 1.50723577 1.05545783 1.50755012
    1.64060235 1.42049086 1.19081128 1.13739073 1.15826082 1.45861983
    1.49018896 1.72279632 1.00543189 1.07490337 1.11769211 1.17844439
    1.06862974 1.35125518 1.281744 1.61201906 1.04060352 0.981255233
    1.22619426 1.52202523 1.35215187 1.27088714 1.84949195 1.05221367
    1.83037865 1.3629235 1.78296483 1.58223283 1.36009622 1.59093201
    1.57385433 1.30460715 0.891968727 1.82105875 1.7631588 1.05553675
    1.45239186 1.80717206 1.65490055 1.86224437 1.81380641 0.996372044
    1.3416425 0.990418792 1.31685424 1.4010278 1.78392375 1.68996429
    1.18473315 1.20181215 1.34701478 1.21249211 1.02939641 1.11217153
    1.67724371 1.58762479 1.84948504 1.76499081 1.59382379 1.84864533
    1.16073787 1.49581838 1.38613164 1.62303841 0.984936714 1.77903771
    1.53819144 1.13092935 1.02043438 1.69902384 1.46889627 1.59056914
    1.31057179 1.22392809 1.786358 0.990935206 1.26259255 1.26844311
    1.85769057 1.23074603 1.4492811 1.17342484 1.8769803 1.19033086
    1.69641924 1.7716794 1.50368285 1.50620461 0.985778213 1.16989756
    1.38654172 1.40678847 1.75377738 1.30682969 1.7020005 1.64426148
    1.37010598 1.11199045 1.2777487 0.817531168 1.13454533 1.61155486
    1.74489772 1.42982686 1.04131186 1.15730143 1.61322606 1.1482172
    1.41186917 1.3319943 1.39824986 0.957511485 1.32611299 1.13395
    1.26262081 0.992357135 1.32656729 0.888221323 1.10102808 1.38297296
    1.46319962 1.63430548 1.23984349 1.74409378 0.891149759 1.6997658
    1.68295813 1.01724529 1.32345176 1.53342617 1.2257148 0.979500532
    1.45257139 1.73089969 1.34764743 1.85596907 1.68623102 1.12889481
    1.58761346 1.54035962 1.68703353 1.42806053 1.49464047 1.51548779
    0.984639764 1.86573803 1.81108332 1.85752022 1.4576937 1.44488955
    1.5747205 1.39081347 0.949608266 1.3747741 1.3729161 1.09724712
    1.18286109 1.61804533 1.29507685 0.966000676 0.860612094 1.49205506
    1.35957861 1.14668357 1.02693069 1.71864235 1.37236893 1.56405795
    1.40339208 1.67586577 1.09090066 1.28775203 1.86476851 1.6271981
    1.18141651 1.05049396 1.26237011 0.984096348 1.66371334 1.62159467
    1.6426332 1.40531611 1.8602289 1.36371136 1.26834273 1.02362108
    1.20838821 1.28746545 1.71610296 1.15487373 1.42524374 1.21066701
    1.62714005 1.60817361 1.2382741 1.17008877 1.43673682 1.68774235
    1.77582979 1.46104443 1.61809897 1.28345799 1.12106133 0.951978326
    1.45343828 1.74846697 1.14698792 1.7807337 1.24862123 1.53197002
    0.964890778 1.05634117 1.21077144 1.52005315 1.82165384 1.54441249
    1.7003895 1.23152375 1.33718872 1.19816542 1.14005518 1.15777314
    1.1027081 1.492365 1.42985451 1.64174366 1.25213039 1.3075763
    0.92443943 1.30097127 0.875990868 1.44124103 1.49870586 1.25368154
    1.12001014 0.826845884 1.04009879 1.03575611 1.23464966 1.65748692
    1.10721445 1.01723504 1.69277704 1.58577359 1.12743092 1.09356916
    1.52770388 1.30209565 1.47828996 0.689510584 0.921261609 1.27858365
    1.58370352 0.922834456 0.822628319 1.20193577 1.47706914 1.52548993
    1.1111443 1.35868454 1.15693724 1.12625992 1.45622778 0.842135251
    1.56926513 1.65945315 1.61950517 1.25503528 1.50898576 1.07376921
    1.39847958 0.859927356 1.23668849 1.58223271 1.21505249 1.04042196
    1.54338264 1.56139946 1.01680958 1.16008794 1.04996502 1.53384495
    1.01333308 1.58726323 1.59555328 1.62549198 1.26332915 1.59939981
    1.05164814 1.67437303 1.42269588 1.13635457 1.35681558 1.49228704
    1.40735352 1.37171662 1.25067568 1.15460241 1.53583539 1.05915737
    1.74597383 1.01873064 1.2173146 1.00259101 1.33662593 1.83276892
    1.53621483 1.15634882 1.63231754 1.07296014 1.2108041 1.48359442
    1.53361452 1.32065499 1.16393769 1.14675522 1.8257333 1.03196943
    1.66638672 0.915122807 1.32128513 1.46151638 1.12571084 1.24183476
    1.37992287 1.32767081 1.07899439 1.39740396 1.63157845 1.41621399
    1.17859852 1.55802417 1.74623966 0.953247488 1.57542181 1.06442475
    1.18772697 1.04515982 1.52686346 1.31744993 1.63641012 0.979257405
    1.29917669 1.18525505 0.850153625 1.01436365 0.939293623 1.30396497
    1.68380308 1.70598364 1.47647655 1.30197775 0.940549672 1.57192075
    1.48997343 1.02346849 1.07925212 1.78975093 1.55043495 0.920445204
    1.43253958 1.44609332 1.60306847 1.014817 1.49945927 1.0740366
    1.12083542 1.71430016 1.67089784 1.59291208 1.11555851 1.72084951
    1.2722702 0.903146505 1.73468471 1.2577951 0.984804928 1.37822568
    1.40630496 0.943238258 1.60066795 0.992983699 1.71493351 1.14485323
    1.18023908 1.02938402 1.80411482 0.920311153 1.4707576 1.65716195
    0.98398602 1.9182415 1.77031124 1.33806777 1.31780541 1.73088801
    1.60183489 1.35790837 1.68815374 1.87616873 1.13502479 1.62512982
    1.21789122 1.4669174 1.61767781 1.09819126 1.84616709 0.973611236
    1.67271411 0.975080132 1.63456511 1.64154065 1.82501328 1.43306625
    1.2546407 1.62572467 0.890801668 1.135252 0.938377321 0.820900381
    0.968754053 1.71119654 1.6888454 0.918900371 1.04762435 1.2354002
    1.5530746 1.81721902 1.67328 1.53827798 1.72221673 1.45092368
    0.99396342 0.923938751 1.32716739 1.0723443 1.40707529 1.36262023
    1.22200239 1.85469377 1.55235183 1.39785004 0.919410586 1.05052304
    1.52860379 1.43743145 1.502262 1.779706 1.41574895 1.02984798
    1.54870284 1.01452792 1.78824162 1.57727981 1.75624657 1.44160366
    1.38257205 1.12834215 1.4352318 1.63010859 1.0993315 1.36173129
    1.34440982 1.31503344 1.43495643 1.77768385 1.78922808 1.61233401
    1.32276785 1.3182621 0.865511417 1.03466296 1.08965683 1.79922616
    1.06168032 1.78121471 1.19639027 1.75133324 0.889548123 1.19869184
    1.19684923 1.81015611 1.58666325 1.81540608 1.74597752 1.73058522
    1.6611402 0.861236513 1.62927651 1.15826511 1.31258118 1.11305606
    0.908727705 1.4475069 1.02541411 1.54338121 1.71569121 1.12594914
    1.0403415 1.75222921 1.36414587 1.43632841 1.34476662 1.52826941
    1.28976488 1.32213986 1.37767088 0.850960493 1.31759632 1.67497838
    1.16809094 1.74745464 1.2992698 0.945426047 1.52583241 1.5187192
    1.24768329 1.18669689 1.00841832 1.16252649 1.13816488 1.43360579
    1.31318319 1.11432219 0.902469814 1.17633474 1.70183682 1.20772409
    1.80329466 0.854651988 0.897411644 1.4317801 1.26922286 1.68118453
    1.51806605 1.87193036 1.69264245 1.38009751 0.941500068 1.45563877
    1.54025805 1.33031166 1.35675561 1.45871365 1.66079557 1.58512974
    1.35938919 1.30088687 1.09136021 1.29336441 1.80482173 1.07461774
    1.78669572 1.06388795 1.66533875 1.80754054 1.31929326 1.77780092
    1.63468099 0.84793365 1.75130534 1.48363912 1.76786578 1.40490985
    0.968900561 1.19808161 1.21777964 1.36175966 1.85318339 0.941863835
    1.48851812 0.937927246 1.66238463 1.74927318 1.8353945 1.44270194
    1.75998259 1.43930626 0.992060363 1.45251834 1.49249494 1.36514723
    1.21712399 1.73438251 1.27626324 1.3446914 1.71085238 1.84289026
    1.81240857 1.19455063 1.46223402 1.56658804 1.68548572 1.27771056
    1.57598531 1.41473329 1.41124296 0.914288223 1.17907858 1.48628807
    1.39352608 1.80416965 1.49012768 1.25007403 1.54111814 1.75554514
    0.875332892 1.35958946 1.79126418 1.31469607 1.73291922 0.862208962
    0.797694385 1.66631413 1.00208807 1.17396867 1.19531262 1.26810062
    1.76725864 1.35940373 1.85540962 1.7953887 1.15758336 1.47631383
    0.973208427 1.34689975 1.01390564 1.55693197 1.27094996 1.58248353
    0.871649921 1.49865305 1.26293015 1.73160183 1.24840152 1.66361451
    0.894213438 1.48142207 1.73042214 1.3691591 1.31887901 1.13952947
    1.48432148 1.63152218 1.20240235 0.996540308 1.01704526 1.68835104
    0.99943918 1.49312091 1.58649814 1.0712862 1.88342679 1.1170541
    1.74372435 1.56381226 1.55822957 1.77045083 1.57612896 1.07724833
    1.2608732 1.69375241 1.36661303 1.32031405 1.05034375 1.09526908
    1.57514381 1.84645855 1.73051 1.39148033 1.25453842 1.10061514
    0.893357038 0.911468148 1.7720691 1.040259 1.70271182 1.36288667
    1.42350793 1.69009995 1.344926 1.56448042 1.63888156 1.08704352
    1.628227 1.39288807 1.45457494 1.78606772 0.875847816 1.21745288
    1.28244197 1.35460258 1.26811075 0.960600197 1.32817459 1.62052059
    1.66752183 1.84392905 1.7598865 1.79296374 1.78828979 1.25369143
    1.35537016 1.35330629 0.910660863 1.31574762 1.18224347 1.01079047
    1.11395991 1.59881091 1.1423049 0.895255804 1.24971998 1.37291431
    1.38083529 1.01626873 1.87237477 1.02834809 1.03540802 1.4382087
    1.48250842 1.6449064 1.76163721 1.36288095 1.02875292 1.48830819
    1.02216244 1.00235593 1.5865258 1.41674483 1.67636406 1.72305024
    1.82720447 1.21571589 1.77146351 1.71750784 1.52004015 1.10997427
    1.75829804 1.13717461 1.22701585 0.915641606 1.28313696 1.8281132
    1.42603111 1.02059793 1.42402911 1.10486245 1.65208316 1.41566217
    0.919696152 0.803769231 1.19841099 1.48870492 1.62032211 1.13896
    1.33425307 1.73486269 1.46811128 1.03394854 0.893383145 1.40819895
    1.39743316 1.24107432 1.47861981 1.55814052 1.20440626 0.933993518
    1.09649765 1.48398304 1.3462491 0.921453476 1.66001081 1.0012697
    1.1688472 1.10462737 0.836362898 1.44648564 1.32720315 1.03307307
    0.942068577 0.853351116 1.31060183 0.975459337 0.992790759
    0.992789447 1.70471096 1.15480721 0.902081728 1.61245501 1.27883506
    1.46409667 1.65627968 1.10756969 1.16378665 1.47804081 1.64511991
    1.7356838 1.30870044 1.15101659 1.87346232 0.935585439 1.43996453
    1.07736099 1.34143233 1.34260917 1.17672503 1.31177366 1.40695286
    1.33291471 1.13974905 1.62661541 1.46067047 0.983100951 1.35791135
    1.80181253 1.35101962 1.36050689 1.82450819 1.20388627 0.97565788
    1.50143552 1.31557918 1.55912209 0.957119763 1.87685859 1.61389792
    1.80872667 1.25197542 1.15081656 1.48330677 1.00997078 1.32648695
    1.77206719 1.50297582 1.6304127 1.11834621 1.22784531 1.04104304
    1.38061607 0.99491626 1.24451685 0.879189253 1.60305119 1.69568157
    1.8710531 1.64854193 1.78465927 1.4485929 1.23235464 1.50121093
    1.45398259 1.77329183 1.56405032 0.926958621 1.34243512 1.13350391
    0.827703536 1.32563365 1.0114547 1.25068653 1.01086938 1.69576573
    0.988669455 1.48769403 0.959347546 0.953747749 1.57404625
    0.935790122 1.18956089 0.870518625 1.14392149 0.997116208 1.13177919
    0.897215009 1.2240839 1.6093142 1.62263441 1.75357628 1.67765093
    1.84532642 1.21773744 1.7286129 0.924490511 1.38229609 1.77756917
    1.40622699 1.2556119 1.15848482 1.06851244 1.0905757 1.43593717
    1.06415379 1.70041919 1.56059301 1.55913055 1.31527829 1.24027002
    1.03835142 1.15926754 1.66160917 1.47176778 1.56981134 1.30315995
    1.68896759 1.8575393 1.1498065 1.17490411 1.32457674 1.6904918
    1.6308583 1.72638273 1.4178257 1.72352302 1.76013434 1.31443715
    1.51123405 1.13120043 1.11496723 1.51532471 1.7617619 1.81895542
    1.22332752 1.84375989 1.3064692 1.53695416 1.28728235 1.47016346
    1.52006352 1.5956043 1.41476095 1.1610564 1.50729012 1.52882314
    1.86439013 1.48409104 1.92091668 1.22682416 1.5196799 1.50135911
    1.17469084 1.11411917 1.83277345 1.78400409 1.21393979 0.850537837
    1.44245207 1.2044971 1.65932488 1.34062874 1.53976774 1.02496696
    1.8119992 0.876495779 1.37057376 1.20067775 1.09496272 0.895636618
    1.32660615 1.2382369 1.20711315 1.6712836 1.72514606 1.82259083
    1.40523565 1.1801722 1.69511604 1.8270098 1.22419906 1.57617664
    1.00366604 1.14357245 0.98304671 1.82035673 1.74200428 1.63786221
    1.12928092 1.65079057 1.06382322 1.2236551 1.68113458 1.33289802
    1.75048745 1.06289089 1.66574848 1.67772925 0.932388425 1.42013323
    1.41129112 1.26626492 1.54724944 1.13718152 1.39096558 1.11197162
    1.13156879 1.10024166 1.46160841 1.08015263 1.40636206 1.22249508
    1.82600212 1.58970881 1.6258049 1.53552258 1.65452075 1.09656453
    1.21420431 1.15776777 1.45047617 0.837757766 1.24300003 0.832217932
    1.01351881 1.18101645 1.24868286 1.44121885 1.22675169 1.38250947
    0.720643461 1.27009678 1.30019093 1.38079071 1.69710886 1.76361227
    1.54106939 1.12373805 0.902044535 1.56047785 1.44806528 0.908225894
    1.67730486 1.28393209 1.3784163 1.15479803 1.23812997 0.865222573
    1.81311929 0.852962136 1.50701427 1.64860272 1.10039771 1.66474259
    1.45171046 1.81558394 1.18122196 1.66278541 1.53441024 1.6908704
    1.16131461 0.90196842 1.27512467 0.882808685 1.58245671 1.54794049
    1.73841369 1.48262978 1.72602534 0.992325664 0.98760128 1.53859198
    1.57171535 1.4616468 1.61853516 1.21232998 1.03062427 1.15541911
    1.44411838 1.40043616 1.57063556 1.03599703 1.09032094 1.07876861
    1.14534187 1.58313251 1.48828268 0.996466935 1.37453461 1.20099342
    1.63084078 1.43782914 1.52745104 1.0715785 1.86036789 1.69032764
    1.71881282 1.86340785 1.86986089 1.52755129 1.81609404 1.68677521
    0.923795581 0.966344714 1.47661602 1.26768184 1.72137439 0.874993622
    1.73690927 1.04642463 0.950864315 1.31551337 0.931551576 1.03302741
    1.28263819 1.03634262 1.84041619 1.74552882 1.71205735 1.79350984
    1.2999382 1.74094212 1.44824731 0.915114343 0.91436398 1.43092477
    1.00564742 1.20341837 1.06874061 1.21624064 1.22256732 0.840222716
    1.56540954 1.77004457 1.33494139 1.10007393 0.861147821 1.21825469
    1.54951739 0.820980012 0.952208936 1.1637671 1.32119358 1.15933597
    1.41348314 1.86500835 1.09470499 1.28400934 1.65377617 1.65965796
    0.880103588 0.941814065 1.05281246 1.11591756 0.930992186 1.13565052
    1.40329158 1.11604142 1.04703617 1.50449634 1.80555582 1.50784183
    1.06243825 1.50968146 1.36866546 1.79908574 1.38507509 1.26305163
    1.36725879 1.53756475 1.52798939 1.58756006 0.966835499 1.42729998
    0.983307421 1.49256039 1.61931944 1.20349705 1.40082014 1.20993268
    1.47622788 1.88967907 1.59573281 1.37698209 0.96402508 1.18013048
    1.06452918 1.14171875 1.70958745 1.04197729 0.985377729 1.40569019
    1.31343937 1.76568067 1.32761919 1.19512606 0.976420641 1.22293198
    1.30747378 1.84669006 1.37536776 0.971479774 1.8588357 1.58675981
    1.90753412 1.56874514 1.35697794 1.01956499 1.10653925 1.62874103
    1.37536037 1.09973919 1.06359434 1.70535815 1.32725728 1.06586885
    1.83375311 1.51137483 1.80762291 1.54764497 1.72931135 1.17795587
    1.43760204 1.23967063 1.53947842 1.28955054 0.893770933 1.3221823
    1.70227218 1.16272354 1.50944829 1.4249711 1.13777161 1.39348197
    0.902664125 1.34071398 1.72329247 1.31959128 1.84717965 1.86398685
    1.71976686 1.49606597 1.59161353 0.8998698 1.66172743 0.934712589
    1.30999243 1.71759021 1.27645493 1.24666202 1.30835891 1.442927
    1.66571069 0.856848359 0.968735158 0.86587739 1.65437579 1.53201342
    1.2081337 1.01451957 1.17291188 1.84124386 1.87357056 1.03342354
    1.38921654 1.26181066 1.1282537 0.914125979 1.06627512 0.987499833
    1.35534108 1.48176789 1.17577124 0.968809605 1.54007316 1.57261181
    1.15929699 1.03549767 0.964095414 1.38073421 1.09189391 1.31257749
    1.29336512 0.775423765 1.30185735 1.21104479 0.736621499 1.02841008
    1.21622229 1.06723332 1.54374182 1.46605122 1.68165267 1.25061047
    1.56595898 1.48126686 1.12390542 1.04889405 0.882820606 1.48665094
    1.35446727 1.53129244 1.60119975 1.05740404 1.49569893 1.20826244
    1.64995778 1.54328823 1.40082359 1.69435561 1.74860048 1.51470184
    1.40972567 1.47044408 1.38316536 0.932328701 1.74791086 1.3661809
    1.35079753 0.885393143 1.2719276 1.84344566 1.18516982 1.84824431
    1.56036818 1.77684999 1.52624798 1.12910306 1.27961469 0.864959419
    0.879638195 0.933313787 1.17322707 1.05429912 1.76290631 1.19571161
    0.981049657 0.912319183 0.905037045 1.0098964 0.924260497 1.4900769
    0.955410302 1.06397319 1.00992882 0.858649731 0.854401648 1.53707242
    1.3272872 1.62342632 0.910087764 1.42410398 0.958401859 1.28934669
    1.44693542 1.39086175 0.913149953 1.6075803 1.1637224 1.39490068
    0.946188271 0.942865014 1.42993224 0.904739082 1.80549526
    0.982577741 1.1187501 1.80311704 1.86086679 1.33643186 1.30614352
    1.28249443 1.56526279 1.17629457 1.1959188 1.7708348 1.84725356
    1.23931921 0.855548024 1.11951578 1.54063725 0.945144653 1.64688158
    1.60196757 0.825343013 1.01485777 1.23007286 1.44571042 1.16831601
    1.41089976 1.64735913 1.40916085 1.76678538 1.12494016 1.44831634
    1.09141672 1.06651962 1.76915979 1.36504412 1.8420825 1.03031743
    1.29862583 1.63988483 1.54150534 1.88554525 1.60906196 1.74357963
    1.13189363 1.00716805 1.16156936 1.55135143 1.41904187 1.49298823
    0.946989357 1.27321744 1.47540522 0.964087009 1.6277802 1.4379338
    1.79940736 1.70942724 1.74437737 1.39075482 1.28231931 0.897537529
    1.63304675 1.59473908 1.74575198 1.58417237 1.5813123 0.908076465
    1.53674448 1.06636035 0.953343749 1.67680609 1.26286423 1.23982644
    1.66750681 1.3615067 1.63587689 1.67218757 1.56060541 0.980029941
    1.36905205 0.923247457 1.12134838 1.18544495 1.28939831 1.24127126
    1.48394167 0.985020339 1.29151917 1.62748718 1.23250973 1.46127832
    1.39499819 1.06567812 1.54260659 1.58989 1.63635886 1.90206611
    1.67009199 1.52870953 0.973299503 1.53948057 1.44180882 0.856699347
    0.950418651 1.10024929 1.62358499 1.58119929 0.876517773 1.11581445
    1.2440908 1.39647627 1.46596432 1.52856708 0.900896132 1.12026131
    0.872589946 1.71373713 1.74682784 1.12484777 1.13863659 1.00237274
    1.1054498 1.34058499 0.973656654 1.34527194 1.67276692 1.32400441
    1.50031257 1.2090832 1.11431372 1.35497916 1.75507903 1.49407148
    1.4584955 0.992073357 1.10823369 1.41261077 1.50496042 1.03502083
    1.36093926 0.96236062 0.947676182 0.940833747 1.24761844 1.49904323
    1.59548223 1.71006775 0.860808492 0.858259618 1.23940647 1.57225323
    1.37268245 1.16207242 1.74186683 1.27280605 1.80632389 1.82387817
    1.74997926 1.28723085 1.47553217 1.11189377 1.77830637 1.09810603
    1.26080513 1.36313152 1.40443861 1.2835232 1.60644841 1.38015366
    1.01832187 1.00978017 1.56460321 1.38130736 1.21390784 1.08561504
    1.50654507 1.51869774 1.3478725 0.523439586 0.949918985 0.949623406
    1.272277 1.47647643 1.38437188 1.81292188 1.06101096 0.935821772
    1.28420007 1.17957652 1.31160581 1.03601122 1.6372627 1.70547426
    1.47934949 1.68009984 1.03325021 1.38824272 1.2083596 1.19554412
    1.1312896 1.5561918 1.71811223 1.69055963 1.16294968 1.2070173
    1.37645435 0.952636302 1.46552992 1.46382833 1.49705887 1.76431346
    1.26254618 1.17302155 1.31721926 1.81825662 1.5014981 1.42851985
    1.62484348 1.25151289 1.5833478 1.39262629 1.15363526 1.12031734
    0.864924848 0.838029385 1.09980106 1.26332402 1.16979897 1.51094949
    1.80879188 1.01754749 1.83837223 1.67471278 1.53306699 1.30902433
    0.995610058 1.71730518 1.51906824 1.62204492 1.07074499 1.17200875
    0.909657657 1.66693127 1.55256009 1.64792895 1.85257471 0.97919476
    1.32861495 0.985075176 1.39636147 1.70680678 0.903165817 1.27903867
    1.32940137 0.958385587 1.74889934 0.917565107 1.25735271 0.963756502
    1.80480111 1.77404737 1.73403645 0.911775172 1.75312042 1.77237737
    1.38617909 1.46094334 1.43038189 1.30924761 1.73566604 1.21796989
    0.945365489 1.17637467 1.6505028 1.67497587 1.37434578 0.927603841
    1.23019707 1.68868017 1.57605422 1.72109044 1.48754859 1.17885649
    1.27893484 1.72709835 1.67410958 0.919143379 1.48365557 1.76661038
    1.62806523 1.51487267 1.84126699 1.64539433 1.69546974 0.91814512
    1.7593689 1.37433481 1.28013384 1.13361859 1.22047007 0.868948221
    1.75547695 1.51378441 1.52004731 1.02681136 1.52645946 1.32412159
    1.27316642 1.34917665 1.01886129 1.30975688 1.00263751 1.20040262
    0.9870103 1.5526861 1.77789998 1.52876663 1.60312402 1.77865827
    1.52896369 0.935699403 0.863019168 1.11402869 1.51916587 1.02176058
    1.28690231 1.67993116 1.32474101 1.65802026 1.27347898 1.30500174
    0.978101611 1.07477045 1.72540128 1.45565915 1.45830131 1.01222157
    1.54366648 0.991485357 1.39144993 1.10004234 1.16566277 1.40557814
    1.76171911 1.31436455 1.28900063 1.07912457 1.8234154 1.5461514
    1.42675185 1.7766552 1.5645963 1.14064467 1.55595934 1.60528767
    1.10462081 1.00155604 1.69621003 1.2297771 1.51207948 1.26460075
    1.43322325 1.77553511 1.26222527 0.994046628 1.45006454 1.37519217
    1.32512581 1.11141527 1.32124794 1.60720468 1.33631098 1.69118774
    1.27094007 1.72990775 1.00199568 1.56313777 1.05360162 1.01037216
    0.989769995 1.36469209 1.60596228 1.11532474 1.24161637 1.28444064
    1.44101071 1.60264027 1.06159925 0.934970021 0.985683441 1.28263545
    1.57061267 1.54323566 0.885271668 1.12728393 1.43551171 0.794614434
    1.12397301 1.18719268 1.25098956 0.881171823 1.33688414 1.24466074
    1.29547906 1.69809866 0.824374557 1.71356201 1.26886201 1.5887804
    1.32209086 1.85685873 0.929943085 1.65271449 1.75356841 0.940417767
    1.48213303 0.935974002 1.0659703 1.20212448 1.00682092 0.967619896
    1.81093585 1.74438858 1.3001008 1.76009953 1.15975213 1.21534896
    0.852580667 1.77473342 1.25681937 1.22428262 1.39120328 1.53949463
    0.754027009 0.764528036 1.39023185 0.847527802 1.02271259 1.18580353
    1.36341631 1.76321411 1.48175406 1.25442374 1.00443208 1.42659414
    1.24327493 1.13664162 1.54618013 1.76794016 1.65785992 1.21377659
    1.30272567 1.82169807 1.03525877 1.76378369 1.31847095 1.80690432
    0.937512457 1.59945953 1.3330003 1.0713222 1.12078512 1.24084449
    1.72562587 0.987092793 0.929366112 1.48606002 1.06295884 1.88313174
    1.45200157 1.32113075 1.28893745 1.02091289 1.1351701 1.14241314
    1.08409047 0.915212333 1.57824576 1.43146241 1.72728336 1.2101326
    0.817026198 1.79468465 0.948590338 1.66054189 1.68259323 1.09277332
    0.937046945 1.27079773 1.42811203 1.2427249 1.39904845 1.00576794
    1.2585628 1.10992968 1.09596312 1.54506576 1.00352502 1.75887227
    1.3922478 1.35294437 1.46720123 1.86462152 1.52389514 1.69593847
    1.13629711 1.28808963 0.829137325 1.54026902 1.73115849 1.67396355
    1.05434239 1.22749233 1.16917145 1.47732055 1.26248133 1.00801373
    0.894602656 1.46397936 1.40550733 1.64293408 1.17299223 1.13542247
    1.15116572 1.07279086 1.04183888 1.56739676 0.806484103 1.16216612
    1.26019216 1.61680686 1.13396692 1.30889082 1.50475585 1.14015543
    1.00679457 1.25126588 1.33868945 1.47592628 1.54605067 0.993200421
    0.920928836 1.38883042 1.75816119 1.30881691 0.880069315 1.40435684
    1.17996788 1.14286244 1.8075521 0.928965747 1.71777499 1.23712277
    1.11706531 0.887285769 1.41083598 1.81180251 1.7846266 1.82921028
    1.48729336 1.7132901 1.36581969 1.82645643 1.74888861 1.13520026
    1.70101428 1.60852265 1.32834744 1.30952835 1.03556347 1.83562565
    1.16745245 1.2270261 1.33745456 1.71681488 1.22658587 1.38374412
    0.867902756 0.810549259 1.0418731 1.02279532 1.44244432 1.064237
    1.67514241 1.67944849 0.913848698 1.3103776 1.019835 1.47532582
    1.6701777 1.51726258 1.23562288 0.995013833 0.953045487 1.59726989
    1.00286818 1.75539839 1.45944691 1.69770253 1.58041716 0.967086792
    1.3305136 1.70918047 1.41399133 1.1776464 1.47346151 0.996859848
    0.921987116 1.60591471 1.04337037 1.81939363 0.985243857 1.36674833
    0.945794642 1.48464143 1.45421386 0.99604845 1.65441942 0.965938628
    0.917095423 1.70172524 1.58090878 1.35070395 1.50791836 1.44388676
    1.85096025 1.25232267 0.931931555 1.27322614 1.39628077 1.57202387
    1.39138174 1.03388834 1.40988469 0.897514939 1.45140231 1.32906234
    1.42357242 0.893500805 1.11497128 1.22760248 1.35412967 1.63573527
    1.66764927 1.56719911 1.02003789 1.8481791 1.10770702 1.69168222
    1.44771516 0.891247869 1.39142096 0.860927641 1.48599899 1.39975393
    1.75888038 0.956861079 1.12095749 1.28769934 0.91132313 0.902376115
    0.940787256 1.14528477 0.921351552 1.48628247 0.882822871 1.23720443
    1.62280321 1.34364796 1.81519258 1.25072241 1.33964515 1.69427621
    1.54269361 1.56150019 0.824751854 0.861162305 1.13035011 1.59634972
    1.27233624 1.01642942 1.64755893 1.74650884 1.27543843 1.67766774
    1.72364426 1.43247175 1.56247723 1.5367837 1.39649332 1.05083764
    0.753973603 1.12170315 1.68361413 0.996316254 0.995122969 1.82560492
    1.3125639 1.28968453 1.73074353 1.69702327 1.36275768 1.73658037
    0.956918538 1.22458744 1.34498703 0.895400763 1.69425023 1.41046202
    1.00012434 1.76222765 1.56437755 1.10576832 1.69037259 1.21730745
    1.45853817 1.06089473 1.09485221 1.5561657 1.48178566 1.61346209
    1.1816349 1.5263623 1.58595133 1.76579297 1.03503931 1.30581546
    1.66184127 1.1008836 1.59372282 1.64462376 1.82973337 1.35718501
    1.49594033 1.33479834 1.6208092 1.37105262 1.22069395 1.47927475
    1.74839771 1.15897524 1.66003501 0.946986496 0.974424601 1.79861307
    1.60641146 1.73828483 1.66125381 1.40094912 1.09785819 1.79387474
    0.897603929 1.34950697 1.33271158 1.50806236 1.8111074 1.66582048
    1.29642999 1.10790682 1.72717643 1.23378754 0.951255858 0.981604397
    1.77123618 1.19647515 0.939047396 1.69929647 1.2298007 1.10127616
    1.10400641 1.76162016 1.06796551 1.21032596 1.76469994 1.6148982
    1.08972383 0.96656388 1.85221136 0.917180479 1.21923029 1.12360013
    1.5981313 1.72466159 0.981084406 1.53096867 1.0286808 0.918466985
    1.36172271 1.34845841 1.07466626 1.79479218 1.04191053 1.10699785
    1.00164008 0.87938416 1.04393673 1.60222137 1.48448908 1.28374267
    1.67665172 1.04604042 0.881575763 1.19001591 0.888875663 1.80589092
    1.49683595 0.90383786 1.89394677 1.82340515 1.85574877 1.52432418
    1.30780196 1.7310077 1.77251732 1.71125853 1.24391198 1.22103858
    1.51020837 1.01952374 0.851474464 0.88088429 0.930846989 1.20674896
    0.886571109 1.42223287 1.47131503 1.01391184 1.20632422 1.19953692
    1.69077623 1.69931006 1.51173866 1.06160855 1.2617991 1.35106683
    1.17097473 1.04363501 1.29827189 1.31761754 1.76780033 1.02328908
    1.61898148 0.872812748 1.2151916 1.04040074 1.34603119 1.25442636
    1.18864739 1.09130681 1.6260941 1.62412369 0.988524556 1.79425979
    1.11098385 1.35088897 1.09372187 1.81204915 1.8488915 1.65309
    1.55520451 1.05127442 1.03703082 1.60383105 1.48249829 0.987722456
    1.59637165 1.33303618 1.25233471 1.57574654 1.47909391 1.55676198
    1.0942111 1.1616466 0.924470961 1.00412452 1.18575501 1.50505638
    1.43210506 1.08423519 1.25364065 1.0901947 0.955904126 1.04196167
    1.567927 1.66822863 1.33634317 0.864907205 1.44755483 1.20340884
    1.20177341 1.52500415 1.80474746 1.63924444 1.33145571 1.68840158
    1.38333654 1.69159818 1.82423174 0.899786353 1.53505301 1.64004529
    1.52468288 1.32547963 1.28060114 1.54537344 1.12021863 0.817208409
    1.13867712 1.11610746 1.52018857 1.62482417 0.968591332 1.45578074
    1.22842503 1.12562776 1.68609083 1.74870896 1.61185908 1.04953218
    1.68433535 1.51004326 1.56297529 1.56481755 1.40733659 1.40305507
    1.52954304 1.17836308 0.970568597 1.04610288 0.834833741 1.30670178
    0.939619422 0.966471672 0.980506539 1.72829294 0.903482378
    0.861696005 1.52717412 1.21818316 1.30677712 1.13789117 1.24947929
    1.57309151 1.30627203 1.54394794 0.898777127 0.906881869 0.566361129
    1.0829109 1.06082499 1.57591772 1.57123113 1.08921933 1.27213979
    1.51148295 0.952635288 1.8151859 1.50887275 1.19118476 1.59582663
    1.46206641 1.26548469 0.931368351 1.58900774 1.69268644 1.31562316
    1.6165694 1.29892468 1.37355232 0.91677916 0.983649075 1.41733623
    1.67495692 1.78724527 1.31089151 1.59256399 0.90235132 1.78434098
    1.51337397 1.56756246 1.88914764 0.965699613 1.8245455 1.27574456
    1.20631909 1.12966585 0.869546294 1.33195555 1.4822042 1.29817021
    1.76978981 1.11575294 1.0711658 1.74522662 1.29628766 1.00274897
    1.14161289 1.14131165 1.5584203 1.79265618 1.68594837 1.30634868
    1.56450272 1.35324776 1.09588289 1.27955866 1.88187814 1.30689716
    1.83672357 1.16004884 1.44107759 1.80518913 1.2921232 0.865057409
    1.51494896 1.29635167 1.37735224 0.890068889 1.18369544 1.79269457
    0.904196739 1.73781013 0.933483005 1.34047091 1.60625088 0.976597667
    0.977706969 1.56051803 1.4947536 1.33321917 1.61372757 1.53133881
    1.06694412 1.39160442 1.60957992 1.4248997 1.0483079 1.79701364
    1.70693946 1.66405427 1.11889255 1.18306231 1.67162442 1.44363582
    0.831627011 1.16795421 1.57735205 1.05129266 0.986411393 1.78894818
    1.75660968 1.21764696 1.52085841 1.42140591 1.60553312 1.62690628
    1.20787096 1.60373461 1.36382532 1.53258264 1.60393548 1.86041403
    0.945818186 1.58409309 0.983780324 1.37327969 1.79962885 1.14214981
    0.978161693 1.24557865 1.11672235 0.941830635 0.875459194 1.19319355
    1.41505134 1.36031663 1.67339587 1.55112219 0.944303393 1.82343125
    1.01774371 1.85280001 1.42832375 1.56168699 0.96058315 1.78501189
    0.975375831 1.28390658 1.41563797 1.404791 1.32058394 1.68065608
    1.57348716 1.67083287 1.30077934 1.17076647 0.982265949 0.847668827
    1.01804399 1.57288265 1.70063269 1.80010211 1.13280678 0.93808639
    1.19855511 0.816708028 1.58530366 1.22602522 1.57734883 1.60359824
    1.05956149 1.21867752 1.10857737 1.09894872 1.86773169 1.50737953
    1.37365341 1.34106183 1.25779438 1.36479986 1.48358095 1.42139816
    1.49329281 1.40889454 1.39887547 1.15423131 1.12538218 1.49649477
    1.20701885 1.63243449 1.74676371 1.78632629 1.58776498 1.43120968
    1.80479944 1.52990055 1.8659358 1.47832108 1.76925516 0.998947263
    1.52853465 1.73285937 1.35740113 1.25273275 1.81978297 1.30323553
    1.46021616 1.22028446 1.50231683 1.29043162 1.72377312 1.07479858
    1.23406875 0.942423284 1.84806144 1.19586504 0.954403996 1.82134521
    1.40900564 1.33134413 0.880158484 1.44095981 1.39878905 1.37994659
    1.24481475 1.19136727 1.40071571 1.42546558 1.40221632 1.40697956
    1.52753437 1.37450457 1.41487336 0.819919825 1.57984543 1.13077879
    1.29030395 1.09580231 1.52454352 1.39046967 1.21338987 0.983111024
    1.28634787 0.839286089 1.05460596 1.751472 0.84517467 1.43346357
    1.36117184 1.77604198 1.08937275 1.80100334 1.22912562 1.79733264
    1.40430057 1.49688053 0.87669313 1.03368318 0.861116171 1.08422089
    1.59120107 0.738037705 0.754869342 1.20071411 1.10569525 0.837113023
    0.841682851 1.03199768 1.67614114 1.06731808 1.35056055 1.85423863
    1.82335913 1.47680604 1.32211828 1.52332628 1.01994801 1.31921709
    0.982268512 0.876965463 1.57304132 0.841555119 1.28738225 1.74402392
    1.52936602 1.27484727 1.3764745 1.74380171 1.76635945 1.40408409
    1.34468699 1.09680092 1.49611902 0.976241291 1.04219472 1.78845477
    1.44369233 1.07727373 1.33922589 1.55212092 1.76019263 1.31344438
    1.09708202 1.1154418 1.53081751 1.61044073 1.12072563 1.06031084
    1.03527045 1.83832419 1.43390274 1.59650064 0.99030149 1.60935295
    1.53455365 1.73952878 1.40542698 1.65015781 1.835235 1.78691113
    1.85107744 1.87494171 1.23948002 1.86394417 1.64085174 0.893808424
    1.68912911 1.86579776 1.25607753 1.0985117 0.905109107 1.23356688
    1.79037333 1.146294 0.860760987 1.13973749 0.938069403 1.76950157
    1.77910531 1.63771474 1.435305 1.65304852 1.36120486 1.15569901
    1.16616821 1.00104332 1.64999151 1.40943539 0.912096679 1.65398574
    1.51496577 1.04247582 1.01498187 0.888222694 1.40897727 1.28736746
    1.37667525 1.28728437 1.15621853 1.66157711 1.10229909 1.57301164
    0.932193518 1.53750527 1.24771357 1.85219121 1.05608511 1.23086035
    1.11128056 1.19427764 1.00989711 1.64566135 1.41208553 1.06026149
    0.902592659 1.11360133 1.32740307 1.62236357 1.63124931 1.42819273
    1.17177713 1.64994586 1.61681581 0.903540015 1.2681005 1.14195108
    1.24612546 1.02354217 1.41160488 1.43042302 1.3579011 1.03085911
    1.59988594 1.65928054 1.69776118 1.7531805 1.40095091 1.37559485
    1.86764848 1.66157341 1.42020762 1.19964623 1.27396393 1.37979376
    1.54626465 1.50769866 0.840587854 1.01714861 1.10362351 1.50476801
    0.958043218 1.7334795 1.47130597 0.955126822 1.52819335 1.18529868
    1.54859519 1.62223005 1.4246558 1.40672743 1.6486243 1.0565033
    1.30643749 1.60977733 0.960351169 1.32502317 1.88836432 1.7805934
    1.44834721 1.50921917 1.13322985 1.27409577 1.43731022 1.14032507
    1.73828554 0.8897838 1.47936559 1.41206026 1.01801813 1.56170797
    1.77465832 1.67734766 1.00310993 0.858749509 1.65397656 0.837224841
    1.34235787 1.66054571 1.04756391 1.11746204 1.7529887 1.88279057
    1.8608557 1.47657859 1.61947751 1.73913705 1.87441611 1.81408119
    1.76745343 1.19092274 1.03997409 1.02806044 1.292032 1.38005161
    1.67770481 1.39360082 0.961442888 1.51449633 0.934558988 1.79425383
    1.70157719 1.16648352 1.80945635 1.07641637 1.4394778 1.84201729
    1.55558813 1.6984762 0.993049443 0.89828074 1.70480037 1.20788407
    1.25677073 1.50436783 1.22374249 0.884949327 1.83686125 1.77570879
    1.17072916 0.932861328 1.06401324 1.24164951 0.99921149 1.74305093
    1.35936761 1.43957019 0.90045625 0.959833443 1.59872484 1.71941507
    1.03692913 1.71052063 1.15687633 1.31305933 1.78585625 1.0164156
    1.70801783 1.08162951 1.47689104 1.80976355 1.41223752 0.94901222
    1.56470299 1.04191375 0.994960546 0.845294952 0.999584675 0.6745013
    1.14123547 1.30716908 0.868970394 1.04268706 0.990898013 0.858897984
    1.75618327 1.76902139 1.64272499 1.58890116 1.4662323 1.49732792
    1.54201829 1.63201666 1.27117383 1.08379078 1.68244827 1.75118518
    0.99845171 0.934434712 1.10297489 1.67289209 1.23326826 1.61260974
    1.6005373 1.09325671 1.64975166 1.65398872 1.14312494 1.11649811
    1.69133139 0.95811373 1.73429298 1.39154029 1.54107594 1.81660748
    1.76180911 1.72461927 1.72509956 1.04728937 1.14419878 1.50385106
    1.29665196 0.950108886 1.81667876 1.65753877 1.64461756 1.37778151
    1.60656583 1.61843693 1.45132446 1.87822545 1.71298027 1.23515499
    1.71242702 1.16337454 1.05336046 1.10086548 1.18476772 1.71265388
    1.43733037 1.78611636 1.2816987 1.41766977 1.79573345 1.77632177
    1.39574003 1.06180954 1.36341012 1.29705942 1.35731351 0.967113912
    0.945423126 1.39833677 0.876885653 1.09566212 1.81714678 0.932633758
    1.27707076 1.10303676 1.80446732 1.24831724 1.35249138 0.846139073
    1.50852108 0.85152781 1.43521404 1.47020721 1.30063844 1.12012827
    1.02298057 1.07850552 1.08216476 1.12002492 1.06467831 0.811351299
    1.64820337 1.80581415 1.24997663 1.42169416 1.49430382 1.81153369
    1.17988181 1.3673085 1.69908285 1.57011545 1.63361299 1.04739964
    1.48338413 1.53188002 1.47553992 1.85578096 1.05416882 1.55606806
    1.81806529 1.33236313 1.09292614 1.07583714 1.84922194 1.3206526
    0.991977453 1.81798661 1.67416453 0.986512542 1.06374931 1.64777315
    0.865650296 1.77703226 1.24629021 1.17261517 1.6607281 1.0801729
    1.74709105 0.919918597 1.17500472 1.2562778 1.06150496 1.18335819
    1.12074566 1.04636538 1.45553029 0.971100092 0.895076573 0.943084955
    1.6560688 0.942019522 0.779214561 0.797557354 0.789779782
    0.939248919 1.06970918 0.788963139 1.32052851 1.77021217 1.09109974
    1.31966424 1.10727465 0.853037238 1.32235861 0.845436037 1.43768072
    0.921362936 0.90152669 1.76201928 1.5345248 1.89389074 1.58463526
    1.16677415 1.71093285 1.85255373 1.20227158 1.27588725 1.08857334
    1.45603073 1.10091126 1.39168155 1.56341028 0.838093996 0.876642883
    1.45357072 0.930861473 1.35415888 1.36771405 0.825539112 1.44523966
    1.14833534 1.10045326 1.7266438 1.65415132 1.8835808 1.45980728
    1.42123997 1.21201825 1.72983944 1.61764097 1.55589092 0.926100254
    0.916570723 1.53600633 1.17928445 1.57745528 1.63292658 1.07369852
    0.972615004 1.59861803 0.971857011 1.08221579 1.03236055 1.44336653
    1.6711446 1.35652196 1.28451788 1.73979485 1.07750475 1.86993635
    0.90266335 1.54055452 1.37989998 1.48201811 1.64821684 0.898912191
    1.42990005 1.76347065 1.45675373 1.21369278 1.26318789 1.47407722
    0.869303465 1.54296565 1.37592459 1.05759609 1.7630583 0.890394151
    1.61139441 1.17296886 1.19023752 1.57475495 0.976424158 1.22813511
    0.898527086 1.06619072 1.63350546 1.11214864 1.6699127 1.35983682
    1.05633879 1.48761261 1.33689833 1.36606956 1.81935835 1.63955247
    1.25653481 1.59468627 1.64539671 0.808394849 0.605030894 0.957173228
    1.34390259 1.19003391 1.04598415 0.791615248 1.43289733 1.69386971
    1.36574018 0.995349109 1.71795976 0.915232539 1.83471942 1.11270118
    1.57780206 0.972159982 1.15990317 1.49696195 0.907314003 1.78245544
    1.24700856 1.56916749 0.972479403 1.53919995 1.31990945 1.26126921
    1.19579768 1.24438012 1.69733799 0.867287219 1.69071805 1.57578087
    1.16312349 1.12195659 0.91137439 1.8712883 1.80308533 1.57664704
    1.59626722 1.84432578 1.20856702 0.88862437 1.57668459 1.17033696
    1.01629317 0.911346674 0.846119285 0.952769756 1.10291898
    0.933661461 1.0239979 1.81942868 1.38920546 1.90746164 1.88310468
    1.1153475 1.69782066 1.38465393 1.54136348 0.945223272 1.8248657
    1.47923291 1.45039535 1.45735681 1.55584145 1.13034928 1.70554626
    0.96235621 0.879259408 1.01107991 1.58139384 0.798211873 1.29764938
    1.58779836 1.2023685 1.63186896 1.62280178 1.24509704 0.973409653
    1.64245915 1.77864826 1.09551704 0.867920339 1.66251147 0.898349762
    1.01531506 1.3140589 1.46369565 1.00330949 1.7725668 1.26474905
    1.60588706 1.4447614 1.14199352 1.66859818 1.62660944 0.933099031
    1.62067807 1.03994942 1.52567017 1.23768878 1.22533703 1.87898934
    1.76572502 1.3012923 1.58014619 1.35437691 0.95621568 1.53389144
    1.30903745 1.51220775 1.72551537 1.01941895 1.6135298 1.73026717
    1.30362296 1.08133972 1.82344997 1.39677906 1.81382275 1.49086726
    0.970751703 1.00092113 1.40415299 1.19934082 1.6504488 1.77239013
    1.1360209 1.13383293 1.03255045 1.5096488 1.20264292 1.75153589
    1.04352725 1.65725124 0.944620252 1.82178175 1.73869228 1.62927914
    1.81708765 1.08983862 1.45148635 1.04845226 0.878644049 1.24139941
    1.45321155 1.57190585 0.79775691 1.28394866 1.72772682 0.788800538
    0.933638334 0.888682187 1.00583386 1.41940677 1.66506302 1.2033062
    1.60084558 0.880636096 1.17712951 1.18067193 1.17333591 1.40557384
    1.63967085 1.39295089 1.72907603 1.23999155 1.77412117 1.37149155
    1.16304898 0.941803455 1.07573175 1.68066537 0.938133121 1.67738223
    0.972467244 0.887556136 1.14973235 1.77290201 1.18345439 1.10884047
    1.30009222 1.28438044 1.50644231 1.22990119 1.27440047 0.920154452
    1.43060136 1.75889957 1.34163797 1.35750556 0.967159212 1.67345786
    1.72503376 1.15555477 1.62316358 1.74122584 1.24176598 1.60550213
    0.866257071 0.887559593 0.840717435 1.61112833 1.6409744 1.30440164
    1.44170904 1.75430799 1.4178009 1.13644576 1.06568253 1.00568914
    1.56727648 1.02053046 1.66984522 1.03001964 1.85393548 1.18256354
    1.61306369 1.80928278 1.2450037 1.71648419 0.980453193 1.36246884
    1.85987818 1.65543902 1.02372432 0.907354116 1.09300876 1.43875575
    1.18570387 1.6608175 1.13299263 1.16884542 0.915540278 1.06067014
    0.805175722 1.35739732 0.898564935 1.62849641 1.11312735 1.68726444
    1.57661057 1.56144166 1.82623792 1.3063848 1.62953794 1.33445549
    1.55769467 1.69953978 1.38858724 1.60164165 1.52102065 0.977420688
    1.47355235 1.41323841 0.937660813 0.855786502 0.910520017 0.6497612
    1.20918858 1.6024822 0.743046641 1.09023499 1.23614585 0.894577205
    1.43601692 1.2611053 0.850722671 1.34305906 1.57620549 1.06535411
    1.37756765 1.58360529 0.823112488 1.28204381 1.211851 0.893898249
    0.964369118 1.27232778 1.79271519 1.29074144 1.10532236 1.44664276
    1.60897458 1.2437197 1.12267983 1.16540599 1.44001818 1.41542482
    0.92092663 0.898768187 1.59381282 1.70547152 1.87311196 0.890505016
    1.88195503 1.46619654 0.884751976 1.12415731 1.40969765 1.45751083
    1.69104111 1.00461078 1.12542284 1.55198216 1.79046559 1.66716385
    0.98455739 1.57558274 1.2427336 1.82569444 1.71322155 1.6120739
    1.54443359 1.26505959 1.31679785 1.07747233 1.58454323 1.19452345
    1.09650314 1.25488961 1.48834085 1.46754599 1.19234085 1.31657732
    0.927698195 1.14881754 0.864439309 1.09529328 1.10983157 0.840062499
    1.70035267 1.44508195 0.953987181 0.848030746 1.02744925 1.25499332
    0.807785869 1.71700978 1.34148383 0.805848241 1.422598 1.50988603
    1.72913373 1.5449574 1.74511683 1.32607067 1.49643826 0.822610855
    0.909873128 1.38895595 0.81537956 1.26631308 1.21725667 0.852881491
    1.64405692 1.24952602 1.15573525 1.75648463 1.87297106 1.86023343
    1.10944986 1.16645765 1.27171111 1.59168971 1.42932928 1.69143581
    1.00265944 1.65154231 1.82018769 1.223737 1.136958 1.54532683
    1.21419835 1.51522136 1.68159723 1.47649586 1.61027408 1.27778602
    1.12549055 1.6313411 0.885038435 1.07569063 1.44355285 1.66040516
    0.968090951 1.16874886 0.870073199 1.25908875 1.67116296 1.20222783
    1.2115742 1.36349106 1.48620641 1.66123927 1.2940495 1.29486108
    1.61124992 1.16336918 1.50533783 1.0275203 0.929625571 1.36234605
    1.56190133 1.25208688 0.934458494 1.57554042 1.62095642 1.21463346
    1.12733722 1.4593097 1.03195024 1.37331283 1.59373701 1.16774833
    1.48250139 1.50243604 1.34873152 0.928788006 1.02933562 1.28382277
    1.88037586 1.62352788 1.87914526 1.18928337 1.84269655 1.10606539
    1.50941825 1.20636404 0.856143534 1.51306736 1.40226269 1.44747221
    1.85773301 1.7101289 1.31464863 1.04893553 0.922500372 0.899552047
    1.73066008 1.55831134 1.34278107 0.920669615 1.80275118 1.41641796
    1.11295736 1.40791619 1.39593053 1.34123456 1.16772974 1.79258919
    1.6113466 0.89672482 1.32122505 1.54917479 0.959345877 1.58252096
    1.39715791 0.894974887 0.903418064 1.6170913 1.84607697 1.51625049
    1.16625535 1.27225983 1.52995098 1.67091429 1.01600063 1.28442681
    1.59044969 1.71767485 1.52991331 1.37847447 1.61088526 1.50197899
    0.931115329 1.45445073 0.984586298 1.78191674 1.68367779 1.33009601
    1.83717906 1.63935637 1.6487813 1.39554131 0.847051382 1.79568923
    1.2008425 0.946741283 0.918514669 0.920379698 1.76308751 0.854035914
    1.50457799 1.15232539 0.982282341 1.581496 1.30993819 1.67639446
    1.77835393 1.74812293 1.22309685 1.16099775 1.82175231 1.74797046
    1.11261368 1.49289429 1.52311993 1.17229903 1.52397919 1.39111483
    0.762238681 1.13566053 0.464533031 1.03384519 1.3035289 0.709835529
    0.874599457 1.62224758 0.830133677 1.03726244 0.932964802
    0.914396584 1.42114878 1.60393643 1.03816795 0.874014437 1.48209858
    0.837984383 0.861624956 0.845494807 1.05269563 1.28765106 1.70241821
    1.50687778 1.10958815 1.27632618 1.31360698 0.979121745 1.6008327
    1.16032767 0.809866369 0.915723681 0.995427549 1.76465046 1.32633257
    0.857120514 1.09588563 1.32016516 1.72111988 1.5367713 0.917390883
    1.53539479 1.04847705 1.60134375 1.85766816 1.40116072 1.26278365
    1.57155597 1.54771161 1.06790054 1.87705576 1.05490994 1.85755312
    1.60570097 1.39312494 1.79232347 1.47106707 1.15566695 1.01442456
    1.24958944 1.52194703 1.15180004 1.02000666 1.11657917 1.41405201
    1.44634295 1.672768 1.4604156 1.17966926 1.61955976 0.851538956
    1.43009365 1.71276629 1.65695488 1.33092856 1.55494654 1.74146712
    1.66998291 1.48333549 1.72484314 1.06168044 0.990212977 1.06470573
    1.26356101 0.887865841 1.50461924 1.20459688 0.866129637 1.46269429
    1.04273236 1.16028535 1.84008861 1.30151117 1.02181625 0.884523094
    0.966406107 1.10493779 1.61461127 1.750525 1.24517846 0.89197582
    1.42659605 1.7510041 1.16703057 1.63848281 0.940918922 1.65009832
    1.74489379 1.29985034 1.53044558 1.83185244 1.66507316 1.76610875
    1.62944865 1.87692153 1.22843421 1.18016005 1.05779982 1.60505414
    1.09508443 1.09585261 1.18568039 1.12895095 0.993526697 1.05352211
    1.37965345 1.4561764 1.17240989 1.3532393 1.31553853 1.02873373
    1.5898633 1.7718364 1.1534574 1.04797673 1.20571125 1.00819516
    1.28296828 1.30704081 1.64615107 1.15706849 1.03406048 1.05439031
    1.55879295 0.864527702 1.81024885 1.7322855 0.882771492 1.77117348
    1.76925695 0.899251819 1.21840823 1.2423954 1.69539654 1.53982294
    1.48679149 1.36422753 1.6733079 1.50647807 1.36998582 0.983590126
    0.879643917 1.16561103 1.09563923 1.28871691 1.27803254 1.496243
    1.51101923 1.81259131 0.991047025 1.3548466 1.40017116 1.26751244
    1.7732197 1.24769115 1.68605351 1.1595248 0.944699228 1.01156175
    1.7435056 1.03231144 1.61468852 1.34215629 1.5804472 1.32987988
    1.59212494 1.48496032 0.920334458 1.59168792 1.2106359 1.81757653
    1.58627248 1.39023674 1.53344035 1.67779827 1.01858008 1.58746397
    1.65696216 1.53952813 1.52004838 1.11091423 1.36723495 1.61592829
    1.10829794 1.81735814 1.44052052 1.80074024 0.941357493 1.47471845
    1.49054873 1.22163594 1.26003325 1.47645748 1.87111986 1.05426955
    1.2410394 1.75452352 1.79652905 1.44835651 0.965340793 1.33076072
    0.973929584 1.54876101 1.50525391 1.79257488 1.1475544 1.08339214
    1.2947849 1.76763582 0.966507852 1.01578677 0.878034055 0.931811333
    1.17231822 0.926669896 1.35167682 1.79549575 1.64261413 1.65574598
    1.38153362 1.77348387 1.08121681 1.69001675 1.37400055 1.30660069
    1.53234446 0.936594784 1.30123281 0.925242186 1.65412569 1.50190055
    1.89048994 1.32902503 1.66042781 1.18440557 0.810146391 1.32275081
    1.28962612 1.27364111 0.550704241 1.56474686 1.3472687 1.15326595
    1.68335962 1.77725387 1.67322278 1.00030696 1.74139369 1.6536783
    1.41851723 0.842576742 1.63099396 1.60502267 0.974343002 1.1369251
    0.870508075 1.77529728 1.15444756 1.30593729 1.46837878 1.01307631
    0.985347211 1.05021179 0.822274029 1.47602952 1.09881043 1.46172452
    1.1279217 1.36020231 1.38308167 1.61094749 1.68893147 1.10618246
    1.19176221 0.930848956 0.875941157 1.55972719 1.75286698 1.13591981
    1.86521792 1.73742068 1.3976866 1.46552753 0.89807266 1.76844132
    1.07149518 1.00815642 1.45173538 1.45234358 1.90010297 1.12935865
    1.17221189 1.77775347 1.54302025 1.52140331 1.57414007 0.901929975
    1.68943024 0.859882891 1.53562284 1.06591845 1.43980038 1.47702503
    1.12210631 1.72367501 1.26418626 1.27233601 1.44880331 1.55841446
    1.26387942 1.22906041 1.29646862 0.903517246 1.72702217 0.934345663
    1.13531184 1.05107307 1.23078799 1.76766443 0.955929399 1.08474541
    1.51240933 1.26024175 1.12056017 1.48901236 1.42167497 1.34699142
    1.27695727 0.950291932 1.32153666 1.21845067 1.74950576 0.832475126
    1.01359439 1.02735651 1.43328881 1.49844515 1.79143035 1.83181632
    1.07126927 1.1768949 1.05120575 1.50414634 1.20630991 1.6045357
    1.72961307 1.17249191 1.8788923 1.85871494 0.932759225 1.15000105
    1.62204146 1.47493696 1.34841728 1.60563922 1.22144926 0.954597712
    1.62604976 1.02287936 1.06134558 1.10382211 1.81169236 0.888251305
    1.40402532 1.59094346 1.28801656 1.38621986 1.70949769 1.69711912
    1.07626295 1.21975911 1.75626099 1.28397405 1.28002381 1.51264977
    0.856867671 1.7873497 1.77200568 1.39644647 0.907441914 1.22478545
    1.31514907 1.706545 1.79842436 0.954099417 1.20527065 1.07118082
    0.882857084 1.5601145 1.09607315 1.84465516 0.988877118 0.894992471
    1.62460029 1.25214159 1.39008105 1.76668251 1.27872741 1.38376129
    1.75732291 1.67463839 1.25931823 1.58010781 1.20561385 1.29885054
    1.65443671 1.8204999 1.03695631 1.40690494 1.31426692 1.75033319
    0.926996231 1.82194674 1.72042441 1.68396544 1.79166579 0.970149398
    1.74438643 1.22472143 1.66126966 1.80048645 1.23038709 1.38239443
    0.964051187 1.58471417 1.68182576 0.966971099 1.48579967 1.89104867
    1.8862747 1.56858397 0.951760232 1.34791827 0.840109527 1.55187571
    1.57645988 1.47680092 1.32661104 1.18092334 1.03172922 1.54289389
    1.3309691 0.930242181 1.4253993 1.31424356 0.882714391 1.69081676
    1.24354398 1.44685817 1.50356472 1.81847453 1.64302993 1.01425266
    1.7433089 1.24657965 1.83588791 1.21564126 1.88076949 1.42275488
    0.985641658 1.76916432 1.16320264 1.63153124 1.60283864 1.57357347
    1.75542629 1.76558053 1.75719059 0.852714121 1.33519292 1.6688062
    0.831062496 1.57615578 1.49378455 1.34731472 1.40116346 0.832603335
    0.870296299 1.28890193 0.906456709 1.69086576 1.50050819 1.53128421
    1.10590744 1.67930067 1.70500636 1.5599494 1.84803212 1.80294931
    1.0917697 1.71588123 0.914757907 1.39650345 1.40481508 1.16153657
    0.78494525 1.32906806 0.793809474 1.51519477 1.06663489 1.40032434
    1.66615117 1.37213194 1.36263072 1.20301604 1.39078486 1.590101
    1.02538562 1.51569974 0.854203522 1.22834575 0.939315021 1.20684159
    1.46482623 1.64050961 1.11956072 1.14291906 0.814636528 0.899625957
    1.38213217 1.53446841 1.12757277 1.55853128 1.25144863 1.03474545
    1.1048826 1.7892673 0.866850019 0.842637122 0.953055322 1.35459292
    1.07274878 1.35983193 1.68460655 1.80371368 1.75152969 1.88859189
    1.24524927 1.3391633 1.86066127 1.81651807 1.07818341 1.55088973
    1.50783813 1.84232426 1.04760337 1.56144094 1.21339726 1.45422792
    0.93434912 1.01653397 1.15367305 1.63335049 1.17429757 0.94794023
    0.895803034 0.884822011 1.05808425 1.64900219 1.57327569 1.0656023
    1.57772934 1.16872513 0.980708838 1.01283705 1.15802324 1.66056848
    1.6325562 1.41702199 0.998556018 0.968838811 1.62966347 1.14095628
    1.71112382 1.75699151 1.137514 0.847741544 0.838911593 1.46007013
    1.02761269 1.6056422 1.83386314 1.38047993 1.3083452 1.83892083
    1.49938464 1.62507057 1.22204721 1.51245117 1.61526442 0.948292673
    1.21947014 1.05748367 1.74948382 1.08038795 1.67998314 1.21073687
    1.63481987 1.12444019 1.08200181 0.981543779 1.41792369 1.69922459
    1.29886484 1.27697253 0.911188543 1.17105639 1.81516206 0.885556996
    1.25100088 1.43591154 1.01375508 1.03084934 0.793678641 1.19247162
    1.55428767 0.864063442 1.70574462 1.76521397 0.991716325 1.73368216
    1.16201365 1.47485542 0.937165797 1.64387667 1.79589736 1.03931236
    1.62123489 1.67058718 1.55039155 1.4882642 1.51581371 0.915232837
    1.10530877 1.01623619 1.8024106 1.68330896 1.34526098 1.77636909
    1.81976461 1.74018955 1.69839287 0.960251987 0.848127723 0.891881704
    1.62050235 1.65238833 1.83768165 1.40256894 1.29545486 1.2380271
    1.71637928 1.26459277 0.989518464 0.929372847 1.3522346 1.3744421
    1.08736777 1.36257577 1.7541877 0.915614128 0.96801877 1.4329375
    1.57539153 0.932819724 1.87347364 1.80938411 1.29708481 1.85785639
    1.36233258 1.84607613 1.87710404 1.72041643 1.54640353 1.77101779
    1.58461046 1.28909552 1.14712 0.965374351 1.08844674 1.5440948
    1.45592654 1.6215415 1.20333278 1.01101983 1.34319723 1.03451037
    1.69885838 1.53607774 1.17854643 1.2303642 1.03252327 1.27320063
    1.50101864 1.57364666 1.80693233 1.58428299 1.61663055 0.966053009
    1.24795258 1.34010828 1.3793416 0.971388102 1.51654375 0.930666149
    1.23414588 1.70755339 1.90607905 1.75215447 1.5460732 1.07964802
    1.8391993 1.58168423 0.978343248 1.11760736 1.47669125 1.89952147
    1.08511603 1.69392586 1.25537324 1.07934475 1.85116482 0.955766499
    1.6965102 1.50731778 1.01679885 0.879593313 0.923738658 1.34648478
    0.870517433 1.15326452 1.70017695 1.77311373 1.26127291 1.15303659
    1.32114255 0.831921577 0.902776301 1.45503151 1.09157586 1.50028193
    1.31275547 1.51794577 0.961905658 1.61626744 1.12297404 1.50776434
    1.64036167 0.645372808 1.14018273 0.891428173 1.34154177 0.95051825
    0.847539246 1.46937895 1.16266716 0.792837799 1.15418971 1.23354554
    1.67734504 1.00705194 1.64088774 1.34579265 1.15804732 1.11702538
    1.52086556 1.13151085 0.828202784 1.67387354 0.930732846 1.22427571
    1.25865519 1.47466421 1.3920517 1.61282694 1.14441681 1.68793166
    1.00365329 1.36403704 1.44998622 1.25521612 1.66142368 1.14671981
    1.60701096 1.09300303 1.25748253 1.48140514 1.67341733 1.73549855
    1.10691941 1.67339587 1.65807056 1.01497197 1.09193099 0.949372053
    1.5524025 1.73928475 1.30945444 1.84576726 1.44395816 1.5021621
    1.07186592 1.55946124 1.14765835 1.60575104 1.05994916 1.82886231
    1.66810179 1.51145923 1.26091993 1.61839664 1.73576462 1.13172579
    1.00135934 1.1692034 0.95170325 1.82606733 1.5528996 1.14425349
    1.29604042 1.67420363 1.32005179 1.39003778 1.75244594 1.35927761
    1.46904087 1.73140502 0.881486833 1.35488677 1.10209966 0.836349249
    1.45838451 1.37789702 1.16913688 1.45883381 1.23033047 1.50502884
    1.47057843 1.87574339 1.11691725 1.53881788 1.65386212 1.47196305
    1.6649884 0.82075882 1.56912804 1.28070378 1.19494498 1.1376636
    1.41063106 1.49080801 1.70660782 1.47080767 1.01542771 1.57904756
    1.44502831 1.77062356 1.34150028 1.00471818 1.53189456 0.97282654
    1.51430702 1.68941736 1.56651103 0.907148719 1.09699118 1.22475553
    0.981439233 1.06391907 1.64624417 1.62109852 1.4973731 1.40253305
    1.04295015 1.30438972 1.55637062 1.44748354 1.14660275 1.05425119
    1.63422847 1.47098708 1.82279968 1.23252666 1.28998065 0.915795565
    1.02882826 1.31728494 0.90735817 0.90882355 1.6667347 0.882352173
    1.73508453 0.895534933 1.33538723 1.21635556 1.48847234 1.08908594
    1.46596169 1.37111449 1.47959495 1.07609725 1.66807747 1.64244318
    1.09341049 1.82740164 1.59236467 1.53466356 1.40636063 1.35434067
    0.893605351 0.88134867 1.41229057 0.836866856 0.948667824 1.69088101
    1.7962569 1.73565102 1.79448748 1.45681322 1.1427027 1.06385553
    1.47528636 1.13321221 1.58826864 1.60971665 0.949968159 1.67458868
    1.3432821 1.0288763 1.26406288 0.891224265 1.08021927 1.5160805
    1.74381614 0.995299697 1.5886023 1.58451426 0.989929855 1.18215549
    1.68108034 1.84004462 1.57753372 1.61641967 1.23326039 1.28029943
    1.03165388 1.03755081 0.779171109 0.832622051 1.12526798 0.801387012
    1.07881713 0.894455552 1.66641843 1.45545077 1.68044388 1.3014226
    1.156407 1.13174045 1.34966969 1.24409282 1.2177912 1.4995681
    1.28835201 1.44812417 1.47089505 1.11167145 1.54168284 1.53037357
    1.5141983 0.944559932 1.22377992 1.08416986 1.82217884 1.76853049
    1.06078959 1.60962725 1.19669998 1.46349823 1.5955658 1.78817725
    1.49501753 1.74727666 0.938549221 1.66748035 1.59363163 1.50130343
    1.10292399 0.984324574 0.944741309 1.73898327 1.21065331 0.904887021
    0.968079329 1.76459265 1.31395197 1.53090644 1.48531973 1.78686059
    1.59079373 0.981514812 0.897778273 0.918587565 1.49573588 1.43440378
    0.77069509 0.995875478 1.34464538 1.07367027 0.879353583 1.69014561
    1.19987762 0.855946243 1.09368253 1.64370155 1.22890222 1.0254817
    0.992913425 1.39840364 1.04092669 1.40384376 1.29640734 1.35925782
    1.57308257 1.30242884 1.50836802 1.69458079 0.902237117 1.03552735
    1.20428801 1.76335549 1.33135796 1.40303051 1.27402294 1.32370639
    1.18463349 1.19627404 1.66727054 1.53067017 1.36273491 1.27251089
    1.69101155 0.868617356 1.85494304 1.86333036 1.53700757 1.7288512
    1.80015862 1.05366015 1.40355325 1.83398414 0.943259835 1.35809422
    1.25565147 1.5083406 1.71174741 1.08535135 1.73341346 1.84256649
    1.42445266 1.03076053 0.869079173 1.37271917 1.095294 0.856616318
    1.49517357 1.33575678 0.933218718 1.52824652 1.24088728 1.21144485
    1.70722091 1.69022727 1.75711668 1.53776407 1.27075493 0.97564137
    1.11952996 1.26701808 1.04220307 1.1522032 1.5952878 0.899200916
    1.00283432 0.855815828 1.35887563 1.77253222 1.74091804 0.857940793
    1.67875981 1.4967339 1.6830281 1.28048778 1.49424553 1.61686218
    1.32468629 1.16028869 1.48265171 1.03397202 1.07171333 1.04024065
    0.951618135 0.849959671 1.04605138 0.80409193 1.30237782 1.29423308
    1.43445742 1.55989897 1.81308019 1.17590475 1.06089938 1.65152884
    1.25881016 1.15299261 1.31219184 1.3337909 1.50129807 1.39507127
    0.88494879 1.27974701 1.50968826 1.65800703 1.19661331 1.06546175
    1.25449479 0.915712297 1.51345229 0.953811526 1.68398428 1.33402991
    1.10259926 1.62531769 1.79191971 0.968608201 1.30657601 1.06737387
    1.33045912 1.78484523 1.63330436 0.942558527 1.82059443 1.32940352
    1.44551206 0.870380878 1.63374031 0.902733922 0.824801981
    0.889709294 1.24496293 1.83488107 0.866412401 1.6807791 1.59202015
    1.41452062 1.00832045 1.00047684 1.63082516 1.3737663 1.76604235
    1.277969 1.10048342 1.15824783 1.77503788 1.73399997 0.967441559
    1.04135227 1.7263428 1.74477899 1.38563716 1.48017085 1.0132786
    1.32237899 1.79292607 1.85782373 1.46124899 1.36253595 1.63896668
    1.615394 1.3238771 1.62989926 0.914712846 1.48678803 1.84195209
    1.8069675 1.12543344 1.07994545 1.3100934 1.40657473 1.69399798
    1.4760201 1.31884313 0.931265295 0.939843714 0.939528883 1.76371849
    1.62012112 1.15644741 1.02564967 1.64941812 1.50695086 0.850171208
    1.22912407 0.794449568 1.03920114 1.01594138 0.785382688 1.35277832
    1.00772011 1.40682518 0.910485983 1.19295788 1.1076194 1.70553052
    0.980194032 1.68546557 1.16010928 1.79800928 1.81095636 1.25204599
    1.08493352 1.1938504 1.28323865 1.69010055 1.47814929 1.41161978
    1.35041058 1.52833974 1.65999961 1.76664805 1.59574461 1.40250885
    0.9364115 1.61818147 1.23623216 1.23886061 0.882695615 1.52523208
    1.32120442 1.82176805 1.02263331 1.81893682 1.03582072 1.28226197
    1.5216186 0.858037114 0.805915534 1.76010668 1.36169481 1.19192636
    1.29036093 1.1806463 1.49832702 0.896684349 1.27811766 0.854608238
    1.28438699 1.2373656 0.836171925 0.906961262 0.566812932 0.685575187
    1.01120877 1.22829115 0.956867933 0.752264977 1.67417502 1.47219384
    1.67661893 1.27092183 0.875227153 1.71685553 1.17621934 1.31370878
    1.40101027 1.58517921 1.77820075 0.981222272 1.20996976 1.46800542
    1.3542105 1.59789085 1.38240409 1.81295145 1.38788319 1.53343606
    1.60069799 1.03993642 1.66525424 1.56534445 0.98248899 1.33643734
    1.31790578 0.915077865 1.80003166 1.23960972 1.00612044 1.50287819
    0.889953494 1.00692868 1.47953367 0.966737628 1.39367306 1.7612102
    1.12823248 1.38462889 1.71898031 1.64517486 1.59735334 1.16389835
    1.6797601 1.01666689 1.31036353 1.67965555 1.28008854 0.959112704
    1.59862745 1.39633811 1.25767505 1.35898554 1.34574723 1.3080554
    1.48742759 1.73977649 1.510167 0.990631163 0.920256317 1.533342
    1.14273095 1.35934722 1.0646683 1.53069735 1.73781991 1.05392683
    1.05429363 1.03257048 0.909295678 1.59422147 1.0534445 1.22444391
    0.86489886 1.53206599 0.8246575 1.64910722 0.976821005 1.53962791
    1.47721148 1.36643279 1.46016407 1.25574815 1.44954824 1.44045758
    0.95306468 1.79489887 1.66115987 1.52519083 1.49130869 1.13775063
    1.20651019 1.57625556 0.899653971 1.14836073 1.41100883 1.06186283
    1.07262158 1.73249269 1.12132025 1.77951872 1.44700813 1.25304556
    0.975690424 1.40217495 1.67324555 1.48800611 1.2971437 1.61558318
    1.42660034 1.14815354 0.991865396 1.71683073 1.42857242 1.14815569
    0.956859529 0.936979651 1.4851495 1.67376912 1.74727654 1.02333498
    0.846189559 1.54718173 1.20577466 1.37123072 0.883817732 1.52422762
    1.30627954 1.65603292 1.31036997 1.47016478 0.828286171 1.42918539
    1.04367173 0.859941423 1.71040404 1.42801809 1.38119698 1.08780253
    0.878106058 1.46405303 1.51270878 0.894262612 1.15565503 1.27334702
    0.866977334 1.78601527 1.47542858 1.49043119 1.19884968 1.49572313
    1.70668256 1.11911714 1.4378078 1.28569424 0.976846635 0.848376632
    0.929470778 1.70354331 1.56858683 1.17177999 1.50837684 1.82554901
    1.37613499 1.05274189 1.47045863 0.894465983 1.62829924 1.46571875
    0.914921701 1.71608996 1.71534348 1.87838542 1.54658186 1.0611949
    1.63012886 1.70728219 0.915249467 1.28149509 1.48258042 0.99219507
    1.3928014 1.03206789 1.18615186 0.970272481 1.5872581 1.66079712
    1.11650169 1.63060248 1.12697673 1.32472086 1.40902376 0.841024935
    1.40229297 1.16660571 1.75895059 1.59654713 1.29442465 1.71410441
    1.51212823 1.41622543 1.44743466 0.997092366 1.25207591 1.74098635
    1.57335997 1.58891511 1.32386422 1.3191216 1.80014563 1.42264497
    1.57106221 1.15329301 1.84468496 1.34955966 1.39163005 1.82606125
    1.85124362 1.43345571 1.40062034 1.08143377 0.896682262 1.24732804
    1.20772147 1.43564761 1.69715977 1.55881083 1.70996892 1.77880549
    1.04616642 1.53739464 1.82477033 1.31568158 1.14965153 0.873848021
    1.63202369 1.04678893 0.798428774 1.15562344 1.14666557 1.14743221
    0.939457357 1.4413774 1.63490665 1.76903164 1.40436006 0.793021679
    1.30520713 1.0076915 0.849592268 1.3526448 1.13896263 0.686476052
    1.65896761 1.35778034 1.27492297 1.17063367 0.921202481 0.902544737
    1.24078262 0.970262647 0.8320117 1.51347446 1.05509365 1.65548944
    1.65967083 1.22814488 1.11379194 0.886905909 1.0951122 1.57398891
    0.937762201 1.60846674 1.52347469 1.61819518 1.20941663 1.09745181
    1.06305683 0.906661749 1.15656507 1.40739584 1.28292024 1.6309346
    1.35181093 0.911720276 1.07743287 1.70449305 1.66745198 0.921887994
    1.36926222 1.43859828 1.34645176 1.78768229 1.25581276 1.13203168
    1.74369705 1.525069 1.16449678 1.40595102 1.67018628 1.69233549
    1.28921843 1.51660013 1.64834702 1.72327256 0.864383817 1.28193367
    0.959729493 1.29771912 0.93055439 1.72367561 0.927658737 0.921077192
    1.07027638 1.46452415 0.887395203 1.31700456 1.15334606 1.47010779
    1.8082 1.63604748 1.30768204 1.04312921 1.41247272 0.811891735
    0.889237106 1.53919029 1.05274975 1.53834724 1.13964045 1.51198494
    1.21016204 1.34643245 1.50528061 1.68439603 1.58770788 1.0982697
    1.07472026 1.31189156 1.77907956 1.7627821 1.06687248 1.28580296
    1.6148181 1.17099774 0.831022501 1.13943648 1.20814538 0.827684999
    1.27119792 1.50744092 1.04150641 1.43423641 1.06460619 1.21343279
    1.63422143 1.00507987 1.41109073 1.24073815 1.01037347 1.16777384
    1.11470163 1.05941761 1.3082546 1.64657009 1.25869668 1.32061064
    1.60383475 1.08065319 1.50234807 0.846650481 1.00249922 0.955303431
    1.13961124 1.11762047 0.807972968 1.03101444 0.804894745 1.14189017
    0.894193709 1.52288067 1.73820865 0.977005184 1.70533037 1.64100003
    0.952254832 1.50929344 0.905224681 1.37345421 1.21269071 1.24143982
    1.22413075 1.13120079 1.2595619 1.31287026 1.26215637 1.00095522
    1.30128193 1.5689435 1.12927997 1.52056503 1.15575302 1.64842272
    1.17542386 0.963849306 1.29745567 1.57754147 1.67649817 0.874859929
    1.01701212 1.80437279 1.2024703 1.61125922 1.46422136 1.12936974
    1.52595484 1.30071723 1.68094814 0.913293064 1.80351448 1.00092077
    1.26725912 1.49557185 0.855273604 1.48258221 1.18611097 1.60968375
    1.71119416 0.979886949 0.922290444 1.2547605 1.13443756 1.06865287
    1.53347886 0.981315076 1.09996903 1.30643165 1.4504354 1.38538826
    1.04051363 1.33540738 0.990855932 1.09704971 1.46556997 1.79755723
    1.48671496 0.990359902 0.941111982 1.12146378 1.56935322 1.77635598
    0.835995018 1.17689836 1.10345042 0.972035885 1.78478563 0.828752935
    1.36145365 0.820667028 1.64533806 1.17536104 0.806459188 1.37373686
    1.55286694 1.34854388 1.72953033 0.850044668 0.834653199 1.20349181
    1.23477924 1.46683908 1.41288459 1.35781944 0.904382646 1.74086392
    1.38779402 1.76684582 1.77639079 1.51787949 1.38695872 1.43209982
    1.45848 1.33389664 1.83877885 1.80720723 1.42034805 0.942612052
    1.51518273 0.853094876 1.56750405 1.0811801 0.941823661 1.39226389
    1.06580043 1.32172585 1.17433655 1.02096725 1.19261229 1.1339072
    1.59510624 1.58422983 1.11217761 1.11119103 1.67345929 1.31411433
    1.03149617 1.11310661 1.35894001 1.11700344 1.19414604 1.53905237
    1.34105051 0.960838079 1.14747024 1.61216772 1.68019962 1.78203046
    0.834292352 1.46834064 1.51094282 1.41525209 1.41425216 1.6450423
    1.47436416 1.38597035 1.44174564 1.51686931 1.71459401 1.27554524
    1.08271646 1.69422662 1.49491203 0.944010258 1.51821756 1.33071125
    0.988311052 1.10666227 0.984996319 1.18148577 1.34291136 1.22236192
    1.38301325 1.52783847 1.48292935 1.05881035 1.15859294 1.44978428
    1.34959328 1.31424177 1.88510787 1.82093871 1.61179829 1.73390055
    1.9168781 1.08712542 1.85062301 1.66114688 1.50770915 1.87139165
    0.938775659 1.51608229 1.28975248 1.52336633 1.5989393 1.17097092
    1.38526285 1.15076375 1.38178766 1.40774357 0.87496376 1.55081689
    1.16932881 0.869454265 1.33675599 1.37284017 0.915802717 0.877246916
    1.82919896 1.19695675 1.6157124 1.50147045 0.943842292 1.15511727
    1.1343801 1.17247498 1.12851596 1.33575773 1.76435387 1.0197928
    1.78551853 1.07061243 1.26685464 1.78670847 1.76726699 1.23573041
    1.68510723 1.54873896 1.37979484 0.964993834 1.14103782 1.71279883
    1.56736803 1.57140744 1.72263896 1.55719006 0.896402955 1.71351838
    1.55610871 1.70949042 1.08644867 1.39660239 1.36687684 1.13486564
    1.31222999 1.26564872 1.55319619 1.80498683 1.24558246 1.19668651
    1.72745574 1.46240687 1.50206363 1.68692958 1.65229869 1.42691398
    1.09951127 1.40684283 0.996670604 1.45973694 1.72753441 1.1171757
    1.0349375 1.49696362 1.34974289 0.857210517 1.68558645 1.78151834
    1.69741809 1.04293072 1.24128568 1.42917109 1.00528932 1.43252909
    1.7277714 1.57484698 1.81462264 1.54606843 1.3598249 1.70716417
    1.53567994 0.95606184 1.77215648 1.51617098 1.44307554 1.58686519
    1.74105537 1.67270637 1.74027431 1.72699749 1.02925229 1.39435506
    1.31361306 1.55310488 1.2119776 1.18382764 0.845774651 1.59205306
    0.988298118 1.72968459 1.25854373 1.62859499 1.81476927 0.872761071
    1.27081919 1.09939468 1.41311538 0.986424327 1.76860523 1.26944411
    0.909035027 1.31813562 0.978422642 1.61909962 1.43680131 1.26761067
    1.54353416 1.34226096 1.8906256 1.8806237 1.69306016 1.83983326
    1.65979147 0.979494512 1.44854426 1.6574049 1.77820504 1.0881691
    0.963414669 1.70781887 1.82064569 1.17065966 1.37243247 0.972311914
    1.64424574 0.92551285 1.46202123 0.995799661 1.42990279 1.01608622
    1.532902 1.19029295 1.30341434 0.968912899 1.28991663 0.993185461
    1.0283941 0.909798384 1.47436857 0.79710865 1.12911248 1.42610776
    1.77474415 1.41014957 0.935502768 1.17409432 1.61349702 0.901131749
    1.45903981 0.888691723 1.34939659 1.74510694 1.67576778 1.78020513
    0.965249777 1.40419424 1.46705425 1.40841281 0.916254401 1.66491926
    0.895918608 1.69100535 1.28543973 1.09640229 1.78793538 1.02985168
    1.58982134 1.44379902 1.73734832 0.982061148 1.15514326 1.7689091
    1.74639964 1.31759429 1.02153242 1.37521315 0.919852912 1.34570098
    1.24178839 1.16885793 0.836656809 0.693080366 1.51381958 0.806519508
    1.39154637 1.06577122 1.34692991 0.872553885 0.838316679 1.05144799
    1.45954335 0.862685561 1.50329721 1.14312494 1.22498274 1.78927279
    1.16177177 1.27462268 1.40802395 1.56875551 1.80801833 1.71586275
    1.38510406 1.73490417 1.12922549 1.8125912 1.56526279 1.2980845
    1.73163986 0.906571448 0.844876349 1.00430357 1.25370085 1.4108119
    0.99696064 1.48408341 1.60236335 1.69338286 1.47327673 1.27546
    1.00891078 1.40154743 1.67977428 1.84160697 1.3985672 1.87731707
    1.25210512 1.59445047 1.621364 1.61908448 1.80470991 1.80751801
    1.62449718 1.86355722 1.19116032 1.43041515 0.960856318 0.965330899
    1.38769162 0.992793918 1.57746828 1.84534323 1.84065783 1.4660604
    1.06770241 1.35744929 1.40237415 1.0180006 1.42889929 1.63916314
    1.79431546 1.20963359 1.17263901 1.40904975 1.37636125 1.58647943
    1.23440814 1.28889155 1.06905162 1.74519265 0.924300313 1.43695903
    1.15351868 1.215415 0.84024024 1.00683689 0.933084548 1.76498032
    1.41703224 1.27697074 1.30755472 1.6959039 1.21837306 1.74452317
    1.37604892 1.07257426 1.05089295 0.814703107 0.810295045 0.874831915
    1.14787602 1.70714211 1.26401985 0.933671832 1.66399574 1.14224458
    1.2302289 0.990337312 1.12864566 1.40813899 0.92760545 1.48999965
    1.2530539 1.60501027 1.32504821 0.951416492 1.80689251 1.81281829
    1.25829661 1.79708481 1.747594 1.52863097 0.956406415 0.977243304
    1.04137301 1.08532822 1.49420524 1.39320791 1.73837459 1.62512076
    0.831610143 1.04678655 0.994122028 1.6632508 1.07318664 1.7138499
    1.26316357 1.11716187 0.869501293 1.66167009 1.16228092 1.56025147
    1.60948706 1.67196679 1.11544251 1.57477713 0.926875949 1.77131236
    1.19570053 1.44601405 1.26306784 1.56346619 1.82675874 1.30106568
    1.45865667 1.05526578 1.23635566 1.25887108 0.920226097 1.68913412
    0.899885535 1.23494804 1.64594054 1.2237066 1.45179236 0.838870227
    1.40719569 1.48481476 1.48279226 1.39881444 1.46357441 1.73625398
    0.909375191 1.54387975 1.14775336 1.42808735 1.72328198 0.997119963
    1.23949015 1.16450131 1.81923354 0.876912117 1.58976567 1.54273391
    1.82213521 1.11026919 1.57262123 1.58388293 1.26228905 1.2772814
    0.960221291 0.916925907 1.21947062 1.27710199 1.28786504 1.59269392
    1.65761542 1.31694555 1.243963 1.58101189 1.50368977 0.867054164
    1.68022931 1.39760756 1.16731572 0.835169256 1.59634328 1.30031919
    0.816302896 1.45580578 0.878984034 1.19061625 1.50910568 1.0848943
    1.69411016 0.785923302 1.16406977 1.18518722 0.941123784 1.1459012
    0.774818599 1.62936795 1.74425519 1.71319973 0.968393087 1.78711438
    1.52721941 1.67136884 0.971707702 1.65864193 0.892788231 1.5639019
    1.34334755 1.50002134 1.06385326 1.2671566 1.54986334 1.22854674
    1.70926309 1.3919698 1.56254578 0.866597056 1.27339411 1.23281717
    1.07030582 1.13128102 1.37014151 1.56469905 1.6495769 1.81617427
    1.00254202 1.66433358 1.27761316 1.3225143 1.39949918 1.36423993
    0.715569675 0.969339311 0.95155251 0.453657269 0.608391106
    1.55881524 1.17062593 0.986582458 1.21933174 1.75696015 1.55006111
    1.71353388 0.963548958 1.75611532 1.53867781 1.1788969 0.938700616
    1.18135059 1.64314926 1.12758017 0.998057306 1.80785728 1.02260768
    1.82205653 1.64990819 1.53550828 1.06926143 1.55617237 1.17387438
    1.10220158 1.66239762 1.46404326 1.33823919 1.71637094 1.1126709
    0.954727113 1.10149884 1.17879224 1.80420923 1.00498295 1.73946035
    1.41627741 1.76414323 1.83165348 1.83322144 1.93388224 1.75086761
    1.4901619 1.93975103 1.26639473 1.76157629 1.70893419 1.74237645
    1.07475448 1.12147009 1.45223725 1.10210323 1.56972134 1.24586177
    1.79776847 1.33821964 1.74702466 1.25819767 1.69802511 1.60981405
    1.34500599 1.15073264 1.79682755 1.20673299 1.5799998 1.69629192
    0.864555955 1.23022115 1.72423565 1.8203547 1.26907778 1.13817346
    0.944365561 1.31423092 1.19782495 0.901866138 0.922424912 1.41263843
    0.813668728 1.25507629 1.64067507 1.56653011 1.77506852 1.78166378
    1.29393995 0.971868455 1.52650607 1.78825128 1.50275016 1.30119348
    0.968848109 1.16788793 1.58593678 1.48404992 0.950404227 1.33813918
    0.868063807 0.967689037 1.65722287 1.58667397 1.44119561 1.29978371
    0.881609619 1.24454367 1.67269468 1.04406428 1.51805592 1.81441438
    0.952505171 1.59027624 0.969783247 1.63674748 1.65640569 1.32776225
    1.48543465 1.12565494 1.17603934 1.20241117 1.23013246 1.38272727
    1.23578644 1.07707942 1.76776254 1.10362637 0.849101007 1.75311112
    1.3936466 1.32078636 1.06668425 1.12318718 1.30149007 1.67768693
    1.14018214 0.951782346 1.74630797 1.09054625 1.46673119 1.27302527
    0.845583141 0.835974455 1.56728232 1.62803376 1.57574201 1.11206603
    0.966413498 1.82184553 1.02521157 1.59221852 1.08682323 1.80009604
    1.76467943 1.13601971 0.990438104 1.51162779 1.51253295 1.35107148
    1.3533963 1.59306467 1.45307469 1.48517895 0.923183024 1.26630664
    1.43321347 1.6075021 1.19601917 1.4810158 1.01329327 1.59909248
    1.49202335 0.831768632 1.04003382 1.07150722 1.57322788 1.37497938
    1.09602666 1.60358572 1.80546629 1.06316829 1.45575571 1.52582836
    1.50218737 1.25088191 1.36875188 1.49464822 1.52376211 1.78717756
    1.65343308 1.21215248 1.67404389 1.27895045 0.86637032 0.89628768
    1.53537607 1.16856062 0.886264324 0.871514559 1.25054526 1.66561222
    1.63108838 1.49536073 1.16034019 0.863485217 1.42145395 1.10215616
    1.08824027 1.66747773 0.932716429 0.910002649 1.67415798 0.89643091
    0.882669449 0.770444989 0.849869013 1.6651206 0.855629325 1.01603532
    1.43499529 1.56495047 1.61228263 1.25272787 0.939183831 1.65797687
    1.06949091 1.30265665 1.3303467 1.47383153 0.921939731 1.21170235
    1.02484667 1.10688221 1.1194396 1.03039896 1.4649148 1.59448004
    0.950569928 1.83943224 1.21477127 1.7598964 1.14694118 1.19940352
    1.11813688 0.903782189 0.93481499 1.85453343 1.6329422 1.13581133
    1.45974123 1.49223912 1.55118048 1.12474418 1.56825149 1.03329909
    0.773702681 0.735695779 0.497861803 1.21706736 1.58532488 1.62355709
    1.6074338 1.47500885 1.45598614 1.36778295 1.5834955 1.28767323
    1.50345433 1.10292935 1.59125817 0.918369114 1.0000627 1.69500029
    1.22322929 1.5142585 1.1530025 1.17851508 1.89908552 1.38748527
    1.82166004 0.899837613 1.13360989 1.29268336 1.27395737 0.864049792
    1.72967577 1.20939946 1.25756526 1.07175815 1.7503686 1.3484149
    0.882950902 1.33405495 1.75461566 1.3389163 1.17236185 1.70388162
    1.56387842 1.40015972 1.81862557 1.3763994 1.46107054 1.80703461
    0.987560034 1.14927173 1.71636462 1.34739888 1.86405909 1.83060241
    1.35853064 1.52973545 0.961568713 1.81377935 0.92771405 1.09020936
    0.947760403 1.33467555 1.38887072 1.63337338 1.31212354 0.915677488
    1.74699736 1.65812993 1.18572164 1.5013119 1.57779121 1.65752339
    1.81765068 0.916310668 1.76619887 1.18920648 1.49017167 1.33556557
    0.769726992 1.60035574 0.987176955 0.858936906 1.13344455 1.10716271
    1.30253983 1.09420049 1.07748115 0.899893403 1.76046252 0.884435356
    0.854094625 0.880377293 1.60362601 1.20196986 1.05852544 1.5937413
    0.881212831 1.05002296 1.24501455 1.04307544 0.851257026 1.03731561
    1.78161025 1.05374444 1.38552582 1.42294538 0.974310994 1.40887856
    1.77731907 1.40679073 1.32723391 1.24422252 1.80950177 1.71510494
    1.8568356 1.68466091 1.31751716 1.49480546 1.04990482 0.932506919
    1.22876167 1.58655357 1.22697186 0.986326158 1.18651223 1.05558276
    1.26967132 1.25196254 0.81523329 0.846316278 1.34437013 1.58139849
    1.17286634 0.891210139 1.26366866 0.825345695 1.19808936 1.29468298
    1.69868267 1.38485169 1.52697539 0.849709332 0.819507778 1.42031932
    0.930002809 1.36137354 1.02506196 1.45413542 1.31425786 1.85731852
    1.01337051 1.7433269 1.76445079 1.43965995 1.6647985 1.30120766
    1.65821445 1.13975537 1.76046538 0.991516411 1.57590723 1.2589947
    1.39451838 1.80446768 1.56526375 1.41709232 1.2906276 0.985613227
    1.193295 1.54210353 1.69875646 1.72425807 1.36022425 1.35784376
    1.71588171 1.15089238 0.950052381 1.1947751 1.6122191 0.932328463
    1.30455458 1.42532003 1.85375559 1.56201887 1.08354115 1.74642456
    1.79020381 1.73962986 1.03932631 1.34459233 1.65351439 1.73792732
    1.72817445 1.2941035 1.26129138 1.13792312 0.929808795 1.67655742
    1.73592854 1.06937575 1.22620392 1.23492885 1.07561934 1.50914311
    1.79171467 1.34145296 1.608266 1.65180552 0.835084677 0.951057136
    1.7533375 1.73906708 1.73632681 1.13452661 1.14542174 0.781102836
    0.925384283 1.05375254 0.954778969 0.763752103 0.872004032
    0.879244864 1.68950999 1.12217581 0.985961556 1.24857521 1.1291821
    1.47965348 1.23694658 1.8137244 1.81269288 1.23910403 1.41739357
    1.31809688 1.67943358 1.43325853 0.861566961 1.63014543 1.29082477
    1.30640411 0.961038291 1.6780771 1.26254201 1.11437011 1.0447284
    1.70398045 1.38411701 1.68915915 1.73810804 1.45873713 1.31185293
    1.42575538 1.2682085 1.49556053 0.783408046 0.789325416 1.21645093
    1.14975107 0.864121199 0.859689057 1.52000725 1.68132496 1.0403837
    1.35869873 1.58500922 1.07069433 1.77623606 1.56486952 1.56244528
    1.44967592 1.38071835 1.62638211 1.76905596 1.04682624 1.53772247
    1.67817974 1.50317609 1.1766969 1.32252693 1.26567864 1.15358031
    1.4713155 1.31213951 1.03783095 1.55783129 1.33084953 0.871505737
    1.23254383 1.59165525 0.937965274 1.05283439 1.04013598 1.21130455
    1.50926208 1.66067088 1.82012486 1.72410882 1.86130679 1.21701336
    1.73064542 1.11619866 1.881989 1.59173822 1.26654887 1.14988768
    0.941404641 1.3789742 1.71095228 1.80241954 1.70999813 1.75844574
    1.64603007 1.11502802 1.88084018 1.75837982 1.23688221 1.77871346
    1.67063832 1.01378179 1.47145426 1.26625085 1.56665623 1.25992262
    1.04642928 1.27157116 1.06376839 1.82703555 1.16031075 1.12263322
    0.855525553 1.35059476 1.00609243 1.38039243 1.13464403 1.62053943
    0.981797695 0.963989496 1.12951958 1.58717871 0.899179339 1.28802848
    1.54950154 1.08276856 1.63882089 0.929596066 0.898719072 1.03716528
    1.17108536 1.43110132 0.927346706 0.869360387 1.29208136 1.69342005
    1.72254765 1.34310496 1.60950804 1.10176754 0.86194855 1.01355338
    1.7989105 1.57504177 1.36302924 1.59313262 1.69938052 1.15712547
    1.54842818 1.19395852 1.74174809 1.03820431 1.44612384 1.78556812
    1.01976049 1.32980704 1.63460791 1.45057416 1.19281125 0.827874124
    1.50567687 0.815955281 1.03157568 1.03184879 1.54757237 1.09853828
    1.47936654 1.38338757 1.76251435 1.02312183 1.03163767 1.28574038
    1.51855946 1.18206 1.50098288 1.57223356 1.02430975 1.67899203
    1.17266357 1.09005678 1.65659094 0.834874451 1.31303501 0.80968523
    1.37842238 1.01104784 1.684641 1.75210059 1.50622451 1.84399951
    1.10817194 1.44870138 1.07393813 1.82671273 1.12644756 1.25038958
    0.926565588 1.0721848 1.59528172 1.16912889 1.03109968 1.63273108
    1.06370711 1.05478704 1.1238265 1.16300273 1.24590468 0.95886308
    1.80937648 1.31949139 1.79879487 1.27218115 1.70732367 0.953804731
    1.02814841 0.806156158 1.44386744 1.22488046 0.991243541 1.70523226
    1.45422912 1.75233591 1.84224153 1.85336459 0.956114531 1.85428429
    1.31884325 1.68642461 0.881621182 1.14648664 0.837671101 0.948740125
    1.06622493 1.62980855 1.09026408 1.34985077 1.15150762 1.17359769
    1.37802935 1.81372225 1.72214615 1.16158974 1.21415234 1.04078305
    1.34096837 1.7434895 1.18733752 1.04316735 1.57762516 0.823677838
    1.05835831 1.37197649 1.56866765 1.65632367 1.41088963 1.59407377
    0.768322349 0.914818108 1.61489093 1.02049232 0.789893925 1.2855854
    0.975692868 1.0648737 1.09419322 0.918984532 1.22194612 1.76507378
    1.51716375 1.05319166 1.16680622 1.33747327 1.3060652 1.3939606
    0.915942907 1.24393892 1.71370542 0.876698971 0.911297381 1.43319273
    1.82133663 1.69439018 1.14200425 1.60294414 1.0123198 1.62282944
    1.25105464 1.58159316 1.17230999 1.76430786 1.14005232 0.826098263
    0.814176321 0.817458451 1.48372555 1.45529997 1.17798519 0.519275367
    0.53778547 0.689491808 1.15479457 1.26849318 1.30149329 1.36232769
    0.898905754 1.59267199 1.68487406 1.38749838 1.5287863 0.974137723
    1.6839354 1.43861473 1.10646868 1.60027933 1.55553854 1.54583669
    1.76487839 1.34052587 1.01159787 1.78197777 0.958268464 1.72833681
    1.33679748 1.77799618 1.15663528 1.11886919 1.17644274 0.808507323
    0.83032757 1.53377545 1.79937208 1.43169093 1.75149727 1.46521294
    1.32483506 1.57384479 1.84506857 1.61051679 1.87346971 0.977627277
    0.956960976 1.44781137 1.27658606 1.71930063 1.15944159 1.09489512
    1.12939978 1.16027999 1.35004914 1.01996922 1.26691115 1.53700686
    1.56003821 1.29349256 1.81542003 1.62044251 1.08330023 1.28244209
    1.11405599 1.36429787 1.0851258 1.76262152 1.03913832 1.05579925
    1.42448139 1.4937979 1.59648848 1.61059427 0.817158997 1.02018499
    1.0137316 1.32182908 1.49625456 0.884672582 1.41732252 0.84675318
    1.29926717 1.44719279 1.49538171 1.30081594 1.30828393 1.65046728
    1.26109481 1.32531774 1.16235411 1.7112999 1.53655088 0.790124536
    0.834413826 1.28728628 0.892694771 0.898351729 1.38194287 1.50998282
    1.43166673 1.16879237 1.39665306 1.79611373 1.62117934 1.10283709
    1.80379081 0.960940063 0.990826547 1.2436949 1.26974893 1.48218977
    0.917960525 1.49875522 1.20423019 1.49226534 1.04700267 1.6724354
    1.81756258 1.27111518 1.83689177 0.92488414 1.50719547 1.0657028
    0.98008424 0.813996673 0.928469062 1.3930856 1.73303401 1.3361187
    1.533198 1.18119991 1.32053947 1.04985607 1.8348397 1.15541363
    1.29745555 1.21370387 1.31062567 1.67953897 0.84911418 1.36811852
    1.03684008 0.814200997 1.46397555 1.14879167 1.53228414 0.991187871
    1.0805223 1.23715866 1.87061274 1.35230494 1.78659081 1.12331152
    1.61667347 1.82773185 1.11050808 1.75307608 1.71772361 1.04662156
    1.54381537 1.47249722 1.1931293 1.68133342 0.980617583 1.39470422
    1.63305914 1.38757157 1.55183148 1.17655635 1.79824197 1.67318273
    1.52950275 1.83328497 1.11709237 0.951040149 0.836400211 1.64841378
    1.68787098 0.913881958 1.33562136 1.19317532 1.06863856 1.42976618
    1.65757525 1.81027031 1.68128765 1.07581079 1.87387455 1.46454835
    1.61589479 1.04564476 1.15871966 1.78373754 1.23766196 0.915219545
    0.985895216 0.949795067 0.873978376 1.14326596 1.01955712 1.66759098
    1.75457394 1.08643007 1.00509858 1.32147384 1.63084805 1.43735266
    0.868111789 0.991275191 1.74492502 0.8866238 1.01792884 1.51728916
    1.26555622 0.929620743 1.2971741 1.07258987 1.6735183 1.09208894
    0.945137084 1.09611094 0.812024415 1.53922868 1.08977556 1.32097983
    1.15810513 1.78811431 1.18500769 1.4568764 1.36065197 0.851790488
    1.32369804 1.71551514 0.914389551 1.7075088 1.78734684 1.37861407
    1.21189201 1.62869048 1.79815018 1.08782828 1.77010298 1.57842672
    1.63475239 1.19573581 1.5540911 1.69634604 1.19734645 1.68430436
    1.62274492 1.45036459 1.83520925 1.71211803 1.22604108 1.1205852
    1.6155591 1.593279 0.84119755 1.19520259 0.751034081 1.54570389
    1.5688951 0.896083593 1.55329394 1.34003842 1.84419453 1.42542875
    1.47224343 1.61356127 1.2282536 0.844540477 1.04607534 1.35641015
    1.3087095 1.04672015 1.61372316 1.64009213 1.76070631 1.89164805
    1.08524644 1.36704612 1.23459721 1.27043808 1.52211952 1.85188031
    1.59980464 1.18711734 1.09707785 1.15147734 1.75656271 1.68755519
    1.17919731 1.40981209 1.68200421 1.75504422 0.983644366 1.50425839
    1.61797738 1.32596207 1.50722194 1.54029036 1.3092258 1.79915655
    1.10056019 1.3507055 1.30613089 1.44335842 1.4036777 1.80861497
    1.12812638 1.61504149 1.71872473 1.11596346 1.83545136 1.48506308
    1.86369765 1.34905946 0.878662586 1.48178804 1.40532088 1.75069642
    0.877088845 1.57967937 1.62518787 1.51380956 1.16608131 0.826958954
    1.35164165 0.840365887 0.976027369 1.42576313 1.00026166 1.62545645
    1.23794496 0.988798141 1.08619189 1.37196505 1.23861682 1.66248822
    1.44342875 1.22209907 1.30022097 1.76137292 0.87787348 1.60118544
    1.34424269 1.59550607 1.74048471 1.05259466 1.55722034 1.45461059
    1.60476875 0.884623349 1.42332995 1.48790359 1.6350534 1.0564301
    1.15401137 1.42406547 1.5141176 1.40197945 1.39721727 1.45049334
    1.8427794 1.86029863 1.30306375 1.39042079 1.08376205 1.75160575
    0.888840616 0.987462342 1.3460604 1.87875676 1.37799549 1.37287927
    1.55970025 1.07169795 0.917500436 0.80670017 0.939743161 1.25826323
    1.51457214 1.04870212 1.61833954 1.79559028 1.44183838 1.46614635
    1.73442364 1.62662804 1.1870203 1.43413937 1.24317539 0.900053382
    1.31346464 1.02273262 1.44760096 1.14680004 0.889735818 1.77715862
    1.44359529 1.65101767 1.41754293 1.43133414 1.22145343 1.84190989
    1.03801167 1.86155891 1.314677 1.68861973 1.77487099 1.26973307
    1.28958523 1.53135562 1.09696484 1.05306721 1.25766122 1.62418032
    1.00303125 1.37726867 1.16463315 0.868167043 1.55564046 1.35366786
    1.36814237 1.47210693 1.45799387 1.57261074 1.10787523 1.01878679
    0.941648304 1.52239823 1.43231618 1.05371523 1.8104099 1.67209148
    1.12128043 1.18360388 0.857147515 0.919585288 1.09143233 1.43162346
    1.26770771 1.25990963 1.13224781 1.33838439 0.902067184 1.65122676
    1.08352649 1.70306396 1.79075742 1.37274671 1.73044014 1.19096351
    0.885627687 1.49379957 1.42794979 1.35265326 1.09983289 1.82842183
    0.958773911 0.912150741 1.81841636 1.34795582 1.04156077 1.80489552
    1.36594105 1.65328228 1.54771638 1.02138603 1.18186271 1.34885895
    0.939033508 1.32143712 1.00905061 0.817268193 1.44418538 1.4364599
    1.23074949 1.18537199 1.54855013 0.922925472 1.10101962 0.857386351
    0.887796402 1.28873169 1.08599687 1.60030878 1.82566595 1.01302266
    1.09624755 1.3697511 1.37817395 1.64383793 1.30703187 1.67378294
    1.11453998 1.47847474 1.44822705 0.93299979 1.8739543 1.00933886
    1.75070477 1.15552998 1.55931568 1.82109237 1.06232405 1.56174183
    0.934801519 1.5771749 0.815632224 0.960604191 1.28894126 1.4682188
    0.641504288 0.841585815 1.37328684 1.03268874 0.838524997 1.06593812
    1.22086 1.53604686 1.58415246 1.62851882 1.42073953 0.865011156
    0.987935901 1.4784919 1.01493382 1.14366961 1.46416843 1.71744335
    1.82103765 1.30347323 1.37105346 1.71433938 1.11213005 1.09356678
    1.70410419 1.60933185 1.7634722 1.81204486 1.7658453 0.869134367
    1.42612445 0.991100192 1.09695995 1.47580481 1.64876044 1.67844045
    0.899780452 1.27409112 1.19533336 1.85354936 1.44351995 1.71157265
    1.47479653 1.56745005 0.938901842 1.56952453 1.21335685 1.24231267
    0.992223501 0.951992333 1.10823286 1.09982061 0.872816801 1.80596292
    1.47425115 1.39693844 1.53615594 1.36693275 0.932993352 1.35132337
    0.975756049 1.80934143 1.36857414 1.44133389 0.945313156 0.905763984
    1.59822977 0.826048732 1.74185312 1.46487236 1.51234078 1.3722707
    1.48132098 0.891596973 1.66955829 1.24138927 1.14667487 1.38717818
    1.35688794 1.51779592 1.14060533 1.23121071 0.899790525 1.46247649
    1.00100338 1.59615469 1.12917471 1.62408781 1.12665915 1.1033957
    1.15552616 1.1123929 1.66564083 1.11810505 1.60367072 1.81571269
    0.867763579 1.67194557 1.53916085 1.60964608 1.37442112 0.869539976
    1.20561147 1.46693802 1.41524494 1.32231998 1.04914093 1.30656588
    1.8635422 1.65671813 1.08910131 1.653216 1.37507594 1.34089756
    1.47288287 1.71986866 1.60685873 1.32497728 1.54605651 1.58954525
    1.70408964 1.30721426 1.60767114 1.71737099 1.36874533 1.08316004
    0.889696419 1.28244257 0.890840828 1.47900808 1.88952136 1.46698904
    1.23083711 1.75067437 1.31730044 1.08498609 1.69072616 0.900267899
    1.81401515 0.924150348 1.05881977 1.37821782 1.65900791 1.33355927
    1.51266479 0.926938653 1.00698102 1.03201056 1.54612005 1.43330526
    0.985310674 0.897516787 1.19238305 1.55570853 1.17021811 1.76411545
    0.840534151 0.804629982 1.01531589 0.910670042 0.865124702
    1.33498752 0.900337338 1.29094851 1.2749486 1.69037604 1.38503313
    1.03870177 0.964075387 1.07778656 1.62080824 1.15343642 1.53912199
    1.18154573 0.930917084 1.58802605 1.00246692 1.15315127 1.35253668
    1.08962703 1.61162579 1.10770667 0.963794053 1.29270792 1.52639735
    1.75582218 1.73079574 0.878451586 1.15064669 1.51031911 1.04495335
    1.59208572 1.14678514 0.929665446 1.38391376 1.1439507 1.72113371
    0.800598264 1.11350429 1.67728269 0.848404706 1.48845971 1.8098141
    1.25705898 1.14234602 1.62457418 1.80467629 1.1513232 1.16971016
    1.59674835 1.77031696 1.43060505 1.37104571 1.07570398 1.63772058
    1.79113805 1.26956725 1.42601824 1.38472366 0.82275641 1.76256561
    1.35593867 1.47306597 1.4924798 0.859368324 1.6796993 1.30401587
    1.54355741 1.69792378 1.3128401 1.6047107 1.48603106 1.75147784
    1.13704896 0.974705935 1.65974057 1.1141665 1.04574001 1.40019584
    0.938221455 1.17677951 1.47937739 1.72404897 1.86932719 1.47313893
    1.69910276 1.58410227 1.32409143 1.03830647 1.29817414 1.07083011
    0.85191828 1.73874676 1.18593085 1.7292099 1.09899545 1.53882337
    0.691034079 0.550760984 1.13162792 1.37073481 1.45922458 1.507936
    1.61626232 1.58022356 1.46038985 1.81094074 1.01868379 1.02288508
    1.62865937 0.878686547 1.01813436 1.45058274 0.970523059 1.4726032
    1.62480831 1.67100632 1.61825061 1.18327379 1.76971602 1.73868668
    1.77968216 1.57587981 1.71096885 1.55263269 1.13019133 1.05223095
    1.2737143 1.6664654 0.978710175 1.71419621 1.40738046 1.61500359
    0.937666118 1.40568173 1.37198615 1.38894808 1.70563018 1.49891365
    1.20114255 0.848003924 1.74235928 1.40811777 1.05235207 0.993658543
    1.30406904 1.38211918 1.65982032 1.55559111 1.02271855 1.08530653
    1.15001523 1.14009702 1.60328126 1.51156414 1.40241444 1.14131105
    1.63433766 1.402807 1.36059892 1.18662405 1.23981214 0.82847935
    1.77245975 0.895321012 1.14975524 1.06180286 1.01774478 1.35344923
    1.27942753 0.943458557 1.74963963 0.797587454 1.10488546 0.978656292
    0.772499382 1.62622595 0.947451353 0.943441987 1.06555045
    0.986706853 1.27974892 1.3933953 1.73631287 1.38739848 0.864464819
    0.937393367 0.999632359 0.822404921 0.869334042 1.26735795
    1.03639233 1.4992491 1.02480447 1.24294615 1.52371025 1.49818826
    1.43516922 1.0964849 1.00431216 1.41275251 1.59972 1.54696357
    1.820274 1.63506305 1.51216078 1.72486806 1.41832924 1.4473381
    1.75487638 1.44654822 1.410007 1.46677935 1.13647401 1.33707976
    0.906520009 1.42625213 1.0040139 1.44482338 1.38148618 1.74570906
    1.58434892 1.84654009 1.87773979 1.12953556 1.34243727 1.25754893
    1.67138064 1.81842899 1.56591856 1.61567914 1.58476818 1.44793069
    0.879631042 1.64613366 1.56065297 0.958768368 0.958160639 1.74563575
    1.51767755 0.92985785 0.877299726 1.03221226 1.16997743 0.957282841
    1.40083313 1.34010935 1.27053833 1.32019711 1.4875828 1.75749612
    1.10005653 1.15807533 1.26001489 1.675704 0.846678197 1.15335906
    1.36951125 1.1384691 1.60920084 0.932456315 1.82837975 1.56131089
    1.81140053 1.11842597 1.35680652 1.48329568 1.70894778 1.43977726
    1.81647396 1.38506234 1.48387694 1.33399856 1.7753675 1.27879965
    1.43584847 1.44561946 1.78827286 1.51476812 1.59883952 1.0008924
    1.14546394 1.25593865 1.57032943 1.10216379 1.55964911 0.964849949
    1.61414075 1.48375165 1.10734093 1.36782324 1.40137792 1.27124512
    0.914639473 1.18775868 1.53084683 1.02402031 1.06843543 1.7773428
    1.40285373 1.65584922 1.58017123 1.84677255 1.51371264 1.578089
    1.02636635 1.0374577 1.44030058 1.57158315 1.22786117 1.17382073
    1.35886657 1.47030091 1.14707744 1.67972231 0.978841186 1.71624029
    1.36685121 0.834887564 1.63933778 1.16995478 1.59045339 1.47874987
    0.85044837 1.33892453 1.32694387 1.14568436 1.17019451 0.885181606
    0.846290708 1.49024105 1.42012393 1.66013956 1.55502594 1.33310425
    1.76191199 0.913355947 1.27920735 1.61033857 1.72546446 1.88582301
    1.22330368 1.60445487 1.20254552 0.946385026 0.939255238 1.31604922
    1.10788262 1.20701027 1.81988704 1.67699218 1.00918674 1.27839196
    1.25204337 1.09989321 0.713968217 0.787205875 1.46593273 1.08167493
    1.60830343 1.823699 0.882844806 0.883537948 1.20799029 1.09738111
    1.71186447 1.64474344 1.69029927 1.1815877 1.06297517 1.20279586
    1.8466171 1.86027384 1.00233305 1.04145598 1.37117147 1.28404963
    1.82973373 1.31702328 1.86099017 1.32173204 1.50457585 1.19399917
    1.14160562 1.471385 1.54786146 0.842729449 1.05728364 1.39595962
    1.25761747 0.892968535 1.43779182 1.36108756 1.53196788 1.04775035
    1.30098474 1.16639435 1.37091362 0.817338824 1.26306677 1.69015217
    1.62844205 1.074103 1.35854626 1.47009957 1.37058842 1.75049746
    1.54406667 1.39752316 1.7141223 1.83918571 1.63631725 1.07996297
    1.77812266 1.00571108 1.65655732 1.08087039 1.31469429 1.34406435
    1.68036497 1.45863712 0.852552474 0.96015197 1.68738699 0.852072418
    1.24137819 1.27460992 1.56907499 1.08520162 0.94979465 1.10291564
    1.64866316 1.05067515 0.813275337 1.01710653 1.10827863 1.48587251
    1.1627897 0.944772303 1.0452894 0.888949573 0.896915138 1.30671263
    1.46924186 0.830565691 1.55146265 1.19964623 1.68001771 1.42579091
    1.19000483 1.51857162 1.21765459 0.948662817 1.15185344 0.846597791
    1.57494402 1.50565302 1.05271363 0.982529819 1.53572547 1.49374366
    1.3684094 1.48476946 1.38194752 1.12452483 0.943063676 1.82958829
    1.60269105 1.62436748 1.51660919 1.36422241 0.848743916 1.41686857
    0.943677366 1.29794848 1.13705063 1.5582931 1.26752722 1.82090878
    1.53940678 1.41764796 1.30794334 1.58297205 1.8962779 1.82768571
    1.20289099 1.62026298 0.919588625 1.79415512 1.03319263 1.59453309
    1.18588924 1.30139673 1.37367523 1.18749559 1.65468061 1.73018861
    1.44425738 0.837991476 1.3966068 1.16531646 1.77295458 1.50414538
    0.965492129 1.3076123 1.82027984 1.21580207 1.1580559 1.03949118
    0.932165086 1.38627696 1.27903318 0.989242852 0.952694952
    0.829291642 0.835370839 1.47957087 1.52775025 1.65800989 1.1989063
    1.48884046 1.6418798 1.14551353 1.41284072 1.30474246 1.29844272
    1.00623715 1.4809953 1.09599757 1.19493318 1.46978414 1.69963121
    1.26439559 0.998018503 1.63763964 0.97591722 1.45067203 1.75818264
    1.47882855 1.49969232 1.1810478 1.39208627 1.10097528 1.46915245
    1.65285492 0.957104981 1.50468838 1.39928353 1.03596473 1.06196558
    1.22680664 1.34185624 0.828423321 1.35256982 0.921019852 1.74849463
    1.27369142 1.53743374 1.89702427 1.68209004 1.70700634 1.43785143
    1.53458691 1.50381935 0.952328444 1.04651093 1.70087624 1.62251329
    0.854105651 1.46849787 1.56479406 1.04955614 1.34521949 1.50523818
    1.48884392 1.64645195 1.17692924 0.910098016 1.37159634 1.2242527
    1.3761965 1.36425507 1.18891823 1.78672564 0.881812036 1.60856438
    0.990781665 1.22675669 1.58128095 1.08572793 1.18522251 0.865885854
    1.38689864 1.02362132 1.30413556 1.36464107 1.68134356 1.74314213
    1.60070729 1.57353759 1.52209055 1.43269336 1.71653569 1.44295132
    1.0395242 1.56860244 1.20338285 1.28659821 1.3682816 0.649520457
    0.530349314 0.831663549 1.22978354 1.74212205 1.38983119 1.54552352
    1.05751514 1.51040363 1.54815423 1.47479153 1.18127811 1.53082967
    1.1506573 1.14953518 1.55852187 1.49511695 1.30308414 1.24178147
    1.39689755 1.74626005 0.94700551 1.3414501 1.26329362 1.62065005
    1.79907477 1.86248112 1.42180955 1.52767694 1.43121731 1.35316932
    1.06740487 0.982802689 0.857747257 1.40530157 1.50823903 0.839094996
    1.16259325 1.74468732 0.873193383 1.8026706 1.66777647 0.986103833
    1.62719858 1.23073113 0.827730179 0.789698184 1.65317333 0.80418241
    0.787628412 1.35019147 1.3919245 1.70058763 1.81272531 1.82046092
    1.1652137 1.18083322 1.61742985 1.33006918 1.84745967 1.06207407
    1.49449205 0.986051142 1.33048844 1.18094814 1.38230348 1.52837932
    0.985593855 1.21546137 0.844323993 1.48355305 1.49377799 1.43269563
    1.23449075 1.75358319 1.14557505 1.63644886 0.974595785 1.35386264
    1.17874479 1.06341231 1.67618811 1.44027996 1.34395814 1.77722955
    0.863048613 1.15012693 1.28989315 1.0405134 1.57822478 1.63330746
    1.59213316 1.71230006 1.67615485 1.74168158 1.55114341 1.70171213
    1.36347878 1.79606867 1.6241138 1.46976984 0.965325236 0.826863766
    1.4361701 0.857357025 1.63835776 1.74577105 0.994355202 0.972820282
    1.35386479 1.6507225 1.62154353 0.898378313 0.854207098 1.10449326
    0.883576691 1.54216015 1.20837522 1.24431622 1.74236023 1.27106881
    1.57600224 0.932607949 1.16042364 1.04859078 1.79678357 1.43136013
    1.09128094 1.77589273 1.01713097 1.84459782 1.59860384 0.965931177
    1.84334981 1.23698461 1.79055309 1.60967004 1.28401589 1.0242008
    1.36889827 1.33451331 1.53996086 1.33338022 1.14700758 1.72086167
    1.49147403 0.98065418 1.27163196 1.7832917 0.935303986 1.48713875
    1.1992321 0.85911411 1.45023906 1.64445424 1.63145101 1.04568541
    0.826816618 0.779003799 1.63782871 1.29317451 0.882935464
    0.956767261 1.30995667 1.19326711 1.69291663 0.913679838 1.74729252
    1.47411931 1.02842438 1.17076516 1.38744259 1.55154026 1.12565124
    0.997474968 1.4820025 1.37117243 1.79378617 1.00281358 1.15374899
    0.931435525 1.81504107 0.999013662 1.57969141 1.73575938 0.945998728
    1.56441653 1.68974853 1.35096657 1.19714749 1.55862641 0.835944474
    1.29771221 1.4774673 1.23905408 0.995736897 1.68941593 1.29433
    1.43958032 0.843923151 1.71359801 1.26547718 1.23230505 1.19091976
    1.74934697 1.51606643 1.52863765 1.15975046 1.84130335 1.56415224
    1.43584609 1.15986705 1.05571842 0.980697632 1.60718846 1.72669673
    1.01325214 1.08372259 1.60260749 0.899552822 1.03435302 1.24339008
    1.73363006 1.55369163 1.44731557 1.83595848 1.54077709 0.965013385
    1.25667202 0.838651657 1.50133598 1.62357163 0.881577492 1.22021341
    1.18228555 1.26757669 1.51674509 1.51239276 1.20797145 0.951464951
    1.1624608 0.983038545 1.61508203 0.957174718 0.944880188 1.19914424
    1.71589148 1.60260463 1.58688462 1.2641046 1.8986299 0.955349028
    1.63736916 1.60189593 1.53925204 1.62510467 1.54297292 1.19909847
    0.734029651 1.43505239 1.05643594 1.5673759 0.913312554 1.23566937
    1.59330177 1.84828341 1.25707197 1.47878289 1.69129109 1.18624759
    1.3003794 1.70781219 1.04721785 1.52264667 0.916905105 1.62047696
    1.03256524 1.41350245 1.20426428 0.961444557 1.54199874 1.53770161
    0.921330154 1.20179355 1.29471385 1.37083817 1.09612489 1.62088728
    0.991668344 1.47323155 1.58533931 1.40084851 1.05274224 1.26425624
    1.33173501 1.81392217 1.27023661 1.55379951 1.16157222 0.888169289
    1.34649301 1.40646255 1.51014245 0.91792804 1.46783257 1.11120164
    0.811942279 1.77071893 1.57922983 0.870073318 1.48813438 0.901991129
    1.53246748 1.19059777 1.84515476 1.31317794 1.10076177 1.48587251
    1.40229046 1.27936983 1.19738901 1.51659501 1.18909824 1.50674748
    1.81657171 1.43402612 1.17890239 1.0854702 1.01531363 1.70258975
    1.02831984 1.22851396 1.29241812 0.966806591 0.887160599 1.45048904
    1.16360962 1.70448267 0.790972829 1.71478641 1.50952041 1.41900241
    1.23240018 1.78583431 1.05995011 1.52488446 0.861808777 1.14999914
    1.75358522 0.957727313 1.7908026 1.43495083 0.997212589 1.15963042
    1.29211891 1.54876864 1.50435829 1.55802667 1.5123533 1.72184169
    1.01246333 1.49854541 0.794383585 1.26270723 0.810802579 0.959642828
    1.22549558 1.51163292 1.45584333 1.72130001 1.14549625 1.18733704
    1.32549965 1.10315549 1.44226706 1.72884619 1.74227929 0.950086415
    0.870049834 1.54792738 1.28611493 1.31026483 1.39935827 1.36987782
    1.31445038 1.06043541 1.40426219 1.50045872 1.72908449 1.3785702
    1.34097445 1.60447955 1.40697742 1.77282786 0.960005939 1.51422274
    1.08944666 1.03283465 1.14228189 1.50436819 1.04203987 1.6464417
    1.69862759 1.16274452 1.79102147 1.07406259 1.11230326 0.93333137
    1.65613413 0.910671055 1.81357992 1.52071011 1.44260955 1.18728495
    1.02432156 0.834597468 1.28534102 1.27907646 1.20398366 1.63340473
    1.04546571 1.35065854 1.32587254 1.65763974 1.26070237 0.88765806
    0.900720716 1.06338823 1.0441519 1.59824109 1.1642282 1.51313412
    1.22559941 1.37704587 0.911648333 1.53519917 1.51002288 1.56476629
    1.83711588 1.59350634 1.71054137 1.56565309 0.907847047 1.27334261
    1.45867419 1.77908945 0.845298409 1.17933607 1.61712456 1.10922873
    1.32217228 1.33688831 0.848904371 0.795640707 1.74336839 0.985835433
    1.44381058 1.19133973 1.4739455 1.50836182 1.78327787 1.48930073
    1.0454756 1.24920344 1.09128225 1.29414463 1.22891355 1.43123531
    1.36811113 1.54114091 1.59504855 1.16808772 1.71469855 1.5619278
    1.41830289 1.39033067 0.874372661 1.76670313 1.43099225 1.04080474
    1.09777915 1.47685552 1.10036755 1.09495473 1.49776804 1.39337301
    0.870038509 1.5944289 1.66981256 1.41706097 0.86060518 1.15707219
    0.875876427 1.40618074 1.42865026 1.3798753 0.900461435 1.38416386
    1.67147303 1.07974494 1.74499178 1.69206822 1.13926876 1.83220243
    1.85205185 1.80639875 1.64124191 1.32583296 1.76080441 1.17078531
    1.08755386 1.47826743 0.925765991 0.546531022 0.805949807 1.35194564
    1.60037172 1.12517846 0.85467875 1.59447718 1.28763533 1.41087985
    1.31009245 1.51376212 0.875431478 1.62339783 1.00769556 1.41462088
    0.808255792 0.828071892 1.27873111 1.76868415 1.23867428 1.54091144
    0.986352921 1.0981226 1.30077088 1.85375595 1.27154505 1.60039222
    1.36178231 1.28552949 1.14752865 1.80460656 1.37100613 1.01455557
    1.72646856 1.77925313 0.870627999 1.13408995 1.28544712 1.12048757
    0.844800174 1.01574278 1.40717232 0.787935913 1.10031462 1.48073745
    1.22985804 0.927059352 1.42342913 1.12096691 0.889727175 1.41843605
    1.41605937 0.942496598 0.901865065 1.19905949 1.1326313 1.09263659
    1.19207501 1.85518813 1.50743997 0.90931505 0.919559717 1.35185421
    1.6636734 1.47773302 1.49158144 1.31238806 1.61724365 1.81785178
    1.65787947 1.00480163 1.71300125 1.28825474 1.04237652 1.72538543
    1.27958369 1.45505118 0.839220107 0.866149485 1.53658748 1.35402036
    1.5075022 1.08382428 0.792966723 1.73355126 1.53413701 1.23548925
    1.58310115 1.04166329 1.68468082 1.56379402 1.53706515 1.14488077
    1.21017182 1.4069649 1.49022961 1.64452899 1.08832157 1.80636263
    1.10638475 0.914087713 1.22826004 1.51198995 1.25309503 1.14130557
    1.40974796 0.818459988 0.948683798 0.804972708 0.922240198
    0.966293395 1.57335579 1.3810724 0.896478295 1.68658364 1.75868428
    1.62676573 1.22577965 1.21303165 0.914596736 0.845388234 0.793599367
    1.31185567 0.858186483 1.25715101 0.939458072 1.70197988 1.51146972
    1.88232982 1.56277037 1.65800738 1.38270247 1.68430972 1.10981381
    1.4452939 1.01010382 0.955414414 1.31950366 1.18955421 1.48479474
    1.15624809 1.01563525 1.15996528 1.23376513 1.77490509 1.32048452
    1.65546358 1.66085184 1.12476504 1.22767413 1.63450527 1.5917809
    1.76340938 1.02186453 1.68468881 0.891622722 1.34204078 0.976985991
    1.04506421 0.971944571 1.24149549 1.45159745 1.44582796 1.24377775
    1.05425763 1.74042606 1.17240882 1.0486685 0.871961832 0.828541756
    1.19259858 1.02765965 1.09263587 0.869537234 1.72853732 1.17264163
    1.27381635 1.82670319 1.7825886 1.12110448 0.943110764 0.894194245
    1.30102217 1.42332876 1.74117017 1.2758038 1.83952856 1.45461786
    1.64119852 1.60218883 0.891969562 1.81152642 1.04306161 1.19517481
    1.37359095 1.32770324 1.05487728 1.30593359 1.0776937 1.38684082
    1.64791381 1.73996377 1.13678181 1.57803738 1.14486468 1.45320618
    1.67146099 1.00071084 0.870821297 1.58612406 1.65163004 1.16719353
    1.80531049 1.55892432 1.64684832 1.0011375 1.25053167 1.70787871
    1.43599987 0.96793592 0.958500504 1.36355436 0.964776874 1.76973641
    1.26441467 1.57399046 1.28529656 1.55721545 0.831128597 0.898386121
    0.938230634 1.47377348 1.3249718 1.39033568 0.812120378 1.08797109
    1.02691805 1.37074614 1.62351727 1.62986875 1.52414846 1.48505974
    1.01697695 1.34749353 0.869792163 1.61478364 1.34994602 1.13912261
    1.44292891 1.44562685 1.32211065 1.79157376 1.2695986 1.28262722
    1.55918825 1.33731413 0.473512858 0.726249695 1.53422546 1.16106319
    1.38689697 1.3150667 1.2694416 1.67061198 1.52242529 0.956526279
    1.28032291 1.39731193 0.914923489 1.54354787 1.0948956 1.71060562
    1.6985172 1.19226646 0.890383184 1.28384483 1.54093468 0.912998676
    1.13349748 1.28711557 1.25516403 1.31979036 1.38124156 1.28153956
    1.01303244 1.30393565 1.71249199 1.44054139 1.06876135 1.00166774
    1.46434009 1.67729723 1.78255296 1.36888015 1.59137332 0.848831117
    1.25106418 1.18580389 1.46722329 0.816380024 1.39809477 1.63016474
    1.0131315 1.0699904 1.37266576 1.16965187 0.955707669 1.31250918
    1.29558897 1.24746072 1.49784636 1.61514723 0.933177173 1.52836537
    1.68393886 0.993695021 1.82161808 1.15258062 1.35529411 1.70130205
    1.44863904 1.65356338 1.8591516 1.84284043 1.6384573 0.850791097
    0.967391849 1.570755 1.6631459 1.48335671 1.45607817 1.18723869
    1.64387703 1.71443546 1.6967001 1.54667068 1.15293407 0.967783749
    0.776995838 0.982112169 0.854845703 1.0039798 0.828090966 1.06778944
    1.61429191 1.76708055 1.2632668 1.28808856 1.09718323 1.23589993
    1.19672251 1.12281775 1.10436916 0.941269398 1.29092479 1.46136105
    0.927080691 1.61040974 1.25772989 1.18806005 1.02230215 1.31535697
    0.77215606 1.18596935 1.6603508 1.17305017 0.964854479 1.46832728
    1.55751526 1.13569856 1.10240614 0.954946756 1.04586184 0.99266386
    0.867333412 0.952496529 1.12486243 1.40211272 1.33137763 1.30952108
    1.40720046 0.959803164 1.82600951 1.05030572 1.88127768 1.44807184
    1.1029284 1.42025542 1.31982112 0.938995063 1.71388865 1.5620265
    0.821037948 1.22961569 1.16112721 1.06361938 0.813946426 1.01410532
    1.35081875 0.836614788 1.50018907 1.71441615 1.00297046 0.971466362
    0.894458234 1.31377757 1.58379257 0.973778605 1.81596792 1.42137384
    1.51659799 1.40173805 1.47282147 1.07634568 1.24224544 1.26496077
    0.768666267 1.40069246 1.23823082 1.37348163 1.03578126 0.802179098
    1.60330939 1.28158498 1.55337131 0.863756418 1.75878894 1.33618867
    1.37314928 1.51710629 1.70815742 1.75626349 1.48586643 1.7382406
    1.4197228 1.6608125 1.20085037 1.67545414 1.6141336 0.894864202
    1.79163134 1.36288679 0.882875979 1.11767626 0.941402197 1.51165807
    1.6130743 1.29756939 1.72787571 1.1770891 1.06208062 1.24637866
    0.8020913 1.1657244 1.05471182 1.46599019 1.27394438 1.76971567
    1.00330162 0.913863182 1.34096193 1.68363726 1.76967347 1.54493392
    1.00933146 1.78192782 0.891478479 1.75312054 0.855071127 1.70266795
    1.80132818 1.21003294 0.940834939 1.21107006 1.16541219 1.68446863
    1.18404925 1.6226759 1.52226281 1.45574152 1.78543282 1.78357399
    1.05583644 1.58972859 1.46127045 1.54864192 1.12077701 0.974049985
    1.38476276 1.02200508 1.02877867 1.04624832 1.64183569 1.126297
    1.75150251 1.78926349 0.829105735 1.28015566 1.06864738 1.33773136
    1.21640182 1.30840969 1.01597917 1.0538044 1.36536157 1.73489618
    1.28153074 1.58177376 1.2227633 1.61228549 1.42893922 1.24321103
    0.46285665 1.45246685 0.687955081 1.36076164 0.842501044 1.69540572
    1.74273694 1.83967388 1.8184135 1.48623955 1.02734494 1.41892421
    1.2533747 1.05744529 0.798096478 1.62277067 1.15758812 1.12901044
    0.832421124 1.72223353 1.27996242 1.71093404 1.81807601 1.22781754
    1.63790429 1.11877048 1.13498402 1.64429212 1.2623564 1.29008365
    1.17931151 0.995485187 1.75023186 1.07626057 1.60264099 1.06113946
    0.992752016 0.826878905 1.27782977 0.923946738 1.65108907
    0.801790714 0.914768875 1.66960013 1.61053252 0.804947674 1.19893301
    1.52114689 1.37558734 1.22238696 0.94262439 1.28892827 1.64946866
    1.7996887 1.328426 1.41796863 1.19385946 1.2984674 1.43224263
    1.72548652 1.34522438 1.29169095 1.10728192 1.74957216 1.71497846
    0.923745155 1.48678946 1.80906034 0.929927766 1.14205813 1.37648511
    0.886990905 1.22183824 1.40820849 1.35193408 1.43959785 0.912396669
    1.16268086 1.37929988 1.79705966 0.874050319 0.864448786 1.43014085
    1.4708674 1.03980446 1.09324336 1.50927639 0.983689725 1.18903077
    1.05589902 1.55243397 1.10527873 1.58792698 1.59380102 1.7292546
    1.21500266 1.56828141 1.18395078 1.10556889 1.63735497 1.34643972
    0.91315341 0.914128363 1.60364938 1.43376172 0.911956966 1.17937458
    0.962027609 1.24411607 1.22977352 1.75659537 1.30471563 1.47030425
    1.20779955 1.80585504 1.20525825 1.47232246 1.31777513 1.17306268
    1.40824807 1.27190793 1.76413655 1.61941469 0.899924755 1.31041396
    1.68997037 1.31968069 1.13849699 1.4321816 1.65614045 1.31527185
    1.61587155 1.1619612 1.0938344 0.919067562 1.63523877 1.69321477
    1.07610822 1.16746533 1.44740379 1.34017634 1.6548351 1.17964673
    1.60384822 1.0655849 1.36024237 1.02288043 0.907195151 1.46388197
    0.85730499 1.28911495 1.20058572 0.990605235 1.17220664 1.32953286
    1.19647896 1.2419008 1.63323212 1.20999038 1.07150674 1.07870352
    0.901774883 1.6105336 1.33265853 1.38238585 1.02887964 1.2399509
    1.70891929 0.871548712 1.50430346 1.25606 0.788910508 1.05342793
    1.31477058 0.897466004 1.07741451 1.3174783 1.30318475 1.28367591
    1.86477315 1.09237659 1.78776646 1.16122019 1.1364907 0.899820864
    1.75236928 1.8107053 0.8648929 1.3221575 0.967736959 1.70259774
    0.888937712 1.31411624 1.05785775 1.44383442 0.914325297 1.47033191
    1.44064212 1.26306581 1.81193817 1.6686846 1.25337148 1.13396168
    1.09921789 1.6724565 1.06212676 1.31788778 1.45912731 1.00809956
    1.09692168 1.43886268 1.1994276 1.5612247 1.43362474 1.04776371
    0.959703922 0.854121745 1.5765475 1.12893009 1.37896883 1.173576
    1.62223947 1.09683776 1.54583526 0.936017036 1.30789661 1.32694781
    1.44608963 1.63656843 1.75622904 1.25652552 0.875710607 1.53528237
    0.844352782 1.76207232 1.617612 1.52440143 1.41574717 0.989956677
    1.13524687 1.47713315 1.31164169 0.943015099 1.67504263 1.37391496
    1.70788896 1.7289747 1.63459325 0.94114846 1.83287597 1.66296422
    1.60742056 1.57892323 1.25671792 1.5521574 0.840898216 1.22982204
    0.563286483 1.3451941 1.68185723 1.73195922 1.18718135 1.52013302
    1.34271896 1.19148123 1.48725784 1.08494079 1.74318159 1.35951328
    1.66659474 0.87165761 0.789087236 1.70829797 1.34512901 1.41781437
    1.55872619 1.20684779 1.17163229 1.06311476 1.79229128 1.78820205
    1.2332567 1.37856007 1.8352617 1.41226077 1.00672174 0.970502257
    1.30292594 1.58582294 1.66886449 1.4233129 1.25807261 1.68399787
    1.25517976 0.869693518 1.29817522 1.66289759 1.03840232 1.57592046
    1.26590526 1.53947151 0.856362045 1.61799693 1.01177061 1.19306755
    1.12488008 0.847717047 1.20023561 1.2804029 1.49183071 1.1160543
    1.68956184 1.13050413 1.41094613 1.56571722 1.46496081 1.29918218
    1.04035747 1.7257247 1.73850322 1.62264073 1.35458863 1.2393465
    0.918619394 1.13345015 1.23589265 1.01462114 1.03704369 1.4999131
    1.55196702 1.43202436 1.76425612 1.33851302 0.987214923 1.0073123
    1.21658635 0.839748144 1.58821118 1.0457263 1.4080199 0.896983862
    1.53759849 0.772899806 1.77245808 0.868103743 1.27172875 1.60749936
    1.33335769 1.27366114 1.72858918 1.28822052 1.07411623 1.20620584
    1.13964713 1.51286507 0.976834774 1.77108598 1.59375441 1.68500495
    0.846243203 1.66465318 1.08223474 1.12761903 1.68433249 1.52942216
    1.0696739 0.819990098 1.47442794 1.02941203 1.27586281 1.11931944
    1.42846739 1.60621357 1.00628757 1.24675059 1.42815077 1.26927555
    0.815944254 1.12137115 1.02582383 1.57790947 0.882336736 1.69964564
    1.3102237 1.34556377 1.68660259 1.50219584 1.73704767 1.25954962
    0.942955136 0.895838857 1.11669636 1.24094832 1.5140506 1.06991792
    1.44814575 0.937037587 0.854950011 1.59173036 1.32669866 1.1468184
    1.25038373 1.04313838 0.785297275 0.882523417 1.12112319 1.68612015
    1.84720349 1.51735198 1.66168916 1.69398892 1.57730329 1.13617814
    1.34300482 0.862653375 1.21771634 1.11982441 0.83863306 0.786182761
    1.07674038 1.140692 1.10311973 1.64740014 1.13659334 0.816423595
    1.12141168 1.37822628 1.1021564 0.93328625 1.80475247 1.32763028
    1.18715024 1.04619133 1.63078105 1.38918984 1.72109401 1.22382605
    1.59276521 0.973069966 1.66674638 1.48153841 0.89297545 1.07063735
    1.3625139 1.47880292 1.0125556 1.05249989 1.10205293 1.61480772
    1.43361199 1.34435296 1.625687 0.862028539 1.04028857 1.47605562
    1.12031615 1.5499419 1.85175037 1.28885508 1.56616902 1.50703061
    1.70584619 1.71175838 1.32035875 0.964385569 1.27002525 1.47675669
    0.970787823 0.940593779 1.59957969 0.976757169 0.960890353
    1.44005096 1.119573 1.13757384 1.53584492 1.25436699 1.39471054
    1.01897395 1.08904302 1.34637558 1.01783836 1.27137828 1.17454755
    1.34829307 1.82011425 1.52024293 0.94555527 1.37892127 1.03691185
    1.59680104 1.75421894 1.57539308 0.841655254 1.4116019 1.46399438
    1.74072194 0.961138129 0.862140119 1.03984833 1.22518599 1.47036219
    1.39973021 1.68844461 1.86451244 1.57057738 1.7970866 1.50119138
    1.20174861 0.864846349 1.14953709 1.4572767 0.782223284 1.33841157
    1.13718736 1.19941723 1.54228413 1.64368403 0.973518848 1.08421147
    0.907859206 1.78606379 1.52231967 1.12588382 1.11909831 1.52853107
    0.81554383 1.32988214 0.779240787 1.02846384 1.74608386 1.75494194
    1.21960354 1.15636241 0.838254631 1.54602003 1.19505513 1.47924328
    1.17984021 1.0618825 1.8187139 1.65033329 0.992239535 0.926937997
    1.75263584 1.61117435 1.21137977 1.60695517 1.78969693 1.57629704
    1.40764213 1.02162659 1.12783432 1.46367431 0.898910105 0.854627848
    1.21222246 1.44930327 1.212291 1.78450227 0.851230264 1.12454796
    1.33864522 1.74687684 1.09163451 1.16919804 1.49218082 1.0577774
    1.3364476 1.59618771 1.49857175 1.05991185 1.21273482 1.89134371
    1.37464106 1.06008518 1.36111772 1.72257507 1.28813231 0.906093836
    1.43978107 1.02237558 1.61421704 1.00307059 1.56974411 0.932103932
    1.01262319 1.12306285 1.71738493 1.37170315 1.45911014 1.04018962
    1.78099704 1.30139387 1.48081422 1.6547538 1.32205749 1.30751371
    1.18579865 1.43520403 1.55450726 1.27479219 1.13081551 0.846146762
    1.41694009 1.35740948 1.31301904 1.39853787 1.50245631 1.51459944
    1.54362547 1.48411405 1.62946177 1.79878664 1.58263636 1.26262665
    0.990210414 1.73965609 1.27254653 0.877199948 1.75856948 0.989247024
    1.25967228 1.21498823 1.11677766 1.09148288 1.61509049 1.35908985
    1.28380489 1.04658663 1.11603069 1.6194669 1.05654883 1.45366955
    1.66474366 1.74803889 0.889078915 1.0063858 1.34544218 1.81620491
    0.992659926 0.974134326 1.18362856 1.67309451 1.64232671 1.56019223
    1.28351808 1.44146144 1.26912451 1.36937761 1.21923947 1.69507539
    0.928083777 1.05253506 1.5999862 0.958779693 0.960764289 0.962857544
    1.66169977 1.45812845 1.10290611 1.23601031 1.25405264 1.45481884
    1.55581629 1.84992099 1.39961612 1.85439074 1.40274823 1.67591822
    0.916638613 1.25116217 1.02534354 1.07608199 1.75790858 1.77928221
    1.71339405 1.56723595 1.23412323 1.1305325 1.74702823 1.17683232
    0.876062274 1.42989671 1.66222036 1.7404542 1.60066211 0.884675443
    1.23950958 0.882281363 1.01820433 1.58549476 1.24453318 1.07040334
    1.33588624 1.76526427 1.80039775 1.33456933 1.62418711 1.053123
    1.51901579 1.74440491 1.19135177 1.63322306 1.38530242 1.42070746
    0.945541978 1.83374465 1.4102031 1.60814273 1.09540296 0.986721337
    1.15509343 1.59811759 1.10054839 1.50667214 1.30715418 1.22850549
    1.70290959 1.84356678 1.20304918 0.961228251 1.32523119 1.36968708
    1.15683818 0.984815419 1.22374249 1.47701824 1.68004239 1.83371472
    1.49307072 0.986139596 1.02383673 1.62039351 1.39481139 1.11331618
    1.50108457 1.14455032 1.25361109 1.18107343 1.0651896 1.32900774
    1.77475595 0.910270035 1.32062137 0.909114361 1.18652081 1.44939101
    1.68053401 1.65128505 1.15187955 1.59405768 0.974185884 0.87905097
    0.94939971 1.0601517 1.09924662 1.64863217 1.17669201 1.44321835
    1.63570321 1.42350197 1.04093647 1.64759791 1.29946792 1.70894885
    1.54043651 1.42332077 0.747447133 1.1317836 1.24475682 1.03914154
    1.37607801 1.33141017 1.39153993 1.62425268 1.61084354 1.84231651
    1.00776339 0.837108314 1.54594433 1.20897198 1.49277043 0.89952904
    1.03001952 1.18811464 0.804400325 1.05095148 1.02775574 0.823585749
    1.23400474 1.16866708 1.53702426 1.11565971 0.862821758 0.973758161
    0.945363998 0.996183097 1.53051805 1.46068382 1.03324723 1.69357038
    0.899777472 1.62181866 0.970908344 1.13331664 1.62730718 0.824347854
    1.32421434 1.00963366 1.08469772 1.67448545 1.76263273 1.63225842
    0.999442935 1.35624027 1.70681167 1.64956367 1.68512964 1.63674736
    1.8524456 0.940709829 1.83208132 1.83343375 1.19586837 1.83537114
    1.0260464 1.65082777 0.910043538 1.40930855 1.79855156 1.84813702
    1.14298308 1.47508073 0.912891984 1.23200119 1.54258132 0.855704784
    1.13891232 1.75633824 1.48472106 1.07957661 1.61860883 1.23888636
    1.21288812 0.888299227 1.7595675 1.29360139 1.61580217 0.849273443
    1.28510582 1.44010818 0.916522086 0.896909475 1.61907804 1.21139574
    0.840442836 0.928289115 0.887886226 1.25110042 1.15215528 1.69484186
    1.01843429 1.32619607 1.73902082 1.81514525 1.70021415 0.905807436
    1.86075902 0.965719044 1.29382527 1.6890955 1.47870922 1.23880136
    1.15741789 0.978122175 1.61159015 1.3192625 0.964377224 1.33854127
    1.65429056 1.37921584 1.14524102 1.59721935 1.26528621 1.56041944
    0.959234774 1.44594061 1.39747524 1.33059442 1.44275296 1.22128904
    1.67110825 1.16617572 1.54985023 1.01809216 0.886189759 1.29725456
    1.44447172 1.57290447 1.28818667 0.947462499 1.57331979 1.66661978
    1.76333582 1.1084106 1.0535928 0.962797821 1.53841019 1.75637031
    0.961859226 1.36762476 1.298002 1.69174993 0.826139688 1.23863113
    1.53315747 0.848089278 1.05535889 1.55939245 1.42842829 1.01958585
    1.48543584 1.29446828 1.47160435 1.65485239 1.00765264 1.80332196
    1.26238894 1.32570851 0.919213772 1.13113153 0.828413606 1.14492321
    1.64605117 1.11191666 1.09673595 1.15566754 1.33005428 1.54756629
    0.891115904 1.6086657 1.26840746 1.1700902 1.63683176 1.55366659
    1.48889518 1.12294626 1.2791177 1.73168099 0.964008272 1.46077347
    1.7612015 1.57127738 1.20438576 1.18919706 1.60269082 1.10752845
    0.962556005 0.954287171 1.61067092 1.48604381 1.51310933 1.83238208
    1.24958837 1.43277693 1.49281335 1.21903276 0.982691228 1.0048914
    1.65504789 1.40541577 1.15934026 1.00809026 1.83348799 1.49851274
    1.32126498 0.952581704 0.909122288 1.65802991 1.44235969 1.03428042
    0.986276746 1.5698787 1.61546314 1.16496491 1.18260634 0.870880246
    1.2407279 1.25037158 1.27845323 1.35607028 0.892419815 1.51146376
    0.921569824 1.51784241 1.11725247 1.73585832 1.68815589 1.78423297
    1.07998025 1.65266716 0.940647125 1.07917202 1.2793256 1.71140897
    1.36445975 1.10877621 1.09278154 1.43552649 1.07959914 0.820223749
    1.68717945 1.30171466 1.49570084 1.60472035 0.897697568 1.04144239
    1.20883703 1.16381741 1.52681434 0.972232223 0.650232494 0.921670079
    0.868259907 0.742061019 0.725846171 1.34318101 1.33766484 1.32382441
    1.20406318 1.00737238 1.75211477 1.50314534 0.959791958 1.76085937
    1.03045297 0.95780611 0.870056927 0.822515666 1.25956666 1.10604763
    1.60012972 1.45140326 1.24056399 1.34007287 0.857941687 0.922404408
    1.4812094 1.63304174 1.62749529 1.56913781 1.38326907 1.31614435
    1.51276982 1.24113774 0.913822532 1.52955174 1.61424041 1.79854488
    1.18680882 1.55227864 1.76141822 0.956443548 1.75403774 1.21173251
    1.1946094 1.47256207 1.71029413 0.864150167 1.16698456 1.36512768
    1.33306587 1.18384993 1.63215446 1.64623332 1.41531169 1.85945272
    1.73525977 1.50265908 1.87604368 0.971553028 1.14551198 1.37371171
    1.80200016 1.42617238 1.80781758 1.51796353 1.05756295 0.89435041
    1.7160182 1.30162454 1.29347587 1.07301188 1.72251046 0.860787988
    1.66351879 1.35843277 1.2959286 1.23102331 0.974444926 1.21239388
    1.52027154 1.16511548 1.47560883 0.994589865 1.0704211 0.905508518
    1.19643414 1.2836473 1.24405956 0.955132186 0.812091112 1.03575861
    1.23550463 1.69596589 1.45688069 0.841691375 1.52855349 1.52997756
    1.62620294 1.55466199 0.941363752 1.46873116 0.928146601 1.64773297
    0.89079839 1.71164489 1.03104961 0.984073639 1.33897734 1.41118479
    1.0526017 1.57365692 1.01019299 1.41906691 0.950917661 1.79298198
    1.66451573 1.07881069 1.59705102 1.3356334 0.931271493 1.30272222
    0.822232425 1.63182771 1.0045166 1.05833089 1.54709291 1.6892395
    1.66602373 1.05827844 1.13101101 1.78628695 1.49581563 1.36055899
    1.64208591 0.880084038 1.45265448 1.070153 1.06089938 0.991176367
    0.99899298 0.837515652 1.02960002 1.7525866 1.51127505 1.48397315
    1.68312073 1.18221521 1.76815772 1.08898354 0.826642513 1.42117107
    1.13726449 1.41284275 1.32429409 1.64591265 1.5077641 1.38019717
    0.966703653 1.60097659 1.13324237 1.58929694 0.882948101 1.79419935
    1.19965613 1.42452538 1.12993181 1.50322294 1.53192317 1.63121033
    1.57196653 0.934578121 0.96679318 0.837214172 1.21081614 1.20727897
    1.75357735 1.09327805 1.55075812 1.34501135 1.23700464 1.39464021
    0.962475419 1.61531055 1.45785606 1.37982857 1.36739576 1.7956661
    1.37138748 1.66883039 0.931051433 1.80943203 0.853214502 1.40297413
    1.22289658 1.82895088 1.27123189 1.24596035 1.44670177 1.26283252
    1.39290762 1.68154705 0.980403721 1.38207877 0.96493727 1.74238896
    1.43237174 1.17123604 1.32753146 1.47342801 1.88063931 1.69617581
    1.78094745 1.46622789 1.26642418 1.65794337 1.4835943 1.58210492
    1.68744779 1.00055015 0.942959964 1.66425121 1.02257228 1.64046597
    0.888302326 1.20743108 1.59052491 0.929277599 1.49859953 1.76047802
    1.284235 1.371503 1.19920492 1.39831746 1.13784611 1.45896935
    1.3281498 0.928371668 1.76752377 1.59868169 1.67515779 1.55296814
    1.22893107 1.46384311 1.13465774 0.9437747 1.10411894 1.32318223
    1.28249466 1.23361874 1.46370316 1.61021364 1.18053281 1.1846931
    1.12921512 1.39551723 1.61288238 0.542920828 0.91762805 1.44389749
    1.1824038 1.53071654 1.66073251 1.5414238 1.22260606 0.869760931
    1.39536703 1.08608866 1.32174718 1.55847955 1.05703199 1.58605266
    1.43003547 1.19561684 0.807581544 0.824200213 0.95240289 1.36961722
    1.38779986 1.11440945 1.00529337 1.0548712 1.33864021 1.28650153
    1.18556142 1.72267628 1.00622749 1.69888473 1.67555463 1.13526833
    1.77760398 1.42663312 0.96735245 1.30215478 1.35253537 1.6338948
    1.77784932 1.81456447 0.923725605 0.843315303 1.28334165 1.58179379
    1.20777309 1.16500247 0.967053175 0.938531935 1.22684121 1.53125286
    1.28240216 1.09427869 1.56668365 1.27062869 1.61963832 1.23733819
    1.58341491 1.58610451 1.48857021 1.8038584 0.984437406 1.51016045
    1.60287225 1.71074629 1.59015894 1.61030424 1.42869818 1.55866027
    1.01801133 1.01872671 0.951767087 1.74585354 0.845163524 1.79912984
    1.71488929 1.31412184 1.05169117 1.41550982 1.43952441 1.33267117
    1.39381111 1.33452213 0.945910394 1.3666712 0.852202296 1.39165211
    1.12613571 1.26717293 1.32943189 1.45113075 1.06464159 1.37652218
    1.17646313 1.40342855 1.27529895 1.53775477 1.7315793 1.61363864
    1.20973837 1.75581598 1.66156793 1.57999218 1.36784828 1.77525723
    1.28485513 1.65608418 0.957728326 1.73310649 1.40342295 1.79129303
    1.40597069 1.26221132 1.31288719 1.44496369 1.47939873 1.11532867
    1.28447306 1.06246495 1.46535301 1.44475579 1.56168902 1.79544771
    1.18748975 1.25220442 0.837969005 1.57056904 1.73158896 1.19906402
    0.867608011 1.38233304 0.960322857 0.969071686 0.817610204
    1.39998925 1.04648829 1.32599199 1.78499591 1.47125077 0.995446265
    0.915685892 1.42235661 0.814344704 0.846580982 1.60912764 1.36721659
    1.64127874 1.03920829 0.807460666 1.1679194 1.36293173 1.7186743
    1.11711073 1.30421662 1.19667423 1.73191476 1.14062488 1.12713695
    1.16146135 1.17651188 1.649369 1.3654635 1.5312438 1.54486012
    1.48802626 0.831396401 1.34125507 0.925809979 1.59316897 0.920967579
    1.45037019 1.06562769 0.943231821 1.76960325 1.4981252 1.00116944
    1.19999838 1.71269739 1.08159089 1.77189672 1.29365754 1.28278923
    1.74814415 0.921903491 1.22713947 0.860166728 1.3418386 1.30392635
    1.75841272 1.67915511 1.04224718 1.67609239 0.953317106 1.03116703
    1.73537827 1.839499 1.33832002 1.34999549 1.13528371 0.989864945
    1.28358698 1.47856271 1.39613593 1.71382916 1.32357883 1.70636916
    1.75522161 1.77730942 1.73938942 0.96757257 1.55655396 1.81145442
    1.68513107 1.6223706 1.62028027 1.18258166 1.9030453 1.9081651
    1.90318596 1.65359342 1.47324693 1.57664442 1.62067997 1.76895833
    1.68175673 1.17475379 1.41051817 1.35398638 1.6626085 0.891470075
    1.71558511 1.17875612 0.977214396 1.139431 1.16420269 1.19673645
    1.8464551 1.14467406 1.76726949 1.09746242 0.900181592 1.20498013
    0.954761147 0.86860925 1.76159763 1.57944191 1.62058914 1.79993606
    1.84678864 1.26987612 1.04405296 1.6318543 1.72735441 1.56985772
    0.730122566 1.24781716 0.987741828 0.85235554 1.55359054 0.762830555
    1.70682943 1.79050624 1.52526164 1.78094959 1.4868629 1.37183011
    1.48546791 1.70350599 1.44061124 0.872654319 1.76113641 1.74670446
    1.50277829 1.46287906 1.73180473 1.71205711 1.07607162 1.21315885
    0.976318955 1.73277962 1.57668507 1.57909298 1.52793241 1.10576427
    1.21888721 1.86310637 1.57219291 1.63596725 1.41342998 1.82542682
    1.36119485 0.967079222 1.40860164 1.44400179 1.17599368 1.52422071
    1.18893504 1.79776931 1.14266872 1.26998806 0.9611817 1.1641109
    0.772313893 1.46511066 0.886042178 1.6303103 0.997947693 1.1053803
    1.3531667 1.23157525 0.8893857 1.74952292 1.47891498 0.96068573
    1.33333659 1.84995413 1.183231 1.56896842 1.48904121 1.22318685
    1.82661557 1.11664045 1.82812452 1.04942501 0.992249131 1.31087303
    0.849305034 0.897201419 0.836262167 1.76985323 1.67732513 1.00675654
    1.70576608 1.51573467 1.29155624 1.83957469 1.73337114 1.19551969
    1.421893 1.76922476 1.10446441 1.1564697 1.69515586 1.33533728
    1.5213635 0.860859275 0.961958528 0.921237946 1.27754831 1.6748898
    1.67143559 0.938168764 1.28184497 1.27596772 1.01390457 1.73171878
    1.22243941 1.63509405 1.40300906 1.02128661 1.52075553 0.930610299
    0.869730532 0.950614393 1.34077477 1.56398094 1.68104875 0.915381908
    1.40538728 1.23220801 1.70973146 1.1166085 1.7684561 1.6056658
    1.02920496 1.3679533 1.76289189 1.10213614 1.49449158 1.31933868
    0.861141801 1.68466794 1.14665926 0.933224261 0.964135289
    0.879589021 1.15848267 0.803497553 1.14051557 1.10136759 0.864406824
    1.74833953 0.93014127 1.77173793 1.53307986 0.913445413 1.36380327
    0.996263385 1.74410045 1.252877 1.23871994 1.23772824 1.75191712
    0.853223264 1.51358831 1.7316165 1.54001403 1.1830796 1.69604743
    1.67763376 1.56826842 1.67505753 1.83960724 1.53533697 1.63535523
    1.26915979 0.906985819 1.51193917 1.62247109 1.75089252 1.17653406
    0.903925598 1.26273143 1.46674132 1.50268424 1.30414641 1.56204951
    1.29360712 1.59014952 0.968322158 1.77192128 1.20274901 1.14982271
    1.10623217 1.60969234 1.43948507 1.66810775 1.47444487 1.53786159
    1.4097048 1.08834684 1.16601801 1.61296797 0.867283285 1.67628527
    0.903444469 1.43439198 1.15883267 0.851401031 1.05240703 1.23846221
    1.45725369 0.944719017 1.82437456 1.64711821 1.38821101 1.79166496
    1.36322153 1.79068708 1.64133954 1.10603952 1.35383463 1.25766635
    1.48032856 1.26554906 1.84847069 1.06302404 1.50307798 1.19850993
    0.936138928 1.84448791 1.28313684 1.78799522 1.79466343 1.89468551
    1.42140937 1.16095471 1.12429595 1.4360894 1.1013751 1.80220616
    1.75780487 1.2452035 1.01841879 1.43265653 1.75039792 1.22284222
    1.85988343 1.58677948 1.26887524 0.887460113 1.23396051 1.62529683
    1.4340961 1.13635862 1.42388427 0.910710931 1.60192406 0.908633947
    1.06769204 1.44263387 1.50705898 1.81676459 1.84896612 1.83541501
    1.7879113 1.07741761 0.909507215 1.54177666 1.516909 1.27181137
    1.22438121 1.22760177 1.29703152 0.951609433 1.61532795 0.808577657
    1.38042319 0.846875668 1.53180182 0.948241353 1.20369148 1.69840097
    1.72824049 1.4495008 1.11091542 1.30352485 1.10290921 1.56404662
    1.75806522 1.19250143 1.52026284 1.53024435 1.65864444 1.11641169
    1.81233406 1.15007329 0.939714789 1.68022144 1.33273339 1.52924991
    1.3580966 1.61744058 0.96570009 1.29899657 1.66814566 1.39399469
    1.26854599 1.87758172 1.1017164 1.18069494 1.614259 1.81045866
    1.19581652 1.29707015 1.39674377 0.867826402 0.956598103 1.62597024
    1.39162791 0.900472283 1.17719519 1.26044989 1.46134138 1.75781918
    1.52737939 0.875882149 1.06253445 1.84303451 1.56440783 1.77741599
    1.55795145 1.34374177 0.95621562 1.20595658 0.912139475 1.4239924
    1.52613497 1.0013274 0.921851397 1.49844646 1.55443048 1.5172646
    1.24777961 1.44319284 1.33587289 1.39705968 1.8434875 1.71547663
    1.77717757 1.50366211 0.924103916 1.29523849 0.987603307 1.668401
    1.3540498 0.863191724 1.59906518 1.58700657 1.1235013 1.32608676
    1.27890885 1.23724663 1.04959869 1.1241616 1.54082489 1.2205714
    1.73957992 1.42250144 0.847843289 0.829767048 1.55877316 1.34709096
    1.82325006 1.56323922 1.77178204 1.28574038 1.75962794 1.80666196
    1.47013175 1.19910252 1.35315275 0.887622356 1.09867477 1.5144012
    1.62935138 1.78826785 1.60120928 1.59108496 0.858795464 1.40495765
    1.79392612 1.15203226 1.65449357 1.27697504 1.15913248 0.810723186
    1.58656406 1.56159079 1.59051871 1.41131532 1.14248455 1.28925705
    1.51880181 0.971822917 0.850369453 1.39716232 1.57929456 1.46665716
    1.43504548 1.25958157 0.924880862 1.35723829 1.46459937 1.28694916
    1.74048114 1.70884085 0.987406492 1.53057706 1.56044245 1.07733524
    0.933414757 1.1231432 1.71522653 1.54170883 1.16919887 1.46641898
    1.07095611 0.982573152 1.76304758 1.19772518 1.13320148 1.29806256
    1.80491102 1.51684952 1.47958159 1.41575873 0.855924726 1.64777076
    1.36819446 0.780255198 0.784829378 0.936040998 0.813367128 1.1002667
    0.873795092 0.837388575 1.40130508 1.15168357 1.10183263 1.71624362
    1.47709382 1.16196132 1.50965154 1.28490436 1.2353487 1.54576874
    1.57725048 1.34618652 1.02340639 1.01842582 0.853518724 0.98851186
    1.21553981 1.01376581 1.38858175 1.31584942 1.50065196 1.22860777
    1.82148433 1.1649456 1.23476994 0.928200483 1.28075778 1.86241615
    1.56247759 1.46716368 1.38282633 0.929840267 1.89567029 1.60530305
    1.88522601 1.73758554 1.25665867 1.42050481 1.43096244 1.69131398
    1.24476469 1.59711027 0.981151998 1.63412988 1.77543175 1.81694782
    1.90141511 1.21463203 1.41136193 1.86704302 1.31455362 1.45045674
    1.09914935 1.20923591 1.62892449 1.25275147 1.73897111 1.75877094
    1.61339843 0.958464265 1.36619508 1.20551491 1.80163646 1.87665856
    1.73172057 1.63495564 1.75610328 1.83101046 0.872020602 1.47722876
    1.21181726 1.50118423 1.07504177 1.68436527 1.74730873 1.03661644
    1.67269683 1.20498919 1.19609368 1.03485978 1.2980355 0.548227847
    1.37675321 1.04241872 0.963142991 0.983289719 1.18455982 1.57714605
    1.00575054 1.30050409 1.52613175 1.58114958 0.951327622 1.39405084
    1.76200628 1.02617359 0.928833961 1.64675033 1.47215784 1.48194361
    0.918568015 1.77467823 1.82964897 1.85445309 1.70601869 1.44283831
    1.35872936 1.74697495 1.59079814 1.55917537 1.31950331 1.5236249
    1.29457271 1.86974537 1.80245686 1.1485312 1.70337653 1.51066589
    1.58073151 1.83842564 1.87277365 1.44755125 0.993762195 1.68364382
    1.03364718 0.912082493 1.10431373 1.47710085 0.986173213 1.36592746
    1.00755417 1.44733286 0.914687991 0.928673267 1.1142658 0.876347125
    1.44289756 0.858573139 1.20236242 1.01001811 1.1254704 1.78354132
    1.68286145 1.77727914 1.68304992 0.959527493 1.71397114 1.35032475
    1.04087293 1.02410376 1.78025436 0.825901091 1.67131805 1.24070251
    1.64320958 1.79456735 1.79746366 1.66988754 1.31558585 1.08598602
    0.912775397 1.31600881 1.05979323 1.26059854 1.56888998 1.39201784
    1.73936307 1.49916935 1.08776677 1.65339816 1.67316794 1.09243143
    1.82010019 1.03837943 1.61931932 1.30008662 1.70682442 0.802103043
    1.4094336 1.68280029 1.32042348 1.26990938 1.54903662 1.56713963
    1.52440321 1.07433474 1.57328415 1.20657051 0.992744863 1.61543107
    1.36285269 1.58205271 1.63977039 0.854413509 0.911925137 1.10769403
    0.832840025 1.28628719 1.34996462 0.916414917 1.71499455 0.971660435
    0.925200641 1.18503916 0.930263221 0.847793162 1.52167106 1.11461341
    1.68605471 1.58139372 1.48817015 1.74079418 1.62003422 1.59209967
    1.65436363 0.8046121 1.12313032 1.40138257 1.50463307 1.33793473
    1.08970022 1.67107248 0.948173463 1.36692023 1.11924386 1.43950498
    1.55844939 0.835303307 1.58421838 1.0670985 1.07529342 0.829045415
    1.48545742 1.46057785 1.2665689 1.2990104 1.56591356 1.39828706
    1.42887211 1.15472353 1.29594135 1.65864599 1.3674438 1.44297755
    1.11206532 1.04659045 0.959334195 1.41480863 1.22745156 0.944101632
    0.813119531 0.897061408 0.996224046 1.01376748 1.62372398 1.4413085
    1.7392292 1.2054466 1.19164789 0.885569453 0.905918837 1.4601078
    1.03667712 1.39006209 1.55024755 1.18483901 1.3652029 1.46054053
    0.857382953 1.20811772 1.69290292 1.34589171 1.12010419 0.853274882
    1.22782457 1.01615918 1.08902776 1.75891984 0.846032321 1.28073883
    1.49598432 1.53916943 1.55625951 1.8247273 1.04513299 1.10854399
    0.948662698 1.76080942 1.1395483 1.41209042 1.45660675 1.81088853
    1.63953066 1.8948853 1.8529278 1.23462629 1.11991715 1.35904837
    1.04815269 1.54636383 1.16046977 1.89629602 1.52245104 1.3911972
    1.73130429 1.20658886 1.0923928 1.77973366 1.51044691 1.61798799
    1.50753689 1.02937472 1.4941808 1.76615095 0.968604088 1.70980012
    1.52277148 1.66051817 1.81007612 1.7198627 1.53017354 1.30974948
    1.39282715 1.869205 1.7721796 1.10253131 1.26778662 1.48202813
    1.38806438 0.936612308 1.23700011 1.29741168 1.56348062 1.26427221
    0.850780308 1.56640089 1.55350363 1.21096396 1.02264404 1.20780802
    0.800093174 0.880090058 1.72008765 1.17612076 1.33141637 1.14116192
    1.58577287 1.68117368 1.79219055 1.05009031 1.50510573 0.905748904
    1.79780459 1.6049546 1.18210316 1.79554105 1.09830189 1.1301477
    1.16649759 1.45676112 1.58378708 0.897666395 0.897249401 1.79537797
    0.960067451 1.78378713 1.18310261 1.31642437 1.65579736 1.76508224
    0.919823945 1.18078208 1.62548089 1.44526601 1.67891729 1.3771565
    1.18446445 1.11193585 1.50791395 1.60416055 1.10013986 1.09337747
    0.861392558 0.930927753 1.27284229 1.44614506 1.3960191 1.04215002
    1.41819155 1.33022892 1.76001847 1.61142778 1.25470841 1.74808371
    1.11840951 1.46474051 1.63296175 1.31848502 1.87337887 1.48959529
    1.82856703 1.15049183 1.1260891 1.08744645 0.919454753 1.32988584
    0.862131298 1.00473356 1.01244354 1.47347844 1.06319273 0.946543992
    1.30707324 1.29246187 1.75086832 1.79144454 1.38823295 1.74703372
    1.58093393 1.53190112 0.966302216 1.39745307 1.79600322 1.33120918
    1.77900016 1.34097576 0.885871053 1.43214619 1.66118181 1.08470535
    1.09520721 1.38915884 1.03236282 0.817767441 0.88593626 0.954881132
    0.958031654 1.54937279 1.41731381 1.10862792 1.55379486 1.01620269
    1.14541769 0.926280856 0.900355399 1.22665441 1.28601015 1.7368542
    1.75956035 1.64119923 1.51667082 0.917226911 1.55837393 1.08732259
    1.31215119 1.05140495 1.36127114 1.63859463 1.58673334 0.890246749
    1.33492184 1.54621291 1.61382055 0.844701767 1.58949816 1.27743602
    0.860087574 1.3330313 1.78754699 1.2917397 1.60275519 1.29765356
    0.821443439 0.929170847 1.41416442 1.32653224 1.58261907 1.29437137
    1.12914681 1.08767092 1.10223937 1.69794893 1.66700447 1.56106722
    0.957377732 1.25993812 1.08589494 1.21967113 1.22812307 1.78616929
    1.6180687 1.29631603 1.57168722 1.79511642 1.63343227 0.8598966
    1.46741891 0.95838809 1.45599067 0.920662761 1.12333143 1.32814741
    0.80290091 1.27143323 1.24777651 0.967885852 1.2735889 0.793170154
    0.832619905 0.83323431 1.34255183 1.25393653 1.2222569 0.946464479
    0.876643896 1.1426934 1.75536001 1.61191797 0.929877996 1.75281179
    1.41894293 1.70022404 1.71248472 1.04400623 1.72029102 0.848904848
    1.72727323 1.62477684 1.24237525 1.11260819 0.990320981 1.07108891
    1.60466385 1.45005107 1.47651553 1.16372824 0.828035116 1.11309993
    1.37002718 1.80163038 0.894419134 1.45678771 1.64148676 1.01966989
    1.58688474 0.893880785 1.56400204 1.46048021 1.57870293 1.60964942
    1.59884048 1.35795343 1.51142192 1.69506073 0.935737491 1.78785586
    1.80220556 1.48606455 0.93502152 1.53902876 1.00110102 1.80475497
    1.07393432 1.08399737 1.58526433 1.02974939 1.50301492 1.49027216
    1.29829633 1.0074873 1.07289433 1.42515123 1.93997288 1.83736682
    1.82537353 1.66264534 1.93109322 1.54072344 1.00998437 1.77673459
    0.891796947 1.30372071 1.47239077 1.86389768 1.80393481 1.7995342
    1.65991747 1.07046688 1.5058372 1.29803503 0.874390602 0.848521411
    0.870040655 0.583484292 0.740045488 0.747612953 0.724030137
    0.977321982 1.05899823 1.05417502 0.970000982 1.00932264 0.974876225
    1.28639269 1.80796897 1.38091063 1.36036968 1.83602548 1.68573499
    1.09360802 1.32905638 1.75340319 1.56719637 1.13525283 1.50655317
    1.76539111 1.18139756 1.56265712 1.00818944 1.84899282 1.36062717
    0.965648949 1.56227636 1.84481132 1.17454398 0.986559689 0.978429914
    1.31422389 1.19602871 1.23722708 0.983923614 1.02533686 0.89855963
    1.62833893 1.44385278 1.63397837 1.44109142 1.67077112 0.984326124
    1.54366851 0.821589589 1.23887932 1.23943412 1.36603665 0.913160622
    0.959035039 1.0027746 0.997175157 1.60656679 0.999473989 1.49505699
    1.52612543 1.87920702 0.978589058 1.1129173 1.30906188 1.50789261
    1.6369251 1.42118478 1.00805354 1.149701 1.70901263 0.993033528
    1.43015873 1.73251271 1.55862808 1.86149049 0.975202084 1.77939224
    1.21331894 1.4806931 1.82344222 0.929659188 1.1155467 1.29172909
    1.80304003 1.08022273 1.15745986 1.32671535 1.85131562 1.70481694
    1.80178225 1.61726058 1.71485758 1.76893115 1.40041459 1.51552629
    0.807921112 0.975628853 0.997072101 0.873619914 1.14303505
    0.799920142 1.23600256 0.981779277 1.52442324 1.5076412 0.955132663
    1.14484215 0.964951336 1.4413892 1.41984606 1.22614563 1.09369373
    1.39261639 1.78938508 0.908105373 1.25260866 1.25449073 1.20884907
    1.06441712 0.859404624 0.904217362 1.18662691 1.0585134 1.51178551
    1.10999262 0.924980283 0.854419351 1.38553894 0.919310391 1.63724709
    1.10192716 1.03778791 1.3681699 1.10664141 1.18664515 1.14239287
    1.61331153 1.20379961 1.52531922 1.40637243 1.09743667 0.957910538
    1.7681129 0.985206604 1.26151955 1.7405107 1.83458567 1.0143199
    1.50142837 0.994853735 0.948341906 1.44374406 1.82621849 1.14926636
    1.60304236 1.1230166 1.77095258 1.33045197 1.80267286 1.03885472
    1.73198807 0.973005116 1.27633929 0.986073375 1.33060765 0.977923155
    0.815947056 1.69313061 1.33532178 1.29838407 1.36127973 1.61090589
    1.33252466 1.36273599 1.00966179 0.943467081 1.15688264 1.66438341
    1.05491889 0.961759865 1.40467989 1.19134486 1.34035707 1.01528728
    0.965342939 1.6382935 0.962708712 1.24271345 1.50821888 1.38372326
    1.47111201 1.3966006 1.54087424 0.929513335 0.974163949 1.66045189
    1.4990623 1.05157733 1.56419909 1.56373549 1.22127903 0.851076424
    1.5856142 1.71784306 1.43357742 1.27224672 1.32936096 1.72790682
    1.32056153 1.83808923 1.58421803 1.29124045 1.38080919 1.47269928
    1.13815868 1.04270387 1.16958404 1.51340878 1.89560485 1.75778925
    1.80897987 1.01705468 1.35473919 1.34805834 1.81751156 1.26441693
    1.44862771 1.59060562 1.33743477 1.7255975 1.51081908 1.57261777
    1.76068974 1.68529463 1.06207621 1.88402224 1.81911218 1.77350974
    1.01529944 1.37176096 1.78991675 1.37757623 1.32273519 1.20589697
    1.72363293 1.36411595 1.18372202 1.60215223 1.06332326 1.25483036
    1.83035219 1.63357258 1.6983124 1.75617886 1.45356369 0.864037037
    1.21127081 0.645407498 1.12342238 1.23487043 1.64567041 1.72918642
    1.74738133 1.15907907 0.852221549 1.02071106 1.70897698 1.24833667
    1.46453071 1.24569666 0.843675196 1.43901038 1.01166284 1.51747525
    0.904450119 1.02866292 1.45864761 1.44498301 1.48802686 0.956748128
    1.45901871 1.08683324 1.84001946 1.82997227 1.08647144 1.32664764
    1.52098417 1.40729809 1.15029883 1.10086322 0.980610549 1.15729547
    1.1692332 1.7837404 1.39471841 1.17304611 1.1584059 1.84721279
    1.72104704 1.69609916 1.41135812 1.74458647 1.76679254 1.26046801
    1.56543887 1.18039489 1.24586999 0.854743481 1.67035282 1.10999012
    1.13316524 1.59816587 1.12085068 1.33378136 1.81122053 1.1558845
    0.897020698 1.33140337 1.53527629 1.7317301 1.63375342 1.07701766
    1.43687153 1.21149397 1.32829344 1.0161624 1.17929423 1.55904424
    1.47834182 0.999759912 1.48363888 1.86985111 1.47213018 1.58323121
    1.71474349 1.33097601 1.24240685 1.72841072 1.74354613 1.80996549
    1.81922174 1.18961585 1.47910547 1.72026527 1.70394385 0.879851878
    1.24840903 1.1517024 1.31461263 1.42996955 1.52001309 1.14401066
    1.21226585 1.25083852 1.10718393 1.23791218 1.35654533 1.63305128
    1.73003483 1.57593739 1.64265251 1.60412621 1.70903873 0.99127233
    1.59469676 1.59075654 1.75007403 1.68959212 1.0504477 1.08305001
    1.81232166 1.76109028 1.19769955 1.34397388 1.16727054 1.04390872
    1.30386043 1.64611757 0.88272649 1.09768414 1.00655472 0.997051895
    1.44341826 1.72208822 1.20467091 1.02822173 1.33856928 1.00022018
    1.58054173 1.34417284 1.07323849 0.839644849 1.17531741 1.2860502
    1.20866585 1.81557751 0.984514415 1.11572874 1.70728838 1.23177361
    1.16001856 1.23100054 1.24982905 1.80476892 1.37979043 1.384215
    1.71547771 0.99589169 1.48622489 1.47120667 1.08242857 1.18091702
    1.01066303 0.994918227 1.38856721 1.67670572 1.78463221 0.961002171
    1.37700367 1.30097067 1.23874784 1.32311547 0.929970324 1.52562213
    1.05545223 1.23892021 1.07378542 1.45614064 1.35381305 1.79101014
    1.29544103 1.05308127 0.897109449 1.54420161 1.75522947 0.982530177
    1.60926628 1.06169307 0.830604732 1.72621238 0.7991606 1.71710587
    0.845921397 0.87123251 1.81609333 1.20272732 1.29261363 1.22542548
    0.82580924 1.40093195 1.4471581 0.919617176 1.17284513 0.962847531
    1.45921314 1.17522275 0.853431404 1.28141904 1.26368022 1.01509356
    0.847047627 1.68439317 1.18350959 1.36409748 1.07434726 1.39154863
    0.86966306 0.892580926 0.914092362 1.69734704 1.49953568 1.00965047
    1.32121086 1.10059011 0.996337473 1.64736605 1.65364587 1.05079114
    1.88856637 1.83440852 1.07270896 1.75022292 1.41409636 1.25797641
    1.1503377 0.942453742 1.7200222 1.51194656 1.61675119 1.59705365
    1.7800163 1.53645027 0.968937218 1.29046845 1.84752297 1.38976455
    1.62219691 1.0361464 1.32139933 1.6528101 1.47750008 1.62603664
    0.929115355 1.78460908 1.10757291 1.17887843 1.10610557 0.924018204
    1.45830846 1.78284442 1.51747477 1.14507389 1.15047157 0.544530213
    0.536952257 1.31123817 1.30028236 1.52790034 1.108881 1.49426401
    1.56366289 1.52837789 0.983761191 1.50045633 0.996212006 1.6672591
    1.72822416 1.44418347 1.4794898 1.45944715 0.985050559 0.884390414
    1.66336906 1.57924056 1.39024484 1.54677367 1.19112027 1.82712197
    0.997146845 0.893415749 1.77694845 1.47604036 1.11643457 1.60973477
    1.45701504 0.996803224 1.02739871 0.823536158 1.39926469 1.07337785
    0.932935834 0.88116008 1.55032885 1.11539376 1.74036086 1.52141547
    1.85275173 1.66978979 0.940746009 1.57963729 1.20444787 1.45665181
    0.913204074 1.2983228 1.37175274 1.17059624 1.61383426 1.16400301
    1.15356684 1.01164651 1.02008021 1.73887062 1.75582135 1.50803614
    1.23257685 1.76530671 1.46132588 1.61941266 1.82476294 1.15773571
    0.893291414 1.51732111 1.26522565 1.37142873 0.960101545 1.0824703
    1.42431366 1.71684837 0.901226878 0.914142072 1.11558032 0.993757665
    1.6792798 1.35779881 0.88797605 1.11938381 1.57077157 1.39235771
    1.65812409 1.21064997 1.12185907 0.939160168 1.55223298 1.63575387
    1.24231052 0.955603778 1.75412965 1.57829976 1.36255693 1.08382022
    1.06074357 0.887946367 1.54481852 0.87123847 0.83278352 0.830290139
    1.17414165 1.10897994 1.75226665 1.59389377 1.0630554 1.71687138
    1.33206415 1.58651674 1.21015179 1.07129645 1.28602159 1.60211301
    1.82594585 1.73618448 0.869828522 1.18258309 1.344491 1.29507315
    1.76383793 0.919996679 1.72801614 0.795153379 1.60088241 1.10579681
    1.07553279 1.13957906 1.33159375 1.76010942 0.85811317 1.41673112
    1.317734 1.31004584 1.7925235 1.24642885 1.12826705 1.81397748
    0.951025486 1.64065218 1.36516213 1.80885839 1.65495837 1.07980084
    1.53830028 1.50884593 0.883415699 0.842850745 1.69027007 1.75044012
    1.10071003 1.05024219 1.70684505 1.65344107 0.900830507 0.88570708
    1.20287693 1.54869115 1.35511649 0.900517166 1.75122464 1.26034594
    0.985918581 1.77282608 1.50563323 1.38106596 1.46391356 1.36617446
    1.37631845 1.41211236 1.78775465 1.51128149 1.43010879 0.84207648
    1.28136635 1.23876297 1.63114119 1.123891 1.32631183 1.1184957
    0.907435298 1.06231415 1.65288723 0.826376617 1.1062727 1.48498428
    0.875178874 0.904890597 1.62540162 1.2911967 1.62879753 1.42901301
    1.49612582 1.74935341 1.22552609 1.24725354 1.80096364 1.10126674
    1.14530122 0.943502247 1.6716212 1.47664285 1.31378865 1.51353037
    1.06253028 1.53723204 0.875128686 1.20938349 1.09132588 0.985835373
    1.44701374 1.08093202 1.25751257 1.21547329 1.78812623 1.64830768
    1.22755587 1.8964895 1.39278066 1.39678705 1.08827996 0.905053735
    1.54864299 1.18591237 1.24211144 1.15838361 1.74871576 1.22798026
    1.83546567 0.981737256 1.31207597 1.31809175 1.50219703 1.19764543
    1.88027644 1.94675589 1.49576187 1.01988173 1.28152072 0.987896323
    1.5968945 1.58665204 1.14277577 1.70458353 1.39014447 0.995169997
    1.47736108 1.08007431 1.2482084 1.27283978 1.11837387 1.42331028
    1.67539847 1.52905405 1.08543634 0.529569685 0.664034247 1.55081606
    1.5652386 1.39712846 1.76419592 1.20183384 1.7678479 1.17134929
    0.96659565 1.44213963 0.85710156 1.32660007 0.836111367 1.40172207
    1.00297761 1.32567549 1.10408664 0.866868377 1.33337665 1.26512313
    0.850143313 1.41571391 1.51888347 0.856096625 1.21782839 1.43992758
    1.00526643 1.83939362 1.51631796 1.54267132 1.30837393 0.810396552
    1.63688159 1.6938988 1.63357675 1.40801537 1.43197131 1.03808343
    1.20992696 1.33010507 1.80580771 1.85239089 0.963699579 1.35489774
    0.902374566 1.16788292 1.00607359 0.835631192 0.8997702 1.62957251
    1.62176526 1.13804567 1.63410866 1.53778017 1.77364421 1.25284481
    1.61134064 1.75224781 1.36096299 1.03301716 1.02994883 1.38573742
    1.72755611 1.52746534 1.86206901 1.3650142 1.11125851 1.09759641
    1.05271173 1.46213686 1.19339693 1.60635555 0.899643958 1.59008455
    0.888109505 1.86602521 1.77136219 1.4445188 1.28542364 1.67231786
    1.84004438 0.913002729 1.82059133 1.88018775 0.937347114 1.07105923
    1.66881514 1.1354996 1.21975124 1.57651496 1.60426962 0.900932431
    0.84680903 1.8147496 0.823637664 1.71202314 1.3391968 1.62885857
    1.0695169 1.42879105 1.54267704 1.73710752 1.76111686 0.94800061
    0.944900393 1.29663205 1.48872614 0.935238183 1.16601777 1.4078697
    0.945492685 1.82240415 1.7868557 0.914039612 0.902290821 1.7680378
    1.4293437 1.0940274 0.961322606 1.18638992 0.972089648 0.860772252
    1.65303147 1.13210881 1.79977369 1.33985066 0.889683008 1.23489416
    1.41237485 1.10393572 1.14764965 1.77916217 1.06006885 1.70728195
    0.860067904 1.07026112 1.20805228 1.03442025 1.58738446 0.936943591
    1.00143373 1.28392303 0.900930941 1.51367021 1.76384294 1.08630121
    1.00282395 1.17604065 1.47137415 0.956920385 0.872759819 0.941136241
    1.60318625 1.08994138 1.78433073 1.13139212 1.6074208 0.941848636
    1.19839787 1.09589505 0.891037643 1.02061343 0.823031664 1.64753997
    1.7151947 1.19063413 1.2786088 1.73605776 1.08408523 1.67953074
    1.70355368 1.86135507 1.17038143 1.75042129 1.49035776 1.73296857
    1.42454839 1.07145703 0.90249604 1.27013707 1.15768683 0.947890401
    1.57963419 0.982284606 1.05207109 1.46981514 1.60334218 1.64634752
    1.71327579 1.49275792 1.43597841 0.902570426 1.04602361 1.70095587
    1.33313859 1.45437694 1.01230848 1.43785954 1.24053657 1.42905068
    0.988553643 1.11628866 0.910336614 1.04309344 1.46453869 1.57765031
    1.49885845 0.911499202 1.40933907 1.4111526 0.85604465 1.15395749
    1.46952498 1.6470952 1.5703994 0.975054741 1.25073802 1.59036911
    1.59466445 1.58519137 1.77243423 0.92784363 1.08945429 1.86721456
    1.62834048 1.85961461 0.940956771 1.6448369 0.92404604 1.4747473
    1.63069868 1.65873468 1.48501015 1.27895546 1.30785692 1.89708281
    1.75156701 1.48283625 1.11832213 1.73883176 1.50782692 1.10963774
    1.82695949 1.04109764 1.43931067 0.816768229 1.17037392 1.64338446
    1.58006358 1.6724776 1.74235749 1.62339139 1.35395169 0.757514715
    1.2051388 0.482442528 0.925116301 1.28703856 0.79453516 1.735147
    1.33618653 1.40889454 1.3258971 1.252666 0.889108241 1.27530408
    1.11152148 1.07437336 1.50658691 1.00428116 1.60542512 1.12157762
    1.11163104 1.7559588 1.06767595 1.06752741 1.66844594 0.940396845
    1.82300961 1.00898623 1.41808522 1.61754298 1.33553898 1.34953618
    1.5910871 0.918049991 0.979557693 1.28857911 1.43626034 0.992524803
    1.44487846 1.40970433 1.54757631 1.22867644 1.623353 1.15833378
    1.61680377 1.35513425 1.19856262 1.23044765 1.28404212 0.833688915
    1.64942241 1.36818981 0.833006978 1.57925773 1.71893644 1.79567754
    1.39188957 1.46668398 1.79709148 1.65707433 1.76575351 1.63902462
    1.42979991 1.88209271 1.37471092 1.75793171 0.918714583 1.73537087
    0.91244936 1.47919774 1.60586941 1.77769685 1.69037712 1.79984045
    1.78463948 1.24888921 1.37130129 1.39622939 1.63108003 1.53395939
    1.63199639 0.93706584 1.49431932 1.65649211 1.4290185 1.607072
    1.52372313 1.84803057 1.17029858 1.36317515 1.22345984 1.42083788
    1.10909545 1.44875383 0.988776326 1.02864921 1.7239542 1.71809888
    1.33287668 1.01478374 1.69309998 1.80022824 1.05265439 1.12515116
    1.19950879 0.928116679 1.09284699 1.34428561 0.858738184 1.77045655
    1.025491 1.10184073 1.44823253 1.131446 1.61252749 1.10680604
    1.45334303 0.976763844 1.19455731 1.79885113 1.11159313 1.77631247
    1.3495791 1.26907039 0.995293319 1.57100415 0.84404707 1.06010687
    1.78714156 1.37996852 1.51066434 1.10349739 1.06543922 1.6344564
    1.46592939 1.70662415 1.82772005 1.00041103 1.66997433 1.13111699
    1.29513443 1.37125492 1.24552619 1.55526125 1.54939377 1.71340775
    1.06142783 0.909850001 1.35425711 1.56654704 1.0321306 1.43433797
    0.993684709 0.96728152 1.46715283 1.25631273 1.80229425 1.79077923
    1.0219723 1.06664431 0.852920592 1.47756636 1.54275656 0.914782226
    1.18577933 1.42461205 1.41728687 0.886069238 1.03383815 1.79916716
    1.46924675 1.80479777 1.74227321 1.6818893 1.44001424 1.58021688
    1.32573092 1.04542911 1.34147727 1.41718793 1.14728284 1.13499534
    0.923855722 1.06595778 1.34854269 1.74827123 1.04733753 0.841597736
    1.6213758 1.55441272 1.12118661 0.884186149 1.84118855 1.77148306
    1.04386616 1.18287826 1.44514477 1.51398671 1.58277094 1.05935168
    1.46978915 0.988470852 1.47387946 1.03937364 1.14359558 1.69823968
    0.986190021 1.05284631 0.872156799 1.60253167 1.48773503 0.961415589
    1.19450736 1.52627611 1.71840239 1.10726452 1.14096785 1.57277334
    1.07446182 1.7713207 1.26227534 0.913391232 1.8128897 1.35469246
    1.21565628 1.87268031 1.28618479 1.06919944 1.24346435 1.78924429
    1.39696693 1.74304593 1.76455426 1.71718204 1.20558083 1.87479174
    1.25839818 1.22564495 1.76027298 1.4890871 1.91292703 1.64055574
    1.81837094 1.23326111 1.52661419 1.59099376 1.50742018 0.933215857
    0.879303932 1.07688403 1.26593196 0.824659586 1.46532869 1.3002485
    0.989967108 1.62931192 1.45775199 1.23706126 1.54563832 1.25346076
    1.39474308 0.721672475 1.25263619 1.0971669 1.18931234 1.23893118
    1.13130808 1.38927794 1.2284199 1.09309971 1.53783798 1.39266622
    0.87917012 1.44793963 1.35476613 1.30466783 1.22137213 1.03171146
    1.39322722 1.39470661 1.25214064 1.6519779 0.918907404 1.28199792
    1.40847099 0.874613643 1.44227779 1.02681005 0.847077787 1.66049778
    1.43116426 1.26809323 1.51952863 1.28600657 1.40598094 1.80153632
    1.33077312 1.79706562 1.57057166 1.4459914 1.7437216 0.910532951
    1.06379187 1.84457219 1.49679148 1.15967417 0.95541352 1.1296562
    1.28326333 1.47102499 1.32977307 1.25392866 0.991827607 1.24507856
    1.48369646 1.28052139 1.48333645 1.72363138 1.23375094 1.17386806
    1.35843074 1.55749285 1.76433885 1.56082666 1.16232729 1.15378582
    1.71185148 0.89714855 0.898303568 1.54727054 1.06604314 1.24390221
    1.42676103 1.62786806 1.65948772 1.52163088 1.19016767 0.989369929
    1.17064631 1.67111325 1.16005564 0.893091381 1.53549254 1.75829053
    1.02799451 1.76716125 1.74894333 1.44505084 1.42135239 1.37309611
    1.17578471 1.3952775 1.78116882 1.1959697 1.19730997 1.59084845
    1.74433196 1.44790506 0.888620019 0.840499938 1.75208318 1.56072748
    1.13754249 1.77486968 1.05917847 1.64556265 1.81119609 1.43707097
    1.78945613 1.22960687 1.8695997 1.8222909 1.52053869 1.78887081
    1.18764007 1.6627357 1.40608728 1.61069608 0.974695444 1.00594997
    0.955631316 0.854906857 1.4642787 1.34688783 1.36901999 0.930061996
    1.19007206 1.68105614 1.5337522 1.52737534 1.14279652 1.60688007
    1.51219893 1.7117486 1.59209526 1.53946579 1.78726327 1.51803565
    1.75549197 1.43589592 1.14111948 1.58866477 1.24528623 1.86267924
    1.46838903 1.56325769 1.48442781 1.25896251 1.38006341 1.50974679
    1.14823854 1.00968051 0.922715545 1.32769728 1.65205324 1.63722587
    1.72320366 1.22236741 1.40896308 0.990920424 1.45219946 0.889382422
    1.2513665 0.828099072 1.11582673 1.29439294 1.22670245 1.73611379
    1.64762127 1.68020928 1.65180516 1.31468177 1.03481746 1.64050746
    1.19116914 1.41662908 1.49201155 1.28238773 1.22622311 1.35355878
    1.33777559 1.41140115 1.06888402 1.49862266 1.44344604 1.06665802
    1.42774713 0.898369253 1.18976808 1.14252937 0.968861639 1.67782247
    1.00903606 1.32085466 0.866858542 1.65330148 1.73659885 1.21458304
    1.35284555 1.59304738 1.00137246 1.3708421 1.54991984 1.65343821
    1.62097991 1.66193306 1.16700244 1.77762115 1.74308109 1.27230704
    1.46930647 1.40190494 1.31525373 1.34944701 1.29363418 1.12849522
    1.27004707 1.58950543 1.0172466 1.30062962 1.37543905 1.81427479
    1.80727863 1.52420914 1.65704584 0.874221504 1.7852906 1.54793465
    1.6120584 1.0651294 1.77047527 1.1367588 1.74195814 1.67333496
    1.77053726 1.88066173 1.85018301 1.41765881 1.2560823 1.10974181
    1.19638836 1.24293232 1.48346579 1.12304473 1.15254831 1.06808376
    1.11094165 1.57809448 1.77366567 1.02328384 1.22012353 0.865599334
    0.718589544 1.39552629 0.679027617 1.00495219 0.903117955
    0.715956092 0.826754689 1.55834496 1.29165721 1.53319883 1.41672444
    1.64517546 1.70052195 1.17496848 1.45807528 1.31555343 1.12843466
    1.45387745 1.04236543 1.13142729 1.7998426 0.923712671 1.56303298
    1.06054521 1.76014018 0.927947223 1.35195112 1.66925895 0.859494448
    1.35329866 1.46546388 1.44340718 1.72956884 0.882446587 1.58570611
    1.55219269 0.976495922 0.885447085 1.12425864 1.28590512 0.870371401
    1.73676813 1.7405597 1.62117827 1.16735387 1.85609567 1.78372085
    1.7292608 1.72777748 0.919307888 1.48444355 1.01170456 1.14677358
    1.52667022 1.60146463 1.32914174 1.6620518 1.43176234 1.80215263
    0.891030312 1.11930835 0.918034494 0.970138252 1.53480637 1.26617837
    1.68809581 1.66380227 1.61524785 0.887021005 1.8643229 1.73805344
    1.62998188 1.19565892 1.4614898 0.893690228 1.4368937 1.37678421
    1.76495457 1.56736612 1.68001652 0.933117628 1.02165341 0.91259867
    1.42275238 1.33481252 1.40347171 1.63581264 1.42958021 1.16300857
    1.53656459 1.43702114 1.71167922 1.24316776 1.43569648 1.86705363
    1.63805997 1.69263148 1.5436275 1.18496048 1.14448941 1.00169945
    1.60536182 1.72929859 0.907996535 1.52444625 0.857302845 1.43638527
    1.67750955 1.26698673 1.41555452 1.76875913 1.32964265 1.48399878
    1.65570045 1.05782425 1.22334242 1.63053048 1.72193098 1.53739774
    1.28380692 1.51732731 0.995441794 1.1235522 1.77833343 1.33659577
    1.82694805 1.3444916 1.13966548 1.34463453 1.72746301 1.48365903
    1.80890131 1.8255291 1.45196676 1.00999844 1.82953465 0.923438549
    1.50206375 1.78571022 0.928835571 0.995423496 1.80239666 1.05015421
    1.73595238 1.25957453 0.95832926 1.50242329 1.35883546 1.55444932
    1.7095871 0.959743559 1.0246321 1.83055198 1.35568154 1.83539236
    1.24237156 1.83457029 1.56486809 1.25891376 1.56422985 1.7888056
    1.36421192 1.36700404 1.14835978 1.29035521 1.35973501 0.893253326
    1.35506845 1.03540587 0.876982808 1.55541408 1.74573517 0.944154739
    1.69225502 1.870803 0.940833509 0.983554661 1.50965226 1.28346729
    1.30415308 1.2964524 1.14648128 1.48134649 1.3000071 1.19454837
    1.123927 0.789298654 1.47183669 1.14402401 1.66959441 1.00018799
    1.0157336 1.73634493 1.82415795 1.39654708 1.5575031 1.41957057
    1.07466507 1.37712348 1.1574024 1.6879499 1.58870316 1.35036945
    1.43911386 1.3602978 1.72406697 1.28160203 1.05846667 1.58611071
    1.60432673 0.857281566 1.03613961 1.17958724 1.21113026 1.26561451
    1.48812389 1.52373159 0.835144103 1.63589168 1.32545781 1.73408628
    1.58434331 1.70527434 1.66849446 0.917376876 1.25615346 1.5841918
    1.71223593 1.06191599 1.32346046 1.65518904 1.17252862 1.05562401
    1.50564528 1.71170962 1.50773191 1.29610825 1.21049535 1.79376638
    1.54836571 1.80723405 1.66369987 1.07537246 0.888712645 1.67066216
    1.47956526 1.00134385 0.9138484 1.10407519 1.46864927 1.40671992
    1.48653102 1.01743531 1.41153312 0.979909718 0.962386429 0.919929028
    1.57338381 1.36752272 0.912124753 1.37655938 1.61099803 1.22665703
    1.29327047 0.955637872 1.364645 1.2431742 1.22750831 0.922218621
    1.79803824 0.839970231 1.46987855 1.46693516 1.43460155 1.30315268
    0.893841684 1.68883085 1.73198152 1.28720248 0.888941526 1.15869534
    1.50132644 0.963165045 1.60548615 1.55336952 1.33044326 0.876440644
    1.68651772 1.31590986 0.850041568 1.2918762 1.12984049 0.98301512
    1.58479321 1.04971135 0.949646771 0.918157339 1.58066392 1.62815249
    1.7243129 1.66343307 1.61861861 1.27214718 1.11784601 1.13319671
    1.77454591 0.97111237 1.3935132 1.06581092 0.826574206 1.81364
    1.76924515 1.18828547 1.83465195 0.877226532 1.27807343 1.68898916
    1.52436852 1.70469379 1.04382443 1.37777901 1.04917598 1.63993394
    0.985314369 1.56915617 1.17045081 1.74232364 1.66034043 0.960517645
    1.15057456 1.5259819 1.58020651 1.7818495 1.21748328 1.08385658
    1.30435526 1.51050413 1.30056143 1.25448644 0.936149955 1.31812489
    1.01128232 1.18010199 1.4768815 0.905793965 0.991661787 1.5360049
    1.44926584 1.74032044 1.13646805 1.17186618 1.63240683 1.20595849
    1.11680615 1.13942444 1.81954443 1.00975788 0.924710274 1.36229897
    0.995066166 0.990897059 1.37833643 0.939179301 0.906202435
    0.855789125 0.906214178 1.8543179 1.73417819 1.85000658 1.78248477
    1.02246463 0.917905986 1.13924992 1.14411604 1.72355223 1.44337463
    0.9039343 0.967633963 1.78305137 1.35297382 1.459656 1.53773308
    1.61334515 1.56196356 1.24374986 1.67714906 1.42866337 1.08618832
    1.86827648 1.47565424 1.56460559 1.40502346 1.20873976 1.12487173
    1.05472088 1.21230745 1.87003839 1.48705459 1.75007963 1.27024555
    1.69689178 1.05351317 1.52314806 1.87866378 1.83227837 1.51582563
    0.973169804 0.953339517 1.84277272 1.85808372 1.80237019 1.55030668
    1.04809749 1.51888525 1.04342747 1.45905709 1.76757658 1.05745637
    1.65661335 1.4484123 1.63139272 1.61073136 1.75155842 1.52308714
    0.83684361 0.964372694 1.5511868 1.14516425 1.51620126 0.998458266
    1.49530101 1.60244954 1.66678369 1.70177674 1.33124304 1.7594018
    1.36150157 1.44815385 0.99868387 1.29032922 1.50475824 0.857541263
    1.14385033 1.07443285 1.73800731 1.71988225 1.26652515 1.08817041
    1.5958339 1.18093467 1.43897927 1.43633425 1.26313996 1.59382808
    1.12640512 1.01601887 1.1481216 1.62024164 1.10820174 1.20444536
    1.68388104 1.46609795 1.55388844 1.20016336 1.07924008 1.51067829
    0.935737491 1.59932685 1.10591733 1.27066028 0.938525081 1.05170846
    0.910389483 1.3043921 1.31995595 1.5434258 1.09135962 1.2543726
    1.46291661 1.31338584 1.07331109 1.06584549 1.56048977 1.6555475
    1.20474112 1.44467545 1.04103959 1.15537345 1.51015413 1.30920041
    1.01862431 1.60742295 1.7092675 1.51392281 1.2035104 1.70806992
    1.37086773 1.05394137 1.48618543 1.28611088 0.993371546 1.48943257
    1.44860613 1.07264471 0.863060296 1.76163149 1.20349193 1.32850337
    1.33424497 0.819228709 1.33999062 1.05990589 1.06732905 1.20681298
    0.876672685 0.875256121 1.21538103 1.46800387 0.865897894 1.11274338
    1.58513165 1.46628594 1.73295879 1.58474755 1.39593601 0.99421227
    1.39204013 1.34323716 1.59642601 0.984612525 1.11276448 1.41132355
    1.01525426 1.0950278 1.56050193 1.24971735 0.963072121 0.878541172
    0.90475899 1.69199121 1.15625644 1.43032801 1.34851074 0.884323061
    1.75233436 1.08970201 1.69395769 1.08813155 1.5217793 0.82824719
    1.60988569 1.44694841 1.17297089 0.897656441 1.74497402 1.60529482
    1.5999732 1.28636706 1.24503517 1.70433164 0.957346201 1.41040814
    1.04231966 1.6717639 1.4801327 0.909448862 1.13373828 1.59728241
    1.05709982 1.7296344 1.60059917 1.55318713 1.75780749 1.15216196
    1.64149022 1.19194651 0.963531852 1.14564967 0.909385443 1.3735534
    1.41588235 1.61738837 1.34336472 1.85736167 1.05647039 1.27483118
    1.52653909 1.38648248 1.44531846 1.6423471 1.73145342 1.22760653
    1.42559493 1.10885155 1.11422586 1.16693842 0.993866086 1.57449293
    1.67134154 1.71403837 0.971262693 1.69818509 1.28392386 1.50211251
    1.48396981 1.05851567 1.60277438 1.73748899 1.61274469 1.64811921
    1.73600507 1.81921101 1.15428102 1.26308334 0.895630836 1.11335802
    1.5984776 1.52856338 1.21737051 1.71877158 0.853791893 1.43292344
    1.74442518 1.87940919 1.58276463 1.69788027 1.74040759 1.49077678
    1.76953757 1.78008854 1.66537309 1.43846905 0.978444993 1.47088969
    1.17159319 1.542557 1.40907145 1.38983321 1.22143388 1.8072257
    0.945926964 1.75010097 1.212111 1.38134038 1.06906724 1.0684104
    0.937820733 1.49545074 1.63731897 1.75259268 1.75042117 1.19168425
    1.18252897 1.32029772 1.29366136 1.69244242 1.48216569 1.85545158
    1.39810288 1.53715062 1.59704101 1.3342855 1.21789992 1.47703075
    1.15782583 1.09166706 0.966664195 1.63270938 1.70391333 1.10298586
    1.90133452 1.06837761 1.20357466 1.24564683 1.0477562 1.43371403
    1.29780054 1.11423337 1.23389244 1.24574125 1.51419079 1.46337032
    1.22691929 1.00269675 1.443542 1.68845117 1.76994586 1.67129195
    1.17526722 1.33404088 1.74380887 1.45120776 1.04200876 1.14583921
    1.12614655 1.15489364 1.38159776 1.07728004 1.04901552 1.14049876
    1.81150806 1.01605344 1.73113573 0.994406343 1.68116629 1.51181471
    1.04928994 0.90297991 1.49049568 0.97341913 1.35386848 1.38713217
    1.36045802 1.57743847 1.76010919 0.979751229 1.3888272 1.01379216
    0.994319022 1.08068419 1.14911389 1.41356874 1.15705967 1.77537405
    1.27343571 1.61045051 1.52853858 0.963562071 1.30337214 1.71533668
    1.54237854 1.54534054 1.08721185 1.45665658 0.893389702 1.81787944
    1.37445021 0.863309681 0.826578796 1.34832418 0.845231056 1.2164849
    1.13281691 1.24417269 1.65308559 1.00397873 1.21180153 1.19457984
    1.41620803 1.52876329 1.09183097 1.57391715 1.68391216 1.06028199
    1.57337761 1.11489904 1.46813476 1.56621826 1.73036206 1.30710602
    1.27308035 1.5792762 1.49290252 0.818460584 1.77151442 0.968600273
    0.918757439 0.87885797 1.06944227 1.50394523 1.42341399 0.542856753
    0.959461391 1.46478891 1.31395054 1.64632595 1.68598294 1.59999287
    1.03950059 1.65374064 1.16138029 1.63547885 1.49202442 0.95079416
    1.20256078 0.9026649 1.3420018 1.43778455 1.25500035 1.3703196
    1.80438459 1.3241396 1.78760958 1.35393596 1.39048278 1.42975962
    0.892202914 1.44022167 0.983695805 1.0939008 1.3147881 1.35490823
    1.2910049 1.29289007 0.891181767 1.00892079 0.885062337 1.16017854
    1.08648419 1.2738359 1.01945376 1.13061845 0.945267558 1.68868208
    0.92867285 1.44070148 1.392694 1.43502033 1.38641655 1.34011137
    0.900703669 1.12087452 1.30946863 1.05108857 1.31580448 1.15807378
    0.933499098 1.09564936 1.18407249 1.78199768 0.884744823 0.889788032
    1.47544217 0.889369547 1.0099467 1.49689019 1.74249876 1.22196329
    1.10489368 1.10523713 1.01668334 1.57564211 1.329983 1.54912043
    1.58408177 1.12348175 0.958708942 1.27369297 1.69866478 1.59204066
    1.67850149 1.86602902 1.23994195 1.58662009 1.28267825 1.54741836
    1.84926438 1.41265655 1.60211575 1.49374795 1.24615479 1.80897176
    1.17080545 1.85691464 0.929483056 1.32979977 1.59106231 1.12755394
    0.994767666 1.29670954 1.82087135 1.55214787 0.835399508 1.34019232
    1.61699736 0.887888908 1.04532945 0.981297374 1.71996593 1.29589617
    0.904808819 1.85786092 1.21883845 1.5347482 1.36889052 1.30927467
    1.0984149 0.851760328 1.82966852 1.80110121 1.27133918 1.5803436
    1.3784889 1.42494106 1.07720411 1.14227474 1.02617252 1.77942002
    1.65447056 1.45532608 1.44961667 1.64533019 1.5718466 1.13182843
    1.61727476 1.15151072 1.35887372 1.62680399 1.7850877 1.30164349
    1.1622957 1.91361833 1.81028748 1.60118544 1.90884209 1.23176587
    1.74929607 1.24729657 1.28095198 0.907199204 1.28583002 1.01716578
    1.45439887 1.49113822 1.73903775 1.83310783 1.89081168 1.05751133
    1.61401868 1.56146896 1.49094737 1.83523798 1.64183497 1.21506929
    1.6182462 0.95496428 0.97060895 1.22217774 1.12186742 1.60964513
    1.39982343 1.19448841 1.30438149 1.523471 1.08570063 1.03984571
    1.40332496 1.32976782 1.25610161 1.38901043 1.03249896 1.07298601
    1.69287109 0.843828022 0.829714119 1.41368914 1.69921923 1.74398017
    0.923743427 1.76960063 1.0986402 1.79022634 1.0426017 1.45298707
    1.60806656 1.75072968 0.842663825 1.73506558 0.848073304 1.05297577
    1.63466179 1.35529995 1.369174 0.826243341 1.21101511 0.907007515
    0.862610042 1.66617012 1.66047263 1.26517081 1.65624642 1.55783844
    1.39995527 1.61710322 1.08763444 1.65999389 1.08286154 1.02964425
    1.75836504 1.09853327 1.56516242 1.53099895 1.77516472 0.846599221
    1.17901063 1.47460079 1.54423857 1.26284027 1.37277853 1.47365773
    1.50166047 1.17071605 1.54991078 1.80192268 1.75015891 0.984407306
    1.73779511 1.35502398 1.65727472 1.82040083 1.29224813 0.92051059
    0.983468175 1.05523121 0.843808413 1.05618691 0.795264184 1.12584019
    1.50302422 1.10617352 1.78636968 1.16607738 1.21120965 0.734440744
    0.762366831 0.898092806 1.02711236 0.611284494 0.794965208
    1.12430513 1.14115489 0.804681003 1.76629257 1.49798572 1.47472501
    1.46699905 1.31410968 0.941568077 1.13295305 1.0134722 1.63947368
    1.30861032 1.27688169 1.48376918 1.85600853 1.69442093 1.60284352
    1.42559993 1.44446003 1.64076531 1.07392955 1.59014893 1.16829181
    1.70369971 1.63446045 1.66733229 1.13947356 1.29556704 1.12588561
    1.70625448 1.60754347 0.796468139 1.78559816 1.53758764 1.53799713
    0.89311254 1.01939476 1.33462858 1.52935469 0.832561016 0.930071473
    1.36494458 0.982216179 1.41834807 1.15960133 0.837861538 1.35578954
    1.75960767 0.947112918 1.54978073 0.916147292 1.27029777 0.851556599
    1.65804398 1.14618075 1.36913073 0.778463304 1.38545406 1.31748009
    1.56068003 1.01422608 1.03805733 1.7912457 1.36371601 1.79718745
    0.902218282 1.62524879 1.53356862 1.3168757 1.57060957 1.4262346
    1.34739995 1.06671619 0.96159476 1.58231854 1.5370754 1.0770905
    0.964389682 1.73779905 1.56171679 1.70474327 1.17629611 1.41134667
    1.12382913 1.63894606 1.49331164 1.21213448 1.43885314 1.16449308
    1.17226648 0.916104972 1.14688444 1.09218454 0.862402439 1.45833313
    1.49109292 1.24351561 1.57217693 1.72700953 1.65595078 1.29062212
    1.26192546 1.0793736 1.07129204 1.09640157 1.15464151 1.10953939
    0.928149819 1.84823692 1.20858645 0.954132318 1.23807037 1.1782378
    0.893239796 1.3263185 0.935065567 1.25778306 1.75861681 0.902173698
    1.53580785 1.28766394 0.98978585 0.977906108 1.36395216 0.867620289
    1.753304 1.03166568 1.78488314 1.17381549 1.72117043 1.07477856
    1.1894542 1.14168894 0.90759635 1.88386762 1.35626149 1.46394408
    1.36007881 1.82292092 1.46701205 1.56068635 1.24912572 0.915742338
    1.78144276 1.22346067 1.2496978 1.42182493 0.951459765 1.80247438
    1.81036758 1.15496957 1.64464962 1.7259407 1.82033169 1.57164097
    1.56142163 1.21855187 1.27851593 1.50259149 1.08949316 1.62785876
    1.63597918 0.986865759 1.46190083 0.891876638 0.950681686 1.6097331
    1.58268166 1.7515229 1.75685143 1.10773599 1.19947922 1.416381
    1.69780374 1.41195202 1.11467874 0.880937755 0.945577502 1.61532199
    1.44169879 1.48496342 1.50397277 1.07528603 1.55349672 1.76947737
    1.71594036 1.09515369 1.88858771 1.60955524 1.53730476 1.14532351
    1.40592766 1.35301483 1.28244293 1.46901774 1.52611363 1.36319315
    1.24409068 0.902621806 1.19529581 1.00854492 1.06632781 1.05321157
    1.21756101 1.04116821 1.11679924 0.931862712 0.801070988 1.01623881
    1.42158568 1.28016961 0.997748017 1.2098732 1.37406445 1.7699002
    1.68649578 0.874476135 0.864396811 0.986634493 1.67801654 1.67981684
    0.830508471 1.43033767 1.31007481 0.898258924 1.02439535 1.53168392
    1.4930104 1.60945046 1.73836362 1.63921523 1.29136395 1.07104158
    1.48095334 1.60476696 1.66818607 1.15270925 1.24449337 1.02648377
    0.801279843 1.61048806 1.04725635 0.996945024 1.61305702 0.903673291
    1.50453639 1.36094034 1.72834134 1.15845609 1.47612047 0.919346213
    0.929542303 1.10987556 0.559744179 1.37424445 0.733910918 1.25943387
    1.23669136 0.953613698 1.42800426 1.64039361 0.899300575 1.38552392
    1.35414875 1.31747818 0.893550873 1.70628142 1.39119685 1.26200128
    1.83857322 1.4716121 1.3602649 1.00742817 0.966813862 1.55340075
    1.26808822 1.04396081 1.1621263 1.39552462 0.904413223 1.41550624
    1.02620125 1.53405094 0.829907298 1.41400325 1.20289826 0.949816346
    1.37371445 1.51702356 1.38225007 1.29457223 1.41190743 1.34579134
    1.19397914 1.30380356 1.29194891 1.16683531 1.41734445 1.32351613
    1.40172338 1.28182912 1.10575438 1.7210604 0.95563066 0.908313334
    0.987040818 1.49857295 0.825588346 1.62776732 0.904719651
    0.767152071 1.26073492 1.26270068 0.865700603 0.966623306 1.28471649
    0.804894865 1.61583138 1.28751993 0.89750433 0.930731714 1.30070364
    1.44618928 1.7449615 1.7578553 1.61116171 1.26758468 0.950828731
    1.20689726 1.22592521 1.66114569 1.21222377 1.47599745 1.82240343
    1.75569189 1.7810936 1.05123043 1.00215185 1.41557336 1.5460875
    1.57690823 1.77066028 0.96945101 1.00352979 1.56958652 1.76954901
    1.68005323 1.15446639 0.950247705 1.55391812 1.57317555 1.16628206
    1.37030327 1.10425317 1.73765683 0.983056486 1.50578427 1.47982502
    1.47034681 1.8255043 1.50857437 1.49167156 1.7355876 1.12197387
    1.2758745 1.59057355 1.61516833 1.4968183 1.31570113 1.22084785
    0.946994901 1.04850185 1.20130444 1.692801 1.73929131 1.01656592
    1.07992554 0.996659517 1.32867849 0.893589139 1.06927025 0.833395898
    1.62865961 1.4354881 1.38388896 1.2626543 1.62213063 1.56318557
    1.50553811 1.5676527 1.62228727 1.20501089 1.31982744 1.75324118
    1.8763932 1.78451014 1.22932279 1.60663629 1.74286568 1.44323599
    1.01984942 1.16395092 1.21096146 1.68197715 1.81885707 1.23999929
    1.37375021 1.687307 1.8732878 0.951110303 1.01194453 1.10810387
    1.77707994 0.860423207 1.73510408 1.67109799 1.00547814 1.80666995
    1.37570322 0.917139709 1.74060071 1.03164041 1.12599611 1.55393231
    1.24239278 1.77788091 1.30607462 1.31036496 1.6999228 1.54457414
    1.76130188 1.08837891 1.69288671 1.75617611 1.16569698 1.49309826
    1.00031793 1.8399595 1.57097661 1.15885961 1.91765988 1.92242575
    1.49461186 1.68269074 1.46144319 1.51466763 1.15263951 1.61763072
    1.11380672 1.43595779 1.00258756 1.73736751 1.75802565 1.5795784
    1.2768892 1.23888123 1.39332342 1.08392882 0.941909909 1.12830758
    1.35230935 1.1703099 1.33522177 1.66944337 0.914880395 1.14544809
    1.29277825 0.981539726 1.09232116 1.23234487 1.08716738 1.75166261
    0.968175292 0.805407047 1.19865894 1.08815467 1.39246047 0.775713563
    0.774922252 1.06216788 1.47321689 0.812529266 1.25121117 1.47050869
    1.52854168 0.989347935 1.30712211 1.01466298 1.29406369 1.05203879
    1.51662087 1.67566669 1.65046072 1.46690035 1.70000458 1.29597962
    1.56339204 1.56920815 0.810576439 0.817522049 1.5476321 1.79295576
    1.5352329 1.65498149 1.55608165 0.938053429 0.936181724 1.31667483
    0.861445129 0.430438101 1.44967437 1.41864598 0.770632088 1.36922944
    0.88506341 1.24562752 1.01762414 1.70198715 1.59887385 0.84139514
    1.41490722 1.23034394 1.38263464 0.929442406 1.56581104 1.37426066
    1.71245587 1.76738071 1.39676809 1.8416512 1.63526857 1.53943276
    1.19600046 1.58759391 1.12741828 1.8152523 1.44199586 0.860944867
    1.55689681 1.0192734 1.55814779 1.54529035 1.61993814 1.54502404
    1.23657775 1.55276966 1.49407649 1.02361763 1.47032237 1.75953043
    0.926775694 1.458992 0.996175528 0.954479218 1.18757975 1.26303852
    1.16321921 1.2435807 1.62571895 1.43925977 1.41828144 0.793576539
    1.63891923 1.2398392 0.881273985 1.12479639 0.884417295 1.01419926
    0.923834443 1.42835593 0.788892388 0.853618681 1.17253804
    0.842171609 1.52702141 0.995512426 1.78870857 0.843267739 1.5727613
    1.55905044 0.832090855 0.842629194 1.04833615 1.1334089 1.44938576
    1.83535099 1.75484824 1.50671315 1.44107139 1.87286043 1.71062171
    1.01744688 1.75982904 1.40389252 1.64708161 1.75370336 1.26669502
    1.66189015 1.1420157 0.924917698 1.10145378 0.895684004 0.835713744
    1.40079415 1.19173503 0.926718712 1.80934703 1.59337044 0.96515125
    0.895951629 1.52275348 1.60495102 1.44962823 1.04429293 1.52819991
    1.38395321 1.33765101 1.44473243 1.45208263 1.49034655 1.56883335
    1.33907354 1.77925396 1.2802403 0.870072722 1.36609113 1.12977517
    0.956379235 0.946751893 1.75688994 1.26462483 0.963883162 1.24682176
    1.03479457 1.26044774 1.67812657 0.943805397 1.1425544 1.43240154
    1.21331036 1.75066018 0.837659895 1.27467108 1.72808266 1.2108146
    1.36187685 1.7720958 0.996815324 1.71820152 1.37064338 1.14832115
    1.03296244 1.06286848 1.43635058 1.05100882 1.56833971 1.67634094
    1.72847176 1.03809226 1.28137171 1.82613409 1.1682446 1.30027127
    1.21482468 1.15749884 1.04706895 1.41406643 1.21263909 1.6544435
    1.31191742 1.1761955 0.886190653 0.994045913 0.981036186 1.46088982
    1.62517142 1.03804898 1.39580309 1.48454988 1.69633675 1.6417917
    1.07316077 1.12270033 0.896963954 1.17224383 1.07454944 0.853963971
    1.05939078 1.46625721 0.999694407 1.12050688 0.970688343 1.20407355
    1.2397567 1.85037339 1.42519903 1.88093674 1.17618132 1.87066436
    1.74181259 1.09598863 1.11366606 1.61452734 1.06516254 0.933305323
    1.12174153 1.02562129 0.992102563 1.35957146 1.01012516 1.34265947
    1.66224957 1.69123149 1.30372572 1.02325308 0.888113678 1.0739373
    0.80629319 0.806453109 0.96490401 1.40040004 1.58015549 1.36080444
    0.782342196 1.0497731 1.27636218 0.873594642 1.5247581 1.3122139
    1.23440838 1.14670205 1.4297564 1.23964596 0.817120373 1.60610044
    1.00045431 1.57317829 0.997582674 1.36405694 1.21015525 0.976162374
    1.09196997 1.05194402 1.14299738 1.76308978 1.04769504 1.34808671
    1.59048438 1.07900774 1.46775889 1.70557487 0.986149251 1.46823752
    1.16121435 1.23194873 1.37195098 1.6491344 1.17166531 0.875471592
    1.51585233 1.32591653 1.24279857 1.54129875 1.25087607 1.07795787
    1.28693449 0.933902979 1.30624437 0.683302224 0.905505776 0.87519908
    1.50582647 1.67726767 1.73539245 0.86111176 1.16784549 1.59343433
    0.965932608 1.0611707 1.65464354 1.25850356 1.38564515 1.65699017
    1.789891 0.889169395 1.84682989 1.0516268 1.32432628 1.8109442
    1.80489779 1.71998656 1.57650113 1.09477782 1.43106365 1.06906176
    1.16854703 1.22611392 0.998019397 0.844004929 1.33958566 1.3085134
    0.807373703 0.968840241 1.70502496 1.23029637 0.857906818
    0.788278043 1.0258379 1.15735793 1.43756521 1.6938864 1.76046872
    1.67272985 0.957305968 1.5773356 0.859095335 1.63703823 1.07692993
    1.22280645 1.56178021 1.45255995 0.937390506 1.29178739 1.1619097
    0.864852965 1.69333684 1.72526097 1.29902232 0.949362695 1.20505619
    1.45940363 0.893825948 1.53174484 1.39381588 0.825133085 1.74436688
    1.25272048 1.19679475 0.976256073 1.57142043 0.873481572 1.56547225
    1.75451565 1.3242923 1.20092201 1.43396354 1.62542033 1.66440809
    1.46157885 1.84577346 1.50806487 0.965731621 1.53940892 1.61634982
    1.73349607 1.50028396 1.66973412 0.914965034 1.76630855 1.60273528
    1.21698964 1.71893036 1.56372023 1.00029016 1.35464025 1.35350454
    0.818980217 1.37892711 1.56224704 0.976751149 0.917953014 1.4070698
    1.62235093 0.848835468 1.04553509 1.68922698 0.859204054 0.779908776
    1.45155895 1.58693647 1.21832526 1.60609162 1.26577091 1.23260307
    1.11972558 1.21725869 1.53666759 1.29871476 0.75692445 1.33876657
    0.824016035 1.0520457 1.61779022 1.06858635 0.940434754 0.946286142
    1.33014703 1.625947 1.50037038 1.22037721 0.988862813 1.76684487
    0.865257144 0.901869774 1.05384827 1.28253603 1.17412925 0.892033994
    1.46349525 1.65964568 1.27384698 1.24455225 1.30256677 1.50569201
    1.02988362 1.53943491 0.960255802 1.36509299 1.39748275 1.65845835
    1.76759398 1.01226461 1.52457213 1.43717301 1.18306208 0.877536714
    1.74679554 1.78634024 1.54514635 1.01594889 1.34573889 1.74997497
    1.6379348 1.53775954 1.00381494 0.983555555 1.39002979 1.3574549
    0.849870265 1.21281767 1.23541975 1.08230865 1.22112799 1.58044088
    0.923467577 1.10304391 0.805470943 1.35175359 0.99018532 1.79212713
    1.41427267 1.18651843 1.54944158 1.79270351 1.83035266 1.66272235
    1.80752814 1.72205651 1.15357542 1.14293456 1.56343126 1.09572065
    1.24847984 1.68524241 1.15997052 1.33766401 1.59211087 1.07782292
    1.03690791 0.909529388 0.880042017 1.00827813 1.67612708 1.52908707
    0.891225755 1.13130379 1.15198171 0.773275614 1.51561654 1.66380274
    1.59796131 1.4907068 0.854975581 1.30649209 0.97006458 0.84665072
    0.976513684 1.29323876 0.888640583 0.897850931 1.15869892 1.67408776
    1.02267265 1.71268308 1.17088079 1.27821255 1.11268055 0.976754427
    0.803940237 1.65240133 1.66683495 1.08199978 1.52614427 1.13284934
    1.09765756 0.789972961 1.11758995 1.28342712 1.09014487 1.09836185
    1.51141 1.65109909 0.848418772 1.34334219 1.36381602 1.19708979
    0.938479722 1.60012186 1.23219001 0.811931849 0.682595134
    0.755453765 0.659130275 1.00898099 0.949443281 1.44103372 1.41498244
    1.56389487 1.18961775 1.52610409 1.21548676 1.66066742 1.03288984
    1.75811112 1.22093332 1.21024132 1.78900051 1.44821084 1.41953373
    0.985694528 1.34711361 0.938352108 1.23906326 1.51380658 1.63721442
    1.74890029 1.41139126 0.878865898 1.36188865 1.56124449 0.881524444
    1.63539553 1.12375581 0.866181195 1.19684076 1.08701992 1.07071924
    1.39386547 0.860352576 1.16132903 0.896452248 1.0505842 1.67247951
    1.07301545 1.01728261 1.16419029 0.943083405 1.63465643 0.983455598
    1.5690093 1.23565114 0.802056551 1.16591096 1.54294956 1.09748518
    1.64443958 1.68976796 0.988531053 1.26271307 1.27095914 1.1841042
    1.26459503 1.25510156 0.867594957 1.31834757 1.72719145 1.48626113
    1.61398375 1.02116203 1.5121299 1.02589631 1.63809109 1.37478149
    0.885133922 1.31248593 1.30220997 1.33068824 1.0840559 1.61600542
    1.80603015 1.18439043 1.80463207 1.85559249 1.68535459 1.0743922
    1.74778986 0.998975217 0.968492746 1.75378537 0.930251718 1.00142014
    1.49285758 1.25090492 0.925737381 1.15780616 0.774236679 1.61687291
    1.57888186 1.06139231 1.60166895 1.72920847 0.997086823 0.903189242
    0.993988693 1.181813 0.884179711 0.81413877 1.58447433 1.61836231
    0.869466364 1.60007536 1.57937777 1.12786531 1.53900516 0.913288176
    0.943438292 1.2828337 1.2312572 1.39791358 1.57764912 0.973289728
    1.4957695 1.00585282 0.807200551 0.914055467 1.66550636 1.39465475
    1.29859674 1.32336223 1.27337086 1.08243692 0.948578417 0.794908941
    1.35120416 1.11953819 1.10823476 1.48495531 1.39387429 1.13084543
    1.78211117 0.892251313 1.24194729 1.42763329 0.837002814 1.14728034
    0.876643181 1.2467072 1.52442706 1.05919719 1.2402966 1.21327555
    1.34233952 0.964682937 0.942908764 1.31786823 1.27053022 0.973236978
    1.34933412 1.64085674 0.918046355 1.26791215 1.13748598 1.73840201
    1.2037617 1.19182312 1.65428233 0.993351161 1.53708851 1.55163264
    1.62992167 1.48248625 1.56895792 1.67981029 1.33843493 1.56704247
    1.08143437 1.06239986 1.31358254 1.38467395 1.23143148 0.778859973
    1.21986151 1.40165472 1.53163052 1.01718163 1.09593332 1.65451169
    1.39081717 1.35396659 0.921463907 1.66301179 1.42910755 1.13494182
    1.69367158 0.880015969 1.37210834 1.06746411 1.13005531 1.6886791
    1.0577625 1.19353223 1.34107018 1.32970369 1.40926039 1.66249073
    1.38913023 1.06875241 1.26175487 1.60635138 1.54868579 0.960986972
    1.69707572 0.86560601 0.980136216 0.842148662 0.791062772 1.20212233
    0.971920907 1.69608235 1.11226654 1.26838923 1.16189945 1.14201307
    0.908031762 1.3187356 0.723315954 1.5927763 0.754500628 1.46641362
    1.58097374 1.58874559 1.57620072 1.18770838 1.57621837 1.08253968
    1.1998328 0.812266767 1.44192159 1.25926805 1.32396269 1.09021807
    1.08767223 1.25670803 1.14061463 1.3728776 1.28355062 1.33114135
    1.62037158 1.00610268 1.68248403 0.792672932 1.74286389 1.25358903
    1.53786719 1.13301253 1.12108874 0.525020599 0.944182336 0.986769319
    0.559328794 0.835012317 1.47222066 1.53695047 1.37779582 1.42404461
    1.67396986 1.58985245 1.46482682 1.65010381 1.41401744 0.906921327
    1.60419571 1.34398746 1.34710956 1.75728643 0.80057466 1.04827499
    1.68553317 0.990698457 1.49598384 1.55066109 1.09840846 0.751642942
    0.73602885 0.891081154 1.5577172 0.820653498 1.36958194 0.937534988
    0.815211058 1.33555126 0.873802543 1.34538877 1.15280676 1.58734131
    1.27128184 1.14549696 1.29984009 1.2463783 0.727868915 1.34374404
    1.45655453 0.819327891 0.799948096 1.52598667 1.02148175 0.91590476
    0.95712328 0.997836947 0.875215232 1.7125442 1.17706919 1.61558783
    0.953100681 0.775783658 1.26905692 1.3752743 1.24147928 0.878028631
    0.974008501 1.5596627 1.70926821 0.866940796 1.47272718 1.39653814
    1.05696273 0.77016753 0.848963201 1.28631091 0.807274818 1.38429618
    1.22259557 1.56114256 1.67612326 1.78682852 1.40316272 1.30267477
    1.02057207 1.40094125 1.67278409 1.59473979 1.72237897 0.955214381
    1.71706188 0.791164756 1.13450003 1.29449129 1.1842097 1.49463701
    1.00872612 1.17873693 1.43733251 0.763621151 0.698271394 0.881060421
    1.65532482 1.3819741 1.24584961 1.29117048 1.1288445 0.988753378
    1.13907444 1.34391665 1.65689611 0.828112364 1.20522523 0.783297718
    0.884244144 0.811330616 0.981350362 1.50728154 0.788891494
    1.22087955 1.41396368 1.1977433 1.04749119 1.00550663 1.56410336
    0.978492022 0.989156127 1.53469038 1.35957217 1.23741698 1.18476272
    0.983476162 0.965365291 1.00384724 1.66815996 1.26690435 1.09506607
    1.56392205 1.41960692 1.28975511 1.55937529 0.76867801 1.6962359
    1.52442145 1.58908224 0.849035978 1.62486672 0.881700456 0.877011061
    0.738071024 1.55740511 0.942926228 1.58643556 1.62333298 1.38347304
    1.15451312 1.21105337 1.56829178 0.811440587 1.4153111 1.07073176
    0.947105289 1.3157469 0.972600162 1.72703528 1.13646293 1.24369121
    1.58901632 1.50540113 1.50565422 1.03208709 0.945264339 1.37057102
    1.73228562 1.05055249 1.09377265 0.85153234 1.42752171 0.913306057
    0.701659381 0.962538183 1.55082226 1.29348969 1.13256943 0.879746199
    1.26609898 1.63258302 0.779824436 1.08001816 1.05645359 0.911286235
    1.46656418 1.03980744 1.25332797 0.890266597 0.997777283 1.24072468
    1.40708435 0.819541514 1.44774425 1.77105606 1.79291856 1.7497282
    1.57851994 1.50745296 1.49913156 1.42008448 1.24387789 1.31301522
    1.55687356 0.793310583 1.56529689 1.55645013 0.825807393 0.964443028
    1.3482064 1.61283767 1.42390668 1.55103254 1.25735581 1.47761488
    1.42836893 1.58016956 1.3726269 1.25439668 1.35138774 0.804824531
    1.2613945 0.943480432 1.18536079 0.77887404 0.985679507 1.16665089
    1.56407535 1.45544147 1.27360201 1.48256576 1.11423028 0.785629213
    1.56873941 1.33540261 1.48544347 1.02703226 1.01187873 1.20844853
    1.2080369 1.1687355 1.0908103 1.2809478 1.23016608 0.873257577
    0.853797376 0.812821209 1.53891635 1.32662475 1.58713043 1.03660047
    1.54951751 1.01223075 1.12873018 0.477710098 0.670577824 1.12316906
    0.738481641 0.987587571 0.853568733 0.688609719 1.01797915
    0.850478172 1.32263649 0.771630049 0.959146678 0.852800608
    0.721802354 1.63150275 0.747266412 1.66886544 1.03487051 1.36793232
    1.3691504 1.42025292 0.903753877 0.950124204 0.707671463 1.28931952
    0.766569912 0.905365705 0.879374146 0.886897981 1.00058985
    0.994656146 0.695329487 1.21924484 1.5733875 0.888008356 1.26383531
    1.24833298 1.32490349 0.979132414 1.53854299 1.10461819 0.723727643
    0.610107481 0.61845088 0.716379225 0.761506677 0.780400991
    0.859111607 0.693021834 1.1974175 1.48934162 1.3643043 1.20770538
    1.30108833 1.49311113 1.42883968 1.22519767 0.940957069 1.49281335
    0.803126574 1.01120257 1.68037271 0.976390898 0.978506565 1.54032421
    1.5403254 1.15088689 1.31329095 1.52979517 1.28927374 0.779532671
    1.26048064 0.747571826 1.20370066 1.58584237 0.937192917 1.60855782
    1.27124584 1.24195874 0.940393567 1.02473474 1.69038486 1.27244401
    1.2266748 1.24107409 1.28461409 1.36830723 1.41062963 1.19784653
    0.941503525 0.780759811 0.894028664 1.08826804 0.943783581
    0.671879888 1.08987486 0.836600959 1.4636389 0.946029186 0.997120917
    0.762342334 1.23929608 1.09329998 1.35875845 1.37022877 0.653630018
    1.31136751 0.909947336 1.23294854 1.00023675 0.73923105 0.962285936
    0.581320107 1.13239896 1.05826735 1.15816045 0.645883679 0.827872396
    1.10851276 1.44329536 0.933561742 1.34182906 1.23885667 1.27101469
    1.51481414 1.2744379 1.07118785 0.847676277 1.3402549 1.17548907
    0.635956109 1.20422983 0.628343821 1.54638743 1.40752673 0.981825471
    1.55153906 1.30323112 1.16950369 0.840990663 0.812251806 1.36752212
    1.48213816 1.17709613 1.39605403 1.33319259 1.09780359 1.27853703
    0.696098328 1.40657902 1.57978237 1.07770813 1.64527822 0.953715503
    1.35860693 1.23120952 0.68857336 1.60682714 0.84581995 1.66170561
    1.56891882 1.47615433 1.6188401 0.688580096 0.892041147 1.34045434
    1.14025712 0.872112453 1.33211517 1.26662529 1.48329008 1.6073494
    0.769379914 0.968565583 1.33471704 1.34625244 0.823092818 1.06464684
    1.07332814 0.671846032 0.836260617 1.27686477 0.867783427
    0.920089602 0.980356514 1.1786921 1.31802499 1.28694618 1.44293106
    0.825228631 1.45545638 0.969508231 1.18435466 0.929440677 1.65140998
    1.23778141 1.62855589 1.58830428 1.70512116 1.60530543 1.54725373
    1.37377894 0.922211468 1.18615746 0.988105536 0.995938599 1.04386592
    1.30328095 1.00586522 0.866189599 0.813276887 1.61850965 0.93068403
    1.13976085 0.785543084 1.34027052 0.821869195 1.32571232 0.984429419
    1.46789467 0.650580108 1.24378192 0.675377131 1.19415629 1.06905997
    1.1795944 1.37164402 1.61111081 0.701497674 1.26581824 0.742914438
    0.972414494 0.69373256 1.06343675 1.01037693 0.751878321 0.774148881
    1.11156285 1.27294362 0.945017517 0.804936051 1.22410023 1.59286988
    1.33349741 1.43083477 1.54878116 1.60060501 1.14103007 1.26591766
    0.974478781 0.679916501 0.740254462 0.724302888 0.683902264
    1.29117203 0.587774158 0.433523983 0.519680798 0.888146937
    1.06031775 1.38174593 1.00572324 1.44649541 1.53715599 0.657221735
    0.909549713 0.710606337 0.834825337 1.43207276 0.883935988 1.3689146
    1.1270076 0.69053477 0.911608398 1.18756664 1.43335414 1.33537066
    0.784185886 0.602834463 1.48986566 1.2682147 1.48186409 1.01883173
    0.975268543 1.13556314 1.34243917 0.668507278 1.44611871 1.06396854
    0.672714591 1.43644488 0.809188187 1.37390184 0.797483802
    0.773694456 0.965987265 1.14072609 0.517829597 0.568744421 1.3196187
    0.992534876 1.38432062 1.06896591 1.02637279 1.20980144 1.02963614
    0.852050304 1.26783895 0.987279356 0.780101597 0.763421416
    1.38403201 1.29121065 1.17307889 1.24713469 0.983904421 1.45446944
    0.878087997 1.32796395 1.25870836 1.58915782 0.790398955 1.49914372
    0.798422575 1.14746583 1.45473659 1.23633897 0.779595792 0.942475796
    0.75248301 0.60212028 1.25714362 0.678143144 0.840592265 0.88512361
    0.765769839 1.43966413 1.50119579 1.20621634 1.0195328 1.28574693
    0.871630251 1.12691617 1.46850097 0.595126271 1.33391309 1.23656869
    1.13204265 0.544793963 0.878457248 0.631271601 0.578200817
    0.906226695 0.998639405 0.765075088 0.774621427 1.56530547
    1.54430497 1.41045916 1.44154513 1.18028021 0.908947706 0.680240571
    0.622531295 0.727626145 1.16898167 0.509379387 1.18027771
    0.628022492 0.934108853 0.864372969 0.916147292 0.571665466
    0.79731226 0.720617414 0.8585338 0.667858422 0.539847612 0.541538477
    0.560418963 0.71187669 0.854381859 0.596160293 1.24556351 1.19343162
    0.710362256 1.07944274 0.713475406 0.840847611 0.640945852
    0.913007677 1.10050607 1.04002714 0.885498703 1.13607848 0.853223205
    1.1463176 0.861719012 0.707303286 1.46145368 1.28596497 1.32376933
    1.22357571 1.02276158 1.46246684 0.739692032 1.34861982 1.10826051
    1.1101712 1.1372571 1.09806907 0.833316326 1.16033995 1.04444945
    1.15368295 0.892964542 0.998232305 0.661352038 0.692935646
    1.45583534 0.809964955 0.98563391 0.964862049 1.48545766 1.22623289
    1.13600147 1.55049849 0.611694634 1.26325309 1.44420958 1.01955402
    1.12730122 1.04596961 0.842081904 0.557077587 1.25941789 1.26186061
    1.10659242 1.32666528 0.841824412 0.775544047 1.2352196 1.41111898
    0.752069592 0.747296691 0.915626526 1.19830668 0.578087032
    0.865044594 0.79395622 0.66094327 0.79078877 1.60288155 1.60361397
    1.63582301 1.38308895 1.54566073 0.999902666 0.958429992 1.36873817
    0.952394068 0.995723784 0.936914384 1.19074416 1.3970983 1.19406199
    0.746686399 1.20402789 1.0794425 1.18592095 0.854411423 0.67893225
    0.614915311 0.697937548 0.838608921 1.52004027 0.778621614
    0.979050756 0.758930564 0.778847277 1.27571297 0.834304333
    0.616220117 1.27398264 1.44148254 0.910041034 0.842006743
    0.664970219 1.27299166 1.4131093 1.38645613 1.48755229 1.45278633
    0.651008904 1.16086233 0.910333753 1.15977454 0.693126678 1.19375181
    1.27018905 0.99206984 0.891024888 1.26502407 0.993911147 1.05789292
    1.05082142 1.34372151 0.699621916 0.63136369 1.37686813 0.681946993
    0.66362673 0.286604375 1.18721211 0.740687907 0.700771511 0.91143018
    1.01279259 1.11656773 1.20210612 1.31460774 0.508208752 0.516125083
    0.919382215 0.930275559 0.693938851 1.0191319 0.925956905
    0.846931875 1.07598162 0.505821049 1.03182209 1.462551 0.641266346
    1.34498942 1.12821281 1.40376711 0.989555001 1.45062768 1.32002378
    1.01286781 0.815467477 0.463946939 1.38570964 1.30485666 0.871807635
    1.46147025 1.01730406 0.925303996 1.46121955 1.43525088 0.65133673
    0.797932148 1.02483487 0.541880667 0.936203182 1.30963624 1.35529315
    1.16324115 0.597215652 1.07687223 0.493485957 0.841327012 1.40421903
    1.00494719 1.14160788 0.954238296 0.643532932 1.50629103 1.37936866
    1.49894702 1.24902213 1.20090413 1.2653538 1.13454628 1.25874424
    0.98286593 1.24119067 1.48593986 0.511050045 1.19067228 0.710410833
    0.613993287 0.836596668 1.07568073 1.4105109 0.850237846 0.907840014
    1.1815201 0.981546581 1.25667071 0.828010082 1.53364444 1.40169644
    1.3166889 1.19154692 0.789003789 1.47763288 0.864206851 1.0243417
    1.00884426 1.15098369 0.911243618 1.40945625 1.40543056 0.606702268
    0.89133358 0.459148586 1.29301178 1.23490751 1.11792874 1.05965519
    0.895203829 0.875129879 1.27371359 1.37880433 0.592154741
    0.486718982 0.628136396 0.464698702 1.30118525 0.994248748
    0.965829074 0.689622402 0.673749864 0.539185882 1.01548934
    0.50260967 0.587522984 0.537813663 0.577217758 1.04380953 0.74357909
    0.671596169 0.866764545 0.924870789 1.24534774 0.884964585
    1.38002622 1.25199485 0.743409812 0.434797406 1.14670348 0.610968649
    0.657098651 0.520667136 0.560075581 1.05039489 0.875757277
    1.00104594 1.16501141 0.853993416 1.24923396 1.40199816 1.07845247
    0.674182892 1.32263744 1.08864999 0.5343799 1.15500176 1.47068489
    0.761458397 0.854622722 0.538013816 1.04917848 0.947037816
    1.13923979 0.574045777 0.562131643 1.45633674 0.471294403 1.12022436
    1.27856588 0.861635685 0.903594732 0.993928671 0.473761022
    0.519678533 0.87444973 1.35786867 1.47918999 0.545852244 0.553411603
    1.45360816 0.890804768 1.13753128 1.2070297 0.985274732 0.616055012
    1.1639477 1.18363845 0.509897292 0.639844358 1.06255507 1.20679235
    0.481617779 1.15322101 0.852553844 1.14678931 1.1688149 0.58780545
    0.622894108 1.33637416 1.04214263 1.25604451 0.815208018 1.05382621
    1.12632835 0.616205812 0.701979578 1.30672181 0.758386791 1.1190213
    0.689896226 1.16096115 0.989102364 0.759318233 0.544484556
    0.785549402 0.549073696 1.4490788 1.38176298 1.23476315 0.912583113
    0.51397711 0.640857995 1.39441836 1.06730771 1.24377966 0.641305029
    0.542150259 1.43041646 1.06961024 1.14756882 0.476053387 0.868403256
    0.663529217 1.21853936 0.679683208 1.3396436 0.831968248 1.08381867
    1.08148766 0.667414188 0.954674304 0.916362286 0.719813526
    0.913965821 1.05519414 1.25269306 0.514708877 0.803756475 1.4338696
    1.25122261 1.29404747 0.700405598 1.10593772 1.44429529 1.2242521
    0.5105986 0.535793602 1.42470729 0.772388697 0.922037542 0.983950198
    1.23978829 0.707747042 1.26288533 0.415985823</data></your_img>
</opencv_storage>
