<?xml version="1.0"?>
<opencv_storage>
<g>1.24</g>
<r>9</r>
<filter-type>0</filter-type>
<circular>0</circular>
<L2_diff>122.48288502774162</L2_diff>
<test_img type_id="opencv-matrix">
  <rows>128</rows>
  <cols>256</cols>
  <dt>f</dt>
  <data>
    0.889838636 0.345557392 0.683184564 0.588723004 0.922464967
    0.056322366 0.64709866 0.426756263 0.647119999 0.341041028
    0.319331974 0.141119301 0.391582638 0.839364767 0.551931381
    0.365925431 0.675606906 0.701575279 0.911853194 0.444198757
    0.00178819895 0.508699894 0.0736753345 0.35162273 0.0492912829
    0.0566267371 0.618418097 0.0497938991 0.000621944666 0.030557543
    0.535955608 0.47877571 0.578071415 0.329357505 0.406484932
    0.846806645 0.0388312936 0.0391429067 0.494139552 0.493193358
    0.0568309426 0.162462711 0.629523158 0.567490697 0.518581331
    0.769258559 0.662205458 0.413076699 0.930592537 0.100788713
    0.161445886 0.351733744 0.0254403949 0.225005835 0.39589119
    0.474323988 0.0809412301 0.461189806 0.785213292 0.696507156
    0.92961216 0.224062383 0.148323536 0.962987542 0.981063724
    0.015987277 0.672053814 0.808558822 0.204700321 0.7834512
    0.625304818 0.609775186 0.167957157 0.430468261 0.548843384
    0.169784307 0.517919123 0.855815291 0.765797079 0.429011524
    0.300480306 0.432913572 0.158286214 0.374135613 0.788689256
    0.917688012 0.648059785 0.0428628623 0.718516529 0.254422605
    0.314684868 0.169204324 0.727130294 0.676180363 0.439582437
    0.229542971 0.552088797 0.394454986 0.715552449 0.238696963
    0.921157718 0.244778156 0.324044466 0.921732545 0.134979457
    0.402159333 0.293020666 0.485263437 0.909710169 0.811194181
    0.890387535 0.642843664 0.643544316 0.847124457 0.860449314
    0.927826285 0.585149407 0.0645175576 0.4782511 0.521636546
    0.0573547781 0.992408872 0.65937984 0.0977451801 0.78451246
    0.246470988 0.177251011 0.0635438859 0.545095444 0.927838743
    0.664721906 0.780301094 0.845438182 0.821941495 0.721773207
    0.469688773 0.240004331 0.104309201 0.880078197 0.310859889
    0.468688965 0.455934405 0.946473002 0.993068099 0.3925533 0.8215397
    0.841744006 0.377379328 0.539003432 0.668409109 0.765929997
    0.738130212 0.949296176 0.19440037 0.123796582 0.490416884
    0.218078852 0.344127953 0.425714374 0.764941573 0.648656487
    0.396180958 0.705533206 0.959780931 0.748298705 0.119209468
    0.356023967 0.184918135 0.550703526 0.614084601 0.657448709
    0.878403306 0.271502078 0.681696296 0.888816893 0.6082623
    0.649665654 0.898838222 0.0959991217 0.192315847 0.961943388
    0.422032326 0.296053529 0.780368567 0.199379236 0.0171458423
    0.705287933 0.909099996 0.598684192 0.46420005 0.870907664
    0.518246472 0.294671565 0.30193907 0.186583698 0.508194089
    0.439857543 0.0374434292 0.681694686 0.916614354 0.801446795
    0.0335919559 0.24007535 0.58227247 0.247356147 0.887939334
    0.543069601 0.312711596 0.512313426 0.364355534 0.852860689
    0.991460741 0.960295618 0.280821949 0.917570651 0.803758323
    0.128831297 0.507729828 0.00342345238 0.673787177 0.426679313
    0.86157161 0.553557932 0.00750413537 0.281707287 0.489833653
    0.92134285 0.849491239 0.66911304 0.612773001 0.440310687
    0.435815185 0.284350663 0.209028125 0.652384996 0.1155321
    0.177100658 0.0804978907 0.519515216 0.620876968 0.280780345
    0.97147584 0.174022049 0.262093782 0.488597989 0.834052563
    0.497352123 0.128735632 0.107459694 0.729367793 0.214196682
    0.326256424 0.485427827 0.624456525 0.498414576 0.060049504
    0.252979457 0.602148235 0.217542261 0.995091558 0.597077906
    0.538526535 0.640702903 0.503402829 0.284164786 0.0283015072
    0.659446895 0.111429095 0.648811102 0.777863622 0.753040612
    0.918296695 0.73612082 0.812153697 0.0255190134 0.444130093
    0.235820055 0.0574823916 0.595885754 0.340276778 0.810548127
    0.724991918 0.82732439 0.413121015 0.85389632 0.115138829
    0.432680547 0.0577905476 0.600964069 0.313307703 0.805155694
    0.786702335 0.848735452 0.99442029 0.463370025 0.807744324
    0.355335265 0.660093963 0.821080506 0.611085594 0.525687099
    0.219271213 0.257429332 0.986524105 0.449689299 0.756088912
    0.218228042 0.871124685 0.0200488865 0.896002412 0.79296875
    0.722181678 0.337656379 0.841289043 0.75373888 0.307918727
    0.734697819 0.290302426 0.329007924 0.651758671 0.94598788
    0.165733695 0.769734442 0.0776295364 0.144838125 0.93689239
    0.386338413 0.188289672 0.446527243 0.235076517 0.371554315
    0.560335875 0.140361458 0.846290112 0.673404336 0.328226686
    0.545172155 0.463096142 0.777359486 0.941144288 0.231741637
    0.354671746 0.490505815 0.171399951 0.160688668 0.424093068
    0.78653276 0.257066756 0.840790749 0.0351902843 0.898915172
    0.555826366 0.787195444 0.284436107 0.461203814 0.0775288045
    0.241843879 0.918821335 0.0200389326 0.74430716 0.0574681759
    0.884443879 0.695504189 0.852956414 0.0550018847 0.775213242
    0.719878435 0.733397365 0.0246829689 0.698758721 0.320299119
    0.521197259 0.810651779 0.574314654 0.607379496 0.372364998
    0.323296309 0.16915381 0.707239747 0.613919258 0.134097368
    0.707592666 0.619981945 0.334806353 0.0834287703 0.81299293
    0.734420657 0.415653288 0.439150989 0.203833133 0.90078187
    0.295862675 0.048789382 0.225298762 0.485786676 0.354721755
    0.385908067 0.338516533 0.214601576 0.351067662 0.455550849
    0.162681282 0.470107824 0.0316516161 0.48022145 0.505898952
    0.904689193 0.271772385 0.896532178 0.56831181 0.54192394 0.78837657
    0.354050934 0.0415292382 0.273628861 0.392421156 0.789332986
    0.859078288 0.493303865 0.833719075 0.244313836 0.183919877
    0.707820475 0.435764134 0.411543876 0.087715596 0.306801558
    0.713487446 0.815072596 0.165544569 0.962611079 0.883870304
    0.295942187 0.976024806 0.757125437 0.184642106 0.00918292999
    0.508526981 0.416113615 0.078907609 0.039794445 0.162117332
    0.0470550656 0.716935515 0.963390827 0.464931965 0.599571407
    0.175155163 0.785016954 0.627346933 0.867608309 0.813724875
    0.567694366 0.915456057 0.680763364 0.665225565 0.316143751
    0.616279423 0.503804266 0.877924562 0.782713473 0.607571006
    0.462319881 0.671402872 0.932888925 0.225506723 0.479102522
    0.0168522596 0.489795774 0.61504817 0.744329751 0.38656047
    0.362343609 0.826618671 0.32847476 0.924123704 0.762612939
    0.065215826 0.616399884 0.822193503 0.644677281 0.282256842
    0.209867507 0.153614312 0.145795137 0.4347817 0.685397208
    0.599910021 0.670699 0.190115392 0.41148743 0.125340462 0.742140055
    0.281975746 0.747433245 0.599211454 0.500496328 0.889956355
    0.408156067 0.309836388 0.0793491006 0.553711474 0.0167932808
    0.919089198 0.840681553 0.39597407 0.940765977 0.829996347
    0.589559078 0.917531192 0.0385801494 0.127696574 0.472040415
    0.306859493 0.273676217 0.0400870144 0.900993168 0.808503211
    0.650196493 0.50510627 0.625981688 0.110236645 0.123590261
    0.717887759 0.502002597 0.528291821 0.484802634 0.328490138
    0.65510118 0.101820707 0.92801702 0.243948072 0.877102256
    0.699087024 0.712796092 0.833803236 0.499998391 0.167975634
    0.959756255 0.209099025 0.531952441 0.49370116 0.319742143
    0.273579478 0.581392288 0.320601642 0.760325909 0.789241314
    0.670613408 0.811646163 0.969769776 0.582045794 0.161853135
    0.851893485 0.212800503 0.182282954 0.0641335547 0.498245895
    0.946054399 0.647507668 0.718883872 0.739983022 0.917363167
    0.0622466803 0.784658909 0.851997972 0.657607794 0.875250459
    0.0845043063 0.909100831 0.0398778915 0.795819402 0.118304193
    0.261736333 0.607483089 0.468584806 0.691838801 0.253505945
    0.915127158 0.18340233 0.0692842901 0.464846969 0.344363391
    0.431413054 0.749156356 0.0912044644 0.546931982 0.434763372
    0.816063881 0.508621931 0.904480517 0.801766992 0.456528246
    0.0379468799 0.881227732 0.77253902 0.901298881 0.18448934
    0.082552433 0.314442873 0.332032084 0.349106431 0.0108894408
    0.418498844 0.523085296 0.983559489 0.753449082 0.0407702625
    0.541500926 0.719534099 0.336471021 0.95968622 0.888227224
    0.747198403 0.410889953 0.855737209 0.421970248 0.281540692
    0.138696074 0.0362698138 0.622574747 0.258914441 0.2487095
    0.599215448 0.454326332 0.452804357 0.147457927 0.0388534963
    0.807137549 0.0539092422 0.882811546 0.415717065 0.57959193
    0.0349566042 0.483725965 0.812493384 0.186968774 0.414244592
    0.377236366 0.943114102 0.905972362 0.313148797 0.955137014
    0.612957835 0.173272699 0.178215504 0.339109272 0.504484773
    0.0305218995 0.863938451 0.463073522 0.211904168 0.926744401
    0.285494745 0.760569334 0.424782127 0.411114544 0.305949718
    0.0193289816 0.6244151 0.839847863 0.799664021 0.30792743 0.68729496
    0.0313126743 0.776039839 0.451626748 0.0442556739 0.951886356
    0.626648188 0.444583207 0.868767977 0.66864562 0.0364559293
    0.920924902 0.6593979 0.535251915 0.440383404 0.225385129 0.15992561
    0.45463419 0.180348456 0.700754762 0.509287655 0.538131893
    0.678565502 0.784701705 0.837010205 0.281363368 0.100761205
    0.776992798 0.597243011 0.704257011 0.441893518 0.00951945782
    0.341950774 0.862684131 0.294640779 0.656464994 0.580128431
    0.265545845 0.96165061 0.32002002 0.939911366 0.626620293
    0.0417105258 0.113641173 0.95664537 0.789947629 0.647393882
    0.584792674 0.328425497 0.679387093 0.689330637 0.662904024
    0.964280367 0.609821796 0.66416657 0.052587986 0.204680681
    0.617286563 0.0839779973 0.852855623 0.735052943 0.959612787
    0.347887516 0.432353586 0.531641603 0.933485389 0.784029305
    0.970379114 0.367260277 0.0445218086 0.789642215 0.151501715
    0.905094624 0.651894569 0.1644153 0.891329527 0.525926292
    0.133096904 0.269411623 0.198513269 0.857796967 0.00633987784
    0.593453705 0.599694967 0.0740792453 0.880005717 0.259146929
    0.158380628 0.444183797 0.668044448 0.162580788 0.0621117949
    0.692412257 0.158237725 0.139238268 0.76874733 0.497042447
    0.179564416 0.415046632 0.777751803 0.656713009 0.299919605
    0.615499616 0.953171372 0.842484713 0.886283517 0.321105242
    0.618104875 0.26329726 0.0378915668 0.523431242 0.316686213
    0.626076818 0.531011045 0.740023613 0.171129167 0.654420257
    0.341710061 0.900796711 0.298519552 0.0112234056 0.216212451
    0.594189703 0.442649454 0.334465444 0.673629045 0.577172577
    0.695318103 0.137941569 0.0701549649 0.977863252 0.877731562
    0.0150149763 0.122163981 0.293305874 0.00351020694 0.521106303
    0.993391931 0.612860978 0.250650197 0.411044598 0.75369215
    0.129799843 0.705433607 0.768532217 0.832109571 0.0379585326
    0.562025726 0.423001289 0.642133534 0.164179355 0.83045733
    0.602654099 0.898720264 0.0388475358 0.743534505 0.431092918
    0.27958113 0.918293357 0.254364312 0.0176442266 0.65329057
    0.247104496 0.961648107 0.933011293 0.810343146 0.844192445
    0.481986195 0.925426602 0.0931122601 0.11484763 0.62853229
    0.306077272 0.770343959 0.76652956 0.494664937 0.379416227
    0.943393469 0.341046393 0.827843487 0.400166452 0.232293606
    0.289337218 0.0105394721 0.0331733227 0.480204642 0.59192574
    0.797418416 0.153397441 0.228843093 0.0478037 0.366237134
    0.826272249 0.918408513 0.855802476 0.497803062 0.617845774
    0.311174929 0.233274311 0.0206052363 0.574303925 0.332261682
    0.829001904 0.988509297 0.736959577 0.993623614 0.902626753
    0.264427364 0.449713886 0.40755868 0.0495049655 0.834570229
    0.643154025 0.289763927 0.527718127 0.989007831 0.835359931
    0.619496584 0.241747797 0.638949871 0.725590467 0.869066179
    0.924775481 0.996549189 0.942859352 0.0612084866 0.0853123367
    0.47494179 0.510741055 0.0700660646 0.368341386 0.290246755
    0.347313881 0.438051492 0.418674082 0.259973586 0.775245786
    0.171520144 0.974482536 0.462291926 0.324433237 0.92473948
    0.00652590394 0.0996898413 0.60123533 0.113958627 0.970062971
    0.754519224 0.774182141 0.477586061 0.952412486 0.961391687
    0.0852819979 0.710613489 0.165386349 0.137687176 0.474779665
    0.407129139 0.133249938 0.0616593361 0.519298434 0.426072627
    0.0426574647 0.376333892 0.80729866 0.326953948 0.383136958
    0.0894687772 0.631886244 0.920728922 0.989869177 0.112237334
    0.492568433 0.549091339 0.300952911 0.0830145478 0.169915676
    0.362915397 0.799458742 0.301239073 0.864595234 0.483733714
    0.959071338 0.617068291 0.273176849 0.755081415 0.322068989
    0.954340398 0.195531368 0.463871628 0.0245180726 0.924784243
    0.183833569 0.833689809 0.401127368 0.849343121 0.135516196
    0.531493366 0.367561579 0.382494003 0.971146524 0.79830426
    0.578891039 0.580237687 0.532745302 0.675889492 0.821057022
    0.556574285 0.0524867475 0.937655687 0.730968416 0.174734056
    0.5840168 0.0108854771 0.211515874 0.133922756 0.139655769
    0.490501791 0.342411906 0.623429477 0.120152116 0.470201671
    0.570548773 0.711265564 0.765394926 0.457205772 0.0727491379
    0.0103811324 0.181682676 0.209950447 0.962457538 0.675918639
    0.103269666 0.0997933745 0.301018775 0.371941328 0.446461201
    0.791647732 0.19409743 0.184235275 0.405225635 0.735652268
    0.344887018 0.0254443586 0.379265308 0.00618192554 0.916355252
    0.924726725 0.808378696 0.218464434 0.620966733 0.488248974
    0.664289176 0.80186677 0.381881058 0.0544461608 0.591804564
    0.397333205 0.649765432 0.76038307 0.259439588 0.965128958
    0.612740993 0.0939350128 0.688014925 0.554006279 0.839233994
    0.619561613 0.86771512 0.179828286 0.677413702 0.231686413
    0.93518889 0.826436222 0.569491506 0.127331734 0.427827001
    0.601894319 0.256160527 0.408948839 0.357426792 0.944285154
    0.644101918 3.90410423e-05 0.548445821 0.622945189 0.923940778
    0.30327788 0.951785266 0.666590869 0.0991856456 0.661390185
    0.784312904 0.447559208 0.387853622 0.562140882 0.440594405
    0.319465995 0.736497641 0.225324124 0.449352413 0.342691898
    0.556440771 0.680270672 0.615767598 0.644780636 0.490326852
    0.382873952 0.326251924 0.954154253 0.84243691 0.548980474
    0.665687621 0.561483741 0.468915254 0.186132431 0.689521432
    0.494870156 0.747405171 0.853280425 0.511889815 0.676203012
    0.353701293 0.69066155 0.48309949 0.390021205 0.850061774
    0.467540622 0.985590935 0.880881548 0.874387383 0.102905661
    0.229289174 0.803198218 0.750479996 0.89207989 0.924624205
    0.416432917 0.206371546 0.814478159 0.338405132 0.678153992
    0.758936405 0.726732433 0.970097065 0.461966246 0.860219538
    0.130039066 0.206537575 0.210775375 0.537131369 0.365343988
    0.123396158 0.581135333 0.296383083 0.548835099 0.62467283
    0.0860376358 0.122169137 0.386998862 0.832316458 0.591344833
    0.797166824 0.498800099 0.797016382 0.363942713 0.792987347
    0.0323532224 0.714773476 0.691320717 0.461287379 0.522738159
    0.882213116 0.885537624 0.711956263 0.591741562 0.771392524
    0.184656531 0.396993876 0.00326809287 0.457273275 0.35198164
    0.224498242 0.928958774 0.854486704 0.445373327 0.795380235
    0.735505939 0.399460673 0.00741431117 0.172621399 0.162290394
    0.462275922 0.78102237 0.914147019 0.928134322 0.534234822
    0.297961831 0.480979413 0.434700251 0.173052371 0.853394151
    0.205512136 0.481784374 0.0381386876 0.304823846 0.374229074
    0.719798744 0.779237628 0.552996457 0.212330073 0.00468829274
    0.778030157 0.546361923 0.157639831 0.272862971 0.17621237
    0.872757852 0.446894646 0.438656449 0.794490755 0.963012576
    0.424727052 0.426094413 0.419614494 0.834396601 0.363392144
    0.0352737904 0.602408469 0.232076198 0.894102335 0.204846978
    0.100426912 0.131471992 0.018278271 0.280533373 0.983042002
    0.966679096 0.235702425 0.278532147 0.037504077 0.100582093
    0.699574471 0.329449773 0.150574744 0.402908623 0.129198819
    0.275199443 0.383101761 0.917393923 0.270359278 0.932576716
    0.700098276 0.785196185 0.014966011 0.170041382 0.100789219
    0.285638392 0.963479042 0.535667598 0.623138547 0.775994897
    0.974002898 0.936028004 0.330322593 0.275373816 0.0682624578
    0.88970983 0.960779548 0.184712529 0.42016232 0.609445751
    0.848051786 0.855470836 0.301303267 0.530229807 0.279440969
    0.0136125088 0.549887061 0.99873805 0.953872681 0.286544532
    0.974276185 0.9152053 0.793280721 0.224010348 0.131533831
    0.0565509796 0.114724904 0.167461365 0.704743803 0.426865071
    0.100229383 0.542982221 0.257815242 0.600482404 0.886759996
    0.896108508 0.791560948 0.451075971 0.278264344 0.333951294
    0.613886118 0.862825274 0.518832743 0.757560372 0.579305708
    0.127141595 0.304289013 0.639941931 0.193168402 0.349977791
    0.461149484 0.0265355706 0.945219815 0.103546828 0.180277377
    0.728651524 0.512435079 0.283520818 0.853108048 0.989826679
    0.0507492423 0.00346371531 0.669496655 0.106050462 0.977456212
    0.47513932 0.150037974 0.0694385767 0.903038144 0.70644176
    0.847205758 0.262275249 0.217645466 0.120296866 0.718477011
    0.256264031 0.305660188 0.76531899 0.518965423 0.195722908
    0.657670736 0.495710492 0.392769903 0.923711002 0.226478517
    0.816582799 0.716556728 0.480211765 0.995489597 0.235958099
    0.407972544 0.329567194 0.0432629585 0.609418094 0.0803898871
    0.670215011 0.65081346 0.787591636 0.602436602 0.650794685
    0.33128947 0.795281947 0.74958241 0.597565472 0.436530113
    0.852088809 0.184129387 0.234970063 0.0157642066 0.467329174
    0.433879435 0.333932161 0.101230025 0.910589099 0.719815969
    0.402280718 0.105656803 0.623980701 0.832809925 0.014542371
    0.4850474 0.105952322 0.0874008834 0.324467748 0.712496996
    0.838729978 0.0236554146 0.97282505 0.191215366 0.342291832
    0.170944065 0.69690752 0.225292921 0.638347447 0.981204987
    0.24973157 0.257204294 0.85040158 0.662112713 0.615450561
    0.281911135 0.859406948 0.413491458 0.960515857 0.348160028
    0.481798947 0.655315399 0.84324652 0.871790767 0.00731673837
    0.0900067091 0.0852989256 0.670619369 0.46956557 0.363323033
    0.370885253 0.773863256 0.05493927 0.528932691 0.663935184
    0.437223434 0.390525788 0.751998603 0.577555895 0.27427274
    0.332419544 0.259911627 0.186445385 0.264844537 0.95502609
    0.921349168 0.968678415 0.737332642 0.673310876 0.527746856
    0.676918626 0.599494398 0.933354855 0.805595398 0.664308906
    0.186642349 0.472594231 0.805870056 0.969873786 0.733951926
    0.620319366 0.115985572 0.411116809 0.446443737 0.19186905
    0.527494311 0.502158701 0.217418045 0.281053364 0.886864066
    0.636753261 0.20993188 0.245185375 0.0891207457 0.430554688
    0.92288655 0.694722831 0.278327972 0.220964134 0.617612422
    0.243314356 0.494339287 0.898612559 0.119298249 0.521362543
    0.163743317 0.843738317 0.929438829 0.845733047 0.169154972
    0.678758919 0.297354341 0.576402068 0.908440948 0.94718504
    0.561723948 0.0730908215 0.658616662 0.688579619 0.186253726
    0.960336626 0.30645746 0.924901724 0.362820834 0.890003085
    0.60892278 0.998720288 0.220833689 0.402437955 0.229648441
    0.320613861 0.515369594 0.224474519 0.782884717 0.825498283
    0.412879854 0.193846345 0.26754576 0.595623612 0.0329152048
    0.549998999 0.744366229 0.250061125 0.217092335 0.758993566
    0.670894384 0.749194682 0.594660282 0.493864477 0.363248557
    0.557801187 0.700170517 0.121305585 0.983276606 0.655293822
    0.362093866 0.866003811 0.882740438 0.420825154 0.232939214
    0.606622696 0.0463188291 0.216630489 0.296500921 0.771620035
    0.790525913 0.669452071 0.540968001 0.16340363 0.974027514
    0.327622265 0.392208576 0.546599984 0.382622629 0.325533986
    0.793019891 0.277599692 0.80292356 0.649275362 0.92103231 0.19421047
    0.498843729 0.794268668 0.718486309 0.202422261 0.631982803
    0.969278097 0.249571472 0.239265084 0.84980154 0.0936994553
    0.71684885 0.351724058 0.602097988 0.311768502 0.900542736
    0.619735837 0.951699853 0.2746768 0.874852538 0.460153073
    0.897333741 0.541237175 0.292527348 0.679684997 0.210416287
    0.995000482 0.973895192 0.662322879 0.788979411 0.0872206688
    0.472323388 0.441078901 0.0407498479 0.43455711 0.488224924
    0.515690804 0.606370032 0.361666322 0.142483413 0.302255213
    0.45554027 0.254310429 0.215868592 0.546943903 0.559166729
    0.875478327 0.91193372 0.0362964272 0.473772079 0.975489676
    0.658970952 0.174820572 0.669877827 0.405152321 0.50173372
    0.00714722276 0.269419253 0.43803829 0.407789975 0.656606734
    0.31343177 0.915739655 0.996210575 0.774141312 0.527183414
    0.648139536 0.141993165 0.240518212 0.271826208 0.782532156
    0.140634179 0.887431979 0.799831629 0.769313693 0.246752352
    0.254300475 0.330263257 0.731206417 0.545578063 0.222049713
    0.536968768 0.911264837 0.509734511 0.64302212 0.239625931
    0.564245403 0.823181331 0.390797436 0.950631022 0.186121762
    0.291605949 0.763568997 0.797254324 0.0617220998 0.709527552
    0.664267838 0.0111408234 0.726851642 0.513441265 0.25195542
    0.641397595 0.361547172 0.608466983 0.326307714 0.474918723
    0.283374369 0.419707477 0.564733744 0.201338172 0.558569252
    0.241322786 0.00103795528 0.76815623 0.318819672 0.148353726
    0.0731143355 0.877358079 0.217648178 0.73851335 0.208711892
    0.122486323 0.497843504 0.48408258 0.621977627 0.337361306
    0.217328906 0.284932792 0.41409269 0.116531134 0.418259352
    0.657925487 0.339862466 0.376916468 0.762483716 0.032512188
    0.0456348658 0.452816695 0.0363214314 0.746759892 0.959053099
    0.106345356 0.798621714 0.361861467 0.774924994 0.0594136119
    0.34054336 0.583069682 0.575343788 0.838198662 0.0105288625
    0.763607025 0.00812584162 0.219175577 0.655069828 0.121669143
    0.963102639 0.325339854 0.815698147 0.0957683325 0.688760221
    0.79198128 0.267376304 0.720586896 0.33146131 0.253836155
    0.784371495 0.688287616 0.718101501 0.440857917 0.435086995
    0.841435671 0.9564358 0.099006027 0.632142663 0.912558794
    0.430270642 0.700692356 0.0550000668 0.621366858 0.742131472
    0.10920155 0.479794264 0.150393248 0.650808215 0.250676513
    0.158443719 0.766753256 0.194351226 0.523274004 0.682186842
    0.438646972 0.410537869 0.742014885 0.923221827 0.228259921
    0.530822456 0.449619532 0.857971311 0.462749541 0.318373561
    0.228199422 0.775996208 0.275920451 0.315867275 0.933771908
    0.838805258 0.781605005 0.221470654 0.130852252 0.1152592
    0.255621791 0.473035544 0.835766435 0.542756259 0.209135264
    0.00384265184 0.607597351 0.0259636641 0.318250299 0.51464045
    0.874951601 0.969373584 0.354307413 0.509800553 0.145737708
    0.271358848 0.188463718 0.887956738 0.969643116 0.130763203
    0.464713573 0.627459824 0.759733796 0.890541434 0.760221601
    0.756678939 0.102667719 0.131029993 0.359398723 0.797537446
    0.184385508 0.38086915 0.805587769 0.350280374 0.751092196
    0.0583948493 0.252682745 0.479267478 0.41108036 0.359340489
    0.645583391 0.89249748 0.270751923 0.25041467 0.121845782
    0.532386839 0.923800826 0.985072672 0.334907234 0.203369558
    0.688677013 0.38920176 0.215930015 0.321863949 0.73233372
    0.638900816 0.0247496367 0.250450492 0.148787528 0.651132345
    0.210117936 0.763018966 0.485827744 0.352177501 0.942004561
    0.442682028 0.141278952 0.751381993 0.559654057 0.79475677
    0.199872166 0.723500669 0.132612199 0.997983575 0.00351443887
    0.421003491 0.608073711 0.742287517 0.630943775 0.728884935
    0.725922465 0.874344766 0.366658956 0.473886997 0.951435685
    0.988293529 0.733680725 0.034917444 0.231902212 0.645465851
    0.646010399 0.348385632 0.574261904 0.118229747 0.00160068274
    0.864652872 0.629175007 0.3189165 0.0674876571 0.648757339
    0.729351878 0.420603782 0.721613705 0.700259089 0.00848975778
    0.122514278 0.1894871 0.996418297 0.641413689 0.0303261876
    0.805453241 0.254121304 0.571516871 0.493261933 0.757780612
    0.81424582 0.829421282 0.784132838 0.202222735 0.53385359
    0.457759529 0.978559613 0.931569695 0.0989455581 0.29299587
    0.669419289 0.509708345 0.585449874 0.195750177 0.0942656994
    0.29949981 0.278488696 0.807328701 0.206003636 0.276509821
    0.323971272 0.470981389 0.328035921 0.858902216 0.406255245
    0.214578122 0.560909629 0.644854963 0.232809186 0.582786202
    0.980780721 0.562674761 0.510420024 0.644975007 0.860918283
    0.24973017 0.624003589 0.0514916778 0.998541892 0.237229407
    0.729337454 0.492809057 0.3660267 0.694792271 0.651023209
    0.736952901 0.150587857 0.241549045 0.968104839 0.952238083
    0.761892796 0.257400364 0.81263864 0.775811434 0.998727977
    0.508745074 0.753268659 0.841846585 0.197727948 0.368213952
    0.885214567 0.498101622 0.47635144 0.00873857737 0.987895966
    0.481446266 0.559151471 0.151212007 0.196978003 0.421654344
    0.367360502 0.829881787 0.648909152 0.541130841 0.448168576
    0.297809362 0.389413059 0.295011759 0.56204474 0.143446892
    0.0288401544 0.430561841 0.45789966 0.544097245 0.85358417
    0.175554365 0.728324175 0.448733538 0.0409478545 0.469534427
    0.407404184 0.943542242 0.935272574 0.036983341 0.476082116
    0.881679296 0.537154615 0.976879835 0.791421056 0.335973173
    0.87930131 0.681681156 0.649117947 0.486405194 0.343469322
    0.286977589 0.387189925 0.355406702 0.765232563 0.815220952
    0.353737354 0.689711094 0.414602876 0.27943927 0.539914131
    0.366987288 0.806991339 0.120258868 0.169932604 0.111850709
    0.03314358 0.658172727 0.27807802 0.46175462 0.0381094515
    0.592234552 0.66495049 0.264171064 0.274282694 0.256755173
    0.474284917 0.15844211 0.934194803 0.623075545 0.598089635
    0.144935161 0.359444022 0.20411101 0.0676603317 0.394105732
    0.284031272 0.408321202 0.377372801 0.643904209 0.0228225887
    0.00304606557 0.977913558 0.88075912 0.615445733 0.742765427
    0.660830498 0.428053796 0.258136988 0.485268652 0.843477488
    0.385445625 0.557361782 0.743949652 0.564395666 0.131343931
    0.488259166 0.46937716 0.536802113 0.906179249 0.872121692
    0.833017051 0.168954581 0.946654499 0.851594031 0.705661416
    0.880557299 0.300811768 0.408993661 0.630611062 0.12201339
    0.165566862 0.499117166 0.562758565 0.989553452 0.658514738
    0.411720276 0.274318248 0.0652479231 0.477498591 0.722962201
    0.751882195 0.601307094 0.046480298 0.153022528 0.762580395
    0.519498348 0.818425775 0.340601027 0.906516552 0.883040488
    0.476880342 0.868749022 0.903023362 0.012278378 0.982345223
    0.840431809 0.0564110279 0.789088488 0.0656448603 0.842722356
    0.863240361 0.11961782 0.930907011 0.787009597 0.92070514
    0.496659607 0.112972468 0.973279476 0.686982453 0.395501375
    0.0676853359 0.904893279 0.916107059 0.861995339 0.920093834
    0.0130460858 0.36351034 0.996513844 0.384477913 0.261761546
    0.119975835 0.343273938 0.160766661 0.823454976 0.301698387
    0.447209418 0.152938038 0.352831542 0.950547278 0.898263276
    0.233195752 0.914794445 0.97155267 0.70670414 0.506645143
    0.373406023 0.438373923 0.651060998 0.743728995 0.779410362
    0.0748283863 0.925882101 0.805922985 0.83374548 0.898680449
    0.382973462 0.00854992867 0.228295684 0.329295933 0.627153397
    0.147531271 0.82526803 0.602946043 0.812222838 0.938444614
    0.97767365 0.0560433269 0.204207778 0.576409757 0.969799638
    0.10119313 0.139931202 0.095553875 0.120506376 0.842025995
    0.117338002 0.750505507 0.264483988 0.649384022 0.269279689
    0.535392642 0.809485912 0.77473104 0.539985716 0.0398156345
    0.239789724 0.519551694 0.676984727 0.88262701 0.0419403613
    0.550603867 0.994740605 0.838980317 0.0867958069 0.412250161
    0.291455328 0.0415021181 0.947681189 0.356810719 0.857043743
    0.2667346 0.462289691 0.836120725 0.535177886 0.996873856
    0.905249238 0.939309835 0.452317894 0.365864336 0.996567011
    0.832441807 0.197189689 0.604709387 0.862623096 0.0908018649
    0.452148855 0.27546978 0.526231408 0.389102429 0.154185981
    0.949422359 0.504357278 0.842580736 0.462456703 0.851200938
    0.519630015 0.167896509 0.010655731 0.171056777 0.53507185
    0.834435821 0.155155063 0.519518375 0.0895494521 0.0199261606
    0.439933509 0.0476461053 0.630859494 0.727874041 0.796517372
    0.0895413458 0.916421533 0.953950524 0.97248292 0.632192314
    0.199557066 0.207861364 0.825413346 0.86878264 0.130461633
    0.882126212 0.169331521 0.33327505 0.33505559 0.528963745
    0.357708335 0.318559766 0.949752688 0.619266331 0.28265819
    0.00730317831 0.370949507 0.921483457 0.379412711 0.959905446
    0.378671736 0.261424035 0.292819083 0.64596647 0.341196835
    0.223816365 0.0431389809 0.156097203 0.945376635 0.864222527
    0.68109417 0.490662813 0.560290575 0.772593021 0.314524084
    0.243147165 0.0338962078 0.628515124 0.677756011 0.659435153
    0.811623931 0.302788913 0.0394888818 0.910560846 0.988355637
    0.943352163 0.0977058411 0.429295868 0.0640913546 0.919990659
    0.697677493 0.511941433 0.676664293 0.778560519 0.476490259
    0.923723459 0.299363852 0.449985594 0.0571592748 0.991286099
    0.855549932 0.343097389 0.589954734 0.922004163 0.882085443
    0.75613606 0.945296705 0.918631375 0.00912117958 0.186068773
    0.801547289 0.758195162 0.932522178 0.1267533 0.501790166
    0.552860379 0.330039501 0.328649729 0.194776446 0.361519933
    0.657175601 0.19771263 0.219544798 0.810910702 0.0648095012
    0.921877503 0.667867541 0.0963269174 0.0964779556 0.398524195
    0.931668103 0.939265847 0.508551955 0.0947946608 0.246982068
    0.294374228 0.135396391 0.124316096 0.527801991 0.631381035
    0.829127431 0.853089094 0.904333949 0.792669773 0.408636421
    0.997696757 0.00672662258 0.677333415 0.842097402 0.925994337
    0.792779624 0.736646354 0.791805744 0.152144551 0.113437593
    0.521722794 0.625249207 0.400436997 0.550046682 0.457276523
    0.769681394 0.112387091 0.932284117 0.418860257 0.555306911
    0.836738408 0.0112201869 0.247001022 0.951042056 0.437006891
    0.844879746 0.52402997 0.956675231 0.269615203 0.146822989
    0.673268855 0.543696642 0.912792981 0.915209174 0.188704401
    0.0995682478 0.484072715 0.13667801 0.0370394588 0.880308986
    0.911490679 0.106071264 0.505791843 0.625360131 0.63407588
    0.669076383 0.097879678 0.666603267 0.558988631 0.963507116
    0.179081053 0.701597154 0.966939747 0.977552891 0.28660363
    0.253297508 0.222970039 0.366400898 0.229545176 0.582609355
    0.701081455 0.384912252 0.757188857 0.215195864 0.928339124
    0.719297588 0.0939578116 0.168469191 0.132147044 0.273070931
    0.925423026 0.793298841 0.323463768 0.0417962968 0.852001905
    0.367345989 0.741404891 0.858492255 0.963181376 0.549301445
    0.684615612 0.809146225 0.815393806 0.571186423 0.650051534
    0.402526319 0.932878137 0.720307589 0.488626689 0.46923095
    0.585467756 0.167446762 0.801510334 0.946502447 0.0992741287
    0.897409499 0.684551239 0.795250416 0.226911396 0.589968383
    0.48326239 0.693921924 0.0875822604 0.355876207 0.343541026
    0.4834176 0.188006192 0.203992665 0.704377234 0.448818028
    0.602753699 0.42527914 0.216251969 0.429676592 0.996695638
    0.676741362 0.372909129 0.900096297 0.0559271872 0.579186916
    0.241267711 0.505919814 0.971984148 0.419733524 0.589945972
    0.0855855346 0.187190175 0.104885638 0.779216826 0.483341515
    0.360384613 0.406860471 0.942266285 0.36371848 0.685550451
    0.638174295 0.316794664 0.0123187304 0.467058182 0.11985442
    0.53443104 0.632378817 0.194259882 0.545349658 0.363657773
    0.206511706 0.522522271 0.443900466 0.273214579 0.469175935
    0.563982189 0.560348094 0.904951215 0.430606872 0.433597177
    0.641870022 0.84333837 0.360111117 0.590285599 0.154078811
    0.46425581 0.679200053 0.408697724 0.183306128 0.610664785
    0.787885904 0.438788801 0.689720809 0.102289706 0.634272993
    0.0540381372 0.827810407 0.155335337 0.606293321 0.375582606
    0.900259137 0.0597096682 0.922940493 0.53539449 0.271855623
    0.865181923 0.752053201 0.0566345453 0.888230741 0.963375688
    0.89279592 0.336318374 0.919866621 0.176911652 0.948725224
    0.964673042 0.778733015 0.718893528 0.617181122 0.300895751
    0.148786068 0.966839075 0.539522588 0.694905579 0.577539206
    0.950083733 0.583860576 0.514254808 0.763658226 0.767975688
    0.760075212 0.314726591 0.105487525 0.0973760784 0.862124324
    0.276413858 0.343838781 0.831777513 0.887084484 0.68815881
    0.317409575 0.780918777 0.165026993 0.850432158 0.474946737
    0.864468694 0.381849855 0.100276262 0.2393004 0.320121408
    0.0540933609 0.290563375 0.805354953 0.718692541 0.960645437
    0.302712202 0.184631079 0.761611879 0.188775212 0.832109213
    0.717583299 0.904083967 0.597044349 0.801741779 0.482066989
    0.0578833222 0.531845093 0.77658546 0.272603065 0.0962952673
    0.144097775 0.362191975 0.411919385 0.625498116 0.201449037
    0.285197377 0.180688649 0.43896541 0.755093813 0.138087392
    0.742256224 0.179911464 0.240566105 0.137387574 0.384611607
    0.928390145 0.953897357 0.759737074 0.313898355 0.631483436
    0.673254669 0.963234961 0.300984383 0.82502687 0.820927858
    0.748225212 0.353191674 0.950689375 0.734609962 0.7319085
    0.840637743 0.652109861 0.14554888 0.603817344 0.581249475
    0.58931607 0.0986859798 0.33731544 0.146244109 0.362213254
    0.234268397 0.837703228 0.104782194 0.964824677 0.292007774
    0.354561567 0.911064744 0.210488945 0.354658544 0.0506914556
    0.486597359 0.526100457 0.150816113 0.420660794 0.328526258
    0.46115011 0.937360883 0.111035794 0.0383777618 0.511445284
    0.15929535 0.831000209 0.483125359 0.776689291 0.224105984
    0.215916276 0.784659505 0.443441749 0.142626345 0.896668553
    0.295682192 0.935573101 0.0732405782 0.887027621 0.769741058
    0.656911731 0.262686223 0.239072978 0.0739754736 0.481676698
    0.0368408859 0.925906897 0.591722906 0.414605021 0.731464565
    0.123601824 0.416900039 0.817542195 0.0715236962 0.391725123
    0.368720353 0.936441183 0.657806098 0.619063437 0.363559484
    0.128150195 0.334851742 0.0971072316 0.475658089 0.235990822
    0.780447245 0.406988978 0.672443509 0.905186236 0.178800017
    0.0678313971 0.361211121 0.0554707944 0.90446806 0.705752492
    0.844252467 0.383649588 0.0859950781 0.190015137 0.190572292
    0.930945396 0.70575422 0.598901331 0.592728376 0.734364569
    0.785833597 0.212254882 0.995937347 0.499428988 0.0464743376
    0.0824212134 0.350819468 0.300294191 0.180299729 0.55999136
    0.557935357 0.0969846249 0.822144747 0.689641714 0.722553194
    0.86204046 0.0462260842 0.674843013 0.693302512 0.129598826
    0.599124312 0.901575565 0.0587900877 0.388270855 0.450190723
    0.971701384 0.634880722 0.292988539 0.309087038 0.169550747
    0.0130770802 0.631872654 0.729835987 0.509659886 0.0390394032
    0.285510868 0.212004006 0.373749495 0.2481502 0.5805825 0.393434227
    0.0801716745 0.313436985 0.930011213 0.630410194 0.0747146308
    0.226648271 0.929309905 0.499430746 0.37772724 0.749789 0.391468227
    0.273000836 0.388462961 0.0534497201 0.412911475 0.0405388176
    0.57882756 0.41533649 0.693837166 0.226940274 0.759728074
    0.192994207 0.0216518044 0.682415068 0.211991847 0.396631718
    0.0981443524 0.589433312 0.818589568 0.248820782 0.995119154
    0.809591889 0.0638144612 0.3427279 0.250785053 0.65882355
    0.813205659 0.597499609 0.379263759 0.607709348 0.943243146
    0.981570303 0.327543557 0.648476839 0.966544867 0.48190701
    0.737482727 0.944465876 0.991832793 0.478194416 0.403457016
    0.598957479 0.211688608 0.686669528 0.0929590762 0.146884948
    0.645730197 0.511231542 0.379933625 0.990871429 0.790776253
    0.941381693 0.24201709 0.082562983 0.286488056 0.463081211
    0.866194248 0.499156475 0.174250633 0.369122803 0.491714895
    0.429528534 0.608760595 0.579486251 0.368627548 0.750333667
    0.875025928 0.594589472 0.129410297 0.358507574 0.0977157056
    0.778882682 0.341714978 0.660211504 0.478542238 0.860194802
    0.938481569 0.539271951 0.0638971627 0.693717957 0.0712231696
    0.300985336 0.466797441 0.432216018 0.0232746899 0.578608811
    0.0820456743 0.46969223 0.891892672 0.711157739 0.37293905
    0.928335547 0.282500625 0.549969614 0.704497814 0.325103045
    0.467000484 0.255031317 0.220359206 0.440907925 0.17884472
    0.743960857 0.138079792 0.313241184 0.027810961 0.262832582
    0.35047245 0.706481814 0.245665133 0.0578138828 0.631504893
    0.863537431 0.286118507 0.977431357 0.274013191 0.523692608
    0.26715821 0.74506104 0.824354887 0.451008052 0.374182343
    0.163221687 0.330576241 0.995588541 0.900446892 0.13406232
    0.424674034 0.982617736 0.924179435 0.394785941 0.417089492
    0.304878533 0.526919961 0.750189781 0.944071651 0.282339752
    0.0687816441 0.47715804 0.761533916 0.485352397 0.458869934
    0.628346562 0.0723242462 0.275084138 0.881900549 0.027250886
    0.859760404 0.167842716 0.906619072 0.164082527 0.882280886
    0.856616974 0.351364762 0.204512537 0.565487742 0.0743507445
    0.86981988 0.951887131 0.222117424 0.451809764 0.475328296
    0.579670727 0.518044114 0.816017389 0.339047194 0.51628077
    0.0766394436 0.873069048 0.128151715 0.628051162 0.769483566
    0.784610152 0.847545028 0.490893036 0.0346491635 0.405382931
    0.65604043 0.329785943 0.175741225 0.795735419 0.375991523
    0.87068665 0.672213376 0.714793146 0.203139693 0.258687437
    0.0807248354 0.35320431 0.494831145 0.484953552 0.594542742
    0.0844344795 0.508445919 0.563299954 0.268388152 0.113949209
    0.860157132 0.153145939 0.461297214 0.585138559 0.8515082
    0.227901071 0.33162266 0.92158252 0.253739059 0.46037066 0.784617603
    0.647156298 0.656511664 0.527451277 0.181945086 0.731660247
    0.633677483 0.65742892 0.994714141 0.946735501 0.206726283
    0.405923188 0.477045536 0.402317166 0.858719349 0.103470802
    0.184078038 0.862897575 0.144036472 0.0501953959 0.740768731
    0.655169427 0.373361975 0.0269574225 0.434317082 0.489446938
    0.0935032368 0.706767917 0.381187558 0.656490266 0.618277192
    0.206510454 0.237283915 0.124823034 0.0229844451 0.142847061
    0.0343515575 0.0474901795 0.592480898 0.964806736 0.505716622
    0.34535256 0.295765281 0.318677306 0.286474228 0.308926612
    0.159094244 0.698647618 0.396168679 0.989649773 0.957702219
    0.136398494 0.566820323 0.165434152 0.518201411 0.511387885
    0.119772792 0.240154833 0.816783071 0.166362047 0.926278472
    0.830435455 0.985459566 0.116429538 0.59588027 0.954231858
    0.417654425 0.46689105 0.501135468 0.613040745 0.124583811
    0.655113399 0.270766675 0.149030894 0.247566015 0.951124787
    0.931551039 0.997949719 0.953602552 0.321770161 0.689171314
    0.351585746 0.645209014 0.164713293 0.755591869 0.499851108
    0.594039917 0.998554945 0.594491184 0.253440708 0.727579355
    0.149776161 0.469161242 0.683538496 0.260753691 0.0499478281
    0.51690501 0.992052555 0.346485019 0.169546664 0.574930549
    0.759681582 0.0305044353 0.776467264 0.54353416 0.946205258
    0.98992449 0.915018618 0.189905614 0.0802631378 0.580699801
    0.613395631 0.806436479 0.644834161 0.692706287 0.762264132
    0.00729051232 0.311492503 0.666485071 0.459985495 0.615147233
    0.386957765 0.16345033 0.30769679 0.963598847 0.753840446
    0.377005428 0.924981177 0.219446301 0.955272675 0.188120097
    0.593722284 0.757160902 0.383137465 0.0655319989 0.94083631
    0.775605083 0.36688903 0.314335763 0.995412529 0.857979298
    0.86825192 0.00556924939 0.71466434 0.541581511 0.226451218
    0.195032567 0.916792333 0.616049886 0.0144485235 0.572246194
    0.989502907 0.663746178 0.546133935 0.959824562 0.483178675
    0.959627807 0.500092208 0.68576026 0.613112092 0.593910277
    0.358276397 0.0299234688 0.921714783 0.308418989 0.957890868
    0.783457398 0.768149793 0.973483205 0.970539927 0.828766704
    0.562269211 0.382935405 0.949948728 0.449438184 0.288353562
    0.0259666741 0.996581793 0.297202468 0.0510512888 0.979799628
    0.556808531 0.411731213 0.912695527 0.44031626 0.817821801
    0.401154518 0.283571303 0.37575531 0.0543179512 0.655139208
    0.145037353 0.963095427 0.420753598 0.666754842 0.952801764
    0.522071898 0.748991132 0.635119259 0.99343282 0.188087463
    0.248036802 0.393995941 0.0354835689 0.533341467 0.90515101
    0.924694061 0.231123596 0.891207099 0.467595011 0.3600339
    0.0600108206 0.149953336 0.856517673 0.276744008 0.672899008
    0.00431618094 0.609212577 0.722654819 0.433035433 0.765078783
    0.219764471 0.0599443614 0.844213843 0.0684535801 0.599963009
    0.46713388 0.965645671 0.0579993725 0.603791952 0.379361302
    0.790391088 0.96304059 0.764802814 0.900770664 0.838540435
    0.971845686 0.313682675 0.999729872 0.600916505 0.606341064
    0.502641737 0.185347289 0.844985306 0.305197358 0.894961596
    0.143958002 0.897370934 0.826289833 0.960779905 0.367916167
    0.25563404 0.0873900652 0.951938748 0.375142843 0.436279893
    0.463298917 0.811212301 0.150692374 0.21565482 0.777317405
    0.038829267 0.917250514 0.711767733 0.902227998 0.305910587
    0.609799147 0.45599708 0.561063111 0.191877127 0.310246825
    0.180244625 0.324405015 0.287815034 0.336937368 0.772013247
    0.221805334 0.514284372 0.13378188 0.371667683 0.529221177
    0.0453298688 0.243367881 0.138568372 0.746539652 0.399448276
    0.51694876 0.829416335 0.00786346197 0.327934444 0.0750012696
    0.968442559 0.23661527 0.140322924 0.757922173 0.77671957
    0.271900505 0.849234343 0.341783345 0.367267549 0.944927573
    0.49205178 0.328698337 0.878052652 0.656752586 0.0814292431
    0.509410322 0.443341225 0.622379959 0.479961365 0.442488968
    0.366295904 0.468633175 0.145787477 0.951302052 0.938814521
    0.446801037 0.336285442 0.292625427 0.823395371 0.340741098
    0.145731866 0.146295846 0.796049714 0.364772052 0.0886802971
    0.99008584 0.438950181 0.45660457 0.77389133 0.212908089
    0.0935046077 0.283595979 0.645107806 0.0618975163 0.0797035992
    0.247312903 0.368174672 0.125686586 0.267628849 0.204990387
    0.0783916116 0.167458594 0.124929219 0.487479925 0.308783174
    0.978522182 0.896174073 0.33485204 0.925812721 0.062546134
    0.427091926 0.528201938 0.779605687 0.874961555 0.876500845
    0.12696141 0.868688464 0.759467781 0.642213285 0.63381964
    0.385087073 0.675735176 0.747072816 0.713148594 0.364180565
    0.810895145 0.276005566 0.715618074 0.914592028 0.179224461
    0.66425705 0.923995912 0.528010726 0.27984482 0.415310889
    0.0555719733 0.44872421 0.151863128 0.441352606 0.21719116
    0.684170008 0.571391582 0.0503045321 0.430362642 0.770269752
    0.802568555 0.333953261 0.807416439 0.3110075 0.408893973 0.27892977
    0.795815587 0.871467352 0.851787746 0.891978025 0.986440182
    0.622933447 0.145866245 0.372793734 0.474321485 0.144994944
    0.285712689 0.614985824 0.523352981 0.286459148 0.348540187
    0.23699683 0.884543896 0.321782321 0.0421009362 0.0242392123
    0.336210608 0.92330873 0.416822612 0.832381606 0.345345289
    0.707560003 0.105692774 0.469407886 0.22947222 0.248621434
    0.430831552 0.538406968 0.119710863 0.277341008 0.756430626
    0.997000337 0.450698644 0.225555897 0.257332087 0.783521652
    0.526441693 0.34124136 0.734374464 0.915596247 0.205269337
    0.619109511 0.960639954 0.966903448 0.0133676529 0.207412064
    0.561353028 0.725334466 0.967095971 0.308969736 0.478108823
    0.181877226 0.358927608 0.838425756 0.358619839 0.147878259
    0.997844815 0.406249791 0.117417842 0.45102337 0.263231874
    0.525099218 0.059669435 0.848412752 0.573752522 0.239298731
    0.271615207 0.956273675 0.483556837 0.340134114 0.332347304
    0.317407906 0.352197051 0.293938339 0.893980384 0.640802622 0.213
    0.802254677 0.386325091 0.928663075 0.85849452 0.34244585
    0.326420784 0.681979775 0.335305065 0.48957184 0.793798447
    0.62445879 0.112915874 0.994957447 0.353495419 0.136939257 0.7706424
    0.757594585 0.760365486 0.529178739 0.488243103 0.488351703
    0.344645202 0.039637655 0.730882823 0.621380091 0.733917415
    0.824916184 0.860951781 0.54926604 0.144070596 0.649982929
    0.0878805816 0.544505 0.483478516 0.466110468 0.262104392
    0.784291744 0.674073696 0.542104185 0.923569798 0.369830966
    0.953715682 0.878877938 0.541306376 0.654483438 0.554282069
    0.896184206 0.318463445 0.309342563 0.797875285 0.532514095
    0.306141555 0.932504654 0.50018847 0.783741117 0.0497528017
    0.406363785 0.0144118369 0.968053341 0.88946557 0.144163966
    0.277018845 0.508255243 0.873077273 0.98872745 0.58524251 0.7587291
    0.0715503097 0.374835163 0.931577086 0.00387200713 0.0409600437
    0.279683769 0.310738504 0.727807522 0.401878446 0.695714653
    0.131046146 0.943916202 0.955805302 0.84935081 0.132584155
    0.895099044 0.351975083 0.138638407 0.0602383316 0.890668511
    0.944746017 0.247782022 0.891059041 0.251316279 0.0303762257
    0.0795586109 0.432473481 0.0556148887 0.921971619 0.71670568
    0.711280882 0.452757239 0.179045081 0.504839778 0.400507301
    0.240411013 0.17536521 0.78532207 0.536656737 0.791239977
    0.533112288 0.416565001 0.456751674 0.749056458 0.88825798
    0.846857309 0.364580244 0.890258431 0.140327871 0.883753419
    0.702959061 0.238045782 0.583095849 0.325944245 0.891682029
    0.175758034 0.68002367 0.295435697 0.481270462 0.123906881
    0.174237013 0.609866619 0.886338592 0.494854331 0.986496329
    0.782538295 0.279079318 0.824967682 0.501992166 0.153852969
    0.113238782 0.60673207 0.288027525 0.807611704 0.807339668
    0.822839499 0.128192335 0.807319641 0.145748228 0.141013533
    0.878525853 0.147340894 0.732238114 0.433763862 0.392605484
    0.907242358 0.985521197 0.966172695 0.798961341 0.594506145
    0.543852091 0.556545258 0.89722991 0.0303071737 0.188669562
    0.424844682 0.384166956 0.801549554 0.781238735 0.261153251
    0.480723232 0.191526115 0.904997349 0.929173708 0.322663367
    0.483481348 0.86080873 0.270415604 0.593856454 0.497903228
    0.312563896 0.509732366 0.99258399 0.589060247 0.0798772871
    0.340616524 0.0521492958 0.0634679198 0.880199909 0.0333459079
    0.475688368 0.532856286 0.614953279 0.932090878 0.136617243
    0.37334156 0.989949226 0.44733882 0.884200037 0.485713243
    0.942347884 0.350148618 0.128973961 0.227154195 0.864858508
    0.381848842 0.953271031 0.8812868 0.0346625447 0.672761679
    0.439137518 0.919060111 0.0556190312 0.540466964 0.624772668
    0.06251055 0.67706126 0.363535017 0.148876756 0.970517039
    0.674276054 0.914919794 0.141466767 0.625882626 0.0894127488
    0.572854578 0.819660664 0.0257611573 0.162884533 0.203235537
    0.206724137 0.650696397 0.551447868 0.00649690628 0.551099479
    0.373040706 0.78951329 0.298881471 0.388943821 0.935106874
    0.396297008 0.403288901 0.301814884 0.710460544 0.991403878
    0.877611756 0.94381249 0.907687187 0.00289002061 0.484381557
    0.372120976 0.267697096 0.893754005 0.363776386 0.671256602
    0.82106632 0.965141177 0.646504343 0.165055126 0.679812729
    0.281623304 0.417799532 0.364675283 0.917586565 0.420893073
    0.321740627 0.788496733 0.553741753 0.849846601 0.346412778
    0.447899908 0.302815884 0.819542766 0.156029999 0.250456482
    0.615969002 0.187990993 0.316398323 0.855336308 0.695071816
    0.365862787 0.854806185 0.60970968 0.755839825 0.571683407
    0.728164732 0.70423305 0.487899572 0.617165208 0.876190364
    0.0408018827 0.408636153 0.910109401 0.954691887 0.0772856474
    0.281481981 0.397414684 0.431152701 0.230490446 0.866132736
    0.295049191 0.0377255678 0.0645714104 0.660495162 0.319563001
    0.532477498 0.722684145 0.0887512267 0.412363768 0.471347183
    0.906199098 0.0161690414 0.822882354 0.0861232877 0.700089276
    0.301477194 0.252902746 0.564353168 0.564397037 0.709994614
    0.234156936 0.850170314 0.569768906 0.353113472 0.771178961
    0.448878944 0.872557521 0.44777596 0.374077886 0.687294006
    0.74277544 0.694202185 0.209719181 0.0240651071 0.972101569
    0.16155228 0.748901963 0.78031075 0.917274594 0.311119616
    0.444066823 0.105395049 0.700300992 0.995369732 0.0898328722
    0.0852438807 0.582637668 0.0483707786 0.878543437 0.679013014
    0.887956977 0.346244335 0.390496135 0.90626651 0.406949222
    0.851248384 0.77467525 0.913083553 0.545178115 0.516189873
    0.495922327 0.365422249 0.584435463 0.490205616 0.758424044 0.285604
    0.580383778 0.191348732 0.734916449 0.455515295 0.957671463
    0.763428211 0.900376081 0.087343365 0.48781687 0.0134920478
    0.131004423 0.68766737 0.200407445 0.325565577 0.21368736
    0.179193765 0.651052594 0.577426016 0.733339489 0.0940539241
    0.353577554 0.948821306 0.456891239 0.487800419 0.154009491
    0.795310497 0.630684733 0.0801242292 0.66326499 0.809967637
    0.217753887 0.772291899 0.900374532 0.478516221 0.740972221
    0.544620097 0.000387877226 0.953717351 0.36872375 0.16960308
    0.0743917823 0.265438616 0.0891248882 0.0833666623 0.418294877
    0.349071264 0.222928613 0.737216413 0.182361692 0.993943214
    0.684866667 0.486218989 0.466544896 0.449033082 0.57809186
    0.957809448 0.0877894759 0.471002907 0.849128306 0.6855672
    0.383052111 0.69900775 0.946713626 0.748127639 0.265634179
    0.770290732 0.134890854 0.706664562 0.34685564 0.500480652
    0.613313496 0.376921386 0.424112976 0.240698516 0.731454253
    0.452413291 0.939908385 0.102210909 0.815664053 0.134902835
    0.82209003 0.938524604 0.30272156 0.428832591 0.297721565
    0.769010782 0.61177063 0.956807971 0.135687679 0.478380561
    0.268174589 0.984806657 0.971949816 0.534199476 0.118364811
    0.489178866 0.45632872 0.451238006 0.549805582 0.461929768
    0.707104683 0.520144403 0.825399995 0.794269979 0.966987431
    0.272523463 0.87570852 0.460390985 0.730197191 0.465404749
    0.132433146 0.426909894 0.864647806 0.778528214 0.362701923
    0.231064379 0.804941654 0.891962409 0.0718507767 0.590487719
    0.229107261 0.615273237 0.537400603 0.945626616 0.292859435
    0.450815618 0.829542279 0.709067404 0.597005248 0.427371055
    0.822795033 0.164885312 0.880461633 0.820676088 0.917936325
    0.627329588 0.154101282 0.453573912 0.774891078 0.197218269
    0.729724646 0.195358574 0.0442489684 0.240828484 0.29667291
    0.803637505 0.482059181 0.533290565 0.308188915 0.552179039
    0.73764658 0.313264847 0.941346884 0.236227959 0.569318235
    0.831264734 0.83774507 0.409534186 0.375223368 0.0625522733
    0.183172256 0.488026172 0.843134999 0.438004494 0.300906658
    0.833170176 0.163098335 0.600117326 0.756244779 0.515305161
    0.558646619 0.725716352 0.971806467 0.249256879 0.624299943
    0.750583827 0.714675128 0.205004126 0.857389927 0.753591061
    0.869539618 0.529431701 0.91411227 0.298848808 0.733403206
    0.00348895788 0.768889904 0.481729984 0.583022892 0.646520019
    0.252400041 0.688843071 0.569682419 0.711889744 0.321034789
    0.5692783 0.0195116997 0.821944773 0.0505996048 0.773488462
    0.864891112 0.0513984561 0.160332173 0.109209985 0.406625926
    0.00976255536 0.558281958 0.996627152 0.910337627 0.121103317
    0.0627612472 0.312304199 0.453291208 0.234452873 0.323958933
    0.416896701 0.632481933 0.138723135 0.698389888 0.793106377
    0.856076121 0.0365075469 0.921588659 0.106811017 0.842311382
    0.240287721 0.85554117 0.249197602 0.208518893 0.448866069
    0.964059234 0.300645024 0.601758778 0.595947921 0.997583866
    0.070474565 0.833363056 0.556715369 0.689129651 0.045963794
    0.496220082 0.365134656 0.738680601 0.40514794 0.0949393213
    0.35517177 0.666653514 0.87325418 0.0654869974 0.898320675
    0.541967869 0.292427361 0.656841397 0.810334921 0.318055511
    0.557139039 0.8923136 0.804183006 0.778254628 0.0744934678
    0.995849967 0.376958996 0.881049216 0.219579786 0.0592636168
    0.00828176737 0.362937212 0.449169546 0.613457561 0.272892058
    0.0557738543 0.704372764 0.221243411 0.335238338 0.756844282
    0.0325906277 0.526911616 0.639087617 0.610871851 0.862423778
    0.403924018 0.593067646 0.611934662 0.531509638 0.183446199
    0.965489447 0.0256049335 0.938672423 0.532778084 0.963938951
    0.170103937 0.276780695 0.831419706 0.725997329 0.687724233
    0.420486033 0.598869443 0.482712805 0.631347954 0.393594563
    0.339508414 0.19500944 0.380325884 0.0224294066 0.0875117779
    0.578735113 0.912780523 0.438671798 0.00521486998 0.314180732
    0.503042698 0.120689631 0.95288533 0.739693701 0.936661839
    0.896063685 0.553507924 0.447792113 0.559312165 0.810308456
    0.0149974227 0.98437047 0.115354985 0.619744539 0.399844736
    0.187011808 0.117320567 0.751439929 0.120271266 0.495429575
    0.181984007 0.294467092 0.445224136 0.921716213 0.591093302
    0.720360458 0.298272371 0.656398714 0.792685807 0.443505824
    0.0518674552 0.303929001 0.215316266 0.193923712 0.92145288
    0.339817584 0.971273184 0.15973565 0.817977309 0.67752111
    0.186741352 0.576894045 0.198789805 0.1621387 0.755636454
    0.973739505 0.0534362793 0.783486485 0.117987901 0.759318709
    0.714791238 0.698026896 0.256456614 0.602306485 0.155853927
    0.0703061819 0.229597926 0.545671821 0.764001191 0.00194129348
    0.763226271 0.908269525 0.28701064 0.745979726 0.904401064
    0.0613584518 0.0227813125 0.123784125 0.455429316 0.255447805
    0.350175202 0.558908045 0.501738608 0.795636058 0.782556415
    0.999843717 0.067250371 0.654927254 0.0679947734 0.930087805
    0.897225022 0.880957961 0.520424187 0.253703177 0.921654701
    0.36357522 0.487129122 0.987293184 0.427795321 0.773876429
    0.0428030193 0.517014384 0.915610075 0.899763823 0.384465933
    0.00499913096 0.509683251 0.152365714 0.880913377 0.256495863
    0.705058038 0.797072291 0.0253854692 0.456595659 0.294674635
    0.176175535 0.60283047 0.28873685 0.215416312 0.209422082 0.98048377
    0.0519600809 0.17880404 0.406684786 0.981497288 0.191661328
    0.112087309 0.860894084 0.3574453 0.0209560692 0.0369799435
    0.746512234 0.0688732266 0.404590875 0.420917988 0.53647095
    0.56167531 0.452139944 0.472211272 0.412063926 0.598187745
    0.286776125 0.941388667 0.391953319 0.259372562 0.26825586
    0.743192255 0.23961696 0.700330436 0.0177533925 0.240468591
    0.958313227 0.578130007 0.4006989 0.388391644 0.493979573
    0.532014012 0.757196486 0.0815614164 0.279152125 0.048258543
    0.827953875 0.560846865 0.939592719 0.0395348668 0.555979669
    0.942555189 0.374376476 0.84632802 0.890563011 0.777347863
    0.31228888 0.969342887 0.718756557 0.286324263 0.874209404
    0.963273406 0.867946088 0.404998869 0.354614019 0.277065694
    0.53914392 0.660563171 0.873739243 0.307718933 0.760089934
    0.175576985 0.211405158 0.699177384 0.675977826 0.479434878
    0.763859034 0.700690329 0.262745529 0.224508107 0.395752072
    0.957526624 0.237386554 0.319696426 0.234484583 0.43639493
    0.687673926 0.0352562368 0.814175129 0.137511998 0.0281965733
    0.66992563 0.175929934 0.891483665 0.179984629 0.895075738
    0.309181929 0.757478833 0.402801543 0.0797704458 0.0858340561
    0.505329728 0.165359765 0.902484894 0.949446619 0.915036201
    0.105273634 0.937773824 0.749182761 0.0875310004 0.56004107
    0.179158092 0.794009805 0.0607813895 0.940232694 0.698129416
    0.511033833 0.521420896 0.709286928 0.952088594 0.543265462
    0.791521847 0.739957929 0.869913161 0.283478022 0.264641881
    0.403547049 0.187861592 0.497458518 0.476977706 0.232104391
    0.433373541 0.467164129 0.0389943719 0.512528598 0.106940359
    0.658234835 0.442191869 0.381831884 0.584983587 0.604521811
    0.727024019 0.770074487 0.211593539 0.83183527 0.988212824
    0.724639356 0.899423122 0.397420913 0.0262309611 0.861635029
    0.223244011 0.678866923 0.554426551 0.598124146 0.560100317
    0.0668383539 0.961999893 0.451818198 0.31775263 0.975228667
    0.761672497 0.921763659 0.965235949 0.497949749 0.32338506
    0.429639846 0.878085375 0.843181193 0.257862031 0.866477013
    0.484537303 0.473210007 0.253063321 0.170337111 0.853330851
    0.27535218 0.997657776 0.78974545 0.869013309 0.576701283
    0.349538118 0.862231016 0.523185253 0.282653272 0.912016749
    0.889281273 0.893620014 0.744249642 0.298913181 0.527806103
    0.793917298 0.206812233 0.304093957 0.765062332 0.758428395
    0.502829492 0.837569654 0.392300785 0.42110157 0.996434867
    0.0952067971 0.541698873 0.224503547 0.756096482 0.113917202
    0.67205739 0.968461573 0.678440452 0.841901541 0.446559489
    0.246473163 0.826547861 0.303675771 0.228817999 0.496930718
    0.278882056 0.189554095 0.182819813 0.402553737 0.801371217
    0.991953611 0.534188211 0.703817725 0.353122115 0.410212219
    0.536236644 0.426815689 0.399762988 0.684262872 0.30833149
    0.999941349 0.155373722 0.838469207 0.608024001 0.982354999
    0.93316704 0.00389623642 0.695924103 0.85924983 0.920303583
    0.0557075441 0.62939167 0.457389086 0.178060532 0.417082876
    0.671130538 0.0671239197 0.678839207 0.844101489 0.631753087
    0.624813855 0.334908783 0.867790401 0.384601951 0.888731182
    0.900162101 0.942961931 0.218353868 0.473877132 0.705865085
    0.790424228 0.460822135 0.393854678 0.0849446356 0.898519158
    0.180896819 0.127169192 0.0429012179 0.152851552 0.596448302
    0.145396143 0.455124021 0.711325765 0.403374165 0.896388352
    0.736613393 0.630280793 0.431647211 0.28761524 0.288724303
    0.24247539 0.739164412 0.215508997 0.368436098 0.330486238
    0.523736954 0.628860772 0.0126261115 0.00226315856 0.220549911
    0.134002745 0.494846404 0.56841296 0.062813431 0.70658046
    0.996534228 0.614043891 0.704377055 0.194485247 0.656795025
    0.594170392 0.309431076 0.51500982 0.36589098 0.557754934
    0.895057738 0.71711576 0.114497364 0.817658544 0.956433415
    0.565426648 0.430366635 0.253669381 0.596393824 0.782143533
    0.55551827 0.558956146 0.489791721 0.363495708 0.914065361
    0.760693312 0.418044567 0.581839621 0.223158956 0.318187982
    0.29111737 0.0011831224 0.010419786 0.83551842 0.0488087833
    0.738372862 0.80013454 0.227755189 0.722224116 0.813753366
    0.47438392 0.757774234 0.148790658 0.171968609 0.0136529207
    0.0196762383 0.582671344 0.942828 0.783045292 0.665400028
    0.307146102 0.434389353 0.802478909 0.549141765 0.222019017
    0.842170238 0.537586689 0.462905556 0.143972814 0.61255306
    0.35625729 0.792498589 0.36201787 0.546987593 0.438928455
    0.655118942 0.237456918 0.626269162 0.201526046 0.251459092
    0.320395231 0.651943326 0.861064553 0.460457921 0.0771981776
    0.169381738 0.00916031003 0.133299947 0.357746601 0.596441627
    0.465591013 0.617501199 0.755165637 0.767384887 0.432185292
    0.249104738 0.937262058 0.922135949 0.794586778 0.10813278
    0.96961081 0.412253886 0.289067984 0.965397477 0.61665225
    0.809608221 0.814450085 0.423901916 0.380984962 0.650443375
    0.307578653 0.440539062 0.989704728 0.690858841 0.431354314
    0.0711326301 0.0880406499 0.0790701509 0.821271539 0.0125783682
    0.704519629 0.0922889113 0.821409822 0.562438011 0.894557714
    0.472079635 0.368909776 0.963510394 0.704547644 0.545514762
    0.663683295 0.588855982 0.0653001666 0.262505978 0.241737962
    0.708492219 0.184168041 0.667542577 0.282593071 0.454175681
    0.235373288 0.901937544 0.172758579 0.285563111 0.85128355
    0.467342973 0.351999193 0.637782395 0.568068326 0.973465681
    0.372330248 0.111953706 0.454854906 0.803039432 0.588508308
    0.343959838 0.231418878 0.0545777082 0.515047193 0.39468056
    0.499700338 0.382873625 0.277010024 0.940115809 0.0220285356
    0.96813786 0.666247249 0.911336303 0.024920851 0.790851772
    0.541149497 0.600974679 0.674684227 0.975683212 0.405168444
    0.076914072 0.0594449937 0.998069882 0.945071697 0.898733377
    0.332519948 0.410937101 0.309144616 0.561173201 0.495639801
    0.547520697 0.662796617 0.307501614 0.240067005 0.879696369
    0.861134231 0.157795221 0.113864809 0.660424292 0.901821971
    0.541477501 0.581541121 0.154818863 0.750654459 0.974124074
    0.233121186 0.294443071 0.0431221128 0.332073003 0.187942445
    0.942227602 0.00290063024 0.621842742 0.0292441249 0.916665375
    0.148888081 0.158164293 0.564190865 0.57597971 0.668021619
    0.243032664 0.212741375 0.635290861 0.627608597 0.0702756345
    0.457078487 0.334111154 0.832853854 0.159748852 0.225421816
    0.805457115 0.565910995 0.504281938 0.28869772 0.475007802
    0.596688867 0.669641018 0.291694224 0.178331017 0.404553115
    0.820729017 0.054433167 0.281742692 0.644977689 0.964421809
    0.704781175 0.0213747025 0.941416979 0.897694051 0.777944028
    0.561247647 0.541288257 0.713839889 0.467741042 0.547659874
    0.246912777 0.709719837 0.890016437 0.651091456 0.00999230146
    0.461231649 0.563378453 0.259782016 0.597731531 0.845556617
    0.299518555 0.940023661 0.244574279 0.0744380951 0.998407662
    0.805846751 0.0928527117 0.683268368 0.719851375 0.0801683068
    0.457256317 0.497747689 0.268924206 0.461018354 0.093876332
    0.228707403 0.74133873 0.21631813 0.0635377467 0.594475448
    0.674863815 0.182837158 0.895261467 0.0610021949 0.624126077
    0.877045512 0.159449339 0.0243730843 0.48057884 0.926906228
    0.64076668 0.908851326 0.347169101 0.212451696 0.526884258
    0.0739776492 0.523137093 0.302711606 0.069671154 0.722477376
    0.578536808 0.0200080574 0.640147448 0.328312397 0.416781992
    0.483671904 0.392404377 0.837975502 0.46769312 0.89513576
    0.468797684 0.533511639 0.0591639578 0.620031416 0.52363503
    0.384014428 0.245289236 0.103261441 0.997911811 0.27996105
    0.276706934 0.558422923 0.170336455 0.608821094 0.612226248
    0.829612613 0.918318987 0.777357042 0.835098386 0.463411272
    0.875420332 0.114764601 0.594563246 0.748814642 0.0625858903
    0.588327348 0.505579174 0.518697381 0.767143846 0.525001228
    0.184932768 0.0776238143 0.596357405 0.507159412 0.358450949
    0.0556073785 0.500550985 0.991273284 0.658106089 0.354557931
    0.345873892 0.491574258 0.244299442 0.327414155 0.596466303
    0.456101447 0.346692085 0.343617737 0.233619243 0.88277483
    0.40511477 0.0192150176 0.0879023075 0.942586303 0.53967011
    0.525296986 0.457722813 0.627967596 0.0707142949 0.280880332
    0.946050525 0.495151371 0.376757354 0.143592387 0.645894647
    0.530344784 0.184346974 0.166956186 0.621661544 0.376382619
    0.361201823 0.123315454 0.138297707 0.286922038 0.207755595
    0.26257509 0.811616302 0.279066324 0.754151225 0.513516545
    0.638771415 0.112766832 0.0556512177 0.225013375 0.809116602
    0.584590077 0.0563319623 0.0620560646 0.107684731 0.131860197
    0.251166165 0.85314256 0.443526208 0.670928478 0.198459357
    0.290466398 0.606876671 0.665011406 0.113990813 0.618793964
    0.41282475 0.475618869 0.557514191 0.110040307 0.598519444
    0.791065037 0.451905936 0.0524669588 0.510844886 0.863765717
    0.642871976 0.594816744 0.266288459 0.339073807 0.0226734281
    0.651392043 0.474694431 0.345651269 0.076069206 0.929457486
    0.181713343 0.43138063 0.500653863 0.995719433 0.808551192
    0.636753738 0.661923945 0.971467435 0.296209127 0.292253107
    0.998980403 0.282800555 0.233554184 0.864471078 0.65628618
    0.559398711 0.567853689 0.878296196 0.299729466 0.788166046
    0.490273237 0.499757916 0.903563321 0.919161558 0.141612649
    0.460786045 0.750371218 0.34919858 0.64046818 0.858443022
    0.409507513 0.318191469 0.258205533 0.549739063 0.341276944
    0.730548561 0.619115472 0.957295895 0.461022228 0.977523983
    0.526569188 0.609297633 0.984002709 0.36135751 0.517272294
    0.914034426 0.823455632 0.238998771 0.380530983 0.95130837
    0.531703472 0.723224819 0.206168383 0.0306568444 0.426180065
    0.0880765617 0.270911515 0.279233277 0.5284006 0.386765897
    0.976375461 0.475599706 0.73926127 0.830594301 0.0932962894
    0.11087954 0.879189134 0.86453402 0.386481106 0.430169582
    0.435555637 0.322289467 0.779526472 0.666846752 0.0826276541
    0.531537771 0.602948964 0.0247600675 0.0020340085 0.557954192
    0.224387825 0.287076592 0.631740391 0.73780787 0.746572971
    0.998708725 0.537609875 0.356994629 0.837522149 0.062473774
    0.718763292 0.571982622 0.517727196 0.746531129 0.566919684
    0.667318463 0.630133986 0.271824539 0.227410257 0.50167042
    0.363506109 0.466429532 0.393452168 0.410393327 0.105399638
    0.885979235 0.223602355 0.728157461 0.27868253 0.404740423
    0.0778811574 0.480556577 0.922966003 0.164691806 0.187306434
    0.105467856 0.902117848 0.901063561 0.42928791 0.454747438
    0.164870203 0.665520072 0.962137341 0.706594229 0.881003201
    0.569895625 0.0657193363 0.163986474 0.142959237 0.195248425
    0.447700948 0.347356409 0.985671401 0.78543973 0.853701115
    0.267090529 0.577861786 0.0578256845 0.403384089 0.974765301
    0.447560728 0.461170465 0.155644715 0.838009477 0.646146894
    0.881578207 0.643583357 0.988004923 0.0520550311 0.227132291
    0.189120114 0.775788248 0.0138582289 0.0861723423 0.846533597
    0.694134474 0.4301126 0.0235447586 0.59580195 0.991752028
    0.0586510897 0.910189331 0.71479845 0.289054304 0.189842373
    0.977033019 0.22735545 0.393629134 0.103720605 0.598234832
    0.928136468 0.0817703307 0.996826231 0.903752804 0.204921812
    0.339878052 0.987154126 0.623285174 0.174618959 0.353737056
    0.13197571 0.560839176 0.228794724 0.662890911 0.0123119354
    0.21231398 0.202409416 0.449157894 0.716573715 0.240426064
    0.63738507 0.199050277 0.739692509 0.438591659 0.657942891
    0.175036669 0.99528873 0.811445177 0.635215759 0.836255312
    0.701361179 0.429671526 0.967786074 0.545621395 0.401713341
    0.803367734 0.645954072 0.0599030256 0.662580848 0.539630413
    0.925572157 0.681878328 0.134609163 0.226544261 0.492765605
    0.161123961 0.720246136 0.795305312 0.703382492 0.922637105
    0.0622768402 0.956086993 0.423085064 0.458336264 0.153043449
    0.770482898 0.209265262 0.312337697 0.569656372 0.175034225
    0.576175451 0.786080837 0.00112113357 0.919996142 0.777661085
    0.747858107 0.371478438 0.796569347 0.592231989 0.0569243133
    0.0711160898 0.437862605 0.672399342 0.793623567 0.569705665
    0.563134193 0.222906619 0.518666625 0.152827978 0.886444092
    0.0937883854 0.0269094706 0.482493252 0.448442608 0.969508588
    0.618555665 0.317780316 0.847931385 0.107778281 0.0866401494
    0.294133574 0.970027804 0.624317944 0.0445307791 0.213282287
    0.395966828 0.125895917 0.91550678 0.508592427 0.347608864
    0.95791769 0.426059812 0.959713459 0.705277801 0.308991969
    0.397171408 0.918725789 0.593680501 0.953790486 0.0554999113
    0.766571343 0.616815507 0.111636877 0.697817147 0.715088546
    0.783475161 0.263757169 0.263263226 0.253276736 0.426816702
    0.580257833 0.22850436 0.29243207 0.217158496 0.641593814
    0.538207948 0.359796911 0.0454840958 0.967568099 0.0174890161
    0.883056939 0.772716701 0.835119247 0.303682029 0.327835262
    0.769821405 0.972321212 0.54928416 0.18953079 0.601876616
    0.186249048 0.257572651 0.16989693 0.538626492 0.0999320149
    0.774809957 0.863926709 0.955741405 0.944915771 0.127770036
    0.55433327 0.473766893 0.661658287 0.688317001 0.938894331
    0.796730876 0.395521283 0.69380784 0.478265792 0.8347193 0.951550663
    0.759538054 0.922702074 0.341259211 0.671334267 0.217190236
    0.796097219 0.0156042576 0.535257816 0.847123861 0.769927502
    0.337194443 0.795683742 0.556221902 0.45786351 0.918834686
    0.635135055 0.862961829 0.622722387 0.0765808523 0.0341796577
    0.799659908 0.62093991 0.870536089 0.981753051 0.444147348
    0.389156789 0.0713457167 0.386288971 0.172614276 0.576836884
    0.913624763 0.119895488 0.294750869 0.83858341 0.184578389
    0.399133146 0.218327671 0.882539809 0.0206677914 0.579459488
    0.50658983 0.472606093 0.0860210955 0.751525342 0.934779823
    0.503510535 0.383182913 0.76976347 0.572623491 0.364208549
    0.014669925 0.9664976 0.0952675641 0.459403038 0.981641591
    0.387571305 0.573676169 0.365517586 0.763875782 0.260070145
    0.201091826 0.911806524 0.0545678437 0.0165156126 0.756682277
    0.402114481 0.935885251 0.430083513 0.156877309 0.520158708
    0.626846373 0.979999065 0.390739799 0.667361975 0.181967497
    0.449322522 0.671847939 0.909702182 0.237689912 0.518025458
    0.831956506 0.888258278 0.653135538 0.313767076 0.240073383
    0.77384758 0.50715822 0.367155194 0.734662414 0.182218075
    0.266169399 0.0748369098 0.0772881508 0.526187718 0.0342572033
    0.00498321652 0.93775481 0.906204045 0.539147019 0.478550643
    0.290367573 0.774079025 0.0336244404 0.672382534 0.791009426
    0.355349243 0.16080448 0.183445811 0.239508212 0.674819052
    0.0716577768 0.999768794 0.897510588 0.736057878 0.715496838
    0.432054907 0.171251684 0.854211628 0.438319832 0.143254548
    0.553189754 0.43110463 0.870507598 0.198894709 0.473195761
    0.556221485 0.140697151 0.807711661 0.477379203 0.640273154
    0.453895718 0.0951675773 5.39422035e-06 0.575574219 0.936881602
    0.684036016 0.744172215 0.85116899 0.23330915 0.118603379
    0.812986135 0.872671127 0.557564855 0.502376735 0.684051871
    0.461630642 0.535926461 0.883206606 0.833834708 0.399334908
    0.929499745 0.410504162 0.0775994062 0.055467248 0.654019237
    0.496755809 0.45916301 0.991892099 0.406147629 0.0208970606
    0.0138530135 0.780890822 0.503674984 0.255592465 0.300590783
    0.0800875425 0.788893104 0.0189053416 0.481363297 0.379354239
    0.998706341 0.944202185 0.564891279 0.584117174 0.506069005
    0.388785243 0.291491479 0.0720320642 0.704361141 0.771676302
    0.805995345 0.273967028 0.921848297 0.268373549 0.219710797
    0.00368502736 0.100400388 0.540880144 0.518729627 0.575969219
    0.195541382 0.391097128 0.966656923 0.370271295 0.903972626
    0.699883342 0.164491892 0.354512334 0.783187151 0.209015965
    0.897915184 0.0751551092 0.529682577 0.801618159 0.0664099157
    0.260960937 0.224564493 0.567753971 0.673218966 0.615675628
    0.45967719 0.345332086 0.0480680168 0.908715725 0.199911505
    0.46459806 0.5016433 0.843738914 0.305189788 0.508487761 0.870604992
    0.49839133 0.672241569 0.714518964 0.162428409 0.619890392
    0.427028894 0.67999059 0.0261571109 0.86856997 0.328188062
    0.709700882 0.684693098 0.911042094 0.865363002 0.471300185
    0.957550406 0.0437949598 0.488387048 0.46952036 0.769915164
    0.0815269649 0.294942915 0.0987174213 0.483115226 0.27656576
    0.574939966 0.530134737 0.433841199 0.554914355 0.640433848
    0.557932019 0.554046631 0.641809106 0.212028474 0.875236273
    0.144392043 0.602492332 0.99129039 0.516757786 0.347565889
    0.0489788353 0.470853627 0.685523033 0.483058453 0.152617127
    0.616903484 0.287371993 0.448748976 0.226892084 0.786352992
    0.953477621 0.833076358 0.158542693 0.844959736 0.905260026
    0.154253066 0.339982569 0.355590284 0.554062307 0.777012706
    0.882279038 0.353944182 0.18422991 0.760977328 0.55064559
    0.561237574 0.932546973 0.520809591 0.014613241 0.250353754
    0.729672074 0.589430928 0.742112935 0.0710848272 0.779255152
    0.778349578 0.816138744 0.654615402 0.202554911 0.767647922
    0.42494306 0.769022882 0.238538653 0.851029754 0.516812086
    0.0239427388 0.0284155607 0.591548502 0.358328283 0.992383182
    0.354629815 0.887941003 0.279877156 0.635793686 0.309848249
    0.0283912122 0.0862286687 0.452307552 0.911598086 0.759391427
    0.926488757 0.202764004 0.659792304 0.180334419 0.348471761
    0.123843551 0.0869822502 0.0750221312 0.0331317186 0.562386394
    0.767487049 0.762622774 0.73986274 0.626066506 0.0747628212
    0.592748046 0.482831031 0.326571047 0.334396958 0.425017565
    0.249443769 0.0354816616 0.801582932 0.280251265 0.94678098
    0.862451077 0.770677567 0.391309261 0.598369122 0.425734103
    0.148420662 0.599893808 0.0120767057 0.221155822 0.263986707
    0.789787412 0.506413639 0.486410916 0.065343827 0.321821392
    0.311837137 0.200781971 0.99956882 0.823538303 0.450542212
    0.491326064 0.318051189 0.0851189196 0.547383666 0.173639834
    0.41844514 0.376853108 0.179697931 0.143597245 0.514144123
    0.566591442 0.123014659 0.37437886 0.0473203361 0.161216259
    0.0693095028 0.695708752 0.902648211 0.688027263 0.34952718
    0.959969163 0.737907827 0.961272717 0.473392546 0.187267423
    0.256521583 0.266969025 0.0736784339 0.597658396 0.0401668251
    0.182173073 0.103861839 0.394641876 0.493520886 0.487066299
    0.0185416937 0.307847917 0.716986299 0.658906341 0.548641384
    0.170565069 0.893839359 0.0498733819 0.63062185 0.0754596889
    0.924869239 0.531229436 0.0443876982 0.898037612 0.46783343
    0.543592036 0.802801728 0.774382591 0.673481703 0.108659506
    0.874690056 0.902730703 0.793130994 0.82988739 0.7982409 0.087752372
    0.544900835 0.432254702 0.672836959 0.945441544 0.0939635038
    0.547510922 0.759589434 0.812961221 0.29485926 0.53736192
    0.913016856 0.57820493 0.357293487 0.762532353 0.485766202
    0.398753643 0.251169652 0.534942985 0.438103974 0.95057255
    0.480266571 0.502176702 0.312381595 0.395784169 0.285161465
    0.642724156 0.730488062 0.0130133629 0.941024125 0.349880874
    0.429269105 0.527676284 0.882978678 0.709227324 0.0308419168
    0.0618712604 0.234358519 0.744804144 0.675709963 0.114062309
    0.0236660838 0.197714955 0.443510175 0.550076485 0.879572749
    0.209103823 0.414676189 0.698601723 0.44777146 0.631010592
    0.764188886 0.640652418 0.971210241 0.434190184 0.497062355
    0.888975859 0.0924887657 0.978805065 0.456873357 0.598779857
    0.702180445 0.983221531 0.281511128 0.0855387449 0.700561762
    0.60989958 0.322938919 0.304540515 0.235571146 0.742752314
    0.0932478309 0.206049234 0.183549166 0.90227145 0.931643486
    0.0451082289 0.459627301 0.332703382 0.716866553 0.730492413
    0.950096965 0.730767131 0.936650753 0.559670866 0.159737766
    0.815139472 0.894910097 0.0125983059 0.175830275 0.562722206
    0.576461673 0.0715633333 0.754014313 0.501120925 0.782692313
    0.734087944 0.407430857 0.306802452 0.101656675 0.846952438
    0.934078574 0.280690789 0.21778056 0.000364154577 0.0287654698
    0.529985428 0.381221026 0.393450707 0.169927329 0.766557932
    0.048946619 0.83402586 0.811546862 0.104888231 0.489260852
    0.507748067 0.663144648 0.33849442 0.622000217 0.886382341
    0.789748967 0.976124346 0.402493268 0.80004096 0.37422967
    0.190876454 0.637055874 0.534585536 0.40851143 0.0635686219
    0.495798618 0.202761471 0.869011879 0.365798116 0.222012252
    0.833760262 0.0729301572 0.594744861 0.0111684799 0.243974715
    0.668106198 0.758388996 0.383208126 0.722873688 0.812987089
    0.35842064 0.718261421 0.963250995 0.287481785 0.0526490808
    0.543644845 0.80847311 0.146037579 0.414321184 0.56915617
    0.157734603 0.138944894 0.725508749 0.0389252901 0.366270602
    0.334379405 0.333208501 0.346988559 0.266457766 0.299525768
    0.611875415 0.40006578 0.785791516 0.140206873 0.7184062 0.486936122
    0.648399711 0.290982634 0.974430442 0.897515535 0.356218696
    0.0803980529 0.954890728 0.826622009 0.0118862092 0.368759215
    0.824846029 0.805932581 0.415800571 0.248184741 0.805610061
    0.582273364 0.934466362 0.941268921 0.430906504 0.359341085
    0.655666232 0.125324368 0.00445240736 0.585026085 0.479419053
    0.178805351 0.995963216 0.0150569677 0.613280475 0.0352065563
    0.666123152 0.0125994682 0.935685992 0.33657372 0.581337333
    0.0017323494 0.697733521 0.0357123017 0.0415536463 0.843688726
    0.804285288 0.619888604 0.770710111 0.196321994 0.520076811
    0.577672064 0.840093672 0.575724661 0.404304177 0.387443066
    0.501713514 0.99199295 0.208640784 0.884048939 0.274162173
    0.713423848 0.350667357 0.539789975 0.281905383 0.134420663
    0.729416013 0.159082532 0.512593091 0.921321392 0.764724314
    0.490693599 0.256140202 0.413580239 0.121881455 0.547737181
    0.024217248 0.586108208 0.978057802 0.862829924 0.371535182
    0.993384302 0.260244012 0.443738461 0.000301480293 0.346836388
    0.413809359 0.8229599 0.609122038 0.16430527 0.68157196 0.58373481
    0.356492937 0.824204206 0.765458882 0.486444116 0.443822324
    0.264056981 0.569240391 0.000304847956 0.820944071 0.171222895
    0.36491245 0.475346059 0.888676345 0.221204311 0.751992106
    0.185497463 0.0769074261 0.662431657 0.736984849 0.572413445
    0.285325766 0.368044496 0.299782515 0.601888299 0.45833841
    0.693117082 0.499469668 0.591799736 0.527944207 0.903779149
    0.646543622 0.0362972915 0.322833896 0.983165622 0.508780003
    0.202756047 0.229084939 0.631686628 0.162867486 0.0356893539
    0.740731001 0.842586517 0.438812405 0.583019853 0.705839396
    0.420783728 0.218206078 0.545137942 0.80586195 0.758953691
    0.143209219 0.771848917 0.995379269 0.228247136 0.247267187
    0.933657289 0.928089261 0.785755396 0.539726079 0.967798233
    0.926168799 0.105312586 0.0908575356 0.95052743 0.9481709 0.43957901
    0.558839202 0.606702626 0.766006351 0.828635573 0.534809411
    0.206201792 0.781276822 0.635537326 0.966900229 0.0548967421
    0.473939717 0.443059653 0.689476013 0.159881085 0.640265584
    0.459922761 0.591150761 0.720140755 0.204467207 0.436487019
    0.299754441 0.139171004 0.637191653 0.412102401 0.830775738
    0.551469922 0.821904182 0.0955414772 0.00744917989 0.93945837
    0.702794135 0.319200724 0.326347589 0.116015375 0.0489937365
    0.903290868 0.010186851 0.282079577 0.183799922 0.529628694
    0.0075109303 0.365005434 0.215609789 0.16185084 0.480573952
    0.817179143 0.793062866 0.280876219 0.956125855 0.888466716
    0.281378686 0.178812057 0.14333564 0.289228261 0.663787305
    0.804005027 0.322672725 0.628423393 0.163618416 0.72795701
    0.826506138 0.204840243 0.72173804 0.691493154 0.0886969268
    0.693529844 0.53153187 0.197267145 0.378393292 0.623301566
    0.978486776 0.334461927 0.0105092824 0.180491507 0.612846375
    0.919613302 0.609151959 0.918450415 0.953142881 0.267615646
    0.588851631 0.909559786 0.35840112 0.388840318 0.663406849
    0.529617727 0.853382468 0.719214082 0.426202238 0.108427763
    0.491880745 0.622071147 0.926627994 0.743341267 0.286814749
    0.801374078 0.920846581 0.535422683 0.476486921 0.729886353
    0.282348096 0.404646575 0.740888357 0.514755666 0.570744216
    0.289096504 0.53549552 0.105361521 0.269572973 0.31913352
    0.943625808 0.627108395 0.498680115 0.720121861 0.261296868
    0.115803689 0.67810899 0.239936471 0.226467162 0.105900019
    0.228846997 0.280435503 0.892424822 0.720143199 0.828782558
    0.722791672 0.36160937 0.45618695 0.459685206 0.978733659
    0.0610694289 0.611131668 0.640904188 0.916808963 0.524548948
    0.0177219808 0.460394084 0.772983313 0.262426078 0.49605453
    0.154408425 0.205049902 0.474035859 0.853009343 0.0499000251
    0.72469002 0.941610098 0.850084186 0.406724542 0.208252937
    0.788931429 0.898273051 0.805487573 0.260667264 0.323367566
    0.860596061 0.93651557 0.929129899 0.87638098 0.456546307
    0.164888918 0.868130088 0.292153656 0.81837225 0.255406022
    0.250173628 0.824767709 0.912050009 0.667394996 0.256989837
    0.0679173172 0.540620744 0.519412518 0.323245972 0.603030682
    0.927126646 0.2236498 0.134824842 0.0449258089 0.739189982
    0.912025869 0.00357308984 0.767620325 0.6770612 0.7061674
    0.840511441 0.0450768173 0.217216402 0.828154802 0.583393753
    0.762250423 0.135846317 0.68534416 0.760578394 0.909398019
    0.102425933 0.203357667 0.611803234 0.183315098 0.981986642
    0.835432649 0.16992873 0.86379379 0.0600247979 0.246912807
    0.150678128 0.793684959 0.430677354 0.360835165 0.577771246
    0.400849223 0.0906986296 0.365204751 0.529547572 0.0106987953
    0.628991425 0.689169109 0.120719284 0.649956644 0.962294698
    0.464135945 0.377272189 0.0113874972 0.554707944 0.864288092
    0.580877304 0.195509315 0.759757876 0.388289422 0.229263276
    0.706225872 0.489110529 0.631818712 0.0443868935 0.138106227
    0.59773308 0.774289608 0.120027542 0.484839737 0.490639746
    0.515906751 0.832250237 0.780649066 0.340649843 0.35752666
    0.436679542 0.516383171 0.643488526 0.05509004 0.931915402
    0.522221029 0.784791946 0.55998683 0.629640222 0.185225546
    0.747798502 0.436950982 0.819627464 0.978674769 0.168077886
    0.583932757 0.66744554 0.905148864 0.412835628 0.0630075037
    0.758819938 0.190314919 0.446080267 0.568530321 0.674172759
    0.698912978 0.662928104 0.763048768 0.783299446 0.425379872
    0.295961499 0.753424287 0.585647464 0.939720631 0.0321689546
    0.749036074 0.309774011 0.291977048 0.987471342 0.181054205
    0.682565749 0.643696606 0.0620902479 0.649095476 0.657632649
    0.0811772943 0.430497676 0.14293474 0.355604947 0.575295568
    0.214356124 0.127125978 0.865910411 0.536774933 0.715282679
    0.442081571 0.425191224 0.841784716 0.801725984 0.986955702
    0.581567407 0.352630734 0.884241104 0.385367721 0.916634619
    0.608933568 0.74886018 0.580493689 0.195186704 0.656736493
    0.565233648 0.458101839 0.762715578 0.538823247 0.226096541
    0.879572272 0.0924527645 0.809962988 0.0502156317 0.934943318
    0.489721 0.0349850953 0.207995772 0.741810858 0.68781805 0.771693289
    0.874847412 0.341256529 0.482705325 0.943051696 0.855360508
    0.68429333 0.000385701656 0.626284838 0.336673737 0.24829933
    0.781045318 0.0688520074 0.138628483 0.347482592 0.0769836009
    0.924879611 0.706819713 0.0506038964 0.460460156 0.334204376
    0.878988504 0.397178352 0.197644264 0.20879066 0.443229854
    0.439390123 0.286584646 0.0226674974 0.115880042 0.294889092
    0.729113817 0.233397365 0.333127499 0.20748958 0.580195844
    0.660071731 0.497443408 0.744405627 0.987778723 0.15252766
    0.149125129 0.0196504295 0.379959524 0.189382911 0.826930642
    0.093526274 0.733351111 0.274509072 0.147007108 0.257877737
    0.526809812 0.887704611 0.385649472 0.349336147 0.606971383
    0.800324798 0.151221305 0.966374278 0.930337429 0.894753993
    0.737749755 0.312899023 0.507561624 0.68096143 0.881960392
    0.774628639 0.315114141 0.926626801 0.739849806 0.542690217
    0.316246659 0.804396451 0.677029967 0.513638556 0.263276517
    0.466564864 0.21145618 0.65932703 0.383729666 0.625175178 0.59050858
    0.485307872 0.789027154 0.0930587947 0.518866301 0.0795898438
    0.0461849272 0.429382771 0.47641319 0.735394299 0.749342501
    0.927499115 0.706858695 0.744529605 0.481059253 0.745908618
    0.213320494 0.912687302 0.466094524 0.899564624 0.840431869
    0.647033453 0.672684789 0.3506805 0.0662289858 0.339935333
    0.0136811733 0.335998714 0.707030654 0.754199028 0.111356139
    0.704501569 0.316520303 0.532674909 0.849950552 0.757372081
    0.350243419 0.704732895 0.139653563 0.305933714 0.457187623
    0.95827651 0.35647887 0.871759415 0.476774305 0.824820161
    0.568581223 0.706060529 0.0494861007 0.635261774 0.0377604067
    0.785805583 0.435624689 0.547124147 0.167627841 0.898034453
    0.890240908 0.620173097 0.398685396 0.511094332 0.761397243
    0.9713853 0.861251652 0.665097415 0.626349449 0.294191122
    0.0391770303 0.768154621 0.580956995 0.420668423 0.318613619
    0.902254224 0.232237458 0.654141247 0.513535202 0.404870093
    0.909660101 0.326447368 0.179307371 0.634897828 0.375904024
    0.713818312 0.946912467 0.924070835 0.765664697 0.536290944
    0.402197331 0.19589892 0.843034983 0.0369839668 0.259034991
    0.732437789 0.867966056 0.613341928 0.387273103 0.0242570043
    0.0682083964 0.281808496 0.617202997 0.959381104 0.794438601
    0.387660295 0.368516743 0.994139552 0.324729025 0.634367704
    0.833828151 0.951100171 0.57365489 0.728320003 0.507105649
    0.995323896 0.676633596 0.731415093 0.928810477 0.454975188
    0.625374675 0.575782895 0.559045672 0.983467937 0.290738225
    0.0867043436 0.445597291 0.973602593 0.15559271 0.784783244
    0.688071132 0.385645241 0.18145141 0.926479578 0.0838626027
    0.700626016 0.285501063 0.696576476 0.468170315 0.295357287
    0.250007331 0.862621188 0.819475293 0.106565356 0.663381398
    0.648365796 0.726940691 0.204602659 0.399915248 0.973661661
    0.946064353 0.822617292 0.885902941 0.52783072 0.201358944
    0.934245586 0.264737368 0.577300072 0.289224982 0.495951891
    0.440582722 0.754323006 0.141180426 0.218154043 0.448644936
    0.116047919 0.268382877 0.675685525 0.560662687 0.385755092
    0.091693759 0.480206996 0.00711455941 0.591305792 0.5135414
    0.733463943 0.516465783 0.781329095 0.810076714 0.179456949
    0.467208475 0.283407032 0.401912272 0.808869481 0.668463409
    0.809063077 0.27301091 0.578085601 0.304071605 0.63528806
    0.658787549 0.26660043 0.791462898 0.799000025 0.605902553
    0.914244533 0.777473211 0.626541495 0.91315186 0.310238987
    0.22944355 0.39062804 0.0739001334 0.199719638 0.737143755
    0.902103543 0.363635063 0.670547605 0.316258788 0.647767603
    0.460511446 0.886509299 0.0653503835 0.310411334 0.449259549
    0.0516771078 0.00700816512 0.928343236 0.993162036 0.210729867
    0.645883679 0.00117778778 0.346547902 0.884823918 0.00658634305
    0.950721979 0.806131005 0.17819047 0.231262207 0.27615428
    0.231424361 0.161490828 0.204844117 0.26270026 0.0194807649
    0.288882792 0.970389485 0.877520442 0.0199245214 0.577270567
    0.700014889 0.430971324 0.670342207 0.0446619689 0.628783941
    0.961298347 0.0530274212 0.930812538 0.0579204857 0.590292335
    0.13988933 0.83732909 0.859457612 0.906178355 0.92584157 0.668018639
    0.443645954 0.0502510071 0.531931162 0.398932457 0.0516051352
    0.732946157 0.122841537 0.729797304 0.140059471 0.277796388
    0.569620728 0.377264917 0.48124513 0.0922785997 0.16558519
    0.641096234 0.599063098 0.138233691 0.790914118 0.493075907
    0.649008572 0.0984767973 0.245210409 0.701245844 0.7079615
    0.895244241 0.439687341 0.559156358 0.960083008 0.379478216
    0.175759465 0.975771666 0.730515838 0.507909954 0.14925164
    0.423290193 0.111920953 0.141846985 0.0164520741 0.560645878
    0.771806359 0.847816467 0.258532196 0.000441402197 0.843855858
    0.50231725 0.367392272 0.185044706 0.866348565 0.159001559
    0.821126223 0.764295936 0.279264212 0.089862287 0.491690785
    0.912335455 0.399803996 0.38549751 0.303185701 0.812730908
    0.749972224 0.102378756 0.887732267 0.256451994 0.382899135
    0.592094302 0.0813178718 0.434772909 0.436921984 0.451277077
    0.95917654 0.185068548 0.544767499 0.693544507 0.643686295
    0.20746243 0.368497491 0.0845890045 0.35653469 0.0896128416
    0.825030446 0.681563497 0.152055413 0.805490851 0.915061474
    0.00674155354 0.228568256 0.077290982 0.497065127 0.510757387
    0.296670169 0.221321881 0.215315789 0.499043286 0.461047381
    0.296325058 0.782625496 0.156030476 0.316628039 0.700206876
    0.806669712 0.878458619 0.464154482 0.636901379 0.885048807
    0.474072903 0.581934869 0.222103864 0.247455597 0.0599042773
    0.901816905 0.395909846 0.478244126 0.38868764 0.5993976 0.69279772
    0.0617003441 0.929593563 0.723130345 0.835309982 0.170201212
    0.667978704 0.604917288 0.3286708 0.68819344 0.236040503 0.060454309
    0.879555821 0.018150717 0.374265701 0.716857553 0.746507525
    0.32078743 0.523423791 0.24938938 0.464589238 0.934370637
    0.874751985 0.931374907 0.860209703 0.635558009 0.447558492
    0.0294136703 0.453661472 0.750403762 0.719637156 0.800783873
    0.888629913 0.503107846 0.155885667 0.0956333578 0.498896837
    0.344316572 0.0911942124 0.688096702 0.266697764 0.337151825
    0.210244626 0.893648386 0.0615285337 0.76443696 0.922445178
    0.441150725 0.780659318 0.913509429 0.902447224 0.406591594
    0.189468503 0.958577931 0.536673188 0.570097148 0.792023182
    0.129085153 0.683175266 0.906516731 0.499806672 0.9382447 0.11414209
    0.848911703 0.875508904 0.521754742 0.261533678 0.537510872
    0.403248549 0.840473175 0.176608801 0.970596194 0.797115445
    0.490983605 0.827148736 0.523311019 0.540358841 0.772814751
    0.323768854 0.721730351 0.318685859 0.502729833 0.474870265
    0.18189925 0.544997633 0.545838535 0.167366028 0.0194287896
    0.982744932 0.561485291 0.363510817 0.115508139 0.238646805
    0.7381109 0.972377062 0.340019166 0.724814296 0.481301576
    0.364112496 0.39389953 0.223720104 0.698753536 0.241550654
    0.578680873 0.500040889 0.161427706 0.492593735 0.827567101
    0.402896464 0.881268382 0.625623345 0.9937464 0.587011576 0.76783669
    0.571012259 0.254973114 0.290705949 0.362746745 0.986564279
    0.499465823 0.451598316 0.273476303 0.56063664 0.943101823
    0.865216136 0.97979337 0.74414432 0.288460851 0.483208597 0.84788239
    0.0673541427 0.254035294 0.956147432 0.738366485 0.582612693
    0.575179815 0.493461162 0.835173965 0.2440615 0.314435601
    0.677191973 0.0281453431 0.769134879 0.616292536 0.445117176
    0.665757418 0.100681901 0.438125849 0.856062174 0.365048885
    0.93682909 0.42608434 0.708243608 0.149711818 0.523575783
    0.446543187 0.0973656178 0.800749421 0.500639319 0.600505471
    0.306742579 0.934425116 0.694838881 0.0143283606 0.0820255578
    0.869295478 0.840343475 0.657771587 0.0401335657 0.501521647
    0.161240786 0.0660891831 0.942538857 0.363063216 0.0968646407
    0.658618927 0.0297738314 0.84228909 0.532378972 0.998469293
    0.69607836 0.957131922 0.616654873 0.667932153 0.508961976
    0.228038967 0.317395777 0.832486212 0.550711334 0.891608238
    0.19188118 0.496866971 0.701429784 0.334803581 0.376234114
    0.750630617 0.479958504 0.441558629 0.53199476 0.518647194
    0.309377968 0.586157799 0.596361279 0.640374422 0.0704189241
    0.286501646 0.358143449 0.024320066 0.458253503 0.116269141
    0.86985606 0.56530267 0.967359304 0.252217948 0.446331441 0.88313657
    0.535233319 0.588965237 0.863879919 0.433237612 0.840641499
    0.987872243 0.284467041 0.497227371 0.390885204 0.0504959822
    0.713887811 0.214946777 0.0832945406 0.908014655 0.388316095
    0.117022842 0.221075624 0.0309081972 0.166151255 0.0240466595
    0.691795826 0.659971237 0.722403049 0.873428524 0.905825436
    0.112647086 0.844622612 0.409069121 0.353295803 0.645260811
    0.274521589 0.146136552 0.95306921 0.448668629 0.647361696
    0.00274437666 0.0564549863 0.828361273 0.00529748201 0.992347896
    0.821822643 0.226772964 0.462353677 0.33009094 0.588855386 0.6324929
    0.649469554 0.512640297 0.919943452 0.512698948 0.00721016526
    0.2360892 0.665071189 0.163446307 0.652073383 0.0145231485
    0.336051315 0.554343998 0.363094598 0.749325871 0.936926544
    0.757314324 0.108357877 0.891822755 0.467234015 0.559456587
    0.323756218 0.989626348 0.338472009 0.751618624 0.379865587
    0.552627206 0.128273278 0.490006238 0.288107872 0.768742919
    0.10732463 0.215907127 0.361892164 0.667184353 0.0159778297
    0.153243035 0.384180427 0.25329712 0.375716776 0.795600295
    0.583231509 0.568267047 0.650174797 0.748925507 0.753934443
    0.0651559532 0.64653337 0.605400801 0.306658685 0.676109016
    0.376822054 0.0323596597 0.96103096 0.235597283 0.467611939
    0.436428815 0.950377703 0.152195275 0.888185382 0.173085749
    0.37789014 0.441194952 0.550852895 0.390260816 0.769580781
    0.0902179182 0.393038183 0.0616839826 0.0636890233 0.532817423
    0.234573513 0.371163845 0.71102649 0.824208438 0.960418224
    0.652693808 0.472182482 0.0146814585 0.799730301 0.997221351
    0.124705642 0.858997822 0.430017173 0.677684188 0.557873726
    0.0408391654 0.431107283 0.421708375 0.744137943 0.828250051
    0.0396396816 0.22607097 0.019557476 0.0414175391 0.0889721513
    0.0742401779 0.403350145 0.373330772 0.37487936 0.550756097
    0.788857937 0.0868984163 0.0987839699 0.185889691 0.324103206
    0.758190393 0.961963534 0.661916971 0.0115486979 0.931937933
    0.89698565 0.74213469 0.957118154 0.673209667 0.974533319
    0.731198132 0.692681968 0.0351660848 0.0143601 0.262358963
    0.838752806 0.177588493 0.395511419 0.992993951 0.596103907
    0.452687442 0.395153582 0.644220054 0.129063427 0.862543106
    0.464826405 0.961096287 0.423686922 0.564159155 0.655381203
    0.577148378 0.759669423 0.00643453002 0.908967018 0.848093092
    0.0403268933 0.461012363 0.232168317 0.368562043 0.747246265
    0.191998333 0.753228188 0.0159078836 0.155442476 0.495895684
    0.334843755 0.273983061 0.191163719 0.629717112 0.905534863
    0.498610109 0.964768887 0.757568955 0.114416391 0.122814476
    0.747626543 0.0354346931 0.171965957 0.796463847 0.652778745
    0.632123232 0.218206525 0.123925716 0.981947541 0.598592341
    0.672760844 0.581421673 0.143007785 0.214389712 0.627003789
    0.00455287099 0.168757051 0.73250246 0.430474639 0.560409069
    0.650072277 0.0747466981 0.458522409 0.782735169 0.178331107
    0.887402236 0.978013158 0.604692817 0.270812929 0.486524552
    0.957646966 0.605901718 0.327736914 0.423846424 0.571819723
    0.163975179 0.376810342 0.246087968 0.0976774395 0.588351488
    0.759053826 0.449712098 0.456386149 0.436596662 0.315539956
    0.21683237 0.620216608 0.0470599234 0.915672302 0.39586401
    0.022895366 0.603656232 0.155803889 0.782618999 0.881412864
    0.254193008 0.849064708 0.434241444 0.0463415384 0.658838868
    0.642438054 0.555389941 0.420837581 0.26859206 0.245037645
    0.516993642 0.916245103 0.30768019 0.343273163 0.24371776
    0.323550165 0.474157751 0.957351208 0.129481256 0.666360736
    0.597829938 0.762409091 0.126858234 0.821412444 0.310217857
    0.608119726 0.880746007 0.577788711 0.569727182 0.254035681
    0.65906322 0.947395086 0.306429207 0.942610085 0.148945451
    0.74603343 0.0140053034 0.569666386 0.691343069 0.899223864
    0.230726063 0.889813304 0.714275241 0.706728756 0.879399896
    0.698283136 0.357026011 0.329065174 0.724064112 0.113907337
    0.630754709 0.0174056292 0.157763362 0.405074179 0.78735745
    0.919906735 0.432795405 0.57861346 0.0971837342 0.330647528
    0.310020089 0.216213137 0.336383164 0.653968871 0.994539022
    0.595110357 0.942636669 0.860031605 0.835126042 0.709506452
    0.307183206 0.916082978 0.462626696 0.303152502 0.00117325783
    0.770923436 0.0504012704 0.879720688 0.0977215767 0.158593684
    0.381881207 0.686939895 0.6700086 0.719760776 0.404933542
    0.776643336 0.0598172247 0.121037006 0.322562397 0.649345219
    0.983352363 0.815360665 0.64846468 0.346792907 0.0504601598
    0.497152567 0.873974085 0.468557715 0.745577633 0.917709708
    0.613997996 0.974119067 0.907441795 0.913174868 0.154142797
    0.974974513 0.0873188078 0.153901696 0.309879482 0.731389284
    0.842733502 0.993317366 0.597566187 0.30902949 0.100150019
    0.529387355 0.255426317 0.492078364 0.546133876 0.117784292
    0.953519583 0.377518803 0.649338603 0.127198547 0.805996656
    0.45837301 0.504596114 0.279242277 0.628551006 0.5755108 0.186225325
    0.0183394551 0.529741347 0.6098032 0.236974329 0.849385023
    0.195375025 0.225375593 0.457623959 0.86732471 0.416903138
    0.020524919 0.407507986 0.772744179 0.821352899 0.5791834
    0.979141355 0.465145826 0.748250663 0.79406631 0.858959079
    0.867341578 0.518235803 0.906019807 0.60168153 0.0130732954
    0.692731142 0.102084637 0.630507112 0.760410786 0.737128139
    0.24020353 0.679753423 0.650436997 0.01205194 0.117759883
    0.0999395847 0.56892103 0.537142217 0.321170241 0.989924192
    0.436951369 0.603955448 0.232091159 0.740953147 0.133301735
    0.00966739655 0.809541702 0.750629425 0.824242592 0.51040262
    0.295143753 0.7603091 0.789875627 0.439716846 0.748891711
    0.428375602 0.67755127 0.728982449 0.667139471 0.65420258
    0.750392318 0.367273569 0.378879309 0.150726646 0.379913509
    0.135840923 0.118983418 0.0231068432 0.867863059 0.823851109
    0.329060405 0.640900373 0.642476499 0.214250684 0.994719267
    0.533785045 0.15077436 0.921603918 0.791528225 0.207562208
    0.397587687 0.761008382 0.0955117047 0.0274545848 0.925099671
    0.784039378 0.385530978 0.615793347 0.0490953922 0.407662243
    0.359839559 0.0176758766 0.53596884 0.195663422 0.74609977
    0.0978777707 0.483488858 0.721260428 0.573338032 0.69435358
    0.0555465221 0.050558269 0.709931135 0.037925303 0.282647431
    0.750202537 0.66771543 0.558120251 0.303669989 0.466980517
    0.226018101 0.384393096 0.567075908 0.619870543 0.00424310565
    0.872302532 0.276699334 0.531574965 0.749548733 0.0204114616
    0.38374427 0.972320199 0.544326305 0.234761536 0.421907157
    0.923959613 0.0433266163 0.232902557 0.11625126 0.127577215
    0.262837112 0.993317604 0.508839548 0.964305937 0.230047077
    0.0884073079 0.315223813 0.27828306 0.738192916 0.234728724
    0.394885302 0.960237741 0.760411501 0.668746591 0.980517268
    0.56051755 0.282077491 0.325839907 0.226516038 0.923114181
    0.769789457 0.0479624569 0.145034999 0.200233221 0.747889459
    0.142597288 0.603603423 0.714187622 0.232563674 0.9791466
    0.249367028 0.719534993 0.79286623 0.249228537 0.925928831
    0.800517797 0.812391877 0.274480522 0.466790199 0.445645094
    0.405885935 0.230841815 0.837635875 0.612011194 0.813243687
    0.28381443 0.784969449 0.144620538 0.346538931 0.85022378 0.26492697
    0.220071852 0.929326653 0.282028556 0.549881518 0.34955591
    0.926666915 0.0466616154 0.170032591 0.428095728 0.45615235
    0.790143132 0.337296844 0.715426564 0.116443038 0.930689096
    0.937190115 0.236022055 0.518763185 0.104562491 0.106772453
    0.789048374 0.720604777 0.486893833 0.490951359 0.662215352
    0.188395321 0.928966641 0.0477550626 0.48336342 0.92044723
    0.935983419 0.435271025 0.470125318 0.150408745 0.747513771
    0.899096608 0.223966092 0.720568597 0.308263004 0.324394107
    0.648009419 0.970129728 0.797264338 0.584445417 0.292621613
    0.0975270569 0.803679526 0.756257653 0.288227499 0.152463198
    0.472004324 0.133523941 0.273750991 0.429861546 0.946036458
    0.813843966 0.0865926147 0.634320498 0.587947011 0.334973335
    0.0185011327 0.0305782557 0.170724332 0.689106286 0.549281478
    0.167680889 0.236927927 0.296123862 0.77606535 0.0830309987
    0.848479867 0.495121747 0.797846317 0.859174967 0.816657901
    0.247110367 0.418308973 0.764270782 0.278218538 0.110314995
    0.293369174 0.643662691 0.675654888 0.535161972 0.82492888
    0.169817656 0.954557776 0.758370817 0.834635496 0.187449723
    0.0560245812 0.294942677 0.389066726 0.250465274 0.968669295
    0.141971767 0.418228418 0.720040679 0.519354939 0.191707551
    0.227349252 0.910784006 0.806504965 0.884229064 0.904817343
    0.775339842 0.60965687 0.178980887 0.62237817 0.100956857
    0.0223961473 0.50161773 0.252963185 0.19192642 0.0842797756
    0.610078394 0.662017167 0.530206382 0.53379494 0.798745632
    0.460249901 0.816204607 0.825833797 0.00356921554 0.925497651
    0.229212493 0.0550873578 0.237215161 0.182624578 0.508885384
    0.826640844 0.847496629 0.0557983518 0.60459435 0.0639153123
    0.30418843 0.168541193 0.926667213 0.234291524 0.364942461
    0.871158838 0.589063227 0.585307777 0.377474636 0.969747007
    0.605540097 0.758082926 0.473352164 0.237198442 0.922382712
    0.960691869 0.774172068 0.894177198 0.116708338 0.375427812
    0.00172668695 0.55162859 0.748704612 0.4866063 0.678167105
    0.286897302 0.912646234 0.0930424333 0.823260427 0.354239941
    0.381450564 0.537772417 0.0706911385 0.877756 0.774481893 0.76951158
    0.906596541 0.401126802 0.325532496 0.956621528 0.896209419
    0.68978548 0.801566839 0.2457681 0.707237422 0.424628258 0.95453012
    0.637578666 0.415287346 0.0527529418 0.816405714 0.124381453
    0.294693202 0.0724813938 0.0668594241 0.351281524 0.779466987
    0.764897943 0.895607352 0.870063663 0.240605861 0.776120067
    0.20341152 0.491658241 0.707667768 0.826505423 0.0880998969
    0.263347387 0.032926172 0.180775106 0.224205941 0.537797689
    0.173923463 0.636713147 0.576943099 0.442301631 0.843587995
    0.313874304 0.0471214354 0.358243704 0.596852779 0.015827924
    0.478346914 0.590920687 0.710960269 0.436056882 0.465146512
    0.887372613 0.376835883 0.378749818 0.17898047 0.75607729
    0.882056892 0.717906415 0.797085047 0.14977783 0.922407448
    0.415325195 0.710859418 0.740799606 0.85735929 0.699377179 0.7883569
    0.226398945 0.374292344 0.961612821 0.626289368 0.783273935
    0.442306757 0.429213822 0.904467225 0.813687563 0.237331301
    0.860385656 0.774600029 0.26278007 0.812204599 0.325317025
    0.110548437 0.0542764068 0.754733086 0.0491487086 0.1764507
    0.554197192 0.329683989 0.126064032 0.584431767 0.120570987
    0.476284623 0.684465051 0.895187497 0.182167172 0.328582287
    0.643432736 0.0837773681 0.197631568 0.860858917 0.841332853
    0.73794353 0.798210204 0.661728501 0.409040272 0.0942099094
    0.898828685 0.27368027 0.842272401 0.9569875 0.0525154471
    0.578685045 0.194168121 0.759678364 0.174815834 0.173789173
    0.400451809 0.0357685089 0.972212434 0.592332363 0.589023411
    0.854241967 0.964548588 0.111900717 0.877373695 0.557062864
    0.175908417 0.517777026 0.0600462258 0.288753271 0.176782429
    0.860264361 0.747594535 0.75640291 0.889405847 0.14023909
    0.043711096 0.679700136 0.652155876 0.260982156 0.271047592
    0.640863478 0.868511498 0.146274418 0.573804617 0.874315202
    0.0423552692 0.787602544 0.0186137855 0.956358433 0.489903271
    0.0520449877 0.74879694 0.300649583 0.24394682 0.311291367
    0.597950041 0.951761961 0.438286602 0.742504597 0.905799568
    0.162406862 0.568728328 0.487877637 0.822713971 0.969337225
    0.0896038413 0.819613993 0.835873485 0.396329641 0.90239805
    0.567739487 0.738559961 0.416879535 0.418798208 0.149997741
    0.641192615 0.175161034 0.213131309 0.0357661545 0.858086526
    0.864192963 0.663920879 0.18171826 0.390650988 0.205453783
    0.352576077 0.977899432 0.478765249 0.520341933 0.837061584
    0.097096473 0.0586515069 0.805476189 0.729296327 0.10423705
    0.0224177837 0.901544452 0.192529052 0.909915388 0.42757076
    0.515356779 0.72572422 0.740156889 0.702490151 0.766569853
    0.0796969235 0.198221713 0.0612291396 0.0385496616 0.738901734
    0.398713708 0.785680294 0.618829429 0.449026197 0.492120385
    0.810847402 0.373992324 0.0257330239 0.0428650081 0.240126073
    0.787615597 0.194288611 0.585233748 0.834016085 0.32936734
    0.812326193 0.719337463 0.296737552 0.795909584 0.722489774
    0.117726415 0.849523187 0.667995453 0.383081973 0.457507521
    0.809146404 0.971245408 0.870883226 0.885577321 0.514360785
    0.327482939 0.990160167 0.799978852 0.119418889 0.486651033
    0.227240115 0.892000437 0.056981653 0.921177626 0.73900944
    0.462804109 0.0683931112 0.853168488 0.855988443 0.0535493493
    0.647799373 0.904655933 0.000203043222 0.0848382413 0.572874427
    0.417756736 0.989875436 0.567127168 0.332324028 0.757607162
    0.644540966 0.222953022 0.510156155 0.863524377 0.36491257
    0.399630308 0.241596699 0.988079309 0.879208565 0.974804163
    0.434923023 0.319749534 0.163195133 0.483919024 0.415862083
    0.0719070733 0.355756879 0.411886543 0.917044282 0.177312464
    0.963579774 0.551907599 0.237087697 0.948532224 0.426221192
    0.612935364 0.677362978 0.515892506 0.410437346 0.714334786
    0.202883214 0.450012237 0.551503956 0.77721262 0.741198897
    0.989429235 0.309330076 0.242171288 0.389096111 0.511470437
    0.28884536 0.102307707 0.870822966 0.0481112003 0.412411481
    0.972156167 0.795858026 0.232780993 0.552169681 0.0368118286
    0.801651597 0.67988658 0.0435528159 0.749919176 0.292905033
    0.830915689 0.685201108 0.0911641419 0.0400516093 0.617043138
    0.22647047 0.848933339 0.0763501525 0.747104764 0.578970492
    0.795313299 0.472905338 0.556246579 0.837683797 0.911774039
    0.515863776 0.263876796 0.552578807 0.593831778 0.837103128
    0.810923457 0.134318233 0.490349412 0.697197855 0.891361117
    0.395673633 0.784329295 0.249636531 0.197602898 0.772960544
    0.545630515 0.518970966 0.616940618 0.138780951 0.434173703
    0.229071677 0.311085135 0.445047706 0.391192496 0.255422235
    0.183145195 0.960240722 0.542991161 0.476125956 0.54571414
    0.593281388 0.904437661 0.676198781 0.972712398 0.880226851
    0.318360955 0.962423921 0.00670713186 0.434710264 0.553039014
    0.701135874 0.270161003 0.885254383 0.0763483346 0.807083189
    0.849912584 0.177975893 0.442265689 0.30232197 0.854498148
    0.954575062 0.354231268 0.238668084 0.789872527 0.388185918
    0.868483067 0.974040866 0.93244338 0.00296515226 0.948894262
    0.579719067 0.181244373 0.118724108 0.375869691 0.53425318
    0.692975819 0.385254383 0.608158112 0.926583767 0.3736974
    0.806227326 0.14461273 0.385812283 0.991995037 0.613680542
    0.602929533 0.0803649426 0.465871513 0.829212546 0.972326756
    0.904680312 0.282506019 0.482373953 0.477017075 0.0613812208
    0.648346543 0.25895071 0.670113325 0.830514729 0.322866321
    0.391203582 0.583805203 0.917002738 0.584338069 0.954043269
    0.445936769 0.774880111 0.873428822 0.708877802 0.827136457
    0.333639592 0.81077373 0.451782078 0.578074098 0.0853503942
    0.131823987 0.71730721 0.683531225 0.477279454 0.124663085
    0.291642427 0.115743935 0.997028828 0.69872719 0.157705724
    0.178854883 0.83873111 0.637298226 0.0167978108 0.54557699
    0.770893693 0.935263753 0.464954793 0.314149767 0.137719423
    0.0565138459 0.771313071 0.272435039 0.275147498 0.796173573
    0.621168613 0.896459937 0.021220088 0.416049898 0.917316675
    0.0152685046 0.468737304 0.0677702725 0.874889433 0.585548401
    0.449876666 0.0176306069 0.416561455 0.862994671 0.326296717
    0.888544023 0.605623245 0.603742123 0.489358604 0.519217312
    0.185575217 0.974994659 0.356039524 0.188113362 0.819291413
    0.225098073 0.517419755 0.929957151 0.37364611 0.170719981
    0.400196612 0.00364583731 0.989962816 0.121483028 0.717388153
    0.437858462 0.120838135 0.403771907 0.893881679 0.0728727281
    0.0540423095 0.796787441 0.122237265 0.634459615 0.292244434
    0.331415772 0.302873969 0.877830148 0.956306756 0.132115692
    0.917969584 0.634660184 0.770066142 0.819389343 0.724182665
    0.405432373 0.986225247 0.893937469 0.123390973 0.188695967
    0.930228829 0.276922762 0.885708928 0.109069049 0.829122722
    0.51526022 0.35913223 0.190229625 0.431626052 0.749815345 0.39726606
    0.876664639 0.80562675 0.611960053 0.546451211 0.543441057
    0.695659459 0.0150703192 0.51370585 0.985005021 0.787134647
    0.750544071 0.720734119 0.448836386 0.00274384022 0.60654974
    0.0930691957 0.215202868 0.739972293 0.800143361 0.354023248
    0.644753098 0.84501791 0.709421992 0.494160444 0.38162142
    0.0999805331 0.050535053 0.643996 0.259124786 0.158256054
    0.705517232 0.309696674 0.891484082 0.104168683 0.511912107
    0.310435861 0.0133362114 0.6563766 0.258588225 0.563467026
    0.275464416 0.803973496 0.419995427 0.281445503 0.1961748
    0.705627918 0.24174118 0.599711776 0.735975623 0.427031517
    0.716793895 0.446419984 0.483931839 0.379151881 0.412619799
    0.4295986 0.0755553246 0.6803267 0.0172405839 0.34675616 0.153283238
    0.229299009 0.858283639 0.668173015 0.159520894 0.101202697
    0.608926654 0.815993607 0.630124807 0.857534409 0.0554444492
    0.00559964776 0.750761747 0.611882448 0.59677422 0.983012915
    0.259755254 0.0130608678 0.12920025 0.173455119 0.806266546
    0.53538096 0.88981849 0.249844134 0.891027212 0.484502435
    0.586878121 0.648239493 0.00677800179 0.472447217 0.972365558
    0.296645552 0.286301255 0.553582132 0.644160092 0.494926304
    0.521333098 0.878700137 0.908076286 0.00414413214 0.823373199
    0.946605802 0.766975045 0.176929116 0.16635415 0.256548494
    0.495908827 0.879704714 0.323688805 0.531504869 0.432649553
    0.194161475 0.706615806 0.0714416802 0.881884575 0.0167346299
    0.351107419 0.507704496 0.5326159 0.301440626 0.791177869
    0.096010983 0.33168909 0.204330921 0.034178257 0.0758775175
    0.84598875 0.385049999 0.293813646 0.150232315 0.271497369
    0.414116204 0.361038268 0.184785485 0.48043102 0.931296408
    0.439983696 0.958553672 0.54947114 0.0939879417 0.530821621
    0.608678341 0.707642078 0.0432159305 0.646008372 0.103542328
    0.921403348 0.126381457 0.68763113 0.0154985487 0.483697832
    0.863515019 0.463272333 0.461251706 0.354289293 0.0769314468
    0.610913336 0.25867483 0.440810353 0.128932774 0.157469749
    0.781545639 0.224777162 0.710125566 0.742854059 0.00112563372
    0.876416922 0.347631723 0.54298526 0.855037153 0.371175647
    0.947479069 0.56620717 0.446657538 0.257678479 0.802106738
    0.666819811 0.30553931 0.413579077 0.493569583 0.556425035
    0.580667257 0.155371666 0.374045312 0.117913306 0.939571142
    0.553725541 0.133655608 0.82784307 0.553998351 0.649023116
    0.148539186 0.664756536 0.882418454 0.904571652 0.29866311
    0.734170735 0.804131031 0.101036191 0.186149716 0.653030396
    0.161255777 0.18216309 0.74678421 0.970554829 0.664259672
    0.945367694 0.848183155 0.902565539 0.0477418303 0.489459366
    0.0111593008 0.979762137 0.625858188 0.836524487 0.332559556
    0.732030272 0.515681028 0.448225141 0.918468058 0.362040192
    0.577563286 0.932249904 0.289121509 0.604923129 0.925748706
    0.817992866 0.922766507 0.121481359 0.749570489 0.300709397
    0.413452566 0.310738742 0.608354211 0.564176083 0.608508468
    0.614262342 0.983335257 0.290748864 0.949615717 0.503233492
    0.895751595 0.884913802 0.508163273 0.290308684 0.290887356
    0.194706351 0.655600548 0.925977111 0.89867425 0.29352951 0.46617502
    0.29732281 0.45046562 0.504500687 0.403117299 0.490143061
    0.659951329 0.464072526 0.967514813 0.944098353 0.296973765
    0.576508522 0.00673902035 0.982712388 0.751880169 0.61832279
    0.0459145904 0.909862339 0.433787286 0.0559670627 0.230298966
    0.950223804 0.0905268788 0.241200358 0.42147845 0.150611997
    0.305151999 0.763953805 0.951036334 0.409822643 0.0115799904
    0.801216125 0.167675674 0.907315016 0.169222683 0.443680167
    0.722093344 0.232085615 0.919767857 0.76813066 0.469050825
    0.169005036 0.131416261 0.784780204 0.431117713 0.989465237
    0.677159309 0.691715956 0.138589799 0.0142668784 0.715475202
    0.0891065896 0.655796409 0.478434145 0.763741732 0.138597906
    0.516124547 0.454066455 0.784962237 0.776814222 0.551366627
    0.608936906 0.229580998 0.596099079 0.352894753 0.359698951
    0.318693608 0.0980450213 0.273187757 0.348833501 0.0495558381
    0.804966271 0.309912264 0.392719567 0.913690448 0.260275304
    0.118138522 0.283479869 0.153492749 0.834509194 0.893011689
    0.8401528 0.201477766 0.989691496 0.884410858 0.544138014
    0.357098967 0.186833173 0.972835064 0.856905401 0.869481802
    0.749617696 0.703228891 0.621309698 0.40676704 0.590648532
    0.923855126 0.277919143 0.69673562 0.234970421 0.545570791
    0.960333467 0.654964864 0.898885727 0.590370715 0.921983123
    0.20071587 0.907149792 0.482913077 0.306270331 0.743418872
    0.369069338 0.275771052 0.662809134 0.558502972 0.899858356
    0.0371346474 0.0165618658 0.0326446891 0.205054611 0.493460536
    0.299696296 0.896033525 0.678001344 0.84891355 0.8255018 0.719537377
    0.500686347 0.186902463 0.894285262 0.366181642 0.00509747863
    0.0408146083 0.368352711 0.521475554 0.442983806 0.203343153
    0.497489184 0.370605886 0.350542963 0.24180609 0.503511548
    0.984383523 0.0871082842 0.19832617 0.904603064 0.0921536088
    0.770464242 0.106778115 0.988207161 0.410222292 0.693832994
    0.470349014 0.690858066 0.951791704 0.511225283 0.588692546
    0.349370956 0.192518592 0.283185184 0.672323525 0.2654863
    0.298012793 0.165545613 0.429566979 0.391348124 0.67641139
    0.55626893 0.581390142 0.289946675 0.98604095 0.0945417285
    0.391345948 0.0703523457 0.530164957 0.511202335 0.520814657
    0.649111032 0.185610622 0.448846459 0.17631501 0.995204687
    0.0550795496 0.874867678 0.468638808 0.129143775 0.555289567
    0.926041484 0.582164884 0.953299165 0.0938233733 0.466137916
    0.393531978 0.953160286 0.569376051 0.429422706 0.727674007
    0.42760247 0.307406336 0.307640851 0.514622927 0.312401414
    0.375114709 0.735253811 0.014587909 0.984598815 0.56911993
    0.681062877 0.909061551 0.144538194 0.280149132 0.646183252
    0.473828346 0.7299546 0.242366046 0.571661294 0.732859254
    0.531599045 0.980703235 0.714090943 0.864528894 0.41621232
    0.398722768 0.349644333 0.466782153 0.69818604 0.24168098
    0.845925748 0.284296453 0.832626104 0.0741003454 0.00163906813
    0.582953811 0.390512109 0.24967289 0.401166916 0.840784192
    0.241208345 0.358364105 0.676552176 0.0374422669 0.990740716
    0.584100306 0.120030016 0.153392553 0.542241454 0.653561234
    0.0344436467 0.305058569 0.0150435865 0.99125433 0.142087072
    0.918464661 0.197291255 0.302826017 0.365871757 0.0734324455
    0.889771998 0.305281967 0.139760673 0.985834718 0.139529854
    0.251124442 0.111808896 0.871902645 0.991317153 0.922356606
    0.65961504 0.624100983 0.91768682 0.565971375 0.860235035 0.4554362
    0.296093225 0.291705757 0.788221836 0.60213089 0.258903921
    0.919616699 0.0469680429 0.492667586 0.286479294 0.855177343
    0.458367169 0.743246198 0.082506448 0.0416949689 0.901878476
    0.185132623 0.573694825 0.730797172 0.449388027 0.413431525
    0.324910522 0.120551169 0.866356254 0.762285233 0.259145081
    0.370474637 0.769478559 0.311389744 0.807843208 0.321046084
    0.94485724 0.782834828 0.947601855 0.334458351 0.881999373
    0.914017618 0.594799638 0.705520928 0.752753317 0.239458293
    0.52528429 0.577490568 0.982876837 0.504675925 0.239396185
    0.0670294464 0.380345047 0.228772998 0.145004094 0.658614755
    0.139787644 0.976038456 0.459986538 0.976536155 0.357462168
    0.446228266 0.928091049 0.920261562 0.988261104 0.432979524
    0.438076258 0.837854385 0.805321097 0.189169317 0.462490171
    0.0660683513 0.0621269047 0.487812608 0.436030269 0.450876623
    0.72650677 0.843284488 0.455213636 0.419216573 0.186326265
    0.489952028 0.693444192 0.358568788 0.266076565 0.117923349
    0.828853965 0.101333261 0.57677108 0.880292535 0.732513547
    0.0525196791 0.364920497 0.0285024643 0.871011257 0.614203155
    0.911247492 0.170862705 0.144720167 0.926225781 0.960280776
    0.65677774 0.22984305 0.632736921 0.238990724 0.101360232
    0.953833699 0.275389194 0.0381622314 0.331263959 0.134759963
    0.419295877 0.464062631 0.539538622 0.725581288 0.396566927
    0.571381688 0.910581052 0.38099134 0.282337338 0.858145356
    0.579579413 0.197070211 0.00373128057 0.1270473 0.125268638
    0.191842049 0.657319307 0.888950944 0.720069706 0.590391874
    0.675288796 0.755035579 0.277509034 0.311685652 0.71837604
    0.545470297 0.296898842 0.889943957 0.562151968 0.584320545
    0.540865362 0.917745709 0.911658168 0.427804619 0.902279615
    0.638811946 0.923035383 0.102369308 0.567905068 0.294546843
    0.933874249 0.408095777 0.475374103 0.580102503 0.864299834
    0.804969013 0.246213973 0.858252525 0.193188876 0.522466958
    0.0209729671 0.452909976 0.845953465 0.170528352 0.294763148
    0.106285572 0.382708132 0.0266440809 0.784740925 0.336871058
    0.0362961292 0.497738004 0.198274463 0.930784345 0.569483876
    0.144079268 0.939709067 0.480432183 0.583839715 0.430041552
    0.288949132 0.409757912 0.682528973 0.940460801 0.669935584
    0.589623034 0.832115531 0.901515961 0.742996395 0.893341899
    0.944511831 0.52892226 0.0133353472 0.368822992 0.186188549
    0.985748827 0.0553561151 0.935773551 0.71739018 0.253050357
    0.948722482 0.466980875 0.368784845 0.00750410557 0.858263791
    0.364034444 0.462180972 0.0883718729 0.398405612 0.252493858
    0.270642996 0.829556346 0.546499491 0.379043132 0.746979117
    0.192437857 0.289829493 0.81817162 0.141936421 0.89678514 0.24626562
    0.435757995 0.945179343 0.532025754 0.491725475 0.537379861
    0.722528934 0.485594183 0.590332508 0.896604419 0.549817145
    0.775755286 0.254385829 0.595254838 0.207355797 0.327301055
    0.60841912 0.374126762 0.485468388 0.832945943 0.40262121
    0.962893724 0.986643314 0.648553967 0.218491018 0.866846204
    0.598715007 0.431654215 0.895679116 0.725859821 0.952678978
    0.484209597 0.95148468 0.772515833 0.381890386 0.596467972
    0.171993226 0.587493181 0.411122531 0.522335589 0.749216914
    0.0501827896 0.202770293 0.780933261 0.133021206 0.270368814
    0.971116185 0.112220824 0.73706156 0.523423553 0.0266990662
    0.337444186 0.390360057 0.221918792 0.0981839597 0.104257345
    0.629059911 0.0916289985 0.36157304 0.928242922 0.0135114491
    0.00276353955 0.86509937 0.649080217 0.0501209199 0.393871218
    0.0955664515 0.458654642 0.263952345 0.610277534 0.990921021
    0.446771264 0.646232128 0.551013589 0.224261701 0.198827296
    0.352397025 0.198441565 0.858183384 0.103460014 0.821969092
    0.761155605 0.0873011351 0.0754399598 0.806154966 0.292573452
    0.730231166 0.802896857 0.739219427 0.51032269 0.172432274
    0.088924408 0.536598802 0.170023263 0.669162154 0.195024192
    0.830811977 0.454815298 0.845497429 0.960095048 0.768874407
    0.246727049 0.84273839 0.277842045 0.00927650928 0.368984282
    0.23090601 0.532965839 0.748056531 0.595493674 0.748327851
    0.661749899 0.860514164 0.4793863 0.570054412 0.71985352 0.124420404
    0.0714758337 0.34637928 0.417978227 0.961809695 0.325491011
    0.165265471 0.197396815 0.443556517 0.427358359 0.236963302
    0.651563287 0.874540806 0.15180999 0.296811551 0.22250697
    0.0987258255 0.566767573 0.727965593 0.512507617 0.0696701109
    0.895661175 0.269034088 0.0630390048 0.174434155 0.322570801
    0.281650513 0.982579589 0.229463875 0.808344603 0.429022908
    0.815316856 0.392481178 0.0175472796 0.693686068 0.649136186
    0.808920801 0.581936955 0.391343057 0.352450252 0.554924309
    0.788402319 0.881100237 0.812680364 0.669142723 0.914632797
    0.553179801 0.251717448 0.511449456 0.635953069 0.572193146
    0.644386649 0.627163768 0.295417547 0.0962003469 0.430685848
    0.270340145 0.0722652376 0.891186714 0.0243217647 0.941047847
    0.0886522532 0.416170776 0.883315921 0.667121232 0.462705314
    0.957511783 0.53155148 0.430764198 0.443784297 0.995832443
    0.817407608 0.422450989 0.119861811 0.922313213 0.677929997
    0.612384021 0.152888864 0.331758976 0.210244387 0.748588443
    0.514919043 0.0521117151 0.966146946 0.985031366 0.634315491
    0.934910059 0.737140596 0.0403965414 0.406609833 0.0284586847
    0.773713112 0.493836403 0.371185541 0.971518159 0.849235952
    0.73783499 0.312242568 0.72166115 0.111355841 0.0405800343
    0.474955201 0.691284776 0.346228123 0.0941591263 0.665840149
    0.557175994 0.110042304 0.680978298 0.837890506 0.606287837
    0.983930469 0.623945594 0.87477684 0.76249361 0.224044025
    0.966866434 0.567344546 0.959926367 0.197710484 0.0845411718
    0.851327777 0.178325832 0.678820252 0.819880366 0.315230668
    0.8847996 0.925779819 0.397080541 0.0127818584 0.0411557257
    0.964115977 0.692452908 0.0529311001 0.813028336 0.385848761
    0.902531147 0.244814575 0.834210753 0.162268996 0.182029188
    0.655959904 0.538321078 0.0843557119 0.122165024 0.874662638
    0.0142036676 0.661826432 0.407176435 0.729275346 0.620280802
    0.66610378 0.107674211 0.440633923 0.768309236 0.106792748
    0.226710677 0.992172241 0.227571338 0.263780147 0.843465269
    0.355087727 0.663853884 0.0785559118 0.955154538 0.661179006
    0.954953551 0.54647857 0.620914817 0.443228841 0.175507665
    0.876994789 0.863179684 0.428114533 0.246340185 0.492830336
    0.141214877 0.383746326 0.7839185 0.202892482 0.445355773
    0.698765278 0.268942654 0.773542464 0.648316026 0.475959688
    0.831997335 0.364684165 0.757471561 0.221873522 0.246124685
    0.864432335 0.756866455 0.292748749 0.739230216 0.620142579
    0.0276023149 0.181313992 0.0281897783 0.181271464 0.211869955
    0.984470904 0.946596265 0.79159224 0.584158242 0.357344925
    0.0900011659 0.640395641 0.995966792 0.802823842 0.647202373
    0.101752579 0.90587759 0.804701984 0.835923076 0.660410523
    0.377655655 0.230837226 0.441850156 0.509339511 0.214188695
    0.0240063071 0.562722683 0.200098991 0.910605907 0.577722311
    0.00901287794 0.0191610754 0.0432567298 0.736520946 0.254877865
    0.87198633 0.0689183772 0.23844108 0.447116971 0.389404505
    0.211980999 0.717283249 0.678306401 0.404321283 0.641059816
    0.332623541 0.682197988 0.0700382888 0.938712358 0.315772235
    0.134435385 0.646135271 0.0414800644 0.0115615129 0.0505498648
    0.694412351 0.503386199 0.345310569 0.218532443 0.962400913
    0.457519442 0.647649348 0.588164687 0.931674361 0.639163733
    0.830857754 0.347611368 0.941041946 0.162473083 0.782201409
    0.501933575 0.440147996 0.0349995494 0.081661433 0.787413418
    0.315323651 0.662821174 0.461647004 0.118172735 0.906164169
    0.489002466 0.827050209 0.567498446 0.748026192 0.384069741
    0.876232445 0.653486252 0.752813101 0.0253120661 0.94440639
    0.461346269 0.372251272 0.905495167 0.924081445 0.228487402
    0.970251322 0.147194535 0.646162629 0.245615631 0.18103233
    0.333747387 0.887636185 0.829472542 0.977268457 0.0649219453
    0.130068362 0.921852946 0.534871697 0.257768989 0.694761813
    0.958004951 0.705937564 0.496940583 0.264597446 0.17379272
    0.191062927 0.893128633 0.62345916 0.266296148 0.91220969
    0.705141366 0.884828568 0.941388726 0.0963653624 0.369747251
    0.602365851 0.700566828 0.915235519 0.972061694 0.829583764
    0.0946789086 0.345386505 0.454629093 0.189968467 0.977518141
    0.208413094 0.715546012 0.3432284 0.810369492 0.26276207 0.679186106
    0.304694325 0.556595981 0.467321247 0.028208524 0.96565032
    0.948224545 0.304723948 0.907438159 0.34651947 0.808153152
    0.898264766 0.979738653 0.624911547 0.706204116 0.0420550704
    0.07764557 0.619636059 0.208099186 0.17591837 0.771672666
    0.373352587 0.930838704 0.100747406 0.631340861 0.34689343
    0.52878201 0.361748099 0.689742327 0.71647054 0.352049708
    0.0893037021 0.0731018186 0.944184542 0.586890519 0.140924305
    0.1578179 0.599539518 0.897883952 0.922165513 0.837670326
    0.153804272 0.902564108 0.735367239 0.478056431 0.888027906
    0.859177291 0.0122727454 0.844653368 0.0456141531 0.772343516
    0.645208716 0.428224176 0.111296773 0.106962562 0.440102071
    0.116628766 0.0190800428 0.529330015 0.253379047 0.578287363
    0.97026366 0.616827071 0.0719791055 0.38689357 0.328240156
    0.106264621 0.956731021 0.441052526 0.521999478 0.714865327
    0.271150053 0.773168564 0.18357712 0.457146972 0.0941694379
    0.095587343 0.347245604 0.800830603 0.676752567 0.51739037
    0.240123838 0.32731396 0.731194735 0.10098958 0.668699682
    0.719554067 0.585171342 0.767196894 0.439735472 0.406947434
    0.940413415 0.741787195 0.920526862 0.0211059749 0.794024467
    0.662916303 0.616849244 0.761187434 0.719107628 0.933300614
    0.300242662 0.389156222 0.278059423 0.493893325 0.323001504
    0.51170814 0.0966486037 0.146583021 0.133138925 0.705319405
    0.787285388 0.308893979 0.446417451 0.95951736 0.801852345
    0.507508218 0.603218317 0.74860698 0.749723136 0.268760264
    0.0615801513 0.221647233 0.992626846 0.732013941 0.56027168
    0.15513888 0.938727856 0.567614377 0.234665871 0.646178663
    0.936841846 0.778347492 0.849873245 0.70054996 0.293018311
    0.416845202 0.489422947 0.900754094 0.799220443 0.143737316
    0.137322426 0.0521633625 0.969327092 0.365999788 0.847762465
    0.77450633 0.924683928 0.646861672 0.582835555 0.369591624
    0.183193564 0.971432209 0.525720358 0.00482174754 0.108059287
    0.148433328 0.331853479 0.391256958 0.233254641 0.814585924
    0.822941303 0.739002109 0.305808067 0.994265676 0.410010755
    0.101764947 0.44957909 0.68286401 0.555279136 0.49685362 0.590310633
    0.0970658958 0.433963865 0.130607337 0.429990381 0.975747049
    0.714193344 0.489320487 0.948501587 0.948288977 0.0681906044
    0.419857562 0.099919796 0.504939795 0.0754530132 0.19303599
    0.170774281 0.641766071 0.19204393 0.00817573071 0.487654269
    0.924616039 0.892398 0.195794344 0.228588551 0.995404482
    0.0439947546 0.284294009 0.388368726 0.11642468 0.199791968
    0.12454012 0.517676413 0.322256625 0.366254926 0.124963224
    0.483311832 0.206690907 0.154399812 0.872986317 0.5521366
    0.960321546 0.322035342 0.713472664 0.91100949 0.0300632715
    0.607498348 0.630798817 0.451179177 0.606771469 0.0679658949
    0.525775671 0.63424623 0.228836536 0.0965158641 0.153857857
    0.870899022 0.920238078 0.466624945 0.0702676773 0.273986161
    0.204402119 0.407240629 0.318977296 0.379724622 0.0318672061
    0.949455082 0.353823185 0.883835435 0.919921815 0.23164162
    0.882573724 0.310473621 0.443834424 0.145243973 0.504763842
    0.280392885 0.819607377 0.475500286 0.947553992 0.939769149
    0.447698087 0.15534544 0.63136059 0.114151716 0.511243641
    0.0703666806 0.437688559 0.725736976 0.318524867 0.938916802
    0.569890618 0.716070473 0.795151412 0.109429806 0.825274944
    0.34606874 0.0651752651 0.0490654111 0.0552074611 0.047095865
    0.248940885 0.988630652 0.0532418787 0.656952977 0.24496758
    0.440279871 0.278692126 0.474504828 0.595770538 0.64241761
    0.993026376 0.986876607 0.924075007 0.595015168 0.6914379
    0.804076254 0.179526299 0.276554883 0.45603174 0.249813199
    0.840932429 0.554210305 0.932996273 0.651391745 0.299786389
    0.183625162 0.933099866 0.14560324 0.630793869 0.484345615
    0.0971711576 0.602245808 0.579482138 0.705533445 0.735610425
    0.606770575 0.0556718707 0.225297272 0.181873262 0.134569824
    0.0801407099 0.0985210538 0.115629882 0.868242502 0.408381462
    0.120431483 0.726912379 0.0802967846 0.875115752 0.541104734
    0.00323462486 0.748528302 0.238504916 0.472761929 0.0681074262
    0.303533673 0.174826592 0.422818542 0.716157317 0.928444088
    0.659389555 0.121446103 0.946319103 0.111091852 0.253313929
    0.117863119 0.217983156 0.512312949 0.0816799402 0.160561562
    0.804024398 0.793496072 0.527903199 0.106537402 0.589023948
    0.184304655 0.212352842 0.503468096 0.931651771 0.317734361
    0.672744095 0.0349013209 0.497159809 0.457697242 0.378819823
    0.0687580705 0.158427596 0.220191985 0.0246078074 0.455756992
    0.761252642 0.619080782 0.791467071 0.600295544 0.980317831
    0.589306116 0.197541356 0.480499268 0.754180193 0.650518894
    0.841210008 0.827797294 0.718122005 0.330963373 0.54691124
    0.894409776 0.601340413 0.415506721 0.359976351 0.91528666
    0.722784877 0.791897297 0.610009134 0.0565301478 0.0401071608
    0.897044539 0.967262983 0.716165781 0.674200714 0.847007751
    0.535231113 0.0903866589 0.196010113 0.29631716 0.0826854408
    0.711103916 0.242546976 0.977227271 0.221713096 0.363569885
    0.465374619 0.673163533 0.665733695 0.717151523 0.0331419706
    0.468960911 0.0370343029 0.936113834 0.152572572 0.637748301
    0.381914556 0.443632782 0.266096473 0.171011776 0.930540442
    0.490932226 0.277454376 0.639100432 0.963423133 0.111495674
    0.33730036 0.69897753 0.457477927 0.3290205 0.302785337 0.989082813
    0.226085186 0.541794837 0.930841565 0.0556073785 0.207689822
    0.351943254 0.219375461 0.482475668 0.469816148 0.505163074
    0.506105721 0.99296999 0.894275427 0.840113521 0.212727338
    0.539259493 0.220345736 0.938167691 0.84667933 0.70182389
    0.989472866 0.215822577 0.596005738 0.164881229 0.334870815
    0.182614893 0.155129373 0.866200209 0.814955533 0.108327657
    0.65359515 0.109222859 0.185927451 0.373000979 0.0123455822
    0.886570752 0.7271083 0.0951031148 0.965365946 0.325738519
    0.531368434 0.329751998 0.742324114 0.541913629 0.305828184
    0.339538902 0.152181715 0.450907171 0.0446355045 0.662421465
    0.700355232 0.459031612 0.2842803 0.0846250951 0.89551127
    0.433911622 0.877785027 0.741272151 0.182815611 0.391233563
    0.753034711 0.0917167366 0.621189594 0.491415262 0.17510885
    0.92701602 0.072840482 0.981808305 0.958149433 0.941141903
    0.412677556 0.448872477 0.657770216 0.268431127 0.304112345
    0.90611589 0.201472729 0.192270875 0.487202674 0.700818837
    0.071700871 0.677974761 0.648679674 0.902056932 0.826452732
    0.243733972 0.989234567 0.933123827 0.0077675283 0.392832994
    0.359372079 0.431890219 0.449791849 0.101464003 0.360296279
    0.48033157 0.276101977 0.110080659 0.80277729 0.407996953
    0.150988311 0.455184251 0.952517509 0.338078499 0.208675861
    0.178106874 0.264803469 0.557762265 0.922670662 0.385899305
    0.643418074 0.0817978084 0.866619349 0.198784232 0.776550591
    0.587918997 0.521185696 0.0650866926 0.672243774 0.393818527
    0.663309932 0.354732752 0.333355725 0.435516685 0.206582487
    0.471688449 0.185182929 0.80000937 0.0499922037 0.35344851
    0.175120711 0.27859515 0.849287987 0.560145259 0.947314322
    0.733389139 0.982226431 0.547532499 0.0978622437 0.458733827
    0.513539791 0.795770049 0.622611523 0.525416672 0.848720074
    0.711558759 0.281190962 0.871256888 0.148456722 0.561052144
    0.0894025266 0.986505747 0.77881974 0.520766139 0.964505434
    0.826691508 0.365206838 0.24053359 0.33874318 0.471717745
    0.0131857693 0.766991436 0.693580806 0.709835052 0.547210038
    0.384372354 0.742295802 0.83110708 0.605824172 0.0117380619
    0.488906354 0.938296437 0.423033595 0.663811147 0.641966224
    0.0973438621 0.733569503 0.533757687 0.488448024 0.396607816
    0.290620267 0.539006412 0.871006012 0.319342732 0.501149297
    0.582537711 0.614500761 0.137088865 0.480590463 0.167095274
    0.299442708 0.659030497 0.573779464 0.729498267 0.824412048
    0.493399262 0.212314337 0.00180825591 0.724707723 0.0056835711
    0.69310385 0.54579407 0.11315769 0.725903511 0.626393437 0.206752002
    0.027005434 0.175465971 0.818792224 0.309930325 0.553566217
    0.525597036 0.64205265 0.565889299 0.155716926 0.0361082554
    0.961396933 0.0768113732 0.309251189 0.28862381 0.650069237
    0.726425409 0.144511074 0.896358132 0.55753088 0.41946286
    0.753326535 0.213312209 0.624589324 0.502724171 0.129910618
    0.666178048 0.995192051 0.0964174271 0.918174386 0.134454817
    0.0713130236 0.0540953577 0.708785117 0.975273848 0.675349474
    0.857007146 0.514559448 0.417719722 0.0791262388 0.804129362
    0.20512113 0.0828644037 0.965064168 0.451003522 0.117947906
    0.0497061312 0.978895962 0.558049977 0.832589388 0.180301726
    0.400548577 0.148541927 0.995999575 0.44602716 0.764074504
    0.914332271 0.406701148 0.237688005 0.198413998 0.473249167
    0.167542696 0.243833661 0.105522752 0.180800378 0.159982055
    0.379162908 0.328690141 0.360841691 0.286784887 0.259906232
    0.552914321 0.0555080771 0.57226032 0.346966803 0.153408438
    0.565997064 0.717713833 0.81406498 0.616330445 0.0885798335
    0.289532155 0.842912912 0.971577644 0.534226298 0.359209776
    0.128699332 0.667268813 0.376877785 0.0795208216 0.33202371
    0.272235155 0.503903568 0.660496235 0.0477272272 0.0773642063
    0.867794931 0.0127317607 0.053866446 0.452560186 0.688311398
    0.00501614809 0.889221549 0.152165264 0.401375204 0.305947214
    0.18518126 0.707683802 0.865171432 0.386233211 0.246053666
    0.458075136 0.981086135 0.563263297 0.631358087 0.233442754
    0.335939705 0.612195313 0.447686791 0.824366331 0.123412549
    0.299319655 0.376320243 0.806889653 0.133853406 0.084199369
    0.534664631 0.475805521 0.594370604 0.841675043 0.315418005
    0.643818259 0.58393985 0.593102336 0.466626853 0.191872716
    0.412045956 0.583928645 0.516454995 0.514991879 0.884801269
    0.593514025 0.300992817 0.351190895 0.220331132 0.367126197
    0.147451401 0.750842094 0.850036621 0.45260939 0.980069876
    0.469998688 0.793372929 0.742981017 0.903053403 0.711501241
    0.0889194608 0.69049561 0.534055829 0.449908346 0.326138854
    0.193410188 0.212292612 0.763724923 0.57606554 0.107833147
    0.591296732 0.0647678077 0.146514535 0.14787209 0.860217214
    0.135908782 0.0570335686 0.608977914 0.801609993 0.677001119
    0.156661063 0.629810631 0.216194123 0.0851322711 0.853561401
    0.145391077 0.99180752 0.413312912 0.267767519 0.114236921
    0.321939886 0.476123363 0.983832181 0.625099719 0.523522198
    0.217818588 0.814134061 0.744339108 0.939457536 0.923955798
    0.763058782 0.6414029 0.320645332 0.709974885 0.494116992
    0.121067405 0.989956796 0.0152675807 0.549886703 0.300730169
    0.784695089 0.559167266 0.0599258244 0.711948693 0.7113657
    0.0968460441 0.261103213 0.680141628 0.993412495 0.644367695
    0.663313031 0.348682553 0.187261283 0.660555959 0.113394976
    0.704642117 0.47717467 0.340128839 0.716614664 0.932475567
    0.978162885 0.757214308 0.0655633509 0.726829767 0.117148757
    0.949275494 0.433709711 0.866605997 0.83960712 0.534103334
    0.206871808 0.0777339935 0.67813772 0.455761433 0.934413671
    0.179396063 0.325528651 0.407023758 0.827926517 0.924957514
    0.627414525 0.0888349712 0.871845961 0.102371991 0.387944162
    0.887112141 0.388064831 0.9526214 0.0907100141 0.221095592
    0.195318192 0.828940868 0.187096357 0.427288413 0.605538428
    0.538703442 0.302191377 0.141371071 0.0470264554 0.149261743
    0.125098586 0.222377896 0.471781284 0.694488645 0.607295036
    0.300887644 0.345128447 0.46585983 0.647568941 0.0340663493
    0.383103251 0.965203404 0.444168746 0.990746021 0.135815322
    0.181952804 0.477292776 0.554024696 0.626013219 0.962343097
    0.406637371 0.560246348 0.243443638 0.161439151 0.147313982
    0.274843037 0.69602704 0.340088367 0.412059039 0.105893135
    0.14288792 0.0922196507 0.0470112264 0.53570199 0.724288404
    0.744271517 0.0979159772 0.166884363 0.62676996 0.539631307
    0.572633862 0.496854633 0.301616788 0.823518753 0.855446875
    0.162940204 0.694793582 0.233171076 0.146461308 0.291457027
    0.0544866621 0.174984634 0.948811293 0.896716177 0.882203102
    0.0791901052 0.25977242 0.0524944663 0.592885911 0.444068909
    0.892052889 0.216173112 0.755854547 0.71322 0.582825899 0.536586761
    0.480683088 0.183202177 0.222138464 0.868693471 0.554388762
    0.560394764 0.770336866 0.303220987 0.401991397 0.101052523
    0.428637028 0.982810795 0.862613559 0.143486679 0.626236796
    0.661572695 0.580937564 0.262313068 0.490086406 0.537616432
    0.160886616 0.438705653 0.399568081 0.543028772 0.139547259
    0.151993006 0.0368210375 0.486196071 0.967792928 0.0473938584
    0.975689054 0.0937792957 0.657190323 0.61465317 0.817232668
    0.0913124681 0.758337975 0.172183394 0.547744751 0.125150323
    0.618749261 0.415758073 0.284737915 0.181871504 0.554753184
    0.418691933 0.954787731 0.501930296 0.780594289 0.8670488
    0.510813832 0.290770113 0.431466788 0.246841609 0.138412565
    0.785075247 0.0522018671 0.882715225 0.890091896 0.926680803
    0.385920465 0.183676302 0.0370595753 0.645309687 0.795293689
    0.13443169 0.488418102 0.862427652 0.808135211 0.930688381
    0.393746138 0.0476184487 0.272071719 0.96485424 0.506553411
    0.43990016 0.923324943 0.687565327 0.0999828279 0.697640717
    0.489591807 0.576682091 0.975587487 0.957382798 0.57514888
    0.349904776 0.546429634 0.140848517 0.408663273 0.0940163434
    0.741437733 0.420123756 0.860721588 0.2394633 0.39718169 0.623724878
    0.456893057 0.0885616541 0.766822278 0.0334973037 0.826780677
    0.117009103 0.392288625 0.875166535 0.465294212 0.0902704298
    0.997682571 0.346064061 0.403031468 0.602320611 0.529464304
    0.00405350327 0.548916399 0.589177132 0.776353478 0.466638178
    0.960276186 0.777457058 0.32529968 0.540618956 0.70290947
    0.779510677 0.724120259 0.309397697 0.0434768498 0.0906655192
    0.474095941 0.84270227 0.235733062 0.396979421 0.252191603
    0.632190347 0.781684875 0.451045036 0.670193672 0.520415902
    0.724415183 0.476059794 0.304758608 0.553658724 0.559223592
    0.792963982 0.675381184 0.105235606 0.188317567 0.781183839
    0.262931257 0.809355855 0.504354715 0.788532794 0.990746975
    0.49266395 0.854844809 0.666549385 0.125030637 0.179790586
    0.196332514 0.376783431 0.663516521 0.0504980683 0.674719691
    0.402102292 0.585918307 0.871424854 0.83068943 0.18633619
    0.812363267 0.585584104 0.30760321 0.603537321 0.704248309
    0.601835728 0.404413581 0.650084257 0.118036002 0.295082211
    0.484098881 0.569273829 0.151019901 0.418250203 0.380511761
    0.545075119 0.439856589 0.538158536 0.536258399 0.0175484717
    0.966237545 0.857489288 0.341434836 0.0253829956 0.0742643178
    0.410386235 0.118907183 0.206906646 0.158619344 0.778869867
    0.891825795 0.985553145 0.642544687 0.11271131 0.354718685
    0.575302601 0.521731138 0.673250377 0.208274126 0.342161059
    0.215403438 0.0820515454 0.809402823 0.687935233 0.744390488
    0.885160685 0.452623963 0.00778639317 0.597351611 0.793100357
    0.813232899 0.0938236117 0.350348115 0.492873371 0.619182408
    0.392851025 0.731642723 0.464959979 0.110565394 0.208008677
    0.936385036 0.254076123 0.470832497 0.65220356 0.080511272
    0.686673224 0.773507476 0.737560689 0.73047024 0.43849355
    0.365106344 0.860367179 0.811194599 0.0266763866 0.371860474
    0.484651148 0.796590447 0.0506397784 0.302874029 0.153986245
    0.928248346 0.069714278 0.198051155 0.499655336 0.24978143
    0.516111732 0.536123514 0.759650528 0.476545572 0.561663508
    0.0950330198 0.226479143 0.884729028 0.0947202742 0.296606064
    0.183628231 0.468356371 0.0602379739 0.423947453 0.79085952
    0.237201422 0.125998706 0.271120846 0.393179893 0.764498293
    0.394292533 0.438255697 0.668663621 0.730794787 0.489875287
    0.277948976 0.961256742 0.644959331 0.80992794 0.725732446
    0.890461564 0.662046671 0.789180458 0.862156034 0.611877084
    0.207033008 0.255693257 0.28963846 0.579475641 0.988156676
    0.388125569 0.906492472 0.713019252 0.735478282 0.796286523
    0.790438533 0.792668343 0.566982567 0.630466402 0.730305731
    0.701337755 0.864093423 0.075530082 0.604354143 0.781461835
    0.277941287 0.848062873 0.0144915581 0.0229285061 0.933144569
    0.212312013 0.64984417 0.638845801 0.379766375 0.577348471
    0.00376468897 0.763585687 0.33471626 0.179757059 0.304239392
    0.198439687 0.404936135 0.827942252 0.503959358 0.836492181
    0.859043062 0.295348287 0.843677998 0.0884919465 0.750918746
    0.368270099 0.359364271 0.548529267 0.619677305 0.615019143
    0.0780192018 0.893971086 0.987411976 0.878394604 0.59456557
    0.054397285 0.397246957 0.361725092 0.652227223 0.975058556
    0.781499267 0.618530989 0.109529644 0.574018121 0.970315814
    0.086671412 0.15143764 0.198151499 0.0867502093 0.0998153687
    0.559715867 0.293332636 0.479306966 0.307092607 0.390532464
    0.0547367334 0.00818258524 0.678330064 0.350979984 0.676995516
    0.168926269 0.395646155 0.272328764 0.491767764 0.9619385
    0.200168371 0.267650664 0.630760431 0.122273684 0.698193491
    0.0722089708 0.233884633 0.687020659 0.603924692 0.982970238
    0.799836636 0.0531166196 0.831215322 0.952862978 0.366864264
    0.972427189 0.308643371 0.53858614 0.753321767 0.635551512
    0.931007028 0.0120505989 0.242012978 0.704291344 0.775775671
    0.568937361 0.885526657 0.273480564 0.138753533 0.234448642
    0.953801215 0.883699834 0.924548566 0.167989612 0.677076817
    0.330307066 0.19139564 0.0843081772 0.8362602 0.26477474 0.882677555
    0.792253494 0.749822915 0.953212321 0.438742131 0.0958155692
    0.731184125 0.653407156 0.160162717 0.327442408 0.00209826231
    0.133685321 0.815512419 0.617776752 0.345618576 0.737941027
    0.82791841 0.238467544 0.63521266 0.494683474 0.952389002
    0.754725397 0.129769504 0.553708732 0.284185529 0.183046669
    0.635222733 0.708803654 0.327961028 0.761902928 0.264354646
    0.842852235 0.801136911 0.087803632 0.457029402 0.237774789
    0.760716796 0.0440419614 0.0703337789 0.972915173 0.858787
    0.0821023881 0.456638873 0.256950796 0.926556468 0.59776479
    0.0231108367 0.648465395 0.553133309 0.923637986 0.856593907
    0.353028893 0.119158924 0.880578041 0.317882717 0.970539868
    0.0382665694 0.52870518 0.356579125 0.806286454 0.962115407
    0.966732562 0.163646698 0.634090364 0.330121756 0.889625788
    0.603175104 0.512032807 0.743484676 0.287876904 0.366276026
    0.52913177 0.480570436 0.504747033 0.598599732 0.333647013
    0.505488753 0.835356891 0.0651854873 0.382800221 0.899854898
    0.0797020495 0.287719071 0.214054644 0.218741238 0.859534264
    0.751249671 0.849017978 0.851178825 0.734221756 0.227196991
    0.807516456 0.985434771 0.757427931 0.605938017 0.317346066
    0.333006084 0.557525635 0.208404005 0.609080315 0.121748835
    0.845882177 0.110871613 0.255568564 0.660373986 0.2436755
    0.503086388 0.152415574 0.663627625 0.0664215386 0.0467240512
    0.337978572 0.280484349 0.878902912 0.512476385 0.443422854
    0.963952363 0.190919667 0.873934507 0.977887392 0.692915916
    0.366807222 0.307489693 0.46299842 0.872413516 0.337382317
    0.166226208 0.533738732 0.561964095 0.607019901 0.586571217
    0.270363748 0.365177095 0.573473096 0.843862414 0.624313831
    0.440427929 0.181811333 0.20208919 0.768889725 0.117204875
    0.957387865 0.966872454 0.737485051 0.371495485 0.87474364
    0.450308293 0.177348882 0.0721608698 0.486310244 0.832462072
    0.978921771 0.711081147 0.952508271 0.175837904 0.318350852
    0.158910096 0.551882386 0.65731585 0.271344334 0.271609426
    0.121748894 0.6141541 0.827743411 0.419454545 0.928705454 0.99497807
    0.513738751 0.643462598 0.529401362 0.786420524 0.329678625
    0.491434962 0.545505881 0.62712121 0.345680654 0.202279985
    0.480342716 0.0299875736 0.823082566 0.349694967 0.0370131731
    0.135347426 0.438321769 0.796816707 0.465933502 0.550611794
    0.00290822983 0.93218267 0.434802413 0.82380718 0.906775117
    0.30920741 0.500151455 0.961725354 0.104714215 0.601446629
    0.397250354 0.519163191 0.785754442 0.154560328 0.871294498
    0.115651816 0.553877234 0.942899823 0.75504601 0.750093102
    0.248542041 0.125203848 0.223624945 0.500927567 0.943666816
    0.370932609 0.726335347 0.867861748 0.876777887 0.0794755518
    0.943178296 0.0112249851 0.857790411 0.406480193 0.158499211
    0.134566516 0.921722531 0.567588151 0.724228799 0.749605954
    0.0594127178 0.208240241 0.286316812 0.155319244 0.652483761
    0.373157918 0.681194305 0.416106939 0.606106043 0.171132416
    0.050647229 0.0110387802 0.715300143 0.781345725 0.991823494
    0.782484174 0.119146883 0.796300292 0.422472596 0.947710156
    0.430994034 0.125561893 0.672067344 0.0579056442 0.747647285
    0.383285552 0.108378083 0.528437614 0.407059938 0.987794518
    0.201122731 0.971721232 0.302054316 0.0422421694 0.100755721
    0.706893921 0.486665577 0.544979393 0.0702490509 0.550124645
    0.487572342 0.269876838 0.159580708 0.701359034 0.0730249882
    0.889711201 0.234349519 0.370536625 0.287552834 0.319507658
    0.782421827 0.230133682 0.0757232904 0.569471836 0.0557784736
    0.273540199 0.306499124 0.576369226 0.516587377 0.895204425
    0.429364234 0.869950652 0.482215643 0.592250168 0.268265724
    0.953095078 0.173726052 0.366130322 0.421978712 0.422911048
    0.452047706 0.531689703 0.286601812 0.360500991 0.515364528
    0.519559562 0.86899662 0.49744308 0.948569894 0.352738112
    0.935747147 0.164684832 0.898812234 0.12551719 0.514178097
    0.533143461 0.160766006 0.888908148 0.0335607827 0.492376596
    0.496983826 0.242668271 0.373152375 0.712772727 0.878547668
    0.269980252 0.0431519747 0.297873437 0.50577867 0.999140263
    0.113472968 0.295948744 0.28180328 0.902070522 0.230785728
    0.595066547 0.974774301 0.112636775 0.01726228 0.135776907
    0.718449473 0.848165989 0.219539165 0.37477231 0.883463562
    0.309874594 0.771857202 0.785399556 0.461793661 0.0134808123
    0.160355836 0.765956283 0.592669725 0.555901885 0.810704052
    0.912944615 0.444558233 0.763307214 0.887854695 0.14619112
    0.654802442 0.836767793 0.205898136 0.197684705 0.690161765
    0.618408144 0.74141264 0.684273481 0.407819718 0.66357857
    0.0789588094 0.458959579 0.0560879409 0.215883583 0.325213015
    0.645319939 0.209201157 0.800307751 0.828677416 0.750819683
    0.50468564 0.190275609 0.35774073 0.745123982 0.379699469
    0.108562857 0.61449486 0.951260448 0.501824856 0.885787725
    0.988693893 0.682500243 0.9436239 0.601202726 0.854477406
    0.437931031 0.682539403 0.270370483 0.833947897 0.676448464
    0.848347545 0.261070192 0.749873936 0.780974269 0.286983192
    0.207443982 0.358576536 0.652332127 0.999008179 0.285095632
    0.141672045 0.128024817 0.162174016 0.180977285 0.0761745572
    0.654478192 0.527313948 0.966669321 0.30234915 0.178034067
    0.694194317 0.466087997 0.423530459 0.939408183 0.349680841
    0.618185222 0.519415081 0.803880572 0.915632844 0.544382215
    0.00528293848 0.604852557 0.121496439 0.783848047 0.365687847
    0.432297826 0.824276447 0.328527808 0.744514167 0.44007659
    0.429508626 0.674927115 0.618617833 0.315049946 0.1653575
    0.945585072 0.805663347 0.282280028 0.743540227 0.0765081346
    0.104898512 0.46005851 0.931073129 0.678041816 0.40301165
    0.839859724 0.0440573096 0.389215738 0.837895989 0.317000598
    0.802949429 0.209271818 0.186691046 0.689323485 0.626617491
    0.188889205 0.305598348 0.0211437643 0.663790882 0.855914354
    0.703925192 0.57737726 0.000818431377 0.287410468 0.255031586
    0.704852521 0.353885591 0.80086267 0.985511661 0.641899705
    0.443550169 0.880812228 0.0490712821 0.869836807 0.858849883
    0.175102085 0.603451371 0.559013426 0.210764974 0.155055732
    0.765582621 0.289428145 0.277334213 0.421497136 0.780861378
    0.0929217339 0.14199242 0.66828531 0.528050303 0.591653645
    0.557427466 0.468135983 0.055436939 0.94257158 0.226626575
    0.763809204 0.551973581 0.142732084 0.191222519 0.0971827507
    0.477165252 0.930972695 0.902886033 0.16280961 0.238315225
    0.297655404 0.894832253 0.34733969 0.784372509 0.38592732
    0.551199198 0.317200065 0.0723848045 0.782935798 0.121071756
    0.224060744 0.585414231 0.247330636 0.794929266 0.525008798
    0.137557298 0.564167738 0.00408431888 0.595004261 0.794433236
    0.172494292 0.816369653 0.617181957 0.164717406 0.299684435
    0.092545718 0.934006453 0.706861675 0.160035342 0.307363272
    0.0923549235 0.355952561 0.985040545 0.626670539 0.510960281
    0.783795238 0.854557037 0.33039102 0.538387418 0.0494775474
    0.700426996 0.558405161 0.465173572 0.358104885 0.512643516
    0.0706394017 0.901326776 0.170322001 0.0485505462 0.376423001
    0.162131041 0.990188897 0.438802004 0.791630983 0.728134573
    0.0224156082 0.407066107 0.124210328 0.295101166 0.0757158399
    0.470539421 0.550716162 0.501101315 0.0313326418 0.874255538
    0.150267869 0.742703736 0.149243444 0.99763155 0.998490453
    0.470963925 0.615570426 0.332297921 0.443788767 0.320642173
    0.574307323 0.371298671 0.762851238 0.459797084 0.301842332
    0.603644133 0.348866969 0.734640002 0.335558057 0.106239974
    0.155882508 0.0722452402 0.950991333 0.0112945437 0.910542965
    0.830939233 0.0591497123 0.548500538 0.79992801 0.725692332
    0.271569312 0.16579023 0.272545338 0.668304145 0.866868377
    0.205855161 0.429144591 0.292651772 0.505583704 0.502191484
    0.28938958 0.155284762 0.748433411 0.0783810318 0.201476365
    0.553402841 0.671978235 0.423829317 0.84167552 0.854996622
    0.954997301 0.630557299 0.5231148 0.631187618 0.768422604
    0.595608115 0.958300471 0.389294028 0.0430891216 0.740099847
    0.598049819 0.523851871 0.176509053 0.0860083103 0.897552133
    0.4925313 0.689337254 0.691977143 0.249548197 0.0060736537
    0.924629092 0.283488095 0.193890721 0.785461903 0.076485306
    0.281230211 0.513929307 0.120446712 0.393157274 0.62335515
    0.862213373 0.947207451 0.951477706 0.922608018 0.0240719616
    0.473087519 0.796639919 0.313292891 0.829801023 0.973957658
    0.905957103 0.257679254 0.405128598 0.129278511 0.689921141
    0.910259485 0.517070353 0.953029394 0.223216236 0.47442776
    0.723199725 0.912275553 0.418585539 0.59916383 0.524264574
    0.506197989 0.361207128 0.829796255 0.969761252 0.649049282
    0.799389005 0.431330562 0.68749398 0.420103997 0.878111243
    0.746060014 0.364884377 0.408832967 0.119471788 0.947605968
    0.958958924 0.174107581 0.473569602 0.569762707 0.967126966
    0.0950561166 0.38622731 0.25958088 0.157535285 0.120282739
    0.189789683 0.809451103 0.348426342 0.453936547 0.119400412
    0.909691453 0.441248685 0.342324555 0.590126634 0.406985641
    0.105197191 0.346649051 0.778312445 0.409280956 0.76290375
    0.754396379 0.772932827 0.858405054 0.932057142 0.0183097422
    0.518415928 0.163877815 0.440355897 0.173609793 0.824583471
    0.914145589 0.235829681 0.351388216 0.700632215 0.172707021
    0.519717455 0.683865607 0.0460377038 0.188830614 0.10398823
    0.691026568 0.754122376 0.279502571 0.40300262 0.577175677
    0.824488401 0.375569314 0.441697299 0.393539965 0.986058414
    0.256057024 0.512627661 0.595288992 0.914135218 0.74985373
    0.563688397 0.871504784 0.121273071 0.535155237 0.215122283
    0.407424301 0.0212481618 0.835639954 0.201719522 0.877381802
    0.984658539 0.0207695961 0.496251792 0.853898048 0.527042329
    0.0981001258 0.96339488 0.156216234 0.819021702 0.114805728
    0.537377477 0.752313495 0.577405691 0.915719271 0.294740081
    0.764861465 0.285664201 0.0626539886 0.0904453397 0.504833102
    0.461035371 0.287739873 0.151390791 0.351000726 0.211410433
    0.360372663 0.830143571 0.553113818 0.284404516 0.54866904
    0.514411747 0.554948509 0.53297323 0.767973185 0.138970941
    0.580535591 0.517308176 0.579776764 0.170454383 0.333589256
    0.284231305 0.128871351 0.668353617 0.937507093 0.472295731
    0.619174302 0.942219138 0.654844701 0.618859708 0.229277998
    0.451634049 0.753475666 0.0206726789 0.817808747 0.648267984
    0.737971008 0.88068378 0.107264191 0.890296698 0.57997942
    0.749754906 0.289330065 0.797063351 0.999648571 0.999367476
    0.402620375 0.717035949 0.460655332 0.278392017 0.683463097
    0.0990773141 0.654389858 0.324414641 0.342127502 0.531418979
    0.589204609 0.0580249131 0.0945484042 0.46545136 0.326149523
    0.558718622 0.195513934 0.623491526 0.400026023 0.0079369247
    0.811455131 0.326614052 0.0275072753 0.153124839 0.69820857
    0.263661116 0.0749952197 0.0783751309 0.398265779 0.938257933
    0.749062419 0.717328429 0.366876841 0.168366373 0.521164834
    0.969557524 0.606020212 0.337700605 0.783305168 0.941749275
    0.853208601 0.884125948 0.320302248 0.00370752811 0.122394443
    0.527146995 0.761781335 0.279473037 0.0552796423 0.0595745146
    0.417026192 0.75213474 0.163947165 0.0878181159 0.250072479
    0.294930518 0.88078928 0.308502078 0.260556489 0.940815568
    0.582208931 0.132731676 0.186460942 0.0692400634 0.62312907
    0.200103998 0.40393886 0.816420913 0.119674176 0.570706189
    0.960286617 0.08811149 0.0670507252 0.841929793 0.0360737741
    0.264889598 0.270439863 0.246114373 0.0449182093 0.309094608
    0.526905179 0.257398158 0.029707104 0.0777620077 0.639077663
    0.639590681 0.594400465 0.71814549 0.843355775 0.0927777886
    0.54076457 0.499496013 0.491111815 0.287570417 0.509511411
    0.434523284 0.00368154049 0.459088087 0.0313768685 0.254907191
    0.192203939 0.32722804 0.278310359 0.455736071 0.978133678
    0.759837985 0.988186061 0.0871840715 0.304940999 0.301329792
    0.692717671 0.327366382 0.363277376 0.994218588 0.43118608
    0.0144284368 0.676226199 0.4628492 0.0790735483 0.235643804
    0.141919494 0.771828711 0.113939345 0.34011519 0.844538629
    0.843096435 0.495130599 0.956975341 0.386837542 0.104657322
    0.310683697 0.0387323797 0.953928113 0.725087881 0.337812871
    0.505651116 0.556251109 0.262120605 0.768015027 0.0886830389
    0.28775689 0.935106277 0.244080245 0.797243178 0.707406819
    0.108962327 0.441994965 0.766391635 0.948493779 0.146116108
    0.0724724531 0.4462547 0.2216039 0.782136738 0.085575223 0.296975017
    0.912069738 0.903520942 0.119106859 0.315161943 0.776619315
    0.669816136 0.535890162 0.986828446 0.382347584 0.0272329152
    0.874519825 0.086610049 0.875349164 0.862107217 0.937251806
    0.804718375 0.259205222 0.970484972 0.479611099 0.0639151037
    0.163622975 0.151938438 0.347538352 0.30037725 0.911810398
    0.00157144666 0.122732401 0.200967938 0.404918551 0.939010739
    0.306392968 0.813283622 0.0947580338 0.387898266 0.161335707
    0.478126943 0.159209669 0.745420814 0.294201761 0.5048787 0.77092135
    0.359207451 0.21777606 0.381660342 0.63847208 0.0881366134
    0.42463848 0.272671044 0.725846708 0.540998399 0.255028695
    0.458063364 0.997627974 0.624025047 0.795401216 0.8846668
    0.996083021 0.656734407 0.677038431 0.37893939 0.704473972
    0.148884058 0.876337767 0.849878192 0.830641806 0.634573281
    0.283665955 0.889640152 0.989996314 0.828470826 0.560932696
    0.551810861 0.440019161 0.190063506 0.404740006 0.25937885
    0.219946831 0.602812767 0.885359526 0.296553612 0.515535533
    0.925041556 0.476433039 0.546029985 0.288901389 0.430247039
    0.347182393 0.814170003 0.389563084 0.866021395 0.347854793
    0.317625105 0.880658329 0.581321955 0.100833356 0.3098225
    0.151944935 0.143805474 0.767726004 0.124154687 0.749201357
    0.00687751174 0.672961891 0.152232826 0.55040139 0.806594133
    0.470603764 0.912415922 0.220765084 0.569029093 0.988075018
    0.797133863 0.351646185 0.306530327 0.486624956 0.6885041
    0.273695469 0.506373942 0.202171355 0.617713451 0.431651443
    0.7349177 0.798064709 0.37620306 0.925798178 0.778549433 0.693838835
    0.783970475 0.534252644 0.710862994 0.890781224 0.34041357
    0.0484184027 0.751232028 0.860907733 0.651160717 0.00156372786
    0.412124336 0.785262346 0.52133435 0.419846058 0.297340691
    0.230784088 0.319976419 0.836267471 0.728723645 0.782855272
    0.791654944 0.691817224 0.629631281 0.536380112 0.687980533
    0.662081242 0.690907478 0.16064018 0.986421049 0.579955399
    0.758678198 0.914610147 0.886566639 0.425790906 0.00174716115
    0.0148302913 0.461059809 0.452410817 0.434382468 0.888725638
    0.771762788 0.320148289 0.209320396 0.697586834 0.366384804
    0.805497766 0.996490359 0.927620292 0.148393005 0.0168482661
    0.972576857 0.52026093 0.729253948 0.871376395 0.483146667
    0.424798697 0.249486595 0.667560339 0.95051676 0.550181866
    0.498195976 0.565035582 0.15033415 0.476074457 0.0209419131
    0.0423414409 0.727699161 0.998452067 0.750939786 0.137080461
    0.247691214 0.00348490477 0.579876542 0.920642138 0.664859116
    0.093065232 0.6552701 0.281835675 0.459080547 0.161444098
    0.513288856 0.60805428 0.632709384 0.334053308 0.0968906581
    0.86280489 0.851402402 0.603999794 0.396508753 0.42563802 0.75223428
    0.126833558 0.122728616 0.176897973 0.228588074 0.541330874
    0.18587485 0.28130877 0.751372099 0.382375121 0.312864602
    0.504191458 0.995943189 0.410537302 0.111216396 0.527625144
    0.581067145 0.547417283 0.816574275 0.587312281 0.46292752
    0.982384205 0.0576645136 0.148693264 0.512201309 0.857378244
    0.913252771 0.879371345 0.054179728 0.582858682 0.774068356
    0.996636987 0.0323030949 0.978639603 0.802858353 0.602670252
    0.882722378 0.499880046 0.142178923 0.576596558 0.328240097
    0.0116672814 0.190166622 0.376234084 0.698550701 0.581773639
    0.999457598 0.61903888 0.769795835 0.36862576 0.261129707 0.70060277
    0.406938493 0.0546395183 0.724814415 0.820905089 0.520192325
    0.283359975 0.36351496 0.690956891 0.860415816 0.0194123983
    0.229663044 0.0343597233 0.751397371 0.915430486 0.272979319
    0.933121026 0.436845899 0.50072968 0.285643399 0.998711407
    0.804895937 0.0860796273 0.160595864 0.424744397 0.640456676
    0.504664838 0.703411222 0.536824584 0.573718071 0.69700563
    0.14202565 0.89883256 0.925839186 0.0858003497 0.186041027
    0.525612116 0.0521804094 0.977846205 0.53047353 0.14927277
    0.521955431 0.940383077 0.701921344 0.339753509 0.613333821
    0.562170923 0.633178353 0.958237171 0.957116246 0.0259851515
    0.130086839 0.246622801 0.799483538 0.681333601 0.480324686
    0.929146051 0.168885887 0.523734927 0.811990798 0.934163332
    0.310766935 0.25939253 0.0463432968 0.0661765039 0.725813687
    0.0767574608 0.152392954 0.677800775 0.333428919 0.598391533
    0.192521721 0.706290007 0.78557682 0.955742478 0.45230177
    0.949746311 0.800317168 0.54457891 0.0530846119 0.0114935338
    0.669006884 0.271952838 0.808833003 0.525679052 0.561736405
    0.114298344 0.520326257 0.813092768 0.711369991 0.294362068
    0.495596051 0.336768091 0.595037103 0.908100963 0.0195372105
    0.275510728 0.120483816 0.479750335 0.401257336 0.378467798
    0.569584429 0.408914685 0.84628284 0.814196229 0.603747904
    0.0161319971 0.429788619 0.813444078 0.704416752 0.932032287
    0.526865363 0.340222955 0.916074574 0.764730215 0.638442934
    0.137847483 0.289690733 0.21840629 0.547055244 0.878396153
    0.816584885 0.678456426 0.510336101 0.307815731 0.639287829
    0.225291133 0.548667789 0.165868014 0.18120867 0.916170478
    0.374990195 0.983784199 0.295211971 0.146993756 0.419429272
    0.949618757 0.591652453 0.707963228 0.211108208 0.162975341
    0.154893816 0.768574536 0.00892275572 0.0375044942 0.9660483
    0.730405629 0.314840704 0.297453016 0.620721817 0.124421149
    0.190203696 0.162083834 0.403647691 0.229292423 0.981644273
    0.975545287 0.411162615 0.746754646 0.624154449 0.918138504
    0.796661258 0.991096735 0.448491156 0.772893786 0.0131101906
    0.429728419 0.335821629 0.509078443 0.423261583 0.551237524
    0.802320182 0.196906805 0.926187396 0.399203598 0.78824544
    0.638144493 0.098421365 0.719794393 0.65327394 0.665177107
    0.897804499 0.37929824 0.44255662 0.390498281 0.00428932905
    0.730096579 0.0369850993 0.549847484 0.184407085 0.533418775
    0.0740781724 0.782806277 0.227868497 0.827088237 0.824652791
    0.541357577 0.631016135 0.0342846215 0.91607666 0.772840381
    0.796186447 0.0400366485 0.00179064274 0.755108714 0.498936683
    0.204245329 0.755425215 0.0523360372 0.514901996 0.0154975057
    0.618383348 0.292821378 0.18979305 0.269273281 0.200975984
    0.974360049 0.784449339 0.60899955 0.53901428 0.257943511
    0.625554204 0.626453519 0.847329259 0.981272459 0.25734967
    0.166809559 0.280741036 0.113884687 0.234771967 0.640868843
    0.296806812 0.921312571 0.966496229 0.613318801 0.501605392
    0.934488773 0.811097145 0.0188321471 0.534844816 0.983463883
    0.339952022 0.717722714 0.545899391 0.686624706 0.341249168
    0.841432571 0.658874154 0.206235349 0.818655849 0.907782435
    0.643104315 0.616622746 0.0584227145 0.576114833 0.892372012
    0.599921405 0.949971557 0.00535926223 0.782437921 0.718273878
    0.121194482 0.192629635 0.109043807 0.296996415 0.55313319
    0.446989119 0.430500448 0.800655842 0.870573759 0.763496459
    0.839745402 0.0290516615 0.277755022 0.077702105 0.30850029
    0.688243032 0.316664487 0.443039119 0.539880574 0.273447394
    0.193775505 0.609567583 0.64155519 0.290354609 0.594210386
    0.552597344 0.131285965 0.377492726 0.102208406 0.477862895
    0.391566098 0.335069329 0.778897643 0.596257091 0.829428613
    0.425171673 0.549398839 0.808643043 0.189832211 0.961412549
    0.671083033 0.860803246 0.338232934 0.0269319713 0.43066895
    0.733280718 0.207588583 0.934580922 0.746552944 0.11004284
    0.425507903 0.591412187 0.925079882 0.702110887 0.800222278
    0.454454184 0.548397005 0.94202137 0.423938006 0.368266582
    0.194001347 0.877400041 0.981881261 0.929957867 0.705789328
    0.738761127 0.700698674 0.416574776 0.953932405 0.822854698
    0.13639918 0.253230691 0.24026984 0.366203159 0.0301610529
    0.51940316 0.649433315 0.830208659 0.940156221 0.252277195
    0.690702498 0.702005982 0.268719792 0.710507035 0.512472391
    0.902573287 0.0615890622 0.944725275 0.819032311 0.62067759
    0.604492724 0.989643574 0.710961282 0.664589226 0.492184997
    0.484899372 0.701427102 0.0262218416 0.514469743 0.0554637313
    0.226704597 0.532605827 0.939445019 0.967193007 0.310646474
    0.912735939 0.672701597 0.861571133 0.781675339 0.572828114
    0.311424464 0.0004581213 0.924380302 0.839486361 0.068272531
    0.314265102 0.140536636 0.712342918 0.447445989 0.627700686
    0.952599466 0.447391629 0.319501102 0.367763251 0.979275107
    0.911280155 0.694254041 0.551854074 0.383728087 0.990375817 0.417411
    0.919197321 0.115370065 0.140035897 0.966858983 0.412125021
    0.418036759 0.473797858 0.0108585954 0.555926085 0.623381972
    0.619977653 0.487489432 0.948721528 0.763591647 0.976596236
    0.240350425 0.437236786 0.622974038 0.294177413 0.179613471
    0.664101362 0.874034524 0.79139924 0.918323874 0.105141521
    0.759825289 0.098276943 0.828388333 0.18863374 0.690333128
    0.627326429 0.628630579 0.891646385 0.00783208013 0.660871863
    0.760527611 0.192770302 0.471080393 0.0796484053 0.027459532
    0.521494508 0.545961618 0.207235247 0.557018638 0.138292909
    0.563312173 0.667126834 0.760369718 0.236721903 0.0552495122
    0.944656014 0.794421792 0.671915293 0.0669097602 0.307501942
    0.509912968 0.0496938527 0.957356215 0.061778754 0.121117383
    0.82474941 0.377833158 0.120514393 0.297493875 0.284612238
    0.870986342 0.33139509 0.1281991 0.586670756 0.158261687 0.604178071
    0.921142697 0.442331076 0.888561666 0.25281179 0.770334125
    0.100984365 0.829239726 0.254476666 0.663309515 0.937946379
    0.406853378 0.0386825502 0.107995927 0.765877962 0.155347943
    0.0358178616 0.236635476 0.0508895814 0.500568569 0.363941908
    0.708607793 0.0170279145 0.190203249 0.808564901 0.804773033
    0.674029589 0.847094297 0.970634639 0.849004269 0.657196939
    0.737639308 0.604312122 0.525569499 0.147021294 0.0679237843
    0.389301777 0.370324612 0.737898707 0.747518897 0.397425771
    0.484694213 0.352576077 0.309917092 0.164116532 0.591896951
    0.895700216 0.713101268 0.304975986 0.00814172626 0.672311783
    0.127741724 0.768473864 0.233382612 0.938320339 0.433220804
    0.875579834 0.187178344 0.297411799 0.124673873 0.692125976
    0.728654742 0.382790804 0.299848765 0.193169296 0.0364181697
    0.0570110083 0.794020474 0.657298505 0.996859312 0.396080434
    0.184203058 0.650812268 0.000136822462 0.812133372 0.517139196
    0.538114965 0.459888577 0.793473363 0.524921596 0.102727413
    0.155877501 0.84673059 0.674186349 0.96771121 0.608529568
    0.834089398 0.212900907 0.559747159 0.331696153 0.0860607326
    0.0595376492 0.151121795 0.0216075182 0.215075433 0.442670941
    0.260708362 0.998658001 0.987231851 0.627522945 0.242500365
    0.178913355 0.304618776 0.989915967 0.48900336 0.50054127
    0.293529868 0.321462601 0.468027711 0.992298961 0.0797147453
    0.543184102 0.299901366 0.0397813618 0.510985553 0.806175888
    0.439904541 0.684716344 0.517512798 0.345925778 0.0383034945
    0.22476995 0.422866285 0.369379133 0.165618122 0.679262877
    0.580598295 0.488708884 0.387324482 0.034715414 0.760132909
    0.648672223 0.550588608 0.682088017 0.20597434 0.246576995
    0.404956251 0.381400168 0.539781928 0.581541359 0.200820982
    0.803748488 0.0345449448 0.649014115 0.648807049 0.853704154
    0.247641265 0.963183224 0.0277146697 0.130199909 0.0161541998
    0.324562013 0.897551179 0.87930572 0.361981094 0.98003298
    0.689346075 0.176315755 0.0509382784 0.432504952 0.64282006
    0.417834938 0.338709831 0.836126208 0.863890052 0.796040893
    0.322916448 0.683062971 0.576439202 0.963654459 0.972651601
    0.303091079 0.429683954 0.630503356 0.449361622 0.294064224
    0.384133011 0.451053888 0.264662206 0.635948181 0.120120436
    0.880969644 0.415885717 0.692868531 0.279372215 0.0139073133
    0.53909725 0.289758801 0.19268319 0.775180578 0.474039465
    0.871835709 0.0985011458 0.485451549 0.192637175 0.78429842
    0.852606058 0.873201251 0.886738062 0.498186499 0.462312579
    0.262669623 0.607191265 0.647146106 0.993930817 0.0570344329
    0.879874706 0.395904154 0.0522865951 0.445505857 0.0839262307
    0.550515473 0.502843857 0.852504373 0.157918394 0.902957916
    0.421102405 0.622983158 0.950779736 0.334409505 0.031373322
    0.52263993 0.381383181 0.782322884 0.512828767 0.824930549
    0.348970115 0.852910399 0.724016666 0.617180884 0.830251336
    0.893879652 0.0705396235 0.175316662 0.611903489 0.777754664
    0.0354747772 0.987398744 0.197388947 0.892051995 0.781035423
    0.134440273 0.856493831 0.492259413 0.502297044 0.175201029
    0.374123752 0.804916561 0.394654721 0.503268778 0.756036162
    0.835626364 0.305570692 0.00185394287 0.938125134 0.816578984
    0.372227609 0.314860225 0.587173998 0.139876813 0.444253862
    0.194263428 0.0631308556 0.207606554 0.937622368 0.044919908
    0.642059207 0.578576982 0.797489643 0.753838897 0.68267417
    0.322027564 0.797338724 0.575294554 0.644072533 0.478786647
    0.90577817 0.772894204 0.557184517 0.317201078 0.440890729
    0.0796478987 0.499865592 0.650994599 0.181402266 0.639822483
    0.328560561 0.593624234 0.00914168358 0.745519876 0.542326033
    0.153909475 0.183351427 0.605267763 0.810210228 0.732696354
    0.815621316 0.513023496 0.781977177 0.259801567 0.0853727758
    0.527644873 0.516589046 0.902693689 0.105813742 0.839132667
    0.0108975768 0.571300268 0.672936201 0.0430562794 0.220087022
    0.183880597 0.480368316 0.511895776 0.226494342 0.49013558
    0.838212848 0.501167655 0.350028068 0.101806641 0.196074694
    0.134465933 0.519123912 0.661415279 0.402942181 0.392898291
    0.235414684 0.228791744 0.814991117 0.457125604 0.30547905
    0.0336959958 0.95359534 0.82286346 0.0810961425 0.90052253
    0.425679088 0.0541220009 0.762790501 0.747909546 0.554951429
    0.168595493 0.404182106 0.413147449 0.802128553 0.436991394
    0.628015935 0.707492113 0.115484536 0.643779457 0.863445938
    0.828050733 0.311067045 0.937678456 0.144191802 0.562282503
    0.116027683 0.347643793 0.368919671 0.156578928 0.918767989
    0.511940241 0.366926283 0.327902436 0.730533302 0.460869133
    0.179952621 0.817130327 0.807265401 0.46702823 0.530465841
    0.681264699 0.322559059 0.0239016116 0.690458298 0.375442743
    0.49229756 0.957233787 0.756293416 0.029058516 0.49170801
    0.0760940313 0.623854399 0.128551245 0.659180284 0.578777432
    0.69195801 0.417544335 0.462228 0.047005564 0.584013224 0.936539471
    0.559509158 0.437639385 0.563911915 0.484383792 0.169053525
    0.633490443 0.768089175 0.00980016589 0.905938208 0.562738836
    0.522334218 0.625954628 0.0171161294 0.204012901 0.449802101
    0.862217903 0.0571398437 0.793614864 0.284340918 0.647285938
    0.654291928 0.981164813 0.925871968 0.228575289 0.49080497
    0.537520528 0.492647737 0.400571108 0.291040123 0.396347046
    0.00648891926 0.918802142 0.54620111 0.74047482 0.860284507
    0.379039466 0.277130485 0.769993484 0.762696207 0.60991478
    0.795671105 0.87285316 0.0863952041 0.109087229 0.241086185
    0.636688709 0.219558984 0.37855491 0.570874393 0.439070404
    0.439689845 0.697902083 0.292239547 0.211128771 0.456099391
    0.0685944557 0.983697414 0.485264003 0.568324924 0.157285929
    0.170624852 0.286743224 0.667135477 0.849805951 0.498937339
    0.687286556 0.335188687 0.683295846 0.886755109 0.796609342
    0.147995561 0.40431273 0.80814302 0.101054639 0.249071985 0.92062366
    0.132958651 0.969711661 0.329375565 0.812573493 0.271273315
    0.218483657 0.37668705 0.460516185 0.279953331 0.418196917
    0.176983744 0.970736861 0.143863559 0.851426482 0.0926537812
    0.314942658 0.116460323 0.530805588 0.569824576 0.00563395023
    0.503292859 0.656136036 0.551478148 0.0676397681 0.398088694
    0.596321166 0.394563615 0.774898171 0.820972443 0.907461405
    0.50258404 0.284941137 0.687847674 0.233573973 0.463436663
    0.740876794 0.0532129705 0.753587961 0.607933521 0.00141578913
    0.721828222 0.456992567 0.136226058 0.18406558 0.629079819
    0.51036042 0.101063848 0.668848395 0.797512412 0.55027616
    0.516459048 0.139802903 0.37714076 0.153220564 0.963374972
    0.634079099 0.485983223 0.893384755 0.114925206 0.963926077
    0.253952801 0.506360292 0.783649445 0.204342186 0.996577621
    0.26029551 0.467706382 0.853017092 0.200121552 0.244367629
    0.76044631 0.633081734 0.694013178 0.343679368 0.318073213
    0.613675117 0.294897169 0.0631316304 0.129045397 0.582249641
    0.670379996 0.324989498 0.442959547 0.602315128 0.575878978
    0.524475932 0.45920983 0.118797392 0.712997794 0.529685438
    0.937115252 0.189770758 0.86650753 0.648496091 0.281891346
    0.442337155 0.947666466 0.195407867 0.17631191 0.0550116301
    0.573524237 0.294317603 0.802705169 0.804284513 0.359278083
    0.115587831 0.344951093 0.475025535 0.858138561 0.905531168
    0.552306712 0.414192021 0.160898268 0.908154368 0.119484305
    0.88242352 0.782288313 0.869001329 0.736967087 0.317554951
    0.948740959 0.441824704 0.689494252 0.991711378 0.555464387
    0.353250891 0.518373072 0.827437997 0.754148364 0.675718904
    0.510805607 0.328757405 0.273427874 0.534357965 0.0944784284
    0.875735879 0.185354292 0.389877439 0.698876977 0.313024521
    0.135232955 0.270149946 0.61707902 0.08316347 0.329456151
    0.592319846 0.814603448 0.421234906 0.722885251 0.131495059
    0.47462374 0.75804925 0.207999915 0.195946187 0.946226597
    0.0188882649 0.391613722 0.241169184 0.457644761 0.446183652
    0.934517145 0.588370442 0.279983759 0.307908148 0.235895067
    0.324923813 0.314376771 0.763180256 0.421599686 0.802764833
    0.295758575 0.543285668 0.214949906 0.0375827551 0.695116043
    0.534013391 0.312402517 0.214868695 0.271563917 0.260850668
    0.383933425 0.856703758 0.0727688074 0.95600605 0.547105312
    0.942553163 0.674656868 0.926112115 0.775355935 0.0893034935
    0.464889944 0.370813847 0.0901910067 0.0626265109 0.541019142
    0.445310175 0.911013544 0.790859401 0.850914359 0.475209475
    0.427422643 0.703957856 0.910616279 0.817811906 0.69489044
    0.31712985 0.0182670057 0.450582981 0.0116718709 0.251920193
    0.0625504851 0.515658557 0.783054113 0.108013153 0.287137628
    0.884678483 0.459079146 0.322326362 0.584619164 0.296378881
    0.943981528 0.31148088 0.659242511 0.739609003 0.869827032
    0.765840888 0.974668026 0.863157451 0.225407541 0.518617988
    0.0819892883 0.327298462 0.958295345 0.687007606 0.961782932
    0.381460816 0.410807937 0.948055685 0.875851989 0.679332018
    0.459466636 0.19475624 0.186230451 0.278924316 0.864142835
    0.895467877 0.390321225 0.961212516 0.693925977 0.0544178784
    0.769237041 0.00573083758 0.782859206 0.584565938 0.93389082
    0.771117806 0.457237303 0.272637516 0.0543701053 0.482034653
    0.191150278 0.0867289901 0.035838753 0.409209192 0.562473655
    0.687747598 0.743013263 0.935942292 0.0207716227 0.899865925
    0.419099063 0.765814781 0.781782806 0.305401802 0.118039131
    0.445958734 0.388987094 0.748087287 0.855308414 0.901453137
    0.763576746 0.816870332 0.10703814 0.240823478 0.102498144
    0.64824146 0.800214291 0.252097696 0.376499653 0.841401935
    0.697317481 0.903740406 0.409978747 0.686720669 0.883055091
    0.197498798 0.854275584 0.389502287 0.984453499 0.211207747
    0.961668968 0.530992627 0.465337992 0.016043067 0.749165058
    0.325266302 0.245407701 0.313244402 0.654638648 0.310441375
    0.932733178 0.699331462 0.0735773742 0.475920558 0.450793654
    0.6434986 0.688651204 0.273280531 0.561614513 0.605564415
    0.626730502 0.144726813 0.338968098 0.775382042 0.0328162611
    0.336008668 0.711554289 0.331425428 0.761592746 0.210652292
    0.618373156 0.474727839 0.491895616 0.480836898 0.295123488
    0.757261932 0.358703971 0.926307797 0.294173628 0.568481505
    0.157683283 0.282857716 0.354753315 0.931224704 0.663320601
    0.860703886 0.544947624 0.705114961 0.357834846 0.152048528
    0.772060871 0.75908792 0.318464458 0.751079381 0.519261718
    0.81422174 0.56905818 0.515914798 0.308020771 0.251695991
    0.0746932626 0.881042719 0.451665848 0.634834349 0.880828023
    0.332400084 0.854331076 0.0392062366 0.242085665 0.22863546
    0.571623802 0.79232049 0.156525314 0.336134881 0.227884799
    0.719557405 0.932735264 0.673387229 0.261251688 0.991575837
    0.751382947 0.252361357 0.0336739421 0.0143679082 0.181687266
    0.945620298 0.976340294 0.0530672669 0.892610133 0.790696084
    0.15386644 0.592848957 0.12014389 0.907668352 0.204593122
    0.958375454 0.797991991 0.421315432 0.250033259 0.661306739
    0.040709585 0.573325813 0.334623575 0.452725381 0.409709662
    0.618440688 0.144953936 0.164099216 0.291374922 0.390093684
    0.660265803 0.94216615 0.602156222 0.337469071 0.958067179
    0.739253759 0.737499833 0.409394413 0.614085436 0.444469392
    0.478861868 0.21930185 0.268327355 0.100168198 0.585473359
    0.660467982 0.612662435 0.0318633616 0.50564301 0.406933576
    0.256477237 0.624613941 0.0483632386 0.747298658 0.372176051
    0.00614529848 0.544917226 0.352300584 0.454305917 0.925476789
    0.25083077 0.651073933 0.712094963 0.148125857 0.224088043
    0.923875213 0.547697306 0.338570118 0.302134514 0.611697257
    0.610172629 0.393984288 0.283377796 0.910952389 0.924246192
    0.311077893 0.700720668 0.215325862 0.383201212 0.352948695
    0.206127614 0.673190355 0.476517797 0.973444104 0.255542397
    0.861482084 0.453993767 0.681748271 0.00559204817 0.513917565
    0.949171305 0.611973882 0.222852856 0.377093971 0.956041098
    0.525450945 0.485678107 0.450974047 0.788464069 0.723669767
    0.919745684 0.860564351 0.153053015 0.0505379736 0.737256289
    0.204665035 0.254634738 0.767252326 0.212801516 0.854579687
    0.0462689996 0.124212772 0.854771256 0.42827782 0.948338807
    0.651652992 0.0234764218 0.475962192 0.202196956 0.238051385
    0.825939059 0.714630008 0.112995356 0.263620436 0.671199739
    0.32777673 0.920238554 0.830609083 0.283151865 0.6046983
    0.0475471318 0.279194921 0.644226074 0.960813165 0.956585765
    0.585878789 0.424714237 0.190042704 0.915199757 0.615197003
    0.0334433913 0.265477568 0.586716771 0.530593932 0.749654889
    0.879434586 0.0573113561 0.415399313 0.949097395 0.423044115
    0.105352044 0.973034084 0.198430896 0.108454019 0.46412921
    0.479078591 0.289764404 0.226984292 0.465753853 0.775229573
    0.841489077 0.719039738 0.961502552 0.950639367 0.799251556
    0.0482279658 0.705299735 0.482502967 0.919472873 0.187356651
    0.47485888 0.643425703 0.25250411 0.821080923 0.98135972 0.541866481
    0.708372712 0.236558914 0.594600737 0.763861835 0.784916282
    0.266651034 0.281802326 0.760566652 0.645042896 0.669968605
    0.690953374 0.788487256 0.546590984 0.501685679 0.454236627
    0.835888624 0.898720741 0.610587955 0.830302715 0.866053939
    0.120308727 0.894518971 0.946025968 0.049349755 0.380084157
    0.931887805 0.562338948 0.877916098 0.594064593 0.72354877
    0.910119414 0.406799674 0.101320535 0.0299567282 0.987525344
    0.195834547 0.876142979 0.603249729 0.380580425 0.27022478
    0.78359735 0.14599365 0.692023396 0.924677849 0.739136159 0.32726264
    0.210252076 0.017711848 0.0621029139 0.325011849 0.493653387
    0.542556703 0.141557097 0.17500779 0.136925966 0.531730771
    0.216783166 0.76507175 0.335761726 0.202587336 0.973187089
    0.680018902 0.0160531998 0.686795592 0.892582953 0.919324398
    0.377088457 0.908991098 0.363731384 0.958265841 0.610117435
    0.90210104 0.504597068 0.184016466 0.142835826 0.638769984
    0.414444566 0.589247167 0.674640894 0.77246809 0.870029449
    0.450854719 0.244054347 0.773581147 0.0485949218 0.696987391
    0.805787325 0.756044447 0.0615493953 0.839164138 0.251825243
    0.27819109 0.349706322 0.525286794 0.871161222 0.0983176529
    0.899798393 0.626095057 0.496851981 0.213906795 0.297320187
    0.402066618 0.815727949 0.821908593 0.251941085 0.814152718
    0.944004178 0.811278224 0.344130635 0.232018381 0.283128411
    0.956409574 0.523911536 0.197562367 0.152745277 0.721013069
    0.933595181 0.662337482 0.352551043 0.0944187641 0.148355752
    0.75927031 0.474356055 0.465094686 0.812354982 0.623846591
    0.739376307 0.791370988 0.117490381 0.0682096183 0.74961257
    0.268800884 0.136700243 0.579283178 0.2298944 0.231993109
    0.581522226 0.0281502008 0.58495748 0.38861984 0.990329146
    0.213019699 0.248518646 0.509625852 0.433459997 0.431707352
    0.99073112 0.348963559 0.170820147 0.326996684 0.328976303
    0.758869767 0.385415554 0.833159447 0.74206239 0.763715982
    0.889817536 0.72022903 0.347122699 0.875398934 0.958397269
    0.499199748 0.266461432 0.252209544 0.215748549 0.657193065
    0.0272341073 0.760030806 0.430205733 0.214470983 0.272613615
    0.438515633 0.477725953 0.330471754 0.129935354 0.346051246
    0.992715716 0.640650272 0.245415926 0.0913909078 0.900558949
    0.236436099 0.983942747 0.306206763 0.88737011 0.0655630529
    0.462269545 0.195496291 0.602954566 0.214688361 0.878733993
    0.434038699 0.512373567 0.28446874 0.970402837 0.637576938
    0.672758758 0.105133682 0.538352191 0.37604329 0.998453677
    0.916909456 0.033087194 0.0544758141 0.588457823 0.89732635
    0.169277608 0.933745384 0.360362977 0.811608195 0.67000258
    0.0142489076 0.334967792 0.921442509 0.787670493 0.0788400173
    0.253342211 0.877304494 0.798892796 0.701384604 0.702192187
    0.73909843 0.139983296 0.604738951 0.347334981 0.972554564
    0.268768549 0.542004287 0.722304881 0.226867586 0.772511959
    0.339292496 0.0973190665 0.377165735 0.313413799 0.748933494
    0.240372151 0.680458009 0.349982321 0.450835586 0.257893741
    0.851132512 0.770604074 0.752302945 0.279650658 0.727858543
    0.0207586586 0.539171994 0.519149423 0.092028141 0.735991001
    0.062404722 0.133347064 0.684191227 0.667069435 0.825678647
    0.522248805 0.639056206 0.14814803 0.413054645 0.123763949
    0.0485501587 0.630326331 0.783868492 0.488791376 0.512642443
    0.437651008 0.497937143 0.59340483 0.705218852 0.00989559293
    0.592297733 0.0955160558 0.210224926 0.282134056 0.295710891
    0.499538362 0.873979568 0.461839855 0.388239086 0.564760149
    0.0994137824 0.421397299 0.930576086 0.594200373 0.516566873
    0.432891488 0.298414052 0.53829205 0.761678159 0.718370438
    0.647739053 0.84931612 0.0911502242 0.596752405 0.0343255997
    0.564171016 0.734231472 0.0662277043 0.872889221 0.27356562
    0.610867321 0.96187067 0.0197239816 0.683673918 0.657958388
    0.912455201 0.150827527 0.455264658 0.0306909084 0.264151692
    0.79727906 0.844290018 0.709802449 0.318679273 0.404695213
    0.520279408 0.905158281 0.29685545 0.402944207 0.850955606
    0.416737854 0.517879426 0.889558434 0.174667597 0.99004209
    0.873140216 0.0169492364 0.209705561 0.577606976 0.246682316
    0.768502533 0.110928029 0.416165769 0.288464487 0.514666557
    0.086399138 0.316322714 0.911515832 0.443471819 0.39299047
    0.952866912 0.164710164 0.541200519 0.00688230991 0.7991395
    0.424402386 0.0171750784 0.737126172 0.712572575 0.351399481
    0.99256289 0.782696366 0.865420699 0.66839397 0.161186069 0.50259012
    0.389673412 0.454706788 0.229585618 0.242915928 0.487191379
    0.949920297 0.623997092 0.800766706 0.486323625 0.15860486
    0.850867927 0.585492074 0.256857157 0.152950674 0.267488003
    0.898631454 0.54217273 0.642104745 0.38037625 0.287169844
    0.434855402 0.714154005 0.57381016 0.331796318 0.774548769
    0.60128653 0.767213941 0.091357559 0.355433762 0.101657361
    0.560539246 0.679838657 0.947996616 0.334919512 0.720465243
    0.702780247 0.418221354 0.55995214 0.805354357 0.324180573
    0.386748463 0.505968988 0.478004783 0.0875939727 0.98123455
    0.409927636 0.592023611 0.842382193 0.620572865 0.406852305
    0.484674513 0.377529681 0.927020311 0.970215201 0.439514518
    0.763826668 0.789191008 0.0588102043 0.573420584 0.621448755
    0.822144628 0.305330455 0.562054634 0.0116117001 0.584499538
    0.205323875 0.522137046 0.0540602505 0.881337166 0.962916195
    0.160660326 0.970286071 0.0683840811 0.801511705 0.183963865
    0.0398397744 0.111991405 0.77218926 0.331882566 0.828015149
    0.705562294 0.419737488 0.857220113 0.627457142 0.000134110451
    0.0382670164 0.263694346 0.111413628 0.438184708 0.19467631
    0.217513978 0.169964701 0.694184542 0.0024625361 0.605273187
    0.679655075 0.213994801 0.305582345 0.533940732 0.707195818
    0.633545458 0.311172128 0.125204772 0.214419425 0.2527951
    0.608190775 0.484989345 0.998911023 0.897465229 0.852937162
    0.550994992 0.774942219 0.435925663 0.364960134 0.572407842
    0.073659271 0.745096445 0.440184772 0.802804053 0.23784861
    0.571070731 0.761969626 0.234945238 0.571772039 0.262886345
    0.519132614 0.938943148 0.419801474 0.523403406 0.177978426
    0.31574446 0.0727221668 0.739772439 0.715738773 0.884834588
    0.990717411 0.774654031 0.723939121 0.831860304 0.21059075
    0.459680021 0.956680417 0.052341789 0.363682985 0.70626092
    0.41982013 0.374830544 0.232665062 0.340253353 0.544587016
    0.0995314717 0.297840774 0.358121902 0.647251725 0.478789032
    0.842674732 0.24313727 0.0492844582 0.357059896 0.00756567717
    0.774905741 0.524791956 0.364895195 0.741558433 0.141418248
    0.512316704 0.333333552 0.630695105 0.292777956 0.699047327
    0.0865061581 0.100119412 0.502898932 0.413380206 0.552986443
    0.928810298 0.483244151 0.134919792 0.154661268 0.438047945
    0.895039856 0.381445229 0.931165934 0.365671694 0.534106493
    0.294978589 0.30587256 0.199048847 0.264388204 0.637405515
    0.602360725 0.30470252 0.0419196486 0.522827864 0.0617891252
    0.540081739 0.266339928 0.305531979 0.688943684 0.94244957
    0.357644588 0.270741999 0.29355216 0.342157423 0.344942242
    0.502773046 0.0435469747 0.129182249 0.184055895 0.356827378
    0.654574156 0.473078281 0.966709912 0.991204679 0.147115171
    0.647358239 0.712628245 0.587953985 0.954728186 0.249475479
    0.548206091 0.757395267 0.977617383 0.780666351 0.229160786
    0.148952335 0.256883174 0.114029706 0.572618067 0.91972816
    0.736530066 0.81067735 0.46323818 0.592266321 0.652968824 0.23271805
    0.820964336 0.825216651 0.0910464525 0.947378516 0.311770201
    0.836531162 0.913824499 0.674679279 0.698899746 0.81558013
    0.903365374 0.776577592 0.221562237 0.359695882 0.562149286
    0.0200903416 0.442911953 0.231358051 0.0154234171 0.207059443
    0.792932272 0.341504872 0.958513975 0.186341375 0.962473631
    0.690065622 0.732300043 0.132100523 0.623381257 0.816439271
    0.110276133 0.437418759 0.858759522 0.721764326 0.154670835
    0.473837465 0.92490685 0.243118316 0.208282501 0.29026109 0.86356318
    0.437364906 0.333057821 0.0156405568 0.332574666 0.582064927
    0.0244803429 0.24422133 0.176177442 0.0210185349 0.623083234
    0.833300829 0.897168398 0.831590176 0.866134822 0.997693777
    0.860146284 0.495789528 0.669701099 0.475492716 0.719750166
    0.0780516565 0.0277463496 0.720494688 0.5091151 0.827738345
    0.911119938 0.0437193513 0.234664053 0.646094918 0.960346341
    0.659744442 0.389011711 0.154348731 0.0636416078 0.167065114
    0.154101104 0.537645578 0.673645496 0.80967474 0.743285656
    0.396225154 0.336481363 0.576014638 0.9946208 0.505407631
    0.547856808 0.765258908 0.653214216 0.549190938 0.566022456
    0.851768255 0.718471587 0.285457641 0.760294199 0.450607389
    0.640269518 0.746655166 0.256517112 0.692618489 0.516184211
    0.203935295 0.975382328 0.123643816 0.515089035 0.038079083
    0.427990168 0.669053555 0.549857497 0.515432417 0.904263735
    0.659446478 0.103159606 0.0945651829 0.90785712 0.706774712
    0.18519932 0.998211145 0.55567342 0.920146227 0.78071785 0.524072886
    0.777691305 0.172187448 0.676862657 0.116364807 0.851209402
    0.58618629 0.417060554 0.371123582 0.511704981 0.720761418
    0.889510512 0.0547505915 0.363032758 0.740106106 0.153763264
    0.667717278 0.230201989 0.0831770897 0.986271441 0.290921688
    0.972575128 0.700345993 0.714133918 0.176407814 0.439612299
    0.916124165 0.595896482 0.502219319 0.312650263 0.565391064
    0.288074374 0.535772085 0.356810331 0.72771287 0.248533189
    0.547479033 0.954961061 0.60483253 0.57660538 0.361852676
    0.0385673046 0.71450007 0.508072078 0.831208408 0.640914381
    0.320592076 0.775956154 0.312763453 0.0346725881 0.206952929
    0.0393639207 0.472888798 0.750085711 0.329807758 0.619814515
    0.840456009 0.0494425893 0.68151927 0.829151452 0.114476442
    0.562048674 0.916630149 0.271125078 0.494219899 0.429079235
    0.105057091 0.219183207 0.169956267 0.325254142 0.749702394
    0.781880021 0.862935543 0.873393595 0.975206971 0.629192591
    0.867938876 0.39070791 0.0294727683 0.44528237 0.423384637
    0.243863404 0.452917635 0.667352736 0.289455235 0.567122161
    0.883244455 0.755453706 0.820345521 0.940293849 0.779547215
    0.373434544 0.817926764 0.30540666 0.696954608 0.0551230907
    0.0687365532 0.0970826745 0.628314674 0.736692905 0.918280184
    0.0691199601 0.531246781 0.904204488 0.803718388 0.886096239
    0.431843817 0.321898162 0.12618953 0.271863639 0.136633784
    0.110375255 0.999500275 0.0816745162 0.949529648 0.182210654
    0.707609296 0.957732022 0.907644391 0.419054747 0.347958088
    0.739334345 0.119092584 0.246898651 0.856019616 0.627922118
    0.293433666 0.873807549 0.947257221 0.55945009 0.799633801
    0.438401788 0.123866707 0.0652225614 0.430599779 0.243819594
    0.925173879 0.716277003 0.849956751 0.233424455 0.926202476
    0.384171069 0.400746822 0.638760507 0.0530933142 0.103737593
    0.743242741 0.378195822 0.261449695 0.796114981 0.753955007
    0.683372378 0.461882383 0.232273072 0.53580153 0.164642453
    0.279479116 0.0650410652 0.746176839 0.851219296 0.213176668
    0.574308336 0.627785921 0.880847812 0.658223331 0.193593085
    0.430622667 0.358429134 0.814884007 0.367507041 0.343692422
    0.955732703 0.56866622 0.581908405 0.708334863 0.653894067
    0.463587403 0.523792446 0.672498941 0.231173337 0.153197885
    0.00248238444 0.442274451 0.0764988661 0.975069463 0.234757692
    0.144302338 0.63876307 0.365254641 0.579584718 0.967259288
    0.637527287 0.262691855 0.406297475 0.520118773 0.399348646
    0.699564397 0.405861259 0.0271778405 0.503341198 0.723578215
    0.957967758 0.685295641 0.858618617 0.710836232 0.245345503
    0.340970963 0.475742429 0.0138579309 0.5868029 0.0145367086
    0.117026865 0.481102139 0.744091272 0.679381669 0.0408746898
    0.636302888 0.0335308313 0.643560886 0.965973556 0.487034947
    0.537967205 0.952431202 0.13062942 0.364897817 0.768090367
    0.0365547836 0.487829983 0.740162015 0.340532303 0.949756145
    0.821968257 0.0238378048 0.749566376 0.604469121 0.397509009
    0.306672752 0.0909815133 0.558463573 0.435534447 0.150587797
    0.911629438 0.401521534 0.00345301628 0.0497476757 0.811255455
    0.0722187757 0.557728708 0.938642263 0.696102262 0.0352905691
    0.141984284 0.298846185 0.242120713 0.376964331 0.00729367137
    0.0905388296 0.396247417 0.576964915 0.257162452 0.165338874
    0.966472685 0.257305443 0.943044901 0.742931008 0.973179877
    0.368268847 0.921616316 0.288950622 0.500529647 0.272144437
    0.42020753 0.322235703 0.30182901 0.707247317 0.339821339
    0.332384408 0.0272369385 0.145060748 0.389078707 0.932950258
    0.89132756 0.104231 0.684912562 0.123852789 0.398328125 0.157514155
    0.20565483 0.572598755 0.785237432 0.81134063 0.555706024
    0.787178338 0.525857687 0.584541798 0.859570444 0.558275998
    0.424265236 0.953730106 0.307643145 0.765013814 0.540531397
    0.213912278 0.726325274 0.141566664 0.609283686 0.521686554
    0.923650265 0.80177182 0.502840459 0.0129517317 0.272776246
    0.589651108 0.768097937 0.852414429 0.475082308 0.103784233
    0.934957147 0.383702815 0.528118014 0.259148657 0.574401796
    0.250731289 0.511515975 0.567794859 0.630129933 0.305223048
    0.343119621 0.0784992874 0.389132351 0.0473204255 0.0617379248
    0.810267091 0.182508439 0.72677052 0.628027022 0.526208639
    0.538894653 0.206881195 0.928080618 0.937341332 0.773356557
    0.80594039 0.798113942 0.116187483 0.494760603 0.849239767
    0.335547984 0.706576467 0.72937119 0.909321427 0.29145503
    0.379015505 0.159383208 0.854665518 0.45410341 0.993727207
    0.996718049 0.931505442 0.927858949 0.70496881 0.779463291
    0.818935692 0.758323669 0.937772751 0.987468481 0.341539383
    0.359020472 0.578757763 0.96112287 0.50840199 0.567189634
    0.535796583 0.996098876 0.577697575 0.884953141 0.0712569058
    0.51037693 0.298122942 0.0987967253 0.316947103 0.800209403
    0.86815536 0.46477443 0.75351584 0.219318956 0.597289264 0.702608049
    0.785663724 0.19980374 0.00927209854 0.0607222021 0.278580487
    0.130360067 0.69443047 0.160859823 0.502982557 0.804154515
    0.583951831 0.125508457 0.723413289 0.165139735 0.775400281
    0.0250478685 0.970768809 0.0768519044 0.0524419546 0.396660745
    0.404577792 0.540235221 0.457420141 0.578316092 0.938346446
    0.553130269 0.69668293 0.647336602 0.8824296 0.524254322 0.313962668
    0.144931138 0.128991485 0.00437241793 0.880094111 0.812339306
    0.326792538 0.208222896 0.251627803 0.0798941553 0.871624827
    0.418044031 0.00806093216 0.666895986 0.430931509 0.299342275
    0.5800457 0.69979018 0.842476726 0.549019098 0.209267467 0.954132795
    0.649769306 0.185335815 0.352648616 0.661035001 0.885217667
    0.143373817 0.323628247 0.102083862 0.418446302 0.436585367
    0.326657295 0.0604659021 0.945565462 0.970704794 0.0727106631
    0.526574671 0.968454599 0.328659117 0.841255724 0.882935226
    0.629085839 0.134266675 0.468165517 0.665794253 0.268707275
    0.0720253289 0.854987502 0.388999224 0.714036942 0.382599592
    0.454802483 0.813064814 0.399302393 0.29642731 0.4897376 0.920214176
    0.290603757 0.184296548 0.551522195 0.313606799 0.785357177
    0.968953729 0.264518291 0.1452277 0.310763061 0.156427294 0.19693312
    0.192151725 0.399342 0.0750676095 0.714199066 0.262858212
    0.638959885 0.91572988 0.245081782 0.951589346 0.334950089
    0.896710753 0.994470477 0.327720404 0.699265122 0.0526370704
    0.261869311 0.951151907 0.36275062 0.479070544 0.429671228
    0.845977187 0.180630237 0.572158813 0.399359286 0.0673104525
    0.929642558 0.593631268 0.474293053 0.767719209 0.0958690345
    0.304603159 0.97498405 0.790787458 0.933957934 0.168630451
    0.416650832 0.0501384139 0.749689639 0.649431825 0.318974823
    0.822164536 0.866160274 0.166109115 0.534363687 0.852670372
    0.888110042 0.968516171 0.0588285625 0.25257504 0.450522691
    0.331551403 0.701098561 0.990099311 0.415504158 0.542187333
    0.322684914 0.918901503 0.854566216 0.46943602 0.159658104
    0.743034363 0.98582232 0.436684787 0.459979534 0.541628778
    0.970830679 0.558790088 0.0341409445 0.416890383 0.467371911
    0.537983716 0.337574691 0.531374693 0.159390092 0.568498135
    0.263520032 0.656278312 0.263843477 0.551445901 0.276027024
    0.84674716 0.951978266 0.817351639 0.515468061 0.141914427
    0.26863429 0.673889041 0.235090107 0.1690979 0.794209003 0.970114052
    0.518106043 0.548380911 0.48217988 0.352041721 0.0168210864
    0.202296168 0.324956834 0.242967039 0.720571876 0.216838986
    0.406285882 0.196025223 0.522590816 0.606073022 0.978773594
    0.280048311 0.99474895 0.691548109 0.466861486 0.681458712
    0.515202343 0.942263842 0.442113966 0.00728616118 0.501915753
    0.990596473 0.0424696803 0.543492019 0.27057603 0.956509948
    0.989970684 0.270430565 0.291244775 0.513315022 0.493070006
    0.988055468 0.843492508 0.786269069 0.412144899 0.911355913
    0.121419638 0.799140513 0.501157582 0.89219439 0.513688743
    0.195565522 0.428349406 0.954537332 0.326171607 0.830531418
    0.47214812 0.109092116 0.342055917 0.344064623 0.646021664
    0.276073724 0.905331373 0.168771416 0.854840636 0.440737575
    0.19834888 0.494835019 0.186848015 0.398646593 0.840828657
    0.408982337 0.351593524 0.169142008 0.437019408 0.87439245
    0.502252698 0.601547956 0.983070016 0.0776013732 0.0542032421
    0.363728642 0.133879006 0.485316217 0.61524111 0.389343113
    0.189816922 0.226500928 0.476925552 0.797527969 0.0502948165
    0.108344764 0.0063342154 0.891318977 0.762539864 0.140612274
    0.0232983828 0.899170756 0.544931173 0.00576302409 0.576859117
    0.866884112 0.358416647 0.636571109 0.563136637 0.320423067
    0.617987871 0.729562461 0.116542459 0.949480534 0.371895164
    0.758813441 0.772784591 0.16065374 0.910088122 0.866339922
    0.933092713 0.219517887 0.517064035 0.0390824378 0.0345292389
    0.815009594 0.973065972 0.174226046 0.69163245 0.393603474
    0.960000038 0.463980913 0.810107589 0.976338267 0.716404557
    0.771528125 0.542269826 0.563844502 0.483395547 0.940550387
    0.691001356 0.527625918 0.515576601 0.323643208 0.0674393475
    0.151880443 0.424815893 0.0291740596 0.63568449 0.274745852
    0.661022723 0.105211079 0.313897461 0.434117794 0.506149113
    0.907946348 0.954897165 0.371114075 0.114299715 0.395787656
    0.125062346 0.159213424 0.122624218 0.225371122 0.694904804
    0.206786215 0.249643296 0.499786437 0.301278412 0.508083045
    0.627756178 0.351262689 0.745762527 0.54079318 0.162115723
    0.424924612 0.610659897 0.991125405 0.0316648185 0.10183847
    0.0774537027 0.758354127 0.291976392 0.640250504 0.305351466
    0.969915152 0.389264941 0.34626323 0.456910133 0.545009911
    0.996834159 0.341651112 0.715591133 0.821213961 0.111651331
    0.48665607 0.717032671 0.345828652 0.0333697498 0.361543715
    0.476734996 0.336072326 0.28130585 0.825611234 0.32026571
    0.799723506 0.367409945 0.647390425 0.0588962138 0.640367568
    0.61908114 0.279000282 0.978213906 0.501345217 0.88633287
    0.947978437 0.864231825 0.250761926 0.700131714 0.36218971
    0.0892201066 0.30216223 0.595052421 0.42017442 0.151372015
    0.90915513 0.888163567 0.311984479 0.134281456 0.384333879
    0.512866199 0.148227692 0.488604099 0.9813447 0.0349860191
    0.158547372 0.688388765 0.716808796 0.296272725 0.300370723
    0.355677128 0.125339568 0.883096933 0.054523319 0.815118372
    0.533732295 0.299791306 0.0117460191 0.701645851 0.949854612
    0.727018714 0.584250808 0.671154082 0.152986705 0.436621428
    0.933477998 0.350928694 0.952527523 0.52777952 0.148005217
    0.984418869 0.23833406 0.608762801 0.857625484 0.347506225
    0.887675226 0.505920887 0.325579852 0.17406407 0.653503835
    0.60056591 0.650216103 0.676654935 0.188078701 0.359889388
    0.468715072 0.895224333 0.811790824 0.429663241 0.686060548
    0.497449875 0.150221616 0.781613111 0.991762757 0.383102417
    0.00280159712 0.442403644 0.152913243 0.466304362 0.885697007
    0.343088508 0.755663872 0.867800832 0.0319682956 0.17840904
    0.538802624 0.201481342 0.158753067 0.759875119 0.267812222
    0.244209439 0.166363746 0.276371479 0.683918059 0.551017165
    0.116436541 0.813267827 0.929173172 0.184292436 0.0261135101
    0.0831534266 0.336442173 0.0475313663 0.769811094 0.778005123
    0.963121653 0.494878143 0.979138136 0.404398263 0.379481137
    0.466049999 0.422263533 0.0312429368 0.274797916 0.359826744
    0.656438649 0.0209164321 0.850645363 0.835131824 0.716750503
    0.948472202 0.829041839 0.451103806 0.641965806 0.460671067
    0.907084823 0.238591462 0.27005899 0.901076317 0.351593882
    0.343943387 0.935253382 0.783969402 0.369361401 0.58143127
    0.10286507 0.143857986 0.0720871687 0.623403609 0.0932946503
    0.555736303 0.630601645 0.565351069 0.939325333 0.470389009
    0.285831511 0.712055027 0.0500306487 0.397987783 0.476221621
    0.842023253 0.734667242 0.847450733 0.0342339277 0.0836913884
    0.830393672 0.443889678 0.908681333 0.865091562 0.485657871
    0.686824918 0.0807650983 0.84450233 0.135289997 0.835669756
    0.327438354 0.513844311 0.0489553213 0.224482685 0.371602774
    0.307810068 0.465473026 0.566973209 0.165318996 0.0250916779
    0.915238619 0.523607314 0.137625009 0.0237470269 0.802554548
    0.843490243 0.89590466 0.849768877 0.654599011 0.294547081
    0.765432477 0.378681779 0.854842663 0.914785266 0.0804838836
    0.926562428 0.736903489 0.606172323 0.724081397 0.882563829
    0.961460829 0.848304272 0.566270113 0.334134281 0.100314111
    0.483416736 0.876680315 0.405622274 0.548617363 0.169764787
    0.788463593 0.557645798 0.549803376 0.829026282 0.046603173
    0.812151313 0.573814392 0.12724191 0.86604023 0.6987046 0.827011585
    0.836971879 0.170293033 0.77192986 0.96702683 0.770335555
    0.583340585 0.478490859 0.805080652 0.185287237 0.251635224
    0.886474848 0.772069275 0.502701581 0.885552049 0.657347739
    0.577706099 0.417544603 0.220724672 0.241923958 0.531252623
    0.154697627 0.647425056 0.923758149 0.932602644 0.222231805
    0.860252261 0.500915825 0.87435317 0.879737377 0.955570817
    0.649948776 0.267702341 0.222947121 0.934665501 0.419060409
    0.714268088 0.35326758 0.334869027 0.270925939 0.198695123
    0.78854537 0.576265752 0.142482549 0.555354774 0.275722504
    0.926946044 0.147730619 0.443438858 0.849923193 0.292704016
    0.0927902162 0.269697905 0.498263717 0.210229188 0.498239458
    0.833585501 0.48883763 0.701639831 0.642652333 0.132427901
    0.748987317 0.745003343 0.39466697 0.661101162 0.0683004558
    0.597782552 0.279953092 0.591169417 0.863610923 0.601822078
    0.217467368 0.180627614 0.158911854 0.0248363614 0.384669095
    0.450536966 0.00196135044 0.444547176 0.222402811 0.220534146
    0.160793811 0.641243815 0.39443922 0.826637268 0.274562389
    0.930754423 0.947417498 0.148542196 0.639194429 0.100134701
    0.518573403 0.963974953 0.406901062 0.421108782 0.907557011
    0.484506816 0.559610069 0.499334693 0.820787549 0.721719503
    0.889967084 0.251471639 0.562407732 0.199169487 0.574090123
    0.193655252 0.0545910001 0.847084165 0.338343561 0.417031616
    0.735542715 0.016813159 0.976501703 0.968127608 0.46267882
    0.763700664 0.0429802835 0.247709662 0.0614466369 0.385748804
    0.96779263 0.503323138 0.583124578 0.685851812 0.318353772
    0.424064815 0.878165126 0.407100499 0.823446512 0.925089836
    0.913086593 0.864649117 0.0626883209 0.242074668 0.93368721
    0.52624625 0.31495893 0.892819285 0.102462798 0.208485752
    0.0608370602 0.513679326 0.11638537 0.299045593 0.396678895
    0.738601327 0.845247626 0.554492533 0.435540497 0.306920379
    0.985725641 0.157595783 0.95977819 0.468407184 0.01858446
    0.705390394 0.512481272 0.789415896 0.0292814076 0.956070304
    0.0570234954 0.923792481 0.441460758 0.941459715 0.868102252
    0.836311936 0.49170208 0.465805441 0.547344387 0.217040151
    0.540335834 0.746216416 0.993027806 0.882644236 0.636374176
    0.529771209 0.0492340922 0.742595911 0.771159768 0.675144196
    0.877955735 0.539781749 0.258343697 0.0130871832 0.749587536
    0.255551696 0.572939396 0.0783694983 0.632539809 0.172968358
    0.956530094 0.00975647569 0.351970077 0.541854858 0.425404966
    0.63930136 0.816856265 0.580033481 0.652590394 0.114356428
    0.71910733 0.491323918 0.93724972 0.234567136 0.696247816
    0.915019333 0.755250692 0.540929675 0.672549486 0.728939056
    0.955638885 0.963756979 0.584971189 0.513574183 0.547326803
    0.0718224943 0.705830932 0.493284315 0.0750038028 0.228704959
    0.542286932 0.556330264 0.328353822 0.299155474 0.0942697525
    0.87218225 0.425968528 0.365405023 0.56308502 0.962675214
    0.359204978 0.188014716 0.278404325 0.0629761517 0.810870886
    0.325825393 0.266457856 0.409484237 0.84375006 0.460055947
    0.396884233 0.892508626 0.421893328 0.176666051 0.239183843
    0.0512726307 0.615891516 0.681752563 0.567521155 0.883387208
    0.831635833 0.4878923 0.532903969 0.592968524 0.058127135
    0.860510826 0.205186754 0.7519418 0.887209892 0.576932192
    0.0423966348 0.702468634 0.705214739 0.820270061 0.974122047
    0.606843352 0.766709626 0.200640112 0.685937285 0.440939575
    0.683266103 0.19283092 0.361823142 0.252034664 0.654222786
    0.55915451 0.855093479 0.945582211 0.67898649 0.495542705
    0.375845462 0.731430948 0.500051975 0.0625835061 0.0795057714
    0.387197673 0.464662313 0.693595469 0.481568247 0.481851161
    0.109257489 0.846251249 0.0520547032 0.301213533 0.162227869
    0.546536505 0.0363583267 0.985987961 0.666584432 0.510811746
    0.18794021 0.193760961 0.202554256 0.68727535 0.228841275
    0.923382282 0.286534667 0.149119735 0.196927458 0.268917382
    0.240494758 0.658856869 0.152501822 0.704055011 0.483045876
    0.380181909 0.454877704 0.922790647 0.0480379462 0.672445118
    0.729635358 0.198864639 0.179625183 0.861989439 0.843101382
    0.882236242 0.692220986 0.598498285 0.761351883 0.598480403
    0.332916439 0.0372653604 0.64684397 0.664133251 0.524563313
    0.899736762 0.527366102 0.438894004 0.0655114949 0.848411024
    0.85511905 0.208350837 0.458658844 0.982888877 0.464875817
    0.768944979 0.175718009 0.385784894 0.338524789 0.328076661
    0.181766331 0.605632722 0.224320322 0.316366881 0.459974706
    0.430185616 0.0223789811 0.87537545 0.480139524 0.325492859
    0.556300104 0.19607681 0.908927023 0.403199822 0.449135512
    0.572893143 0.127976447 0.0123000443 0.842165589 0.327866137
    0.339391053 0.0217199922 0.266156673 0.178005695 0.981498599
    0.926013589 0.416499525 0.299944818 0.151079655 0.623318136
    0.380925655 0.174719304 0.174324751 0.558945239 0.685966194
    0.0248776674 0.0304267406 0.947448373 0.687601089 0.411806762
    0.698460877 0.411680341 0.659321904 0.102834463 0.317837775
    0.523539722 0.262147367 0.122903615 0.942516208 0.114954829
    0.344450831 0.508295238 0.084738642 0.347964525 0.672621787
    0.130907238 0.273160934 0.230343103 0.693346858 0.126630515
    0.112111211 0.937345684 0.782043099 0.971933782 0.946491122
    0.640213132 0.933326364 0.882247806 0.93954742 0.506542802
    0.310725093 0.693592429 0.914415479 0.719001949 0.289595187
    0.20631519 0.582989395 0.0733728111 0.584193408 0.475927919
    0.61534071 0.340117157 0.742646694 0.0436158478 0.319251955
    0.868328691 0.972389936 0.677756786 0.579161525 0.210465729
    0.711135328 0.159106314 0.652641058 0.351426274 0.53503859
    0.180218458 0.388899624 0.190004259 0.87310648 0.941307068
    0.167019039 0.605213881 0.987762332 0.165776372 0.307379127
    0.569170237 0.644891858 0.779503226 0.232046276 0.525210917
    0.890388727 0.133919835 0.575814366 0.0904407203 0.479957938
    0.934306443 0.277668834 0.889815032 0.0634751618 0.26303035
    0.998232126 0.0639798641 0.50763768 0.809479654 0.11068517
    0.740213513 0.78770721 0.613461971 0.773867011 0.133548826
    0.123242587 0.371881485 0.464699507 0.516017079 0.941523314
    0.136235327 0.399425805 0.0619107783 0.20611161 0.0611142814
    0.849529624 0.105493397 0.823376179 0.879376113 0.865602672
    0.485456854 0.459211051 0.945550025 0.680594862 0.80534941
    0.768826485 0.234254271 0.215847522 0.425102115 0.909222603
    0.774201095 0.12372151 0.70968008 0.191412866 0.162777513 0.66735512
    0.669369817 0.576595545 0.116042137 0.525523245 0.741392016
    0.741854131 0.605544806 0.429658681 0.849779606 0.9483881
    0.136532396 0.891189694 0.984369814 0.513904214 0.376902282
    0.96965456 0.96536231 0.740131617 0.465840995 0.0297033191
    0.891423643 0.306976736 0.479736805 0.982766986 0.0396399796
    0.0984581709 0.124325842 0.671898544 0.749930143 0.42724669
    0.314379871 0.464649796 0.836583853 0.910574794 0.00570580363
    0.65462172 0.174258888 0.966585338 0.268288553 0.0269973576
    0.472018689 0.0803342164 0.849978924 0.241262466 0.829864025
    0.833869457 0.371531308 0.0822897553 0.876775742 0.882428288
    0.0275587738 0.319302499 0.0324130356 0.454471529 0.707473814
    0.418999135 0.196310073 0.89961791 0.82186842 0.603632212
    0.967422843 0.601677716 0.0731494427 0.489389896 0.60362339
    0.634748518 0.0221228302 0.778754115 0.975190997 0.450497687
    0.524726927 0.579514503 0.47153151 0.0585231483 0.134310037
    0.0178789496 0.211552322 0.368776679 0.0196270347 0.954436123
    0.70723784 0.664709449 0.938741684 0.325076967 0.883789062
    0.980833828 0.984059155 0.297733068 0.337444395 0.548750937
    0.650598645 0.844594598 0.309458792 0.985675931 0.871498585
    0.564246476 0.468849391 0.100131392 0.368381143 0.986053705
    0.126445293 0.0247551799 0.90257442 0.77766037 0.150709331 0.4443672
    0.238258451 0.482690543 0.407526076 0.158377469 0.00876104832
    0.268885761 0.18945235 0.84656322 0.366091251 0.648921847
    0.617259979 0.995442152 0.965796828 0.46955952 0.121309996
    0.931002617 0.104440659 0.704137444 0.539662004 0.405810565
    0.132680029 0.374184996 0.812388897 0.213607401 0.672245026
    0.833069086 0.9815166 0.187861264 0.000261753798 0.585473239
    0.58184886 0.370610863 0.894715309 0.801510334 0.926295877
    0.418563843 0.303522974 0.37040323 0.396413982 0.933849633
    0.825407147 0.119354755 0.360242963 0.62069416 0.843699098
    0.265451729 0.00406438112 0.0561782718 0.534229755 0.862234235
    0.890587509 0.286536217 0.825588822 0.982940197 0.0731425583
    0.10931918 0.812575698 0.0651793182 0.794160485 0.559826612
    0.773747981 0.189125478 0.228240013 0.391443074 0.430031896
    0.563743889 0.687247455 0.363519013 0.648541749 0.456867486
    0.556985736 0.794608355 0.447603673 0.566051722 0.996856332
    0.106373996 0.689002991 0.0247478187 0.261891454 0.425495267
    0.186511815 0.352201521 0.616247416 0.668422937 0.0409211516
    0.301304251 0.459764063 0.287444651 0.670576513 0.121475965
    0.339698255 0.64312911 0.617169261 0.257533163 0.0642850995
    0.169412851 0.730955303 0.320724547 0.258159578 0.919308186
    0.0209857523 0.584937632 0.806751728 0.293423653 0.661566913
    0.817897797 0.732656896 0.576145589 0.185880721 0.220301449
    0.565770388 0.412104368 0.293871224 0.937569976 0.391622961
    0.511468232 0.553871036 0.303268164 0.748788059 0.529993892
    0.966131568 0.473508805 0.660941005 0.585277021 0.89566052
    0.987478077 0.924843073 0.628872156 0.177323222 0.983822286
    0.505468845 0.523522019 0.842184603 0.0808005333 0.802633345
    0.567027688 0.741974831 0.441505224 0.327038765 0.311057657
    0.879351139 0.475578606 0.358414143 0.918272495 0.122645974
    0.699314237 0.668285429 0.2918275 0.850667953 0.364080191
    0.280314982 0.607247889 0.86002779 0.182658225 0.584348679
    0.832431793 0.80480814 0.508887291 0.47647652 0.376624644
    0.0127191842 0.544234037 0.00839310884 0.177601367 0.16515407
    0.219738334 0.268138587 0.177925974 0.631417096 0.441597283
    0.161842406 0.298886001 0.389617562 0.76812911 0.00508961082
    0.806632221 0.311457217 0.0128979385 0.805403411 0.240136921
    0.98551023 0.669774771 0.415416241 0.226217628 0.556075931
    0.914756596 0.237866163 0.631581843 0.851569533 0.0840561092
    0.56635201 0.499425262 0.851759672 0.244377524 0.979967892
    0.037931174 0.660382867 0.68550992 0.979772627 0.88854444
    0.697328448 0.777307212 0.0759544969 0.863234937 0.149517149
    0.208033592 0.563881397 0.094979912 0.613940656 0.222588748
    0.727256477 0.634448528 0.553208768 0.710375667 0.556200325
    0.892887235 0.634339452 0.199052393 0.194272488 0.67529273
    0.345439136 0.134698749 0.537753463 0.0930324197 0.740287185
    0.746422529 0.406232715 0.39036411 0.032910049 0.145773113
    0.19109121 0.536878526 0.703829288 0.573459029 0.858618379
    0.130780876 0.651460171 0.984345078 0.281775385 0.992656231
    0.223630935 0.408106923 0.0268664062 0.407512784 0.618909359
    0.546532869 0.710421503 0.684064746 0.599622011 0.453522116
    0.64519608 0.0810466707 0.852052152 0.713770747 0.99823612
    0.425049692 0.836781502 0.479338944 0.250189543 0.334142089
    0.894941688 0.0836338103 0.357508302 0.381362468 0.640031815
    0.86617291 0.606215 0.0134607553 0.132746547 0.744817972 0.808879793
    0.141475588 0.196868151 0.562120438 0.600102067 0.367310524
    0.567190409 0.52565825 0.852712631 0.553388178 0.546756864
    0.264807224 0.514361382 0.202896833 0.0161939263 0.576517045
    0.11235714 0.264911771 0.149964839 0.116185039 0.89680028 0.16951409
    0.610102057 0.803583026 0.475057781 0.893107235 0.922497392
    0.200004548 0.444224298 0.622203827 0.902997971 0.539085209
    0.678141117 0.291841149 0.0489584506 0.826766372 0.131437093
    0.749914467 0.418984503 0.845458269 0.214596808 0.308141291
    0.799108863 0.812982798 0.330241084 0.313333333 0.589475155
    0.0868749619 0.384039909 0.09683761 0.0892837942 0.91224432
    0.908785701 0.818332434 0.270214945 0.687719941 0.724985898
    0.519085288 0.123152286 0.442522347 0.164265603 0.0404046476
    0.859137058 0.0845772624 0.598560393 0.326562375 0.844058216
    0.0733611584 0.975675702 0.534316659 0.850772381 0.00677922368
    0.894826949 0.304982156 0.238108695 0.573159695 0.757171214
    0.167906106 0.802575111 0.256250978 0.191338986 0.936519504
    0.229726881 0.13956362 0.998106599 0.63827163 0.475606441
    0.392093003 0.919187546 0.211059183 0.501406848 0.620854378
    0.242580563 0.960199475 0.473308772 0.0543121696 0.246864259
    0.559738457 0.609317899 0.566585183 0.852055669 0.279159129
    0.889671445 0.733299494 0.590361238 0.847131431 0.598296702
    0.479957193 0.0585080981 0.984952331 0.609670639 0.1220797
    0.0903100967 0.141135156 0.608458042 0.942210436 0.16302067
    0.076584667 0.28370285 0.00836369395 0.369183332 0.350403368
    0.775558412 0.284376681 0.829362452 0.0679082572 0.307623684
    0.185462505 0.0313389301 0.569367886 0.737438798 0.18035683
    0.703595281 0.883699477 0.347035885 0.971323252 0.397169262
    0.587323308 0.952654719 0.757011712 0.852167606 0.590415776
    0.550558925 0.284700632 0.434348196 0.353238642 0.851882637
    0.122306943 0.167706788 0.982614279 0.555500388 0.441583425
    0.822230101 0.868665338 0.447792888 0.385950387 0.439606905
    0.740018904 0.826532066 0.711381972 0.831058979 0.725684702
    0.606986225 0.849195838 0.443371892 0.800208449 0.971177936
    0.14409259 0.122522712 0.114823878 0.378145933 0.467937857
    0.902574778 0.242149234 0.804112315 0.941195488 0.160994142
    0.691118896 0.897923946 0.336268455 0.980307102 0.0974913538
    0.699587703 0.593576074 0.149367303 0.862667799 0.380584955
    0.187014729 0.110156178 0.94735527 0.400970906 0.510669887
    0.752349734 0.24473688 0.0862500072 0.153265566 0.109570831
    0.824865401 0.297416627 0.589076161 0.516287506 0.237892449
    0.164420992 0.228322774 0.25849843 0.676584601 0.458676904
    0.430965185 0.690738797 0.452056289 0.90276736 0.325903535
    0.147378892 0.19726634 0.479506254 0.89877522 0.909047604
    0.629410744 0.0649027824 0.580088794 0.30714044 0.67844367
    0.847827315 0.0517395735 0.458883822 0.778690696 0.217583328
    0.188065171 0.225203395 0.332435608 0.943870068 0.843973517
    0.640282273 0.420403183 0.653838456 0.953622997 0.949537039
    0.674211264 0.659132063 0.521614969 0.325879604 0.969362974
    0.0859643817 0.635110259 0.111544967 0.424843192 0.119253755
    0.406529725 0.961127639 0.457957357 0.771153927 0.739494503
    0.507567048 0.932857394 0.356818199 0.917092204 0.956042171
    0.14192453 0.99868691 0.716855764 0.890248656 0.750250697
    0.0511877835 0.0711072981 0.516223133 0.230061591 0.644210696
    0.671032071 0.275588036 0.261287749 0.86040169 0.161304533
    0.772702932 0.0878868103 0.0833179355 0.725485802 0.565554678
    0.578023255 0.0768185854 0.259078085 0.669661105 0.678390324
    0.381613433 0.0679475367 0.0747214556 0.69820863 0.647216499
    0.777537763 0.0964799523 0.503950715 0.98420155 0.213477194
    0.823339343 0.752909064 0.52451086 0.483791083 0.5843364 0.57139647
    0.98923105 0.977284968 0.899937868 0.327639639 0.741476059
    0.100931376 0.167636693 0.870629787 0.0194462836 0.519134104
    0.892331481 0.476117104 0.509482145 0.646306455 0.91897285
    0.519913673 0.642876565 0.353235781 0.0452553034 0.287948489
    0.455096006 0.7161538 0.867862105 0.619737029 0.658125103
    0.674089968 0.801931024 0.368100643 0.56210041 0.568877101
    0.863840938 0.879128814 0.473377615 0.809354186 0.622071683
    0.433984935 0.713160276 0.291658461 0.901150703 0.744927108
    0.673773944 0.931824207 0.771095872 0.944932818 0.154741496
    0.0745212436 0.563153267 0.158671498 0.716772437 0.897652745
    0.845390558 0.550274193 0.875780225 0.815159321 0.707276225
    0.10504061 0.086748004 0.515029669 0.3271887 0.444627494 0.822079778
    0.0438242257 0.749360442 0.880154014 0.956470251 0.765026331
    0.869935513 0.31507054 0.0158103704 0.34666872 0.491451859
    0.119379431 0.848352551 0.643490374 0.752603769 0.305846572
    0.233476579 0.23394379 0.43858391 0.465392202 0.607006371
    0.318214893 0.427368045 0.563871741 0.647906184 0.474356353
    0.321914911 0.683176756 0.463324487 0.789306045 0.159800231
    0.923505008 0.913739443 0.81907326 0.817040801 0.0398478508
    0.67071408 0.323356181 0.935394228 0.704462349 0.314003289
    0.577941716 0.988160014 0.0694837868 0.251601219 0.696573913
    0.307765782 0.721268415 0.274499059 0.507373214 0.356766969
    0.143601924 0.425668836 0.852532268 0.656705379 0.892982841
    0.136435956 0.182344198 0.435802698 0.0404923558 0.655523539
    0.533031344 0.792480707 0.438320428 0.195381373 0.1058397
    0.742940128 0.654550195 0.708653212 0.876961172 0.065425545
    0.833174765 0.549427867 0.122355551 0.765310526 0.544032216
    0.95610559 0.686755598 0.723136842 0.377455443 0.706378222
    0.204941452 0.675754726 0.364855766 0.400092423 0.0446432531
    0.620762229 0.422991335 0.774356723 0.42332992 0.322846949
    0.40493995 0.917766809 0.00671219826 0.588573813 0.0523311198
    0.8052302 0.132688433 0.73370707 0.19170782 0.85226047 0.808764696
    0.299500197 0.309573442 0.938556194 0.220057726 0.625630856
    0.373762846 0.811271429 0.0197692513 0.895099401 0.541166961
    0.945489049 0.00327527523 0.794606268 0.460473806 0.940913796
    0.222732753 0.319827437 0.242007136 0.282551408 0.661491752
    0.394459963 0.376861572 0.710020602 0.703234434 0.516653895
    0.465833366 0.240688682 0.522747695 0.43316415 0.395948827
    0.229308635 0.0818026662 0.765318334 0.550620794 0.288568258
    0.691674113 0.670534968 0.901852131 0.627415359 0.865341783
    0.74673444 0.395702243 0.312769294 0.082634449 0.536947906
    0.71932137 0.928084791 0.160287321 0.394348443 0.740403175
    0.881884933 0.122120768 0.772405982 0.146166176 0.707524061
    0.816058993 0.196970254 0.726976156 0.305146754 0.652754724
    0.796177983 0.854530692 0.0221349299 0.316254437 0.18809402
    0.312436253 0.569593668 0.0271482766 0.274679065 0.719062805
    0.38438952 0.823494852 0.953624308 0.68316406 0.669824719
    0.917347729 0.198973119 0.578732431 0.242036521 0.238803029
    0.408129185 0.523369551 0.193928093 0.722638249 0.623444557
    0.649731576 0.429539114 0.166115493 0.392716527 0.387989491
    0.653937697 0.216078013 0.409993291 0.766601622 0.651712596
    0.543725133 0.545216441 0.0355670154 0.960870385 0.97894907
    0.756154239 0.772056937 0.939067125 0.528643012 0.402080297
    0.136594862 0.488704413 0.235648125 0.277190447 0.602412701
    0.713508844 0.416541636 0.84441936 0.277974427 0.787451148
    0.666265726 0.735923171 0.537966371 0.300014675 0.640913963
    0.673898458 0.0211764872 0.532773018 0.149604201 0.817460001
    0.126150787 0.384563565 0.16419068 0.777044833 0.45048666
    0.494043976 0.431554615 0.502524734 0.789615512 0.945162296
    0.96929884 0.986329973 0.296950251 0.450773954 0.787920654
    0.0364540815 0.360834032 0.0663648844 0.798255861 0.00966975093
    0.0543942451 0.447143853 0.0914147794 0.323200315 0.280327499
    0.41523838 0.389689028 0.909390688 0.896352291 0.363064885
    0.257560849 0.285292208 0.268122077 0.0505988598 0.415923625
    0.000340878963 0.0156936347 0.257889867 0.150476992 0.655047536
    0.995883822 0.762585461 0.597240686 0.216056824 0.424299568
    0.516215563 0.609248757 0.908275366 0.83094871 0.580225706
    0.674793184 0.727519035 0.803785563 0.0980010331 0.588501275
    0.928746343 0.320075989 0.623049796 0.157018244 0.92562592
    0.133721262 0.5316751 0.620197713 0.799024999 0.398952007
    0.887765229 0.500541091 0.0262461007 0.76311326 0.534723639
    0.113666058 0.688003063 0.96730864 0.0314516723 0.674334586
    0.546712875 0.199391037 0.088226527 0.844056249 0.729173183
    0.469993174 0.553762853 0.769187093 0.276883841 0.589259207
    0.527166247 0.857133627 0.911068678 0.343933105 0.159605354
    0.217723966 0.41930446 0.10878098 0.128003359 0.507298648
    0.464901835 0.356374115 0.895154595 0.303194582 0.412073702
    0.132352233 0.797210395 0.355097443 0.796244621 0.960273445
    0.526892543 0.63753134 0.0678102672 0.543562114 0.477253765
    0.0881597698 0.491778791 0.800909281 0.751655221 0.58186394
    0.292941034 0.583406985 0.604555368 0.153366953 0.877740622
    0.0620854795 0.159170866 0.908215165 0.279194891 0.233229101
    0.698037744 0.555428267 0.928344846 0.028611809 0.0120774806
    0.0071696043 0.285731316 0.0382472277 0.88222003 0.534242094
    0.342783928 0.818360686 0.754332125 0.0316915512 0.649162471
    0.271918505 0.320543021 0.579349637 0.547604918 0.914620042
    0.813924611 0.669966936 0.588003218 0.619428873 0.514667571
    0.616625428 0.074095428 0.454282492 0.983551264 0.518580079
    0.582010329 0.246622235 0.00460204482 0.771163642 0.901739836
    0.0259287059 0.413455486 0.876098096 0.852933526 0.63835156
    0.551446915 0.0281716287 0.145819157 0.18878752 0.486521095
    0.152288318 0.101809591 0.169920504 0.770254254 0.987686276
    0.960594177 0.714805365 0.939645529 0.0237442553 0.824394345
    0.93923533 0.533925295 0.617268503 0.683778822 0.322304636
    0.610401869 0.220358402 0.47313261 0.512118697 0.991509557
    0.781065226 0.611413479 0.165454865 0.270391345 0.324031889
    0.611741662 0.854844332 0.313985348 0.58835119 0.307495177
    0.974969089 0.0384217501 0.233095288 0.347141027 0.634395897
    0.762066603 0.660433233 0.552011609 0.740574241 0.719588637
    0.511351168 0.820017278 0.0528542101 0.163597614 0.178307891
    0.755366862 0.679816484 0.874459386 0.861311078 0.67351681
    0.273875117 0.61979109 0.237874418 0.364287913 0.680234015
    0.938396454 0.574225187 0.259233952 0.0636183321 0.0642273426
    0.719047368 0.868927896 0.140462607 0.966435552 0.42552352
    0.988872766 0.332967341 0.110735565 0.023142159 0.686270773
    0.951045334 0.603714287 0.801796138 0.397115976 0.337303162
    0.552148461 0.0473594368 0.0356732607 0.13743785 0.525237143
    0.0772732794 0.123608291 0.76812166 0.766232252 0.714155197
    0.54308778 0.967200577 0.981785536 0.815701842 0.0851785839
    0.852920234 0.563291788 0.98337841 0.176210076 0.938117325
    0.763387561 0.0753927827 0.390920699 0.0599102974 0.895621657
    0.580666304 0.759536743 0.384277999 0.715650439 0.710008979
    0.570437729 0.44377932 0.70052743 0.550146341 0.683217227
    0.171809971 0.107986838 0.164163709 0.678240299 0.0337854028
    0.571103632 0.11956054 0.0929208398 0.392299026 0.150390476
    0.931868315 0.100231946 0.284026265 0.537176907 0.00291839242
    0.197702646 0.142886966 0.157668233 0.563212633 0.429219931
    0.097725004 0.627245843 0.352619618 0.082652986 0.914514482
    0.247666121 0.0298249125 0.793318868 0.132108927 0.200508326
    0.648260176 0.159359008 0.858682096 0.0515293181 0.770346522
    0.746751428 0.539224029 0.715403318 0.170945436 0.0867450833
    0.475910336 0.210622609 0.672011018 0.578324437 0.47869128
    0.733973026 0.337252617 0.7570436 0.84385407 0.683388114 0.462528199
    0.365875274 0.988405347 0.314050585 0.50885576 0.134677559
    0.458672881 0.0104365945 0.922725677 0.725639164 0.830514252
    0.0324774683 0.247109443 0.0635967851 0.360910177 0.0742513537
    0.576841176 0.460762173 0.217942566 0.680755854 0.849838912
    0.198100477 0.118314505 0.183998615 0.883108735 0.407730937
    0.534655809 0.657476485 0.701437235 0.923691392 0.671424031
    0.580876291 0.91565764 0.907837868 0.587831497 0.318492174
    0.234790206 0.574113607 0.298025727 0.228058547 0.724959433
    0.471185148 0.184740663 0.965684295 0.146670163 0.578638554
    0.364241838 0.035331279 0.418890119 0.435447723 0.295773357
    0.410758942 0.819541216 0.641946197 0.960905373 0.544347882
    0.583477139 0.913329244 0.173144281 0.730042636 0.604092598
    0.953173876 0.591553926 0.724565208 0.434300482 0.510774076
    0.898307443 0.586183608 0.775418639 0.939936757 0.609845042
    0.542279065 0.453384548 0.661750197 0.781576812 0.0261480212
    0.479199827 0.521826982 0.308891296 0.285697609 0.614387155
    0.791037738 0.883189678 0.821975708 0.301580787 0.100869924
    0.36949414 0.669056177 0.66096437 0.747204483 0.358038694
    0.941949964 0.0681793094 0.946811318 0.872097135 0.0355267823
    0.116220713 0.766756058 0.881688654 0.843751967 0.175098181
    0.917111278 0.411097586 0.522789299 0.400403142 0.145515174
    0.0659116805 0.256872296 0.300507158 0.418348134 0.825624049
    0.111516982 0.146408707 0.541640997 0.391483903 0.162982911
    0.623556197 0.413544714 0.513938367 0.0960209668 0.898734808
    0.876994789 0.656689584 0.998560667 0.849947333 0.385575086
    0.241158932 0.439107865 0.376954615 0.68862772 0.849456549
    0.881109476 0.277599096 0.0482345521 0.650641501 0.417488694
    0.251976162 0.108555257 0.13231793 0.278770447 0.0738846362
    0.199818552 0.39530772 0.400619864 0.189748555 0.86981082
    0.520687401 0.3609249 0.162454784 0.872484446 0.641294599
    0.315886378 0.978583872 0.507980645 0.962455988 0.827351213
    0.183420807 0.349365234 0.334274262 0.814867735 0.201501966
    0.098444283 0.318119586 0.85978049 0.161982685 0.957500815
    0.646999836 0.16795823 0.105151772 0.167330712 0.704448044
    0.721383572 0.00301617384 0.694077015 0.0077932477 0.30606389
    0.398055315 0.0159944594 0.0628944337 0.485678673 0.140689194
    0.229132354 0.541917741 0.255645633 0.779349685 0.204555809
    0.0432097912 0.89710772 0.674465954 0.106832087 0.373290122
    0.0673363209 0.152938634 0.612593472 0.669084728 0.408632398
    0.889302611 0.527239501 0.970737398 0.197817624 0.681762457
    0.356048346 0.426161349 0.626039982 0.492831558 0.343723565
    0.209262371 0.615780234 0.494584858 0.696423292 0.420346975
    0.671038151 0.557140231 0.0372957587 0.112527579 0.737469733
    0.819701433 0.606418073 0.892294824 0.495683223 0.280451328
    0.465004265 0.370982081 0.228531837 0.750190675 0.794088781
    0.659483194 0.948946357 0.983150721 0.430676997 0.271581024
    0.411617815 0.750689864 0.904816568 0.486209899 0.918073237
    0.445275545 0.0850532949 0.332904011 0.974316418 0.69783324
    0.132439494 0.325724483 0.228995532 0.706875503 0.769980073
    0.379465073 0.0916904807 0.522055745 0.30087468 0.104894549
    0.633855939 0.382919103 0.419872761 0.785978317 0.906440854
    0.731485307 0.79935801 0.875147641 0.402884066 0.487476319
    0.263773978 0.345918775 0.970542312 0.127744496 0.812230825
    0.0200924575 0.141618103 0.970916867 0.849623024 0.290225863
    0.515008509 0.169831991 0.71849227 0.600322068 0.000243127346
    0.457477659 0.385809451 0.229986042 0.162976384 0.686648011
    0.267988563 0.894856811 0.0955654085 0.0972424448 0.570754588
    0.0260529518 0.284943104 0.941133618 0.64225626 0.484578699
    0.852699161 0.462646246 0.215858161 0.420105159 0.580161989
    0.2529037 0.613913417 0.0392316878 0.555240154 0.75603199
    0.373982966 0.524560452 0.7306633 0.498977572 0.734051228
    0.882197261 0.172975361 0.868251622 0.710943699 0.413227856
    0.63150388 0.940341949 0.200316727 0.748116255 0.765434861
    0.022203058 0.483927518 0.439712673 0.3022255 0.283745825 0.17364338
    0.562175751 0.139670551 0.522461593 0.955837846 0.0306538939
    0.138963968 0.955661058 0.174262911 0.0324092209 0.800217032
    0.834766984 0.168699831 0.532644272 0.737142682 0.43628183
    0.376305252 0.729624271 0.0731555223 0.354360968 0.808953226
    0.59884578 0.714329839 0.681624293 0.364852905 0.61226207
    0.705777287 0.625126719 0.573022485 0.995091081 0.83447969
    0.510062754 0.853894472 0.262181461 0.707897961 0.610759139
    0.252581716 0.65626204 0.780215263 0.801558554 0.431844473
    0.267070889 0.341349304 0.290463805 0.279454887 0.384887338
    0.607859969 0.37189734 0.131340832 0.455079079 0.944321632
    0.636429846 0.278581858 0.353932917 0.924610376 0.028942585
    0.396379411 0.598172665 0.749309182 0.837498784 0.864950299
    0.617801309 0.465367466 0.783808827 0.751473248 0.962433815
    0.472569317 0.695231199 0.692683339 0.513505757 0.947034121
    0.78739661 0.574823618 0.8513484 0.631246507 0.268852353 0.979553103
    0.855570674 0.830022991 0.429293752 0.105386764 0.694179773
    0.978025436 0.549750626 0.285306036 0.539570272 0.455769718
    0.641091824 0.168691039 0.792818844 0.715032339 0.503912389
    0.705804288 0.382279932 0.632233977 0.674151301 0.227219939
    0.925095201 0.0789468586 0.00786331296 0.587502599 0.0667127073
    0.0373036265 0.957413554 0.701318741 0.403171062 0.293225527
    0.805337667 0.0995341539 0.328857303 0.102796495 0.332247019
    0.857966781 0.107662708 0.625613093 0.991295576 0.744360566
    0.789457381 0.647092938 0.731006682 0.823740184 0.158572704
    0.0790441632 0.873336792 0.158008575 0.276928127 0.633967996
    0.0450759232 0.635296047 0.191020638 0.240973711 0.939143896
    0.235005975 0.719262958 0.742828667 0.255722076 0.678959489
    0.721421599 0.887030959 0.236559957 0.646025956 0.910537243
    0.526294112 0.0324564576 0.944564342 0.777523398 0.985907257
    0.277591228 0.620088518 0.698742986 0.55757457 0.874354005
    0.977190793 0.420611322 0.981147647 0.0525877476 0.703339517
    0.0170159638 0.480401039 0.344440639 0.703922272 0.85990411
    0.977953672 0.560455203 0.433539599 0.763085604 0.129155934
    0.928273678 0.943300128 0.821745753 0.194098949 0.739328027
    0.328086495 0.0611901879 0.688414931 0.504680276 0.664284766
    0.372566164 0.742411196 0.786525249 0.60777843 0.95026958
    0.431485504 0.149136394 0.271199465 0.642505884 0.988230586
    0.482076466 0.456500411 0.125365436 0.25772211 0.221904218
    0.368914992 0.68917346 0.702754498 0.452814609 0.249630183
    0.74979651 0.163983762 0.297364533 0.964758754 0.380060643
    0.411293805 0.297911793 0.589576364 0.899497151 0.883332193
    0.339626193 0.361956507 0.347927272 0.552402198 0.657760918
    0.195357203 0.824640572 0.867578983 0.0925521553 0.46830231
    0.787891984 0.861943245 0.294833541 0.955965161 0.0871352553
    0.544458508 0.984149516 0.150849223 0.986106277 0.119380772
    0.718778074 0.183276236 0.0106775165 0.59540534 0.236136317
    0.934893608 0.261657178 0.915730953 0.819951177 0.303986996
    0.819206715 0.0661788881 0.0759755075 0.121949255 0.627407074
    0.844048023 0.688864231 0.948989093 0.546406209 0.81005466
    0.153442621 0.927664518 0.866720617 0.188404858 0.561041057
    0.0130516291 0.67919898 0.545886338 0.0563795269 0.400640011
    0.551562607 0.855811238 0.234497041 0.88807714 0.786644697
    0.830925584 0.328314602 0.884297729 0.103316754 0.454875708
    0.934916377 0.149050176 0.779162645 0.875877857 0.728503823
    0.171629727 0.33391881 0.927832007 0.539141238 0.483845353
    0.316726238 0.00650629401 0.0197757781 0.288014174 0.805868268
    0.938775182 0.00829270482 0.802072167 0.352517724 0.972831011
    0.154159069 0.205688655 0.356373042 0.429164052 0.977469444
    0.175387084 0.91550529 0.727182925 0.185144633 0.325637341
    0.464676499 0.229434937 0.943167925 0.618469357 0.517316103
    0.911415815 0.883364558 0.892196774 0.334278166 0.0116244853
    0.445938885 0.410049975 0.190615028 0.858106613 0.758050621
    0.516378582 0.314172089 0.188190877 0.366326869 0.489422351
    0.162400752 0.541853189 0.849720597 0.385181755 0.507746875
    0.277675152 0.568881869 0.274627149 0.0683294833 0.563032627
    0.000215709209 0.946992159 0.639304399 0.978113055 0.897792935
    0.58816421 0.134841084 0.38623029 0.222831815 0.208543181
    0.958928883 0.151050925 0.582306266 0.795305789 0.731488466
    0.963394284 0.115348667 0.232145995 0.971527576 0.563446403
    0.417962521 0.562997818 0.832816005 0.756870866 0.922642827
    0.464937955 0.321221828 0.252287507 0.531826138 0.409087896
    0.98363483 0.85917902 0.0109798312 0.498240232 0.584685922
    0.542933166 0.190308452 0.945629716 0.769835234 0.471336842
    0.928654432 0.766334474 0.20684433 0.854215205 0.269234836
    0.866193652 0.0471101999 0.706829309 0.547004402 0.718361795
    0.264968753 0.297887325 0.200187951 0.204870343 0.70132035
    0.14543584 0.673707306 0.254922032 0.406150281 0.385231048
    0.0885106623 0.0832613707 0.446817786 0.597108126 0.360877037
    0.47033909 0.899495721 0.767960072 0.204333961 0.871775866
    0.392991006 0.748727202 0.118496299 0.700450301 0.618568838
    0.931652665 0.839928329 0.790264487 0.194552153 0.585807681
    0.932978094 0.499635249 0.39711231 0.14836219 0.368838996
    0.709547102 0.751218557 0.418822944 0.925441623 0.550780058
    0.347140044 0.339499593 0.986947894 0.304747224 0.816424966
    0.643301845 0.366106153 0.260205507 0.124242425 0.609761178
    0.521177113 0.312024593 0.567296743 0.595653772 0.341160119
    0.772167087 0.418788195 0.258949816 0.54839623 0.563187778
    0.560183823 0.778774977 0.0611695349 0.207867652 0.905056715
    0.865733802 0.241285384 0.0472477674 0.421692967 0.456199586
    0.797554731 0.478707105 0.716633558 0.831512332 0.991213202
    0.332005739 0.171646565 0.867547929 0.817199647 0.406327784
    0.449484527 0.942281127 0.360180616 0.121077478 0.978528619
    0.610242009 0.873710513 0.0687488914 0.781047702 0.792927027
    0.350468636 0.223059565 0.970947981 0.384359658 0.261262178
    0.138360888 0.00308665633 0.798447728 0.591678381 0.514463961
    0.498605728 0.204878926 0.856460214 0.186580509 0.194069028
    0.130535752 0.823128045 0.823361516 0.426201701 0.798612058
    0.590977788 0.922253072 0.123678565 0.394640535 0.185891598
    0.50407654 0.702420115 0.902627826 0.323143125 0.154895544
    0.43754673 0.268295616 0.705089688 0.620530248 0.932670891
    0.678802967 0.925634801 0.0819420815 0.165282369 0.31064859
    0.197630912 0.356537402 0.0715811551 0.606253326 0.0585805774
    0.559123993 0.414233565 0.232027441 0.168760031 0.27210331
    0.707303524 0.894662976 0.063957423 0.759976029 0.583742321
    0.63008064 0.126753628 0.812597036 0.184248209 0.371211708
    0.0953366756 0.86097461 0.979981542 0.459192246 0.941003084
    0.775010586 0.543806493 0.316455722 0.763086796 0.877536416
    0.393016994 0.922058225 0.325374484 0.787131548 0.873372853
    0.191415757 0.934674323 0.881269276 0.433416307 0.480688572
    0.528366566 0.593361199 0.608354926 0.291352868 0.207058579
    0.470901668 0.377467811 0.0814064145 0.345983237 0.488955557
    0.874302387 0.0857301354 0.548263133 0.222114801 0.226355702
    0.76517117 0.327191263 0.970814109 0.00319391489 0.38414371
    0.462669402 0.470828742 0.741227508 0.30044502 0.697289407
    0.967869997 0.312464088 0.532648087 0.484347969 0.0266595185
    0.194685817 0.492471933 0.665754497 0.924446523 0.482236922
    0.978835225 0.700976133 0.0667960346 0.844173849 0.813037753
    0.337284207 0.610772014 0.741928697 0.47562322 0.738499284
    0.752893209 0.131087571 0.116433144 0.778432131 0.683643579
    0.0592671931 0.404770941 0.0937627554 0.0284539163 0.479578078
    0.401219249 0.612969279 0.573965847 0.49265486 0.751493275
    0.39217639 0.0685886741 0.690713227 0.0322083533 0.991419554
    0.611882269 0.908303857 0.673201025 0.902010441 0.506378353
    0.951862097 0.205367744 0.299330175 0.126451671 0.519448221
    0.750465631 0.641965628 0.190517068 0.992155552 0.221134126
    0.177026659 0.934086144 0.260583162 0.833866596 0.0206250846
    0.27404812 0.933965802 0.0472313464 0.786712706 0.10617888
    0.0115998387 0.535262227 0.769660592 0.593516886 0.586513519
    0.243219495 0.250800192 0.725199461 0.626048326 0.873471797
    0.786909223 0.897578418 0.213247418 0.0425015092 0.524207056
    0.845236003 0.394729555 0.349836677 0.301771104 0.549849153
    0.70989573 0.0786815882 0.406648338 0.957826912 0.439510018
    0.814708352 0.454808503 0.360653043 0.893451452 0.331217885
    0.140215009 0.227757961 0.959981084 0.319176942 0.50881952
    0.0237953067 0.115539342 0.712783217 0.964947581 0.65301311
    0.716017365 0.317626178 0.240319341 0.884211898 0.283134729
    0.259606183 0.470036358 0.0353074074 0.171991706 0.821583509
    0.585893333 0.589616418 0.785281539 0.359681547 0.316873074
    0.102531165 0.895807147 0.653843701 0.142634004 0.430741102
    0.633859575 0.163523257 0.491797805 0.344499499 0.376959801
    0.380110919 0.148990244 0.609478951 0.225841284 0.0939603746
    0.546945691 0.842823386 0.26464951 0.0337337554 0.0725727081
    0.810832143 0.518377125 0.532927096 0.962463081 0.467947096
    0.666270137 0.783819675 0.337496161 0.276342273 0.706467092
    0.349131763 0.666661739 0.944030583 0.480388314 0.865582705
    0.638083875 0.330886781 0.963804603 0.637148678 0.170436621
    0.360013694 0.470374167 0.583898306 0.118797779 0.897584558
    0.765851855 0.077041924 0.673940122 0.426449001 0.72312218
    0.515034378 0.23521018 0.055516988 0.645848751 0.758162022
    0.385722548 0.726171553 0.887048125 0.332738519 0.640229523
    0.158316135 0.813636541 0.415182024 0.220979393 0.0167301297
    0.442003936 0.607721329 0.715455174 0.56150502 0.457238883
    0.813268542 0.627930105 0.642354429 0.562947869 0.61668098
    0.587917686 0.10054487 0.181395203 0.0373985767 0.804158688
    0.37997672 0.143240154 0.306337833 0.856939197 0.765262127
    0.715945601 0.644543052 0.330580264 0.297468364 0.150665492
    0.351124495 0.334140062 0.909365416 0.553816259 0.624676764
    0.0088365674 0.10411343 0.549481273 0.0850538313 0.237104028
    0.795154333 0.68676275 0.764180303 0.824950337 0.189231575
    0.954165936 0.995205641 0.557071388 0.216496676 0.856736183
    0.0960357785 0.639854729 0.714205563 0.0700249672 0.479294509
    0.522138298 0.578000665 0.315569431 0.641860425 0.412914753
    0.198453337 0.0920621753 0.958856165 0.0502191186 0.956558764
    0.476576984 0.269373178 0.916569173 0.959309518 0.162745327
    0.0397623479 0.454567879 0.0265904963 0.924449205 0.248250097
    0.0399631858 0.871363938 0.520869195 0.801175833 0.851283312
    0.406891167 0.782107174 0.271491468 0.727947533 0.351946831
    0.460380733 0.815271258 0.153165132 0.751557708 0.75755769
    0.0840474963 0.212412655 0.606621027 0.855219483 0.976271391
    0.396277606 0.816839695 0.665609479 0.181505889 0.599753141
    0.154020935 0.108912259 0.7032125 0.669049919 0.136801511
    0.526450038 0.0746373534 0.591190219 0.595456839 0.762046516
    0.759847641 0.858360827 0.558541179 0.348026097 0.24044916
    0.833246171 0.348565102 0.720343351 0.364524662 0.0892599225
    0.734158814 0.534985602 0.00591894984 0.512450159 0.621743023
    0.885910571 0.875061274 0.219355762 0.128031552 0.156968683
    0.986695766 0.636937976 0.154012799 0.408126563 0.971155405
    0.143598795 0.689080417 0.18555674 0.92592895 0.506529272 0.54543364
    0.726236165 0.292288572 0.771222651 0.401814967 0.250505686
    0.371338189 0.366681993 0.018543005 0.00381544232 0.178462327
    0.719595909 0.0206499994 0.754297733 0.512539089 0.498851925
    0.724013329 0.377015561 0.383913517 0.51222229 0.545251369
    0.888213158 0.544476926 0.729151964 0.30199188 0.530329227
    0.0442655683 0.97921598 0.455305845 0.262803555 0.514513791
    0.992405951 0.120797634 0.753181577 0.290164828 0.114261061
    0.260276735 0.465130568 0.724181592 0.456269503 0.10955289
    0.771963298 0.904024839 0.0566017628 0.852201045 0.754365325
    0.403764516 0.92767489 0.710872769 0.703817666 0.455208868
    0.688891053 0.575543404 0.985479116 0.0177770257 0.145925283
    0.0676292479 0.727167487 0.141742229 0.658650875 0.51901263
    0.801741958 0.937233686 0.320186138 0.0821228921 0.627267659
    0.534945011 0.160148114 0.0944412351 0.612347364 0.217163742
    0.346046209 0.00393682718 0.561864674 0.511469543 0.866109967
    0.948132634 0.399336636 0.190597653 0.640587211 0.324512064
    0.220089018 0.0853580236 0.749992669 0.807389498 0.337418824
    0.426098883 0.967223883 0.106508106 0.28624931 0.613093019
    0.673419714 0.742578268 0.930620193 0.252457708 0.552427411
    0.396938443 0.724557638 0.894603133 0.638720512 0.539140344
    0.970600009 0.874922991 0.922531664 0.30962503 0.78358531
    0.927738726 0.50503701 0.328894615 0.738322914 0.460984915
    0.432030439 0.7355147 0.627408743 0.218554586 0.280431211 0.44722718
    0.160189301 0.710735023 0.106554717 0.756127357 0.594026864
    0.386979878 0.487601042 0.332795918 0.97034204 0.617242455
    0.572502255 0.128220588 0.534973085 0.629259884 0.287867665
    0.783888638 0.816899061 0.0160832703 0.826416612 0.913357139
    0.863224149 0.386656582 0.0730883479 0.636536002 0.844807029
    0.524337351 0.161582351 0.351866066 0.952863455 0.639940619
    0.285948068 0.734872758 0.597232163 0.59930861 0.190529644
    0.863663077 0.442365438 0.910196424 0.489314735 0.00376313925
    0.0897426605 0.402496755 0.786781967 0.439533859 0.174018651
    0.301670134 0.93787837 0.117611289 0.871966243 0.583115578
    0.959145069 0.0283952355 0.0059068799 0.0332769156 0.296332538
    0.685830355 0.600966573 0.411917865 0.874890327 0.180442482
    0.100130498 0.830878854 0.664098978 0.024002552 0.854137421
    0.604723454 0.544779301 0.946581125 0.444607198 0.415384352
    0.390469193 0.538389266 0.572846413 0.424676776 0.981642902
    0.619509161 0.962695122 0.177216023 0.173036933 0.808467448
    0.896112561 0.0406408608 0.342110038 0.283356667 0.993172348
    0.26684916 0.277057827 0.227094471 0.818769097 0.746181726
    0.615187943 0.53775239 0.161311597 0.286205351 0.633615255
    0.336877465 0.961522818 0.338440299 0.300684214 0.280543149
    0.773261964 0.704475224 0.610506415 0.404873937 0.125629067
    0.275579482 0.411732316 0.856613457 0.737943292 0.671194255
    0.128542215 0.55565989 0.294445097 0.106905162 0.993092775
    0.333802998 0.570075333 0.21480906 0.457550824 0.92331779
    0.840671539 0.715598881 0.159989685 0.561586916 0.281235427
    0.287717402 0.658910573 0.624147475 0.714430869 0.609224856
    0.204573065 0.529591739 0.0899525285 0.487893134 0.977322578
    0.982287109 0.572721481 0.479443252 0.42328012 0.588209808
    0.971365809 0.0905462205 0.336300671 0.816551507 0.313634932
    0.913240373 0.881879628 0.190312922 0.511573672 0.0407350957
    0.0692740083 0.91947484 0.565264702 0.953994393 0.627620637
    0.699026883 0.453758359 0.880276084 0.218364507 0.126719177
    0.146264464 0.291131258 0.195315778 0.778674006 0.570037246
    0.70185113 0.454722255 0.208421916 0.795554757 0.733329892
    0.62487781 0.990403593 0.276098937 0.00646796823 0.405656368
    0.303847492 0.353612185 0.554501712 0.604765356 0.257939517
    0.160347044 0.389763415 0.733781576 0.733890355 0.550874174
    0.763566256 0.322392881 0.843634248 0.643214107 0.883691549
    0.779646158 0.401352227 0.552892327 0.735589802 0.117872924
    0.416671276 0.323097706 0.766408563 0.420877755 0.84482801
    0.67812705 0.845382631 0.682487965 0.829647899 0.0551211238
    0.358890533 0.676272094 0.691627204 0.639638543 0.805925131
    0.0399793983 0.972681284 0.0208277106 0.202307224 0.805321455
    0.964978456 0.63405323 0.633974314 0.151652336 0.208292335
    0.509290636 0.316360563 0.428955495 0.72097379 0.574190736
    0.598946452 0.964677453 0.0920856297 0.435255498 0.875472963
    0.265733361 0.242221981 0.0849216878 0.815907001 0.596905947
    0.628093123 0.755261004 0.643441856 0.836672425 0.756394088
    0.452718019 0.147978276 0.508993208 0.710427523 0.834788918
    0.655834436 0.933244705 0.10255152 0.718166351 0.118320048
    0.867659092 0.155073613 0.410861045 0.253032774 0.364412844
    0.401729435 0.996462822 0.565876126 0.779364884 0.161468953
    0.713754952 0.743532479 0.0337260365 0.929023862 0.664445281
    0.769269228 0.974862933 0.709739804 0.636437714 0.248431176
    0.71268332 0.4450095 0.64055115 0.706310332 0.470299721 0.480076462
    0.72369957 0.694389462 0.139080971 0.527382135 0.335956037
    0.861457467 0.845826507 0.40771699 0.344957411 0.278983235
    0.774236441 0.980254591 0.37954998 0.553961813 0.855084777
    0.158957839 0.0392112434 0.942628264 0.230308831 0.666857362
    0.471644044 0.953840077 0.943823099 0.783413827 0.908695221
    0.611742437 0.341178179 0.294594526 0.100146264 0.28167367
    0.233297348 0.298308313 0.395692319 0.168506861 0.699103236
    0.980533421 0.511875331 0.935091436 0.0237616897 0.364894152
    0.860044718 0.539999187 0.652634323 0.92245239 0.658331692
    0.650307834 0.857279897 0.861040711 0.526073635 0.636107981
    0.16824013 0.657084703 0.805053115 0.446831763 0.572386146
    0.418520212 0.349434018 0.811189175 0.997828066 0.719415426
    0.2490623 0.0421893597 0.942577958 0.339443237 0.0615181029
    0.139075816 0.676207423 0.524252832 0.925864816 0.314498484
    0.620149732 0.539640248 0.771531641 0.0125055611 0.814479172
    0.844886899 0.153100163 0.982379675 0.973531902 0.379355639
    0.233454019 0.798058867 0.500835896 0.415729105 0.89494741
    0.74445188 0.302719355 0.987737 0.279609382 0.853117466 0.954200864
    0.644648969 0.0112229288 0.178011894 0.27255404 0.162923634
    0.143289953 0.607081234 0.545465946 0.931447268 0.858107805
    0.277801573 0.445498765 0.108162671 0.137427568 0.520949006
    0.726034462 0.102130413 0.249378502 0.74568063 0.234774321
    0.365035623 0.301480442 0.452081084 0.375545323 0.0568429232
    0.121139169 0.409758747 0.805909157 0.702528059 0.580302358
    0.548292339 0.419816226 0.639459074 0.18682459 0.0181598067
    0.520831764 0.540459394 0.992124677 0.242544651 0.805791676
    0.087698102 0.41072917 0.84623462 0.507545054 0.304735661
    0.890213728 0.287054718 0.892241001 0.778399944 0.575190783
    0.362428665 0.405060351 0.148464352 0.891921759 0.409906447
    0.631928205 0.0635056496 0.934770584 0.335757256 0.4926112
    0.271659553 0.905202389 0.894437909 0.54511261 0.624516904
    0.957499266 0.3819139 0.817398787 0.633826971 0.131509453
    0.213808864 0.158364654 0.616125166 0.339174628 0.033634603
    0.46595934 0.267757118 0.108300805 0.122020423 0.632861614
    0.124022454 0.125774652 0.747412205 0.0445232093 0.735404253
    0.497528285 0.557674825 0.51618278 0.313591301 0.0090675652
    0.365212083 0.875516534 0.168094218 0.690384865 0.862965941
    0.54438746 0.592033982 0.389144957 0.429897338 0.413610965
    0.114437044 0.978069663 0.00927001238 0.361225784 0.240611702
    0.51969856 0.137808502 0.69713974 0.136657596 0.440288961
    0.813623905 0.709167123 0.427661836 0.691358805 0.279976845
    0.262310356 0.961160779 0.440708429 0.163391024 0.992878437
    0.722564459 0.678216398 0.223783523 0.183882147 0.316026151
    0.834890246 0.0187867284 0.00406438112 0.484540075 0.665352106
    0.153263718 0.599702358 0.103965938 0.634609103 0.871433914
    0.180081964 0.275776297 0.905388355 0.0262376666 0.785151541
    0.755981624 0.944773018 0.644281328 0.654853761 0.451091677
    0.115724832 0.0681386888 0.190174758 0.381822884 0.586851358
    0.828949213 0.173573792 0.285283864 0.731959224 0.779627025
    0.896155298 0.935771704 0.344837517 0.097051084 0.331643879
    0.0342470109 0.779377282 0.935792446 0.731234789 0.115200847
    0.766339779 0.84854269 0.251164377 0.694010317 0.271321535
    0.23489961 0.462864369 0.543440759 0.799202442 0.0232159495
    0.979685485 0.884452522 0.824957192 0.511894584 0.912712336
    0.695825458 0.830523014 0.400160968 0.240584224 0.0764510632
    0.74739784 0.264666498 0.57118237 0.763388753 0.281331778
    0.373442411 0.291867137 0.497940391 0.734526813 0.854327261
    0.520536363 0.309270144 0.940479815 0.779824615 0.151086479
    0.106991589 0.789760232 0.049292773 0.307559013 0.33299005
    0.84877938 0.890565038 0.108781129 0.355419219 0.644379497
    0.976903617 0.902427673 0.948137879 0.434435487 0.159816206
    0.695249498 0.313945323 0.317600727 0.213283211 0.0740174651
    0.0753955245 0.172152877 0.717396855 0.183077067 0.576110303
    0.767975807 0.314343393 0.0185590088 0.979417682 0.721263051
    0.429384947 0.713719606 0.053126961 0.18968901 0.871984005
    0.411011159 0.239848137 0.957000136 0.81451571 0.393213391
    0.0524201393 0.869380355 0.0363772213 0.0300883949 0.852968335
    0.600958347 0.528979421 0.49340257 0.728469431 0.837816119
    0.787414372 0.586968005 0.599473357 0.772682309 0.330667853
    0.245606571 0.755947709 0.960971653 0.295783103 0.738226891
    0.0810302794 0.21562919 0.631970048 0.358015865 0.846089125
    0.2969715 0.979626775 0.984477699 0.79493475 0.504682362 0.311953634
    0.200880557 0.962922752 0.0408519208 0.993049741 0.22708717
    0.756175756 0.0925742388 0.368454218 0.574032366 0.975027263
    0.534039617 0.0461654961 0.697277486 0.141067594 0.537483513
    0.571846366 0.224132508 0.504314363 0.714936376 0.00945085287
    0.855671406 0.954025149 0.552932262 0.0167752206 0.0158278346
    0.87887466 0.257145286 0.0287480354 0.625079572 0.75546813 0.8551296
    0.30635938 0.632506728 0.642190635 0.116652668 0.685669124
    0.596064448 0.149333328 0.576832652 0.734387457 0.911291838
    0.99002701 0.276511759 0.342725366 0.207043201 0.940129459
    0.230422974 0.677198291 0.830077529 0.726689994 0.228204817
    0.187856436 0.851034403 0.724293411 0.668510914 0.975354433
    0.0913742483 0.492985338 0.555213332 0.504603982 0.87263751
    0.275541902 0.747307301 0.372728348 0.496802568 0.885392547
    0.549937367 0.729857802 0.839640379 0.353755593 0.448224366
    0.994819999 0.306585878 0.909100771 0.612617314 0.47127828
    0.868379593 0.367148817 0.529980242 0.653585434 0.191451281
    0.991274595 0.955754399 0.98639214 0.623972774 0.0266230702
    0.283706903 0.765434325 0.253232062 0.0909283757 0.401416898
    0.324439585 0.355432302 0.898633659 0.454391211 0.716738582
    0.781048298 0.325977325 0.715040088 0.909414291 0.929638863
    0.26803425 0.404220492 0.75385797 0.656702518 0.488967061
    0.0522155464 0.299782515 0.175160199 0.204946637 0.307243586
    0.129502177 0.248779058 0.456997007 0.941039681 0.161717594
    0.784932911 0.551211774 0.160082221 0.958298385 0.300783247
    0.792756796 0.90399003 0.112739623 0.310118377 0.789350152
    0.96569562 0.353286982 0.539496124 0.165999919 0.21295324
    0.640156806 0.993046701 0.903838038 0.00448101759 0.948753476
    0.552555263 0.361822784 0.961150408 0.877234519 0.401356548
    0.325004697 0.201553732 0.940873921 0.113955081 0.960597217
    0.461764514 0.802384436 0.513489366 0.443900853 0.328797221
    0.971392274 0.923669159 0.0287900865 0.624279976 0.799773633
    0.35023278 0.851191878 0.25937441 0.692169189 0.800174892
    0.233468443 0.884941816 0.537755311 0.766851604 0.170935959
    0.343486667 0.395496845 0.00946596265 0.405948341 0.626311898
    0.0497576296 0.00754407048 0.0835027397 0.074228555 0.810914397
    0.665738881 2.23219395e-05 0.266312867 0.79246366 0.456174821
    0.975741804 0.496105969 0.439028233 0.0964914858 0.906892061
    0.222495884 0.183569282 0.971424341 0.478835642 0.965810776
    0.420295566 0.586299717 0.885947406 0.468219668 0.0107130706
    0.204020858 0.0136633813 0.837872267 0.83067143 0.255300939
    0.855676115 0.327259928 0.268548667 0.381735265 0.927149653
    0.944627166 0.94785738 0.276669025 0.941982388 0.468385339
    0.588553786 0.67215538 0.523575485 0.592674077 0.122810632
    0.452192634 0.959709466 0.0529094636 0.828863144 0.388110816
    0.286761343 0.299355537 0.744993746 0.703246713 0.653382003
    0.465418011 0.0888157189 0.0398433506 0.210468948 0.225706697
    0.947462797 0.740810573 0.736959815 0.0170587301 0.868074179
    0.768868148 0.582262576 0.142903745 0.748191595 0.347323537
    0.57084167 0.143218935 0.617935717 0.0870794356 0.667057633
    0.645492673 0.463279188 0.815919042 0.556717634 0.534776688
    0.219371438 0.432297528 0.293619961 0.844638228 0.848735571
    0.640666962 0.618218839 0.208527893 0.771103084 0.777110457
    0.776558101 0.800531745 0.96582526 0.477633119 0.986434281
    0.037348181 0.204537272 0.894574642 0.866115332 0.332873672
    0.124089211 0.363077193 0.698339522 0.788476944 0.320411086
    0.672894001 0.918739974 0.304507256 0.678705692 0.408221364
    0.384502769 0.0926334262 0.336681157 0.344311476 0.3679865
    0.497247636 0.838592887 0.86725682 0.0704458356 0.511467338
    0.0741036236 0.91413486 0.698923707 0.370997697 0.236352473
    0.234068036 0.088732183 0.0999671519 0.270716608 0.471110493
    0.800730169 0.313960284 0.841946602 0.586634874 0.938944459
    0.630408704 0.046002835 0.863460362 0.503224611 0.735365152
    0.542428255 0.935989678 0.0975037813 0.586411357 0.912405372
    0.173208147 0.46316272 0.325185359 0.569776118 0.773944616
    0.867195964 0.684938312 0.979804516 0.478445977 0.773281872
    0.624723017 0.848970294 0.035515815 0.502194166 0.459636986
    0.649696589 0.234079689 0.744248152 0.441609919 0.215747893
    0.329850614 0.188190728 0.640719175 0.607082367 0.00219976902
    0.348659486 0.692763686 0.495349556 0.932460725 0.138908863
    0.677105129 0.855903804 0.161966711 0.868155718 0.213029444
    0.764203072 0.651171207 0.729859591 0.793923616 0.0748360157
    0.148866832 0.859345734 0.269392312 0.951305389 0.404404253
    0.57123667 0.132572651 0.869266927 0.344475329 0.581446707
    0.208418816 0.921184361 0.0725266039 0.178581923 0.545693159
    0.0845628679 0.225464016 0.823548794 0.637740076 0.254759222
    0.948126614 0.192741871 0.999003649 0.721288979 0.642398417
    0.354993999 0.443177313 0.226539969 0.56941992 0.205659598
    0.354465544 0.786320448 0.821639359 0.702947021 0.769936681
    0.269986331 0.558933556 0.0960757136 0.641409636 0.898155212
    0.203973681 0.803384304 0.0218484104 0.333080351 0.843990803
    0.0377971828 0.518215477 0.306912839 0.137545109 0.777358532
    0.662436724 0.464649975 0.856349826 0.63449657 0.914884806
    0.338824689 0.876185179 0.498464197 0.314826071 0.225618482
    0.230584115 0.595662475 0.038495332 0.656740487 0.427447021
    0.939110994 0.770177364 0.323177189 0.957988918 0.895290613
    0.0409191251 0.799904943 0.986400902 0.93334198 0.636879086
    0.286871374 0.833341002 0.578684211 0.0562447011 0.745023131
    0.688828111 0.835304141 0.960495949 0.085419625 0.430279553
    0.977445006 0.995550394 0.211962312 0.832330406 0.21042484
    0.189143509 0.914921045 0.564562619 0.140808135 0.795013785
    0.559843838 0.753698468 0.160165071 0.175477862 0.710507154
    0.526926875 0.0440684855 0.513693929 0.795627594 0.515784681
    0.972465932 0.822244644 0.00638771057 0.294249594 0.522161543
    0.841361582 0.787382782 0.723835409 0.434853733 0.32578826
    0.429950655 0.470085919 0.932608724 0.100573689 0.717173874
    0.0657494068 0.829166055 0.0587715507 0.161495686 0.155991048
    0.409483016 0.691009462 0.535502195 0.0438272357 0.0676960945
    0.135434061 0.421123803 0.586520374 0.974577188 0.638119817
    0.103097379 0.301754534 0.446786284 0.34410426 0.58657974
    0.513768494 0.709457934 0.171901852 0.997517169 0.863861322
    0.94139719 0.810643494 0.173026651 0.315176487 0.124054611
    0.883778214 0.991001129 0.73799777 0.415947139 0.0126361847
    0.155176044 0.788037062 0.287349045 0.466481388 0.222450107
    0.957939327 0.607249558 0.0543910563 0.415700197 0.130015522
    0.608124375 0.561607063 0.889466882 0.0499282777 0.276879311
    0.9553442 0.797739387 0.735418737 0.820568681 0.467330754 0.16952008
    0.744826496 0.46202597 0.500352383 0.665793777 0.891113639
    0.129707724 0.104652792 0.515908241 0.253064245 0.0206721127
    0.46616438 0.287480235 0.892627597 0.111355782 0.260256469
    0.520222723 0.0511761904 0.62764585 0.317519069 0.845774114
    0.511369586 0.484602302 0.657547176 0.553983867 0.980763316
    0.929263175 0.410575718 0.0828660131 0.336159319 0.977320194
    0.628789485 0.404443264 0.134241045 0.992837667 0.607716799
    0.972713947 0.83226347 0.280102432 0.102611721 0.984789968
    0.692654014 0.850185752 0.837900519 0.0651775599 0.485424787
    0.259573728 0.541132867 0.761069477 0.148260117 0.213745296
    0.468640804 0.268668741 0.833846569 0.835200667 0.441934019
    0.687568069 0.414671004 0.62294817 0.96315366 0.914039373
    0.0526481271 0.281733155 0.874370337 0.675930202 0.294807971
    0.915112495 0.645742655 0.57967037 0.377361327 0.751096487
    0.215709031 0.221142083 0.14557758 0.104195923 0.5779984 0.3794958
    0.909943938 0.362400591 0.135348648 0.435413212 0.111784786
    0.864119053 0.0305245221 0.925603747 0.416150361 0.01068452
    0.461904675 0.123647869 0.763450265 0.403286457 0.716022193
    0.739123523 0.209381521 0.900300264 0.657123387 0.635862231
    0.360148072 0.147101611 0.825745344 0.662021637 0.823854446
    0.718110561 0.482822835 0.37083593 0.845888615 0.850154042
    0.0197261274 0.155340642 0.0122717023 0.376137733 0.364131391
    0.783362448 0.427888334 0.4179129 0.119381577 0.388659239
    0.692930818 0.150238186 0.89687115 0.940622807 0.721345782
    0.854142785 0.441593677 0.244305432 0.708336473 0.497709125
    0.309984386 0.788292289 0.987433732 0.875176549 0.705959201
    0.783083558 0.51855588 0.647349715 0.727211773 0.736966074
    0.609384716 0.0929690301 0.601663172 0.569973707 0.523409069
    0.571526229 0.719890833 0.155503601 0.43123138 0.260423064
    0.0666531622 0.0902226567 0.336762071 0.52628082 0.410895467
    0.152628362 0.220461965 0.150666445 0.510006845 0.664117754
    0.0448616147 0.945967197 0.146823525 0.255423665 0.708334506
    0.18410933 0.654698908 0.453272074 0.0260548592 0.881729841
    0.855783701 0.284974009 0.371175051 0.282690704 0.925414383
    0.751164556 0.998565078 0.625718892 0.537734091 0.638652444
    0.338026345 0.490228951 0.454817683 0.722922623 0.867284358
    0.503854573 0.708246946 0.393832982 0.986693025 0.0515061915
    0.521593988 0.367726713 0.636333942 0.779970467 0.867302239
    0.538504601 0.0283823609 0.661090016 0.62496233 0.0874302685
    0.25906688 0.554176927 0.40313524 0.493372321 0.341259986
    0.413304806 0.812566698 0.186260402 0.510165155 0.275522709
    0.790814996 0.826194584 0.579059005 0.750418723 0.25795418
    0.57580483 0.772949815 0.101223141 0.707655728 0.0682970583
    0.287849754 0.138116777 0.842266798 0.185933262 0.346461684
    0.418208361 0.873815596 0.587775707 0.584478259 0.247935921
    0.523277462 0.487577558 0.422749043 0.130349994 0.566370487
    0.364425838 0.379965276 0.721760392 0.198369712 0.213099331
    0.613219619 0.120421082 0.201669931 0.630063951 0.00557309389
    0.999967813 0.765434623 0.606447339 0.96213913 0.355347097
    0.202997088 0.273650408 0.601949215 0.0895932615 0.755064487
    0.284486771 0.043677628 0.333813548 0.0199125409 0.826520681
    0.631689012 0.0387505293 0.236297786 0.794223547 0.208628327
    0.216043621 0.324086666 0.0770530403 0.513391733 0.407865763
    0.469212204 0.241714329 0.61444205 0.699708402 0.828039289
    0.491671085 0.125824302 0.054700613 0.945143342 0.33723098
    0.022654295 0.956431329 0.281740963 0.580043554 0.370591998
    0.706353903 0.330880582 0.219860882 0.351239443 0.330040693
    0.327496111 0.771042585 0.477912158 0.322924912 0.959768057
    0.167817146 0.0845633745 0.0854723454 0.224071741 0.0226974487
    0.111358702 0.883092105 0.526714683 0.074865222 0.00487142801
    0.744765222 0.644662619 0.992855906 0.23185885 0.0164875686
    0.338951617 0.219871551 0.376859218 0.487110049 0.0404665172
    0.154541284 0.824806213 0.259317756 0.349680781 0.92306447
    0.354396343 0.314126849 0.00742840767 0.377236754 0.0651978552
    0.287636578 0.394921005 0.90496254 0.766703546 0.173459232
    0.266276926 0.685804486 0.0803151429 0.886270583 0.0980079472
    0.693492413 0.383095533 0.630665481 0.493344367 0.707048118
    0.789481282 0.567391157 0.415664315 0.20456174 0.995456934
    0.912397921 0.803613961 0.152709872 0.837017715 0.1096659
    0.0544391274 0.0808318853 0.733864903 0.0126872659 0.0552665591
    0.661553741 0.927488565 0.586341202 0.499525934 0.439992756
    0.0856327116 0.506301165 0.725090623 0.0479682684 0.424202859
    0.765573502 0.0645481944 0.136147112 0.364199638 0.969480753
    0.057426393 0.592950702 0.264342487 0.226833224 0.946212769
    0.333278298 0.977893353 0.838948369 0.200111568 0.87735641
    0.625850499 0.465072036 0.081354171 0.0121732354 0.169471473
    0.138672352 0.501281202 0.810034871 0.877223849 0.419388592
    0.99978894 0.198402643 0.738694072 0.171904594 0.869938374
    0.285159528 0.932891428 0.88563931 0.871676445 0.624621868
    0.635622919 0.984047771 0.908682942 0.136795282 0.0065741837
    0.4131082 0.0335768759 0.915944517 0.102485716 0.223708421
    0.915206134 0.53191179 0.402018964 0.931630969 0.626866639
    0.352719784 0.210710198 0.650311112 0.615524173 0.607690394
    0.769083917 0.691359997 0.348508179 0.754614174 0.0590670705
    0.594828129 0.358108312 0.087636888 0.930568457 0.818706036
    0.307545274 0.00615862012 0.24457702 0.681816161 0.342720091
    0.142611891 0.14846909 0.564278066 0.726469994 0.576667547
    0.760065675 0.0218820572 0.790196061 0.605019331 0.228429288
    0.91289854 0.271969259 0.504105151 0.456581593 0.868547797
    0.124394476 0.142777801 0.387440622 0.279335678 0.84503603
    0.559736311 0.184080333 0.292379171 0.787397981 0.997633338
    0.0744160116 0.384698361 0.801444054 0.705331981 0.772184312
    0.56935817 0.548478246 0.963641524 0.0954641998 0.337703109
    0.446024299 0.483604938 0.299150735 0.43775779 0.845592499
    0.839185417 0.254348606 0.846433818 0.395451665 0.298478484
    0.587581396 0.23005408 0.999039173 0.268797696 0.222556204
    0.29043442 0.487351507 0.882577837 0.978964567 0.938396096
    0.709386885 0.620247602 0.27794522 0.912527323 0.0189343095
    0.330943346 0.584783375 0.546597242 0.909663439 0.814285398
    0.298225135 0.155146688 0.696240425 0.440487385 0.450828791
    0.694064975 0.97560674 0.957434595 0.893293619 0.136856079
    0.881827116 0.722759247 0.44473654 0.379985869 0.225355864
    0.527986526 0.891044974 0.0916025341 0.860048473 0.659445584
    0.22774899 0.715083599 0.810051799 0.00667887926 0.104562998
    0.500854671 0.91782403 0.89200604 0.94162184 0.245421469 0.987218857
    0.367445409 0.878278434 0.835253358 0.93984437 0.878834546
    0.815862298 0.11195156 0.607115388 0.515856802 0.664884448
    0.841132402 0.821451902 0.399202764 0.676457465 0.814449728
    0.565555513 0.0419177115 0.609492481 0.511370957 0.552706897
    0.360194683 0.479564935 0.519695222 0.534598053 0.536681354
    0.111119717 0.793099523 0.574431479 0.440514982 0.428049773
    0.178408384 0.200570643 0.684613049 0.306483626 0.992714405
    0.152300268 0.176904082 0.786851525 0.814378262 0.580269098
    0.887528419 0.513202906 0.479772568 0.685162127 0.757776856
    0.490066767 0.613268733 0.564903736 0.618966937 0.127817273
    0.313108951 0.495597899 0.361808479 0.966586351 0.783245504
    0.361234009 0.766958117 0.769991398 0.385812938 0.169340461
    0.841322422 0.739836216 0.369430333 0.741696119 0.785519779
    0.213820577 0.356097192 0.945893228 0.62310946 0.707303524
    0.807073593 0.533456385 0.428758383 0.73781091 0.931321859
    0.412882984 0.839480639 0.583530188 0.177607238 0.0211151838
    0.872992158 0.54343915 0.0580023527 0.905726552 0.973241448
    0.851161838 0.891588271 0.0180906951 0.835085511 0.124669433
    0.373271137 0.888673186 0.790516853 0.512402773 0.229798168
    0.530719161 0.106771171 0.244190037 0.535914183 0.117298275
    0.699502289 0.461755961 0.987600744 0.378594488 0.664789617
    0.466365516 0.0607062876 0.215626091 0.978397787 0.266920984
    0.750517368 0.413051665 0.840447605 0.0268214345 0.461720258
    0.655186653 0.0845581889 0.500307739 0.815357804 0.956556201
    0.422788888 0.989251077 0.664384902 0.365231901 0.444628328
    0.869862914 0.74729085 0.128227592 0.162781328 0.512698889
    0.177453816 0.49477908 0.51677984 0.390415102 0.147854805
    0.957513034 0.514116883 0.773759604 0.186841667 0.782384753
    0.941117942 0.157945335 0.390857369 0.272333741 0.0100568831
    0.193563491 0.108481139 0.271750569 0.745951593 0.41373536
    0.717574954 0.833684444 0.295805275 0.0569523871 0.466170639
    0.837326407 0.732810318 0.990066528 0.148403496 0.775673032
    0.413204938 0.189339101 0.171679288 0.755176425 0.181177557
    0.38992247 0.0941571891 0.237090737 0.982418656 0.594950557
    0.620115697 0.0973887444 0.736296773 0.490387648 0.241331607
    0.549505472 0.594318926 0.149456948 0.805011868 0.615278959
    0.655965924 0.238429725 0.242652953 0.0343776345 0.260802478
    0.904081225 0.12966466 0.55575037 0.403470188 0.727973104
    0.337730169 0.955890536 0.401863813 0.433367282 0.813622475
    0.877727866 0.351490319 0.985874236 0.420766711 0.496382743
    0.441872358 0.270902902 0.96653223 0.0461376607 0.150707394
    0.961048603 0.914644063 0.484174132 0.619929433 0.313960373 0.766819
    0.75559622 0.0949811637 0.45446381 0.459706098 0.489390373
    0.595920265 0.516724944 0.74714756 0.26622507 0.00749608874
    0.243962318 0.525437772 0.194261044 0.360792309 0.533191025
    0.750866413 0.917817473 0.316516995 0.936889768 0.0841624439
    0.55871278 0.575104833 0.95362258 0.900361896 0.555779219
    0.963352919 0.590302944 0.335184693 0.0898969769 0.531544805
    0.523220599 0.850288153 0.186071545 0.828712225 0.793445587
    0.799486458 0.343572557 0.440375805 0.228950471 0.903249085
    0.587336898 0.232455552 0.578261852 0.342448771 0.123412967
    0.625796258 0.836064339 0.336300373 0.604296327 0.886465192
    0.187750012 0.390025944 0.882854104 0.353911221 0.95841682
    0.32772857 0.586183667 0.949573338 0.925623178 0.877844095
    0.414253682 0.745046198 0.523335397 0.735848546 0.97732681
    0.744792104 0.710415304 0.0338874459 0.924629807 0.312002003
    0.205094457 0.288277984 0.0359013379 0.165910095 0.279093266
    0.711665034 0.0227649808 0.242411941 0.724743724 0.186076969
    0.815730214 0.633782566 0.570004165 0.169538349 0.643128753
    0.541905522 0.20291844 0.405360103 0.228106469 0.631558895
    0.573423326 0.473829627 0.497712284 0.0239455104 0.0383325517
    0.710141718 0.629379392 0.238799602 0.455608308 0.288755029
    0.0161262453 0.412152112 0.971318603 0.509184122 0.463738889
    0.730048299 0.829646766 0.273612201 0.91879797 0.201010197
    0.60699904 0.971825302 0.741365314 0.130491883 0.570169628
    0.488452345 0.56430608 0.369258314 0.710336268 0.314590126
    0.22558248 0.920553744 0.429296315 0.628877819 0.824910641
    0.367102027 0.755871296 0.468192339 0.0555389524 0.476931304
    0.6487571 0.740296841 0.82194972 0.817580462 0.097591877 0.553526878
    0.989256024 0.281810373 0.736545563 0.719447017 0.55943495
    0.777909279 0.820306778 0.352619976 0.482952148 0.0433057249
    0.687934339 0.0478273928 0.294297636 0.0707155764 0.76668191
    0.182380646 0.395498633 0.251772702 0.586186826 0.821291089
    0.780668259 0.697431624 0.82332021 0.288775414 0.508510947
    0.899806619 0.158394277 0.583947361 0.56286639 0.295365602
    0.487716556 0.709371924 0.129224777 0.616992354 0.8064183
    0.581713557 0.213421345 0.943329573 0.0194318593 0.789693832
    0.132452309 0.711104393 0.910924315 0.562327921 0.747840762
    0.325607538 0.964251518 0.416327924 0.421761692 0.911623955
    0.882155359 0.307158798 0.868963242 0.782103777 0.912922561
    0.923449934 0.192180574 0.187591672 0.98312068 0.262868881
    0.490900576 0.910838068 0.0677455664 0.519929767 0.215190142
    0.653639555 0.980709136 0.712060034 0.917694569 0.570706367
    0.750168562 0.812888265 0.97898972 0.117182463 0.304588348
    0.58761698 0.903394103 0.26650843 0.303303003 0.49939391 0.508546174
    0.678840876 0.806744158 0.482407153 0.902013779 0.524358034
    0.0444637537 0.228987426 0.336565465 0.269641101 0.613706529
    0.679190278 0.0958186984 0.116361171 0.880362332 0.781226516
    0.916346788 0.705438495 0.143038124 0.0916979611 0.458727956
    0.481198668 0.888654947 0.491449922 0.326581955 0.926340938
    0.297450364 0.589627266 0.323407978 0.874064565 0.0742326677
    0.148806632 0.533478975 0.576149166 0.455356151 0.759685814
    0.254244804 0.748993337 0.0845480859 0.22989133 0.212563783
    0.670903325 0.0625719726 0.212491155 0.983696401 0.324002475
    0.170292795 0.76859951 0.585968137 0.982312858 0.370543361
    0.50503093 0.197084069 0.197434813 0.414093703 0.726827621
    0.542013705 0.652806461 0.160297811 0.0692738295 0.565147161
    0.639231324 0.0448106825 0.132746935 0.595962584 0.635293365
    0.0412502885 0.845961213 0.0528323352 0.893106401 0.682527304
    0.386052549 0.577620208 0.567020416 0.198845625 0.944434285
    0.634554863 0.732663989 0.925914884 0.687134504 0.0826916099
    0.142494947 0.762260675 0.659079015 0.696159124 0.646888137
    0.630946755 0.56304878 0.0121382177 0.13837862 0.757095039
    0.91146481 0.89410162 0.319032669 0.722102523 0.575488329
    0.956815243 0.128616691 0.0932376981 0.00486305356 0.975419283
    0.537195265 0.510408878 0.346417725 0.580440819 0.0535203815
    0.195996493 0.167357236 0.218346179 0.356760144 0.602739394
    0.579709888 0.108751386 0.164653182 0.889832675 0.33580029
    0.949278116 0.323036224 0.121961921 0.361910224 0.327175796
    0.1445795 0.972347498 0.196664214 0.943841517 0.623006642
    0.343817115 0.920539141 0.576570153 0.486213416 0.0570461154
    0.13075313 0.00839406252 0.345312834 0.601092815 0.332008481
    0.971189022 0.293691963 0.564858079 0.672610879 0.215227574
    0.842706084 0.293009758 0.0550023019 0.209056109 0.257890135
    0.8768332 0.0816839039 0.707896054 0.424191564 0.423810214
    0.334849238 0.742142916 0.584161401 0.976878762 0.92386955
    0.603137851 0.426738739 0.807962537 0.745703578 0.348620713
    0.134742111 0.94466114 0.131912291 0.19565621 0.606725633
    0.201985806 0.649557054 0.277100384 0.235409141 0.0286730826
    0.0893427432 0.940770745 0.673490882 0.972539842 0.701837301
    0.520479321 0.960515201 0.363524169 0.330028117 0.487101614
    0.382909954 0.938425183 0.690060794 0.196064323 0.470228016
    0.267921805 0.457609087 0.463586301 0.842272341 0.89220202
    0.294311255 0.194709837 0.0522950888 0.231951863 0.703271031
    0.0542323291 0.288202941 0.490737379 0.781028032 0.407659769
    0.310144305 0.387151957 0.0195732117 0.385638356 0.903873265
    0.142342359 0.687857747 0.122897357 0.112547606 0.833383083
    0.095610857 0.17086336 0.0182079673 0.328572035 0.502708197
    0.207506716 0.17266348 0.830983162 0.862765074 0.439031452
    0.883280933 0.680288672 0.317069232 0.31365937 0.0653798282
    0.555619001 0.530941725 0.952057481 0.665619016 0.835903764
    0.0848759711 0.177109122 0.755765617 0.247393817 0.632697761
    0.366232038 0.191611022 0.416399181 0.561121285 0.329397142
    0.95917356 0.926222205 0.500763774 0.39157638 0.855818152
    0.988571107 0.0118348897 0.883686244 0.738872051 0.0321152508
    0.00661769509 0.366051376 0.519800603 0.793754578 0.570602298
    0.40122366 0.961435437 0.142751515 0.215987474 0.681880236
    0.21912545 0.95284903 0.471022457 0.234195441 0.269082904 0.90857935
    0.646465898 0.466236323 0.905599236 0.387378633 0.326859474
    0.948692322 0.700676918 0.243000329 0.492083222 0.13851583
    0.754228354 0.682525337 0.474092484 0.511796176 0.292816818
    0.388251752 0.230226099 0.152083606 0.544200182 0.59676826
    0.671023309 0.285894156 0.98935473 0.112664938 0.901612997
    0.965188742 0.82751447 0.86393702 0.627190292 0.177721769
    0.623748243 0.819365382 0.806843877 0.406207085 0.492292106
    0.454346716 0.274283201 0.878256917 0.177154958 0.569946229
    0.508953512 0.728181422 0.276956916 0.659609735 0.716470182
    0.777302027 0.254063576 0.225336611 0.248444527 0.71564275
    0.305473238 0.445060402 0.853063226 0.250367761 0.306607217
    0.102983445 0.470073074 0.225722194 0.606779397 0.0566811264
    0.373104155 0.944115877 0.126086414 0.911655903 0.61719501
    0.78676939 0.551825285 0.121837616 0.568343163 0.816250563
    0.20081529 0.717518747 0.771667719 0.768627405 0.291186094
    0.229335874 0.165296942 0.809960723 0.437316567 0.807229519
    0.00824037194 0.0344195366 0.0997797549 0.717752278 0.52007544
    0.719505012 0.208586603 0.00114038587 0.246213555 0.618744254
    0.526365459 0.888378501 0.864860296 0.939730048 0.878753006
    0.730099797 0.285918534 0.255839944 0.417793274 0.796728849
    0.50124675 0.665603817 0.47546497 0.605743527 0.0786343515
    0.322980285 0.868804514 0.276010811 0.925072134 0.511778712
    0.576228619 0.370601743 0.702877462 0.738284469 0.662194014
    0.115432203 0.475237906 0.762551904 0.873797774 0.799629569
    0.224510998 0.80408752 0.339041948 0.864217758 0.134645343
    0.911555946 0.481479228 0.291541815 0.324878544 0.494063348
    0.508819163 0.250842661 0.887154698 0.294001579 0.758881509
    0.795899749 0.499519527 0.0256714225 0.297144651 0.77997601
    0.779629409 0.48352319 0.0916721821 0.549008191 0.438028753
    0.0937359929 0.00920945406 0.361653566 0.664788663 0.396074086
    0.0683004558 0.916822135 0.479338914 0.26256597 0.97743237
    0.706727624 0.188499004 0.0739780366 0.290291727 0.908758759
    0.962655365 0.0615959466 0.328148514 0.4905231 0.194050252
    0.095931232 0.0615196228 0.0351678729 0.407168835 0.39854309
    0.0265525579 0.240612924 0.300676972 0.193191081 0.84033221
    0.692666709 0.99772191 0.892582536 0.671968341 0.286919832
    0.441414624 0.707244456 0.772506118 0.63201952 0.352924466
    0.462881565 0.305907279 0.500911653 0.644393265 0.135711879
    0.369932175 0.260890961 0.222337812 0.301101267 0.417642474
    0.00637882948 0.218736053 0.0566175878 0.897168279 0.552934289
    0.0168154836 0.605427325 0.790707588 0.269462466 0.13676551
    0.25245297 0.974883437 0.809309483 0.164406985 0.533367395
    0.862133026 0.517084301 0.272552848 0.692378283 0.984545112
    0.71302259 0.584193528 0.954810739 0.120812804 0.247664064
    0.627606869 0.725822806 0.417904556 0.318971634 0.68255794
    0.855326593 0.844618917 0.744128346 0.317395508 0.67296654
    0.46237126 0.835852504 0.737536192 0.418294728 0.484213829
    0.891436577 0.115943193 0.686122835 0.120113075 0.865886807
    0.324322492 0.296368003 0.533943832 0.0306319296 0.00289136171
    0.143764317 0.044297725 0.00487193465 0.789482832 0.866626859
    0.544184446 0.769212484 0.988237739 0.925201297 0.914480925
    0.0904020071 0.686783135 0.608918607 0.380461872 0.364149511
    0.00157108903 0.620833933 0.128198802 0.445619524 0.308591604
    0.741224051 0.841930568 0.818515182 0.0311033726 0.315980852
    0.50829941 0.872667551 0.553213954 0.843067169 0.0618809164
    0.769262671 0.515389621 0.75928241 0.0980901718 0.717441559
    0.570048153 0.34652245 0.0435931087 0.0788169205 0.00883230567
    0.717611194 0.898020983 0.216574103 0.00991213322 0.011193186
    0.612606585 0.123184144 0.63513577 0.609091282 0.915846288
    0.124398679 0.706695318 0.764393926 0.746338308 0.776439667
    0.595923424 0.340100348 0.326515198 0.947205067 0.587701082
    0.689185262 0.911083519 0.4423666 0.148539037 0.298251987
    0.784388721 0.656594157 0.948785663 0.89694488 0.0359531641
    0.0170445442 0.74083519 0.639990687 0.852525651 0.200692415
    0.467807174 0.826323986 0.782592416 0.218272686 0.959268928
    0.928514481 0.377837539 0.996143103 0.601648808 0.981640756
    0.119605511 0.580850005 0.160483807 0.500047207 0.0942052305
    0.976052403 0.719407916 0.395785153 0.796962261 0.440073758
    0.504481733 0.892248392 0.546187043 0.555837512 0.773553371
    0.421931893 0.808152139 0.824010253 0.466597885 0.14100799
    0.951753497 0.961082816 0.539462924 0.261379421 0.268505692
    0.550403416 0.788817525 0.875942945 0.369426578 0.849273562
    0.970086575 0.398002237 0.167686343 0.655903697 0.972363949
    0.664742053 0.240075707 0.316545844 0.818983316 0.481574655
    0.799020171 0.63114804 0.658561468 0.160853863 0.192895651
    0.269699574 0.559895158 0.767950177 0.708020508 0.634603262
    0.736999631 0.285237908 0.951602757 0.0870110393 0.712507606
    0.832894206 0.851084948 0.191667289 0.414345682 0.0472700894
    0.742199302 0.446069241 0.630561948 0.401347965 0.3701213 0.38102001
    0.130781591 0.553260684 0.883215427 0.216287702 0.0410451293
    0.66921103 0.437131375 0.11918208 0.975634098 0.290231228 0.70900315
    0.730577767 0.450881988 0.629024386 0.0382294655 0.307038307
    0.243273854 0.675054073 0.588995755 0.771873474 0.0438967645
    0.672524869 0.716232836 0.857133627 0.183922529 0.167085886
    0.894181013 0.195698768 0.743515909 0.42396453 0.511396348
    0.583974659 0.762495041 0.972744346 0.715797067 0.904347062
    0.703993917 0.932508111 0.218801439 0.00264376402 0.50199312
    0.861197591 0.903424859 0.87534678 0.90741241 0.355136871
    0.119089276 0.224444151 0.122075558 0.446970791 0.298596323
    0.576517582 0.00832861662 0.87503916 0.994103014 0.914272726
    0.785874367 0.109901786 0.112142026 0.236386806 0.330298781
    0.861768126 0.634644151 0.137442291 0.00754919648 0.432276338
    0.367474735 0.740496755 0.320405513 0.021060586 0.660894692
    0.849655509 0.268744946 0.582572103 0.558692038 0.375082076
    0.591395974 0.133286119 0.568178952 0.0114526451 0.373397231
    0.919633746 0.854554653 0.249746799 0.274991274 0.46777755
    0.780142546 0.933731675 0.638857841 0.335478067 0.695875347
    0.51812911 0.982434154 0.0307864547 0.566322327 0.563786924
    0.317651033 0.0720924735 0.91962409 0.747855008 0.63568759
    0.150617152 0.71805656 0.68023479 0.503655672 0.993873239 0.37344107
    0.0173750222 0.00535413623 0.614338696 0.336809695 0.385700613
    0.62424618 0.846044123 0.156476945 0.942661881 0.264433801
    0.715733409 0.472554326 0.636258781 0.678037107 0.00923901796
    0.0747699738 0.464933425 0.409170181 0.526779652 0.0800811648
    0.910180807 0.416914284 0.698658288 0.908908069 0.273313642
    0.352046311 0.575698733 0.858146787 0.990276456 0.484045744
    0.957830191 0.531187892 0.250087619 0.737666368 0.983575881
    0.449913114 0.632344723 0.274955988 0.437678337 0.642911494
    0.978328109 0.655020714 0.767435551 0.676827431 0.962704539
    0.865183711 0.545966625 0.976608038 0.723323941 0.104502141
    0.361512303 0.0276133418 0.616971135 0.288638651 0.968171954
    0.650347471 0.117867738 0.186054617 0.859226763 0.238023251
    0.0188229382 0.330481648 0.576041877 0.389205933 0.895966649
    0.737377465 0.46996057 0.303498924 0.453077555 0.292236745
    0.427133203 0.97377795 0.318285227 0.683012068 0.478697181
    0.25820151 0.959762752 0.222297013 0.919172525 0.464249909
    0.665302753 0.937650561 0.847499311 0.579550683 0.384239674
    0.967728138 0.133033991 0.170431525 0.278316975 0.240745276
    0.746656537 0.780660152 0.193044215 0.691000402 0.960872412
    0.87634635 0.570280075 0.599763513 0.883492053 0.885229707
    0.983624578 0.462306112 0.899219036 0.743314505 0.445660442
    0.430979431 0.520589173 0.429492086 0.346787035 0.721574664
    0.600174487 0.20855245 0.857031822 0.597965837 0.578145206
    0.223484278 0.258653879 0.0326359272 0.920754194 0.727050066
    0.792904735 0.113801003 0.456779122 0.416982353 0.69141537
    0.458045393 0.706001103 0.841223121 0.687134743 0.445894182
    0.541072547 0.42809093 0.399231732 0.296575785 0.0293739736
    0.372060686 0.222631156 0.907232761 0.557943463 0.807829261
    0.197280109 0.561637223 0.931258857 0.224774122 0.196501166
    0.351099372 0.953196704 0.360620856 0.849758565 0.478891373
    0.178111613 0.910606444 0.844075382 0.435141534 0.457208037
    0.191100389 0.0602276623 0.439223945 0.412174046 0.412054181
    0.965708315 0.936582685 0.803968132 0.566002309 0.592051744
    0.61900866 0.809394538 0.0910302401 0.188472778 0.256859779
    0.905502915 0.541913271 0.580752373 0.415023923 0.346109509
    0.0284768343 0.776978612 0.894650936 0.453104854 0.936786473
    0.751142859 0.183545172 0.599730849 0.765056312 0.338503271
    0.916125774 0.940253258 0.495039552 0.834604144 0.932139516
    0.306423992 0.20181632 0.172496915 0.683411121 0.568715334
    0.863807797 0.0605325103 0.648856163 0.218687177 0.644234478
    0.180502802 0.0596767962 0.70112431 0.178999186 0.998345494
    0.0792208314 0.0733233392 0.793534517 0.284941912 0.643761635
    0.571263313 0.380551398 0.622634351 0.503235638 0.216566712
    0.317742527 0.443613142 0.192068785 0.219376087 0.959581077
    0.970570803 0.382160813 0.625830889 0.67291677 0.31080839 0.88286829
    0.540185273 0.670527399 0.42958349 0.590080142 0.268880159
    0.508583426 0.18080005 0.672866523 0.149603516 0.439632505
    0.434538811 0.828685284 0.232064575 0.88978827 0.0592729747
    0.623022556 0.569618106 0.844361782 0.910246372 0.891581476
    0.817469239 0.983501971 0.70912087 0.694539785 0.826930761
    0.168108255 0.197837949 0.243880779 0.168118566 0.499721944
    0.645424187 0.404553682 0.928752363 0.667279243 0.723830938
    0.958658695 0.104005218 0.5197649 0.650899589 0.0351938903
    0.90685451 0.0178405941 0.960016966 0.844034553 0.930880427
    0.663329899 0.789572597 0.13168925 0.994009018 0.480810881
    0.489816427 0.828459144 0.115356773 0.83680582 0.173571289
    0.105473518 0.0761562288 0.473684371 0.754950881 0.359155327
    0.156938851 0.404330432 0.65631485 0.332312286 0.582058787
    0.155517429 0.316630661 0.928106427 0.649726152 0.619553447
    0.279544532 0.891236424 0.671307206 0.339193642 0.980945706
    0.304664582 0.778864086 0.106615007 0.152817577 0.188955545
    0.218494207 0.910961509 0.899640441 0.833671212 0.41788125
    0.579729497 0.175538599 0.27541256 0.798824668 0.199430823
    0.0026949048 0.626109958 0.31818074 0.0810515285 0.836543441
    0.303707182 0.515684128 0.909666836 0.228230923 0.300792098
    0.611205101 0.320368946 0.051938802 0.505764306 0.272224426
    0.560402155 0.955467224 0.850770831 0.529215574 0.688631713
    0.710441828 0.620550931 0.369588196 0.651374042 0.70129317
    0.942430854 0.166083157 0.322119951 0.481104553 0.667478979
    0.438607663 0.526094913 0.0177879035 0.646096528 0.772489607
    0.381827533 0.678034663 0.945823312 0.278685927 0.274388075
    0.338570803 0.642964423 0.392706066 0.670275211 0.820704699
    0.955503702 0.0640604198 0.0753678381 0.54433471 0.00339078903
    0.990811467 0.0685054958 0.770108163 0.528384805 0.337640226
    0.248919219 0.479286522 0.820045471 0.288320065 0.0792781413
    0.395073175 0.928572893 0.301229477 0.578306198 0.0189076662
    0.0844933689 0.643179178 0.717918634 0.961065769 0.559590161
    0.348912656 0.934032798 0.975572348 0.833538413 0.614333868
    0.0852476358 0.630470395 0.0969576538 0.246248037 0.737817645
    0.372977376 0.10228011 0.402824134 0.0437650383 0.198524535
    0.468608499 0.32255891 0.320471823 0.0453533232 0.109432876
    0.424543828 0.733242631 0.103206724 0.261913687 0.221624166
    0.727165341 0.407577753 0.825356483 0.242993087 0.318339884
    0.393508375 0.696370125 0.67201674 0.426430404 0.319097102
    0.416090339 0.236425519 0.686062753 0.0737644136 0.993863404
    0.158975154 0.680406451 0.24416849 0.159691632 0.0143615603
    0.388869613 0.542434096 0.83699441 0.765562654 0.518527448
    0.40299502 0.935833275 0.639870226 0.63598901 0.787868738 0.82200861
    0.86147964 0.159004927 0.351175636 0.180296391 0.864585042
    0.571094573 0.322200507 0.570524991 0.772029102 0.22105971
    0.373188496 0.496162176 0.346872836 0.698099315 0.255856872
    0.168920904 0.0951544642 0.978690505 0.868212581 0.706686497
    0.71968472 0.496563941 0.783946157 0.986347079 0.605130672
    0.547701657 0.19548893 0.258000195 0.0346284509 0.619338155
    0.638099492 0.965936005 0.672974885 0.270774871 0.032341063
    0.786474705 0.798118114 0.674592614 0.229955316 0.0449166298
    0.429065377 0.615345001 0.091280669 0.707576871 0.236358762
    0.288434446 0.698815644 0.613511443 0.740872562 0.770872235
    0.833439946 0.617362261 0.880794227 0.199993372 0.85672164
    0.0883795917 0.301419169 0.585332155 0.310410291 0.437375516
    0.447048575 0.153455883 0.819170237 0.900106668 0.479754299
    0.0482960343 0.249861836 0.341118157 0.911638796 0.641290784
    0.899477839 0.984020114 0.219284683 0.569088936 0.670870364
    0.418181688 0.747235775 0.385757059 0.775355816 0.195907921
    0.655812144 0.679170668 0.858983397 0.0196781456 0.0236016512
    0.809949756 0.561572969 0.0029014349 0.836977005 0.7277354
    0.58138144 0.573765934 0.324738622 0.241869867 0.47703588
    0.797448754 0.350134462 0.78727138 0.628555357 0.961621165
    0.173486501 0.704948962 0.174193829 0.631433368 0.456089526
    0.0722543895 0.400215685 0.293833017 0.0611796975 0.288036466
    0.50950563 0.201974839 0.296791792 0.645683944 0.785018861
    0.521125376 0.801123261 0.799065828 0.998764515 0.859565377
    0.790398121 0.953591466 0.737544239 0.0190364122 0.00707402825
    0.894522786 0.743503809 0.1978724 0.826673746 0.229185909
    0.317465216 0.505363584 0.271859646 0.54872781 0.488661617
    0.552106917 0.462726802 0.711890936 0.99105978 0.700462818
    0.613833427 0.910152912 0.907304049 0.634065449 0.279838055
    0.3254776 0.883676827 0.374338359 0.416909665 0.534080267
    0.671024978 0.551052034 0.680961788 0.801436424 0.875228941
    0.229589641 0.636583805 0.211022764 0.698464453 0.588082075
    0.531261563 0.0550771654 0.339078605 0.32743451 0.246139079
    0.12745735 0.606618583 0.195738465 0.398516297 0.310445249
    0.991337061 0.89693141 0.874895632 0.774451911 0.28334111
    0.879709542 0.809499145 0.344126046 0.742755175 0.382374734
    0.907055855 0.976730943 0.721760035 0.624544501 0.61848259
    0.694790661 0.69636035 0.110023767 0.235430151 0.904476404
    0.573236704 0.21812737 0.0051650703 0.163796693 0.921338201
    0.79217422 0.412810057 0.215448201 0.132173479 0.493487656
    0.949847341 0.928356767 0.897790313 0.705193877 0.25709033
    0.0813519955 0.0138352215 0.564703465 0.932917833 0.484327853
    0.666435122 0.168915063 0.0160330534 0.0753960609 0.648532689
    0.451334298 0.0757904947 0.291683972 0.709578335 0.876979768
    0.8345474 0.432507426 0.738870978 0.502439141 0.313578904
    0.0988952219 0.651891232 0.027552247 0.285830826 0.617536068
    0.00379168987 0.605548143 0.459361613 0.631276846 0.22048822
    0.987635612 0.359603047 0.265944898 0.218785971 0.709100902
    0.853236079 0.652330399 0.935418248 0.265856743 0.628648877
    0.103609234 0.567931116 0.682151854 0.740153313 0.685479403
    0.0417902172 0.824213445 0.595457971 0.144745916 0.54557085
    0.240241736 0.782817721 0.840976596 0.516071141 0.553670585
    0.160659939 0.750686109 0.214427292 0.66365397 0.629183829
    0.923624635 0.0125870705 0.561757624 0.884575486 0.0207579732
    0.419726938 0.244607776 0.452011079 0.811190128 0.390753329
    0.0148237348 0.240349501 0.483680069 0.659338236 0.138213575
    0.16022104 0.320621461 0.50086689 0.0061532557 0.633457661
    0.0343820751 0.387834817 0.163908094 0.702040017 0.961288452
    0.899173856 0.480720639 0.918278456 0.91557169 0.526446939
    0.650870204 0.639314532 0.512593329 0.857948244 0.57889539
    0.647997618 0.432067335 0.578014493 0.974070489 0.376660645
    0.502886057 0.747971535 0.995782733 0.000178605318 0.413574815
    0.404856056 0.380626142 0.929614663 0.772733271 0.197636664
    0.0625694394 0.322529256 0.410815209 0.795886695 0.390747964
    0.924845099 0.0388119817 0.286488891 0.0688214302 0.363820136
    0.219674081 0.178573608 0.753147721 0.854645252 0.781629443
    0.00313985348 0.502520502 0.30569011 0.966029048 0.257663727
    0.599562049 0.588047743 0.630525649 0.538962126 0.62514019
    0.791269124 0.0355301797 0.968958974 0.0487474203 0.0183575153
    0.329215199 0.253957778 0.139922351 0.320937455 0.0371119976
    0.0920722187 0.341472894 0.893055439 0.441877693 0.120371312
    0.467734516 0.465743035 0.947924495 0.828126192 0.923443556
    0.526707947 0.679056048 0.61838609 0.659224689 0.00333535671
    0.285849094 0.425744742 0.831539333 0.356036365 0.287329078
    0.947149634 0.184231251 0.0587445796 0.617310941 0.398596138
    0.749497056 0.639241755 0.58472985 0.042057991 0.698149085
    0.34502241 0.664016366 0.73643744 0.444802761 0.302006096
    0.430842221 0.698148727 0.997480154 0.612155795 0.809309363
    0.0132902563 0.873988152 0.0128323138 0.194076985 0.137775481
    0.874449134 0.774574041 0.566921711 0.444188297 0.121114403
    0.180059373 0.82836324 0.601621926 0.96673739 0.232797921
    0.886270761 0.745757818 0.593662739 0.182812959 0.0479764342
    0.851177931 0.816733122 0.654921532 0.26429534 0.945538759
    0.695578754 0.117584407 0.723566353 0.216984808 0.84029305
    0.643597305 0.493855745 0.925932229 0.844385266 0.260358453
    0.792970538 0.962569654 0.165917933 0.0419161022 0.566905737
    0.344635725 0.59253794 0.904739439 0.0531522036 0.599688709
    0.0960405767 0.505155683 0.627004862 0.439907283 0.144397587
    0.238558799 0.662585437 0.262315273 0.092703402 0.389613152
    0.882029295 0.294810146 0.910957098 0.522400558 0.213508755
    0.0886761546 0.151668996 0.73368144 0.190880895 0.433528036
    0.976331115 0.51549834 0.197862267 0.391597539 0.219590008
    0.775672674 0.812905669 0.791567564 0.674850762 0.118858248
    0.120455295 0.605267406 0.62631464 0.813898087 0.0877224207
    0.290670186 0.333417594 0.813311577 0.427386701 0.604895473
    0.536519527 0.0542720556 0.213773221 0.168446064 0.207222193
    0.3308447 0.494622201 0.726324499 0.528022051 0.920455575 0.28459841
    0.271657586 0.652988315 0.673323512 0.815074921 0.839749217
    0.59534657 0.749522984 0.723230183 0.401014268 0.759055614
    0.272237837 0.575702548 0.26074031 0.449578732 0.684506059
    0.522999346 0.467027336 0.599963546 0.204549223 0.327878326
    0.447815269 0.747024179 0.477428973 0.846377671 0.459414631
    0.231229782 0.790527165 0.345798492 0.0884030759 0.270140827
    0.838853598 0.130733937 0.21942392 0.390441597 0.49528417
    0.624973059 0.496207207 0.807998598 0.0636400282 0.0873072445
    0.354597032 0.280448109 0.200452536 0.457818031 0.770377576
    0.351564348 0.227449536 0.417557448 0.846936584 0.828394771
    0.531487882 0.809565961 0.362976193 0.828061461 0.638912678
    0.361351788 0.439499468 0.682762325 0.586342216 0.926404834
    0.797500014 0.664264917 0.717536628 0.170129716 0.884057879
    0.977875471 0.637984812 0.221817493 0.958296835 0.743226647
    0.0796549916 0.985491753 0.880415678 0.0763968825 0.233037949
    0.97600919 0.672210991 0.853497684 0.202672362 0.0464544296
    0.548834383 0.0483274162 0.437934518 0.90116775 0.822924972
    0.982540369 0.590020418 0.0110829175 0.894648433 0.612486362
    0.865500569 0.92993176 0.383552313 0.592582524 0.545336366
    0.92768693 0.045389533 0.663367033 0.583134949 0.896701694
    0.573576748 0.46247372 0.220995367 0.845347583 0.706709385
    0.836381197 0.748003721 0.630848467 0.175477177 0.348426938
    0.741173387 0.781067491 0.0804747939 0.217497826 0.0188412964
    0.239796638 0.0713103116 0.283897519 0.557933927 0.371924967
    0.847828507 0.85400939 0.0649453402 0.860376954 0.763276398
    0.792785645 0.800272703 0.229499608 0.0115058422 0.0310706496
    0.871496558 0.158079207 0.748261869 0.92824018 0.298818469
    0.867589474 0.037992835 0.96995461 0.683100224 0.563310802
    0.77507031 0.0321263671 0.615725696 0.192902893 0.249041945
    0.369537115 0.972528219 0.57702601 0.761160493 0.879501998
    0.476417929 0.0987398326 0.0600542426 0.883113503 0.519228518
    0.483204603 0.784956932 0.620153129 0.533961952 0.709373534
    0.674367905 0.98134625 0.201950759 0.481678635 0.11525026 0.30299744
    0.45876348 0.319224834 0.791005969 0.439150691 0.389692008
    0.161413252 0.796959758 0.690256059 0.0922887027 0.700701952
    0.711448252 0.318306804 0.0326770544 0.0360034108 0.637390435
    0.193081021 0.388238132 0.221329421 0.0817165971 0.821665466
    0.926233292 0.0908363461 0.0245151818 0.402790666 0.695904195
    0.0614812374 0.0994760394 0.0426065922 0.275882721 0.687042952
    0.038264364 0.790917337 0.887933254 0.182531953 0.423681766
    0.147744328 0.510880709 0.283553421 0.410644919 0.290137231
    0.900071383 0.807893217 0.115656435 0.317051589 0.412486672
    0.647850513 0.333723247 0.0603065491 0.3432661 0.361154497
    0.886534989 0.138981104 0.0023342967 0.889888406 0.295363933
    0.568400621 0.556581736 0.665918231 0.916530252 0.477442086
    0.454228252 0.507738292 0.478203863 0.269589931 0.608154893
    0.772857547 0.900003672 0.818396211 0.925799668 0.425755203
    0.906781971 0.0922814012 0.215669006 0.103563458 0.855429411
    0.463625848 0.0913171768 0.279059619 0.622729599 0.195345283
    0.571836948 0.593080759 0.517729163 0.149933726 0.597414434
    0.238352507 0.170042902 0.844652772 0.933200836 0.95754844
    0.353030324 0.25309515 0.00230360031 0.0903128684 0.904014111
    0.130195439 0.235646605 0.0725247264 0.500932574 0.595959485
    0.270956397 0.824599326 0.689100623 0.84458375 0.923304439
    0.689902604 0.370932043 0.489398658 0.107285887 0.245392174
    0.418406785 0.324616432 0.712346554 0.334842265 0.719717622
    0.783638716 0.361826837 0.326537371 0.470997334 0.959864736
    0.0477918088 0.253971517 0.455441236 0.632144332 0.619105279
    0.185640365 0.370307207 0.209471792 0.14736554 0.682081461
    0.759444654 0.632792711 0.176356435 0.381498873 0.228794098
    0.798948824 0.00287786126 0.989989817 0.708411455 0.371409655
    0.660128355 0.524372518 0.157603353 0.110976458 0.0626991093
    0.780630469 0.248801559 0.893728375 0.931876183 0.447020739
    0.969844103 0.41247502 0.116366088 0.735970318 0.34543997
    0.178155035 0.251594722 0.996713281 0.581139326 0.729447305
    0.553929865 0.538689971 0.654145539 0.275539339 0.253147483
    0.749614298 0.780096292 0.338124961 0.381990075 0.838292241
    0.199433744 0.417208552 0.102709711 0.695115983 0.230435491
    0.586725712 0.608410776 0.869483829 0.296620965 0.111387789
    0.344673157 0.979843855 0.109513819 0.974627018 0.77896595
    0.972406209 0.91537869 0.982797742 0.381005049 0.090197593
    0.00889876485 0.534971595 0.597308099 0.643543959 0.865767419
    0.0305691957 0.538742721 0.157233238 0.985267639 0.658811748
    0.468044311 0.91268611 0.797298491 0.224022448 0.792246521
    0.416549176 0.242800862 0.394560844 0.889505386 0.74923265
    0.679089427 0.040714711 0.944494843 0.224212348 0.108571082
    0.876799703 0.749273777 0.726842523 0.101395816 0.368875772
    0.194004774 0.0237600803 0.719321012 0.555806458 0.303318322
    0.232710719 0.239138752 0.0340577066 0.176505387 0.170693725
    0.260837257 0.696799457 0.0103161335 0.651820421 0.637545288
    0.613041759 0.797922254 0.666516781 0.20595625 0.810157061
    0.942099631 0.935841441 0.297844827 0.338686705 0.677990019
    0.65918088 0.833228827 0.400079072 0.155783623 0.458080381
    0.954664052 0.337197721 0.320553958 0.257856548 0.398990542
    0.409980536 0.472655445 0.189610511 0.941473007 0.691711366
    0.301705509 0.240691721 0.112574518 0.649736345 0.410094023
    0.0957657695 0.283696234 0.210369796 0.0565063357 0.159012973
    0.0564794838 0.563841939 0.180266887 0.232472152 0.233686179
    0.955167592 0.129950941 0.185052902 0.226870745 0.342306376
    0.164218217 0.129561663 0.00652590394 0.632755816 0.665960133
    0.480647922 0.098593086 0.0367703438 0.330914199 0.280988455
    0.0832378566 0.316033363 0.698162436 0.988707721 0.430101484
    0.313235879 0.638876557 0.120341957 0.501342356 0.0502735674
    0.850782514 0.72309041 0.34875071 0.504641891 0.54686892 0.8070575
    0.62006247 0.161554933 0.940084219 0.893420696 0.163897336
    0.710930705 0.661472321 0.244065225 0.50017339 0.231834292
    0.707843423 0.0840203464 0.894949257 0.860286713 0.360448182
    0.0234482884 0.0811016858 0.27370888 0.930642843 0.97919035
    0.699302197 0.905979395 0.901097655 0.369240224 0.827588201
    0.421964616 0.371050119 0.496089369 0.590501666 0.820987463
    0.580677986 0.278301656 0.0942725539 0.5203439 0.119033158
    0.142105788 0.486837685 0.16861397 0.885694444 0.227706224
    0.761774659 0.441044182 0.636633217 0.345476627 0.416774631
    0.647222221 0.728277147 0.427339822 0.20508936 0.200283468
    0.53844732 0.161980808 0.848345578 0.139647573 0.743262947
    0.410331815 0.79516089 0.273655593 0.962746382 0.414038479
    0.517871916 0.356940031 0.0425157249 0.445455343 0.106775582
    0.847669244 0.392767549 0.454332501 0.397201061 0.484730214
    0.603597581 0.35671401 0.451211691 0.135614932 0.727671862
    0.0754958093 0.978077054 0.587014556 0.501626313 0.396368593
    0.448015958 0.0437838733 0.0925086439 0.0995254219 0.274642289
    0.716159582 0.10489887 0.201240152 0.562899053 0.793466091
    0.201688051 0.0707801282 0.529559433 0.818885148 0.0335044563
    0.227137178 0.8697505 0.768070638 0.813141108 0.278054059
    0.193961412 0.349501729 0.329585373 0.0847897232 0.218705058
    0.923829675 0.827860713 0.0729017556 0.483458668 0.7084167
    0.400916576 0.707503796 0.939975381 0.475861758 0.664594293
    0.0334071517 0.801845789 0.734954834 0.95602572 0.842318654
    0.242644608 0.136312813 0.0301226974 0.476818413 0.23567766
    0.865080237 0.0895833373 0.724102557 0.161586076 0.567318141
    0.127974272 0.637537539 0.55168438 0.638317108 0.480099797
    0.947107852 0.224042177 0.774967492 0.768933177 0.572434902
    0.699028134 0.840874791 0.647335708 0.518156528 0.230664313
    0.183905423 0.557528138 0.520453513 0.185002297 0.996590853
    0.939302087 0.779546082 0.424380481 0.244944423 0.536364079
    0.314863086 0.84135437 0.96194303 0.293909073 0.215386808 0.80139339
    0.651631653 0.179173112 0.886269808 0.51876229 0.717548668
    0.83325696 0.0510068536 0.455208838 0.53703475 0.600789964
    0.556219161 0.397189856 0.854104519 0.139925659 0.646989226
    0.11708951 0.660332382 0.525389433 0.064275533 0.656942189
    0.166623086 0.551571429 0.272412509 0.102653861 0.336871922
    0.751821399 0.367683113 0.373163223 0.986282706 0.941498756
    0.12076509 0.38970542 0.687589109 0.650785089 0.638308644
    0.628941655 0.18356508 0.455169767 0.17882669 0.131169289
    0.237471282 0.760700226 0.122725636 0.349419832 0.383058369
    0.190532386 0.19453606 0.909969628 0.962015748 0.289762497
    0.801552832 0.701642513 0.333054781 0.919278264 0.00856730342
    0.135851264 0.929655969 0.763554573 0.884582162 0.489951253
    0.878477454 0.432482749 0.363863111 0.549077392 0.629591584
    0.492387593 0.423635006 0.991476834 0.910212994 0.3431741
    0.884591341 0.150896817 0.268349886 0.53966701 0.327795148
    0.423086882 0.460920066 0.550440669 0.335500479 0.952533126
    0.0931845605 0.85001862 0.552975297 0.291024119 0.578345716
    0.352132857 0.513699949 0.432903916 0.49530679 0.751361847
    0.760244012 0.0556277037 0.29318729 0.87333107 0.779958129
    0.906131387 0.702414274 0.638219118 0.412286878 0.412072539
    0.774573207 0.198503584 0.204037935 0.376852214 0.379508048
    0.992721558 0.538693845 0.414231002 0.0523983836 0.209117472
    0.55835402 0.876124263 0.385189354 0.0128035545 0.431713134
    0.177203804 0.201944441 0.99951601 0.176791757 0.11931935 0.44260788
    0.139228791 0.160508871 0.612311244 0.536784768 0.628346205
    0.266570002 0.751280963 0.991401136 0.892764568 0.543902874
    0.444480509 0.770827591 0.604043484 0.208493948 0.804890871
    0.365554065 0.644126952 0.433587134 0.612679839 0.809675276
    0.275336564 0.688478947 0.0929815769 0.0730883777 0.41632688
    0.467428714 0.413453877 0.889435768 0.989579976 0.218071312
    0.990671515 0.136476249 0.690317929 0.83049053 0.42250219
    0.341357648 0.923518896 0.327513993 0.720222473 0.8964082
    0.955237031 0.35084939 0.626068473 0.0192399025 0.31317693
    0.268297136 0.627203345 0.579337835 0.490759462 0.0136339366
    0.194086373 0.711040258 0.363380224 0.364376992 0.300467312
    0.423304319 0.123966783 0.263845176 0.72860229 0.889405608
    0.577770174 0.36433962 0.108637214 0.273480237 0.93338263
    0.233422399 0.375885725 0.188644946 0.528054237 0.438850939
    0.839147806 0.865456522 0.199274272 0.337853342 0.180098206
    0.715232015 0.115841627 0.294231772 0.654313743 0.475534946
    0.161894411 0.700239658 0.716218531 0.579948425 0.917214274
    0.81915462 0.194865614 0.192966968 0.983978987 0.961290896
    0.870804548 0.275624275 0.601814449 0.19878456 0.337837487
    0.922358215 0.742209315 0.952189326 0.211283892 0.487988472
    0.0199953318 0.899992585 0.0660953522 0.135954916 0.026055634
    0.307693958 0.252161324 0.398224533 0.126202703 0.00601056218
    0.11084193 0.677612066 0.372474194 0.306527972 0.694807589
    0.258753181 0.39256838 0.0563462973 0.212864131 0.39668563
    0.361845732 0.19914639 0.432677269 0.128640324 0.125738174
    0.792356193 0.308055282 0.70201242 0.0346763432 0.516637921
    0.125611633 0.260998607 0.161320508 0.458066165 0.209744602
    0.70142597 0.23927322 0.934636474 0.487880081 0.420193374
    0.210451305 0.273853719 0.0988689065 0.961330056 0.0543577671
    0.864693046 0.746442735 0.647319376 0.403130144 0.897326469
    0.123382062 0.750412941 0.619369268 0.911772013 0.155465364
    0.656917095 0.104876906 0.840128183 0.51347661 0.888050854
    0.285341561 0.439517856 0.873386979 0.534034431 0.099804014
    0.674630702 0.625622332 0.496572673 0.877347052 0.398740828
    0.850734353 0.872389972 0.943704605 0.833158016 0.580516696
    0.185559422 0.871360183 0.668599367 0.410987735 0.613407493
    0.0639946759 0.058644861 0.861927271 0.0518493354 0.134274036
    0.791118383 0.458753437 0.223209113 0.680207193 0.563055396
    0.147710532 0.191448838 0.409480929 0.483846575 0.509156525
    0.232805371 0.847409368 0.686786652 0.315756083 0.666726053
    0.898398638 0.421597242 0.689233005 0.593723774 0.646538079
    0.737316549 0.267326146 0.00383496284 0.813833773 0.194532216
    0.0263965726 0.93945241 0.602620244 0.121195883 0.53646934
    0.55674845 0.698848248 0.922611594 0.751847208 0.693057775
    0.26439926 0.713397086 0.255415201 0.613320708 0.706469655
    0.562510133 0.508909762 0.0125472844 0.489610255 0.545404375
    0.469569653 0.92895925 0.319913507 0.561270118 0.0834782422
    0.210942149 0.457420647 0.332018673 0.0175637305 0.550066054
    0.165938884 0.645434916 0.0165050924 0.959154785 0.781326294
    0.391950369 0.786478102 0.110242218 0.21764338 0.0927109718
    0.700608552 0.713540077 0.256766081 0.21194917 0.426839471
    0.79150033 0.450973153 0.733676314 0.643339574 0.109987527
    0.48677817 0.0257086158 0.911419153 0.125783235 0.984382749
    0.440052837 0.595186651 0.339966416 0.408344537 0.642171264
    0.337484121 0.912136316 0.85400033 0.00682622194 0.832312942
    0.279545486 0.300159097 0.552470446 0.63727212 0.958459139
    0.313857436 0.509599805 0.172986597 0.239703506 0.338028014
    0.220000625 0.868681431 0.929788828 0.687822223 0.101290524
    0.663651466 0.177958846 0.174747437 0.815429926 0.731395543
    0.724504411 0.55993557 0.203609169 0.126105189 0.615768552
    0.158589005 0.386684835 0.937577963 0.871335268 0.811459541
    0.126579434 0.786928773 0.450969815 0.984496355 0.902436912
    0.877357244 0.130760074 0.315396041 0.712669551 0.0393185019
    0.710930169 0.736180544 0.19242838 0.970066071 0.942990661
    0.449369997 0.0538111925 0.892598093 0.0174766779 0.770112276
    0.0481685996 0.820234239 0.706081688 0.922071874 0.969105959
    0.744551063 0.204927772 0.644501686 0.999194503 0.109597594
    0.758573592 0.913783908 0.952489078 0.674553812 0.162542701
    0.545354903 0.636945605 0.292998821 0.842584968 0.34958756
    0.476763934 0.75000447 0.426708877 0.416436791 0.665107667
    0.237968743 0.00216445327 0.40658021 0.691457331 0.975837469
    0.250697494 0.299470991 0.623669446 0.754408598 0.609580398
    0.963365316 0.872430444 0.118134767 0.518243253 0.163743764
    0.726030111 0.374412715 0.0301010311 0.732917786 0.425724983
    0.940425217 0.02804178 0.386808872 0.589722633 0.880166411
    0.0276153088 0.623993576 0.934973001 0.474527627 0.789663017
    0.500765562 0.475322008 0.080193162 0.986878157 0.65764302
    0.0370853543 0.891911149 0.535051227 0.832527399 0.616548359
    0.381857932 0.351106614 0.700132787 0.853148162 0.184714288
    0.315305352 0.581127644 0.389358312 0.265720099 0.860419989
    0.485826522 0.221316695 0.098706454 0.547573447 0.347045124
    0.11766547 0.644484401 0.928773403 0.093185544 0.48783347
    0.461665064 0.851657748 0.891445756 0.17612642 0.69879216
    0.615136981 0.061429143 0.766496062 0.955387235 0.00635361671
    0.124426842 0.513927519 0.750218868 0.976679206 0.890824199
    0.245163202 0.944509923 0.312127531 0.498066753 0.223127812
    0.469680846 0.0685967803 0.228834331 0.657821596 0.701848924
    0.43569091 0.980122089 0.835392833 0.314429194 0.238070279
    0.758657634 0.493143469 0.278625876 0.100868136 0.0684958994
    0.556854844 0.10345459 0.936480403 0.713642597 0.123106688
    0.302233666 0.504931569 0.316137969 0.137658626 0.71469152
    0.552595198 0.610224128 0.0547154248 0.338384628 0.61254102
    0.923590541 0.397358209 0.90368855 0.525760531 0.858498752
    0.138020635 0.25041905 0.0117378831 0.644379139 0.31208536
    0.634838343 0.48909241 0.653409004 0.449074358 0.438383639
    0.387543142 0.507097125 0.563523591 0.526514769 0.0233690441
    0.536529303 0.976439118 0.0912110507 0.218529105 0.334642828
    0.328007162 0.864955544 0.670713186 0.832694054 0.838940144
    0.950389624 0.420893699 0.28651315 0.215221673 0.926461697
    0.0194884539 0.266592801 0.264772654 0.69370234 0.396853566
    0.12066862 0.447362304 0.294772446 0.546201169 0.0827908218
    0.0224966705 0.341654569 0.283261359 0.163238138 0.158087969
    0.760873854 0.349295497 0.921213567 0.74821794 0.696208596
    0.642465055 0.909427285 0.47174719 0.55033052 0.988008738 0.3843849
    0.714550436 0.858301997 0.61704576 0.121197402 0.531941772
    0.60064435 0.589111149 0.123497158 0.788032651 0.454012096
    0.900464177 0.866564929 0.598885536 0.407901824 0.566436768
    0.51471746 0.656509459 0.930136621 0.469700366 0.753305554
    0.135363072 0.310255408 0.237470299 0.636901617 0.266647607
    0.384173453 0.211121857 0.0969539881 0.430864185 0.318444967
    0.372451574 0.538578749 0.262927979 0.25865221 0.230130166
    0.807040095 0.498125702 0.129454911 0.960007906 0.282024205
    0.0508970022 0.919162691 0.444556594 0.657372475 0.422937155
    0.646763563 0.628021479 0.695243478 0.245730788 0.692269921
    0.781088352 0.815253735 0.794774592 0.756165087 0.688514173
    0.8056072 0.941197634 0.896529257 0.989966393 0.414991498
    0.0135434568 0.832315087 0.415156782 0.136794627 0.257912815
    0.717621684 0.593562365 0.125528932 0.390694499 0.599763393
    0.002823174 0.16370225 0.0439080298 0.911059976 0.409683973
    0.40505302 0.403763562 0.475179464 0.0831178725 0.28886205
    0.017653048 0.483692586 0.621457517 0.0388762951 0.642571926
    0.257987976 0.0139858723 0.587825179 0.721725225 0.644780099
    0.425196648 0.842274189 0.559008181 0.468082637 0.875151992
    0.460298926 0.455201238 0.0318562686 0.0400410295 0.277206898
    0.479822516 0.525315285 0.260994732 0.666576743 0.655421019
    0.834987402 0.610220015 0.125353456 0.819885254 0.415242285
    0.0415199697 0.0140951574 0.786244869 0.409351528 0.632048011
    0.169569522 0.927478075 0.709807038 0.733468711 0.153795183
    0.679035008 0.763368189 0.203131735 0.704102635 0.0333963335
    0.504176557 0.309556812 0.601006925 0.466292769 0.313804865
    0.159564942 0.920000374 0.602107763 0.256067216 0.330675066
    0.583705783 0.155383706 0.211498171 0.462157249 0.84858799
    0.532315254 0.710548401 0.367008746 0.779138923 0.359430552
    0.223112673 0.0788523555 0.808694839 0.14384529 0.865938485
    0.962279558 0.0261816382 0.0324218571 0.572832048 0.228280514
    0.284317374 0.236547738 0.241312742 0.784966767 0.236398876
    0.517098308 0.183374137 0.0816351473 0.493238896 0.401049852
    0.539894104 0.409442067 0.503765345 0.236909389 0.0401775837
    0.799593568 0.948241353 0.842490315 0.276165068 0.518842638
    0.0797785819 0.266980618 0.424847126 0.885123134 0.847465038
    0.880541921 0.736600995 0.933387995 0.972975969 0.981561601
    0.266616493 0.46860379 0.102345139 0.995298505 0.953825295
    0.0153054297 0.0158801675 0.880265534 0.663503885 0.563959301
    0.307094246 0.768286049 0.443646491 0.436492324 0.900975585
    0.182393342 0.266251147 0.424291253 0.083894819 0.801199436
    0.481779695 0.268309772 0.373133719 0.264894783 0.595837951
    0.479036272 0.615287364 0.829538465 0.114692539 0.377363473
    0.728785753 0.920267344 0.507173836 0.143386662 0.860993147
    0.516245604 0.705157638 0.885699391 0.390730232 0.228997201
    0.977400422 0.496325582 0.134142905 0.126479924 0.573271096
    0.874175251 0.0287708342 0.0245077312 0.603295624 0.575288236
    0.146542251 0.931991339 0.854329467 0.0833809674 0.372203559
    0.60307765 0.357856691 0.133432001 0.0823214352 0.673220992
    0.834053874 0.608218133 0.790173829 0.240906268 0.536830604
    0.887719095 0.472525179 0.513563931 0.424269259 0.59409225
    0.353372812 0.396518648 0.861065984 0.519348741 0.0311198235
    0.578159869 0.128380269 0.0578639507 0.596123874 0.976728499
    0.544992447 0.83085686 0.7884866 0.111352831 0.0252901614
    0.508575141 0.253615558 0.477957994 0.622394502 0.659267724
    0.386335194 0.12177366 0.939715385 0.401432723 0.824740291
    0.126822144 0.987331808 0.0728434622 0.843169272 0.229892612
    0.48503378 0.0392065048 0.422820985 0.706832826 0.310722351
    0.133927315 0.0887930095 0.504033685 0.0957665741 0.778691649
    0.0048315227 0.353592813 0.765315294 0.0638602972 0.646777689
    0.202454299 0.681065679 0.493760973 0.0880051553 0.160606116
    0.470911145 0.49029994 0.0276190341 0.812092066 0.713288724
    0.0639851689 0.177316785 0.694705307 0.758140445 0.345859915
    0.487127692 0.967697382 0.290286124 0.137821317 0.374628067
    0.269762814 0.170444697 0.707643628 0.359478116 0.197455198
    0.859459996 0.790861368 0.848083317 0.348866135 0.83831805
    0.443500161 0.906756759 0.28173995 0.59379828 0.939957321
    0.582221568 0.348267972 0.652024508 0.550016284 0.66831398
    0.41471529 0.029008925 0.211704105 0.693636358 0.729215741
    0.11407429 0.784252048 0.202995479 0.366958499 0.0990564227
    0.169588536 0.732393205 0.99800837 0.497282147 0.660729527
    0.808425188 0.936910987 0.254300296 0.774853706 0.57797569
    0.598164618 0.404548228 0.408766329 0.032086581 0.194843441
    0.260120511 0.269831896 0.550371528 0.0791843832 0.742618084
    0.242361218 0.801151991 0.905955553 0.624765992 0.89581877
    0.536751866 0.47092849 0.453190386 0.686940193 0.730246007
    0.0206544101 0.542302608 0.957207382 0.51079607 0.925697088
    0.482512325 0.0387941003 0.120483816 0.341050506 0.905288219
    0.300231397 0.898432076 0.638140678 0.786519527 0.401474595
    0.801704705 0.918737173 0.49049148 0.231290787 0.820386708
    0.467805743 0.667765379 0.17024532 0.853646159 0.317513734
    0.237396747 0.614219368 0.43472755 0.463069618 0.57756573
    0.0568853617 0.518925846 0.856782794 0.16312927 0.401201785
    0.150856823 0.232707351 0.131896406 0.488256127 0.539231658
    0.433388084 0.755307734 0.880422235 0.362274885 0.274579972
    0.28098911 0.750260711 0.719559312 0.0328795016 0.29490909
    0.870171249 0.071590513 0.463505089 0.862579107 0.674982667
    0.683935404 0.775951624 0.328311861 0.441160083 0.927083731
    0.0320321321 0.238450855 0.626221538 0.124527425 0.250564635
    0.863295853 0.615380824 0.993174553 0.626399994 0.0329149961
    0.441348672 0.577552736 0.819016337 0.937443733 0.902848601
    0.920771003 0.815462828 0.0129731894 0.774284959 0.815829277
    0.511652172 0.953693449 0.633476198 0.590972126 0.268593341
    0.0653018355 0.219995052 0.75664556 0.803563356 0.32948029
    0.239140242 0.863779068 0.970049381 0.571455359 0.208949715
    0.783171177 0.981607735 0.548442185 0.0469272137 0.220503509
    0.660446107 0.325821042 0.86439693 0.0885745585 0.375452459
    0.754778206 0.251799971 0.515350699 0.634683967 0.929755449
    0.22408542 0.0913799107 0.256655872 0.968076229 0.117171526
    0.980293036 0.0242947042 0.978194714 0.306895852 0.563941061
    0.163215011 0.147561491 0.881481886 0.757258296 0.942530513
    0.522023976 0.909571826 0.218952 0.126382947 0.833182573 0.803863227
    0.224747688 0.501755416 0.387711644 0.487891436 0.755749106
    0.384812593 0.966779351 0.973056912 0.773621917 0.543948472
    0.807310581 0.159896404 0.784020126 0.574912131 0.328801513
    0.717353284 0.909121275 0.0962055027 0.715511799 0.0472669601
    0.548456311 0.731741667 0.337268978 0.0562215447 0.679114997
    0.470757067 0.933601618 0.245166361 0.683092475 0.0957846642
    0.585627735 0.924132407 0.436852276 0.470937163 0.625100911
    0.918360651 0.379025608 0.615214944 0.31781733 0.756786346 0.9506616
    0.0758469403 0.533009648 0.679527283 0.947097063 0.784631789
    0.866760612 0.464513183 0.258002102 0.037835896 0.465901911
    0.159355998 0.603757977 0.251969457 0.101182163 0.0346034765
    0.175697953 0.596204698 0.145488381 0.199613839 0.639524221
    0.602847219 0.197925299 0.0163929164 0.896712005 0.130865872
    0.832979679 0.291344941 0.0398465395 0.561546683 0.789783835
    0.0275096595 0.292484164 0.458605886 0.91471231 0.569205582
    0.270883024 0.603265882 0.320557833 0.250135869 0.333028436
    0.4640086 0.457559347 0.240038157 0.518852651 0.97816205 0.64738524
    0.288546443 0.646615267 0.274180055 0.767341495 0.648784339
    0.360414535 0.80442071 0.552307963 0.307207286 0.279908121
    0.218233615 0.652612329 0.6708287 0.152762771 0.882287979
    0.702971697 0.423378289 0.850607276 0.431127369 0.288438022
    0.893394589 0.624096394 0.800916672 0.790954232 0.560517967
    0.588559568 0.262368739 0.304270625 0.294761389 0.870397806
    0.312111199 0.00773301721 0.698560476 0.162085652 0.873188376
    0.613992512 0.0893878937 0.825528979 0.982393026 0.270139039
    0.822712362 0.375686228 0.814288259 0.0571294129 0.569017231
    0.189273775 0.251225948 0.74179107 0.769156218 0.740261078
    0.345440328 0.15180251 0.647409201 0.179828674 0.892182589
    0.72340101 0.445728421 0.836751342 0.211278617 0.615088582
    0.0792044401 0.125782132 0.958735764 0.618058324 0.868204772
    0.434196502 0.128495127 0.265009582 0.152252883 0.0788621306
    0.166834205 0.947221816 0.432474673 0.212495685 0.0379079878
    0.0830125511 0.225725979 0.623248279 0.317517608 0.89565134
    0.294502258 0.921381772 0.800359845 0.259142339 0.621887922
    0.477765769 0.635863304 0.613496304 0.974536777 0.483280391
    0.934392691 0.773917079 0.796325922 0.58210516 0.423839808
    0.485747695 0.73339808 0.311988741 0.988782287 0.746197939
    0.187165499 0.508914173 0.786300778 0.109690189 0.87333107
    0.844280243 0.930067658 0.569854498 0.720781088 0.991987824
    0.277793467 0.231488496 0.10350278 0.0511766672 0.718524694
    0.21531564 0.45102188 0.441253841 0.709050655 0.00553759933
    0.0813792348 0.745008647 0.51424408 0.230569065 0.265780985
    0.421597093 0.97290349 0.697786868 0.34365949 0.655963719
    0.784036934 0.0938727856 0.596133411 0.689007044 0.851621091
    0.777622521 0.724738538 0.801389992 0.666010857 0.87348032
    0.932347298 0.377242923 0.0750820041 0.549934149 0.452286333
    0.699753702 0.579358876 0.87348187 0.947595179 0.933534324
    0.922634482 0.544257998 0.45890063 0.20269376 0.917383254
    0.470629811 0.0435269475 0.447834074 0.892142832 0.252733648
    0.194646776 0.77471292 0.185995549 0.242126137 0.224209964
    0.522605658 0.375217915 0.66709137 0.64402163 0.753108084
    0.560518622 0.274846315 0.957254171 0.348792434 0.93405968
    0.550440192 0.327612013 0.484242857 0.327220798 0.32542038
    0.0767753422 0.0456145108 0.726663947 0.750655472 0.373875201
    0.272859156 0.420721829 0.17538783 0.711606264 0.577066422
    0.781322479 0.720472991 0.689039707 0.994831026 0.919729233
    0.537606299 0.24174422 0.0646315515 0.0544720888 0.296486139
    0.147775024 0.963324428 0.237163693 0.740326285 0.620546103
    0.829761386 0.737070739 0.926440716 0.0947055817 0.089115262
    0.262044758 0.418067038 0.627728403 0.151935667 0.769150972
    0.0762031674 0.682215571 0.136725336 0.192254275 0.0141945183
    0.296216786 0.303006232 0.762973905 0.68470186 0.358628333
    0.738762617 0.980137467 0.345146477 0.115890682 0.804421186
    0.448778361 0.523651063 0.76178205 0.368473709 0.00876969099
    0.982331276 0.537412941 0.407054543 0.527683079 0.0870673358
    0.437528938 0.99094677 0.45657894 0.53620851 0.452155948 0.110477984
    0.235659122 0.141295642 0.0307649672 0.640479445 0.164626509
    0.48244068 0.799397111 0.453507572 0.088195473 0.542531908
    0.832888722 0.118579209 0.897743106 0.123640388 0.264416665
    0.735086381 0.840469718 0.35196045 0.32892698 0.373157144 0.2993173
    0.202167004 0.373382986 0.776239753 0.282013178 0.428500831
    0.987935305 0.514411509 0.111623794 0.462539405 0.481622547
    0.918768167 0.445485234 0.313415587 0.363796413 0.850186944
    0.414542407 0.782904148 0.364968002 0.0153577626 0.328543603
    0.936130047 0.089304179 0.13514176 0.521769822 0.642553091
    0.934659421 0.358273417 0.555478513 0.846666932 0.253517628
    0.143601626 0.329783678 0.12042132 0.917904854 0.428177029
    0.18843165 0.37230885 0.945702374 0.928191841 0.653037369
    0.152100116 0.935127318 0.399960399 0.727350593 0.0162849724
    0.542601407 0.499493539 0.218622535 0.395100474 0.344973058
    0.172204018 0.45281896 0.477198035 0.761398554 0.201456666
    0.897102833 0.0640610754 0.0755008161 0.80093658 0.140727133
    0.681830287 0.920385122 0.57697165 0.410342574 0.991487563
    0.284520209 0.758039355 0.493930638 0.454708695 0.889983237
    0.762385249 0.3661744 0.489024818 0.761598825 0.444167197
    0.114651412 0.00281819701 0.715438247 0.0487859249 0.302030981
    0.0275470912 0.559686422 0.567946255 0.438034743 0.298559785
    0.421946526 0.104279071 0.710503459 0.502723873 0.305637658
    0.197658539 0.45102644 0.637788653 0.633003235 0.871670187
    0.0480041206 0.98525548 0.978240371 0.0306339264 0.39538902
    0.000683069229 0.860620797 0.527738571 0.291387677 0.000725477934
    0.0208828449 0.538644433 0.512804627 0.250057936 0.168968678
    0.727943957 0.850472629 0.203818977 0.159021646 0.348988295
    0.305393994 0.717010021 0.809626937 0.931605458 0.471164674
    0.908863902 0.668945491 0.501373827 0.680411637 0.451608986
    0.0118260384 0.774676323 0.677101851 0.911371708 0.239270419
    0.0774998367 0.749847651 0.984545946 0.503759325 0.0557019114
    0.252086997 0.14820835 0.58374691 0.403245807 0.920107484
    0.752247214 0.0653972924 0.469950378 0.161340684 0.111577809
    0.39642489 0.295395434 0.978720129 0.574296296 0.447463155
    0.228023857 0.946145773 0.174525768 0.747099757 0.118286043
    0.72926718 0.0562005937 0.692318261 0.31340903 0.5206936 0.45449698
    0.362530351 0.125385076 0.11582759 0.835904419 0.369575948
    0.976049781 0.729763269 0.371679366 0.544876099 0.619747519
    0.259843975 0.0989893079 0.566021621 0.6169554 0.317225397
    0.128669262 0.346456915 0.00919091702 0.209236234 0.717268288
    0.892195225 0.947462201 0.149989545 0.379373789 0.374985456
    0.355357081 0.136403024 0.709844947 0.32331261 0.0340075791
    0.930169642 0.828556895 0.681095421 0.717015028 0.302539825
    0.962993324 0.425511569 0.55539 0.247441322 0.0224782825 0.721510649
    0.263765514 0.324783623 0.639408588 0.585910857 0.39185077
    0.304659486 0.00576549768 0.49767065 0.407342911 0.674515724
    0.899524212 0.563389897 0.831279039 0.290142208 0.255527318
    0.554816067 0.378242344 0.818929911 0.866378546 0.899036765
    0.323225319 0.691513419 0.316574693 0.612361372 0.985802293
    0.750638962 0.677868247 0.170093834 4.84585762e-05 0.635003567
    0.910864592 0.14676106 0.85050714 0.156928778 0.369342029
    0.287114322 0.20475626 0.414131552 0.11315915 0.846914291
    0.933631897 0.854175508 0.523347735 0.243308157 0.106254578
    0.154937655 0.734840035 0.504779875 0.82126379 0.421118855
    0.549622893 0.281239092 0.381354272 0.188614279 0.261733294
    0.715367854 0.242456645 0.797269285 0.732848465 0.176138461
    0.713282585 0.764285207 0.636075318 0.713052154 0.938544035
    0.132858992 0.657807469 0.260849386 0.221658438 0.737598777
    0.322722137 0.707413912 0.870871902 0.432709962 0.954741597
    0.233341366 0.170654863 0.908464789 0.0210061967 0.352179825
    0.632377505 0.664406002 0.276979327 0.00139647722 0.328301251
    0.73750782 0.976636887 0.993466377 0.344150215 0.990518749
    0.954043746 0.0911985934 0.658685744 0.165487349 0.199037403
    0.952162087 0.650890231 0.458718181 0.842872977 0.730848074
    0.287522674 0.744856298 0.530352175 0.0109390318 0.511407256
    0.886838317 0.0468677878 0.898480415 0.0453240871 0.309882343
    0.239928573 0.215150893 0.33424738 0.469119906 0.389306068
    0.493409276 0.569715619 0.166463047 0.677267134 0.357446313
    0.414232194 0.523239613 0.602716804 0.565087199 0.947464347
    0.865693688 0.253929317 0.430119097 0.648180604 0.285632074
    0.184930593 0.628228843 0.0600853562 0.524561465 0.576993704
    0.795763969 0.340928137 0.165222287 0.156347036 0.262036473
    0.733729661 0.5194754 0.34073779 0.989144266 0.544276297 0.748764873
    0.383470535 0.97543335 0.709181249 0.996406615 0.463382721
    0.82207346 0.241179824 0.0133254826 0.353434622 0.295525432
    0.116212577 0.370881647 0.191409856 0.238671869 0.475360453
    0.593808651 0.175353169 0.505490899 0.322422445 0.950527668
    0.252655923 0.589038491 0.926645935 0.152894586 0.222880661
    0.986059546 0.369097531 0.326052755 0.68993181 0.968121886
    0.657640457 0.615481555 0.729996622 0.910280108 0.166684926
    0.990885735 0.889381647 0.117224783 0.28909713 0.0899061561
    0.861615658 0.634351492 0.854491591 0.405400544 0.437294304
    0.934465706 0.50365603 0.604903996 0.680871665 0.416386664
    0.614563763 0.752312839 0.440736145 0.611984313 0.0277294815
    0.0139711201 0.840048075 0.97669208 0.130834281 0.0136841834
    0.273887098 0.445710301 0.644415557 0.624538243 0.786553383
    0.365690351 0.503890455 0.703991413 0.506159961 0.563522875
    0.614911973 0.0378087163 0.0548851192 0.62379384 0.360310048
    0.30472216 0.333137482 0.146833926 0.625956357 0.593940079
    0.321957469 0.801732302 0.971926868 0.395489842 0.221795976
    0.913125634 0.66406244 0.597130775 0.842459023 0.488170147
    0.907366633 0.972488403 0.823589265 0.8815943 0.881640553
    0.442068487 0.390638709 0.328162193 0.209646493 0.74513638
    0.497664034 0.0641314387 0.833071113 0.175784171 0.89647305
    0.394190788 0.996072888 0.60374248 0.142970204 0.847890437
    0.349125445 0.680810571 0.192902386 0.449776024 0.524939001
    0.195226431 0.0568688214 0.863749385 0.843407631 0.558776677
    0.653701127 0.817275882 0.6098243 0.16595605 0.527085602 0.19353205
    0.210212678 0.252098978 0.823040307 0.799844027 0.870919466
    0.109100521 0.338223636 0.854650617 0.0277788043 0.26419732
    0.78829515 0.8590222 0.345278144 0.16979295 0.6774804 0.623687208
    0.11923027 0.0429955125 0.705463409 0.851568818 0.399091542
    0.0987546146 0.695264697 0.305154324 0.765006304 0.22543928
    0.151952505 0.0246192813 0.0844905972 0.439250469 0.0748219192
    0.185126245 0.0955878496 0.784355998 0.92062062 0.814203501
    0.0949521661 0.293742597 0.993673623 0.212062538 0.359290004
    0.791751623 0.469035536 0.0775844753 0.119468391 0.239024758
    0.108537406 0.0529197454 0.683705211 0.103376091 0.660253108
    0.0131182373 0.504239082 0.421846449 0.847536802 0.306079328
    0.55603832 0.482924581 0.754217744 0.312224388 0.341835618
    0.450984836 0.253496855 0.831629038 0.440802395 0.778683841
    0.844606042 0.0956176817 0.198068678 0.743257821 0.901079357
    0.0123536289 0.703528881 0.0106505752 0.334540367 0.76669991
    0.940367222 0.801784635 0.118848056 0.205924004 0.353733748
    0.512441158 0.204610348 0.403493643 0.668606758 0.693259478
    0.593024731 0.343051791 0.795781374 0.749167085 0.651374757
    0.104541659 0.0298754275 0.831512511 0.397838503 0.862466574
    0.469578415 0.391419828 0.0974572599 0.40764451 0.471714288
    0.868990898 0.919225335 0.830750108 0.385393053 0.369419217
    0.00901642442 0.245497912 0.0904662907 0.625772893 0.683070838
    0.159635723 0.066718936 0.830891311 0.986125112 0.511198103
    0.227593541 0.300762743 0.877788544 0.889073372 0.663205683
    0.622490108 0.388944209 0.220405877 0.38422066 0.60185653
    0.537825406 0.0694555044 0.720691741 0.0407309234 0.939043939
    0.503803074 0.0295072794 0.0393593013 0.474825323 0.858055294
    0.909015298 0.868550003 0.509192288 0.590126395 0.396683514
    0.420896143 0.356288195 0.868689358 0.753150821 0.465896606
    0.271076977 0.088514179 0.764289618 0.172633022 0.936283648
    0.955547214 0.0515671372 0.0295271575 0.298205674 0.0376598239
    0.110100806 0.987485766 0.861182749 0.239393324 0.287443012
    0.587177098 0.259289742 0.805479169 0.306110501 0.0106481612
    0.041619122 0.29996711 0.844047427 0.0204285085 0.80387342
    0.597361982 0.891273975 0.724359632 0.342407346 0.122408569
    0.929639876 0.716149092 0.403849602 0.224906176 0.192632437
    0.725917101 0.00397631526 0.545898557 0.0737811327 0.431600153
    0.385646135 0.223530293 0.343481451 0.358440489 0.473165154
    0.896892905 0.871845603 0.373386204 0.101806045 0.530028462
    0.858773947 0.66739881 0.474000573 0.20507741 0.114875168
    0.219446093 0.757323444 0.0545700788 0.422438562 0.96914053
    0.998070002 0.448902845 0.471681863 0.847836852 0.00844913721
    0.34180963 0.745065928 0.532795787 0.225357592 0.160208702
    0.486012727 0.575699329 0.857782304 0.0676057041 0.281062961
    0.485524714 0.305434346 0.566818714 0.19044295 0.144307822
    0.620380878 0.0698513091 0.354635715 0.776111424 0.899799824
    0.282441139 0.684419096 0.894633651 0.339918166 0.477154166
    0.2652511 0.848245502 0.360306233 0.311597645 0.632556796 0.42012313
    0.972253323 0.640357733 0.131813169 0.0446643531 0.314257503
    0.00425556302 0.0225542486 0.272201598 0.0464755893 0.789901853
    0.605508208 0.237493932 0.584442794 0.794618547 0.877247572
    0.403454036 0.332464904 0.358986139 0.343173862 0.816550493
    0.169577688 0.727449238 0.729844034 0.212044954 0.422710598
    0.43183893 0.446471095 0.498581767 0.389769077 0.647482276
    0.701064527 0.581584334 0.517674387 0.71228838 0.407368541
    0.17040512 0.672311425 0.622439563 0.368197322 0.999960423
    0.753182888 0.559062779 0.492001861 0.828957379 0.274018615
    0.638553858 0.331703335 0.543301821 0.321137011 0.894227386
    0.378096104 0.617659986 0.470311254 0.700015783 0.648984909
    0.576019287 0.0690970421 0.540999174 0.0752871931 0.725433886
    0.64957583 0.3536309 0.820752144 0.322049201 0.480063021 0.199260533
    0.801005363 0.938307881 0.357351065 0.209950656 0.938858032
    0.842250824 0.299463451 0.694251716 0.511947274 0.729988515
    0.105990767 0.697016954 0.734073877 0.345155567 0.0307122469
    0.0428850949 0.4462336 0.509136081 0.993279397 0.608269691
    0.48359549 0.54353863 0.808615863 0.126874387 0.241046548
    0.118433744 0.682513595 0.659421086 0.773806155 0.311544448
    0.259417713 0.0834867358 0.625897408 0.0455437899 0.233602405
    0.370775878 0.56483531 0.497377634 0.661567628 0.319377899
    0.203286558 0.551259696 0.668439031 0.562036276 0.0125498772
    0.311276138 0.0782053471 0.444440842 0.993037343 0.662379444
    0.724089324 0.624263525 0.0751488209 0.172276765 0.665572107
    0.0342674851 0.430047691 0.622724533 0.175543368 0.549461961
    0.115347534 0.0966393948 0.476975292 0.874652028 0.0396516621
    0.311543226 0.380077422 0.934234977 0.698138356 0.158098876
    0.378637224 0.755226016 0.115987092 0.27915597 0.8718009
    0.0989107788 0.697641551 0.318415284 0.0836181343 0.407125115
    0.405327827 0.31976074 0.896209359 0.490827084 0.742215633
    0.022782743 0.544177651 0.0570668876 0.114567071 0.0557693541
    0.129880339 0.994525731 0.87232089 0.38153097 0.36209172
    0.0817644596 0.967317522 0.697433829 0.381019652 0.929598272
    0.502723694 0.806233406 0.157370001 0.890395939 0.860553741
    0.319446206 0.788144529 0.699373245 0.955351353 0.39921695
    0.887030125 0.487925857 0.928986907 0.159842104 0.909928441
    0.286914885 0.880029738 0.611728728 0.935604692 0.15209952
    0.0964815319 0.761144221 0.00172206759 0.25108704 0.424361289
    0.277570307 0.557877421 0.610673428 0.44751054 0.533206582
    0.432243288 0.487408191 0.583263516 0.505151987 0.687399864
    0.161390513 0.319526196 0.334785104 0.185119241 0.859083116
    0.328118801 0.410161048 0.0339754224 0.976599097 0.874780595
    0.400752723 0.477994174 0.183757275 0.709003329 0.882279158
    0.478372812 0.168240815 0.957239151 0.548139334 0.729816139
    0.0964718163 0.41800186 0.651241243 0.720982552 0.430605263
    0.59948051 0.604860127 0.419414997 0.730172396 0.516191244
    0.852082133 0.37553665 0.478105992 0.150745988 0.128778279
    0.812239766 0.583127677 0.861539602 0.893483639 0.584851325
    0.998370111 0.975896001 0.12101981 0.291006655 0.580933154
    0.582872629 0.651062727 0.123625815 0.577308416 0.48731035
    0.100022644 0.0246985853 0.140097886 0.568459213 0.768077374
    0.651748896 0.0370917916 0.776942372 0.271676362 0.912671864
    0.305487722 0.471019 0.973472714 0.069643259 0.341052115 0.572272003
    0.212331474 0.233769655 0.402896166 0.310358107 0.84504199
    0.384605646 0.792217016 0.733262599 0.741855741 0.678675473
    0.657997966 0.254068732 0.375393122 0.848476052 0.109602273
    0.534601688 0.8182832 0.350702614 0.675852239 0.767620802
    0.918148756 0.160443693 0.521432281 0.751374841 0.703563213
    0.740761161 0.964719713 0.237104356 0.403017282 0.415264606
    0.970991611 0.427910089 0.8545416 0.733129978 0.761447787
    0.0359129012 0.962274551 0.116307318 0.646766901 0.101700008
    0.276280612 0.178392231 0.224996805 0.759513736 0.253218353
    0.0451964438 0.195195466 0.535579503 0.253762722 0.721010506
    0.959245324 0.451302826 0.703572929 0.085269928 0.89663744
    0.0205531418 0.416494042 0.156387061 0.682253242 0.943081975
    0.743343472 0.253510356 0.592003226 0.404147327 0.042739749
    0.568072498 0.182364255 0.809377849 0.732562244 0.614127576
    0.357648671 0.24708122 0.530977905 0.643578291 0.870137811
    0.535601258 0.860119522 0.779540896 0.293827534 0.767820835
    0.0900071263 0.6461882 0.656956315 0.354060858 0.775586486
    0.181071967 0.747234106 0.314404845 0.610272765 0.144606948
    0.206389368 0.827698886 0.246160775 0.377386451 0.188191712
    0.318723381 0.975141287 0.258258164 0.577713966 0.590593576
    0.951931715 0.916931391 0.198785633 0.614440858 0.799500048
    0.683150828 0.854893208 0.177709788 0.287937045 0.405443728
    0.642423749 0.914091408 0.381951809 0.101985604 0.782741606
    0.0894028842 0.806907117 0.286087751 0.523750424 0.66365689
    0.574587107 0.267804205 0.672151804 0.113978803 0.458768845
    0.997085869 0.562686563 0.0345359147 0.478472859 0.19336763
    0.357420295 0.01883623 0.782633841 0.00521409512 0.338013679
    0.685880184 0.608854353 0.0677564442 0.443276584 0.818596601
    0.413320988 0.529811502 0.483098716 0.0171810687 0.0726882517
    0.412278503 0.285145849 0.57490617 0.691529453 0.438914984
    0.229569793 0.519434392 0.258701921 0.644960761 0.468850911
    0.886004329 0.485962957 0.741348684 0.150259018 0.541656256
    0.75113833 0.802042007 0.0639784932 0.349929452 0.528244257
    0.503638029 0.284873784 0.135516822 0.886797786 0.216795862
    0.878859043 0.368214577 0.386497945 0.896615207 0.0744666159
    0.0504493713 0.414570719 0.287968665 0.293730021 0.572803676
    0.742174983 0.660984695 0.706312239 0.140260428 0.660821795
    0.568998933 0.976614356 0.264998198 0.0758164525 0.217501998
    0.499421299 0.137256324 0.590521395 0.0359205604 0.705946445
    0.649336934 0.451508015 0.145871192 0.454275966 0.788327813
    0.0679838955 0.569382191 0.772203326 0.698725939 0.227180302
    0.352856636 0.600014091 0.483467221 0.568514645 0.740399718
    0.234779179 0.843882918 0.115937471 0.111527026 0.482478142
    0.94433552 0.837477505 0.811179519 0.816668749 0.995466232
    0.433835626 0.219819099 0.305958033 0.64526093 0.758116961
    0.168186635 0.883052468 0.837010026 0.600966811 0.612843931
    0.901003242 0.390183657 0.40413779 0.138053179 0.276677549
    0.350896269 0.951625943 0.861353517 0.958912313 0.465387076
    0.424542189 0.633342326 0.896525383 0.570835114 0.740067661
    0.736243188 0.394940853 0.608737528 0.933467925 0.36909759
    0.219830811 0.321515381 0.982533097 0.288329661 0.708904147
    0.545062065 0.229320973 0.965152979 0.948383689 0.466727793
    0.251085162 0.439790249 0.880055845 0.544728279 0.992515087
    0.669543326 0.425031662 0.0421670973 0.239755094 0.39146933
    0.964759946 0.0903042853 0.574550092 0.889232576 0.63450551
    0.906487823 0.240399718 0.499948472 0.618394792 0.730053544
    0.742580473 0.635454416 0.484591901 0.298262656 0.82389462
    0.462426156 0.420727998 0.35038954 0.440419942 0.829968631
    0.181370884 0.0247350633 0.996152163 0.681878924 0.947639585
    0.823096275 0.945770025 0.940719366 0.100120723 0.0807135403
    0.248015553 0.534178436 0.649742424 0.802759886 0.600383282
    0.86212647 0.675963938 0.668272376 0.890947104 0.0176687539
    0.583330691 0.523725748 0.232798547 0.360690475 0.688890755
    0.820567727 0.612614155 0.261695206 0.725257635 0.513711214
    0.989083529 0.429494739 0.577920556 0.380084306 0.0930793583
    0.0608281791 0.419115096 0.286044002 0.887510061 0.238771141
    0.930128217 0.0627993941 0.230897158 0.617461741 0.73221904
    0.202484906 0.0907665193 0.618195236 0.530193686 0.630311072
    0.861383915 0.767100453 0.11436671 0.541338503 0.284023404
    0.958088219 0.396143258 0.881981552 0.729973555 0.95324719
    0.600841939 0.448734581 0.9751966 0.377059519 0.690394759
    0.0119387805 0.169995517 0.68763119 0.882773399 0.472221404
    0.0133491755 0.21376887 0.931133091 0.7747401 0.360479981
    0.553884864 0.873749554 0.222962677 0.359235644 0.289420426
    0.757883906 0.258402526 0.247292638 0.174744666 0.794327974
    0.918550134 0.804453492 0.192102998 0.573408663 0.803081453
    0.418390483 0.265922427 0.685790777 0.1597763 0.651325047
    0.725626051 0.942825913 0.435190439 0.621994495 0.967143178
    0.616723776 0.364558756 0.0111595392 0.184177935 0.0621329844
    0.22077772 0.811453223 0.245589167 0.830007195 0.225139499
    0.64421314 0.696931481 0.160193086 0.584944546 0.787054241
    0.161134601 0.780485928 0.450642616 0.509860098 0.474049956
    0.102175504 0.40836224 0.344600439 0.919224679 0.147014469
    0.703209519 0.0828197896 0.541714549 0.541238189 0.370944738
    0.328024209 0.924486637 0.520998955 0.466745526 0.497784644
    0.155262947 0.0861734152 0.680804491 0.585347891 0.0143993497
    0.268376887 0.904795647 0.076205492 0.742223501 0.0353665948
    0.308335513 0.143928409 0.968016863 0.878504038 0.628042758
    0.495968014 0.322324395 0.872050464 0.801531851 0.230480283
    0.826952338 0.925804734 0.724072337 0.221447855 0.911920428
    0.606116533 0.28629607 0.345003515 0.44141826 0.989938974
    0.0188194811 0.820338249 0.474406481 0.210762084 0.459849834
    0.322161734 0.79129833 0.371655941 0.571012497 0.828255534
    0.620463252 0.0738965273 0.0494858623 0.15295282 0.4963184
    0.166488439 0.327402711 0.827440679 0.102857411 0.172170937
    0.252188742 0.924831033 0.990494668 0.0607745349 0.202622294
    0.470594525 0.281074941 0.402645737 0.469260275 0.264503986
    0.538970232 0.702215731 0.750293255 0.137977004 0.867704451
    0.632465124 0.175237805 0.81837225 0.686453164 0.543468416
    0.633515239 0.645632148 0.339845181 0.983514369 0.413347185
    0.66219604 0.00759205222 0.0599581301 0.257837236 0.133589
    0.114242673 0.326630592 0.454795003 0.803495109 0.317772627
    0.659599304 0.152635664 0.975607276 0.296116769 0.299929619
    0.832507014 0.613460898 0.935793817 0.535798728 0.603769362
    0.00107720494 0.0483694375 0.286569357 0.887880564 0.686196625
    0.132412642 0.829636395 0.369215965 0.409700155 0.771922946
    0.170840919 0.0570933521 0.536391377 0.808320284 0.275863528
    0.340047359 0.410140216 0.113262922 0.61979419 0.0181498528
    0.985004663 0.573350668 0.292285383 0.374765635 0.588315427
    0.164177388 0.9404158 0.925375104 0.00264835358 0.891362071
    0.141417533 0.0793327987 0.549303412 0.692997098 0.524280131
    0.916586637 0.301178157 0.684306264 0.50009805 0.869766593
    0.0421951413 0.471986771 0.834387422 0.194836587 0.502320945
    0.361412346 0.449730664 0.837007642 0.886899173 0.892062068
    0.206059754 0.510371327 0.54965657 0.625984669 0.776616335
    0.590978026 0.404815108 0.962852776 0.520097673 0.286891878
    0.956102192 0.929574966 0.0961032212 0.210621148 0.0550192595
    0.936168849 0.59093684 0.889131308 0.662723601 0.233170986
    0.108016402 0.732234001 0.0982401967 0.698929012 0.889865518
    0.588396728 0.367905319 0.681013286 0.193136662 0.96412003
    0.187769681 0.0538368225 0.864789367 0.027644664 0.524913073
    0.742603898 0.169904798 0.754058599 0.840855002 0.861247957
    0.733438015 0.659622192 0.878950715 0.520549178 0.901994228
    0.0993111432 0.494466215 0.247728646 0.574089468 0.03189677
    0.402235657 0.977338016 0.0309132934 0.707010806 0.217878282
    0.665611804 0.772083819 0.88783896 0.207610846 0.717663169
    0.876504421 0.831392229 0.0668149889 0.589224339 0.836611569
    0.0795090795 0.516468108 0.317243338 0.409573704 0.396637857
    0.974751174 0.364297628 0.0881841183 0.377458006 0.102396309
    0.77993989 0.509882808 0.677961051 0.701826572 0.515181124
    0.362408638 0.482706577 0.406197697 0.485019833 0.998065352
    0.663583994 0.213664889 0.129620999 0.089641422 0.181491256
    0.436572433 0.215186328 0.757707119 0.672962606 0.12145865
    0.352871656 0.194102079 0.193065077 0.450832337 0.309097648
    0.24488464 0.832525492 0.862712622 0.517874002 0.820258737
    0.441343844 0.405514598 0.041407913 0.537608445 0.548733413
    0.169972301 0.342744559 0.984610915 0.578445435 0.360008359
    0.705382824 0.462307751 0.194941849 0.89640379 0.453535289
    0.894614697 0.29214114 0.939195991 0.844781816 0.470600605
    0.0995968878 0.0337786376 0.542758107 0.018342942 0.511114001
    0.192391992 0.831913471 0.983397126 0.517767251 0.599928796
    0.837488294 0.170566618 0.946114659 0.203462511 0.179725587
    0.955010056 0.59980458 0.373871863 0.0776659548 0.895515919
    0.134694725 0.841026187 0.504569769 0.239863276 0.242882758
    0.644428551 0.436686128 0.42548728 0.659468949 0.685129642
    0.504803717 0.636019826 0.453341216 0.0177226067 0.445436776
    0.831319451 0.14411211 0.229607821 0.355605721 0.395019472
    0.0136096179 0.92767334 0.316091567 0.514587283 0.521364629
    0.609583318 0.447398484 0.519337773 0.404444069 0.703881621
    0.0824541748 0.702553213 0.487179041 0.232926697 0.220350236
    0.789528251 0.181201518 0.656934738 0.600596905 0.439743966
    0.770694733 0.662372828 0.294870257 0.65115881 0.0414447188
    0.882524371 0.0196117163 0.423805654 0.969790697 0.93025744
    0.818171442 0.0241624415 0.538980126 0.905355334 0.0813760161
    0.459556639 0.40755856 0.413093567 0.241054982 0.28134197
    0.752465844 0.690606236 0.852120876 0.310208112 0.457314193
    0.32894367 0.0483089983 0.656206012 0.227804482 0.776588082
    0.0890424848 0.931392848 0.86764735 0.74005121 0.413886964
    0.251486659 0.711179197 0.285393953 0.461197048 0.945011199
    0.879384637 0.485251963 0.601714015 0.578701198 0.732825875
    0.214091063 0.572274148 0.21497345 0.961171269 0.239813775
    0.502638876 0.0680157542 0.637199104 0.167916745 0.428144991
    0.856007099 0.41429624 0.69684875 0.410288334 0.363256097
    0.254361719 0.465001047 0.824936032 0.903890014 0.99525404
    0.294344485 0.0329175591 0.371350348 0.0903874338 0.831997514
    0.462393522 0.714120448 0.41023016 0.535861075 0.237658471
    0.0290781856 0.18160665 0.801623225 0.0525167584 0.540888608
    0.844180822 0.815924108 0.121917069 0.791683674 0.00414708257
    0.966951013 0.496245444 0.49368161 0.525597274 0.877229333
    0.677619934 0.107679278 0.529174089 0.906863928 0.646057844
    0.481437832 0.919685125 0.207764924 0.777099669 0.896301746
    0.0235063434 0.040510267 0.629386544 0.754280806 0.933109283
    0.578967988 0.152317375 0.505201578 0.609946549 0.580654502
    0.128293425 0.0569172204 0.337264836 0.979972363 0.422493756
    0.239566088 0.241537422 0.922834158 0.227386504 0.403156638
    0.489284366 0.386294842 0.753670514 0.894089639 0.550168216
    0.105333924 0.0653254688 0.386459142 0.0782868862 0.333124876
    0.101892203 0.102472633 0.630775928 0.0338896513 0.493978351
    0.598205864 0.483366579 0.759656608 0.895075858 0.365841925
    0.631281197 0.871852398 0.0958469808 0.911540926 0.319949478
    0.39726761 0.928496063 0.138552576 0.948353827 0.615738928
    0.350511372 0.310784966 0.443171322 0.117006034 0.600415349
    0.103111714 0.206526905 0.440751076 0.470495999 0.193371981
    0.364949763 0.0426235199 0.306701601 0.499469519 0.47627458
    0.572715044 0.0953360796 0.608605504 0.351353407 0.342359245
    0.427347183 0.955829561 0.67341131 0.405565679 0.766063809
    0.754078686 0.861166477 0.445845872 0.875262856 0.804947138
    0.0573865175 0.421615958 0.684217513 0.717107534 0.86435914
    0.633870244 0.906634688 0.765050709 0.814820409 0.932713032
    0.170189857 0.564071119 0.487049609 0.727282166 0.941751957
    0.0905160606 0.929290175 0.468739301 0.189649224 0.788719475
    0.942063332 0.972214699 0.0618675351 0.216335922 0.103413552
    0.19015184 0.119735986 0.395305783 0.0644892752 0.259841889
    0.0774044096 0.809822917 0.403543532 0.350102335 0.127914727
    0.400645643 0.868854642 0.165812999 0.648151994 0.241515189
    0.296173096 0.968437195 0.409572661 0.814820349 0.884817362
    0.499348342 0.384777695 0.107493341 0.264131397 0.317998886
    0.924557209 0.010671407 0.692466915 0.524166942 0.108585894
    0.424291909 0.775122046 0.612458885 0.118511885 0.349293441
    0.605186641 0.706219435 0.536940455 0.52681911 0.998006463
    0.223160535 0.585443854 0.213274032 0.232867569 0.208814353
    0.902364016 0.790819645 0.415465683 0.308625042 0.647984326
    0.469549388 0.600481927 0.445688874 0.794385254 0.588578582
    0.8708179 0.134780973 0.253543943 0.951227188 0.174604982
    0.759129643 0.216662794 0.21923247 0.893404007 0.0722475052
    0.832904935 0.0150941014 0.106730342 0.739765763 0.228940427
    0.40956682 0.0746932328 0.911665916 0.830546141 0.621629953
    0.0308396518 0.416523933 0.855727911 0.166455895 0.999092042
    0.714270532 0.644246578 0.924886703 0.778453946 0.426814526
    0.261926055 0.70014745 0.952706337 0.232422173 0.243503064
    0.737312078 0.0941441655 0.897570133 0.486428797 0.786710382
    0.361342877 0.598165333 0.891854525 0.608152986 0.907828987
    0.758556843 0.324830204 0.987894356 0.221091509 0.771950245
    0.995338559 0.996361434 0.752814293 0.79242456 0.254152179
    0.820258677 0.544326961 0.476513058 0.0723719895 0.248114765
    0.662552238 0.140296996 0.190255135 0.950745225 0.404103249
    0.499392956 0.0679056942 0.280067474 0.110805422 0.345225692
    0.129240572 0.577697277 0.712133408 0.812457204 0.264326751
    0.40509212 0.570534766 0.341165125 0.48338905 0.370943844
    0.197130173 0.711648583 0.942766666 0.846722364 0.657430291
    0.320180804 0.0458280742 0.586201906 0.810729742 0.0813552737
    0.140702695 0.37582323 0.607392848 0.794810772 0.73368907
    0.203818679 0.930216551 0.588460207 0.32097429 0.915227294
    0.737974703 0.215182424 0.952320158 0.768490672 0.248595953
    0.253150135 0.0447357297 0.395112395 0.274721831 0.492188305
    0.971380711 0.895334959 0.36218074 0.437255889 0.402002394
    0.823296368 0.778609395 0.715987563 0.18736884 0.973316848
    0.461681575 0.0913795233 0.968473077 0.538376391 0.0443503559
    0.659993529 0.938412428 0.822548032 0.891638219 0.786800861
    0.0681871772 0.328134269 0.682721317 0.249267399 0.712467074
    0.104720354 0.710966349 0.673860669 0.346482217 0.281451374
    0.939271688 0.0181741714 0.286683023 0.0735564232 0.921491504
    0.516360283 0.976085544 0.944547176 0.588315606 0.0638394356
    0.964146018 0.442112267 0.124513716 0.0643263757 0.718840241
    0.562897682 0.599141896 0.849742532 0.169026017 0.111101776
    0.0266107321 0.834967017 0.288602859 0.642862439 0.355036497
    0.41126287 0.374995172 0.745222151 0.929933369 0.951582491
    0.921506763 0.516413271 0.638666391 0.77706337 0.429878056
    0.0825840235 0.328790694 0.176498234 0.654392719 0.224631667
    0.607059836 0.766447783 0.503852129 0.487607539 0.799799442
    0.797382236 0.329303324 0.973538399 0.794895351 0.132023096
    0.681836426 0.962349892 0.382236987 0.177468985 0.415350288
    0.320351124 0.612811387 0.590659082 0.496832639 0.196461618
    0.570618689 0.248498261 0.570509255 0.63834697 0.364742458
    0.514694989 0.416010857 0.427242339 0.398599118 0.885534763
    0.390235364 0.702589035 0.475761086 0.138760388 0.298183143
    0.152560323 0.530659556 0.76202035 0.150514215 0.288688242
    0.885898232 0.204344571 0.211908191 0.23977524 0.00361856818
    0.0706027448 0.403875351 0.805180788 0.0293766856 0.40383485
    0.337267578 0.313872099 0.577114642 0.223525763 0.43862921
    0.87665844 0.128442764 0.415372103 0.654632628 0.977415681
    0.239384264 0.582504451 0.834365964 0.221446127 0.596067667
    0.552357674 0.330485642 0.438018739 0.829286933 0.469119221
    0.0218972862 0.892260313 0.778235316 0.573168755 0.159826368
    0.469051749 0.145121604 0.530000508 0.533789814 0.777064085
    0.332391083 0.879499197 0.0604737699 0.498632044 0.901868224
    0.921050549 0.809258342 0.275470495 0.571908951 0.0763996243
    0.0524926186 0.67807883 0.826524973 0.551723659 0.779939055
    0.262479395 0.986777484 0.0549160242 0.927200198 0.413015962
    0.818204165 0.427428126 0.726042032 0.457940131 0.894503713
    0.679256916 0.0094358027 0.543080807 0.464787185 0.332896292
    0.157244414 0.0615076721 0.298414677 0.232916653 0.467279315
    0.372823417 0.579802573 0.365094364 0.408492118 0.493504345
    0.27531153 0.843374312 0.367674112 0.527167797 0.624410331
    0.824735045 0.524863183 0.119453341 0.365152061 0.218396008
    0.242153287 0.160822481 0.668680787 0.467161894 0.678493857
    0.0610896349 0.379198641 0.671969652 0.0883170366 0.897456527
    0.514094174 0.864557862 0.194892049 0.899051547 0.471781194
    0.192578524 0.00662413239 0.444020689 0.918943048 0.128929913
    0.0402484536 0.491532892 0.472140551 0.243012488 0.448769957
    0.279590547 0.632392764 0.467414439 0.413103491 0.921004891
    0.0392946303 0.111896753 0.939035714 0.433611274 0.786328554
    0.362687647 0.332251072 0.492215723 0.52977246 0.650896609
    0.449999213 0.398404807 0.62523222 0.68716222 0.138067693
    0.720473647 0.00290212035 0.506079912 0.928239405 0.572560787
    0.881372213 0.451111495 0.178174525 0.624385893 0.849814296
    0.941148639 0.259372771 0.999880314 0.106170356 0.477023423
    0.399609745 0.746905863 0.967779517 0.649656832 0.572318316
    0.961882889 0.107425243 0.845573664 0.369206637 0.218064368
    0.422642887 0.248615056 0.245552272 0.562497437 0.748722911
    0.513206303 0.276956826 0.262101829 0.77148807 0.80470705
    0.419582516 0.0889343023 0.242750376 0.993402839 0.234023303
    0.51214081 0.0746576786 0.797960401 0.792643785 0.0159403682
    0.956006408 0.584619045 0.236633927 0.995264113 0.124465764
    0.734307051 0.419234812 0.161518514 0.700298369 0.0340439379
    0.608649373 0.346807897 0.890823305 0.0710378587 0.0839617848
    0.64282304 0.58122611 0.902443707 0.139227867 0.921960056
    0.883554339 0.703932285 0.553028047 0.069780618 0.539652109
    0.812041938 0.577691853 0.965340376 0.116272897 0.840236485
    0.630723596 0.535184085 0.910671115 0.747535467 0.243057996
    0.943913519 0.744511783 0.133963734 0.460966229 0.282381594
    0.783053637 0.230064541 0.127120346 0.419904768 0.652538776
    0.596413016 0.779941142 0.339389801 0.499991655 0.680226088
    0.199763626 0.147086173 0.72423172 0.778644919 0.0404009521
    0.528030276 0.48201555 0.927677989 0.360052288 0.347870827
    0.945518017 0.639710069 0.573098779 0.423439354 0.669168115
    0.652165532 0.0276593268 0.925386071 0.894836426 0.295754701
    0.992488146 0.783209801 0.0992560089 0.859492719 0.815798163
    0.556466818 0.00663816929 0.896547198 0.583187819 0.95840162
    0.654393613 0.973483443 0.424018055 0.478003561 0.113919646
    0.0400498211 0.39399302 0.490507782 0.655710816 0.73157531
    0.167842358 0.962907374 0.82256937 0.978589237 0.707725883
    0.928183615 0.466097385 0.436904371 0.252484202 0.529082119
    0.689993024 0.151139647 0.882174492 0.170693755 0.492230505
    0.779139102 0.76943326 0.0676520765 0.438376695 0.778684378
    0.919284523 0.375318706 0.659571409 0.11867103 0.681267858
    0.562440932 0.952536404 0.902578592 0.769434571 0.239650786
    0.696506083 0.609902859 0.480365962 0.447448641 0.421169639
    0.419772089 0.25422132 0.709599018 0.610164404 0.257534772
    0.044986546 0.77330029 0.140287042 0.767259002 0.285243392
    0.155614614 0.899447203 0.0617344081 0.119412303 0.0463525653
    0.403392553 0.909561753 0.65568924 0.656355381 0.344451666
    0.441875964 0.559250772 0.165132612 0.421759695 0.978257179
    0.18500039 0.879229903 0.781396151 0.594975412 0.948328912
    0.710210264 0.77500844 0.493065357 0.626476586 0.449122578
    0.846483469 0.839264154 0.313093603 0.639868796 0.843986988
    0.12451604 0.715612888 0.501274467 0.663355827 0.175324142
    0.928747892 0.210400999 0.786412835 0.748858452 0.9334445
    0.922342777 0.824028611 0.441308945 0.982220709 0.555453956
    0.677396536 0.737945259 0.425438225 0.202332914 0.280148804
    0.127753109 0.558936238 0.49538514 0.593235791 0.558296978
    0.686337531 0.877736866 0.73754102 0.970490515 0.760079503
    0.943654299 0.804219306 0.948568821 0.0049598515 0.158243716
    0.20615679 0.080688864 0.569839418 0.648079395 0.681721687
    0.548002243 0.971219897 0.0317232907 0.557712793 0.119286507
    0.381657183 0.873475909 0.636665106 0.898355842 0.275631011
    0.276785374 0.160764933 0.943165064 0.123753697 0.218151152
    0.636220276 0.419299901 0.755856574 0.569691122 0.22869119
    0.552033603 0.564336538 0.0795186758 0.781723738 0.169179708
    0.0705888569 0.417555988 0.960947275 0.335817605 0.915863395
    0.282080144 0.385350078 0.374749541 0.00558209419 0.897804737
    0.427269518 0.532072961 0.876646042 0.354498118 0.872897089
    0.357425272 0.352802277 0.577475011 0.430312932 0.597905338
    0.360783249 0.440070927 0.775185227 0.0843494236 0.532360256
    0.0606130362 0.720623851 0.190460861 0.518386483 0.593342483
    0.702642918 0.807763577 0.415023685 0.14986372 0.625220835
    0.512317836 0.0540733337 0.615449488 0.689637363 0.62798363
    0.599181652 0.0943171084 0.704907298 0.38227275 0.582986176
    0.843050957 0.771147966 0.25824222 0.236417979 0.787675202
    0.0984869003 0.92409265 0.295139998 0.894801497 0.0665982664
    0.781679869 0.43487078 0.984921753 0.13698858 0.942946196
    0.289605737 0.0691957176 0.68742013 0.561598957 0.0215443373
    0.517922938 0.89256084 0.709755182 0.253005475 0.373647928
    0.825960875 0.557714999 0.145043641 0.688785315 0.082790792
    0.369403362 0.578108191 0.662450612 0.509816527 0.616976678
    0.628748119 0.885390401 0.0326466262 0.518693089 0.843701124
    0.589115322 0.357762635 0.793600082 0.404744625 0.488265365
    0.00155815482 0.6165694 0.948319554 0.884782135 0.292266309
    0.898754478 0.165269792 0.100340068 0.698054612 0.648847222
    0.36438334 0.191484302 0.612104297 0.427469909 0.431043267
    0.506171525 0.517236233 0.103380203 0.372924089 0.278293759
    0.844893157 0.265608549 0.365043372 0.278432012 0.824527264
    0.188528359 0.0730905831 0.912626386 0.0349055827 0.19060269
    0.11829561 0.111248344 0.0520114303 0.494152427 0.927779317
    0.780781865 0.734424949 0.273208618 0.567114592 0.876568854
    0.0395362377 0.674303234 0.679737449 0.562513888 0.263796717
    0.397457361 0.519465506 0.366466284 0.596623063 0.906343699
    0.49886319 0.538501859 0.859316587 0.176059008 0.263025731
    0.0997184813 0.310014188 0.0251437128 0.00270789862 0.436319023
    0.623184204 0.982333302 0.761766195 0.463816613 0.186971545
    0.286929727 0.862217546 0.744677186 0.0333847106 0.260554016
    0.942845821 0.687599897 0.821309149 0.329945415 0.350853711
    0.790043592 0.0942800045 0.20880416 0.365622818 0.950297236
    0.993183255 0.986378431 0.0509150028 0.681714892 0.955270767
    0.621514738 0.957350254 0.522008121 0.850377858 0.220707089
    0.920344889 0.696303785 0.0198596418 0.306827247 0.154115021
    0.0656436682 0.878530741 0.655748367 0.619126678 0.674753368
    0.941833317 0.0829258561 0.29530102 0.439501226 0.890771985
    0.791351557 0.879528761 0.286648214 0.0356492698 0.0725427568
    0.0264650285 0.829396009 0.368813306 0.561368465 0.162948251
    0.624979377 0.147516638 0.277067363 0.303543329 0.307098567
    0.195238918 0.264623702 0.437075377 0.0737017989 0.823760271
    0.141736239 0.382159114 0.493476868 0.921522021 0.939569354
    0.303200841 0.753821611 0.215549052 0.896321297 0.332667738
    0.921152532 0.0338622332 0.361801803 0.120855719 0.280631602
    0.105214536 0.610945106 0.0146147609 0.772817492 0.752203584
    0.585551858 0.450399607 0.743865967 0.883197904 0.576981544
    0.0258031189 0.151270092 0.151181519 0.0613276362 0.643997431
    0.272675335 0.91486311 0.367881894 0.3537274 0.240335703 0.884779572
    0.0838468075 0.133717746 0.620834112 0.0906747878 0.14086163
    0.924995065 0.954288006 0.502166569 0.375708342 0.123965234
    0.0827893317 0.87783277 0.910718322 0.219902039 0.369271934
    0.952760816 0.128985852 0.298221081 0.773925543 0.459120065
    0.528847396 0.667929292 0.598672926 0.431658447 0.0213490427
    0.173475653 0.364317894 0.796350718 0.768623471 0.128614813
    0.930827379 0.391846955 0.550150752 0.466393083 0.710433841
    0.25492394 0.457307607 0.217812836 0.613115251 0.292811811
    0.322288394 0.244781494 0.064098388 0.776085377 0.413354903
    0.375145525 0.421626329 0.46929431 0.875321507 0.895599127
    0.144775689 0.818799257 0.287579417 0.974030972 0.875033855
    0.503382087 0.887958169 0.27810964 0.21870929 0.751813531
    0.657420337 0.514055371 0.0472813547 0.756023586 0.363450497
    0.152556479 0.290319413 0.180496842 0.803900838 0.985313833
    0.936815083 0.783172429 0.0122737288 0.0697473288 0.878645897
    0.210212231 0.0271421075 0.996238708 0.907135129 0.279618859
    0.11453107 0.444969296 0.0522985458 0.0180853903 0.256914973
    0.598514915 0.145797282 0.293460071 0.941865325 0.887689948
    0.540196598 0.0196353495 0.35872978 0.063246727 0.831609964
    0.538867533 0.0837012231 0.537958443 0.253562093 0.708292603
    0.753955066 0.454141647 0.945296288 0.256608814 0.0993654728
    0.318957061 0.199647874 0.918298125 0.201235473 0.491385221
    0.914403617 0.433230102 0.0245201886 0.502014518 0.742979407
    0.542843401 0.874020576 0.769208789 0.529947221 0.718904734
    0.40618065 0.353286803 0.980229139 0.394773424 0.929976463
    0.113993734 0.97742784 0.683443725 0.487694949 0.147201002
    0.0137432218 0.510858715 0.302185178 0.758465052 0.450819284
    0.327056706 0.818233848 0.771808505 0.556473017 0.596437216
    0.482271105 0.17768237 0.876232743 0.114664972 0.752597213
    0.552482247 0.552695215 0.477814794 0.709043145 0.870377183
    0.400579929 0.0882149339 0.305281341 0.280103683 0.637874961
    0.695751727 0.398464292 0.850832105 0.461745113 0.130809605
    0.491067797 0.558973849 0.297075182 0.349479169 0.618245006
    0.626073897 0.114753574 0.999423027 0.49070856 0.358697295
    0.603627264 0.965062141 0.260875285 0.891986847 0.390732318
    0.295612216 0.359712273 0.937969863 0.458162695 0.081584394
    0.650864482 0.797233462 0.0444230735 0.23200053 0.957276344
    0.291821241 0.923077703 0.779395461 0.257323802 0.47887218
    0.844535589 0.984401226 0.410054147 0.953602612 0.214601368
    0.627335787 0.101182759 0.298611403 0.431683332 0.832902431
    0.629122376 0.93016237 0.014143914 0.492334753 0.688415885
    0.579616606 0.110681266 0.329468846 0.0876526237 0.663515866
    0.560608029 0.0772698224 0.43409428 0.476732582 0.560789287
    0.500787139 0.397845298 0.223632365 0.288635194 0.465915412
    0.332335591 0.8475734 0.0993178785 0.995759904 0.690547705
    0.516011417 0.944227517 0.907636523 0.173674285 0.520065427
    0.901771605 0.115935832 0.117599368 0.552585483 0.337157696
    0.967412472 0.527879 0.748906493 0.0719813704 0.226122081
    0.978501916 0.357782513 0.0812296867 0.359866172 0.712323546
    0.00615501404 0.324554145 0.989348352 0.509683609 0.564256549
    0.146262884 0.730595946 0.730196953 0.679780841 0.450506926
    0.980425835 0.226051241 0.186589748 0.38614729 0.180937886
    0.231470704 0.612969697 0.92860949 0.753956199 0.860144913
    0.168171138 0.394055665 0.118778169 0.0388095975 0.721764445
    0.403858423 0.87655431 0.253632605 0.893411994 0.349911779
    0.404215932 0.618930936 0.631243348 0.888123631 0.908238053
    0.132288158 0.103010893 0.0209596753 0.285158455 0.684351265
    0.120813698 0.183326185 0.318794757 0.234439909 0.552770495
    0.711443543 0.735861778 0.884442985 0.366066724 0.49204734
    0.50316155 0.288681984 0.712533951 0.650881946 0.77964139
    0.250071287 0.588409364 0.635418475 0.388681501 0.885107219
    0.188396811 0.454360515 0.996644616 0.38542977 0.146465361
    0.640303969 0.295516521 0.13385427 0.753289342 0.394560516
    0.203068644 0.198044658 0.729542792 0.694846034 0.921254873
    0.461566269 0.350579381 0.525797844 0.474929839 0.836846352
    0.590136707 0.067553252 0.644627512 0.89250648 0.658842742
    0.49606815 0.238354266 0.771791995 0.653179705 0.733334124
    0.974582791 0.210775346 0.0975500047 0.324768901 0.259902149
    0.658422828 0.536584854 0.841275692 0.0947971046 0.44755283
    0.498699874 0.0503413379 0.0123408735 0.345332712 0.697319508
    0.472526222 0.17749235 0.623282015 0.505335987 0.718675673
    0.535605311 0.246218175 0.568003535 0.0824317038 0.88993907
    0.562040567 0.388678342 0.479576498 0.431265831 0.295340568
    0.577995002 0.509931087 0.222515315 0.970086813 0.0175635219
    0.333144963 0.789377093 0.268863142 0.919111133 0.74549669
    0.805582762 0.355283767 0.120983392 0.282758445 0.995662689
    0.331568301 0.577152073 0.523289621 0.590782404 0.85277164
    0.259596348 0.650124848 0.837512851 0.448475182 0.296780527
    0.0847096443 0.258412063 0.637929022 0.0101589561 0.541309297
    0.551038682 0.910632908 0.959281743 0.380733937 0.411578208
    0.0807749331 0.796471596 0.728054643 0.655739307 0.442240536
    0.823415458 0.470450193 0.792835712 0.989678264 0.72581023
    0.973930597 0.757189929 0.969385743 0.0866391659 0.439179152
    0.968977392 0.104192585 0.269658566 0.87873137 0.108868867
    0.424109995 0.933625817 0.0626623333 0.989135981 0.974655628
    0.938579798 0.670964479 0.534080982 0.951214969 0.078633517
    0.614811659 0.546284974 0.341352701 0.856402338 0.44025743 0.6496768
    0.343548954 0.607597589 0.678245485 0.487944126 0.0716888011
    0.14984408 0.188967913 0.624591827 0.640270293 0.804463863
    0.243769735 0.408424437 0.464012682 0.824723065 0.44997853
    0.405113906 0.0388679206 0.00700774789 0.0628916621 0.871149182
    0.14786163 0.047670722 0.183188617 0.349642277 0.775301397
    0.823004067 0.371710151 0.645725191 0.200972885 0.0689417124
    0.917432666 0.639067054 0.562514424 0.541647553 0.69909215
    0.649908483 0.306926191 0.246241301 0.265562356 0.647741437
    0.982643962 0.601484358 0.251743495 0.305416048 0.113412857
    0.278353214 0.122281224 0.587637901 0.821654558 0.197977006
    0.692771554 0.368867725 0.734477878 0.387591779 0.508102179
    0.342060387 0.72331959 0.534471154 0.00712555647 0.510075331
    0.0559839308 0.799773514 0.244038641 0.837742329 0.786712408
    0.843366623 0.131855905 0.954647422 0.996960938 0.367703021
    0.370835692 0.591753304 0.885669649 0.513902426 0.551549792
    0.51859647 0.891063213 0.183395058 0.626163661 0.859364033
    0.296724916 0.166897804 0.230519176 0.894240499 0.459819227
    0.474395424 0.322112203 0.346500993 0.967537642 0.569937348
    0.808223784 0.618985832 0.734747648 0.531807005 0.666953146
    0.843550265 0.859680414 0.668215036 0.936359525 0.063206166
    0.594407916 0.652923107 0.107134908 0.612258196 0.934242606
    0.19276458 0.291413754 0.428362846 0.669755518 0.98758167
    0.650869668 0.733569801 0.55080837 0.288245082 0.907187819
    0.321770072 0.998873949 0.573478758 0.711634874 0.0833596885
    0.535361528 0.500534952 0.637448013 0.587680221 0.664501309
    0.637833357 0.119778991 0.355282187 0.712719321 0.312668204
    0.633725524 0.793116391 0.270540953 0.0281426609 0.233242691
    0.362762302 0.525454581 0.0109292567 0.595947742 0.0189490616
    0.731474638 0.706297874 0.629338562 0.0509651303 0.751624823
    0.0909048915 0.449491411 0.567226589 0.597401321 0.234488517
    0.836306214 0.194040626 0.0776440203 0.0264620185 0.452090979
    0.847218275 0.921821356 0.881212354 0.507307172 0.299316019
    0.613735914 0.25773257 0.332521617 0.479356438 0.432589799
    0.675347805 0.216789067 0.689776421 0.0848107636 0.427451283
    0.269284964 0.62556076 0.9957968 0.226066262 0.446532726 0.655018389
    0.626769185 0.61375761 0.854891181 0.480537415 0.828519225
    0.480852932 0.287854671 0.81417501 0.464627683 0.187256187
    0.301273048 0.555173159 0.0036483109 0.990557551 0.602038801
    0.692124426 0.330543339 0.285443068 0.175806463 0.422592282
    0.112151712 0.987394691 0.799335361 0.430435687 0.754807115
    0.0328045189 0.630730331 0.731564581 0.543106019 0.934234858
    0.145701349 0.462881774 0.515999258 0.242325634 0.640767694
    0.815676212 0.104658991 0.628524363 0.637949586 0.00609177351
    0.664026678 0.185535401 0.320289493 0.184724182 0.99319154
    0.688690901 0.881352544 0.284723461 0.92160511 0.596968174
    0.292076319 0.470342875 0.890808046 0.437895685 0.101340145
    0.88687408 0.181247741 0.254176408 0.726259112 0.217967868
    0.560660541 0.789196432 0.241098821 0.759508014 0.924718618
    0.586326122 0.0640951395 0.399501175 0.515065312 0.0912490785
    0.501500905 0.799346507 0.28966406 0.23968333 0.424243748
    0.352244347 0.600870013 0.123809487 0.94729805 0.0775045753
    0.152647465 0.497488886 0.841158271 0.180246413 0.0554083884
    0.183755994 0.429949701 0.372678816 0.338480204 0.804024875
    0.401108474 0.328466535 0.857489109 0.340884656 0.202911198
    0.370689094 0.417922616 0.999564886 0.449913263 0.478841543
    0.518074453 0.233026236 0.993533671 0.290863961 0.570555329
    0.0753972232 0.984944344 0.538499057 0.447642952 0.00417837501
    0.503469229 0.346766502 0.432835162 0.449890614 0.777485609
    0.855772257 0.401470721 0.86471802 0.707725942 0.366858006
    0.31022954 0.758469462 0.56940794 0.136582792 0.875020623
    0.873737812 0.38946259 0.582943559 0.658386946 0.155715317
    0.227823377 0.176372081 0.680265367 0.238645762 0.0435271263
    0.876845121 0.303957283 0.715847254 0.471991688 0.674122572
    0.331224561 0.266275764 0.857745767 0.136454225 0.372874856
    0.00264719129 0.646423936 0.277181298 0.234981328 0.632127345
    0.321762979 0.178307235 0.396399647 0.985261261 0.821631074
    0.751986086 0.454140812 0.506532371 0.418300509 0.277887166
    0.0326476991 0.0217469633 0.31277746 0.551703393 0.886752486
    0.983691633 0.474279374 0.532607257 0.881115079 0.945722938
    0.0559472442 0.18610096 0.826182246 0.766708732 0.24635604
    0.441161811 0.0294894576 0.277172983 0.824627042 0.53061384
    0.559288085 0.921452641 0.00519010425 0.901810348 0.559212506
    0.652757585 0.595145464 0.179988742 0.0881339312 0.38424176
    0.97433424 0.0533785224 0.065494895 0.334890187 0.740216851
    0.202108026 0.795816779 0.780021966 0.0132118464 0.484648228
    0.166081011 0.419999063 0.916851401 0.0323676169 0.538634062
    0.74617672 0.907444715 0.764880776 0.230297267 0.519026875
    0.960294604 0.245341986 0.125595987 0.365008175 0.779177308
    0.266659349 0.148237109 0.765781879 0.176296204 0.790834904
    0.195115417 0.543471694 0.742375553 0.522427678 0.105303943
    0.00927013159 0.07200104 0.795231521 0.630668283 0.501486003
    0.273114234 0.319999218 0.254440248 0.882855892 0.710478187
    0.481190145 0.635090828 0.441804677 0.887245774 0.145333648
    0.0337955654 0.633707285 0.390172124 0.0227314234 0.318414927
    0.0343647897 0.669900715 0.347921252 0.328111917 0.16335541
    0.453196168 0.919834733 0.613620579 0.504259765 0.767666221
    0.884317815 0.729307055 0.596167564 0.307982326 0.231974661
    0.993893445 0.377842426 0.151837677 0.918509722 0.213736415
    0.56401968 0.422232538 0.0701711774 0.843022585 0.294770777
    0.15035817 0.848717093 0.355943501 0.989691198 0.217461854
    0.350463688 0.899825811 0.587193012 0.72406286 0.58580184
    0.0593680739 0.744023085 0.825301647 0.680496991 0.152338684
    0.667521715 0.380681187 0.0588240325 0.197006792 0.351225376
    0.539995968 0.487730771 0.301870942 0.845177054 0.235913604
    0.0637145638 0.345589221 0.495470405 0.344326913 0.742501736
    0.42018199 0.195764422 0.929892778 0.677315116 0.358521581
    0.876761079 0.452788591 0.672578096 0.620992541 0.626753688
    0.0527248085 0.0307931006 0.513647556 0.144087046 0.926134467
    0.293076664 0.465487182 0.874340773 0.551521301 0.390479058
    0.588459909 0.466036975 0.00708559155 0.971009612 0.538250029
    0.393487871 0.551147819 0.582883716 0.495674133 0.432632267
    0.77726686 0.706855118 0.0157617927 0.898258805 0.2678141
    0.994926453 0.292875111 0.708241343 0.577925861 0.204710454
    0.19974044 0.126711994 0.10944137 0.151875556 0.223172158
    0.0499080122 0.869032443 0.944114745 0.35607636 0.993001699
    0.265990913 0.924807549 0.534363627 0.854928017 0.115914077
    0.242119759 0.540052533 0.117447555 0.525989473 0.753733873
    0.624637961 0.742661119 0.423622668 0.948992789 0.944200635
    0.865638852 0.995278895 0.62631458 0.582436144 0.240972489
    0.607533574 0.503634691 0.855938315 0.20293954 0.150061518
    0.609443367 0.349488854 0.126010239 0.714192331 0.634389281
    0.448147535 0.407649696 0.686527491 0.329864293 0.138278425
    0.87353766 0.731026471 0.641184747 0.388517559 0.884190083
    0.25967285 0.542799354 0.942758679 0.81142354 0.796525657
    0.860196233 0.881184161 0.206596702 0.0794432759 0.307386875
    0.520679772 0.667187333 0.887322903 0.402659476 0.552049637
    0.887869716 0.21665132 0.65050298 0.722904861 0.36027658
    0.00591415167 0.926307321 0.671738744 0.971924067 0.905880213
    0.54514426 0.23364526 0.519824207 0.141551614 0.526056409
    0.682731867 0.236324281 0.751655936 0.220286548 0.758928895
    0.204968125 0.135592282 0.608974159 0.0357466936 0.246838897
    0.369522333 0.501791179 0.576942146 0.260273337 0.0143003464
    0.892609417 0.479015619 0.866356492 0.0727027953 0.65135026
    0.255623221 0.847234368 0.131070048 0.957147598 0.00649812818
    0.807767868 0.266025424 0.500131369 0.477645278 0.711809576
    0.509940207 0.780927718 0.37134099 0.853588998 0.546553135
    0.427178651 0.807867885 0.365075856 0.263784289 0.972703576
    0.0164631605 0.480095387 0.08121562 0.256350428 0.137521267
    0.263717413 0.273046464 0.531633794 0.67653054 0.47627607
    0.782456517 0.613383174 0.340154737 0.159843206 0.827435613
    0.227728516 0.00670948625 0.411811292 0.914728105 0.469583482
    0.367389649 0.13688466 0.280794829 0.337036252 0.693926334
    0.233594179 0.740525484 0.991750479 0.941623986 0.165075749
    0.729497671 0.0462228954 0.722739577 0.562072217 0.21825102
    0.378295779 0.865421116 0.00880676508 0.655547678 0.388640225
    0.22687605 0.45744282 0.9114272 0.603713274 0.794352174 0.0478483737
    0.374079823 0.286073148 0.0774201155 0.593308032 0.400286406
    0.915510774 0.851402342 0.286373466 0.188090533 0.980934262
    0.793670118 0.555210769 0.993080854 0.548363864 0.554381192
    0.986299515 0.52321291 0.412800133 0.000282287598 0.828962564
    0.18406862 0.475117505 0.727643728 0.388434112 0.228226364
    0.550735891 0.712569475 0.62830615 0.229526609 0.0104643703
    0.539342523 0.693659902 0.455214202 0.474288404 0.65208149
    0.112694293 0.944626153 0.950785041 0.200632989 0.247365654
    0.222828597 0.975760758 0.0674352646 0.702846467 0.237477899
    0.193560839 0.825401664 0.871435523 0.110328704 0.0297436416
    0.565576553 0.196328312 0.353966504 0.0963653326 0.646028519
    0.362371743 0.615330458 0.947444797 0.341267884 0.0529575646
    0.682296038 0.321658075 0.107102036 0.193131328 0.215325475
    0.797026157 0.176784664 0.00439634919 0.308883309 0.816850305
    0.649203062 0.986060977 0.604565561 0.916562915 0.49914512
    0.416405827 0.136188865 0.668156147 0.115878254 0.129288077
    0.239539891 0.256627172 0.677310944 0.647845328 0.534756184
    0.526643157 0.0337419808 0.253855467 0.595874429 0.154652297
    0.164918661 0.313288808 0.437966645 0.191887379 0.688751638
    0.0187627077 0.38171351 0.642225981 0.732814014 0.758705854
    0.317608893 0.295246035 0.433192849 0.610442996 0.629557133
    0.714779973 0.0810233355 0.468712777 0.969545186 0.271981418
    0.977597594 0.98196882 0.15048933 0.974820852 0.911590695
    0.0422478616 0.367055029 0.032271266 0.813292682 0.311474919
    0.436900437 0.732337058 0.164761186 0.973036408 0.245077521
    0.273790359 0.11340341 0.121425807 0.561617851 0.538837254
    0.735734463 0.588590145 0.422676176 0.866346717 0.805866957
    0.875930786 0.633619905 0.614940226 0.746421218 0.749195337
    0.602198482 0.431053489 0.352507889 0.151904762 0.785979211
    0.484464675 0.32376951 0.436308622 0.241596192 0.919004679
    0.860647261 0.111925632 0.336728036 0.863398671 0.9649086
    0.353283465 0.987934232 0.0781022608 0.170646787 0.147556067
    0.143321484 0.150579214 0.975153863 0.370136529 0.804838538
    0.671567321 0.891661525 0.300516546 0.363471389 0.709031463
    0.32244271 0.93858099 0.414560795 0.711666584 0.227797955
    0.505645812 0.866299868 0.599260032 0.564556897 0.367457449
    0.243692398 0.474278033 0.0325938165 0.255502164 0.846054018
    0.203484029 0.982227504 0.247633576 0.147441715 0.308312654
    0.631219268 0.827718377 0.93044883 0.772234142 0.573430002
    0.00955814123 0.347491562 0.399401724 0.961818099 0.369855553
    0.218702614 0.806196928 0.383336008 0.612012446 0.87189436
    0.333163619 0.483587801 0.155361801 0.573828936 0.26667577
    0.651471496 0.827957511 0.463678807 0.544878721 0.660805941
    0.707438231 0.951002121 0.778865218 0.0448655486 0.217470825
    0.546715617 0.445011795 0.315896302 0.1356031 0.778643489
    0.343378186 0.133786768 0.510212064 0.0634706914 0.505579293
    0.715588689 0.733518958 0.737638593 0.737346053 0.224289745
    0.210096598 0.221331954 0.914701939 0.132050335 0.136516899
    0.390506625 0.127278984 0.333843291 0.898122668 0.716748893
    0.503914714 0.938767791 0.496324211 0.5545156 0.102002084
    0.291053832 0.905215621 0.116463602 0.205333382 0.805532455
    0.917459249 0.295299411 0.500191569 0.0446296036 0.895161688
    0.738426685 0.453743458 0.775646746 0.393709302 0.270411283
    0.673398912 0.755213976 0.0208902359 0.397927642 0.338668525
    0.197633058 0.48118785 0.393673152 0.661711335 0.798707545
    0.36071229 0.770231724 0.940748811 0.973538518 0.368894815
    0.93754369 0.0902234614 0.432430446 0.143089414 0.679718971
    0.716477633 0.0152934492 0.169871449 0.210298806 0.291543961
    0.944070578 0.773034275 0.406090021 0.347720891 0.958840311
    0.373981357 0.458516479 0.76999259 0.978913367 0.769821644
    0.20109424 0.890367806 0.307958484 0.929521084 0.814394474
    0.826242328 0.358129323 0.652023733 0.463181257 0.765698373
    0.771513462 0.227010816 0.661546588 0.075268954 0.710482001
    0.149097234 0.106211066 0.00845864415 0.600159168 0.667904377
    0.834502935 0.758053184 0.807392538 0.610362828 0.905183434
    0.723428309 0.950922787 0.592215419 0.918181062 0.159955502
    0.179209679 0.434925228 0.920943379 0.499176353 0.136708766
    0.967930019 0.565309167 0.74657321 0.879080057 0.0926795304
    0.882477283 0.733916879 0.333518744 0.64007479 0.377248406
    0.0242234468 0.321109295 0.739083588 0.26688236 0.859120548
    0.204816967 0.0636254847 0.905083179 0.778921008 0.698019862
    0.767479837 0.808809817 0.806328118 0.294158012 0.397937238
    0.591863036 0.750021935 0.296553612 0.714735746 0.394605696
    0.913483858 0.391727567 0.911692441 0.321521878 0.401457846
    0.0450024903 0.542205393 0.956089377 0.911806345 0.377665639
    0.734468937 0.73522824 0.0812994242 0.0313515365 0.322669894
    0.603124678 0.700424135 0.360994071 0.953521311 0.858480096
    0.0498018861 0.594844222 0.775834143 0.426513344 0.930462599
    0.0651184022 0.826587081 0.95836103 0.934990287 0.632488966
    0.160005659 0.0194858313 0.146207482 0.294433057 0.390153199
    0.167999506 0.0196942985 0.120042145 0.628291965 0.661723793
    0.80861342 0.180525392 0.332569569 0.511834204 0.277626336
    0.210340708 0.733536422 0.946692228 0.494412363 0.873169184
    0.963858366 0.436780542 0.428038418 0.975758195 0.620752871
    0.90884304 0.545274079 0.487848371 0.711124063 0.179179817
    0.648773193 0.517550349 0.69120127 0.888655543 0.352171659
    0.189813823 0.737620354 0.50221616 0.989233613 0.432742834
    0.439957529 0.504640222 0.547621548 0.438098252 0.25469166
    0.669006646 0.970940471 0.316416383 0.999602795 0.128396004
    0.74140358 0.669336379 0.983610153 0.90725404 0.756091177
    0.889228463 0.933111131 0.172935545 0.0323137343 0.225954652
    0.964111507 0.02539891 0.574627519 0.372959733 0.65296185
    0.170067161 0.628251493 0.651702285 0.122334898 0.433428347
    0.940633297 0.665375412 0.382143259 0.289751768 0.428084224
    0.754204869 0.557714224 0.888214469 0.335646749 0.297009289
    0.64788729 0.175035894 0.282816231 0.220888555 0.568687081
    0.473829061 0.14154014 0.150608867 0.701319575 0.602075636
    0.85881269 0.139408916 0.00801438093 0.0784535706 0.331527084
    0.348421127 0.355333686 0.591915369 0.469930142 0.00303676724
    0.0576518476 0.158988804 0.23048526 0.544435561 0.766967177
    0.737685204 0.39552927 0.241578311 0.992314517 0.605482399
    0.550598204 0.532884896 0.631498039 0.641010463 0.325364888
    0.802944779 0.270928144 0.630279779 0.589750886 0.482353985
    0.495518953 0.664666831 0.512183189 0.0548663437 0.300885975
    0.3313995 0.837564945 0.844963074 0.191342294 0.158631027
    0.899338245 0.139953405 0.979911983 0.531129241 0.297774553
    0.413651496 0.781651378 0.753358126 0.61079663 0.467487186
    0.777054965 0.262737483 0.357082278 0.766260445 0.796105742
    0.954889417 0.893653512 0.901296377 0.385716647 0.474546611
    0.78611064 0.193584651 0.215038747 0.966988921 0.692984521
    0.0473948121 0.185021788 0.987870693 0.966038585 0.928989053
    0.721623063 0.888203263 0.914575577 0.790958285 0.569773912
    0.792351604 0.826479435 0.972859502 0.179585576 0.624135852
    0.963313639 0.819363177 0.941788435 0.290088773 0.900313318
    0.504628837 0.550073981 0.99167037 0.101671338 0.118406653
    0.0694640577 0.451610476 0.427807033 0.00164341927 0.817411602
    0.684507966 0.498888552 0.558833718 0.970732808 0.767192841
    0.160851419 0.268232763 0.246488303 0.303020447 0.827765644
    0.0531075001 0.0642514825 0.411489576 0.857169092 0.485907733
    0.426513135 0.843931973 0.744302452 0.478651524 0.531100631
    0.68676126 0.44046551 0.90439266 0.765286565 0.0740290582
    0.496635646 0.573710799 0.178350538 0.434209466 0.919267595
    0.448919922 0.364371359 0.25862813 0.990595937 0.0376892984
    0.0115354359 0.508389473 0.253635705 0.228154242 0.0609406829
    0.602313101 0.389176607 0.977332115 0.596874237 0.213540941
    0.777395844 0.85396421 0.0691510141 0.956258416 0.538962424
    0.424635172 0.0586173832 0.794547677 0.846580982 0.982072711
    0.810875833 0.316730738 0.898012757 0.301632851 0.337079048
    0.281851619 0.263722509 0.432484537 0.862762928 0.196715951
    0.607272148 0.0387063324 0.278423727 0.755200267 0.871098399
    0.768925607 0.823476374 0.507074833 0.896137893 0.491286397
    0.545088887 0.622892678 0.873562217 0.79158783 0.796892047
    0.235420823 0.94283402 0.394514352 0.55826503 0.927450418
    0.0439421833 0.437141299 0.315115869 0.204530507 0.940303683
    0.707428694 0.660464287 0.0799278617 0.806167841 0.774923325
    0.404576451 0.54857862 0.771280706 0.545035779 0.0361208022
    0.580902636 0.138003647 0.384866834 0.234018296 0.546507061
    0.247370332 0.35727632 0.255288601 0.383983314 0.674043298
    0.844434857 0.878693581 0.715641439 0.40942961 0.379662395
    0.165085971 0.557289302 0.534808278 0.359041691 0.490250617
    0.661298633 0.929148674 0.333853245 0.905275583 0.764706016
    0.978555679 0.00775659084 0.0612755418 0.160076618 0.117483586
    0.985468507 0.440006793 0.594616115 0.508783638 0.806073368
    0.224784613 0.288183689 0.859414041 0.00970315933 0.621735334
    0.454008341 0.442250013 0.812614977 0.532757103 0.717037022
    0.618445814 0.887747765 0.167804211 0.163315296 0.115178347
    0.258215547 0.584443271 0.399204731 0.978980064 0.902842879
    0.823572159 0.661251962 0.137428999 0.0597061813 0.424439639
    0.598995805 0.773804128 0.832376659 0.229816943 0.958366692
    0.519377232 0.117254287 0.525706351 0.74841702 0.707609594
    0.653968513 0.233622998 0.722274601 0.721878767 0.573932409
    0.233631343 0.277071178 0.992173553 0.692097604 0.164829969
    0.0947733819 0.880086064 0.71559453 0.335027635 0.620894611
    0.513412893 0.350476563 0.915088832 0.885078549 0.634496272
    0.914694846 0.611466527 0.394919455 0.115035415 0.273190975
    0.0105261803 0.0741537213 0.206559122 0.938990653 0.154355854
    0.669615984 0.380806684 0.545192897 0.406063467 0.30262363
    0.673577368 0.691092551 0.621146798 0.0513479412 0.137990206
    0.0667114556 0.916507006 0.840576828 0.96053946 0.663800359
    0.226232737 0.0203747451 0.95794028 0.101095736 0.451067895
    0.419625461 0.692476153 0.423976779 0.922099352 0.601174474
    0.653886616 0.859954119 0.429740936 0.336428285 0.933260679
    0.150280982 0.182166159 0.641882837 0.470527828 0.394813955
    0.717574596 0.755668759 0.659024 0.873163164 0.780269265 0.79356122
    0.257558763 0.612618983 0.0772372782 0.65494442 0.262103498
    0.528549194 0.983781874 0.0910228193 0.896157861 0.433848381
    0.261727035 0.0165553689 0.1094127 0.887168288 0.851713538
    0.697582722 0.0876141787 0.921602726 0.471346498 0.0969821513
    0.949100137 0.929392755 0.491371095 0.604354739 0.413154662
    0.835309088 0.579497099 0.805168986 0.473385602 0.856133878
    0.356192231 0.314976275 0.750677347 0.666651726 0.5238024
    0.371525019 0.476923853 0.337664187 0.00742256641 0.407319754
    0.49044472 0.519547343 0.387305647 0.792503595 0.0994269848
    0.335330069 0.946357727 0.69994086 0.204283565 0.638849914
    0.757892609 0.328291059 0.556608558 0.338503659 0.0508775115
    0.703612089 0.0706054568 0.196615279 0.725831747 0.0491932929
    0.993545771 0.862934351 0.152826011 0.68526113 0.2886208
    0.0577355027 0.404404283 0.132024825 0.969574928 0.37723279
    0.168416262 0.534301519 0.299432218 0.920499563 0.24496299
    0.57103318 0.233317465 0.872368336 0.615128279 0.141992956
    0.88764739 0.674444079 0.0186630189 0.187967747 0.261424184
    0.484640241 0.0749616921 0.98525393 0.177650988 0.788657427
    0.174326479 0.060954839 0.871102333 0.194701493 0.948927522
    0.32222873 0.0567363799 0.868568599 0.360099137 0.543325663
    0.663204491 0.395678878 0.867794275 0.716212213 0.58514744
    0.446085513 0.709024847 0.67480576 0.948323011 0.0923669338
    0.113500953 0.696113765 0.178316265 0.454598814 0.579081178
    0.950693905 0.104079187 0.699623764 0.161377937 0.117014885
    0.612636089 0.0614689887 0.409789741 0.13789919 0.715191603
    0.563482642 0.228683829 0.452660143 0.152596503 0.0971363783
    0.651631296 0.525420666 0.374877602 0.0601151884 0.810155988
    0.280548751 0.114874095 0.504635334 0.988673091 0.0824572444
    0.881122291 0.921643972 0.282637089 0.193456233 0.172399402
    0.472448379 0.719673812 0.228919864 0.604312122 0.000637054443
    0.640305877 0.62656045 0.852296114 0.148140222 0.942659855
    0.773875952 0.804834247 0.47778517 0.89454633 0.006593436
    0.789202273 0.182412297 0.0173730552 0.76960969 6.32405281e-05
    0.0456873178 0.374954045 0.906016231 0.883660734 0.418402225
    0.638383031 0.0471933186 0.921121001 0.26120168 0.399056882
    0.967936754 0.491571128 0.785694659 0.293494582 0.322007865
    0.557556152 0.304592192 0.47170341 0.00644770265 0.71247685
    0.895752668 0.239210844 0.124944687 0.719699681 0.199745268
    0.953317642 0.936101556 0.00687375665 0.286040008 0.838989854
    0.319179118 0.643056571 0.200126469 0.0435481071 0.723227441
    0.839393854 0.15966627 0.934156418 0.0791552067 0.54875648
    0.518909216 0.527189553 0.236391008 0.248157531 0.419605374
    0.0218863189 0.891255856 0.651471078 0.00722366571 0.879146397
    0.350384086 0.684679329 0.484986901 0.465702116 0.803484082
    0.0927968323 0.761965334 0.608483016 0.804860651 0.15581131
    0.681414068 0.365779102 0.388557583 0.488847315 0.597411752
    0.154905528 0.0245919824 0.441349506 0.61132437 0.669273555
    0.39397192 0.538031578 0.149076074 0.979322195 0.307138711
    0.066739887 0.492265612 0.61051023 0.165603995 0.382128835
    0.30666858 0.353382289 0.758198082 0.935403585 0.907263875
    0.0453493893 0.245679051 0.413490951 0.229780555 0.0259406269
    0.222272635 0.287620425 0.537809491 0.776008368 0.968440056
    0.518321037 0.988309979 0.384114534 0.0625728667 0.92167455
    0.175109059 0.999551535 0.449448079 0.197951972 0.700476408
    0.362580121 0.0514932275 0.879936218 0.832682252 0.772445977
    0.649038434 0.295672357 0.414659858 0.969070792 0.989888549
    0.327233523 0.286405444 0.21769926 0.212166339 0.931994081
    0.423583239 0.766533971 0.543073893 0.96130693 0.199065417
    0.944798708 0.879197001 0.686826825 0.385745674 0.636875153
    0.530386448 0.188235015 0.411327928 0.382549256 0.937735319
    0.605669022 0.508561969 0.52034837 0.390637994 0.584893703
    0.315620661 0.524910867 0.923044503 0.84853363 0.406446576
    0.441759735 0.183360577 0.465800852 0.637667596 0.762311816
    0.825911999 0.0163288116 0.569266081 0.477818996 0.392573982
    0.272435516 0.0697463751 0.26210165 0.160848349 0.815469623
    0.834136546 0.689722478 0.296805263 0.288027465 0.77560848
    0.84733212 0.280822784 0.789304972 0.464702398 0.628148377
    0.761184812 0.68002516 0.353414893 0.408083081 0.23186484
    0.333722413 0.583457053 0.298494816 0.096843183 0.278524727
    0.37885955 0.713077426 0.0363488495 0.0811239183 0.0668302774
    0.673842311 0.704456449 0.880591035 0.709921002 0.0481312275
    0.149490565 0.531556726 0.00981870294 0.197188437 0.393310279
    0.78558141 0.718490899 0.715158045 0.419397205 0.532035828
    0.823765635 0.144518375 0.473105133 0.867391169 0.999316573
    0.424715012 0.29434973 0.842262626 0.153830051 0.541255474
    0.256492019 0.617812991 0.137370259 0.669777811 0.127961755
    0.313888907 0.441009998 0.0494486392 0.4254058 0.0515673757
    0.141798407 0.0676947236 0.140512198 0.0756665766 0.949008107
    0.574368656 0.58378154 0.162182122 0.389391899 0.141261846
    0.880678296 0.571946204 0.419055223 0.245527834 0.571797967
    0.131387025 0.331463218 0.486042351 0.890280843 0.633463323
    0.259454519 0.625502169 0.892074585 0.251113772 0.761202216
    0.585443377 0.146523237 0.743207395 0.893436611 0.598983705
    0.602732599 0.494112462 0.895599484 0.319302589 0.640586495
    0.655081809 0.541179061 0.767239809 0.579131365 0.526604831
    0.774596035 0.504327416 0.80465734 0.144498616 0.312963665
    0.885156274 0.654935837 0.00210770965 0.665697873 0.467812032
    0.0041462481 0.368114352 0.222141713 0.786074638 0.785093069
    0.439587176 0.10993287 0.448089361 0.99369812 0.887785316
    0.670896411 0.384839177 0.64808619 0.188874364 0.794579387
    0.788248122 0.104540735 0.293776274 0.536384165 0.866323113
    0.896851301 0.210180491 0.983172178 0.665699303 0.484820962
    0.90375936 0.220184207 0.465203583 0.636657596 0.760466695
    0.244155556 0.446484208 0.12278527 0.833385587 0.470657319
    0.473359317 0.580224454 0.825500369 0.305821836 0.819981992
    0.331974506 0.864918649 0.228060871 0.870045543 0.533344388
    0.544923365 0.458362311 0.868906498 0.453066528 0.730775535
    0.938338161 0.706506014 0.491419703 0.28112036 0.823275924
    0.397102565 0.737863421 0.74111104 0.10401842 0.487083793
    0.0989089906 0.107737452 0.296656549 0.220485479 0.122573972
    0.674932361 0.0180310309 0.25694409 0.766803384 0.765904188
    0.738386452 0.164097428 0.0140607357 0.24568525 0.16635254
    0.818249524 0.433249056 0.0922805965 0.533604443 0.000330328941
    0.849489808 0.470078617 0.946601331 0.97780931 0.703036606
    0.643675447 0.726600647 0.159480512 0.13295126 0.316622764
    0.0965621173 0.260643899 0.0579526722 0.285042107 0.244583935
    0.0667710304 0.198876292 0.367564261 0.931631327 0.745974422
    0.732917666 0.234372586 0.830301404 0.302195013 0.923721373
    0.950033307 0.870384932 0.247544795 0.169487685 0.138758272
    0.938663125 0.285336077 0.498296648 0.0567525625 0.931610107
    0.626978576 0.657653868 0.0873025954 0.40679124 0.751842856
    0.845150232 0.97814703 0.357374012 0.333565176 0.553547502
    0.285081476 0.571078837 0.543280959 0.773733377 0.689557433
    0.743214607 0.986550808 0.700381458 0.75315249 0.23362115
    0.0498492122 0.3153736 0.59330374 0.502651989 0.461938024
    0.318060338 0.155499339 0.154114157 0.448421896 0.0915370286
    0.1306068 0.0209024251 0.184520751 0.777867436 0.209425867
    0.278432548 0.59723556 0.72441566 0.562343478 0.826479316
    0.257278025 0.574560106 0.948940814 0.877544463 0.662795603
    0.38863194 0.996507466 0.525438011 0.4319157 0.614701509 0.165480852
    0.258960038 0.616933107 0.176281959 0.952095866 0.26849699
    0.00998020172 0.463021517 0.804718614 0.879936337 0.363139182
    0.850281835 0.899832129 0.0461243689 0.386262923 0.0652498305
    0.327715456 0.609697402 0.387498289 0.139174253 0.0956178904
    0.439846665 0.602872312 0.910203278 0.516547561 0.546266556
    0.643277943 0.146312535 0.122058898 0.469780773 0.928232551
    0.24181518 0.0361118019 0.29285866 0.866122007 0.0275615156
    0.753216207 0.632942736 0.93911016 0.171873301 0.374505997
    0.325604916 0.105287135 0.569180369 0.841252804 0.982193828
    0.484758347 0.677693486 0.906224728 0.233495831 0.639127433
    0.632271409 0.990505576 0.419222593 0.833972991 0.210558474
    0.566004157 0.719977617 0.878298163 0.134353667 0.787786841
    0.0657751262 0.465302736 0.86364603 0.136059642 0.204105437
    0.578845143 0.374484718 0.35890156 0.123322636 0.212724358
    0.280894339 0.0892304182 0.845672607 0.891949773 0.189793736
    0.425838202 0.0731602907 0.473827511 0.557068706 0.596963167
    0.623618782 0.45887512 0.788582623 0.974679112 0.72374773
    0.841811419 0.593639255 0.812452912 0.777440906 0.327276468
    0.750311136 0.574696183 0.37807405 0.119930178 0.094155848
    0.254084527 0.475560248 0.0947407782 0.712542892 0.483763278
    0.257621944 0.167810857 0.190507948 0.043143779 0.449005723
    0.791381717 0.313958526 0.590435982 0.570384204 0.0667447448
    0.440815866 0.480877221 0.114411533 0.583180845 0.714027047
    0.800919354 0.900589466 0.397396266 0.520909548 0.392746717
    0.569917321 0.812640369 0.226454467 0.0721491873 0.246285558
    0.307873696 0.300194263 0.000649392605 0.175666511 0.862146497
    0.457373887 0.930054069 0.802633762 0.151409715 0.737424016
    0.0062982738 0.769590735 0.314849317 0.0241886079 0.263619781
    0.22415337 0.776311576 0.503290355 0.00273111463 0.73512888
    0.703754842 0.988956392 0.141951054 0.881035805 0.49121505
    0.723340511 0.313903511 0.500546813 0.846830845 0.716223061
    0.569692791 0.487258315 0.416691184 0.441253483 0.889305353
    0.797287226 0.921489835 0.318857431 0.973093271 0.189025074
    0.0564344525 0.314078033 0.930022359 0.478250772 0.5441944
    0.107356012 0.149525881 0.687938929 0.791786313 0.930783391
    0.123445332 0.463446558 0.614040732 0.910952091 0.0364858806
    0.334459007 0.74907279 0.824741125 0.56567508 0.592706442
    0.646086037 0.688954949 0.884325624 0.603369534 0.557018459
    0.387275577 0.730437756 0.579404235 0.149587035 0.159440368
    0.509306431 0.461680561 0.311005056 0.255602837 0.0179941058
    0.00412678719 0.542470813 0.621829152 0.0366410613 0.663338125
    0.912205458 0.627999246 0.989670932 0.932864785 0.861784816
    0.665477514 0.479265392 0.659340382 0.893626094 0.894102693
    0.366950661 0.0597714782 0.140513539 0.153902501 0.795646548
    0.905267954 0.612598956 0.602915227 0.0807546675 0.613293529
    0.654841721 0.162576735 0.756593585 0.0806191564 0.528931737
    0.392043769 0.931717157 0.473613471 0.602250457 0.469691634
    0.101991296 0.847209454 0.51082617 0.521752536 0.475301266
    0.814220846 0.84063381 0.600645661 0.702497065 0.141479939
    0.13858673 0.758652806 0.156970054 0.293134242 0.208172679
    0.306973338 0.703025699 0.952654958 0.464618176 0.253845215
    0.0339755118 0.712567568 0.384196877 0.498715729 0.0348573923
    0.297783375 0.941336632 0.455471307 0.881621003 0.237712055
    0.628121376 0.378022164 0.449249893 0.550326228 0.168250144
    0.716625273 0.324010491 0.00420120358 0.702810943 0.692443788
    0.520299435 0.804756403 0.98093307 0.136734396 0.571454644
    0.611306965 0.34537816 0.986085534 0.598403811 0.167151302
    0.284155548 0.897500277 0.569181979 0.172342747 0.00241538882
    0.426070571 0.239982456 0.948726952 0.176095128 0.640600324
    0.629455984 0.555057347 0.471713006 0.598252296 0.924088478
    0.299348652 0.218221366 0.333733886 0.173617154 0.753977656
    0.655472994 0.500164807 0.277160645 0.205178648 0.876043081
    0.776465893 0.853589177 0.952766299 0.952998757 0.647974968
    0.250712752 0.338125646 0.835890353 0.969341218 0.265283525
    0.628285229 0.370299459 0.69232887 0.994508028 0.0943806171
    0.245132089 0.435864359 0.158535808 0.31430909 0.233076632
    0.691028059 0.436158389 0.5410344 0.675587356 0.141477257
    0.697723269 0.555559695 0.803470612 0.676788449 0.638705671
    0.493923962 0.788929343 0.0219233334 0.224726975 0.0345476866
    0.235093057 0.0464900732 0.043722868 0.0358612537 0.625064969
    0.0655272901 0.342767954 0.247971326 0.245105505 0.0924234092
    0.521141112 0.955461442 0.00900012255 0.700158596 0.187926054
    0.205797344 0.685461521 0.242794007 0.908213496 0.828369021
    0.145713955 0.213864744 0.908118486 0.0224765837 0.489139318
    0.471793354 0.699501157 0.162254989 0.834616959 0.631852925
    0.537635088 0.770435214 0.526516795 0.278522253 0.246702373
    0.161607385 0.985208273 0.105733573 0.679825068 0.233392537
    0.56243974 0.96314013 0.889294863 0.547873676 0.331525385
    0.230073392 0.0353118479 0.235119343 0.634697497 0.926238775
    0.323790133 0.35632962 0.888922632 0.63280344 0.541035771
    0.534248054 0.132482708 0.437763363 0.591437936 0.14390409
    0.492265105 0.732109427 0.794108927 0.968366742 0.735495746
    0.0437270105 0.944165468 0.631651044 0.213150561 0.515402019
    0.84431076 0.872195661 0.776236534 0.454282165 0.787794709
    0.547734618 0.118474454 0.455496281 0.131650478 0.32913816
    0.789310873 0.237093687 0.124278724 0.470289856 0.482138753
    0.854851484 0.32152313 0.0292314589 0.768458247 0.596461654
    0.0840739608 0.234394521 0.471148014 0.512370884 0.88007772
    0.24119994 0.968692183 0.636585295 0.0855810642 0.936593294
    0.844484329 0.277346432 0.446217597 0.496826202 0.13202545
    0.869694054 0.406583577 0.0964336991 0.488636702 0.946408749
    0.345549732 0.3750453 0.76452589 0.653745115 0.0534229875
    0.439639539 0.0122309625 0.686378002 0.200101942 0.95451957
    0.71156466 0.412821323 0.176880747 0.0112906396 0.973367751
    0.898326278 0.425345004 0.0437923074 0.348889291 0.647256732
    0.508244216 0.788578033 0.44483459 0.209558398 0.504459321
    0.361273855 0.779607534 0.600822031 0.426209271 0.208335638
    0.420282245 0.542335927 0.0910236537 0.297275364 0.266334772
    0.166388571 0.393676758 0.214078665 0.195804298 0.134822994
    0.918210506 0.124783665 0.53388679 0.634413719 0.339099884
    0.0998319983 0.584716976 0.523506403 0.89511776 0.964210987
    0.715674698 0.536132932 0.101030678 0.0524229407 0.797516584
    0.559414029 0.00350153446 0.753301144 0.420412302 0.376452982
    0.646074176 0.23414126 0.608849466 0.84156549 0.747005939 0.93938607
    0.290449739 0.727437377 0.177987695 0.0767374933 0.340382278
    0.205853373 0.0375467241 0.462667018 0.501738489 0.874656618
    0.950889766 0.0811882019 0.60329169 0.678661644 0.201744616
    0.694302857 0.8622486 0.293315232 0.441745251 0.0570623279
    0.193920046 0.721314847 0.535565555 0.307576716 0.73822403
    0.0250637829 0.350075722 0.662192225 0.553760707 0.256437927
    0.231260687 0.341601312 0.644342422 0.624779224 0.156856477
    0.98932606 0.0442992449 0.776028633 0.343788147 0.792811394
    0.936877489 0.509795368 0.226260334 0.238919824 0.484581411
    0.242410302 0.938811541 0.89326787 0.210010201 0.512411177
    0.246728182 0.449949861 0.173263997 0.566990912 0.51281786
    0.852840006 0.0657578409 0.905978143 0.148267955 0.612158656
    0.446225107 0.080290705 0.559201479 0.0175786614 0.128523916
    0.0901453793 0.165608853 0.179793686 0.958390534 0.816351056
    0.763803959 0.0910045207 0.971612692 0.882000446 0.691281199
    0.641718805 0.104455769 0.281653404 0.748292089 0.793766081
    0.942658544 0.108062148 0.487330616 0.40671581 0.311147571
    0.0730270445 0.721912622 0.589977086 0.839050055 0.847677588
    0.766894102 0.167231262 0.54970783 0.265793025 0.686709046
    0.246952057 0.501423419 0.521459401 0.862083912 0.597504616
    0.619155288 0.409427226 0.139637113 0.19607541 0.838914633
    0.604393303 0.74194634 0.63670516 0.0731694996 0.720628738
    0.632050276 0.245806098 0.419967353 0.997110724 0.262191325
    0.371825039 0.754811823 0.0192823112 0.668184936 0.261264265
    0.927015305 0.304922789 0.350612402 0.883499086 0.558181763
    0.313121498 0.064725697 0.0952686071 0.494067132 0.796430409
    0.790201545 0.80332619 0.536871731 0.553079188 0.139524907
    0.641651869 0.595204771 0.293898314 0.681197643 0.115612924
    0.654546976 0.514336288 0.765773892 0.319957167 0.0758242309
    0.00787168741 0.675132334 0.803828299 0.976976991 0.553262055
    0.0985431969 0.256172985 0.458298951 0.0510427356 0.785066128
    0.23065716 0.851935267 0.242942899 0.679035485 0.707521319
    0.432830393 0.474512517 0.655998945 0.941966653 0.77201277
    0.191066384 0.25961566 0.595860481 0.97507453 0.660343409
    0.920045137 0.676993012 0.592559516 0.162857682 0.903336644
    0.314838618 0.103136986 0.823255539 0.0597537458 0.829674363
    0.720960736 0.190861255 0.136180669 0.344528913 0.104031384
    0.682710588 0.584856033 0.964435101 0.284343213 0.437240601
    0.391889095 0.36914894 0.0668964386 0.0672027469 0.367438376
    0.55675745 0.441432536 0.253071815 0.545696437 0.199029237
    0.639235854 0.0871373415 0.447916925 0.409499139 0.799824357
    0.917687058 0.485866517 0.84307307 0.0875090063 0.253904998
    0.286608994 0.714211583 0.345908731 0.141480237 0.607530415
    0.858129501 0.458634168 0.741140962 0.0979839265 0.372276545
    0.508027196 0.537333608 0.684392452 0.401821762 0.422886044
    0.865713596 0.382058561 0.909911335 0.170570731 0.494095713
    0.35377112 0.06981498 0.544266284 0.14051339 0.885585368 0.385528624
    0.449343354 0.317667663 0.859199882 0.546400428 0.646072865
    0.227517247 0.378068775 0.353414327 0.551044047 0.493392587
    0.154902846 0.63142097 0.698630095 0.391442746 0.796227217
    0.209675461 0.597609699 0.726706326 0.362680614 0.329593539
    0.563872337 0.905339777 0.782110512 0.288280904 0.456877589
    0.449889362 0.147521585 0.59926182 0.838781059 0.717628956
    0.668809712 0.244205624 0.860581875 0.291826725 0.639251113
    0.0781356692 0.919269919 0.456726968 0.907107592 0.330664396
    0.863458991 0.632113159 0.214541882 0.932612777 0.383071035
    0.219370276 0.184343964 0.78731066 0.392521024 0.393177867
    0.345193386 0.958908021 0.470410854 0.476000398 0.804622173
    0.846399188 0.250269383 0.0830580294 0.870388806 0.745412588
    0.65960598 0.447824359 0.374221593 0.724147797 0.972758532
    0.610596478 0.525595129 0.590964556 0.568738043 0.442092329
    0.129198194 0.68372947 0.712306976 0.940939963 0.106289923
    0.539389133 0.356440663 0.509179294 0.695022583 0.927102864
    0.000327765942 0.584726334 0.569533288 0.283661664 0.875209689
    0.145434558 0.460261911 0.0138448477 0.981574416 0.691393793
    0.585857451 0.768573165 0.0603573024 0.389264464 0.239811659
    0.855246782 0.935467422 0.157345265 0.108241469 0.100917071
    0.309415251 0.208730221 0.540745974 0.783146739 0.757040858
    0.132686079 0.695936978 0.498430699 0.0775615573 0.761499286
    0.69294554 0.884197235 0.48346436 0.746406257 0.318769127
    0.794857562 0.214709073 0.683592319 0.417591244 0.469970137
    0.918361902 0.729121387 0.250198394 0.223231018 0.0784487128
    0.391372263 0.522417545 0.914348125 0.969375014 0.761660457
    0.474589378 0.563635051 0.940237284 0.519875884 0.531202316
    0.172427982 0.494929403 0.0301929712 0.204404265 0.358489752
    0.133882433 0.658291578 0.489070296 0.422368824 0.751902461
    0.553399324 0.566760063 0.603911936 0.302179992 0.881105661
    0.902849078 0.297881424 0.275577009 0.122801185 0.959876657
    0.869075358 0.344364971 0.808223128 0.982089043 0.647723138
    0.0577595234 0.44725281 0.687609136 0.23563695 0.590566576
    0.241848916 0.0946767032 0.553500533 0.517422616 0.0136575699
    0.758036852 0.954328656 0.874408364 0.658176959 0.126725793
    0.0575772226 0.158386856 0.485495031 0.303159118 0.508168161
    0.118623257 0.533978879 0.417703629 0.517161846 0.0355407298
    0.498948604 0.118977278 0.993038297 0.999612927 0.666060448
    0.190156579 0.926647902 0.934384465 0.978482068 0.65337646
    0.155959338 0.583917499 0.270826101 0.0968953967 0.576267719
    0.24839738 0.474299252 0.848742247 0.283172905 0.937990546
    0.662918806 0.218433261 0.345240116 0.75833118 0.0110941529
    0.670832813 0.766160369 0.70339191 0.928450108 0.109354228
    0.71822691 0.206369847 0.0207764804 0.825097919 0.181521118
    0.804833353 0.581634641 0.38624835 0.317006439 0.114790291
    0.041341722 0.955926776 0.0203281343 0.220150352 0.604842961
    0.557641566 0.121562332 0.828750312 0.886558533 0.882238746
    0.0173143148 0.374319375 0.0180970728 0.463150978 0.245846987
    0.326504797 0.558558822 0.821186066 0.020352453 0.38419345
    0.681025684 0.101769507 0.50141722 0.960196257 0.565618455
    0.956922889 0.0782959461 0.399801373 0.2884202 0.405841053
    0.812867522 0.692544222 0.568178296 0.462051928 0.221581906
    0.975645542 0.595237255 0.438681781 0.565463662 0.330255806
    0.0789868534 0.330371559 0.973564982 0.198798984 0.193437397
    0.96906203 0.132501632 0.535887957 0.307740688 0.109106839
    0.676168084 0.165426493 0.0499297976 0.0414411426 0.686134458
    0.574433565 0.245893091 0.287966013 0.687780261 0.925416708
    0.525364161 0.0925608575 0.527034581 0.353537351 0.783099532
    0.987175703 0.626184702 0.00973513722 0.0546042025 0.0273733735
    0.673742831 0.564252019 0.181209445 0.0993992686 0.637189031
    0.564422309 0.766466141 0.599029362 0.690769255 0.0536594987
    0.849581361 0.450012386 0.706114531 0.662290454 0.742693663
    0.651110768 0.0924755931 0.785851181 0.329105496 0.555818021
    0.415192783 0.695950985 0.471685529 0.893153429 0.0560062528
    0.780183077 0.570692718 0.37152943 0.724030495 0.202388972
    0.926026464 0.204889655 0.810216367 0.78986001 0.739414096
    0.478995889 0.0936672688 0.0449346602 0.0459928215 0.152323723
    0.205545694 0.233155221 0.93224287 0.58701092 0.65410167 0.750695527
    0.602531314 0.664963007 0.50878644 0.51239121 0.617740095
    0.868142247 0.0253821909 0.846674681 0.321796 0.133546144
    0.362276971 0.57654959 0.398009002 0.494886249 0.166647494
    0.0295833349 0.655014873 0.584806025 0.711151063 0.89182508
    0.163276374 0.948866367 0.490654469 0.668730438 0.252586335
    0.5081864 0.321226299 0.0745747983 0.532104909 0.978348672
    0.637504399 0.222753316 0.600733399 0.879998028 0.707012892
    0.159662604 0.454944253 0.706987739 0.985639811 0.476250052
    0.246903181 0.200032085 0.393895 0.974085927 0.603019476 0.976237476
    0.691787422 0.853391409 0.895418763 0.864871621 0.415459782
    0.200653613 0.0355084538 0.751210272 0.74311775 0.779782832
    0.266820848 0.761934996 0.234173179 0.919317007 0.0652163327
    0.752537429 0.822971463 0.845146477 0.871967912 0.615234315
    0.174594074 0.424430668 0.809918523 0.475803167 0.232306838
    0.725330055 0.536558449 0.885381699 0.646184504 0.106351823
    0.11877194 0.278775603 0.479246259 0.712974191 0.676906109 0.541143
    0.256604671 0.165795177 0.779631078 0.608233094 0.220692009
    0.738648593 0.269594133 0.254961491 0.960380852 0.246047765
    0.805440068 0.472071052 0.324547827 0.227982849 0.17057234
    0.701184392 0.568846643 0.98871851 0.699244976 0.576509356
    0.832347155 0.718304396 0.217215836 0.704788864 0.787601948
    0.00324064493 0.0548924208 0.890930295 0.209929526 0.255023718
    0.886632442 0.110442787 0.89981997 0.664527059 0.996046603
    0.947318554 0.220567435 0.575089812 0.135078251 0.987388492
    0.339189351 0.0965040922 0.0244416595 0.652446806 0.823348641
    0.658888817 0.221319765 0.928670943 0.502804875 0.136149913
    0.911810637 0.468675882 0.750630021 0.729489863 0.208744973
    0.0809182227 0.902684987 0.109719872 0.173000723 0.806187332
    0.775442958 0.601399124 0.461575896 0.240591347 0.997344792
    0.735109568 0.776682734 0.680144548 0.896563768 0.76631552
    0.833025992 0.174811155 0.321397543 0.546993315 0.956299782
    0.202906519 0.681891859 0.151623547 0.145417005 0.412962824
    0.200472742 0.280137539 0.0850126445 0.30417645 0.78446275
    0.00601038337 0.794373572 0.783055425 0.945392728 0.592738032
    0.701182187 0.968926072 0.592341185 0.50258106 0.0210709572
    0.434289366 0.681875825 0.561623156 0.87422359 0.556564987
    0.23607409 0.851886749 0.668806195 0.42992264 0.369152308
    0.455516696 0.0273562074 0.783234954 0.260973811 0.158756733
    0.924140215 0.611908257 0.586847663 0.668940663 0.0745447874
    0.774894297 0.807326913 0.528433681 0.746921837 0.659473658
    0.82816422 0.742170036 0.661563635 0.846761227 0.280761898
    0.343467504 0.170881093 0.709056675 0.116851091 0.513970852
    0.93271184 0.713704169 0.410189837 0.486275315 0.913666129
    0.717173278 0.283981919 0.370246947 0.794517756 0.604811192
    0.717877269 0.65804708 0.990139604 0.0871564448 0.389183909
    0.719203651 0.0724900663 0.928328395 0.220659822 0.0718271136
    0.883272648 0.270507574 0.970927358 0.850568712 0.608264565
    0.355342984 0.773092628 0.787546396 0.212802619 0.728164017
    0.901103735 0.996270776 0.35777539 0.448433578 0.487829119
    0.913357258 0.0893298686 0.103344172 0.310388803 0.466798633
    0.758831024 0.637069702 0.376943409 0.54217273 0.926906586
    0.429723173 0.978466809 0.98977375 0.388614565 0.774678349
    0.187836021 0.877750516 0.0202453136 0.490917355 0.951732874
    0.568512022 0.632309377 0.983509719 0.325205266 0.139821261
    0.300590813 0.119904011 0.774012923 0.0624359548 0.612391889
    0.0871396363 0.623569787 0.704417765 0.0164222717 0.698041499
    0.516333759 0.936582327 0.308534682 0.0876871347 0.763560891
    0.164158583 0.0515531003 0.70953989 0.214801848 0.119787127
    0.593060851 0.0758141875 0.853428304 0.655753493 0.281152129
    0.926465213 0.660496891 0.880322695 0.166389316 0.267165899
    0.250773609 0.652387857 0.430721164 0.0903324187 0.774145722
    0.246721715 0.415328324 0.0232776403 0.423666358 0.807067811
    0.305299401 0.514296412 0.231618524 0.390225589 0.520490646
    0.100298971 0.530205965 0.830557585 0.793878675 0.110271811
    0.281816661 0.309999168 0.4984411 0.728012979 0.929472625
    0.795756459 0.872173071 0.0402878225 0.177304357 0.198171914
    0.67560786 0.92320478 0.558151782 0.566067874 0.508498251
    0.0964012146 0.731603444 0.676711023 0.628003716 0.150651485
    0.846541166 0.230103195 0.216751248 0.363975763 0.617428482
    0.456102014 0.992479682 0.135511369 0.431260645 0.207415253
    0.669034302 0.147578567 0.339753509 0.408888817 0.858025074
    0.368587583 0.392980605 0.143890858 0.574445307 0.103904307
    0.194909036 0.244323462 0.551321208 0.841546297 0.691211104
    0.695601642 0.315326869 0.369084835 0.783692181 0.605988026
    0.388880819 0.757394314 0.775263906 0.108151883 0.217416346
    0.176015198 0.95507741 0.632748485 0.222560078 0.103083581
    0.669077873 0.0146859884 0.294500947 0.770531356 0.0449562967
    0.94635582 0.526619971 0.507553816 0.0293363035 0.575503647
    0.737807453 0.563792527 0.184772551 0.615660429 0.907321513
    0.657822907 0.533885896 0.8928141 0.468296558 0.672043979
    0.632610381 0.94389528 0.961471558 0.0473706126 0.343724549
    0.560613036 0.085462153 0.767879546 0.442393452 0.433242083
    0.54804939 0.523891985 0.827398419 0.22600013 0.444392771
    0.200688958 0.196805984 0.367560983 0.67541194 0.908448219
    0.219384015 0.888554931 0.420648515 0.552108765 0.316125274
    0.897123456 0.331768006 0.930621982 0.585732698 0.825263858
    0.030644089 0.977163613 0.968467474 0.609665692 0.919611096
    0.472295314 0.565089703 0.252687216 0.236159295 0.114834011
    0.886016965 0.872507095 0.308362097 0.660745859 0.403078675
    0.859860003 0.0655369759 0.623895168 0.481446415 0.461124688
    0.392619401 0.747530758 0.182573318 0.337357104 0.424593627
    0.192943066 0.00867500901 0.702271342 0.071129173 0.958047092
    0.495019019 0.218837589 0.931176126 0.518154681 0.76558274
    0.652884483 0.160222203 0.7105726 0.626651883 0.378384769
    0.480759174 0.127813101 0.847406745 0.592160881 0.649592876
    0.888667941 0.205996871 0.405639648 0.864447832 0.50015378
    0.129801601 0.30834204 0.287681878 0.385181606 0.708445013
    0.158901244 0.401752591 0.387383819 0.623500824 0.427111149
    0.862201869 0.335880458 0.0393405557 0.476199687 0.860801816
    0.720871687 0.812698364 0.992980778 0.0074146688 0.840121508
    0.293533266 0.00850832462 0.252732038 0.198863059 0.790235281
    0.335979402 0.390144765 0.59614414 0.788798988 0.97438401
    0.680356085 0.625655651 0.73160398 0.629026771 0.699173748
    0.312831819 0.901210308 0.612687767 0.981950641 0.489094853
    0.658624291 0.359458983 0.789857268 0.185023606 0.382935435
    0.769163132 0.35604316 0.0305166245 0.140731066 0.125254601
    0.893474102 0.468051523 0.46383667 0.159989089 0.568186164
    0.630147398 0.613598704 0.198237062 0.73025012 0.480747133
    0.361303627 0.556425214 0.0095179081 0.408293456 0.275687635
    0.753736198 0.191927105 0.901201963 0.102626413 0.25764364
    0.623595655 0.48239556 0.383548856 0.828461528 0.553780258
    0.568864167 0.00369608402 0.521115601 0.982672572 0.333083808
    0.140145689 0.53820473 0.895206511 0.325809002 0.982325315
    0.290991724 0.0876161158 0.756850421 0.206933767 0.618532419
    0.710869312 0.252257109 0.205178708 0.612970471 0.0923632979
    0.956278205 0.948685169 0.660340369 0.115187705 0.10069716
    0.807243466 0.77279079 0.653702199 0.514652491 0.306628853
    0.330716014 0.434520066 0.456961036 0.237316936 0.44999215
    0.444181472 0.264616549 0.235757142 0.689112842 0.605961025
    0.344763339 0.813208699 0.434942931 0.893389106 0.415809542
    0.568593144 0.73824507 0.320003271 0.904013336 0.769336462
    0.83534956 0.350824773 0.22068119 0.792999804 0.857518852 0.95522368
    0.0912197828 0.138972938 0.127526313 0.952696443 0.905824423
    0.499044567 0.0920944214 0.294811904 0.630986929 0.437820971
    0.809672773 0.555618227 0.0903894901 0.372695476 0.699983358
    0.647247553 0.50756532 0.115098357 0.670237422 0.271134198
    0.381110847 0.715867758 0.535877824 0.989236951 0.639433742
    0.296247184 0.338590384 0.821364045 0.279276729 0.140909463
    0.630509853 0.580896795 0.630802989 0.701172233 0.4088718
    0.0939898789 0.320510268 0.10428226 0.676640093 0.644986272
    0.544226885 0.453339875 0.175900906 0.249919981 0.671060443
    0.781480789 0.596482038 0.660476327 0.01615569 0.726744235
    0.941814542 0.0798836946 0.268603861 0.393098325 0.764582992
    0.7570135 0.61541903 0.87543565 0.834744215 0.594642282 0.680328012
    0.331310928 0.0815042257 0.651256382 0.711631179 0.867839634
    0.0300237238 0.461437553 0.541150391 0.0871267319 0.0678060353
    0.491773903 0.176072448 0.288626909 0.0626032054 0.0719858706
    0.710354447 0.0330305994 0.692027092 0.315386236 0.163197219
    0.843701601 0.4331972 0.822440326 0.737286091 0.184309036
    0.888200939 0.376216948 0.522797406 0.978952944 0.122174352
    0.219801039 0.675266385 0.626639426 0.962110281 0.709810376
    0.819301784 0.178322136 0.447002381 0.8865996 0.837992132
    0.546187103 0.655305982 0.269960463 0.22948125 0.446235061
    0.0598990023 0.51398015 0.567763925 0.453978002 0.693431616
    0.740582943 0.916870534 0.397139221 0.65010041 0.573317766
    0.743823528 0.285702229 0.618541837 0.239944339 0.489833683
    0.792667508 0.512193859 0.926242352 0.788749099 0.83848536
    0.0802347064 0.434512824 0.828569353 0.914928794 0.833522797
    0.684361339 0.984339476 0.648476243 0.823905766 0.348428845
    0.501965046 0.577911377 0.139501989 0.7038849 0.0178458393
    0.126468301 0.388171315 0.652800262 0.260865569 0.592297316
    0.275211751 0.0251709223 0.940060854 0.302336782 0.259393454
    0.692345142 0.335041493 0.74254477 0.515074074 0.00687029958
    0.335645437 0.451290846 0.47966975 0.0213657618 0.945103347
    0.79457283 0.497009635 0.688097894 0.765740752 0.942562401
    0.0271857679 0.713655531 0.426535457 0.973203897 0.268879473
    0.456607133 0.588427246 0.874927282 0.746222377 0.110937685
    0.597413242 0.704015613 0.639274359 0.645427942 0.507061183
    0.0851809382 0.152325511 0.945576906 0.140351623 0.971369207
    0.89019686 0.133840472 0.192443818 0.908661246 0.512165129
    0.994622052 0.343039393 0.136958361 0.662317157 0.479187995
    0.626419663 0.0348240137 0.0972854197 0.00475043058 0.159375757
    0.267900467 0.637394905 0.927762508 0.15765515 0.429271758
    0.207610935 0.0999676585 0.4906376 0.349374235 0.684755504
    0.0779075027 0.827422261 0.714376569 0.0282436311 0.439561188
    0.964660168 0.55604589 0.230942577 0.860936105 0.369984478
    0.630519688 0.807264686 0.343756199 0.833626747 0.706609249
    0.944195271 0.867634177 0.57886219 0.137771696 0.979576349
    0.597892046 0.740074992 0.010586828 0.708550274 0.46036461
    0.880436659 0.146075755 0.924340069 0.120555133 0.4894045
    0.797334909 0.433971822 0.198711812 0.72895056 0.736147225
    0.769111991 0.168659776 0.443837255 0.466800421 0.346002251
    0.454986662 0.270597458 0.674694061 0.0821641386 0.767250717
    0.903974354 0.208158702 0.715487599 0.358339816 0.26572454
    0.064263463 0.26446718 0.612896919 0.967385948 0.161491007
    0.0536743104 0.382308394 0.169990301 0.168035209 0.0616755188
    0.351816028 0.0515107512 0.845719278 0.426565081 0.586231291
    0.341369271 0.306696147 0.465089083 0.0135154128 0.41370967
    0.53117311 0.831888258 0.845559955 0.483978689 0.716818929
    0.0368117392 0.863120317 0.0883409977 0.830658793 0.405618668
    0.826049209 0.718970656 0.458234787 0.984030128 0.148779184
    0.121093214 0.263706923 0.376481742 0.507932842 0.191744983
    0.0446346998 0.219186544 0.0371395051 0.384225667 0.103161633
    0.276530504 0.384093583 0.582800448 0.851496696 0.920396447
    0.244692504 0.848748386 0.838379443 0.508453488 0.711296916
    0.251559377 0.772142231 0.411737144 0.879333675 0.840586066
    0.515909076 0.131020844 0.81399703 0.419691801 0.840053916
    0.906622589 0.0336253047 0.634782314 0.740938365 0.570672929
    0.18785432 0.271356344 0.344703853 0.592295706 0.217603058
    0.965226412 0.890147924 0.844874263 0.550524354 0.257690728
    0.299120605 0.449386448 0.676893771 0.877891958 0.632443845
    0.698627651 0.82067883 0.406653702 0.90257144 0.983732104
    0.886604309 0.437407136 0.239097267 0.535437584 0.382845819
    0.530067503 0.281605244 0.583398461 0.0938686728 0.19636479
    0.975872874 0.178387046 0.119509012 0.565419555 0.27359122
    0.627423167 0.148602247 0.973926306 0.455409646 0.278690219
    0.506587565 0.107070446 0.71720165 0.574423552 0.736279368
    0.0493417978 0.729085684 0.757005692 0.0262861848 0.8599298
    0.309120357 0.251630694 0.611871719 0.0929615498 0.380241156
    0.52905333 0.977084458 0.146528095 0.606289029 0.842312455
    0.999164939 0.311665058 0.901612997 0.0370314419 0.591756761
    0.49776721 0.428076804 0.886172533 0.760339856 0.0376562178
    0.274644077 0.0520266593 0.402197093 0.493617296 0.995425522
    0.0399971008 0.544371963 0.17510128 0.107243627 0.447253674
    0.99342382 0.0132408738 0.184357852 0.519639432 0.486743212
    0.203310281 0.137866408 0.361180663 0.113390356 0.95173496
    0.0792353153 0.347545028 0.750320256 0.507525802 0.839641929
    0.185548365 0.920707703 0.588037312 0.49194932 0.71307236
    0.279285073 0.580796897 0.211439162 0.291529328 0.613734722
    0.876126766 0.113518 0.54637593 0.00324594975 0.554985464
    0.00861135125 0.216902107 0.202089816 0.371819377 0.569738388
    0.357768059 0.548456311 0.547647357 0.209680974 0.319914699
    0.846823573 0.697316527 0.730664015 0.149230033 0.335404664
    0.811702132 0.449271113 0.208421677 0.798513174 0.448400766
    0.547452807 0.262488723 0.907188654 0.158275187 0.391190916
    0.717962444 0.281731606 0.35568881 0.816863775 0.0153713822
    0.557136834 0.0423998535 0.0539408922 0.466051817 0.323418796
    0.483220935 0.409890503 0.486468136 0.187318653 0.0540511608
    0.282093138 0.890912056 0.48076573 0.345222771 0.809596062
    0.0371558964 0.624162495 0.386824965 0.476709545 0.967713773
    0.158901781 0.51955682 0.617356956 0.663376808 0.112396568
    0.532834768 0.274285614 0.224631608 0.597182214 0.97628653
    0.705940723 0.672021508 0.821485043 0.997761786 0.270210326
    0.64004451 0.80441165 0.643092692 0.0214343667 0.370106399
    0.201550275 0.473443478 0.574753225 0.461887479 0.994339943
    0.31741035 0.23612684 0.386975884 0.854502201 0.0595068634
    0.00765988231 0.309869319 0.00953581929 0.090639472 0.751284361
    0.507650912 0.415325999 0.559145927 0.814898551 0.886241078
    0.0951417089 0.353046954 0.98378253 0.708394647 0.0596044064
    0.979987741 0.980099976 0.596619725 0.818549156 0.379622519
    0.308438003 0.17526868 0.824095607 0.333010912 0.435371101
    0.279704273 0.263658166 0.0506607294 0.272132337 0.900514841
    0.731790781 0.706493974 0.369111508 0.0584200323 0.981895924
    0.134109855 0.84615016 0.142806649 0.653594553 0.0320050716
    0.317658901 0.572712898 0.815765381 0.546542823 0.0104188323
    0.827310562 0.368019104 0.769598007 0.115016609 0.72913599
    0.467508107 0.739252508 0.666412234 0.121161997 0.593311787
    0.251792639 0.599867344 0.357410073 0.191036612 0.632461786
    0.800590277 0.035402745 0.719043493 0.805883288 0.392480969
    0.233966053 0.223974228 0.720908344 0.47220993 0.224048346
    0.000126928091 0.99170506 0.0648056865 0.796237171 0.45627448
    0.0644171536 0.264048994 0.930742979 0.129198581 0.190973818
    0.438198119 0.921043336 0.25001806 0.370696485 0.467443168
    0.536544204 0.367536902 0.24500075 0.648963869 0.156192929
    0.57943964 0.425816 0.158258975 0.908955514 0.693421721 0.325627387
    0.396888286 0.721755445 0.119813442 0.764312863 0.255449414
    0.485117286 0.170526534 0.300050765 0.0297149122 0.101799488
    0.446078569 0.393667579 0.810379446 0.540572047 0.941458702
    0.478375614 0.256737888 0.351281852 0.962029159 0.668419003
    0.0336360335 0.487493604 0.771713555 0.562782049 0.569324851
    0.329253137 0.116923958 0.689990342 0.427542537 0.78725934
    0.112043053 0.653669596 0.252300799 0.221527904 0.807543874
    0.578733027 0.00539976358 0.0966464579 0.0453240871 0.351969093
    0.0366215706 0.707371354 0.442099392 0.240760475 0.831430376
    0.887886524 0.915156603 0.480154544 0.699287415 0.83499521
    0.513635576 0.729374886 0.833472371 0.208982766 0.122895509
    0.457612872 0.68247366 0.391154706 0.898453832 0.978320777
    0.628442526 0.827699542 0.62068218 0.436217517 0.157510757
    0.220429987 0.254771054 0.512010694 0.240693092 0.496617824
    0.972652376 0.0367759168 0.14787212 0.484595776 0.978998423
    0.27892822 0.790463209 0.804775655 0.340450764 0.286148161
    0.50224185 0.00063547492 0.796094775 0.717040658 0.221309841
    0.211741179 0.738988876 0.894892633 0.451732069 0.372653127
    0.791940808 0.50529474 0.413784474 0.45080018 0.606475234
    0.657288074 0.728390217 0.719094753 0.299028397 0.75841558
    0.75393939 0.139710456 0.449660182 0.403852284 0.714366615
    0.0817674696 0.0249548554 0.487300158 0.436594039 0.420616508
    0.151303321 0.908253908 0.156899333 0.502163053 0.0233887434
    0.560339391 0.32125181 0.402901918 0.046807915 0.0444567502
    0.0377123356 0.489871621 0.318251848 0.523360252 0.784561396
    0.636707425 0.976388931 0.254739046 0.703165948 0.367077351
    0.340669155 0.329230785 0.98009336 0.934992313 0.617222369
    0.910981297 0.635878444 0.499291688 0.49002555 0.781719267
    0.484746665 0.709118485 0.0967134833 0.856020927 0.901982784
    0.0964499414 0.925911784 0.164445758 0.199329495 0.2773875
    0.784482896 0.0325691402 0.471816242 0.277834237 0.758426666
    0.699065864 0.00144708157 0.348566234 0.223883659 0.840557814
    0.0323649049 0.957030416 0.0292379856 0.194636464 0.38921544
    0.200800151 0.381471217 0.425026685 0.451197445 0.93542707
    0.231824934 0.224318296 0.201531649 0.98446548 0.553929567
    0.607858419 0.766984105 0.756272137 0.543116927 0.30085361
    0.475831211 0.116331071 0.331493735 0.214902222 0.0517273545
    0.843177199 0.290954769 0.832614779 0.123122722 0.600715458
    0.0443136394 0.802109301 0.407754242 0.0866186023 0.712436676
    0.117363542 0.482641786 0.234622419 0.999861121 0.629922509
    0.789716899 0.88135612 0.504854918 0.789511502 0.786575437
    0.044649899 0.0886876881 0.98832953 0.816523552 0.0641230643
    0.23398146 0.730414748 0.305470288 0.536717772 0.843122005
    0.32898137 0.881160617 0.400978714 0.641135871 0.51691705
    0.549254656 0.671323121 0.0541892648 0.119704276 0.569236994
    0.534860909 0.189512908 0.306400359 0.820449114 0.934454322
    0.27983135 0.822444558 0.561525702 0.147468716 0.384072602
    0.270416111 0.872138143 0.246638894 0.765412807 0.43554619
    0.0978298783 0.566863596 0.739160657 0.684691668 0.662644148
    0.886654079 0.389661163 0.309716702 0.690281093 0.949668527
    0.818431914 0.771856487 0.0038009882 0.502033353 0.120142221
    0.0387456715 0.863265276 0.750018775 0.255644858 0.127013415
    0.301966727 0.550649107 0.512172759 0.85369122 0.65474081
    0.442749143 0.269558609 0.549548149 0.361088872 0.500446141
    0.595615327 0.44866389 0.0104818046 0.812234998 0.629733443
    0.809807897 0.942381859 0.342346311 0.24058497 0.661875248
    0.231469333 0.0217030048 0.59408778 0.0588463843 0.560644567
    0.243808568 0.36549294 0.75851953 0.0398033261 0.653723121
    0.316189617 0.711184144 0.597189605 0.334820926 0.479609758
    0.603176057 0.471124649 0.14261654 0.311623931 0.434220493
    0.886374474 0.893517435 0.0635189712 0.680897653 0.422534645
    0.288408428 0.100610286 0.97118485 0.190527588 0.680570841 0.3825773
    0.635727942 0.543422997 0.362915933 0.42305398 0.607059896
    0.11428228 0.834070981 0.706207514 0.0831472278 0.367491364
    0.359923303 0.0770141482 0.136648864 0.048671782 0.911705136
    0.0335440338 0.755123138 0.934654951 0.0491439104 0.509572685
    0.827395856 0.35312134 0.340130597 0.0520784855 0.423104405
    0.292240858 0.450524092 0.127499312 0.300407171 0.69463551
    0.930084467 0.548830688 0.794617414 0.353538215 0.873777926
    0.220422059 0.835522532 0.492615193 0.102893174 0.0457354188
    0.958099127 0.811894298 0.182109088 0.381398827 0.721620858
    0.76851356 0.382409811 0.405962348 0.354822278 0.924559236
    0.22068271 0.904213309 0.598328948 0.0656380653 0.33925724
    0.407755733 0.615259767 0.0870309174 0.17658928 0.697105527
    0.46829772 0.885931849 0.641385674 0.0952774584 0.39931041
    0.146842539 0.134596646 0.347274423 0.615557432 0.904699862
    0.667112768 0.747495651 0.124236703 0.674943745 0.765766025
    0.944595039 0.547602773 0.810603619 0.899837136 0.194130749
    0.186852634 0.41556108 0.499220878 0.911036313 0.792295933
    0.866757572 0.299669564 0.813522518 0.820717692 0.196098179
    0.145700693 0.992492676 0.0613330901 0.268435389 0.307025254
    0.576135099 0.652913213 0.684830964 0.778908253 0.463352829
    0.194340795 0.41433543 0.765304208 0.646284103 0.196057916
    0.173636705 0.59330529 0.284789801 0.832931697 0.847400427
    0.182549715 0.26016897 0.772727489 0.533453286 0.490379214
    0.645134568 0.523889959 0.688678443 0.310092211 0.829628885
    0.766580462 0.37018919 0.696015298 0.0803314447 0.917622685
    0.0753095746 0.520558953 0.394789785 0.24047786 0.76593852
    0.915703893 0.750235438 0.627767503 0.477608174 0.97470212
    0.449945778 0.674654663 0.196857989 0.0132527947 0.447714925
    0.720097005 0.323329836 0.572169423 0.161854416 0.410088807
    0.199486077 0.156202495 0.732088566 0.867718458 0.971125484
    0.227675229 0.575228691 0.216962874 0.306610435 0.683520675
    0.0100105703 0.322367519 0.60423559 0.897272348 0.0361750126
    0.93749243 0.465250582 0.629992962 0.816563368 0.989613712
    0.71777904 0.0744034946 0.116943806 0.652381778 0.928113341
    0.603298366 0.655654788 0.065338403 0.440416366 0.150825769
    0.996001899 0.139125288 0.580374718 0.500860214 0.858727098
    0.448908657 0.569559038 0.603162646 0.546408176 0.403402358
    0.519835413 0.794000387 0.299840152 0.358766824 0.37086308
    0.0567452312 0.654784858 0.65000689 0.273075014 0.782884955
    0.593173027 0.59492147 0.10927394 0.811011314 0.607558131
    0.550174892 0.892346263 0.914252996 0.485689491 0.180448353
    0.0209565163 0.721712351 0.493945211 0.171543419 0.0596647561
    0.555101931 0.246151209 0.221701294 0.326021612 0.446617275
    0.769615233 0.232258886 0.480274349 0.875801325 0.336200386
    0.558712244 0.863610864 0.624235094 0.711203575 0.339909166
    0.697613776 0.534266174 0.828773975 0.521363556 0.00112077594
    0.935403109 0.102092654 0.3813456 0.501842141 0.288649976
    0.626256526 0.697682559 0.214962333 0.237566501 0.027495712
    0.0906403959 0.243183792 0.424953789 0.223011196 0.293444186
    0.121533722 0.115178317 0.608704209 0.584112048 0.676483631
    0.754908621 0.212532669 0.233725071 0.833186567 0.222270995
    0.140820801 0.381970942 0.500883043 0.591217697 0.666820168
    0.256894737 0.560730159 0.724713564 0.238929033 0.58630085
    0.445518136 0.425359666 0.575415909 0.165474564 0.34080255
    0.182798952 0.0994633734 0.633707881 0.841056108 0.978661716
    0.178688705 0.886218071 0.62479341 0.499079138 0.156573325
    0.468626767 0.173468053 0.229753256 0.14651382 0.125957787
    0.505866051 0.547430336 0.0902692378 0.12456426 0.629580379
    0.716032147 0.671987534 0.722048104 0.187531322 0.0398443341
    0.209312528 0.196825445 0.278842628 0.107851714 0.311558187
    0.382411331 0.85214448 0.912166655 0.0778360963 0.387582302
    0.986680388 0.703270316 0.146621048 0.358244598 0.167154878
    0.180112153 0.0955885351 0.748082042 0.963254452 0.919749737
    0.0491591692 0.124252468 0.096927762 0.792780995 0.386673748
    0.31567651 0.126567334 0.95350647 0.035410136 0.116102844
    0.126486689 0.810354948 0.243963689 0.576274574 0.0176649392
    0.160260051 0.959013641 0.471704781 0.364912808 0.158170789
    0.1253407 0.911541343 0.688108504 0.968190253 0.868744612
    0.121927917 0.664078355 0.968698025 0.711631179 0.51011467
    0.491543561 0.763874352 0.589838803 0.498788595 0.263118118
    0.655282199 0.742833257 0.716842294 0.136326849 0.801597714
    0.0875699222 0.387759984 0.227654725 0.531260729 0.661050677
    0.416114509 0.306283891 0.888309598 0.395830184 0.572059214
    0.257827222 0.426224232 0.480819553 0.876235604 0.443071187
    0.2636953 0.0403439105</data></test_img>
<my_img type_id="opencv-matrix">
  <rows>128</rows>
  <cols>256</cols>
  <dt>f</dt>
  <data>
    1.80603647 0.568702996 1.31036782 1.08511388 1.81134176 -0.144936249
    1.16368067 0.652457595 1.13114953 0.429790497 0.392947972
    -0.0071401298 0.551176071 1.5550586 0.920944273 0.5022735 1.1916393
    1.24849451 1.72171414 0.674639106 -0.311595261 0.821929276
    -0.15553683 0.468316406 -0.205405802 -0.191743359 1.06639266
    -0.214006171 -0.328991741 -0.264111161 0.867675781 0.746800065
    0.968102932 0.403303355 0.580867529 1.56956208 -0.233197778
    -0.243410707 0.77109766 0.756169558 -0.218439758 0.01794523
    1.06620908 0.925882578 0.816445708 1.37994313 1.14348018 0.591753483
    1.7492727 -0.111852735 0.0161012113 0.440769225 -0.287503839
    0.159945607 0.537976742 0.710304379 -0.161529928 0.693427444
    1.42917943 1.23298156 1.74873662 0.166983664 -0.000700563192
    1.82096982 1.86239922 -0.303610861 1.1633029 1.47309542 0.123500675
    1.42021298 1.07140708 1.03692436 0.0487511456 0.636518121
    0.903017044 0.0495587289 0.831916928 1.59155989 1.38384676
    0.633508742 0.348454565 0.64488858 0.0340487957 0.50960052
    1.44012344 1.72974706 1.12994659 -0.225886881 1.29227448 0.245245039
    0.378924251 0.0454564393 1.29728842 1.19120502 0.658695459
    0.191500574 0.908171415 0.558131814 1.27917504 0.207538486
    1.73223186 0.217280716 0.399206609 1.74411416 -0.0209616125
    0.571159303 0.324310571 0.750571787 1.70726752 1.48441088 1.66897237
    1.12317729 1.11907673 1.57369065 1.59898317 1.7565738 0.985565424
    -0.178928435 0.75116396 0.846679091 -0.193679467 1.89764452
    1.14816189 -0.106168091 1.42936707 0.2264193 0.0733141303
    -0.179764301 0.906769276 1.76187444 1.17096448 1.42380071 1.57303083
    1.51801276 1.29292035 0.729256809 0.209590435 -0.0994255394
    1.64325273 0.365673989 0.725252151 0.700659752 1.79578567 1.9002924
    0.560293317 1.52561986 1.57109487 0.523605168 0.885293841 1.17163444
    1.39309716 1.3269484 1.80326891 0.109245151 -0.0515871942
    0.770285726 0.166313112 0.448493838 0.631809592 1.3887496 1.12818563
    0.565238476 1.26226711 1.82613385 1.34794533 -0.0676209629
    0.461063117 0.0728487372 0.889694452 1.03111291 1.13810623
    1.63142896 0.269708812 1.19497323 1.66512561 1.03998923 1.13813639
    1.69899571 -0.100565165 0.108885854 1.83554244 0.619347513
    0.333725482 1.41935396 0.122640699 -0.280301929 1.25747633
    1.71682549 1.01976347 0.710020244 1.62335074 0.832134247 0.326318085
    0.339384615 0.0736492276 0.783714652 0.628132939 -0.271626264
    1.17147195 1.69322276 1.44380093 -0.271237224 0.190063536
    0.951196909 0.199920148 1.6352762 0.866363943 0.356136382
    0.804691613 0.472261459 1.56141639 1.87727296 1.81044018 0.292133749
    1.71997619 1.47069144 -0.0383460522 0.814600825 -0.311374933
    1.19107556 0.635696411 1.61108959 0.924220741 -0.299984902
    0.322901368 0.791421175 1.75589132 1.59259295 1.18898201 1.07033122
    0.676344275 0.665126085 0.321280658 0.155943483 1.14166546
    -0.0606739223 0.0758650303 -0.144737497 0.833940387 1.06184113
    0.297454536 1.84397233 0.0555909872 0.249999195 0.745712876
    1.51980174 0.777658701 -0.0309210718 -0.0610862374 1.35217547
    0.213637322 0.485200435 0.854910314 1.1862905 0.919179261
    -0.0451724529 0.364850819 1.12784243 0.250487208 1.97540808
    1.06178033 0.913288474 1.12726748 0.800387859 0.292564541
    -0.296829343 1.12927377 -0.0982820243 1.10148692 1.38935399
    1.3436079 1.71287656 1.29952979 1.47085965 -0.291499346 0.648314893
    0.184800893 -0.216185048 0.989215076 0.415929854 1.47253299
    1.27780235 1.50534177 0.571637154 1.55143785 -0.104360759
    0.604709685 -0.228896677 0.987655818 0.335104138 1.44095302
    1.40349412 1.54844582 1.86659682 0.67083925 1.43006432 0.418856233
    1.09951472 1.46444345 0.9927724 0.799281597 0.117724746 0.20620501
    1.84764624 0.640455008 1.32521248 0.113003582 1.57492304
    -0.328400671 1.63382924 1.39820218 1.23629808 0.383620292 1.51545763
    1.32991922 0.332900375 1.2818886 0.284931898 0.374802023 1.09615421
    1.75622141 0.00245204568 1.35158062 -0.194396272 -0.0398590565
    1.73648393 0.509281039 0.0657410622 0.643644929 0.167646766
    0.474272311 0.891551733 -0.0464965105 1.53623796 1.14448214
    0.375034124 0.862746477 0.678753078 1.38798594 1.74589849 0.16083473
    0.438669384 0.74808085 0.032492727 0.013158828 0.593554318 1.4023968
    0.2095173 1.51859987 -0.276002169 1.65592933 0.890844941 1.40553391
    0.281084299 0.679153085 -0.182245716 0.180627316 1.69593263
    -0.315103233 1.31219459 -0.229460716 1.61746478 1.19319582
    1.54181433 -0.239015162 1.3719393 1.25588906 1.2977016 -0.296310604
    1.21380329 0.362596333 0.818866968 1.46389675 0.937968433 1.01528943
    0.487445861 0.375516444 0.0282125473 1.23195148 1.02687299
    -0.0528819561 1.23287952 1.03732657 0.39975363 -0.154311776
    1.47848499 1.29975462 0.580451608 0.635719538 0.107366502 1.66668057
    0.313234657 -0.246414572 0.143403441 0.730319142 0.436735481
    0.51472491 0.410458326 0.129258633 0.43690598 0.677480817
    0.0251228511 0.713739276 -0.275225461 0.726741195 0.779284239
    1.67555463 0.254184872 1.65623355 0.917687774 0.85453248 1.40756071
    0.440212667 -0.259483039 0.258405238 0.518273711 1.40848994
    1.56581807 0.74860543 1.50416923 0.178924501 0.0368033051 1.20600808
    0.593440175 0.538068235 -0.18970044 0.311359972 1.21922374
    1.44645667 0.000231951475 1.7916975 1.61817086 0.307397783
    1.83333182 1.34245157 0.0516819358 -0.337259531 0.777513266
    0.567749143 -0.18588689 -0.268528759 0.0124269724 -0.247928515
    1.25553167 1.80622947 0.680434585 0.984599948 0.0309809446
    1.39130139 1.03454852 1.56414509 1.43236709 0.881709814 1.66382921
    1.14099097 1.09987283 0.325592965 1.00156987 0.748350382 1.58101237
    1.36516619 0.972042978 0.651324749 1.12475133 1.71315789 0.128674448
    0.692019463 -0.33824718 0.726620913 1.01191902 1.30479562
    0.507878423 0.454599589 1.49668276 0.385905325 1.71897972 1.35663545
    -0.204545051 1.03372395 1.49576342 1.1070466 0.296884984 0.134248376
    0.00462052226 -0.0120385885 0.641890168 1.19660783 1.00297213
    1.15886664 0.0851236582 0.57400918 -0.0661120415 1.31574321
    0.281845301 1.32076883 0.987606645 0.764820814 1.63563359
    0.554491639 0.331188381 -0.196800545 0.864239395 -0.327708393
    1.71116984 1.55558527 0.580102324 1.81695724 1.58947802 1.06496739
    1.82078469 -0.130416274 0.0876344144 0.836035252 0.445527464
    0.35392639 -0.18715021 1.71739244 1.49030137 1.11755538 0.772256017
    1.02605069 -0.147117332 -0.105934441 1.22491419 0.736349225
    0.793003678 0.708616555 0.359719634 1.08348691 -0.153480038
    1.69732451 0.169733346 1.58934104 1.18994641 1.2180481 1.48725057
    0.744092822 -0.000182598829 1.77074814 0.0833677351 0.797674656
    0.710356116 0.319369078 0.222136199 0.912006319 0.31789124
    1.30614829 1.37502182 1.11422181 1.42313206 1.77143729 0.890877366
    -0.0480426252 1.49651992 0.0695700049 -0.00156003237 -0.270621598
    0.7068609 1.71309447 1.054214 1.21043158 1.25574636 1.64662552
    -0.270505011 1.35148406 1.50120616 1.06143463 1.54432249
    -0.217214361 1.63295662 -0.300807148 1.39334702 -0.130826235
    0.189928025 0.968223393 0.65810287 1.15912545 0.169443965 1.64811301
    0.0152494609 -0.238206774 0.650072634 0.387376249 0.581738234
    1.29300094 -0.181633696 0.841427445 0.582110643 1.43893528
    0.750415444 1.63116503 1.40431356 0.632143915 -0.305390954
    1.58850634 1.33531129 1.62748981 0.0229713619 -0.203249484
    0.315096736 0.358971953 0.387778312 -0.372478992 0.535233438
    0.768881202 1.81106985 1.29534364 -0.299714684 0.819430709
    1.22247899 0.366205275 1.76024508 1.59551358 1.27901721 0.528944254
    1.53083467 0.557997704 0.238924384 -0.0801490247 -0.31520316
    1.00397921 0.187990397 0.173597872 0.972782195 0.6420151 0.638931632
    -0.045655787 -0.282339305 1.43340611 -0.251128137 1.60938215
    0.561775565 0.925916433 -0.295694172 0.708672762 1.44833124
    0.0440833867 0.553222775 0.471913576 1.73942447 1.66266727
    0.333661914 1.76746881 0.995234132 0.011683166 0.0198754668
    0.378177941 0.751402497 -0.315970957 1.54648483 0.649974704
    0.0855205953 1.69260442 0.258679718 1.31823099 0.565299749
    0.542182028 0.310039729 -0.330331743 1.01942229 1.49920249
    1.40391278 0.305041313 1.15245652 -0.313450992 1.34855032
    0.615443468 -0.296715647 1.73921442 1.01311016 0.603754997
    1.54988003 1.10092318 -0.312601954 1.67141283 1.07834375 0.794843078
    0.573790312 0.0879252553 -0.0623083711 0.596471429 -0.0199063718
    1.15501201 0.721515357 0.788180113 1.11449778 1.35993171 1.47982335
    0.241275489 -0.158939406 1.35450637 0.943066716 1.18732619
    0.595802426 -0.375623763 0.369518161 1.54096222 0.274396449
    1.08248496 0.916642547 0.209135264 1.75866735 0.323565781 1.70787656
    0.998126626 -0.316485941 -0.160567641 1.71680272 1.34214401
    1.02635169 0.889494658 0.307694495 1.10361755 1.13037419 1.06984365
    1.74036992 0.945657492 1.06406093 -0.301708937 0.0427726805
    0.971148491 -0.222679377 1.49451113 1.23687041 1.74775219
    0.379013717 0.569909453 0.797829747 1.69942689 1.36544621 1.78631687
    0.431730419 -0.290726095 1.38018775 -0.0449011922 1.6447258
    1.08898449 -0.00370419025 1.62526441 0.803736925 -0.0752712488
    0.235874474 0.069437325 1.54243755 -0.36756435 0.951339364
    0.956295848 -0.220873386 1.58568978 0.192677319 -0.0357981622
    0.602043986 1.10417998 -0.0309420228 -0.25818339 1.14800215
    -0.0597883165 -0.104401201 1.31315386 0.724235892 0.0365323722
    0.586954355 1.41781092 1.17062569 0.387136906 1.11849201 1.89424407
    1.66709137 1.74418211 0.457504958 1.10214806 0.287629724
    -0.242580384 0.82197988 0.339219689 1.00914824 0.777856588
    1.22717166 -0.0338381231 1.05101633 0.345244169 1.59618211
    0.260064781 -0.382137001 0.0678972304 0.913764 0.576068461
    0.336907804 1.09597039 0.879220605 1.14252639 -0.10728839
    -0.252783477 1.78132915 1.55535352 -0.384770989 -0.155844182
    0.226374805 -0.426960975 0.739270031 1.79682088 0.937589288
    0.130442142 0.493176699 1.26795602 -0.137084097 1.14900172
    1.27837348 1.4240284 -0.356839061 0.819913745 0.506326795
    0.992692173 -0.0739220977 1.42455697 0.925257266 1.58396971
    -0.344348162 1.22910523 0.526729107 0.190031528 1.61742961
    0.125525177 -0.411036074 1.02176368 0.112116158 1.72474384 1.6628474
    1.37958491 1.45543754 0.646590292 1.63938785 -0.221799493
    -0.183595538 0.964708209 0.247139424 1.29208732 1.28287888
    0.680324793 0.419541389 1.68381917 0.336169183 1.43115306
    0.464921594 0.0931896269 0.222957224 -0.408037245 -0.353463173
    0.650598645 0.902283192 1.36659145 -0.085244447 0.0872619748
    -0.318527937 0.396855801 1.42568994 1.63753819 1.4891324 0.685935497
    0.950103223 0.262347043 0.0982572734 -0.376244903 0.865682364
    0.321357697 1.4372493 1.79835796 1.23167562 1.8022207 1.5991894
    0.171196312 0.594665587 0.500647902 -0.303280473 1.45465076
    1.02098167 0.235037774 0.765743732 1.80813122 1.47795033 0.988562346
    0.140518636 1.02981567 1.23115647 1.54737937 1.67295933 1.83833432
    1.71429658 -0.263437569 -0.21051614 0.658287346 0.740843117
    -0.24999474 0.417731792 0.243505239 0.372776389 0.583567917
    0.537586212 0.176839083 1.3239044 -0.025290668 1.77002001
    0.619485855 0.315568477 1.65395808 -0.409528404 -0.198031619
    0.923614562 -0.161787242 1.75877833 1.27186441 1.31577003
    0.661405921 1.72796559 1.74876475 -0.217914775 1.17816055
    -0.047796011 -0.107143462 0.644437313 0.496919781 -0.121468723
    -0.288726389 0.737789035 0.534812629 -0.320347071 0.425864041
    1.38691676 0.312658489 0.441339284 -0.213876605 0.994123101
    1.63787615 1.78502679 -0.186507225 0.664170325 0.787560821
    0.228243083 -0.249222502 -0.0616229773 0.372856259 1.36196685
    0.254045278 1.51621842 0.666458011 1.73338699 0.966815829 0.18514666
    1.26747155 0.29219237 1.70366418 0.00368022919 0.607871652
    -0.371320486 1.64148903 -0.0109788477 1.44214976 0.463669509
    1.47054577 -0.135599166 0.744263172 0.372173965 0.399920255
    1.70873475 1.32236171 0.83341372 0.842592835 0.729739547 1.06183577
    1.39215541 0.798955798 -0.334785789 1.64787078 1.18383908
    -0.0581869781 0.862539828 -0.418944329 0.0325621068 -0.145973742
    -0.127347171 0.667292774 0.339313298 0.969564497 -0.154293805
    0.62978512 0.852490485 1.16929626 1.28532767 0.596476555 -0.26339668
    -0.398034394 -0.0112754703 0.0626625121 1.74690914 1.10659087
    -0.177394181 -0.18430157 0.274203449 0.423475087 0.586903572
    1.35819674 0.0261031687 -0.00317338109 0.491809249 1.23488498
    0.357811213 -0.359545887 0.428726763 -0.405374408 1.63054717
    1.64681828 1.3806386 0.0486238301 0.948123097 0.658862889 1.0740912
    1.40652621 0.491738379 -0.222213551 1.00555563 0.585751474 1.1768105
    1.44713259 0.347236395 1.90241945 1.08924758 -0.0942189246
    1.21464419 0.885863721 1.49840403 0.986640573 1.51868558
    -0.0424533784 1.05077338 0.0632888079 1.64295363 1.39582884
    0.819779873 -0.158132643 0.514322281 0.896551311 0.122605771
    0.46435082 0.353239954 1.66988063 0.99593854 -0.446879983
    0.781755865 0.958097577 1.63030553 0.237081677 1.68320501 1.03484118
    -0.237248257 1.01729679 1.2999332 0.5447191 0.404279113 0.800557673
    0.531966805 0.265325218 1.19318128 0.0454824865 0.532984316
    0.297528714 0.772071242 1.05114746 0.903517008 0.965808272
    0.623463213 0.388455361 0.271852911 1.67443657 1.42150271
    0.759895325 1.01653636 0.785684526 0.575753331 -0.0640211403
    1.05773044 0.630252838 1.19505441 1.44534349 0.682528138 1.04410994
    0.324549049 1.08050048 0.614039421 0.408562452 1.42688823 0.56641531
    1.73241842 1.50451016 1.48745418 -0.231126547 0.0486901104
    1.33402491 1.21858954 1.54203355 1.60661578 0.47207278 0.00334021449
    1.35751665 0.294900775 1.05551004 1.2373836 1.16952658 1.70570731
    0.571931839 1.46363664 -0.169081956 6.23166561e-05 0.0145101249
    0.735852003 0.350588828 -0.197644621 0.82676053 0.197531402
    0.767423511 0.939861774 -0.267018497 -0.183043182 0.412202597
    1.40928364 0.867192268 1.32914877 0.661629915 1.33656955 0.367962599
    1.3256222 -0.377996325 1.14718127 1.09892631 0.582378507 0.732189178
    1.55216086 1.55537844 1.16234064 0.892639518 1.29998326
    -0.0165928602 0.45964694 -0.42048499 0.590748191 0.35334909
    0.0666395128 1.64285195 1.47993374 0.562193215 1.34298491 1.2076143
    0.45866248 -0.415029496 -0.0482645035 -0.0758076012 0.589809597
    1.30796647 1.60403013 1.63135731 0.751896739 0.217147946 0.622147143
    0.523593903 -0.0655918121 1.46617067 0.0181901753 0.632817864
    -0.363578588 0.2450234 0.403966784 1.17774844 1.30832767 0.796174645
    0.0259656012 -0.439231157 1.28812492 0.772146463 -0.103381217
    0.149803638 -0.065882355 1.49936962 0.548923612 0.528977156
    1.32199371 1.69895935 0.496029437 0.502054811 0.481352925 1.40827501
    0.346907169 -0.392884314 0.875707269 0.0424706042 1.52327299
    -0.0104224384 -0.252817988 -0.179017812 -0.423669994 0.173183233
    1.74894392 1.71608925 0.0807930231 0.176377416 -0.374588937
    -0.232604951 1.10331607 0.269995093 -0.132056683 0.436205417
    -0.171830565 0.150501281 0.402002484 1.59545219 0.138452768
    1.62603211 1.09595013 1.27889168 -0.452900499 -0.113449901
    -0.279995143 0.135076761 1.65505505 0.702612221 0.894745886
    1.25077569 1.69843888 1.61407053 0.250452131 0.125045955
    -0.337815046 1.50502074 1.67000771 -0.067671001 0.459987789
    0.881263375 1.42324996 1.44897544 0.21319744 0.726767063 0.168640733
    -0.426009029 0.7745049 1.7782259 1.67113388 0.178996265 1.72097456
    1.59629631 1.32869422 0.0620204508 -0.144959509 -0.312368333
    -0.18203184 -0.0619433224 1.14723611 0.516384244 -0.217101172
    0.770269036 0.138417274 0.897479534 1.53811085 1.56048536 1.32674611
    0.563834548 0.17194435 0.296488047 0.919542968 1.47162938 0.69552213
    1.21966052 0.817587376 -0.186910808 0.232909977 1.0122354
    0.0379121006 0.409949809 0.686461091 -0.26972577 1.81677485
    -0.0443655849 0.15296486 1.35540938 0.844119072 0.309524149
    1.56137371 1.83871531 -0.29315567 -0.421587944 1.04641843
    -0.236532956 1.6933533 0.58155477 -0.144896924 -0.328996241
    1.53989768 1.11036897 1.42607009 0.10668093 0.00669300556
    -0.209870964 1.13345516 0.101957351 0.210173935 1.24080515
    0.687044501 -0.0289932489 1.00354862 0.63466531 0.394986898
    1.57545447 0.0115984678 1.32959569 1.1138016 0.580455303 1.72862172
    0.0321218967 0.42099914 0.247768641 -0.400732458 0.867430091
    -0.332888454 0.992201626 0.944088995 1.25335693 0.835719645
    0.942912638 0.232989132 1.27842832 1.18440008 0.838709116
    0.475391269 1.40135884 -0.0976234078 0.0172590017 -0.474570155
    0.532554448 0.452986658 0.239220858 -0.283428431 1.54206157
    1.1152091 0.397628784 -0.265649468 0.897614121 1.36271906
    -0.468040437 0.573932946 -0.279382497 -0.314124018 0.222616434
    1.08782184 1.38102198 -0.446615994 1.67671227 -0.0738588572
    0.272662997 -0.11979416 1.06189108 0.00873637199 0.92759186
    1.69766212 0.0606562197 0.0802807808 1.41569698 0.984668732
    0.885986805 0.139065772 1.43473554 0.435487598 1.66737056
    0.284519047 0.581701696 0.967178822 1.3876667 1.46019149
    -0.473268718 -0.285151929 -0.295422494 1.01758933 0.570292354
    0.330453515 0.344403177 1.24529064 -0.363964736 0.704600394
    1.00766408 0.497369975 0.390276819 1.19641054 0.810272157
    0.130396634 0.27031064 0.123082548 -0.0461356044 0.127585113
    1.67086804 1.60067093 1.70376706 1.18541515 1.04310822 0.711042047
    1.04503596 0.872053981 1.61692953 1.33387768 1.01730251
    -0.0531899035 0.585626841 1.33707309 1.70827639 1.17673147
    0.91712749 -0.219399542 0.444600582 0.521823406 -0.0532712042
    0.701052129 0.638822496 -0.00394240022 0.142908812 1.49658263
    0.942790031 -0.00886446238 0.0672926605 -0.286297381 0.487429529
    1.59474897 1.08154035 0.14861241 0.0145525634 0.89741379
    0.0568067729 0.612891793 1.52144277 -0.227913767 0.669043601
    -0.128597438 1.40226781 1.5972352 1.40932608 -0.109676093 1.03183484
    0.181710035 0.809187055 1.54738903 1.63044798 0.762367725 -0.3375341
    0.971518934 1.03493881 -0.0907934606 1.65548217 0.182659149
    1.57036734 0.321608186 1.5096662 0.879855633 1.75841427 0.0160755515
    0.420540422 0.0215187967 0.224040896 0.654837489 0.000972926617
    1.24968302 1.34722829 0.428668827 -0.0636722147 0.111872166
    0.844771266 -0.423094779 0.740680158 1.16769981 0.0522879958
    -0.0282925963 1.17980373 0.968375027 1.14507771 0.801958442
    0.5820719 0.286693633 0.736008167 1.05575204 -0.237235665 1.68639004
    0.947053492 0.289254606 1.42040277 1.46158862 0.424644232
    0.00289797783 0.837516367 -0.411935389 -0.0192615688 0.163404644
    1.23066819 1.27729154 1.00645554 0.718217969 -0.12914589 1.68121684
    0.236724168 0.381604314 0.733471155 0.374236435 0.254402816
    1.30259109 0.148179829 1.32496035 0.984277129 1.59811878 -0.03674227
    0.641636491 1.29931819 1.13439286 -0.0288497806 0.93319881 1.6905477
    0.076926142 0.0511029065 1.41458988 -0.278126359 1.11527741
    0.290644169 0.847169638 0.184795082 1.50210357 0.882240474
    1.64989018 0.162294626 1.53416038 0.628659606 1.63753247 0.860510826
    0.332514912 1.22559834 0.200811535 1.93127227 1.85556471 1.13284564
    1.38985634 -0.212237254 0.621261597 0.525996327 -0.397711903
    0.46333766 0.559462607 0.635377288 0.840995789 0.290185153
    -0.199080229 0.169585824 0.514793634 0.0536259413 -0.0324283838
    0.710225224 0.739993811 1.45103121 1.53266406 -0.42811811
    0.548325717 1.67783928 0.967226148 -0.120828658 0.977696836
    0.375238121 0.589634478 -0.522468626 0.0744598508 0.451329112
    0.37769556 0.940425336 0.175367296 1.52771425 1.7010082 1.20395756
    0.636406004 0.90926218 -0.227210641 -0.00404417515 0.0655373335
    1.20858884 -0.225820541 1.45178306 1.26515198 1.19100738 0.02016294
    0.0322287679 0.198107898 1.09515107 0.678049982 -0.0493076444
    0.650264621 1.50007558 0.598248303 0.908637345 0.00627291203
    0.726276338 1.30819273 0.339344263 1.59179831 -0.117831707
    0.106794477 1.15880096 1.24165463 -0.402957141 1.04218769
    0.949933767 -0.513864219 1.08488083 0.607083261 0.0298082829
    0.894068837 0.270151317 0.827456534 0.188800514 0.523456752
    0.0975177288 0.406761527 0.737173855 -0.086394161 0.721120179
    0.0111948252 -0.524326861 1.19374251 0.196191669 -0.196496546
    -0.368353605 1.43291593 -0.0448361933 1.13263142 -0.0525469184
    -0.240193427 0.600618541 0.570267439 0.881309688 0.242364585
    -0.0273470879 0.12318629 0.414527059 -0.244893461 0.432478487
    0.965505898 0.251205027 0.330337942 1.19887972 -0.436531097
    -0.400235176 0.527467191 -0.412926465 1.17759216 1.64754546
    -0.256188244 1.29207397 0.315864474 1.24192834 -0.368146122
    0.259194911 0.803426385 0.781886935 1.37287688 -0.483191371
    1.20511484 -0.491264522 -0.013118118 0.967477083 -0.227637678
    1.650527 0.217030525 1.31616879 -0.296881795 1.02707195 1.26252866
    0.0805017352 1.08846426 0.222448051 0.0454512239 1.23947692
    1.02973711 1.09350038 0.469112635 0.464250267 1.37991619 1.63424182
    -0.286999524 0.899146318 1.5230962 0.438424885 1.03920126
    -0.405805498 0.858735681 1.12659812 -0.28547743 0.554079473
    -0.182098508 0.939401388 0.0405634046 -0.165227085 1.20144439
    -0.0763025582 0.654860318 1.00641131 0.459187686 0.391812086
    1.13227379 1.53263795 -0.0241408348 0.665836632 0.476797521
    1.39255059 0.51593399 0.199099958 -0.00515055656 1.22878146
    0.107621789 0.193881392 1.56289506 1.35076451 1.21698904
    -0.0416758955 -0.246683836 -0.281771839 0.0387117863 0.524150789
    1.34756589 0.690021515 -0.0646532774 -0.518130422 0.827349246
    -0.483159333 0.165385246 0.602552533 1.39366293 1.60656714
    0.232180059 0.589673758 -0.229120463 0.0650104284 -0.117396772
    1.45235801 1.62796748 -0.25755161 0.488445461 0.855143607 1.15576363
    1.44594955 1.15153408 1.14178431 -0.319646776 -0.245258719
    0.268215477 1.25325751 -0.113435805 0.328160763 1.27653408
    0.255691826 1.14810181 -0.400295734 0.0373775363 0.551968873
    0.407355607 0.300550759 0.942181587 1.49591279 0.102924228
    0.0609180927 -0.223441899 0.692592859 1.56471276 1.69928062
    0.248444617 -0.0559816957 1.03017569 0.360403538 -0.0293395519
    0.204107642 1.11774325 0.909775853 -0.468825936 0.0324734449
    -0.198090285 0.915004432 -0.0767337382 1.17298007 0.578844845
    0.309927642 1.65879047 0.56477809 -0.0800371468 1.30789459
    0.910703063 1.4643507 0.161520571 1.30804002 -0.0458563864
    1.86515415 -0.389163285 0.513236582 0.900022864 1.1743983
    0.895454824 1.09065771 1.05972004 1.40919018 0.274451017 0.513011336
    1.58600259 1.68053627 1.11101389 -0.464283288 -0.0251796246
    0.899801195 0.900764942 0.238228142 0.744538486 -0.276555181
    -0.541879117 1.39706182 0.865940213 0.168177903 -0.403190315
    0.886425078 1.06384039 0.366767228 1.04864168 0.999377966
    -0.557518065 -0.294950157 -0.141329587 1.66896129 0.866387665
    -0.499950141 1.22218251 -0.0103876591 0.697583497 0.524931788
    1.11910605 1.24526238 1.28174746 1.18586206 -0.106425434 0.630879939
    0.461190283 1.6242609 1.51520383 -0.349025518 0.083781302
    0.922723711 0.562091291 0.745616436 -0.129786462 -0.348641157
    0.113418818 0.0593480468 1.24591827 -0.101705134 0.0570053458
    0.168800592 0.483967781 0.159911096 1.35607243 0.344283104
    -0.0907852352 0.693187654 0.879618704 -0.0487136245 0.737429023
    1.63551366 0.69049561 0.574555755 0.882188797 1.35904992
    -0.00878036022 0.83311677 -0.445047557 1.67956495 -0.0352709889
    1.07610595 0.543933988 0.262061656 0.998290539 0.909719467
    1.09158993 -0.225462854 -0.0229250789 1.6056931 1.58197689
    1.15799975 0.0338251591 1.27699077 1.19263458 1.69491076 0.59658742
    1.14106655 1.33970141 -0.103947639 0.282825232 1.44302893
    0.572984397 0.520470977 -0.531984627 1.66691256 0.531015038
    0.711268067 -0.189602494 -0.0949631929 0.406395972 0.281086564
    1.32354045 0.916683316 0.674527884 0.467946827 0.124439895
    0.327925444 0.119620025 0.714197814 -0.220918149 -0.480299234
    0.421674132 0.478871465 0.677429974 1.37710452 -0.140030086
    1.09122038 0.460605085 -0.451979101 0.507793128 0.364626348
    1.56972408 1.54716814 -0.473968416 0.517376244 1.42330384
    0.655620158 1.64788985 1.22870219 0.206165433 1.43083417 0.994954586
    0.917039156 0.551351547 0.224180341 0.0964506865 0.315660179
    0.240027547 1.15708709 1.26317835 0.226023793 0.984051943
    0.376814246 0.0736269951 0.657457232 0.267935574 1.25434446
    -0.279543221 -0.163431108 -0.299313813 -0.481367499 0.917849958
    0.0616191626 0.468845665 -0.488634527 0.752411366 0.925381541
    0.0210493803 0.0450178385 0.0166056156 0.509892941 -0.198020339
    1.54846084 0.849155903 0.790251374 -0.240089059 0.242244244
    -0.112744659 -0.419262439 0.310590029 0.0652517676 0.349262655
    0.279287934 0.889174819 -0.503392816 -0.554413617 1.63571239
    1.41149831 0.809794247 1.08686459 0.898575485 0.359325349
    -0.0212700367 0.491139293 1.30342317 0.272667408 0.671336949
    1.09037375 0.69091934 -0.288171798 0.505227387 0.46216923
    0.613354862 1.44554341 1.36741614 1.27647042 -0.212814987 1.53034759
    1.32781029 1.00453353 1.40128994 0.111040592 0.353190303 0.843810678
    -0.294327855 -0.204386115 0.546678603 0.691982806 1.65622997
    0.92416805 0.377739429 0.0727641582 -0.396784723 0.524757147
    1.07850969 1.14756012 0.808660269 -0.4384453 -0.202558458 1.16852558
    0.612582922 1.28121066 0.211762369 1.47612798 1.42164636 0.505882323
    1.38388896 1.45791912 -0.542079568 1.62833464 1.29663157
    -0.461741149 1.19050753 -0.400247991 1.37284577 1.44765687
    -0.190625787 1.65878689 1.35872841 1.6936183 0.773828268
    -0.052850008 1.84974563 1.17580366 0.492572993 -0.269975483
    1.57174802 1.56177688 1.41325998 1.51308107 -0.544598043 0.215182245
    1.6508106 0.283145726 0.00867044926 -0.308073014 0.202540219
    -0.206529319 1.26800466 0.0963059664 0.4217484 -0.236190975
    0.21657753 1.55732703 1.43981266 -0.054225862 1.47766364 1.60166001
    1.00352216 0.546840787 0.233540118 0.373397589 0.844953716
    1.05913448 1.13743258 -0.447917581 1.46723914 1.20238793 1.26711726
    1.40600562 0.253729522 -0.599970341 -0.104183972 0.119080484
    0.787080169 -0.284356326 1.23183584 0.738056242 1.2115047 1.50748575
    1.58996391 -0.476805687 -0.149287283 0.682846725 1.56642222
    -0.383355498 -0.30138132 -0.403678238 -0.334661722 1.2802074
    -0.335404217 1.08483577 -0.00896340609 0.857933462 0.00748938322
    0.604456484 1.22455788 1.1339891 0.603178442 -0.508514524
    -0.0584198236 0.563244283 0.922669649 1.3818469 -0.50520438
    0.63811928 1.64031267 1.2817626 -0.402468264 0.334600091 0.056654036
    -0.503372192 1.5279808 0.20917505 1.33495784 0.00291132927
    0.451112688 1.28688931 0.614330769 1.65118694 1.45552266 1.51994824
    0.424864709 0.228561878 1.6427927 1.28555465 -0.134515792
    0.783894122 1.36054921 -0.370315224 0.441928267 0.0444912314
    0.60052377 0.293189704 -0.235897601 1.54749131 0.552425265
    1.30760837 0.451682091 1.31784487 0.581446826 -0.207685202
    -0.553211749 -0.182013899 0.626510859 1.29407144 -0.232758701
    0.590154409 -0.375196159 -0.530735016 0.41371727 -0.47024551
    0.834834993 1.05807376 1.20867407 -0.370634437 1.47785711 1.56216192
    1.60090125 0.844332159 -0.119234025 -0.0986897051 1.27675235
    1.37030482 -0.280129492 1.40590358 -0.193383336 0.177995741
    0.175480366 0.599269211 0.222134888 0.130780995 1.54724836
    0.814357877 0.0548769236 -0.562478244 0.259558916 1.49848032
    0.280158639 1.58155203 0.272119105 0.00967514515 0.072522819
    0.858482003 0.173015594 -0.0972394943 -0.505636811 -0.244740635
    1.53278852 1.35217595 0.942526221 0.514186084 0.671469152 1.15034819
    0.128297687 -0.0347382426 -0.507945359 0.82471174 0.930229366
    0.885856748 1.21741962 0.0785577297 -0.502025366 1.44187462
    1.6163249 1.52713239 -0.361134589 0.380133331 -0.431604743
    1.48134613 0.98115772 0.548743367 0.921097696 1.14289093 0.462334514
    1.46121526 0.0611287951 0.401783288 -0.479025245 1.62701559
    1.32098675 0.167436242 0.727900028 1.46433914 1.36663055 1.07575226
    1.49769211 1.42299652 -0.611830235 -0.214282811 1.17757261
    1.07469535 1.4794414 -0.323906481 0.519108713 0.624159038
    0.120125353 0.116438687 -0.185284644 0.19281882 0.852431774
    -0.180883169 -0.132387698 1.19553542 -0.464753002 1.45810556
    0.891981661 -0.380249649 -0.379561156 0.290292382 1.48651481
    1.49542439 0.534260631 -0.388469756 -0.0372513533 0.0770692229
    -0.27298826 -0.29290238 0.60990411 0.839943945 1.28574586 1.34443343
    1.45744991 1.20236802 0.33743757 1.66301918 -0.56874156 0.933945894
    1.30467963 1.48911464 1.18827116 1.05794895 1.181005 -0.254550934
    -0.346289635 0.567263365 0.783229053 0.277385771 0.622383475
    0.447680295 1.18118644 -0.261917472 1.60364604 0.488459706
    0.818393409 1.48539329 -0.332900554 0.228216857 1.78225136
    0.594929814 1.47516489 0.727078676 1.66117013 0.0860037804
    -0.218284875 0.928931832 0.61091727 1.41015673 1.4322989
    -0.189884335 -0.390302777 0.470950186 -0.29501304 -0.515496492
    1.36266255 1.42671239 -0.379585266 0.518448114 0.794002533
    0.815900624 0.89169991 -0.39145726 0.887642562 0.64522332 1.54702938
    -0.21739921 0.937232018 1.52697492 1.54457414 0.00637364388
    -0.0700511336 -0.145040572 0.184888899 -0.117480278 0.676909685
    0.935286522 0.231137753 1.04984736 -0.160264909 1.43539011
    0.968495309 -0.429907203 -0.265939444 -0.344799608 -0.0243647695
    1.45261037 1.14850056 0.09394449 -0.542992353 1.27242684 0.188059509
    1.02034605 1.27746034 1.51004887 0.597762764 0.898976862 1.18352664
    1.20146108 0.650513589 0.829918206 0.274708688 1.46229768 0.99505949
    0.460691333 0.409954607 0.679107487 -0.255090743 1.16008186
    1.49017942 -0.409048706 1.37502968 0.903596759 1.15745413
    -0.127716839 0.685346305 0.457160354 0.920274734 -0.439024508
    0.164788902 0.143161714 0.461262643 -0.211168408 -0.165195942
    0.956304014 0.387821198 0.733792603 0.344915748 -0.133042067
    0.340067029 1.60695148 0.89228344 0.222968757 1.4081099 -0.475950569
    0.693530321 -0.0641316175 0.532664835 1.57331896 0.331914127
    0.715710998 -0.417943954 -0.18737942 -0.369649649 1.13559532
    0.471606076 0.192182422 0.299915671 1.49977493 0.21290952
    0.944337249 0.829732478 0.106336176 -0.583129287 0.442617357
    -0.337746531 0.590298295 0.815629482 -0.17204985 0.612252176
    0.212991297 -0.142340243 0.568481982 0.391655564 0.00756967068
    0.444766045 0.664394855 0.660677552 1.43326712 0.361633658
    0.36631465 0.83537674 1.29048169 0.204785883 0.72504884 -0.258878112
    0.423808336 0.912239194 0.302850068 -0.199547052 0.764189065
    1.15671122 0.373292089 0.943129778 -0.366447806 0.820451856
    -0.478626192 1.24565244 -0.260776669 0.740828395 0.219151676
    1.39166319 -0.499664962 1.43010092 0.56995523 -0.0116020441
    1.31972551 1.06569672 -0.495196939 1.37054157 1.54051447 1.38558686
    0.137208343 1.44019008 -0.223275691 1.50116563 1.53517342 1.11229098
    0.980129898 0.760966599 0.0445171595 -0.29422915 1.54903078
    0.59817642 0.946473718 0.688983321 1.51919174 0.696814775 0.52512306
    1.08861661 1.09283423 1.06882119 0.0671937466 -0.401040316
    -0.414508045 1.29564404 -0.00441342592 0.144553483 1.2337122
    1.36520672 0.913236678 0.0746908784 1.1026386 -0.279600471
    1.24057233 0.403516591 1.27657866 0.208065212 -0.427880973
    -0.10198468 0.0815258622 -0.511345625 0.00782555342 1.15592217
    0.96398735 1.50498283 0.0369011164 -0.229585946 1.05810237
    -0.226175994 1.21652997 0.972455919 1.39275038 0.708746731
    1.17559075 0.461315095 -0.496543884 0.565735877 1.10622478
    -0.0171381831 -0.407058835 -0.288874775 0.207379282 0.322366059
    0.805150211 -0.147312641 0.0385266542 -0.190932721 0.391494632
    1.09815669 -0.287519783 1.06119132 -0.193405092 -0.0709689856
    -0.302702636 0.255142808 1.46966469 1.52183485 1.08099282
    0.082002759 0.789376676 0.875804901 1.52507722 0.025182724
    1.19816387 1.19837117 1.06961691 0.22054553 1.59046006 1.13582778
    1.16678512 1.43604994 1.05197453 -0.0499401987 1.00992751
    0.957140446 0.93764627 -0.196467772 0.307750911 -0.155736357
    0.292760909 -0.022816658 1.29574466 -0.372332871 1.5289557
    0.0341535807 0.178263962 1.42318749 -0.148671955 0.181752622
    -0.494287789 0.467265368 0.550411046 -0.294432521 0.311825991
    0.111794293 0.414303601 1.47940397 -0.375378728 -0.533920288
    0.523331761 -0.268728673 1.22586441 0.427531421 1.08274412
    -0.1591627 -0.168784738 1.10312724 0.333588302 -0.332072526
    1.36388004 0.0200412869 1.44840789 -0.47671929 1.33384228 1.07282305
    0.817015409 -0.0660309792 -0.119239092 -0.491239578 0.42460531
    -0.567426741 1.43919778 0.680763543 0.284077168 0.99110508
    -0.366268367 0.292412996 1.18516397 -0.48892799 0.228678226
    0.190212965 1.45964694 0.842432499 0.758647621 0.183456182
    -0.337355077 0.129358113 -0.405983746 0.449346423 -0.100715041
    1.1122309 0.285649836 0.882280529 1.39616013 -0.228176177
    -0.47790128 0.175606906 -0.507757962 1.3995322 0.946293533
    1.25863004 0.238026559 -0.436485112 -0.204118609 -0.203523368
    1.45771873 0.957661688 0.709743738 0.706617713 1.02404881 1.14360023
    -0.142465651 1.62108636 0.500667274 -0.521405756 -0.442567527
    0.16075027 0.05659163 -0.208424002 0.647410631 0.638387203
    -0.394268632 1.23383236 0.937129259 1.00934792 1.32986593
    -0.502932012 0.908486009 0.953702807 -0.312825859 0.740051925
    1.41589487 -0.470425963 0.268378019 0.416169524 1.59588265
    0.83701998 0.0646094084 0.0907888412 -0.213080198 -0.566681981
    0.818791151 1.0403161 0.538019538 -0.52024585 0.0396714807
    -0.129027963 0.238510132 -0.0432841778 0.699806094 0.278037071
    -0.415692568 0.111937463 1.49215341 0.810761333 -0.440383077
    -0.0960383415 1.48576498 0.521561265 0.254295766 1.08032155
    0.268994749 0.0117282271 0.267456293 -0.480332971 0.331002772
    -0.510736108 0.692379117 0.329195082 0.958608389 -0.0903657675
    1.10466123 -0.174913794 -0.55576098 0.919461787 -0.140499294
    0.268040478 -0.411334932 0.688534498 1.21085179 -0.0610114932
    1.61428273 1.19427323 -0.479405284 0.149028897 -0.0531760454
    0.862612367 1.20943713 0.722832203 0.236529768 0.743761837
    1.49416828 1.57503629 0.10646987 0.832268894 1.54039502 0.456121624
    1.0338428 1.5038352 1.6132586 0.465941429 0.298698664 0.736342669
    -0.146760404 0.919738054 -0.412338674 -0.296961665 0.815732658
    0.511714697 0.220454395 1.58794737 1.14818311 1.48601365
    -0.0821427107 -0.432671398 0.017954886 0.407344103 1.29687083
    0.471192539 -0.271907359 0.166846097 0.440245271 0.311828256
    0.707204759 0.652540684 0.183187485 1.04156971 1.31194401
    0.681309164 -0.358547062 0.155237615 -0.425429136 1.09800065
    0.111903667 0.825254917 0.420212448 1.29257822 1.4706881 0.578850031
    -0.479293704 0.932357907 -0.466365516 0.0501054525 0.415262878
    0.34233892 -0.568340242 0.684485316 -0.420594007 0.450100899
    1.39957476 0.994667888 0.234528422 1.48128366 0.0387453437
    0.635609746 0.974058211 0.120927513 0.445861399 -0.0427672267
    -0.119915873 0.377895474 -0.210837901 1.04814911 -0.317418367
    0.0734245181 -0.570027411 -0.0517899394 0.145496249 0.926583409
    -0.105128586 -0.517994046 0.803597033 1.357373 0.0965016484
    1.67613482 0.13671875 0.722390115 0.187815964 1.29145622 1.49975157
    0.667667031 0.459268987 -0.0513347387 0.293312311 1.74997115
    1.50343442 -0.240454018 0.379479587 1.60258389 1.44481635
    0.271067381 0.320561051 0.0672088265 0.55888474 1.06651926
    1.50765824 0.0105195642 -0.472322375 0.437008083 1.07567358
    0.462326705 0.410240114 0.786251903 -0.463890791 -0.00867092609
    1.34669375 -0.573051035 1.28410876 -0.280709326 1.37216949
    -0.291444033 1.32653666 1.26970887 0.135802329 -0.185350716
    0.62860769 -0.46995008 1.30718017 1.50108409 -0.147905052 0.37199229
    0.421240449 0.653643429 0.513806462 1.18080974 0.116577268
    0.515807569 -0.458563685 1.31585777 -0.352069795 0.764730334
    1.08617949 1.12005293 1.25553298 0.454408824 -0.563220859
    0.278547704 0.83420378 0.109084547 -0.238262028 1.15272522
    0.218089402 1.33172727 0.881579459 0.981179893 -0.179915756
    -0.0607572198 -0.451307476 0.159644723 0.471104801 0.44812429
    0.690940499 -0.456929326 0.493461907 0.621025801 -0.0471103191
    -0.390161276 1.29445803 -0.293729365 0.391825199 0.667701066
    1.26821303 -0.123832047 0.101648569 1.43401909 -0.0594571829
    0.407287955 1.13235009 0.829882741 0.843783259 0.548632443
    -0.225252718 1.00912356 0.794535518 0.852587104 1.60978436
    1.50045621 -0.156773508 0.297141373 0.456874251 0.289992273
    1.32116628 -0.376738101 -0.191399038 1.33289695 -0.281717747
    -0.490147144 1.0584898 0.870043755 0.238613725 -0.527746797
    0.394978881 0.514990389 -0.377256036 0.991563797 0.267322838
    0.879067481 0.79055649 -0.128742039 -0.0733389854 -0.328992486
    -0.547399044 -0.281246483 -0.522247314 -0.49111551 0.728465497
    1.55614948 0.533379436 0.179028273 0.0662475824 0.106759131
    0.0298292041 0.0838020444 -0.248189211 0.962275028 0.292361021
    1.61192572 1.53207457 -0.300293803 0.660290599 -0.236246824
    0.560036659 0.537742078 -0.342786908 -0.0710013509 1.2281425
    -0.228679121 1.47598529 1.24862766 1.59806204 -0.353352904
    0.714863479 1.51500547 0.299933314 0.408717632 0.496234357
    0.750894427 -0.336784035 0.84675616 -0.0183637142 -0.290926903
    -0.0648136139 1.51476359 1.47385967 1.61990333 1.52252781
    0.105982721 0.930936456 0.172076285 0.825202465 -0.246349066
    1.07116711 0.50172925 0.716093898 1.62895191 0.725190699
    -0.0374631286 1.02396274 -0.268835694 0.435867488 0.918960094
    -0.0320382714 -0.511847496 0.528376758 1.58753932 0.141848564
    -0.25616318 0.660680115 1.07806516 -0.55624938 1.12374759
    0.595656097 1.49290609 1.57748497 1.40838027 -0.227018058
    -0.468856871 0.648681402 0.731944501 1.1579082 0.806222796
    0.915517509 1.07392406 -0.623869658 0.0567462444 0.854317129
    0.390008628 0.737416744 0.22476697 -0.285305738 0.0395044088
    1.51261687 1.05740404 0.215135396 1.44389606 -0.129779011 1.51826763
    -0.207176954 0.701432467 1.05960536 0.225514174 -0.478088737
    1.48898244 1.12486768 0.211517215 0.100655913 1.62549639 1.31567585
    1.3425405 -0.588949382 0.995608509 0.604424238 -0.10086453
    -0.166347921 1.43542171 0.763050139 -0.5790205 0.669830322
    1.60059237 0.866696954 0.600450873 1.52609015 0.448719203 1.51533341
    0.469588339 0.885944307 0.728991091 0.723110914 0.230153799
    -0.473472834 1.55358458 0.213033378 1.69552028 1.34551787 1.34497225
    1.83472657 1.83133388 1.47786546 0.844980121 0.412911832 1.65008593
    0.495209515 0.107649744 -0.510226786 1.63429105 0.0427314639
    -0.499107987 1.58137798 0.633021891 0.305864155 1.43526387
    0.384968877 1.21192265 0.27858603 0.00743734837 0.215043068
    -0.498621106 0.8525334 -0.293408662 1.53440285 0.319696665
    0.866875648 1.50251627 0.534107924 1.02819145 0.773615003 1.57660973
    -0.221023858 -0.0861054659 0.236360312 -0.560333014 0.561223447
    1.39134836 1.43304324 -0.109640121 1.35318923 0.411466599
    0.167949736 -0.506725907 -0.305477202 1.27910984 -0.0172590017
    0.873117089 -0.618853509 0.72709465 0.977587581 0.326666594
    1.07266867 -0.149068385 -0.510201097 1.24579716 -0.485506564
    0.713088036 0.412682295 1.5346415 -0.502857685 0.72083348
    0.225185096 1.15056014 1.52964294 1.08935976 1.37702918 1.23380637
    1.54061174 0.0697613358 1.6018641 0.710905552 0.721344829
    0.481529117 -0.227579296 1.25318563 0.0396217108 1.36016238
    -0.308473676 1.3742528 1.20917535 1.50821137 0.184046805
    -0.0640641451 -0.445799708 1.50351429 0.216499567 0.353889227
    0.411901712 1.1953814 -0.292653292 -0.151360631 1.10711956
    -0.543000519 1.43055153 0.975515544 1.40393114 0.0645071268
    0.743591487 0.406911731 0.644644141 -0.183060497 0.090565145
    -0.207466751 0.11675173 0.0364881754 0.145173728 1.12220693
    -0.107849956 0.548148751 -0.304268956 0.239423275 0.599860489
    -0.490332425 -0.0549195409 -0.293567479 1.07499552 0.293917716
    0.555132449 1.25721097 -0.592579782 0.119827569 -0.435655653
    1.56697893 -0.0695538521 -0.285423487 1.09746099 1.13129926
    0.00682276487 1.30434918 0.165399194 0.210902214 1.50473809
    0.496000707 0.135496259 1.36787367 0.879295051 -0.420655817
    0.526019156 0.384532154 0.784484446 0.468656063 0.388640344
    0.212373376 0.4395262 -0.27904439 1.53591812 1.50740123 0.408458531
    0.14713788 0.0519616008 1.23481321 0.149071276 -0.294542074
    -0.304818153 1.15198731 0.198981822 -0.412302673 1.61177993
    0.372198999 0.404242456 1.11488581 -0.139102459 -0.403982759
    0.0215567946 0.828203142 -0.473806202 -0.434381783 -0.056038022
    0.211323559 -0.334645927 -0.0126844645 -0.155623287 -0.43848294
    -0.238441199 -0.328148752 0.487992346 0.0890001655 1.58932734
    1.4088428 0.138583899 1.46654296 -0.470369816 0.340948284
    0.561748087 1.11893535 1.33001041 1.33402157 -0.333172798 1.33014035
    1.08462799 0.83014065 0.80678004 0.247014403 0.887064576 1.04483294
    0.959722877 0.182338655 1.17817903 -0.00911474228 0.967715025
    1.42209387 -0.222880244 0.864357293 1.44043016 0.552009821
    -0.00432491302 0.297276556 -0.50729692 0.372243404 -0.299696296
    0.349099219 -0.149536967 0.911373615 0.658729076 -0.507389665
    0.349479973 1.10961652 1.17962766 0.131719112 1.18441629
    0.0731149316 0.299783885 0.0166525841 1.17953837 1.35318005
    1.31466651 1.40159106 1.60928631 0.794870555 -0.271657825 0.23127079
    0.453815222 -0.284745455 0.0310590863 0.752833068 0.548205614
    0.0201869011 0.15751946 -0.095618546 1.34991682 0.0863140225
    -0.543630958 -0.588322639 0.107153058 1.40660286 0.273501277
    1.20993257 0.157037675 1.00286984 -0.311869919 0.531609237
    0.0286933482 0.101801604 0.550962508 0.827444553 -0.0807321966
    0.275843233 1.31202674 1.81585002 0.562084675 0.0260858834
    0.0630523562 1.21176004 0.60486412 0.160671413 1.01678705 1.42933083
    -0.159599632 0.766807139 1.53141809 1.5539999 -0.577029407
    -0.156823248 0.637378693 0.99457711 1.53470051 0.0665052533
    0.449719787 -0.215886563 0.177418053 1.25165987 0.174797297
    -0.300441176 1.6021018 0.262032807 -0.383343905 0.363720775
    -0.0505298376 0.53621763 -0.510750651 1.26445329 0.654079914
    -0.100968957 -0.0286732316 1.51835918 0.444895327 0.129532814
    0.108779609 0.0685114861 0.147312403 0.0199480057 1.36465049
    0.796017587 -0.156539887 1.15094256 0.217228532 1.43296599
    1.27897835 0.123094976 0.0855561495 0.882707953 0.113670111
    0.464856684 1.14542484 0.771989524 -0.374864489 1.60071158
    0.170984745 -0.308927089 1.10478544 1.0800519 1.07173777 0.549085379
    0.465654254 0.465479612 0.132841945 -0.550177038 0.99679625
    0.742668092 0.9939152 1.2019012 1.28052092 0.578206241 -0.316885233
    0.812016666 -0.45191741 0.571418762 0.436442792 0.398878396
    -0.0633235574 1.11846733 0.877443254 0.583803296 1.43522525
    0.204068422 1.50795603 1.33752561 0.585802138 0.845027089
    0.625579596 1.39669704 0.106972158 0.0811273456 1.17392087
    0.586128235 0.0784277916 1.48318398 0.525389075 1.15517604
    -0.487555921 0.312896788 -0.56542933 1.5747056 1.39946699
    -0.271986604 0.0250265002 0.551000416 1.37336397 1.62618268
    0.713433921 1.09724867 -0.434023887 0.240089417 1.48515439
    -0.588464856 -0.517832756 0.0108218789 0.0904765129 1.02598619
    0.299336374 0.958600879 -0.304692537 1.50787234 1.54188001
    1.30309737 -0.306184024 1.39092517 0.172166407 -0.297345519
    -0.467348009 1.39515245 1.52302551 -0.0456036329 1.38427281
    -0.0432471633 -0.537489653 -0.425117314 0.368053377 -0.480954051
    1.45721936 0.998443365 0.996703446 0.416709721 -0.190340489
    0.525649786 0.295085788 -0.0653440356 -0.217649728 1.14095068
    0.571983516 1.14242494 0.576866031 0.322458625 0.41860795 1.06585908
    1.37190986 1.27826214 0.19668889 1.37523043 -0.301874429 1.35964668
    0.956718802 -0.082534194 0.694669843 0.115641713 1.37759161
    -0.222651333 0.90680176 0.0454523563 0.464060605 -0.336094797
    -0.221900046 0.755089998 1.37697625 0.50151974 1.59464681 1.14614809
    0.016752243 1.232126 0.504719615 -0.281423211 -0.376587898
    0.730234444 0.0302703977 1.19633245 1.19730473 1.23706198
    -0.320679992 1.19750583 -0.290971756 -0.304182023 1.34321988
    -0.289904475 1.01478791 0.353874803 0.250323355 1.40895867
    1.58751917 1.54242492 1.16398847 0.701623559 0.586650074 0.609642982
    1.37460232 -0.570138752 -0.221958041 0.308160186 0.218237877
    1.16545522 1.11973965 -0.0478141308 0.446061075 -0.198360503
    1.40009344 1.45597959 0.0912531614 0.451627612 1.30366373
    -0.0116220713 0.72069031 0.50955981 0.100156665 0.539401472
    1.61749816 0.715509892 -0.42679593 0.151280344 -0.502014577
    -0.473243862 1.35717726 -0.552557886 0.435808003 0.566759467
    0.751564264 1.45973563 -0.32644102 0.201911092 1.58036947 0.35889864
    1.3337003 0.427235126 1.45033133 0.12700069 -0.331465542
    -0.0751447678 1.38881254 0.338570714 1.65122497 1.52043009
    -0.336880773 1.12874818 0.633000731 1.71883321 -0.252216101
    0.79941988 0.960416555 -0.329037726 1.0115056 0.27818805 -0.23358202
    1.57744789 0.88950628 1.43370914 -0.296028167 0.789690554
    -0.415207863 0.674519837 1.23230052 -0.560667574 -0.255926728
    -0.173596889 -0.16431424 0.835386992 0.615678668 -0.608314097
    0.607456386 0.211153865 1.14277828 0.0414384007 0.242870986
    1.4512248 0.243579388 0.257889748 0.0355265141 0.952925086
    1.57855558 1.33333886 1.48547602 1.39966178 -0.629517317 0.460884869
    0.196237504 -0.0311877728 1.36802411 0.174666882 0.862471998
    1.19984269 1.52016521 0.804443538 -0.269892305 0.87222302
    -0.0192201734 0.288986742 0.172749221 1.40840292 0.293663621
    0.0716593266 1.12504613 0.606404483 1.26691103 0.146026731
    0.375202894 0.049235642 1.21058536 -0.271764576 -0.0618842244
    0.764366984 -0.207797021 0.0774735212 1.29445457 0.930984616
    0.182593048 1.27809823 0.729564071 1.04909563 0.637005866
    0.994719505 0.939832509 0.453113377 0.752697587 1.32411051
    -0.553474665 0.271823049 1.40030682 1.49933946 -0.473459482
    -0.00690698624 0.258627832 0.336316228 -0.114840865 1.31724966
    0.0331029296 -0.543127716 -0.47939837 0.862289011 0.10119617
    0.584984362 1.01464701 -0.407824516 0.317247152 0.457961202
    1.43194938 -0.562081516 1.25598228 -0.398752153 0.979319453
    0.0887627006 -0.0200042129 0.683883131 0.684168756 1.00918627
    -0.062846303 1.32442808 0.69843477 0.207203865 1.13270664
    0.406059206 1.36195004 0.405892313 0.238118649 0.945662498
    1.05627871 0.939324498 -0.135691643 -0.549983442 1.57611203
    -0.240086228 1.07702303 1.1412729 1.4567678 0.100953639 0.392903268
    -0.377194077 0.952801526 1.61885917 -0.403290033 -0.413950384
    0.704621196 -0.499663442 1.34892857 0.910238922 1.38024974
    0.166935444 0.265958309 1.41710651 0.297895312 1.29095793 1.12684727
    1.43300009 0.615854442 0.539346278 0.497339964 0.202994943
    0.691018224 0.471327066 1.06102753 0.00463449955 0.679010034
    -0.188203394 1.03347445 0.400132895 1.52120805 1.08887911 1.39350295
    -0.428753138 0.471550584 -0.596668184 -0.330001801 0.920295119
    -0.166578174 0.111925542 -0.142991304 -0.220499426 0.836061597
    0.673934162 1.02581501 -0.407590508 0.17691505 1.5104661 0.409494877
    0.47886461 -0.277541578 1.16668487 0.79849267 -0.440708578
    0.864099205 1.1874342 -0.146492302 1.0943681 1.3931272 0.45130682
    1.04476953 0.611015975 -0.611411273 1.52266359 0.207500577
    -0.240950763 -0.455986619 -0.0231772065 -0.421940446 -0.42470929
    0.312631905 0.159992099 -0.121003687 1.0314281 -0.212948084
    1.60044944 0.907200634 0.457151055 0.412550449 0.369488955
    0.651945114 1.5036478 -0.448652565 0.420850813 1.26860356
    0.901581228 0.225167215 0.935609996 1.48500419 1.04327393
    -0.042147696 1.08883953 -0.330815881 0.952980757 0.157470942
    0.507312179 0.767827272 0.238006711 0.341414571 -0.067355752
    1.02850628 0.39986974 1.48507822 -0.387568325 1.20977449
    -0.327050954 1.21290863 1.47858739 0.0538904667 0.333065927
    0.0347848535 1.09073758 0.738180935 1.50279808 -0.342843831
    0.41135633 -0.0606430173 1.54410589 1.55162406 0.609095454
    -0.287062258 0.574577153 0.531707048 0.550329089 0.81159842
    0.648453653 1.22586286 0.82372576 1.47198284 1.36749554 1.72625542
    0.141044557 1.45707607 0.497416675 1.06976318 0.44655484
    -0.323561877 0.34254992 1.32630527 1.13441563 0.197995365
    -0.0919379592 1.19919527 1.38287616 -0.457622141 0.696042538
    -0.110494971 0.759033144 0.588439047 1.49933434 0.0322751403
    0.390446842 1.23405051 0.96301347 0.712660968 0.315250218 1.19948828
    -0.276536405 1.33242965 1.20183516 1.4172523 0.775122821 -0.27926442
    0.387735903 1.10634458 -0.176855713 1.00123 -0.191347271
    -0.530724108 -0.0968433619 0.0238569379 1.16133404 0.43792069
    0.551660657 0.0517664552 0.58550328 1.00377798 0.0547343493
    1.46185684 -0.121402562 0.622738779 1.20913279 1.2292639 0.274539053
    0.19389838 -0.500576735 -0.228539109 0.450936139 1.25231981
    0.349303901 0.0430244803 1.24340606 -0.272705704 0.704543352
    1.06555295 0.519311786 0.604799747 0.980838358 1.53100276
    -0.0954607129 0.745601058 1.03812432 0.958206654 -0.187634617
    1.28828573 1.04699838 1.30330515 0.541542411 1.40680885 0.0286806226
    0.995222211 -0.629492939 1.09202826 0.448906779 0.673790097
    0.826384604 -0.061978817 0.918417513 0.655722439 0.97986269
    0.106708825 0.670911849 -0.555399776 1.2364049 -0.491191506
    1.13549995 1.34049225 -0.482307285 -0.23051092 -0.352467924
    0.314390838 -0.572362244 0.658524752 1.65046322 1.4555161
    -0.313182861 -0.451041758 0.115105212 0.433994532 -0.0617750883
    0.127638876 0.333011448 0.822777152 -0.287883818 0.962861836
    1.18018997 1.31254327 -0.530089557 1.46717358 -0.357810915
    1.29223537 -0.0556954741 1.32202184 -0.0432085395 -0.126711667
    0.411994636 1.55831683 0.0610157847 0.733642578 0.721947491
    1.62457573 -0.454236507 1.26173043 0.63468498 0.921781182 -0.5135625
    0.495325148 0.20174253 1.04155695 0.291040838 -0.403158128
    0.174883425 0.880114794 1.34004474 -0.459170729 1.39888644
    0.602060616 0.0397529006 0.857644677 1.19525409 0.0839412212
    0.622345626 1.38845587 1.19588995 1.14164674 -0.439088225 1.61897135
    0.234910131 1.36358285 -0.121653795 -0.473567784 -0.593882322
    0.204944313 0.3996948 0.770281911 0.00591355562 -0.483087599
    0.968600273 -0.114520341 0.144286811 1.08763838 -0.535997033
    0.572919428 0.825021029 0.761681259 1.32546329 0.290107667
    0.716411054 0.759467304 0.573542297 -0.207752228 1.53539395
    -0.574762106 1.46815193 0.569945693 1.53698754 -0.237200856
    0.00820708275 1.24630427 1.01091051 0.915420592 0.314786196
    0.713295579 0.455869257 0.785391688 0.263885319 0.133129656
    -0.190654367 0.224419475 -0.577220798 -0.431094766 0.66202873
    1.41231203 0.346302688 -0.62315917 0.0656377673 0.48041296
    -0.373416573 1.48559535 1.02279174 1.46413088 1.37241793 0.609211445
    0.375926018 0.618412733 1.18361974 -0.600893974 1.57127774
    -0.371832341 0.760340095 0.279886723 -0.193156242 -0.34198308
    1.07619643 -0.337905109 0.503761947 -0.205530494 0.0451281667
    0.373026967 1.44532764 0.703879714 0.981458962 0.0364166498
    0.846107185 1.15036023 0.365906 -0.515373111 0.0518556237
    -0.145638347 -0.201647282 1.42071939 0.1028651 1.51828349
    -0.303494066 1.20951748 0.934992671 -0.12973839 0.777208269
    -0.0402887464 -0.0933427215 1.27566981 1.79689372 -0.238307148
    1.41264629 -0.11198473 1.2897408 1.16298485 1.09361148 0.0689328909
    0.813973844 -0.217801392 -0.44184494 -0.110470951 0.600870907
    1.09249449 -0.612829149 1.08557057 1.4146179 0.0304104686 1.04735732
    1.3999151 -0.494831622 -0.576284409 -0.348038286 0.396815896
    -0.0563058257 0.153642833 0.624313951 0.493282497 1.14897144
    1.12406445 1.59656835 -0.494208336 0.818932652 -0.48948741
    1.44572353 1.37090933 1.34139037 0.53889519 -0.0635182261 1.43067908
    0.191015959 0.455224335 1.58214021 0.326470912 1.09583235
    -0.542842865 0.519167423 1.40789557 1.36973774 0.219572663
    -0.641100943 0.493503749 -0.307071358 1.32660532 -0.0758857131
    0.927044332 1.13528848 -0.58561033 0.38193661 0.016051352
    -0.244180053 0.710549057 0.00477433205 -0.154219955 -0.167255849
    1.56213868 -0.509079576 -0.241296411 0.265373886 1.56062222
    -0.216594189 -0.407319248 1.27164578 0.142363846 -0.619874358
    -0.584008217 1.01601171 -0.498580515 0.245226026 0.295284569
    0.547940373 0.600541592 0.354134917 0.40476799 0.269176424
    0.681348205 -0.00433218479 1.46906829 0.238426507 -0.0609924197
    -0.0290573835 1.03088951 -0.0952124 0.94087863 -0.582826436
    -0.0828332901 1.53106141 0.686071575 0.285068631 0.257567763
    0.500723839 0.586355746 1.08784676 -0.420508444 0.013934195
    -0.503317356 1.24504077 0.65328145 1.50999784 -0.506688833
    0.647595048 1.50930429 0.243436038 1.30375803 1.39938235 1.13696289
    0.0959634781 1.57217646 1.00673008 0.0353257656 1.35741007 1.5528636
    1.33418584 0.315406859 0.202315569 0.0328147411 0.615896761
    0.889634907 1.35841537 0.0967435837 1.11109352 -0.204005331
    -0.135789782 0.955012321 0.903517008 0.463914514 1.09855819
    0.964411795 -0.0211367011 -0.113487303 0.271669745 1.53149843
    -0.0826315284 0.104487002 -0.091166079 0.362079561 0.918467522
    -0.535593808 1.20641613 -0.302473634 -0.554913104 0.885513306
    -0.226168543 1.37898088 -0.219215989 1.37338138 0.0619786978
    1.08167243 0.289004803 -0.428582728 -0.418894857 0.514367163
    -0.245931536 1.40667582 1.51069558 1.44322038 -0.375229657
    1.49681568 1.07504547 -0.404669464 0.651028037 -0.205459058
    1.17354798 -0.470051289 1.50488806 0.963570237 0.539258599
    0.562586606 0.98417598 1.52842212 0.613296688 1.16440523 1.05008852
    1.34081388 0.0212070346 -0.0240081549 0.277540088 -0.209570616
    0.482306421 0.450463891 -0.0964431167 0.354545057 0.43401742
    -0.530392945 0.530831814 -0.383737564 0.851543128 0.366538465
    0.231665134 0.683338702 0.737678111 1.00489521 1.10164738
    -0.150922596 1.23568451 1.58348083 0.986364782 1.3811264 0.249835134
    -0.579901755 1.29016685 -0.146098852 0.878570676 0.594002426
    0.704101562 0.62019515 -0.485293806 1.52486515 0.384541392
    0.0777469873 1.55150306 1.07067657 1.42862642 1.53201985 0.493067026
    0.115891278 0.355846047 1.36565399 1.28776693 -0.0245338082
    1.33738327 0.473275244 0.446260452 -0.0543418527 -0.237690926
    1.28846717 -0.0182545185 1.6008563 1.1385777 1.31460619 0.657168984
    0.146794856 1.29984856 0.539822459 -0.00772768259 1.39781547
    1.33342433 1.34215224 1.00090909 0.0435725451 0.597716093 1.2289803
    -0.0538147092 0.195388466 1.25943971 1.28494954 0.743448317
    1.52217448 0.539640963 0.572284698 1.82712674 -0.218700036
    0.749755263 0.00569808483 1.16799951 -0.303125143 0.912697196
    1.55084419 0.904803336 1.27121544 0.387901962 -0.0663657784
    1.23493958 0.0723561645 -0.10537535 0.490864754 -0.00489705801
    -0.20096609 -0.214225411 0.278570175 1.16691566 1.59163952
    0.566649735 0.941607118 0.154689372 0.291155756 0.561485052
    0.310017407 0.248442352 0.891289771 0.0534315109 1.6020155
    -0.28300786 1.25357056 0.735403776 1.57419562 1.47445583
    -0.620718062 0.937211394 1.30319214 1.43538392 -0.502942502
    0.782720387 0.392559052 -0.236782163 0.301758111 0.861153841
    -0.490581304 0.87713784 1.24922132 0.771799207 0.749493957
    0.0995484591 1.29741347 0.216576338 1.34398007 1.37672162 1.46910107
    -0.159470618 0.41694361 0.939111352 1.12949252 0.399869561
    0.235457242 -0.462467551 1.36860967 -0.245054781 -0.373522699
    -0.561444044 -0.317231804 0.669303 -0.339336574 0.366011739
    0.944665372 0.245047629 1.36133575 1.00006008 0.758415222
    0.312111795 -0.00631099939 -0.00439733267 -0.109893918 1.01308942
    -0.152162492 0.189097583 0.101897836 0.544153392 0.778404295
    -0.599909961 -0.615591645 -0.121094584 -0.315751523 0.494956195
    0.667984366 -0.470652223 0.970260501 1.62611675 0.772870839
    0.972823977 -0.162560105 0.862590671 0.718899608 0.0840488672
    0.553329945 0.23016566 0.658833086 1.41223884 1.00813222
    -0.339512736 1.23720777 1.54483151 0.660158694 0.355459929
    -0.0358859897 0.728603721 1.14071274 0.635254443 0.63993907
    0.477010787 0.214182734 1.44811118 1.1052599 0.333545685 0.69825387
    -0.110235184 0.107492745 0.0460995436 -0.60715431 -0.596195877
    1.25188434 -0.506695926 1.04101992 1.17874467 -0.0971753597
    1.0072062 1.20605063 0.445289373 1.08303714 -0.285030991
    -0.230887234 -0.587211072 -0.572498977 0.685661972 1.49640644
    1.1361661 0.883156002 0.0723390579 0.358166814 1.17824268
    0.613811374 -0.126176685 1.25186324 0.570044518 0.418381035
    -0.293320954 0.761891127 0.182757795 1.15336323 0.191189766
    0.607491195 0.363771379 0.855525792 -0.0839936733 0.792681694
    -0.159153938 -0.0427855849 0.10934931 0.849521995 1.31579351
    0.41862154 -0.434249759 -0.228695273 -0.593321145 -0.319066197
    0.185430169 0.720890105 0.429710627 0.764661551 1.0725975 1.10205054
    0.345258772 -0.067579031 1.46606529 1.4298234 1.14081669
    -0.385581195 1.54293382 0.295325577 0.0235464573 1.53482091
    0.757829964 1.1838212 1.19770551 0.323227525 0.227095723 0.82635355
    0.0708193183 0.363470793 1.59297419 0.920062006 0.338052332
    -0.470488667 -0.44055894 -0.454023451 1.20244551 -0.606705606
    0.943111718 -0.435190558 1.20141363 0.614808977 1.37093985
    0.427781224 0.194338024 1.53286314 0.954471827 0.590349078
    0.854878187 0.684587419 -0.484295487 -0.039637208 -0.0817944407
    0.975949407 -0.197954923 0.890277505 0.0294254422 0.413068116
    -0.0737299323 1.41063547 -0.225825131 0.021115303 1.29110551
    0.426606238 0.159056544 0.804507554 0.649039328 1.55721974
    0.206961274 -0.379426658 0.396841586 1.17528892 0.688886762
    0.134575009 -0.128783703 -0.527904868 0.494042397 0.26180625
    0.538426697 0.313158512 0.107619703 1.62130499 -0.402048141
    1.75478613 1.10693181 1.68788326 -0.280831486 1.40525663 0.812047243
    0.917300701 1.04948664 1.68984711 0.38215214 -0.384733737
    -0.458302557 1.6179415 1.50026011 1.39512241 0.131504953 0.304044068
    0.0772890449 0.652286708 0.497306705 0.608714223 0.860013843
    0.0686801672 -0.0846379399 1.35006523 1.30618119 -0.270598739
    -0.369842023 0.851870954 1.38999617 0.592811048 0.671264768
    -0.29151237 1.04222226 1.54441488 -0.113516331 0.0256325006
    -0.535522342 0.118505418 -0.206559718 1.48424792 -0.606854379
    0.77074194 -0.550828815 1.43669975 -0.285924643 -0.261947185
    0.644976735 0.664921105 0.863920808 -0.0877097845 -0.163374662
    0.785339653 0.766208827 -0.480606198 0.383106887 0.101552606
    1.21697783 -0.286073744 -0.137744844 1.15811253 0.623622417
    0.483462274 -0.00390058756 0.415546954 0.690392196 0.853537738
    0.016477406 -0.247070283 0.257580817 1.19786859 -0.525447249
    -0.0252401829 0.787653506 1.50160909 0.912249327 -0.616577089
    1.45448816 1.36270022 1.0849278 0.614827871 0.567109287 0.951634109
    0.401600599 0.581463516 -0.0895065665 0.947063267 1.35833061
    0.827657282 -0.607160866 0.401929557 0.639990747 -0.0395719409
    0.717826128 1.28082824 0.0622288585 1.49322546 -0.0609838367
    -0.434603095 1.63017178 1.19643092 -0.395441324 0.927694321
    1.00780571 -0.419025421 0.413723946 0.500917733 -0.00394618511
    0.43343091 -0.377540052 -0.0758956671 1.06939244 -0.113226056
    -0.453481913 0.737499118 0.916656137 -0.196094185 1.3954556
    -0.468358815 0.790976346 1.35287213 -0.250387132 -0.557819068
    0.456206501 1.47943425 0.839271188 1.43731022 0.176378429
    -0.12896356 0.568763793 -0.439033926 0.566315949 0.0712355971
    -0.460925519 1.00269961 0.683993578 -0.562105894 0.820842445
    0.128450036 0.32394737 0.467572808 0.267275333 1.26835895
    0.432349622 1.39209402 0.435537636 0.578633964 -0.488465577
    0.771897018 0.551928282 0.254124045 -0.0653612614 -0.383582681
    1.61549973 0.00907284021 -0.00390315056 0.617412627 -0.253497899
    0.742491066 0.752412558 1.24275148 1.43666148 1.11418247 1.24679923
    0.415771961 1.34172451 -0.348873883 0.726947069 1.07937241
    -0.461298704 0.719596744 0.534916937 0.561054468 1.11548924
    0.574125767 -0.178414673 -0.417644143 0.740672708 0.534797251
    0.200788021 -0.478584886 0.523437142 1.61616099 0.868172467
    0.186723232 0.157953024 0.479367256 -0.0831872225 0.101276875
    0.702495217 0.397375226 0.151187539 0.147975564 -0.0965663195
    1.35409665 0.286415279 -0.58797729 -0.429651767 1.48652756
    0.585846424 0.544412673 0.406590044 0.783955634 -0.465314031
    -0.000466287136 1.48940814 0.476784408 0.203817546 -0.31230697
    0.804598808 0.54780817 -0.230963349 -0.276260465 0.746147633
    0.191301405 0.170694649 -0.359247655 -0.329164445 0.0104078054
    -0.165856272 -0.0499898195 1.18203425 -0.0114931464 1.06090641
    0.525637031 0.814352572 -0.353358209 -0.480710417 -0.095276773
    1.21325278 0.711654544 -0.46582368 -0.462526798 -0.363619268
    -0.312137932 -0.0417665839 1.30139756 0.374421537 0.891235769
    -0.16753608 0.0384787917 0.740576029 0.866460979 -0.36374566
    0.764666557 0.299149811 0.434140027 0.608728528 -0.395599604
    0.689067721 1.15496719 0.434325635 -0.423956275 0.631807923
    1.45074677 0.991453409 0.921809375 0.214310199 0.408675373
    -0.284056842 1.09574223 0.665781379 0.346640557 -0.291773379
    1.58432722 -0.121359974 0.407866657 0.529767275 1.6122396 1.19370973
    0.808823764 0.87077105 1.5617435 0.0451244712 0.0481105447
    1.62553132 0.016592443 -0.0999259353 1.31974423 0.851269901
    0.639653385 0.655456007 1.35068381 0.0561541319 1.14785528
    0.476655185 0.506033719 1.39884853 1.42687511 -0.317389786
    0.396584511 1.0499227 0.155562639 0.807181656 1.30054164 0.289911866
    0.0870568752 -0.0336495042 0.61030966 0.143972397 1.01689339
    0.766716957 1.52717733 0.415198982 1.5667671 0.550161302 0.737879038
    1.56901979 0.177539527 0.525800407 1.41465509 1.20823693
    -0.104852855 0.212865412 1.4965508 0.557535708 0.980439663
    -0.17548421 -0.570393682 0.311536372 -0.443251431 -0.0347428322
    -0.0152336955 0.550910175 0.226697803 1.54271758 0.428622544
    1.01025677 1.2072854 -0.449296623 -0.412151754 1.29953241 1.26623321
    0.204363763 0.308157921 0.312324762 0.0718245506 1.09639359
    0.841795504 -0.46714294 0.543091297 0.705217123 -0.590213001
    -0.638278663 0.614283621 -0.133108199 0.0087133646 0.788114488
    1.02962744 1.05347955 1.62767124 0.600476086 0.190793574 1.26989722
    -0.462892175 1.00294733 0.668866575 0.552075505 1.06486022
    0.659851968 0.888432324 0.794904649 -0.00714838505 -0.10210073
    0.520992815 0.219858825 0.450413167 0.284555793 0.31419605
    -0.368996203 1.38097441 -0.101763666 1.01854873 0.00944894552
    0.29834187 -0.434154212 0.464897871 1.45941544 -0.245522738
    -0.20209381 -0.364019513 1.41937613 1.41813517 0.359913945
    0.41302073 -0.242563844 0.882282317 1.54351974 0.971692085
    1.35070372 0.653897762 -0.472093701 -0.243920743 -0.300346613
    -0.175554276 0.386583924 0.157011688 1.5901053 1.14423168 1.28843045
    -0.0235726237 0.669193029 -0.495991588 0.273650229 1.55943847
    0.376639783 0.422686994 -0.268088251 1.26157975 0.828258336 1.359267
    0.821166933 1.58508313 -0.515529871 -0.107969761 -0.192288756
    1.12866771 -0.58145982 -0.421286941 1.28757477 0.947824419
    0.355658293 -0.540472806 0.740565896 1.63542962 -0.455680341
    1.45284462 1.01682138 0.0615828633 -0.161861748 1.60083258
    -0.0695469379 0.304257452 -0.351118803 0.747871697 1.48358619
    -0.414222956 1.6370374 1.41788292 -0.14961499 0.15351367 1.59364879
    0.772247851 -0.239968002 0.156118214 -0.339926988 0.629205704
    -0.115900576 0.857233167 -0.599912941 -0.156850398 -0.177683651
    0.366108596 0.973180532 -0.0880165696 0.803146005 -0.184729248
    1.04155898 0.360466301 0.850638986 -0.237672955 1.60262203
    1.18548548 0.787427485 1.24336815 0.933461607 0.325637937 1.52586603
    0.57442975 0.259110391 1.1528542 0.811118901 -0.50032115 0.842448711
    0.57312268 1.43706727 0.882515252 -0.339741588 -0.137164116
    0.467737436 -0.272116363 0.987715006 1.16577137 0.957746446
    1.45532572 -0.470757306 1.53659296 0.34862262 0.41685313
    -0.267148763 1.11450303 -0.138520837 0.0900033116 0.656910181
    -0.220231056 0.682012141 1.15308547 -0.610408366 1.4451046 1.1309216
    1.06255245 0.215470374 1.16548562 0.697615445 -0.505716801
    -0.483945131 0.371956587 0.93594712 1.24247122 0.771016061
    0.784729958 0.0565522313 0.757162452 -0.0331123471 1.63919783
    -0.122191936 -0.302005678 0.6835922 0.577978969 1.71114898
    0.890569806 0.183828294 1.34287953 -0.347498417 -0.423381269
    0.041400969 1.55270016 0.785478413 -0.513956845 -0.140830338
    0.279638886 -0.331292152 1.43084371 0.515965104 0.158788025
    1.52693152 0.340676665 1.53034699 0.962340534 0.0752806067
    0.269820273 1.433851 0.713255405 1.51201558 -0.509142041 1.08478916
    0.749665082 -0.37702629 0.941143095 0.980113029 1.13542867
    -0.0322650671 -0.0377041698 -0.0426847935 0.336980224 0.682703733
    -0.100881934 0.0370137691 -0.128242224 0.826469302 0.585226357
    0.177642763 -0.526806831 1.53323328 -0.5942626 1.34293485 1.09415257
    1.22961068 0.0333459973 0.0889825821 1.08573806 1.54373562
    0.589631498 -0.216833234 0.706536353 -0.229032129 -0.0664311051
    -0.265057951 0.558190227 -0.41408959 1.09258795 1.28823495
    1.50373793 1.46832383 -0.373251498 0.574948132 0.392287552
    0.807449877 0.869897723 1.43935382 1.1277703 0.218815148 0.901961088
    0.415620923 1.21329129 1.47556424 1.0503602 1.4192276 0.115459323
    0.857154191 -0.152664572 1.14057136 -0.603523731 0.568753183
    1.27501607 1.10578847 0.146601439 1.18076706 0.637293696 0.419200838
    1.45511734 0.814070582 1.32077551 0.787630975 -0.437476277
    -0.53668189 1.18332386 0.776027858 1.33738351 1.59182119 0.395955443
    0.278290093 -0.433672726 0.268272877 -0.217619956 0.686614215
    1.43705761 -0.337781549 0.0423202515 1.25668395 -0.203413308
    0.277756631 -0.13314876 1.36096048 -0.575642228 0.668193758
    0.526198804 0.444934666 -0.420814812 1.07219732 1.48014724
    0.507437289 0.240646601 1.10250676 0.66033113 0.18587333
    -0.600411713 1.53479838 -0.407675326 0.402490377 1.57927561
    0.247390687 0.65954566 0.199162543 1.09143734 -0.049911201
    -0.175752908 1.41171575 -0.511537671 -0.601486742 1.06637681
    0.273154318 1.48529339 0.347018421 -0.263897687 0.548523545
    0.792689145 1.57945466 0.250058711 0.868309796 -0.206373513
    0.393092871 0.896583498 1.42884803 -0.0749825239 0.556851327
    1.26392174 1.39063251 0.880051613 0.119241893 -0.0383666158
    1.15725136 0.559217095 0.245916188 1.06714129 -0.17176348
    0.0149102211 -0.406659186 -0.404687464 0.597302675 -0.511381567
    -0.579275489 1.50996232 1.44211304 0.608865559 0.470566094
    0.0480149984 1.11957645 -0.54772383 0.875971138 1.1362946
    0.159264445 -0.269087166 -0.220269412 -0.0957077742 0.879887342
    -0.473953962 1.60938144 1.37026405 1.01776576 0.97875613 0.342474997
    -0.249222904 1.295627 0.359445035 -0.30244416 0.610691786
    0.340167463 1.31790721 -0.190263331 0.432584345 0.609736562
    -0.31938234 1.17144656 0.424141526 0.796978414 0.374174833
    -0.419679165 -0.632826924 0.645787299 1.46125102 0.894102037
    1.02270412 1.2628212 -0.120650887 -0.369094342 1.19083405 1.33004189
    0.633959591 0.50829953 0.922168493 0.424256265 0.595165849
    1.38049054 1.2575736 0.28124696 1.46661043 0.305273473 -0.441237062
    -0.501038432 0.845504701 0.492855012 0.407455266 1.59438348
    0.281300008 -0.577347279 -0.592510641 1.11971998 0.496344924
    -0.0688098073 0.0305836201 -0.47316885 1.14962745 -0.535741448
    0.536751986 0.339900553 1.75721371 1.66896832 0.859384179
    0.932527125 0.788524628 0.538916171 0.290951401 -0.235233009
    1.14960563 1.26510537 1.30774295 0.0834842324 1.50637686
    0.0079652667 -0.129392296 -0.615185499 -0.400227368 0.594421506
    0.546244144 0.66545552 -0.177779466 0.25886476 1.54257238
    0.205269635 1.40349638 0.947846472 -0.248701692 0.173423111
    1.13680649 -0.148543805 1.38915551 -0.456960291 0.569446743
    1.17107296 -0.483686864 -0.0457781553 -0.126479626 0.646716237
    0.892009497 0.763886034 0.415517747 0.156581819 -0.516759574
    1.42739201 -0.168351054 0.426168442 0.514616787 1.27813613
    0.0762269497 0.538415372 1.34028733 0.498495281 0.886336744
    0.974990845 -0.26183629 0.759562433 0.324098229 0.885035813
    -0.584716141 1.30456042 0.100102723 0.957171142 0.89479351 1.3972578
    1.29780781 0.407996595 1.49779105 -0.553118408 0.436946213
    0.40225035 1.07114232 -0.475970447 0.0117216706 -0.436954141
    0.411145031 -0.0590796471 0.606408954 0.500046551 0.284695745
    0.562236667 0.763365626 0.569949567 0.57731688 0.769714475
    -0.190990597 1.29439151 -0.336701512 0.695322931 1.56841969
    0.507845044 0.140194416 -0.528959394 0.41992873 0.911395729
    0.467085958 -0.26909861 0.780600131 0.0516043305 0.405981839
    -0.091560781 1.16725469 1.5367943 1.26139629 -0.243630946 1.2942996
    1.42277634 -0.257191837 0.148509443 0.185086131 0.630934179
    1.13692594 1.37787342 0.193927228 -0.189537674 1.0933001 0.617492616
    0.636191905 1.47112656 0.539526641 -0.603003979 -0.0698747039
    1.00784159 0.68748194 1.03580654 -0.473784804 1.10643816 1.12575698
    1.20437455 0.842462897 -0.168730497 1.09293795 0.318892062
    1.09398568 -0.0946846008 1.27944779 0.52389878 -0.581577301
    -0.569440782 0.702738643 0.173078239 1.59666371 0.167314172
    1.3560183 0.0028475523 0.80168426 0.0621594787 -0.560615361
    -0.43349418 0.38361603 1.40926087 1.07839346 1.44962394 -0.154577762
    0.861346841 -0.210341781 0.16264075 -0.335337102 -0.420719862
    -0.454084098 -0.544903994 0.653492749 1.11529446 1.10763645
    1.05461073 0.79839766 -0.43244338 0.729317307 0.485441148
    0.150344014 0.167981625 0.380322993 -0.0162463784 -0.493331373
    1.22053885 0.0507631898 1.54378104 1.35208154 1.15177488 0.293938398
    0.751961231 0.358261764 -0.263616949 0.746794283 -0.565420568
    -0.105911613 -0.0100064874 1.16444814 0.516873777 0.463990748
    -0.484150648 0.0880470872 0.0639147758 -0.178039372 1.61033678
    1.2152226 0.381944537 0.47093451 0.0915766358 -0.438177288
    0.601740777 -0.230508417 0.320035577 0.219500542 -0.209968477
    -0.294732511 0.532065928 0.645118594 -0.344976932 0.208876491
    -0.530540884 -0.266182929 -0.481823564 0.927338362 1.38710189
    0.899837077 0.15267992 1.51148415 1.0202024 1.52382994 0.422291934
    -0.21470654 -0.0624657273 -0.043548882 -0.475080758 0.704626203
    -0.535373747 -0.212678343 -0.383523822 0.278937161 0.496282816
    0.490904868 -0.560301661 0.089525342 1.01107812 0.868566394
    0.619293749 -0.22926417 1.3944428 -0.49864161 0.793293417
    -0.443470538 1.45897722 0.573696554 -0.52740407 1.38212347
    0.418210864 0.590769649 1.1652894 1.10044837 0.864639521
    -0.400721431 1.30977464 1.40816259 1.19968355 1.31905949 1.28042591
    -0.283996522 0.775118351 0.561861575 1.13044095 1.7711165
    -0.119349092 0.864520669 1.30523932 1.39512551 0.200413615
    0.710549772 1.51957893 0.740647912 0.210608125 1.08982265
    0.464106262 0.265703619 -0.0571613908 0.580525339 0.354218185
    1.51130891 0.456584752 0.505401433 0.0767778158 0.265051186
    0.019649446 0.824978888 1.01568496 -0.58913815 1.48892307
    0.157942951 0.334815562 0.565970361 1.35626709 0.958126307
    -0.554863036 -0.48771885 -0.0963010192 1.05519867 0.898266435
    -0.358195633 -0.567083836 -0.183098823 0.38247329 0.615009725
    1.35281324 -0.142327428 0.316170573 0.955774069 0.399558127
    0.799512029 1.08474731 0.80567944 1.54321039 0.339669466 0.477333069
    1.35350573 -0.43476212 1.54788804 0.382697821 0.708931088
    0.942798257 1.56787395 -0.00665891171 -0.443613678 0.929444313
    0.725183368 0.0791810751 0.0361876488 -0.113031387 1.02412176
    -0.43869549 -0.176432073 -0.237762064 1.3637265 1.42160273
    -0.565535128 0.355612874 0.0691232681 0.932509303 0.974122643
    1.4558351 0.977942586 1.43543148 0.589601457 -0.308376729 1.16494274
    1.34969532 -0.624319553 -0.257086873 0.622265399 0.652316272
    -0.474359453 1.0624038 0.503586352 1.13465345 1.03642905 0.311627686
    0.0811408758 -0.379814446 1.29504788 1.48479986 0.0167005062
    -0.119556516 -0.602308989 -0.545286417 0.578459918 0.237408757
    0.263934731 -0.235564172 1.10675621 -0.494196415 1.26156843
    1.20864964 -0.380994081 0.474188685 0.511290371 0.859969437
    0.124013186 0.749553323 1.34501505 1.13324034 1.54522109 0.266225457
    1.15269959 0.191588223 -0.199671686 0.797430754 0.56695497
    0.287239254 -0.491263866 0.471807122 -0.18048355 1.3105489
    0.187834382 -0.141033322 1.22905219 -0.473790556 0.708803058
    -0.604217172 -0.0817711949 0.868423522 1.06371236 0.22910744
    0.993412435 1.18475211 0.1727314 0.978238463 1.52333462
    0.00541329384 -0.508973777 0.586993635 1.19590116 -0.294945598
    0.307428956 0.652529359 -0.264279872 -0.309386075 0.998042703
    -0.538490176 0.207453072 0.136655509 0.138936639 0.165865004
    -0.015162766 0.0592435598 0.757644534 0.28516984 1.16352153
    -0.284442931 1.02142048 0.500109494 0.862837315 0.0627608299
    1.59163189 1.41948628 0.205782413 -0.407576263 1.54398632 1.25057244
    -0.580173671 0.220001221 1.2418468 1.20299578 0.323728859
    -0.0498108864 1.19680905 0.684497595 1.46616721 1.47657084
    0.333872676 0.173624098 0.841929495 -0.346730679 -0.61902231
    0.683889568 0.448894143 -0.213801771 1.60769582 -0.583716035
    0.761039972 -0.531667769 0.875326216 -0.578955352 1.48657584
    0.138925672 0.682242811 -0.61479342 0.935464323 -0.555658817
    -0.53564024 1.25387001 1.17119277 0.756875873 1.08637404
    -0.191273451 0.524067998 0.658685386 1.24991131 0.649071038
    0.268506587 0.2321769 0.487109363 1.58844614 -0.159783959 1.36153316
    0.00218999386 0.991523504 0.188246191 0.606055021 0.0371813178
    -0.29614675 1.03550661 -0.238036156 0.540509403 1.45610189
    1.10580015 0.491454303 -0.03899014 0.305400252 -0.343721837
    0.609170318 -0.569115758 0.677802324 1.55577826 1.29745388
    0.198482394 1.58702302 -0.0569570065 0.344350576 -0.648467898
    0.122361541 0.308834553 1.26322269 0.820012808 -0.14459011
    1.04436362 0.861450315 0.390990466 1.46798146 1.36577475 0.765397429
    0.639952779 0.200630963 0.853416979 -0.452316225 1.35301399
    -0.136933357 0.266046226 0.47733295 1.37467623 -0.12482971
    1.05710292 -0.205904573 -0.44820869 0.853973389 1.03167129
    0.659801781 0.0142999887 0.198992014 0.0446999669 0.720338941
    0.405802011 0.92723006 0.493255317 0.696853101 0.550681293
    1.39248669 0.825942814 -0.547762573 0.0846201777 1.57247782
    0.50769949 -0.171858758 -0.106039643 0.791768551 -0.258732259
    -0.546984851 1.02309656 1.26688623 0.360372901 0.682057321
    0.966502249 0.327882051 -0.121276468 0.61351788 1.18920493
    1.07192874 -0.309737056 1.09437943 1.59512472 -0.12612319
    -0.0832475424 1.45184445 1.43710589 1.12566578 0.58448875 1.54608321
    1.44994104 -0.395609945 -0.423889756 1.49373245 1.48413634
    0.345510364 0.612379193 0.725371897 1.08524048 1.22083473
    0.571087718 -0.177318513 1.10458899 0.766769409 1.50612926
    -0.541561246 0.392699063 0.322701871 0.88680476 -0.310590357
    0.780590951 0.37312305 0.66622138 0.955819607 -0.194991082
    0.332519889 0.0268809795 -0.330286294 0.797870576 0.294387281
    1.23773479 0.618689537 1.23203206 -0.393616259 -0.578268468
    1.51642811 0.98273778 0.118839145 0.138845026 -0.33817938
    -0.491022706 1.42777312 -0.571984649 0.0278170705 -0.194546342
    0.574486613 -0.594418943 0.207241416 -0.120094031 -0.236815959
    0.473967135 1.22600639 1.16390896 0.00502377748 1.51294327
    1.36113977 -0.00521039963 -0.241565615 -0.316879064 0.00840848684
    0.843667567 1.16759944 0.0874967575 0.764957607 -0.257486403
    1.00035965 1.21605897 -0.178704917 0.978883743 0.906979263
    -0.441715598 0.913012862 0.557797134 -0.197506875 0.20832634
    0.757846415 1.56300187 0.115865409 -0.605302513 -0.225668252
    0.734450459 1.42458057 0.735847116 1.41513324 1.50040257
    -0.0337762833 0.685977638 1.3971343 0.175442696 0.241277277
    0.872673452 0.566168666 1.2951591 0.996433556 0.347728312
    -0.365926743 0.486213982 0.778091192 1.47455072 1.06522107
    0.0487129092 1.196661 1.46577907 0.603407681 0.468137801 1.03760231
    0.0471512079 0.317328095 1.08219576 0.570514679 0.696552932
    0.0649425387 0.613441944 -0.351393193 0.0192275047 0.130780995
    1.52526951 0.80702126 0.512597322 1.0087384 -0.0204632282
    -0.343939781 0.910030127 -0.0654053092 -0.0958517194 -0.377339661
    -0.107062459 0.00254559517 1.37518144 0.991801441 1.23689842
    0.998976111 0.186270595 0.39701587 0.411735058 1.58305764
    -0.478684068 0.75967741 0.831480801 1.45316052 0.567498028
    -0.558235645 0.428181112 1.1199429 -0.028296411 0.493454933
    -0.27790001 -0.171437263 0.43475008 1.27829671 -0.518161416
    0.995624065 1.47629309 1.27784777 0.27291131 -0.167130828 1.13658106
    1.37294364 1.16773582 -0.0510353446 0.088483572 1.29754245
    1.47331023 1.46363235 1.35339296 0.414304256 -0.233518034 1.33939099
    0.0577267408 1.2342217 -0.0292574167 -0.0373940468 1.23631191
    1.43056762 0.880961835 -0.0391793251 -0.468319833 0.58239013
    0.541827142 0.10170424 0.722858906 1.43520141 -0.139114678
    -0.338343114 -0.535676301 1.01837802 1.40236425 -0.643185675
    1.06852567 0.85925281 0.95941776 1.29760289 -0.445519447
    -0.0271407366 1.3714844 0.860838532 1.30010247 -0.0752294362
    1.18347299 1.37531769 1.68042433 -0.16442208 0.0309004188
    0.912870169 -0.0799674392 1.67519045 1.31273532 -0.214517266
    1.30866027 -0.498342335 -0.0845760107 -0.296209842 1.14327168
    0.324603319 0.179621816 0.666293144 0.266243041 -0.431695819
    0.180654764 0.546335101 -0.608505964 0.771948695 0.909065962
    -0.365688264 0.817592323 1.52201223 0.417090356 0.216741502
    -0.61294049 0.611689031 1.304039 0.677946925 -0.178104311 1.080441
    0.246200204 -0.110975385 0.952116489 0.478727996 0.796827078
    -0.519369364 -0.2994802 0.7270841 1.12835455 -0.335738212
    0.471205413 0.473335862 0.529973805 1.23650146 1.12083995
    0.132601142 0.170586586 0.344303846 0.521603584 0.811213315
    -0.496527255 1.46733308 0.547890186 1.13051176 0.629500806
    0.775460362 -0.221009642 1.03844643 0.343401611 1.20598614
    1.56410968 -0.258156121 0.680837095 0.857401311 1.38599908
    0.270945132 -0.516679943 1.03999734 -0.234566987 0.334609151
    0.620249391 0.848068476 0.916173935 0.832071662 1.05715013
    1.10019243 0.29947257 0.0133472681 1.04091811 0.665667415 1.47297859
    -0.557323694 1.05344415 0.0746429563 0.0429369807 1.60521674
    -0.191417664 0.937998891 0.84797889 -0.456756413 0.859140277
    0.872649848 -0.419024348 0.369309783 -0.270469755 0.196375728
    0.6879884 -0.128548265 -0.321834862 1.33254755 0.599852085
    1.00532532 0.389430106 0.349601746 1.27179897 1.17020297 1.5798142
    0.670411527 0.147731841 1.33524084 0.221101284 1.408638 0.714176595
    1.03774095 0.659419298 -0.210223585 0.841783822 0.629131019
    0.386024833 1.06484437 0.560199797 -0.1459409 1.31824708 -0.4441154
    1.1718328 -0.533952117 1.44843876 0.454472721 -0.553634226
    -0.17064783 1.03004599 0.908039272 1.08837616 1.32555389 0.137953043
    0.44376713 1.4829545 1.28773713 0.906117022 -0.631054342 0.783094227
    0.131697476 -0.0516100526 1.13505483 -0.457576156 -0.297883272
    0.178882122 -0.427966356 1.46556544 0.976766706 -0.480219305
    0.435010791 0.158157051 1.37112737 0.292218149 -0.153790116
    -0.133269131 0.395625234 0.397384703 0.0554834008 -0.523521185
    -0.319947332 0.0837948322 1.05373895 -0.059009254 0.158821404
    -0.121572942 0.713450313 0.886247277 0.514360607 1.06139588
    1.60399151 -0.266753346 -0.269899487 -0.564064384 0.250886559
    -0.17722562 1.2399509 -0.407966286 1.02034724 -0.00467926264
    -0.291784286 -0.0420237184 0.556967914 1.36286974 0.236275971
    0.159846127 0.747384429 1.1756053 -0.271292657 1.56236386 1.48526025
    1.39654183 1.05280161 0.0952997208 0.523788571 0.911207795
    1.35449994 1.10873985 0.0732577443 1.44853878 1.02708817 0.590055764
    0.0868597031 1.17521238 0.896309972 0.520385206 -0.0382174253
    0.420831442 -0.16285032 0.842178881 0.227217615 0.766547978
    0.69364512 0.463030636 1.14899909 -0.399148643 0.556727946
    -0.422610044 -0.500257194 0.366170049 0.468231499 1.04711246
    1.08007073 1.46646929 0.969180584 1.05480194 0.462600946 1.05398703
    -0.14896059 1.42474341 0.423828125 1.3901155 1.24576735 0.811037481
    0.866403341 0.145709693 -0.491483927 0.118356228 -0.62279439
    0.0999839902 0.92343694 1.06536055 -0.335703433 1.03106737
    0.193096161 0.707523823 1.45418108 1.28747153 0.402506053 1.22543216
    -0.00820708275 0.334589422 0.63831079 1.73142862 0.349375457
    1.47124481 0.551973581 1.29847956 0.68781507 0.966189861
    -0.513129056 0.794084787 -0.540410638 1.13609564 0.346431792
    0.602796853 -0.243757963 1.38672185 1.36669493 0.760550618
    0.264961779 0.522310674 1.07699311 1.55253398 1.30641603 0.864226043
    0.781205773 0.0489858985 -0.527243495 1.09432423 0.681826055
    0.317445338 0.0932767987 1.40553403 -0.10095191 0.840416133
    0.523921907 0.274102211 1.41739535 0.10875684 -0.221673727
    0.807846487 0.225274265 0.982965708 1.50957668 1.44928873 1.08479548
    0.567229748 0.266810179 -0.19681263 1.25297451 -0.548751533
    -0.0538277626 1.00835979 1.3150835 0.756648064 0.248774648
    -0.56550914 -0.472008407 0.0105380416 0.75169301 1.51472116
    1.14933777 0.237197399 0.198043287 1.60091114 0.0961132646
    0.797069311 1.235394 1.49377918 0.634228408 0.977539718 0.479318798
    1.57063842 0.853158295 0.985792875 1.41855276 0.369199634
    0.746240854 0.637257397 0.595063448 1.54497385 -0.00141787529
    -0.452885926 0.349891424 1.54830015 -0.281460941 1.13377285
    0.922077596 0.252375185 -0.199925184 1.47538972 -0.404605657
    0.972357452 0.0411607623 0.95979172 0.440239191 0.0544615388
    -0.0398809314 1.33678269 1.22741699 -0.370707154 0.866281807
    0.83553791 1.01078069 -0.154501081 0.288728952 1.5692302 1.50601757
    1.21696067 1.35141063 0.543388188 -0.185558319 1.44672132
    -0.052636385 0.651911497 0.00421094894 0.46089685 0.347329855
    1.05267167 -0.326415628 -0.137818217 0.369767368 -0.377413541
    -0.0372818708 0.871419907 0.609078586 0.217586994 -0.440915704
    0.436273336 -0.624882638 0.679853678 0.509548247 1.01130056
    0.520610154 1.11587381 1.18022358 -0.235126019 0.411304772
    0.00804162025 0.266183734 1.18609512 0.872723103 1.18840671
    -0.0182141066 0.677477539 0.0617883801 0.820527613 0.867619872
    -0.0122765303 1.17084813 1.19774985 0.765223742 1.44938135
    1.14314902 0.816546142 1.45386434 0.113462508 -0.0755569339
    0.282790959 -0.428459942 -0.152918369 1.05205107 1.43125486
    0.225414217 0.923654199 0.124164164 0.868522763 0.449446321
    1.4011687 -0.445786566 0.104212046 0.416724563 -0.479543775
    -0.589739263 1.46726561 1.6074059 -0.146348029 0.83382839
    -0.611452103 0.17032218 1.37510777 -0.60006249 1.50898957 1.18201339
    -0.222721547 -0.105004549 -0.00457137823 -0.110721469 -0.267699361
    -0.174466461 -0.0400452018 -0.57487762 0.026219368 1.5584482
    1.35859919 -0.556372166 0.68392992 0.966338813 0.357376814
    0.88864857 -0.51799643 0.786321163 1.52727222 -0.511728168
    1.46233559 -0.495997906 0.701298296 -0.302646816 1.2558527
    1.31021428 1.40680456 1.45197272 0.880523562 0.366574347
    -0.517083585 0.56093514 0.262137651 -0.512502015 1.01594412
    -0.345243543 1.02150214 -0.301398218 0.0101878047 0.658870876
    0.239782453 0.469587147 -0.402745843 -0.23704344 0.818360984
    0.716740608 -0.314617962 1.14409304 0.472500324 0.815102279
    -0.408238649 -0.0770722628 0.938974261 0.944842398 1.36604929
    0.345387459 0.61574626 1.51369357 0.209290564 -0.260063291
    1.53446102 0.974695742 0.512988329 -0.252835602 0.402172029
    -0.26276806 -0.165362805 -0.407694817 0.850404382 1.35050607
    1.54632783 0.25513652 -0.352472544 1.5024668 0.705623865 0.370319158
    -0.0694063902 1.42011571 -0.196784437 1.25012732 1.09258568
    -0.00456941128 -0.433784664 0.469046295 1.41131794 0.255996644
    0.233008146 0.0497858524 1.18784761 1.04708433 -0.403633237
    1.35392022 -0.0538740158 0.223102689 0.697052062 -0.445998728
    0.344979525 0.352189124 0.393316567 1.52817917 -0.217217892
    0.594639063 0.924204648 0.817589521 -0.152500093 0.200446963
    -0.437703133 0.169919372 -0.433258772 1.22774303 0.905452549
    -0.283913434 1.19158983 1.43556094 -0.602365971 -0.0989073515
    -0.445979267 0.485341549 0.5122177 0.0344850421 -0.135565013
    -0.149587393 0.491024375 0.4017573 0.034974277 1.13011694
    -0.263947517 0.0912203789 0.949511588 1.18707919 1.35058701
    0.41050595 0.794695854 1.35696363 0.43312794 0.676811755
    -0.124368757 -0.0762354136 -0.490852088 1.3872124 0.247991264
    0.417728543 0.214384377 0.686054409 0.890133202 -0.524702072
    1.42991436 0.959558606 1.21803999 -0.27586779 0.843722105
    0.697270513 0.0758621693 0.888172507 -0.120080948 -0.518126428
    1.33494997 -0.589769483 0.214648008 0.988399327 1.06236386
    0.114305258 0.57402575 -0.0329392552 0.441253662 1.49281323
    1.35415101 1.47316945 1.31739283 0.820081234 0.400092363
    -0.545041859 0.403920889 1.06243145 1.00060308 1.18169367 1.38149452
    0.524154902 -0.259443671 -0.396946788 0.492631733 0.140421748
    -0.43110016 0.909125209 -0.0420076847 0.116916597 -0.160914689
    1.36774421 -0.502177358 1.0837214 1.43998337 0.354906738 1.1291455
    1.41668344 1.39040899 0.279499471 -0.2121768 1.50792527 0.564332485
    0.639356613 1.14274836 -0.343342692 0.893363535 1.39608228
    0.494037509 1.46928453 -0.374130785 1.27191544 1.3309902 0.537769496
    -0.0374692082 0.573133469 0.279595613 1.25889397 -0.227685988
    1.54563594 1.16719174 0.482217431 1.25103545 0.561916411 0.594880462
    1.1244365 0.12847811 1.02124739 0.114831924 0.526222944 0.472732067
    -0.189979792 0.634394228 0.626269698 -0.223116487 -0.556341648
    1.59587717 0.652274847 0.219496191 -0.335230291 -0.0515843034
    1.06310773 1.59370446 0.181874692 1.0425036 0.492722631 0.228872359
    0.298637271 -0.0909420848 0.966265202 -0.0651278496 0.6823259
    0.507324874 -0.245711267 0.492718935 1.24989665 0.299782395
    1.36076283 0.78046149 1.59992337 0.690722644 1.09360838 0.648949265
    -0.0661902428 0.0110269785 0.171011448 1.57178712 0.49292928
    0.383023918 -0.00864642859 0.647469282 1.51058841 1.32590389
    1.59042168 1.0563488 0.0288085938 0.463505745 1.27842736
    -0.469440132 -0.0572914481 1.52069104 1.03369212 0.6881212
    0.674630523 0.486658573 1.25692701 -0.0745463371 0.0868611932
    0.905455112 -0.562594473 1.09409928 0.75463295 0.374981225
    0.871439159 -0.389260173 0.371154368 1.3132751 0.207552135
    1.49063134 0.342577815 0.98317641 -0.268838614 0.56948787 0.39983058
    -0.394951463 1.1717267 0.497110724 0.717064619 0.0558017492
    1.45623064 0.930022836 -0.593672514 -0.446362048 1.30682898
    1.24115777 0.832242906 -0.547162712 0.488716185 -0.274426043
    -0.500098646 1.46457231 0.158756137 -0.402814418 0.894426167
    -0.472277462 1.38061929 0.715673566 1.79758811 1.1591289 1.76854897
    1.03070188 1.17349219 0.789824128 0.126135051 0.295982897 1.41528594
    0.754283786 1.47983241 -0.121343702 0.524995983 0.953562915
    0.122218907 0.207936168 1.05001271 0.446222782 0.353960097
    0.566434503 0.537231743 0.0653268099 0.684859753 0.70413214
    0.800368667 -0.471853256 0.00450134277 0.169536769 -0.577022076
    0.394090593 -0.366856426 1.33221698 0.646959066 1.53727365
    -0.0579577684 0.37368983 1.35648537 0.586910784 0.697318852
    1.30889034 0.34527421 1.2514782 1.59441233 0.0180452466 0.490841806
    0.264468908 -0.495984524 0.984477401 -0.124091029 -0.430011988
    1.4091208 0.241315424 -0.364715874 -0.13095814 -0.556812704
    -0.251853913 -0.577502787 0.923906684 0.861072481 1.01103985
    1.34641457 1.41858983 -0.360715568 1.28140664 0.291340053
    0.160520971 0.820925593 -0.0119338632 -0.297692269 1.51060152
    0.371299744 0.820949435 -0.628575802 -0.517068267 1.19850039
    -0.648786426 1.55827606 1.16876435 -0.16677022 0.37175703
    0.0670371652 0.654693544 0.752060294 0.796804667 0.488445103
    1.39580584 0.486841559 -0.638457417 -0.128248453 0.852825701
    -0.265725911 0.832129359 -0.589624286 0.141932666 0.63914156
    0.218722224 1.09038818 1.50424683 1.09972072 -0.359315962 1.38767862
    0.438235462 0.651629508 0.124049008 1.61241543 0.151622891
    1.07187653 0.248667598 0.63314718 -0.312466711 0.505536258
    0.0499061346 1.12110579 -0.375313997 -0.138189077 0.185890734
    0.869323969 -0.594586849 -0.284350276 0.238425791 -0.0571747422
    0.208869934 1.15830064 0.682501495 0.641606927 0.836573482
    1.04508853 1.05353427 -0.489833921 0.808927476 0.712714255
    0.0444805026 0.873736739 0.208230317 -0.564389884 1.51354051
    -0.113087118 0.413590431 0.334697068 1.48977101 -0.295897424
    1.35534883 -0.247815758 0.220641196 0.354286253 0.609616041
    0.250003815 1.09831035 -0.429686368 0.257018328 -0.485814422
    -0.467517257 0.57422632 -0.0993621945 0.215852439 0.989970863
    1.24772382 1.55237257 0.86135143 0.463218033 -0.570617139 1.2001195
    1.63409781 -0.322917402 1.31778395 0.354688108 0.909498632
    0.647167683 -0.510769486 0.371155024 0.345833182 1.07577658
    1.26951396 -0.500256658 -0.0873833895 -0.550898075 -0.49974829
    -0.401742339 -0.441759735 0.289379537 0.216785431 0.222449124
    0.622238576 1.15272713 -0.416624904 -0.39039433 -0.202358246
    0.103219509 1.07371104 1.53373516 0.859640062 -0.604398847
    1.45304799 1.37054968 1.02095175 1.5070529 0.885748327 1.55936348
    1.02082753 0.942982018 -0.526249349 -0.578653455 -0.0194692016
    1.26632464 -0.219876319 0.265971243 1.60133302 0.711517572
    0.38154763 0.255021334 0.816972852 -0.335184455 1.31409967
    0.419970751 1.53572536 0.32258606 0.642161965 0.851500988
    0.664834917 1.06932831 -0.615794718 1.41173494 1.27880681
    -0.525797844 0.423228621 -0.0859560966 0.211935818 1.06565881
    -0.178685218 1.08682632 -0.566721618 -0.255086899 0.511270642
    0.138732612 -0.00768125057 -0.197385132 0.782639384 1.39523005
    0.481356561 1.53176546 1.06714511 -0.378089249 -0.370257765
    1.02541208 -0.566802621 -0.257338732 1.14526391 0.818620324
    0.759970248 -0.163909584 -0.380076587 1.57374692 0.753205478
    0.962926984 0.792711616 -0.159673303 0.0389501452 1.00144911
    -0.365875453 0.0291017294 1.32309318 0.62089324 0.879484415
    1.05079579 -0.274307728 0.555070281 1.24338102 -0.145024598
    1.40741563 1.580351 0.734719753 -0.0222088099 0.465653658 1.52411413
    0.728807867 0.110775471 0.327295125 0.66000253 -0.251073509
    0.219786167 -0.0792819858 -0.406971216 0.684739888 1.07187486
    0.379609287 0.391039312 0.352191925 0.0903621316 -0.133415908
    0.756908774 -0.520557165 1.4192977 0.25707078 -0.569765151
    0.721971929 -0.286075324 1.11720109 1.33017218 -0.0627328157
    1.27041435 0.336419106 -0.521232903 0.853582323 0.812119782
    0.62949425 0.319804072 -0.0286224484 -0.0867196321 0.526727796
    1.42363954 0.0607452393 0.139762342 -0.0899333954 0.0964244604
    0.443143129 1.53453875 -0.323863715 0.879015326 0.726134121
    1.09548712 -0.345474809 1.20500898 0.0679118037 0.733880818
    1.34087944 0.664212227 0.640635788 -0.0615456104 0.83796066
    1.47400665 0.0265786052 1.44832301 -0.332848102 0.996282101
    -0.643758059 0.613675058 0.876804173 1.34741426 -0.148715079
    1.33855474 0.941349149 0.918854535 1.30700564 0.909819543
    0.141692221 0.0955551267 0.983242035 -0.376728505 0.790321469
    -0.574797153 -0.25082171 0.312715232 1.17602563 1.46687305 0.3741557
    0.695502639 -0.389624923 0.131381392 0.0881942511 -0.119099677
    0.145795166 0.851790845 1.61173856 0.728451848 1.50487006 1.32724929
    1.27532446 0.98885709 0.0862329602 1.43499875 0.40929383
    0.0504428744 -0.62576586 1.09154606 -0.51857239 1.34330893
    -0.410843849 -0.282072097 0.226995587 0.910896063 0.869489193
    0.990298688 0.272652984 1.1047492 -0.502693295 -0.367392749
    0.0799788237 0.813339651 1.56297493 1.191149 0.814888358 0.136077404
    -0.525923967 0.47915417 1.31636095 0.413811564 1.03883982 1.42842293
    0.747045159 1.56312966 1.40568662 1.42832303 -0.273415387 1.56491637
    -0.429392576 -0.272452533 0.076495707 1.03360152 1.27668989
    1.60851812 0.731917858 0.0965499878 -0.366843283 0.595409453
    -0.0209009051 0.514491558 0.626166582 -0.323611438 1.54140663
    0.249939084 0.85198456 -0.317642868 1.20385194 0.431068242
    0.532228172 0.0324861407 0.811704278 0.700632095 -0.166646898
    -0.546541393 0.595854402 0.776970804 -0.0589727759 1.30708194
    -0.166366577 -0.106630981 0.408212721 1.3252387 0.322960436
    -0.569230318 0.298914075 1.11445618 1.21868551 0.674587846
    1.56884527 0.41841501 1.05119371 1.1459558 1.28464973 1.29724956
    0.512979269 1.38431406 0.716741145 -0.60002476 0.93077904
    -0.382136583 0.804245353 1.08978438 1.04173541 -0.0781422257
    0.900092483 0.828994751 -0.602727652 -0.367420673 -0.414306939
    0.637207747 0.572283983 0.0922478437 1.59725201 0.355658889
    0.733346581 -0.107136965 1.03564596 -0.320598155 -0.609879255
    1.17871881 1.04689717 1.21978378 0.521337271 0.0426177979 1.08869839
    1.15463233 0.36264962 1.05992448 0.34129709 0.907897174 1.02198315
    0.880907178 0.853877783 1.05919433 0.188895643 0.208383441
    -0.306478351 0.203172445 -0.344143033 -0.376123816 -0.59223479
    1.29553425 1.19023824 0.0823931098 0.784925401 0.793444872
    -0.159997821 1.58297586 0.537153542 -0.31812799 1.40482783
    1.14517331 -0.12393254 0.344928086 1.19618797 -0.264750391
    -0.378858685 1.66910672 1.38138735 0.516010523 1.06782842
    -0.227461338 0.543595076 0.409200549 -0.392854542 0.738040328
    -0.0627896786 1.13884461 -0.349123001 0.484814644 1.01009297
    0.667728364 0.940848708 -0.488095999 -0.503931046 0.97568965
    -0.52526474 0.0239058733 1.07581401 0.88436228 0.634245098
    0.0689042807 0.426089764 -0.1098544 0.243841231 0.650537491
    0.773663878 -0.596549809 1.34548843 -0.00327825546 0.574412763
    1.05607688 -0.573314548 0.246380925 1.56101298 0.594998956
    -0.098244071 0.311830819 1.44799745 -0.522547662 -0.102409542
    -0.35180369 -0.321853906 -0.0218567848 1.62508965 0.527571619
    1.54224229 -0.109833837 -0.42253834 0.0879895687 0.00601625443
    1.03295863 -0.103240609 0.257916093 1.53190303 1.09089756
    0.881278455 1.57953227 0.635086298 0.012065053 0.0924984813
    -0.137794912 1.42758703 1.08465123 -0.534264445 -0.316838384
    -0.195888549 1.03672719 -0.328886539 0.694850266 0.931851625
    -0.150386989 1.51947188 -0.121464431 0.931840897 1.10799718
    -0.119754255 1.4029367 1.12139153 1.15881491 -0.0500131845
    0.379735887 0.335383058 0.254836559 -0.141291916 1.23372889
    0.727611482 1.18948245 0.0138713121 1.14706254 -0.276364207
    0.18800056 1.32311952 0.00706976652 -0.0949175656 1.48749602
    0.0314723849 0.62901926 0.181887209 1.47867036 -0.499416083
    -0.233590156 0.343953907 0.418929756 1.16453838 0.159212112
    1.00799131 -0.339937657 1.47915542 1.48159301 -0.101704895
    0.527351022 -0.400915146 -0.399917901 1.1342504 0.9847278
    0.460593045 0.461136937 0.853824258 -0.204611659 1.45275092
    -0.514504373 0.448288143 1.42621684 1.45859122 0.334637761
    0.406886637 -0.307534963 1.02782857 1.37313151 -0.137063742
    0.972973526 0.049158752 0.0887280703 0.805603266 1.53368425
    1.15238953 0.677869737 0.0227664113 -0.405558765 1.17068565
    1.07676411 0.0291216969 -0.271864176 0.438561857 -0.311606795
    0.00388377905 0.365046561 1.51651442 1.21118951 -0.409692883
    0.828178823 0.728487134 0.163442671 -0.550030708 -0.516535342
    -0.20889765 0.960839152 0.643164217 -0.215300769 -0.0691828728
    0.0613109469 1.13826394 -0.410883188 1.30352306 0.513938904
    1.19098365 1.33711195 1.24730873 -0.0306338072 0.352137923
    1.12691748 0.0364061594 -0.341568351 0.0574398041 0.833123505
    0.897187889 0.578091145 1.2324791 -0.239321232 1.52085829 1.0735302
    1.24181128 -0.209733814 -0.504685402 0.0336716175 0.240738451
    -0.0760148764 1.52353525 -0.334938705 0.282210469 0.96152091
    0.520843089 -0.209747344 -0.119939387 1.42202842 1.19366407
    1.36600947 1.41698956 1.12154818 0.746669054 -0.223446608
    0.770783901 -0.39612788 -0.58228606 0.493328691 -0.0564371943
    -0.187273085 -0.42276001 0.752860785 0.871985078 0.570139349
    0.57992202 1.17811382 0.410879254 1.20693672 1.22751868 -0.609442711
    1.46010065 -0.0972651243 -0.481736541 -0.0789276361 -0.207854956
    0.527188063 1.23601484 1.28986931 -0.484698772 0.740785837
    -0.466982305 0.0595918894 -0.252849907 1.44097733 -0.114428401
    0.17294836 1.30588949 0.679920375 0.670563638 0.198646545 1.51967418
    0.704751432 1.05467832 0.418946207 -0.102296114 1.425699 1.49727798
    1.07890928 1.34551251 -0.365650117 0.255134106 -0.540694356
    0.726757228 1.19690871 0.647581875 1.11280274 0.263215661 1.69472766
    -0.10906513 1.50123715 0.419902802 0.455420315 0.766737223
    -0.311548829 1.45730197 1.19174433 1.14496541 1.42269707 0.283496797
    0.106757104 1.52239203 1.39349604 0.925041556 1.1764164
    -0.0634844303 0.972007632 0.344862342 1.52858329 0.810823739
    0.316666305 -0.503799856 1.21253371 -0.337548435 0.042868495
    -0.446727931 -0.452133626 0.182634413 1.12513673 1.09677768
    1.38344181 1.3262713 -0.0776660442 1.11832321 -0.171565652
    0.473764777 0.947290242 1.22248471 -0.425593972 -0.0385146141
    -0.543449342 -0.204311997 -0.107345879 0.603545964 -0.225075275
    0.807437003 0.666154087 0.370967507 1.27259696 0.0885581374
    -0.51349622 0.175837338 0.712035894 -0.581098795 0.460751593
    0.709280729 0.980717599 0.362647355 0.432056367 1.35870218
    0.204303384 0.21231544 -0.233064502 1.05901289 1.34207201
    0.971965671 1.15582323 -0.301566839 1.41648579 0.274367213
    0.934304059 1.00229788 1.25812244 0.903094113 1.11594462
    -0.155992985 0.180417299 1.49085045 0.749966204 1.1007905
    0.335935831 0.308679998 1.38348973 1.17471623 -0.103158414
    1.29376662 1.10948539 -0.0225188732 1.21808672 0.136284411
    -0.336664438 -0.45738861 1.10778558 -0.475998402 -0.19322142
    0.646126091 0.143224895 -0.313054442 0.716188908 -0.329924643
    0.45558393 0.920692801 1.40522456 -0.191784322 0.141928077
    0.848650932 -0.415174127 -0.166722119 1.30836082 1.25381899
    1.01711512 1.15205073 0.841330886 0.276729703 -0.423605621 1.3794477
    -0.0258647799 1.25590587 1.51754892 -0.507522583 0.677055418
    -0.197810113 1.06972241 -0.24328962 -0.246215194 0.259305716
    -0.555625737 1.53927898 0.693900764 0.692449629 1.28290653
    1.53024316 -0.370802164 1.33289313 0.617125154 -0.231982052
    0.535571754 -0.490321338 0.0300224423 -0.229574382 1.31274867
    1.05866122 1.08462572 1.37765718 -0.294580936 -0.510437369
    0.925845683 0.861193657 -0.024492681 0.00637227297 0.845732868
    1.35993814 -0.251714379 0.703048766 1.38386631 -0.484638095
    1.19147015 -0.536637068 1.56383181 0.510996401 -0.472126126
    1.0878855 0.0855913162 -0.0419930816 0.110842943 0.747775614
    1.54658961 0.402026176 1.08377218 1.44781101 -0.220548183
    0.683900893 0.503519177 1.24044704 1.55947649 -0.418648899
    1.21119261 1.2518084 0.263011873 1.39839363 0.640899956 1.02156615
    0.302668512 0.308276772 -0.286907703 0.811323404 -0.24265632
    -0.168864131 -0.570592999 1.26952958 1.28608513 0.844774127
    -0.230159789 0.249188185 -0.157081485 0.179155648 1.57813668
    0.462780416 0.551706135 1.25846839 -0.40324831 -0.490687132
    1.18109167 0.998866081 -0.400126278 -0.574475884 1.4019444
    -0.182141393 1.42444527 0.346396148 0.534005344 1.00584149 1.041852
    0.951406479 1.09316635 -0.446042836 -0.173039854 -0.475494564
    -0.522220135 1.05327928 0.284046829 1.14635563 0.778374672
    0.393907607 0.497245789 1.21097851 0.230613589 -0.54882127
    -0.517219186 -0.0806025863 1.13968825 -0.197107822 0.672075033
    1.23020208 0.103913248 1.1850462 0.969642758 0.0147648454 1.13124156
    0.974510372 -0.379425287 1.26901257 0.860188067 0.208614767
    0.373391449 1.15601492 1.55086184 1.36436296 1.4373405 0.643506825
    0.256307602 1.77812099 1.38704753 -0.109264046 0.742880404
    0.185371399 1.64662254 -0.255900502 1.6559062 1.20738685 0.558588862
    -0.365083396 1.35890007 1.3301965 -0.49725455 0.830628276 1.39933395
    -0.626022637 -0.428750336 0.660085201 0.312446296 1.60098517
    0.653329253 0.134091735 1.08536947 0.826323628 -0.114278525
    0.519607306 1.31805182 0.199961066 0.278811038 -0.0682191849
    1.60844755 1.35969377 1.55481601 0.350260496 0.0871247649
    -0.26307407 0.459239781 0.304406524 -0.473976552 0.163566411
    0.279297411 1.4198916 -0.228555709 1.52680922 0.616054356
    -0.0824591517 1.51190376 0.348398507 0.755563319 0.896044731
    0.529408276 0.299275339 0.985116422 -0.157136887 0.391850829
    0.613930881 1.11877751 1.04804218 1.6081202 0.0835177302
    -0.0664477944 0.258532107 0.536162019 0.018794179 -0.40862155
    1.31475282 -0.525019228 0.289260864 1.54709065 1.15255117
    -0.101036847 0.605621099 -0.55995518 1.14487219 0.868722856
    -0.554430246 1.02325273 0.00227153301 1.21879315 0.878689587
    -0.447115064 -0.563962221 0.73676163 -0.138291001 1.25216389
    -0.474668205 1.037974 0.654407799 1.1490171 0.427253485 0.620312631
    1.26522851 1.44059777 0.564029932 0.0118567944 0.662862301
    0.749424517 1.28973317 1.23047662 -0.290721327 0.509162307
    0.974017799 1.41162562 0.299551487 1.15724897 -0.0426001549
    -0.145897239 1.1456368 0.641086161 0.581564307 0.790007234
    -0.286214352 0.363695323 -0.109883547 0.0685389638 0.36806488
    0.245841503 -0.0577364564 -0.216111124 1.52475703 0.58487159
    0.445356131 0.603680849 0.710790098 1.41299343 0.884595931
    1.54794884 1.33952415 0.0826621056 1.52387929 -0.615332186
    0.339808643 0.611428797 0.948866308 -0.021270752 1.35264003
    -0.451832473 1.17405701 1.27209139 -0.226981074 0.364540398
    0.0490642786 1.29465628 1.50932479 0.178981423 -0.0823679566
    1.15737557 0.250437558 1.32756424 1.56365609 1.48430264 -0.6004318
    1.50967348 0.692580044 -0.187770128 -0.321642309 0.260431707
    0.610373437 0.97138226 0.277060926 0.783319116 1.49032128
    0.256034374 1.21760631 -0.26419276 0.275067985 1.63817215
    0.791432261 0.77209878 -0.406566978 0.461172998 1.27966285 1.6001091
    1.44563842 0.0487710238 0.491783857 0.481248796 -0.462977499
    0.841127157 -0.0375062227 0.878920615 1.23896718 0.0987755656
    0.251606703 0.675360978 1.41627383 0.672893047 1.49914765
    0.369594276 1.10509777 1.31711376 0.938349605 1.19858372
    0.0912743211 1.16083455 0.361570895 0.647359014 -0.443839431
    -0.331762224 0.986383379 0.908219159 0.446582258 -0.344394863
    0.0278112888 -0.371164411 1.6039989 0.935494959 -0.286907911
    -0.236045361 1.25012231 0.802837133 -0.581718743 0.60081619
    1.10807562 1.46612048 0.416284502 0.0801624656 -0.320971161
    -0.505362451 1.09547448 -0.0173876286 -0.0104600191 1.16129005
    0.778137922 1.38845837 -0.576730788 0.314250767 1.42914248
    -0.583623707 0.431666434 -0.465132177 1.34519911 0.689430296
    0.384016454 -0.58927995 0.297854364 1.29429913 0.0930559635
    1.36020374 0.728016973 0.717610836 0.453379571 0.520622373
    -0.220983833 1.550421 0.169344246 -0.206834465 1.19258022
    -0.135354757 0.513405859 1.46877432 0.26293987 -0.153067082
    0.397349149 -0.458750665 1.78537321 -0.124908775 1.23615003
    0.640522242 -0.056352675 0.550212801 1.61719823 -0.24530293
    -0.327736735 1.30452466 -0.244204044 0.86954689 0.068823278
    0.12548095 0.0586856604 1.34015083 1.51545548 -0.321815372
    1.43334579 0.799426258 1.10860443 1.21838975 1.01319015 0.29801023
    1.59271932 1.38827348 -0.348185509 -0.197089821 1.46578836
    0.000550508499 1.36957002 -0.369043589 1.23736787 0.516460538
    0.171035111 -0.211627811 0.329150438 1.04903722 0.25706917
    1.32308698 1.16599727 0.724744141 0.58661902 0.590266764 0.925096512
    -0.588883936 0.536821246 1.59128118 1.15555358 1.06341434
    0.996430933 0.385500252 -0.606533349 0.751049221 -0.397575915
    -0.128693283 1.04241157 1.17482424 0.18459028 0.838832557 1.28582644
    0.981562436 0.492690742 0.243394136 -0.403294802 -0.522472799
    0.807415247 -0.0506471992 -0.280079722 0.948303938 0.063031733
    1.37615824 -0.392845839 0.512227774 0.0538477302 -0.61690253
    0.82790184 -0.0667064786 0.617078662 -0.0214833021 1.14951634
    0.296435833 -0.0160018802 -0.199719965 0.939862847 -0.101042509
    0.704853535 1.02263689 0.324453473 0.982253551 0.37399894
    0.462990701 0.239379704 0.319948554 0.366860747 -0.416101396
    0.942269504 -0.547282577 0.187552512 -0.24590534 -0.0813954473
    1.32935154 0.905142844 -0.230046809 -0.364942431 0.757745385
    1.22057807 0.818739593 1.32874894 -0.462128997 -0.573004067
    1.08721519 0.776350379 0.731315196 1.5823586 -0.0440427661
    -0.597627103 -0.336938679 -0.236939639 1.18110228 0.573449492
    1.36301649 -0.0622825027 1.37988794 0.468267798 0.702027023
    0.822594285 -0.61334163 0.426090837 1.54599714 0.0305855274
    0.00651073456 0.604356945 0.813267648 0.486574054 0.543008506
    1.33852458 1.41176009 -0.619470358 1.22047687 1.49811411 1.09737635
    -0.225890785 -0.239510745 -0.0477535129 0.502765059 1.35934401
    0.117820263 0.57804656 0.357414842 -0.17740795 0.982365906
    -0.444152355 1.36165988 -0.567190409 0.193175614 0.549179912
    0.607758582 0.0866236091 1.18914294 -0.374345839 0.157659292
    -0.134030879 -0.512867689 -0.427431583 1.29912162 0.266094089
    0.0634767413 -0.254593074 0.0234236717 0.334016621 0.220085025
    -0.170513779 0.493627906 1.50020611 0.3952806 1.55273533 0.635375321
    -0.394794077 0.573273838 0.74192816 0.95836395 -0.527400494
    0.816743851 -0.401949376 1.42587388 -0.359028339 0.895320117
    -0.61163646 0.443827629 1.29606915 0.391395628 0.37434721
    0.131085575 -0.489493847 0.706126094 -0.0765830278 0.331822693
    -0.352407217 -0.282540739 1.12197661 -0.12515372 0.966089964
    1.04268575 -0.62110728 1.33284175 0.151573539 0.58550173 1.27677941
    0.195324421 1.49273753 0.644557118 0.381960928 -0.0421220064
    1.18046808 0.867741406 0.0629193783 0.30456388 0.48124969
    0.619345546 0.668630958 -0.283679605 0.2060166 -0.36396423
    1.48797393 0.619214654 -0.325118512 1.23482549 0.610699952
    0.832182229 -0.290366173 0.868094027 1.35264897 1.39686036
    0.0398029685 1.01374483 1.16462517 -0.411740094 -0.219937623
    0.836528897 -0.262580425 -0.222266942 1.03419232 1.53804028
    0.857833326 1.48846853 1.27895737 1.40223408 -0.525647044
    0.468287885 -0.607360065 1.59684467 0.842686772 1.35028744
    0.255511522 1.18152165 0.728603959 0.613643944 1.69270289
    0.478468478 0.967120647 1.73309791 0.260836482 0.942680895
    1.62115824 1.34771764 1.54393291 -0.283867031 1.08653092
    0.0501999855 0.299081087 0.063824892 0.729172587 0.637277424
    0.735270321 0.747654021 1.5814507 0.0287926197 1.51215506
    0.507469893 1.38192749 1.36362374 0.512320101 0.0264768004
    0.0279488564 -0.189593226 0.847424448 1.45428479 1.38782334
    0.0175008774 0.410265923 0.0274547935 0.372877002 0.497797489
    0.265267849 0.45227319 0.833733141 0.388358116 1.52776325 1.48567128
    0.0282467008 0.664235353 -0.600982308 1.589396 1.08356881
    0.774139047 -0.506329298 1.42776132 0.366976619 -0.477983117
    -0.0855455399 1.52195752 -0.404998183 -0.0696496964 0.343278468
    -0.258310556 0.0858890414 1.11478329 1.52823102 0.316054761
    -0.591807127 1.16988969 -0.251201063 1.40619195 -0.251786441
    0.364555001 0.989495993 -0.099865973 1.43898952 1.0905242
    0.414308369 -0.262366891 -0.343050003 1.11614525 0.323907316
    1.57934988 0.866359949 0.903021693 -0.335792661 -0.605421782
    0.963231921 -0.443908781 0.8270908 0.443903267 1.07927513
    -0.313694179 0.52846539 0.392344713 1.14251506 1.13095617
    0.630820274 0.772256017 -0.0745058656 0.740022361 0.189760447
    0.204308927 0.107021153 -0.386788517 0.00395035744 0.177727222
    -0.494380474 1.18468308 0.0767755508 0.277363777 1.4434123
    -0.0135669112 -0.331723958 0.0317995548 -0.260984033 1.2561065
    1.37151575 1.25088048 -0.180007964 1.58883142 1.35574448 0.595230341
    0.177715659 -0.205023855 1.56048119 1.30555534 1.33322048 1.06462097
    0.940811992 0.760462403 0.277843952 0.688833117 1.43191433
    -0.0184813142 0.918794334 -0.105767787 0.595809758 1.52535319
    0.838113785 1.38986516 0.69177103 1.44045663 -0.174856544 1.4109056
    0.460691094 0.0762609839 1.04984951 0.227071166 0.0148343444
    0.885376334 0.649213433 1.41839266 -0.513092697 -0.547521651
    -0.517777145 -0.141894579 0.513288617 0.0882831216 1.42708206
    0.942477047 1.31898451 1.27203059 1.03024244 0.541432083
    -0.167141289 1.41771579 0.226608396 -0.583520234 -0.505409658
    0.228580475 0.576267302 0.40756458 -0.13915363 0.52480942 0.24410969
    0.197442174 -0.0466211438 0.537066281 1.60808718 -0.402573168
    -0.166168243 1.40214014 -0.421730608 1.09283805 -0.391848475
    1.5773716 0.281317592 0.914898396 0.411068261 0.900347531 1.47940671
    0.499149263 0.673481762 0.133063614 -0.228984714 -0.0317469835
    0.840180814 -0.0693736076 0.00979912281 -0.283231884 0.325021923
    0.243417859 0.886134565 0.618693471 0.675073564 0.0239628553
    1.58104324 -0.421817124 0.245311081 -0.476211548 0.54797101
    0.510357201 0.536730111 0.828015566 -0.204621851 0.386831939
    -0.219398141 1.60835004 -0.493671983 1.34254384 0.431942701
    -0.327494651 0.620063543 1.45399201 0.683781028 1.51637483
    -0.395312905 0.43455869 0.271329761 1.52633691 0.651667774
    0.346701145 1.01464438 0.342501104 0.0697042942 0.0643697977
    0.524502635 0.0684278011 0.200163305 1.00701094 -0.608509541
    1.57508564 0.64753902 0.89158231 1.39487135 -0.317571491
    -0.00853860378 0.811848223 0.437978745 1.01632643 -0.0903658867
    0.65086937 1.00974941 0.591749191 1.63521075 1.07430375 1.44671047
    0.47622171 0.466741562 0.392807215 0.681295633 1.23107028
    0.215996206 1.53924024 0.247897208 1.44854724 -0.288200349
    -0.481817037 0.782106161 0.319566667 -0.0332992077 0.274195075
    1.25455737 -0.0933921337 0.16560173 0.889520824 -0.543266654
    1.59431052 0.688307881 -0.354177684 -0.273878992 0.591160655
    0.83710736 -0.542933464 0.0594363809 -0.591828346 1.59348643
    -0.308822393 1.43245244 -0.180306345 0.0516164303 0.179489493
    -0.468127072 1.35627389 0.0469020009 -0.323516846 1.56785011
    -0.338506073 -0.087438643 -0.402759075 1.31436312 1.59301329
    1.4325161 0.851585984 0.785347342 1.44759679 0.668911695 1.3200593
    0.414088368 0.0569418669 0.0539169312 1.16531205 0.753183722
    -0.0189595819 1.46079087 -0.496599823 0.512611151 0.057298243
    1.33077312 0.440291941 1.07418728 -0.405384004 -0.509841919
    1.40833259 -0.200306684 0.670106113 1.01525927 0.385362625
    0.305619955 0.114326775 -0.343151391 1.31653893 1.07827711
    -0.0515452027 0.199889302 1.0900687 0.0629261136 1.17680979
    0.0765816569 1.47503161 1.1117394 1.48689485 0.109979987 1.33563817
    1.40680552 0.707815289 0.952566624 1.06507111 -0.0893489718
    0.554139197 0.679554403 1.59193563 0.524137914 -0.059453845
    -0.440263093 0.253101349 -0.0933599472 -0.281797856 0.864944041
    -0.297579557 1.57326269 0.424152076 1.58055735 0.185142934
    0.385512292 1.4795537 1.46226323 1.62413144 0.379057944 0.385170877
    1.28071296 1.20004153 -0.195297211 0.413132787 -0.471956849
    -0.474799514 0.478443146 0.363292098 0.399088919 1.01614475
    1.28204119 0.414029121 0.331289828 -0.194666475 0.468616724
    0.92840302 0.173787832 -0.036572516 -0.371275067 1.21686482
    -0.414317101 0.661679029 1.34676147 1.01305127 -0.51463443
    0.193842173 -0.566359818 1.32276392 0.749794066 1.41901445
    -0.240142703 -0.287024647 1.4581387 1.54668713 0.861748517
    -0.0925927162 0.812194705 -0.0649145246 -0.372663081 1.54950559
    0.0236706734 -0.516875863 0.150435448 -0.282966763 0.352832019
    0.455738664 0.621117651 1.04222846 0.29918015 0.69153744 1.44479656
    0.263276875 0.034702003 1.32129598 0.696416199 -0.16405496
    -0.594422638 -0.311692774 -0.327124476 -0.171627223 0.87134707
    1.38683772 1.00784397 0.717338562 0.90021801 1.0788281
    -0.00647813082 0.0590987802 0.966629803 0.572587669 0.0155264139
    1.34117246 0.609491289 0.657536685 0.555789173 1.39757466 1.3814044
    0.304947793 1.37001181 0.780491769 1.4102571 -0.431327462
    0.610617578 0.000693202019 1.43988371 0.27084595 0.437049329
    0.676761448 1.32144403 1.18963563 -0.0623010993 1.30753326
    -0.182485104 0.550991416 -0.572554767 0.38925916 1.2653836
    -0.246819675 0.0355809927 -0.386893332 0.238501906 -0.555996001
    1.14679384 0.137281835 -0.536803126 0.496711373 -0.175418764
    1.46254706 0.646260977 -0.303309619 1.48196864 0.45278877
    0.698813856 0.353032112 0.0373624563 0.309218884 0.908786833
    1.49238801 0.887583137 0.706080556 1.24686861 1.39763188 1.0395304
    1.37641716 1.48035121 0.549907267 -0.605667055 0.201374412
    -0.204642236 1.57776666 -0.512628615 1.45891118 0.974908531
    -0.0637311339 1.50494003 0.428241313 0.194819391 -0.611552477
    1.29509151 0.219134986 0.47644943 -0.326649606 0.402277946
    0.110849559 0.182061464 1.47161913 0.864343286 0.520158052
    1.34876621 0.0735117197 0.25760752 1.4130137 -0.13877663 1.52035713
    0.0261270404 0.419163108 1.52333593 0.568083286 0.475115299
    0.572228432 0.983451307 0.4641155 0.701923251 1.39121461 0.620320857
    1.12226367 -0.0398689508 0.713965595 -0.15307191 0.12191385
    0.748948991 0.220347404 0.469982564 1.24731016 0.287118495
    1.54577398 1.59218585 0.820265532 -0.137529731 1.31156945
    0.709907591 0.333460033 1.36775231 0.978312612 1.48784375
    0.437427282 1.50005794 1.10817301 0.228812754 0.716617763
    -0.219652474 0.714601457 0.328886271 0.570542157 1.07748103
    -0.48879841 -0.140515447 1.15404522 -0.291665137 0.011392653
    1.58111858 -0.342706829 1.06424844 0.59091419 -0.520612717
    0.173967063 0.289834023 -0.0877569914 -0.37733072 -0.370653421
    0.803101718 -0.399790406 0.198192537 1.46755719 -0.579808474
    -0.595065534 1.33742762 0.840890467 -0.50515449 0.261562288
    -0.403512299 0.406281233 -0.0316416025 0.743038595 1.58790565
    0.367035449 0.816262722 0.607479095 -0.128599524 -0.187395781
    0.156511724 -0.174755543 1.29986644 -0.384896338 1.21816301
    1.08541536 -0.413820803 -0.437456399 1.20518303 0.063988328
    1.05114722 1.2077384 1.05856371 0.543700993 -0.215097964
    -0.406588733 0.597403169 -0.216921568 0.902340293 -0.170690715
    1.25365937 0.42616421 1.30316091 1.56950331 1.14127791 -0.0346814394
    1.30069327 0.0252303481 -0.593345702 0.207390666 -0.0999593139
    0.581773102 1.0617075 0.7186113 1.06629848 0.870740891 1.32037818
    0.465672255 0.665429533 0.998299956 -0.352479309 -0.469296157
    0.144541562 0.301176906 1.51656413 0.0874245167 -0.273570746
    -0.189516395 0.368207395 0.328610659 -0.10204047 0.837750971
    1.33350158 -0.284747183 0.0410247445 -0.123046607 -0.399890244
    0.663547218 1.01758087 0.55076611 -0.443138957 1.4069376
    0.00654017925 -0.448727936 -0.199687809 0.145282686 0.0442519188
    1.60375977 -0.0719960332 1.22974849 0.37496376 1.24207258
    0.291107714 -0.544706047 0.966624558 0.864961028 1.21477246
    0.712527275 0.277996421 0.1855371 0.635989904 1.15434933 1.36129916
    1.21292686 0.882086754 1.44396269 0.633538723 -0.0434014201
    0.53895098 0.818257749 0.670436263 0.831376672 0.778739095
    0.0248488188 -0.424135566 0.316860974 -0.0443700552 -0.495730221
    1.33858418 -0.605254292 1.44477248 -0.466387868 0.265328288
    1.3190341 0.833771586 0.375702441 1.47479987 0.519537628 0.29451555
    0.325160563 1.56757236 1.17413974 0.304107428 -0.37092492 1.43842435
    0.892680764 0.747534454 -0.282806218 0.121490777 -0.154733807
    1.05382729 0.527868271 -0.514316201 1.53238118 1.57891572
    0.793754339 1.47039986 1.02908874 -0.528667271 0.286562264
    -0.560836077 1.10481107 0.479347706 0.199875355 1.53996348
    1.26824164 1.0214473 0.0662528872 0.997424006 -0.372144878
    -0.53459388 0.440987587 0.915820003 0.153223038 -0.410040379
    0.870727122 0.627985358 -0.378792465 0.89998585 1.25204253
    0.726158202 1.57302654 0.765236259 1.33638966 1.09088635
    -0.119758546 1.53926063 0.642482638 1.52572215 -0.178334206
    -0.425991297 1.29111135 -0.231942683 0.891967297 1.20816576
    0.107110798 1.42076015 1.54491067 0.395125329 -0.431800276
    -0.337858081 1.7673769 1.18619525 -0.216741249 1.49818385
    0.508585572 1.63041615 0.128390729 1.41459036 -0.121561766
    -0.113398403 0.915447354 0.61520648 -0.429848373 -0.349708647
    1.33357906 -0.601646662 0.860238731 0.292867601 1.01873553
    0.778768241 0.878138244 -0.368833244 0.368315756 1.10129452
    -0.373421997 -0.106369019 1.60071993 -0.112184763 -0.0336385965
    1.2694757 0.178778827 0.862246573 -0.462424815 1.50728333
    0.845021367 1.50138783 0.586727798 0.74773258 0.340417027
    -0.259988308 1.31187904 1.29406285 0.331508994 -0.0813733339
    0.477815032 -0.294599593 0.250908375 1.15625608 -0.152712286
    0.388828456 0.95424825 -0.000607073307 1.13007963 0.860383153
    0.470179796 1.26528811 0.222339988 1.1127522 -0.0794345737
    -0.0253096819 1.35937715 1.1126368 0.0759813786 1.06373 0.789936304
    -0.538587868 -0.192202479 -0.540886223 -0.199908704 -0.125479877
    1.61303031 1.52758884 1.16361189 0.696432292 0.185414493
    -0.412206501 0.817966044 1.61037731 1.17359972 0.819019794
    -0.404181004 1.39634526 1.17404783 1.24050903 0.846283913
    0.212918162 -0.10464257 0.368777633 0.523455977 -0.143794686
    -0.566756845 0.651502252 -0.157735646 1.43718505 0.698709846
    -0.571332097 -0.551711321 -0.501527667 1.04716825 -0.0319526196
    1.3482331 -0.451578259 -0.0667351484 0.402332544 0.260683239
    -0.134855568 1.01034975 0.924311757 0.319433749 0.84806937
    0.151938975 0.933492482 -0.444018632 1.48828292 0.0892999768
    -0.315770537 0.838287711 -0.516367435 -0.584337413 -0.491386563
    0.951675355 0.530157328 0.176194787 -0.10776788 1.55388987
    0.407271683 0.837996006 0.704269171 1.47294235 0.811046839
    1.23698664 0.150667131 1.49099398 -0.246749282 1.13742304
    0.501045585 0.373580515 -0.538246989 -0.433036268 1.14781451
    0.0907384753 0.86749959 0.430396199 -0.3422378 1.43946731
    0.499521136 1.25501943 0.675150692 1.09006155 0.275397539 1.38963532
    0.880071163 1.0929817 -0.525180101 1.53979588 0.454194367
    0.255888522 1.44608748 1.49175751 -0.0707612038 1.58964944
    -0.259916991 0.862654209 -0.0421538353 -0.191948444 0.147745073
    1.38365555 1.24910259 1.58561635 -0.467678666 -0.310371906 1.4625597
    0.594108105 -0.0264570713 0.953181624 1.53941774 0.975923061
    0.49551338 -0.0300429463 -0.235764384 -0.207386553 1.36373377
    0.750523686 -0.0483725667 1.39490032 0.928853929 1.33126867
    1.45313346 -0.433244944 0.181061864 0.701917171 0.913550258
    1.39617538 1.52305722 1.2041533 -0.438140631 0.131279469 0.386048794
    -0.20421344 1.57333684 -0.146984577 0.990773261 0.155998528
    1.20710135 -0.0252540708 0.908760488 0.0659607053 0.628708482
    0.425433755 -0.553720474 1.54507256 1.50807858 0.067800343
    1.41852081 0.156831384 1.19054222 1.38894629 1.57377148 0.773007572
    0.950193405 -0.536160767 -0.455566704 0.75763756 -0.15047431
    -0.223423123 1.10829329 0.216972709 1.45471311 -0.394087493
    0.798102736 0.159720123 0.566926241 0.190350413 0.925311267
    0.983963907 0.160036623 -0.429381609 -0.468636394 1.4878459
    0.696424663 -0.30594629 -0.277029335 0.712835908 1.38249779
    1.4418354 1.25950074 -0.268713593 1.39085627 1.01714015 0.443622112
    1.39116979 1.36465001 -0.500456989 1.39747751 -0.356867909
    1.30157852 1.05494714 0.598656356 -0.0846014917 -0.0791701823
    0.632828712 -0.128297925 -0.374809742 0.732361317 0.083431989
    0.776860893 1.62090635 0.793243825 -0.4563815 0.241515577
    0.106590033 -0.400977254 1.51696777 0.360224128 0.543476284
    0.981100976 -0.0138129592 1.11578763 -0.214156806 0.401434362
    -0.405812085 -0.403408974 0.157113492 1.17388999 0.892291963
    0.540904582 -0.0772330761 0.110991716 1.00606108 -0.398806512
    0.872783244 0.984615147 0.68565166 1.08911204 0.34467274 0.269232213
    1.46273708 1.03029609 1.44002795 -0.578668714 1.15610433 0.875282347
    0.771805525 1.10489249 1.00319552 1.48159814 0.0633610487
    0.268944979 0.0177866817 0.511669397 0.123719156 0.542554319
    -0.384442389 -0.263061583 -0.28599894 0.996988833 1.17929149
    0.103960395 0.412532032 1.54886758 1.18838477 0.527034402
    0.744490921 1.06446934 1.06179929 -0.0130509734 -0.471581191
    -0.110466272 1.5996635 1.01626825 0.630805433 -0.271989018
    1.48285747 0.647273242 -0.106871247 0.811074078 1.45784485
    1.10416675 1.26985908 0.931187391 0.0203128457 0.295025289
    0.470526278 1.3957026 1.17429006 -0.301914573 -0.311496258
    -0.49086532 1.56393933 0.214615881 1.3017323 1.14059854 1.47799087
    0.854919493 0.705280304 0.228597105 -0.191024393 1.57624364
    0.584011495 -0.582233608 -0.36427331 -0.274854332 0.149588645
    0.279580235 -0.0631257892 1.23489416 1.24533939 1.0554781
    0.0812596083 1.6077739 0.295627773 -0.395910263 0.391865492
    0.915785372 0.628558099 0.504291177 0.714075506 -0.386211991
    0.36830157 -0.310045689 0.354423523 1.56118631 0.981644452
    0.476593316 1.50466943 1.50086784 -0.475096524 0.309146345
    -0.396994174 0.514938951 -0.452440441 -0.19960919 -0.238056004
    0.814369142 -0.194806814 -0.607742786 0.466935039 1.44371235
    1.38610601 -0.174762249 -0.0869233608 1.62675369 -0.504904032
    0.0358092189 0.278508008 -0.328051895 -0.13318935 -0.312410653
    0.561066628 0.134263694 0.241767883 -0.305518717 0.497556925
    -0.124643534 -0.240299523 1.3646121 0.645556688 1.55548418
    0.133693278 1.00308013 1.43971801 -0.537556708 0.747607291
    0.79332304 0.39612186 0.737468421 -0.459574938 0.564130962
    0.806561351 -0.104523361 -0.401123524 -0.276611894 1.33196664
    1.43100357 0.412184358 -0.477161467 -0.0344090462 -0.196198136
    0.252199292 0.0586398244 0.192821443 -0.585659444 1.47242069
    0.135856211 1.32946181 1.41520345 -0.128298402 1.32230508
    0.044037044 0.34562546 -0.325619668 0.481796384 -0.00779205561
    1.21049392 0.443015218 1.51393962 1.49964571 0.395604253
    -0.259629995 0.810440481 -0.351511747 0.538654685 -0.453100681
    0.36810565 1.00806582 0.102319419 1.4898181 0.667272747 0.995446742
    1.17326236 -0.367255896 1.2323842 0.154123425 -0.474314392
    -0.515493274 -0.50352937 -0.519072235 -0.0689623952 1.58758628
    -0.495775282 0.855770171 -0.0731579065 0.3656196 -0.00522357225
    0.44354552 0.719859958 0.821531594 1.60673237 1.59193277 1.45257401
    0.713067293 0.91941148 1.17158973 -0.229936391 -0.0107042193
    0.40134573 -0.0638241172 1.25312781 0.60987848 1.45892847 0.83398205
    0.0527761579 -0.207080811 1.45360446 -0.312883735 0.776078105
    0.477234721 -0.350540102 0.812214136 0.796384037 1.11645544
    1.21368217 0.96257937 -0.240923971 0.16514501 0.0910946429
    -0.0483139455 -0.20825085 -0.195408717 -0.193017393 1.46199059
    0.396017671 -0.282782018 1.04083776 -0.438590318 1.33503485
    0.585245013 -0.631935239 1.05042338 -0.0913721919 0.434779227
    -0.466430604 0.0595736504 -0.228530705 0.315683603 0.976113915
    1.45897245 0.856408715 -0.353417724 1.49423003 -0.379955471
    -0.0569491386 -0.357518524 -0.136441112 0.510780334 -0.447551608
    -0.267587543 1.17209351 1.1505475 0.550778091 -0.404151797
    0.674525857 -0.232554108 -0.159051508 0.50044179 1.45819521
    0.0838611722 0.891726673 -0.535926402 0.5109061 0.415860355
    0.239926219 -0.459759861 -0.249458432 -0.112018704 -0.540082514
    0.418137372 1.09818602 0.782349527 1.17783046 0.758848548 1.61213303
    0.734760225 -0.148323923 0.485536098 1.09041095 0.853103101
    1.27818072 1.24890113 0.998625755 0.119967639 0.610488057 1.39454687
    0.739395142 0.303021014 0.183793902 1.42808092 1.00394976 1.16118014
    0.748271585 -0.498708159 -0.537397563 1.38040137 1.53611135
    0.976431906 0.877435744 1.26414394 0.563626349 -0.42138952
    -0.176248968 0.0513094664 -0.436485201 0.974123359 -0.0606872439
    1.58439088 -0.108948827 0.214731336 0.442408621 0.910555363
    0.892314851 1.00350857 -0.526681662 0.448292673 -0.517727077
    1.50301909 -0.248217136 0.827024043 0.252513289 0.39962256
    0.00322568417 -0.198556572 1.5027703 0.507511199 0.025624454
    0.833414853 1.54444849 -0.365855038 0.136834919 0.954143465
    0.412294626 0.122096002 0.0687992573 1.6048665 -0.0999007225
    0.605883002 1.47907782 -0.48553431 -0.159442157 0.16498971
    -0.133010179 0.455765367 0.426009476 0.503286779 0.503168583
    1.60295331 1.38621008 1.2607795 -0.152330607 0.589399099
    -0.126561165 1.48014832 1.27447319 0.951326728 1.59535706
    -0.124300748 0.727898538 -0.222811669 0.156475246 -0.184753567
    -0.24602899 1.35334229 1.23899603 -0.337559521 0.873770118
    -0.350597501 -0.167863727 0.25833571 -0.555391431 1.40473437
    1.04369903 -0.369936168 1.57411337 0.140243471 0.596544683
    0.15098232 1.06844747 0.614898622 0.0829812288 0.149851263
    -0.274375886 0.39757818 -0.519732833 0.873316348 0.954619706
    0.411024809 0.0143584609 -0.435481787 1.37544274 0.34577632
    1.33129025 1.0247848 -0.228356361 0.225899696 1.03147483
    -0.454191029 0.734939158 0.442747891 -0.265154451 1.42295074
    -0.492734402 1.55055737 1.50347543 1.46248233 0.273327291
    0.360553384 0.831090271 -0.0435135961 0.0390515327 1.39729762
    -0.172155052 -0.192054689 0.48312223 0.96344924 -0.448164463
    0.91086942 0.849187672 1.41280317 1.24344945 -0.0636647344
    1.60209966 1.46930432 -0.596165001 0.266294956 0.194853246
    0.359382331 0.3974033 -0.385592997 0.194345117 0.456912279
    0.00322467089 -0.374813199 1.17480898 0.294982731 -0.283784747
    0.398205161 1.52520883 0.148339212 -0.146658182 -0.211887181
    -0.0241324306 0.638750494 1.45607793 0.249195457 0.827905715
    -0.42748329 1.32834148 -0.172679186 1.1122545 0.686094761 0.53584075
    -0.482404649 0.884878278 0.260216951 0.856440961 0.162294567
    0.115069866 0.348558068 -0.160449028 0.431105435 -0.22446996
    1.15201449 -0.525338531 0.182474732 -0.179427385 0.0847608447
    1.39822376 0.788964152 1.68871176 1.24448502 1.83157778 0.884417892
    -0.104508519 0.672164083 0.756071031 1.35920393 0.93337816
    0.682872891 1.37342632 1.03054452 0.0295289159 1.32078373
    -0.30807808 0.618097663 -0.450415313 1.57106519 1.10926998
    0.533338547 1.53579044 1.22545516 0.192597628 -0.0958947539
    0.125148833 0.430266321 -0.59640944 1.086748 0.922618389 0.956753612
    0.599666715 0.240384638 1.03881502 1.2274543 0.726268768
    -0.600292027 0.466297269 1.47410727 0.314655721 0.842671752
    0.790082097 -0.426180422 1.00692785 0.565678418 0.4643628
    0.259556592 0.0395251513 0.597756088 1.34958017 0.108436465
    0.51583147 0.692853153 0.773601353 -0.295309871 0.483981967
    -0.226004869 0.0668190718 0.874555409 0.691949487 1.04766572
    1.2593286 0.518199563 -0.114277691 -0.588437796 1.0243876
    -0.59427464 0.94254601 0.616310954 -0.360149741 1.00148177
    0.784673274 -0.151735991 -0.553077877 -0.238525957 1.21025085
    0.0683730841 0.6214692 0.561163545 0.820064902 0.640714943
    -0.281063914 -0.55291003 1.5205555 -0.461060852 0.0556564927
    0.00990301371 0.81233108 0.995503724 -0.299438924 1.38790941
    0.623599052 0.31655705 1.07976508 -0.131962985 0.791554868
    0.521659315 -0.316719353 0.887095451 1.62390423 -0.392534852
    1.45151973 -0.305624634 -0.445363998 -0.477316469 0.997026622
    1.58206093 0.907661736 1.32122111 0.553826928 0.345057607
    -0.41308707 1.19798779 -0.146907806 -0.423402846 1.53820467
    0.390468955 -0.360895276 -0.504329801 1.57824588 0.634246945
    1.2529366 -0.209773868 0.287279546 -0.282196403 1.62105072
    0.38386637 1.08328283 1.42196524 0.284557045 -0.0924101472
    -0.181014925 0.432575166 -0.25327301 -0.0714845657 -0.380217016
    -0.213786215 -0.268593371 0.229120433 0.11033392 0.182958066
    0.0173981786 -0.0412526727 0.613462329 -0.488067091 0.672647834
    0.181610823 -0.251680195 0.670916021 1.00854623 1.22769439
    0.785064697 -0.392473429 0.0467104912 1.28192854 1.5798794
    0.605492771 0.209742665 -0.301234782 0.899380803 0.252384961
    -0.418684721 0.14718622 0.00915908813 0.533194661 0.878887177
    -0.499270558 -0.434102088 1.32804918 -0.588983715 -0.495015085
    0.389899731 0.927747488 -0.608289301 1.37263298 -0.28480944
    0.27276957 0.0525537729 -0.209570169 0.949560761 1.2996279
    0.223979831 -0.104677081 0.36677438 1.53503954 0.600167572
    0.751492143 -0.138304114 0.0968706012 0.715188801 0.353674531
    1.20500135 -0.364656836 0.0226317048 0.205922008 1.17079043
    -0.339251876 -0.452053756 0.569798708 0.449021637 0.713298261
    1.28251052 0.103249073 0.835848272 0.704059005 0.728091836
    0.442085385 -0.176341802 0.31607914 0.700277448 0.539524078
    0.543022811 1.37260771 0.719992697 0.0683066845 0.176664591
    -0.118155211 0.209869325 -0.29005897 1.06969512 1.28751063
    0.396441579 1.58067751 0.434841275 1.15879774 1.05519235 1.4149276
    0.979428649 -0.414305866 0.927006125 0.581501067 0.391146719
    0.112275422 -0.184444278 -0.136602461 1.09892583 0.675605237
    -0.380297333 0.698471844 -0.481039584 -0.292207927 -0.280363053
    1.31828952 -0.311201572 -0.490702242 0.743322432 1.17871094
    0.903123915 -0.265358329 0.780336082 -0.148789376 -0.440958977
    1.30746782 -0.241981804 1.68485022 0.421652198 0.133237571
    -0.178821921 0.319949359 0.692967832 1.85656476 1.08033955
    0.821292877 0.0977121294 1.40711796 1.21387196 1.61744118 1.54937482
    1.15312171 0.846022248 0.0961816311 0.963086486 0.480054617
    -0.367681205 1.58648169 -0.592594624 0.605509698 0.0557639003
    1.13734794 0.631557107 -0.498587966 0.963005066 0.970212519
    -0.40655148 -0.0427028537 0.897662044 1.59928083 0.822788298
    0.867729843 0.159496784 -0.213746399 0.850001574 -0.373402804
    0.951877594 0.440042019 0.12937063 0.961002827 1.44066453 1.54635572
    1.06074333 -0.481233954 1.00123048 -0.367415786 1.50944984
    0.353633642 1.32895601 1.26227856 0.579579234 -0.157607317
    -0.437900692 0.909027338 0.423476815 1.49031663 -0.201168478
    0.129996598 0.31999743 1.27240956 1.48895299 0.821692407
    -0.388156712 1.36048079 -0.365226209 0.268941462 1.38521194
    0.271989703 1.53327751 -0.407840848 -0.108186513 -0.164472938
    1.25280726 -0.201288193 0.342224598 0.739917755 0.598379433
    0.0715625286 -0.291998029 -0.510389686 -0.284986854 -0.342439741
    -0.121924371 0.43481189 0.931365907 0.737127602 0.0418114662
    0.151437581 0.42928648 0.836096466 -0.543729067 0.243039846
    1.56028175 0.388604581 1.61331391 -0.301508218 -0.201862633
    0.463580489 0.636221588 0.795063317 1.55040193 0.302892327
    0.646193862 -0.0588577986 -0.234178662 -0.274059206 0.00972521305
    0.960077584 0.163629651 0.334622562 -0.354442298 -0.282527089
    -0.396470428 -0.497318983 0.586477876 1.01047564 1.04724193
    -0.393971562 -0.238283575 0.788970351 0.597136378 0.672386229
    0.504989505 0.063610971 1.23544145 1.30226862 -0.262406766
    0.932054877 -0.105198324 -0.292916536 0.0278177857 -0.506905198
    -0.242424488 1.49653697 1.38378119 1.34924459 -0.456312865
    -0.0432785749 -0.509953141 0.702872515 0.367581725 1.37322688
    -0.143348038 1.079427 0.98412621 0.705104113 0.601283789 0.478830814
    -0.191191643 -0.100100726 1.35186183 0.653457761 0.659139335
    1.12353969 0.0881009698 0.315182209 -0.365147054 0.374330461
    1.60650265 1.33971786 -0.277287453 0.803195 0.877977192 0.7044999
    -0.0121484399 0.49371314 0.595273316 -0.258930266 0.363053739
    0.275008261 0.590686977 -0.303261012 -0.277988583 -0.533378959
    0.464910626 1.54589748 -0.525142014 1.5662868 -0.42004478
    0.841212988 0.742470503 1.17897248 -0.451029867 1.03880382
    -0.275829256 0.567523003 -0.375812769 0.734469473 0.277261794
    -0.0110650063 -0.236273378 0.596899211 0.284034729 1.49502063
    0.478357494 1.10373473 1.29355288 0.508166015 0.0264385939
    0.344297826 -0.0559824705 -0.299363226 1.14555216 -0.494094938
    1.37079 1.38285804 1.46139944 0.252306044 -0.199742407 -0.534424305
    0.835976064 1.17083144 -0.309471756 0.485915899 1.31424069 1.1926887
    1.46967506 0.25844878 -0.511780798 -0.0100883245 1.54212236
    0.518988669 0.369234204 1.44760251 0.929726958 -0.384756148
    0.948800206 0.47912544 0.668717146 1.56797647 1.52555966 0.668826938
    0.167140603 0.614313722 -0.29372865 0.301592469 -0.411326706
    1.03609276 0.316649079 1.30690277 -0.077763319 0.278586686
    0.782687306 0.408160925 -0.41707176 1.10418212 -0.533486843
    1.24146938 -0.362688661 0.251450598 1.33408761 0.443237543
    -0.358638048 1.70319641 0.276458055 0.443243921 0.920794964
    0.790463448 -0.357013792 0.890891731 0.999939084 1.38724017
    0.656888187 1.73600399 1.28806281 0.241927654 0.689234734 1.01995838
    1.15602028 1.00170624 0.0674251318 -0.528348446 -0.432465523
    0.432629943 1.26296175 -0.0959990025 0.27572 -0.051463902
    0.800696433 1.12543905 0.387955487 0.885438263 0.550737321
    1.00501621 0.451426029 0.0689143538 0.626756907 0.642498434
    1.16157734 0.888233781 -0.385403782 -0.197171479 1.13106489
    -0.0346987247 1.18914247 0.492818058 1.12473726 1.58138657
    0.473530889 1.29045761 0.871879697 -0.346754909 -0.212101251
    -0.177208304 0.235081673 0.874346375 -0.495044351 0.897266269
    0.292568088 0.705695748 1.35661912 1.2603004 -0.184921414 1.2180903
    0.716689289 0.10467118 0.764827788 0.993215859 0.759301186
    0.310998738 0.860071361 -0.334721059 0.0618060231 0.484750211
    0.671883106 -0.277676374 0.331930757 0.249365032 0.615503132
    0.363642693 0.588038862 0.582060575 -0.570391059 1.55876184
    1.31172061 0.14946121 -0.561687887 -0.455136538 0.299509227
    -0.353077203 -0.159911335 -0.269622862 1.11458755 1.377527
    1.59691954 0.827367008 -0.362539917 0.183949947 0.69157207
    0.567717969 0.911119759 -0.131744832 0.168551981 -0.112878144
    -0.414243758 1.21069396 0.941684544 1.06464005 1.3784517 0.414207935
    -0.573717773 0.736010194 1.17343247 1.22206795 -0.38987577
    0.19125706 0.507542193 0.783064663 0.276782215 1.03455687
    0.425458491 -0.367512167 -0.15570572 1.48636413 -0.0404242277
    0.442625284 0.850130737 -0.429465532 0.930027843 1.12098265
    1.04513693 1.02424359 0.357890487 0.199243605 1.3052268 1.20586276
    -0.5589903 0.207883656 0.453985214 1.15748942 -0.509711146
    0.0552126765 -0.287878543 1.45208073 -0.473565519 -0.182865053
    0.490647137 -0.063098371 0.533898115 0.59174192 1.09299922
    0.473589897 0.661290586 -0.381644338 -0.0938373208 1.3850776
    -0.37961477 0.0795916319 -0.17797035 0.453933716 -0.450629652
    0.370733678 1.18702042 -0.0487305522 -0.302734792 0.026332736
    0.291620851 1.11765265 0.283520579 0.389205575 0.902131855
    1.03958869 0.495198488 0.0089827776 1.53783906 0.828674912
    1.19305015 1.01105261 1.37777841 0.869673073 1.14469862 1.31243086
    0.741761863 -0.153890014 -0.0580506325 0.0184628367 0.667035818
    1.5678916 0.220164716 1.37749743 0.941919088 0.996236801 1.13656282
    1.13023925 1.1320852 0.630844057 0.77951771 1.00118446 0.926736355
    1.30317581 -0.465946794 0.720387638 1.10939407 -0.00359791517
    1.28446746 -0.581640661 -0.552263558 1.48622811 -0.133991778
    0.843902588 0.822020113 0.238697529 0.679039955 -0.603404641
    1.09987462 0.132456839 -0.211146206 0.0685274601 -0.169771045
    0.293687105 1.23522115 0.511073053 1.25839281 1.29786849
    0.0419111848 1.27151084 -0.422954321 1.06607747 0.209190905
    0.186247587 0.619402528 0.778013408 0.762727797 -0.443938673
    1.3818599 1.59704089 1.34961128 0.715369225 -0.491599113 0.281897843
    0.201606393 0.846002877 1.56303966 1.1243968 0.758601606
    -0.377155095 0.668867707 1.56187081 -0.420850337 -0.276122242
    -0.171677679 -0.420084327 -0.388136864 0.638620377 0.0290771723
    0.443670332 0.0578858256 0.27305001 -0.442241013 -0.515763402
    1.01848888 0.322793871 1.08568072 -0.0194718838 0.518432558
    0.269735008 0.780066609 1.80073822 0.0603906214 0.185753375
    0.959327221 -0.213051498 1.04352891 -0.391814768 -0.0645990372
    0.921705246 0.730738997 1.57865238 1.15838575 -0.506487846 1.2436831
    1.51642871 0.21536082 1.56913733 0.081810832 0.589034498 1.07510173
    0.815327823 1.47613525 -0.585105836 -0.0677333474 0.966912508
    1.12926352 0.670849383 1.37297332 -0.00637477636 -0.305971593
    -0.0921826959 1.5166316 1.3535006 1.44591928 -0.262390047
    0.874100924 0.103521407 -0.203268439 -0.440774113 1.24762356
    -0.0386190414 1.3568368 1.15261197 1.06660736 1.51705503 0.367283344
    -0.403837174 1.02448785 0.854184449 -0.240693957 0.131581008
    -0.599459112 -0.306474209 1.22777271 0.794522643 0.183540642
    1.06594729 1.26766121 -0.0604294538 0.828234613 0.510816097
    1.53466749 1.09079218 -0.311793029 0.624380052 0.0280382633
    -0.195098639 0.814688683 0.962752759 0.114767373 1.08731937
    -0.0175397396 1.28305733 1.18708634 -0.420316279 0.405053496
    -0.0912244916 1.08327675 -0.52098 -0.464006305 1.55802476 1.29509366
    -0.434309483 0.411092103 -0.0355899334 1.45785975 0.725039423
    -0.54356873 0.852669835 0.640759706 1.46864498 1.31972194
    0.195117891 -0.328396618 1.37403882 0.113355219 1.57096767
    -0.520035148 0.583107114 0.204471707 1.20433903 1.54916346
    1.56312418 -0.236293167 0.824357212 0.141942561 1.38653183
    0.748516202 0.543524802 1.0525043 0.0299977064 0.19657439
    0.569913626 0.459483922 0.51406163 0.726678669 0.132775068
    0.517342925 1.25339627 -0.467048794 0.243323743 1.39206243
    -0.436498404 0.0293134451 -0.12660867 -0.124115139 1.3026433
    1.05679977 1.27865148 1.28621829 1.02415872 -0.119867027 1.18828332
    1.58422959 1.07438135 0.735487819 0.0952421427 0.131109238
    0.643184721 -0.139529556 0.769197702 -0.330125302 1.2929666
    -0.359840631 -0.0315875411 0.881135404 -0.0505122542 0.52523464
    -0.266289413 0.887950242 -0.444883972 -0.495966911 0.159106791
    0.0255021453 1.3684752 0.541416824 0.381911576 1.54605103
    -0.18106693 1.34756374 1.58231831 0.936491489 0.19536823
    0.0616903901 0.405459225 1.32216012 0.13091284 -0.251719832
    0.573185802 0.627377152 0.731704891 0.679769993 -0.0157643557
    0.185226321 0.651418746 1.25700915 0.75319171 0.340149224
    -0.241883159 -0.201662689 1.07148242 -0.38620162 1.50170112
    1.52054036 1.00820708 0.193369031 1.31824815 0.360735536
    -0.236363411 -0.472490489 0.453411818 1.2212708 1.56178451
    0.972186327 1.51302552 -0.220611691 0.100926101 -0.260310799
    0.620097041 0.859968305 -0.00646966696 -0.00751000643 -0.339481533
    0.764313638 1.23739314 0.325139463 1.46755803 1.6108427 0.531004488
    0.816645026 0.562573731 1.14305091 0.107219398 0.478076637
    0.600667179 0.778155684 0.150718689 -0.169206202 0.452459276
    -0.544927478 1.22960293 0.166052997 -0.536157787 -0.317842275
    0.365322411 1.16437483 0.42685771 0.620285213 -0.599767089
    1.48191571 0.360807657 1.23130393 1.41094851 0.0740709305 0.50379771
    1.54556394 -0.37219888 0.737368464 0.279667675 0.554094255 1.1496433
    -0.26068753 1.34125173 -0.360852152 0.619973242 1.4906714 1.0991466
    1.12392688 0.0300880075 -0.212983757 0.042740047 0.695525646
    1.71916389 0.468279928 1.29073143 1.62811184 1.61577487 -0.20629622
    1.70241141 -0.425974429 1.43718195 0.392455101 -0.194012105
    -0.282082647 1.45303631 0.653770864 1.00392985 1.05120742 -0.486561
    -0.149704874 0.0248581171 -0.260269761 0.853423476 0.227566123
    0.912488401 0.321532488 0.753343105 -0.222981155 -0.496106535
    -0.582199872 0.993249953 1.14281869 1.62015164 1.14439416
    -0.347607523 1.16994619 0.33202672 1.5068872 0.344379127
    -0.337011933 0.874025166 -0.506944478 1.04120588 0.226296306
    -0.386199057 0.558035016 0.281868517 1.59876037 -0.16596365
    1.5683471 0.0596939325 -0.520744085 -0.395465374 0.965931952
    0.478754401 0.618255258 -0.448770702 0.624275267 0.481357336
    0.00111943483 -0.238236666 0.974815607 -0.427146167 1.40201211
    -0.0700247288 0.234983206 0.0437134504 0.113222003 1.15050447
    -0.0868276358 -0.445509911 0.672729969 -0.473111987 0.0098850131
    0.0657926202 0.672589421 0.539955139 1.39698005 0.357397556
    1.34304619 0.464997172 0.707226872 -0.0225081444 1.51163435
    -0.232675046 0.19784373 0.325139821 0.322647452 0.396490216
    0.580124199 0.0280191302 0.186887264 0.535776496 0.564520895
    1.34594893 0.513966262 1.52330244 0.191131175 1.50113511
    -0.224452704 1.41904628 -0.313360453 0.551712751 0.588227928
    -0.243587106 1.39403605 -0.530545235 0.496569335 0.51065135
    -0.0584022999 0.240769088 1.00134194 1.36522794 0.00415402651
    -0.502580881 0.0601085424 0.525686026 1.6214385 -0.35600099
    0.0508913398 0.0189340711 1.41316366 -0.0868615508 0.728846431
    1.57759547 -0.350980252 -0.567843378 -0.311801851 1.0031122
    1.29250288 -0.106772751 0.233581424 1.36656141 0.0785412192
    1.11304128 1.14303946 0.420428574 -0.591350734 -0.257518172
    1.09791756 0.709603727 0.627372384 1.20200658 1.42770004 0.386124372
    1.09695137 1.38836443 -0.281178653 0.859560788 1.26193714
    -0.145862907 -0.15877229 0.946523011 0.780847371 1.05188918
    0.933879137 0.317879438 0.884701788 -0.425772011 0.419389009
    -0.480359256 -0.126212597 0.116292775 0.835423827 -0.136319339
    1.18401694 1.24905181 1.06743836 0.504908144 -0.203044772
    0.164826572 1.03068972 0.219920933 -0.386581719 0.745941937
    1.49537694 0.492693841 1.34884095 1.59142399 0.892809093 1.47925925
    0.713253498 1.26654732 0.332996368 0.879984915 -0.0488570333
    1.21653843 0.863843381 1.25406528 -0.0638145804 1.03362489
    1.10884166 -0.00160121918 -0.186292231 0.165774524 0.821738601
    1.60012317 -0.00493979454 -0.314375401 -0.337794542 -0.261535525
    -0.211213887 -0.44256103 0.847769976 0.560758173 1.54739237
    0.0556669235 -0.222728491 0.937082529 0.428492606 0.327072918
    1.48467517 0.163673937 0.760859907 0.54046762 1.17108846 1.42234206
    0.594525754 -0.626401305 0.725744605 -0.356955022 1.12185597
    0.18905735 0.340654135 1.21677911 0.120548785 1.0510025 0.366917312
    0.337674856 0.886496365 0.763756096 0.0817124844 -0.252397358
    1.49930811 1.19318509 0.019084692 1.04442573 -0.448459119
    -0.393705547 0.403536975 1.46037853 0.899863183 0.286160469
    1.26488352 -0.516092658 0.256856143 1.26286197 0.0989415646
    1.18302643 -0.155236751 -0.208813697 0.917293966 0.805484354
    -0.140714556 0.152724087 -0.44912371 1.02554417 1.48875284
    1.18066704 0.928821027 -0.335212409 0.32628715 0.221960187
    1.19109774 0.377637416 1.33925533 1.71912551 0.91898483 0.445484996
    1.3897866 -0.502592385 1.32943475 1.30306375 -0.236165702
    0.729991317 0.634912968 -0.140765369 -0.260082424 1.10913086
    0.0441931486 0.00884443521 0.333019137 1.14675236 -0.394210696
    -0.290747941 0.888693571 0.571220338 0.710882246 0.640395641
    0.431806684 -0.497865111 1.48859441 -0.113750041 1.08892345
    0.612775624 -0.302850634 -0.204706758 -0.421674043 0.431881011
    1.45033693 1.38981271 -0.263696074 -0.0983112454 0.0509064794
    1.39167321 0.169136167 1.14105773 0.24885577 0.618906677
    0.0961890817 -0.444681585 1.15372348 -0.335173696 -0.106713176
    0.696603417 -0.0521914959 1.1806252 0.575618267 -0.285416842
    0.672339499 -0.588040054 0.735934258 1.17885339 -0.221284986
    1.22399044 0.778525352 -0.24835825 0.0634732246 -0.394457698
    1.48638582 0.962049663 -0.259525925 0.0698214173 -0.398167133
    0.197173119 1.60521221 0.792764366 0.529922962 1.13629365 1.29701197
    0.124236465 0.590633392 -0.500291944 0.952071667 0.640112698
    0.437846422 0.193162322 0.530521929 -0.458162248 1.42045426
    -0.217499256 -0.488662571 0.245117545 -0.235781252 1.62430847
    0.393968225 1.18421149 1.04544032 -0.54289943 0.311446249
    -0.321132064 0.070178628 -0.429276407 0.456893682 0.639825881
    0.529786289 -0.515115798 1.37129521 -0.257171005 1.07259691
    -0.254283816 1.63429117 1.63696289 0.442960978 0.770077884
    0.132289171 0.376634538 0.104579091 0.675484657 0.220828176
    1.09113109 0.415372491 0.0605999231 0.730116427 0.169851899
    1.03353262 0.148142934 -0.373478413 -0.269507766 -0.459409475
    1.50933444 -0.597048402 1.42329693 1.24045515 -0.48146987
    0.614992321 1.17836142 1.01160979 -0.00208353996 -0.236447662
    0.00787979364 0.88841933 1.34173822 -0.147176236 0.353838265
    0.0442327261 0.526432395 0.525511324 0.0478795767 -0.255888045
    1.06939518 -0.423263192 -0.147226453 0.635172248 0.89891237
    0.336741388 1.27448273 1.30109656 1.51832426 0.795184791 0.559185743
    0.799672306 1.11151397 0.720646203 1.52081656 0.241813421
    -0.542385042 1.01561582 0.705210388 0.538826764 -0.241084605
    -0.444927931 1.37579274 0.464800596 0.918384612 0.916736484
    -0.0705853105 -0.615075707 1.42943501 -0.00625115633 -0.207028925
    1.10796022 -0.477536291 -0.0201678872 0.508749604 -0.377340645
    0.238896549 0.75899291 1.29153442 1.47866511 1.49694467 1.43123055
    -0.578173041 0.423069894 1.15577459 0.0769497752 1.23731685
    1.56632328 1.41743827 -0.0417153239 0.289023221 -0.330704749
    0.922600627 1.41278696 0.536758482 1.51417494 -0.126218557
    0.43938899 0.994813144 1.41606593 0.3099702 0.708990395 0.543192863
    0.506640255 0.168233991 1.22347498 1.53931677 0.817290246 1.16090727
    0.339024484 0.916188538 0.334362864 1.36075735 1.06402946
    0.206981719 0.303956807 -0.343622327 1.50873017 1.53378463
    -0.220022887 0.456793904 0.670177162 1.55540049 -0.395325333
    0.251775563 -0.030190587 -0.258488238 -0.340427667 -0.181612253
    1.20409656 0.169740081 0.405451834 -0.343402058 1.42584062
    0.370921075 0.14343828 0.69635272 0.288003504 -0.360314429
    0.214694023 1.2124505 0.419014305 1.24612057 1.25762665 1.33092976
    1.55445814 1.74987316 -0.277496815 0.812404275 -0.0213750303
    0.572183728 -0.0653685629 1.35779262 1.53097391 -0.0181102753
    0.205980003 0.956746936 -0.23148343 0.545163453 0.907711625
    -0.513771117 -0.188476056 -0.378124595 0.943939805 1.0858171
    0.02492553 0.295603752 0.68465817 1.24827933 0.242773652 0.384008586
    0.278008997 1.60018921 -0.0379258394 0.545240164 0.722348332
    1.43008065 1.06481481 0.648749471 1.33652484 -0.344433367
    0.584348202 -0.142392248 0.282122493 -0.580852568 1.24211478
    -0.174195886 1.34541523 1.57769966 -0.564843893 0.505261302
    1.30605006 0.569389701 -0.393859208 1.5460484 -0.262446076
    1.22704124 -0.343519747 0.594459832 1.07184863 0.675515354
    1.43772447 0.0511157513 1.10243571 0.035236001 -0.463101864
    -0.406992614 0.525114655 0.422410965 0.0258123875 -0.27423346
    0.171544135 -0.156796336 0.186269104 1.2468549 0.62226063
    0.00579172373 0.602224469 0.525669575 0.628948987 0.588385642
    1.11487699 -0.304141819 0.682054996 0.536807954 0.679012179
    -0.238091052 0.127971172 0.0213938355 -0.332835466 0.883241415
    1.49517119 0.448768377 0.767434001 1.49287379 0.864441633
    0.785856187 -0.0853027105 0.412283242 1.08425224 -0.550045729
    1.23953176 0.861664116 1.06730306 1.37886024 -0.362103522 1.39592373
    0.708638132 1.08016324 0.048833847 1.18988752 1.64276242 1.65155649
    0.312840044 1.01098955 0.438055992 0.0351561308 0.930719495
    -0.374309182 0.854833543 0.116894603 0.151558697 0.566882312
    0.698122442 -0.484003961 -0.404741287 0.418113649 0.108720362
    0.629570484 -0.191482484 0.779937446 0.277992845 -0.589446127
    1.20153689 0.108956575 -0.567418158 -0.288632452 0.931626797
    -0.0358514786 -0.458561599 -0.445356727 0.275393188 1.48720932
    1.05967784 0.990934491 0.210038781 -0.229159385 0.555625677
    1.56836951 0.744859099 0.143757343 1.13855135 1.50118709 1.30785418
    1.38041663 0.117771626 -0.594055355 -0.31785363 0.588330209
    1.10933447 0.0265482068 -0.482120693 -0.469874203 0.331701696
    1.07685184 -0.233897835 -0.401235253 -0.0400400758 0.0657331347
    1.37672925 0.0809742808 -0.0307241082 1.4852674 0.676034153
    -0.326833576 -0.210373402 -0.478064597 0.759120405 -0.18402034
    0.265513003 1.20356131 -0.367066562 0.646084189 1.51886296
    -0.448390961 -0.49573648 1.24369657 -0.572375059 -0.0601085424
    -0.0494475961 -0.0961536765 -0.549682796 0.0477568507 0.540392876
    -0.0624743104 -0.573226213 -0.45373261 0.801609576 0.80837971
    0.698803961 0.985714555 1.26761103 -0.413993478 0.595470726
    0.508530498 0.479588151 0.0267310143 0.524145782 0.349773586
    -0.618923008 0.402846396 -0.553794742 -0.0556311011 -0.194931239
    0.107704878 -0.00389176607 0.394534945 1.55907142 1.07534051
    1.58979619 -0.44288823 0.0536994338 0.0467526317 0.919287264
    0.108588994 0.190170527 1.60777164 0.36457032 -0.569188893
    0.915081143 0.433206022 -0.425281584 -0.0735783577 -0.286866814
    1.12245798 -0.347854584 0.164990485 1.29300547 1.2887032 0.513008356
    1.54130161 0.267459571 -0.367271662 0.0962513685 -0.50850755
    1.53786159 1.02741694 0.158858955 0.53375268 0.64339757
    -0.0250712633 1.10333312 -0.421027303 0.0254632235 1.50345016
    -0.0112117529 1.25705194 1.08605957 -0.218416616 0.559268594
    1.31667387 1.75923109 -0.0083321631 -0.151492253 0.654813349
    0.112619579 1.3392725 -0.260021448 0.178962797 1.53083396 1.48298335
    -0.307761878 0.0985047221 1.12574625 0.887628853 0.581314921
    1.59944963 0.250192285 -0.546122909 1.35765445 -0.409269333
    1.36048365 1.3255415 1.49122429 1.20461321 -0.0150830746 1.57267022
    0.474511147 -0.463674545 -0.246031821 -0.266939223 0.166733801
    0.0556989908 1.42642665 -0.610843718 -0.341003537 -0.170028865
    0.288137555 1.47695994 0.0532676578 1.18954325 -0.421123683
    0.241483927 -0.261312813 0.440684974 -0.258223295 1.0595243
    0.0491053462 0.518082142 1.11130118 0.187012196 -0.132093251
    0.239020944 0.818610013 -0.422576785 0.331162751 -0.0137130022
    1.00457084 0.595817506 -0.0469007492 0.413874805 1.62690878
    0.786597908 1.17496228 1.3698318 1.60931873 0.854041278 0.897338867
    0.217366397 0.957668185 -0.277353495 1.34650517 1.2750802 1.23898435
    0.799972177 0.0268762112 1.3930459 1.61816883 1.24708676 0.643532991
    0.616054475 0.364742398 -0.194438875 0.283964217 -0.0339698195
    -0.127349257 0.738990545 1.37879395 0.0534465313 0.53429997
    1.4552412 0.467727482 0.623424947 0.0462709665 0.361748457
    0.170965254 1.22180831 0.274280131 1.34378064 0.186325312
    0.111623287 1.36222005 0.698730111 -0.373596489 0.0878831148
    -0.264728308 -0.280166 1.1188215 -0.318501234 1.07647395
    -0.594839454 0.8999632 -0.260268897 0.619046688 1.1971426
    0.433864594 1.42628193 -0.124925524 0.649508774 1.59214377
    1.17365825 0.173045993 0.0646633506 0.46844101 0.918753505
    -0.0143482089 0.518876493 -0.163123041 0.780005932 0.352704465
    1.02398157 1.1583848 0.213320076 1.44484186 1.11642313 0.92617631
    1.13239825 0.576008081 0.971579671 1.37088418 0.138616025
    -0.507621408 1.07133269 1.31313848 0.849504709 -0.614631295
    0.308023274 1.1416173 0.562720418 0.342012703 0.0705555081
    -0.0771574378 0.119072258 1.28754056 1.04411435 1.16036081
    1.17824864 0.947665572 0.811046302 0.60701406 0.935771465
    0.883220136 0.950175524 -0.240108669 1.61412323 0.700867951
    1.0905652 1.43267298 1.36166978 0.323076248 -0.625681043
    -0.599779606 0.397337675 0.376242757 0.338466227 1.34839463
    1.10278976 0.0826289654 -0.164815664 0.932028294 0.176992536
    1.16170859 1.59620094 1.43164873 -0.311476827 -0.611099124
    1.53533578 0.516724527 0.993524015 1.31717777 0.449358761
    0.314811289 -0.0656881332 0.870458066 1.51066506 0.603244245
    0.49521786 0.645493686 -0.284138083 0.453269005 -0.563788474
    -0.528099298 1.01160121 1.61508131 1.05661988 -0.318897784
    -0.0678825378 -0.613088191 0.676852524 1.44105673 0.870940387
    -0.415152609 0.844266832 0.00330722332 0.405678153 -0.258094966
    0.516802609 0.737182915 0.794865727 0.121702552 -0.402608156
    1.31402278 1.29318333 0.753513396 0.289429545 0.356730938 1.08111632
    -0.319746107 -0.329346806 -0.210908681 -0.0926188231 0.61182344
    -0.18023783 0.0325788856 1.08448899 0.26113981 0.100404501 0.5277071
    1.62811685 0.319914699 -0.348513007 0.582806349 0.709129095
    0.629228234 1.23199248 0.716004848 0.429488182 1.58964241
    -0.48567909 -0.284430325 0.558020771 1.36449516 1.51789069
    1.47172832 -0.341143221 0.874876559 1.33641458 1.86986637
    -0.260843545 1.86896241 1.44533861 0.958735228 1.55531836
    0.659511089 -0.177929938 0.770780027 0.186391056 -0.558564186
    -0.1917274 0.218894184 0.943175137 0.676909745 1.62361395
    0.777374208 1.11690533 0.226907551 -0.019829154 0.968387306
    0.303104103 -0.487894118 1.020684 1.23898065 0.558468819
    0.0315725803 0.203977585 0.930084765 1.31810188 -0.567729354
    -0.100141168 -0.535584927 1.0720911 1.43779588 -0.00680327415
    1.47114694 0.349869132 0.488960385 0.0102437139 1.60929084
    1.17908978 -0.424154162 -0.265341014 0.341113389 0.827211142
    0.521439314 0.962042809 0.584321201 0.663576722 0.938344359
    -0.300923884 1.40076685 1.45384324 -0.425436437 -0.204718053
    0.558561146 -0.497601688 1.57119131 0.573583663 -0.276340753
    0.553831458 1.49991667 0.963582039 0.145103693 0.761226714
    0.647416949 0.796322584 1.53334594 1.53988779 -0.552169859
    -0.331902087 -0.0623564124 1.17570484 0.922915637 0.480738342
    1.48686063 -0.223701566 0.567017615 1.20479178 1.47711182
    0.0763252378 -0.0416967273 -0.51328826 -0.470770597 1.01558661
    -0.430235922 -0.264372408 0.904805362 0.136618137 0.747457623
    -0.164157212 0.985570133 1.16178131 1.53777838 0.413698375
    1.52880108 1.19487286 0.625327945 -0.479183972 -0.579260468
    0.900261223 0.0148418546 1.21069694 0.577130258 0.658567429
    -0.344168723 0.567477584 1.21701169 0.979630888 0.0473976731
    0.501255155 0.134025455 0.71787256 1.40906358 -0.574406087
    -0.000518858433 -0.350436866 0.459252656 0.292824626 0.235982597
    0.656190634 0.295846701 1.27318895 1.19727254 0.736530304
    -0.582906663 0.357913613 1.20623827 0.951655865 1.45780349
    0.551409364 0.134908617 1.42693889 1.08323789 0.805120647
    -0.315884799 0.019066751 -0.14741677 0.591951907 1.3409903
    1.20533323 0.892921686 0.522441149 0.0622499585 0.808988571
    -0.120966494 0.617079914 -0.233123004 -0.19541201 1.45223832
    0.239134192 1.61258173 0.0707449317 -0.265935421 0.340394318
    1.52305365 0.727421343 0.993551791 -0.127284884 -0.228589147
    -0.244208634 1.13005066 -0.567556918 -0.505846679 1.56183231
    1.02872813 0.0948710442 0.0461302996 0.768826008 -0.351718158
    -0.206971467 -0.275827676 0.266499519 -0.130597115 1.57048416
    1.54777479 0.283585906 1.03897417 0.753857613 1.4127326 1.14574146
    1.57041776 0.358737171 1.08229566 -0.614889443 0.309945464 0.109577
    0.502185822 0.316966593 0.602510035 1.18019104 -0.1769391 1.46652293
    0.275977314 1.15410042 0.815693259 -0.396863103 1.00129247
    0.853357196 0.86859107 1.39422631 0.228889823 0.366963267
    0.247562706 -0.614366114 1.01378 -0.540941894 0.604174256
    -0.212995172 0.560070872 -0.46756804 1.1151917 -0.123821259
    1.22065818 1.20251107 0.577104211 0.780723453 -0.557826102
    1.42292392 1.10267639 1.16064954 -0.517669678 -0.598745644
    1.09001231 0.50992173 -0.146800011 1.08885193 -0.489446998
    0.552243114 -0.563792288 0.790467322 0.0616015792 -0.167141199
    0.0170699358 -0.139972687 1.58951926 1.16535497 0.775721431
    0.62082082 -0.00966018438 0.816479862 0.811062992 1.30702782
    1.60413516 -0.0244783759 -0.231547058 0.0177046061 -0.361296982
    -0.0614174008 0.880579352 0.138377845 1.56484652 1.70055664
    0.94045794 0.724154234 1.72566831 1.47838116 -0.292071879
    0.835626781 1.80366266 0.328537792 1.13751507 0.713846207 1.00288558
    0.198208213 1.28064251 0.83688885 -0.18227309 1.19376683 1.38943386
    0.808051705 0.754176319 -0.494108617 0.674317598 1.37776184
    0.724199355 1.50056434 -0.619108319 1.12606323 0.98544389
    -0.359163076 -0.193260223 -0.384266376 0.0309633017 0.616282523
    0.378650844 0.339208782 1.16972625 1.32748771 1.0863564 1.25434291
    -0.565089226 -0.0171075463 -0.468957841 0.0526057482 0.905551791
    0.0778622031 0.369953573 0.580772817 -0.0009354949 -0.17595464
    0.753826916 0.823268831 0.0303124785 0.708631456 0.615973949
    -0.324663579 0.234147966 -0.389475197 0.456824005 0.25988692
    0.138897419 1.14052486 0.727883279 1.25563383 0.354767799
    0.628346264 1.21817362 -0.173247188 1.54888487 0.900365591
    1.32563949 0.14469558 -0.546695054 0.364194632 1.04011083
    -0.148563445 1.49092245 1.06653726 -0.346814692 0.366046369
    0.735743105 1.47561383 0.972275138 1.18019927 0.404844403
    0.612262428 1.49409044 0.337259769 0.210777938 -0.171696693
    1.36802411 1.59950161 1.47697556 0.974855423 1.06148958 0.969213545
    0.33494848 1.53643203 1.23684788 -0.29850927 -0.0347572565
    -0.0639375448 0.224408567 -0.531138182 0.557232976 0.853957236
    1.26558197 1.50494862 -0.0377595425 0.945982158 0.972026408
    0.00127637386 0.985223114 0.531920612 1.41008067 -0.474593937
    1.49426341 1.21970463 0.764950991 0.734369159 1.59877264 0.96944654
    0.869067729 0.491252959 0.469729781 0.945047319 -0.567299485
    0.528664827 -0.502592444 -0.109894514 0.57259351 1.49790001
    1.55343103 0.0730549693 1.4207418 0.883546114 1.30401599 1.13040662
    0.658176243 0.0765197277 -0.617443383 1.4465003 1.25268567
    -0.470631748 0.0871643424 -0.300013304 0.975601137 0.384917438
    0.781229556 1.51375318 0.379503012 0.105468571 0.217076957
    1.58877814 1.43709755 0.952108741 0.64269495 0.268240571 1.62097144
    0.333319068 1.45201945 -0.345609784 -0.287548602 1.55607235
    0.320499837 0.337786794 0.465207815 -0.568116307 0.649573147
    0.790085316 0.774701476 0.480375409 1.50534284 1.08651137 1.55401528
    -0.0993548632 0.333888352 0.753272176 0.0119382143 -0.2303662
    0.847745657 1.3185358 1.13811016 1.41193533 -0.407614052 1.06223178
    -0.429665923 1.21049666 -0.229508579 0.901017368 0.751051545
    0.761600256 1.35751176 -0.614584088 0.846730173 1.08429813
    -0.188718557 0.444173574 -0.440820158 -0.552103996 0.552423477
    0.605954468 -0.146175712 0.632388055 -0.316719413 0.640914798
    0.86999166 1.07584524 -0.102329075 -0.506772518 1.48890924
    1.15005386 0.871208668 -0.479995012 0.0509684086 0.505157769
    -0.532033026 1.50760269 -0.497259974 -0.376447439 1.20473075
    0.205730975 -0.370167017 0.0318528414 0.00246322155 1.32243562
    0.13079077 -0.316148221 0.709401369 -0.254858226 0.749477029
    1.46101892 0.380394995 1.38644719 -0.0355039835 1.12855268
    -0.372755051 1.26275778 -0.0175452828 0.895059288 1.50818181
    0.318922758 -0.500302196 -0.342915595 1.12995887 -0.23592326
    -0.514280915 -0.0620589852 -0.481952995 0.51669991 0.207478821
    0.978454471 -0.576917291 -0.159381598 1.25746608 1.27746058
    1.01108372 1.43244624 1.7406019 1.50129867 1.10534453 1.31264234
    1.02116966 0.813725829 -0.0700946152 -0.281624734 0.402658254
    0.32234633 1.11792195 1.1088506 0.286804259 0.447301626 0.14523536
    0.0563044548 -0.275635332 0.689705193 1.37482309 0.970100403
    0.0636928082 -0.60635668 0.880916059 -0.344946146 1.08944535
    -0.105182827 1.47734475 0.33765167 1.33548355 -0.209470421
    0.0325844884 -0.343819052 0.9273206 1.00852525 0.234732449
    0.0522088408 -0.186692625 -0.539839923 -0.497325838 1.14279866
    0.832093596 1.59975743 0.256325781 -0.2130256 0.838199556
    -0.625158966 1.20681846 0.545088172 0.593244255 0.416259706
    1.15938365 0.558126926 -0.386588037 -0.266135424 1.28635633
    0.895045578 1.55625963 0.748320818 1.25816989 -0.12531659
    0.649699807 0.145021796 -0.403493166 -0.46758914 -0.253126234
    -0.544297993 -0.1168136 0.39285171 -0.0144428611 1.62714553
    1.60406852 0.804115474 -0.0609478951 -0.21180746 0.0781215429
    1.6096828 0.497812152 0.5325737 0.065957129 0.118079305 0.440839529
    1.60497391 -0.436633646 0.597865641 0.0480460525 -0.529982269
    0.524680436 1.19067085 0.381060839 0.931212425 0.548686981
    0.166223288 -0.511577845 -0.102203071 0.343599439 0.222242415
    -0.240228683 0.912942111 0.694353998 0.48720789 0.265886366
    -0.529250085 1.08951759 0.846589744 0.631683946 0.91929543
    -0.147991836 -0.0588926673 0.292360544 0.245005071 0.595707238
    0.681080699 -0.164749205 1.18529713 -0.546657324 0.836141706
    0.826872289 1.29347014 -0.060102284 1.53850758 -0.554158688
    -0.319644809 -0.57900399 0.105253935 1.38739944 1.34901464
    0.188563526 1.58318758 0.926715612 -0.211138546 -0.499480098
    0.345125794 0.815221786 0.313034177 0.130490839 1.24869943
    1.30491686 1.15313816 0.0963690281 0.901665866 0.663111627 1.5343442
    1.55798721 0.0615536571 0.342502594 0.798020601 0.383906484
    0.0404933095 0.239163697 0.402220726 -0.0139600039 0.819395125
    -0.336344242 1.37002802 0.337851584 0.959300458 0.0279336572
    -0.573197782 0.596178412 0.0389275551 -0.177218139 1.12130499
    0.454071105 1.3465364 -0.384475529 0.48560828 -0.173564404
    1.14300942 1.28481758 1.33676612 1.36018491 0.485802293 0.395074189
    -0.054793179 0.711478591 0.80512774 1.5804987 -0.506548703
    1.32924414 0.246234775 -0.519601047 0.349410713 -0.45888865
    0.586436212 0.470785737 1.26097918 -0.302511126 1.37354183
    0.284417152 0.745147049 1.48502171 0.11321944 -0.568435907 0.5469203
    0.230142236 1.13678992 0.528588951 1.2328651 0.163588941 1.29474378
    1.01400518 0.769583702 1.23765349 1.38674462 -0.463468194
    -0.231215239 0.743616998 1.11501276 -0.545078218 1.58576131
    -0.187045217 1.3735218 1.11845756 -0.330608189 1.27967858
    0.469226837 0.495056212 -0.247650772 0.200872958 1.16758418
    0.248317242 0.496961474 1.05945313 1.24307895 0.0730299354
    -0.600159943 1.49859309 1.21966672 0.229108036 0.100088477
    0.698914707 -0.301091284 0.385474026 -0.169291377 -0.467096359
    -0.140316039 1.50246692 -0.50014627 0.834401786 0.694889903
    1.18952465 1.0932405 0.934342325 0.127001703 1.18289673 0.686459184
    0.83882302 0.458577096 1.41053104 1.1146605 0.629837573 0.1200611
    0.428974748 -0.349672258 0.618074834 0.989781499 -0.0306811333
    1.02943683 0.36497727 0.986694098 -0.305656254 1.31451726
    0.824642539 -0.0819565654 -0.0491298139 0.857373297 1.28997159
    1.08580351 1.23406386 0.521288693 1.11680162 -0.0478674769
    -0.443829119 0.553918123 0.533180714 1.40377331 -0.371381015
    1.26565146 -0.592019439 0.65653193 0.87893635 -0.528601408
    -0.129364938 -0.220186591 0.452015579 0.517952442 -0.125287294
    0.47854799 1.26067591 0.506633997 0.167342186 -0.382234395
    -0.173232555 -0.313676029 0.541321099 0.846739352 0.261297822
    0.246498287 -0.103971899 -0.112203717 1.20554805 0.401803195
    0.0764709711 -0.536081016 1.52600694 1.23061562 -0.438513458
    1.39536917 0.332241356 -0.498312533 1.09430242 1.05853438
    0.630719364 -0.236211777 0.297390878 0.326776028 1.19403505
    0.382596016 0.81095916 0.986319542 -0.331548154 0.847512543
    1.33806872 1.25920761 0.100651324 1.49080396 -0.286934674
    0.652098775 -0.34812063 0.160109758 0.215027332 -0.264344573
    1.45119166 0.54586345 0.216275156 0.119510174 1.01898718 0.404477894
    -0.222574413 1.20181572 1.17623115 0.418470442 0.559551001
    0.902556121 0.112663031 -0.551348805 0.936698198 0.234000623
    0.507380664 1.5435977 1.09238982 -0.538370967 0.493888617
    -0.433134913 0.796661973 -0.317806929 0.877703428 0.688902497
    0.934056878 0.325018406 0.425805569 -0.510999024 0.690803289
    1.47766256 0.628812551 0.358073413 0.635114551 0.447746575
    -0.253967971 0.786842167 1.07838225 -0.613915443 1.38475895
    0.623398662 0.540671885 0.769379914 -0.591588199 -0.16662696
    0.379041672 1.29876316 -0.505950689 1.14785171 0.00716161728
    0.827710688 0.841412485 1.5827105 1.45165253 -0.118786991
    0.469011903 0.576042831 0.470065355 0.266391337 0.0170733929
    0.250313938 -0.620749593 1.4218924 0.58670032 1.02878118 1.29976559
    0.22589618 -0.00438195467 1.10216856 1.0787704 0.73888123 1.15293157
    1.34002614 -0.420412838 -0.368938923 -0.0704961419 0.819409549
    -0.104753792 0.251357019 0.677285671 0.375898838 0.369603097
    0.951249957 0.0409469008 -0.146006554 0.406237364 -0.464653194
    1.58528233 0.472815037 0.659387529 -0.269120574 -0.251419514
    0.0124050975 0.858325243 1.26298499 0.466884196 0.88533175
    0.092728436 0.875062108 1.3306123 1.14287758 -0.317912519
    0.259386122 1.165483 -0.427553236 -0.091473341 1.41464186
    -0.355756938 1.52452433 0.0849115849 1.17556524 -0.0445657372
    -0.154814154 0.202892601 0.397048891 -0.0115839243 0.311567664
    -0.227271289 1.55983591 -0.296336651 1.29538202 -0.408819705
    0.0940383673 -0.344622254 0.579274535 0.659651399 -0.602350831
    0.504679143 0.845060706 0.60839355 -0.473896801 0.270904541
    0.713698566 0.258795381 1.12050867 1.21705174 1.41111708 0.499033153
    0.0182573795 0.920426488 -0.10517174 0.411103427 1.0372684
    -0.504479885 1.06904197 0.743038714 -0.610821426 1.01949573
    0.429946721 -0.291623205 -0.193467677 0.810410798 0.542901397
    -0.387094557 0.885369837 1.17723989 0.625552952 0.54301554
    -0.298433006 0.241479993 -0.263719887 1.54909992 0.812441528
    0.485625207 1.4010514 -0.342504978 1.55737984 -0.0384704471
    0.528433323 1.15026355 -0.159775883 1.61049223 -0.0398580432
    0.423470974 1.31470442 -0.115255952 0.0153018832 1.20053053
    0.946641207 1.11636853 0.362721711 0.339701086 1.02914143
    0.342755228 -0.207666904 -0.0959896445 0.880124927 1.04286456
    0.23035866 0.465978324 0.7935462 0.696872354 0.545737982 0.391599834
    -0.367268175 0.956342995 0.552243412 1.47133982 -0.194956005
    1.33021951 0.837715328 0.0134060383 0.366384625 1.49479866
    -0.188160181 -0.226988286 -0.50568378 0.663944781 0.035391748
    1.17028213 1.18647587 0.194926083 -0.34924984 0.163830757
    0.462930799 1.31522763 1.41769218 0.615796685 0.294921279
    -0.281314492 1.39800131 -0.368603915 1.34560001 1.12764394
    1.32231736 1.04098272 0.096652627 1.51467335 0.375593424 0.921884537
    1.59408617 0.615173459 0.163317204 0.537428498 1.23164535 1.06922531
    0.893023908 0.527752221 0.12910068 0.0011113286 0.593528509
    -0.388470739 1.35903716 -0.1798594 0.27257967 0.966054738
    0.0980120897 -0.298184395 -0.00826090574 0.771008849 -0.422960818
    0.12663877 0.705242693 1.20656621 0.321742237 1.00585938
    -0.311798573 0.455783546 1.0835557 -0.151000947 -0.192557007
    1.49138701 -0.589787424 0.240399122 -0.0940807462 0.390774786
    0.366457999 1.47250879 0.697981 0.00274658203 0.0701942444
    -0.0786454082 0.118486881 0.0971630216 1.09977806 0.330486119
    1.18804383 0.0562559962 0.603667021 -0.122779101 -0.528627694
    0.93739146 0.584546208 0.088632524 -0.13527301 -0.00911104679
    -0.0353639722 0.238949597 1.30037344 -0.460832357 1.50888515
    0.596472561 1.48101258 0.874899387 1.44568932 1.0979569 -0.434794188
    0.415513217 0.203680694 -0.42292881 -0.480817556 0.585527718
    0.36837554 1.41263843 1.14652503 1.28104997 0.445693076 0.337174177
    0.962127149 1.4155606 1.19900942 0.923317492 0.07955724 -0.598090291
    0.373677015 -0.613006353 -0.0782890916 -0.503505945 0.511427999
    1.111812 -0.396139413 0.00506818295 1.34240389 0.388525128
    0.0836109519 0.666282296 0.0231714845 1.47367489 0.0701615214
    0.850757658 1.032709 1.32734954 1.09839797 1.57405829 1.32454014
    -0.108506262 0.543144941 -0.443966359 0.110162556 1.52377653
    0.913689733 1.53768921 0.238149464 0.307362735 1.51516902 1.35416722
    0.907329023 0.403622687 -0.185375094 -0.212650895 -0.00948733091
    1.2944994 1.36240375 0.228848279 1.51328039 0.914149106 -0.502964377
    1.0892849 -0.615446508 1.12705564 0.672912478 1.4572835 1.09519041
    0.384750426 -0.0241023302 -0.517165124 0.452045441 -0.207626015
    -0.429530442 -0.544218361 0.295705736 0.634857118 0.926790357
    1.05066597 1.49341941 -0.56284976 1.41395676 0.328114152 1.10852289
    1.14922798 0.077750504 -0.35250631 0.381807625 0.245550513
    1.04685044 1.2824595 1.38755834 1.08211923 1.2023344 -0.387441009
    -0.0807027221 -0.395986795 0.825345099 1.15811777 -0.060981214
    0.216140568 1.25368094 0.929551661 1.39630485 0.291572928
    0.919514179 1.36044657 -0.170230448 1.31579995 0.279354215
    1.60964918 -0.13013491 1.55963135 0.592068613 0.432044387
    -0.572846174 1.07579279 0.128955841 -0.0577446818 0.0964535475
    0.864856541 0.0915757418 1.48425448 0.958819687 -0.438419878
    0.464942276 0.410217464 0.839921296 0.932974398 0.005030334
    0.650577843 0.734509647 0.77553612 -0.303333104 0.130155742
    1.13361406 -0.495925307 0.215629816 1.08546042 0.268088132
    1.26621032 0.0623999536 1.01093519 0.715488791 0.783920825 0.7293576
    0.278846473 1.27536488 0.34801957 1.58337152 0.138776362 0.722735643
    -0.23298353 0.0100767016 0.162841797 1.45542359 0.852434397
    1.30546069 0.602127135 0.969199121 0.200694442 -0.263105154
    1.12467241 1.08929181 0.0964892507 1.06637621 0.550270498 1.20486689
    0.663695931 0.543743551 0.0750505924 -0.0404425263 -0.429625332
    1.37812412 0.412373781 0.828760862 1.36937523 0.138739407 1.29778361
    -0.542221844 -0.0958132148 -0.123759151 0.641281128 1.14311254
    -0.275045395 0.125515401 -0.10485357 0.988072932 1.46726859
    0.883754253 -0.045992136 1.58365035 1.04452622 -0.0685199499
    -0.554677486 -0.593951643 -0.215638846 1.49670434 1.56989098
    -0.492242038 1.38557696 1.1656208 -0.259085119 0.721604407
    -0.325217962 1.43337381 -0.137801141 1.54625773 1.1905328
    0.334032834 -0.0470221639 0.87390244 -0.521478057 0.663760066
    0.130916715 0.387085736 0.29974854 0.776646376 -0.283768862
    -0.248204976 0.0336648226 0.242718875 0.851730347 1.47438335
    0.710925341 0.119054139 1.51293588 1.02316749 1.02800977 0.293701172
    0.749158144 0.377405703 0.467305481 -0.11777091 -0.000904679298
    -0.383577257 0.697449863 0.873783171 0.772029579 -0.536358654
    0.531619072 0.30019033 -0.0381111503 0.794420779 -0.495326817
    1.06295443 0.219767094 -0.602376342 0.604974985 0.17624259
    0.400190115 1.44579673 -0.0576515198 0.834851861 0.968539417
    -0.289814383 -0.134328187 1.43654108 0.603646219 0.133439302
    0.0528208613 0.745913565 0.735781848 0.248214066 0.00269687176
    1.41446185 1.44727957 0.0763123631 0.947471499 -0.132859915
    0.232515275 0.156567931 -0.170946509 0.874042094 0.427520871
    1.54445648 -0.065590024 1.28828263 0.3754282 0.885915339
    -0.626872361 0.51652348 1.48943901 0.729319811 -0.144975245
    0.200093508 1.49125993 0.527566314 0.43525517 0.368274927 1.12414181
    0.979620039 1.42285371 1.29785824 -0.280221164 -0.509335399
    1.02752507 -0.171974093 -0.0658137798 1.08900607 -0.152412057
    1.28553951 -0.516460955 -0.342436403 1.29902554 0.351538658
    1.51802611 0.845837176 -0.569209993 0.447614431 -0.171644419
    -0.0961458683 1.21183372 0.964064062 -0.388568968 -0.0468260646
    0.86645925 0.111026525 1.42891538 1.23296142 0.00895994902
    0.721668184 -0.523577392 -0.00440573692 0.806096613 1.51984215
    1.50890112 0.690148711 0.322976112 -0.191056788 1.43562007
    0.763479352 -0.5469594 -0.0164139867 0.701396883 0.586743832
    1.07226026 1.36941612 -0.483176947 0.321377933 1.52357221
    0.339601636 -0.381268442 1.56346917 -0.179471523 -0.385443777
    0.405602992 0.44239217 0.021400094 -0.119360745 0.419364989
    1.12226665 1.26790011 0.991324306 1.52582407 1.5073117 1.16701508
    -0.517378688 0.950244129 0.449873805 1.42934012 -0.200686723
    0.443032563 0.825635552 -0.0376228094 1.24073768 1.59529674
    0.60189116 0.982092798 -0.0796408653 0.708635032 1.09114957
    1.14643526 -0.012324512 0.0169075131 1.09367919 0.838099957
    0.892422974 0.943553269 1.16015983 0.622131407 0.524796367
    0.421257257 1.27845979 1.41163778 0.76778239 1.26029634 1.32455468
    -0.349440277 1.38454735 1.49572659 -0.486031324 0.289942682
    1.55745673 0.756577671 1.4979881 0.898848295 1.21671391 1.67100179
    0.568800569 -0.0913530141 -0.280335248 1.82980263 0.0195844173
    1.50679493 0.857287169 0.32750541 0.0497066379 1.16637039
    -0.299921811 0.91568321 1.43857718 1.02042842 0.103730977
    -0.154260427 -0.581241012 -0.469965339 0.118833244 0.498516977
    0.598508954 -0.308626294 -0.230239183 -0.314003944 0.567472935
    -0.129285485 1.09987712 0.137618601 -0.152251989 1.58265698
    0.925500691 -0.568571746 0.941803098 1.3930831 1.45385098
    0.231000781 1.40988469 0.177296519 1.50911212 0.72414434 1.38858962
    0.500892639 -0.217964113 -0.299763441 0.804671645 0.304537952
    0.690217197 0.873117983 1.08639467 1.3035084 0.373492718
    -0.0879769325 1.10211539 -0.518902719 0.933342993 1.1777302
    1.07448328 -0.485970527 1.26847076 -0.0465890765 0.0103031397
    0.181724191 0.570874095 1.34845901 -0.386542737 1.41465187
    0.792577565 0.504606724 -0.126494557 0.0522398949 0.283014417
    1.21235204 1.21741581 -0.0501169562 1.21988201 1.51185131 1.21057463
    0.157538772 -0.104824066 0.0148937106 1.51245451 0.543965936
    -0.18598634 -0.282926589 0.989236534 1.47318029 0.863889456
    0.166440725 -0.403753996 -0.271803379 1.09462786 0.463029385
    0.43859607 1.20894051 0.792165935 1.05540085 1.16507363 -0.338464916
    -0.458650351 1.06823182 -0.00468665361 -0.30240792 0.680553377
    -0.105726957 -0.102780521 0.680223942 -0.559546649 0.682496369
    0.232694864 1.58739138 -0.157767266 -0.0812750459 0.508024871
    0.321439981 0.320687056 1.58327818 0.145543218 -0.25570184
    0.0931308866 0.0936529636 1.05647469 0.222412586 1.23295414
    1.03086972 1.08148241 1.36481404 0.994326532 0.146704614 1.32258511
    1.51106417 0.481503129 -0.0438299179 -0.0685639977 -0.152276546
    0.833290756 -0.578621507 1.06496954 0.326135695 -0.155343711
    -0.0264189243 0.341604292 0.428210378 0.0980554223 -0.352341235
    0.134126425 1.57890964 0.802121401 -0.0849496722 -0.429080635
    1.38454223 -0.0953866243 1.58540082 0.0694185495 1.37146926
    -0.476174653 0.408377171 -0.182698429 0.731787801 -0.135778874
    1.358006 0.358364105 0.537089646 0.0340362191 1.57070684 0.820125878
    0.891665816 -0.376627445 0.590050995 0.222611248 1.60723186
    1.42718828 -0.55886817 -0.508909822 0.687515676 1.39298415
    -0.245405644 1.4724257 0.188144088 1.19316769 0.876816392
    -0.592856169 0.116256237 1.43382382 1.13360786 -0.446012914
    -0.0605211258 1.34608662 1.17149425 0.953226566 0.944662213
    1.03920543 -0.304477513 0.748839617 0.16472882 1.57029343
    -0.0175165534 0.595195889 1.00472772 -0.10574019 1.11013663
    0.141822219 -0.407000899 0.214559615 0.0693734288 1.04981732
    -0.0885382295 0.898014426 0.160357356 0.399143457 -0.0361745358
    1.29206204 1.10409498 1.06906784 0.0111070275 1.01205945 -0.57607013
    0.586463571 0.539610863 -0.410060227 1.03192735 -0.472652107
    -0.30163461 0.935274661 0.893367708 1.24109936 0.567364931
    0.824823678 -0.289142013 0.306454599 -0.335092276 -0.502264619
    0.794857979 1.1440506 0.486681521 0.538708448 0.372312129
    0.504855216 0.722588181 0.977425516 -0.575897098 0.728487551
    -0.393461496 -0.13762781 0.0259904861 0.0439738035 0.497538269
    1.33429337 0.404845059 0.267451465 0.696660578 -0.312176526
    0.434918344 1.61004519 0.894613862 0.749206781 0.598884642
    0.32512328 0.891818345 1.36425817 1.23245406 1.03610957 1.45115662
    -0.284351289 0.816152215 -0.47445029 0.68168664 1.02357602
    -0.480628192 1.32815945 -0.0145565867 0.748381436 1.53388357
    -0.573211133 0.925320506 0.867410064 1.43792868 -0.277348757
    0.391533852 -0.553524196 -0.0284816623 1.16312957 1.27494192
    0.974367261 0.0961391926 0.294012189 0.564143419 1.42560363
    0.0583280921 0.299695134 1.2930162 0.321946561 0.54088527 1.36128473
    -0.250599831 1.57414782 1.30939078 -0.595083416 -0.164924204
    0.661557078 -0.0706584454 1.09340417 -0.374141932 0.303100705
    0.00894612074 0.507304132 -0.454252243 0.0666381717 1.40117431
    0.357589364 0.251649618 1.50235522 -0.260335177 0.593212187
    -0.609363794 1.17785633 0.33727324 -0.573220611 1.04783463
    0.989885151 0.180951059 1.61010289 1.14646363 1.32653856 0.886818945
    -0.245467722 0.513464689 0.260116458 0.406800747 -0.107284665
    -0.0698896646 0.487218082 1.52411246 0.790840089 1.17988086
    0.467316628 -0.266814321 1.2746408 0.679159582 -0.0547971129
    -0.284443915 -0.0271055102 1.39273417 0.592889011 0.814388096
    0.233466208 0.0333003402 0.364776313 0.995320737 0.678940356
    0.125952184 1.12161124 0.738536239 1.10373974 -0.408454597
    0.176949561 -0.393385202 0.63929987 0.904352248 1.50024414
    0.126698792 0.985122025 0.94621253 0.307419479 0.621702492
    1.16356349 0.0912729502 0.225899875 0.492897749 0.437826931
    -0.452274442 1.5557332 0.285551369 0.697538972 1.25414276
    0.757186949 0.272586048 0.448325574 0.211228192 1.44585538
    1.54937053 0.363587797 1.08785915 1.15411639 -0.494086087
    0.650757551 0.762605369 1.20637822 0.0429707766 0.625438929
    -0.611932516 0.666244566 -0.186686099 0.52559042 -0.522469938
    1.33545732 1.51636684 -0.28717351 1.52540588 -0.498330832 1.14189744
    -0.238186151 -0.565633655 -0.392567635 1.0851388 0.0999493003
    1.21688199 0.951562107 0.317695856 1.29972398 0.786993325
    -0.623951018 -0.541144192 -0.0306913853 -0.372704595 0.36153549
    -0.176389426 -0.129351437 -0.235185057 0.946205258 -0.598937333
    0.74720484 0.907682836 -0.131506503 0.0677224994 0.572824419
    0.950910807 0.78600347 0.0580794215 -0.355915964 -0.158193141
    -0.0592547655 0.728824437 0.460292518 1.61089432 1.37746108
    1.2819612 0.60784632 1.10235071 0.346682549 0.185559988 0.65570426
    -0.466296107 1.04822052 0.367345035 1.18185377 -0.0889449716
    0.669591427 1.09623122 -0.0716067553 0.676896632 -0.00722920895
    0.555356801 1.49990582 0.34278661 0.572563291 -0.206249297
    0.103292346 -0.450544536 1.03922546 0.984065294 1.36654663
    1.60336399 1.12160707 1.01093411 1.26428843 -0.129743427 0.424977303
    1.53230333 -0.489515126 0.210359573 0.975268304 0.32715708
    0.226540029 -0.0972599387 0.152299464 0.610425591 -0.384183764
    0.0724372268 0.21236819 0.858827353 0.474962831 1.29236877
    -0.0596169829 -0.511388779 0.178104401 -0.598286748 1.12212729
    0.554470658 0.198010266 1.04291534 -0.301663399 0.532056093
    0.128983974 0.79761368 0.0425519943 0.958851695 -0.414584517
    -0.392296255 0.506276667 0.308431149 0.611654043 1.45250392
    0.454508901 -0.329503894 -0.256216854 0.412866473 1.47213173
    0.348288238 1.61608267 0.386093169 0.791482747 0.295100868
    0.345239609 0.123770058 0.242534101 1.04331005 0.928238392
    0.222943664 -0.404562473 0.640037179 -0.421980023 0.618313551
    -0.033508122 0.0482776761 0.910111427 1.48286653 0.180854976
    -0.015086472 0.0392864943 0.16189158 0.170059383 0.524876893
    -0.515537262 -0.335290641 -0.204056263 0.185163081 0.852171659
    0.451978445 1.55814779 1.60983527 -0.275694489 0.852358878
    1.00130224 0.713538885 1.5367229 -0.0504850745 0.619084716
    1.08038116 1.55936432 1.1060878 -0.133456469 -0.3155168
    -0.0627762079 -0.386458755 0.641529381 1.42878652 1.01500821
    1.18926811 0.40546912 0.684667408 0.816605806 -0.129899144
    1.19376457 1.20131981 -0.440020174 1.48626781 0.0591654181
    1.23680472 1.42195487 0.882749319 0.94812721 1.20877862 1.40661752
    1.1296463 -0.11823824 0.190693557 0.635860085 -0.573352396
    0.371277094 -0.104465127 -0.58455652 -0.158948869 1.15504897
    0.143361568 1.51592779 -0.207452148 1.54009128 0.929262638
    1.02216196 -0.328678131 0.762634516 1.19586015 -0.394872069
    0.338913143 1.28642094 0.981630743 -0.285740793 0.432195902
    1.44342947 -0.0857771635 -0.157965541 0.0350883603 1.31906509
    0.370269954 0.13771677 -0.581338644 0.132511616 0.697354674
    -0.555510163 -0.0598834157 -0.21778363 -0.566329837 0.784049511
    1.24989796 1.3882823 1.23644352 1.312181 1.60891199 1.30008614
    0.480225503 0.863544524 0.433773339 0.972870648 -0.4672077
    -0.574530244 0.963537216 0.494553745 1.21654415 1.40657794
    -0.543888927 -0.114470422 0.8023628 1.50819039 0.836329937
    0.237073541 -0.283178747 -0.48652482 -0.258350551 -0.279429436
    0.56862098 0.867492616 1.17767358 1.02260923 0.237152219 0.111268342
    0.64460206 1.57752383 0.476280749 0.576310396 1.0641849 0.819323242
    0.585968554 0.619745135 1.25721312 0.953379989 -0.0157061815
    1.05261266 0.355664968 0.787727714 1.02447319 -0.0707247853
    0.914412737 0.52803725 -0.168626308 1.55824733 -0.348135114
    0.527413487 -0.544407725 0.333088279 0.872200489 0.608000278
    0.535294414 1.40214455 0.855969548 -0.381951839 -0.398892343
    1.41784978 0.96321094 -0.202808619 1.6132071 0.614816904 1.42201185
    1.11152601 0.533304811 1.1016922 -0.261527658 0.880928993
    -0.384987801 1.26638126 0.67061305 0.288948953 0.189721227
    0.506141186 0.964406133 1.35003936 -0.521057129 0.175175071
    1.01742387 -0.285779506 0.866377175 -0.109364271 -0.445245385
    1.5912056 0.0333591104 1.5769043 0.961278975 1.00113726 -0.214575797
    0.379989564 1.44997644 0.729694068 0.516043007 0.0933538675
    0.646326065 0.0232532024 0.576643705 0.181779683 1.00831103
    -0.0610565543 0.609004498 1.53533244 0.744869471 0.68067193
    0.192786217 -0.526300192 0.987520397 0.525156856 1.24354029
    0.818933547 0.0980190039 1.12471628 0.0889869332 -0.530866265
    -0.136424631 -0.506898344 0.462016463 1.07901728 0.141377509
    0.783543468 1.25858998 -0.51137352 0.909063041 1.24364138
    -0.364670038 0.642051458 1.43668151 -0.010471046 0.491325021
    0.34296149 -0.380374014 -0.126139045 -0.228600889 0.118672132
    1.06240952 1.13185894 1.31452894 1.32504702 1.5520246 0.780861676
    1.31132734 0.272050679 -0.505814552 0.461340666 0.439629078
    0.0731759965 0.578640103 1.08847332 0.281707138 0.931267858
    1.65203762 1.33861566 1.44875646 1.67977476 1.28447568 0.336137772
    1.29861307 0.123208344 0.96753484 -0.505894184 -0.477092385
    -0.408359855 0.787603855 1.03635097 1.4420929 -0.456036747
    0.590445518 1.42278469 1.20089877 1.37284875 0.343521953 0.108306825
    -0.328171253 -0.00649517775 -0.303255409 -0.362178892 1.62543368
    -0.424785614 1.5251236 -0.193195403 0.974438488 1.53410101
    1.41579711 0.321516156 0.156823635 1.01965094 -0.379712403
    -0.0966566205 1.26553607 0.765998781 0.00875264406 1.30976737
    1.48310661 0.60978657 1.15477037 0.33966887 -0.373058021
    -0.509367406 0.304074228 -0.105687499 1.42054617 0.957085133
    1.26541519 -0.118118465 1.43685699 0.236594915 0.268020749
    0.813065588 -0.502183974 -0.384388804 1.05819428 0.238785326
    -0.0221553445 1.17035639 1.08146608 0.923279524 0.424911559
    -0.084212482 0.589991391 -0.240006208 0.0140588284 -0.476561666
    1.05267239 1.2968924 -0.13398394 0.674977124 0.786014795 1.3441751
    0.844899178 -0.206071645 0.325535774 0.165947855 1.19093668
    0.190457582 0.139798224 1.51016474 0.642583728 0.67852354
    0.969748378 0.852308333 0.432954192 0.569097579 0.894524157
    -0.0912883282 -0.262927115 -0.602619231 0.386660039 -0.436259925
    1.57397509 -0.0815054178 -0.28710115 0.814921141 0.200134933
    0.677585661 1.55166793 0.809648514 -0.0349877477 0.280864
    0.538486898 0.258192301 0.92892915 0.276971579 -0.583559632
    0.489030302 0.989696741 1.51664937 0.896814227 1.28688133
    0.949711502 -0.0914519429 0.124730527 0.432192743 -0.599114299
    0.683155894 -0.601903439 -0.362773687 0.440954745 1.02676392
    0.887476683 -0.551406622 0.773932874 -0.56733942 0.796246946
    1.51336193 0.438619018 0.557598233 1.48768067 -0.346010774
    0.177085698 1.07282543 -0.568584442 0.438095629 1.00352573
    0.114491642 1.4770242 1.1982137 -0.594099104 1.03512895 0.720806539
    0.265849531 0.0649856925 -0.419990003 0.631973147 0.353045642
    -0.289153308 1.4216814 0.279615104 -0.607202649 -0.49800083
    1.20233083 -0.450307846 0.644581914 1.49803019 0.949121416
    -0.53521204 -0.293508708 0.0518068075 -0.0808834434 0.210830033
    -0.615273654 -0.429980725 0.253399134 0.650966942 -0.0550150871
    -0.269953847 1.52732587 -0.0631741285 1.47418427 1.0298934
    1.54473245 0.178174019 1.42570674 0.00773155689 0.487658322
    -0.0267435312 0.317232788 0.0942355394 0.0557190776 0.955288947
    0.142112255 0.126843333 -0.536117077 -0.275710016 0.27531898
    1.4801265 1.39092708 -0.370308727 0.930612862 -0.327381074
    0.291302502 -0.262362003 -0.159535974 0.661479652 1.14190936
    1.19384813 0.629699945 1.1471417 0.57603997 0.703523219 1.31805182
    0.634727597 0.338367641 1.52410328 0.0784024596 1.09812129
    0.593290091 -0.146213204 1.00546098 -0.302233607 0.749601364
    0.560044587 1.46415448 1.19180393 0.519571722 -0.574917018
    -0.00121986866 0.689499497 1.0932163 1.28465819 0.441076159
    -0.397937924 1.46917069 0.236478388 0.560103655 -0.03754282
    0.670248032 -0.0522625446 0.529944718 0.664926529 0.80906409
    0.0755522847 0.156858325 -0.43836534 0.243032634 -0.5233621
    -0.484139383 1.1841979 -0.191222548 1.0604229 0.875913084
    0.675491631 0.738672018 0.0302239656 1.67411995 1.73186243
    1.39359617 1.47582483 1.42973244 -0.132700473 0.679067492 1.44037843
    0.252076656 1.05053592 1.07256639 1.44273257 0.023370862 0.218020141
    -0.272803873 1.29304028 0.403096855 1.61082506 1.62191629 1.48456562
    1.47391391 0.980621338 1.1351881 1.21151233 1.084867 1.4870764
    1.59421945 0.152855396 0.193958402 0.682718456 1.5444932 0.533903837
    0.66619432 0.590227246 1.61768925 0.670766413 1.35922623
    -0.466734946 0.503804088 0.0174216032 -0.433486819 0.0564892888
    1.15425634 1.30036891 0.398626149 1.05145144 -0.150345147
    0.698007286 0.929417431 1.10469151 -0.208343685 -0.639168084
    -0.515311956 -0.0272288322 -0.353233755 0.918866813 -0.281368494
    0.489485025 1.17957783 0.681026697 -0.331943572 1.00499749
    -0.24183324 1.13326716 -0.548839986 1.57265496 -0.432474911
    -0.482931077 0.291993558 0.303996801 0.610105276 0.417883158
    0.691060126 1.49517059 0.619630933 0.944490314 0.838986278
    1.36504912 0.559525669 0.0744927526 -0.313932121 -0.350048691
    -0.636187494 1.32309341 1.17155826 0.0868509412 -0.174154818
    -0.0758854151 -0.459063649 1.31617391 0.307359695 -0.605603695
    0.872068942 0.352431178 0.061075151 0.687732637 0.958071053
    1.2832737 0.626214445 -0.132927835 1.53456771 0.850504875
    -0.18492952 0.18762964 0.870711744 1.37049043 -0.290840328
    0.116019249 -0.383513093 0.319522381 0.357710063 0.116821349
    -0.489802718 1.49121189 1.55212307 -0.472153366 0.552471578
    1.55113149 0.116998196 1.25440836 1.35016131 0.775432527
    -0.329864681 0.42321533 0.868720114 -0.0169848204 -0.457223594
    1.29450822 0.258338928 0.971896172 0.22425139 0.39170444 1.18753242
    0.253722847 0.0321630239 0.461741328 1.41787839 0.00892603397
    -0.22580725 0.595132947 0.0690639019 1.11939442 1.52236652
    -0.0583403111 -0.330536306 0.040549159 -0.303932697 -0.212793916
    -0.212985933 0.249291301 -0.472052634 0.968556583 -0.0389299393
    0.803490996 1.4203862 -0.0758921504 1.50218916 0.120968997
    1.38732016 1.60829234 0.120646119 0.95870918 -0.494445384
    -0.0264371634 1.52278364 0.20856303 0.463519573 0.349975765
    1.28395844 -0.213318437 0.658119678 0.263207674 -0.475918293
    1.45430589 0.701412082 0.427120268 1.09118032 -0.427360594
    0.0415743589 1.54228127 1.13137555 1.45584488 -0.256852269
    0.291490495 -0.523982704 1.04338956 0.822798729 0.0788290501
    1.21996534 1.31259751 -0.246986896 0.570714414 1.2948612 1.37612605
    1.57754731 -0.463071644 -0.0230512619 0.405239582 0.141927004
    0.968888223 1.61684752 0.325160742 0.612054765 0.10568881 1.43525577
    1.28697801 0.429824054 -0.271955162 1.0452981 1.5872786 0.366376698
    0.414874911 0.594636619 1.54684353 0.625630319 -0.550232172
    0.311887145 0.420407832 0.576347411 0.122175217 0.561193883
    -0.271148294 0.650648057 -0.0253133178 0.859563231 -0.0217077732
    0.617443025 0.000865936279 1.2728672 1.49482059 1.19694221
    0.522858143 -0.313150704 -0.0350651145 0.8807652 -0.101388335
    -0.245380044 1.1593287 1.55005217 0.542374074 0.608255088
    0.468062282 0.179089963 -0.578298807 -0.161788523 0.112775683
    -0.0824738741 0.984241247 -0.137706459 0.279750168 -0.16002816
    0.605361521 0.829455078 1.6910342 0.160978258 1.79403329 1.14564097
    0.681763887 1.19067931 0.832978845 1.75960207 0.60574019
    -0.403157085 0.673969984 1.73001361 -0.429246634 0.66373682
    0.0191178918 1.51941013 1.59497643 -0.0174059868 0.0364630818
    0.542657852 0.494701385 1.60411239 1.28450942 1.15460038 0.32273221
    1.42626095 -0.3538118 1.17390156 0.507927895 1.37996387 0.540524244
    -0.167468607 0.351060271 1.53427172 0.130780518 1.26092625
    0.451411009 -0.366895616 0.144681573 0.151718795 0.824745774
    -0.0144843459 1.38517106 -0.273239046 1.26587105 0.352087021
    -0.201225698 0.462782979 -0.224080294 0.24371922 1.23460603
    0.262957454 0.127064228 -0.281064302 0.313131034 1.30425858
    0.469610929 0.697981656 1.56086802 -0.467146426 -0.513220429
    0.195002615 -0.324109674 0.47683841 0.766007543 0.268580794
    -0.171245933 -0.0876996517 0.478347778 1.19535708 -0.474888474
    -0.341771185 -0.574570596 1.41068554 1.11647058 -0.273991346
    -0.53850621 1.41380477 0.619042993 -0.58644408 0.692028165
    1.34152091 0.191633344 0.808478951 0.641402125 0.0913091898
    0.754679024 1.00070846 -0.368235111 1.50183511 0.207327068
    1.07166672 1.10377491 -0.262267858 1.42093301 1.32372952 1.48014116
    -0.111104429 0.555446684 -0.51425302 -0.520618618 1.22576928
    1.57766604 -0.212531596 0.945563138 0.284585357 1.5503943
    0.430571914 1.20474339 1.57677746 0.999461532 1.12249899 0.604394794
    0.653333604 0.479292393 1.49100268 0.927953243 0.563301921
    0.522881746 0.097753644 -0.468962073 -0.278527051 0.323328435
    -0.56140697 0.78631562 -0.0153025389 0.853831887 -0.387670159
    0.0868830681 0.356955767 0.511489511 1.41591954 1.50827384
    0.19623369 -0.372952729 0.249870181 -0.363523096 -0.275508404
    -0.356496602 -0.133410335 0.921061993 -0.16956529 -0.0770341754
    0.492136717 0.0415448546 0.49777621 0.760913908 0.133573532
    1.01528764 0.560059309 -0.285327077 0.312645733 0.724589407
    1.58170772 -0.557193339 -0.393348455 -0.450514555 1.07196927
    0.0324444771 0.804418862 0.0523431301 1.55118549 0.25247705
    0.16278106 0.416157484 0.610814571 1.6236707 0.162646651 1.0044893
    1.23565507 -0.358080477 0.483819723 0.995752513 0.158326924
    -0.547572792 0.193581462 0.449301004 0.134685516 0.00832659006
    1.23254824 0.0860103965 1.1619513 0.189177513 0.819347262
    -0.497119576 0.807015061 0.75279963 -0.00448805094 1.56141686
    0.497299314 1.35419023 1.5033803 1.31081557 -0.058742702 0.940033019
    0.192294478 -0.418112069 0.0775844455 0.735342205 0.347309411
    -0.272662461 1.43054986 1.38179028 0.0915392637 -0.312394351
    0.248713791 0.521274567 -0.300888807 0.458874762 1.56866622
    -0.558870435 -0.270334959 0.916436791 0.98834306 0.0444412827
    0.0502576232 0.165385962 -0.34979707 1.34906316 -0.501196206
    1.19609845 0.564967096 0.0370206237 -0.604183912 0.946081281
    1.50737953 1.01543641 0.697956324 0.893256724 -0.273526847
    0.36234498 1.47019506 0.15165621 1.50045681 0.549890578 -0.299471766
    1.56657505 -0.0985381007 0.731634259 1.29100013 0.150579989
    1.35467136 0.505277097 0.0952123404 -0.237403959 0.840840995
    0.71724993 0.828174055 0.890875459 -0.216075003 0.163892984
    0.414961755 1.36641252 1.2128098 0.390437424 1.0025804 0.608802259
    -0.132288814 1.31612623 1.81788778 0.496077567 -0.327146351
    0.671277761 -0.00815039873 0.660427332 1.56433189 0.316902786
    1.20544755 1.42226613 -0.480312496 -0.188118249 0.582396328
    -0.176279783 -0.272718817 1.08073568 -0.0114705563 -0.0680567026
    -0.241269946 0.00712800026 0.914820731 0.621539712 -0.364432305
    1.18607903 1.45382822 -0.213488966 -0.572814286 -0.441652298
    0.128502071 -0.521195292 1.10312676 1.12666965 1.54412866 0.4882797
    1.56860876 0.267040133 0.215757847 0.407410026 0.299756885
    -0.584630251 -0.0451085567 0.148280978 0.824878395 -0.609584212
    1.25101018 1.2214396 0.95369029 1.4737922 1.20314205 0.349850357
    0.776116192 0.365148067 1.37652457 -0.123619497 -0.0435339808
    1.37726641 0.143315017 0.131632328 1.47054935 1.12932372 0.213731706
    0.69108963 -0.37068978 -0.272669852 -0.432048678 0.806438684
    -0.380754113 0.657692909 0.826129138 0.675474286 1.51409483
    0.458844721 0.0476682186 0.999423504 -0.492614865 0.287959039
    0.465096235 1.28642464 1.04392064 1.28518474 -0.542832196
    -0.435328484 1.23008418 0.361179113 1.39618814 1.30191994
    0.454805315 0.906881154 -0.450481594 1.26155329 -0.324285418
    1.24834251 0.113458753 0.537417173 -0.497873664 -0.102864742
    0.226032794 0.0840134621 0.433836401 0.655348122 -0.243259072
    -0.557871699 1.44100976 0.563455403 -0.313230783 -0.568695307
    1.1765132 1.27159095 1.3898834 1.28401387 0.85040921 0.0470560193
    1.08838582 0.217938185 1.28544259 1.40534925 -0.456967354 1.44858623
    1.02686048 0.723764062 0.986501575 1.33059728 1.51275063 1.26680744
    0.638318062 0.126390874 -0.393392205 0.457640886 1.34143865
    0.273480892 0.591327131 -0.249337405 1.13078022 0.605603933
    0.598103821 1.22590017 -0.534640312 1.18323636 0.651070356
    -0.351552337 1.31321383 0.933679223 1.21328926 1.23418713
    -0.268247217 1.07580936 1.5149523 1.07547307 0.666117251 0.426587939
    1.16035104 -0.216235459 -0.0593066812 1.36165893 1.10100651
    0.502007723 1.35099304 0.83946991 0.672976196 0.316874564
    -0.116111338 -0.0626115799 0.581050336 -0.263324559 0.84568435
    1.47184682 1.48917699 -0.109449536 1.3241725 0.51681298 1.34275782
    1.34678936 1.52229559 0.834967911 -0.0196221471 -0.122136146
    1.47358394 0.306809008 0.968123674 0.154941678 0.117071331
    -0.0242746472 -0.183366656 1.13128781 0.659221947 -0.31389156
    0.61865747 -0.0162165761 1.45225906 -0.293743491 0.374360681
    1.27969003 0.0447541475 -0.400783777 0.0112246871 0.525436759
    -0.118914396 0.509726822 1.26319516 0.489033818 0.965732694
    0.827528358 -0.314427972 1.05062914 1.03787088 0.25122118
    0.853790402 -0.481431723 0.715572 0.00527662039 0.708214998
    1.3127811 0.722151041 -0.145828933 -0.226932347 -0.276675195
    -0.568576097 0.232533336 0.379565477 -0.629794538 0.364542425
    -0.127908587 -0.127748609 -0.257713884 0.81688261 0.265408576
    1.23079062 -0.00945132971 1.45427513 1.4788363 -0.30656296
    0.794142962 -0.409561425 0.521990895 1.52862549 0.27784884
    0.314004004 1.40386081 0.452722669 0.627197146 0.487495303
    1.21586215 1.0008812 1.37383056 -0.0584555864 0.641079605
    -0.184602588 0.649678051 -0.195029497 -0.511194289 1.29471171
    0.186449111 0.400406599 1.14261055 -0.42939496 1.7522217 1.76560044
    0.673083723 1.37670946 -0.225817353 0.202961057 -0.248202667
    0.442337722 1.71299469 0.636129618 0.781843603 0.980923235
    0.124130547 0.322935224 1.3388896 0.282957971 1.22217774 1.45930648
    1.42915893 1.32277775 -0.470578164 -0.0745925903 1.47812331
    0.553866506 0.0688253641 1.37307143 -0.39865309 -0.166553527
    -0.495962441 0.518564165 -0.372944206 0.0413151383 0.266445875
    1.03491199 1.26513207 0.610646307 0.333256483 0.0494201779 1.5651598
    -0.299464196 1.48961663 0.382046461 -0.622980237 0.92598927
    0.480028987 1.10645187 -0.58891201 1.48646331 -0.527076304
    1.40932763 0.321095288 1.44145679 1.27285957 1.21331978 0.44019413
    0.387750506 0.577930391 -0.159517705 0.570489049 1.04558706
    1.59756875 1.36098504 0.812219679 0.583141565 -0.488675028
    1.06328559 1.12966704 0.919309497 1.37679017 0.620531738
    -0.0178837776 -0.564627171 1.07912564 -0.0275681615 0.683716178
    -0.430621564 0.809522748 -0.218022376 1.54166484 -0.583791435
    0.171137035 0.591442049 0.329972982 0.802621186 1.20109558
    0.668876529 0.832145214 -0.369352102 0.984626353 0.477355003
    1.47397065 -0.0972218513 0.941331208 1.43626952 1.08137381
    0.607012093 0.900123298 1.02574718 1.53654313 1.5516001 0.695516825
    0.535323679 0.60907948 -0.453150004 0.964598477 0.476028144
    -0.463134885 -0.114627123 0.591698289 0.625740767 0.113086402
    0.0493862629 -0.408807397 1.3201896 0.317376673 0.184032559
    0.612431943 1.51080823 0.170751989 -0.208464086 -0.0141412616
    -0.495105773 1.1692524 0.0892699361 -0.0358677506 0.289363086
    1.26873195 0.410858989 0.261025786 1.37324929 0.309308529
    -0.241287917 -0.0899950266 -0.516682208 0.740283191 0.89534682
    0.644188702 1.3450489 1.2341125 0.46429956 0.560927153 0.704906344
    -0.498887897 1.29028177 -0.178339362 1.0350287 1.33502412
    0.642311811 -0.554137051 0.93153888 0.933843493 1.19252968
    1.54558277 0.730580032 1.08741736 -0.183097005 0.904373944
    0.346313238 0.889279306 -0.200191379 0.180432081 -0.0585252643
    0.851692557 0.632716477 1.2963506 1.50463629 0.916719913 0.504382849
    0.232175827 1.03149748 0.511262119 -0.474202007 -0.445480317
    0.249372125 0.419718683 0.93448478 0.459193587 0.459363401
    -0.382140577 1.27015126 -0.512378156 0.0448636413 -0.264855117
    0.598561764 -0.552101552 1.57550621 0.859059155 0.516496837
    -0.213275135 -0.191735476 -0.17601341 0.915862262 -0.116325915
    1.45213318 0.0286067724 -0.265868753 -0.153412074 0.00601363182
    -0.0763192177 0.860966861 -0.273944408 0.960978806 0.462728679
    0.236818671 0.39157325 1.43674493 -0.524912477 0.88006413
    0.999861777 -0.176060498 -0.214877278 1.31946969 1.27240181
    1.35786188 0.924046695 0.714243174 1.07695997 0.722703457 0.12278229
    -0.539549053 0.822769523 0.861973643 0.551743329 1.3965342
    0.565844536 0.367748022 -0.471854508 1.27830815 1.28729844
    -0.168153614 0.380528271 1.5568949 0.3986637 1.08227134 -0.252060533
    0.228450119 0.117980242 0.102458537 -0.22722131 0.719568074
    -0.128003716 0.0723853111 0.40017575 0.33896333 -0.580706954
    1.33122301 0.451140106 0.094048202 0.605617762 -0.192950457
    1.39986217 0.295772851 0.432211637 0.746828079 -0.220568597
    -0.440307051 1.44893193 0.331039786 0.396120936 -0.286362171
    0.274766058 0.0479459465 1.81090903 1.65316415 0.479231417
    0.183325112 -0.18413955 0.843075573 0.267714858 -0.233602166
    -0.23723799 0.625809789 0.916528106 -0.556241035 -0.54627353
    1.51045322 0.931112647 0.30665803 0.950653732 0.297080576
    0.836621463 -0.398367822 0.0808777213 0.535806358 -0.0497003794
    -0.359742433 1.47351432 -0.378313988 0.145101607 0.514351785
    -0.444819391 0.145007432 0.864945531 -0.344462216 -0.0331568122
    -0.134945989 0.894031703 -0.379853189 -0.40606913 1.45620632
    1.09554267 1.52525997 1.47642827 0.790314436 1.44621444 1.32772255
    1.45115376 0.478668272 0.0396111608 0.905378759 1.39749241
    0.960262537 0.0050932765 -0.178460747 0.667394519 -0.463153481
    0.678385019 0.444328666 0.759083509 0.151807547 1.05784178
    -0.50943476 0.110282838 1.34426749 1.5798322 0.921233773 0.693214655
    -0.131938219 0.984443545 -0.249882013 0.857578516 0.175466478
    0.586924791 -0.206443518 0.269484103 -0.177777231 1.33983278
    1.48603189 -0.24932304 0.725092471 1.58244002 -0.26111865
    0.0578682423 0.648032665 0.815720499 1.11913109 -0.110466957
    0.551235199 1.3704257 -0.317711025 0.675912678 -0.406555861
    0.464912236 1.48069239 0.00864964724 1.3754276 -0.47882241
    -0.0322483778 1.61395156 -0.475784421 0.515799522 1.18008423
    -0.384785473 1.02941251 1.1405561 0.755164385 1.11297011
    -0.322609216 -0.346413136 0.198190689 0.404539526 0.525004923
    1.46410692 -0.335842967 0.265929878 -0.489517391 -0.172183573
    -0.493074387 1.2614522 -0.3976942 1.21765137 1.3444488 1.32204175
    0.472397268 0.402206182 1.49134123 0.890812814 1.1698494 1.09831595
    -0.106441915 -0.155499697 0.318997204 1.40740013 1.1004014
    -0.351156503 0.961301446 -0.205609918 -0.259515166 0.864931822
    0.862770319 0.657137454 -0.38445577 0.531198978 1.01900983
    1.02421224 0.724650979 0.325056136 1.27033639 1.5019902 -0.308497369
    1.38069725 1.58767128 0.534141362 0.218155146 1.54573572 1.54400682
    1.03897238 0.429653347 -0.539662659 1.38378429 0.0743945241
    0.465147555 1.60125375 -0.513498962 -0.387020648 -0.324045599
    0.897071242 1.0634619 0.328231752 0.0851299167 0.420341969
    1.25395894 1.41857696 -0.609740973 0.83621943 -0.238318145
    1.53351676 -0.0337426662 -0.573226571 0.423758328 -0.459936738
    1.26619029 -0.0960272551 1.22944784 1.23191667 0.206011951
    -0.445106447 1.34046173 1.34511125 -0.560315013 0.0972362757
    -0.53245163 0.419691563 0.988191247 0.328354716 -0.169242501
    1.40840125 1.23165584 0.739067376 1.55665207 0.722507775
    -0.466781169 0.464192569 0.725252867 0.787322044 -0.571715832
    1.13053834 1.57728696 0.401239455 0.564593911 0.679968894
    0.439521134 -0.489586055 -0.311848789 -0.580719948 -0.146838903
    0.20390594 -0.576148689 1.52048182 0.973782659 0.881259084
    1.49620795 0.116966069 1.36452329 1.5744127 1.57536089 0.0272417068
    0.114421308 0.590937734 0.822930038 1.24901438 0.0599917173
    1.56798673 1.32111001 0.631506681 0.414411187 -0.408333242
    0.186968446 1.57652783 -0.346221209 -0.579061508 1.39076543
    1.11454248 -0.297056377 0.351202309 -0.103863358 0.440972745
    0.300001323 -0.225282788 -0.522503197 0.089386344 -0.0474815965
    1.45569134 0.412142783 1.08607328 1.04717207 1.90919304 1.81149578
    0.662966609 -0.148851305 1.63505876 -0.250953317 1.06069136
    0.659721136 0.327161908 -0.321550578 0.215677202 1.19860971
    -0.136236966 0.896120548 1.25438738 1.58888781 -0.186181039
    -0.613188684 0.700326562 0.679652035 0.193458498 1.38011694
    1.16685534 1.43813491 0.301369905 0.0454165339 0.192550063
    0.250947714 1.45906544 1.21938097 -0.371969789 0.16624403
    0.744032085 1.24491954 -0.0550230742 -0.644417703 -0.534493446
    0.530845284 1.27614355 1.35395145 -0.0123239756 1.1980021 1.5562098
    -0.484634817 -0.405839622 1.16773331 -0.510984659 1.12381673
    0.599771082 1.08485031 -0.224646449 -0.139126062 0.236293614
    0.324179351 0.6237396 0.912386656 0.18736279 0.83043468 0.402917802
    0.632893801 1.17041516 0.394069135 0.664794326 1.63407922
    -0.359803796 0.946711302 -0.55022186 -0.0205854774 0.341106594
    -0.191061258 0.184957385 0.768594623 0.883216977 -0.520177424
    0.0713249445 0.423150957 0.0259201527 0.876889646 -0.3509956
    0.132502317 0.811708272 0.74979496 -0.0545811057 -0.480441451
    -0.243538439 1.01579571 0.0940241218 -0.0399662256 1.44006133
    -0.567529142 0.69773066 1.20025516 0.049046874 0.870580614
    1.21769667 1.02074611 0.666791677 -0.20892182 -0.131114006
    0.645287514 0.301288188 0.0234068036 1.4626689 0.242013276
    0.516998053 0.615331888 0.0540819764 1.04959321 0.56071347
    1.52735937 0.423909009 0.847398698 0.665002048 1.36761546 1.58738422
    1.44808388 0.778011262 -0.230574816 1.56370449 0.495719969
    0.545290232 1.25995755 -0.436062455 1.17977929 0.643545091
    1.03360772 0.355440974 0.0941520929 0.0686331987 1.33659434
    0.426811218 0.167755604 1.42501235 -0.361412406 0.936107814
    0.867793918 0.0157433748 1.28110719 0.189430594 -0.00479871035
    0.732380629 1.28772783 -0.229773998 0.673310995 1.23394823
    1.17716408 0.514679253 0.443385243 0.228907287 -0.58285749
    0.605400145 -0.595877051 -0.216742545 -0.252691329 -0.128397733
    -0.0111007094 -0.213961393 0.802865505 0.382341325 -0.250556678
    0.0572077036 0.261433482 1.1187284 -0.591263056 1.19825196
    0.0923173428 -0.58039999 1.18300939 -0.0915805697 1.58887124
    0.878262401 0.307891726 -0.117864609 0.619574726 1.41624415
    -0.101732075 0.776743889 1.26837206 -0.450477988 0.626434207
    0.470855832 1.26194882 -0.0979094505 1.55783939 -0.558236539
    0.844198406 0.898390234 1.5633533 1.35342646 0.934387326 1.11966705
    -0.43851459 1.32856512 -0.267320484 -0.148973405 0.650659323
    -0.39797014 0.760790706 -0.115480572 1.01950097 0.796805203
    0.610085785 0.963520765 0.622815788 1.36863458 0.805264652
    -0.164518416 -0.168845445 0.909094989 0.164290249 -0.316175938
    0.588071823 -0.411807835 1.05008888 1.05648649 0.294594944
    0.256698132 -0.541990817 -0.284661531 -0.17705065 0.597634554
    0.969881892 0.672400057 1.30935907 -0.329678923 0.833120346
    1.56742311 -0.00833696127 1.58703017 -0.130926251 0.278789341
    -0.564221323 0.27929014 0.762173891 0.600625515 0.965133905
    0.909827709 0.713711083 0.392762542 0.824478626 -0.443058133
    1.28605473 0.982642591 1.61439407 0.321573675 1.25283742 0.448157847
    -0.0363366604 0.184646308 1.47589946 -0.314998686 0.338828295
    0.423356771 1.03401971 1.58115017 1.02882957 -0.293096274
    -0.0566821098 1.27732515 1.39009631 -0.134993166 -0.0460461676
    0.738654435 0.789433599 0.234906256 0.64406085 0.548737407
    1.28118634 0.61672914 0.606707275 -0.0304551721 0.528972626
    -0.162526637 -0.58839339 0.669336736 -0.381430298 -0.0518149137
    -0.297452986 -0.377034605 1.36385965 -0.263492942 0.726132929
    1.15988159 0.425156236 1.36983359 1.43907773 -0.184337646
    0.359776914 0.752422154 1.38316584 0.566896677 0.870773911
    -0.00172275305 -0.550778985 1.20341027 -0.338692814 1.03499436
    0.294404447 1.25490749 -0.164082527 0.0441232324 1.14321995
    1.16974068 0.0871741772 0.0527590513 0.672724426 -0.451663911
    0.211662889 -0.420216739 -0.435500324 1.40637529 1.41122603
    1.20821095 -0.0150569677 0.918236554 1.00687647 0.551874757
    -0.333247036 0.390590608 -0.230098993 -0.508372545 1.32886577
    -0.413382232 0.734732449 0.122343719 1.28249598 -0.438323677
    1.57380116 0.580517352 1.29349232 -0.588555217 1.39772558
    0.0660446882 -0.0897476077 0.660330951 1.06623626 -0.255264372
    1.16055179 -0.0594727993 -0.197531193 1.47255301 -0.107849002
    -0.313982695 1.61464953 0.807015896 0.447805524 0.261432946
    1.4476645 -0.14000079 0.506854177 0.771842957 -0.0819703341
    1.52116776 0.432831347 -0.505787849 -0.0699474812 0.63082391
    0.727190614 0.628847778 1.26732063 -0.0127741694 1.3598218
    1.00898385 0.689029932 1.26609623 0.69961828 0.437214434
    -0.502046883 1.56119633 0.728029847 -0.349833965 -0.416587144
    -0.310039937 0.739658535 1.47402763 -0.264751256 -0.449436575
    0.0141445398 -0.593922555 0.212817371 0.160238028 1.11038518
    0.00661695004 1.22097862 -0.475926518 0.0549883246 -0.224019557
    -0.566289604 0.64010036 1.00962102 -0.236678153 0.936512172
    1.33178568 0.141233027 1.53398108 0.245093048 0.675659239 1.48621011
    1.04792023 1.26599669 0.684644938 0.600677133 0.00328421593
    0.343590438 0.170606256 1.29112935 -0.347810686 -0.246029109
    1.5792706 0.618994117 0.366239011 1.22903275 1.33303893 0.394203007
    0.256259203 0.372080684 1.04582572 1.23872614 0.989238977 1.25960183
    1.01624751 0.755958617 1.29493928 0.374994397 1.16564822 1.56151032
    -0.296212822 -0.345380038 -0.366434276 0.220321 0.411790729
    1.38367665 -0.0969944 1.16283917 1.46879697 -0.283832073 0.90147084
    1.36398232 0.107750535 1.55707479 -0.423080683 0.929325879
    0.690149903 -0.29797864 1.29389811 0.226827264 -0.199413419
    -0.362771571 1.5156461 0.295314133 0.531012774 1.07077813
    -0.0657772422 -0.423381716 -0.274096936 -0.369129866 1.22132993
    0.0326759815 0.688794374 0.526235819 -0.102025092 -0.254529685
    -0.106876194 -0.0332298875 0.900226474 0.407307565 0.338479459
    0.920397937 0.383610129 1.40504467 0.108174682 -0.290730238
    -0.183183849 0.450287938 1.39538121 1.42344856 0.797093868
    -0.469766974 0.679348171 0.0648745894 0.890146554 1.26428628
    -0.528728366 0.385284305 1.10291767 -0.148625016 -0.216484636
    -0.123583734 0.103112102 1.47878337 1.2532748 0.793762863
    0.308263838 0.824590087 1.50350404 1.49910533 0.878401875
    0.848005652 0.5481022 0.105027795 1.54017711 -0.431730092
    0.790101826 -0.353068829 0.382405639 -0.266796529 0.404425085
    1.68962681 0.595893264 1.33037233 1.30143523 0.811001897 1.76434839
    0.440517426 1.65853906 1.71419251 -0.139621884 1.74711955 1.08016396
    1.43384743 1.0879029 -0.515406251 -0.474088132 0.523777604
    -0.116261601 0.812772989 0.867562056 -0.0142197609 -0.0375859737
    1.29768455 -0.265139103 1.09463191 -0.44611454 -0.445849478
    0.989142358 0.623041987 0.650365353 -0.467786342 -0.0575549006
    0.860546887 0.890536547 0.230287611 -0.480562866 -0.465451598
    0.926260471 0.811038733 1.10114598 -0.434745461 0.471635461
    1.54144478 -0.17431429 1.20180273 1.03216934 0.523758352 0.436135769
    0.655535221 0.625909626 1.55727482 1.52765346 1.3497982 0.0732403994
    1.00500715 -0.429071873 -0.278544575 1.31047249 -0.596544802
    0.521830797 1.37144363 0.441471457 0.521150351 0.828678548
    1.44734025 0.557121217 0.835263789 0.194965541 -0.492670059
    0.0519616008 0.4324615 1.01090145 1.34710193 0.787784517 0.874490976
    0.916481555 1.19501853 0.218740165 0.654961109 0.677402794
    1.33425069 1.35728037 0.442983329 1.19299078 0.767993152 0.347495377
    0.967231989 0.0269460678 1.39817286 1.04848289 0.890321195
    1.46480489 1.1090548 1.49590564 -0.273084909 -0.452797174
    0.647081077 -0.255902827 0.990299582 1.39160538 1.26851726
    0.602556467 1.33541059 1.20146465 0.960948825 -0.388869286
    -0.44508329 0.515338063 0.0888558626 0.358031929 1.20595527
    -0.535704434 1.04639447 1.34172654 1.50223327 1.07631779 1.31183672
    0.0607340932 -0.601420403 0.152936399 0.483641684 -0.355657041
    1.27753949 0.807215512 1.05928493 0.0706211329 -0.0938267708
    -0.0801667571 0.374181807 0.42559278 0.738039315 0.0892084837
    0.327999532 0.643454969 0.829279304 0.435178816 0.0964282751
    0.904654264 0.406874657 1.13602042 -0.274807006 1.42720389
    1.41669464 1.19857979 1.18900824 -0.547271729 0.856638014
    0.0797497034 1.45487237 0.942549706 0.0705760121 0.660686851
    1.58123446 -0.469580173 -0.0566744804 0.9336707 0.0633057356
    0.990389526 -0.0158560276 0.509704828 0.184184074 -0.29501906
    0.338780284 1.29543006 0.85300386 1.3847301 -0.311567038
    -0.203973502 0.366758704 -0.524455965 0.856975436 0.581184924
    1.15108061 0.3519876 -0.176927894 -0.380544841 1.04359245
    0.845609128 0.96334362 1.33016896 -0.489344478 1.2325151 0.597045422
    -0.35835889 1.07430482 0.575265348 1.50244784 0.901617587
    0.988336325 0.21349591 0.953895926 -0.171505421 0.885898113
    0.180854678 0.270134449 -0.518974066 0.778756857 0.339909136
    1.13204014 0.339473188 0.112148225 0.296895385 1.4425236
    -0.595828414 0.709625781 -0.5064556 1.17321777 -0.332363367
    1.01365817 -0.20206973 1.28931403 1.19937015 0.0632078052
    0.0823075771 1.4862473 -0.129849404 0.774743676 0.204930544
    1.19642425 -0.583361983 1.38051677 0.581644475 1.48528218
    -0.618195236 1.15782332 0.411772549 1.4870671 -0.128409296
    0.0836343765 -0.0987057686 -0.0157114863 0.823969662 0.22918725
    0.191305101 0.944547713 0.929251552 0.520483553 0.392598987
    -0.105469882 0.521916926 0.320201993 0.245667577 -0.134074152
    -0.455550849 1.0766778 0.593483806 0.011174202 0.924688756
    0.872008026 1.38443637 0.778343022 1.30441284 1.06871688 0.314516425
    0.164030313 -0.321525037 0.738221169 1.18064773 1.68191922
    0.00180882215 0.554812908 1.3268497 1.60821545 -0.131538689
    1.29525065 -0.137037873 1.08653939 1.29393387 -0.127457201
    1.02785897 0.0470257998 0.824285626 1.14547372 1.27418137
    -0.589372933 0.0663021803 -0.214862198 0.0731493831 0.646786928
    -0.567637444 -0.0207429528 0.970941484 0.232230842 1.21371448
    1.49687576 0.890784502 0.866710961 1.42558265 -0.186238736
    0.671374977 -0.0790221095 -0.0936541557 0.284811497 0.539295852
    -0.196866065 0.986245275 0.752209067 0.801171601 0.30518645
    -0.27422449 0.240336359 0.218425393 0.815071702 -0.164095938
    0.266164362 1.0630722 0.800632119 0.557025969 0.556796193
    -0.577204645 1.49981153 1.5464679 1.04859996 1.09406888 1.46821117
    0.54624033 0.275665283 -0.318857223 0.472481787 -0.0939216614
    0.00588476658 0.738889813 0.992680311 0.33535558 1.29660702
    0.0266345143 1.17499995 0.898116291 1.04927397 0.60294348
    0.0686568618 0.833603442 0.900739551 -0.563070595 0.585626483
    -0.264411986 1.22933865 -0.326609313 0.249563634 -0.246646047
    1.11755145 0.38932848 0.479859054 0.34112829 0.504325092 1.14715374
    1.49882698 1.54627323 1.58778453 0.0407035351 0.387202203 1.14226913
    -0.538539648 0.193071961 -0.469845653 1.16671181 -0.603928149
    -0.508111298 0.376040816 -0.41570124 0.101358712 0.00589990616
    0.292132616 0.234512508 1.39336634 1.36889994 0.181833029
    -0.0529184341 0.00974988937 -0.025801897 -0.523672819 0.298451126
    -0.632478952 -0.606286764 -0.0587411523 -0.291407436 0.842899919
    1.5980401 1.07549417 0.694657683 -0.15061453 0.331603646 0.53682518
    0.75651741 1.42113173 1.23928452 0.673025072 0.882400215 0.997053683
    1.17794657 -0.407223821 0.685394824 1.45095718 0.0879788399
    0.76352632 -0.280225992 1.4429853 -0.340521395 0.561222136
    0.752196133 1.14748919 0.257122278 1.34266686 0.477012038
    -0.586245656 1.06765318 0.557861924 -0.385779262 0.903981268
    1.5369029 -0.554282606 0.880789042 0.597317159 -0.18053332
    -0.43540895 1.26216054 1.0169462 0.433261871 0.624001324 1.1072576
    0.00190085173 0.70360136 0.56154269 1.31003749 1.43465924 0.16030395
    -0.252063334 -0.123365074 0.319478989 -0.382365346 -0.326159924
    0.520585299 0.424829304 0.185243845 1.38795781 0.0505931973
    0.293944359 -0.331303567 1.15691054 0.166007936 1.14680004
    1.51233757 0.543918252 0.795677423 -0.475708008 0.593383789
    0.446762502 -0.430026472 0.476288795 1.16027164 1.0591104
    0.684958935 0.0435960889 0.697855949 0.749053001 -0.269064724
    1.35380054 -0.474410594 -0.258958012 1.42361283 0.0153716803
    -0.103488147 0.930109262 0.611292183 1.44606149 -0.57201767
    -0.593643725 -0.598078489 0.029171586 -0.528619766 1.35570431
    0.566957414 0.134991348 1.19302368 1.06140482 -0.564138174
    0.823529661 -0.0281611085 0.0783606172 0.663638771 0.598450422
    1.42357647 1.1957562 0.865906954 0.678455174 0.737446427 0.495117903
    0.715729833 -0.496896774 0.356344342 1.55082965 0.509340465
    0.664222002 -0.0970308781 -0.632440269 1.08395696 1.37911284
    -0.576184273 0.288856447 1.33400464 1.28198528 0.800213039
    0.608993471 -0.555208504 -0.296239585 -0.20399183 0.471352577
    -0.28456223 -0.367044538 -0.182915717 1.1973927 1.71396351 1.6928463
    1.17325115 1.70782137 -0.307136297 1.51565123 1.77647281 0.832560301
    0.981653214 1.1000669 0.260530621 0.874281228 -0.0378417373
    0.494441032 0.552056313 1.59140575 1.11621785 0.732392251 -0.2701886
    -0.0362206697 0.0791195631 0.728525937 1.28012276 0.0693219304
    0.682251215 0.0466325283 1.53870773 -0.547610104 -0.11294055
    0.137451828 0.776957572 1.07131052 0.848925531 0.600596309
    1.02676916 0.98422879 0.512061834 1.20420837 -0.514677763
    -0.259406924 -0.225317091 1.05906653 0.877040327 1.30968511
    1.28735781 0.874889612 -0.0346516967 0.741666079 -0.114664912
    0.168227792 0.87242204 1.44605112 0.628571153 -0.077984035
    -0.509002388 -0.503330827 0.968282044 1.30284595 -0.322478414
    1.52463722 0.309224427 1.58655357 0.121203244 -0.371573329
    -0.568971097 0.92427206 1.51898754 0.74420011 1.19145656 0.29139328
    0.154563487 0.641658664 -0.496076345 -0.527793169 -0.302922904
    0.567027867 -0.438138068 -0.339453727 1.10497642 1.10236895
    0.99151051 0.604516625 1.54986882 1.58078456 1.20684338 -0.436049938
    1.28934479 0.634720445 1.57375646 -0.229088038 1.47772932 1.08940172
    -0.459044784 0.252591968 -0.493255675 1.38556123 0.678111136
    1.07951629 0.243524551 0.982480526 0.968676984 0.650539279
    0.363687515 0.941358626 0.608866096 0.904172003 -0.23952511
    -0.395501107 -0.270229131 0.877311587 -0.55985266 0.653416514
    -0.357123345 -0.414076984 0.257330179 -0.294279635 1.45885706
    -0.404340982 0.00236082077 0.569777191 -0.620301902 -0.184327126
    -0.314670801 -0.282075822 0.617588282 0.32578373 -0.40560317
    0.780354738 0.175264001 -0.434371948 1.420856 -0.0790498853
    -0.571876526 1.13575912 -0.338638723 -0.18764478 0.810193777
    -0.285027921 1.28357697 -0.525425792 1.08680379 1.03862548
    0.56627816 0.96830368 -0.258899808 -0.449235618 0.427324891
    -0.174920589 0.858889282 0.646550894 0.427085221 1.00235844
    0.114247382 1.05974138 1.26017427 0.902850568 0.407468021
    0.192528963 1.58370209 0.0705034733 0.509103537 -0.318134278
    0.403079033 -0.599103272 1.44289553 0.9967677 1.23351526
    -0.556924105 -0.0680887699 -0.473704308 0.185412169 -0.458931595
    0.667740226 0.401145041 -0.145757228 0.903151214 1.28244424
    -0.176663816 -0.35453403 -0.210221499 1.34612727 0.281940699
    0.569943607 0.846001506 0.943544209 1.43448663 0.868013322
    0.667015851 1.41922939 1.40595412 0.692227364 0.0904573202
    -0.100839794 0.66003561 0.0333349705 -0.117099524 1.0022521
    0.438944221 -0.201813221 1.54936385 -0.291461229 0.675405622
    0.194662333 -0.541539907 0.3235811 0.360946774 0.0341622829
    0.285941362 1.2038728 0.809837997 1.52054429 0.600752771 0.697852254
    1.43737304 -0.221097112 1.0195322 0.728227079 1.50858033 0.693724096
    1.00300431 0.345388889 0.51714319 1.37754273 0.673527598 1.10408711
    1.48050654 0.743753016 0.591009557 0.382466257 0.846625447
    1.10346437 -0.598664403 0.408190608 0.503091037 0.02837044
    -0.0154231191 0.720460355 1.1282866 1.32334197 1.19027221
    0.0251156092 -0.423609853 0.184839129 0.851833403 0.839329064
    1.03382266 0.161016226 1.47070026 -0.480815232 1.48061204 1.31272352
    -0.549778342 -0.375174254 1.11196816 1.40231776 1.35381126
    -0.115358144 1.58788931 0.488509178 0.771496177 0.536037385
    -0.00480702519 -0.177635759 0.212810844 0.272954434 0.508681715
    1.39026499 -0.239318594 -0.196314484 0.656509459 0.290898263
    -0.254780114 0.773099661 0.296843469 0.52313447 -0.412856489
    1.37973881 1.33625078 0.847854912 1.61184955 1.27872038 0.23357451
    -0.0912257433 0.36395669 0.221219242 0.916816652 1.27210093
    1.34812057 -0.000998973846 -0.519872427 0.832446396 0.315867484
    -0.0592421889 -0.381744862 -0.331410795 0.00468796492 -0.450879812
    -0.17395854 0.252609134 0.260029316 -0.208485991 1.32041287
    0.523661256 0.16696167 -0.281174809 1.30964506 0.786773622
    0.0542622805 1.53647137 0.482976139 1.5046134 1.20446157
    -0.236401409 0.134267628 0.103955746 1.17915225 -0.200305343
    -0.419550121 0.0736748576 1.29353392 -0.268134803 1.52333426
    0.830965519 -0.237250328 -0.374674141 -0.226720005 0.975070179
    1.01826286 -0.599588096 0.946735263 -0.594070494 0.0779989958
    0.28038007 -0.578940034 -0.475680619 0.474093914 -0.29026857
    -0.0963344574 0.598323941 -0.0446394682 1.12363362 -0.173456818
    -0.528026283 1.37685716 0.874832153 -0.392640829 0.204746485
    -0.477404892 -0.292445391 0.743325174 0.86698997 0.293836713
    1.3680594 0.55764848 1.55600381 -0.178444445 0.9069525 0.174538195
    0.326550245 0.779477894 0.486373365 0.147921681 -0.153035671
    0.746602416 0.475956559 0.921958148 0.310034871 0.879776895
    0.623139739 -0.538618445 -0.367913544 1.02266276 1.20698214
    0.72706008 1.36334968 0.475650489 -0.00318956375 0.412152708
    0.190719903 -0.128633499 1.03144765 1.14202571 0.849589646
    1.49514103 1.58193755 0.338383973 -0.0231535435 0.285757065
    1.03867817 1.37861884 0.44510895 1.41534638 0.354299784 -0.4542799
    0.102140963 1.53929043 0.918866217 -0.341777623 0.0823991299
    -0.12729454 0.932447076 1.07180917 0.200656712 -0.448043287
    0.519648254 0.0166237354 -0.417043149 0.77166909 0.210014343
    0.300687432 1.12368751 1.39415526 0.99990052 1.15408158 1.32486033
    0.267423451 0.461275697 -0.0277039409 0.153419256 1.55381966
    -0.334000498 1.19773841 -0.578102469 -0.308090508 1.55883098
    1.29316306 0.0325676203 0.532815814 -0.239697278 0.985351384
    0.718849659 -0.610135794 0.413652062 0.250365436 -0.100941181
    -0.253294498 0.909719944 -0.0301814675 1.38083959 -0.4076159
    -0.405630291 0.648393631 -0.575286806 0.00760638714 1.47911215
    0.81295383 0.463537633 1.28730977 0.406242907 -0.145722508
    0.305808663 0.672818899 -0.0523473024 0.763685226 -0.524113953
    0.635935545 1.08081436 0.223780632 0.560058713 1.02322733
    0.512185216 1.03687119 1.35321331 -0.241235554 1.31888425
    0.969299376 0.300604224 0.80379355 1.50283861 -0.156938285
    1.06740928 1.09596539 -0.578962028 0.451726675 0.345956743
    0.0482686758 -0.00101619959 -0.249959201 0.612049162 -0.339027345
    0.529086351 1.50882256 -0.563264847 -0.321906626 1.49982643
    -0.255343378 -0.583793998 1.12723589 1.19898963 -0.29115206
    0.530756831 0.998546422 0.325158179 0.202021539 0.983136773
    -0.482615411 0.14967972 1.16917944 0.702556252 0.955969155
    0.886050165 0.180559099 0.735760152 0.947534323 0.774602592
    0.652302206 1.59677851 1.24750125 0.512418389 1.31097102
    0.0179348588 1.05341005 0.865787745 0.104437888 1.04241335
    1.35254908 1.43832111 0.64180243 0.26932174 0.400639683 0.248302639
    0.194844246 0.399578184 0.867767811 0.305721283 -0.265157104
    0.432105243 1.49219882 0.802840412 -0.00820195675 0.16323173
    1.44217491 -0.567764401 0.258466661 0.717677474 1.05608296
    1.25531805 1.30973923 0.75513047 0.426942408 1.13577008 1.06129801
    1.52964997 0.436854184 0.9374246 0.92559129 0.529074252 1.5040915
    1.14408398 0.663163602 1.27901101 0.792295098 -0.016084969
    1.57389402 1.28289843 1.21873736 0.326199889 -0.397274375
    0.908943653 1.54819179 0.587094247 -0.00391161442 0.559215009
    0.367372453 0.779754996 -0.280248344 1.11987448 0.94765377
    0.478807032 0.929991245 0.209238887 0.769197643 0.857863665
    -0.132857859 1.43210268 -0.458247662 -0.614564359 0.692505062
    -0.471896172 -0.536553442 1.5299468 0.966518939 0.296175003
    0.0573034883 1.19781113 -0.385887831 0.124263763 -0.380025446
    0.131289542 1.30772018 -0.373377562 0.785610199 1.61787915
    1.06012964 1.15807831 0.839390039 1.02000022 1.22147763 -0.259488821
    -0.44712007 1.32822967 -0.26696983 -0.0046249032 0.798188567
    -0.52426374 0.8060987 -0.190249473 -0.0673624277 1.49258566
    -0.0839529037 1.00813341 1.05553126 -0.0319607258 0.911263645
    0.999794662 1.37798429 -0.075097084 0.835933983 1.42971218
    0.559720397 -0.548081517 1.49232078 1.12435389 1.59622884
    0.00396150351 0.773837686 0.95094198 0.626456678 1.33428741
    1.56285655 0.309085071 1.56388378 -0.512045741 0.945062459
    -0.602013588 0.436944783 0.126526058 0.941561759 1.29902744
    1.56213212 0.633824706 0.343014061 1.07759285 -0.342906564
    1.43834639 1.46600044 1.19521713 -0.207419723 1.01245654
    0.0928726792 -0.502725124 0.903529108 0.492604375 0.853832066
    0.189540029 1.02325523 1.11425209 0.709493101 1.4774065 0.312780499
    -0.313094229 -0.0467915535 0.788796723 1.56973147 0.440090477
    0.392371297 -0.348604858 -0.0542469621 -0.136549145 0.196959198
    0.912898839 0.945751667 0.389610648 -0.0542908311 1.06322575
    -0.249117792 0.0498160124 1.54450941 0.233099222 0.29825592
    0.0518004298 0.709794462 1.39777946 1.35364246 0.136055648 0.1825459
    0.152083337 0.621349514 0.856249034 -0.179163456 1.22666764
    1.32166076 -0.422777712 0.420363545 1.14291763 1.31151056
    0.0398411751 1.5160085 -0.43291223 0.595278084 1.58158541
    -0.284260511 1.59409463 -0.348738283 0.988554716 -0.208999544
    -0.598326087 0.717334628 -0.0834850669 1.4899857 -0.0209428668
    1.4474647 1.22776031 0.0666427016 1.21933651 -0.465789467
    -0.437019587 -0.335319787 0.779406309 1.25866342 0.913032591
    1.49997234 0.597457826 1.20400584 -0.261029333 1.46981132 1.32862115
    -0.199636936 0.625237823 -0.605241954 0.880754471 0.589593589
    -0.511726975 0.256214738 0.58919853 1.26447129 -0.116711378
    1.35708189 1.12948895 1.22978663 0.0909543633 1.33034301 -0.42949456
    0.348951876 1.42092705 -0.333199829 1.08350062 1.30827951
    0.981115043 -0.257478088 0.096368432 1.4324801 0.563142061
    0.437348306 0.069416523 -0.628625989 -0.593825042 0.0121044517
    1.17217326 1.4738133 -0.603570461 1.16792035 0.159604669 1.55908144
    -0.286788613 -0.140964985 0.228723228 0.427368999 1.6866225
    -0.0694807172 1.62117219 1.23436475 0.0590788722 0.405025065
    0.71450907 0.152684331 1.71169972 0.955691278 0.696612358 1.54635465
    1.450526 1.43651342 0.159135461 -0.598310471 0.37184751 0.283628643
    -0.202203482 1.29243803 1.06165326 0.520764351 0.0735401511
    -0.207733482 0.195230722 0.462303281 -0.270016611 0.595681131
    1.28306723 0.240205288 0.510199904 0.000189006329 0.656193733
    -0.0119795203 -0.471832395 0.64153558 -0.623153865 1.48959637
    0.797354817 1.56803298 1.39294231 0.698443949 -0.327920675
    0.227094054 -0.13289085 -0.165527761 1.50182366 -0.306802362
    0.656783462 1.13911247 0.98857373 1.50294733 -0.39434576
    -0.133805394 1.52624798 0.615100563 0.294446528 0.617480159
    1.22049057 1.04791176 1.40938354 0.392814994 0.0721244812
    -0.0769806504 0.553510487 0.288571656 1.57762408 1.30247927
    -0.595475376 0.504272342 0.695093155 0.60841918 -0.185354412
    1.50404012 1.10410011 0.436933815 1.46031916 1.09649849 -0.156122237
    1.29557323 8.34465027e-05 1.33195066 -0.509056866 0.970203161
    0.602447569 0.982293785 -0.025423944 0.0392363071 -0.181864858
    -0.16526258 0.939893961 -0.303958654 0.874658465 -0.0545906425
    0.284795344 0.248187184 -0.41716975 -0.4293845 0.389838278
    0.716748118 0.193800986 0.435879946 1.39104867 1.1043762
    -0.156889558 1.33047986 0.260180771 1.04638755 -0.362200379
    0.940702736 0.761722684 1.46988177 1.25925672 1.14940774
    -0.182680756 0.684748113 1.46251369 0.493602812 0.261871934
    -0.298990667 0.198003948 0.958561122 1.04406595 0.300842047
    1.43211639 0.601807714 0.156086862 0.136628091 1.59190881
    0.0596296191 1.19993162 0.813316226 0.185724735 -0.058865726
    -0.362009287 0.729686856 0.528281331 0.061927557 0.63691026
    0.703061521 0.134398818 1.10244703 0.299245 -0.0537491441
    0.589162648 0.615347743 0.606079876 1.0953716 -0.505806327
    -0.183181673 1.38198006 1.30086875 -0.0925906897 -0.518554986
    0.3191365 0.392390311 1.15173841 0.441037178 0.972193837 1.23195744
    1.59463692 0.130470514 -0.231405884 1.32535219 1.21618426
    0.297774374 0.391981542 1.49199295 0.195518076 -0.33880654
    1.57489777 0.740109146 1.3305428 -0.4762353 1.12244356 1.15955734
    0.165539563 -0.117783993 1.5522902 0.233750343 -0.0492506623
    -0.322279066 -0.61761415 1.16361928 0.69996202 0.521458447
    0.479358613 -0.177104622 1.28418398 -0.215020448 -0.192023098
    -0.334103435 1.21414649 1.21558833 0.324543357 1.16757679
    0.704794109 1.45675921 -0.331219584 0.278236985 -0.194963008
    0.512059867 0.955960751 1.40413415 0.111743808 -0.262408555
    0.355619311 -0.0282405019 0.950921535 0.767719984 1.46162772
    0.907762289 1.46678436 -0.427610546 -0.2474114 0.0703844428
    -0.194183767 0.154892921 -0.488187373 0.716144025 -0.515261173
    0.600760996 0.273493052 -0.139674962 -0.274270624 -0.031850338
    0.942285359 1.36146057 -0.511364579 1.04593623 0.641215503
    0.738354325 -0.389947444 1.15413785 -0.248846859 0.180395126
    -0.430942297 1.2907474 1.5471034 0.385516763 1.46848726 1.09227276
    0.578366816 0.0673680902 1.07352519 1.33637786 0.253734469
    1.44383264 0.112886071 1.14217997 1.33345366 -0.185041755 1.46774817
    1.37857819 0.40606457 0.545577109 0.683657229 0.870708704
    0.937808752 0.262716413 0.113492608 0.738311112 0.514594197
    -0.181100875 0.3726134 0.664422274 1.49765873 -0.299987137
    0.705739439 -0.0592286289 -0.0799123049 1.0934962 0.112108588
    1.54690838 -0.614336431 0.237395227 0.406072617 0.423915684 1.036448
    0.0480598807 0.940763831 1.53741479 0.0674319267 0.577643931
    0.468051434 -0.560642958 -0.190453798 0.479570687 0.87212044
    1.44647861 0.457242489 1.57274151 0.94687289 -0.483780205 1.2571888
    1.19791555 0.139221907 0.748362541 1.03331208 0.428558707 1.02596807
    1.05857301 -0.348513573 -0.380631626 1.09672225 0.891169012
    -0.51507467 0.252217412 -0.444078267 -0.589930773 0.427764773
    0.255040169 0.735298872 0.642328322 0.462421834 1.04035687
    0.229188442 -0.487588674 0.908881068 -0.563538134 1.58562148
    0.745758176 1.4119035 0.891759157 1.40304637 0.526392698 1.52225876
    -0.141003847 0.0612843037 -0.33133468 0.542483687 1.06049025
    0.820777357 -0.192029297 1.60320711 -0.124069899 -0.212039083
    1.47920752 -0.0364336967 1.25292361 -0.580491066 -0.0155870914
    1.47069848 -0.522331476 1.12928414 -0.386681736 -0.607227147
    0.570208013 1.09305727 0.707380354 0.694335997 -0.065204978
    -0.052670002 1.00991797 0.794605792 1.34006524 1.15142381 1.39926696
    -0.14120695 -0.517108738 0.560957968 1.26929331 0.261491835
    0.15217036 0.0458772182 0.600142479 0.964615166 -0.445075631
    0.283098161 1.51782751 0.354965925 1.18888855 0.38051343 0.169978738
    1.36194372 0.100369453 -0.326736569 -0.135024428 1.49956751
    0.0646449924 0.488135159 -0.591691196 -0.377465606 0.959512055
    1.53180683 0.828658819 0.968454897 0.0796169043 -0.0999349952
    1.33980894 -0.0035918355 -0.0525552034 0.418655396 -0.553934157
    -0.245282948 1.2144711 0.691321313 0.699682713 1.127882 0.180816591
    0.0832571387 -0.400358737 1.37254453 0.829506338 -0.3121095
    0.325453281 0.783431292 -0.260166079 0.476944804 0.153553247
    0.227533937 0.228917003 -0.291054904 0.746433198 -0.113971055
    -0.40935269 0.612300694 1.28667164 -0.0128303766 -0.534699976
    -0.447375834 1.20547044 0.547882795 0.577071249 1.54505992
    0.436285734 0.872534811 1.12621284 0.128860295 -0.0135933757
    0.9520998 0.159361362 0.865632296 1.48652911 0.444003463 1.30311871
    0.786155283 0.0981114507 1.52406311 0.790802896 -0.251490623
    0.167574465 0.410226941 0.665717423 -0.375499547 1.36695504
    1.07779551 -0.465642691 0.870373845 0.314272165 0.98074615
    0.521796286 -0.103207171 -0.496395528 0.826458395 1.07829475
    0.241714418 1.0000515 1.36246145 0.118017375 0.814653873
    -0.261758268 1.1950804 0.299579799 -0.131114572 -0.579280019
    0.368745863 0.753519952 1.00114369 0.649861991 0.410579205
    1.20040035 0.776291251 0.801295042 0.619715452 0.745325804
    0.676338851 -0.420101702 -0.240263432 -0.570738435 1.15298188
    0.212111115 -0.318113983 0.0431192517 1.26249194 1.05459309
    0.932923555 0.769573569 0.0652750731 -0.000669598579 -0.325320989
    0.130503297 0.098562181 1.39281893 0.588376641 0.749514282
    -0.627569377 -0.417779326 0.58147788 -0.461420238 -0.115947425
    1.13860679 0.89993763 1.0763756 1.21456599 -0.21013993 1.50133049
    1.60076892 0.606095135 -0.124979079 1.34138346 -0.328509033
    0.92341882 1.12953973 -0.278247833 0.673820257 0.808923542
    0.970323086 0.370304316 1.0667007 0.514052153 0.00420296192
    -0.26437068 1.64506221 -0.419396162 1.57566762 0.470824122
    -0.0254932046 1.42438376 1.51624215 -0.266954482 -0.547106504
    0.374287546 -0.58579874 1.43371487 -0.0786170959 -0.539955258
    1.31432009 0.530135989 1.17407823 1.28478742 0.288175106 1.12346089
    -0.0206564665 1.0050509 0.15643239 0.397292197 1.19556081
    -0.28863427 1.04476452 1.06121218 -0.436921716 -0.139680654
    0.743337095 1.28812003 1.55364442 0.262712955 1.20427132 0.852470636
    -0.227189839 0.704137444 -0.28841728 -0.396285951 0.930640936
    0.852887809 -0.335787803 0.543370783 -0.466971993 0.695313096
    0.699402571 1.07244015 1.0660224 1.28056204 0.617137969 0.147504568
    -0.0891463757 1.2373718 0.163036287 0.992267013 0.200729549
    -0.416799009 1.03976774 0.591104686 -0.582848966 0.540615916
    0.782136023 1.36654532 1.34241486 -0.123018324 -0.325540066
    -0.263662547 1.59338593 0.822298229 -0.265067965 0.29624331
    1.56520283 -0.30180943 0.923010409 -0.200389445 1.45146072
    0.505006433 0.600305796 0.997963369 0.0324667692 1.10175109
    0.280210435 -0.0577155352 0.220794439 0.202326655 -0.574485123
    -0.599299371 -0.220596731 0.996911824 -0.568963647 1.0660646
    0.53268683 0.496721804 0.99330318 0.218529701 0.225230753
    0.512993336 0.584450126 1.35775423 0.591093302 0.998491287
    0.0407764912 0.549940169 -0.54062593 1.55034947 0.374351144
    -0.0549440384 0.50765723 1.57903934 -0.378049046 1.03547621
    0.00193732977 -0.391586542 -0.0567947626 0.41138041 0.990835428
    0.397464991 -0.380217552 1.10545039 1.40395904 -0.496790409
    1.28040528 1.06111705 0.281039536 1.45602417 0.971272111 0.956628919
    0.402401268 0.932933092 0.675298154 1.58173895 -0.581531525
    -0.298281908 -0.475457072 0.998001516 -0.310994834 0.85055685
    0.52961272 1.16865921 1.48209822 0.106466353 -0.420481771
    0.800629973 0.58525753 -0.256654233 -0.397431016 0.761910796
    -0.122770756 0.173533261 -0.581506848 0.663105428 0.54514116
    1.34087896 1.52399194 0.288958073 -0.184812576 0.828979075
    0.120382488 -0.124772578 -0.439485371 1.04992723 1.17368424
    0.124457359 0.327359319 1.5332278 -0.394859672 0.00388115644
    0.729927599 0.860470533 1.01811445 1.44744027 -0.0759013891
    0.600916743 0.24949038 0.977948189 1.35932136 0.785978436
    0.561207771 1.5348227 1.32067561 1.4232986 0.0505128503 1.11631632
    1.44815159 0.506213427 0.118915617 1.03789783 0.412975669
    0.343312621 1.02116346 0.779924393 -0.137725294 0.00843364
    0.385799348 -0.270333499 0.959047914 -0.387717366 1.07609379
    0.710584342 0.261367321 0.490067303 0.138427138 1.55905652
    0.759831429 0.650015533 -0.350535125 0.560583115 0.777117312
    0.00930321217 1.11924839 1.19044614 -0.612547934 1.20761776
    1.41421473 1.3049041 0.232716799 -0.482448012 0.779649675 1.23864245
    0.519880652 -0.29490909 0.140106022 1.48960674 0.796241939
    0.00599044561 1.01375151 0.697703958 0.702131331 -0.213751107
    1.29061103 0.348597765 1.39491177 0.455130398 -0.632558107
    -0.438130677 0.262778997 1.12320364 0.344040573 -0.254844099
    0.0401002169 1.45226943 -0.353987962 1.36746049 0.757040739
    1.63454318 -0.410827696 -0.426359117 -0.329174548 0.298754364
    1.20690346 1.00915265 0.54907757 1.5490756 -0.0382448137
    -0.248629943 1.35881186 0.959462285 -0.510102868 1.31793046
    0.72634691 0.590107441 1.48349905 0.359772742 0.293416917
    0.230209947 0.562165618 0.648712277 0.317032099 1.56955576
    0.755201042 1.52888298 -0.219995856 -0.229570001 1.19337988
    1.38154292 -0.538819134 0.139220774 -4.48226929e-05 1.58805394
    -0.0335078239 -0.0102438331 -0.128424704 1.19791651 1.0444417
    0.760246098 0.585109174 -0.266409963 0.0068666935 0.792853296
    0.127149582 1.5168097 0.125419259 0.0332474709 -0.00540781021
    1.08995473 0.934224844 0.724835336 0.266284347 -0.355620056
    -0.0207805634 0.288658857 1.28159881 1.01401734 0.863514304
    -0.356121033 0.605979264 0.0245639086 -0.394616783 1.58765316
    0.119850576 0.646980286 -0.142546684 0.400265217 1.45729244
    1.26728964 0.997788072 -0.256756574 0.638457477 0.00597298145
    0.0205488801 0.853563368 0.778094471 0.979328334 0.740830123
    -0.154899895 0.566574454 -0.423187673 0.476764619 1.56062841
    1.5770402 0.662842214 0.448761284 0.317651749 0.693823576 1.54782295
    -0.418107212 0.13093406 1.21047413 0.0840476751 1.4350338 1.35698795
    -0.191560626 0.537202656 -0.526516855 -0.458247721 1.44362462
    0.642005563 1.52190351 0.785142422 0.938362718 0.391464651
    1.33547819 -0.142375857 -0.350136817 -0.298229843 0.0301097631
    -0.188677192 1.11811471 0.64801085 0.944874644 0.390271246
    -0.164527863 1.15288854 1.01080656 0.769447148 1.58135653
    -0.0224243402 -0.625774503 0.270011008 0.0480490327 0.171556115
    0.617384374 0.73434478 -0.0454483032 -0.264325112 0.251189411
    1.02160501 1.01690245 0.603372157 1.08448267 0.0957921147 1.26350069
    0.819468558 1.36036229 1.13525736 0.284936011 0.614051759 1.02888656
    -0.358787119 0.305818081 0.0904515982 1.08543754 0.31351459
    1.25406861 0.885472536 1.2658236 0.908059716 1.24155378 -0.493186176
    0.181417644 0.88909781 0.928254485 0.81126821 1.18646383
    -0.525000513 1.57680762 -0.563378811 -0.164637655 1.18983364
    1.55054188 0.806780457 0.80077213 -0.272913158 -0.146914333
    0.519883275 0.0756023526 0.330278277 0.980919898 0.658011317
    0.717329144 1.53064752 -0.423277915 0.342457414 1.32318115
    -0.0472657681 -0.0964372754 -0.439077556 1.19294834 0.709253311
    0.776414931 1.05763853 0.808434427 1.2389431 1.05856681 0.383607924
    -0.299122453 0.504953623 0.95339483 1.23894775 0.848003209
    1.47506034 -0.380312026 1.0046469 -0.342799991 1.33256364
    -0.262089193 0.31115818 -0.0486068726 0.202881992 0.288069367
    1.60643399 0.640601754 1.12299252 -0.253822029 0.981753886
    1.06214643 -0.524325132 1.47411871 0.872407317 1.09661174 1.54517627
    0.945509672 0.780838966 -0.0827679038 0.953843534 0.353234887
    0.79100126 0.935254097 0.412572205 0.450659215 0.997571468
    0.926412582 -0.328106225 0.541094184 0.103782356 1.28076434
    1.2457521 0.275586545 0.138202608 -0.00166231394 1.11067033
    1.57162011 0.217200816 0.606149435 1.28352511 -0.28097719
    -0.551383138 1.46962428 -0.127340019 0.850657463 0.418369472
    1.49823093 1.47517085 1.11393356 1.39024484 0.73398459 0.113238811
    0.0413211584 -0.361327529 0.0802481174 0.00863516331 0.193803161
    0.446110249 -0.0294021666 1.19873631 1.86532152 0.801901877
    1.71204352 -0.363864601 0.36805889 1.44817543 0.699774146
    0.926966906 1.49528909 0.870411754 0.821417153 1.28633761 1.29097867
    0.54170841 0.785982907 -0.267243922 0.826900005 1.16887856
    0.367272794 0.651846409 0.303616345 0.155092478 1.19786429
    1.61534524 0.989866674 -0.0680268407 -0.535579681 1.4866848
    0.128653288 -0.497934669 -0.317869961 0.884676814 0.537702441
    1.43646824 0.0758525729 0.772766471 0.59049058 1.10251641
    -0.602629602 1.20092416 1.2661792 -0.291532964 1.56885695 1.54094303
    0.212378561 -0.123399854 1.13801265 0.475627363 0.288946688
    1.36546922 1.03000975 0.0474159718 1.57903242 -0.011687696
    1.27213085 1.49502015 0.80608201 -0.60803473 -0.232885331
    -0.0222073197 -0.261555672 -0.305558056 0.739879787 0.604131281
    1.48167872 1.31221247 0.0191805959 0.384248316 -0.376647383
    -0.317986339 0.537413299 0.999610424 -0.394663155 -0.0669770837
    1.04073334 -0.0929600596 0.193603396 0.0444967747 0.388757288
    0.205998957 -0.503245056 -0.354307085 0.287427425 1.17090309
    0.944226742 0.667608738 0.603428483 0.31354028 0.810082078
    -0.203490078 -0.57457453 0.542956471 0.586589098 1.60889292
    -0.0808299184 1.18385315 -0.427761793 0.292060554 1.27709055
    0.515106976 0.0537663698 1.36818385 0.00340479612 1.3630532
    1.10880363 0.65965414 0.18658638 0.276038408 -0.300184697 1.36317945
    0.288839936 0.784303725 -0.494030625 1.45951581 0.111365974
    0.466370344 -0.037355423 1.37691307 1.34962285 0.568541229
    0.750100672 1.5098536 0.217394829 1.19262528 0.778111458
    -0.344993174 -0.159895658 -0.282611102 0.739280641 0.114626348
    -0.561922491 0.405233264 -0.0370764136 -0.384100199 -0.34929651
    0.802339256 -0.339424342 -0.344362468 1.05151224 -0.527052581
    1.01634431 0.481257498 0.620051026 0.528880835 0.0654547811
    -0.610090733 0.19362402 1.3424505 -0.236931711 0.930385351
    1.31412995 0.596588135 0.705311 0.248710573 0.344380796 0.313210905
    -0.34119907 1.58602905 -0.589700162 0.201096416 -0.0668960214
    0.558340251 -0.302391559 0.956460655 -0.300876319 0.370747566
    1.19547176 0.964907229 0.331119597 0.927919984 0.0140504241
    -0.0339208245 1.53364563 0.363731027 -0.265609205 1.58730066
    0.983929992 0.895189822 -0.126493812 -0.210698158 0.0811865926
    1.23990774 -0.588874042 -0.622446299 0.455945432 0.864292502
    -0.287048161 0.711796284 -0.402418733 0.787606776 1.33066022
    -0.215864539 0.0045992732 1.42153144 -0.553358316 1.14443314
    1.07583523 1.49613333 0.814802647 0.838307798 0.383315742
    -0.378911287 -0.485578626 -0.208337575 0.227904022 0.686810911
    1.23896122 -0.228462189 0.016978085 1.0098592 1.11052752 1.36091173
    1.44522333 0.120236397 -0.428419411 0.0973055959 -0.568663955
    1.10200047 1.44789028 0.995418906 -0.366836727 1.09180188 1.2696178
    -0.0780930519 0.911471725 -0.0409190059 -0.117607832 0.395749986
    0.58616221 1.16093302 -0.571330488 1.57566094 1.36485457 1.22272575
    0.517578542 1.41914177 0.929968417 1.23085642 0.266215086
    -0.0965511203 -0.463441312 1.0430932 -0.0367645025 0.653046012
    1.0790199 -0.00782042742 0.206930399 0.0103594661 0.503409803
    1.06554675 1.36669302 0.653507829 0.219821006 1.66902423 1.34234345
    -0.0277559161 -0.0887231529 1.42698288 -0.271218866 0.273450047
    0.298744947 1.42414629 1.48598301 -0.291559696 0.225219548
    0.839732289 1.55178285 1.38558626 1.4825362 0.331959367 -0.284047544
    0.912709296 0.0565552115 0.0736970305 -0.159282535 -0.470221221
    -0.469511181 -0.244079828 0.982020319 -0.216640562 0.662805378
    1.08914566 0.0705737472 -0.588967025 1.55755687 0.98016119
    0.330901802 0.971718073 -0.512832284 -0.208684087 1.32511282
    0.305488646 -0.0793953538 1.52032518 1.19849443 0.264367878
    -0.503492594 1.32099223 -0.544534266 -0.567742765 1.27699924
    0.701295078 0.539681613 0.462215662 0.987857103 1.23693538
    1.12431145 0.683634102 0.707578838 1.09251714 0.0988430977
    -0.0968891382 1.04881024 1.50964165 0.0184326768 1.00927162
    -0.455970824 -0.152531385 0.78753525 0.178842723 1.28685641
    0.0525590181 1.5878644 1.59187531 1.16152573 0.503812313
    0.0685746074 -0.176208198 1.53257728 -0.53123188 1.60071659
    -0.10069567 1.08058262 -0.410803437 0.214196801 0.663236022
    1.56883931 0.585599601 -0.515707731 0.939789891 -0.303981125
    0.580440521 0.664949894 -0.115167201 0.517835677 0.989704192
    -0.585853159 1.30435324 1.5199039 0.629795611 -0.584336221
    -0.586125612 1.34165263 -0.0540784001 -0.557475626 0.772606492
    1.06070638 1.29089522 0.0486882925 0.786372781 0.808219433
    -0.367563874 0.910522223 0.702833652 -0.304303914 0.651714623
    1.00859785 1.4063201 1.57693148 -0.0211520791 0.120328248
    -0.178645968 1.45235002 -0.141559005 0.85635221 1.19763017
    0.967184484 -0.136471152 -0.231722236 1.25365031 0.969349861
    0.846831143 1.53536022 -0.441890419 0.455509007 0.592734158
    0.488629997 1.31645179 -0.0201660991 1.04912829 0.212611973
    0.502201915 1.37199855 0.611799896 1.01785088 1.26134264 0.16584754
    0.372749507 1.60259426 0.0619621277 1.40171826 0.743888021
    0.435116112 1.3293879 0.209896266 0.57028383 0.843791723
    -0.193149596 1.60179377 1.51940608 1.5895462 0.781755388
    -0.543274343 0.0271539688 1.0999403 -0.0412746072 -0.40239507
    0.292581081 0.112772822 0.18843478 1.40551305 0.400834382
    0.976852715 1.12266278 0.101195276 0.977882266 1.42198038 1.45885444
    -0.0182392597 0.284636557 1.05914938 0.838705778 0.462166429
    -0.506231308 0.0417189002 -0.230296969 -0.168652415 0.0605750084
    -0.339676529 -0.0734770298 0.394093573 1.48236287 -0.26685214
    1.12636411 0.598034501 -0.273869753 1.52293444 0.0507000089
    1.15558386 1.41185367 -0.367530614 0.0757769942 1.14411521
    1.53816366 0.159559369 0.575899601 -0.262524784 -0.166337073
    0.787163556 1.58212185 1.388677 -0.62360543 1.50120807 0.614866614
    0.179686308 1.51743484 1.32421041 0.249481857 0.075306952
    -0.19937411 1.46134424 -0.388421714 1.50637937 0.389307261
    1.14877653 0.510638714 0.371940017 0.116019189 1.55160308 1.43445206
    -0.574942648 0.753430963 1.15036273 0.14596194 1.27836704
    -0.0455464125 0.928116679 1.17568767 -0.0911006331 1.35689056
    0.573454142 1.09292912 -0.244676471 0.142003238 0.258697748
    -0.612835944 0.275843203 0.77040565 -0.520370424 -0.611534238
    -0.443927616 -0.469950378 1.18881917 0.848210812 -0.611244321
    0.0186725855 1.22807455 0.508156359 1.7138406 0.675708055 0.58005023
    -0.149906218 1.70335269 0.157496065 0.029861331 1.7604816
    0.625539482 1.68309474 0.428028107 0.771791101 1.40554464
    0.438455284 -0.619749367 -0.18803373 -0.619502187 1.22751927
    1.21133459 -0.077927947 1.26466227 0.0873728395 -0.0413205028
    0.210083961 1.43291819 1.48069334 1.49159455 -0.0124979615
    1.47884059 0.416498721 0.684165061 0.875458479 0.534495294
    0.689930081 -0.360263824 0.380462646 1.51079202 -0.522207737
    1.21855831 0.243634284 0.0173608661 0.0375713706 1.03701639
    0.952973425 0.837607443 0.414150953 -0.429549277 -0.545688033
    -0.160487652 -0.134904861 1.4817673 1.02229786 1.0120368
    -0.593113899 1.31226182 1.09820867 0.6753878 -0.3105627 1.04362833
    0.138091147 0.640591681 -0.315437049 0.74415046 -0.443581939
    0.859946191 0.813473403 0.413091242 1.20752227 0.639126182
    0.584844112 -0.118322134 0.353251636 0.034694016 1.26103449
    1.26888418 0.808717012 0.758724928 -0.156811953 1.10401583
    1.13274264 1.12770486 1.18053627 1.5567975 0.454963326 1.6006372
    -0.523995936 -0.157704949 1.38475525 1.32358456 0.127277136
    -0.330244243 0.203148782 0.95945406 1.16108704 0.112658739
    0.896277249 1.44034338 0.0703898668 0.894777119 0.288597763
    0.228862703 -0.42942825 0.121582389 0.131467998 0.182456434
    0.476093233 1.22842896 1.29831922 -0.486963004 0.498862147
    -0.475183457 1.40029132 0.912914813 0.18105638 -0.115053713
    -0.120366216 -0.450234532 -0.42294538 -0.0473671556 0.405570865
    1.1352973 0.0419812799 1.22356105 0.649357677 1.44314706 0.76527977
    -0.546216786 1.28937316 0.480661809 1.00453973 0.571423948
    1.45646381 -0.425962389 0.668273807 1.41075182 -0.242195487
    0.407728374 0.113046288 0.662920952 1.12731731 1.33745122
    0.920766652 1.58540487 0.459472477 1.11382735 0.773837805 1.27745867
    -0.541407228 0.491656482 0.401821733 0.833566606 -0.0923083425
    1.05226719 0.371128082 -0.13762188 0.116445422 -0.199132562
    0.81062299 0.741550446 -0.608166397 0.18088448 0.946310818
    0.495813012 1.47977734 -0.293715239 0.911650002 1.30641103
    -0.240035295 1.34480643 -0.131244063 1.09279048 0.842366993
    1.01460445 1.16305828 -0.439796239 -0.283674419 1.31588626
    -0.00873732567 1.5081327 0.278302193 0.650355697 -0.322217405
    1.32075405 0.153353393 0.681692243 -0.155169427 1.43983889
    -0.464308679 -0.224680603 0.600714624 -0.436578274 -0.120972693
    1.21386623 0.801271975 -0.046448648 1.50291395 -0.18882969
    1.62408257 0.997700989 0.822580755 0.171379626 0.36659503
    -0.128423154 0.635078788 -0.18459022 0.140486181 1.10744214
    1.19014168 0.930755258 1.08403063 -0.0296792984 0.61881125
    -0.426858723 0.789029181 1.36151063 -0.200212687 1.14065385
    -0.608263195 0.0949857235 1.24549639 -0.558110595 0.519427299
    0.0435678959 -0.326173902 1.12079191 0.866322339 0.417981505
    1.28390789 0.780229926 1.40190816 0.11706692 1.32725406 0.491044164
    0.0800371766 -0.114944339 -0.100521326 0.719371557 -0.540450335
    0.837226391 0.325906813 1.46878052 1.09075356 0.0915707946
    1.50783169 1.36538315 -0.54601723 1.15928435 1.58253038 1.46464658
    0.795580566 0.0156264901 1.2250576 0.687083483 -0.450572431
    1.12350368 1.03111434 1.40011096 1.71680665 -0.208967492 0.602937579
    1.86719584 1.88923728 0.0951774716 1.45122457 0.0256456137
    -0.0548919439 1.53603649 0.722156763 -0.263222247 1.17173183
    0.612723947 1.04486752 -0.288683474 -0.254917502 0.940976262
    0.529054523 -0.55478245 0.506390154 1.13938403 0.510138452
    1.53279245 1.20445204 -0.620906293 0.0263845921 0.535471082
    1.24892473 1.12515354 0.988071859 0.333950162 0.0893562436
    0.326125324 0.421025097 1.45070457 -0.412903607 0.971918404
    -0.477056742 1.23430419 -0.49695155 -0.265760034 -0.270445764
    0.291576326 0.918201745 0.5679214 -0.538118362 -0.479995698
    -0.333576113 0.304643691 0.677537203 1.54450488 0.797370434
    -0.405577362 0.0508651733 0.374339402 0.144809067 0.688023925
    0.516783237 0.954694152 -0.248240322 1.59667468 1.29798794 1.4762491
    1.18394232 -0.239390284 0.0811285973 -0.335744083 1.35939562
    1.60160828 1.03172314 0.305575609 -0.604186356 -0.287325531
    1.13274598 0.010502398 0.414073288 -0.130280405 1.53121614
    0.744480312 -0.491521209 0.324062943 -0.322428375 0.754051566
    0.654968798 1.38228059 -0.501229882 0.00957363844 1.52690101
    1.18154442 1.03648949 1.23280644 0.442318916 -0.225496292 1.05821753
    0.416126311 0.504154027 0.860315204 1.36288559 -0.352229387
    -0.41222769 0.511286139 -0.0837765336 -0.607848704 0.395347238
    -0.0165840387 1.34374189 -0.406913728 -0.0731055737 0.51393187
    -0.543936253 0.740409315 0.049670577 1.23724699 0.489629328
    0.425785065 0.818133533 0.5766204 1.53608823 1.41303337 0.249008179
    -0.486572385 0.0790417194 1.51773977 0.748988509 0.245376766
    -0.355307996 1.56434298 0.703532159 1.52080131 1.21042871
    -0.0310057998 -0.42928189 1.55644226 0.905865312 1.25889969
    1.24557877 -0.480193108 0.469320893 -0.0318986177 0.593195558
    1.08828187 -0.285094082 -0.142510891 0.423169136 -0.0215605497
    1.24743783 1.2414856 0.36378479 0.918260574 0.310390711 0.779351354
    1.53974342 1.43011022 -0.501202226 0.0157200098 1.33742785
    0.896518111 0.046036303 1.44772553 0.840972424 0.684554875
    0.234769702 1.07488084 -0.124379665 -0.117037624 -0.280793548
    -0.370860279 0.682371914 0.229586959 1.419541 0.19002229
    -0.314826876 0.364836752 -0.366368175 1.32982504 -0.539240241
    1.45861602 0.312522054 -0.596927226 0.423011899 -0.341890156
    1.09749091 0.286699057 0.985336065 1.03956699 -0.148566276
    1.39971328 0.858644009 0.804274023 0.186976254 -0.297945589
    1.22542882 0.865254283 1.22180736 0.983858943 0.45962435 0.206106126
    1.27075148 1.27522039 -0.585929871 -0.290353298 -0.612853348
    0.195396602 0.158133805 1.09793198 0.308923542 0.293466866
    -0.369405299 0.239636362 0.922836602 -0.300504446 1.36564636
    1.46448898 0.9693771 1.26502919 0.341762424 -0.0933322906
    0.952346206 0.482567012 0.0606377125 1.12749779 1.58705235
    1.34999633 0.972922444 1.1388557 0.535594702 0.819939435 0.993405938
    1.02062941 0.74074775 -0.405885816 0.733491182 0.666989565
    0.568931937 0.675858676 0.99624598 -0.279461145 0.340935826
    -0.0423905253 -0.479377449 -0.427634627 0.119058788 0.543089151
    0.288309574 -0.28962332 -0.133502543 -0.291412175 0.509517312
    0.857853591 -0.545880377 1.50287318 -0.255538195 0.0169349313
    1.06612444 -0.0671832561 1.02605772 0.607657552 -0.309731543
    1.64861095 1.5682472 0.252274096 0.412992597 0.182934582 1.58868694
    1.16390729 1.69067788 0.818412423 0.594156563 0.789921761
    0.116584063 0.453905284 0.376340091 0.976988077 1.29659963
    0.48130244 0.949582458 0.247147322 1.5730443 -0.518806994
    0.538997889 0.195271313 0.79708761 1.11691308 1.30942035 0.566787302
    -0.571161985 0.834643722 0.752749085 -0.451641917 -0.0589375496
    0.596709013 0.257953465 0.463629425 0.135647595 0.299094439
    1.18788373 -0.209347397 0.523230851 -0.0060454607 1.14555907
    1.2247684 0.667655647 1.05691433 -0.0503790379 0.659189641
    1.10172606 -0.407192171 0.961044371 -0.480004609 0.0225430727
    -0.312153667 1.26552916 -0.20820564 0.139852583 0.300370991
    1.32056808 0.671560585 0.666389465 -0.0843834281 0.531677246
    0.45704335 0.311862707 -0.333393365 0.638463378 0.191313446
    0.222069502 0.982992113 -0.195583522 -0.165894747 0.729801297
    -0.375253767 -0.188239068 0.775839925 -0.613274992 1.61066723
    1.08840859 0.737257302 1.52672648 0.176351547 -0.159057558
    -0.00278741121 0.730444968 -0.41378504 1.07282996 0.0288409591
    -0.515897453 0.141836107 -0.561379075 1.24515533 0.80250895
    -0.535973847 -0.0921390653 1.14538348 -0.167322487 -0.156913429
    0.0828883052 -0.468277425 0.497897565 0.255405545 0.397158682
    -0.123354912 0.715370834 0.909689724 1.19582272 0.446482062
    -0.382353157 -0.548858047 1.44914103 0.0932388902 -0.610056281
    1.48001885 -0.0249370933 0.633447051 0.167850852 0.910911858
    0.0681628585 -0.177960038 0.117500782 0.06945014 0.0791112185
    1.07135487 0.416612208 0.0660263896 1.49538982 -0.276729703
    -0.458086252 -0.459433138 -0.150553048 -0.590286911 -0.386922657
    1.34135294 0.554480016 -0.452664077 -0.604174435 1.0569737
    0.82719487 1.609514 -0.0934433341 -0.58276993 0.137251794
    -0.125218451 0.229417682 0.467436612 -0.530010223 -0.269856781
    1.23480844 -0.0294526219 0.170306623 1.45046234 0.175356507
    0.0913000703 -0.602211773 0.233106792 -0.460427344 0.0467999578
    0.284209371 1.41695035 1.11178041 -0.217331886 -0.0119035244
    0.923111796 -0.429428905 1.37843871 -0.395858645 0.931515634
    0.239661574 0.792592585 0.489649951 0.973232687 1.15209174
    0.662429452 0.319492936 -0.158965379 1.60948336 1.42010927
    1.18618369 -0.281666458 1.25683498 -0.376122475 -0.501706541
    -0.440093875 1.02008677 -0.595355392 -0.498181015 0.854649782
    1.4484489 0.677402198 0.489022672 0.362197757 -0.433988333
    0.509553194 0.999619901 -0.51832062 0.325496495 1.08473146
    -0.485999763 -0.330862612 0.178974688 1.5283401 -0.523079991
    0.677486181 -0.0498079658 -0.128241181 1.48789477 0.121261895
    1.56663632 1.24720645 -0.191871852 1.32562518 0.756500721
    0.394962609 -0.464988947 -0.610934794 -0.252482027 -0.319285005
    0.491056979 1.17844307 1.34194148 0.330397606 1.6337924 -0.17028299
    1.02906895 -0.244601458 1.31081915 0.00700360537 1.46352828
    1.36935031 1.33909798 0.79050231 0.820413113 1.59994078 1.41635156
    -0.324383706 -0.613048494 0.296649218 -0.554382443 1.42041159
    -0.408765018 -0.14010638 1.41561222 0.557977557 0.268825233
    1.45809841 0.770757854 0.159591496 -0.173751622 0.840019047
    0.792935073 0.805688143 1.20178986 1.06940293 0.341127247 1.28391397
    -0.235487461 1.00396585 0.45054701 -0.193309024 1.6600678 1.37683201
    0.201021105 -0.511518657 -0.0056104064 0.935796976 0.14843148
    -0.328543395 -0.314539939 0.615688562 0.980477691 0.64952141
    1.05625105 -0.59912008 1.13149524 0.718684196 -0.126255095
    1.41077971 -0.0191037059 0.504511893 0.398107767 1.31620884
    -0.350835592 -0.314720184 0.24113524 -0.0114659667 1.25334311
    0.614215136 -0.219649881 0.0214472413 1.1298666 1.60567951
    -0.450875551 0.247617006 1.17544019 0.964343309 1.11776543
    0.661908388 0.611710787 1.54164314 -0.407256842 0.139334261
    0.378863335 0.460735619 0.0487705469 0.355015934 1.27692318
    1.25152755 -0.0512471795 1.27239561 0.258087158 0.0404727459
    0.675678253 -0.12662667 1.59531927 -0.0462418795 -0.149876207
    0.00476676226 0.445738077 1.33696353 1.55601859 1.47050858
    0.950589776 0.756240547 -0.0152172446 1.40289521 -0.600506842
    0.0985628366 0.667184412 0.582074285 1.39581347 1.18786931
    0.041013062 -0.282939911 0.931842983 0.361543179 0.377224147
    0.93118453 1.5665803 1.52503383 1.38193822 -0.308306664 1.35705233
    1.00947118 0.381122768 0.243166268 -0.103094101 0.572809815
    1.38092399 -0.415928632 1.30581641 0.843490005 -0.121448934
    0.966796815 1.18273532 -0.614677727 -0.405136585 0.478336275
    1.41500974 1.34921515 1.46380973 -0.095548749 1.569646 0.184750199
    1.31957078 1.21118236 1.45223761 1.32239056 1.18215024 -0.393590301
    0.725258768 0.510668397 0.844279587 1.22633767 1.18161726 0.23860687
    0.862496257 1.17094636 0.625754297 -0.547900021 0.727203965
    0.498057902 0.592978358 0.163905442 0.439951241 0.524884105
    0.556167185 0.571462154 -0.377158403 1.15115488 0.671198785
    0.374919295 0.353155911 -0.199872315 -0.157173395 0.927356541
    0.0805703998 1.60965848 -0.277697921 -0.220832705 1.15094197
    1.20487642 0.682840109 1.37444711 0.539298356 0.467009187
    0.920781076 1.07526374 0.472721756 0.752725184 0.640363395
    0.765867293 -0.329365641 0.0966632962 0.504567921 0.193740249
    1.55410504 1.14545989 0.200995624 1.10558438 1.11532736 0.257493675
    -0.234963655 1.26237297 1.03908598 0.210496843 1.0532409 1.15621805
    -0.127922565 0.195740283 1.5144875 0.786322832 0.969061017
    1.18992496 0.588644385 0.344008863 1.04123926 1.46930277 0.307799339
    1.26496148 0.689314902 -0.22093159 -0.567903519 1.33440423
    0.591799378 -0.504955173 1.39746261 1.55382991 1.27959609 1.37460101
    -0.582166672 1.24799538 -0.343519598 0.207243085 1.36357772
    1.13633573 0.513627231 -0.125933051 0.540146589 -0.409360021
    -0.0959737301 0.564931631 -0.36748898 0.943474472 0.41192168
    1.58353138 0.214588642 0.856929839 0.407253265 -0.502678394
    -0.156499237 1.55750322 -0.0286661386 1.05489349 0.299265742
    1.25434136 -0.559152961 0.432168484 0.868130028 -0.415726662
    0.501796424 1.20132327 1.51218939 0.324745417 1.60073853 0.883275807
    0.212005019 0.391541958 1.34505939 1.06860995 -0.329693645
    -0.268167078 0.520267904 -0.231060356 0.477254748 0.526402414
    0.233744562 -0.311718881 1.50666094 0.516445637 1.09907031
    -0.212827325 1.1158576 1.47145081 -0.298798025 0.254648626
    0.0207810402 -0.534337759 -0.0882698596 -0.238828942 0.169909894
    1.26389122 0.55753988 1.27667546 1.51944482 0.277335733 -0.293091446
    0.589458346 1.38999748 1.12003279 1.66952884 -0.253909439 1.12066472
    0.280885756 -0.222083569 -0.263156235 1.04331756 -0.239027202
    0.221961677 -0.44220823 -0.114150465 1.55766082 0.686665058
    0.747389495 -0.41873759 1.01368141 0.467476547 -0.0947277546
    0.596675456 0.69030273 -0.29851532 1.16105628 0.731004417
    0.821779966 -0.103832126 -0.0938127637 -0.561458707 -0.0461626053
    1.40717483 -0.325244844 0.622312069 0.284356475 1.01739049
    0.142089248 1.52748013 0.284341872 0.349303484 1.20251834 1.34340787
    0.16539079 1.58909762 0.321267664 0.501763284 0.368025541
    -0.00876301527 1.55006742 -0.514739156 -0.28305763 1.52185869
    1.41713524 0.455516994 0.752888978 0.0682266355 1.08666945
    1.05972481 -0.412056744 0.396572769 0.411545575 0.468923926
    0.712761045 0.530418515 1.03935456 -0.0398081541 -0.617831826
    -0.0891601443 0.538200974 -0.203621238 0.171342671 0.564561903
    1.0492928 1.42516434 0.0790185928 1.45827842 -0.441805601
    0.625367045 0.65965122 1.50901926 1.39315701 0.619098127 1.53860724
    0.699711561 0.138171732 -0.410206676 0.576106787 0.554505229
    1.28221714 -0.200784504 1.22585773 1.14873135 1.16188383 0.147465229
    0.369420528 -0.11340785 1.39241219 0.689711034 -0.109661102
    0.666924059 0.138351202 -0.346852183 0.783131123 1.24389434
    0.112616003 0.72037673 1.36164355 -0.202883691 0.247895956
    1.36159575 0.167960644 1.5208323 0.0943670273 0.6712237 1.4882381
    1.43718791 1.32632518 0.296509922 1.03865695 0.544839561 1.01139534
    1.55577958 1.03524458 0.967360377 -0.55549854 1.4329145 0.0722239017
    -0.161315292 0.0262249112 -0.532386959 -0.240314156 0.0178662539
    0.991630673 -0.559516788 -0.0667750239 1.01356363 -0.200640738
    1.20536971 0.80058521 0.664307833 -0.242063493 0.824265003 0.5987221
    -0.1575993 0.299410462 -0.101724684 0.79616183 0.663476527
    0.442862034 0.494128048 -0.564031184 -0.529437661 0.986751556
    0.805535316 -0.0780646801 0.41285944 0.0418261886 -0.568022609
    0.313169539 1.56656694 0.532884717 0.42356199 1.01458037 1.24105954
    -0.00663560629 1.44717503 -0.155952632 0.752768636 1.57373989
    1.05620003 -0.314264089 0.663617432 0.475601673 0.656239331
    0.211829424 0.979993582 0.0860639811 -0.111413717 1.45028448
    0.348689735 0.792984188 1.23589349 0.203542233 1.07162929
    0.415457606 -0.504039526 0.442203939 0.827239931 1.03501296
    1.21695638 1.20878005 -0.401751697 0.617233515 1.59450674
    0.00466406345 1.02194548 0.975062072 0.606832564 1.09318662
    1.19470942 0.151907682 0.452263415 -0.528318584 0.918243468
    -0.524646282 0.0248373151 -0.477094382 1.0773859 -0.231496841
    0.24611485 -0.0726619959 0.683366716 1.21118987 1.11949992
    0.932880521 1.22501218 0.045545876 0.541619658 1.41130733
    -0.261152953 0.687717021 0.637760162 0.0467116833 0.485621631
    0.993582249 -0.30402872 0.790974915 1.21595049 0.707569182
    -0.125476003 1.49163604 -0.573459327 1.15159369 -0.322246581
    0.975928068 1.41350496 0.62858206 1.05188274 0.108994961 1.53751373
    0.312341928 0.316339254 1.41129482 1.32757306 0.070997715 1.36143136
    1.19887161 1.52836168 1.58975649 -0.00572305918 0.0142656863
    1.83219576 0.257000417 0.748506308 1.65222073 -0.271339893
    0.707156897 -0.00747749209 0.939834654 1.64538133 1.00760078
    1.43655467 0.631950796 1.03455448 1.17279124 1.54444087 -0.380855501
    0.0300443172 0.662998974 1.37690187 -0.0478541255 0.0311114788
    0.473151982 0.499702513 0.883679926 1.17470944 0.446027994
    1.38701129 0.535162091 -0.535559893 -0.130618393 0.10376215
    -0.0465646982 0.73613143 0.883405864 -0.426031411 -0.369557559
    1.3552146 1.13489246 1.4314518 0.959451377 -0.295751423 -0.412460923
    0.407116294 0.456058204 1.36167622 0.471205413 0.101077378
    1.44640136 0.0394422412 0.693282187 0.105187953 1.32732046
    -0.457559824 -0.286572427 0.57227695 0.668955505 0.388408542
    1.07014418 -0.056494236 1.04593468 -0.442884117 -0.111720026
    -0.151020885 0.886001647 -0.47260505 -0.135136455 1.58296204
    0.111392975 -0.238349885 1.09410751 0.683525383 1.57243097
    0.196994841 0.495985806 -0.198527962 -0.194737643 0.295893669
    0.991547346 0.58191818 0.833192348 -0.279068947 -0.475177824
    0.63831979 0.801998258 -0.527666032 -0.325247765 0.71316731
    0.807568729 -0.524233758 1.28553152 -0.491350651 1.38869667
    0.914830685 0.246036351 0.680621743 0.644841075 -0.177780569
    1.49055028 0.79828763 1.0216589 1.44617617 0.906309426 -0.440812975
    -0.312790543 1.07504404 0.842611074 0.931212604 0.822787762
    0.774760485 0.615587831 -0.612334669 -0.320877552 1.06660366
    1.40744472 1.37906814 0.0852764845 0.98777616 0.648973763 1.50128794
    -0.353574157 -0.427532047 -0.632824659 1.54916477 0.570253551
    0.509823918 0.132708609 0.664374948 -0.512714505 -0.186242878
    -0.25577265 -0.151012599 0.172367692 0.730096936 0.678474724
    -0.372054935 -0.249264091 1.37828624 0.142103732 1.50987482
    0.105382144 -0.344638973 0.186875045 0.104646981 -0.300507843
    1.56168747 -0.188862771 1.48824716 0.77090621 0.151129901 1.44809437
    0.670817375 0.460466146 -0.501945436 -0.332196504 -0.605541766
    0.155865133 0.73210752 0.140405118 1.57367206 0.0496041179
    0.661104739 0.906532705 -0.11573568 1.28330708 0.0568848848
    -0.473733455 -0.134576619 -0.0338069797 1.35354447 -0.42772156
    0.986668766 0.353484154 0.3487885 0.152469516 1.06209004 0.702833414
    1.57849574 1.45311928 0.743431389 0.34157604 1.19640207 1.05037403
    0.162025273 -0.313010424 1.50047791 -0.324116826 -0.176147103
    0.739961922 -0.170216233 0.819900095 -0.00822120905 -0.099077642
    -0.561486125 -0.42372784 1.48344207 0.883826196 1.55440533
    0.945293128 0.541043103 1.52285933 0.181585431 0.0968568921
    0.439998925 0.203647792 1.45590627 0.904245973 -0.192602515
    0.426176012 -0.0256882906 0.388704419 0.400769055 1.24993849
    1.35573578 0.0170830488 -0.205303937 -0.518117189 -0.10591644
    0.952099085 -0.501118541 0.0225895643 0.486085236 1.15119493
    0.318664432 0.0920494795 0.254176259 -0.576069593 0.242659628
    1.41204298 -0.284970045 0.948429048 -0.318474531 -0.34018448
    1.27566338 -0.380115509 -0.220067561 -0.578857601 0.116953254
    0.508256257 -0.150839239 -0.225194871 1.23999882 1.30955541
    0.365294099 1.36088085 0.905899644 0.0902109742 0.0744920373
    -0.482575655 0.599097133 0.576452136 1.55381107 0.944435894
    1.36065555 -0.28529799 -0.0383467972 1.2899183 0.184231043
    1.08307278 0.460749328 0.0350753367 0.50518626 0.795458198
    0.241423756 1.61864281 1.51736689 0.531419396 0.254967928 1.26679039
    1.56868649 -0.619005263 1.33782828 1.02140474 -0.569798768
    -0.629146516 0.183414936 0.529677272 1.14111233 0.646626532
    0.273452044 1.52901983 -0.299577564 -0.133381397 0.909553111
    -0.133298904 1.51303887 0.428065836 -0.107660294 -0.0312507749
    1.41224957 0.825142205 0.41504842 1.41223872 0.263059556 0.12917912
    1.51670265 0.962840021 -0.0599538684 0.494663894 -0.302645952
    1.07429338 0.905837476 0.44050622 0.526564777 0.0388818383
    0.250522614 -0.103714168 -0.272963732 0.593943059 0.715245187
    0.88775897 0.0187942386 1.5958935 -0.377738059 1.38841069 1.53168094
    1.22064829 1.30066609 0.781585455 -0.225946039 0.781882882
    1.21961546 1.19110668 0.283549726 0.483097017 0.39035207
    -0.017536521 1.33459699 -0.235407412 0.638944149 0.499513268
    0.987798989 -0.0210657716 0.840558827 0.965420425 1.10295367
    -0.0652261972 -0.140556455 -0.0832624435 0.965992093 0.047400713
    0.360311627 1.2775929 -0.0704092383 0.0626841187 -0.395745456
    0.434859335 -0.112061262 0.738816559 -0.491475761 0.209768653
    1.49487567 -0.34717232 1.41655552 0.758677542 1.13994455 0.617289603
    -0.351877332 0.643228292 1.20331562 -0.176874042 0.979581535
    1.09697437 1.09651423 0.0301363468 -0.124480903 -0.273686022
    1.17480421 0.346514046 1.17859793 -0.616667747 -0.546941996
    -0.405911088 0.973475575 0.520666242 0.967463791 -0.178576797
    -0.635861278 -0.091833055 0.746518075 0.543630302 1.35635567
    1.29509008 1.46832454 1.33806181 1.01190782 0.0140581131
    -0.0641184449 0.309862435 1.16680074 0.503881395 0.873595417
    0.448755443 0.741737783 -0.435170591 0.10868454 1.32941842
    0.00131261349 1.45160556 0.521498322 0.670155466 0.214471996
    0.948170006 1.0279547 0.860102892 -0.363274902 0.44891423 1.08736861
    1.32869148 1.16353989 -0.118069708 1.18060744 0.146816134 1.32351387
    -0.301099181 1.43943524 0.471141338 0.0492411256 0.126890063
    0.506587923 0.535809517 -0.038705647 1.38993394 0.0562329888
    1.09140897 1.17812133 0.513502836 -0.537159801 0.0702287555
    1.14750123 1.1504283 0.485506356 -0.395246923 0.624005973
    0.369611442 -0.390981376 -0.586786866 0.204066098 0.879237652
    0.278610468 -0.451992452 1.4464922 0.461932838 -0.0178047419
    1.57758069 0.969528913 -0.202108145 -0.452311516 0.0325468183
    1.41584969 1.53575671 -0.481586635 0.113949835 0.479963839
    -0.188415438 -0.407991707 -0.489878714 -0.555926561 0.267778814
    0.241629601 -0.590895176 -0.106628239 0.0340509415 -0.19707036
    1.25324273 0.922479272 1.59531999 1.36012435 0.86865449
    0.00350123644 0.347682238 0.944003105 1.09163642 0.787013173
    0.167391062 0.414514542 0.0642715096 0.508256674 0.843837738
    -0.291790366 0.224007607 -0.0326228142 -0.126176566 0.0531022549
    0.320580542 -0.588945985 -0.102567524 -0.464279681 1.41730237
    0.645398736 -0.55976373 0.751025438 1.14761913 -0.0203872919
    -0.317359596 -0.0588797927 1.56713605 1.18386209 -0.264035225
    0.568419218 1.3070147 0.532858193 -0.0206959844 0.911970139
    1.56260729 0.938521028 0.67961508 1.54499412 -0.288502008
    0.033285439 0.922652483 1.1828599 0.52439189 0.337463707 1.19005394
    1.55880594 1.49881721 1.24269402 0.253405511 1.01419687 0.507733166
    1.31662154 1.06213105 0.313620567 0.436166167 1.35235906
    -0.381581604 0.897193253 -0.362554193 1.30367064 0.088324666
    0.0303500891 0.562253952 -0.568046808 -0.622429788 -0.300269097
    -0.526842892 -0.609715223 1.15134525 1.32408416 0.596259654
    1.1035955 1.58890259 1.43885159 1.41465282 -0.425232738 0.913616538
    0.734547436 0.231117249 0.204777837 -0.604596257 0.779527664
    -0.322374791 0.389151156 0.0780163407 1.0418818 1.26530242
    1.20620108 -0.554855824 0.0853568316 0.519375384 1.33354568
    0.617702544 1.27046931 -0.485517412 1.10078931 0.538027167
    1.08043599 -0.399054766 0.978630662 0.649640143 0.149799943
    -0.5326249 -0.454315186 -0.599960864 0.986585259 1.39743662
    -0.129961878 -0.592070401 -0.59940058 0.752950191 -0.348648667
    0.793851197 0.731582403 1.42069197 -0.358398318 0.941712558
    1.06961942 1.02928138 1.09957147 0.693552613 0.122359753
    0.0963414907 1.48037016 0.680521548 0.911590874 1.4094187
    0.356642604 -0.299245477 0.0379967093 1.13142061 0.845307469
    1.5075655 1.39267039 -0.537461758 -0.574742019 1.03952444
    0.822574854 1.2884376 -0.172023863 0.426534116 1.23206758 1.13479221
    -0.134629488 1.52013016 1.4573344 0.222153187 1.6066246 0.722422898
    1.58312798 -0.346096724 0.672980428 -0.278204978 0.48431915
    -0.422099531 1.55463147 0.971372604 0.258577943 1.1558373
    0.354329824 0.486350715 1.35565734 0.578296185 0.607277036 1.0877347
    0.305958092 1.17591596 1.21418452 0.403132439 -0.320546985
    1.50142026 1.53266954 0.586756289 -0.0460678339 -0.0180458426
    0.623942494 1.15548038 1.35248446 0.216587663 1.29486406 1.5685035
    0.283237219 -0.23634389 0.858771384 1.56216276 0.869651616
    -0.0797376037 0.0983173251 1.21335936 0.459026337 1.16915107
    0.796408057 0.864522815 -0.256404519 -0.191425651 -0.0169215202
    0.640160203 1.11025488 0.982672572 0.818795204 1.05895877
    0.0487310886 1.53392196 -0.397132218 1.00526917 1.27600586 1.311535
    -0.16538021 0.333232522 -0.490422636 1.0571084 0.395349681
    0.80769968 0.303611994 0.230616391 0.248904169 -0.307848871
    0.637895882 1.37505579 -0.124656051 -0.522412896 0.8942433
    0.366830945 -0.343458086 1.57154691 0.036811471 0.982165635
    1.02832413 0.396520793 0.800522447 -0.526426375 0.0739802122
    -0.0811814666 0.893631756 0.70132494 1.10729384 -0.523343086
    0.886030674 0.983178079 1.29978943 -0.208166361 -0.244785041
    1.37877774 -0.190821439 1.02694893 0.304261029 0.504895866
    0.673191488 1.08047557 1.56043816 0.988677263 1.41044378 0.951996922
    1.46625054 -0.131852448 -0.61980319 0.496052027 1.30110717
    1.39557004 1.34027755 1.4153471 0.182162523 -0.346589029
    -0.105133474 -0.323611617 0.403740168 0.0609404445 0.672694027
    -0.607849777 1.33309722 1.6078527 1.43665111 1.15619493 -0.35181731
    -0.350240499 -0.0721150637 0.134209335 1.32113361 0.79506427
    -0.317198873 -0.607315421 0.343645096 0.206655443 1.03245413
    0.0896872878 -0.574107528 0.857951224 1.28060889 -0.0251365304
    0.669427812 0.615743399 0.192954659 0.703977585 -0.28492415
    0.723030448 -0.487545997 0.359114587 1.62211132 1.50695074
    0.184172601 0.278117806 0.69909364 1.36351752 1.67803001 0.98301959
    0.268025786 1.03955555 0.612945497 1.61991107 -0.545218289
    0.63112551 0.629994273 0.0789111257 -0.466849566 1.44224 1.05192304
    0.797344208 -0.288032115 0.980015218 0.89124012 0.503484905
    1.6051091 0.210971594 -0.578430653 -0.598958373 0.764512897
    0.138767481 0.250054717 0.7811836 1.2641623 -0.281594068 1.48564625
    -0.0317698121 0.973907709 0.43664676 0.815584362 0.912459195
    -0.586416423 -0.437108219 0.437945366 0.312191665 0.57046479
    -0.433998108 1.41848707 0.315736294 0.949068129 1.42596793
    -0.000767052174 0.176503479 0.680698812 1.30707979 1.60379648
    0.472288549 1.52918959 0.573918223 -0.0618525743 1.02913928
    1.58056498 0.381696463 0.788842738 -0.00384944677 0.360863507
    0.823993862 1.57361484 0.850124955 1.0917865 0.891769409 1.52927756
    1.30654049 0.588095605 1.55619967 0.982517183 -0.408529997
    0.166033268 -0.581594348 0.743291557 0.00674390793 1.53049111
    0.822463512 -0.37351191 -0.217716932 1.29366267 -0.09245193
    -0.587967575 0.110134363 0.661174834 0.248489439 1.3822403 1.035146
    0.438889086 0.0672893524 0.405822873 0.0390303731 0.345963597
    1.55863404 0.0891439915 0.904480994 0.447557211 -0.0459843278
    1.52015638 -0.133375347 1.43005824 0.409151256 0.858991444
    1.47373295 1.27762783 0.680051029 0.226302922 1.52381682
    -0.343846709 -0.255066752 -0.0115112066 -0.101814032 1.04369807
    1.12091434 -0.195336491 0.910122693 1.51285219 1.32131863
    0.641576648 0.702287853 1.34400654 1.35211182 1.57138062 0.393307805
    1.37579155 1.03524661 0.375928342 0.339053571 0.528919935
    0.334686697 0.161804259 0.99688518 0.725040853 -0.15486151
    1.29902267 0.722439945 0.675823092 -0.123835564 -0.0445580482
    -0.553612888 1.43531001 1.00390255 1.15895116 -0.368990928
    0.400354981 0.310475767 0.928984404 0.416394413 0.964172542
    1.25654793 0.915641725 0.38267076 0.598972738 0.355684578
    0.292939305 0.0745473504 -0.52143389 0.23941654 -0.0922052562
    1.4397223 0.658618391 1.21317065 -0.155264705 0.659206569 1.48520184
    -0.10289824 -0.167071939 0.182599664 1.54174984 0.208465874
    1.29680395 0.47420156 -0.203240335 1.43517125 1.28058386 0.35911411
    0.415708125 -0.187118709 -0.480513722 0.364327788 0.307856679
    0.315172672 1.55249894 1.48541427 1.18981576 0.653321803 0.709163666
    0.759729385 1.19794011 -0.411012173 -0.199008435 -0.0463045835
    1.40812826 0.588725388 0.677542031 0.308295369 0.1568923
    -0.558308125 1.11471057 1.36740756 0.371170044 1.46221495 1.05260885
    -0.208980411 0.73032254 1.10493064 0.14439106 1.42947531 1.48888123
    0.491914809 1.25139356 1.46779752 0.0715894103 -0.165395796
    -0.221900612 0.924361765 0.672680795 1.33281016 -0.461945295
    0.869127512 -0.0995852351 0.841360629 -0.206249565 -0.48107776
    0.953841746 -0.204577923 1.63691735 -0.415585756 -0.42446214
    1.18502247 0.0449707508 0.843749523 0.679245412 0.235427856
    0.778724492 0.511591673 -0.130342782 0.102324724 0.370847821
    -0.192054331 -0.123326957 1.5296526 1.55141771 0.229617238
    0.768209457 0.870766044 0.0441002846 1.35394382 0.623768806
    0.949740589 0.445236325 0.840670943 0.159233421 0.726593912
    0.0246190131 1.16364098 -0.0121553838 0.604943812 0.564569712
    1.41375971 0.041194737 1.48078346 -0.407533318 0.820763111 0.6650033
    1.25571883 1.40512478 1.36241817 1.20112634 1.58415914 0.962688804
    0.925721526 1.22220993 -0.258388996 -0.193719566 -0.0812850595
    -0.249357939 0.490059435 0.823078871 0.289400458 1.46362674
    0.872211695 1.0020752 1.52810681 -0.399025977 0.532365203
    0.831581414 -0.543887854 1.40215039 -0.58255136 1.54008114
    1.28410268 1.48094141 0.882018924 1.16273713 -0.311447978 1.61294305
    0.460624158 0.477023423 1.23726642 -0.356754333 1.26297474
    -0.224644214 -0.375745028 -0.43858251 0.448309124 1.07684898
    0.192195356 -0.264677316 0.288861871 0.849756539 0.119262397
    0.681209028 -0.275833905 0.0845814943 1.4614222 0.837687433
    0.771457314 0.00708264112 1.37667394 0.877971113 0.134212554
    1.57106781 0.0516192317 1.10891604 -0.390942514 -0.28979069
    -0.211426765 -0.146585464 1.40467763 1.38464832 1.23403013
    0.303641021 0.666110158 -0.24259156 -0.0145871639 1.16054463
    -0.175940007 -0.61908263 0.774960756 0.0873335004 -0.441369504
    1.25103354 0.0679405928 0.542621076 1.42363 -0.10034889 0.0569078922
    0.753443122 0.0923939347 -0.509379566 0.502278984 -0.0160390139
    0.632368267 1.50910807 1.27544391 0.557280719 0.911957324
    0.962153018 0.763073504 0.206734955 0.841131449 0.937774897
    1.46872401 -0.267914891 0.0859717727 0.44279629 0.853366852
    0.34976548 0.548973143 -0.587013602 0.807683706 1.08938479
    0.210782826 0.878096998 1.4708271 -0.0167479515 -0.020676136
    0.124610007 0.797074497 0.238216579 0.867514193 1.21531534
    1.51268494 -0.495463729 -0.45878458 0.606954336 -0.608198225
    1.60088277 -0.468410462 1.10793746 0.569956243 0.142781973
    -0.0588250756 0.456110179 1.21734107 0.0239962339 -0.443893433
    0.273593605 1.46487582 0.0613348484 0.677982092 -0.570892096
    -0.412335753 0.832304239 0.986245692 1.53620744 0.642276347
    0.17532289 1.49068201 1.58631563 1.27999043 0.791560709 -0.396476209
    0.824498892 -0.373250127 -0.0357143283 1.05906975 0.23730588
    -0.371316314 0.303150833 -0.506643772 -0.162567049 0.443452418
    0.128515124 0.117286086 -0.50529325 -0.356186509 0.347228944
    1.03183854 -0.386395931 -0.0376764536 -0.124248862 1.00324881
    0.288621783 1.21830654 -0.0821500421 0.0963186622 0.261459708
    0.935853839 0.88342315 0.329548538 0.0897547007 0.299328625
    -0.0919439197 0.917093694 -0.458804429 1.60100985 -0.26461938
    0.900401354 -0.0732671618 -0.261528224 -0.581095695 0.25264138
    0.593212247 1.24262238 1.07693267 0.530144393 0.275566936 1.4782877
    0.824888587 0.817224562 1.15164125 1.21894526 1.31452155
    -0.259153754 0.170954704 -0.21659565 1.3220427 0.659893036
    0.112375319 0.668765008 1.12810254 -0.105412543 0.240512609
    0.526622951 0.189361274 0.96826762 -0.0299140811 -0.227511019
    -0.394171327 1.59752429 1.35779428 0.998799443 1.03160429
    0.528187275 1.17458093 1.62141132 0.764904737 0.618302166
    -0.171595544 -0.0337490439 -0.532644033 0.780336916 0.810023785
    1.54333305 0.893404663 -0.0148608685 -0.552844524 1.13362718
    1.14978135 0.86949724 -0.138760626 -0.524105728 0.374469757
    0.824403524 -0.313361734 1.10334253 0.0886996686 0.236488223
    1.18788409 1.03273916 1.31347311 1.34617186 1.45517755 0.939105392
    1.49314868 -0.0665776432 1.37841487 -0.37701124 0.0642364025
    0.674560726 0.0618203282 0.349008381 0.373855829 -0.274956763
    1.20963275 1.38722801 0.446321785 -0.525715113 -0.0767903328
    0.137719452 1.41692591 0.808990121 1.39370656 1.5870229 -0.122997224
    0.653252959 0.884240925 0.316101611 1.04289103 0.234776735
    1.11007738 -0.183357745 0.839116156 0.894375145 1.31104183
    -0.567780733 -0.558126092 1.20657134 0.647955358 -0.602897942
    1.25957441 1.01319182 0.683471024 0.665990472 0.112916946
    -0.0703533888 0.455725193 1.17135048 0.170746803 1.14629495
    0.788299561 1.54058921 -0.228241444 0.961518526 -0.228481889
    0.790088892 0.398244321 -0.463470072 0.272653401 0.0437756777
    -0.480353355 0.0291947126 0.521831512 -0.170118213 0.0397727489
    0.823907137 1.13954341 0.545385838 1.17063773 1.17032802 1.61561441
    1.30209494 1.14608955 1.51418543 1.03880632 -0.574523449
    -0.600375354 1.38487303 1.04219437 -0.175811917 1.2336657
    -0.0962697864 0.100816607 0.516500115 -0.00602632761 0.613775253
    0.474822521 0.623314023 0.422514677 0.9757514 1.60265732 0.945576251
    0.751373589 1.40466368 1.39651251 0.780897141 -0.00907343626
    0.0952379107 1.3396126 0.200725079 0.294895113 0.554349422
    0.860346794 0.59117955 0.886435628 1.16118264 1.3129189 -0.142788351
    0.774672031 -0.171529293 0.924200356 0.670600593 0.548772514
    -0.510140836 0.12813741 0.0934927464 -0.0911776423 -0.359105408
    0.718555093 -0.207588613 0.254386902 0.0653047562 1.59525394
    1.37634182 1.32765675 1.11019254 0.0250704885 1.35451734 1.18538296
    0.152749002 1.05955029 0.250949144 1.42125821 1.57127428 1.00312257
    0.788237333 0.77150023 0.937306583 0.939633846 -0.376975834
    -0.0976651907 1.39992881 0.667482018 -0.130538106 -0.606031835
    -0.259492666 1.43942189 1.16023958 0.300858974 -0.153981447
    -0.336082906 0.480273664 1.50982141 1.46607685 1.40419924
    0.983863652 -0.0155430436 -0.410065979 -0.560010254 0.670837045
    1.49913669 0.488550186 0.894333124 -0.223337114 -0.559572637
    -0.430946767 0.850871742 0.409514844 -0.419762433 0.0586233735
    0.985472441 1.36574912 1.26928365 0.357364297 1.03695917 0.501218259
    0.0796453357 -0.408342302 0.834116876 -0.568126261 0.0131545663
    0.764362812 -0.613413334 0.731020331 0.407618165 0.790801167
    -0.127826035 1.58137298 0.183611691 -0.0235602856 -0.134724408
    0.96021837 1.28878486 0.837258339 1.47625279 -0.0193418264
    0.800368011 -0.382545292 0.651910663 0.897875369 1.02370811
    0.906588972 -0.532925725 1.22505796 0.719211876 -0.288411498
    0.603906929 -0.0858200788 1.13738418 1.26822507 0.542796314
    0.624450088 -0.25208351 1.06593966 -0.127861768 0.880481482
    0.81083864 1.47418094 -0.559586108 0.678975403 1.39923048
    -0.545749724 0.343971431 -0.0521735549 0.410158813 1.22777295
    0.295088828 -0.5444417 -0.0350431204 0.507368982 0.902205825
    -0.271740228 -0.224987686 0.11652565 0.518021166 -0.592030108
    0.810801506 -0.526027918 0.253811896 -0.250193477 0.964077413
    1.53716636 1.39785922 0.461766899 1.43117046 1.4196856 0.539145112
    0.847426116 0.858131826 0.606485188 1.41734409 0.82574898 1.02140975
    0.567505002 0.925779045 1.84970808 0.498992383 0.749400795
    1.26688838 1.78800523 -0.478638858 0.413237154 0.366649985
    0.278517723 1.4739958 1.09801793 -0.18627575 -0.486044943
    0.0972962379 0.305453777 1.16071153 0.247781634 1.447088
    -0.539922059 0.00980758667 -0.468548179 0.191271544 -0.133075505
    -0.214887112 1.07397211 1.30475235 1.13240075 -0.607306659
    0.507633567 0.0547907948 1.53081059 -0.0523867011 0.720849931
    0.687854528 0.785484433 0.590167284 0.781340599 1.15297639
    -0.537334025 1.55580807 -0.503142953 -0.578389883 0.114918828
    -0.0545890331 -0.311778486 0.102273941 -0.53224802 -0.41079098
    0.143743098 1.38453114 0.371599495 -0.352934122 0.432745099
    0.425027847 1.50840282 1.23827362 1.44792032 0.56370461 0.901741743
    0.765876472 0.867004871 -0.60681808 0.0300875306 0.338660181
    1.244102 0.173673093 0.0262666941 1.5122149 -0.203505933
    -0.488039732 0.765530884 0.271087885 1.0572437 0.809820175
    0.688459694 -0.519904792 0.943891764 0.15369761 0.866327703
    1.02446437 0.375419676 0.0547744036 0.354311764 0.950479627
    1.61828351 0.754502058 1.19696784 -0.589967072 1.34361756
    -0.58332938 -0.180384994 -0.306731135 1.33527851 1.11412239
    0.640582442 0.362145245 -0.365608871 -0.231691122 1.22127557
    0.709503114 1.53047967 -0.114257276 1.34710872 1.03089833
    0.687148929 -0.230209708 -0.525363147 1.25988913 1.17382801
    0.815315306 -0.0496281385 1.48096764 0.915578425 -0.375331312
    0.991333365 -0.138491392 1.25004804 0.810011744 0.473403633
    1.44556427 1.25362301 -0.045948267 1.1574887 1.54525161 -0.246750355
    -0.524648905 0.658230364 0.172117293 0.720732033 1.40804386
    -0.492723286 0.743479908 -0.386541635 0.523026764 0.787886977
    0.374362528 -0.287424296 -0.0816255212 0.860982716 -0.0333455801
    -0.413911104 0.248451948 1.34481931 0.036536634 1.41776764
    0.55119431 -0.147126019 -0.422249913 -0.271163881 1.02438235
    -0.203964949 0.346466243 1.56989908 0.54382813 -0.165993899
    0.274703741 -0.0985780358 1.15104032 1.23340797 1.18356967
    0.918144226 -0.322332948 -0.32395339 0.757478416 0.79964155
    1.22621942 -0.404663146 0.0447580814 0.14255923 1.22938633
    0.358404994 0.747803569 0.601762414 -0.477864742 -0.133080214
    -0.240420192 -0.158732474 0.118180454 0.478198409 0.999911726
    0.55445236 1.43783724 0.0237935185 -0.00735878944 0.842186153
    0.890740395 1.21116138 1.26919103 0.713917911 1.06705856 1.0082233
    0.277130246 1.07163548 -0.00880497694 0.667801738 -0.0315931439
    0.395140171 0.929339051 0.56204766 0.42974323 0.719213009
    -0.173059523 0.107657492 0.37972033 1.05417371 0.454183042
    1.27999496 0.407880008 -0.109701633 1.15523791 0.164697826
    -0.406976759 -0.00310999155 1.27602434 -0.314361662 -0.107256144
    0.278184414 0.522145092 0.81911093 0.533278644 1.24074233
    -0.429468781 -0.388369411 0.20736444 0.0372101665 -0.143818706
    0.446088552 1.15514803 0.216630161 -0.0629837513 0.357862532
    1.31823516 1.26880169 0.599750042 1.20432019 0.19896704 1.23574615
    0.807351947 0.189931273 0.355085373 0.898447812 0.691310346
    1.44469953 1.15629315 0.858879328 0.967896402 -0.263884932
    1.32952595 1.57175326 0.848807752 -0.0499178767 1.6367588 1.19033587
    -0.254862845 1.80557632 1.60319281 -0.160748452 0.183725744
    1.81428194 1.10221982 1.47306311 -0.0202397108 -0.403208196
    0.695830405 -0.458039582 0.381128907 1.396698 1.22084045 1.58256292
    0.701987624 -0.582828939 1.39115775 0.754578531 1.32185113
    1.46048033 0.229863107 0.704571545 0.598969758 1.45265532
    -0.511170983 0.874498427 0.6962744 1.38916659 0.66734302 0.413894653
    -0.142296195 1.25386643 0.946044147 1.24749887 1.0423789 0.782273352
    -0.227134377 0.157897055 1.03893912 1.13272882 -0.432917297
    -0.122203708 -0.575296938 -0.0867429376 -0.468644977 0.0083501339
    0.62794292 0.211453259 1.27714682 1.28845406 -0.470828682 1.30982375
    1.08341002 1.15694046 1.16863751 -0.109416664 -0.600280344
    -0.559057236 1.32495856 -0.277178347 1.04600477 1.46002948
    0.0455457568 1.32855105 -0.538922548 1.5484345 0.903765082
    0.640006483 1.12425494 -0.546692729 0.756273925 -0.184080631
    -0.0628869534 0.205801308 1.55786085 0.67448616 1.09228992
    1.35400486 0.451602578 -0.400674522 -0.491135836 1.35586202
    0.537899077 0.472119927 1.14356518 0.769191623 0.578020453
    0.969169736 0.88400805 1.57769597 -0.169612467 0.454190135
    -0.366913021 0.0455737114 0.397575319 0.0791035295 1.13271165
    0.341631174 0.234549403 -0.275972575 1.14375591 0.909368932
    -0.433501512 0.927035928 0.950995684 0.0640872121 -0.574289978
    -0.558861494 0.773021877 -0.229290545 0.21273452 -0.149756908
    -0.458201081 1.19426847 1.43209898 -0.430444211 -0.574120283
    0.267305136 0.923716545 -0.495680034 -0.409081906 -0.544669867
    -0.015430212 0.915534496 -0.527390301 1.1511066 1.36833858
    -0.205209285 0.345601201 -0.278947711 0.524756134 0.0206393003
    0.313291132 0.0390350223 1.39609504 1.18003154 -0.368122131
    0.0841876268 0.290279031 0.81150341 0.110961139 -0.49873203
    0.135729671 0.166402578 1.35061693 -0.325483322 -0.627126873
    1.35414231 0.0237402916 0.642660677 0.610628664 0.846632063
    1.41516495 0.439323723 0.394503832 0.516264558 0.458213806
    0.00604784489 0.770982504 1.13682461 1.41819417 1.22979701 1.4794507
    0.357024252 1.43330443 -0.3968485 -0.114233732 -0.366659909
    1.31458938 0.438995242 -0.385299891 0.0307043791 0.791941464
    -0.159975171 0.685359061 0.721837223 0.544901967 -0.287512541
    0.717638075 -0.0902742147 -0.240322948 1.2667253 1.46710682
    1.5306921 0.174177706 -0.0537182689 -0.614399135 -0.415543258
    1.40837049 -0.332960308 -0.0916840434 -0.457100332 0.496782184
    0.69906795 -0.0225434899 1.21464062 0.916042805 1.26705635
    1.44893718 0.921108127 0.201875746 0.459429681 -0.40178144
    -0.0865086317 0.306673348 0.099420011 0.970580876 0.122347713
    0.980332434 1.11695194 0.186558187 0.114030659 0.443959713
    1.53933549 -0.498226047 -0.036457777 0.422098041 0.821832716
    0.80003041 -0.163213849 0.253151 -0.098426342 -0.240606427
    0.943802774 1.11725593 0.831083477 -0.190775514 0.281241834
    -0.0494369864 1.22601795 -0.559019506 1.64611268 1.00972664
    0.248751819 0.891079128 0.569834828 -0.257640719 -0.365348041
    -0.480895102 1.12952781 -0.0724798441 1.37131202 1.46717286
    0.372487307 1.54315794 0.296571851 -0.372791469 1.00655758
    0.125706196 -0.219216287 -0.0138267875 1.69070685 0.796631992
    1.16272378 0.810547531 0.807510674 1.09706008 0.285739005
    0.231283426 1.3099227 1.3479507 0.324862927 0.386953294 1.37547827
    -0.0845787823 0.372890532 -0.364069045 0.93821907 -0.100710869
    0.701301277 0.746749163 1.34174943 0.0576246977 -0.361063629
    0.161367536 1.57715392 -0.379221857 1.56668556 1.12994897 1.55753767
    1.44110775 1.59521246 0.251221776 -0.409618169 -0.591869354
    0.581729949 0.709476769 0.808313251 1.31000423 -0.54815203
    0.584805965 -0.270712823 1.59299469 0.859705985 0.431705356
    1.42947865 1.175313 -0.104386687 1.16229773 0.311169028
    -0.0806275606 0.257078588 1.37514997 1.06170845 0.901571035
    -0.531488776 1.49930716 -0.115767241 -0.38413161 1.34282839
    1.05391037 1.00849843 -0.393240422 0.204466224 -0.184160143
    -0.571847856 0.987114429 0.628717303 0.0593496561 -0.0929467678
    -0.0851485729 -0.542734027 -0.22669521 -0.233642429 -0.0244449377
    0.947966576 -0.594239712 0.850421965 0.814412713 0.758763254
    1.1718992 0.878174722 -0.150661856 1.201334 1.49968719 1.47893131
    0.0491435528 0.145874381 0.902946055 0.874923944 1.25705576
    0.284371495 -0.261200041 0.413996577 1.51951694 0.144280851
    0.103312254 -0.0435576439 0.26921469 0.286336124 0.430828452
    -0.204815567 1.47455549 0.913022339 0.0408130288 -0.0943279266
    -0.383039057 0.825921416 0.287863493 -0.418729544 -0.00194817781
    -0.169898063 -0.508877158 -0.271332264 -0.518289566 0.611852169
    -0.241438955 -0.111207008 -0.104303122 1.50645363 -0.34163323
    -0.208675057 -0.1134184 0.139362454 -0.261250436 -0.339084566
    -0.612466633 0.778420329 0.861172616 0.454550683 -0.393454969
    -0.539224327 0.120333076 0.0155546069 -0.415987611 0.100948095
    0.945580721 1.59882259 0.357518971 0.0922586918 0.810222328
    -0.357840031 0.498776615 -0.509128034 1.27862465 0.986742556
    0.152731001 0.502891243 0.603479266 1.17638469 0.763136446
    -0.268032789 1.47951007 1.36691129 -0.265543997 0.966678381
    0.851022243 -0.0935347676 0.489691496 -0.101683378 0.970084965
    -0.422779769 1.40031576 1.3351171 0.221815348 -0.53555721
    -0.408804268 0.0158744454 1.49902129 1.60449529 0.975589573
    1.43349123 1.43037772 0.239131927 1.26534343 0.358892143 0.251767337
    0.526304722 0.73112011 1.25371516 0.716913402 0.0284354091
    -0.391843051 0.551218212 -0.346470952 -0.3004646 0.471989036
    -0.24488607 1.36472964 -0.0953649879 1.10018849 0.374356151
    0.812526345 0.16075325 0.323532999 0.833961487 1.02042186
    0.342618048 -0.161440492 -0.184052527 0.57912606 -0.267768025
    1.27588058 -0.308792561 1.05232096 0.302344203 1.16128445
    -0.0150470734 1.51996064 0.293392599 0.533344209 0.173045218
    -0.527986288 0.370992303 -0.392230511 1.26057732 0.257221937
    0.399945736 0.277968109 0.475724995 0.746527314 0.191918969
    0.411709845 -0.290381372 1.04507494 -0.408916056 1.61776233
    0.752035677 0.559785008 0.314243197 0.431556821 -0.478322327
    -0.368626475 -0.341595948 0.0594180226 1.04543829 -0.324089527
    -0.114600241 0.689062059 1.20270443 -0.126698703 -0.43560949
    0.581453681 1.22516191 -0.541310966 -0.108493984 1.31893122
    1.08913374 1.19599509 -0.0117368698 -0.20077008 0.148342788
    0.0984618664 -0.456681937 -0.161443055 1.44744253 1.27315772
    -0.381757081 0.572590888 1.11141777 0.461524874 1.1812377 1.73272252
    0.727360547 1.1518122 -0.295784444 1.39366293 1.21220982 1.66999722
    1.38193774 0.00690567493 -0.262108147 -0.53120327 0.445121408
    -0.0948183537 1.31664014 -0.420935571 1.012568 -0.251021534
    0.656598806 -0.328923494 0.805194974 0.606623292 0.809456825
    0.458032191 1.49918616 -0.110474408 1.12529469 1.11323941
    0.668278217 0.951913774 1.26227772 0.814927876 0.522580981
    -0.11682117 -0.207898974 0.621091068 0.539260089 -0.204468399
    1.61240625 1.48513734 1.13079011 0.341525555 -0.0569473505
    0.590294182 0.0819348097 1.26253891 1.53124595 0.0410180092
    -0.133303046 1.18035698 0.844132543 -0.207595587 1.37461829
    0.540917337 0.993391335 1.24744964 -0.499687076 0.405785859
    0.587136865 0.731642783 0.625139177 0.270939887 1.30150962
    -0.301246762 0.837775171 -0.353590339 0.866388083 0.559894145
    -0.470100611 0.864562035 -0.236509621 0.622575104 0.00753176212
    -0.377935469 0.145203412 1.07272398 0.21237421 0.228886008
    1.60062003 1.50485086 -0.341881722 0.261928678 0.934947491
    0.850659966 0.837309599 0.809656203 -0.189519018 0.423504949
    -0.197013229 -0.313960642 -0.0669296384 1.09890962 -0.335862726
    0.16994983 0.237723172 -0.189967543 -0.182885319 1.41181624
    1.52364063 0.0206465125 1.16743028 0.943886399 0.123960495 1.4365989
    -0.606567025 -0.325935572 1.44761407 1.08025217 1.35975575
    0.456896067 1.3198663 0.330457687 0.191458464 0.613722861
    0.789486885 0.48423034 0.342523694 1.61516011 1.4265039 0.156012058
    1.36896443 -0.272137225 -0.0230083466 0.591435134 0.124774039
    0.342181563 0.417920709 0.616708755 0.143276334 1.53677058
    -0.398757488 1.28363943 0.6176458 0.0380570292 0.675328851
    0.156594872 0.511759877 0.332498193 0.472540319 1.04083228 1.0526123
    -0.520665228 0.0115168691 1.31771076 1.09959722 1.39055455
    0.933693528 0.790583313 0.277162135 0.282813668 1.1026516
    -0.192529142 -0.18828541 0.207736373 0.221102655 1.60088205
    0.591304183 0.320178807 -0.479603589 -0.119015336 0.660863519
    1.37290287 0.268437624 -0.553307176 0.38212198 -0.190926194
    -0.136610836 1.65668464 -0.185837775 -0.317444921 0.407933712
    -0.264468789 -0.220448017 0.786852181 0.622735083 0.827604055
    0.00582695007 1.08551896 1.61082268 1.3900131 0.602590621 0.3793571
    1.10553503 0.733246326 -0.139621049 1.19519258 0.205406845
    0.828349769 0.357729435 0.762429118 1.19965792 0.00487947464
    0.927405 -0.410237193 -0.465372384 0.311571538 0.420876145
    0.305826843 1.37415814 1.60448623 -0.128826797 1.59670091
    -0.326598823 0.90552634 1.22262073 0.313958287 0.131008685
    1.43806291 0.101601303 0.975901127 1.36672974 1.51494265 0.167846859
    0.789441288 -0.570598662 0.092784524 -0.0102382302 0.805006504
    0.704818249 0.515378773 -0.544693708 -0.131855369 1.03537345
    0.252775669 0.2491436 0.109079659 0.379974246 -0.289067447
    0.0339987874 1.0841279 1.43868566 0.737115264 0.254012764
    -0.325797856 0.040220201 1.51484621 -0.0696392655 0.238781333
    -0.184524775 0.571833551 0.369826138 1.25631523 1.31558514
    -0.173414767 0.128969908 -0.222984135 0.971930563 -0.377745271
    0.016544342 0.818119466 0.447521448 -0.216155648 1.02672076
    1.0971638 0.828269362 1.62167144 1.43580532 0.0675704181
    0.0957280397 1.86575747 1.78125739 1.54688931 0.185307443
    0.875659347 -0.0598365366 0.219676614 1.50092626 1.06612992
    1.51264024 -0.144935101 0.474905849 -0.570087612 1.4174304
    -0.452990234 -0.297326505 -0.54590565 0.0762264132 -0.0586178899
    0.277920663 -0.329975247 -0.602511048 -0.361668676 0.912754178
    0.229029298 0.0791946054 0.946593821 -0.0375989079 0.24776566
    -0.509679317 -0.155355394 0.268792391 0.181716442 -0.181399256
    0.349195182 -0.335519224 -0.337972522 1.16017854 0.0828418136
    0.970522463 -0.53048563 0.535702646 -0.341668963 -0.0387901664
    -0.259363055 0.405462503 -0.148080558 0.9508937 -0.075106442
    1.48061383 0.467741132 0.321323216 -0.155087948 -0.00943177938
    -0.401515663 1.53009164 -0.499727726 1.30804968 1.04686427
    0.829899967 0.284404755 1.39705813 -0.339871705 1.06834936
    0.769032001 1.42584968 -0.25891161 0.859152973 -0.379714906
    1.27638841 0.53952229 1.37724936 0.0250708461 0.370189846 1.34151351
    0.582130134 -0.384894311 0.891246378 0.784381092 0.495582283
    1.34844971 0.291874409 1.2967236 1.34804893 1.51106393 1.26111817
    0.686618447 -0.188243747 1.34489846 0.887710214 0.308898568
    0.755184829 -0.470826119 -0.483021766 1.30735564 -0.510898352
    -0.321584493 1.15092421 0.410346627 -0.113340884 0.905625582
    0.643977463 -0.290586889 -0.195646822 0.296754599 0.472537994
    0.510899842 -0.115523458 1.2675705 0.920933366 0.0956740975
    0.881636977 1.40506613 0.349336028 0.947448671 0.726323545
    0.84060818 1.04258883 -0.0080062151 -0.611013532 1.20783103
    -0.173587382 -0.54659158 1.48797202 0.728378594 -0.341922462
    0.599793673 0.63700974 0.942430913 1.44235086 1.06475246 0.92506206
    -0.0488052368 0.951604068 -0.0728758574 0.734060228 0.937370658
    0.607435465 0.493610978 -0.617813587 0.457966864 0.570722818
    0.412045479 1.44150269 0.0771793127 0.610923409 -0.454467416
    -0.158272952 0.389849663 0.099442482 -0.596056402 0.605741382
    -0.249507725 0.831362724 -0.575710893 1.54726088 1.15865183
    0.28616035 1.16798592 -0.349935949 -0.0946455002 -0.376283407
    0.981329679 1.00974941 -0.00730925798 -0.104596198 0.374133825
    1.1930908 0.439039111 1.06958282 0.86214298 -0.329330862 0.515081882
    -0.523913801 1.45260167 -0.32140255 1.59986341 0.374177575
    0.720614493 0.142706215 0.296258867 0.834184468 0.148900568
    1.42998219 1.2952795 -0.602460206 1.25040364 0.00529968739
    0.0546041727 0.617452741 0.804965734 1.51362443 0.0744847059
    0.512037635 -0.235795856 -0.0865510702 0.141101539 -0.131023139
    1.31734896 1.44416893 0.895473003 -0.411309451 0.853683472
    -0.235427082 -0.243251085 1.1886996 0.995848954 0.973363936
    0.62020421 -0.171806931 -0.340165645 0.756664693 -0.266575724
    0.241330743 1.48753846 1.34586799 1.22180557 -0.302893043 1.18626988
    0.440786779 1.62646794 1.43860173 1.3839469 -0.290887266 0.125608444
    1.02393126 -0.475420475 1.02292585 1.07620025 -0.145082235
    1.59028983 1.52752435 0.419082701 -0.482217282 1.38636351
    -0.576761007 1.10540414 -0.514985442 1.20345783 0.954042792
    1.43954968 1.53879714 1.03660893 -0.177712262 0.803848684 1.5937196
    -0.403046489 1.08079565 1.4660008 1.58974266 1.00218129 -0.107997745
    0.787391067 1.02671266 0.285511792 1.5495944 0.445096761 0.696837783
    1.27663565 0.527025938 0.462818593 0.984900713 -0.00708824396
    -0.564936697 0.308228612 0.922003865 1.56393385 -0.0573635697
    0.0584032536 0.799324572 1.08809257 0.761975825 1.54914653
    1.33675146 -0.364167541 0.538514495 -0.256812066 1.00304651
    0.218710005 -0.547004104 1.03163218 0.344729185 1.49563718
    -0.553629518 0.236434579 0.684973538 1.33738971 -0.563676298
    0.763714194 1.46399808 0.440144181 1.14413786 0.501429439
    0.451191306 -0.425557852 1.61230898 0.864407659 -0.538034379
    1.37461019 0.57331121 1.24487746 0.760709345 0.237841785 0.168884158
    0.962519646 1.30502558 -0.202782631 0.0941938162 0.681361318
    0.255968988 -0.0191723108 1.31149936 0.473799407 -0.127157658
    -0.398067713 0.613632858 0.162809432 -0.345773816 0.829924047
    1.46875811 -0.409402758 0.476832747 0.425050914 1.2935456 1.37981749
    -0.215278357 0.949701905 0.76264739 -0.478943855 1.09858584
    1.52135491 -0.606230438 -0.334549516 0.525330722 1.05616307
    1.5656147 1.37539935 -0.0558624864 1.50077653 0.0918103456
    0.51019752 -0.10554558 0.434912801 -0.454414785 -0.0978141427
    0.86205101 0.958057106 0.353770971 1.57642865 1.25384247
    0.0800047517 -0.0924421549 1.07866788 0.484775305 0.00549566746
    -0.388312936 -0.465370893 0.630097449 -0.394156396 1.46807003
    0.970695972 -0.34045881 0.0444788337 0.493706286 0.0753602386
    -0.312098026 0.984254241 0.623047948 0.754663229 -0.477008432
    0.157348216 0.766729772 1.46148109 0.28598249 1.41935992 0.5599792
    1.30999303 -0.29486236 -0.036965549 -0.581713617 0.828930259
    0.0900319219 0.822554231 0.488638878 0.847365141 0.389438331
    0.370371282 0.249374926 0.503698647 0.620425105 0.538330913
    -0.582870066 0.559876144 1.5393703 -0.435294867 -0.149077863
    0.118058622 0.0922983289 1.30522084 0.869747043 1.23450291
    1.24225342 1.49841022 0.322386861 0.0194572806 -0.153384387
    1.44628811 -0.577652216 -0.0169959664 -0.0151441097 0.946506798
    0.290694118 -0.316281796 0.413779557 0.0683167577 0.624973774
    -0.400790632 -0.537941337 0.173836708 0.0422636867 -0.221762449
    -0.230167389 1.11348093 0.192759931 1.48212314 1.09341598
    0.973849177 0.856435239 1.45420587 0.467981875 0.63864553 1.60199046
    0.248495281 0.983439803 1.30717301 0.760368228 -0.349021435
    0.586020231 0.739186704 0.707170248 -0.342367768 1.14934933
    0.40473479 1.40013206 1.32474959 0.717977881 0.289140522 0.635003448
    0.521963954 0.838159144 1.45797348 0.424934328 1.06929719
    -0.322502941 0.0655137897 -0.107568264 0.780884683 -0.0461654663
    0.222653508 -0.16259861 -0.420454323 0.324064314 0.0675138831
    0.183819115 0.573532999 -0.0384013057 -0.0445665717 -0.107900083
    1.18435502 0.49057889 -0.321530551 1.54379213 0.0356155038
    -0.474062115 1.47997403 0.420719445 0.890325725 0.36260134
    0.861460865 0.818734825 0.971775115 -0.0261401534 0.983087718
    1.17515182 1.249084 1.20066345 1.10731983 0.954427302 1.21607184
    1.50559831 1.39504242 1.59984207 0.309554935 -0.590559483 1.23302984
    0.306571603 -0.317070723 -0.0514678359 0.979108453 0.69858259
    -0.353212297 0.234997153 0.702631831 -0.605619729 -0.207282096
    -0.437303126 1.54037261 0.451058537 0.476964742 0.508282959
    0.698166013 -0.148067251 0.316139251 -0.322004914 0.686830819
    0.969174743 -0.376601547 0.940648437 0.0446109772 -0.53085506
    0.721766233 0.99507767 0.824078262 0.331080437 1.26879907 0.64770484
    0.438688636 1.35060692 0.416851223 0.396222889 -0.562987566
    -0.535348296 -0.00642693043 0.449670255 0.55649668 -0.0312242508
    0.879954159 0.853732646 1.25249279 0.7439183 -0.354929477 1.19600534
    0.29247421 -0.534616947 -0.600710094 1.1311053 0.292739153
    0.788045406 -0.246043622 1.45770288 0.977520645 1.03817201
    -0.269756913 0.892999828 1.08026505 -0.175303847 0.951964438
    -0.548427045 0.510167301 0.0742672086 0.739364266 0.43683368
    0.0812019706 -0.260900587 1.436517 0.72869283 -0.0453588963
    0.118571579 0.68840456 -0.280823916 -0.15435195 0.41533649
    1.28121758 0.576129794 0.973285437 0.207758129 1.12249768 0.18269676
    -0.114967316 -0.444109291 1.18811727 -0.289434582 1.32073975
    1.53708208 -0.558036566 -0.544580579 0.667402506 -0.106687427
    0.0271065235 -0.0928117037 -0.0794428587 1.1398325 -0.0853613019
    0.554352641 -0.203229964 -0.424081594 0.502300739 0.294613898
    0.59349829 0.312266588 0.522212446 -0.0768059492 -0.52170521
    1.17277968 1.50773787 1.27625656 0.00055372715 0.54344523
    -0.436899543 -0.0191166401 0.335339904 1.371773 1.28507423 1.3614918
    1.03199792 1.4658649 1.55842721 1.59045053 -0.026827991 0.419755816
    -0.394356906 1.61801589 1.52522707 -0.575521648 -0.571997702
    1.37861872 0.891295612 0.666385233 0.0900335908 1.12867892
    0.399512947 0.36928004 1.4142344 -0.186415523 0.0105623603
    0.356488764 -0.412493467 1.20107603 0.49621582 0.00862526894
    0.231457472 -0.00996977091 0.73757565 0.467551529 0.756323457
    1.2262274 -0.373116434 0.219111681 0.999163508 1.42391849
    0.507128775 -0.308669508 1.30455828 0.517888069 0.949198723
    1.35548913 0.246174395 -0.124217391 1.55966687 0.494470537
    -0.319167286 -0.352606505 0.654763997 1.33955622 -0.545144796
    -0.550937653 0.747986615 0.690624475 -0.257190108 1.500278
    1.32287621 -0.410417557 0.249526918 0.762689948 0.2081545
    -0.296031415 -0.403980255 0.923433244 1.27399111 0.769529402
    1.18819702 -0.0440476537 0.61351347 1.40020216 0.470695555
    0.55621779 0.353152812 0.715939999 0.174593627 0.267380655
    1.30947042 0.538475811 -0.55260849 0.688789546 -0.320128679
    -0.485849202 0.715564072 1.57582951 0.609870076 1.24541259
    1.15319514 -0.371578813 -0.564730227 0.51043582 -0.0600681305
    0.441235423 0.771187723 0.855754673 0.25428319 -0.343748122
    1.4852798 0.271627367 1.2109797 -0.348278493 1.58338237 -0.463802606
    1.2604965 -0.112209797 0.45490098 -0.550106943 0.325480342
    0.964701116 0.0783254504 -0.316821605 -0.420115232 0.508331835
    -0.396231949 1.14090252 -0.583223343 0.208488047 1.13929725
    -0.429386288 0.86671114 -0.13247183 0.93687278 0.515372276
    -0.394237489 -0.222830564 0.479082882 0.517556906 -0.520311356
    1.2371676 1.01023626 -0.446821153 -0.19467172 0.95228219 1.08087254
    0.152911365 0.464723945 1.5402081 0.0150786042 -0.315980613
    0.215637982 -0.0262801051 -0.250949621 0.950851381 0.167761385
    -0.199942619 1.28226447 1.15765452 1.32208467 0.242022157 1.37616205
    0.525640249 1.59962296 0.233934373 0.962426186 1.76901817
    0.973452806 0.41873154 1.06440604 0.806604266 1.03313184 0.430884778
    -0.465717047 -0.0870524943 0.961586654 1.0155257 -0.361407697
    1.13895106 -0.162332833 0.218068004 -0.386736631 -0.228148848
    1.02789545 1.61076844 0.479674876 0.853380024 1.18144393 1.47426224
    -0.0471763611 1.1230334 0.6826244 0.725262105 0.289640248
    0.290726304 -0.568232656 -0.206482798 -0.058078289 -0.023981452
    0.598636925 -0.450446874 1.03985715 -0.0843116045 1.17107069
    1.41334271 0.789881289 1.40712547 0.589856803 0.430696189
    0.387140572 0.91282022 1.01313281 -0.575706065 0.600373745
    1.53295326 0.54289031 1.47014499 0.461457551 -0.528253615
    -0.352677643 0.14676404 1.41140664 0.0551241636 1.39980364
    0.809618771 1.14118075 0.285936117 1.18239665 1.44990706 0.485688984
    -0.0905837417 1.22012806 0.430207014 0.885039687 -0.231667399
    1.29544473 0.105882108 -0.0794224143 0.76582557 0.36246103
    0.425537527 0.680668175 -0.489838064 0.552269101 1.29626226
    -0.254034877 0.279096603 -0.279358566 -0.0823578238 -0.317685246
    0.490702152 0.609799266 0.37147367 1.08027399 1.3721211 0.211949587
    0.0160357356 0.0227593184 1.07116985 1.00408769 -0.529213727
    0.052264452 1.34087813 -0.446276814 0.431591034 1.32682085
    0.910696983 0.926295519 1.13282752 0.122200906 0.365151644
    1.45732903 -0.537330151 -0.0889251232 0.774821103 -0.341658622
    -0.0459902287 1.32684803 0.77639389 1.62720442 0.819821 -0.511181295
    0.4046188 0.71015811 1.25689673 1.52060747 1.42983818 1.4762373
    1.2498343 -0.537525296 1.16001785 1.24666405 0.57228452 1.57008958
    0.840449452 0.732744932 0.00819557905 -0.445748031 -0.108945608
    1.07592428 1.16979504 0.105550826 -0.0940006375 1.29756308 1.5317049
    0.646351814 -0.166627854 1.12526608 1.55418611 0.590092123
    -0.531905174 -0.146887392 0.832490206 0.0897996426 1.30767417
    -0.431993902 0.194346488 1.05319512 -0.0649505854 0.535855472
    0.809318781 1.47056627 -0.10478127 -0.392057359 -0.0224247575
    1.56872439 -0.34146446 1.60624909 -0.53557831 1.5971446 0.0940842032
    0.677852869 -0.212422699 -0.256909251 1.38988709 1.12463713
    1.53472376 0.588887751 1.45495987 -0.0906810164 -0.302569509
    1.28004134 1.20106125 -0.100137055 0.516664505 0.259118676
    0.477128804 1.07576835 0.259937465 1.56225395 1.56851935 1.11563182
    0.608980358 1.20124543 -0.254399717 1.14485931 0.670626402
    0.122151852 0.983163595 1.41335261 -0.409016579 0.982330501
    -0.511203468 0.620933294 1.02607012 0.140886128 -0.495355368
    0.892677367 0.430376947 1.47153425 -0.0698083639 0.911072373
    -0.40735966 0.686304152 1.44042897 0.364823341 0.440574229
    0.78853476 1.44388509 0.232090652 0.757923424 0.0999094248
    1.08979738 1.53423214 -0.413645506 0.616152883 0.945646286
    1.53462744 1.16457188 1.34700131 0.442946494 -0.0167890191
    -0.501533866 0.465314448 -0.22783494 0.766730666 -0.0208946466
    -0.363705933 -0.515644491 -0.199033111 0.733203351 -0.290145189
    -0.171465129 0.807629287 0.725604355 -0.186340302 -0.584205389
    1.38849592 -0.33621487 1.23427963 0.0166839361 -0.548868656
    0.613011718 1.12310815 -0.553885221 0.0751731992 0.486216903
    1.54516602 0.804936528 0.172501028 0.952210248 0.346381545
    0.218951315 0.41416198 0.676955462 0.628742576 0.111881375
    0.698739171 1.69472623 0.920159101 0.0878685117 0.85697943
    -0.00577348471 1.10006535 0.830937684 0.184058726 1.19278634
    0.621448159 0.0743656754 0.0106999278 -0.136755973 0.828510761
    0.874134243 -0.287867725 1.3518877 0.954994202 0.333829165
    1.28844583 0.350297332 0.0286082625 1.38023925 0.765647113
    1.16375184 1.14409637 0.642236054 0.696775734 -0.0253139138
    0.0728926659 0.0457797647 1.33836102 0.0918062329 -0.582590878
    0.973229587 -0.243832469 1.3398211 0.751998365 -0.421100914
    1.22838748 1.58056879 -0.0109810829 1.22809792 0.234644353
    1.21712565 -0.493934959 0.658195913 -0.201214969 -0.0600840449
    1.04345679 1.10120773 1.04140031 0.153048694 -0.283188313
    0.835184515 -0.211978555 1.38798034 1.00469041 0.386648238 1.2538389
    -0.143550932 0.770198345 -0.432207286 -0.331882775 1.54067695
    0.769442081 1.33303726 0.360298932 -0.328614682 -0.0239508152
    -0.281433523 -0.443140149 -0.25456202 1.49455237 0.341926277
    -0.142952114 -0.520925045 -0.430114329 -0.100607097 0.790651739
    0.10002768 1.38116765 0.0437560678 1.45040071 1.18501139
    -0.0346533656 0.775428712 0.457164645 0.816834867 0.76461792
    1.5743835 0.473327935 1.48731732 1.13124108 1.18006253 0.699338973
    0.346724093 0.477577269 1.02199268 0.0848227143 1.60889316
    1.05263376 -0.203048706 0.523027956 1.15494108 -0.35808903
    1.35636258 1.29656982 1.49984717 0.692821443 1.03117383 1.63728404
    0.0433166623 -0.05641675 -0.357296348 -0.471530706 1.03165424
    -0.0858545601 0.436482489 0.410303473 1.01952779 -0.550086439
    -0.395681262 1.07692242 0.554339707 -0.0791496038 -0.0119102001
    0.318799973 1.54210663 0.92716223 0.137248933 0.828324676 1.10622191
    -0.432858229 0.693971753 0.90660131 1.25904608 1.09754944
    0.980114162 1.14713252 0.840754151 1.31390882 1.45902896 0.215127528
    -0.479198575 0.591860175 0.383584201 0.950407803 0.683828712
    1.34229732 1.51156306 1.49035525 1.46481061 0.615625858 0.419577539
    -0.141327679 1.45713449 0.452125728 -0.504199684 0.407966495
    1.40997529 -0.0316716433 -0.159418613 1.15257287 -0.168045223
    -0.0453252792 -0.0902166367 0.580299437 0.246693552 0.902458966
    0.8398422 1.08008826 0.644636333 0.00393223763 1.5236553 0.162797749
    1.49020565 0.631993592 0.124845147 0.472714067 0.128821075
    0.125512779 -0.436397076 -0.505086482 1.01491642 1.074067
    0.220765412 -0.00419580936 0.323588312 -0.222141236 0.985232055
    0.693514168 1.14564526 1.00947452 0.932850778 1.60959458 1.4415381
    0.589293122 -0.0738578439 -0.47005111 -0.493482023 0.0455514789
    -0.291832507 1.54934335 -0.0784460902 1.04926407 0.776909709
    1.24241972 1.03168774 1.46124578 -0.39617306 -0.397457689
    0.0032941103 0.356159329 0.829879701 -0.245926678 1.13312852
    -0.41986081 0.933502734 -0.286799967 -0.156551063 -0.547287703
    0.0769620538 0.0919339061 1.12601447 0.948107898 0.213944256
    1.0647099 1.594154 0.160001636 -0.358281523 1.17870188 0.380040169
    0.540240765 1.08240032 0.200336695 -0.618471444 1.56194293
    0.560013652 0.266580462 0.532488346 -0.453558296 0.360111535
    1.63327169 0.474229872 0.690398157 0.536791146 -0.190192491
    0.123584926 -0.0597038269 -0.27910614 1.11158514 0.0147356987
    0.692680001 1.37363863 0.558789611 -0.290824562 0.694542825
    1.31595349 -0.319729924 1.39615452 -0.336865246 -0.0247132778
    1.02778602 1.27834713 0.17830795 0.127225459 0.222797811
    0.0490424037 -0.174133062 0.214717209 1.11493587 0.0160401464
    0.345947623 1.60706162 0.541804492 -0.35795337 0.423508883
    0.463911235 1.43481815 0.377836645 0.0812686086 0.206704378
    1.28774464 0.319509864 1.15081263 0.207967043 -0.571981907
    0.132432044 1.50135016 -0.387159109 -0.301102608 0.558877528
    0.82186079 1.47929168 0.18847549 0.631414235 1.28979421
    -0.0408005118 -0.282031149 0.136778057 -0.347618312 1.44058061
    0.33169961 -0.203049958 0.213341355 1.49307179 1.45852637
    0.838670552 -0.285632491 1.47820544 0.279915214 1.01765811
    -0.579823196 0.600720465 0.499811292 -0.124428779 0.279151797
    0.162944078 -0.228461683 0.409203589 0.454550207 1.09814787
    -0.157737583 1.39675975 -0.470083773 -0.451614231 1.17348146
    -0.313469499 0.895498514 1.43048263 0.668409586 0.309414148
    1.60292506 0.0280780196 1.08992064 0.4968822 0.398286045 1.38101292
    1.09532011 0.218346536 0.484104633 1.09183574 0.384710968
    -0.346179336 -0.594822764 1.00433278 -0.489981592 0.084395349
    -0.529250503 0.66375649 0.677237511 0.386154711 0.0672187805
    0.329552472 -0.379327774 0.986773789 0.507793784 0.0639336109
    -0.176748544 0.401620746 0.823881269 0.816950977 1.35693169
    -0.477239549 1.62243974 1.60760736 -0.516210437 0.308324456
    -0.572943628 1.34192562 0.597651184 0.0766584277 -0.565140009
    -0.523732722 0.632339716 0.586691499 0.00588160753 -0.188883185
    1.04824889 1.31733322 -0.131129712 -0.243651181 0.162462413
    0.0511043072 0.973406792 1.17867422 1.44073057 0.401872456
    1.38790083 0.853028297 0.480467379 0.870425403 0.362811923
    -0.62164104 1.08428156 0.863327265 1.39722419 -0.0959804654
    -0.460990995 1.02788913 1.56136763 0.496127188 -0.495499998
    -0.0498000979 -0.279669851 0.698760927 0.299981534 1.45923305
    1.08248019 -0.462586641 0.455555201 -0.237697333 -0.352202684
    0.283460021 0.060313344 1.59730721 0.683657289 0.402466357
    -0.0757032633 1.53236914 -0.203643471 1.07274413 -0.334186524
    1.02748287 -0.476395041 0.941220403 0.0854833126 0.543967962
    0.397765756 0.186286867 -0.346188486 -0.354257137 1.25933552
    0.208141148 1.56198585 1.01962578 0.218735099 0.605419219
    0.772316337 -0.035734117 -0.387888819 0.648134589 0.766778648
    0.0921324492 -0.32812798 0.165964127 -0.580679655 -0.140018612
    0.994529784 1.38340688 1.501616 -0.282789677 0.234143019 0.223178089
    0.180052459 -0.312643349 0.968713939 0.0988624692 -0.534936786
    1.46801877 1.24243927 0.909769952 0.984927118 0.0521583557
    1.53727436 0.341134429 0.646235645 -0.0288146734 -0.532325387
    1.03375173 -0.00397235155 0.128738642 0.834182084 0.706341386
    0.274542212 0.0834749341 -0.579916596 0.514703691 0.31340903
    0.914390922 1.41242576 0.658644855 1.26211464 0.0421154499
    -0.0474863648 0.618463814 0.219121039 1.206949 1.30986714 1.392313
    0.103369296 0.918148696 0.0815936327 0.740677476 1.57404423
    1.04422736 0.882515728 -0.224939406 -0.572795928 0.889320195
    1.54473126 -0.134607196 1.47722495 -0.0420139134 0.459204882
    0.302691817 0.136161387 0.571644604 -0.138717592 1.47431588
    1.62822437 1.41950881 0.645907938 -0.0101001263 -0.355479747
    -0.275963753 1.02191579 0.501535237 1.20833707 0.321816862
    0.606200755 0.00813019276 0.23021245 -0.21134606 -0.0526239872
    0.966582119 -0.0915949941 1.15926051 1.01717854 -0.222399116
    0.976307869 1.0917182 0.799909711 0.973134518 1.4676156 -0.33011812
    0.84615612 -0.0316732526 -0.125398755 1.03600383 0.11097455
    0.962997496 1.33371067 0.352060854 1.52914548 -0.0786221623
    -0.235154092 1.41038489 -0.58591789 0.157211244 0.786662817
    0.862194061 0.00271350145 -0.613018632 0.124417663 1.04349613
    1.56465816 1.60116971 0.13495791 1.58445072 1.5109359 -0.425410986
    0.853056908 -0.251432776 -0.181385905 1.51530099 0.842167616
    0.418148279 1.27674699 1.0290519 0.0275967121 1.05402601 0.582354367
    -0.588108897 0.529210687 1.37915897 -0.50973618 1.40601683
    -0.505211532 0.0813612938 -0.0723193884 -0.136136591 0.131015599
    0.427218795 0.248885632 0.480407 0.657597005 -0.235731423 0.90060693
    0.195536315 0.324837148 0.567436635 0.733058929 0.654790878
    1.51252675 1.3393836 -0.0385444164 0.351503551 0.845240474
    0.0385534763 -0.184516847 0.808309019 -0.467037767 0.580613434
    0.703810155 1.19494414 0.174381673 -0.219895899 -0.245444387
    -0.0254841447 1.03412795 0.563989997 0.151761413 1.60058439
    0.605137587 1.0736692 0.263907313 1.59062314 0.99919945 1.65649009
    0.462058723 1.26607156 -0.0382037163 -0.543282092 0.223560095
    0.0825204253 -0.320308298 0.256459951 -0.136766434 -0.0373895168
    0.491381347 0.768788993 -0.162815452 0.565127611 0.137428463
    1.5365057 -0.0281873345 0.713279665 1.44733274 -0.298514187
    -0.139492035 1.56936789 0.174566209 0.0682736635 0.888541877
    1.51552153 0.821512043 0.719970465 0.983877063 1.38581109
    -0.285161495 1.56134641 1.34209943 -0.374504179 0.00883477926
    -0.449556231 1.28567004 0.788099229 1.29286039 0.29304105
    0.365853488 1.48589182 0.525293589 0.75212568 0.919492722
    0.324478149 0.778608978 1.08280528 0.382951438 0.764868438
    -0.54317075 -0.567925334 1.2739538 1.58320618 -0.300780505
    -0.564432263 0.00948929787 0.391208053 0.835717082 0.784753084
    1.15231204 0.204023659 0.508343697 0.954265833 0.511907458
    0.635712206 0.751390159 -0.527903557 -0.487120718 0.781766355
    0.189339936 0.0747247338 0.139049709 -0.279678792 0.794387162
    0.722379863 0.120245337 1.18479192 1.57069349 0.275612295
    -0.111840516 1.44393468 0.895484924 0.737901986 1.28393388
    0.488888562 1.42189312 1.56594729 1.2346127 1.3621453 1.3629868
    0.374323964 0.254849672 0.111564696 -0.14018622 1.05312896
    0.503796637 -0.470838189 1.24393153 -0.232733041 1.38549459
    0.264588356 1.62426543 0.760720491 -0.274181783 1.3034234
    0.177527547 0.920292318 -0.16979441 0.398847044 0.573996186
    -0.157411486 -0.46142143 1.33896732 1.29293871 0.655929923
    0.864015877 1.23202062 0.773489952 -0.228554338 0.5693959
    -0.178329945 -0.146026254 -0.0510729551 1.22763634 1.18350887
    1.34121466 -0.375862062 0.139759779 1.29033327 -0.563570142
    -0.0366210341 1.13559711 1.32611823 0.209483683 -0.144538611
    1.02879202 0.938352108 -0.155968159 -0.292081177 1.21491003
    1.57017362 0.564879894 -0.141726911 1.15925491 0.256788105
    1.24550164 0.00868198276 -0.186596721 -0.500587285 -0.403913438
    0.360405445 -0.454687536 -0.213977903 -0.415898532 1.13529813
    1.44041991 1.20607316 -0.405460477 0.030585289 1.59538698
    -0.15405789 0.179864824 1.15800738 0.435409546 -0.431669772
    -0.344650656 -0.0775151253 -0.375330508 -0.498019993 0.906859279
    -0.386561275 0.862287104 -0.579445839 0.515500069 0.334611535
    1.29423106 0.0704048276 0.63672173 0.473775566 1.08980775
    0.102314711 0.149921119 0.388816237 -0.063120842 1.23496532
    0.358988822 1.11947751 1.27040195 -0.404612541 -0.169886291
    1.05625606 1.39811945 -0.593062401 0.945564628 -0.605497181
    0.129795253 1.09323096 1.4878664 1.17759299 -0.356792778
    -0.152701706 0.177208126 0.539791644 -0.152916014 0.300934851
    0.889256537 0.949940383 0.733439326 0.165715873 1.17302132
    1.07435513 0.849481761 -0.369420886 -0.535539985 1.25564933
    0.287470281 1.32152104 0.442665219 0.26326251 -0.393752098
    0.299685538 0.449062884 1.34814012 1.45073771 1.2606703 0.262736797
    0.225255609 -0.592707217 -0.0579761267 -0.402915686 0.805699289
    0.927439213 -0.252304286 -0.456805408 1.26051414 1.60825324
    0.540931344 -0.0961370468 0.0764871836 1.37521648 1.39981723
    0.890293419 0.797476649 0.269730389 -0.12071225 0.245712876
    0.741250992 0.586842239 -0.46451056 0.99224335 -0.520510852
    1.49950814 0.524639487 -0.531698704 -0.495470852 0.483382285
    1.34269691 1.45138741 1.36681533 0.567312777 0.739304841 0.302953362
    0.362208426 0.224940717 1.36808622 1.11117339 0.477915883
    0.0438244343 -0.375634313 1.12005854 -0.210979789 1.4976511
    1.52611542 -0.521295846 -0.58452642 0.019497633 -0.566581845
    -0.415479332 1.54142213 1.26449466 -0.121155083 -0.0108631849
    0.652700007 -0.0762320161 1.14241421 0.0231594443 -0.635058522
    -0.559341311 0.0345776081 1.25403285 -0.602863193 1.15974903
    0.711901486 1.38170123 1.01522911 0.163752496 -0.323799908
    1.48779631 1.00954103 0.306989431 -0.0966323614 -0.160751849
    1.03011191 -0.589012027 0.623409748 -0.434039712 0.377192259
    0.262013495 -0.100316405 0.179970622 0.211284399 0.459145486
    1.40483391 1.34725022 0.223777652 -0.382973135 0.570343196
    1.30057132 0.870504856 0.438532591 -0.168611437 -0.369630188
    -0.120756358 1.08362997 -0.497368455 0.325621367 1.56311965
    1.62874413 0.397976875 0.450464845 1.28936291 -0.584670961
    0.149107337 1.05686212 0.580116212 -0.108302414 -0.245917171
    0.489281654 0.684842885 1.31488466 -0.457211882 0.0143504739
    0.472732127 0.0753365159 0.654100001 -0.189052016 -0.297805965
    0.763642132 -0.471246213 0.179590344 1.11627388 1.39925051
    0.0118550658 0.905093193 1.37588239 0.135277152 0.44914788
    -0.017409265 1.30332732 0.209521651 0.0979203582 0.808059394
    0.328191876 1.56928158 0.821209967 -0.309352279 -0.498460799
    0.108525991 -0.592903614 -0.549685955 0.00921267271 -0.497931927
    1.17100525 0.76197499 -0.0679090023 0.698461056 1.16916275
    1.35070705 0.288727701 0.131361842 0.195067942 0.16043967 1.21106529
    -0.237299979 1.00394464 1.00897336 -0.152531981 0.319376886
    0.370604157 0.439600229 0.593908906 0.383527577 0.991013288
    1.14528942 0.911910295 0.792615891 1.25613439 0.583217323
    0.018356353 1.10627031 0.965350389 0.356595695 1.74292946 1.1569612
    0.691170633 0.505473435 1.2270112 -0.0120680928 0.797300279
    0.112135351 0.597002864 0.100103617 1.38565791 0.229315341
    0.752248704 0.421376824 0.938540041 0.828420699 0.676544487
    -0.458362967 0.60708499 -0.442045689 1.01723552 0.844324708
    0.182687163 1.22550178 0.113414466 0.467131734 -0.156008244
    1.18468118 1.49408269 0.200728476 -0.137103796 1.5066539 1.28871465
    0.0806446671 0.967520475 0.537851036 1.01954007 -0.388729393
    0.93745631 1.02073395 0.151415765 -0.552851319 -0.524240494
    0.383072793 0.530622363 1.6031965 0.73799336 0.448037744 0.581181288
    1.18314826 -0.350156844 -0.0909864306 -0.365619361 0.895602286
    0.853317142 1.1095475 0.0835605264 -0.0348351002 -0.423125923
    0.788319111 -0.505611539 -0.0743231177 0.226210177 0.654228151
    0.506809592 0.870673776 0.110147357 -0.145525157 0.631808162
    0.89775902 0.655388951 -0.573135555 0.0907431841 -0.430704653
    0.387000144 1.6174798 0.885785639 1.01480031 0.799984574
    -0.428617299 -0.214276254 0.880307019 -0.53148371 0.358662724
    0.797489047 -0.208735526 0.620125651 -0.352676362 -0.390250713
    0.459475458 1.34308171 -0.530194998 0.0894389749 0.252500474
    1.49484479 0.96006304 -0.250906289 0.239931881 1.06940734
    -0.363932163 0.0074916482 1.32474387 -0.410653263 0.928577542
    0.0872038603 -0.430480719 0.296601832 0.300513566 0.123221874
    1.41869211 0.509882212 1.06779861 -0.54126066 0.631385863
    -0.466427326 -0.340698302 -0.469207406 -0.295580715 1.63553262
    1.36389613 0.277205527 0.235902965 -0.398047984 1.57080579
    0.958665848 0.247770548 1.46242213 0.487927794 1.15566194
    -0.295898408 1.34358144 1.26878834 0.0487222075 1.1041708
    0.912766516 1.48595166 0.232545197 1.33257568 0.434891582 1.41820335
    -0.298225552 1.38765383 0.00571835041 1.33383012 0.718502939
    1.44892108 -0.293635398 -0.403767347 1.09639192 -0.598685443
    -0.0341440439 0.357036293 0.028552115 0.651358366 0.769817889
    0.412982583 0.600998878 0.375294328 0.502108991 0.715877295
    0.547302186 0.943040729 -0.232041061 0.134091556 0.167592347
    -0.178519815 1.32626057 0.133292258 0.308812559 -0.533225179
    1.57247329 1.33649468 0.274822831 0.448710442 -0.214283019
    0.963440537 1.36228538 0.454060555 -0.246150613 1.51946557
    0.618657291 1.02597201 -0.391857743 0.330381989 0.85061276
    1.01020467 0.347413838 0.729691267 0.740612209 0.326582968
    1.02846813 0.554843009 1.29971027 0.230518162 0.457039058
    -0.282916933 -0.33020097 1.20510626 0.687129915 1.30753338
    1.37487197 0.678913236 1.60461926 1.56569052 -0.351708829
    0.0345936418 0.679145396 0.673167586 0.823810875 -0.353573591
    0.667650223 0.475840449 -0.379761517 -0.548669815 -0.293192893
    0.656226575 1.09902835 0.844683707 -0.538489044 1.123667
    -0.00287294388 1.43391061 0.0662389994 0.433383465 1.56110132
    -0.463695645 0.149153829 0.673451126 -0.137450367 -0.100946069
    0.278499007 0.0682959557 1.26289117 0.238013804 1.1556356 1.02216637
    1.0290041 0.890493274 0.83848685 -0.0668131113 0.206809163
    1.26854134 -0.353206575 0.632322192 1.30421996 0.290733695
    1.04867983 1.28875339 1.66201043 -0.0121433139 0.82521987 1.35343432
    1.21256828 1.26185787 1.73248041 0.0636578798 0.404279083
    0.399637759 1.61254144 0.361154199 1.28262818 1.01489031 1.07244706
    -0.547263861 1.53840637 -0.354416609 0.833580315 -0.384866059
    -0.00339639187 -0.219645441 -0.112995148 1.08733451 -0.0395573974
    -0.503735483 -0.159941316 0.599888623 -0.0291408896 1.01574039
    1.55110073 0.411456108 0.980498493 -0.40655148 1.41325974
    -0.557106316 0.331243277 -0.240664095 0.926947057 1.51733577
    1.06681001 -0.0222913623 0.738932312 0.30151695 -0.513288558
    0.655289948 -0.206663102 1.1950717 1.02547526 0.758701205
    0.185583353 -0.0584846139 0.585684955 0.827581406 1.3315717
    0.569218099 1.29118419 1.12234116 0.030827105 1.0953387 -0.424808472
    0.818887711 0.848812699 0.167742133 1.1168499 -0.216633856
    1.05931449 0.0831769109 0.752536178 -0.279200763 -0.14572975
    1.23666811 -0.0639057159 0.227279961 -0.189821422 0.10750705
    1.57504332 -0.0288786292 0.681257725 0.712518692 1.51679134
    1.44002795 -0.169973284 0.764104366 1.18648291 0.917551279
    1.31267405 -0.205475688 0.0372617841 0.289405346 0.824068785
    1.43685913 0.252212763 -0.381051302 1.13625395 -0.421664387
    1.18956876 0.0220723748 0.550057888 0.861691773 0.672188699
    -0.00235188007 0.904958367 -0.352804273 0.419259071 1.62361884
    0.639356017 -0.547159135 0.452670336 -0.194216192 0.167568028
    -0.592223227 1.12745178 -0.608161926 0.14340806 0.930090189
    0.771437347 -0.43966338 0.401355684 1.23675203 0.330307961
    0.594716609 0.486255229 -0.562078595 -0.436897606 0.33275789
    0.043122828 0.693591356 0.967028558 0.404279053 -0.0719619989
    0.564703584 -0.0246489644 0.837900758 0.433308959 1.35082817
    0.446543932 1.01926303 -0.304462522 0.561671674 1.02378535
    1.14297152 -0.501957417 0.137677252 0.528843999 0.480825424
    -0.0107518435 -0.350591004 1.33982658 -0.157840878 1.33716524
    0.194412887 0.223747373 1.36936235 -0.463495672 -0.507600307
    0.316562355 0.035826087 0.0581968427 0.685877621 1.06462264
    0.877546132 0.979988873 -0.281234384 0.880904078 0.675311744
    1.59160614 -0.00335466862 -0.416922033 -0.109614581 0.524330497
    -0.279481053 0.736133516 -0.51305294 0.984414756 0.854982674
    0.405296922 -0.282797396 0.404313385 1.14380336 -0.469541728
    0.657417893 1.10691822 0.944486678 -0.102491558 0.174975932
    0.721991956 0.459667683 0.661286473 1.04673707 -0.0824174881
    1.28285074 -0.348664045 -0.355132043 0.465809047 1.50617743
    1.26542652 1.2057519 1.22688663 1.63116503 0.366152942 -0.11221078
    0.0775054097 0.830537736 1.08498406 -0.23206383 1.3623631 1.25712037
    0.724502325 0.745251954 1.38942313 0.253865361 0.281288803
    -0.309877425 -0.00548255444 0.151356161 1.49685609 1.29738021
    1.52214575 0.421568632 0.341223121 0.808012366 1.39619184 0.65568012
    1.02917516 1.02728975 0.258873045 0.739088297 1.47173834 0.20991838
    -0.132938266 0.0935666561 1.57822609 0.0222423673 0.970187962
    0.608386278 -0.105954468 1.53262937 1.49596202 0.411832333
    -0.074097991 0.355508029 1.34737325 0.597141683 1.5899837
    0.868219078 0.317487061 -0.538596392 -0.0945973992 0.24770689
    1.56432247 -0.36293745 0.757746041 1.49659348 0.956381023 1.60222578
    0.144633979 0.751339912 1.04757392 1.31604195 1.31042874 1.03663206
    0.666443825 0.212030947 1.35588813 0.513212621 0.386845171
    0.192513943 0.359696805 1.23501086 -0.2258012 -0.575158834
    1.61069012 0.907842875 1.50239015 1.22573853 1.49224401 1.47949731
    -0.403918624 -0.44623971 -0.0640006661 0.577986002 0.842110157
    1.18392015 0.735219181 1.31952155 0.905361056 0.887818158 1.38940883
    -0.568205297 0.699819863 0.561815798 -0.0917399526 0.204301119
    0.929161251 1.22917175 0.760883272 -0.0169463158 1.0265522
    0.535802603 1.59607935 0.33514595 0.669227302 0.220505655
    -0.418822706 -0.489266843 0.31303668 0.0196812153 1.37720966
    -0.08139956 1.46171451 -0.489516854 -0.118433297 0.760786831
    1.01363122 -0.166327775 -0.419255495 0.758992791 0.567360461
    0.79196918 1.3161118 1.10525501 -0.347774684 0.602939963
    0.0314785242 1.55388653 0.289304912 1.36745858 1.02572298 1.52360678
    0.739306331 0.40536809 1.58202922 0.245846152 0.942565322
    -0.571635067 -0.22010377 0.940709174 1.37596607 0.456835389
    -0.565989494 -0.124908924 1.49009466 1.13486147 0.201730311
    0.624141455 1.34333277 -0.109060079 0.203596413 0.0405604839
    1.08334184 -0.039685607 -0.0625526309 -0.230382979 1.14993894
    1.42426169 1.17771912 -0.181608915 0.674649894 1.18406725
    0.320457578 -0.020685792 0.913903773 -0.266393095 0.841148555
    0.998202562 1.4811945 0.346093416 0.773150265 1.54873943 0.770167291
    0.211158156 -0.566984832 -0.174867362 -0.447729677 -0.096424073
    1.22768068 -0.037434876 1.26968765 -0.0874177217 0.851925731
    0.975784004 -0.234232277 0.719228148 1.18455672 -0.217625588 1.16169
    0.411942482 0.542301595 0.454682231 -0.385591149 0.287315607
    0.132098675 1.42209196 -0.308806866 0.927332163 -0.469810218
    0.559161246 0.564885259 0.183291852 0.0796563625 1.42619288
    0.517013967 0.391162872 0.467764795 -0.295574486 -0.438266575
    0.894776285 0.671635568 -0.607164443 -0.0317693949 1.40265703
    -0.446550369 1.04920316 -0.525565863 0.0906322598 -0.277171522
    1.56517816 1.36627066 0.813368082 0.514051318 0.125418842 1.36046731
    1.20219207 -0.0665505528 1.25676942 1.48039412 1.03568625
    -0.0875176787 1.4516964 0.763533533 0.0433205962 0.167984545
    0.382178128 1.60867333 -0.578100562 1.2177093 0.445617318
    -0.153315544 0.405870676 0.108908117 1.15709162 0.21235162
    0.653936267 1.2419796 0.777038097 -0.444993913 -0.499577194
    -0.267674774 0.508957207 -0.238393188 0.126008213 1.24289179
    -0.384954274 -0.218874514 -0.0348266363 1.46445036 1.61434805
    -0.473037809 -0.162380457 0.435824692 0.0156672597 0.282601297
    0.430779994 -0.0300481319 0.581793368 0.947736442 1.06392181
    -0.314147234 1.32488561 0.79773128 -0.234218985 1.20945525
    0.917369187 0.599252999 0.806925476 0.845023155 0.158799231
    1.59929371 0.312442958 0.863791585 -0.594498754 -0.482516527
    -0.0419189334 -0.315206021 -0.357405186 0.112986267 0.397407234
    1.18405902 0.0911540389 0.862952292 -0.267023534 1.5696398
    0.0381778479 0.0474824905 1.23718357 0.743157208 1.47446847
    0.584523916 0.738782644 -0.622166455 -0.515108049 0.0172532201
    1.36529565 0.914566875 -0.325759917 1.27006483 0.267921269
    0.395334661 1.2385118 -0.0792655945 -0.297010183 0.812253594
    1.44581854 0.28261885 0.440901905 0.567153037 -0.131201357
    0.971679688 -0.411663443 1.72295272 0.766970515 0.104486823
    0.254243076 0.695104241 -0.2501463 1.47647691 1.44546008
    -0.613769531 1.37976623 -0.30045867 -0.435980558 0.613274574
    0.93131125 0.549960911 1.42684174 0.0557965636 0.913118064
    0.503260434 1.32791734 -0.521672308 0.438286126 1.25070238
    -0.179568261 0.51057744 0.197388589 0.396034718 1.25788403
    1.37042356 1.39118814 -0.154606521 0.530195892 0.618311584
    0.797528625 1.14040792 0.708611429 0.287643671 1.53003478
    0.540765524 0.0150220394 1.51623416 1.45948768 -0.407914042
    -0.146692157 -0.488996983 1.47980392 0.703098714 1.35743892
    0.84293437 -0.106260061 -0.394370228 1.00829268 -0.41240865
    0.932368994 1.36617303 0.6908108 0.20483321 0.904735267 -0.181048989
    1.54307604 -0.191237003 -0.478932589 1.33054364 -0.552804291
    0.560189784 1.04957485 -0.225471675 1.08892322 1.2801851 1.33010435
    1.03984785 0.879129112 1.36508453 0.561317325 1.41405499
    -0.383643359 0.509086847 -0.0513780117 0.689651251 -0.52974242
    0.295726478 1.57529891 -0.540766001 0.979293883 -0.112183273
    0.883289099 1.11518645 1.37031412 -0.149877042 0.99064666 1.33832765
    1.23229122 -0.473014951 0.71202451 1.26724029 -0.435723305
    0.541793168 0.0947526693 0.294202864 0.262991726 1.56247365
    0.186353683 -0.435792983 0.213798046 -0.392142475 1.12955379
    0.531328797 0.913401783 0.975092471 0.560340524 0.220617056
    0.486260593 0.315314293 0.496221066 1.64277768 0.893279016
    -0.11551246 -0.295757711 -0.392338693 -0.181502312 0.402194858
    -0.0961444676 1.11136317 0.911008179 -0.328025818 0.180731237
    -0.182343245 -0.195587546 0.373679698 0.0577446818 -0.0834595561
    1.22504997 1.28627586 0.514285147 1.19630313 0.347018301 0.260927141
    -0.545970082 0.55844754 0.57666719 -0.262245297 0.127476513
    1.57330346 0.664186835 0.167952359 0.942043841 0.404208362
    -0.190670103 1.38722038 0.397213459 1.39022446 0.0411518216
    1.49530244 1.27978301 0.445570409 -0.378268659 -0.527453125
    0.612308145 -0.556195498 0.544609547 -0.156008393 1.26884317
    1.61239719 0.578302085 0.766558647 1.29186654 -0.205523431
    1.52754879 -0.141976446 -0.194806397 1.53912401 0.729394853
    0.224417806 -0.438435763 1.38448107 -0.319196135 1.27338219
    0.516135693 -0.0800895691 -0.0777719021 0.831748247 0.367561877
    0.343520999 0.86479187 0.921395242 0.527718365 0.814504445
    0.406646609 -0.57455653 0.381625533 1.25713658 -0.277424753
    -0.0943267345 0.18934238 0.272884429 -0.587905288 1.45789778
    0.0895166397 0.526014686 0.5408324 0.734881997 0.370201766
    0.531270444 0.282612026 0.947582722 -0.439556181 0.952372432
    0.461629331 -0.105551422 -0.128828883 1.15095818 -0.205535978
    0.873050034 0.74683851 0.389009535 1.12067246 0.875765443
    0.0613273382 0.852586985 -0.513358593 1.37605429 -0.552293718
    0.34812063 1.56739545 1.48588884 1.22902274 -0.544336438 0.615528345
    1.43008757 -0.4263376 0.420274913 0.297935426 0.304176748
    -0.0764401555 0.0167500377 1.07115567 0.923119187 1.28746247
    0.0694068074 0.398121059 0.111745656 -0.517584562 0.878469586
    -0.0541471243 1.21117043 -0.294865757 1.62036669 1.51217699
    1.26101995 0.55723083 0.223845631 1.27164781 0.288270652 0.648676515
    1.70290518 1.51979613 0.607343793 0.836036444 0.750965297 1.06025147
    -0.14170143 0.664383173 -0.145917207 1.52896428 -0.079788506
    0.512166262 -0.463995546 0.816481769 -0.234932899 0.341419101
    1.29398966 0.300991356 0.939475894 0.294086814 0.188648999
    -0.0606489182 0.414919615 1.21993423 1.39885497 1.60872281
    0.0423876047 -0.539681554 0.21707356 -0.415875554 1.24665916
    0.427967489 0.982191324 0.303088725 0.58716768 -0.0729262829
    -0.533926368 -0.207208216 1.17709661 -0.506119013 0.590951085
    1.26500225 1.20084894 -0.352564812 1.146788 -0.615990579 1.5440681
    0.486219525 0.476758718 0.535972178 1.31833971 0.881300867
    -0.401843131 0.545528591 1.39113212 0.80538857 0.443292618
    1.42337608 -0.159908175 1.11590624 1.38780248 -0.571210802
    -0.52661556 0.802279174 1.0777235 1.47222877 0.678868115
    -0.274301827 0.523635387 0.760662436 0.692683578 -0.319862396
    -0.484442472 0.147212029 1.58291745 0.333754659 -0.0759455562
    -0.0741016865 1.45435119 -0.107025981 0.300695717 0.490097106
    0.257131457 1.06949425 1.3859489 0.619822085 -0.374433786
    -0.469595075 0.245999753 -0.444915891 0.133577704 -0.385464489
    -0.387959242 0.789630353 -0.540140808 0.507108748 0.741232932
    0.481275499 1.0980041 1.39661002 0.199046791 0.793238163 1.34006548
    -0.404362798 1.41984439 0.0954350829 0.276875615 1.47029221
    -0.295065373 1.52212453 0.783811212 0.188854814 0.10150069
    0.395247996 -0.334910601 0.751929581 -0.365580767 -0.135952294
    0.390083253 0.467375815 -0.161220819 0.226539433 -0.485935569
    0.101511538 0.526065469 0.466334999 0.678943574 -0.401704371
    0.74270761 0.157417297 0.132632732 0.325780392 1.51128554
    0.870068491 0.266355097 1.07543993 1.05332148 1.29145622 0.3547014
    1.32552433 1.15793204 -0.52195406 0.306753099 0.899080455
    0.975154817 1.30744529 0.788065612 1.39702678 1.08668458 1.20115829
    1.46963 -0.238569736 0.646942139 0.47236532 1.01490712 1.49274826
    -0.405679524 1.48076189 0.445641994 -0.174789339 1.17491841
    1.51305294 1.59100139 -0.452187866 -0.105200082 -0.350487232
    -0.151040941 -0.31719172 0.294222832 -0.449783981 -0.0170864463
    -0.424687684 1.21386969 0.289335847 0.172355533 -0.325573772
    0.277993679 1.32831311 -0.240319282 0.836012721 -0.0785353184
    0.0400447249 1.55584645 0.305269659 1.21095598 1.36209273
    0.500478625 0.253703773 -0.371349812 -0.0192766786 0.0995989442
    1.45457292 -0.581723094 0.94921869 0.563409865 -0.368190616
    0.334993422 1.11517239 0.747124434 -0.357287765 0.151742876
    0.722119093 0.94429785 0.566730857 0.544281006 1.60433555
    -0.135262668 0.678116202 -0.152424425 -0.120102167 -0.170405716
    1.38650274 1.13819885 0.301802635 0.0753888488 0.835181057
    0.436248004 0.721597493 0.375200272 1.16388464 0.697963655 1.3308953
    -0.311440766 -0.0373839736 1.52423859 -0.217848927 1.09770846
    -0.124767154 -0.114744574 1.40107954 -0.444842041 1.25017631
    -0.582803667 -0.385368288 1.02729881 -0.110102534 0.299672246
    -0.452444077 1.41634202 1.23519361 0.764504552 -0.561262965
    0.301736176 1.28448725 -0.226379752 1.66702485 1.0674603 0.945989609
    1.60483766 1.31293964 0.560604215 0.21932295 1.23391843 1.81214738
    0.166945636 0.160150886 1.23451424 -0.241730273 1.52847052
    0.572805166 1.21175361 0.224007785 0.713575006 1.37524915
    0.731641471 1.40660036 1.0799675 0.112500131 1.59428811 -0.114708722
    1.1184957 1.61007571 1.60209703 1.054456 1.14473462 -0.0624130964
    1.20553446 0.582068563 0.437116683 -0.471690774 -0.0773735642
    0.85892123 -0.307096332 -0.191118568 1.51040149 0.2843346
    0.498931468 -0.457499892 0.00716453791 -0.370474428 0.155831456
    -0.316728622 0.696293831 0.985859752 1.20522261 -0.0296498537
    0.285881996 0.651409507 0.13948524 0.457348347 0.202606499
    -0.18503654 0.972462893 1.4864471 1.26833177 0.833735943
    0.0730655193 -0.531283319 0.676596403 1.18536925 -0.449054867
    -0.320926249 0.211414814 0.730018497 1.16225624 1.02898216
    -0.153452069 1.47032547 0.71302253 0.120735168 1.44760776 1.04228306
    -0.132918239 1.5184238 1.11102605 -0.0540368557 -0.0480966568
    -0.518397093 0.260533988 -0.00578778982 0.479217768 1.55445206
    1.38271284 0.185367525 0.354123414 0.270566106 1.2286551 1.12502825
    0.984021902 -0.209462911 1.5498805 0.410930872 -0.414798945
    1.54588556 0.581744909 -0.522643685 0.865751147 1.48756671
    1.22427201 1.37209558 1.13949072 -0.450858951 0.130792797
    0.922320962 -0.0507149696 0.979854882 -0.392223656 0.96599263
    0.886467755 0.151037872 0.00418865681 1.4790473 -0.576640069
    0.0308303833 -0.442428946 1.46144772 0.559282362 1.59044623
    1.52305436 0.724431157 -0.448798269 1.57469773 0.402029455
    -0.312362522 -0.44589448 1.02982652 0.674707711 0.762582421
    1.33175778 -0.20123747 -0.338456929 -0.533087313 1.27093625
    0.0346889496 0.823117614 0.174153149 0.293317676 0.212741971
    1.04450727 1.44855595 1.49133396 1.42763519 0.523671269 0.79767561
    1.10405266 0.334753394 -0.45280844 0.0951113701 -0.228987813
    0.842518091 -0.121357977 0.738861561 1.09581685 0.503709018
    0.474089563 1.17467189 1.17584133 0.125445902 1.57057762 1.16938925
    -0.314826429 0.917777836 1.55436778 0.261344314 -0.201793402
    0.33608216 0.129725575 0.775183916 0.739167035 0.526880622
    -0.147096753 0.695613384 -0.0210104585 0.688692153 0.837410033
    0.221965909 0.556734264 0.338366151 0.361514091 0.284752965
    1.37938452 0.268979251 0.959498584 0.454805315 -0.29705447
    0.0569503903 -0.268502474 0.571564496 1.09891939 -0.270746201
    0.0364142656 1.36978602 -0.155960977 -0.130701065 -0.0722426772
    -0.603332043 -0.456806839 0.283788919 1.19383192 -0.545131922
    0.285519838 0.137650549 0.0785534978 0.66572541 -0.129227221
    0.352366507 1.32564402 -0.351006091 0.290462375 0.827444315
    1.54973984 -0.100275457 0.66443181 1.22864294 -0.140050948
    0.687040031 0.596163213 0.102124274 0.345368028 1.22230709
    0.42787981 -0.574666739 1.3735199 1.10680723 0.645076871
    -0.273004711 0.410306692 -0.314722836 0.553196549 0.567044556
    1.115569 0.119359493 1.35226178 -0.49131164 0.496061742 1.40441442
    1.44203138 1.18336487 -0.0117687583 0.643449485 -0.470848709
    -0.518858731 0.890027106 1.22408843 0.605673432 1.12083936
    -0.0432145596 1.58009529 -0.504607022 1.44584179 0.325507641
    1.26098776 0.425579727 1.12824726 0.557469487 1.57142961 1.12596416
    -0.344789475 0.883545578 0.713881373 0.386687845 -0.0364141166
    -0.283101082 0.212814569 0.0379100144 0.527737498 0.280277908
    0.708196223 0.187324762 0.291562378 0.471070707 -0.0112019181
    1.27344465 0.21243906 0.566563845 0.793326497 1.24348402 0.563252807
    -0.352163464 0.195493221 -0.132996172 -0.0795377493 -0.263290823
    0.865616262 0.422409058 0.892185211 -0.488216043 0.230926394
    0.888977051 -0.411785185 1.39345717 0.53038764 1.31619 -0.176592767
    1.38920045 0.43517977 -0.190259427 -0.594499886 0.394738436
    1.44763815 -0.331312686 -0.535091937 0.476598978 0.428018451
    -0.079500854 0.379586875 -0.00230252743 0.788394213 0.421843529
    0.299299836 1.4319365 -0.551622808 -0.39283216 1.46980083
    0.332627654 1.12678123 0.174718082 0.100809515 0.460683465
    0.549403548 0.832069933 0.386930525 0.276444912 0.778532743
    0.92526722 -0.29755348 1.00127721 -0.613911569 0.509563029
    1.45902538 0.663269162 1.35136414 0.382822752 -0.232990652
    0.762094975 1.27025068 1.47620928 -0.0473027229 1.61079001
    -0.392978132 0.438610137 0.259532452 1.05371785 1.54607582
    0.834157526 0.656527758 1.52917421 -0.378373802 1.27725458
    0.208503723 -0.127654374 0.33408761 -0.0441702008 -0.0517603159
    0.654454529 1.06387186 0.540408552 0.0262351036 -0.0105403662
    1.1292057 1.19852543 0.328430772 -0.424365222 -0.0776543021
    1.60711741 -0.093413651 0.531084299 -0.44960776 1.17716813
    1.16898954 -0.568405509 1.54044247 0.713225782 -0.0635569096
    1.63542938 -0.314300388 1.05285335 0.354064405 -0.227047056
    0.978556514 -0.513976872 0.781660378 0.185483813 1.40931153
    -0.419283509 -0.400908411 0.847759962 0.70693481 1.41976953
    -0.299977273 1.4475348 1.35712826 0.947274983 0.611567974
    -0.468570948 0.578435779 1.18569529 0.664527237 1.53596807
    -0.367348999 1.25334692 0.791371584 0.568067074 1.40534186
    1.05752885 -0.0726518035 1.49502301 1.0545516 -0.312759221
    0.415924311 0.0210555792 1.14517093 -0.0863444209 -0.321920991
    0.332008898 0.851225734 0.725279212 1.13910985 0.16275394
    0.526012838 0.926699758 -0.146496862 -0.259608507 1.02243531
    1.156389 -0.50099659 0.589631259 0.488873124 1.4918313 0.212462604
    0.181560814 1.51917648 0.835697949 0.691913426 0.354932427
    0.89036119 0.856415749 -0.545087159 1.45733547 1.3932482
    0.0568731427 1.61466694 1.14516449 -0.393844277 1.31748939
    1.22158241 0.641055703 -0.591328323 1.40039611 0.705465078
    1.53982794 0.855776131 1.56721711 0.330286205 0.461365581
    -0.35609287 -0.528190434 0.266101301 0.475910306 0.841648281
    1.00780213 -0.253754705 1.52081573 1.20692062 1.55459023 0.946555972
    1.43428874 0.403447807 0.335504472 -0.0777218342 0.544130564
    0.892725945 -0.310235411 1.33305323 -0.259927869 0.459004819
    1.11233091 1.08718181 -0.485436797 0.334830284 1.09675837 1.41788626
    0.192108691 0.829253793 -0.377935797 0.890625954 0.627344608
    1.50025761 1.39668047 1.0931356 -0.0880771279 0.939568162
    0.740926504 0.443755627 0.374008119 0.307617545 0.300518095
    -0.0637603402 0.963485837 0.738583386 -0.0529949665 -0.527299821
    1.0965879 -0.3203457 1.08514822 -0.000379145145 -0.259360552
    1.43378329 -0.40532282 -0.243241876 -0.374107927 0.46127069
    1.63232732 1.09220123 1.12801671 0.443960488 0.630832136 0.863619089
    -0.0506019592 0.490589052 1.70883298 -0.104799509 1.41533661
    1.16035008 0.700286508 1.49712944 0.957164407 1.1071322 0.484970331
    0.791660845 0.393088818 1.29127288 1.27636111 0.0896891952
    0.81535697 1.27032888 -0.341967642 0.982571781 0.49928689 0.8522349
    -0.229004443 1.45301676 -0.154310912 1.14602029 1.06709015
    1.48507118 1.45133305 1.22839916 0.371233582 1.59166455 0.625164509
    0.898712933 1.03714609 0.345423818 -0.146025062 0.0169091225
    -0.336558521 0.627316356 0.485737622 0.695947766 0.625727236
    0.91427052 1.34143758 1.02657068 1.55178988 1.08227623 1.48868847
    1.16598654 1.48357344 -0.618816912 -0.280506045 -0.171098411
    -0.456065834 0.63428694 0.813357949 0.893580973 0.603134692
    1.55834031 -0.540962875 0.63175565 -0.34767139 0.242698848
    1.33877707 0.799178362 1.38180089 -0.00919783115 -0.00671315193
    -0.268606663 1.48057389 -0.359479666 -0.150548071 0.791160405
    0.306123018 1.06307065 0.64910543 -0.118139923 0.607400656
    0.633088589 -0.438962549 1.13452125 -0.236097962 -0.460090339
    0.315897465 1.53872657 0.139077604 1.43833458 0.0213952065
    0.254361093 0.242381513 -0.587629855 1.406142 0.347076535 0.58508265
    1.36977696 0.198094845 1.35671997 0.193552971 0.178251445
    0.669159234 0.340076149 0.719222903 0.193533242 0.373063505
    1.12341595 -0.420315802 0.587702215 -0.468024909 1.01571059
    -0.169004828 0.567101717 0.731346488 0.979346454 1.2134608
    0.338334143 -0.25953114 0.806490958 0.549201131 -0.468189478
    0.781130195 0.950553298 0.819880843 0.745414317 -0.385198712
    0.983606458 0.253876388 0.692779958 1.26720524 1.10486162
    -0.0501081347 -0.0957201719 1.13967586 -0.4058038 1.44449687
    0.0371803045 1.3808279 -0.473503947 1.12914634 0.361764073
    1.58243585 -0.323334277 1.49837327 0.0335226059 -0.464960933
    0.924299955 0.645353794 -0.56706202 0.548229098 1.39053762
    0.985463321 -0.0439882874 0.22390604 1.23582327 0.636321425
    -0.283471942 0.943686008 -0.410042107 0.228757381 0.701101422
    0.892617583 0.543022752 0.790131032 0.815948188 1.38827312
    -0.521314204 0.572058976 1.29348111 0.719303727 0.201807439
    1.18426454 0.315870047 0.499948263 -0.601888537 0.777693152
    1.52029824 1.36670375 0.0425887704 1.40534878 -0.238884687
    -0.385202557 0.948213935 0.842638671 0.206642032 -0.180786103
    0.759262741 0.344783962 0.361933947 0.526723921 0.544102073
    -0.383692801 0.214045823 0.00944846869 1.27683246 -0.0279229879
    0.196250379 -0.00510120392 1.21777821 -0.210344344 -0.468235821
    1.40971041 -0.554925799 -0.205193937 -0.367065549 -0.386727035
    -0.516596198 0.468381941 1.43787968 1.11010838 0.991652131
    -0.0365653634 0.629018605 1.32448888 -0.551655889 0.881046355
    0.892488122 0.627006948 -0.0512880683 0.246890426 0.522747099
    0.174461484 0.686822772 1.38368976 0.480374157 0.570392549
    1.29146481 -0.231035233 -0.0376808643 -0.395555019 0.0777254105
    -0.566361606 -0.621625185 0.353757501 0.764597416 1.56385159
    1.07428026 0.412588179 -0.209380925 0.0140286684 1.30050552
    1.0338757 -0.558406472 -0.0496403575 1.47500491 0.932429552
    1.25935459 0.194526136 0.27381283 1.29041672 -0.232326627
    0.0595184863 0.438977033 1.78325295 1.88912451 1.84285939
    -0.282799274 1.10097051 1.6801157 0.904765546 1.61804485 0.607169867
    1.30578041 -0.148051739 1.42808127 0.918506444 -0.588009834
    0.0638587475 -0.272837818 -0.475027502 1.35661209 0.8616907
    0.775421977 0.896133602 1.49006939 -0.434835941 0.0372515917
    0.3577649 1.35850143 1.14947367 1.34319448 0.0200659633 -0.529971778
    -0.440875053 -0.538155615 1.24767005 0.212795794 0.644514441
    -0.238503307 0.785857439 -0.284311444 0.00490772724 0.0699236989
    0.0863448381 -0.174298137 -0.0278395414 0.356569469 -0.458343506
    1.21553326 -0.303364187 0.234376609 0.482030451 1.43620849
    1.47945619 0.0609506369 1.06656933 -0.146957278 1.37247205
    0.122384727 1.43663657 -0.544523239 0.18660903 -0.359253317
    0.000252902508 -0.388406336 0.752713263 -0.572142184 1.1275425
    1.07502484 0.705002725 0.403193474 1.05484772 1.35729384 0.663747072
    -0.568012416 -0.287212253 -0.292122066 -0.497346103 0.802155972
    -0.0360097289 1.40658188 0.185202003 0.158754826 -0.0924437642
    1.35015464 -0.446240723 -0.334134102 0.770021081 -0.416628897
    -0.303784311 1.45279443 1.51717687 0.511463642 0.230396569
    -0.332410872 -0.418658137 1.36213088 1.44826198 -0.100268751
    0.233408511 1.53327012 -0.310471684 0.0824967027 1.14487135
    0.439339757 0.587254405 0.894073069 0.726541817 0.356637836
    -0.559685349 -0.211726546 0.21777606 1.18232107 1.12222481
    -0.309957594 1.48612821 0.284201503 0.639743149 0.449174345
    0.994414568 -0.0225330591 0.426649392 -0.105287522 0.773603141
    0.0567096472 0.116834998 -0.0482217669 -0.461612225 1.13318157
    0.326906264 0.232176602 0.336687684 0.444263577 1.34851336
    1.38635349 -0.303543627 1.20593286 0.0129590631 1.55347741
    1.33295465 0.502494216 1.36366987 -0.0012550354 -0.133116364
    1.0610925 0.851918995 0.54093039 -0.511863947 1.0702796 0.20489347
    -0.267381638 0.0374011993 -0.202197522 1.19658422 1.59782279
    1.49219656 1.15066123 -0.571912229 -0.449703932 1.35700202
    -0.144249022 -0.550932288 1.6264447 1.43744731 0.0323623419
    -0.344846606 0.396959901 -0.479171276 -0.563537121 -0.0215872526
    0.742416561 -0.27729848 0.054887116 1.51406777 1.38680625
    0.603736281 -0.5624879 0.202043772 -0.45492208 1.26425958 0.59615612
    -0.424937308 0.591154456 -0.0560540557 0.968687415 1.07503676
    0.402349055 1.50325954 -0.0447044373 -0.394097745 0.101668
    -0.166971534 1.44100094 -0.165956616 0.493744969 1.43912411
    0.35535115 -0.562235236 0.504277647 1.05404627 0.603115141
    1.33926058 1.10519969 0.559096515 0.985899985 0.280335903 0.16205591
    1.56570911 0.257558286 1.45840073 -0.368780583 1.56206262
    0.908462465 0.464055479 -0.30080542 -0.599796832 0.498525143
    0.0347622037 1.06349778 0.378932595 0.100633979 1.21048689
    1.10906768 0.624193609 0.70459497 0.450005114 -0.232317239
    1.32776356 -0.386341631 1.04323828 0.601568222 0.599772215
    0.433248878 0.961198151 1.32485771 0.282547593 -0.414987803
    0.0640336275 0.00440567732 0.808924317 0.933512747 0.263348758
    1.28083897 0.414836228 -0.333156526 0.4732005 0.622286916
    0.0345804691 0.151822209 0.756899893 0.771989167 -0.342562854
    1.66423368 0.558248878 0.293091834 0.874510467 1.71962512
    0.174821109 1.61757946 0.529307008 0.320046455 0.430711657
    1.69416499 0.590203464 -0.285655081 0.962375522 1.25114346
    -0.473894119 -0.0908768773 1.49263883 0.011683166 1.42088008
    1.10697055 -0.0541297197 0.442975223 1.25853908 1.58133698
    0.29752171 1.50851464 -0.149287403 0.772363663 -0.403452009
    0.0340886712 0.328071833 1.21583533 0.774472773 1.447999
    -0.597364187 0.484845042 0.932745457 0.695471823 -0.367715478
    0.120932043 -0.417713106 0.883807003 0.645230949 -0.433364719
    0.36802119 0.467319489 0.663260162 0.51639545 0.280091941
    -0.113652885 0.030431807 0.416983187 0.125514328 1.27876353
    -0.40034917 1.60293663 0.92024976 0.534118593 1.48872018 1.39959419
    -0.251582801 0.536815643 1.38519144 -0.368100971 -0.363664478
    0.605400562 0.124705672 1.53809071 0.564740121 1.06904757
    -0.445964634 -0.103206694 1.58414292 0.197594523 -0.428056121
    0.186757922 0.969048142 -0.609613657 0.10377562 1.59109354
    0.512999475 0.630265296 -0.314354181 0.996032894 0.997230589
    0.889928639 0.379494607 1.56510282 -0.125282705 -0.210574895
    0.246856034 -0.210097849 -0.0988044739 0.757046998 1.46179068
    1.07746148 1.31639063 -0.231361717 0.280123949 -0.336672723
    -0.502087772 1.02588141 0.311898232 1.36445594 -0.0295332074
    1.41547346 0.193656445 0.315110385 0.789110005 0.811418533
    1.36928427 1.41683197 -0.321420699 -0.375777006 -0.555236578
    0.0340812206 0.926554561 -0.333758771 -0.196964473 0.112120152
    -0.0750699639 0.636626065 0.994068742 1.05287695 1.38257408
    0.22559756 0.503262103 0.527883351 0.0444735289 1.00807881
    0.862493515 1.14928782 -0.0349717736 0.712064207 0.816163719
    0.26868099 1.37518835 -0.192772388 0.392650783 1.60728002
    0.234414637 -0.300060421 0.804173172 0.0324965715 -0.33166793
    1.05460119 0.252183139 -0.181788892 -0.191455662 1.0088532
    0.927802682 1.43274832 0.418310165 0.171008587 0.558871686
    0.450827122 1.26602983 0.707661808 -0.460788846 0.83677578
    1.39564335 0.86922133 0.501934111 -0.0766159296 1.12129354
    0.861783266 1.05367589 1.59225929 -0.1241602 -0.375680983
    0.136894166 -0.016010344 0.881896973 0.604847372 1.2810998
    -0.39145419 0.407409549 0.515985429 -0.495585442 -0.581514597
    0.167936504 0.960607529 0.4563815 -0.212978214 0.786751091
    0.522466838 0.992532909 0.589513361 -0.0591474175 0.658806264
    -0.42967546 1.37456346 0.643788636 0.257156432 0.461830258
    0.350881159 0.0486209989 0.692636728 0.539255321 -0.109412611
    1.56204426 -0.575667262 0.139404297 1.15433764 -0.0181022286
    1.43439591 1.03376389 1.17446733 0.162535846 -0.362973899
    0.000904202461 1.60217929 0.116837025 0.665095747 0.540814877
    0.696297944 1.27688134 -0.0544911027 0.81846714 1.22332144
    0.355499089 0.0228310823 -0.448506653 -0.0606931448 0.803083837
    -0.602342546 0.582155108 0.592719138 1.39915752 1.50915897
    0.208752394 0.269844174 -0.470434487 1.13989139 0.98571384
    0.824923873 0.356162608 1.2112515 0.432994127 1.15878141 1.58940673
    0.997667789 1.55762815 1.06488037 1.53625584 -0.43467623 0.359769166
    1.54116964 -0.399488628 -0.032540381 1.33217549 -0.391739905
    0.319174349 1.45735228 -0.46259445 1.63881075 1.64180613 1.59049106
    1.02215242 0.753024399 1.72031331 -0.205764726 1.03111959
    0.889968574 0.395809263 1.51771307 0.554094911 0.989533007
    0.27479282 0.827948928 0.947110415 0.483535826 -0.491432309
    -0.307017148 -0.222227961 0.762040436 0.803995013 1.17275202
    -0.0926200747 0.284363866 0.411946356 1.21096182 0.371067524
    0.268888474 -0.549371958 -0.623052299 -0.500479639 1.30385315
    -0.30258134 -0.528090417 -0.217844367 0.168793917 1.13057566
    1.24366891 0.219633281 0.831833005 -0.1641092 -0.445196211
    1.44886756 0.827672362 0.656367898 0.608956993 0.969406545
    0.848638535 0.0774541497 -0.0626569986 -0.0227236152 0.824250758
    1.58487034 0.72954601 -0.0597468615 0.0539099574 -0.375211686
    -0.000930190086 -0.352189898 0.683059692 1.19912493 -0.187745541
    0.917589426 0.200940251 1.02010202 0.23836261 0.507818341
    0.135455191 1.00131154 0.586173654 -0.595485389 0.526545465
    -0.486263573 1.18474388 -0.0644789338 1.25639188 1.13133192
    1.25800002 -0.332607448 1.50856423 1.60024524 0.185374618
    0.183239698 0.680499136 1.34235406 0.513044178 0.599043667
    0.525268078 1.35883546 -0.223590255 0.777071357 1.3001771
    0.0401264429 -0.246781796 -0.108302295 1.38528442 0.414799869
    0.44910419 0.11421901 0.168193519 1.57103586 0.680805385 1.21142566
    0.780082345 1.04625869 0.603344142 0.901930153 1.29619741 1.32459795
    0.891683698 1.47548139 -0.47912699 0.709168255 0.851174116
    -0.36525023 0.759843409 1.47695708 -0.184208542 0.0344278216
    0.34617871 0.885698676 1.59912705 0.849061728 1.03532887 0.623596907
    0.0357441902 1.41904652 0.111471891 1.62599528 0.688542783
    0.991316319 -0.416026503 0.599156082 0.511370599 0.821507156
    0.715878606 0.884887934 0.820206165 -0.348716319 0.180611789
    0.977727354 0.0796840787 0.7987324 1.15529585 -0.0148013234
    -0.558035374 -0.0972972512 0.18931216 0.556040168 -0.587563097
    0.718039989 -0.573895991 1.03459978 0.978692472 0.802718878
    -0.48722285 1.08592272 -0.398933262 0.406720936 0.673628569
    0.746941328 -0.0707265735 1.27717841 -0.162154734 -0.420777857
    -0.5317747 0.429976225 1.30914617 1.47053885 1.38371372 0.545287371
    0.0752569437 0.782577813 -0.0175486207 0.144224107 0.472437084
    0.37336576 0.909863889 -0.122516394 0.935097456 -0.41591078
    0.35408777 0.000518620014 0.791413605 1.62130523 -0.100986183
    0.385839939 0.861205816 0.795822322 0.763993859 1.30100513
    0.459634423 1.24139953 0.465441704 0.0350200534 1.21458864
    0.434464037 -0.178106248 0.0753947496 0.638658106 -0.599745274
    1.60426068 0.741921008 0.938797414 0.123952806 0.0216956735
    -0.235740572 0.322547138 -0.374963611 1.58538008 1.16470778
    0.341350198 1.06635189 -0.552601814 0.779434621 1.00866675
    0.581139028 1.45391321 -0.31439358 0.381101608 0.503449798
    -0.104984999 0.78995508 1.17796814 -0.400249183 0.772152126
    0.789229631 -0.634456992 0.838311613 -0.231397927 0.0686204433
    -0.241829634 1.56717205 0.89227283 1.32469893 -0.00710421801
    1.42895722 0.70464772 0.0366621614 0.44179368 1.37547922 0.360818803
    -0.390097082 1.35998321 -0.224460542 -0.0576558709 1.00389433
    -0.137960106 0.624078035 1.13213289 -0.0932229161 1.07089067
    1.4473865 0.685091853 -0.456496179 0.322236061 0.615858793
    -0.306224704 0.642115891 1.34606826 0.236788034 0.155485988
    0.604285657 0.461841315 0.986127973 -0.114037097 1.69855964
    -0.283412278 -0.146150678 0.588784814 1.31925619 -0.197575629
    -0.522499621 -0.229150862 0.318537235 0.198574662 0.127698541
    1.17030168 0.258349538 0.103151619 1.29108596 0.126204908
    -0.184929818 0.187909842 0.293200672 1.59534597 0.360098958
    0.421493828 0.521395206 -0.117455423 1.59478366 0.0388485193
    0.675931334 -0.426669478 1.59689522 0.595718563 0.395335376
    -0.58329308 0.530025721 0.182494342 0.37316221 0.409929037 1.1500237
    1.31865513 0.297301829 1.33338284 0.976424932 0.204322755
    0.0876516104 1.0864234 0.65781039 -0.31811446 1.33497 1.33721066
    0.252568364 0.677614212 0.837489903 -0.276679903 -0.121389627
    -0.226728737 0.901543319 -0.0942648649 -0.533021986 1.3305974
    0.058272481 0.98817116 0.442370772 0.893433928 0.130248249
    -0.0113313198 1.31095529 -0.311562687 0.208357692 -0.624715269
    0.81928885 -0.00640660524 -0.105034947 0.780983686 0.0752409101
    -0.243497133 0.249124765 1.57254553 1.21168697 1.0565393 0.390144289
    0.509979844 0.316582024 0.0047904253 -0.547115445 -0.567815363
    0.0794571042 0.619775176 1.3742435 1.59562445 0.457900047
    0.588026285 1.38101041 1.52599549 -0.469267845 -0.185359448
    1.25460553 1.1299969 -0.0419666767 0.393368721 -0.539919376
    0.0118022561 1.22111726 0.566606343 0.626095355 1.44788861
    -0.598510325 1.40287018 0.630990148 0.840578496 0.707998574
    -0.21947512 -0.425395131 0.238836229 1.56678092 -0.496207088
    -0.468693256 0.133834124 1.03994632 -0.159670264 1.16932082
    1.14912915 -0.575369954 0.483681679 -0.225795358 0.333826542
    1.45316744 -0.521361053 0.609169543 1.06732368 1.41995764 1.10309613
    -0.0985539556 0.544007421 1.530972 -0.0714339018 -0.336483836
    0.200314105 1.12927556 -0.0243607759 -0.288822144 1.10217381
    -0.226222008 1.14880776 -0.173451513 0.606821656 1.04630673
    0.560298145 -0.368418574 -0.587441504 -0.448158175 1.17836189
    0.817578793 0.527817965 0.0138080716 0.117198527 -0.0305747986
    1.38195693 1.00308216 0.483695924 0.820827186 0.394524455 1.39315748
    -0.271898836 -0.521862566 0.819257319 0.267620325 -0.55748558
    0.112721264 -0.528501213 0.888424098 0.165182114 0.122251868
    -0.244234324 0.407080233 1.44683862 0.761507988 0.521674752
    1.1053139 1.37647569 1.02332664 0.7212708 0.073769927 -0.0970831513
    1.6132853 0.237716258 -0.261489451 1.45592546 -0.12102446 0.67043817
    0.350504279 -0.443510801 1.28478622 0.0504047871 -0.263416946
    1.2959013 0.186505973 1.60634995 -0.135794401 0.171409428 1.39747274
    0.694118977 1.00002098 0.69459486 -0.485238522 1.04679036 1.21965373
    0.898293734 -0.289656967 0.862675428 0.219938636 -0.513081908
    -0.200366199 0.14846313 0.573273063 0.454770565 0.0491619706
    1.26603067 -0.104973435 -0.496305704 0.134407997 0.474482894
    0.131539822 1.01152158 0.284956813 -0.207234472 1.44009137
    0.878959358 0.171290755 1.33415675 0.396479249 0.89475143
    0.770126522 0.784400821 -0.503827393 -0.561069489 0.517753363
    -0.304903567 1.45012784 0.0284164548 0.408795297 1.32266688
    0.607027888 0.248149037 0.696808994 0.417353749 -0.581303716
    1.60714746 0.671770394 0.376057208 0.757508159 0.865110397
    0.701268911 0.593667924 1.40129161 1.26063001 -0.318719298
    1.62627816 0.180275083 1.77811027 0.174603164 1.07046998 0.740503907
    -0.130045772 -0.185981512 -0.347021997 -0.390123665 -0.289996862
    -0.123192132 -0.509839535 1.31579065 1.48974562 0.176022232
    1.59694231 -0.0330277681 1.43851686 0.562141716 1.28072 -0.379974335
    -0.101303518 0.574623585 -0.373122245 0.54933989 1.07777238
    0.801426172 1.07326066 0.347290039 1.52171755 1.51364708 1.35091603
    1.63669848 0.812007844 0.708097637 -0.0574699044 0.767736852
    0.531511486 1.31677246 -0.146896392 -0.272895306 0.746984482
    0.174244106 -0.330367923 0.980717659 0.795213759 0.377729177
    0.291802347 0.91798377 0.110607386 -0.327715307 1.33003807
    1.00362587 0.814207911 0.24806577 1.35271597 -0.0478345752
    0.585454464 1.49154091 1.20630491 1.17330837 1.31667829 1.36658931
    -0.139151692 -0.426145017 0.0759184957 0.543387234 0.866735399
    1.36031818 0.275051892 0.60431546 1.35603547 -0.157810301
    0.816351771 0.982507288 0.174239397 -0.617584586 1.44371378
    0.873332798 1.54980373 1.403898 0.596503913 -0.105364919 0.541834176
    -0.306135833 0.560856879 0.914512694 -0.0799087882 1.08015895
    -0.110271513 1.10571551 -0.134637862 -0.295390278 0.757934153
    -0.51971221 -0.0329503417 0.233893991 0.530694544 0.688515067
    -0.0234830379 -0.589123905 1.38063359 0.444758594 1.31854093
    -0.454320014 0.836247146 -0.056371212 1.26864469 -0.336905986
    1.51655173 -0.613841653 1.18148565 -0.0235657692 0.500002205
    0.446382463 0.972419143 0.517996728 1.12826633 0.210922718
    1.30472255 0.61201328 0.350566566 1.20945919 0.209502876
    -0.0109214783 1.58511972 -0.563208282 0.467741311 -0.434958458
    -0.0416349769 -0.306345344 -0.0290505886 -0.00969982147 0.568066776
    0.892204762 0.444744289 1.13521099 0.750927329 0.140344322
    -0.255099535 1.23340082 -0.114059448 -0.597046018 0.309168339
    1.42807412 0.437918067 0.218218684 -0.300879568 0.0215355754
    0.149698377 0.955964744 -0.0759197474 1.06003547 1.62188888
    1.51103163 -0.224690318 1.04625475 -0.489902079 1.01766205
    0.66275245 -0.104009777 0.25178647 1.34440994 -0.573701262
    0.868368089 0.265074968 -0.0915029049 0.418347001 1.42987978
    0.738316715 1.1658473 -0.505920172 0.228984892 0.0264877081
    -0.440706879 0.719114482 0.280676246 1.44395709 1.29609668
    0.024795413 -0.198297888 1.5772208 1.15713406 0.627790689 1.61490703
    0.621612906 0.641090631 1.61264873 0.57142818 0.319810808
    -0.606591344 1.24417949 -0.194658279 0.449777722 1.01037216
    0.250959992 -0.120346248 0.60835892 0.970829725 0.780214906
    -0.11688894 -0.599078834 0.586625397 0.932814658 0.390244007
    0.433924973 0.829513073 -0.374655187 1.4868809 1.48759413
    -0.193498969 -0.0858076811 -0.136279911 1.54845226 -0.475266874
    0.948167741 -0.0982400775 -0.203988314 1.21069741 1.32034564
    -0.391827226 -0.583022237 0.612533987 -0.206612587 0.151509702
    -0.421568692 0.812555075 0.179909945 0.760982573 1.51066041
    0.142762482 -0.504510343 0.903348684 0.0893775821 -0.395004213
    -0.195741385 -0.142860353 1.155231 -0.238563776 -0.626806021
    0.0584273934 1.19810414 0.827995241 1.57354856 0.749696434
    1.47805095 0.577487051 0.419284344 -0.176929712 1.05423427
    -0.148983717 -0.0861383975 0.194646627 0.248978496 1.15986502
    1.06522512 0.77844286 0.728758752 -0.405954778 0.0510337949
    0.778042793 -0.244044155 -0.263864338 0.0722690821 0.346773982
    -0.196188897 0.923390865 -0.57403785 0.230083883 0.819576323
    1.02693582 1.07805014 0.0866119862 0.0341254473 0.338142395
    0.736834884 0.776246071 0.965020001 -0.442582369 0.424574733
    1.55190206 0.00747621059 1.60005689 1.61777449 -0.255348444
    1.58682632 1.44822383 -0.487085313 0.233842552 -0.510043025
    1.23582137 0.112761259 0.395487785 1.05121517 -0.224699736
    1.58367932 -0.0552359223 -0.000482022762 -0.351530522 -0.338186204
    0.64059186 0.580382943 1.02206755 0.698357463 0.329423547 1.31270516
    1.16987276 1.33988893 0.786893189 0.755248487 1.04860306 1.05174458
    0.723163247 0.337527752 0.173667431 -0.267783612 1.15385032
    0.482287347 0.127886891 0.385975897 -0.0494681597 1.45878696
    1.31358314 -0.367974818 0.138165236 1.31651902 1.53816855
    0.166910291 1.57474029 -0.460062385 -0.247377127 -0.294882417
    -0.299566001 -0.287239313 1.55959654 0.207995117 1.18593705
    0.885603249 1.37335491 0.0544497371 0.194970667 0.973974705
    0.111264527 1.49687815 0.327636957 0.992702842 -0.0822018981
    0.542832971 1.34524274 0.739729464 0.667010963 0.236261487
    -0.0479855537 0.467622042 -0.534009397 -0.0399316549 1.26897955
    -0.166340053 1.56733215 -0.0735331178 -0.29051435 0.0613021255
    0.779438317 1.22092342 1.45192409 1.09970343 0.652319729
    -0.611628056 0.149742186 0.267817438 1.52579165 0.204361439
    -0.13359338 1.18507421 0.238276303 0.76227951 1.33589458 0.135301948
    0.477599382 -0.267339408 0.678162992 -0.00155305862 0.853811145
    1.2406733 0.41606307 0.602545977 0.863155723 0.963990569 1.50827575
    1.11997473 -0.527863026 -0.139891148 0.602815568 0.369692624
    0.086779356 -0.307932198 1.12493062 0.14797318 -0.309692532
    0.53422302 -0.477577031 0.521235943 1.00078082 1.04039252 1.04696774
    1.05027318 -0.0912736058 -0.12699756 -0.102345705 1.44918668
    -0.302449226 -0.287670761 0.285997808 -0.311942518 0.145918489
    1.41525185 1.01255703 0.531923115 1.50392616 0.518245518 0.64179635
    -0.377927721 0.0474940538 1.41900504 -0.355094939 -0.159406155
    1.18610585 1.43657613 0.0464770198 0.498767316 -0.522006869
    1.39000106 1.03289747 0.401857972 1.11869621 0.257966399
    -0.0195339918 0.882982075 1.06157279 -0.577248573 0.271581411
    0.142754078 -0.169852793 0.470623255 0.268104672 0.868002474
    1.17439151 0.188931227 1.11134934 1.48627925 1.55236983 0.198641121
    1.45852089 -0.432049811 0.333107114 -0.313816488 0.885855377
    0.977485955 -0.596473098 -0.247223318 -0.164316535 0.021683991
    1.48380709 1.10564375 0.279668689 0.137728214 1.50537348 0.199453592
    0.391273856 1.08783174 1.5660255 1.09811473 -0.178305417 1.36045587
    0.0552433729 1.45285749 1.18796897 1.20667171 0.149885535
    0.816591561 0.396641672 1.07529461 1.09072685 -0.126550674
    0.859901071 -0.446427822 0.967992842 -0.289356351 -0.388502538
    -0.61242342 0.709810257 0.865615606 1.24028516 1.06166911 1.16626155
    0.723157644 1.38530874 0.984909058 1.50018728 0.688654661 1.45095515
    -0.216350138 -0.13898918 0.460783124 1.58126891 0.673152149
    -0.105767667 1.79046476 0.92200613 1.34872377 1.615592 -0.176975638
    1.56040037 1.19435954 0.266073734 0.916210234 0.290276349
    -0.536772728 0.0865285397 1.02987003 -0.0337955952 1.29955006
    -0.163304687 -0.477344334 1.39984155 1.12155044 0.943855286
    1.0936718 1.18494415 1.17342472 0.0210542083 0.251894355 0.684348345
    1.03903198 0.0354682803 0.968186319 0.259793699 1.43860245
    0.279818296 1.45341206 0.120296538 0.297746599 -0.498124421
    0.62914747 1.55329072 1.45992637 0.259788871 1.05894828 1.0618155
    -0.406442463 -0.52161628 0.128356516 0.745011389 0.954668403
    0.20399648 1.52621686 1.30690002 -0.513242185 0.708977222 1.11973333
    0.339150429 1.45814085 -0.48941046 1.22827911 1.51172936 1.46804953
    0.78989023 -0.266372383 -0.580004573 -0.296995044 0.0478027463
    0.270199537 -0.227102786 -0.556099474 -0.327918023 0.816176414
    0.889499485 1.20969534 -0.210719883 0.122447729 0.525244772
    -0.00018709898 -0.159189433 1.01205945 1.47564185 0.465521097
    1.31823397 1.52756512 0.35007447 0.326544046 1.55312276 0.75967896
    1.40704882 0.592440605 0.457287729 0.96140182 -0.231540978
    0.824802458 0.536279619 0.931482792 1.3776021 0.177338898
    -0.175679892 1.05314589 0.521891773 1.60571563 0.359567583
    0.389909565 0.525735319 0.623256922 0.370484829 -0.0459583402
    0.870775223 1.55124474 0.0754662156 1.6097039 -0.333190173
    1.02873373 0.862160206 1.56750083 1.39541233 1.05659235 1.35309577
    1.44808459 -0.252254158 -0.564838529 -0.137887239 1.5236485
    -0.577765584 0.653145313 0.203102171 0.839230597 -0.250735343
    0.7833606 0.841865063 -0.353832692 0.354243279 1.49736428
    0.873816848 0.233957291 0.0202527642 0.337404788 1.06940401
    0.628625691 1.36768842 0.127485156 0.0362473726 0.822560489
    -0.232738584 0.00571924448 -0.123543501 0.667247176 0.449723423
    -0.295627415 -0.263223618 0.970088243 0.740023911 1.3247292
    -0.278051347 -0.572969913 -0.417930782 0.152759552 0.193040669
    0.207731962 0.741915286 0.467371285 -0.577608824 -0.449522495
    -0.220938236 -0.0718152523 0.624994874 1.12574697 1.06315362
    0.290430129 -0.0583085418 1.6291759 0.753721654 0.622805893
    0.582234859 0.798927188 0.815169871 0.107018113 1.17619908
    -0.0193485618 0.789128482 0.692694187 0.451803207 0.491563082
    0.867481291 0.532828808 -0.496557355 0.0486962199 0.116913319
    1.25283098 1.26474714 -0.19325453 -0.259161353 1.40649962
    -0.29449445 1.58898973 0.579806387 0.0577344298 0.316808343
    1.13555789 1.0761863 0.748493969 0.417861223 1.10782075
    -0.0551144481 0.165252507 1.08243465 1.14975965 1.50038862 1.3694762
    1.38619614 0.233228087 0.425673604 1.12861538 -0.197008669
    -0.146821409 1.5339365 0.908253849 -0.536678791 -0.22253108
    1.58081973 1.52999842 1.45770931 0.990232706 1.36087823 1.41453695
    1.13863826 0.649325132 1.14465618 1.21119213 1.53135705 -0.241185129
    0.758218169 1.52028096 1.20107472 1.47560406 0.0301651955 1.4045248
    0.510471463 0.6109218 1.59588981 -0.402911305 -0.367907941
    -0.474128962 0.384405494 0.323446989 -0.635410786 1.18943191
    0.894472122 0.482762814 0.626154244 1.54333782 1.11835456
    -0.209022492 0.0663096309 0.0446718931 0.200646967 1.4107039
    -0.29176417 -0.22972022 0.58244884 1.60163522 0.739875436
    0.576081157 1.48070335 1.22677243 0.599459291 0.681255341
    0.991555154 0.405596375 1.40437436 1.09749365 -0.454049349
    0.501546502 0.673018336 -0.209119797 0.355101228 1.44378734
    0.389047503 0.19284004 -0.0451187491 1.58801734 -0.553155363
    -0.611768007 0.495490789 -0.0736929774 -0.120680034 -0.498991698
    0.718945324 0.255080998 1.58186102 0.738639534 -0.130291969
    1.13544512 1.30798352 -0.436950505 1.54658866 0.621087313
    0.362390459 -0.459853172 1.18927658 1.30500448 1.60240006 1.21935701
    0.099774003 1.39389467 0.0658982992 0.14358449 0.0145350099
    -0.0374920964 0.339790583 1.30532837 -0.186371863 0.72456187
    -0.555625141 -0.00560903549 1.05302954 1.32168174 1.09053469
    1.21813202 0.509431541 1.37928367 0.483737588 0.615591824
    0.789817274 1.35641718 1.17285824 1.1909349 -0.0669019222 1.51154113
    0.273852706 0.634395719 1.46240759 -0.517637193 0.353926003
    0.0796624422 -0.18152985 1.47224188 0.952706695 0.853573263
    -0.443213165 1.17698288 1.10535121 0.280130148 0.60323894 1.1034224
    0.592029691 -0.541165352 0.679318368 -0.310706973 0.244266152
    -0.0890949965 0.612522125 -0.0549034476 0.200418949 -0.0282874703
    0.25600493 0.900620937 1.2826755 1.37376881 1.00368762 0.315561473
    0.240583062 -0.244519532 0.624404132 0.575892448 0.173242569
    0.468709826 0.861541867 1.45219684 0.116372287 1.39699507 1.07887125
    1.55405474 -0.620591164 -0.502833307 -0.281760782 -0.37298122
    1.56507325 0.348913789 0.698320091 0.506409049 1.17499518
    -0.119134545 0.0141374469 1.29827404 -0.601445317 0.75894767
    0.395426869 0.375149727 1.20024014 0.569359779 0.979088902
    0.76604718 1.36823654 -0.247337759 -0.261112034 -0.373597652
    -0.0563846827 0.673362076 0.263611734 1.56081843 1.39794683
    1.2333827 0.868682861 -0.301389933 -0.462921083 0.353031576
    0.736646593 1.13568711 1.2779938 -0.0721001029 1.55668151
    0.576280653 -0.318201244 0.595081329 1.10030305 1.00737214
    0.88981396 -0.046818912 1.04859042 1.03749251 0.698572874
    -0.0625292659 0.0336761475 1.62992573 0.954136014 -0.222905278
    -0.387930453 1.36312652 0.990913153 0.135604918 0.772059977
    0.529913485 0.164980352 1.42257643 1.35877359 0.794160664 1.41950941
    0.747907579 0.261886358 -0.360185862 -0.0127189755 -0.604553103
    -0.466163397 -0.168480515 1.46744764 -0.283413589 0.875645638
    0.237377107 0.60417217 0.29557997 0.0581983924 0.888052046
    0.92888546 0.768573821 -0.505811155 -0.32010138 -0.487707913
    1.41154981 1.23232913 1.51129925 0.848433912 -0.129390717
    -0.594612777 1.51360941 -0.406857073 0.379755735 0.304048181
    0.922020674 0.31916362 1.43937421 0.720871627 0.826971114 1.28619003
    0.326822937 0.123188198 1.45844865 -0.286538363 -0.215576768
    0.808783531 0.418181181 0.247656524 0.976810157 1.06015575
    0.834611475 1.30641234 1.09844673 1.13268089 -0.0635831952
    0.733753383 -0.467637062 0.841347337 -0.0300337076 0.562904835
    1.58209801 -0.420535624 1.37715054 0.337927401 -0.042740345
    -0.587276697 -0.384065568 1.35343766 1.26855075 0.926931322
    -0.433216453 1.44409728 0.429335833 -0.378078997 1.56175065
    1.55334735 0.59952116 0.881766677 0.485743523 1.46424651 0.927087128
    1.46826303 0.735759735 1.5622189 0.41129896 0.287358195 1.23305631
    1.01244235 0.658257782 0.279820323 0.484132111 0.131250262
    -0.605866492 0.287477314 0.483127952 0.550555527 0.258668303
    1.15761805 -0.394239485 0.13484484 1.49363708 0.941046298
    -0.175123423 0.789011955 1.05966878 0.0920220017 0.606678784
    0.124770463 -0.523821354 0.940598845 -0.465598822 -0.175064594
    1.01948214 -0.504826128 1.61230266 1.32092285 -0.257212818
    0.932117581 0.0504568219 -0.46583277 0.306469858 -0.302512825
    1.57701063 0.242436171 -0.22424373 0.580552042 0.0478435755
    1.44945145 -0.0637281537 0.663935602 -0.099988699 1.33002257
    0.75530678 -0.302316964 1.35871625 0.875147521 -0.581386745
    -0.209723711 -0.0358519554 0.45991993 -0.451487184 1.58451438
    -0.228975743 1.15229428 -0.210788846 -0.463481337 1.35273576
    -0.166273296 1.52883375 0.123859704 -0.473149598 1.33465028
    0.188550174 0.598162711 0.865409613 0.257527649 1.31616282
    0.963946581 0.679276526 0.370460391 0.968835652 0.895843029
    1.50051665 -0.420794457 -0.371601045 0.932900786 -0.223452151
    0.3897205 0.675193608 1.50517511 -0.387747526 0.946709514
    -0.25183174 -0.348357677 0.765394092 -0.462043464 0.312528908
    -0.30306378 0.983724892 0.643264055 -0.0904837251 0.402444065
    -0.271198124 -0.402074277 0.834944665 0.543033838 0.208833456
    -0.507147193 1.17670846 -0.00200539827 -0.380735219 0.490851939
    1.5729028 -0.457965791 1.3272047 1.42155075 -0.0111249089
    -0.209500223 -0.254798263 0.41015625 0.974327207 -0.122711062
    0.720722854 -0.626968801 0.814732492 0.777304232 1.28941727
    -0.286350399 1.48432708 1.11860251 1.19428885 0.459371626 1.38981605
    -0.604785681 1.15546012 -0.203286052 -0.578563809 1.10501552
    -0.623440444 -0.525812864 0.212764621 1.40655887 1.35252249
    0.317890525 0.821167111 -0.503399372 1.45514393 -0.0128500462
    0.29525578 1.5611062 0.500810742 1.16799235 0.0668998361 0.127418637
    0.659566998 0.099889338 0.469327748 -0.563819587 1.01475978
    1.42418563 -0.0412650704 -0.292514265 1.02893138 -0.14321056
    1.54307389 1.50769448 -0.575502098 0.0448429585 1.28710806
    0.115150034 0.83422941 -0.160874277 -0.511261582 1.00781536
    1.26657343 -0.252009541 1.47321081 -0.438110292 0.614884675
    0.546465933 0.573216736 -0.0808556676 -0.0472286344 0.331885636
    -0.561515093 1.37941551 0.844588935 -0.601692855 1.35811985
    0.173526168 0.929478645 0.478135288 0.434196413 1.18603742
    -0.407857209 1.09097981 0.745873451 1.18620825 -0.277186155
    0.889841616 0.180405438 0.220025241 0.45630455 0.695797205
    -0.292731881 -0.589796424 0.350939095 0.731012583 0.865421176
    0.243907809 0.575002909 -0.296935588 1.56606841 0.0602242947
    -0.488112569 0.462233067 0.732056022 -0.260320783 0.221741974
    0.06108886 0.167006254 1.06910825 1.46327591 1.40100837 -0.524077952
    -0.0763446689 0.289674878 -0.127344489 -0.583594203 -0.143183112
    0.00883620977 0.569858789 1.10267067 1.54988527 0.549198091
    1.59671283 0.243576348 -0.480250299 1.44070363 -0.235810161
    1.61329913 0.386724234 -0.183235884 0.938687325 0.173819304
    -0.517950535 1.34279525 1.24801111 1.10879362 0.862795174 0.10392499
    0.404991686 1.67303145 1.74816132 0.296833098 0.237704366
    0.122502863 0.143699259 1.76442194 0.597815633 1.33444953
    0.804640412 1.71005046 -0.0290084481 1.60593748 1.42209148
    0.960709512 0.243042886 0.809873641 0.570931852 -0.186838239
    0.315771639 0.255591094 1.49059844 0.750074983 0.535538137
    0.551603615 0.262235343 0.690557659 0.0808745027 0.553175986
    1.44164419 1.27579784 0.293676496 0.369098246 -0.209318519
    0.437044382 0.828326166 1.11239982 1.24680233 -0.568263054
    0.672034681 0.47676146 0.281189919 0.0166016221 -0.435216308
    -0.00973844528 -0.236524582 1.23142982 1.26316357 0.943042397
    0.0501115918 0.024348855 1.12393689 1.2851069 0.0135135651 1.1444509
    0.417549551 0.786550939 1.08799148 0.895280242 0.159432769
    0.293372512 -0.108051002 0.126914024 0.681635916 0.0491768718
    -0.406852484 -0.00292855501 0.22985822 0.989074171 -0.527095616
    -0.423230171 -0.461971343 0.901304245 0.970301032 1.36323214
    0.969505489 -0.518416584 -0.292046517 0.562994957 -0.612606287
    -0.192881316 0.23638761 1.12145174 0.972805977 0.976583898
    0.318183064 0.564155281 1.21651947 -0.30183804 0.431484282
    1.32087541 1.612046 0.332231998 0.0382636786 1.26768982 -0.27356568
    0.601120472 -0.032002449 0.779705763 -0.290648431 0.896161079
    -0.322769582 0.0887232423 0.37219286 -0.490651757 0.344842792
    -0.49606213 -0.301037252 -0.473205447 -0.317044318 -0.459772587
    1.48314321 0.645221293 0.675891221 -0.277470499 0.232611179
    -0.329740554 1.32732153 0.633600354 0.28995043 -0.0990730524
    0.634409308 -0.349403083 0.0940818191 0.447324157 1.35681105
    0.781977713 -0.0462484956 0.781595349 1.3755548 -0.0521008968
    1.09270835 0.687912583 -0.282302171 1.06185269 1.3967855 0.735074341
    0.737125695 0.506088197 1.40663338 0.110892534 0.825125515
    0.854010463 0.595156372 1.0994873 0.685063183 0.560623646 1.12208176
    0.523768604 1.19673347 -0.279604346 0.10710907 1.38816202
    0.862328887 -0.591281891 0.901600063 0.460498869 -0.586399913
    0.234034657 -0.0888670385 1.17451477 1.17821968 0.40364933
    -0.332134187 0.432268441 1.65892911 1.4112668 0.921044469
    0.277652144 0.86910975 -0.157665104 1.19409418 1.18149567
    -0.361170083 0.0564227104 0.59941113 1.34343469 1.40574992
    -0.132412463 1.60068321 0.877663374 0.4751454 1.413589 -0.121177167
    0.434575796 0.81768322 1.10074115 -0.0618498325 0.390279293
    -0.34271419 1.24857962 0.43536061 0.449550927 0.691911042 1.24644256
    0.0760962367 1.22870374 0.13040483 1.32163239 -0.104051292
    1.33432221 0.580146492 0.59589535 0.391480684 1.30585778 0.361840308
    0.995440722 1.4589777 0.942341626 0.459030867 -0.00676810741
    1.20657182 0.256254554 1.01234531 1.02856398 -0.398990899
    0.462701976 -0.407126427 -0.395351112 0.0235170722 -0.142877817
    -0.358976424 0.878695786 -0.583710909 -0.047231853 1.09077573
    1.0826062 1.01989865 -0.264521092 -0.602053523 -0.091704905
    -0.278645337 1.18441081 0.322955906 -0.433829367 0.554819107
    -0.64136672 1.27604699 0.432907164 1.49748266 1.56857657 0.948734283
    0.813794971 0.998486459 -0.26669994 -0.317635387 0.087027669
    -0.40775767 -0.0457635522 -0.496336639 0.016557157 -0.0655989647
    -0.465765119 -0.14081493 0.268685937 1.56855321 1.17928886
    1.17836547 0.0930111408 1.46059513 0.316426814 1.74136734 1.80713558
    1.60351646 0.176339775 -0.0288422108 -0.129549563 1.63016796
    0.130538464 0.573515654 -0.444698155 1.47077131 0.790302813
    0.859407663 -0.408254623 0.308958471 1.08437967 1.2886095 1.58840001
    0.204400659 0.137855232 0.632112503 0.0205368996 0.653222144
    0.595568836 1.10826206 0.923089743 1.04983377 1.58926606 0.945189536
    1.07861662 -0.0800992846 -0.488237172 0.0975899696 0.716360569
    0.517967105 0.431952298 0.107196331 -0.256522596 -0.25607422
    0.398803532 -0.398762465 -0.30728969 -0.562234819 -0.191633433
    1.12074673 -0.154650152 0.00678783655 0.725947142 1.00530148
    0.635279715 1.22734904 -0.041947484 0.670538425 1.49902868
    1.33396018 0.863528311 0.246643186 1.61610794 0.553539693
    0.351024508 0.758035362 -0.251704752 -0.0374691486 0.776647031
    -0.213194013 1.52646446 -0.0135460496 -0.587020993 0.430892766
    1.19407296 1.35084987 0.189591467 1.27981663 1.392452 -0.530511737
    0.228803515 -0.502221107 0.092849195 0.72471261 0.238718629
    -0.314800888 -0.415217489 0.353843272 0.722629607 1.41171861
    0.538777232 0.601736963 0.823771298 -0.288495421 -0.343741417
    0.436321437 1.46795464 -0.0646834373 -0.519512355 0.062775135
    1.34066057 -0.54291153 1.07683074 0.802191556 1.50176048
    -0.223110288 0.229205132 0.112186313 -0.386690438 0.64143014
    1.25341392 1.55491424 0.442064106 0.884794831 1.38926244
    -0.115955889 0.785516679 0.769011736 1.56929588 0.290204763
    1.21980119 -0.172510952 0.628768027 0.969241023 1.32999158
    -0.33235094 1.132617 -0.477904737 0.423312128 1.31318033
    -0.308828741 -0.155772686 0.675159156 0.228877842 0.201753855
    -0.326618344 -0.127183944 0.019092679 -0.398557723 1.29744458
    1.39188921 -0.188440889 0.336945057 -0.459013999 0.434515417
    0.626885533 0.711662829 0.782602549 0.421845019 1.16296136
    1.58097291 1.02553082 1.28978825 0.72415185 1.22236645 1.1518079
    0.144345224 1.08374393 0.692768514 0.258099735 -0.320196599
    -0.372038096 -0.0129586458 0.488977551 -0.358481228 1.02621722
    0.50318104 -0.00778776407 -0.213202894 -0.162798971 -0.489888251
    0.413482606 1.18152905 0.101469874 0.71159327 0.66677022
    -0.457636476 0.376711965 0.467753291 -0.351455897 0.68984741
    0.984711349 1.17506981 1.39762235 0.277975321 0.552987576
    0.267543972 0.660441935 1.20911622 -0.111714423 -0.458161771
    -0.0686606765 0.079351604 0.0650106072 -0.598692656 -0.210791171
    1.32937753 0.417981625 1.47541952 1.18848562 -0.264998436 1.0511601
    -0.594300508 1.10452437 0.0811588168 -0.580144584 -0.0347132087
    -0.129257858 1.10712361 0.496333718 -0.621304333 1.01749015
    0.953156888 1.58232427 -0.307497114 1.3452847 0.474959552
    0.993231475 0.0677348971 0.477194369 1.25722218 0.962527871
    0.636900604 0.458497465 0.302757263 0.353420138 1.35191965
    1.15069628 1.4282136 0.0779823065 1.5339998 -0.231917232
    -0.526609361 0.0542923212 1.44130027 0.43159169 0.577715158
    -0.386930734 -0.282942504 0.91966337 1.1560123 1.4604075
    -0.347449571 0.410389185 0.754475653 1.43147421 -0.536400914
    0.131556273 1.05576706 1.2302103 0.653452754 0.722827613 0.83880055
    0.964113295 1.43141532 0.839449584 0.76418227 0.410600185 1.20994735
    0.904084265 -0.0182293952 0.0345511138 0.817845285 0.686559439
    0.319063514 0.166567475 -0.396843344 -0.461226851 0.710388362
    0.854617953 -0.484372824 0.876429319 1.43613815 0.798764884
    1.61794066 1.49331045 1.33744025 0.895789921 0.48091501 0.89491725
    1.40335417 1.40379238 0.211809397 -0.487289429 -0.305106163
    -0.280921429 1.15881777 1.41114593 0.751026094 0.722162426
    -0.434783101 0.763970673 0.862272799 -0.249084085 1.07730997
    -0.432317406 0.57272476 0.263593078 1.4686048 0.450923622
    0.733310342 0.440227449 -0.377943039 1.28295875 0.53819406
    0.551059902 0.441436768 1.20580769 1.27558923 0.733146191
    0.950481713 -0.3082259 -0.308006465 1.08289623 -0.27403599
    0.0298017859 -0.151448965 0.0688390136 0.962651134 1.51669097
    0.426468432 -0.0488376021 -0.542187333 0.977717876 0.250293434
    0.506438375 -0.531243563 0.0454075933 1.49238777 0.411010563
    1.36481333 -0.09037745 0.778744936 0.218380451 0.378270566
    0.594011843 -0.263367862 0.953160107 0.0782985091 -0.635971189
    0.943218231 0.922764778 0.538154542 1.17343664 1.57022929
    -0.322107166 0.659505308 0.746958137 0.155022025 1.59212852
    0.723361611 -0.238864601 0.0263658166 1.40427852 0.677965879
    -0.205314904 -0.591777503 0.354521811 -0.0703517795 1.50887561
    -0.210973591 0.820046544 0.796370804 0.622983575 0.43204087
    0.70749712 1.43783271 0.0248078108 -0.155446678 0.114148617
    -0.250403821 1.05115414 0.824118078 0.472275853 -0.0298520923
    -0.190098971 1.31344318 1.09791529 1.27581501 1.49582982 1.50486922
    0.82399708 -0.0649373531 0.136640787 1.25835836 1.5570724
    -0.0134208798 0.798660457 0.214218974 0.941828668 1.62728572
    -0.390029341 -0.0524158478 0.367973864 -0.244049102 0.107125938
    -0.0837236047 0.936425567 0.361825526 0.588014245 0.884984493
    -0.304162174 0.94127661 0.633509696 1.19598138 0.91665715
    0.835893214 0.515503943 1.18002057 -0.549384117 -0.0878411531
    -0.503940761 -0.051558733 -0.48053652 -0.486081153 -0.499693245
    0.81992656 -0.429298341 0.195478439 -0.0101200938 -0.0098567605
    -0.353361309 0.59475702 1.56177306 -0.565995753 0.976176143
    -0.167377889 -0.135300964 0.942911983 -0.0609952807 1.4187324
    1.24058735 -0.283008337 -0.134883761 1.42043877 -0.561336339
    0.47478199 0.437015772 0.941796064 -0.264774024 1.24978161
    0.795044005 0.5849576 1.10540533 0.565335333 0.000790655613
    -0.0675765276 -0.260724634 1.59620023 -0.370812982 0.92167151
    -0.0822352767 0.658901513 1.55486679 1.38493943 0.617882848
    0.138586342 -0.0824220777 -0.525813937 -0.0879280567 0.802724242
    1.44762945 0.105844378 0.172547579 1.36605942 0.792473495
    0.590855539 0.572519898 -0.325041592 0.347484887 0.696043074
    -0.312422842 0.470812976 1.00944889 1.14345813 1.52611041 1.00496113
    -0.548676074 1.46668673 0.774006426 -0.161313027 0.510985196
    1.24484944 1.31487119 1.09498298 0.37676096 1.11844659 0.575499892
    -0.381372273 0.378288031 -0.335800648 0.105261207 1.13312387
    -0.0890102983 -0.334833682 0.436910987 0.469289541 1.29960799
    0.104686499 -0.552348256 1.11007905 0.73641485 -0.422295243
    -0.0806897283 0.444012284 0.538000762 1.36521089 -0.0598315001
    1.56569135 0.850080907 -0.352118969 1.59160757 1.41118169
    0.168500066 0.579137802 0.724154711 -0.0522226393 1.63000369
    0.586937785 -0.133675292 0.714169621 1.71250331 0.334980279
    0.367347568 1.20376897 0.921333611 -0.451604217 0.370006502
    -0.585219502 0.924385607 -0.158260763 1.53556633 0.993776023
    0.323279321 -0.203286469 -0.567429364 1.5728097 1.40389204
    0.336502731 -0.526195228 0.155985773 0.818191409 0.506772578
    1.14269066 0.370093167 -0.162601024 0.512065411 0.196709216
    1.14230347 0.734808624 0.338472486 -0.145923495 0.329928041
    0.600432932 -0.410784245 0.0595194101 -0.0172801614 -0.24163878
    0.268598676 -0.140149504 -0.171569467 -0.317353785 1.43204165
    -0.342611104 0.583074033 0.803548336 0.13273102 -0.406811833
    0.683229685 0.549791038 1.37576473 1.52869129 0.979103088
    0.574336946 -0.395303488 -0.506698966 1.16660213 0.633645654
    -0.612223804 1.06733763 0.329437971 0.233004212 0.841859221
    -0.092232883 0.750516415 1.27755129 1.06625628 1.4851048
    0.0252531171 1.00320995 -0.224647462 -0.461348236 0.127540648
    -0.182810307 -0.557942986 0.394901097 0.494356453 1.33399713
    1.50709021 -0.443215072 0.725816548 0.891764104 -0.16664046
    0.935899913 1.31797361 0.0447452068 0.379196465 -0.478278339
    -0.168666601 1.01613283 0.612633586 0.106800735 1.06662488
    -0.533198476 0.188434422 0.880190253 0.643622994 -0.0324236155
    -0.0858706236 0.153975308 0.825417221 0.770166039 -0.275272757
    1.57410014 -0.5407691 1.10895801 0.134723902 1.14243746 1.45762539
    0.494415104 -0.139896274 -0.11145401 0.443685651 -0.0903527737
    1.47563457 1.37380934 -0.147681117 0.532276094 -0.0588827729
    0.405748129 -0.208663642 0.669986188 0.555179656 1.31238282
    -0.456997812 1.43311286 -0.257513613 0.778940141 0.408787966
    -0.420514345 0.660369337 -0.554966092 -0.31555596 -0.409006834
    -0.243333787 -0.221780121 1.51817882 1.20356655 1.08456492
    -0.411295682 1.56877112 1.37373912 0.953469992 0.845102787
    -0.354052454 0.0319814682 1.08255959 1.1907351 1.52841973
    -0.347801626 0.505427063 0.330403924 0.118156552 -0.412261963
    1.04657495 0.756540418 1.32362437 1.34161568 1.14934862 -0.198885739
    0.649220943 0.00828874111 0.952938735 -0.0435940027 0.530314088
    0.56515336 1.32338727 0.731136918 0.786134779 0.312364399
    -0.291888863 -0.162871301 1.27033007 0.744915962 1.04757237
    0.806573033 -0.447774649 1.00370491 0.80401814 -0.0644004345
    0.330617905 1.61692989 -0.0259507895 0.221260428 1.09328079
    -0.554263711 0.902984679 -0.0154090524 1.47880542 0.0835441351
    0.179689646 1.36988497 0.647578061 0.105362535 -0.454530537
    -0.39968133 0.489804268 1.16285801 1.15980864 1.18291688 0.58554852
    0.622146249 -0.301345676 0.818829894 0.716280222 0.033406496
    0.906568944 -0.365150332 0.845705032 0.529855371 1.08745468
    0.077034235 -0.471619904 -0.629850984 0.867486477 1.16011071
    1.54855442 0.592482746 -0.427927256 -0.067512691 0.379676342
    -0.531431198 1.10927296 -0.137468815 1.25547969 -0.102453768
    0.88425827 0.943114936 0.330186784 0.437886715 0.855130672
    1.49514794 1.11862993 -0.187198818 -0.0308283567 0.718438327
    1.57407165 0.878612339 1.45083952 0.911162317 0.716574252
    -0.246728867 1.41571057 0.105639935 -0.371896863 1.26932335
    -0.406990767 1.35289669 1.13585973 -0.0249997675 -0.116003901
    0.383792192 -0.115325436 1.20864046 0.999419212 1.82443011
    0.271811396 0.588505983 0.456482351 0.374603361 -0.337079585
    -0.369551659 0.277705312 0.659436584 0.402765036 -0.020437777
    0.642663538 -0.129759759 0.860010862 -0.376881003 0.43327713
    0.351911306 1.21421957 1.47821617 0.50435555 1.29526031 -0.396336257
    -0.0290596485 0.0429423451 1.00737929 0.180369616 -0.284979969
    0.773376584 1.3409462 0.456000805 1.08330464 -0.364625067 0.25485611
    0.560814917 0.623046517 0.952445805 0.326979816 0.367628038
    1.35759187 0.278063238 1.45362294 -0.193497211 0.522477269
    0.205004632 -0.429628193 0.642028391 -0.267965108 1.39247322
    0.266912282 0.410966456 0.121318877 1.32598925 0.623503804
    0.854264438 -0.0846427679 0.256113768 0.197332382 0.646791458
    0.515508413 -0.245054424 0.821027756 0.979565561 0.292191744
    1.20408463 -0.119764805 0.75311017 1.04631352 0.231956005
    0.148992956 0.667353332 1.43288374 1.15886128 0.0429012775
    0.418003678 0.393160701 -0.283071429 0.726529777 1.27559376
    1.00913143 0.905144036 -0.0469845533 1.33389497 0.0580248237
    0.847000122 -0.408545256 1.48105025 0.445414186 1.45568824
    0.168481946 1.3632555 0.84843123 -0.0759878457 1.53686845
    0.302947044 -0.0643766224 -0.147382915 1.19796801 0.318081319
    0.309560835 0.203567505 1.57158434 0.470867276 0.469549954
    1.20542526 1.2847743 -0.0458580256 -0.412412763 1.34278417
    1.06504321 0.866343319 0.385999143 0.223717451 1.00748396 1.56745267
    0.764378011 0.577428877 0.72547394 0.684744835 0.401827872
    -0.295476049 0.956607103 1.02848411 1.53964829 -0.323955655
    0.640176177 0.227170229 0.57793951 1.00015402 1.51606369
    -0.556391358 0.741234601 0.713155568 0.0732878447 1.38818908
    -0.251844287 0.449231446 -0.562245667 1.60380936 0.957305253
    0.717406392 1.1348145 -0.44646433 0.297927558 -0.0295213461
    1.35012984 1.53423357 -0.218981057 -0.324045956 -0.333782673
    0.138943195 -0.0921729803 0.654760659 1.20420456 1.14788389
    -0.247870356 1.0173943 0.580107927 -0.353932738 1.17647004
    1.01265931 1.43594408 0.529231191 1.11228681 0.15558219 1.21016622
    -0.0850166678 0.957526088 0.355993807 0.473021448 1.48490334
    1.05788124 -0.0138421655 -0.0726531148 -0.403165221 0.298377931
    0.587694049 1.46031713 1.59199309 1.12994456 0.48625052 0.682117462
    1.53085887 0.581874013 0.612918794 -0.189648211 0.544241786
    -0.495918632 -0.10248825 0.236534357 -0.265944362 0.905656695
    0.521444917 0.369521737 1.11577129 0.676441967 0.701789677
    0.773477018 0.0934541225 1.38761091 1.44580555 0.0852294564
    0.0358237028 -0.308794618 1.56878805 1.36149454 0.186574638
    1.21812224 1.61083126 0.859198272 -0.459070534 0.408744633
    0.940692127 -0.0843017697 0.708114743 -0.0766837001 -0.404788196
    0.625160038 0.545792699 -0.587787867 1.0767206 1.52544212 1.34220076
    0.860622168 -0.332410008 -0.491870493 -0.266265482 0.47173512
    0.0720285773 0.525981724 -0.341256887 0.603291154 0.353446066
    0.577502489 -0.497806013 0.535616755 -0.311350107 1.6410315
    1.65965044 0.924135149 -0.152557045 1.50173926 1.51319516 1.61107206
    0.88615185 -0.218592823 0.739272475 0.0643380284 -0.291831762
    0.814046264 0.105091542 0.636076331 1.50330567 0.267631948
    1.77267897 1.18222153 0.1953502 0.454586715 1.35107362 -0.348011106
    1.10013378 1.28289795 1.11064422 1.58485913 -0.273963213 1.05097902
    -0.095438838 -0.509320378 1.29873204 -0.136752218 1.26015568
    0.759825051 0.323593795 0.171600342 -0.292280495 -0.454918265
    1.58887982 -0.513923764 -0.0645217001 0.794232488 0.690318167
    -0.279903919 1.30236173 1.42535067 1.42866826 -0.502620816
    0.305904865 -0.497650117 0.492016196 0.010619998 0.192854583
    0.709479153 1.2985487 -0.489200056 0.319132149 0.98210001
    -0.312586844 0.575738668 1.61150479 0.716818929 1.58769703
    -0.379416585 0.350000858 0.0951218009 0.350128412 1.25738418
    0.988131285 0.713781834 0.470238149 -0.0679575503 1.629282
    0.77757901 0.433009744 0.711702287 0.189698994 -0.375770688
    0.185373425 1.62474203 -0.10082981 -0.111205876 1.63026476
    -0.253065348 0.652964115 0.14684099 -0.2975927 0.964122057
    -0.188207388 -0.446332991 -0.463816464 0.971117377 0.718510211
    -0.0277641416 0.0676437616 0.962443531 1.5067203 0.615539551
    -0.348518789 0.621450782 0.234212518 1.19343364 1.66086602
    0.853559196 -0.523601592 -0.423026174 -0.483716369 0.969005048
    0.723146737 -0.132061929 -0.305732846 0.901076078 0.733307362
    1.18751502 0.80776912 1.01046157 -0.413779289 1.35898614 0.465509832
    1.03280282 0.927847087 1.09479332 0.888728321 -0.374536991
    1.18214464 0.168628216 0.668833017 0.357213914 0.979647279
    0.472039819 1.41909826 -0.453296781 1.17075109 0.709483027
    0.266610265 1.05883455 -0.101915449 1.52226508 -0.092356056
    1.27470779 1.2339642 1.12084961 0.54122293 -0.327931583 -0.441074014
    -0.429883391 -0.185897797 -0.070746392 -0.00537472963 1.54998612
    0.780856431 0.930296123 1.13787484 0.798657238 0.933135629
    0.572305679 0.578522146 0.819560468 1.37657666 -0.502889574
    1.34201407 0.174611092 -0.238265455 0.275032699 0.760130286
    0.351061106 0.574592173 -0.156113356 -0.457048297 0.937326968
    0.785211086 1.07377851 1.48061228 -0.147259921 1.61760235
    0.593223691 1.00145888 0.0677512288 0.630354106 0.207051456
    -0.352546215 0.666077077 1.66879201 0.891067386 -0.0357470214
    0.800920904 1.42048275 1.03222716 -0.185136944 0.473832726
    1.04046798 1.66647863 0.518592477 0.00584667921 -0.100673944
    0.327932894 1.63805246 0.811200142 1.64688635 1.00638008 1.37324905
    1.45870435 1.39578891 0.391756356 -0.0782729387 -0.445982933
    1.16084766 1.1365509 1.2169615 0.063818574 1.16918206 -0.0140042305
    1.52623129 -0.384326875 1.15063739 1.29584837 1.34105718 1.39822531
    0.831483364 -0.162409335 0.399607599 1.26396465 0.515921891
    -0.0331913233 1.07074547 0.641254783 1.42476559 0.887940764
    -0.319110751 -0.29772222 0.0549123287 0.493595243 1.01486301
    0.928649187 0.625661194 -0.0104111433 -0.2127904 1.15514624
    0.770145595 -0.09091869 1.06393194 0.0185950994 -0.0164410472
    1.55854726 -0.042775631 1.21641457 0.476347685 0.140476167
    -0.0704126954 -0.18495816 1.0118382 0.716307938 1.66130257
    1.00913382 0.739930689 1.30966353 1.05984521 -0.050021857 1.03194392
    1.22131801 -0.544312119 -0.428391159 1.4478662 -0.0700052977
    0.0299625993 1.4707886 -0.23510465 1.56444454 1.06012559 1.82708669
    1.74639785 0.148615986 0.978195906 0.016043216 1.93102145
    0.455320537 -0.115627095 -0.3016617 1.07776594 1.42988086 1.03114963
    0.0232857168 1.58622169 0.595955253 -0.225000441 1.51301503
    0.526028037 1.16399312 1.11768103 -0.0468135774 -0.332305074
    1.51112401 -0.27323541 -0.129231513 1.28651595 1.21245444
    0.824254274 0.509075701 0.0189538598 1.71951103 1.12932348 1.2135396
    1.0104754 1.5013752 1.2189399 1.36378193 -0.119404644 0.215493381
    0.720775604 1.63510799 -0.0529289544 1.02320349 -0.170274317
    -0.187620401 0.413683414 -0.0676748753 0.116978943 -0.331087947
    0.156818032 1.23541808 -0.49700439 1.26286256 1.23098779 1.59121251
    0.8010903 1.04915023 1.64094448 0.797531366 0.606364965 -0.470531464
    0.461887777 1.01075208 0.745227516 1.44345474 0.730876267
    0.0105245113 1.3980298 0.989760935 0.459038913 0.312515557
    0.50969702 -0.446751326 1.24493599 0.0650069118 -0.173215926
    1.54113638 0.8460958 0.779352427 0.961943924 -0.378651738 1.19285977
    1.26492703 0.65026927 1.14409876 0.954359114 1.33104169 1.13826847
    0.953842103 1.37855554 0.110373437 0.2572276 -0.127825081 1.07942748
    -0.241489261 0.647780001 1.58684587 1.10469317 0.425094038
    0.591353655 1.54797459 1.10548496 0.131933451 0.326122999 1.26634157
    0.841901302 1.0902127 0.950154722 1.68275499 -0.340613663
    0.321062446 1.06296229 -0.376649588 1.53483868 -0.0465241671
    -0.387252271 1.42779016 0.0586056113 1.62955666 1.36414111
    0.827140689 0.264659882 1.20306802 1.24408364 -0.0413621366
    1.11316741 1.51133227 1.72830129 0.297857881 0.506879151 0.590343177
    1.54143977 -0.296189904 -0.260109812 0.199600071 0.552593172
    1.19636226 0.926789522 0.340733886 0.703586221 1.5575788 0.43844521
    1.65641797 1.67918932 0.337148368 1.19766092 -0.107623011 1.44365621
    -0.468567342 0.59288162 1.62350452 0.768301547 0.905057251
    1.69797873 0.226516962 -0.182841599 0.170042813 -0.228862673
    1.24230623 -0.348219693 0.88902986 -0.280922502 0.924183846
    1.1147964 -0.429965973 1.08539999 0.674438238 1.60656404 0.193428069
    -0.296096474 1.20601857 -0.136542141 -0.397521317 1.0700624
    -0.037186116 -0.239219278 0.818864346 -0.338130951 1.40444505
    0.953998327 0.114970922 1.5598321 0.956584096 1.46050239 -0.1342085
    0.088778615 0.0499745607 0.955113232 0.449399948 -0.307968616
    1.22664785 0.0572821796 0.440254301 -0.434011579 0.455420315
    1.31418216 0.183758497 0.648352504 0.0137169957 0.374531776
    0.668819904 -0.277063608 0.672583461 1.34046674 1.25571692
    -0.265631258 0.113073647 0.177707374 0.599132538 1.11580372
    1.56203055 1.26041484 1.42424655 -0.434934199 -0.12961641
    -0.0803185999 0.984278381 1.53368807 0.706456125 0.72224164
    0.590649962 -0.330679446 1.09498441 0.973648965 0.856876075
    -0.21346724 1.35173821 -0.0333768725 -0.0609751344 0.267704546
    0.829224706 0.46435678 1.66866088 -0.24485141 0.413810968
    -0.0823779106 0.967248857 -0.193006158 0.237671137 0.397287011
    1.40085912 0.311270416 0.363010108 -0.188789725 0.786122978
    -0.278250754 -0.0713059604 0.0336264372 0.720796585 1.3743906
    1.04817009 1.05887449 0.231019974 0.381915182 1.33911359 0.961189568
    0.496453404 1.34828901 1.41534829 -0.0460176766 0.218941599
    0.130825818 1.85472894 1.10629642 0.165810585 -0.128417119
    1.10892344 -0.384146631 0.217605054 1.26478028 -0.394198209
    1.62550199 0.685579062 0.649197876 -0.41728583 0.806683004 1.173648
    0.783514977 -0.0616589189 0.896684527 1.55429482 0.991634429
    0.711036205 1.5148468 0.562628388 1.02384222 0.939693928 1.63480008
    1.66599739 -0.369746208 0.299951822 0.794858813 -0.274799854
    1.2437706 0.52030164 0.499245673 0.75528717 0.699523509 1.38450301
    0.0315051675 0.516086817 -0.0288969576 -0.0414147973 0.347367108
    1.02900767 1.54634917 0.00515922904 1.51557279 0.463310331
    0.750908852 0.216919214 1.51796699 0.257110298 1.59049416
    0.817347765 1.36196506 -0.417469442 1.70668149 1.68068194
    0.882909238 1.57592356 0.570868254 0.775952816 0.0828181803
    0.0483570993 -0.221151084 1.49512863 1.46863198 0.207104087
    0.997412205 0.413417488 1.42834914 -0.350582123 0.906510651
    0.578372955 0.534609675 0.373469532 1.17071712 -0.0951996148
    0.259416997 0.460851371 -0.0512663424 -0.46459496 1.09101355
    -0.32612586 1.66857338 0.630328834 0.0181028247 1.61568069
    0.690427601 1.25030124 0.997841179 -0.106106758 1.13447523
    0.944518805 0.384653449 0.614897311 -0.179403692 1.43210149
    0.859519064 0.978787601 1.51474309 -0.0190705061 0.423997581
    1.44238603 0.626201868 -0.216772407 0.183009863 0.144382238
    0.356456935 1.08595991 -0.154154718 0.387705743 0.359335124
    0.890192926 0.4517169 1.4331522 0.257060587 -0.404560566 0.581585169
    1.44600606 1.13158941 1.34625745 1.7522831 -0.457182765 1.41341305
    0.185595036 -0.452007562 0.103622228 -0.0146476626 1.30809426
    0.291823536 0.402460694 0.86558795 1.29513121 1.70305002 1.03486371
    0.906989217 1.13402069 0.90052855 1.06287789 0.192367733 1.51861084
    0.876990139 1.71127522 0.613702893 0.990014553 0.323976338
    1.28251207 -0.0682977438 0.377761871 1.24838817 0.315793127
    -0.407636762 -0.153784633 -0.182997614 1.54400337 0.596090555
    0.591492534 -0.0804831982 0.831638217 0.96077317 0.921667278
    -0.0169107318 1.16841006 0.616234839 0.335736722 0.773460269
    -0.458339661 0.430069804 0.135153264 1.21827316 -0.0423394144
    1.54562759 -0.243961722 0.0954014361 0.917260766 0.599826336
    0.369508177 1.37627447 0.766747236 0.796094418 -0.47080341
    0.694445848 1.71741843 0.267932057 -0.160854697 0.743423581
    1.54884207 0.277222991 1.74076676 0.191265345 -0.269720435
    1.22740364 -0.00425046682 0.923668385 1.13316476 0.103657871
    -0.0143623352 0.892727911 -0.273801923 1.6685977 1.64494812
    1.00285935 -0.218007922 -0.250558794 1.3251102 1.24713981
    0.974752367 0.668045044 0.202049136 0.260383219 0.488554209
    0.533596873 0.0307579637 0.504855931 0.488947392 0.0905066729
    0.027659297 1.04424322 0.852958679 0.268877268 1.32452095
    0.471527636 1.5036869 0.433903188 0.768420696 1.14503241 0.208147049
    1.52035451 1.21204996 1.363554 0.292571098 0.00690382719 1.28918898
    1.43797672 1.65271449 -0.274600327 -0.169343352 -0.189496249
    1.66709375 1.54942489 0.641182423 -0.278193504 0.176498771
    0.931313634 0.505966544 1.34084845 0.795320511 -0.216553107
    0.44273904 1.19452775 1.09797776 0.808647335 -0.0457984507
    1.22896433 0.353260398 0.612220645 1.34350872 0.914169788 1.90973639
    1.10154736 0.302935481 0.372043431 1.43158019 0.199713707
    -0.142667711 0.952546418 0.843432188 0.960213423 1.11970484
    0.464695513 -0.238008395 0.268017173 -0.214652434 1.0611397
    0.992754996 0.763998628 0.55922842 -0.0633957982 0.101807386
    1.05230224 1.30257297 0.886130691 1.0216136 -0.40961507 1.18728137
    1.67744243 -0.255824983 0.160197377 0.445723891 1.27750945
    1.26172757 0.943731785 1.53038311 1.43299985 0.888102412 1.08038664
    0.296998471 -0.258272469 1.00917935 1.13965464 1.48954713
    -0.374946952 0.588801384 0.762925625 -0.259374648 -0.304207265
    0.650725126 -0.0655930042 0.186718881 -0.312451661 -0.288956195
    1.14649773 -0.375458598 1.10653961 0.263353646 -0.0822261572
    1.44057071 0.528787613 1.40327168 1.21533179 -0.0360185802
    1.54217529 0.398076594 0.726986706 1.74248183 -0.187764436
    0.0323532224 1.05975556 0.941028833 1.69312453 1.1202147 1.36685658
    -0.0700345635 0.53846693 1.52830815 1.42561138 0.769018054
    1.01712322 0.14991653 0.0673911572 0.552032351 -0.308851004
    0.71011579 0.831138194 0.584636033 1.12068534 1.22466445 1.62726021
    0.459770739 1.02192187 0.850818634 1.23015904 0.2032713 0.949797869
    0.0942299068 0.654752254 1.3297019 0.699086249 1.6193471 1.31034636
    1.40726185 -0.293133408 0.505603731 1.38233232 1.58022368 1.38937378
    1.05356896 1.73153734 0.980017185 1.37356901 0.31705147 0.662190378
    0.834802449 -0.141285419 1.12621677 -0.411801994 -0.160308212
    0.427201211 1.02027011 0.150507599 0.889480948 0.180219978
    -0.374292195 1.67683339 0.246364713 0.15105775 1.11077023
    0.314427704 1.22707057 0.709063768 -0.43843767 0.290742606
    0.539393961 0.59978199 -0.421732187 1.64336503 1.31277823
    0.652074218 1.0859828 1.26615381 1.66004479 -0.38413173 1.1495477
    0.510655284 1.73736084 0.164268643 0.576950669 0.877119899
    1.52438283 1.24201775 -0.171627551 0.924030781 1.16617203 1.02746201
    1.03916991 0.721238732 -0.227950886 -0.0853663087 1.68648911
    -0.111105889 1.73800135 1.55743599 -0.143596768 -0.0148336291
    1.59123325 0.714250207 1.79121709 0.330999076 -0.13231805 1.03345704
    0.623706639 0.95501852 -0.378852606 -0.229500011 -0.432169616
    -0.0895278156 0.151908338 0.985081375 1.62569952 -0.0945178568
    0.516391397 0.0304941535 -0.207560211 0.669500709 0.347809523
    1.10064161 -0.261761367 1.41743493 1.1648941 -0.366745293
    0.557332754 1.73115611 0.802544713 0.0680833161 1.47940493
    0.386965126 0.966050625 1.36551416 0.327402204 1.42544043 1.13522625
    1.66730428 1.49315488 0.848437786 -0.141889542 1.74703717 0.88705039
    1.20089424 -0.44160068 1.1188482 0.561936021 1.50813198 -0.13379994
    1.61092663 -0.195147902 0.631013036 1.32530355 0.505695939
    -0.0181002319 1.16996849 1.18059492 1.24813437 -0.0943402946
    0.526946604 0.570450008 0.301937371 0.559434891 0.152839869
    1.05863774 -0.264231831 1.26354277 1.57834303 0.0168991089
    1.15825176 0.367605388 0.150398731 -0.298491508 0.143332869
    0.924024165 1.71935248 -0.0768297017 -0.316717744 0.441486627
    -0.00476616621 0.0177243054 -0.202233434 0.466212302 -0.185839355
    1.61547184 0.70751673 1.08029068 0.540813506 0.44460386 0.774641454
    -0.255156755 0.618433177 0.853007734 1.50359094 1.51268089
    0.686299801 1.17867374 -0.345254868 1.50545633 -0.224087104
    1.44209051 0.48829335 1.43231142 1.19043875 0.606970191 1.77924097
    -0.0901185572 -0.154540539 0.164824814 0.414763868 0.710242927
    0.010756135 -0.318039119 0.0729242563 -0.342885703 0.443584412
    -0.181835949 0.214665443 0.454200566 0.891285598 1.49927497
    1.65319347 0.140656561 1.49590445 1.47531676 0.731767118 1.17919338
    0.150232792 1.31669247 0.510756135 1.54946423 1.45969701 0.730116427
    -0.120165437 1.4077822 0.52038157 1.45650947 1.604123 -0.346832275
    0.992743134 1.22948611 0.854394794 -0.000810176134 0.191570073
    0.352415562 0.913172781 0.0715491474 1.74241972 1.57345998
    1.47861123 0.8218081 0.169961423 0.252417803 0.592051327 1.10475838
    1.55683911 0.999793172 1.13869035 1.41406739 0.493529439 1.59476328
    1.77660322 1.55122256 0.54470408 0.100275546 0.773806214 0.434518158
    0.77164495 0.2108275 0.888647079 -0.211187139 0.0237824917
    1.76794076 -0.0154543221 -0.144591808 0.854294717 0.207445204
    0.99799943 -0.0759924948 1.78038859 0.61546737 0.216326088
    0.727432251 -0.171861172 1.19365406 0.875403047 1.22844183
    -0.308348954 1.21387339 1.27223837 -0.368965745 1.49913824
    0.251328468 0.118845791 0.929596424 -0.237882957 0.410986751
    0.73608768 1.73973644 -0.116928726 0.91414398 1.44429064 1.80691195
    0.265856147 1.5921061 -0.336343825 0.910556674 0.696973801
    0.551836252 1.5762614 1.29424119 -0.316743106 0.210071146
    -0.285529822 0.502808571 0.707047045 1.82963228 -0.308605015
    0.814128518 -0.00978243351 -0.161907434 0.588477135 1.80542839
    -0.399798125 -0.0281778872 0.720232248 0.65167892 0.012340188
    -0.126666903 0.377789646 -0.170101166 1.71502829 -0.242583632
    0.364719242 1.26521325 0.727398992 1.47121704 0.00803589821
    1.64799988 0.906203508 0.699581921 1.20088279 0.237718135
    0.918669462 0.094217062 0.279337376 0.998511314 1.5779593
    -0.135418773 0.826932788 -0.392869055 0.848065197 -0.384998441
    0.0806582868 0.0394923687 0.418139011 0.864599109 0.399293572
    0.822865009 0.818546891 0.0566663444 0.295598954 1.47758913
    1.14134932 1.20927405 -0.0847042501 0.338600069 1.40330374
    0.588914514 0.0547939539 1.36656392 0.586543679 0.812726557
    0.185909659 1.63185692 -0.0432192981 0.473695219 1.20772362
    0.227741003 0.395665169 1.42684937 -0.365348458 0.852424145
    -0.303905159 -0.29027319 0.625626683 0.306447148 0.670608163
    0.502438545 0.678263545 0.00592765212 -0.292262495 0.212188989
    1.57586229 0.653454065 0.351766735 1.3895576 -0.336498916
    0.974542856 0.440845102 0.633816481 1.73000455 -0.0833900869
    0.728202224 0.94904685 1.05246115 -0.186854899 0.75334847
    0.180335343 0.0665331781 0.904322386 1.7551477 1.14482939 1.0614512
    1.40090024 1.80003703 0.163216829 0.992051482 1.37116981 1.01850259
    -0.372989178 0.411190271 0.0290383399 0.649389625 0.875396371
    0.628754497 1.82998085 0.302669019 0.122978657 0.455868363
    1.50106525 -0.278786957 -0.385368884 0.290764481 -0.360520035
    -0.15294145 1.35222912 0.824098229 0.633415341 0.974958718
    1.56995177 1.75768685 -0.00211417675 0.590061367 1.98655486
    1.34674525 -0.124171585 1.91605473 1.88907647 1.01028323 1.48795092
    0.490062952 0.303208858 0.00233757496 1.45604396 0.360427648
    0.593037844 0.242505431 0.211046606 -0.269933432 0.225240201
    1.62557697 1.24951243 1.19044495 0.435415506 -0.261019588 1.80723822
    -0.0823872089 1.51173508 -0.0645191073 1.0708102 -0.314100951
    0.329485208 0.907504678 1.4522531 0.842238367 -0.353371084
    1.47415447 0.445974618 1.34882081 -0.112522155 1.25795448
    0.665485859 1.27402258 1.11053503 -0.106895924 0.942391932
    0.173989147 0.951425672 0.420049816 0.0463610291 1.03210032
    1.40369761 -0.314291298 1.2197144 1.40615129 0.480513424 0.130878866
    0.108420312 1.2242074 0.665020108 0.114998192 -0.387469321
    1.83014071 -0.249346927 1.39380133 0.635437608 -0.239590123
    0.197119504 1.69375682 -0.0979177058 0.0437462032 0.592410326
    1.66511297 0.164524853 0.442103088 0.649565339 0.805738091
    0.422097206 0.148417354 1.05211949 -0.0439727306 0.907071948
    0.57066828 -0.0315757692 1.65084243 1.16684759 0.348161191
    0.506795287 1.23521221 -0.111778408 1.33100557 0.19672662
    0.708787084 1.82986259e-05 0.297798514 -0.31259042 -0.156907439
    0.611721218 0.491746336 1.42496395 0.821279585 1.70977616
    0.673897743 0.176629454 0.385135055 1.75030947 1.09250367
    -0.343002945 0.67081809 1.3102181 0.838059545 0.858287036
    0.315168947 -0.158700585 1.12940788 0.544398963 1.35442305
    -0.14918685 1.06364226 0.169348419 0.108576119 1.42678297
    0.913783967 -0.360481113 -0.157692075 -0.272551298 0.424393505
    -0.286890835 1.22039986 0.631258845 0.179906219 1.5011189 1.62931657
    1.68425298 0.713615775 1.20301771 1.4976666 0.769232869 1.24193633
    1.46597004 0.0641894937 -0.126573443 0.618973613 1.12978554
    0.479780763 1.62147832 1.80728412 1.02084386 1.47391522 1.00812495
    0.598711729 -0.0261636078 0.118368268 0.188888043 0.769062459
    0.16848433 0.74947089 1.82388079 -0.267228782 -0.0150063634
    0.74532485 1.84894311 0.272711098 1.41637659 1.44300234 0.399682939
    0.283759892 0.758213878 -0.366143495 1.41042566 1.23101401
    0.121883214 0.109094828 1.28686702 1.63310218 0.634894133
    0.449539393 1.39059126 0.746069193 0.535579503 0.627912402
    0.983890772 1.0935837 1.25004458 1.23502326 0.28363353 1.31538916
    1.31099188 -0.0546505153 0.642571747 0.542428493 1.23396158
    -0.182056144 -0.310470521 0.729132533 0.615708113 0.581888914
    -0.0178057551 1.67564702 -0.0202361345 0.745625019 -0.325015843
    0.881498516 0.342565745 0.527121902 -0.273183018 -0.280090123
    -0.302634776 0.708670199 0.321305245 0.7797544 1.36176598 1.03490627
    1.7913475 0.172899634 1.16788149 0.410464406 0.347670197 0.324980617
    1.78496122 1.68320727 0.966241956 1.62284374 1.01241148 0.706427872
    0.689543188 1.34706306 0.680038333 1.17532849 -0.18965885 1.51708007
    1.61084354 -0.195318207 1.67216349 -0.025065124 0.0549444258
    0.232303619 1.3640188 -0.310928106 0.670799613 0.242823392
    1.32731307 1.18655407 -0.374082804 0.399354756 0.115557402
    1.49733806 -0.304835588 1.76656127 -0.292727023 0.103124171
    0.563850462 0.158320665 0.578817129 0.694872797 0.77540338
    1.88702655 0.322379112 0.319182098 0.253939331 1.98702931 1.00530219
    1.10606778 1.43786216 1.39697278 0.903410733 0.347276181 0.712970972
    -0.0962432623 0.384044677 0.128404438 -0.232499957 1.54069006
    0.307340682 1.5183661 -0.0701418519 0.994636595 -0.250438988
    1.44326949 0.558533669 -0.160512954 1.24163198 -0.082772404
    0.733286619 0.1746912 1.87929678 1.05746722 1.41876709 1.63007271
    0.785507798 1.41438818 1.41109574 -0.252826095 -0.155381933
    1.86069298 1.4804126 -0.210213989 0.164975762 1.2794832 0.327082813
    0.848942399 1.52849317 0.374845803 1.61066067 0.547582388 1.0874157
    0.806376874 0.874971926 1.14609921 -0.233133718 -0.0942085087
    0.912575245 0.840897918 0.0695554912 0.332908958 1.47982121
    1.74071181 0.273397982 1.48746538 0.899047911 -0.0240369141
    0.509185076 0.255208939 1.59259248 0.191518068 1.35667753
    0.621674299 -0.140709013 0.900965571 1.28885841 1.17349815
    1.11632681 1.61935139 0.501874864 0.325442523 1.17735052 1.76383173
    1.47023034 1.373981 -0.349111825 0.765526414 -0.0911432505
    -0.268619508 1.58006513 1.32607627 0.220531255 -0.0676549077
    0.33256349 0.887478232 0.796981394 1.56867623 1.11542594 0.634958982
    0.245468855 0.871235371 0.450032204 0.764785171 0.969973803
    0.639843941 -0.341118991 1.453583 1.04427624 1.44598901 1.73213196
    0.383368284 0.157940209 1.0967257 0.140614748 -0.335444212
    0.950033069 -0.244603619 0.881941676 0.176564366 0.455105573
    1.3341068 -0.271384776 1.11012793 0.360014796 1.24256825 0.995780587
    0.40403387 0.727330148 1.01421893 0.71585834 -0.0164809525
    0.366153568 0.637650847 1.64975405 1.6666975 -0.196823075 1.19041657
    0.608837247 0.301299393 -0.125309795 1.8147223 0.0585105717
    1.15408993 0.491024077 1.05580139 0.856321454 0.456806034
    0.595932007 1.01324403 -0.0935308337 1.52439237 1.23652816
    -0.1553334 0.479437262 0.466474593 -0.174126476 -0.0372784734
    -0.229306042 1.70891023 -0.252415866 1.36782575 1.77402306
    -0.205163687 0.821710706 1.52639508 0.45949918 0.424506068
    -0.223609328 0.613184571 0.312134176 0.667509317 -0.060208261
    0.327542901 1.21083808 1.74701691 0.890209794 1.43916392 0.447755247
    1.6055038 0.142539829 1.51605749 0.742417574 -0.122139022
    -0.244863123 1.7950778 1.46621847 0.0612193644 0.499988914
    1.26556838 1.37430501 0.519444764 0.572065473 0.461256653 1.73274064
    0.155795634 1.68469799 1.00144506 -0.1897365 0.426621944 0.582788825
    1.04694903 -0.147746399 0.0487295091 1.2163837 0.707664013
    1.63990402 1.09307051 -0.134545013 0.546047568 -0.0265418589
    -0.0530659854 0.419708997 1.02026153 1.6662097 1.13895798 1.31685519
    -0.0811251104 1.14440084 1.34434986 1.74210441 0.854006112
    1.44197345 1.64172006 0.055945307 0.0381794572 0.555669367
    0.742328525 1.66746092 1.40506244 1.57031 0.293970525 1.45055127
    1.47271931 0.0649739802 -0.0496101379 1.85407794 -0.225280777
    0.241976082 0.330417037 0.930338323 1.11350334 1.18395364 1.40040219
    0.70291549 0.0927411318 0.589102864 1.37198019 1.10101271
    0.0922071636 0.0474787056 0.987806141 0.314106286 1.56519353
    1.61934376 0.146473378 0.334984958 1.49903452 0.982135475 0.91065532
    1.26669276 1.00198364 1.36004257 0.493484795 1.64331961 1.48526037
    0.57565701 1.2908988 -0.102681279 1.76165104 -0.148315698
    0.846430779 0.562705994 0.221709073 1.40295291 1.73923659 1.37493479
    1.09955978 0.763925552 1.87433171 0.698140919 1.1967082 0.125155479
    -0.288663954 0.684238136 1.30025029 0.408858508 0.962927461
    0.0352283716 0.596663713 0.127271533 0.0367030203 1.32563066
    1.62311852 1.85926068 0.190982729 0.966825008 0.165879369
    0.372071475 1.21288669 -0.300762594 0.399650514 1.03042769
    1.69070232 -0.244688094 1.77148056 0.711960673 1.09136677 1.51195383
    1.89800155 1.28523326 -0.1577124 -0.0620685518 1.13017702 1.74717367
    1.02499366 1.14183211 -0.180815652 0.655972362 0.0119596422
    1.90673828 -0.0137110651 0.970280051 0.797329724 1.60271704
    0.686513424 0.945819974 1.02118266 0.894999146 0.576982617
    0.833436072 1.44086647 0.335234553 0.475325167 0.496292144
    -0.205739379 1.13059688 1.12140393 0.27614215 1.4239285 1.0005815
    1.0109942 -0.0798272789 1.49220181 1.03529799 0.911625564 1.67739689
    1.72650194 0.769182146 0.0862349272 -0.264477432 1.30349517
    0.788384795 0.0714354217 -0.185623586 0.918642044 0.226123571
    0.169787526 0.401773095 0.673591018 1.38913822 0.186115235
    0.741403341 1.62592161 0.417072296 0.914541245 1.58823693 1.0491941
    1.24619412 0.412257731 1.22258735 0.850569904 1.51255727 0.827803195
    -0.334207028 1.76307631 -0.0976879746 0.527868748 0.802339435
    0.332903117 1.09592986 1.25176251 0.178153366 0.225290895
    -0.246458501 -0.0968437791 0.240421593 0.650546849 0.200478882
    0.353714675 -0.0319916904 -0.0456597209 1.05674934 1.00501156
    1.2085079 1.37849832 0.157670587 0.195511192 1.53109741 0.157188267
    -0.020372808 0.516800106 0.789756715 0.996541739 1.16937876
    0.255607128 0.933018863 1.30466497 0.214376628 0.994814277
    0.677656651 0.634412348 0.963535547 0.0490552187 0.444537193
    0.0958418846 -0.0861261487 1.11248291 1.5832684 1.89592493
    0.10250026 1.68216419 1.09239292 0.80548346 0.0383878946 0.741013646
    0.0733971 0.200739831 0.0116923749 -0.0342001319 0.819567442
    0.921824813 -0.106449723 -0.0286215842 1.09862685 1.28500152
    1.18703532 1.29306424 0.0927691758 -0.232385367 0.152022421
    0.120598763 0.304154009 -0.072956875 0.378683597 0.541078448
    1.59649587 1.73934543 -0.130128145 0.565389037 1.90265179 1.26888645
    0.0182517171 0.493631959 0.0697336197 0.103535622 -0.0817637295
    1.3776238 1.84823918 1.74582219 -0.201372921 -0.0307917595
    -0.0968769342 1.46224427 0.549076796 0.391789228 -0.0371406674
    1.81613863 -0.241584957 -0.0612451732 -0.0421656072 1.49530089
    0.226100057 0.96853888 -0.290311933 0.0253102779 1.81256676
    0.723585606 0.482120246 0.0184147358 -0.060159117 1.69890726
    1.20379698 1.82852817 1.60553622 -0.0646641254 1.14971232 1.8256911
    1.25434637 0.808368444 0.759040713 1.36651659 0.980843842
    0.781469107 0.25697282 1.13647389 1.33084524 1.28422904
    -0.0154082477 1.48224831 -0.108653128 0.556691051 0.203715384
    0.88102591 1.16731024 0.618404746 0.37539646 1.68128669 0.595407307
    1.01077008 0.326582104 0.719897687 0.856030524 1.75606251
    0.803089559 0.423270345 -0.0684798062</data></my_img>
<your_img type_id="opencv-matrix">
  <rows>128</rows>
  <cols>256</cols>
  <dt>f</dt>
  <data>
    1.07704079 0.550903022 0.903150141 0.822348714 1.17744482
    0.327420741 0.932919025 0.730232716 0.965519428 0.675182462
    0.641687632 0.464366704 0.717551708 1.16448331 0.867313504
    0.683324933 0.99732703 1.02460945 1.2326901 0.764564872 0.317389011
    0.826258361 0.394244909 0.670941234 0.365109563 0.375213951
    0.937281966 0.375338376 0.331006825 0.363117635 0.86882031
    0.804433227 0.904848397 0.663814962 0.736143708 1.17409146
    0.359011143 0.370233715 0.829914451 0.841776848 0.402572006
    0.508433998 0.973446012 0.912787318 0.863757908 1.11245465
    1.00206554 0.746615052 1.26584709 0.438408077 0.506983459
    0.698848069 0.369930685 0.56907326 0.744710624 0.826505303
    0.423779488 0.800827563 1.11491168 1.02370167 1.26320672 0.558978379
    0.481268734 1.29910982 1.31624711 0.355409533 1.01415133 1.14663506
    0.539728343 1.11816895 0.954580545 0.938747287 0.495430022
    0.758199036 0.875235558 0.500542343 0.84614104 1.18128157 1.0973357
    0.756488562 0.625101566 0.757751286 0.47879836 0.702598691
    1.11522949 1.24356198 0.969767034 0.364762485 1.03571904 0.579084158
    0.640654683 0.502765477 1.05861378 0.999619365 0.765551686
    0.552218735 0.880596399 0.719902396 1.03921497 0.565839767
    1.25231922 0.575800598 0.650697529 1.24229932 0.458295077
    0.731836975 0.625076354 0.821681798 1.24019337 1.14385831 1.21588326
    0.959636211 0.966006815 1.17099261 1.18887258 1.2495836 0.910318613
    0.387965322 0.798369586 0.843423247 0.379508942 1.31775987
    0.988228619 0.422862381 1.11245322 0.572146654 0.500979185
    0.385646462 0.859339952 1.24432325 0.982734561 1.10437489 1.16618884
    1.14507782 1.04562485 0.792534769 0.568023622 0.437387347 1.20820057
    0.641512096 0.793300092 0.776567698 1.27078676 1.31724823
    0.711579323 1.13616872 1.15615571 0.699103773 0.861077189
    0.994010866 1.088516 1.06459332 1.27245057 0.520611942 0.452687979
    0.818664849 0.540262222 0.666480601 0.74750489 1.08966112 0.97346133
    0.718387783 1.02366042 1.28355622 1.07654238 0.453859568 0.692454457
    0.526285946 0.894584894 0.958521128 0.992027462 1.21459746
    0.609957874 1.01372266 1.21464109 0.93078059 0.966780365 1.21324027
    0.411602318 0.514217496 1.28115416 0.748037219 0.625487924
    1.10904014 0.523348093 0.33585453 1.02765667 1.22865868 0.919973373
    0.793988049 1.19839025 0.846984446 0.628417909 0.638898015
    0.530882001 0.862834334 0.797005594 0.392943114 1.03721905
    1.27660799 1.15288687 0.380075157 0.587780535 0.935365796
    0.601513743 1.24164724 0.893181562 0.65704906 0.855203807
    0.708250344 1.20185208 1.33505976 1.30091751 0.617729306 1.25295258
    1.13348532 0.455759376 0.83044374 0.32246688 0.991994917 0.746744573
    1.1804024 0.869306803 0.324298173 0.589830101 0.795639634 1.22925937
    1.15975869 0.978944123 0.915053248 0.75026232 0.746915102
    0.600015402 0.521307647 0.972061872 0.434997857 0.497941107
    0.405550569 0.849288821 0.949800193 0.612273753 1.30360949
    0.508240461 0.599184692 0.837344587 1.18252861 0.833762228
    0.448024541 0.409255683 1.0109762 0.480360001 0.571870446
    0.717875898 0.836948633 0.695683956 0.239732847 0.454802662
    0.823117852 0.454349786 1.24868858 0.87275207 0.831537426
    0.948609948 0.830637395 0.628129363 0.388526171 1.00733423
    0.45931235 1.00066102 1.13092411 1.09624374 1.26240492 1.08550167
    1.16051829 0.374180973 0.79066658 0.579256117 0.402427971
    0.941454649 0.68656683 1.15364289 1.0711714 1.17518914 0.76687485
    1.21518612 0.477410495 0.797175229 0.416137993 0.959467709
    0.680012703 1.16775131 1.14542127 1.2014569 1.35532486 0.830479562
    1.1870271 0.732429981 1.03918982 1.19585729 0.987144947 0.903944671
    0.592714012 0.62786603 1.34869194 0.816538274 1.12451541 0.594055235
    1.24752104 0.393358976 1.26921856 1.17101645 1.10357058 0.710386336
    1.2103188 1.11219478 0.664756358 1.0985322 0.655647814 0.691183567
    1.01554382 1.30877924 0.534525037 1.14235878 0.445915878 0.509134591
    1.29904747 0.742455423 0.544317484 0.803103328 0.594001174
    0.729563653 0.923936427 0.501267612 1.205742 1.03734791 0.688420296
    0.903611302 0.8216784 1.13065851 1.30340874 0.59000802 0.710466981
    0.841157854 0.522843063 0.507472396 0.780507147 1.14596939
    0.623378873 1.205562 0.390018702 1.25655591 0.910032511 1.14497936
    0.640488744 0.81514734 0.433439076 0.602946877 1.28104854 0.38002941
    1.09936059 0.41565755 1.24813342 1.06023777 1.22176445 0.417221189
    1.13975143 1.07651711 1.07850587 0.376283377 1.05017495 0.675172806
    0.869812131 1.16261494 0.922810912 0.95261991 0.719016671
    0.671963513 0.519845665 1.05950522 0.962225258 0.487357378
    1.05972064 0.971414983 0.685018837 0.424620897 1.15561211 1.0797683
    0.766264975 0.787129581 0.553052843 1.25185275 0.64536041
    0.404492229 0.5865646 0.843629777 0.712563038 0.73561728 0.686335266
    0.56605047 0.700553238 0.798503876 0.50196445 0.809410095
    0.377776623 0.829176247 0.859828234 1.25563824 0.626357496
    1.24853075 0.923642397 0.901300967 1.1467793 0.70691222 0.394037634
    0.628152132 0.753170669 1.14894891 1.21759546 0.84969902 1.19708049
    0.612652242 0.559097052 1.08733022 0.81843555 0.795333862
    0.473898888 0.682676971 1.09247553 1.19437861 0.536132455 1.32716238
    1.24556899 0.651454926 1.32898843 1.11063492 0.54655844 0.367012262
    0.870114028 0.780458927 0.441547543 0.397462845 0.512833238
    0.400386989 1.06733942 1.31515694 0.825945139 0.958011508
    0.536521852 1.15215361 0.998055518 1.2469058 1.20410168 0.957619965
    1.30224848 1.0646826 1.05545807 0.698712885 0.995175421 0.883975327
    1.26346314 1.17082536 0.996487021 0.846591592 1.05059397 1.30940211
    0.601967275 0.860272586 0.392848343 0.860317349 0.980837047
    1.10683262 0.744577408 0.719393611 1.18156159 0.678352833 1.27518106
    1.11423039 0.415844172 0.96341151 1.16814339 0.981707692 0.617627025
    0.545722187 0.493089706 0.484414697 0.76680249 1.02407897
    0.940736115 1.01419795 0.530850112 0.759209991 0.472215086
    1.08879042 0.631755948 1.10091472 0.953838408 0.856787145 1.24782491
    0.767933905 0.672681451 0.453891486 0.929785609 0.382118583
    1.26667893 1.16822302 0.70285368 1.23112464 1.09971011 0.845204115
    1.1520164 0.255415946 0.326102495 0.693375766 0.548697352
    0.532784581 0.317032158 1.20182538 1.12924898 0.989081144 0.86428833
    1.00213003 0.504284024 0.506366849 1.10104215 0.890139222
    0.918661833 0.862143934 0.704588413 1.03904092 0.483379096
    1.30945063 0.620658338 1.25247014 1.07509542 1.09141111 1.2142719
    0.875901878 0.544423521 1.33886182 0.594112933 0.925851107
    0.889235616 0.716595411 0.664261222 0.971704602 0.720858037
    1.15730751 1.18211997 1.0585655 1.2066015 1.37061691 0.99495101
    0.572446823 1.26361501 0.619903684 0.592156827 0.478414387
    0.907455802 1.35212183 1.04371095 1.118752 1.14179862 1.32563102
    0.472184271 1.19081068 1.25926721 1.06921458 1.29148912 0.491008312
    1.31253004 0.430011481 1.18510771 0.514131725 0.658097625 1.0000217
    0.860111833 1.08243215 0.651915193 1.31689882 0.578973949 0.46268779
    0.856031537 0.72836113 0.816039979 1.13426566 0.477136165
    0.930632234 0.826522648 1.20511174 0.897519529 1.29935157 1.19341135
    0.847007513 0.428338796 1.26667142 1.16771483 1.29271829 0.574773967
    0.470719248 0.703698099 0.716811955 0.743326485 0.407760769
    0.820702791 0.925915241 1.3756628 1.14583147 0.431810468 0.935032308
    1.1088115 0.723960876 1.34913826 1.28234267 1.14190567 0.802339137
    1.24175382 0.809185863 0.673267424 0.529524207 0.432717294
    1.01316297 0.650892317 0.632220864 0.968675792 0.830002129
    0.828154266 0.52341938 0.408224493 1.18171954 0.425793886 1.25092697
    0.785147548 0.951961339 0.408953428 0.858599246 1.18414712
    0.561695337 0.788929582 0.750332177 1.31626499 1.27268314
    0.680940151 1.3271749 0.99074918 0.549720287 0.557542801 0.720536053
    0.883128166 0.414862007 1.25267589 0.850383639 0.601049006
    1.31004739 0.666323304 1.14601374 0.810994327 0.789829016 0.68123728
    0.392957628 1.00368261 1.22190452 1.18699849 0.692643464 1.07437897
    0.414903969 1.16581881 0.847826958 0.440103859 1.34489727 1.0172298
    0.836694419 1.2649281 1.06548846 0.430719018 1.31238365 1.05810535
    0.939372957 0.853051841 0.642322361 0.580467165 0.876543224
    0.604235172 1.11543322 0.92857641 0.955367088 1.08405435 1.18250179
    1.23208976 0.67034179 0.485405654 1.16295028 0.99200058 1.09446657
    0.835932493 0.406466782 0.738402367 1.25413454 0.680239737
    1.04446173 0.962973654 0.651233375 1.3570807 0.713299155 1.33743632
    1.03212309 0.45162794 0.528764963 1.38272822 1.21728623 1.07120454
    1.00523365 0.756404221 1.09759676 1.10305703 1.07796526 1.38389814
    1.03016484 1.08783865 0.47209388 0.620392561 1.02885985 0.494767934
    1.26874089 1.14470088 1.36139309 0.748141706 0.830915928 0.924688876
    1.32506549 1.1748085 1.35771132 0.758192778 0.434976637 1.17825282
    0.535766602 1.28778064 1.02315366 0.536409557 1.2626431 0.900264084
    0.506505072 0.637019098 0.573745608 1.23682439 0.388105392
    0.971450567 0.986715674 0.460890025 1.26552868 0.64695859
    0.548951268 0.837111354 1.06028378 0.557703614 0.459425509
    1.09541345 0.572478294 0.555533051 1.17758739 0.886181474
    0.545256317 0.757796705 1.10210502 0.957124531 0.584602714
    0.87572664 1.19403124 1.06255913 1.12737644 0.582876027 0.900511682
    0.56545341 0.365349084 0.873937309 0.686843693 1.01934087
    0.942619264 1.17050493 0.588296711 1.06930542 0.761896431 1.32239938
    0.707138598 0.41850087 0.632631183 1.01141071 0.858115792
    0.746760249 1.08658767 0.990818501 1.11030412 0.554218948
    0.480085462 1.38694751 1.28849649 0.433419347 0.551655233
    0.723936141 0.438333899 0.949114263 1.42176902 1.04808009
    0.681664407 0.838607669 1.17400646 0.557635486 1.13660312 1.21167076
    1.27200651 0.479824752 1.00104952 0.864197373 1.08782065 0.605863273
    1.26612484 1.02734208 1.32788384 0.470214128 1.17994654 0.870011926
    0.715811253 1.35784078 0.698615134 0.468203366 1.09489775
    0.688502371 1.39099598 1.36010921 1.24592674 1.27974582 0.915044844
    1.35899425 0.523483157 0.555701733 1.07173634 0.744550824 1.2038269
    1.2006768 0.922389567 0.809767127 1.37277567 0.768821061 1.25105989
    0.831617594 0.65944159 0.714495361 0.442185074 0.460944682
    0.905264378 1.01555622 1.21704412 0.582252026 0.654189527
    0.473411798 0.789752424 1.25143218 1.33810532 1.28366768 0.926946461
    1.05171716 0.745859861 0.657551527 0.443006039 0.99506259
    0.755170286 1.24871695 1.40441227 1.15607357 1.41711974 1.32532144
    0.685548306 0.862407386 0.819842219 0.463676512 1.24935675
    1.06283724 0.703797281 0.944062948 1.39625406 1.22861588 1.01860654
    0.642744064 1.04038179 1.11975658 1.26839483 1.32331288 1.39048493
    1.34056759 0.461752921 0.486927956 0.88052386 0.913957834 0.47700873
    0.775694191 0.696894228 0.752520502 0.835718811 0.818917811
    0.665475249 1.18789184 0.581015885 1.38730347 0.878340065
    0.735595345 1.3421979 0.430672467 0.52102679 1.02438819 0.53101325
    1.38422561 1.17277789 1.19258022 0.885972857 1.35785079 1.36614442
    0.494228423 1.12422705 0.583647728 0.553249836 0.893848658
    0.822178483 0.553198457 0.488502413 0.944737732 0.845662534
    0.458557069 0.793457568 1.22873068 0.746672153 0.800024271
    0.503755391 1.0531882 1.3452853 1.42214906 0.550155997 0.931751192
    0.991494954 0.746844113 0.51818943 0.612149537 0.802989423
    1.22827935 0.721969306 1.28507018 0.90083921 1.37400401 1.03248549
    0.699946284 1.17899215 0.751311064 1.38839865 0.629841387 0.89507246
    0.450759083 1.35481203 0.606599629 1.25900531 0.835983217 1.28132606
    0.574671626 0.977775216 0.818725407 0.839360178 1.43778002
    1.26414418 1.04219341 1.03737736 0.996355355 1.12804615 1.26806927
    1.0043447 0.504842758 1.3901335 1.18449843 0.624325216 1.02967441
    0.454213172 0.65274924 0.579883277 0.579831719 0.921932876
    0.77010113 1.05034673 0.543586552 0.893668115 0.996087253 1.1352042
    1.19455183 0.884870052 0.499103725 0.431669116 0.599927127
    0.617576659 1.37145305 1.08338535 0.511987805 0.507631958 0.70109731
    0.78161484 0.859630585 1.20674169 0.602772415 0.60009557 0.821121693
    1.14862835 0.759622633 0.441985458 0.800092697 0.425403684
    1.33844352 1.34929609 1.23850822 0.659200728 1.06380892 0.923063695
    1.07820559 1.191522 0.745556176 0.398619145 0.911891222 0.701608181
    0.928429484 1.01650846 0.493347853 1.22459841 0.896033287
    0.398568422 1.01452422 0.909116626 1.22071409 1.02073908 1.2927115
    0.625097096 1.14404714 0.687375247 1.38705838 1.28182459 1.02537274
    0.570687532 0.871837199 1.05358624 0.707354367 0.860643446
    0.804822743 1.38960326 1.09095144 0.447006345 0.995208442 1.06024468
    1.3632623 0.745538414 1.40057898 1.12491298 0.558609545 1.12560725
    1.24124026 0.9053725 0.852366388 1.02077854 0.895558774 0.769744396
    1.19307101 0.684567571 0.922917247 0.812792957 1.03079677 1.15292943
    1.0915699 1.123281 0.965195775 0.852056265 0.785203338 1.41702318
    1.30799282 1.01880145 1.14029157 1.03352273 0.943532109 0.667090118
    1.176319 0.973126471 1.22653818 1.31928492 0.975994706 1.14678752
    0.821442962 1.15724266 0.95120275 0.855106115 1.32731164 0.948416114
    1.46089602 1.34954596 1.34556079 0.564540744 0.694206655 1.26833725
    1.21296549 1.34830523 1.38916636 0.877169728 0.665303528 1.28139246
    0.801531732 1.14170873 1.22157013 1.18508649 1.43740702 0.924838483
    1.32347453 0.590408444 0.669119418 0.668402016 1.00445354
    0.833125651 0.59744817 1.05611801 0.762749851 1.01080227 1.08407843
    0.54578048 0.57887131 0.841673791 1.2874217 1.04876506 1.25367188
    0.954482436 1.24576342 0.811211824 1.24365675 0.482820719 1.1686846
    1.14095283 0.912192583 0.961482465 1.3062098 1.3137635 1.1443975
    1.02460301 1.19932842 0.614879906 0.826613069 0.431073487
    0.890817106 0.787071288 0.660734713 1.36697459 1.28860319 0.8808164
    1.23404706 1.17542505 0.835590065 0.439051867 0.607557893
    0.601628482 0.907964349 1.22254598 1.35780644 1.37579811 0.979024231
    0.748248518 0.936226308 0.884835064 0.626281679 1.29882646
    0.647669196 0.928163648 0.487147927 0.742605865 0.808535397
    1.15439951 1.21640217 0.995533884 0.661983848 0.454421192 1.23269272
    0.998066127 0.614134192 0.734272122 0.636810184 1.32836568
    0.899014831 0.892269492 1.25215602 1.42120111 0.880086064
    0.878490925 0.878197849 1.29516971 0.830483139 0.507171094
    1.07609582 0.709455967 1.37361836 0.674126327 0.578200936
    0.604986846 0.48289144 0.735744774 1.43611193 1.41595089 0.682882667
    0.726066649 0.496102005 0.558490813 1.16330504 0.797422111
    0.619918764 0.869218469 0.59043473 0.741144896 0.839247167
    1.37690413 0.737511277 1.3955164 1.17236817 1.26514399 0.501390219
    0.664383829 0.606552124 0.790391624 1.46661711 1.03295076 1.12422311
    1.26344764 1.45733035 1.41866004 0.819792867 0.767165005 0.558985293
    1.37763894 1.44291782 0.666139543 0.901338041 1.09334064 1.32443762
    1.32274997 0.763025045 0.99117738 0.736747861 0.470113367 1.00712895
    1.45768535 1.41941369 0.749407887 1.43568015 1.36896861 1.24153495
    0.663772762 0.571128726 0.49559328 0.553740323 0.604517937
    1.13613367 0.86665839 0.541844249 0.988993168 0.696903944 1.04808331
    1.33499134 1.34290588 1.23791122 0.897651434 0.72963196 0.785513997
    1.06944788 1.32392442 0.985495746 1.23483479 1.05936289 0.598849416
    0.752986193 1.0611763 0.587953389 0.723978221 0.807663202
    0.355701059 1.24573731 0.379857302 0.431133837 1.00542152
    0.816170573 0.609083354 1.20269632 1.36832309 0.457583189
    0.432810426 1.12275076 0.580136538 1.47360492 0.957896709 0.63102001
    0.553977191 1.38594592 1.17850232 1.3188765 0.743090868 0.698478281
    0.5996328 1.1944102 0.728338003 0.780164957 1.2388283 0.994403303
    0.66313535 1.12730432 0.971436441 0.877587378 1.41736865 0.722191811
    1.31613231 1.20784199 0.975430548 1.4967643 0.732382119 0.90083164
    0.820028782 0.540904284 1.10708439 0.593351483 1.17929482 1.16454661
    1.29843986 1.11617482 1.16566217 0.840388775 1.29828525 1.24424696
    1.09740281 0.938966155 1.35940886 0.694202542 0.744043827 0.52564615
    0.981592 0.952782691 0.842719197 0.611413598 1.40824699 1.21699452
    0.905760527 0.607977211 1.12408316 1.335585 0.51515764 0.997620404
    0.622667789 0.597302675 0.828658938 1.22066832 1.33646297
    0.523259401 1.47524071 0.693396509 0.836362422 0.673652768
    1.19608903 0.721212566 1.14065373 1.48144186 0.748473942 0.753060937
    1.33960402 1.16057622 1.10807288 0.774326205 1.34974277 0.904224694
    1.44470072 0.84351933 0.979326844 1.15604305 1.34445202 1.36441076
    0.496975064 0.576773822 0.571791112 1.15521765 0.951100171
    0.846713245 0.857265115 1.26202655 0.541968048 1.00914156 1.1434859
    0.919233978 0.875026762 1.24006486 1.06100893 0.758247018
    0.806728721 0.719031096 0.650218606 0.730511129 1.42341638
    1.38450015 1.4347508 1.20354247 1.13841891 0.998857617 1.14818025
    1.07030773 1.40714002 1.27625144 1.13505816 0.657911062 0.945578396
    1.27394581 1.43411458 1.20127261 1.09270716 0.595192671 0.887417793
    0.924654305 0.674926937 1.00802946 0.988171756 0.708376825
    0.76770407 1.37685704 1.12029064 0.689043701 0.727107882 0.575048506
    0.907567561 1.39540339 1.16936147 0.753170073 0.701371074 1.10365033
    0.73153162 0.988767207 1.39006186 0.614439964 1.02017069 0.659125507
    1.33144414 1.41414642 1.33084893 0.657737911 1.16734397 0.781717837
    1.05835557 1.39595962 1.43843138 1.05761766 0.574348152 1.16239882
    1.19605887 0.694255292 1.4560082 0.810262799 1.42631423 0.853931248
    1.37394369 1.09305406 1.47743928 0.699425459 0.883358419 0.722541988
    0.81474781 1.01495981 0.726324439 1.28686333 1.32738626 0.909061849
    0.691734314 0.754976094 1.08504927 0.529740036 1.04131651 1.24404669
    0.757909954 0.731671572 1.27933526 1.20532274 1.28231311 1.12474084
    1.01804912 0.890231729 1.0712676 1.21280026 0.630265594 1.49942613
    1.17609835 0.883929372 1.38544953 1.39849019 0.938829184 0.751824915
    1.12794101 0.562008142 0.72114414 0.797258139 1.26938045 1.2840122
    1.16256893 1.03451812 0.658573508 1.47463214 0.824771762 0.889151216
    1.03751254 0.865460575 0.800326943 1.26679301 0.751242936 1.27651179
    1.11937487 1.38602567 0.665984094 0.974617004 1.27411211 1.19350266
    0.684697688 1.1144253 1.44991302 0.731685162 0.724115729 1.33876681
    0.581712365 1.20731258 0.848941565 1.10362756 0.825334668 1.41565454
    1.12570333 1.43361688 0.727658033 1.30036187 0.862236321 1.26982892
    0.893097579 0.615273714 0.976581156 0.480937243 1.29252911
    1.29985583 1.01308048 1.16643703 0.494832277 0.9090662 0.903099358
    0.529741526 0.944627523 1.02238619 1.03546107 1.12364328 0.881613731
    0.660726607 0.809721112 0.961156845 0.770339906 0.731842697
    1.06187308 1.07170641 1.38551855 1.42200112 0.545718551 0.986695826
    1.48274732 1.16783965 0.687247157 1.19270706 0.937455297 1.03598273
    0.545625567 0.798458397 0.96791482 0.943543851 1.18698037
    0.840151429 1.43928206 1.52671385 1.30426025 1.07166803 1.19070983
    0.687268496 0.783323109 0.815179467 1.32681537 0.681475222 1.4234966
    1.32630253 1.30156875 0.779314578 0.791704834 0.871945024 1.27395773
    1.08962297 0.768748641 1.08951414 1.4524225 1.05329132 1.17475426
    0.770115018 1.10187852 1.35891438 0.926839173 1.48824608 0.720866084
    0.838008583 1.3151623 1.34144926 0.602936566 1.25668144 1.20229387
    0.549960315 1.27011824 1.05646622 0.786527216 1.18405914 0.90126133
    1.14397633 0.868436217 1.01527977 0.820615053 0.953090549 1.09256327
    0.738729596 1.08864391 0.770690858 0.527689695 1.29508364
    0.836783946 0.677162588 0.605243981 1.40972412 0.750016391
    1.26015198 0.728773534 0.637049258 1.01239443 0.998160303 1.1338979
    0.850686193 0.731492937 0.799996138 0.927133322 0.622454405
    0.922681868 1.16617274 0.84994936 0.890871346 1.27156746 0.541870594
    0.548092127 0.93965894 0.53060782 1.24190986 1.45978653 0.600747108
    1.29546022 0.856566489 1.26882851 0.560646057 0.844165444 1.08571911
    1.08222687 1.34288669 0.517304778 1.26897192 0.517592311 0.723246992
    1.15494919 0.621845663 1.4699254 0.837070584 1.32669306 0.607171297
    1.20451117 1.30349076 0.785797596 1.24623728 0.851486742 0.776978076
    1.30188668 1.20031476 1.23314846 0.959266901 0.945431471 1.34633529
    1.46460998 0.607778907 1.14899576 1.43359423 0.95565182 1.23104179
    0.584005535 1.15449286 1.27790749 0.639290214 1.00045371 0.66937238
    1.16921699 0.771628201 0.678584576 1.28283584 0.706000388 1.04054725
    1.20387387 0.962028325 0.938330352 1.27185416 1.45860064 0.76370275
    1.05402792 0.979969561 1.38727617 0.983374417 0.832430303
    0.744516611 1.28544617 0.786360264 0.829528451 1.46252561 1.36696434
    1.31541109 0.759240746 0.670645058 0.655211627 0.78950274 1.00848424
    1.36031735 1.06850874 0.742251456 0.53058058 1.14126611 0.567281544
    0.865745544 1.0648824 1.44118011 1.53420317 0.915775955 1.06208003
    0.701310694 0.814192235 0.728019118 1.42462182 1.51367617
    0.681224287 1.01722646 1.17782617 1.30577362 1.43940473 1.31158376
    1.30985534 0.652289987 0.669795752 0.896236241 1.33076358
    0.710844636 0.90585506 1.33357 0.879216373 1.28543675 0.589494884
    0.781314254 1.00085747 0.924544394 0.863712013 1.14950812 1.39577878
    0.774311662 0.75042516 0.618221998 1.03234029 1.42840171 1.49235439
    0.836654603 0.714898825 1.20113754 0.90060991 0.728952408
    0.838731289 1.25501776 1.16026247 0.54901439 0.778985858 0.680161595
    1.19466412 0.75751555 1.29920125 0.995236754 0.831127286 1.39330423
    0.869511664 0.537780881 1.1265831 0.902576029 1.11066127 0.486065239
    1.03610218 0.475519955 1.36831272 0.400550127 0.850814819 1.07013607
    1.23061335 1.14880323 1.27092957 1.29226887 1.4236871 0.913524151
    1.0223825 1.49664927 1.52153492 1.26611173 0.577415884 0.776542842
    1.19150817 1.19230878 0.890541315 1.11607015 0.65961957 0.547065258
    1.40441346 1.1725868 0.865111411 0.621850193 1.21554852 1.29925966
    0.995989025 1.28938663 1.26946139 0.585024774 0.6918962 0.75526762
    1.5594337 1.21179259 0.598206937 1.38748586 0.833740652 1.15413105
    1.07323682 1.33610296 1.39289391 1.40557754 1.35472846 0.761627197
    1.09880555 1.02195048 1.54627216 1.50308204 0.669609129 0.865525424
    1.24619484 1.08936381 1.15124118 0.764016986 0.654061973 0.856960654
    0.842955291 1.36982644 0.769156814 0.83888644 0.880866289 1.04201174
    0.902925074 1.42677057 0.97198385 0.786018252 1.12415934 1.20971131
    0.803015232 1.1507982 1.5422157 1.13257051 1.07920492 1.20753002
    1.43032503 0.817905903 1.18865466 0.611880362 1.55571067 0.803894043
    1.28694713 1.05276728 0.923864663 1.25283635 1.19959557 1.29613733
    0.713367462 0.8055439 1.53096664 1.50327432 1.31053293 0.800152123
    1.35595858 1.32099462 1.54096806 1.05174673 1.29952407 1.38788164
    0.744586349 0.910188019 1.42506623 1.04086494 1.02290773 0.560297608
    1.53387046 1.02887082 1.1003828 0.679529488 0.73317194 0.959764063
    0.909161508 1.36527658 1.18578219 1.07873583 0.984119236 0.840462267
    0.933772683 0.83621794 1.10682702 0.685686052 0.573741317
    0.973346233 1.00472355 1.08544505 1.3885082 0.708826303 1.26855004
    0.993291616 0.584650278 1.01349854 0.955363393 1.48735309 1.48311508
    0.593794584 1.02512991 1.43333733 1.0847609 1.51720071 1.33550203
    0.882387578 1.41810191 1.21369219 1.18610287 1.02460122 0.888660133
    0.833356619 0.938835025 0.911489904 1.32226634 1.37813759
    0.920084953 1.2506119 0.966498971 0.831756055 1.09186447 0.921103001
    1.36030734 0.669181764 0.714012623 0.661709964 0.588752568
    1.21462953 0.839353383 1.02723908 0.612108946 1.16642833 1.22905767
    0.834864616 0.843657851 0.815281034 1.02679002 0.711372614
    1.47833002 1.16960871 1.14755881 0.709678769 0.922354162 0.774064064
    0.638481677 0.966312349 0.855009437 0.973697841 0.943399847
    1.19707465 0.577337921 0.564282715 1.53272748 1.44216096 1.18424976
    1.31969512 1.24251509 1.02756882 0.85763377 1.0811311 1.42944372
    0.976176441 1.13451517 1.32002294 1.13772249 0.713725984 1.07673216
    1.0586127 1.12588394 1.4904772 1.45825815 1.42250478 0.76022774
    1.5368129 1.43135417 1.28180933 1.45171559 0.863589346 0.971949041
    1.19936895 0.689651072 0.740822613 1.0704608 1.13135481 1.54992294
    1.20941937 0.956233919 0.816026568 0.608187675 1.02233803 1.26388764
    1.28853798 1.13957453 0.589041293 0.698351145 1.30223477 1.07059145
    1.37048864 0.891784787 1.4609853 1.43940461 1.03920984 1.43085778
    1.46787632 0.581861317 1.55446362 1.42636728 0.644512594 1.36613894
    0.612937093 1.35757446 1.34924161 0.578187466 1.35735178 1.19118273
    1.28946638 0.835348845 0.41888082 1.30367982 1.0500195 0.788851619
    0.489276022 1.36010623 1.4064101 1.37960494 1.46802306 0.586867392
    0.96259129 1.57789433 0.962562799 0.839436889 0.696794748
    0.909667313 0.727413416 1.3999896 0.881196856 1.02721012 0.731710196
    0.926596701 1.52244627 1.47056031 0.809780061 1.48627031 1.54617035
    1.28619909 1.09468925 0.976295173 1.04693389 1.26448393 1.35054719
    1.38785684 0.690361381 1.53261852 1.40880227 1.43421781 1.50571883
    0.987104475 0.627672017 0.843861938 0.947838426 1.24489689
    0.762357593 1.44203258 1.21548903 1.42009735 1.53307486 1.57769871
    0.658386052 0.810920596 1.18472099 1.57572865 0.711221278
    0.754758537 0.713272929 0.725102425 1.44795668 0.715579271
    1.34680212 0.865891397 1.2460705 0.864976645 1.13021564 1.39817631
    1.37613928 1.14637506 0.637517035 0.835338414 1.12010312 1.27076066
    1.4778645 0.64109093 1.14583707 1.58264685 1.43653333 0.683686495
    1.00109029 0.88766098 0.6378389 1.5425061 0.946891546 1.44186366
    0.861308515 1.0467056 1.42214155 1.11964536 1.57868421 1.47748482
    1.52341545 1.04064512 0.956838489 1.58608425 1.41155672 0.773410439
    1.17536438 1.43434966 0.66451335 1.0230341 0.848030925 1.10446608
    0.967502296 0.735460222 1.52863717 1.08169222 1.42235315 1.04667759
    1.44004607 1.10215425 0.751669884 0.587736368 0.736237824 1.10712194
    1.40950048 0.735461056 1.09308505 0.665336251 0.595295548 1.01166701
    0.62461859 1.2091496 1.30023789 1.37204206 0.660748243 1.49134851
    1.52863777 1.54994333 1.20397091 0.765798926 0.77216059 1.39758706
    1.44455099 0.702825308 1.45218563 0.742017627 0.901815653
    0.910099924 1.11457348 0.936840296 0.901352942 1.52995038 1.19206512
    0.860935628 0.586140454 0.942317367 1.48712599 0.949138343
    1.52854145 0.9547773 0.837338626 0.876210868 1.23444915 0.932462037
    0.822404504 0.645406961 0.750495434 1.53023171 1.44790494 1.26421881
    1.07556129 1.14387226 1.35285306 0.890760243 0.822534919 0.617768943
    1.21167707 1.26569986 1.25071287 1.4122417 0.902478039 0.629969001
    1.50834239 1.58594692 1.52932847 0.677701473 1.0107851 0.63926053
    1.49942327 1.27931702 1.10994661 1.27129436 1.37964475 1.08149374
    1.5316484 0.9088099 1.05616987 0.664221108 1.58475125 1.45099497
    0.944199204 1.1835531 1.52295411 1.49132609 1.37412834 1.56506884
    1.55336893 0.641382813 0.817145646 1.41944051 1.38185692 1.54193056
    0.734587073 1.10669124 1.16710842 0.949202538 0.948386371
    0.816360235 0.97850579 1.2768172 0.821472049 0.843712807 1.43181527
    0.674735725 1.52877748 1.27190912 0.692348778 0.69214958 1.00092578
    1.53208959 1.54779685 1.11344755 0.695604265 0.837473094 0.876703024
    0.711672246 0.695686162 1.10017419 1.20573032 1.40062678 1.4195751
    1.47259188 1.36588192 0.986544251 1.56951809 0.5905357 1.26061416
    1.42371583 1.51110685 1.38033473 1.32878506 1.38444543 0.747499108
    0.713827252 1.12311828 1.24257815 1.0200299 1.15976751 1.03389537
    1.31258118 0.626051486 1.41695452 0.868647516 0.980800986 1.2256391
    0.369253993 0.572066426 1.29912484 0.820972502 1.26224566
    0.970778525 1.43845761 0.787549496 0.693991423 1.25245941 1.15065992
    1.54729271 1.53297901 0.801286697 0.712903857 1.09744549 0.737849832
    0.635504365 1.48953855 1.52651751 0.723256171 1.12031746 1.23216426
    1.23850513 1.27610755 0.708587348 1.27215195 1.16589975 1.57473373
    0.797621727 1.33594263 1.60590982 1.62269723 0.922222018 0.890734792
    0.86746335 1.00224972 0.861206353 1.21074438 1.33621716 1.01597786
    1.40344453 0.857499361 1.5724287 1.36202872 0.734330535 0.811779678
    0.772956014 0.909114718 1.54576027 1.42178762 0.954078019
    0.678412378 1.48805928 1.00214136 1.38180578 1.50405467 1.61065888
    1.18197405 1.31917763 1.43810713 1.44041491 1.20013034 1.27624869
    1.02947652 1.56022751 1.33873713 1.12245893 1.11035359 1.21780789
    0.797618151 1.43681145 1.57648849 0.730696797 1.5325768 1.31434917
    1.41915727 0.862909615 1.22615111 1.10860956 1.32803202 0.722790897
    0.988249838 0.969911039 1.10501015 0.820308268 0.82613188 1.32587802
    1.06634903 1.2191292 1.03298855 0.833698392 1.05208492 1.62234235
    1.30035853 0.985256791 1.50820231 0.657154679 1.18303525 0.845839143
    1.10651553 1.57590985 1.02802253 1.19571412 0.695241153 0.793875635
    0.709479094 1.38906729 1.09442043 0.975463688 1.01831222 1.55316794
    0.965538442 1.27684617 1.23795223 0.920078456 0.623041928 1.07065105
    0.726074636 1.141258 1.23327768 0.801451623 1.15468049 0.965259731
    0.811438024 1.12449002 1.04658186 0.877645552 1.07536399 1.16290748
    1.15485024 1.49877489 1.03353274 1.03854036 1.24428225 1.44193482
    0.961974263 1.18747675 0.758093596 1.08038056 1.28836918 1.02133071
    0.793459117 1.21436501 1.39603913 1.04838359 1.29156542 0.69786638
    1.23459244 0.65370965 1.4364531 0.764063001 1.22356188 0.997735798
    1.52517653 0.693124413 1.56022608 1.1647228 0.892414093 1.48346364
    1.37095547 0.678692579 1.50732589 1.58082271 1.50707185 0.952463031
    1.54017782 0.796469212 1.57270384 1.59036708 1.41080379 1.34908497
    1.23869991 0.930384755 0.776295722 1.58352757 1.14987659 1.30502021
    1.18224347 1.55907941 1.19489324 1.14106226 1.38563585 1.39540648
    1.39382231 0.952520072 0.742819607 0.730006158 1.49763846
    0.899994254 0.969484091 1.46124685 1.5089469 1.31639779 0.95371592
    1.42753768 0.814287484 1.51482749 1.13531065 1.52429974 1.02912819
    0.752775908 0.877317727 0.955667317 0.686607897 0.933599472
    1.45342767 1.36457622 1.60750806 0.943886161 0.827790499 1.40951991
    0.837807477 1.47950363 1.35251379 1.53648162 1.22567689 1.42205262
    1.10058188 0.684085667 1.15744209 1.40991199 0.900371969 0.719055414
    0.755751491 0.966122687 1.01225257 1.22146344 0.800007343 0.88551265
    0.77636379 1.03075325 1.34834731 0.734922826 1.34371865 0.776318073
    0.850403011 0.747838259 0.990998626 1.53831911 1.56879258 1.38055515
    0.935027719 1.25662935 1.30553997 1.59580386 0.950006425 1.47492301
    1.46143484 1.3546325 0.923795283 1.48977339 1.24430835 1.20459831
    1.28761637 1.06086147 0.521518528 0.946440697 0.926107883
    0.971737742 0.516210437 0.785151124 0.629567385 0.880810082
    0.781846344 1.41841388 0.711827338 1.59707618 0.911951721
    0.970515609 1.52866244 0.83065623 0.967341125 0.658528149 1.10931003
    1.15415442 0.783076763 1.0511148 0.952630639 1.07982278 1.55764508
    0.735134602 0.65826416 1.1337508 0.784845591 1.46657622 1.13779461
    1.43372905 0.885266125 0.868353367 1.43916941 1.10316277 0.794181764
    1.54132593 0.937969089 1.58284903 0.714018822 1.54012728 1.42113805
    1.31137884 0.917134583 0.893835783 0.730920315 1.13602734
    0.686791241 1.56074047 1.23641872 1.05924308 1.37884033 0.766738296
    1.05834317 1.46367288 0.72066474 1.04051125 1.0044409 1.5744226
    1.28885925 1.247118 0.994476557 0.752561748 0.955561578 0.720611215
    1.09178579 0.865325391 1.41641819 1.03299439 1.29643643 1.53664339
    0.807488024 0.697674751 0.994716823 0.687483191 1.53094411
    1.34034431 1.47674775 1.00499773 0.71510905 0.819767594 0.820977449
    1.55854404 1.32898176 1.23069632 1.21382201 1.3552922 1.40250039
    0.830171227 1.60575032 1.11748266 0.671982467 0.709612131
    0.975904822 0.916361511 0.792595088 1.16696131 1.16932333
    0.708498836 1.42991662 1.29730988 1.33172452 1.46314526 0.652704597
    1.27800536 1.29259729 0.732726038 1.20111084 1.50521004 0.660905778
    0.989619553 1.0424484 1.55242991 1.21999347 0.884673417 0.910653114
    0.762424469 0.609051466 1.22847605 1.32435238 1.11327839 0.646733284
    0.885383725 0.815920889 0.972438216 0.847290933 1.18128121
    0.996689796 0.675448835 0.903598428 1.52108288 1.23176777 0.68245852
    0.830378771 1.52519906 1.09659445 0.969540596 1.34899485 0.99936235
    0.872794628 0.99116385 0.653510213 1.00683045 0.642081738 1.18302202
    1.01649499 1.28942394 0.825652063 1.35685754 0.800214887 0.625912726
    1.29156291 0.827352703 1.01704609 0.729322493 1.2212292 1.44137824
    0.867190719 1.60990322 1.4288044 0.686163902 0.96140939 0.865719497
    1.27197587 1.425349 1.21306634 0.992284656 1.22521639 1.56193936
    1.60525143 0.954770923 1.26879573 1.59121013 1.10525692 1.35560107
    1.556234 1.60027933 1.08340824 1.00850177 1.20427942 0.83263135
    1.305071 0.713525891 0.772868752 1.27643311 1.14467537 1.01053035
    1.62247598 1.41393185 1.56406319 0.866278112 0.700175285 0.910266221
    1.09303892 1.50959826 1.1460743 0.836479187 1.02911162 1.15291071
    1.079844 1.2651794 1.22499454 1.01116562 1.38951123 1.5231396
    1.24516046 0.777836204 1.00632679 0.742027938 1.42557931 0.995252788
    1.31383026 1.1302644 1.49445283 1.56999207 1.16839111 0.686320543
    1.31528819 0.697128475 0.925086856 1.09716094 1.0580411 0.64375025
    1.19020712 0.68642205 1.07170177 1.49015749 1.30948305 0.973793924
    1.52652335 0.876556635 1.14629173 1.30851448 0.932406187 1.06721997
    0.869068563 0.83387959 1.05064607 0.790294647 1.36228395 0.764796615
    0.941476822 0.660134792 0.903367281 0.990034163 1.36241758
    0.90108335 0.705310762 1.24247849 1.44048798 0.83052212 1.49074256
    0.75108397 0.974373877 0.677776575 1.12254155 1.17115843 0.793599069
    0.753081739 0.580172956 0.777754664 1.47573566 1.4140135 0.674815893
    0.996464372 1.58109748 1.54952478 1.00803912 1.03080893 0.920597792
    1.14833605 1.36409569 1.55113399 0.904261231 0.695175052 1.10898399
    1.39169633 1.11021519 1.07649863 1.24959111 0.698221445 0.899943709
    1.51066411 0.661343992 1.50151491 0.824519575 1.5652765 0.82307142
    1.53205323 1.50573003 1.00261939 0.847971141 1.20357239 0.710846364
    1.51103592 1.5830301 0.867565453 1.09187126 1.11882317 1.22448969
    1.16465652 1.46308649 0.98193562 1.15694213 0.706875741 1.51288605
    0.767281473 1.27015567 1.40694761 1.42208421 1.49051321 1.13608491
    0.675484478 1.03489316 1.29136741 0.959421992 0.807663858 1.42545772
    1.00012326 1.48929763 1.29639196 1.33475006 0.838088453 0.898904443
    0.712855875 0.984737098 1.13214803 1.12312496 1.23537779 0.730496764
    1.15390253 1.20406592 0.916687667 0.759356558 1.49245083 0.78992188
    1.1027776 1.22814775 1.49067318 0.862231374 0.972808659 1.55190814
    0.881571472 1.0843128 1.40981078 1.26690352 1.28331459 1.16030979
    0.814754784 1.36145568 1.25857937 1.27748239 1.61308944 1.56696665
    0.826566637 1.01804984 1.08875334 1.01351523 1.46108425 0.711983502
    0.787811875 1.4628911 0.748395801 0.652780116 1.34160066 1.25270498
    0.971079051 0.615088761 1.01220834 1.07081759 0.680206478 1.29836428
    0.9677248 1.24796081 1.21266139 0.797835886 0.842138708 0.733419001
    0.62186861 0.744070888 0.633546352 0.644983768 1.19117284 1.56982458
    1.10514247 0.939914167 0.892032027 0.925755441 0.898347378
    0.917120218 0.763654649 1.3013432 0.9912256 1.59453964 1.57088065
    0.742225111 1.1762073 0.772253633 1.11893582 1.11915457 0.730850637
    0.849102855 1.41823471 0.767692089 1.52515686 1.44198322 1.59482694
    0.730584621 1.2157886 1.57670581 1.05326712 1.10400939 1.12744462
    1.23535764 0.740435541 1.27581108 0.895647585 0.773786843
    0.866927505 1.56688082 1.54436541 1.61345351 1.56714427 0.936552346
    1.30197835 0.967061281 1.26527441 0.78001982 1.37695014 1.11778808
    1.20859516 1.60636592 1.20096076 0.858610868 1.33339417 0.754110336
    1.08421493 1.29570448 0.87687999 0.673678279 1.14639544 1.62671089
    0.980762839 0.805494249 1.20209455 1.38330305 0.655083597 1.39200616
    1.16539443 1.57279873 1.62987018 1.55627978 0.842312157 0.728909314
    1.23278582 1.25545728 1.4549458 1.28303981 1.32885075 1.39581168
    0.647490799 0.952489316 1.30509448 1.10034442 1.25566041 1.02897632
    0.814884841 0.957433224 1.60944319 1.38503921 1.00636232 1.55304313
    0.840785205 1.57681608 0.816686213 1.22222793 1.39359605 1.01585138
    0.690412641 1.55932736 1.38809288 0.977203369 0.917792082 1.59964037
    1.46417701 1.47059584 0.606993973 1.31990409 1.15029991 0.834566355
    0.798253417 1.53498554 1.23295152 0.62583369 1.18424726 1.60539699
    1.28384066 1.16902304 1.58374143 1.11677957 1.59386051 1.15071011
    1.33591855 1.25749183 1.20115817 0.9306615 0.570424616 1.43277097
    0.786244035 1.40804613 1.19288397 1.14383316 1.31935894 1.31321526
    1.20733857 0.976771891 0.827798784 1.42774796 0.960970163 0.82661581
    0.594358802 1.59463382 0.92020458 0.664514184 1.59317279 1.17103779
    1.02814507 1.52186954 1.04165578 1.43782008 1.02115464 0.911333799
    1.00240433 0.67461127 1.27011764 0.763329744 1.58602643 1.04354501
    1.29341006 1.58456135 1.15740502 1.39853978 1.28417158 1.64211273
    0.830426991 0.889744639 1.04018641 0.675299585 1.16680276 1.54134071
    1.56296539 0.858480453 1.53432167 1.10354114 0.998560071 0.701160908
    0.791326106 1.49600744 0.913909614 1.30707574 0.63283807 1.24675417
    1.36381412 1.07636845 1.40618682 0.861105442 0.704421043 1.48945594
    0.707296431 1.23079228 1.10083163 1.59405065 0.690775871 1.23545265
    1.00394559 1.41030717 1.5906086 1.38860154 1.54146767 1.48306465
    1.60816813 0.946570635 1.63726079 1.23606384 1.24320018 1.14702988
    0.828104496 1.48456669 0.949217677 1.53951311 0.774897456 1.53322887
    1.46800351 1.60471523 1.00800133 0.892318308 0.728943408 1.58076727
    0.998963237 1.05965769 1.08918679 1.43294644 0.780896664 0.850082278
    1.41138899 0.668807328 1.54134011 1.33061182 1.51928735 0.926643133
    1.23215771 1.07051897 1.17320037 0.804742396 0.914634526 0.791459203
    0.93432045 0.896032512 0.946503341 1.37911594 0.826499224 1.11813259
    0.737722278 0.964780092 1.11481595 0.63720113 0.843431473
    0.742529035 1.34379292 1.00029457 1.11978137 1.43009782 0.618057311
    0.942679942 0.678659797 1.57077491 0.836187363 0.740069866
    1.35820699 1.38527226 0.874135077 1.44717038 0.941978991 0.979044795
    1.55682743 1.09824717 0.929486394 1.47701693 1.24858344 0.684486628
    1.12447023 1.05189359 1.2320267 1.08641875 1.0450238 0.974425197
    1.07884502 0.751395643 1.54630041 1.53435779 1.03917682 0.94242698
    0.896144867 1.43298781 0.954929948 0.76671344 0.778816879 1.42721403
    0.982879758 0.699626863 1.59609818 1.04999959 1.07515633 1.39252198
    0.828924656 0.706937671 0.897294044 1.2619462 0.674354076 0.69262141
    0.857331753 0.981562197 0.741870165 0.879801631 0.819791973
    0.692471564 0.781006873 0.732919335 1.09144247 0.911457121
    1.58108437 1.49476075 0.946336389 1.53309 0.673018932 1.04282928
    1.14962578 1.40698671 1.50486457 1.5058409 0.744527519 1.48441005
    1.37604749 1.25063014 1.2467953 1.00066757 1.30231726 1.37568295
    1.35087836 0.997606218 1.44912112 0.903372645 1.35088742 1.54118431
    0.803567529 1.28783572 1.55331671 1.15874505 0.911022365 1.04833102
    0.687350333 1.08162332 0.791733086 1.08088338 0.853236616 1.30533743
    1.19257975 0.67037642 1.04489517 1.38605762 1.42069459 0.950289428
    1.43161285 0.934549332 1.02503264 0.887079835 1.39890409 1.47037411
    1.4451257 1.48841763 1.58677983 1.22343385 0.744264483 0.976581037
    1.08298635 0.754528999 0.894649923 1.23972106 1.14745808 0.907940745
    0.971750677 0.863488317 1.5160054 0.956260741 0.680038035 0.6668576
    0.98216939 1.58491743 1.07700419 1.48698378 0.961880744 1.28962421
    0.65431422 0.989272118 0.714796543 0.703731775 0.844931602
    0.916993916 0.468595296 0.62274158 1.13880849 1.41443086 0.898178756
    0.704715133 0.770703614 1.32684994 1.10080683 0.944950521 1.36258614
    1.53720081 0.824672282 1.23910773 1.5810554 1.5787673 0.620340586
    0.828838289 1.18140519 1.35550642 1.59869039 0.934556782 1.09935284
    0.805168748 0.985507369 1.4648397 0.987131059 0.779566765 1.63091528
    1.0542165 0.763777733 1.09759486 0.903401196 1.16510379 0.704079509
    1.48440397 1.20487821 0.876296818 0.908706307 1.57996762 1.12182868
    0.972501576 0.968025684 0.959890246 0.993806183 0.932412326
    1.53184593 1.28018308 0.846660078 1.44836271 1.03446507 1.57590258
    1.50254428 0.98642987 0.972047567 1.32690692 0.972718656 1.12135637
    1.42648244 1.25125742 0.740712404 1.62295115 0.974340856 0.752610683
    1.39209628 1.37455487 1.39184666 1.16545391 1.11625361 1.11678004
    0.983808577 0.678602993 1.37126398 1.27060318 1.38397706 1.4708271
    1.50896275 1.20141554 0.783673882 1.29392779 0.736650169 1.19277716
    1.13002729 1.1113193 0.912541628 1.42263794 1.30655539 1.17261422
    1.55714095 0.994183898 1.58208275 1.51003885 1.16803062 1.27549922
    1.17029428 1.50693977 0.924849331 0.921142519 1.41119504 1.1392175
    0.913470924 1.53813112 1.09522152 1.38414514 0.648754954 1.00372195
    0.612123787 1.56178713 1.48240149 0.739077866 0.872514606 1.09574664
    1.45540631 1.57729435 1.18275177 1.36103368 0.665846884 0.9743765
    1.5331552 0.601010144 0.650543153 0.895353496 0.916316152 1.33211005
    1.0027498 1.2955147 0.729282081 1.55041611 1.55492926 1.44879937
    0.735756755 1.5091958 0.96823293 0.74653405 0.66252023 1.49061346
    1.53795147 0.848417342 1.50275862 0.857512057 0.635908782
    0.682887316 1.03316081 0.661146224 1.52996874 1.3236829 1.30784667
    1.05022371 0.770446539 1.11003101 1.00255787 0.844275773 0.785833061
    1.40349293 1.16678441 1.42119241 1.15041792 1.02721202 1.0612675
    1.36108387 1.50604606 1.46555567 0.984551132 1.50920701 0.756536663
    1.50371456 1.32086861 0.853802502 1.19456065 0.940417588 1.51145792
    0.792107165 1.2964747 0.911759138 1.09525561 0.737552881 0.786427796
    1.22087765 1.49476039 1.10180795 1.60160112 1.38927567 0.887464464
    1.44076896 1.12173462 0.779906571 0.743481278 1.23557723 0.902938545
    1.42032909 1.41847551 1.42893767 0.736022949 1.41820955 0.763195872
    0.761065722 1.50320387 0.767288864 1.35766351 1.05151999 1.02171838
    1.53050661 1.60556948 1.58797467 1.42464638 1.22457635 1.17543077
    1.19356382 1.53242278 0.668334067 0.833247602 1.06833661 1.02646315
    1.4315654 1.41147387 0.893950701 1.11148214 0.818904996 1.53209782
    1.55454338 0.954176128 1.11485183 1.48535657 0.887768686 1.20340466
    1.10364676 0.91255033 1.11213148 1.59847403 1.19304538 0.685598612
    0.952317357 0.670978367 0.678879917 1.49467063 0.660598755
    1.10542238 1.15969491 1.24088442 1.56023884 0.769080877 1.0077157
    1.62706614 1.09047914 1.53110778 1.14647579 1.60287571 1.00748062
    0.749340951 0.811124206 1.41332889 0.898619473 1.43737304 1.33493912
    0.449187309 1.05099952 0.789804876 1.2589215 0.432421774 0.951693118
    1.06384695 0.531571925 1.18217278 0.899665296 0.715942681 1.56702709
    1.29514802 1.53063095 0.754380405 1.23816907 0.704905152 1.18152916
    1.42340016 0.644133747 0.783672869 0.832080185 0.834100723
    1.27286959 1.17101264 0.629364312 1.17810607 0.997498274 1.41524494
    0.926937759 1.01730728 1.57852149 1.04042315 1.04876649 0.942353725
    1.34896708 1.63359296 1.51012325 1.57247639 1.54124463 0.638880849
    1.10851145 1.00943458 0.898526371 1.52773881 1.00396883 1.31239963
    1.4604125 1.60689247 1.29023075 0.804671228 1.33037055 0.931680024
    1.06468415 1.00879908 1.56457794 1.07003033 0.97078079 1.4296838
    1.18771923 1.48659253 0.976351202 1.07599342 0.931888282 1.44473374
    0.777302206 0.873363554 1.23137295 0.816888094 0.947657228
    1.47683525 1.32104826 1.00280261 1.49147391 1.24589539 1.39982545
    1.21524847 1.36453426 1.34188259 1.12768126 1.24691772 1.51474619
    0.685672581 1.05215788 1.54844749 1.59386206 0.723864913 0.918908596
    1.02899587 1.06061852 0.861629844 1.48902047 0.92285645 0.665358424
    0.6886096 1.27771521 0.934187829 1.14024258 1.32684934 0.695378423
    1.01881146 1.06920373 1.50413585 0.61446929 1.41015661 0.677791655
    1.28896987 0.888023555 0.839409173 1.14462137 1.14447784 1.29119635
    0.821514785 1.43012381 1.14761651 0.936883807 1.36591315 1.04830873
    1.46513641 1.04490185 0.973893821 1.28117013 1.35031366 1.30989063
    0.815181851 0.627954423 1.57349694 0.76351577 1.34941959 1.38693416
    1.51520216 0.907074213 1.04587352 0.718674302 1.31617403 1.60613894
    0.694348752 0.690140724 1.18312502 0.656384885 1.49755239 1.28976357
    1.49673116 0.95489651 0.999249279 1.51919699 1.02062023 1.46708679
    1.38310063 1.52539074 1.15052283 1.13310885 1.10944855 0.980973125
    1.20255268 1.11693931 1.39626634 0.920722604 1.20143354 0.808173478
    1.34765494 1.07573676 1.58164763 1.38462842 1.52371573 0.711745858
    1.10897613 0.640382588 0.754456162 1.30774724 0.815898299
    0.942906916 0.835338354 0.801087141 1.27334881 1.196926 1.35020459
    0.712324977 0.968676031 1.56371474 1.07083261 1.10160851 0.776532114
    1.41012084 1.2449255 0.700310767 1.28487909 1.43686068 0.85201472
    1.40785754 1.52408612 1.09908545 1.35598028 1.15355289 0.612667739
    1.56738031 0.987164319 0.79046452 0.697015822 0.883198082
    0.710704923 0.694817126 1.04264331 0.970998764 0.843292475
    1.35715318 0.803799987 1.61992657 1.31176746 1.11819851 1.09905493
    1.08537829 1.22107267 1.59965491 0.733090639 1.10519874 1.48257232
    1.31965673 1.01592183 1.32917535 1.58234823 1.38065982 0.902802587
    1.40690267 0.767862439 1.33661258 0.966341496 1.11424541 1.21930861
    0.983218729 1.03271163 0.84721911 1.34140575 1.06594956 1.56022525
    0.718731761 1.43297732 0.764136374 1.45066321 1.56223249 0.926927567
    1.0563519 0.929833233 1.40085769 1.24395609 1.59725964 0.782471895
    1.13859665 0.929528654 1.6466676 1.59749329 1.12171078 0.670564115
    1.01036239 0.946797967 0.911682069 0.969771564 0.848198831
    1.06515634 0.861542106 1.20231318 1.20593929 1.40678394 0.741931379
    1.38021946 0.99425 1.29607558 1.06135643 0.752645254 1.04063797
    1.47515357 1.38801575 0.977158844 0.840586543 1.40881574 1.50708199
    0.690418839 1.21713769 0.852802575 1.23445225 1.15273893 1.56449604
    0.916589558 1.07019591 1.45366657 1.33436489 1.22163606 1.06943202
    1.46636772 0.81076473 1.52026594 1.45715535 1.55686128 1.25742483
    0.778552413 1.08184338 1.40430236 0.815842867 1.36307788 0.824308872
    0.674090743 0.877127647 0.937363267 1.4424516 1.1239512 1.17620099
    0.94676578 1.2035569 1.38619721 0.96024406 1.58810735 0.886781454
    1.22185254 1.48416531 1.48503065 1.05235207 1.02182579 0.703246534
    0.82201767 1.13026917 1.47943807 1.06983113 0.931913435 1.45606565
    0.80114466 1.23983705 1.38468039 1.15027726 1.20521545 1.37048268
    1.61765039 0.903053105 1.27713084 1.39376748 1.35734081 0.851848125
    1.48965776 1.39463663 1.51400304 1.1738162 1.55491483 0.939589441
    1.38100421 0.640797079 1.39917505 1.11189842 1.215204 1.26834047
    0.87975502 1.313434 1.19004858 1.32666004 0.933443844 1.17354977
    0.618617535 1.42669594 0.655134201 1.37060273 1.46175504 0.648838282
    0.749987185 0.706308305 1.00307727 0.603993058 1.15030909 1.57860899
    1.4939779 0.705557764 0.654388309 0.896760523 1.03466892 0.82140249
    0.92198813 1.01773405 1.22646451 0.737346947 1.29992151 1.38947475
    1.46114337 0.64837414 1.51877391 0.703878701 1.43685353 0.8342278
    1.44993174 0.850608945 0.802313089 1.0423317 1.5652355 0.913074434
    1.21605611 1.20892417 1.60759628 0.682574213 1.43836594 1.16907287
    1.31099904 0.662485421 1.11242795 0.981293976 1.35176837 1.02163851
    0.710761547 0.975873232 1.27984273 1.48929882 0.671348691 1.51167262
    1.15391541 0.907711983 1.27052152 1.43023133 0.946558774 1.18278491
    1.50264049 1.4096632 1.37989855 0.68044728 1.60758257 0.986437201
    1.49101686 0.83309257 0.665582061 0.62071538 0.970972419 1.05561459
    1.21732068 0.878256798 0.663794875 1.31356752 0.831348956
    0.941885412 1.36453712 0.641590655 1.13427413 1.24562275 1.21754336
    1.4687897 1.01860607 1.20512807 1.2232008 1.1485486 0.802117646
    1.59279156 0.657721877 1.5731467 1.15625513 1.58617461 0.788337469
    0.888562143 1.44749546 1.34132075 1.31280589 1.04758835 1.22704113
    1.10812008 1.2601757 1.011361 0.96687752 0.82248497 1.00783646
    0.649892211 0.714632988 1.21307313 1.54509699 1.07499409 0.640055597
    0.952308118 1.14944553 0.764451087 1.60175323 1.37381601 1.57065368
    1.5308286 1.18415427 1.07492054 1.19375885 1.44177997 0.649485886
    1.61808288 0.745582819 1.2476325 1.01561058 0.799074769 0.722102046
    1.35846925 0.727584302 1.10143006 0.795159042 0.90894562 1.06949949
    1.54103315 1.21126282 1.35250926 0.929986119 1.28062499 1.41794193
    1.07105303 0.683423817 0.932874501 0.843263209 0.829960227 1.5647881
    0.998143792 1.62864161 0.821037412 1.44072902 1.26017559 0.734780192
    1.09192836 0.684367597 0.618672013 1.17259228 1.35802221 0.41144073
    1.12584996 0.494265467 1.17045176 1.15293884 1.16799581 0.761986613
    1.13749909 0.722768068 0.669636905 0.85436815 1.16710556 1.38286936
    0.619118929 1.38728237 1.52817535 0.899504006 1.3696171 1.53034449
    0.69363308 0.65009594 0.749098957 1.07877517 0.88395673 0.980924845
    1.18654823 1.13235056 1.42888939 1.41141832 1.64292538 0.712099671
    1.30303168 0.709790409 1.56776083 1.53609955 1.51291335 1.14727902
    0.885516465 1.55548191 0.986967683 1.12307405 1.61668968 1.05958581
    1.41152716 0.681524754 1.15595925 1.55868125 1.5454973 1.02609718
    0.657298386 1.15787017 0.800736487 1.52755427 0.906932652 1.35734403
    1.44722605 0.667859674 1.09743369 0.938695073 0.814989328 1.24262238
    0.9307338 0.852169335 0.84578383 1.61462903 0.677430451 0.820621848
    1.05228508 1.61942947 0.837577105 0.770482302 1.5176512 1.01575911
    0.687772155 0.703823388 1.40268803 0.721729875 1.06564856 1.06848979
    1.19022548 1.21928632 1.11079836 1.12519646 1.0659107 1.25678015
    0.933486819 1.58103085 1.03150225 0.901359379 0.898206353 1.37705326
    0.871571362 1.328192 0.640347481 0.86195147 1.5738734 1.18706942
    1.01319563 1.00082111 1.09977007 1.13736987 1.36546993 0.684767485
    0.890518725 0.659675121 1.4375298 1.16386259 1.53428268 0.634781957
    1.15377915 1.54457474 0.969543815 1.43834472 1.4860419 1.38164437
    0.915852606 1.56849468 1.32204127 0.892364979 1.47502851 1.56814241
    1.47795963 0.996789634 0.946633995 0.864878237 1.13092959 1.25058985
    1.47249997 0.900265932 1.35159802 0.772875011 0.820742726 1.31032264
    1.28665125 1.08945453 1.37634504 1.30582488 0.872432172 0.840893567
    1.01056695 1.5708878 0.851763964 0.93132937 0.850896001 1.05183983
    1.30959582 0.649823964 1.4315114 0.748012543 0.646270096 1.28504574
    0.796181619 1.50942636 0.802366376 1.52666402 0.939770818 1.37255907
    1.01607227 0.687039018 0.696997404 1.1229012 0.781697273 1.51737535
    1.5655117 1.52149701 0.716316223 1.5415715 1.3523066 0.688269913
    1.16350496 0.78593123 1.39904368 0.666982889 1.54146588 1.29836905
    1.11649096 1.12681711 1.3139137 1.55634499 1.14688325 1.40012538
    1.34737504 1.47770464 0.89726156 0.881447554 1.02995205 0.818241835
    1.1294589 1.09494364 0.848461211 1.0495851 1.07959414 0.656734526
    1.1297605 0.730224252 1.2811377 1.06616306 1.00547004 1.21200812
    1.22097242 1.35066259 1.39339387 0.836485744 1.45946193 1.61832881
    1.36146688 1.53300476 1.03780866 0.66489023 1.50153077 0.869409621
    1.32095838 1.20233977 1.2338208 1.19453013 0.701850295 1.59201479
    1.07934976 0.951771855 1.6082381 1.39714265 1.55788839 1.5953449
    1.12029028 0.9318766 1.03618729 1.47934282 1.44414043 0.860007107
    1.47000265 1.09662592 1.08694041 0.874267399 0.789583564 1.47632515
    0.910395861 1.63155508 1.42019796 1.50099707 1.21134329 0.985708714
    1.4937799 1.15529776 0.923524141 1.55711865 1.54784703 1.5531764
    1.41045952 0.924906015 1.1123755 1.34331155 0.723886192 0.789875805
    1.21936214 1.17235839 0.88571918 1.19155109 0.731413662 0.792084455
    1.40132248 0.527170122 1.00534904 0.721693516 1.28175306 0.672216952
    1.26476872 1.5869714 1.29334366 1.45654571 1.0589509 0.864938855
    1.44307554 0.911553383 0.846745789 1.11919093 0.908475041
    0.815121412 0.806561887 1.02570403 1.42952704 1.62229025 1.16412008
    1.3387624 0.989426315 1.03793192 1.1759218 1.07286561 1.04678988
    1.3257221 0.945562661 1.63779461 0.786418676 1.46306944 1.23459387
    1.60863447 1.54900503 0.63334167 1.31758237 1.48077691 1.54639959
    0.683434963 1.25650871 1.08938158 0.813698411 1.04959059 1.31330919
    0.708062947 1.32230139 1.48566782 1.27508104 1.27490318 0.985556185
    1.51422775 1.02953422 1.53550923 1.53980386 1.58609593 0.866937518
    1.11841869 1.34789169 1.43148232 1.09319437 1.04063201 0.737688184
    1.54259241 0.831160426 0.785550773 0.700443804 0.812470675
    1.26318932 0.810419917 1.10859001 1.36003017 1.06188464 1.54296267
    1.38656735 1.28369439 1.08642495 0.938184142 0.939863861 0.895514011
    1.38180327 0.850411415 1.0046351 0.968877256 1.15275431 1.25910449
    0.640818477 0.622924209 0.835676193 0.749920368 1.10834599
    1.17367339 0.674167633 1.31906009 1.60265422 1.21663153 1.30935776
    0.792692363 1.26542521 1.20621252 0.918507993 1.11530209 0.955321252
    1.14829314 1.4877485 1.31532288 0.710484266 1.4120059 1.55401278
    1.17182362 1.03892791 0.857774913 1.20371222 1.39343238 1.16462481
    1.1710788 1.10991454 0.963543475 1.51346064 1.35938656 1.02091873
    1.18690658 0.833270311 0.923436344 0.897120774 0.610987663
    0.629955947 1.45519531 0.664836287 1.35130799 1.41369116 0.835102081
    1.33279991 1.43051028 1.0917145 1.37215126 0.767112732 0.788065493
    0.631446481 0.636249959 1.20219314 1.55835629 1.40090072 1.27274024
    0.922814488 1.04925489 1.42178905 1.16540802 0.845518351 1.47676849
    1.17173636 1.08143294 0.759792924 1.22278082 0.971515954 1.41433215
    0.981748223 1.16474867 1.05835688 1.26705956 0.853354096 1.23643029
    0.812098265 0.857512951 0.928731203 1.26277435 1.47405553 1.0732621
    0.684371829 0.777492106 0.623000383 0.750957966 0.973668754
    1.21158063 1.07880425 1.23604202 1.37413895 1.38427627 1.05502141
    0.874678135 1.57066357 1.55789673 1.43364429 0.735931277 1.59860516
    1.0403769 0.913033783 1.59306693 1.24012315 1.4393096 1.44111288
    1.05021465 1.00729549 1.28108287 0.925735474 1.06387579 1.61366892
    1.31832075 1.05953562 0.70095849 0.725810707 0.71021086 1.45847452
    0.647459626 1.33953202 0.734206915 1.45995438 1.20749044 1.5274272
    1.10175693 1.00092983 1.58891058 1.32826269 1.17711902 1.29545581
    1.22330618 0.695868433 0.890157044 0.865025759 1.31956577
    0.794659793 1.27256072 0.886176407 1.05846131 0.836339593 1.51164246
    0.78556329 0.904109359 1.46705329 1.08758509 0.981420994 1.26190758
    1.19150221 1.59680927 0.999388874 0.742156744 1.07688844 1.42655873
    1.21788025 0.979854822 0.878580809 0.704736531 1.17471039 1.01695859
    1.08060229 0.927351892 0.789892733 1.42467022 0.473420441 1.38198042
    1.05170929 1.26484644 0.361575007 1.15710318 0.941277206 1.0298574
    1.13649035 1.47136652 0.93059355 0.633935332 0.650904357 1.61580491
    1.56177211 1.51677394 0.94585973 1.02739215 0.924339652 1.16591454
    1.1085664 1.16525292 1.28744733 0.927625179 0.86245513 1.50015116
    1.48389387 0.781855285 0.738764048 1.2879039 1.53190708 1.16157591
    1.21292841 0.79312551 1.38989818 1.61174703 0.868828833 0.928362846
    0.675237894 0.957410812 0.815492928 1.56856918 0.616252184
    1.24402845 0.645579517 1.53329575 0.768321812 0.77439934 1.18300152
    1.20125318 1.3004694 0.875135779 0.852656901 1.27300286 1.26724327
    0.708299518 1.09782755 0.980967641 1.4814688 0.803660214 0.86811167
    1.45156884 1.20992947 1.15041161 0.939281642 1.12347877 1.24287987
    1.31609929 0.928612113 0.824862897 1.0531714 1.4612937 0.701810896
    0.938086569 1.30207431 1.62311769 1.37124193 0.685831249 1.59570289
    1.5458287 1.43561101 1.20361447 1.18666458 1.36120713 1.1138804
    1.19295454 0.889503896 1.35242903 1.52532256 1.28187883 0.639535606
    1.09246075 1.18535519 0.881265521 1.21882403 1.45877516 0.908211172
    1.55245113 0.853404343 0.675782382 1.60466909 1.41451263 0.696284175
    1.28609538 1.32451284 0.67877084 1.06778657 1.11178482 0.87526077
    1.06026876 0.681699455 0.816907823 1.33254528 0.814096808
    0.659344256 1.18860149 1.26990259 0.7884866 1.50519168 0.666006088
    1.23119223 1.48875546 0.767003059 0.636787891 1.10086906 1.52374196
    1.23681295 1.50736797 0.948449433 0.817307055 1.13834131 0.678721488
    1.12864816 0.909549952 0.686659932 1.3381269 1.19046545 0.626931787
    1.25323498 0.935281873 1.02642608 1.0995239 1.00411475 1.4466815
    1.08297586 1.50814557 1.08336651 1.14994359 0.680156708 1.23700476
    1.14464939 0.990082681 0.860098422 0.718149841 1.61773467
    0.898001134 0.900433838 1.19187772 0.805388093 1.23008943 1.23120058
    1.44519341 1.53869212 1.40445447 1.45891953 1.0856806 1.49463737
    0.720711231 1.19943798 1.34678698 0.664077103 1.186584 1.10315967
    1.11952519 1.37005687 1.12687814 0.777596951 0.669145346 1.19152522
    1.10839927 0.960593045 0.658752739 1.0983479 1.59556425 1.26409125
    0.962044299 0.962678254 1.11333311 0.874717176 0.959544897
    1.23005545 1.08039331 0.972094655 0.96534574 0.853492618 1.50609374
    1.02615654 0.650233865 0.714455307 1.56745183 1.16268456 1.15754974
    1.07643199 1.25065935 0.694428325 0.910518527 1.57579553 1.12750602
    1.0168761 0.777546346 1.28809988 1.17050886 0.828247607 0.817198575
    1.26803589 1.02817833 0.999599457 0.758790016 0.777249336
    0.919219732 0.838984609 0.900733471 1.44760287 0.915668309 1.3825438
    1.13815677 1.25526702 0.718722761 0.661020398 0.824320138 1.40828514
    1.18241727 0.648339212 0.663588464 0.712517917 0.739364982
    0.855544984 1.46278441 1.06260335 1.28257251 0.81054455 0.902632356
    1.22570443 1.28817594 0.733075857 1.24022579 1.03840232 1.10686493
    1.19761729 0.752130091 1.25013506 1.40808332 1.02984953 0.593949139
    1.0233295 1.34785402 1.09145164 1.00539672 0.648464322 0.689923644
    0.357518703 1.01476777 0.872228503 0.773269653 0.538237631
    1.42711508 0.710111201 0.989806652 1.09235132 1.61389148 1.42599618
    1.25425851 1.27386248 1.58581114 0.91459316 0.898789465 1.6111654
    0.89968133 0.856641591 1.48114216 1.27509749 1.17279851 1.18438995
    1.49499595 0.914969444 1.40580273 1.11183012 1.11318183 1.52869654
    1.55120802 0.77621454 1.09636211 1.38127995 0.975840628 1.26793516
    1.4808135 1.03689218 0.943883121 0.870235085 1.17084455 0.961764514
    1.35008371 1.23921692 1.57446122 1.07851291 1.60041058 1.15592301
    1.23624539 1.61914921 0.993259072 1.15016198 1.54681671 1.45975947
    0.879209042 1.02005506 1.58568823 1.16518342 1.3628087 0.843469799
    0.669721842 1.06928706 0.728619397 0.912495911 0.919949293
    1.16110742 1.02642334 1.62073874 1.1123203 1.38494968 1.48383975
    0.751576364 0.771401227 1.54904032 1.5348568 1.04783475 1.08559144
    1.0988754 0.972393155 1.4292717 1.31878757 0.734856129 1.17909086
    1.24833739 0.670435369 0.644868851 1.19348788 0.860124767
    0.921414852 1.25872433 1.36087 1.36541688 1.608145 1.14137983
    0.96586889 1.44367445 0.665307164 1.32584596 1.18435717 1.12536085
    1.35390079 1.17696798 1.27367973 1.24672949 0.887859941 0.838910103
    1.10441947 0.95790118 1.06081879 0.990229487 1.01547849 0.71049118
    1.48959851 0.826235473 1.34068155 0.893482625 1.0130173 0.686489284
    1.09210563 1.53099442 0.7791242 0.808966756 0.705735505 1.50348592
    1.50131071 1.0309788 1.06036103 0.776743293 1.27400267 1.57380521
    1.31767309 1.50374651 1.19256377 0.685024142 0.775236607 0.763534248
    0.808158934 1.06396687 0.968422771 1.60346973 1.4005928 1.477561
    0.888945639 1.20307887 0.68334657 1.03331399 1.59880102 1.073457
    1.07150531 0.772377193 1.45357096 1.2652576 1.49704659 1.26404309
    1.61605287 0.684188306 0.843878508 0.805038095 1.38488638
    0.626360655 0.700485468 1.45519412 1.30117142 1.03790665 0.616757929
    1.18983257 1.577847 0.645709932 1.49616885 1.29912555 0.874953091
    0.776951075 1.56475437 0.80617857 0.971100926 0.687173545 1.19040918
    1.52357602 0.679158747 1.5926795 1.51027584 0.813561559 0.947691023
    1.60473049 1.24719596 0.805733383 0.989989877 0.767528236 1.18791306
    0.857195258 1.29053319 0.63980335 0.844747543 0.833490014 1.08916283
    1.34851813 0.866996884 1.26198161 0.829652071 1.35504484 1.06057072
    1.28109598 0.804791629 1.62211311 1.44359684 1.27067149 1.46609902
    1.33894861 1.0664978 1.60976076 1.19338357 1.04244077 1.45005727
    1.28177238 0.694407225 1.3043133 1.17527997 1.56178653 1.32677066
    0.775875568 0.871167839 1.12882328 0.794158161 1.34588253 1.41101778
    1.32121289 1.53401852 0.672534287 1.56112897 1.02217293 1.06815636
    0.763009727 1.38186157 0.81654036 0.921970904 1.18877649 0.787342131
    1.18479645 1.39381659 0.614040911 1.5356828 1.38870049 1.36050785
    0.988119781 1.41539907 1.2212162 0.690151572 0.714361131 1.04671824
    1.24262679 1.3288691 1.07483029 1.03982484 0.665665269 0.923317373
    0.528274894 1.23288107 0.426066339 0.389192373 0.879685998
    0.874975145 1.43005896 1.11355066 0.845780134 1.40441811 0.696700275
    0.704095483 0.911591887 1.59019005 1.23731184 0.658236742
    0.831865132 1.00329375 0.739195168 1.53539848 1.13187456 0.967464805
    1.57672203 1.03975713 1.57912457 1.32275951 0.925853312 1.01701498
    1.54282033 1.21026921 1.57826531 0.688961565 1.39890182 1.24881697
    0.738729537 1.31978428 1.33677363 1.40303051 0.886838019 0.890676618
    0.863301098 1.04590559 1.19733143 0.841235816 0.910465896
    0.831835568 1.25229454 1.15856743 0.988099277 0.674175262 1.60168719
    0.650927007 1.51816952 1.40944946 1.47617543 0.950583637 0.97320348
    1.40848315 1.60658479 1.19004905 0.830912948 1.24354386 0.83247894
    0.900966227 0.815523684 1.18695927 0.737868965 1.4177959 1.51088703
    1.5928638 1.59320283 0.787226021 1.22109127 1.14271677 1.33632267
    1.36024892 1.6026634 1.4536376 1.06267369 1.34597611 1.13396001
    1.4911989 1.60745978 1.41054296 1.57032692 0.990220368 1.31796861
    0.856360972 1.43878365 0.654081464 1.16548204 1.46966505 1.38877666
    0.945908606 1.39724815 1.16486526 1.06427681 1.52190697 1.24376702
    1.47522092 1.22998977 0.685598373 0.647424102 1.40757442 1.23581755
    1.48315358 1.58905864 1.04308212 0.982578039 0.664833069 0.983303487
    0.776890159 1.18233728 1.52308667 0.726242959 0.912672639 1.46032643
    0.801447272 1.01543474 0.840530396 1.49846828 0.642605841 1.20925486
    1.11515224 1.08630908 0.699523091 1.36274457 1.54853928 1.12393689
    1.00086594 1.39152694 1.19496882 0.994162142 0.647941887 1.59665358
    0.716341913 1.08597517 1.6012429 1.00834 1.19916487 0.985114098
    1.38351989 0.892538249 0.827290177 1.54253721 0.688337386
    0.654997289 1.38527381 1.0296967 1.5469749 1.04645228 0.772180259
    1.13679075 1.23829329 1.59574246 1.01593852 1.29394317 0.795948386
    1.06271231 1.28020406 1.51858723 0.845098019 1.12155139 1.4316175
    1.48732436 1.23610771 0.897363544 0.816204488 1.35001481 1.08397555
    0.943666697 1.31316507 0.762150168 0.847478747 0.649130762
    0.655101061 1.1075455 0.622374833 0.595421076 1.52836299 1.4939878
    1.13797045 1.0799377 0.892775655 1.38843942 0.656666815 1.30254793
    1.42657566 0.992066801 0.790093482 0.814633548 0.871714115
    1.30652618 0.706125081 1.62986934 1.53767014 1.36706161 1.33945346
    1.05738282 0.804078281 1.47201872 1.06071138 0.766588926 1.18164301
    1.05661154 1.50253749 0.834682345 1.10057008 1.19242132 0.775241196
    1.44553924 1.12256718 1.27750659 1.09644723 0.728022099 0.632844448
    1.21907318 1.57424521 1.32217443 1.38841391 1.49496639 0.876572609
    0.753369272 1.443241 1.49741256 1.17255044 1.1194011 1.29415941
    1.07142687 1.14123571 1.48109877 1.44405079 1.01259828 1.54496872
    1.02476013 0.69265914 0.680752456 1.27351785 1.11663401 1.08023286
    1.61934698 1.03461826 0.645053744 0.637394428 1.4103663 1.13556206
    0.896929383 0.943330526 0.732652545 1.40638626 0.596994758
    1.02286506 0.889207065 1.47859478 1.39024663 0.970863461 0.960012376
    0.85113883 0.720748007 0.653481007 0.468616873 1.13252449 1.2351259
    1.30368209 0.804169059 1.48041165 0.861565173 0.841255426
    0.627125084 0.725524783 1.15803039 1.13443995 1.20068491 0.811333597
    1.00829005 1.58939624 0.994409442 1.52537501 1.31977546 0.781655371
    0.97519666 1.40071988 0.825755358 1.52008963 0.70046258 1.14672446
    1.42616951 0.698854625 0.891291082 0.8540681 1.19280624 1.28921974
    1.23090267 1.07383597 0.962293804 0.672499478 1.51684654 0.816063881
    1.07912886 1.11070704 1.45557761 0.912587762 1.10908484 1.48047268
    1.1162926 1.29172599 1.34005058 0.788104236 1.24888229 1.0594753
    1.31813347 0.669464946 1.50960588 0.963226318 1.34225953 1.32361174
    1.55451822 1.50596809 1.11901569 1.60467184 0.695013642 1.14542735
    1.11899519 1.4233824 0.740117311 0.943892896 0.756798148 1.15414774
    0.955152333 1.25639617 1.2175895 1.12094939 1.23568535 1.31163979
    1.23775005 1.21779394 1.30974674 0.877962589 1.54137385 0.804531634
    1.25675213 1.64336121 1.16645026 0.985919178 0.687650979 1.10563707
    1.30969882 1.0980233 0.763578057 1.21816719 0.879480898 1.04796481
    0.826691151 1.38052917 1.55247319 1.4377712 0.757309318 1.44337022
    1.5102663 0.756971896 0.953034341 0.967026532 1.16422784 1.38059533
    1.48071074 0.952852011 0.786442518 1.37226629 1.16659904 1.18221784
    1.55032587 1.14789641 0.650350869 0.881020844 1.35629606 1.22227418
    1.36863935 0.704099476 1.41834855 1.39609563 1.43991494 1.2784909
    0.825008273 1.39424109 1.05792332 1.39764833 0.867549598 1.47788823
    1.15057218 0.659151614 0.661506951 1.21387804 0.987904966 1.61865735
    0.981686115 1.52091026 0.903954148 1.25828719 0.941748619
    0.652602732 0.712875009 1.08186042 1.54431689 1.38203466 1.5521996
    0.811533093 1.27638018 0.794625342 0.966407716 0.736590207
    0.702542484 0.697155952 0.652250946 1.16863918 1.37136388 1.36326158
    1.34254479 1.23005795 0.674675167 1.19118655 1.07893157 0.907746315
    0.915464699 0.996734083 0.824444354 0.608292103 1.37659001
    0.857251167 1.52378929 1.44225991 1.34522045 0.973903537 1.1867547
    1.02111661 0.744499803 1.19686151 0.604548812 0.822456121
    0.865323186 1.39446282 1.12390602 1.11198044 0.69586432 0.9546538
    0.94643718 0.828572571 1.62826598 1.45304132 1.07781196 1.12096179
    0.938908815 0.713962436 1.17178214 0.793101311 1.03572655 1.00150347
    0.792189658 0.759987473 1.13376093 1.19063759 0.74354434 1.00411117
    0.683858871 0.788523734 0.706386447 1.32675815 1.53747821 1.32937133
    0.979788303 1.59881628 1.37061918 1.59069383 1.11150002 0.821452975
    0.893595576 0.908528566 0.71379894 1.23178697 0.665514171 0.80291903
    0.72003603 0.999702513 1.10272479 1.08718979 0.620376647 0.907901883
    1.31195748 1.26629019 1.15830433 0.781895041 1.50159669 0.660231471
    1.24992144 0.687960088 1.53759921 1.14748704 0.671220303 1.52751863
    1.09756958 1.17046869 1.43578839 1.40855134 1.31744134 0.752778411
    1.52422118 1.51668489 1.37006092 1.36977565 1.30587459 0.568314135
    0.99036026 0.83864361 1.04955089 1.29211402 0.423790753 0.909414768
    1.1558305 1.23886871 0.754930377 1.0305028 1.43859541 1.13273609
    0.947022915 1.38078225 1.10977638 1.02625835 0.870951176 1.15269005
    1.06523895 1.5685463 1.09947908 1.12165117 0.935338497 1.01728952
    0.904273689 1.25744724 1.35109627 0.631301343 1.55999494 0.975670755
    1.05601597 1.14370048 1.50458348 1.33976984 0.654790461 0.6881814
    0.855622232 1.35796654 1.29103351 0.727757156 0.643761635
    0.823694944 1.05449939 1.16723776 1.49700224 0.819823563 1.02737999
    1.30769539 1.05122149 1.24496222 1.39122474 1.27003443 1.60351086
    1.06710672 1.13314903 1.52677608 0.734425604 1.62344003 1.09757173
    1.23111546 1.33226621 1.6177634 0.918754697 0.720758975 1.34037554
    1.25089085 0.967140496 0.950523019 0.876281202 1.38239515
    0.740817964 0.844031036 0.83246088 1.55963266 1.59692168 0.711685479
    1.13357913 1.00883543 1.39013803 1.39267254 1.62247884 1.38974285
    1.59931684 1.22373199 0.825927138 1.47610939 1.54981327 0.665138006
    0.826776981 1.20095444 1.21541965 0.706224561 1.38060248 1.12004542
    1.40126979 1.34201598 1.00844824 0.912899077 0.709182084 1.44907808
    1.54161477 0.892737806 0.825165689 0.603488982 0.638486743
    1.13869309 0.99774754 1.01084566 0.786128819 1.37689161 0.652783513
    1.44067538 1.42076218 0.720831871 1.11101639 1.13381338 1.28861928
    0.972708821 1.2657274 1.52686357 1.42554641 1.61742175 1.03785276
    1.43943298 1.02091587 0.81811142 1.26663029 1.16510212 1.03633761
    0.697226167 1.13458037 0.837430656 1.50504947 0.997351408
    0.860352874 1.47233081 0.710083902 1.21817005 0.640402794
    0.872249007 1.29624021 1.3934679 1.01248658 1.34869802 1.4493258
    0.98855114 1.34892821 1.59759843 0.926027417 0.679556549 1.17441559
    1.42355132 0.768107176 1.03497159 1.19153655 0.775339901 0.759567499
    1.35260558 0.6646083 0.979263783 0.946733952 0.940659225 0.958378196
    0.878486216 0.911220253 1.22483206 1.01104355 1.38244319 0.738713443
    1.306216 1.07756364 1.23797798 0.880023122 1.56552303 1.48846424
    0.948366225 0.668065965 1.54985952 1.42768288 0.618684947
    0.974778593 1.43065405 1.40822566 1.02346468 0.853929162 1.41336739
    1.20206785 1.56150365 1.57314014 1.0622642 0.9906407 1.28242862
    0.752781332 0.633447766 1.21159458 1.10442328 0.793130696 1.61922455
    0.632500291 1.22598851 0.645736814 1.28291273 0.61977762 1.54504657
    0.951573193 1.20129013 0.62040621 1.32519233 0.671366751 0.670274198
    1.47968149 1.43469167 1.25156331 1.41072667 0.827356637 1.16098082
    1.21297204 1.47199214 1.21627676 1.04143894 1.02313852 1.13844252
    1.62561107 0.835780084 1.50278544 0.886095524 1.31996965 0.947915912
    1.14286447 0.876192033 0.731669605 1.32780123 0.753463507 1.12029219
    1.52897942 1.37190676 1.09839296 0.868884504 1.03459978 0.738617957
    1.1654985 0.647579849 1.22118843 1.61312926 1.49811506 1.0052917
    1.63154221 0.900147617 1.09336197 0.649444759 1.00138843 1.03190792
    1.40316737 1.15354264 0.67693907 1.16392946 1.02985036 0.764046669
    1.20244014 1.11431205 0.810681462 0.798031569 0.654913664
    0.990921915 0.453303933 1.30684483 0.691695511 0.916270137
    1.06278837 1.50463521 0.841531754 1.37935162 0.806916475 0.697388887
    1.29230535 1.35615969 1.1948179 0.910155535 0.993472219 0.92659539
    1.22977901 1.07921433 1.31846893 1.12502623 1.22057784 1.15985763
    1.53575742 1.26885808 0.665365338 0.961361229 1.61297846 1.14074731
    0.828787982 0.848274529 1.25489581 0.78642261 0.662618101 1.37687159
    1.46309388 1.06137896 1.20692682 1.32041728 1.03545702 0.828264117
    1.15272915 1.42178786 1.38708138 0.773734868 1.40641093 1.62990403
    0.865643799 0.884393096 1.57320487 1.56990302 1.42018151 1.16422331
    1.58958268 1.5508455 0.736822426 0.718267739 1.585976 1.58793688
    1.0787251 1.19825923 1.24034417 1.39661956 1.46394408 1.16169429
    0.845411897 1.42674756 1.29237139 1.62662745 0.719426513 1.14286554
    1.11281145 1.34709752 0.828604996 1.29386938 1.11702645 1.249107
    1.37743628 0.857464731 1.08169782 0.944323242 0.781200171 1.26663005
    1.04082441 1.45397854 1.16807294 1.43093765 0.703170657 0.602403879
    1.52741694 1.2943151 0.91537106 0.918521225 0.714069128 0.649762392
    1.49888921 0.604990065 0.886120677 0.790058017 1.14151025
    0.618754327 0.975376189 0.818669736 0.761212587 1.08309233
    1.42165387 1.4056145 0.905014992 1.58490443 1.51749253 0.916877329
    0.820916593 0.781286538 0.928691089 1.30700314 1.43737662
    0.957962751 1.27113414 0.787609994 1.35822105 1.46182072 0.84238708
    1.35954738 1.33345842 0.729093432 1.33402371 1.16436601 0.836652219
    1.01766777 1.26165032 1.6072948 0.967790961 0.639352202 0.810460389
    1.25117159 1.55496621 1.23780477 1.5606457 1.58778 0.900850534
    1.2219013 1.54983902 0.985776603 1.01856506 1.27676439 1.14979255
    1.46979988 1.33381987 1.03316689 0.717232645 1.10747969 1.23741937
    1.52772391 1.34320474 0.880567014 1.39979124 1.51776421 1.13136208
    1.07568014 1.32722974 0.867656946 0.993727088 1.31828284 1.09729397
    1.15265858 0.871730506 1.12156391 0.692764759 0.854189098
    0.903211772 1.53207827 1.22481 1.10312641 1.32445657 0.867065012
    0.719143569 1.28704286 0.842799246 0.829605162 0.720455647
    0.848526537 0.906065106 1.51627457 1.34146214 1.44835675 1.34286869
    0.985343516 1.08102965 1.07764482 1.5880394 0.676548719 1.22038901
    1.24504864 1.51730049 1.13204062 0.615654886 1.06349576 1.38452303
    0.878556907 1.11376178 0.778183341 0.835799098 1.10112619 1.48545349
    0.679837644 1.35237181 1.57452393 1.47642517 1.04487622 0.841870487
    1.41955698 1.53746104 1.44204402 0.895597279 0.959227443 1.49078882
    1.56100023 1.54674852 1.48608148 1.06490576 0.767758191 1.47335052
    0.888851106 1.4173044 0.8567729 0.847956598 1.43593562 1.52447462
    1.28139806 0.87182647 0.688372016 1.16922116 1.14106977 0.945613027
    1.23096073 1.56868899 0.863740146 0.775175691 0.681235969 1.37659752
    1.55259967 0.654762626 1.41856432 1.33442557 1.32856488 1.42565429
    0.591568291 0.730921805 1.31173718 1.02935719 1.16958892 0.515371501
    1.03704202 1.08895636 1.2660253 0.496282011 0.627978444 1.06937242
    0.673908472 1.50644636 1.39406669 0.765086532 1.49003172 0.692822814
    0.884573638 0.784407139 1.42826784 1.07079148 0.98948431 1.20568597
    1.03250861 0.725559533 1.00260878 1.16939902 0.64316994 1.26598346
    1.32384193 0.756818593 1.28826702 1.59582245 1.08670974 1.00562
    0.649835706 1.18556452 1.49625432 1.20409524 0.811554313 1.38117456
    1.01185751 0.853788316 1.33605516 1.10598993 1.25026536 0.663182795
    0.746944189 1.209571 1.38034368 0.724627316 1.09967518 1.11633682
    1.14156389 1.45998919 1.40846276 0.971104145 0.987799525 1.07053757
    1.15147758 1.27368915 0.675018549 1.55207241 1.14410555 1.4122138
    1.18485606 1.26457334 0.821139872 1.38442016 1.07231879 1.44960606
    1.60679579 0.802727818 1.21110427 1.30512142 1.54668272 1.06664193
    0.720823884 1.41857886 0.851186991 1.11069059 1.22178841 1.33625078
    1.34830379 1.31581497 1.41512764 1.43769741 1.078758 0.945567846
    1.40017641 1.23183024 1.57171619 0.661551058 1.37343264 0.929024696
    0.903068542 1.59419012 0.778033376 1.27351391 1.23759782 0.657928705
    1.24392903 1.25807977 0.682038665 1.02550256 0.733578205 0.955784142
    1.17596912 0.823062003 0.733722925 1.47300208 1.13929868 1.31219029
    1.04291415 1.02801764 1.45558321 1.42738914 1.61792231 1.21386683
    0.994791746 1.52970016 1.0274899 1.56125784 1.25876796 1.3885659
    1.22138011 0.84262836 1.28604221 1.20222592 1.098225 1.40635395
    1.18558729 0.878493488 1.53156698 0.743662119 1.45244706 0.696650445
    1.58077741 1.13222289 0.666985631 0.844553769 1.37342095 1.32049096
    1.41190982 1.50895143 0.967717707 1.12019789 1.57253253 1.48363054
    1.31099308 0.632303655 1.24606824 0.959125102 0.856099546 1.39553189
    0.680656433 0.747039378 0.946961462 0.677393138 1.53104448
    1.31332922 0.644175887 1.05688012 0.924665213 1.47679567 0.994639695
    0.794157565 0.809750974 1.04043961 1.0262394 0.873050928 0.596964002
    0.695398808 0.871646106 1.30859005 0.815216959 0.920511842
    0.793839455 1.16638446 1.25238526 1.09735608 1.35047853 1.59641159
    0.760942936 0.753064871 0.627731681 0.98018223 0.790826321
    1.43930435 0.710991383 1.35571027 0.894088566 0.768087149
    0.877547443 1.14989567 1.51329291 1.01322818 0.972002685 1.21920264
    1.41744685 0.761249483 1.56868839 1.52903283 1.50246108 1.33750749
    0.918493152 1.12071109 1.29510713 1.50305164 1.40105689 0.947712064
    1.55373216 1.37002528 1.16826081 0.937779665 1.43103242 1.2972672
    1.14380407 0.891233623 1.09083891 0.847968519 1.2940408 1.01606643
    1.25901949 1.21960282 1.10936701 1.40744889 0.700659156 1.12439883
    0.680481136 0.649896264 1.0250299 1.07534707 1.33556497 1.34779894
    1.53862798 1.32104182 1.35747409 1.09603119 1.36275697 0.840119183
    1.53236377 1.08631849 1.52447402 1.47723198 1.28535116 1.31309545
    0.990495205 0.706065893 0.983034253 0.66712147 0.988651991
    1.36734271 1.3782444 0.696497381 1.25151765 0.832429588 1.01834285
    1.29965866 1.16641402 0.732282579 1.05790234 0.460684657 0.65663588
    0.842977107 1.37338746 0.80561626 1.35325587 0.992775381 1.37393796
    1.15438843 1.32144654 0.673464298 1.26416373 0.662754655 1.40991485
    1.06499243 1.16988564 0.786872447 1.52290976 1.51768577 1.24881017
    1.02677894 1.13363492 1.38993406 1.59475434 1.48403943 1.29068947
    1.24816632 0.904193223 0.654176831 1.39449656 1.20047438 1.04552019
    0.939031184 1.51776969 0.853401184 1.27900136 1.13993204 1.03767681
    1.52990329 0.948932528 0.80262959 1.2492224 0.9926548 1.32980549
    1.55841982 1.54470074 1.39595807 1.17035282 1.03630912 0.831525087
    1.47845864 0.668579221 0.893100739 1.36473811 1.4971261 1.23057926
    1.00598979 0.644101441 0.693003118 0.902521014 1.24804425 1.59367335
    1.42464292 1.01882148 0.99595052 1.62010062 0.956008315 1.25828147
    1.4662087 1.58778489 1.22441339 1.38221705 1.16370332 1.65421081
    1.33913445 1.38399184 1.59079289 1.10491967 1.27997291 1.22827899
    1.21624434 1.64146197 0.943409562 0.733807743 1.09384358 1.60617197
    0.785580993 1.4089247 1.30727267 0.997115254 0.787827671 1.52640414
    0.676320374 1.2976706 0.883862615 1.29711604 1.07663262 0.902496159
    0.849904597 1.45810986 1.42768288 0.715978801 1.28307378 1.26516724
    1.3445071 0.817413628 1.00699639 1.5854336 1.55923092 1.4483192
    1.51891458 1.16678345 0.837961197 1.58023429 0.91038537 1.21854055
    0.932877898 1.14598715 1.080158 1.39133465 0.783840001 0.844637156
    1.08384204 0.75340867 0.906842053 1.317801 1.20746827 1.03225923
    0.738003314 1.11959732 0.647933662 1.23597693 1.1543256 1.36512232
    1.15273881 1.41563237 1.44442487 0.816566527 1.10245049 0.91019702
    1.03601193 1.43464184 1.29309809 1.43295729 0.902769208 1.19551957
    0.923403323 1.2378056 1.26685178 0.876061738 1.39349139 1.39101028
    1.19790041 1.51277089 1.37586415 1.21344829 1.50474775 0.891711891
    0.81895417 0.982843935 0.667896509 0.800010145 1.33629489 1.49156082
    0.952763557 1.24892032 0.900514603 1.23024452 1.04261112 1.47112179
    0.657522023 0.901520967 1.03887665 0.646977901 0.612445891
    1.54056644 1.6104393 0.829112828 1.25883484 0.615268171 0.952493072
    1.49172175 0.621402323 1.57134962 1.42985094 0.800058544 0.854294062
    0.899311125 0.860536277 0.790929496 0.83816117 0.891193807
    0.637995124 0.909760773 1.58561349 1.48456693 0.620927513 1.18642676
    1.30170941 1.03897023 1.28326023 0.66270119 1.25093889 1.58733451
    0.683537245 1.5534972 0.683660686 1.21124899 0.755888522 1.45709383
    1.47442865 1.52921343 1.54775441 1.28385699 1.07083881 0.679896951
    1.16252184 1.03040349 0.679702759 1.3588016 0.743250191 1.34304118
    0.755190909 0.889872491 1.18670034 0.982555866 1.08964705
    0.701728523 0.773539543 1.25879097 1.22422397 0.762495279 1.41846883
    1.1250658 1.28768563 0.727303743 0.871554375 1.33306253 1.34895301
    1.53454196 1.07919967 1.19592059 1.59697556 1.02021897 0.82952404
    1.62703931 1.39217556 1.13264 0.736410856 0.969288111 0.625391841
    0.624946952 0.460999429 0.966088235 1.15014648 1.20059741 0.58250773
    0.353902787 1.23162615 0.921884 0.820031881 0.668951392 1.38685369
    0.711949646 1.41032183 1.38373339 0.909385622 0.724938691 1.12403214
    1.54464924 1.03936863 1.01600409 0.932536006 1.44540071 1.38282597
    0.735340536 1.52233255 0.8847785 1.01749063 1.2213335 0.709468663
    1.0636847 1.06343794 1.06882107 1.57955277 0.816839933 1.17040753
    1.32287955 1.26795411 0.824678421 0.993484914 0.711771488
    0.985252917 0.723604321 1.44535565 1.30281329 0.776573122 1.41820061
    1.52923834 0.624208748 0.839468539 0.696402133 1.12514937 1.14263606
    0.926726282 0.852647722 0.847210407 1.12587571 1.09203577
    0.925118566 1.4055891 0.769485831 0.934654057 1.31915843 1.42653048
    1.49561858 1.09335411 1.26886415 1.51059413 1.10286772 1.20865679
    0.843984962 0.87799114 0.684941471 1.53467393 1.03475618 1.13178205
    1.04496324 1.25599337 1.35453081 0.724610746 1.58196843 1.38338304
    1.48836374 0.827319145 1.32052827 1.26266074 0.98903054 1.34157372
    0.884851694 0.713997781 1.51481056 0.64857769 0.997972727 1.33421898
    1.35632038 0.925045848 1.12186718 0.840960741 1.06401539 1.53454745
    1.48004532 1.54448521 1.46968663 1.23912656 1.04999709 0.640341997
    1.06594217 1.36887646 1.33102119 1.41284609 1.49766636 1.10591435
    0.764513135 0.706798732 1.12379384 0.975163698 0.726569295
    1.32030809 0.90610832 0.975455284 0.842107236 1.52767646 0.701529622
    1.39305425 1.54873908 1.07442153 1.40019071 1.54308712 1.53351998
    1.03785729 0.826054811 1.59786737 1.17448866 1.20775819 1.4234066
    0.761578321 1.32012415 1.5410316 1.12533581 1.57062805 0.743951082
    1.47855842 1.50565851 1.15271568 0.884838283 1.1684016 1.02692938
    1.46423876 0.799898207 1.59909546 1.4154619 1.10856926 1.42892599
    1.13361096 1.155882 1.3794831 0.920532823 1.31715882 0.917710185
    1.10262167 1.06584752 0.779333353 1.1313982 1.1422472 0.765382528
    0.619291127 1.58821642 1.16693759 0.958279073 0.709476948
    0.824800253 1.32837212 1.55679774 0.919787943 1.30589521 1.06669497
    0.950852573 0.977597535 0.815795541 1.29769659 0.847752273
    1.19260025 1.11280775 0.768737197 1.10328484 1.43142092 1.00560212
    1.49454689 1.24655819 1.61981499 1.21119463 1.39418221 1.20113027
    0.892302811 0.930860043 1.0042876 1.62468064 1.12533975 1.08015442
    0.894709468 1.16899347 1.54506147 1.47739637 1.58410895 1.35467875
    0.905804574 1.10209012 1.46871185 0.687667727 0.880366087 1.577227
    1.35861552 1.19954419 1.18895245 1.11215591 1.44903684 0.865305722
    0.931910396 1.28864717 0.653785646 1.39789784 1.24215496 1.06719851
    1.28561497 0.715469658 1.04837346 1.46036637 0.975206196 1.54469478
    1.03793538 1.31153274 0.75390476 1.12689769 1.04696953 0.710416198
    1.4227016 1.12496078 1.2285732 0.93804419 1.57130682 1.32125533
    0.640096784 0.712125123 1.50968826 1.48155522 1.29893708 0.677195728
    1.13621402 0.79684633 0.714227676 1.58925378 1.01756871 0.71665585
    1.23949921 0.568744659 1.34839725 1.00923419 1.43745244 1.09616482
    1.33255827 0.967259824 0.990607977 0.859212756 0.61271131
    0.732379556 1.28196943 1.03002107 1.40897834 0.743038893 1.08485329
    1.31906986 0.962544918 1.01106274 1.38203073 1.10884309 1.0766902
    1.15722883 1.14318538 0.937057912 1.21429169 1.22807837 1.27444458
    0.700010478 0.923763931 0.990847886 0.655818999 1.0906508 0.74356842
    1.48611653 1.18462145 1.59697056 0.875143886 1.07242405 1.50487721
    1.14724529 1.21092868 1.4900806 1.05841565 1.47220027 1.60629392
    0.903628111 1.12017512 1.00199938 0.659591734 1.32851923 0.820518792
    0.699886441 1.53284657 1.01682866 0.743869901 0.84724319 0.656955183
    0.790183783 0.655413747 1.31751156 1.2772342 1.32954586 1.48349357
    1.51628447 0.725692034 1.45517027 1.03404367 0.984157205 1.26971924
    0.90138346 0.771174312 1.57734251 1.08238626 1.27650201 0.637467206
    0.699982107 1.48538995 0.665949941 1.6569308 1.49394059 0.901514232
    1.12626851 1.0024569 1.25319743 1.29721618 1.30747628 1.17250896
    1.5848105 1.1743027 0.661818147 0.893177211 1.30200469 0.795291841
    1.28058803 0.636679232 0.946873546 1.15693307 0.957704365 1.33742762
    1.5313952 1.3539778 0.710395575 1.50182712 1.07560277 1.16100979
    0.924920976 1.59397376 0.945026219 1.36336768 0.982096851 1.15736496
    0.728072107 1.08208382 0.88356334 1.36962128 0.723045826 0.837728202
    0.986639917 1.29235351 0.646355152 0.780857861 1.00631893
    0.877857447 1.00845253 1.41944432 1.2071687 1.1995784 1.26999295
    1.38143027 1.38921344 0.700939298 1.28584087 1.24878454 0.949093699
    1.3168565 1.01267302 0.66923511 1.60019958 0.876422107 1.10147214
    1.07933223 1.58945274 0.789010048 1.52237153 0.80861336 1.00372267
    1.07518506 1.17514694 1.01444089 1.39513111 0.721992016 1.01642513
    0.685670257 0.673869431 1.15210187 0.859380186 0.986718237 1.3137548
    1.42271137 1.55938256 1.25337648 1.06665325 0.618185043 1.39100695
    1.59689951 0.726963818 1.46536922 1.03856778 1.28619838 1.16034329
    0.643088639 1.02563286 1.02050233 1.33523083 1.41401672 0.628689706
    0.819853723 0.614264667 0.63394165 0.690012455 0.682298183
    1.01747525 0.992806435 0.992160201 1.1622113 1.40317285 0.698175907
    0.710454643 0.804641128 0.946874976 1.38282597 1.58302665 1.284971
    0.641816616 1.56643069 1.53568351 1.38356435 1.59400988 1.29545093
    1.5981245 1.34825432 1.30130756 0.640187442 0.625180185 0.86951232
    1.45123446 0.795263052 1.01548576 1.61596751 1.21985936 1.08516002
    1.02527654 1.27030039 0.753350198 1.48054028 1.08606696 1.57822669
    1.05015969 1.18571389 1.27193427 1.20512593 1.39200079 0.636642456
    1.53331804 1.46901476 0.656457007 1.07045138 0.838181376 0.982205153
    1.35541904 0.800759852 1.35363305 0.618263304 0.758720756 1.09543157
    0.946161509 0.895386755 0.81675595 1.25764453 1.5387032 1.13414037
    1.59408617 1.38737869 0.748798788 0.768176854 1.39689803 0.68161124
    0.814508677 1.43527925 1.2963829 1.28810918 0.870898902 0.781595886
    1.60776305 1.18623376 1.21681798 1.09109461 0.623018384 0.655672431
    1.03004301 0.380626619 0.517671049 1.05021465 0.77384454 0.936240911
    1.0554384 0.516487122 0.93054235 1.29268086 0.722817421 1.46776783
    1.58841181 1.22448516 0.899642944 1.11068606 1.57866204 1.23431396
    0.951092243 1.04596746 1.19269335 0.782353103 1.00107932 0.87660712
    0.723446071 1.22151899 1.38745952 1.07745779 1.08765173 1.06238115
    0.931987464 0.835952759 1.25259304 0.673031449 1.5474807 1.02552879
    0.64394623 1.23387456 0.790880144 1.41848481 1.52560556 0.886318326
    1.48055542 1.0705235 0.671379685 1.28105569 1.26937962 1.16996932
    1.04370987 0.898860931 0.880641699 1.14833164 1.54499495 0.93613869
    0.972442806 0.879579008 0.951878011 1.09312809 1.5672791 0.74338299
    1.27999341 1.21083498 1.37471843 0.756495416 1.45636737 0.937194049
    1.23642707 1.51273751 1.20782304 1.20528018 0.884621203 1.29740417
    1.59555328 0.96625191 1.60573375 0.815431297 1.42086625 0.689135253
    1.23204398 1.36314714 1.56607103 0.896267533 1.54444027 1.37290251
    1.37094665 1.54225004 1.35261798 1.01507223 0.970615864 1.36272585
    0.745788336 1.25332379 0.631191313 0.761974931 0.999725103 1.3750124
    1.51362455 1.02810133 1.17920506 0.704500139 0.93991667 0.916270792
    0.819630265 0.944086194 1.26706815 1.61056793 1.19970572 1.54927289
    1.45925295 1.43048382 1.3099438 0.90904063 1.53311014 1.08961666
    0.931771219 0.629567087 1.40624595 0.681872487 1.50698626
    0.727461755 0.795915544 1.01029944 1.3147893 1.30133867 1.3417263
    1.03933179 1.41157544 0.696501315 0.759552896 0.965123653 1.29053915
    1.62308669 1.4506197 1.28613722 0.987531602 0.689414918 1.13161993
    1.51531518 1.10431516 1.37683165 1.54495645 1.24230802 1.59301591
    1.53442466 1.5303632 0.772837758 1.59400058 0.712305307 0.771093845
    0.92751354 1.33609951 1.45376647 1.60983002 1.20419657 0.904705465
    0.6913293 1.11980557 0.848482132 1.07984245 1.14330721 0.70523268
    1.54799676 0.973221958 1.25187266 0.72976625 1.40757751 1.05406058
    1.10266352 0.87225914 1.22480118 1.16402328 0.770017326 0.605961621
    1.12050784 1.19879186 0.826769948 1.4449259 0.799381852 0.83684808
    1.07448912 1.48489332 1.02780581 0.635731101 1.0214119 1.38923526
    1.44249809 1.2019664 1.60357285 1.08865738 1.37313855 1.42681909
    1.49837756 1.51293707 1.16610456 1.5511899 1.2327069 0.642382145
    1.31366992 0.712890744 1.23859763 1.37394655 1.34655976 0.856401682
    1.30230856 1.27842116 0.641776025 0.74896282 0.738111436 1.20609653
    1.16805708 0.948343933 1.61010253 1.06006384 1.22346914 0.859112382
    1.36504245 0.752495944 0.641201675 1.44419634 1.38514233 1.45076227
    1.13236713 0.91364795 1.37470293 1.40456474 1.06203294 1.36648452
    1.0466398 1.28736901 1.33992016 1.28062487 1.26573884 1.37207699
    1.00107121 1.0191859 0.794833183 1.02774775 0.784268081 0.761630535
    0.667101324 1.51634252 1.47903967 0.98376298 1.29159224 1.28817928
    0.854170263 1.63991475 1.19231033 0.806637049 1.58116889 1.41937816
    0.796434045 0.943255901 1.26947916 0.5742082 0.467811406 1.32821596
    1.15890026 0.733109832 0.927341998 0.38653025 0.777230501
    0.756679595 0.450124472 0.998498738 0.696739197 1.27851868
    0.66624701 1.08168936 1.32679081 1.18988693 1.30885684 0.668066859
    0.667739987 1.32448733 0.648142815 0.891871929 1.35484231 1.27903581
    1.1740644 0.914986491 1.08692706 0.842153013 1.0015924 1.18678844
    1.23471665 0.610297561 1.48077178 0.899784088 1.14789033 1.3724612
    0.639447927 0.996950805 1.5893048 1.16861844 0.858871639 1.05514836
    1.54563177 0.662926078 0.857014 0.728458047 0.735204339 0.873449147
    1.59325957 1.12106872 1.58210933 0.855186701 0.708978355 0.933335781
    0.895621061 1.35878658 0.863761783 1.02151215 1.57926726 1.37283599
    1.28546071 1.59734392 1.18099082 0.901866198 0.963222861 0.871706843
    1.56330311 1.40946662 0.689662755 0.786751628 0.84464407 1.38643456
    0.790901601 1.2608248 1.3821162 0.903893352 1.65296304 0.929413617
    1.39945245 1.46088922 0.927254498 1.59707248 1.47228599 1.47333455
    0.939329803 1.13266432 1.10850704 1.06023383 0.889219403 1.48021138
    1.25530469 1.44542718 0.905687392 1.39623833 0.744934559 0.934785426
    1.43160546 0.851293445 0.807950199 1.52352226 0.882300019 1.15259683
    0.950673878 1.5237304 0.65059942 0.784495533 1.04307604 1.05900371
    1.39552522 0.933629453 1.30999064 0.717212975 1.53627706 1.55490291
    0.866416216 1.15344155 0.739697516 0.745860696 1.42226613 1.35003161
    1.11694288 1.12954545 1.29175341 0.815012515 1.55710089 0.6692307
    1.1178093 1.55603218 1.57399511 1.0756402 1.11631918 0.794859111
    1.39411592 1.53994131 0.862713695 1.36166859 0.949613214 0.962308705
    1.2939471 1.60953617 1.43074691 1.21573341 0.92532742 0.721546173
    1.43323588 1.3735106 0.904735208 0.765844822 1.0907321 0.744224191
    0.883069217 1.0277046 1.54864335 1.42566478 0.6902529 1.22701955
    1.1764611 0.921870828 0.609974384 0.615608871 0.762044489 1.27186537
    1.13650787 0.758586884 0.836829543 0.898130476 1.37618792
    0.679903746 1.44555199 1.09025562 1.39403856 1.44661534 1.39866304
    0.831271589 1.00318325 1.34932005 0.865022182 0.698989034
    0.893076301 1.25234365 1.29193401 1.15583348 1.44029057 0.789530635
    1.57190895 1.38359141 1.46240795 0.817071021 0.68620497 0.921942592
    1.01983762 0.887522161 1.61495292 0.794926941 1.07284927 1.37141061
    1.16186678 0.830879748 0.856550813 1.52891171 1.41941202 1.49889266
    1.51461864 1.39055288 1.22861922 0.803344727 1.24572146 0.723228276
    0.654849887 1.13191307 0.876038253 0.809114873 0.69582659 1.22379339
    1.27295065 1.14772928 1.14957368 1.40982211 1.08033049 1.43756628
    1.44818282 0.621006966 1.53851163 0.839913547 0.66021961 0.847504735
    0.79955852 1.12160051 1.44230151 1.45601976 0.665485561 1.21809995
    0.674068034 0.925978899 0.798923671 1.56142473 0.873533189
    1.00946546 1.51666534 1.22864485 1.22583389 1.0243715 1.62230635
    1.25719857 1.4015106 1.11471486 0.870819032 1.56282103 1.61536372
    1.42940795 1.55162132 0.743785143 0.961251974 0.546288788 1.06051946
    1.22889411 0.929022431 1.08445871 0.666331589 1.26224613 0.410522521
    1.16612637 0.727834463 0.780479491 0.975645483 0.5405882 1.38662755
    1.31757712 1.34825218 1.51467586 1.01615405 0.947968245 1.57706177
    1.51022243 1.30986333 1.42066026 0.85977304 1.31944168 1.03093314
    1.56409407 1.25493109 1.02886462 0.674719334 1.43262076 0.740544319
    0.911937475 0.681567609 0.668758154 0.95551765 1.40033627 1.3814919
    1.51832616 1.49273515 0.857229173 1.39630592 0.830618978 1.11920798
    1.3455534 1.45539296 0.711037815 0.891760409 0.650130332 0.790023446
    0.833773255 1.13891876 0.788587451 1.25551379 1.20314169 1.06209004
    1.46062827 0.928394735 0.666169763 0.984872282 1.22176707 0.63238138
    1.08909249 1.20530248 1.32279396 1.05017722 1.07501853 1.51638544
    1.01664507 1.0148344 0.812961519 1.39067769 1.51579261 1.35405147
    1.42673242 0.786847115 1.57211435 1.07128656 1.36888063 1.39789295
    1.51972175 1.3628881 1.43833172 0.889525414 1.03228974 1.62477481
    1.27921116 1.43701696 1.09713793 1.08197272 1.54698408 1.46163154
    0.872111857 1.49388289 1.40021849 0.873926222 1.41345596 0.917742491
    0.694841266 0.633244097 1.33754945 0.635240018 0.764921725
    1.14947271 0.924951255 0.721501946 1.17736995 0.720574379 1.08757806
    1.29697382 1.49518287 0.782005847 0.922678292 1.23607087 0.686612666
    0.807048321 1.48082209 1.4720993 1.37382185 1.43415022 1.30266941
    1.04856074 0.728845656 1.53275704 0.912588596 1.47305655 1.58309042
    0.677672565 1.1978842 0.826914668 1.39163542 0.809692681 0.809291959
    1.03815794 0.671515524 1.61068904 1.22525597 1.21598601 1.48483717
    1.59489393 0.733360291 1.50979745 1.18775833 0.801925063 1.14202571
    0.684870899 0.905537963 0.802349329 1.47450769 1.36354482 1.3661195
    1.50401747 0.748955369 0.652061045 1.27638245 1.25179112 0.870074749
    0.871821821 1.23066485 1.45403922 0.725643456 1.15607822 1.448915
    0.621869147 1.36036205 0.596945763 1.53476965 1.07629025 0.640751898
    1.33821654 0.888513386 0.832380891 0.897741139 1.18958259 1.53711927
    1.01802254 1.32194281 1.4869796 0.74674648 1.15877903 1.07720435
    1.42514634 1.58117628 0.708965421 1.4443568 1.45642185 1.02109647
    1.5253762 1.19857633 1.37136853 1.04802144 1.04862964 0.772900462
    1.2661407 0.810178161 0.85940969 0.686475515 1.51067066 1.51390016
    1.30632949 0.818926871 1.01652098 0.822751641 0.963190854 1.59025753
    1.08841896 1.13420165 1.45361114 0.71784091 0.680718005 1.42865133
    1.3640542 0.737854481 0.647109628 1.51905966 0.805935502 1.52368057
    1.03893304 1.13575065 1.34550512 1.3562566 1.32466161 1.39051998
    0.704260826 0.815278172 0.673876941 0.647121012 1.34076226
    1.00778544 1.39924836 1.2266326 1.06093729 1.09722424 1.41616702
    0.981121659 0.632196367 0.656101942 0.858611226 1.41218638
    0.826603115 1.22408247 1.47201025 0.963237226 1.44689095 1.36101091
    0.94666487 1.44750559 1.36635661 0.760859013 1.48344266 1.3041172
    1.03257096 1.10893285 1.46561944 1.59597337 1.45729876 1.43193007
    1.02302206 0.804737031 1.4299978 1.20488393 0.496181279 0.833868921
    0.550886571 1.24345875 0.440520912 1.32870913 1.18700373 0.940896451
    0.586677074 1.40536582 1.44320607 0.670754492 1.26824152 1.53175116
    0.626680374 0.703626275 1.19602799 1.0410856 1.60621119 1.18416274
    0.942638099 1.36927772 1.261989 0.83664614 1.13329864 1.47976708
    0.982355654 1.01599109 0.850992382 1.59292924 1.48894191 1.60354948
    1.0588901 0.948863864 0.791826308 1.10865796 1.04298675 0.706955492
    0.989085853 1.055215 1.55133188 0.803048253 1.59518945 1.17212641
    0.850623429 1.56134069 1.0325582 1.23034739 1.29861152 1.14208353
    1.03054178 1.32932842 0.814478517 1.06618893 1.17294192 1.39939141
    1.35344219 1.59763062 0.918711901 0.851082921 1.00213945 1.12100244
    0.917064846 0.740098655 1.50671375 0.68089968 1.04695237 1.60269535
    1.42602897 0.855247498 1.18340886 0.679225624 1.45247912 1.33410966
    0.695541561 1.40648556 0.946741164 1.47337389 1.34136212 0.742486954
    0.693729341 1.26245809 0.872055292 1.49838006 0.722042561 1.38264513
    1.22145641 1.42779803 1.10495973 1.18192613 1.44886684 1.51354992
    1.10736859 0.843103886 1.12749302 1.17459023 1.42248082 1.39691544
    0.725912333 1.07956994 1.28490329 1.47638428 0.982430875 1.38397777
    0.851422429 0.786130548 1.35875523 1.12675643 1.09990144 1.20888031
    0.73586458 1.04302752 0.852075636 0.939376771 1.07388949 1.02162218
    0.885304391 0.809501529 1.5864228 1.17441964 1.09729183 1.16443312
    1.21144164 1.51738465 1.306288 1.60363913 1.51241076 0.948827326
    1.5943743 0.637063384 1.06865263 1.18041754 1.32281375 0.8965922
    1.51558375 0.699200869 1.44089222 1.48162508 0.803622663 1.06840026
    0.930458605 1.4739176 1.58349836 0.968727589 0.855652332 1.40181112
    1.00728476 1.48632085 1.5922364 1.53681374 0.610038817 1.56474388
    1.18570983 0.775002003 0.706308484 0.957386076 1.12060702 1.2738595
    0.971163213 1.18711317 1.51181018 0.954745173 1.39457011 0.732737958
    0.974963725 1.57589161 1.19689262 1.18139279 0.666949391 1.04825068
    1.40698588 1.55022955 1.48552585 0.866548479 1.07110786 1.06428671
    0.661852717 1.25951576 0.876506627 1.29224658 1.4519006 0.947311461
    1.0158931 1.21616805 1.55481529 1.22036242 1.59195256 1.07524109
    1.40551388 1.51279557 1.35841465 1.48133838 0.989717841 1.46607232
    1.10220301 1.22560108 0.720374763 0.758871853 1.33769202 1.30642188
    1.09980321 0.748303294 0.917110264 0.746174812 1.62637448 1.3283813
    0.79787457 0.815535367 1.4673667 1.26200914 0.636143625 1.16685331
    1.38961983 1.564134 1.09016907 0.937682867 0.767182112 0.688467443
    1.40357983 0.900077164 0.901937962 1.41831243 1.23444843 1.51607168
    0.645483792 1.03375089 1.5429635 0.633093774 1.08704257 0.684707999
    1.48944271 1.20774674 1.07358408 0.646403313 1.05180502 1.50180387
    0.964145601 1.51867914 1.23420274 1.23851383 1.13214254 1.16164196
    0.822247863 1.60856199 0.984224021 0.816322029 1.46192408 0.86467272
    1.16303432 1.54428709 0.947673559 0.706199884 0.899287879
    0.470563084 1.42210603 0.518513799 1.08818769 0.778139114
    0.447868168 0.758008063 1.27897847 0.481410354 0.502833664
    1.27706659 0.640252709 1.18610227 0.878048658 0.948306143
    0.922625899 1.50401878 1.58297825 0.749870181 1.54087555 1.25687277
    1.38640988 1.43643165 1.33316159 1.01559055 1.60265052 1.5080837
    0.747972131 0.808464646 1.54815304 0.896679044 1.50012684 0.72242713
    1.44898975 1.15298247 0.992553234 0.827971816 1.06931794 1.38036466
    1.03007293 1.51730645 1.4442333 1.25800633 1.18388295 1.17048228
    1.32884026 0.637711883 1.12758565 1.60013521 1.39476264 1.3683486
    1.33874774 1.06872964 0.615423501 1.21417201 0.699120224 0.825950563
    1.35509861 1.41764009 0.96244508 1.25016749 1.45203173 1.31696498
    1.10838926 0.993059397 0.727232039 0.686206818 1.27913225 0.89021194
    0.792829633 1.3375721 0.94038564 1.51225054 0.730352521 1.14636755
    0.951964736 0.660112143 1.29875875 0.904532552 1.20855463
    0.913988054 1.45535767 1.06434929 0.927885175 0.835326135 1.34637153
    0.884283721 1.23821247 1.36192429 1.05912864 1.3401587 1.07240176
    1.1049484 0.989072382 1.01693952 1.0250386 0.660900712 1.26198912
    0.603142142 0.935937405 0.742543161 0.824324369 1.45148754
    1.25973785 0.746894479 0.692839026 1.21517682 1.42324114 1.22286475
    1.44966245 0.641768873 0.591146708 1.34525275 1.20614874 1.2022332
    1.60260308 0.885649681 0.639944255 0.755547404 0.798934042
    1.43120134 1.16118455 1.51999533 0.871777296 1.50704026 1.10152006
    1.199458 1.27770162 0.635302305 1.1046381 1.60446727 0.930545807
    0.921105087 1.18924892 1.27381086 1.11698711 1.14611053 1.50846362
    1.53040719 0.632897198 1.44725215 1.56888855 1.38762271 0.79914093
    0.778497994 0.878970563 1.10397935 1.49089909 0.93093127 1.14402914
    1.04436958 0.806491017 1.3070693 0.675623357 1.49564612 0.621410549
    0.94441247 1.09578264 1.11791682 0.890044034 1.3742733 0.685421348
    0.917013466 0.796063125 0.623605251 0.673274636 1.44188178
    0.981467783 0.888479352 0.741345584 0.856227636 1.00771964
    0.949678779 0.769218624 1.06296837 1.51719415 1.03026652 1.55297852
    1.14491129 0.699315071 1.14658833 1.23018968 1.33439636 0.667420089
    1.27632332 0.737426579 1.55947304 0.768504441 1.33260489 0.661851823
    1.12335336 1.50171947 1.10960674 1.12010849 1.01681185 0.738751709
    1.27323306 0.914689362 1.09640276 0.77014941 0.79274267 1.41023099
    0.853431523 1.3347168 1.36416125 0.62475425 1.50674903 0.974753141
    1.17377055 1.49354088 1.00728464 1.57709467 1.18995428 1.06520951
    0.877000332 1.41835785 1.29275489 0.92702812 1.03543234 1.11791587
    1.1834718 1.21273112 0.787083924 1.00589025 0.74600327 1.55623651
    1.17485619 0.758162618 1.44738603 1.18425477 1.27065265 0.771633208
    1.28571737 1.50638711 1.53395212 0.927865744 1.36496878 1.44075978
    0.739097655 0.823063016 1.27928984 0.785049319 0.812475622
    1.38538861 1.60655749 1.29436827 1.57452285 1.46915638 1.52207863
    0.680330634 1.11756051 0.643516421 1.57758474 1.18509376 1.36005199
    0.821981549 1.19025648 0.942202568 0.838605523 1.28313375
    0.694541752 0.904184282 1.28739154 0.675917089 1.01726997 1.37826741
    1.30257905 1.44583058 0.677466512 1.34207749 0.924098372 1.04050517
    0.942968488 1.24189496 1.19065297 1.23629701 1.24255574 1.60455549
    0.913233638 1.56459987 1.12300646 1.52030754 1.50349689 1.13412881
    0.914123178 0.914526105 0.820441723 1.27672112 1.54588091 1.52388132
    0.933534682 1.10014117 0.935871303 1.08663166 1.13678479 1.0408324
    1.13579023 1.30450928 1.11523688 1.60698473 1.57320738 0.933948159
    1.20365214 0.622816622 1.59459209 1.35252309 1.22922683 0.655092657
    1.52019274 1.03849435 0.65931654 0.831714332 1.55676782 0.698305249
    0.851138771 1.02231181 0.746293604 0.9028036 1.36042738 1.55312705
    1.01177084 0.629326522 1.4260509 0.794470549 1.53350902 0.80006814
    1.07296884 1.35008657 0.851823509 1.54105854 1.39821923 1.10541654
    0.809943497 0.768839002 1.42654288 1.07291436 1.62651765 1.32763648
    1.3381381 0.784823775 0.651646674 1.35490787 0.732614279 1.29768956
    1.10622323 1.39524794 0.762751579 1.1437782 1.07883072 1.40076268
    1.38592196 1.15560758 1.20069957 0.818348289 1.19133866 0.953618526
    0.961115658 0.925546169 0.704454482 0.881178021 0.95249325
    0.65494132 1.42340755 0.92734015 0.995047569 1.51694465 0.85685879
    0.714492679 0.886675179 0.758300602 1.44770336 1.521842 1.47121453
    0.832795739 1.61776888 1.50974643 1.16777694 0.979284823 0.810363233
    1.59150434 1.47081816 1.48390055 1.36414027 1.33764958 1.25258088
    1.04008102 1.22486794 1.56137621 0.918939173 1.33862901 0.867071867
    1.17183948 1.58612692 1.28397226 1.5225246 1.22103 1.54676878
    0.825175881 1.52825952 1.10394704 0.916054666 1.35882747 0.968713343
    0.878663778 1.26212525 1.16033626 1.49714851 0.633409023 0.601182103
    0.623545945 0.806271613 1.08552361 0.882732987 1.47606659 1.25424743
    1.43149555 1.40259528 1.30105865 1.08079183 0.772705317 1.47976863
    0.959820092 0.600035965 0.63764894 0.964882314 1.11331332 1.02770281
    0.797985256 1.08705533 0.956653178 0.938316822 0.830072761 1.094311
    1.58131528 0.684803963 0.808745027 1.5287739 0.720308244 1.40346599
    0.737809598 1.62441957 1.04780257 1.33312058 1.11286271 1.33803296
    1.60439849 1.15722072 1.23388219 0.998898268 0.852744997 0.94926703
    1.3381474 0.929549098 0.955762208 0.81959945 1.06677485 1.02454972
    1.30543804 1.18361747 1.2086302 0.915464163 1.61372924 0.728132248
    1.02264965 0.704153121 1.16976357 1.1459384 1.15070951 1.27510428
    0.806000352 1.06743073 0.790658772 1.61611342 0.67212975 1.49202764
    1.08644712 0.745920599 1.17907488 1.54638243 1.20243323 1.57231426
    0.699300587 1.07572818 1.00371385 1.56190252 1.19311059 1.0446285
    1.34301937 1.04293108 0.926292241 0.932386756 1.14287579 0.943752944
    1.0152086 1.37521172 0.655774593 1.61501479 1.19640982 1.31506181
    1.55048823 0.78587544 0.916221976 1.28178573 1.09722519 1.34872675
    0.875631988 1.20131338 1.36471486 1.1306318 1.54226768 1.23935103
    1.3543632 0.872306287 0.82512027 0.740040421 0.831078529 1.03105259
    0.567050099 1.20155907 0.673223138 1.24916124 0.528285384
    0.487127483 1.10666406 0.94569248 0.842239261 1.02558553 1.46958327
    0.874906898 0.995497644 1.302508 0.664579511 1.6156894 1.20417714
    0.743074954 0.770870924 1.16570151 1.28043091 0.654530942
    0.928953469 0.640569508 1.61817741 0.769184351 1.54337299
    0.819529831 0.929539919 1.00593483 0.706048191 1.52658749
    0.942211568 0.776341498 1.62625456 0.790582716 0.90108186
    0.765019715 1.5106014 1.61885452 1.55591953 1.28556657 1.23673975
    1.52570856 1.16483557 1.46710253 1.06152523 0.902400374 0.89120996
    1.3885268 1.19772053 0.857808352 1.51876712 0.648776174 1.08363175
    0.87089473 1.44000149 1.04481792 1.33393061 0.672705173 0.64493376
    1.51375401 0.800136685 1.18866551 1.35252368 1.07065487 1.03389835
    0.938383579 0.733737409 1.49045563 1.3915273 0.891175508 1.0004487
    1.40304196 0.945976794 1.4406023 0.963607609 1.58630574 1.42464554
    1.58333528 0.973665059 1.52203989 1.55461156 1.21933556 1.33332109
    1.37384987 0.865193963 1.14778197 1.19151497 1.59258533 1.11101186
    0.835097492 0.657438457 0.979216576 0.834584415 0.751611173
    1.26896787 0.750491619 1.58910191 1.06620431 1.58341956 0.973034441
    1.06026733 1.52746141 1.51938426 1.57783449 1.0237956 1.03419614
    1.43393528 1.40919888 0.808205664 1.08533514 0.686018169 0.676090539
    1.10206962 1.04944587 1.06175125 1.33773708 1.45020056 1.06086314
    1.02697194 0.798363566 1.11882782 1.31835628 0.987975001 0.898660421
    0.753346682 1.46862185 0.7426368 1.20705914 1.50538635 1.36029255
    0.684798062 0.988500178 0.658707678 1.4993124 1.240224 1.53342748
    0.79373771 0.755917847 1.54283261 1.5646224 1.26621127 0.837284207
    1.23787308 0.839244604 0.701070309 1.54091549 0.868590236
    0.640521586 0.922859848 0.719589174 1.00568676 1.04782426 1.1269877
    1.30865502 0.985696733 1.15973938 1.50548601 0.971135199 0.880071044
    1.45909512 1.18142104 0.802562416 0.606511891 0.723325968
    0.732994676 0.793195307 1.2583673 1.49336326 1.3251816 1.19553101
    1.2877177 1.36748719 0.905607343 0.95076263 1.36090839 1.19473588
    0.946425736 1.54224575 1.21188104 1.23566186 1.1966145 1.57592154
    1.57236791 1.08113909 1.55337381 1.28925884 1.58037758 0.763003886
    1.22939456 0.953638315 1.58586884 1.05138409 1.10316241 1.20277047
    1.47888708 1.41846371 0.860034108 1.47320473 0.808416903 1.14180148
    0.640507042 1.07816923 1.47550559 0.799331605 0.919451714 0.73125875
    1.00147259 0.642322958 1.39576674 0.954180419 0.654402673 1.11595988
    0.817828119 1.55319417 1.19886661 0.770126462 1.56268859 1.10381138
    1.19282687 1.04030252 0.898832738 1.01839674 1.30260706 1.55470514
    1.28300822 1.20429826 1.44918585 1.52328002 1.36777818 1.51801097
    1.57986748 1.16380119 0.648873925 0.993612409 0.807893336 1.61605978
    0.691982567 1.57299542 1.34943569 0.883614421 1.56892097 1.08477688
    1.00004339 0.635865867 1.4856832 0.960336685 1.02101707 0.612974644
    0.888556302 0.707230628 0.694821954 1.21614361 0.906315088
    0.707941651 1.07144618 0.549986899 0.681439936 1.23786223
    0.598650455 1.38522649 0.771773338 0.99269259 1.5390451 1.15567994
    1.11807501 1.16888213 1.35754228 1.10920954 1.21075392 1.51378369
    1.16108656 1.39118326 0.864078939 1.21465993 0.824904621 0.938541532
    1.2223289 0.991823256 1.10293496 1.45143473 1.01737416 1.57400167
    1.60453868 1.28104925 0.845440507 1.49701226 1.22992909 1.0650996
    1.53424799 1.37347305 1.59883606 1.13141179 1.58275247 1.39477825
    1.00851214 1.21593833 0.776910365 1.18887639 1.0031507 1.1218251
    1.3499819 0.651390672 0.797491312 1.3761785 0.722653925 0.864602387
    1.56529796 0.706302226 1.32383096 1.10497808 0.607117772 0.919352233
    0.97493273 0.80677408 0.695446908 0.708447516 1.2350527 0.696668684
    0.973304331 1.53995001 0.623585761 0.604019523 1.46549451 1.26212955
    0.667546451 1.01458073 0.713147759 1.07975996 0.886847377 1.2342608
    1.62267864 1.08050334 1.27752924 1.17780507 0.855207503 0.831596255
    0.985254765 0.817706227 1.48064756 0.72010684 1.44501686 1.38072896
    0.696676433 0.681881726 1.40675879 0.883949578 1.31480181 1.39364743
    1.3365072 1.10974455 0.773778498 0.694703996 1.14117694 0.767796934
    1.26574504 0.802569091 1.43817139 1.04743743 1.43625069 1.54120469
    1.34987521 0.834077179 1.42977917 0.874978006 0.623401582
    0.988118351 0.848094761 1.14503634 1.3619957 1.21078825 1.35828388
    1.27332902 1.46768796 1.08753955 1.18154693 1.33402574 0.755601525
    0.700878024 0.977727413 1.05307269 1.5996995 0.967166305 0.809030831
    0.829082191 1.06891584 1.05603039 0.869801581 1.27331412 1.50001061
    0.776611567 0.920644581 0.843969107 0.719761729 1.17277968 1.3410275
    1.1097585 0.668870032 1.49500465 0.865130246 0.652974486 0.76485461
    0.899846852 0.868295848 1.57979834 0.815459132 1.38928819 1.01507068
    1.39955413 0.980531454 0.601559341 1.28091848 1.23824036 1.40613115
    1.1729486 0.989955127 0.956401706 1.16196477 1.40007424 1.49346554
    1.42015755 1.28593552 1.51944745 1.15876365 0.858965635 1.11814511
    1.24223018 1.18346941 1.25643599 1.25327146 0.932303905 0.735824645
    1.07856095 0.920272052 0.729869425 1.54886079 0.684056818 1.60422254
    0.753621221 1.08306503 1.54290938 1.32770097 1.12346268 1.62753832
    1.20268893 1.10116029 1.11270034 1.65892446 1.47426069 1.06463349
    0.759276927 1.54987037 1.30381227 1.23658943 0.778165936 0.953408003
    0.83592546 1.3715992 1.14046931 0.6831581 1.59793484 1.61258602
    1.26142788 1.55870867 1.35924685 0.659552097 1.03085363 0.653042257
    1.4020195 1.12068236 1.00276577 1.6077553 1.48328292 1.369138
    0.945413053 1.34075809 0.732937932 0.666073322 1.09786749 1.3239429
    0.968556285 0.715116084 1.28659511 1.17726493 0.735329688 1.30638397
    1.4627229 1.23821473 1.61490846 1.25634778 1.49788761 1.37959325
    0.84566164 1.59338701 1.195714 1.58443975 0.8189165 0.699904978
    1.46719086 0.80971843 1.3074106 1.44824696 0.914236724 1.4459908
    1.45461595 0.891415715 0.473213613 0.471202731 1.356359 1.05735219
    0.388238072 1.13602793 0.741564333 1.29378474 0.664808452 1.28825235
    0.647313118 0.703172863 1.20986259 1.12895346 0.703160584
    0.745523036 1.50032747 0.647666454 1.28407896 1.026384 1.34411633
    1.23094141 1.28003788 0.71769768 1.05933809 1.38802755 0.719430625
    0.840911746 1.61391819 0.849516034 0.888286352 1.46335185
    0.971705377 1.28864014 0.716946125 1.58741748 1.29719877 1.59266186
    1.18386292 1.26403153 1.09564459 0.828633308 1.52958417 1.50263929
    1.05558205 0.879515409 1.11895525 0.752135754 0.992429733 1.38363981
    0.810083985 1.05412436 1.30975115 0.871981323 1.37619805 1.24016082
    1.07192969 1.43038321 0.959236622 1.3414557 0.798304737 0.822753608
    1.44138384 1.3396107 0.872524738 1.33137619 1.2193259 0.628019691
    0.779660106 0.632221341 0.787228405 0.811938703 1.57665551
    1.53938329 1.40114713 1.19624054 0.972383261 0.703810394 1.25691605
    1.61655509 1.42754972 1.27791584 0.733859301 1.53869808 1.43318653
    1.46788168 1.29344618 1.01068604 0.852555156 1.06281686 1.12680411
    0.837766171 0.64453733 1.17171907 0.806056142 1.51317799 1.17311037
    0.600533724 0.613793194 0.641679406 1.33915973 0.857756972
    1.47700262 0.67487371 0.839284241 1.04632628 1.00098729 0.82167393
    1.31364799 1.2734009 0.990567148 1.22896445 0.925761402 1.27682912
    0.670942843 1.55314529 0.933802068 0.751341283 1.25519061
    0.650762856 0.621796787 0.655168116 1.29822099 1.1008141 0.942611635
    0.815813243 1.56428909 1.07509148 1.26038802 1.20138466 1.54568267
    1.25984383 1.45499253 0.975593925 1.55798221 0.773162365 1.39690971
    1.12521946 1.05249918 0.65164566 0.697619498 1.40340507 0.930910289
    1.2800411 1.06534028 0.725117624 1.49650478 1.08484697 1.42462337
    1.16354442 1.33354354 0.968988478 1.44935787 1.23722434 1.34613287
    0.607191324 1.52008092 1.04056764 0.950205743 1.48771703 1.50226653
    0.811060488 1.55396497 0.736827433 1.2309128 0.837948561 0.778493226
    0.933596373 1.49228573 1.43838835 1.58073354 0.678025544 0.731793165
    1.52424371 1.13887584 0.861628294 1.29784632 1.56451797 1.31131446
    1.11457384 0.887338519 0.798852563 0.826430321 1.53000295 1.26948404
    0.911172152 1.56065917 1.3558042 1.53557599 1.59696591 0.745468676
    1.01691902 1.24974811 1.35628629 1.5691874 1.62642276 1.48369813
    0.744900227 0.987772584 1.08694923 0.81971103 1.59382153 0.822242796
    1.32759547 0.956061184 1.41849554 0.876603067 1.29180229 0.921248734
    1.17466235 1.08868682 0.645115972 1.58363438 1.56416893 0.919505239
    1.52157879 0.965891659 1.42787397 1.52143168 1.60058177 1.25170588
    1.33790791 0.67241919 0.707138419 1.24998331 0.824715614 0.793398678
    1.39192629 0.992689788 1.56120431 0.720509112 1.24744177 0.964214623
    1.14632761 0.981713533 1.30945396 1.33740091 0.980604708 0.71872592
    0.705486655 1.57131231 1.20510113 0.762541294 0.788359582 1.22967231
    1.52664638 1.54598105 1.45455146 0.767039657 1.53345144 1.36544991
    1.10528111 1.48604083 1.41908479 0.540220976 1.33919954 0.504657984
    1.20081449 1.03552926 0.788789928 0.445203066 0.425728917
    0.793101966 0.506175041 0.436629057 0.982667804 0.737515986
    1.09678996 1.52274764 1.20527577 0.689593554 1.0120194 0.956907868
    0.745274603 1.58284056 1.06878603 1.147802 1.3350625 0.892338991
    1.38927853 0.808946669 1.07972205 0.710921109 0.713112116
    0.967962205 1.42080116 1.30038631 1.13544011 0.855234206 0.949505627
    1.36300981 0.726012886 1.29380369 1.34674013 1.21030366 1.39660609
    1.08007026 1.04927754 1.58420241 1.37309456 1.54247916 0.64705193
    1.41653478 1.27256656 1.22678614 1.36135483 1.32671332 1.54229605
    0.909425318 0.991921306 0.883125901 1.08854508 0.922805727
    1.11538005 0.697583795 0.737990558 0.71736908 1.28824615 1.37151325
    0.896856248 1.03386068 1.55996895 1.40961707 1.11729252 1.20993674
    1.36101758 1.36730385 0.883834481 0.671101093 0.828603506 1.61644757
    1.35545719 1.18447506 0.77463913 1.55862081 1.19179749 0.867188752
    1.28254473 1.57752264 1.41767895 1.4837302 1.33859432 0.92906636
    1.05555296 1.11520398 1.52274072 1.41518414 0.767623484 0.756420851
    0.659874439 1.5766803 0.971223176 1.44501805 1.36880183 1.51798499
    1.24091232 1.1831069 0.968879759 0.784571588 1.57119668 1.11932242
    0.597855985 0.714385271 0.755778253 0.925616622 0.988092303
    0.818870783 1.40436423 1.42099059 1.33888888 0.909558535 1.61364698
    1.03280711 0.725628793 1.06477082 1.29669404 1.17054641 1.10551465
    1.19853115 0.700705767 1.03774154 0.733213723 1.03874564 1.60023451
    1.33234227 1.1088053 1.56847596 1.57158864 0.696034372 1.0511924
    0.720734656 1.12106645 0.696908712 0.825046122 0.791365027
    1.26495326 0.817029417 0.634232342 1.113065 1.5520438 1.50526357
    0.809135973 0.827550352 1.59835684 0.647447109 0.885303438
    0.979806662 0.705267847 0.780515254 0.715920627 1.11620498
    0.909847796 0.944898188 0.710399628 1.06837332 0.794322193
    0.740555048 1.46386373 1.14336598 1.55595767 0.909701288 1.30857122
    1.51195276 0.634961545 1.22068727 1.25046504 1.0656985 1.22847092
    0.679784179 1.13938189 1.24839604 0.845953405 0.713834703 0.77511102
    1.48974574 1.55056739 1.09968019 0.704828441 0.922123849 0.858460724
    1.06726015 0.974846423 1.03748596 0.688908875 1.60381341 1.01053047
    1.53416479 1.56534302 0.878816962 1.53723359 0.961897254 1.09239769
    0.796209931 1.15363812 0.916264653 1.44503379 1.09760559 1.55613518
    1.54520619 1.05493736 0.762949109 1.23516786 0.721363306 1.11777461
    0.681088686 1.0500052 1.34332204 0.92970109 1.55227232 1.17917287
    1.32462156 1.40302813 0.721808434 1.44150662 0.967139184 0.685482144
    0.674464941 0.682401478 0.671662688 0.87553066 1.61557686
    0.668278933 1.27275741 0.86685288 1.0608871 0.908185899 1.09385002
    1.21043658 1.25990129 1.61067295 1.60554755 1.54142892 1.21478188
    1.32084739 1.43361747 0.811601877 0.906742156 1.07619727 0.873219013
    1.47149348 1.18576312 1.56397963 1.27652717 0.918531895 0.80202651
    1.56963921 0.784638464 1.26769435 1.09204555 0.665374994 1.13906252
    1.08113837 1.16947305 1.16969562 1.00335741 0.421300858 0.564818263
    0.498174757 0.484320194 0.467906713 0.514616787 0.567658126
    1.35111499 0.927138031 0.672979712 1.314358 0.698751569 1.50033987
    1.16793418 0.642415226 1.37480807 0.864127994 1.09696913 0.687098384
    0.923875213 0.794968724 1.05424821 1.34423566 1.54918635 1.28001344
    0.746902943 1.57184374 0.739893019 0.877686143 0.739394844
    0.842706501 1.14911366 0.712194622 0.787806988 1.43294549 1.42037988
    1.15962839 0.749333084 1.23391199 0.829701304 0.847074926 1.13079488
    1.56035674 0.945598364 1.28796422 0.649006665 1.09989166 1.06707871
    0.987450123 0.682536066 0.762763858 0.825440764 0.619811773
    1.05851531 1.36827242 1.223472 1.38652277 1.18610895 1.56409669
    1.17459166 0.788358033 1.07128167 1.35313296 1.25457835 1.44733989
    1.43316233 1.32808983 0.952353895 1.16150463 1.50334096 1.20894802
    1.043221 0.9825297 1.53744817 1.33787334 1.40456724 1.22815812
    0.681866109 0.667344928 1.52602315 1.59782076 1.34394515 1.30697465
    1.48016107 1.17052245 0.714242339 0.811321676 0.908758104
    0.704386055 1.3298533 0.846539438 1.58182538 0.827299237 0.963235199
    1.06540525 1.27049458 1.26466238 1.32006252 0.634061933 1.071141
    0.637718439 1.52999008 0.742552459 1.23928058 0.984890044 1.03774786
    0.85892719 0.752635002 1.51218116 1.0831095 0.87332803 1.23727083
    1.57704246 0.727101207 0.956018448 1.31054389 1.06993401 0.943930507
    0.912225366 1.59976196 0.832416832 1.14953244 1.53684926 0.665702462
    0.832357347 0.975306571 0.843786895 1.10745597 1.09619498 1.13344181
    1.1366142 1.61426973 1.51124275 1.46118867 0.841567516 1.15780187
    0.840481639 1.55951524 1.468768 1.32258284 1.61053514 0.82356602
    1.20316017 0.757026911 0.928506255 0.776425838 0.748648167
    1.45314634 1.40145969 0.688541055 1.24387813 0.704479516 0.770268619
    0.950187445 0.595391035 1.46775484 1.31213188 0.678070307 1.55367231
    0.915149391 1.12508905 0.917414069 1.33668268 1.14090133 0.907901943
    0.950254619 0.767444432 1.06336093 0.664351642 1.27292907 1.31453097
    1.07623732 0.906709433 0.709667087 1.52601349 1.0600971 1.5127331
    1.37693679 0.820678711 1.04169679 1.4083575 0.751352966 1.27771497
    1.14943731 0.832506835 1.58058095 0.728737354 1.63050151 1.60092866
    1.58681726 1.06374776 1.09379327 1.30008507 0.9132303 0.946272433
    1.53851759 0.824926615 0.815012276 1.0954144 1.30720377 0.680475175
    1.28576875 1.25253439 1.50986111 1.43425727 0.853362858 1.60302031
    1.55401671 0.621331751 1.00648391 0.969512284 1.03994191 1.05992222
    0.714336276 0.973014712 1.0993619 0.891345501 0.73147428 1.42618906
    1.02692711 0.772986591 1.07659149 1.56094778 0.947034955 0.822767854
    0.788953304 0.882095516 1.1683991 1.53337467 1.00111806 1.2567687
    0.692507982 1.47950506 0.816740096 1.40376937 1.21876276 1.15280092
    0.693285584 1.29319167 1.0157553 1.29268336 0.987039626 0.965002775
    1.06251609 0.829776347 1.09716535 0.824462891 1.44001627 0.687313557
    0.962698758 0.746818662 0.817887664 1.35346961 1.02590656 1.3805865
    1.13169587 1.3508358 0.889587522 0.421582222 0.814133584 0.907797873
    1.21909094 1.08388305 1.01947701 1.37642658 1.27490556 0.88152957
    1.50208819 0.78907752 1.19971097 0.740079165 1.62521315 1.41410565
    1.15394354 1.58920693 1.4530251 0.99067229 0.875223219 0.97237885
    1.09809899 0.639131367 1.3983041 1.32458341 1.34311187 1.17329383
    1.00498176 1.36622334 1.46533275 1.23660159 0.638323426 1.11775947
    1.56597328 1.05597329 1.3080765 1.28988862 0.741574705 1.36983752
    1.16369665 1.11820889 1.02545285 0.902084529 1.14862466 1.47247934
    0.926234007 1.10789239 1.19456899 1.21738112 0.739477813 1.07313108
    0.767393529 0.903375447 1.26070344 1.16709602 1.31590867 1.41176641
    1.08041406 0.802176237 0.594296634 1.32366538 0.612689555 1.30311048
    1.15206206 0.726780772 1.35044575 1.24484158 0.821612656 0.640575588
    0.807035804 1.44263601 0.935801148 1.1720854 1.14177096 1.26018572
    1.19276655 0.785586774 0.669900656 1.59437048 0.709929705
    0.946317375 0.925238132 1.29389322 1.35811472 0.767654896 1.51629102
    1.18280101 1.04250264 1.36101282 0.823094428 1.23211432 1.10716689
    0.737629712 1.27132154 1.60051811 0.704927504 1.52336574 0.741258502
    0.676418364 0.652585685 1.2994374 1.5778265 1.28047073 1.45548236
    1.11334598 1.00835466 0.669456363 1.40739167 0.811500549 0.691883802
    1.58860338 1.07078278 0.74304682 0.665377855 1.59337711 1.17383504
    1.44465315 0.793951631 1.01049805 0.763472378 1.60598803 1.06126177
    1.39231873 1.54047155 1.03315485 0.862519383 0.823876619 1.10075247
    0.796111822 0.861505926 0.722111106 0.799579799 0.786935687
    0.999367714 0.954622447 0.986169159 0.911784887 0.883349121
    1.1779803 0.667913318 1.18147576 0.942561626 0.748723447 1.16291451
    1.31684661 1.40987599 1.21184576 0.67947185 0.891373575 1.44910908
    1.56803191 1.1254003 0.954096794 0.718220472 1.26257014 0.968698919
    0.676331878 0.92857039 0.872882724 1.09945273 1.26112056 0.653906643
    0.684761941 1.48360634 0.63023442 0.669542253 1.07639515 1.30238128
    0.624541402 1.50844455 0.777824581 1.02768588 0.938714981
    0.809557319 1.34333456 1.5035274 1.02741563 0.901890874 1.11738896
    1.64367962 1.22480547 1.29410803 0.894658625 0.991574168 1.26832402
    1.09683084 1.46594584 0.764513552 0.947164059 1.01335561 1.44353187
    0.772936821 0.724859595 1.16251457 1.09258807 1.21246231 1.44451654
    0.918705225 1.25012267 1.18790603 1.19355977 1.06978559 0.798009336
    1.01894975 1.19165134 1.13379002 1.12555087 1.49414837 1.20299292
    0.906910002 0.96119386 0.832028031 0.979619503 0.767801464
    1.36303318 1.46660781 1.07001269 1.59474874 1.08795428 1.41173041
    1.35206592 1.51096511 1.32583511 0.702404737 1.31019938 1.14883959
    1.0665561 0.944414079 0.811093032 0.824430227 1.37554264 1.19084692
    0.729676664 1.21732974 0.690887392 0.766914904 0.759468496
    1.46881413 0.751545966 0.675491035 1.22976589 1.41850543 1.29035962
    0.772940278 1.26025033 0.849258482 0.716787696 1.45807135
    0.713049173 1.52860653 0.91748184 0.734329283 0.548949659
    0.723135889 0.849671841 1.33105147 0.944983602 0.874918997
    0.608020067 1.23067629 1.19778669 1.42640102 1.44424164 1.31918836
    1.23212302 0.942709029 1.33723199 1.12088418 0.759939373 1.62097836
    0.642061532 1.17612326 0.918601811 1.40506411 1.18014479 0.692747533
    1.34370875 1.33461237 0.720332801 0.888677359 1.30599701 1.61937594
    1.26496327 1.2814045 0.970234871 0.820473194 1.29020011 0.740802824
    1.33116305 1.10600412 0.972647071 1.360829 1.58055687 1.62289238
    1.39263141 0.693659425 1.35369802 0.746977806 1.56620288 1.05158591
    1.4788475 1.45804846 1.15091562 0.827871978 0.689758897 1.28813899
    1.05319023 1.53718388 0.782411814 0.924716353 0.998759687 1.41007233
    1.50790942 1.21113062 0.675982177 1.46430027 0.696911573 0.98799783
    1.48903155 0.985340536 1.55321598 0.701741517 0.824536324
    0.797303975 1.43296123 0.807480454 1.04218984 1.22202671 1.14701962
    0.90753746 0.750040233 0.66275537 0.768594861 0.747758985
    0.842428505 1.0937593 1.31877708 1.23050809 0.93306458 0.966778576
    1.08009923 1.26202679 0.654103875 0.998214543 1.56697726 1.05050206
    1.59670305 0.74154979 0.791389644 1.08284807 1.15881848 1.23321974
    1.56759 1.01461303 1.16900444 0.847615302 0.757241547 0.751356542
    0.880766213 1.29505014 0.938256741 1.0004487 0.69753617 0.745484114
    0.695262194 0.649635494 1.14919674 1.33621883 1.36419773 0.711219311
    0.778988838 1.24176443 1.15126908 1.18294764 1.10481977 0.913627684
    1.43275952 1.46937943 0.790333271 1.31907654 0.860672832 0.767451465
    0.91650331 0.683442235 0.809375107 1.57761204 1.52157962 1.50909376
    0.712889194 0.884941518 0.680035412 1.2180779 1.07120156 1.51702452
    0.843748868 1.36954176 1.32670665 1.18325174 1.13725722 1.07858229
    0.784766555 0.819829047 1.46270478 1.14276159 1.15653956 1.37235153
    0.894334793 0.98726964 0.692556977 1.01445329 1.57780397 1.45514977
    0.742184043 1.22581208 1.26551831 1.17773771 0.862042606 1.09416676
    1.1466037 0.780202687 1.05835235 1.01959217 1.16872597 0.755393803
    0.770445645 0.652678847 1.11036432 1.58975148 0.678698003 1.59494567
    0.72388947 1.28808355 1.24900544 1.46886122 0.74688226 1.41821122
    0.833703518 1.20717001 0.78129971 1.27027798 1.06979418 0.933615863
    0.825537026 1.20050108 1.07252693 1.59849143 1.14789641 1.4253906
    1.51568496 1.14687049 0.915656507 1.05365455 0.855749249 0.747819901
    1.39809155 0.663228929 1.48920727 1.50103974 1.54104626 0.9980762
    0.794853568 0.654497325 1.25482738 1.40592027 0.745030582 1.09655881
    1.48002493 1.42566919 1.54575527 1.01728868 0.666064441 0.89160049
    1.58400512 1.12224412 1.05604196 1.54396999 1.29798448 0.70870024
    1.3115555 1.10715175 1.19973254 1.59292686 1.57636034 1.19465518
    0.966550589 1.15611804 0.750077665 1.02247632 0.715939522 1.36616528
    1.04455197 1.48183525 0.853624523 1.00828207 1.23818135 1.07217264
    0.704011559 1.38032198 0.642018139 1.43730009 0.741798401 1.01956487
    1.50145221 1.0643158 0.651114404 1.52929521 0.844789624 0.862578154
    1.03072393 0.925000906 0.370147139 0.887597561 0.908994913 1.1281451
    0.85501945 1.37529075 1.23089802 0.81204325 1.06237054 1.2574681
    1.36959422 1.34444332 0.935023367 0.669213295 0.7262218 1.103441
    1.46739364 0.859774292 1.01049328 0.868564665 1.2476002 1.40721989
    1.07343042 1.28598917 1.13541031 1.34208906 1.09100783 0.918503642
    1.16709757 1.16938615 1.40762627 1.30000162 0.726367533 0.807320654
    1.39997089 0.886596382 1.4331708 1.1412915 1.43010938 1.62863421
    1.12270069 1.47923982 1.28774047 0.75185436 0.794622958 0.813325882
    0.985696852 1.27544725 0.658658206 1.28882563 1.01024354 1.19267964
    1.46679747 1.43113351 0.788650751 1.41396677 1.18060338 0.891963363
    1.19063318 1.28854883 1.19064677 0.999301374 1.24620175 0.71715796
    0.894260585 1.08373034 1.17256439 0.766981065 1.02320004 0.983493209
    1.15054035 1.0614928 1.15559483 1.15541661 0.627248168 1.57184792
    1.46654475 0.956787646 0.643928707 0.6957528 1.03014207 0.738336325
    0.830288768 0.783549428 1.40895081 1.5119884 1.59627235 1.25447762
    0.727724493 0.965338409 1.17240822 1.12269092 1.27021146 0.806552947
    0.940049767 0.810785234 0.680090785 1.4117713 1.28722596 1.34718537
    1.48946905 1.05229378 0.598945677 1.19940913 1.3962127 1.41280663
    0.693864405 0.943870962 1.08936763 1.2230866 0.996055186 1.33596563
    1.08101201 0.725744128 0.829654038 1.54752338 0.86363101 1.08287215
    1.26300895 0.69032228 1.29479373 1.38518178 1.34456015 1.3424803
    1.06282878 0.983701348 1.48236322 1.4224081 0.645422161 0.996944666
    1.11628497 1.42346382 0.673784435 0.926099598 0.786794186 1.55544424
    0.699440062 0.824550927 1.12823641 0.872390389 1.13830411 1.14529836
    1.36826861 1.07041776 1.15849924 0.689551413 0.827629685 1.48144448
    0.686508417 0.881412029 0.772925794 1.06354094 0.645800591
    1.00285614 1.37536442 0.817263007 0.710970521 0.852098763
    0.982281923 1.35932171 0.993987203 1.03074288 1.26433814 1.32818615
    1.09199739 0.89157176 1.57663274 1.26099324 1.43111622 1.34032035
    1.50731695 1.27535808 1.41224599 1.48095453 1.24071968 0.824676931
    0.886496723 0.919965625 1.21046519 1.63373566 1.03736186 1.55953801
    1.36826301 1.38671267 1.44340551 1.43078148 1.43616009 1.20617938
    1.26319349 1.36500597 1.34559762 1.49648678 0.710663974 1.23771966
    1.42254198 0.904127538 1.46325624 0.628593206 0.626551867 1.53716016
    0.821882546 1.26159251 1.24784017 0.991745412 1.19156897 0.615602195
    1.37414289 0.952023745 0.793558896 0.917208195 0.81271559 1.01830578
    1.44731152 1.12175512 1.45184159 1.48543084 0.915017009 1.4620055
    0.709667981 1.36689901 0.984003901 0.978092432 1.15783203 1.22974086
    1.2299341 0.69672066 1.51460624 1.60217357 1.49638689 1.21102297
    0.667846024 1.00518203 0.97038269 1.26721311 1.59614992 1.40766072
    1.24543881 0.732031107 1.19095087 1.58195245 0.70166564 0.766780198
    0.813688636 0.701155007 0.711538613 1.17485917 0.921320736 1.1092844
    0.93709439 0.992275298 0.619588017 0.542275071 1.17930067
    0.814381361 1.10778475 0.566793025 0.763461053 0.612610221
    0.813260913 1.31594265 0.588154912 0.681434691 1.0843364 0.60921818
    1.2186178 0.625771642 0.822385073 1.30424154 1.22597682 1.60617101
    1.43308473 0.678585649 1.44945467 1.57084739 0.973279417 1.58152688
    0.918193579 1.15598452 1.36566067 1.24385905 1.54032755 0.624149919
    0.851855576 1.31499171 1.38424993 1.17250776 1.49613345 0.892452121
    0.755533457 0.851796746 1.57368457 1.5096873 1.54961848 0.806676686
    1.31962836 0.966673851 0.823390722 0.713932991 1.46185982
    0.896489561 1.50303888 1.41428959 1.36281919 1.57135296 1.0542413
    0.714279771 1.34454894 1.26285493 0.759621322 0.929332495
    0.606257617 0.739614725 1.4144876 1.20707417 0.936263561 1.32498181
    1.41479468 0.833064437 1.22985458 1.09195864 1.55107307 1.35451829
    0.732246399 1.16963649 0.892723024 0.78816998 1.243433 1.33377123
    0.947826505 1.38124609 0.874048769 1.44778383 1.40859723 0.70479995
    1.07572162 0.861614645 1.38144553 0.663675606 0.691887438 1.59421992
    1.48737609 0.700321078 1.06841767 0.868110418 1.54418314 1.21171832
    0.618447781 1.24835789 1.1513921 1.52394187 1.45564222 0.9486956
    0.714471459 1.47903419 0.916585028 1.5735817 0.644019008 1.12989771
    0.950844765 1.4080292 1.56809056 1.56908929 0.766508639 1.23009574
    0.92765218 1.49585593 1.20577133 1.11546171 1.3563863 0.902723789
    0.990160227 1.14447355 1.09756446 1.12131882 1.21278465 0.948241413
    1.12044084 1.45316041 0.678249955 0.996949196 1.52346778 0.694733381
    0.902896643 0.820145965 0.832837045 1.48224807 1.37724948 1.47216702
    1.47160125 1.35472023 0.855985701 1.42807043 1.60857952 1.3796854
    1.22775173 0.932959557 0.947830915 1.16319859 0.814758837 1.2042228
    0.724591672 1.4476918 0.719064832 0.85962975 1.25847638 0.840020955
    1.10476542 0.760115862 1.26220322 0.660089791 0.647352695
    0.935943663 0.883266926 1.47916996 1.1190064 1.05477822 1.57715452
    0.799646378 1.48398387 1.58603656 1.30855572 0.993086994 0.934576035
    1.09465551 1.5044595 0.962205589 0.790292382 1.15612733 1.19338608
    1.23503935 1.22072053 0.891742766 0.997947276 1.20663404 1.47710502
    1.26958525 1.08683741 0.830952168 0.856431901 1.41972041 0.765945554
    1.60023594 1.61212671 1.38124478 1.01027644 1.51592135 1.09826338
    0.810973644 0.706291556 1.12223327 1.47590637 1.60992193 1.3317163
    1.57310128 0.790326476 0.930530667 0.775179446 1.16800189 1.26973498
    0.885625303 0.887524486 0.733947814 1.22554553 1.44449544 1.03389311
    1.54144764 1.61288619 1.13350904 1.26817358 1.1526866 1.40495157
    0.96093905 1.11417246 1.16677153 1.25371683 0.969286442 0.824593127
    1.10385096 0.642086983 1.43718421 0.966958523 0.656080306
    0.756367683 1.05483985 1.41731083 1.08276641 1.16369677 0.60918951
    1.53835595 1.04795194 1.43783116 1.52700281 0.927760959 1.1166929
    1.57042599 0.711472929 1.21131861 1.0074234 1.12799466 1.39620125
    0.761462986 1.4817425 0.735564172 1.17458916 1.56432426 1.34720254
    1.30637479 0.775188386 0.618644357 0.681804895 0.927479744 1.3383168
    0.733541787 1.06259513 1.18376017 1.22498548 0.463797003 1.35348606
    0.462343305 1.34205878 0.92454052 0.707549214 0.718078017 1.53334451
    1.18521464 1.34257138 1.37751567 0.679058254 0.824403226 0.902808428
    0.763504088 1.26062381 0.981465459 1.29458106 1.02665401 1.21044052
    0.777450323 0.660203695 0.617965639 1.3243227 1.38874173 1.59335673
    1.39085495 0.73364383 1.4100672 1.03678501 1.563694 1.05204213
    0.743832946 1.30347359 0.694559455 1.38117194 1.0155493 0.737344444
    1.15410328 1.03700602 1.60169435 0.817601621 1.58002985 0.918962181
    0.657608867 0.721914053 1.32440448 1.09804225 1.14747798 0.676377714
    1.15812862 1.09837711 0.873281598 0.755278409 1.29758787 0.66374737
    1.48065245 0.829317331 0.965555727 0.88795799 0.921983063 1.38454235
    0.832460999 0.690853596 1.17235887 0.653834283 0.876385212
    0.927264512 1.19484699 1.13378799 1.50348222 1.03374243 1.47559381
    1.09738135 1.2116636 0.891688764 1.5763936 0.795547366 0.988418281
    1.0420711 1.04758418 1.06814432 1.14255059 0.90057075 0.981135964
    1.13400459 1.11885214 1.4696002 1.09774947 1.55006409 0.951740324
    1.53068578 0.758031547 1.49310565 0.720036328 1.11422443 1.13915706
    0.764469087 1.48602629 0.639282167 1.0987308 1.09957623 0.844647527
    0.968244612 1.30804181 1.48126662 0.870582104 0.64239347 0.9050017
    1.11303699 1.61577618 0.723653436 0.907982647 0.894108713 1.50954509
    0.834607482 1.19916928 1.58067346 0.715923607 0.623773456
    0.751719356 1.32466447 1.45555532 0.818079889 0.980681121 1.49586082
    0.925452828 1.38777626 1.40165544 1.07578325 0.635028899 0.777071595
    1.38378131 1.21064663 1.17375016 1.42467511 1.53024101 1.05424476
    1.37616432 1.48828506 0.754838109 1.26199925 1.44919074 0.812972963
    0.799270809 1.28960109 1.22279501 1.35028768 1.28316689 1.00345647
    1.26529264 0.681598306 1.06763995 0.662084103 0.825675189
    0.937397182 1.25541258 0.814130843 1.40898001 1.4358629 1.36521709
    1.1302731 0.81953752 0.994253039 1.38351154 1.01030505 0.738325
    1.24502122 1.58670652 1.13321853 1.52111101 1.61194396 1.31849146
    1.57808208 1.23464322 1.50195909 1.08589995 1.33144259 0.924857199
    1.48545253 1.32784951 1.49458063 0.909681976 1.39596677 1.42151487
    0.931426704 0.858410716 0.996013403 1.29181743 1.63666332
    0.928649664 0.773392737 0.752594709 0.786979198 0.797580183
    0.68936646 1.27273929 1.14773881 1.58461607 0.923944116 0.799558759
    1.31210685 1.08163238 1.04516566 1.55900705 0.969291866 1.24206007
    1.14243698 1.43348432 1.54430807 1.16927242 0.643517792 1.23397744
    0.750603259 1.41781139 0.99577105 1.05999064 1.45387638 0.943881154
    1.36122322 1.05893064 1.05393291 1.30026734 1.24056554 0.939049184
    0.788155437 1.56438744 1.41716409 0.895502508 1.36464441 0.696345389
    0.733576775 1.0870527 1.55629838 1.29699218 1.01959741 1.45626211
    0.658838451 1.00420308 1.45192111 0.928140402 1.41852987 0.833277643
    0.813692808 1.31611431 1.22475648 0.752715647 0.837414563
    0.517629564 1.1251384 1.28440964 1.10005069 0.941881359 0.337864071
    0.604922831 0.604342222 1.09262455 0.768951833 1.25553977 1.47393239
    1.16077006 0.991617322 1.46404493 0.661583126 1.48883629 1.47960961
    0.803496242 1.225191 1.17629051 0.823643982 0.762462974 1.37135673
    0.893553972 0.889718354 1.03263164 1.38323855 0.695277274 0.75080353
    1.27655089 1.13966286 1.20607579 1.16566956 1.08495426 0.677481055
    1.56533778 0.848020494 1.3858186 1.17561913 0.765302896 0.824268043
    0.736546516 1.11413467 1.56601501 1.53553843 0.791199565 0.870452762
    0.91349715 1.5075835 0.956244648 1.40030921 1.00154901 1.16697907
    0.931539297 0.679208636 1.38298857 0.727446318 0.832670212
    1.20013893 0.853542984 1.39494574 1.12541044 0.731102645 1.15556419
    0.601273298 1.19187975 1.39511049 0.780166686 1.42104733 1.22114432
    0.782042742 0.907504439 0.694305778 1.53979516 1.32818222
    0.778040349 0.926035464 0.697397053 0.95611304 1.58631897 1.23764801
    1.12558818 1.40320265 1.47175276 0.946230352 1.15374172 0.660599113
    1.31731176 1.16912007 1.06931603 0.967097521 1.13044322 0.687034011
    1.49984443 0.769342542 0.645966411 0.974492967 0.761085868
    1.58390343 1.02775025 1.38067293 1.31371593 0.61552614 1.00744808
    0.723573625 0.885949314 0.674595773 1.06765413 1.14449453 1.09378219
    0.616633773 1.46129298 0.744039059 1.33376336 0.737832785 1.59803545
    1.59814644 1.08296239 1.2243706 0.944356382 1.06124127 0.934301734
    1.18527126 0.982179642 1.38050711 1.07437027 0.917369425 1.22569072
    0.960477233 1.34670126 0.939065337 0.71769613 0.774567366
    0.693484366 1.57187784 0.633643031 1.52686274 1.45178819 0.673115253
    1.16214979 1.41340578 1.33963382 0.881968498 0.773608506 0.875167549
    1.27688646 1.46691561 0.814147294 1.03659034 0.903959215 1.11165893
    1.10158908 0.889742732 0.759010732 1.35552907 0.677217722
    0.800009847 1.15785289 1.27829707 1.03646553 1.45254588 1.46909237
    1.57586694 1.24782073 1.13570595 1.24537539 1.37817502 1.20912385
    1.58407676 1.01949894 0.681993544 1.38230741 1.23247075 1.15845299
    0.812973797 0.723594666 1.53227627 1.13100052 1.31506777 1.32526922
    0.879121184 0.634754121 1.5663631 0.924752235 0.835234523 1.43693626
    0.725348532 0.931353629 1.15638125 0.7675879 1.03493309 1.2606777
    1.50203693 1.59028685 1.58584297 1.55801952 0.656166017 1.10973358
    1.42533875 0.938119113 1.45123839 1.58929944 1.51786256 0.876595914
    1.02359331 0.749567032 1.31274378 1.5364536 1.13854933 1.57364023
    0.849439144 1.09775686 1.34835374 1.53970683 1.04624677 1.23230028
    1.15542424 1.13344097 1.00207686 1.46506488 1.60270953 1.28562927
    1.42911303 1.05848622 1.31129158 1.02677381 1.48432267 1.35320461
    0.975243449 1.02066171 0.730710685 1.56151283 1.57324207 0.784131289
    1.07757151 1.17585385 1.57809079 0.703307092 0.999600828 0.87123251
    0.76890254 0.730143607 0.796530724 1.41852498 0.959161222 1.06530261
    0.73025924 1.52155948 1.05872464 0.965693355 1.21565759 1.03062999
    0.701153338 0.908448756 1.30928183 0.907055974 1.22568762 1.18661773
    1.17337275 1.22677433 1.26999176 0.336820483 0.867263436 0.552339137
    0.854569376 0.627864301 1.31385791 1.43085766 0.78219825 0.932517588
    1.31330132 0.791053951 1.13872099 1.30801272 0.662933111 0.800287068
    0.715046406 1.29498625 1.35753942 0.88066268 1.01012456 1.18539083
    1.42306304 0.974070847 1.04709065 0.997060359 1.59464002 0.867550731
    1.11567354 1.20638812 1.53171766 1.36471152 1.17760134 1.48715079
    0.737358391 1.14955497 0.839388549 1.03793252 0.649696767 1.46535885
    0.827767432 1.49730217 1.61259413 0.632137418 1.10259461 1.46057975
    1.13822746 0.711703777 1.57535112 0.768586993 1.42658925 0.715490401
    1.1466434 1.36564732 1.19527936 1.52920616 0.903842211 1.37571561
    0.890316129 0.66610086 0.700035393 1.11054456 1.07134378 0.906464875
    0.764739633 0.965698302 0.841766238 0.981338203 1.44281018
    1.16982806 0.915678918 1.17546332 1.14102435 1.16908419 1.13844752
    1.37335622 0.754407704 1.1988802 1.13927042 1.19946468 0.790363312
    0.95285809 0.899515688 0.750378728 1.28222442 1.54235196 1.08146989
    1.23869097 1.55991638 1.25725543 1.21924937 0.828163505 1.05101097
    1.35700893 0.617025137 1.41016853 1.23872423 1.3237232 1.47455549
    0.709639668 1.4886378 1.17049539 1.34904277 0.8885957 1.39259779
    1.59609902 1.58639443 0.991650105 1.3122071 1.05446744 0.866834164
    1.28370118 0.69532001 1.26538992 0.934209049 0.956934631 1.15491533
    1.21090066 0.67200464 0.711078167 1.08994865 0.948004127 1.18067789
    0.824947655 1.24017513 1.01809156 0.615161836 1.42757785 0.94927305
    0.656541884 0.784757078 1.33056915 0.890113711 0.701546371
    0.699292421 1.01498818 1.55274653 1.36728466 1.33320999 0.978642523
    0.774666727 1.13294864 1.57299721 1.21864653 0.950392723 1.39935756
    1.55008054 1.45654178 1.48415148 0.920007646 0.606067717 0.714411557
    1.11962605 1.35883689 0.878944278 0.661226571 0.66289562 1.01946306
    1.36006463 0.765086532 0.685765803 0.850274801 0.889841676
    1.47702789 0.918572247 0.874926865 1.56297481 1.2103225 0.756883979
    0.814506769 0.702402294 1.25981772 0.832357287 1.04324889 1.4416424
    0.75481081 1.20300376 1.59246552 0.733872175 0.712980866 1.48415601
    0.689253986 0.918350816 0.925672948 0.893564284 0.695217907
    0.953709662 1.16677999 0.89644438 0.669477344 0.705681562 1.2690022
    1.2638942 1.22705352 1.34107673 1.46486175 0.714593589 1.15660644
    1.10983646 1.11161411 0.904996932 1.12667108 1.05808175 0.63085115
    1.08459878 0.655455709 0.881530344 0.817671835 0.952513874
    0.905617237 1.08204973 1.61008167 1.38653445 1.61192644 0.725364327
    0.934309185 0.929555595 1.32511783 0.952077806 0.986847878
    1.61349618 1.03247225 0.615936697 1.27589142 1.0664252 0.681479633
    0.837063968 0.746685803 1.37826681 0.717017889 0.936982572
    1.44329941 1.44292891 1.09121466 1.55929828 0.985893846 0.706361175
    0.910363555 0.634000242 1.55286515 1.3218677 0.93565464 1.10455692
    1.15885603 0.874341965 1.38503563 0.708360374 0.906868994 1.52629423
    0.802031755 1.32601595 1.2059387 0.571454644 0.872795284 1.16643512
    1.31388891 0.481748462 0.386303127 0.791052043 0.605377197
    1.19485056 0.537285268 0.783236265 1.42427194 1.44442451 0.693667948
    0.92261982 1.39050007 1.28257525 1.15496898 1.59787452 0.988613844
    0.634357631 1.47578979 0.689885795 1.47564769 1.46768582 1.54547167
    1.40267432 0.85490799 1.57170105 1.07942891 0.670759559 0.776170373
    0.759219885 0.959290564 0.917523444 1.52783906 0.615935326
    0.738656521 0.821165085 1.02379847 1.56543481 0.939445794 1.44549584
    0.728139937 1.01530659 0.78404063 1.10844636 0.774062574 1.3556391
    0.904108405 1.11772478 1.38648403 0.976819992 0.83768779 0.997558773
    1.25003958 0.708139598 1.04466605 0.897167504 1.34717262 1.15701747
    0.87319392 1.07025063 1.60540593 1.23524308 1.40213764 1.49648869
    1.61799026 1.2737782 1.2962656 1.0103972 1.32482743 0.759737849
    1.4928292 1.47852504 1.45229506 1.25604522 0.892201424 1.48938811
    1.58941913 1.43715858 1.17388892 1.17181277 1.06091976 0.81024456
    1.02739346 0.874357283 0.839976966 1.21412277 1.48977089 0.907387257
    1.1360352 1.54189348 1.07591558 1.14571226 0.889769614 1.03225183
    0.953905702 1.41610241 0.987904251 1.46212864 0.940724313
    0.917482138 1.49111283 1.18475318 0.7002967 0.915941894 0.75703001
    0.746095896 1.36861098 0.72076261 1.35093868 0.617122948 1.28043354
    0.753503442 1.16425419 1.41622281 1.09089196 1.52994585 0.840204597
    1.1941458 1.60921943 1.40905535 0.966287673 0.928494871 1.10822368
    1.31199968 0.901121557 1.12177491 0.81815815 1.22138548 1.04584622
    1.35715187 1.4273448 1.0055778 1.55474424 1.40607703 1.32186151
    1.40766621 1.15497088 1.33161676 1.51524723 0.964324296 0.664497435
    1.36265957 1.47620296 1.26025641 0.619698048 1.02725983 1.40263295
    1.12640309 1.01828861 0.892828465 0.824897945 0.917651415 1.42196608
    1.31695044 1.37609017 1.38671339 1.29382229 1.22895908 1.13085747
    1.29328549 1.26192307 1.28836465 0.760582864 1.58188081 1.17818749
    1.36755204 1.53066385 1.51080608 1.05648613 0.631341696 0.647829771
    1.09649611 1.08956826 1.06893313 1.53107655 1.39772165 0.954651535
    0.843013883 1.32815313 1.0100944 1.44810426 1.63242781 1.57384109
    0.792270303 0.665687621 1.61581337 1.16892111 1.369259 1.50608194
    1.11603653 1.06153655 0.874024868 1.29243743 1.5690093 1.17934501
    1.11893702 1.18522167 0.771220624 1.08921218 0.631640196 0.665285468
    1.34614396 1.61990345 1.37642479 0.763038397 0.870402098 0.624379218
    1.20194745 1.54182386 1.28320312 0.716683924 1.27880824 0.909840167
    1.08174276 0.781173825 1.14625287 1.2329129 1.25511265 0.960630178
    0.71653378 1.48146486 1.46536028 1.20344567 0.99525851 1.02233601
    1.35612249 0.730686665 0.726987302 0.784057856 0.833243847
    1.14208829 0.782472134 0.878861368 1.34995651 0.977755427
    0.913276613 1.10587299 1.59873879 1.01022601 0.70885402 1.12669909
    1.17352843 1.14440393 1.41370821 1.18688715 1.07039702 1.59328246
    0.672512174 0.766196549 1.10151148 1.41341043 1.44104826 1.37743485
    0.516685545 1.01358569 1.17156684 1.35923755 0.365505517 1.30182993
    1.15592265 0.993916452 1.30470228 0.960100353 0.63858974 1.0973928
    0.877106965 0.596366227 0.807867289 1.00010443 1.32012928 1.2080369
    1.61462891 1.2283119 1.37723339 0.967440128 0.86588943 1.30156577
    1.01537669 0.664926112 1.3277148 1.42075181 1.12695432 0.88651371
    0.973810852 1.30861557 1.46964526 0.630625546 0.844249427
    0.646910489 1.36243653 1.52819884 0.891256273 1.55216515 1.06551147
    1.13340378 0.915240824 1.62653399 1.42877316 0.703052223 0.785671532
    1.0350585 1.24786854 1.11367488 1.31700957 1.15499055 1.19526982
    1.31995416 0.761087179 1.51145065 1.54587579 0.703429759 0.807491183
    1.14442229 0.666666329 1.59703064 1.14515054 0.759984553 1.13730407
    1.54692447 1.31064296 0.955697536 1.2259748 1.17401683 1.25517523
    1.57134235 1.56116879 0.636361718 0.753383279 0.861414254 1.41462171
    1.28460526 1.07551348 1.52357268 0.770891726 1.12988353 1.42605829
    1.54957759 0.930559695 0.882128537 0.663440585 0.685182631 1.3360498
    0.678930163 0.758125663 1.2912693 0.943691611 1.19133091 0.787927628
    1.3028096 1.38348746 1.5588274 1.05175924 1.5483768 1.39815474
    1.1391077 0.651178181 0.616499662 1.26732123 0.866285443 1.40992224
    1.12607002 1.16145861 0.71449554 1.11837971 1.41740918 1.32520819
    0.906335592 1.10447621 0.957103372 1.21004796 1.53318369 0.637706935
    0.893173873 0.740804672 1.09513855 1.00724912 0.990253091 1.18926299
    1.02903688 1.46876752 1.44072354 1.21961284 0.635174334 1.03460145
    1.42932057 1.3306545 1.56198144 1.15563452 0.967413723 1.5411427
    1.3944881 1.26343465 0.762510955 0.919531643 0.855053365 1.18050754
    1.5050137 1.44040215 1.30527747 1.13104808 0.935073197 1.26230407
    0.850909889 1.16060388 0.770535529 0.782528281 1.51615405
    0.975834131 1.57487917 0.885741949 0.742195249 1.01855648 1.55371118
    1.18953276 1.30024922 0.811275482 0.756629348 0.746064723 1.36013091
    0.596466899 0.627361298 1.56816435 1.33778608 0.925212801 0.91761744
    1.24231267 0.754842639 0.823231339 0.800979257 1.04131901
    0.873504519 1.61004329 1.61299193 1.04858112 1.38051116 1.26840293
    1.56203616 1.43544126 1.64073586 1.0943743 1.42188048 0.657366693
    1.08237469 0.978485167 1.14722848 1.05440116 1.18349993 1.41932654
    0.814917207 1.53432441 1.01744246 1.39981484 1.25189507 0.71574837
    1.33084154 1.26325035 1.28658271 1.51466036 1.00003648 1.06692016
    1.0176518 0.628263593 1.35173297 0.660773635 1.17733157 0.810474098
    1.16820586 0.707581282 1.42110038 0.862114966 1.45910764 1.46936369
    1.17689431 1.26376879 0.668908179 1.54516435 1.40132642 1.41899443
    0.647388339 0.604547143 1.35653996 1.10663319 0.808554828 1.35872567
    0.659015656 1.11603928 0.614004195 1.21309459 0.887139738
    0.782070696 0.85537535 0.791134775 1.56740701 1.37626076 1.19743705
    1.12558544 0.845397174 1.2103157 1.21864653 1.43831885 1.57518768
    0.858291328 0.772010148 0.891896367 0.73028332 0.822078705
    1.19583559 0.823276162 1.42020631 1.43089104 1.04669487 0.901047111
    1.30207527 1.14957356 0.35308814 0.89727056 1.38276041 0.772906899
    1.18790674 1.05486798 1.22177851 0.907439232 1.4455992 1.2978636
    0.850475669 1.45867813 1.55178142 1.27560639 1.24368155 0.683398366
    1.1922946 1.51352358 1.2195462 1.5773437 0.636472464 1.4090358
    1.34176362 0.751833439 0.817380428 0.737568438 0.931305289
    1.17586899 1.06959403 1.0556128 1.42439866 1.49317122 1.38737202
    1.46643221 0.659216523 0.917033851 0.720712781 0.946935058
    1.32435572 0.948130846 1.06549323 1.1684401 0.886904955 0.803787172
    1.22117198 1.2553699 0.910436332 1.21661031 1.17444146 0.750030279
    0.988928437 0.720630527 1.09145188 1.00878739 0.946727276 1.38310361
    1.20398974 1.43171489 1.02278841 1.15170598 1.40182984 0.788303614
    1.56609178 1.27394354 1.46336305 0.951179147 0.633954704 1.03117275
    1.33571875 0.821150422 1.53711998 1.35229445 0.703353524 1.01259923
    1.18043256 1.52164495 1.30256414 1.41252089 1.06758714 1.16454375
    1.55805886 1.03629935 0.982405722 0.800260961 1.47475195 1.58179367
    1.53608787 1.31190205 1.33209646 1.30105019 1.01475394 1.55430889
    1.42920136 0.740442514 0.855224669 0.842411757 0.962089717
    0.628859937 1.12563336 1.25020671 1.42429423 1.5411576 0.855137825
    1.29189408 1.30247319 0.869375885 1.31681991 1.12849021 1.51425719
    0.674142659 1.56664693 1.43396032 1.24604475 1.22418761 1.60767281
    1.33406818 1.28420138 1.10342634 1.10134423 1.32757652 0.652258337
    1.13821709 0.682295084 0.844417393 1.15304935 1.54590166 1.58027411
    0.933439612 1.53652275 1.29600704 1.48747444 1.40222144 1.19778669
    0.932495713 0.618927956 1.54849195 1.46725023 0.691834986
    0.931054831 0.755352318 1.33239031 1.06480801 1.25252104 1.57266939
    1.07004607 0.929715216 0.974476099 1.58407354 1.51545048 1.29727459
    1.14531243 0.975038588 1.58784628 1.01909268 1.52617991 0.719408929
    0.741264939 1.57655072 1.01478529 1.01665235 1.06989729 0.603298247
    1.15162754 1.22967243 1.23402619 1.09909034 1.56851482 1.38752556
    1.61015654 0.878090143 1.08275878 1.26516366 0.94119668 0.812313735
    1.3039428 1.51333618 1.42602336 1.56343412 0.748272717 1.39960229
    0.748083293 1.47348154 0.84068197 1.33566213 1.28148615 1.27516294
    1.53142262 0.639959991 1.29449475 1.37981141 0.813294411 1.08212698
    0.69888109 0.641072929 1.13721883 1.16296124 0.817618012 1.17235243
    0.764788449 1.1842165 1.29149938 1.38775265 0.869308114 0.685781062
    1.57177639 1.42387295 1.3057971 0.696782947 0.94533807 1.1469605
    0.693041325 1.59423161 0.697423279 0.76886791 1.46745753 1.01844847
    0.760633767 0.9320274 0.919680536 1.49956012 0.942929387 0.731513321
    1.19141185 0.767626107 1.20805991 1.52348351 1.05275774 1.49249256
    0.854614079 1.36732984 0.699944496 1.42397892 0.842049658 1.25406337
    1.53076434 0.999282122 0.625633538 0.692822397 1.35148573
    0.739250541 0.630330801 0.828757942 0.646835387 1.10514235
    0.971693039 1.31743479 0.632087767 0.77564019 1.36228406 1.33000398
    1.17277205 1.31213903 1.40425408 1.24947512 1.02397335 1.07730889
    0.936801732 0.889119387 0.546443701 0.501697898 0.858679593
    0.877505481 1.27286983 1.31311059 1.00085533 1.12310767 0.997111261
    0.947826922 0.807372928 1.22804105 1.52724564 1.34034777 0.924429595
    0.632736027 1.29737425 0.758829474 1.40041006 0.861342669 1.56281328
    1.06598377 1.50139511 0.81592828 0.931029797 0.747762501 1.31516778
    1.35231638 1.00550985 0.919301271 0.812561154 0.657834888
    0.682041407 1.42982757 1.29755366 1.63006651 1.02697468 0.809843242
    1.270432 0.625602245 1.42449343 1.13044274 1.15024817 1.07377911
    1.41147006 1.14261913 0.719424844 0.771178603 1.4570508 1.2893182
    1.57912481 1.22331512 1.44427991 0.815115571 1.16388106 0.929673851
    0.682329953 0.660491109 0.742760897 0.61430645 0.813658059
    1.04140234 0.859138131 1.60850668 1.59456289 1.22905898 0.84664917
    0.7914868 0.908843458 1.59764504 1.08655882 1.08918011 0.885079801
    0.92345953 1.07557034 1.61007488 0.694909513 1.16205084 0.92363441
    0.658873916 1.13091266 1.42133892 1.04422987 1.28726852 1.12805462
    0.954576254 0.635681272 0.830457747 1.02648735 0.974545956
    0.776831508 1.28786969 1.18678451 1.09620893 0.989045024 0.641728103
    1.37331307 1.25510836 1.15222323 1.29066992 0.815348804 0.857802272
    1.0196979 0.990731657 1.15318632 1.20311344 0.815409303 1.41884804
    0.658583224 1.26666427 1.27526295 1.47253144 0.862460136 1.58220613
    0.643954217 0.741492391 0.631343484 0.946326911 1.52066636
    1.49993575 0.984255075 1.59211922 1.30676556 0.782401383 0.664519906
    1.05619013 1.26751506 1.04075086 0.966928959 1.46034944 1.49408698
    1.42603457 0.949880421 1.31145835 1.20455158 1.5878967 1.59340405
    0.920461774 1.04967368 1.24481058 1.0720253 0.912274897 1.00542748
    1.05919397 0.871465683 1.24107718 0.725534678 1.48431385 1.00961828
    1.28559375 0.877232373 0.618257523 1.15049672 0.899891138
    0.801511765 1.39028013 1.08181679 1.47821128 0.703619301 1.08725488
    0.797708869 1.39811742 1.4776262 1.49240589 1.51284635 1.12832189
    1.10281861 0.905842781 1.25582099 1.29162562 1.63983727 0.691340208
    1.52155006 1.03649473 0.689009726 1.09402847 0.730809808 1.19723403
    1.15842855 1.50113511 0.814166963 1.55204213 1.07995486 1.27331865
    1.59550488 0.970267296 0.670085549 1.14643323 1.00553942 1.39793634
    1.13297641 1.43991005 0.967074335 1.46868598 1.33180904 1.23008239
    1.45236099 1.50942552 0.692016721 0.799241364 1.23895049 1.40491247
    0.660016537 1.61341083 0.826585531 1.51672685 1.41209745 0.76619488
    1.49536157 1.1256938 1.13238645 0.815302253 1.01128817 1.44034564
    1.03036427 1.13362944 1.39010417 1.46435058 0.917019188 0.60616672
    1.54093242 1.42604947 0.976909459 0.920058727 1.20352912 0.75429213
    1.05390847 0.798704863 0.671640337 0.81296128 1.53542948 0.645686686
    1.24586999 1.1796993 1.39434171 1.34919751 1.27752209 0.91636759
    1.40048075 1.17749524 1.24797201 1.09269178 1.52419019 1.38951683
    1.17544031 0.907670379 0.999511242 0.607731402 1.0014894 1.11944079
    0.618424416 1.04358792 0.699558854 0.936648309 0.335275441
    1.10096717 0.932493925 0.580623269 0.643188536 1.10369432 1.33510983
    1.28813279 1.40854931 1.14090741 1.41680431 0.889624536 0.72043699
    1.15565133 1.1405679 1.52095437 0.714217722 1.45313847 0.6273278
    1.19448102 1.30137706 0.668103933 0.842447102 0.815959871 1.10437787
    1.14058995 0.859129131 1.10949147 1.45513391 1.11714935 0.966748893
    0.712088108 0.808514595 0.749345601 1.14064014 1.29624605 1.04423475
    1.02649188 0.866715431 0.853488803 1.43502319 1.0792836 0.913281083
    0.645256042 1.56364191 1.43546188 0.701264977 1.52232373 1.0469588
    0.673667908 1.37713885 1.36469257 1.16732335 0.782461226 1.01215911
    1.01182175 1.40486169 1.03325629 1.22381258 1.30595505 0.7057181
    1.23833299 1.45949626 1.42367673 0.907205939 1.54727435 0.754116237
    1.16969669 0.724050403 0.966256261 0.980272651 0.771660447
    1.52561688 1.11282313 0.972566068 0.942893803 1.34794092 1.08873832
    0.805621028 1.4456867 1.439309 1.09470129 1.15915847 1.3047415
    0.9324283 0.628789961 1.30038667 0.982433915 1.08766341 1.55783975
    1.35800099 0.632520676 1.09924531 0.679679573 1.2246263 0.734312952
    1.25804067 1.18633628 1.30788708 1.02782524 1.07181323 0.663297057
    1.20139968 1.55672538 1.18399727 1.05987823 1.1919601 1.12165689
    0.801701427 1.26566708 1.41022682 0.645668089 1.55048096 1.19987535
    1.1516912 1.25871313 0.64704448 0.827628732 1.07831693 1.49482274
    0.691083491 1.42346036 0.914102912 1.26949561 1.27849329 1.59626329
    1.54817247 0.859370768 1.12119603 1.16552353 1.12611318 1.03145909
    0.925896645 1.03385067 0.64177382 1.55502701 1.1829915 1.37035739
    1.48755646 1.0021919 0.902285099 1.39261079 1.39236557 1.23724282
    1.42504299 1.48801839 0.700333476 0.722381711 0.851615489 1.2434622
    0.816125035 0.975160956 1.17234743 1.04668939 1.0549922 1.30995286
    0.90590924 0.830063701 1.07152462 0.686899245 1.60189712 1.09944022
    1.18198526 0.778726995 0.804243982 0.916642964 1.30319357 1.49038601
    1.14967287 1.3414768 0.993282735 1.3388164 1.54247427 1.43813658
    0.797418058 1.05058706 1.45290053 0.754970253 0.898466587 1.56817889
    0.78654319 1.61734152 0.982265413 1.45717299 0.923491299 0.862701237
    1.01757348 1.09502339 0.918632686 1.04339051 0.800698698 1.58535171
    0.762454629 1.46323979 0.709018111 0.926375985 0.721953928
    1.14053571 1.1865803 0.620604932 1.12598979 1.28082013 1.17839599
    0.693049908 1.01890278 1.21838212 1.01959085 1.39016151 1.44289911
    1.5290581 1.1293391 0.90495193 1.30820012 0.86195147 1.09043145
    1.36317253 0.676890075 1.37258315 1.22666621 0.615408778 1.31922781
    1.05070937 0.732995749 0.789840221 1.22780788 1.11066628 0.714541495
    1.28169894 1.40670025 1.15734172 1.13031185 0.751394391 0.980455995
    0.760154426 1.57223487 1.24197459 1.08896041 1.49351513 0.714862645
    1.56574082 0.86127758 1.11217403 1.38876069 0.821844637 1.61841941
    0.883215606 1.09189761 1.44907093 0.763649702 0.776449084 1.26331556
    1.10454357 1.13223398 0.750799298 0.690856099 0.95916599 0.612711787
    0.412213445 0.514096737 1.00636399 1.12916672 0.822607398
    0.969210684 1.15795493 1.16897559 1.15356398 1.09623992 0.752171636
    1.35376978 1.16393745 1.56491375 0.80981338 1.47726512 1.26341224
    0.899922073 1.06678784 1.5756408 0.82128185 0.798239112 0.683921576
    1.19427395 0.918197393 1.43048275 1.41940629 0.969135165 0.723754644
    0.95381099 1.07615209 1.46514118 1.51622891 1.17367697 1.04706085
    0.802624881 1.54441869 0.755733073 1.51345217 1.40697002 1.49324691
    1.34679067 0.932225347 1.55924726 1.05591846 1.31207681 1.61905849
    1.18453109 0.981215715 1.14210021 1.4492538 1.37421536 1.29630542
    1.12725794 0.936073363 0.88479501 1.1377914 0.694580913 1.47834706
    0.78040731 0.990623236 1.29830658 0.916187346 0.736339211
    0.883546829 1.22832727 0.692410469 0.940799296 1.21387362 1.43274903
    1.04305899 1.33628905 0.737842739 1.08199763 1.37252402 0.824920774
    0.827422917 1.57438731 0.65098542 1.02842951 0.875469029 1.09199429
    1.07917702 1.55532682 1.20833933 0.904401064 0.927428305 0.842945397
    0.934266269 0.921417654 1.372926 1.03549683 1.41291416 0.902001619
    1.15657842 0.819216728 0.650395691 1.31478441 1.14565718 0.923551619
    0.831447542 0.888978243 0.880520165 1.00499475 1.47534668
    0.696603298 1.58857453 1.17614865 1.57285988 1.31098914 1.554914
    1.41419673 0.724137723 1.09073031 0.997756362 0.715147674
    0.683727384 1.16737425 1.07442927 1.53904533 1.41585922 1.47591233
    1.09398544 1.04767501 1.31869602 1.53483593 1.45070088 1.32812738
    0.947943211 0.657275259 1.08621168 0.650823176 0.894510627
    0.706169546 1.15930581 1.42528343 0.746102214 0.925257921 1.52395463
    1.0988915 0.960726738 1.22788393 0.937096238 1.5848254 0.939036548
    1.28518808 1.36362433 1.49088991 1.38292646 1.58386612 1.47209001
    0.838826776 1.13717735 0.709611654 0.950284541 1.58110046 1.31221497
    1.57848728 0.997783601 1.02365494 1.55653155 1.48359334 1.29370677
    1.08504927 0.816385388 0.816037476 0.913202226 1.50532365 1.53891218
    1.03579247 1.60104823 1.33417118 0.679278195 1.40304291 0.634014308
    1.40940821 1.22108126 1.56852269 1.40323126 1.0966984 0.907447755
    0.693324089 1.10974658 0.826952875 0.710532308 0.660336018
    1.03013206 1.18755746 1.30151212 1.35669708 1.53903353 0.630149901
    1.50160885 1.02976692 1.37271702 1.38374853 0.91175139 0.734953105
    1.06309867 1.01476765 1.37695241 1.48873973 1.53314972 1.39186954
    1.44432557 0.734244645 0.860970974 0.728080988 1.27495754 1.43457675
    0.877777874 1.00371861 1.47246182 1.32975733 1.5318141 1.0367583
    1.30546081 1.50065219 0.810126662 1.45205307 0.982633293 1.57998025
    0.814448059 1.55617607 1.12834728 1.07565057 0.624825656 1.35150182
    0.924906909 0.852865577 0.918458283 1.25617266 0.914254129
    1.53780091 1.30701411 0.676810563 1.07704031 1.050354 1.24501419
    1.29825544 0.880398512 1.16905308 1.22751892 1.25507069 0.772247851
    0.968100786 1.3786236 0.602249801 0.873038173 1.21997535 0.805730104
    1.20135009 0.620113373 0.992593884 0.822629452 0.809821129
    0.828554034 0.67735374 1.17816389 0.814181328 1.41786575 0.814346135
    1.11914444 0.743877411 0.906382322 0.986558974 1.56174445 1.29672432
    1.4832201 1.16350317 1.31537354 0.958690643 0.75574261 1.37680519
    1.37015343 0.935335755 1.36712122 1.13213766 1.43321157 1.18005252
    1.12782049 0.922936797 0.8559376 0.671631575 1.47645426 1.0510236
    1.22810245 1.48450744 0.938236833 1.47024894 0.669249833 0.880170405
    0.864537597 1.21077967 1.42400563 0.782187164 0.963561654
    0.843200266 1.34329295 1.55479372 1.29802024 0.892447591 1.62905538
    1.38995445 0.886170685 0.663780928 0.640503585 0.804305613
    1.56710553 1.59345138 0.664179862 1.50647986 1.39623451 0.757612288
    1.19922626 0.714484096 1.50747156 0.800682843 1.55887854 1.39496124
    1.03102922 0.857129991 1.26873147 0.653377175 1.19381571 0.953263819
    1.0797447 1.02771103 1.22710168 0.753419816 0.779886603 0.910390139
    1.02118492 1.28753114 1.57823503 1.24006104 0.974345803 1.59120202
    1.37201476 1.36148965 1.03273666 1.24047875 1.06267524 1.08420682
    0.828308821 0.870285153 0.708122134 1.19948387 1.26613295 1.21299648
    0.639595747 1.10666418 1.01827431 0.869097412 1.22932827 0.652023613
    1.35829318 0.986083329 0.622287035 1.16055667 0.965211272 1.07176101
    1.55274785 0.870343208 1.27462757 1.3386482 0.769742191 0.860373557
    1.55681455 1.17089307 0.963527977 0.926095068 1.2359854 1.24117744
    1.02829492 0.915447116 1.53702366 1.54727793 0.931579888 1.32286346
    0.830515683 1.00905657 0.986985683 0.838799715 1.30709457 1.11639667
    1.60950243 0.893547416 1.5029192 1.09551167 1.32294917 0.644990683
    1.1485697 1.58587623 1.25347567 0.86701864 1.02169108 1.60631311
    1.17489457 1.1383419 1.09288108 1.43048179 1.36507022 1.55712235
    1.49037051 0.776113033 0.673078537 1.36118543 0.835088849
    0.890830517 1.39689159 0.841889024 1.48329866 0.666372716
    0.744885921 1.47043347 1.03608167 1.55459189 1.26551878 0.645273685
    1.09450316 0.826762676 0.867432237 1.46420884 1.35133708 0.754673839
    0.900956213 1.30822778 0.950969934 1.55265737 1.4582119 0.908451915
    1.23755407 0.677630067 0.908997118 1.28119564 1.59319234 1.59043658
    1.20809841 1.05309772 0.806795061 1.52962697 1.22975886 0.655315995
    0.876561403 1.19956553 1.13238049 1.3566215 1.47995198 0.66886574
    1.02451599 1.55150354 1.03106129 0.722609103 1.5891614 0.822387576
    0.736834764 1.09817576 1.10982275 0.917436838 0.854789972 1.08967769
    1.38947737 1.45852458 1.33836448 1.5894444 1.57275987 1.42255998
    0.673637509 1.3349272 1.11343575 1.549752 0.80772233 1.09551036
    1.25906384 0.855736256 1.4195646 1.58430886 1.15375614 1.31303477
    0.846091628 1.21787119 1.38376272 1.39669347 0.876273811 0.896131933
    1.37055671 1.25183892 1.27827501 1.2951355 1.39453888 1.14882326
    1.10066509 1.05046916 1.42981923 1.5002172 1.21052241 1.42988431
    1.48145998 0.739240348 1.51369381 1.56939733 0.64592433 0.941529691
    1.46185958 1.06540036 1.34645987 1.02592099 1.12758398 1.27778518
    0.749230444 0.41963169 0.377395213 1.36977971 0.614919603 1.33190835
    1.097242 0.905575216 0.825821757 1.37248516 0.772941172 1.32647264
    1.55737889 1.37437272 0.95660013 0.835477293 0.638627529 0.671178877
    0.934205294 1.10092008 1.15937483 0.76727134 0.797264457 0.757644176
    1.15533459 0.831663013 1.37895548 0.950249374 0.808635056 1.57046914
    1.27776062 0.62058413 1.2834146 1.49888563 1.52476001 0.990765691
    1.53524625 1.00119305 1.59566879 1.25263608 1.53421772 1.13400173
    0.814177275 0.762551427 1.26494288 1.03826225 1.21894336 1.31271839
    1.41640174 1.51538694 1.08727646 0.878713012 1.40428758 0.676350415
    1.32489622 1.43302071 1.37510085 0.685390711 1.45042121 0.862502873
    0.891035914 0.951324284 1.13105512 1.47410333 0.705091894 1.50069499
    1.23597062 1.10519373 0.81955266 0.911077559 1.01968157 1.43060672
    1.44556808 0.866406143 1.4179728 1.54672229 1.41796696 0.957444608
    0.856563687 0.902442515 1.58631241 1.15350747 0.826088428
    0.777821302 1.34684587 1.55166829 1.28208387 0.975824654 0.709670782
    0.752475858 1.36540771 1.07388413 1.06831062 1.42308962 1.22909689
    1.34017813 1.3989681 0.719133615 0.679649234 1.36051285 0.875601292
    0.745316565 1.19632399 0.850584745 0.854438126 1.20390809 0.6507532
    1.21276569 1.02643323 1.62127507 0.847950995 0.886475265 1.14316273
    1.08297026 1.07804453 1.62669075 0.985098779 0.80915916 0.966338336
    0.972230256 1.40226328 1.02633369 1.4664824 1.37341237 1.39295733
    1.51819479 1.33921552 0.977972865 1.5137074 1.59414291 1.13590407
    0.907164812 0.885722756 0.85130167 1.29601455 0.666859865 1.3975302
    1.0677309 0.85022974 0.909687161 1.07918632 1.11962175 0.972673118
    0.773331881 0.98707968 1.6374892 1.27358556 0.880097449 0.725187421
    1.53326869 0.861439764 1.60257363 0.922691524 1.50361001 0.68859911
    1.08937645 0.816106558 1.22178519 0.831369281 1.48909235 1.04792142
    1.12300086 0.887642622 1.57339847 1.24562371 1.28807271 0.717260718
    1.15421009 0.995768905 1.62775803 1.54359806 0.666070461 0.685411274
    1.21908736 1.51435316 0.793864906 1.55290937 0.979431987 1.43644273
    1.29399192 0.639022648 0.969039321 1.55164981 1.41844451 0.70145458
    0.881349862 1.49637997 1.41691864 1.31925964 1.33044064 1.35547364
    0.758023441 1.21051466 0.960636497 1.58078313 0.888326585 1.16089797
    1.33554006 0.840791166 1.392802 0.957485318 0.722314477 1.00745726
    0.946087241 1.37672734 0.867344081 1.30666959 0.973585427 1.06156397
    0.871750295 1.4656074 1.39266229 1.3683939 0.894961238 1.34620237
    0.643328309 1.1604538 1.14243329 0.708231449 1.35268378 0.674843669
    0.733679295 1.28150511 1.26793742 1.43409956 1.12472129 1.24571836
    0.769141614 1.03184247 0.736087441 0.659567058 1.24739933 1.39568317
    1.09700239 1.12225294 1.04567707 1.10846102 1.20004344 1.30748343
    0.607958794 1.19055712 0.702933431 0.818756521 0.88812387
    0.914129436 1.12096596 1.4974004 1.09151578 0.990443051 1.13316226
    0.634277046 0.930408776 1.40502143 1.03059542 0.924469948
    0.803683877 0.641738415 0.852248013 1.10357928 1.09506643 1.06256497
    1.30062759 0.579678059 1.11732566 0.585665345 1.14622748 1.35533404
    0.695206165 1.50000191 0.900909424 1.23082864 1.58257735 0.63711679
    1.289783 1.26437509 1.51842606 0.766029775 1.08352351 0.652962625
    0.884333014 1.42005455 1.4605577 1.3253926 0.936381578 1.01720023
    1.12156188 1.50710917 0.90348357 1.005844 1.46407986 1.02828407
    1.13704395 1.52088439 0.816522539 1.63358831 1.51958323 0.649998844
    0.844370067 1.20988941 0.869909048 1.39654386 0.733548582 1.04527628
    0.92567867 1.16021538 0.734185338 0.958247185 1.55213678 1.07925916
    1.02163947 1.5849334 0.793996036 1.16027761 0.631662548 1.41135561
    1.03779054 0.628867805 1.34045422 1.31884992 0.957583189 1.60580099
    1.3894726 1.4774245 1.2787776 0.767710686 1.11492741 1.00242543
    1.0664494 0.851142168 0.856937468 1.09128213 1.5536294 1.23091054
    1.41460335 1.10837197 0.780694187 1.48217118 1.21783483 0.887014329
    0.780004203 0.893766642 1.51883161 1.16375053 1.26603115 0.998952687
    0.897129714 1.04415488 1.31853807 1.18020439 0.949067831 1.3879267
    1.20963204 1.38203323 0.704452813 0.974655449 0.722754896 1.1768471
    1.29832482 1.57126486 0.958440423 1.34918535 1.33079541 1.04761767
    1.19254243 1.44578469 0.959072232 1.02716517 1.14644182 1.11090875
    0.736079156 1.62346685 1.04261434 1.22061777 1.47517574 1.25346923
    1.04561567 1.12202001 1.01196802 1.55769038 1.5941267 1.06043911
    1.38693905 1.40286243 0.68463099 1.20712507 1.25088847 1.4573704
    0.946299791 1.19561791 0.649554312 1.22753394 0.851935446 1.16613364
    0.69762522 1.52007532 1.60348177 0.807713211 1.61832118 0.719895601
    1.45500076 0.834229231 0.694714785 0.75541997 1.41675436 0.97535044
    1.46588719 1.33446002 1.04225385 1.47766948 1.2459681 0.624385834
    0.665129602 0.885061443 0.733684957 1.05818319 0.807140827
    0.834096849 0.785870969 1.30295289 0.60691613 1.21388054 1.29439974
    0.824849725 0.922364354 1.15714359 1.34040368 1.2666837 0.950118184
    0.761579275 0.852912009 0.878310859 1.24171364 1.11107302 1.62557757
    1.53032625 1.48155522 1.17737746 1.40846205 1.06571662 0.99691081
    1.198897 0.704952121 1.36589193 1.05885375 1.41923141 0.859574497
    1.18067777 1.37255037 0.832829237 1.17564464 0.858980775 1.12663269
    1.54226995 1.0173701 1.12326372 0.782899439 0.919719517 0.6861642
    1.35763717 1.33492815 1.50031734 1.60656059 1.38827217 1.33462882
    1.43093896 0.812057495 1.06438601 1.56734145 0.659102678 0.96797353
    1.31301725 1.03306031 0.987910986 0.851094723 0.950121343 1.1540364
    0.706665874 0.892566919 0.947946787 1.23826826 1.07631361 1.43789732
    0.847381592 0.671070337 0.9787696 0.622799516 1.38856721 1.14585519
    0.984250009 1.3597337 0.759858251 1.12784994 0.951016605 1.24583828
    0.906048417 1.30606151 0.694864452 0.71668303 1.12311578 1.03092074
    1.180022 1.55684161 1.11120188 0.766643882 0.757319212 1.00640869
    1.42779708 0.887594223 1.40089488 0.798683286 0.939022362
    0.660629988 0.645787656 0.521148264 0.614083886 1.02188408
    1.02341056 0.764292598 0.540382206 1.05392528 0.622176886 1.13155138
    0.896449506 0.94164598 1.32206619 1.57067013 0.977913499 0.892290533
    0.911822438 0.946698368 0.947553337 1.10410762 0.656629264
    0.753840923 0.800397158 0.970957518 1.26864839 1.08079493 1.57399225
    1.60166776 0.752347469 1.24508154 1.30761302 1.19143188 1.55659616
    0.858785331 1.15710294 1.37357926 1.60811567 1.42327094 0.875937045
    0.798121989 0.895077348 0.755914688 1.21375299 1.55113268 1.37134922
    1.43732655 1.09542263 1.23427558 1.29901326 0.883905768 1.46615994
    1.47238231 0.735010743 1.58323848 0.950970054 1.47355628 1.53883648
    1.30321157 1.31630802 1.43370116 1.5202862 1.38646507 0.836099863
    0.974721074 1.18550348 0.63844496 1.06375754 0.85406512 0.634528279
    0.829821348 1.41405165 0.963114202 1.58965755 0.811198294 1.57832336
    1.30654991 1.35049021 0.756683826 1.25712073 1.44940317 0.752166748
    1.07832372 1.49595976 1.35688555 0.786874175 1.10303736 1.55326867
    0.87348032 0.832800686 0.90535742 1.47887945 1.04679215 0.941390455
    0.632013977 0.945030093 1.18853545 0.634826243 0.851160228
    0.78859818 0.634429693 1.23473978 1.44999647 1.51854312 1.45790851
    1.4940958 1.62361562 1.4867878 1.12613237 1.30628693 1.10682309
    1.35911989 0.720095158 0.664428651 1.37086582 1.15497935 1.46532834
    1.54545069 0.685539722 0.874781966 1.29098499 1.6033318 1.30124211
    1.02332437 0.783268511 0.692723513 0.79964155 0.778716922 1.17335069
    1.31511891 1.44567239 1.38563621 1.04661715 0.978931248 1.22168529
    1.64504755 1.1612401 1.19874561 1.415254 1.29709089 1.19341004
    1.21416771 1.50251615 1.37446797 0.940589011 1.41074049 1.10430312
    1.28674567 1.39468956 0.901840389 1.32967138 1.14439976 0.829376996
    1.60199177 0.748741388 1.1414752 0.667784274 1.05360019 1.29553342
    1.17353809 1.13470697 1.52767026 1.28063715 0.716189086 0.705283701
    1.52360725 1.32673907 0.802854359 1.62099683 1.18556476 1.55926192
    1.41799986 1.16469109 1.41802728 0.819414854 1.31210601 0.762009561
    1.49153721 1.22863042 1.06232715 1.01271904 1.15178275 1.37086046
    1.53197455 0.698448896 1.00105095 1.38051987 0.783972561 1.29702699
    0.855218828 0.714739263 1.60431409 0.909227133 1.57423925 1.30784202
    1.3126564 0.786136925 1.0443542 1.51826572 1.20101047 1.11114752
    0.919632852 1.1855408 0.910107553 1.15925777 0.974285722 1.3494786
    0.8663041 1.16482759 1.55874145 1.21478796 1.18752956 0.979616523
    0.651258349 1.32746005 1.12099683 1.44957495 1.25762904 0.94069922
    1.38938165 0.924366713 0.643205583 0.806952238 0.634437621
    1.07014322 1.35126054 0.927199662 1.22465551 1.46448743 0.67156744
    1.29905951 1.44280934 0.735573709 1.17898607 1.53320003 0.888916075
    1.10994732 1.04725504 0.720758915 0.836292446 0.779259026
    0.935151219 1.36662602 1.40143204 1.48138201 1.50474799 1.60764563
    1.25772202 1.50079429 0.993842721 0.60130614 0.981374145 0.932137191
    0.716941476 0.888813138 1.07374978 0.65612793 0.906208098 1.20967448
    1.10905445 1.20916331 1.36677742 1.24125743 0.873790145 1.35146976
    0.866309226 1.29059803 0.684493124 0.699799001 0.722907662
    1.24813557 1.35053384 1.5331347 0.679985285 1.13079381 1.50683761
    1.40314853 1.49810255 1.05565166 0.934642851 0.737025023 0.887333095
    0.745948613 0.719794452 1.61294699 0.689410806 1.55135226
    0.783557653 1.31821537 1.56895053 1.52497041 1.03622103 0.970560133
    1.37579215 0.765572071 0.896607876 1.507967 1.26846862 0.941972196
    1.52136886 1.58600664 1.20283163 1.43604314 1.08075297 0.774386048
    0.720688462 1.09106898 0.895663023 1.57701731 1.36365235 1.48844457
    0.874413669 1.56403887 1.00811934 1.03039896 1.25651848 0.674206316
    0.720498621 1.34991229 0.986569226 0.869252384 1.40905607 1.36134803
    1.29084671 1.07158732 0.83677721 1.14600551 0.773447692 0.891453505
    0.687294781 1.36494064 1.46105814 0.824676394 1.18578184 1.24801159
    1.50977182 1.28774452 0.833313167 1.06968164 0.995362461 1.4492873
    1.00026524 0.973765135 1.58640909 1.19989467 1.20685935 1.32525635
    1.26630819 1.06906879 1.12798965 1.28437221 0.840289772 0.759287953
    0.610661805 1.04630899 0.684115887 1.58524978 0.842119992 0.75464052
    1.25467122 0.983290076 1.20026863 1.58225214 1.25593972 0.886109233
    1.03553975 1.14669788 1.03569734 1.3376596 1.03801894 0.671615899
    1.14179516 1.35469663 1.58716631 1.32354367 1.49504316 1.35339797
    0.886371434 0.980015457 1.10921276 0.644013882 1.21808541
    0.649002373 0.741940677 1.11781609 1.38409185 1.31371987 0.683840573
    1.28768849 0.675979197 1.28889024 1.61639225 1.13937414 1.18541551
    1.59819663 0.769250274 1.00518334 1.41578734 0.687021911 1.14247358
    1.39459932 0.988833249 1.60018587 1.46496367 0.671333909 1.39346635
    1.23767364 1.02207983 0.928634226 0.714770377 1.17744911 1.05808616
    0.777057946 1.53199816 1.02131462 0.618390441 0.659183383 1.42613685
    0.684296787 1.16245925 1.54317081 1.3062501 0.649553418 0.753537714
    0.916454673 0.865354419 1.01053429 0.638904989 0.723326445
    1.03044236 1.21839929 0.888221323 0.805651784 1.60404563 0.896843851
    1.5812813 1.37720311 1.6083703 1.01501703 1.56033015 0.928468585
    1.13405776 0.908491552 1.04423964 0.94980818 0.922206938 1.33619237
    0.958908916 0.950082183 0.624364674 0.745706737 0.985295892
    1.54263198 1.49697399 0.708016992 1.28850377 0.7286641 0.999280632
    0.772707701 0.82585752 1.19374025 1.40225983 1.43489528 1.17078757
    1.40331602 1.12773883 1.19039214 1.46695638 1.17408657 1.03625166
    1.56598222 0.918361366 1.38052356 1.15803158 0.839289069 1.34783292
    0.760909736 1.22447789 1.13022006 1.52847254 1.40593684 1.10963142
    0.616880715 0.885014892 1.22097003 1.39542103 1.47716463 1.09819055
    0.734198809 1.5600903 1.00671852 1.15099835 0.877184153 1.19081354
    0.864631653 1.12736678 1.17472851 1.23255682 0.913370192 0.954849005
    0.69270283 1.01775599 0.676679969 0.684170067 1.4410671 0.782549858
    1.29431355 1.15889454 1.02942431 1.00734663 0.640071213 1.33286142
    1.30512369 1.11207902 1.13542211 1.15615678 0.509148061 0.92395699
    1.31115854 0.835098982 1.23877192 1.29059625 1.50346899 0.92094326
    1.00998998 0.789205372 1.47607577 1.06819808 1.60885096 1.60745001
    1.53351176 1.53234875 1.30347741 1.39027262 1.44183886 1.37210143
    1.55130696 1.605178 0.953731835 0.969267488 1.19245625 1.56954455
    1.11331832 1.17149985 1.14575338 1.60967076 1.20097339 1.50802171
    0.697606921 1.14981663 0.948496401 0.753587842 0.970419049
    1.43842185 1.51245427 1.10724282 1.38993979 0.860938549 1.23720992
    1.34703267 1.44085884 0.855707705 0.66920948 0.712051988 0.929829597
    0.775600493 1.33108783 0.802554309 1.14017856 1.4258827 1.2109772
    0.738591075 1.33886147 0.776886046 1.37902999 0.629995227 1.57263613
    0.681475103 0.652842879 0.993187249 1.00683522 1.14025676 1.06415808
    1.18268406 1.54507196 1.17251122 1.31276238 1.25838435 1.49402273
    1.13905823 0.942746282 0.783509016 0.767981291 0.650353968
    1.52841139 1.46042097 0.97195673 0.848796725 0.891159356 0.717920542
    1.50789046 1.04710293 0.631721139 1.288674 1.04378688 0.908793747
    1.19161534 1.30924904 1.44635069 1.1526072 0.810954154 1.55682242
    1.25474739 0.785417378 0.954951763 1.27104151 1.49761474 0.755371332
    0.932536066 0.714264631 1.03624344 1.05682635 0.941548169
    0.685712337 1.57242024 1.59296048 0.707736135 1.1536305 1.58666146
    0.94785744 1.47126019 1.51054871 1.26280558 0.764888525 1.0936408
    1.2884531 0.88759625 0.690585554 1.47565126 1.00201845 1.34158337
    1.01537132 1.08185554 1.44679773 1.04001689 0.928261399 1.12500858
    1.56361544 0.932630181 0.82292825 1.19179916 0.947022378 1.42516315
    1.61704385 0.915379822 0.801074386 0.966323435 0.810757339
    0.850857556 0.835557818 1.044577 0.71527189 1.34544849 0.890590727
    1.26673937 1.546579 0.869957387 1.58096063 0.964269578 1.51802301
    1.61379206 0.94116801 1.30690992 0.664989531 0.874893725 1.55894864
    0.966749072 1.08866906 1.04215884 1.45700765 0.798560202 1.19567466
    1.0307163 0.694004118 1.55773592 1.22195303 1.1095891 1.39622998
    0.737976313 0.945340037 1.61666715 1.43077564 1.57017899 0.803214908
    1.05845809 0.686431229 1.38560486 1.28136051 0.954649448 1.44384754
    1.49376178 0.785180509 1.16062391 1.46779084 1.50135052 1.56044495
    0.653676093 0.841394186 1.05445373 0.932299376 1.30267096 1.59107423
    1.02107275 1.1446321 0.939810216 1.54198492 1.48181653 1.09114861
    0.789247453 1.36213315 1.60678554 1.04848182 1.07545865 1.16024053
    1.59864795 1.18484962 0.660848975 1.03883779 1.0938772 1.16671979
    0.971566796 1.16046023 0.787572265 1.19128609 0.879118323 1.26677859
    0.876560628 1.16924167 0.893461525 1.47059333 1.589589 1.45127702
    1.14725828 0.772953272 0.905440092 1.30263495 0.863079965
    0.793256819 1.41390824 1.59311712 1.13628924 1.16849875 1.09420025
    0.961525202 0.632799149 0.817228079 0.940084517 0.86968708
    1.35041165 0.840264797 1.03661609 0.795149982 1.08783257 1.13422143
    1.4801923 0.746378481 1.42895341 1.09497499 0.830867469 1.0172472
    0.83627671 1.29333293 0.826709151 0.426764399 0.952237189 1.47951913
    0.566848576 1.09717751 0.857548594 1.57968211 1.61252868 0.893601
    0.907169819 1.12048268 1.10284519 1.59718716 1.4484061 1.3929112
    1.01261687 1.5265317 0.747210979 1.41531336 1.1158222 1.51074553
    1.12382686 0.801100492 1.03679132 1.55842865 0.926015079 1.4299953
    1.07834852 0.720353723 0.963579178 0.963050246 1.26836407
    0.908962846 1.54810226 0.820058167 1.50381255 1.07590246 0.843875825
    1.14048231 0.829467714 1.04789567 1.48967874 1.06214535 1.01209891
    0.829084337 1.10281181 1.52877307 1.15768778 1.25103366 1.62427878
    0.718574882 0.688839018 0.983478069 0.757877767 1.0955863 1.22737372
    0.992890894 0.786252856 0.821562648 1.06689107 1.38863337 0.63784349
    0.692808032 0.59509325 1.47718763 1.3541584 0.729574978 0.61399287
    1.49950838 1.14653385 0.605116129 1.17699528 1.46718347 0.9696365
    1.25401139 1.18316054 0.946861446 1.24760151 1.36307383 0.745832682
    1.57448184 0.997613251 1.38688874 1.40004706 0.782785952 1.5277524
    1.48321187 1.54307926 0.822342396 1.11984074 0.640880167 0.632493317
    1.41486168 1.57506764 0.777023852 1.29532599 0.990689814 1.56000578
    1.07272637 1.42000532 1.58655846 1.32168937 1.37725222 1.15255952
    1.17352259 1.08690917 1.55638075 1.31089115 1.14620602 1.1475867
    0.950850427 0.687465668 0.77061975 1.05307519 0.655930936 1.2733022
    0.905479014 1.28788161 0.728553891 0.930144489 1.0495857 1.12843347
    1.52582657 1.58559275 1.00617576 0.743283689 1.03248167 0.768724918
    0.791359782 0.753798902 0.863612652 1.33042943 0.839552641
    0.885878444 1.1271714 0.934597313 1.14841294 1.2730161 1.00451756
    1.40098286 1.19211054 0.810582161 1.06411028 1.25394893 1.62953889
    0.659787595 0.723305225 0.701464713 1.38509834 0.913559318
    1.26999307 0.936995864 1.59133983 1.0087415 0.959111929 1.06423151
    1.15501773 1.60607207 0.944303215 1.31402612 1.42507827 0.719830692
    1.09294593 1.32743323 0.962157786 0.655690491 0.977820039 1.09532011
    0.954188764 0.903104305 1.44243205 0.9516505 1.42915308 1.00123072
    1.27819777 0.68794328 1.26777589 1.25302315 0.908448994 1.60799611
    1.1270591 1.5175283 1.56806982 1.48929548 0.871211529 1.32839382
    0.981200218 0.707185209 0.90142113 1.19262755 1.01405561 0.763107598
    1.51511252 1.4958595 0.919290304 0.747466266 0.996527851 1.14041185
    0.781146467 1.12420237 1.61089051 0.672224998 0.784028351 1.31394279
    1.33411729 0.915482223 0.922943354 0.987007916 0.755897343
    1.51217091 0.677851856 1.44488525 1.16432559 0.934303343 0.64224112
    1.3272512 1.5701493 1.3401041 1.19501626 1.28128254 0.769203663
    1.05230844 1.55427361 0.985352755 1.58573258 1.16011512 0.779008508
    1.62294185 0.870740116 1.24075675 1.48770607 0.975340009 1.52139604
    1.13390636 0.959666252 0.801371396 1.27651155 1.22858357 1.27852619
    1.30148661 0.825450063 1.00214875 1.10367525 1.53411436 1.41739249
    1.00167155 1.22025585 1.00293553 0.619007051 1.21630049 1.39542353
    0.745174408 0.336223602 0.762110054 0.503589272 0.850398898
    1.30532658 0.794704139 1.24290347 1.38940883 0.583889902 0.766163528
    1.16332412 0.82907933 0.787078798 1.38125956 0.879182041 0.85929513
    0.780288339 0.88831538 1.30107355 1.16375566 0.741686344 1.44890821
    1.5566926 0.810596108 0.657421708 0.711069107 0.961570084
    0.675196469 1.39106071 1.39406645 1.57638514 1.11512506 1.60379839
    1.04320991 1.01376069 1.10259163 1.06837654 0.685857236 0.935453594
    1.0175575 1.30198264 0.677353323 1.50508046 1.48438728 1.36858118
    1.59925783 1.48295367 1.11172605 1.30385315 1.12742627 1.56243026
    0.896655858 0.918525159 1.54222083 0.995849192 0.982744157 1.5596714
    1.41073704 0.982999206 1.19274759 0.703972578 0.73876977 0.665611088
    1.21338892 0.683028698 1.1428926 1.21702003 1.15626299 1.52931917
    1.06521559 0.878425837 1.30763471 0.654714108 1.00152135 1.07786179
    1.44173074 1.33640122 1.46055567 0.653750062 0.70648855 1.4603914
    1.07702363 1.54793942 1.5009768 1.11872625 1.31843162 0.712160647
    1.47463429 0.762625098 1.45922744 0.947441518 1.12743843 0.656488895
    0.830188751 0.97796011 0.913291097 1.07429612 1.18164504 0.778892457
    0.63916868 1.52436316 1.13303232 0.759135962 0.645635724 1.42376351
    1.46131754 1.51284778 1.46923745 1.27049172 0.907276571 1.39161551
    1.00899088 1.4842478 1.55855513 0.717735171 1.55347598 1.36070693
    1.24023414 1.3595221 1.52890944 1.60238218 1.48169827 1.19639695
    0.956204116 0.718409836 1.10862935 1.49900556 1.04073536 1.18619335
    0.799375355 1.42384195 1.20116866 1.18325913 1.460145 0.685634553
    1.44813406 1.20808828 0.763816118 1.49275649 1.33012378 1.46622837
    1.47760189 0.819996834 1.4252435 1.61821473 1.42041433 1.2239064
    1.12372267 1.44811034 0.816566229 0.87460494 1.51051974 1.40049815
    1.12674558 1.51819575 1.29033697 1.19879162 1.03596997 0.83125937
    0.846445382 1.14020824 0.764544964 1.25197303 1.52112949 1.53245568
    0.829480529 1.46304488 1.1061542 1.49014628 1.50355935 1.57375371
    1.27086592 0.886977553 0.844484687 1.55473244 1.05094683 1.34610522
    0.989645422 0.967904329 0.902074754 0.827138782 1.423599 1.20787907
    0.775534928 1.18069184 0.909557462 1.55104601 0.772390783 1.06238127
    1.47406113 0.903606832 0.701424062 0.862596393 1.08893752
    0.800056696 1.10456872 1.43762159 1.09479988 1.30758011 1.2546649
    0.743494093 1.37608933 1.37593973 1.02749956 1.28817701 0.702725053
    1.22124326 0.901771128 1.20717359 1.48531795 1.22775221 0.850422919
    0.812165618 0.791549683 0.649045885 1.01379454 1.08017433
    0.636149287 1.07579052 0.848493695 0.842279255 0.778685689
    1.26074719 1.01257432 1.44751406 0.899033248 1.56136894 1.59079623
    0.787839353 1.27684665 0.733997524 1.15818667 1.59465301 1.04051018
    1.0503881 1.53662372 1.11707926 1.18593943 1.13034904 1.44348943
    1.33748996 1.50966263 0.873223662 1.18112135 0.82991159 1.21037388
    0.822472453 0.688068986 1.44984114 0.909784079 0.950775981
    1.24054813 0.483869761 1.41164398 1.37113309 0.825995743 1.09768093
    0.365073413 0.599618256 0.447289765 0.807488501 1.42265356
    0.99463743 1.10748029 1.24123681 0.907335818 1.05103469 1.50636554
    1.0360477 1.44578886 1.53798461 1.52924144 1.47868526 0.673688054
    0.858914196 1.54702282 1.15117109 0.951641202 1.51966274 0.730632246
    0.842047036 0.693074167 1.14575636 0.750032306 0.927592158
    1.01879346 1.35815597 1.47346997 1.18590927 1.07789445 0.945001721
    1.62859106 0.810074151 1.62006438 1.1355927 0.683193684 1.35947537
    1.18041027 1.45125556 0.68378377 1.6112045 0.711832523 1.58376014
    1.10923767 1.60887277 1.53979206 1.49633086 1.1529206 1.12145925
    1.19546556 0.86272794 1.18019903 1.372154 1.61984134 1.49878216
    1.24963248 1.13331699 0.648193359 1.34272516 1.3688904 1.26815748
    1.46778619 1.12836087 0.854917109 0.607029557 1.34953785 0.855555534
    1.17260742 0.684538722 1.23990619 0.77843976 1.55749261 0.615402341
    0.96924603 1.16416776 1.04833913 1.26871526 1.44551873 1.21043181
    1.28224754 0.739866972 1.34528148 1.11453462 1.56271839 0.857219338
    1.31451166 1.52839315 1.36563838 1.14559996 1.2789371 1.33601534
    1.55972695 1.57097256 1.19978988 1.12865651 1.16425931 0.685854793
    1.32229376 1.12221324 0.706147194 0.855631292 1.16531146 1.17676938
    0.950780034 0.91987747 0.714241385 1.50568104 1.06276131 0.999879777
    1.21196365 1.60825956 0.993072093 0.817631841 0.916171372
    0.699148595 1.45796943 0.966404259 0.899191022 1.03736567 1.46501815
    1.07972217 1.0248791 1.51847863 1.05762589 0.813685894 0.864950657
    0.682805538 1.25520527 1.31353152 1.19457984 1.51712561 1.46038747
    1.11647141 1.1656816 1.21631169 0.687219977 1.49777353 0.843144596
    1.401263 1.53953624 1.22694874 0.691502512 1.34445965 1.35105264
    1.46514571 1.61057293 1.23559272 1.39672208 0.833171308 1.31806302
    1.0823313 1.32450306 0.82496357 0.991874874 0.875117719 1.26798928
    1.17894423 1.47415245 1.5590502 1.28319633 1.10117555 0.985563338
    1.33833873 1.10890615 0.67697233 0.703078568 1.00514817 1.08578706
    1.31276441 1.10108733 1.1018343 0.736134768 1.47170281 0.68103534
    0.931068063 0.790473342 1.1722163 0.669902384 1.61909461 1.30067432
    1.13853335 0.822201312 0.81952107 0.832289338 1.31090999 0.857771695
    1.53962541 0.899765551 0.749016643 0.791456938 0.865278482
    0.855521917 1.27372909 0.768050075 1.3201592 1.10233974 0.9949705
    1.08222997 1.55309629 0.680554986 1.29865777 1.3641566 0.820381701
    0.796862662 1.4733758 1.4592464 1.50058329 1.31874895 1.22489095
    1.38981998 1.21637285 0.955866694 0.660288632 1.27300489 1.28981793
    1.14784169 1.51861298 1.14282155 1.05426848 0.684111655 1.47054338
    1.48328722 0.843210101 1.10552621 1.62766516 1.10753393 1.40911019
    0.821386814 1.02149272 0.978839874 0.960509658 0.816144049
    1.24268174 0.854801416 0.952643216 1.09014201 1.05483806 0.653214872
    1.50499344 1.10451186 0.96054858 1.19679451 0.828239501 1.54506147
    1.01059473 1.02298772 1.10934579 0.635212421 0.480159402 1.27968478
    0.73124671 0.703506172 0.356735051 0.587581515 0.528792381
    1.36914647 1.34711993 0.870227039 0.788496077 0.673637748 1.17647529
    0.966484308 0.799692869 0.802050233 1.18517292 1.30600214
    0.636844516 0.644855917 1.55927932 1.29671466 1.02759564 1.31235921
    1.03676343 1.29958117 0.73155117 0.948916256 1.1604619 0.899057388
    0.75794965 1.58023763 0.750767171 0.970918655 1.13252437 0.719372272
    0.982397258 1.3143487 0.768601477 0.91819787 0.881257176 1.35241187
    0.790135622 0.769309163 1.58079362 1.43827677 1.62380517 1.59020269
    1.28397596 1.57776284 1.53076017 1.59297967 1.1625303 0.967138112
    1.34186065 1.5652138 1.3693037 0.933195114 0.84692198 1.22149122
    0.700881302 1.21440172 1.09767771 1.23462021 0.950171947 1.34833336
    0.65075016 0.924093425 1.4691174 1.57071114 1.27469814 1.18326855
    0.813847065 1.31963491 0.765386343 1.25697827 0.963154614 1.14660013
    0.790351272 0.990550578 0.793390989 1.48903227 1.56380308
    0.790464699 1.23580039 1.61790991 0.798233986 0.938040018 1.1960789
    1.27372921 1.40645957 0.862296879 1.15044808 1.51443386 0.751611233
    1.18972588 0.699583828 1.09015155 1.54646039 0.89099741 1.50757313
    0.684482038 0.884466708 1.62032044 0.683079064 1.12894654 1.44262993
    0.743405402 1.36887956 1.41161525 1.23245239 1.39435899 0.755307496
    0.745719135 1.00670528 1.10108697 1.14689052 1.58642852 0.777245283
    1.02820981 0.690108359 0.839985192 0.691084564 1.49102366
    0.739492595 1.45008731 1.50472963 1.48251069 1.1004827 1.08563745
    1.57224071 1.31431437 1.43948269 1.39268172 0.865425587 0.854845524
    1.05833364 1.53848088 1.40801013 0.752014101 1.33806193 0.825787425
    0.786914289 1.29729867 1.30598772 1.21103203 0.760432184 1.17149615
    1.38310015 1.37939525 1.23731434 1.06703806 1.48294961 1.57078743
    0.750862539 1.50675774 1.60168731 1.13090861 1.00300837 1.59594524
    1.58376741 1.35905433 1.07967162 0.635901511 1.50442839 0.920210183
    1.0891999 1.58291137 0.641932547 0.706025004 0.726861358 1.27987993
    1.36631167 1.05604732 0.933460712 1.0851233 1.45657265 1.53168547
    0.62822789 1.28475499 0.802917123 1.59821963 0.902997434 0.660697937
    1.10558212 0.720219493 1.48774147 0.877717733 1.45931172 1.4698205
    0.997749686 0.711725473 1.50029194 1.51395655 0.649605572
    0.937303841 0.637469769 1.05279601 1.30402374 1.02920222 0.805286884
    1.50636053 1.43119764 1.21670079 1.57779789 1.22692764 0.703785181
    1.1214304 1.23048663 1.26926315 0.643393576 1.39262474 1.58233154
    1.05837274 1.13552105 1.19765782 1.08824062 0.679200828 0.747013092
    0.638647437 0.832268059 0.9909302 0.63973999 1.57189095 1.31766784
    1.27239931 1.54531491 0.936283171 1.4989531 1.60348868 1.61299062
    0.937413335 0.978898406 1.18701518 1.28500926 1.48747206 0.94265455
    1.62560308 1.502545 1.1966517 1.10466063 0.732758701 1.00658631
    1.61828601 0.7559039 0.659268022 1.53357553 1.4050771 0.785354614
    1.08854747 0.875820875 1.12294483 1.02038348 0.73842597 0.550889075
    0.781803668 0.661307454 1.28717363 0.773992956 1.01643348
    0.952750206 1.31603968 1.31768596 0.858406246 0.541895688 1.38138974
    0.589341044 1.22071397 1.08878386 0.987664342 0.751433969
    0.996682286 1.43353033 0.828324795 1.28195322 1.44475639 1.59122574
    0.794851363 0.61403656 1.19660652 1.20553792 1.00732028 1.51876044
    1.43003762 1.56306338 1.05477655 0.93799746 1.00755596 1.0334332
    1.566607 1.45493793 0.758678973 1.00094295 1.26701665 1.48866534
    0.915086389 0.657585919 0.716510773 1.20005894 1.51749527 1.53155184
    0.940701246 1.4769057 1.62851644 0.721616745 0.760033786 1.46501195
    0.722165763 1.44926333 1.21406734 1.42209327 0.837413132 0.878623784
    1.03198183 1.06912398 1.20279062 1.31429505 0.990438819 1.27084041
    1.07733274 1.17173982 1.40411568 1.05616677 1.16921329 1.59573519
    0.704455376 1.28565824 0.630404532 0.869113624 1.037498 0.795359373
    0.956175447 1.22804689 1.28247321 0.652761817 0.90490073 1.06648445
    0.905400455 1.29577816 0.744577646 0.968119979 1.27203012 1.24983335
    0.888988435 0.688725054 0.792436063 1.35249949 0.945123494
    0.876403213 1.53849721 0.635523021 1.19746733 1.41362071 0.901645839
    1.27289629 1.43229222 1.35306227 1.19992006 0.811175346 0.844890773
    1.18780851 1.03393006 0.928736091 1.57505786 1.02684522 1.14015913
    1.17921031 0.928506792 1.37647998 1.15646672 1.60290706 1.11025953
    1.29405034 1.23129559 1.53432453 1.61204457 1.54840767 1.25953436
    0.805101931 1.62387967 1.14199889 1.15092099 1.46872044 0.697856009
    1.42075264 1.19362438 1.37039065 1.07503569 0.965453327 0.939193428
    1.51250327 1.11406326 0.993506193 1.55019057 0.758785367 1.32967031
    1.29745078 0.929777682 1.47505689 0.990189254 0.913019359 1.23510265
    1.49876237 0.821586668 1.21997881 1.46313095 1.43041444 1.13411558
    1.10039878 0.99135679 0.624068022 1.15791857 0.623071074 0.792171299
    0.787790895 0.840350151 0.879869998 0.790441751 1.24292624
    1.04843426 0.774926364 0.911183178 1.00092781 1.37001002 0.607753515
    1.41523647 0.916804194 0.622189462 1.42649746 0.869624197 1.60418177
    1.29180789 1.03805685 0.850809813 1.1821115 1.54756737 0.872418642
    1.26958132 1.49071312 0.722819865 1.2085464 1.147282 1.49775279
    0.889692903 1.61725652 0.681133687 1.2954421 1.32266212 1.61111021
    1.52545738 1.32495677 1.39880812 0.684606969 1.46831584 0.751755834
    0.823001981 1.17631614 0.705704927 1.22837687 0.836667955 1.33680999
    1.25880778 1.18231034 1.33809614 1.17927289 1.52431977 1.24999487
    0.809448063 0.798288107 1.2788533 0.954932332 0.752599716 1.15424919
    0.713232696 1.34844124 1.36192214 1.0215987 1.00808132 0.648618937
    0.756966054 0.796185911 1.14185154 1.31052482 1.18560696 1.47256422
    0.75340867 1.2776103 1.62185454 0.921288967 1.62917578 0.855490208
    1.04347706 0.651268184 1.04105115 1.24309218 1.17014074 1.33663142
    1.3065418 1.22906411 1.07664895 1.26595652 0.705649078 1.47459412
    1.32997441 1.61989093 1.05558741 1.45833492 1.10490048 0.846950889
    0.897974193 1.42371178 0.585972428 0.819498837 0.812257707
    1.03968346 1.22525001 0.935307086 0.336709142 0.486780912 1.13588512
    1.23067427 0.593374074 0.683898926 1.08261585 1.15489709 0.95517993
    1.19363618 1.15439534 1.48160255 1.17624843 1.16478479 0.888430297
    1.13755786 0.819912195 0.640861452 1.19857824 0.745467186
    0.910128832 0.783338726 0.753473938 1.54177308 0.812718332
    1.25059736 1.44372714 1.11403072 1.52383351 1.54981339 0.832351983
    1.07950938 1.26351798 1.54254735 1.17973924 1.3264029 0.947287798
    0.709404111 1.47531259 0.764548838 1.3947283 1.06310523 1.48437703
    0.859375954 0.954254508 1.44589257 1.46432364 0.982806921
    0.962440968 1.23717499 0.73313874 1.03262627 0.733970404 0.724779665
    1.54929614 1.53323972 1.4431864 0.890553296 1.30997598 1.34207773
    1.12996161 0.732260525 1.04318178 0.762319565 0.639283538 1.45473814
    0.687412441 1.2046032 0.935718477 1.45225263 0.676013708 1.58738804
    1.15066862 1.46301031 0.610519886 1.50151372 0.922097445 0.861219704
    1.19670653 1.38699853 0.799280167 1.43979156 0.889726043 0.817469597
    1.5617702 0.852164149 0.766168833 1.61921573 1.2609843 1.09315932
    1.00894845 1.53050303 0.823832512 1.11770403 1.23972523 0.867931426
    1.58987856 1.10068905 0.681759238 0.869787514 1.18272853 1.24699938
    1.2068882 1.49333966 0.91724956 1.52271366 1.3669064 1.22374034
    1.47860956 1.23886287 1.11784685 0.691613138 1.63004887 1.24730277
    0.745372176 0.70919174 0.767317772 1.23174536 1.57873416 0.792938113
    0.697570801 0.905052602 0.621020913 0.983336568 0.975068867
    1.4024241 0.914763451 1.46615565 0.695949256 0.941712439 0.824917912
    0.667827725 1.20465159 1.37968051 0.821034253 1.34313655 1.5314008
    0.983163357 1.61310637 1.04173565 1.22726858 1.60039139 1.40479791
    1.49502659 1.22830236 1.1831342 0.919146121 1.06369805 0.973887265
    1.46897066 0.74408567 0.789399564 1.60440016 1.1808275 1.06449163
    1.43499303 1.48143685 1.05664611 0.994220197 1.05224586 1.35183561
    1.43923783 1.31563866 1.43302917 1.33497083 1.21067691 1.45645535
    1.06153035 1.42702699 1.58510602 0.763072729 0.742353618 0.73846364
    1.00487196 1.10432792 1.54066586 0.881557941 1.4424845 1.5806762
    0.805453122 1.33775425 1.54529119 0.981759191 1.61912 0.738952696
    1.33733821 1.23303664 0.781928658 1.50114548 1.00626791 0.805341065
    0.719677329 1.55378473 1.00383139 1.12355745 1.36683488 0.858724594
    0.702831566 0.770677269 0.724139214 1.45123363 0.93095386 1.21981215
    1.14653552 0.872796416 0.787253499 0.846641719 0.870764494
    1.29190731 1.07880533 1.0578475 1.31759536 1.08105195 1.51992118
    0.947752416 0.768237472 0.822326362 1.10331202 1.5166502 1.52186525
    1.24219668 0.680051744 1.20013916 0.930260181 1.3080107 1.48267388
    0.696364105 1.10149872 1.42003965 0.853594422 0.825815499
    0.853242338 0.973978877 1.57935548 1.48119915 1.28075147 1.05384254
    1.29384661 1.58623457 1.5773946 1.30604279 1.28758228 1.14193034
    0.950822234 1.600559 0.710254788 1.26765561 0.714474559 0.994086504
    0.653178871 0.912731349 1.42442679 0.88788861 1.1681664 1.09452701
    0.833515286 1.25810969 0.715573609 1.31283963 1.38338423 0.599457383
    1.488626 1.24244869 1.45055819 1.34290934 0.681254566 0.704475701
    1.14878511 0.861660779 1.27446926 1.3065815 0.907124698 0.884158194
    1.49001682 0.787765741 1.40892529 0.730867445 0.715799391 1.36143148
    1.20935476 1.22242963 0.716678143 0.896967471 1.30915463 1.30744779
    1.00613964 0.700712621 0.707548797 1.33593524 1.28594244 1.41807616
    0.747340083 1.1611644 1.64736784 0.865980148 1.46581662 1.40725577
    1.17565668 1.13134718 1.23771477 1.22541499 1.64783394 1.63875008
    1.56600058 0.988312185 1.39737546 0.756089866 0.821687639 1.51036811
    0.659550905 1.16016376 1.51971042 1.10114801 1.12957191 1.26535451
    1.5301317 1.12739921 1.24765635 0.949518561 0.639297366 0.880991578
    1.04204953 1.30943704 1.46477139 1.22016358 1.25783432 1.2675699
    1.40323794 0.973905742 1.16624415 1.16575885 1.46459389 1.49109685
    1.09076011 1.42931652 1.24751914 1.0586158 1.34340703 0.918027163
    1.52155519 1.36508095 1.29270625 1.55430543 1.38929558 1.56567669
    0.774447262 0.694245934 1.17753541 0.769998372 1.33204317 1.51678967
    1.47054815 1.18033195 1.50211728 1.43965149 1.33062601 0.72920078
    0.726146877 1.1533581 0.971235514 1.08256114 1.45758319 0.677694798
    1.38153338 1.50997245 1.59673023 1.40236759 1.5067544 0.960094333
    0.652645886 0.970270216 1.10866237 0.742446482 1.47112274 1.27769327
    1.37915146 0.920321703 0.850290835 0.838144541 1.04683006 1.08227789
    1.2286613 0.941807628 1.05667281 1.18348944 1.26993668 1.10173559
    0.946576059 1.30883849 1.09429681 1.42133117 0.792559862 1.56495237
    1.54382133 1.45521772 1.45820403 0.676379085 1.31647575 0.967924356
    1.57580519 1.33990848 0.946794868 1.21184444 1.62040401 0.69470787
    0.871862769 1.32322907 0.933855712 1.34652054 0.905233264 1.1341846
    0.97174108 0.76028949 1.04038692 1.46677458 1.27472186 1.50853443
    0.753619611 0.794768691 1.04524183 0.655651093 1.2669208 1.14583659
    1.41655672 1.06817031 0.809963346 0.723465383 1.3635335 1.27513349
    1.33269286 1.51118529 0.70132333 1.46697104 1.18310058 0.754790723
    1.40530121 1.18739903 1.59533405 1.32347059 1.35462701 1.00945961
    1.33476925 0.835515618 1.30354726 1.00127792 1.02616489 0.663618028
    1.23251247 1.03058255 1.3768754 1.03211546 0.93387568 1.01511002
    1.53104067 0.617575824 1.19735336 0.676008284 1.43572807 0.762273669
    1.36355233 0.82320261 1.47200966 1.42102718 0.907172501 0.920710027
    1.55467463 0.842836201 1.2522999 1.00606072 1.43209481 0.647414029
    1.51960492 1.17173612 1.57810199 0.62880671 1.4167006 1.08016241
    1.56149328 0.850063026 0.952606201 0.882808566 0.931177795
    1.31926322 1.0488627 1.02972603 1.35591877 1.34922802 1.15347481
    1.11670077 0.885301054 1.17178547 1.08324981 1.03720665 0.877034187
    0.720591426 1.40295362 1.19052756 0.923786938 1.31633556 1.30052543
    1.53756475 1.25448287 1.49929464 1.35070288 0.96755904 0.849342346
    0.589260638 1.00149012 1.1499536 1.32507539 0.517522037 0.722876072
    1.07205665 1.24909186 0.527209997 1.20734489 0.610616326 1.20583868
    1.35009742 0.765640914 1.32754362 0.941649556 1.29063952 1.43414283
    1.4944979 0.661089897 0.958361983 0.82428652 0.939144015 1.19869661
    0.655597925 0.910703123 1.35882199 1.0131911 1.45440888 1.59286702
    1.32266712 1.30352092 1.54662395 0.830911517 1.20371795 0.863220394
    0.867375851 1.03752685 1.1564213 0.825192809 1.35510242 1.26775122
    1.30395865 1.08652008 0.812438369 1.03206503 1.03866029 1.30368626
    0.864188612 1.06221378 1.420717 1.31091666 1.20464337 1.20970523
    0.692441821 1.61340868 1.62532711 1.40134001 1.4073956 1.57436633
    1.16656315 1.02707505 0.76142478 1.11092055 0.857421815 0.892212451
    1.21292758 1.3190887 1.01423967 1.43931198 0.874002934 1.37634218
    1.26058495 1.33511734 1.14006782 0.903390765 1.24295783 1.28269148
    0.631682396 1.14055812 0.749129474 1.41923153 0.735337794
    0.996422172 0.778623641 1.40007365 1.07024801 1.12084317 1.0571084
    1.12385476 1.41120017 1.56349874 1.59425473 1.60792446 0.92141521
    1.07330525 1.41059363 0.656650782 0.976030171 0.684867799 1.41963708
    0.635258019 0.684348464 1.07270515 0.711885095 0.945810199
    0.902361214 1.05323982 1.02807999 1.5530597 1.53528166 0.994497478
    0.887415767 0.914596975 0.894517481 0.687613189 1.04914141
    0.633583367 0.657133937 0.894304097 0.778952599 1.27945399
    1.62862325 1.39528263 1.24040186 0.850638568 1.0431267 1.13571298
    1.21744835 1.52168024 1.4529891 1.20690632 1.30392957 1.3601079
    1.42631865 0.724747121 1.22134948 1.55818117 0.949067473 1.25515521
    0.788965225 1.55604291 0.773778617 1.16140532 1.25724471 1.44135213
    1.03548241 1.53369284 1.14474142 0.671283245 1.40483403 1.17464304
    0.754057586 1.32514894 1.59717751 0.656186402 1.30405545 1.17403293
    0.826560795 0.72126323 1.47258186 1.34557521 1.08951628 1.17019045
    1.38490868 0.895202994 1.20559847 1.14647603 1.46707547 1.51720333
    0.954039335 0.769184649 0.828790605 1.03906727 0.734815657
    0.740890563 1.12306213 1.08145261 0.969408154 1.51234305 0.931757152
    1.04117441 0.760124683 1.4260509 0.984507442 1.43303239 1.59894812
    1.16321349 1.26992393 0.695413172 1.16775715 1.09953952 0.71566397
    1.11707437 1.43467426 1.37625241 1.20028007 0.905532598 1.19238245
    1.20970631 0.765973449 1.49007893 0.675567508 0.774671555 1.51900411
    0.889219761 0.85915029 1.33153296 1.18829525 1.56177568 0.664719641
    0.632774591 0.621307909 0.896597624 0.652540565 1.50268853 1.1639868
    0.975628316 1.45846474 1.38263094 0.6668185 1.27975643 0.909176886
    0.960198641 1.21345377 1.17578924 1.5397923 1.44135928 1.30478573
    1.22667491 1.26950288 1.17240489 1.28213644 0.736965775 1.11553061
    1.63587618 1.17085886 1.22149134 0.896086633 0.647350669 1.41461301
    1.54252422 0.660193264 1.05073953 1.50455344 1.48151946 1.26804614
    1.17769456 0.646484554 0.768693566 0.815663397 1.10497582
    0.777976513 0.69690764 0.733458161 1.29823101 1.48614001 1.41947877
    1.14271796 1.33662987 0.384067565 1.15538633 1.2666496 0.897357821
    1.01829684 1.11537659 0.783736467 1.10342085 0.751803041 1.03850877
    1.10720825 1.62108517 1.41443348 1.24858749 0.806262314 0.912288487
    0.970743597 1.25351703 1.48957288 0.947990537 1.22400665 0.949651837
    1.62019229 0.67209655 0.868169308 0.987285078 1.27848518 1.39778531
    1.29087806 1.18792117 1.37269127 1.34723842 1.14471579 1.45264745
    0.685925305 0.789463103 0.803034663 1.38832211 1.32556498 1.52356315
    1.50328994 1.30730486 0.922007024 1.26645696 0.885377944 1.01206493
    1.33153617 1.59435344 1.23191845 0.917902112 0.715125859 0.711427629
    1.3614316 1.5124805 0.777577281 1.60661411 1.06947196 1.61739433
    0.957611084 0.730356753 0.643952012 1.29924548 1.56239974 1.21183455
    1.40636325 0.995262802 0.938299179 1.14730275 0.649521291 0.64337486
    0.748221934 1.13474059 0.688503563 0.739944637 1.38373768 1.38022351
    1.32235205 1.15508759 1.58386075 1.60020053 1.43603039 0.712028444
    1.47411656 1.19034457 1.61238933 0.800008416 1.56177056 1.38397372
    0.703317106 1.01399076 0.687364757 1.51625276 1.20324767 1.38138258
    1.00153601 1.33622694 1.33175218 1.19767892 1.07415736 1.32835019
    1.17360795 1.3094517 0.796189427 0.745378494 0.802119493 1.32018697
    0.669317365 1.19695926 0.744499564 0.715140581 1.01371872
    0.781544805 1.56039619 0.729092479 0.917884171 1.17067599
    0.629757464 0.824883819 0.777624667 0.792920887 1.20722055
    1.06488883 0.722232103 1.25192177 0.967223406 0.702167451 1.54217076
    0.881487966 0.668509066 1.43459392 0.766671717 0.837291658
    1.29016912 0.80135113 1.49855304 0.692380786 1.40911901 1.38084924
    1.18080795 1.34960341 0.812763274 0.730290055 1.1146251 0.857338309
    1.31842709 1.22722077 1.12387502 1.37571466 0.97845149 1.39308035
    1.47391331 1.31132734 1.09112394 0.992907286 1.61873162 0.94702071
    1.13958931 0.75448972 1.08302116 0.632917941 1.54673576 1.35430336
    1.45735097 0.662151098 0.868723273 0.679757714 0.983936727
    0.699505866 1.20122516 1.09172416 0.851890743 1.30249763 1.47103369
    0.818509281 0.737872899 0.806376934 1.51514482 1.03910744 1.162341
    1.28422213 1.32911217 1.5582732 1.30740023 1.21502316 1.54750121
    1.5354408 1.21234655 0.941457272 0.861560047 1.20009243 0.932268262
    0.856009185 1.34661639 1.08769548 0.800372839 1.57945323 0.766672432
    1.19938326 0.985481143 0.65601331 1.03362298 1.04990387 0.924143434
    1.04491758 1.45144081 1.27006757 1.59278905 1.1629343 1.1926136
    1.52181339 0.782084286 1.34580576 1.22903275 1.57970262 1.2229104
    1.34458661 1.06174433 1.13776457 1.53297293 1.22570682 1.40826917
    1.56488824 1.23214447 1.16597414 1.08649933 1.29744482 1.42884421
    0.683383703 1.14441657 1.18762791 0.972437024 0.941083193 1.270154
    1.43467546 1.53819251 1.472929 0.952006042 0.750428259 1.01232171
    1.31590855 1.30219543 1.38711965 0.999028921 1.58121741 0.701716125
    1.58705628 1.51287103 0.664885163 0.75172925 1.37232137 1.45435333
    1.37994504 0.682676196 1.383551 0.84344691 0.922341049 0.761268735
    0.476276249 0.391189635 0.619455457 0.700688899 0.846766412
    1.28475714 0.600633681 0.670678735 1.09840751 0.977509618
    0.782844782 1.24722242 1.04304135 1.14202583 0.723964393 1.53216195
    1.50521219 1.27981925 1.623487 1.4751091 1.01568878 0.872580826
    1.05875289 1.00011373 1.31433713 1.48013842 1.50667417 0.90042007
    0.676152408 1.27563202 1.03679597 0.875644982 0.733464003
    0.760120749 0.898528278 0.690266073 0.821370661 1.02818775
    1.03797877 0.823271096 1.497774 1.1633656 1.00243473 0.807528079
    1.51720428 1.29102063 0.969209433 1.63414013 1.16288114 1.6137439
    1.47615635 0.83068496 0.997675776 0.979092956 1.46101928 0.853171945
    0.738509893 0.957032859 1.49215531 0.792959273 1.57896876 1.26531446
    0.781435609 0.715366423 0.768872023 1.30734193 1.31902039
    0.609360874 1.30207467 0.619321048 0.913648248 1.00931931
    0.630762219 0.679458618 1.09950495 0.746101499 0.838723123
    1.15748942 0.872931123 1.4014591 0.836217463 0.668025851 1.52977145
    1.31043708 0.738776505 1.0047133 0.695574462 0.787966192 1.24147749
    1.30084431 1.03013217 1.51328099 1.15060747 1.58918548 0.819373727
    1.30195796 0.979058623 1.05421257 1.24889159 1.11040092 0.965742707
    0.831045687 1.2485255 1.12649834 1.33445323 1.05188942 1.29438663
    1.18199444 0.659456611 0.732502878 1.36673915 1.44885039 1.23773444
    1.5276854 1.13036311 0.911851764 1.09446108 1.01126194 0.86907661
    1.39917016 1.43082201 1.28713584 1.57944524 1.60347068 1.05700946
    0.903076053 1.04788458 1.39355707 1.55298698 1.13021123 1.5592109
    1.08839309 0.729852736 0.976468205 1.61749494 1.34211361 0.770881772
    0.972948313 0.869240224 1.35782981 1.42292678 1.0288105 0.745120823
    1.17181265 0.958210588 0.756901741 1.28202438 1.0306437 1.05970037
    1.42288232 1.54271328 1.37011218 1.43583882 1.51061833 1.03792119
    1.11814761 0.882331729 0.967357695 1.59073746 0.747892678 1.43388951
    0.643202007 0.766932964 1.58693957 1.45961535 0.907764018 1.13581181
    0.789952934 1.34256351 1.22619367 0.61092335 1.0685755 0.999657094
    0.8460958 0.781337798 1.31501961 0.898464143 1.51849604 0.717247546
    0.720695555 1.20085096 0.659698188 0.915609121 1.57016051 1.2679565
    1.10649717 1.4754355 1.09273088 0.845103025 1.05533206 1.20690584
    0.871755242 1.22539413 0.651224554 1.16304255 1.36872923 0.987924159
    1.13951719 1.34412193 1.10450208 1.34145474 1.50510585 0.801675737
    1.49425089 1.33415818 1.0382539 1.24227881 1.54386902 0.805964112
    1.35648715 1.38404346 0.650899649 1.11619806 1.07871211 0.93094182
    0.920352399 0.812563539 1.20939994 0.791559637 1.16368902 1.58809185
    0.662583351 0.772149682 1.5965153 0.819954991 0.688799679 1.4654671
    1.50565529 0.837739348 1.19501054 1.38979578 1.088395 1.01720726
    1.38084579 0.719639301 0.998449862 1.45182908 1.23770404 1.35845947
    1.32241249 1.00156426 1.24796891 1.33918393 1.25080776 1.20429051
    1.62731636 1.456213 1.14018488 1.45564711 0.831532955 1.24017942
    1.1130718 0.713926792 1.08387566 1.17534828 1.15872884 0.75737375
    0.595987916 0.70533222 0.692800283 0.710589826 0.847456992
    1.10169876 0.899226308 0.690701783 1.04235113 1.56740332 1.25919247
    0.910807192 0.983511031 1.55356288 0.661538482 1.02580273 1.22040212
    1.37167895 1.45817804 1.49269998 1.24654591 1.08084834 1.4037708
    1.37347531 1.58863568 1.09427047 1.31512451 1.31870282 1.13468444
    1.56429923 1.40708125 1.19926512 1.47935796 1.25294352 0.887166619
    1.59985793 1.48915052 1.47053695 1.06471169 0.738727331 1.34019864
    1.62061071 1.19409764 0.928303063 1.18899262 1.10932148 1.29738247
    0.826807439 1.4488585 1.36905098 1.15386927 1.35681486 1.02934825
    1.27924073 1.32638693 0.86905098 1.56520617 0.714035809 0.640041888
    1.21100378 0.688045919 0.657417595 1.57207358 1.30575418 1.01009977
    0.892747641 1.41148329 0.708378792 0.941234171 0.713086307
    0.945190907 1.47209227 0.722204685 1.24137616 1.59391832 1.3515985
    1.39976358 1.25719094 1.34846127 1.44744039 0.77326411 0.70322305
    1.50138128 0.778917491 0.901871979 1.2558676 0.670309544 1.25226045
    0.809156239 0.848117232 1.55024052 0.845372379 1.32227874 1.35123384
    0.860500455 1.28856528 1.33761144 1.49599612 0.841551483 1.25719023
    1.52042866 1.14547253 0.653240442 1.56806779 1.39482188 1.59811056
    0.895434141 1.23524916 1.3129853 1.18008482 1.49861956 1.60324168
    1.05369544 1.6150347 0.682430089 1.33375764 0.657145441 1.11955464
    0.989461601 1.33914649 1.48706186 1.60643768 1.18204987 1.06165397
    1.39480424 0.761371613 1.56926024 1.59029186 1.46723902 0.836300194
    1.38296616 0.970127344 0.700981081 1.32693505 1.14255965 1.29845047
    1.01757419 1.38215685 1.43408966 1.25970912 1.60146689 1.08523262
    0.796296239 0.925477803 1.29292238 1.63213563 1.12183726 1.08669019
    0.754788935 0.889266789 0.855519116 0.998325646 1.32002318
    1.33117294 1.07750881 0.863092661 1.36611509 0.780425191 0.913645029
    1.58130884 0.998297095 1.03433585 0.913433611 1.20043278 1.51659107
    1.50835395 0.964333236 0.990193009 0.975200891 1.16843355 1.27489626
    0.812120736 1.44516766 1.48929501 0.722646534 1.09693575 1.40985227
    1.48118532 0.915419221 1.58131838 0.715230227 1.16876733 1.607059
    0.773011923 1.60088968 0.735532045 1.34028625 0.802814722
    0.632921338 1.21177876 0.84856683 1.53906965 0.868712187 1.51950359
    1.42888153 0.918275237 1.43489337 0.6802091 0.683180332 0.730435431
    1.2533927 1.47605228 1.31888759 1.57475209 1.17289817 1.42057121
    0.758183241 1.53582156 1.47955346 0.810068429 1.19253516 0.647529066
    1.31985021 1.17907786 0.694396555 1.04185879 1.19786417 1.50835717
    0.876481473 1.52028775 1.41923976 1.462412 0.972784877 1.53478146
    0.764240563 1.12484527 1.60820174 0.816122174 1.44098628 1.5295645
    1.37923729 0.8135584 0.985528409 1.57369566 1.18367553 1.13031054
    0.956776381 0.649706364 0.657898605 0.921061337 1.43883967
    1.56781816 0.630438507 1.43079329 0.982552528 1.59289086 0.786263764
    0.807396114 0.925925255 0.963122368 1.48037839 0.637734771
    1.34506488 1.12170792 0.540789783 0.650039911 0.791042745 0.59068495
    1.34416449 1.04814959 0.979492009 1.40663278 1.41157544 1.45420444
    0.923926055 0.63597405 1.07299471 1.04493344 0.819796383 1.48782742
    1.39443088 1.15230227 0.944377422 0.817471862 0.991668403 1.12342513
    0.796194971 1.15992343 1.4700278 1.00778377 1.13490009 0.899478555
    1.18698359 0.901771665 0.693220139 1.18269026 0.623853087 1.57865846
    1.2739917 1.60105348 1.51590693 1.20720816 0.764805973 1.02429235
    0.854866028 0.841207743 1.60510612 0.796207488 1.2298888 1.43767822
    1.38144898 1.61845016 0.768075466 0.885958433 1.62150156 1.21046579
    1.05975235 1.20663297 1.47783363 1.40435016 1.57997966 1.1135844
    0.968634605 0.89439249 1.16960657 1.03687346 1.60935318 1.48126125
    0.631050467 1.11002648 1.19928956 1.15068471 0.80195415 1.55980051
    1.3901664 1.09019768 1.54852128 1.38642526 0.82629782 1.47208381
    0.872237384 1.47451675 0.661693931 1.31992376 1.16984665 1.34519839
    0.883922577 0.925918579 0.8304739 0.829042494 1.33238399 0.775170863
    1.30815315 0.880538166 1.03113163 0.999961555 0.703944504
    0.699151576 1.05785167 1.21788239 0.97544086 1.08801889 1.52331758
    1.38381457 0.818931818 1.49407411 1.01311028 1.37948871 0.7461285
    1.32875633 1.24244034 1.54867291 1.46211123 1.41104937 0.813029826
    1.21326876 1.56033552 1.12521541 1.02477193 0.779684186 0.99703449
    1.34037161 1.38988233 1.05614424 1.56631446 1.18271971 0.968646824
    0.963350534 1.60580218 0.927751184 1.4452852 1.27098167 1.00045907
    0.901931524 0.76455462 1.24593925 1.16033232 0.949031949 1.20113111
    1.22685671 0.970959961 1.3993746 1.05762887 0.892746627 1.18764126
    1.20938075 1.20891583 1.42785954 0.703995764 0.856672943 1.55040371
    1.50410867 0.874355137 0.671637714 1.0471487 1.08569634 1.43233907
    1.10997379 1.34969878 1.46214259 1.61689365 0.94522804 0.787540793
    1.4855032 1.43154263 1.01872766 1.06434834 1.56099784 0.971467197
    0.731097579 1.59553492 1.23707509 1.50027943 0.698981762 1.40815091
    1.40952611 0.969978809 0.840496957 1.5935812 1.01157486 0.895739913
    0.770568132 0.627614796 1.42335117 1.21707582 1.14540458 1.13612378
    0.840912163 1.49074686 0.819541276 0.820806623 0.757039309
    1.45278847 1.45210314 1.05635023 1.4199264 1.20997393 1.53134084
    0.731938124 1.0003984 0.797251761 1.12114811 1.31988037 1.52038014
    0.93524003 0.764270306 1.06203234 0.897518456 1.33356917 1.24279785
    1.56022596 1.29155946 1.53227234 0.693102837 0.782926202 0.936117053
    0.834507823 1.00028825 0.720110416 1.24811685 0.705062211 1.21080065
    1.06862354 0.891443789 0.821052969 0.913465023 1.34937811 1.53724742
    0.718586564 1.41638601 1.25010955 1.30310678 0.80062902 1.47867656
    0.84581089 1.02233076 0.739833057 1.49881029 1.62803686 1.10226607
    1.58036268 1.41876137 1.18356621 0.957948446 1.39887619 1.50684023
    1.01964045 1.54363585 0.941327095 1.40812588 1.49627411 0.805228651
    1.56059635 1.47673404 0.998204052 1.01185369 1.02825034 1.05178154
    1.03326118 0.681266904 0.557377219 0.787410319 0.708401442
    0.444857836 0.748372555 0.919794023 1.33508134 0.577753067
    1.07063341 0.778881013 0.81330508 1.38565862 0.947991431 1.59852934
    0.624684811 1.00723052 1.09297645 1.10156953 1.36512923 0.925382137
    1.31845391 1.59848416 0.944951952 1.14813602 1.1012361 0.647019982
    0.821236134 1.11603856 1.28492427 1.54872823 1.1052053 1.59868479
    1.32428992 0.700199425 1.47793436 1.43632662 0.953578949 1.23053885
    1.3705368 1.11246049 1.36676955 1.38080084 0.773237288 0.757874966
    1.42539787 1.32383621 0.707100272 1.05924034 0.747869551 0.682121515
    1.12606812 1.04491031 1.25072169 1.21732128 1.13378024 1.39448178
    1.04146338 0.709816396 1.32903016 0.667893469 1.62657833 1.23674071
    1.53100157 1.28941262 1.51946771 1.11427343 1.56177473 0.80639565
    0.908545792 0.741038382 1.1405288 1.37101853 1.25919151 0.809304595
    1.61137676 0.840544522 0.78560555 1.54723167 0.880723238 1.44880414
    0.647316277 0.903502941 1.55535078 0.675361097 1.4196651 0.730701506
    0.644810677 1.16404188 1.40064311 1.21561432 1.2059679 0.853236258
    0.865262866 1.33972836 1.23379099 1.48998368 1.39816236 1.50888729
    0.832128704 0.654813886 1.13747311 1.46927142 1.01743209 0.981300592
    0.931861341 1.18136883 1.33544719 0.70000422 1.03444266 1.58553183
    1.06904662 1.4507668 1.09306633 0.998537302 1.53283906 0.972776532
    0.781033218 0.872960389 1.61077142 0.969488382 1.16044009
    0.668788195 0.751813173 1.34990549 1.59462333 1.28710353 1.35144138
    0.949491858 0.878569782 1.52503777 0.920948446 0.893679321
    1.10426247 0.668330133 0.80253607 1.44745958 1.2069732 1.21067452
    1.41643035 0.984551609 0.943411648 0.732559741 1.52987075 1.28894734
    0.774243772 1.07014787 1.2702738 0.789981246 1.11647987 0.962624967
    0.99381578 1.00264227 0.773783267 1.22827852 0.845696688 0.713784337
    1.15980339 1.4440763 0.870294929 0.643997431 0.682511449 1.42162585
    1.13165915 1.14961255 1.57332051 1.07986271 1.2861805 1.41336286
    0.964627266 0.908942282 1.3368535 0.97182554 1.2943517 1.57212996
    1.11245465 1.50136912 1.28123629 0.973961532 1.59866357 1.27355874
    0.803705215 0.998869717 1.11378503 1.22611284 0.76040417 1.54121888
    1.40356445 0.715258539 1.31319225 1.06742263 1.36216974 1.14691508
    0.865288079 0.676270545 1.26609159 1.37815022 1.0080266 1.35274422
    1.51157475 0.96005559 1.25968993 0.774702787 1.44110239 1.04561019
    0.847088039 0.633485615 1.06334698 1.21549726 1.31693113 1.16941428
    1.07087481 1.43458986 1.2582022 1.27993345 1.20423591 1.25272071
    1.22851467 0.745867312 0.827983916 0.691910028 1.45249224 1.01901352
    0.782212138 0.949415505 1.51399124 1.42485642 1.38674045 1.31874621
    1.00580513 0.964467287 0.813477397 1.00714028 0.984051943 1.55352521
    1.20598805 1.27443862 0.656200051 0.755107045 1.19884157 0.736994803
    0.884164631 1.43769312 1.32517362 1.39956844 1.45827293 0.823250055
    1.59016693 1.62369716 1.19881606 0.826428175 1.43444169 0.639664888
    1.14971042 1.18448627 0.505128741 0.879094064 0.882804513
    0.902399063 0.652140677 1.01292729 0.823791862 0.638786077
    0.562652409 1.46163225 0.582106471 1.52358329 1.07328558 0.898262739
    1.5453006 1.59192097 0.794249654 0.675936818 1.09851277 0.671952128
    1.56150091 0.882947505 0.669436038 1.50889897 1.15748036 1.42173183
    1.47337079 1.03015244 1.41056657 0.90028888 1.35349917 0.983875573
    1.09434152 1.44591832 0.784889638 1.39028263 1.3932749 0.709235668
    0.827897608 1.22211492 1.48279107 1.6094749 1.02122664 1.44228947
    1.30410433 0.815269053 1.23906302 0.787445247 0.749161839 1.34776771
    1.314834 0.779024839 1.16232753 0.708797157 1.22014332 1.22987783
    1.39659071 1.39588416 1.50052738 1.19253564 0.980100214 0.868201852
    1.46234596 0.966314793 1.34164584 0.980330646 0.70600152 1.33890712
    1.14224887 0.602026641 1.11972284 1.23231161 1.50380528 1.49278378
    0.833731055 0.740362406 0.772241175 1.60350823 1.24138105
    0.764069557 1.02608693 1.58134079 0.767069578 1.30961025 0.801593423
    1.54854929 1.13614845 1.16689932 1.3550421 0.914548457 1.39701033
    1.02167022 0.869354069 0.982341528 0.985723257 0.634564579
    0.611661613 0.798814893 1.33457911 0.635869801 1.37786007 1.12793982
    1.11955857 1.3525002 1.00300074 1.0186491 1.14660704 1.18216431
    1.52005637 1.17301214 1.36396122 0.937677324 1.16832662 0.684046388
    1.62231028 1.10083973 0.906427562 1.15936744 1.636356 0.769433379
    1.40483212 0.938196659 0.761792302 0.90009135 1.09564257 1.35551274
    1.0808481 0.735168874 1.39571059 1.52508128 0.680180013 1.480726
    1.38302648 1.02715743 1.54964244 1.33195555 1.32374024 1.07247543
    1.29907405 1.18946254 1.61121333 0.639129102 0.771079779 0.694575787
    1.35802126 0.77023977 1.28347206 1.15198827 1.42898476 1.55453873
    0.930936635 0.686559796 1.23171711 1.14796424 0.775533974 0.70342052
    1.22209454 0.826381207 0.947656333 0.594262123 1.15733612 1.11202013
    1.46531737 1.5479579 1.00489259 0.802348971 1.2465235 0.931036592
    0.837861001 0.71604538 1.38004911 1.44225776 0.968779504 1.05320096
    1.60057735 0.739945769 0.923566341 1.25649357 1.32140899 1.38783884
    1.56776893 0.893864036 1.18894768 1.03658974 1.36961818 1.53919232
    1.28347552 1.1856066 1.6099211 1.51407468 1.56570375 0.952672243
    1.42250001 1.55772185 1.13010657 0.946703017 1.35426831 1.08061552
    1.05646598 1.36190426 1.2528801 0.845842302 0.900163591 1.06321692
    0.789347112 1.34373379 0.732954741 1.37375891 1.21406281 0.992447615
    1.08976018 0.939831614 1.58485174 1.2400341 1.20489168 0.765969872
    1.17272973 1.26168489 0.923388124 1.42055094 1.45630693 0.66465801
    1.46997213 1.54506242 1.49194241 1.02005064 0.719254613 1.28272736
    1.49853277 1.17897296 0.818436325 0.999940395 1.59767115 1.27716601
    0.920481443 1.36723638 1.23732841 1.23962879 0.831067324 1.50765741
    1.08466625 1.55412483 1.1302495 0.644750655 0.728896916 1.04131043
    1.42596972 1.08004892 0.818664372 0.937310815 1.5864563 0.735048413
    1.45771015 1.13225365 1.47308683 0.50282824 0.445497364 0.436991721
    0.661363065 1.01518679 0.937978983 0.785536349 1.28556919
    0.622878671 0.573053002 1.33323598 1.19221878 0.587871552 1.44947505
    1.23295748 1.17497778 1.58342409 1.08075488 1.0524286 1.03491044
    1.18221581 1.2073102 1.05892062 1.6109674 1.25200868 1.59024942
    0.794175804 0.79020977 1.42605472 1.52186179 0.670495629 0.969215751
    0.918120503 1.62982464 0.898099184 0.907911241 0.864210844
    1.45489538 1.37318695 1.23296273 1.15720868 0.789059401 0.920438528
    1.26006019 0.964333415 1.59852433 0.971127272 0.940969288
    0.914367616 1.41541409 1.34827483 1.25320542 1.04550719 0.762658298
    0.913658202 1.04535389 1.49382901 1.37691891 1.31115508 0.772597849
    1.19435871 0.929438055 0.740989387 1.62996721 0.961671114 1.20006382
    0.838528097 1.08219945 1.53425729 1.45648634 1.3207525 0.775123358
    1.18108439 0.905230045 0.911655545 1.28130698 1.24414349 1.33542788
    1.23305857 0.817716837 1.14930296 0.714634061 1.10400927 1.60589695
    1.60557008 1.19277561 1.104635 1.05377603 1.21197641 1.59940255
    0.71147716 0.958680332 1.43515277 0.932129562 1.5238651 1.5003022
    0.808174729 1.12029624 0.658498764 0.682695687 1.53547406 1.18945217
    1.56903839 1.24834859 1.32648456 1.07871258 1.51661646 0.84987694
    0.760706961 0.772126675 0.913155556 0.82150048 1.40478921 1.19891
    1.32912302 1.08302903 0.839815021 1.42470896 1.36518216 1.25515699
    1.62755084 0.916984856 0.646730661 1.04431558 0.936416864
    0.974147379 1.17920101 1.2250948 0.88117218 0.783849478 1.01164401
    1.35584724 1.36090231 1.18146002 1.38947189 0.948760808 1.46987438
    1.2645452 1.50279844 1.3907963 1.01544535 1.17731941 1.35442448
    0.740695417 1.04419684 0.956385076 1.3977263 1.05012929 1.48317397
    1.31165898 1.47321594 1.30320108 1.44650519 0.67177844 0.981387436
    1.30202353 1.31261742 1.26116037 1.4247334 0.654533565 1.57467961
    0.630860507 0.820113003 1.41940784 1.57598829 1.24755216 1.2533046
    0.764266849 0.821781635 1.13021839 0.949406028 1.05953765 1.35503519
    1.20236659 1.22325742 1.5949074 0.721635342 1.06777036 1.5133512
    0.908241689 0.881236315 0.714223683 1.45059013 1.22472167 1.25860643
    1.3894068 1.27631688 1.47187519 1.39214969 1.08319831 0.778571904
    1.14418423 1.34839034 1.46576834 1.27690029 1.54865253 0.712579072
    1.3222121 0.72615695 1.47865164 0.764527738 1.02003169 0.868433177
    0.977815688 1.01353419 1.62210572 1.19283712 1.40214992 0.776981652
    1.33081234 1.34689915 0.633597672 1.53591871 1.28039551 1.39582086
    1.61337972 1.35404742 1.28121936 0.88768518 1.3552506 1.08859599
    1.28438473 1.35319173 1.11119914 1.10478854 1.34721529 1.32340932
    0.778728604 1.16762412 0.984715462 1.51035798 1.49472594 1.04541647
    0.979459643 0.905568302 1.39785612 1.60440516 1.01254141 1.18868721
    1.48694992 0.796000957 0.678427875 1.58449161 0.873540878 1.3099606
    1.10975742 1.59221089 1.58281589 1.42432702 1.55392766 1.24806094
    0.992178619 0.913164973 0.685801387 0.832374454 0.747248173
    0.772715747 0.835932791 0.575364351 1.06635809 1.31160676
    0.856574059 1.31765258 0.440852493 0.814198256 1.33836973 1.0498234
    1.18756843 1.49345672 1.26258326 1.28558052 1.49124956 1.49879324
    1.16277027 1.27500713 0.812342048 1.30205441 1.43949366 1.08046222
    1.20268476 1.05238914 0.977073729 1.43038857 1.61761773 1.34103942
    0.874988675 0.672273159 1.56726778 0.971142828 0.697253406
    0.768475711 1.30623531 1.16087687 1.56333387 0.943122566 1.23651862
    1.15794384 1.397246 0.643147707 1.43798852 1.47125435 0.787577629
    1.61405337 1.61330044 1.01673377 0.879790962 1.44769824 1.14708102
    1.05801558 1.53416049 1.38201451 0.93339473 1.62123537 0.917622089
    1.49196959 1.59659076 1.28258061 0.644396901 0.809643805 0.905282259
    0.789428115 0.769817472 1.22706342 1.16317832 1.53621054 1.4680568
    0.880896628 1.05916786 0.727094591 0.763251781 1.15046167 1.35274136
    0.725565672 0.874963403 1.37527192 0.853629112 0.989112139
    0.932299972 1.07598555 1.01076806 0.687416315 0.746798158 1.04019105
    1.44024277 1.33196437 1.21257126 1.17303896 1.04666448 1.26176548
    0.808801949 0.6334126 1.14453876 1.16449964 1.6055913 0.866674781
    1.42691219 0.71190387 1.03870213 1.46470976 1.1293391 0.933577418
    1.51610875 0.92665261 1.52780771 1.41321218 1.20396399 0.987682521
    1.03635705 0.78120923 1.52664721 1.03925693 1.26314366 0.699788928
    1.56914091 0.976487458 1.12968993 0.917532265 1.55594254 1.54835594
    1.19762361 1.27333415 1.59244394 1.02000606 1.45574677 1.2754879
    0.771083832 0.852636397 0.79571259 1.25696504 0.98429966 0.670898676
    1.10447514 0.904609561 0.734994888 0.744642675 1.24813247 0.74125725
    0.75187242 1.37010324 0.671307683 1.36636531 1.13073421 1.1868155
    1.14355147 0.950581014 0.639469564 0.989662945 1.49422276
    0.781556666 1.30646133 1.48187959 1.16722715 1.21287894 1.01211905
    1.04848647 1.02688849 0.711975098 1.58291662 0.619735003 0.969275177
    0.846478045 1.12548304 0.748891234 1.30227232 0.743647039 1.05578887
    1.44066978 1.33279443 1.05450487 1.31208265 0.893074691 0.883806467
    1.58051538 1.06416428 0.794995964 1.62962532 1.35717857 1.30223119
    0.851552248 0.806476235 0.942737997 1.46513665 0.649742901
    0.635614634 1.1139642 1.29144824 0.783622444 1.2312392 0.739268303
    1.26852679 1.49278557 0.799330056 0.888915896 1.51192689 0.638368368
    1.39945781 1.37354541 1.56493139 1.27266908 1.28341866 1.07822156
    0.753859997 0.706348419 0.824504316 1.00920248 1.21458781 1.44683468
    0.790841579 0.907341957 1.36168897 1.41546428 1.54263175 1.58667731
    0.99703747 0.742865264 0.977220774 0.679624498 1.42318201 1.58407748
    1.37378192 0.740087628 1.39113915 1.47966051 0.891865671 1.33712184
    0.92000103 0.878682792 1.10393083 1.17458618 1.42848301 0.646550298
    1.59852016 1.50077176 1.45013571 1.14096034 1.53804624 1.32450628
    1.46003854 1.03030682 0.876044393 0.711143017 1.37847602 0.89428395
    1.19758475 1.39435947 0.919335246 1.00302279 0.935289979 1.10991693
    1.31432009 1.40132725 1.03302991 0.782214165 1.3781302 1.18428826
    0.517276168 0.435376078 1.13184023 0.430927366 0.723041117
    0.780142784 1.325899 1.3994478 0.644010782 0.926338911 1.24805748
    1.6133852 1.53827941 1.58943081 1.07561171 0.801852226 1.33989918
    0.960627735 0.955329359 0.850320101 0.710037827 0.713792562
    0.801855147 1.34234571 0.809810221 1.20379198 1.39909601 0.947898865
    0.649098158 1.61575627 1.35673106 1.06030536 1.34073353 0.684963703
    0.82327652 1.50011551 1.02618754 0.856503308 1.58035541 1.4405365
    1.00964355 0.673333883 1.49580014 0.662396431 0.665229201 1.48661816
    1.24581003 1.17421186 1.13640869 1.37238383 1.47758877 1.42691123
    1.21814215 1.23471475 1.41097355 0.972520769 0.892654598 1.40046036
    1.60390627 0.939904511 1.38258338 0.718508899 0.851169884 1.26004767
    0.981128812 1.45447254 0.909628808 1.58612657 1.59783268 1.41406298
    1.13135874 0.942155242 0.827061236 1.58729255 0.663592219 1.61676466
    0.836458445 1.36942708 0.710744262 0.979595184 1.19662917 1.59024942
    1.1446892 0.665284336 1.31938958 0.761040568 1.16100669 1.18783271
    0.841356993 1.11614335 1.32669008 0.616474271 1.46802247 1.57113802
    1.16170537 0.638688147 0.637408018 1.50590146 0.887229383
    0.650619447 1.25265133 1.38701034 1.47972465 0.943916202 1.26294899
    1.2724781 0.745518446 1.31104553 1.22841513 0.788143873 1.21722329
    1.37081742 1.5462656 1.63075602 0.917050302 0.990102112 0.849466085
    1.59366965 0.888129592 1.33777058 1.49182129 1.38729119 0.875854731
    0.840377092 1.50370109 1.37736082 1.31914425 1.62478817 0.737943053
    1.14176369 1.20615721 1.14628708 1.51089382 0.912921906 1.37214744
    0.995028079 1.10743856 1.49667346 1.16999722 1.34688842 1.45909214
    0.980320394 1.07949746 1.62062275 0.9313761 1.54376829 1.24099207
    1.09182537 1.48416162 0.979665577 1.14685178 1.27382481 0.813451409
    1.60993576 1.57723784 1.60636425 1.23991621 0.629532933 0.892056346
    1.38006675 0.861746252 0.697002828 1.00800955 0.938411295 0.96316582
    1.50606 1.07139325 1.34538031 1.40793383 0.954971313 1.33884776
    1.52452207 1.55317557 0.886670411 1.025038 1.38335049 1.28901041
    1.122087 0.675409794 0.929576516 0.797816098 0.83267951 0.934894145
    0.759263575 0.879521132 1.08657658 1.56660581 0.790817082 1.4168185
    1.1878916 0.79253608 1.58195221 0.923837721 1.41294825 1.51707411
    0.73280704 0.929006577 1.41337955 1.59069037 0.985090673 1.172068
    0.800364673 0.856305838 1.28694487 1.63534999 1.53975856 0.638124406
    1.57275367 1.17541277 0.992619812 1.5966928 1.51802981 1.05091357
    0.977708459 0.85240835 1.58708751 0.757636309 1.6059556 1.10680985
    1.45094895 1.15306675 1.06629884 0.949283779 1.59570777 1.55823588
    0.668222487 1.26923609 1.44090378 0.988792241 1.47949481 0.885919571
    1.31451178 1.41687918 0.847538531 1.51032102 1.16887331 1.39167035
    0.798509121 0.970893681 1.02271223 0.643505752 1.03942943 1.25884485
    0.681585133 0.63597697 0.714476407 0.710450888 1.43854356 1.30878317
    0.611316621 0.844181061 1.33950758 0.969850004 1.44756269
    0.931675196 0.842401266 0.462538809 1.2349776 0.563390613 0.56490308
    1.38693321 0.925887883 1.44613206 0.93372947 1.12782001 1.46492505
    1.07857656 0.654459953 0.849061608 0.663771808 1.48718715 1.48004103
    0.905103147 1.50772858 0.972949326 0.911418021 1.02673829 1.57104671
    1.57989872 1.57946324 0.908905685 1.57318258 1.10106969 1.22274911
    1.30232489 1.16188931 1.23033404 0.758170247 1.08464158 1.59866667
    0.693634331 1.46695817 1.01384473 0.911745846 0.932340503 1.37676334
    1.32554603 1.27935028 1.09380341 0.717312217 0.674780428 0.842407167
    0.866194487 1.5880121 1.37792826 1.37571287 0.648384154 1.5002985
    1.39292407 1.2111429 0.773570895 1.38051248 0.987237334 1.2089355
    0.77946651 1.25796151 0.725719571 1.30132067 1.27792287 1.0879333
    1.43605542 1.164639 1.14783251 0.829085648 1.04739261 0.916634798
    1.47559345 1.48101926 1.26704431 1.2443043 0.832442462 1.3943584
    1.3850956 1.38834357 1.41318691 1.57247674 1.09256828 1.59541047
    0.645004511 0.820406258 1.51366711 1.48262954 0.951234102
    0.732293665 0.973221779 1.30316627 1.39357853 0.925473452 1.28389966
    1.53637421 0.91621387 1.30422938 1.0340395 1.01692629 0.729560554
    0.969264507 0.984101176 1.00981987 1.13498902 1.48861194 1.51159298
    0.715207458 1.15829194 0.715279162 1.56150556 1.35159802 1.02097607
    0.880835652 0.878746569 0.737726808 0.746838987 0.924489081
    1.1208272 1.45906854 0.975250125 1.50434601 1.25133944 1.59903312
    1.27724445 0.695266068 1.50823843 1.149786 1.37804353 1.18604374
    1.57614291 0.741874874 1.23169923 1.54544163 0.803390026 1.09291899
    0.94055444 1.18315375 1.38026321 1.47226369 1.29843354 1.58916187
    1.0906924 1.39160585 1.25026476 1.47320509 0.656478405 1.13545251
    1.08740175 1.27145016 0.850726247 1.35909641 1.05968773 0.836644769
    0.952270269 0.808870196 1.26530695 1.22539628 0.615293503
    0.948772252 1.29824364 1.10911953 1.54139531 0.743779898 1.28217053
    1.46671736 0.764807403 1.46801817 0.821459532 1.38322747 1.2674278
    1.35014069 1.40925431 0.682265103 0.766003132 1.46839404 0.88156867
    1.5740968 1.03196764 1.20045114 0.751752913 1.4956708 0.962746859
    1.20219529 0.830446482 1.54479849 0.699294865 0.803285956 1.1673311
    0.710561991 0.851476133 1.45443177 1.26500583 0.871868551 1.56901646
    0.813313365 1.61268938 1.33927536 1.25879014 0.978801072 1.06929958
    0.86241281 1.20984209 0.850927651 1.00798249 1.44023633 1.4719702
    1.34679329 1.41056454 0.904435217 1.19213367 0.738144219 1.2891382
    1.54851246 0.861087561 1.46231127 0.679052174 0.984194875 1.48903382
    0.680573523 1.15959084 0.950829685 0.771819949 1.39784968 1.27997255
    1.08748424 1.49066556 1.2755388 1.56231844 0.98072511 1.51158583
    1.12397969 0.939999223 0.845948279 0.84761399 1.21057498 0.665175378
    1.29061294 1.05902171 1.57393932 1.40462136 0.955523431 1.59605241
    1.53535843 0.678595245 1.43240762 1.61340857 1.55938148 1.26790774
    0.913836777 1.47496736 1.18785334 0.632805169 1.29037118 1.20068848
    1.30627429 1.39520013 0.485727161 0.791168272 1.29972601 1.33634603
    0.591580391 1.24552572 0.656130791 0.667716801 1.42830765 1.1070261
    0.719440639 1.40411294 1.20117021 1.39711547 0.80761832 0.823465884
    1.36106694 1.17818868 0.697564304 1.15797806 1.43844938 1.16100395
    1.61799729 1.45962048 0.641602397 0.926984012 1.15633214 1.47708666
    1.4259665 1.35715473 1.07497585 0.966197729 1.0669148 1.10205328
    1.57094777 0.738762379 1.3517251 0.690084636 1.45219374 0.687371314
    0.789006054 0.775856912 1.03514874 1.32066905 1.16710591 0.680118859
    0.699331284 0.772382677 1.05979764 1.22278893 1.61312544 1.27013779
    0.739613056 0.926819444 1.07324815 0.97008872 1.21249449 1.14782691
    1.34394944 0.805202365 1.63528085 1.50092268 1.57387769 1.44254255
    0.799996555 0.940043211 0.737680912 1.50404572 1.60923529 1.35938966
    1.04209316 0.645127654 0.790096045 1.4204942 0.920508623 1.09732652
    0.851018906 1.57250762 1.22300851 0.667748451 1.02280593 0.743678927
    1.21627176 1.16463828 1.49959242 0.662997961 0.887515604 1.56841445
    1.40313148 1.34626746 1.42583621 1.0718329 0.774741471 1.3550204
    1.08083797 1.11698771 1.29685664 1.52432263 0.772482336 0.7513026
    1.16025639 0.903704524 0.674826145 1.11502516 0.948019862 1.54837155
    0.767706394 0.916336477 1.17158973 0.709746957 1.2931633 0.979091108
    1.50306106 1.16720796 1.14432633 1.31231916 1.21828735 1.64158499
    1.59777927 1.0812571 0.75505811 1.01011443 1.64877784 1.28828943
    1.06501937 0.79024893 1.65245092 1.26547039 1.63079202 1.48610497
    0.938537776 0.761743963 1.63427758 1.33833385 1.49570215 1.46921909
    0.691368461 1.10345554 0.872917652 1.16007495 1.37758327 0.765456855
    0.835045636 1.09522724 0.892047465 1.45422518 1.46456456 1.0680815
    1.30945981 1.03314328 1.23900056 1.58087444 1.53137732 0.671782017
    0.897095144 1.49553192 1.29349554 0.909141362 1.51723874 1.2512337
    1.19357705 0.987880766 1.35867143 0.823276758 0.833537817
    0.752464831 0.708454967 1.1903429 0.999979556 1.52867758 0.984155715
    0.753356636 1.04590213 0.72855109 1.46992087 0.638139904 1.54034019
    1.03580523 0.631545246 1.07355928 0.742509305 1.3760879 1.01994908
    1.33457589 1.35519314 0.826962352 1.51725948 1.27043557 1.25591946
    0.9799034 0.774554849 1.44998598 1.27969587 1.44748104 1.34281933
    1.10472167 0.995402277 1.46992767 1.47927868 0.649842501 0.793657005
    0.652613819 1.0232898 1.0216521 1.44016254 1.07743478 1.06057107
    0.756201684 1.0196197 1.32225931 0.787276149 1.54021633 1.58312905
    1.36778319 1.50239336 1.08900106 0.884881973 1.342664 1.13001049
    0.943711638 1.4265691 1.61223292 1.48557568 1.31438541 1.39833486
    1.14452636 1.27747357 1.36276031 1.36714053 1.23365867 0.707105458
    1.21589744 1.17972529 1.12691355 1.17588639 1.33620048 0.78329289
    1.05625391 0.886161268 0.695333779 0.7199561 0.972050369 1.16206074
    1.04299176 0.784139216 0.847799182 0.779571414 1.14290488 1.29388785
    0.691231966 1.56206024 0.731246233 0.810637593 1.22887909
    0.663697302 1.09516668 0.860944033 0.394149214 1.20819378 1.20449197
    0.671041727 0.789614558 0.732983232 1.40965557 1.26986587 1.54467297
    1.20891678 1.14810205 1.27931213 0.978621244 1.13443637 1.09726906
    1.36528099 1.51340151 1.15118623 1.3451376 1.02887154 1.62384105
    0.685686946 1.15096664 0.996163309 1.26463425 1.41019118 1.50063884
    1.17796755 0.663120627 1.30728793 1.27212894 0.734916151 0.898314297
    1.19882441 1.04820478 1.13489711 0.970034838 1.04001319 1.44483256
    0.812831223 1.12970424 0.8987391 1.41668177 1.45210218 1.20849574
    1.37444234 0.886150718 1.20641804 1.4026314 0.735155106 1.33176029
    0.701287091 0.91008997 0.759651959 1.46341527 0.810629368
    0.982683182 1.05462396 1.51059425 1.23283255 1.22731984 0.887695611
    1.16374147 1.12270772 1.0578438 0.755727291 1.19657695 0.989426255
    1.00901806 1.35551155 0.83830148 0.856336653 1.25703025 0.765418231
    0.84164983 1.26556742 0.63133198 1.62922871 1.39159977 1.2276324
    1.59060466 0.974973261 0.816768408 0.889415085 1.21987081
    0.704067528 1.37357938 0.892896414 0.657413185 0.939719975
    0.625895858 1.43277168 1.24416363 0.661525607 0.857743919 1.42790079
    0.843278289 0.856894732 0.967152417 0.717929304 1.16549146
    1.06607938 1.12308872 0.906509399 1.2754215 1.35736549 1.48702466
    1.1465323 0.790023804 0.726088166 1.6131233 0.999389231 0.683456123
    1.61881864 0.937777758 1.24589419 1.03286719 1.37767482 1.00389028
    0.890309334 1.02051508 0.999881744 0.981976211 1.42682314 1.13182306
    0.980250239 1.61425877 0.82045722 0.732071638 0.73636359 0.876545608
    0.663826704 0.747724831 1.51986539 1.15207553 0.695227385
    0.619957864 1.35606551 1.26151216 1.60733891 0.844665885 0.636189699
    0.960951328 0.837602377 0.991606295 1.11080003 0.661121726
    0.770570397 1.43756354 0.86964184 0.962658882 1.54026628 0.972887337
    0.926470578 0.626279533 0.989140034 0.671668112 0.885142207
    0.995334506 1.51512802 1.37233877 0.779339552 0.874640703 1.29889476
    0.68964982 1.49307775 0.713404417 1.31539977 1.00156796 1.25076354
    1.10878575 1.31760323 1.40582776 1.17591798 1.02725959 0.821745455
    1.61579716 1.53606009 1.41752577 0.776446462 1.45510244 0.731439948
    0.678089321 0.701988995 1.35763538 0.636462033 0.677244544
    1.28878427 1.55661404 1.22234321 1.12944126 1.06337869 0.711438179
    1.13086236 1.34967351 0.673737764 1.04892063 1.39572668 0.695135891
    0.771979332 1.00103223 1.61277747 0.709141612 1.24367416 0.906277657
    0.863180876 1.57783461 0.958559871 1.60173833 1.47098637 0.840233445
    1.51700962 1.27125478 1.11187077 0.728576422 0.650376081 0.801569521
    0.768583417 1.13309407 1.44606996 1.50026369 1.0284214 1.60552371
    0.813107491 1.36429977 0.801572442 1.50778127 0.916913152 1.55903995
    1.500121 1.48513365 1.23327255 1.23900533 1.58837414 1.52778125
    0.767600596 0.634348869 1.04182136 0.66317153 1.5472486 0.740818739
    0.864921689 1.54965568 1.1654166 1.0337162 1.5603857 1.26029003
    0.983220577 0.856452584 1.26698887 1.20136321 1.16322851 1.2900418
    1.17060339 0.788039267 1.1610359 0.426864654 0.923277318 0.709723949
    0.477252543 1.35497391 1.27577555 0.795425534 0.531472504
    0.798039973 1.2732873 0.961981654 0.790606022 0.795579851 1.21257246
    1.37328517 1.21888137 1.4063617 0.670017958 1.42874002 1.24157846
    0.866366148 1.54701161 0.900284231 1.12878871 1.08121645 1.49788582
    0.753873467 0.777320147 1.0141722 0.916513503 1.48457348 1.19933033
    0.816070139 0.925861359 1.4213028 1.6266526 0.691983283 0.998805523
    1.42123842 1.32093227 1.38411176 1.18281186 1.16535866 1.58055532
    0.7165609 0.954823852 1.06625533 1.10614443 0.920477927 1.06331944
    1.46279657 1.46743321 0.875336707 1.47004986 1.02317631 0.926597476
    1.22808552 0.872001827 1.64156759 0.917146325 0.870958269
    0.936240554 1.13328063 1.52258849 1.61582661 1.56989455 1.34782362
    1.25336158 0.915759742 1.55369329 0.661854029 0.973693669 1.22751367
    1.18890095 1.55149627 1.45041549 0.925236523 0.785615265 1.32397604
    1.06563616 1.08346117 1.3175863 1.59438562 1.57705462 1.51233327
    0.751720488 1.50006759 1.33226907 1.05982375 0.987988114 0.833247244
    1.1378665 1.50606155 0.712720871 1.48074043 1.29311359 0.859355628
    1.35007393 1.44183242 0.636317074 0.743920565 1.1444329 1.55874002
    1.54088426 1.58704495 0.890714109 1.62894285 1.00577271 1.52605104
    1.49503839 1.59285784 1.52503312 1.46124327 0.756312907 1.24179471
    1.16070735 1.30994558 1.49893093 1.47988677 1.05480993 1.32922566
    1.46787047 1.20664525 0.683713019 1.2475512 1.15878344 1.19779158
    1.00312507 1.11383903 1.15892828 1.17593038 1.16738558 0.737186432
    1.41848767 1.18995929 1.05234921 1.03372538 0.777915537 0.807022333
    1.29078948 0.912436426 1.60673618 0.771150708 0.794001877 1.39845681
    1.43370914 1.19723165 1.50114489 1.12347889 1.08745384 1.29914403
    1.379933 1.1150943 1.23426521 1.18992448 1.2395854 0.743493378
    0.917809427 1.10116899 0.978519022 1.57763457 1.39225531 0.969402373
    1.37935984 1.3794446 0.992540061 0.783626735 1.46351159 1.35798335
    0.986457467 1.34985459 1.38886607 0.820701241 0.958014727 1.55020678
    1.23255181 1.32260251 1.42499363 1.13975441 1.04516828 1.34926808
    1.54817998 1.02994144 1.45495582 1.20132279 0.79637903 0.636316657
    1.4940902 1.16894329 0.692882538 1.53709114 1.59947217 1.47816813
    1.51414478 0.640780449 1.45768154 0.747448444 1.00215518 1.51572347
    1.42493892 1.14655781 0.870479167 1.1793834 0.755298495 0.887149513
    1.17143047 0.747535586 1.32291305 1.08416772 1.6162951 1.01205754
    1.29698837 1.10377109 0.699366748 0.855127633 1.61250544 0.893490016
    1.37678266 1.03902161 1.46870899 0.646054149 1.06380498 1.25467443
    0.689694941 1.11920047 1.44043565 1.58705246 1.04509032 1.60443473
    1.2693311 0.971346259 1.04905379 1.4732964 1.35261261 0.745151222
    0.795578659 1.14087653 0.806010783 1.12582946 1.14796436 1.03120041
    0.790768504 1.59568143 1.14929307 1.40791094 0.818194449 1.41906905
    1.57777143 0.810540855 1.01172912 0.861580014 0.56692183 0.715415359
    0.590307653 0.710561812 1.15299165 0.78296262 1.04826736 1.18169272
    0.681073368 0.477617174 0.920934558 1.32294023 1.2542727 1.53828681
    0.734736681 1.3925159 1.05789828 0.835542262 0.819397211 1.40345395
    0.826042652 1.0413872 0.747277617 0.882324576 1.62537575 1.2409749
    1.26178539 0.73427707 1.37191999 1.12137914 0.876641929 1.18372202
    1.23529041 0.782755613 1.44718194 1.26249921 1.30354929 0.876344144
    0.880008221 0.672842085 0.891162395 1.52204823 0.745358229
    1.17831922 1.02288687 1.34124243 0.952156365 1.56960511 1.01769698
    1.05480659 1.43361843 1.50043058 0.973437667 1.60513484 1.04201651
    1.10651672 1.06364083 0.886488318 1.58149683 0.664225161 0.77134943
    1.5919385 1.54631114 1.1132071 1.25568223 0.949004769 1.39782405
    1.38840687 0.719795585 1.07588995 1.07790208 1.11670089 1.21802068
    1.14377034 1.38140345 0.902377307 0.64211911 0.879598141 1.16421747
    0.833027184 0.997624516 1.16297722 1.38351464 1.54856443 0.946496487
    1.57724464 0.714492083 1.18486249 1.20368862 1.58071816 1.52401543
    1.18162656 1.58265638 1.21287 0.947826803 0.701472998 1.14609838
    1.14072943 1.47271645 0.803656161 1.45916986 1.42203224 1.42845225
    0.965709686 1.05739689 0.855207145 1.53411484 1.21326029 0.862816989
    1.20664394 0.971182525 0.746709764 1.2444483 1.46495366 0.976996899
    1.23754299 1.51050317 0.811193347 1.0157876 1.49885118 0.978711426
    1.58443809 0.967473269 1.22801125 1.58837914 1.561831 1.5178895
    1.04567182 1.37529254 1.15076685 1.37275374 1.61075926 1.37788188
    1.33438528 0.665293872 1.56288624 0.938662767 0.825821519
    0.907795966 0.648707509 0.777862847 0.886395991 1.31416404
    0.63327533 0.85218966 1.33460605 0.803530097 1.43759632 1.25287032
    1.18250573 0.791367888 1.25947213 1.1570518 0.815054953 1.01395607
    0.840789437 1.25008881 1.19441485 1.0923456 1.11845946 0.641614318
    0.653634846 1.31410718 1.23365355 0.851774991 1.0633111 0.8937397
    0.620271325 1.02220297 1.58050501 1.1168716 1.07895184 1.35077596
    1.44699597 0.893139064 1.5297302 0.807225704 1.2139082 1.57497418
    1.34582376 0.737057924 1.18373227 1.10698402 1.17211246 0.984567642
    1.32149613 0.933208108 0.842301011 1.53230965 1.04223037 1.24457991
    1.43681693 0.985868275 1.3773936 1.10148537 0.683985531 1.10305345
    1.27473319 1.36354864 1.44616055 1.44018054 0.717949331 1.17619359
    1.61068296 0.908401549 1.36446226 1.3559463 1.20573676 1.42723954
    1.4630847 0.990581155 1.11250162 0.668629169 1.31066382 0.679607034
    0.928687155 0.706212759 1.40666354 0.822410047 1.03530061
    0.888405383 1.21587825 1.44979298 1.40986502 1.32679772 1.44254518
    0.890086174 1.10595548 1.50406575 0.774350166 1.20427215 1.1859268
    0.910272658 1.09457982 1.30478251 0.722716808 1.20808017 1.39684463
    1.17718279 0.816961288 1.56475186 0.636418581 1.40701437 0.751392007
    1.32805014 1.53788972 1.19336033 1.37112105 0.945973217 1.58666074
    1.0365603 1.05016828 1.54236662 1.53060985 0.924196541 1.45400918
    1.3351444 1.42950702 1.4022212 0.628387868 0.593531132 1.3531152
    0.594694793 0.842011511 1.29889452 0.490835547 0.977415681
    0.704693615 1.17795742 1.53211617 1.29947352 1.53677559 1.21713781
    1.39599156 1.46096671 1.62748563 0.760526538 0.956821859 1.24087989
    1.55009472 0.911341429 0.951590359 1.14488411 1.14798701 1.31576431
    1.43914139 1.1169709 1.53551292 1.16375768 0.679622352 0.872537434
    0.986709774 0.920201778 1.25227761 1.31717062 0.736483932
    0.746567607 1.49715924 1.39628124 1.53751194 1.32616925 0.759194851
    0.709562182 1.07916212 1.10302544 1.51756585 1.12109244 0.957048178
    1.5549432 0.924296856 1.21711016 0.942653835 1.50464857 0.698073626
    0.768705845 1.15619481 1.19776773 1.0869453 1.39123774 0.880247295
    1.38080359 0.716819823 0.856567979 0.839727581 1.28772509
    0.675338149 0.823607862 1.60421455 0.938375056 0.790098608
    1.39615476 1.21501136 1.61026263 1.00356555 1.14031434 0.8370803
    0.834426522 1.04577017 1.36337423 1.1742065 1.28190088 0.798433959
    0.699625254 1.19275725 1.26911163 0.672852814 0.755348027 1.2177515
    1.25078177 0.657884777 1.45538282 0.662527382 1.50496805 1.29655766
    1.00477386 1.19086754 1.19230497 0.822040319 1.56941664 1.25766981
    1.35217202 1.55378771 1.32000613 0.708733559 0.774473786 1.39468014
    1.29280448 1.32434249 1.27312934 1.26950645 1.20868969 0.651662052
    0.769223928 1.38638377 1.54570115 1.51782084 0.948389292 1.35183609
    1.21560848 1.59879339 0.770292103 0.729622185 0.648580909 1.61119366
    1.170259 1.14390075 0.98968482 1.2162534 0.68612057 0.821271658
    0.79801023 0.858454347 0.98353529 1.22277892 1.19978547 0.72440958
    0.782740474 1.50477171 0.945889354 1.5657866 0.941255271 0.739795625
    0.985714138 0.955402851 0.768945634 1.58871865 0.82605499 1.56979918
    1.24763525 0.962837458 1.53445232 1.1972698 1.11486506 0.686774611
    0.755836368 0.632738233 0.962948143 1.21543288 0.935302138
    1.57298005 0.901957631 1.1690352 1.2727263 0.813072681 1.44706023
    0.892466307 0.651940525 0.811918139 0.869370759 1.48739481
    0.692377269 1.30691445 1.02089655 1.02435648 0.932442069 1.342453
    1.1898495 1.58659136 1.54021811 1.2107352 1.04105747 1.42139661
    1.36570561 0.967505753 0.7495749 1.56022418 0.751512527 0.810073197
    1.22582912 0.824650109 1.28466463 0.906026244 0.861803055
    0.654386878 0.713198185 1.56465507 1.29828405 1.59662354 1.32865942
    1.14530969 1.58920991 0.996232808 0.972434163 1.13821018 1.03698027
    1.58459127 1.33155084 0.827850878 1.09736276 0.8937549 1.09394896
    1.10125053 1.47902381 1.53499866 0.936485231 0.83616364 0.687553108
    0.857440174 1.32649887 0.676831007 0.911187708 1.10390365 1.37933564
    1.00215292 0.912817836 1.0001961 0.63948667 1.00680852 1.5165062
    0.746159136 1.28022993 0.716661751 0.704838574 1.42449796
    0.689894795 0.773665011 0.637851596 0.947620213 1.12051833
    0.823161006 0.784624636 1.45238662 1.48580348 1.05716765 1.50094903
    1.2982353 0.93709296 0.941764116 0.694406033 1.20110822 1.14379871
    1.5308547 1.21216941 1.34767246 0.56029582 0.612180054 1.1587621
    0.617324829 0.966867924 0.725842535 0.585744441 0.843947172
    1.0225749 0.825823188 1.48907971 1.48359323 1.09105539 1.01373959
    1.50606036 1.63428378 0.657350183 1.52531481 1.37254047 0.673852026
    0.650587559 1.00259137 1.15447664 1.43065238 1.20212471 1.0265125
    1.58603096 0.762092113 0.833180487 1.29973841 0.843264937 1.57419157
    1.09804666 0.86645329 0.903079271 1.53154731 1.26940715 1.09555697
    1.52190256 0.992046952 0.929845333 1.55706024 1.3073529 0.847274661
    1.09968555 0.751437068 1.36940634 1.3055445 1.0955534 1.13165474
    0.909844458 1.00741291 0.849646568 0.765714467 1.16926539 1.21828377
    1.28635633 0.907502711 1.60961568 0.742772341 1.5328151 1.59553051
    1.46049845 1.49848974 1.25051093 0.801764309 1.23906136 1.43512809
    1.42306733 1.0325613 1.11192954 1.08173144 0.906214178 1.51095545
    0.809389591 1.20768166 1.14949632 1.37150884 0.918406248 1.29657686
    1.35594308 1.41550505 0.888392329 0.870647311 0.888222992 1.35269058
    0.942332804 1.08168423 1.48633218 0.881600857 0.93072331 0.72941184
    1.08817756 0.843401194 1.22714865 0.675122559 0.999088764 1.56405962
    0.755692244 1.53720951 1.24103403 1.40918791 1.1706239 0.746630728
    1.19820321 1.4413358 0.827515304 1.34517896 1.40322864 1.39383805
    0.913306117 0.867528677 0.809247673 1.44946802 1.07039118 1.43682539
    0.643366218 0.658460975 0.729197264 1.3520416 1.16437805 1.36373234
    0.854397237 0.639555931 0.889564753 1.25821316 1.16179371 1.52199054
    1.50705719 1.57640088 1.50909805 1.35361564 0.912317932 0.893040001
    1.04378784 1.41460085 1.12015808 1.28296101 1.0917511 1.22087121
    0.689945936 0.937771618 1.4855082 0.892962337 1.54562831 1.13666487
    1.19682527 0.986277878 1.32915294 1.36408699 1.28540587 0.737275243
    1.09085643 1.38329947 1.50241327 1.42725968 0.845485151 1.42463589
    0.951679587 1.47655153 0.737349987 1.5140059 1.08885121 0.895354152
    0.925716221 1.09417701 1.11276424 0.851435483 1.48444688 0.896331906
    1.36736679 1.40059376 1.10494053 0.620335221 0.892519951 1.37962103
    1.37557113 1.08110893 0.692264795 1.15478051 1.04960179 0.694685996
    0.616625547 0.967691541 1.27467763 1.00466967 0.673285961 1.52401149
    1.09112513 0.868518472 1.58930016 1.32026863 0.812844753 0.69200027
    0.907998323 1.52852881 1.58324659 0.68115741 0.949251235 1.10933089
    0.817138195 0.718808889 0.689202309 0.669870675 1.05144835
    1.04964995 0.676925421 0.886214256 0.940142453 0.823009491
    1.46943343 1.32176077 1.63729918 1.53184307 1.30852282 0.926118851
    1.08250105 1.34746873 1.41128314 1.26072979 0.976084113 1.08522165
    0.926867902 1.11469686 1.24399626 0.731496692 0.974572539
    0.877909541 0.84655112 0.92246592 1.03258109 0.609613299 0.811272383
    0.647720695 1.48952293 1.14610851 0.61424607 1.21055925 1.41427374
    0.89344573 0.760479927 0.876827419 1.59148633 1.43830049 0.796713769
    1.15969098 1.48629594 1.14249468 0.90376687 1.33133519 1.62731862
    1.37167192 1.21317184 1.54859245 0.679935217 0.769145846 1.11079347
    1.16880572 0.829618752 0.696004331 1.02143383 1.21245229 1.23774815
    1.16828191 0.774956167 1.16621506 0.990349889 1.39154065 1.32748628
    1.04165447 1.13268673 1.53589571 0.757237732 1.32584488 0.751720667
    1.50180268 0.962480366 0.929882228 1.16772413 0.667294264
    0.631797731 0.766065359 0.67036736 0.625500023 1.4065789 1.48378646
    1.16689765 1.38865256 1.61298752 1.55880034 1.54826522 0.71813494
    1.31156051 1.23834872 1.00157893 0.975066304 0.609686196 1.23197401
    0.73773855 1.05465567 0.921820045 1.35968375 1.46255243 1.44578779
    0.655630469 0.938420832 1.12751436 1.49389684 1.17471039 1.46106803
    0.686011195 1.39162147 1.13183498 1.37963867 0.716866732 1.34587979
    1.19731557 0.972932637 0.673866332 0.709681869 0.628577352
    1.33847463 1.51215124 0.831661761 0.624185681 0.63566649 1.23189521
    0.747765362 1.26398873 1.24187338 1.54665017 0.761450112 1.34798026
    1.40701687 1.38885474 1.41609311 1.23723924 0.979565442 0.961567938
    1.58857441 1.22363031 1.32136953 1.54249215 1.07662547 0.780512094
    0.92833972 1.40999901 1.28205776 1.56650019 1.51343107 0.653950036
    0.629966378 1.36078155 1.25099492 1.47374547 0.822267294 1.08916104
    1.44522214 1.40080702 0.841832757 1.58790112 1.55105221 1.00204015
    1.6208787 1.22691905 1.59738767 0.733618259 1.20897341 0.798172176
    1.13583362 0.727324307 1.60777831 1.35950875 1.0237658 1.42632031
    1.07150912 1.14816999 1.53522742 1.19134974 1.19363642 1.41857815
    1.06110108 1.4424969 1.45560873 1.1086446 0.777412951 1.58226085
    1.58123875 1.16110361 0.892937064 0.888004303 1.15936458 1.40028834
    1.48557079 0.980354488 1.45678246 1.57457709 1.0062902 0.779647768
    1.26635671 1.58829665 1.28411281 0.857583046 0.927291453 1.4401468
    1.10127568 1.4196744 1.24851167 1.2692163 0.777571023 0.816407502
    0.890748143 1.17390013 1.3779037 1.31131387 1.23731935 1.32892001
    0.875439703 1.54927075 0.679047883 1.3032552 1.42257118 1.44597983
    0.7863819 1.00924718 0.643577576 1.34761727 1.04991448 1.23532104
    0.996755481 0.96857667 0.98560065 0.731581211 1.15466881 1.48656225
    0.825428307 0.655399203 1.27400041 1.04947472 0.729608059 1.58950746
    0.903537631 1.31500471 1.33874774 1.06433678 1.23751664 0.650289953
    0.920823991 0.869388759 1.29354346 1.20702136 1.39357638 0.665568829
    1.29295003 1.33741641 1.47732365 0.804075599 0.786143422 1.51836884
    0.824885666 1.38204277 1.06938398 1.15202832 1.21888638 1.39000833
    1.59125364 1.33050525 1.5196408 1.32894325 1.55507553 0.840768993
    0.628368795 1.13040555 1.48917294 1.53152621 1.49584579 1.52466893
    0.968480885 0.732438207 0.832332432 0.719136298 1.04444504
    0.906511605 1.19522297 0.634834468 1.50202966 1.61304092 1.52559257
    1.39003801 0.707899153 0.713580728 0.838008344 0.935958982
    1.47099543 1.2611829 0.762512028 0.631774843 1.05693018 0.983962834
    1.36675537 0.948426485 0.642343819 1.28334749 1.47227478 0.89587009
    1.21810579 1.19441879 1.02231109 1.21214509 0.716770828 1.11786902
    0.524652302 0.850692213 1.35750198 1.26180625 0.625006974
    0.612854004 0.81650573 1.16414428 1.34726059 1.08687997 0.818923295
    1.21508074 1.06579292 1.5631758 0.644966483 1.20375896 1.19667542
    0.950278282 0.700429142 1.53734207 1.37112725 1.26228356 0.776031613
    1.346488 1.31272066 1.12835944 1.61504006 0.998977184 0.634725273
    0.616305292 1.22594392 0.952495396 0.999614894 1.24137366 1.47702038
    0.788578987 1.56857789 0.888534904 1.34506822 1.09442902 1.24589372
    1.28438067 0.616350472 0.679362476 1.06843853 1.01351929 1.13630104
    0.693460882 1.5304985 1.03506577 1.31458449 1.51889384 0.886302948
    0.964126348 1.18456495 1.47331548 1.60469902 1.09601939 1.57418001
    1.14713025 0.872136235 1.36089945 1.60622072 1.07602167 1.25995398
    0.894706666 1.05721402 1.25903928 1.59616804 1.27214217 1.3947047
    1.30115163 1.58988512 1.49665475 1.18083644 1.60801053 1.36105251
    0.747117043 1.0052669 0.671061814 1.25569522 0.928445637 1.6063863
    1.28466249 0.755403876 0.820534348 1.49023247 0.863647699
    0.648954332 0.960626602 1.20520103 1.01253796 1.52069187 1.35395706
    1.08378327 0.916047156 1.06214845 0.907816648 1.03794789 1.59640646
    0.942100108 1.30847812 1.10342157 0.882557034 1.5894748 0.853617549
    1.54806054 1.09501839 1.29658926 1.56425464 1.46826971 1.19769299
    1.01863348 1.6116221 0.774876714 0.807264864 0.913258195 0.881828785
    1.37546909 1.40842462 0.820799887 1.3287189 1.60037458 1.51804352
    1.20613074 1.24094594 1.5185076 1.51603234 1.6155628 1.10456407
    1.53767824 1.37309229 1.0680114 1.05731976 1.15778899 1.05686772
    0.961785793 1.34101689 1.2195245 0.830571532 1.47776055 1.21496952
    1.19736755 0.847924709 0.882596731 0.659353435 1.54793382 1.35173988
    1.41006052 0.737706482 1.07960963 1.04054737 1.31120157 1.06767273
    1.32327116 1.469015 1.31067467 1.06202614 1.15410209 1.03132999
    1.00057137 0.886358142 0.61660552 0.966059983 0.813530147 1.49971163
    1.1491183 1.4041959 0.794452071 1.16049778 1.5320766 0.831166208
    0.803735495 0.954962254 1.54660761 0.959945738 1.45641375 1.07740664
    0.780322075 1.5151937 1.45422041 1.05074453 1.06564593 0.80628407
    0.675651312 1.05875778 1.02758729 1.01988292 1.57639599 1.54911351
    1.41504121 1.18052578 1.20908415 1.24585879 1.42449832 0.70595032
    0.809660375 0.878530443 1.5257014 1.16707385 1.20409584 1.03638232
    0.964502633 0.650573313 1.4027003 1.53126156 1.09688985 1.57297349
    1.3810941 0.80366677 1.21280539 1.37385178 0.952359438 1.53877199
    1.55753922 1.11201334 1.45272362 1.55233419 0.921224117 0.819280505
    0.780790448 1.28989005 1.1699568 1.46592712 0.658070564 1.23316634
    0.808131635 1.24595916 0.791078806 0.674430668 1.31780112
    0.784535348 1.59772182 0.672261298 0.662029922 1.38602948
    0.878241122 1.24203825 1.17164779 0.997558892 1.23861098 1.11889184
    0.832018912 0.927160978 1.0664587 0.814357042 0.834105313 1.57938969
    1.59323156 1.00858355 1.25948226 1.30948389 0.96291858 1.50654924
    1.12643123 1.22276795 0.946614027 1.07118857 0.711938262 0.921216369
    0.561173201 1.01644659 0.496870816 0.819465578 0.843336046
    1.27118075 0.710694551 1.4021306 0.599577904 1.19783008 1.18055952
    1.48001361 1.54407358 1.52630603 1.447474 1.60238707 1.33486283
    1.32458735 1.45704579 0.803059518 0.834714293 0.87145859 0.794061899
    1.12903929 1.26809525 1.02135301 1.54553044 1.28977263 1.34313679
    1.5779469 0.736002564 1.15167296 1.27733302 0.657915592 1.53605795
    0.640354574 1.57037354 1.45056891 1.53511083 1.26716948 1.39547765
    0.738120735 1.60764563 1.09720278 1.10998154 1.44694102 0.730509937
    1.4482758 0.787014842 0.717478931 0.685328424 1.08642793 1.36919141
    0.971467555 0.773158789 1.02116823 1.27670312 0.957428992 1.20466113
    0.779710054 0.941301465 1.54564226 1.26742494 1.23589563 0.898641407
    1.51093197 1.29706419 0.964774847 1.60719621 0.935494065 1.41460371
    0.736375332 0.784919858 0.823643029 0.854507029 1.54683805
    1.53018713 1.46706498 1.05029452 1.21221364 0.811336935 0.906924069
    1.42764747 0.822096169 0.627814353 1.25363576 0.943572283 0.70397675
    1.45936751 0.916070819 1.12819552 1.5236907 0.839817047 0.917658448
    1.22686124 0.945601463 0.67766124 1.13639724 0.898046196 1.18333471
    1.58660567 1.48105359 1.15737784 1.31920958 1.33967829 1.24751139
    0.990730703 1.26932025 1.33441484 1.58475184 0.806024134 0.957696855
    1.11598229 1.3092649 1.07132328 1.15557432 0.644646406 1.28566897
    1.41348147 1.02633822 1.31873512 1.59364009 0.919690132 0.909693182
    0.97235918 1.28612995 1.03415096 1.30417728 1.44376791 1.58314705
    0.70301944 0.702976465 1.15669024 0.619184554 1.60934639 0.690368474
    1.38721323 1.14201081 0.95117259 0.865323544 1.09677839 1.43960655
    0.910161138 0.70075506 1.00644386 1.5437007 0.91464901 1.19573021
    0.632153153 0.686094344 1.25159633 1.33981061 1.57764542 1.17079568
    0.955153942 1.53558409 1.57453859 1.42067397 1.19888091 0.67267859
    1.21822536 0.687392831 0.833557963 1.33145928 0.971140683
    0.702703774 1.00199938 0.648442507 0.805786431 1.07483912
    0.916575789 0.921042621 0.652238011 0.71074903 1.02829301 1.34386754
    0.720785677 0.886276782 0.842311144 1.35276687 1.03193009 1.45584846
    0.869447649 0.935102642 1.01350737 1.32038534 1.2939111 1.052086
    0.94411999 1.04880428 0.857962787 1.30574977 0.697801292 1.6191076
    0.779699028 1.30411565 0.864373147 0.778929293 0.627627254
    1.00729632 1.16427433 1.46923959 1.4034903 1.1498847 1.03013694
    1.55381203 1.2482909 1.24337983 1.40105343 1.44436264 1.47667253
    0.774329662 0.966854334 0.800755858 1.47921264 1.19045317
    0.931554258 1.1797359 1.3732717 0.821646035 0.968618095 1.08094239
    0.934506714 1.29357433 0.858890474 0.774814844 0.702471793
    1.57343292 1.45521438 1.29086483 1.30017424 1.08067989 1.36540461
    1.57435322 1.19571877 1.15625131 0.804979801 0.869669676 0.644840121
    1.2263186 1.25741839 1.58629966 1.2870338 0.892171264 0.657629311
    1.41455054 1.43612099 1.31618249 0.883815348 0.669635415 1.01570177
    1.16931403 0.609110951 1.18920636 0.677102685 0.698039353 1.07627881
    0.955038071 1.086954 1.15145445 1.24516797 1.06114841 1.36062467
    0.714556336 1.39736331 0.663361251 0.91236192 1.2219156 0.943909049
    1.06808841 1.07458162 0.772153795 1.44447887 1.5291177 1.10808206
    0.682194173 0.886342585 0.96750325 1.53678358 1.26879179 1.52060127
    1.60120189 0.833479166 1.19059479 1.28937876 1.0388068 1.37815249
    1.0150758 1.40207517 0.818099022 1.28571486 1.30613744 1.47206402
    0.631537616 0.634595156 1.41766536 1.17154062 0.612298191 1.45223057
    1.34467053 1.20020449 1.19301081 0.939235747 0.854011238 1.08987057
    1.41238296 0.963688374 1.40446389 1.24821937 1.57506299 0.790337205
    1.32251573 0.792869449 1.25575459 1.07948542 0.6975739 1.02404499
    0.908242941 0.678575218 0.904043198 1.12896645 0.824516535
    0.921832681 1.26810884 1.40391779 1.14306045 1.42500162 1.41864538
    1.62038267 1.48289728 1.41480076 1.57545137 1.35083735 0.636201799
    0.623295486 1.51338112 1.36675835 0.81691879 1.44475758 0.838832319
    0.927770913 1.12087798 0.886851728 1.16410303 1.10844135 1.16551256
    1.07672036 1.33077526 1.60837615 1.32392335 1.23744678 1.54423189
    1.54315269 1.27347493 0.915748656 0.95930934 1.5235002 1.01213109
    1.05589211 1.17607069 1.31377399 1.19422877 1.31988025 1.43547106
    1.52282274 0.886658609 1.28785944 0.855242908 1.33882439 1.2347852
    1.1725148 0.688590825 0.970477164 0.967394948 0.88866812 0.77206707
    1.24688911 0.84178102 1.03680575 0.940537691 1.61667812 1.52971601
    1.50700521 1.39903164 0.892954707 1.49574149 1.43739414 0.962219477
    1.34697664 0.987945139 1.5176028 1.5933342 1.33537996 1.23528695
    1.23238349 1.31381512 1.31657374 0.733452857 0.86045903 1.53057504
    1.18980503 0.837270975 0.622766733 0.790193975 1.54571378 1.40640485
    1.03664565 0.852033496 0.764324784 1.11862624 1.56768382 1.54179907
    1.50464118 1.30096459 0.848515749 0.673646569 0.604836404 1.15880215
    1.52351713 1.08067203 1.26491654 0.770621777 0.611519635 0.675229907
    1.25037408 1.05280817 0.665323436 0.886432528 1.31356108 1.47566521
    1.43464994 1.04395974 1.35698259 1.12668443 0.936350048 0.728762627
    1.27801049 0.657395303 0.912937105 1.23645401 0.625698328 1.2309556
    1.08071339 1.25453579 0.842207968 1.61856675 0.981502235 0.885221899
    0.843591094 1.33726871 1.47570014 1.2762922 1.55450249 0.880717874
    1.23645449 0.718239427 1.18818629 1.31229699 1.37438881 1.31436455
    0.668326139 1.4453938 1.21007216 0.757388473 1.16374278 0.864203513
    1.39894533 1.45653927 1.12927425 1.16944265 0.772621691 1.36628318
    0.822606027 1.26975739 1.2277168 1.518363 0.600368083 1.14111912
    1.46679401 0.613005459 1.01594377 0.844702661 1.05435705 1.40048301
    0.970951915 0.592470586 0.81377548 1.05975449 1.23405015 0.719552338
    0.744104028 0.92228806 1.10478759 0.61196667 1.24160123 0.637425721
    1.00277281 0.781255603 1.31053209 1.57740808 1.51546395 1.09576774
    1.54405129 1.54676664 1.16654289 1.26139307 1.21324706 1.05431712
    1.36240816 1.04987204 1.07810259 0.832393289 0.946987987 1.30628026
    0.721388221 0.879950106 1.15653956 1.43833113 0.479217649
    0.926745296 0.945083678 0.95471096 1.53795588 1.4056381 0.826618671
    0.688769996 0.947698534 1.02558744 1.41796148 1.01824188 1.54941034
    0.665672779 0.918416321 0.691529393 0.987505376 0.844819248
    0.793465137 1.36622608 1.46429789 1.40007842 0.617479563 1.12053251
    0.935644925 1.59912348 0.887216926 1.22173083 1.21741986 1.25741827
    1.15606964 1.24411309 1.41073513 0.652451277 1.58361852 0.661084175
    0.637867808 0.95173806 0.877411902 0.765126586 0.937563002
    0.652490437 0.709104657 0.962628841 1.50896811 1.06008387 0.74293679
    1.08271444 1.08397925 1.56287217 1.44485497 1.54403663 1.14282894
    1.29839969 1.23769438 1.26888299 0.617624462 0.896063387 1.04075265
    1.4500854 0.979884863 0.904679716 1.55655003 0.800415277 0.678372204
    1.23455667 1.02036381 1.37112701 1.26132345 1.2060653 0.656172931
    1.31811166 0.964175284 1.28508568 1.36159325 1.06574166 0.923725545
    1.04161739 1.3115226 1.61355245 1.22888303 1.42519498 0.633027911
    1.48810434 0.624906242 0.809194565 0.75312382 1.49793696 1.39549756
    1.19624388 1.0770247 0.758019388 0.815083385 1.46262109 1.2397517
    1.60174954 0.868522525 1.52440846 1.38535702 1.23631835 0.822523415
    0.680806637 1.49792731 1.47238731 1.30663049 0.905945182 1.58257782
    1.33809686 0.75630492 1.35302162 0.841522276 1.47250164 1.27524364
    1.12668908 1.55445611 1.48218524 0.889509499 1.41173565 1.57347393
    0.784324288 0.660457015 1.17854416 0.944502354 1.19909072 1.52331185
    0.664936423 1.19951165 0.697713256 1.11367774 1.24360895 1.05093706
    0.755272567 0.854556024 1.28579414 0.883247197 0.714270234
    1.01389492 1.51295578 0.918648422 1.53373349 1.14138365 0.838894606
    0.709560752 0.762571454 1.35274565 0.822419047 1.05816436 1.59341371
    1.12638628 0.807067513 0.994072199 0.810049593 1.36213911 1.40040624
    1.38110912 1.26837218 0.707433522 0.714228392 1.20358789 1.2296176
    1.41081023 0.688883603 0.897013187 0.937713563 1.40574276 1.02632761
    1.21205735 1.13656068 0.653706133 0.825705349 0.786185265
    0.830132246 0.953756154 1.12437737 1.35337949 1.15633905 1.5444386
    0.898305237 0.887529254 1.27349591 1.29082775 1.42968154 1.45159638
    1.21500516 1.36139607 1.3350426 1.02215612 1.38770497 0.890855789
    1.19747448 0.876391828 1.06149495 1.28846073 1.13247049 1.08342552
    1.22466922 0.835799277 0.954668641 1.07120132 1.36618471 1.09268677
    1.46226871 1.08062339 0.858886003 1.40606999 0.955689251 0.693402648
    0.878366053 1.44186103 0.737939358 0.818189442 0.986846268
    1.08257544 1.20580173 1.07443273 1.37717295 0.635662377 0.67124486
    0.94152993 0.871441662 0.793284893 1.03724182 1.34087539 0.922438443
    0.799920261 0.995023727 1.42583954 1.41519761 1.12227082 1.41867363
    0.977075875 1.44717312 1.262725 0.980848372 1.06889272 1.31370187
    1.2084384 1.5568521 1.42760682 1.29333889 1.35692203 0.815105021
    1.53482151 1.5965631 1.21826291 0.768606365 1.46812308 1.2177186
    0.512945116 1.38741684 1.24935412 0.408274382 0.571317196 1.34798789
    1.07574379 1.29226947 0.676898241 0.553720593 1.08239293 0.614620388
    1.03777885 1.52308536 1.44543624 1.60086787 1.20967841 0.6187374
    1.50750315 1.22987723 1.48237062 1.55249834 1.01284611 1.21539557
    1.16791964 1.5530498 0.658232629 1.27481043 1.19308257 1.51614654
    1.19104552 1.08451998 0.858321071 1.48505962 1.34369409 1.462376
    1.38115299 1.2616756 0.795680106 0.971005857 1.3624624 1.39792967
    0.693655372 0.826896489 0.636342525 0.863683939 0.699690223
    0.911477685 1.17976272 0.993583381 1.4698174 1.47853613 0.681251287
    1.47779739 1.38960516 1.41168463 1.42424583 0.852995157 0.637559116
    0.659726024 1.49869013 0.789354861 1.37836349 1.54746854 0.92262584
    1.48243868 0.662019193 1.59421837 1.30947971 1.18512058 1.3869729
    0.650782108 1.23867726 0.809086025 0.869782984 0.991499186
    1.59313071 1.19507825 1.37387025 1.49558187 1.09199166 0.720591843
    0.68571198 1.50542605 1.14440155 1.09346318 1.39969552 1.24010468
    1.15201652 1.32920074 1.30094421 1.60186589 0.823933005 1.10644865
    0.740323842 0.936138093 1.08881843 0.955184996 1.43014777 1.08121717
    1.02805269 0.798951447 1.43839371 1.32706082 0.732517064 1.34323859
    1.35409689 0.967226982 0.680163801 0.675512552 1.2921232 0.854873359
    1.04515731 0.866864502 0.722962916 1.46792781 1.56889713 0.724754155
    0.65354979 1.03773689 1.3310132 0.694879293 0.731384456 0.682715058
    0.909290075 1.31048465 0.65136683 1.41146553 1.50856531 0.796612799
    1.02712774 0.757639289 1.13049734 0.898073733 1.01719844 0.901009679
    1.52013636 1.43754244 0.742848992 0.943059623 1.04617798 1.28753233
    0.970302343 0.694125473 0.976452768 1.00373816 1.52175665
    0.775782287 0.634690166 1.52909625 0.933238983 1.19895744 1.19269609
    1.31094289 1.55439305 1.10758841 1.07719553 1.12880731 1.0911665
    0.867423415 1.19943929 1.36723375 1.49781752 1.42180657 1.52014005
    1.02242243 1.50466895 0.695840001 0.813001096 0.7022053 1.45700169
    1.06315231 0.681167305 0.87344861 1.22570217 0.792893767 1.16739249
    1.19974422 1.13254035 0.773297608 1.21798444 0.862536013 0.791261673
    1.46994948 1.5564636 1.57176459 0.969640315 0.873746395 0.62186271
    0.708156943 1.52063525 0.754793525 0.855179131 0.692080379
    1.12623942 1.23184073 0.900442243 1.45706129 1.31664324 1.46939516
    1.5425694 1.31417644 0.99994421 1.12622213 0.74938792 0.881579399
    1.04896474 0.952337205 1.33742177 0.962541103 1.35155249 1.42203748
    0.985760629 0.943950295 1.08207154 1.57062602 0.653071284 0.85932523
    1.05353129 1.22631478 1.20587075 0.764688671 0.946644366 0.777114987
    0.718070865 1.2661413 1.34334493 1.21916497 0.762170434 0.954814553
    0.79072988 1.36257625 0.568343759 1.56145442 1.28552651 0.954615533
    1.24773681 1.12913227 0.768275619 0.724911809 0.684040129 1.39971495
    0.878596663 1.52436781 1.55210602 1.07585979 1.59913683 1.03984725
    0.749817371 1.37798584 0.993518949 0.796438515 0.828993618
    1.53864408 1.08625948 1.2006855 0.984185398 0.937844932 1.02237153
    0.607008398 0.588914216 1.1188277 1.17956138 0.77066201 0.850694597
    1.34058857 0.730744123 0.978865087 0.696848392 1.31395662
    0.847321689 1.19968987 1.22450161 1.47537792 0.903427005 0.721959889
    0.955373228 1.5975399 0.7340464 1.5911057 1.39390039 1.59305811
    1.52471864 1.58905184 0.983234107 0.701858044 0.620701075 1.15157771
    1.22580123 1.27676904 1.49508202 0.647196054 1.16072023 0.780148447
    1.59927213 1.27484381 1.08475804 1.52762413 1.40793407 0.830219269
    1.40458083 1.03845024 0.86730212 1.02129841 1.50684738 1.36580515
    1.29867864 0.663404286 1.56085622 0.842215061 0.735901654 1.49800241
    1.37373638 1.34647119 0.721762776 0.990691125 0.812735498
    0.648830295 1.34348536 1.17209554 0.923401535 0.846929431
    0.859957993 0.653081 0.798572719 0.786690056 0.869557679 1.30966377
    0.62766391 1.26147628 1.25123405 1.22749209 1.41336906 1.28133976
    0.817960203 1.42357528 1.55271578 1.55319524 0.915874004 0.951470792
    1.29374182 1.2608223 1.44260597 1.01188505 0.765939295 1.07018411
    1.57359493 0.948240042 0.935282707 0.879012942 1.02351475 1.04200113
    1.10057545 0.819153726 1.57581723 1.32812262 0.936712801 0.874169111
    0.747780561 1.27922451 1.04084146 0.72901082 0.921124279 0.851496458
    0.691957831 0.786534488 0.701283395 1.2149961 0.825503945
    0.864417136 0.861446619 1.58828974 0.76267463 0.808246791
    0.848479927 0.969710529 0.793317616 0.758864522 0.633610725
    1.27170873 1.29653811 1.10274839 0.712896407 0.658360064 0.951828897
    0.89484787 0.685678065 0.92299974 1.31646538 1.6045903 1.03600979
    0.922625482 1.25973773 0.747748017 1.12557232 0.672014296 1.47791064
    1.3560704 0.97722131 1.1321485 1.16837621 1.43848169 1.24586606
    0.791470766 1.56636286 1.52777183 0.796571374 1.33673716 1.29214811
    0.884305954 1.13087034 0.852826476 1.32332766 0.695005655 1.49931979
    1.45221186 0.946036756 0.611529648 0.671573818 0.870942354
    1.51626158 1.56808138 1.29014945 1.50188196 1.4891789 0.957206309
    1.41604221 1.00827301 0.950434923 1.08102465 1.18210518 1.40628409
    1.16448319 0.873261869 0.69728601 1.13469589 0.732138157 0.760887086
    1.1053648 0.791195035 1.50492001 0.833132982 1.36796117 1.05462682
    1.2501651 0.958591104 1.02681684 1.26303864 1.33919621 1.04196286
    0.825929999 0.832970917 1.16544342 0.79258585 1.47275901 0.761250734
    1.35585105 1.02713084 1.4150368 0.901691258 1.59933758 1.04809213
    1.14456081 0.983440459 0.665737033 1.07228279 0.7381832 1.48587084
    1.01534486 1.07209158 1.00896323 1.09480071 1.20912862 0.963834226
    1.05021596 0.7297737 1.3125819 0.653522551 1.55120742 1.1498915
    1.06548417 0.969991148 1.02001488 0.620182037 0.668354452
    0.664058268 0.830422878 1.27491868 0.663961709 0.766618252 1.1347307
    1.36812568 0.780167937 0.664937079 1.13431883 1.42802596 0.649865329
    0.844418347 1.49906027 1.39941514 1.43858194 0.912632048 0.829204977
    0.984042764 0.969394565 0.731400549 0.87004739 1.54576552 1.40911102
    0.617958724 0.993815303 1.18385243 0.837444901 1.11107457 1.31279767
    0.814431489 1.00147319 0.404023468 1.20431745 1.16904402 1.42752612
    1.34717464 0.779262841 0.703761697 0.62880075 1.09977019 0.858413875
    1.48621976 0.711185336 1.33352399 0.774560153 1.18151176 0.743559837
    1.2604264 1.1808337 1.25869012 1.09749079 1.56944263 0.836370587
    1.38559949 1.37810361 1.18641055 1.31293714 1.46215641 1.28243959
    1.15624595 0.864173412 0.803752363 1.18529987 1.14700913 0.803875506
    1.61654782 1.55820119 1.39493906 1.03346717 0.850567222 1.14752543
    0.938221395 1.463449 1.58544946 0.911247194 0.831156135 1.4161576
    1.26715398 0.788116455 1.49689603 1.13987243 1.33146632 1.45230281
    0.664949298 1.0690906 1.15285563 1.21491659 1.17701077 1.01595509
    1.46578896 0.75460577 1.25846982 0.732960224 1.27308881 1.14236772
    0.67835331 1.26393056 0.77636838 1.16451633 0.875084817 0.710534215
    0.946261823 1.36317742 0.978919208 0.980163097 1.59493625 1.54560554
    0.733160913 1.00071728 1.29284155 1.25788391 1.23081064 1.22811508
    0.784270108 1.05124533 0.776411951 0.738949358 0.836336732
    1.36575913 0.733493745 0.962170422 1.0033859 0.807292581 0.813182116
    1.53648531 1.59329033 0.918183982 1.42960083 1.32943535 0.955137134
    1.54186285 0.634325147 0.76609385 1.56447148 1.39366472 1.50629056
    1.13054609 1.52640104 1.07078683 0.987458467 1.16528833 1.25039005
    1.1111058 1.03005409 1.59722519 1.52258623 0.955872238 1.4971118
    0.761043072 0.892461836 1.1570859 0.937282026 1.02861977 1.07546008
    1.16671884 0.943744898 1.54943645 0.70067513 1.4704206 1.17399395
    0.904861033 1.19851124 0.984315455 1.15262794 1.07011032 1.13225353
    1.39358008 1.41057825 0.700898945 0.938410044 1.51188207 1.42746723
    1.54531133 1.34212899 1.27724683 1.05864751 1.05230153 1.40696573
    0.835680902 0.849368334 1.01326489 1.00850344 1.61553574 1.15406382
    1.02192962 0.649374425 0.796555996 1.14820349 1.46573985 0.979575932
    0.594790637 1.01662862 0.765066564 0.79091084 1.58174741 0.75864321
    0.704039574 1.02611578 0.715569854 0.740496695 1.19703615 1.11644757
    1.20823777 0.857859969 1.34863138 1.60131705 1.50254393 1.15965462
    1.06075966 1.3919462 1.22385442 0.81514138 1.41265368 0.978988171
    1.25862157 1.04709291 1.22265363 1.42369008 0.887210965 1.30326676
    0.711497486 0.702178836 1.03732753 1.09359288 1.03376377 1.5076139
    1.60175288 0.835377991 1.61307502 0.768782079 1.3311038 1.46816874
    1.05494881 0.97499007 1.55413842 0.959544063 1.35761976 1.53763294
    1.5800252 0.968905032 1.23902047 0.632935762 0.921908498 0.879520774
    1.2271322 1.17223632 1.07468176 0.588867664 0.760695279 1.26839697
    0.924576342 0.931437969 0.864434421 0.991531789 0.690719843
    0.820859551 1.27654338 1.4429884 1.13485992 0.926447451 0.677782297
    0.845855713 1.50931358 0.825927854 0.979088426 0.795734406
    1.13906217 1.05205083 1.46252358 1.48849404 0.819063246 0.965674937
    0.806502402 1.3454212 0.753072143 0.936766624 1.30185711 1.09321165
    0.74069351 1.24205577 1.22338414 1.05076337 1.35010278 1.2182554
    0.563794017 0.529484808 1.32233441 1.33332515 1.27451742 0.707715094
    1.07421947 0.70389843 0.874916732 1.48751438 1.33862829 1.57245302
    0.829494774 1.10617661 0.634872198 1.49854529 0.667138815
    0.737820148 0.630325615 0.920701683 0.875620127 1.01232636
    0.738871455 0.62198478 0.720796049 1.28270841 0.977786601
    0.913955688 1.30458236 0.87595886 1.0241555 0.692241013 0.845034897
    1.01646876 0.990663409 0.826633275 1.05267894 0.752313495 0.74536407
    1.4070555 0.915257335 1.30399787 0.642836988 1.13820434 0.74865067
    0.8844257 0.78204149 1.07867181 0.82765311 1.32172644 0.850351691
    1.54760838 1.11299038 1.0401032 0.836950183 0.896717787 0.721850872
    1.58461773 0.675846696 1.49355567 1.37161005 1.26741469 1.02173674
    1.51027942 0.739629507 1.36298859 1.23772442 1.5282917 0.762619317
    1.26925826 0.719516039 1.44562674 1.12414205 1.50003552 0.899435878
    1.05384815 1.48826039 1.14814162 0.708259523 1.29455733 1.24263549
    1.11331344 1.49415493 1.0000459 1.45965564 1.47849464 1.54653907
    1.43831396 1.19425571 0.789456308 1.47830856 1.27855158 1.02270162
    1.23225534 0.678168833 0.673031092 1.4852885 0.678890109 0.756632268
    1.41229928 1.07601452 0.836538434 1.29824591 1.18032217 0.769169152
    0.815941274 1.02996397 1.0951252 1.13876748 0.869813263 1.47803628
    1.30425584 0.927375913 1.27855575 1.50574577 1.01663935 1.28566658
    1.1973418 1.25417542 1.34631705 0.874143064 0.623438954 1.42899036
    0.803871632 0.632116377 1.55585372 1.22411096 0.734596968 1.1383667
    1.16685498 1.32183719 1.54691052 1.37123239 1.32044518 0.905458987
    1.35980248 0.900421083 1.25309885 1.35159099 1.21509719 1.15525663
    0.658466876 1.1283704 1.19638729 1.10936022 1.5683254 0.959340513
    1.20759177 0.724936962 0.841725647 1.09219348 0.976298094
    0.652963042 1.17647266 0.787149727 1.25984633 0.629187405 1.56040049
    1.37284541 0.983758807 1.38020313 0.707120657 0.799810052
    0.676666975 1.28864205 1.30212069 0.839231431 0.791311681 1.00882614
    1.37137032 1.02211392 1.3075285 1.2222774 0.685690582 1.06207943
    0.607209861 1.50039661 0.728940189 1.58953679 1.05159366 1.20779026
    0.958784997 1.02677739 1.24645042 0.944547951 1.52533937 1.47168148
    0.624577343 1.44629037 0.900427818 0.91791141 1.17255151 1.25979602
    1.59178329 0.942413449 1.13906574 0.796272397 0.863190353
    0.954109311 0.843825102 1.49717879 1.56834686 1.33307087 0.739490509
    1.29654729 0.812013686 0.809432566 1.4532932 1.37387252 1.37403023
    1.19398689 0.83150053 0.748746336 1.23842525 0.780403852 1.0115279
    1.55021405 1.47725821 1.40732324 0.71301049 1.36337936 1.02035546
    1.56330013 1.48529387 1.45869052 0.714549839 0.896274626 1.28511786
    0.60281229 1.28048778 1.30902457 0.768550098 1.552724 1.52776527
    1.03687608 0.656565487 1.50565422 0.63338536 1.38975954 0.671051621
    1.45410109 1.33366191 1.54796302 1.60110629 1.37573647 0.841678321
    1.28433669 1.64367056 0.758142531 1.37698281 1.49465907 1.49632192
    1.18337297 0.634635985 0.979558706 1.03699088 0.663804293 1.18038094
    0.687566876 0.847877264 1.15337861 0.855510592 0.886436462
    1.17004812 0.778106928 0.571949363 1.00909102 1.31831765 1.59777927
    0.869623244 0.911882579 1.22136414 1.35619104 1.21306431 1.57215679
    1.48992288 0.746923804 1.14059305 0.787341475 1.34929085 0.994386792
    0.644531071 1.34302092 1.03461945 1.55134034 0.64448458 1.01682591
    1.22572744 1.51434922 0.653149664 1.25802469 1.56531429 1.09732521
    1.41437018 1.12105095 1.08885205 0.685383797 1.58517635 1.26635575
    0.658191025 1.51518202 1.16025484 1.45251131 1.23690736 0.999377966
    0.968701303 1.30591071 1.45917451 0.801257014 0.927395582 1.20149219
    1.00555205 0.880105495 1.47626126 1.10027838 0.844223619 0.717876554
    1.16050518 0.961616695 0.727010071 1.25820541 1.54046774 0.711323977
    1.10374761 1.0707438 1.46582544 1.50846672 0.785927951 1.3143847
    1.23039639 0.677974343 1.38486135 1.57409978 0.626816392 0.737692535
    1.13979459 1.37454617 1.59882581 1.51087105 0.850191176 1.55943561
    0.919482827 1.10353863 0.828479648 1.08685315 0.676668346
    0.839237273 1.2692908 1.31593347 1.05786765 1.59916687 1.45283031
    0.938745737 0.863789856 1.37938273 1.11300933 0.897252202 0.71512574
    0.687297761 1.17411244 0.729349554 1.56612694 1.34150636 0.739324629
    0.934758663 1.14227247 0.948927224 0.758112192 1.33134639 1.16736054
    1.22246289 0.654286563 0.93901813 1.21790326 1.53095257 1.00145817
    1.50859106 1.14348495 1.47154284 0.742049038 0.848323107 0.619744241
    1.25885808 0.921124578 1.23432183 1.09602034 1.2696799 1.06556261
    1.04999185 1.00626504 1.13929617 1.20539141 1.16757703 0.658585966
    1.17847884 1.62429249 0.730818748 0.857112288 0.966184258
    0.970444977 1.49723518 1.3033638 1.46342599 1.47591281 1.58085227
    1.04130864 0.908845305 0.850702584 1.55544782 0.640794754
    0.880756617 0.873007536 1.30108881 0.995111465 0.707248092
    1.03567421 0.88674593 1.14471793 0.669032931 0.610830724 0.933124125
    0.875503302 0.750654221 0.742372632 1.35175049 0.938957512 1.5026089
    1.33081031 1.28186679 1.22515166 1.49233854 1.06047916 1.14442539
    1.59915769 0.996911824 1.33170366 1.47372544 1.23886013 0.741701007
    1.13747096 1.20690095 1.20154977 0.742498517 1.40387654 1.06626451
    1.51737201 1.48292089 1.22241127 1.0324614 1.20025182 1.14572072
    1.28893173 1.55566955 1.09689498 1.37141275 0.761079311 0.939713657
    0.876972139 1.2826767 0.910103679 1.02206838 0.846633315 0.734584928
    1.0719353 0.964247584 1.02292395 1.17146206 0.890287817 0.882599831
    0.853521824 1.43045473 1.12334836 0.740964472 1.56663358 0.878142893
    0.638968468 1.49811327 1.01964402 1.23956132 1.00771511 1.23405313
    1.2160548 1.28081369 0.822307944 1.25986671 1.35557437 1.39233816
    1.37440634 1.34265506 1.27635872 1.39409566 1.54388213 1.50971222
    1.60764921 1.03501749 0.634440184 1.46367109 1.03853643 0.760285318
    0.887105465 1.34598589 1.22455966 0.759926081 1.03085303 1.24060154
    0.614766896 0.737677395 0.579565048 1.41146159 0.876317441
    0.83540684 0.799910903 0.841415465 0.417369157 0.619773805
    0.379200786 0.880333126 1.04434741 0.502560556 1.14128447
    0.791270018 0.576169252 1.1827873 1.34331203 1.26500916 1.04655647
    1.4601692 1.16348147 1.07789886 1.48488522 1.07451713 1.07862878
    0.666201591 0.665080845 0.904576898 1.10495424 1.1455245 0.87684691
    1.27975416 1.2698313 1.4528662 1.23319423 0.761074305 1.46042252
    1.05291069 0.669141591 0.646378279 1.41632807 1.03355968 1.25979006
    0.795448899 1.54732621 1.32225418 1.33826685 0.768053293 1.30707371
    1.39304793 0.833450675 1.32932818 0.656631231 1.12336493 0.92869705
    1.2078985 1.07395506 0.935525835 0.777891159 1.54428411 1.22213638
    0.875016689 0.952815592 1.20280218 0.784267068 0.839605927
    1.08205295 1.46820748 1.14857161 1.3288914 0.981350243 1.40191245
    0.981858194 0.837852359 0.699590862 1.43205416 0.755493343
    1.48490095 1.58070362 0.642865181 0.649627507 1.18857336 0.846316457
    0.894081891 0.859226525 0.861296237 1.40345979 0.851293564
    1.12104571 0.797362149 0.68857944 1.09579337 1.00478756 1.1557585
    1.01432574 1.10998726 0.8443923 0.651880562 1.41790342 1.56456411
    1.45341218 0.894221008 1.13760483 0.695382059 0.884133756 1.04116476
    1.49602604 1.46071255 1.49146414 1.35458958 1.55831254 1.59401524
    1.5898093 0.89066565 1.09852087 0.725955486 1.60675132 1.56516683
    0.625111282 0.623449445 1.47344172 1.25845718 1.16084301 0.90495193
    1.36056793 1.03790176 1.04495513 1.50492656 0.777369916 0.852091372
    1.01821482 0.684312642 1.39481008 1.06475043 0.860698283 0.97749573
    0.868228912 1.1929394 1.08452606 1.23720777 1.46147728 0.744720221
    1.003546 1.36210239 1.5577476 1.13611448 0.773242354 1.48505962
    1.15474772 1.33551204 1.51417696 1.0197916 0.86616838 1.6071105
    1.11362445 0.753790319 0.762401462 1.20263433 1.49277163 0.638362348
    0.630342782 1.20669127 1.17330945 0.731987119 1.51937401 1.44515121
    0.680571914 0.956412673 1.19128168 0.951301217 0.728351235
    0.670701861 1.25780296 1.42834353 1.20109737 1.37196624 0.824584067
    1.12581778 1.47600782 1.06028605 1.10772932 1.02147961 1.20891893
    0.970334291 1.01733983 1.4803834 1.14421415 0.65343684 1.18444848
    0.736080706 0.673328459 1.21587729 1.58877099 1.1559056 1.44656372
    1.40150142 0.732361972 0.646670401 1.1373477 0.881782532 1.10734844
    1.24537039 1.2802726 0.997442663 0.738294721 1.5593977 1.02901459
    1.46117878 0.759181976 1.61557233 0.699815214 1.47137165 0.857061625
    1.11660838 0.677136004 1.04445958 1.32543719 0.92841506 0.750746131
    0.707804561 1.12473738 0.70651567 1.3820585 0.598877609 0.937152922
    1.34032452 0.636293948 1.2288487 0.788424015 1.26978016 1.08441341
    0.679374218 0.743194461 1.04666924 1.071015 0.609797001 1.39401054
    1.3008194 0.654133201 0.769178212 1.298563 1.37550235 0.967674613
    1.11356962 1.5951314 0.925448239 0.762521625 0.998156905 0.900311589
    0.803190351 1.34191382 0.996947587 0.839697182 1.50238585 1.40473616
    1.42570508 0.888303995 1.33998835 0.911300182 1.33826864 0.678903043
    0.961480319 1.2764436 0.912945092 0.709656656 1.04815328 0.97544831
    1.13220525 0.912792504 0.559705734 0.772973597 1.28579497 1.34713316
    0.731008232 1.40202546 0.820037961 0.97087723 0.707679152
    0.777615428 1.3450582 1.62277842 1.13151896 1.28738332 1.43785346
    1.56132889 0.871109068 1.38749254 1.19001663 1.21279097 1.02109575
    1.03367627 0.672192991 0.83777529 0.900868535 0.898236632 1.18456662
    0.707004249 1.36622512 0.86956197 1.42466187 1.52195358 1.23436069
    1.49532747 1.14921927 1.09511232 1.08119643 1.31286609 1.35286438
    0.642626643 1.15668702 1.56839895 1.11208916 1.52911365 1.10188258
    0.653946638 0.74304539 0.958239794 1.52172732 0.917625606 1.5111165
    1.2579571 1.40714264 1.01484168 1.41512668 1.52680159 1.10350358
    0.839966059 1.4379251 1.08548355 1.27852011 0.783262193 1.47036898
    0.922862351 0.848587871 1.22424507 1.04605615 1.074808 1.19064474
    0.674146652 1.12905061 1.47971392 0.78257364 1.02079725 0.768134654
    0.836329639 0.745029569 1.09124768 1.13731122 1.03270364 1.36692297
    1.48044682 0.96182096 0.873603284 0.887645423 1.35967469 1.32728446
    0.63574332 0.903240979 1.47847664 0.678229928 1.07016528 1.46793532
    1.27624679 1.28965521 1.38125587 0.941529632 1.0642072 1.54642236
    0.641114116 0.861505926 1.2541368 0.745127559 0.857819736 1.4702307
    1.21744001 1.5906812 1.20971513 0.617826045 1.02535105 1.1611129
    1.39671636 1.51671028 1.49539137 1.50706065 1.39226532 0.579558372
    1.34866548 1.39662266 1.08546853 1.51987731 1.21201336 1.18200457
    0.862046778 0.657326043 0.8217296 1.37560737 1.43375039 0.961965322
    0.868815005 1.50108111 1.61125517 1.2051636 0.843625009 1.41220868
    1.62622297 1.18686068 0.683949471 0.861318886 1.30735528 0.965860546
    1.4929719 0.718975365 1.02211928 1.39228618 0.880782604 1.13388085
    1.24705732 1.54184151 0.830817938 0.688128293 0.853989661 1.56784225
    0.721100032 1.56990027 0.614293039 1.57220614 0.900258362 1.14931619
    0.741239488 0.735008478 1.46611416 1.32887971 1.51907516 1.10247004
    1.49205267 0.800085425 0.71205014 1.41947019 1.4034555 0.828319609
    1.10902309 0.997067034 1.10363948 1.37285888 0.986855268 1.57011116
    1.584185 1.39090323 1.1534127 1.41444099 0.772464097 1.39536595
    1.19208884 0.943165064 1.341061 1.5322001 0.720722437 1.33592772
    0.664348185 1.15606487 1.34477282 0.951865077 0.677512944 1.3076551
    1.09487557 1.55333471 0.864147246 1.30214715 0.717701793 1.21112967
    1.55376005 1.05057812 1.08526218 1.23679233 1.53160369 0.995952308
    1.23537302 0.929818988 1.36219049 1.54591167 0.659389853 1.1107986
    1.25602245 1.53396726 1.37763536 1.46130335 1.06207645 0.852715969
    0.624122262 1.04420781 0.744148493 1.18944514 0.837275743
    0.691536188 0.627759933 0.768294573 1.19849992 0.761527598
    0.818213999 1.26442921 1.2276206 0.827618241 0.637318492 1.51685083
    0.760220289 1.46457446 0.927273631 0.677971363 1.20639932 1.43579137
    0.643016517 0.872475386 0.999666214 1.41850173 1.03928947
    0.705159962 1.00237131 0.692225873 0.591488957 0.664850235
    0.826432407 0.853749752 0.665842116 0.982343256 1.47451854
    1.17736888 0.847021699 1.2380538 0.8941167 1.3861208 1.27112329
    0.983684182 1.41353655 1.16802931 0.920985579 0.896202087
    0.843832493 1.28595281 1.29935038 0.782818735 1.50672495 1.32263386
    1.0379163 1.46752155 1.04655504 0.905930698 1.51435864 1.25642502
    1.43121779 1.41859519 1.17384207 1.21015716 0.875388682 0.912944198
    0.90924716 1.48172784 0.919434249 0.607646108 1.29010665 0.768990219
    1.48930955 1.23733759 0.710717916 1.44632649 1.60238469 0.886231899
    1.43749058 0.98257941 1.42116857 0.679034591 1.18542016 0.814462185
    0.874056339 1.35994649 1.39085853 1.35704565 0.966178179 0.775028646
    1.26242149 0.794623554 1.50269139 1.33912897 1.05751204 1.45723557
    0.828093708 1.22268867 0.68882972 0.739416897 1.56562698 1.2330668
    1.47994602 1.04649758 0.744938791 0.88258177 0.774732709 0.6986534
    0.795104802 1.57444608 1.0592916 0.831438065 0.643746853 0.699074924
    0.831959128 1.22867262 0.928729236 1.52074254 0.910431206 1.53487623
    1.40815437 0.874274492 1.23948812 1.09079635 1.24336219 1.22310996
    1.58311558 1.09250033 1.54011464 1.37625015 1.40003347 1.18668163
    1.0265168 1.09624529 1.35421717 0.92602098 1.59476161 1.36504769
    0.80946511 1.12585413 1.39267361 0.713485241 1.47323012 1.43889821
    1.51357198 1.15350711 1.3041569 1.57675672 0.856734216 0.806439519
    0.692645371 0.637343049 1.29636562 0.783477128 1.0248282 1.01935887
    1.27779615 0.568028092 0.659349799 1.33690536 1.11181092 0.826193333
    0.873040497 1.04717457 1.61010063 1.33366704 0.976207674 1.29699767
    1.43405783 0.737006068 1.23750055 1.32578146 1.50020623 1.42194736
    1.36803854 1.4493711 1.31712103 1.5161674 1.5617764 1.00713956
    0.722464144 1.18992651 1.08182347 1.31679392 1.19329381 1.48778379
    1.55864513 1.5342958 1.52452469 1.14776981 1.06726027 0.798055351
    1.51518703 1.07271469 0.645226955 1.04301596 1.48056757 0.850528657
    0.790074229 1.35749722 0.770670831 0.829814076 0.816657066
    1.11294293 0.969012499 1.25891709 1.24678791 1.35998213 1.17144418
    0.886569858 1.57784843 0.967289925 1.53614795 1.15143275 0.936617851
    1.09623289 0.93137449 0.928849399 0.685149252 0.652877569 1.33947492
    1.35805666 0.990590155 0.888259411 1.03955054 0.790397823 1.32037222
    1.17618096 1.38583958 1.32485795 1.29963768 1.61365771 1.53838444
    1.15255105 0.85710907 0.679457188 0.669971526 0.91506356 0.770623505
    1.57182777 0.846856475 1.34939325 1.23365963 1.44600725 1.35642135
    1.54042244 0.703019381 0.68619132 0.84573108 0.998378038 1.20396054
    0.738198578 1.35892081 0.666759312 1.27687585 0.72979027 0.779455125
    0.59327817 0.882780552 0.88980633 1.34602094 1.27032614 0.948011637
    1.32888103 1.58149147 0.958272934 0.733767331 1.4276228 1.07400167
    1.15638864 1.38577342 0.993517995 0.646885097 1.62081039 1.18120408
    1.05227613 1.17720461 0.735656142 1.05748212 1.57739592 1.00508583
    1.04691732 0.928194165 0.548141301 0.639950812 0.517501831
    0.378784746 0.96356827 0.518654227 0.870427787 1.21640801
    0.910574794 0.576577842 1.06326032 1.38260567 0.703926384 1.51253295
    0.737459838 0.881422997 1.35389352 1.44477451 0.962043643
    0.938497663 0.986230969 0.920745313 0.829153717 0.995043278
    1.40008056 0.89768219 1.04239476 1.59384847 1.12488854 0.719614267
    1.07511854 1.09654546 1.5419904 1.06553507 0.934197783 0.971995831
    1.46686089 1.02360737 1.38579679 0.974529207 0.621741056 0.932049394
    1.53171122 0.676504791 0.738962114 1.13165689 1.26001143 1.54900491
    0.97233057 1.16833627 1.45340705 0.862197876 0.747300804 0.93172133
    0.73778373 1.53343141 1.05559433 0.813568771 0.992939532 1.57100415
    1.54881537 1.27717066 0.778436899 1.55160713 1.01595652 1.33895779
    0.632586539 1.15730822 1.1185478 0.832765818 1.0009737 0.954768598
    0.786402702 1.05792975 1.09157133 1.36878335 0.810457051 1.50985324
    0.677641571 0.696236908 1.42155302 0.769425452 1.31363165 1.55156505
    1.20097852 1.02009571 1.60949469 0.893767416 1.36612666 1.10345292
    1.07497001 1.5025326 1.37480795 0.968058467 1.10033584 1.37574458
    1.05439067 0.717649877 0.6039536 1.31368697 0.648047745 0.894184768
    0.618502975 1.14962745 1.1629082 1.03307772 0.900114894 1.03755438
    0.717192113 1.31525743 1.12103164 0.926332355 0.817162216 1.05970478
    1.24255383 1.23397946 1.46727955 0.632772863 1.5697881 1.56189144
    0.615464449 0.972735941 0.575156808 1.446486 1.11222184 0.867437661
    0.567490458 0.591393054 1.11286807 1.07479537 0.804305971
    0.736341596 1.31028938 1.43819809 0.791503072 0.758881152
    0.968259633 0.938372195 1.34970558 1.4445169 1.57767117 1.12470114
    1.55681813 1.31435513 1.14398396 1.33410823 1.10040116 0.65995729
    1.42566955 1.3304826 1.55562019 0.871216536 0.712090313 1.40161705
    1.62856114 1.13605285 0.67597419 0.86656189 0.759864807 1.19257903
    1.00653481 1.5219152 1.35480046 0.674473643 1.06708395 0.760441065
    0.713714719 1.00095665 0.896767914 1.57374597 1.17706275 1.04731429
    0.81450063 1.5331434 0.769107044 1.34785914 0.717433274 1.33534276
    0.658484995 1.30189073 0.929962039 1.14307952 1.07480454 0.988311648
    0.75243628 0.72953862 1.44899487 0.989284992 1.60041547 1.34480739
    0.985506177 1.15997946 1.2356658 0.877628744 0.70861423 1.18577552
    1.23215687 0.935677946 0.745016396 0.95655632 0.610458255 0.81794405
    1.32941949 1.50730538 1.56816149 0.768755794 0.995028019 0.991774797
    0.971304476 0.7545892 1.33118379 0.948670387 0.645121336 1.54573083
    1.44208515 1.29697931 1.33820152 0.928070724 1.58282411 1.03752315
    1.15322816 0.830524683 0.60515517 1.30394304 0.858572841 0.92356056
    1.23750198 1.19200993 0.995054483 0.903621912 0.59859705 1.09774935
    1.00638211 1.2710402 1.502033 1.16673863 1.43122959 0.897945344
    0.87539494 1.17914033 1.00638425 1.44638407 1.49719942 1.52056611
    0.943880677 1.32235467 0.944108248 1.24337327 1.61995518 1.38784277
    1.31377721 0.776043177 0.572952628 1.16809118 1.40646994 0.610113144
    1.2784183 0.550463259 0.737463355 0.627558589 0.527248979
    0.770141721 0.505353332 1.26968634 1.39674306 1.34801984 1.04973865
    0.798418462 0.699744523 0.777961731 1.35896587 1.13395131 1.45255744
    1.04260802 1.17457724 0.903084159 1.00537515 0.822456121 0.900639474
    1.3512094 0.877154171 1.42389178 1.35725021 0.793087423 1.33472741
    1.38456559 1.26097405 1.33715427 1.57326674 0.760580957 1.2851398
    0.876825094 0.843571961 1.35381603 0.934644997 1.32902324 1.4879142
    1.04991937 1.56421733 0.834648192 0.788075984 1.53304124 0.653978229
    0.983851492 1.26224041 1.29048157 0.894699752 0.617543399
    0.939278543 1.3460294 1.59964561 1.6176616 0.980088949 1.62483025
    1.5801661 0.720894575 1.2810849 0.787611902 0.826267183 1.56970429
    1.26671684 1.0680989 1.45416152 1.33889616 0.903976917 1.3593086
    1.1359868 0.623551488 1.12774909 1.49419713 0.661588013 1.50505984
    0.652061701 0.922657609 0.849688053 0.833225608 0.95194608
    1.09272993 1.01246619 1.11823916 1.18828166 0.775071681 1.2937386
    0.962589622 1.01727486 1.12785935 1.21974325 1.17609143 1.55725741
    1.465464 0.861275375 1.04208231 1.25486469 0.886894464 0.783691823
    1.22715235 0.661714137 1.11896551 1.16564929 1.38333094 0.930225313
    0.755215943 0.752008677 0.874482274 1.3431561 1.11911011 0.952228963
    1.60424292 1.15831757 1.3523289 0.978537083 1.56978071 1.29854763
    1.57186723 1.03930116 1.39744639 0.819626331 0.586456537 0.921568036
    0.874982059 0.696837008 0.94519645 0.756934285 0.81068635 1.0487864
    1.15515101 0.730959654 1.07266283 0.907220066 1.54320371 0.846792519
    1.19520485 1.55499995 0.793892503 0.861625195 1.6254648 1.02130973
    0.988137245 1.34683728 1.62119317 1.30924308 1.27418971 1.38131177
    1.56349647 0.825220466 1.64912307 1.53949702 0.754312396 0.927839696
    0.740851939 1.5059644 1.26719952 1.47569227 1.02045667 1.05097997
    1.5417769 1.106552 1.2077632 1.28653145 1.02461445 1.21257758
    1.35468841 1.04503369 1.21796083 0.633014441 0.613191903 1.44780219
    1.5812763 0.724683762 0.608769178 0.877905011 1.05289352 1.2521894
    1.23875105 1.39612103 0.980813146 1.1242615 1.32666647 1.12805104
    1.19010198 1.24092472 0.650403857 0.664948523 1.23932576 0.978064656
    0.912575066 0.940315783 0.755420804 1.2337116 1.20198607 0.922896981
    1.4128207 1.57834959 1.00577497 0.830459416 1.51459229 1.25607741
    1.19680178 1.44563329 1.09278262 1.51797462 1.58491504 1.43381643
    1.49422026 1.4935286 1.05797791 1.01081967 0.95168072 0.819440842
    1.36111307 1.10863483 0.678624153 1.45521891 0.80227381 1.51907802
    1.01259005 1.60301101 1.19540536 0.737405598 1.44374192 0.953639269
    1.28553426 0.794798374 1.05842757 1.12680638 0.789945364 0.645676732
    1.4595809 1.43970215 1.15450668 1.25397587 1.41595352 1.20234084
    0.766251981 1.13836145 0.805373847 0.827115297 0.867873669
    1.43901432 1.40798569 1.48056424 0.729347587 0.956084549 1.47873461
    0.653573334 0.892620146 1.41847885 1.4571135 0.909217358 0.694667697
    1.16624463 1.08239448 0.542274356 0.431386679 1.07079148 1.18890917
    0.728176713 0.461691886 1.09340274 0.731911898 1.23311877
    0.721741259 0.678922713 0.580353618 0.677662849 1.06276596
    0.697110415 0.813786685 0.725602865 1.40601516 1.54239082 1.4319458
    0.713105202 0.921140373 1.62411511 0.841140151 0.984234393
    1.40726769 1.08426547 0.683043242 0.731727958 0.851955116
    0.726991415 0.669479728 1.30834544 0.721499562 1.27693284
    0.621948838 1.1182344 1.03217089 1.45178807 0.921292067 1.16484237
    1.09090006 1.35385776 0.90929234 0.957626343 1.07237458 0.884450674
    1.45951283 1.06921101 1.40345824 1.46612191 0.71441406 0.811628997
    1.3518995 1.52137792 0.633088231 1.3338691 0.640005171 0.954115689
    1.39087689 1.55892348 1.42018938 0.741860569 0.819895566 0.968889356
    1.12051785 0.815853655 1.00638473 1.27702951 1.29622042 1.18796086
    0.945771992 1.40531039 1.35294628 1.26097238 0.708135784 0.632336318
    1.43845129 1.00152647 1.47287071 1.07876897 1.00493777 0.709513605
    1.02108264 1.07929134 1.4673903 1.52755225 1.43095982 0.985936284
    0.971662283 0.621920168 0.853389144 0.696026266 1.22180462
    1.28571022 0.769524038 0.672974765 1.43157363 1.58679211 1.11535048
    0.833540022 0.897984028 1.46881831 1.48078024 1.25849283 1.21939123
    0.990448713 0.834827363 0.999162138 1.2087642 1.15571201 0.689546406
    1.34279776 0.652478993 1.54299402 1.10768235 0.62730211 0.6229949
    1.0550518 1.43740225 1.49382222 1.44728661 1.08247018 1.17270482
    0.982301235 1.00149512 0.929433048 1.44646728 1.32903528 1.03158903
    0.834464788 0.662420094 1.35623956 0.77031076 1.53590786 1.56985748
    0.688373327 0.680194259 0.946688592 0.688599467 0.77220577 1.6580317
    1.52573729 0.896789253 0.942178369 1.24975359 0.916330516 1.4673382
    0.968638241 0.669558167 0.694187105 0.937315702 1.48068058
    0.66905123 1.44480062 1.22355127 1.50602639 1.33169615 0.94564718
    0.720403612 1.52423692 1.31078207 1.0014832 0.82532835 0.784880936
    1.3218596 0.601895392 1.1453017 0.673090696 1.02119243 0.987480104
    0.824554741 0.932909429 0.950062931 1.07390976 1.50109923 1.47752953
    0.985993743 0.712824821 1.14694917 1.48185647 1.29186738 1.09722936
    0.83306241 0.7418257 0.831761777 1.37009799 0.67417562 1.04307961
    1.57689571 1.60500264 1.05646837 1.07778454 1.45762873 0.612046301
    0.958355844 1.35715151 1.14614248 0.838461161 0.764993548 1.08539963
    1.18042314 1.4643302 0.676254451 0.89629364 1.1003679 0.914270818
    1.18239284 0.806087315 0.765363455 1.24639213 0.697564542
    0.969429493 1.39832735 1.51610088 0.903254271 1.31242478 1.52273095
    0.966057777 1.0968318 0.876822948 1.44498825 0.957870901 0.91165626
    1.2414248 1.03300726 1.58081925 1.25354922 0.736427069 0.643173337
    0.909668446 0.606691718 0.622761786 0.872720599 0.648513019
    1.38827682 1.19987166 0.83738935 1.19513357 1.40540135 1.491575
    1.01846337 0.945824385 0.968047082 0.951443553 1.43455827
    0.786731601 1.35299098 1.35572135 0.839557588 1.05020547 1.02855396
    1.00696623 1.02149618 0.879324317 1.1068294 1.12615967 0.972422957
    0.884649098 1.05167985 0.736656785 0.533756316 1.07201874 1.05135381
    0.836363554 1.49694216 1.2833513 1.12019265 1.08861244 1.45881069
    0.899888396 1.27161396 0.962583244 1.16329491 0.940380096 1.51163864
    0.995715737 1.24896944 1.1024313 1.32951093 1.2742902 1.18975794
    0.682237267 1.14575219 0.685976028 1.33317018 1.26030087 0.96307683
    1.43373501 0.930024922 1.08827245 0.801612318 1.41057611 1.54603493
    0.957088888 0.817343771 1.5352459 1.44017792 0.889616787 1.28185499
    1.12085807 1.34562278 0.732139409 1.32087862 1.35766542 0.966888309
    0.652359188 0.663188219 1.06272411 1.1189785 1.61502874 1.23280048
    1.11881149 1.17988396 1.43676722 0.761229873 0.87197727 0.749344766
    1.31574178 1.2832073 1.39758468 0.925843477 0.875348568 0.693623006
    1.2395885 0.653173387 0.831194937 0.975103676 1.17583835 1.10469389
    1.27280533 0.92463702 0.804173708 1.15427315 1.26798344 1.16560853
    0.613797188 0.917791605 0.684089959 1.05298817 1.59996116 1.26032364
    1.331249 1.22262907 0.672099173 0.772452712 1.27614641 0.642510116
    1.03469169 1.22013831 0.77749598 1.16013122 0.726402402 0.703362346
    1.08592451 1.49079061 0.658666253 0.919961035 0.978950262 1.53207636
    1.30190504 0.76314646 0.986852586 1.37752509 0.739730418 0.89697361
    1.49989116 0.731124341 1.33178127 0.944461644 0.70140332 1.02248335
    1.01274848 0.912802815 1.48502612 1.08039761 1.3369801 0.61507684
    1.13174975 0.651324272 0.711895645 0.649900079 0.716392994
    1.58673084 1.46242356 0.958954871 0.937274098 0.662964702 1.56330287
    1.30101979 0.986733258 1.5494765 1.14089704 1.4565345 0.805777371
    1.54130149 1.51940608 0.986283541 1.44941759 1.35320282 1.60938692
    1.06091785 1.54140198 1.14598823 1.59171426 0.816113889 1.56051433
    0.923885882 1.51746619 1.26349807 1.58243811 0.78643769 0.716367424
    1.36971533 0.604264855 0.847666025 1.01789427 0.87077564 1.15616441
    1.20876384 1.03695154 1.12659049 1.0251739 1.0770936 1.17389655
    1.08939016 1.28413486 0.754946411 0.901173353 0.917111397
    0.778306186 1.45716882 0.929812729 1.0201093 0.64330554 1.59170794
    1.49779451 1.02361608 1.09999073 0.80965668 1.33373034 1.49629927
    1.09586751 0.791251063 1.58198929 1.15731406 1.33863223 0.704426348
    1.02394414 1.25940907 1.32577896 1.04774725 1.21262562 1.21913481
    1.03232169 1.33729053 1.11761677 1.46103597 0.986220598 1.09202421
    0.771333873 0.747442544 1.42655063 1.20220387 1.48385489 1.52001512
    1.21600521 1.63010001 1.59621251 0.743813038 0.908267975 1.20307803
    1.21533978 1.28563237 0.754121244 1.20282912 1.10304511 0.703835011
    0.628693581 0.747110307 1.18558156 1.38954258 1.26698291 0.658666492
    1.39362633 0.883104324 1.52314627 0.923541188 1.09271812 1.59295034
    0.689339876 0.955855131 1.18071032 0.825404227 0.858359575
    1.02688444 0.937264144 1.47504485 1.0081085 1.41114748 1.35360444
    1.3746084 1.30841506 1.29342651 0.889995813 1.0094645 1.48052108
    0.708318055 1.09978724 1.34701777 0.845542789 1.14108145 1.19833803
    1.31279159 0.531980813 0.864220738 1.08102 1.06697655 1.13820827
    1.39321148 0.70456028 0.901496828 0.945819378 1.53347123 1.0252744
    1.48608649 1.36045086 1.39464366 0.663621366 1.57936299 0.731252193
    1.26194441 0.714373946 0.898545384 0.797636151 0.841984808
    1.37348986 0.859984875 0.650171936 0.792374551 1.13538885
    0.851332128 1.3203336 1.55685401 1.05076504 1.29907775 0.682826102
    1.49184561 0.623698473 1.01819742 0.747358024 1.28355324 1.53824961
    1.34162271 0.843664765 1.17915797 1.00792027 0.651765287 1.18526483
    0.797523379 1.42731249 1.34802639 1.23107219 0.973198414 0.859027803
    1.13468349 1.25761223 1.48767483 1.16612995 1.49560308 1.40337133
    0.921174169 1.39240098 0.716431558 1.27476215 1.27972591 0.979415059
    1.39605033 0.803307056 1.36172426 0.93549484 1.22474766 0.747727275
    0.814431369 1.44507635 0.861466646 0.995452225 0.799562633
    0.925156832 1.58441448 0.865635097 1.19053555 1.20100451 1.56746769
    1.53082967 0.814038754 1.22668409 1.40389717 1.29585731 1.4571799
    0.781255245 0.895654142 1.02423215 1.25738406 1.52479696 0.985311151
    0.711484671 1.39982891 0.711329758 1.42481041 0.904851913 1.14689338
    1.28855646 1.18947339 0.870037317 1.2728132 0.72209537 1.06715178
    1.6069392 1.18374836 0.659055352 1.09758174 0.82072717 0.990473568
    0.653252482 1.40828168 0.625055313 0.951755941 1.29216123 1.20125055
    0.659194112 1.03486037 1.415501 1.00885201 1.12187254 1.07898462
    0.61774528 0.672407448 1.00302434 0.880749583 1.16910446 1.27352679
    1.01780534 0.815768003 1.11826384 0.862843096 1.25177217 1.08576798
    1.51982594 1.12797606 1.38270688 0.791301787 1.19329464 1.40990293
    1.45564461 0.709247887 0.996094227 1.18266737 1.15096176 0.933743
    0.789665639 1.53339839 0.860259712 1.51033807 0.998602271 1.02850604
    1.53567088 0.704767406 0.671056151 1.02664661 0.89719224 0.893488288
    1.17000616 1.34002423 1.26404428 1.30846262 0.735678196 1.26015854
    1.16824472 1.57262433 0.861948907 0.662567317 0.814321101 1.09379458
    0.724191606 1.17715585 0.629435599 1.3028518 1.24886906 1.05758905
    0.755420029 1.06754076 1.41037893 0.68980962 1.18738055 1.39502072
    1.31938553 0.838555992 0.968279719 1.22205389 1.10676622 1.18070102
    1.35215807 0.843102038 1.45132995 0.724301577 0.716479719 1.09742022
    1.55346978 1.44800079 1.42246997 1.41912019 1.59414566 1.03947449
    0.824424684 0.91379863 1.26010764 1.37131476 0.776988506 1.49872696
    1.45479226 1.22263026 1.24036241 1.52982748 1.01032972 1.02811766
    0.757169664 0.901917756 0.985547721 1.58641207 1.49340522 1.58473027
    1.08628547 1.03429365 1.244017 1.50855052 1.19382584 1.36864424
    1.3581382 1.02073526 1.23322129 1.55269766 0.985957742 0.845189989
    0.948143005 1.6051811 0.911945701 1.32666147 1.15761483 0.84895432
    1.59446621 1.57680094 1.10036552 0.887613833 1.06941235 1.50400758
    1.1677779 1.62576509 1.30110145 1.05961573 0.675217927 0.871403992
    1.02065384 1.56149983 0.655523419 1.10379636 1.38452017 1.09941673
    1.33479488 0.634261072 0.868493199 0.956025183 1.04933155 1.09553194
    1.02224028 0.903633833 0.754340053 1.31353056 0.985047936
    0.976313412 0.94274807 1.06726372 1.45408738 0.813442707 0.65530026
    1.61684275 1.30144477 1.56796181 1.44109321 1.57205057 1.56843328
    0.728309631 0.707751453 0.867570877 1.15275192 1.26305509 1.41702163
    1.21002257 1.47376823 1.28476191 1.27738428 1.49725962 0.625452161
    1.1901716 1.13505554 0.846007288 0.964335918 1.30284464 1.42946744
    1.22398651 0.8648386 1.32328224 1.12862158 1.60855114 1.05641687
    1.20323527 1.01096737 0.720399737 0.686350226 1.04489636 0.907101452
    1.4983232 0.855018198 1.55190122 0.692987025 0.866540253 1.23978937
    1.35875869 0.822379112 0.71333915 1.24396002 1.15046728 1.2502389
    1.47477233 1.38015056 0.718322933 1.1509968 0.888757348 1.55031943
    0.994199216 1.49016166 1.33939123 1.56491411 1.20742166 1.04853201
    1.57760775 0.975826561 1.29431355 0.610316694 0.770889282 1.28721583
    1.48421991 1.07316196 0.60924083 0.817520022 1.52677667 1.37529624
    0.96622479 1.17044544 1.4876157 0.831459165 0.960327148 0.897161722
    1.37220204 0.876909792 0.863780797 0.796555579 1.42368352 1.55184066
    1.42870998 0.804022491 1.18319392 1.41791642 1.03512728 0.882274091
    1.30805814 0.784068108 1.26914454 1.35282552 1.57356119 1.06392336
    1.24211168 1.5848043 1.22801757 0.97001195 0.603141546 0.771603763
    0.649040461 0.811743855 1.40142763 0.833143711 1.41953552
    0.816869617 1.23532474 1.28227389 0.753257811 1.17599201 1.3654989
    0.739701569 1.36708438 1.04813945 1.10964501 1.08123958 0.716639698
    1.03577805 0.98440665 1.55619574 0.785133541 1.35106659 0.738146186
    1.19599366 1.18872619 1.01856887 0.983141899 1.56914365 1.1710223
    1.12109232 1.1450572 0.798626184 0.717468381 1.31103015 1.22489142
    0.65381819 0.901310503 1.52888083 0.693456173 1.35560095 0.640153587
    0.908374727 0.743499517 1.57119644 1.48008227 1.22149038 1.09288502
    0.918912053 1.46497607 1.3947711 0.813306689 1.42255616 1.51921332
    1.3103081 0.805008769 1.50292575 1.200284 0.884278655 0.949826896
    1.04801702 1.59872901 0.639075756 1.44018662 1.09145975 0.83618468
    1.08404291 0.934896171 1.40671527 0.991813838 1.19614422 1.44156849
    1.23326302 0.684418738 0.659911573 0.763242126 1.09911466
    0.777815819 0.934776723 1.4380163 0.718212485 0.776708484 0.85191828
    1.53200209 1.59485471 0.669947267 0.818876624 1.08890152 0.895015657
    1.02197111 1.08962345 0.887041152 1.16447031 1.32744253 1.36702836
    0.761192679 1.4864769 1.25145555 0.801989317 1.44207084 1.30673909
    1.16158462 1.24566388 1.24682498 0.942299187 1.58729267 1.02680194
    1.28172362 0.619096875 0.676780701 0.877311349 0.74803412
    0.727551162 0.945296526 1.07612824 1.41926479 0.938429117 1.2741493
    0.761562884 1.59132743 0.92124033 0.924289346 1.46013904 1.24445605
    1.55750322 1.15146387 1.21743 0.625656545 0.671824872 0.911231518
    1.51143754 1.3087101 0.754776955 1.41795719 0.928338468 0.932093859
    1.26251853 0.632790029 0.481992573 0.925654292 1.17313933
    0.611178875 0.660851538 0.761701345 0.498173237 1.03645349
    0.470468998 1.46846235 1.09068549 0.842517734 0.959997475 1.21103764
    0.782080889 1.57046998 1.55275512 0.622349977 1.50824666 0.758651257
    0.693018615 1.16646838 1.31399918 1.14870656 1.54289865 0.920020521
    1.30403399 1.11705709 1.49012625 0.658384442 1.09095097 1.45271277
    0.810838699 1.11694241 0.973587394 1.06109262 1.45402062 1.50312972
    1.4990927 0.822239935 1.12340689 1.16257536 1.23066151 1.37582874
    1.20615721 1.02395713 1.58960807 1.14435089 0.914507449 1.58153653
    1.55233538 0.719288588 0.829104722 0.667259336 1.55338311 1.21153665
    1.52334654 1.30429006 0.861734033 0.74434346 1.36414552 0.73070693
    1.33216095 1.51699126 1.21559453 0.987180054 1.30174792 0.80681181
    1.58067286 0.799610615 0.653363764 1.47137368 0.642372847 1.14052844
    1.35646164 0.775963128 1.35422647 1.44418502 1.46033883 1.33649123
    1.25804675 1.48271585 1.12526202 1.50840628 0.705411434 1.0929836
    0.854018688 1.17039859 0.633087814 1.00751698 1.59127617 0.64092499
    1.31142104 0.818108797 1.27329302 1.38636494 1.50628412 0.822536111
    1.33458197 1.50154638 1.46141934 0.689495325 1.19706213 1.44338107
    0.693332493 1.13156331 0.933115423 1.03281581 1.02211475 1.59572005
    0.993970513 0.721509337 1.00916576 0.723906457 1.39745128 1.12069142
    1.2831918 1.2988255 1.10884619 0.953586876 1.0777086 1.00076616
    1.07524312 1.59095395 1.25673318 0.807786644 0.715729654 0.682776749
    0.769533694 1.01229954 0.793348014 1.34360766 1.26939058 0.721551657
    0.962572873 0.811233878 0.821118355 1.08701706 0.943731546
    0.876885712 1.4723326 1.50891304 1.16362655 1.46133518 1.08293581
    1.05294013 0.680131793 1.18340397 1.20122921 0.812955737 0.983015954
    1.61683607 1.2099762 0.998474777 1.34339654 1.0936687 0.822281599
    1.51712787 1.07224083 1.50832725 0.905385435 1.54769266 1.45731008
    1.07917559 0.700962603 0.636896014 1.14622808 0.615626574 1.11139977
    0.779358447 1.42655647 1.5738095 1.09926379 1.17721057 1.42159557
    0.75815922 1.53786254 0.801195085 0.777117372 1.55510867 1.21397209
    0.986927152 0.69007355 1.51699054 0.755607069 1.45154274 1.11867034
    0.857246578 0.864712 1.25620019 1.04730117 1.03505778 1.27188754
    1.29842496 1.10784578 1.24619973 1.06217885 0.631977856 1.06158972
    1.43633842 0.74434799 0.838256001 0.962820172 1.00697863 0.632000327
    1.54776382 0.934620023 1.14124811 1.14838898 1.24016774 1.07936919
    1.15138388 1.02778673 1.33299363 0.706707656 1.32389998 1.11683071
    0.860233843 0.842763603 1.40711331 0.792628884 1.25541854 1.19909561
    1.03576088 1.37637842 1.27032244 0.894052148 1.25716734 0.647639275
    1.48332441 0.615835369 1.02500927 1.5747261 1.52814507 1.42185259
    0.62262249 1.13076711 1.50326359 0.689995706 1.06868839 1.02255416
    1.03424609 0.857458115 0.894797742 1.36683357 1.31444502 1.47340918
    0.935667396 1.08357692 0.954031825 0.674105763 1.24763799
    0.792233586 1.30497479 0.583363295 1.39734602 1.29900038 1.13674581
    0.783762932 0.590971112 1.03257287 0.636405826 0.845601857
    1.35893118 1.32940996 0.964872599 1.11351681 1.1240263 1.3141042
    0.835356295 1.18978488 0.842431009 1.58523059 0.856785119 1.11638355
    0.684366524 1.24804318 0.778983057 1.04577065 1.47947323 1.04132831
    1.31831396 1.03524709 0.988300443 0.884780645 1.09168363 1.45285845
    1.52974844 1.61590028 0.91128844 0.64633441 0.986101508 0.708730698
    1.44901264 1.07018733 1.33155859 1.02605665 1.14902198 0.842939436
    0.628139496 0.795613587 1.42016268 0.676273227 1.16152799 1.47014356
    1.44274497 0.747576118 1.41826713 0.629427254 1.58885336 1.12161577
    1.12276971 1.16696298 1.52388334 1.31418777 0.750724018 1.16899562
    1.5471071 1.28783894 1.11656606 1.55640364 0.833066523 1.40189672
    1.51621532 0.647371292 0.657868743 1.23693311 1.36614633 1.55104518
    1.19698811 0.767810047 1.11321759 1.21556437 1.1886369 0.735532939
    0.668854058 0.945526004 1.59219289 1.03512514 0.852139592
    0.856683016 1.53563142 0.843758225 1.00553179 1.09518421 0.994463801
    1.37239814 1.51090145 1.16272283 0.715715647 0.681249499 1.00612783
    0.698565543 0.945746899 0.715595245 0.719970524 1.25408351
    0.649943113 1.09338105 1.19695377 1.08483195 1.36328316 1.50343549
    0.986280859 1.25211275 1.4847362 0.714906931 1.53354812 0.94120121
    1.01027143 1.53803504 0.743975699 1.55054188 1.21118283 0.946801901
    0.905442536 1.040627 0.714010119 1.19341624 0.699662745 0.805099487
    1.03795016 1.05703127 0.787746012 0.955897689 0.624035656
    0.892201543 1.09221566 1.07679451 1.17665303 0.710593164 1.22917414
    0.980967641 0.976611197 1.05882454 1.58560216 1.31178415 1.04767764
    1.40660679 1.38989341 1.49872303 1.0898391 1.5103271 1.45009661
    0.707886517 1.05928254 1.31778419 1.34827363 1.49307847 1.26567411
    1.54046965 1.39207983 1.43885994 1.5523603 0.789984822 1.18064821
    1.10567534 1.34148693 1.55852807 0.698951483 1.53013813 1.07307327
    0.789252698 1.38053262 1.53923213 1.55897415 0.652638614 0.806128442
    0.685547054 0.767132878 0.705136359 0.986567914 0.658729374
    0.858974338 0.675477982 1.40995657 1.0181452 0.961976111 0.740017593
    1.02009821 1.48677588 0.777553678 1.26399994 0.861044645 0.919556141
    1.58189023 1.02174592 1.42906213 1.5047158 1.1174103 0.992976069
    0.719628334 0.875062466 0.930717587 1.54099262 0.616298616
    1.29437423 1.13489103 0.720008969 1.03971243 1.39622295 1.23724234
    0.741266429 0.979968011 1.23868561 1.34385312 1.17295623 1.16261292
    1.62920547 0.858302891 1.21872199 0.843432188 0.87459296 0.84696418
    1.53715658 1.42405665 1.04430616 0.924556375 1.26428831 1.08509195
    1.22396398 1.06883156 1.40992343 1.20903075 1.49055457 0.748130918
    0.858866155 1.55773723 0.783568799 1.36187148 0.826754451
    0.825057626 1.49354935 0.678923845 1.44843554 0.631708443
    0.731174469 1.36954212 0.851869464 1.0273242 0.69445008 1.53745556
    1.45577574 1.24957645 0.661183417 1.04780126 1.48807108 0.765696764
    1.57003319 1.24677634 1.14136946 1.39179516 1.20925117 0.822274923
    0.629317582 1.03455937 1.27462137 0.586102307 0.62879914 1.15437686
    0.5467574 1.37965691 1.00322425 1.33718789 0.946743071 1.22448051
    1.51435935 1.23877418 1.5347656 1.37775671 0.939949632 1.60648954
    0.831045151 1.38262296 1.6148212 1.62611401 1.38466227 1.42272079
    0.885865867 1.45210326 1.1815505 1.10678554 0.706176043 0.881265461
    1.28774798 0.761658549 0.807545245 1.57001305 1.02495992 1.11910164
    0.677514255 0.900254011 0.729483902 0.962699592 0.735467792
    1.17544508 1.32145238 1.42713857 0.886068344 1.02661633 1.19712305
    0.965889573 1.10883224 0.999251604 0.823738277 1.33327854 1.5681169
    1.47504878 1.2963382 0.964320242 0.679766476 1.22269785 1.4413954
    0.712646186 0.776803136 1.00625253 1.23793435 1.41293049 1.34817028
    0.813824594 1.54357624 1.1935885 0.919221401 1.51772857 1.34875476
    0.830109179 1.56709325 1.3788836 0.859487712 0.868303001 0.663340747
    1.01963007 0.895886421 1.11547232 1.59282148 1.51817262 0.988098025
    1.06258571 1.03192163 1.43882513 1.3976661 1.33577776 0.816537857
    1.60366583 1.08491743 0.710868597 1.59196711 1.16259468 0.666338801
    1.27262795 1.55288982 1.44078374 1.51681232 1.40974391 0.671785355
    0.932362139 1.2896961 0.858341217 1.32853842 0.731517613 1.33753824
    1.29684091 0.971564531 0.90771383 1.56419325 0.635524511 0.898022711
    0.680751801 1.52418494 1.11372507 1.57207084 1.53727841 1.18171155
    0.655638158 1.54913545 1.03041446 0.715787113 0.654312074 1.29921603
    1.14908087 1.17863739 1.42140818 0.748881876 0.698426723 0.619306087
    1.43435693 0.900384307 1.25975668 0.976164937 1.03917408 1.00224233
    1.37001228 1.56442809 1.59179318 1.55804646 1.14950752 1.27160323
    1.41363251 1.05805123 0.720380485 0.970170259 0.800842047 1.27771437
    0.849164724 1.22801244 1.38747406 1.1287719 1.10575902 1.41667843
    1.40767705 0.941496789 1.58368671 1.40607178 0.742581248 1.29137218
    1.56364584 0.977103531 0.776792943 1.00965273 0.908212006 1.210325
    1.17456841 1.08285725 0.783632398 1.15319109 0.826144755 1.15975785
    1.23083401 0.959799707 1.11087751 1.00950909 1.02275109 1.00670815
    1.48974812 0.995383441 1.31689 1.08666074 0.746638179 0.909162998
    0.762797892 1.14777255 1.37002659 0.758412361 0.898935795 1.5005244
    0.81803751 0.81728369 0.849114537 0.615056217 0.68555975 1.02476728
    1.41495395 0.640312493 1.02290523 0.955096424 0.938392103 1.20412612
    0.853450835 1.06879222 1.5147295 0.767160773 1.05534315 1.29356563
    1.61708701 0.875880718 1.22288275 1.47470295 0.857536495 1.24421918
    1.1934756 0.968649209 1.07381272 1.46458256 1.09206641 0.645613849
    1.51740324 1.41467512 1.21198964 0.790842056 1.10942066 0.784916639
    1.1640048 1.16243422 1.40211856 0.957587361 1.49731553 0.687246501
    1.11950612 1.51763868 1.54217243 1.43863213 0.904293001 1.20953536
    0.718383253 0.688934743 1.30694818 1.45385253 1.18191111 1.40616333
    0.89364785 1.61706376 0.682534873 1.55828679 1.01266408 1.38999379
    0.959287405 1.22412908 0.926256597 1.32676244 1.07482827 0.375361532
    0.876036227 0.792028964 0.69189626 0.545886099 0.482386053
    0.754049003 0.716740012 0.98624742 0.927669823 1.17036414
    0.995580971 1.03195214 1.12788332 0.903211296 1.45908797 0.978825033
    1.14145982 1.22976291 1.42865753 1.13730383 0.739192247 0.987599373
    0.840599239 0.864114344 0.784355581 1.3009094 1.09119534 1.30613494
    0.686146557 0.997677147 1.28820467 0.697932482 1.5143019 1.13527739
    1.48497736 0.808042943 1.52372646 1.0933913 0.814213753 0.61596185
    1.04388845 1.529737 0.749045432 0.665496647 1.11596751 1.10171676
    0.866861284 1.07442772 0.908175886 1.26055837 1.09257925 1.03915524
    1.55211949 0.678937435 0.755377591 1.57267487 1.0722729 1.42092335
    1.00038993 0.975683987 1.13409555 1.16705918 1.27683508 1.07106686
    1.01438665 1.24721956 1.30113828 0.744892776 1.33305717 0.623314261
    1.13013577 1.54847014 1.19182765 1.50428188 1.07877827 0.810276091
    1.26091528 1.4831475 1.57311225 0.887670636 1.62882209 0.736970127
    1.10694587 1.03520322 1.36625719 1.58952975 1.2707305 1.19778347
    1.58732641 0.726431489 1.46240389 0.987725616 0.834182799 1.03527522
    0.849682868 0.847349644 1.16803718 1.36199033 1.1223799 0.871104956
    0.859750271 1.37041557 1.40872538 1.03101659 0.712512553 0.864165664
    1.61150777 0.851649344 1.12825203 0.691498876 1.40822375 1.3991766
    0.620052457 1.55701864 1.18094015 0.830250859 1.58922637 0.717569649
    1.32630169 1.00425661 0.750367224 1.29041028 0.62427938 1.19036376
    0.93817389 1.47695601 0.649446189 0.672944605 1.23498678 1.17623782
    1.50414813 0.751075566 1.53961587 1.5055877 1.33346558 1.1802429
    0.694660127 1.17003691 1.44532061 1.20719433 1.59173465 0.744073093
    1.46901929 1.25217271 1.16592944 1.54523277 1.3644861 0.860159755
    1.56325674 1.35766661 0.746801794 1.07760632 0.893860817 1.39192283
    0.831753552 0.733790934 1.02848256 1.26299989 1.20709896 1.3878994
    0.936868966 1.09396005 1.27723265 0.793730736 0.73616755 1.32407534
    1.36642039 0.631895721 1.12118673 1.07285714 1.51384532 0.954106748
    0.945540607 1.54430199 1.23696256 1.16492653 1.01701105 1.27774346
    1.2566005 0.634703398 1.54091537 1.50602186 0.901372135 1.60099447
    1.39243531 0.715433776 1.46726692 1.42160368 1.16189694 0.612836063
    1.50441682 1.18406343 1.56539333 1.26445901 1.58686924 1.04353237
    1.08736598 0.725192547 0.657951832 1.01043606 1.11333501 1.2828548
    1.36250198 0.79756391 1.59900415 1.45820415 1.61603892 1.34647572
    1.57302618 1.10670769 1.08006573 0.895770669 1.17009544 1.34285128
    0.799927711 1.52519202 0.812975645 1.13582206 1.41207969 1.40578198
    0.70462954 1.08551013 1.42617893 1.56059563 1.02392387 1.30775774
    0.762430012 1.31668174 1.19496381 1.58596015 1.52767408 1.39983237
    0.864545822 1.31711173 1.23515892 1.11263037 1.07572556 1.05697227
    1.05954349 0.887437522 1.33561504 1.23834932 0.88740772 0.673056245
    1.40890503 0.7748757 1.4007709 0.924567819 0.763551891 1.48042572
    0.605342329 0.630137861 0.524290264 0.845721245 1.31465292
    1.03223193 0.998574615 0.672062874 0.80084604 0.948353529
    0.585631788 0.875912488 1.4607203 0.704200804 1.43336844 1.37137318
    1.2274338 1.57545614 1.34391677 1.40389514 1.11256135 1.23812318
    1.06206834 1.4513334 1.44285476 0.924733996 1.25781798 1.46418893
    0.745399714 1.33601403 1.12484241 1.29703808 0.797054648 1.55612636
    0.836010158 1.40195727 1.35921133 1.539289 1.53705776 1.44145358
    1.05860746 1.59073043 1.17450643 1.29605186 1.35379648 1.03299594
    0.801583648 0.890772939 0.750478685 1.18363702 1.11931014 1.22613621
    1.18315482 1.30946314 1.50242996 1.36306238 1.59259951 1.38038146
    1.56875181 1.43968415 1.58978987 0.634886861 0.79321593 0.839046717
    0.717498004 1.21199286 1.28641939 1.31519747 1.17239261 1.58841205
    0.643746257 1.17523372 0.734159648 0.993870437 1.49128485 1.26361644
    1.52887213 0.902242303 0.903497756 0.789485097 1.5752809 0.760441542
    0.857357621 1.27019334 1.05240858 1.38590443 1.19669378 0.859099329
    1.18118811 1.19536185 0.696603 1.39826357 0.784240067 0.68879807
    1.03698373 1.57474232 0.948971152 1.52906251 0.892544329 0.99417305
    0.971806943 0.605715752 1.50274539 1.03727663 1.13883364 1.47055638
    0.95047909 1.47146666 0.964504957 0.964827955 1.20185995 1.05413795
    1.21799052 0.97540468 1.05276644 1.38818455 0.693608284 1.13714528
    0.664411366 1.31911087 0.786098182 1.11247063 1.19108331 1.29721677
    1.4036932 1.00634265 0.745089591 1.21922457 1.11070871 0.643387079
    1.21292615 1.28387177 1.21478605 1.1959343 0.690786183 1.30029321
    0.984687209 1.19609523 1.46427989 1.39365768 0.886812925 0.861714363
    1.41239178 0.724901259 1.54956329 0.919073284 1.51832902 0.689282298
    1.40349638 1.04721725 1.60871065 0.767177284 1.55677247 0.904799879
    0.689154983 1.30294132 1.17422676 0.636865675 1.12984121 1.50135934
    1.31414342 0.86372596 0.986713111 1.44028986 1.17067516 0.75341326
    1.28797829 0.678284049 0.96810931 1.17196894 1.25372207 1.10878253
    1.20887327 1.22119558 1.48039162 0.627089083 1.10850656 1.44011045
    1.18942988 0.957343459 1.38699973 0.995502472 1.08203149 0.606936812
    1.21999156 1.55225706 1.49999046 0.904353976 1.50661588 0.774358928
    0.710304379 1.31348312 1.25962639 0.973960042 0.801195383 1.22395515
    1.04021847 1.03464627 1.11327183 1.13174331 0.718644679 0.994228363
    0.892223418 1.4606216 0.88849467 0.986490309 0.907221019 1.45369041
    0.82117641 0.705049455 1.54719925 0.668019891 0.822746575
    0.750343323 0.74717176 0.685113251 1.13267195 1.56812525 1.41962469
    1.3878845 0.921761155 1.20843256 1.51559401 0.679753244 1.30369604
    1.30986106 1.19553792 0.905989408 1.04087126 1.16032112 1.01288927
    1.24623585 1.5528636 1.13594234 1.17435324 1.49272084 0.801466227
    0.889884114 0.718643069 0.926720679 0.647827387 0.63039881
    1.05991614 1.25451946 1.61890829 1.39384222 1.09017754 0.815168738
    0.915623665 1.4930793 1.37887847 0.666572928 0.893835366 1.57981563
    1.29539418 1.40168715 0.874497056 0.862953305 1.26932454 0.537793934
    0.617007077 0.745640874 1.29571009 1.32878923 1.35300672 0.447764009
    1.10778594 1.41496181 1.10894227 1.48377001 1.08413637 1.44944394
    0.863142669 1.55383611 1.33751786 0.652355194 0.930261493
    0.772170365 0.687712908 1.48982751 1.26293397 1.2305485 1.29006732
    1.56147051 0.703515828 0.919523716 1.06621921 1.52759993 1.41450548
    1.50647879 0.908674359 0.645475447 0.675913632 0.623902321
    1.43957305 0.982159317 1.17431951 0.76645571 1.2390759 0.762265503
    0.892790616 0.913556814 0.908654571 0.806872249 0.885220528
    1.0595547 0.697137475 1.4534502 0.762589753 1.00381911 1.11683476
    1.54952323 1.56474864 0.921420276 1.37581277 0.845336378 1.53160918
    0.95545882 1.54789782 0.654237092 0.985628843 0.750825822
    0.908993483 0.729301453 1.22674894 0.61949414 1.37638628 1.36211491
    1.19218528 1.05610132 1.35527802 1.50426722 1.20567298 0.651614428
    0.777327359 0.781949997 0.696047425 1.28439546 0.919477463
    1.55757415 1.00673509 0.987321913 0.871131361 1.51653123 0.717904389
    0.767379522 1.2414813 0.710415065 0.760175884 1.54418945 1.57471621
    1.11555576 0.986898243 0.734057963 0.686895311 1.48204708 1.50246525
    0.812751353 0.963032484 1.5536747 0.728385806 0.88373971 1.36264753
    1.04820931 1.12621105 1.27001786 1.21315861 1.04193568 0.628856421
    0.773787796 0.962614059 1.39785552 1.36811531 0.726669788 1.52975285
    0.985382855 1.14274561 1.06193936 1.30739117 0.848486722 1.05502725
    0.811001241 1.21289027 0.892000616 0.92737937 0.84131372 0.66929096
    1.38133514 1.01236379 0.983294964 1.02938175 1.07625008 1.48752844
    1.51538765 0.772616863 1.44697666 0.918798327 1.6023829 1.50215483
    1.12846363 1.51331449 0.902330339 0.841734588 1.3747834 1.27812302
    1.12460899 0.665055573 1.37923694 0.972686112 0.761664569
    0.903233588 0.787007153 1.40805435 1.594594 1.54308414 1.38681722
    0.611679018 0.675685167 1.48981059 0.825336456 0.638872504
    1.60136855 1.50167036 0.873602569 0.715927124 1.04474044 0.648618281
    0.622133553 0.853991568 1.19677174 0.749681532 0.895923316
    1.53757572 1.48930907 1.14650047 0.626106381 0.960240662 0.659841418
    1.43015659 1.14977455 0.696129203 1.15183079 0.877595186 1.32618058
    1.36777759 1.06906986 1.55950034 0.87611711 0.716041923 0.931753039
    0.813830793 1.53428495 0.817959547 1.09834313 1.52354348 1.04831445
    0.641680598 1.1222496 1.35320711 1.15569758 1.49256611 1.38703692
    1.15793276 1.34335148 1.03568959 0.982593596 1.61023355 1.02150774
    1.55472291 0.738120317 1.60480368 1.30589521 1.11607611 0.777736664
    0.64432472 1.1566571 0.94431752 1.39392877 1.08172154 0.959029555
    1.4405905 1.39159167 1.17877889 1.2278614 1.112553 0.808008015
    1.51123047 0.757856011 1.39517653 1.18847406 1.19095993 1.11487079
    1.33610153 1.49516439 1.01533151 0.700804234 0.925077915 0.903130293
    1.25779057 1.32072282 1.02767551 1.4758569 1.08121777 0.756979585
    1.11785913 1.18878829 0.92794317 0.980490267 1.24621403 1.25649035
    0.714364469 1.573897 1.03164697 0.869087458 1.08124197 1.40717626
    0.670414865 1.27245808 0.736665726 0.637737155 0.734756172
    1.34485734 0.894243836 0.549988627 1.1464256 1.33189309 0.617824912
    0.842558622 1.60893667 0.933817625 1.56989169 1.41827071 0.887858987
    1.10857069 1.47775638 1.60812306 1.03105366 1.58115757 0.84459579
    1.26020408 0.731284082 0.933412254 1.07058227 1.48276865 1.26388371
    1.56572723 0.643190622 1.1103195 1.29772198 1.18248582 0.72632277
    0.946547031 0.701707602 1.26598454 1.17113924 0.683719039 1.03844428
    1.07729399 1.15369713 1.1061548 1.00892687 0.838221788 0.904746234
    1.09258282 0.951253176 1.46737456 0.722139299 1.62332559 1.31712508
    1.13775861 1.57057714 1.54114854 0.814287722 1.14819658 1.53654897
    0.743733466 0.744686723 1.18497694 0.96768564 1.59632587 1.14558804
    1.3574096 0.679184318 0.835842311 1.5862031 0.961620808 0.691240251
    0.97920841 1.33888006 0.629556 0.947779953 1.61439502 1.13837552
    1.19792581 0.788245797 1.3710978 1.3686074 1.31256127 1.08014762
    1.61147678 0.857688785 0.815125644 1.00426102 0.796336472
    0.848769367 1.22897458 1.54690385 1.36535645 1.47047865 0.776236057
    0.996616244 0.721513927 0.627830744 1.31263542 0.996603072 1.4755801
    0.851302981 1.47918177 0.940057993 0.994549394 1.21622634 1.23381007
    1.50823653 1.52585936 0.750034511 0.709532499 0.623146057
    0.889832377 1.29074383 0.725195467 0.790941596 0.920775115
    0.834655643 1.15435064 1.31100845 1.33131516 1.48302126 0.960458636
    1.09097147 1.10236025 0.890856087 1.30053115 1.246364 1.37675023
    0.845202744 1.19438219 1.2425921 0.990646958 1.49255896 0.803177953
    1.07947707 1.62184811 1.01437771 0.774608076 1.27041149 0.924976945
    0.765355825 1.38605642 1.0261929 0.839731395 0.833120406 1.35486543
    1.32349861 1.55211771 1.07716453 0.964868546 1.14471316 1.08794546
    1.44535232 1.20438111 0.679661274 1.25181735 1.49607754 1.26542902
    1.10532653 0.84888345 1.3793124 1.25451863 1.32232642 1.56538868
    0.807072163 0.691742778 0.915356934 0.858093143 1.25139284 1.1336875
    1.44463348 0.698596597 1.04266143 1.09980202 0.658691168 0.621498883
    0.950941324 1.2987076 1.0746032 0.788053274 1.23268247 1.11482167
    1.33597612 1.1458478 0.856894135 1.18152499 0.696753979 1.50883901
    1.17722273 1.00216138 1.09199762 1.0464201 0.908282399 1.18006718
    1.11292136 0.830362201 1.58103681 0.632573247 0.939985514 1.40324426
    0.889218807 1.54352438 1.38164568 1.4356209 0.988583744 0.754960299
    0.915233254 1.62376785 0.957444131 1.20487702 1.15464354 1.21783698
    1.48609865 0.895583093 1.28793716 1.49021995 1.09756029 0.938737512
    0.722965658 0.897948027 1.26380622 0.635257483 1.17168713 1.19264615
    1.55129325 1.59891391 1.02482569 1.0636692 0.73214519 1.44067633
    1.37318313 1.29967129 1.07669663 1.45661438 1.09126449 1.41000617
    1.61715102 1.35395741 1.59790683 1.38841498 1.60455394 0.715386927
    1.06317115 1.59831691 0.737072408 0.906234026 1.51491416 0.744475007
    1.05494201 1.56759548 0.665620506 1.56598997 1.51607811 1.45050752
    1.15177262 0.977398098 1.36162341 0.460537434 0.960870206 0.87999481
    0.710173547 1.25703061 0.872339249 1.11541986 0.83830601 1.14066744
    1.25040507 1.09740317 0.7237041 0.792512 0.83448416 1.26163721
    1.27048075 1.43371105 0.882434189 1.03893149 1.09145474 1.46114099
    1.08686292 1.04368043 0.675303996 0.645757198 0.704248726 1.51867032
    0.781653106 0.682543576 0.811375499 0.964046955 1.3814007 1.42286408
    0.984707475 1.26031637 0.815261245 0.668567359 1.52361429 1.2429049
    1.16617882 1.14598119 1.29565203 1.25706494 0.916986763 0.860478818
    0.88314563 1.27443171 1.59889627 1.21926355 0.875396013 0.935638189
    0.742669702 0.902794838 0.748381376 1.2208873 1.46303606 0.829191089
    1.32699049 0.994191468 1.3596065 1.01743495 1.13843298 0.972820699
    1.34224415 1.14551306 0.618572295 1.12609863 0.667651594 1.40652239
    0.85516417 1.45789313 1.41761613 1.47450781 0.75982064 1.58449352
    1.62990808 1.00598311 1.01826775 1.23678148 1.52721572 1.15199959
    1.18797743 1.15498435 1.52820933 0.817790091 1.25169873 1.48416209
    0.921262026 0.787530541 0.855184197 1.51205468 1.07501435 1.08793688
    0.929424405 0.954469681 1.56378603 1.16579163 1.40721953 1.22543192
    1.33432388 1.1197108 1.25899827 1.43690574 1.46076667 1.27333319
    1.55832362 0.683915257 1.21671343 1.26429701 0.712367415 1.22387338
    1.54998922 0.808766007 0.909752965 1.04171717 1.28430939 1.60063779
    1.25975609 1.34143734 1.16102219 0.898169935 1.52024209 0.931063294
    1.61035633 1.16952837 1.31438076 0.686112046 1.13541532 1.11036277
    1.24382448 1.18820536 1.26809645 1.24637389 0.736800253 0.970502317
    1.33148324 0.933360755 1.25453818 1.41440129 0.891354024 0.649217606
    0.853003621 0.986037791 1.14643276 0.622973859 1.21283054
    0.635290802 1.33537793 1.30971241 1.23633802 0.65234983 1.34934175
    0.693465054 1.04963124 1.16418564 1.18863904 0.83046937 1.43245375
    0.790846229 0.672344387 0.617511511 1.03479838 1.43584085 1.51616228
    1.47141421 1.09838784 0.894526899 1.20592654 0.852602124 0.933145821
    1.08067763 1.02822506 1.27826297 0.824912846 1.29977787 0.690697372
    1.03085423 0.871964335 1.23540294 1.60507619 0.833440602 1.06092584
    1.26105356 1.23490965 1.22458065 1.46884203 1.09730673 1.44300282
    1.09252179 0.897629082 1.42333829 1.07092953 0.784816325 0.900729835
    1.16010284 0.611565769 1.60514593 1.2086848 1.3036859 0.947007656
    0.903139949 0.805353761 1.04665196 0.738335371 1.61377895 1.42513895
    1.05326128 1.37922311 0.658888459 1.26413167 1.36160266 1.17852461
    1.57300782 0.786465824 1.11863542 1.16838789 0.89011991 1.28613222
    1.46482277 0.739344239 1.26426685 1.27772701 0.654194236 1.31313467
    0.832532644 0.969117641 0.840335846 1.6507684 1.33908558 1.53088319
    0.929608166 1.55704331 1.22952926 0.909665227 1.0821172 1.51073873
    1.05796325 0.718439043 1.51348865 0.811703146 0.88118732 1.34918511
    0.844175816 1.19246197 1.42486358 0.874383092 1.38991535 1.548702
    1.21460485 0.664164662 0.972147942 1.05295289 0.601871848
    0.982747257 1.24381447 0.701723635 0.621088147 0.770264089
    0.679430306 0.960690916 0.515179992 1.37068605 0.534527123
    0.640728533 1.02307928 1.4060967 0.78157407 0.70202291 0.82452035
    1.07449996 1.00890493 0.968977511 1.43473911 1.04124212 0.961080074
    1.4871788 0.978261352 0.842361927 1.01312268 1.06086862 1.64324427
    1.09762013 1.12995291 1.157166 0.872460425 1.62426531 0.903550684
    1.17266798 0.670956373 1.59432423 1.14901829 1.05502772 0.596831143
    1.10121465 0.941029191 1.0292238 1.0477165 1.36902964 1.45404696
    1.00346339 1.46830356 1.31660724 0.984297216 0.917492211 1.37101805
    1.18707156 0.760642886 1.50009716 1.49370015 1.0092907 1.21112299
    1.29568374 0.781197548 0.859537423 0.79817462 1.3025167 0.867477417
    0.674050033 1.51038086 0.926549196 1.33117402 1.08688235 1.29072332
    0.942919374 0.874064863 1.46814096 0.753674328 0.999756694
    0.633292139 1.27512479 0.90447396 0.866374433 1.2671088 0.967270851
    0.821212292 1.03521001 1.61970079 1.45039749 1.37989545 1.08127189
    1.13118494 1.03871167 0.89556396 0.652893901 0.638275504 0.933941841
    1.16774392 1.49883461 1.59153652 1.07876515 1.13762128 1.47380257
    1.53814697 0.650537133 0.7883268 1.42222536 1.3541398 0.840160549
    1.03599584 0.635465384 0.886238456 1.45067465 1.15258276 1.18599832
    1.53761828 0.615326464 1.51899564 1.18085861 1.27435637 1.2202729
    0.802638769 0.710949302 1.00610721 1.59006214 0.669153571
    0.680896699 0.951210201 1.35835636 0.814500332 1.40912557 1.37814212
    0.618176401 1.08657861 0.763897836 1.02697051 1.51743126 0.626232147
    1.13600492 1.35028887 1.5201633 1.37511742 0.844717026 1.13763964
    1.58038247 0.866342008 0.743414879 0.98231256 1.39525902 0.888337195
    0.769110441 1.37895966 0.797421694 1.41349733 0.805625498 1.15402675
    1.35899007 1.13236761 0.709603369 0.617476821 0.681441605 1.39818847
    1.22578657 1.09699678 0.871082067 0.919598877 0.854961276 1.47849631
    1.29886723 1.0753603 1.23686719 1.03692281 1.48151886 0.74277997
    0.631360233 1.23395431 0.996537268 0.631135404 0.918942988
    0.639843106 1.28205407 0.962082505 0.940830469 0.773505688
    1.06127512 1.53342557 1.22662246 1.11212659 1.38192439 1.48871386
    1.33962798 1.21031189 0.924092591 0.848680854 1.6069293 0.98649317
    0.75344336 1.52004588 0.813530326 1.15698552 1.01752901 0.670865357
    1.44660699 0.904652596 0.750577509 1.45394218 0.966750979 1.60024941
    0.840370774 0.964092851 1.51796293 1.20838642 1.34594262 1.20340312
    0.677591085 1.36384439 1.45432377 1.30651641 0.783234298 1.30009484
    1.01346827 0.703671694 0.838668048 0.9895069 1.17631352 1.12547684
    0.928899884 1.47234309 0.869333565 0.702741027 0.985301197
    1.13084161 0.984079599 1.39418399 1.0764327 0.84151119 1.5727613
    1.31554139 0.990319133 1.50654912 1.07055581 1.28440166 1.24188924
    1.24628103 0.674655616 0.660839081 1.14646459 0.771745324 1.5505476
    0.921151817 1.099383 1.51019728 1.17990124 1.01700306 1.2098012
    1.09260619 0.60426116 1.53892386 1.07215977 0.898843586 1.02821076
    1.02343285 0.904715419 0.808060706 1.11705291 1.02958059 0.369787633
    1.28408051 0.687442839 1.44545162 0.774312377 1.22423208 1.13197601
    0.793307781 0.833140731 0.757569134 0.744714022 0.782073915
    0.846270263 0.67154181 1.49987459 1.56918633 0.977665365 1.62038326
    0.894838333 1.55785966 1.16919649 1.48924685 0.75553602 0.885771632
    1.1751467 0.753652275 1.15486598 1.3643254 1.22240067 1.3329612
    1.02524734 1.55301905 1.54556274 1.45375383 1.58800519 1.21725142
    1.17899549 0.838220716 1.20067203 1.10026491 1.45646763 0.804420471
    0.759094656 1.22761202 0.958099902 0.738641262 1.33326566 1.26020765
    1.07426906 1.02898288 1.30636537 0.95815295 0.775737464 1.50022411
    1.36490011 1.26323092 1.01073134 1.51206017 0.889174759 1.17321551
    1.56299746 1.42270744 1.40743482 1.47035766 1.48844743 0.808525145
    0.683541358 0.920015037 1.14361525 1.29495156 1.51460814 1.02956474
    1.18432522 1.52066219 0.859760404 1.29127765 1.35970438 0.993056536
    0.636746347 1.5575217 1.30310082 1.59923041 1.53115392 1.16976357
    0.862375617 1.14239621 0.764762998 1.14356601 1.29753864 0.845599592
    1.35520637 0.824000061 1.35321414 0.798734784 0.734709501 1.21514237
    0.635531783 0.832708776 0.963358641 1.09510911 1.18077767
    0.866768897 0.635457337 1.51142097 1.107252 1.4884541 0.689877152
    1.27412772 0.884590626 1.47639477 0.761573017 1.58460653 0.634895623
    1.4356823 0.885488153 1.12042344 1.10118818 1.33384395 1.13420951
    1.40193951 0.992222071 1.46090579 1.15881884 1.03349221 1.40803277
    0.973342955 0.865582705 1.56643987 0.616549015 1.08776784 0.69809705
    0.872210383 0.751914263 0.883495092 0.894370496 1.15442681
    1.29975438 1.09839046 1.39994836 1.23643434 0.961757243 0.772991598
    1.44749057 0.851899922 0.618784785 1.02510023 1.53564501 1.08353257
    0.972123802 0.744385958 0.888239682 0.942299187 1.29235661
    0.832764864 1.33926713 1.59138274 1.53983009 0.759535909 1.31731772
    0.639664173 1.32401419 1.15836155 0.811142981 0.973891735 1.45955443
    0.602235079 1.25560629 0.994119227 0.82658124 1.06376755 1.52314401
    1.21771395 1.40785336 0.660948694 0.983033359 0.900389016
    0.691547692 1.2032032 1.01625144 1.52229762 1.46244657 0.903054416
    0.807711005 1.60100603 1.41435695 1.17109215 1.60267484 1.1550858
    1.15510428 1.5829618 1.12378156 1.01766169 0.607506037 1.44165921
    0.791040719 1.08960319 1.3471936 1.00756657 0.859799802 1.17602527
    1.33789539 1.25549698 0.860555112 0.632983387 1.16084433 1.31464362
    1.08465004 1.10276949 1.28323102 0.739784837 1.5737077 1.59294939
    0.843549907 0.887272358 0.8582443 1.61301243 0.693756998 1.32905471
    0.867668271 0.831125438 1.46360397 1.50310528 0.749292314
    0.679391742 1.21993423 0.842716098 0.99534148 0.733792067 1.28057694
    0.994174302 1.23268807 1.55906057 0.962945342 0.676092803 1.30729032
    0.952794433 0.742014706 0.82148689 0.840514839 1.42713368
    0.811345935 0.64105016 0.94235456 1.44849098 1.27542269 1.62128901
    1.20909619 1.49161291 1.03974307 0.929870546 0.618181646 1.11059165
    0.524429202 0.505031705 0.581462502 0.582493544 1.03462255
    1.03379393 0.954167366 0.977565289 0.515278935 0.77145803 1.15259051
    0.745117664 0.798201084 0.942786813 1.07223821 0.817904294 1.3081646
    0.634829283 1.00666809 1.26123595 1.34738159 1.38015687 0.942440808
    0.922471702 1.06540239 1.24100029 1.26351905 1.35086715 0.705097973
    1.09405458 1.58942425 0.873743534 1.56735921 1.56380439 0.74293375
    1.57159305 1.50532985 0.623968303 0.955415726 0.614601851 1.39924681
    0.896417439 1.0200696 1.32155681 0.758525908 1.56895864 0.849286973
    0.887562752 0.718957663 0.731605947 1.17905009 1.16544998 1.36171234
    1.20867467 1.04004741 1.49425828 1.44113612 1.49812698 1.26603544
    1.23715794 1.36980188 1.37564838 1.22795999 1.05908561 0.968458235
    0.759955168 1.39272237 1.08737838 0.921126366 1.02766418 0.832239926
    1.51878834 1.47491407 0.730613887 0.952833593 1.48089254 1.58813536
    0.977728128 1.62616658 0.713113546 0.800272644 0.77296406
    0.763927639 0.775115967 1.59990215 0.991247296 1.42173982 1.29027486
    1.51562846 0.919223785 0.982676625 1.32328725 0.933449864 1.54412436
    1.01554012 1.313097 0.820267439 1.09545958 1.46156907 1.2018733
    1.16215372 0.95430088 0.83754909 1.06903899 0.639613509 0.867758811
    1.47223568 0.825628459 1.61508501 0.875865817 0.768225551
    0.937630951 1.26571214 1.46088409 1.56273019 1.40233529 1.20559359
    0.642596364 0.976130486 1.02624416 1.59049904 0.993970454
    0.842189848 1.42700398 1.00373232 1.22064078 1.48904324 0.944148242
    1.08922517 0.77071166 1.18104279 0.865582585 1.25695646 1.44190907
    1.08625627 1.16286111 1.27785552 1.32810938 1.57297134 1.40354872
    0.673227608 0.844496846 1.16854322 1.07214582 0.936724901
    0.747286379 1.39787436 0.964572191 0.743161738 1.11886418
    0.683222115 1.11684108 1.31772649 1.33620906 1.34298146 1.33872831
    0.817972541 0.807710588 0.819461286 1.51444745 0.730292499
    0.729985595 0.979243755 0.724326551 0.935733855 1.4946655 1.30970943
    1.10076046 1.53768158 1.0898447 1.15483403 0.708414435 0.895520329
    1.51389349 0.732436836 0.82468605 1.42381907 1.53599179 0.910292923
    1.12185311 0.666606605 1.51032257 1.3596046 1.06827068 1.39439905
    1.01765156 0.895666242 1.29883015 1.38532031 0.644932926 1.01770401
    0.954531908 0.810183823 1.08842528 1.00739622 1.27594221 1.41342092
    0.979776561 1.38420153 1.56174695 1.60189509 0.996577978 1.57912052
    0.724373698 1.06796741 0.777426124 1.31643391 1.34390152 0.64602387
    0.797606826 0.845684648 0.922918499 1.57498169 1.39898717 1.03606272
    0.98888731 1.60126901 1.01224589 1.09431934 1.40694404 1.60565352
    1.3961072 0.829850614 1.52433562 0.942541897 1.55879092 1.45066905
    1.47035336 1.01045334 1.29596508 1.1040653 1.40556788 1.40897667
    0.862065673 1.28350973 0.690299213 1.33396888 0.772431374
    0.732626379 0.639829397 1.23470545 1.29839456 1.46350431 1.39442325
    1.44969034 1.25441802 1.54748547 1.35899878 1.58080268 1.2301234
    1.52395153 0.734606028 0.719628513 0.948374569 1.40258765
    0.944179118 0.548703909 1.3456285 0.909595549 1.0701735 1.23262739
    0.477257431 1.29882598 1.18353117 0.814527214 1.15763223 0.932008684
    0.615256786 0.953865826 1.36476099 0.898494601 1.48400056
    0.826911807 0.683491051 1.53262806 1.40215361 1.31772912 1.39296293
    1.43559968 1.43907833 0.932017565 1.03742218 1.23328781 1.39103889
    0.92536521 1.34755719 1.01872849 1.5210849 0.98937881 1.50047112
    0.921434104 1.00297666 0.643932343 1.12759793 1.54443884 1.49432611
    0.963847816 1.32073104 1.32032406 0.669852555 0.623195291
    0.917093933 1.20911252 1.31470573 0.965624452 1.56319225 1.47457552
    0.674600482 1.21831834 1.39396954 1.04275298 1.55655789 0.700394154
    1.4498632 1.59336054 1.56131899 1.25937414 0.784790814 0.643138647
    0.770707428 0.906160593 0.993897021 0.771421373 0.619909227
    0.716854811 1.21948981 1.25448585 1.41021228 0.79562217 0.955077767
    1.13309801 0.89969641 0.840693295 1.36459851 1.59164119 1.13637507
    1.51083422 1.59533608 1.06509447 1.06030035 1.60833359 1.25156033
    1.53760242 1.17424738 1.12334085 1.34264004 0.812083602 1.27722275
    1.14058363 1.30800951 1.50164199 0.963697433 0.790676832 1.33674407
    1.10528886 1.59940135 1.04251945 1.0355531 1.10929918 1.1510371
    1.04895365 0.871159434 1.29680634 1.59460258 0.949722946 1.62900913
    0.749193132 1.3734138 1.30648971 1.61939609 1.54409087 1.39314318
    1.52800441 1.57519555 0.812565327 0.6695351 0.869980335 1.60007274
    0.660058081 1.20864785 1.00528741 1.27636588 0.801753044 1.25217426
    1.26965034 0.750197768 1.05006468 1.55028772 1.28199959 1.00418699
    0.918543041 1.04958808 1.37421978 1.17836845 1.51012671 0.960010469
    0.926062882 1.2765944 0.799855113 0.910605669 0.83922261 1.17529905
    1.08548272 0.754217505 0.751196384 1.30218732 1.21070123 1.45782399
    0.729736269 0.598936558 0.672120392 0.921388209 0.935843825
    0.943549156 1.17589045 1.05520236 0.58744812 0.636314511 0.73606205
    0.818587542 1.13897645 1.3592267 1.32694638 0.991084695 0.841022372
    1.58592308 1.20804131 1.16113245 1.14431214 1.24712634 1.26170385
    0.947163999 1.42534184 0.897155643 1.25297785 1.2180984 1.11102355
    1.11391819 1.28603923 1.12664461 0.674324155 0.926174283 0.956820905
    1.46087933 1.47293305 0.813203394 0.773125708 1.50735629 0.747943342
    1.58592498 1.14105225 0.90705514 1.02342248 1.39699256 1.364694
    1.23048711 1.09679735 1.40983737 0.906383872 0.991694033 1.40024924
    1.42962301 1.59345293 1.52596104 1.53400421 1.01649368 1.11185741
    1.418383 0.824222863 0.843546808 1.59910738 1.33701575 0.690237761
    0.822001457 1.61988091 1.59996629 1.5522151 1.34782588 1.51690006
    1.54868793 1.42406642 1.19674218 1.42256296 1.46660101 1.62070739
    0.823042333 1.26398194 1.60085511 1.4536618 1.57579029 0.909722447
    1.51249039 1.12452602 1.17131793 1.61712229 0.732326567 0.751545608
    0.699192643 1.07881248 1.06264794 0.640735447 1.45898175 1.32333386
    1.13363612 1.18446696 1.60183656 1.36735034 0.730181277 0.802764654
    0.753950357 0.781139374 1.27125657 0.463832408 0.43789494
    0.750777483 1.17559278 0.834465623 0.805821538 1.25363636 1.18476748
    0.951371789 1.03951085 1.2335515 1.02151191 1.52585804 1.38203478
    0.693903625 1.10755301 1.18580472 0.786975503 1.05173743 1.53463972
    1.06545305 0.987722993 0.883073747 1.62151349 0.675268412
    0.649142563 1.15169096 0.895472467 0.85989964 0.696439266 1.23254895
    1.00585103 1.58469486 1.19523275 0.822164416 1.38331735 1.45886028
    0.660999596 1.55168843 1.12515092 1.0134275 0.649773479 1.38505793
    1.43791795 1.57951558 1.40788066 0.926433563 1.5156666 0.911392152
    0.948551774 0.898664296 0.89195323 1.06145954 1.49002373 0.823731601
    1.24300003 0.68103385 0.90770191 1.39381945 1.50067723 1.40078449
    1.4499315 1.13349104 1.5242033 1.10803068 1.15049648 1.22835529
    1.47392476 1.39188671 1.39099574 0.829665661 1.54324126 1.00437391
    1.17438316 1.54253197 0.66000998 1.0624119 0.941313028 0.844208777
    1.57434213 1.33936226 1.28633094 0.702179313 1.43500078 1.40540028
    1.03069735 1.17415571 1.39552701 1.17388606 0.658196628 1.202806
    0.757838726 1.00270236 0.847314358 1.15816081 0.856383383 0.95715636
    0.855422616 0.988101125 1.2832793 1.45329344 1.47319865 1.31499088
    1.01099062 0.989523292 0.779398203 1.18121338 1.15688646 0.990052521
    1.1197021 1.2810657 1.55824471 0.965312123 1.53609776 1.39877617
    1.61646557 0.645722568 0.701366127 0.800409138 0.753628135
    1.62784457 1.0767082 1.22823596 1.14205003 1.43668234 0.847436488
    0.919577599 1.48622739 0.632883549 1.25547481 1.07556021 1.05774045
    1.43263245 1.15677357 1.3441112 1.23771739 1.5080663 0.791023493
    0.790253639 0.746775627 0.893003106 1.22023427 1.02981174 1.61107719
    1.52726412 1.43499112 1.27377343 0.746659815 0.65636909 1.0221529
    1.20409989 1.37143838 1.41890669 0.816707134 1.54842675 1.1065017
    0.698105216 1.10820735 1.32456803 1.28528297 1.22904432 0.803757608
    1.2915796 1.30139482 1.1609683 0.819494903 0.864034593 1.5847168
    1.28826046 0.756954372 0.694996297 1.48835242 1.32761312 0.949884653
    1.23963857 1.13354433 0.97056365 1.54231131 1.50888085 1.26160717
    1.5441016 1.2332437 1.01765251 0.732900441 0.897857547 0.638657868
    0.706421256 0.837731898 1.57488191 0.783526421 1.29390991
    0.996436417 1.16225266 1.02006567 0.922302246 1.29433858 1.31025434
    1.24394178 0.672178447 0.767189682 0.703853071 1.55793273 1.49113989
    1.60084856 1.30227911 0.862384737 0.660626829 1.5901171 0.734407127
    1.08170426 1.05553818 1.32160211 1.05452108 1.54822779 1.22693348
    1.29162145 1.50006115 1.06553769 0.966839194 1.56531572 0.773448527
    0.805795074 1.2709167 1.10632873 1.03154039 1.3481313 1.38821077
    1.30062604 1.52263618 1.42962539 1.43845701 0.898073316 1.25113189
    0.717885673 1.28067255 0.879249096 1.14959466 1.60535538 0.715449572
    1.52640104 1.06774139 0.890735984 0.640916049 0.738562644 1.52098763
    1.49100113 1.33323658 0.717086315 1.54189551 1.09782696 0.692301333
    1.51333392 1.45788527 0.992521346 1.0763427 0.852877498 1.24215484
    0.95048362 1.14048469 0.798009694 1.21165502 0.742763877 0.733164966
    1.19913828 1.14750934 1.03886211 0.923920751 1.06110108 0.962781608
    0.629915535 1.03223872 1.10591304 1.13277793 0.996202052 1.41009355
    0.716382861 0.951624513 1.57256174 1.32676196 0.837002099 1.28086162
    1.39590299 0.971640944 1.19673276 0.971981168 0.688664258 1.33910406
    0.694360316 0.812097728 1.33221233 0.664212227 1.60678542 1.47498429
    0.752368808 1.28812826 0.884674311 0.652895749 1.00380003
    0.730273128 1.564412 0.9797979 0.769912243 1.1505847 0.92231667
    1.53296685 0.857408166 1.18621194 0.855937362 1.4964509 1.23770893
    0.762374163 1.51726115 1.3100512 0.641854942 0.818739235 0.882866442
    1.11031473 0.694363236 1.60770857 0.804565191 1.40295601 0.775606811
    0.660975397 1.46963608 0.797106445 1.54569173 0.920161605
    0.656975746 1.4795121 0.97817117 1.16221261 1.283373 1.024472
    1.49549067 1.35658085 1.21660101 1.07485664 1.3284049 1.29052746
    1.57204974 0.72006315 0.739343941 1.32250762 0.801196754 1.08317947
    1.20102942 1.575073 0.724964082 1.32007158 0.77469629 0.727485955
    1.21954679 0.661203146 1.01518989 0.749857306 1.33349586 1.18241978
    0.831419528 1.06417477 0.765610933 0.716796339 1.27634084 1.15932918
    1.00576985 0.70192039 1.44819677 0.910983086 0.752927005 1.14416623
    1.6303978 0.725127161 1.5276314 1.56457567 0.926868975 0.836298406
    0.813372254 1.12057638 1.35741603 0.864411592 1.23724854 0.629032969
    1.25985861 1.25275171 1.47202218 0.766324759 1.56989086 1.38875568
    1.41337407 1.08865249 1.50851405 0.626148403 1.40155518 0.794301867
    0.634852529 1.38852 0.623645365 0.673839688 1.00208652 1.52893376
    1.51053846 1.03773284 1.24719405 0.656305671 1.52928817 0.859143496
    0.997688532 1.57500899 1.09187984 1.37765849 0.884022832 0.915886998
    1.14691508 0.886989474 1.05899131 0.584710181 1.29366529 1.47805321
    0.816308379 0.697335243 1.30289578 0.790385365 1.5456754 1.52527475
    0.597773254 0.881926775 1.43121922 0.918990314 1.2492739 0.809284031
    0.652357459 1.33544147 1.45306265 0.769328296 1.55345607 0.694573164
    1.1630863 1.13479972 1.13487732 0.846762359 0.851258993 1.02763569
    0.632426679 1.50825346 1.26617742 0.625097513 1.49031436 0.961718261
    1.28888237 1.09322226 1.07467854 1.41725111 0.708519161 1.37778807
    1.22561157 1.4215405 0.782014906 1.31794012 1.0047189 1.03890121
    1.12756085 1.2398169 0.794625819 0.669474602 1.07903337 1.24967849
    1.30302525 1.03256118 1.16821933 0.779941976 1.60693538 0.934904933
    0.704349577 1.13270724 1.24599695 0.796877623 1.01635528 0.932517231
    0.977952182 1.3874532 1.56743133 1.53852642 0.671009898 0.872344851
    1.0500356 0.871833384 0.667641699 0.863346457 0.92305392 1.17264402
    1.41159642 1.58786058 1.13016212 1.60541141 1.00095463 0.682986438
    1.54552197 0.803163469 1.62524784 1.06948745 0.82460022 1.33085608
    1.00094008 0.684788406 1.50819802 1.44987941 1.39393139 1.24008954
    0.854053557 0.938506365 1.46675813 1.4590776 0.763403535 0.690249443
    0.582842946 0.543719769 1.25523901 0.774594128 1.14912069
    0.954918981 1.40458393 0.673980474 1.45521045 1.42650676 1.26460934
    1.00677311 1.25360191 1.1475203 0.79671967 1.0169307 0.98386848
    1.54766381 1.21229255 1.11220241 1.13432491 1.00343156 1.20449769
    0.941736162 1.14753485 1.54901969 1.4734509 1.02321005 1.06220293
    0.803406417 1.07214999 1.23771644 1.35748994 1.42915213 0.621168137
    1.17238712 1.07137167 0.990749598 0.866089165 0.661194384
    0.858947694 0.757673025 1.4106915 1.4394387 1.29165828 0.91153723
    0.908859849 1.38903439 1.46024895 0.896352112 1.41289723 1.08808625
    1.24864995 1.37824738 1.30800116 0.985631466 1.02881682 0.859293282
    0.954346716 1.20876515 0.917946517 0.720624566 0.905348837
    0.997646928 1.32129693 0.644866168 0.686071992 0.678501666
    1.28194511 1.3121382 1.48988318 1.33063877 0.674361825 0.776396036
    1.15924883 0.644418716 0.831771731 1.0379374 1.42383182 1.35510433
    1.34052801 1.04066372 1.15964079 1.45248103 0.770077348 1.10137618
    1.48947191 1.62573969 1.0438447 0.915429473 1.46124125 0.771975279
    1.15254736 0.863036633 1.22200835 0.735728145 1.27391911 0.737365723
    0.928276837 1.05667961 0.650865495 1.03347194 0.663140535
    0.760464251 0.692536473 0.7723037 0.704932272 1.5916431 1.21573293
    1.21556079 0.802940249 1.0290184 0.787428737 1.52607596 1.21950519
    1.06778836 0.894583285 1.21821618 0.775097072 0.979858875 1.12745309
    1.52769887 1.27044368 0.886881173 1.24503171 1.51476693 0.865709662
    1.37358665 1.20892406 0.757037461 1.34613919 1.497949 1.20563281
    1.21572793 1.09483612 1.49510884 0.923647761 1.25037467 1.26845467
    1.15826368 1.38636971 1.19132245 1.145576 1.3876096 1.11025214
    1.41035616 0.747779846 0.906893134 1.4797442 1.25966311 0.598110855
    1.25526106 1.05521226 0.599833965 0.958656013 0.808606446 1.37236714
    1.36548197 1.02061331 0.688316822 1.01954114 1.56065297 1.46515763
    1.25266004 0.969226897 1.23068964 0.769618154 1.38034332 1.3724283
    0.69988209 0.895412445 1.13847363 1.46345222 1.50004828 0.813397229
    1.58479476 1.27920258 1.09567475 1.51459134 0.834574044 1.07268405
    1.24508739 1.3631711 0.852913976 1.05632961 0.740538538 1.45158982
    1.08956921 1.08413327 1.18801618 1.42817879 0.91476655 1.428038
    0.945192754 1.48070431 0.842968702 1.48462534 1.14788949 1.16965652
    1.09361327 1.50939906 1.10609496 1.3722719 1.58123767 1.3467375
    1.13316882 0.917598188 1.46084225 1.03035796 1.37833214 1.37263584
    0.736010671 1.11544943 0.727591395 0.74442035 0.937650084 0.85725075
    0.756116033 1.30808508 0.642131448 0.879730701 1.39366722 1.39892328
    1.37247336 0.79619658 0.647610247 0.887724936 0.81762743 1.4667176
    1.08077097 0.732818186 1.17405915 0.642436802 1.4763 1.09014761
    1.56950581 1.59952569 1.32910442 1.27171361 1.35569966 0.783416808
    0.74839747 0.938830137 0.720618904 0.890249729 0.68410331
    0.906979263 0.858051062 0.682103395 0.785174251 0.922222316
    1.44993258 1.2376684 1.19628775 0.666356146 1.22958171 0.662685215
    1.25149 1.27097249 1.2165308 0.625705481 0.577982306 0.579126358
    1.41110063 0.793950498 1.04096544 0.628576398 1.54764533 1.2411077
    1.2713908 0.691114962 1.00904512 1.35159123 1.44967711 1.58079636
    0.953491092 0.94289583 1.16138124 0.903126955 1.19707286 1.16466129
    1.39863372 1.31107593 1.35818124 1.60715818 1.32404602 1.36159718
    0.837031424 0.649748147 0.924220145 1.20594323 1.11062491 1.06472659
    0.923318863 0.760340095 0.755403876 1.05408335 0.695342243
    0.730455518 0.629958391 0.789480507 1.39954364 0.833189726
    0.895333588 1.20909595 1.34180522 1.18671322 1.4504441 0.875528336
    1.19103634 1.57553995 1.50928426 1.28392971 1.0125246 1.6125766
    1.14887965 1.04838252 1.23359776 0.787862897 0.876499832 1.22221637
    0.784347832 1.55832648 0.883476615 0.619357169 1.06929719 1.41321564
    1.500144 0.986979604 1.47509646 1.52300429 0.679954648 1.02268827
    0.713630378 0.968948722 1.25070691 1.01677573 0.765725553
    0.725019276 1.07125986 1.23067641 1.53733981 1.13483691 1.16816676
    1.26044941 0.762548149 0.739212334 1.08576846 1.53951895 0.848164737
    0.636514604 0.886087 1.46557474 0.632210851 1.36358976 1.2485429
    1.5409565 0.779979825 0.984194279 0.94277364 0.727820814 1.20271432
    1.47224545 1.62739408 1.12855303 1.31093204 1.54690576 0.872482359
    1.28525627 1.27954769 1.63994241 1.06807661 1.48227143 0.854720592
    1.20508552 1.36348653 1.51569462 0.767656803 1.41981232 0.691016138
    1.08426869 1.4850328 0.749661922 0.817074239 1.20029902 0.984452605
    0.961087048 0.726183534 0.81641072 0.89100492 0.687664211 1.44253445
    1.49802792 0.803372562 1.04277062 0.696053267 1.1006856 1.17801702
    1.22249794 1.23792243 1.06491041 1.39204645 1.5769875 1.31941211
    1.43768084 1.19923937 1.40998101 1.36710072 0.916030765 1.34726441
    1.16924727 0.966860414 0.708770514 0.677103102 0.836192608 1.0518378
    0.665441513 1.28242183 1.06421208 0.842483044 0.756910205
    0.780044794 0.629674196 1.04129612 1.38254786 0.915755868 1.20141947
    1.18127465 0.673889577 1.05153167 1.090289 0.722149432 1.19965875
    1.32873642 1.41990912 1.52028763 1.00958872 1.13475943 1.00495553
    1.18609035 1.42383873 0.845427036 0.691925228 0.866625965
    0.918159187 0.90761888 0.600796759 0.779950619 1.46397722 1.06391001
    1.53795564 1.41204786 0.755566061 1.33809388 0.614707053 1.38894987
    0.938953102 0.658515692 0.888841331 0.855514944 1.408126 1.13432717
    0.630153298 1.36432767 1.32700896 1.62189472 0.767418504 1.50927114
    1.11657727 1.35039163 0.94931227 1.14457703 1.48650944 1.35803461
    1.20890391 1.12021947 1.04732215 1.07624102 1.52942955 1.43251419
    1.55741334 0.955115736 1.61882234 0.844358206 0.709456861
    0.963320434 1.57197189 1.11794055 1.18547451 0.734764159 0.767406344
    1.30925882 1.40937543 1.55533075 0.747412503 1.0911777 1.23501635
    1.52001047 0.654615223 0.952090919 1.37122893 1.44195092 1.17933452
    1.19754148 1.25451839 1.26810098 1.4338001 1.11546791 1.04055774
    0.844172835 1.15667129 0.973185718 0.502891541 0.482035846
    0.832307696 0.80928576 0.68859297 0.661585808 0.455144316
    0.474597573 1.04721713 1.16010845 0.603089809 1.27278614 1.51940751
    1.23595273 1.58859313 1.52917135 1.45474255 1.26035714 1.0719049
    1.24134564 1.49199426 1.49310029 0.977110744 0.680948794 0.760369897
    0.779565334 1.41907692 1.52192223 1.23379445 1.23128283 0.696427941
    1.22310007 1.25941408 0.775832415 1.374053 0.693523169 1.14101374
    1.00662851 1.55015838 1.08358371 1.21798086 1.08157325 0.708394647
    1.46199954 1.11688256 1.13941813 1.09853911 1.43226755 1.44806397
    1.21294558 1.32560861 0.766620874 0.757027566 1.37513888 0.782619119
    0.919953465 0.825928628 0.925754845 1.31515241 1.56991124 1.0788945
    0.871296287 0.652268231 1.33100116 0.994504631 1.10940075
    0.644181728 0.919410706 1.55754316 1.06471658 1.4916389 0.86056459
    1.25636828 1.00641131 1.07729912 1.18904519 0.808498263 1.36870587
    0.971495628 0.649583161 1.33388937 1.3207531 1.14761567 1.43397403
    1.60799384 0.765126526 1.19200766 1.23367631 0.964003205 1.60278869
    1.21546686 0.780435026 0.894298375 1.50362241 1.16618383 0.763705432
    0.599603355 1.02594686 0.847894788 1.5649997 0.781521797 1.25549853
    1.24306655 1.17540216 1.09630942 1.23084044 1.55621409 0.94508189
    0.862484038 0.967149317 0.812923551 1.39173377 1.29961455 1.14825845
    0.927852631 0.854878128 1.5249368 1.41783452 1.48981416 1.59113312
    1.58284688 1.27544188 0.877246618 0.958886206 1.44992626 1.58359289
    0.872939348 1.23698354 0.985551119 1.30131674 1.59492016 0.695822358
    0.846643507 1.04422641 0.757704794 0.911235213 0.838891566
    1.30250514 1.05132759 1.16493702 1.30391836 0.762548447 1.31934667
    1.16650355 1.4072634 1.27613735 1.23351312 1.08480966 1.37611043
    0.620415688 0.815956473 0.615875304 0.813260257 0.631164432
    0.627743244 0.615883768 1.205284 0.641606808 0.915089667 0.813547194
    0.80399859 0.652813137 1.09374011 1.53392196 0.595156133 1.29233766
    0.776258349 0.802084506 1.27798343 0.847648025 1.52387953 1.44332838
    0.755121708 0.827805698 1.52186537 0.634160638 1.1100297 1.09159493
    1.32458782 0.790480256 1.45437753 1.2521596 1.15698016 1.39080501
    1.14057922 0.901621521 0.866892338 0.784332633 1.59587467
    0.713389814 1.28096187 0.838427126 1.16340339 1.56570756 1.49637604
    1.15722787 0.935556054 0.827859938 0.640224397 0.849714875
    1.25369573 1.55338407 0.943235695 0.981960595 1.51405001 1.25781
    1.16210055 1.15844393 0.754285753 1.07086837 1.2202158 0.77867198
    1.12412572 1.36258543 1.42945457 1.6113975 1.37804484 0.690351307
    1.59240913 1.27254295 0.851920903 1.15891719 1.49071741 1.51104271
    1.4200232 1.09511316 1.43400788 1.19915998 0.765229285 1.09751987
    0.762347937 0.961146176 1.42424333 0.857193828 0.737496793
    1.08682835 1.09284019 1.47011089 0.937048495 0.647058308 1.37972581
    1.19612098 0.694694996 0.840128064 1.08250725 1.12208104 1.48624098
    0.841319442 1.57287133 1.21245551 0.629401743 1.44295502 1.32494783
    0.730102599 0.866607428 0.88556236 0.479985237 1.18780506
    0.730393231 0.446120739 0.869013488 1.35386109 0.784601092
    0.847799301 1.27329504 1.19680071 0.624694645 1.05442572 0.624847889
    1.29947913 0.806590974 1.55707693 1.31169343 1.0142616 0.776380002
    0.604010999 1.58090186 1.50668502 1.04161489 0.668082118 0.974415362
    1.27892017 1.13993847 1.41230178 1.07117069 0.841570079 1.12238264
    0.973817825 1.38362455 1.21185458 1.0424453 0.82093066 1.03178608
    1.15673506 0.705700517 0.903652489 0.880204499 0.78073746 1.00691378
    0.833764076 0.805975199 0.754180074 1.54296029 0.746910036
    1.14671898 1.25195205 0.965952516 0.730267584 1.21125352 1.14636981
    1.52441692 1.59535265 1.33968306 1.16273391 0.722643018 0.676549494
    1.4173516 1.1788559 0.623568892 1.37335813 1.03269804 0.986703575
    1.25142121 0.850850642 1.22215593 1.44912088 1.35404313 1.55850601
    0.915804029 1.35368717 0.801327527 0.709977686 0.975297928
    0.849775255 0.679594398 1.10413992 1.13127613 1.49989021 1.57379246
    0.706264853 1.22884858 1.30709946 0.820293128 1.31364131 1.47571194
    0.905596197 1.05205822 0.663160384 0.796967566 1.32092738 1.12259877
    0.889747798 1.32522094 0.614405155 0.945810735 1.26531255 1.15056181
    0.863282442 0.835155249 0.952813029 1.26225233 1.2541188 0.783487737
    1.63131654 0.684298754 1.40537477 0.979149759 1.42627144 1.57785785
    1.15732229 0.872980058 0.885554433 1.12635827 0.875762343 1.5661149
    1.52037847 0.828114271 1.12793624 0.85828203 1.05208933 0.770038843
    1.16706419 1.10635006 1.45081878 0.670053065 1.50225616 0.737901509
    1.20445359 1.03698111 0.680656016 1.15144324 0.611920714 0.73197329
    0.701077819 0.779906273 0.804311395 1.58700621 1.4414109 1.39015973
    0.706150293 1.57925379 1.48394215 1.28628099 1.23406601 0.692489028
    0.880575478 1.34190655 1.3810668 1.52579379 0.697922945 1.073524
    0.987355292 0.889961541 0.648869574 1.29242182 1.15498543 1.39489782
    1.40485966 1.3353883 0.740715027 1.13183236 0.852880657 1.27199864
    0.843718767 1.09429789 1.1243751 1.46976471 1.20477819 1.21992838
    1.01418006 0.74431324 0.798155844 1.44775343 1.21331847 1.35633397
    1.25635183 0.684844017 1.33113229 1.24382496 0.860812485 1.03007662
    1.61370909 0.87545079 0.983452797 1.35230958 0.616738498 1.26193464
    0.861905396 1.52472425 0.904405892 0.956294596 1.49265218 1.16093087
    0.909151256 0.66424191 0.708351731 1.11097336 1.41757655 1.40044439
    1.41986012 1.15391612 1.16983056 0.753406644 1.26012242 1.21218348
    0.918824196 1.3005116 0.739736378 1.27502716 1.13659418 1.39365256
    0.959626853 0.717290282 0.655355275 1.31994224 1.44429314 1.61685121
    1.20008647 0.747207224 0.89751327 1.10521221 0.696809649 1.43434131
    0.88479799 1.50479054 0.889588892 1.31581664 1.34925425 1.07218361
    1.09953403 1.27030611 1.55682421 1.3826915 0.806254029 0.871983171
    1.21214974 1.58516979 1.26090038 1.53010678 1.28229511 1.2033186
    0.774387717 1.51110005 0.914437294 0.706060708 1.3980248 0.60059309
    1.33524859 1.20005345 0.643390477 0.557229459 0.732481599
    0.452387214 1.00334191 0.895514488 1.3003397 0.649460852 0.828153729
    0.813238561 0.821439326 0.553824127 0.587288618 0.912795007
    1.14445758 1.02747643 0.840390503 1.12539291 0.774614513 1.21111333
    0.659205914 1.01797366 0.974865794 1.37721121 1.49508977 1.06985188
    1.43629611 0.679865301 0.851711571 0.885670602 1.30666614
    0.940374434 0.743375719 1.19502175 1.43939316 1.02997363 1.31799197
    0.682092845 0.951319575 1.08519292 1.11791408 1.26498544 0.974922419
    1.00252259 1.44731998 0.959806323 1.49448943 0.746146262 1.07839274
    0.941213667 0.655828595 1.12139428 0.723228335 1.47682333
    0.982200384 1.04490602 0.907924354 1.45781839 1.14683354 1.23901165
    0.821798742 0.968829155 0.947730124 1.13859129 1.08308351
    0.746939659 1.22477615 1.28399599 0.976082861 1.37569153 0.799113393
    1.18314528 1.30821514 0.943129241 0.918890119 1.15959299 1.50041699
    1.37517679 0.891128838 1.0622797 1.06448078 0.761041343 1.21507847
    1.44205678 1.31598628 1.26179934 0.838210702 1.45439017 0.887493551
    1.22417331 0.661704719 1.49738419 1.03438115 1.48334026 0.902870774
    1.43435168 1.19961548 0.771103561 1.48479712 0.938203156 0.775136411
    0.744657338 1.35291862 0.953686833 0.964335442 0.914858997
    1.53527772 1.0532639 1.07269132 1.40155053 1.45755911 0.856730759
    0.6815207 1.47727561 1.3500936 1.27077997 1.06495202 0.988760531
    1.33875489 1.58428514 1.21395457 1.12549937 1.18925118 1.15796649
    1.03055131 0.714078188 1.25867629 1.27939045 1.5089972 0.668334961
    1.10744464 0.927697539 1.0718013 1.25171888 1.48774958 0.557453275
    1.15327871 1.13213217 0.845775843 1.44749033 0.723052144 1.04201698
    0.607102692 1.57649136 1.28281045 1.18077147 1.35536242 0.642021835
    0.963289142 0.806510925 1.42086935 1.49668062 0.728779435
    0.674748003 0.660753787 0.863562167 0.768458903 1.0972563 1.33319104
    1.30492854 0.677773237 1.23744154 1.03480756 0.605232239 1.29078782
    1.23248434 1.42885494 1.03719342 1.30606961 0.877229929 1.36517251
    0.780674219 1.25731313 0.997001946 1.0496819 1.49058926 1.30447233
    0.824485123 0.795921922 0.657339394 0.969668508 1.1049391 1.50217104
    1.54878223 1.33783543 1.05141926 1.14406037 1.5155102 1.10252404
    1.10817695 0.748315096 1.05932951 0.59374404 0.764758289 0.924972594
    0.699723601 1.22720814 1.06314301 0.998953402 1.32039285 1.1165719
    1.13451302 1.18319774 0.88560909 1.46717143 1.47942567 0.879906476
    0.857045949 0.706670642 1.54121232 1.45430982 0.929168046 1.4005208
    1.57113731 1.23942471 0.646211386 1.04035437 1.28716147 0.847765326
    1.20532095 0.860274136 0.711540699 1.16818178 1.13065648 0.632038414
    1.37931883 1.5665828 1.49088228 1.27187109 0.743001461 0.678420544
    0.779438972 1.10126889 0.910206974 1.12048316 0.725596249 1.12680042
    0.999913812 1.09810197 0.612958014 1.08097684 0.696836531 1.57641256
    1.57909536 1.23390079 0.768664479 1.50059986 1.51421046 1.55921006
    1.23078799 0.723901153 1.15262032 0.813138783 0.605773151 1.05306149
    0.69971621 0.900653481 1.24661934 0.649848402 1.26641047 0.965635419
    0.512373567 0.663991392 1.1059196 0.383956373 1.07336485 1.19946194
    1.16834569 1.4233191 0.628270984 1.2760762 0.764077246 0.576636195
    1.37458539 0.724880636 1.3475045 1.1246711 0.927850783 0.855500519
    0.664201021 0.58886528 1.50832272 0.579786837 0.777808845 1.16545856
    1.11644042 0.673765659 1.38278913 1.44709897 1.42978525 0.558719099
    0.906889737 0.556284487 1.00859284 0.785924077 0.865020812 1.1002512
    1.36209393 0.555141866 0.925654531 1.22442317 0.642319977 1.04885292
    1.49953079 1.11578476 1.5127331 0.633095443 0.945355535 0.839359522
    0.964796603 1.37630653 1.25571203 1.12711585 1.02681017 0.785883009
    1.53180957 1.15098977 0.988319278 1.12040007 0.880329907 0.631688178
    0.885030568 1.52960873 0.744938612 0.737943172 1.50949621
    0.682370722 1.08331299 0.850238979 0.651098907 1.22666264
    0.724189341 0.6081056 0.598085761 1.25195825 1.14265466 0.824457765
    0.865366101 1.26596451 1.49162972 1.08664036 0.648415983 1.08614111
    0.911248326 1.34380877 1.53758323 1.17527914 0.555143356 0.599943757
    0.572406173 1.21392179 1.10502982 0.719180644 0.627786517 1.1634165
    1.09542108 1.29583538 1.13308597 1.22763073 0.587636173 1.39365757
    0.992530346 1.25500822 1.21797407 1.31153417 1.22087049 0.674157977
    1.36401308 0.897673607 1.13201737 0.988010764 1.27523398 1.05622137
    1.47471905 0.634757161 1.35704219 1.13956153 0.937145174 1.2870245
    0.757655919 1.47806084 0.756198645 1.3503933 1.32518232 1.27485204
    1.01072383 0.631413639 0.586662352 0.578900158 0.67942667
    0.736714542 0.760797679 1.47048068 1.12105894 1.18899333 1.29437864
    1.15354419 1.22134435 1.0761621 1.08162522 1.18191731 1.43620396
    0.585127831 1.40121162 0.868007839 0.670954704 0.898744464
    1.10789025 0.938487887 1.02883911 0.696051002 0.552898109 1.18492115
    1.10956037 1.23035097 1.40890086 0.676275313 1.45672464 0.996496797
    1.16522777 0.750628531 1.01616979 0.833721757 0.594168603 1.05794287
    1.50105798 1.17444706 0.757467866 1.14545536 1.43071103 1.25849473
    0.702443898 1.00018704 1.2501725 1.52699471 1.02445805 0.794120014
    0.748778284 0.948287189 1.51798618 1.14258325 1.51612318 1.23501134
    1.39173949 1.44245267 1.40639532 0.954333484 0.728390753 0.561030447
    1.27307379 1.27115071 1.30953491 0.800681055 1.29948747 0.772725403
    1.45235598 0.595627785 1.28758383 1.37057912 1.39721739 1.42695069
    1.16187584 0.728094161 0.97554791 1.36017144 1.02568054 0.785865724
    1.27932405 1.09719467 1.44387114 1.20569706 0.663690627 0.682543218
    0.848320544 1.0591625 1.29517329 1.26452649 1.12764215 0.841810286
    0.749966741 1.37085843 1.20052958 0.805960715 1.32928944 0.85488987
    0.842516184 1.55308676 0.83997035 1.39321125 1.05316257 0.911058843
    0.809077144 0.737612665 1.25999951 1.12675548 1.54214573 1.25642002
    1.12795985 1.38714147 1.26746118 0.753801346 1.25157213 1.33051264
    0.554811895 0.606242776 1.43874812 0.750177145 0.796314418
    1.40190077 0.592939615 1.35097229 1.09294224 1.4001044 1.32291448
    0.566022635 0.885095119 0.421610355 1.26811731 0.643652976
    0.42830053 0.380852878 1.0361619 1.23776889 1.10365021 0.693790436
    1.42267215 1.03313267 0.666126192 1.44125164 0.992481947 1.26804817
    1.24586606 0.723147273 0.594480097 1.41357529 0.628727794 0.68975383
    1.32553089 1.29998076 1.1242789 0.986430228 0.760562062 1.51188612
    1.25243163 1.30291259 1.19319284 1.4034915 1.26392221 1.33522224
    0.685792685 0.825834632 1.05148268 1.46330333 0.710346043 1.18612599
    0.661534488 0.658771455 0.924316049 0.717206419 0.79066664
    0.606528819 0.828713596 1.30624127 0.516478062 1.31090772 1.30611181
    1.47185993 1.11938095 1.22268021 1.49837613 1.12165415 1.02199769
    0.538801491 0.945209861 1.19852567 1.07443166 1.38902986 1.07239437
    0.754355669 1.36208332 1.17717123 0.933910489 0.883537948
    0.966177046 0.53538543 1.29274523 0.780548155 0.687587738 1.45307779
    1.13648689 1.12203395 1.20542371 0.620176852 1.31779766 1.35081208
    1.06185591 1.2759279 1.18233562 1.3522104 1.26636231 1.18962407
    1.3649509 0.799295187 0.855607212 0.681479812 1.21791613 0.620086849
    1.01748562 1.43514037 1.20770824 0.903921008 0.984178364 1.41230357
    1.21815646 0.788167953 0.873477042 1.30789602 1.11768699 1.23570967
    1.18191779 1.52529728 0.623000562 0.939893425 1.26725745 0.61151737
    1.47294545 0.761462092 0.619972289 1.43401349 0.817839146 1.51624811
    1.3917017 1.1436367 0.886651576 1.30175221 1.307567 0.730842829
    1.24608421 1.40824401 1.49961615 0.861334503 0.946045756 0.990223348
    1.4178381 0.585618794 0.594944894 0.806059718 0.959834397 1.2622503
    1.13731623 0.880562603 1.05305338 1.4455986 0.95385778 1.51381421
    1.52767742 0.921962738 1.31229687 0.716211617 1.40025532 0.534161985
    0.997690439 1.46010983 1.07367718 1.14362502 1.48859262 0.827147961
    0.63586241 0.803871274 0.617351592 1.26549566 0.550512195 1.09511983
    0.563254952 1.09618223 1.16751719 0.483174086 1.17625439 0.998483181
    1.42796278 0.806224406 0.580202878 1.26791883 0.668416083
    0.564553499 1.22884691 0.733144283 0.627329767 1.10265303
    0.583769083 1.36066294 1.17064321 0.795962274 1.44191539 1.18342602
    1.39174354 0.673310101 0.776839018 0.762532115 1.15862358
    0.946136713 0.600645721 1.28158438 0.742096245 0.905409515
    0.509431124 0.91725862 1.30071747 0.805411637 1.01796794 0.736727118
    0.889799118 1.0175699 0.602032244 1.04528391 1.3505398 1.31645
    0.622912049 0.80001241 0.826690018 1.01581669 1.24295855 1.44946074
    1.31783617 1.40159428 0.565466881 0.704082668 0.722395599 1.20469105
    1.45749533 1.10195553 1.11181831 1.05688453 0.643019378 1.27541089
    1.21889496 1.17785609 0.70157814 1.39105523 0.778911293 0.763249338
    0.911577046 1.17124379 1.01341403 1.54697359 0.683908463 0.983473659
    0.754403472 1.20042241 0.671160877 0.86313045 0.927512944 1.37914228
    0.882953525 0.910247207 0.654996276 1.07507992 0.614900947
    0.70281148 0.757981777 1.0654844 1.35221946 1.19135416 1.19487512
    0.790639341 0.813919961 1.20004928 1.00221181 0.763520598 1.10566854
    1.09650671 0.396429807 0.485487372 0.439463407 1.23972166
    0.943808734 0.555284202 0.462408096 1.05888891 0.431729406
    0.736578107 1.23174143 0.539856732 1.44069099 1.02066982 0.99527669
    0.512335539 1.05794895 1.21684813 1.04317284 0.660322011 1.09805512
    1.38542676 1.13971174 1.01875412 1.37787092 0.954652429 1.15358019
    1.10996366 1.42342067 1.44917035 0.523226917 0.813715577 1.02152729
    0.551697135 1.2441591 0.913053095 0.904458582 1.02039289 0.997886479
    1.29626787 0.700735271 0.923745811 0.679129243 0.679066122
    0.843530536 1.15932703 1.39702308 0.705645084 1.36334527 0.899590909
    1.03792357 0.807326794 1.38871312 0.817818165 1.42472112 1.08042634
    1.31189001 0.516756415 1.45932877 1.45715272 1.0924077 1.40361655
    0.959368706 1.05493796 0.735888362 0.716799021 0.59321326 1.37556624
    1.35829091 0.791989088 1.14340436 0.892557383 1.35759723 0.562921882
    1.11490965 0.981513321 0.95943433 0.898617387 1.25128245 0.68673712
    0.833619893 0.914831936 0.676401973 0.492702037 1.1843456
    0.556584358 1.43549919 0.973532856 0.690930963 1.40132987
    0.988393605 1.23018694 1.11750472 0.625226736 1.16778016 1.08583331
    0.841313064 0.942762434 0.593518019 1.31349635 1.05908215 1.12589324
    1.36454093 0.686500371 0.890274823 1.3584249 0.994296491 0.637329638
    0.816018283 0.787707031 0.891531587 1.20940197 0.668994904
    0.913972974 0.89578867 1.12994993 0.932123482 1.3603822 0.831192255
    0.532024205 0.961302161 1.34299207 1.20403492 1.2868855 1.46497488
    0.481206417 1.30858076 0.765452862 0.47957474 0.71522969 0.658963978
    1.2522682 0.796749711 0.861608267 1.06591904 1.26057732 1.4539541
    1.16948986 1.12013495 1.23637605 1.13751793 1.20244491 0.821207225
    1.40131044 1.10811806 1.47024477 0.970964253 1.14392793 0.840670586
    1.27662539 0.667774022 0.862948716 1.24370015 0.837786615
    0.506510496 0.609753132 0.588822424 1.35085249 0.920396388
    0.911338329 0.598847866 1.00928497 1.08090436 1.06639254 0.65919888
    1.19760025 0.941385925 0.834887147 1.02935755 0.489177763
    0.892801166 0.75807482 1.22383213 0.664183378 1.37426698 0.576471388
    0.739364088 1.10318935 0.963135421 0.873190284 1.30794108 1.02750099
    1.04702568 0.482778847 0.993968785 1.4664408 0.811259568 0.614926755
    1.00035977 1.35162711 0.778398097 1.44196725 0.751547813 0.553596675
    1.22479177 0.674715996 1.08037663 1.17005193 0.713655114 0.679141402
    1.09329653 0.573059082 1.42974377 1.428792 1.13664365 0.591216207
    0.576817691 1.29035878 1.25670242 1.14324284 0.999429107 0.791428447
    0.811136663 0.919290781 0.946956813 0.738148808 0.953118563
    0.950200677 0.766850948 0.736193955 1.1884824 1.11035514 0.848156035
    1.31027532 0.937687457 1.39089394 0.913319767 1.07382119 1.24688172
    0.828663647 1.40864885 1.28060031 1.34297884 0.84410125 0.708103299
    1.28013039 1.34038436 1.44221032 0.570152462 0.619615734 0.602681577
    1.41964293 1.38544643 0.975722134 0.576579511 0.778691947 1.11308396
    0.912573576 1.28249156 1.00488281 0.509415209 0.764794469 1.0734185
    0.999104261 0.835864365 0.418717146 0.942605019 0.525214434
    0.622578442 0.975902677 0.822074413 1.29539144 0.970218122
    0.656905591 0.724989474 1.22963941 0.705142975 0.599214554
    1.09030569 1.03867364 1.08358836 1.15209329 0.860049248 0.542535663
    0.770436168 0.552526951 1.13117421 1.09700048 0.999296427
    0.909592807 0.633314788 0.707933307 1.12193346 1.22942472 1.04647112
    1.11832952 0.461959451 1.16736972 1.37403679 0.514648199 0.710079193
    0.827914715 1.19973958 1.19099617 1.05022597 1.30602849 1.2715714
    1.03853858 1.12387609 0.776449025 0.522346258 1.10089147 1.16603053
    1.32225335 0.472223997 0.906256378 0.990401804 0.541665375
    0.523898959 0.942622542 0.636067927 0.748432398 0.515286207
    0.522190511 1.15505075 0.482477844 1.13562834 0.758497834 0.61098516
    1.29302251 0.874771357 1.26143503 1.17347515 0.633179724 1.33559585
    0.820866287 0.966876864 1.42932582 0.583609283 0.67980206 1.12810755
    1.08928287 1.4241128 1.17957103 1.28768122 0.64779824 0.909820735
    1.34427452 1.28948307 1.00062811 1.10606802 0.724755228 0.676128149
    0.893769324 0.502923727 0.95517987 1.00841689 0.886252642 1.12603307
    1.17482424 1.34340024 0.826960266 1.0844034 1.00673068 1.179829
    0.722403765 1.05427754 0.68318969 0.932308733 1.23854065 0.960421741
    1.3816781 1.24520075 1.30943084 0.553093851 0.902217865 1.30223238
    1.38414562 1.3112402 1.16376197 1.45772278 1.12104595 1.2958858
    0.811858237 0.964176476 1.03763056 0.59327215 1.15437043 0.469622761
    0.570065796 0.830474079 1.09480298 0.694696963 1.02956235
    0.711466134 0.455845922 1.3689636 0.733206391 0.68937695 1.13242793
    0.771106601 1.17877436 0.959776103 0.460697263 0.7967484 0.922788084
    0.954347849 0.490957141 1.41876984 1.26163745 0.958236933 1.14345431
    1.21484613 1.39385724 0.472213387 1.162696 0.871319532 1.41581964
    0.706900775 0.902456403 1.02938437 1.31038153 1.17574275 0.531065643
    1.01158822 1.11483872 1.043787 1.05201674 0.921639562 0.503937244
    0.578901112 1.37718022 0.565845311 1.40923512 1.32680202 0.57724005
    0.638351798 1.35282934 0.945165098 1.43135858 0.780448735
    0.576063275 1.11245072 0.928862631 1.07458138 0.491682619
    0.544704914 0.447561145 0.605905354 0.716089249 1.08007812
    1.38025105 0.605320513 0.874449074 0.642165244 0.531455457
    0.920165122 0.784162998 1.11796618 0.514181674 1.26341331 1.1496861
    0.458254665 0.866845489 1.39434278 0.999043941 0.680170655
    1.31002796 0.811784625 1.07683325 1.25002337 0.786367893 1.27551019
    1.15418768 1.39188838 1.31797981 1.02707577 0.588269949 1.42679024
    1.05011988 1.19694889 0.475901932 1.17685461 0.92964536 1.34448278
    0.607085466 1.38393521 0.585746586 0.954657555 1.25806153
    0.900372803 0.661926627 1.19183135 1.20452225 1.2437886 0.640798032
    0.911086142 0.941983402 0.819109976 0.914722085 0.723895967
    1.12737119 0.530443728 1.22234976 1.35053396 0.657535195 1.15992808
    0.793415725 0.710548937 0.506705225 0.713540912 1.06176198
    1.41497803 0.600060642 0.490622669 0.797192752 0.555534959
    0.526709795 0.402062148 0.673671663 0.352734178 1.12465858
    0.674554169 0.819098711 0.565222919 0.549091697 0.732247114
    0.298946738 0.721986175 0.867993295 1.19172704 1.22693348
    0.881791294 1.14381957 0.464524925 1.29105365 0.510311961 1.24924409
    0.825911164 1.24408805 1.13902605 0.877710402 1.40901649 0.572162986
    0.546882451 0.689585567 0.805036962 0.935459435 0.610497594
    0.462655544 0.637240112 0.463217735 0.801306784 0.516079664
    0.681293368 0.79026258 0.99698782 1.25957441 1.3288908 0.652147174
    1.25404036 1.2410326 0.915622234 1.12540865 0.664819598 1.18504846
    0.823272288 1.299577 1.26380193 0.941429079 0.544673145 1.22956812
    0.839419961 1.26526535 1.33333445 0.45577842 1.06395173 1.17115426
    0.994585514 0.609458208 0.687624574 0.76442498 1.00586545 0.63348484
    1.38491392 1.31061924 1.25878155 0.961890876 0.66495651 0.716732979
    0.863960803 1.08837736 1.28753078 1.04932487 1.12486315 1.24493206
    0.824028552 1.32956803 1.41068888 1.32137549 0.872495055 0.674399674
    0.961011469 0.805902243 0.945773661 0.701573431 1.00156379
    0.515321493 0.612439334 1.39388728 0.593428254 0.531800926
    0.977664649 0.678990304 1.03485155 0.557463646 1.37513244
    0.860059798 0.686630011 0.913911283 0.518769205 1.13007927
    0.985729158 1.15710318 0.46821633 1.14836419 1.1804601 0.454133004
    1.28703427 0.75022155 0.696437716 1.05286789 0.539078534 0.820994735
    0.978045344 1.42601752 0.59168005 1.05023277 1.28480196 1.43038273
    0.743938923 1.32912016 0.456325859 1.00673544 0.915792108
    0.835132718 1.29493761 1.16926003 0.438749254 0.679775715
    0.454096258 0.800309896 0.89227289 1.39554644 0.438195497
    0.949636579 0.57711041 0.509376645 0.860624552 1.41326451
    0.442698359 0.625497103 0.963399231 0.925368965 0.646385014
    0.573353887 0.792435527 0.537485719 1.36859286 0.499305934
    0.761326611 1.16582429 0.916984499 1.24922264 0.593140781 1.33509314
    0.999037325 0.894333899 1.10947156 0.667165518 0.963112533
    0.590845883 0.665217698 0.989989161 1.26069152 0.503217161
    0.943325281 0.403385997 0.950087726 0.412899315 0.622104704
    0.61527878 0.786555946 0.981353462 0.759875059 0.95413357
    0.955830634 0.622700095 0.740924776 1.26611936 1.1179564 1.15807748
    0.568209648 0.748111069 1.22661114 0.866723955 0.620492339
    1.22061872 0.866274774 0.96102047 0.664553761 1.30743432 0.556030869
    0.79376334 1.1184746 0.685069382 0.756766498 1.21978927 0.415151715
    0.952699244 0.441280633 0.465041697 0.884381175 0.741429687
    0.895027757 0.825606704 0.89789325 0.600984871 0.467388362
    0.701792836 1.31069291 0.904227078 0.766755044 1.23353374
    0.456884086 1.04774368 0.812467873 0.910722375 1.405388 0.598231912
    0.955161929 1.05118978 1.09687984 0.551019847 0.973036289
    0.708350182 0.661273301 1.03054821 1.40802073 1.14241874 1.11589873
    1.26071143 1.43271124 0.712264717 1.08169281 1.23512399 1.06511784
    0.442436546 0.787954569 0.623984516 0.884567261 0.986804068
    0.867760956 1.3916806 0.725740612 0.64207238 0.797933578 1.26752186
    0.471589208 0.410186946 0.713212252 0.391416132 0.446613371
    1.08193219 0.820690691 0.712240875 0.836674094 1.07031953 1.11373425
    0.310373276 0.553810716 1.20090055 0.948453426 0.317289889
    1.25910556 1.28644741 0.922764719 1.16414833 0.73991406 0.696130335
    0.565533102 1.21402609 0.718527794 0.817564666 0.663736463
    0.643205822 0.434074193 0.65646857 1.29209113 1.12148952 1.0985955
    0.760505736 0.450300485 1.37410462 0.516903162 1.22979128 0.52721262
    1.04683626 0.417797416 0.699729681 0.94808507 1.19082677 0.928560376
    0.387128115 1.20633173 0.74640733 1.14467669 0.485176027 1.10444629
    0.849240541 1.12115562 1.04864073 0.499460906 0.979938328
    0.641819119 0.992144644 0.737958908 0.572597682 1.01707602
    1.19021499 0.428996354 1.10998678 1.20491076 0.791125059 0.627171159
    0.617256105 1.11153555 0.864940047 0.610918462 0.387880623
    1.38298357 0.459317356 1.18600714 0.842891693 0.448301673
    0.658399165 1.32185054 0.516521037 0.575008988 0.82735157 1.31906748
    0.645533621 0.758953452 0.864950418 0.93266511 0.768722355
    0.645384967 1.0505234 0.550037801 0.970312417 0.808975518 0.54433471
    1.29417324 1.07983863 0.70687151 0.779122591 1.10327542 0.499973834
    1.1453681 0.630929351 0.862992883 0.552487612 0.674365878
    0.408866614 0.486737639 0.833573222 0.783736408 1.20066524
    0.930173695 1.34054983 0.876039088 0.655201197 0.753018081
    1.36666501 1.07317376 0.45198369 0.908661187 1.19013381 0.985354424
    0.986325502 0.751611292 0.537534297 1.10616088 0.840839028
    1.19629729 0.512206435 1.05424738 0.648106217 0.609174371 1.18965924
    0.961310983 0.377976388 0.470826566 0.419401258 0.715986311
    0.405544698 1.07148337 0.80114305 0.600157619 1.19271529 1.24743557
    1.28085446 0.842084706 1.06267345 1.20771766 0.894946218 1.12123823
    1.23448038 0.612914503 0.524754822 0.863691926 1.08142889
    0.787560403 1.28951192 1.36247516 1.01530981 1.20783114 1.00288522
    0.814633071 0.536498487 0.595824838 0.636570096 0.889852166
    0.611361265 0.859570861 1.32751286 0.386382759 0.494112104
    0.824765503 1.32301188 0.631016374 1.14472425 1.16447067 0.703377604
    0.643360257 0.869049668 0.368202537 1.16892147 1.0921979 0.595160723
    0.576946676 1.10745692 1.26635003 0.828717768 0.757856786 1.1752969
    0.891085863 0.805082202 0.832680225 0.981088996 1.0360297 1.10993958
    1.09484363 0.685218394 1.14187729 1.13177156 0.507312357 0.8143273
    0.766052961 1.08058631 0.446982801 0.391324252 0.849720001
    0.798856616 0.780908525 0.508028507 1.26709557 0.528589904
    0.881383181 0.400795341 0.934001088 0.698290169 0.778280318
    0.424840689 0.424130082 0.424822807 0.878513873 0.709830761
    0.915932775 1.18021297 1.02802575 1.37215269 0.652454913 1.11037624
    0.778866291 0.756097972 0.741727173 1.39054132 1.34616792 1.03355861
    1.32873595 1.04783463 0.911277175 0.898139656 1.18570757 0.890540898
    1.12221551 0.503010631 1.25642776 1.3115809 0.507816076 1.32779062
    0.557869375 0.590883195 0.666431963 1.17770588 0.41645211
    0.857885063 0.65735954 1.12998939 1.07841933 0.378771335 0.729999781
    0.609825671 1.22606921 0.40969789 1.33421731 0.387458116 0.527497947
    0.69720751 0.492271811 0.657149673 0.682213664 0.68647629 1.14375722
    0.428733647 0.407609195 0.399023205 1.20263875 0.789429665
    0.863393486 1.04716635 1.0533489 0.856288075 0.627489507 0.828722179
    0.473156005 0.68999511 0.567878842 0.400096655 1.19120407 0.63535279
    1.17930579 0.469059467 0.951681495 0.394015074 1.15556455
    0.762589991 0.441157132 1.06666279 0.463030249 0.830472767
    0.585485518 1.36025321 0.983481765 1.13991559 1.22552109 0.850222051
    1.14362907 1.13740861 0.397491723 0.442730039 1.3414948 1.1651237
    0.417972773 0.59312427 1.08706057 0.662640989 0.890023291 1.20322216
    0.691053867 1.24429977 0.751588702 0.989864528 0.86843437
    0.904613197 1.02898777 0.408706933 0.482050419 0.931752563
    0.892051399 0.544466257 0.659828246 1.1784339 1.28692031 0.633255601
    1.17725492 0.920295417 0.501835525 0.735210121 0.620939195
    1.23313498 0.607591867 1.1232599 0.789495349 0.457677752 0.935672462
    1.10602212 1.0449028 1.03064024 1.25340772 0.76062727 0.67803961
    1.05916011 1.31309438 1.18148887 1.12683392 0.36142695 0.861061573
    0.48040396 0.394155473 1.21691442 1.10398459 0.607758105 0.479178369
    0.645808816 0.896624804 0.862458408 1.19728315 1.00593436
    0.799548268 0.627900898 0.909300566 0.719895661 0.856660187
    0.959819794 0.813827038 0.375080019 1.17805827 0.996060073 1.1777885
    1.32118535 0.725833714 0.62155503 1.04775 0.609345973 0.405761957
    0.974811316 0.435265839 0.934546769 0.613375425 0.729091525
    1.12349653 0.40034759 1.00793481 0.664439499 1.0616684 0.939113617
    0.680785894 0.82660532 0.940071464 0.810585499 0.47855854
    0.643507898 0.769223571 1.2220993 1.22829902 0.402624518 1.01569188
    0.76017499 0.633143902 0.451287031 1.33191657 0.55879873 1.05095947
    0.748526335 1.00395703 0.904368997 0.719041586 0.774762809
    0.953629971 0.463805407 1.17799771 1.05158424 0.42473042 0.711234808
    0.699676991 0.423652411 0.480020851 0.387002677 1.24501443
    0.361098558 1.07877326 1.25425899 0.364389926 0.829304695 1.15436757
    0.684613943 0.677517116 0.39234367 0.75767374 0.634726226
    0.792188823 0.473306119 0.645776391 1.03978097 1.26645696
    0.888001561 1.13539636 0.697708607 1.2255367 0.571627617 1.19103551
    0.853655696 0.455513 0.393045962 1.30916333 1.16431916 0.528814137
    0.735743344 1.0724833 1.11567903 0.719563067 0.743252635 0.688367605
    1.26283133 0.55921644 1.24495327 0.937140703 0.402403831 0.67257154
    0.738339722 0.946492612 0.429726571 0.523419797 1.04223824
    0.809620619 1.23051512 0.985019088 0.44324398 0.747718215
    0.502311647 0.489159048 0.705460131 0.974144578 1.26501787 1.0224874
    1.10503078 0.483652055 1.04241693 1.1367321 1.31838357 0.920226932
    1.18438244 1.27375233 0.57303828 0.567223132 0.790748537 0.875147104
    1.28429687 1.16197646 1.23798454 0.676958978 1.18526161 1.18640602
    0.570384085 0.521680355 1.36159849 0.423999935 0.627754509
    0.664344788 0.936339319 1.00193536 1.03489864 1.1232605 0.798347652
    0.53692311 0.753343999 1.10760546 0.992947817 0.543020487
    0.515104175 0.934502959 0.608612716 1.13350523 1.12623346
    0.444987714 0.507962525 1.00460255 0.746253133 0.678173363
    0.823543191 0.695419788 0.871275604 0.511213958 1.04467797
    0.998460293 0.623755932 0.964190841 0.362955153 1.2114464
    0.392318696 0.840180278 0.716412961 0.557439208 1.07868791
    1.22764397 1.05582809 0.934406877 0.78352499 1.28370321 0.759683371
    0.989172757 0.512664378 0.331602961 0.766358197 1.03286409
    0.638730228 0.890901446 0.489179939 0.732024133 0.519063354
    0.469393045 1.04633629 1.18828928 1.28718591 0.54668504 0.896915913
    0.537080407 0.621346354 1.00172031 0.333196878 0.644820273
    0.927295625 1.21646011 0.361895174 1.26599491 0.795451283
    0.949810386 1.13371146 1.30834687 1.04037082 0.39877975 0.440966487
    0.983540058 1.25991344 0.929693043 0.982489347 0.392512023
    0.770976663 0.476715773 1.32030785 0.464476973 0.910134077
    0.825457454 1.17955887 0.767950654 0.899551392 0.933064282
    0.87536335 0.730041027 0.850830674 1.13169479 0.636247635 0.68707937
    0.705304325 0.389593989 0.99090606 0.984618485 0.608620882 1.1126188
    0.9212991 0.916551411 0.433874816 1.13547468 0.933190346 0.870941043
    1.21380496 1.23567772 0.804451883 0.498417735 0.332376629 1.03485298
    0.811997712 0.484365255 0.378937364 0.879888117 0.571406245
    0.548524618 0.654536843 0.773448825 1.10441494 0.566403508
    0.814685404 1.21167457 0.672216833 0.895686209 1.20986199
    0.973327398 1.05810535 0.689047813 1.03768122 0.880452335 1.17267013
    0.861414552 0.337838203 1.26762974 0.428468108 0.707690954
    0.823629141 0.602322757 0.933141232 1.00872898 0.518324494
    0.544424534 0.335544556 0.390518576 0.547493815 0.726303339
    0.522077322 0.597044468 0.425760925 0.418837428 0.915452123
    0.887511551 0.983298957 1.0674057 0.530935228 0.561758041 1.16842711
    0.562969685 0.476632208 0.720785797 0.833104432 0.919003546
    0.991118729 0.57673198 0.883746982 1.04340708 0.559753478
    0.904800653 0.765822172 0.743753135 0.900812149 0.487082422
    0.659663141 0.496426761 0.408387482 0.940730572 1.14175344
    1.27493906 0.476451069 1.18918228 0.931937695 0.811532855
    0.468909562 0.777337074 0.488639295 0.5436607 0.463012338 0.44230336
    0.819438517 0.851849556 0.398922086 0.43220982 0.941213787
    1.03494263 0.990204394 1.0463717 0.514832377 0.3614811 0.526150227
    0.517115772 0.599296153 0.422396451 0.630764961 0.69793421 1.1644522
    1.21607459 0.382317096 0.690377593 1.29419279 1.00970948 0.45680058
    0.667080522 0.47184822 0.480027825 0.391470611 1.04616201 1.27270532
    1.23416686 0.360648662 0.433369845 0.410922915 1.10636616 0.7037462
    0.631002724 0.447218835 1.27322233 0.356313825 0.437418431
    0.451982468 1.13024914 0.56434226 0.898590803 0.347546339
    0.493932277 1.29463732 0.804737806 0.70019722 0.494058609
    0.466262907 1.2544868 1.02567446 1.30840838 1.20919633 0.459710509
    1.00190151 1.31289029 1.05133855 0.844403028 0.833560348 1.10843623
    0.930233777 0.834605932 0.595529854 0.986640334 1.07593465
    1.03834009 0.457107395 1.11492836 0.392379731 0.699651361
    0.533886015 0.840258956 0.97449398 0.729806244 0.616963327
    1.19683635 0.687082529 0.842701674 0.508778155 0.661068797
    0.701824784 1.08294082 0.632461011 0.431102455 0.199194029</data></your_img>
</opencv_storage>
