<?xml version="1.0"?>
<opencv_storage>
<g>1.8999999999999999</g>
<r>2</r>
<filter-type>0</filter-type>
<circular>0</circular>
<L2_diff>195.59061477731191</L2_diff>
<test_img type_id="opencv-matrix">
  <rows>128</rows>
  <cols>256</cols>
  <dt>f</dt>
  <data>
    0.302881092 0.575199723 0.346886218 0.969717622 0.81012547
    0.779200375 0.948717356 0.592989981 0.0230954289 0.880881548
    0.789624989 0.498218656 0.766651511 0.438868314 0.579142392
    0.926251173 0.863266587 0.424022228 0.945734382 0.459016979
    0.523897767 0.763418674 0.319856942 0.119466096 0.791758835
    0.201349884 0.281013429 0.369631529 0.38815552 0.849992514
    0.204338282 0.812503576 0.467134863 0.226949036 0.814686358
    0.122710794 0.627003372 0.0289980173 0.592382848 0.0310494006
    0.25312525 0.731916666 0.205433577 0.231951922 0.463438362
    0.34046784 0.198133886 0.0731735826 0.529491782 0.243811429
    0.735129416 0.411580741 0.977264404 0.640850663 0.952877343
    0.914959013 0.517395735 0.392838031 0.956548095 0.695504069
    0.213016242 0.388218433 0.863465011 0.451760083 0.839645982
    0.721004128 0.973757148 0.586807013 0.760904193 0.250869274
    0.958432794 0.0145718157 0.650506437 0.795848846 0.608677983
    0.631763458 0.62986207 0.297425807 0.286877036 0.328799188
    0.628697395 0.986297548 0.876553178 0.415431798 0.657286167
    0.802137733 0.109065294 0.908042669 0.122754753 0.841670513
    0.51995647 0.0447850525 0.970239878 0.969317198 0.699608088
    0.635374308 0.72107625 0.859533906 0.87721312 0.080191493
    0.747155607 0.151121646 0.949594498 0.497686595 0.524632335
    0.553726256 0.611693501 0.0760071278 0.218026102 0.870434761
    0.478230059 0.504918993 0.694395244 0.579878211 0.158839643
    0.619608998 0.539065599 0.338983357 0.423519313 0.909035861
    0.720808029 0.537831306 0.666077971 0.903616071 0.180557251
    0.344922721 0.529320896 0.687130153 0.196982533 0.943021059
    0.643784046 0.0323291719 0.327038229 0.564028919 0.66460371
    0.970615149 0.979764581 0.680451155 0.958477616 0.537895322
    0.553074479 0.0339670777 0.391259521 0.409038067 0.365048528
    0.743163586 0.450808436 0.400196612 0.637978137 0.869978428 0.73398
    0.112434089 0.863638043 0.133625835 0.81441915 0.10532397
    0.336273909 0.324476898 0.778163373 0.0712012351 0.962085843
    0.840863466 0.647507668 0.376619577 0.95312345 0.0223062038
    0.085092932 0.638607979 0.58146745 0.541712701 0.166666865
    0.940949857 0.709212661 0.996542573 0.829053223 0.244508952
    0.288957298 0.87717545 0.25453794 0.189804554 0.868493676
    0.555194378 0.554320753 0.251926959 0.721545041 0.903428555
    0.635185897 0.32960701 0.0271065831 0.0246505737 0.260196149
    0.710506976 0.170428336 0.680949509 0.789109588 0.142399669
    0.0128057301 0.628201187 0.640407264 0.529627502 0.318498313
    0.108290702 0.687375784 0.382750869 0.336213231 0.923319817
    0.504302979 0.369607836 0.395024359 0.332130611 0.898617864
    0.99951148 0.792128205 0.310638577 0.783232808 0.382975608
    0.264619052 0.819411337 0.118421018 0.106490672 0.0999313593
    0.934933662 0.822274327 0.27592954 0.12050128 0.967845976
    0.272504926 0.904350698 0.317463279 0.11358887 0.740045846
    0.0348230302 0.817825139 0.96333158 0.171552658 0.863323748
    0.477783501 0.170407325 0.447735935 0.0610589981 0.977324486
    0.433843344 0.084705323 0.438628554 0.504915416 0.498202741
    0.746102631 0.519223928 0.130007297 0.53902775 0.87531352
    0.567501068 0.476131201 0.782678008 0.678339362 0.30243358
    0.874468088 0.677967727 0.0280541182 0.751256466 0.266344428
    0.0820198655 0.042778641 0.485497445 0.704245508 0.395027339
    0.27714169 0.699292183 0.478145897 0.0538575947 0.255006135
    0.722104549 0.446109205 0.810566664 0.437084138 0.302534342
    0.397075176 0.368228883 0.587425888 0.508315086 0.285613477
    0.0112020075 0.374079943 0.292172402 0.363794804 0.963891864
    0.344427407 0.780510068 0.942018032 0.118258148 0.341986507
    0.106482714 0.958635747 0.149160773 0.840169907 0.515166581
    0.474627107 0.02960217 0.622132063 0.656429887 0.571181297
    0.477758616 0.724017978 0.30568704 0.188236535 0.872088909
    0.404319227 0.102902442 0.0393942595 0.614228725 0.752639472
    0.982515097 0.568976164 0.457199574 0.796915591 0.530084491
    0.403300822 0.951208472 0.844412565 0.236373216 0.707593024
    0.899291158 0.336245328 0.820057631 0.726264 0.89062655 0.642103434
    0.364488393 0.616976917 0.388728082 0.219091237 0.178594589
    0.90886271 0.739302993 0.721620202 0.576292872 0.34016037
    0.524548888 0.389956415 0.439494133 0.0653315783 0.120959729
    0.0341903269 0.769639671 0.833546519 0.120531291 0.116443783
    0.935399175 0.783150733 0.305316508 0.188999712 0.174097866
    0.00325608253 0.802300572 0.992174208 0.376646787 0.559946239
    0.100065321 0.654839277 0.814579248 0.707975507 0.827583432
    0.126412839 0.626220703 0.638925433 0.484861135 0.612129509
    0.691125512 0.577954412 0.152281791 0.684053898 0.0258989334
    0.94630456 0.506635368 0.0913880467 0.843534827 0.714277744
    0.634629846 0.421151608 0.669832051 0.75395143 0.461685479
    0.0362167656 0.781346321 0.443289518 0.936691046 0.988956213
    0.231342047 0.15451473 0.88358587 0.395660639 0.315050006
    0.167142093 0.0572431684 0.0991987288 0.69299829 0.248545617
    0.77405417 0.711515307 0.0641523302 0.494211912 0.200722754
    0.93795675 0.738043427 0.361688197 0.202425361 0.857952058
    0.398050964 0.416777462 0.0051984787 0.381944805 0.247496307
    0.784674227 0.120355934 0.826552749 0.878661275 0.219857067
    0.0962795019 0.268324792 0.850000918 0.151850551 0.162538409
    0.937710047 0.437430024 0.581609666 0.82991612 0.63321954
    0.253675997 0.458951771 0.728030205 0.510247767 0.558745921
    0.623694181 0.33993727 0.661991775 0.0321283042 0.643413484
    0.792953134 0.875950217 0.485051781 0.804457307 0.00678366423
    0.237254471 0.250229895 0.182192564 0.729965091 0.357674718
    0.472600549 0.610857964 0.1018731 0.346178651 0.371864587
    0.121482998 0.8427912 0.901791215 0.469634652 0.225868106
    0.955958784 0.225034624 0.64983505 0.0677799881 0.105281115
    0.705405593 0.618026853 0.55134201 0.741868615 0.102728665
    0.748323679 0.334748626 0.948232353 0.429334909 0.161630601
    0.665010095 0.658210039 0.586687267 0.649803042 0.182736635
    0.708475471 0.152942508 0.601852894 0.602656543 0.950641215
    0.789908648 0.0739884973 0.965434909 0.844106913 0.593803525
    0.0618839264 0.212627172 0.259156466 0.706718922 0.10139057
    0.741153538 0.877746642 0.761304975 0.279380381 0.244414061
    0.449028432 0.869807124 0.787340283 0.120233774 0.15211606
    0.0760782361 0.982058167 0.28202951 0.775342941 0.248587519
    0.920196474 0.518749237 0.888353825 0.142381787 0.70642364
    0.105544776 0.242551476 0.0841811597 0.87495482 0.256396472
    0.726482689 0.864549756 0.0946417451 0.815900445 0.0373424888
    0.182249546 0.233204365 0.331156284 0.208556712 0.0280379653
    0.801438391 0.986410975 0.507523179 0.990932226 0.962102652
    0.97595942 0.357173502 0.385666311 0.268466443 0.0187360942
    0.933345795 0.606469154 0.444219589 0.122456551 0.956690431
    0.016797632 0.506158471 0.770251989 0.698116362 0.241176397
    0.0198979676 0.197274655 0.534052908 0.990394115 0.179557055
    0.859335184 0.137959927 0.489531189 0.796408117 0.907664895
    0.0383699834 0.729239762 0.293735355 0.738065064 0.345033228
    0.370479792 0.15079987 0.978428364 0.289310277 0.904811621
    0.698233843 0.0988893509 0.816837549 0.670085132 0.742221951
    0.689675927 0.888761163 0.708341479 0.494167835 0.993408799
    0.178425997 0.310420692 0.342042238 0.742236018 0.711483717
    0.596028745 0.0682996809 0.953090429 0.943848133 0.900575161
    0.112140536 0.265898496 0.1887362 0.869330108 0.920767784
    0.567712128 0.199213624 0.59826839 0.969427466 0.708912849
    0.992465794 0.873745143 0.0206632614 0.449457973 0.956119537
    0.202832341 0.172607541 0.116078913 0.300377369 0.665759146
    0.447704077 0.410538822 0.682194412 0.196444213 0.935577393
    0.0468277037 0.401788771 0.420833379 0.269148111 0.908832729
    0.642538548 0.501380742 0.225566477 0.558520973 0.132093042
    0.533191085 0.776697755 0.433228582 0.789705217 0.493155926
    0.907425046 0.598571599 0.221987277 0.463750005 0.843857765
    0.788113117 0.0229149163 0.894960046 0.132338136 0.342837751
    0.654521942 0.0723694265 0.895518422 0.0794000626 0.734390795
    0.598296821 0.379980296 0.313382119 0.301705062 0.351228476
    0.91065824 0.0285835564 0.630172491 0.69608885 0.090285182
    0.866442978 0.0613984764 0.920932412 0.429572463 0.0233121514
    0.862655759 0.0348391831 0.70455718 0.838469625 0.476128191
    0.661853373 0.163562298 0.912176251 0.668181956 0.473657608
    0.970050573 0.295325488 0.940932035 0.834380031 0.278340191
    0.872480035 0.728388488 0.745890379 0.929638267 0.815109372
    0.356722116 0.208794683 0.2199772 0.495843321 0.967977643
    0.504334629 0.558707416 0.332709074 0.671867907 0.259091258
    0.694175243 0.341384172 0.946547925 0.0904785991 0.949490488
    0.578857899 0.388923794 0.435295314 0.95778358 0.883773863
    0.634139419 0.409645319 0.232254863 0.810210764 0.147185594
    0.531252503 0.929008305 0.579903364 0.239037186 0.391976297
    0.69622612 0.699862957 0.677817941 0.782877445 0.911236048
    0.998908997 0.405706912 0.265528768 0.548856854 0.180541575
    0.608255386 0.604056299 0.771772921 0.169230044 0.708423615
    0.87760967 0.187595904 0.954532743 0.0244550705 0.893449247
    0.210549802 0.869034052 0.235460877 0.614640296 0.290998638
    0.243265688 0.129292607 0.0901987255 0.922877312 0.649454236
    0.492197603 0.414713919 0.767631829 0.807619214 0.927559197
    0.986450791 0.8825351 0.261296332 0.619559109 0.0296694338
    0.761588156 0.917024493 0.435377836 0.128221422 0.475462228
    0.756707311 0.207313538 0.051071018 0.606278539 0.958624601
    0.182282209 0.26901868 0.487178385 0.240280151 0.399110466
    0.483279943 0.520022452 0.465505719 0.068607837 0.0949412584
    0.894955516 0.868730545 0.0999957919 0.182977468 0.0175278187
    0.496091276 0.687854886 0.276063979 0.675133228 0.804249287
    0.205865741 0.653417468 0.549648464 0.941013098 0.00211301446
    0.253834665 0.636930466 0.848103583 0.384617388 0.300151229
    0.302280009 0.00844699144 0.626449883 0.0501514971 0.120060861
    0.25570786 0.355044961 0.468282789 0.347489119 0.117058218
    0.43786037 0.309964955 0.0130404234 0.340234458 0.0225357115
    0.107669145 0.496919781 0.696943521 0.880813718 0.365119815
    0.547503829 0.860371292 0.342685074 0.361981928 0.5896824
    0.575332165 0.859795809 0.0795043707 0.157851249 0.893261373
    0.374245524 0.63139087 0.473139256 0.851100564 0.385536283
    0.293706596 0.572647989 0.515459478 0.791924953 0.628105879
    0.472920358 0.548959613 0.284232855 0.0197146237 0.00116330385
    0.266502857 0.88165015 0.314991295 0.835699916 0.1471937 0.443560302
    0.738865197 0.88781631 0.53841728 0.0640695691 0.706553578
    0.537888646 0.486842632 0.22475481 0.631046772 0.329332769
    0.158708304 0.77977562 0.621448159 0.968824387 0.653385818
    0.26617533 0.169098347 0.225144744 0.548957467 0.0985633731
    0.18674311 0.44094643 0.158952504 0.326223522 0.511652946
    0.454848677 0.498280257 0.676192105 0.572549701 0.157806933
    0.217185795 0.397309065 0.0979960561 0.700348258 0.0374407172
    0.516189337 0.621030688 0.212820768 0.175050408 0.154069662
    0.266880155 0.522779346 0.0612698197 0.343000352 0.718842745
    0.655832469 0.136373967 0.0502021015 0.376917422 0.684201181
    0.0756033361 0.61528182 0.0443281531 0.682081223 0.910034299
    0.938110113 0.546407104 0.966485858 0.770822644 0.287819386
    0.694920421 0.898917794 0.119811535 0.681644082 0.629793525
    0.542858422 0.586008549 0.546723008 0.812907696 0.653005838
    0.179079026 0.314372778 0.789289117 0.999044597 0.798059165
    8.15391541e-05 0.483011842 0.225578338 0.299289167 0.248075396
    0.947176874 0.726930618 0.648457825 0.880657136 0.98098743
    0.971510649 0.0573097169 0.725833297 0.438009024 0.700971007
    0.222044617 0.547046363 0.898603797 0.0759749711 0.79156971
    0.0207543075 0.556741893 0.41711396 0.681145191 0.09712556
    0.646496117 0.39944157 0.655224502 0.467302024 0.0269828737
    0.313298464 0.840839386 0.16231519 0.599116802 0.642891407
    0.56686604 0.264766634 0.795751929 0.233932525 0.793484926
    0.0672907531 0.843788683 0.0318206847 0.627646804 0.864749372
    0.741970241 0.178100526 0.109859169 0.667587042 0.777767897
    0.118340164 0.492131799 0.0276576877 0.538438678 0.997007191
    0.104884177 0.80168438 0.504669785 0.680842578 0.426730931
    0.81045717 0.753005743 0.493338734 0.791743457 0.317757994
    0.104114503 0.0333919227 0.0538321733 0.888427377 0.721264482
    0.194824427 0.669898868 0.22144413 0.777753353 0.0924061239
    0.779312491 0.575718343 0.278930485 0.234346926 0.612424076
    0.204792202 0.67265892 0.523845315 0.679869592 0.481960326
    0.943466723 0.957632482 0.878996134 0.816294134 0.530238211
    0.660186052 0.753674805 0.411203355 0.284404874 0.0494354367
    0.217731416 0.868079603 0.499522746 0.678981006 0.679014087
    0.242843479 0.990124166 0.649695456 0.61604178 0.87052083
    0.644019246 0.984277248 0.924735248 0.0697745085 0.12558198
    0.554016232 0.27846545 0.217659235 0.029916048 0.776173055
    0.00212490559 0.126448005 0.671094835 0.802358508 0.459890842
    0.338908017 0.316838503 0.170014083 0.809416771 0.585654438
    0.996084809 0.280786335 0.674530149 0.395041853 0.115508527
    0.546880186 0.411414862 0.0432057679 0.29218328 0.928686619
    0.329570711 0.643429577 0.022906065 0.37899676 0.844840169
    0.730978727 0.828872204 0.86329782 0.923848271 0.950616598
    0.565306365 0.0324528515 0.0325775445 0.687146306 0.361318052
    0.91990602 0.0786808431 0.272974491 0.0354254246 0.391480029
    0.728520334 0.0422071815 0.0477251709 0.300156534 0.194796443
    0.555434048 0.00511851907 0.598606229 0.627446055 0.665880919
    0.651429117 0.502389073 0.57238847 0.218501508 0.0679654479
    0.171763033 0.612636328 0.924618006 0.848777056 0.597039282
    0.914335012 0.509414494 0.31283024 0.459161639 0.966540337
    0.813458085 0.834704638 0.76211834 0.442675948 0.77036351
    0.539383113 0.930401444 0.25167042 0.485311002 0.972514749
    0.213092744 0.276117742 0.826972842 0.418713689 0.260130018
    0.615853488 0.732623458 0.808947921 0.720171094 0.10947898
    0.844965518 0.330941379 0.303013235 0.313521683 0.811732531
    0.0363551378 0.175980687 0.566969991 0.42641589 0.52974242
    0.947603881 0.992123842 0.839782894 0.844200969 0.950998724
    0.432606339 0.720618725 0.686463833 0.28210026 0.79214251
    0.191558391 0.649136484 0.380330503 0.531725764 0.50325346
    0.588926375 0.391759217 0.682859898 0.625111461 0.433133781
    0.886240602 0.620295644 0.988095403 0.833913445 0.705667496
    0.816290736 0.641683877 0.371431828 0.0382475257 0.898518682
    0.823666811 0.519966483 0.476218283 0.334688812 0.90861994
    0.695799649 0.404963732 0.527381063 0.983480275 0.693953753
    0.916170955 0.756188869 0.299123526 0.61052233 0.455434114
    0.145506322 0.654770076 0.359663427 0.557681918 0.241160154
    0.37974453 0.202891201 0.396803796 0.471282572 0.274011731
    0.846754253 0.995062828 0.890589058 0.914972782 0.560889065
    0.719297409 0.237750411 0.743943572 0.878960967 0.614998162
    0.0809867084 0.763791203 0.995434403 0.647367775 0.454880506
    0.819318771 0.678220868 0.310603768 0.0721425116 0.262351811
    0.909644306 0.844806194 0.199570984 0.623472631 0.339148521
    0.984128475 0.247046947 0.947327375 0.199682325 0.9777565
    0.418371797 0.809815228 0.88733232 0.364399672 0.236225367
    0.603755832 0.473297805 0.666827559 0.663197041 0.89659512
    0.0526625216 0.0297980309 0.781631172 0.0769804716 0.406517982
    0.718664944 0.687185645 0.474185765 0.0477023721 0.918637872
    0.306675285 0.908896327 0.0221708119 0.91102016 0.349877656
    0.96960783 0.905039668 0.183730155 0.280492485 0.649202406
    0.742290974 0.421584427 0.909108639 0.346087635 0.245571673
    0.100353003 0.656948507 0.510971367 0.109942406 0.31513533
    0.638077497 0.608208537 0.792959094 0.331098437 0.388839602
    0.483974606 0.585534334 0.935516596 0.260745883 0.0713599622
    0.710563123 0.471447587 0.800073266 0.184070826 0.21347487
    0.785189211 0.150006562 0.338527501 0.484592021 0.444303989
    0.431205511 0.92784059 0.688283741 0.30465433 0.816162109
    0.832452655 0.751905441 0.089050591 0.914843738 0.0553215146
    0.950636029 0.14481467 0.289006412 0.354086101 0.763339162
    0.0917572677 0.18492353 0.127983779 0.637248158 0.550714016
    0.479109049 0.473234504 0.7388919 0.387371302 0.13441664 0.632492542
    0.32948631 0.415797889 0.52347976 0.570040762 0.819479942
    0.830533266 0.651879668 0.338945091 0.662712812 0.821913719
    0.27445209 0.552155077 0.0466038287 0.903925657 0.970476151
    0.76610744 0.912110865 0.93266046 0.415365934 0.987743437
    0.826685309 0.967263997 0.0705367923 0.454960018 0.171972215
    0.71594584 0.637016058 0.887902737 0.89815855 0.039006561 0.44455573
    0.880487204 0.0431983173 0.615401149 0.142005801 0.3369627
    0.954246342 0.642087102 0.913528085 0.752282679 0.988292217
    0.97545743 0.412931532 0.466344029 0.131593555 0.483906239
    0.273284435 0.884690821 0.518844545 0.261460304 0.127319634
    0.409070373 0.00816518068 0.569201589 0.803591549 0.0225992799
    0.203063965 0.914497256 0.384639859 0.773507833 0.597860634
    0.658753395 0.411890745 0.969175339 0.194129884 0.421556771
    0.852236629 0.65522033 0.632599652 0.417917132 0.290186942
    0.317481101 0.216126561 0.638842762 0.356937647 0.712537766
    0.229342133 0.905521095 0.489653319 0.88330102 0.600217283
    0.840915561 0.915317476 0.0501812994 0.808319688 0.359278202
    0.251985073 0.0380993485 0.238078892 0.392080247 0.247148395
    0.886373162 0.415547252 0.552176893 0.32298696 0.880737662
    0.236240685 0.0108111799 0.326865077 0.100657523 0.447392166
    0.0851965249 0.965628922 0.0211199522 0.234235913 0.291023135
    0.7598176 0.246640533 0.676941991 0.08121261 0.457324803 0.391878486
    0.435404301 0.495685518 0.612450302 0.402398378 0.68423295
    0.0428090096 0.467134297 0.00718462467 0.972045243 0.549494982
    0.119442463 0.170848787 0.471620858 0.57847929 0.257907987
    0.392756552 0.199982435 0.159263551 0.82539618 0.0565164685
    0.243270844 0.715420544 0.747289002 0.726667404 0.970526934
    0.0697914362 0.520748019 0.12616998 0.431959629 0.770946622
    0.359175801 0.134575427 0.134600192 0.857898235 0.621860623
    0.534183979 0.09742257 0.501896322 0.175084054 0.722202063
    0.297582418 0.777440369 0.748963416 0.323153973 0.221402317
    0.71634233 0.418737829 0.0984146297 0.709367573 0.614648223
    0.529265046 0.332503676 0.181952864 0.369203895 0.518489957
    0.124369234 0.641125262 0.992635489 0.620221317 0.996768355
    0.0633771122 0.267219394 0.586981952 0.12610963 0.795491755
    0.845548272 0.76870048 0.203069985 0.766569376 0.195944369
    0.540917635 0.171871573 0.840113997 0.49637875 0.199757993
    0.32720679 0.258063227 0.884813726 0.0978108048 0.494388312
    0.290800929 0.365404904 0.212017179 0.019839853 0.693590879
    0.951011896 0.553012729 0.48986581 0.737028837 0.440366328
    0.999707699 0.67127502 0.0990883708 0.209898531 0.248721689
    0.700371265 0.092897445 0.61915803 0.277643114 0.741999447
    0.907595396 0.192712665 0.754397571 0.0523125231 0.53225404
    0.858062208 0.0792216063 0.760472953 0.943048418 0.748705804
    0.183001369 0.360143602 0.926270425 0.504836917 0.330914557
    0.583904028 0.358626217 0.243381619 0.84709698 0.965125203
    0.281329513 0.188360274 0.0284605026 0.446467191 0.980141878
    0.537887514 0.50055778 0.71486187 0.499600321 0.90739429 0.873612404
    0.704940796 0.473656565 0.00638785958 0.18021819 0.491493881
    0.641937494 0.00527110696 0.0962937176 0.809857965 0.68314153
    0.874501407 0.605062008 0.927780271 0.764506459 0.229596108
    0.878210068 0.664392531 0.19258365 0.730359912 0.773588657
    0.68945241 0.460452616 0.209055096 0.653089583 0.415253311
    0.776874661 0.781100154 0.587297678 0.614564836 0.374269783
    0.163298905 0.618369997 0.366978675 0.438600123 0.486703813
    0.0951167643 0.705656171 0.232613146 0.450709164 0.459138125
    0.451035351 0.908960223 0.20033884 0.760156214 0.437118173
    0.0310981274 0.42877388 0.901169658 0.431901425 0.676997662
    0.467343062 0.13110742 0.350546062 0.0687187612 0.896768272
    0.435502678 0.292553335 0.563200474 0.142126918 0.754748344
    0.517871082 0.796235681 0.466572434 0.991742015 0.244852334
    0.232040226 0.873511076 0.359851152 0.691152453 0.854412794
    0.855506659 0.875126243 0.472962022 0.470026702 0.0386814773
    0.289075524 0.711183071 0.0803852975 0.309639513 0.075050503
    0.322325408 0.279487669 0.445098013 0.824335814 0.351834297
    0.288321435 0.409004867 0.774556279 0.114641607 0.503340304
    0.976526856 0.412406147 0.316132545 0.939174414 0.722244918
    0.0362218916 0.44850567 0.259875596 0.955592632 0.732841313
    0.95018208 0.585481763 0.66891861 0.822776318 0.529359758
    0.314402282 0.693420649 0.290853858 0.429616481 0.450946182
    0.372454762 0.64272368 0.951422334 0.662229061 0.491212338
    0.516343355 0.209411055 0.283682406 0.812984586 0.290190548
    0.227111161 0.311640799 0.0143243968 0.307270586 0.258444846
    0.794219255 0.248461872 0.958953142 0.204573035 0.047754705
    0.236046791 0.894844532 0.541156888 0.922312856 0.178881675
    0.755481422 0.0636459887 0.434151381 0.819825053 0.299894571
    0.114032805 0.24618718 0.465848386 0.376199573 0.390629143
    0.736338258 0.865541995 0.528493047 0.447535247 0.966645658
    0.806687117 0.623182714 0.0907959342 0.369950056 0.616617084
    0.752921939 0.020036608 0.835321784 0.0256507695 0.857272029
    0.241672903 0.479336262 0.286613166 0.723412693 0.0256771743
    0.468702525 0.722164989 0.543741047 0.602930188 0.948845387
    0.367705584 0.607129395 0.25252521 0.346525609 0.160908937
    0.859662414 0.808258414 0.0323033631 0.789056897 0.901815772
    0.788824439 0.484647751 0.481788635 0.678129971 0.327159524
    0.307973742 0.284379303 0.0289615095 0.783121586 0.741176128
    0.138852745 0.129943013 0.219067663 0.87875092 0.155111194
    0.175158143 0.673031211 0.154187143 0.809451759 0.37333861
    0.902773559 0.242748469 0.00998401642 0.314385533 0.432416439
    0.962652326 0.425399363 0.772489071 0.755668759 0.891300917
    0.493824869 0.360336244 0.517214775 0.0947150886 0.882445991
    0.867086053 0.17698133 0.255564392 0.363186926 0.303182483
    0.842383444 0.0892801881 0.564264119 0.273266077 0.970827341
    0.00804910064 0.0237387121 0.164289087 0.524438143 0.717813253
    0.504299521 0.354994655 0.0638656616 0.715026438 0.346043527
    0.253650963 0.671579003 0.796222568 0.110914618 0.336917043
    0.865016341 0.721611261 0.85694313 0.750814319 0.579423487
    0.993000984 0.658721924 0.394089371 0.736881018 0.409641027
    0.624123156 0.721093178 0.745142579 0.378474355 0.593176186
    0.293534517 0.0279754102 0.444386452 0.762534618 0.730937719
    0.970211923 0.326933146 0.764257789 0.641696751 0.165037364
    0.193702251 0.288785458 0.742531061 0.060824275 0.587176263
    0.96874392 0.410673916 0.202414751 0.135266125 0.652225494
    0.632807612 0.401591778 0.0510026515 0.488949388 0.384431869
    0.100387096 0.725807905 0.394410461 0.0745151043 0.323871315
    0.100137472 0.545401156 0.388112307 0.567404509 0.94286859
    0.929641724 0.0361032784 0.916407108 0.675561786 0.61806637
    0.593646169 0.524964333 0.779497743 0.217633784 0.332877576
    0.229513913 0.468649119 0.85313189 0.882231474 0.500541985
    0.645441651 0.684397995 0.712275505 0.449764103 0.0526811182
    0.213309079 0.822765946 0.070191443 0.993823946 0.727550983
    0.0683402419 0.0589983463 0.652122259 0.859797716 0.0410347581
    0.693826437 0.996258557 0.700584888 0.989729702 0.292495131
    0.800922692 0.660528779 0.53273809 0.0990475416 0.709753096
    0.909532249 0.961683631 0.207168669 0.840313911 0.390671939
    0.301210016 0.579069912 0.400959134 0.404973924 0.0967258215
    0.119478285 0.209932506 0.525791705 0.862174273 0.641730666
    0.694975972 0.402948648 0.350479245 0.0410416126 0.342727661
    0.329798162 0.118798345 0.518901765 0.490738213 0.138099462
    0.565346122 0.73016423 0.398705095 0.571659327 0.955094576
    0.56422919 0.926838279 0.693817019 0.274736106 0.902207732
    0.515396118 0.0608431399 0.370497912 0.328822315 0.234086961
    0.913441896 0.831325173 0.54838258 0.960447431 0.802502513
    0.319476306 0.64922452 0.971308231 0.357660025 0.579826951
    0.770899653 0.84609735 0.167661756 0.135745287 0.600040436
    0.836124659 0.131148249 0.168151259 0.835662365 0.868268192
    0.125842035 0.0231408179 0.433303833 0.506820381 0.735778272
    0.670327604 0.1642178 0.955341458 0.627764821 0.900344312
    0.193653017 0.421561122 0.685342193 0.900299072 0.828785837
    0.0621909499 0.461333573 0.838795304 0.486248046 0.747192204
    0.20960173 0.686675549 0.679084897 0.795341969 0.456664979
    0.0671238005 0.127072334 0.483655185 0.38706544 0.999865234
    0.586607516 0.597490132 0.154399365 0.668126762 0.455961823
    0.281085879 0.520471692 0.226470113 0.695619106 0.44453305
    0.333141029 0.5916152 0.235251337 0.889696121 0.0477633774
    0.229772925 0.85605371 0.178118765 0.956656873 0.490820646
    0.940368593 0.440485746 0.484083325 0.814168453 0.056309849
    0.968997836 0.635812998 0.416092545 0.0380448699 0.539851725
    0.647573233 0.144686848 0.0675046742 0.654878557 0.196939617
    0.93766278 0.667812884 0.420605838 0.388009846 0.175509363
    0.456230372 0.569925964 0.200212926 0.669393659 0.524304926
    0.930317998 0.983772516 0.57502681 0.2179555 0.189394951 0.655752957
    0.285648227 0.898875356 0.815863132 0.331320286 0.755139589
    0.351072669 0.627123117 0.900133252 0.93531388 0.129552871
    0.202255338 0.0671353042 0.425195217 0.612815857 0.564860821
    0.369228005 0.893261552 0.143010646 0.462390184 0.179452091
    0.161557853 0.0687513947 0.639947832 0.719249725 0.194816709
    0.541868567 0.187863111 0.915902853 0.635145068 0.185875803
    0.545940995 0.8450647 0.557538033 0.661698699 0.347565293
    0.317801118 0.696452618 0.039609462 0.835092008 0.529489815
    0.51086849 0.439810812 0.372653127 0.901511729 0.689215899
    0.45005393 0.222782969 0.29759872 0.559529245 0.203026891
    0.0917678475 0.651358306 0.128079623 0.661634862 0.0773005188
    0.290881693 0.434058428 0.385427177 0.891333222 0.2801283
    0.860706925 0.193553388 0.0565133691 0.694538176 0.751682162
    0.245412588 0.453645676 0.0107671022 0.21916312 0.726496458
    0.568277955 0.520762146 0.357178271 0.238511324 0.591669202
    0.176101297 0.0143211782 0.227790862 0.486225992 0.934529543
    0.886770844 0.345377028 0.941053867 0.832713604 0.403700083
    0.705407798 0.431518257 0.971954346 0.845926404 0.384334624
    0.265736401 0.907281756 0.984286308 0.700191736 0.473603129
    0.0252661705 0.895360827 0.516938806 0.204547793 0.304180801
    0.732610404 0.127140701 0.495946527 0.272840649 0.111328572
    0.688804746 0.677799463 0.678164721 0.38707298 0.421000004
    0.919753432 0.783985198 0.0941171944 0.446672916 0.924228311
    0.242918342 0.40278253 0.684320867 0.440867722 0.315043032
    0.695441008 0.0811289847 0.146061718 0.958731532 0.0564355552
    0.217208385 0.960260749 0.768620133 0.995720506 0.336916983
    0.566938996 0.979310155 0.970025241 0.0380795598 0.2133829
    0.831418514 0.527384162 0.847852111 0.302596778 0.525667429
    0.906989694 0.123425692 0.399627298 0.261109561 0.766973972
    0.843322694 0.601579368 0.163018703 0.998596191 0.431649864
    0.178673327 0.202480465 0.772967339 0.203289092 0.784865856
    0.37171948 0.266735077 0.882321537 0.458686531 0.527825475
    0.0274578035 0.198178947 0.262492537 0.777935266 0.366322845
    0.590234756 0.436255336 0.0503039956 0.616632104 0.144906372
    0.0883899033 0.355970412 0.834719419 0.297885835 0.563896477
    0.184886366 0.386493444 0.540139079 0.473693013 0.166833073
    0.260872573 0.0336011648 0.333564162 0.364073515 0.228811085
    0.562113881 0.545945406 0.0178692937 0.103705734 0.879038453
    0.0320184827 0.400142729 0.911788404 0.215940088 0.82394278
    0.331620634 0.142906845 0.348311722 0.422300488 0.0700912774
    0.263077706 0.485198975 0.398730934 0.277856648 0.058231324
    0.793717027 0.434042037 0.509124458 0.272526026 0.838465571
    0.95083642 0.530496836 0.450094491 0.835927129 0.758667231
    0.789888144 0.674758673 0.443754405 0.0302682221 0.363040328
    0.00877842307 0.855510235 0.818546057 0.876345992 0.0664295554
    0.97782433 0.093888551 0.245283067 0.953880668 0.738978744
    0.733025551 0.147643864 0.865026891 0.0653278232 0.207706273
    0.122295588 0.980615497 0.542515576 0.551027298 0.434886038
    0.723498404 0.560515463 0.0315539241 0.25682357 0.243138492
    0.58735913 0.249811769 0.058049947 0.15185979 0.771336198
    0.133460402 0.042419076 0.828806877 0.0305228531 0.47523281
    0.418473035 0.244941413 0.542060077 0.944643617 0.615914762
    0.871744275 0.805073917 0.341669202 0.918004036 0.140577614
    0.890942395 0.55348891 0.309434652 0.213398457 0.598321259
    0.422416121 0.119738221 0.209218442 0.00523388386 0.107942849
    0.209601402 0.188814044 0.580499947 0.468257189 0.945235133
    0.652896345 0.607822478 0.922556281 0.709147394 0.242940962
    0.917369366 0.996058702 0.519549072 0.393934309 0.398373365
    0.624799132 0.132534385 0.805401683 0.629848301 0.51332444
    0.669791341 0.611349046 0.279458016 0.60446763 0.295267344
    0.409833372 0.431091577 0.810168445 0.934819102 0.584643483
    0.33710894 0.276608348 0.620316446 0.144168496 0.803714991
    0.762380123 0.536920905 0.303613335 0.400062919 0.87370342
    0.486117184 0.617914081 0.234827429 0.67680192 0.140860319
    0.136243939 0.128713727 0.338502735 0.676932395 0.0663023889
    0.458688587 0.21832338 0.931037426 0.100640923 0.437343299
    0.382196784 0.0538233519 0.912909627 0.483607054 0.0856283307
    0.926338434 0.208807379 0.452971816 0.828071594 0.546482086
    0.467290342 0.999287248 0.00243964791 0.700366139 0.0445711017
    0.700938761 0.491890252 0.11492613 0.563880861 0.774911642
    0.912266254 0.567140281 0.335145593 0.579348028 0.879102528
    0.941808581 0.82918942 0.845645428 0.309963316 0.112144083
    0.0629417896 0.422193408 0.697828472 0.57532382 0.6337502 0.40552789
    0.502457261 0.322137773 0.53768146 0.0119073987 0.928433776
    0.897876978 0.543863952 0.975374758 0.345901132 0.917953312
    0.098408848 0.357480496 0.128900051 0.779479027 0.359484851
    0.274755716 0.977464914 0.967418373 0.393817216 0.563470006
    0.759235144 0.305444777 0.620022655 0.245400071 0.753557324
    0.0361485481 0.284815788 0.947588027 0.92331177 0.881804943
    0.00961881876 0.312703788 0.499536514 0.820359766 0.749917984
    0.724684775 0.316385031 0.734575272 0.647328854 0.910889983
    0.670714915 0.0274987519 0.320221901 0.0361299813 0.493393719
    0.481207371 0.649304748 0.620412648 0.0780927539 0.656376898
    0.924137771 0.970266938 0.177468836 0.54692179 0.175294906
    0.879075766 0.553051293 0.200569034 0.816150725 0.556762815
    0.189950705 0.864984274 0.947003722 0.423736036 0.698784411
    0.182745844 0.829911888 0.482781559 0.255742699 0.128388435
    0.756603599 0.0354376435 0.559583783 0.568582237 0.0215342045
    0.733342767 0.0514702201 0.542155206 0.903606653 0.334482342
    0.315967262 0.711952448 0.920824289 0.899674535 0.68926245
    0.465025276 0.110732883 0.0998259485 0.775116146 0.781587839
    0.401248515 0.450256824 0.274697751 0.876649976 0.202578902
    0.00735107064 0.911442637 0.298941284 0.5561409 0.330936491
    0.962925792 0.947572291 0.273073375 0.0812737048 0.316354364
    0.839692354 0.0466693044 0.660667658 0.871642947 0.310366273
    0.648104548 0.134052664 0.582108438 0.582927644 0.432512879
    0.271188706 0.79930979 0.299404889 0.863920808 0.0766966045
    0.691623449 0.793553352 0.704396248 0.492369771 0.856633663
    0.694324613 0.052811712 0.165591836 0.330573738 0.568195522
    0.794684052 0.468549609 0.2972413 0.306551099 0.756484568
    0.681857705 0.570533216 0.684624374 0.19537878 0.756233454
    0.137777418 0.225148767 0.383334219 0.468329191 0.92340827
    0.77803123 0.622272611 0.233368963 0.308324397 0.0371451974
    0.207786828 0.613950491 0.91291821 0.379727006 0.845799088
    0.681568027 0.0554129779 0.79404068 0.533934653 0.0772375166
    0.781042218 0.57126677 0.481086463 0.700408101 0.759382427
    0.0621348023 0.755141854 0.826795697 0.335718513 0.203751415
    0.878495455 0.445121437 0.865369678 0.842761397 0.876558661
    0.209984422 0.135182798 0.296511531 0.915065408 0.674742162
    0.860773325 0.955243349 0.746120274 0.130359381 0.178555757
    0.0539405644 0.116461664 0.606556773 0.387107432 0.464559644
    0.314417094 0.311163068 0.363485903 0.10134542 0.877835512
    0.0143773556 0.337856412 0.206698149 0.945270777 0.0746871829
    0.358473182 0.477408707 0.679584384 0.766294599 0.892967463
    0.360625207 0.020601064 0.637995839 0.401943058 0.406082332
    0.71304816 0.700688422 0.652172327 0.469559342 0.591178954
    0.181080908 0.83162272 0.668875456 0.823747218 0.223524928
    0.21199134 0.0899260044 0.875237226 0.0805184841 0.137702405
    0.745063424 0.63129735 0.159506887 0.302903622 0.346836209
    0.721502781 0.411924243 0.185351193 0.0942679942 0.51937896
    0.338735759 0.248411357 0.610820711 0.0990828574 0.035836041
    0.729868233 0.825394034 0.660437465 0.253271669 0.0986520052
    0.72520268 0.639199734 0.937768817 0.92036128 0.393503845
    0.522748828 0.619624555 0.881579995 0.223035187 0.1529755
    0.756502748 0.116352201 0.46980688 0.373673797 0.616547763
    0.489129335 0.179698408 0.264263809 0.0164871216 0.725985408
    0.770153165 0.106368124 0.47241655 0.466208637 0.754596591
    0.00860705972 0.461779714 0.927641153 0.715572119 0.94990027
    0.713430107 0.423748016 0.968337178 0.349636316 0.111291051
    0.622735679 0.168568224 0.161694497 0.147491783 0.637774527
    0.44497174 0.801013112 0.697666764 0.22268483 0.160967797
    0.430504918 0.274029553 0.355235994 0.152150244 0.912403584
    0.26204747 0.239519656 0.866567016 0.200170994 0.583925426
    0.0331798494 0.270101845 0.276949614 0.732379735 0.810285211
    0.554986 0.838626981 0.523004532 0.0988831222 0.803814173
    0.216318905 0.312703013 0.389596403 0.183256984 0.0178882182
    0.670073032 0.0980030894 0.78856194 0.308796585 0.497079253
    0.0246208608 0.0715459287 0.311910987 0.285061032 0.802600503
    0.574357271 0.301340818 0.0650575459 0.563928187 0.96083504
    0.0236229599 0.0280659795 0.784459472 0.120656043 0.487066358
    0.0856021345 0.863712311 0.716913939 0.756922662 0.400254011
    0.682568371 0.357868463 0.113831997 0.547904849 0.3514916 0.92964828
    0.937436521 0.198672026 0.0317023993 0.902555823 0.139974892
    0.276240885 0.42972827 0.0338728428 0.41318512 0.929371893
    0.946553409 0.134818047 0.972545743 0.330978632 0.149551064
    0.821383595 0.308387458 0.997366428 0.738681793 0.238203585
    0.454712629 0.769945025 0.177821279 0.80422461 0.454081029
    0.998763978 0.0839356184 0.844542682 0.705693185 0.482437313
    0.910439014 0.649789393 0.490983456 0.127172947 0.184304982
    0.277729273 0.989695549 0.643409133 0.673303723 0.991942048
    0.676795602 0.782338381 0.416845381 0.00823220611 0.766263247
    0.942503631 0.462565422 0.609838903 0.941449285 0.884880424
    0.135290593 0.229075789 0.832782745 0.813244462 0.895790339
    0.5231089 0.983156383 0.506585002 0.0220586658 0.77461499
    0.418993175 0.988117397 0.122063667 0.912793994 0.498974442
    0.972639084 0.613845468 0.162010819 0.256114513 0.225696474
    0.0146704316 0.510859728 0.96527499 0.761927485 0.376800567
    0.460980505 0.971335888 0.544338644 0.181200057 0.475315243
    0.394596159 0.942720056 0.793727756 0.555808485 0.310183793
    0.509874463 0.736760676 0.361891627 0.00505366921 0.0450009406
    0.446863353 0.399761081 0.41561538 0.183625519 0.802260518
    0.925286889 0.782063007 0.0250280797 0.439270288 0.91984874
    0.420550823 0.303005636 0.952583313 0.606288671 0.109381109
    0.410107553 0.0809292495 0.631655514 0.706169128 0.643246293
    0.790849566 0.188006967 0.206171781 0.957572818 0.981685817
    0.563257217 0.834481955 0.919579089 0.97203815 0.333329976
    0.523692667 0.419534028 0.815084577 0.923639774 0.684165061
    0.707906008 0.115527093 0.311659813 0.680791914 0.409279794
    0.172482491 0.781157792 0.645854414 0.404920101 0.142600298
    0.200365722 0.170700431 0.776808023 0.361546487 0.890984118
    0.121525347 0.906125307 0.720704913 0.541143119 0.582975268
    0.866430402 0.715808451 0.642898321 0.0401421487 0.385144055
    0.961797476 0.958592176 0.432918012 0.456353784 0.121560663
    0.403914452 0.891780615 0.935384631 0.269474685 0.581169665
    0.601585269 0.935835719 0.0408088565 0.466539055 0.722209513
    0.108876467 0.0848914087 0.329239368 0.147585392 0.239885986
    0.687107205 0.0406389236 0.638030589 0.324166656 0.982769549
    0.872912169 0.00440365076 0.345153391 0.831983149 0.428320467
    0.63201654 0.634906471 0.625439942 0.633437455 0.392000079
    0.508335233 0.876096964 0.698026657 0.0334562361 0.220812291
    0.940951169 0.542138398 0.822423458 0.833291888 0.799648881
    0.344000399 0.629852712 0.568356454 0.919133186 0.287032306
    0.0644153655 0.67178297 0.433054924 0.0473005772 0.622261703
    0.756144881 0.702937484 0.477964669 0.0630788505 0.781162083
    0.18762809 0.933752418 0.263768733 0.686615467 0.958098412
    0.643803835 0.771948814 0.403500885 0.273153067 0.0248093605
    0.843872905 0.978909731 0.0720081031 0.804818928 0.00994592905
    0.00325509906 0.314707488 0.68108362 0.858496666 0.0780438185
    0.633188844 0.976396441 0.993307352 0.91556406 0.452861786
    0.0726003051 0.676670432 0.523392498 0.0265149772 0.366545916
    0.12947911 0.0282538831 0.339966863 0.838752031 0.00169536471
    0.155721784 0.0920957327 0.347293913 0.661630869 0.579880297
    0.915040255 0.280540764 0.252167583 0.584398091 0.0432219505
    0.898659468 0.181553394 0.409166098 0.260758191 0.90335387
    0.66611737 0.138935268 0.260577053 0.411408752 0.871256113
    0.907123923 0.399379224 0.156763166 0.17479223 0.0510371029
    0.0226305127 0.0366044939 0.175970316 0.151504815 0.00243231654
    0.0291697979 0.0687627494 0.104941845 0.399456799 0.0606959462
    0.434879929 0.990305662 0.912833989 0.669559658 0.978209019
    0.390098542 0.202609628 0.0837098062 0.0500309169 0.690913439
    0.445413142 0.64253366 0.418615967 0.164552629 0.0877273083
    0.813181937 0.256662369 0.293567896 0.331486076 0.628095746
    0.724940181 0.306663156 0.999007344 0.943009436 0.985803246
    0.187038839 0.0961857736 0.907306075 0.205422074 0.342394233
    0.478536248 0.0903263092 0.624704063 0.662968159 0.747845769
    0.946132958 0.566672921 0.139041573 0.736650586 0.494219363
    0.681009769 0.949194908 0.33637324 0.986445189 0.458344132
    0.201502293 0.962462783 0.301542401 0.811790705 0.724814534
    0.37743789 0.243920058 0.242742956 0.983766198 0.967646301
    0.0286709368 0.70459801 0.893460512 0.338330984 0.851958692
    0.538315713 0.140050471 0.825562477 0.278364301 0.867388666
    0.895589113 0.751428246 0.0725210309 0.801000953 0.463691771
    0.100941271 0.151435018 0.46811685 0.422807276 0.0531490147
    0.643890619 0.1326859 0.268025279 0.973845601 0.288484007
    0.477859795 0.910725534 0.9712677 0.422897518 0.687527001
    0.677929461 0.944951415 0.770719886 0.607287109 0.230034679
    0.452346623 0.598366976 0.203075975 0.0617340207 0.743180633
    0.608305931 0.0903891027 0.0572855771 0.106190771 0.275489956
    0.520506263 0.101797849 0.870608449 0.0970368385 0.754754484
    0.647018552 0.717307508 0.0577555895 0.598096967 0.657133579
    0.833338022 0.94715482 0.801095724 0.028675586 0.342138708
    0.79370153 0.940387845 0.320261478 0.602949142 0.166349083
    0.893786907 0.943438768 0.957713544 0.592775822 0.0890226364
    0.633136094 0.829704106 0.313710988 0.261604309 0.929348946
    0.199105769 0.208592027 0.301097333 0.0933358073 0.667325735
    0.746765733 0.0764944255 0.824437737 0.851123571 0.667778254
    0.476866364 0.232579619 0.102468252 0.650056958 0.115325034
    0.32830137 0.464327425 0.194099545 0.292742074 0.734294415
    0.0316003263 0.124572724 0.734596789 0.302295506 0.0183392465
    0.806629837 0.208127409 0.0840612948 0.605158389 0.507556558
    0.224115312 0.0685043335 0.804656506 0.377202988 0.811664879
    0.435207516 0.404013216 0.537923813 0.645791054 0.938029289
    0.718192816 0.867773533 0.499037832 0.347044051 0.522861898
    0.706487298 0.765192747 0.425780833 0.555620551 0.466900587
    0.282668769 0.384138227 0.952688456 0.851797462 0.485102057
    0.819525242 0.682339489 0.0232741237 0.55909121 0.954334736
    0.749486685 0.188406587 0.839880824 0.942350984 0.57105279
    0.127354652 0.994840503 0.687684476 0.466774285 0.73447448
    0.12612021 0.708038211 0.0939714015 0.611483037 0.730047941
    0.426053613 0.230090052 0.332565546 0.241574675 0.311211407
    0.798316836 0.604876339 0.0476222336 0.502551556 0.0818067789
    0.993898213 0.343447268 0.620174527 0.269218266 0.410047799
    0.1640293 0.682520926 0.702133536 0.801635027 0.913503289
    0.661738634 0.433325142 0.5237239 0.653843999 0.95994556 0.525197089
    0.754877567 0.153152823 0.71464926 0.829995513 0.839915514
    0.126178622 0.736366034 0.294506311 0.724521041 0.582791328
    0.205871195 0.578377128 0.150384247 0.177026868 0.973690629
    0.095554173 0.955730379 0.18492043 0.878355622 0.514659464 0.6476776
    0.918147802 0.109396905 0.994060159 0.294591725 0.126774371
    0.534000397 0.753774285 0.264975369 0.422702312 0.641449213
    0.805617094 0.147392809 0.235282212 0.416138411 0.241562456
    0.574673295 0.953835189 0.800690651 0.438945234 0.359006971
    0.804004252 0.205272883 0.515937507 0.473105073 0.890444994
    0.644790173 0.707927227 0.343172401 0.540841401 0.205265969
    0.568850696 0.980226398 0.24760291 0.690844893 0.437716931
    0.520500004 0.445626587 0.99991858 0.490766704 0.0492362976
    0.714742303 0.789675236 0.252465129 0.998303175 0.501014352
    0.78442508 0.103557378 0.848427534 0.0210073888 0.941896379
    0.0496343374 0.202597022 0.930863559 0.698569834 0.810109735
    0.697649837 0.489072174 0.0171615183 0.439424962 0.842787385
    0.726780772 0.0670089722 0.680200994 0.268328249 0.718097746
    0.83151865 0.174854755 0.594382584 0.408616662 0.390589476
    0.138082653 0.854941428 0.294008344 0.618160009 0.0603028834
    0.0589409769 0.447015196 0.279114336 0.845055938 0.201018244
    0.842365026 0.90423435 0.878951013 0.511253893 0.521191061 0.6399194
    0.625124574 0.898208141 0.0324445963 0.272086382 0.524511695
    0.60913676 0.0898801684 0.486740023 0.144687682 0.0449007154
    0.326702297 0.923884273 0.742075682 0.64430964 0.523559868
    0.235589385 0.478660792 0.783295155 0.359007478 0.941076279
    0.0961447358 0.706912398 0.332585573 0.806374252 0.418701231
    0.216836512 0.232294768 0.940523744 0.793692708 0.0864288211
    0.744094014 0.897800326 0.945120037 0.732262492 0.208609223
    0.706383288 0.815085351 0.448946238 0.0358463526 0.632250786
    0.282604635 0.183438808 0.535913706 0.622637331 0.546277583
    0.0422732234 0.0652220249 0.970282853 0.0883567631 0.85004884
    0.77918011 0.286935806 0.266904175 0.0124641955 0.274639368
    0.678784728 0.735061526 0.14310047 0.995422959 0.600842953
    0.0616432726 0.819233894 0.864844561 0.292320967 0.842326283
    0.804610491 0.0936817229 0.979598284 0.645485461 0.106978804
    0.21915561 0.803265572 0.897658587 0.710694194 0.546068072
    0.098367542 0.890472293 0.714090228 0.377804726 0.723940611
    0.699054122 0.518262982 0.31891802 0.60630393 0.514375806
    0.941649854 0.405642837 0.247980177 0.863434315 0.55494523
    0.860812604 0.676300526 0.316201329 0.022724539 0.677257717
    0.8824929 0.963317454 0.794815302 0.0146046877 0.38042891
    0.742491245 0.725302756 0.960661471 0.45794493 0.932419002
    0.204455405 0.2538279 0.66941613 0.773290217 0.62735492 0.275561035
    0.144064099 0.730739355 0.285920084 0.877221704 0.660916805
    0.362974465 0.0181772709 0.997640073 0.791707456 0.466035485
    0.833025217 0.965584278 0.0815421939 0.687857747 0.213348866
    0.988903403 0.995815992 0.637644291 0.735947728 0.49384281
    0.284540534 0.191279322 0.961302876 0.0254612863 0.38834098
    0.634933352 0.515228689 0.459673703 0.518770635 0.786201715
    0.909968436 0.313123196 0.704863191 0.826362371 0.227137774
    0.266729861 0.621106088 0.0740736425 0.443537056 0.706342816
    0.103494972 0.864756584 0.831166387 0.27655375 0.291259974
    0.598621368 0.888767779 0.470928192 0.100943893 0.264382511
    0.986845493 0.485850841 0.638617158 0.346855581 0.487713397
    0.968014538 0.643461585 0.0325132608 0.933532357 0.958487391
    0.421477586 0.288191855 0.852235436 0.879961848 0.681627989
    0.720220447 0.942360997 0.747151077 0.229770392 0.253981054
    0.0972896218 0.251465261 0.816814423 0.445153654 0.0909504592
    0.0532892346 0.600786686 0.772345424 0.594124019 0.362862974
    0.232277036 0.965408742 0.420820892 0.0333080888 0.681271613
    0.775947928 0.733294129 0.651880026 0.308992684 0.166571945
    0.919176102 0.0282548964 0.436165273 0.191874027 0.251771718
    0.058980763 0.392857611 0.516467988 0.672318816 0.0809906125
    0.61421001 0.193091631 0.105665058 0.865828276 0.159563929
    0.851010561 0.136056751 0.697151423 0.27052027 0.593537092
    0.921444416 0.745781958 0.875496268 0.40867731 0.418878704
    0.500264466 0.953053951 0.551940382 0.744058371 0.854814708
    0.414245397 0.36618948 0.524274588 0.360434264 0.550076783
    0.946856916 0.632730186 0.047114253 0.226057291 0.989486396
    0.137812793 0.314037204 0.43115297 0.810286164 0.651191115
    0.803041816 0.319036156 0.635501742 0.0955080986 0.41017288
    0.108740717 0.19443655 0.51406157 0.924607575 0.727149785 0.86072433
    0.0797697604 0.742998123 0.274353236 0.246084183 0.0614246428
    0.834907591 0.64324367 0.385132253 0.762446642 0.14931789
    0.700006247 0.329244703 0.630836546 0.79349637 0.539422631
    0.267008126 0.140931606 0.755271673 0.978182197 0.264963269
    0.22375682 0.00686475635 0.751339614 0.352564394 0.737089932
    0.950899124 0.765208483 0.695388138 0.677406311 0.239929587
    0.840727329 0.87238729 0.583136797 0.563166738 0.0951318145
    0.997229576 0.79129076 0.912225187 0.349266529 0.0657465458
    0.647927165 0.508318245 0.680661023 0.558652699 0.536783278
    0.17554453 0.295087934 0.159196496 0.999309063 0.59629935
    0.810405076 0.630494237 0.268104315 0.903230906 0.862192392
    0.851683617 0.774021268 0.736239314 0.484957397 0.19283703
    0.668156505 0.566260219 0.723906815 0.487115473 0.909724295
    0.952280402 0.95437324 0.0230115354 0.968257904 0.713674128
    0.470059782 0.934454918 0.926903009 0.91953814 0.747072577
    0.448348165 0.288347512 0.801489353 0.246582925 0.498000383
    0.664085627 0.181133509 0.746147096 0.381306529 0.429664701
    0.729946196 0.437317848 0.266460031 0.0087557137 0.244001448
    0.776491642 0.443620473 0.455730051 0.281082332 0.180092126
    0.55655545 0.82036227 0.446213275 0.526947677 0.203247011
    0.0110710263 0.910417318 0.818220377 0.987108111 0.845259786
    0.0283313394 0.524180055 0.938990474 0.0197000504 0.731281757
    0.820081353 0.227480263 0.17980355 0.301841617 0.181844592
    0.867209435 0.590976775 0.355529666 0.0114844143 0.927319288
    0.328552127 0.625000417 0.406491548 0.981709242 0.884041846
    0.61805892 0.14868781 0.159512162 0.110674053 0.841422081
    0.0714583099 0.0647791624 0.659082532 0.565923214 0.669787526
    0.93209362 0.881111681 0.733100414 0.276642323 0.532155395
    0.955601096 0.82567364 0.943328023 0.993717551 0.418352991
    0.798110187 0.659371078 0.176286161 0.570529997 0.854645371
    0.859493017 0.121451318 0.743896186 0.496276528 0.614015222
    0.183848888 0.591435015 0.522773147 0.291969061 0.346729904
    0.198290557 0.697587848 0.990935981 0.712570429 0.104364425
    0.411891878 0.922754049 0.884052753 0.478921503 0.73840338
    0.842890143 0.975176215 0.313296765 0.338847995 0.745634377
    0.33283031 0.178807467 0.00851908326 0.953304529 0.917519331
    0.689956009 0.191092461 0.172102302 0.0692192912 0.138513446
    0.198376745 0.774052382 0.232713193 0.153588295 0.0594341457
    0.0984988809 0.137916923 0.500431895 0.838889122 0.527592063
    0.653968096 0.294871539 0.238392681 0.974388599 0.971941113
    0.650323987 0.198433429 0.167981416 0.654722512 0.0632365644
    0.630115151 0.0471868813 0.14215225 0.728066146 0.659582555
    0.731914401 0.852807999 0.0727581382 0.509808183 0.714224994
    0.604573429 0.217686772 0.435479343 0.091704011 0.905835748
    0.282438576 0.316471696 0.596555233 0.449476421 0.997562826
    0.554836214 0.123399705 0.859442592 0.482303053 0.844153643
    0.946771264 0.507248521 0.443718642 0.211999178 0.471164018
    0.790890455 0.0605072081 0.228244215 0.14749676 0.347708672
    0.767363131 0.356423199 0.727084756 0.689539075 0.4612571
    0.103084624 0.385047346 0.645834148 0.504677117 0.286615014
    0.0596787333 0.972315729 0.506284475 0.316097438 0.404867887
    0.587100387 0.525873959 0.893826663 0.956057012 0.802615106
    0.103568971 0.178650051 0.527038395 0.284405202 0.946213424
    0.172659218 0.996982217 0.242623955 0.187676132 0.435367346
    0.0840802491 0.656747937 0.969366074 0.490911752 0.476113588
    0.178414792 0.591499865 0.639161706 0.805863678 0.852316499
    0.124711066 0.554028809 0.187154591 0.434814751 0.930941701
    0.107903391 0.132890821 0.678360879 0.906970441 0.445837259
    0.868216991 0.119728535 0.435327232 0.198351294 0.426073432
    0.256461143 0.0643819571 0.615288198 0.500234306 0.793501496
    0.584335685 0.96170187 0.656936109 0.327592224 0.685492992
    0.276015997 0.47130841 0.221757263 0.408149332 0.56137991
    0.859706402 0.385980248 0.344712138 0.213390648 0.409595072
    0.546835184 0.84235543 0.132249206 0.685523331 0.241986603
    0.216798842 0.148630381 0.231297761 0.884621739 0.231428444
    0.622959673 0.874710917 0.395637482 0.930217743 0.99377203
    0.748865068 0.195384234 0.687698364 0.0154165626 0.236242771
    0.716737151 0.56642127 0.132077724 0.450798243 0.163671136
    0.196906358 0.511742413 0.37817812 0.983477414 0.905157447
    0.49487564 0.766450882 0.0558725297 0.549252152 0.183550477
    0.227480739 0.906114042 0.966883123 0.163138151 0.52424258
    0.869893491 0.152676731 0.779354811 0.0103984773 0.526927054
    0.32463032 0.661619425 0.109265745 0.22368291 0.733540118
    0.705482364 0.536800921 0.337788343 0.280205011 0.506991625
    0.19797802 0.172962815 0.839641213 0.82795608 0.698956311
    0.755624413 0.663133502 0.248456389 0.0817951262 0.764018118
    0.174750417 0.248514682 0.189817637 0.726750374 0.462782919
    0.608980715 0.955640197 0.602243304 0.130337805 0.679918826
    0.923563719 0.700671852 0.356578648 0.323980838 0.651948214
    0.35385257 0.394044608 0.703229606 0.976554513 0.253351986
    0.0239409208 0.00833493471 0.31277734 0.828168869 0.838955522
    0.892655253 0.747482538 0.746721923 0.679381132 0.545107126
    0.665262938 0.340725362 0.898557782 0.968466043 0.469122082
    0.163699061 0.0675236583 0.445316195 0.400728464 0.344876021
    0.349321783 0.439726055 0.275154054 0.860498488 0.618994534
    0.995662153 0.820850372 0.933717489 0.0525145531 0.870992422
    0.209282875 0.486222625 0.805102468 0.0840728283 0.520243227
    0.477056205 0.500017822 0.665721178 0.278325498 0.796771288
    0.0853652656 0.122005224 0.563538313 0.217323631 0.772917747
    0.665928483 0.501721859 0.0485393107 0.477157235 0.309724838
    0.996496677 0.816789627 0.228530109 0.547712028 0.974122584
    0.664503515 0.750665665 0.108288258 0.135681212 0.792421043
    0.106244534 0.875136733 0.506560445 0.0258630514 0.293372989
    0.0148097277 0.229960531 0.281860113 0.716768503 0.97400403
    0.946483016 0.390568733 0.160021931 0.138117194 0.452212572
    0.342168331 0.507010996 0.759293914 0.331965685 0.159865558
    0.581844091 0.54383862 0.64811337 0.248919964 0.78523922 0.258055627
    0.24587062 0.0600592196 0.792319655 0.676504076 0.123569906
    0.621066213 0.769379973 0.710947275 0.839201927 0.85976696
    0.427335918 0.508816123 0.740647256 0.993784785 0.761138439
    0.12938723 0.665940523 0.31650582 0.903315723 0.979785502
    0.0972346365 0.14469707 0.635357857 0.873613834 0.0774944425
    0.503157854 0.714200437 0.129968733 0.981260777 0.577565372
    0.28974098 0.135535926 0.399655402 0.867848456 0.46387881
    0.634005129 0.575107515 0.592149615 0.590872347 0.377082705
    0.756504059 0.199598551 0.752313375 0.967960954 0.639634073
    0.805678368 0.349759281 0.2451244 0.288894713 0.833327889
    0.135832995 0.506075501 0.792271554 0.108105749 0.0412392318
    0.706845045 0.301362932 0.750144243 0.375457644 0.847097397
    0.704637408 0.230182916 0.613512635 0.484132141 0.861271322
    0.479615033 0.906260252 0.613975585 0.163037837 0.735409141
    0.979965925 0.52349025 0.054984808 0.910577714 0.651628613
    0.294472039 0.18064931 0.696238697 0.767194867 0.375807673
    0.953410506 0.116964102 0.664850473 0.0159928203 0.694838345
    0.224367827 0.713078499 0.284195036 0.404619783 0.869541764
    0.923110247 0.169206858 0.234018236 0.665813804 0.315309495
    0.163351417 0.580039203 0.212911367 0.917472363 0.888885617
    0.779666185 0.667565882 0.797402143 0.934754789 0.251084328
    0.398227394 0.648138881 0.0194068849 0.0894044042 0.169303209
    0.800786138 0.128011674 0.325564444 0.103875369 0.346341968
    0.841028452 0.63293612 0.206333488 0.869424224 0.630189478
    0.864898801 0.553322971 0.163265705 0.936600447 0.417761505
    0.636176646 0.666854739 0.967263341 0.558624387 0.563069761
    0.948875725 0.994583011 0.134369552 0.00706925988 0.623260736
    0.916153789 0.922496617 0.0923334658 0.665259659 0.135314971
    0.832962871 0.711985588 0.0595743358 0.280079722 0.408838183
    0.0660633147 0.449537873 0.217429847 0.195911586 0.674262166
    0.716080308 0.325219154 0.207718253 0.447746307 0.0593729913
    0.675500035 0.571068645 0.700555086 0.287068814 0.388031393
    0.555879295 0.677128732 0.765387893 0.595718265 0.830827355
    0.427303344 0.466799051 0.362509668 0.824715018 0.410071373
    0.116328537 0.924207568 0.207620084 0.91972065 0.816291213
    0.317958415 0.791133881 0.0700573325 0.821693063 0.980653405
    0.303147674 0.538358808 0.141724825 0.963598013 0.133103371
    0.0138779879 0.059471339 0.469853938 0.620939493 0.788535714
    0.173875481 0.407782018 0.465643883 0.454503834 0.0253133178
    0.459823042 0.629913568 0.666370988 0.676504493 0.738009274
    0.776265979 0.765482903 0.102959901 0.930729985 0.142512113
    0.106160015 0.290477276 0.888978958 0.616871774 0.577752829
    0.230046183 0.210797369 0.319169044 0.0971320271 0.10139057
    0.755682468 0.979023457 0.658358276 0.593893886 0.100142837
    0.000177502632 0.206627905 0.330172598 0.98630774 0.415381551
    0.974168539 0.168399811 0.560206711 0.0832407475 0.930083394
    0.739987969 0.342939675 0.134122938 0.24272272 0.0570025444
    0.0777703524 0.177492142 0.647076011 0.545217931 0.62673676
    0.960926771 0.448729038 0.631561577 0.565526903 0.58955723
    0.226243407 0.116251439 0.863266766 0.108153433 0.134159684
    0.51276195 0.874826431 0.843705535 0.0419127941 0.389908344
    0.460433006 0.455880374 0.485900909 0.566812456 0.577566981
    0.326240242 0.581427455 0.853609681 0.182004839 0.0895556211
    0.227563441 0.883667111 0.681524515 0.30555138 0.0523687899
    0.774186969 0.335889995 0.207392067 0.650560558 0.50531137
    0.388753951 0.633263767 0.155082047 0.402698994 0.91322732
    0.922452211 0.0181399882 0.149129301 0.19206503 0.941020846
    0.482613772 0.567486823 0.157995462 0.506579757 0.036301285
    0.200600326 0.581537366 0.100681245 0.875731826 0.679996192
    0.975729883 0.10130778 0.473064214 0.814397037 0.637613297
    0.349194884 0.210567623 0.0413675606 0.900364041 0.944315195
    0.896256566 0.263506174 0.980661929 0.4109689 0.701129913
    0.158581346 0.559371233 0.665450573 0.572060823 0.353359461
    0.908970654 0.802554727 0.567856371 0.801402509 0.846036673
    0.374976426 0.172601044 0.356637746 0.828368545 0.359460026
    0.924154639 0.271357954 0.533397138 0.155326396 0.997686207
    0.934340656 0.450727522 0.794953465 0.463177681 0.138182372
    0.47126779 0.557292759 0.764172196 0.755919576 0.0781464875
    0.700829387 0.681472182 0.428930044 0.349043906 0.0657512844
    0.725314558 0.0892716646 0.892484128 0.963610888 0.705190301
    0.249968857 0.0380291045 0.919531465 0.272487819 0.793538332
    0.686850846 0.934064925 0.759682298 0.409920573 0.400053382
    0.300766855 0.917788982 0.0120698512 0.630226254 0.045362711
    0.984297931 0.658810794 0.868150175 0.667565823 0.0326170325
    0.856791735 0.771058798 0.764356971 0.201489598 0.550301433
    0.955277443 0.466763794 0.780886889 0.690455317 0.851722956
    0.0826533139 0.486450046 0.358490348 0.795927525 0.0678693354
    0.194814235 0.936767817 0.210963458 0.411304951 0.800793171
    0.338476419 0.949833453 0.355288565 0.828336418 0.409875453
    0.0895668566 0.122069627 0.649201035 0.376272559 0.517780244
    0.137147129 0.784046769 0.295508504 0.456236571 0.253507435
    0.697090507 0.6329633 0.882434845 0.120527834 0.407751679
    0.0202582777 0.888563633 0.652426541 0.595409691 0.23577401
    0.89906168 0.751008511 0.260687709 0.411689103 0.391141266
    0.314421356 0.641562998 0.254693091 0.294689417 0.748476624
    0.270919234 0.168177962 0.717196643 0.227871865 0.0855888724
    0.733577251 0.160571396 0.0494053066 0.265112638 0.700019896
    0.565693557 0.532797456 0.922454953 0.0343842506 0.40350154
    0.675254941 0.269966096 0.131352246 0.0168514848 0.961991072
    0.15749681 0.638637781 0.5470137 0.613056421 0.926453114 0.238024354
    0.664705396 0.675546765 0.974864125 0.147663563 0.357610166
    0.0821937621 0.339076102 0.528358817 0.42014116 0.103488058
    0.560882211 0.582285941 0.881899655 0.700587988 0.663443744
    0.343664706 0.0444971323 0.773780465 0.873699188 0.331133991
    0.557841122 0.961371243 0.500943005 0.909221649 0.704369068
    0.726285696 0.0856744945 0.719734788 0.3394427 0.58669585 0.54022646
    0.959541023 0.0419138074 0.0452989936 0.783990204 0.831645608
    0.549152613 0.50011003 0.203808248 0.705284834 0.368068933
    0.559506595 0.450014085 0.725163519 0.666852355 0.633213758
    0.560389698 0.529143155 0.624904513 0.387649953 0.425683975
    0.192830771 0.0367835462 0.540678918 0.755988717 0.417628348
    0.703880608 0.67464304 0.0100562572 0.983169794 0.233658224
    0.163394362 0.0826032758 0.683387399 0.1803689 0.791186333
    0.380773187 0.750685334 0.0299848914 0.367641926 0.336559772
    0.969802022 0.621391177 0.259716213 0.330391049 0.933948517
    0.93303436 0.332723439 0.102000177 0.972258151 0.995530009
    0.587267518 0.926728964 0.364383876 0.201531827 0.258784145
    0.545010328 0.841438472 0.673520088 0.111800671 0.324001193
    0.78864634 0.353237271 0.832980335 0.140456408 0.363692462
    0.103670329 0.500432789 0.367672265 0.488574743 0.583144426
    0.517012239 0.131465524 0.071916908 0.267234981 0.98056829
    0.394896686 0.976707518 0.678771198 0.571599662 0.224030077
    0.478129864 0.623858333 0.525225878 0.993219495 0.810496211
    0.359789789 0.810913742 0.706193924 0.0320537388 0.931796551
    0.114700973 0.11828348 0.800112844 0.951810241 0.954091072
    0.529538572 0.952475429 0.173776805 0.564551651 0.799557209
    0.509222686 0.714246333 0.883857965 0.675064683 0.713166833
    0.761983991 0.0415281653 0.214322597 0.300778449 0.866565764
    0.484497339 0.21257177 0.3694098 0.688893378 0.146264941 0.181182355
    0.15694505 0.167031527 0.778410554 0.283412188 0.515196204
    0.750131905 0.933575511 0.643817961 0.0341978669 0.235966831
    0.749918938 0.878741682 0.377958477 0.094755888 0.809046984
    0.709250689 0.841270387 0.82837677 0.295719445 0.470371395
    0.735375047 0.310166359 0.957390547 0.597706258 0.26565659
    0.482297331 0.346858472 0.526664972 0.200403303 0.112975419
    0.0938544273 0.410518765 0.687546253 0.40140295 0.447952837
    0.926522851 0.557740986 0.164703608 0.950440943 0.776593208
    0.0199178755 0.234171629 0.611962795 0.594777167 0.187339932
    0.675184369 0.256124914 0.353019744 0.834342897 0.449669749
    0.212390512 0.429500371 0.555192351 0.191905856 0.77194649
    0.21984905 0.237022191 0.176228583 0.339302868 0.784053683
    0.214386314 0.92250663 0.402460307 0.0344802439 0.331937641
    0.929249704 0.85496223 0.777509928 0.0324801803 0.732945681
    0.462577164 0.488301098 0.163705826 0.76532644 0.426118106
    0.294672638 0.487125397 0.23519069 0.396743447 0.468129307
    0.229763925 0.692975283 0.346733749 0.37397328 0.588354111
    0.616769731 0.14226386 0.465789855 0.43017447 0.485630512
    0.674964488 0.796883702 0.240979522 0.306753874 0.0823007822
    0.832190394 0.305203319 0.826083124 0.904501796 0.986440897
    0.691843271 0.932376027 0.0272177458 0.241014004 0.920331836
    0.642589927 0.164666802 0.804878831 0.42464304 0.575709641
    0.633930206 0.231461972 0.717550993 0.96965605 0.968340635
    0.304005504 0.99452281 0.0646184683 0.797222257 0.0203841329
    0.72073257 0.148973316 0.317147285 0.763256073 0.867002726
    0.0657469034 0.544098496 0.0653518736 0.502272367 0.76890862
    0.623855472 0.16575864 0.141268849 0.665884614 0.532818258
    0.493642867 0.467756212 0.986201406 0.663446903 0.648836732
    0.602271259 0.567881525 0.702803612 0.389299333 0.225847721
    0.653403223 0.14650479 0.933109879 0.435363948 0.846874595
    0.485239863 0.397896469 0.807702184 0.114670008 0.39611423
    0.296117812 0.34228161 0.140193135 0.368799746 0.985530257
    0.933919191 0.651835442 0.565569162 0.827359617 0.440311432
    0.102359086 0.544031501 0.307680845 0.675702989 0.541369796
    0.396341145 0.981279969 0.620561242 0.10382238 0.389791489
    0.908567071 0.363887548 0.743431568 0.312874377 0.763688624
    0.699812412 0.982866645 0.947062254 0.262166262 0.870957494
    0.561677039 0.835242331 0.222927272 0.124749094 0.219163388
    0.0414296389 0.365980446 0.480357319 0.397705555 0.603129685
    0.906450987 0.863004684 0.969683647 0.326529771 0.976005912
    0.807480812 0.583900154 0.30114311 0.526376367 0.223211199
    0.866198003 0.959850788 0.251871586 0.363661766 0.480503112
    0.158335477 0.975607991 0.455935985 0.303068519 0.753890872
    0.327403426 0.247183323 0.830652356 0.539758861 0.434993654
    0.158349603 0.614521503 0.891606748 0.0616313517 0.881691635
    0.448712498 0.995761752 0.950717151 0.164926738 0.908932447
    0.241494864 0.934066176 0.829009473 0.866506219 0.488624722
    0.59212023 0.525937259 0.79393512 0.934053421 0.108719349 0.93607223
    0.121943116 0.110227913 0.57333523 0.79683429 0.0319962204
    0.294214964 0.627943635 0.493421406 0.035987556 0.767687082
    0.575821221 0.0295085311 0.0955856144 0.741940916 0.611921489
    0.801759601 0.13803786 0.117962539 0.260692 0.838018417 0.680117548
    0.0352582335 0.799453855 0.714854658 0.433564305 0.302805543
    0.87713027 0.2812424 0.805080771 0.489221931 0.987222075 0.707996368
    0.839101017 0.391156048 0.195487231 0.140302032 0.176096946
    0.742386818 0.808763564 0.761672378 0.963637352 0.214788258
    0.517913401 0.374313265 0.668450058 0.769400954 0.851943016
    0.0179223418 0.103303164 0.251652658 0.111630499 0.51887387
    0.876540601 0.930830359 0.37290144 0.32658127 0.934310377
    0.621610761 0.885183692 0.548357069 0.0404207706 0.298921049
    0.588376582 0.831164718 0.895243108 0.913227379 0.134213895
    0.338090956 0.647111893 0.486597836 0.569156229 0.566275835
    0.322715849 0.0555616915 0.586510956 0.892844796 0.918093503
    0.813305378 0.63845247 0.378454924 0.2853055 0.175300002 0.826557159
    0.585816205 0.163330466 0.687409639 0.192201048 0.799693465
    0.023022294 0.510958672 0.243887067 0.807396293 0.500236094
    0.348711073 0.993959427 0.712208152 0.862151861 0.811879516
    0.561904609 0.524051368 0.577127039 0.440641522 0.218473673
    0.793881536 0.766491055 0.926739454 0.333308399 0.482038856
    0.674193621 0.1253649 0.0304021835 0.668920815 0.173344672
    0.640107393 0.294440866 0.731309593 0.294062316 0.85665071
    0.346657753 0.260319412 0.947366059 0.303855717 0.986501455
    0.953252017 0.725242615 0.456099242 0.068590492 0.0920044184
    0.0847426355 0.107850283 0.606111646 0.264201671 0.182682455
    0.323538184 0.824730158 0.963117003 0.468595356 0.164942235
    0.453304887 0.523216844 0.451856822 0.553590477 0.43844685
    0.830362856 0.747187495 0.380186737 0.674838603 0.846464157
    0.504364252 0.655962825 0.624151766 0.598359942 0.939644992
    0.711995363 0.409518093 0.491457105 0.214496225 0.706185102
    0.478390813 0.954540253 0.932635725 0.551706851 0.151087791
    0.181677133 0.34874922 0.0929957628 0.884272456 0.530563951
    0.406060398 0.656577468 0.737048328 0.115279377 0.111315697
    0.961825967 0.138410449 0.112390697 0.93884027 0.750721455
    0.253696829 0.230626583 0.647752583 0.524107754 0.254727662
    0.124114305 0.377574444 0.408912927 0.596667588 0.881471038
    0.790874839 0.406194538 0.78192389 0.822975993 0.297276318
    0.238625407 0.934011221 0.44226408 0.83532083 0.812533736
    0.0333438516 0.0177783072 0.911527157 0.136342674 0.668939888
    0.0231379867 0.925506234 0.576871336 0.847564578 0.749475479
    0.290870279 0.215952933 0.491185337 0.766450286 0.911358476
    0.631491482 0.0137389004 0.786861181 0.0965946019 0.176156163
    0.757438064 0.765268207 0.391975164 0.19853127 0.179311335
    0.732319832 0.870609164 0.530313969 0.206120908 0.444535553
    0.288825393 0.578267813 0.15560472 0.596648932 0.556767046
    0.528101504 0.508621335 0.301270604 0.563588858 0.967163205
    0.506414831 0.550616741 0.808026731 0.683785796 0.116345018
    0.714307487 0.697654724 0.638544917 0.421404541 0.628900468
    0.905809283 0.687068939 0.209868312 0.496493906 0.900826931
    0.740735948 0.570523024 0.310422033 0.443455517 0.93872726
    0.975470543 0.444951594 0.378106385 0.681866646 0.279785752
    0.975338697 0.895139098 0.981701612 0.932994306 0.775177956
    0.503950298 0.847210646 0.493993312 0.322428524 0.983105242
    0.259929299 0.747106433 0.204069048 0.0065523982 0.341455281
    0.216895312 0.661281705 0.404158741 0.95023036 0.946570754
    0.660996258 0.120910674 0.591334939 0.126011193 0.457487851
    0.393976212 0.191835344 0.272974908 0.302347183 0.21191594
    0.735435188 0.28929615 0.867672205 0.492472351 0.931800246
    0.636800468 0.388926715 0.926954508 0.686617911 0.178299457
    0.679352164 0.200303495 0.343695045 0.628981113 0.630664051
    0.184944481 0.622483134 0.716461778 0.132495314 0.106044203
    0.30544576 0.0101929009 0.714447439 0.667681992 0.676959634
    0.783245087 0.0126968324 0.207141906 0.381373942 0.158842683
    0.389415622 0.353025019 0.299260139 0.578735828 0.878064394
    0.799195647 0.0232134461 0.883098185 0.818076491 0.660844445
    0.378077209 0.961803675 0.154226393 0.560640872 0.230393767
    0.891252041 0.951723576 0.659452558 0.949311256 0.70092833
    0.763814628 0.543296278 0.046679467 0.894725442 0.337970376
    0.35995096 0.966706395 0.243863046 0.220943332 0.442603111
    0.0673201382 0.481932491 0.414452016 0.0230507851 0.766438067
    0.423833728 0.982829332 0.41086179 0.394381851 0.706743181
    0.670624495 0.240411878 0.814259291 0.166646749 0.516767919
    0.066701591 0.00169655681 0.390101165 0.634144068 0.762256384
    0.37285462 0.396198332 0.526086152 0.394364744 0.847369075
    0.189951301 0.562942147 0.161631823 0.811243176 0.4170219
    0.804229319 0.822871208 0.427726865 0.301363409 0.159493864
    0.335517794 0.0188111067 0.00222504139 0.885175228 0.723250389
    0.528536379 0.467105687 0.779232979 0.753173769 0.280430794
    0.717614353 0.796594024 0.897262096 0.76246357 0.0599369407
    0.179598868 0.378057837 0.933336973 0.732665896 0.411553055
    0.296147227 0.219196498 0.691630483 0.0569399595 0.0433447957
    0.547592044 0.669244051 0.620304346 0.6244995 0.302465558
    0.237028271 0.0268572569 0.77867502 0.222288251 0.495049089
    0.360831559 0.540297687 0.265725434 0.471596569 0.803077519
    0.9171682 0.967995167 0.590300798 0.335727036 0.41287902 0.373568416
    0.371136725 0.581900239 0.960971594 0.00120031834 0.306669056
    0.237374246 0.434988499 0.841636598 0.423372984 0.766534328
    0.419504762 0.0821897686 0.596916258 0.631790698 0.231507093
    0.182050645 0.589011788 0.836298585 0.573850572 0.203274429
    0.347846508 0.195956379 0.907480001 0.0853399336 0.57395947
    0.821718574 0.68715167 0.383397162 0.056078434 0.558101118
    0.472958922 0.165344775 0.355515182 0.0081115365 0.15598768
    0.846436262 0.782980263 0.0398972034 0.29253909 0.8202914
    0.182231456 0.693589985 0.035024792 0.280983567 0.400517523
    0.700232863 0.388874292 0.886119723 0.583247721 0.337706804
    0.93609792 0.0926872194 0.757677913 0.284966111 0.226787627
    0.851908565 0.977719307 0.0951129198 0.362695992 0.142294586
    0.497044563 0.362058729 0.415640682 0.678664327 0.370640099
    0.590916574 0.216273248 0.773291349 0.0774647295 0.490273118
    0.861126781 0.377305657 0.457495481 0.0598869622 0.326331854
    0.528461754 0.899760365 0.405023277 0.538771868 0.0514146686
    0.434901863 0.433043718 0.0552119017 0.954861045 0.649010658
    0.610134959 0.700231194 0.111443251 0.921170175 0.443517745
    0.335396349 0.373152792 0.354230702 0.233092993 0.485324413
    0.637337923 0.551389217 0.288355052 0.860712647 0.818858147
    0.43451339 0.59424448 0.77934444 0.926696301 0.202243865 0.237416446
    0.185803235 0.275915653 0.750113845 0.251273721 0.193933934
    0.480470926 0.894057274 0.137905329 0.536691725 0.263945967
    0.223170668 0.0882559717 0.0931206346 0.576719165 0.513902247
    0.782353282 0.855962813 0.24219799 0.330057025 0.306444138
    0.763354897 0.924737453 0.712762415 0.519875824 0.12224105
    0.572038054 0.149318725 0.831087172 0.907454133 0.785772145
    0.734653473 0.447413236 0.408709943 0.447682679 0.877414584
    0.9529984 0.332873344 0.151345313 0.0798375905 0.797266304
    0.678762496 0.641611516 0.066259414 0.56814599 0.714742303
    0.778731227 0.170849264 0.15234983 0.445821255 0.0185763836
    0.0414992869 0.619669795 0.890160143 0.753992677 0.805998445
    0.831452727 0.195017964 0.447247475 0.508652568 0.031104207
    0.543872476 0.906421781 0.812219262 0.463941574 0.429221034
    0.551869273 0.324549496 0.903189421 0.733282268 0.588721395
    0.649772882 0.0776252449 0.988304377 0.045290947 0.123637021
    0.478381336 0.506304085 0.902139187 0.172598064 0.39607203
    0.472602546 0.0942728221 0.701852024 0.856850266 0.6313411
    0.101469874 0.592326164 0.0522950292 0.00652879477 0.141375154
    0.962852061 0.201191813 0.859120786 0.585777462 0.947516382
    0.289826512 0.110905945 0.427660674 0.0992175937 0.781895995
    0.191929072 0.856542706 0.979091525 0.850807071 0.822730899
    0.915635228 0.803310215 0.450454295 0.00945174694 0.586486042
    0.772546649 0.127889544 0.0760677755 0.867287219 0.518696487
    0.314311147 0.64017731 0.328009158 0.969475746 0.948966086
    0.697912812 0.268813819 0.544298649 0.510437489 0.417004973
    0.132824749 0.538947642 0.581495762 0.514342487 0.381946623
    0.596669257 0.603224456 0.428560048 0.507600665 0.460233122
    0.802795529 0.2118375 0.948634028 0.219501644 0.87942028 0.180589855
    0.551400065 0.759464145 0.0778807104 0.147862107 0.320497811
    0.861327052 0.314768374 0.138815761 0.894534171 0.560152173
    0.134654164 0.476216316 0.973113358 0.055033952 0.34479779
    0.488823146 0.454659134 0.850087047 0.973643422 0.676049709
    0.442016482 0.792547166 0.336747169 0.610259056 0.881348491
    0.485981911 0.322463393 0.791287541 0.159769773 0.368338168
    0.642504454 0.684998751 0.955819845 0.445191085 0.569583416
    0.415746957 0.177862465 0.344472528 0.878534496 0.0683332086
    0.10848701 0.538733959 0.620878398 0.0931936204 0.377677441
    0.573420882 0.287812352 0.831200838 0.313269138 0.949138284
    0.0302673876 0.356367439 0.37853235 0.468917072 0.469824404
    0.875483394 0.874390364 0.199363708 0.0904157162 0.185394019
    0.354888737 0.610514343 0.392346382 0.102578133 0.111991048
    0.0439021587 0.411260009 0.549634516 0.370946944 0.317188919
    0.838392556 0.314669698 0.448148847 0.787183762 0.617827535
    0.549456239 0.381152868 0.425463587 0.2142618 0.266100049
    0.351978481 0.914715409 0.400495291 0.0503052175 0.535390019
    0.822987437 0.180413008 0.943589985 0.411462426 0.653271556
    0.429029524 0.210992306 0.152754515 0.446584642 0.0668233335
    0.485085249 0.991459489 0.157016069 0.214347214 0.36878866
    0.427541971 0.910890043 0.64395535 0.983908772 0.25971961
    0.521532893 0.438762486 0.628648639 0.915462017 0.562937438
    0.912706912 0.938054204 0.808344483 0.709790111 0.96702522
    0.627060115 0.204946339 0.871495247 0.33762908 0.733084738
    0.237171143 0.46767965 0.445319265 0.994664311 0.0690620244
    0.871389389 0.460775435 0.687192261 0.133551896 0.459073246
    0.0204887986 0.125910789 0.328170508 0.767708898 0.235636532
    0.754644752 0.0039152801 0.418611646 0.22851634 0.085975945
    0.558385611 0.806314886 0.234428853 0.00262188911 0.0707516074
    0.524434507 0.521201968 0.267237544 0.397707641 0.304899961
    0.39897573 0.896150291 0.524900317 0.929121017 0.768458724
    0.662587166 0.256868958 0.923722804 0.454254925 0.0761696398
    0.0088814497 0.471662432 0.368810833 0.997424126 0.207673103
    0.356468558 0.308227241 0.256258547 0.733832955 0.976672292
    0.582727969 0.401060671 0.657155097 0.0316682756 0.896139622
    0.118636459 0.846217632 0.778013587 0.46498993 0.821293354
    0.559326231 0.611277997 0.935034394 0.707959652 0.0209043622
    0.184559613 0.156409442 0.37310949 0.415451646 0.987606764
    0.949453354 0.0368393362 0.942456603 0.216554582 0.6285972
    0.895098448 0.686021566 0.165220857 0.608368635 0.828659177
    0.529035211 0.383611411 0.432940662 0.595663726 0.618128538
    0.283622622 0.043908447 0.607833982 0.967019081 0.482461035
    0.621115088 0.518204331 0.205708385 0.486276686 0.894147992
    0.210273325 0.778035164 0.148858637 0.768112302 0.190619081
    0.528323829 0.0255843699 0.000851541758 0.933492661 0.319694519
    0.349545211 0.0167647004 0.419151306 0.997110367 0.835000157
    0.62419343 0.303424329 0.238496512 0.73516041 0.219571292
    0.451720476 0.862780035 0.340563715 0.374113619 0.0514527857
    0.619273603 0.951810122 0.858223438 0.441206068 0.133733153
    0.640812397 0.928904295 0.466736853 0.686453819 0.28685838
    0.96276176 0.160180062 0.4987773 0.805534005 0.577844739 0.519341767
    0.000677257776 0.597073376 0.966892302 0.479813397 0.705567181
    0.115813673 0.401060671 0.112196267 0.959043324 0.33668983
    0.545452952 0.817167401 0.0199045539 0.96609354 0.248492539
    0.78891933 0.15467149 0.323846877 0.174637854 0.341493428
    0.607477963 0.615293086 0.512187839 0.0772449672 0.136537343
    0.539077282 0.0942789316 0.116207778 0.394943655 0.614629149
    0.172470301 0.557052553 0.325585067 0.159623533 0.2059744
    0.320649892 0.682418525 0.286982536 0.873410702 0.294952691
    0.869514942 0.996178269 0.320787787 0.252499282 0.877505898
    0.81798172 0.969535768 0.97428143 0.271227479 0.330469161 0.30895251
    0.484622389 0.175342947 0.751659155 0.473925799 0.453708708
    0.0746119916 0.166074276 0.193764836 0.0933086872 0.0860163867
    0.639889359 0.655826807 0.412869424 0.456181556 0.738417864
    0.714296937 0.202933162 0.852756619 0.793875694 0.997151732
    0.343726069 0.18789947 0.247982591 0.500592649 0.193128616
    0.422390342 0.971446633 0.923676848 0.850755811 0.216389358
    0.906829834 0.530339897 0.918454289 0.24759239 0.442806542
    0.502690256 0.822141171 0.258381963 0.644964099 0.785321474
    0.0381387472 0.907339573 0.0608615279 0.0774743557 0.78761971
    0.179867208 0.0744749308 0.38149178 0.576829791 0.954681635
    0.073192656 0.860779643 0.165798426 0.0712923706 0.319651842
    0.559406281 0.319843769 0.414917231 0.84992969 0.772801876
    0.932651937 0.513378918 0.969532907 0.826150656 0.329406083
    0.507668138 0.140099525 0.845271826 0.712375164 0.238543987
    0.561062217 0.929816961 0.894333422 0.940099478 0.686716378
    0.23578617 0.104004443 0.206242114 0.868945301 0.248668045
    0.73925662 0.565217733 0.579011023 0.112778157 0.404701978
    0.483674973 0.405558884 0.81001687 0.640967846 0.705192685
    0.930139899 0.378780454 0.407772779 0.803052783 0.58374095
    0.034165144 0.150398642 0.83890295 0.12237826 0.655388892
    0.729064286 0.184643328 0.756381035 0.598285735 0.741792917
    0.233030558 0.374484718 0.356002092 0.595062256 0.237022758
    0.377519011 0.365579188 0.0184816122 0.15132761 0.539787292
    0.763346314 0.65198797 0.0515529811 0.716333628 0.926017165
    0.530470014 0.915614963 0.273645699 0.308235586 0.295548767
    0.585099578 0.362787068 0.838035882 0.933031857 0.384729177
    0.221199214 0.39657706 0.870954394 0.0554825068 0.808884859
    0.0665309727 0.212923855 0.596250713 0.274058759 0.900958061
    0.229018658 0.00297343731 0.105817139 0.749034286 0.0715028048
    0.691833019 0.302337527 0.35801053 0.303225309 0.863998771
    0.492119521 0.138456821 0.232338548 0.609234035 0.26325658
    0.00995284319 0.898776531 0.0557759702 0.0716651082 0.579666436
    0.723006487 0.459388107 0.321728826 0.828321993 0.700528204
    0.503966391 0.991555929 0.349257916 0.0609293878 0.979637265
    0.331386328 0.836297572 0.991607666 0.138393909 0.61125356
    0.279354572 0.279632539 0.814290285 0.106669068 0.341583967
    0.773306608 0.704311907 0.928676605 0.491638958 0.675492406
    0.930076063 0.799663782 0.80001533 0.864610434 0.435107976
    0.772029519 0.546426177 0.825708568 0.126911074 0.566294253
    0.3715114 0.333402634 0.894939959 0.384226143 0.975055158
    0.138924867 0.504506707 0.590965867 0.568967044 0.439549148
    0.200260669 0.783026695 0.506198704 0.554445624 0.635994673
    0.497376621 0.642418802 0.453363746 0.193978101 0.666528523
    0.0647009611 0.28756839 0.435182333 0.584181905 0.216712147
    0.127060175 0.632775784 0.153799236 0.205213845 0.328539968
    0.0163337886 0.854822397 0.467234433 0.0434962809 0.20320037
    0.639292121 0.339735091 0.739170849 0.533680916 0.246240407
    0.316466093 0.560467243 0.657540798 0.737472415 0.00457322598
    0.861923456 0.117739737 0.718120694 0.377463669 0.538556397
    0.388314515 0.983905971 0.863586366 0.0918862522 0.463343084
    0.16651082 0.756951094 0.458612174 0.0345316231 0.761304319
    0.917071104 0.637559175 0.533937693 0.343371928 0.683319092
    0.30988121 0.907839656 0.91040206 0.241731077 0.405951738
    0.689142168 0.925755739 0.630519331 0.924480557 0.343308508
    0.398371637 0.637424707 0.282728255 0.87390554 0.271317691
    0.952966392 0.327689826 0.790419936 0.903815866 0.179460645
    0.182829767 0.711844683 0.213455915 0.953613341 0.956244111
    0.0643007457 0.328461051 0.111278355 0.590466499 0.969894588
    0.882646084 0.406819612 0.777409077 0.561460912 0.504960418
    0.590015471 0.360814571 0.0945878327 0.337777287 0.0431289375
    0.089592725 0.591713727 0.139341265 0.597571731 0.175733119
    0.775480628 0.174883157 0.252598464 0.570322275 0.327499777
    0.445068359 0.0797640085 0.0214231908 0.398573577 0.908084452
    0.456430554 0.0130094588 0.791586995 0.705237985 0.683938205
    0.141231835 0.406356096 0.316165298 0.387248516 0.59903115
    0.628717601 0.397073567 0.179561436 0.0879350901 0.524406374
    0.366828769 0.0456190109 0.611928165 0.977408171 0.0313657224
    0.970209956 0.477582276 0.116760761 0.408241242 0.993875682
    0.611745119 0.261839032 0.650108039 0.984804392 0.32700479
    0.371298432 0.197503716 0.360799193 0.376303613 0.572742283
    0.54687053 0.103519976 0.276233256 0.670658827 0.629103243
    0.956523597 0.0405135751 0.669901371 0.257231772 0.100241065
    0.908391416 0.969314635 0.810922265 0.189295501 0.464602649
    0.195541143 0.0793679953 0.146966904 0.69369936 0.901699185
    0.2605775 0.827750146 0.514195323 0.223516673 0.0720997751
    0.858456433 0.899239838 0.66072917 0.313561738 0.246325076
    0.40257588 0.696784258 0.375228763 0.810586452 0.912987947
    0.390685558 0.130446941 0.4464522 0.626029789 0.569074214
    0.482244521 0.839128613 0.722491503 0.829380155 0.0314307213
    0.991294146 0.776085377 0.19267711 0.626344144 0.462785125
    0.491302043 0.271908998 0.191281885 0.748149276 0.231984973
    0.0760289431 0.107836813 0.0615628958 0.324061513 0.437954694
    0.891984522 0.907191277 0.298597395 0.633108079 0.234639168
    0.236906081 0.613166571 0.196374804 0.895382524 0.0177104175
    0.845867753 0.870924115 0.229330331 0.457286894 0.997518897
    0.683873773 0.160040855 0.0680675507 0.444744349 0.879210532
    0.470144153 0.0946154594 0.663607597 0.236390948 0.194740742
    0.167324185 0.799043536 0.208535224 0.613842309 0.874691665
    0.378773719 0.345027536 0.891269863 0.850501418 0.201666862
    0.951776743 0.309957266 0.932411194 0.441666245 0.537655473
    0.565727234 0.00161406398 0.854963183 0.358459592 0.963823795
    0.538089156 0.434494466 0.858815134 0.458477736 0.0842688382
    0.888624072 0.63051343 0.647458971 0.0604110956 0.128976285
    0.3585186 0.719845474 0.646705329 0.852469206 0.421137214
    0.659848332 0.383693039 0.32034719 0.818897247 0.852841377
    0.210232139 0.703513384 0.463855535 0.694726765 0.596413255
    0.5966205 0.637066782 0.000160306692 0.262976766 0.280072272
    0.897722602 0.919766545 0.146662086 0.348367572 0.824803829
    0.113774091 0.725020647 0.464290231 0.529551506 0.845726907
    0.704028487 0.909166992 0.84487927 0.215702862 0.0793150067
    0.226732075 0.612111509 0.0288427174 0.897444487 0.749723911
    0.664241433 0.994387269 0.541949153 0.270892859 0.946461797
    0.200659543 0.338538349 0.0244453549 0.723184228 0.154519439
    0.650784373 0.724159658 0.665748477 0.505077839 0.653957188
    0.415572226 0.465620607 0.83154881 0.21479705 0.81937325
    0.0934645534 0.422596335 0.0228585303 0.880919456 0.443175673
    0.321746469 0.375547826 0.723540068 0.85272634 0.753649771
    0.059404701 0.45571959 0.0897687972 0.931019664 0.0658968985
    0.492762387 0.787422895 0.599308074 0.478959084 0.336286038
    0.163252801 0.847783446 0.191092551 0.454295397 0.0958212018
    0.0843701065 0.339586258 0.510165155 0.5170573 0.464033753
    0.883048713 0.853888929 0.262164116 0.897777557 0.0763874948
    0.373890936 0.864254117 0.0890084803 0.485893607 0.516716421
    0.385024428 0.57095325 0.175456882 0.375866503 0.431914985
    0.254133999 0.739172101 0.196134508 0.495991051 0.329602003
    0.36719054 0.878756225 0.878009439 0.589711308 0.738178968
    0.653722584 0.281114936 0.569075227 0.326108456 0.511621177
    0.784785867 0.533592463 0.538537204 0.570657313 0.210597545
    0.159472346 0.28539905 0.943672419 0.371557355 0.392137736
    0.583247423 0.227650672 0.79284215 0.345489413 0.0139647424
    0.655121803 0.0179033875 0.992366254 0.673752964 0.92397368
    0.939639986 0.259214342 0.742618263 0.309832573 0.950641274
    0.0590564311 0.40440017 0.290825427 0.498692691 0.366125226
    0.204154193 0.128822982 0.810017586 0.706597567 0.904199541
    0.966301441 0.970120549 0.0399932265 0.879084587 0.979872704
    0.0465898216 0.0702902973 0.107304156 0.184139639 0.371335417
    0.727461338 0.192639232 0.561350822 0.727982879 0.677424192
    0.279814184 0.413713872 0.186995596 0.237128645 0.730233073
    0.582977295 0.803477287 0.828140497 0.298743039 0.789162099
    0.458168596 0.843183041 0.164357573 0.180567086 0.302509367
    0.463078797 0.065040946 0.39805603 0.664685071 0.639033318
    0.929411829 0.848909974 0.0649260581 0.543913722 0.28052038
    0.51287365 0.27072385 0.108933866 0.724595547 0.485087097
    0.788923323 0.0671537519 0.839146018 0.286842436 0.361694098
    0.39757517 0.0957944393 0.643426061 0.186180532 0.980118752
    0.279328763 0.604070425 0.256983101 0.665091336 0.633927166
    0.722569942 0.0518978536 0.488345861 0.654891372 0.417480826
    0.391212881 0.847687364 0.330170333 0.622256696 0.204019874
    0.370459676 0.236736804 0.517822981 0.780866981 0.642894149
    0.530623972 0.267262399 0.839811981 0.973181725 0.0437824726
    0.357091606 0.213264823 0.212040752 0.526858151 0.922092736
    0.822444916 0.064311564 0.409556657 0.00256666541 0.0768372715
    0.810397327 0.57539165 0.79057467 0.0173570514 0.818859696
    0.836436152 0.325558543 0.310241371 0.109600961 0.261193454
    0.413679421 0.659591973 0.882411361 0.55637157 0.0640518069
    0.634856284 0.804608464 0.109864324 0.723234951 0.677968442
    0.185771018 0.298604846 0.791971207 0.0175208151 0.56910038
    0.17012307 0.315195382 0.763427258 0.767914951 0.0849936903
    0.313351989 0.789439857 0.949419618 0.33620131 0.223712295
    0.569277644 0.989502192 0.331557035 0.925921321 0.647837698
    0.870422721 0.939388156 0.59511745 0.656974912 0.311684608
    0.603185356 0.298720837 0.611382365 0.326793671 0.0502887666
    0.48767525 0.578647256 0.0848364532 0.917632282 0.789992452
    0.383202016 0.64789176 0.197059244 0.269066632 0.185563564
    0.597525716 0.673842013 0.948769808 0.504991353 0.986712694
    0.444310278 0.677718759 0.702096701 0.536182523 0.887223125
    0.541310489 0.32402724 0.984560549 0.330091536 0.209240198
    0.554079175 0.858713865 0.135198087 0.162388623 0.81208086
    0.107204109 0.60002321 0.37508285 0.608745575 0.554196954
    0.0283417404 0.963805497 0.630541801 0.0951350927 0.803304315
    0.748233199 0.215010643 0.121157557 0.67739141 0.875366449
    0.184547514 0.871266246 0.806920588 0.245258838 0.446139783
    0.764520764 0.759099007 0.214930207 0.536554039 0.733224332
    0.290620029 0.570177913 0.636862576 0.374405146 0.618934214
    0.977678299 0.514305711 0.90235126 0.736203551 0.561228991
    0.731251419 0.709295511 0.384717345 0.794086814 0.40933001
    0.0725629628 0.902286291 0.991794467 0.226631045 0.169266582
    0.113716185 0.965069354 0.383943141 0.415349334 0.741257787
    0.997682214 0.638447046 0.933012366 0.828680694 0.259523362
    0.920342743 0.335641116 0.142810553 0.378006071 0.518971086
    0.24975884 0.26993686 0.693800211 0.0560572445 0.624894917
    0.82022506 0.223023206 0.143183619 0.7564044 0.891105592 0.971933007
    0.194108546 0.143710852 0.734393358 0.85142827 0.693762898
    0.864832103 0.844502926 0.398606569 0.544276059 0.520136774
    0.280233681 0.114917517 0.308506727 0.861347556 0.180427849
    0.965532303 0.563452661 0.439617336 0.729543149 0.598433316
    0.904791594 0.320873797 0.21424818 0.952339768 0.864889383
    0.471587837 0.565547168 0.737908483 0.972010076 0.838049769
    0.332887173 0.969422281 0.550549448 0.317329884 0.388325155
    0.208459824 0.993943751 0.546946347 0.618232846 0.488512695
    0.160195947 0.0861788988 0.0130065382 0.784428954 0.298688024
    0.0862593353 0.197354645 0.431363016 0.0141076744 0.676132739
    0.39697668 0.410557479 0.950992942 0.633690834 0.0314719677
    0.0842697024 0.730374813 0.87596333 0.480848104 0.187679291
    0.909236133 0.777906895 0.920202136 0.736875713 0.153521299
    0.87495023 0.225100309 0.794678032 0.883476853 0.597857654
    0.144217193 0.895500422 0.307131946 0.244350672 0.0269269049
    0.718502343 0.156237692 0.960927546 0.971083701 0.837828755
    0.642076075 0.902201056 0.466956019 0.891372323 0.604345739
    0.659630001 0.43361634 0.104892969 0.231996834 0.209497362
    0.144925684 0.704945982 0.706351817 0.806571007 0.58071965
    0.404765666 0.8660779 0.24485454 0.121487051 0.162420958
    0.0336307585 0.204910278 0.0697372854 0.679126263 0.732772708
    0.539361358 0.72878027 0.262744993 0.204331607 0.297300279
    0.14830026 0.88869071 0.216136992 0.129279524 0.988482296
    0.740627468 0.132277578 0.475119203 0.823007464 0.287621051
    0.809717298 0.64342159 0.85854423 0.147096306 0.726448536
    0.157465994 0.853370368 0.78969264 0.166727304 0.222573131
    0.118924737 0.885213614 0.359254658 0.85636735 0.631648779
    0.326681852 0.140401483 0.644184232 0.858793855 0.965352297
    0.154789269 0.518752158 0.520363212 0.842176557 0.896000624
    0.703134418 0.0691295266 0.215295136 0.676134467 0.0471642613
    0.8875826 0.830232978 0.715405643 0.201919585 0.209583133 0.17837888
    0.544724882 0.350017786 0.493421584 0.207132936 0.492145211
    0.645185709 0.698118329 0.775385976 0.0588002503 0.512832224
    0.696385741 0.87153995 0.519914448 0.663662851 0.483445704
    0.246178836 0.522772729 0.283163369 0.215741575 0.566682339
    0.793279827 0.987599075 0.58611089 0.207906634 0.347749293
    0.810990453 0.782729506 0.81261766 0.00848853588 0.48867929
    0.534616232 0.145914882 0.907508612 0.465909779 0.77806437
    0.844986141 0.468901664 0.370510817 0.149969935 0.0543645024
    0.359424442 0.14144522 0.122436434 0.12735942 0.218128532
    0.278620183 0.156956524 0.499512047 0.179572135 0.0260391831
    0.921506941 0.600636125 0.857291639 0.231664956 0.153528541
    0.682357311 0.406655788 0.373379052 0.66289103 0.71163249
    0.660209775 0.201803893 0.434356093 0.414288849 0.189270884
    0.637432635 0.522888541 0.24220717 0.350213468 0.904136419
    0.164120317 0.255766153 0.31249693 0.423859119 0.749137461
    0.682617724 0.0455416143 0.432720542 0.52690953 0.694705248
    0.27082938 0.486819237 0.842067003 0.854389548 0.0685138106
    0.481538177 0.86814487 0.915064931 0.793983281 0.983201444
    0.0205121934 0.607804418 0.223116547 0.777421117 0.242099643
    0.342306048 0.15160504 0.541096509 0.799037814 0.765286505
    0.752538919 0.938234985 0.124081761 0.817121148 0.949021935
    0.195303023 0.186248988 0.343161106 0.448934168 0.558670998
    0.658573449 0.219224185 0.753428102 0.356616139 0.635474145
    0.0938352644 0.374767214 0.0469192863 0.998828411 0.379019439
    0.973947883 0.286238879 0.183960855 0.00583726168 0.497006387
    0.791502476 0.61916554 0.972957134 0.581760168 0.488528609
    0.537513793 0.66249311 0.979170382 0.609401107 0.84316349 0.54948765
    0.148047775 0.430018485 0.951048255 0.364730716 0.37285918
    0.0736219287 0.608108342 0.628640175 0.707127035 0.93068409
    0.347775877 0.428887576 0.87945962 0.925379515 0.600084186
    0.706617355 0.178685278 0.0829662681 0.158217341 0.745550573
    0.26467824 0.831426203 0.214003175 0.0602262616 0.674334943
    0.513152122 0.647382617 0.245159894 0.90579915 0.676346779
    0.835725665 0.469630003 0.15211159 0.179635495 0.0453198254
    0.970284462 0.389662176 0.993775249 0.771701336 0.083402276
    0.446791738 0.819169283 0.0162431002 0.113109976 0.972994924
    0.71319139 0.817200899 0.822414696 0.516391039 0.0365122259
    0.515040398 0.878986597 0.223884463 0.818713784 0.993271828
    0.645006359 0.266532212 0.634474158 0.784544587 0.102888405
    0.30844751 0.156976789 0.744407415 0.29775089 0.474049062
    0.333161205 0.0395064354 0.527233005 0.642258823 0.124569893
    0.017765373 0.0880161524 0.444042504 0.895836592 0.390711308
    0.0791603327 0.347413927 0.293870628 0.155858696 0.245161563
    0.29952997 0.44305405 0.913038135 0.823831558 0.795045018 0.20944804
    0.768866539 0.140455425 0.154137075 0.304832309 0.0402961969
    0.811321735 0.830413222 0.12632677 0.389553756 0.993253231
    0.550798297 0.2412512 0.255876631 0.0801666677 0.774904132
    0.246310145 0.400944471 0.623039961 0.199589431 0.739331186
    0.0910769403 0.634497404 0.609641075 0.336907029 0.87013334
    0.817254901 0.11966747 0.775853992 0.59586978 0.377270818
    0.264524579 0.421909213 0.220644057 0.0273289382 0.305150032
    0.745985329 0.196857929 0.684072256 0.998344064 0.349927604
    0.730949163 0.717244864 0.148587465 0.0163863301 0.852580845
    0.513442039 0.473614067 0.855056167 0.892206132 0.785794735
    0.285597324 0.147714496 0.207094312 0.0722825527 0.940795541
    0.355781794 0.632207334 0.11711055 0.0808339715 0.46014446
    0.0772331655 0.66594255 0.0209498405 0.309334278 0.51690793
    0.342605501 0.53618747 0.0279292464 0.00182893872 0.435214609
    0.930942714 0.472328693 0.566634357 0.357373297 0.387213737
    0.615735412 0.0469250083 0.913731277 0.320371181 0.205195069
    0.556404531 0.487642884 0.892484903 0.75248313 0.604157567
    0.926916957 0.785742402 0.927439332 0.69920671 0.707447231
    0.160603374 0.136008233 0.115151405 0.344573498 0.0808418989
    0.217167735 0.724332571 0.00284737349 0.569853067 0.0298665762
    0.452829927 0.866866291 0.661171675 0.749042273 0.85434556
    0.576280534 0.126461327 0.597188354 0.747126341 0.37858063
    0.740975976 0.834176302 0.773336291 0.639338613 0.51568228
    0.131414384 0.171324313 0.300945044 0.21452859 0.606877565
    0.0349060297 0.327190995 0.72448194 0.182957083 0.428732514
    0.180968404 0.0162262022 0.329846084 0.694212496 0.0399655402
    0.540462852 0.980428159 0.572193444 0.583187461 0.312993526
    0.965636551 0.60367924 0.857492745 0.136960804 0.343277812
    0.210326672 0.758107543 0.351625741 0.792420864 0.511601329
    0.453416049 0.189733833 0.0357945263 0.180554003 0.768651724
    0.168097407 0.441949129 0.29238233 0.463348925 0.292443454
    0.220628887 0.857372761 0.971316457 0.724315524 0.159396857
    0.315005183 0.648250103 0.0321408212 0.747594237 0.469063103
    0.552061141 0.468143672 0.869474769 0.735958397 0.677216053
    0.652341962 0.526879132 0.627139688 0.542070627 0.144018203
    0.42353496 0.441729814 0.0846030116 0.16114229 0.919884205
    0.140018165 0.0232993066 0.858270645 0.461581767 0.69841212
    0.193634331 0.023542732 0.281026751 0.537586629 0.368322194
    0.10565877 0.671166062 0.578617156 0.16370061 0.519915819
    0.886823893 0.558008134 0.228782922 0.150505453 0.0997879207
    0.993129849 0.06130597 0.457379639 0.199426353 0.130832255
    0.903288603 0.686568856 0.102582306 0.790884614 0.50370872
    0.530157804 0.91334033 0.747329414 0.975789547 0.383902282
    0.238298684 0.559412301 0.980517685 0.372097075 0.79299593
    0.0937268734 0.136756688 0.649151504 0.964566529 0.0753831267
    0.807781458 0.32784 0.853069484 0.742877901 0.302190602 0.271911919
    0.958176017 0.594377518 0.517474473 0.228022724 0.126510173
    0.292877674 0.575705707 0.104329556 0.943738461 0.968904078
    0.221060812 0.113842785 0.65436244 0.47407046 0.661340475
    0.944124341 0.170487344 0.127924979 0.51169616 0.231065363
    0.944057465 0.698875606 0.0686668158 0.022862345 0.0513149798
    0.540760994 0.843249679 0.945002019 0.116699398 0.558517218
    0.94154954 0.0637358427 0.545292795 0.204313219 0.155544728
    0.293501079 0.484563231 0.172171593 0.378276378 0.254267752
    0.707046032 0.435225397 0.372072816 0.549561024 0.0346875191
    0.401058018 0.865027547 0.516575933 0.146436185 0.838728487
    0.103583395 0.678494096 0.302593589 0.295601189 0.742540359
    0.421263158 0.926242173 0.531794548 0.345473051 0.673463643
    0.818512082 0.718399048 0.0996615589 0.80433023 0.223800987
    0.974227428 0.555094004 0.412869632 0.0414163768 0.369531751
    0.422838449 0.271246403 0.561716139 0.831292629 0.982042432
    0.620386958 0.323627234 0.142719924 0.883672774 0.543009818
    0.873283982 0.591981888 0.847767115 0.578709722 0.533023238
    0.0463889837 0.424891084 0.309489131 0.82359308 0.508013785
    0.689828157 0.560204327 0.49964425 0.183050334 0.739419222
    0.609883904 0.99958694 0.428256541 0.5410465 0.842220187 0.706647396
    0.873948812 0.537124515 0.685277522 0.0238568485 0.424641579
    0.570988655 0.625670612 0.28719902 0.995148003 0.688279331
    0.89774549 0.36563623 0.662603557 0.565937936 0.798006654
    0.133280486 0.217781782 0.448127151 0.595304966 0.268948793
    0.388506263 0.0549916029 0.250913411 0.111902863 0.523755074
    0.721092701 0.79077673 0.841641307 0.11920315 0.775786519 0.58448559
    0.975844622 0.0445969999 0.977059722 0.769935369 0.966022015
    0.0382259488 0.873723745 0.450739086 0.257395983 0.887983441
    0.0287531316 0.923181951 0.981727242 0.856285989 0.85680902
    0.37856403 0.859071314 0.399073869 0.629924059 0.884443283
    0.108353406 0.596811295 0.136952817 0.122736752 0.772141278
    0.748427451 0.733028412 0.586267292 0.311079293 0.617655933
    0.448390692 0.466935456 0.299468637 0.599388838 0.48423481
    0.526822746 0.988898575 0.217518896 0.67037338 0.7280792
    0.0951351523 0.962460577 0.645339787 0.974105597 0.00538793206
    0.965063214 0.560932994 0.978850245 0.264588892 0.259206712
    0.24315992 0.664888859 0.62357676 0.325968325 0.751363873
    0.256196946 0.356001675 0.926815093 0.872071028 0.661351919
    0.477217376 0.524743259 0.385948867 0.202303827 0.862870216
    0.513702154 0.24297595 0.949491024 0.623406827 0.468213946
    0.986046195 0.296906471 0.674163818 0.144691408 0.611110806
    0.457938969 0.197018474 0.358340085 0.939079642 0.858630776
    0.496627361 0.583015859 0.382346869 0.937602282 0.380490035
    0.281214297 0.457275271 0.766198933 0.605198383 0.284358025
    0.344168097 0.735120177 0.702830315 0.360038489 0.595967293
    0.237468809 0.300545931 0.133452028 0.826335073 0.272627324
    0.162021905 0.252966106 0.75165987 0.365704775 0.814414501
    0.839497805 0.979636729 0.801374197 0.235304952 0.541892767
    0.180704117 0.790629983 0.502878785 0.968542457 0.488048255
    0.980971932 0.786869407 0.785405993 0.638975382 0.954497695
    0.358977109 0.344036877 0.826277733 0.918799758 0.287555307
    0.916130066 0.413574278 0.185756415 0.953037977 0.135094911
    0.0440040827 0.444480062 0.883271754 0.949419498 0.264424652
    0.350862682 0.141132653 0.00813773274 0.469655454 0.805028558
    0.586278737 0.374626666 0.73250556 0.595748723 0.995306969
    0.288028836 0.755531192 0.885344863 0.049300909 0.651901007
    0.803996444 0.504617333 0.790046513 0.408984661 0.837143898
    0.29229188 0.589228928 0.638321519 0.719479442 0.22118476
    0.0699943006 0.851378858 0.939052045 0.0260789692 0.540626287
    0.049189806 0.842530131 0.321267664 0.814684629 0.0901878178
    0.12372309 0.69942838 0.348983288 0.148410589 0.377399981
    0.874434233 0.956290007 0.856658578 0.945232034 0.181689113
    0.372635245 0.342105389 0.956995726 0.166281909 0.217933655
    0.863443315 0.824645758 0.725958467 0.546213269 0.791003227
    0.638172984 0.244289964 0.132002264 0.73176825 0.276396334
    0.181311339 0.856684506 0.992062688 0.947176933 0.905968904
    0.289111257 0.717502952 0.519193709 0.203830183 0.510643065
    0.92562902 0.960422754 0.933749676 0.411352992 0.556486666
    0.431623608 0.437702149 0.955281138 0.255508155 0.563865483
    0.813836515 0.460542589 0.118983895 0.682876706 0.945605993
    0.12266621 0.24328357 0.339063793 0.887255549 0.809007287
    0.0546971858 0.825261831 0.0944496393 0.442832768 0.934305429
    0.180458307 0.259590507 0.459671408 0.435254753 0.986786842
    0.882455945 0.110451996 0.273204088 0.962363124 0.955617309
    0.925182879 0.189881384 0.529549241 0.682775378 0.928767562
    0.802461147 0.695842922 0.244254082 0.190969586 0.33454603
    0.856370807 0.178752452 0.400780618 0.924430251 0.565226734
    0.782197773 0.542986274 0.0611008406 0.251102328 0.781304002
    0.157640994 0.328987181 0.629131556 0.781980038 0.468743652
    0.788851917 0.874797702 0.79211688 0.11180374 0.280842841
    0.637383938 0.954368711 0.539619207 0.143314898 0.86692512
    0.138136268 0.703740776 0.490745723 0.301583767 0.00850486755
    0.838885069 0.67367661 0.0198091567 0.351499408 0.884745955
    0.142088681 0.28653276 0.980263114 0.76836729 0.131763846
    0.639081478 0.360317409 0.746678352 0.792574048 0.635133505
    0.487831473 0.60158664 0.115611345 0.924299002 0.24425444
    0.0475476384 0.638628721 0.739866674 0.576545596 0.598590612
    0.88444066 0.819288969 0.567506075 0.0106443465 0.811774611
    0.0133438706 0.808357596 0.800982594 0.0380502641 0.13963896
    0.541313708 0.33180809 0.614066601 0.304420888 1.03116035e-05
    0.329035133 0.343362421 0.14437905 0.59537065 0.714608431 0.40715754
    0.743926525 0.529709935 0.280510038 0.843801975 0.72369653
    0.238218129 0.431165993 0.536288083 0.192789763 0.914956212
    0.264691353 0.43717587 0.020265013 0.138720334 0.952471614
    0.893520713 0.653035879 0.3792575 0.391832829 0.151210219
    0.970638573 0.940748155 0.502116203 0.225226969 0.564740419
    0.8629632 0.911588192 0.113748968 0.624044836 0.776404619
    0.886281013 0.345481455 0.232343435 0.719920278 0.603697836
    0.481629729 0.437140614 0.377952278 0.128926456 0.034088999
    0.153754085 0.792017817 0.317100704 0.338456035 0.711045206
    0.0263108909 0.142120302 0.293720603 0.703463674 0.735439062
    0.737814426 0.169183433 0.290004432 5.38825989e-05 0.162203699
    0.60775286 0.0590868294 0.65459168 0.495689511 0.203221053
    0.329157829 0.294472128 0.297913373 0.644147635 0.983422279
    0.554441571 0.534174025 0.468700588 0.985069275 0.237018824
    0.959545851 0.168619603 0.95473659 0.845320523 0.279456973
    0.407418489 0.0639494061 0.106417745 0.919400811 0.586716115
    0.685325742 0.0499179661 0.424289882 0.572874904 0.0595436096
    0.475206673 0.415591925 0.00592896342 0.387982666 0.534418225
    0.806730151 0.425064802 0.268855453 0.899339199 0.179572254
    0.454726487 0.252964556 0.113914549 0.953761101 0.158956438
    0.589395642 0.147623479 0.954667509 0.57959497 0.729861856
    0.918852746 0.374771833 0.85464108 0.899331868 0.533802271
    0.615442991 0.587853134 0.124862731 0.388976038 0.779874563
    0.89459461 0.404647559 0.632723629 0.616553307 0.767596245
    0.0620503426 0.847639918 0.799630642 0.232743382 0.740385711
    0.902370036 0.526374638 0.808051825 0.17852065 0.478777081
    0.199587792 0.396624118 0.212987006 0.162960976 0.878262997
    0.326913923 0.18655318 0.758669972 0.574279785 0.828529954
    0.751648903 0.184831977 0.536844611 0.596550822 0.856551409
    0.133451551 0.114121795 0.184961587 0.307343185 0.523574412
    0.0256179869 0.0700738132 0.299202144 0.0516104102 0.518324792
    0.763597727 0.512779593 0.561622441 0.712044835 0.550390244
    0.745164692 0.257415652 0.0358814895 0.0772049427 0.195940554
    0.269309223 0.510728478 0.622005761 0.779838085 0.162369132
    0.226777375 0.661113083 0.940627933 0.208041966 0.846987784
    0.105910361 0.152763814 0.668231606 0.17788282 0.99566102
    0.843355477 0.915892005 0.777381778 0.73621279 0.697014689
    0.116583347 0.412867278 0.442780435 0.14941591 0.941116512
    0.783322155 0.332562804 0.932647347 0.414565384 0.316585302
    0.0238077641 0.860261202 0.688168764 0.637420952 0.115382791
    0.881866693 0.84175992 0.730105698 0.699700475 0.434702367
    0.47928983 0.771225333 0.5403409 0.0568284392 0.868671656 0.3473759
    0.238918871 0.458653033 0.26338768 0.985194564 0.896570742
    0.578334808 0.414317816 0.695853651 0.194496393 0.373949707
    0.482680023 0.926344454 0.11741212 0.00225895643 0.0483771563
    0.415127456 0.313358635 0.658300042 0.341831088 0.939655781
    0.250786722 0.139663249 0.0409757495 0.59470588 0.107767284
    0.641823649 0.558268964 0.781743348 0.523432016 0.472863138
    0.0811344683 0.802732885 0.460653454 0.138646096 0.259415865
    0.422434866 0.0275868773 0.0422717631 0.102908522 0.672139883
    0.612108827 0.34882164 0.771714449 0.776986957 0.251129389
    0.735416055 0.0607788265 0.57017839 0.845056236 0.572550237
    0.218227029 0.515478075 0.309981287 0.566671371 0.813215733
    0.325765878 0.610546112 0.216421217 0.0483637452 0.0617652237
    0.883246064 0.0449219644 0.345016152 0.15384835 0.348340273
    0.398415178 0.820559859 0.801164687 0.145269096 0.915274143
    0.697897792 0.0160447955 0.335587412 0.991458178 0.203346133
    0.50111872 0.662689209 0.048740834 0.30044812 0.327193975
    0.272718251 0.0662613809 0.897530913 0.291724622 0.83126992
    0.626332939 0.71600616 0.200937003 0.229650915 0.580514312
    0.237212837 0.733386338 0.2605156 0.0409165919 0.570293307
    0.0264734924 0.928891659 0.343791485 0.806923389 0.00712952018
    0.968129873 0.690056145 0.275743514 0.731327295 0.728432536
    0.46928668 0.69271636 0.405653507 0.600419104 0.103930026 0.51387763
    0.786478341 0.611905515 0.939723611 0.317416817 0.926504314
    0.0330049694 0.431495845 0.0966439545 0.634481251 0.75568819
    0.992834449 0.601421237 0.896552324 0.725195765 0.26346305
    0.613358319 0.193934113 0.210344166 0.195163399 0.304561019
    0.652502596 0.366705418 0.357014477 0.612110734 0.148294806
    0.600682497 0.534850001 0.572515309 0.216584325 0.672655106
    0.321829796 0.601077974 0.107838452 0.138921887 0.311582744
    0.336273938 0.130813271 0.171806872 0.122147739 0.578652263
    0.775464594 0.744546235 0.537189126 0.567897081 0.267927617
    0.390976757 0.695126176 0.365897506 0.934673369 0.999275088
    0.941584587 0.263227522 0.925642371 0.0918280184 0.21845594
    0.00513315201 0.331397057 0.884825051 0.000552237034 0.145830363
    0.104078829 0.158287525 0.653982162 0.915277243 0.399774492
    0.581629574 0.491456121 0.689590037 0.696086824 0.453450263
    0.341133535 0.745541811 0.285719693 0.534527957 0.0631141663
    0.813164413 0.587680697 0.357487381 0.777101994 0.275460392
    0.480168402 0.980228305 0.902600527 0.910908461 0.885103941
    0.41231814 0.457716733 0.989490509 0.389305353 0.118278235 0.9460572
    0.0362754464 0.168217331 0.518598974 0.768001616 0.47285971
    0.504303515 0.770228624 0.93399179 0.393970788 0.274607122
    0.61193037 0.817758858 0.42917031 0.150859475 0.459946662
    0.224459887 0.547776759 0.0192472041 0.174520314 0.830358028
    0.346406281 0.742888212 0.917071342 0.643742561 0.0697886348
    0.112852037 0.485480756 0.109695643 0.298040807 0.509270191
    0.141109258 0.459320217 0.644548178 0.984748304 0.961946607
    0.625708461 0.805290699 0.943838239 0.228864223 0.741682231
    0.285689205 0.000640571117 0.727377415 0.507537842 0.0152938366
    0.121113688 0.580246091 0.0314137042 0.785941601 0.885958552
    0.753968477 0.818730354 0.915521383 0.631015182 0.529625714
    0.761446238 0.274368405 0.673113823 0.249847203 0.978966594
    0.982986212 0.459750921 0.351588309 0.312679768 0.682955384
    0.575643897 0.0789703727 0.347150028 0.203727633 0.21766606
    0.399058491 0.731516957 0.449795604 0.234060228 0.58758378
    0.130347341 0.646559119 0.939462662 0.576070189 0.988451838
    0.979525447 0.0596863031 0.907709002 0.615537882 0.62206769
    0.690127134 0.566466272 0.565501809 0.858779907 0.944815755
    0.123977691 0.869960845 0.800407052 0.860173345 0.473533809
    0.579888761 0.619331539 0.106655687 0.625112057 0.56040442
    0.161566794 0.70204699 0.595020533 0.914665699 0.861758292
    0.252307862 0.612421751 0.658467412 0.39177528 0.691145122
    0.796024203 0.521180809 0.238499105 0.293179542 0.800785661
    0.38442117 0.0169185698 0.0402032435 0.3302809 0.0858721435
    0.270655334 0.222365022 0.038741231 0.0609127581 0.71653378
    0.240488052 0.509904683 0.750651479 0.693274975 0.837896526
    0.320814461 0.0536470413 0.558359504 0.354272604 0.416413277
    0.975271404 0.752164006 0.644722521 0.118238062 0.518636346
    0.539215744 0.0764380395 0.357924342 0.957205057 0.705022633
    0.759934306 0.398061097 0.323723853 0.232207775 0.878041267
    0.90657413 0.0132262707 0.710134447 0.520362198 0.335957706
    0.603221059 0.486219615 0.258433342 0.119425118 0.0495392084
    0.531670094 0.556715369 0.51703614 0.213063687 0.0657779276
    0.635597765 0.0127291977 0.392999053 0.00925463438 0.851225913
    0.496193588 0.540513456 0.638120949 0.479524553 0.734012604
    0.265904814 0.279497206 0.281061381 0.340111852 0.109103173
    0.175022095 0.227818787 0.461954683 0.438834637 0.0537560284
    0.93529731 0.0183803737 0.995344102 0.411333501 0.891654253
    0.900923014 0.600252867 0.104799151 0.633755445 0.313862145
    0.99711591 0.397435546 0.87970525 0.759470224 0.589381337
    0.944705725 0.997952819 0.569939792 0.622788906 0.390116215
    0.362337828 0.963799 0.99442935 0.00293141603 0.348449171
    0.656624377 0.395543993 0.986952484 0.7281726 0.54985553 0.128584325
    0.675735593 0.870182395 0.865480065 0.81934762 0.495234311
    0.524324477 0.157558352 0.138897628 0.253468513 0.792163491
    0.86449635 0.305619538 0.334460139 0.534189582 0.639350295
    0.0815534592 0.745550275 0.561306119 0.171424121 0.209867507
    0.0151872635 0.842900872 0.356894612 0.138295174 0.719007194
    0.0872918069 0.620172799 0.201665908 0.00833809376 0.155277282
    0.492985934 0.789067268 0.892731845 0.415241182 0.0462761819
    0.990822434 0.122980058 0.869383335 0.0597539246 0.829867601
    0.63729012 0.488680422 0.0588464141 0.187887579 0.0287810564
    0.701455474 0.598633051 0.694647968 0.0615690053 0.513538122
    0.53959465 0.824386835 0.721088469 0.650426626 0.456067175
    0.631818712 0.22499156 0.683185101 0.671973646 0.000909984112
    0.791886449 0.633243442 0.326696157 0.534853518 0.156445712
    0.593064785 0.727839053 0.325571477 0.844362199 0.494334221
    0.313905716 0.0435115993 0.446728826 0.94825232 0.972783685
    0.89057982 0.910946131 0.211711138 0.797202706 0.580525219
    0.16319111 0.357908875 0.849743485 0.320736766 0.584607005
    0.360133022 0.849689722 0.949592113 0.0279712379 0.203806758
    0.844672203 0.926087856 0.741710186 0.54610914 0.211454988
    0.482203066 0.979589403 0.158048481 0.05997172 0.40409562
    0.971773863 0.343373954 0.953763366 0.881972075 0.359098792
    0.791532278 0.0100294948 0.650012136 0.614103615 0.804306746
    0.378287196 0.171622753 0.570284724 0.745711327 0.853211999
    0.106996506 0.261426628 0.980548024 0.694778681 0.853568435
    0.043474406 0.283521265 0.132251382 0.0291117132 0.237389535
    0.193988979 0.00973013043 0.805728793 0.702599287 0.888682008
    0.845587611 0.365855664 0.412638247 0.293372214 0.65486455
    0.322987735 0.802832603 0.179885626 0.568211079 0.696078837
    0.493131399 0.501895607 0.105696738 0.827885866 0.311926693
    0.263073325 0.763008237 0.423863113 0.626796126 0.792239547
    0.690605521 0.0701767206 0.25232935 0.771955431 0.205872446
    0.629074216 0.253968775 0.0236364901 0.609498501 0.474133402
    0.694335222 0.0940319598 0.0114232302 0.355828702 0.383440018
    0.0931989253 0.970288277 0.829902947 0.712053776 0.71103251
    0.256396562 0.788185716 0.246736318 0.576684475 0.554772258
    0.731642246 0.252136528 0.685205221 0.555424809 0.188080192
    0.404175282 0.625695944 0.602481484 0.605226994 0.578966677
    0.845303893 0.43826896 0.681311131 0.57032907 0.725930095
    0.442305356 0.160545677 0.925411105 0.404114664 0.587681174
    0.249835074 0.628973842 0.605721354 0.968368888 0.587055206
    0.567439497 0.629980326 0.758519053 0.162024111 0.643265069
    0.441779494 0.889065742 0.0361640155 0.791508436 0.476529986
    0.177636594 0.438174158 0.582225323 0.552977085 0.0388693511
    0.0929124355 0.888947129 0.508401394 0.566908062 1.41561031e-05
    0.764069796 0.923704743 0.0752090216 0.84582603 0.63482368
    0.787677646 0.698532581 0.525815427 0.579926789 0.977112532
    0.362890333 0.224064261 0.0349265933 0.864208341 0.292192221
    0.165728509 0.927216172 0.278290421 0.848964572 0.477926821
    0.975530386 0.0477333963 0.37403357 0.267642558 0.610277653
    0.433150798 0.806004047 0.366559774 0.725395024 0.584438264
    0.720976651 0.486868799 0.192394733 0.711702764 0.402093828
    0.672520161 0.10844624 0.702261984 0.050301373 0.463153899
    0.651313901 0.233830988 0.524582446 0.691114247 0.177573293
    0.992614031 0.819604039 0.963825464 0.0985689759 0.0153284967
    0.829952002 0.234460592 0.876523376 0.673235536 0.417500138
    0.996404111 0.113568842 0.0214610398 0.327397496 0.750828922
    0.638950169 0.970084071 0.304104269 0.2803137 0.922753513
    0.318038404 0.300032228 0.895070076 0.724096894 0.390593708
    0.873883605 0.288239717 0.664155126 0.529694617 0.50677681
    0.856963515 0.0410194695 0.545801282 0.25732094 0.79127264
    0.586363494 0.971692324 0.100692153 0.353801012 0.710133493
    0.283288062 0.750411272 0.447149634 0.997351408 0.81324023
    0.264778972 0.105860859 0.225474477 0.421340197 0.999343574
    0.307299703 0.685471833 0.660738587 0.170625418 0.672287405
    0.0168772638 0.880524516 0.869438827 0.0104176998 0.648581386
    0.806051314 0.0197243989 0.598250926 0.547942996 0.133666188
    0.440342009 0.663667679 0.491900206 0.00351828337 0.384622872
    0.383933872 0.864715636 0.543591321 0.367819637 0.794270754
    0.593385816 0.643200994 0.835485816 0.166620314 0.907581568
    0.00937652588 0.0368276536 0.134877592 0.813127279 0.730484247
    0.180792183 0.961261809 0.776192248 0.905943334 0.750027835
    0.721673667 0.897655845 0.454392046 0.849149108 0.326522708
    0.0933060646 0.439930975 0.595592797 0.430574954 0.692561567
    0.158991516 0.475587606 0.321431816 0.939639688 0.494788557
    0.289959967 0.694678068 0.438689947 0.492925167 0.87222898
    0.239676416 0.115576923 0.703947306 0.296274781 0.134433597
    0.231365561 0.279241562 0.0572208166 0.024933964 0.526542246
    0.982760787 0.825982332 0.743083298 0.279039145 0.718595624
    0.238937169 0.19674933 0.692737103 0.399413764 0.830958366
    0.926901102 0.713452339 0.457941025 0.868247092 0.501745224
    0.793073893 0.327003539 0.500477254 0.843973041 0.23214817
    0.565590143 0.363346696 0.462349027 0.754997373 0.474026382
    0.140247881 0.798581719 0.0378219783 0.66021204 0.166027367
    0.56407994 0.127880335 0.408302873 0.421869844 0.847938776
    0.73270601 0.268375486 0.510088086 0.963006675 0.726225793
    0.707471907 0.786776483 0.319010139 0.842989206 0.210403889
    0.350701988 0.637275219 0.667873979 0.197618186 0.810337603
    0.411309958 0.513276637 0.60881424 0.747430086 0.645014405
    0.573933363 0.913469374 0.703785002 0.266308904 0.312012136
    0.722790539 0.760981917 0.0759104192 0.562502623 0.454286277
    0.633657515 0.714671731 0.706258297 0.380368948 0.47401765
    0.290189385 0.523018539 0.872012854 0.726464152 0.909953177
    0.351512313 0.503819525 0.525525451 0.611920893 0.53980726
    0.27611506 0.639512181 0.0834521055 0.893733859 0.30959636
    0.416744173 0.0277287066 0.426085591 0.177123845 0.092987299
    0.740971565 0.661762297 0.265033126 0.0803243816 0.644363761
    0.796670198 0.931597948 0.804129243 0.955851972 0.107299984
    0.70920074 0.392596126 0.451104671 0.294201434 0.221709281
    0.489780962 0.888855457 0.196609199 0.293879122 0.293996274
    0.690484583 0.710684896 0.0196176469 0.19669202 0.499400407
    0.454002708 0.743921518 0.0475288332 0.822100878 0.796101332
    0.627041459 0.0193618536 0.609049797 0.375332624 0.266675085
    0.549627841 0.620115399 0.301274031 0.637782693 0.997162938
    0.405643731 0.71305871 0.768604457 0.362017512 0.431863576
    0.682088912 0.140701145 0.731947601 0.176761031 0.187875122
    0.150756776 0.0864587426 0.0825389326 0.0762904584 0.301426113
    0.633570731 0.781732559 0.508745074 0.396105319 0.390775114
    0.99012506 0.626349509 0.399399906 0.95416075 0.777172923
    0.866700232 0.816481948 0.0197162032 0.623248398 0.491825134
    0.165765882 0.0353389084 0.374102145 0.668223798 0.195191056
    0.0599025488 0.517173648 0.863100827 0.435918272 0.44326964
    0.299348116 0.371436536 0.66074723 0.193447024 0.860132933
    0.0713562369 0.119316638 0.618761718 0.372186363 0.294536531
    0.057833761 0.618546009 0.777954459 0.437054008 0.530558407
    0.671242237 0.797864676 0.204782456 0.70017916 0.108327746
    0.79323864 0.173544526 0.584432244 0.66226083 0.17068392 0.758603454
    0.564191759 0.784133315 0.802730203 0.242402375 0.0729352236
    0.278360993 0.973521829 0.759233296 0.271590948 0.530488789
    0.851276159 0.432473183 0.445474535 0.00174358487 0.876127601
    0.956914246 0.0231077969 0.854078054 0.138052195 0.807871521
    0.702747583 0.628419876 0.198706985 0.649528384 0.0561366081
    0.68993187 0.860464811 0.853196323 0.405003726 0.882841349
    0.319739252 0.915975332 0.454986691 0.249940604 0.67357862
    0.0496852994 0.888916552 0.838811994 0.444923997 0.484691381
    0.305624962 0.0439667404 0.695978582 0.328173637 0.714118242
    0.391904026 0.93656677 0.383283615 0.547243059 0.333045125
    0.414619803 0.798474789 0.560828209 0.28952077 0.644918203
    0.467196107 0.449594229 0.504931211 0.182046652 0.29357022
    0.613563478 0.661787689 0.528347015 0.0410753787 0.206713676
    0.0690580904 0.251232743 0.245858312 0.437157094 0.248700291
    0.425576955 0.000183105469 0.435015917 0.964154601 0.278138191
    0.108692318 0.647106409 0.755698621 0.426794738 0.732850909
    0.605960846 0.945186496 0.191012502 0.167360991 0.751392603
    0.688245237 0.119508088 0.433272541 0.425297558 0.984461188
    0.820894837 0.938988328 0.279197782 0.878902793 0.717197895
    0.270195723 0.918743253 0.528937757 0.2747899 0.931922674 0.70748961
    0.735563159 0.922815084 0.292501509 0.347557843 0.341606349
    0.588889062 0.234298408 0.575868964 0.691100597 0.800985932
    0.541949451 0.837516129 0.324574471 0.290060431 0.110051334
    0.358731002 0.498703778 0.577346504 0.767775357 0.227032512
    0.42273584 0.671137094 0.403339505 0.875796735 0.710820436
    0.829719782 0.331459105 0.503111959 0.395498812 0.6669963 0.61597532
    0.169150501 0.401061773 0.83612597 0.174860597 0.0168866813
    0.246532857 0.598239899 0.508725882 0.912661552 0.120319575
    0.668704689 0.232952237 0.0408648551 0.683687389 0.0301899016
    0.151265711 0.230351239 0.58653605 0.727323294 0.944882214
    0.804161906 0.085557133 0.381537735 0.307972908 0.326218843
    0.0361383259 0.193519294 0.322710782 0.284945428 0.794553101
    0.110911071 0.119613588 0.165162385 0.16064474 0.56912303
    0.879985511 0.79911232 0.970860362 0.297446251 0.850215912
    0.896858931 0.0138026476 0.585158706 0.803212166 0.517656088
    0.88152951 0.253337741 0.906288385 0.0547863841 0.854105234
    0.923886418 0.647803843 0.441476047 0.820441246 0.0780882537
    0.459001064 0.539046347 0.052081883 0.851946294 0.758902073
    0.97264123 0.17268905 0.553215444 0.659909368 0.816994548
    0.258857608 0.225443184 0.607379377 0.355148137 0.928308606
    0.0476471186 0.889102697 0.98534584 0.468496114 0.469319522
    0.992786884 0.911983609 0.42168504 0.244160563 0.947061718
    0.744683862 0.240424246 0.264106393 0.456825465 0.0453144908
    0.745992959 0.576425374 0.881818891 0.217787206 0.980598211
    0.768441796 0.516497552 0.330445886 0.402813911 0.104933202
    0.0622664094 0.105489373 0.226822764 0.216367483 0.822441459
    0.715373814 0.154340953 0.0992909074 0.0722971857 0.896488905
    0.579382122 0.115388662 0.246293098 0.157024503 0.922861218
    0.411348343 0.83906424 0.0626890659 0.461737186 0.0400612652
    0.634824693 0.337397158 0.284637451 0.523447275 0.162363619
    0.530936837 0.598210931 0.204237938 0.724718273 0.122917473
    0.655738056 0.95721662 0.12136519 0.503726244 0.646490514
    0.940150201 0.156201541 0.520262301 0.266450167 0.445012838
    0.287692308 0.818299949 0.23669523 0.368100852 0.334173024
    0.729574978 0.415073931 0.988061786 0.619640648 0.095962286
    0.265097588 0.286814302 0.510858476 0.912349105 0.542551935
    0.527196646 0.182557583 0.937013209 0.619674325 0.275040537
    0.198794216 0.343607605 0.298180342 0.440557808 0.70160675
    0.330499291 0.0426909328 0.344793916 0.289011419 0.49824053
    0.335252941 0.0547346771 0.622849643 0.233595401 0.29192549
    0.069750309 0.0751675963 0.144259721 0.0244993865 0.292854309
    0.869211435 0.433921576 0.748736978 0.396665692 0.267605722
    0.790712953 0.617322981 0.395811081 0.162531048 0.231008053
    0.836786866 0.180608422 0.365791738 0.84674114 0.580688119
    0.0353974402 0.288597494 0.765423656 0.757660151 0.519786477
    0.31143412 0.332904577 0.483519912 0.797939897 0.741138816
    0.24402976 0.159620613 0.540003598 0.601019859 0.663636625
    0.0714875162 0.158245385 0.263506591 0.273450971 0.387724757
    0.555893004 0.413326204 0.515203059 0.867493868 0.569976687
    0.703856885 0.726504087 0.552036166 0.788943172 0.161237895
    0.213499099 0.778527796 0.972429037 0.205236912 0.582107782
    0.504342496 0.898661137 0.25748539 0.364393413 0.38199681
    0.510683417 0.667732418 0.0722952485 0.15628916 0.809402585
    0.588475883 0.352204293 0.612521708 0.318638563 0.953906178
    0.386687219 0.277895063 0.870215356 0.0714549422 0.498699695
    0.549141526 0.334034652 0.333134472 0.610642374 0.287951618
    0.608945966 0.250711262 0.83493793 0.315306962 0.469696581
    0.586261153 0.944083214 0.0981732011 0.747794867 0.640304685
    0.610972464 0.0933319926 0.908451796 0.90690887 0.0411051512
    0.403906167 0.850245237 0.216750294 0.518466175 0.453360349
    0.625849664 0.73819232 0.244463027 0.664151669 0.854278207
    0.371912926 0.0288149714 0.494588643 0.90937829 0.765448272
    0.342605263 0.726215899 0.243024617 0.840499401 0.155797005
    0.444199175 0.367259264 0.173577666 0.415754795 0.688348293
    0.390216827 0.0513197184 0.582921445 0.65274179 0.0640537739
    0.567497015 0.212355375 0.701095223 0.861227751 0.778954685
    0.613531768 0.709459305 0.477697909 0.337336242 0.291973025
    0.937470198 0.234183103 0.800288081 0.230773211 0.831098557
    0.822745085 0.00486305356 0.833581209 0.394823998 0.699554324
    0.346926093 0.0401888788 0.94921875 0.72532618 0.0782074928
    0.458906651 0.698960423 0.481825709 0.987757802 0.293387711
    0.0441010296 0.083190918 0.736018658 0.362491548 0.26811406
    0.883158028 0.166422129 0.0925923884 0.466153026 0.00677976012
    0.50937295 0.854100406 0.00788012147 0.103217155 0.797202229
    0.861877501 0.349001646 0.389244407 0.655553639 0.702421844
    0.201782525 0.315233171 0.656548798 0.641163468 0.467080474
    0.424761713 0.170398504 0.296542883 0.00973361731 0.359784842
    0.361389309 0.886072278 0.741597593 0.931602597 0.487202972
    0.503704548 0.088360697 0.741531134 0.986326635 0.694726586
    0.574898422 0.931679845 0.885806084 0.242566437 0.0798409581
    0.0893886089 0.490792155 0.591440201 0.389664888 0.679114163
    0.812157989 0.737898469 0.00786265731 0.623308003 0.238714159
    0.508669615 0.0355790257 0.727650404 0.664347291 0.115749776
    0.230057567 0.632710099 0.637270689 0.212209612 0.97759831
    0.0776312351 0.0397553146 0.578604341 0.257780939 0.229883999
    0.593364775 0.87304914 0.409020334 0.29156974 0.408286661
    0.747526765 0.458155125 0.358225882 0.324280024 0.47438696 0.4264521
    0.616382003 0.921283484 0.842185736 0.506793082 0.789101362
    0.566444278 0.237352073 0.548234642 0.922455192 0.64542973
    0.629099846 0.360994339 0.576623619 0.681206524 0.947134495
    0.732413888 0.274583697 0.780115366 0.598264754 0.246470332
    0.789131939 0.301730573 0.453718215 0.370340645 0.283633471
    0.869063735 0.34706983 0.90959686 0.25736475 0.680127501 0.489107013
    0.36054337 0.482316166 0.985536814 0.251597136 0.594331205
    0.653210104 0.781885803 0.29918322 0.216134876 0.737364829
    0.712139487 0.463922858 0.373568714 0.869971395 0.412941247
    0.965924263 0.615223289 0.428503633 0.130185038 0.990092754
    0.932168126 0.245018661 0.541891038 0.736366689 0.573366165
    0.459418684 0.531078398 0.70647049 0.251387954 0.99002564
    0.00224292278 0.866206169 0.392905802 0.610330343 0.00944471359
    0.191023856 0.215386987 0.564902067 0.329142243 0.0795342028
    0.449089557 0.505678475 0.28388685 0.388653219 0.935201168
    0.505422771 0.138300031 0.345670223 0.427007616 0.200130582
    0.675854206 0.51935941 0.172137856 0.478251874 0.117407501
    0.713465214 0.819184065 0.280517936 0.0230163336 0.40042612
    0.322567225 0.0388449728 0.296220958 0.8382833 0.371196806
    0.437319219 0.249427497 0.116808653 0.529926598 0.442554265
    0.544189453 0.0686220527 0.346825689 0.792039394 0.413207591
    0.434942573 0.291748732 0.203116864 0.439711064 0.223453313
    0.796459913 0.911211967 0.775040388 0.164651036 0.166588247
    0.985691965 0.73036325 0.168966502 0.460286617 0.882237911
    0.949774384 0.383595109 0.695017815 0.971984208 0.851377964
    0.915284634 0.872252822 0.44563064 0.814763427 0.185831249 0.5458951
    0.128631979 0.813762307 0.136371166 0.504682541 0.0567615628
    0.658595443 0.917717576 0.546616137 0.935937166 0.1096645
    0.270412892 0.113572657 0.527566195 0.765945196 0.74415791
    0.111061782 0.322266042 0.427316964 0.401294827 0.645851254
    0.884550095 0.288143039 0.724129319 0.859869897 0.265306652
    0.229462326 0.191874593 0.676788449 0.474932224 0.857180417
    0.623991132 0.31907478 0.364801079 0.664009929 0.891813993
    0.482323349 0.307502568 0.178152412 0.987076879 0.998386979
    0.378916591 0.0339786708 0.199844778 0.392975867 0.75190866
    0.30676356 0.481121629 0.166783482 0.0783797801 0.558199465
    0.768230438 0.614487648 0.0829889774 0.523302495 0.809575319
    0.618687749 0.0349885523 0.51111263 0.273360461 0.124216169
    0.884973049 0.785808742 0.984564781 0.752853572 0.952657819
    0.491495222 0.538805962 0.583611906 0.835635543 0.99498409 0.6106143
    0.640262425 0.468444079 0.854419589 0.861166 0.171971232 0.934188306
    0.468896061 0.697620153 0.396676362 0.993567705 0.107210428
    0.0214727819 0.857147574 0.724980235 0.495356798 0.534233272
    0.470175833 0.0606323183 0.487316132 0.463257164 0.567509472
    0.898004949 0.255305886 0.261538923 0.9156183 0.512004018
    0.845608175 0.489538193 0.303665221 0.71053791 0.989432216
    0.206271827 0.461463451 0.842844963 0.0839596391 0.68879056
    0.9648754 0.627383411 0.454460442 0.10810414 0.240303457 0.359864891
    0.755720735 0.856276751 0.196307808 0.581554115 0.311456323
    0.899532378 0.8303774 0.669151783 0.81201458 0.38570118 0.314173073
    0.26741606 0.0443634689 0.32457304 0.0635999739 0.38006568
    0.914954007 0.345477849 0.218814254 0.880437672 0.579373538
    0.048360765 0.974248052 0.481579632 0.321101964 0.60805124
    0.333296657 0.912969708 0.586024523 0.0497742295 0.198337108
    0.302575231 0.355675578 0.508051455 0.235890955 0.495496958
    0.453111202 0.281706721 0.297154188 0.431737244 0.244423151
    0.900951266 0.518404663 0.828107774 0.696839631 0.960962772
    0.891083121 0.429548144 0.458736539 0.28423965 0.673997402
    0.909523249 0.446476817 0.671311617 0.532830179 0.292443901
    0.418256253 0.225598007 0.126494467 0.592375875 0.489590883
    0.0297364891 0.946876884 0.437200904 0.494848907 0.957006633
    0.681999564 0.818533063 0.788769186 0.417838067 0.298471034
    0.293939918 0.0709700882 0.15933609 0.156665713 0.288927495
    0.112643957 0.792903483 0.0174721181 0.881067276 0.0769806802
    0.400510907 0.654195189 0.54522419 0.905374765 0.287167698
    0.727348745 0.868428349 0.0291854441 0.69285804 0.324572623
    0.232434481 0.978131711 0.549356699 0.469843566 0.102906168
    0.942306042 0.951607347 0.429041505 0.87521553 0.887480617
    0.165479571 0.898479581 0.334487915 0.795170546 0.88615036
    0.615596771 0.388285965 0.0931088626 0.936735511 0.817594528
    0.7634691 0.62488699 0.45696196 0.775939167 0.724170923 0.67463243
    0.256204724 0.0482838154 0.487379104 0.593690991 0.900665045
    0.641393781 0.359880716 0.520389915 0.043107152 0.312150508
    0.743900359 0.253807306 0.978787899 0.878449559 0.874642253
    0.129924238 0.513719797 0.00432452559 0.452659786 0.811459422
    0.955498815 0.630356789 0.884658515 0.875859499 0.266983151
    0.629850984 0.193999797 0.78351438 0.918768048 0.277314723
    0.308552951 0.247789949 0.326055497 0.507884264 0.710195363
    0.929181337 0.885758281 0.759155273 0.373076737 0.667802751
    0.3253631 0.671986282 0.629365683 0.737849891 0.758677602
    0.805656552 0.0537597835 0.283132136 0.685489953 0.0929128528
    0.915442467 0.192389846 0.793408036 0.495468557 0.981699407
    0.600029707 0.813018382 0.17200619 0.864213347 0.982343316
    0.559508681 0.198388487 0.143509418 0.686351061 0.681837559
    0.627009094 0.582864106 0.89522469 0.0117653012 0.98557812
    0.808160901 0.189137727 0.0825300813 0.526985943 0.570703089
    0.996616542 0.0909609497 0.107296407 0.922686815 0.90261364
    0.812726736 0.176589936 0.971730232 0.544147491 0.175025046
    0.330093682 0.73167479 0.587295592 0.533729732 0.944658041
    0.559189081 0.899027884 0.311891705 0.836531878 0.670551062
    0.380856633 0.00677505136 0.139080226 0.00712305307 0.636400998
    0.527624965 0.894626498 0.0559919477 0.506497979 0.345172167
    0.0695033371 0.964312792 0.153448135 0.61598146 0.992100954
    0.281807154 0.277119935 0.881912947 0.316407144 0.596402764
    0.314833581 0.427300692 0.0395261943 0.122859269 0.416357756
    0.955425978 0.914877892 0.409712732 0.846533 0.348795086 0.873391747
    0.135996401 0.475071996 0.664918423 0.936413407 0.921842456
    0.191898376 0.386848718 0.244257748 0.330349743 0.0555036664
    0.156134963 0.906629205 0.308810472 0.0612658858 0.734353364
    0.932711244 0.508589685 0.245005548 0.263703048 0.371368229
    0.233616084 0.51274097 0.0283059776 0.783248723 0.943166673
    0.353491068 0.407901943 0.0935572982 0.234343797 0.0397274494
    0.42882359 0.77747643 0.280887187 0.620788515 0.755690634
    0.100409389 0.990905702 0.440333903 0.818668664 0.888006151
    0.757103562 0.62394613 0.548817277 0.24020651 0.117652297
    0.787897348 0.809030175 0.764774084 0.675036371 0.0438923538
    0.285467744 0.589992285 0.647272348 0.523698688 0.336391151
    0.280618846 0.385322303 0.414045185 0.539611816 0.248780966
    0.263238788 0.355988741 0.205369502 0.268110394 0.897432804
    0.963308752 0.325866997 0.39395988 0.309952319 0.174720764
    0.23238796 0.666654408 0.741476119 0.765461862 0.363178253
    0.316206515 0.142256677 0.914638877 0.269676626 0.686268508
    0.205084443 0.597998798 0.631228089 0.843679726 0.987752914
    0.608546913 0.300913513 0.53301692 0.285277307 0.058621943
    0.660419822 0.887542367 0.171769828 0.301917404 0.275645912
    0.661551595 0.648035467 0.256849289 0.259202898 0.297420681
    0.907963991 0.281147152 0.617154539 0.503820539 0.748809695
    0.850009322 0.0482319295 0.0668332577 0.689083993 0.389369458
    0.883847594 0.130690545 0.853890419 0.417214364 0.362020791
    0.164297402 0.0615938604 0.857510448 0.121686935 0.858851314
    0.267657101 0.950267375 0.457091212 0.265097588 0.21238032
    0.72770375 0.714116573 0.695650101 0.0939502418 0.818834782
    0.110341698 0.502376556 0.109873712 0.732101202 0.589594126
    0.71314168 0.61242938 0.310917735 0.935727596 0.180911511
    0.744300902 0.0931486189 0.161936581 0.116270304 0.653739452
    0.147260278 0.357332706 0.815131605 0.735108674 0.313211173
    0.697400808 0.390537798 0.987546086 0.229503214 0.688015997
    0.356341541 0.644652069 0.0350494087 0.916334271 0.343533516
    0.858292639 0.22786364 0.872565627 0.610911548 0.931837618
    0.819605649 0.714693904 0.204931051 0.566264749 0.244100481
    0.441559494 0.227329731 0.122341037 0.554833412 0.636580825
    0.357480675 0.968962669 0.927107096 0.635280907 0.275811225
    0.321513772 0.350816369 0.109594345 0.93818748 0.158113599
    0.257039607 0.417056978 0.377343148 0.771732688 0.394742429
    0.580203056 0.677384615 0.999357104 0.673072815 0.116139829
    0.445621908 0.866650105 0.833899856 0.742962599 0.67735213
    0.517980576 0.296289742 0.0403759181 0.852881134 0.910626948
    0.583670974 0.72413218 0.788556576 0.546012044 0.300733536
    0.284090161 0.0706108212 0.347457528 0.681825697 0.877582908
    0.989844918 0.0872040689 0.62027818 0.0270587504 0.149960011
    0.31338948 0.902129591 0.910482049 0.702419639 0.227041632
    0.274537563 0.372593939 0.296810269 0.264512151 0.17249167
    0.286746383 0.245583028 0.121374249 0.0276421309 0.0688200295
    0.657488763 0.862654924 0.303804994 0.403841197 0.0931098461
    0.915502548 0.838952303 0.548781812 0.638554335 0.916103363
    0.796636462 0.684632838 0.332945645 0.751405895 0.70132947
    0.377951622 0.99457103 0.991829753 0.197082102 0.104183972
    0.771167994 0.76930511 0.438703418 0.130338341 0.263915777
    0.0524782538 0.763828278 0.556790411 0.0818043649 0.595202088
    0.0643586814 0.193466276 0.620934486 0.0231929421 0.596028149
    0.928141713 0.747736335 0.600558519 0.428248525 0.943417847
    0.386953771 0.405051291 0.111664951 0.96299088 0.781778455
    0.478670776 0.362816811 0.867084742 0.437758267 0.953208447
    0.0714198351 0.738518775 0.749709845 0.403792322 0.429541439
    0.583549798 0.334300101 0.104164749 0.203042984 0.807029605
    0.499708444 0.123900265 0.648735464 0.639152825 0.54627043
    0.344356984 0.0738658607 0.358035177 0.52822715 0.145377278
    0.962099254 0.500775993 0.97340548 0.711252391 0.288615316
    0.121586055 0.96189785 0.972606361 0.854410887 0.716546774
    0.0181222558 0.620760381 0.631338954 0.867902279 0.882822275
    0.35466969 0.399137497 0.426812232 0.423206359 0.124023497
    0.0415722132 0.302538395 0.397104114 0.639673829 0.284157693
    0.240545124 0.870217144 0.340918243 0.196229786 0.240782231
    0.18013078 0.0892962813 0.866923392 0.0296797752 0.172234923
    0.0167767704 0.690711856 0.956611812 0.465425909 0.463066012
    0.475820005 0.512585878 0.840968013 0.057156384 0.272074908
    0.674543142 0.299904287 0.18134594 0.130306572 0.0718554258
    0.529145598 0.185175985 0.586456716 0.730301082 0.710202634
    0.020893544 0.0654043853 0.771493196 0.788865566 0.933153272
    0.405536056 0.259764194 0.320603549 0.920225978 0.878494024
    0.354804337 0.73455888 0.74596864 0.800683498 0.0994828045
    0.0429485142 0.237818539 0.797724843 0.0170184374 0.970000982
    0.512072086 0.692830384 0.0858285427 0.804024458 0.451820195
    0.8530038 0.760168552 0.446713448 0.882924676 0.177482247
    0.536067545 0.714225948 0.105856717 0.816827178 0.380930007
    0.710743785 0.810057044 0.491550893 0.0256197453 0.796272755
    0.572218537 0.855607867 0.274968922 0.597773254 0.91455394
    0.752523065 0.0989300013 0.281159937 0.00378337502 0.494199812
    0.331279993 0.639636576 0.496170223 0.970689178 0.396354884
    0.257227778 0.426474571 0.0254163742 0.238133281 0.198849648
    0.731182694 0.0806756914 0.721662045 0.755629063 0.937105656
    0.0875594616 0.851177573 0.222748429 0.474045992 0.0545323789
    0.872044861 0.477626413 0.674538136 0.215221435 0.282033503
    0.986657977 0.623917341 0.666085243 0.955310047 0.990678549
    0.647487521 0.740570903 0.521668255 0.795310438 0.955591321
    0.895600796 0.27534923 0.812484622 0.76933682 0.812938094 0.99466145
    0.0876036882 0.419231445 0.334742486 0.156745076 0.721743286
    0.223447531 0.294532061 0.102300018 0.692366719 0.204704553
    0.465381145 0.99524641 0.323086202 0.148699313 0.145087391
    0.792606413 0.0772979259 0.343575269 0.643357396 0.402859032
    0.17576769 0.470089912 0.910258889 0.705379725 0.844552636
    0.595778525 0.11575225 0.622203708 0.907566309 0.0340094864
    0.84471643 0.543547332 0.858223319 0.0655720234 0.668937922
    0.327301204 0.858068049 0.600671768 0.833260834 0.00371277332
    0.682269216 0.637018919 0.103010029 0.495506853 0.0632851422
    0.0597853959 0.631520629 0.539327383 0.131702274 0.42906791
    0.313561976 0.253693581 0.434701681 0.107815951 0.29339397
    0.796987057 0.824966908 0.87620002 0.29308182 0.351037621
    0.316128135 0.0737078488 0.596117318 0.150558293 0.745153546
    0.292346597 0.559788764 0.38774851 0.293494761 0.708542466
    0.723749518 0.67877239 0.701024652 0.90564239 0.733645439
    0.339007378 0.670221031 0.0913976729 0.929803073 0.779220819
    0.113737553 0.838408172 0.744946897 0.0627138317 0.0390216708
    0.431884497 0.308500201 0.479263395 0.624730647 0.774769962
    0.321416914 0.718857527 0.831625998 0.262213886 0.203044295
    0.255520105 0.174372762 0.871119857 0.496892482 0.760987282
    0.691733062 0.709134996 0.0630328059 0.366434216 0.789790988
    0.913627386 0.129503042 0.425736159 0.114993274 0.943535447
    0.788144112 0.115750968 0.75644666 0.202441633 0.958043098
    0.635806799 0.136406362 0.574467003 0.798891544 0.211352706
    0.56466347 0.918952584 0.378189206 0.552007556 0.295293242
    0.975606024 0.44606173 0.474974453 0.698833585 0.624321699
    0.534079432 0.709182262 0.807317495 0.917164326 0.5163939
    0.738882363 0.117928356 0.144721121 0.714107037 0.212034911
    0.262722105 0.168685853 0.794094563 0.175170958 0.467166483
    0.357695311 0.85412091 0.370682597 0.0308555961 0.951259017
    0.48187229 0.371635854 0.918931484 0.355816603 0.360380441
    0.739538014 0.981989443 0.0761496723 0.844180524 0.218750149
    0.883200347 0.191292048 0.4351089 0.321039408 0.579776764
    0.951182008 0.865624189 0.18207562 0.494161457 0.383692563
    0.602797151 0.232211024 0.824163079 0.913970292 0.303097308
    0.0658018589 0.167917311 0.468560785 0.0851031244 0.442748547
    0.727649689 0.112867177 0.287626445 0.257454157 0.633184016
    0.337969482 0.543669224 0.442425817 0.879301131 0.130940139
    0.515584111 0.532207906 0.0870234072 0.865540504 0.766611338
    0.638777733 0.151417434 0.947536767 0.762833774 0.316244721
    0.604647219 0.910461187 0.447376311 0.490077257 0.31536895
    0.0111766756 0.3222377 0.715426445 0.999638498 0.559488177
    0.432727873 0.543940067 0.472923309 0.209648788 0.600669563
    0.438105762 0.441122055 0.241945446 0.40291369 0.113478541
    0.44488278 0.71256727 0.00154909492 0.139561862 0.682468235
    0.370989978 0.671027541 0.0984762609 0.400843561 0.314757943
    0.574055314 0.217914939 0.269314289 0.669307888 0.77696687
    0.770851612 0.654703975 0.281315684 0.809720039 0.719632924
    0.366528273 0.753467679 0.520155489 0.167145073 0.515254557
    0.318531811 0.61173749 0.733149707 0.0579455495 0.728483081
    0.514098585 0.0847023427 0.499598682 0.123787671 0.345471382
    0.160505235 0.163314998 0.719329417 0.480968624 0.451435715
    0.819474339 0.655303895 0.745663404 0.311498642 0.129407436
    0.986303806 0.993889093 0.15396136 0.101465136 0.263779074
    0.598067105 0.713978171 0.0524955094 0.0346488655 0.650052428
    0.961708128 0.0852490664 0.394369066 0.88538152 0.550835252
    0.437742144 0.395511746 0.0620064437 0.973683834 0.871503651
    0.631993711 0.93047452 0.0572468042 0.156633466 0.0236635208
    0.804630756 0.487502366 0.463716388 0.722673118 0.00450974703
    0.422831953 0.141652197 0.841422677 0.239762485 0.991335988
    0.732221961 0.850430131 0.637347281 0.0789070129 0.719048917
    0.474309564 0.779410243 0.0780989528 0.954484582 0.613202453
    0.803005695 0.564695716 0.689905524 0.762150049 0.361214459
    0.50379324 0.701198101 0.113664001 0.429531693 0.393500686
    0.771637917 0.923147917 0.742970943 0.335740924 0.252215147
    0.985095143 0.906260967 0.201881677 0.888285398 0.281112969
    0.322743028 0.929161251 0.186293215 0.839582205 0.890323877
    0.201324463 0.258935928 0.617281497 0.15206936 0.439119607
    0.552598119 0.83836627 0.228696644 0.55994314 0.169982195
    0.273006797 0.146828145 0.366932482 0.452218264 0.333463371
    0.676339626 0.146170259 0.485794336 0.731166303 0.542113841
    0.967803299 0.367914796 0.447067142 0.760135889 0.51562655
    0.375852317 0.498690665 0.151139587 0.419445395 0.839266181
    0.104908913 0.677326322 0.868663132 0.573191702 0.814350963
    0.242550105 0.319538623 0.492028624 0.590287566 0.63265866
    0.543764949 0.143511266 0.757588148 0.048163563 0.944699645
    0.852688909 0.0166156888 0.319937736 0.903346658 0.643508375
    0.582632363 0.585173786 0.876405716 0.486058623 0.10639295
    0.235548705 0.084405303 0.716097772 0.423278868 0.617993474
    0.0133219659 0.139759243 0.275004327 0.373960942 0.749761403
    0.834893703 0.924277782 0.523845315 0.503248751 0.718332171
    0.190481484 0.8220855 0.572793841 0.339145422 0.422919661
    0.968943655 0.0671492815 0.322879016 0.75487411 0.234483451
    0.972870946 0.29441309 0.0630903542 0.48177582 0.246250361
    0.404850453 0.518207192 0.0311095417 0.681495905 0.664053261
    0.482277423 0.215496451 0.119614124 0.284381419 0.60599947
    0.203249604 0.766360939 0.411064595 0.84139502 0.28053695
    0.060821712 0.219613969 0.539203763 0.808564484 0.26256308
    0.349748492 0.661698461 0.88043189 0.201140314 0.606243372
    0.746677697 0.0638000965 0.819566011 0.396001548 0.671835184
    0.140406966 0.000136733055 0.460584581 0.555644333 0.0541051924
    0.82062161 0.347416341 0.677485943 0.249156088 0.00295585394
    0.628973484 0.970869064 0.619902432 0.862461686 0.651852071
    0.425979406 0.0684438944 0.806505084 0.839159489 0.476666182
    0.485716999 0.0560875833 0.42375803 0.593420923 0.0640035272
    0.625568628 0.506195366 0.870991945 0.913318932 0.310126126
    0.390937775 0.255973041 0.755300224 0.0545764863 0.0400139987
    0.917535067 0.0569127798 0.475674957 0.511481345 0.747748017
    0.0325883627 0.258512616 0.176500678 0.191620529 0.604942203
    0.486745119 0.937511444 0.190988302 0.571736574 0.649704158
    0.968976378 0.0681072772 0.710799217 0.232232213 0.467267454
    0.038205862 0.673318505 0.265339494 0.418998808 0.0133968294
    0.516004741 0.980453372 0.105683416 0.467716932 0.408034921
    0.40035969 0.285949707 0.522327423 0.497981727 0.248760879
    0.17433992 0.767339706 0.0599139333 0.275031805 0.0494145155
    0.96418488 0.532115757 0.965688229 0.0670480132 0.124077201
    0.0917696357 0.730403304 0.871677399 0.311963797 0.31983459
    0.285397768 0.776339531 0.71635294 0.998267651 0.985285997
    0.706424057 0.841861963 0.520911396 0.259247899 0.526854157
    0.985329151 0.329578072 0.883893728 0.203478307 0.218561798
    0.616892099 0.81584096 0.190423429 0.264879793 0.659483492
    0.308391094 0.428796709 0.640041709 0.111453921 0.33550638
    0.31227693 0.682770669 0.126999766 0.167370319 0.86479032
    0.367957711 0.621413648 0.87242353 0.697629631 0.516560018
    0.513527215 0.549302995 0.683636069 0.699416578 0.0148998797
    0.94519037 0.957106948 0.751687884 0.906713307 0.4998658 0.442098349
    0.616271257 0.0405140817 0.17271772 0.203549802 0.440898538
    0.375406086 0.215503305 0.370754749 0.71209389 0.299610645
    0.875750661 0.330053806 0.822687984 0.10479334 0.859384418
    0.800477505 0.516315877 0.907843888 0.357427239 0.101409316
    0.0925044417 0.39575994 0.571938038 0.995990515 0.287890643
    0.0468056798 0.647742152 0.316476643 0.775221586 0.728978634
    0.223304749 0.315933675 0.108358175 0.792013764 0.498510867
    0.745166421 0.450888246 0.187450826 0.568753719 0.0188224316
    0.850718021 0.363398373 0.834971547 0.286429882 0.651389003
    0.830065191 0.929287672 0.180828393 0.149434924 0.156938165
    0.990778089 0.650138199 0.827032447 0.933467686 0.982702732
    0.441681594 0.67714566 0.279290199 0.202710956 0.511023223
    0.54069066 0.753786564 0.767285585 0.977532983 0.300752789
    0.164140016 0.261833638 0.110636175 0.587688982 0.309978306
    0.679738522 0.730015814 0.27809903 0.841119766 0.896900117
    0.461403638 0.737479806 0.66880542 0.344381541 0.265833974
    0.773909092 0.572599947 0.803190172 0.774515927 0.838712811
    0.200196356 0.24727425 0.821681857 0.417066336 0.706682086
    0.141129673 0.457458347 0.237854928 0.119583756 0.909070253
    0.534400821 0.858637929 0.4580805 0.859566629 0.889750957
    0.723622322 0.952023745 0.134016395 0.119021624 0.250928342
    0.503869295 0.0859501958 0.617124557 0.498027235 0.901218593
    0.907205105 0.848095 0.355653584 0.0947779417 0.129377753
    0.923114777 0.721672893 0.512190223 0.843675256 0.208427697
    0.794731021 0.626066148 0.432363719 0.712543726 0.332854509
    0.310941607 0.494625956 0.516780853 0.481758982 0.556102157
    0.26216203 0.942166984 0.745146751 0.590754688 0.752575576
    0.134219736 0.962398291 0.0565145016 0.0207921863 0.468779504
    0.408393353 0.404136896 0.381071359 0.0205356777 0.308387876
    0.135701925 0.543326497 0.518395901 0.902353883 0.484042257
    0.720790386 0.838644624 0.737938166 0.242618293 0.505521178
    0.624547482 0.725803494 0.428516328 0.552647412 0.716518819
    0.990440726 0.017202884 0.944486141 0.839775741 0.14530766
    0.69955492 0.0372608602 0.822344303 0.34261167 0.791931331
    0.652063668 0.475678116 0.363086551 0.399121404 0.733715117
    0.694378316 0.692579269 0.0449973047 0.282878816 0.868022799
    0.929610968 0.8016783 0.618745387 0.5265733 0.561445177 0.378534287
    0.19947058 0.415201604 0.144672394 0.737399995 0.820619464
    0.979116082 0.136052728 0.532001495 0.199750543 0.0187893212
    0.432855308 0.61101234 0.902612805 0.500266433 0.138861209
    0.509140134 0.413892925 0.697884321 0.0596561432 0.890906334
    0.554217935 0.308159828 0.558884561 0.632093787 0.0229498744
    0.599248946 0.870579839 0.366314232 0.75107789 0.677698433
    0.562274039 0.901439071 0.408705652 0.452074647 0.528211057
    0.321994722 0.520712614 0.0208407938 0.720306933 0.126155257
    0.650081158 0.181386292 0.249855131 0.675852835 0.145209074
    0.123113215 0.80452776 0.723894596 0.805732131 0.38081044
    0.487611711 0.313655913 0.869001865 0.907986283 0.564814806
    0.564991534 0.415894479 0.9654181 0.778356791 0.11095041 0.583751023
    0.391961068 0.828665614 0.122418672 0.733608186 0.766500235
    0.788144469 0.791764498 0.705361247 0.549483657 0.844170153
    0.959215283 0.874020934 0.958090425 0.15860489 0.915339768
    0.631400168 0.321394444 0.355223954 0.787533462 0.89561379
    0.994740129 0.765404344 0.305919021 0.72520119 0.435415089
    0.119937837 0.936715841 0.891041994 0.652796328 0.860154271
    0.63922292 0.115756005 0.172597021 0.663141489 0.590940654
    0.959621429 0.112862945 0.356580019 0.328423291 0.387550026
    0.907991886 0.735535145 0.31628111 0.773293376 0.799649835
    0.0408612788 0.467774242 0.718842983 0.377578378 0.690952897
    0.403648317 0.251817405 0.327429324 0.134027988 0.823253751
    0.782691479 0.672847986 0.636607289 0.468424141 0.784751594
    0.69488889 0.941529036 0.778274894 0.0313108861 0.25441891
    0.235548407 0.899743259 0.963499546 0.217103422 0.988539815
    0.764584124 0.341745675 0.496014267 0.246716499 0.29848811
    0.552683532 0.702274621 0.668507338 0.76459372 0.955701947
    0.242941678 0.0375365913 0.679668725 0.276811063 0.933857799
    0.389711916 0.554513156 0.151646107 0.922739983 0.83686161
    0.709410429 0.0518687069 0.790432692 0.564580142 0.846232533
    0.592879951 0.542118609 0.795519352 0.34763974 0.403344125
    0.690247238 0.124955624 0.228527337 0.213119417 0.631095707
    0.300234675 0.614209533 0.364958882 0.96954757 0.439629465
    0.298971444 0.538142383 0.570571125 0.596057057 0.574963808
    0.368465573 0.57462126 0.251538396 0.362194061 0.092767477
    0.299748123 0.981021643 0.409641236 0.00136867166 0.556888402
    0.61898154 0.602900267 0.542417645 0.160482675 0.726665914
    0.393731177 0.761493444 0.67034924 0.221170872 0.69445616
    0.691444576 0.661877096 0.557076991 0.985096633 0.638284206
    0.194166511 0.405351609 0.907632589 0.221012205 0.921932995
    0.762186944 0.161192298 0.680241287 0.102006614 0.929457307
    0.22379154 0.821231127 0.492068797 0.325928122 0.188993931
    0.539797127 0.865335286 0.583983302 0.85969311 0.733742833
    0.369495928 0.708241582 0.312874675 0.63514626 0.617112994
    0.0551264584 0.435903072 0.218336552 0.445939213 0.335055202
    0.240763396 0.556107521 0.829054534 0.962560654 0.750658035
    0.0982278287 0.703493834 0.50287199 0.719648004 0.654466867
    0.740292847 0.208338886 0.762411952 0.873123646 0.173343509
    0.0084938705 0.0906420052 0.153021663 0.3059811 0.649209738
    0.945198655 0.380971253 0.116631001 0.368057251 0.0650969446
    0.597667038 0.960841119 0.888087511 0.754618287 0.516970813
    0.30314362 0.341092825 0.760811388 0.491663665 0.354945183
    0.659286022 0.143713027 0.830724597 0.692061901 0.538142323
    0.549399555 0.740709543 0.385316938 0.879251838 0.428052664
    0.795064509 0.853043914 0.610697389 0.268263638 0.760387421
    0.17262584 0.611576498 0.351731867 0.238424271 0.532704234
    0.476067305 0.741038084 0.298482597 0.491969854 0.187774539
    0.380777448 0.476293117 0.886720896 0.0756127238 0.232742071
    0.228258103 0.0657029152 0.525342464 0.799566686 0.964192986
    0.484927326 0.77173084 0.638278842 0.335414588 0.240958542
    0.94390583 0.221387446 0.571807623 0.491859525 0.438190252
    0.468396246 0.2885921 0.62364316 0.18934685 0.0489151776 0.600773394
    0.128237277 0.255172163 0.800025165 0.492251337 0.442155778
    0.144653857 0.605643868 0.398276359 0.00509685278 0.472085297
    0.81620872 0.769971669 0.478999615 0.114085138 0.364790291
    0.709962487 0.00213804841 0.114047229 0.0602139533 0.809038281
    0.310778856 0.721618891 0.774001956 0.423065364 0.659635723
    0.4485223 0.371491015 0.78189671 0.794617355 0.422121942 0.195213854
    0.198377818 0.438006908 0.0670692027 0.939436793 0.67336905
    0.959547281 0.563222229 0.499181449 0.869864464 0.607325077
    0.0492046773 0.959196806 0.31196779 0.0527985394 0.375608593
    0.56355679 0.948241591 0.664586842 0.939880133 0.669992328
    0.463740855 0.0582863688 0.302712023 0.0499720573 0.967417002
    0.492662311 0.0849860013 0.105394125 0.454987258 0.238776684
    0.477399707 0.0237487853 0.6779809 0.53412509 0.915152252 0.39305073
    0.588806093 0.313908428 0.0687056482 0.387479752 0.609420776
    0.917796373 0.587762237 0.00485467911 0.574286401 0.371049702
    0.302904308 0.643695831 0.0221552253 0.936770558 0.281279743
    0.077606827 0.544994831 0.621567249 0.756700277 0.521945238
    0.670820177 0.191912055 0.330157876 0.780656815 0.528935969
    0.0162319243 0.588766992 0.973884821 0.553863287 0.25954017
    0.90240711 0.918965459 0.275219142 0.709180355 0.150416076
    0.918597341 0.549041152 0.139850557 0.459755033 0.981453538
    0.681440353 0.696658552 0.323640168 0.614516556 0.620475173
    0.391630352 0.877376795 0.126403183 0.411755472 0.271880984
    0.13348645 0.881922364 0.45145753 0.862654328 0.836603701
    0.629852712 0.924911141 0.165407926 0.220755428 0.579220653
    0.301249504 0.132641822 0.49610579 0.877976894 0.692558527
    0.296766698 0.999516129 0.30637145 0.941473722 0.314608037
    0.522569895 0.171776086 0.189448893 0.966679335 0.179341465
    0.641516566 0.939278483 0.537743092 0.608286381 0.465432167
    0.549772859 0.935579658 0.101273239 0.796973646 0.867648959
    0.298375785 0.87770009 0.741813302 0.00919559598 0.271872342
    0.0214260519 0.0446079373 0.699034452 0.877986193 0.364302665
    0.612137735 0.531055868 0.652228177 0.220068634 0.81243211
    0.966760099 0.745101333 0.942957997 0.691771269 0.265264153
    0.948072433 0.702716231 0.100203812 0.799928844 0.183403403
    0.445414513 0.179085255 0.775807261 0.779467583 0.0772444308
    0.378590107 0.159077346 0.389164656 0.296399385 0.87065649
    0.979818344 0.645979106 0.194813222 0.319704831 0.347095251
    0.948105812 0.354676664 0.794282973 0.214520752 0.345529526
    0.272995532 0.819877386 0.84894979 0.994096875 0.842575133
    0.421572149 0.908884525 0.231607437 0.659778655 0.536382139
    0.162727475 0.533188462 0.97101593 0.172748387 0.588809133
    0.0935277343 0.143467516 0.880432427 0.777637005 0.438162923
    0.946765304 0.958711505 0.610679328 0.773056984 0.449901909
    0.484791011 0.786473274 0.32396239 0.343571216 0.89400053 0.31617415
    0.782880664 0.411061853 0.225323647 0.33329308 0.0489276946
    0.828919649 0.0209056437 0.838678598 0.494903088 0.0861299634
    0.082179904 0.990183651 0.270542711 0.0397318304 0.268547207
    0.732429028 0.209386379 0.589756429 0.830258727 0.967316985
    0.676670313 0.473849088 0.531034708 0.892245114 0.162971079
    0.899001598 0.123551548 0.573160648 0.997431993 0.334623814
    0.946592331 0.399544448 0.675798059 0.260883749 0.831953287
    0.57039547 0.524917245 0.997613966 0.770225525 0.48034656
    0.613823533 0.32507205 0.382895172 0.343652248 0.872928083
    0.0119775236 0.350127041 0.6523422 0.955181479 0.680124402
    0.502981007 0.444002599 0.132366091 0.519461691 0.535230041
    0.647645295 0.555174768 0.453499436 0.447635174 0.214960545
    0.961286426 0.460514069 0.602631152 0.697260439 0.955842137
    0.362831116 0.904408336 0.115608513 0.397484601 0.741210461
    0.475535005 0.736694813 0.785002232 0.497311801 0.214353204
    0.978758216 0.439397365 0.649640203 0.947868705 0.763681412
    0.0512128472 0.625310779 0.236916393 0.586072206 0.0219212472
    0.0886261165 0.191694766 0.637165427 0.787392139 0.156872392
    0.0448931456 0.0144863129 0.121733278 0.159205496 0.763976336
    0.620173216 0.834023476 0.128833592 0.554394364 0.694515467
    0.0470721126 0.25954324 0.343647718 0.479088783 0.603561163
    0.732834041 0.551083624 0.846392989 0.65184325 0.404140115
    0.384164751 0.223740637 0.563261747 0.130114257 0.998356521
    0.445726514 0.937759161 0.926241755 0.935353518 0.629808664
    0.77005893 0.912378073 0.195156991 0.306568146 0.259196788
    0.785763741 0.135832697 0.553701997 0.549627125 0.534850121
    0.804900765 0.1491808 0.220805496 0.400910378 0.484410137
    0.422768176 0.398496568 0.0598842502 0.579134524 0.601675332
    0.975453377 0.746642888 0.757292151 0.00249633193 0.908407271
    0.25159055 0.793791533 0.402302116 0.613333166 0.446264535
    0.38759008 0.140924543 0.286747754 0.698574364 0.153555334
    0.644871354 0.291882098 0.211488485 0.115784913 0.694142342
    0.708844304 0.405768633 0.229112178 0.347414494 0.640782535
    0.814149439 0.612616718 0.662225962 0.412346601 0.411726058
    0.59637332 0.0305149257 0.710718095 0.418734521 0.290987372
    0.708860099 0.842117906 0.612524569 0.103381515 0.729603648
    0.952142477 0.249113649 0.944276333 0.31348595 0.177431524
    0.637443781 0.695076525 0.983899176 0.994658232 0.609506488
    0.834406376 0.701174021 0.889054954 0.195320219 0.0170404017
    0.807962179 0.951627135 0.2620202 0.0601846874 0.10527885
    0.986891508 0.0849158764 0.944303274 0.860393524 0.236202478
    0.305914849 0.424099803 0.392582625 0.273141503 0.434435815
    0.262099922 0.457084626 0.993155181 0.943389118 0.103299409
    0.399234712 0.332253188 0.800821364 0.467812449 0.0494415164
    0.590058029 0.675413966 0.754087925 0.182982087 0.93338114
    0.321605474 0.172979474 0.257296979 0.34678638 0.71114397
    0.255920112 0.438201219 0.556653202 0.0532868803 0.755847335
    0.0196924508 0.0762355924 0.894148886 0.345027149 0.691425204
    0.969875634 0.695742249 0.532250345 0.617695153 0.159633577
    0.694532275 0.456579953 0.00180932879 0.448080629 0.221045047
    0.0883306265 0.73175478 0.248381197 0.491177797 0.416638374
    0.159238309 0.719878316 0.609915376 0.806240439 0.295669228
    0.629074037 0.416534603 0.484589875 0.666735649 0.68158561
    0.225393683 0.956754625 0.972202003 0.217128456 0.567773223
    0.250739366 0.603322625 0.292829335 0.229115784 0.00534838438
    0.683525801 0.219871223 0.592769384 0.902729511 0.387287199
    0.439496517 0.481749326 0.429719269 0.327997029 0.954489112
    0.911765754 0.393070489 0.604667187 0.416480958 0.405140877
    0.865267396 0.337160826 0.423303604 0.367982805 0.920847476
    0.160337418 0.528251469 0.372840166 0.0335592628 0.19281745
    0.559753716 0.396685362 0.855217636 0.401102751 0.396720588
    0.279504091 0.854875326 0.65487504 0.264264226 0.607524335
    0.387710184 0.0389431715 0.652634263 0.49446404 0.0495422781
    0.435028017 0.546368837 0.577483594 0.516063035 0.896426678
    0.660203159 0.532121539 0.387769222 0.250161231 0.177408844
    0.0292363763 0.0238316059 0.471518636 0.0376630127 0.0411741734
    0.287534356 0.880521774 0.110807359 0.0675098896 0.136045605
    0.818281054 0.450123906 0.367945075 0.545354903 0.414172173
    0.155277342 0.529147148 0.246219754 0.90995729 0.730294824
    0.723225176 0.913990617 0.127041221 0.722641289 0.520215034
    0.678313613 0.263602316 0.672940254 0.00310179591 0.66340965
    0.731092572 0.155797809 0.346993983 0.108992696 0.853550375
    0.0554431379 0.855251491 0.800663471 0.946950674 0.968002975
    0.812501788 0.659061313 0.932323098 0.211063474 0.188952476
    0.493037701 0.109566003 0.159579456 0.194116831 0.0462609231
    0.872712076 0.825818062 0.0560514331 0.579144478 0.611538053
    0.225772679 0.436419636 0.312819958 0.949065745 0.784768581
    0.118727863 0.682697177 0.0683512092 0.576152325 0.944344521
    0.771574557 0.923460066 0.752277434 0.239637017 0.575305402
    0.347056657 0.994885206 0.0526894033 0.0069308579 0.119462311
    0.764057994 0.892621219 0.928356111 0.363576114 0.329501033
    0.403632194 0.408692718 0.905286551 0.609908104 0.415502369
    0.626232743 0.0289833546 0.40826878 0.573460281 0.863896608
    0.475047559 0.487342626 0.0170464218 0.101246417 0.572866321
    0.635590136 0.688559055 0.91856873 0.954637051 0.891236663
    0.590924501 0.86721611 0.0774757266 0.415215909 0.665546775
    0.191156626 0.907157898 0.234760106 0.529071867 0.357296586
    0.651578844 0.976848483 0.479135543 0.311601013 0.406360984
    0.692130566 0.310324132 0.357419521 0.821870208 0.775875926
    0.730549634 0.344025493 0.743971169 0.682347 0.633426309 0.327419758
    0.704253674 0.287419528 0.936513245 0.750338972 0.220294088
    0.381172299 0.404200524 0.341868818 0.576605201 0.148718625
    0.675503731 0.157959163 0.88180244 0.234099478 0.0543784499
    0.138306051 0.49242723 0.393217802 0.214934677 0.296547651
    0.678285956 0.28180638 0.329316705 0.42294839 0.60850203 0.673406005
    0.458544612 0.353852957 0.300454795 0.353487045 0.0995972157
    0.495354146 0.938314676 0.380773842 0.101537555 0.80761379
    0.53827244 0.823706865 0.285950303 0.805251777 0.869096041
    0.115349323 0.409448296 0.300574481 0.995186329 0.696592212
    0.797288358 0.525948346 0.717642307 0.979041219 0.286618829
    0.484855503 0.234548122 0.0575861037 0.275879502 0.694294214
    0.452706158 0.208714813 0.00692462921 0.729154587 0.616774559
    0.394032717 0.0132372379 0.134485811 0.798283935 0.941264868
    0.00479719043 0.920397401 0.713748813 0.61544472 0.428086936
    0.122745633 0.825132132 0.132439971 0.0666146278 0.131766975
    0.321901888 0.0083501339 0.651468873 0.836253643 0.243099719
    0.870900214 0.68633163 0.972145557 0.712582707 0.340371013
    0.74988842 0.901410103 0.766761065 0.717133939 0.327903807
    0.857901752 0.662937164 0.341198146 0.323521018 0.184358448
    0.540838897 0.135041803 0.0598810911 0.322393715 0.292613983
    0.450799763 0.423296452 0.0704159141 0.540995955 0.648671508
    0.817730904 0.671180367 0.485677212 0.149425387 0.016789645
    0.515327096 0.689670205 0.835423648 0.0458761752 0.962279379
    0.241868883 0.556214094 0.851301789 0.0190711319 0.74162364
    0.265947551 0.578043997 0.466952264 0.916685402 0.829175413
    0.758586287 0.0512721241 0.438881934 0.735706568 0.736340046
    0.537470162 0.291903555 0.758599341 0.539103568 0.196124643
    0.443822592 0.31006676 0.136744738 0.364890397 0.433062553
    0.503035009 0.0210499465 0.125699699 0.76883769 0.280340821
    0.669611812 0.079112649 0.653691113 0.512908518 0.362371445
    0.794642806 0.863752782 0.55453074 0.109038591 0.649392903
    0.556104004 0.161039054 0.100010663 0.848861098 0.0105862021
    0.12133801 0.619335771 0.449916333 0.588569582 0.570386112
    0.476825446 0.00658139586 0.00453448296 0.664179742 0.455533981
    0.939196348 0.817292392 0.323839068 0.986598015 0.515966654
    0.643376529 0.322433531 0.290175378 0.372557998 0.276721597
    0.437238425 0.0138062835 0.607421041 0.0770488977 0.639498591
    0.287071437 0.981180072 0.133665234 0.534050822 0.685828388
    0.47815755 0.509473622 0.423807383 0.109886914 0.740670204
    0.784769893 0.0664670765 0.93937999 0.497279823 0.340959221
    0.699606776 0.1863949 0.605756819 0.893762231 0.0414451063
    0.21307373 0.963300228 0.679349005 0.113017678 0.714537501
    0.263225973 0.149949759 0.681805611 0.755986631 0.705275059
    0.206130832 0.32428211 0.690911531 0.998644233 0.325452119
    0.700645328 0.498849928 0.944099665 0.447235048 0.154504865
    0.721978486 0.450164914 0.477365017 0.817813873 0.838731527
    0.655696154 0.370411754 0.568723798 0.354127347 0.558251441
    0.311887264 0.606598854 0.0216597617 0.500815451 0.852798045
    0.619091511 0.660445929 0.423765719 0.63599354 0.454847962
    0.223636776 0.48364675 0.504500687 0.402339518 0.279624343
    0.67789191 0.166599691 0.84051156 0.985440195 0.501836896
    0.449275225 0.660239816 0.587544858 0.889864385 0.137281269
    0.653052509 0.883125663 0.783372045 0.614536583 0.928443015
    0.921592236 0.707570791 0.997799158 0.106567234 0.908406675
    0.603915036 0.482663006 0.337664604 0.233418673 0.897602558
    0.56686008 0.418824971 0.712328613 0.626561463 0.646897554
    0.197177589 0.312389761 0.628225327 0.422909886 0.0363991261
    0.774327934 0.724452138 0.270315766 0.934622526 0.790400028
    0.916780531 0.470432609 0.11245355 0.238445669 0.677383006
    0.346676379 0.162207901 0.309848189 0.929201305 0.929055333
    0.295836687 0.273191035 0.0384452641 0.446711183 0.593039513
    0.542955458 0.77171582 0.357328117 0.17406553 0.417501628
    0.186331362 0.688128591 0.887508512 0.346371293 0.485811293
    0.639459252 0.807932317 0.987630606 0.39897871 0.118815333
    0.273198187 0.12447083 0.413640112 0.442846239 0.991908312
    0.376150101 0.145706445 0.545496047 0.467993468 0.506253123
    0.67501235 0.915546894 0.408680618 0.989148259 0.137125283
    0.767801166 0.408104718 0.333276153 0.389552295 0.763552547
    0.312337279 0.645133018 0.101217717 0.0832761526 0.80393827
    0.0188876688 0.749305308 0.423027843 0.285171628 0.827227473
    0.986600637 0.683410883 0.49154833 0.378262103 0.35276404
    0.150767863 0.574091017 0.710715532 0.0545702279 0.301753759
    0.664720953 0.57555759 0.0164931715 0.612662673 0.640072107
    0.594560504 0.655070662 0.409069061 0.801415741 0.780823708
    0.370676517 0.672453046 0.850829363 0.245424241 0.0790281296
    0.684933066 0.611303568 0.125282705 0.0652550459 0.165367723
    0.31701684 0.866070628 0.37057364 0.146016657 0.109954327
    0.634307504 0.786803961 0.179967731 0.14465186 0.0566292107
    0.442742318 0.885884643 0.752394199 0.25999257 0.96170938
    0.455134988 0.76007247 0.406212449 0.975649834 0.728308022
    0.943960786 0.143181831 0.783763051 0.458123535 0.890855432
    0.698624909 0.92102766 0.986104608 0.241467535 0.42012313
    0.714138448 0.754266739 0.0980014801 0.911659002 0.674059272
    0.0150864422 0.590366483 0.848388672 0.481934875 0.710669219
    0.0317236781 0.58137387 0.183794677 0.577048421 0.432229161
    0.271504462 0.184850633 0.694729328 0.217804611 0.190004975
    0.252489686 0.219394714 0.546138167 0.621018112 0.423177391
    0.068518728 0.187966108 0.227420598 0.380480886 0.130934685
    0.707122386 0.829363942 0.72587049 0.570383132 0.682626426
    0.385251224 0.868735254 0.739220858 0.666764796 0.855252266
    0.524160087 0.670739412 0.630100727 0.746841669 0.425886661
    0.523836076 0.577275872 0.287409782 0.2694031 0.546966672
    0.923632026 0.724720359 0.848757982 0.712692738 0.416611731
    0.874986351 0.0140256286 0.672430158 0.0599426627 0.437073886
    0.2288495 0.608648419 0.330436766 0.274835885 0.189955533
    0.0109906495 0.819866896 0.313890457 0.549023569 0.236777961
    0.963700891 0.165487021 0.194889784 0.205170363 0.892645121
    0.404107213 0.878499746 0.254987955 0.575629115 0.349447608
    0.355571419 0.256166637 0.096688062 0.783652723 0.973110676
    0.213608146 0.861928344 0.568828762 0.498375714 0.446537197
    0.732384205 0.934778988 0.806499958 0.532639444 0.57217133
    0.16171065 0.97359699 0.0610136688 0.454893738 0.613367736
    0.164702535 0.698907733 0.103764743 0.729603052 0.479803592
    0.864242315 0.61816895 0.118074864 0.18776381 0.691573501
    0.132411271 0.684358656 0.554576755 0.295419157 0.163383931
    0.144735545 0.679255784 0.458082825 0.371825278 0.692928672
    0.162908792 0.412105411 0.904521227 0.277274877 0.497604728
    0.242161095 0.108753234 0.210920125 0.0221780241 0.559110761
    0.588988483 0.39240545 0.0941642821 0.734772325 0.256118059
    0.905281484 0.38591677 0.931212604 0.63904047 0.657533944
    0.702488601 0.246716321 0.117952764 0.639737248 0.52437377
    0.976811767 0.896363854 0.585606694 0.596739173 0.457328975
    0.738948584 0.634294152 0.421101928 0.0478370786 0.634746134
    0.277476341 0.262583792 0.121066928 0.0288611948 0.905596733
    0.806770027 0.949536324 0.22409597 0.725329041 0.684041023
    0.00339686871 0.502456963 0.179352105 0.752900004 0.0540944338
    0.257973969 0.650506198 0.496370018 0.922125578 0.190930128
    0.592209518 0.484611213 0.479000688 0.0519932508 0.847396672
    0.61550349 0.940449953 0.787773132 0.808137774 0.750241756
    0.64845401 0.147392958 0.67160809 0.225584894 0.504737437
    0.396755725 0.857935429 0.0531403422 0.795721292 0.184389174
    0.427120149 0.432396978 0.775377512 0.81757462 0.180151761
    0.471791327 0.860170603 0.336407125 0.30014655 0.121367782
    0.942201495 0.00350999832 0.0710867941 0.870589495 0.0899533331
    0.313981205 0.638078094 0.143036753 0.999020278 0.787160873
    0.652425766 0.367058039 0.641493857 0.0247451067 0.676582098
    0.679176271 0.880110443 0.553399086 0.154239774 0.934283435
    0.0222360194 0.452745795 0.276212186 0.176790029 0.721899807
    0.816920161 0.938569069 0.49820897 0.616716087 0.270276785
    0.291513085 0.320904136 0.591239333 0.979885817 0.967340887
    0.449143201 0.546183646 0.676217794 0.367693424 0.621368587
    0.196952492 0.177196354 0.962438822 0.136455923 0.471909106
    0.116161734 0.396121204 0.905955374 0.944763303 0.736271083
    0.350095123 0.309336483 0.421428591 0.248548001 0.507758915
    0.433259517 0.701441646 0.300909162 0.849428236 0.408248484
    0.634941876 0.214588612 0.572456717 0.633474231 0.0233727694
    0.691601038 0.309266359 0.71856308 0.617688656 0.804269135
    0.176651895 0.895316958 0.124324977 0.280316859 0.0228956044
    0.813803077 0.726740837 0.480692744 0.477598906 0.542156279
    0.322149813 0.135468245 0.427057683 0.894285142 0.286218941
    0.917452335 0.706142485 0.787394404 0.361539871 0.842393398
    0.739497721 0.129014164 0.431229949 0.323167205 0.307555795
    0.650526047 0.0285225213 0.557887375 0.41369763 0.0441924334
    0.145003319 0.717672467 0.172293752 0.282684118 0.100329697
    0.303354442 0.534805179 0.024023205 0.647014439 0.470388114
    0.862335563 0.0269954503 0.427545339 0.902238607 0.738582253
    0.524531901 0.450492084 0.238142937 0.056168139 0.304314196
    0.395527661 0.9819116 0.128876567 0.253270924 0.820569098
    0.068800509 0.822305441 0.841238558 0.99150455 0.180270135
    0.262785792 0.0389035344 0.693161547 0.411029279 0.0335192084
    0.960443974 0.882912636 0.571943164 0.702520251 0.554445267
    0.886499345 0.986771405 0.372713923 0.111441165 0.905110955
    0.608221889 0.0914593339 0.260616899 0.344200134 0.920230627
    0.402270615 0.0900339484 0.775176048 0.339199126 0.773148894
    0.32794708 0.219183981 0.0302558839 0.647444487 0.432791054
    0.877181768 0.701375842 0.834422231 0.353025734 0.462459296
    0.602864623 0.867287993 0.160227925 0.597711802 0.24735105
    0.73135078 0.650265038 0.50844425 0.877564192 0.741979539
    0.423225731 0.476633698 0.531348646 0.514826894 0.437181324
    0.341303587 0.270536453 0.62395978 0.203816772 0.475156575
    0.989280105 0.178321928 0.653031886 0.583380222 0.143173188
    0.744029164 0.25445953 0.275123864 0.0266646445 0.407623678
    0.258138299 0.0628447533 0.553062141 0.409922749 0.600665092
    0.576082051 0.991864324 0.710984886 0.0231407881 0.574764311
    0.229823232 0.0421912372 0.996023059 0.325216293 0.98982501
    0.451819211 0.797617555 0.932614923 0.229668826 0.119286418
    0.237897962 0.956114531 0.499686241 0.520145237 0.456797123
    0.406024396 0.97241497 0.436853409 0.192636997 0.477546066
    0.0927962661 0.881670952 0.588289678 0.935320437 0.547555983
    0.0656465888 0.606015801 0.255519331 0.379898518 0.783114493
    0.283384085 0.745068967 0.495665669 0.308201879 0.733834982
    0.479233444 0.525509119 0.531003416 0.222278625 0.115929484
    0.847159922 0.160962999 0.0439715981 0.0100507438 0.649166405
    0.953583002 0.349835753 0.916311264 0.374094784 0.186234653
    0.149908781 0.410349995 0.101347715 0.911649108 0.670402944
    0.427903354 0.826624632 0.814760327 0.372326702 0.712087035
    0.919415712 0.38278836 0.758324146 0.76755023 0.626538455
    0.760868669 0.502186835 0.735892594 0.116581917 0.870106578
    0.972726703 0.646203995 0.918952465 0.747399688 0.452577144
    0.591140151 0.0652962029 0.739093006 0.38065955 0.611686587
    0.909453213 0.420602709 0.923896313 0.180442929 0.458931595
    0.327926338 0.654434144 0.336462229 0.495956302 0.900673211
    0.227572471 0.515484929 0.974643767 0.749638557 0.378767371
    0.914398074 0.934035063 0.871688604 0.121731758 0.708808899
    0.200640559 0.882507086 0.579190373 0.829199195 0.287594348
    0.585200906 0.251897573 0.0449674726 0.475014687 0.412954926
    0.136390388 0.574270189 0.481158584 0.456743568 0.562713385
    0.749091208 0.677816808 0.336096644 0.62292701 0.685035646
    0.328779668 0.377746344 0.577636003 0.874125183 0.256811559
    0.745170236 0.27119869 0.393966258 0.690773129 0.737817347
    0.654193282 0.404534668 0.709677219 0.579351664 0.620743811
    0.463191181 0.0524409711 0.928748846 0.501149952 0.716114938
    0.715677977 0.457577646 0.590327084 0.520416796 0.755385756
    0.716990471 0.215263039 0.878253758 0.601846933 0.330855876
    0.515207291 0.246342361 0.463452995 0.56673646 0.19257769
    0.722414911 0.0260201097 0.365067869 0.689941049 0.14513427
    0.0567602813 0.470285326 0.418326437 0.16354546 0.878367186
    0.957261324 0.584731698 0.665478766 0.11014992 0.0487473011
    0.811476886 0.32004559 0.806171894 0.636266887 0.981326461
    0.683602691 0.397007048 0.0261055529 0.202544987 0.53693229
    0.446956366 0.174832344 0.305031061 0.306115955 0.788868785
    0.121075273 0.566629708 0.826704144 0.679605246 0.557442248
    0.418372482 0.0989402831 0.913250804 0.913039386 0.447875321
    0.321558595 0.0530542731 0.917716563 0.963443279 0.158994526
    0.879591346 0.294593871 0.657673478 0.409381896 0.813514352
    0.279108077 0.141369432 0.759260237 0.17077142 0.912796617
    0.566631675 0.701509118 0.448522449 0.635429025 0.805896759
    0.725030661 0.888508737 0.896002829 0.910115123 0.561437845
    0.598546267 0.864342988 0.543759465 0.101994514 0.107337862
    0.931328535 0.38318032 0.565223932 0.344688594 0.460110039
    0.582156241 0.0260555148 0.519053936 0.20317179 0.374535084
    0.341264397 0.741964996 0.548120379 0.814300239 0.903427243
    0.612937152 0.480089873 0.816065133 0.206521988 0.733651698
    0.35741961 0.0284125805 0.900075436 0.608554184 0.72986418
    0.178901792 0.0144055486 0.109680265 0.262645543 0.534991384
    0.597316742 0.787209988 0.106346577 0.707884312 0.303864211
    0.887233436 0.42757082 0.86276567 0.58177948 0.364756405 0.79508239
    0.225236118 0.432237983 0.0630770326 0.66738987 0.68545711
    0.430877626 0.269804537 0.00404474139 0.534460664 0.246633589
    0.917262316 0.39731133 0.337275028 0.256163418 0.434396744
    0.668035507 0.494866431 0.189358324 0.710460901 0.491785079
    0.375943244 0.803938627 0.970018566 0.98685205 0.887182236
    0.339983523 0.784405828 0.999946058 0.753864408 0.52415359
    0.284659564 0.325063974 0.756824255 0.680048764 0.0992607176
    0.44271487 0.481846958 0.434401691 0.4959912 0.149383396 0.316547513
    0.116214901 0.59361887 0.0632019341 0.318032444 0.738967776
    0.772437513 0.851830721 0.0189710557 0.617050767 0.743375182
    0.539391756 0.0788277686 0.464207917 0.0190310478 0.667544246
    0.934264779 0.0163026154 0.793392897 0.00775760412 0.818459272
    0.694184601 0.242317379 0.458368003 0.433050275 0.677907228
    0.461991906 0.413078278 0.815452397 0.187114477 0.292441815
    0.113340229 0.891563535 0.269999325 0.927304924 0.0901419222
    0.0313509107 0.458179474 0.690570951 0.771958947 0.515420198
    0.0268427432 0.877958357 0.65298152 0.402365953 0.541910529
    0.00985828042 0.888135731 0.963154733 0.17250818 0.340163827
    0.0990680158 0.271820605 0.976154506 0.824968636 0.108686805
    0.335819125 0.737116933 0.156937093 0.286806464 0.15075177
    0.0820847452 0.631056726 0.511397541 0.280649483 0.3078385
    0.910805464 0.634010911 0.26710844 0.495568126 0.882786214
    0.311734021 0.78251183 0.5966295 0.872101188 0.835915089 0.391950101
    0.997736573 0.29647547 0.0123953223 0.438706905 0.182732701
    0.131561339 0.255932391 0.822227359 0.178344548 0.305708677
    0.933366656 0.0296786129 0.22600469 0.733741224 0.947196424
    0.260236233 0.783673286 0.192025989 0.0399820507 0.638723969
    0.831228733 0.291083813 0.39991951 0.338655591 0.255303949
    0.307905495 0.88871026 0.398966283 0.519054115 0.187141329
    0.400310427 0.124080747 0.298181534 0.939519286 0.102905929
    0.104510933 0.827372909 0.752877355 0.688127398 0.694774747
    0.346535146 0.813552022 0.611651242 0.291518927 0.432702839
    0.923267245 0.334092915 0.365055919 0.524249971 0.401979744
    0.0600312054 0.0538919568 0.897311926 0.731833696 0.559011519
    0.319716603 0.0571551323 0.020478189 0.178623021 0.55262363
    0.46916759 0.747611284 0.76977706 0.529358745 0.384830862
    0.424851656 0.665300131 0.339941084 0.306793272 0.452139646
    0.0166378915 0.980667889 0.267187297 0.232736528 0.387437224
    0.587533534 0.518478215 0.404491454 0.822209179 0.495387405
    0.71176666 0.402983367 0.990998387 0.579774201 0.16448313
    0.233786762 0.75223285 0.755342722 0.413931072 0.284014046
    0.686010718 0.840313017 0.291684955 0.175040901 0.827734053
    0.487059742 0.4694812 0.0935009718 0.458779216 0.999926686
    0.784787953 0.308555365 0.828462124 0.113196194 0.709221721
    0.346621454 0.934257805 0.0408165157 0.342812687 0.628912508
    0.0281651914 0.599398077 0.900073528 0.691128135 0.0539572835
    0.976524413 0.00652483106 0.269058079 0.196273446 0.328420699
    0.521179736 0.719839394 0.365033835 0.980981708 0.335360259
    0.789840579 0.677511036 0.979771018 0.465327501 0.964273334
    0.930300772 0.127130836 0.437151074 0.124130994 0.369056612
    0.963658452 0.42231527 0.496794283 0.608571589 0.882375717
    0.563596725 0.216529876 0.203657031 0.771300554 0.635401607
    0.130435318 0.67199862 0.668292999 0.744791746 0.711794913
    0.706093252 0.519169092 0.478340894 0.675905764 0.816026449
    0.584328592 0.368475437 0.379959762 0.427215993 0.469338447
    0.96100992 0.342967153 0.824112654 0.158569485 0.134699792
    0.567830682 0.37880522 0.422826946 0.554381847 0.980559468
    0.397216916 0.858610392 0.0829705298 0.0953449309 0.357939065
    0.0727325976 0.750168324 0.698293447 0.0344129503 0.499435723
    0.849830747 0.827177882 0.710528672 0.0873711705 0.326910555
    0.370033383 0.514135182 0.339258462 0.00942125916 0.0709796846
    0.262640476 0.119933426 0.566201329 0.558578849 0.553056121
    0.0931869745 0.187144279 0.364248872 0.782898009 0.845840096
    0.151533663 0.613283515 0.977768183 0.475159466 0.144314796
    0.652273417 0.471709251 0.153977066 0.628363073 0.333625048
    0.990428507 0.493209839 0.180557281 0.496709824 0.183451295
    0.708291769 0.160267949 0.891961932 0.0997950435 0.393110454
    0.776517272 0.150533527 0.495804548 0.985020399 0.676129043
    0.472839862 0.569083095 0.286063492 0.062997371 0.784637094
    0.0778943598 0.540031493 0.76428616 0.525273383 0.923459053
    0.73211658 0.258619606 0.0628293157 0.393559873 0.742013574
    0.672096074 0.335729539 0.739524126 0.173943877 0.214408159
    0.470433384 0.0452274978 0.743134201 0.00751945376 0.706342578
    0.661314189 0.524669766 0.635615766 0.0520597398 0.808932424
    0.378094077 0.207895339 0.406587452 0.216556042 0.143658876
    0.299540311 0.0894359052 0.18038252 0.641542196 0.769810081
    0.0512235463 0.167193651 0.677541733 0.0412797928 0.149228305
    0.48568508 0.812327504 0.587436795 0.218387693 0.552752495
    0.647300303 0.406343162 0.104910254 0.465899467 0.3148579
    0.627071381 0.490998268 0.481559575 0.743391275 0.107927054
    0.551683784 0.437383324 0.177831799 0.487506062 0.692599058
    0.228931785 0.764604092 0.49157092 0.0872991383 0.64238739
    0.86937964 0.0322309434 0.371686816 0.214767575 0.539105117
    0.865564048 0.223615319 0.98706758 0.955178261 0.847360373
    0.914564013 0.839123487 0.695610285 0.664975882 0.657092452
    0.599194407 0.531962812 0.562906742 0.602975726 0.990217924
    0.661226988 0.702625692 0.471845865 0.350661337 0.207245529
    0.928075314 0.836947918 0.766725242 0.416740954 0.280039549
    0.839826584 0.559275866 0.129172832 0.985873699 0.764757395
    0.0635600388 0.154522866 0.125954181 0.713225365 0.588222682
    0.220395923 0.43874681 0.125008672 0.20098117 0.980416417
    0.343682706 0.856693387 0.0163811147 0.781624794 0.997536659
    0.971041322 0.222545981 0.630295157 0.511088729 0.0449049175
    0.774096489 0.221383333 0.262500167 0.64595443 0.445671201
    0.302477062 0.00412347913 0.229680657 0.186801314 0.657170534
    0.403818458 0.0357132852 0.9638201 0.359468937 0.314709097
    0.771742165 0.516823173 0.396591872 0.233218193 0.105158865
    0.423060268 0.326682746 0.471175194 0.237183839 0.833095908
    0.648086429 0.764054775 0.943052769 0.40405044 0.416093498
    0.320070446 0.672029257 0.147413909 0.879029036 0.676266313
    0.0578693449 0.232839882 0.135789543 0.662013888 0.153186232
    0.195201784 0.644163132 0.411858439 0.0243447721 0.356583327
    0.0768453777 0.100513935 0.480314434 0.595496416 0.609983981
    0.0127197802 0.457888007 0.458924741 0.789287746 0.20204252
    0.452998787 0.468414634 0.477104664 0.693366349 0.911455631
    0.180320084 0.255499154 0.666284859 0.674330652 0.0310376883
    0.195026517 0.929838777 0.588762522 0.232894033 0.661618829
    0.0873446167 0.45732978 0.647544742 0.859568357 0.0440456271
    0.362278849 0.866692364 0.669063032 0.344464183 0.538750887
    0.110289991 0.917323112 0.939954102 0.463379681 0.988063216
    0.33645761 0.327937186 0.844038725 0.408027053 0.231508136
    0.934756517 0.644615829 0.535318017 0.928440213 0.146773577
    0.775748551 0.67421031 0.102296472 0.754014313 0.621104002
    0.330662847 0.666533947 0.939274549 0.850671113 0.207167983
    0.613328755 0.721624732 0.0581279099 0.961205363 0.386651337
    0.924623489 0.291500419 0.731720746 0.908209682 0.692023754
    0.393039674 0.92557019 0.429996312 0.263534784 0.382244229
    0.613434315 0.278663069 0.753297925 0.556164026 0.419637382
    0.919035375 0.188464373 0.0889282525 0.0993744731 0.846864343
    0.575377882 0.780604124 0.0952516794 0.202902734 0.636807323
    0.159344673 0.480946302 0.726107121 0.107108057 0.139192224
    0.627362072 0.102051765 0.49817127 0.346135885 0.857336164
    0.461256742 0.871686816 0.236457139 0.513915479 0.811702788
    0.105104059 0.369822443 0.36018452 0.844645381 0.108401537
    0.195732921 0.525399089 0.575003803 0.442211837 0.581895709
    0.514744818 0.779760778 0.400575578 0.534175158 0.631647766
    0.778018475 0.891632318 0.108929038 0.757227063 0.969188452
    0.5431844 0.368845642 0.245456964 0.182037503 0.459886074
    0.472729445 0.519774735 0.529498696 0.88425684 0.775180221
    0.624082983 0.733570218 0.196834207 0.337236166 0.139462501
    0.101100683 0.509412527 0.719323874 0.273848236 0.812674522
    0.935456634 0.662288964 0.83619988 0.883629918 0.308649778
    0.919265628 0.729568243 0.365144968 0.0442194939 0.148517758
    0.518524647 0.77152276 0.220688432 0.889281452 0.811288834
    0.248960525 0.830325603 0.142778426 0.185318142 0.779916883
    0.197809041 0.869884729 0.831874788 0.396988839 0.345541477
    0.608205497 0.428522319 0.383475304 0.867630124 0.16636619
    0.791122317 0.740285337 0.021499157 0.0658637285 0.544072449
    0.650115371 0.654004037 0.146109521 0.851846695 0.403676122
    0.5514943 0.799300551 0.801447272 0.899334908 0.955987334
    0.210344076 0.50216651 0.71218735 0.732195437 0.546271145
    0.889030635 0.66089195 0.880892634 0.883250952 0.289590299
    0.545172095 0.750726581 0.708396077 0.228363544 0.360444635
    0.225927591 0.383790702 0.419942737 0.535619378 0.331405938
    0.899378121 0.957889915 0.81679678 0.384206057 0.276711494
    0.175996244 0.697489023 0.37838167 0.701604426 0.946723044
    0.81032908 0.0962844789 0.211766809 0.904852629 0.555303216
    0.92622292 0.381875664 0.435011953 0.776374161 0.814777017
    0.231700718 0.766129494 0.135977536 0.638689101 0.774587512
    0.751265407 0.617543817 0.24809742 0.655648351 0.280382097
    0.631945014 0.48728767 0.635151446 0.44633621 0.577678561
    0.424416721 0.625295699 0.319491357 0.482830524 0.0760748088
    0.217553884 0.00817641616 0.93455404 0.371203601 0.392243773
    0.648847938 0.643413126 0.569584906 0.91855371 0.351965934
    0.789959192 0.727653146 0.326794446 0.686066687 0.747590303
    0.0997118652 0.478118181 0.882550895 0.841254473 0.553460062
    0.781170011 0.443205714 0.592625916 0.499544263 0.918392777
    0.599223733 0.366734773 0.311360478 0.936776876 0.691397071
    0.70711565 0.150562584 0.864048302 0.766689062 0.357450068
    0.160624593 0.337654233 0.927381098 0.989906788 0.900508523
    0.693170905 0.880263209 0.634743571 0.315213948 0.0104817748
    0.528073132 0.39346382 0.996068835 0.582867384 0.780533016
    0.680174828 0.168144971 0.338590831 0.371813804 0.427906752
    0.0745197535 0.242910177 0.504843354 0.588610172 0.455279142
    0.896435976 0.56475234 0.189592451 0.460050344 0.516616642
    0.749454856 0.605461001 0.0615166724 0.69678092 0.268800229
    0.119551539 0.865664005 0.719187975 0.324254394 0.354950547
    0.599696636 0.0738908052 0.137472361 0.74387598 0.57506454
    0.750217915 0.07762447 0.805609703 0.569858313 0.264445364
    0.478427678 0.790312529 0.0185894966 0.333175659 0.154847741
    0.989891589 0.742229402 0.524455905 0.427925378 0.357496858
    0.444280416 0.957571566 0.706044674 0.56644702 0.634816051
    0.885892451 0.919324398 0.762941241 0.809485555 0.264825344
    0.164846152 0.571409881 0.381070793 0.465766847 0.539138973
    0.353571177 0.764897585 0.210962117 0.00530275702 0.488381594
    0.685491025 0.291922957 0.347475886 0.885552526 0.79182601
    0.205677807 0.214789391 0.39521727 0.523855031 0.2260167 0.501033068
    0.391812176 0.260194302 0.994448304 0.544873416 0.0202004611
    0.177158713 0.699712634 0.199937195 0.0408979952 0.803890228
    0.649116814 0.051832974 0.596951306 0.347490758 0.928500056
    0.376987904 0.692835689 0.294505 0.661630094 0.490186572 0.782724261
    0.415474176 0.161191255 0.102457255 0.835145116 0.176844299
    0.464630395 0.138747334 0.485861003 0.548991621 0.0190539658
    0.227750719 0.39576003 0.257528543 0.2349011 0.398018688 0.490907073
    0.24148038 0.0578650236 0.435233504 0.0527648628 0.872884274
    0.160868883 0.52396661 0.851043701 0.159788996 0.12613672
    0.00987654924 0.345592022 0.781207383 0.700590193 0.939164042
    0.916940689 0.990469098 0.405965686 0.810345948 0.67038399
    0.0468662083 0.0671515167 0.0174066424 0.547966957 0.168173492
    0.0514207482 0.330564976 0.726441145 0.355143011 0.293492377
    0.135451406 0.905107021 0.834667563 0.534535885 0.648029983
    0.959678948 0.0747295022 0.92904079 0.962784052 0.355554312
    0.303779602 0.643693089 0.025516212 0.0350103974 0.319062769
    0.901255608 0.919635475 0.695714653 0.935951948 0.119196177
    0.200955927 0.477470279 0.0914555192 0.104074597 0.830438137
    0.781280637 0.779417276 0.774856806 0.778948665 0.548618495
    0.599005818 0.765069783 0.41765368 0.310194284 0.379672199
    0.830823302 0.955367327 0.492476672 0.36054039 0.167236716
    0.205190331 0.178890139 0.373398066 0.851298273 0.0770094991
    0.966845512 0.789300323 0.694964111 0.45101881 0.669528902
    0.587858737 0.0282185376 0.347728997 0.236404419 0.664117813
    0.0843760371 0.859810293 0.616001606 0.0384472609 0.921825111
    0.328645617 0.320504963 0.355555534 0.546876252 0.573474288
    0.793800831 0.977419555 0.376476884 0.200588614 0.438732356
    0.790387392 0.883756697 0.436130822 0.905798435 0.0356784463
    0.0888894796 0.185677111 0.170830935 0.347211748 0.567285538
    0.0168048441 0.149980217 0.878136098 0.616259515 0.138075292
    0.070605129 0.0454505086 0.615977287 0.619598687 0.450196505
    0.336172462 0.32610172 0.154996246 0.707772613 0.767300129
    0.44070825 0.0502215028 0.478763819 0.679573178 0.70106405
    0.783945441 0.033033669 0.697409868 0.722513437 0.383282334
    0.80552119 0.563890278 0.16916278 0.813422441 0.478896677
    0.088201642 0.345012307 0.436608791 0.232423753 0.486262739
    0.284655839 0.418666035 0.167741776 0.614781737 0.63649404
    0.962680578 0.686558604 0.759160876 0.702381134 0.492223978
    0.908768773 0.421660483 0.83345294 0.222986281 0.494192749
    0.202656388 0.702625036 0.753742337 0.537881017 0.83849895
    0.348122299 0.025881052 0.673502386 0.300412297 0.848570585
    0.619240701 0.985614181 0.865134001 0.613402367 0.182081729
    0.448725581 0.515881956 0.274467617 0.967796266 0.919266939
    0.33487761 0.264256507 0.534534276 0.926369488 0.585740983
    0.843886316 0.0502719581 0.0743278861 0.717197418 0.0878580511
    0.0762402713 0.307727337 0.263103068 0.281527936 0.179541647
    0.590010822 0.335715413 0.218474329 0.141906679 0.520111442
    0.563751042 0.760408044 0.920507312 0.484944999 0.689330757
    0.0630797744 0.640304208 0.839678943 0.315245211 0.0490687191
    0.524972796 0.739752769 0.538842618 0.316056579 0.400407851
    0.776376843 0.469870239 0.126941711 0.00632745028 0.745623529
    0.034452647 0.539752722 0.460418075 0.605757952 0.684956133
    0.158519626 0.816969693 0.610225379 0.146059036 0.207115084
    0.75601989 0.741641343 0.155193031 0.12495032 0.703784704
    0.268318355 0.517411768 0.428741813 0.34431693 0.448227912
    0.415334761 0.142382562 0.982736588 0.252272278 0.122219056
    0.613862872 0.123186499 0.0836394727 0.525939941 0.0493997633
    0.834417224 0.195189118 0.0830534101 0.869853973 0.654271662
    0.496496886 0.378910065 0.979633689 0.0606596172 0.505551875
    0.418230653 0.964120507 0.355268478 0.794329166 0.866013288
    0.394523978 0.803079844 0.258764386 0.502873063 0.260083109
    0.559810758 0.666135967 0.389652312 0.0230432451 0.450643957
    0.193049192 0.319873452 0.0930468738 0.875369549 0.337935835
    0.126648456 0.630336404 0.190033555 0.834019899 0.549922526
    0.997457087 0.129153281 0.409004033 0.88252914 0.583456576
    0.818223953 0.738326192 0.488528818 0.858116031 0.351559818
    0.704529643 0.174060285 0.4494766 0.329341441 0.704995573
    0.194007099 0.733081937 0.642161727 0.462223411 0.773943782
    0.415558398 0.593866944 0.548231959 0.762556732 0.575956702
    0.284863532 0.920419216 0.917589962 0.679614305 0.218293786
    0.0579932332 0.0110312998 0.436020851 0.927514553 0.287777901
    0.816638708 0.180872023 0.862405658 0.171281457 0.252370834
    0.112206489 0.0987468064 0.8596856 0.823380411 0.497516781
    0.0968228877 0.677504063 0.885052562 0.201403856 0.881274581
    0.272665143 0.957923055 0.96693635 0.383175105 0.448458523
    0.771076679 0.620264113 0.742645741 0.626144886 0.829406023
    0.85480237 0.244783998 0.0101777315 0.0950685441 0.144458205
    0.293786407 0.790403903 0.147411168 0.815970063 0.954664469
    0.997532129 0.589401662 0.999856949 0.638939142 0.0688700378
    0.476033121 0.470163077 0.925215662 0.751113296 0.359593689
    0.134993941 0.23836565 0.318520844 0.905718803 0.486792296
    0.297355324 0.355935156 0.517785847 0.544374228 0.287668794
    0.174595445 0.832649589 0.462176859 0.608131707 0.944776297
    0.483243197 0.764763713 0.188341826 0.528403759 0.392742932
    0.945117652 0.0947030485 0.129773647 0.727874756 0.949422479
    0.377525419 0.554811656 0.960463285 0.249034435 0.673365593
    0.200173706 0.421673954 0.893058896 0.789889693 0.639825106
    0.0245515108 0.850381374 0.0771340132 0.303579122 0.707817912
    0.995634615 0.117809713 0.174622983 0.000195294619 0.127701551
    0.867570281 0.47436595 0.398658633 0.831679344 0.558824062
    0.30324024 0.96130836 0.242124528 0.682382822 0.41227138 0.136837602
    0.355004132 0.923303723 0.0918073952 0.393455863 0.971993327
    0.167291433 0.252235293 0.603073716 0.867307365 0.235697091
    0.263787508 0.00659915805 0.765924573 0.838858366 0.175635457
    0.91504705 0.874577045 0.31452769 0.048930347 0.52698344 0.956347704
    0.743755758 0.552909851 0.166312367 0.0783414841 0.381371289
    0.924005508 0.330070615 0.423540413 0.126588494 0.925580621
    0.200990826 0.172245085 0.55162859 0.124703109 0.905023396
    0.76692009 0.389249623 0.271341145 0.917544961 0.559345424
    0.461693227 0.519338667 0.736032784 0.71340996 0.891943336
    0.803389072 0.493374735 0.544746757 0.523826003 0.0888917744
    0.252398968 0.0223191679 0.0496923625 0.475432932 0.285543382
    0.190219551 0.757956624 0.87687093 0.63299346 0.374498904
    0.734400511 0.818773985 0.869500458 0.42831406 0.989630461
    0.824762821 0.297895253 0.583642066 0.345042884 0.210270852
    0.66712445 0.968062758 0.555819809 0.493232429 0.722523093
    0.0247473419 0.678285897 0.982611537 0.785259604 0.743947089
    0.320743173 0.37342906 0.108167171 0.518117309 0.0529615581
    0.140494794 0.700831711 0.49204573 0.840962589 0.531462193
    0.464735031 0.396074682 0.956678391 0.539807439 0.781213284
    0.766545057 0.278176129 0.0633859932 0.252884209 0.992545485
    0.239775062 0.926284909 0.00969430804 0.828398764 0.889180303
    0.455895156 0.610524058 0.577358365 0.361577213 0.794179797
    0.949458838 0.295816004 0.950762153 0.608287871 0.20547846
    0.52698797 0.292865157 0.179660439 0.0164688826 0.360013425
    0.57090801 0.0682878494 0.53421104 0.395891577 0.533008337
    0.117943853 0.29275775 0.779215336 0.932313383 0.0312063396
    0.678051591 0.955245197 0.30658704 0.273726463 0.557494104
    0.375864983 0.610923171 0.555457056 0.31460017 0.464387357
    0.966577768 0.743746042 0.958287001 0.243116289 0.156529397
    0.0673302114 0.109658927 0.488357186 0.2107566 0.933980048
    0.707198024 0.635760486 0.927390158 0.00512090325 0.498100072
    0.580192327 0.147484958 0.330772579 0.412061483 0.490925401
    0.27382952 0.570688069 0.352671444 0.623153925 0.210080057
    0.897739291 0.000255525112 0.185152143 0.0928298533 0.608722448
    0.846370935 0.76012063 0.9432652 0.834719896 0.544739723 0.303001821
    0.438273132 0.0342050493 0.901992023 0.136539549 0.34681496
    0.258723438 0.440338075 0.471289366 0.604427218 0.12059775
    0.123878449 0.807765961 0.484103709 0.425262272 0.695878863
    0.519386649 0.348361343 0.583399594 0.985564351 0.954425573
    0.605865359 0.375096411 0.398782492 0.348716199 0.219220191
    0.135298759 0.899798036 0.359358847 0.0790029764 0.183654875
    0.725451052 0.76406759 0.220856011 0.752872765 0.788793683
    0.843255162 0.722250223 0.0130034089 0.218945116 0.780390501
    0.155724198 0.0871905088 0.541852713 0.6452021 0.414394945
    0.131907284 0.277642787 0.909680247 0.343118548 0.448689103
    0.410347968 0.245056421 0.0746480525 0.127470762 0.061925441
    0.461540997 0.473537266 0.340433121 0.281529933 0.791558623
    0.837792635 0.450996518 0.111590862 0.20629245 0.403990686
    0.507948577 0.432046652 0.554901719 0.721146107 0.0633634627
    0.996246338 0.330863833 0.742282271 0.753920555 0.335138321
    0.461817801 0.312443614 0.927713513 0.310594261 0.0330672562
    0.490578532 0.969211698 0.944734991 0.908700764 0.434718013
    0.285256147 0.000967770815 0.893185854 0.59479785 0.0189156234
    0.247932643 0.872711599 0.133394778 0.557939649 0.541814744
    0.439233392 0.0626632273 0.70898211 0.924986959 0.0758625269
    0.921696961 0.105766803 0.111579776 0.937456906 0.632033467
    0.996196806 0.819090307 0.650788069 0.78401804 0.295919508
    0.391625941 0.875152946 0.798739791 0.673390925 0.846215367
    0.724615216 0.695697486 0.616968334 0.143637002 0.0597345829
    0.0501646698 0.929146945 0.226235777 0.9351542 0.592593491
    0.0971289873 0.190920085 0.0707593262 0.680357456 0.92816633
    0.694683075 0.0717055202 0.56058526 0.828771353 0.807688057
    0.152947754 0.698609829 0.653593421 0.501753449 0.965049744
    0.9644171 0.123928756 0.998967767 0.139456868 0.67723459 0.713651657
    0.479387134 0.802592635 0.0486602783 0.950752735 0.793457985
    0.207016796 0.233970731 0.178288311 0.696021378 0.180231184
    0.379052699 0.797953129 0.876675844 0.168540478 0.509890735
    0.771603346 0.550271094 0.113137394 0.209442258 0.755480886
    0.321749628 0.439400941 0.35201472 0.929415643 0.14475587
    0.945563912 0.400062233 0.438780755 0.158848464 0.643794656
    0.196176976 0.186769456 0.430573165 0.684937119 0.911807299
    0.682727814 0.739633977 0.756206155 0.172963828 0.287421137
    0.378523707 0.589519083 0.0932001173 0.334873438 0.128854156
    0.889085293 0.397378743 0.625716567 0.327774674 0.0894955993
    0.333545983 0.53269583 0.105575323 0.850498617 0.222951949
    0.645995915 0.920738161 0.107772678 0.00417429209 0.729761958
    0.982593536 0.812875569 0.827911913 0.684917212 0.870935678
    0.132889658 0.167366087 0.594044983 0.02805987 0.259590805
    0.701994658 0.473944724 0.657399237 0.804422736 0.902152777
    0.460711479 0.368002534 0.370611727 0.822707117 0.743109226
    0.926796913 0.485011071 0.407797277 0.33726117 0.669897914
    0.15362221 0.762946069 0.820813119 0.28939122 0.726300418
    0.176804185 0.358213902 0.0728749037 0.572177351 0.362580627
    0.821077704 0.0512132049 0.984234214 0.184751332 0.571170568
    0.114352226 0.911457837 0.662431836 0.989588857 0.43750757
    0.857494712 0.781388164 0.185524702 0.230600029 0.637693822
    0.143968731 0.58018136 0.579210281 0.571201682 0.415551007
    0.299904466 0.491314977 0.692156672 0.0280487537 0.752446115
    0.97293222 0.181845993 0.154329628 0.930652499 0.977434278
    0.0929057002 0.545847714 0.528354406 0.844309568 0.72468394
    0.635949492 0.0377930403 0.77348268 0.896024048 0.52331686
    0.451815188 0.660848498 0.257060498 0.204247981 0.630810916
    0.175205827 0.642257452 0.266646445 0.954746485 0.410871506
    0.424598813 0.562933147 0.609818637 0.247433275 0.466223657
    0.812414527 0.0435359776 0.0814448893 0.276464224 0.240295142
    0.46809414 0.172152221 0.9189713 0.472310692 0.476833403 0.846275568
    0.192402393 0.271140188 0.833663464 0.0147801042 0.604040802
    0.240934163 0.631805956 0.514770985 0.49378562 0.251502097
    0.672743082 0.550078571 0.250558883 0.5341627 0.493805885
    0.425712258 0.906127453 0.354753703 0.267519236 0.145492673
    0.557693362 0.0871003866 0.734637022 0.520441294 0.656291902
    0.0564294159 0.755062342 0.306262165 0.933364511 0.575353265
    0.512117624 0.238733292 0.700343728 0.871413946 0.93009752
    0.735099435 0.381040066 0.287635148 0.606597662 0.561518013
    0.665342569 0.701964378 0.477094859 0.217773736 0.840719759
    0.160138071 0.0934785604 0.48529917 0.911789894 0.703960598
    0.164488167 0.30711484 0.656550527 0.50900358 0.711489797 0.3167274
    0.328766793 0.205475897 0.366655707 0.270237088 0.750441492
    0.0597244799 0.336440921 0.85739392 0.257932961 0.168111205
    0.962414622 0.384710938 0.724834859 0.763317347 0.224208713
    0.616997719 0.97032547 0.113212377 0.557397664 0.809359491
    0.835912466 0.805226088 0.895975173 0.24548158 0.832923949
    0.741100311 0.170393109 0.0745890737 0.0183360279 0.36522913
    0.819988012 0.75974226 0.419509113 0.514827251 0.331169367
    0.55839622 0.905787587 0.822267175 0.901134968 0.255817741
    0.268725336 0.546019197 0.659986258 0.069676429 0.588295937
    0.541448832 0.270369202 0.189922959 0.841959238 0.256759673
    0.0816712379 0.822987676 0.0310106277 0.0766054988 0.511261523
    0.64655453 0.513133109 0.237443805 0.682379782 0.746925056
    0.21037659 0.64182502 0.71808219 0.87364018 0.507592499 0.273450345
    0.569657147 0.5082708 0.69424063 0.568391442 0.054476887 0.685572147
    0.436222285 0.785902798 0.602482915 0.795285523 0.263205498
    0.902065814 0.0752500892 0.759778261 0.281674147 0.826182067
    0.692613721 0.835573912 0.834887743 0.606381536 0.430676222
    0.111315995 0.839475155 0.631901979 0.196762979 0.29081437
    0.153306901 0.961418867 0.885129392 0.366977155 0.170707285
    0.502457857 0.903588593 0.816104829 0.00863161683 0.171945691
    0.311570942 0.464313388 0.687212944 0.360737383 0.328431159
    0.650810122 0.162313789 0.837052166 0.416346192 0.552729905
    0.149063706 0.889425755 0.254021823 0.857171118 0.692547441
    0.558517098 0.156163365 0.861365378 0.911829591 0.974213779
    0.0328861177 0.752790153 0.275286734 0.000293940306 0.16294992
    0.830802381 0.350004524 0.283718914 0.941808581 0.61656481
    0.583870292 0.00602281094 0.465749919 0.0676176548 0.575313091
    0.0916721821 0.213391483 0.902564645 0.479175717 0.428141892
    0.375233918 0.178552806 0.18703559 0.516750395 0.0160643458
    0.950395465 0.0436445177 0.134173542 0.473270893 0.750934124
    0.679368913 0.000817596912 0.0100245774 0.636193871 0.440298885
    0.342562973 0.310562521 0.252598703 0.662029982 0.841911197
    0.239154756 0.470136821 0.17261681 0.605315804 0.183031827
    0.41479063 0.0465750098 0.843075931 0.849386811 0.755025744
    0.0787114501 0.167389035 0.716669798 0.799560547 0.402149081
    0.165054142 0.146063566 0.413041204 0.559367895 0.0759415329
    0.0407454371 0.849225879 0.320448786 0.282046646 0.77510649
    0.453277439 0.940734982 0.79386431 0.817528784 0.00317496061
    0.346374929 0.641312361 0.74540627 0.314474851 0.907061219
    0.0768743157 0.332393259 0.874700904 0.119888306 0.238242745
    0.773383021 0.399731576 0.562133074 0.617511034 0.608748138
    0.406014442 0.739452362 0.947363496 0.240593344 0.702622175
    0.967393398 0.892284989 0.77959609 0.631489933 0.267208517
    0.616873682 0.503826141 0.507261038 0.742691815 0.883584261
    0.977196217 0.205879778 0.0412482321 0.737769663 0.334708989
    0.432109416 0.417765617 0.716898203 0.229982346 0.344510496
    0.928655982 0.196866453 0.905327797 0.896543622 0.175073326
    0.776263356 0.0490914285 0.491218805 0.181924075 0.415106565
    0.686935663 0.123610854 0.0978515744 0.0574680269 0.0322286487
    0.233935505 0.705208898 0.731902599 0.118206441 0.703651547
    0.411105275 0.619560063 0.257752389 0.575972259 0.116746455
    0.108742625 0.0755171776 0.0231399536 0.430169582 0.660593987
    0.779832482 0.167184323 0.937404871 0.858593822 0.434166133
    0.0250104964 0.272426724 0.25214684 0.923473358 0.191941738
    0.854153872 0.6482988 0.637575984 0.247315526 0.562844992
    0.954274774 0.21162802 0.766741276 0.690641999 0.607969165
    0.950919271 0.389706373 0.604361713 0.0750414431 0.457360268
    0.67923063 0.878268361 0.44176802 0.391763091 0.876743019
    0.494340628 0.328236818 0.555891514 0.712609351 0.856401086
    0.0225227177 0.660604954 0.637676954 0.765966415 0.357688725
    0.329281688 0.269541889 0.620926738 0.00384235382 0.344934702
    0.671645939 0.764090061 0.697449267 0.705305576 0.736737251
    0.33483687 0.757743716 0.213450968 0.113131672 0.233876377
    0.00878936052 0.408031344 0.00951901078 0.390843391 0.396812677
    0.394601196 0.636464834 0.48062861 0.331174433 0.0864627957
    0.369847178 0.310148299 0.851172328 0.157488853 0.627993703
    0.775637746 0.779988706 0.133568496 0.747969389 0.720531166
    0.198680222 0.262060344 0.759540915 0.348438084 0.727470756
    0.317627937 0.193046719 0.217439562 0.700473487 0.641842723
    0.788571179 0.157042682 0.66607219 0.760942936 0.753483295
    0.769784689 0.678055644 0.935893297 0.968250155 0.677468181
    0.546094954 0.611517072 0.126956463 0.757688999 0.288551182
    0.622541666 0.0538526773 0.0598035455 0.230733424 0.714924037
    0.912550092 0.851423144 0.149206251 0.779256523 0.460174561
    0.734447837 0.349452108 0.175476313 0.121218741 0.380257338
    0.809482396 0.467171222 0.203150928 0.360325277 0.281017542
    0.274088979 0.192890137 0.110649258 0.932024598 0.0416566133
    0.240461171 0.0651615858 0.364246398 0.327101946 0.121361673
    0.740245581 0.734983623 0.884501576 0.519302368 0.838469803
    0.558112681 0.0859917998 0.166216642 0.184634775 0.525847912
    0.212001532 0.966473222 0.195885509 0.710724056 0.91229558
    0.208747774 0.045699805 0.813285112 0.335579336 0.969817102
    0.565989137 0.544316947 0.997038364 0.27286756 0.42183876
    0.500434458 0.792177141 0.0794015527 0.914483666 0.0214339197
    0.382565349 0.897513866 0.214067101 0.741204441 0.897229671
    0.856896639 0.791244388 0.807035327 0.0528216064 0.740707278
    0.25720048 0.903082609 0.539921284 0.740899563 0.801323354
    0.133211106 0.494677812 0.245945662 0.871418595 0.805318534
    0.724781871 0.232737452 0.305658042 0.0380342901 0.545449078
    0.429226249 0.325290143 0.918581843 0.31638819 0.0469994545
    0.819482803 0.238652229 0.74017179 0.313106328 0.770830989
    0.164168179 0.497040004 0.321026653 0.591136277 0.205464512
    0.994752824 0.866963148 0.243261397 0.589716077 0.0515134633
    0.221977651 0.854875684 0.966928482 0.995072603 0.127810329
    0.620534778 0.130952835 0.396184564 0.942680836 0.112127006
    0.00888553262 0.801917434 0.302062303 0.904564202 0.177601635
    0.0266099274 0.648970068 0.239086688 0.187059909 0.444859862
    0.307933569 0.879500866 0.146717936 0.92216599 0.943352222
    0.103435814 0.254475772 0.853069782 0.7583462 0.657734454
    0.885757923 0.340738147 0.315157056 0.689935207 0.768211305
    0.167520255 0.032045126 0.601570725 0.258937925 0.148091704
    0.422483563 0.605231941 0.138664216 0.30746448 0.959773242
    0.969673395 0.468920231 0.440008044 0.172951341 0.653983951
    0.41887939 0.85747695 0.0685603917 0.198457003 0.713296115
    0.476112038 0.744356096 0.0539489985 0.912542462 0.176571727
    0.698418975 0.908637285 0.431999654 0.282981515 0.897612989
    0.184714288 0.661919415 0.320795417 0.835781395 0.9356457
    0.576180458 0.507511973 0.0756773353 0.299082756 0.921932459
    0.061019212 0.765834093 0.785029411 0.224792868 0.0772079825
    0.763386488 0.357034385 0.754732132 0.0472803414 0.385783404
    0.115368605 0.406375229 0.439168692 0.580761373 0.159986049
    0.476340234 0.0402800739 0.271702081 0.252508014 0.801206231
    0.421350181 0.122320801 0.165617079 0.198115438 0.998671293
    0.414319217 0.408038259 0.365203232 0.371936619 0.916959047
    0.699409366 0.645685434 0.516314328 0.894047618 0.362818897
    0.023565799 0.784353018 0.828582168 0.673610628 0.637239933
    0.544935405 0.184977591 0.265606105 0.935366154 0.782256186
    0.797713876 0.0468886495 0.565309167 0.156919271 0.632074773
    0.314730108 0.195712149 0.282399118 0.201228857 0.358305484
    0.449406385 0.163803399 0.147119731 0.938206851 0.97028017
    0.524811327 0.96606946 0.737321436 0.273129106 0.961402774
    0.452145725 0.332425296 0.750236452 0.814523339 0.85719955
    0.406213373 0.514036357 0.574099422 0.189266503 0.0483484268
    0.704452276 0.155674189 0.727895021 0.341256142 0.0934964418
    0.488180429 0.0733025372 0.383635849 0.478094369 0.179127276
    0.0984570086 0.886869788 0.983493865 0.312788248 0.571366429
    0.90004909 0.721950173 0.347457856 0.766116381 0.474312216
    0.417510748 0.847573698 0.358705103 0.264804959 0.68075335
    0.707853138 0.788773775 0.0725964904 0.579651356 0.653222859
    0.298200011 0.118660837 0.716509819 0.602534354 0.562493682
    0.464831114 0.988663197 0.425958723 0.324050397 0.734788418
    0.0295554996 0.667283535 0.471449226 0.112998992 0.586616516
    0.671588659 0.356247663 0.136760861 0.448717445 0.583007276
    0.619539261 0.860905051 0.71367538 0.992960334 0.470750779
    0.781840324 0.381356835 0.531713367 0.515887558 0.962919831
    0.0912094712 0.0974617004 0.321500838 0.902499795 0.672329247
    0.301676691 0.900575161 0.973272681 0.590500832 0.21426633
    0.78920722 0.420868814 0.512208343 0.335358411 0.47714442
    0.229655862 0.61355257 0.380284071 0.0342386067 0.247354984
    0.465635508 0.872495055 0.0103137791 0.133983374 0.123526394
    0.979955733 0.22896558 0.43460682 0.202897698 0.862905145
    0.061691016 0.67547965 0.893085837 0.952118516 0.0218627453
    0.266563654 0.490406692 0.623064876 0.541620374 0.152104497
    0.420393467 0.0031991601 0.336800456 0.38401556 0.0102013946
    0.770849824 0.574525535 0.624100387 0.930490494 0.405052096
    0.860945523 0.14493084 0.753828228 0.51927954 0.910670042
    0.125144839 0.0396133065 0.552429795 0.423841953 0.460262477
    0.33457619 0.770350814 0.663748503 0.657101393 0.586667299
    0.341009915 0.918733597 0.608069837 0.798179269 0.907679081
    0.126826018 0.163417488 0.26037702 0.231288612 0.0751348138
    0.0576092303 0.313819528 0.34096843 0.322427571 0.204142153
    0.829318762 0.494327605 0.179895729 0.936598003 0.224190056
    0.738250613 0.767690063 0.270333409 0.602735281 0.468384236
    0.0402781963 0.829827547 0.169304848 0.963862479 0.294551373
    0.257617354 0.432886124 0.366511643 0.575983405 0.554623663
    0.329314977 0.658373952 0.992450297 0.721326351 0.518292487
    0.665382981 0.0556971729 0.207410485 0.587294996 0.00820863247
    0.124918252 0.32016468 0.0967211127 0.567293346 0.69734633
    0.689380109 0.314908117 0.14747265 0.819961786 0.0290253162
    0.515015364 0.967821121 0.890997112 0.901305974 0.245536745
    0.0577228963 0.388518721 0.934714377 0.827002048 0.778811574
    0.138713062 0.236643404 0.993284404 0.173796624 0.448251396
    0.776052117 0.80867511 0.197802365 0.287147015 0.213128775
    0.74228102 0.650022626 0.477359802 0.196106434 0.0151800513
    0.26369974 0.25568074 0.954537809 0.471346617 0.625465453
    0.148931772 0.763231397 0.587765932 0.325605989 0.676794291
    0.870568395 0.142284542 0.116018564 0.29906708 0.809327483
    0.0434936881 0.94715023 0.790562212 0.600808382 0.706347823
    0.445158035 0.878630519 0.813972175 0.102031261 0.564923167
    0.446750373 0.416643471 0.648438692 0.222374707 0.308448434
    0.169283807 0.20446521 0.546979606 0.226876944 0.476475656
    0.0593082607 0.136141241 0.121443182 0.487301797 0.156264573
    0.680448949 0.237454921 0.659561515 0.33412838 0.252593994
    0.393963665 0.174460948 0.730594695 0.649353027 0.391987622
    0.0784944892 0.867046416 0.802642286 0.22727856 0.47899884
    0.551994145 0.986764133 0.265159547 0.352970093 0.163540184
    0.993466735 0.49621585 0.341266274 0.296123832 0.721823156
    0.904326558 0.258512735 0.665124953 0.463636845 0.58788842
    0.409715384 0.761181831 0.910936654 0.745989203 0.0609870255
    0.887869358 0.468144834 0.691635609 0.346107244 0.67774713
    0.826885819 0.667655706 0.892359555 0.72794044 0.339611828
    0.901199341 0.289986908 0.735016823 0.303278595 0.558145225
    0.518392503 0.592596948 0.0520725846 0.185984313 0.77631712
    0.884544015 0.00620183349 0.621198893 0.732704639 0.0770355463
    0.207963049 0.181240022 0.8035267 0.402929217 0.524544239
    0.500362754 0.479243457 0.108720928 0.722788215 0.996098161
    0.0569729805 0.298428327 0.899773717 0.493386567 0.241372496
    0.0453589857 0.282655537 0.521867037 0.600352347 0.899062157
    0.303376198 0.502130032 0.206929505 0.788901806 0.593723536
    0.445266038 0.733111262 0.674501121 0.825423598 0.243791789
    0.344747096 0.657210708 0.872030139 0.870673239 0.566583395
    0.801149964 0.951868892 0.747793913 0.14574644 0.867121041
    0.929840863 0.877730846 0.96490097 0.73164022 0.867215216
    0.198363423 0.867764115 0.359225959 0.829634547 0.521733999
    0.351344764 0.140747458 0.436216652 0.191350549 0.418943882
    0.347709537 0.0764396191 0.916113675 0.787046671 0.0660592616
    0.736225247 0.396616578 0.440960348 0.147279382 0.235175818
    0.682090521 0.358751625 0.238877952 0.669903934 0.976139307
    0.526640177 0.750403225 0.0424789488 0.325948745 0.726497293
    0.261433959 0.886621177 0.715000093 0.733439326 0.449637055
    0.820697427 0.625257432 0.861846626 0.771477342 0.942534149
    0.303933382 0.309594542 0.745759308 0.766993046 0.995784342
    0.886990547 0.441411287 0.394318104 0.378433764 0.302218676
    0.357410848 0.818438172 0.716205597 0.0504635274 0.419764221
    0.179935068 0.282234579 0.640802026 0.2305713 0.429426759
    0.963721752 0.649310887 0.73970145 0.834265232 0.107193679
    0.35190019 0.197719574 0.861676574 0.243413836 0.955421686
    0.832772255 0.667911053 0.184168756 0.748860359 0.758657217
    0.0775408447 0.333845407 0.0631583333 0.517798126 0.632483482
    0.734863698 0.933257341 0.397559583 0.507674158 0.122774512
    0.0802306235 0.234445244 0.572255731 0.728115857 0.758896351
    0.0542046428 0.238788664 0.129897267 0.522095859 0.249279678
    0.139369786 0.227672905 0.355665207 0.0190425515 0.108452439
    0.759592235 0.996352673 0.583858013 0.551386833 0.394197255
    0.374493897 0.549933314 0.943718791 0.566904545 0.423118681
    0.973070443 0.153931201 0.00581148267 0.772414565 0.0256118774
    0.0207142234 0.148225695 0.169495732 0.288088322 0.244177312
    0.909313679 0.540792406 0.949099898 0.0961303115 0.19063887
    0.534446359 0.818685055 0.278606921 0.132414013 0.796860933
    0.528780878 0.125881284 0.467255741 0.855404913 0.383106351
    0.697693348 0.823285818 0.690837562 0.753203034 0.618672311
    0.974439681 0.807366848 0.798960328 0.750039399 0.380080909
    0.783109426 0.114004195 0.804487348 0.476168633 0.842184961
    0.824674547 0.873247743 0.808493614 0.788506746 0.774802744
    0.541165709 0.934630275 0.179792255 0.217850029 0.759322166
    0.626291335 0.939769804 0.618224263 0.727129221 0.565200567
    0.227405697 0.785152316 0.0514624119 0.551157296 0.92256546
    0.390350938 0.329720259 0.422821879 0.126582623 0.597695947
    0.532832563 0.0949733555 0.133302718 0.922973514 0.0834059417
    0.852138996 0.323076814 0.435434669 0.219636291 0.598913789
    0.631178319 0.12603873 0.405094326 0.570206821 0.802656889
    0.42428717 0.552268147 0.113840967 0.484821886 0.568547666
    0.157794774 0.489912361 0.519942582 0.590434253 0.196577966
    0.108078718 0.87056917 0.477212876 0.124966085 0.627362013
    0.564767182 0.307086885 0.703995764 0.0290886164 0.479498506
    0.63856101 0.850548148 0.745125651 0.217820644 0.601680875
    0.137535423 0.554848075 0.105223566 0.660219371 0.50710541
    0.243697077 0.895940781 0.225232422 0.694009483 0.599344254
    0.505563557 0.623257577 0.824250579 0.752325058 0.310907125
    0.359760702 0.281914949 0.1546821 0.755133867 0.981740773
    0.750243664 0.465610087 0.576275766 0.212310076 0.28890723
    0.0388090312 0.383080393 0.65057224 0.509080648 0.25192228
    0.0589883626 0.659808874 0.660442472 0.555736005 0.550876915
    0.498782009 0.864987373 0.329913557 0.834371746 0.572230458
    0.414881974 0.36245513 0.943948746 0.318630755 0.627734423
    0.455285043 0.234619707 0.403143287 0.91299057 0.952768445
    0.805252433 0.116908908 0.328493118 0.526514769 0.0101067722
    0.624170482 0.538992584 0.541462839 0.771115959 0.733382046
    0.980975866 0.215287596 0.420703918 0.200795501 0.221953422
    0.923591375 0.666764975 0.598496854 0.461704701 0.585989654
    0.157613724 0.950496018 0.13207984 0.218874305 0.408050478
    0.117727429 0.298980772 0.823415995 0.078120023 0.676259398
    0.863201618 0.56606853 0.25475204 0.0711742342 0.10844627
    0.999998808 0.351904511 0.865437627 0.480945438 0.182603508
    0.247829914 0.132869422 0.925202847 0.400277853 0.885735512
    0.387290537 0.531157613 0.733141541 0.726150393 0.746806741
    0.242824227 0.533701658 0.0525839329 0.272647351 0.668204188
    0.694672465 0.654415548 0.44002068 0.390172422 0.708873689
    0.909042597 0.00716501474 0.211750418 0.78829968 0.749275625
    0.0455670059 0.734813094 0.511559367 0.718927503 0.82203269
    0.252327263 0.0784673393 0.765188694 0.00524941087 0.540511072
    0.198615342 0.84136343 0.239568979 0.201653659 0.27191481
    0.353381366 0.0985993147 0.667613387 0.630199671 0.191345394
    0.523001552 0.632038057 0.50779289 0.456110269 0.240017503
    0.116670847 0.14896819 0.132519722 0.647141576 0.140283138
    0.669057786 0.0015617609 0.893786311 0.973145604 0.628896356
    0.204017669 0.15494892 0.778395176 0.021545887 0.407477528
    0.278547138 0.142947823 0.101968408 0.055041343 0.0226882696
    0.422605932 0.664539814 0.611595035 0.0182618201 0.650076449
    0.155245632 0.850368857 0.961225986 0.521387875 0.427604407
    0.0630123317 0.0108405352 0.829111934 0.0321413279 0.302169919
    0.328660995 0.419999152 0.870542407 0.242999822 0.251338065
    0.113536745 0.932732821 0.991809249 0.33041209 0.168888152
    0.414022297 0.673384011 0.506706297 0.658338785 0.986691356
    0.766735792 0.93445462 0.161605895 0.159181327 0.762889087
    0.541151047 0.766654253 0.868325531 0.0429215431 0.123828143
    0.996780753 0.386009157 0.383679479 0.574592531 0.464452505
    0.367067993 0.508417904 0.251728714 0.324611604 0.404533118
    0.407256782 0.97738719 0.24664256 0.549421906 0.611391783
    0.603978217 0.987681746 0.256592542 0.999221385 0.527077615
    0.97591579 0.442217737 0.12083289 0.770176113 0.272080243
    0.981524825 0.753448308 0.430931151 0.866025329 0.301264018
    0.308226347 0.642068684 0.416414618 0.402840525 0.924277067
    0.0737185478 0.147752196 0.0047813952 0.445417881 0.450462729
    0.639270186 0.281856656 0.963906765 0.497987151 0.905524135
    0.347065687 0.311113179 0.968092322 0.359102637 0.964692533
    0.535847664 0.214291126 0.861006141 0.98818028 0.0444722176
    0.32452935 0.14530611 0.883313715 0.245746672 0.438744873 0.80093807
    0.0478244722 0.483883321 0.62388128 0.739589393 0.461012006
    0.242260784 0.496738166 0.888599277 0.78523159 0.731353939 0.9887532
    0.202512383 0.395240933 0.871686935 0.852686286 0.842555165
    0.817297935 0.134251624 0.374022007 0.830984831 0.564334571
    0.0263090134 0.655205786 0.17447716 0.180394679 0.357888043
    0.601703405 0.353230923 0.402900815 0.0731676519 0.758920789
    0.356410563 0.014665693 0.71276176 0.151296496 0.446439356
    0.681054056 0.962196589 0.0536414981 0.851564646 0.830340803
    0.959252238 0.860214114 0.95440799 0.440178156 0.185843766
    0.450905651 0.0372323394 0.767802119 0.0616045296 0.157704622
    0.980334222 0.975599527 0.881157517 0.429777175 0.264202535
    0.268181384 0.940175951 0.937058628 0.424346089 0.045096904
    0.0135970712 0.58863318 0.462909907 0.179791093 0.567388654
    0.123536378 0.781216264 0.169758558 0.957602978 0.0534592271
    0.185931176 0.703388035 0.209567845 0.485094875 0.359677792
    0.883577228 0.144796968 0.412758231 0.0825099051 0.628061235
    0.635703623 0.426203936 0.0828521252 0.507275343 0.123051465
    0.969995499 0.105778903 0.0581624508 0.15525052 0.730732977
    0.650286794 0.00278550386 0.362295687 0.987732053 0.665038228
    0.725854337 0.675484896 0.8984074 0.21902582 0.169319183 0.132531404
    0.772822738 0.655118585 0.0802849233 0.86588645 0.34315747
    0.546506286 0.285086006 0.716006815 0.35141626 0.66507268
    0.402836025 0.0156525373 0.833055973 0.0217932463 0.627416313
    0.429858327 0.527318716 0.193855345 0.22044301 0.816994905
    0.829797626 0.321979463 0.516475558 0.199496031 0.215720564
    0.02376917 0.651550531 0.889648318 0.66029346 0.618125081 0.98520714
    0.33313176 0.217664123 0.992190003 0.908887625 0.542611599
    0.676567793 0.302594364 0.877327025 0.10621646 0.939852595
    0.615241051 0.312636107 0.808912933 0.0260133743 0.86392951
    0.075694263 0.875004649 0.300473452 0.421112418 0.485631824
    0.32546562 0.620807409 0.473393679 0.499037713 0.106671542
    0.703157067 0.878115416 0.411451191 0.370485455 0.435518175
    0.736207724 0.111108989 0.629001558 0.635784864 0.152943522
    0.0730909109 0.633622706 0.837239504 0.367668539 0.916580319
    0.450944424 0.964284658 0.715695322 0.298370987 0.857378185
    0.368780106 0.46055758 0.840258539 0.60870266 0.0621530414
    0.89228785 0.755856693 0.12988928 0.328297019 0.648221731
    0.368098646 0.481005222 0.321987152 0.516969442 0.278880119
    0.00840711594 0.744724452 0.923568726 0.744028926 0.0833716691
    0.761335373 0.935668886 0.154095799 0.426493019 0.833693147
    0.138255209 0.463061601 0.775891662 0.816226006 0.479013175
    0.125007272 0.754422188 0.0328575969 0.576153457 0.526910841
    0.28243953 0.122680724 0.618795931 0.684399426 0.56905812
    0.717124104 0.0128302574 0.315891683 0.0708789527 0.19962132
    0.218973994 0.500668526 0.242317885 0.862550378 0.171458602
    0.256269574 0.924267888 0.469981998 0.105038851 0.764940619
    0.802642822 0.0558850467 0.065915674 0.336865723 0.269442856
    0.748772979 0.0987379551 0.252727926 0.897454023 0.246506155
    0.737763762 0.263789654 0.164978296 0.752877831 0.965398252
    0.558494151 0.577364147 0.723148763 0.035300076 0.386655271
    0.610947311 0.905161798 0.0540362597 0.591763914 0.893074453
    0.640290618 0.646852136 0.235350132 0.499905765 0.506032169
    0.22869277 0.689108312 0.995116234 0.586424172 0.744022489
    0.40877679 0.785669386 0.2879318 0.388120174 0.426214457 0.788640738
    0.629059017 0.862187386 0.305143893 0.507160187 0.38777262
    0.822627902 0.811210275 0.110853791 0.0669305325 0.143274397
    0.160308391 0.494770527 0.453365654 0.398786902 0.110108435
    0.0014975667 0.561419487 0.360259295 0.710768104 0.95957768
    0.116944671 0.405853808 0.846027076 0.190911204 0.0545848906
    0.223319709 0.446747601 0.0569463074 0.932876348 0.899149418
    0.479555249 0.0804027319 0.812306583 0.771612525 0.794332683
    0.333352 0.326596141 0.67339766 0.425625026 0.740027666 0.725711107
    0.421694636 0.170190871 0.911747336 0.336571515 0.12219131
    0.0115384161 0.455773354 0.504162669 0.0265181363 0.925871372
    0.401493549 0.523801863 0.881944895 0.0349609554 0.519642532
    0.490541697 0.238150597 0.0926041603 0.710235298 0.390853763
    0.857413292 0.30045864 0.84393692 0.326694906 0.690876245
    0.515034914 0.0393770039 0.209776193 0.375301778 0.351581991
    0.0116052628 0.547548056 0.0876974463 0.466934055 0.888719141
    0.0842611194 0.302226841 0.358756125 0.776004314 0.500758052
    0.0788152516 0.82337749 0.398341775 0.992302299 0.574521422
    0.81667304 0.740271509 0.814571321 0.801465869 0.769877136
    0.27870217 0.212062001 0.529041409 0.838095307 0.195326 0.620576501
    0.121549129 0.862914801 0.0355804861 0.561448872 0.00831648707
    0.927725852 0.333141863 0.00983411074 0.434625 0.236703873
    0.686785221 0.474858165 0.520531893 0.553284526 0.607980847
    0.406856865 0.47614494 0.457580864 0.698433161 0.746389389
    0.428746849 0.305947781 0.290090382 0.787365019 0.129097521
    0.572163939 0.131945878 0.482304573 0.0596057475 8.09729099e-05
    0.899866223 0.0287326276 0.486051351 0.471595854 0.348967522
    0.10418883 0.0396965146 0.917431712 0.339521825 0.624076724
    0.286975354 0.00938436389 0.933166862 0.925902128 0.595949709
    0.652550995 0.977715492 0.300008297 0.969962478 0.897588789
    0.44507432 7.7277422e-05 0.315830112 0.284585625 0.212018758
    0.925623059 0.75826323 0.0889213681 0.507118642 0.417743206
    0.567701876 0.605889082 0.517245352 0.0809665322 0.249061674
    0.82455802 0.562152088 0.201828271 0.94214195 0.751784205
    0.627482653 0.566649497 0.704321563 0.0542652011 0.417397946
    0.300754666 0.329007685 0.0059209466 0.334931046 0.810663223
    0.149161339 0.563065231 0.703552127 0.749231875 0.616352677
    0.289510608 0.542680085 0.451586515 0.745176136 0.521396399
    0.985661745 0.447860599 0.0511905253 0.409297317 0.41904068
    0.609623611 0.879876435 0.417802632 0.518109798 0.124711871
    0.906388342 0.647440791 0.441684425 0.688645363 0.356713593
    0.860346973 0.830682695 0.500396192 0.0445550978 0.963189781
    0.52357018 0.927565873 0.986514449 0.683364093 0.423058599
    0.0150048435 0.255304813 0.673840523 0.488021582 0.315263271
    0.156324387 0.561912477 0.909321547 0.0172858834 0.26339817
    0.893404961 0.171610564 0.524100482 0.495018125 0.780461788
    0.16463232 0.699102581 0.555949509 0.234806508 0.82916975
    0.358898342 0.709713459 0.836654425 0.528483689 0.091968745
    0.580063462 0.735211313 0.885640204 0.244646639 0.525285542
    0.661094964 0.231399685 0.391047627 0.0310585797 0.553780973
    0.706970632 0.930013239 0.158718079 0.87863189 0.960578978
    0.557296336 0.338561654 0.66834861 0.586296022 0.80793494
    0.708896875 0.567913353 0.785657644 0.999852955 0.936223447
    0.859733224 0.957724214 0.986311555 0.928541303 0.15673545
    0.883395553 0.735259414 0.266868114 0.494124979 0.385252088
    0.881202221 0.0711643994 0.406196654 0.751517773 0.222720116
    0.00597187877 0.779355168 0.225956589 0.523712277 0.228348851
    0.0249304175 0.777627945 0.942330241 0.465955883 0.878027439
    0.0536207259 0.0859373808 0.371405661 0.646665156 0.35495311
    0.136066139 0.123717606 0.237473458 0.943805099 0.980933785
    0.942675233 0.649903059 0.79442668 0.810158849 0.207433194
    0.443086386 0.360736161 0.954562187 0.420360565 0.86115253
    0.212954372 0.898957074 0.639077544 0.822247863 0.874070168
    0.833500922 0.59202069 0.996682644 0.0682661533 0.0934329629
    0.189054161 0.642295539 0.984841347 0.0438161194 0.80962646
    0.361862779 0.352701306 0.835469663 0.235542566 0.19590798
    0.98627454 0.154565841 0.39182514 0.535369039 0.724004149
    0.220696419 0.933422446 0.126776904 0.432430744 0.0242200792
    0.841185331 0.197868884 0.827511787 0.852492094 0.978935421
    0.977799952 0.0447798967 0.964770555 0.527640939 0.508614004
    0.0890111327 0.612350464 0.485707432 0.809791625 0.718697667
    0.653986871 0.597553313 0.587482691 0.791747332 0.65679127
    0.967241347 0.937031627 0.590373576 0.358819723 0.798353434
    0.0176098347 0.312072873 0.094579041 0.314537227 0.818499088
    0.146189988 0.549941957 0.443351865 0.1034365 0.557176173
    0.789338112 0.917859197 0.496271014 0.51652509 0.308597565
    0.176134825 0.683836639 0.616437197 0.696002543 0.300041139
    0.00665357709 0.682717741 0.472896904 0.410958022 0.323663056
    0.567853153 0.0262426138 0.523189723 0.615722954 0.853304446
    0.957684875 0.652315974 0.689671874 0.299554259 0.285931081
    0.322571397 0.651837647 0.0123194754 0.522955835 0.398017496
    0.940606236 0.640337944 0.441365957 0.366365552 0.853177071
    0.129824132 0.398101598 0.929986835 0.900996447 0.108030796
    0.26861918 0.662528694 0.875033319 0.0307625234 0.805849791
    0.356401265 0.464081645 0.222270519 0.588738441 0.786223888
    0.690517247 0.179023713 0.696474314 0.0608537793 0.775865257
    0.0366869867 0.893828273 0.440898836 0.920747995 0.034247607
    0.706895769 0.73653543 0.21717298 0.179021835 0.346391559
    0.043697983 0.497365594 0.897746265 0.492220283 0.687479854
    0.85934186 0.459116429 0.143712789 0.584963381 0.892443299
    0.776327789 0.802053511 0.0262418985 0.900837302 0.728710771
    0.699246883 0.828449965 0.737045407 0.299382091 0.458035946
    0.930374265 0.388056755 0.232120991 0.457878053 0.0188246071
    0.354818702 0.723129928 0.363677204 0.462188631 0.72289902
    0.153972715 0.766500831 0.882472754 0.144728571 0.498303711
    0.62632072 0.967883587 0.247341871 0.445676178 0.862827599
    0.286858976 0.760590315 0.947114468 0.982861161 0.956315637
    0.221293598 0.154449403 0.530417264 0.248329133 0.467241257
    0.4730272 0.770626426 0.993244231 0.108022004 0.5940786 0.800074935
    0.810632467 0.839395881 0.275327474 0.502632499 0.729853809
    0.750661254 0.846888542 0.735893726 0.459503055 0.599476337
    0.455956161 0.47872743 0.18273434 0.525264621 0.325649559
    0.523899794 0.47261098 0.587443054 0.463521063 0.389166027
    0.226640165 0.802893639 0.542424858 0.587833524 0.0193202198
    0.377365828 0.842660308 0.0466938615 0.0421888232 0.0347040296
    0.920920849 0.640868068 0.261459291 0.276622385 0.160087287
    0.284872353 0.618923903 0.779313326 0.887207568 0.730226874
    0.821172237 0.654960513 0.232530743 0.481359303 0.299805671
    0.573190272 0.0489913821 0.235117793 0.786274552 0.690027475
    0.242333233 0.711601853 0.227033019 0.0798971951 0.0819518268
    0.403273255 0.273230493 0.389558852 0.731895447 0.888207555
    0.752762198 0.0708293915 0.284155309 0.209355175 0.654989064
    0.272970587 0.831733704 0.889277816 0.571804404 0.402791291
    0.886369824 0.794786274 0.962024629 0.219282001 0.104043752
    0.212499976 0.366619349 0.0872729719 0.247266471 0.00605368614
    0.854957223 0.359337986 0.130851716 0.41551882 0.0450766385
    0.939144135 0.977566838 0.983893156 0.562652409 0.205998361
    0.368465841 0.997940719 0.474128932 0.470359087 0.323714375
    0.235954672 0.0064509511 0.493145376 0.714151561 0.203982741
    0.594018459 0.118280917 0.829881251 0.0914184451 0.526373029
    0.789230287 0.394564152 0.493238151 0.275661886 0.596214533
    0.70356822 0.239038378 0.917569637 0.220177084 0.828568697
    0.864969254 0.261347294 0.00394687057 0.292015851 0.819837213
    0.708433986 0.0460206568 0.520101488 0.879144847 0.500849783
    0.606936693 0.0558107197 0.446521819 0.997180939 0.571579814
    0.443737239 0.709496379 0.812533617 0.297659904 0.873291492
    0.522672653 0.857715666 0.82977128 0.250511467 0.168077856
    0.905431747 0.72664541 0.455488086 0.827803254 0.864318609
    0.0979594886 0.217285931 0.0121213496 0.639364779 0.533325613
    0.660778165 0.0054859221 0.451911271 0.723199189 0.808735371
    0.175014079 0.0576381385 0.58993113 0.444212347 0.416092277
    0.857819557 0.845629096 0.522245049 0.878260732 0.264325678
    0.04162848 0.873516321 0.420688033 0.577151299 0.479023039
    0.993593216 0.557000875 0.0566636324 0.0747311115 0.437213093
    0.192813545 0.793624103 0.213960111 0.127645224 0.238246977
    0.633402824 0.54905206 0.232895643 0.0352320075 0.0245780051
    0.0809065402 0.554911733 0.768965483 0.136975646 0.0638176501
    0.633182466 0.229278684 0.707324326 0.840637922 0.4922162
    0.731726348 0.376378357 0.340219378 0.0935400426 0.759618282
    0.851483524 0.585145295 0.569961965 0.0906030536 0.160186678
    0.2885952 0.385261208 0.172447801 0.0764031708 0.366005331
    0.402816951 0.401204228 0.749072731 0.642527938 0.701408684
    0.64019531 0.117358387 0.508230388 0.983124018 0.739832461
    0.726128101 0.395307004 0.879166126 0.0776352584 0.23368004
    0.878416777 0.276869714 0.28534925 0.911688089 0.0839725733
    0.0914824903 0.945437074 0.0783014596 0.718085289 0.020943135
    0.503003657 0.592510164 0.829818249 0.378595591 0.698800802
    0.562780976 0.102296293 0.932759404 0.265984952 0.0137088895
    0.30908078 0.478251398 0.362215579 0.000835716724 0.641942382
    0.499300122 0.381930232 0.855445862 0.771709144 0.081348896
    0.124607712 0.157236785 0.52881664 0.130507648 0.249247402
    0.863247514 0.834755301 0.393081069 0.178377986 0.221238881
    0.523337841 0.619298279 0.855292082 0.509512246 0.387617558
    0.317863524 0.734093547 0.387634009 0.843663931 0.198120713
    0.599507332 0.346740961 0.84986037 0.55841428 0.308605611
    0.0391057432 0.12911433 0.15568921 0.898874283 0.809659004
    0.169355839 0.133746743 0.921307385 0.784888625 0.470058829
    0.284763545 0.856077313 0.768871069 0.975817502 0.166791528
    0.774121404 0.236138016 0.499385625 0.389718324 0.871195197
    0.257774055 0.00408571959 0.266016215 0.375639081 0.357688755
    0.0745770335 0.183756649 0.112962544 0.444293052 0.938814521
    0.286252916 0.643225491 0.0320854187 0.838171542 0.704334557
    0.658173084 0.41056633 0.336342782 0.60554719 0.549620986
    0.657186866 0.299255043 0.066187948 0.842327297 0.282473654
    0.274572611 0.808091402 0.792272925 0.429000705 0.111972213
    0.511614561 0.519613445 0.184774309 0.90678066 0.775350213
    0.239915133 0.193661034 0.507290781 0.87499845 0.852962852
    0.425974458 0.742535055 0.63531673 0.601913929 0.528395712
    0.551488578 0.273969054 0.669658422 0.341298699 0.825633645
    0.235646725 0.967564404 0.185499281 0.020935446 0.835529089
    0.868158817 0.313686669 0.21683836 0.411870182 0.207109988
    0.026589334 0.099786222 0.787277579 0.922053933 0.705119729
    0.348218381 0.732918501 0.219608098 0.407514274 0.816913009
    0.105476141 0.172010809 0.0653222501 0.324046731 0.00395014882
    0.335151017 0.83647424 0.777250409 0.0892685652 0.158237308
    0.00282141566 0.128372401 0.541544199 0.50979805 0.926560163
    0.835744321 0.149383783 0.588554978 0.736868978 0.703813493
    0.633930564 0.901881814 0.536466897 0.734023333 0.618139386
    0.208683223 0.270494521 0.881970525 0.832161725 0.1360856
    0.852787733 0.64239496 0.23988241 0.495002627 0.430387437
    0.718638897 0.932256758 0.687848687 0.6742239 0.166827142
    0.484858125 0.587707818 0.519689441 0.499317527 0.837242603
    0.808725119 0.273590654 0.54206425 0.579321563 0.565773606
    0.585162401 0.263345361 0.674411774 0.629323602 0.447906792
    0.689672649 0.288581252 0.805733323 0.607950985 0.150002182
    0.028924942 0.172461778 0.76460737 0.0550841391 0.0519500673
    0.289449692 0.185356081 0.129699051 0.482589871 0.612273812
    0.353861332 0.57046926 0.958977103 0.477316797 0.11993131
    0.894219756 0.699523866 0.940331876 0.603402197 0.0882062614
    0.414873451 0.698225796 0.405757904 0.405655473 0.281134903
    0.459884167 0.0714295805 0.621746719 0.384458423 0.931519508
    0.770915747 0.374926955 0.891128898 0.594574928 0.759028792
    0.101606876 0.986908019 0.0609392226 0.693723559 0.922601581
    0.0630698204 0.0615718663 0.544529736 0.57875663 0.285773933
    0.0540349483 0.937499881 0.857817352 0.705338597 0.131308407
    0.505948186 0.421155035 0.5696854 0.377646595 0.990761518
    0.420319527 0.239207506 0.798698723 0.699812233 0.789476871
    0.483208358 0.979912877 0.0645921528 0.0428387523 0.116972476
    0.0844908059 0.577788949 0.364713401 0.47533685 0.0271923244
    0.0435510576 0.569045901 0.668439448 0.583728075 0.849589467
    0.332137346 0.593995094 0.51718998 0.679022193 0.879354954
    0.525032699 0.936316073 0.872577906 0.0253096521 0.274137676
    0.0571542382 0.110123247 0.382409185 0.622567475 0.871290565
    0.498768091 0.664769769 0.281860143 0.323446393 0.0358870327
    0.22772789 0.880873561 0.232954234 0.0851296484 0.581519186
    0.803639054 0.101821125 0.984984756 0.806354642 0.950700164
    0.532299876 0.0486181974 0.635941088 0.0802308619 0.81534344
    0.667095423 0.0290878117 0.920019627 0.874609351 0.0071016252
    0.548318326 0.606423676 0.388521463 0.461615413 0.925043285
    0.759442925 0.0499108136 0.056779623 0.816605449 0.454844534
    0.463653773 0.220597267 0.242333382 0.0274815559 0.56162858
    0.197660714 0.525534749 0.73143208 0.560346544 0.781682968
    0.87997365 0.759458601 0.885385394 0.725310862 0.863016486
    0.15559423 0.840058684 0.940773249 0.621188283 0.901740551
    0.0873387158 0.661145091 0.258478165 0.426086724 0.923683167
    0.352718592 0.549110293 0.0807393491 0.623813689 0.592901409
    0.042935282 0.474111795 0.538875043 0.177517146 0.994115412
    0.0445380211 0.229922056 0.87602663 0.250177622 0.985844135
    0.371526897 0.874608397 0.27060914 0.581899047 0.45380792
    0.317781687 0.0479726791 0.0188851953 0.132299215 0.110745728
    0.227562159 0.548422515 0.939855933 0.241041243 0.81005621
    0.963279009 0.234019876 0.578086555 0.0146255791 0.711538136
    0.284225881 0.357667089 0.800497949 0.412537277 0.48401919
    0.271270931 0.632286727 0.725846112 0.32549721 0.929626346 0.2821334
    0.0590282977 0.0386743248 0.421525359 0.123490989 0.118871182
    0.558332205 0.43974185 0.69680351 0.95837158 0.63922286 0.601336241
    0.559147835 0.193183392 0.211168617 0.521904945 0.00712093711
    0.0352918506 0.826321185 0.9700073 0.452144891 0.389107168
    0.767605662 0.749093533 0.0801918507 0.653635919 0.688669562
    0.849604011 0.911413908 0.739144146 0.70744884 0.037415117
    0.268258095 0.539929569 0.422594041 0.315352738 0.294358313
    0.998986602 0.310307115 0.0223273635 0.999447942 0.387153119
    0.121955544 0.447165072 0.640080094 0.0713889599 0.296631575
    0.652739942 0.624819279 0.8570292 0.927982926 0.109326363
    0.295562953 0.715872169 0.0192860365 0.864808202 0.443946421
    0.934526563 0.408296853 0.953056812 0.199721396 0.770888925
    0.792819977 0.610479891 0.427464604 0.996278465 0.626204789
    0.76626724 0.312323928 0.123019665 0.501333654 0.840643883
    0.868592024 0.280944586 0.578689933 0.0194436312 0.277511716
    0.710978031 0.579965413 0.661244571 0.319314659 0.311739624
    0.994159698 0.232027113 0.946005762 0.193620056 0.386876076
    0.745192766 0.631279469 0.39495343 0.541624248 0.267486095
    0.564823389 0.205326289 0.0465331674 0.819932818 0.0217594206
    0.00802394748 0.219771385 0.624032259 0.848551512 0.00563845038
    0.952278852 0.582710087 0.517871678 0.408952713 0.0998795629
    0.755357146 0.0321741104 0.98808521 0.282539189 0.505495071
    0.698812425 0.969473839 0.443075776 0.904217124 0.173509151
    0.982100546 0.365078807 0.17237553 0.501364052 0.351405919
    0.284820855 0.692729115 0.702768266 0.437023282 0.119449139
    0.157600582 0.872241497 0.364455551 0.0773664713 0.493072152
    0.0874146223 0.741858602 0.388994545 0.136393398 0.873389423
    0.786904991 0.952148914 0.803085923 0.265185535 0.524295747
    0.345952213 0.343543828 0.687936246 0.0813034475 0.212298721
    0.367632866 0.389533967 0.840706348 0.737378538 0.810026169
    0.260010034 0.293306112 0.0953154862 0.942223907 0.708977759
    0.185938567 0.951890886 0.186338156 0.857928097 0.270549297
    0.0288999379 0.598768353 0.651490569 0.114376575 0.408519357
    0.83114326 0.279548883 0.777237177 0.460442632 0.0928947926
    0.307508469 0.770321727 0.409261554 0.856242776 0.909877777
    0.0128128529 0.95989573 0.267216444 0.504069209 0.173789561
    0.906543255 0.889899909 0.533986866 0.648185074 0.168706417
    0.227536649 0.933198214 0.19396016 0.450655669 0.407510251
    0.87138319 0.946541846 0.892475843 0.832072139 0.360737801
    0.352216661 0.982357979 0.462370008 0.786092103 0.719051301
    0.454614937 0.65662545 0.468856007 0.0978231728 0.289364129
    0.732345521 0.120364457 0.728409171 0.359433353 0.568422377
    0.901003897 0.0424826145 0.580566525 0.961669862 0.722368419
    0.700514019 0.864915729 0.0907387733 0.0300689936 0.613762975
    0.378343135 0.484573275 0.611152053 0.339473099 0.122659683
    0.147082508 0.632401228 0.797645271 0.153189301 0.562238455
    0.327047288 0.77574718 0.482546538 0.68352145 0.457377642
    0.174254447 0.571006775 0.261099279 0.435289979 0.704136133
    0.83780992 0.653514922 0.480432153 0.424772173 0.000743120909
    0.380732507 0.478982031 0.572704852 0.0932943523 0.722789943
    0.498800427 0.966255784 0.246040344 0.954036117 0.186629921
    0.431407988 0.974404335 0.369398057 0.799555421 0.8379426
    0.280764222 0.264722586 0.992486 0.533839345 0.323056638 0.461903512
    0.174972326 0.820456445 0.261749327 0.146459311 0.238386542
    0.266593635 0.883613706 0.828361988 0.417944849 0.497202605
    0.24611336 0.297791868 0.914427519 0.0222867429 0.416526914
    0.591075778 0.133117348 0.838468194 0.342199624 0.206619829
    0.202212811 0.658089697 0.311655164 0.499392658 0.438740104
    0.691411912 0.481449723 0.571500361 0.341781437 0.964609146
    0.121038973 0.794877648 0.438228875 0.785629332 0.773872972
    0.964140177 0.264376223 0.91422534 0.806335092 0.394441605
    0.555813491 0.329465657 0.907710195 0.644878745 0.728886127
    0.26624006 0.989223719 0.86323297 0.321747184 0.24200806 0.969540358
    0.121277809 0.528799891 0.516638637 0.757060289 0.256349891
    0.927180409 0.955269635 0.064204216 0.693331182 0.0620710254
    0.177068293 0.57849133 0.14122808 0.91630131 0.551901162 0.235921532
    0.133403838 0.0299622416 0.043227613 0.884153128 0.285957754
    0.661738694 0.496347487 0.974947155 0.981796324 0.429068804
    0.183762342 0.860731244 0.0637019575 0.249924541 0.957613111
    0.22404182 0.177058041 0.967141926 0.223812371 0.576071262
    0.204936892 0.87949127 0.0343658924 0.614984691 0.848336279
    0.618112147 0.892855406 0.0789803267 0.429411739 0.510450482
    0.160345137 0.467670679 0.742878854 0.495798051 0.662670553
    0.300964534 0.201573998 0.134868711 0.351621985 0.469147027
    0.371245533 0.797913551 0.098685354 0.334755808 0.335694253
    0.860542297 0.602779031 0.541170537 0.913998723 0.590485334
    0.234405816 0.458738029 0.708422184 0.157269239 0.370765418
    0.158609033 0.919074953 0.347041726 0.0609380603 0.913830161
    0.294299006 0.270961225 0.863292634 0.77996695 0.264044106
    0.504716933 0.623338938 0.621176064 0.257524371 0.938778698
    0.781751454 0.0801661015 0.266385376 0.235039294 0.387205184
    0.661629796 0.00894394517 0.108109951 0.130791575 0.337819964
    0.33377713 0.653783917 0.737706602 0.992923975 0.788135648
    0.698907256 0.516834915 0.375350446 0.241420418 0.793978453
    0.66429168 0.709725976 0.103566676 0.706528783 0.545580089
    0.408047855 0.90264684 0.778068006 0.523146629 0.662840307
    0.265501857 0.429188222 0.749409199 0.794042647 0.739936471
    0.674672008 0.77738142 0.929826438 0.32321322 0.69982487 0.883880138
    0.624723852 0.181762189 0.532669663 0.23086071 0.116240293
    0.898726344 0.972280741 0.485940903 0.786547899 0.479912549
    0.421545357 0.89537859 0.319429159 0.249156773 0.352452993
    0.204555541 0.455120653 0.56770134 0.0812470317 0.769222856
    0.80094111 0.665708482 0.408322573 0.83741796 0.964320183
    0.905287504 0.206580073 0.263961375 0.483644724 0.913055718
    0.512313962 0.448177248 0.568932831 0.90195322 0.674885213
    0.795813441 0.0334828496 0.599377871 0.419385046 0.90901649
    0.852844238 0.912119031 0.878753185 0.718017161 0.446893096
    0.455192804 0.0729342103 0.913365245 0.805499017 0.332266897
    0.234773427 0.252070189 0.710571826 0.888526678 0.0772981048
    0.0273239017 0.335709393 0.573877156 0.212228417 0.613535762
    0.927117586 0.838808537 0.213064224 0.211906701 0.512348533
    0.988804162 0.452126324 0.672731996 0.147684693 0.809637368
    0.861803949 0.634167373 0.274143159 0.00260397792 0.129265696
    0.337731332 0.0225816071 0.154742062 0.502733588 0.129654884
    0.0129162669 0.0118995011 0.702750325 0.463034928 0.306754798
    0.984094739 0.612306654 0.574011326 0.0788194239 0.529588044
    0.375572473 0.3709746 0.703991532 0.511089027 0.748738527
    0.459658325 0.802562356 0.155357718 0.527859688 0.46355325
    0.157864273 0.36602962 0.381502688 0.140981406 0.952227831
    0.520505428 0.0802609622 0.530596197 0.364696741 0.315501392
    0.762996435 0.477867365 0.33083877 0.272459149 0.790237784
    0.658680558 0.360955566 0.143266141 0.697232008 0.0380899608
    0.549593508 0.324417889 0.46443373 0.127569377 0.738930345
    0.301799506 0.941877007 0.182084352 0.328092992 0.935057521
    0.166959494 0.211509585 0.769270182 0.797479391 0.810287595
    0.709352314 0.97598666 0.689502299 0.480122477 0.0570151806
    0.770618796 0.962970614 0.477351189 0.630479336 0.829911709
    0.658666253 0.547605753 0.0609888136 0.0334619582 0.706253171
    0.792493701 0.337242126 0.295883596 0.0502682924 0.104570925
    0.263940692 0.92071116 0.967249453 0.201681107 0.694814563
    0.25066489 0.980718136 0.0696928799 0.509495258 0.0307816863
    0.23740679 0.42166853 0.457010299 0.900641918 0.683726788
    0.138472497 0.810126841 0.216471285 0.50328517 0.490914077
    0.770921171 0.298019409 0.928514004 0.633973777 0.300267577
    0.473299354 0.112419039 0.907565176 0.0148614049 0.0448170304
    0.138808101 0.876085162 0.398744524 0.777059436 0.430666953
    0.107363731 0.952865481 0.610767424 0.031691581 0.421768278
    0.957546353 0.550298095 0.0345400572 0.100299507 0.0741007924
    0.450686693 0.442878425 0.431019008 0.262703151 0.582093716
    0.516969323 0.852867484 0.249294877 0.782423496 0.249739319
    0.222137451 0.905627966 0.714255452 0.906217277 0.321001112
    0.373051405 0.434765637 0.66075778 0.414048046 0.32901901
    0.465558469 0.71162349 0.563024342 0.690795541 0.696391702
    0.53206557 0.435270518 0.728863358 0.324464798 0.470429033
    0.167637169 0.967515469 0.891762853 0.121600866 0.591421962
    0.205971956 0.769933224 0.241937131 0.60349822 0.149143904
    0.242552578 0.313475549 0.803363204 0.621947587 0.0673854649
    0.847856402 0.742647767 0.631478727 0.376146287 0.40438351
    0.604036629 0.619502366 0.220815033 0.382267684 0.065795809
    0.386666894 0.438295484 0.208793312 0.938612461 0.467073411
    0.432580203 0.587725461 0.186695039 0.919730067 0.64570725
    0.293482929 0.626739144 0.711194158 0.316275865 0.959784687
    0.973949015 0.551239967 0.58299017 0.77946651 0.0726547837
    0.0297750831 0.838503003 0.66626513 0.31071502 0.669460058
    0.588531137 0.989233375 0.925043046 0.462360024 0.558841109
    0.395396084 0.672386348 0.442785323 0.796867311 0.199014336
    0.71101743 0.838952661 0.745270431 0.243359327 0.526926816
    0.223666698 0.428612411 0.749344647 0.786716342 0.681624949
    0.700453162 0.688292742 0.0794942081 0.26008755 0.98749584
    0.337059289 0.0475952327 0.289774656 0.458522856 0.725821912
    0.626707792 0.952797592 0.787496448 0.348345846 0.496381849
    0.931450844 0.0019223094 0.698694229 0.539064825 0.345551729
    0.609917462 0.715746999 0.687470675 0.123292416 0.209608644
    0.10600543 0.0715988576 0.265376598 0.635146022 0.666807055
    0.305582285 0.907800138 0.503214121 0.0175235271 0.827658772
    0.81788063 0.0982962251 0.986227751 0.325282395 0.543951035
    0.196583539 0.0929362774 0.809991002 0.180752784 0.917236328
    0.104447335 0.0598185062 0.97440052 0.682493627 0.992038071
    0.0348887742 0.444344789 0.572903931 0.874589324 0.22895962
    0.11836046 0.301052392 0.494056821 0.0398600101 0.173755437
    0.611032307 0.51084578 0.54411757 0.00310620666 0.37806651
    0.605679154 0.363517165 0.863406837 0.553380311 0.207050204
    0.239992231 0.252705216 0.244700193 0.8980515 0.143393129
    0.498181254 0.648745418 0.412694454 0.484473109 0.635833681
    0.470819652 0.119775593 0.0495602489 0.391472727 0.28815192
    0.563750565 0.282755852 0.716106892 0.134453475 0.183789551
    0.727168083 0.976703882 0.771939456 0.369151026 0.0713288486
    0.445429772 0.941800654 0.778013349 0.026843071 0.646508574
    0.90036428 0.763145208 0.522592068 0.110121876 0.502231538
    0.356338471 0.650936723 0.888341069 0.947321415 0.125632226
    0.893044949 0.317649364 0.519006133 0.181968957 0.614711165
    0.398501217 0.829743683 0.950788736 0.166188776 0.996044278
    0.591491163 0.706332922 0.959508359 0.847911537 0.884610772
    0.694682598 0.348117977 0.298453361 0.539581358 0.91605109
    0.76709187 0.722907245 0.952238679 0.059400022 0.513464928
    0.448310137 0.60532099 0.512158573 0.157754451 0.141782939
    0.281238794 0.626708865 0.430805504 0.791187346 0.526743233
    0.889346838 0.580645084 0.454670012 0.399579823 0.729028702
    0.781301856 0.559240758 0.779521227 0.0488234162 0.712685108
    0.466948003 0.58575654 0.0811678469 0.115411013 0.462946653
    0.57933712 0.57086122 0.551684797 0.520877779 0.418837726
    0.319419533 0.0391037464 0.148997962 0.555621088 0.367046416
    0.872311711 0.335721642 0.488744289 0.469475627 0.6102916
    0.172086239 0.686287761 0.541095316 0.337818027 0.350715816
    0.99253571 0.600955784 0.745429397 0.73907572 0.873366237
    0.141181648 0.318645716 0.603779674 0.809859574 0.771080732
    0.144976348 0.712408662 0.407279313 0.960129261 0.467173815
    0.271465808 0.0385893583 0.878629923 0.674459875 0.592280626
    0.858359098 0.67308557 0.63309586 0.0494125783 0.296530604
    0.21756351 0.514989614 0.0655089617 0.249580711 0.710015893
    0.29222858 0.784693122 0.534712315 0.180497229 0.922202468
    0.873741388 0.477885157 0.258131921 0.760381818 0.193433374
    0.79963553 0.655685902 0.780070901 0.463829696 0.975967646
    0.316687942 0.579899609 0.287073433 0.399848998 0.810432315
    0.840396166 0.970009208 0.0863246322 0.826373816 0.838379979
    0.353143334 0.624830604 0.460702658 0.81760484 0.624039233
    0.184746772 0.584266961 0.763060451 0.207310945 0.983587742
    0.178055972 0.441812217 0.0991901457 0.0157943964 0.748912096
    0.8179847 0.795114875 0.395462871 0.887959957 0.575331688
    0.0187905133 0.900576115 0.0220226049 0.657162666 0.775492847
    0.609392166 0.352159321 0.997889996 0.747157872 0.843694687
    0.250354171 0.0549018681 0.254816532 0.696040034 0.785746932
    0.337831199 0.461405814 0.53575027 0.473509163 0.120895445
    0.600698531 0.960598826 0.495299608 0.579427898 0.308918148
    0.0712916851 0.0955050588 0.385941505 0.509010971 0.0282889009
    0.598546505 0.00197708607 0.985400558 0.517921269 0.864006937
    0.103379786 0.640844584 0.729286492 0.334705204 0.730582774
    0.585911512 0.295434773 0.733828068 0.167300344 0.581979454
    0.101517469 0.437385917 0.996638477 0.232390344 0.489679813
    0.410757571 0.0387806594 0.246932745 0.7103405 0.384248674
    0.483574986 0.998111486 0.850177824 0.508814454 0.976818562
    0.0766233802 0.559839308 0.966540396 0.160027534 0.215779483
    0.166296244 0.38060075 0.0954288244 0.18216452 0.71698612 0.18588689
    0.588311136 0.00405037403 0.787081599 0.0661463737 0.15801096
    0.0336511433 0.578704298 0.302357495 0.374328971 0.82379365
    0.582575738 0.386539012 0.794487178 0.964659214 0.548207104
    0.444219112 0.0871225595 0.580896914 0.173118353 0.155094534
    0.86001122 0.88040179 0.354943216 0.290583014 0.0147056282
    0.149910778 0.781711876 0.907493234 0.201707482 0.688593686
    0.268801391 0.00247812271 0.0343223512 0.675786972 0.758678198
    0.433502257 0.558249414 0.577948987 0.858110309 0.939404845
    0.181106538 0.274709612 0.191866517 0.83774972 0.803865135
    0.608780801 0.272911072 0.642878771 0.30738312 0.134161413
    0.00763356686 0.641379297 0.111902952 0.0921072662 0.0366697013
    0.0626105368 0.55561465 0.449086815 0.00347596407 0.485017926
    0.744745851 0.819016039 0.405303568 0.579895854 0.261088669
    0.3978374 0.699677765 0.836237431 0.575233102 0.432691514
    0.762441218 0.242097229 0.875151753 0.675364077 0.117634475
    0.206942886 0.609020591 0.959590316 0.207703292 0.852826953
    0.971025825 0.914235473 0.256661475 0.312757611 0.871472716
    0.425542682 0.0798267722 0.669284761 0.79570365 0.580317795
    0.859180927 0.908632278 0.855652094 0.966029167 0.588341415
    0.603788316 0.763464332 0.607154727 0.924968481 0.189296395
    0.320888221 0.380256414 0.317310154 0.870265424 0.613991141
    0.81693399 0.581776083 0.389861971 0.498698026 0.380544811
    0.101737261 0.649425328 0.217178226 0.792938352 0.149442762
    0.734523892 0.565436542 0.923925281 0.197319835 0.064317435
    0.375483662 0.594717801 0.192061812 0.151858002 0.777304411
    0.909569025 0.921252429 0.0334585309 0.969401479 0.423431695
    0.570010066 0.631198764 0.846152544 0.226213038 0.0905505717
    0.65926075 0.779016912 0.703950405 0.90793407 0.954381704
    0.931272924 0.0706800222 0.748571098 0.508900523 0.0537950993
    0.884337604 0.273521125 0.359567016 0.957487106 0.830896497
    0.812838197 0.556297421 0.854876459 0.446083903 0.800726891
    0.427820444 0.595059633 0.22767964 0.503703713 0.883698821
    0.577617764 0.658869743 0.355764806 0.700555325 0.734258473
    0.699313581 0.992631674 0.436921239 0.412655592 0.595691979
    0.358891487 0.249661654 0.151209623 0.688498139 0.611232102
    0.28267163 0.74491936 0.857099235 0.0112319589 0.833611846
    0.307226956 0.898270845 0.234213144 0.403096914 0.0612817705
    0.751274586 0.814741373 0.473370016 0.813889861 0.0667415559
    0.0370732844 0.905685186 0.448878258 0.609107494 0.0218787491
    0.113713294 0.993665099 0.627971411 0.284394979 0.487654179
    0.850678086 0.102398515 0.247463673 0.253370166 0.139271587
    0.0319161415 0.695797324 0.349785864 0.875217199 0.528245449
    0.965117931 0.0395442545 0.760210872 0.27504912 0.080370605
    0.489363104 0.765099823 0.83302474 0.00354292989 0.314053744
    0.221971184 0.273273855 0.770986915 0.13601768 0.104519755
    0.564914703 0.499902189 0.00026923418 0.568143785 0.0667433441
    0.0142707527 0.193033457 0.862114549 0.969264746 0.917705536
    0.255633473 0.390749931 0.420502156 0.166232616 0.0811291635
    0.468546003 0.110386878 0.362735152 0.651872039 0.920000255
    0.0681533515 0.123178512 0.343771636 0.119581699 0.317326367
    0.632924795 0.43889609 0.28962487 0.212349951 0.384110659
    0.701648593 0.69810015 0.702965021 0.303703725 0.720899224
    0.454653472 0.0365203023 0.733100176 0.953735828 0.562906206
    0.931606412 0.61888957 0.241579592 0.259204626 0.191280097 0.5492751
    0.586210847 0.469958693 0.964345157 0.934046745 0.569824159
    0.664764762 0.550611615 0.273210108 0.338732988 0.436168522
    0.503563762 0.283450902 0.642803252 0.752857804 0.469736576
    0.366809189 0.0184347332 0.835173607 0.208277702 0.294913232
    0.822840452 0.956356525 0.314798355 0.352306366 0.188939691
    0.85118103 0.376647383 0.0513542295 0.448513627 0.360763311
    0.71226871 0.849733889 0.162023932 0.472091794 0.414238095
    0.724013686 0.358638227 0.789127827 0.6918239 0.934309959
    0.00229915977 0.941602945 0.135481119 0.419576377 0.0281790793
    0.694682062 0.985680997 0.0768274665 0.486965179 0.581588924
    0.681140184 0.732351243 0.935238957 0.425917059 0.37740159
    0.70907557 0.445834011 0.847397983 0.838403225 0.753096044
    0.491216093 0.809895217 0.638847291 0.418927699 0.618807793
    0.758535266 0.744674325 0.596901119 0.0164871514 0.020938009
    0.165899068 0.701262355 0.852898419 0.416837811 0.26943475
    0.69780606 0.357338786 0.0293387771 0.129402727 0.788502693
    0.855847657 0.0254448354 0.705514014 0.144017756 0.39054516
    0.485711902 0.469907045 0.2882393 0.021030724 0.761979103 0.76324892
    0.853638172 0.957759857 0.804572821 0.721952379 0.358362377
    0.0799859464 0.864819407 0.150068492 0.433040321 0.302127481
    0.66561389 0.42977497 0.560691655 0.637390256 0.14009428 0.759872913
    0.151571631 0.042303592 0.716735721 0.986268759 0.674226046
    0.733382583 0.207648754 0.56011796 0.586249173 0.295454443
    0.717007279 0.984865189 0.916657329 0.105145216 0.139999896
    0.281745195 0.761296988 0.975936115 0.560886621 0.566713333
    0.911502481 0.615775943 0.0465093255 0.479462206 0.621767402
    0.427848488 0.76824218 0.959427476 0.517669797 0.61742723
    0.708933234 0.453822583 0.594052911 0.0872238278 0.529497683
    0.951356769 0.884809017 0.447572529 0.734167933 0.46317941
    0.533662438 0.61407578 0.510196149 0.35812363 0.548527896
    0.134871751 0.679983795 0.785755038 0.59885329 0.161937177
    0.294022202 0.696661055 0.103764683 0.904446363 0.290597677
    0.821783543 0.297109187 0.437668651 0.185656667 0.488360673
    0.496798277 0.837522745 0.735994697 0.649635553 0.136279911
    0.990445495 0.296554446 0.415683806 0.94103694 0.186068952
    0.964200139 0.807905257 0.768751621 0.453535616 0.103040516
    0.240065277 0.712862432 0.639230728 0.25842905 0.286827624
    0.69402349 0.75672853 0.928014159 0.360049903 0.259630084
    0.135706037 0.48860386 0.735852182 0.589301109 0.459146947
    0.200014681 0.330679774 0.424589336 0.327959776 0.345821112
    0.455182016 0.582383215 0.505975902 0.692719221 0.326937914
    0.57544297 0.905979216 0.401567906 0.117826581 0.458104312
    0.756545126 0.244720936 0.0396901667 0.804242492 0.454215765
    0.0732009113 0.394876331 0.297459483 0.0493328869 0.0140668452
    0.151847273 0.673080027 0.136036009 0.692527294 0.561749876
    0.962271214 0.696437657 0.881113648 0.858577132 0.658516228
    0.811284304 0.414510846 0.305239201 0.418008327 0.779390931
    0.619800329 0.773740888 0.326046675 0.0998278558 0.0586825311
    0.837923646 0.853562713 0.590565443 0.832404196 0.808347344
    0.911662161 0.882972479 0.0870705247 0.271187216 0.0319419205
    0.154460549 0.193350792 0.0335836112 0.227293432 0.75293082
    0.629162431 0.54263854 0.930417478 0.348426998 0.838649035
    0.754841447 0.561252713 0.836516917 0.734567046 0.530653775
    0.943991423 0.702986956 0.202527434 0.0603380501 0.984419465
    0.359497517 0.666921854 0.228273988 0.686773181 0.0588075519
    0.941543579 0.606682599 0.0340367556 0.135044217 0.019050926
    0.29000172 0.620728135 0.760337353 0.408453137 0.549454093
    0.928558111 0.526757061 0.831638932 0.747646332 0.288364947
    0.909852862 0.966595232 0.781203151 0.568749785 0.437702388
    0.441400319 0.307137847 0.651340008 0.9285267 0.654551387
    0.142879069 0.218986928 0.994225502 0.680330455 0.328178287
    0.0706934929 0.635266185 0.530503571 0.881847262 0.461853832
    0.943757772 0.906343222 0.246318847 0.22181502 0.331832647
    0.804685235 0.311261386 0.595741987 0.211778283 0.962960601
    0.88823247 0.477709413 0.996961892 0.380359352 0.526789248
    0.91387105 0.997393787 0.344577432 0.459324241 0.220743626
    0.0820510387 0.617755055 0.356750309 0.983151853 0.468056828
    0.74039036 0.445080578 0.299734771 0.982287943 0.321556926
    0.726521373 0.596416354 0.593758941 0.58289665 0.0829044878
    0.756226659 0.712230325 0.71238637 0.781063974 0.197597235
    0.493277967 0.122051388 0.880558491 0.0799828768 0.436513871
    0.21026966 0.893238902 0.953534007 0.0538991988 0.484366804
    0.683778763 0.523867011 0.971610069 0.707960606 0.623707712
    0.687621534 0.784110904 0.707166314 0.101037681 0.0393153727
    0.0277110934 0.223926127 0.188216329 0.824437618 0.0362862647
    0.839835942 0.497708261 0.0605448782 0.550742388 0.295309156
    0.387733072 0.361580014 0.0357506871 0.113280267 0.612615347
    0.377847433 0.943648577 0.847853541 0.164250076 0.35766238
    0.547989964 0.255339026 0.59048456 0.767164826 0.445395529
    0.399130166 0.998814225 0.729349017 0.235743761 0.24896124
    0.912361979 0.558610976 0.894236684 0.0234417021 0.361511528
    0.818987966 0.929214358 0.499521881 0.509382486 0.0086132288
    0.0644206107 0.826303005 0.876422524 0.24165833 0.47530359
    0.0767355263 0.84940356 0.438809454 0.695910335 0.0829098225
    0.32862252 0.803667963 0.311056316 0.224009067 0.127090484
    0.335665286 0.687213421 0.700681686 0.255418092 0.0647409856
    0.185257256 0.321527839 0.789960623 0.799416065 0.369630873
    0.0790277719 0.954351544 0.0533383787 0.860881329 0.560617685
    0.987654567 0.761590242 0.691198468 0.30150032 0.343287349
    0.590998232 0.592252672 0.228740185 0.0136778951 0.608562052
    0.128869951 0.588105083 0.434637427 0.483664244 0.0783412755
    0.0943728089 0.827606976 0.361629188 0.825913787 0.999370337
    0.361447513 0.139789224 0.249401838 0.78144455 0.612822413
    0.722241223 0.459093183 0.202564746 0.311067104 0.548456192
    0.309310824 0.929664254 0.317233086 0.0707889497 0.893464148
    0.368701667 0.707313061 0.75520891 0.920513868 0.747400224
    0.623305976 0.811168432 0.399706155 0.783276558 0.236999154
    0.204303414 0.732561707 0.642843008 0.918925047 0.421896935
    0.456263751 0.284600884 0.431575239 0.45393151 0.459776282
    0.830406666 0.63572216 0.0521931648 0.31501472 0.615329325
    0.952093899 0.370535254 0.106283098 0.937649369 0.93202126
    0.639281392 0.0885897577 0.994260311 0.19080776 0.661607206
    0.402174413 0.052077353 0.142836332 0.433771789 0.448349357
    0.937969327 0.553926289 0.0366811752 0.507511079 0.5369488
    0.542578101 0.555577636 0.335535884 0.398925781 0.58364296
    0.641613066 0.77914989 0.0369580388 0.124862939 0.176290721
    0.298151761 0.915787816 0.0448702574 0.882092237 0.73685056
    0.504802883 0.674614608 0.224245787 0.632118464 0.327364206
    0.299218327 0.0399973094 0.312573969 0.608772278 0.965028286
    0.0515384972 0.912453055 0.467963994 0.603806436 0.827125788
    0.456887066 0.218471467 0.922132134 0.219894677 0.225753665
    0.25168103 0.0883332789 0.961580813 0.503583014 0.677172244
    0.225373864 0.380893499 0.205946624 0.212538362 0.256145269
    0.523381174 0.812036276 0.495019376 0.77552557 0.781629562
    0.178028107 0.82375896 0.707416952 0.286081493 0.880990028
    0.260390729 0.421363533 0.910648942 0.622301817 0.536990106
    0.303364128 0.739139557 0.474853545 0.261452556 0.108662546
    0.802167177 0.951135278 0.0767784715 0.166449219 0.1802001
    0.649347067 0.245838702 0.0596892536 0.148522615 0.0451057255
    0.391661286 0.614428997 0.077875793 0.278317094 0.768001318
    0.336943597 0.445487857 0.310718089 0.419003874 0.922126591
    0.65963769 0.679475367 0.498148948 0.785005212 0.066858083
    0.56129688 0.708552241 0.0152831972 0.361484557 0.0739929378
    0.54030925 0.721444249 0.874085069 0.970770001 0.793047309
    0.985280871 0.909227669 0.817412257 0.682606816 0.406363755
    0.262704253 0.746536255 0.0718955398 0.734573603 0.325890183
    0.489147633 0.882284582 0.127666354 0.813707173 0.614312887
    0.876782596 0.422008634 0.305305064 0.090000093 0.738030314
    0.73587811 0.84149462 0.46521166 0.820576549 0.829264045 0.21936956
    0.313322544 0.665462255 0.713958204 0.689000547 0.0684527457
    0.832234383 0.905112028 0.367729217 0.98301965 0.200039953
    0.579595804 0.436944544 0.886234939 0.283216 0.355464041 0.101979226
    0.415406376 0.819461465 0.951321363 0.666018486 0.0131315291
    0.969335318 0.260047734 0.45160836 0.187372178 0.703953028
    0.562603056 0.857058048 0.0698444843 0.537540555 0.614817977
    0.751561105 0.163960367 0.657881081 0.35435161 0.744254291
    0.968699336 0.4433254 0.419490278 0.266983211 0.0102799535
    0.243637174 0.903612494 0.249057531 0.443361759 0.458510518
    0.0747718513 0.0945002735 0.814561784 0.740152538 0.807662368
    0.0504511893 0.526768625 0.833790243 0.917094767 0.52450043
    0.88884449 0.428033292 0.333420485 0.954687953 0.357161641
    0.669695139 0.579898477 0.893945575 0.466881156 0.193689525
    0.505848765 0.111834317 0.299140006 0.295704156 0.112041205
    0.199085981 0.334320545 0.0555267334 0.588095486 0.192280769
    0.542586148 0.316910326 0.821021199 0.156954646 0.953386068
    0.726491451 0.513067901 0.221811801 0.341634631 0.621728897
    0.639539719 0.0853070915 0.518399835 0.55787003 0.714563727
    0.125984609 0.538846374 0.711660743 0.688688993 0.832395375
    0.955136418 0.761561632 0.905472279 0.91512835 0.345101178
    0.236469507 0.623569131 0.733230233 0.977404475 0.916614234
    0.0156151652 0.115248024 0.170849502 0.892387092 0.365124702
    0.0743135214 0.802624941 0.0131660104 0.977216601 0.645035386
    0.0755083859 0.353234828 0.808605611 0.686722279 0.499366909
    0.684354067 0.272135794 0.149987042 0.993314505 0.616132736
    0.167372346 0.483798981 0.410400212 0.701203525 0.829031944
    0.350493252 0.0660158694 0.846500516 0.282111526 0.287090421
    0.952374935 0.598496735 0.209833711 0.128159463 0.387529016
    0.917566776 0.478464812 0.591368973 0.0362021923 0.731081843
    0.8266083 0.295279771 0.646562219 0.153884143 0.93252492
    0.0530377924 0.0763550997 0.435007155 0.216130763 0.298472643
    0.876526833 0.36894232 0.942365468 0.0690671504 0.632180214
    0.303956956 0.692137301 0.522157431 0.388726771 0.498804986
    0.765785694 0.819211125 0.44308421 0.0395411551 0.710970402
    0.0857351124 0.21430254 0.174653858 0.717867672 0.710962951
    0.154957086 0.101688534 0.135408223 0.480727524 0.534420848
    0.18696472 0.124422759 0.698514104 0.635906756 0.420424998
    0.818771124 0.107960701 0.518915534 0.766488671 0.605823219
    0.473257363 0.606961608 0.348236501 0.361213207 0.84014082
    0.794050813 0.233657688 0.447394162 0.1145913 0.781531572
    0.0802002549 0.658625305 0.444108576 0.858705401 0.388134807
    0.977366567 0.198730469 0.119637728 0.258456349 0.671236396
    0.113962859 0.467818528 0.0933314562 0.209413171 0.239497632
    0.0246672034 0.27472803 0.91349268 0.712374687 0.290905058
    0.779272437 0.738391101 0.58176446 0.635049462 0.94374913
    0.0181564391 0.386285126 0.118229091 0.611137033 0.77147162
    0.622505128 0.0720797479 0.44243443 0.0777756572 0.589429736
    0.152515799 0.36831978 0.584452331 0.870720088 0.723520935
    0.698291779 0.564165175 0.657226682 0.470546007 0.688281178
    0.426173866 0.0973365307 0.978720546 0.0266250372 0.193687797
    0.232827187 0.0148332417 0.821792424 0.349466056 0.0476561189
    0.625290632 0.208542436 0.102056265 0.695361197 0.635038078
    0.15837279 0.793061316 0.902798951 0.676570177 0.00630784035
    0.99626708 0.774507165 0.019685626 0.561864913 0.00435730815
    0.441151619 0.0593579412 0.815072536 0.0433601439 0.738217115
    0.35283941 0.384322643 0.503507912 0.561100304 0.437948853
    0.977021754 0.305880785 0.971361101 0.556131184 0.412740171
    0.305669099 0.780581594 0.115230769 0.322529078 0.322719276
    0.874785066 0.878129959 0.0594017208 0.0427644253 0.590140939
    0.693770647 0.649356723 0.133081377 0.0104773939 0.0616426766
    0.678512573 0.750256419 0.250543475 0.540698111 0.752640128
    0.6335302 0.81695497 0.695770264 0.883432746 0.519871652 0.50182128
    0.518980563 0.0438456237 0.346290648 0.353346229 0.752685547
    0.887912869 0.400654823 0.858133912 0.699918509 0.966044664
    0.0299337506 0.798307896 0.983399034 0.831829548 0.728313684
    0.572569072 0.106594592 0.753724694 0.665490985 0.0297042429
    0.740540028 0.301830649 0.802893102 0.419847816 0.54027319
    0.862144828 0.335581243 0.820092797 0.838158071 0.511759937
    0.132320851 0.955825806 0.572219789 0.607048869 0.997102499
    0.301065803 0.391083986 0.653119683 0.544100702 0.49549669
    0.184191048 0.915382862 0.401389092 0.858472943 0.197473615
    0.58140105 0.250386357 0.418388009 0.242378831 0.956835926
    0.116858602 0.587075353 0.677795351 0.525056124 0.323492706
    0.904375076 0.698571563 0.0288721621 0.629914701 0.895070612
    0.149299681 0.700104356 0.249727041 0.10473752 0.997096539
    0.328685701 0.875550389 0.591933608 0.77179569 0.439075768
    0.251416534 0.517875254 0.820187151 0.946649492 0.049017489
    0.441251278 0.583361626 0.261097372 0.67265445 0.796093345
    0.272104591 0.394212574 0.524830163 0.253600597 0.798448324
    0.129626781 0.615835607 0.110599369 0.702461302 0.949876428
    0.506648004 0.161809862 0.109757513 0.51426959 0.526243746
    0.721481264 0.350584328 0.604938388 0.127955794 0.18702063
    0.893544316 0.205929428 0.273628414 0.726424038 0.814681888
    0.371802062 0.717058003 0.255251646 0.765552342 0.452520907
    0.176489949 0.296052307 0.0726837814 0.749606609 0.117630988
    0.309521914 0.586570084 0.428794473 0.957053363 0.70995611
    0.0840699971 0.394197136 0.788844466 0.84854871 0.584584832
    0.462089479 0.380702138 0.34700036 0.913001716 0.775159597
    0.376986682 0.104175657 0.313883364 0.420965135 0.939977229
    0.871750772 0.654690146 0.113164812 0.691504776 0.66506505
    0.191271842 0.922770083 0.310139418 0.340793729 0.769731998
    0.549158692 0.151355416 0.984734178 0.104140073 0.477405936
    0.403179139 0.0202426314 0.766694784 0.766855001 0.95799619
    0.472105026 0.547417045 0.450618148 0.490596652 0.796773851
    0.819094062 0.453532517 0.913674593 0.637354612 0.325105429
    0.610252798 0.418631554 0.365804851 0.187255323 0.370904982
    0.955383122 0.996916175 0.81076324 0.33012718 0.200659722
    0.120289475 0.999657631 0.132460535 0.962396264 0.908117056
    0.410141498 0.56367749 0.142194152 0.44728902 0.340917766
    0.381978124 0.742630661 0.508756042 0.91750133 0.997645259
    0.839364648 0.439129531 0.536155462 0.401929259 0.0466741323
    0.019618392 0.465486854 0.852324247 0.071464479 0.94472754
    0.419961959 0.145486265 0.269014716 0.411729068 0.659272611
    0.030746758 0.135392159 0.742961287 0.459836096 0.370287776
    0.8160429 0.955372214 0.204374492 0.636869073 0.830930769
    0.908406854 0.72005403 0.0618542731 0.181866527 0.72416997
    0.808434546 0.784900784 0.444051147 0.351202965 0.196902782
    0.595034957 0.979155719 0.633164108 0.0954948664 0.378370106
    0.0528619587 0.740937948 0.242189348 0.0122995377 0.121490568
    0.244109094 0.334930062 0.045001328 0.529599905 0.552262068
    0.804837048 0.898312271 0.28873384 0.514042437 0.38410899
    0.788720846 0.549664259 0.775712132 0.992916822 0.203242719
    0.695269585 0.827209651 0.137079537 0.270459235 0.471989751
    0.437323034 0.980570793 0.958574772 0.571760476 0.713252306
    0.304706067 0.458657324 0.397670388 0.79865253 0.689753771
    0.0759776235 0.213121086 0.144227356 0.769344211 0.96011734
    0.751523137 0.679584324 0.604141951 0.921155572 0.801166236
    0.620649815 0.509420514 0.431152254 0.9975425 0.80228126 0.607203662
    0.0685973465 0.410276175 0.394030809 0.34521085 0.0813598037
    0.444689393 0.177030146 0.210467309 0.246106744 0.507309139
    0.612144709 0.548664391 0.96927464 0.16707468 0.832136035
    0.392655462 0.151241511 0.146408111 0.376658022 0.687209249
    0.590450048 0.579083383 0.15496999 0.610560596 0.188521504
    0.268565536 0.924391687 0.42163828 0.0693269074 0.370025754
    0.602534652 0.218925536 0.346948475 0.457595617 0.764529884
    0.202197164 0.140899807 0.472707093 0.600180507 0.700106382
    0.65128088 0.0455230176 0.299661517 0.226425439 0.445995986
    0.790949583 0.242279112 0.560199499 0.0385931134 0.908478975
    0.761024356 0.976006389 0.846263885 0.961517572 0.527688742
    0.571170509 0.354052693 0.921932101 0.875631809 0.637861013
    0.72602421 0.323284209 0.490557432 0.113957345 0.268688321
    0.342942774 0.461037576 0.352033556 0.587910533 0.493373632
    0.662917554 0.043153882 0.056512326 0.42758581 0.389747858
    0.279186547 0.0973856747 0.381491005 0.378846526 0.195765197
    0.561579883 0.640960515 0.611852765 0.789348602 0.668481767
    0.0188410282 0.0777086616 0.779165745 0.0145978928 0.0757180452
    0.51199609 0.0404520631 0.620329738 0.0731768608 0.556507707
    0.0533317029 0.8651281 0.405768603 0.135061771 0.845614195
    0.644248605 0.105424672 0.894858956 0.454019934 0.0479653478
    0.816718102 0.54215008 0.593915939 0.0232468247 0.31320104
    0.399444401 0.245340198 0.0943509936 0.307568967 0.818897128
    0.407141447 0.898864388 0.771378875 0.692096651 0.291202247
    0.467380255 0.807584047 0.856304884 0.243954062 0.269237518
    0.416636378 0.103494525 0.423958093 0.756411791 0.803156316
    0.708152652 0.575331271 0.234328121 0.267678201 0.661032498
    0.615391314 0.0423995852 0.874409914 0.883824646 0.422541171
    0.840864182 0.849960029 0.000791192055 0.518068135 0.373915732
    0.872266293 0.277061522 0.922755659 0.440643042 0.108489037
    0.347285211 0.315890968 0.606978536 0.328406572 0.875012636
    0.151896626 0.585431576 0.681967616 0.381894052 0.100428581
    0.995169997 0.325635791 0.237737626 0.857929349 0.614284039
    0.0519183576 0.923508883 0.298459291 0.520926774 0.673612118
    0.650824308 0.668618202 0.620660722 0.327866018 0.872982025
    0.68615526 0.216881901 0.435839772 0.931523502 0.437885314
    0.783677697 0.812201023 0.607409835 0.936803162 0.713354588
    0.850976288 0.0586270392 0.743941665 0.567252159 0.775025845
    0.722330391 0.246729255 0.323048949 0.545943022 0.549402356
    0.866225123 0.665214062 0.981443763 0.0904306769 0.153202623
    0.944272876 0.379541457 0.323539168 0.0728303492 0.122065365
    0.112248689 0.397834599 0.189788997 0.444455981 0.661128342
    0.0843440592 0.38090837 0.753774822 0.408200979 0.715834558
    0.283455729 0.117963344 0.655528367 0.968322158 0.450491369
    0.181091249 0.896251678 0.00580453873 0.282883435 0.626393318
    0.947491527 0.410384446 0.172812432 0.399519175 0.0634115636
    0.652313054 0.50680387 0.0278011262 0.230985075 0.468405515
    0.712032914 0.577612936 0.00843405724 0.890622139 0.346023947
    0.842767596 0.398405313 0.411573172 0.6288656 0.381816834
    0.275365323 0.076084137 0.615134537 0.00361475348 0.162582517
    0.962408185 0.826388359 0.286577523 0.352907538 0.991122484
    0.227118969 0.729757249 0.09223634 0.884265661 0.387699366
    0.790961742 0.448888183 0.905781746 0.785235047 0.894453287
    0.519499838 0.318793952 0.309950292 0.712209404 0.733674943
    0.17146787 0.814898014 0.165401936 0.807151318 0.945406556
    0.24549228 0.508314431 0.988117576 0.774472952 0.858920932
    0.678648472 0.0640493631 0.481831223 0.972037315 0.045353353
    0.0158157051 0.489361793 0.620587587 0.73708868 0.677990854
    0.0873607993 0.393122911 0.332200706 0.900520921 0.40914017
    0.039149195 0.702345431 0.175145745 0.489213288 0.23071298
    0.658404231 0.770337582 0.952241182 0.445572734 0.525801718
    0.267025203 0.732767463 0.0423323214 0.746388316 0.517321885
    0.690417051 0.181512713 0.701365173 0.0491749346 0.52445811
    0.218734562 0.641428947 0.240440786 0.237082213 0.563344777
    0.631474912 0.870362759 0.404958874 0.517520905 0.991177917
    0.98846966 0.660881042 0.0862314999 0.0388592482 0.974755168
    0.366627455 0.499384731 0.13395673 0.616206944 0.512040615
    0.011343509 0.0134958029 0.206839472 0.308431208 0.445637643
    0.0897221565 0.596319616 0.081097424 0.581054509 0.655112982
    0.583163977 0.195096195 0.309126854 0.171912342 0.824389815
    0.501190901 0.628011763 0.647375941 0.685350597 0.211936861
    0.65078634 0.225350797 0.167455554 0.155727923 0.756815553
    0.214769512 0.777367949 0.159731656 0.951566458 0.0238027573
    0.31447047 0.616004229 0.159974545 0.785326421 0.236840308
    0.551703751 0.573293328 0.0657979548 0.393502474 0.180178732
    0.49682042 0.342221618 0.877489328 0.765974998 0.127561957
    0.717993617 0.737466455 0.118998557 0.496839195 0.792598128
    0.000639557838 0.463893205 0.3776775 0.453712553 0.0722620487
    0.12363264 0.245005071 0.363805771 0.171967447 0.759256959
    0.640731812 0.624828577 0.835820794 0.98887074 0.643378079
    0.217410237 0.982413471 0.487140208 0.0988281965 0.508875489
    0.432981551 0.967817545 0.652989507 0.208317101 0.180140734
    0.347278059 0.583264172 0.821710587 0.847548604 0.928925991
    0.399740398 0.690943599 0.528222859 0.549798369 0.210317582
    0.714092016 0.879861236 0.021122396 0.757111073 0.284367681
    0.908316374 0.837172031 0.349896789 0.532607615 0.882067621
    0.494724929 0.0685796142 0.851373553 0.445928484 0.743421674
    0.687689781 0.195238531 0.781327069 0.595483541 0.085429877
    0.998153508 0.453556895 0.538771689 0.235200316 0.433692098
    0.916039109 0.259872377 0.853931606 0.458490372 0.661966562
    0.927001595 0.0734522641 0.459732533 0.99328506 0.898465931
    0.130188584 0.300785601 0.3757765 0.519203365 0.588776886 0.26188916
    0.832661271 0.500023901 0.958093524 0.853756309 0.568639755
    0.395001203 0.8131271 0.605980456 0.397556275 0.659544289
    0.782135725 0.359531254 0.129982084 0.344442427 0.397919834
    0.88506484 0.905958652 0.396560073 0.664734006 0.105627894
    0.759794831 0.450144053 0.821347356 0.0297824144 0.53273797
    0.385200441 0.673774123 0.903182507 0.018648088 0.322834015
    0.64562887 0.0246193707 0.571898818 0.105697751 0.800889969
    0.457420319 0.117647022 0.388321757 0.0540904403 0.224722892
    0.166033894 0.467169851 0.368798316 0.0599294007 0.475826681
    0.216139257 0.532251 0.238328397 0.163291395 0.863024831 0.667630196
    0.317875683 0.576269686 0.812675118 0.25119549 0.546963394
    0.136956543 0.368679881 0.200218678 0.277940512 0.124118984
    0.837074161 0.0510397851 0.0190597773 0.734280705 0.572797835
    0.510421515 0.391341597 0.519606769 0.882813215 0.0189088285
    0.876968682 0.0200890899 0.940166295 0.159847826 0.811977267
    0.796923995 0.850323439 0.366737187 0.824451923 0.936752975
    0.623474896 0.919240713 0.565598726 0.319350272 0.191904575
    0.431719154 0.935023665 0.295383871 0.557161391 0.510879099
    0.962951779 0.170015007 0.69646436 0.491444618 0.0434716344
    0.357499212 0.974999785 0.666038156 0.502133727 0.00163313746
    0.300765455 0.531688392 0.904571116 0.971036077 0.193748146
    0.576789796 0.900232792 0.933892071 0.0918937922 0.277507067
    0.253395915 0.558377504 0.170587063 0.632238805 0.221375555
    0.871720195 0.452645183 0.718161821 0.546982586 0.109272659
    0.895927072 0.389334559 0.777940691 0.414384127 0.289374232
    0.340804785 0.800780177 0.95911783 0.845075607 0.209345967
    0.217836648 0.412645549 0.965300798 0.701948047 0.988113582
    0.94340837 0.346691847 0.0982929468 0.000547528267 0.487210095
    0.947375536 0.106380343 0.888482749 0.884744167 0.0845833421
    0.790253699 0.768049121 0.28541857 0.746245146 0.518054307
    0.772238612 0.924925327 0.444107831 0.0804411769 0.000614583492
    0.419830024 0.701461375 0.185900211 0.700986922 0.0248594284
    0.459569722 0.0970554948 0.189628273 0.213448912 0.050799638
    0.238537878 0.782942176 0.0464662611 0.989908338 0.938909054
    0.489878088 0.815702081 0.754676104 0.441230029 0.965529859
    0.667224705 0.325420976 0.519806981 0.947261512 0.194473386
    0.467522055 0.250523627 0.816075444 0.0638326406 0.504468441
    0.467582256 0.936310649 0.768004298 0.171559304 0.826955557
    0.0583073199 0.688073158 0.218865573 0.732309163 0.315799356
    0.774903417 0.0742458999 0.384344339 0.969218016 0.0279465318
    0.0138711035 0.026014626 0.383516401 0.807259321 0.671043277
    0.737831295 0.180278778 0.163780391 0.00712937117 0.784680605
    0.953701138 0.896503627 0.957250476 0.75286597 0.304869026
    0.508946598 0.930652201 0.806067705 0.68343997 0.233879507
    0.559752166 0.938209236 0.24433282 0.117812544 0.114456743
    0.343641162 0.529147923 0.707641721 0.415891528 0.697892129
    0.314812392 0.502151251 0.271199822 0.286760032 0.102737039
    0.488503277 0.719087243 0.471164703 0.159694493 0.210370451
    0.445931286 0.0923740864 0.731927454 0.350573957 0.500853539
    0.0562109947 0.193363488 0.892150164 0.702974498 0.800501406
    0.19865641 0.481322646 0.928001761 0.769508719 0.955110312
    0.672895491 0.0567858219 0.504751623 0.0701984465 0.264216006
    0.0585751235 0.572925806 0.341909438 0.45405826 0.147048712
    0.682879448 0.274472237 0.078194797 0.463544786 0.20052129
    0.428059578 0.678702772 0.00104472041 0.417253792 0.629850388
    0.105264664 0.579041421 0.975569248 0.981907189 0.822159529
    0.131487787 0.999024451 0.89432627 0.385463655 0.689537644
    0.490957797 0.600058854 0.995346308 0.648917079 0.601426721
    0.522399843 0.0336084366 0.067522645 0.0203679204 0.392034352
    0.952908158 0.46945852 0.270319104 0.704642892 0.877158403
    0.808993161 0.365867943 0.233028919 0.503635228 0.903583944
    0.989251733 0.274894714 0.338723779 0.820776939 0.160513312
    0.387347341 0.278618932 0.242477775 0.665182173 0.302272439
    0.765179157 0.482347846 0.313069344 0.64100647 0.608743131
    0.658928394 0.239878207 0.720438898 0.623463929 0.664970875
    0.882501245 0.588486493 0.465822667 0.563094437 0.123074472
    0.994653106 0.633472443 0.035585463 0.529444695 0.780467272
    0.395621896 0.423907876 0.857803464 0.0644397438 0.859094262
    0.0596484542 0.227324933 0.123959124 0.560726047 0.205561697
    0.26253736 0.467885882 0.364129186 0.529919505 0.341196746
    0.467331022 0.608243346 0.354489475 0.861316204 0.832724094
    0.846289039 0.0117133558 0.66720736 0.194026083 0.833168387
    0.3641029 0.72130084 0.875485599 0.0966027081 0.389278471
    0.614208281 0.403015852 0.960896373 0.776896119 0.482297242
    0.138098091 0.0116570294 0.476958394 0.928678155 0.253321946
    0.9692927 0.695672512 0.898447216 0.549874663 0.896695733
    0.744533777 0.362892091 0.211358935 0.713090479 0.339667082
    0.112439066 0.246461242 0.770240605 0.665871143 0.817955792
    0.628851354 0.841904163 0.835509598 0.393278718 0.660468578
    0.386194497 0.409820974 0.410440743 0.817142546 0.361825705
    0.503118277 0.702022791 0.00827541947 0.980364323 0.840920568
    0.112384707 0.735109508 0.582739651 0.605870247 0.833748698
    0.080028832 0.233317107 0.970500946 0.50847429 0.0112881958
    0.173398912 0.352523863 0.0179212987 0.829675555 0.658770263
    0.558144927 0.955533445 0.759341836 0.504180729 0.738874733
    0.169719189 0.375467032 0.0377655625 0.619264841 0.325956464
    0.442843616 0.619253039 0.238074601 0.24987641 0.518805861
    0.100325137 0.318000704 0.409179151 0.498765588 0.148351043
    0.590579987 0.17382291 0.644540548 0.62145251 0.366421252
    0.052593112 0.360725105 0.34368065 0.622548401 0.905644894
    0.603380144 0.0483916104 0.919114709 0.542084932 0.725869477
    0.327452958 0.255621672 0.458142191 0.423484504 0.149405211
    0.687957406 0.27466023 0.541986227 0.644483447 0.52997905 0.54445976
    0.8252666 0.649655402 0.824712634 0.388643116 0.822382569
    0.367185771 0.575160384 0.531717062 0.23702684 0.336929977
    0.231726825 0.843908668 0.802438617 0.50406909 0.836871624
    0.355962098 0.655580819 0.425930202 0.611591101 0.171737254
    0.173118412 0.885467052 0.887666523 0.573102057 0.680511236
    0.0537448525 0.804957509 0.248487294 0.572216451 0.870216608
    0.585514903 0.955572307 0.525813162 0.238497168 0.311075777
    0.186531752 0.579247773 0.0817392766 0.989426196 0.463275254
    0.384218246 0.326181024 0.0652892888 0.275456786 0.476700187
    0.0140177608 0.784046412 0.7167539 0.979462743 0.136098444
    0.750845909 0.657466054 0.395175517 0.384048402 0.920436323
    0.347606003 0.0792429447 0.122035742 0.1193645 0.132636487
    0.675227404 0.371546865 0.280802846 0.171623766 0.473057389
    0.561430037 0.340122193 0.947434604 0.0354367197 0.814574957
    0.219874859 0.15819934 0.131896198 0.125427932 0.982049584
    0.709059358 0.0470142663 0.91379714 0.560551822 0.0740902722
    0.407372177 0.170243829 0.442632645 0.310736924 0.598838806
    0.716997385 0.422239333 0.0807532668 0.588421643 0.566695809
    0.930364013 0.54398185 0.432383418 0.860730529 0.820062637
    0.883605242 0.843775153 0.619758844 0.472836107 0.400499582
    0.44736132 0.239052862 0.324324161 0.0756973028 0.767613769
    0.455232054 0.0987021029 0.457648158 0.785575271 0.521166921
    0.897131681 0.372985482 0.0508406162 0.0449487269 0.862526357
    0.653513789 0.741343617 0.240038007 0.932100594 0.105721325
    0.0469973981 0.891127408 0.725061774 0.856889367 0.596845448
    0.441645622 0.904326797 0.557955325 0.379891932 0.170284957
    0.475390792 0.557752609 0.0424877703 0.0901663601 0.995528221
    0.848161399 0.635959983 0.256823242 0.46674633 0.373632014
    0.709387898 0.556419253 0.0414743125 0.454642177 0.607275367
    0.172961831 0.726435006 0.277045369 0.0437882245 0.00187808275
    0.114359766 0.467450321 0.240824878 0.515646338 0.474131733
    0.761234522 0.944369435 0.0569193661 0.557881892 0.539110839
    0.480500817 0.644934118 0.670066833 0.926864505 0.803868115
    0.983929038 0.905977488 0.893024087 0.598996997 0.909756184
    0.59400326 0.333643645 0.51201874 0.500917435 0.95078975 0.752441168
    0.406030536 0.0336270928 0.181818783 0.122289538 0.248234838
    0.421649754 0.289581537 0.093295753 0.357805431 0.882517099
    0.846709013 0.0123581886 0.561634243 0.828601778 0.887384057
    0.391237199 0.962793231 0.937590241 0.709833503 0.895198286
    0.99097997 0.69722724 0.26505056 0.387753993 0.99865067 0.172498167
    0.927028894 0.124347657 0.342393458 0.75575763 0.927115142
    0.00594890118 0.738827348 0.778725863 0.909757972 0.738189578
    0.250408679 0.964709818 0.204266965 0.967900634 0.259413123
    0.775515437 0.03568694 0.670218647 0.799544334 0.644492447
    0.376727849 0.72395277 0.416727692 0.17740798 0.0836757421
    0.0960630178 0.804079711 0.357613176 0.224118263 0.784535527
    0.0393894315 0.0974187851 0.724464893 0.54280597 0.303589404
    0.477568388 0.322792709 0.649152875 0.628571332 0.00545507669
    0.255494833 0.938363671 0.891439855 0.0218636692 0.682873785
    0.44757396 0.905494094 0.321575969 0.0357205272 0.937788725
    0.126732081 0.238398105 0.315113485 0.229406178 0.602618694
    0.0265411437 0.112338096 0.257074803 0.491883993 0.230404586
    0.492333531 0.762995839 0.595250487 0.416092932 0.667372882
    0.216769367 0.879552305 0.0778501034 0.60435605 0.979615629
    0.253638089 0.0455543995 0.0660956204 0.96603626 0.863726735
    0.700396121 0.483636111 0.0122661591 0.877205729 0.766209483
    0.413196415 0.953680873 0.929960608 0.245293319 0.412586063
    0.0948171914 0.566234887 0.515199244 0.409313083 0.813417673
    0.906048536 0.174956083 0.9302122 0.541867793 0.955337167
    0.198707253 0.989251852 0.209708244 0.724590242 0.696046114
    0.796489954 0.796999335 0.589992404 0.668138146 0.870755792
    0.393928051 0.49816075 0.290958166 0.974923015 0.528223455
    0.0623044968 0.00874760747 0.673913002 0.579499841 0.343988121
    0.771137476 0.378850788 0.336597055 0.645598233 0.798627973
    0.369833887 0.23641026 0.193770111 0.530131757 0.653683126
    0.409146219 0.293080449 0.717352986 0.66406858 0.879647613
    0.944080889 0.182326794 0.098700881 0.845895886 0.461622953
    0.812394381 0.498674363 0.399593979 0.758908868 0.303372502
    0.925200343 0.860709786 0.0688583851 0.922259212 0.543305397
    0.114168525 0.460431546 0.486230373 0.784384966 0.149586618
    0.865905643 0.476277262 0.162461966 0.0333894491 0.532646537
    0.562012315 0.497758418 0.240226299 0.698283136 0.708261251
    0.521037459 0.811525106 0.816570282 0.831265986 0.885541081
    0.145439029 0.191399008 0.0784192681 0.862622023 0.635028243
    0.830478191 0.508335173 0.176158637 0.341467679 0.976718068
    0.90594542 0.281551242 0.100983441 0.8531636 0.34239012 0.0818174481
    0.76686734 0.247930229 0.629909873 0.476119667 0.659090757
    0.257427186 0.954155684 0.438324332 0.994244695 0.866090655
    0.406261981 0.778286636 0.500407636 0.471330166 0.997530937
    0.0750850141 0.928034008 0.544510663 0.546780765 0.455609381
    0.469593793 0.485288322 0.486960113 0.567197025 0.822340012
    0.630591154 0.795840144 0.3408463 0.870566845 0.0746172667
    0.451061964 0.850106597 0.0870574713 0.348275363 0.751736522
    0.938012123 0.143299222 0.557106495 0.89593488 0.985308647
    0.275121748 0.70180732 0.329833597 0.727386415 0.697633028
    0.341991127 0.0992919207 0.675528765 0.711106539 0.807579041
    0.895482302 0.191967428 0.633595705 0.574819028 0.728806674
    0.16916132 0.39154771 0.527785063 0.116467863 0.784682155
    0.526404798 0.889856696 0.653095186 0.380587965 0.729433894
    0.375121415 0.602875352 0.868967652 0.850549459 0.0477959514
    0.446692348 0.477397591 0.617756486 0.587120652 0.0714215934
    0.718814313 0.832002759 0.982158065 0.0675618649 0.530482054
    0.612831116 0.961646557 0.150090218 0.869793773 0.757390261
    0.30962038 0.279974699 0.91578418 0.830488861 0.463935822
    0.462209791 0.295925379 0.560836136 0.185221016 0.349628776
    0.301738977 0.573759854 0.0414559543 0.361209869 0.799239159
    0.186794609 0.595517039 0.811635137 0.970901132 0.946603119
    0.0733112395 0.492640942 0.299494147 0.414873362 0.259162664
    0.319310665 0.635796905 0.808268547 0.236497283 0.728502035
    0.422951221 0.574470222 0.115652144 0.90041399 0.301339269
    0.730863929 0.353431761 0.652722359 0.608155072 0.587713778
    0.671626568 0.830731034 0.518694639 0.631387353 0.155267149
    0.671212554 0.424150467 0.0280068815 0.823280096 0.819783747
    0.846738994 0.802321792 0.322211206 0.877115726 0.215555876
    0.639195561 0.928843319 0.830174387 0.810637891 0.883157015
    0.939477801 0.122459412 0.171910882 0.546102881 0.780184865
    0.927670836 0.423792273 0.475683749 0.175000161 0.617420316
    0.534001172 0.357578248 0.260052443 0.267087519 0.708783567
    0.592672944 0.569636405 0.468265831 0.354231626 0.646391749
    0.908765733 0.186236531 0.832006216 0.0960022807 0.524451673
    0.826971054 0.448700577 0.99707818 0.702063084 0.169058412
    0.391115248 0.72635752 0.751546979 0.467278361 0.459826827
    0.084237963 0.265830636 0.0803922117 0.903445482 0.237736166
    0.169555098 0.59575814 0.177980393 0.496306419 0.602521002
    0.428533077 0.949528158 0.664891064 0.897904038 0.668002605
    0.50932622 0.614600599 0.834027708 0.248472631 0.0819253027
    0.140939295 0.425318122 0.0338455439 0.795190096 0.872945905
    0.183569819 0.406662524 0.140934765 0.649030983 0.52335602
    0.314059258 0.236493766 0.641233623 0.794286847 0.707853973
    0.242871881 0.48704958 0.926610231 0.162578523 0.56874454
    0.985337496 0.3450692 0.858164489 0.698982298 0.680785537
    0.749390543 0.352630615 0.761748195 0.777662277 0.33786124
    0.822509885 0.0211205184 0.992120504 0.53172332 0.91443038
    0.555460274 0.888068259 0.445675015 0.746702552 0.884148598
    0.819712639 0.997564316 0.828768373 0.911083579 0.673913717
    0.728598118 0.744064569 0.538783848 0.876241922 0.0509057939
    0.379176199 0.197229952 0.117493153 0.249289781 0.503413916
    0.475271583 0.0954881012 0.335410535 0.514741659 0.32482481
    0.735553741 0.0997143686 0.19896543 0.964614213 0.934782445
    0.695613384 0.752323925 0.999149799 0.484154224 0.425776541
    0.392298132 0.336468428 0.811646104 0.820094347 0.0423668921
    0.74477905 0.397919893 0.821707606 0.406696379 0.15777418
    0.238352776 0.798708618 0.256985307 0.743341804 0.135769278
    0.33409363 0.541714489 0.480071306 0.315224409 0.193365961
    0.145713061 0.943914592 0.713327825 0.0453004539 0.712705314
    0.551025748 0.131910056 0.317443281 0.11004135 0.516440809
    0.642952085 0.822430015 0.289397955 0.798077941 0.883530259
    0.333405316 0.986583114 0.989398718 0.313956231 0.247661769
    0.101081252 0.531722784 0.941057205 0.396105349 0.659249485
    0.641373515 0.182349771 0.137079298 0.684322596 0.730487406
    0.149336338 0.304087549 0.363002598 0.87547636 0.00565582514
    0.699658394 0.134396493 0.244176328 0.795257449 0.231909096
    0.0720025897 0.175644517 0.353126824 0.879445851 0.108072013
    0.891182244 0.824453771 0.0342289209 0.261905879 0.112828761
    0.799008489 0.469114631 0.714973807 0.468564481 0.664941013
    0.985700309 0.0909671783 0.849630713 0.619558632 0.682584584
    0.131062299 0.456088632 0.964477658 0.379390627 0.0519781709
    0.713070333 0.524917006 0.327245116 0.841263056 0.459441692
    0.670543134 0.416836023 0.996895671 0.168975085 0.614121616
    0.779422402 0.813267231 0.584563971 0.216373235 0.0948469341
    0.384416133 0.230044752 0.810254574 0.1360282 0.935055375
    0.402714193 0.173576385 0.0673993528 0.923323512 0.262026668
    0.929495454 0.385891765 0.448471308 0.491967797 0.579538107
    0.857395887 0.449981511 0.0303607881 0.717226684 0.557359517
    0.0503710806 0.441737682 0.315078914 0.358794451 0.75886941
    0.86279273 0.0458261669 0.70449847 0.286668122 0.718059838
    0.553573608 0.773125708 0.822485924 0.0264708996 0.279496461
    0.439008623 0.575821638 0.896256566 0.325455964 0.692341924
    0.236407876 0.632595837 0.16573748 0.12818256 0.806500018
    0.424036562 0.742509127 0.200493634 0.871105254 0.587128341
    0.465443671 0.438813001 0.147589535 0.675149918 0.767461419
    0.00548839569 0.8316378 0.174275249 0.922771692 0.192306787
    0.188289732 0.899652719 0.654982269 0.866144001 0.137292147
    0.365050554 0.260941476 0.245845228 0.763503194 0.0928331614
    0.640425563 0.601905286 0.837934613 0.721658945 0.852085352
    0.52349472 0.112347752 0.91288501 0.798990428 0.344440699
    0.623862386 0.598119855 0.954628944 0.818707228 0.194799393
    0.55899328 0.0917232931 0.730803907 0.177359641 0.429199338
    0.35840553 0.880397081 0.669125199 0.0646432638 0.365548998
    0.81864059 0.102030694 0.367281348 0.457611948 0.930167854
    0.567586422 0.855370164 0.214212686 0.475466758 0.446092427
    0.566436172 0.408144742 0.314563245 0.384501457 0.0995925963
    0.364323765 0.0855149031 0.921912551 0.00311395526 0.11342752
    0.469396919 0.951539755 0.45629558 0.535399675 0.241178602
    0.415833205 0.44661665 0.315417051 0.813851357 0.99371779
    0.857922316 0.825153589 0.436715364 0.567118526 0.010987103
    0.45177716 0.465945899 0.838985085 0.021689564 0.34761858 0.17647633
    0.28281337 0.399816066 0.157307118 0.149912119 0.579951644
    0.920422137 0.456180841 0.168492496 0.174475878 0.991905212
    0.355569243 0.204313278 0.0065241158 0.429176539 0.271196425
    0.134798437 0.795041084 0.136783898 0.967218637 0.583811104
    0.960186839 0.791803002 0.730146527 0.777469158 0.0301651061
    0.482139528 0.616636693 0.444879055 0.664612412 0.672287822
    0.0810649097 0.00883665681 0.886469841 0.804382205 0.323607802
    0.0857811272 0.294535607 0.580166876 0.616440773 0.207504332
    0.8013767 0.76883924 0.70305717 0.864079118 0.737511277 0.616351247
    0.550944448 0.669361353 0.999641359 0.339290857 0.17665872
    0.91631937 0.429534674 0.220322639 0.0678736269 0.918439746
    0.198483258 0.363828361 0.303583026 0.777993083 0.700110376
    0.501418591 0.0233523846 0.550870895 0.518841267 0.563074231
    0.0869935453 0.603789568 0.958188534 0.545847356 0.0338860452
    0.491418988 0.263933301 0.927942753 0.678058863 0.939779997
    0.220185041 0.389894158 0.00615265965 0.170259237 0.755283356
    0.716888368 0.00261628628 0.446766496 0.576630831 0.02741009
    0.370173872 0.19066748 0.592012763 0.228540272 0.880835056
    0.131523401 0.180919409 0.316530734 0.295919627 0.40255475
    0.847117424 0.385099232 0.846225262 0.33215946 0.816236496
    0.718708634 0.247829676 0.845352352 0.38971439 0.92532289
    0.419934183 0.408976495 0.739391625 0.123296529 0.160999715
    0.201134354 0.391031206 0.66674608 0.376638949 0.351877064
    0.449511856 0.596717358 0.126564771 0.275527298 0.242151141
    0.240543693 0.551849246 0.402562559 0.621727943 0.0727251172
    0.840029478 0.505033135 0.0876173973 0.255630553 0.0574760139
    0.759307086 0.797770381 0.602060616 0.343243837 0.284248888
    0.456247211 0.925267816 0.511091948 0.00110197067 0.715227306
    0.715919971 0.701928914 0.566582799 0.127176255 0.000358372927
    0.984456658 0.408481956 0.516073823 0.426574916 0.51506418
    0.565758228 0.0647287369 0.542145431 0.160506576 0.803345978
    0.888832092 0.862155318 0.948563099 0.0790851116 0.288438261
    0.874875903 0.469404131 0.891724765 0.359770447 0.0573462844
    0.189678997 0.734018803 0.371691734 0.291762441 7.5250864e-05
    0.0823706388 0.820003211 0.628054976 0.898100257 0.870297492
    0.568358362 0.531900883 0.301059693 0.286580205 0.98504293
    0.70786339 0.128148228 0.830876052 0.142011851 0.861516714
    0.357807517 0.32326299 0.86365664 0.586812735 0.0864289999
    0.952515244 0.631399274 0.944194078 0.990677238 0.763436377
    0.248606861 0.953634024 0.605758071 0.719011664 0.744906306
    0.475358039 0.358203977 0.983411193 0.890190482 0.833483219
    0.640343964 0.560239375 0.346874446 0.71811527 0.066939801 0.7811445
    0.234080702 0.444393367 0.805037856 0.459365845 0.314497471
    0.292939633 0.719403446 0.34535104 0.0685910881 0.461995304
    0.60392195 0.407884955 0.6195786 0.65345037 0.144917399 0.838827968
    0.382410586 0.451417387 0.405012727 0.0659473836 0.338693798
    0.0695199966 0.0431552529 0.117436618 0.731095195 0.670387387
    0.59697032 0.353249967 0.810257792 0.142313719 0.744022191
    0.46620962 0.346389353 0.280600667 0.695809782 0.34171313
    0.238346726 0.449493527 0.531798184 0.0785808563 0.722321332
    0.662874579 0.192222744 0.8428756 0.428942561 0.230725229
    0.906738341 0.958482385 0.925781548 0.166554779 0.843663096
    0.214438915 0.371230185 0.368680835 0.724191546 0.317090094
    0.867224693 0.594190538 0.387667149 0.922784686 0.982107282
    0.252054274 0.476162285 0.300613523 0.513010144 0.306916714
    0.0451234579 0.419047952 0.586082816 0.697516084 0.552765608
    0.465216428 0.439836711 0.27813831 0.670835257 0.68972528
    0.291357875 0.207248837 0.764725089 0.990166068 0.493273765
    0.252104282 0.622903109 0.950601876 0.845842004 0.572632134
    0.246515781 0.651907086 0.977064848 0.679157376 0.0434451103
    0.537682116 0.497595191 0.00102254748 0.889653087 0.0208949745
    0.696747243 0.11795193 0.790699363 0.32443592 0.234011322 0.75971967
    0.132129937 0.329549491 0.60249567 0.886640549 0.459453255
    0.688676476 0.656022966 0.935114324 0.698093057 0.401800722
    0.547093987 0.269338727 0.236012936 0.289068699 0.641282856
    0.244504839 0.205830723 0.247026235 0.937225461 0.194166929
    0.00384792686 0.901133776 0.872808933 0.0418201685 0.186438918
    0.884722948 0.467075318 0.120649099 0.787556767 0.361888707
    0.980230331 0.688324869 0.507047772 0.410986602 0.509323597
    0.408180177 0.370819867 0.952451825 0.36264208 0.925466239
    0.154166996 0.302530408 0.903932452 0.570756853 0.00665897131
    0.171788096 0.944287598 0.128024668 0.655250251 0.473613352
    0.566400647 0.35013628 0.447614431 0.675654173 0.431685328
    0.522908628 0.698211432 0.173506618 0.501384616 0.348917842
    0.0268813372 0.283643931 0.808312356 0.795813739 0.887422442
    0.878941536 0.881495714 0.422310561 0.643012106 0.767858982
    0.0721499026 0.378493071 0.717470169 0.660057127 0.181326956
    0.0419981778 0.168489516 0.181943625 0.739202797 0.4899382
    0.90568924 0.330822706 0.775422454 0.900416732 0.422474504
    0.15506503 0.930366457 0.112251937 0.584612489 0.211499393
    0.105703562 0.170265257 0.859253347 0.0784860551 0.647452831
    0.443744749 0.79960072 0.451870054 0.334329605 0.513987184
    0.442942828 0.120416909 0.0083655417 0.429682881 0.131411552
    0.324689865 0.607830942 0.883321762 0.0590341389 0.67496413
    0.92986232 0.343320459 0.656045496 0.227180123 0.265157998
    0.0299166143 0.508259177 0.672557831 0.274443924 0.303745002
    0.0752897859 0.0824802518 0.782227397 0.771801233 0.525730669
    0.860210538 0.0727286339 0.739213049 0.700875223 0.3996315
    0.0356279016 0.568473816 0.181912929 0.642803133 0.736561298
    0.162670344 0.0029335916 0.337864876 0.811751485 0.652936876
    0.97088933 0.76358825 0.0972569883 0.452462822 0.842380941
    0.956430316 0.59481442 0.429232985 0.2011078 0.041636914
    0.00106519461 0.97358495 0.22147274 0.650081635 0.739849508
    0.370273292 0.617409825 0.932907343 0.437481821 0.714717388
    0.57577157 0.993079901 0.78965497 0.701414526 0.687431395
    0.760031462 0.767789245 0.608946383 0.508482695 0.149691522
    0.899242043 0.862934053 0.281602085 0.781118155 0.15827176
    0.395714045 0.918656349 0.253612846 0.48846367 0.544541419
    0.644425511 0.676061749 0.896708965 0.931393027 0.546419978
    0.441977054 0.633227706 0.0133482218 0.406216502 0.665384889
    0.567546129 0.703508794 0.711144745 0.0313484073 0.0559799969
    0.448525727 0.0819633603 0.732197404 0.620235622 0.680877268
    0.554706872 0.57075417 0.796327055 0.760485172 0.151186675
    0.917841733 0.150164038 0.882413745 0.235107332 0.715160012
    0.335598767 0.505037546 0.983798862 0.632299423 0.822208107
    0.926964402 0.635165274 0.317050457 0.484981954 0.437530577
    0.00224775076 0.626703322 0.0737712979 0.776269674 0.895491242
    0.30769372 0.377393305 0.204953611 0.592929065 0.221300185
    0.464576006 0.425357759 0.914135754 0.693717599 0.290956676
    0.457622707 0.609416485 0.551266074 0.133378148 0.920844793
    0.244855642 0.785570085 0.709281564 0.803996086 0.865322173
    0.274237156 0.791974425 0.302658021 0.70255214 0.30639416
    0.538088441 0.769155502 0.842009187 0.981641471 0.0810165405
    0.834305346 0.0426930785 0.384396374 0.0681411922 0.517675877
    0.405185759 0.683150291 0.336927027 0.62054199 0.472295403
    0.827513695 0.618008018 0.398303688 0.0877182186 0.00821968913
    0.419777304 0.248001695 0.113123029 0.546357512 0.946502447
    0.214573771 0.19133085 0.917665422 0.165943295 0.717678308
    0.517784059 0.194468647 0.66995132 0.65855962 0.580622375
    0.229829401 0.282645226 0.86709559 0.665712833 0.276426703
    0.604429424 0.973224282 0.0940054357 0.251074225 0.278782338
    0.586235404 0.221571058 0.548775494 0.0682913065 0.45188117
    0.865393758 0.880387068 0.171453238 0.505262375 0.544287145
    0.769602656 0.140885293 0.154411972 0.774828434 0.673628569
    0.565779328 0.418410927 0.783280969 0.182225198 0.0212367475
    0.200909495 0.348130375 0.412314445 0.16086936 0.725741029
    0.00301480293 0.455626667 0.806964695 0.586024046 0.272306681
    0.363367498 0.497892708 0.0227169096 0.00792947412 0.132225484
    0.602134764 0.445218503 0.335537195 0.589139581 0.578307271
    0.211901635 0.0314206481 0.24511525 0.457358688 0.312905312
    0.236186475 0.627519011 0.535664439 0.450841218 0.29086411
    0.997088075 0.864745975 0.16776967 0.289202958 0.0643657744
    0.513806403 0.77066493 0.805903375 0.76361382 0.702884555
    0.222995937 0.994390368 0.531275213 0.35992676 0.598261833
    0.461429209 0.912010074 0.425074697 0.83609736 0.285193503
    0.613618135 0.130042046 0.500401855 0.403746724 0.28746289
    0.201678455 0.321356475 0.788857222 0.951748133 0.305534214
    0.0640768409 0.173721254 0.964842796 0.806455195 0.823778391
    0.795105755 0.458959222 0.569081783 0.0985069275 0.694072247
    0.203150064 0.383759409 0.161649764 0.437790871 0.496405125
    0.707926571 0.991101563 0.143897235 0.739701092 0.855188012
    0.827480257 0.662299633 0.716332436 0.351518482 0.0656430125
    0.530001879 0.60520637 0.957159221 0.779527426 0.608231664
    0.974576533 0.753822207 0.894411862 0.283791363 0.129402548
    0.748012364 0.0296959281 0.128255725 0.850600839 0.645867944
    0.105217993 0.627033532 0.997987747 0.689504981 0.340852857
    0.911146283 0.920789063 0.0947510898 0.616554618 0.148134023
    0.0230384767 0.498890609 0.973906338 0.0634131134 0.980813861
    0.87546581 0.596982241 0.0132134855 0.631763339 0.738916755
    0.759416223 0.882498085 0.37197262 0.518414199 0.267724693
    0.191523939 0.32642135 0.646948636 0.0726319253 0.79468739
    0.0322287679 0.927896619 0.923583508 0.210561484 0.611193717
    0.694052935 0.355838895 0.808470488 0.849974751 0.641276896
    0.908800781 0.378652573 0.695715249 0.3113603 0.0560668409
    0.450878799 0.727406025 0.459411114 0.719815254 0.483373314
    0.644964993 0.418753028 0.0190547109 0.0464398861 0.562156975
    0.235405654 0.819539011 0.793040514 0.645953178 0.881572187
    0.271232605 0.505647361 0.3811059 0.452632606 0.361818135
    0.491168648 0.275679827 0.669728398 0.000905096531 0.788929939
    0.657826304 0.591792583 0.999860048 0.454146802 0.601584136
    0.654591024 0.267821074 0.305127412 0.588483095 0.883966446
    0.318618655 0.910080552 0.998985291 0.460074306 0.415403962
    0.502772629 0.135709971 0.431708097 0.737829983 0.412037224
    0.444881111 0.887448967 0.540481448 0.0253818631 0.865616858
    0.980982184 0.774012446 0.251044989 0.547190845 0.635971427
    0.895457625 0.214940459 0.165989101 0.654428899 0.421810329
    0.0670357645 0.1075252 0.119837075 0.556699693 0.0278512537
    0.151752949 0.849584579 0.366038382 0.146710068 0.465848476
    0.680757284 0.279026031 0.973752797 0.564236283 0.226222217
    0.037849009 0.482882202 0.0847941935 0.848219395 0.24580723
    0.485498548 0.63389951 0.596474528 0.620630801 0.987825572
    0.437357098 0.805326998 0.253126264 0.540617466 0.716678321
    0.540049613 0.169775367 0.97430253 0.637043595 0.105967522
    0.372724891 0.666545928 0.206242055 0.954199135 0.955946445
    0.736311674 0.0128756166 0.00614324212 0.653458238 0.0818323195
    0.785388947 0.0494200885 0.1565772 0.276985765 0.976401687
    0.253427893 0.407947063 0.736979425 0.187259734 0.267589927
    0.790635586 0.471663058 0.909775853 0.720579684 0.509681582
    0.279402226 0.505368233 0.733172536 0.516957819 0.365030289
    0.383523554 0.242948741 0.33734566 0.247150779 0.102891713
    0.832231045 0.318899274 0.189080626 0.584223866 0.322242081
    0.741294622 0.505307913 0.999195933 0.586698771 0.649761498
    0.331544757 0.648407996 0.407976747 0.761717916 0.747185171
    0.654355586 0.826977611 0.6537925 0.657103658 0.288161635
    0.0288651288 0.470792472 0.531806946 0.374697983 0.941028833
    0.653077841 0.529247046 0.445662737 0.513923407 0.554360747
    0.0822929442 0.208750188 0.601943791 0.495274305 0.457104355
    0.784171581 0.145130843 0.578408718 0.658565223 0.978030503
    0.954645157 0.899725258 0.279800087 0.858729005 0.126951188
    0.175891429 0.198828638 0.421025693 0.0922243595 0.663535476
    0.576840222 0.254221976 0.0694222152 0.339999735 0.584226429
    0.0873251557 0.720288515 0.46737656 0.568672776 0.104628414
    0.126726568 0.345312119 0.38052094 0.728645205 0.160331696
    0.542845726 0.66612196 0.854258895 0.148478895 0.470583886
    0.910621405 0.757722855 0.680759192 0.940998077 0.884215832
    0.459275812 0.596623719 0.51068908 0.153397948 0.724331677
    0.592999041 0.656778336 0.862537265 0.104282439 0.399309814
    0.708472252 0.179328471 0.625893533 0.770947397 0.64897722
    0.281138837 0.551904917 0.642397702 0.247759044 0.995406032
    0.715632498 0.383866251 0.247584462 0.237212628 0.0277780294
    0.416309744 0.750534534 0.681775212 0.0881305933 0.30644685
    0.825063407 0.515217304 0.0829593539 0.428603619 0.335431635
    0.365457237 0.64978528 0.0937490761 0.470991611 0.388676047
    0.343686074 0.667565167 0.64829874 0.784405828 0.000103712082
    0.213422418 0.139049828 0.233143389 0.868921041 0.105857134
    0.428862929 0.624942541 0.262374938 0.757357597 0.306955218
    0.205932349 0.414822817 0.349501193 0.344928741 0.247008473
    0.983671248 0.989309967 0.689906955 0.177658349 0.86948812
    0.82559824 0.302422911 0.422097832 0.500482202 0.245137423
    0.354373872 0.0357762873 0.965429306 0.925861359 0.11135298
    0.535922706 0.972702801 0.702109337 0.166411608 0.457012177
    0.756834924 0.704663277 0.541975737 0.365198731 0.684508562
    0.777346253 0.370581627 0.634056568 0.38237232 0.651848853
    0.167804658 0.853498518 0.332760036 0.445994973 0.170640022
    0.0666979253 0.621377349 0.0344638228 0.755019665 0.214456826
    0.234985918 0.574983478 0.970897675 0.993972063 0.442409009
    0.278719723 0.540292263 0.111629277 0.35747385 0.502147973
    0.723911166 0.83588928 0.00701808929 0.187579274 0.363633752
    0.800893486 0.402411878 0.948158741 0.733766556 0.209363848
    0.603367686 0.775171876 0.147257 0.0694620609 0.943226278
    0.0233559012 0.979665279 0.156480759 0.766204834 0.674322605
    0.310924172 0.00829234719 0.76950562 0.341211557 0.500705361
    0.414344788 0.0561664402 0.964196682 0.447990119 0.10691762
    0.981606543 0.970183134 0.342209399 0.0923067033 0.411772221
    0.177870393 0.788221776 0.913030624 0.591584802 0.279456437
    0.112615198 0.404503584 0.178973109 0.0188053846 0.171860427
    0.0606312752 0.199393988 0.480302155 0.594578564 0.375701129
    0.647054136 0.503676295 0.848334372 0.195142746 0.854229569
    0.475106895 0.273543596 0.763375282 0.030644834 0.226194292
    0.578055143 0.609400332 0.264945537 0.416980445 0.824294448
    0.363587052 0.633151352 0.815268159 0.873879433 0.884517193
    0.0722512305 0.451679498 0.975363851 0.462278247 0.378817022
    0.223787367 0.591524601 0.64919728 0.233733892 0.476200163
    0.725316644 0.122514188 0.240653902 0.227134883 0.174442142
    0.29670155 0.136739045 0.859073162 0.593388855 0.819754541
    0.932646871 0.938450158 0.970966578 0.09525159 0.318921 0.454551786
    0.869917154 0.0504893959 0.452667564 0.987645507 0.683168769
    0.0220134556 0.954452038 0.306606114 0.478267193 0.186443597
    0.139954895 0.692045152 0.68764317 0.792215109 0.769985795
    0.958416283 0.0491844714 0.0277938843 0.188412815 0.833065152
    0.0472736955 0.158621967 0.759616256 0.0404481888 0.523866117
    0.51389128 0.564127624 0.123888135 0.140560806 0.0230610967
    0.0626194179 0.132730156 0.367343724 0.849576831 0.781466842
    0.681287766 0.720856071 0.704886019 0.111008555 0.232846379
    0.267109245 0.51112026 0.282068133 0.462520897 0.7675668 0.749246657
    0.720399082 0.535593152 0.766759038 0.550149739 0.469253421
    0.718986988 0.350348651 0.541532815 0.462786525 0.165874541
    0.573397577 0.210319549 0.212771922 0.136384338 0.400994837
    0.985569596 0.350795031 0.355896473 0.965500414 0.630347729
    0.983853757 0.134438515 0.0826022625 0.536204576 0.565211952
    0.0299798846 0.600947618 0.279811442 0.769363642 0.900995135
    0.593139529 0.765439987 0.805224299 0.98087132 0.320290059
    0.734184921 0.722130895 0.925541759 0.72972995 0.546127677
    0.327448845 0.478433698 0.829226851 0.411036044 0.996082604
    0.467550904 0.324239075 0.660157681 0.32588172 0.106333882
    0.976246119 0.714511871 0.77624929 0.447596282 0.631917715
    0.124564648 0.764926314 0.761114657 0.623878241 0.0784119964
    0.315793186 0.272099555 0.913653553 0.451207012 0.299932361
    0.163420856 0.388306856 0.924691439 0.471251011 0.468439996
    0.669688344 0.887471259 0.0895253122 0.127007902 0.66271317
    0.707012355 0.208376825 0.39193368 0.38734895 0.370062083
    0.583222747 0.547041416 0.757530034 0.785708487 0.266293347
    0.162238389 0.396647066 0.324319512 0.52165544 0.641121268
    0.0635744929 0.0788351297 0.489161164 0.576493204 0.983924866
    0.324193388 0.733745694 0.912940741 0.490926236 0.135829747
    0.164764583 0.628539383 0.759575784 0.70680958 0.948207855
    0.870402455 0.70985955 0.912952065 0.960938454 0.323426306
    0.828236103 0.327377141 0.280240238 0.316623271 0.373647928
    0.857369304 0.916038036 0.391519874 0.256463677 0.675216973
    0.582042933 0.840435684 0.306308448 0.554621756 0.325476527
    0.149495274 0.693738461 0.965608299 0.818784058 0.00151497126
    0.00219076872 0.222334355 0.234237492 0.531532645 0.213678211
    0.311663508 0.429638743 0.405154616 0.831175864 0.0762569308
    0.687029719 0.359570354 0.225019455 0.692649484 0.238887131
    0.701563954 0.68567729 0.386635661 0.354300678 0.600619256
    0.420092463 0.578810632 0.736130953 0.606075168 0.100961566
    0.539099872 0.328025252 0.574053943 0.932881713 0.563913345
    0.33177489 0.569937408 0.680245399 0.79509604 0.804742396
    0.027954638 0.106696039 0.0119808316 0.257658005 0.511319816
    0.921886921 0.462699831 0.666500092 0.856326163 0.0741493702
    0.315644741 0.243736416 0.524567723 0.660752892 0.562920451
    0.0383979976 0.799552083 0.617466152 0.635368109 0.710144222
    0.243014485 0.703123093 0.296118736 0.11514467 0.854252815
    0.204394877 0.766136229 0.760423839 0.672181964 0.607248247
    0.362264276 0.782577038 0.341762304 0.505735159 0.227505684
    0.539728165 0.815407813 0.525373399 0.670152307 0.633515716
    0.480781257 0.870595574 0.92464447 0.489103705 0.128125131
    0.914746761 0.966719866 0.163203895 0.721206844 0.936429262
    0.263306409 0.446122557 0.920022964 0.752552569 0.333577454
    0.944049835 0.678217292 0.910373867 0.689933777 0.404887587
    0.99503684 0.380532146 0.11840415 0.578413725 0.644112408
    0.254004061 0.314860046 0.546015441 0.470340192 0.963883042
    0.617843211 0.448570073 0.815959454 0.084174633 0.924578369
    0.892331362 0.740806103 0.26387161 0.683986902 0.764226258
    0.334682405 0.601323009 0.175063878 0.488861471 0.803554237
    0.883417726 0.377350599 0.416853845 0.292892575 0.366157889
    0.205579579 0.899105787 0.31212914 0.352686822 0.648850322
    0.994445205 0.19704774 0.695567966 0.548317254 0.302344441
    0.456492186 0.539996386 0.563971281 0.165233284 0.450764 0.736793518
    0.586164951 0.266516209 0.582677126 0.0524677336 0.188295603
    0.789076209 0.550973892 0.731085539 0.221721619 0.834552288
    0.611500025 0.714124978 0.91989249 0.701672435 0.747507274
    0.534237921 0.726385593 0.573507965 0.773163795 0.245758057
    0.0168198347 0.141121268 0.511457622 0.301175952 0.704767227
    0.742815316 0.414759368 0.477003932 0.279123664 0.532797515
    0.649905801 0.878305793 0.427396595 0.859190822 0.16559428
    0.265004843 0.171858668 0.117495447 0.666629672 0.536884248
    0.902757585 0.953697801 0.603375673 0.282354534 0.445258975
    0.149212807 0.138081551 0.0408502817 0.657931328 0.510378599
    0.254879981 0.62302959 0.429593801 0.469192535 0.827026367
    0.622758389 0.652359605 0.611055255 0.452946752 0.160147756
    0.468062878 0.104495972 0.153088689 0.722920656 0.980437398
    0.0390508175 0.461210877 0.818037271 0.359951615 0.762213826
    0.0734216273 0.970416844 0.198132366 0.763127804 0.328328192
    0.211919785 0.0326420069 0.221990258 0.87191534 0.264650136
    0.753313065 0.676499248 0.665680945 0.650556743 0.527631044
    0.528121471 0.400419831 0.0547816455 0.102252215 0.487017393
    0.842640519 0.550492823 0.573989749 0.539965034 0.680628657
    0.32154125 0.951833248 0.915450573 0.879268408 0.562997758
    0.241855532 0.0978521109 0.279445469 0.40763104 0.74936676
    0.0537754297 0.58891201 0.675436437 0.585909188 0.3128196
    0.366136193 0.00785055757 0.239922285 0.435212314 0.388775885
    0.469264239 0.835912108 0.680293798 0.474313557 0.331361473
    0.854078948 0.606623173 0.144963771 0.945557714 0.075309962
    0.943765044 0.73730737 0.118220419 0.83215487 0.380477369
    0.0480973423 0.885571241 0.734665394 0.215261668 0.0786801577
    0.0470430553 0.408510208 0.667638123 0.837532699 0.400433034
    0.32045418 0.496688485 0.465889931 0.986461222 0.397647202
    0.0520389974 0.289842993 0.250409544 0.69692117 0.912373006
    0.742697716 0.851889014 0.63164562 0.475160182 0.506720424
    0.571785986 0.284296691 0.893657804 0.137798578 0.861826956
    0.375826061 0.553107858 0.382837176 0.433170855 0.298198462
    0.438596368 0.427217305 0.0636891723 0.870355129 0.197892696
    0.744367242 0.148852646 0.75898087 0.377667338 0.341520607
    0.0749494433 0.264472306 0.614458442 0.753912926 0.397954166
    0.689948559 0.222500771 0.640196204 0.788983285 0.125129223
    0.263093472 0.846383572 0.549142778 0.656243086 0.933068752
    0.751799881 0.681563854 0.298134148 0.0567956269 0.329269201
    0.98539257 0.382355779 0.163039625 0.0291330218 0.966381907
    0.236843854 0.0351449847 0.617340088 0.0898104608 0.619862556
    0.60395968 0.563453317 0.842931569 0.376835883 0.548301935
    0.665623069 0.948402047 0.925126195 0.983774781 0.0388787091
    0.536725819 0.434565276 0.981242299 0.899411917 0.43029812
    0.196558714 0.4312976 0.2675533 0.390174747 0.256784886 0.6233989
    0.230421335 0.470742106 0.289083511 0.733852088 0.854426563
    0.545230985 0.570106685 0.966213703 0.407886684 0.576070011
    0.97108531 0.450784355 0.134567946 0.23852405 0.299358189
    0.020134002 0.58766377 0.121254742 0.668476403 0.663240671
    0.420245677 0.472162575 0.846283674 0.159633696 0.533875227
    0.811870456 0.541705966 0.354172766 0.997059941 0.572068751
    0.546489537 0.503439307 0.454498619 0.365579039 0.868461788
    0.983108282 0.0828340352 0.444965929 0.517073333 0.277754337
    0.219631165 0.515374899 0.919126034 0.675141037 0.716013372
    0.9332515 0.540623844 0.534156799 0.264866531 0.992218912
    0.440084696 0.129336715 0.236187309 0.129294157 0.157670319
    0.0641234517 0.264410138 0.86812377 0.592101812 0.747402966
    0.539914548 0.338695794 0.128064066 0.643363893 0.847701192
    0.294921935 0.655794561 0.488791049 0.45191437 0.522236466
    0.778784573 0.226556361 0.0171803832 0.672961831 0.0337464213
    0.814033866 0.129245698 0.931323707 0.4708893 0.579970658
    0.916839004 0.259031445 0.431197256 0.635919809 0.41630584
    0.546093881 0.0844064951 0.181317627 0.88434875 0.52028513
    0.0475114882 0.643707871 0.242937982 0.837056756 0.890550673
    0.818292916 0.786943793 0.998037696 0.45866552 0.0551232398
    0.122229546 0.880026937 0.632232487 0.935082495 0.999061346
    0.427588105 0.714746058 0.87547791 0.96617341 0.293438315
    0.451766044 0.834062696 0.79407084 0.967454672 0.401745349
    0.570637643 0.854837418 0.159609377 0.518675923 0.751444221
    0.818215609 0.840183794 0.610984027 0.50421834 0.804128349
    0.0110403597 0.433457911 0.160915434 0.871670067 0.823125243
    0.96451658 0.599712849 0.0451667309 0.948707521 0.0250298083
    0.752465248 0.811921 0.484432429 0.546052992 0.776652277 0.550055444
    0.494577587 0.151670039 0.0667016208 0.589092791 0.310440034
    0.208547741 0.923094928 0.955654502 0.38859573 0.468140185
    0.347200215 0.246190578 0.500606537 0.637078643 0.87694633
    0.25487268 0.525089324 0.67659384 0.246042758 0.700479209
    0.861612082 0.670961142 0.59289819 0.261073619 0.497183532
    0.526624858 0.59090966 0.0107552707 0.508183837 0.0144102573
    0.534873307 0.487099379 0.0850539505 0.429558843 0.212388188
    0.692171395 0.124635696 0.757163286 0.165565491 0.75523293
    0.513083994 0.711350977 0.348561436 0.555463016 0.183405757
    0.201395303 0.760411322 0.340147436 0.729216099 0.193015069
    0.562953532 0.975297928 0.476827681 0.92801559 0.0318122506
    0.188027859 0.436689824 0.790660918 0.716338813 0.152088612
    0.481966317 0.951238334 0.179424316 0.919245124 0.00953122973
    0.889192283 0.88533318 0.492920101 0.834297538 0.489729315
    0.176787645 0.357195318 0.719973624 0.692603588 0.731253684
    0.551179647 0.163091451 0.272715122 0.695220232 0.695969462
    0.352697611 0.656536818 0.579123616 0.684182763 0.728797495
    0.600961626 0.268436462 0.500516951 0.175276011 0.708031058
    0.61073947 0.17967844 0.949335039 0.334228218 0.818336606
    0.741908491 0.496556312 0.899413884 0.0430765748 0.750532925
    0.485100001 0.542349398 0.083653748 0.508347452 0.275540769
    0.690222383 0.751755118 0.157624274 0.452128112 0.869576812
    0.585840166 0.681678176 0.313399076 0.218908489 0.979671121
    0.489599168 0.762495875 0.740704834 0.459133774 0.870401859
    0.910292506 0.563744545 0.0313721895 0.252515286 0.563312709
    0.0406247079 0.159369141 0.241828412 0.713743985 0.353660882
    0.00298038125 0.619757175 0.903589368 0.508770943 0.910922527
    0.119669437 0.584074855 0.303750873 0.33800292 0.495995224
    0.921988726 0.840978384 0.652546227 0.709086835 0.324281335
    0.445632368 0.888557076 0.157476604 0.446311593 0.581740677
    0.558101237 0.356113553 0.00638464093 0.997726679 0.913681269
    0.445254683 0.147178918 0.68852222 0.824765682 0.250998229
    0.805888772 0.259349644 0.0415875316 0.432304144 0.362440944
    0.179604083 0.851643205 0.111466229 0.6092242 0.0482950211
    0.89491713 0.0610672832 0.676640093 0.634030581 0.328385264
    0.836044192 0.26857236 0.0248731971 0.874271393 0.852839768
    0.0637877882 0.612394392 0.398346424 0.645318151 0.271255195
    0.661248922 0.607919574 0.703104913 0.131794482 0.449068218
    0.00529447198 0.0592567027 0.532551408 0.896098495 0.573892415
    0.59475708 0.408060044 0.0101771057 0.926093102 0.542029738
    0.845449865 0.879864514 0.0662642717 0.797959805 0.552720666
    0.900092423 0.408515871 0.44128567 0.55644089 0.935306668
    0.620748878 0.613862276 0.372832149 0.99607414 0.936820209
    0.693289876 0.980902493 0.375364006 0.506757081 0.964045644
    0.818680525 0.0938736796 0.619018793 0.544285059 0.125563383
    0.851588428 0.603617787 0.773680925 0.37117219 0.0532565713
    0.852558196 0.732521594 0.0619585216 0.255042404 0.730024934
    0.176454127 0.208142161 0.270673454 0.0710909665 0.521240115
    0.992640734 0.293203682 0.630404294 0.735659361 0.63389349
    0.530133724 0.371905565 0.985194802 0.447799832 0.58852762
    0.315670967 0.295714498 0.814320207 0.245606393 0.0265613496
    0.52185607 0.212651789 0.330779552 0.172490776 0.606649756
    0.796703219 0.610596299 0.910877287 0.379761606 0.881330788
    0.75741154 0.809968472 0.354231179 0.786263049 0.077673018
    0.788689017 0.367905915 0.351289868 0.492494196 0.207222611
    0.195282102 0.67803359 0.217189193 0.863183081 0.567994177
    0.0826177597 0.183843851 0.640038252 0.845273793 0.730863988
    0.674257517 0.314653963 0.0424043536 0.694004953 0.057649374
    0.100520223 0.219962358 0.0992690027 0.624295354 0.871998549
    0.637737513 0.382850885 0.102322072 0.451746225 0.562345028
    0.336913884 0.362745374 0.942782402 0.999230623 0.387557268
    0.854468226 0.103597552 0.650682807 0.603167832 0.193650991
    0.682528853 0.23635608 0.787475109 0.553441226 0.397672832
    0.316250563 0.791047513 0.352042139 0.956050396 0.857658625
    0.595568359 0.436744213 0.124723762 0.314190209 0.960510671
    0.132857293 0.289924443 0.921893418 0.0243028104 0.90133822
    0.41927284 0.446873903 0.739524126 0.920332432 0.510537267
    0.452058047 0.636689544 0.282284379 0.594280362 0.144824684
    0.0269368589 0.244564742 0.1199691 0.83242929 0.438939601
    0.415074229 0.305642486 0.744706333 0.998455346 0.963081598
    0.438578546 0.31262964 0.894928217 0.770271897 0.866020203
    0.670080066 0.591411352 0.481125295 0.520438433 0.556369483
    0.95668602 0.270891726 0.159620255 0.230500609 0.668055832
    0.821954489 0.736285567 0.308831513 0.0247495174 0.981592596
    0.223486394 0.984950304 0.567738414 0.423624188 0.39612177
    0.131059438 0.596090257 0.037116468 0.716617703 0.572659612
    0.267761976 0.544992089 0.870377421 0.597981453 0.61967659
    0.446780562 0.0344037712 0.0328583717 0.339066148 0.433983833
    0.493303925 0.78956598 0.933563709 0.0788980126 0.0419043005
    0.334938705 0.116369128 0.683647215 0.188713342 0.105944186
    0.788647532 0.00370240211 0.465562284 0.757015824 0.801018238
    0.355521828 0.990226388 0.220449626 0.951601863 0.613605976
    0.204958826 0.549992204 0.470918536 0.661758482 0.215670139
    0.996228218 0.354055524 0.398181647 0.226655573 0.180245668
    0.0616245568 0.390201151 0.565731168 0.168266594 0.767706394
    0.746406794 0.458119065 0.162458956 0.600575209 0.0117278993
    0.327067375 0.137019604 0.15111208 0.131477714 0.988919258
    0.90581888 0.626036286 0.642081261 0.117990911 0.460024953
    0.332197011 0.0990816057 0.658129573 0.438081652 0.826493561
    0.677759647 0.471464306 0.555902541 0.627467632 0.498394847
    0.471122622 0.986500859 0.154211462 0.620111823 0.389302075
    0.0226845145 0.996217489 0.752105415 0.903955579 0.863461316
    0.539137959 0.466701031 0.0113777816 0.373335361 0.694294572
    0.612220645 0.48221001 0.820520997 0.956788063 0.634718657
    0.614661217 0.920619607 0.653010488 0.47091049 0.0611058474
    0.0109769702 0.323821276 0.266338408 0.23413226 0.701517165
    0.190036803 0.731962085 0.546026886 0.0831896961 0.872294366
    0.253017217 0.460189492 0.551348686 0.834039092 0.446062714
    0.333663762 0.299963504 0.906221032 0.848807335 0.0603621006
    0.429551572 0.0405359566 0.407765269 0.85153079 0.201009214
    0.578753769 0.705559909 0.3054443 0.0999371707 0.996801496
    0.709063172 0.208193898 0.828059793 0.344566822 0.222101957
    0.550162137 0.806984365 0.839573979 0.478822201 0.458610922
    0.231342405 0.882261515 0.756393135 0.321931899 0.192312926
    0.867362022 0.527067959 0.126382113 0.877477944 0.600573063
    0.762368202 0.967680097 0.299512982 0.817204118 0.845819116
    0.999573469 0.215135574 0.529263616 0.00657716393 0.626846075
    0.575720429 0.888771176 0.712282121 0.374361873 0.810401082
    0.676334441 0.0360822976 0.725134313 0.815887451 0.851220489
    0.0458362103 0.414045572 0.0607652664 0.505118728 0.653091848
    0.96259737 0.98689115 0.732134938 0.671305239 0.224590123
    0.163929999 0.0244242549 0.478414178 0.841099918 0.152835101
    0.818857253 0.970761001 0.712532043 0.54236424 0.624724388
    0.59450835 0.925276756 0.639839709 0.60640806 0.96949935 0.302787155
    0.919187486 0.26718998 0.616833687 0.964528203 0.776824296
    0.391040862 0.607548654 0.565760136 0.895406842 0.617393732
    0.0120887756 0.802758455 0.0987503529 0.140022159 0.272141993
    0.88719511 0.221105754 0.123764694 0.533517003 0.0655851066
    0.825153589 0.76055634 0.945275903 0.960355282 0.811386824
    0.501577556 0.645785689 0.252939701 0.623957932 0.270072252
    0.671041429 0.299563229 0.593645632 0.624268174 0.0821494162
    0.256429493 0.0419919491 0.0348237157 0.898854613 0.351550996
    0.552741528 0.245396614 0.265992105 0.181556284 0.591183364
    0.0395309627 0.152745456 0.582459509 0.63358283 0.470813274
    0.349312901 0.788505137 0.436220616 0.832316279 0.839034677
    0.805584908 0.4506163 0.943393469 0.0769796073 0.487917185
    0.26702261 0.926549733 0.934337497 0.897292018 0.706532836
    0.298478276 0.0535753667 0.39805162 0.966070056 0.240528315
    0.191403478 0.072108686 0.995672107 0.852534652 0.902334273
    0.103098303 0.183197469 0.507843018 0.622703195 0.0330319107
    0.295933902 0.914222956 0.511450648 0.169929832 0.462757677
    0.814642787 0.017034024 0.735105276 0.486364752 0.881125093
    0.768388867 0.575773895 0.491075873 0.631116867 0.982340813
    0.148713291 0.0583863854 0.57054162 0.112797052 0.435024917
    0.671684265 0.637486219 0.195217013 0.286017656 0.502877951
    0.195106328 0.38401413 0.77953285 0.70495832 0.604248643
    0.0651308596 0.744214356 0.430183947 0.0642475784 0.650538027
    0.0457052588 0.413026452 0.301618576 0.0209676027 0.560626209
    0.551070988 0.339229107 0.401284993 0.645045877 0.218626291
    0.894431233 0.936927855 0.374949753 0.488468081 0.40893054
    0.780622184 0.595423937 0.323691428 0.0609386861 0.428470045
    0.765127182 0.2100043 0.360451818 0.527711749 0.836368799
    0.982413173 0.54249531 0.760758281 0.860298336 0.721929669
    0.803698719 0.547463953 0.725455701 0.491280288 0.241660923
    0.690943778 0.935380816 0.528826416 0.307933629 0.935984492
    0.173057348 0.590553641 0.270525634 0.227520585 0.818538845
    0.305169284 0.336889625 0.276902974 0.197005153 0.479015082
    0.418282062 0.376539469 0.341437757 0.689637542 0.496089637
    0.68122077 0.108527392 0.00722515583 0.845596671 0.330079019
    0.56330198 0.968233466 0.656997859 0.730204165 0.808871269
    0.322778702 0.359964669 0.203277081 0.978497505 0.0471515954
    0.232291073 0.999842525 0.216152251 0.835916162 0.911930084
    0.471405953 0.982039988 0.816767156 0.197210521 0.823281527
    0.619547725 0.827845693 0.135781348 0.525761366 0.639545321
    0.665463686 0.789788842 0.0785108507 0.886585772 0.915176213
    0.272034287 0.551815689 0.4278512 0.300881147 0.27035442 0.671739876
    0.645317674 0.0696694553 0.512106478 0.413948059 0.82820636
    0.86027956 0.396758914 0.783354998 0.477956414 0.363916457
    0.778330922 0.218522578 0.0981870592 0.52351594 0.769574285
    0.837487936 0.0627601743 0.340129197 0.314519227 0.797392249
    0.553211927 0.503584385 0.0110417306 0.986339986 0.268841952
    0.0872117579 0.831199169 0.0653409064 0.250312209 0.34961611
    0.0819143951 0.0477744341 0.375838667 0.252620786 0.189088523
    0.570540667 0.187681168 0.37180987 0.333983421 0.163007736
    0.817064404 0.14504239 0.466695786 0.839311719 0.650694132
    0.942261755 0.327948868 0.355747044 0.987052023 0.673731208
    0.0584830642 0.209723115 0.781143546 0.326022744 0.571813464
    0.766428828 0.727954686 0.606393218 0.768042088 0.377603769
    0.186759174 0.562874079 0.608315885 0.355084777 0.302514255
    0.786508322 0.228125095 0.710159779 0.806110799 0.673051059
    0.858432174 0.58296895 0.259759665 0.735251427 0.425825715
    0.366801739 0.387958527 0.786048234 0.832261562 0.113829285
    0.0750167668 0.865567207 0.86502558 0.162787199 0.921772957
    0.281403005 0.352395773 0.110430777 0.732958853 0.954033375
    0.54085201 0.722569644 0.239091754 0.273902178 0.340634644
    0.935499549 0.572303474 0.343838394 0.355857074 0.684212446
    0.729384661 0.244040281 0.0321957171 0.522265613 0.394046009
    0.23101747 0.425805748 0.868272424 0.5243361 0.469825387
    0.0746039152 0.720742702 0.354293168 0.363657176 0.121232212
    0.400998592 0.448190153 0.765971303 0.448600173 0.424068838
    0.141761631 0.0812786222 0.464347005 0.65818572 0.397553951
    0.478201866 0.201754481 0.0222900808 0.288485736 0.583582222
    0.651687384 0.204052627 0.790370941 0.161124289 0.797296882
    0.383923322 0.530997753 0.0154149234 0.00260579586 0.944463611
    0.50415647 0.534842134 0.523847342 0.268290937 0.0173406601
    0.492903769 0.998751223 0.587694049 0.577007413 0.015435189
    0.868181467 0.643272221 0.838480592 0.642902136 0.853067636
    0.581285477 0.14683038 0.951729655 0.0478770435 0.775426388
    0.725704908 0.160014629 0.314528584 0.617175102 0.871727347
    0.0032967031 0.0398916006 0.199030638 0.968132734 0.246376812
    0.837304115 0.0654934347 0.606131196 0.22958383 0.20320031
    0.360827684 0.829185545 0.281455159 0.192174017 0.661602736
    0.0740534961 0.188008547 0.467625916 0.271949023 0.43372187
    0.0536468625 0.411561042 0.877321839 0.882898688 0.878876388
    0.184983104 0.644975543 0.317535758 0.374334127 0.378808737
    0.903112888 0.0784440041 0.944114983 0.125607073 0.855549574
    0.624995291 0.0790804923 0.269140989 0.836553812 0.537746429
    0.435116172 0.864808083 0.840505779 0.491405725 0.257517159
    0.0647168159 0.996794164 0.282067627 0.284422576 0.826278806
    0.646316111 0.0333490968 0.554982841 0.993773878 0.75524807
    0.388234437 0.203652859 0.121600986 0.0256834924 0.403119087
    0.240659535 0.89991504 0.961648226 0.238952667 0.445671439
    0.533491135 0.131171316 0.304127932 0.0069038868 0.745330691
    0.308214843 0.374442041 0.38468051 0.176291645 0.0535319149
    0.533950269 0.204043061 0.783520341 0.755579829 0.172560722
    0.34008348 0.600837529 0.0132250786 0.732766509 0.415922016
    0.219446689 0.0993408263 0.958164573 0.580711782 0.171408743
    0.1938546 0.931662917 0.106310338 0.880184174 0.258280635
    0.437692702 0.480566889 0.258954555 0.809042037 0.589142084
    0.226905584 0.429646373 0.685291827 0.406058758 0.453728527
    0.760742664 0.75097239 0.680264711 0.0102896988 0.70385617
    0.91168195 0.319605112 0.618785679 0.619749129 0.25577265
    0.590519667 0.276470959 0.619795203 0.598347306 0.534015954
    0.923472047 0.530101955 0.803070366 0.10855636 0.974870205
    0.308459491 0.28595823 0.840720415 0.555568218 0.927024066
    0.350302279 0.834061146 0.502216399 0.588649035 0.770038486
    0.279075682 0.982156396 0.928879321 0.20134151 0.930315197
    0.700713038 0.546334386 0.293489903 0.257226408 0.0880557597
    0.512579918 0.767686665 0.819553792 0.471636206 0.391781032
    0.617166162 0.800552845 0.0717453063 0.698637187 0.0128821135
    0.230428249 0.872766852 0.00828197598 0.0480376184 0.96889329
    0.175263196 0.927155972 0.870070696 0.0962444544 0.972681642
    0.861175299 0.728658676 0.857030153 0.32480365 0.684524775
    0.696388125 0.123928636 0.849501371 0.619287014 0.829817355
    0.236245155 0.44162485 0.476963162 0.882145286 0.162888288
    0.785548449 0.0869792104 0.332433522 0.929007053 0.0676053762
    0.0784840584 0.313802302 0.168772906 0.773508966 0.699348807
    0.392840028 0.58117485 0.174669743 0.0590178967 0.394287646
    0.813257694 0.197282135 0.589122474 0.714056551 0.0413677096
    0.0688517392 0.671189308 0.597393215 0.77881968 0.255886436
    0.0296450555 0.0456455052 0.798936844 0.298271835 0.170372337
    0.171139747 0.114470184 0.13942498 0.775492132 0.924093843
    0.452172339 0.27649051 0.611221433 0.168843359 0.426827818
    0.280359894 0.541265249 0.409695923 0.96379751 0.154392779
    0.933534145 0.566058457 0.113654077 0.86027801 0.814545572
    0.832697332 0.353091985 0.399157882 0.380061507 0.846769214
    0.67204237 0.619787037 0.298982561 0.0123016238 0.115282893
    0.0777749121 0.660979986 0.262316525 0.261903733 0.358997047
    0.253347576 0.798153758 0.736848116 0.488257021 0.597675979
    0.572497249 0.61592871 0.692024112 0.138326377 0.96734798
    0.336314917 0.873335302 0.307544827 0.262661874 0.724710107
    0.102938712 0.957806945 0.653579295 0.617150307 0.710316539
    0.450324476 0.0905676484 0.997105002 0.0226117074 0.469258994
    0.904914558 0.276533753 0.595472276 0.0677905083 0.300599217
    0.994641066 0.729520321 0.851041079 0.157664567 0.232192487
    0.0838700831 0.432894409 0.767197967 0.602220118 0.570040405
    0.712366104 0.151992232 0.765769422 0.431167483 0.844979286
    0.721175551 0.970348358 0.390733451 0.833832741 0.357802808
    0.18853125 0.294894338 0.951527655 0.0858383775 0.0900681615
    0.624527395 0.821495891 0.709642708 0.56051296 0.315213442
    0.257815957 0.047374934 0.612737715 0.22163868 0.148530751
    0.214879632 0.244670182 0.49710235 0.091057539 0.470408946
    0.83086741 0.665375412 0.515292466 0.791904688 0.197989613
    0.394430757 0.266515762 0.113749385 0.9746719 0.745088041
    0.188964605 0.490017354 0.85906601 0.592776954 0.996009946
    0.476884574 0.345602632 0.579634368 0.17218864 0.616596043
    0.946620166 0.725116968 0.916348219 0.345274448 0.237268567
    0.0461963415 0.484497905 0.5862602 0.725547373 0.676446915
    0.0895139873 0.997893691 0.0875720382 0.732149243 0.926926613
    0.809215307 0.448481858 0.302588344 0.497968227 0.317212582
    0.445774764 0.136753589 0.115080148 0.30394426 0.542354822
    0.44070366 0.463677853 0.784381211 0.0124610364 0.289321184
    0.493120432 0.12418282 0.716516972 0.444287568 0.927467108
    0.0238835812 0.55891037 0.537758172 0.0605152547 0.0144359469
    0.365595579 0.729480147 0.351958513 0.295268238 0.00151225924
    0.350969344 0.188584149 0.493920684 0.734833479 0.535050035
    0.180345565 0.37755388 0.313608825 0.367001057 0.210916787
    0.346829534 0.596381783 0.9471277 0.853829086 0.609121084
    0.899449468 0.334455281 0.99079752 0.0522990823 0.0477063954
    0.526358068 0.204986989 0.974208176 0.801372349 0.6181916
    0.539336562 0.190711707 0.569786012 0.26277861 0.517656326
    0.195799857 0.768654466 0.0552312136 0.353571504 0.506725073
    0.643932104 0.661316991 0.890270948 0.45340085 0.809342682
    0.183009684 0.536545753 0.590011597 0.262830853 0.532739401
    0.768361568 0.835531712 0.178730905 0.0826890171 0.482991397
    0.860369861 0.488353193 0.135885954 0.805166483 0.553619146
    0.603829563 0.0414794981 0.0119660497 0.273577332 0.0676654577
    0.423052609 0.201877117 0.811040759 0.895082593 0.911174297
    0.110457063 0.255958736 0.967940807 0.922073722 0.778325796
    0.468421459 0.872139096 0.128450245 0.12135148 0.752918482
    0.423614681 0.627792239 0.554213643 0.922628045 0.134931237
    0.242691934 0.895940542 0.690083206 0.833713591 0.563961089
    0.926574349 0.296763301 0.932601094 0.0869823098 0.380106151
    0.486027241 0.775247693 0.0145983696 0.0238112509 0.235342175
    0.205866277 0.966121793 0.282776237 0.392847478 0.247633606
    0.939971089 0.141126752 0.429240376 0.888134003 0.882457852
    0.605702639 0.80133146 0.858748317 0.191812366 0.183113068
    0.621845007 0.125124127 0.232284278 0.242163956 0.523858428
    0.888921261 0.128624141 0.130770087 0.672163546 0.272744596
    0.326704025 0.414885163 0.645110369 0.717096746 0.252199769
    0.863158345 0.722081125 0.724421799 0.0985427797 0.0839267373
    0.441168427 0.355462372 0.838352561 0.41615662 0.166859359
    0.580565393 0.737172306 0.180362105 0.798073113 0.145085305
    0.210383445 0.471548378 0.803726435 0.806371152 0.059346348
    0.373459816 0.559618771 0.38922596 0.224720001 0.75405705
    0.574741006 0.275809646 0.397779822 0.677633941 0.829248071
    0.0550676882 0.592630208 0.767017484 0.701110601 0.246884614
    0.351705313 0.182419717 0.512127042 0.97728008 0.0118756592
    0.87047267 0.87554431 0.0372935236 0.195333153 0.253125429
    0.722885251 0.544517279 0.740479529 0.38982904 0.424221277
    0.63529563 0.585190773 0.434991837 0.13431111 0.990582645
    0.242980629 0.426964492 0.0498739183 0.498513967 0.0517050624
    0.999135554 0.989890814 0.737765074 0.27855438 0.061376363
    0.82051158 0.457396537 0.221829504 0.917172492 0.0495419502
    0.0275307894 0.59354955 0.615612328 0.397666991 0.776805878
    0.453878045 0.782410443 0.4958525 0.280482262 0.911580205
    0.857037783 0.00991779566 0.94275403 0.282316238 0.326779187
    0.98780787 0.250335693 0.770222068 0.058827877 0.698689103
    0.51019609 0.829176128 0.577260792 0.575385511 0.124423504
    0.594193578 0.144467175 0.830364406 0.201999605 0.306768596
    0.445858061 0.307315677 0.264616013 0.14847213 0.161030352
    0.252237856 0.938516498 0.442583352 0.893428683 0.311430365
    0.550360799 0.191910475 0.470785826 0.869981527 0.965455651
    0.174196124 0.386559516 0.423836619 0.169721395 0.746160388
    0.0363824069 0.242255807 0.651547372 0.463647842 0.773981452
    0.173152149 0.794245481 0.478669822 0.747005463 0.729774833
    0.607557952 0.247398019 0.278906912 0.137615412 0.619897187
    0.115793794 0.012938261 0.0914776921 0.0971036851 0.750756621
    0.644843757 0.412263721 0.555074453 0.717399538 0.33056134
    0.604131341 0.718994021 0.879557014 0.368588507 0.100991338
    0.986817718 0.000719815493 0.598744154 0.338809937 0.257773995
    0.150036991 0.290652514 0.706427515 0.740663707 0.828546166
    0.412959039 0.987249911 0.322788566 0.542514026 0.0521008074
    0.226955563 0.101673216 0.389721155 0.33694309 0.703479171
    0.0065690577 0.241973817 0.0824107528 0.539969027 0.308276236
    0.906254351 0.572875857 0.825042188 0.959988713 0.868361473
    0.538867235 0.0636795461 0.565127254 0.237243474 0.442327559
    0.373081833 0.107502818 0.622647166 0.715117991 0.874685287
    0.827830136 0.668115854 0.891477942 0.947754622 0.900593638
    0.0215430558 0.340112686 0.384478897 0.316375911 0.367694467
    0.0288018584 0.836376429 0.614670753 0.247104913 0.474400163
    0.0124138296 0.491249859 0.300626338 0.155049235 0.469437271
    0.0747050345 0.720957994 0.737818778 0.839298487 0.217849433
    0.529798508 0.862757742 0.476905763 0.93912673 0.00214916468
    0.211102188 0.319687545 0.771433771 0.838182926 0.80268681
    0.0680148005 0.541854322 0.162530661 0.066024363 0.643106163
    0.447830111 0.615494251 0.0826974809 0.853786111 0.975810289
    0.95515573 0.996165335 0.306824803 0.0392324328 0.169480652
    0.447490841 0.152805358 0.579461694 0.766494632 0.702252507
    0.891934395 0.260151714 0.323414803 0.508987486 0.198651612
    0.599547505 0.901895702 0.797398865 0.3324036 0.561814725
    0.0362033248 0.588613749 0.946641564 0.769861579 0.917720079
    0.263897538 0.19964233 0.474918425 0.0436511338 0.0361153483
    0.347330749 0.870144963 0.750944853 0.571885049 0.856878877
    0.686800897 0.0469481051 0.383143127 0.142896205 0.504283309
    0.660916448 0.0890694857 0.408900648 0.401792586 0.224315435
    0.692625523 0.0341187418 0.376392066 0.733342886 0.982308149
    0.528035879 0.156126291 0.458792567 0.0988732278 0.54627043
    0.423423111 0.655323565 0.1930435 0.508019209 0.337880194
    0.417871386 0.818170369 0.554928184 0.277783334 0.292864442
    0.360419124 0.645992577 0.341581762 0.318614393 0.225456029
    0.962295532 0.483334482 0.259967536 0.76794517 0.500566363
    0.440318316 0.687331378 0.327868879 0.459946424 0.465586841
    0.941480041 0.630958319 0.333650172 0.721164048 0.71368885
    0.84779191 0.549650848 0.609073043 0.273803055 0.871119678
    0.427205563 0.402108222 0.829844117 0.444538772 0.235381603
    0.645464778 0.559227705 0.235938549 0.711263001 0.462129056
    0.275299489 0.15880385 0.516340375 0.89982903 0.598564625 0.66612798
    0.705080271 0.522672653 0.545855761 0.944478989 0.82552731
    0.45602712 0.594111979 0.856888056 0.299771845 0.0890857875
    0.596953988 0.768769145 0.984267056 0.917905509 0.712965608
    0.113387883 0.168006927 0.243014276 0.371351421 0.630547881
    0.988976121 0.269131482 0.31808719 0.393437624 0.151088119
    0.600671947 0.681196928 0.982252479 0.943221152 0.856071889
    0.756209135 0.604890585 0.3068434 0.277952969 0.191603601
    0.593487918 0.508919179 0.800110281 0.621033788 0.79156816
    0.231373638 0.919855356 0.126392394 0.877375484 0.268470645
    0.466512531 0.364423007 0.24935025 0.727460325 0.0763754249
    0.917979598 0.937315524 0.306345224 0.694044888 0.449851394
    0.50306505 0.857177019 0.597018898 0.999987602 0.57610476
    0.778487623 0.589052975 0.300397158 0.665041089 0.274811655
    0.651696622 0.587565839 0.945676088 0.88658154 0.0247147679
    0.610774934 0.963808715 0.687804461 0.621213257 0.583942056
    0.248040915 0.0739173293 0.161704659 0.0300915539 0.612371206
    0.229035497 0.368032932 0.574562609 0.243770808 0.551526248
    0.24137181 0.711194158 0.575845897 0.269867122 0.0389890373
    0.373877048 0.653509915 0.655690432 0.967816174 0.747409463
    0.681880832 0.41780892 0.175888836 0.770627975 0.475943863
    0.605830967 0.650698304 0.321412086 0.391794741 0.330452859
    0.0706396103 0.410909653 0.580201626 0.0520353317 0.148983181
    0.524187326 0.688421369 0.937923074 0.0416221619 0.128507078
    0.740430892 0.942100048 0.480998188 0.20497483 0.840764463
    0.517672777 0.0985924602 0.929067254 0.404382735 0.981914639
    0.336682886 0.447104484 0.913590968 0.423718274 0.153316587
    0.0825070739 0.797604918 0.901872694 0.534404993 0.517784536
    0.454498291 0.744449556 0.977420092 0.586679757 0.881584108
    0.277834177 0.451267421 0.448635995 0.171742082 0.888067901
    0.314066291 0.6857481 0.925981283 0.534805119 0.986513853
    0.921302915 0.830815256 0.870893121 0.729357302 0.195676059
    0.335704148 0.281672686 0.437473357 0.619135201 0.17409423
    0.0735327601 0.482857823 0.696884394 0.548550427 0.327924967
    0.713314116 0.0116264522 0.530218601 0.689061582 0.620127201
    0.337798357 0.0494906008 0.789961994 0.833515644 0.392334074
    0.340482593 0.440359116 0.925510705 0.304893136 0.0156043768
    0.0985611677 0.599673927 0.671473742 0.13661319 0.495458513
    0.197394758 0.859321237 0.82135123 0.214056432 0.315108627
    0.17607519 0.506472111 0.247332931 0.675127983 0.0227767229
    0.985159755 0.633311987 0.321728885 0.971370995 0.433664888
    0.718044996 0.374925196 0.0193695426 0.882317662 0.247623771
    0.772446752 0.360459447 0.342598438 0.559431374 0.31190896
    0.977545261 0.651806235 0.436193824 0.0359277725 0.152431905
    0.811446428 0.44087857 0.108746439 0.750691175 0.0880411863
    0.0257243812 0.711439192 0.574908316 0.900232375 0.201504141
    0.157571733 0.745611012 0.668598592 0.466529667 0.819066226
    0.711078107 0.170975983 0.0406616032 0.138571531 0.190513909
    0.896417737 0.748857915 0.599693835 0.547226667 0.388299257
    0.817421913 0.470486999 0.502061367 0.882457256 0.662419856
    0.342946589 0.747457922 0.74483633 0.575121582 0.0112619102
    0.285832345 0.734636784 0.599600554 0.00204914808 0.251314104
    0.97929281 0.248187482 0.0756452084 0.95393157 0.605827808
    0.0806607604 0.909505606 0.00800415874 0.239178896 0.792083621
    0.395766884 0.976515055 0.979479074 0.0197744966 0.545957983
    0.100662649 0.710279405 0.629014492 0.704158187 0.642844558
    0.264538288 0.748378336 0.0615552962 0.618502617 0.282885551
    0.404857635 0.512598157 0.357489854 0.858768165 0.543636858
    0.468341678 0.709166765 0.851471782 0.392646253 0.0664384067
    0.552658439 0.0801403522 0.805671573 0.856794536 0.829032719
    0.659671545 0.894375026 0.0514914989 0.275648475 0.398165703
    0.400819153 0.848412633 0.109204739 0.0417021811 0.161182135
    0.523333549 0.462960988 0.282974303 0.241984427 0.274051368
    0.703658044 0.249679804 0.245977074 0.788546264 0.274289131
    0.263657033 0.82477206 0.513759434 0.424277782 0.819427371
    0.606435597 0.356114089 0.0973319411 0.905765533 0.521068811
    0.0359558463 0.705929637 0.94323051 0.83016485 0.933914065
    0.270384699 0.554118156 0.427695513 0.709020495 0.918927848
    0.730495334 0.913953424 0.960367441 0.534688413 0.483215749
    0.890765667 0.370293677 0.989744484 0.984561384 0.806179881
    0.792835474 0.810013771 0.202959657 0.520121992 0.843378305
    0.19326809 0.119465649 0.235925317 0.891888738 0.145881295
    0.0313914418 0.309570491 0.118624955 0.366518378 0.854252517
    0.0607209802 0.778472781 0.249936134 0.78028965 0.869437814
    0.766502857 0.63612169 0.654026508 0.536838293 0.0490084291
    0.922702909 0.0614894927 0.126834124 0.926279902 0.250099063
    0.599713981 0.601968408 0.923270106 0.0158705413 0.681684077
    0.731162429 0.999138713 0.500626028 0.760679781 0.843752027
    0.278415114 0.000547349453 0.646517634 0.477865577 0.153799623
    0.332651973 0.525902689 0.267893761 0.469038785 0.334602863
    0.00671061873 0.674185395 0.558182478 0.207212001 0.12406379
    0.608087838 0.201957375 0.42084235 0.8244403 0.496943057
    0.0494618416 0.960083723 0.826195478 0.816662908 0.771684349
    0.129587173 0.11494422 0.148009181 0.836500406 0.414151371 0.6614151
    0.676793516 0.0641850829 0.549085498 0.708432615 0.906857014
    0.892410517 0.300754189 0.170853704 0.22693342 0.384334654
    0.305433869 0.518136024 0.843471169 0.873038173 0.00205850601
    0.601762652 0.0366648734 0.350083709 0.913073063 0.00720882416
    0.780014157 0.0847796798 0.388966501 0.639018178 0.441945463
    0.643135905 0.244110733 0.255570918 0.0874531865 0.894327283
    0.435565323 0.461772263 0.0566028059 0.969075382 0.221728683
    0.527654767 0.719621658 0.446412325 0.457456231 0.745252132
    0.49329403 0.412275076 0.790843129 0.956159234 0.827788413
    0.999019325 0.185333341 0.41504842 0.69802314 0.64189446 0.802160978
    0.481051058 0.270251572 0.87796545 0.140027225 0.588989854
    0.0423172116 0.961572647 0.570034146 0.275630236 0.949517727
    0.0336676836 0.994051099 0.433786988 0.472951084 0.425512224
    0.318649709 0.983840108 0.284727633 0.112409979 0.211215913
    0.644905269 0.175792396 0.335729152 0.374936789 0.778850079
    0.624866426 0.624204695 0.958893895 0.333812416 0.139682293
    0.503818989 0.788169801 0.286627412 0.563874304 0.552785277
    0.045928359 0.557864189 0.113580197 0.884742975 0.0762162805
    0.145600647 0.394440114 0.361570299 0.954522491 0.179812104
    0.659978628 0.319944441 0.505252302 0.844377995 0.497205019
    0.35318765 0.510746539 0.788214445 0.933832884 0.445982695
    0.322260737 0.353195667 0.523504674 0.551297009 0.736070871
    0.931687593 0.872024596 0.113583297 0.792302787 0.170341492
    0.485025108 0.0444489121 0.415410042 0.929477453 0.48872444
    0.0477068424 0.593957067 0.362256229 0.25350523 0.836913109
    0.930567145 0.577832699 0.411070168 0.294832766 0.540140092
    0.415067017 0.232933581 0.657279313 0.846431375 0.424400866
    0.779390991 0.262605786 0.668515444 0.559608459 0.959482849
    0.519393086 0.0398197472 0.151145875 0.156692028 0.720376849
    0.486538321 0.0122996569 0.945166111 0.513810694 0.844022572
    0.732259572 0.732328415 0.425989091 0.0471760035 0.543653965
    0.0494513214 0.364336967 0.458768636 0.584556878 0.195639282
    0.211712807 0.188578188 0.687229514 0.0479961336 0.99139607
    0.858855784 0.56093812 0.505668223 0.352055788 0.440748245
    0.153209895 0.248857588 0.184722215 0.720672607 0.342876971
    0.23795265 0.170129478 0.306778133 0.306296259 0.644839466
    0.303115785 0.956036925 0.996227264 0.871399283 0.335814118
    0.618017316 0.762519717 0.854001164 0.0213750601 0.754112601
    0.0841489732 0.0290718973 0.0631715655 0.341302663 0.916558325
    0.267784864 0.625005007 0.598182797 0.846533418 0.629521668
    0.40411523 0.803745508 0.666398644 0.581027031 0.346006215
    0.637808084 0.856038153 0.436097324 0.846727252 0.863387823
    0.0682595074 0.446401536 0.524795592 0.694664419 0.388835967
    0.973554552 0.802824855 0.288327307 0.600824296 0.572110295
    0.52959919 0.914459229 0.154613078 0.821665406 0.142993629
    0.217219621 0.445188582 0.968081117 0.541033089 0.806661785
    0.702463984 0.919165373 0.342418253 0.226676255 0.804167509
    0.0839194357 0.671349645 0.972859323 0.346904278 0.227557927
    0.319943786 0.177235991 0.405897349 0.657453597 0.64434576
    0.519056976 0.217276514 0.48258239 0.624111593 0.0909086466
    0.561559021 0.516818941 0.884030581 0.306671262 0.495780349
    0.639096379 0.00422134995 0.303821683 0.963362932 0.520986259
    0.245772272 0.646370053 0.0683916509 0.722591519 0.350469112
    0.58993566 0.816694617 0.878751814 0.11159718 0.684188128
    0.561879516 0.191490203 0.13414678 0.62303853 0.209663659
    0.130669415 0.0910513699 0.459679306 0.352022648 0.334114492
    0.11099717 0.216692954 0.849892974 0.448261887 0.767886162
    0.0031413734 0.620755374 0.212338716 0.244992703 0.0105616748
    0.162455976 0.54539609 0.190809786 0.735753059 0.869916201
    0.875635326 0.76814723 0.956271648 0.795424223 0.840931058
    0.724166512 0.96465373 0.912338614 0.133589327 0.0205706954
    0.595547795 0.236249894 0.98922503 0.793596447 0.431328237
    0.511143446 0.122371644 0.672374666 0.73696816 0.22371769
    0.397108257 0.137182206 0.867076397 0.921661735 0.384400249
    0.982528687 0.696771145 0.00627762079 0.025896579 0.872718334
    0.505103111 0.687083304 0.252498955 0.294840753 0.961783946
    0.542897165 0.853844643 0.843363643 0.756809175 0.113301635
    0.624644458 0.713548899 0.525809467 0.0473069549 0.903110802
    0.119086534 0.00126627088 0.496792138 0.801301837 0.451873243
    0.584848404 0.589571416 0.0518270433 0.357424706 0.446611732
    0.710904241 0.0635929406 0.628827929 0.347391903 0.761484683
    0.321670771 0.225242674 0.270942271 0.753116906 0.542111993
    0.679400086 0.293713033 0.751030922 0.131188929 0.469032288
    0.334227681 0.973387957 0.601805806 0.363702923 0.57975775
    0.365955919 0.535563171 0.546644211 0.702769876 0.130774617
    0.047567755 0.0656464696 0.0209706128 0.623203397 0.583578348
    0.0340278447 0.278061807 0.292641073 0.339279443 0.436107397
    0.950597882 0.283810675 0.773293138 0.626996756 0.202671319
    0.524008453 0.646361828 0.712471366 0.311336756 0.0859892964
    0.162108183 0.023923099 0.221083552 0.961601019 0.388699949
    0.957615912 0.961758375 0.41798088 0.182630271 0.148754537
    0.747996688 0.356321871 0.020789057 0.276390254 0.964946508
    0.624203324 0.442347258 0.583768249 0.0618492961 0.374693245
    0.738138914 0.752518535 0.951787651 0.610746086 0.689560771
    0.900608301 0.103945285 0.921305895 0.20046851 0.680329919
    0.93500185 0.913716197 0.145157456 0.0779510438 0.423858345
    0.45424369 0.0403731763 0.888768494 0.203004986 0.932354867
    0.502005875 0.35921216 0.0648901761 0.162937492 0.84318012
    0.744087875 0.795212865 0.262565792 0.721954823 0.831822753
    0.0358410776 0.516455829 0.541487694 0.334978938 0.795409322
    0.458342433 0.474985242 0.889966965 0.519002736 0.619465113
    0.0810887516 0.395279795 0.859267592 0.89890039 0.913291335
    0.662468135 0.479295433 0.327526122 0.767910302 0.350441217
    0.511159837 0.349282801 0.849023223 0.920850039 0.849865079
    0.460611373 0.466093242 0.108057082 0.343504071 0.486429572
    0.256975889 0.378164709 0.0233050585 0.347813845 0.302964926
    0.0706850588 0.424635351 0.500753105 0.460087538 0.899894238
    0.853817821 0.914054275 0.295428425 0.984932721 0.712496698
    0.994232237 0.595169783 0.531277478 0.627385855 0.368161291
    0.81475091 0.356595188 0.0554706752 0.221749574 0.489826262
    0.191135645 0.309268922 0.607721567 0.0576772988 0.474686086
    0.922856033 0.206705332 0.469416767 0.46416378 0.138498485
    0.55498153 0.31331563 0.751923919 0.919214904 0.146768123
    0.503956676 0.187807649 0.694029808 0.63362056 0.343899131
    0.90647459 0.0831430256 0.651301801 0.508000076 0.909394145
    0.0962843001 0.293807477 0.302995026 0.391932786 0.917109132
    0.525890291 0.332818985 0.132753849 0.81007266 0.497398138
    0.439548165 0.318590075 0.873670399 0.205013186 0.0109187663
    0.978613496 0.395051152 0.280356109 0.303010851 0.99620831
    0.467483133 0.767899454 0.179793745 0.216009647 0.191577345
    0.162608355 0.570276499 0.294271648 0.832889974 0.835946679
    0.437819242 0.251840889 0.311934084 0.407488406 0.717765093
    0.566337526 0.855756402 0.154770344 0.193578154 0.13068682
    0.528852701 0.906434059 0.58695519 0.509436011 0.381424993
    0.31432429 0.952543855 0.0957854688 0.279099137 0.0630359054
    0.581949115 0.426395863 0.592597306 0.176614344 0.789107084
    0.555420876 0.61713624 0.452235967 0.750036001 0.965330839
    0.96809572 0.921955884 0.0218634307 0.903742611 0.979599953
    0.818864226 0.560573399 0.915854454 0.691727638 0.208132654
    0.609126031 0.0667810142 0.450837851 0.997245312 0.688971996
    0.556014299 0.249114066 0.748288512 0.0250418782 0.151027322
    0.92929697 0.663535893 0.026943326 0.280263841 0.140090913
    0.180282742 0.199949831 0.908319473 0.14958331 0.548842907
    0.764483809 0.83481586 0.688267589 0.53745991 0.870547891
    0.284635276 0.216854453 0.963826418 0.329012632 0.140227467
    0.339786589 0.37094596 0.967648268 0.542803407 0.648129106
    0.946734428 0.837706447 0.472507983 0.666971743 0.191546023
    0.816615045 0.63362968 0.250808746 0.544918954 0.925519884
    0.507168651 0.755590796 0.520450115 0.624974012 0.298590243
    0.766636729 0.235601217 0.865298152 0.0573812127 0.534813523
    0.906439424 0.755383372 0.824398875 0.920937657 0.745388865
    0.58914578 0.485737324 0.870331764 0.23984623 0.114991009
    0.0501224697 0.224172145 0.138881326 0.596103311 0.086488843
    0.676038206 0.464197308 0.405344605 0.0745669603 0.354447275
    0.766272008 0.828246117 0.780409157 0.302819073 0.964889288
    0.220273793 0.491714031 0.93717742 0.739375353 0.222378701
    0.926266193 0.124402076 0.797996461 0.913095772 0.569073558
    0.82431531 0.505923212 0.405924857 0.823255658 0.546422184
    0.137108058 0.296790004 0.306046486 0.289473236 0.237055063
    0.312690675 0.580103517 0.978396416 0.804983497 0.464296579
    0.0375873744 0.0946782529 0.730584681 0.8518852 0.806135654
    0.00319349766 0.24828729 0.379559398 0.543121755 0.0198303461
    0.734991729 0.529738545 0.394774735 0.364396363 0.772242308
    0.189997554 0.872470796 0.177109927 0.195955455 0.843471229
    0.411871433 0.0164744258 0.00813409686 0.364664793 0.305914253
    0.80074501 0.470953375 0.568119287 0.362520784 0.434403896
    0.0281904638 0.547367215 0.10923627 0.794033766 0.921846211
    0.74512732 0.793268204 0.99947083 0.82204628 0.67013675 0.352866948
    0.408970296 0.44024983 0.858140707 0.992224336 0.0891958773
    0.775838494 0.435966909 0.706462383 0.577733159 0.726412535
    0.990043998 0.935855985 0.633475244 0.885208249 0.0562973917
    0.227882862 0.00668859482 0.658038735 0.483042806 0.706370234
    0.91828984 0.515113592 0.431569874 0.364737421 0.724670768
    0.361357629 0.51874125 0.0192979574 0.436234713 0.462612778
    0.902948141 0.0777368844 0.0900984406 0.186678886 0.243374854
    0.45606184 0.987604201 0.00670599937 0.11802718 0.0249843895
    0.695247293 0.594514608 0.325296193 0.695293546 0.819881082
    0.213619798 0.331421614 0.916543961 0.00669398904 0.398980469
    0.382418007 0.880655169 0.00694990158 0.123657882 0.73754251
    0.642686486 0.499798715 0.566575348 0.105684489 0.824754 0.244749755
    0.337642074 0.194049865 0.792489469 0.20270288 0.701138616
    0.622422576 0.616756618 0.58107692 0.150883496 0.149124295
    0.22047928 0.318773508 0.636571765 0.0370369256 0.417894363
    0.49295944 0.679160595 0.884770155 0.358183205 0.576622725
    0.536439955 0.169394195 0.747687519 0.560845315 0.998733163
    0.38500753 0.0247298181 0.735492349 0.377908677 0.0219975412
    0.639426351 0.649940014 0.0806803703 0.47354582 0.413573742
    0.103503257 0.240206033 0.190176427 0.207069963 0.664669871
    0.523872674 0.869227886 0.842161655 0.872806787 0.649567306
    0.303013831 0.159113973 0.135350168 0.552877188 0.402281374
    0.910358191 0.756489754 0.446286201 0.742796242 0.780438423
    0.914458573 0.18767333 0.207161188 0.167401373 0.671498597
    0.908804178 0.553728402 0.293022335 0.443382621 0.374193847
    0.397159725 0.481662601 0.972024798 0.960637689 0.145076394
    0.834939539 0.834968209 0.479462266 0.238274723 0.65997237
    0.954823971 0.855096579 0.783440113 0.410121977 0.624694884
    0.959706724 0.921207786 0.505494893 0.273833215 0.0581232607
    0.184171885 0.490577906 0.576453865 0.81028688 0.338056743
    0.601420045 0.246934652 0.542694032 0.380144775 0.555650055
    0.563145638 0.388707906 0.625822067 0.0323949158 0.752344251
    0.0928047001 0.579262137 0.876294732 0.0172555745 0.382808357
    0.31901136 0.739803553 0.44795996 0.026501596 0.857496738
    0.592089236 0.492449909 0.288543284 0.919734597 0.0166905224
    0.858644009 0.631038785 0.8880952 0.0117825866 0.300247848
    0.915377378 0.612475455 0.332966268 0.0492561758 0.0477962196
    0.753604054 0.695612669 0.971437335 0.0770580173 0.543608367
    0.840990424 0.84958899 0.270329893 0.831198752 0.208854496
    0.971307814 0.196055263 0.983868599 0.973257899 0.627966046
    0.251368284 0.478808314 0.982945442 0.641221285 0.897840977
    0.0174487531 0.861114681 0.379775107 0.857037842 0.412718415
    0.980056286 0.641601384 0.78439939 0.0948483944 0.517705679
    0.109764785 0.64123112 0.816409409 0.62191987 0.850875497
    0.329861164 0.0850736201 0.593044758 0.160531729 0.00955674052
    0.400257617 0.180197567 0.443712384 0.534272969 0.236157924
    0.906293571 0.335493028 0.196910739 0.905605376 0.905404747
    0.457817793 0.221967459 0.545701087 0.757938445 0.97862494
    0.839295745 0.552737832 0.127272189 0.569027007 0.622244537
    0.165156871 0.80449301 0.317450047 0.0188377202 0.0261822045
    0.0135518312 0.759253144 0.548211634 0.850363314 0.922021508
    0.639223874 0.351412237 0.483603388 0.585974395 0.21860832
    0.425178021 0.568599284 0.0998952389 0.241586983 0.975753665
    0.772716463 0.750888705 0.571314335 0.460561216 0.684984803
    0.629180431 0.49370876 0.105457962 0.125096381 0.502373755
    0.517030954 0.136214405 0.137675047 0.937749326 0.710798264
    0.327174842 0.338190377 0.750468135 0.196044803 0.0747860968
    0.593610585 0.181310505 0.152065009 0.667307734 0.234321415
    0.228097647 0.0920420885 0.482160091 0.765906811 0.116054803
    0.387058139 0.220940083 0.512286007 0.558107615 0.905628204
    0.814484835 0.0826889575 0.670191169 0.40108043 0.699881315
    0.866587043 0.296102166 0.803539276 0.908371389 0.183501184
    0.475310594 0.903946996 0.940601349 0.373765141 0.0431711972
    0.19121927 0.386370689 0.753930688 0.0216155648 0.348766863
    0.831167996 0.671499729 0.802054763 0.515965462 0.601835132
    0.925476074 0.998005867 0.252155244 0.204933763 0.627357006
    0.996245682 0.0336601138 0.927311838 0.857684374 0.987287283
    0.854285359 0.153593242 0.244346172 0.819801509 0.526526451
    0.408115357 0.93406868 0.509120524 0.718310595 0.323586613
    0.312529147 0.591987252 0.255997539 0.989783287 0.548416257
    0.2558465 0.244670153 0.320174277 0.896885037 0.431972921
    0.370168328 0.860548615 0.549892604 0.119165719 0.663843334
    0.993416488 0.068685174 0.784128428 0.297177315 0.0199539065
    0.569610476 0.114549518 0.02613765 0.809673429 0.547613502
    0.399407864 0.841555893 0.496474802 0.668797612 0.185892612
    0.767236233 0.621904016 0.00150379539 0.0528987348 0.997670054
    0.0638405681 0.4612782 0.0569758713 0.153374285 0.680355191
    0.149055839 0.0244992673 0.559365034 0.361888945 0.475487918
    0.943301499 0.863602817 0.179502487 0.265348703 0.859990001
    0.806995094 0.346187651 0.958790898 0.562887311 0.233086765
    0.0242550671 0.385001659 0.570209146 0.865061164 0.0895467103
    0.206771016 0.735998154 0.880926192 0.147034705 0.0926859975
    0.43341887 0.817241251 0.0249235034 0.898388326 0.324293286
    0.273997009 0.33113873 0.994672954 0.107996404 0.127999932
    0.300202906 0.181849062 0.920517564 0.693657339 0.0889877081
    0.605505347 0.819506168 0.603136361 0.772018194 0.785553753
    0.256923854 0.359684616 0.799769282 0.595864177 0.0919731855
    0.4573704 0.0919896364 0.297312111 0.823549092 0.674227774
    0.0596302748 0.40741083 0.275803864 0.00585559011 0.725263059
    0.129446179 0.390664041 0.984572411 0.426504135 0.544133842
    0.308834016 0.786254704 0.247824222 0.737519741 0.538717866
    0.771865547 0.639721811 0.818154097 0.143621832 0.208413392
    0.872382104 0.90885675 0.860224485 0.929572761 0.810126781
    0.641822338 0.461610377 0.640394568 0.20159331 0.747926652
    0.315636516 0.182534218 0.549581766 0.777158022 0.39277041
    0.331560552 0.0454659462 0.605708003 0.485444695 0.938035965
    0.933068395 0.870536804 0.279961348 0.7572788 0.69209069
    0.00222504139 0.174672514 0.647169888 0.551256001 0.323413342
    0.241765589 0.623973131 0.430789173 0.641278028 0.356882006
    0.210934222 0.276276976 0.726173699 0.724310577 0.16182515
    0.678752899 0.885129452 0.733484507 0.485550314 0.333418429
    0.832153201 0.2013098 0.928979516 0.754930675 0.769727409
    0.523782015 0.0624581873 0.181300759 0.0337898731 0.599019647
    0.0439623296 0.0816800594 0.989624262 0.165007681 0.707677245
    0.00207099319 0.64776051 0.809974849 0.711349249 0.940442264
    0.271450818 0.075466454 0.469094694 0.797140837 0.697031915
    0.43334496 0.433025599 0.510582924 0.314472914 0.175942242
    0.16107738 0.971637249 0.329930067 0.584265411 0.133007288
    0.445593745 0.678348541 0.740657151 0.263278961 0.233524263
    0.94285965 0.676439106 0.26234597 0.651642263 0.0625763834
    0.305936933 0.720826447 0.28390497 0.383335322 0.803170085
    0.419318646 0.577532947 0.712600231 0.083340019 0.858945012
    0.865164995 0.306384951 0.0767483711 0.983904839 0.0110462308
    0.904695451 0.332845569 0.567173421 0.623329341 0.757443905
    0.127068698 0.807572961 0.0767633021 0.889303684 0.999427438
    0.47572574 0.32298398 0.969440103 0.817093372 0.721316159
    0.796484947 0.112867504 0.714868844 0.698419452 0.498982221
    0.834274352 0.150332391 0.795539081 0.135605574 0.639830768
    0.852654934 0.0457329154 0.556956947 0.197069496 0.648476422
    0.284476966 0.392332792 0.512842894 0.28054136 0.396761626
    0.243600845 0.789126158 0.27792713 0.98741436 0.580216765
    0.839193165 0.852544069 0.693153143 0.442483366 0.572045624
    0.637155771 0.830905199 0.352375835 0.696964502 0.871319234
    0.242270529 0.83227396 0.790198565 0.757992625 0.229402602
    0.660312951 0.216574699 0.466763973 0.109529167 0.204412818
    0.7540887 0.367064357 0.806511283 0.940886736 0.453139365
    0.0111189783 0.593199849 0.96393013 0.312619328 0.932105064
    0.412698567 0.96512568 0.751412868 0.773345828 0.239113003
    0.988655329 0.278954625 0.763376355 0.00692108274 0.990769267
    0.313370973 0.440455049 0.0876380801 0.718922853 0.403260827
    0.811034918 0.461687654 0.522161365 0.992376089 0.744347036
    0.315639704 0.789990067 0.774109602 0.876582265 0.895489454
    0.704274535 0.373550892 0.492450893 0.0113586783 0.131762177
    0.243267626 0.0826052129 0.32347858 0.702097416 0.0158545077
    0.0425021946 0.271765053 0.969772935 0.69772017 0.691954434
    0.768771172 0.226421267 0.507986486 0.282371104 0.190278113
    0.935911238 0.634669304 0.398479223 0.271553189 0.354531735
    0.814197838 0.511398077 0.384529144 0.728268266 0.037199527
    0.518919826 0.740746617 0.275200784 0.547909737 0.262483656
    0.79997617 0.391350508 0.0293148756 0.93402648 0.504364371
    0.446727335 0.536800146 0.563173115 0.51364696 0.333038092
    0.438535839 0.261756778 0.694438875 0.710710347 0.480231076
    0.395526111 0.625259399 0.922006845 0.392323017 0.46595788
    0.820471287 0.258125186 0.353491127 0.0813909173 0.914490819
    0.76824522 0.213271528 0.526199937 0.775730193 0.292621017
    0.925429344 0.123623699 0.385165274 0.97546804 0.210591286
    0.220392138 0.319352984 0.821017683 0.639475226 0.615588963
    0.0176616907 0.30823344 0.981456101 0.331599116 0.334884316
    0.640792012 0.957205296 0.88023138 0.910657048 0.28463605
    0.292916805 0.857076466 0.260365367 0.100823164 0.0511446297
    0.749388099 0.924699724 0.479414701 0.342849612 0.506738663
    0.877491117 0.808568716 0.809168696 0.522924423 0.588063359
    0.431381226 0.917174101 0.302143276 0.147418261 0.716637969
    0.526188493 0.356967092 0.858247042 0.459029943 0.746713996
    0.37735486 0.835963249 0.096126467 0.774625897 0.863760233
    0.423171699 0.38509053 0.952349782 0.539347589 0.684395134
    0.0574665964 0.992269397 0.868187666 0.00966656208 0.299301803
    0.349258095 0.0725557804 0.674524367 0.747469306 0.508332014
    0.18658331 0.343170404 0.288280487 0.145245463 0.363015711
    0.104356438 0.16707018 0.270955741 0.292702705 0.17422685 0.73793304
    0.905942678 0.23554191 0.146915972 0.903974652 0.569417834
    0.678259194 0.945820868 0.919127464 0.127255142 0.926268578
    0.267464995 0.164530396 0.0683580637 0.00315788388 0.982560694
    0.589093804 0.897048235 0.84979701 0.55553478 0.485017359
    0.411696434 0.518998146 0.302742958 0.944479704 0.0731724203
    0.335426569 0.0685548782 0.425362945 0.797858477 0.578158259
    0.00353348255 0.910363078 0.581908107 0.679860353 0.401757419
    0.0683646202 0.196534306 0.717709303 0.178228617 0.34081918
    0.51921469 0.268714488 0.0993937254 0.665167332 0.779090822
    0.0426640511 0.413456857 0.160610437 0.798432887 0.185650706
    0.198834538 0.0947950482 0.313145876 0.611254215 0.325886637
    0.879997373 0.082231611 0.679117739 0.792288244 0.000310271978
    0.479776591 0.203296632 0.973995924 0.350993812 0.498908281
    0.102482527 0.42035374 0.744673133 0.80338943 0.17397967 0.477261335
    0.357296765 0.921528697 0.786206603 0.083319217 0.181075007
    0.523422778 0.782824457 0.547181726 0.0547721088 0.0214514732
    0.256571233 0.968102753 0.997803628 0.0507131815 0.694719315
    0.486087918 0.234373033 0.902225494 0.776007056 0.876514792
    0.54393518 0.418634951 0.779039919 0.411525369 0.296991706
    0.252708316 0.536821842 0.198405802 0.381859511 0.627621531
    0.0669327676 0.445722282 0.605335057 0.519794166 0.739365458
    0.50523448 0.0388552845 0.0364705324 0.579078972 0.293663383
    0.793155134 0.762205839 0.0728465617 0.834097564 0.672546744
    0.2916255 0.723573327 0.90463376 0.114713281 0.584426582 0.506698489
    0.709862113 0.537047148 0.0164538622 0.461539984 0.311006606
    0.57340014 0.905886173 0.522837758 0.118473053 0.705488443
    0.679923236 0.0180476904 0.34690854 0.549838185 0.678877175
    0.763348341 0.110579312 0.829931557 0.0315909088 0.823851764
    0.783518672 0.691550314 0.0270639658 0.277516842 0.223038554
    0.254725575 0.955344617 0.203324169 0.58839798 0.383712053
    0.296942472 0.343312979 0.665041089 0.407944083 0.119273007
    0.124951899 0.746627212 0.844058633 0.79332006 0.42087847
    0.0837786794 0.126966059 0.261745572 0.691156626 0.0949649215
    0.341578007 0.880329072 0.0783144236 0.539311945 0.61831212
    0.305847198 0.0658294261 0.809679747 0.740045726 0.940743566
    0.822586775 0.772554278 0.594030738 0.133838534 0.677056134
    0.196570188 0.395772487 0.703517199 0.246897042 0.614945292
    0.812175632 0.212344319 0.613299012 0.686573684 0.0307941139
    0.398151726 0.371892393 0.407053769 0.329339325 0.964729488
    0.900265694 0.593013227 0.513100624 0.122357458 0.168249756
    0.116143376 0.324520439 0.561925769 0.832754016 0.277617097
    0.38637042 0.844620943 0.802797675 0.896714926 0.841063559
    0.944066048 0.976467133 0.95359242 0.482642531 0.533598483
    0.377447695 0.971208334 0.073900342 0.0842454433 0.118096143
    0.972797871 0.378938556 0.131798983 0.375987232 0.45919624
    0.671619236 0.00776433945 0.195877582 0.66789031 0.217668235
    0.672763228 0.66466105 0.879693508 0.484023005 0.0878092051
    0.451996893 0.397382796 0.795404196 0.557272375 0.670139551
    0.370151043 0.860100091 0.446307927 0.0360491872 0.563838601
    0.0253711641 0.108728856 0.396485478 0.802719712 0.110329777
    0.693211138 0.732558012 0.163120627 0.986346006 0.210434049
    0.563847363 0.803716898 0.367257535 0.614877105 0.184285343
    0.649352729 0.380599201 0.883865595 0.682899117 0.544529796
    0.791599035 0.540361345 0.0972726047 0.988701463 0.729091287
    0.672244132 0.00987318158 0.824247777 0.306099147 0.43814674
    0.89936161 0.322073013 0.565324306 0.73805511 0.839084029
    0.884507656 0.722539425 0.884540915 0.16476804 0.808517337
    0.680544555 0.240968764 0.561139166 0.503338218 0.0731009841
    0.212989897 0.222805083 0.141803473 0.675180972 0.0069681406
    0.176718146 0.0611996055 0.99565798 0.88703382 0.594167054
    0.393606484 0.853393793 0.0575599372 0.602699399 0.664116859
    0.781394958 0.856232882 0.713407755 0.575242341 0.839758277
    0.693232417 0.803251863 0.677442789 0.574602604 0.657128215
    0.586005926 0.519315898 0.877807617 0.601799786 0.293198228
    0.868089795 0.549759924 0.290266782 0.234650314 0.904415488
    0.977786124 0.649963498 0.722887993 0.380399883 0.267662913
    0.68635112 0.714722037 0.857746601 0.401851177 0.663577974
    0.357530326 0.55290699 0.424891144 0.0496090055 0.166309625
    0.382818162 0.465778053 0.425681293 0.489762992 0.767531872
    0.312420964 0.256081522 0.565801024 0.503106177 0.726193607
    0.00839078426 0.332727849 0.073882997 0.0177106857 0.950152636
    0.0919649601 0.145584375 0.964970112 0.3302674 0.202937543
    0.437059224 0.519261479 0.249417365 0.163990825 0.789265394
    0.485465527 0.199060678 0.76848948 0.204657912 0.241886795
    0.861430883 0.87055254 0.15958783 0.388113439 0.98794961
    0.0511851907 0.500509083 0.285422981 0.23286581 0.308210492
    0.773386359 0.0898606181 0.312459111 0.704720378 0.684014976
    0.0848734677 0.629743576 0.163695276 0.287050515 0.913270175
    0.203673601 0.735364139 0.410732359 0.691538274 0.864014387
    0.889917076 0.318451405 0.651791215 0.00693139434 0.414726734
    0.137784451 0.62484169 0.364951253 0.346319854 0.535583735
    0.373939574 0.719258368 0.20765233 0.85696137 0.262469321
    0.611240029 0.683212638 0.197757483 0.993492961 0.419023454
    0.832275987 0.318934321 0.207474709 0.667194486 0.142781049
    0.135728627 0.340710163 0.0344811976 0.689982295 0.589150906
    0.20855689 0.685920477 0.802373767 0.440518916 0.0206320584
    0.621466458 0.914283752 0.501982689 0.0819185674 0.466641128
    0.543984354 0.778459549 0.0557617247 0.807019651 0.761924267
    0.126550287 0.963560939 0.647179246 0.156612396 0.371539176
    0.987598419 0.303408802 0.817257762 0.697405696 0.542982042
    0.882780731 0.0928626955 0.595765769 0.126149893 0.182963192
    0.318209231 0.00716614723 0.676414192 0.795546412 0.103838325
    0.217765212 0.799378991 0.959227264 0.961910009 0.358863652
    0.49008137 0.102299839 0.413060099 0.704207957 0.0308269858
    0.241935968 0.483772069 0.779911995 0.851174831 0.530582011
    0.851843834 0.436557621 0.791650057 0.989830136 0.865044355
    0.219621509 0.33693701 0.704111874 0.969885468 0.983484149
    0.275274992 0.0494758785 0.116663486 0.839893103 0.0564254522
    0.255393773 0.355935007 0.708004236 0.57967937 0.977501392
    0.976372838 0.363135755 0.101524293 0.122363985 0.579720736
    0.070420444 0.874722064 0.404221714 0.479308784 0.117989063
    0.0800018311 0.102305681 0.158218771 0.587695777 0.795733452
    0.0331409872 0.975824356 0.900968909 0.908396363 0.659732044
    0.6873914 0.668195188 0.194367409 0.742629409 0.702495515
    0.111976534 0.244330376 0.557805359 0.978434563 0.733060122
    0.686565101 0.824924111 0.199400157 0.997974515 0.885899067
    0.272447646 0.0562061667 0.735511005 0.821277022 0.462419182
    0.508306384 0.864656806 0.457789212 0.516437769 0.594578207
    0.773698688 0.302771538 0.250491381 0.671744585 0.367209554
    0.0740551353 0.31732285 0.375763655 0.69117707 0.556657076
    0.787268877 0.788133979 0.785866559 0.672463536 0.0122814178
    0.0837927163 0.132560343 0.0844618976 0.68619293 0.455389917
    0.923966646 0.625624299 0.0930221081 0.0800184309 0.0953077972
    0.0971824229 0.627315819 0.584746182 0.0572863519 0.0460363925
    0.134584486 0.677542269 0.0294623971 0.397236317 0.592965066
    0.0836264193 0.757340372 0.970128655 0.266033947 0.611511469
    0.122928649 0.395181865 0.568737924 0.14936921 0.488059908
    0.0469504595 0.57647264 0.341368288 0.815403402 0.7686584
    0.0322889686 0.347733051 0.562013984 0.459356248 0.700961649
    0.0942170918 0.261238456 0.886268973 0.195777655 0.893922448
    0.963100135 0.979629993 0.307269335 0.239079863 0.624733686
    0.928118587 0.188702583 0.347487956 0.409988284 0.824673295
    0.344615459 0.779277921 0.0237059593 0.854569674 0.749790192
    0.316770375 0.555977225 0.242624015 0.613286853 0.660768688
    0.929154754 0.378402054 0.578206062 0.236527771 0.489125222
    0.846907139 0.0694735944 0.775512338 0.130794197 0.00142911077
    0.356585652 0.680934548 0.152558088 0.344756603 0.276382834
    0.0566053987 0.1052064 0.957015157 0.259428233 0.200375617
    0.114537567 0.902825177 0.0542918146 0.440056324 0.511262715
    0.922819018 0.118768156 0.801844478 0.702864468 0.965937972
    0.451164901 0.114896923 0.290139407 0.741041243 0.63492465
    0.734534621 0.424749464 0.364568263 0.530638218 0.598243177
    0.976538301 0.410653412 0.790266752 0.520376325 0.00252062082
    0.729771376 0.856305242 0.227497101 0.0422022939 0.744127512
    0.157646745 0.215762824 0.383026421 0.64481765 0.179399461
    0.463016897 0.354327738 0.419785023 0.768267274 0.0418850183
    0.508213401 0.312905878 0.0623752773 0.679433763 0.576567292
    0.366703212 0.969245374 0.510105073 0.755825758 0.49322933
    0.163480878 0.187164128 0.643273354 0.850962222 0.64607656
    0.357553005 0.293379784 0.261929035 0.222879142 0.989845037
    0.335870177 0.815990806 0.4869771 0.0925745666 0.0768943429
    0.465294987 0.899098098 0.11213851 0.573352158 0.302197635
    0.993130863 0.37669006 0.898120284 0.642119944 0.138024062
    0.672890306 0.20800364 0.651245534 0.226441383 0.0225971639
    0.732284069 0.882448077 0.304938912 0.495849878 0.833338618
    0.603922606 0.794465542 0.0828776062 0.562758386 0.603512883
    0.855596185 0.230987608 0.701491833 0.742229342 0.392864555
    0.358783036 0.264530957 0.655450284 0.295707166 0.689067125
    0.507488549 0.755262554 0.115632564 0.494569898 0.850595474
    0.0787000358 0.328906119 0.0527573228 0.871707618 0.254461408
    0.532270849 0.851078391 0.487247258 0.850350678 0.854507327
    0.345295429 0.878670931 0.719106674 0.391714036 0.699906707
    0.151516169 0.133490384 0.864867926 0.29414624 0.552055657
    0.0929042697 0.676024079 0.880225539 0.705814838 0.239497721
    0.271120191 0.62483412 0.774537683 0.983008385 0.284386516
    0.614140213 0.174371094 0.437354863 0.672090054 0.911731839
    0.987063885 0.0333612263 0.0603751242 0.405370295 0.461947441
    0.435489804 0.993883252 0.356544375 0.174891829 0.782022953
    0.633606791 0.869086862 0.811727047 0.917238355 0.37380597
    0.689815283 0.734072804 0.33619231 0.172962844 0.672845542
    0.16942361 0.801135898 0.191194087 0.506948233 0.670879185
    0.579498649 0.690439105 0.640325367 0.682917237 0.916056395
    0.0956787467 0.544966877 0.878427625 0.0311674476 0.669880867
    0.0148338675 0.207520902 0.0535044074 0.839632213 0.0801672935
    0.63800621 0.0315012336 0.26681301 0.870604515 0.313478202
    0.977910757 0.0591645241 0.736998558 0.240720749 0.422467798
    0.113361806 0.166125 0.39740929 0.426514924 0.30672586 0.706186771
    0.588943601 0.0252511799 0.796460748 0.879982293 0.345401734
    0.719478965 0.324363947 0.000254273415 0.219459891 0.0252853632
    0.0452699661 0.184246778 0.776786268 0.571571708 0.465560764
    0.297925413 0.130422026 0.855621815 0.815728307 0.234554619
    0.0336019099 0.766498804 0.651341796 0.467679501 0.288500875
    0.937428236 0.76550591 0.262724757 0.783047199 0.652031183
    0.220196337 0.78973794 0.341496825 0.467512488 0.108075291
    0.836115718 0.970249474 0.0882796943 0.304454595 0.236873329
    0.833918452 0.230253577 0.516160607 0.584209919 0.489211172
    0.44240129 0.268823743 0.642547071 0.412733465 0.928921342
    0.905832052 0.802024603 0.0634158254 0.867515743 0.00623252988
    0.455690205 0.394253254 0.239671618 0.174117774 0.236309081
    0.633317351 0.544888258 0.322974265 0.679570019 0.88384223
    0.764262557 0.985463619 0.91567409 0.396881491 0.915553749
    0.581925035 0.370769083 0.312917948 0.434495807 0.726382017
    0.0128290057 0.429996312 0.134168148 0.591755211 0.851405323
    0.836527288 0.432975739 0.990645468 0.357489049 0.526765585
    0.471390605 0.943112373 0.211075455 0.998296022 0.905038714
    0.157018304 0.750176132 0.70414114 0.0314903259 0.748026848
    0.831546068 0.797998369 0.248303592 0.385061085 0.677903414
    0.298196495 0.167836159 0.550809264 0.484000713 0.466787219
    0.630630016 0.672838032 0.596702337 0.915725946 0.0445407629
    0.000648081303 0.175614238 0.227397323 0.800562739 0.73897773
    0.256606281 0.344465315 0.148778081 0.708224773 0.301183999
    0.229394257 0.369610041 0.472856849 0.989339948 0.379805028
    0.0657579601 0.790396094 0.825819492 0.0385429561 0.44241491
    0.22917667 0.534454584 0.086774528 0.509993851 0.0811912715
    0.259178162 0.464540809 0.0683237612 0.250999182 0.761488318
    0.0582191944 0.845477402 0.832478821 0.511199355 0.67264843
    0.518383801 0.370275199 0.567604184 0.703032732 0.454397589
    0.627783835 0.0661082864 0.297435641 0.201338381 0.985621929
    0.131053776 0.555086374 0.388989925 0.160236418 0.597298861
    0.628174126 0.79387784 0.629912138 0.532315195 0.100143522
    0.697740138 0.796991348 0.83131063 0.840821266 0.457303375
    0.81167078 0.754564404 0.761396289 0.0910498798 0.426939934
    0.0104291737 0.883438587 0.0600056648 0.0283665657 0.551482558
    0.416251421 0.130337894 0.112561285 0.969433784 0.519666076
    0.870238304 0.604201496 0.402163774 0.435530037 0.524839699
    0.822284341 0.845960498 0.894845724 0.752257109 0.29674238
    0.733088434 0.397616565 0.71841538 0.383190811 0.332244396
    0.506460965 0.186156958 0.55547595 0.27434361 0.13727209
    0.0474734902 0.121299684 0.535961151 0.412335038 0.31448698
    0.425928831 0.708379149 0.74500519 0.609086871 0.239368737 0.2686584
    0.773187041 0.209909916 0.375984222 0.0921243429 0.806949735
    0.931933522 0.221729755 0.707600355 0.886927843 0.382708967
    0.430476993 0.728391469 0.427646935 0.322899133 0.70007813
    0.165717214 0.554358721 0.690791726 0.476541519 0.172559738
    0.894500613 0.734365106 0.853337944 0.744204044 0.387809932
    0.59962815 0.911812603 0.240496546 0.0738259554 0.181631476
    0.668988585 0.665144086 0.223748803 0.243472993 0.266437858
    0.43785283 0.436956346 0.743616998 0.957996607 0.850362659
    0.259960383 0.108434856 0.61530304 0.163635612 0.179549456
    0.638726234 0.405173302 0.779887497 0.581349075 0.723271489
    0.676092863 0.621310771 0.591740727 0.12283498 0.811899304
    0.983916879 0.0665703118 0.772985876 0.0140700936 0.741065145
    0.111716628 0.841203809 0.187662274 0.810391545 0.0904735923
    0.29252094 0.534857392 0.4316113 0.982138753 0.454618484 0.249229431
    0.00983858109 0.862392724 0.124403596 0.0809344947 0.507233977
    0.465042144 0.0360371768 0.415724039 0.880323112 0.93347311
    0.294554174 0.986712813 0.528150916 0.917518973 0.61368978
    0.00299823284 0.514123738 0.112745255 0.451858789 0.206049621
    0.021604985 0.655616105 0.866870761 0.183923602 0.786834955
    0.10813579 0.616222858 0.628478169 0.999914289 0.930036187
    0.92478776 0.401417077 0.905477285 0.394322097 0.446926415
    0.281266749 0.74718076 0.441059381 0.0645755529 0.167308182
    0.402866274 0.677674592 0.0634931326 0.769441366 0.229650021
    0.752174616 0.176393569 0.541176438 0.0147527158 0.241765529
    0.138955921 0.187951148 0.208111644 0.537026823 0.305244744
    0.261248112 0.47412017 0.932750821 0.117505163 0.0662494004
    0.947469234 0.236002237 0.623371065 0.244302481 0.840810716
    0.63669765 0.0313798487 0.745485365 0.867504597 0.852714419
    0.161617547 0.516302288 0.138561666 0.490096569 0.877189457
    0.574184179 0.933837295 0.382843673 0.85321331 0.451367348
    0.176882446 0.19759497 0.921027482 0.457943618 0.355159789
    0.401480794 0.437152147 0.151893675 0.478422284 0.00237813592
    0.302220225 0.703017473 0.0840596855 0.794071794 0.145952553
    0.283387959 0.855460048 0.240068108 0.931187391 0.758704305
    0.0412952006 0.840140522 0.368930638 0.77018398 0.953590274
    0.0666673183 0.900353372 0.315784752 0.365490437 0.213588834
    0.805769324 0.935879469 0.412160039 0.977044225 0.172367632
    0.137061179 0.887257755 0.409776419 0.720102012 0.870038688
    0.871028185 0.601990879 0.563055396 0.226615906 0.0145991445
    0.711325943 0.0245037675 0.950196981 0.436442673 0.956220627
    0.882632315 0.957889318 0.3271797 0.516676903 0.521930516
    0.703597844 0.588729918 0.813846707 0.821096301 0.0450588465
    0.907549739 0.336665809 0.525681555 0.168829918 0.541244686
    0.636235535 0.241947442 0.279225647 0.592894912 0.175418586
    0.0673550069 0.525318325 0.943780899 0.368384272 0.411743045
    0.577403009 0.200308591 0.777783513 0.086810559 0.0880419612
    0.330270827 0.923629403 0.284186125 0.351593256 0.14721784
    0.346309125 0.394827783 0.708359063 0.514234722 0.171639144
    0.368186355 0.157583028 0.829722404 0.228673637 0.00499117374
    0.120981187 0.264211148 0.0208671391 0.579857409 0.697898328
    0.680974782 0.194263607 0.156629294 0.429839283 0.596940339
    0.185019016 0.916295171 0.695374668 0.349719942 0.388443947
    0.141193509 0.2429277 0.0329152048 0.572712898 0.901702404
    0.332894057 0.0521444082 0.237564594 0.856068909 0.388177752
    0.61711818 0.0840559006 0.6863662 0.452608943 0.387609869
    0.0477620065 0.501551092 0.517109931 0.181714058 0.792135835
    0.846312821 0.884527802 0.720852315 0.424657464 0.203985631
    0.807324409 0.273912877 0.124103665 0.379721165 0.360675663
    0.604357958 0.510346055 0.378017962 0.424649119 0.600514293
    0.548816979 0.376474917 0.826648831 0.600008249 0.920555115
    0.188476682 0.491369188 0.20678255 0.279475629 0.740810037
    0.31766963 0.465553701 0.80003643 0.463985562 0.786478698
    0.0787690878 0.178317666 0.765514135 0.269457102 0.218893021
    0.925165594 0.45938307 0.0796710253 0.195516318 0.123715043
    0.586876392 0.387039691 0.347930431 0.212592989 0.536428273
    0.497126669 0.548888326 0.203117251 0.177364886 0.282102585
    0.802972436 0.89969027 0.996577859 0.894055724 0.59232682
    0.117235541 0.663451493 0.93567276 0.39308995 0.835600793
    0.399977803 0.265934527 0.900793195 0.826989591 0.179512084
    0.881596386 0.95218879 0.814509511 0.392697543 0.580529213
    0.631009936 0.379247785 0.19389683 0.65217495 0.355254531
    0.643784285 0.0631123781 0.157184631 0.270415723 0.678627312
    0.409902543 0.661877394 0.402957976 0.400335282 0.0684896111
    0.511614203 0.534236789 0.732576013 0.575016379 0.369616091
    0.818785429 0.301517725 0.768996418 0.667438507 0.0219753981
    0.814480126 0.150195837 0.696399212 0.993415117 0.796345949
    0.632173836 0.362062901 0.0916728675 0.946240246 0.407998145
    0.214594662 0.303928494 0.357986152 0.974439144 0.964072406
    0.383592784 0.842980981 0.771102607 0.379224539 0.157486647
    0.946385026 0.81343329 0.210512727 0.870664954 0.237466663
    0.440498829 0.48553589 0.733223557 0.203311235 0.126582533
    0.589466155 0.881490946 0.00410023332 0.376637548 0.980094016
    0.22076121 0.388920963 0.0852123797 0.711283803 0.639252126
    0.539421678 0.42896831 0.444892883 0.564921439 0.326807857
    0.693622231 0.887915194 0.456887007 0.787552714 0.331992239
    0.133223146 0.479721606 0.918606758 0.353352606 0.16546303
    0.699763298 0.378268331 0.429392636 0.0193244219 0.0446022451
    0.323267341 0.54425025 0.322973579 0.890724123 0.547401249
    0.847567916 0.318237782 0.224808663 0.754007757 0.685724437
    0.231786132 0.48851642 0.896033108 0.00206270814 0.837949038
    0.729943633 0.281080008 0.30488342 0.484653413 0.900371432
    0.959400892 0.238923073 0.296982557 0.44269976 0.298730791
    0.62275362 0.818861008 0.902427316 0.547506809 0.577955663
    0.337854683 0.330403388 0.444309831 0.730673075 0.175110817
    0.723000824 0.755255699 0.483314753 0.256038934 0.543222725
    0.799776316 0.294058144 0.0159912109 0.803358018 0.853741109
    0.428734183 0.217952341 0.438608915 0.502532899 0.383222342
    0.620734036 0.330672562 0.0533961356 0.88247335 0.689677358
    0.90671891 0.139894724 0.76573807 0.210174769 0.238702297
    0.925507307 0.785216093 0.844762802 0.730311394 0.097837925
    0.27736944 0.48139891 0.238844424 0.997571826 0.404486269
    0.230354905 0.544986308 0.576162577 0.874136627 0.552606046
    0.827608943 0.522040009 0.403866231 0.695169508 0.781551242
    0.22702983 0.869911909 0.437635839 0.889489174 0.957927704
    0.881607711 0.235832244 0.874665201 0.226352006 0.833137453
    0.218911886 0.444403797 0.971119165 0.904831886 0.99999392
    0.544681847 0.707073689 0.0611267686 0.422544599 0.704992414
    0.0381899178 0.12576136 0.416653007 0.773603678 0.200313389
    0.143172592 0.714816213 0.121568829 0.879926085 0.106612504
    0.880357623 0.00100469589 0.0748577416 0.329141915 0.0621413887
    0.030721873 0.604561627 0.131415427 0.408902317 0.34551242
    0.732643902 0.867637634 0.0968630612 0.951778769 0.722419262
    0.018421948 0.887052774 0.418525606 0.455829591 0.909122705
    0.996432424 0.957728982 0.832413018 0.628898144 0.499034971
    0.837355673 0.729722798 0.0844660699 0.295459181 0.308022857
    0.0714906454 0.874562562 0.753136635 0.721971154 0.36194241 0.463615
    0.122707903 0.520652711 0.594928622 0.627743185 0.336464524
    0.609188557 0.500202239 0.0646463931 0.140436649 0.628427923
    0.351304352 0.246912181 0.681203008 0.0772767067 0.481185973
    0.112675905 0.362490952 0.550991774 0.503385186 0.115408599
    0.964840293 0.351167679 0.935412943 0.297026396 0.959005475
    0.466462553 0.419285834 0.156467587 0.956339598 0.319179773
    0.357372642 0.575012088 0.454769462 0.522335649 0.255133599
    0.648665309 0.277472585 0.797431946 0.299059927 0.21241954
    0.928303361 0.272753358 0.244894564 0.0847420692 0.872912705
    0.72540915 0.0613301396 0.722043395 0.488148093 0.69223541
    0.379676282 0.464395434 0.217430443 0.928631246 0.956851602
    0.261822015 0.414677024 0.732336164 0.579882383 0.0131717622
    0.441115499 0.744747341 0.997517824 0.871804595 0.507748783
    0.973744988 0.62566632 0.823257565 0.987699628 0.717099428
    0.0590807796 0.657670021 0.179967135 0.360346377 0.60786587
    0.924228072 0.621457458 0.250752479 0.794027328 0.411260247
    0.269467175 0.962868571 0.275373966 0.542927921 0.496138275
    0.250159979 0.323718548 0.93348366 0.155589432 0.734597564
    0.129949689 0.832691491 0.999313951 0.709095001 0.978108168
    0.662530661 0.61353749 0.821547389 0.0266917944 0.267987967
    0.932253718 0.0482861996 0.16828528 0.37594837 0.691410542
    0.906674206 0.769625843 0.871863484 0.618972242 0.9777987
    0.617812097 0.759365737 0.167457014 0.315266192 0.975439429
    0.139007717 0.10040924 0.10766381 0.593487382 0.108228266
    0.921613932 0.0996320546 0.953076005 0.870129585 0.486547947
    0.451218784 0.513860762 0.264360011 0.0368467569 0.678965569
    0.974856973 0.958532989 0.846395791 0.531637728 0.334854007
    0.198857039 0.560276508 0.296446413 0.306056529 0.282454163
    0.606020927 0.703229845 0.778187335 0.763033509 0.269941568
    0.750320315 0.194016993 0.910409153 0.861766338 0.0678590834
    0.217031002 0.189807385 0.746108055 0.421112299 0.2718153
    0.160756022 0.52772671 0.944984317 0.307014018 0.831205308
    0.723904133 0.0291120708 0.933361709 0.756004035 0.00760114193
    0.0917116404 0.5174613 0.805898428 0.994477153 0.00370058417
    0.0223589242 0.93008709 0.64145273 0.269055516 0.225526005
    0.422106564 0.217520297 0.213342905 0.954009175 0.334336758
    0.34745127 0.182641834 0.480453372 0.812030673 0.991485357
    0.606847823 0.38286677 0.724644899 0.311391175 0.828685403
    0.85412544 0.19047752 0.0344623029 0.476816118 0.252184927
    0.64541024 0.255901337 0.436788023 0.874505639 0.433985204
    0.707443058 0.693532705 0.262180507 0.983721375 0.0318264663
    0.145752847 0.821987391 0.149335206 0.170843512 0.31435588
    0.52406168 0.262246639 0.99333775 0.140851259 0.262816906 0.15695104
    0.977743387 0.696537197 0.364124566 0.258765996 0.00480696559
    0.593903601 0.490878165 0.00991407037 0.0814217627 0.748506665
    0.0393774509 0.295218468 0.646090209 0.216680199 0.0778233707
    0.638852954 0.746972144 0.23033306 0.553171933 0.113592952
    0.595778167 0.530293286 0.599401534 0.322121263 0.104344249
    0.06690377 0.115749598 0.424034536 0.413848877 0.878883958
    0.873808086 0.593344808 0.824358344 0.478602678 0.51409781
    0.802549839 0.974186003 0.725365996 0.865261793 0.375493169
    0.621469259 0.196656495 0.389335245 0.888073146 0.0128148794
    0.267139703 0.0365370512 0.126924694 0.0469807684 0.830570936
    0.940213263 0.996598125 0.577956736 0.260518461 0.532969892
    0.616581261 0.434198976 0.826986849 0.760510445 0.322848082
    0.9478724 0.589652896 0.216296315 0.353593409 0.354241967
    0.706633091 0.974220395 0.28710413 0.602949798 0.799956203
    0.319600821 0.196357548 0.142384231 0.00682538748 0.0701211393
    0.304616541 0.628847003 0.449308813 0.853892386 0.8695364
    0.797110736 0.801241219 0.532499135 0.860402405 0.516025841
    0.60471344 0.432900816 0.951703906 0.716654301 0.30663538 0.39708209
    0.245795786 0.266274989 0.465191096 0.809447885 0.273766816
    0.974513412 0.518654644 0.660169601 0.00445243716 0.896369934
    0.990583658 0.406565309 0.504437089 0.650572181 0.623423219
    0.662053525 0.0983195901 0.985779047 0.474247456 0.790758133
    0.0170788765 0.731185198 0.970707297 0.598677337 0.986801565
    0.442286432 0.707424283 0.584219217 0.544655561 0.110767603
    0.284470737 0.724978805 0.210818231 0.551700294 0.610930324
    0.707101703 0.830810428 0.75525105 0.793486655 0.571001768
    0.0614266098 0.562544107 0.172316432 0.557922661 0.711985767
    0.870124459 0.0435694456 0.893714905 0.620051444 0.86262846
    0.142521352 0.630870044 0.800040483 0.822823405 0.8747648
    0.999043465 0.995423138 0.685816646 0.755707085 0.410254925
    0.426436812 0.105419487 0.261138737 0.50394547 0.471761227
    0.225167185 0.943925619 0.960688114 0.500113308 0.795191824
    0.0500602722 0.537607372 0.308874756 0.925736189 0.382452816
    0.659648776 0.271901548 0.189258993 0.79867065 0.912312984
    0.110156596 0.200224012 0.0654236674 0.43927592 0.0851452053
    0.0733783245 0.548639357 0.455409139 0.337680876 0.863043666
    0.717182338 0.294806421 0.731369317 0.638190925 0.0183846354
    0.471555591 0.879235148 0.845171571 0.711305261 0.275730014
    0.124317884 0.336300731 0.48991394 0.98403281 0.440850168
    0.655065715 0.858879685 0.370298982 0.297826201 0.322202265
    0.945660472 0.206319928 0.205942094 0.435917825 0.676429152
    0.751165867 0.200422049 0.596783817 0.535921514 0.397814393
    0.906146288 0.689997673 0.377066374 0.674420476 0.830695927
    0.957295299 0.674670458 0.00199946761 0.762338996 0.331341237
    0.554017305 0.72423923 0.279294759 0.0986421108 0.890943527
    0.792690754 0.343959153 0.88412112 0.435357809 0.720016897
    0.621120811 0.214479506 0.105516255 0.559073627 0.140699625
    0.267780274 0.231686026 0.898245215 0.29848367 0.0730263591
    0.679810584 0.551815629 0.0878100991 0.74928987 0.268660665
    0.0104335845 0.475343406 0.527846694 0.678842068 0.111338139
    0.12660411 0.769882441 0.603224874 0.691152692 0.506798983
    0.304276347 0.0293211937 0.671088636 0.776227474 0.660271406
    0.380829662 0.381522119 0.0246305466 0.347376972 0.210437804
    0.817221761 0.87348938 0.503622293 0.582392275 0.826846242
    0.474329323 0.812907696 0.368821412 0.764077306 0.933811188
    0.866402745 0.717080832 0.476728112 0.780976892 0.247834772
    0.952824831 0.0640979409 0.788014531 0.335813671 0.557653666
    0.218675643 0.463203996 0.927899063 0.132589042 0.0319457054
    0.652794302 0.457090944 0.255418956 0.387848228 0.180217117
    0.0404518247 0.731469393 0.787166357 0.106725693 0.569614291
    0.859707713 0.867550373 0.694790125 0.615921199 0.250330001
    0.643527389 0.449514687 0.611824512 0.146094471 0.623133361
    0.0719058216 0.0232685804 0.00111472607 0.868249357 0.831802964
    0.398819268 0.7751683 0.875950575 0.832971931 0.586965442
    0.056535542 0.306215167 0.626466811 0.96354425 0.13634491
    0.00390014052 0.0498410165 0.925795197 0.563007772 0.00707450509
    0.159930706 0.867401123 0.076605916 0.0562263727 0.210470498
    0.103949636 0.90193522 0.931140065 0.775241435 0.113264143
    0.927274108 0.260831952 0.0894629061 0.882601261 0.116527766
    0.48721981 0.45040369 0.791816473 0.133289993 0.796287358
    0.793419003 0.398129821 0.237061173 0.130008757 0.452194691
    0.114716828 0.87885195 0.832515121 0.941311359 0.651718736
    0.124939412 0.661585867 0.907034576 0.701099873 0.935566723
    0.305092573 0.784785628 0.705623984 0.921502233 0.363734603
    0.94605422 0.989573598 0.74628973 0.711560249 0.0704943538
    0.456018448 0.168531656 0.852116823 0.936522901 0.289476842
    0.403912425 0.148846924 0.660094857 0.542892277 0.741541147
    0.542874634 0.0455942452 0.0225749612 0.77696979 0.459379315
    0.581115961 0.847749829 0.00499498844 0.417281687 0.663551331
    0.632508099 0.861169815 0.0148094296 0.754517674 0.981493294
    0.876859009 0.632263362 0.28223139 0.830563366 0.447292656
    0.113012016 0.452229232 0.61559546 0.491916597 0.0179847479
    0.449485153 0.679689944 0.553110957 0.159281135 0.151398271
    0.724814415 0.548001051 0.0326290429 0.843224406 0.0444607735
    0.824838638 0.935845971 0.426739186 0.623571336 0.530692339
    0.491011947 0.789479733 0.982069254 0.063308537 0.686279774
    0.0432310402 0.605799258 0.717226803 0.973975539 0.0183840096
    0.802975416 0.908417583 0.981947899 0.297195792 0.151019126
    0.994776845 0.504780352 0.87514323 0.824074507 0.723594606
    0.236551613 0.520683527 0.0468639135 0.418808132 0.0167462826
    0.431959778 0.921123266 0.82932198 0.715685606 0.900737762
    0.810809195 0.445789486 0.501952052 0.265139341 0.248919517
    0.736518741 0.898584723 0.207149327 0.977072418 0.151279807
    0.374023288 0.685143769 0.18225646 0.00819140673 0.417240351
    0.0131725371 0.442365497 0.57599622 0.379391313 0.7346977
    0.350261033 0.879627585 0.598592997 0.384035408 0.928499401
    0.385943323 0.808165789 0.85203886 0.806615591 0.412362903
    0.51596719 0.0397590995 0.999126792 0.000996559858 0.0278909504
    0.366371572 0.430709839 0.346078336 0.304695904 0.916906238
    0.89748615 0.925688982 0.305683762 0.521929264 0.179494351
    0.59085381 0.485918969 0.599536419 0.337919652 0.542903781
    0.27944988 0.194926947 0.0298213959 0.164434403 0.190576345
    0.924973726 0.662747324 0.632339954 0.883591533 0.504622459
    0.282389581 0.336228311 0.682033718 0.794042587 0.460618258
    0.708174765 0.681985259 0.911117911 0.549051583 0.671439409
    0.160228431 0.449867129 0.625002384 0.606251776 0.2194148
    0.875815511 0.349004358 0.607552946 0.803456903 0.541145205
    0.272836566 0.192214876 0.143519223 0.654311478 0.225896925
    0.247056216 0.291338146 0.454008579 0.446056575 0.612576306
    0.852404237 0.619759738 0.588286817 0.91676563 0.64707917
    0.387170851 0.0161045194 0.649921536 0.508051097 0.399657905
    0.537643015 0.323982537 0.823037624 0.909024 0.320699811 0.220532984
    0.12432152 0.235264182 0.796759248 0.215112031 0.313978761
    0.12178266 0.0768710971 0.746652842 0.723146915 0.247156173
    0.945156991 0.978458583 0.0765154362 0.238348633 0.693730056
    0.0506258011 0.0489156246 0.143597215 0.717093885 0.517441869
    0.453532308 0.724257112 0.307253778 0.731273293 0.156344116
    0.164830744 0.763825774 0.99044764 0.607563496 0.376024872
    0.101392657 0.632405758 0.691779792 0.798924685 0.537896633
    0.93450737 0.224844754 0.125675887 0.956760883 0.811456323
    0.897311985 0.23220849 0.497035354 0.984306455 0.352233887
    0.810432076 0.652389109 0.57148701 0.768815517 0.687083304
    0.415373504 0.681294084 0.584363937 0.0695715249 0.0626661479
    0.149379462 0.372720242 0.787128687 0.125094861 0.969938278
    0.381384879 0.0312228501 0.0338781476 0.54811424 0.500542283
    0.102554083 0.0956591964 0.754318118 0.295790195 0.00148674846
    0.132284164 0.451821208 0.654488146 0.331794858 0.361834973
    0.777302861 0.946667671 0.374864697 0.378941447 0.105904043
    0.726645589 0.729822099 0.939888477 0.551364779 0.639748335
    0.787204981 0.562659085 0.53571099 0.642285824 0.420307577
    0.710730851 0.14490813 0.271338165 0.0574243069 0.793530643
    0.749238968 0.713687599 0.552177727 0.86458528 0.680539608
    0.898211956 0.0823098123 0.67562741 0.937770903 0.228851229
    0.273391306 0.776096344 0.87146008 0.74131608 0.207968175
    0.724419415 0.390968561 0.547021031 0.827630341 0.498991013
    0.390456527 0.216723979 0.785959244 0.89981389 0.0941631794
    0.52699548 0.319909692 0.414273798 0.0748472214 0.240266949
    0.85127008 0.74124825 0.473168045 0.853657782 0.924514294
    0.647541881 0.126742423 0.099434793 0.187881857 0.842486024
    0.528241396 0.157473654 0.448788643 0.791184008 0.860668302
    0.390525341 0.397767127 0.775804996 0.0657274425 0.85490334
    0.731725693 0.342213213 0.951386273 0.721228361 0.992616355
    0.185086101 0.616652727 0.912635446 0.109117061 0.0897222757
    0.583502948 0.538014352 0.625621915 0.052814275 0.716368198
    0.476887226 0.729456782 0.669942677 0.425372839 0.847520351
    0.877676368 0.244362682 0.86493504 0.052103281 0.966632843
    0.307289898 0.71142298 0.832507253 0.698749423 0.293585241
    0.116058558 0.437972128 0.902753532 0.505835891 0.587294877
    0.739817858 0.374905527 0.14847964 0.70846808 0.630690157
    0.772897243 0.647738576 0.25713405 0.28182137 0.073771894 0.58543849
    0.147355855 0.993220389 0.250995517 0.39905262 0.131817728
    0.296201169 0.180505008 0.942796588 0.14817071 0.952237189
    0.885981381 0.836775064 0.577984512 0.971302867 0.608450651
    0.221244544 0.826251984 0.832377076 0.952677846 0.43076843
    0.703987718 0.630838096 0.203615248 0.451902837 0.818660259
    0.170624793 0.739714265 0.211466521 0.00613319874 0.638738155
    0.939030766 0.846192479 0.689924121 0.2918787 0.14035821
    0.00131136179 0.253200024 0.353124231 0.730930448 0.248937398
    0.98650521 0.921065271 0.174897045 0.236477643 0.316494882
    0.932219267 0.00526174903 0.745399773 0.312396675 0.488345563
    0.85117352 0.527322769 0.594970524 0.217981279 0.750788867
    0.534650743 0.0675260127 0.282602668 0.131073028 0.819477797
    0.0361701548 0.954126358 0.31194365 0.102984518 0.145452499
    0.300414443 0.94879806 0.169172853 0.332737833 0.671341658
    0.12592572 0.742095411 0.284004629 0.49031201 0.744115829
    0.219037473 0.547602117 0.742082059 0.801432967 0.207345456
    0.717184424 0.0223104954 0.80498749 0.0964135528 0.637403488
    0.870825648 0.831693053 0.0600222945 0.785425007 0.0722052157
    0.294066906 0.587251842 0.00727429986 0.550299168 0.958935857
    0.0578944385 0.626841187 0.0479956567 0.406906426 0.966057539
    0.43644014 0.720934927 0.232523531 0.313925445 0.0214217007
    0.52503252 0.694659233 0.938282013 0.158399254 0.115243405
    0.0593592227 0.669790924 0.736717343 0.936788917 0.658488154
    0.808275342 0.969992161 0.577273846 0.696498156 0.555606306
    0.703914762 0.83416307 0.343800128 0.0417426825 0.665862799
    0.356643021 0.128216267 0.800253212 0.493093193 0.13039431
    0.697926164 0.0563351512 0.630805254 0.781177759 0.58104831
    0.583744168 0.527337253 0.504314363 0.733075023 0.158326894
    0.74844861 0.643220901 0.716862261 0.928832531 0.304308951
    0.272835076 0.107540697 0.394535303 0.53848213 0.133347154
    0.458029181 0.302142322 0.497567892 0.277357042 0.788478732
    0.0138936341 0.570172608 0.0874083936 0.305298775 0.580639482
    0.919608831 0.549966872 0.449962914 0.0252502859 0.249774396
    0.142182738 0.421709329 0.881219864 0.215223014 0.468614876
    0.0760810971 0.65853554 0.792636633 0.228707314 0.745370984
    0.363175273 0.522799432 0.629140854 0.8116166 0.420317888
    0.196453243 0.770492315 0.649497271 0.63068819 0.0292730629
    0.106503397 0.906090498 0.980367303 0.5157547 0.211969078
    0.862568557 0.0296117961 0.230125636 0.312716365 0.865829587
    0.539116204 0.731794894 0.927310348 0.645377994 0.0484793782
    0.0446815789 0.245524406 0.57980299 0.246762395 0.913764477
    0.306320608 0.10619238 0.596661747 0.076361686 0.0809229016
    0.603641152 0.324419737 0.767303824 0.0866937041 0.406748921
    0.284837127 0.0403918624 0.470447958 0.203247786 0.0526800156
    0.818860829 0.0630475879 0.908483863 0.118628293 0.481397986
    0.551196992 0.0666990876 0.847653985 0.75705725 0.346503377
    0.172378808 0.223423332 0.71804446 0.30733481 0.130217314
    0.981633067 0.11642164 0.904307127 0.322297275 0.214755893
    0.839506745 0.539550185 0.398232281 0.745616078 0.432250261
    0.179977268 0.357731879 0.664307714 0.349339336 0.124056756
    0.862303734 0.532669127 0.755200744 0.221618921 0.265531123
    0.786010504 0.316715658 0.0468116403 0.102412313 0.0603675246
    0.328659713 0.407770574 0.863607764 0.51489687 0.388379067
    0.813645542 0.599997461 0.608257711 0.3961941 0.507518709
    0.334076703 0.0992068946 0.0643578172 0.183452576 0.795571804
    0.859251261 0.197708189 0.121680647 0.79454565 0.456879377
    0.276787937 0.375878811 0.871914685 0.565085709 0.566147566
    0.680854023 0.329996228 0.661947012 0.310749769 0.92745173
    0.468553782 0.153347999 0.0976588726 0.640682459 0.964350104
    0.437497497 0.654670238 0.0229538679 0.392371148 0.74645257
    0.622832298 0.821706057 0.40238744 0.995395184 0.651396155
    0.353291661 0.670368671 0.212106675 0.852830648 0.0226401687
    0.380363882 0.128072828 0.475376517 0.457691699 0.0282742381
    0.910504818 0.590202451 0.730447829 0.223741919 0.678142786
    0.76289767 0.576377332 0.963879704 0.15962255 0.283880234
    0.538642824 0.65787673 0.582627356 0.164351195 0.40388757
    0.0507881641 0.333290935 0.329292357 0.0240850747 0.1588521
    0.346227884 0.31354934 0.893756747 0.0369917154 0.465247929
    0.284099042 0.395160526 0.900752902 0.0309296846 0.358713657
    0.186568409 0.931444407 0.89424634 0.248716384 0.175739169
    0.750122607 0.554732203 0.65870142 0.705474973 0.850725532
    0.678385675 0.968123078 0.414843053 0.999082685 0.77899605
    0.767423272 0.877266884 0.206747174 0.760705352 0.267163515
    0.255336374 0.208225131 0.132407546 0.619873703 0.127756536
    0.489720225 0.186795086 0.0642313659 0.9455055 0.578928888
    0.462267458 0.964573026 0.432864845 0.627470851 0.752422571
    0.234097362 0.986858487 0.0649614632 0.815600216 0.424663156
    0.548462272 0.856870174 0.519104958 0.0199115276 0.737018824
    0.535751939 0.251091421 0.625041127 0.65688014 0.834509611
    0.0571633875 0.873535275 0.751508236 0.277101815 0.126713872
    0.471212476 0.40403378 0.358609647 0.386859536 0.284320652
    0.94602859 0.712302864 0.231016606 0.296234667 0.853314281
    0.929989278 0.79304862 0.788056254 0.792796373 0.728978157
    0.0771430731 0.520314932 0.0369504988 0.521555185 0.828332424
    0.409540385 0.421175897 0.957574129 0.817849398 0.541176379
    0.965219378 0.715994895 0.700603962 0.463678569 0.188031673
    0.643633723 0.725357592 0.53956753 0.0034673512 0.8241238
    0.825312376 0.896428585 0.369306773 0.243722409 0.964810729
    0.998646736 0.482336283 0.504103541 0.486712337 0.414064914
    0.534609675 0.958812714 0.280843943 0.857738256 0.010917604
    0.118389606 0.833327532 0.00234025717 0.718048871 0.174787551
    0.492782056 0.209646374 0.955987096 0.823666573 0.763632357
    0.303298682 0.998485029 0.965448856 0.283821583 0.00855478644
    0.64439404 0.755998313 0.743992269 0.583256006 0.829621077
    0.898717284 0.85041368 0.549342692 0.402424157 0.801697016
    0.981956482 0.726355374 0.0789420307 0.183098704 0.26288712
    0.180732846 0.0776466131 0.48288098 0.229181588 0.396116912
    0.732417583 0.182608753 0.220358193 0.616303802 0.775538027
    0.617728472 0.446675509 0.811126411 0.607693493 0.467488348
    0.299514651 0.569262147 0.835796177 0.310742497 0.341804504
    0.323557943 0.0916983187 0.0292303562 0.479708791 0.188351244
    0.890376687 0.735167265 0.841757178 0.739103556 0.95901829
    0.950526834 0.436458439 0.599467993 0.00850513577 0.544798851
    0.00613811612 0.0576108396 0.962529123 0.689109325 0.821826816
    0.631797552 0.925513506 0.613828063 0.878231287 0.00399574637
    0.381868631 0.656437099 0.241836011 0.219634444 0.00730121136
    0.5937801 0.334007978 0.694330096 0.811529815 0.18401745 0.890684962
    0.671617806 0.72793299 0.17426616 0.911036074 0.151647717
    0.105214417 0.9899894 0.289732873 0.950707912 0.467573434
    0.541804969 0.652873099 0.890263557 0.409753919 0.342322588
    0.417568862 0.374014139 0.0261870921 0.934792697 0.133399755
    0.536085606 0.999278903 0.0114478171 0.37071082 0.423034012
    0.121864796 0.62386179 0.268960238 0.532392681 0.120435148
    0.741095066 0.540832996 0.0711788535 0.0900562406 0.0583679676
    0.852312326 0.249200761 0.56937778 0.9266572 0.41903165 0.780860782
    0.253091216 0.316844881 0.0960026979 0.334166557 0.904741526
    0.194898069 0.248280048 0.99826622 0.04244259 0.134935737
    0.931254089 0.243523747 0.756528139 0.346088469 0.713491738
    0.350287974 0.230082601 0.308473527 0.238087922 0.863591194
    0.273241937 0.528840184 0.925830305 0.563998699 0.102553308
    0.66778779 0.60935396 0.594833791 0.957957387 0.0538945794
    0.875312209 0.16923213 0.504616261 0.718283117 0.534051538
    0.925181031 0.165225625 0.46765402 0.451842964 0.778805971
    0.807550728 0.109181613 0.628522873 0.121103883 0.0804944038
    0.950040817 0.132459074 0.121841133 0.950730681 0.0366021693
    0.783432662 0.514379144 0.187933177 0.555207372 0.686548352
    0.291448236 0.238182634 0.927311361 0.801960707 0.98349607
    0.783506989 0.776039064 0.208447307 0.827783465 0.811582923
    0.11248675 0.969755888 0.78613919 0.121823281 0.276181996 0.59605515
    0.825047374 0.406973958 0.862996161 0.112111717 0.453226417
    0.83315897 0.311504662 0.012378931 0.816825032 0.377839893
    0.516150236 0.70796752 0.964782178 0.332582623 0.346415162
    0.54566741 0.341198146 0.968875825 0.544558287 0.786147237
    0.710877538 0.189269423 0.889000893 0.273962796 0.14850679
    0.636906624 0.916626215 0.519267142 0.112463206 0.185826331
    0.0727235973 0.980934739 0.481607616 0.546499252 0.414604902
    0.798724174 0.872435093 0.0260653198 0.591457009 0.00787755847
    0.805833995 0.084290266 0.603508055 0.278388709 0.229992568
    0.442761928 0.84780699 0.17525059 0.592032254 0.154806167 0.32379806
    0.44619894 0.222545654 0.48497048 0.862292767 0.472082257
    0.111109227 0.909052491 0.923603177 0.510921896 0.946580648
    0.827282906 0.479311079 0.362522304 0.843240619 0.74186188
    0.376811624 0.281395406 0.286590487 0.891813874 0.652073979
    0.801203549 0.178061008 0.641812682 0.458793074 0.826575637
    0.618931651 0.374130279 0.19453612 0.121629566 0.108821094
    0.173989385 0.131717473 0.0915929079 0.680603743 0.0837076604
    0.629386246 0.52853024 0.361971974 0.572619975 0.14542222
    0.911271811 0.0668720305 0.38170737 0.639808774 0.696792305
    0.81596148 0.745452285 0.939032555 0.565531254 0.719281733
    0.360401332 0.81496799 0.97026825 0.755833983 0.564520299
    0.368041635 0.657872438 0.526398003 0.663723469 0.911642909
    0.915734649 0.35286209 0.437043339 0.828668594 0.845204949
    0.629889488 0.918163478 0.458522886 0.641348422 0.228532195
    0.922626257 0.331065595 0.569436312 0.516177595 0.392359495
    0.424960792 0.402023047 0.393847018 0.907860041 0.646447778
    0.76967001 0.582661211 0.487752944 0.0586152375 0.306036651
    0.263589412 0.856875658 0.0218479335 0.433059216 0.517150104
    0.332150728 0.676573217 0.7510221 0.920156956 0.177654684
    0.410150379 0.323848635 0.243537575 0.552638829 0.217808664
    0.192182988 0.320676386 0.458910584 0.334576547 0.0117394626
    0.650913239 0.696328521 0.791200161 0.474202931 0.520030737
    0.630863726 0.40251261 0.145490229 0.900856495 0.63438046
    0.0495321751 0.176370859 0.917331815 0.248546422 0.457396001
    0.256375819 0.768710256 0.203996181 0.572693169 0.264443994
    0.365642488 0.0187223852 0.986920714 0.324074864 0.193146616
    0.269512296 0.0382410586 0.633722305 0.0648152828 0.555757046
    0.616763294 0.217903614 0.779257238 0.467100561 0.728334248
    0.456894696 0.0274190009 0.363190114 0.35842663 0.772040486
    0.0992923975 0.617817223 0.140924573 0.573239923 0.450682908
    0.931441724 0.10099107 0.328223258 0.480262518 0.81994164
    0.149790496 0.500061631 0.243828595 0.592193842 0.293334812
    0.275837511 0.244946241 0.306996584 0.85038054 0.215663552
    0.00248971581 0.594197989 0.863800824 0.779680371 0.0247932673
    0.633134246 0.78950572 0.861002088 0.891870439 0.614837587
    0.074005723 0.898590922 0.891656458 0.231980771 0.576007783
    0.148839802 0.47977972 0.894350529 0.599270105 0.918182969
    0.610973358 0.591677308 0.270121634 0.538858294 0.735819578
    0.959193945 0.945344687 0.439541399 0.0448198617 0.948469996
    0.407748193 0.733249485 0.531208038 0.240932971 0.184452564
    0.396707147 0.475421488 0.626318574 0.0898098052 0.207074612
    0.305156887 0.880051434 0.607547641 0.769444227 0.708175659
    0.542783976 0.769479096 0.280295372 0.660135329 0.250377506
    0.755015492 0.0571946502 0.180060625 0.632972717 0.138585448
    0.154685169 0.12420252 0.342902958 0.101838738 0.646906495
    0.948217511 0.596549809 0.466802418 0.455745876 0.315225899
    0.937945724 0.375271082 0.964434147 0.307800651 0.918099403
    0.756198287 0.755688965 0.0558493435 0.0078369081 0.783252597
    0.203343987 0.871299803 0.0759976804 0.739191115 0.0409952998
    0.694003046 0.314620852 0.637456596 0.606265843 0.0323286653
    0.641591549 0.828855395 0.828882456 0.906986952 0.843262076
    0.79863143 0.224092185 0.249754965 0.131259471 0.53955698
    0.783645749 0.70933938 0.704398632 0.193105608 0.500085115
    0.0844510198 0.854681671 0.332307905 0.725531816 0.714440405
    0.447468191 0.530809522 0.504613698 0.057836026 0.0482177734
    0.0994611979 0.921198487 0.286519825 0.884370446 0.62737453
    0.60238117 0.401836306 0.638506651 0.598786473 0.452645183
    0.332362056 0.953006804 0.261717021 0.0731040537 0.213530481
    0.63311851 0.873354554 0.238653719 0.709991157 0.191792995
    0.565910995 0.819020748 0.340438247 0.578803241 0.10929057
    0.239892393 0.148378193 0.214456707 0.243021488 0.679423451
    0.943695366 0.721507192 0.0994933248 0.275437891 0.869683623
    0.581516683 0.530422986 0.00724563003 0.881059289 0.951903105
    0.0171100497 0.868704438 0.615394175 0.55010879 0.279093921
    0.443154573 0.874008298 0.12282902 0.597667575 0.519150376
    0.657525539 0.221022695 0.469185621 0.508251131 0.856222153
    0.489304453 0.724759281 0.567867875 0.938348293 0.0390591621
    0.963960469 0.442793816 0.968975306 0.2268731 0.308848143
    0.370954543 0.775126398 0.874154687 0.283321261 0.161881417
    0.143623471 0.290970504 0.854399443 0.0315423906 0.631582618
    0.808457136 0.684138536 0.774727166 0.933774233 0.970646024
    0.925451159 0.460424662 0.099866271 0.680879116 0.939164877
    0.064807266 0.578697026 0.910113335 0.0705256462 0.822862744
    0.10276252 0.31440407 0.82968998 0.289967775 0.0936304033
    0.779192686 0.194419324 0.181080431 0.70830071 0.324321806
    0.963654041 0.387274921 0.189125091 0.212419689 0.0470337868
    0.126475871 0.955157936 0.488687992 0.845205247 0.929234266
    0.559450269 0.162245899 0.696119726 0.862279236 0.32043165
    0.745551288 0.848817468 0.566096961 0.224569798 0.59632796
    0.728481889 0.509372771 0.0500557125 0.892701149 0.881226897
    0.223784298 0.932052374 0.531940699 0.205271363 0.605075479
    0.538363218 0.90935868 0.527560115 0.582750499 0.622127295
    0.0802664459 0.863707304 0.42171973 0.180969685 0.848407865
    0.359492958 0.986925423 0.429969132 0.658097625 0.162482649
    0.247754723 0.304783344 0.206788182 0.0106812119 0.363389492
    0.0660000145 0.23834753 0.0106571913 0.821171284 0.300333381
    0.829681754 0.504521132 0.514985025 0.33942771 0.692206144
    0.87673986 0.540155411 0.00884062052 0.555793583 0.922372341
    0.51547873 0.775019825 0.38813892 0.345687032 0.466269642
    0.540580153 0.468416423 0.0500805974 0.987799644 0.265437216
    0.247003853 0.89823097 0.439914316 0.654411197 0.600335956
    0.451702118 0.24089402 0.841931343 0.974156797 0.951261163
    0.667769551 0.150433391 0.47457245 0.833471894 0.708511591
    0.319109321 0.935175538 0.206772625 0.149836838 0.902846932
    0.0706584752 0.361221135 0.716412127 0.381278038 0.894242406
    0.677446485 0.951776505 0.906047225 0.31138289 0.437425733
    0.720729351 0.153770417 0.331908286 0.704469681 0.849757075
    0.377269685 0.987257957 0.415361643 0.637757003 0.300542533
    0.0730210841 0.433653355 0.603563547 0.562690377 0.559546173
    0.201856822 0.119102418 0.370540798 0.415291518 0.186714917
    0.4182868 0.837583542 0.486132264 0.529104531 0.623024344
    0.388798267 0.870651543 0.878929138 0.242936343 0.0736536682
    0.179682583 0.638394475 0.573178411 0.287638783 0.653890312
    0.694773674 0.740656972 0.320405334 0.368581593 0.897829652
    0.0398968756 0.706969023 0.774636209 0.0488337278 0.51332438
    0.0115161836 0.93131566 0.0229063928 0.776394188 0.247026265
    0.857911229 0.981309891 0.521267593 0.656455994 0.10671106
    0.805921316 0.616574824 0.474359244 0.240475416 0.328569114
    0.647502661 0.016449213 0.408880651 0.38103646 0.385538846
    0.544788659 0.910173774 0.352009982 0.368226647 0.561367095
    0.949986339 0.860532284 0.177543014 0.797537923 0.0474387109
    0.133994728 0.753567934 0.428431273 0.0353047848 0.0566669106
    0.825716496 0.193106443 0.56805557 0.311194956 0.0182026327
    0.848431945 0.116937041 0.665203869 0.46082291 0.189130843
    0.510730386 0.441338509 0.217928171 0.228046715 0.133640319
    0.819656134 0.870047152 0.91549319 0.141005576 0.841575086
    0.854233384 0.375311732 0.264651328 0.2238473 0.354757756
    0.655685544 0.887975693 0.10052979 0.493195951 0.385391206
    0.0332225263 0.664895654 0.52783531 0.900545001 0.41660589
    0.670732081 0.857745409 0.979127944 0.566573739 0.0984794199
    0.119788229 0.151133388 0.420896202 0.51719296 0.55830282
    0.146422327 0.975922942 0.210312605 0.149469763 0.880349398
    0.539968073 0.456153691 0.500690043 0.58850193 0.437907398
    0.552745104 0.462655813 0.936794162 0.0937858522 0.948203564
    0.239744842 0.0743549466 0.252353787 0.082731545 0.52402389
    0.266731888 0.478984475 0.613960147 0.285904229 0.0511361361
    0.796570659 0.765193045 0.960469365 0.222223282 0.0261909068
    0.0885582566 0.751155198 0.251838148 0.950736463 0.971035957
    0.652457178 0.126701713 0.444251239 0.83396256 0.873677373
    0.276876509 0.781600237 0.479159862 0.509153008 0.285789013
    0.995992541 0.548103571 0.113567859 0.955496252 0.792446136
    0.989506602 0.0201452971 0.753426731 0.984794855 0.201405108
    0.5727126 0.345211744 0.817291141 0.700219512 0.813371301
    0.215699822 0.601936817 0.593465865 0.778849244 0.70475471
    0.997000873 0.11088565 0.288453519 0.747494459 0.50545615 0.88960731
    0.226304293 0.912396789 0.351255596 0.013037771 0.120927006
    0.442697853 0.0216153562 0.937411427 0.59392494 0.763937831
    0.0593050122 0.740066528 0.0814673901 0.967866898 0.476439118
    0.41930595 0.489220083 0.361334741 0.0876468718 0.980898619
    0.178263456 0.776718676 0.661942422 0.98586452 0.816449881 0.3537696
    0.736705661 0.0378629863 0.43628335 0.557218611 0.80385685
    0.703000307 0.595389247 0.389266998 0.493831962 0.247647941
    0.131982118 0.227578372 0.402759135 0.515446842 0.832100034
    0.662270904 0.647095919 0.807558894 0.935626745 0.382467359
    0.448245049 0.216802031 0.565893471 0.864380002 0.455140591
    0.059684962 0.191485763 0.655499816 0.194576919 0.0927251875
    0.641176641 0.490950227 0.169232965 0.689211726 0.104775041
    0.592758656 0.617904663 0.792695761 0.484329522 0.612808943
    0.441779405 0.244526476 0.860685229 0.42516616 0.0692580044
    0.32513833 0.89071852 0.274633646 0.369361341 0.0209436119
    0.29842937 0.409901917 0.420795649 0.51278919 0.946861744
    0.958073258 0.953299403 0.816836357 0.0363892615 0.572715282
    0.0548713803 0.947758257 0.769933462 0.985969663 0.122293591
    0.894118667 0.246981025 0.161032498 0.774346411 0.390203387
    0.057531327 0.757393837 0.168945253 0.578053892 0.535877466
    0.823540807 0.485807061 0.582791686 0.0670074224 0.588035703
    0.828689098 0.108503312 0.996690214 0.834577858 0.37689051
    0.197607607 0.0311906636 0.211553484 0.633941233 0.0176950991
    0.109281272 0.585544586 0.43544066 0.114856899 0.977205932
    0.727189243 0.826217473 0.141421705 0.592774391 0.625472844
    0.939415336 0.507044375 0.363968343 0.860800743 0.0979231596
    0.813455224 0.171257973 0.98299247 0.162219405 0.775218964
    0.0784505606 0.603734016 0.669939637 0.401723266 0.969119132
    0.328058064 0.538511574 0.960441589 0.494021833 0.516862631
    0.799506903 0.733327031 0.10906896 0.369845659 0.683696866
    0.564312577 0.788458228 0.176616609 0.993013501 0.542375982
    0.0349448323 0.57593894 0.49151352 0.520662665 0.604087412
    0.297347337 0.351178348 0.550860405 0.34911412 0.76978755
    0.323052108 0.601519585 0.492419064 0.222015828 0.994541466
    0.450508505 0.543690503 0.584471941 0.530425429 0.254766822
    0.564441085 0.907332182 0.99201262 0.226109296 0.275549978
    0.46085459 0.442931235 0.182272553 0.201359838 0.344844818
    0.56640929 0.579557896 0.375358462 0.12192291 0.900287986
    0.167339116 0.872330189 0.17615366 0.836392879 0.426302552
    0.547539771 0.799533308 0.38750267 0.975132704 0.574984133
    0.227917284 0.442973912 0.272495627 0.798613429 0.110564739
    0.112067193 0.427556783 0.859333992 0.00573024154 0.878702879
    0.618890345 0.411813974 0.923806906 0.215373844 0.104561925
    0.793434143 0.0725872517 0.96180284 0.511313498 0.144598782
    0.856103539 0.706277609 0.106923878 0.414294064 0.263975799
    0.182846904 0.524650693 0.573987246 0.812001109 0.0944372714
    0.446287304 0.347705871 0.752114952 0.496865302 0.344045341
    0.483289033 0.377796173 0.0892794728 0.628346562 0.8377285
    0.0481409729 0.151183844 0.615911782 0.843195498 0.702700436
    0.0507439375 0.931788445 0.123435587 0.0119597912 0.203116179
    0.775179744 0.588385224 0.471605361 0.243354678 0.494119823
    0.338297427 0.458794951 0.60568893 0.530868769 0.720152974
    0.569246769 0.239148289 0.795500338 0.247553229 0.28572315
    0.381089479 0.661474466 0.469923019 0.633109927 0.437920541
    0.101381093 0.172538877 0.717548966 0.94485122 0.0407690108
    0.92107892 0.2305471 0.538329005 0.179994822 0.864785552 0.478950739
    0.261471719 0.837427855 0.103366196 0.251986474 0.245260239
    0.607599616 0.3998532 0.27457431 0.279482305 0.359279633 0.925947368
    0.0308406353 0.523226917 0.128351957 0.481080532 0.603261232
    0.327659011 0.318406075 0.0156305432 0.598933339 0.431124985
    0.261317968 0.153937906 0.656364083 0.64015156 0.0288047493
    0.835542798 0.674185872 0.368363082 0.218262821 0.428215593
    0.012549907 0.304642558 0.137779415 0.444725394 0.783805132
    0.0737812817 0.069335103 0.926971734 0.633715153 0.731515586
    0.345825523 0.592575788 0.137050211 0.61496371 0.729061663
    0.645835817 0.40514794 0.520381391 0.375329792 0.72295171 0.40677619
    0.333849132 0.523287535 0.811140299 0.466126621 0.984285235
    0.328310609 0.203221649 0.583667338 0.270028174 0.89215982
    0.979502618 0.28702569 0.42549023 0.650990963 0.582085013
    0.321885824 0.776058495 0.873032749 0.67851615 0.935792327
    0.495601147 0.492392153 0.539645731 0.878870368 0.513583839
    0.124691576 0.198832184 0.133486807 0.902371287 0.108611465
    0.740360737 0.186262518 0.744929552 0.0112069845 0.858562648
    0.799695611 0.55470407 0.0498766005 0.732322454 0.18413505
    0.609683871 0.862245321 0.471186608 0.718637168 0.157341242
    0.245207846 0.535941064 0.335886598 0.318455398 0.250497043
    0.327885151 0.448128313 0.501423776 0.323972285 0.289373755
    0.0905943513 0.587024271 0.360015124 0.483087003 0.135581702
    0.444932431 0.838191748 0.28836441 0.133273005 0.346989602
    0.25291419 0.783243835 0.372173399 0.447207898 0.270077884
    0.778517604 0.50648421 0.120947868 0.704070628 0.599497199
    0.840048194 0.402422428 0.147320986 0.632395029 0.532152534
    0.117389083 0.528344214 0.724983156 0.518462121 0.136008441
    0.237942159 0.753109336 0.881915927 0.162905335 0.265900016
    0.461709797 0.978779674 0.938182294 0.947209358 0.610051692
    0.875285745 0.0990425348 0.940282345 0.318604708 0.417469591
    0.269774765 0.523006022 0.0382059813 0.37466085 0.14124465
    0.794418454 0.635950327 0.941289306 0.640632093 0.222458094
    0.761459231 0.990010738 0.654188395 0.0756098628 0.63835609
    0.406331956 0.51622045 0.04751423 0.606971264 0.773509741
    0.620361805 0.0211153328 0.890400648 0.291888833 0.0668857992
    0.825078607 0.27410239 0.764703631 0.462297559 0.064098835
    0.206777364 0.200377464 0.890649021 0.324461341 0.388026357
    0.971679926 0.863441467 0.695444465 0.397967458 0.456149668
    0.225027472 0.817294776 0.201049507 0.502552569 0.951340675
    0.03094697 0.0624634624 0.342548847 0.777267337 0.569388747
    0.0323360264 0.032294929 0.606184721 0.420844287 0.0226611793
    0.12174651 0.833943009 0.894271612 0.476458818 0.817319334
    0.187571198 0.902419686 0.636910558 0.0488662422 0.387712896
    0.672380388 0.70311749 0.834630847 0.0616089404 0.183219224
    0.539927006 0.390288919 0.172952205 0.802366138 0.612374783
    0.744040847 0.939869165 0.244952947 0.593830824 0.789093137
    0.781517565 0.213330716 0.0164576173 0.688177347 0.929862857
    0.853784204 0.418384641 0.564610541 0.854164422 0.413137734
    0.362063676 0.643224597 0.909004688 0.894043744 0.892892718
    0.742276728 0.0583525598 0.477562368 0.563408911 0.162478119
    0.582221806 0.314211249 0.867269576 0.549406707 0.983109713
    0.538270235 0.981914997 0.927873373 0.703200758 0.166885644
    0.870342493 0.651625991 0.569477201 0.109332085 0.960252821
    0.643705249 0.232084781 0.468132436 0.613106966 0.269206882
    0.413473606 0.92967689 0.369411081 0.948716044 0.171592236
    0.258848369 0.492025167 0.987314701 0.669861078 0.552809477
    0.827735782 0.697482586 0.423133612 0.609262943 0.172621101
    0.324856132 0.794751883 0.70219928 0.0510312915 0.84615612
    0.270304173 0.742061019 0.192551911 0.499786556 0.982052565
    0.175777584 0.98208642 0.139143437 0.416834682 0.335103393
    0.61179924 0.509558916 0.055134058 0.778772354 0.984298289
    0.430345774 0.481975138 0.714522243 0.901028335 0.458596349
    0.191529274 0.52141118 0.374294728 0.15122214 0.443006337
    0.471933335 0.367007792 0.374090791 0.910615444 0.21382919
    0.833698809 0.848179519 0.0248217583 0.934937358 0.00943091512
    0.729005814 0.782245278 0.950779676 0.0319354832 0.982623994
    0.150182754 0.753759146 0.488315403 0.232651919 0.549910784
    0.662397742 0.7007792 0.283463538 0.814163148 0.608936906
    0.939329028 0.866166353 0.596665502 0.415105671 0.314477503
    0.3339746 0.00563120842 0.428511262 0.383902729 0.80689311
    0.231752664 0.0314047933 0.0683334172 0.154963821 0.214950621
    0.783693969 0.40014571 0.204649568 0.00869050622 0.212045759
    0.036447674 0.123630941 0.789472342 0.0156496465 0.503974438
    0.148431987 0.0551547408 0.985446811 0.88929987 0.490788847
    0.655335069 0.653787017 0.0461163223 0.0527733564 0.0820862055
    0.451620907 0.801866651 0.985274434 0.783435166 0.955530524
    0.420539349 0.674318731 0.818166733 0.759604454 0.591667712
    0.581470609 0.621260643</data></test_img>
<my_img type_id="opencv-matrix">
  <rows>128</rows>
  <cols>256</cols>
  <dt>f</dt>
  <data>
    0.632287323 1.22472072 0.461313784 2.24435925 1.7541573 1.61020982
    2.18181348 1.15169477 -0.475259244 2.04464555 1.74938703 0.968297482
    1.78103375 0.739203274 1.08025265 2.07423997 1.76447725 0.425197065
    1.98017979 0.630028665 0.852319419 1.65922022 0.420584679
    -0.103470147 1.86345041 0.165470809 0.398155034 0.527888119
    0.62571305 1.90138197 -0.0525922179 1.69824934 0.80100733 0.12852031
    1.85699427 -0.0382283032 1.31936884 -0.363768935 1.1683594
    -0.392366529 0.205682099 1.65027714 0.031021297 0.163441896
    0.777607143 0.469974697 0.0746100247 -0.251192242 1.02247739
    0.268948525 1.59326136 0.64823699 2.20136547 1.14324641 2.00860548
    1.92358637 0.703836799 0.391450822 2.12422824 1.28793824 -0.16822654
    0.434194624 1.76887405 0.537482381 1.70854151 1.41519594 2.06859994
    0.998707294 1.47335291 0.0834044814 2.09949207 -0.630030394
    1.22365224 1.74197435 1.0960269 1.23860288 1.25213432 0.280658007
    0.203397155 0.332158208 1.15327525 2.19437957 1.9060899 0.540034533
    1.29408467 1.7268033 -0.251293778 2.02874446 -0.166789323 1.90774632
    0.961770117 -0.429090142 2.2823894 2.24794984 1.46715546 1.24481094
    1.45604432 1.86987972 1.91379631 -0.360942483 1.59747934
    -0.0942033827 2.16444206 0.802995205 0.83656311 1.00434327
    1.18505979 -0.318722606 0.123555005 1.95981264 0.763307512
    0.832619607 1.39360261 1.06686997 -0.162592977 1.2221241 1.02983201
    0.353804648 0.548018754 2.02354765 1.40817857 0.822284341 1.29444993
    2.04122758 -0.0132753253 0.434367359 1.04406679 1.40012014
    -0.079820931 2.0832541 1.33471549 -0.516756892 0.429297745
    1.11920905 1.3704561 2.21434665 2.24054193 1.37939692 2.2258215
    1.02939415 1.02356982 -0.417165458 0.652316689 0.693350077
    0.523662388 1.63394523 0.715026855 0.517639697 1.17321563 1.90298295
    1.48200297 -0.242114305 1.92714381 -0.119141906 1.79874945
    -0.196307749 0.349408269 0.348775208 1.60886812 -0.460265756
    2.10232663 1.77227747 1.15896273 0.488364458 2.19320464 -0.47837165
    -0.25849247 1.31481743 1.09114814 0.936207533 -0.166994601
    2.02237439 1.4066689 2.22524166 1.7774694 0.0319190621 0.266416132
    2.00469828 0.153956175 -0.0704813004 1.92037225 0.959534943
    0.862886727 0.0274721384 1.42394352 2.03146982 1.30488515 0.53331244
    -0.313901424 -0.384106159 0.257244587 1.56296754 -0.0507958233
    1.42505169 1.83584118 -0.0994767547 -0.574343622 1.18117738
    1.19128346 0.82170099 0.283212543 -0.26987344 1.51024652 0.619722068
    0.458633542 2.11705112 0.937306464 0.455651045 0.510959387
    0.319320917 1.93766189 2.21750593 1.59150124 0.280590057 1.66150773
    0.528754771 0.18275255 1.87211323 -0.143337786 -0.175962716
    -0.145762056 2.23919535 1.88775909 0.160118103 -0.268160254
    2.13741732 0.0988989472 1.89229083 0.19718653 -0.356209964
    1.49503613 -0.531226277 1.81375575 2.28086829 -0.10320136 1.88835943
    0.808656275 -0.0757396519 0.709350467 -0.332533717 2.36096025
    0.747246027 -0.323612481 0.789849162 0.982003927 0.887838542
    1.69642305 1.02861691 -0.158979386 0.9575243 1.9728868 0.997594178
    0.793255687 1.65969753 1.50970221 0.530564666 2.20236015 1.43388641
    -0.589863837 1.49800396 0.0509930849 -0.575216532 -0.668802679
    0.638629675 1.30135655 0.41615665 0.0234666467 1.37265444
    0.761965394 -0.558476806 -0.0635740757 1.32066929 0.370524347
    1.35829771 0.364980578 0.0529612303 0.386685431 0.429008245
    1.11591244 0.917228341 0.300686061 -0.503498495 0.550735593
    0.172100782 0.427337229 2.13855886 0.261086226 1.52007198 2.11786675
    -0.261193693 0.359677553 -0.252860785 2.08749533 -0.242331803
    1.63228464 0.783839703 0.659735203 -0.591803908 1.03196287
    1.18698764 0.902623057 0.696193337 1.40467715 0.243382752
    -0.129518151 1.89868164 0.388953388 -0.453301489 -0.718708277
    0.87025696 1.22891331 1.92499399 0.640479803 0.351538837 1.43653393
    0.601034522 0.235099733 1.96601439 1.6284585 -0.19758755 1.21280241
    1.75742769 0.0339167118 1.47577882 1.18439293 1.70666242 0.972692132
    0.181600332 0.903301835 0.353483498 -0.211141407 -0.229115069
    1.86461771 1.39415193 1.32502031 0.888494968 0.124974191 0.638093889
    0.253116548 0.359805048 -0.626182377 -0.422092855 -0.610001087
    1.52797246 1.80114031 -0.297584444 -0.317413032 2.06162238
    1.61636758 0.178508461 -0.16180563 -0.280397713 -0.831862032
    1.5245676 2.08591032 0.345178604 0.944915831 -0.361635804 1.1994307
    1.58903849 1.21830988 1.63985419 -0.341006398 1.14928055 1.23549438
    0.740447581 1.06193209 1.27017045 0.910553396 -0.348090649
    1.21496415 -0.644358218 2.06352425 0.695327461 -0.515732527
    1.6966269 1.25271964 0.943286479 0.407286525 1.12082648 1.41237473
    0.465702415 -0.699956596 1.40661407 0.386218786 1.78985572 2.1250205
    -0.14353621 -0.300927073 1.82757401 0.395952404 0.0861934423
    -0.353053391 -0.666660547 -0.477194339 1.28873003 -0.0684616566
    1.50604308 1.34699023 -0.527282894 0.664955258 -0.129572153
    1.9904995 1.40193677 0.204536796 -0.218896866 1.62340724 0.323875964
    0.313248336 -0.811430633 0.275615752 -0.0588465929 1.40857196
    -0.463091731 1.58624041 1.68119156 -0.263443947 -0.572808623
    -0.133345723 1.68379021 -0.308603853 -0.213222027 2.02658057
    0.596662462 0.90926528 1.60165679 0.99757117 -0.14290452 0.514058411
    1.30502486 0.677856326 0.805590153 1.08951902 0.252264619 1.12185812
    -0.697675169 1.04956579 1.45871568 1.59384704 0.539736867 1.45658612
    -0.718544602 -0.0287823677 0.11803633 -0.10051018 1.47554016
    0.348235667 0.67830652 1.03832841 -0.39499566 0.386749268
    0.407626629 -0.407709122 1.63829672 1.78512788 0.460026622
    -0.209363103 1.95359325 -0.021972537 1.14921296 -0.561176538
    -0.495753735 1.27158308 0.935427129 0.777323663 1.37529469
    -0.46928072 1.38284922 0.128222048 1.98583984 0.44305706
    -0.318031102 1.14741254 1.25594854 1.02153254 1.21369898
    -0.0959398746 1.43345237 -0.241838902 0.960423708 0.977850437
    1.91667032 1.39465678 -0.710557163 1.82536745 1.48969746 0.771347046
    -0.762704194 -0.25494206 -0.0533339381 1.17218733 -0.562288284
    1.37181139 1.81146753 1.48825049 0.161453247 0.0896627903
    0.615437746 1.7294898 1.57551169 -0.368449748 -0.362102836
    -0.488154471 2.11477494 -0.00466549397 1.35673237 -0.151627839
    1.75491798 0.70797056 1.76411998 -0.17180711 1.64518356
    -0.0674965382 0.0722110271 -0.52622515 1.76915288 -0.0998935103
    1.11298251 1.55762792 -0.677152991 1.42838502 -0.779818237
    -0.410945773 -0.147783577 0.116966844 -0.325838029 -0.976113617
    1.32789803 1.75029123 0.3265028 1.80824351 1.85079336 1.9583509
    0.22804755 0.378425121 0.0516496301 -0.641733289 1.99564552
    1.05596387 0.413830101 -0.48584491 1.84050357 -1.00761986
    0.397833586 1.30571771 1.16689563 -0.123036623 -0.676332116
    -0.248040736 0.7193169 1.90988314 -0.365749836 1.64859748
    -0.406649947 0.532882214 1.48115826 1.78377831 -0.692800522
    1.32000148 0.12205863 1.38113904 0.24450779 0.140232503 -0.500787854
    1.81080604 -0.303483665 1.44072819 0.902173519 -0.875735104
    1.27798033 0.943838179 1.06457639 0.866029739 1.54514992 0.937649488
    0.261658907 1.79980612 -0.545332491 -0.281308174 -0.143132567
    0.973322868 0.895613432 0.548793674 -0.952719212 1.62348843
    1.70151591 1.54214025 -0.648093581 -0.241603851 -0.419318974
    1.58627725 1.67664754 0.57911098 -0.457000434 0.674989462 1.67968535
    1.02464676 1.86680746 1.59769011 -0.888489366 0.473381162 1.95017004
    -0.211432219 -0.348390698 -0.454603672 0.039499104 1.07605016
    0.35973388 0.217362702 0.975109458 -0.484883785 1.68216646
    -0.858790457 0.165684283 0.212275267 -0.280615568 1.52454424
    0.869692087 0.524941742 -0.215755939 0.804614902 -0.457020283
    0.639598846 1.34687376 0.289192259 1.31834173 0.456272066 1.69988227
    0.848242462 -0.359603941 0.317296386 1.42754483 1.18095446
    -1.13728702 1.48004699 -0.740815282 -0.0358979106 0.829355717
    -0.805342972 1.52692342 -0.870599806 0.993682146 0.760075867
    0.0547145605 -0.0632939339 -0.0742222071 0.0488685966 1.5459187
    -1.00609708 0.726862311 0.959121704 -0.736455679 1.47446775
    -0.791503966 1.78202486 0.367868364 -0.869822145 1.62488127
    -0.777408838 1.13815701 1.45487618 0.439691901 0.926138103
    -0.487220943 1.5833323 0.884443998 0.277277708 1.73853505
    -0.330367863 1.60643744 1.35635364 -0.301180422 1.39045882 1.0174911
    1.05728984 1.68045473 1.36144984 0.114114761 -0.310901046
    -0.31369102 0.387305975 1.78084552 0.446332335 0.578846097
    -0.0217506886 0.959788561 -0.224424839 0.98250699 0.0491551757
    1.78410983 -0.717426062 1.72394979 0.655837297 0.0319789648
    0.103893876 1.65583467 1.43633926 0.838003635 0.264724135
    -0.154607415 1.52580178 -0.392702878 0.650720119 1.75080967
    0.739364028 -0.172709942 0.335347295 1.20861244 1.16717589
    1.00684118 1.23728323 1.56104207 1.85505199 0.141538262
    -0.0895529389 0.654512763 -0.401678324 0.729749084 0.78777349
    1.14101136 -0.570787549 1.02603948 1.57352936 -0.470354617
    1.71577847 -0.866189182 1.56078494 -0.40935427 1.53656912
    -0.123749495 0.930982947 0.0318112969 -0.043813467 -0.374872565
    -0.593357623 1.72553694 0.926275194 0.383087397 0.096894145
    1.10302246 1.17143893 1.52461183 1.70827377 1.43956208 -0.308644295
    0.805661619 -0.967134714 1.18223369 1.70098567 0.342074692
    -0.509785771 0.603074193 1.425457 -0.252934396 -0.785341263
    0.850820899 1.83669066 -0.487138927 -0.169406295 0.408349872
    -0.383641422 0.0532970428 0.270244718 0.393501639 0.343670726
    -0.776897967 -0.466371477 2.10446739 2.13195086 -0.288266778
    -0.139266849 -0.568498433 0.75097543 1.19157934 -0.0597455502
    1.07897353 1.42166102 -0.279283583 1.01209545 0.846500039 1.95014012
    -0.824997723 -0.204376698 0.908604383 1.43128967 0.00495696068
    -0.208661556 -0.0698961616 -0.869598567 0.923804045 -0.612162232
    -0.413255602 -0.00348907709 0.255050123 0.600829899 0.0459781885
    -0.615963161 0.19448638 -0.254303932 -1.14264202 -0.0590537786
    -0.920404196 -0.586900115 0.594031155 1.17777061 1.65055454
    0.0572292805 0.607791245 1.53782344 0.0559870005 0.0854105353
    0.792209208 0.754198849 1.63495755 -0.603822708 -0.320111513
    1.80749059 0.276212156 0.889916658 0.389120519 1.40106761
    -0.0528610945 -0.334451616 0.524569392 0.390078187 1.28226686
    0.898648858 0.314480901 0.520609379 -0.19355917 -1.00688994
    -1.08728838 -0.116338551 1.66104698 -0.118730843 1.40100908
    -0.606064439 0.123091459 0.986343145 1.45214486 0.432675838
    -0.89756155 1.01671827 0.552557468 0.370466709 -0.35140419
    0.843778729 -0.0813949108 -0.580287576 1.246104 0.796634793
    1.78618348 0.938566864 -0.162567675 -0.386527449 -0.254320443
    0.788355052 -0.567596614 -0.272879422 0.439338684 -0.32298401
    0.0840314031 0.649374187 0.425671339 0.515729666 0.972855389
    0.674228966 -0.481609046 -0.280428827 0.239806414 -0.594540179
    1.03636336 -0.929676533 0.485831261 0.838475347 -0.308041453
    -0.31910032 -0.382293642 -0.057587266 0.730023742 -0.691121817
    0.143488169 1.16138339 1.01710868 -0.467320919 -0.764072359
    0.11561048 1.06921875 -0.805629075 0.708388805 -0.926976979
    0.912644148 1.6531837 1.71134853 0.534875274 1.76035953 1.16265082
    -0.281184018 1.03527832 1.62852287 -0.62021184 1.06711686
    0.962404251 0.634373307 0.760190308 0.654894888 1.45835996
    0.963245392 -0.475269198 -0.0322782993 1.39395761 2.04278827
    1.44343567 -0.8485865 0.52299875 -0.204296529 -0.132324874
    -0.257770896 1.767483 1.16932845 0.859505415 1.50896883 1.7518996
    1.73450756 -0.980531156 0.933877349 0.234548688 0.977168083
    -0.415711045 0.513260245 1.64073992 -0.733636856 1.31525993
    -0.890474439 0.664654672 0.181993842 0.897701859 -0.738385677
    0.897467732 0.236829698 1.02588427 0.454917014 -0.844503164
    -0.049680829 1.50718892 -0.503281832 0.799238741 0.927432656
    0.665688872 -0.34525919 1.15337062 -0.472874999 1.15567458
    -0.813345492 1.52999496 -0.745022833 0.953621328 1.59176648
    1.11512578 -0.494629025 -0.682146549 1.04831529 1.40250039
    -0.43874982 0.541766047 -0.900799096 0.519328952 1.82419527
    -0.725256383 1.2792573 0.608932137 1.06582212 0.373685479 1.34524059
    1.30089855 0.420339108 1.3042717 -0.0496609211 -0.594523191
    -0.869992554 -0.868921995 1.64671779 1.00928366 -0.514037669
    0.915087819 -0.219757915 1.34170473 -0.532719612 1.56628382
    0.947768986 -0.0221123099 -0.218805492 0.805189669 -0.465434492
    0.822767019 0.390473485 0.794024944 0.211135626 1.56442976
    1.68677866 1.44882858 1.3352555 0.528546572 0.861645579 1.14896369
    0.218567312 -0.0698388815 -0.679196656 -0.190764129 1.66130328
    0.52090621 0.982782304 0.993671656 -0.297696054 1.92849374
    0.919383645 0.773320913 1.45456839 0.743568063 1.74445641 1.68660188
    -0.800359249 -0.406608552 1.08850455 0.384331405 0.0737165213
    -0.555840075 1.6276927 -0.72889328 -0.413503945 1.09843493
    1.42244518 0.397804022 0.113541543 -0.00312399864 -0.406202465
    1.40955305 0.776601434 1.83795381 -0.213653445 0.923487067
    0.0369553566 -0.808403492 0.583592892 0.24169755 -0.820752859
    0.0411674976 1.88110387 0.153858483 0.98770231 -0.834155798
    0.0484341383 1.43412828 1.06157374 1.32932723 1.39998782 1.67641819
    1.78739357 0.775330305 -0.784731328 -0.715622187 1.13442922
    0.121788323 1.66568518 -0.730656385 -0.159262717 -0.893953204
    0.186983943 1.25269711 -0.669352531 -0.718131363 0.118241072
    -0.216202497 0.723154664 -1.00239301 0.751077712 0.769096255
    0.804005384 0.784652233 0.422010064 0.654086471 -0.304240227
    -0.682564199 -0.492891431 0.762403965 1.68543243 1.36818564
    0.687993884 1.78460264 0.596067727 -0.0651513934 0.405649781
    1.80076981 1.18128705 1.23421276 1.02330673 0.0564808846 1.07891464
    0.544569016 1.72524619 -0.221995711 0.533082724 1.97242451
    -0.311837077 -0.126887739 1.44672894 0.194507599 -0.320922315
    0.743148088 1.12256956 1.40638304 1.17673469 -0.502511561 1.59677899
    0.145873189 0.0346047878 0.0630781054 1.41756403 -0.802812696
    -0.458157241 0.696295202 0.242883146 0.57298553 1.76959634
    1.90606856 1.41757309 1.4993217 1.72892225 0.232298017 1.08429253
    1.04923058 -0.0732083321 1.49397433 -0.211562574 1.11315453
    0.291932404 0.645670891 0.53307879 0.717940748 0.212122619
    1.12443495 0.910774589 0.353842139 1.7286315 0.833210886 1.91321325
    1.51811147 1.1195513 1.43125463 0.933816075 0.0205415487
    -0.916743875 1.60384202 1.40089703 0.559271038 0.499268651
    0.00383991003 1.6650722 1.04919088 0.185626149 0.48983705 1.85154414
    1.02919555 1.73710155 1.24487805 -0.0350448489 0.935597956
    0.515851498 -0.434272468 1.0196507 0.152780414 0.718698621
    -0.334832072 0.043757081 -0.477254629 0.131823063 0.285099506
    -0.330693066 1.3157028 1.77919912 1.41820836 1.52852857 0.616657138
    1.0426079 -0.381532133 1.11637807 1.50762427 0.812223852
    -0.716042995 1.28811741 1.9207083 0.894265056 0.251680255 1.32181001
    0.965683222 -0.0113258958 -0.660387516 -0.0805494189 1.76483679
    1.51698256 -0.31548053 0.801114082 -0.0375040174 1.85243285
    -0.261042535 1.58730257 -0.554968059 1.69976771 0.0777111053
    1.31750584 1.6451993 0.194743276 -0.211011291 0.836114287
    0.376349807 0.942500949 0.905919313 1.74144411 -0.700744152
    -0.719608665 1.42295229 -0.701475561 0.165365338 1.05373061
    0.985897779 0.343802094 -0.694898605 1.76314878 0.0096513629
    1.63082755 -0.883845448 1.58398592 -0.0598376989 1.79689777
    1.66776943 -0.444837511 -0.195952833 0.973769128 1.05636477
    0.168188334 1.62582624 0.155090094 -0.142612338 -0.445482999
    1.24388385 0.770149827 -0.498779833 0.036498487 0.970200598
    0.794069469 1.31926417 -0.0216043591 0.089035511 0.262929559
    0.557739496 1.60791135 -0.383754671 -0.873880148 1.07333612
    0.362640023 1.31435919 -0.395842075 -0.219697475 1.44166255
    -0.404398978 0.105733454 0.397010803 0.196177363 0.13091433
    1.55799377 0.919127703 -0.164416969 1.2907238 1.37341249 1.04572797
    -0.843010366 1.64574087 -0.833601713 1.9722178 -0.0966321528
    0.389545172 0.452543378 1.51821065 -0.414225608 -0.23133862
    -0.465126783 0.948898554 0.667655468 0.446169078 0.450637579
    1.18800652 0.189297259 -0.615573168 0.832961202 -0.126672208
    0.200842142 0.562206149 0.687262535 1.41471863 1.54066002 1.07576501
    0.0918233395 1.11929166 1.6122762 0.0291344523 0.736477256
    -0.731561005 1.68048644 1.83859241 1.20965409 1.64218342 1.67889416
    0.178151369 1.80858636 1.46208596 1.79687607 -0.720892072
    0.365739167 -0.433331579 1.02652228 0.847858846 1.60343194
    1.66438615 -0.813495159 0.500110865 1.81209397 -0.735768318
    0.972438991 -0.435676992 -0.0371522903 1.68607938 0.811936021
    1.61007857 1.12366629 1.81618977 1.88506055 0.270403862 0.429598689
    -0.472579896 0.555863321 -0.130649507 1.65752697 0.570530057
    -0.21242851 -0.540170848 0.231118977 -1.01365244 0.61925602
    1.24630702 -1.18700039 -0.613146126 1.53261924 -0.0617511272
    1.09307611 0.71132648 0.901291847 0.144468546 1.86389947
    -0.276425302 0.325185359 1.59273028 1.0382129 0.910582066
    0.278558433 0.0199320912 0.0864883661 -0.219232023 1.01181662
    0.182302833 1.11196697 -0.228960872 1.75275731 0.545396447 1.643013
    0.88996619 1.55795717 1.75223017 -0.766411901 1.41427684
    0.0497403145 -0.264774084 -0.932373822 -0.347621262 0.0642287731
    -0.356738329 1.47650337 0.219654024 0.611082613 0.0298927426
    1.77026653 -0.0606793761 -0.74265033 0.166816175 -0.52101779
    0.348828971 -0.665145397 1.88345277 -0.918359458 -0.264446676
    -0.0688942075 1.18543291 -0.268772721 1.00997305 -0.788750291
    0.281667471 0.161913872 0.171437263 0.403423786 0.758611083
    0.241300464 1.05344605 -0.776114643 0.319929957 -0.939371288
    1.8415246 0.599912643 -0.643073738 -0.464738458 0.380037308
    0.745175004 -0.230334103 0.176846206 -0.332209408 -0.384345293
    1.47452927 -0.774088323 -0.233197868 1.16755331 1.11908436
    1.04273653 1.7459085 -0.800967097 0.45010829 -0.725655377
    0.139465094 1.17025256 -0.0927600861 -0.697257698 -0.578801632
    1.56077182 0.848638594 0.662595093 -0.604806185 0.559581161
    -0.443048835 1.15267491 -0.172225654 1.25526702 1.12275052
    -0.0663915873 -0.305323958 1.23037112 0.356787264 -0.533447266
    1.18463063 0.896105349 0.628277659 0.02757442 -0.424009264
    0.122029245 0.544506907 -0.720085144 0.765740514 1.73363709
    0.686952949 1.84486377 -0.759463251 -0.125229955 0.758037031
    -0.572578669 1.31878185 1.48443675 1.21737993 -0.22731185 1.43196321
    -0.141472518 0.815647244 -0.270002127 1.58004022 0.504233599
    -0.39067924 -0.0429772139 -0.0992965102 1.65751338 -0.581086874
    0.498947322 -0.0848617554 0.0352686644 -0.441625834 -1.00252545
    0.994875908 1.74389386 0.597485065 0.484992743 1.11925089
    0.221540332 1.88686097 1.03985858 -0.630755901 -0.252335548
    -0.0548951626 1.2215097 -0.664770961 0.868066967 -0.0921543241
    1.25901198 1.75599408 -0.272992849 1.30356359 -0.811615825
    0.479234219 1.46645463 -0.883821249 1.16310287 1.80450296 1.29954112
    -0.417405784 0.18687135 1.91797328 0.61636281 0.0696964264
    0.782147348 0.0396443605 -0.421539962 1.30633712 1.61865366
    -0.30908519 -0.594256461 -1.07561028 0.208470106 1.67167652
    0.448995113 0.3983953 1.05060995 0.620390177 2.08857656 2.07185864
    1.3897953 0.583227217 -0.765825629 -0.319137394 0.558007181
    1.01723385 -0.844499648 -0.569753528 1.5093081 1.14188337 1.64880514
    0.809329569 1.73294115 1.21772909 -0.318144441 1.61711633
    0.975342035 -0.47989279 1.17497778 1.35311949 1.03396273 0.419027746
    -0.205619395 1.05478978 0.293143153 1.37580585 1.32963133
    0.704749942 0.707856536 -0.00675857067 -0.650111139 0.654158592
    -0.0603218079 0.358414471 0.475944638 -0.569707036 1.1800313
    -0.196588278 0.266136646 0.247174382 0.242411613 1.64406419
    -0.383538485 1.35089684 0.444006145 -0.831108749 0.357159197
    1.70789385 0.173923731 0.869561672 0.265170574 -0.711854517
    -0.0804718733 -0.885552645 1.65290344 0.388005972 0.00424772501
    0.80216378 -0.371401578 1.27239847 0.547714353 1.32789803
    0.363944113 1.90868902 -0.254912078 -0.371796966 1.48429275
    -0.086404562 0.741403818 1.28715956 1.36209369 1.34294879
    0.239947915 0.357560039 -0.948658586 -0.219905913 1.12514079
    -0.660075188 -0.00645667315 -0.597135127 0.123105526 -0.0188724995
    0.496466219 1.59482169 0.134536922 -0.0961636305 0.195506871
    1.21100056 -0.78511548 0.38211298 1.83100605 0.234495044
    -0.0883845091 1.82503664 1.21450245 -0.797839284 0.33741045
    -0.251335263 1.72695482 1.06773424 1.66355681 0.583250761
    0.818026662 1.24421263 0.399503112 -0.2112993 0.91740489
    -0.135011911 0.41316092 0.455238342 0.272595406 1.06536376
    1.94364667 0.935052395 0.466344714 0.517736435 -0.418201089
    -0.184871137 1.42258191 -0.152036965 -0.302029908 0.00341510773
    -0.907131135 -0.101223171 -0.086566627 1.36948109 -0.18650496
    1.91014695 -0.15282315 -0.736733735 -0.142670631 1.62749076
    0.657459021 1.71951044 -0.397822738 1.27509689 -0.670027792
    0.343552589 1.52342987 0.00391387939 -0.496488303 -0.0569375753
    0.609530687 0.250517488 0.254647613 1.2231133 1.53810501 0.532042265
    0.31033814 1.77593899 1.41297042 0.883997619 -0.712331772
    0.0442042351 0.855968714 1.13305092 -0.909461677 1.5214994
    -0.773331463 1.62004483 -0.113510966 0.582706571 -0.0404036045
    1.17606533 -0.883269429 0.354398727 1.01326895 0.481521249
    0.679589748 1.76147389 0.117466927 0.801998973 -0.200741231
    0.040756762 -0.548350215 1.52906656 1.42677617 -0.759844303
    1.38023281 1.71643877 1.17506611 0.314174294 0.142784357 0.8473804
    -0.119000494 -0.048101902 -0.119132698 -0.834008336 1.30429208
    1.09163308 -0.564048231 -0.600318551 -0.147200823 1.75156808
    -0.247346967 -0.27924186 1.14857078 -0.490651846 1.38609469
    0.161740005 1.70838416 -0.09025985 -0.7620731 0.184313416
    0.453687608 2.01437163 0.311691999 1.26699626 1.17570317 1.5205797
    0.386965752 0.0608081222 0.571622372 -0.703158498 1.57840335
    1.49920559 -0.455130756 -0.228540599 0.0909078121 0.0213468075
    1.51237655 -0.720582724 0.618430376 -0.16880399 1.87971973
    -0.808173299 -0.763204217 -0.3161906 0.703731894 1.19814706
    0.647522807 0.163838446 -0.614495873 1.36505127 0.289862931
    -0.130092978 1.0722878 1.45577145 -0.634224892 -0.0403934121
    1.48155594 1.07770622 1.32500243 0.974100709 0.489143729 1.76295984
    0.780731797 0.0483776331 1.17951787 0.145249963 0.767658591
    1.04117644 1.13139296 0.19736135 1.09651113 0.315971076 -0.610517144
    0.430245101 1.36104751 1.20612383 1.90806293 0.0194646716 1.30342793
    0.98499161 -0.411248505 -0.26744169 -0.0468137264 1.22857213
    -0.783172429 0.763942778 1.83491504 0.229741991 -0.409056664
    -0.687004328 0.864744425 0.832361579 0.204171419 -0.753297746
    0.675965905 0.336152136 -0.552911282 1.29406381 0.280584276
    -0.70268333 -0.0366814733 -0.618062019 0.621505499 0.143153667
    0.629629612 1.86775255 1.76032925 -0.759037793 1.75861204 1.04710054
    0.763835788 0.5739007 0.360726237 1.19288576 -0.47196877
    -0.00967532396 -0.249685228 0.369347394 1.48844385 1.58936274
    0.342689157 0.783003926 0.879881263 0.950019002 0.215820193
    -0.942231476 -0.371553004 1.41528428 -0.775086582 1.90495014
    1.16827786 -0.807861269 -0.77419436 1.0420208 1.65943599
    -0.728485346 1.11721134 1.90297484 1.00764203 1.78370047
    -0.308546603 1.239802 0.936771989 0.42956686 -0.78763938 1.05388618
    1.54790378 1.69173265 -0.399427474 1.49182546 0.234533072
    0.123993754 0.845837712 0.384621382 0.452625096 -0.491217375
    -0.556082129 -0.322417378 0.537172496 1.40072846 0.691700816
    0.881611109 0.176034987 -0.0125881433 -0.910466075 0.0926517248
    0.0574026108 -0.650324285 0.509110451 0.449760795 -0.593566477
    0.698010385 1.18135715 0.168334126 0.587731004 1.66775978
    0.479866147 1.545084 0.868320107 -0.233318806 1.73079944 0.639729381
    -0.608996511 0.359920502 0.216960013 -0.251971424 1.72968173
    1.46153641 0.60537833 1.80201554 1.41525686 0.00549715757
    0.979785919 2.00538373 0.182525516 0.768015623 1.4161514 1.53072214
    -0.4384619 -0.451669574 1.0037756 1.52508283 -0.440741539
    -0.494296372 1.48895562 1.54676557 -0.483064055 -0.783664167
    0.527104735 0.662497401 1.43093133 1.19522524 -0.275799572 2.0243125
    1.0978508 1.79268217 -0.297129333 0.287966788 0.987250805 1.57938254
    1.33769369 -0.960596085 0.30062449 1.40698278 0.381064653 1.16801238
    -0.198453784 1.0981276 1.14226604 1.49333692 0.527439892
    -0.636582136 -0.414653897 0.621923208 0.347515106 2.05844784
    0.804655194 0.801299095 -0.513476968 0.882887244 0.239235878
    -0.230925202 0.526049793 -0.328378797 1.07979131 0.380568743
    0.0191571712 0.765532434 -0.215025544 1.71564436 -0.73028034
    -0.219485044 1.4535079 -0.543563306 1.62251461 0.351676583 1.740803
    0.339968324 0.504925489 1.43048 -0.83239454 1.71531248 0.918559074
    0.169779301 -0.765813947 0.740134776 1.1485641 -0.424786866
    -0.592096925 1.01904666 -0.387459099 1.78878105 1.05824566
    0.411153138 0.34525317 -0.249480009 0.527866483 0.845807076
    -0.320604861 1.02982044 0.605076671 1.70903587 1.88512492 0.73074019
    -0.334301889 -0.441711783 0.92425108 -0.20222187 1.64167261
    1.46086264 0.0334056616 1.29734063 0.0527536273 0.7837497 1.49732721
    1.71989083 -0.565377295 -0.256494701 -0.602174759 0.46633321
    0.95755291 0.770548463 0.234998286 1.66937304 -0.394448429
    0.598664761 -0.259094715 -0.424488306 -0.655338049 0.936675787
    1.05253232 -0.509990931 0.465928674 -0.626698375 1.44937289
    0.642184019 -0.619062662 0.52233398 1.42280674 0.561228514
    0.892472744 -0.0915819407 -0.175673842 0.96141243 -0.907779098
    1.594257 0.971702218 0.968758881 0.577991724 0.206563234 1.72139072
    1.08243394 0.402466536 -0.281679273 -0.00427734852 0.83671242
    -0.218147099 -0.575896621 1.0644989 -0.530561924 0.946792245
    -0.752677858 -0.122156978 0.258307457 0.120345771 1.55691612
    -0.173875451 1.56846535 -0.286755919 -0.693979025 1.25624537
    1.36195469 -0.158367395 0.475986779 -0.78299284 -0.21680975
    1.26339662 0.807961822 0.647722781 0.153370142 -0.16367501
    0.928555071 -0.286162615 -0.738906562 -0.20400542 0.466153145
    1.76622081 1.52538598 -0.0846529007 1.71798754 1.40352809
    0.221313477 1.15037727 0.276352882 1.86862719 1.537709 0.0724986792
    -0.229038775 1.69847691 1.9308579 1.0918293 0.407024741 -0.833999455
    1.65674126 0.513433576 -0.430212319 -0.0909805894 1.0403285
    -0.667314053 0.486664414 -0.133378804 -0.677618027 1.00648761
    0.94276464 0.880220771 -0.00381469727 0.12448287 1.61930144
    1.29216802 -0.781021178 0.311704934 1.74451804 -0.24505192
    0.158794284 1.03743184 0.406827092 0.091278255 1.2835741 -0.567047
    -0.275543928 2.06990647 -0.664642811 -0.347725689 1.75899625
    1.12536883 1.66819799 -0.262772083 0.456263423 1.8971808 1.83214879
    -0.805128932 -0.106471658 1.6700412 0.646802723 1.57049346
    -0.0812470317 0.437580585 1.60454214 -0.657815933 0.0839546919
    -0.311652958 1.17813134 1.3743906 0.624626279 -0.587246537
    1.90283668 0.333521724 -0.39019978 -0.243614078 1.46617579
    -0.221796095 1.38795459 0.137669444 -0.203843355 1.49419153
    0.275362253 0.47380352 -0.8882581 -0.386285901 -0.0698437095
    1.39366853 0.165683568 0.888865173 0.438926697 -0.720712662
    1.03952503 -0.2796489 -0.618594587 0.153577447 1.47343338
    -0.0441434979 0.732590139 -0.264046788 0.329924643 0.82510227
    0.51497817 -0.230926633 -0.0230912566 -0.72124964 0.215117931
    0.332568884 -0.221376657 0.777656555 0.735626936 -0.873688698
    -0.650050521 1.55606294 -1.03861105 0.0920488834 1.51977348
    -0.478441775 1.38280308 0.134151459 -0.495704651 0.179714203
    0.352829218 -0.645458519 -0.0837426782 0.594520211 0.354370952
    0.067414403 -0.671227574 1.45785201 0.435848296 0.575033486
    -0.293551624 1.37353909 1.63779271 0.438370109 0.291998029
    1.49795032 1.27541447 1.3191402 0.957428396 0.307823241 -0.837947607
    0.0569211841 -0.901730061 1.46720147 1.33161604 1.40255463
    -0.818614781 1.83077979 -0.707149625 -0.269288898 1.74536741
    1.07350731 1.02213836 -0.491195947 1.54895747 -0.606904566
    -0.192283034 -0.400880426 1.98017645 0.684289753 0.586693883
    0.170918584 1.05980694 0.693128347 -0.784191906 -0.100083411
    -0.0967160463 0.85826987 -0.254451215 -0.919745326 -0.581408083
    1.27900839 -0.646995783 -0.859084487 1.50609517 -0.887182891
    0.324282289 0.206982613 -0.318997383 0.577330112 1.7980957
    0.799372554 1.56140399 1.26709652 -0.120230079 1.46840096
    -0.621402085 1.61064446 0.790260673 0.132315457 -0.0591903329
    1.00826788 0.380534768 -0.503426075 -0.273043931 -0.770162284
    -0.49169454 -0.180782557 -0.297830224 0.835556626 0.41888988
    1.7206502 0.812131405 0.570516706 1.45579517 0.84110415 -0.511228323
    1.50612736 1.85705781 0.497899652 0.111796141 0.19895792 0.802168965
    -0.584579587 1.35221887 0.836878657 0.683598697 1.39458859
    1.32139695 0.104790092 0.852381468 -0.0557943583 0.177865624
    0.204826117 1.34751737 1.81808686 0.91541183 0.218624353
    0.0460674763 1.08302331 -0.407741338 1.39238 1.30022717 0.642933249
    -0.150003135 0.147471428 1.48268306 0.331821084 0.756096125
    -0.224804342 1.04424906 -0.405726582 -0.464536697 -0.510467052
    0.130482137 1.12036824 -0.668634295 0.469853997 -0.21771735
    1.83085728 -0.569933236 0.391549706 0.269116461 -0.665137172
    1.85268712 0.522349954 -0.666791797 1.78835201 -0.376075089
    0.232675195 1.42515206 0.550703764 0.355320871 1.90207994
    -0.991851151 0.975585341 -0.858962595 0.956977367 0.408587456
    -0.64438653 0.631800413 1.22688627 1.61105561 0.649981022
    -0.0191434026 0.691138208 1.51699829 1.71721435 1.33196461
    1.38563275 -0.0338560343 -0.622668266 -0.794944584 0.247205913
    0.995910168 0.591644645 0.832210183 0.225737333 0.579629183
    0.168550134 0.660303831 -0.852758825 1.78655314 1.65828764
    0.485594869 1.77284205 0.028295815 1.76137567 -0.597564459
    0.154483318 -0.3477768 1.50072765 0.140967369 -0.229138374 1.7883873
    1.63684595 -0.149175286 0.369164824 1.03471255 -0.0580685139
    0.845887423 -0.133135855 1.4498806 -0.704439461 -0.173110366
    1.78987885 1.64311683 1.48343956 -0.980886638 -0.0219167471
    0.471838534 1.3896687 1.17012858 1.14626288 -0.140725493 1.04952776
    0.855094433 1.69525003 1.0036006 -0.74605453 0.219106317
    -0.655146837 0.621310592 0.453488886 0.839717984 0.645552874
    -0.920443118 0.721917987 1.62662172 1.81773591 -0.405085266
    0.616914988 -0.426818252 1.64277506 0.766827226 -0.2396698
    1.69787025 0.905765057 -0.287992299 1.62886548 1.80487919
    0.286320567 1.10501158 -0.356516004 1.49295783 0.570700824
    -0.173166156 -0.411541075 1.4268446 -0.694639087 0.853821397
    0.965066195 -0.721822023 1.36021876 -0.579863071 0.768655717
    1.83050275 0.142480433 -0.0544875264 1.07976198 1.56583786
    1.48332465 0.974309921 0.463135302 -0.549528718 -0.526335955
    1.4163661 1.40746605 0.366040647 0.435203969 0.00739389658
    1.75667214 -0.271315515 -0.834299624 1.83060074 -0.0516802073
    0.562116027 -0.0648967028 1.71549082 1.73073208 -0.0907853842
    -0.592279077 0.126901627 1.61482239 -0.725823581 1.10821438
    1.82724667 0.129388452 1.13409901 -0.413509339 0.81819874
    0.610181928 0.203622937 -0.293615639 1.15927386 -0.280250967
    1.40789878 -0.873535573 0.910994291 1.42714643 1.13139725
    0.601810515 1.6372062 1.23817468 -0.689372599 -0.420924127
    -0.0188450217 0.656095028 1.3194356 0.42759037 -0.0434542298
    0.0150606632 1.31385911 1.02159286 0.595682979 0.891780496
    -0.409871519 1.25188029 -0.566694617 -0.231888413 0.239118099
    0.40712136 1.69850278 1.27550459 0.750366449 -0.357904315
    -0.167486668 -0.964282751 -0.461561143 0.658086658 1.49495554
    -0.112369537 1.32556653 0.881319404 -0.803970456 1.44339347
    0.755847931 -0.577029467 1.38484526 0.742417455 0.452897608
    1.20972192 1.34677863 -0.648146868 1.34201312 1.5279007 -0.023090899
    -0.490261912 1.45861483 0.104336739 1.30550659 1.30547357 1.41803849
    -0.453735173 -0.584278464 -0.12191695 1.59070039 0.997248113
    1.44833434 1.82047784 1.23265839 -0.499735236 -0.21724838
    -0.315323532 -0.127317905 1.04885197 0.262979448 0.542730331
    -0.0104225874 -0.0481228232 0.150416374 -0.602847934 1.64934659
    -0.794646621 0.114359021 -0.285149157 1.77625728 -0.786853969
    0.0590935946 0.394265056 0.887031913 1.18754637 1.53416169
    0.00427913666 -0.990233243 0.945289493 0.266317785 0.353192747
    1.2192328 1.22094035 1.08798051 0.561373413 0.834063172 -0.367668152
    1.49148822 1.02906942 1.48582208 -0.144957304 -0.217700362
    -0.506090939 1.79184556 -0.640352011 -0.591551661 1.26730943
    0.867335141 -0.631974101 -0.132595956 -0.0541608334 1.01872075
    0.143867135 -0.47336477 -0.781545877 0.501697898 -0.0925236344
    -0.301441789 0.776709199 -0.75850606 -0.942723155 1.09149623
    1.29564869 0.895269632 -0.18492204 -0.686805844 1.10330153
    0.859379411 1.6793673 1.72073913 0.185479045 0.544339776 0.829248846
    1.56866932 -0.382864118 -0.451899201 1.34346724 -0.410942465
    0.669522643 0.271512508 0.98881942 0.650735259 -0.358050227
    -0.17998004 -0.861095488 1.19006658 1.36247694 -0.47562021
    0.49467212 0.608602285 1.44238198 -0.913837016 0.248279214
    1.65796494 0.97258985 1.51853609 0.891113639 0.112428308 1.83649874
    -0.0142763853 -0.60557735 0.94496429 -0.442759395 -0.63982904
    -0.690864801 0.675451279 0.146184564 1.26613545 1.05349445
    -0.302125096 -0.488179177 0.277314782 -0.100471437 0.0417522788
    -0.544754207 1.67480552 -0.223724008 -0.310151935 1.58726668
    -0.302458584 0.860929549 -0.705037653 -0.172587574 -0.200656056
    1.09045184 1.21590602 0.397907972 1.40993583 0.55344063 -0.678430617
    1.36233127 -0.256314158 -0.021668613 0.25407362 -0.305275917
    -0.582412839 1.20370889 -0.584922671 1.40735745 0.0109043717
    0.483727276 -0.845446944 -0.622396886 -0.00592982769 -0.0379268527
    1.44051981 0.900454581 0.182378173 -0.538617969 0.968919039
    2.12535691 -0.655715525 -0.670501053 1.64417124 -0.386534512
    0.673473179 -0.565775692 1.52086949 1.01175308 1.02086341
    -0.00989234447 0.93835783 0.120173693 -0.538879991 0.728236198
    0.160333335 1.76216888 1.84133673 -0.428988576 -0.742824972
    1.78142321 -0.435560346 -0.0542196631 0.474830627 -0.826570451
    0.130140066 1.65826166 1.70279348 -0.61909163 1.95236349 0.121821702
    -0.36408928 1.50183225 0.0229004025 2.00226593 1.35428488
    -0.141420484 0.498589516 1.37771976 -0.333831787 1.355546
    0.289217591 1.91806328 -0.834165931 1.30965579 0.939578772
    0.35458231 1.59411871 1.00030363 0.569713354 -0.406923473
    -0.36082536 -0.0876939893 1.95499456 0.857162833 0.872106552
    1.87864268 1.01971889 1.35685921 0.280661166 -0.897289276 1.24935114
    1.68098044 0.202327609 0.673236012 1.7938683 1.67584944 -0.487264305
    -0.179567456 1.54033208 1.38799644 1.58660352 0.471859217 1.79320586
    0.471009493 -0.968278825 1.18258238 0.195293427 1.7553587
    -0.774766445 1.4044404 0.331525564 1.64932406 0.777561307
    -0.485432297 -0.0568422675 -0.148347378 -0.782961428 0.548967838
    1.83735871 1.28990221 0.101510346 0.37950325 1.89743543 0.654272914
    -0.526743054 0.30270493 0.0194001198 1.54544199 1.09889865
    0.465824246 -0.239821255 0.457042575 1.16349649 0.0977931619
    -0.953236163 -0.802929282 0.285601616 0.191897511 0.294792116
    -0.304824591 1.67275703 2.26225662 1.78408921 -0.603180528
    0.43701309 1.84645939 0.218674183 -0.130805373 1.74944913
    0.730573177 -0.716103077 0.247147262 -0.713047326 0.891601562
    1.02645254 0.821905494 1.31784105 -0.45511204 -0.468837202
    1.81114602 1.92510939 0.643913865 1.37762022 1.71655202 1.8737247
    0.0565042496 0.637999177 0.366880476 1.50726843 1.79140353
    1.05205536 1.09621108 -0.588521838 -0.0427177548 1.06484342
    0.348345459 -0.380080879 1.39463949 1.04258394 0.267671227
    -0.596149802 -0.356534183 -0.458757401 1.19883943 0.0284796953
    1.5039618 -0.728286862 1.6100347 1.16607738 0.567639828 0.738167167
    1.57399392 1.18454063 0.944593132 -0.841256857 0.158436775
    1.86033618 1.70963788 0.266114414 0.398704588 -0.627929091
    0.0887724161 1.56093204 1.65247929 -0.157731652 0.743111134
    0.794159174 1.79071283 -0.891138732 0.300468922 1.24050617
    -0.49134925 -0.558119237 0.263901711 -0.362226367 -0.189487219
    1.16505432 -0.78500545 0.852979302 -0.0102007985 1.9722507
    1.61961412 -0.846861303 0.0844666362 1.57518125 0.374848068
    0.832903743 0.750465631 0.809810996 0.770427227 -0.0824190378
    0.34302938 1.516271 1.05448234 -0.922776163 -0.277880073 1.8520875
    0.620998681 1.25725102 1.29957199 1.15839016 -0.184399962
    0.692753077 0.662218034 1.71034241 -0.136311471 -0.783537865
    0.999463618 0.270543396 -0.848627627 0.793711543 1.15723324
    1.01558638 0.348009467 -0.827443004 1.36106098 -0.288277388
    1.75130486 -0.244130731 0.956135273 1.61139607 0.62544322 1.13476503
    0.186379015 -0.224812806 -0.93506366 1.52676821 1.91153479
    -0.732078135 1.42177939 -0.704249024 -0.870692194 -0.109496415
    0.988052487 1.53715253 -0.772819638 0.86852932 1.92611289 1.86566055
    1.65224135 0.272444367 -0.681762159 1.18915772 0.675947726
    -0.645477533 0.376932681 -0.36141026 -0.73124665 0.312188089
    1.66491508 -0.835656166 -0.495965958 -0.767057955 -0.12048912
    0.656609058 0.488374352 1.61921287 -0.163620889 -0.133627594
    0.809947789 -0.799396276 1.64497364 -0.392737567 0.0709142685
    -0.177303851 1.7568717 1.02186966 -0.514224172 -0.0505532026
    0.306082666 1.51032865 1.62335062 0.171731949 -0.469633073
    -0.300057828 -0.658150196 -0.687905312 -0.742233872 -0.344482183
    -0.508760452 -0.934009612 -0.845515668 -0.663077593 -0.591198862
    0.250030696 -0.764878809 0.188754916 1.75547004 1.445454 0.778548121
    1.72011411 0.12846756 -0.317310214 -0.572875381 -0.697342992
    1.20560479 0.440718949 0.963510215 0.332427859 -0.492012888
    -0.761530995 1.37924194 -0.24620837 -0.103759468 0.0179839134
    0.850634098 1.01490104 -0.257915914 1.63751233 1.53812492 1.82581007
    -0.471223116 -0.611839771 1.78330159 -0.296615601 0.0201150179
    0.45491755 -0.754362226 0.845912457 0.990916967 1.25032794
    1.79418159 0.737714052 -0.563615441 1.10004926 0.278574944
    0.910311699 1.63410449 -0.0728425384 1.93972492 0.495331168
    -0.291121006 1.8390702 -0.213993192 1.18854451 0.975665212
    -0.0659914017 -0.406857193 -0.312589049 1.86965299 1.69555044
    -1.01258206 0.968984962 1.47357881 -0.174981177 1.41469049
    0.500819683 -0.587274194 1.46150243 -0.0819298625 1.55441093
    1.66651165 1.21752071 -0.719675481 1.41416836 0.538255572
    -0.329779685 0.0120316148 0.853710055 0.545625627 -0.687517881
    1.08046901 -0.532042384 -0.113820732 1.88851833 -0.143268883
    0.331385136 1.67212534 1.76463151 0.247969389 1.00303817 1.03366482
    1.79445469 1.29150307 0.748044729 -0.305306554 0.382909536
    0.743640482 -0.410652757 -0.80276382 1.14952266 0.726592064
    -0.705136478 -0.755873621 -0.635880709 -0.165118217 0.528226793
    -0.66240108 1.56670678 -0.671134055 1.31505895 1.02512836 1.13061166
    -0.801055551 0.783780456 0.895450234 1.35291266 1.72849488
    1.30676341 -0.989814162 -0.0730779171 1.24764836 1.62608576
    -0.112841249 0.737558842 -0.572275996 1.550179 1.74307215 1.84295237
    0.829229653 -0.669364154 0.877673209 1.52996278 -0.09043926
    -0.113067269 1.85677385 -0.301272392 -0.385338128 -0.105689049
    -0.809667826 0.91633904 1.09250271 -0.873812556 1.3317095 1.32688892
    0.810002923 0.51192224 -0.164303184 -0.525910437 1.12918591
    -0.481291503 0.0169758797 0.464308977 -0.390885353 -0.120621622
    1.16954231 -0.841627181 -0.583573818 1.17487693 -0.171387017
    -0.954692841 1.31250262 -0.507048368 -0.844827414 0.733373642
    0.454399228 -0.464508414 -0.895173371 1.32814682 0.136073112
    1.35021591 0.310291946 0.254820287 0.574054062 0.798272133
    1.69462609 1.02557766 1.43653417 0.380850911 0.0656642318
    0.575687468 1.15384209 1.33944571 0.366017103 0.693516314
    0.429292977 -0.135888755 0.153134704 1.77624977 1.39378655
    0.291384339 1.30407858 1.02409577 -0.959203601 0.536193609
    1.74232006 1.05854619 -0.678864717 1.33699751 1.84760308 0.679650128
    -0.558796108 2.00817013 1.08470762 0.437576056 1.29367137
    -0.400482267 1.20468497 -0.663981557 0.838163555 1.15366089
    0.228159785 -0.333374381 0.027005136 -0.340359569 -0.103528202
    1.31796956 0.886705458 -0.598000944 0.638398588 -0.50496155
    2.18770075 0.186353803 0.849213779 -0.00925582647 0.351169229
    -0.456651777 0.988397598 0.991689801 1.17046225 1.33286667
    0.691568494 0.154320836 0.423934937 0.962387502 1.86936784
    0.530658722 1.18147182 -0.467461109 0.92903161 1.40733922 1.49510717
    -0.535347104 1.19305444 0.0150176883 1.20656681 0.759176672
    -0.323237956 0.767836571 -0.482791543 -0.321310937 1.9988656
    -0.579808593 1.83219385 -0.341373026 1.59356284 0.483157635
    0.853750706 1.69577825 -0.661204994 1.91138339 -0.178773165
    -0.707619131 0.468355179 1.06487 -0.387797952 0.134982824
    0.855643511 1.45951629 -0.400760174 -0.0462140441 0.582067192
    0.00392562151 0.835834563 1.93678021 1.3766706 0.294521689
    0.138841808 1.47614217 -0.246928275 0.628006935 0.432120264
    1.49135888 0.73665905 0.818852782 -0.186247051 0.475455523
    -0.504301846 0.657382309 1.91935992 -0.212701857 1.10993195
    0.447568893 0.604266226 0.427515149 1.99607038 0.444135189
    -0.875851572 1.08850098 1.25530839 -0.293956995 1.78240418
    0.397540212 1.20472157 -0.715405881 1.54544163 -0.773979902
    1.91867447 -0.776771665 -0.469164073 1.59027898 0.894370437
    1.17684412 0.937993526 0.383104205 -0.996884882 0.174026847
    1.30532539 0.964043975 -0.922271371 0.888977528 -0.227761805
    1.0605551 1.44707024 -0.374592185 0.875045061 0.323336661
    0.365489841 -0.386023879 1.62695193 -0.0574073195 0.914967358
    -0.533155978 -0.371343017 0.790703416 0.124055326 1.60626435
    -0.188512504 1.47826982 1.67231607 1.60019541 0.457844973
    0.374071717 0.825827122 0.734540939 1.49041867 -1.03673005
    -0.235954702 0.544833302 0.806839466 -0.655273139 0.525551319
    -0.462857366 -0.880321622 -0.0771214962 1.6428349 1.15728974
    0.900393009 0.647384167 -0.192560792 0.481535494 1.30124378
    0.056388855 1.77424324 -0.62448746 1.1003778 0.0673994422 1.41160274
    0.207527518 -0.418979526 -0.33462745 1.69423831 1.25731933
    -0.770621419 1.11801708 1.48721671 1.66721427 0.986665249
    -0.575917602 0.929680943 1.34249115 0.209404826 -0.941633224
    0.873384535 -0.0954171419 -0.3980937 0.588175535 0.827714503
    0.624088168 -0.952993274 -0.740065575 1.92584658 -0.662798643
    1.49287939 1.38251638 -0.130176127 -0.132785738 -0.970722079
    -0.230727911 0.915438771 0.9929533 -0.679617286 2.03321123
    0.855156064 -0.665211618 1.59823954 1.66317379 -0.0866116285
    1.59836316 1.38278008 -0.701527238 1.89945304 0.920728028
    -0.691870391 -0.355487704 1.24455011 1.44264174 0.899040222
    0.423956275 -0.855607688 1.59288347 1.19658518 0.123980582
    1.12327552 1.15399981 0.580423653 -0.0448507071 0.860484242
    0.571735144 1.7076565 0.0641682148 -0.41405338 1.36466098
    0.468591332 1.39946687 0.986740947 -0.00365269184 -0.82882303
    1.04804182 1.57949209 1.85130119 1.31701422 -1.02795208 0.123822689
    1.16602468 1.01294243 1.63889909 0.267652392 1.67799246 -0.413737059
    -0.328035355 0.961045384 1.18682861 0.681524158 -0.27760458
    -0.450291038 1.15135813 -0.0917394161 1.69180536 1.00008261
    0.0281982422 -0.87205267 1.97976482 1.29323363 0.315383196 1.4741416
    1.77622283 -0.78928113 0.971079826 -0.339142799 1.7806772 1.9002825
    0.854939461 1.19723046 0.616306067 -0.0162127614 -0.268228769
    1.96775937 -0.787168145 0.110515714 0.934213817 0.545925856
    0.397256255 0.528231204 1.27220774 1.46515596 -0.352045834
    0.859448552 1.32042742 -0.396077335 -0.112584591 0.908664584
    -0.777643204 0.228813291 1.01480734 -0.912109554 1.40166998
    1.33028913 -0.190230966 -0.200099409 0.735442519 1.58714259
    0.428096354 -0.635854244 -0.0452894568 2.07730484 0.658813655
    1.08806729 0.194784284 0.535582125 1.9862802 0.954955161
    -0.949470401 1.65443861 1.67213583 0.169589877 -0.212619007
    1.46252179 1.47404778 0.954344034 1.01554596 1.65341461 1.12561476
    -0.246537983 -0.0648187995 -0.52938056 -0.0262784958 1.69871473
    0.603589177 -0.538362324 -0.600061655 0.934883833 1.38552308
    0.900204539 0.298276722 -0.137464702 1.98067594 0.324769318
    -0.998312771 0.839468718 1.07868862 0.966202617 0.782447338
    -0.231234372 -0.510883868 1.76222706 -0.814259648 0.477814496
    -0.111071885 -0.0758018494 -0.646297812 0.311771989 0.593883455
    1.0557127 -0.636900246 0.874124944 -0.41115123 -0.779987335
    1.44110858 -0.609471917 1.44418192 -0.509573102 1.17082071
    -0.0610098243 0.78335619 1.62201238 1.09376359 1.46338272
    0.100812912 0.194138765 0.442319393 1.70391953 0.506600618
    1.04576099 1.42573786 0.162281752 0.051625371 0.606745899
    0.0714265108 0.592256308 1.78990877 0.879428804 -0.892584443
    -0.290106177 1.92848027 -0.595973611 -0.0967727304 0.319053769
    1.59029818 1.30176806 1.83340466 0.251309276 0.967536032
    -0.559477925 0.270035148 -0.601032197 -0.410651207 0.508012831
    1.53827715 1.00542021 1.39040589 -0.878034592 1.01982427
    -0.209074378 -0.230658233 -0.750966966 1.57020593 1.03565454
    0.313642561 1.30058384 -0.505044341 1.0518558 0.021936655
    0.882331669 1.47180772 0.714312673 -0.108495235 -0.543802261
    1.19652152 1.8231442 -0.173529804 -0.308671832 -0.940502286
    1.29018736 0.0674344301 1.07890964 1.73195183 1.23076832 0.927388668
    0.923876643 -0.363491178 1.33883178 1.40617931 0.560150862
    0.459395051 -0.811819077 1.87017071 1.25720084 1.65749979
    0.0530694127 -0.76207757 0.920518517 0.49655813 0.964817643
    0.641942382 0.537167668 -0.440894008 -0.0890141129 -0.467138976
    1.98020196 0.843691766 1.42524171 0.994967878 -0.202754378
    1.55565107 1.42814696 1.37979376 1.1369971 1.25925827 0.473383665
    -0.325764656 1.05290818 0.720740139 1.03198051 0.500047505
    1.63663936 1.77404654 1.86818075 -0.787577987 1.84922528 1.16220045
    0.300573707 1.50977147 1.48754454 1.48316801 0.942274928 0.223287463
    -0.0864315629 1.35162294 -0.255111575 0.590422928 1.07402492
    -0.334616303 1.31986356 0.28865242 0.363236964 1.18787742
    0.259431958 -0.238550246 -1.04502761 -0.303369284 1.26607084
    0.311817586 0.374220192 -0.157771945 -0.577361166 0.572172403
    1.36029732 0.212660313 0.532459319 -0.473956048 -1.09369957
    1.40357041 1.21660745 1.69956076 1.41825449 -0.952951252 0.598979652
    1.71666801 -1.01526797 1.081164 1.42638493 -0.339578032 -0.408910573
    0.00457519293 -0.364958346 1.54289222 0.756803632 0.0931873322
    -0.927634597 1.68696725 0.0566028357 0.861665547 0.227095068
    1.93044925 1.71814239 0.826850533 -0.430640221 -0.42558974
    -0.564407408 1.57091856 -0.681867182 -0.703450441 0.982760608
    0.649610758 0.852952719 1.67103481 1.45038474 1.04821539
    -0.299377143 0.427194834 1.51575029 1.14229572 1.59689772 1.8096658
    0.168257356 1.39022243 0.949319363 -0.57438755 0.525977492
    1.35962772 1.26784801 -0.796516895 1.03249073 0.41016829 0.705096602
    -0.511416078 0.763589442 0.658936918 0.0271145105 0.259593189
    -0.179723978 1.18559718 1.98280752 1.10336089 -0.72957617 0.22903347
    1.67891419 1.41471696 0.208509684 0.909923792 1.25527406 1.61989236
    -0.214155793 -0.157841384 1.14065075 -0.0567876697 -0.467938662
    -0.932402611 1.90881336 1.80972314 1.14165139 -0.277934492
    -0.223506272 -0.507667959 -0.369467914 -0.15468806 1.52612805
    -0.159911156 -0.425738662 -0.643147826 -0.583588362 -0.483828604
    0.552081108 1.44662762 0.573971331 0.902482688 -0.192526102
    -0.39398849 1.71702731 1.76976097 0.947364032 -0.372897267
    -0.334721655 1.16164291 -0.624943733 1.02629566 -0.572477877
    -0.286906064 1.39776969 1.18802166 1.3202076 1.54331708 -0.872174799
    0.406276226 1.01683462 0.743033648 -0.292943597 0.448718429
    -0.520209074 1.71750665 -0.147607863 -0.0197580457 0.709546924
    0.212103248 1.87985229 0.631596684 -0.717001796 1.42242146
    0.392029524 1.47831964 1.7414211 0.519981861 0.399712026 -0.34715879
    0.342782497 1.34739733 -0.70598489 -0.239310563 -0.470136017
    0.167919338 1.29024637 0.029103756 1.09307003 1.21759272 0.719340503
    -0.215453595 0.434291244 0.969588399 0.561393261 -0.108147204
    -0.726453543 1.81843674 0.477267683 -0.134397984 0.121387124
    0.693816423 0.525680482 1.60326886 1.85691643 1.48567104
    -0.585031152 -0.237609446 0.789083481 0.0677495003 1.8426168
    -0.417301714 1.89607096 -0.343794823 -0.491947353 0.319197297
    -0.751099586 0.873379111 1.75877035 0.383499146 0.352880001
    -0.408895016 0.759713948 0.9002918 1.38963985 1.42474258
    -0.759187281 0.551472068 -0.401611865 0.249709845 1.71779335
    -0.723885536 -0.66799438 0.831858516 1.43259883 0.103532076
    1.38373029 -0.750816941 0.189487457 -0.35183084 0.351992667
    -0.140748262 -0.686335266 0.841816843 0.420176387 1.26299727
    0.730079174 1.81248021 0.885884881 -0.0678428411 0.948417306
    -0.250158548 0.38377732 -0.223299325 0.202121139 0.622959375
    1.45739985 0.0497665405 -0.0930710435 -0.306381702 0.215651214
    0.65058434 1.49749053 -0.582734406 0.927797198 -0.266083598
    -0.427767217 -0.68260777 -0.344502449 1.6402992 -0.359701872
    0.825119555 1.45224071 -0.101473212 1.33094358 1.56739891
    0.843161106 -0.628985882 0.971738935 -0.971933007 -0.289548993
    1.22667766 0.835715771 -0.458410084 0.481230617 -0.369261056
    -0.331767082 0.557557046 0.135333776 1.87672067 1.57564163
    0.449139059 1.2216922 -0.843192697 0.632451773 -0.439001322
    -0.479735553 1.49097252 1.72764754 -0.62726903 0.560214579
    1.48828614 -0.55370152 1.16696978 -1.08745515 0.392622948
    0.000909268856 0.915039182 -0.621273994 -0.313656747 1.11709428
    1.00774813 0.588701725 0.0443513393 -0.00236725807 0.656408191
    -0.214496553 -0.375042737 1.54789758 1.43775868 1.0784471 1.19505167
    1.07576799 -0.260312617 -0.714909613 1.2260406 -0.41822499
    -0.307680547 -0.294293463 1.19538999 0.470012128 0.856616616
    1.86997294 0.756250501 -0.595575988 0.947260022 1.59487474
    0.931004643 -0.0694658756 -0.122389197 0.845771194 0.0140324831
    0.0018209219 0.88615942 1.81462431 -0.262407064 -0.891942739
    -0.776528537 0.0570708513 1.40136039 1.44507289 1.59781134
    1.04819429 1.08692253 0.931586742 0.539684057 0.851141572
    -0.0560539365 1.65239584 1.95756483 0.596147299 -0.256184459
    -0.556672931 0.48724997 0.305105984 0.0419819951 -0.00627553463
    0.290491343 -0.182545841 1.35815239 0.610955715 1.63350475
    1.21135187 1.47097838 -0.984032452 1.44631362 -0.375308454
    0.416538477 1.43523383 -0.642117262 0.659546137 0.509864628
    0.54650265 0.981212735 -0.0337783694 1.58607507 -0.488567293
    -0.352558255 0.973425865 -0.145600617 1.30268395 1.04714727
    0.517116308 -0.799642324 0.403064013 -0.0647147298 1.92727041
    1.41659212 -0.386119783 0.510203123 1.67770219 0.883889437
    1.27780759 -0.592193663 -0.412090212 1.5678308 -0.47100544
    1.73882091 0.738124967 -0.595730901 0.190934241 -0.681044161
    -0.135733247 -0.07545048 1.01758122 1.72235811 1.69957614
    0.0649585724 -0.462906718 -0.456438661 0.517920434 0.119210422
    0.597887218 1.32065189 0.0483242273 -0.538749158 0.645368576
    0.591436505 0.781618476 -0.354947805 1.27269089 -0.123832047
    -0.257834971 -0.691974759 1.46113539 1.04206133 -0.680381
    0.900086761 1.35580254 1.14843535 1.53063631 1.63471377 0.284458458
    0.429063439 1.03900528 2.01523876 1.52921081 -0.12371549 1.20572782
    -0.04025805 1.72367775 1.90872312 -0.656175673 -0.537383318
    0.936461329 1.54927969 -0.753170073 0.465324879 1.07465684
    -0.622817099 1.89937782 0.778067827 -0.0776839852 -0.4070521
    0.335793972 1.70644951 0.442758262 0.974282265 0.737829387
    0.754724443 0.723877907 0.190932631 1.26530027 -0.390844345
    1.19235444 1.82866156 0.841917872 1.34462297 0.00398802757
    -0.279298067 -0.143605173 1.32638609 -0.712350249 0.39398396
    1.26497948 -0.736928403 -0.865163803 0.996821046 -0.127269506
    1.09225285 -0.0408049822 1.38152337 0.978839278 -0.483838499
    0.683387995 0.390361905 1.41609097 0.362633467 1.68537509
    0.773484111 -0.638940752 1.02240312 1.78432643 0.39958179
    -0.972206414 1.54717755 0.842550039 -0.206868589 -0.446688771
    1.10975266 1.2138679 0.0763728619 1.69951904 -0.714794815
    0.930449903 -0.807566524 1.12475038 -0.132443905 1.21447515
    -0.0422741175 0.244074821 1.58450007 1.60167336 -0.604728818
    -0.355352044 0.963744164 -0.104514301 -0.497871876 0.632726312
    -0.567576885 1.30505013 1.28401494 0.942167521 0.690492749 1.2382766
    1.71393633 -0.256993413 0.30284518 1.08010364 -0.816626728
    -0.564287066 -0.339728832 1.42450356 -0.497965723 0.0733287334
    -0.57809031 0.101203203 1.59945536 0.904851556 -0.342484117
    1.60151219 0.85534364 1.39305449 0.531275034 -0.603732347 1.57926524
    0.265726149 0.862009645 0.988619149 1.83209062 0.626478672
    0.535883188 1.82586408 1.93892276 -0.53157568 -0.939472198
    0.826478481 1.63937378 1.67549264 -0.631379366 1.15517354
    -0.364501387 1.64438605 1.28844166 -0.631679237 -0.0841968656
    0.340129435 -0.681744397 0.492454767 -0.298901618 -0.317427218
    0.989810228 1.18312454 -0.0399848819 -0.193322062 0.426178694
    -0.678040624 1.0380801 0.814520061 0.991466045 -0.175643981
    0.105589032 0.558102131 0.848685265 1.16754031 0.744153261
    1.46886039 0.300374746 0.296300769 0.00667142868 1.43126345
    0.170754433 -0.580082655 1.86644983 -0.294303536 1.6646688
    1.36032605 -0.119063556 1.19915354 -0.854344964 1.36445773
    1.84861541 -0.113953173 0.530276656 -0.58800137 1.82710862
    -0.454474598 -0.845119894 -0.661020875 0.546527386 0.953833401
    1.34102297 -0.432317913 0.175439477 0.37809217 0.250955343
    -1.08141088 0.0768033266 0.723802924 0.716348767 0.795332551
    1.07823539 1.27823973 1.27732682 -0.586355567 1.86735606
    -0.460720539 -0.578827143 -0.088155508 1.62062025 0.863232553
    0.912583113 -0.110812128 -0.121123731 0.269848764 -0.460942
    -0.640343785 1.36830008 1.92967165 0.942156851 0.757066369
    -0.605821371 -0.935966492 -0.37344265 -0.0907849669 1.73476768
    0.012619853 1.67599201 -0.511545479 0.629522026 -0.614393055
    1.84756517 1.30709863 0.124297142 -0.380082995 -0.0651546121
    -0.537878871 -0.57608515 -0.387208462 0.923438191 0.500076771
    0.72764504 1.75371706 0.341561258 0.9479388 0.814616323 0.904666841
    -0.205711961 -0.542829931 1.59030795 -0.604433775 -0.585809588
    0.496462464 1.59774256 1.4322921 -0.846361518 0.206258297
    0.465256691 0.327506185 0.533586621 0.786144614 0.735673308
    -0.0449285507 0.787240446 1.57607436 -0.40451324 -0.707975507
    -0.334577084 1.48562944 0.855983496 -0.330569983 -0.779952943
    1.55279732 0.485610187 -0.115817428 0.951262772 0.578999221
    0.230459869 0.90524298 -0.458065718 0.305860579 1.69967782
    1.68623781 -0.971986055 -0.638818622 -0.582406521 1.58978856
    0.388416767 0.656715453 -0.419752151 0.664497912 -0.68419677
    -0.338733435 0.784022331 -0.645070255 1.55285478 1.04152465
    1.95209157 -0.639507353 0.411529779 1.37497926 0.839527488
    0.0205916166 -0.39891839 -0.926355362 1.56157851 1.74652576
    1.52563596 -0.272339821 1.87212801 0.251784444 1.01557243
    -0.529488206 0.568183422 0.911239743 0.547713518 -0.128243089
    1.55418527 1.2591157 0.463421106 1.21196246 1.3946979 -0.0348806381
    -0.587263703 0.00918066502 1.35772097 -0.0971608162 1.53672302
    -0.267922521 0.418809295 -0.709525168 1.84471595 1.74249518
    0.312497139 1.41536856 0.564973295 -0.514875293 0.430335402
    0.68429482 1.3614397 1.30844021 -0.552463889 1.18586206 1.21285832
    0.407506347 0.199588239 -0.647543192 1.28818011 -0.657211721
    1.54696047 1.81670237 1.15001059 -0.229900718 -0.862701297
    1.72393918 -0.298679948 1.04007506 0.738881707 1.39444184 0.91021955
    0.0474830866 0.0995993614 -0.095854938 1.85890901 -0.712017
    0.985729814 -0.709251165 1.94894457 0.954493284 1.57075799
    0.992159009 -0.864738643 1.51980758 1.28689897 1.22871137
    -0.372498453 0.686908484 1.84222662 0.336536288 1.22330546
    0.913006425 1.31355429 -0.783446908 0.325714111 0.0399212241
    1.31921697 -0.777252436 -0.489539325 1.85220528 -0.260415494
    0.275277793 1.33104241 -0.0368410945 1.68956816 -0.0555638075
    1.45230699 0.353136957 -0.528862298 -0.454106897 1.08398783
    0.287257731 0.654709399 -0.463738114 1.36029148 -0.0277579427
    0.349547625 -0.181966305 1.09262085 0.998946071 1.613024
    -0.471289247 0.298189759 -0.875579298 1.56419683 0.998699248
    0.712157011 -0.33825022 1.67284155 1.22452784 -0.23005861
    0.224011362 0.185909331 -0.0274933577 0.91457653 -0.333665073
    -0.166571081 1.26067257 -0.183989704 -0.36152637 1.32111478
    -0.23036921 -0.734376431 1.11848688 -0.610179007 -0.963444948
    -0.296817243 1.03391075 0.684309423 0.601321042 1.7001009
    -0.856280506 0.212673783 1.07543862 -0.108233809 -0.474686593
    -0.735032141 1.95920408 -0.472855687 0.947995484 0.593722224
    0.756240964 1.58311343 -0.430951536 0.72642386 0.936205149
    1.74640596 -0.555407763 0.107810915 -0.677227259 0.0680350065
    0.703139424 0.401067019 -0.559462667 0.739694655 0.77169764
    1.53664541 1.0062753 1.06284833 0.158288419 -0.679967582 1.48940432
    1.66925359 -0.0980809331 0.613005877 1.6862632 0.370294452
    1.59867179 1.09726393 1.13831747 -0.782634139 0.97503686
    -0.152549148 0.507830858 0.437803984 1.81539989 -0.847432435
    -0.80881232 1.30444121 1.41632938 0.605962574 0.593051851
    -0.174871802 1.41682386 0.376417041 0.797155619 0.394840062
    1.04555809 0.808993816 0.778537035 0.699994564 0.611528695
    1.00135779 0.356673777 0.355120778 -0.374647856 -0.779382646
    0.676963568 1.22458267 0.244509339 1.18360913 1.03596318
    -0.867620289 2.04578066 -0.0496680737 -0.457208633 -0.643698931
    1.0859673 -0.494641721 1.17382276 0.103773713 1.21309292
    -0.959368527 0.00850355625 -0.0869077444 1.66575301 0.668725729
    -0.398099542 0.0669965148 2.09318709 2.17303276 0.239944398
    -0.695817173 1.89902496 1.94657016 0.711587071 1.68476391
    0.162713408 -0.349676192 -0.251601398 0.559885979 1.39557576
    0.886108041 -0.801874876 -0.0339643955 1.36367261 0.151426256
    1.56983399 -0.38811028 0.18271637 -0.575164676 0.535394192
    0.0538368225 0.443511367 0.744268179 0.531785369 -0.556605279
    -0.730397284 -0.151106358 1.90039873 0.150834918 1.80708098
    0.973794341 0.705333591 -0.384473145 0.323873878 0.784651279
    0.533167064 1.77287865 1.23017001 -0.0395038128 1.32426572
    0.87983954 -1.04622531 1.65312541 -0.760339975 -0.933429122
    1.11443603 1.5937407 1.52693832 0.32325232 1.64799571 -0.592927337
    0.46254909 1.21256173 0.459341526 0.94976747 1.41104686 0.888367772
    1.02495635 1.1560117 -0.822561443 -0.2533499 -0.141502976 1.45297265
    0.321155906 -0.369209826 0.0486603975 1.09308839 -0.466901153
    -0.314458191 -0.403298378 -0.355426222 1.38894153 -0.0522803664
    0.575318933 1.14989066 1.75107169 1.00916398 -0.835040808
    -0.301584959 1.18887329 1.51527297 -0.113946319 -0.916021585
    1.15342867 0.836275339 1.3077426 1.37283599 -0.0645964146 0.5837304
    1.41503847 0.0741040111 1.86747324 0.74106735 -0.308422804
    0.376995564 0.0360997319 0.560132563 -0.386983633 -0.592037082
    -0.72247529 0.186450243 1.06168818 0.22775507 0.308606088 1.68050194
    0.55679369 -0.629649818 1.76276088 1.22237194 -0.907462656
    -0.228660762 0.840546072 0.708286166 -0.377519011 1.00933862
    -0.235718429 0.0390251875 1.41997051 0.314636946 -0.360197902
    0.362370014 0.795672297 -0.253614008 1.39248109 -0.188701987
    -0.104482472 -0.325695097 0.151672006 1.36104894 -0.286978483
    1.6113764 0.17089051 -0.920001328 0.0631770492 1.69600785 1.58366323
    1.29018593 -0.896236181 1.05238831 0.351977468 0.352926254
    -0.525384724 1.29164362 0.29789418 -0.0705433488 0.469430685
    -0.297977328 0.207514405 0.426286042 -0.319456995 1.08151019
    0.150632262 0.155607104 0.843438685 0.97795862 -0.52411294
    0.389021218 0.287387669 0.418777823 0.906898141 1.33563149
    -0.254933715 -0.0378485918 -0.650374651 1.56094694 0.0640755296
    1.56725824 1.81305933 1.98924446 1.10402298 1.83384991 -0.834005415
    -0.266511917 1.70965123 0.864479423 -0.542342424 1.30911505
    0.186092496 0.626942873 0.866032243 -0.359547973 1.06718993
    1.86598754 1.88563943 -0.00260859728 2.12052774 -0.511747122
    1.52724695 -0.806307793 1.19472861 -0.580359399 -0.186042249
    1.25326753 1.60282075 -0.71049732 0.704318643 -0.758809149
    0.342517257 1.14701629 0.690018535 -0.622583151 -0.626852632
    1.01340747 0.591966748 0.411683559 0.318076015 1.78996646
    0.843654037 0.884864211 0.860983789 0.711527407 1.09459758
    0.122809649 -0.36693716 0.897093415 -0.432705581 1.92081547
    0.596300483 1.69548714 0.555415452 0.230038881 1.38105154
    -0.702945113 0.147668481 -0.0959329605 -0.0320699215 -0.576601028
    0.148888171 1.90075469 1.75263441 1.00553644 0.769267678 1.40696084
    0.308530927 -0.563789845 0.711897612 0.0367562175 1.18181598
    0.793607295 0.175597489 1.89761817 0.855517805 -0.717766404
    0.0467065573 1.70578241 0.19319737 1.22887731 -0.0639885068
    1.2227006 0.958120584 1.79148984 1.6920656 -0.00291252136 2.04339838
    1.0615207 1.66887474 -0.351262987 -0.527498841 -0.311031401
    -0.852043092 0.102141261 0.513667762 0.26682806 0.841528893
    1.69474316 1.52459431 1.80252361 -0.113851964 1.85656285 1.38801527
    0.831931591 0.0372424722 0.767328322 -0.154122889 1.75325429
    1.92437673 -0.208752692 0.0991227627 0.412956774 -0.525082827
    1.88543534 0.419749558 0.00280123949 1.32710624 0.00905996561
    -0.299794495 1.370453 0.56864512 0.188943624 -0.593861818
    0.780431151 1.60511971 -0.900241911 1.42554986 0.186729312
    1.84186685 1.64282358 -0.634376168 1.65361857 -0.34531492 1.46738684
    1.222121 1.37714267 0.260587454 0.600735307 0.507910609 1.2531352
    1.62372231 -0.766735613 1.69974768 -0.70144546 -0.736910999
    0.66340971 1.27997065 -0.945255876 -0.0982877016 0.89636451
    0.413180709 -0.961964607 1.1493777 0.654973984 -0.917188644
    -0.681498647 1.30416346 0.946182311 1.48474884 -0.421691418
    -0.450430185 -0.13127476 1.46923554 0.939846635 -0.906429648
    1.31307006 1.01763439 0.19547677 -0.14962095 1.54336786 -0.276554644
    1.28186119 0.404571772 1.82564628 1.03363419 1.44035423 0.293639183
    -0.212783694 -0.379590809 -0.370275259 1.28021979 1.35326481
    1.15038013 1.77534187 -0.373486519 0.452883005 0.0625296831
    0.973698556 1.26541722 1.51840436 -0.831809938 -0.63013649
    -0.271765947 -0.674682856 0.450477958 1.48262513 1.75347364
    0.130897105 -0.0180620551 1.80050302 0.868396521 1.60734463
    0.697952807 -0.851836741 -0.143990338 0.695397615 1.3986727
    1.61947989 1.74102283 -0.441408813 0.188843608 1.07971656
    0.538601995 0.774918914 0.814173281 0.0404317379 -0.756352544
    0.724293411 1.66318154 1.65741062 1.43646443 0.8401196 0.182519376
    -0.227692783 -0.550387561 1.29858196 0.626943231 -0.624889374
    1.02527857 -0.437642872 1.32394266 -0.875752568 0.537543058
    -0.231009901 1.41807258 0.524961293 0.0996286869 1.93151283
    1.06523252 1.5183053 1.44087029 0.670217633 0.667086005 0.915686846
    0.43777293 -0.248860836 1.41790795 1.28891313 1.66453016
    0.0316784382 0.514742434 1.09434152 -0.505430222 -0.751276076
    1.09561133 -0.40876466 0.976204991 0.00189590454 1.24912238
    -0.00226509571 1.62823105 0.0618886948 -0.226693869 1.65210533
    -0.24177444 1.76133442 1.6942451 1.08800924 0.407202125 -0.71339035
    -0.661028862 -0.646000862 -0.655462027 0.844037652 -0.127124608
    -0.345965028 -0.0189642906 1.4774487 1.84289789 0.335751891
    -0.577482224 0.426761508 0.569692969 0.338724554 0.65997088
    0.252306223 1.26235735 1.07041454 -0.025177598 0.81594336 1.35121357
    0.402858257 0.816890597 0.72821641 0.701788664 1.71340799 1.03716719
    0.260748744 0.543562591 -0.305484951 1.0895263 0.391185284
    1.72441161 1.69117868 0.644671857 -0.465340257 -0.309782565
    0.141412139 -0.700472295 1.6127367 0.590871334 0.190598607
    0.961107612 1.2980032 -0.588597417 -0.637956917 1.89958119
    -0.511997044 -0.677410126 1.7374146 1.28277624 -0.234712541
    -0.342499912 1.03367424 0.705745518 -0.096075058 -0.427259862
    0.291289091 0.154821992 0.714095354 1.53736818 1.18375969
    0.0703090429 1.31292272 1.4462676 -0.154099703 -0.309740841
    1.63858211 0.176803231 1.3653425 1.33331597 -0.677765906 -0.43374753
    2.00828123 -0.43062368 0.867432833 -0.835769117 1.76625156
    0.677855134 1.54494905 1.40423703 -0.00704324245 -0.26679194
    0.548642337 1.281358 1.60138953 0.799366355 -0.920492887 1.34891462
    -0.672748208 -0.396866739 1.36161792 1.37210011 0.348491967
    -0.227617204 -0.368671536 1.14287007 1.56082106 0.594316065
    -0.287020326 0.437693775 0.0408599973 0.849687517 -0.451658934
    0.780041158 0.707782388 0.685602367 0.612659872 -0.0267849565
    0.751255393 1.82631779 0.421541095 0.481100559 1.22501731
    0.884134173 -0.750869274 0.99824369 1.07463551 0.900824904
    0.139537573 0.775099039 1.53598869 0.866787434 -0.462573349
    0.410301089 1.55683851 1.12013102 0.601683021 -0.16404897
    0.221075535 1.68658721 1.86176026 0.371650636 0.191330791 1.13801718
    -0.0406321883 1.83218551 1.54835629 1.82869983 1.72194362 1.29824042
    0.57130748 1.61550832 0.520844162 0.0186895728 1.94772255
    -0.129133761 1.22531319 -0.371322393 -0.990044236 -0.0608655214
    -0.460597575 0.766423702 -0.0225429535 1.57117128 1.64291763
    0.846718907 -0.697192729 0.744467914 -0.640222311 0.339091539
    0.160219908 -0.298092484 -0.0349624753 0.0669563413 -0.286036253
    1.22126639 -0.145304561 1.53394818 0.454522371 1.80638504
    0.932173073 0.258823454 1.79365849 1.15196896 -0.356850505
    1.15079319 -0.289996147 0.132136285 0.996895552 0.894527256
    -0.462631822 0.901534081 1.19467354 -0.571875751 -0.581328809
    0.0275508165 -0.867801547 1.18268418 1.00819707 1.01375103
    1.29444265 -0.949571431 -0.359393895 0.150327444 -0.45725745
    0.236088455 0.117294729 -0.112514257 0.755677462 1.7246356
    1.46248484 -0.794608295 1.60474706 1.436625 0.917799056 0.181652129
    1.83834767 -0.412714571 0.579087257 -0.450943172 1.43823981
    1.59216857 0.807414293 1.77139294 1.12632608 1.26426744 0.638458252
    -0.850345671 1.63243866 -0.0451704264 0.0257641077 1.78705561
    -0.375883639 -0.403565586 0.282660007 -0.738713205 0.49579376
    0.423895717 -0.740335345 1.31041193 0.283021629 1.80817235
    0.117850542 0.0549367666 1.04025495 0.966207504 -0.133636892
    1.47503889 -0.411231667 0.635450661 -0.733938992 -0.971566319
    0.18256408 0.929041028 1.2964983 0.220059454 0.218691707 0.57425344
    0.0862352848 1.35271871 -0.564421833 0.586915851 -0.457859099
    1.43524623 0.335499883 1.37884474 1.4477421 0.169996262
    -0.0677396655 -0.502269745 0.119331479 -0.850866318 -0.841709435
    1.69447768 1.20800638 0.594857335 0.512037694 1.34434152 1.21873879
    -0.172125995 1.01644957 1.20239747 1.54277325 1.17003989
    -0.839183092 -0.484316707 0.0606386662 1.68941236 1.08051801
    0.175982237 -0.157709181 -0.369851112 1.04435968 -0.779660463
    -0.851590037 0.603729069 0.917345762 0.743997812 0.786863327
    -0.1192981 -0.234091878 -0.778387427 1.35571241 -0.340500653
    0.499791503 0.146723092 0.620559156 -0.137940347 0.562446594
    1.40489841 1.67337394 1.87879288 0.787343502 -0.0836988688
    0.214191437 0.157831848 0.0818782449 0.707700372 1.93265271
    -0.796073794 0.0366821289 -0.107406199 0.381094933 1.44434953
    0.178089142 1.22676134 0.111009598 -0.828621209 0.774827361
    0.920066714 -0.345947325 -0.390561163 0.741598368 1.41633224
    0.664741755 -0.302609265 0.298678637 0.108961821 2.0212822
    -0.495556235 0.726255834 1.57857466 1.22156167 0.229011655
    -0.703466654 0.798439026 0.443144262 -0.50047648 0.138961613
    -0.985155344 -0.647643507 1.38478959 1.18562162 -0.931271076
    -0.174746454 1.44259095 -0.350220501 1.19240022 -0.730373323
    -0.0166605711 0.25034833 1.08991456 0.176549435 1.65883493
    0.851434648 0.230826497 1.96864462 -0.480784833 1.4015336
    -0.0211053491 -0.253503561 1.62096786 1.97697258 -0.665814638
    0.133872032 -0.575687528 0.403650403 -0.0410758257 0.171456337
    0.902881145 0.0905103087 0.719728649 -0.35424149 1.21450365
    -0.891684711 0.339209437 1.36724949 0.0262367725 0.266103745
    -0.828892112 -0.11118269 0.531721234 1.5433743 0.201329112
    0.566726148 -0.849982858 0.385263383 0.37066853 -0.747385681
    1.9420619 1.05396461 0.765079021 1.05140448 -0.63934952 1.73489928
    0.316231966 0.047362566 0.141615272 0.0174190998 -0.293272674
    0.509954274 0.959580362 0.738155842 -0.00714623928 1.53736162
    1.32056439 0.117868185 0.504664302 0.951826096 1.37085474
    -0.609397531 -0.399576783 -0.501640141 -0.156287789 1.22651434
    -0.179911733 -0.370682359 0.530138075 1.71327102 -0.470332325
    0.584296107 -0.208406985 -0.35589546 -0.690102339 -0.694668412
    0.788675845 0.537926495 1.29734504 1.46187484 -0.193061054
    0.030451715 0.0614477396 1.41035736 1.87829638 1.22112012
    0.573389649 -0.653278291 0.679570138 -0.519735456 1.40601993
    1.67693925 1.37798727 1.25778127 0.401834846 0.282779574 0.387211025
    1.57302201 1.74501586 -0.00761151314 -0.55039835 -0.775406837
    1.39201236 1.02122927 0.855401039 -0.783963978 0.821977079
    1.20361388 1.38269877 -0.396721035 -0.379011065 0.36302644
    -0.855789304 -0.792861521 0.967097938 1.55028319 1.05357826
    1.22526395 1.22214019 -0.605434418 0.233785987 0.590716124
    -0.866073489 0.663902581 1.6236974 1.33190942 0.224094748 0.16144526
    0.511324883 -0.201453388 1.59055877 1.1072737 0.775886655 1.02843714
    -0.527972281 2.07626629 -0.76627481 -0.593065023 0.360136032
    0.496519983 1.57613623 -0.406404197 0.206540346 0.565448403
    -0.643723965 1.18841088 1.65443587 1.02015495 -0.563795805
    0.944660604 -0.666647434 -0.808206797 -0.332705706 1.91898525
    -0.355869412 1.54605591 0.696039915 1.65407026 -0.150830746
    -0.565811396 0.297867 -0.578887105 1.36781049 -0.393776715
    1.45767581 1.95048475 1.521034 1.4918164 1.7529614 1.37139511
    0.337049305 -0.933331668 0.759886801 1.38731968 -0.511545539
    -0.728585124 1.54670119 0.41153574 -0.214134276 0.741868854
    -0.168724477 1.70669031 1.62520194 0.849428892 -0.343763947
    0.46406281 0.410640836 0.161501169 -0.624104619 0.60346067
    0.777959704 0.519906342 0.12725246 0.730849981 0.681150794
    0.203271151 0.432660937 0.435143948 1.46799111 -0.249751151
    1.78069627 -0.268176436 1.64283061 -0.465933979 0.649391174
    1.30651069 -0.784540415 -0.621767044 -0.00394338369 1.59586728
    -0.0622072816 -0.465790451 1.77488089 0.700041473 -0.526106119
    0.540814698 2.05908632 -0.653506279 0.239782333 0.627491713
    0.464971662 1.50645471 1.91516805 0.964833736 0.25397718 1.40288663
    0.150583804 0.819648027 1.72789848 0.559682965 0.0213034153
    1.38327694 -0.30811727 0.451394081 1.47871995 1.35057855 2.01246071
    0.287602782 0.776266694 0.323104024 -0.431497753 0.048579514
    1.70857477 -0.74947834 -0.657853544 0.736699104 0.858578563
    -0.717840672 0.147021413 0.709097981 -0.127568603 1.46466422
    -0.0647368431 1.85038233 -0.731814861 0.173724413 0.231995642
    0.480172217 0.378856301 1.5174284 1.57776594 -0.29240799
    -0.524942994 -0.235534549 0.218372583 0.890121877 0.22840935
    -0.677736819 -0.579753578 -0.73170805 0.258877277 0.652992725
    0.0562031269 -0.103524685 1.34508812 -0.114344597 0.256232858
    1.38093436 0.835273564 0.688652694 0.140931308 0.175425529
    -0.426244855 -0.267565012 0.0202987194 1.68448579 0.2554124
    -0.906186461 0.577471554 1.26506197 -0.555468857 1.64319086
    0.171184421 0.9303509 0.335829735 -0.262473702 -0.321872473
    0.509311557 -0.72977829 0.526228726 1.94621944 -0.487939179
    -0.353629172 0.158774614 0.322482109 1.66518855 0.921851873 1.968009
    -0.0989401937 0.696469605 0.479174018 0.922183692 1.69217587
    0.556093216 1.4067924 1.43134725 1.02454829 0.890212774 1.71835029
    0.868214369 -0.260576248 1.72889304 0.152384341 1.2531023
    -0.169168234 0.465362668 0.408075869 1.95096612 -0.665280282
    1.66194272 0.463548481 1.12189484 -0.481628895 0.353888512
    -0.914225101 -0.565758646 0.0346265435 1.28465605 -0.174160659
    1.26430702 -0.982011139 0.294096708 -0.264372885 -0.737162769
    0.699586093 1.52298069 -0.224912703 -0.864510477 -0.592530847
    0.735866487 0.632881761 -0.117240012 0.217294693 -0.0811072588
    0.180927932 1.68737197 0.615563452 1.75983715 1.27914679 0.908130169
    -0.288543165 1.64562881 0.443860948 -0.620849669 -0.747407436
    0.566498935 0.343653083 2.09695888 -0.245814025 0.10806191
    0.0307087302 -0.257180691 0.976526737 1.679847 0.479890704
    -0.0344172716 0.800728559 -0.842453122 1.63442075 -0.589400172
    1.43796825 1.14815068 0.168228626 1.31929851 0.583972812 0.699269652
    1.80194211 1.16211534 -0.832078576 -0.313222229 -0.339528471
    0.247932792 0.241865456 1.8703382 1.75097215 -0.832927048 1.71230567
    -0.230778456 0.918606997 1.76041472 1.05832481 -0.387761921
    0.942866862 1.62672448 0.773618221 0.440603852 0.574718475
    0.953463316 1.03971362 -0.0625397563 -0.846494079 0.808141828
    1.88834548 0.44979465 0.924723566 0.692358494 -0.32028532
    0.456805706 1.54005134 -0.484971941 1.13377213 -0.620996535
    1.14787352 -0.366143525 0.644311011 -0.852970123 -0.928115726
    1.8111757 0.0330374837 0.1233446 -0.84878397 0.324186742 2.03268886
    1.40180218 0.786648631 -0.152061999 -0.366325378 1.04831564
    -0.441331029 0.150836468 1.37030494 -0.076969862 0.0373318195
    -0.892634392 0.779351354 1.79541409 1.5318439 0.27077055
    -0.564750969 0.92609638 1.72480512 0.338590622 0.95549202
    -0.142424822 1.7930057 -0.520771444 0.450584173 1.39620256
    0.741644323 0.554840147 -0.937501729 0.810520113 1.85106206
    0.352190614 1.07663989 -0.599845231 0.180707395 -0.627038836
    1.91046166 0.0659955144 0.650237024 1.44409454 -0.766375065
    1.91427231 -0.142855465 1.40936959 -0.426272482 -0.0196135044
    -0.394694924 0.0654635429 0.854670823 0.989348233 0.695005536
    -0.671820164 -0.414729416 0.725432396 -0.630898654 -0.520942688
    0.372565567 1.14185071 0.0548252463 0.97020489 0.123702466
    -0.600378513 -0.392393649 0.0110337138 1.05979395 -0.0334401131
    1.74706745 0.0165763497 1.60000849 2.07552075 -0.00681459904
    -0.295405865 1.54044771 1.35895705 1.71923423 1.79420733 -0.16508764
    0.0871308446 0.0806340575 0.610353231 -0.328682721 1.30739391
    0.359794617 0.280479074 -0.773194253 -0.436379701 -0.275231898
    -0.593662143 -0.600695848 0.931928754 0.991787136 0.219369113
    0.488191247 1.29904187 1.21412003 -0.295003295 1.51765633 1.32833385
    1.86623454 -0.0575945973 -0.490266025 -0.169443011 0.543884397
    -0.321996689 0.374444067 1.85431945 1.70058775 1.42616153
    -0.334621549 1.70002258 0.682863951 1.64890313 -0.181017756
    0.236504436 0.474258184 1.40994716 -0.124711394 1.03519118
    1.51135767 -0.699531436 1.86993217 -0.610650182 -0.63553369
    1.45708621 -0.286779702 -0.603819489 0.250148594 0.857246518
    1.93123972 -0.701743543 1.5936408 -0.346829504 -0.616302073
    0.124447107 0.800153196 0.0044388175 0.199078083 1.36048794
    1.03577507 1.50415254 0.282779455 1.70542157 1.33417165
    -0.0403881669 0.503688931 -0.547852457 1.51966131 1.08744109
    -0.237354875 0.662558973 1.75549638 1.5906024 1.83884192 1.10036838
    -0.137353957 -0.477755874 -0.152798593 1.63426137 -0.130874813
    1.26351166 0.743657887 0.749080122 -0.551666617 0.2258569
    0.448796868 0.252711177 1.46647251 0.929974139 1.12030602 1.76802099
    0.0671892166 0.11903584 1.35857892 0.803623796 -0.842393637
    -0.415704399 1.52628589 -0.585114419 0.913718939 1.19706178
    -0.417901099 1.25898099 0.753276944 1.10465729 -0.377076626
    0.00665652752 0.0237414837 0.851646245 -0.113009453 0.244011164
    0.322702587 -0.613833129 -0.341584533 0.74056834 1.46497059
    0.992106259 -0.910478175 1.02036178 1.55913293 0.437071323
    1.67079973 -0.0680232644 -0.015925467 0.0113775134 0.736859441
    -0.0536066294 1.25501859 1.61455572 -0.00703299046 -0.513159633
    0.146460414 1.50098431 -0.802205563 1.42085886 -0.615041018
    -0.204748631 0.875246465 -0.107921302 1.69279408 -0.223261535
    -0.97653538 -0.632254601 1.24351311 -0.660503447 1.0554961
    -0.0240466595 0.208705068 0.0592622161 1.72310662 0.736481428
    -0.295792758 -0.0712342858 0.99770385 -0.122771144 -0.930288732
    1.68239367 -0.713245392 -0.713323116 0.872045934 1.2741015
    0.458874643 0.00423127413 1.42336297 0.935826302 0.344770432
    1.75931478 -0.149458528 -0.874819636 1.86568904 0.00571984053
    1.50639462 1.9650166 -0.436353147 0.931128144 -0.0558753014
    -0.0330723524 1.62132919 -0.596830904 0.0692600608 1.2626636
    0.983544469 1.57438922 0.290812254 0.726041555 1.56398523 1.27498829
    1.28504527 1.50746191 0.269775629 1.20381963 0.541144252 1.34486389
    -0.645930648 0.731578529 0.2138834 0.0347515941 1.55526876
    0.118187308 1.77521002 -0.677615404 0.379425645 0.744189978
    0.683655083 0.303134739 -0.313223958 1.46968174 0.642065942
    0.676822245 0.938797295 0.555932581 0.871768236 0.297086596
    -0.3154127 1.0501796 -0.794237137 -0.112990022 0.444973588
    0.750766277 -0.246416152 -0.481060416 1.02533054 -0.435070008
    -0.252986312 0.00530803204 -0.829605877 1.66247702 0.48904556
    -0.82090348 -0.221615434 1.00090051 0.0441732407 1.24629498
    0.752633691 0.013246119 0.385525346 0.91342485 1.01074862 1.00675225
    -1.06447828 1.51602948 -0.62336719 1.19345284 0.244519889
    0.681700766 0.179421544 1.99304342 1.52752352 -0.714003623
    0.317664742 -0.58662039 1.10485423 0.245139718 -0.920455039
    1.31652403 1.86920786 1.03070819 0.725476205 0.0573067069
    0.947733998 -0.193837166 1.59282017 1.68945622 -0.172607601
    0.264392853 1.08465087 1.6814214 0.859357774 1.68979871 0.112924814
    0.322407365 0.993298113 -0.129095674 1.53125143 -0.19771564
    1.70566332 -0.0852165818 1.30272126 1.74884057 -0.377773106
    -0.368330002 1.21248078 -0.352346003 1.77173471 1.73144257
    -0.796581507 -0.0653213263 -0.588863015 0.719709814 1.88739049
    1.51668942 0.222830236 1.24983501 0.636239886 0.517459393
    0.897493124 0.190090656 -0.51134336 0.233407617 -0.711998165
    -0.568433762 0.926732481 -0.40307197 0.832490921 -0.319448292
    1.35443449 -0.513002515 -0.249052167 0.740690947 0.00859743357
    0.422137797 -0.612749755 -0.913155138 0.142104506 1.55247605
    0.158196449 -1.11971486 1.10303211 0.875235915 0.862891436
    -0.640133142 0.156443 -0.0987789035 0.19846797 0.798453867
    0.843859792 0.0912134647 -0.485879004 -0.874871016 0.413759589
    -0.0136698484 -0.866283059 0.859788597 2.05070162 -0.735003591
    2.01292443 0.588201702 -0.484094888 0.283301115 2.06266451
    0.913142979 -0.136595607 1.00940156 2.04816103 -0.0178723335
    0.103419721 -0.387290895 0.0370026827 0.0620529652 0.749284208
    0.726220131 -0.625545621 -0.0790752769 0.97342068 0.836245477
    1.74265087 -0.858854532 0.968566179 -0.174726427 -0.646915436
    1.60136628 1.8346498 1.29047334 -0.468050659 0.419228017
    -0.270831525 -0.6992172 -0.43815577 1.17982185 1.72125483
    -0.143237114 1.58081532 0.61434865 -0.348501146 -0.856705844
    1.31926107 1.44595194 0.822728276 -0.11371994 -0.288613081
    0.306102574 1.07587242 0.037315011 1.22900009 1.56606483
    0.00392198563 -0.769804001 0.313425481 0.889460981 0.807781637
    0.588011026 1.70204043 1.31981874 1.5766679 -0.785412014 2.03289509
    1.4223479 -0.370188177 0.916837752 0.382148266 0.463361979
    -0.154838562 -0.297016919 1.33668637 -0.107201517 -0.559622884
    -0.45205161 -0.692833185 0.0825667977 0.35570991 1.59711671
    1.6148982 -0.0510576963 0.958949268 -0.240088761 -0.165282071
    0.841494679 -0.374986589 1.53831387 -0.963201821 1.41200209
    1.56415033 -0.336479008 0.389671445 2.01340175 1.08467853
    -0.540049791 -0.782486558 0.25053072 1.56964302 0.357143521
    -0.67344594 0.992141962 -0.142105699 -0.362499118 -0.387909383
    1.42325926 -0.296431184 0.827679157 1.49404001 -0.0692974329
    -0.13060987 1.48251462 1.31813061 -0.472794473 1.76528835
    -0.106929302 1.71530318 0.371444643 0.703725457 0.834428012
    -0.798184216 1.5754261 0.00347590446 1.75860691 0.543205023
    0.225933194 1.51489568 0.408509076 -0.644085944 1.67466283
    0.940426826 0.981837809 -0.677295208 -0.57974422 0.0248912573
    1.14976323 0.884366393 1.4340266 0.238515377 0.989612937 0.119701385
    -0.0433007479 1.5000546 1.50433588 -0.293881238 1.19092536
    0.608476698 1.22938967 1.00641787 0.880934417 0.998608947 -0.8313604
    -0.0464108586 -0.0962554812 1.79516578 1.82612669 -0.525061369
    0.0358992219 1.54112983 -0.385905325 1.56856322 0.60750854
    0.650611222 1.34695637 0.964284778 1.67142773 1.52264535
    -0.322189808 -0.74010241 -0.279114366 0.780571282 -0.830287933
    1.61727309 1.24839079 0.913711071 1.84383309 0.50383985 -0.240958989
    1.71469462 -0.335012794 0.142666042 -0.785861492 1.19543242
    -0.518167734 0.884366632 0.978967309 0.835620046 0.471479177
    0.967252433 0.234635115 0.427489877 1.39387119 -0.407745361
    1.26451731 -0.770260215 0.246570945 -0.897997081 1.51085472
    0.263281941 -0.0948802829 -0.00481593609 1.04770708 1.51222074
    1.36860847 -0.672844648 0.439653099 -0.640472174 1.62933683
    -0.941450179 0.329900503 1.26514173 0.727344513 0.541989326
    0.107847989 -0.363562405 1.54688954 -0.256474614 0.47420913
    -0.583831072 -0.598302126 0.211127222 0.680354178 0.677535534
    0.533809364 1.69015145 1.61077213 -0.0935535431 1.77292585
    -0.692041636 0.272765219 1.63366783 -0.724178195 0.458758652
    0.639200747 0.188869834 0.818385303 -0.26956147 0.205185115
    0.334575891 -0.195649624 1.14500427 -0.491755605 0.40938282
    -0.0519372225 0.0454361439 1.59900284 1.60804868 0.721130192
    1.22913742 0.980860949 -0.180607259 0.627670646 -0.0424102545
    0.38696456 1.17037082 0.464949608 0.540330529 0.730880737
    -0.27592057 -0.497363329 -0.129591048 1.7619791 0.0949878693
    0.152355254 0.830913424 -0.233527899 1.38586164 0.0727251172
    -0.80080092 0.936955988 -0.93377769 1.84852862 0.842952013
    1.48631525 1.65933132 -0.260819912 1.09106481 -0.0582666397
    1.75635648 -0.83405751 0.171890378 -0.0324987769 0.572534323
    0.259066224 -0.307331383 -0.583819509 1.40632415 1.0118736
    1.56760991 1.90661252 1.91692519 -0.811156034 1.63033915 1.9882232
    -0.802899897 -0.672494352 -0.514902592 -0.276927471 0.13795197
    1.04871309 -0.620040476 0.404922009 0.969794869 0.854948163
    -0.244667947 0.292313933 -0.442623198 -0.409882188 1.02185893
    0.658797383 1.23674977 1.3440659 -0.0717784166 1.38287139
    0.458377361 1.58875132 -0.349029481 -0.314921498 0.0228795409
    0.445037723 -0.650360823 0.297237813 0.967650771 0.891249299
    1.74133193 1.5078547 -0.659577072 0.825276613 0.0859903693
    0.740211904 0.0482165217 -0.39916423 1.26907957 0.551123619
    1.36327136 -0.794215977 1.3822031 -0.13097477 0.127154887
    0.237287581 -0.593133807 0.929271162 -0.325279713 1.82186866
    -0.140864015 0.706147313 -0.244498551 0.842645407 0.881303191
    1.10559583 -0.795461774 0.427246571 0.876715064 0.0950455666
    0.0775079727 1.34559882 -0.12257129 0.850325823 -0.22194761
    0.178210378 -0.123729646 0.62771821 1.26384306 0.789456248
    0.46282804 -0.449543536 1.22255898 1.69324493 -1.00985551
    0.00452828407 -0.318817973 -0.291213512 0.616918147 1.84215903
    1.61427927 -0.548260868 0.448722124 -0.794453084 -0.662719786
    1.40206933 0.74853909 1.34550059 -0.836509585 1.5040741 1.55582023
    0.0792770386 0.117643774 -0.468333185 0.0119959712 0.354399025
    0.944554389 1.55203176 0.54785645 -0.948114514 0.770460844
    1.41191792 -0.628018558 1.20924902 1.18168867 -0.324563503
    -0.0347822905 1.47548437 -0.724452138 0.761158466 -0.327728182
    0.0466805696 1.35140133 1.39758658 -0.55908519 0.021674931
    1.45083129 1.82380724 -0.0486420393 -0.359807014 0.749833524
    2.12674236 0.439074278 1.9052912 0.902217448 1.28940845 1.56631696
    0.664607286 0.916212618 -0.0611329079 0.845552683 -0.00304055214
    0.890528262 0.14186126 -0.681632042 0.605788827 0.797906101
    -0.647001028 1.6678102 1.29394126 0.0732091665 0.877525687
    -0.372080684 -0.0697755814 -0.384282172 0.773467839 0.945506215
    1.57021308 0.200338364 1.67528331 0.155711055 0.859024048 1.06390083
    0.56690526 1.58768499 0.547778606 -0.0431515574 1.90716267
    0.0566558242 -0.311143875 0.751607001 1.5983026 -0.559686899
    -0.500817776 1.44655991 -0.53514713 0.881725669 0.251602352
    0.985079467 0.689890921 -0.939965904 1.84799051 0.887785614
    -0.684576154 1.49057901 1.3516469 -0.1626966 -0.513759732 1.15300441
    1.73856127 -0.252738476 1.68868244 1.57947242 -0.122650623
    0.363647938 1.26901054 1.18260193 -0.456257582 0.516544461
    1.14018989 -0.155362427 0.798674881 1.05240273 0.192201972
    0.942507386 2.02136016 0.601395011 1.78447294 1.3634491 0.812632084
    1.28907633 1.22827768 0.185720563 1.33947337 0.19076556 -0.807730973
    1.61080527 1.91689873 -0.300161958 -0.489861608 -0.592928946
    1.82291365 0.103373051 0.179564595 1.16610909 1.8815155 0.856618345
    1.70703721 1.44550705 -0.11998564 1.80780542 0.0654088259
    -0.488351464 0.207022727 0.564034104 -0.218239307 -0.0311739445
    1.18267739 -0.707741916 0.995762467 1.64563084 -0.247200847
    -0.521989524 1.19058204 1.49118567 1.60176492 -0.565803468
    -0.697913468 1.03175831 1.42287385 0.984770775 1.51712942 1.50367451
    0.279465854 0.727501869 0.716567397 -0.0703353286 -0.569348693
    0.0228123069 1.51173759 -0.496917188 1.93060517 0.743634284
    0.306655765 1.15803897 0.862436473 1.66402352 0.00250411034
    -0.273778558 1.93489122 1.5754776 0.311093807 0.557219386 1.0278759
    1.73386061 1.31121719 -0.0824615955 1.80651081 0.558103323
    -0.199213326 0.00756752491 -0.482181847 1.75520957 0.511946917
    0.811915576 0.517786682 -0.40422821 -0.577770352 -0.751084149
    1.43078732 0.0348518491 -0.580534697 -0.274202049 0.326170743
    -0.933750927 0.916996717 0.150584579 0.256569266 1.943344 1.11016285
    -0.544801652 -0.475688696 1.37318337 1.83606458 0.584790647
    -0.393805206 1.60168779 1.2408489 1.57873082 1.12666118 -0.508038938
    1.6821239 -0.208464921 1.39407825 1.77820241 0.810647845
    -0.499518365 1.65187299 -0.0413469076 -0.406442881 -0.85836786
    1.08407879 -0.563397467 1.76197791 1.77291 1.28747582 0.801376462
    1.44002497 0.242848158 1.56599987 0.864728808 1.01219785 0.500074089
    -0.553260207 -0.227565408 -0.395970523 -0.586881042 0.880303741
    0.90315938 1.28881741 0.648462534 0.184066296 1.61603785
    -0.135272384 -0.548305273 -0.329515725 -0.621785045 -0.103798509
    -0.463367462 1.20611787 1.245085 0.609438598 1.23484492 -0.208630741
    -0.267973721 0.000537693501 -0.48107928 1.68791747 -0.146134794
    -0.406104356 2.1739254 1.37792611 -0.560123563 0.395906627
    1.35587835 -0.249004304 1.32608438 0.955061674 1.48575556
    -0.496426821 1.21467376 -0.539975882 1.52618885 1.43002033
    -0.366069674 -0.278962135 -0.470558435 1.69027114 0.222016811
    1.67130268 1.02638996 0.0764222145 -0.450686127 0.924793124
    1.47728109 1.8213129 -0.423098356 0.797908962 0.995054424 1.69491684
    1.5909797 0.830995917 -0.950180352 -0.408757806 0.961197674
    -0.790926576 1.64748216 1.56252193 1.2100091 -0.227954447
    -0.227825642 -0.346365869 0.642883539 0.0674412251 0.343783617
    -0.433347523 0.397356153 0.881227493 1.07446074 1.47347403
    -0.693974674 0.581536949 1.10667706 1.45933938 0.288953185
    0.716145635 0.260720849 -0.403544009 0.543331683 -0.119471729
    -0.28362745 0.656022251 1.31003809 1.82831585 0.73078692
    -0.388048589 0.185206115 1.4810195 1.41876292 1.46911716
    -0.804667711 0.542889357 0.682715833 -0.480615377 1.83632755
    0.460142076 1.25758123 1.46423554 0.377510548 0.0176877975
    -0.507191718 -0.708833218 0.223346353 -0.44533065 -0.459936142
    -0.407369614 -0.132871509 0.012019515 -0.322036743 0.61132443
    -0.521674812 -1.0429312 1.47595465 0.50782311 1.2834307 -0.434887409
    -0.629694581 1.07364857 0.354300976 0.172953427 1.06301177
    1.25795388 1.00601721 -0.270811319 0.466329932 0.445607185
    -0.242067456 1.03012514 0.599279523 -0.269703805 -0.0069886446
    1.53440642 -0.559025288 -0.296929717 -0.0940890908 0.133868456
    1.17269802 0.897007108 -0.923911214 0.0982598066 0.447146893
    0.924579382 -0.308555424 0.347574472 1.48266566 1.52563858
    -0.741644919 0.444562376 1.50695169 1.61794269 1.33245134 1.86958635
    -0.812160134 0.936705291 -0.15610373 1.4744935 0.0257448554
    0.159042358 -0.507877469 0.499280572 1.14180875 0.919139028
    0.974891543 1.54382944 -0.757928312 1.3296802 1.74054122 -0.40363425
    -0.3604334 0.0924130082 0.390784025 0.759037495 1.00962734
    -0.240556061 1.33623374 0.0663430095 0.763783216 -0.668961287
    0.00822615623 -0.951538086 1.82746911 0.173505247 1.8495326
    -0.0302072167 -0.337516427 -0.821919441 0.537437439 1.23569608
    0.719708323 1.74683154 0.629645109 0.248964548 0.453768611
    0.820733666 1.730371 0.668832302 1.39763653 0.519479632 -0.682567835
    0.195564985 1.73082244 0.0875159502 0.22504586 -0.616554141
    0.983698428 0.968051076 1.28344655 1.91676712 0.210359812
    0.359492958 1.67305624 1.63872623 0.681380987 1.05388117
    -0.377688468 -0.587644041 -0.309394121 1.33374107 -0.0791088939
    1.58246017 -0.327025115 -0.814109147 0.937841058 0.503657043
    0.820522428 -0.276982486 1.66474533 1.05132413 1.5078392 0.449889958
    -0.317519605 -0.366116703 -0.706077576 1.9572283 0.256793201
    1.85317242 1.41045856 -0.743933856 0.229242563 1.24473202
    -1.11504436 -0.93945837 1.6515311 0.877715945 1.24290705 1.32103753
    0.485934496 -0.860940635 0.574700952 1.55908048 -0.353417754
    1.30954778 1.74215817 0.674473763 -0.3526811 0.755116582 1.2272166
    -0.65569365 -0.00462335348 -0.4300071 1.29248929 0.0653247237
    0.645964503 0.31906116 -0.50877738 0.787264585 1.00240636
    -0.550575137 -0.807245135 -0.664835691 0.477360666 1.84956849
    0.308999777 -0.606588185 0.239702106 0.0246893764 -0.337074608
    -0.162988603 -0.156545341 0.252711654 1.57734978 1.33081973
    1.30889964 -0.342113614 1.20355618 -0.49776721 -0.488618076
    -0.145974219 -0.815290928 1.4933126 1.55122995 -0.559698105
    0.354407132 2.02538109 0.74655211 -0.190372705 -0.0656058192
    -0.643520653 1.39703798 -0.214213073 0.252697766 0.812272966
    -0.290079415 1.43327856 -0.216628999 1.1433723 0.853488922
    -0.0976973772 1.47796774 1.39878845 -0.687524199 1.19047308
    0.6620121 0.0855467319 -0.162440419 0.38844651 -0.124866962
    -0.687230468 0.0469914079 1.23033106 -0.469156206 0.932764173
    1.75492311 -0.107640624 1.1155318 1.23567951 -0.48266986 -0.838817
    1.66244245 0.460537195 0.166956306 1.24921334 1.35665667 1.07628083
    -0.241021812 -0.560308695 -0.324725568 -0.766983092 1.63875163
    -0.0708726645 0.737450838 -0.776795268 -0.7213462 0.421864569
    -0.631294191 1.0616014 -0.758781672 0.0380693674 0.56942749
    0.0320675373 0.713065803 -0.855976701 -1.04327953 0.31737411
    1.74106061 0.340414166 0.688013971 0.171740055 0.279924333
    0.859995186 -0.748719692 1.8310895 0.073467195 -0.276386619
    0.808650136 0.549418688 1.57956266 1.13264513 0.552330375 1.49099553
    1.09760654 1.52577066 0.898841143 1.07607114 -0.46692884
    -0.609117031 -0.59703356 0.101632237 -0.750103354 -0.349024951
    1.19973052 -0.827674866 0.839464664 -0.756498277 0.419856071
    1.54588223 0.851714134 1.03463399 1.45008802 0.619463205
    -0.589823544 0.75324136 1.22174144 0.0941623449 1.16794145
    1.27718568 1.14610279 0.791277409 0.378486156 -0.729027271
    -0.54368031 -0.157133341 -0.400567055 0.767983377 -0.970683038
    -0.115146935 1.1324544 -0.498496771 0.350784183 -0.304947138
    -0.784940541 0.141105294 1.35075057 -0.74195981 0.622828364
    1.88131237 0.609759927 0.468596935 -0.188269138 1.73657966
    0.675222397 1.39046955 -0.602463663 -0.0346425176 -0.341997623
    1.21769738 0.0397170186 1.30883968 0.506289423 0.358945847
    -0.289279521 -0.806927443 -0.404727459 1.41370392 -0.455125034
    0.288347363 -0.170394301 0.373574257 -0.229804993 -0.389996886
    1.41270804 1.87005484 1.08181524 -0.611518204 -0.134301841
    0.838754535 -0.966781557 1.06560826 0.25203824 0.496170402
    0.26230216 1.43975079 1.14368021 1.01169086 0.90548867 0.642239034
    0.92566812 0.684690416 -0.41208905 0.385273337 0.422009706
    -0.664545059 -0.423755288 1.75530565 -0.447052568 -0.838562846
    1.60576034 0.396915972 1.02988172 -0.381610513 -0.803146482
    0.0187475681 0.782960117 0.232455313 -0.581647754 1.0754652
    0.681810915 -0.597285748 0.523165286 1.58131468 0.524101853
    -0.400789917 -0.587081969 -0.728474975 1.8570658 -0.792278826
    0.530257881 -0.337904274 -0.532728732 1.72292817 1.09452391
    -0.729912519 1.41821289 0.457787156 0.483814597 1.50722253
    0.958251119 1.62085295 0.032971859 -0.387224853 0.564374208
    1.85163784 0.0772271156 1.30542016 -0.652810097 -0.516341329
    0.970850825 1.79809427 -0.831528366 1.19525397 -0.173745453
    1.37728024 1.14397562 -0.044269681 -0.101164758 1.97800124
    0.949591458 0.745723248 -0.0124177933 -0.243805677 0.180291653
    0.90831989 -0.549544811 1.80271935 1.91276538 -0.279121637
    -0.491334826 1.09327984 0.514949024 1.02216446 1.89599204
    -0.476360649 -0.525313377 0.542990446 -0.346147835 1.70753872
    1.03947711 -0.770568252 -0.923905551 -0.802614272 0.587859392
    1.52785659 1.7802906 -0.624254227 0.717190325 1.86454821
    -0.647953212 0.694797277 -0.181556344 -0.37090528 -0.00405359268
    0.501691461 -0.32471168 0.245740056 -0.0941230655 1.1642276
    0.425645053 0.169069529 0.764048576 -0.561969697 0.732757747
    1.86909938 0.668133914 -0.575769424 1.41570842 -0.684855163
    0.906368732 -0.281677127 -0.292325139 1.05923545 0.170448184
    1.7760433 0.762561977 0.161761105 1.06516266 1.46086168 1.01697862
    -0.800394535 1.16337729 -0.488331258 1.72651136 0.674518228
    0.223966599 -0.766813695 0.215082228 0.236572266 -0.393408597
    0.429444075 1.2120595 1.73323309 0.820001841 0.0925689936
    -0.394378692 1.69418764 0.567972422 1.47712159 0.627533555
    1.35822117 0.677834153 0.543528438 -0.764480233 0.301710367
    -0.00421261787 1.46332657 0.558447421 1.03960085 0.804051936
    0.582961202 -0.402051985 1.28441405 0.917116284 2.02261877
    0.402401447 0.781761229 1.66497695 1.16100502 1.62423027 0.713193119
    1.15563989 -0.809764326 0.405827165 0.854445398 0.908848166
    -0.131684959 1.82949996 0.944810629 1.48771763 -0.105914354
    0.824854374 0.688765645 1.38449669 -0.58607024 -0.229237914
    0.44025147 0.816835821 -0.0896146894 0.337053001 -0.548126459
    -0.00776958466 -0.492548913 0.582040966 1.0212853 1.09794927
    1.24238682 -0.730501294 1.16933906 0.738312662 1.9005785
    -0.831108212 1.77790773 1.24965417 1.68722022 -1.0030098 1.54289532
    0.351188123 -0.279360354 1.63165402 -0.889417171 1.6668365
    1.76789236 1.34528804 1.3005631 -0.000617027283 1.34993219
    0.158599496 0.904260457 1.69790292 -0.490916818 1.00376511
    -0.461966723 -0.529160082 1.35443568 1.18009782 0.953579426
    0.611256838 -0.183415353 0.676204324 0.182630777 0.446373224
    -0.0555794239 0.876318574 0.46139276 0.585246742 1.87524486
    -0.332033813 1.03186941 1.33643842 -0.559348106 1.94657445 1.0820992
    1.91077161 -0.904238045 1.89612269 0.734655917 1.88495803
    -0.151115894 -0.222139895 -0.230987251 0.944101572 0.781278253
    -0.0117266178 1.20794773 -0.232994258 0.0739526749 1.72546458
    1.49445009 0.917589068 0.419528008 0.653059661 0.257278323
    -0.300906181 1.69852936 0.619509757 -0.280093789 1.81779003
    0.862169147 0.403545618 1.8640697 -0.112333536 0.967789114
    -0.527665555 0.766053796 0.388151288 -0.389604151 0.0455875993
    1.82101107 1.60321975 0.611944973 0.946357906 0.35618794 1.86006486
    0.316440344 -0.0437973738 0.386536241 1.35142446 0.934943914
    -0.160684645 0.00535279512 1.1384654 0.997885704 -0.0129805803
    0.819070339 -0.0668039918 -0.0173379183 -0.480758846 1.51051712
    -0.187687874 -0.573873043 -0.161753416 1.19711876 0.0997644067
    1.42015827 1.35504341 1.81887007 1.35464907 -0.317830801 0.524518251
    -0.402595699 1.32530344 0.489952147 1.88948727 0.476407051
    1.86348748 1.24809492 1.2393477 0.777210116 1.72841001 0.0426793098
    0.0396330953 1.53560627 1.71120095 -0.0440469384 1.78239095
    0.29962641 -0.347904325 2.02050352 -0.366755366 -0.694529533
    0.425740123 1.67834532 1.86776614 -0.182082236 0.121911287
    -0.482832223 -0.94376874 0.321701527 1.45783162 0.753379881
    0.220653534 1.20945549 0.803257048 1.82177293 -0.194031477
    1.15733969 1.53554094 -0.864168108 0.9166435 1.40189815 0.559158742
    1.41948593 0.37294805 1.60990453 0.0469322205 0.845558047 1.03601241
    1.28773904 -0.155509174 -0.63928616 1.63327789 1.91199243
    -0.755534351 0.728500903 -0.665064931 1.62625909 0.191353142
    1.77523088 -0.142464817 -0.154322803 1.3169632 0.137253702
    -0.493493617 0.104042768 1.43679953 1.60632169 1.33115196 1.63102651
    -0.498766243 0.145989835 0.179189622 1.84625864 -0.528010726
    -0.44519484 1.3298986 1.15944576 0.883996964 0.475333929 1.28372765
    1.00040519 -0.172963321 -0.392046481 1.36373997 -0.0514882207
    -0.506675899 1.41572499 1.71314001 1.62967765 1.57540822
    -0.0993035436 1.21958947 0.636280715 -0.397621274 0.461172342
    1.59487033 1.71672261 1.73595858 0.266073287 0.739161611 0.368301392
    0.388213038 1.79899657 -0.228971183 0.679228663 1.53666425
    0.448805094 -0.594228387 1.02691233 1.77832699 -0.648124874
    -0.305199921 0.0395866632 1.67858005 1.29856634 -0.866405904
    1.49026036 -0.624939263 0.317366242 1.83588386 -0.376230001
    -0.247814953 0.27560389 0.168546081 1.79224527 1.4266504
    -0.884463787 -0.319295526 1.80520654 1.82706285 1.76780558
    -0.233954906 0.768155098 1.16511559 1.87143028 1.53612518 1.29238605
    -0.0888701677 -0.375308156 -0.0257844329 1.42655253 -0.680369079
    0.00150179863 1.6738838 0.600138783 1.33917356 0.71417892
    -0.770983398 -0.358157754 1.22526252 -0.755411744 -0.315719008
    0.688452244 1.25521886 0.318608403 1.30748415 1.60459065 1.37265813
    -0.684606612 -0.202603519 0.867147982 1.79304624 0.580458283
    -0.499911219 1.6073246 -0.555047214 1.15337849 0.511983514
    -0.132787704 -0.979958951 1.46766019 0.955537081 -1.04433286
    -0.00187087059 1.51514149 -0.670890331 -0.311145782 1.87791979
    1.2589978 -0.530508041 0.861025453 0.117106259 1.19037461 1.39265537
    1.01504862 0.7443524 0.92148006 -0.4931494 1.85122013 -0.224963367
    -0.800209999 1.00457287 1.26473117 0.713864625 0.707145691
    1.42512476 1.30460954 0.554229736 -1.04672325 1.41822946
    -0.889842749 1.35292101 1.37834716 -0.856017649 -0.656095266
    0.612965584 0.0191726685 0.876478374 -0.0566132069 -0.903235197
    0.0637197495 0.0444606543 -0.600019932 0.788245142 1.09295285
    0.250595748 1.22214484 0.606738508 -0.165491641 1.50422978
    1.10671782 -0.253187656 0.307724953 0.600662291 -0.351770818
    1.65839529 -0.150847793 0.431573927 -0.728595853 -0.489813089
    1.96590114 1.75551701 1.01182222 0.270067394 0.413658381
    -0.376429021 1.97704029 1.91433644 0.602327466 -0.272423148
    0.807127476 1.75593376 1.71960986 -0.627109408 0.889406621
    1.27768946 1.56847143 0.123363018 -0.233670354 1.15995824
    0.742257118 0.264925122 0.207013249 0.105896294 -0.593657613
    -0.851652205 -0.404107869 1.41270828 -0.0244900584 0.0268974304
    1.09396076 -0.885896683 -0.590067983 -0.146376908 1.02244425
    1.13761687 1.14736259 -0.516332507 -0.098702848 -0.982725263
    -0.451071322 0.836853027 -0.7434237 1.01822495 0.70596236
    -0.125799596 0.143888235 -0.0414348245 -0.0547758937 0.93933928
    1.87124586 0.742094755 0.700885355 0.470964849 1.8243959
    -0.227046013 1.74703169 -0.467470884 1.73474956 1.46380448
    -0.249135196 0.218883932 -0.761271954 -0.601015031 1.77023125
    0.794727147 1.09154439 -0.752281487 0.361703217 0.907784462
    -0.645475984 0.599401414 0.395914197 -0.761732101 0.254135489
    0.693063259 1.36970735 0.320513666 -0.148076177 1.7164706
    -0.358411789 0.495625854 -0.160443187 -0.508285046 2.07362008
    -0.0195384324 1.12385201 -0.332731843 1.85905647 0.698276758
    1.12440991 1.58611763 -0.12929523 1.28118873 1.47994077 0.4398247
    0.767573476 0.804386377 -0.672926188 -0.0206077099 1.12137556
    1.40968156 -0.0568271875 0.603759766 0.688531876 1.156497
    -0.792822421 1.54664075 1.55265474 -0.0503624678 1.35827565
    1.68929815 0.546401978 1.23590517 -0.58913213 0.309213877
    -0.389070034 0.237237751 -0.315428019 -0.515459776 1.55375445
    -0.109225631 -0.539249241 1.21084285 0.726258099 1.4697814
    1.24995518 -0.370288789 0.59231782 0.76685524 1.57819438
    -0.440478623 -0.578886509 -0.43377167 -0.128791392 0.53700465
    -0.957809687 -0.788778722 -0.0794638395 -0.75355643 0.413648248
    1.17152297 0.524552584 0.727444112 1.11941993 0.803136408 1.36998916
    -0.123586774 -0.843013525 -0.727169275 -0.392764926 -0.234778702
    0.383727193 0.739369273 1.22889078 -0.577716112 -0.395890713
    0.992228806 1.82707465 -0.301744998 1.5701921 -0.542992651
    -0.376565367 1.09164619 -0.441024661 1.90189612 1.427984 1.55198276
    1.19776011 1.15237463 0.976102829 -0.576258659 0.367534161
    0.36989665 -0.573148608 1.74564362 1.06396961 -0.355949044
    1.48958337 0.071754694 -0.246702552 -1.01219976 1.51034069
    0.963289261 0.779821277 -0.710421085 1.53079748 1.37021601
    1.04011655 1.01947141 0.25869143 0.341141462 1.22057438 0.570420921
    -0.894065917 1.48087418 0.0277427435 -0.303117335 0.307128906
    -0.170266807 1.90061271 1.54015732 0.608783722 0.192504168
    0.953798532 -0.478519619 0.0257205963 0.443662047 1.72467041
    -0.574888706 -0.887700856 -0.612573743 0.305494547 -0.0105611086
    0.998110533 -0.00791984797 1.76308537 -0.18700403 -0.569881558
    -0.897867739 0.688872218 -0.809574723 0.79582262 0.604948044
    1.30166698 0.669691145 0.520748496 -0.633697867 1.47258329
    0.393818676 -0.620548427 -0.216517925 0.258764803 -0.810042143
    -0.767009914 -0.55564189 1.13289404 0.824262619 -0.00639915466
    1.27302003 1.20286381 -0.314754307 1.16643286 -0.800102115
    0.576070189 1.49738503 0.698229432 -0.318002522 0.525283456
    -0.0672724843 0.640466452 1.24461257 -0.0648989081 0.849530935
    -0.20637238 -0.731295943 -0.620335102 1.72008562 -0.680593729
    0.245628595 -0.248610705 0.217171431 0.319741368 1.5769465
    1.46225381 -0.487349212 1.89003134 1.27936411 -0.944378316
    -0.0302434564 1.85657811 -0.449959397 0.427899837 1.03562725
    -0.746233344 0.0242500305 -0.000908911228 -0.250588655 -0.833711982
    1.62221634 -0.0664102435 1.49431205 1.00321102 1.22441435
    -0.365131736 -0.347295702 0.668264866 -0.36173141 1.08543026
    -0.264670074 -0.916612327 0.654803395 -0.881072462 1.66199744
    0.0929934978 1.3837564 -0.87672919 1.86476636 1.08245313
    -0.177814901 1.29056025 1.2430253 0.450291276 1.06591213 0.265933335
    0.781415701 -0.659039795 0.589315891 1.42894864 0.889751911
    1.71336305 0.0066434145 1.68887377 -0.897292316 0.198935866
    -0.652353644 0.837374687 1.21439528 1.90997374 0.780264676
    1.66366565 1.17160666 -0.152078748 0.932944059 -0.245817721
    -0.190532506 -0.331328511 0.0491508842 0.962705016 0.135226011
    0.0210031271 0.778973579 -0.629872203 0.784498334 0.587825298
    0.781502962 -0.208078325 1.13019538 0.00665867329 0.849785149
    -0.445129991 -0.158895195 0.320235133 0.251711786 -0.505232036
    -0.483655155 -0.612349033 0.578856111 1.0052911 0.92384553
    0.412451386 0.516968846 -0.233907402 0.247745216 1.02636957
    -0.0439414978 1.58472669 1.79132283 1.50543392 -0.400534391
    1.63508284 -0.727622628 -0.331148744 -0.863952279 0.136846602
    1.7828753 -0.859666824 -0.56158042 -0.722000957 -0.632109404
    0.822319746 1.58819652 0.253055215 0.808605909 0.502530277
    1.01199222 1.06660438 0.284901381 0.000431120396 1.2276082
    -0.0937610269 0.620238006 -0.79021734 1.38507199 0.725419044
    0.0564653873 1.36952639 -0.0046749711 0.479300022 1.82934988
    1.62814021 1.64328885 1.54581928 0.240211666 0.438838959 2.00652814
    0.089283824 -0.620361328 1.80739915 -0.770452619 -0.476716906
    0.719199717 1.34348917 0.516120255 0.543033659 1.34122288 1.80947816
    0.233982444 -0.252732813 0.717872024 1.28064692 0.127962947
    -0.651411414 0.392566621 -0.26252389 0.676028132 -0.853316963
    -0.426123977 1.43653917 0.0448535681 1.13412476 1.68861151
    0.893803239 -0.872326791 -0.668655753 0.47739172 -0.720894217
    -0.0389585495 0.743983448 -0.449365526 0.449288547 0.965845108
    1.74242878 1.53166962 0.664289594 1.24468338 1.61572325 -0.385664523
    1.23475981 -0.117774427 -1.0142175 1.12765503 0.520498097
    -1.01774681 -0.719083905 0.673418641 -0.886631966 1.28079784
    1.63699222 1.18595147 1.31638479 1.65329134 0.826945066 0.501989007
    1.15454566 -0.182332397 0.887759089 -0.458549559 1.65006745
    1.74732208 0.196826577 -0.0415103436 -0.0960633755 1.06340003
    0.783784747 -0.619510472 0.141542077 -0.137717664 -0.189453185
    0.300053537 1.23263073 0.383529425 -0.251956522 0.837327778
    -0.569250286 0.876576185 1.65587604 0.567624927 1.7730056 1.81816304
    -0.707250834 1.87076473 0.9852615 1.05796206 1.33110595 0.849113882
    0.725462794 1.60103965 1.75983965 -0.614552855 1.54996383 1.44308233
    1.68057728 0.471436739 0.735592544 0.864473403 -0.724120498
    0.7516011 0.637624502 -0.601105273 0.901081204 0.684908271
    1.62476945 1.4554081 -0.268521786 0.818494022 0.935593128
    0.0779272318 1.05491519 1.45428157 0.689573169 -0.151806056
    0.0362296104 1.52785063 0.332794964 -0.6609115 -0.560665309
    0.254404902 -0.530000329 0.0383383632 -0.188293278 -0.78923279
    -0.624274552 1.24574184 -0.386847138 0.366598606 1.04574454
    0.815325499 1.31055248 -0.0756990314 -0.771516562 0.811284542
    0.18329972 0.249072075 1.92450023 1.25642848 0.958385527
    -0.577319086 0.668855011 0.703626633 -0.725801885 0.0735349655
    1.77880549 1.0273087 1.20632911 0.238879919 -0.0503879786
    -0.301627457 1.66331601 1.67087436 -0.853548348 1.16428351
    0.681665003 0.00490051508 0.820509017 0.409356952 -0.144219041
    -0.569568753 -0.773035109 0.566241026 0.648073733 0.502326906
    -0.40142566 -0.80922389 0.864587545 -0.905449808 0.0938932896
    -0.913562536 1.53268027 0.496233761 0.597323179 0.96681118
    0.512326062 1.26143765 -0.0752885938 -0.0401178002 0.00651139021
    0.11537689 -0.534211576 -0.238027453 -0.0751748085 0.568392694
    0.390495718 -0.715508282 1.70254254 -0.961179793 1.77564895
    0.161096931 1.53993285 1.66684544 0.804725826 -0.532546997
    1.00565648 0.0660244823 2.00127578 0.255782247 1.82332897 1.67426085
    1.10695338 1.99359703 1.97763371 0.714117944 0.899693489 0.128746867
    -0.083103776 1.63192773 1.75940967 -1.09208155 -0.00609481335
    0.98717767 0.169626713 1.81234813 1.03212047 0.540084243
    -0.791260242 0.844781876 1.51711416 1.50766277 1.32247388
    0.503437996 0.646285653 -0.431979686 -0.474205732 -0.197019815
    1.35630488 1.56514716 0.00989317894 0.0951966643 0.847645819
    1.13192415 -0.568933904 1.30321193 0.770296514 -0.439303666
    -0.295103788 -0.808589876 1.5392518 0.0943712592 -0.572975874
    1.05697644 -0.80955404 0.772836328 -0.357369304 -0.872163355
    -0.498088509 0.431841373 1.31513023 1.64966846 0.23210156
    -0.760310948 2.05800724 -0.430310637 1.56516254 -0.762183785
    1.48222637 0.97493571 0.446431994 -0.652191877 -0.333815217
    -0.748829424 1.10995984 0.909460247 1.18907237 -0.667272151
    0.529353559 0.637901425 1.43394601 1.07669878 0.906890094
    0.464694202 0.982216716 -0.252594888 1.1043818 1.07064819
    -0.972077489 1.32045746 0.794691801 -0.0367900729 0.547754049
    -0.59266746 0.765107751 1.21837234 -0.0587201715 1.54051459
    0.633961678 -0.00399184227 -0.807648063 0.346536577 1.61973476
    1.58989382 1.43324041 1.56510592 -0.495483398 1.32798553 0.805785298
    -0.428410232 0.0286892653 1.48736405 -0.0044555068 0.621371746
    -0.00363457203 1.44434297 1.76589227 -0.977227569 -0.339322805
    1.34680545 1.6359235 1.15612984 0.534182072 -0.513189137 0.337435603
    1.7397176 -0.730309665 -1.06479192 -0.0107160807 1.67570686
    -0.126090825 1.74550486 1.57989597 0.121896625 1.43097901
    -0.795460641 1.04270566 1.09149122 1.57178974 0.278968036
    -0.402809203 0.717459083 1.1959486 1.56910205 -0.665234923
    -0.176009834 1.85132551 0.985577226 1.39903939 -0.843400478
    -0.0950505137 -0.419810176 -0.712862968 -0.0487621427 -0.141766608
    -0.732664585 1.40753555 1.10319829 1.5705986 1.45176482 0.0521756411
    0.32493037 0.0387372971 1.04276061 0.0602514744 1.4690448
    -0.435988069 0.71071893 1.11690545 0.416024089 0.398053885
    -0.671069622 1.37951362 -0.137630582 -0.244466543 1.22800791
    0.19227314 0.674322605 1.26662254 1.0827086 -0.682755411
    -0.134577692 1.48095739 -0.13224858 1.10707128 0.0127075911
    -0.626755893 1.00567472 0.558543026 1.18245971 -0.593269169
    -0.867595255 0.231163919 0.231456101 -0.786076784 1.72938728
    1.27178776 0.836895704 0.888837099 -0.310380399 1.342062
    -0.111952484 0.826877594 0.712290108 1.21350121 -0.267525077
    0.942080021 0.587355256 -0.443394363 0.193395317 0.830359876
    0.788889945 0.728740573 0.656390786 1.45707524 0.324204624
    1.00052071 0.69002229 1.21990418 0.281970978 -0.520621538 1.64763391
    0.164297104 0.608172655 -0.300950587 0.766323805 0.788053215
    1.85163903 0.730260134 0.633509755 0.849887192 1.24649644
    -0.441823423 0.980204701 0.428154945 1.72972226 -0.872417331
    1.38784146 0.483783782 -0.372718751 0.394184649 0.873799622
    0.793319046 -0.711643934 -0.528304875 1.75782931 0.714144349
    0.750849843 -0.898267627 1.40718138 1.85537982 -0.62478292
    1.57396722 0.999358654 1.28195953 1.05933666 0.489036918 0.690165162
    1.8422091 0.205478013 -0.202288508 -0.668550253 1.74465024
    0.0036367774 -0.456798464 1.68229556 -0.0529749393 1.8256216
    0.75691992 2.09917355 -0.750820458 0.159772754 -0.0739103556
    0.817098677 0.178232789 1.19099498 -0.0109183788 1.04418087
    0.660709023 1.08746827 0.402164936 -0.561147273 0.960133553
    0.161279917 0.861419559 -0.696430564 1.06840396 -0.836170912
    0.283344746 0.948575199 -0.24379313 0.663201511 1.12920249
    -0.360248208 1.98634887 1.45969844 1.91317952 -0.612719417
    -0.710055947 1.58004379 -0.228493094 1.58110642 1.01188207
    0.160948277 1.9020052 -0.568071961 -0.83838284 -0.0230689049
    1.17347062 0.847640634 1.78747892 -0.169972599 -0.0923421383
    1.78974724 -0.0634912252 -0.237386584 1.52284753 0.986507177
    -0.00651991367 1.45772564 -0.120002151 1.04060197 0.581766367
    0.609496951 1.71754861 -0.587192833 0.791907728 0.029271245
    1.43229604 0.832493663 1.84073496 -0.612695813 0.136112809
    1.20394242 -0.0916335583 1.28228414 0.363300979 1.91062915
    1.44880319 -0.118743896 -0.505778432 -0.246255815 0.37842834
    2.01573157 -0.0520021915 1.03783131 0.951759696 -0.363360435
    1.08853793 -0.832579017 1.74699116 1.7067306 -0.930179238
    0.980322659 1.47363257 -0.896576345 0.8291049 0.622171819
    -0.744836271 0.124570489 0.776171923 0.311159372 -1.0825386
    0.179214478 0.249998331 1.62659872 0.645243049 0.174877524
    1.42348981 0.736905396 0.874501884 1.41067815 -0.484456033
    1.61479068 -0.901132941 -0.924657106 -0.619570971 1.32785892
    1.00736153 -0.639997721 1.66528749 1.15242922 1.48727536 1.00664997
    1.00116694 1.54012942 0.249120355 1.45569348 0.011567235
    -0.627519846 0.414565086 0.892676651 0.406663418 1.2723968
    -0.306054741 0.559383929 0.101830602 1.86197209 0.548633695
    -0.0324372649 1.12652445 0.378204286 0.50701791 1.54103673
    -0.311360776 -0.61577338 1.14217734 0.0331564546 -0.405585438
    -0.102729082 0.0665470958 -0.632288098 -0.865395546 0.52159369
    1.77378154 1.32482934 1.05542266 -0.165380597 1.25433111
    -0.133752644 -0.255305827 1.17507529 0.239951015 1.4691236
    1.76404333 1.05930614 0.29630363 1.50991535 0.442974687 1.26035964
    -0.0818556547 0.477137804 1.43512499 -0.425285101 0.647204638
    0.153145671 0.441816926 1.37377012 0.587771177 -0.361364543
    1.54872632 -0.687402427 1.09533048 -0.356671065 0.753974259
    -0.529124618 0.298308253 0.356716573 1.66842389 1.21513057
    -0.27490133 0.388225436 1.60426605 0.851512671 0.821099043
    1.17212808 -0.0768237114 1.55675411 -0.341573358 0.0963077545
    0.929069757 0.981472254 -0.434171855 1.4078213 0.256229818
    0.516272306 0.756490111 1.14377248 0.795312643 0.603158116
    1.58219063 1.03964579 -0.238961577 -0.0925607681 1.17939782
    1.27376628 -0.782209396 0.666636348 0.35853523 0.79140532 1.05309451
    1.07373214 0.166090012 0.451505482 -0.139988899 0.541396022
    1.50815725 1.10033548 1.67921734 0.166500211 0.604655504 0.676172197
    0.874893248 0.693996787 -0.132567286 0.920067787 -0.627543449
    1.73982692 0.106246769 0.424355209 -0.618488669 0.51020211
    -0.219768167 -0.606269002 1.29070389 1.07952332 -0.144653976
    -0.689959764 0.914917648 1.35403252 1.61491299 1.3180747 1.7231077
    -0.705147147 1.08063006 0.328646064 0.495370507 0.121966064
    -0.0970679522 0.627217889 1.6244179 -0.476229906 -0.0463401675
    0.182838559 1.36837959 1.28593767 -0.933709979 -0.489906847
    0.492678106 0.267255783 1.02756965 -0.986788511 1.34534097
    1.23057878 0.797972918 -0.971034884 0.76864332 -0.00386500359
    -0.253119111 0.651060045 0.811387599 -0.111812055 0.857486784
    1.85079253 0.0601263046 1.05930555 1.20666528 0.133081436
    0.317703128 0.97995168 -0.589115918 1.15015125 -0.421704531
    -0.338309824 -0.229772866 -0.505157948 -0.567275465 -0.631778479
    -0.0406206846 0.826282501 1.33639348 0.61471808 0.275060415
    0.251983047 1.89442539 0.84998703 0.217401862 1.75616443 1.33742499
    1.6842891 1.4515363 -1.01257026 0.825834036 0.449198902 -0.559385359
    -0.888630092 0.175874472 1.05888391 -0.358193338 -0.677359939
    0.706180155 1.82868028 0.5626176 0.626746356 0.0451177359
    0.260537028 0.951833487 -0.368977487 1.55332136 -0.630859852
    -0.54588151 0.879244089 0.0904029012 -0.174363673 -0.882245183
    0.735327482 1.29681158 0.26937288 0.66225934 1.07411122 1.41770995
    -0.252038956 1.16038227 -0.562512398 1.3842777 -0.408473909
    0.778976142 1.00376415 -0.511091888 1.3092258 0.725387037 1.31088638
    1.47430682 -0.156106055 -0.821718514 -0.212774456 1.86425757
    1.15298629 -0.243722677 0.682853997 1.62922454 0.377114654
    0.442729115 -0.899119735 1.57265985 1.75986147 -1.01050591
    1.38545835 -0.591986775 1.38057709 1.18657398 0.932597399
    -0.309626698 0.975581348 -0.837544322 0.86304605 1.34173095
    1.31306446 -0.0215376616 1.35635304 -0.133830905 1.62177217
    0.252545953 -0.29188776 0.972432852 -0.837952673 1.63019574
    1.52163935 0.313611209 0.513636291 0.0194061399 -0.799756885
    1.08918476 0.0712532401 1.14248979 0.212480664 1.83930266
    0.272141933 0.746797502 0.118123889 0.288647294 1.42024231
    0.794329703 0.0227888823 1.0909214 0.634772241 0.620628238
    0.689275801 -0.329467893 -0.124748647 0.733208656 0.873849869
    0.510141015 -0.811144114 -0.162016571 -0.581818342 -0.0812802315
    -0.128367484 0.298822999 -0.277144969 0.239482164 -1.05427897
    0.20254755 1.83990049 -0.19059968 -0.713706851 0.890040338
    1.21252012 0.161511898 1.03595078 0.802471995 1.82501543
    -0.380526066 -0.320651442 1.33890939 1.1710254 -0.517929912
    0.388712049 0.261773467 1.93035996 1.41357684 1.78727913
    -0.145449579 1.68205965 1.2816031 -0.131581366 1.63777637
    0.538917065 -0.290834188 1.4898361 0.823995948 1.03976166 1.65990293
    -0.0889154077 0.112522066 0.166413844 0.862836301 -0.206560671
    0.735966027 1.10839128 1.37843394 0.546983838 1.42281055
    -0.0306603909 -0.186940372 -0.64083457 0.13142097 0.54658854
    0.715915024 1.29538608 -0.230035365 0.334480345 1.02111089
    0.264463007 1.61183715 1.07392478 1.42489302 -0.0229789019
    0.470562875 0.16911149 0.911722183 0.772637963 -0.550437808
    0.164385438 1.49515486 -0.384571433 -0.902737439 -0.287149668
    0.761573553 0.523943126 1.65922976 -0.607404709 1.12967706
    -0.147828221 -0.716354191 1.13810337 -0.672520518 -0.398520112
    -0.2635355 0.622333884 1.04712927 1.67318606 1.2178911 -0.867970943
    0.0678983927 -0.135856926 -0.116300941 -0.91478157 -0.378101707
    0.00225436687 0.0143964291 1.55046916 -0.426039517 -0.394278079
    -0.296457976 -0.382115871 0.730749905 1.60978675 1.54075074
    2.26300955 0.266140461 1.76302457 1.7055763 -0.932524681 0.812592089
    1.35605359 0.420966506 1.43686414 -0.324745893 1.51696157
    -0.908992231 1.45151365 1.74589705 0.869433761 0.326060355
    1.48498774 -0.750781 0.356074393 0.625822067 -0.82177639 1.40843034
    1.20288539 1.75466526 -0.488499463 0.595108986 0.858869791
    1.33448529 -0.223808765 -0.262839139 0.929477572 0.373415768
    1.98557878 -0.635832191 1.73294902 1.94158721 0.356084704
    0.411241412 1.97361398 1.73013282 0.305527508 -0.318590522
    1.72477162 1.19568884 -0.3791219 -0.239766538 0.489274025
    -0.798629284 1.07531118 0.666668177 1.51207614 -0.501754105
    1.73867285 1.22250843 0.525382042 -0.00618863106 0.246763408
    -0.540896416 -0.614630461 -0.498026252 -0.165659726 -0.345189452
    1.46048129 1.02826285 -0.574007273 -0.695984364 -0.647995174
    1.64276981 0.764754951 -0.575841427 -0.252292514 -0.550557017
    1.65418661 0.23466444 1.40374923 -0.700071752 0.491264284
    -0.721735477 1.02364576 0.0939406753 -0.0685626268 0.586582959
    -0.483388513 0.585482478 0.807167172 -0.416759491 1.18356669
    -0.618123174 0.847648859 1.88791132 -0.50302422 0.434514761
    0.975285411 1.89295161 -0.539467692 0.491340756 -0.0947058201
    0.395347238 -0.0158880949 1.56055379 -0.190572202 0.110999584
    -0.00379896164 1.06219172 0.117717862 1.83854187 0.839001894
    -0.598938942 -0.180186808 -0.0795291662 0.593093455 1.68036437
    0.522086382 0.454382777 -0.565125167 1.59758544 0.657458782
    -0.270403981 -0.396488011 -0.00849586725 -0.108602345 0.392225564
    1.0750519 -0.00983732939 -0.785583138 0.0564188361 -0.0737124085
    0.575052619 0.0280373096 -0.756735206 0.974355996 -0.220767319
    0.00198143721 -0.557920575 -0.522865713 -0.345882475 -0.716955423
    0.00253140926 1.64394045 0.379387259 1.27985454 0.273731232
    -0.0800948739 1.48464918 0.921025872 0.191304266 -0.553635597
    -0.39125675 1.36449015 -0.514901936 0.117971539 1.64038229
    0.88015151 -0.762804627 -0.0580310225 1.22931933 1.22762895
    0.535395622 -0.093177259 -0.0198917985 0.47556448 1.35837305
    1.12696314 -0.271739721 -0.516834497 0.49006927 0.636812687
    0.910002828 -0.808196425 -0.558150411 -0.118944287 -0.0994203091
    0.318000019 0.79652673 0.387310386 0.600055277 1.68744898
    0.715186298 1.14452338 1.11653078 0.708153784 1.39610767
    -0.463978618 -0.401756108 1.29362977 1.7721436 -0.590164781
    0.457654834 0.361386061 1.58788419 -0.207153141 0.218386412
    0.291510165 0.637794554 1.06748593 -0.718331635 -0.515333533
    1.36047673 0.642402291 -0.0511254072 0.707934618 -0.107951224
    1.79225028 0.211577058 -0.0912424326 1.57901907 -0.774995327
    0.524414897 0.704568803 0.0236344934 0.0356923938 0.791847587
    -0.185817897 0.699276447 -0.287416399 1.40964222 -0.0557713509
    0.375322878 0.76490891 1.73595738 -0.6607126 1.26554477 0.982182682
    0.758497357 -0.747714281 1.67407858 1.71621633 -0.872799397
    0.260042965 1.64822483 -0.299481988 0.514833093 0.39721936
    0.956593215 1.28038549 -0.216385901 0.909454346 1.41723132
    -0.0282787085 -1.11617661 0.248741269 1.57233119 1.172153
    -0.0200397372 1.12266254 -0.17556417 1.52974439 -0.345871925
    0.507309377 0.346609056 -0.229370177 0.390788913 1.11502504
    0.148732483 -0.890607595 0.832926393 1.30097425 -0.400441676
    0.930751264 -0.319363236 1.00308037 1.50752163 1.20116258
    0.660878778 0.960836172 0.350889802 -0.0355355144 -0.156284928
    1.73436594 -0.252970457 1.31349361 -0.354352772 1.44173026
    1.32614231 -1.04654729 1.37096763 0.0615096092 0.868436337
    -0.0566940308 -0.963428199 1.74126863 1.12083912 -0.762067914
    0.366190493 1.02048576 0.48760438 2.00406265 0.107559741 -0.64208585
    -0.490778267 1.32239032 0.212875783 -0.170967519 1.60790539
    -0.45447737 -0.682475746 0.345719337 -1.01668966 0.460752368 1.449
    -1.07566178 -0.697599649 1.47086859 1.56663215 -0.0157903433
    0.144364238 0.86018002 0.889651895 -0.564195395 -0.129943371
    0.879200816 0.862108827 0.395117581 0.407403588 -0.287816763
    0.153916299 -0.715301037 0.210214853 0.161618769 1.57512462
    1.13675416 1.7245363 0.580048263 0.54954648 -0.571852863 1.32684135
    1.93010128 0.9799546 0.651649475 1.65104055 1.48362696 -0.200796485
    -0.597063601 -0.537848592 0.69175607 0.906323552 0.303286195
    1.0714252 1.41322899 1.15757489 -0.989739954 0.778758526
    -0.304816544 0.460171461 -0.955314338 1.19233632 0.969338119
    -0.747645438 -0.30172962 0.897344351 0.802644968 -0.413226187
    2.0375309 -0.593505621 -0.670167983 0.956401229 -0.00209027529
    -0.230923653 0.769927025 1.51529634 0.150653005 -0.190564334
    0.198298514 1.26270616 0.400607169 0.151501298 0.0494949818
    0.434553325 0.249305606 0.791950822 1.65263677 1.48086643
    0.552211165 1.4122982 0.829218924 -0.203538716 0.65252763 1.73650026
    0.894601345 0.790535092 0.0876284242 0.668809891 0.99639225
    1.73883891 1.10837579 -0.213876903 1.38963962 0.871184528
    -0.0888565183 1.52125144 0.139404953 0.519916534 0.215947688
    -0.0359012485 1.63352144 0.0703840852 1.7000854 -0.186296046
    1.01138115 0.500087798 0.113986313 0.435686946 1.87480974
    -0.236373305 0.778085053 1.00281477 1.43591976 0.0666204095
    -0.219928384 1.24146307 1.13300979 0.366840959 0.219833553
    1.69470716 0.354700089 1.9179405 0.914789975 0.300600767
    -0.634347379 1.94030762 1.73836827 -0.330181122 0.478752136
    1.13988066 0.624813795 0.332736075 0.598547816 1.10803533
    -0.18860507 1.95965791 -0.91662848 1.58081675 0.293636441
    0.838919163 -0.925262392 -0.413072348 -0.233288467 0.77541256
    0.0596178174 -0.694251537 0.418545306 0.500182092 -0.242721319
    -0.0172539949 1.71574783 0.485778809 -0.560210228 0.111001968
    0.399872601 -0.316324234 1.12494278 0.602584302 -0.427048832
    0.435403168 -0.652913928 0.994932413 1.33867812 -0.154585183
    -0.78151077 0.345925331 0.107229114 -0.729259372 -0.0698266029
    1.50698102 0.141274095 0.31714958 -0.230741441 -0.618341565
    0.550781131 0.255717397 0.586016476 -0.803424239 -0.015773654
    1.31822753 0.313559294 0.387605429 -0.0150266886 -0.213741302
    0.428595483 -0.354243338 1.25901127 1.62853169 1.32161927
    -0.562660694 -0.415440291 2.04758549 1.26952732 -0.50161469
    0.485822022 1.69409537 1.82184434 0.0925778151 0.978513479
    1.68407559 1.27778625 1.39900279 1.33104384 0.206561804 1.36115766
    -0.381466269 0.724523187 -0.441358626 1.50336754 -0.416024297
    0.650284231 -0.641217411 1.09633446 1.75863862 0.599758089
    1.59005415 -0.806440949 -0.149175823 -0.335176975 0.956577897
    1.51675606 1.26202559 -0.685958862 -0.0607121587 0.184679627
    0.0398249626 0.73219347 1.49361861 -0.242986321 1.07758689
    1.50296831 -0.147174358 -0.355267584 -0.425923109 1.01697564
    0.35514164 1.497998 0.837689042 -0.0945506692 -0.0277787447
    0.896675348 1.449875 0.359370232 -0.141076386 -0.515012383 1.8266356
    1.81160605 0.0662583113 -0.93158102 -0.388253331 0.180824161
    1.32861388 -0.0139984488 0.500465691 -0.493864357 -0.763199687
    0.59435761 1.23997545 0.773533106 -0.783581495 0.605329514
    1.48694813 0.843049407 -0.777484059 0.676693797 -0.130992472
    -0.70101428 1.54512239 1.1969974 1.74528813 1.01281619 1.6528939
    0.275478244 0.470965981 0.678869128 1.56733775 2.13737464 1.15009546
    1.19167411 0.587461591 1.64476669 1.60127115 -0.41611287 1.81980228
    0.583358228 1.13498855 0.288499236 1.99436522 -0.646622419
    -1.00727856 1.44210625 1.02286541 0.351358533 0.596152484
    0.451495469 -0.672928095 0.61430347 0.467915535 0.721232831
    1.6690793 -0.265208602 -0.332770228 1.57334518 0.4616431 1.44613504
    0.423445225 -0.111621439 1.16191494 1.89742661 -0.430775523
    0.420813739 1.5514456 -0.718784392 1.07039523 2.06014872 1.07979155
    0.58610934 -0.323693812 0.0395462513 0.141582847 1.22525048
    1.46305561 -0.505785823 0.565099716 -0.080666244 1.68160176
    1.53415895 1.00952148 1.43157077 0.155674994 -0.045042038
    -0.264784634 -0.832418382 -0.0033608079 -0.68102932 0.219296932
    1.830235 0.0870414972 -0.306501448 1.56996095 0.718241572
    -0.814525068 1.94604897 0.463929296 -0.0350083113 0.773535252
    -0.0812868476 1.58951199 0.805220485 -0.661349297 -0.190316319
    0.187106013 0.352183342 0.766014993 -0.142867684 0.59063977
    0.373040974 -0.163594604 -0.127314389 0.30543226 -0.305406928
    1.63308346 0.472848892 1.31814861 0.941243887 1.75214911 1.58525002
    0.293153167 0.383725524 -0.148557067 0.93140614 1.60990167
    0.268755078 0.959199786 0.677338839 0.0372419953 0.429787636
    -0.183545768 -0.493317157 0.819080949 0.432408452 -0.856815755
    1.83719337 0.324405909 0.466834188 1.92067456 1.02109516 1.46947956
    1.45262575 0.327439368 -0.0229216814 -0.0170615315 -0.690793991
    -0.454602629 -0.349562645 -0.0494240522 -0.538996518 1.43008304
    -0.736874938 1.74601686 -0.582781553 0.329668701 1.11719918
    0.767163157 1.70902061 -0.123480976 1.27161455 1.60712242
    -0.884336591 1.13763237 0.0793722272 -0.238608599 2.0072403
    0.713237762 0.427158833 -0.631165147 1.77639532 1.68218565
    0.15554893 1.50825298 1.60181665 -0.472155631 1.68603039 0.104856014
    1.38244343 1.70196903 0.88904953 0.281736672 -0.606673241 1.83211577
    1.39729142 1.26033032 0.797684073 0.336457491 1.20019603 1.07549632
    0.990595579 -0.184338689 -0.79123193 0.51901865 0.792909324
    1.56833351 0.748123169 0.00908577442 0.557132781 -0.91633606
    -0.0515823364 1.31269157 -0.195151269 1.76787913 1.57671893
    1.5665549 -0.663246632 0.356740713 -1.08188212 0.227777243 1.2002902
    1.58345473 0.697452426 1.53264606 1.49177611 -0.200821698
    0.835343719 -0.378757417 1.32990456 1.7890656 -0.0427830815
    0.0989776254 -0.0794379115 0.00522887707 0.534576297 0.98127079
    1.6379292 1.70600069 1.62000394 0.52137804 1.2290827 0.0529049039
    1.05162024 0.855879426 1.13845265 1.11333108 1.27680159 -0.908671141
    -0.233656287 0.9814955 -0.674622715 1.69323182 -0.50343293
    1.24466836 0.373095512 1.70942426 0.619484663 1.25815272
    -0.615879655 1.4000802 1.74946046 0.455868006 -0.498115599
    -0.653844953 0.881596446 0.898170948 0.728484988 0.67828989
    1.61581779 -0.910274506 1.98269534 1.62146091 -0.257490575
    -0.553415179 0.706201136 0.768500805 1.91011202 -0.655491829
    -0.587867856 1.71727085 1.78978574 1.56700838 -0.389544785
    1.90043283 0.780840218 -0.412136018 -0.0960620642 1.0855844
    0.643848896 0.430191398 1.58374918 0.506522298 1.45070672
    -0.198650837 1.32818294 0.940689445 0.182688892 -0.724932849
    -0.379372478 -0.779028058 0.96366328 0.595034122 1.57132578
    -0.779044151 0.603013933 0.0373389125 -0.686858594 1.91507864
    -0.509503782 0.754364133 1.92645574 -0.21646589 -0.184850335
    1.60620928 0.00504922867 0.870877326 0.128994703 0.38503778
    -0.768916368 -0.582476795 0.174613357 1.61260939 1.50552177
    0.091943264 1.42179215 0.0726451874 1.61292851 -0.437875986
    0.481999993 0.998940587 1.7999903 1.82851219 -0.386684418
    0.201311707 -0.105468214 0.183845043 -0.65077424 -0.303111136
    1.84285259 -0.0726898313 -0.884878635 1.11670339 1.65429032
    0.356441259 -0.28861475 -0.200074792 0.0793239474 -0.289095938
    0.618309438 -0.83039856 1.39799917 1.83019376 0.134396672
    0.232390344 -0.616618752 -0.244709611 -0.824665785 0.225938678
    1.28668356 -0.180652857 0.844938457 1.24386621 -0.610301554
    1.86089694 0.197895646 1.23173046 1.457322 1.07315481 0.832978845
    0.666619062 -0.142546654 -0.486760378 1.47125483 1.49286771
    1.31520367 1.06392455 -0.840266883 -0.157622218 0.713960052
    0.928139806 0.514516592 -0.00710827112 -0.282821834 0.021945715
    0.117923617 0.434350967 -0.360670745 -0.201625288 0.0934717059
    -0.461702883 -0.285941899 1.55758011 1.73237956 -0.107412517
    0.26432699 0.0610984564 -0.350065887 -0.250987411 1.0110395
    1.16867673 1.18140507 0.113786221 0.0123364925 -0.509603918
    1.7286284 -0.0321412086 1.00355029 -0.323382556 0.845171571
    0.921646953 1.50085318 1.98897398 0.918271959 -0.0168747902
    0.770816922 0.0294218063 -0.64509654 1.0657773 1.82006836
    -0.33405605 0.00399166346 -0.00198173523 1.08751333 1.05704641
    -0.168786824 -0.132439375 0.0153460503 1.76415324 -0.153916478
    0.913138747 0.525437832 1.19028211 1.53811502 -0.790209353
    -0.75936687 1.07511401 0.17150116 1.46473753 -0.713506341 1.46804845
    0.258921623 0.165301442 -0.331402332 -0.620050371 1.59176183
    -0.477992177 1.60440338 -0.0302916765 1.88639188 0.482613564
    -0.202557147 -0.309062004 1.05491185 1.09324813 0.963177204
    -0.702756882 1.42918587 -0.553023279 0.544610381 -0.564258218
    1.17007077 0.638181686 0.948044419 0.722017765 -0.0829386711
    1.63949907 -0.479496539 1.25773978 -0.68577683 -0.563733816
    -0.560155809 0.981116176 -0.585447371 -0.0573402643 1.25756276
    0.964221358 -0.289847791 0.868429184 0.0255553722 1.85196161
    -0.30089891 1.10036731 0.102437139 0.979097962 -0.782474041
    1.79226708 0.172502935 1.70420849 -0.129007816 1.59983778
    0.822230577 1.63665223 1.33093202 1.2202394 0.0216180682 1.06164885
    0.0131869912 0.417301297 -0.191252351 -0.579318523 0.647462249
    0.781117558 -0.0515286922 1.68414414 1.62794578 0.78633678
    -0.187404752 -0.0316120386 0.0100599527 -0.689406812 1.69930816
    -0.650304198 -0.325749278 0.133099437 -0.0481929779 1.14683509
    0.0869050026 0.577482939 0.934461117 1.90698481 0.966053128
    -0.671610355 0.26600337 1.57311094 1.42821074 1.11624277 1.01220238
    0.668659925 -0.0354745388 -0.713297784 1.59425473 1.69330657
    0.675437212 1.11349821 1.32167852 0.632342756 0.0530356169
    0.0201592445 -0.679971874 0.106107891 1.20556891 1.65374517
    1.82300138 -0.777258515 0.735274792 -1.06952453 -0.705670357
    -0.198896348 1.4248451 1.50458801 0.854919553 -0.456824362
    -0.222865939 0.294993877 0.0191598535 -0.00342738628 -0.349569023
    -0.0443659425 -0.240612984 -0.479315519 -0.709889591 -0.717014551
    1.10622716 1.6489718 -0.0628708005 0.159980536 -0.633320689
    1.62424767 1.42142308 0.599791229 0.87082839 1.7496922 1.42254198
    1.08120894 0.0618575215 1.25526428 0.925137997 -0.105585217
    1.67879343 1.72191918 -0.583529234 -0.660142541 1.32146227 1.3919028
    0.32818383 -0.571175158 -0.224782467 -0.794408023 1.24638653
    0.640809596 -0.673697114 0.891466796 -0.724074602 -0.352852821
    0.945869863 -0.907858729 0.647350192 1.66637731 1.07280922
    0.599041224 0.23808527 1.72977829 0.137939095 0.260798275
    -0.543177366 1.84980989 1.43568254 0.533465147 0.234668136
    1.68605745 0.55236268 1.94831181 -0.638597131 1.23738134 1.27791476
    0.252337992 0.367251396 0.802544534 0.0916759372 -0.686178923
    -0.47477591 1.2098254 0.356370687 -0.742313385 0.917427063
    0.935522795 0.776523113 0.203253865 -0.608784735 0.199050128
    0.635783732 -0.516606331 1.8009758 0.438521504 1.81728101 1.10341954
    -0.147839189 -0.644429743 1.74765038 1.72437215 1.41566169 0.9702003
    -0.942874551 0.846015692 0.876642406 1.4648118 1.53963244
    -0.0626820326 0.0785775185 0.237839103 0.333785594 -0.516455173
    -0.731344044 0.00229734182 0.249346673 0.975375056 -0.102833986
    -0.153671265 1.67688167 0.187388062 -0.269762516 -0.0333455205
    -0.356170952 -0.548596382 1.63632691 -0.839526355 -0.51667732
    -0.881553471 1.0804112 1.8847661 0.508161366 0.488994718 0.471773088
    0.579577148 1.54698765 -0.741748214 -0.119258165 1.10858035
    -0.014539659 -0.345404625 -0.537053585 -0.65301466 0.70291549
    -0.312563539 0.796934009 1.23384285 1.13190842 -0.89893043
    -0.760436714 1.2820611 1.32605886 1.7705791 0.259015858 -0.291824102
    -0.122869968 1.67995405 1.5643065 0.0104087591 1.21431947 1.32938492
    1.43104339 -0.53932178 -0.740152955 -0.107531071 1.40791726
    -0.857873857 1.75957501 0.510379612 0.895476222 -0.797336221
    1.25212383 0.306049943 1.5014081 1.28869987 0.359712362 1.64453149
    -0.416624367 0.53960073 1.0982486 -0.672583878 1.42794275
    0.0722272396 1.10820675 1.45744812 0.515638769 -0.905996561
    1.46655393 0.726442516 1.44116175 -0.269477963 0.720179915
    1.56076586 1.09921896 -0.757713139 -0.198706329 -0.957658529
    0.511028111 0.0723006725 0.98980087 0.552122295 1.92452741
    0.206809103 -0.139336586 0.379578412 -0.739451885 -0.21157068
    -0.331490457 1.13177395 -0.775530279 1.26505005 1.59156799
    2.18174076 -0.426560372 1.58707881 -0.16301614 0.439112782
    -0.789657831 1.56081092 0.402001381 0.923462033 -0.360125542
    -0.191706002 1.84174991 0.802339196 0.841072917 1.71672153
    1.81056166 0.783696175 1.11484003 0.521847904 1.21766186 1.770262
    1.60467017 -0.207702577 1.37464356 1.28952932 1.44149923 1.93437767
    -0.764754415 0.293529332 0.0062173605 -0.608622193 1.10831881
    -0.172016025 -0.0124371052 -0.566078186 1.11682427 -0.313791394
    0.397759795 1.89869606 0.0224721432 -0.518940687 -0.392973244
    1.45050502 -0.606089711 0.115273595 1.06949246 0.254151464
    -0.518531919 0.373667598 1.64972639 1.04588008 1.37485838
    0.616895676 -0.921255827 0.604285717 1.40362036 -0.997623742
    1.49219847 0.822354615 1.71921492 -0.546153426 1.095227 0.1241135
    1.61449957 0.940680563 1.67384052 -0.800614953 1.18694067
    0.992919624 -0.605344653 0.456422687 -0.715404212 -0.795847952
    0.915161371 0.587826252 -0.562660992 0.366981983 0.0136217475
    -0.148235679 0.396687508 -0.64522028 -0.297868907 1.09187055
    1.15414929 1.37708271 -0.297090948 0.0480502248 0.0685745478
    -0.639997423 0.736889362 -0.524526477 1.09544337 -0.233859539
    0.615491033 0.149920642 -0.0359305143 1.30163705 1.25807691
    1.07856345 1.23021913 1.72057152 1.10741985 0.00615262985 0.90333879
    -0.849297762 1.7101469 1.2727493 -0.571575642 1.56344533 1.30048585
    -0.810789049 -0.822063327 0.237788081 -0.0497205257 0.493318856
    1.08490098 1.46957219 0.0685579181 1.21043408 1.56416273
    -0.194560111 -0.258709371 -0.081111908 -0.380515873 1.51835382
    0.404623032 1.11469805 0.958298922 0.996818781 -0.809958935
    0.103199363 1.39292777 1.77537501 -0.475598782 0.381783307
    -0.558104157 1.74770951 1.25159121 -0.756156266 1.09248304
    -0.476720572 1.75661635 0.86068958 -0.574669898 0.683615804
    1.38896894 -0.416413963 0.632884979 1.60744739 0.0591044426
    0.464662433 -0.205341578 1.76858664 0.299951553 0.426280618
    1.13871455 0.886145234 0.548370004 1.05351353 1.35451579 1.70350838
    0.598784447 1.37288213 -0.431493491 -0.311983228 1.31567204
    -0.0556036234 -0.0480884314 -0.300257862 1.40977693 -0.463008225
    0.206709385 -0.0348892212 1.4404099 0.0472080708 -0.891703546
    1.80979729 0.350895524 0.0439087152 1.67366242 0.0715497732
    0.0720641017 1.299577 1.97790062 -0.615617275 1.5769031 -0.12264514
    1.8174386 -0.238595188 0.387211263 0.00806677341 0.706356466
    1.73488367 1.48069739 -0.537980676 0.407538891 0.135877848
    0.836945415 -0.286496997 1.49901271 1.83015537 0.0232450366
    -0.736099839 -0.392847925 0.530240595 -0.662515402 0.41887033
    1.22050405 -0.425447613 -0.0333449841 -0.101740837 0.847760141
    0.0411728621 0.480371237 0.256915569 1.49106014 -0.625821114
    0.500478446 0.573814511 -0.710336804 1.59433734 1.31492853
    0.901759923 -0.484054476 1.77999282 1.20432627 -0.19196099
    0.707580447 1.67558014 0.387702167 0.482311606 0.118988216
    -0.790453076 -0.0479768515 1.01228666 1.92765284 0.611216307
    0.260838151 0.700936317 0.578415334 -0.191599548 0.953653753
    0.415777624 0.426754236 -0.213689804 0.227759242 -0.704855442
    0.36776787 1.13575292 -0.906074047 -0.553360105 1.08575511
    0.126890123 0.993044734 -0.47676754 0.629297435 0.33240521
    0.926998138 -0.269873917 0.00136399269 1.04009342 1.38590837
    1.33865571 0.911374688 -0.221404612 1.27548087 1.03214002
    0.00442278385 1.18228936 0.404473305 -0.53129673 0.469695687
    -0.0764096379 0.777654767 1.181723 -0.882360101 1.10329998
    0.424732685 -0.813025355 0.443191886 -0.583716333 0.105291963
    -0.406984508 -0.423743069 1.20039499 0.430685997 0.281376362
    1.36777437 1.03549945 1.3510716 0.105811059 -0.472318769 1.96065736
    1.91728699 -0.533228636 -0.592999578 -0.156974614 0.970969915
    1.37196839 -0.614455819 -0.775774777 1.06510198 1.90375817
    -0.824813962 0.17547214 1.65404677 0.648833156 0.27359426
    0.0846347809 -1.05535388 1.62732077 1.286883 0.65334177 1.66729867
    -0.713189125 -0.425002217 -0.737204909 1.51617384 0.589434087
    0.540125787 1.31666255 -0.716388047 0.415871322 -0.369022697
    1.60438895 -0.10084784 1.9710182 1.21294975 1.53095174 0.925315201
    -0.811911225 1.115942 0.473866165 1.26847243 -0.782263339 1.75969052
    0.716947913 1.10628057 0.382487416 0.816225767 1.09353185
    -0.0567278862 0.485018194 1.23407257 -0.536454141 0.272231579
    0.172019422 1.17131412 1.54352152 1.07679975 -0.122784615
    -0.356367767 1.89394403 1.59796023 -0.45920682 1.59262896
    -0.194703817 -0.0873177052 1.73004532 -0.540253282 1.29712045
    1.51713932 -0.568543911 -0.311831474 0.74911499 -0.517461419
    0.292127132 0.674738467 1.37157822 -0.315695882 0.618748069
    -0.450538576 -0.134091854 -0.503610909 0.13744092 0.461299539
    0.0395457149 1.11658978 -0.393245757 0.565143883 1.18552232
    0.622778594 1.8040638 0.0839990973 0.276029825 1.17556512 0.50713706
    0.186475694 0.549500227 -0.388923973 0.428777039 1.57434678
    -0.674020052 0.953607559 1.4602567 0.57245481 1.30265033
    -0.345846474 -0.123073757 0.346909761 0.623906016 0.801318884
    0.420266151 -0.728767872 1.01654041 -1.00124896 1.58439779
    1.44841528 -0.99154222 -0.044652164 1.6371026 0.851681232
    0.625513792 0.61823988 1.48431861 0.45578444 -0.58438164
    -0.173349738 -0.535748243 1.26635265 0.371361017 0.960564733
    -0.666174173 -0.405195713 0.0230830312 0.251690984 1.27536404
    1.33655119 1.68918407 0.507040262 0.421012521 0.996430159
    -0.459862828 1.27014482 0.559663177 -0.074768424 0.224447608
    1.75802326 -0.747813523 -0.0080294013 1.30858707 -0.241059899
    2.06489539 0.12575376 -0.556975245 0.577232063 -0.0901882648
    0.276115477 0.528231502 -0.98973316 0.888631701 0.851297021
    0.381198764 -0.336161435 -0.574761152 -0.0590347052 0.936999261
    -0.323812306 1.25701761 0.291824043 1.60519159 -0.0590439439
    -0.675035298 -0.183593929 0.877124965 1.5191977 -0.118496001
    0.0579268932 0.984078228 1.46711218 -0.458593607 0.746621013
    1.14827347 -0.847054422 1.32066238 0.150156617 0.957000256
    -0.523272097 -0.95553416 0.364515901 0.615235031 -0.872523189
    1.27105963 -0.104169011 0.980919898 -0.290004611 -1.04044318
    0.891519606 1.89309287 0.774376154 1.44427407 0.939695299
    0.236311674 -0.766489983 1.48755574 1.68353033 0.630249798
    0.638517857 -0.661521554 0.293996274 0.733985007 -0.839922011
    0.74545145 0.499748349 1.6300751 1.75860095 0.0304219723 0.347219825
    -0.0555719137 1.35216212 -0.488878965 -0.368540436 2.08957863
    -0.609326363 0.377162218 0.570725977 1.17530847 -0.882641852
    -0.175825834 -0.424489915 -0.41717118 0.669759154 0.379797697
    1.61660206 -0.566367567 0.496178031 0.856915474 1.77832484
    -0.758456826 1.17256951 -0.212118506 0.31028676 -0.890395224
    0.917129874 -0.215962946 0.319561422 -0.788501978 0.660888135
    1.98766828 -0.61602509 0.416537702 0.230032861 0.196710587
    -0.149666667 0.639324844 0.642919779 -0.0753413439 -0.321234226
    1.37364435 -0.701626599 -0.129754961 -0.729577422 1.82043123
    0.710123301 1.98459005 -0.670902491 -0.58991152 -0.582297146
    1.18872738 1.47875094 -0.115600228 -0.0461304188 -0.214085698
    1.24399233 1.02786303 1.74122369 1.72518396 0.85957706 1.27718687
    0.428884268 -0.185133517 0.593986511 2.01802254 0.0505592227
    1.66931725 -0.305636168 -0.232619286 1.03154302 1.60198188
    -0.222357452 -0.0893557668 1.07691193 -0.0830022693 0.249151826
    0.890854239 -0.556942701 0.00272506475 0.0395936966 1.17501736
    -0.555197418 -0.461468756 1.5813005 0.0505341291 0.644075394
    1.41237605 0.963559628 0.450811148 0.496540964 0.739441931
    1.21713901 1.15745854 -0.910776019 1.73547626 1.64567888 1.02229953
    1.56100011 0.385427833 0.176408648 0.750633359 -0.987687171
    -0.631501257 -0.472605884 0.26289475 0.160105526 -0.218674541
    0.150451899 1.0758096 -0.0583159328 1.44418061 -0.136013508
    1.32743359 -0.672852039 1.48910689 1.39520025 0.496055603 1.64409888
    0.0527995229 -0.639751911 -0.606190801 0.2868644 0.853242457
    2.08040977 -0.0478624105 -0.752875388 0.958918273 -0.076369524
    1.19676733 1.04681849 -0.419654429 -0.120125175 -0.71223259
    1.30428374 0.499578297 1.25666988 0.388795912 -0.340928137
    0.706578255 -0.935557842 1.39823985 0.0670348406 1.42778182
    -0.115404606 0.887327194 1.44806123 1.73322248 -0.441670835
    -0.538924813 -0.415115535 1.85499287 0.857556581 1.29254389
    1.64737046 1.7500174 0.301471829 0.910484195 -0.182168067
    -0.436675668 0.441847205 0.454470038 1.03054309 1.08683503
    1.81704772 -0.0838258862 -0.382262826 0.0194277167 -0.486804932
    0.846220136 0.0332501531 1.1798358 1.2770493 -0.00259792805
    1.52103114 1.61791611 0.196696997 1.0524689 0.892374635
    -0.0305020809 -0.273547709 1.26027536 0.615794539 1.23578095
    1.1323359 1.40711689 -0.490164578 -0.36175245 1.2826618 0.210989416
    0.987506866 -0.488389581 0.486907721 -0.0881214738 -0.452286005
    1.83315742 0.5807181 1.47647417 0.202707887 1.36223829 1.48049283
    1.0979774 1.80440378 -0.532109618 -0.526857257 -0.0694319606
    0.633837461 -0.578374267 1.01776648 0.65388459 1.72742319 1.68529582
    1.51102972 0.154032528 -0.653680921 -0.523193598 1.75637114
    1.16455579 0.52578795 1.46681929 -0.369020522 1.32215595 0.845812798
    0.200185418 1.06410873 -0.0589768291 -0.0364221334 0.427717924
    0.534603417 0.432433963 0.626094162 -0.288083673 1.70127034
    1.13933659 0.667927504 1.11746001 -0.577541292 1.82476497
    -0.859446883 -0.954404354 0.450310946 0.138762236 0.180046439
    0.186080337 -0.838824332 0.0217537284 -0.410642117 0.754744053
    0.708518684 1.7657783 0.442421854 1.06260109 1.42418611 1.11190999
    -0.330193222 0.539327621 0.906609535 1.2148211 0.335436046
    0.920930505 1.51988268 2.29916978 -0.781445086 1.66237569 1.44541442
    -0.597732782 1.00342822 -0.793050766 1.49298716 0.0311778784
    1.23276782 0.899148047 0.32164824 0.0348473787 0.1809659 1.29685545
    1.12686515 1.14071727 -0.719215035 -0.0140982866 1.54070783 1.767344
    1.38654983 0.926255643 0.692467511 0.877300918 0.32453692
    -0.193447769 0.296927452 -0.558966994 1.06652653 1.26934767
    1.69363034 -0.672187328 0.637886763 -0.335048497 -0.848250508
    0.400646746 0.938898444 1.63505578 0.555202425 -0.574813485
    0.577183068 0.349248648 1.16786611 -0.793770075 1.68273115
    0.59032774 -0.261802673 0.51933229 0.812200427 -0.991376758
    0.722417712 1.45830715 -0.0710983276 1.03736281 0.752822995
    0.488259554 1.57250273 0.217770815 0.403844118 0.722388566
    0.102790356 0.667241991 -0.696138918 1.2644155 -0.334924608
    1.15832055 -0.192593098 -0.176289678 1.12872636 -0.564602375
    -0.659984112 1.32895112 1.21191418 1.36269784 0.193865895
    0.482759893 -0.143904805 1.42133784 1.54879558 0.495675802
    0.459254503 0.0839015245 1.77630901 1.24736381 -0.678129256
    0.762002528 0.269039571 1.39823163 -0.710868299 1.06416142
    1.03433812 1.08219731 1.18315685 0.909632683 0.410170794 1.36964965
    1.65516424 1.44260764 1.80451763 -0.463621706 1.78756201 1.04848385
    0.0682966113 0.084862113 1.33703899 1.50959766 1.81174409 1.10844517
    -0.159190416 1.08766627 0.294949293 -0.726197124 1.68933535
    1.59330082 0.949352086 1.66560316 1.04145908 -0.441490412
    -0.33402127 0.989795446 0.676858544 1.76359475 -0.782522917
    -0.0535496473 -0.0951132178 0.133289576 1.60349631 1.11606455
    -0.114541769 1.26652384 1.38073707 -0.844896436 0.430880725
    1.12268007 0.0418982506 0.82919085 0.17365694 -0.280951262
    0.0183773637 -0.582217336 1.51705396 1.38016558 1.13554311
    0.937064707 0.530676425 1.34921598 1.06743991 1.69939506 1.31767464
    -0.809681773 -0.124332309 -0.289255857 1.64691186 1.82384372
    -0.419878125 1.76915097 1.14658821 -0.00224500895 0.5411008
    -0.0987855792 0.111069441 0.864139974 1.19260454 0.982911527
    1.20463574 1.852144 -0.187600255 -0.768444538 1.02551544
    -0.160780251 1.59330845 0.0335783958 0.485329986 -0.655827284
    1.51332653 1.31602526 0.902750134 -1.0262202 1.10598147 0.606989145
    1.45275092 0.644669771 0.57222712 1.37078857 0.00101518631
    0.245720923 1.16151071 -0.456787527 -0.124869585 -0.157150805
    0.944165111 -0.0500521064 0.742534876 0.0122560263 1.75626099
    0.261704445 -0.095346868 0.639403105 0.723055422 0.874873281
    0.755245447 0.184142113 0.771151543 -0.146695614 0.0823662281
    -0.727520287 -0.154209912 1.95528269 0.270360589 -0.91957593
    0.724145472 0.888792992 0.846676886 0.618551433 -0.424891472
    1.16598105 0.181382954 1.15430212 0.98835665 -0.344488502 1.08925617
    1.06937373 1.00273824 0.631067276 1.84286058 0.850448728 -0.44161433
    0.203757823 1.6329484 -0.423587799 1.67178428 1.22093189
    -0.602056503 0.937838435 -0.577485204 1.66920733 -0.360515058
    1.43001282 0.474007547 0.00244700909 -0.292117834 0.714849174
    1.66577816 0.753600836 1.39165258 0.947798491 -0.121948719
    0.81970787 -0.282080352 0.814743638 0.826423109 -0.779392302
    0.308430433 -0.0812974572 0.689124465 0.450174272 -0.136032939
    0.577578068 1.43909788 1.75121641 1.15378857 -0.561418891 1.18804157
    0.573227108 1.11434317 0.989754558 1.19414985 -0.360144436
    1.22710872 1.63915384 -0.43172729 -0.884956419 -0.627483487
    -0.400499403 -0.0480215549 0.95941031 1.77573633 0.188612103
    -0.570020914 0.237594187 -0.724518001 0.858337224 1.84162807
    1.60509217 1.16224766 0.488835692 -0.15962714 -0.00354498625
    1.32823622 0.57328546 0.210722387 1.11440063 -0.347617924 1.47979426
    1.1129452 0.56826055 0.599168956 1.15008974 0.17135483 1.49990559
    0.249936104 1.24517214 1.35758233 0.741583705 -0.197843492
    1.21116817 -0.430001259 0.777783096 -0.0371701717 -0.361627877
    0.445836544 0.346006155 1.15389252 -0.147235632 0.463356376
    -0.34553349 0.187788308 0.519026577 1.80358362 -0.634941697
    -0.11118114 -0.0909392238 -0.631805778 0.556833029 1.47938991
    1.86486101 0.426250637 1.28544986 1.04617667 0.0608128309
    -0.112321913 1.83000088 -0.291809142 0.648309112 0.4046489
    0.145739675 0.261446834 -0.237476766 0.826201022 -0.398786187
    -0.828785777 0.760926127 -0.564740062 -0.344722271 1.18799901
    0.356653571 0.137527347 -0.743016243 0.687362313 0.0829503536
    -1.14516425 0.326442361 1.30375445 1.2102052 0.459572375
    -0.491240263 0.260917068 1.35256076 -0.771661639 -0.565826178
    -0.789897263 1.29487312 -0.22247231 0.91167295 1.16555226
    0.206790328 0.90275085 0.277268648 0.0804700255 1.26832211
    1.34202552 0.3836115 -0.304616451 -0.242200375 0.424365878
    -0.814528942 1.60370278 0.871951103 1.64162576 0.556836486
    0.482707262 1.65963328 0.900026202 -0.714208007 1.88116097
    0.0802196264 -0.675712645 0.144288719 0.779078782 1.83550477
    0.928157687 1.61920977 1.05857944 0.424715459 -0.696904004
    -0.0761299133 -0.686795175 1.94983101 0.642408609 -0.638050616
    -0.534927666 0.357100785 -0.361533463 0.279944539 -0.906212091
    1.03622198 0.627528191 1.73673153 0.168260694 0.762150645
    -0.0818980336 -0.80284214 0.124990702 0.829969108 1.78579903
    0.859268188 -0.732280433 0.877045691 0.186712503 -0.203251123
    0.723626256 -1.07660651 1.61420083 -0.271883845 -0.812391579
    0.643856406 0.757760763 1.21952701 0.568905354 0.980112493
    -0.472661555 -0.0451378226 1.15073538 0.38406229 -1.08251238
    0.63348341 1.80946875 0.579237223 -0.233370066 1.6668278 1.648031
    -0.147278845 1.15550673 -0.4243882 1.82006931 0.765638709
    -0.583876252 0.306007266 1.68076742 0.834736824 0.874608397
    -0.125949442 0.7328403 0.840031028 0.162469506 1.72555256
    -0.52026999 0.385098279 -0.122665644 -0.542846262 1.47826242
    0.238496184 1.43831682 1.49695659 0.872697055 1.74948287
    -0.411346793 -0.283567905 0.824393928 -0.001511693 -0.505823612
    0.504027367 1.57234037 0.975753307 -0.0838583708 1.94116688
    -0.0472191572 1.78026891 -0.13399446 0.388182998 -0.65638572
    -0.571911335 1.64106417 -0.549244642 0.790069818 1.65277708
    0.577032089 0.837594509 0.380575955 0.635736287 1.87097549
    -0.722237825 1.30493414 1.53595901 -0.0952997208 1.59032011
    1.26662183 -0.836351871 -0.089832902 -0.940535426 -1.0286895
    0.821619153 1.34889877 -0.192161798 0.564107418 0.483015656
    0.920236647 -0.401722372 1.31387174 2.02478504 1.52103508 2.17835855
    1.14705968 -0.264588177 1.76346612 1.00540924 -0.742084444 1.4172796
    -0.368593872 0.351708055 -0.430546761 1.37265456 1.40848553
    -0.661607265 0.266518414 -0.343705505 0.303129613 -0.00789552927
    1.67883527 1.97560573 0.946554422 -0.407321215 -0.072612226
    0.00802880526 1.79336131 0.183547437 1.38212562 -0.213470757
    0.123735726 -0.165371418 1.30591559 1.45680428 1.79785788 1.38910758
    0.274329126 1.75690472 -0.261903942 0.979265571 0.671550691
    -0.485457391 0.605163813 1.83094931 -0.488460541 0.668084383
    -0.791485548 -0.767148137 1.4226408 1.10520697 0.103624701
    1.70223999 1.84417009 0.858365297 1.41377521 0.464470685 0.538206458
    1.42604923 -0.0104820728 0.0605261326 1.66586077 0.00850009918
    1.36279976 0.380134583 -0.213792741 0.159713149 -0.667575359
    1.50102162 -0.812941551 1.63551366 0.593653977 -0.752309859
    -0.621694386 1.9954536 -0.129385173 -0.811025858 0.0626471639
    1.28070259 -0.232816994 0.769820333 1.43927193 1.71334565 0.82962501
    0.204226375 0.431081533 1.48383152 -0.544316232 1.63477314
    -0.651473522 0.642799377 1.87153983 -0.147767186 1.64292502
    0.152771473 0.906721711 -0.25336355 1.49813056 0.732043445
    0.458298922 1.88244843 1.18669915 0.36458993 0.825752795
    0.0924983025 0.273288131 0.260890365 1.69468188 -0.914309502
    0.0368347168 0.90880847 1.69147694 0.877658129 0.433609247
    0.343551755 -0.615673065 0.533634067 0.558491051 0.827157974
    0.588681936 0.406887174 0.40638715 -0.202615201 1.95910919
    0.294625878 0.569062233 0.829113007 1.59231472 -0.047316432
    1.6233834 -0.570952117 0.266326547 1.23164296 0.432938993 1.29152369
    1.47434092 0.51404053 -0.25463587 1.95826161 0.315957844 0.849567771
    1.91051805 1.41068053 -0.602010012 0.987121344 -0.055049777
    0.910466373 -0.698196173 -0.63086307 -0.289789438 0.923161089
    1.3172791 -0.55863142 -0.78813535 -0.798407555 -0.542345285
    -0.466860086 1.25015771 0.901396215 1.42431474 -0.544955134
    0.784487724 1.20137739 -0.669878185 -0.0407500267 0.209586024
    0.503693938 0.810987651 1.06657147 0.507912755 1.38800097
    0.846350074 0.125841618 0.0771961212 -0.311147511 0.590408921
    -0.611108184 1.92661047 0.329762161 1.72685242 1.74845886 1.7126658
    0.856897652 1.21617782 1.68228126 -0.364682019 -0.0695121884
    -0.249514043 1.34493017 -0.625443935 0.610039413 0.605389297
    0.65428853 1.46200514 -0.359574407 -0.302155793 0.215245068
    0.351429105 0.171872497 0.074878931 -0.820152104 0.651112676
    0.748726964 1.82742572 1.22233963 1.24470246 -0.80057776 1.71481323
    -0.183731198 1.35655594 0.158791542 0.743672848 0.39651525
    0.202700138 -0.549987435 -0.0727695823 1.1500541 -0.36932987
    1.02524817 -0.0394784808 -0.294014692 -0.658217549 0.95633471
    1.03114474 0.171194792 -0.299967706 0.00963973999 0.784720778
    1.23833752 0.632475138 0.774919748 0.0225980282 0.134762764
    0.652579427 -0.95243448 1.07784271 0.269889653 -0.182837248
    1.10198009 1.55125117 0.713986635 -0.776254535 1.04957402 1.66328537
    -0.369614065 1.75741231 0.046810329 -0.336204708 0.911753476
    0.963708878 1.78376842 1.73862588 0.5960356 1.25294161 0.967721581
    1.55799353 -0.481596351 -1.02234876 1.55109978 2.12652111
    0.229284346 -0.644705117 -0.744783401 1.82281339 -0.816990554
    1.6056143 1.43424392 -0.311374307 -0.168644369 0.236117363
    0.184044242 -0.108680904 0.338095605 -0.0540691614 0.544593453
    2.05542636 1.86308038 -0.536735296 0.291081309 0.0143300295
    1.39034164 0.443755746 -0.78352195 0.79117763 1.11955047 1.3023535
    -0.341027439 1.77446663 -0.0176417232 -0.542964637 -0.310384393
    -0.112127423 0.9536165 -0.309344172 0.300034404 0.633526146
    -0.755268812 1.37855577 -0.835579395 -0.702019751 1.59190667
    -0.0166760683 0.895925999 1.7579602 0.882580757 0.4785465
    0.677664399 -0.662204385 0.922470689 0.363838315 -0.875423253
    0.515746355 -0.139416277 -0.542263508 1.32072568 -0.179153919
    0.507882833 0.268978715 -0.478115857 1.12633157 0.902004778
    1.41441917 0.0664858818 1.04379797 0.355654597 0.490148485
    1.10486555 1.09802735 -0.394024014 1.82703257 1.94003546 -0.27424413
    0.681699336 0.000713407993 0.884097159 -0.0222818255 -0.303510904
    -0.934104383 0.928930044 -0.405063391 0.599285841 1.60113001
    0.0837209225 0.305017889 0.496854544 0.303637624 0.0109584928
    1.76837063 1.57017422 0.0804862976 0.818741798 0.149466038
    0.20905751 1.61961603 0.0793653727 0.236382425 0.19905591 1.79355621
    -0.439746559 0.73129344 0.363688171 -0.688183725 -0.170857489
    0.892708778 0.263661504 1.56581736 0.283510983 0.165447116
    -0.225206912 1.46371615 0.887513041 -0.270702243 0.79463017
    0.0972211361 -0.897004843 1.00519001 0.573283494 -0.750437617
    0.489152908 0.802653253 0.698430955 0.410349727 1.49365044 0.7778368
    0.464905262 0.146697044 -0.135973275 -0.324155569 -0.737048268
    -0.749543905 0.588120401 -0.633125782 -0.725877106 -0.0331078172
    1.66565156 -0.685891688 -0.904903233 -0.530247748 1.49034083
    0.431818366 0.164292812 0.757801533 0.40071702 -0.325982481
    0.668534756 -0.128806651 1.75618315 1.14527297 1.02876914 1.65338528
    -0.549994469 1.11793697 0.524467528 1.0277518 -0.101784706
    1.00895572 -0.847074926 1.14006197 1.2921021 -0.389707446
    0.158836484 -0.4987984 1.57554054 -0.702778757 1.54007769 1.34781075
    1.72699118 1.84157038 1.31254518 0.902493119 1.80140221 -0.332570255
    -0.384836376 0.577210367 -0.567094862 -0.445284188 -0.314338267
    -0.754401088 1.66962147 1.50517631 -0.660414934 0.87825793
    0.895917237 -0.319797099 0.310387075 -0.168154776 1.69337845
    1.17799985 -0.673003793 0.997060955 -0.747294307 0.60166204
    1.68993258 1.14871609 1.56775188 1.07725227 -0.328216791 0.633390188
    0.00137400627 1.92139006 -0.756434143 -0.925265908 -0.490749329
    1.20639145 1.51511192 1.5913316 -0.0743918419 -0.134289563
    0.204010308 0.279908776 1.70537996 0.923482239 0.35313189 1.06350529
    -0.702185214 0.35834682 0.844617724 1.59389067 0.409413993
    0.453957796 -0.871863961 -0.666519642 0.708832979 0.882148385
    1.00847459 1.56644619 1.69265521 1.45357585 0.633996964 1.41098464
    -0.758834481 0.26343292 1.05820727 -0.396798015 1.73735404
    -0.238092601 0.504919887 -0.067293644 0.777044415 1.65408111
    0.280633926 -0.130236924 0.264706135 1.12748373 -0.027035296
    -0.0281294584 1.33268332 1.09940195 0.981896758 -0.137282073
    1.09669137 0.942473054 0.786535382 -0.14225322 1.21801186
    0.210412145 2.11374331 1.3011986 -0.402602077 0.147630394
    0.163410664 -0.0201494694 0.702733755 -0.525237083 0.927511454
    -0.422403127 1.67750072 -0.127070963 -0.650241256 -0.341614097
    0.622682095 0.280876875 -0.310178578 -0.114088714 1.00590825
    -0.140353262 0.0306324959 0.341593444 0.923128366 1.09325647
    0.519912124 0.188666046 0.0837106109 0.215093017 -0.558961153
    0.49507004 1.696576 0.00926530361 -0.875013173 1.22475803
    0.520990849 1.33914292 -0.13349098 1.54592049 1.66565299
    -0.548859239 0.250528812 -0.164559186 1.73654783 0.920053959
    1.15544581 0.465267062 1.00955367 1.72218776 -0.185394585
    0.460132241 -0.169465542 -0.577103913 0.0797224045 1.25928783
    0.55821836 -0.277839839 -0.936360061 1.14680624 0.741123557
    0.0833595991 -0.885445476 -0.512068868 1.51742637 1.94383144
    -0.807419479 1.73440194 1.182899 0.878841102 0.209137917
    -0.567134678 1.56624794 -0.445934504 -0.731709838 -0.293191582
    0.104082942 -0.854762077 0.87412703 1.41675782 -0.449545979
    1.3529253 0.743224263 1.73925626 0.949735403 -0.0450997353
    1.24052346 1.64454865 1.17437673 1.06445813 -0.148244619 1.41556942
    0.973737121 -0.0238649845 -0.0680738688 -0.434138298 0.593510151
    -0.628455281 -0.743339479 0.0486366749 -0.0179405808 0.541200519
    0.50070262 -0.583857358 0.828730226 1.09299254 1.46326613 1.02808857
    0.531209528 -0.504588008 -0.92214191 0.479620814 0.973760366
    1.36498916 -0.892103076 1.80780125 -0.273837984 0.738969207
    1.56936228 -0.896995306 1.25495374 -0.114164472 0.682727456
    0.340928555 1.65598333 1.40256548 1.26721573 -0.748997092
    0.385355771 1.28216887 1.25315118 0.651832938 0.00138217211
    1.47776818 0.730393946 -0.286722004 0.425139368 -0.0717308521
    -0.692520857 0.0709085464 0.329737663 0.500451922 -0.884740829
    -0.471995413 1.39672661 0.00675910711 1.08807981 -0.65045625
    0.958173931 0.459654093 -0.0908199549 1.22008634 1.53290427
    0.577036858 -0.641555429 0.99551332 0.780096889 -0.488354832
    -0.592192054 1.68588102 -0.814210474 -0.503774881 0.93336302
    0.493500233 0.743347168 0.747470021 0.430121541 -0.944304943
    -1.00931144 0.928960562 0.239514351 1.66326797 1.44164705
    -0.0579363108 1.96616673 0.680341303 1.05482996 0.054264009
    0.00484609604 0.15564239 -0.0798013806 0.366704106 -0.774387717
    0.993260741 -0.549674988 0.977861404 -0.0585166812 1.80085671
    -0.692180753 0.403865695 0.936909437 0.316660523 0.439293146
    0.174214959 -0.706596613 1.09662628 1.25769901 -0.800925434
    1.79191327 0.466340005 0.0497695208 1.13618636 -0.274574459
    0.826574564 1.77965164 -0.853952169 -0.39990437 1.77057481
    0.976071417 -0.578377008 1.2649281 -0.0325165987 -0.466935366
    1.16917872 1.32208836 1.19467068 -0.281764567 0.0971002579 1.1439693
    1.95745564 0.0785676837 1.19410086 0.66156143 1.8448379 0.4370507
    -0.498338729 1.07192969 0.201360703 0.303701878 1.19068563
    1.30489779 0.824970245 0.0760927796 0.775299907 0.226066232
    0.782587349 0.103861094 0.894349873 -0.946041465 0.359551191
    1.34466803 0.609764576 0.745361447 0.0807958841 0.810488701
    0.300819635 -0.446875155 0.256660223 0.406111002 0.0633590221
    -0.259293675 0.892717004 -0.550248802 1.46275377 1.85682392
    0.429652214 0.565038204 1.39190221 1.1457932 1.81963468 -0.525326192
    1.01591396 1.59860253 1.26365066 0.716857076 1.622666 1.57696128
    1.12655687 1.94830012 -0.516345501 1.78689289 0.956067681
    0.495303392 0.0975032449 -0.259615541 1.6416657 0.643105984
    0.242522299 1.10029387 0.886847317 0.994680464 -0.258876622
    0.123224437 1.02705169 0.423189342 -0.661110878 1.44237757
    1.21407533 -0.14121592 1.72391391 1.20909286 1.60605931 0.382203817
    -0.694600046 -0.233314097 1.22679889 0.23843056 -0.325261325
    0.0679436326 1.73833132 1.56589401 -0.242566347 -0.343057752
    -1.00916815 0.216021299 0.686304569 0.6229707 1.3829838 0.350620449
    -0.132062495 0.561629832 -0.195936322 1.20929897 1.63535643
    -0.0152660608 0.38479805 0.823377013 1.30740762 1.90937471
    0.236631811 -0.489938527 -0.0857706666 -0.518737197 0.217478156
    0.357556343 1.89899874 0.059022665 -0.519419789 0.708735287
    0.482957304 0.492003441 1.16632032 1.73607743 0.297650039 1.92324805
    -0.502889276 1.18211007 0.0998293161 -0.197482646 0.0535082817
    1.12366641 -0.12315625 0.928291082 -0.65977025 -0.781130433
    1.35293674 -0.939709127 1.18515992 0.334248364 -0.0552822351
    1.51127291 1.97996449 1.11093903 0.533739448 0.215271354 0.147649825
    -0.39836064 0.944039464 1.34249353 -0.529760778 0.148382425
    1.1180979 0.738875866 -0.877752542 0.823346674 0.920471668
    0.759544253 0.814154863 0.0899114609 1.18953788 1.14337373
    0.0112326145 0.93039155 1.53435588 -0.269315958 -0.731442869
    1.05652261 0.848572373 -0.661049604 -0.812368274 -0.604637563
    -0.0990258455 1.55457592 0.173998773 -0.469574779 -0.501695931
    0.963234663 1.40756106 -0.309988022 -0.343521893 -0.656162739
    0.430102944 1.74266171 1.26303208 -0.196694851 1.84561825
    0.418239534 1.24661243 0.216045797 1.87179983 1.14169395 1.80047047
    -0.591133595 1.22395384 0.240032792 1.4491024 0.739166141 1.45652628
    1.71382236 -0.436378837 0.145011067 1.16199398 1.30480039
    -0.643171549 1.82490242 1.22563231 -0.807671249 0.900331795
    1.61131704 0.559991479 1.12457991 -0.77673161 0.762874782
    -0.395563841 0.681670189 0.247866273 -0.33678329 -0.556520998
    1.03718162 -0.387665272 -0.380594552 -0.0335728526 -0.128607452
    0.818413198 1.06564498 0.442377567 -0.582136154 -0.303380251
    -0.16002202 0.2778579 -0.441020995 1.07623577 1.45816255 1.04972124
    0.567863822 0.835695386 0.0599623919 1.39957333 1.0137049
    0.808822751 1.35448778 0.384235501 0.83016932 0.768731713 1.1557014
    0.217264533 0.596800506 0.866453409 0.0572087765 -0.0551746488
    0.815276027 1.75981379 1.09656775 1.51426721 1.12098765 0.351237476
    1.73340917 -0.710210383 1.06595922 -0.642816007 0.44820869
    -0.180249155 0.818093061 -0.0054846406 -0.160782635 -0.476953983
    -0.850876391 1.53475642 0.157812059 0.717002332 -0.187371492
    1.77907753 -0.56851244 -0.566468418 -0.471317172 1.43845344
    0.0647786856 1.51306295 -0.199303448 0.824283719 0.242130995
    0.266986012 0.0317461491 -0.54866004 1.2931571 1.7487309
    -0.516938984 1.30865347 0.525845885 0.294796586 0.217038989
    1.10386872 1.62400031 1.25675392 0.584031165 0.663327456
    -0.471368611 1.83051777 -0.855298996 0.32034713 0.793797731
    -0.562762558 1.2735281 -0.229774952 1.50059056 0.63531214 1.52479577
    0.886688173 -0.629862905 -0.439864874 0.876944065 -0.715243936
    0.805597186 0.540644288 -0.249774575 -0.536955833 -0.592046499
    1.06551898 0.367759585 0.141911983 1.09014559 -0.446739584
    0.196615219 1.65376353 -0.164364159 0.505928457 -0.186730087
    -0.499996662 -0.150232553 -0.63899219 0.900018036 0.991563082
    0.365518808 -0.625002861 1.17536569 -0.325529635 1.44042981
    -0.0331609249 1.61634684 0.713416696 0.891194463 1.19415128
    -0.11183852 -0.457486331 1.00945592 0.590824962 1.77825165
    1.55888939 0.644661784 0.711252451 0.353543997 1.21280622
    0.919104993 0.325831711 -0.582354724 1.08855057 0.078674674
    -0.0549802184 -0.484747797 -0.946911454 1.52926993 1.23283017
    1.67433238 -0.394663751 1.16328061 1.15302205 -0.780996859
    0.621541798 -0.343350649 1.25923717 -0.738111734 -0.146539211
    1.00793588 0.579649866 1.86476612 -0.280120671 0.775972545
    0.582950115 0.458738804 -0.798256338 1.49478889 0.803359091
    1.62017715 1.2116468 1.1959331 1.03794825 0.72721839 -0.706599116
    0.859017611 -0.40056473 0.373265982 0.11523366 1.47754192
    -0.838776588 1.40316057 -0.344506681 0.355367124 0.395687461
    1.38485789 1.51370966 -0.35382539 0.526763439 1.68519735 0.265218794
    0.134763837 -0.334872425 2.02974939 -0.751502156 -0.680348277
    1.60849166 -0.724068642 -0.0185663104 0.854419529 -0.71280396
    1.7924422 1.20684278 0.733815074 0.0088135004 0.871942699
    -0.902372599 0.948305726 0.989796817 1.59849238 0.646776915
    -0.528337359 1.75648689 -0.946667433 0.320899665 -0.139228642
    -0.408187449 1.11934125 1.4015913 1.72373581 0.461923599 0.86401403
    -0.088512063 0.0222608447 -0.00963592529 0.819425225 1.86743414
    1.87256575 0.312453151 0.666906059 0.992054224 0.114441276
    0.772193551 -0.462565184 -0.467636645 1.76591814 -0.646714211
    0.328923941 -0.742921472 -0.0750949383 1.47691298 1.63528299
    1.08332837 -0.0237107277 0.0143290162 0.328737795 -0.224528849
    0.604298413 0.53208679 1.2036612 0.0866585374 1.6738193 0.362499654
    0.947388887 -0.169058263 0.866126299 0.983333707 -0.791850448
    1.13583899 -0.097807169 1.02108836 0.829928577 1.29368138
    -0.505524278 1.65707529 -0.5755862 -0.140686154 -0.844629765
    1.4767195 1.28570497 0.563973904 0.64280355 0.840687037 0.180960298
    -0.556136668 0.364800572 1.61526942 -0.248139322 1.56067586
    1.06126571 1.16385186 -0.118028164 1.38246191 1.04411006
    -0.681816578 0.242613435 -0.0189569592 -0.0914678574 0.938343644
    -0.838952482 0.770498276 0.378210843 -0.682053685 -0.37737745
    1.20219445 -0.452411383 -0.0531455278 -0.615078926 0.0839109421
    0.813909888 -0.627425611 1.05898333 0.653604031 1.70528769
    -0.814135969 0.260719717 1.60966241 1.11111951 0.456240773
    0.367601335 -0.214065433 -0.653605819 -0.0883085132 0.229080379
    1.8752234 -0.58417815 -0.280127227 1.49258637 -0.736575365
    1.38729954 1.45797896 1.96048141 -0.348489046 -0.0326324105
    -0.596202075 1.40487731 0.445833862 -0.775691807 1.77135742
    1.44502985 0.445498466 0.907834411 0.458131552 1.44926214 1.82134163
    0.0294572115 -0.70050323 1.7565558 0.838824809 -0.569239616
    -0.136242092 0.0609154105 1.6907717 0.265067577 -0.74098295
    1.4988544 0.438437581 1.61758494 0.183982193 -0.401416361
    -0.900570393 0.834943175 0.231235147 1.37155509 0.890295982
    1.24996316 -0.0697866678 0.167169929 0.622545123 1.44902027
    -0.512974024 0.656592131 -0.301629663 1.18822527 0.952303708
    0.435287476 1.53760028 1.14637244 0.265181959 0.425768137 0.68618679
    0.704537928 0.551877677 0.164574742 0.0269082785 1.02285075
    -0.308978617 0.425566494 1.88298535 -0.647449613 0.72659421
    0.629244328 -0.721580029 1.19477987 -0.0365687013 0.0452329516
    -0.667280078 0.440309584 -0.144597054 -0.79105866 0.593724489
    0.196758449 0.762572348 0.709921658 1.88779044 1.10008025
    -0.967645168 0.742229342 -0.216418505 -0.695549011 2.00406432
    0.0807422996 1.84525418 0.190360308 1.17434096 1.54163945
    -0.491440892 -0.671522737 -0.177771688 1.93760204 0.625801206
    0.720037937 0.494651854 0.302981019 1.91948748 0.377264977
    -0.362239182 0.428961039 -0.722138524 1.48755324 0.698920131
    1.62889314 0.553449273 -0.837798595 0.759533405 -0.312006056
    0.133645773 1.19017422 -0.239799142 1.04058909 0.373342037
    -0.115086555 1.18336177 0.405634344 0.63365525 0.626270056
    -0.348072529 -0.584980607 1.5134089 -0.478875875 -0.798366666
    -0.876271188 1.00821948 1.88848782 0.118847489 1.82029855
    0.336853206 -0.275686145 -0.31100136 0.455438972 -0.484899342
    1.78482759 1.06220102 0.266005099 1.4833523 1.38937998 0.0207502842
    1.02924132 1.76110387 0.0845580101 1.22429824 1.28288805 0.899051189
    1.22708201 0.528051257 1.21639514 -0.635320544 1.59613299 1.89069653
    0.876376808 1.66978955 1.27528811 0.387857795 0.740104973
    -0.732348025 1.19766974 0.183355749 0.871112227 1.74409294
    0.366476893 1.72028363 -0.426489949 0.310263634 0.0151709914
    0.855137706 0.0142551064 0.408063531 1.62436509 -0.416399956
    0.457362056 1.77827978 1.10073411 0.011554718 1.54213214 1.58434391
    1.38918972 -0.727979064 1.01969349 -0.377300382 1.55851007
    0.746592045 1.41586518 -0.200196147 0.712816596 -0.0896579623
    -0.751068413 0.580992818 0.382254303 -0.414996684 0.757921338
    0.560596466 0.493409038 0.762050867 1.3100059 1.1280036 0.0864017606
    0.837024748 1.12851286 -0.0138047338 0.134771943 0.751928687
    1.60460734 -0.228220999 1.2364893 -0.108570814 0.272963703
    1.20018339 1.40792501 1.21265614 0.472717106 1.20313168 0.816922367
    0.886073053 0.32676518 -0.909433782 1.75501776 0.451151729
    0.962392688 1.02227795 0.26398325 0.646303654 0.500083685 1.25046444
    1.1123569 -0.277255118 1.6622355 0.927673042 0.199331939 0.716054857
    -0.116930723 0.469476938 0.717311203 -0.342222631 1.21642947
    -0.666002512 0.333660483 1.27147651 -0.355333865 -0.530354142
    0.555721164 0.351767957 -0.469327688 1.54575539 1.77740276
    0.709628463 1.07345057 -0.475765646 -0.607263803 1.42278862
    0.00536006689 1.30078459 0.76356101 1.73198092 1.00135374
    0.138306618 -0.982602954 -0.433751643 0.591430545 0.376137435
    -0.352504969 0.133422494 0.17340529 1.43896258 -0.614969969
    0.566373467 1.24237084 0.808130145 0.527512908 0.0634723902
    -0.887172401 1.53715956 1.52603245 0.193736315 -0.0093793869
    -0.761817336 1.76890087 1.83264709 -0.442176342 1.65457177
    0.0173286796 1.02793312 0.555055499 1.86089313 0.212783396
    -0.289045036 1.28469586 -0.388108134 1.67913699 0.722409725
    0.993806005 0.231251597 0.762108684 1.24647999 0.978240013
    1.42972553 1.51457334 1.66620886 0.580515981 0.745222211 1.62742448
    0.681857824 -0.706980228 -0.593897581 1.7951014 0.223065436
    0.783501565 0.223228574 0.601035476 0.978682637 -0.755198121
    0.760249555 -0.185967982 0.208498895 0.0804132819 1.2628417
    0.512325406 1.28556013 1.6222589 0.711475015 0.451099277 1.59010434
    -0.196016848 1.37607348 0.273695707 -0.871550202 1.57191443
    0.700721264 1.05891836 -0.544754803 -0.923904061 -0.673717737
    -0.198816359 0.517215371 0.82816267 1.39431429 -0.505046725
    1.25296164 0.105978847 1.60882735 0.194585085 1.4953835 0.648480892
    0.0375704765 1.43896854 -0.0968465805 0.44065398 -0.680953443
    1.11466706 1.16458011 0.391319573 -0.114933014 -0.833705604
    0.641674042 -0.265770495 1.66505957 0.14495492 -0.0312911272
    -0.282599688 0.271477938 0.947993815 0.438945889 -0.440946281
    1.10851645 0.357917309 0.0124973059 1.24674928 1.71884298 1.80778337
    1.62183332 -0.031195581 1.3117404 1.9848814 1.18665314 0.562654555
    -0.0821461082 0.0668529272 1.3063519 1.13039494 -0.562742233
    0.346624136 0.423987806 0.32757771 0.55338037 -0.478610635
    0.122545004 -0.442940414 0.902036667 -0.719375253 -0.00173479319
    1.14416111 1.26877022 1.47572041 -0.998714924 0.767350197 1.28019476
    0.582893848 -0.704530597 0.436477244 -0.882191479 0.897243142
    1.70988584 -0.965289474 1.19738221 -1.03235328 1.35465205 0.93781364
    -0.365157962 0.346870184 0.269481599 0.902902246 0.327245712
    0.123708844 1.35603344 -0.500610352 -0.177331388 -0.600150287
    1.61800027 -0.183278859 1.76999474 -0.59658432 -0.90578562
    0.384101391 1.02047658 1.28824091 0.543148577 -0.847077906
    1.60673881 0.916061521 0.142974496 0.505776167 -1.0006628 1.5633347
    1.85374856 -0.406979442 0.10915035 -0.637023509 -0.0980175138
    1.90416348 1.4684124 -0.59465611 0.197510242 1.30241108 -0.315220952
    -0.0130748749 -0.381692737 -0.69119519 0.926481366 0.61738199
    -0.0734777451 0.0216500163 1.73967648 0.978640616 -0.200751781
    0.542921484 1.53890717 -0.0773605108 1.27809334 0.738293707
    1.49293268 1.43573797 0.168318987 1.92260432 -0.0828623772
    -0.866094351 0.488149345 -0.238310695 -0.528977394 -0.144286573
    1.52874255 -0.475761116 -0.104721785 1.87836659 -0.79347831
    -0.334641218 1.18791699 1.72871697 -0.298375905 1.27069449
    -0.424992323 -0.867422819 0.968796313 1.5661478 0.0702062249
    0.469600737 0.26471442 -0.0142592788 0.0865702629 1.68949533
    0.273238778 0.63103801 -0.29475224 0.364767492 -0.488993138
    -0.0345298052 1.89330792 -0.53703177 -0.599471152 1.46138597
    1.16547942 0.974980474 0.958647251 0.0267798305 1.48369133
    0.943837941 -0.0880819559 0.332841873 1.63447714 -0.140872717
    -0.0364934206 0.463040471 0.114639163 -0.884726882 -0.86838907
    1.62524843 1.22138834 0.697655261 0.113637567 -0.609045863
    -0.826130629 -0.468120873 0.612688482 0.299624562 1.08849287
    1.19296694 0.464972138 -0.0326482058 0.174976945 0.871862531
    -0.0564935207 -0.0825960636 0.364474058 -0.973916352 1.77292824
    -0.212374389 -0.298253 0.201454759 0.773795247 0.80211693
    0.596957505 1.76063192 0.69031626 1.08663857 0.209933937 1.83981669
    0.651908159 -0.617382407 -0.417505622 1.10726035 1.09403861
    0.0930757523 -0.330024004 0.893754721 1.4065659 -0.262370348
    -0.572326124 1.42307973 0.457336009 0.346429706 -0.641380191
    0.456695378 1.99643993 1.3014127 -0.0679789782 1.53320146
    -0.478334993 1.13506103 0.190146923 1.90948236 -0.828716397
    0.0225434899 0.881900728 -1.00473762 0.698658824 1.65015244
    0.983162403 -0.739866674 2.04150152 -0.829377353 -0.0234444737
    -0.233497143 0.00668859482 0.554433644 1.11056554 0.092831552
    1.82570446 0.0472824574 1.30406821 0.983670294 1.78944802
    0.416683912 1.84806454 1.84000611 -0.461358279 0.52986151
    -0.573337495 0.116418302 1.86329842 0.281513631 0.450843096
    0.89513129 1.7303257 0.742722273 -0.323441207 -0.371937513
    1.30954671 0.909380555 -0.600136399 1.08764791 1.04343915 1.17570424
    1.04161763 1.02626979 0.364128113 0.282186389 0.916130066 1.38205731
    0.69900775 0.150409698 0.220407605 0.264891744 0.284066081
    1.71140182 -0.142933786 1.29028189 -0.597834229 -0.666280866
    0.622286201 0.207050681 0.211556554 0.632723093 1.86906469
    0.222815096 1.5094378 -0.734786153 -0.682116926 0.0765428543
    -0.752394915 1.22657275 1.15585792 -0.787933528 0.591564298
    1.54450095 1.47110701 1.06435812 -0.761942983 -0.0778280497
    0.107042849 0.557438552 0.038459301 -0.873348057 -0.585398793
    -0.0995291471 -0.601679027 0.683039367 0.659270406 0.59076345
    -0.715060711 -0.434657574 0.00454699993 1.22704291 1.39507413
    -0.677088737 0.719015956 1.82558596 0.374466538 -0.596412778
    0.937489271 0.349109292 -0.481022894 0.864511967 -0.0512322783
    1.94041514 0.475945115 -0.37679702 0.548334301 -0.268575311
    1.14482009 -0.418235362 1.58565903 -0.639238834 0.200190663
    1.36880088 -0.517415822 0.437921047 1.76575899 0.837533832 0.2648139
    0.663809776 -0.0803628564 -0.691129327 1.41443098 -0.740019321
    0.551726937 1.14721823 0.458765268 1.63898158 1.23653102
    -0.0950065255 -0.579030335 0.349963248 1.37554145 1.06220245
    0.0816416144 1.24660265 -0.398036063 -0.222219288 0.504637659
    -0.713216543 1.29063177 -0.811021984 1.06625915 0.907236695
    0.51199162 0.779471993 -0.91227442 1.34507871 0.185812354
    -0.317712784 0.312694728 -0.224899769 -0.399063319 0.0405486822
    -0.64281249 -0.35819006 1.02178645 1.36027384 -0.656256139
    -0.257111579 1.17814875 -0.741805255 -0.452666998 0.394468069
    1.2944361 0.673389912 -0.432240069 0.551263332 0.911071002
    0.291575074 -0.562953293 0.550346136 0.147611856 1.02896905
    0.546468318 0.488000512 1.25961232 -0.585881591 0.697362483
    0.45665729 -0.308620214 0.599491656 1.20409298 -0.0966820717
    1.43294168 0.597284317 -0.700646281 0.950296462 1.57374334
    -0.855486929 0.224732578 -0.223508954 0.660047948 1.57454133
    -0.424733102 1.75363553 1.70766473 1.43220925 1.70097852 1.53589869
    1.06408858 0.975921273 0.900610447 0.649892807 0.549261153
    0.658248961 0.737176538 1.88983917 0.992932498 1.09363127
    0.465282381 0.186588705 -0.252551675 1.72420454 1.45269108
    1.28993559 0.259493172 -0.141344905 1.45541835 0.575850606
    -0.732775331 1.79285133 1.10289264 -0.777288556 -0.528987646
    -0.412567466 1.43459892 1.05913138 -0.176719964 0.272586584
    -0.573843479 -0.384369016 1.87187338 0.000544190407 1.41386044
    -1.06798947 1.12331867 1.80442595 1.66361475 -0.384513378
    0.910168111 0.442265272 -0.941954255 1.27881348 -0.332512498
    -0.286900878 0.925650001 0.384254158 -0.0577608347 -0.994531691
    -0.316272438 -0.340557933 1.05296612 0.195742965 -0.794458628
    1.9113009 0.076854825 -0.036937952 1.37934756 0.533508062
    0.169130206 -0.236900628 -0.721420288 0.250147879 0.00982713699
    0.421494663 -0.294452965 1.44895506 0.848351836 1.22892141
    1.75901628 0.231686532 0.322105706 0.0863202214 0.996009469
    -0.50694108 1.49806523 0.938435793 -0.807827592 -0.167199433
    -0.42791304 1.2336452 -0.415335327 -0.368763328 0.946907878
    0.221491575 -0.954975426 0.140955567 -0.654906273 -0.631869197
    0.381937504 0.748209894 0.880094588 -0.809752166 0.431393266
    0.595679939 1.45606279 -0.337947905 0.365651786 0.414233506
    0.304246068 0.998421431 1.66684747 -0.411214769 -0.22660917
    1.05969405 1.11254716 -0.855176508 -0.485667825 1.67636168
    0.614782333 -0.388557851 0.872071981 -0.768895388 0.305412769
    0.945156634 1.46986437 -0.909285724 -0.0216910839 1.45380569
    0.866524696 -0.0374407172 0.555488706 -0.663958371 1.74241281
    1.78035474 0.409665227 1.971825 0.0677981377 0.000407993793
    1.57035482 0.258022487 -0.256320477 1.82117224 1.01902437
    0.708669901 1.8628248 -0.444549263 1.46425891 1.08494067
    -0.675068259 1.20436978 0.830437839 -0.0459051132 0.900797606
    1.75461769 1.43922031 -0.353915513 0.802009344 1.11139345
    -0.811381459 1.80193996 0.08697474 1.67342734 -0.123581409 1.1184535
    1.74498892 1.09426343 0.107310772 1.70878625 0.213689566
    -0.208641469 0.174635172 0.927681267 -0.0829276443 1.32636547
    0.573005915 0.247557163 1.75225151 -0.310159266 -0.706194162
    -0.644302487 1.42565536 0.61434257 1.21357203 -0.613079309
    -0.240713477 1.10816002 -0.30547297 0.561696053 1.22530961
    -0.602376461 -0.591621041 0.806821465 -0.58766228 0.622826636
    0.205699146 1.684551 0.551857114 1.57678306 -0.285170317 0.547120214
    1.45216799 -0.540394843 0.230445147 0.239931822 1.64150357
    -0.51988399 -0.405129969 0.564416468 0.676687062 0.242271304
    0.620716333 0.494953096 1.37103403 0.321544051 0.730032504
    1.09271955 1.57311559 1.85633945 -0.542012691 1.34902322 1.97013664
    0.696816325 0.241276264 -0.0115343332 -0.184695065 0.531651974
    0.524990141 0.568878591 0.554371715 1.57666039 1.24359977
    0.858187258 1.24671829 -0.27947247 0.151407063 -0.364517093
    -0.443502724 0.671767712 1.18910813 -0.0933423042 1.4497211
    1.79712331 1.0789814 1.64968491 1.72959828 0.0892145038 1.86840761
    1.32218361 0.271118402 -0.680958807 -0.469656408 0.649371266
    1.27603698 -0.324434042 1.71050644 1.47698402 -0.244573295
    1.49658465 -0.619808257 -0.569199502 1.20929587 -0.488646388
    1.508623 1.44046879 0.151743233 -0.0262287855 0.714654207
    0.108683586 0.128001392 1.51205099 -0.501236081 1.4061799 1.3668468
    -0.819355845 -0.618625462 0.810423374 1.07769573 0.985692561
    -0.499629974 1.5644294 0.179577827 0.64227587 1.32148397 1.23609698
    1.49850595 1.7359705 -0.541176379 0.410247207 1.05541527 1.2902019
    0.934897065 1.9276433 1.07570565 1.574139 1.6393795 -0.0317118168
    0.639253914 1.23123038 1.01583385 -0.414406717 -0.0618960857
    -0.352443695 0.0693994761 0.25534445 0.708449841 0.00212287903
    1.56536722 1.75167525 1.30583942 0.0301728249 -0.20035404
    -0.382257938 1.1583631 0.169376552 1.09904826 1.82515812 1.44265223
    -0.793739796 -0.330567658 1.67801404 0.690439165 1.7905674
    0.349502563 0.387659788 1.36391902 1.52430677 -0.303383768
    1.24799478 -0.505904555 0.896013379 1.20505464 1.13775647
    0.710219383 -0.331016302 0.881208777 -0.210229993 0.830388784
    0.444320738 0.728858471 0.202575803 0.519160986 0.131367207
    0.850509763 0.119687021 0.688192546 -0.340586841 -0.0876569152
    -0.790138423 1.85987926 0.105851173 0.0453282595 0.90447557
    0.799885511 0.576636434 1.56002009 0.00442290306 1.36119115
    1.2239095 -0.00705116987 1.14067292 1.28430581 -0.65823406
    0.486405015 1.6302352 1.37988973 0.581021905 1.27582657 0.311575234
    0.773468912 0.618051827 1.84936357 0.808858395 0.092137754
    -0.0212134123 1.70014584 0.991032958 1.05761921 -0.508870661
    1.54994154 1.37008429 0.0538235307 -0.515089989 -0.0510118008
    1.65112388 1.74369287 1.57695842 0.982124686 1.46014524 0.836516976
    -0.0930172205 -0.96147418 0.56244874 0.174934328 1.80581093
    0.696145296 1.26692855 0.990742862 -0.374437034 0.192714214
    0.313228011 0.416530848 -0.610868454 -0.103912711 0.627731264
    0.767835557 0.374601722 1.66837645 0.650651634 -0.50281018
    0.310767889 0.470721483 1.16372168 0.753271937 -0.842956066
    1.04413629 -0.200646281 -0.653793693 1.49747407 1.18376398
    -0.0134086609 0.0975605249 0.771306515 -0.786062956 -0.624850273
    1.09602964 0.707467496 1.24086666 -0.641328394 1.44964337
    0.789172113 -0.241310894 0.399878085 1.32672119 -0.823581219
    0.013283968 -0.496958524 1.82247603 1.09096968 0.468956113
    0.32349807 0.198197186 0.590897858 1.98991179 1.21293187 0.790783644
    0.935206115 1.55767226 1.72768617 1.35282564 1.4989115 -0.0534878969
    -0.364778012 0.779122055 0.0722639561 0.318929315 0.51105237
    0.103624642 1.37646651 -0.255242467 -0.833200693 0.623573303
    1.09810352 -0.196433663 0.00520122051 1.57719469 1.26691484
    -0.392424762 -0.238794506 0.404969454 0.80045265 -0.068738699
    0.777979076 0.456055939 -0.0308820009 1.96862364 0.644066155
    -0.868474722 -0.431624889 1.11200643 -0.277078569 -0.669770718
    1.45549583 0.904720008 -0.823055625 0.734224141 -0.0421186686
    1.66185749 0.170617521 1.0692246 -0.0376762748 1.06213713
    0.554499388 1.44417024 0.377753854 -0.483577758 -0.652961135
    1.44549215 -0.487719059 0.385962427 -0.433938652 0.567315578
    0.8235659 -0.713628232 -0.0759413838 0.422430038 -0.0434767008
    -0.191642821 0.321157396 0.505616009 -0.266818106 -0.71053648
    0.33758986 -0.841480315 1.56458664 -0.573615134 0.44610548
    1.43039191 -0.609647751 -0.729540944 -0.98008877 -0.0620330572
    1.19226718 0.940945506 1.57216632 1.54789078 1.73455834 0.0666111708
    1.30878448 1.0873816 -0.793974698 -0.655168295 -0.725195765
    0.801916718 -0.408796042 -0.733871281 0.121131778 1.17738676
    0.100285172 -0.0768958926 -0.659302175 1.51676941 1.36760271
    0.460252643 0.842337847 1.77404213 -0.603148282 2.06929374
    2.17100024 0.177726805 -0.0599731803 1.01580477 -0.791530192
    -0.847578883 0.0247528553 1.58365011 1.58309507 0.919360638
    1.70507538 -0.702876449 -0.450522363 0.456289589 -0.712541401
    -0.706598401 1.4364872 1.27791727 1.27538347 1.29736578 1.39340007
    0.701520443 0.806558847 1.26983404 0.28862673 -0.0336172581
    0.0868684053 1.5089618 1.85529578 0.533473015 0.174399972
    -0.306251466 -0.24848479 -0.328017533 0.262722671 1.53652215
    -0.709085822 1.90975428 1.34162331 0.973546505 0.235738873
    0.826135993 0.569128871 -1.02024615 -0.0914423466 -0.331483066
    0.963567555 -0.746142387 1.47959614 0.787063777 -0.823832989
    1.84637332 0.210057318 0.288073897 0.459736705 0.876935065
    0.891464829 1.47054279 1.91856885 0.106924355 -0.362282336
    0.193807125 1.21709561 1.46406162 0.192101002 1.58815527
    -0.863743782 -0.744621634 -0.346086681 -0.369719863 0.177717626
    0.887340486 -0.792392075 -0.53900826 1.63679934 0.905252159
    -0.521941364 -0.686191142 -0.652994037 0.940622091 0.818846464
    0.274186015 0.0276841521 -0.0984895825 -0.577061057 1.01775002
    1.29286981 0.353223562 -0.68681401 0.458380759 1.05745733 1.10874844
    1.30072856 -1.0285126 0.966337919 1.01831651 -0.0594037771
    1.30270851 0.657912254 -0.444388181 1.53532624 0.570016265
    -0.696111917 0.121082842 0.359445095 -0.309755206 0.493698239
    -0.0446070433 0.379657507 -0.421122193 0.894010067 0.970707953
    1.90737462 1.01184571 1.21332717 1.07609522 0.37879467 1.51361775
    0.133061409 1.34293163 -0.425872922 0.440761328 -0.375456095
    1.08179808 1.20677662 0.621466279 1.4678545 0.0443098545
    -0.931705058 0.937278509 -0.185525894 1.38883901 0.776215315
    1.79491961 1.55896187 0.864552915 -0.340417922 0.400477946
    0.646017849 -0.180133879 1.81660426 1.68296742 0.107388735
    -0.149314642 0.635013103 1.6814754 0.675509334 1.41444421
    -0.777228177 -0.621225238 1.31184006 -0.61064446 -0.709755659
    -0.0616051555 -0.222651541 -0.19960916 -0.397747934 0.813691676
    0.0660876632 -0.252178252 -0.541958928 0.50025332 0.537000775
    1.10547674 1.54927182 0.461306095 1.16320014 -0.695691526 1.01376057
    1.62502432 -0.0189108849 -0.911144137 0.557442963 1.20707726
    0.613126397 -0.0394912958 0.262845039 1.46533239 0.574171901
    -0.487621337 -0.785046101 1.38589907 -0.846578956 0.514190555
    0.335770607 0.735435367 0.891018987 -0.525962055 1.37193859
    0.821271837 -0.557328343 -0.414110541 1.14819813 1.11132169
    -0.604717255 -0.681876421 1.06796825 -0.22820735 0.604447722
    0.354523718 0.117062211 0.512754858 0.431523979 -0.505721807
    1.86344576 -0.246882975 -0.677305043 0.734646678 -0.56377846
    -0.581376255 0.746829033 -0.629308462 1.73774147 -0.126865268
    -0.539065003 1.65406609 1.0593915 0.460405707 0.0829846859
    1.89940548 -0.753588319 0.443306327 0.321517825 1.90372264
    0.128840268 1.40162039 1.60051322 0.151763678 1.3591094 -0.314132988
    0.399739504 -0.297773838 0.523826718 0.87903893 0.126377344
    -0.917266786 0.417267382 -0.190993965 0.0990684032 -0.578726768
    1.7850616 0.228191137 -0.429222077 1.03971863 -0.14661175 1.58272886
    0.727263629 1.95451951 -0.67388618 0.118422866 1.55207777
    0.578520417 1.28647208 1.07016718 0.484986901 1.74721575 0.312083662
    1.10278988 -0.520569801 0.415747046 0.112024009 1.19606543
    -0.288729072 1.16595495 0.844915867 0.297406435 1.19339216
    0.179709315 0.69954586 0.621520638 1.1773169 0.617523432
    -0.253390491 1.5750649 1.5973624 0.943491459 -0.321118057
    -0.753644705 -0.986937761 0.211906314 1.67487741 -0.192856371
    1.31387246 -0.372213304 1.62020671 -0.357022911 -0.0341144204
    -0.452735901 -0.530330837 1.58794045 1.51226687 0.424847841
    -0.677955389 0.979258478 1.60767961 -0.513469338 1.47118819
    -0.35767746 1.63197386 1.69624674 0.0383166075 0.288231134
    1.27226496 0.857839763 1.17957866 0.810426116 1.44739866 1.61672401
    -0.078164041 -0.70523572 -0.337319314 -0.326064408 0.01421386
    1.36959219 -0.523221791 1.26909542 1.65376198 1.71563554 0.551289558
    1.70863748 0.689818621 -0.882994175 0.326330781 0.327458024
    1.7153281 1.25938296 0.176012993 -0.38854146 -0.226744294
    -0.033955574 1.7649256 0.553582311 -0.000844061375 0.200417221
    0.708289504 0.668564141 -0.140194058 -0.546346664 1.4186579
    0.269161344 0.75563693 1.68354833 0.422585666 1.3335669 -0.252461672
    0.654828548 0.326423705 1.94508171 -0.61841923 -0.694365978
    1.07425129 1.68178892 -0.0788166523 0.5804317 1.89613771
    -0.134870827 1.19737363 -0.158947825 0.342395186 1.69694638
    1.44019485 0.915607035 -0.79803592 1.64995933 -0.557051539
    0.034535408 1.22472477 2.02180076 -0.527647913 -0.448675036
    -1.00532568 -0.588446796 1.55940962 0.343275905 0.186569095
    1.45061255 0.645846009 -0.120999336 1.86313295 -0.25227958
    1.05742264 0.250715375 -0.516102076 0.0764685869 1.74547148
    -0.745336652 0.141498148 1.754071 -0.593073428 -0.424873412
    0.75410831 1.52696002 -0.206267834 -0.129635572 -0.84624368
    1.23857641 1.45886505 -0.529094279 1.738029 1.64747798
    -0.00288450718 -0.870718956 0.50836587 1.75137293 1.21246493
    0.700618982 -0.34393242 -0.649075389 0.145440817 1.65645373
    -0.0277423263 0.194952488 -0.552374363 1.7709856 -0.265445828
    -0.349652737 0.704021037 -0.607599437 1.62253022 1.14812863
    0.0016554594 -0.193181276 1.76097918 0.7003088 0.42541945
    0.588049471 1.15169203 0.997740507 1.52889609 1.31820941 0.444648564
    0.54693079 0.554427564 -0.589506149 -0.106639802 -0.772915602
    -0.5702492 0.686482847 0.018217504 -0.343164682 1.29228532
    1.54937029 0.740677357 0.0596020222 1.07288599 1.35000694 1.4454571
    0.124399543 1.78179729 1.35447955 -0.149929762 0.717862427
    0.135058284 -0.355945885 1.01017225 1.871315 0.701869845 0.595732927
    1.29521441 -0.787912428 1.06090236 1.97516036 1.41662157 1.31000113
    0.126009107 0.398205161 -0.336096138 0.776749372 -0.563408673
    -0.299428016 1.19830608 0.470896065 1.48775446 0.531178594
    0.346827388 0.207032681 1.86522913 0.570723712 1.34412158 1.31496584
    -0.123212576 -0.738117695 -0.152159154 1.92492425 -0.324890375
    1.63455057 -1.08655238 1.31419921 1.46667039 0.282429814 0.751110077
    0.714064121 0.0974960923 1.4241643 1.80077362 -0.0954469442
    1.93657088 0.954256654 -0.183408856 0.777675271 0.19240123
    -0.266261101 -0.730561376 0.179487228 0.709796309 -0.783859611
    0.578632057 0.0688700676 0.48617816 -0.706014276 -0.0628343821
    1.53834057 2.10897589 -0.722241879 1.06320357 1.96664834 0.111253917
    0.0204447508 0.77928406 0.145085096 0.728074312 0.551779628
    -0.231891513 0.295787692 1.71917224 1.16783226 1.7367686
    -0.269990981 -0.605502129 -0.887146652 -0.81027472 0.344366074
    -0.466118693 1.73223829 1.09766483 0.966735601 1.74376786
    -0.925361454 0.492116511 0.786518693 -0.478026897 0.121009529
    0.48760587 0.680567563 0.0985862017 0.821376145 0.285349965
    0.888847947 -0.293519258 1.63959813 -0.885902584 -0.521112978
    -0.764646351 0.723212838 1.37438166 1.18463969 1.6971246 1.48260486
    0.678213358 0.0260037184 0.313500404 -0.858510494 1.68485165
    -0.427075744 0.206384301 0.0120919943 0.639203727 0.620191455
    0.886598468 -0.579253972 -0.595619261 1.2972877 0.301254749
    0.115849257 0.921118975 0.437118292 -0.0379582644 0.737778783
    1.86398482 1.80335081 0.764813304 0.151112437 0.304894686
    0.267888367 -0.256598055 -0.46102196 1.84281754 0.258673906
    -0.562311411 -0.181451559 1.43922651 1.43801832 -0.27642411
    1.22845137 1.39309406 1.43097031 1.09548056 -0.97464329 -0.34883517
    1.30785155 -0.400952429 -0.656245947 0.754855335 1.09198737
    0.404852569 -0.620234966 -0.101757586 1.69743764 -0.108798444
    0.289620757 0.356030583 -0.181111097 -0.55126816 -0.338050544
    -0.648435175 0.481386304 0.569410264 0.0182206035 -0.127265692
    1.40675235 1.52307308 0.299278021 -0.666081667 -0.399812639
    0.142127991 0.453377128 0.233550787 0.64250505 1.13777781
    -0.849422872 1.86076677 -0.0848495364 1.10768795 1.16919494
    0.0120011568 0.343434334 0.00440436602 1.79918265 -0.038184166
    -0.837985277 0.54547745 1.7561326 1.66978252 1.51766789 0.0956789255
    -0.391580701 -1.04260111 1.61341476 0.86477834 -0.779406071
    -0.12491709 1.6306715 -0.570043683 0.608431339 0.685628176
    0.482924342 -0.6045748 1.16639209 1.74454999 -0.709274769 1.72875929
    -0.592930079 -0.479181111 1.91239822 0.928686142 2.00030088
    1.54497981 1.05420709 1.59070921 0.16446805 0.410763621 1.73470354
    1.43057823 0.897922873 1.35460234 0.959611654 0.896592855
    0.794449389 -0.480957687 -0.754954934 -0.730770648 1.71477532
    -0.406628668 1.59849572 0.692928314 -0.762452722 -0.478448868
    -0.836796582 0.9618994 1.72122633 1.07183814 -0.720132589 0.7971071
    1.64503717 1.53732872 -0.471458316 1.10430908 0.882267594
    0.292457581 1.64220285 1.63762498 -0.717433095 1.7610867
    -0.751611948 0.836440206 1.00386477 0.363180399 1.36305904
    -0.743413091 1.79230917 1.38198769 -0.322747946 -0.20988071
    -0.304852128 1.24653649 -0.281645954 0.176422834 1.38909793
    1.62365401 -0.440925121 0.540765345 1.43274438 0.808318555
    -0.479062408 -0.163332701 1.44466019 0.113177419 0.379013777
    0.134366751 1.71352422 -0.549989462 1.77611303 0.238273263
    0.223046541 -0.475477546 0.999436557 -0.310548067 -0.361796439
    0.342011392 1.01137614 1.55605531 0.870548129 0.998667955 1.19671082
    -0.514353096 -0.145691931 0.190952241 0.880908608 -0.662918687
    0.0702471137 -0.630966783 1.54406667 0.217868447 0.932455182
    0.0921701789 -0.509738207 0.24124372 0.700670183 -0.556733847
    1.55638266 -0.345047295 0.860784292 1.65619922 -0.76790154
    -1.12753129 1.00111687 1.88842702 1.58897495 1.83186531 1.19050968
    1.61956692 -0.497503966 -0.332199067 0.960168064 -0.684255481
    -0.101759434 1.12896299 0.376370251 0.763184667 1.20755696
    1.43144369 0.196449041 -0.0334351063 0.0834751129 1.38310146
    1.18731272 1.71971345 0.464585543 0.219266236 0.0964582562
    1.06459379 -0.351301521 1.35504913 1.5529635 -0.0293080807
    1.31794119 -0.2789101 0.308242559 -0.455203414 0.943991899
    0.368650675 1.5595063 -0.634642482 1.90856361 -0.36260587
    0.666854322 -0.597295702 1.63725483 0.965067267 1.87318587
    0.231507897 1.51984811 1.21317697 -0.45508498 -0.264597297 0.9558236
    -0.59556663 0.758801103 0.754406929 0.826590478 0.374699295
    0.111987829 0.703137994 1.1981945 -0.792719662 1.28852201 1.88071656
    -0.532877684 -0.60060668 1.58008301 1.77119613 -0.703555942
    0.592234969 0.572082162 1.40839553 1.00442636 0.640881896
    -0.989764214 1.17828429 1.6914444 0.527296543 0.42491436 1.07678294
    -0.0866826773 -0.308030546 0.981840432 -0.280268371 1.0157454
    -0.170130193 1.79879689 0.246693373 0.128182173 0.58878386
    0.714850187 -0.265120029 0.442223668 1.5692246 -0.729137003
    -0.547116339 0.0333972573 -0.0347878337 0.393559813 -0.386394173
    1.76086664 0.342938304 0.353160977 1.6588552 -0.307543933
    0.0221615434 1.67574573 -0.756025374 0.816486537 -0.210842192
    0.778339148 0.469976187 0.455320001 -0.177269995 0.954578638
    0.614299476 -0.273120522 0.557095528 0.426199436 0.273070753
    1.75822854 0.156258345 -0.169514477 -0.508510888 0.62002033
    -0.791786551 1.13807583 0.563148737 0.943763196 -0.663891613
    1.38848114 0.0423374176 1.83955145 0.818570733 0.441051483
    -0.339505911 0.968620777 1.39396417 1.54965508 1.15442538
    0.129594803 -0.0478399992 0.879841626 0.706927657 1.0012188
    1.08295453 0.364203572 -0.252499878 1.70026302 -0.270756602
    -0.55050981 0.554006755 1.8116194 1.15875423 -0.442609012
    0.044739604 1.07051718 0.497306049 1.02535987 -0.04383564
    0.00452691317 -0.190531492 0.285982728 0.00636482239 1.31702209
    -0.742350221 -0.0786777735 1.43642128 -0.322644651 -0.540827274
    1.85188341 0.210398018 1.20072508 1.33446884 -0.393594146
    0.668904543 1.69822073 -0.777211308 0.531495214 1.31964636
    1.41432703 1.29367399 1.56333268 -0.348676622 1.40754187 1.20298457
    -0.335775733 -0.63378799 -0.822252929 0.15284121 1.33566642
    1.03819418 0.133288383 0.318650723 -0.136846066 0.510731101
    1.50581503 1.23406839 1.57224512 -0.226495087 -0.139562905
    0.686935127 0.975044072 -0.701783359 0.806558132 0.729302943
    0.00612467527 -0.183835626 1.67186236 -0.174741685 -0.661483645
    1.49726915 -0.893789709 -0.748456717 0.617809415 1.0291903
    0.614836872 -0.142050922 1.17721486 1.31864309 -0.349866331
    0.884389639 1.12048495 1.57346797 0.493847728 -0.170730174
    0.621988297 0.488939643 1.11295712 0.809048772 -0.664285541
    1.13053513 0.320774317 1.1802417 0.591591477 1.10359538 -0.240698993
    1.6136961 -0.747094929 1.31365561 -0.00114935637 1.44373775
    1.08696723 1.45233536 1.41456771 0.856885314 0.367331862
    -0.574205458 1.61768389 1.01409602 -0.344588995 -0.0781384706
    -0.506754756 1.7644347 1.57290483 0.0543223619 -0.576209784
    0.340635657 1.52999413 1.41131151 -0.742797911 -0.0740278959
    0.13470006 0.438748479 1.16251636 0.230572283 0.222817004 1.16586208
    -0.313185334 1.60280776 0.334513783 0.563842893 -0.602431536
    1.53753233 -0.336831987 1.39575064 1.06506681 0.66318959
    -0.535815537 1.49432814 1.69782186 1.75377035 -0.923556149
    1.22316766 -0.084554553 -0.88591969 -0.333110005 1.57922959
    0.185588777 -0.00817388296 1.92955804 1.02021837 0.878508151
    -0.684067249 0.579915166 -0.586316586 0.765691638 -0.580712676
    -0.378816366 1.64345419 0.374016404 0.318482935 0.11754185
    -0.446580231 -0.360071599 0.544561028 -0.857308507 1.90623593
    -0.71382165 -0.518284321 0.586248577 1.33584273 1.16831899
    -0.836390138 -0.827436447 0.938031554 0.282656252 -0.0468178988
    -0.116676092 -0.23396486 0.90125525 1.45596051 -0.335298777
    0.429028809 -0.389142632 0.824285686 -0.408204734 0.200351238
    -0.931999147 1.23269749 1.27955294 1.04654992 -0.768267691
    -0.619701982 1.12430978 1.45774519 0.341097593 -0.419503868
    -0.406674385 0.396929443 0.763537347 -0.675887346 -0.791281343
    1.56535697 -0.0961563587 -0.0965155959 1.31071651 0.436959207
    1.87828994 1.58236599 1.58523536 -0.760468066 0.189125419 1.16609716
    1.24407256 -0.00533229113 1.67268109 -0.730421901 -0.0442723632
    1.75581694 -0.496263564 -0.030590415 1.52856207 0.417377353
    0.786476433 0.981161714 0.855962217 0.247847259 1.19742417
    1.83214545 -0.255270779 1.00285327 1.72927749 1.48932374 1.13722491
    0.732467532 -0.173644423 0.815997899 0.53448087 0.600092113
    1.18840778 1.5941695 1.93998468 -0.277855694 -0.835313678 1.29543817
    0.0890924931 0.369093418 0.260741055 1.1327703 -0.405718327
    -0.0863175392 1.50176275 -0.636053085 1.4974103 1.61266708
    -0.427237809 1.45425773 -0.634213209 0.592180431 -0.322263956
    0.372066855 1.14990377 -0.441366583 -0.443602055 -0.519103289
    -0.722276151 -0.180555522 1.23196483 1.24736214 -0.610219955
    1.14297748 0.302147567 0.797451675 -0.296120167 0.713677943
    -0.590714335 -0.49317798 -0.608951628 -0.720947146 0.362372279
    1.00222659 1.232458 -0.528842926 1.64572859 1.47216165 0.293234468
    -0.879897594 -0.174077153 -0.129624248 1.69672346 -0.465843976
    1.52397227 0.976290464 0.931126416 -0.149163187 0.724037349
    1.7332716 -0.492617011 1.05440879 0.878821731 0.696544528 1.85345697
    0.274919331 0.885332823 -0.725125134 0.248202324 0.793769717
    1.49212587 0.178681374 0.0919001102 1.5393585 0.38437891
    -0.172601581 0.586874247 1.10325599 1.56016445 -0.822594941
    0.987943053 0.910934031 1.35903716 0.26394999 0.213570952
    0.0642028451 1.09250557 -0.845616817 0.17311281 1.16705036
    1.35401583 1.13737762 1.20935619 1.24610615 -0.006916821 1.29572928
    -0.263167322 -0.547435522 -0.262352407 -0.911307991 0.183437347
    -0.887879431 0.212844253 0.265587449 0.205758095 1.00603175
    0.509751618 0.064317286 -0.635199547 0.119051576 -0.121991634
    1.29349887 -0.732955873 0.614435792 1.26851439 1.2587136
    -0.500676751 1.33380675 1.30956686 -0.280983865 -0.069434166
    1.3685472 0.167032003 1.32612896 0.112698853 -0.255845368
    -0.158289671 1.22824574 0.953386903 1.40027499 -0.52527684 0.8978194
    1.19059324 1.17780817 1.12198639 0.849573612 1.64679015 1.89568412
    1.22486448 1.00109732 1.06126916 -0.52545619 1.32549906 0.0519101024
    1.07683623 -0.626370192 -0.661705136 -0.162801802 1.17647576
    1.65227675 1.45590901 -0.519709647 1.26452637 0.303561687 1.13490653
    -0.0361862183 -0.590544581 -0.789906263 0.0648084879 1.24340439
    0.38079977 -0.330693185 0.167840183 -0.120624006 -0.029217422
    -0.362575114 -0.623472929 1.80457544 -0.718373835 -0.178130865
    -0.696597576 0.270432174 0.0942749977 -0.564383566 1.18318689
    1.17508054 1.47356439 0.409808636 1.35635531 0.615271807 -0.71454376
    -0.44102031 -0.217411816 0.72461766 -0.193293929 1.99637008
    -0.253336489 1.13455749 1.76769137 -0.271750987 -0.666800439
    1.53984976 0.0901662111 1.93965507 0.630071163 0.488711119
    1.82982266 -0.165687382 0.17627275 0.445133448 1.31167769
    -0.682064712 1.73173642 -0.839488983 0.276933908 1.71419501
    -0.329094946 1.06913722 1.49363458 1.31145251 1.21218288 1.17257428
    -0.842608809 1.21048379 -0.135337353 1.69876266 0.685626805
    1.25177085 1.41769886 -0.484729558 0.566790998 -0.13989681
    1.51510584 1.39040518 1.10903668 -0.345284283 -0.176769257
    -0.773242474 0.719992876 0.348212719 -0.010479033 1.85182881
    -0.106974721 -0.955392122 1.24692166 -0.356294274 1.041538
    0.0130143166 1.25345492 -0.386559457 0.578278601 0.112862229
    0.80866307 -0.215477586 2.03693557 1.67502964 -0.147924125
    0.834709227 -0.814852118 -0.404901385 1.33449531 1.61153531
    1.73765528 -0.664903402 0.875561059 -0.527388334 0.283292294
    1.9533807 -0.586887479 -0.92477262 1.42055821 -0.0412099361
    1.65503824 -0.349865735 -0.829195976 0.995529592 -0.220325828
    -0.416476667 0.219197512 -0.139052808 1.35444236 -0.839977264
    1.47266936 1.64809275 -0.804367065 -0.19186908 1.65462399 1.27522838
    0.963504195 1.67856717 0.0577687621 -0.0456264019 1.1841507
    1.51018858 -0.344495475 -0.70368731 0.968386471 -0.157129347
    -0.53057313 0.353905261 0.910580158 -0.456717044 0.0351848006
    1.98849106 2.01828504 0.58133316 0.454430997 -0.276407123
    0.967232585 0.323365033 1.55154347 -0.700253546 -0.405706167
    1.14695573 0.386797071 1.09031963 -0.941539884 1.67344046
    -0.559632421 0.968050241 1.70805132 0.344383895 -0.104456067
    1.72763717 -0.346511185 0.906928897 -0.209159195 1.2333101
    1.58006597 0.624672294 0.59647119 -0.506115198 0.123465359
    1.81269324 -0.855737925 1.15401828 1.28682566 -0.325586259
    -0.707226396 1.34056473 0.0906001925 1.19650388 -0.787911832
    0.286978483 -0.425821751 0.412513673 0.388594449 0.728137553
    -0.446653515 0.518615365 -0.731295466 0.0107082725 -0.0201547742
    1.47439051 0.360083222 -0.481064677 -0.376697779 -0.253375351
    2.04378414 0.328080237 0.313397527 0.231636882 0.249849856 1.8920362
    1.2341727 0.968221366 0.547563553 1.66511953 0.140622079
    -0.862273633 1.35701001 1.50607038 1.04704511 0.926171422
    0.662545145 -0.428096652 -0.17255944 1.64394593 1.15495515 1.1752454
    -0.836527407 0.568351269 -0.529152393 0.85889852 -0.0116680264
    -0.467086792 -0.147934735 -0.410860896 0.0760561228 0.417744458
    -0.423840314 -0.469007105 1.86182618 1.92185926 0.52977705
    1.83778477 1.04634023 -0.323720396 1.66635144 0.139154196
    -0.251066566 0.975103378 1.25060654 1.58116245 0.504318357
    0.967430353 0.950738132 -0.381042302 -0.82435292 1.13009095
    -0.421158582 1.23927641 0.131805003 -0.56530261 0.546249688
    -0.717760026 0.179382086 0.477847457 -0.421595037 -0.66508621
    1.6343472 1.91321528 -0.0507634878 0.599398851 1.6582737 1.0457989
    0.013771534 1.28020811 0.561546743 0.295534074 1.67529559
    0.176432312 -0.146731138 1.02209258 1.16580701 1.3522675
    -0.718173146 0.850772977 1.07144463 -0.0317854285 -0.563535929
    1.12840772 0.6972754 0.543995857 0.371172905 1.95585823 0.390899003
    0.129598498 1.4900651 -0.693021536 1.12913847 0.551511943
    -0.535523295 0.770036459 1.10215569 0.166021764 -0.422152281
    0.453295052 0.772639036 0.838215649 1.46337545 1.03152204 1.89478087
    0.410461247 1.2983501 0.186912 0.550631404 0.596586823 1.91090131
    -0.612012148 -0.563849807 0.0917694569 1.63123441 0.847471356
    -0.229545355 1.43782127 1.75171351 0.654512525 -0.30399251
    1.31800222 0.284661949 0.475605369 -0.0306815505 0.405788064
    -0.211536586 0.974214673 0.326229334 -0.674342334 -0.211647153
    0.43741101 1.57216465 -0.947110653 -0.671647847 -0.566039622
    1.91882372 -0.344376564 0.152943969 -0.342355311 1.4016999
    -0.975749731 0.79070282 1.56988776 1.63938034 -0.858434141
    -0.212517977 0.517748058 0.893272102 0.746895015 -0.487978697
    0.335428178 -0.901151359 0.0571298003 0.218325675 -0.864659727
    1.30400932 0.667104244 0.701200128 1.50685835 0.0360592604
    1.42360187 -0.588659286 1.19211125 0.572636902 1.77401686
    -0.567928612 -0.830871582 0.706342936 0.269641697 0.35518986
    0.0337638259 1.34565246 1.02867198 1.05228174 0.781963825
    0.00108516216 1.71364307 0.725143671 1.17151713 1.57442665
    -0.627813697 -0.615182877 -0.20782882 -0.143697858 -0.676322877
    -0.689544499 0.0673131347 0.143299639 -0.0244865417 -0.301981211
    1.60505581 0.630811334 -0.24110198 1.96957254 -0.205924213
    1.19243884 1.32534456 -0.119982898 0.855898619 0.445540786
    -0.758078873 1.53285885 -0.401153356 1.94469166 0.0613347292
    -0.181201756 0.367969096 0.121619165 0.691446126 0.607022524
    0.0138335824 0.869413137 1.85144961 1.05712318 0.53687501 0.90611577
    -0.828506708 -0.329121292 0.812811494 -0.861316562 -0.491273671
    0.111975014 -0.640289426 0.580056429 0.953253865 0.960449815
    -0.0968067646 -0.486675352 1.6176796 -0.703262687 0.654276252
    1.81008172 1.64726853 1.71918523 -0.222721875 -0.70380342
    0.331096411 1.83233857 1.47897267 1.39763045 -0.396465242
    -0.0225167274 2.13968086 -0.302064896 0.428986788 1.41169679
    1.476439 -0.21053201 0.0363944173 -0.213178039 1.22954845
    0.972539842 0.42803067 -0.380684555 -0.761041224 -0.0715075731
    -0.105820894 1.97134757 0.681872845 1.09180856 -0.189493328
    1.59058619 0.946479142 0.0838128328 1.1319772 1.65682173
    -0.469889551 -0.560817599 -0.031132102 1.3841356 -0.826463521
    1.79973102 1.36963248 0.853692353 1.12744224 0.302452981 1.55020094
    1.44320679 -0.711157322 0.66299665 0.377044916 0.339898884
    0.920655191 -0.25067842 -0.0105625987 -0.406537414 -0.294031203
    0.705931485 -0.197709501 0.506753922 -0.808793604 -0.709815383
    -0.734654188 0.243733168 -0.689305246 0.832788587 -0.45856607
    0.730869293 -0.257325649 -0.423102856 0.238669991 -0.163931549
    1.55298162 1.14957416 0.17119652 -0.786576092 1.62560749 1.44678736
    -0.199356914 0.567638099 0.822320521 2.00893521 -0.124962986
    0.0829392672 -0.425454676 1.94379926 0.508391857 0.0155643225
    -0.0712888241 1.11427617 1.57163596 -0.263743997 0.906242132
    0.341702819 0.702490211 0.271082699 1.24926233 1.76186502 1.17944646
    -0.793642223 1.5991466 0.479474306 1.0617106 0.0810893178 1.11009562
    1.49942791 0.94441241 1.63829482 1.18414283 -0.0145710111 1.60169613
    -0.0818526745 1.2614665 -0.0509642363 0.721243024 0.709384084
    0.852585495 -0.754662931 -0.380361617 1.29132473 1.58860517
    -0.907832742 0.858117282 1.2285248 -0.737570047 -0.381648362
    -0.509048283 1.24956536 0.0996857882 0.564090133 0.524609804
    0.405026972 -0.599988163 1.13277054 1.98417127 -0.794310093
    -0.0498601794 1.67710447 0.554465473 -0.323376536 -0.968081295
    -0.328133702 0.248589158 0.592020273 1.5048244 -0.123479068
    0.404914021 -0.406836092 1.1371429 0.57928443 0.187078595 1.11442363
    1.09149027 1.61073685 -0.133704126 0.0720258951 1.07501233
    1.67549419 1.64485931 0.743466377 1.48361588 1.92194366 1.19156289
    -0.638454437 1.61768794 1.67475486 1.44328737 1.68281698 1.13964105
    1.34430563 -0.396174371 1.48108554 0.0633872747 1.3734895
    0.615959704 -0.0237467289 -0.585764527 0.319180489 -0.332181931
    0.38601172 0.201824248 -0.550633669 1.83061039 1.29365826
    -0.921686172 1.03306091 0.0590269566 0.214188457 -0.589092135
    -0.262331963 1.14266419 0.168856323 -0.199670792 1.08428264
    1.93491185 0.605613887 1.27475059 -0.753678501 0.103544176
    1.25479317 -0.136925161 1.58626926 1.14799762 1.12347567 0.252078652
    1.39761114 0.917397618 1.47551847 1.25512528 1.88781929
    -0.0411019325 0.0367256403 1.30071759 1.34849262 1.86712408
    1.61312914 0.348263919 0.291505873 0.308161974 0.132344663
    0.235792935 1.52057838 1.21894217 -0.726440668 0.399065077
    -0.384898067 -0.136589885 0.868145823 -0.36359328 0.192509294
    1.80019808 0.862403154 1.21006846 1.54501629 -0.575969934
    0.112480164 -0.321259618 1.46058345 -0.387250602 1.69163609
    1.41421628 0.893497109 -0.408223033 1.29362631 1.32183576
    -0.599513531 0.174068093 -0.582026005 0.64482975 0.864742875
    1.12223196 1.77619553 0.249820948 0.638098836 -0.401154816
    -0.547599077 -0.19737643 0.663665533 1.20897603 1.42558944
    -0.651367128 -0.0949075818 -0.411923766 0.620817602 -0.260034502
    -0.497709006 -0.164227426 0.296936452 -0.727212667 -0.495462835
    1.26397204 1.99952412 0.752434134 0.802557647 0.246423066
    0.158055246 0.600270987 1.7955749 0.670937777 0.319959641 2.12993193
    -0.345082611 -0.74752903 1.45929146 -0.610911131 -0.719323337
    -0.254354775 -0.233781219 -0.0465409756 -0.226378381 1.71591389
    0.619868159 1.81134033 -0.631453753 -0.388061345 0.51839447
    1.40941691 -0.192552984 -0.584507465 1.38501024 0.666816831
    -0.578001738 0.422543705 1.59453011 0.121969163 1.04435492
    1.39634323 1.03228223 1.17453265 0.82278049 1.8517797 1.42219448
    1.39358377 1.19359899 0.232568026 1.33568358 -0.697134614 1.2326808
    0.353749037 1.2926482 1.31716073 1.47944295 1.30998158 1.22351301
    1.18315792 0.597842515 1.96874332 -0.0133917332 -0.0196872354
    1.43402338 0.780284524 1.63202775 0.841026187 1.18383145 0.639575779
    -0.223264635 1.49515545 -0.693404675 0.691640317 1.79061925
    0.269795716 0.0207545161 0.31569016 -0.56663537 0.790002048
    0.534896493 -0.75308001 -0.640029669 1.63470304 -0.765297771
    1.42390764 -0.0574196577 0.229520321 -0.278383672 0.78897649
    0.915629089 -0.594077051 0.308597326 0.680642962 1.33232534
    0.305526793 0.639291942 -0.691791177 0.523405015 0.758375883
    -0.49239257 0.510566711 0.668007374 0.85295707 -0.337392867
    -0.580611706 1.70447326 0.54446733 -0.557126045 0.927505493
    0.73590827 -0.040733397 1.09774709 -0.819114983 0.450967848
    0.865590692 1.45990396 1.09974945 -0.406951308 0.757314682
    -0.522619128 0.688338816 -0.604219198 0.962737083 0.48094523
    -0.256798089 1.59036398 -0.316235244 1.04349709 0.841097713
    0.519974351 0.817858994 1.28670776 0.999623299 -0.235069275
    -0.072430253 -0.251912653 -0.606635332 1.17377675 1.76364326
    1.0761975 0.291560054 0.630402446 -0.294098139 0.0133726001
    -0.73885119 0.20274353 1.05927849 0.645762503 -0.156576276
    -0.736785173 1.09337473 1.12753856 0.705877662 0.603640616
    0.581359863 1.56026411 -0.08344841 1.35973346 0.708844304
    0.0544822216 0.0430567265 1.69684637 -0.128286779 0.774670482
    0.435760736 -0.294706345 0.267732561 1.84843421 1.9660418 1.52053118
    -0.531477571 0.143265009 0.661308289 -0.955869555 0.714198828
    0.519850612 0.464116693 1.12385583 1.08513498 1.87795281
    -0.309904277 0.293443739 -0.33409369 -0.278599739 1.75433576
    1.03100324 0.87279731 0.474160969 0.846193731 -0.362562507
    1.85406232 -0.621309221 -0.322365999 0.175405741 -0.677657723
    -0.0672342181 1.48592079 -0.728033185 1.09578872 1.70152235
    0.832101882 -0.0306320786 -0.609510362 -0.577524781 1.90065956
    0.00530552864 1.52442646 0.530820727 -0.256209731 -0.0726699829
    -0.417500913 1.90989506 0.308648884 1.71471143 0.378478467
    0.707998335 1.22950995 1.21567214 1.20268202 -0.326174855
    0.563227713 -0.828072786 -0.172193646 1.0345639 1.08691239
    0.947712123 0.274676561 -0.00830996037 0.883688688 1.45195484
    -1.08317828 -0.479131162 1.36286998 1.28779757 -0.701143384
    1.35618269 0.694312155 1.32300544 1.54704952 -0.15388906 -0.69557029
    1.40934074 -0.847232938 0.77344507 -0.140182674 1.67120624
    -0.168722451 -0.32506305 -0.044406116 0.216184735 -0.51167196
    1.10034895 1.00958991 -0.381310761 0.519042969 0.856032372
    0.566354752 0.480815053 -0.140318036 -0.529993474 -0.544526577
    -0.524189353 0.893731236 -0.443591386 1.02369475 -0.892141342
    1.6447916 1.89529181 0.868803382 -0.282621205 -0.24165383 1.46202838
    -0.630093575 0.485156894 0.167788863 -0.287953615 -0.314455777
    -0.494061142 -0.70257926 0.361376047 0.98045224 0.812254667
    -0.905082524 0.867651105 -0.529064775 1.43248236 1.75222099
    0.413929224 0.268156171 -0.736720443 -0.757480145 1.58070588
    -0.733693719 -0.0210412145 -0.0412808657 0.180063963 1.47008514
    -0.324048698 -0.323529124 -0.738125205 1.67744017 1.91408265
    -0.0380032063 -0.505202293 0.388017058 1.01478028 0.461767077
    0.888748646 1.863276 1.06399262 1.68762589 -0.554959178 -0.51785183
    1.26360071 0.665106058 1.38647592 1.91763401 -0.303303003
    -0.311007768 2.05420089 0.0116106272 -0.0649578571 0.631192327
    0.351867676 0.0173707008 0.527921736 -0.11456573 -0.0431358814
    0.142172337 0.208904326 1.8807888 -0.241972625 0.735196471
    0.846280873 0.817138135 1.91552794 -0.212980509 1.87164545
    0.539233983 1.86641884 0.228940248 -0.658207536 1.19034398
    -0.188248932 1.84782314 1.29050374 0.259841561 1.6188786
    -0.109144509 -0.150413871 0.808519483 0.106864333 0.0954436064
    1.79979205 -0.65779376 -0.475171298 -0.775655627 0.539720893
    0.490407884 0.984980643 -0.0353946686 1.99593019 0.572929859
    1.68833232 0.114501953 0.0126544833 1.82558954 0.0769146681
    1.85891926 0.576468408 -0.386883676 1.5027926 1.84624982
    -0.827463984 0.00590801239 -0.457736075 1.70281887 -0.165410161
    0.313557684 1.35983849 -0.828966379 0.33675158 0.759066224
    1.16257071 0.442330122 -0.208979547 0.544447899 1.61286223
    1.15778911 1.02980745 1.76986575 -0.531336606 0.018163085 1.46451795
    1.32336938 1.25757647 1.25137544 -0.733094811 0.0529234409
    1.43707514 0.623354435 -0.983782232 0.881245732 -0.538102686
    -0.60218209 -0.0636438131 0.741534114 0.0837380886 0.131913543
    -0.80158782 1.27911818 0.0453150868 -1.00273228 1.10941148
    -0.484025627 0.169845581 0.989127457 1.81789494 -0.913646102
    1.43048429 1.55913281 1.8049829 1.56829596 1.93175578 0.377512217
    -0.346747518 0.360164523 -0.75868535 1.39784813 -0.696320653
    -0.535233319 1.91016459 1.83712971 1.52286971 0.33318013
    -0.150694191 -0.162095249 1.7177211 1.67163432 0.102344871
    -0.97321856 -0.928782046 0.825023293 0.498191059 -0.313810587
    0.873869896 -0.534441054 1.28412449 -0.472046405 1.81023681
    -0.869728148 -0.459156275 1.00017512 -0.504255533 0.293539166
    0.0454730988 1.62780571 -0.419470131 0.314220488 -0.708898425
    0.826390684 0.791960835 0.188911438 -0.616700888 0.705163479
    -0.436195016 2.07591534 -0.441265821 -0.668632507 -0.336566001
    1.36575782 1.0093565 -0.882133365 0.135135353 1.88293982 0.904160976
    1.14940178 0.975101829 1.66569567 -0.278358638 -0.473393083
    -0.657954156 1.18478894 0.727701306 -0.98474437 1.33150637
    -0.114154935 0.494191051 -0.147241175 1.13816905 0.0701515675
    1.04240084 0.216129243 -0.879772544 1.46037579 -0.896808386
    0.826316535 0.346867025 0.570154965 -0.379481792 -0.204856873
    1.5114255 1.58250868 0.117128849 0.812202394 -0.114089131
    -0.101584852 -0.702813268 1.11176825 1.69805074 0.993671417
    0.900484562 1.9912281 0.0869439244 -0.271520615 1.95967734
    1.67227149 0.66425544 1.00464618 0.0256880522 1.61004543
    -0.617680073 1.78347349 0.85562402 -0.0542308092 1.45098686
    -0.667920411 1.65133893 -0.460992098 1.89561617 0.261721253
    0.547390878 0.769333482 0.202676713 0.935722113 0.491289616
    0.479053557 -0.6610502 1.07010627 1.57950819 0.184639215
    0.0641794205 0.25532198 1.08836687 -0.63865459 0.958101749 1.0685122
    -0.303130329 -0.557384729 0.949843645 1.40275753 0.0189861059
    1.57114697 0.235592246 1.68530202 0.994471073 -0.24503243 1.42702675
    -0.00851762295 0.321237445 1.55393624 0.753337383 -0.9590379
    1.47705722 1.04333603 -0.846055865 -0.124937594 0.8921085
    0.0579237938 0.442797661 -0.0609340072 0.623500705 0.122014523
    -0.447085381 1.4980526 1.84270704 1.09025872 -0.839581192 1.25511539
    1.75565314 -0.550807714 0.322956324 1.50291026 -0.641330779
    0.287475467 1.28001916 1.36263633 0.393210173 -0.564681411
    1.24335086 -0.887610972 0.66797483 0.547292948 -0.219946742
    -0.710641921 0.761766434 0.921036601 0.632531047 1.08230734
    -0.895930052 -0.0140749812 -0.609400332 -0.304334402 -0.206804335
    0.556769907 -0.25886935 1.49224865 -0.528656602 -0.229037523
    1.83521318 0.556592941 -0.545450926 1.4345386 1.53382647
    -0.630835652 -0.706681073 0.090492487 -0.0777589083 1.24730468
    -0.740853012 -0.261581659 1.55886781 -0.372949004 1.15671062
    -0.213496745 -0.534446001 1.19009721 1.8153342 0.53807199
    0.654670358 1.13153791 -0.794111371 0.16749078 0.819921911
    1.63994765 -0.878808856 0.669033885 1.50943863 0.779809117
    0.808860064 -0.332747698 0.419611812 0.434009075 -0.407731116
    0.85013175 1.8274678 0.64754343 1.08035004 0.107890487 1.24279964
    -0.306660354 -0.0302795172 0.177947044 1.25071466 0.826915383
    1.55772901 -0.113348246 0.468757033 0.155744314 1.41309905
    1.37110996 -0.572253346 -0.612128556 -0.424361765 -0.432653338
    0.553469956 0.501966298 0.284135401 -0.517151833 -0.742783189
    0.820853412 -0.0117160082 1.05429685 1.75598741 -0.813374877
    0.107796907 1.55008841 -0.439177573 -0.813663363 -0.195792973
    0.388697863 -0.75647676 1.72876811 1.78218079 0.526061296
    -0.647535205 1.4354012 1.38726258 1.33299303 0.00194001198
    0.0851951241 1.03478205 0.21666801 1.07262611 1.06575751
    0.0978827477 -0.53774035 1.75135779 0.179872096 -0.480866671
    -0.858862221 0.475873113 0.565341413 -0.924183011 1.68276441
    0.196578562 0.500252724 1.59913564 -0.844305992 0.558919251
    0.500500083 -0.141907811 -0.502343416 1.33480608 0.369802952
    1.6984272 0.0336797237 1.52349877 -0.00793206692 1.13860524
    0.614623308 -0.77442199 -0.212058246 0.275458753 0.124777377
    -0.785390079 0.768531501 -0.702819765 0.406989336 1.68094289
    -0.659823954 -0.0613203645 0.18810451 1.38856363 0.601479232
    -0.668092966 1.45325911 0.127547503 1.77619052 0.492348075
    1.21129107 1.04946482 1.27838838 1.30394125 1.32588625 -0.152427912
    -0.37756145 0.577468753 1.37811279 -0.47027272 0.852024019
    -0.559582233 1.58327425 -0.711399198 0.731898904 -0.943757832
    1.72231841 0.0218268633 -0.857343078 0.429444492 -0.00987774134
    1.27966666 0.591536522 0.676166475 0.676753819 0.709827662
    0.139636755 0.363901854 0.292040467 0.955278993 1.11657071
    0.24248302 -0.0885243416 -0.0689578056 1.35673428 -0.44749859
    0.677224636 -0.616477489 0.445718706 -0.725674391 -0.851409137
    1.80820787 -0.612703383 0.575667918 0.693184555 0.270367384
    -0.414050192 -0.673752487 1.90662527 0.141159177 0.899966657
    -0.0435220003 -0.846048832 1.76419663 1.68052113 0.702335835
    0.813069105 1.71496379 -0.183051348 1.7648145 1.64798355 0.400790572
    -0.800941706 0.125936866 0.00525593758 -0.282998741 1.74006581
    1.25287628 -0.674806476 0.552674651 0.263587117 0.723314047
    0.828132749 0.588279068 -0.69508481 -0.159988821 1.59484434
    0.721439302 -0.429705501 1.78058267 1.15289211 0.768301249
    0.734943151 1.20522118 -0.682142794 0.411525071 -0.0181329846
    0.102447152 -0.657336116 0.470605135 1.70106578 -0.326970279
    0.630822062 1.05390394 1.28435743 0.846202672 -0.153066039
    0.667420447 0.431728423 1.19801807 0.578519404 1.97669184 0.39529717
    -0.787503362 0.293830097 0.271820009 0.725219727 1.4414866
    0.166079164 0.381183386 -0.744493961 1.54749262 0.785606503
    0.17491281 0.929538846 -0.0138325691 1.50352359 1.56887043
    0.557821989 -0.698224187 1.94188285 0.569568992 1.68284273
    1.89037228 0.996300042 0.3639521 -0.770620286 -0.08180511 1.17497385
    0.624603033 0.0636456609 -0.447480142 0.685379028 1.6802218
    -0.901679516 -0.264125407 1.56132853 -0.511829019 0.478318214
    0.459181905 1.34025574 -0.418591738 1.10638642 0.700057507
    -0.311891258 1.39807415 0.00731956959 1.08776808 1.46066773
    0.57884562 -0.687351823 0.752284825 1.18700647 1.53628576
    -0.363633037 0.490460038 0.911693454 -0.301620841 0.188254058
    -0.898716569 0.493627071 0.976681948 1.56525612 -0.679898858
    1.44986308 1.79464912 0.50767374 -0.0943795443 0.897096276
    0.657658696 1.25020111 1.03313875 0.565885067 1.2587465 1.92685294
    1.79289269 1.55734921 1.89186382 2.05591583 1.87712038 -0.443569481
    1.70418453 1.34384942 -0.0616323948 0.58001858 0.358835995
    1.68425155 -0.844348192 0.100395203 1.13330305 -0.502385497
    -1.01279187 1.30117261 -0.30869931 0.617991388 -0.065689683
    -0.726929069 1.47449589 1.88173127 0.566169083 1.71975005
    -0.660223007 -0.634069383 0.266165137 0.964308858 0.15739876
    -0.429062665 -0.512367964 -0.353659749 1.61770594 1.73254371
    1.58735871 0.8573277 1.43493462 1.61320853 -0.211414635 0.418445826
    0.210939646 1.89279819 0.187063098 1.40596914 -0.457398176
    1.54648936 0.824394584 1.41070831 1.66146755 1.55377734 0.849375904
    2.10466576 -0.560104132 -0.540031791 -0.300989747 1.00434482
    1.92846203 -0.868018746 1.37634802 0.0678987503 0.0609024763
    1.51346695 -0.129779756 -0.318624973 2.09927964 -0.350174665
    0.248863041 0.611891389 1.23552656 -0.207363367 1.77347076
    -0.562848568 0.357707858 -0.783014655 1.51970971 -0.306581378
    1.49916625 1.51711392 1.78446043 1.70990574 -0.991311431 1.69592965
    0.446764946 0.482657909 -0.693691134 0.806405127 0.48810637
    1.38049674 1.15940928 1.01727951 0.970256329 0.862252831 1.48732138
    0.956039906 1.86059546 1.72110367 0.779781044 0.200099766 1.55931747
    -0.658600271 0.153789818 -0.581216574 0.00111824274 1.37753069
    -0.67442733 0.514304399 0.230629802 -0.826641083 0.427048445
    1.08603954 1.48381686 0.333158374 0.497853875 -0.105817378
    -0.403877735 1.00278056 0.766076684 1.05184233 -0.0285565257
    -0.795211792 1.18447733 0.6192469 0.262913823 0.140814722 0.76723814
    -0.809369683 0.579415381 0.879649103 1.5028367 1.79207182
    0.928387523 1.01179743 -0.116713047 -0.240847826 -0.147871435
    0.800793767 -1.03966296 0.492389083 0.117998362 1.71695423
    0.91019243 0.376807153 0.159050524 1.55094099 -0.591872931
    0.165533066 1.77239645 1.70669484 -0.591420412 -0.0746272802
    1.10922527 1.70640814 -0.732010365 1.56867719 0.260695755
    0.579410374 -0.214242756 0.775192916 1.37506056 1.04210019
    -0.454156935 1.11050439 -0.688582957 1.36702228 -0.758347094
    1.69209194 0.444837451 2.00875235 -0.357948929 1.39991057 1.38397837
    -0.355983734 -0.377428293 0.141652822 -0.778049588 0.426702261
    1.63146424 0.45629859 0.920012355 1.46754766 0.371419489
    -0.497069269 0.71931076 1.7318716 1.33811784 1.30175626 -0.978450239
    1.68640077 1.10296166 0.999975324 1.43787014 1.14513779 -0.224036336
    0.251115799 1.65416086 0.173566043 -0.154335082 0.488602996
    -0.748031735 0.218857408 1.12312138 -0.00629973412 0.377139211
    1.08303547 -0.506365478 1.30276299 1.62948322 -0.559253037
    0.553393066 0.924805999 1.98913908 -0.109480262 0.518191576
    1.68791628 -0.0892106891 1.29018569 1.84370804 1.92046165 1.89994621
    -0.193926871 -0.431357741 0.659841001 -0.221232593 0.328413367
    0.319019318 1.15452266 1.7921139 -0.766311288 0.664323568 1.30368245
    1.37410092 1.50660467 -0.130503237 0.4990623 1.16762972 1.21095085
    1.50936794 1.1756947 0.359346926 0.72118485 0.384910703 0.375801802
    -0.500830591 0.547457278 0.0827139616 0.54543972 0.365375042
    0.754867196 0.335204601 -0.0065933466 -0.495943189 1.17700481
    0.471926332 0.627633929 -0.930993974 0.147633791 1.51413369
    -0.694175482 -0.748241186 -0.882294238 1.77095842 1.01136124
    -0.156399488 -0.0834887624 -0.319252789 -0.115306735 0.729919672
    1.16040051 1.58320332 1.02798128 1.46676433 1.07063282 -0.103943527
    0.635491073 0.292850018 0.967589557 -0.576316297 -0.144308329
    1.4540267 1.09084702 -0.173147202 1.13962722 -0.202409029
    -0.712930977 -0.672361255 0.247476816 -0.124781251 0.0395102501
    0.950667977 1.40239894 0.953080773 -0.927045822 -0.172350109
    -0.223351657 1.04678988 -0.107909918 1.53828013 1.65115595
    0.646554828 0.0429400206 1.49160659 1.25812256 1.78339505
    -0.386167645 -0.562692821 -0.215680242 0.184582293 -0.509750962
    -0.0743519664 -0.811905384 1.59344554 0.143620133 -0.662324905
    0.173996091 -0.940361023 1.708341 1.81907129 1.95090175 0.818222523
    -0.209625661 0.389146566 2.17615366 0.553165138 0.482258499
    0.120325089 -0.164880037 -0.921301663 0.557704091 1.20185506
    -0.255013108 0.772010505 -0.50929606 1.50624084 -0.71724391
    0.467482924 1.1918062 0.0356000662 0.292029142 -0.266442478
    0.721746683 1.06417108 -0.312297702 1.72749949 -0.281271875
    1.49379945 1.70329702 0.0838891268 -0.740431368 0.0486094356
    1.4335587 1.06569695 -0.916336894 0.50360918 1.65210414 0.676301539
    1.04128277 -0.650877237 0.448118508 2.0576601 0.725241959
    0.225147963 1.09207153 1.36308563 -0.308291256 1.32997823 0.38862896
    1.33636951 1.33061218 -0.243059754 -0.503864527 1.60945988
    1.05140305 0.268635869 1.44832158 1.64513862 -0.475171864
    -0.0859928727 -0.698253632 0.931246698 0.733599484 1.08193171
    -0.905094862 0.349107265 1.21506488 1.40006185 -0.492224693
    -0.768998086 0.785313725 0.344775498 0.160390496 1.40186083
    1.32019281 0.413272262 1.46577704 -0.317090154 -0.85363245
    1.60618424 0.260787666 0.705425501 0.440192282 1.79601216
    0.617878735 -0.764833927 -0.65816772 0.369911909 -0.25308156
    1.4657464 -0.229608297 -0.506219983 -0.100413561 1.08768058
    0.826683581 -0.159081697 -0.790961385 -0.846301556 -0.794301569
    0.648552299 1.33632278 -0.461145818 -0.699358284 0.9781124
    -0.279339552 1.14329576 1.71973574 0.933068752 1.49016905
    0.349393785 0.039180696 -0.553562284 1.32295024 1.56521571
    0.712526798 0.673872769 -0.737618566 -0.558736026 -0.0811163187
    0.21563369 -0.337675035 -0.614991128 0.288155735 0.275755346
    0.161577463 1.15323329 0.853002191 0.956432104 0.777667046
    -0.638741374 0.493002176 1.77686048 1.10519099 1.01634848 0.13062346
    1.5894413 -0.705382645 -0.293058813 1.6707716 -0.28694123
    -0.321293414 1.60350871 -0.783793569 -0.738527298 1.84645939
    -0.649827957 1.1432631 -0.846781313 0.528666794 0.829268575
    1.5219481 0.278830409 1.16796589 0.735006809 -0.569232345 1.82248104
    -0.120198965 -0.7920928 0.0893239379 0.586485744 0.208345175
    -0.932004035 0.86844492 0.342602253 -0.0790772438 1.31663501
    1.14094281 -0.844629705 -0.626167178 -0.439278126 0.713335276
    -0.464349836 -0.139338911 1.63229537 1.45337057 0.115164518
    -0.507872045 -0.333334684 0.561892807 0.922631383 1.5532341
    0.545188248 0.142845094 0.0327098966 1.10983002 0.135960579
    1.5149591 -0.346924365 0.649270654 -0.0391147137 1.38079274
    0.539620876 -0.14041549 -0.85622716 -0.614665329 -0.515046597
    1.72964358 1.36856997 -0.546659231 -0.571561635 1.7003088 1.24754643
    0.354135633 -0.0773136616 1.47204149 1.21612251 1.72246921
    -0.520299852 1.15762246 -0.277949631 0.502957761 0.295081437
    1.70901346 0.0798285604 -0.702542007 0.0793652534 0.260054469
    0.179122627 -0.721644163 -0.411948085 -0.669766784 0.382650197
    1.74892294 -0.0867633224 0.913662434 -0.885136724 1.30148923
    0.863726735 0.689547777 0.00421524048 -0.111561 0.73820734
    0.75152415 1.04324663 -0.0924605727 -0.787350774 1.45771313
    -0.214235306 -0.33421874 1.24221611 1.21739244 0.188547969
    -0.802180886 0.529965103 0.596463144 -0.361679077 1.8626076
    1.50966537 -0.115948737 -0.272968292 0.632203102 1.59559822
    1.50522566 0.19286871 1.13276207 0.791419506 0.768571794 0.595133007
    0.731119275 0.00434601307 1.12830877 0.12456584 1.49024534
    -0.159195125 1.9721303 -0.381983757 -0.871542156 1.48732805
    1.62751365 -0.0807276368 -0.193358958 0.364473343 -0.241932452
    -0.855412483 -0.624278545 1.28839278 1.65539277 1.02086449
    0.0291196704 1.08873212 -0.385668397 0.19277209 1.41905844
    -0.649626851 -0.315625548 -0.604417443 0.107298613 -0.859936714
    -0.0312719941 1.3577044 1.16209483 -0.811346054 -0.479888946
    -0.814579189 -0.361702889 0.794835091 0.694710135 1.93720448
    1.54958916 -0.613171816 0.731229424 1.12490726 0.862878799
    0.67534256 1.50837052 0.442123652 1.1032089 0.800195694 -0.385559499
    -0.238759756 1.48523903 1.30502605 -0.593874931 1.5604912 1.08467674
    -0.0511392355 0.685096145 0.297542691 1.19629133 1.77558804
    1.02488887 0.894942045 -0.433029264 0.416273832 0.667868018
    0.501695037 0.512339413 1.4081552 1.29071939 -0.263291836
    0.419272304 0.590396881 0.625124693 0.658181429 -0.239613652
    1.01329398 0.77283752 0.207527161 0.914367199 -0.3242293 1.27080894
    0.819420815 -0.492175937 -0.82765615 -0.311797619 1.39964294
    -0.743835211 -0.737839758 -0.00575715303 -0.301222026 -0.468594015
    0.556170583 0.926570714 0.194761932 0.740549088 1.96779633
    0.553571582 -0.510184765 1.67989349 1.15735376 1.72494364
    0.871834934 -0.422180593 0.74398303 1.36953664 0.426861167
    0.204057574 -0.0566134453 0.406435251 -0.709450006 0.759319305
    0.145507157 1.75903928 1.28311682 0.229716539 1.76464987 0.874305189
    1.34664035 -0.496164292 1.98634017 -0.833992839 1.06307983
    1.68347645 -0.874627829 -0.929284513 0.571911335 0.678953946
    -0.232293367 -0.84828043 1.71338499 1.59273791 1.10676861
    -0.487256378 0.521829188 0.36669904 0.641378999 0.120281935
    1.97664213 0.311489761 -0.246680737 1.41527724 1.13481617 1.32565093
    0.490022838 1.89405417 -0.686616302 -0.81461978 -0.582168281
    -0.679170847 0.730815768 0.125733376 0.453508258 -0.758336663
    -0.68987757 0.904745698 1.16698885 0.887378037 1.5770514
    -0.0088288188 0.628872633 0.395421028 0.870335937 1.40777171
    0.462901711 1.73458135 1.61894774 -0.766269147 0.00538080931
    -0.688327014 -0.603027105 0.0939967632 0.743836403 1.46861029
    0.483942032 1.04671121 0.00648254156 0.14974767 -0.650619268
    -0.150751233 1.81548917 -0.203699589 -0.67159462 0.747323692
    1.37896085 -0.834456325 1.79067886 1.2924819 1.78197002 0.624037623
    -0.680645108 1.00371814 -0.570053935 1.55663669 1.04504478
    -0.860960126 1.73176646 1.50374353 -1.03787267 0.542172909
    0.776947677 0.0841482878 0.31483984 1.53204226 1.08283055
    -1.03542113 -0.931082964 1.2588762 0.356139421 0.403824568
    -0.167333961 -0.0849271417 -0.633225262 0.812040925 -0.234520078
    0.642343938 1.16830707 0.57329762 1.27052927 1.45176661 1.13424766
    1.49072742 1.02844536 1.33699739 -0.662018299 1.33229482 1.71591389
    0.911891937 1.71691442 -0.494555742 1.095613 -0.202980995
    0.218458891 1.7175436 -0.0615854263 0.436957598 -0.923995018
    0.737407804 0.684360385 -0.907839417 0.496324539 0.784483194
    -0.326227427 2.08986974 -0.716468215 -0.229784966 1.59858966
    -0.191068709 1.89152384 0.133343101 1.47838581 -0.267030895
    0.553095222 0.187776327 -0.142176569 -0.83554256 -0.845358491
    -0.45342952 -0.529929519 -0.294886291 0.765035152 1.90556431
    -0.228560984 1.37148786 1.8532294 -0.252586842 0.713956356
    -0.72628355 1.36995006 0.179924667 0.250545204 1.49566507
    0.226601362 0.401724577 -0.288187861 0.852852523 1.02705991
    -0.0689209104 1.69759774 -0.0932825804 -0.769524455 -0.670113266
    0.445553243 -0.431743532 -0.449262738 0.770864964 0.402141333
    1.13733768 1.93742466 1.03315926 0.991777599 0.945215225
    -0.160295606 -0.156317115 0.791491449 -0.821012974 -0.958935559
    1.34417987 1.71436048 0.124471545 -0.0321873426 1.17169714
    1.16120434 -0.719209313 0.897372782 0.966196895 1.40319586
    1.51400244 1.0196985 1.03334677 -0.812231958 0.00356459618
    0.834395409 0.475117326 0.0360020399 -0.0490937829 1.93039465
    -0.0714110136 -0.968065619 2.02168822 0.269019246 -0.552500248
    0.367440701 0.968678415 -0.805951416 -0.223599255 0.763443112
    0.612327695 1.37158895 1.66605937 -0.674926043 -0.058467567
    1.21212029 -0.907496989 1.48699093 0.200536609 1.60375524
    0.166691422 1.83350337 -0.339405954 1.33781433 1.50708747
    0.961889625 0.35369283 1.9893353 0.953855991 1.27561164
    -0.0624845028 -0.605514824 0.535424411 1.5725956 1.60265279
    -0.0400803089 0.82130754 -0.888963342 -0.200339258 1.08787608
    0.674106002 1.00908339 0.262667596 0.454671085 2.23750281
    -0.0792248845 1.77264535 -0.360514939 0.172154307 1.31379938
    0.835759699 0.199637115 0.702519119 -0.150418758 0.75052923
    -0.251576662 -0.658623397 1.54995155 -0.624502718 -0.757124662
    -0.211586297 0.980888486 1.55305958 -1.00446832 1.75201619
    0.705651462 0.523114383 0.193416834 -0.665655553 1.14840615
    -0.787426591 1.85343933 -0.175656021 0.433501005 1.11750889
    1.76080191 0.325164914 1.7725898 -0.334623396 2.04219604 0.21010077
    -0.320827931 0.542017639 0.145669937 -0.129718661 1.14401174
    1.11979675 0.397448778 -0.541399956 -0.462769926 1.69394648
    0.279232621 -0.475748748 0.731172502 -0.367693752 1.4565351
    0.331979513 -0.475099415 1.58514202 1.24278843 1.6694566 1.26622605
    -0.351857305 0.510526061 0.0830026865 0.153930664 1.18224287
    -0.541688681 -0.236231983 0.135026693 0.176723123 1.4392916 1.170614
    1.45393205 -0.094761014 0.00892549753 -0.530156612 1.91758943
    1.16194844 -0.288266599 1.84453297 -0.432069898 1.52759802
    -0.19372952 -1.01985991 0.652847171 0.822639465 -0.676795721
    0.233906329 1.55761886 -0.0835372806 1.40546393 0.446168959
    -0.626469135 -0.0779886246 1.32420707 0.155948162 1.43447685
    1.55840933 -1.02448046 1.66791677 -0.262666285 0.359479666
    -0.552155018 1.53349113 1.53744769 0.49213028 0.936497509
    -0.424966186 -0.150186718 1.92957211 -0.11535877 0.512672722
    0.340854585 1.65898442 1.79383421 1.48617637 1.32158303 -0.150437117
    -0.165918708 1.66217029 0.165829182 1.12096703 0.9817487 0.15715158
    0.832256079 0.380529702 -0.756971717 -0.0202501416 1.32011199
    -0.561335564 1.1585865 0.161069751 0.645067334 1.49328709
    -1.00502813 0.595443606 1.70301175 0.96893239 1.04144418 1.57615387
    -0.692953706 -0.853803873 0.862518847 0.104330361 0.357722044
    0.739902496 -0.0537745357 -0.677717268 -0.636760592 0.872861862
    1.28032744 -0.611514628 0.584122539 -0.0435391068 1.27375078
    0.530391455 1.14819407 0.355335414 -0.38403064 0.822061598
    -0.181685984 0.249191761 1.11334133 1.49651623 0.887607098
    0.494309366 0.440957665 -0.707272768 0.250174522 0.542690098
    0.69125998 -0.740391374 1.017156 0.474297643 1.71080172 -0.316155851
    1.80083394 -0.315196931 0.405415237 2.11806226 0.406481445 1.6013763
    1.66193342 -0.0397256613 -0.135381579 1.99139595 0.725556612
    0.115614116 0.548568845 -0.151817322 1.64813447 -0.0383090377
    -0.316818208 -0.0729615092 -0.182554841 1.57616401 1.40333939
    0.102671266 0.376936078 -0.241156816 -0.0641750097 1.69174087
    -0.918468356 0.187379837 0.606191158 -0.715942264 1.37316823
    0.0361801982 -0.304537296 -0.193771422 1.1629262 0.177544892
    0.640837908 0.38719362 1.073488 0.462529421 0.685887218 0.123360813
    1.95691764 -0.520195961 1.36530066 0.30114162 1.24806774 1.23080266
    1.74018288 -0.279268682 1.65341711 1.37204742 0.193171918
    0.699705422 0.0593358874 1.68447649 0.899662733 1.0553534
    -0.293248057 1.88182092 1.6073463 0.0143656731 -0.185122728
    2.02996206 -0.493047029 0.61572659 0.607957542 1.31190753
    -0.275878966 1.63660228 1.68993711 -0.883766592 1.01573062
    -0.822522461 -0.420314908 0.7707358 -0.587524891 1.54109085
    0.524386644 -0.352897346 -0.524701715 -0.578488648 -0.275045514
    1.91383386 0.0121192932 0.868950605 0.475797474 1.81103992
    1.97621965 0.253464818 -0.396091104 1.56470609 -0.782222211
    -0.27263701 1.78620076 -0.270861089 -0.461698532 1.95633781
    -0.238904357 0.756479979 -0.326011717 1.57777095 -1.01558733
    0.688354731 1.46658456 0.830782056 1.61784625 -0.689530551
    0.239604354 0.517509937 -0.631045461 0.319357038 1.09527171
    0.465931654 0.905070901 -0.0718119144 -0.281488597 -0.399585456
    0.243542194 0.533101618 0.224167049 1.37230182 -0.689967752
    -0.0270392895 0.0388637781 1.58887374 0.878842294 0.653249204
    1.71189213 0.824713945 -0.175460935 0.534640431 1.3125627
    -0.25361681 0.32478708 -0.349031329 1.81522107 0.0634155869
    -0.819216192 1.62445867 -0.216549993 -0.367526174 1.46387577
    1.32749391 -0.108897209 0.62874794 1.06812811 0.996897817
    -0.16976124 1.76187682 1.26508486 -0.782859206 -0.133341014
    -0.169406056 0.300190449 1.15376329 -0.743202388 -0.58847785
    -0.485159248 0.0366271734 -0.0764944553 0.845265746 1.1059767
    1.77734447 1.19263339 0.953786373 0.449155092 0.0797102451
    -0.293266892 1.30842805 1.00470126 1.12886572 -0.645006657
    1.13908148 0.687882006 0.163755298 1.57963836 1.19704401 0.416563749
    0.800703287 -0.248936057 0.220695734 1.1970979 1.27872968 1.17263722
    1.00852239 1.34890509 1.79670942 0.103469253 1.19225407 1.79109764
    0.89310962 -0.468715549 0.533499718 -0.398618698 -0.881790161
    1.4694705 1.61817956 0.197364211 1.06007111 0.187170148
    0.00304210186 1.45138061 -0.247721016 -0.342448652 0.043019712
    -0.434883475 0.424746752 0.756766915 -0.727401018 1.17160201
    1.3048954 0.866353154 0.0850834846 1.26099098 1.65674412 1.52222288
    -0.553259969 -0.294051588 0.414306641 1.73240316 0.537369549
    0.350719392 0.660777271 1.61989939 0.996958196 1.37381768
    -0.839044869 0.755059958 0.292008042 1.54924524 1.38615716
    1.59257638 1.54480314 1.10330343 0.464097023 0.483925283
    -0.753838718 1.76998603 1.41417086 -0.0693055987 -0.383424342
    -0.271175981 1.07897305 1.60677314 -0.681022286 -0.777440488
    0.175426543 0.734050155 -0.289716125 0.805609941 1.74860895
    1.45266294 -0.336365879 -0.494869888 0.4385252 1.85131013
    0.401997566 1.10653114 -0.276180625 1.62998605 1.76749051 1.06700683
    -0.00169062614 -0.901691377 -0.507060051 0.0729545355 -0.855835378
    -0.508738875 0.683575809 -0.397987723 -0.729280114 -0.711472452
    1.29908681 0.429430366 -0.058627367 1.88901973 0.794379592
    0.712993622 -0.633186817 0.68969816 0.185421586 0.0775990486
    1.06245208 0.480090618 1.10225976 0.364485145 1.48382783
    -0.462309539 0.670021713 0.555870533 -0.366579205 0.208912373
    0.243386567 -0.495801687 1.86122179 0.611509502 -0.594541907
    0.739628732 0.280671835 0.118638933 1.37301922 0.460247993
    0.0366076827 -0.162062585 1.28275406 0.981834352 0.15128386
    -0.412187248 1.19299531 -0.674596429 0.741516352 0.0172228217
    0.303600192 -0.66725415 1.12406683 -0.147796094 1.69787621
    -0.466377914 0.0430260301 1.74895632 -0.4716115 -0.284060955
    1.26031864 1.17860031 1.24257386 0.917705655 1.74126935 1.10248661
    0.494786143 -0.742921352 1.40127492 1.82749033 0.289644837
    0.842576861 1.52393746 1.08036232 1.00364983 -0.193602011
    -0.571470559 1.19011784 1.17701709 -0.118102908 -0.255142033
    -0.80217135 -0.685767174 -0.136576176 1.79901218 1.88639987
    -0.348103166 1.04113865 -0.187160194 1.9728179 -0.55976963
    0.655602515 -0.706047475 -0.0996046662 0.319413126 0.311984181
    1.61644411 1.01487541 -0.528464913 1.44213748 -0.254635215
    0.479610503 0.478215873 1.14752388 -0.186956286 1.62375617
    0.840948701 -0.139022768 0.428680599 -0.566186309 1.80478108
    -0.710255921 -0.692902923 -0.448179483 1.68095946 0.248589516
    1.24621081 0.247326493 -0.657062411 1.74593866 0.671664596
    -1.02054071 0.208291769 1.78340816 0.659844875 -0.717475355
    -0.422956169 -0.508524776 0.51023829 0.470519364 0.298766613
    -0.298027515 0.586591244 0.355077505 1.27129197 -0.319008291
    1.29367781 -0.218431771 -0.29122144 1.75381422 1.11812353 1.63725901
    -0.0364553332 0.110797644 0.286298513 1.00581694 0.307148635
    0.0198752284 0.48122108 1.22479868 0.711642504 1.09646749 1.08869243
    0.532156229 0.203546882 1.08136368 -0.0989583731 0.30785799
    -0.525678039 1.81977379 1.641711 -0.633749604 0.773342729
    -0.258397877 1.3138237 -0.252376199 0.867205262 -0.484243125
    -0.409801543 -0.15180707 1.23296416 0.656306982 -0.964896441
    1.47363925 1.14647925 0.839855254 0.0673310757 0.175106466
    0.704962134 0.739658833 -0.4173913 0.110619843 -0.805813313
    0.199907064 0.294815183 -0.40723896 1.71890211 0.340854883
    0.107815504 0.59850657 -0.611946046 1.49447203 0.659290075
    -0.362004936 0.597993374 0.950605869 -0.234364808 1.79148304
    1.90890253 0.614142299 0.77597034 1.33161068 -0.799660683
    -1.01493049 1.37453389 0.80591917 -0.270365238 0.670218945
    0.461598516 1.66513968 1.49044681 0.264015913 0.667293966
    0.245265901 0.995915473 0.360835135 1.3154223 -0.479264557
    1.11742353 1.54669881 1.22503853 -0.263938189 0.624239206
    -0.451775372 0.138251305 1.05001879 1.17956293 0.85518384 1.01876211
    1.01687527 -0.753581464 -0.141933322 1.97955656 0.0536652207
    -0.837653339 -0.106564224 0.379405677 1.1452055 0.895612121
    1.86377788 1.40384769 0.0962255001 0.562172055 1.75678015
    -0.857892752 1.17944837 0.690439522 0.000194072723 0.782533646
    1.04737306 0.949276686 -0.564889669 -0.267105877 -0.547846556
    -0.589418411 -0.00116211176 1.01232088 1.04951787 0.0894593596
    1.79686379 0.638105273 -0.807462573 1.67299628 1.62602019
    -0.482760757 2.04712009 0.168365121 0.744268835 -0.336085677
    -0.621399403 1.53910947 -0.238558233 1.85399389 -0.502610147
    -0.731571555 1.81411588 0.98399967 1.94237721 -0.835249782
    0.466814935 0.904193997 1.70291245 -0.137005687 -0.452113628
    -0.00248527527 0.615004838 -0.730987012 -0.413345933 0.951611102
    0.716208458 0.773777306 -0.780550599 0.380050242 0.943177521
    0.185597241 1.58449697 0.681964815 -0.366687477 -0.269738913
    -0.192106009 -0.19084233 1.82890475 -0.42688179 0.591720283
    0.998547435 0.255028248 0.275882125 0.829202175 0.37127322
    -0.597846746 -0.793736279 0.254804075 -0.0161492229 0.735767603
    -0.139646769 1.17184675 -0.616704345 -0.666422188 0.951115966
    1.70415497 1.17859674 0.212398589 -0.596849561 0.412634134
    1.85258389 1.23146617 -1.04335809 0.888947785 1.73630595 1.43539691
    0.964821339 -0.0336048007 0.795415461 0.173610091 0.7673738
    1.47008848 1.65222144 -0.563244224 1.66764927 0.0696353912
    0.657757342 -0.38903892 0.789124131 0.134010553 1.42388177
    1.77135515 -0.394393653 2.0333457 0.841276169 1.16362262 1.81472778
    1.46361053 1.53559327 1.02855444 0.0892671347 0.0219444633
    0.651582241 1.67821634 1.27556634 1.03042352 1.68606317 -0.84862709
    0.5173527 0.298188567 0.798840046 0.617403328 -0.393382221
    -0.364693671 -0.0537308455 0.902452946 0.243822575 1.28230667
    0.428567886 1.49673212 0.648939013 0.235194445 -0.0134301186
    0.908331156 1.13338757 0.569751263 1.30612493 -0.659389257
    1.37479067 0.637591064 0.907277167 -0.538829446 -0.601327658
    0.35545671 0.723753989 0.651834726 0.46537149 0.477826238
    0.264995754 -0.0560068488 -0.886489451 -0.472990513 0.657131791
    0.0505428314 1.62079906 0.115769446 0.51965636 0.499512315
    0.838855267 -0.507944763 0.981392264 0.587735951 -0.00316309929
    0.114244223 1.9521749 0.753024459 1.13411677 1.11952519 1.49224532
    -0.671016455 -0.132531941 0.765601158 1.39290655 1.24084997
    -0.482796937 1.2642312 0.270263314 1.81150675 0.431533039
    -0.183977902 -1.00623858 1.47170305 0.88851583 0.617635489
    1.35076904 0.873634696 0.776436329 -0.869235158 -0.15256381
    -0.31164813 0.51835382 -0.851403356 -0.349797964 0.986990213
    -0.286131501 1.24641871 0.586228311 -0.470290899 1.739223 1.65384698
    0.357712865 -0.347640157 1.06123829 -0.634653866 1.05795979
    0.691789031 1.08161163 0.280163288 1.73283112 -0.0901401043
    0.684105217 -0.201754451 0.105123639 1.30644023 1.36344516
    1.69018853 -0.820284724 1.27939355 1.2512995 -0.17958498 0.641072512
    0.170426369 1.26111114 0.807274699 -0.426087439 0.774962068
    1.2681874 -0.364854693 1.8438704 -0.569679856 0.300134599
    -0.678158879 -0.904125571 1.18762469 1.46430838 1.19376206
    0.0214601755 1.40697742 0.524332285 -1.10646307 1.59283578
    -0.90885967 0.890398741 1.3008697 0.814312756 0.00860309601
    1.8529464 1.19791269 1.49744892 -0.178371012 -0.753579736
    -0.176216304 1.12433839 1.34344804 0.0214414597 0.364257634
    0.64784205 0.513355196 -0.558067799 0.812152147 1.85117114
    0.469219923 0.680292964 0.0119771957 -0.646300793 -0.494871318
    0.417808533 0.766936958 -0.630037963 0.929501891 -0.771316767
    2.04916525 0.673473477 1.62841749 -0.476153165 1.02586055 1.25130367
    0.112552524 1.29341507 0.84493196 0.000449299812 1.33422577
    -0.281378657 0.924087167 -0.454027683 0.478993058 1.97556591
    -0.263763785 0.519725561 0.339799523 -0.737657666 -0.0230589509
    1.30694473 0.283383131 0.502207518 2.0101645 1.46199369 0.554376602
    1.86198854 -0.788009882 0.71961838 2.03792238 -0.349749446
    -0.158829629 -0.224690974 0.306273758 -0.59211278 -0.303102136
    1.25888109 -0.306003451 0.857950807 -0.844580352 1.36397982
    -0.653731823 -0.460701078 -0.846133828 0.768394768 -0.0713374615
    0.0592238903 1.53121305 0.880146146 0.327609599 1.57518101
    2.00491524 0.764386773 0.403768301 -0.721356869 0.701955616
    -0.527624369 -0.749825835 1.3003732 1.39118409 -0.108498812
    -0.126856089 -0.915474832 -0.603706956 1.29411936 1.60121918
    -0.572003186 0.98583746 -0.126098514 -0.86972034 -0.587702215
    1.52716851 1.55010986 0.399998605 0.572703362 0.693426669 1.53088236
    1.9472605 -0.219782293 -0.00215363503 -0.314612687 1.48891878
    1.2683953 0.629728675 -0.241782963 0.799802899 -0.0726979375
    -0.553912759 -0.919751823 0.840358257 -0.734901428 -0.810452819
    -0.938663185 -0.768547535 0.74017483 0.46650219 -0.937562525
    0.381678343 1.13860631 1.26137984 0.076100111 0.67333293
    -0.185843229 0.128652334 1.03834367 1.49682808 0.732034743
    0.332658648 1.22019362 -0.315635383 1.47859263 0.892324328
    -0.764186084 -0.458181977 0.76235795 1.77537847 -0.522558391
    1.26072383 1.65336764 1.55123472 -0.328492999 0.00414556265
    1.72569132 0.40342176 -0.651896715 1.06140971 1.33075345 0.72859633
    1.54765987 1.68203962 1.4123807 1.76608992 0.719839156 0.771849334
    1.2032752 0.805143178 1.74013197 -0.430930793 0.0028899312
    0.176829159 -0.0169487596 1.5985744 0.774968863 1.27328408
    0.568433881 0.0163011551 0.318060994 0.0504876375 -0.687539816
    0.872255325 -0.300338387 1.38926649 -0.444334567 1.14345574
    0.643856049 1.69958603 -0.381088853 -0.845010996 0.192158639
    0.907382727 -0.38377279 -0.591853499 1.25177157 1.58226478
    1.54058743 -0.960001886 1.8164643 0.23991102 0.633085608 0.907953739
    1.51570117 -0.229023695 -0.653040349 1.07179463 1.40996861 1.1110301
    1.64764571 1.83412969 1.7043196 -0.741965294 1.33783865 0.553741872
    -0.765084565 1.67523694 -0.245922506 -0.0718829632 1.6760478
    1.27190137 1.17020547 0.491235971 1.32774484 0.210388184 1.20794725
    0.142462969 0.594374895 -0.448434353 0.334032178 1.43931186
    0.60056746 0.790537 -0.0322332382 0.97010994 1.02686119 0.881587267
    1.76007867 0.105940342 0.0911719799 0.78293246 0.114752114
    -0.169856429 -0.437118292 1.09597278 0.810386956 -0.200156391
    1.24702525 1.55544806 -0.888539255 1.46072197 0.0183890462
    1.60467815 -0.277303457 0.189073563 -0.813870072 1.14891243
    1.38169694 0.438073158 1.39432001 -0.702377021 -0.782239795
    1.68382931 0.274057508 0.79395026 -0.900737762 -0.653410852
    1.9523921 0.874431193 -0.166847467 0.353262305 1.46601474
    -0.729787946 -0.226022422 -0.14638859 -0.50366199 -0.818643868
    1.10767865 0.128471196 1.5942812 0.761941433 2.05037355 -0.554392517
    1.53994322 0.154471695 -0.462063402 0.571775973 1.35971332
    1.49016392 -0.967323482 -0.135814428 -0.274017751 -0.174156785
    1.28320098 -0.526314676 -0.598801613 0.756949544 0.615503669
    -0.745031357 0.90482223 -0.498024702 -0.716981351 -0.266623259
    1.57659185 1.87094927 1.77091908 -0.0768520832 0.31577599
    0.406739831 -0.332145244 -0.697864532 0.325592875 -0.703425705
    -0.0631616116 0.867059708 1.66401482 -0.812238574 -0.586560309
    0.193052411 -0.502932847 0.0322256684 1.07757545 0.470648408
    -0.0134682059 -0.20997715 0.306774557 1.16832471 1.17490578
    1.17714107 -0.0224863887 1.19396949 0.360343933 -0.883919179
    1.14712524 1.6812793 0.546755195 1.78712273 0.9081496 -0.134777844
    0.0166477561 -0.211172521 0.786722958 0.843983591 0.443468034
    1.92043662 1.73534608 0.512249708 0.859686017 0.548653603
    -0.262516499 0.0685882568 0.367107689 0.458524585 -0.122070551
    0.870263517 1.11419153 0.413510799 0.211607218 -0.780777931
    1.77387524 0.196189582 0.215981901 1.56209016 1.71567285
    -0.122576714 -0.0502489805 -0.365229189 1.61800408 0.258058131
    -0.714877665 0.427837729 0.0983254313 1.04261661 1.47733641
    -0.573411703 0.394578874 0.180616975 1.02576053 -0.0817674398
    1.16708207 0.885573864 1.66656566 -0.946372271 1.86751533
    -0.419474572 0.293550313 -0.860776186 1.03388119 1.81772304
    -0.827841163 0.439983547 0.734903216 0.984848738 1.1882422 1.8240236
    0.297046661 0.11215806 1.0413425 0.169653058 1.3105489 1.33315134
    1.04338527 0.320636272 1.35263193 0.788761854 0.0265945196
    0.613866448 1.02290237 0.97591877 0.605971575 -0.936957896
    -0.88545078 -0.469179571 1.08818865 1.57670677 0.215558529
    -0.20052278 1.11352754 0.110552549 -0.922601998 -0.612445533
    1.37918329 1.58700645 -0.816096723 1.23094511 -0.359065026
    0.301707327 0.592727542 0.534734666 -0.0956804752 -0.853864431
    1.23434579 1.15115404 1.37227094 1.68796122 1.23324978 1.05599284
    0.0368487835 -0.814155459 1.57994378 -0.482632667 0.340615392
    -0.0708283186 1.0186038 0.334823668 0.751753449 0.89789784
    -0.489758015 1.29135263 -0.614198267 -1.08999622 0.884196281
    1.58238411 0.666469693 0.942826986 -0.470867455 0.616419911
    0.749574125 -0.0133222938 1.18099749 2.01928735 1.76204181
    -0.52936554 -0.474630505 -0.16626966 1.11430073 1.80700099
    0.513290405 0.633710384 1.78039849 0.874945343 -0.803340197
    0.483175159 0.688865423 0.0426380634 1.09657311 1.64354658
    0.300868511 0.703128695 0.903923273 0.267583609 0.655624151
    -0.822187066 0.443895221 1.70273662 1.41432214 0.0970734358
    1.03450358 0.169898033 0.448092937 0.717287302 0.453812838
    -0.0180389881 0.586744428 -0.694687486 0.909730315 1.36949587
    0.779842913 -0.449191958 0.0155044198 1.16714191 -0.642287195
    1.66554236 -0.0303396583 1.48014808 -0.034071207 0.307646334
    -0.384551764 0.418536723 0.483395934 1.47379017 1.19407797
    0.90867275 -0.603467882 1.89805937 -0.115599155 0.328073084
    1.86418414 -0.397128999 1.80245364 1.3711344 1.25381184 0.402321458
    -0.460852116 -0.132281303 1.15392983 0.867680848 -0.247078955
    -0.230116487 1.04686141 1.26630044 1.73372483 0.0735102296
    -0.20998925 -0.538713813 0.41356039 1.27887893 0.843082964
    0.501412749 -0.249367476 0.22287935 0.470841408 0.114380419
    0.208127499 0.4570086 0.799136102 0.553722382 1.18590593
    0.0960234404 0.872582257 1.81924903 0.321996391 -0.506760955
    0.515064061 1.39978111 -0.0203552842 -0.628576517 1.50534534
    0.419801235 -0.698589563 0.209540129 -0.00355756283 -0.615054607
    -0.714539766 -0.318235517 1.11740816 -0.559650302 0.982262969
    0.572190046 1.5640285 0.870697975 1.4541297 1.33580494 0.808611751
    1.37400913 0.175849676 -0.14271152 0.357855082 1.39637399
    0.937242568 1.39352822 0.0426335335 -0.664347887 -0.775186896
    1.54167557 1.54688227 0.852315068 1.51777244 1.37685752 1.66798544
    1.51007438 -0.822512329 -0.157729447 -0.817079723 -0.478025675
    -0.269277155 -0.745307565 -0.257724881 1.27359152 0.881800413
    0.642896473 1.67377591 -0.0888168812 1.39309251 1.16810775
    0.613648176 1.51541018 1.21914232 0.555977583 1.75322986 1.08009386
    -0.37070632 -0.722005486 1.99453568 0.254878879 1.30482554
    0.226450533 1.35817075 -0.616659641 1.73671329 0.766252875
    -0.916185856 -0.482898086 -0.770692587 -0.0310952067 0.926651895
    1.26957679 0.27178669 0.655068874 1.80542016 0.608058453 1.62386489
    1.26213574 -0.14455992 1.62306774 1.79075789 1.23627508 0.714233398
    0.349286318 0.45841974 0.0979171991 1.00089169 1.77884376
    0.986144483 -0.588244796 -0.381479263 1.90478599 1.05774832
    0.0102808475 -0.653668046 0.951199114 0.584747314 1.55581486
    0.307539582 1.64789557 1.56303334 -0.242716491 -0.362086296
    -0.00624650717 1.40029383 -0.0948861837 0.606159329 -0.549359739
    1.65883493 1.42232871 0.279240489 1.8873626 0.166089058 0.495621085
    1.64100516 1.94381547 -0.0551910996 0.263450027 -0.292529821
    -0.687078953 0.79989922 0.0476570725 1.95829952 0.414144993
    1.21186757 0.369821429 0.0585656166 1.93817091 0.0978604555
    1.27821124 0.861433625 0.795715213 0.795936108 -0.757387221
    1.14622843 1.0163759 1.10152555 1.36333442 -0.263247967 0.518676817
    -0.438301742 1.70296025 -0.694884837 0.261254787 -0.328940928
    1.64992559 1.81272507 -0.78472662 0.529957831 1.13865447 0.512153625
    1.67439389 0.83100915 0.562920094 0.690929055 1.12559521 1.07182837
    -0.536876738 -0.699672639 -0.711213827 -0.253114402 -0.354062378
    1.37804246 -0.903639495 1.38999295 0.356960297 -1.01259065
    0.520407319 -0.239277601 0.102590442 0.223410249 -0.687556922
    -0.498756468 0.965517402 0.133693457 1.61073184 1.40518594
    -0.60104233 -0.0767818689 0.620293617 -0.259782434 0.734275758
    1.25774717 0.234718084 0.0183176994 1.78169858 0.99240911
    -0.522340417 -0.391553164 1.55310261 0.611860514 1.58428752
    -0.887286127 0.145078957 1.46325564 1.72419977 0.43311286
    0.618366539 -0.883220315 -0.706060529 1.57302547 1.72466886
    -0.264441252 0.354490042 -0.767190099 1.42613828 0.293302 1.05086362
    -0.701761842 0.0674023628 1.48998582 0.00980830193 -0.263147533
    -0.614970267 -0.0468101501 1.03360081 1.09584618 -0.125143886
    -0.573967874 -0.295136571 0.0506874323 1.44395757 1.4461695
    0.198286355 -0.504012585 1.92092443 -0.822781801 1.48068869
    0.615771174 1.73803496 1.10198188 0.973108292 -0.138371468
    -0.0107356906 0.77293992 0.862345517 -0.290549099 -0.850744009
    0.827271998 -0.560527503 0.711729884 0.373723567 0.468202233
    -0.672704279 -0.613808036 1.49829984 0.0725503564 1.46176469
    1.99471164 0.15426451 -0.425335318 -0.0700330138 1.4652741
    0.95794189 1.28271544 0.523794115 -0.174129605 0.0988802314
    0.714760363 -0.0468460321 1.73040915 -0.0786595941 -0.752063394
    1.74025381 0.210414588 1.19995403 1.28601933 1.68179607 1.14087701
    0.777789593 1.19180429 0.050006032 1.21504498 -0.404402316
    -0.512590945 1.10302043 0.778242826 1.58623493 0.221997023
    0.36439234 -0.092948854 0.391446829 0.361772895 0.35613656
    1.45983231 0.883131623 -0.872850895 -0.0365637541 0.782296062
    1.64245069 0.0201854706 -0.778226614 1.60654294 1.76384699
    0.986648023 -0.59852767 2.14285254 -0.218134344 1.03661919
    0.261665404 -0.872643709 -0.678000331 0.146042705 0.179659009
    1.6698333 0.565745831 -0.951275766 0.493303657 0.556131721
    0.537657499 0.609665513 0.069360435 0.205981493 0.756344736
    0.909177423 1.39663732 -0.598514199 -0.109812111 -0.0790029764
    0.11778456 1.7591784 -0.786224306 1.58926296 1.25822556 0.639037073
    1.08384776 -0.219579756 0.966008604 0.0884312391 0.00111758709
    -0.777615428 -0.0408192873 0.92989862 1.85981727 -0.893443227
    1.57734025 0.238566518 0.57213974 1.34697318 0.275151491
    -0.323183596 1.77739155 -0.274942219 -0.248978257 -0.143290997
    -0.649855912 1.852808 0.561774135 1.10926092 -0.216508985
    0.289836168 -0.252627492 -0.313458562 -0.25246954 0.509798169
    1.26997876 0.358571768 1.24767089 1.21622038 -0.489992142 1.41593313
    1.06526661 -0.236967802 1.47590673 -0.326471865 0.131055593
    1.63622391 0.84832412 0.566776991 -0.216332912 1.12222099
    0.373697519 -0.297154725 -0.639664888 1.50119257 1.93883395
    -0.636100292 -0.398748159 -0.303024709 1.04686415 -0.16974467
    -0.707567453 -0.33898738 -0.756724417 0.312032461 0.976426423
    -0.637140632 -0.112698138 1.34918475 -0.0387800336 0.222762465
    -0.16707927 0.189544678 1.69001436 0.988278985 0.957428813
    0.522443414 1.37985635 -0.769457161 0.642980337 1.13230443
    -0.852181971 0.108977854 -0.737263143 0.581811309 1.10023272
    1.42346311 1.62116408 1.11525047 1.63671017 1.47249901 1.28613448
    0.984998167 0.288888156 -0.016626358 1.35137558 -0.702157497
    1.27210951 -0.0126348138 0.440361083 1.56774855 -0.631591439
    1.22691143 0.671498179 1.440189 0.162774324 -0.00826346874
    -0.530003309 1.3909657 1.36935902 1.53471351 0.363883138 1.39301491
    1.38549542 -0.35787046 0.0651836395 1.0268476 1.18205523 1.15330291
    -0.783083677 1.31801152 1.55630374 0.0234004259 1.66961527
    -0.561153233 0.616245747 0.262380838 1.53867555 -0.138001382
    0.147532701 -0.60712707 0.267148256 1.37617111 1.86635494
    0.962978065 -0.923158646 1.90777099 -0.108586669 0.352503061
    -0.433537424 1.03286934 0.611880183 1.51176119 -0.706329465
    0.645830333 0.986028135 1.37516081 -0.327214748 1.06375349
    0.161791861 1.30200911 1.97492146 0.387506366 0.352955341
    -0.0298539996 -0.87904644 -0.253898382 1.71344924 -0.20205766
    0.400026858 0.5227198 -0.704619586 -0.708420157 1.28072011 1.0207684
    1.14658189 -1.00136745 0.37256515 1.34627473 1.59043229 0.502049685
    1.65107834 0.268604755 0.017917037 1.84330225 0.110799551
    0.906339884 0.718608022 1.65417123 0.474408984 -0.306814671
    0.604163229 -0.653761983 -0.156506777 -0.176713824 -0.724692702
    -0.436515987 0.031234026 -0.75771451 0.722764611 -0.371650338
    0.639766872 -0.0106179714 1.3873564 -0.511981905 1.76165617
    1.19243193 0.593566358 -0.154801667 0.237098098 0.998039782
    1.00762868 -0.628765464 0.489916086 0.548373342 1.00823534
    -0.823345661 0.400972366 0.931103945 0.844483256 1.23761082
    1.69395661 1.09499085 1.55469477 1.64069355 0.00488078594
    -0.26524508 0.902960181 1.18406999 1.92546606 1.75874162
    -0.860942125 -0.613393068 -0.442118585 1.5751965 0.0326906443
    -0.752737761 1.33402443 -0.967321277 1.99512112 1.05668771
    -0.620911598 0.259537041 1.55155015 1.07075024 0.565660238
    1.05269718 -0.181326449 -0.529945016 1.90256083 0.811530173
    -0.545282245 0.359461665 0.178377986 0.981136203 1.28936529
    -0.0543550253 -0.849114478 1.38562799 -0.242129028 -0.181081891
    1.78970742 0.958040714 0.0769226551 -0.231154561 0.363762736
    1.74061453 0.497310221 0.802486837 -0.732277036 1.30613279
    1.55335569 -0.00781685114 0.986026347 -0.424893439 1.86764431
    -0.685608983 -0.655416131 0.505185664 -0.240939319 -0.0627496243
    1.57974005 0.101218998 1.66366875 -0.718845606 0.825064063
    -0.0719116926 1.01370645 0.521614432 0.188236475 0.576310754
    1.31010401 1.53622389 0.5266366 -0.656293035 1.34336782 -0.407044291
    -0.0892867446 -0.318631947 1.20430028 1.10220885 -0.539471626
    -0.662158966 -0.527270198 0.407762766 0.649592519 -0.393775344
    -0.622868478 1.04257226 0.830586433 0.166669488 1.30486608
    -0.682943046 0.491934657 1.20416713 0.674656034 0.433413923
    0.836339355 0.0360392332 0.147529304 1.55385482 1.35252869
    -0.30168575 0.347572923 -0.591511488 1.39030457 -0.695334494
    0.987922847 0.450326681 1.57246494 0.293353975 2.04400492
    -0.282320201 -0.588011444 -0.136630476 0.937558174 -0.657809973
    0.4034639 -0.659923434 -0.33362025 -0.153453588 -0.963229895
    -0.215976655 1.67582226 1.05326474 -0.284869969 1.29128134
    1.24204743 0.736386955 0.883175254 1.76755834 -1.03299737
    -0.0729376078 -0.84850359 0.623800874 1.09402001 0.754925728
    -0.76478076 0.310390115 -0.656062663 0.917102754 -0.331689268
    0.220099211 0.921688676 1.57639956 1.11573577 1.04663205 0.615043879
    0.749490261 0.335063815 0.976447701 0.242091894 -0.589158177
    2.05880284 -0.701925457 -0.250194788 -0.290523827 -0.918261707
    1.40824521 0.0027705431 -0.791455686 1.02442527 -0.317332089
    -0.611219108 1.13889563 0.800340652 -0.676144719 1.17986536
    1.55184329 0.747497678 -1.13086355 1.78575301 1.23531842 -1.01357794
    0.64708364 -0.938277721 0.345868886 -0.773434222 1.39084423
    -0.779648662 1.13972867 -0.0194016695 0.112626076 0.55217576
    0.628604233 0.313530385 1.86479902 -0.0658699274 1.857723 0.79664886
    0.350567043 0.207390606 1.57164359 -0.361913532 0.17321223
    0.190841198 1.71735513 1.72748864 -0.6926651 -0.717690885
    0.947151363 1.18925381 0.993129492 -0.467533737 -0.838913262
    -0.766115844 1.1437242 1.27953374 -0.258843362 0.439288378
    1.08118176 0.656439662 1.24941778 0.941103697 1.58903849 0.48752594
    0.47596401 0.616360962 -0.821007848 0.0903967619 0.134073555
    1.28195083 1.48951483 0.138583899 1.4715513 1.1044637 1.87575245
    -0.807174087 1.33082891 1.86334956 1.447191 1.14076149 0.764433026
    -0.538353324 1.31563091 0.952523708 -0.863095522 1.13981092
    -0.139172673 1.30554771 0.176580787 0.515983105 1.51738846
    -0.00109630823 1.42395854 1.5480845 0.509512186 -0.637665451
    1.73174894 0.544258952 0.660736442 1.84440053 -0.236631453
    0.0762791634 0.898957253 0.513620615 0.338607192 -0.514764309
    1.51851821 0.07385993 1.46614683 -0.468710124 0.693650246
    -0.238284707 0.124319077 -0.302475214 1.82356179 -0.614070475
    0.825678706 1.20614696 0.661339521 0.0550503731 1.77712369
    1.06421971 -0.954267621 0.905218303 1.66856861 -0.536623955
    1.15284824 -0.123348653 -0.658580303 2.00598359 0.117585003
    1.68766856 0.830243945 1.34308434 0.323348522 -0.280090213
    0.486666441 1.40148091 1.74488127 -0.840800166 0.26967454
    0.661422729 -0.29949832 0.900462151 1.25221574 -0.170942545
    0.412481487 1.01493311 0.155614972 1.60625339 -0.509018362
    0.886191845 -0.635628462 1.08907485 1.81840146 0.537120819
    -0.494965851 -0.65761441 0.597768009 0.684053957 1.28929949
    0.203297794 1.08885264 -0.394928098 -0.254441381 1.71289825
    -0.26614058 -0.131939709 1.33254337 1.4437151 0.227756858 1.22128391
    -0.106581271 1.35987949 0.523792505 -0.311807871 0.0713260174
    -0.557567894 1.41786039 -0.348045737 0.267059922 1.01786184
    0.462337852 1.97535229 1.17159724 -0.733355165 0.194188833
    1.35451698 1.48129892 0.793170691 0.468996465 0.143078148
    0.127021968 1.70239758 1.27687287 0.0751729012 -0.573916793
    -0.0233820677 0.295637488 1.77666903 1.68506408 1.06058192
    -0.601128101 1.08994341 1.00900841 -0.40195328 1.73443437
    0.0101952553 0.192731857 1.4095304 0.685448349 -0.458423197
    2.0149343 -0.650073647 0.587087929 0.456509233 -0.803183675
    1.32158673 1.39390755 1.81448579 0.438419819 0.76172328 0.503000736
    0.605256081 1.54229236 1.45444679 0.310901165 1.66355276 0.77253437
    -0.226124048 0.704150677 0.224595249 0.0557639599 -0.460957468
    0.0592080355 1.70687473 1.77973819 1.23589742 -0.113674164
    -0.476707041 -0.64529109 1.96026134 -0.591368318 1.88557577
    1.76213789 0.248245299 0.617527366 -0.534186542 0.228660822
    -0.070489645 0.0655722618 1.10265696 0.284783721 1.54837501
    1.81893814 1.36803937 0.290861011 0.67353785 0.287123501
    -0.756617248 -0.910130084 0.345781565 1.46599174 -0.762885928
    1.76017582 0.366124094 -0.506684422 -0.141526699 0.280936003
    0.89702189 -1.02067161 -0.692167282 1.08499801 0.135026217
    -0.0742857456 1.304052 1.75817299 -0.464839458 0.885359824
    1.48376322 1.6789186 1.14017665 -0.823550165 -0.451220572 1.04788947
    1.23872173 1.1728791 0.374354005 -0.00183665752 -0.399105608
    0.746206582 1.93385625 0.884349346 -0.553077996 0.224093676
    -0.595615268 1.33080888 -0.139557004 -0.83847928 -0.537394404
    -0.199905396 0.10096699 -0.797315478 0.590389431 0.740241349
    1.4572463 1.70638096 0.0181937218 0.639864624 0.194041848 1.41209054
    0.626907945 1.2299664 1.79511964 -0.447681785 0.91606617 1.36548185
    -0.641751051 -0.152913094 0.354474187 0.253358603 1.89838409
    1.81123173 0.668869853 1.15143228 -0.00273275375 0.288233995
    0.0968602896 1.27766836 1.06473112 -0.707293391 -0.247849226
    -0.424136043 1.42690206 1.92469954 1.3064971 1.16938198 0.950677276
    1.87093604 1.43505836 0.946079135 0.521392584 0.253369451 1.82184446
    1.28950703 0.696982145 -0.864613056 0.207524836 0.194069028
    0.121079087 -0.687043667 0.430933595 -0.377161801 -0.303740382
    -0.230228841 0.576889217 0.821724832 0.616017401 1.83261776
    -0.544092119 1.34313953 0.090328455 -0.694182038 -0.601030707
    0.0715352297 0.966333747 0.667400837 0.720269322 -0.666098833
    0.771514893 -0.490217865 -0.226765394 1.71256328 0.371723771
    -0.758814812 0.0903297067 0.834326625 -0.331757188 -0.00401508808
    0.426469803 1.37726414 -0.332181215 -0.456429958 0.493446171
    0.705208421 1.06514859 0.961530745 -0.822204113 -0.0438952446
    -0.1808846 0.331775367 1.28083038 -0.310366273 0.622842669
    -0.908719063 1.68780589 1.20680344 1.77779162 1.36810958 1.70480371
    0.389779687 0.589228749 0.21833986 2.05481291 2.01783037 1.15984845
    1.29390693 0.112701893 0.561130643 -0.588027835 -0.10581696
    0.052989006 0.338766336 0.00385320187 0.720123351 0.5090518
    1.03346837 -0.715706944 -0.561550617 0.522526979 0.362535536
    -0.0538182259 -0.609209538 0.189458311 0.289768279 -0.32192874
    0.777679861 0.965341985 0.817520738 1.25381339 0.983014345
    -0.84860152 -0.553868055 1.53530169 -0.647660017 -0.442752898
    0.798901618 -0.720410764 0.9165079 -0.644463778 0.641705394
    -0.818767726 1.61407995 0.238597631 -0.590552568 1.55163622
    0.949479997 -0.644851923 1.77177143 0.423510909 -0.747401118
    1.48016012 0.752669573 0.846596301 -0.778730929 0.0508471131
    0.379496872 -0.0579117537 -0.551129341 0.113998294 1.51020908
    0.28281647 1.67028141 1.27385283 1.06486917 -0.128635705 0.242674828
    1.27045608 1.44669843 -0.425869644 -0.159213543 0.380636632
    -0.660170019 0.283675075 1.32198489 1.34720111 1.09288466
    0.891455412 -0.0744944215 0.0263169408 1.1782918 0.924827635
    -0.893453002 1.50563347 1.47656059 0.0278708935 1.35390198
    1.41435146 -1.02661932 0.42107439 0.102533817 1.53415978
    -0.202873528 1.72133708 0.439593375 -0.511871934 0.223289251
    0.170551538 0.874156177 0.069042623 1.61978841 -0.526361883
    0.709610879 1.06872654 0.0704962015 -0.786621988 1.77082539
    -0.214387178 -0.543003023 1.33260334 0.675083041 -0.991174102
    1.63462067 -0.0820351243 0.593981981 1.03484702 0.991926968
    1.05634379 0.88547045 0.0482647419 1.66600776 1.20866406
    -0.262371659 0.323720574 1.81142282 0.298346758 1.21303225
    1.35294199 0.829494894 1.62342572 0.973735094 1.48269486
    -0.808579743 1.13734555 0.687847614 1.37200928 1.16477418
    -0.17071861 -0.00281351805 0.690739572 0.661625087 1.47218359
    0.82689631 1.87475085 -0.774441242 -0.594997585 1.73248303
    0.134390712 -0.0592847466 -0.707343221 -0.561102629 -0.485814601
    0.371226788 -0.217514992 0.545302868 1.13535964 -0.521811843
    0.328425169 1.35451341 0.231489301 1.17533588 -0.039000988
    -0.554546297 1.09332335 2.02213335 0.407852888 -0.3843624 1.64418101
    -1.00066912 -0.210812807 0.838345289 1.66518867 0.132915497
    -0.563067019 0.172906041 -0.847057819 0.858845115 0.513776839
    -0.885758758 -0.357163131 0.417258441 1.15826094 0.635528684
    -1.0599786 1.50151336 0.0556456447 1.53907013 0.314712107
    0.379308283 1.00873172 0.180406988 -0.140085161 -0.717012584
    0.831664085 -0.923788309 -0.516711533 1.83881223 1.41568744
    -0.225584388 -0.0631395578 1.84249473 -0.393040299 0.995331287
    -0.701700985 1.64937854 0.271032751 1.3723439 0.479017854 1.7777859
    1.38299429 1.61537075 0.606740713 -0.017968595 -0.078579247
    1.10183334 1.19519651 -0.490684032 1.41300893 -0.542003751
    1.37221169 1.6968801 -0.329807937 0.40554285 1.92872095 1.18762386
    1.5287199 0.962175965 -0.829020083 0.363556862 1.90591311
    -0.869918048 -0.988707304 0.477653921 0.805062652 1.14619875
    1.0994544 -0.531069338 0.299695909 0.204126 1.81339931 0.258474171
    -0.768761039 1.14477038 -0.398153126 0.547260106 -0.176953435
    0.956075668 1.22397709 1.69188869 0.22116971 0.494184017
    -0.237929881 1.14319611 -0.943410397 1.06038201 0.390362024
    0.860056996 -0.583396077 1.22480905 -0.471066773 1.00145984
    -0.0902498364 0.999848962 -0.190333843 -0.174443007 0.737530708
    0.99145633 1.62035835 0.240335584 0.500102878 1.79515839 1.80171871
    0.897161603 -0.765348256 -0.81841737 1.99152207 0.252145469
    0.567570388 -0.489182234 0.957506716 0.728736699 -0.821958184
    -0.80531764 -0.299218595 -0.117395222 0.19190371 -0.755839288
    0.780342937 -0.60435313 0.935033143 1.1652422 0.970580995
    -0.230981708 0.0221220851 -0.429413348 1.47159648 0.440835476
    0.791965485 0.872325897 0.955391169 -0.461691022 0.850627542
    -0.330073655 -0.5173738 -0.430324495 1.32915568 -0.266852498
    1.35661364 -0.293343544 1.95377731 -0.742442966 0.199524283
    1.11513329 -0.277868867 1.46887004 -0.0963924527 0.645351708
    0.706933856 -0.828165472 0.120522976 -0.487348735 0.48713851
    -0.109799922 1.57160115 1.23250604 -0.665985584 1.18942475 1.3617034
    -0.624824405 0.532961369 1.42213273 -0.977443337 0.366271675
    0.324426174 0.497815728 -0.600123644 -0.472463936 -0.188580573
    0.0209885836 -0.504292011 1.18561721 0.789030433 0.830510914
    1.42960215 1.90282226 0.814376712 -0.391921878 1.78388345
    0.348497152 -0.718032718 0.617668271 0.420511425 2.04784131
    1.17642152 -0.294911265 -0.411043763 0.0553849339 0.684628129
    1.38618445 1.5613724 1.66898251 0.100177526 0.899197578 0.364072323
    0.329129934 -0.56418097 0.915998578 1.40803397 -1.00634158
    1.22331905 -0.121174991 1.65965879 1.44400334 0.0479602218
    0.496930957 1.54264915 0.485296845 -0.692155838 1.48591995
    0.356434941 1.24779487 1.03159916 -0.458857238 1.29948854
    0.744539261 -0.823173821 1.82674372 0.338731408 0.583742142
    -0.352667868 0.203256845 1.61788285 -0.300046086 1.45243216
    0.350498736 1.01135099 1.7941041 -0.779345751 0.260789394 1.90449262
    1.59667659 -0.620651245 -0.0557360649 0.255250454 0.636983514
    0.894856215 -0.0483797193 1.59603858 0.588974178 1.95101082
    1.65997028 0.811872959 0.344021201 1.57077622 0.875540853
    0.167139828 1.00517261 1.42660761 0.183099508 -0.373955131
    0.24362886 0.271595538 1.67022204 1.721717 0.208551705 0.977813601
    -0.583157301 1.19275844 0.356506705 1.38232684 -0.818739533
    0.585759819 0.168424129 1.03453398 1.66400683 -0.979893029
    0.0246372223 0.96291852 -0.965092957 0.672473431 -0.637219667
    1.43773293 0.550569057 -0.341974765 0.439535677 -0.572058737
    -0.167019486 -0.374067664 0.461655378 0.15160954 -0.795465529
    0.360220194 -0.36872983 0.502368093 -0.463752508 -0.668915153
    1.40158045 0.803335667 -0.249444723 0.715354502 1.48611236
    -0.0899897814 0.769178867 -0.309809357 0.290499985 -0.206955791
    -0.0424275994 -0.462827981 1.51427722 -0.786240458 -0.936827779
    1.13869798 0.68568182 0.579692006 0.160835266 0.581811845 1.56103134
    -1.00614667 1.3892616 -0.953246057 1.69725668 -0.516158581
    1.31998968 1.29290736 1.41293359 0.0531646013 1.35093784 1.66465473
    0.836159348 1.68112218 0.699718297 0.0791910291 -0.168805957
    0.509515524 1.94757104 0.0331838727 0.670107305 0.578671694
    1.87733233 -0.338268012 1.19118941 0.622242332 -0.794971704
    0.0772702694 1.80394506 0.917699695 0.484233439 -0.961806834
    -0.0751155615 0.535403013 1.64002442 1.83387327 -0.464165449
    0.663207293 1.85084605 2.09212208 -0.328829229 0.0468155146
    -0.192815185 0.693489254 -0.372628003 0.983384967 -0.232875407
    1.56114483 0.281051517 0.913930535 0.3354491 -0.922093511 1.46720588
    -0.035345912 1.17977571 0.277876914 -0.0424951911 0.0193567872
    1.39863896 1.94164252 1.63907874 -0.228007138 -0.170130432
    0.406157613 1.90686047 1.03850698 1.90135002 1.8316071 0.191466451
    -0.513036788 -0.803252935 0.665207624 1.91499197 -0.621493697
    1.63763678 1.65310144 -0.847702503 1.1808821 1.14147305 -0.295338631
    0.980025053 0.377084255 1.18481326 1.63757741 0.370887339
    -0.611683071 -0.905735791 0.310096204 1.23406792 -0.279273689
    1.18902349 -0.560874224 0.678991735 -0.455415905 -0.28633368
    -0.229264677 -0.870512366 -0.329296112 1.20311856 -0.930780411
    1.87955511 1.68934786 0.360431194 1.38104749 1.17894673 0.182499051
    1.86647034 1.04831338 -0.0662566423 0.643317938 1.96226716
    -0.262318909 0.499690115 0.0620718002 1.63925719 -0.560874104
    0.692826629 0.606658518 1.81429076 1.2971859 -0.425054729 1.38677645
    -0.813470304 0.971580625 -0.362783432 1.08857417 -0.0294687152
    1.24626219 -0.792293906 0.199737787 1.92748451 -0.793657064
    -0.807223201 -0.639063418 0.268622518 1.46571124 1.04366446
    1.23367226 -0.411825299 -0.417240024 -0.976579726 1.26536703
    1.74749637 1.5585357 1.66715324 1.22867107 -0.109752655 0.446009278
    1.68003786 1.3475225 0.922853589 -0.386543274 0.56432116 1.69310904
    -0.346079171 -0.674007952 -0.644920528 0.097135365 0.569831669
    1.0845871 0.246368468 0.974876285 -0.195676982 0.414041996
    -0.286931992 -0.263270974 -0.709773183 0.423610866 1.03390181
    0.34190774 -0.547162414 -0.378069758 0.308625638 -0.6900419
    1.18892956 0.115714669 0.508951664 -0.8198843 -0.52089113 1.5518446
    0.94339025 1.30541623 -0.417264283 0.531305134 1.79237425 1.36735487
    1.84680212 1.00245535 -0.861903131 0.455599904 -0.791809857
    -0.250680327 -0.803613484 0.764234841 0.00920033455 0.299108863
    -0.444930971 1.23061705 -0.00200599432 -0.445299923 0.680641115
    -0.289613426 0.365036011 1.14483476 -0.875052333 0.281856477
    1.01041603 -0.66976136 0.721874535 1.85033619 1.95459998 1.44592762
    -0.488370538 2.03983879 1.70855904 0.126855195 1.05074048
    0.442823648 0.696394205 1.87757897 0.929610848 0.842131436
    0.678547442 -0.671244264 -0.549180627 -0.664884508 0.350031316
    1.94715405 0.544252396 -0.0825151801 1.09748733 1.59607196
    1.43981004 0.0832059383 -0.405209064 0.420894504 1.53138006
    1.74542534 -0.385962784 0.0369365215 1.45099592 -0.359900892
    0.280000329 0.0548586249 -0.179702878 1.056247 -0.0412156582
    1.33129394 0.434485435 -0.0935532451 0.81083262 0.730518222
    0.908265114 -0.238517225 1.09512889 0.870933652 0.880194187
    1.45760584 0.505220294 0.349322557 0.5498209 -0.706927538 1.80910242
    0.804230809 -1.0444963 0.492329836 1.27871108 0.0602039099
    0.20539999 1.49741483 -0.739363074 1.58442974 -0.579579949
    -0.154574454 -0.450465858 0.71245265 -0.421356916 -0.231904685
    0.351470709 0.101368666 0.605344176 0.0842835903 0.372103572
    0.750731349 -0.0668588877 1.44209659 1.43994761 1.51047802
    -0.83519423 1.08109641 -0.298359454 1.51395333 0.0502554178
    1.0848304 1.74555373 -0.366539896 0.606051385 1.08600283 0.276510835
    1.85762274 1.39413416 0.47644496 -0.573028326 -0.988497257
    0.296397686 1.44471979 -0.589308321 1.51744354 0.767040491
    1.32674158 0.408979177 1.55987525 1.15980172 0.0362337828
    -0.38783586 1.13750458 0.0958412886 -0.587343454 -0.154961228
    1.40972614 1.05134189 1.35249531 0.8494488 1.5247519 1.54570532
    0.26887393 1.0702033 0.301965594 0.235843956 0.134970069 1.32190549
    -0.00286614895 0.300717592 0.865185261 -1.13340092 1.63472867
    1.26602268 -0.851095617 1.07210815 0.68354094 0.837699652 1.58192217
    -0.653911173 -0.259089589 1.9255507 0.627103925 -0.906791508
    -0.240301192 0.210547388 -0.758070707 1.47410107 0.949804783
    0.561138391 1.81360149 1.16931951 0.394115925 1.17596257
    -0.535431802 0.0397522449 -0.870938122 0.837655365 -0.0955623388
    0.365597188 0.870138824 -0.280198097 -0.0729150772 0.774296165
    -0.436202943 0.149158597 0.509575844 0.649323583 -0.403755128
    0.822687745 -0.308641195 0.990509748 0.918670714 0.255911171
    -0.700329661 0.144811392 -0.0123518109 0.832563579 1.58263147
    0.744482279 -0.845925093 1.71927691 0.648006618 1.20516062
    0.0378482342 -0.150410056 0.520495713 0.371386766 -0.491823077
    1.06794524 -0.164869428 0.596031725 0.875070155 0.53491044
    0.54423964 1.34768796 0.888798535 1.35338509 0.120826364 1.37153637
    -0.00872337818 0.557513475 0.460724831 -0.371486902 -0.091037631
    -0.375421524 1.37789047 1.25088501 0.37654078 1.32333422
    0.0533562899 0.952883244 0.271057189 0.832568288 -0.486160189
    -0.551638842 1.55792296 1.58222604 0.66601032 1.03730881
    -0.750243068 1.35817337 -0.230920851 0.705366552 1.60153615
    0.73136586 1.81373692 0.567931712 -0.216896594 -0.041210711
    -0.362584531 0.615279675 -0.791726291 1.7959199 0.333785415
    0.0572420359 0.00388842821 -0.835425019 -0.227552772 0.331770897
    -1.06719875 1.13514781 1.01721418 1.767645 -0.67759645 1.22645938
    1.08014154 0.205420971 0.169840574 1.84518552 0.273075342
    -0.518267035 -0.257480919 -0.292304844 -0.421834767 1.07020164
    0.153363168 -0.181626201 -0.495073199 0.448047578 0.583596468
    -0.0445029736 1.70180392 -0.834997654 1.41442454 -0.238191426
    -0.356692255 -0.471397221 -0.651736379 1.87667871 1.0529176
    -0.88784188 1.66248679 0.731256545 -0.652776361 0.422906518
    -0.254978418 0.550342321 0.1317451 0.885237575 1.19491458
    0.270010948 -0.738214016 0.717275381 0.653155744 1.73503125
    0.574730039 0.170115113 1.38926995 1.23255527 1.36709285 1.2395438
    0.775851727 0.43479532 0.301983893 0.506989658 -0.031968832
    0.142770469 -0.632590652 1.3393513 0.352352977 -0.722201288
    0.253053427 1.1332612 0.397347093 1.50054717 0.027086854
    -0.963514328 -0.901965022 1.34152472 0.763754129 0.938273191
    -0.319610596 1.68604958 -0.698348761 -0.877114773 1.66044772
    1.04981971 1.4519881 0.781297147 0.247039795 1.6175642 0.674710631
    0.241313875 -0.37434715 0.642604172 0.842987895 -0.702033579
    -0.717492104 1.8307606 1.36608541 0.646492362 -0.379257262
    0.338451028 0.12287426 1.10926127 0.646567822 -0.93158114 0.3051579
    0.798918486 -0.503222108 1.1985445 -0.0585534573 -0.718822658
    -0.884968817 -0.642553449 0.370040715 -0.0819929838 0.821175158
    0.865153432 1.50250983 1.81809974 -0.756754518 0.793139696
    0.707067311 0.467738569 0.899391234 0.960826576 1.53153634
    1.05262744 1.64272988 1.45347464 1.38139594 0.589471459 1.61652803
    0.693188071 -0.0326519608 0.412555337 0.395780087 1.72827244
    1.12190151 0.0844374895 -0.918058515 -0.489732742 -0.740308404
    -0.304697752 0.280048728 -0.0537745357 -0.611144185 0.110857487
    1.70356083 1.49508667 -1.03624141 0.552515507 1.39266467 1.4734236
    0.0440934896 1.653813 1.59625268 0.899012089 1.40862823 1.77247643
    1.02140653 -0.19515866 0.333711505 2.05154419 -0.341808915
    1.83103037 -0.438326061 0.0274296999 1.37326396 1.81318903
    -0.793339968 1.22776031 1.31855416 1.62154269 1.14251566
    -0.367387593 1.6227175 -0.513082623 1.73103952 -0.32698518
    1.22288108 -0.884907722 0.967601895 1.37943876 0.893559813
    0.140918553 1.3143357 0.425674677 -0.250828862 -0.523397803
    -0.481322825 1.43025291 0.0852199793 -0.350776613 1.27939391
    -0.844154239 -0.653208971 1.26264751 0.695441782 0.0466939211
    0.43108964 0.025731504 0.958460867 0.955018163 -0.917755246
    -0.156650841 1.79831231 1.68391204 -0.832867086 1.16889286
    0.485301375 1.80930495 -0.0216990113 -0.856025994 1.74533892
    -0.531378746 -0.245894611 -0.0178537369 -0.326245785 0.754326522
    -0.93764931 -0.706341147 -0.17887038 0.457028985 -0.367333412
    0.388239741 1.20180392 0.672743797 0.198992968 0.901752114
    -0.376106679 1.51089013 -0.858031213 0.633339286 1.83069742
    -0.234766841 -0.806052685 -0.705055714 1.8712914 1.51086926
    1.00823104 0.389770746 -0.946151137 1.59923649 1.33555603
    0.283178329 1.8603363 1.7600404 -0.177926958 0.277015269
    -0.674423099 0.710689962 0.593759716 0.245019555 1.50139189
    1.64187574 -0.516786933 1.68104398 0.582313061 1.69603777
    -0.425590158 1.83798277 -0.397777617 1.07537162 0.932224989
    1.21721768 1.32340384 0.664963007 0.964438379 1.67765176 0.392464519
    0.59094888 -0.00475668907 2.03817487 0.750669301 -0.614441872
    -0.710656404 1.20795536 0.84487325 0.0949758291 1.31600881
    0.122912645 -0.0135992765 0.879906714 1.23207259 -0.0474917889
    -0.405486166 -0.444689572 0.576162457 1.029706 0.428803265
    0.0200196505 1.12386608 0.904278636 1.47687852 1.65808845
    -0.473170519 -0.671786189 1.58801079 0.591773033 1.58500957
    0.603915036 0.277417064 1.20673716 -0.137151778 1.59513032
    1.44606626 -0.863156378 1.6495266 0.560255647 -0.709265172
    0.26967907 0.371117711 1.20521569 -0.705910444 1.43771136
    0.446193814 -0.39600715 -0.772920609 0.763641775 0.826938212
    0.560377896 -0.268873751 1.11645818 1.05086982 0.432372689 1.1865871
    1.13093817 1.15083146 1.33777571 -0.705163479 -0.542284667
    -0.802518666 1.39934134 0.70889771 1.2689302 0.450088501
    -0.433348715 0.0659835935 1.99621773 1.82667494 -0.047570169
    -0.572529435 1.63058901 0.0661219954 -0.646526337 1.36148751
    -0.148360014 0.979935467 0.686429858 1.17035365 -0.0465078354
    1.89929426 0.383239031 1.85506058 1.39978743 0.0941454172 1.22266674
    0.362528563 0.352323532 1.81181335 -0.93285495 1.61814678
    0.589073062 0.532646179 0.404752433 0.535652816 0.563142896
    0.574843824 0.797951519 1.49516535 1.12098551 1.74276245 0.433711708
    1.79471159 -0.760171533 0.385618687 1.64450884 -0.607362628
    0.0367268324 1.19383621 1.69728613 -0.830185056 0.263538241
    1.32581449 1.62890708 -0.485529125 0.856565475 -0.105075836
    1.0436722 1.0185864 0.00710529089 -0.666758358 0.966470063
    1.06354284 1.31590378 1.63109159 -0.405314386 0.869203269
    0.741084576 1.22947574 -0.416421741 0.221984863 0.582713008
    -0.52583456 1.32329726 0.498824954 1.51603985 0.923651874
    0.0632213354 1.0643667 -0.0191596746 0.679750681 1.34445536
    1.29563737 -0.94377929 0.333288133 0.458348155 1.02565765 0.82831341
    -0.654915392 1.22089851 1.57852244 1.90573454 -0.619100928
    0.652347267 0.907921135 1.84366488 -0.616418958 1.46398187 1.1463933
    -0.167530596 -0.272495627 1.69628716 1.42661977 0.39851141
    0.364719093 -0.0805228949 0.682124555 -0.397869289 0.0352671742
    -0.0412124395 0.851138651 -0.71371901 0.248105586 1.52791429
    -0.301110566 0.786319077 1.42087471 1.90263355 1.83484042
    -0.646622479 0.59734875 0.0890343189 0.345496416 -0.118451118
    0.0195055008 0.949643552 1.49889684 -0.133765578 1.24329829
    0.39021939 0.756079972 -0.597775638 1.63379884 -0.0151921511
    1.24083436 0.219014823 1.00549626 0.888763905 0.775903285
    0.994689345 1.41972303 0.519554973 0.863988698 -0.467890054
    1.07059026 0.326144338 -0.781493366 1.46261168 1.39188433 1.45653987
    1.34139657 -0.0353315473 1.59986341 -0.365002811 0.853294492
    1.62636912 1.24070215 1.14928198 1.5300293 1.75390291 -0.518731296
    -0.357994944 0.667075753 1.18841505 1.5464431 0.0562952757
    0.290164948 -0.527206838 0.859066665 0.583174169 0.068148613
    -0.23185575 -0.159441471 1.09097767 0.778377593 0.756818712
    0.468651056 0.112112164 1.04948759 1.68952525 -0.467612386
    1.35739684 -0.76459682 0.417190552 1.39700365 0.329238713 1.97177148
    1.05335188 -0.554212093 -0.00995540619 1.02543509 1.00306356
    0.317368507 0.394176364 -0.57073611 -0.190617383 -0.616853058
    1.76155448 -0.204540014 -0.421611071 0.846848369 -0.445893824
    0.472186208 0.682941794 0.182879806 1.69157624 0.829028368
    1.47736132 0.838343382 0.356332302 0.692168117 1.40822089
    -0.225105882 -0.634377658 -0.351935685 0.403568447 -0.772668898
    1.32914519 1.53452337 -0.457702875 0.253791392 -0.500354409
    1.0584712 0.737179577 0.037547946 -0.239676178 0.957322121
    1.31039798 1.02868724 -0.315099061 0.447002709 1.65348816
    -0.508157969 0.658731759 1.82848668 -0.0387210846 1.50845814
    1.01536691 0.93842864 1.25156224 0.213917732 1.44433308 1.43761265
    0.218383074 1.55008841 -0.86695838 1.84259403 0.624640167 1.63973415
    0.531273365 1.43144989 0.110408306 0.900170565 1.38984597 1.32232308
    1.86412513 1.43992472 1.67971444 0.913223028 1.02818346 1.16677761
    0.636219859 1.61157572 -0.689227521 0.27736342 -0.322056592
    -0.606433272 -0.198412478 0.471228957 0.449902892 -0.579493284
    0.128157675 0.611451685 0.19742614 1.32995367 -0.632630944
    -0.405536771 1.79788983 1.53874195 0.805936813 1.017537 1.80516219
    0.299195886 0.254602134 0.131935358 -0.057849288 1.40472054
    1.45300591 -0.860331833 1.23052549 0.313433468 1.51115131
    0.370428026 -0.355605513 -0.158819497 1.61821139 0.183235168
    1.55872011 -0.342890531 0.0255049467 0.657185733 0.529770315
    -0.00608938932 -0.515731871 -0.654893041 1.60353565 0.773189783
    -1.20575428 0.881645441 0.405765414 -0.803940177 -0.104089618
    -0.629761934 0.494136572 0.92253387 1.44941866 -0.174464762
    1.29695654 1.56494379 -0.0662026405 1.92355394 2.00980091
    0.0689344406 -0.125625074 -0.506778598 0.664889514 1.8021915
    0.129353523 0.958768308 0.854833364 -0.563739896 -0.693545818
    1.06301928 1.12725914 -0.574382842 -0.122216403 0.0621920824
    1.44308066 -1.080405 1.0262903 -0.474956453 -0.17588228 1.49682605
    -0.147863686 -0.606108963 -0.436626017 0.147534847 1.63184536
    -0.60671705 1.60435939 1.46955848 -0.885488808 -0.315333784
    -0.669429779 1.2929306 0.370410919 1.05901992 0.391432464
    0.887447834 1.82966483 -0.805924892 1.45712972 0.806542039
    0.998014033 -0.603290677 0.415003657 1.91801739 0.236162603
    -0.672212839 1.23790526 0.581179857 -0.00751918554 1.45569968
    0.384641886 1.01201785 0.34722954 1.98997688 -0.324144632
    0.879021704 1.35238111 1.49273753 0.915192962 -0.175457299
    -0.481052756 0.261906505 -0.231171727 1.31148529 -0.621968985
    1.62755406 0.172163427 -0.464426339 -0.633979321 1.74575424
    -0.154417217 1.78903389 0.219237268 0.369402945 0.582826436
    0.856572986 1.70147347 0.4858284 -0.750252843 1.20291841 0.659202456
    -0.888792574 0.278180599 -0.157922983 0.0245507956 1.25516605
    1.54681015 -0.808604121 1.13040471 -0.228160501 1.01226401
    0.643948674 1.32367349 1.46515751 -0.808893859 -0.1371786
    0.213143587 0.537356019 1.52800179 -0.0193014741 1.08591282
    -0.15254271 0.971345365 -0.408568799 -0.560739696 1.49800944
    0.338132799 1.21446812 -0.334521592 1.60300946 0.712257028
    0.446878076 0.37426883 -0.533050299 0.962921143 1.22021699
    -1.05440342 1.38622665 -0.45752573 1.72888136 -0.455343843
    -0.496203482 1.46089149 0.789390802 1.3656069 -0.613609672
    0.130450726 -0.0297535658 -0.198099613 1.42635274 -0.566568553
    0.939546525 0.778720617 1.47878432 1.07344508 1.45599127 0.424233675
    -0.821042597 1.46638846 1.10863137 -0.212049723 0.662235498
    0.556481481 1.65968013 1.29403257 -0.4452402 0.683513224
    -0.480821222 1.28725958 -0.305727959 0.275950074 0.05689466
    1.58264422 0.992545545 -0.820984721 0.162511587 1.4857446
    -0.719699025 0.00857365131 0.328203797 1.60693049 0.498959541
    1.34529436 -0.445396543 0.273949504 0.266724944 0.672322273
    0.185028076 -0.0847632885 0.198585093 -0.657049417 0.100091577
    -0.585486829 1.91690385 -0.734664917 -0.491344154 0.545351088
    1.8207047 0.337817132 0.41259408 -0.367778182 0.0539535284
    0.145114899 -0.315225244 1.19285297 1.69200671 1.34932327 1.30780435
    0.227967858 0.599897385 -0.955322981 0.304962993 0.37889713
    1.54417253 -0.808923364 0.0996263623 -0.314645112 -0.00544661283
    0.262262523 -0.469033957 -0.474324763 0.733027697 1.71682894
    0.442051291 -0.384347051 -0.390172243 2.03506851 0.153339326
    -0.368205547 -0.981902719 0.202591777 -0.420032561 -0.8711254
    1.03356433 -0.763425469 1.63750732 0.663195848 1.79846478 1.30067301
    1.18414485 1.3359493 -0.906062424 0.404086769 0.855865359
    0.312078238 1.00636518 1.07295036 -0.654549778 -0.683473766
    2.00456929 1.74687314 0.195190251 -0.693632543 -0.0677142739
    0.818208456 0.885427773 -0.458013177 1.3074621 1.16348135
    0.837320566 1.2314918 1.03753519 0.652010918 0.475621819 0.982104123
    1.97992158 0.0237674713 -0.413857877 1.74240983 0.223694205
    -0.402480781 -0.843636513 1.54045725 -0.459630609 0.0944109559
    0.00822925568 1.36797929 1.2119348 0.527760684 -0.856586099
    0.571062088 0.526852906 0.606530786 -0.820776343 0.675115824
    1.87831116 0.720386505 -0.72104454 0.628282964 0.00439679623
    1.83546281 1.01830089 1.83586264 -0.133121133 0.286465168
    -0.785105169 -0.285320252 1.38299584 1.13688588 -0.864674449
    0.401258588 0.716700912 -0.867397428 0.211789012 -0.375453651
    0.683437705 -0.25070715 1.6020844 -0.632889748 -0.450850368
    -0.0154524446 -0.108972251 0.143061757 1.48396778 0.159687757
    1.55673218 0.0311747789 1.46420026 1.18775201 -0.167717099
    1.50416434 0.195581555 1.75516677 0.230168104 0.187785447 1.15133429
    -0.613254309 -0.526948929 -0.332807362 0.154894173 1.04980123
    0.203615487 0.170651615 0.495616615 1.04291904 -0.36445576
    0.043946445 -0.0878124237 -0.127631128 0.559100032 0.167143226
    0.784126163 -0.749468207 1.4571023 0.684629321 -0.565014124
    -0.0739242435 -0.709626555 1.33584976 1.40702415 0.85710454
    0.0848118663 -0.0270835161 0.464605987 1.83240485 0.574282169
    -0.929219067 1.11162019 1.12603676 0.988827705 0.685727715
    -0.537421227 -0.963897109 1.84642518 0.24722594 0.448400021
    0.198257446 0.536916614 0.733210087 -0.742446423 0.63159126
    -0.551794112 1.25557292 1.40984309 1.40798557 1.7898556 -0.704261363
    0.00421833992 1.75583613 0.513988972 1.63239288 0.180950224
    -0.78782469 -0.423387229 1.18479395 0.190124631 -0.0474086404
    -0.804224491 -0.54394716 1.52056789 0.899101973 1.61669445
    1.54351211 0.669147313 0.626531601 -0.0358041525 -0.137626827
    1.78853559 0.886080742 -0.731262326 1.33757746 -0.546411872
    1.64599025 0.30993408 0.139468551 1.77803648 0.917030156
    -0.691544056 1.75393558 0.809575081 1.61159301 1.77730751 1.05850589
    -0.488096595 1.48387349 0.511625051 0.867079854 1.01791954
    0.198613167 -0.0988898277 1.6991924 1.4606632 1.33932245 0.998464525
    0.695856273 0.143948138 1.14893556 -0.744425118 1.3467586
    -0.145089984 0.329436779 1.43691587 0.516629159 -0.053293705
    -0.229476392 1.06515646 -0.079526782 -0.972351193 0.132821798
    0.694135427 0.111116648 0.7559973 0.947900832 -0.491309255
    1.44533229 0.214365363 0.378934681 0.170201659 -0.722181976
    0.161557198 -0.620181739 -0.777939796 -0.54768765 1.09327281
    0.893806696 0.548233628 -0.0529901981 1.25457215 -0.594512522
    1.05978918 0.364104271 -0.0744278431 -0.24911499 0.90669024
    -0.0921968222 -0.427720785 0.308174253 0.50264132 -0.727939785
    1.1915102 1.01354885 -0.384536684 1.55084121 0.343809307
    -0.255161405 1.66998196 1.81803668 1.75512815 -0.465530038
    1.57059813 -0.267133355 0.175781727 0.169616342 1.2413733
    -0.00321680307 1.64261901 0.819366634 0.0984047651 1.55088139
    1.6587981 -0.431703925 0.196595073 -0.202818036 0.492147923
    -0.0803427696 -0.756841063 0.340424061 0.763262808 1.06967151
    0.685322821 0.421623111 0.400493026 -0.0245357752 1.10090899
    1.3501184 0.294721365 -0.0433001518 1.40047574 1.89938271
    0.512436986 -0.179266155 0.888075471 1.74341869 1.3803314
    0.521391273 -0.508357823 0.647847056 1.69951904 0.902725935
    -0.901708543 0.660732806 0.562878907 -0.908837736 1.59927535
    -0.890865326 1.01497495 -0.709107518 1.24412799 -0.174919426
    -0.330554485 1.21852505 -0.501488984 0.006287992 0.92530483
    1.63977981 0.359997034 0.943111658 0.987203836 1.79400599 1.07300234
    0.238438725 0.860969543 0.0754080415 -0.0561870337 0.117851555
    1.24197125 -0.0883387327 -0.327757061 -0.115893602 1.93824756
    -0.340945065 -0.831582904 1.86396408 1.76502514 -0.684351265
    -0.256197453 1.78012371 0.465705335 -0.53191328 1.38516557
    0.162320375 1.81135285 1.06536698 0.435964465 0.179703951 0.50676614
    0.253880024 0.115579605 1.79461849 0.0540593266 1.64545333
    -0.493808955 -0.0978006721 1.65882814 0.717901349 -0.918631494
    -0.531119347 1.68552816 -0.623981297 0.919342697 0.4511832
    0.803243756 0.185809433 0.43486625 1.12357688 0.339421749
    0.579070568 1.1416986 -0.357468009 0.629758537 0.301274121
    -0.587024689 0.101046622 1.57811368 1.44093943 1.50047517 1.4659915
    1.51705694 0.224573493 0.900235176 1.45457101 -0.569365203
    0.310466409 1.28866446 1.15222955 -0.254186094 -0.653544128
    -0.342576534 -0.281042039 1.30187988 0.575618029 1.75811577
    0.0867238045 1.36051285 1.69619477 0.217430949 -0.539465785 1.775406
    -0.657089949 0.752730787 -0.276523709 -0.650840402 -0.455919296
    1.54933 -0.734324574 0.88085413 0.306689918 1.30867958 0.293364525
    -0.108784676 0.480986714 0.344257355 -0.64105773 -0.874125838
    0.388802052 -0.545746267 -0.0552347898 0.904937983 1.65259063
    -0.753224015 1.07060909 1.86854267 0.132513165 1.10418952
    -0.0884664655 -0.0849856734 -0.880859375 0.421622753 0.868132591
    -0.249899268 -0.0709670186 -0.688711286 -0.70163089 1.30262649
    1.14436293 0.534999907 1.51723838 -0.70653677 1.29289579 1.28213096
    0.352555454 -0.642480135 0.888301373 -0.40053314 0.847049952
    1.05750299 -0.647694647 -1.06333005 -0.0964477658 1.26783264
    0.753025174 1.71242213 1.11278367 -0.793667912 0.175662875
    1.34340513 1.59100866 0.5181849 0.059762001 -0.430182934
    -0.981634319 -1.0037607 1.78247786 -0.392773747 0.891246259
    1.29495919 0.0733906031 0.851450741 1.83105099 0.255794644
    0.960885286 0.654553533 1.79063034 1.16580606 0.913882852
    0.924381614 1.09086335 1.23323464 0.827159584 0.564894319
    -0.470770329 1.77775621 1.5859592 -0.160717487 1.40146315
    -0.305235535 0.429689586 1.8932277 -0.073623836 0.453303874
    0.585154712 0.764795423 0.910744667 1.61663342 1.80915046
    0.592538476 0.395121157 0.913707793 -0.869747996 0.249563932
    1.03841686 0.698898673 1.21148956 1.1688 -0.783044696 -0.685477912
    0.429521739 -0.683360279 1.24941087 0.917629242 1.0152781 0.64044261
    0.675906539 1.31733143 1.20882964 -0.456968933 1.72449327
    -0.476827443 1.66421461 -0.189189434 1.20450246 0.205132902
    0.602908552 1.87520957 0.791440129 1.25425398 1.4987061 0.619836092
    -0.172420144 0.399700046 0.288268268 -0.873038292 1.01336861
    -0.626761258 1.35320783 1.67063081 -0.0248503685 0.177463472
    -0.319461644 0.769384265 -0.0744547248 0.727385581 0.576519668
    1.80868626 1.00989699 -0.151712239 0.326395154 0.742746472
    0.535084605 -0.725345016 1.46985745 -0.532570839 1.09319997
    0.88226378 1.21688604 1.43394756 -0.129389226 1.40511751 0.024564743
    1.13588119 0.0450857878 0.687436819 1.27563977 1.50518489 1.82526612
    -0.734903514 1.40850914 -0.808150709 0.0861160755 -0.641920447
    0.606802106 0.266381681 0.998073876 0.0837958455 0.850564718
    0.421824098 1.49258256 1.04295087 0.467933416 -0.522071183
    -0.7594226 0.493430495 -0.127536118 -0.687173963 0.713440299
    1.97081435 -0.314679801 -0.324418008 1.86296368 -0.32624805
    1.1877203 0.627811432 -0.258103311 1.14069009 1.04384542 0.786240458
    -0.205910563 -0.211768389 1.55303371 0.902264953 -0.196757197
    0.868224025 1.94923568 -0.728659034 -0.22334826 -0.134598374
    0.69439137 -0.26949805 0.686727345 -0.728767931 0.352727354
    1.51339471 1.51470494 -0.530410707 0.502647519 0.708822727
    1.45996976 -0.279614478 -0.223280519 1.57028973 1.20935297
    0.816208422 0.327647984 1.44702435 -0.332867682 -0.729394436
    -0.170507371 0.285087824 0.387846529 -0.362206042 1.18138909
    -1.00906014 0.287191987 1.31991386 0.69976306 -0.143917143
    0.215833366 0.655911565 -0.716330945 -0.776913047 -0.453899026
    0.910293639 0.476593792 0.121323347 0.835344315 0.819202185
    -0.210021019 -0.829446673 -0.225266278 0.42111671 -0.0344708562
    -0.34177345 0.835309684 0.640984595 0.39567852 -0.0332600474
    2.08739495 1.6451683 -0.314177215 0.00713032484 -0.711937129
    0.474241018 1.17868137 1.17495489 1.04252195 0.865706444 -0.3877666
    1.93951416 0.556013703 0.165420711 0.855543673 0.347020507 1.5805943
    0.380339384 1.45497465 -0.0904641747 0.921643913 -0.381099939
    0.625841141 0.426237047 0.0962161422 -0.269368529 -0.115281701
    1.1234107 1.61672366 -0.151830494 -0.75592047 -0.384077013
    1.95081961 1.49470246 1.35698986 1.38514519 0.459500074 0.754772842
    -0.605179191 1.26288962 -0.227740943 0.415590763 -0.182788998
    0.527997255 0.58729738 1.1430819 1.85684991 -0.636666536 1.04774487
    1.35289013 1.23584259 0.843476892 1.07010269 0.0571639538
    -0.799008489 0.546524286 0.635908723 1.55730605 1.03102112
    0.637871146 1.60597777 1.06260085 1.51746058 -0.252045155
    -0.653206468 1.29642797 -0.894869804 -0.583781242 1.56380188
    0.872061849 -0.7268188 0.888783872 1.92981851 0.957368016
    -0.0590680838 1.59816563 1.51897097 -0.808085442 0.767471075
    -0.552339554 -0.91585052 0.556216657 1.82768893 -0.754902422
    1.95470357 1.73481357 0.963819265 -0.741806388 0.935575843
    1.12013316 1.11858487 1.34535372 -0.0752065182 0.394059539
    -0.216552734 -0.489676356 0.0596787333 0.96477288 -0.6464203
    1.42730367 -0.813929319 1.7210753 1.76537037 -0.347302616
    0.804361641 1.1092217 0.0905670524 1.40705037 1.50246716 0.870797217
    1.54455614 0.0195986032 0.936521173 -0.121833146 -0.869725943
    0.379412889 1.15741551 0.404312372 1.14332724 0.506575167
    0.984494388 0.388186991 -0.898149133 -0.878363311 0.553863049
    -0.441584527 1.21529639 1.15572119 0.820721984 1.59629512
    -0.0984607935 0.666441083 0.329660058 0.484311402 0.193603933
    0.508840919 -0.0779297948 1.05675602 -0.916466355 1.34034514
    1.17330575 1.05649304 2.19729853 0.439495206 0.721434355 0.900192082
    -0.215420604 -0.105184674 0.721066713 1.56290746 -0.158759654
    1.55053306 1.82594061 0.237032413 0.115104198 0.385784745
    -0.551648796 0.370853066 1.33695626 0.333549738 0.439287186
    1.65613675 0.562674046 -1.02102911 1.31962585 1.70049918 1.09381711
    -0.312882304 0.475495815 0.925255358 1.68971705 -0.268709242
    -0.499304682 0.973229825 0.242296278 -0.762876511 -0.598207176
    -0.467705429 0.912982345 -0.730068207 -0.373381495 1.69705415
    0.267381132 -0.524900794 0.565556824 1.16558325 -0.221007347
    1.86196566 0.804323912 -0.178740859 -0.72201556 0.641080558
    -0.533117414 1.65083897 -0.161428273 0.500138581 0.906422198
    0.714170575 0.807454348 1.81014478 0.236447453 1.43298244
    -0.205602527 0.553242683 1.10436392 0.628510952 -0.479439735
    1.95127439 0.992188811 -0.572333634 0.143719375 0.942520618
    -0.388266444 1.75985026 1.86123586 1.32156348 -0.723754346
    -0.752854884 1.14059305 -0.542508721 1.41675663 -0.7682091
    -0.522441745 -0.0700367689 1.97227764 -0.0442723036 0.47483021
    1.47163975 -0.289743006 -0.108113527 1.28541839 0.246667504
    1.52122104 1.07802904 0.500084758 -0.114774227 0.623241484
    1.29552364 0.689204037 0.210921645 0.259145141 -0.13847822
    0.162675917 -0.174667239 -0.597426176 1.55043817 0.108663499
    -0.342039227 0.811012387 0.0603794456 1.20788932 0.405956626
    1.84489274 0.729115009 0.889126718 0.0292727947 1.05618596
    0.368478775 1.41090572 1.30929136 0.961072922 1.31176043 0.760126591
    0.692844629 -0.330470383 -1.0825876 0.344777226 0.611232758
    0.0811082125 1.79263079 1.0100739 0.542948186 0.148448944
    0.555697203 0.615311086 -0.79854399 -0.379692316 0.901660085
    0.465324342 0.424222946 1.40013707 -0.519050241 0.605193496
    0.753647685 1.70175445 1.77474141 1.67361009 -0.0797587037
    1.70669985 -0.437942743 -0.476198196 -0.301148117 0.358712733
    -0.673150003 0.993034124 0.864522815 -0.0748727918 -0.547147036
    0.307602644 0.927045584 -0.576569796 1.18650413 0.4092592
    0.655278742 -0.698779166 -0.683432996 -0.0920469761 0.0923194885
    1.14733994 -0.48397848 0.608504236 0.992800593 1.44966304
    -0.632310331 0.266342759 1.60564172 1.05032027 0.844194412
    1.59678411 1.46197748 0.254487872 0.80020082 0.498969018
    -0.506490827 1.18040848 0.732431352 0.88057375 1.53863335
    -0.705131292 0.092723608 0.982880831 -0.559137821 0.703462005
    1.2101599 0.921204209 -0.130472898 0.629955709 0.952736199
    -0.352906466 1.84859431 1.05021596 0.128335774 -0.288605452
    -0.274213433 -0.966905594 0.0728034973 1.03095102 0.748601317
    -0.919618845 -0.196996212 1.4579215 0.511420608 -0.588357627
    0.396756649 0.0951321721 0.123855591 0.928758204 -0.725411892
    0.391554713 0.143917799 0.000312268734 0.98834765 0.874197841
    1.32729495 -0.980235398 -0.315833688 -0.551786602 -0.24550736
    1.54752898 -0.61096704 0.20617342 0.797430277 -0.291076839
    1.21779895 -0.0872752666 -0.219713509 0.455069065 0.298242807
    0.167915821 -0.133173585 1.85618627 1.78615522 0.888508677
    -0.634950042 1.38363743 1.3306787 -0.129432678 0.32565403 0.6420632
    -0.120771408 0.242233515 -0.705193579 1.98502541 1.79785347
    -0.554841876 0.6076262 2.0656569 1.38942432 -0.218034744 0.481380641
    1.15064597 1.10308838 0.620799899 0.132200837 1.05822468 1.38323891
    0.121854305 0.873728156 0.153599143 0.827650547 -0.595266223
    1.36510921 -0.075340271 0.313159525 -0.391619205 -0.718587935
    0.918048084 -0.748911917 1.21357322 -0.451679885 -0.494791746
    0.499132752 1.57250059 1.75574064 0.174966216 -0.160758972
    0.626099825 -0.602924466 0.0556070209 0.522947609 1.17024231
    1.5562284 -0.793791652 -0.242662728 0.364889741 1.50443292
    0.293115973 1.9041301 1.28901827 -0.362459004 0.955288351 1.44512057
    -0.533106685 -0.648659647 1.93932402 -0.794643998 2.0151391
    -0.335556298 1.36010003 1.09109497 0.00272768736 -0.860498846
    1.30394077 0.0269950032 0.47732234 0.165975094 -0.891523957
    1.85567427 0.332130194 -0.667462766 1.93003869 1.86712635
    0.0535410047 -0.554342389 0.406969845 -0.329320014 1.38958883
    1.69973564 0.688214898 -0.252274096 -0.611008167 0.378059804
    -0.27980572 -0.729368269 -0.24732396 -0.58274138 -0.248307228
    0.564129233 0.770591021 0.173332214 0.925258338 0.52286464
    1.57871675 -0.19384861 1.58567357 0.518952966 -0.144037366 1.2338202
    -0.943396091 -0.26754564 0.756994665 0.878353059 -0.0985280871
    0.419290602 1.61772919 0.208976626 1.00726986 1.49626565 1.66056466
    1.59841287 -0.716956019 0.428964734 2.0443182 0.516330004
    0.344556868 -0.109829366 0.842802286 0.909452558 -0.343420148
    0.369454861 1.05617821 -0.634681702 -0.244499862 -0.196654797
    -0.338910878 -0.0581105947 -0.568403363 1.43436694 0.522121072
    1.08399951 1.46038711 1.49607491 1.73008811 -0.707789302
    -0.144162834 0.311993718 1.57033396 -0.874876797 0.157410979
    1.94685984 1.07392097 -0.876821637 1.8546617 0.126061916 0.481762886
    -0.366230667 -0.55916959 0.966644287 0.828310132 1.04647481
    0.977343678 1.66179824 -0.995324254 -0.965891719 -0.34493655
    1.55799067 -0.845597565 -0.408485025 1.31687069 -0.826593101
    0.575365663 0.660915554 0.879176974 -0.363040328 -0.281468034
    -0.670158386 -0.623828053 -0.528324962 0.0838494897 1.42986798
    1.19373894 0.908353806 0.986937881 1.02937269 -0.653562844
    -0.301409483 -0.210885525 0.573920071 -0.14096415 0.349064589
    1.2096622 1.13671327 0.970937848 0.403603315 1.07834828 0.502698898
    0.329773903 1.11923385 0.0909024477 0.669695139 0.440848768
    -0.476975828 0.733974755 -0.332124293 -0.352682054 -0.613835216
    0.164033353 1.82705176 -0.0119748116 0.0516723394 1.81023049
    0.895887852 1.90421772 -0.535126686 -0.781028509 0.626419187
    0.652364135 -0.891368032 0.728574038 -0.213800013 1.09569085
    1.40737247 0.514307261 1.01108718 1.19248199 1.82898712 0.0801028013
    1.25184131 1.31382251 1.90997207 1.34830666 0.756786704 0.0602836013
    0.474333763 1.44128752 0.137137532 1.80594659 0.330997825
    -0.145179749 0.924503684 -0.011839211 -0.618780255 1.89342582
    1.18722844 1.35094237 0.375207782 0.850383997 -0.594436288
    1.21529436 1.27486324 0.918153286 -0.540025592 0.174875617
    0.103833318 1.83594644 0.478053391 -0.0725252032 -0.506892681
    0.0526838303 1.57150364 0.267748594 0.276911974 0.935976863
    1.63820684 -0.572506368 -0.4134444 1.16702724 1.24836993
    -0.189883947 0.227931976 0.114197493 -0.00368154049 0.79563421
    0.847236753 1.53583395 1.48704863 -0.251578867 -0.407808453
    0.197696388 -0.102324247 0.494639397 0.89326632 -0.86848551
    -0.826786995 0.477508307 0.617283344 1.77281141 -0.161872923
    1.06452024 1.62836313 0.446758986 -0.590083718 -0.431622148
    1.02351189 1.27102435 0.98443675 1.60547185 1.29825187 0.724214673
    1.35607719 1.60852742 -0.102985859 1.47214103 0.00221425295
    -0.148361683 -0.0709784627 0.118035972 1.58592367 1.80857921
    0.335138738 0.0213162303 1.06007504 0.67264545 1.4592607 -0.10534966
    0.570742249 0.0898798108 -0.40788275 1.11072421 1.99454236
    1.62363958 -0.76800257 -0.787946582 -0.199377298 -0.184724927
    0.652482867 -0.336228907 0.0204803348 0.369096398 0.244858205
    1.41392696 -0.800752819 0.98299396 0.0751422644 -0.343393922
    1.01584077 -0.286661267 0.957105041 0.959495664 0.194075644
    0.163772345 0.866796732 0.348312795 0.772363067 1.16369331
    0.794928551 -0.552702308 0.812177896 0.18929249 0.944162011
    2.01773119 0.90742451 0.21488446 0.900072217 1.07005143 1.3497659
    1.32862318 -0.960590899 -0.673036933 -0.857275844 -0.179640353
    0.597362339 1.7139914 0.370327353 0.928156614 1.55221808 -0.71204257
    0.0056322217 -0.250854671 0.581429601 0.995199859 0.685425222
    -0.782202244 1.38592494 0.9124614 0.89613682 1.10119295 -0.278458774
    1.19210696 -0.0536818504 -0.517578483 1.59193134 -0.356150627
    1.17055488 1.1119206 0.827571988 0.715520978 0.120502293 1.34176993
    0.148941696 0.599446177 -0.346354544 0.520290852 1.31025302
    0.363247991 0.739734054 0.675470829 0.230900407 1.45691872
    1.68551517 0.326985955 -0.657771945 1.70044637 1.78020084
    -0.609158278 1.22484791 1.86985993 -0.168272495 0.360920489 1.840446
    1.20445514 -0.0535542369 1.64915121 0.828705668 1.44016683
    0.722323179 -0.0999172926 1.73482096 0.00778007507 -0.707328737
    0.857345164 1.12127566 -0.129068315 0.125917137 0.729208708
    0.3968696 1.79113507 0.901707172 0.440587342 1.58400404 -0.52834034
    1.90656662 1.78467727 1.20361161 -0.24301517 0.958433509 1.1296308
    -0.120795786 0.713712215 -0.447490096 0.465165317 1.42008448
    1.66924357 0.281130731 0.342532516 0.00693082809 0.232013285
    -0.277179003 1.59686708 -0.158860564 -0.115622401 0.769682169
    1.78125989 -0.478600383 1.0638839 0.732001424 -0.091630578
    0.324491084 0.635378182 0.651287079 -0.542853713 0.34300977
    1.20170283 0.701610923 -0.209123969 0.722382247 -0.900562346
    -0.440659761 1.36306512 0.612581849 1.07738531 -0.234408438
    1.50795794 0.744692206 1.06277978 1.68040609 0.901129842 0.977175236
    0.434842825 1.01039231 0.588787198 1.29935586 -0.150595784
    -0.827485919 -0.417399228 0.726758659 0.0566602945 1.27379751
    1.29987347 0.333302796 0.428233206 -0.182243228 0.466338396
    0.904531121 1.53665483 0.286965549 1.64723849 -0.358840406
    -0.118042588 -0.358868897 -0.532122314 0.957517147 0.548744678
    1.59516013 1.76563919 0.839289069 0.0142064691 0.628543437
    -0.223999739 -0.309874862 -0.723737955 0.973073244 0.437238812
    -0.243667781 0.774656534 0.203694582 0.313423157 1.30874348
    0.75624156 0.907790422 0.851023972 0.455434084 -0.348411798
    0.490850866 -0.571679831 -0.541875839 1.04409409 1.73156381
    -0.834669113 0.588344157 1.6922946 0.230402172 1.1104449
    -0.794514775 1.77988863 -0.530615091 1.09749746 0.00498056412
    -0.385254622 -0.920328498 -0.228754997 1.55403447 -0.330651045
    1.01014125 0.860338449 0.878382206 0.872286439 0.5560745 0.694405019
    0.388937056 -0.76286912 -0.666642427 0.401388288 1.31325161
    0.411198139 0.520648122 0.466736197 0.962978363 -0.00100046396
    1.76705348 1.62282693 1.46196151 0.554274797 -0.342413723
    -0.693057537 -0.145267665 0.327048659 1.20464361 -0.898098469
    0.675281525 0.98655808 0.707446694 0.0620959401 0.312232554
    -0.749205291 -0.0431001782 0.508379221 0.337401092 0.437265098
    1.45652711 0.965979815 0.380696595 -0.104473293 1.56515217
    0.80582732 -0.468747765 1.78054595 -0.721962273 1.7831924 1.24249101
    -0.611652851 1.51476836 0.146440625 -0.850456715 1.60583556
    1.19617653 -0.250780344 -0.582853198 -0.760066092 0.277421176
    1.01621377 1.49997306 0.289961994 0.182515025 0.671465635
    0.608267784 2.19822693 0.460342109 -0.554149032 0.106685042
    -0.151489258 1.00878453 1.59934628 1.11463702 1.49679005 0.918183446
    0.493237615 0.632516325 0.696448386 -0.150368631 1.6152699
    -0.58134383 1.54464746 0.1613608 0.6421507 0.169982612 0.355764151
    -0.0917498469 0.328412771 0.23946768 -0.795606494 1.53742361
    -0.460896432 1.12072885 -0.474993318 1.21061397 0.137593508
    0.0399585366 -0.717746973 -0.221505582 0.768460631 1.14845645
    0.214466691 1.07116795 -0.246737242 1.0620153 1.47124708
    -0.591221809 -0.197383285 1.40860021 0.435511947 0.652700901
    1.45598233 0.954141378 0.849330783 -0.113348663 -0.828941941
    0.0575553775 2.04311776 0.215825438 -0.531093836 -0.776503325
    1.93338573 -0.303953588 -0.903889298 0.842464566 -0.786141753
    0.702661753 0.575673461 0.438425899 1.23408699 -0.200796008
    0.337010741 0.80930233 1.7185837 1.65499747 1.97475719 -0.720945716
    0.638948679 0.384967029 1.9355638 1.62608624 0.197487473
    -0.404331088 0.340651929 -0.0860752463 0.287639081 -0.0849329233
    0.960442364 -0.333770335 0.307689428 -0.225987196 1.00339997
    1.38204277 0.53651619 0.67442137 1.84701002 0.298436701 0.776399732
    1.96634948 0.424324989 -0.454471052 -0.0946189761 0.0887503028
    -0.778270721 0.859618902 -0.605184317 0.938552976 0.851342916
    0.159165025 0.424146652 1.626441 -0.419420004 0.680707633 1.54354
    0.676875889 0.0695233345 1.96399689 0.759319544 0.629346251
    0.486896217 0.360047877 -0.0298161507 1.51442838 1.85381365
    -0.776396453 0.260730028 0.655889988 -0.122018993 -0.385763943
    0.449071527 1.55796564 0.746728659 0.846909165 1.57478619
    0.478358269 0.583439112 -0.0865672231 2.04403591 0.460190952
    -0.433809817 -0.140734136 -0.505940437 -0.34545821 -0.730641544
    -0.103517771 1.59188831 0.780555606 1.18686438 0.743197739
    0.0256292224 -0.581140757 0.943966031 1.47302985 -0.170074701
    0.953986824 0.514045238 0.381229341 0.55365473 1.25022149
    -0.341056406 -0.901868045 1.06150675 -0.635913074 1.58717334
    -0.431927294 1.83701921 0.413553774 0.678357601 1.70316148
    -0.198190391 0.313160002 0.848805904 0.103734136 0.522957206
    -0.833717704 -0.564722896 1.55697036 0.644045532 -0.708033204
    1.01543868 -0.249665499 1.47676384 1.49106038 1.40330899 1.55544913
    2.15152669 0.437490702 -1.02773821 -0.688557625 1.54305625
    0.801012397 1.68886983 2.0791955 0.388572812 1.15500927 1.7036612
    1.870368 -0.248334885 0.150792003 1.28285861 1.20382857 1.7474196
    0.124060154 0.717177391 1.64194727 -0.517008603 0.491497517
    1.16293597 1.25416732 1.3096875 0.682353258 0.434572577 1.36520743
    -0.905953884 0.253115296 -0.553479671 1.42369545 1.29223943
    1.78110743 0.719135284 -0.871932209 1.85376978 -0.906526327
    1.14042759 1.3814857 0.489189327 0.631228209 1.38483167 0.762528718
    0.617032349 -0.364153087 -0.615602791 0.870041907 -0.00672721863
    -0.346429825 1.66002059 1.71967316 0.0990645885 0.408967197
    -0.0276843309 -0.240535617 0.394993901 0.813611984 1.50855911
    -0.285995305 0.463925719 1.08595872 -0.285834491 1.03361154
    1.56832588 1.01453483 0.782440901 -0.0863637924 0.522883058
    0.573489308 0.734630942 -0.921110153 0.522245646 -0.862293243
    0.613641143 0.54518187 -0.584761143 0.457371891 -0.117273092
    1.27585042 -0.538926184 1.14038324 -0.632552683 1.04184461
    0.474045396 1.15674961 0.189179182 0.849773645 -0.379356742
    -0.382562399 1.19512522 -0.0746587515 1.02427578 -0.452525914
    0.596560359 1.81472683 0.414238989 1.71393907 -0.84218502
    -0.466731548 0.273574948 1.28046072 1.05723631 -0.614314198
    0.435545981 1.68816018 -0.466544211 1.63547063 -1.00083661
    1.50945997 1.52350795 0.354243279 1.3966434 0.442304015 -0.393057644
    0.221224725 1.1856041 1.06014431 1.19190621 0.603271723 -0.569243908
    -0.279091895 0.914165258 0.839883804 -0.127233624 0.810150504
    0.589323878 0.929085732 1.22105432 0.8482337 -0.16847682 0.570156276
    -0.286161065 1.10015535 0.764264345 -0.451293468 1.72241414
    -0.110110581 1.28436291 1.04593384 0.343461275 1.46822596
    -1.03891289 1.07705331 0.405146003 0.561665058 -0.649116337
    0.64234978 -0.0850849152 1.11417651 1.24350369 -0.539725482
    0.228667498 1.47809327 0.71200192 0.972017527 -0.146853089
    -0.413723826 1.75463998 0.290144324 1.11039805 1.12828696
    0.259815574 1.50781143 1.55615997 0.558626771 -0.995243192
    -0.232946932 0.667220473 -0.782681465 -0.39541927 -0.0732758045
    1.36815548 0.304713428 -0.737780154 0.976104915 1.67243314
    0.475703955 1.59291351 -0.688862681 0.83176291 0.098454237
    0.0765863061 0.538674891 1.84012723 1.4645443 0.833032012 1.12661219
    0.0321516395 0.315104425 1.61319852 -0.47090894 0.192120552
    0.672852516 0.579436898 -0.0660609007 -1.05118573 1.97658181
    1.67838144 0.279136896 -0.548788071 0.944896817 1.23511112
    -0.406137526 1.32769799 -0.204155505 -0.719744086 0.554252982
    0.325231552 -0.21034658 1.71894419 -0.417318135 0.912676692
    -0.627797008 1.75488377 -0.64472723 1.12074327 1.02212489
    0.0897411108 1.71044159 -0.0688991547 -0.877593398 1.66066813
    1.55708814 -0.809814394 0.893918037 0.33139652 0.911588132
    -0.198870242 0.895438433 0.749901652 1.03890097 -0.515803158
    0.527036428 -0.755569458 -0.646901965 0.686585963 1.67037868
    0.690486908 0.764244318 0.199635863 -0.945862293 1.66545141
    0.450989842 1.28499663 1.34955275 -0.993588388 1.21369052
    0.596428514 1.67379999 0.299016654 0.277505279 0.576050878
    1.57460785 0.791736841 1.00374603 0.368264914 1.99325788 1.53605044
    0.947572351 1.80450821 0.0434529781 0.445865393 1.95215082
    1.51208901 -0.626201391 0.99670577 0.700461566 -0.636734009
    1.4034822 0.699973106 1.14566386 0.0274187326 -0.85993439 1.53786111
    1.31936967 -0.697355509 -0.18190819 1.14874911 -0.538585424
    -0.47195214 -0.282469988 -0.756395459 0.615347028 1.94424605
    -0.141140282 0.831213713 1.00602329 0.763986111 0.561209261
    0.0280110836 1.82841265 0.355829179 0.630916476 -0.180911064
    -0.140751123 1.38278687 -0.324298918 -0.834058166 0.662261367
    -0.185001314 0.142705023 -0.329676509 0.868620574 1.26809275
    0.641388655 1.4924922 -0.0409075022 1.42671013 1.20407116 1.34234011
    0.0599569678 1.23199415 -0.77817136 1.2533623 0.0211097002
    -0.060315609 0.516614318 -0.433943033 -0.475322187 0.961506844
    -0.313067436 1.53943992 0.782302439 -0.62212646 -0.347672164
    0.881203234 1.50764155 1.16944432 1.02198458 -0.0135530233
    -0.699921668 1.23155701 -0.58592248 -0.373365909 -0.086761713
    -0.547222614 0.832658768 1.43359077 0.663680553 0.0740349293
    -0.660207748 0.505983233 0.973896146 0.196127057 0.260986447
    1.8786099 1.90808105 0.0775897503 1.49933231 -0.722975135
    0.925068676 0.792544484 -0.358316839 1.10214353 -0.309663415
    1.28189349 0.589600563 0.108952522 -0.178387165 1.24097347
    -0.131215453 1.76819682 1.45316947 0.697927833 0.289190233
    -0.601456285 -0.125076115 1.76352262 -0.610300899 -0.128880382
    1.78082943 -0.852319121 1.66003835 0.295533478 0.353037357
    1.19122672 1.63775337 0.446974874 0.22353518 0.739299774
    -0.298795164 0.637179971 -0.650813699 -0.853741765 -0.201692224
    -0.535186946 1.58440161 0.50541842 0.295055985 -0.0810320377
    1.20466733 1.95615506 1.78619707 0.248961926 -0.0869563818
    1.55477405 1.13793826 1.40822458 0.901500463 0.719400644 0.40579623
    0.563203812 0.694133878 1.82547688 -0.139967322 -0.44085151
    -0.29788959 0.906934619 1.40462017 1.17734838 -0.109282374
    -0.947455585 1.88169932 -0.372930348 1.82496679 0.65377146
    0.312417567 0.156330585 -0.627323031 0.638945103 -0.977393508
    1.0367614 0.700827122 -0.127082765 0.740095794 1.71986771
    0.936609268 1.13276863 0.572922528 -0.650401592 -0.73118192
    0.109691083 0.307725728 0.482788801 1.3537457 1.92086983
    -0.544483721 -0.756056368 0.121249259 -0.447548509 1.05404687
    -0.458202541 -0.565286636 1.35504794 -0.948853076 0.357640266
    1.21754551 1.16113424 0.0376976132 1.8768059 -0.413601398 1.7758069
    0.93470639 -0.331080317 0.622866213 0.536984921 1.00844991
    -0.431227148 1.85114789 0.0637122989 0.250366151 -0.197791994
    -0.203769207 -0.637728393 0.300068617 0.689951956 -0.395755678
    1.32202172 1.35866308 0.492708921 -0.341926992 0.884873867
    -0.805897295 0.146231711 -0.303453922 -0.359492123 -0.491402805
    2.05006123 1.72272968 0.78248322 0.974678814 -0.522132099
    0.380263686 0.0123670697 -0.607284129 0.997149825 0.401221216
    1.51440191 1.16850793 0.534680665 0.725433886 0.920649827
    0.532604933 0.430728495 1.96205688 -0.471794665 0.913294971
    0.210072815 -0.982703745 1.76198912 0.983751178 1.37975204
    1.31818426 0.472484112 0.336255789 -0.874869823 0.0660276413
    0.971856117 0.613178372 0.382308602 1.56923842 2.08712482 0.97028482
    0.680044174 1.5839386 0.885525942 0.33389771 -0.88235271
    -0.962272346 -0.0454825759 -0.218968034 -0.189068615 1.11794591
    -0.396875262 1.15890288 0.575247526 -0.838687837 1.55485308
    -0.248171985 0.332109571 0.689812899 1.45405042 0.295383394
    -0.0330229998 -0.0996982455 1.69321442 1.56078625 -0.713360608
    0.39025712 -0.766308188 0.264190793 1.51438785 -0.450186372
    0.683425605 1.11858916 -0.174701095 -0.717523932 1.93646193
    1.00019598 -0.455646336 1.50612438 0.0732427239 -0.303031325
    0.699342072 1.42696631 1.55040693 0.509869039 0.415593565
    -0.182773829 1.58841074 1.12087464 -0.153969467 -0.455668986
    1.42579901 0.546544313 -0.575193465 1.62472463 0.684404969
    1.27302933 1.81322885 -0.151658475 1.32106805 1.53770149 1.85998654
    -0.369378567 0.506413102 -0.954419792 0.82727468 0.709262788
    1.64580512 1.17246938 0.0822941065 1.3744216 0.986303151
    -0.838983417 1.15888882 1.51354504 1.6702323 -0.648478389
    0.444864452 -0.627377033 0.614325285 0.956520498 1.77931798
    1.78981721 1.16254961 1.00930047 -0.165577948 -0.251381755
    -0.722830117 0.524544299 1.5855782 -0.540956438 1.35143721
    1.78686357 1.01930177 0.541295886 0.748524189 0.713793993 1.6889677
    0.788451076 0.682600975 1.73395455 -0.282012701 1.5366106
    -0.361357927 0.532406807 1.67075586 1.15380001 0.0246173143
    0.796948731 0.708561778 1.621382 0.786242723 -0.95710963 1.34134054
    -0.651966572 -0.597352862 -0.141002119 1.65196455 -0.283525646
    -0.485515505 0.656602025 -0.710475922 1.46879148 1.14357805
    1.62724853 1.71578515 1.21096849 0.437537432 0.87427938 -0.240850091
    0.846753061 -0.142775714 0.896038413 -0.213473022 0.637968421
    0.816250086 -0.782544971 -0.298544765 -0.880308568 -0.918499589
    1.5123992 -0.0245962143 0.606628299 -0.141818643 -0.156329811
    -0.340637386 0.845943928 -0.782719731 -0.430208445 0.921250105
    0.963825405 0.439897537 0.0965034962 1.30461442 0.198897362
    1.34535897 1.4034375 1.32005501 0.295799613 1.76787782 -0.621410906
    0.486405194 -0.211393237 1.69719815 1.75626945 1.6352669 1.19534564
    0.0542903543 -0.672225296 0.353018284 2.03347278 -0.024944365
    -0.178929448 -0.546828568 2.07712936 1.63732588 1.78504932
    -0.574746966 -0.332843006 0.698129058 1.02225542 -0.798175275
    0.0431368947 1.90162086 0.666772306 -0.417799324 0.559494853
    1.45713186 -0.855163932 1.09670866 0.410692692 1.42716134 1.24463105
    0.633616567 0.349114656 0.79559195 1.87350631 -0.555353761
    -0.830364883 0.822540581 -0.573850632 0.276437819 1.01137495
    1.01340127 -0.196507812 0.133942485 0.85675478 -0.175968528
    0.315621197 1.3198247 1.09664738 0.719353557 -0.752614796 1.21669507
    0.339703262 -0.706579626 1.05011547 -0.634014666 0.448330045
    0.0501866341 -0.850612462 0.779882014 0.680481553 -0.0168811083
    0.311932504 1.01073503 -0.304909825 1.59816575 1.74304104
    0.0868974924 0.487096071 0.219794333 1.42092383 0.936073244
    0.0440250039 -0.702901185 0.387543261 1.34749198 -0.250824273
    0.170984387 0.643151224 1.45678282 1.7306242 0.362517595 1.01326632
    1.28801405 0.911090255 1.25177884 0.561543345 1.13567138 0.397271872
    -0.292889535 0.913253427 1.7931416 0.810485363 0.127571642
    1.74567401 -0.695378006 0.541200399 -0.232538223 -0.257717192
    1.40900552 0.0299742222 0.170338869 -0.0411803126 -0.243235767
    0.54641223 0.311750889 0.1515944 0.0333234072 1.0384599 0.598707497
    1.15579975 -0.561080396 -0.792359173 1.59493637 0.094003737
    0.776711404 1.99190986 1.07617879 1.29457903 1.47233009 0.0114542842
    0.0773721337 -0.350392282 1.89278102 -0.783202231 -0.209399939
    2.03354859 -0.350637853 1.42218399 1.62294376 0.288750648 1.78058207
    1.41296673 -0.346400619 1.45393312 0.921950579 1.51240003
    -0.537786603 0.555700123 0.806209922 0.907191634 1.23871076
    -0.790520489 1.54103971 1.73521924 -0.224429846 0.609711885
    0.252590299 -0.114015996 -0.270869493 1.00504816 0.875378668
    -0.862526059 0.404000044 0.223237932 1.36489427 1.56083608
    0.202707112 1.40362704 0.499686062 0.188509345 1.3958118
    -0.233007133 -0.698252797 0.475257158 1.21228075 1.45201588
    -0.793410003 0.122258365 0.122414827 1.51878619 0.760152638
    0.655246437 -0.873152733 1.92312717 -0.216829419 -0.689529061
    1.52253592 -0.658627212 -0.0309529305 0.305609226 -0.532896578
    -0.700626671 0.314318061 -0.183639288 -0.412881851 0.66401732
    -0.441617906 0.108583093 -0.0312772989 -0.474749714 1.42165971
    -0.588754654 0.302423477 1.34239209 0.698239565 1.58369029
    -0.293446064 -0.297706008 1.64896023 0.859580636 -0.897391021
    -0.262155354 1.43114734 0.105897546 0.678716958 1.17163837
    1.08184099 0.767945468 1.22074461 0.231063604 -0.32018429
    0.758834898 0.927190602 0.183080792 -0.00143408775 1.41700041
    -0.350963593 1.00223947 1.26433575 0.816935301 1.42706192 0.67581296
    -0.266564369 1.14525342 0.299884975 0.0189951658 0.0377488136
    1.18016887 1.44330418 -0.643140316 -0.749245167 1.57266974
    1.55795383 -0.555225492 1.62159276 -0.18959564 0.116636097
    -0.589977443 1.24922895 1.94499755 0.770747364 1.34127879
    0.0280176997 0.00770264864 0.0941631794 1.7587961 0.675576925
    -0.0928987265 -0.0638176203 0.917642474 1.07850266 -0.31857264
    -0.918470025 0.681540787 0.318628728 -0.224532306 0.285812318
    1.60832 0.541637123 0.369844675 -0.717760205 1.16948986 0.147722721
    0.181819916 -0.471662164 0.330520451 0.443750501 1.34089971
    0.41973871 0.41752255 -0.431919336 -0.609809816 0.541245341
    1.1326431 0.332204223 0.675506353 -0.0129445195 -0.58650434
    0.0578700304 0.977493346 1.05485034 -0.335937977 1.2765795
    -0.504468203 1.18300176 0.0399107933 0.427917123 -1.11441886
    -1.11862206 1.71647489 0.465514839 0.592055798 0.766072929
    -0.0467252731 -0.835071921 0.575314522 2.07400799 0.924520671
    0.976842523 -0.638077021 1.75880039 1.09836006 1.51335359
    0.876299858 1.45149302 0.696275592 -0.561493754 1.78494883
    -0.806031942 1.40284991 1.35710144 -0.283750117 0.135401189
    0.9573645 1.67822051 -0.892091155 -0.851197481 -0.287253022
    1.94084585 -0.214892924 1.4433521 -0.721968353 0.800633848
    -0.254220009 -0.417858183 0.127302587 1.51240897 -0.1286394
    -0.331509292 1.14344215 -0.603096545 -0.316084683 0.50416559
    -0.0792558789 0.293042898 -0.928719759 0.0606445074 1.39532065
    1.37032533 1.38537467 -0.514920473 0.877860069 -0.000942707062
    0.152930081 0.157422066 1.61459374 -0.612733185 2.06563854
    -0.361471742 1.58996129 0.748101354 -0.797803283 -0.104315341
    1.5893445 0.670320988 0.402016163 1.72167277 1.61339939 0.590149701
    -0.0943875313 -0.716346979 1.98914444 -0.101169705 -0.0752096772
    1.59010422 1.16957569 -0.7756567 0.7479707 1.97563744 1.24331427
    0.144747913 -0.320203722 -0.544812799 -0.79352802 0.264146745
    -0.250829101 1.70669651 1.95251179 -0.169636965 0.459099233
    0.701383352 -0.453732997 -0.099874258 -0.980663598 1.13370025
    -0.206641912 -0.0472168922 0.137493253 -0.50616163 -0.861906409
    0.628284454 -0.388748825 1.22470665 1.16342306 -0.56892246
    -0.0553093553 0.752239466 -0.946600974 1.16375279 0.313926578
    -0.291592956 -0.665813148 1.91008306 0.73676306 -0.487787217
    -0.358249485 1.73939955 -0.757350802 1.52318478 -0.217469156
    0.277778864 0.509567022 -0.166826725 1.52211154 0.800937355
    -0.278998196 0.323929846 1.11530781 0.199493945 0.324539065
    1.19857001 1.19619036 0.966132879 -0.913092673 1.18229127 1.79049551
    0.0377575159 0.950063944 0.897417009 -0.171709597 0.750109434
    -0.116766274 0.878310502 0.84554249 0.705841184 1.8856765
    0.713592589 1.51964605 -0.428988039 2.02834439 0.0394097567
    -0.0399814248 1.56120431 0.749998629 1.78706825 0.167076528
    1.53981066 0.481782496 0.671092629 1.08152473 -0.365337253
    1.68350244 1.44065702 -0.743779123 1.53386414 0.977788925
    0.510978341 -0.0198236704 -0.0596458316 -0.588543057 0.479529619
    1.27205622 1.40018225 0.41717279 0.160836935 0.925593376 1.4257741
    -0.684324861 1.1696918 -0.811186552 -0.138927221 1.71809244
    -0.895042539 -0.857329607 1.78030431 -0.662056267 1.59536743
    1.48485088 -0.718607187 1.87002063 1.63329589 1.11838126 1.43552673
    -0.136575162 1.00559759 0.994974971 -0.619367838 1.53546858
    0.867078662 1.4734515 -0.218582392 0.404053867 0.584569752
    1.72677791 -0.339728951 1.46341956 -0.597450852 0.093274951
    1.90022016 -0.74703002 -0.789144516 -0.0945792198 -0.535823822
    1.17434466 0.956008315 0.155761302 0.75091809 -0.424924791
    -0.80785358 0.341476977 1.52775192 -0.368037343 0.76225543
    1.20120287 -0.801476717 -0.738990664 1.12491941 0.89788413
    1.43530405 -0.112658381 -0.738892078 -0.79986918 1.33059597
    -0.140032172 -0.515776575 -0.370840758 -0.473258853 -0.38187924
    1.45069015 1.90653658 0.381353796 -0.0268194079 1.04860806
    -0.236257762 0.47747016 0.120122135 0.71115911 0.274555027
    1.85253692 -0.543756783 1.60801291 0.540840507 -0.823784173
    1.26300251 1.21378505 1.39795768 0.0906510353 0.303861856
    0.403420866 1.69005322 1.06737256 0.907779753 -0.0320435166
    -0.80407238 -0.47357288 -0.527685463 1.12247777 -0.0950600505
    -0.238743544 0.0384147167 -0.324694276 1.30036008 1.18138874
    0.403912783 0.6863029 0.660820723 0.86704886 1.08128619 -0.443258971
    2.00436926 0.261195004 1.79766417 0.0396570563 -0.049236238
    1.2046653 -0.763544798 1.63554883 0.913108826 0.818022251 1.18420362
    0.398199022 -0.562856436 2.10416245 -0.801391363 0.514550745
    1.95198047 0.0540917516 0.939172864 -0.587564707 0.0123428106
    1.87135267 1.04090631 1.35702908 -0.640019178 -0.377586246
    -0.788111627 0.287709594 1.23772621 0.837403357 0.707698822
    1.12897539 -0.497502387 1.4680953 0.627580523 1.76690936 1.29018772
    1.86177337 0.194297135 1.5942173 0.212910116 -0.370693207
    -0.108047068 1.86410666 -0.629315197 -0.648448825 0.905332863
    1.47462964 1.1257472 0.68348217 0.0194388032 -0.0710793734
    -0.617678881 0.915594041 -0.24053669 -0.511100352 -0.390319824
    -0.304063499 0.505626559 -0.708807468 0.462044001 1.43880367
    0.909115911 0.530980289 1.39385533 -0.356466591 0.341322243
    -0.0663882494 -0.566861808 1.8877151 1.19271493 -0.502149582
    0.366048217 1.45267963 0.755272269 1.85891342 0.388847113
    0.076279223 0.66335535 -0.567772388 0.743424654 1.63833594
    1.00533772 1.61827493 -0.0582715273 -0.323105872 -0.786189556
    0.457232714 0.757941186 1.26493526 1.02617645 -0.726992071
    1.93749714 -0.712260842 1.11808193 1.79360056 1.49944901 0.451999724
    0.00820910931 0.516765475 0.048340261 0.387223899 -0.488038778
    -0.478449285 0.101896048 0.644418895 0.229845405 0.227558494
    1.20528722 -1.04938483 -0.179375052 0.57496953 -0.489432573
    1.18136978 0.428823292 1.80678844 -0.809736371 0.698320866
    0.720995843 -0.727369428 -0.841064692 0.131528497 1.25767887
    0.126589358 0.0133920312 -0.73261404 0.309148908 -0.18571949
    0.628603458 1.31194997 0.726931214 -0.342781186 0.247715533
    0.0685092807 0.1599617 -0.398289084 -0.143453956 0.519261122
    1.52619004 1.18728161 0.461622119 1.45251083 -0.0274356604
    1.86259878 -0.661739826 -0.670874596 0.633275449 -0.427904725
    1.82317102 1.21365488 0.701741219 0.534981966 -0.451597393
    0.645546317 -0.143795013 0.655665696 -0.229696393 1.51179504
    -0.49901548 0.270129502 0.662000179 0.986221552 0.891706109
    1.57905209 0.315513313 1.34714508 -0.411364555 0.713173509
    0.75343132 -0.246116936 0.48762238 1.18535352 1.26170528
    -0.663106203 -0.852170408 0.364877701 1.49261618 0.479183435
    -0.492587805 1.45414639 0.698991299 0.853727221 -0.775638103
    -0.831520677 -0.0413618088 -0.590440333 0.340362251 -0.312599957
    1.42053318 1.63760829 1.64150608 -0.648377776 -0.161917925
    1.97392654 1.76724875 1.31088269 0.535862863 1.65994513 -0.589971244
    -0.490151644 1.4005928 0.380965471 0.878789365 0.755540013
    1.78965521 -0.517622352 -0.246179461 1.7424897 1.10286152 1.43004322
    0.680249333 1.71186852 0.0088698864 1.84937668 -0.597334325
    0.168890893 0.511646211 1.2216841 -0.86919409 -0.749897897
    -0.0655808449 -0.114530921 2.08894014 -0.0441066027 0.226275444
    -0.228239655 1.69941092 -0.689995527 0.0793447495 1.3574605
    1.2744559 0.493391037 1.21302927 1.51363182 -0.338519931 -0.21746552
    1.03615975 -0.474651814 -0.18053931 -0.163503885 0.698197544
    1.75787807 -0.423278004 -0.462401628 1.11387873 -0.166551888
    -0.0350389481 0.169128776 0.883886874 1.09989095 -0.321094811
    1.40330541 1.03385949 1.11094952 -0.743534267 -0.721877635
    0.436172009 0.29746902 1.70292115 0.396660328 -0.291719675
    0.860874176 1.15891731 -0.545369327 1.37417984 -0.505855083
    -0.23502624 0.478076637 1.52135706 1.56141186 -0.639373183
    0.256001711 0.962816477 0.334396541 -0.156676531 1.40728676
    0.806031704 -0.220538735 0.122302413 0.942506075 1.41021252
    -0.795423031 0.797634602 1.36019087 1.12265134 -0.177557051
    0.106009662 -0.351790488 0.572435856 2.09708118 -0.565089643
    1.86311173 1.7934258 -0.829626679 -0.347985685 -0.0494956374
    1.26770568 0.643338084 1.22602141 0.254170358 0.309752703
    0.887699723 0.740635753 0.298031271 -0.56360805 1.90396786
    -0.163808048 0.378376007 -0.718973756 0.53132838 -0.751254559
    1.95370626 1.96837282 1.27236891 -0.0343942642 -0.707212865
    1.51567435 0.332810819 -0.428573966 1.68505216 -0.820847392
    -0.945002496 0.852358937 0.916622579 0.195244074 1.29992068
    0.375752985 1.29452562 0.508640051 -0.147110701 1.76220489
    1.59310937 -0.858103812 1.81081295 -0.134132385 -0.0288683772
    1.84167695 -0.388986468 1.19198859 -0.835525572 1.02572823
    0.551901758 1.53572822 0.780123234 0.730676591 -0.596890569
    0.716127634 -0.613330245 1.4011656 -0.394630194 -0.0921829939
    0.381719053 0.0361309648 -0.0766159296 -0.416413248 -0.390048206
    -0.0985565186 1.87883377 0.43731612 1.7830565 0.108872294
    0.665472567 -0.509139657 0.214024186 1.42282915 1.63017404
    -0.559823811 0.234018803 0.374734044 -0.386371493 1.37675953
    -0.780297041 -0.272770047 0.887420774 0.368773401 1.20575953
    -0.466404736 1.32133937 0.43718791 1.20617533 1.20320022 0.960237384
    -0.000742673874 0.0680035353 -0.383906662 0.992386818 -0.492363214
    -0.821555972 -0.592144191 -0.546173811 1.32725143 0.910023212
    0.105726242 0.506231785 0.914601326 -0.284695208 0.522086859
    0.895527363 1.48466027 0.0574418306 -0.539873004 1.98886871
    -0.878275812 0.809532642 0.0361908078 -0.337800562 -0.639941573
    -0.245667458 0.954150081 1.06294703 1.42658234 0.285195112
    2.04538012 0.138246 0.813959479 -0.710485816 -0.214271665
    -0.612689197 0.0925058126 -0.0300832987 1.02863777 -1.04598057
    -0.367359757 -0.738187253 0.480517864 -0.174946964 1.52177954
    0.544406176 1.23911202 1.66885197 1.43920493 0.572992086
    -0.703016043 0.789899528 -0.182376921 0.470435262 0.286334872
    -0.508836627 1.01243615 1.2844497 1.73381281 1.56793404 1.03378153
    1.60491884 1.7534591 1.56556344 -0.981837034 0.0208989382
    0.177246809 0.0708317757 0.198706031 -0.875229836 1.53728032
    0.885996401 -0.250697792 0.468492687 -0.737117231 0.542173088
    -0.0925011039 -0.493793428 0.403554797 -0.847224295 0.998335004
    1.15517426 1.51400423 -0.382176757 0.599473357 1.57783031
    0.550305724 1.82447338 -0.842474282 -0.321688771 0.0406212211
    1.25591159 1.51962328 1.45910406 -0.566530287 0.873320222
    -0.273518443 -0.610467672 1.01500332 0.384640932 0.742049813
    -0.808515251 1.24493837 1.50327814 1.38861215 1.51732266
    -0.335247576 -0.874300063 -0.342883766 0.537659109 -0.309308857
    0.852511764 1.34040713 1.17232227 1.78888619 -0.0361296535
    0.125368893 0.620855689 -0.285850286 0.847037852 1.71366811
    1.36105156 0.112887681 0.723680496 -0.930396676 0.586085677
    1.69409955 1.18079138 1.65000474 -0.137221038 -0.259458125
    0.639166355 -0.628763199 -0.709493518 0.177131474 1.73035181
    1.19746029 0.629992247 1.51642263 1.04368293 -0.724719226
    0.229630589 -0.396021515 0.665000737 1.13478398 -0.627924442
    0.468927741 0.321183622 -0.221039414 1.11900115 -0.834574819
    -0.0244497061 1.03358388 1.83400023 0.552291036 -0.514678955
    0.408646405 -0.659265399 0.570373535 0.22171855 0.948012769
    -0.388399899 0.555686057 0.223620474 0.595851123 1.70967817
    0.857250392 -0.162903488 -0.00846648216 0.241641045 1.033674
    0.0931915045 0.0570025444 -0.193695247 1.87521839 0.434267282
    -0.220222294 1.24326849 0.440815449 0.294486344 1.16662419
    0.0869931579 0.503259003 0.497977495 1.94724393 0.980652988
    0.152926743 1.2358005 1.16701818 1.45207369 0.550283313 0.648819327
    -0.289283633 1.56547391 0.279124677 0.219367087 1.53979921
    0.341327786 -0.337401092 0.897291303 0.655557513 -0.321849883
    1.14406455 0.395697653 -0.10713309 -0.457584143 0.566452861
    1.66470039 0.766290963 0.953253984 0.994124055 0.411675215
    0.469546437 1.68266523 1.34735584 0.317935228 0.732253194 1.54496169
    -0.123889327 -0.761265397 0.680410385 1.24575186 1.80930233
    1.61975944 0.991222143 -0.627325058 -0.465344638 -0.182144761
    0.215592384 1.04524958 2.07272291 -0.0419397354 0.104924858
    0.36433959 -0.376917243 0.835189164 1.00940013 1.77004206 1.61081278
    1.3087852 1.13159931 0.834839523 0.0209966302 -0.00146001577
    -0.168257117 0.855386615 0.475431681 1.3020041 0.779628277
    1.23008811 -0.299784899 1.72446024 -0.572301984 1.57889891
    -0.0894948244 0.588871837 0.388362706 0.0530557036 1.43387985
    -0.478134751 1.8825016 1.92217898 0.058889091 1.19671249 0.399729967
    0.4780128 1.42184222 0.708992481 1.83768666 0.571108937 1.20100141
    0.618016243 -0.117425919 0.986547112 -0.0170552731 1.00409532
    0.868256807 1.83981776 1.61602306 -1.02759397 0.704024196 1.69370067
    0.872374058 0.759652734 0.755264163 -0.160033882 -0.592777371
    -0.315775305 -0.714829803 0.950174451 -0.18583256 0.217787504
    0.729126275 -0.200991273 0.627824843 -0.325470805 0.974927306
    0.696817517 -0.305296838 -0.965591669 -0.0335408449 0.785460949
    0.722845197 1.72935939 1.1930362 1.11745596 0.453513861 -0.249995947
    1.459355 0.566861987 0.961332977 1.00110531 0.0843598843 0.285517991
    0.0734190345 -0.768959761 0.184259415 0.607702255 -0.968220532
    -0.69416225 0.437169909 0.992459655 1.70482767 -0.814376891
    -0.575412571 1.13322997 1.7709955 0.493026793 -0.397213697
    1.45270038 0.611281753 -0.670236588 1.64297402 0.18093276 1.84921765
    -0.120827556 0.10649538 1.61517954 0.246306539 -0.602671504
    -0.78209132 1.33102655 1.62428737 0.491748214 0.515096664
    0.315297246 1.23977292 1.85666001 0.794556141 1.67324018
    -0.0336914659 0.545966387 0.520041466 -0.297553152 1.7485733
    0.112636864 1.0399797 1.67702639 0.336911917 1.59846568 1.34109449
    1.07481134 1.4013139 1.18809879 -0.226196468 0.211478531 0.10680151
    0.444757044 0.883233666 -0.405803204 -0.632013798 0.51540494
    1.10941529 0.685435355 0.00860852003 1.12776327 -0.8885867
    0.614778817 1.16679215 0.917577922 -0.0683119297 -0.957325697
    1.23100519 1.33220208 0.16881001 0.165940344 0.500378609 2.01448536
    0.239661515 -0.668959498 -0.48676151 1.03054166 1.06839013
    -0.502463818 0.5874933 -0.259660125 1.67387319 1.53628588
    -0.190793097 0.0662287474 -0.238418102 0.644962609 0.089833498
    1.1946342 -0.731814742 2.04949284 0.982357085 -0.149588943
    1.70987785 0.206819534 0.939808369 -0.0707497597 -1.06043732
    1.46326447 -0.434418738 1.14627469 0.0342452526 0.048886776
    0.705133557 0.178646743 2.26444626 1.26654708 0.549160302
    -0.803520739 -0.383327514 1.56561327 0.407805681 -0.554669976
    1.28920531 -0.634491682 -0.864792883 1.09780097 0.664540887
    1.58991957 -0.488864541 -0.550327539 1.32003129 1.01502848
    0.47279942 1.46158516 1.1956197 -0.442199647 -0.801201224
    -0.570975542 -0.455657721 1.48952937 1.02128828 0.580791235
    0.509868145 0.161476672 1.39789891 0.428421259 0.509441972
    1.58381724 0.969248474 0.0748170018 1.21593618 1.25940275
    0.790281773 -0.896431088 -0.00550246239 1.30617583 0.880914927
    -0.90739876 -0.198134124 1.8958813 -0.266810179 -0.818989635
    1.76141727 0.76791352 -0.786653101 1.61000454 -0.99889195
    -0.276114166 1.30226946 0.0933696032 1.83268189 1.87600923
    -0.941792965 0.554425836 -0.705103755 1.12358665 0.899429679
    1.16281581 0.997502267 -0.0450277328 1.29667926 -0.702348471
    0.927143395 0.0475768447 0.402418554 0.654072583 0.161400795
    1.48156512 0.486271858 0.201957703 1.00854325 1.56934178 0.252401233
    -0.584213793 0.837248862 -0.663701594 1.30978882 1.44341791
    1.26291025 0.758265615 1.5705502 -0.851416826 -0.151735604
    0.223237336 0.364596665 1.67613471 -0.384234458 -0.608639538
    -0.298569322 0.699869752 0.518337071 -0.0154890418 -0.179859877
    -0.0519923568 1.14788508 -0.235183358 -0.342899919 1.3185668
    -0.18896848 -0.257906079 1.40870833 0.521325052 0.293912709
    1.42011166 0.874173939 0.0248697996 -0.700648248 1.62143219
    0.546039999 -1.001688 1.00337565 1.62739205 1.23504043 1.54712319
    -0.240535796 0.6943416 0.380316436 1.26201558 1.91891372 1.32639647
    1.81642962 1.9763751 0.658265591 0.536940753 1.68274558 0.113091469
    1.83136976 1.89785719 1.21161723 1.21163356 1.20256376 -0.580220938
    0.310746551 1.36694407 -0.429724753 -0.526274383 -0.0871637464
    1.83598685 -0.33430779 -0.750219047 0.0263504386 -0.613780856
    0.131565273 1.51216793 -0.834686995 1.14119077 -0.386730433
    1.08684039 1.35885108 1.06990409 0.749104381 0.934740603 0.597258449
    -0.737595558 1.77068806 -0.757561326 -0.616894424 1.70371211
    -0.357793868 0.715121746 0.842514694 1.76808333 -0.882168174
    1.06795037 1.1975708 1.89588082 0.381563783 1.29899371 1.62073529
    -0.0678657889 -0.901824772 0.983887732 0.369411469 -0.688431621
    -0.116088808 0.424545527 -0.295589268 0.213531375 -0.0920565724
    -1.05869937 0.962600589 0.749444604 -0.244976282 -0.481642514
    0.98276186 -0.19821924 0.287897348 1.48373842 0.380136371
    -1.03333628 1.60185277 1.24350131 1.3176024 1.33904791 -0.377915561
    -0.471071333 -0.345229745 1.56931353 0.273952961 0.991426945
    1.06712413 -0.757407784 0.658694685 1.11744356 1.61753297 1.62062526
    -0.0525259376 -0.456965476 -0.196572602 0.254604399 -0.108449936
    0.418514848 1.41751504 1.44935155 -0.966055095 0.90154475
    -0.684370041 0.323200405 1.98417449 -0.688982844 1.49100721
    -0.479205966 0.268152714 0.972970784 0.366322041 0.992802978
    -0.0660753846 -0.100653648 -0.566446185 1.79494476 0.562330902
    0.457176566 -0.526800036 2.00802708 -0.170968592 0.691656351
    1.2633853 0.300315082 0.328581095 1.17128301 0.32608664 0.054710865
    1.17485034 1.65536058 1.24721634 1.80364728 -0.48369807 0.260135591
    1.0444355 1.06996775 1.70729983 0.870482028 0.141705215 1.66251469
    -0.439237803 0.85138911 -0.782736182 1.91489792 0.771170855
    -0.053940475 1.87134743 -0.809616208 1.89841628 0.338620007
    0.332150102 0.256281912 0.0269752145 1.90405619 -0.165450156
    -0.630606413 -0.29766655 0.92739594 -0.462201536 -0.0745293498
    0.0229905844 1.040254 0.513088346 0.563124537 1.6415205 -0.186927497
    -0.731477618 0.449711323 1.24024153 -0.150204241 0.745095313
    0.736112297 -0.811382115 0.719431579 -0.549554706 1.64333129
    -0.591543674 -0.305335283 0.354413271 0.127735198 1.89845371
    -0.366454422 0.971261263 -0.026704669 0.607562184 1.50374055
    0.519280493 0.0489074588 0.506145 1.2712791 1.69164014 0.135776997
    -0.173087835 -0.0405539274 0.479506731 0.498175263 1.09406471
    1.73466265 1.56489158 -0.611905813 1.35387087 -0.363535374
    0.462542951 -0.811880291 0.254208267 1.89901471 0.555774689
    -0.747125983 0.802248955 0.0619894266 -0.346540272 1.30345368
    1.62389302 0.719375491 0.223482132 -0.0351852179 0.670579195
    0.242172062 -0.413946211 0.843662381 1.27639103 0.124093771
    1.25411797 -0.211253762 0.97264713 0.712612867 1.89872229 0.60479331
    -0.724835098 -0.418494552 -0.479697317 1.13713276 0.48621428
    -0.863055706 1.82658124 0.706321895 1.6212275 1.26798272 1.17077661
    0.320231915 -0.817860842 0.646768808 -0.742742181 0.151612163
    0.412433505 0.758063674 -0.369994819 -0.514488637 -0.517396271
    0.943807602 -0.945250869 1.63856518 1.38095307 0.429720998
    0.276271343 -0.12743485 0.306088269 -0.471228004 -0.148560226
    -0.356701612 1.26138258 0.0592360497 -0.280231237 -0.414969385
    -0.0369295478 -0.0195397735 0.977375865 -0.0737518668 1.74367619
    1.89017951 1.37652194 -0.151990116 0.646681786 1.09624052 1.41219223
    -0.892756879 1.27856946 -0.592581093 -0.703241646 -0.627548933
    0.186236441 1.79738379 -0.0500783324 0.880172729 0.840312421
    1.56010747 0.941349506 0.145316243 1.36817908 0.881340027
    0.602508068 -0.0816144943 0.777971148 1.47970331 0.28879416
    1.57286716 1.62064672 -0.65760684 0.355353534 0.558479071
    0.906713009 0.0527762175 1.83568263 1.386078 -0.130942285 0.8341676
    0.721692979 0.515770555 1.56075025 -0.517338872 1.46487439
    -0.543749928 -0.357336581 0.353570759 1.7573874 0.419176102
    1.1991539 0.875092983 1.54398537 -0.169822454 -0.431747079
    1.25563443 -0.762237191 0.95745039 1.82681417 0.00688266754
    -0.267343521 -0.0320628285 -0.483766556 0.287968278 0.972794592
    0.846068978 0.524715364 -0.431835175 0.325545549 0.810640693
    -0.637413263 0.706493258 0.660581231 1.72623146 0.0148429275
    0.603159308 1.02498233 -0.863776863 -0.0644792318 1.85612762
    0.541285574 -0.156858802 1.05076861 -0.591533124 1.29144418
    0.189530909 0.766301811 1.38387609 1.62824094 -0.60323602 1.1139375
    0.80797708 -0.328887284 -0.426925689 1.04550147 -0.193413436
    -0.410330534 -0.407121807 0.576665521 0.228187263 0.147682011
    -0.493171871 -0.14669323 1.5751965 0.459192872 1.36822915
    -0.748411477 0.8745628 -0.10986501 -0.1117782 -0.779182553
    -0.417917609 0.780107439 -0.396034181 1.14638793 1.52070165 1.445099
    1.05268133 1.62934852 1.18658173 1.34326816 1.04009795 1.84960222
    1.73928404 -0.576546192 -0.741572499 1.13212848 0.13994503
    2.18454885 1.36228764 0.375634968 0.589938462 -0.598573744
    0.991025209 1.22733223 -0.233801603 0.234769464 -0.495962441
    1.6387918 1.8030529 0.0929362774 1.94413972 1.16536093 -0.921459675
    -0.8278265 1.68937683 0.66181314 1.19702363 -0.0926684141
    -0.0850899816 1.77887785 0.381402135 1.11794162 1.15261447
    0.99422431 -0.844903827 0.726914048 1.14722002 0.539166212
    -0.814034402 1.72562099 -0.593642354 -1.00709319 0.464624286
    1.33869553 0.294664502 0.829629004 0.986380398 -0.616315663
    0.168694735 0.492190897 1.23434711 -0.745499492 0.930699825
    0.262408733 1.36254084 0.063247025 -0.284790039 -0.183529258
    1.08601356 0.456025958 0.763772607 -0.240210533 1.13668001
    -0.596393585 0.28314209 -0.116506159 1.74097228 0.627778769
    -0.0466719866 0.638897538 0.13396287 0.555383265 0.635504067
    1.10107124 -0.400487155 -0.68091917 -0.642734528 -0.786536634
    0.913479269 0.735752463 -0.903066278 -0.165165424 -0.0715707541
    0.00380772352 0.339888394 1.8126725 -0.122788489 1.17990482
    0.86399436 -0.524364412 0.49129951 0.89662528 1.16921484
    -0.0442596078 -0.636301696 -0.398742825 -0.808506012 -0.223076284
    1.87256575 0.186976492 1.87463236 1.8503046 0.360733807 -0.329332769
    -0.338967174 1.3044697 0.230576277 -0.83817327 -0.0538070798
    1.92581415 0.984314919 0.4752177 0.860255063 -0.676944017
    0.195193291 1.20035136 1.09787333 1.71909213 0.719537854 0.898006678
    1.43987918 -0.820602059 1.46774638 -0.583251715 0.87221694 1.6652199
    1.60925627 -0.651052356 -0.811223626 0.232801735 0.236803174
    -0.941996098 1.57602847 -0.417773247 1.68801081 0.52706027
    0.0365250111 -0.854199529 -0.652021825 1.19577885 0.897960663
    1.09050059 -0.37860924 1.12425649 1.57597661 -0.706328988 0.68267554
    0.764023662 0.104593337 1.48353481 0.483622134 0.6119923 1.74490094
    0.690621197 0.933636308 -0.623953521 0.136109591 1.50256586
    1.47671735 1.50986397 0.819762349 0.300887227 -0.122032762
    1.21452844 0.122176945 0.580496192 0.115167737 1.48761332 1.69683313
    1.30452299 0.176347017 0.327877402 -0.622675896 0.097104907
    0.537568748 -0.145017505 0.164428055 -0.889009118 0.126079679
    0.0279001594 -0.677087486 0.256439805 0.467307091 0.216953635
    1.45188832 1.32879162 1.50742519 -0.188699067 1.81353855 1.06726837
    1.90383852 0.80339098 0.545165002 0.792944908 0.0254311562
    1.37441218 0.0327584743 -0.828662515 -0.219446301 0.578985095
    -0.329500377 0.0763785243 0.889168382 -0.769546568 0.497103393
    1.85084748 -0.341670632 0.479809642 0.478101194 -0.538649738
    0.677768886 0.0592291355 1.32654405 1.73358655 -0.438025564
    0.575536489 -0.289801955 1.22269034 1.13132548 0.255176067
    1.84167719 -0.65141952 0.976180851 0.595611572 1.7433337
    -0.530608654 0.117037594 -0.0192366838 0.245824337 1.81559801
    0.641042709 0.0859292746 -0.373310983 1.53818893 0.586450815
    0.399713039 0.0279575586 1.7227819 -0.314684093 -0.876647592
    1.87455964 0.280352831 -0.17466259 0.0903903246 2.10487938
    0.607848883 1.43224525 -0.186473548 -0.246697366 -0.397435069
    -0.519499362 0.510000348 -0.397117198 1.1746757 1.18655097
    0.0973912477 -0.358295321 -0.0984127522 0.219597578 1.15082037
    0.866177142 1.90129685 -0.221620679 -0.301442921 -0.688769281
    0.565711796 1.62153018 0.723307312 0.522106946 0.080829978
    -0.0860297084 1.77368712 -0.661070049 -0.0955116749 -0.680112958
    0.694511712 0.346526504 0.828380525 -0.411116898 1.47031307
    0.805493593 0.982325494 0.495507658 1.27327168 1.74969304 1.71400428
    1.49908781 -1.26295304 1.32722926 1.69401145 1.21596336 0.534894586
    1.8021059 1.14157093 -0.265943527 1.03341854 -0.605473757
    0.373059332 1.95578098 0.993188143 0.540202737 -0.200802803
    1.37379527 -0.776568472 -0.443037033 1.87944651 1.09143496
    -0.84667933 0.00536906719 -0.309347391 -0.24748385 -0.227059603
    1.72861147 -0.495312244 0.590920091 1.16511667 1.33667564 1.02508998
    0.559348226 1.50357187 -0.287149191 -0.511726677 1.68119681
    -0.177645922 -0.657297194 -0.0758955479 0.0638173819 1.76494825
    0.613015115 0.938977182 1.97377324 1.61798573 0.573835731 1.12948442
    -0.317560196 1.4236505 0.939983249 -0.175658941 0.67508316
    1.71918666 0.578497827 1.21910024 0.553087234 0.809473872
    0.016386807 1.20408762 -0.249377131 1.59799612 -0.698828578
    0.627214193 1.76853752 1.30716515 1.48346865 1.73588157 1.13578093
    0.653326392 0.398492336 1.43975782 -0.266195953 -0.587174952
    -0.717841923 -0.296887279 -0.388016284 0.827007174 -0.620847285
    1.15354776 0.588912547 0.364589393 -0.548090696 0.242007375
    1.36720538 1.52859223 1.27840066 -0.0912536383 1.77613246
    -0.460626781 0.288703918 1.63840938 1.00052869 -0.471579492 1.67802
    -0.65574944 1.29464364 1.56061423 0.6437819 1.40887976 0.487045705
    0.230329633 1.45751381 0.641335309 -0.599521518 -0.106882036
    -0.168011606 -0.211197019 -0.418821335 -0.274255097 0.486322284
    1.65507889 1.25536537 0.413653612 -0.736280024 -0.585912704
    1.30868387 1.61499119 1.41987705 -0.854779541 -0.153170884
    0.226256132 0.638170063 -0.918334842 1.16770065 0.565488338
    0.0731408596 0.0778332949 1.22632813 -0.509495199 1.55333138
    -0.441372216 -0.450066924 1.46490026 0.304342508 -0.896981835
    -0.889999926 0.0847637653 -0.0828129053 1.18436944 0.282852054
    0.645899534 0.134661674 0.343824506 -0.778585255 0.695881546
    -0.573135853 1.38909149 1.85132217 1.27996933 1.3788166 1.82922244
    1.27581692 0.717530727 -0.146305919 0.0529500246 0.159911394
    1.51989317 1.88517821 -0.739972949 1.28291702 0.325966239 1.02464747
    0.623080969 1.01625288 1.78269517 1.64176714 0.784569025 1.64264083
    -0.656667054 -0.177065253 -0.737328112 1.10744095 0.5152812
    1.15287137 1.80663037 0.562848389 0.373708546 0.192904174 1.22081947
    0.148954332 0.669077575 -0.783214927 0.388743877 0.518895388
    1.81595731 -0.562046409 -0.556136072 -0.231797397 -0.111594796
    0.447235167 1.94738388 -0.819771051 -0.494360268 -0.759622514
    1.25201571 0.94093734 -0.00828868151 1.08312702 1.47215915
    -0.299562752 0.0455721617 1.80866313 -0.828979254 0.301591575
    0.17825377 1.65646672 -0.8371104 -0.564647198 1.16348076 0.877236843
    0.489138484 0.686493874 -0.537932277 1.59585571 -0.050501585
    0.183309853 -0.211700678 1.43514085 -0.425579131 0.963960052
    0.63025856 0.520647764 0.449217916 -0.737549663 -0.685469866
    -0.406552732 -0.058377564 0.88716495 -0.841157734 0.456819952
    0.876692533 1.29920053 1.71026993 -0.0193395615 0.675920248
    0.572105885 -0.444282144 1.24033785 0.659203231 1.94980907
    0.200483501 -0.801727772 1.27827239 0.261290908 -0.933138788
    0.94580549 0.919571459 -0.796649158 0.400017738 0.305179477
    -0.656958222 -0.249896169 -0.459241509 -0.489144623 0.773324728
    0.295236349 1.2223655 1.17337668 1.32719219 0.654045463 -0.221737921
    -0.485014826 -0.500219107 0.761497021 0.475733876 1.86746097
    1.26573217 0.377230704 1.10646963 1.09261572 1.59895587 -0.306416392
    -0.314733028 -0.46595335 1.1482712 1.77708983 0.635774076
    -0.0394918919 0.528611124 0.214939535 0.312098682 0.436288595
    1.89369774 1.78425252 -0.576139569 1.3229599 1.46765101 0.366937637
    -0.280835092 0.842718124 1.75385618 1.42237508 1.21339118
    0.122575045 0.692787886 1.6248548 1.54449093 0.404514909
    -0.241737664 -0.722891629 -0.366681159 0.503246009 0.724265456
    1.38193965 0.0738371015 0.94139868 -0.0533239841 0.827453554
    0.286708593 0.776529491 0.701041341 0.245037138 0.913480818
    -0.711946487 1.2342937 -0.640961111 0.736675084 1.62585163
    -0.848110914 0.2874071 0.100281596 1.24471474 0.309170425
    -1.01391768 1.3649441 0.625737906 0.332321405 -0.100044131
    1.78196919 -0.795442462 1.64127278 1.12041545 1.70206428
    -0.823733985 0.0393310189 1.82782114 0.876886189 0.180279672
    -0.671796322 -0.762136757 1.23462725 0.999197841 1.7626133
    -0.863799751 0.492953777 1.35883582 1.42845702 -0.271636903
    1.3302393 -0.434839427 1.73300719 -0.539379001 1.67785084 1.70317852
    0.757366776 -0.338162184 0.331673265 1.80700552 0.868800521
    1.58773482 -0.910200298 1.50482488 0.160173774 1.45201242
    0.0598716736 1.72278655 0.732219219 1.19172895 -0.619179487
    0.638875723 -0.608856857 0.976343155 1.44833493 0.801096082
    1.55843472 0.0528409481 -0.602236629 0.847705424 -0.479550242
    -0.87155056 0.289421678 -0.491878331 0.295603931 0.510117292
    -0.42797792 1.6068629 -0.0176799893 -0.455112517 1.7237041
    1.83246577 0.466403544 -0.214344323 0.648611605 1.21418607
    1.73675859 1.38004529 0.602586389 -0.544572115 0.72608608
    0.888599873 -0.46579659 1.4135828 -0.0139974356 -0.782477379
    -0.815248847 -0.93807441 1.13149571 0.501848698 1.26851499
    1.54576564 0.795945168 -0.058696866 0.412460685 0.743510902
    -0.399214089 0.203734875 0.692764759 -0.708828926 -0.435069859
    1.69183421 1.0810163 1.01863766 0.495034099 0.339968562 1.15071869
    1.00320017 0.675184786 -0.427524686 -0.482587695 0.54861474
    0.637191355 -0.498873919 -0.486193329 1.90715671 1.28476894
    0.126090586 0.18389982 1.43889046 -0.20286274 -0.54195708 1.0458746
    -0.200731337 -0.389934361 1.13825715 -0.124382794 -0.242910206
    -0.604400992 0.575259626 1.37208569 -0.568743527 0.296557069
    -0.287849426 0.458651066 0.633271277 1.70069587 1.42461371
    -0.67362237 1.05132926 0.225617588 1.02419591 1.39990401
    -0.153707564 1.37882459 1.67854619 -0.442335844 0.393898964
    1.6460669 1.7464155 0.191425025 -0.716022074 -0.245611906
    0.244735897 1.39458835 -0.816425323 0.02427876 1.39321458
    0.896333218 1.18137085 0.435801506 0.723784447 1.77258301 2.05619955
    -0.128209412 -0.309057176 0.96351552 2.16701555 -0.465734243
    2.0592823 1.67352247 1.8735044 1.53080082 -0.467469662 -0.172414184
    1.51241577 0.602366388 0.295056403 1.85493922 0.627451897 1.26605868
    0.158048451 -0.00753539801 0.850616872 -0.218138397 1.87238383
    0.5910815 -0.145487845 -0.260013103 0.018686831 1.61716127
    0.210322499 -0.0551893711 1.36673725 0.398060322 -0.881236672
    0.756044745 1.67669797 -0.893044829 1.30436122 -0.00668638945
    -0.787627339 0.921373785 -0.480034351 -0.822504103 1.44682515
    0.577528 0.0351793766 1.40158153 0.518248141 0.935309768 -0.4356879
    1.36984074 0.877739549 -1.0475961 -0.798235238 2.03007412
    -0.769408047 0.414220572 -0.80424583 -0.483870864 0.986156523
    -0.500544071 -0.924520373 0.69880408 0.0649420023 0.426740706
    1.70475852 1.50787687 -0.509107292 -0.286229134 1.46337044
    1.26759553 -0.11691153 1.75056326 0.612029672 -0.397997499
    -0.897682965 0.079818964 0.563428283 1.46300769 -0.804518998
    -0.450275779 1.2636112 1.70230651 -0.430457085 -0.586719036
    0.410635471 1.47049236 -0.746158123 1.76483405 0.173420072
    -0.114529848 0.0454833508 1.93872511 -0.643703341 -0.604042113
    -0.00906825066 -0.378383458 1.70452714 0.982463121 -0.817819118
    0.713300586 1.34263313 0.690883398 1.31035042 1.38369811
    -0.198079467 0.12580806 1.52968705 0.882239699 -0.532755733
    0.539901376 -0.485697687 -0.00271397829 1.58027291 1.12337506
    -0.674976885 0.276387036 -0.117096901 -0.892395616 1.1865921
    -0.617463052 0.127620935 1.83417094 0.17190671 0.494132519
    -0.0398803353 1.28663993 -0.300509155 1.05745661 0.480899572
    1.08893275 0.772775769 1.32153308 -0.622404575 -0.375368595
    1.61101174 1.6537919 1.46285141 1.68391311 1.22442234 0.612150073
    0.138583064 0.736566305 -0.471385002 1.29552186 0.081099391
    -0.356724203 0.71365869 1.33955765 0.126938343 0.053586185
    -0.737399518 0.922679007 0.581764936 1.82410634 1.83734417
    1.69728374 -0.102488816 1.25637281 1.02523887 -1.05935287
    -0.516279578 0.890516698 0.594578385 0.105530858 -0.0113797188
    1.06488514 0.465503097 1.0296936 0.130652189 -0.440664649
    -0.278448939 1.03107095 1.04191685 -0.6575827 0.832987905 1.38473606
    1.00206721 0.277326584 -0.0374552011 1.35873652 -0.453764081
    1.6023252 1.15690172 1.10451019 0.542918801 -0.744632602
    -0.402261496 -0.782405674 0.924496114 -0.758559525 -0.632226825
    2.02456141 -0.416991919 1.00587523 -1.110618 0.651740551 1.10622919
    0.836493134 1.63636458 -0.127072334 -0.632735848 0.555602014
    1.48474598 1.14424682 0.273691177 0.334855974 0.598580897
    0.0208352208 -0.309524477 -0.251655579 2.0780549 0.219284952
    1.05133772 -0.345869958 0.51623702 1.28780222 1.38190103
    -0.0995129347 -0.111391008 1.92533946 1.03347969 -0.115635574
    1.10660696 -0.695796251 0.00185829401 1.21869516 -0.16503191
    -0.00187897682 1.27921891 0.216487527 0.710385501 1.13459015
    -0.714994073 1.49147892 1.48080802 -0.246333063 -0.805590987
    1.87126648 -0.930606842 1.6243012 -0.0694894791 0.593802691
    0.795116663 1.23516643 -0.543745399 1.43888462 -0.719097078
    1.66236973 1.88675928 0.281569958 -0.15812999 1.70390117 1.27338743
    1.13617325 1.37030292 -0.468735874 1.30495739 1.23185635 0.622107029
    1.7001791 -0.162459731 1.88773274 -0.388500303 0.900191247
    1.34554589 -0.847384453 0.714516401 -0.283545315 0.995768011
    -0.116093457 0.145597279 0.514275908 -0.192082465 0.203951657
    -0.23948586 1.24951136 -0.192982256 1.8392067 0.627010345 1.41277957
    1.53748477 1.03465033 0.408497691 0.720166266 0.871244729 1.3587842
    0.0104581118 0.896622658 1.35238361 -0.44922173 1.26174355
    1.22451258 1.24349761 -0.18209374 1.04810333 -0.169331074
    0.496075571 -0.619526505 -0.326334536 1.18455732 0.00513780117
    1.31658959 1.82058883 0.349894643 -0.864419818 0.888364494
    1.87878966 -0.182710648 1.66253877 0.225436807 1.79243422 1.19278073
    1.24460363 -0.196346521 1.96153367 -0.0218689442 1.38656044
    -0.727517486 2.02164078 0.056805253 0.299927473 -0.728593707
    1.07032299 0.106791615 1.29778755 0.297263503 0.453356862 1.90194464
    1.23469615 -0.00235158205 1.40211093 1.29374039 1.54431903
    1.60519624 0.965594888 0.0502164364 0.550936103 -0.826746225
    -0.443993449 -0.0818859935 -0.527648568 0.135539114 1.3186183
    -0.728709698 -0.58627969 -0.0393543243 1.90017259 1.06960392
    1.10476899 1.30766082 -0.161370993 0.726452351 0.0115201473
    -0.35286206 1.73421311 0.878546357 0.11982131 -0.316708505
    -0.039481163 1.33945131 0.338670611 0.075737834 1.23219442
    -0.723295867 0.714937687 1.41329169 0.0317835212 0.721367776
    -0.0605581999 1.49479604 0.334222019 -0.794342458 1.88464761
    0.586648226 0.389369667 0.587061167 0.67389679 0.446157932
    -0.0846174359 0.202195048 -0.173423827 1.06135583 1.13018584
    0.444833994 0.226498604 0.807980061 1.72704768 0.186622977
    0.354607105 1.39970636 -0.236176908 -0.0442199707 -0.863522172
    1.55438232 1.02134907 -0.638335764 0.384636641 1.17115712
    -0.180306375 1.81080842 -0.460130006 0.194970429 1.91633189
    -0.306771934 -0.378637969 -0.0591209531 1.46036005 0.939173758
    0.867930233 -0.864670277 -0.00613802671 1.93280554 0.00527000427
    -0.0440152287 0.843077898 1.67698598 1.5273509 1.68491411
    -0.0885648727 0.0486027002 1.78556216 -0.0150893331 -0.551751077
    -0.704857945 1.22008753 1.60148799 0.270076513 -0.130759358
    0.281357527 1.34703314 1.14527202 1.15264857 0.441617966 0.698135734
    0.359854698 1.75829196 -0.0173926353 -0.57735914 1.05653143
    0.383307338 0.000822663307 1.4970274 0.3360852 1.24601626
    0.278063238 1.54096568 -0.5976215 1.35327423 1.60579729 0.215342522
    0.11730957 1.65655279 0.536738276 0.924236298 -0.839569688
    1.93243814 1.65693533 -0.886526346 -0.0741629004 0.0724506974
    -0.751116633 1.07422745 1.34581661 0.713535011 -0.229364336
    0.302985907 0.0644314289 -0.307663739 0.397705793 -0.341100782
    -0.218444943 0.176543176 0.0825380087 -0.371159613 1.23764813
    1.71723485 -0.376878679 -0.577020586 1.64541221 0.622643232
    0.95401907 1.78041649 1.62697279 -0.690508246 1.68581772
    -0.221891224 -0.458311379 -0.759358108 -1.04882526 1.71736479
    0.616582632 1.33235741 1.2992903 0.54923737 0.44235611 0.123361588
    0.455070853 -0.157509208 1.73069215 -0.836667061 -0.018170774
    -0.788075209 0.250187635 1.28807855 0.633367658 -1.08210087
    1.57127869 0.607280135 0.951868176 0.242850304 -0.747916996
    -0.256896615 1.2722199 -0.38052851 0.0442475677 0.656860113
    0.0795050859 -0.238505602 1.23490059 1.42546594 -0.847656965
    0.335000157 -0.3629978 1.48384833 -0.328379214 -0.358568609
    -0.676299453 0.00255662203 0.883319378 0.0403881669 1.63000274
    -0.727300465 0.997631729 1.30492818 -0.997188628 0.429472506
    -0.343307555 1.81787479 0.0955789685 0.473487496 -0.753430605
    0.151839137 1.17991567 1.28465939 -0.564120293 0.351752877
    -0.0412913561 1.63543344 1.3368417 -0.626784027 -0.299296975
    0.757700205 1.45212841 0.704691529 -0.659142971 -0.855398357
    -0.246770501 1.840698 1.99270463 -0.811790586 1.09829903 0.60586977
    -0.216935515 1.50207698 1.10759151 1.47335982 0.465069652
    0.193875074 1.26923704 0.354467273 0.0367417336 -0.00308847427
    0.771816969 -0.140500486 0.281762064 1.0278101 -0.755867302
    0.366063833 0.812308252 0.530418098 1.15935922 0.516324222
    -0.869813919 -0.848663807 0.747372806 -0.158573925 1.3147043
    1.18107224 -0.817640603 1.44078684 0.903927326 -0.167505383
    1.27555215 1.82268608 -0.464434534 0.980911374 0.77017194 1.30942261
    0.889713168 -0.618526757 0.640490055 0.10697341 0.808031321
    1.72507191 0.577413201 -0.529322565 1.27527857 1.21624267
    -0.824570715 0.127477884 0.604652941 0.958028555 1.08255029
    -0.775192976 1.28391099 -0.926228166 1.25629807 1.31504226
    1.11740661 -0.762993217 0.00321996212 -0.0851309896 -0.064065814
    1.85091352 -0.30225122 0.766440988 0.204390585 -0.0321038365
    0.17856437 1.06340873 0.337108254 -0.515514135 -0.59833765 1.2212038
    1.51998532 1.35179639 0.313288808 -0.587150574 -0.452676147
    -0.0574560165 1.15763593 -0.643957853 0.140101016 1.66946745
    -0.678273201 0.685015321 0.944842696 -0.132386744 -0.831492782
    1.24083686 0.969107747 1.47838163 1.28829205 1.16359901 0.762851119
    -0.491998732 1.13037193 -0.375591099 0.236886859 1.14163375
    -0.237143755 0.868193209 1.4617126 -0.305929065 0.751207352
    0.953338981 -0.915414929 0.194554925 0.0940207243 0.148081779
    -0.0103827119 1.72382152 1.57458591 0.740988433 0.641789436
    -0.472031116 -0.251901388 -0.434213817 0.109205842 0.807027221
    1.54022324 -0.139946878 0.112324715 1.41758275 1.15479136 1.39272988
    1.2281127 1.48529375 1.66627598 1.62893987 0.384637117 0.513524175
    0.103596091 1.75830674 -0.749824941 -0.840208292 -0.67841965
    1.85380745 0.146066904 -0.550999224 0.247566938 0.472252905
    1.04354596 -0.935860991 -0.376051664 0.947476506 -0.347024739
    0.890493751 0.994119287 1.59487832 0.495590389 -0.640558243
    0.509821415 0.237723529 1.31084311 0.580456734 0.861094356
    0.027608037 1.58448076 0.45944339 -0.772185564 0.886857927
    -0.695749462 -0.452947974 0.463678837 1.66223454 -0.409417808
    1.34041607 1.33772123 -0.452872753 1.87959456 -0.416262686
    0.507526278 1.2539705 0.0101031065 0.695758939 -0.548491836
    0.849550009 -0.0477300882 1.48493385 1.01942849 0.63410151
    1.37701488 0.586002588 -0.804261565 1.73941433 1.06330669
    0.765474796 -0.970965564 1.38178372 -0.075473845 0.264812827
    1.60896122 -0.106302679 0.625110269 1.02927685 1.28446567 1.43705535
    0.939831495 1.40077615 -0.619368792 1.27668238 0.910065174
    -0.299063146 0.704093933 0.652139068 -0.620045543 -0.136682332
    -0.145313382 -0.45811981 1.01318288 -0.916032732 -0.242839038
    -0.376356363 2.28570771 1.82905006 0.851555467 0.344091654
    1.71599674 -0.604132473 0.970398128 1.07795906 1.46699023 1.67458463
    1.27459431 0.835073411 1.55651093 1.05083442 1.35865247 0.987892926
    0.644233465 0.941241801 0.760593176 0.55199182 1.65904951
    0.842080712 -0.0974609256 1.57942271 0.639655113 -0.192920625
    -0.302048922 1.58832884 1.73019135 0.860906482 1.10737348
    0.133963883 -0.0849806666 1.18599606 1.27371359 1.71575391
    0.455524206 1.1111424 0.159369767 0.705821812 0.353757262
    -0.760448098 -0.402229786 0.282073259 0.400573075 0.148316503
    0.203901291 1.0870446 -0.245918453 -0.313590527 0.52197659
    0.497735858 1.1554513 -0.823371649 0.0564008951 -0.586220443
    -0.800352335 1.99485278 -0.656460404 -0.443519086 1.89847922
    -5.84125519e-05 -0.397209644 0.389306486 0.606878757 -0.195080936
    -0.423594326 1.28189135 0.374830246 -0.495835423 1.17478371
    -0.398588598 -0.34191668 1.52464688 1.65352046 -0.421200603
    0.221874237 2.09476495 -0.706799388 0.673543215 0.183060586
    0.0509998202 0.187427223 1.56586671 -0.553797007 0.016151607
    1.10743439 1.09563375 -0.583670497 1.00685382 -0.478977203
    -0.133175611 1.57495725 -0.506346941 0.918656111 0.0793077946
    0.886851907 1.50294435 1.47511733 -0.00543367863 1.02086353
    -0.791886508 0.423859894 -0.359775096 0.989666045 0.100818098
    0.0440269709 0.503750086 0.082690239 1.06178021 -0.314054489
    1.48731017 -0.159461439 0.841662526 0.954311252 -0.426699162
    1.92546058 0.231044114 1.48853385 0.112562954 -0.253114581
    1.11598825 -0.411503643 -0.48811987 0.135400712 -0.770243347
    1.16434312 0.895791471 -0.181526244 1.10752416 1.46264935
    0.272531271 -1.05240977 0.567742109 1.54624176 0.414121151
    -0.674095452 0.528164923 0.801350355 1.35974038 -0.747736633
    1.43157625 1.24177837 -0.55152595 1.90845871 1.00632906 -0.478143334
    0.172854781 1.94631183 0.0214790106 1.48100328 0.982801437
    0.522169471 1.49932694 -0.774141967 0.70127213 -0.490409642
    -0.216002226 0.21097821 -0.687956035 1.19225287 1.5500524
    -0.533129394 -0.230881631 1.34729314 1.78763318 1.66051233
    -0.134546876 0.223536968 -0.95394963 0.0123426914 0.93344605
    -0.929746747 -0.336137712 0.445156276 1.26161182 1.56201601
    0.521892786 1.49847913 0.252561212 1.32155848 1.84229088 1.5653348
    -0.258455098 0.0765112638 1.05756748 1.82125998 1.84009922
    -0.24449569 -0.902264357 -0.567895412 1.52687156 -0.755828619
    -0.215302348 0.149878502 1.03000414 0.592248321 1.73861575
    1.74880171 -0.0274807215 -0.628841877 -0.523933649 0.854762495
    -0.50271982 1.81974208 0.422249675 0.800993562 -0.252641141
    -0.466831684 -0.364649475 -0.346165985 0.761870384 1.28813827
    -0.964867294 1.69692731 1.52132142 1.4979459 0.710308075 0.772552729
    0.763174534 -0.66575706 1.04008532 1.0435127 -0.592418253
    -0.207677245 0.660439551 1.82491279 1.06363523 0.965509295
    1.31703615 -0.342105269 1.97275686 1.69660568 -0.0982699394
    -0.759616911 1.19720376 1.3681916 0.250942826 0.293996692 1.37419689
    0.197108388 0.379902124 0.677544117 1.31173086 -0.0437511802
    -0.191768885 1.11684132 0.332490444 -0.586704195 0.127033234
    0.274761438 1.15254128 0.651282191 1.35606527 1.55381942 1.73989356
    1.38183796 -0.712993383 -0.64396292 -0.435380459 -0.495595753
    1.13864422 0.475602686 1.74821925 0.917952776 -0.671518624
    -0.675722957 -0.653554678 -0.66505456 0.896251857 0.791173697
    -0.704379499 -0.758860648 -0.411557168 1.13431859 -0.767379761
    0.368807793 0.935572803 -0.651515424 1.27699018 1.8558315
    -0.282580137 0.79653573 -0.629269361 0.154362202 0.741271853
    -0.436926693 0.495737016 -0.712577164 0.798788726 0.0792058706
    1.48546374 1.40678096 -0.791959822 0.1566239 0.770065904 0.411679506
    1.14579439 -0.595788956 -0.0944808722 1.63780832 -0.40378505
    1.45997679 1.7665391 1.77582884 -0.0815269947 -0.311864376
    0.935239434 1.80818653 -0.304615617 0.124507904 0.365756094
    1.56928587 0.184146047 1.40139842 -0.748565972 1.64493251 1.2501905
    0.0623651743 0.862270415 -0.102099121 0.883367181 1.07819617
    1.69560182 0.0550327301 0.603032589 -0.314719141 0.470061779
    1.47084808 -0.748009622 1.37927043 -0.507391512 -0.92572546
    0.213998914 1.0648458 -0.378588557 0.252656221 0.0825272202
    -0.58478719 -0.396629781 1.92554486 -0.128731072 -0.411770105
    -0.631226063 1.66039562 -0.782052398 0.251792669 0.526297033
    1.57730556 -0.743442476 1.15812361 0.985165954 1.72267604
    0.349968016 -0.66474843 -0.0575329661 1.28251517 1.02300334
    1.37480044 0.445910156 0.282837749 0.649714351 0.863059282
    1.85140729 0.312707186 1.36994135 0.663410604 -0.918242574
    1.28686452 1.55648005 -0.344272554 -0.837276757 1.16977715
    -0.531399012 -0.265315294 0.334019303 0.988633752 -0.273918748
    0.574725449 0.169884562 0.34033668 1.36474633 -0.699925184
    0.596225321 0.0787338018 -0.680337548 1.12071347 0.646897674
    -0.0875838995 1.57172465 0.294688225 1.11513948 0.50696075
    -0.317509085 -0.22565937 0.999275625 1.54364872 0.947951317
    0.0671301484 -0.0367732644 -0.0661033392 -0.152566791 2.01650453
    0.139675438 1.50066733 0.560521662 -0.577437103 -0.722787321
    0.371492267 1.65341425 -0.625714719 0.655792475 0.050437808
    2.11784744 0.293595135 1.80332446 1.02019358 -0.426157326 1.059798
    -0.294080555 0.948197603 -0.24097836 -1.03202522 1.00220346
    1.42159283 -0.346401513 0.241556406 1.35612392 0.745591044
    1.25120127 -0.703135252 0.600351214 0.713923931 1.39850545
    -0.355899096 1.00676632 1.21783626 0.19922936 0.171283782
    -0.0595484376 1.06181765 -0.13326937 0.953137994 0.400098801
    1.11732316 -0.760284543 0.483371198 1.57299852 -0.654482424
    -0.0426091552 -0.822232306 1.47026706 -0.470759451 0.332009912
    1.34798408 0.360437512 1.52067614 1.61839008 0.171881199 1.81112051
    1.2950983 0.334171712 1.41877317 -0.20021978 -0.395821542 1.7653892
    -0.00317698717 0.624704003 -0.761867046 0.88922894 1.48628628
    1.03376448 -0.36199224 -0.337789536 0.766214967 1.16749179
    1.73984909 -0.202710927 0.854201257 -0.441450655 0.300325096
    0.942518592 1.6049093 1.84738255 -0.831479669 -0.739170432
    0.391045511 0.559421003 0.494726002 2.11809754 0.238437951
    -0.385479093 1.24911165 0.713226199 1.30510032 1.18579912 1.54066122
    -0.0101112127 0.986453772 1.20049071 0.0539650917 -0.413366318
    1.13152719 -0.232670605 1.59091604 -0.224725723 0.625572205
    1.0837481 0.727578938 1.02276993 1.10266614 1.46145928 2.05979943
    -0.474564344 0.650061488 1.72504508 -0.697797358 1.09883142
    -0.850465536 -0.353472769 -0.758831859 1.45592761 -0.721935868
    0.843565106 -0.919906199 -0.218287587 1.57103717 -0.038002491
    1.92260361 -0.5834831 1.32341027 -0.1120767 0.471383989 -0.427344322
    -0.421063334 0.255363703 0.258603156 -0.152617872 1.08843184
    0.718856752 -0.936387241 1.35250425 1.63756311 0.0416338444
    1.2339294 0.0700420141 -0.896165311 -0.250862896 -0.775409997
    -0.811730385 -0.3546772 1.35193515 0.765458882 0.530759752
    0.00945317745 -0.451840311 1.66919875 1.46382916 -0.399396956
    -0.810084939 1.27292669 1.0109942 0.427451909 0.0199065208 1.8835212
    1.37102461 -0.152015567 1.44886565 1.0434432 -0.197767913 1.44423795
    0.215344727 0.550032258 -0.576567233 1.5114572 1.90894842
    -0.723480701 -0.167786777 -0.266804636 1.36331582 -0.38986057
    0.408730507 0.686495543 0.455342531 0.282527447 -0.154908359
    1.00384641 0.277107596 1.69506741 1.74339449 1.35765743 -0.733395636
    1.68206859 -0.758827031 0.551435769 0.428794563 -0.111956775
    -0.360380769 -0.237805486 0.95387876 0.664560139 0.00136119127
    1.00117564 1.61404228 1.11241817 1.76205921 1.56339419 0.125863314
    1.62532854 0.754421175 0.133407593 -0.0192519426 0.361101985
    1.22782302 -0.821508408 0.370787442 -0.43584466 0.800385714
    1.59437323 1.45124483 0.312022984 1.86185908 0.101997614 0.476828694
    0.445208907 1.75010657 -0.406889558 1.98142529 1.70979023
    -0.483219862 1.28524756 1.17949879 -0.896377027 1.20300174
    1.45955694 1.37511814 -0.191010833 0.165084541 1.09818435
    -0.0192782879 -0.447674394 0.679920375 0.551460147 0.375463068
    0.724277496 0.863047004 0.68876183 1.66439819 -0.758820772
    -0.746472716 -0.257710814 -0.261867464 1.37900162 1.23159099
    -0.170767605 0.126848936 -0.359719574 1.29865432 0.0156672001
    -0.23162663 0.166890502 0.488371432 1.95311189 0.121682167
    -0.783887446 1.34134138 1.45478845 -0.857466161 0.46524626
    -0.184125304 0.677200437 -0.607123256 0.590416133 -0.621561885
    -0.112839282 0.541918993 -0.622742057 -0.0167524815 1.29397464
    -0.718896389 1.49185991 1.33419418 0.365483403 0.963345528
    0.535149217 0.0686606169 0.672814012 0.993910313 0.223733783
    0.674327493 -0.885436058 -0.223552465 -0.424990833 1.88567114
    -0.499647915 0.707659364 0.213805676 -0.59666568 0.601326585
    0.665091276 1.19742417 0.796937704 0.670255125 -0.579833865
    1.10141981 1.24724567 1.34035289 1.31269634 0.130861878 1.1842463
    1.13131571 1.22277689 -0.682873249 0.336499929 -0.870343268
    1.73280215 -0.740202129 -0.791011274 0.917452216 0.582893908
    -0.383767515 -0.436438948 1.97717273 0.566182077 1.48585904
    0.702671647 0.172909081 0.280116796 0.485123754 1.3159852 1.40184796
    1.52672327 1.06444335 -0.131228447 1.19147444 0.261521161 1.14545345
    0.156576753 -0.0587558746 0.455405593 -0.466448128 0.684501708
    -0.0036714077 -0.395898759 -0.580971777 -0.359430015 0.768727899
    0.349489272 -0.0347210169 0.156216741 0.924121261 1.09038234
    0.656137228 -0.391442955 -0.228771687 1.29705358 -0.371100485
    0.187924325 -0.622365415 1.50825322 1.84617841 -0.305496991
    1.0014509 1.54744065 -0.0419306755 0.108176708 1.2593801 0.638186276
    0.414154351 1.30881369 -0.423051953 0.727979362 1.11147904 0.4198668
    -0.412709713 1.65598869 1.30514884 1.6215657 1.3871907 0.267695546
    0.846654475 1.80682611 -0.109688342 -0.64505446 -0.284389853
    1.25756383 1.20993853 -0.120348394 0.0198369622 0.109102607
    0.503647208 0.465476632 1.31029463 1.86874485 1.64325809
    -0.0969247222 -0.545541763 0.934490502 -0.400885403 -0.419904053
    0.98284328 0.269090116 1.38538313 0.847842038 1.24853921 1.04283977
    0.890905499 0.692301154 -0.702043414 1.33944201 1.78335404
    -0.821258008 1.29084826 -0.936664343 1.0452925 -0.598338962
    1.49995065 -0.264077127 1.47676671 -0.572848082 -0.0317752361
    0.615595043 0.18451488 1.94715261 0.415888131 -0.173197746
    -0.829574406 1.74725652 -0.517430663 -0.699941337 0.581735313
    0.450535357 -0.903121829 0.190916777 1.65815091 1.63978183
    -0.171381772 1.81962013 0.546747744 1.74004793 0.882806301
    -0.900921047 0.698041856 -0.534298897 0.309427142 -0.345472813
    -0.939810932 0.873821616 1.55625105 -0.317759633 1.4655093
    -0.495245218 0.970230401 0.984304905 1.93952787 1.79560184
    1.76918542 0.204886615 1.62763309 0.19740212 0.177096367
    -0.259414911 1.1294477 0.283667564 -0.760306835 -0.355458796
    0.353606999 1.06343222 -0.708641768 1.31776547 -0.240635037
    1.20473838 -0.374232113 0.628326893 -0.869984865 -0.266103446
    -0.578605235 -0.485227406 -0.362269461 0.497327089 -0.0877455473
    -0.252678275 0.412657619 1.8463335 -0.52735436 -0.747586012
    1.83481383 -0.263074517 0.673632503 -0.448131025 1.31099117
    0.709957242 -1.03165746 1.10218596 1.54300141 1.55892348
    -0.389569998 0.645331085 -0.493790925 0.433715641 1.44193137
    0.523792863 1.60098374 0.137228489 1.57268262 0.534772336
    -0.294703007 -0.340307474 1.76024532 0.46533823 0.127835155
    0.379376769 0.496194363 -0.315610021 0.555511713 -0.919294477
    -0.0870014429 1.11996913 -0.735515416 1.26843095 -0.608439386
    -0.151069164 1.52921283 -0.332436919 1.82334447 1.33529782
    -0.789583027 1.55971098 0.15933603 1.29206491 1.82323992
    -0.686606109 1.70633006 0.128647208 0.124578118 -0.288770258
    1.33783364 1.57577717 0.0314487219 1.83049428 -0.450360477
    -0.582986712 1.70156002 0.223721147 1.12094283 1.43569326 1.48752534
    0.680137038 0.705636859 -0.313328087 -0.790476859 1.26432014
    -0.755777717 1.75085151 0.161909699 1.57741022 1.33354628 1.64307857
    -0.0411111712 0.540395975 0.56894213 1.01586056 0.660531163
    1.29718971 1.29251099 -0.968343854 1.56473529 -0.0529847145
    0.492317438 -0.527412534 0.582460046 0.944852889 -0.241145253
    -0.0866559148 1.01546025 -0.18382591 -0.619928956 0.699782073
    1.89779055 0.0932326317 0.173263192 0.707117021 -0.348450243
    1.28353703 -0.686657667 -0.737310946 -0.105470538 1.64837301
    -0.203488648 0.0364669561 -0.52144897 0.108328104 0.220865667
    1.12097466 0.502735198 -0.42523554 0.17967248 -0.366526008
    1.69102359 -0.024055481 -0.623277903 -0.290773153 0.0285348892
    -0.76439631 0.776800573 1.02801728 0.917421222 -0.507106841
    -0.66599822 0.155865788 0.65692842 -0.452657223 1.65756917 1.058236
    0.0301898122 0.253674388 -0.490931362 -0.242695868 -0.923548579
    0.717036903 1.54917479 -0.0878459811 -0.648131907 0.147297084
    1.87929845 0.313403428 0.726767778 -0.763534307 1.04737425
    0.353282094 0.259804547 -0.688255012 0.673745096 0.634143472
    -0.276686549 1.3435688 1.50501847 1.67286801 1.25266707 0.290145338
    -0.275400281 1.5437299 -0.0134957433 -0.445053548 0.404521465
    0.393651783 1.09618211 0.79148376 0.308122635 0.425233424 1.00923991
    0.752446592 0.224315464 1.58152413 0.847391486 1.6912533 -0.346322
    0.520661891 -0.25641036 -0.00522089005 1.32085443 0.0135856867
    0.439883709 1.29259014 0.328425884 1.33178663 -0.737538934
    -0.420158327 1.30201256 -0.15849936 -0.413163483 1.74207783
    0.372454882 -0.590202093 -0.316564798 -0.575695515 0.733187914
    0.0818588734 -0.137494922 -0.394449592 0.647193015 0.540691674
    0.76071173 -0.115727961 -0.290115774 -0.0476284623 1.54488313
    1.8621068 1.96462274 1.65564311 0.814065754 -0.744977236 0.835887909
    1.618644 0.120456338 1.48713422 0.243759573 -0.203722835 1.73297048
    1.38815451 -0.594577074 1.49848199 1.69093823 1.28517902 0.127251029
    0.705516517 0.942494094 0.194420755 -0.390724897 0.950633228
    0.087358892 0.925207317 -0.710904121 -0.40552339 -0.0536131263
    1.08986211 0.171189427 0.901414633 0.162060142 0.123150945
    -0.804769039 0.542003691 0.635963202 1.12573791 0.714025319
    0.149064481 1.4324472 -0.142642915 1.31696582 1.0013088 -0.829068601
    1.49918509 -0.42326194 1.02853084 1.94498706 1.25771606 0.806761026
    -0.0650627613 -0.683645308 1.80744803 0.187167704 -0.424953282
    -0.0813884735 -0.0512795448 1.59372365 1.57669461 -0.0512276888
    1.24469233 1.05300152 -0.029790163 -0.5400002 1.73135769 1.39587927
    -0.315095961 1.53001726 -0.380636334 0.129636526 0.255999804
    1.00626254 -0.345223069 -0.543798268 0.93479383 1.78380537
    -0.855217397 0.204476357 1.97848892 -0.300031722 0.215731144
    -0.64390254 1.18853641 0.99262315 0.646328509 0.323164523
    0.362523139 0.649220467 -0.151542723 0.925848842 1.52981877
    0.313511252 1.22409546 0.0701002479 -0.479076087 0.493720651
    1.77124214 0.0728784204 -0.580823183 0.921476007 0.0284606218
    0.148295879 -0.883518934 -0.863652945 0.0129631162 0.615844607
    -0.0844835639 1.52202106 0.695876122 1.53846359 -0.0749120712
    -0.254055142 1.18202531 0.951764941 -0.406827152 0.449831009
    1.55609262 -0.904398441 1.43260217 1.2737807 -0.0184794664
    0.0544053316 0.368889332 1.55447423 1.59822559 -0.497092843
    -0.197843254 0.399881721 -0.015271008 0.906447768 1.39426613
    1.57681084 0.506712437 0.560067415 -0.0942590833 -0.10660851
    0.284328461 1.16192222 -0.413303792 1.17865157 1.31560493
    0.467107058 -0.179895699 0.815168858 1.62291026 0.0531933904
    -0.793547273 1.45727968 1.46837878 0.151600242 -0.365849733
    0.340458214 0.505709469 0.167360067 0.843481779 -0.0347619653
    -0.812843263 1.59315252 1.0590657 1.69808137 -0.526630163 1.30022693
    -0.270521402 -0.265565872 1.72586703 1.35037148 1.54289842
    1.24451625 -0.492582202 0.101189613 0.699997604 -0.0818254352
    2.08425856 0.305599988 -0.259656131 0.626600921 0.723362982
    1.49947786 0.568194032 1.37493253 0.471237063 0.115195274 0.97475183
    1.21774745 -0.280359209 1.64097643 0.33103019 1.64478207 1.936867
    1.62643361 -0.280665576 1.81734085 0.161594361 1.8512063
    -0.114236116 0.284822822 1.81490517 1.6658684 1.95086908 0.668601394
    1.20503759 -0.661660969 0.361046135 1.21975636 -0.8701123
    -0.615193486 0.302214265 1.38760698 -0.389892161 -0.389181018
    1.28500438 -0.443927705 1.68082762 -0.451186538 1.78446054
    -0.706560135 -0.500653923 0.21640265 -0.57705009 -0.65984261
    0.88913393 -0.485622853 0.29652673 0.0718015432 1.13609576
    1.56276274 -0.747895718 1.74713087 1.0413301 -1.01542234 1.47426081
    0.138442397 0.214925766 1.5524925 1.91935754 1.77248359 1.49014521
    0.878150642 0.515307605 1.40641916 1.17517817 -0.725926638
    0.0685151219 0.0783334374 -0.658127904 1.65806997 1.23870039
    1.05874324 0.142212093 0.520571709 -0.495011657 0.726324201
    0.997085989 0.977088571 0.0745052695 0.935170233 0.604760408
    -0.802755058 -0.57836616 0.845775843 -0.100336552 -0.349266708
    0.894335985 -0.768060088 0.5219993 -0.470728457 0.127062201
    0.786877036 0.528407454 -0.718392372 1.69147253 -0.0631953478
    1.57310998 -0.221081614 1.73686111 0.431426466 0.214029074
    -0.544038534 1.80544162 -0.0135942101 0.0818592906 0.829706013
    0.572610617 0.790186107 -0.0536891818 1.05776572 -0.00216400623
    1.50418198 0.0179965496 -0.248169363 1.77885103 -0.145676494
    -0.318865418 -0.843921185 1.5256989 1.12911248 -0.867937922
    1.16130471 0.557914436 1.17705238 0.31233418 0.601140559
    -0.323589265 1.74298167 1.7517935 -0.255734265 0.147993922
    1.28965378 0.888074756 -0.865962148 0.316042185 1.14593506
    1.72521436 1.26842272 0.245842218 1.61239254 0.611786127 1.17465532
    1.65096593 0.94179976 -0.944604158 0.832154989 -0.488274455
    -0.0579509735 0.608293176 1.44762039 0.614108086 -0.438772142
    1.31134903 0.249872744 -0.0612076521 1.92594647 -0.126242995
    0.652411878 0.555039287 -0.226134598 0.0381830931 1.75999391
    -0.491696656 1.21016371 -0.527019978 1.511657 2.01545882 1.09709573
    1.73801601 0.864632368 0.718148232 1.34429252 -1.0006212
    -0.154203475 1.74250793 -0.842846394 -0.541710973 -0.0149054527
    0.80319643 1.35856318 0.974979877 1.33534563 0.802123547 1.83191431
    0.889180601 1.30722952 -0.442055941 -0.0439805984 1.98661089
    -0.482318819 -0.632713079 -0.546599925 0.751081109 -0.701517463
    1.6341536 -0.727561951 1.72038901 1.56651425 0.3747437 0.403689265
    0.608365238 -0.177798331 -0.981283724 0.890135646 1.59689164
    1.61447704 1.37054801 0.672212899 0.118093848 -0.258810461
    0.662648559 -0.0843519568 -0.146393418 -0.276010394 0.678867221
    0.96448493 1.23008215 1.1578052 -0.195786059 1.1551981 -0.459474087
    1.5241437 1.48364413 -0.71489954 -0.151621461 -0.231382787
    1.39284515 0.437472582 -0.124920368 -0.568707943 0.526185036
    1.73584569 -0.166833341 1.41547155 1.15396011 -0.839689612
    1.84085739 1.32705927 -0.886774242 -0.624262333 0.527334332
    1.38583231 1.9834218 -0.967454016 -0.924138069 1.80498505
    0.952756166 -0.101127207 -0.116766155 0.495040536 -0.108861089
    -0.210048914 1.90680146 0.0624272227 0.0543541908 -0.435167074
    0.414399445 1.27329934 1.80522943 0.639081478 -0.0778410435
    0.928013563 -0.224617064 1.33848858 1.51198959 -0.269181967
    -0.688346624 0.576983571 -0.0486565828 1.09072924 -0.117554367
    0.58712101 2.07962227 0.575759351 1.20349824 0.921123981 -0.25946945
    1.85940814 -0.803246379 -0.443374723 1.60954332 -0.341877103
    -0.264881879 0.190620601 0.699410379 -0.0922825933 2.07753181
    -0.409172714 -0.200712621 -0.405842394 1.93494558 1.09995854
    0.116762936 -0.0709325671 -0.836746573 0.977052271 0.727658927
    -0.675485849 -0.527062058 1.37343013 -0.789335668 -0.126423419
    0.859204292 -0.380552053 -0.797327161 0.873005033 1.1772387
    -0.318305552 0.587774634 -0.684412301 0.655292034 0.428997636
    0.65027535 -0.095510006 -0.62029016 -0.738391936 -0.499968201
    0.368832588 0.279233634 1.57309198 1.61060905 0.79853797 1.55558765
    0.515060902 0.533991396 1.34055758 1.78149891 1.03337622 1.60921395
    0.227808356 0.977987945 -0.233056903 0.341237068 1.66862702
    -0.90605855 -0.192028224 -0.846984088 -0.644409657 -0.82408154
    1.48901093 1.74530339 1.97919559 0.745019853 -0.11067158 0.788039804
    1.07435548 0.348592341 1.57052779 1.1637789 -0.294216216 1.52655113
    0.606855512 -0.588187158 -0.0207720995 0.0965337753 1.23331571
    1.87423158 -0.0388872623 0.887179017 1.49796486 0.0608651638
    -0.159873724 -0.243369758 -0.629631817 -0.566978216 0.0576267242
    0.988530338 0.424576938 1.54053283 1.59022141 1.34856057 1.29386795
    0.463385105 1.29511237 0.437867403 0.731162071 0.18599236 1.72554862
    1.12255847 -0.0863758922 0.190277934 -0.232737839 -0.307285666
    0.285086989 1.18776476 -0.341561794 1.72250199 0.56362772 1.02641892
    -0.935781002 1.57267165 1.82488155 0.034565568 0.305252671
    0.762058854 0.667526722 0.793437243 -0.873125792 1.68320727
    0.26518774 1.29902005 -0.982074976 1.16073346 1.78562224 0.681630969
    1.70604742 0.209217906 1.06580687 0.848514438 0.725064933
    -0.481458008 0.036736846 1.19832802 -0.346322358 0.660014093
    0.803402185 1.07125974 1.40451407 1.16663301 1.30918956 0.657542586
    -0.837759376 0.619495392 -0.582583964 0.407729506 0.938606739
    1.39775169 -0.949244142 1.52872646 0.895111263 1.58785331
    -0.468062729 0.860685408 1.28774703 1.21578002 1.28074467 1.58962643
    1.62083471 0.855576277 1.15160906 0.244342923 0.300576329
    -0.58231777 -0.116949737 0.59972918 0.444538772 -0.294293225
    1.8372407 1.79338932 0.49742645 1.33298397 -0.800776243 0.526451111
    -0.0898358822 1.62078369 0.114613652 0.965433121 -0.174931407
    -0.497105658 1.28464019 1.56205916 -0.683921039 -0.346462965
    -0.580571532 0.474525332 -0.567498922 -0.750483155 0.617013514
    0.235976338 -0.104403019 1.44492996 1.05434239 -0.165665388
    1.11881304 0.902015686 -0.971286118 0.276935458 1.39613378
    1.38057768 1.03465533 -0.101150274 -0.435417533 0.173663974
    0.598286986 1.94478571 0.209795594 0.799264789 1.35807323
    -0.0944327116 -0.282093167 -0.103823245 1.73446 -0.262661159
    -0.288999915 0.341659963 1.03935814 1.20953345 -0.400857627
    0.809261501 0.542250156 0.109547257 1.66133046 0.987639904
    0.0630825758 1.05408549 1.54229188 1.86572409 0.974675953
    -0.911141336 1.253582 -0.045268178 0.550091505 1.0693984
    -0.316754162 -0.846045852 1.45046484 1.15376043 -0.161274254
    1.38774943 0.150750279 1.08213556 0.872997403 -0.259333551
    -0.556329191 0.778611481 -0.458397985 -0.120593429 -0.040756464
    2.10559607 0.262969553 -0.625242054 0.925486207 0.569244623
    -0.715530515 1.24601841 -0.0248252749 -0.747286141 0.598702192
    0.733974874 1.22704458 -0.538844109 -0.483792007 1.38727093
    0.870898664 1.02820599 0.549854457 -0.141657889 -0.960516393
    0.906822562 1.27745569 0.944670439 0.306791484 0.399653494
    -0.654933035 0.25839746 -0.191228926 1.49565268 1.62700784
    0.560490072 0.708670974 1.4041369 0.34171176 1.2681998 0.00727498531
    1.20444977 1.74237573 1.55894244 1.07017565 0.389235258 1.236853
    -0.275073707 1.77079451 -0.686948299 1.3389132 0.0359222889
    0.715476811 -0.310804725 0.388210714 1.80264258 -0.561142206
    -0.982187986 0.820148706 0.204278708 -0.395694315 0.175725281
    -0.340236425 -0.695972741 1.33281803 1.48531592 -0.545783222
    0.719436467 1.59526873 1.68840742 1.20265603 0.95390296
    -0.0831795931 1.00164413 0.453848839 0.882952929 -0.368035048
    1.109478 -0.456617206 -0.77351886 -0.81030792 1.51994157 1.29240942
    0.00358223915 1.15748394 1.40871596 1.39642751 0.794812381
    -0.680534124 -0.0182487965 0.94019413 1.91712666 -0.527823687
    -0.902155221 -0.713638604 1.96718645 0.94802016 -0.721006751
    -0.310467899 1.75957513 -0.690785646 -0.781543434 -0.342624187
    -0.661204994 1.61045575 1.66636348 1.08964074 -0.713484049
    1.67198932 -0.293515384 -0.710086823 1.66160798 -0.589388132
    0.440822065 0.386364102 1.29424536 -0.578429699 1.26658785
    1.25177777 0.0745948553 -0.300189018 -0.646896958 0.199588537
    -0.824847698 1.39053953 1.20958042 1.53272367 0.777210474
    -0.717108667 0.857573748 1.46796024 0.92261529 1.71939778
    -0.0703213811 1.28641021 1.17551529 1.66745222 0.00536441803
    1.64555156 1.78140891 1.12089801 1.18018413 -0.69332552 0.430646479
    -0.371780872 1.59172761 1.74238133 -0.162516177 0.130978942
    -0.609194994 0.81092453 0.51264298 1.16415322 0.633412063
    -0.807691872 -0.881186485 1.23378396 0.204917192 0.635128736
    1.44567513 -0.997696042 0.201648116 1.02444577 0.989952028 1.6503427
    -0.888425887 1.167418 1.68143523 1.22759557 0.46263957 -0.494785607
    1.25844824 0.262676001 -0.653056026 0.391768157 0.935167193
    0.635151267 -0.761887431 0.426879406 1.05934882 0.728883266
    -0.574304342 -0.534203529 1.17197204 0.584885478 -0.960079372
    1.48821568 -0.941067398 1.34490573 1.76420546 0.306361735
    0.818939269 0.550532758 0.357569218 1.30894542 1.88410807
    -0.706531584 1.18169796 -0.595156312 0.910827398 1.19473481
    1.83156657 -1.02910495 1.18418813 1.51101911 1.76064157 -0.139845133
    -0.441092283 1.95931649 0.466575086 1.43976986 1.36084914 1.08728576
    -0.234574378 0.748782873 -0.544067383 0.46291995 -0.811874747
    0.251634121 1.61480439 1.25580645 0.929460168 1.51877487 1.35884619
    0.350560665 0.710598528 -0.0202524066 -0.1197806 1.31531978
    1.69408655 -0.391166985 1.92405033 -0.512491941 0.111900926
    1.08278072 -0.422905624 -0.965219259 0.314697742 -0.85829109
    0.397153318 0.752989411 0.182687223 1.18577933 0.0334365368
    1.50768018 0.723175406 0.0613377094 1.60098267 0.0517737865
    1.21867406 1.33306313 1.18836975 0.149707913 0.538379133
    -0.720078707 2.14584374 -0.731844962 -0.695712388 0.288463116
    0.403622925 0.27932775 0.371182501 2.06613779 1.84568155 1.77950788
    0.0247097611 0.772179961 -0.16458112 1.02010655 0.674190462
    0.954081833 0.103054166 0.693902314 -0.143814683 -0.342448533
    -0.863109052 -0.461370736 -0.400414228 1.80452251 0.964118004
    0.825434804 1.57639027 0.481374741 -0.167519689 0.0728120804
    1.18886232 1.47378194 0.516546726 1.12923861 1.0039978 1.64989328
    0.62863487 0.926788449 -0.555842519 0.304571629 0.758260608
    0.692663074 -0.363330483 1.65326142 0.0747932792 0.780235887
    1.44112909 0.612992465 -0.0937842727 -0.294165075 -0.330423862
    1.05120194 -0.212832034 -0.200932384 -0.186931312 0.267403483
    0.273438215 0.721469045 1.35307038 0.723526716 0.635808468
    1.60101688 0.990374267 0.285131454 -0.721002579 1.16167927
    0.691277325 0.320966661 0.623026609 0.0154512525 1.44668078
    1.74470186 -1.98483467e-05 -0.304362595 -0.587093174 -0.225354075
    1.36723995 -0.244237363 0.174335599 -0.360823959 -0.643657446
    1.33544457 1.17226934 -0.311548233 1.71935594 1.88135934
    -0.733652472 -0.188362896 1.2063247 -0.655958235 -0.695881605
    -0.435496777 1.21255803 0.598798573 0.446350813 1.26185298
    0.195646286 1.43960071 -0.306632817 -0.305275142 1.44712639
    1.90119874 0.809060216 0.146752119 -0.736057937 0.693795443
    0.892843127 1.03210902 0.394202113 1.58316672 -0.471566916
    -0.699255943 1.76311338 1.3587954 1.54274631 -0.261369228
    0.483442307 1.9754703 0.0666564107 1.43877554 0.933696508
    0.701862752 1.25311446 0.958504081 0.120201111 0.878662944
    0.590657711 -0.913237333 -0.886023998 -0.590287566 0.0714308023
    1.20505226 -0.734188318 1.86307871 0.131742179 -0.940875292
    -0.846694291 0.586110711 0.366323352 -0.770530403 -0.771653652
    1.16949379 -0.00395852327 -0.853960991 -0.515234709 0.416214228
    1.02788329 -0.0508242249 -0.0503587723 1.19500947 1.7100383
    -0.0240346193 0.0559401512 -0.591897726 1.25030601 1.29061544
    1.87548995 0.693044424 0.834543586 1.3327204 0.623739362 0.493457556
    0.820599675 0.200184345 1.01055694 -0.597064137 -0.217744172
    -0.908620715 1.19378126 0.989021659 0.841212749 0.427005172
    1.48163915 0.992872417 1.60175073 -0.704529047 1.04331815 1.8033917
    -0.305662751 -0.216708183 1.2539959 1.52569675 1.04596424
    -0.425603628 1.2146008 0.145947516 0.563058257 1.42564225
    0.404141068 0.0416665077 -0.43880105 1.23199761 1.57520771
    -0.73668623 0.466404557 0.0311363935 0.330559611 -0.675199389
    -0.127168953 1.66273308 1.23170054 0.442685962 1.47884798 1.62690663
    0.808893085 -0.658100486 -0.730312765 -0.330155432 1.5796845
    0.623908401 -0.560318112 0.18268013 1.14432359 1.36261737
    0.118308783 0.322580755 1.4896946 -0.627029061 1.59527826 1.08981037
    -0.166252136 1.53076053 0.902125478 1.71871293 -0.509400845
    0.828659475 1.81525552 -0.597659826 -0.633530498 0.826477766
    0.662409544 0.896977186 -0.637693465 1.24552929 0.513471127
    1.24929571 1.00432229 0.279948473 1.56364799 1.58795059 -0.214653671
    1.57029915 -0.812803686 1.76448643 -0.164129853 0.959558129
    1.41532564 0.998204947 -0.202729762 -0.652226567 0.195281148
    1.51610446 0.407165289 0.79474479 1.25998485 0.348519504 -0.31125167
    1.26483762 0.940640748 1.3664856 0.903758228 -0.0593562126
    0.230922401 -0.39046514 0.948509336 -0.436534226 2.1008997
    0.0549095273 0.522745192 -0.320792913 0.0314812064 -0.379714727
    1.70138264 -0.622677267 1.68518591 1.59940219 1.42992723 0.683344662
    1.89176202 0.942171276 -0.243956745 1.44364989 1.49668026 1.78598559
    0.207415342 1.04360032 0.908637941 -0.339351475 0.345679939
    1.33761621 -0.597881913 1.100335 -0.410774887 -1.03736877
    0.822624445 1.67932212 1.35745096 0.862589478 -0.203561366
    -0.592048764 -0.976838768 -0.298750699 0.0925403237 1.10174429
    -0.190552652 1.92858529 1.86661744 -0.347084343 -0.176327705
    0.0436772704 1.78815627 -0.934520781 1.2447319 -0.0227371454
    0.432987869 1.51050305 0.627272666 0.778475523 -0.150797069
    1.39877546 0.850012422 -0.453585982 0.0751425624 -0.425028831
    1.42321587 -0.919860959 1.63484812 -0.111241281 -0.704946339
    -0.503491104 0.0395894051 1.98258591 -0.346101254 0.183363199
    1.25964236 -0.349500448 1.34497213 0.0957797766 0.568278313
    1.21304071 -0.331025124 0.633238554 1.15626907 1.43017936
    -0.18834424 1.33234191 -0.690597355 1.58744097 -0.506067872
    0.94621104 1.59810758 1.44494855 -0.647422433 1.43941915
    -0.681107104 -0.0124797225 0.88750869 -0.933103561 0.681551754
    1.92230344 -0.763914585 0.794656515 -0.920491278 -0.0695165396
    1.64340663 0.180978417 1.01862597 -0.372381628 -0.0909330845
    -0.932089508 0.399032712 1.02165985 1.79626489 -0.406654269
    -0.553996444 -0.615027606 1.06023669 1.1992619 1.81844854 0.9259848
    1.29648113 1.77097631 0.624894619 0.976294637 0.61097002 1.00571287
    1.41529191 -0.110892296 -1.03088045 0.836394072 0.0178563595
    -0.704836786 1.35307288 0.469726086 -0.646336138 0.971108079
    -0.846354246 0.887230277 1.37625957 0.798365653 0.795748115
    0.552251875 0.522425294 1.09180164 -0.630115449 1.13704777
    0.961781979 1.0643152 1.74987578 0.057749629 -0.041990757 -0.6069327
    0.219933331 0.594755352 -0.635731578 0.364831448 -0.0905233026
    0.412690163 -0.229817092 1.20790374 -1.0140667 0.631358385
    -0.720008969 -0.109270155 0.727628946 1.60675335 0.509500504
    0.280833006 -0.840320468 -0.144875169 -0.551790118 0.28926003
    1.59694624 -0.347299993 0.263876557 -0.842710614 0.947053611
    1.32738471 -0.354832947 1.20478404 0.267931342 0.535772026
    0.86486119 1.39460909 0.265317738 -0.509835124 1.20169175
    0.837328553 0.841797411 -0.910533428 -0.713613629 1.75746357
    1.97945642 0.494024277 -0.332705617 1.62397218 -0.926107049
    -0.397256494 -0.139177144 1.42029309 0.384310365 1.04003692
    1.67949235 0.916099131 -0.806528032 -0.783355951 -0.286221325
    0.592698812 -0.38855511 1.54297388 -0.173024178 -0.589271307
    0.897624254 -0.623285949 -0.649286449 0.771912336 -0.188297987
    1.00831795 -0.910021365 0.124335527 -0.131263614 -0.7477054
    0.646022141 -0.227131367 -0.656276584 1.5586338 -0.665829778
    1.75349259 -0.423585057 0.594451725 0.7750898 -0.608193636
    1.59321916 1.34315991 0.174008608 -0.388023734 -0.286066532
    1.09795308 -0.151301801 -0.772146463 1.71882749 -0.822792411
    1.51388359 -0.175101161 -0.48302871 1.36459756 0.466587901
    0.0890475512 1.13259256 0.335759521 -0.424373806 0.201901793
    1.10402894 0.0861796141 -0.687585354 1.48980725 0.451383948
    1.25708997 -0.01932621 0.144578397 1.48092818 -0.0131181479
    -0.685581326 -0.393496037 -0.540279329 0.201221764 0.334255338
    1.58849692 0.405962706 0.00893449783 1.21446466 0.693243861
    0.684220552 0.167743564 0.597753406 0.17963171 -0.580403626
    -0.706506491 -0.342657804 1.36269462 1.50388861 -0.406165242
    -0.637483239 1.23357511 0.278307915 -0.284155965 0.0102227926
    1.55301416 0.758797169 0.701637805 1.07168651 0.0300444961
    0.937501252 -0.097951889 1.82412338 0.502095044 -0.413904548
    -0.651761651 0.961771786 1.78191185 0.311419368 0.96739924
    -0.721528649 0.291087925 1.24561107 0.94958055 1.51301074
    0.188381433 1.95057821 0.98766458 0.0524501801 0.901161551
    -0.29824847 1.50150895 -0.773920894 0.280456781 -0.275737762
    0.701638579 0.6038481 -0.634515822 1.79347181 0.78460604 1.14949596
    -0.208272755 1.0777781 1.34370351 0.87652564 2.01619911 -0.386161387
    -0.0272471905 0.78564775 1.07205236 0.847914398 -0.261697352
    0.328688979 -0.702245712 0.117290974 0.131332338 -0.829663277
    -0.338636786 0.210199296 0.17790246 1.8483882 -0.655136526
    0.516098261 -0.0859043002 0.203565776 1.60608232 -0.789261937
    0.196365595 -0.3024894 1.83772981 1.73629141 -0.278587043
    -0.448689222 1.29612708 0.694698453 0.917162716 1.01429582
    1.32273459 0.817681313 1.65257108 0.0690437555 1.78044581 1.10929
    1.13973463 1.37402034 -0.499054551 1.2773366 -0.0689718723
    -0.135120988 -0.181042373 -0.496355057 0.808170319 -0.657577097
    0.308138847 -0.597480297 -0.838298321 1.72995317 0.687167287
    0.34913373 1.74925292 0.208026171 0.727371216 1.04323983
    -0.351303935 1.91071498 -0.813258052 1.41423309 0.394711256
    0.705896318 1.59456658 0.63501507 -0.75582552 1.33777273 0.701138794
    -0.157521248 0.865540385 0.95980382 1.33885586 -0.990151227
    1.42694724 1.19791877 -0.246222317 -0.566146612 0.527914762
    0.330312371 0.138401926 0.195528269 -0.133055747 1.8368907
    1.21164262 -0.227082729 -0.0455878377 1.53132081 1.6498574
    1.24190342 1.2758553 1.33551717 1.17307937 -0.695447326 0.523005486
    -0.936083138 0.501259089 1.39755535 0.227514148 0.162781835
    1.79207516 1.35214877 0.572762072 1.73813069 1.03360534 1.06280625
    0.321717143 -0.447144866 0.888095021 1.29936004 0.57480824
    -0.957208037 1.43152428 1.47390556 1.54506791 0.0319861174
    -0.331587315 1.7315824 1.79842079 0.362239361 0.579072833
    0.606008351 0.246325374 0.637332857 1.8804543 -0.185502172
    1.37939155 -0.997081757 -0.65383333 1.34004557 -0.996015608
    1.12161589 -0.401345372 0.470951796 -0.299458921 1.80656707
    1.42661047 1.23008275 -0.0800045729 1.88900614 1.94310081
    -0.0856208801 -0.925099492 0.871817827 1.19972456 1.01025021
    0.545254946 1.35721576 1.64818764 1.53928304 0.753021181 0.463936031
    1.53608096 2.07788968 1.31328082 -0.540963173 -0.327175677
    -0.0081833005 -0.291539729 -0.610031366 0.505538166 -0.263363302
    0.212266088 1.21531916 -0.35530442 -0.254117191 0.893389344
    1.27926064 0.694151878 0.178125978 1.21161699 0.685734868
    0.266235948 -0.194850802 0.657049894 1.44098973 -0.134637654
    -0.00479274988 0.0387160182 -0.676749349 -0.854565442 0.460811615
    -0.448802054 1.46395886 1.00029337 1.28743732 1.18979454 2.09188533
    2.20446205 0.547057509 0.890702486 -0.762078941 0.875094652
    -0.732512712 -0.635739207 1.87065125 1.00497937 1.25702512
    0.617624521 1.41978896 0.570590973 1.33167744 -1.07654214
    0.207080364 1.10872328 -0.110670447 -0.180518091 -0.81547755
    0.807979643 0.0517365336 1.09978735 1.44461942 -0.458754182
    1.59029663 0.902332902 1.06009805 -0.493795693 1.67101145
    -0.617986262 -0.719985366 1.87734437 -0.223734021 1.73288965
    0.52318269 0.736914992 1.01051855 1.69343054 0.301730156
    -0.0271172523 0.233296454 0.127943993 -0.778341353 1.85138392
    -0.588844121 0.674129248 2.03755331 -0.938168108 0.174642801
    0.372004688 -0.576549411 0.843592405 -0.015763104 0.675565004
    -0.369241536 1.40917623 0.950036645 -0.508660376 -0.556031823
    -0.650488496 1.59488714 -0.219416022 0.659977019 1.8299346
    0.296790838 1.26938152 -0.186069548 0.0551738143 -0.669149458
    0.0211969614 1.76370776 -0.318800986 -0.182075322 2.06954288
    -0.705681324 -0.408000618 1.81404746 -0.139333308 1.32741201
    0.145446718 1.1474421 0.162053287 -0.190961957 0.0027718544
    -0.206618369 1.58546591 -0.138673663 0.570473194 1.80424666
    0.746826589 -0.597356319 1.07319832 0.864512384 0.748388588
    1.84664941 -0.654173613 1.68740427 -0.375527352 0.555609763
    1.13958573 0.574121118 1.67492998 -0.557557702 0.362174571
    0.222551227 1.21508002 1.20407355 -0.711058736 0.900260091
    -0.496471256 -0.616863608 2.03964758 -0.459602416 -0.591565013
    1.77103841 -0.979565918 1.13125849 0.428445458 -0.518483222
    0.54477489 0.925798535 -0.235456049 -0.433780193 1.60389686
    1.2338326 1.81026471 1.22243381 1.20779216 -0.448711514 1.42481065
    1.38485146 -0.624040067 1.8385309 1.29826438 -0.628426433
    -0.199802876 0.715016961 1.3311305 0.166483164 1.42839372
    -0.845906317 0.192047834 1.4742415 -0.141138613 -0.877370179
    1.57767892 0.306047261 0.642481446 1.21517944 1.88720727
    0.0472354889 0.0947764516 0.641834855 0.0592771173 1.83181834
    0.526376247 1.23970032 0.99552381 -0.474196374 1.60668945
    -0.175243855 -0.590810537 0.834631681 1.71096015 0.599706054
    -0.541480541 -0.43212384 -0.675116301 1.86995888 0.387597322
    0.588060617 0.256385684 1.44043803 1.62694216 -0.779186726
    0.790568888 -0.760988116 1.36523521 -0.715609312 0.775810778
    -0.143856525 -0.430973411 0.228864074 1.41510117 -0.537029207
    0.665845513 -0.546002269 0.0316876769 0.431026101 -0.381075859
    0.445633531 1.5764873 0.398067951 -0.723390341 1.70423913 1.73387361
    0.394731522 1.70564556 1.42474699 0.461215317 0.0579262376
    1.58637452 1.22457051 0.191318154 -0.182609797 -0.128201067
    1.56689513 0.975529492 1.36622834 -0.452207446 0.869153619
    0.359560192 1.35290563 0.745482922 0.103556156 -0.260207117
    -0.438428879 -0.445932597 -0.192915618 -0.363164604 -0.534369111
    1.13290584 -0.578143597 0.950319588 0.706545293 0.196739674
    0.804705203 -0.498091638 1.73872519 -0.626041949 0.286023736
    1.05409169 1.24061894 1.5938251 1.21752024 1.72953367 0.613331676
    1.06396902 0.0390608311 1.32814002 1.78955436 1.23528361 0.665431976
    0.0520032644 1.0053488 0.691049159 1.02288866 1.77828717 1.80665827
    0.0886865258 0.19785285 1.27525043 1.27542925 0.81329155 1.9171778
    0.681544423 1.10050368 -0.22368294 1.91192031 0.258930445
    0.877064168 0.620823264 0.1759848 0.176378846 0.0866836309
    0.0364345312 1.49486208 0.732771754 1.14461923 0.6547786 0.502159238
    -0.6720438 0.0731434226 -0.0326546431 1.69705033 -0.711470664
    0.505712271 0.708659708 0.104108691 1.04680181 1.15919924 1.62129998
    -0.508961797 0.158661842 -0.107022524 -0.328794658 0.586280107
    -0.350248754 -0.439555466 -0.0659764409 0.454524934 0.0142056942
    -0.958514154 0.884154797 1.0496769 1.29589367 0.521576405
    0.662728131 1.0812161 0.41685009 -0.4795807 1.7090826 0.98438251
    -0.780979216 -0.369405925 1.79709411 -0.204205036 0.359216511
    -0.0591628551 1.42773581 -0.0830536485 0.983583093 0.132173896
    0.250536203 -0.895283759 1.91950464 -0.00705313683 -0.440919936
    -0.26331526 -0.822836518 0.813339829 -0.916262507 0.596384406
    0.891801 -0.363458335 1.26862311 0.463287652 1.17170775 0.3399207
    -0.822876751 0.194725156 0.146950781 1.29174304 -0.549624801
    0.924011588 -0.437513232 0.707951128 0.446846604 1.7365365
    -0.645552814 0.000314176083 0.497876525 1.40822613 -0.506680548
    0.489274025 -0.268424153 0.740447342 -0.0964952111 -0.189187944
    -0.277234614 -0.078807056 1.57355464 -0.274448991 -0.881426513
    0.852011621 1.61052561 1.41023362 -0.842929304 0.841428459
    1.21693444 1.36637354 1.44362891 0.664556503 -0.833957374 1.6915493
    1.6834718 -0.21503824 0.880877852 -0.360117853 0.501385093
    1.73770094 0.783301532 1.6182009 0.718208551 0.666693687
    -0.288924575 0.483264565 1.06867385 1.66461253 1.69173431
    0.157758355 -0.988044977 1.61699605 0.0937941074 0.991382122
    0.551118612 -0.245722234 -0.375952482 0.236945331 0.490045726
    0.874376476 -0.705021381 -0.419262469 -0.217208445 1.43369079
    0.629565716 1.02740383 0.947302461 0.681299865 1.25264263
    -0.0764270425 1.13608336 -0.0733620524 1.28894556 -0.680395186
    -0.355200171 0.922248185 -0.518977106 -0.485950232 -0.55174911
    8.82148743e-05 -0.749869347 0.802722812 1.60537064 0.628252745
    0.333873868 0.31342566 -0.0898954868 1.6986239 0.111359656
    1.84324527 -0.0233299136 1.62680483 1.30127513 1.23193395
    -0.833265781 -0.940195441 1.38913846 -0.232573628 1.68737364
    -0.619209647 1.17372227 -0.763946235 0.956127763 -0.120945692
    0.816730738 0.836924314 -0.972293377 0.827189445 1.27997339
    1.30573094 1.47296453 1.42267549 1.41840172 -0.173418045
    -0.225403666 -0.506394863 0.618477404 1.26349354 1.03798008
    1.10159242 -0.398570657 0.422930121 -0.741075039 1.53437972
    0.0235412121 1.06194115 1.1664058 0.262629509 0.537139177 0.39988184
    -0.819057345 -0.899845123 -0.600639045 1.69257474 -0.109420776
    1.62412548 0.870838523 0.70890367 0.186281502 0.843470812
    0.816794932 0.385340393 0.0973637104 1.89803147 -0.0870518684
    -0.703280151 -0.279352009 0.934057891 1.58895016 -0.18322283
    1.16671944 -0.318072081 0.704421639 1.49713302 0.112971246
    0.871044397 -0.513686895 -0.124053299 -0.416469067 -0.349902689
    -0.343536496 0.908093691 1.65830219 1.02921176 -0.780222595
    -0.262612045 1.47502136 0.721171856 0.555326581 -0.911855221
    1.69323707 1.84831178 -0.861406803 1.55393839 0.79629463 0.525534987
    -0.29566437 0.0986958742 1.57648957 -0.358353317 1.08097219
    0.718905568 0.959092021 -0.186590672 0.548266113 0.593381464
    1.5437572 0.429720283 1.05297792 0.594594717 1.64737201 -1.00778854
    1.65441322 0.183148384 1.78133523 -0.294865489 -0.0558146238
    0.10481751 1.33923507 1.6739254 -0.0110732913 -0.298927635
    -0.284808517 0.0505853891 1.57886362 -0.905407429 0.852953136
    1.35677052 1.0039742 1.23976743 1.73897624 1.82637715 1.7256006
    0.335191131 -0.689592123 1.07264686 1.70457172 -0.858545303
    0.613060117 1.59432495 -0.80699861 1.54117489 -0.548995972
    0.158692122 1.70025492 0.00549381971 -0.535774648 1.50166643
    -0.210443199 -0.284248471 1.21238351 0.0237582326 1.81984448
    0.249206007 -0.263407648 -0.12345171 -0.559865594 -0.319888383
    1.88611317 0.430846393 1.50211859 1.71272302 0.633365154
    -0.505619884 1.13348866 1.57474899 -0.0448365808 1.23655617
    1.59433699 0.671722889 -0.328377604 0.834112644 1.1550231
    0.508065343 -0.797319353 1.66273737 1.5739615 -0.347594559
    1.78736913 0.581893086 -0.312413156 0.798890531 0.660692453
    1.6390264 0.563568413 0.71651876 0.828565657 -0.780583143 1.57500434
    0.303964555 -0.4231323 1.53665471 0.138641179 1.88475251 0.291831136
    0.976458311 -0.392329454 -0.127841473 0.0782160163 -0.211116374
    -0.789295197 0.275375962 -0.643155277 -0.207098067 -0.905587733
    1.39439774 -0.176207423 1.38985324 0.448584318 0.562653542
    0.0359805226 1.10509682 1.70895934 0.696368694 -0.894670367
    0.661628127 1.61645031 0.384879351 1.2208823 0.038659811
    -0.014844656 0.353363633 0.536183715 0.294071078 -0.822586417
    1.84910655 -0.301121652 -0.322569191 1.57295918 0.219277024
    0.968430221 0.866889298 0.436986744 -0.172155797 1.60620093
    1.88108802 1.8237437 0.973160267 -0.586523473 0.30937922 1.37467229
    0.963319302 -0.0921911597 1.86674118 -0.348928392 -0.463293582
    1.83212614 -0.637667596 0.0762609243 1.21862864 0.271115482
    1.68266308 1.10211277 1.95533621 1.86162758 0.0436324477 0.373595774
    1.20015681 -0.506744385 -0.0722209811 1.05500472 1.43484402
    0.0275275707 1.74690986 0.218199134 0.880348861 0.0102428198
    -0.769583344 0.412654281 0.850628078 0.737049699 0.741172493
    -0.2242468 -0.425631911 0.26175344 0.358913302 -0.427008033
    0.252783179 1.3438592 0.385917902 0.542279601 0.927257478
    0.128462911 1.5196594 1.46018755 -0.377961934 -0.946859837
    -0.462829947 1.00071168 0.813496053 -0.138777614 0.966937959
    1.02762532 1.05400407 -0.184824586 0.0486273766 1.5296402 -1.005633
    1.01085317 1.29963803 -0.817675233 0.498089194 -0.781719923
    1.75410318 -0.860909402 1.27639782 -0.113605559 1.50704145
    1.95360255 0.527577102 0.992591202 -0.673525274 1.42019928
    0.858482182 0.500970483 -0.231291354 0.098939836 1.00449526
    -0.739137292 0.430837154 0.370600402 0.309069991 0.763837397
    1.77282572 0.0581394434 0.111744404 0.685195684 1.83072209
    1.53701651 -0.353587449 1.46684957 -0.673668027 -0.404690593
    1.40486634 0.407140315 -0.832473338 -0.775510609 1.42407632
    -0.435491145 0.647108316 -0.100434542 -0.964725018 1.44053757
    -0.648460686 0.946700573 0.386826515 -0.410868227 0.459203482
    0.242809653 -0.408371985 -0.355172873 -0.643184066 1.3358376
    1.51404881 1.83707571 -0.210037649 1.80461836 1.69727039 0.170617282
    -0.118978083 -0.262844682 0.103235841 0.959040582 1.58675408
    -0.726001203 0.471016884 0.0506588221 -1.02963459 0.688618422
    0.379127264 1.51163673 0.203611374 0.906483412 1.47561562 1.87382817
    0.768982649 -0.529943466 -0.337849587 -0.206323922 0.49805671
    0.628675699 0.63224864 -0.598565042 1.85562634 -0.439991474
    -0.664576709 1.55580473 0.526338816 0.343570411 0.490911424
    0.84569037 0.420263469 0.671557724 0.32543993 1.70987546
    -0.788192511 1.72585249 -0.174248338 -0.631414652 -0.0563955903
    -0.482506305 0.702243984 -0.0167013407 0.65226227 1.05504012
    0.0275028944 -0.703687668 1.37793863 1.18312168 1.77689326
    -0.240102351 -0.748091221 -0.544229507 1.41002464 -0.236381054
    1.73394656 1.80007493 0.843345284 -0.609998107 0.408580959
    1.61343396 1.66742182 -0.101692319 1.34731698 0.52439177 0.498025775
    -0.136735857 2.04358625 0.744149208 -0.610642076 1.7771852
    1.37246132 1.82768059 -1.02181458 1.20356059 1.89290571 -0.337545991
    0.722746015 0.0473634601 1.32577968 1.01441061 1.32862508
    -0.368520916 0.770799696 0.878386974 1.41917157 1.14906383
    1.99429727 -0.596265733 -0.166588783 1.17771173 0.530475557
    1.66612971 -0.24995482 1.81738973 0.238791227 -0.754889309
    -0.411196381 0.457535863 -0.863187432 1.73137534 0.663203955
    1.13107812 -0.831810117 1.10187137 -0.803588033 1.75721204
    0.343438148 0.179062724 0.452819884 0.0611800551 -0.749913931
    1.81679726 -0.545236766 1.22411203 0.850771308 1.8234247 1.26728201
    -0.0476382971 0.998046398 -0.914118826 0.219316006 0.617561221
    1.28495026 1.02650034 0.704037309 0.227531433 0.54047358
    -0.111195385 -0.466193259 -0.186603665 0.211318016 0.588686824
    1.46720457 0.91860342 0.825528622 1.2789948 1.60945857 0.0835483074
    0.415258825 -0.352629662 0.725947678 1.65018392 0.393838108
    -0.824918509 -0.324307024 1.04792666 -0.333661199 -0.570529103
    1.07056534 0.668716073 -0.281887293 1.15185738 -0.545428932
    0.804937303 0.813952208 1.28507781 0.333371639 0.731322169
    0.139411211 -0.311048687 1.50215554 0.353256464 -0.827141404
    0.0843655467 1.70915365 -0.0826587081 0.211129904 -0.72185719
    0.0889292955 0.323717117 0.282488883 0.46671474 1.69200873
    1.64052618 1.69001365 1.39987898 -0.777215838 0.695307195
    -0.833431125 1.69631648 1.1234262 1.68032908 -0.705801845 1.63279343
    -0.223587155 -0.545125961 1.30387425 0.114475012 -0.899771273
    1.07269442 -0.498141766 0.5965662 0.525405884 1.41111088 0.516738534
    0.795509577 -0.714195609 0.899056792 1.45434129 -0.605025411
    1.88240612 1.54613376 0.0791282654 -0.372510195 -0.943828583
    -0.350389719 0.83831954 -0.850625157 -0.517335594 0.897528291
    0.384975135 -0.561931252 1.89348221 1.23447418 1.57312906
    -0.332385778 0.945028782 1.02545977 1.887398 0.54769963 0.142265797
    1.60133481 -0.514265537 1.51241779 -0.302836001 2.07822323
    -0.247530878 1.53237844 -0.418679178 1.07727587 1.09768283
    0.31757921 1.85922325 -0.0650650859 0.614260137 1.91324925
    0.565318465 0.645217478 1.47402954 1.18218517 -0.657863259
    0.0486010313 0.940189481 0.565330386 1.21797049 -0.518167973
    1.85775459 0.506526828 -0.885951161 0.903130412 0.851948619
    0.97493118 1.14292538 0.140759706 0.33661902 0.88064903 0.294475794
    1.45972049 0.123652518 0.8887012 0.660363615 -0.212219238 1.99529886
    0.317732692 0.68308115 0.788455844 0.701247931 -0.170718074
    0.774971247 1.7801497 2.14574242 -0.000785112381 0.278101861
    0.842406869 0.76791501 -0.0996174216 -0.185711622 0.199962497
    0.864331961 0.788546443 0.120295763 -0.51078546 1.6875478
    -0.377951622 1.70107639 -0.234283864 1.67604589 0.4399122
    0.735191107 1.50066054 0.26303941 2.04203033 1.03450513 0.0281456113
    0.66155833 0.265390813 1.70482552 -0.307495445 -0.266893923
    0.718034208 1.84443748 -0.694827318 1.77237952 0.960119069
    0.332854509 1.96618712 -0.0424281359 -0.33248198 1.64097166
    -0.588368535 1.91498423 0.610406339 -0.493223459 1.64297128
    1.27931845 -0.403820962 0.453925788 0.00600230694 -0.230306566
    0.826136947 0.886440635 1.60279059 -0.369562745 0.635766566
    0.223621547 1.33438349 0.665602684 0.0789909363 0.489320636
    0.265358269 -0.536636829 1.04361296 1.69756413 -0.64714849
    -0.424703568 0.944079816 1.61734056 1.18660069 -0.654510438
    2.02625775 -0.306285858 -0.724821568 -0.163168907 1.455598
    0.833424687 0.527466893 -0.085687995 0.64237231 0.224524677
    0.693960786 1.16329122 0.91895771 1.5466249 1.05943727 0.00235486031
    1.56305635 -0.0532073379 -0.010171771 0.355228126 1.13014734
    0.528974771 0.989507318 0.440511942 -0.565971196 -0.288402736
    1.29926825 1.96705079 -0.643384218 1.88362646 -0.132528245
    0.714958131 -0.304791272 1.64272642 0.577536702 -0.105106473
    1.64209795 -0.492503554 -0.0558817983 -0.139369011 0.952416182
    0.354465008 0.0543395877 0.0774374008 0.351519346 1.98251736
    -0.622417212 0.697119832 -0.404400915 0.609487295 0.906288028
    0.109626532 0.109000206 -0.791922271 0.969504356 0.598944187
    0.00149261951 -0.278490037 1.25330079 1.0825994 -0.769859612
    1.68600535 1.23616719 0.258744538 -0.112951458 0.558872759
    -0.653116584 0.21496129 -0.282827049 0.640794635 1.56875587
    -0.527324736 -0.601194859 1.8277266 0.985825419 1.21134138
    0.203170061 0.990907967 -0.229822814 1.03677404 1.46805954
    1.18851304 0.475103557 0.786341846 0.451902986 1.4676156 0.517806888
    0.177086949 0.681192935 1.44014215 0.398277283 1.95416641
    0.156789541 -0.123749971 0.935801923 0.0138058066 1.78121805
    2.03894448 -0.026905477 0.447209299 1.15745032 0.918986499
    0.0690389872 1.45539069 1.69811058 1.11906791 1.81273365 0.668844044
    0.514691949 0.713924766 1.72087884 0.787067592 -0.326913416
    -0.0982471704 -0.210092574 1.89015722 -0.433318973 1.25981033
    -0.239669323 1.27042234 -0.805666208 1.6257726 1.56946063
    0.860992014 -0.544310093 1.52922356 -0.0485242009 1.09503627
    1.78972948 0.652149677 1.40716052 -0.209076524 0.107956767
    0.942432404 0.34182632 0.24102813 0.00652962923 0.238789856
    0.600642204 0.847814441 0.292580783 0.229393125 -0.326308012
    1.143049 0.435964286 0.852868974 -0.207782865 0.561075091 1.75273991
    0.0979944468 -0.425719082 0.265532732 0.0825657248 1.59768283
    0.404716909 0.624449611 0.0568771362 1.50790119 0.626321197
    -0.484604925 1.22402573 0.898228168 1.58289504 0.354531229
    -0.429239005 1.01911318 0.906800389 -0.123572826 1.13205767
    1.64517093 0.969298542 -0.106863469 0.179313779 1.65940499
    2.01651955 -0.101646423 0.187218547 0.781016529 2.22817969
    2.05621147 2.01300359 1.0762949 1.85308623 -0.373560667 2.01873589
    0.256298423 0.558090925 0.238626063 1.03031147 -0.276895463
    0.724243999 0.00568759441 1.82396662 1.27348912 2.15842056
    1.30229211 0.0442405939 1.55704021 2.33261323 1.28280079
    -0.386314154 1.26098382 0.669273019 0.918176711 -0.478954375
    1.14874077 1.6200037 1.12430334 -0.535762966 2.11798382 0.376321763
    -0.249760941 1.9917959 0.359066725 1.75571179 0.865684211
    -0.18729046 0.118259221 0.0499046445 2.00193548 0.301798344
    0.421706975 2.24178147 1.91010499 1.49737358 0.633181155 0.711117029
    0.0325375795 1.7848599 -0.102669716 0.860284925 2.23391032
    -0.42651394 -0.354599237 0.497827351 1.74759412 1.16149282
    -0.457764298 -0.433071077 1.31399333 0.722251117 -0.507960737
    -0.260985136 1.83747053 1.90111339 0.732602477 1.7508204
    -0.0617334247 2.0521903 1.32723296 -0.43333748 0.501626849
    1.34953094 1.41799128 1.77260613 -0.427638531 0.0202350616
    1.08356464 0.575579405 -0.038033247 1.74767661 1.15249419 1.51489937
    2.12308145 0.0568230152 1.08564448 1.72269487 1.75933254
    0.0704221129 -0.426815778 1.45670569 2.11939406 1.84125412
    0.609418273 0.98604548 1.95291805 0.599130869 0.435125172 1.24135876
    2.031883 1.91951072 2.00382733 1.59167504 -0.410554469 0.834406912
    1.08630061 -0.105979413 1.03153229 0.275629163 1.81782126
    0.924057603 2.17864275 0.950276673 2.2087121 2.09028029 1.40437579
    -0.135274589 1.93471599 1.37917876 1.09985423 -0.161343664 2.3182888
    1.41784608 0.132184625 0.853464484 1.2369467 0.171421051 0.573930442
    2.07062912 0.482625246 2.21210527 0.0225740075 0.185375154
    0.874125063 2.34159899 1.3360312 0.934617758 1.84757495 1.53405333
    0.692786932 1.31056905 0.101956725 0.502161443 1.88915777 1.54622161
    -0.352321744 1.9280448 0.252399921 1.53341568 -0.0550405979
    0.85082531 2.18622112 -0.0833866 2.3039484 -0.0823669732 0.617888629
    0.47556445 1.25947523 0.957354963 -0.407321721 1.75973034 2.35216236
    0.68446523 0.721407473 1.40513325 1.87896216 0.563233972 -0.12487179
    0.934494138 0.592588007 -0.0682105422 0.743772328 0.749138892
    0.433394432 0.378616631 1.9838686 0.0228748918 1.82595801 1.81172931
    -0.498985171 2.0826335 -0.610127866 1.44274342 1.68003225 2.02137566
    -0.546553552 2.20934486 -0.108437389 1.653584 0.914505839
    0.193606317 1.03943634 1.32383728 1.36052608 0.26151526 1.72837675
    1.17581224 2.0973928 1.99567223 1.18840694 0.717015862 0.488020331
    0.573418975 -0.481347859 0.661659837 0.523809135 1.79856813
    0.146511614 -0.380083352 -0.213718057 0.0127398968 0.135480314
    1.76077962 0.687119484 0.129555136 -0.359370291 0.222363353
    -0.288781554 -0.077206403 1.87531471 -0.398461878 1.01974654
    -0.0635116696 -0.40970403 2.29676056 1.96829998 0.759637117
    1.30537152 1.39246035 -0.398412526 -0.372585475 -0.274073839
    0.756671906 1.72326803 2.18712187 1.57492447 2.07388473 0.495658398
    1.2421658 1.73265791 1.57186627 1.11987197 1.25853419 1.48407221</data></my_img>
<your_img type_id="opencv-matrix">
  <rows>128</rows>
  <cols>256</cols>
  <dt>f</dt>
  <data>
    0.548948884 1.01855814 0.891542494 1.53753924 1.40533197 1.42867148
    1.5181843 1.16096604 0.565331399 1.39079237 1.33015037 0.974755287
    1.20890725 0.972383142 1.17840266 1.53813946 1.6022625 1.22848952
    1.70818424 1.16013753 1.19088185 1.31811261 0.826857388 0.569387853
    1.22440898 0.619793653 0.697797358 0.913674951 0.888093472
    1.41358876 0.849511504 1.47051442 1.02081859 0.756580949 1.3202827
    0.516800404 1.12594438 0.476861179 1.14193368 0.513459206 0.78150636
    1.20419776 0.770169556 0.741170645 1.02980244 0.857849836 0.69811213
    0.536569178 1.04254067 0.681915998 1.27374327 0.956928015 1.60996568
    1.35607123 1.70761621 1.64475381 1.31400657 1.14061749 1.60630918
    1.42452753 0.99898994 1.07985735 1.59863949 1.22438192 1.56607771
    1.39672017 1.72905302 1.28983998 1.49417341 0.894985616 1.63839579
    0.686860442 1.3133229 1.36183619 1.27781737 1.22527456 1.2043277
    0.879302621 0.915423274 0.950158596 1.29864454 1.65218067 1.51246727
    1.08014953 1.26933134 1.40153408 0.676648438 1.512622 0.645532906
    1.37476873 1.06606007 0.603751779 1.50154603 1.53238714 1.26131606
    1.23314881 1.35615301 1.48230243 1.50733507 0.673689306 1.31642747
    0.683577836 1.53897643 1.13798249 1.20950305 1.15518904 1.20054471
    0.615150392 0.726746798 1.43488276 1.10178971 1.13656449 1.31453896
    1.19465494 0.782067597 1.19435108 1.07252383 0.968230426 1.1037066
    1.52169216 1.4029727 1.27525771 1.30325413 1.48287499 0.717448592
    0.910831273 1.02028477 1.27968752 0.84805274 1.59452796 1.17604232
    0.642840683 0.846151412 1.08050382 1.22149837 1.57105255 1.58053982
    1.27436268 1.51224124 1.06839764 1.13342071 0.54963702 0.873595417
    0.901898384 0.900026917 1.26439285 1.04312599 1.04312706 1.31489909
    1.48993301 1.38051903 0.680607319 1.44104445 0.64028275 1.37748528
    0.607071161 0.962059975 0.916684747 1.42596912 0.737950504
    1.64980793 1.50708997 1.36631715 0.980451941 1.5239768 0.565365732
    0.5903548 1.17575371 1.17657483 1.17647207 0.816995382 1.64733005
    1.35926044 1.66127419 1.45583832 0.921665728 0.860517323 1.41628587
    0.838741779 0.810719132 1.46675301 1.20572305 1.29896426 0.955043077
    1.39008224 1.49190176 1.1723398 0.752154827 0.419617087 0.480243355
    0.757520378 1.20800972 0.715466321 1.23065138 1.24168622 0.654835463
    0.624285936 1.26880717 1.30630493 1.2438463 0.958930969 0.692207277
    1.17051911 0.873006344 0.852598131 1.48389626 1.02947521 0.985819519
    1.02963567 0.975988448 1.56694794 1.68058896 1.4977988 0.930900335
    1.39310026 0.964850187 0.849261701 1.32359087 0.605179787
    0.591276348 0.535494268 1.40704584 1.31911075 0.916007161
    0.738115251 1.63718224 0.963870287 1.63467681 1.04092026 0.799206555
    1.39114273 0.667036057 1.37576234 1.476125 0.772256672 1.47860324
    1.05469942 0.740328252 1.03681982 0.570663869 1.45060527 0.944742978
    0.653963268 0.920802236 0.987166226 1.05515218 1.21337736
    0.996356428 0.666007817 1.14468384 1.44083595 1.2156601 1.06365597
    1.39274681 1.13582146 0.648926258 1.20806539 1.21018767 0.699274838
    1.43189609 0.987750113 0.895093918 0.835639358 1.25481021 1.44520092
    1.12444997 1.05738592 1.35458517 1.10280371 0.768521428 1.05809796
    1.49553835 1.36930156 1.80291235 1.33964753 1.12692273 1.16190767
    1.00708437 1.17504835 1.06520033 0.813206434 0.547186315 0.908176184
    0.967371702 0.991462529 1.62061954 1.08218074 1.52391732 1.55600357
    0.722400427 0.974069834 0.668143332 1.65118408 0.824058831
    1.64437795 1.22530985 1.19131052 0.707252383 1.39435208 1.37308884
    1.32498384 1.16706514 1.41899288 0.94879663 0.863640666 1.50246489
    1.1878916 0.854621053 0.872345924 1.52523518 1.70638049 1.90681481
    1.57852721 1.43153942 1.67143679 1.46629488 1.33777344 1.7436986
    1.6647507 1.11944318 1.54681051 1.74980772 1.27743995 1.72244585
    1.64803684 1.76678121 1.53151119 1.2399044 1.50290823 1.16255617
    1.06559718 0.925633967 1.6799469 1.48912966 1.48929858 1.35904729
    1.20165133 1.40764689 1.26771343 1.35422218 0.880975604 0.893835783
    0.743343294 1.47362232 1.4496913 0.767656505 0.771543741 1.58643448
    1.43792033 1.01222587 0.898904443 0.959379375 0.844560683 1.60440469
    1.7835691 1.12374389 1.23887455 0.75189054 1.35444248 1.58782077
    1.54279459 1.58772135 0.834016442 1.29298019 1.25631487 1.15051079
    1.32537293 1.42521894 1.34346879 0.941989601 1.45284605 0.74536401
    1.62706363 1.28055048 0.872145951 1.59315872 1.53296363 1.53176987
    1.2352047 1.49151838 1.52803576 1.33487105 0.841201901 1.64063668
    1.34261036 1.86323929 1.73190856 1.04577017 0.903534532 1.61841071
    1.14712405 1.14250147 1.00490749 0.88990891 0.864069462 1.41396332
    1.03778958 1.51276827 1.42791939 0.777477026 1.2624712 0.912390947
    1.66753185 1.47643256 1.20604718 1.00835574 1.72260571 1.22852278
    1.31218374 0.831704736 1.21396899 1.02408218 1.6516577 0.932479918
    1.63731527 1.74558723 1.12088645 0.948298633 1.17981243 1.63121343
    0.900820971 0.847121716 1.63048863 1.10931468 1.35901237 1.63501596
    1.47198486 1.13224089 1.2758534 1.5342927 1.31211007 1.37351882
    1.34288824 1.07349074 1.4599098 0.822975576 1.45974672 1.6338017
    1.82235861 1.35196507 1.68079734 0.745000958 0.95407474 0.857860208
    0.811061263 1.3713237 1.04669571 1.16483557 1.34401751 0.792300701
    0.963347375 1.04264522 0.881492734 1.6485889 1.7318579 1.37154853
    1.0902487 1.77464592 0.899607599 1.38514376 0.825518548 0.906350076
    1.47949874 1.4748776 1.37291026 1.51799285 0.869922519 1.53561294
    1.17729759 1.71226633 1.23134911 0.948390484 1.44612682 1.31107044
    1.26654792 1.32053292 0.808612704 1.329602 0.838314593 1.38680255
    1.37251008 1.79083049 1.68598676 0.999112248 1.93982875 1.80231941
    1.54448664 1.00405157 1.0841881 1.06404424 1.58401656 0.957711399
    1.51868725 1.61174428 1.48083901 0.928130269 0.863552094 1.13577306
    1.66275811 1.49511552 0.837361455 0.955355406 0.784859538 1.71525168
    1.10458052 1.66710508 1.12111902 1.83384836 1.31515157 1.70045996
    0.727096081 1.10986876 0.479121178 0.873739719 0.854531646
    1.64317095 1.09983969 1.72029996 1.81411612 1.04625571 1.7536267
    0.925453901 1.12171888 1.05728054 1.17454267 1.13920927 1.08546174
    1.79771161 2.09671164 1.65283763 2.05639195 1.90140688 1.84789062
    1.16492915 1.12567353 0.995369554 0.714804113 1.64440298 1.30926585
    1.3186264 0.963425398 1.890589 1.07313049 1.57618427 1.69826508
    1.55575824 1.06362462 0.753934085 1.01741195 1.36348939 1.95265388
    1.06602228 1.70280981 0.944693625 1.37628937 1.62483323 1.75611472
    0.842443407 1.52403343 1.02350926 1.49731469 1.10112178 1.30463862
    1.08890748 2.00506473 1.43179393 2.08803725 1.82093847 1.26140368
    1.907686 1.66949368 1.83008909 1.82370639 1.9210186 1.82488239
    1.66559577 2.0744884 1.24119389 1.49194872 1.47709715 1.92139757
    1.87917304 1.77571833 1.21908808 2.09356451 1.97949171 1.97010279
    1.08544171 1.27860796 1.15539014 1.80411005 1.91434681 1.63496637
    1.23393357 1.65825725 2.10108185 1.74011338 2.00380921 1.80991578
    0.969076097 1.2795049 1.77869606 1.00247824 1.02156019 0.90731138
    1.13197255 1.52041042 1.38631213 1.38373876 1.68544865 1.25101626
    1.96658528 1.04141855 1.40129197 1.42897475 1.3302933 2.01990318
    1.6362083 1.43044317 1.09546518 1.37361693 0.972183108 1.43984652
    1.68224752 1.40039921 1.7615087 1.46703589 1.83907533 1.48618662
    1.22535419 1.49132848 1.86350036 1.89268661 1.22665513 2.01029706
    1.25693381 1.3729651 1.72327983 1.08758378 1.96559858 1.18026006
    1.87044203 1.57328165 1.42720854 1.28548419 1.2508719 1.32092237
    2.00564814 1.11757278 1.73081028 1.75562489 1.08856797 1.90465987
    1.03095806 1.80961144 1.30746424 0.960739493 1.7394762 0.913281679
    1.6096158 1.81515539 1.41720796 1.65508997 1.12511396 1.97415495
    1.72146571 1.56998694 2.044662 1.48213732 2.06319761 1.89772844
    1.38670707 2.01221347 1.82322383 1.85168254 1.94513452 1.81747687
    1.2771014 1.12520027 1.17160213 1.5464828 1.99426711 1.52057266
    1.60011268 1.31931591 1.66049623 1.23488069 1.72477639 1.28224313
    1.90742707 1.07029247 1.97906315 1.60170865 1.48482394 1.59375787
    2.07952142 2.01037884 1.63514006 1.33289254 1.06040132 1.63402021
    0.966726661 1.42116451 1.87232244 1.52225912 1.10495484 1.19336021
    1.5066694 1.56228948 1.63664865 1.81593859 1.99277854 2.04069328
    1.44071877 1.12511516 1.48602903 1.10579038 1.64244688 1.56804609
    1.86890316 1.23078477 1.73681271 1.84914839 1.20197868 2.00689912
    0.961563945 1.92366695 1.23049843 1.85266364 1.04204702 1.46611428
    1.10308337 0.992549598 0.879113674 0.945132434 1.87368441 1.60659623
    1.53648317 1.52048993 1.89074171 1.97827578 2.0928688 2.13888454
    2.00232482 1.32770002 1.61061895 1.08284557 1.78796017 1.87541008
    1.35589898 1.00984931 1.25122857 1.52570128 1.06145728 0.98451823
    1.51366544 1.90194547 1.19803941 1.21857905 1.49164581 1.3207339
    1.50323379 1.6145469 1.63458586 1.47180152 1.04446852 0.836642385
    1.38585925 1.25609827 0.678250372 0.852878988 0.636856914 1.18378055
    1.49105477 1.13639498 1.55404603 1.7149111 1.08216 1.53623283
    1.29712903 1.71981108 0.833238363 1.19433188 1.57542443 1.87631428
    1.49505091 1.37925124 1.24878812 0.902541757 1.51935053 0.807753026
    0.881492972 1.00074971 1.1296252 1.22547293 1.30922937 1.07249022
    1.51316905 1.46316707 1.19349968 1.38596809 1.00829351 1.00680983
    1.34395587 1.54030919 1.78461885 1.36673796 1.52747381 1.81762445
    1.2804848 1.32631886 1.50755227 1.48959661 1.71824598 0.913889706
    0.935731411 1.67622864 1.18334532 1.57250786 1.45612264 1.91822457
    1.55645251 1.47990716 1.70875788 1.62021375 1.80624056 1.55096412
    1.52990842 1.62033319 1.30206728 1.08377707 1.09182549 1.15569973
    1.77738857 1.34719706 1.8582207 1.18011999 1.60679364 1.89523101
    2.01033878 1.66715145 1.1474328 1.73884058 1.54520822 1.5282197
    1.22794783 1.61730373 1.36579275 1.19924998 1.79502082 1.62701297
    1.99223185 1.60963798 1.20065153 1.04601097 1.1323849 1.35257912
    0.951993763 1.00117767 1.28035247 0.942898929 1.18824041 1.3460722
    1.34823847 1.42756331 1.66429377 1.55871487 1.09705615 1.12745345
    1.30969894 0.976724803 1.69499481 1.07569528 1.52730715 1.58354437
    1.13804245 1.00179696 0.983165383 1.0984199 1.30881572 0.930074096
    1.19421327 1.6421032 1.54063785 0.999179363 0.959860504 1.35436738
    1.5991658 1.10048223 1.69121039 1.09985685 1.74747264 1.89594996
    1.94728076 1.59611237 2.00893521 1.84355748 1.40367949 1.67491138
    1.87725651 1.08747673 1.59129488 1.49379051 1.4827745 1.52524304
    1.47732484 1.7119801 1.5834775 1.17367744 1.25833225 1.68426991
    1.8534857 1.66899502 0.848904431 1.36074734 1.08405209 1.29955256
    1.22526503 1.92650664 1.66570091 1.66947997 1.92559409 2.07395148
    2.05438399 1.20403922 1.89687252 1.47368658 1.75661886 1.28168499
    1.62022066 1.86381495 1.02993941 1.77186203 0.971416235 1.50663877
    1.44475055 1.75876439 1.11717534 1.62386703 1.32099223 1.52949131
    1.36756086 0.949736476 1.27154493 1.77208471 1.13631117 1.53731668
    1.57984388 1.54508865 1.3778491 1.9500618 1.38521171 1.93891644
    1.07577944 1.76078081 0.869123459 1.49420118 1.780756 1.7785579
    1.18922114 1.11059737 1.55527413 1.63079453 0.900276482 1.37754786
    1.00866413 1.58058178 2.06413269 1.13430452 1.8473115 1.35927999
    1.58946395 1.29056525 1.81554234 1.63582397 1.5036819 1.78352785
    1.28891706 1.00056982 1.00022113 1.07886755 1.81814897 1.80364776
    1.27385294 1.69751775 1.08339 1.69153345 0.8931036 1.47303486
    1.29753244 1.10994112 1.1327585 1.58326411 1.26412392 1.80060279
    1.65252328 1.85746658 1.66850972 2.11509061 2.04798818 1.97925639
    1.84829175 1.53938246 1.71308005 1.7903682 1.38512564 1.1790179
    0.871994913 1.03991663 1.72420704 1.42723238 1.66524363 1.65448332
    1.24478555 1.93299055 1.61442852 1.62924206 1.94046283 1.76810706
    2.09422493 1.91986561 1.07247984 0.896378279 1.07215881 0.701683879
    0.775154591 0.67251277 1.39938235 0.737180471 0.906651258 1.51883483
    1.70675313 1.39577043 1.20819974 1.23879409 1.06925738 1.74717247
    1.50745082 2.04677677 1.30872023 1.7071805 1.50370789 1.25888681
    1.54923987 1.36282027 0.989255309 1.09834731 1.74077404 1.13146734
    1.52167308 0.923489571 1.42965317 1.86074853 1.7892431 1.90327454
    1.96687365 1.92659009 1.92001128 1.42936456 0.9112975 0.842674673
    1.54544139 1.2873522 1.92194843 1.03751159 1.22386324 1.03211236
    1.3397882 1.58853233 0.833960533 0.904259562 1.05236936 0.975908697
    1.44303823 1.02235532 1.58348656 1.67794335 1.79293025 1.75592136
    1.53730714 1.57822847 1.15639615 0.947629452 1.16276717 1.62687767
    1.92057776 1.94204485 1.64045954 1.78130388 1.39064884 1.28518927
    1.38508058 1.9687376 1.99119949 2.02113533 1.9489547 1.66995537
    1.92550302 1.55902517 1.90331948 1.2035104 1.35963023 1.82038283
    1.1428988 1.20374691 1.77846539 1.43847573 1.33542943 1.65868044
    1.73466194 1.74851382 1.63193262 0.929479539 1.69858658 1.14479828
    1.14714694 1.15965641 1.74819291 0.944597721 1.1444819 1.51488769
    1.42013872 1.49300981 1.92605877 1.9632144 1.85758018 1.79306209
    1.9799726 1.45486653 1.72612059 1.62797832 1.17339921 1.59538138
    0.958640218 1.41847765 1.19135642 1.42805958 1.42960966 1.57887208
    1.31573832 1.5387187 1.52716017 1.33537972 1.72770667 1.58594215
    1.94035864 1.73415101 1.63255203 1.75227916 1.56875122 1.42804253
    1.06590915 1.90038085 1.81140363 1.46859837 1.35798264 1.30144632
    1.87854564 1.66442764 1.39373243 1.56694913 1.98402894 1.67722416
    1.83596528 1.70425844 1.20162666 1.4454391 1.26034153 1.00174701
    1.53395271 1.24990702 1.45626092 1.27535653 1.43724656 1.26853037
    1.41571176 1.55290246 1.39933896 1.98663878 2.10154557 2.05508924
    2.03986526 1.57081032 1.76265228 1.30875874 1.78500187 1.92032361
    1.58626914 1.03189111 1.69066823 1.96148574 1.63046932 1.52235365
    1.87353325 1.67937815 1.22268057 0.941743314 1.1037215 1.782776
    1.7777617 1.09380734 1.63042915 1.36018312 1.98566842 1.22452569
    2.10727429 1.33372939 2.11348295 1.55393898 1.8407737 1.81539655
    1.22641528 1.13229024 1.51853347 1.46951163 1.65812659 1.68054926
    1.75527704 0.906127989 0.835820913 1.62540913 1.00169921 1.42005455
    1.74906266 1.69412637 1.50552249 0.880937874 1.81953907 1.18638217
    1.91386819 0.970311582 1.96899271 1.42436051 1.98457265 1.86188519
    1.16138506 1.2898736 1.55812025 1.83857012 1.47599089 1.9196974
    1.19465172 1.10034192 0.836859763 1.31821525 1.22263849 0.927555203
    1.1925292 1.51830173 1.57794392 1.77327633 1.31288838 1.42743909
    1.62457132 1.72584438 2.0406034 1.40066361 1.15218413 1.69785976
    1.47600543 1.80592644 1.11371827 1.05224955 1.62057555 0.989424586
    1.21452391 1.49289811 1.53660822 1.55078721 2.06058478 1.76517868
    1.35256875 1.89230824 1.87315285 1.88670301 1.1903075 1.92214978
    1.04935551 1.73526263 0.661409378 0.737579882 0.92839247 1.45881212
    0.772078991 0.952540398 0.964263499 1.53636909 1.48012924 1.42235625
    1.39497697 1.69367182 1.32145071 1.13979805 1.63375962 1.41166902
    1.42076969 1.47936499 1.53589642 1.7812531 1.69841957 1.46656573
    1.23006248 1.46528828 1.59318721 1.04122877 1.41692758 0.913316011
    1.84482372 1.94626462 1.77816486 1.91504908 1.95848155 1.44177568
    2.04361296 1.76198685 1.9754535 0.995985687 1.4086051 1.10402334
    1.76566648 1.6365037 1.85938871 1.83843219 0.965620697 1.23365641
    1.62180603 0.904241681 1.42762542 0.989499629 1.3513068 2.03548145
    1.69220364 1.95268095 1.81023622 2.03814983 1.91922331 1.34002912
    1.38914311 0.985794783 1.33137095 1.19645882 1.79276729 1.45296371
    1.23212373 1.03671741 1.36425555 1.0454967 1.60063016 1.88769984
    1.27513742 1.40509534 2.03392029 1.56184649 1.92360449 1.62032998
    1.66784656 1.46190524 1.91588438 1.0335319 1.31888604 1.73099256
    1.51714635 1.55655646 1.35131836 1.11179698 1.15168786 1.06212568
    1.47967017 1.20975411 1.66693032 1.12339509 1.77877486 1.36425149
    1.80186105 1.45088124 1.72161341 1.81750774 0.962118864 1.73817003
    1.35144484 1.24751592 1.08096135 1.27612901 1.46488428 1.32061696
    1.98035204 1.40098023 1.54240727 1.22975636 1.66461027 0.982018113
    0.784813881 1.1079576 0.913582146 1.3960005 0.997411966 1.88250017
    1.0007273 1.17796671 1.20388436 1.77785552 1.23067081 1.63010073
    1.10547936 1.50189936 1.3664124 1.52663946 1.52974963 1.62994516
    1.32805324 1.61506248 0.943069696 1.50189376 0.967391312 1.9494518
    1.54311776 1.10889935 1.1310488 1.45928407 1.51089418 1.23617518
    1.35490429 1.11214101 1.00547326 1.7445159 0.994502664 1.18195415
    1.62258685 1.7953428 1.79126644 2.03914642 1.07315373 1.58080888
    1.21771824 1.54517758 1.83643925 1.49354565 1.22210193 1.10374236
    1.7850312 1.57661772 1.42072237 0.984754205 1.39781439 1.12587655
    1.66391313 1.33279693 1.77675045 1.79820704 1.3266921 1.16879296
    1.56336415 1.27629042 0.917264283 1.58190262 1.50102282 1.43585587
    1.26918983 1.13362539 1.31786609 1.47760403 1.20512521 1.73464799
    2.13764167 1.73191023 2.04253292 1.006634 1.16738558 1.53119254
    1.06440628 1.78363597 1.81320155 1.78055191 1.01928484 1.55765736
    0.905655563 1.29393148 0.94030118 1.69640434 1.43164361 1.16973543
    1.31908369 1.10574305 1.79325998 0.962548852 1.42916691 1.21898532
    1.38981044 1.26849294 1.07990086 1.71012866 1.96505249 1.55926454
    1.42548406 1.75516164 1.49588823 2.01199889 1.57811403 1.01720059
    1.0709399 1.02490973 1.50993824 1.02707088 1.54664934 1.17496252
    1.63478601 1.78362787 1.02457225 1.63858676 1.01563454 1.59655666
    1.87998807 1.19278562 1.80274165 1.87338591 1.62041152 1.13111115
    1.2176888 1.69448149 1.35250115 1.22087026 1.49507833 1.35899806
    1.37072825 1.99734116 2.14533472 1.40627015 1.32886147 1.18660617
    1.53275192 2.15087652 1.64876604 1.55377996 1.7373513 1.32805109
    1.45026112 1.33522964 1.35947371 1.26403344 0.790738225 1.02198839
    1.35881901 1.4863224 0.865056872 0.94529897 1.64913785 1.52236855
    1.76175046 1.55041218 1.88540184 1.76384604 1.2135694 1.80790293
    1.61578894 1.23096907 1.67342579 1.66387618 1.65490174 1.37673759
    1.02093422 1.49225962 1.32634473 1.65400541 1.71665907 1.585711
    1.68894637 1.46641076 1.28697681 1.7574842 1.49153876 1.35212612
    1.42220032 0.940662384 1.5720278 1.10377955 1.491629 1.54346442
    1.51662612 1.90088058 1.16485977 1.61371231 1.2607547 0.952391386
    1.31505895 1.80666792 1.51049185 1.77072895 1.55746722 1.22317338
    1.44760144 1.15355587 1.84449267 1.31045461 1.13671029 1.39431798
    0.925696552 1.67112017 1.47198296 1.77742112 1.45568848 1.9591049
    1.20983624 1.2767539 1.92240036 1.48982406 1.95409071 2.04505014
    1.97438252 2.07004356 1.60460413 1.4755441 1.09951651 1.34730029
    1.64847314 0.973577857 1.21405065 0.889832079 1.13396358 1.10887444
    1.239416 1.6200881 1.23761678 1.22061729 1.39961207 1.80976892
    1.23221767 1.58091426 1.97744858 1.37388897 1.32130158 1.83774376
    1.60225284 0.939104617 1.41176152 1.26485014 1.99985623 1.7903471
    2.04215336 1.70012808 1.79075599 1.96461523 1.66499984 1.43746829
    1.78693557 1.26934195 1.26234341 1.30345178 1.17997813 1.44125855
    1.76690042 1.64764094 1.44938338 1.49600279 1.23490417 1.29123271
    1.74805796 1.28378022 1.18776333 1.21198392 0.962996244 1.29957843
    1.09450161 1.72797406 1.15550637 1.82977045 0.950658023 0.92297709
    1.06325316 1.86240292 1.45305276 1.87750947 1.09546125 1.6712805
    0.918247163 1.34963787 1.67388773 1.16567492 0.94121623 1.01706755
    1.20727813 1.21666086 1.2688061 1.64860594 1.8375088 1.52908063
    1.4350493 1.9939791 1.73310912 1.54641497 1.06643593 1.39860094
    1.5488379 1.80334461 0.98760432 1.73625541 0.873369455 1.72331631
    1.0560354 1.28670502 1.15819502 1.64524424 0.983410358 1.47354114
    1.80317461 1.63906872 1.67183781 1.93902302 1.31658483 1.56580567
    1.18558955 1.31069303 1.17589509 1.82361698 1.72543144 0.885827303
    1.69708896 1.80064273 1.90134931 1.57595193 1.73619127 1.79732656
    1.39492273 1.24919939 1.228212 0.946958244 1.7498821 1.79895389
    1.10557401 1.10709631 1.00156474 1.67556059 0.852280617 0.962358534
    1.47625089 1.09198165 1.77076709 1.29428065 1.81243289 1.03697896
    0.801010847 1.04179037 1.23273659 1.73997247 1.3473655 1.74571121
    1.77140498 1.95549393 1.53895128 1.34450328 1.44551539 1.07254732
    1.86313617 1.88243008 1.14535809 1.22524166 1.32552123 1.16106486
    1.77291906 1.06877542 1.58219957 1.23454165 1.90650666 0.8395648
    0.855785251 0.956917942 1.3415767 1.60132444 1.31924522 1.22064054
    0.863571942 1.42355192 1.05970693 1.11933184 1.54687035 1.64949679
    1.06679201 1.35437 1.89200771 1.73657775 2.01707578 1.9540751
    1.77060795 2.10974383 1.78828382 1.48857105 1.69431818 1.45235014
    1.66642177 1.77108705 1.77466309 1.27868879 1.21687603 0.828813553
    0.719621241 1.30286217 1.61283743 1.6445334 1.87576354 1.25557458
    1.67717755 1.51762557 1.05489421 1.02288043 1.17307699 1.66729903
    1.02038717 1.52604449 1.94318628 1.37188613 1.19847405 1.21454215
    1.67893493 1.63558817 1.36203647 0.952208221 1.23093677 1.16313219
    0.944420993 1.53658712 1.25761652 0.993292212 1.29977953 1.00859809
    1.50555897 1.37048435 1.58324802 1.80943501 1.86527336 0.899840534
    1.81537557 1.58759034 1.64662302 1.74131918 1.68663442 1.84715521
    1.32074034 1.30789781 1.14478946 1.45838404 1.83877039 1.85133982
    1.60942447 1.73421848 1.78927088 1.82785547 1.53825986 1.14768767
    1.20345855 1.79350281 1.04883325 1.97096336 1.66917086 1.07438827
    1.00428784 1.50125611 1.69377518 0.888520896 1.58871186 1.98243368
    1.72463894 2.07624531 1.44927764 1.88379645 1.63929021 1.64811158
    1.17392468 1.71415102 1.99927199 2.0588336 1.20738518 1.78539896
    1.28908753 1.05072534 1.41253483 1.17911923 1.12677324 0.868448079
    1.0220474 1.14115405 1.51341498 1.96175122 1.81104863 1.82879508
    1.39546478 1.37945735 1.07052851 1.24398613 1.22881031 1.1136378
    1.51460636 1.46411824 1.13215423 1.50683951 1.66628325 1.38661575
    1.64174032 2.05710888 1.72062743 2.06958508 1.83756638 1.30478954
    1.7878108 1.37031555 0.846284807 1.08502138 1.06544709 1.16491067
    1.83274186 1.78063178 1.53331375 1.94372952 1.71450305 1.2404604
    1.55218959 1.78271842 1.21234858 1.4933095 1.5903573 1.76905763
    1.09234285 0.981076241 1.33638203 1.73580337 0.952219605 1.15008628
    1.77012753 1.83948028 0.973847985 0.873913348 1.16278017 1.31410205
    1.43860376 1.4190526 0.916249037 1.70151925 1.35043192 1.71866035
    1.05237615 1.35612166 1.68558359 1.93178368 1.89457071 1.20314062
    1.4985764 1.86431873 1.51530266 1.74603736 1.01590049 1.57990694
    1.50616479 1.60849667 1.25355351 0.898364961 0.910236001 1.26433206
    1.16204023 1.84102654 1.48311412 1.52891243 1.11563456 1.72280705
    1.53901505 1.32716012 1.50378966 1.21161234 1.63312328 1.35311019
    1.28009284 1.541767 1.13250566 1.75417042 0.916557372 1.11559939
    1.88510156 1.23822641 2.10844684 1.56252396 1.92663455 1.37792611
    1.38299942 1.74477684 1.05200291 2.06377888 1.56111145 1.45298159
    0.914188921 1.36528695 1.37697148 0.989065588 0.855365276 1.53497982
    1.15552354 1.86810374 1.54622447 1.22920954 1.1679852 0.933966577
    1.25143194 1.37690425 1.1014353 1.58081496 1.43971264 1.91920447
    1.95158792 1.51186442 1.18432844 1.18035233 1.63318551 1.31624997
    1.86394131 1.72100341 1.25874341 1.64770365 1.31642962 1.66203034
    2.01319242 1.92783332 1.07063341 1.04529047 0.864002407 1.19192803
    1.43242896 1.43240869 1.20499086 1.81434703 0.952190042 1.20465696
    0.958957851 1.05456388 0.923468471 1.55912077 1.75254178 1.26977623
    1.64735878 1.35936463 2.12264824 1.8348819 1.3439784 1.60683596
    1.87294567 1.61316979 1.68815231 1.44708669 1.41509831 1.75475287
    1.0622561 1.66260171 1.09330797 1.02362823 1.13727045 1.24678397
    1.79450488 1.60550809 1.35274363 1.15053284 1.16491234 1.34545159
    1.00995195 0.93379128 1.47579861 1.03007245 1.63358378 1.05414987
    1.25659549 1.43452036 1.38282025 1.91928327 1.26637578 1.78829169
    1.04161406 0.914381146 1.45245361 1.56960583 1.11547649 1.29323149
    0.82498461 1.07154596 1.56993949 1.40832222 1.38324964 1.23962522
    1.09386909 1.37895489 0.972957611 0.794759095 1.0923897 1.43012822
    1.87844431 1.93302023 1.4316231 1.95212233 1.84405506 1.35311675
    1.60071313 1.40656817 1.92199481 1.7614038 1.42640638 1.26541066
    1.83992195 1.90785861 1.63891852 1.44002759 0.932537556 1.83516598
    1.50262761 1.22794855 1.27728558 1.81685197 1.16316283 1.44752693
    1.19745731 1.1117996 1.67985094 1.7006532 1.7646215 1.51339912
    1.51741719 1.96773708 1.76537442 1.1480782 1.43031943 1.85997236
    1.19243348 1.41205764 1.63141966 1.3125571 1.13738954 1.42864573
    0.883450091 0.845184565 1.66914618 0.884741426 1.19483829 1.98602057
    1.8722496 2.21511173 1.57674825 1.75479865 1.92212892 1.95094943
    0.953639209 0.938664973 1.57249105 1.40999544 1.73612976 1.26137447
    1.61252224 1.93271756 1.13917625 1.47459185 1.32998013 1.81306732
    1.91456795 1.7215333 1.22301948 1.99168849 1.34991264 1.08702576
    1.03328788 1.54839694 1.01462364 1.67302215 1.31203651 1.24411011
    1.94686258 1.51351511 1.58471572 0.995343387 1.15918386 1.09356463
    1.64027894 1.26297545 1.41305029 1.26246905 0.916898131 1.36534011
    0.844783783 0.963315248 1.23470724 1.78197241 1.20589828 1.46660626
    0.985103667 1.17739975 1.28144014 1.33242452 0.881575644 1.04049432
    0.852294266 1.08578229 1.08731782 1.11373985 1.41458762 1.39356017
    0.943378866 1.05450273 1.87218678 1.16348302 1.46850765 2.03620124
    1.32060802 1.83057356 1.15916908 1.05304134 1.17870152 1.2941426
    0.918814421 1.10974574 1.29775596 1.20067978 1.01622653 0.898329675
    1.63764429 1.25691569 1.41055191 1.35640299 1.89647663 2.07046914
    1.63056755 1.46337044 1.76216555 1.68338776 1.76142359 1.67413044
    1.4228189 0.955993533 1.35893595 0.935965896 1.86928844 1.8607136
    2.01519465 1.07769001 1.98273492 1.07331491 1.22589266 1.97476709
    1.80850959 1.83666122 1.06700695 1.82464755 0.86168313 1.00233769
    0.877833307 1.84422421 1.43152118 1.5623126 1.52513695 1.76183701
    1.49288189 0.907252192 1.1016953 1.04495609 1.43243074 1.22871709
    1.14613998 1.17366123 1.72920275 1.1674912 1.02451885 1.7262516
    1.00622201 1.52912569 1.42506218 1.27426887 1.53670418 1.88601434
    1.60269499 1.83839858 1.87269175 1.45273995 2.11181474 1.16965473
    1.86403072 1.36834598 1.0744797 0.891444206 1.32518494 1.2668879
    0.970405102 1.08899581 0.790574431 0.912671745 0.998228014
    1.03420508 1.42839324 1.40731311 1.96576667 1.73416448 1.79999113
    2.14217424 1.92457068 1.45869827 2.07161307 2.0275712 1.52834165
    1.42454767 1.35469818 1.63454771 1.10146368 1.78884768 1.6195296
    1.31836653 1.2175976 1.0628643 0.985096097 1.50504231 1.20733702
    1.42048442 1.47643089 1.81213951 1.82770777 1.36469769 1.09610069
    1.03270507 1.33621073 0.969998538 1.74210846 1.67305553 1.45105827
    1.33409524 1.41277397 1.92476022 1.56403577 1.6537689 1.14063132
    1.59527826 0.95508182 0.995887995 1.01245058 1.18967843 1.51966786
    0.92721355 1.31903148 1.06917858 1.80018878 0.962432802 1.31408906
    1.22145104 0.875048339 1.70766032 1.36371756 1.0007422 1.82436776
    1.19042373 1.53391492 1.80432725 1.58057642 1.46711147 1.99514043
    1.00136566 1.75584269 1.03278971 1.77668381 1.50978446 1.09259844
    1.56733513 1.79526925 1.94678295 1.56186604 1.32621121 1.56831908
    1.91150141 1.95583904 1.90187395 1.91238439 1.24271297 1.06003022
    1.04041755 1.3993485 1.72562099 1.65211833 1.63941574 1.35582137
    1.3799541 1.08778715 1.43665385 0.899197638 1.83433843 1.84343255
    1.63547456 2.03111959 1.32071865 1.81864214 0.981359005 1.23969066
    0.850486934 1.53924048 1.26102352 1.30068576 2.02372575 2.13608599
    1.68506265 1.82836831 1.92630458 1.2493031 1.57220089 1.09019613
    1.48899317 0.845418751 1.28389192 1.90571451 1.9577992 1.95559955
    1.01840007 1.24146152 1.47635388 1.80973434 1.75455165 1.68000782
    1.37462711 1.81531584 1.66948795 1.85722089 1.6121875 0.853299618
    1.02975905 0.796053708 1.30292487 1.4232198 1.69257057 1.77405632
    1.22500455 1.8379519 1.97751558 1.96630502 1.09721375 1.51608014
    1.11046827 1.78562033 1.3900727 1.02188897 1.48511755 1.26560986
    1.02880013 1.74457312 1.88843548 1.36625004 1.62024748 1.06922472
    1.74369848 1.31214726 1.17056262 0.912255943 1.52390945 0.832845807
    1.32855546 1.25240457 0.805805504 1.49981809 0.780596912 1.34574962
    1.69356334 1.16200066 1.28675973 1.69685245 2.0253768 2.02540612
    1.71381354 1.35046327 0.981387019 0.915657103 1.60658693 1.64072645
    1.19882858 1.32079756 1.06392741 1.6622628 1.06137323 0.862968802
    1.72402561 1.21755123 1.60683346 1.35554898 2.03991985 1.9648
    1.15577173 0.909246564 1.10688043 1.65997744 0.907833874 1.46838951
    1.57216072 1.08104002 1.39350891 0.936314821 1.45202434 1.66323566
    1.4831773 1.35125136 1.95803428 1.44792986 1.96139216 1.17265236
    1.78633714 1.66771173 1.61574805 1.31843162 1.70366514 1.46969128
    0.895338297 1.06673229 1.30808258 1.55986774 1.77983212 1.39975309
    1.20269525 1.18048859 1.63643062 1.63765204 1.62939656 1.77825463
    1.17184877 1.69743025 1.10402644 1.10996866 1.25588524 1.41936243
    1.90278959 1.75881743 1.67649674 1.2680434 1.36995184 1.1091491
    1.27192986 1.73632026 2.06542563 1.59330487 1.97305 1.77679563
    1.02008104 1.65336502 1.3264972 0.878255785 1.66121948 1.4855231
    1.42333961 1.52186978 1.61481285 0.89047271 1.60304034 1.69660246
    1.33239317 1.28489244 1.96751738 1.63163686 2.06943536 1.98129606
    2.00054026 1.27267444 1.11149144 1.27831197 1.97805452 1.63424623
    1.90868151 1.90497124 1.67721069 1.00813687 0.913615882 0.525691688
    0.581518412 1.31671941 1.24673939 1.26905215 1.23664927 1.26165879
    1.26717865 0.998095036 1.774212 0.85071826 1.20328093 1.09127188
    1.91029882 1.07813382 1.33895195 1.46762896 1.76334715 1.8010025
    1.94841135 1.40215898 1.07057738 1.54289436 1.30126011 1.23052824
    1.56165493 1.5117445 1.45549154 1.26990807 1.47153485 1.07388377
    1.75184059 1.5795449 1.7267921 1.01670456 1.0444665 0.856802344
    1.62157977 0.954374135 1.12859106 1.63843799 1.59472442 1.25405085
    1.31392026 1.40682232 1.79514027 1.46263742 1.19623446 1.14919114
    1.52388024 1.41359317 1.27024615 1.60549164 1.14492917 1.08248377
    1.75498998 1.92338824 1.68043661 1.17268157 1.0715487 1.72498906
    1.6334995 1.97793114 1.86867011 1.34918594 1.49438083 1.58728695
    1.86949265 1.2527014 1.04850364 1.60689342 0.864716113 1.16272438
    1.18581545 1.41571701 1.2568692 1.05887401 1.21060896 0.92539525
    1.64127648 1.64112043 0.890455842 1.34775245 1.2096113 1.50054479
    0.947404563 1.55266154 1.95983553 1.81814134 2.18607473 1.89126372
    1.54018891 1.94001603 1.37785804 1.03961229 1.48370492 1.1001755
    1.27043748 1.26608276 1.8118695 1.58920527 1.8578155 1.66740608
    1.17059588 1.11595368 1.40165424 1.16918671 1.3436681 1.13814008
    1.88356841 1.2457093 1.24427867 1.79234469 1.08312547 1.41637945
    0.834439039 1.22598481 1.28075945 1.76582909 1.94420624 1.76653755
    1.86070955 1.4862771 1.06407475 1.77254403 1.09995794 1.24121034
    1.26535225 1.01997817 0.652176857 1.40957594 0.967134774 1.6680342
    1.19340241 1.45488203 0.941468358 0.901426017 1.22238278 1.14966476
    1.68962193 1.33953881 0.992851019 0.792342424 1.2304008 1.62189972
    0.747845113 0.779958367 1.41522062 0.857092917 1.22608554 0.89962405
    1.84760857 1.7842114 1.93113494 1.57088304 1.7236588 1.27551329
    0.982824802 1.4085927 1.21048391 1.86345947 1.81466556 1.20380938
    0.866464376 1.73854446 0.981462479 1.13155925 1.20110965 0.95867455
    1.48128188 1.96628881 1.98876488 1.14488208 1.84056485 1.1689949
    0.947338402 1.70156384 1.17981076 1.88746297 1.52657402 1.07041454
    1.27478969 1.6250658 1.02733481 1.78093004 1.48169839 1.97711611
    1.161515 1.98406065 1.81262469 1.52692306 1.95659339 1.53387499
    1.3451221 0.902897775 1.07961464 1.17083812 1.90481818 1.65213275
    1.7537781 1.98993134 1.619784 1.69426036 1.34503579 0.929394841
    1.73907554 1.99478388 1.60167766 1.70513582 1.87778378 1.77518415
    1.0148977 1.072963 1.70752072 1.78365695 1.90697873 1.56826556
    2.04110432 1.50467217 1.0543077 1.83841598 1.43878007 2.09829903
    1.25081468 2.15545607 1.61447477 2.14396858 1.616436 1.11727452
    1.05568898 1.02856362 0.840176165 1.44338524 1.92721403 1.68161511
    1.36801195 1.41832089 1.89077461 1.46864784 1.23342323 1.55102444
    1.51952457 2.13116598 1.99663949 1.70182896 1.44953799 1.53146768
    1.70986998 1.31358409 0.972945452 0.978432834 1.45716524 1.36717057
    1.32610774 1.02096403 1.45605898 1.34636223 1.26595652 0.700790048
    1.27614105 1.74095047 1.42147386 1.31252754 1.96562588 1.63395262
    1.14268935 1.35227203 1.02867126 1.57185483 1.72760677 1.68675518
    1.76647222 1.18833911 1.27290726 1.92338777 1.90346515 1.55278933
    1.87685943 1.86980629 1.91722405 1.24348259 1.40440226 1.26930225
    1.67156148 1.81079149 1.61618829 1.66462243 1.03907752 1.25819111
    1.59024501 1.24784565 1.05276251 1.65187573 1.47624838 1.311517
    1.15229094 1.13796043 1.12448919 1.83071184 1.38155162 1.97087622
    1.20223582 1.92385411 1.6446718 1.54281831 1.53543639 1.80508447
    1.60711229 1.5627104 0.997811258 1.34362507 1.890674 2.02887154
    1.42226589 1.38107526 1.10201561 1.48649395 1.9170121 1.99552083
    1.20868301 1.52345061 1.55202341 1.8590467 1.05029321 1.51903343
    1.57611096 0.915967464 0.8891958 1.02013195 0.937809527 1.12504268
    1.51466393 0.9434973 1.63534009 1.27445078 1.8605504 1.78474319
    0.864035666 1.26163173 1.66955328 1.29560173 1.63196075 1.7256695
    1.62940466 1.69997871 1.61121929 1.63947773 1.90050697 1.66782153
    1.05325568 1.13904798 1.81762183 1.49334109 1.95020056 1.95026648
    1.96024048 1.52600157 1.76367259 1.55437219 1.87427711 1.25573742
    1.03475761 1.62048995 1.41837072 1.03310001 1.63310921 1.7917316
    1.72586977 1.51605284 1.07345057 1.6854713 1.02002704 1.89032948
    1.2728287 1.72166514 2.12518764 1.88539183 1.8758353 1.3872745
    1.29010987 1.03182018 1.76433635 1.90621305 1.01290977 1.71701443
    0.743038177 0.883387148 1.33685565 1.66817379 1.81098425 1.07719052
    1.60090721 1.88183331 2.00823832 1.9184587 1.49371672 0.964903414
    1.44985712 1.36528301 0.748886049 1.05259633 0.866378784 0.841436863
    1.01368272 1.60621786 0.84226805 1.10328078 1.12623119 1.47493517
    1.92375124 1.77315867 1.94944406 1.25772989 1.11708117 1.46920478
    0.967961967 1.85979831 1.10079575 1.52483344 1.19426084 1.76620829
    1.57598817 1.05607176 1.06680381 1.29841161 1.88757026 1.91443264
    1.38584697 1.08100939 0.981747448 0.85719496 0.776164293 0.884991407
    1.03076649 1.09962928 0.943495691 0.959277928 0.93125236 1.00047207
    1.30785084 1.00159311 1.50727677 2.10672212 2.11459851 1.83273458
    2.09490108 1.3929168 1.10748768 0.899343729 0.892463565 1.48895752
    1.29639244 1.54237127 1.30017447 1.13376808 1.10366738 1.79216766
    1.24719155 1.24867427 1.27481174 1.5989393 1.81236601 1.45390236
    2.25861621 2.13961196 2.01882267 1.20067465 0.986964345 1.75519204
    1.09776151 1.3152225 1.41137385 1.10663474 1.59043348 1.59465897
    1.66627061 1.89573717 1.4723103 1.10587776 1.77288818 1.6488806
    1.74562645 2.0677557 1.38469815 1.90741134 1.29221106 1.07697999
    1.91453457 1.39000869 1.97743928 1.85111153 1.53799939 1.35814571
    1.25928676 1.96703529 2.07826996 1.12439871 1.77894711 2.01091695
    1.49447191 1.90794826 1.59861159 1.13347113 1.75819123 1.16755056
    1.82840466 1.82628596 1.71304965 1.00250745 1.70973539 1.27014232
    0.72345072 0.578564882 0.971945584 1.10332274 0.894799054 1.43070447
    1.04951739 1.15911937 1.90947938 1.26835644 1.53226793 1.87970424
    2.02331257 1.40133095 1.67831719 1.61026013 1.89085579 1.71430445
    1.62037492 1.20244169 1.38124239 1.58999074 1.20264912 1.04352653
    1.74888182 1.64580095 1.05765402 0.979287326 1.05002475 1.23952913
    1.50174773 1.05941284 1.82866633 1.04957771 1.62848365 1.49824393
    1.66688764 1.02630234 1.54879773 1.6673708 1.89710581 1.96540892
    1.81750989 1.10164893 1.40741885 1.84778762 2.0414269 1.36186099
    1.61394286 1.22103739 1.93559015 1.93633914 1.89213049 1.48259616
    1.01655245 1.5915575 1.70588326 1.31391203 1.13332403 1.76768696
    1.0777849 1.19884706 1.2799685 1.17367744 1.68623137 1.81988347
    1.17214072 1.88359761 1.99249303 1.79433227 1.3478564 1.07136357
    0.925536573 1.40603626 0.931059003 1.26339936 1.34656787 1.1478734
    1.26231563 1.694206 0.964868426 1.06940746 1.69005072 1.35033965
    1.02621591 1.83335376 1.31874537 1.17266655 1.62674427 1.5250715
    1.33855832 1.16234016 1.81001365 1.33501852 1.81527698 1.38701737
    1.3208313 1.52384889 1.72031295 1.96368814 1.77537441 1.94778264
    1.56539667 1.28780746 1.4634738 1.60145819 1.64480603 1.29452837
    1.47340393 1.39161932 1.23829699 1.34500432 1.93923497 1.92822361
    1.6005137 1.89206982 1.63702834 1.04997253 1.64426208 1.97958541
    1.864452 1.41365039 1.93853772 1.82756579 1.54745579 1.05547929
    1.8717078 1.59726179 1.38284373 1.57077909 0.892351151 1.55666411
    1.03047013 1.54662013 1.69352615 1.43344927 1.23072553 1.2700007
    1.28250086 1.31725287 1.79546618 1.47231233 0.783727825 1.32155252
    0.824008107 1.68850255 1.1530906 1.56946695 1.05920708 1.24801731
    1.09636617 1.67343414 1.74663091 1.95591438 2.22979617 1.88921225
    1.53564727 1.61858833 1.58760417 1.87441969 1.51760983 1.76255047
    1.06475711 1.8581003 1.82964337 1.78056347 1.02744377 1.67877316
    1.13355684 1.61906528 1.51370943 1.12613571 1.48783422 1.06929016
    1.01171577 1.79852808 0.952469885 1.8951546 1.06256282 1.8320241
    1.52401447 1.6721921 1.88499832 1.08785295 1.96545124 1.32768106
    1.20203936 1.61424649 1.87485003 1.42120218 1.51355636 1.64600837
    1.68239057 0.975592256 0.963814676 1.04087269 0.938168108 1.40539134
    1.78317702 1.74602294 1.41736472 1.26128519 1.65947449 1.04749262
    1.38414931 1.41298962 1.98137665 1.77802277 1.94206357 1.52461946
    1.63382614 1.30483925 1.56113529 1.90352309 1.17835331 1.5843631
    1.25952721 1.42568386 1.31042874 1.90361214 1.46985507 1.06787324
    1.69899404 1.82442498 1.27857101 2.11097813 1.55641556 1.85453594
    1.1192795 1.76342583 0.855908632 1.7547214 0.970345616 1.25929248
    2.04008889 1.8300519 1.98258376 1.78284073 1.52427721 1.06381464
    1.53973055 1.98154545 1.87040114 1.18360627 1.76380658 1.27424204
    1.740026 1.79585266 1.05652571 1.44304693 1.2702682 1.15780914
    0.924546242 1.70731962 1.20403993 1.49585676 0.76833725 0.6012128
    0.952655792 0.964490533 1.68945384 0.972483695 1.80695391 1.85419798
    1.82771337 1.53604496 1.65857339 1.66985857 1.70344472 2.01259303
    1.16326392 1.29709172 1.50076246 1.56879389 1.00580585 1.37273479
    1.02713943 1.05543435 1.35126042 1.96031368 1.73680532 1.61241472
    1.39449942 1.11135948 1.38524151 1.75360727 1.34374022 1.89595425
    0.999451876 1.65658069 1.22968435 1.73325682 1.42540705 1.26464176
    1.24057686 1.97380424 1.83808231 1.10769367 1.78394949 2.01420474
    2.01875377 1.86915851 1.38949358 1.82521379 1.83634162 1.54148555
    1.08143413 1.59239364 1.19757521 1.11350513 1.50188792 1.60057104
    1.50639451 1.11785877 0.994431496 1.85825658 1.0073899 1.82231081
    1.656286 1.24922574 1.1737119 1.01933241 1.30182135 1.73182154
    1.87378645 1.23770916 1.84893823 1.4881314 0.905620396 1.59677255
    1.70972002 1.22666335 1.68670928 1.75520086 1.06688595 1.92098022
    1.59666526 1.10908771 1.21019459 1.88818574 2.05822706 1.87266731
    1.70570934 1.23924112 1.87995839 1.58836675 1.34945798 1.70009267
    1.57231152 1.44080186 1.28863108 1.50410104 1.43433046 1.96477818
    1.51783895 1.38117611 2.00273275 1.69569492 1.95770216 1.6508311
    1.23683774 0.917448699 1.59326339 1.86223006 1.90563679 1.78276527
    1.08491039 1.35985017 1.72969115 1.81573844 2.10768056 1.51833272
    1.95844162 1.21111321 1.31796432 1.64967752 1.82900321 1.76515996
    1.35229278 1.01214099 1.69852543 1.20682788 1.72935939 1.57749307
    1.3874023 0.942944109 1.9110316 1.79442537 1.50215507 1.77465665
    1.98955607 1.10729575 1.71156538 1.17120349 2.07604599 1.98339999
    1.63187349 1.67296576 1.30968094 1.12592089 1.01421809 1.78132176
    0.886467218 1.40401411 1.54202628 1.46346605 1.39547122 1.49497426
    1.79397893 2.08372092 1.57322633 1.88951778 1.90238595 1.28191447
    1.15283096 1.51364911 1.06653023 1.50098133 1.73992968 1.31573999
    1.97088087 1.91125965 1.2687906 1.33601332 1.59918082 1.87905192
    1.40852356 1.02953553 1.07638121 1.77139258 1.23600471 1.40253973
    1.15795255 1.36650026 1.78897655 1.55454504 1.07627225 1.98633778
    2.06596494 1.47417271 1.33656728 1.86119628 1.95780337 1.70400512
    1.79331362 2.0217936 1.78827441 1.14264262 1.05534506 0.908810198
    1.00699317 1.48686147 1.1325103 0.893069208 0.80788964 1.40818441
    1.62662423 1.41687906 1.11688888 1.04334521 1.78441799 1.31643212
    1.12821424 1.81749046 1.94750834 1.89364469 1.75988483 1.43630576
    1.16051435 1.82255983 0.924453795 1.22323012 0.859380603 1.0577116
    0.876322985 1.22037292 1.42034197 1.56633091 0.952763796 1.521294
    1.16420841 1.19208109 1.93562174 1.23177135 1.8747592 1.04019439
    1.54806972 1.11603892 1.53143859 1.97162068 1.81478584 1.95105278
    1.49302864 1.43948817 1.50871181 2.01299071 1.64596677 1.85606658
    1.90803957 1.45327544 1.3765136 1.43792498 1.33426702 1.55304301
    1.90283322 1.58821893 1.07633007 1.17172968 1.93051684 1.13344359
    1.32151794 1.36244273 1.5698179 1.23787713 1.29845834 0.992931843
    1.51092088 0.93195951 1.32963908 1.02512097 1.16895378 1.49682724
    2.06769228 1.83046424 1.96641934 1.18913674 1.87786865 1.27905202
    1.19038653 0.990522981 1.68593371 1.47299588 1.18837321 1.67295802
    1.08738399 1.67816854 1.26211762 1.57793081 1.62282801 1.38943553
    1.149827 1.09343565 1.74903798 1.99176621 1.20688653 1.18132329
    0.967274725 1.64003718 1.30756676 1.79574108 1.97655487 1.75354469
    1.78462505 1.7180078 1.29921639 1.94000447 1.99613094 1.71408248
    1.73695505 1.18283308 2.01902485 1.82883322 1.90017843 1.30906999
    1.01848912 1.60639739 1.485883 1.68976033 1.53680325 1.55628705
    1.12551773 1.2398572 1.0880053 1.91710329 1.48187566 1.73533785
    1.46395957 1.24836111 1.96694922 1.93440318 1.94177234 1.88168585
    1.61207485 1.41795003 1.077829 1.55290222 1.48767471 1.79125607
    1.39970279 1.91128552 1.93984711 1.8538748 0.877323031 1.9269805
    1.62112856 1.53265929 2.13460255 2.12737703 2.10303068 1.97130823
    1.52527034 1.21098697 1.77418566 1.21678519 1.35177875 1.51590919
    1.04103708 1.59011006 1.19844306 1.3124553 1.65891266 1.44610763
    1.27774441 1.07917488 1.25497484 1.76224661 1.41830218 1.40312696
    1.25399303 1.27972043 1.59839404 1.83911538 1.52757144 1.52263665
    1.26661944 1.13687646 2.14705706 1.9744519 2.15016079 1.87825882
    1.06344354 1.44532251 1.94539475 1.09209812 1.77083468 1.77193213
    1.22675121 1.1101445 1.1726073 1.07415235 1.8392247 1.54800594
    1.29337835 0.972423792 1.92957807 1.22475052 1.57583606 1.35822201
    1.89821672 1.72962093 1.5835793 1.01052284 1.04768729 0.996036351
    1.71062756 0.96055454 0.956089079 1.58766115 1.55748975 1.75921845
    1.96413052 1.98595107 1.81087613 1.37828231 1.64821136 2.2110939
    2.07783151 2.08208156 2.06583261 1.46331942 1.72240734 1.62222791
    1.26190352 1.69908953 1.97348917 2.08417487 1.27017713 1.86870444
    1.52531004 1.6895628 1.22842669 1.54300714 1.37987828 1.11156476
    1.09265339 0.95305711 1.53499556 1.88184309 1.67566371 1.13659751
    1.37734485 1.91982675 2.03308868 1.65928423 1.96984911 2.03199744
    2.18329477 1.43601322 1.47934866 1.76732337 1.35482585 1.16528773
    0.965627015 1.8090744 1.76860249 1.54917705 1.02319515 0.894705296
    0.777623177 0.909670293 0.928357244 1.49267614 1.06749249 1.02473295
    0.874941111 0.967733979 1.02170479 1.39960325 1.82503998 1.48363769
    1.64799273 1.34252501 1.32371998 2.08308816 2.02080917 1.58889961
    1.14678764 0.98984921 1.39177489 0.871566296 1.43115342 0.756506801
    0.841300011 1.4416883 1.38435042 1.53425848 1.78263402 1.15593147
    1.5819757 1.76864302 1.61480284 1.14192188 1.24965096 0.877854764
    1.81525266 1.24911845 1.25399768 1.61701858 1.54085505 2.01064253
    1.53226447 1.19826055 1.9294045 1.48895228 1.81387949 1.95098674
    1.45828724 1.33079064 1.17395544 1.49475706 1.73707545 0.941963077
    1.12946308 1.04537344 1.18814456 1.70246983 1.36094677 1.74256051
    1.47160959 1.07956207 0.617483675 1.06739354 1.54916489 1.4068476
    1.22594583 0.959200621 1.97359455 1.49724185 1.36717796 1.45759761
    1.59587526 1.52522779 1.88265502 1.87170589 1.64452779 0.988950193
    0.934344649 1.26636636 1.04143071 1.8476156 1.09067249 1.99215961
    1.2900281 1.22388434 1.3787353 1.07901239 1.68793786 2.02175736
    1.53105676 1.50396299 1.10471261 1.54713547 1.59243882 1.75322855
    1.89929175 1.24556053 1.60924029 1.13151479 1.44606757 1.91287911
    1.14470863 1.18626845 1.81374896 2.10458589 1.6352334 2.00231576
    1.21775818 1.50828898 1.12540078 1.30969381 1.14094663 0.937424898
    1.55780697 1.5307374 1.8316586 1.54883003 1.93815708 1.67616594
    1.34545255 1.72500539 1.32662094 1.45432544 1.08815265 1.38966119
    1.56642222 1.89545512 1.45555627 1.43744838 1.13860524 1.38176942
    1.48207271 1.78769565 1.09850621 1.74574375 1.20983136 1.27328277
    1.26226628 1.24656379 1.80972552 1.26227272 1.60442305 1.95913172
    1.64445937 2.29690552 2.30831218 2.07741261 1.3909843 1.71028471
    1.03205776 1.21089578 1.5685972 1.37332714 0.973513186 1.27688241
    1.00757837 1.09970176 1.43823826 1.33956087 1.95884097 1.9544723
    1.48087573 1.76746619 1.0610956 1.50963163 1.15484834 1.36691046
    2.04287243 2.04319668 1.26350796 1.48433149 1.90429842 1.14914072
    1.87251401 1.1280092 1.66239238 1.26514888 1.66527641 1.04741025
    1.18602002 1.74371207 1.74363327 1.50482178 1.27302325 1.09516692
    1.32085919 0.98661083 1.04959762 1.72670305 1.79127002 1.64748251
    1.75188351 1.51045263 1.22929263 1.03391063 1.75363004 1.09975159
    1.27688789 1.03458238 1.63893652 1.33484125 1.51840806 1.85702384
    1.59249842 1.10389328 1.70442343 2.00702381 1.80161572 1.46012282
    1.38591456 1.69682693 1.36599278 1.53495336 1.85643601 1.99393833
    1.25047982 0.985312343 0.809034765 1.16276085 1.82849824 1.82685339
    1.88354409 1.86698759 1.82529283 1.7179997 1.58623374 1.743384
    1.38488281 1.85197949 1.81945276 1.23342884 0.894610703 0.820015192
    1.24948335 1.25773525 1.30303454 1.36863077 1.42444038 1.25564659
    1.99779189 1.803123 2.24957752 1.98996449 2.17051983 1.18883908
    1.95055676 1.19151175 1.47972989 1.7046659 0.97000128 1.36940241
    1.3506546 1.40356684 1.61509991 1.11924779 1.52133298 0.821491778
    0.828378618 1.22437358 0.993162811 1.71169531 1.54997385 1.43959904
    0.988945663 1.45784914 1.27264154 1.95906663 1.7688874 1.27738702
    1.6258738 2.1213758 1.70767438 1.64978862 1.0145179 0.941246867
    1.52261138 0.885359108 1.67421246 1.23746073 0.696596861 0.953220427
    0.738802135 1.03257942 1.17470503 1.77781594 2.07625771 1.99170768
    1.45825934 1.08699214 0.99509573 1.24570858 1.21524608 1.37945569
    1.64059448 1.24634194 1.16222477 1.6238234 1.5295341 1.74602354
    1.32573569 1.78974199 1.1302489 1.21673024 0.926205695 1.62891138
    1.59630454 1.16230369 1.52207148 1.64477944 1.62425923 1.7422514
    1.71837759 1.3821516 1.55531955 1.84951901 1.86052203 1.43922889
    0.628325701 1.39144027 1.27463078 1.79925346 1.91244054 1.03539085
    1.10170186 1.54143429 1.85781431 1.05539834 1.4969908 1.71072495
    1.1296953 1.92753899 1.47443712 1.20767379 0.935642242 1.22286212
    1.67815959 1.36636913 1.49833763 1.50508988 1.55465913 1.58052421
    1.27968979 1.68506539 1.16927862 1.74166775 1.9463861 1.65265489
    1.79752278 1.36007309 1.23528326 1.27029455 1.92359245 1.24209905
    1.57971048 1.82487941 1.15854084 1.02599692 1.75987482 1.30258501
    1.83330989 1.50508988 1.92215669 1.7692467 1.3815521 1.70931137
    1.49775338 1.94286704 1.50786507 1.84903979 1.62102044 1.27478814
    1.84569263 2.03754067 1.64203024 1.18664718 2.00407553 1.69880164
    1.35530972 1.15122116 1.60557818 1.77819216 1.3892771 2.01878214
    1.17095506 1.662467 0.869938374 1.58511901 1.00747836 1.56653082
    1.15063465 1.33394241 1.80671287 1.99845648 1.26463568 1.26802313
    1.6329298 1.33422136 1.13494241 1.6294266 1.39793146 2.27309227
    2.18263912 2.09853053 1.91301429 1.87159169 1.93160748 1.23622239
    1.25024152 1.44763803 0.892313659 0.912964225 1.00001144 1.69856238
    0.997211337 1.19637263 0.983204365 1.24953055 1.68055558 1.56359935
    1.14718485 1.78924251 1.60239542 1.98005104 1.62668467 1.24046874
    2.07347655 1.36354363 1.61907923 1.61211443 1.94023645 1.55215645
    1.66008878 1.87475109 1.93995094 1.05561686 0.967042208 1.60423827
    1.93362606 1.92224419 0.991480052 1.43933916 0.892229855 1.60416925
    1.48830223 0.864019156 1.17650771 1.25433946 0.939391315 1.2607429
    1.146878 1.08148229 1.63981223 1.60958886 1.30833972 1.00342321
    1.32003188 0.909595311 1.59636998 1.41264772 1.74069881 1.29521239
    1.4077332 1.60982716 1.79211688 1.81747258 1.57914805 1.77136636
    1.36610842 1.52421534 1.40711617 1.78512502 1.4285239 1.03376389
    1.73795974 1.10402191 1.92224169 1.82320976 1.35910153 1.88626862
    1.1275686 1.84014523 1.97593296 1.29622924 1.56932271 1.14072812
    1.93092382 0.973577738 0.89924407 0.892959058 1.28590286 1.46783054
    1.73426652 1.11043239 1.41491055 1.43791902 1.52160954 1.18013275
    1.71650648 1.73285997 1.88249791 1.84303498 1.80000079 1.7491976
    1.70805633 0.987899184 1.76249087 1.01651776 0.992851138 1.22101688
    1.84639764 1.54256737 1.34065294 1.00799227 0.94323349 0.974910498
    0.839757025 1.0357672 1.57886171 1.88852 1.62544048 1.5591197
    0.996378303 0.93665874 1.17929149 1.37845814 2.11183262 1.60736823
    2.12326527 1.16830468 1.55528414 0.939032018 1.77976012 1.57885456
    1.21316767 0.903162539 1.01177335 0.760188937 0.879389644 1.07942796
    1.60015833 1.62627327 1.71662831 1.99389732 1.40848207 1.51515138
    1.39093864 1.39460647 1.08806133 0.996210635 1.77643228 1.02623212
    1.10903251 1.50330913 1.81408036 1.85815954 1.00982153 1.31438422
    1.33043194 1.45042729 1.36142707 1.42442393 1.51683795 1.31726551
    1.48032653 1.7530036 1.1143322 1.05724251 1.22207463 1.96067238
    1.80196214 1.52222037 0.984191179 1.46653175 0.824360788 0.924646437
    1.58592343 1.39171505 1.28568053 1.56448567 1.06288564 1.26466548
    1.86190867 1.91132569 1.04273212 1.22042274 1.33146 2.0801928
    1.4937768 1.55648315 1.03593433 1.31116307 0.825771689 1.12107456
    1.48397326 1.037727 1.86249936 1.61046052 1.8532548 1.03460765
    1.43342066 1.80116928 1.64716434 1.34126842 1.22013211 1.08768892
    1.94984102 1.93630362 1.96976447 1.3000139 1.95245337 1.35099411
    1.71883428 1.14795542 1.61336422 1.68401754 1.68332362 1.50634491
    1.99080038 1.87084794 1.75121856 1.91350734 1.90484512 1.49728882
    1.26040781 1.38170648 1.87291634 1.49905491 2.06748009 1.32621861
    1.66143954 1.31529808 2.04626012 1.90143323 1.44534028 1.68494999
    1.24141967 1.05378664 1.40760899 1.48914695 1.61883175 1.63964605
    0.857235074 1.54737246 1.44488323 1.26532078 1.16168296 0.903973222
    1.54054666 1.00537121 1.9337275 1.94138002 1.60023165 1.20477939
    1.01101482 1.86223352 1.36138248 2.05472445 1.9398365 2.24841142
    2.05254149 1.55120707 1.46060872 1.26884556 1.72046793 0.75908947
    1.47215271 0.886165738 1.88981736 1.61486876 1.81502783 1.61134768
    0.991945207 1.82168007 1.72023046 1.75228083 1.15830791 1.45926714
    1.8833555 1.48384249 1.82215321 1.7797693 2.00816512 1.10579479
    1.57144105 1.35819113 1.78490043 1.04194272 1.24931467 1.80118918
    1.08317292 1.32881141 1.79205096 1.35689914 2.01478219 1.44118917
    1.77820528 1.24537742 0.878173113 0.930178523 1.44789636 1.18020546
    1.36463368 0.998612046 1.69749069 1.18024111 1.429775 1.17064524
    1.62603211 1.46961081 1.8284719 0.941347778 1.29204166 0.954586625
    1.90120113 1.54576421 1.60994065 1.25776899 1.83349895 1.70440531
    1.24674082 1.3815763 1.33954167 1.25373662 1.58751917 1.32696807
    1.31585979 1.65838647 1.24057472 1.01742041 1.47595227 1.11906958
    1.06817293 1.74246418 1.23640728 1.15612555 1.33075655 1.69616699
    1.52189541 1.47658908 1.89747357 0.990379095 1.3609823 1.55805564
    1.16110158 0.986960411 0.800752938 1.79256117 1.08709311 1.54269183
    1.53963113 1.6346792 2.03005362 1.35924637 1.86592722 1.6984272
    2.05556393 1.13129568 1.28686869 0.997782886 1.25436175 1.3574599
    1.2374835 0.963066101 1.44774604 1.49921775 1.90276325 1.72601795
    1.52458239 1.18200397 0.853506327 1.52833939 1.73817337 1.3895036
    1.56257451 2.0630846 1.58338332 1.94729269 1.64977527 1.69419682
    1.11676466 1.83192873 1.4763757 1.78028286 1.66907918 1.92681038
    1.01089633 0.98547852 1.75312066 1.82708848 1.53573251 1.35737729
    0.969724059 1.33378708 1.05905187 1.38492012 1.36021483 1.78257954
    1.7917304 1.69099677 1.48552537 1.45212972 1.4357698 1.15516102
    1.30504668 1.12668777 0.922838509 1.43168426 1.72377336 1.38424122
    1.56152534 1.59514463 0.906839669 1.78858161 0.960935175 1.09444654
    0.965851784 1.57924354 1.1980803 1.91180384 1.3812418 1.71457994
    1.07630968 1.42530012 1.39949059 2.11647463 1.75469971 1.41099262
    1.22152853 1.54921222 1.46580124 1.05767691 1.09361792 1.89278173
    1.93599701 1.57875633 1.92947912 1.25838375 1.13565028 1.26085961
    1.56565416 1.88603413 1.74062026 1.23789752 1.29756916 1.71204793
    1.22619891 1.67878938 0.935890257 1.23568416 0.979478955 1.41629374
    1.38008499 1.46193016 1.52999508 1.4845624 1.06932092 1.0108732
    1.19332266 1.92381763 1.38926208 2.00207853 1.67341316 1.52390504
    1.25819039 1.54083264 1.64839625 1.51521397 2.10067749 1.93076551
    1.44268417 1.83829784 1.87431693 1.17123485 1.98088098 1.20767379
    1.3947345 2.0060041 2.11831903 2.1940167 1.74194801 2.06665826
    1.27065694 1.73920238 1.90571141 1.52662706 1.83579302 2.03599906
    1.74438453 1.75639439 1.81572568 0.984521329 1.08920801 1.31453896
    1.92663372 1.56838357 1.19823968 1.39203775 1.59359586 1.03733444
    1.02106941 1.01538408 1.00684929 1.64685953 1.15758789 1.43394625
    1.7756238 1.88987291 1.50172615 0.968412578 1.22185576 1.73581052
    1.91181946 1.58798432 1.28556943 2.00185442 1.92980242 1.97321212
    1.8578335 1.21790242 1.250718 1.45292425 1.13554478 1.8663497
    1.58998704 1.34448361 1.50396407 1.31664824 1.49386096 1.16855657
    1.03264117 1.08850753 1.41457283 1.61974216 1.33771634 1.43840981
    1.93293715 1.61839592 1.27199364 1.94395888 1.80634141 0.98514235
    1.1419301 1.54610872 1.6113447 1.10814464 1.62388051 1.23460579
    1.33775187 1.83396673 1.43907511 1.18852091 1.31268156 1.36957788
    1.00204682 1.61811018 1.04611337 1.02886915 1.01298666 1.17160928
    1.69676065 1.12308514 1.98639941 1.39870477 1.05447447 1.23137975
    1.92806602 1.75068927 1.74210286 1.02290893 1.80609977 1.45207345
    1.55144799 1.16383743 1.69312954 1.36396646 1.21976674 1.43035853
    1.21522105 1.33978498 1.39941835 1.21553636 1.62109351 1.2016294
    1.30288863 1.45114243 1.42744339 1.07894194 1.42755926 1.39029264
    1.47518122 1.72546315 1.77221489 1.19475389 1.23418868 0.97134763
    1.68459558 1.12621737 1.65446591 1.71449769 1.85787523 1.5941658
    1.80241668 0.940154612 1.20646656 1.87964296 1.64162135 1.18454278
    1.8299123 1.47001541 1.61832464 1.6062957 1.26224983 1.73125887
    1.91567111 1.89088905 1.1882298 1.75811112 0.763759136 1.58191979
    0.885805905 1.61612844 1.16135526 1.42291677 1.72343099 1.77849019
    0.966910303 1.41766548 1.01368141 1.61634505 1.85172737 1.74301767
    1.26904178 1.17780113 1.58354247 1.4860245 1.51352358 1.50617313
    2.0562191 1.74378884 1.64559913 1.48787427 1.50321066 1.64633656
    1.39545786 1.24774313 1.65117908 1.00407422 1.7183131 1.10161901
    1.60732388 1.33702004 1.32175744 1.76898694 1.15015805 1.39717698
    1.25079238 1.36696827 1.12335408 1.28943074 1.94281316 1.88965046
    1.53662169 1.43645203 1.81974149 1.40868366 0.962990284 1.40982521
    1.16319907 1.45342565 1.31773484 1.37013292 1.92937386 1.56467092
    1.12267387 1.47348034 1.8376292 1.22596407 1.67050576 1.28419852
    1.75568521 1.77114773 2.04169011 2.001477 1.02536094 1.35333562
    1.12901974 1.58857036 1.22067916 1.0140202 1.1657685 1.01361871
    1.32518244 1.35972583 1.28422356 1.51067686 1.8404156 1.8411243
    1.97924256 1.38731802 1.94986022 1.76115966 1.44527888 1.13721573
    1.28553951 1.02464652 1.62491786 1.81904125 1.19105196 1.31915808
    1.46100545 1.14259124 1.91943598 1.3584007 1.17916596 1.61306822
    1.26781344 1.26380944 1.86909127 1.53641438 1.50753164 1.21142519
    1.61620271 1.87214661 1.14060414 2.01304746 1.56324947 2.0416038
    2.06497335 1.27759027 1.89121807 1.2871449 2.17547131 2.01101589
    2.0022316 1.64504898 1.70853364 1.5432446 1.84321177 2.01908612
    1.19074094 1.95093393 1.17702377 1.16679978 1.57259762 1.82768309
    1.07004118 1.24572599 1.55261564 1.51116264 1.10231602 1.84460199
    1.590729 1.0322721 1.05428267 1.58940625 1.44031155 1.64211345
    0.9600389 0.910484016 1.14797354 1.79903626 1.71261191 1.04393685
    1.80480003 1.77029872 1.49542403 1.33056247 1.87744021 1.37339997
    1.85795379 1.50339377 2.02451992 1.72755182 1.83213973 1.23186946
    0.975183845 0.926768661 1.05705333 1.6150887 1.8009131 1.82014215
    1.98284376 1.21116066 1.56697917 1.39729202 1.63325679 1.73524642
    1.80417323 0.901707053 1.03301895 1.2532115 1.11004186 1.57313025
    1.93588328 1.87676477 1.3234185 1.29172897 1.84330738 1.55588531
    1.84487176 1.44063985 1.00947785 1.30978239 1.59927106 1.84286976
    1.87196815 1.82056379 0.964843035 1.12971115 1.44401991 1.35912967
    1.44479048 1.39430249 1.21816003 0.973043144 1.56309915 1.8189131
    1.923154 1.73542655 1.64984512 1.29345489 1.34038413 1.23405743
    1.92499077 1.65773976 1.26187813 1.65561903 1.18722701 1.79486179
    0.965539575 1.45519578 1.18216944 1.73077285 1.42595935 1.26034439
    1.94492888 1.71237922 1.84408689 1.72545993 1.52121043 1.37671423
    1.33510852 1.28072906 1.10090828 1.67822993 1.70040202 1.94975364
    1.26822424 1.36520898 1.53501344 0.994353235 0.869844556 1.51317978
    1.08480895 1.52021396 1.14642346 1.60298514 1.14910805 1.71270669
    1.29007649 1.24193966 2.04262233 1.42681158 2.08602118 2.0234375
    1.74043703 1.37158489 0.980893314 1.01984608 0.976497054 1.07607806
    1.5197978 1.15751112 1.05842662 1.28076327 1.73899889 1.91325855
    1.49177003 1.22075701 1.34112751 1.47085273 1.42351699 1.4990319
    1.45763659 1.97605777 1.84361649 1.50790572 1.81592703 1.94999659
    1.56416237 1.7413646 1.70597541 1.63181508 1.95120776 1.73961473
    1.3363719 1.37312019 1.14202023 1.66459572 1.47453892 1.99829543
    1.94610035 1.50698483 1.0545826 1.0183233 1.21870971 1.06315577
    1.83592594 1.47832811 1.39303696 1.59954464 1.5764854 1.03818703
    1.07208812 1.85153985 1.05179775 1.11573386 1.92406237 1.64503741
    1.22413015 1.2419436 1.49256074 1.33827472 1.08951294 0.911305666
    1.18125129 1.43993855 1.61290812 1.90036881 1.90065205 1.51384962
    1.73658061 1.76333869 1.31347752 1.24038005 2.0040617 1.5480268
    1.89240897 1.83556545 0.807806849 0.503082931 1.54667461 0.962360144
    1.74143279 0.926007271 1.84322262 1.57194328 1.76055276 1.51871729
    1.14143729 1.10900831 1.36698043 1.70779824 1.9529084 1.66345048
    0.974074423 1.7198441 1.04946721 1.08387589 1.59239054 1.61244607
    1.18021119 1.00188923 1.06798577 1.71317732 1.83455491 1.47390842
    1.09089196 1.29599488 1.08555913 1.40555704 1.05851734 1.54688966
    1.46360898 1.3739934 1.37096322 1.20174026 1.4467411 1.94561863
    1.55347669 1.66630483 1.92628682 1.78263044 1.20461476 1.78755546
    1.64621782 1.58950031 1.50394022 1.6776129 1.99666762 1.81278145
    1.28105974 1.52602506 1.95638657 1.7687391 1.62335682 1.37469482
    1.50840092 1.97444916 1.94257498 1.36366057 1.28328407 1.52126276
    1.13179648 1.97163534 1.94268632 1.99993658 1.91673422 1.72495365
    1.39409852 1.68861318 1.40572965 1.23878157 1.88638794 1.14285803
    1.6884017 1.16719174 1.01559877 1.39254105 1.30648947 1.81257498
    1.59876204 2.134727 2.04870844 1.73116648 1.16874433 1.56173837
    1.13166595 1.44511104 1.37628746 1.04625034 1.09956455 1.11219752
    1.1125083 1.64693069 1.27355945 1.84997332 1.46611977 1.82763577
    1.55134892 1.25799084 1.82146406 1.525841 1.05221844 1.49868023
    1.07117987 1.20827436 1.45613086 1.56506252 1.18391526 1.52614999
    1.59952736 1.08860755 0.994901121 1.16368771 0.907553911 1.6036607
    1.59576261 1.62639141 1.76021314 0.999089062 1.16724718 1.33703089
    1.07674396 1.28263259 1.25950289 1.27962887 1.50139225 1.69981551
    1.65437829 0.885140717 1.8393358 1.75387323 1.65949416 1.29284906
    1.91268659 1.01419747 1.6074121 1.34947884 2.03764319 2.11955333
    1.76445067 1.93092108 1.60729444 1.71460938 1.48039722 1.03239548
    1.85699058 1.36325479 1.37804449 1.98309922 1.3269496 1.26524448
    1.44349217 1.00126171 1.38374293 1.19246709 0.830233395 1.67869651
    1.36993003 2.02486181 1.48451042 1.48315227 1.71604371 1.64922798
    1.07124329 1.70057249 1.06115413 1.37994444 0.994075298 0.97818315
    1.33883059 1.54412091 1.6763016 1.23407364 1.32648182 1.47748244
    1.45178711 1.95202041 1.30523181 1.60855854 1.08822322 1.72860193
    1.29088545 1.75764978 1.76145566 1.49813843 1.24305689 1.12429595
    1.189188 0.924229681 0.850387156 1.75770581 1.61267042 1.46643472
    1.3096745 1.6946671 1.7186389 1.26580596 1.78224635 1.90431917
    1.95654893 1.80356812 1.07293713 1.18475246 1.41378701 1.95060182
    1.77687895 1.42907476 1.31268334 1.22471762 1.6529994 1.00172627
    1.02063465 1.5318799 1.69270611 1.67518926 1.64868462 1.29891372
    1.15850222 0.883130789 1.68112016 1.20742488 1.43089998 1.26051998
    1.48660183 1.17426968 1.27678001 1.72710407 1.90358222 1.89638817
    1.51482964 1.39303422 1.39603686 1.2990849 1.36555493 1.5617106
    1.81513631 0.800754964 1.15932727 1.03316581 1.31536019 1.83803308
    1.47306538 1.76272249 1.52505887 1.14916134 1.553146 1.54391694
    1.24882507 1.10055864 1.55554771 1.84523213 1.57327557 1.09537947
    1.0579226 0.655268073 1.51788974 0.828382075 1.51218617 1.62612784
    1.45832968 1.26623738 0.922172546 1.37815523 1.40139544 1.14532101
    1.24754763 1.01679027 1.25599539 1.91631162 1.86800134 1.08687007
    1.31564903 1.75654554 1.0609231 1.51260078 0.866969943 1.11249638
    1.31167006 1.64099371 1.34006035 1.79703212 1.4232316 1.08623016
    1.68213737 0.842265069 1.55341017 1.13247311 1.13797522 1.7014755
    1.83613276 1.03675508 1.28064239 1.13063645 1.53482342 1.45310497
    1.4495424 1.74390972 1.35498607 1.58484602 1.1977073 1.80133247
    1.19379723 1.57285571 1.99114501 1.44525528 1.51812887 1.06245112
    1.3838768 1.52927983 1.96569121 1.37826145 1.53448403 1.05050004
    1.31085384 1.31820214 0.962712169 1.78189611 1.47717679 1.61444724
    1.679497 1.07397819 1.85766435 1.4134872 1.26068318 1.31368065
    1.36408043 1.20233512 1.38281095 1.52603757 1.41226208 1.13173091
    1.81941748 1.87298238 1.57673395 1.8128891 2.0876174 2.24326086
    1.39814866 1.32550108 1.2262727 1.23235881 1.69892979 1.15987933
    1.12702477 1.34369862 1.77355218 1.00816309 1.50880158 1.23779631
    1.22626078 1.03430045 1.0578388 1.46052885 1.46629238 1.75383294
    1.87638021 1.1376332 1.25677061 1.1336844 1.56672657 1.72817969
    1.55865347 1.454126 1.13001823 1.55137825 1.10207844 1.8352201
    1.86213183 1.68652403 1.60736716 1.34307683 1.31118929 1.35875142
    1.84889472 1.97167766 1.3058176 1.14064491 1.08677328 1.71732616
    1.6259445 1.64688385 1.0423758 1.39379227 1.58388114 1.65435302
    1.06303322 0.973175287 1.37567639 0.92823714 0.954708636 1.44961417
    1.92134142 1.88699329 1.9181298 2.02052546 1.36600459 1.51047909
    1.39302886 0.987380028 1.45720005 1.91134751 1.83574557 1.58527732
    1.51251662 1.64096522 1.46719623 1.93188 1.752527 1.52012682
    1.5056771 0.830710649 1.77812076 0.942909539 1.07524943 1.5055511
    1.47806597 1.94220662 1.07953668 1.33814073 1.27770174 1.01138818
    1.54881203 1.68728018 1.44207537 0.959528387 1.3654114 0.870598078
    0.833669186 0.884068847 1.83613765 1.14051735 1.80451512 1.58849227
    2.04124355 1.28115404 0.998344481 1.37000954 0.96583569 1.681584
    1.14230013 1.88284051 1.86797225 1.79711354 1.71683407 1.81801593
    1.7615149 1.41972256 0.970193505 1.52740872 1.62561226 1.0103147
    1.02524936 1.83571875 1.61138022 1.43994749 1.75482249 1.44796014
    2.074265 2.07576585 1.87243104 1.392138 1.65870202 1.58006537
    1.46481824 1.14212108 1.49843502 1.48987377 1.48602951 1.36233938
    1.59616029 1.67142463 1.46811318 1.54698157 1.35976529 1.66291165
    1.07591748 1.91897666 1.12423289 1.78690827 1.17023444 1.50106907
    1.65539932 1.08827531 1.19842935 1.25388491 1.76330829 1.28980386
    1.00717175 1.71380234 1.48455203 1.05125737 1.3164289 1.73605585
    0.86813879 1.10492909 1.27891862 1.30819905 1.80888462 1.88204145
    1.67176008 1.46988714 1.68804741 1.16272998 1.56036222 1.70936048
    1.33564651 1.23630369 1.70274413 0.931219339 0.985124767 1.0270474
    1.32091653 1.71523678 1.44864225 1.44510877 1.29830909 1.12516129
    1.29486334 1.71770966 1.01597786 1.08095288 1.36436331 1.56284726
    1.08129585 1.32592058 1.52724349 1.25003684 1.7770189 1.28648651
    1.85125685 0.849857569 1.21610856 1.24428058 1.3486042 1.45345891
    1.8969568 1.83235645 1.06992662 0.877564371 0.958571196 1.16569352
    1.49088407 1.3017416 1.07779145 1.01651871 0.902926564 1.34503675
    1.49058187 1.39048994 1.34056139 1.92464268 1.34155631 1.49154758
    1.68908238 1.57425392 1.45422685 1.34556508 1.48388255 1.26186597
    1.30535507 1.35241723 1.88290429 1.30651915 1.10237682 1.51054955
    1.94458926 1.25907958 2.03680992 1.43351901 1.61740816 1.33738542
    1.08534384 0.917615175 1.23236847 0.990389228 1.3656038 1.9204725
    1.10030174 1.18958342 1.2795012 1.3449316 1.88728261 1.58957398
    1.86923528 1.1118468 1.3375088 1.23199952 1.5295459 1.87812567
    1.63936281 2.15276456 2.22706413 2.12799478 1.87796879 2.0530479
    1.57731986 1.05986702 1.66993833 1.16436899 1.6059283 1.09413564
    1.35858798 1.32866919 1.92822456 0.934622109 1.73647583 1.33347559
    1.55815506 1.00248134 1.43649709 0.994131505 1.05681062 1.2452383
    1.70940852 1.09314299 1.67880762 0.997280717 1.33848858 1.1555866
    1.07246876 1.47811782 1.62164724 1.13918507 0.874735773 0.868462145
    1.30942798 1.39980578 1.15946639 1.33376503 1.27021694 1.37507749
    1.80761409 1.43154776 1.8637346 1.71784234 1.67595994 1.2903322
    1.95689011 1.32773328 0.917911232 0.782045066 1.27298462 1.09470916
    1.7929951 1.05573905 1.28216541 1.17137742 1.25658894 1.88542187
    2.12917471 1.79274833 1.59855402 1.76217639 0.96595943 1.86052382
    1.0520823 1.86228049 1.88610244 1.64523232 1.88374567 1.59739947
    1.68471432 1.84469211 1.59892738 0.913605571 1.03300476 0.949525297
    1.20719421 1.37839603 1.98132837 1.95189583 0.976600528 1.96327531
    1.07534122 1.53292203 1.73046935 1.61715937 1.03212333 1.42977071
    1.60504651 1.28961909 1.05548072 1.11375022 1.36962533 1.37098742
    1.16866803 1.01773703 1.56241071 1.88302898 1.43180335 1.49762523
    1.32863832 1.12254798 1.4396733 1.94712579 1.30503798 1.90056491
    1.20154524 1.84776461 1.10955799 1.41615188 0.952749193 0.931436777
    1.82944584 1.21377134 1.23988163 0.914166331 1.31050336 1.85604167
    1.85469842 1.64770579 1.33541703 1.29646194 1.81881011 1.2976594
    1.61087358 1.99453712 1.40516841 1.42171121 1.09330034 1.63581574
    1.91664553 1.81522727 1.44993317 1.08631015 1.57307196 1.89792132
    1.48168314 1.7216779 1.26117241 1.96176517 1.14547372 1.49464738
    1.74538016 1.51195025 1.47059274 0.940143049 1.51806605 1.91981792
    1.51908171 1.67507207 1.05151856 1.38342917 1.06460428 1.82980728
    1.24709475 1.47702944 1.74285841 0.844002843 1.8534925 1.11197639
    1.66741586 1.02949131 1.28261626 1.07578254 1.26636076 1.51449311
    1.41029477 1.30252695 0.973075509 0.947225153 1.3769691 0.998586535
    0.974152982 1.16771472 1.25520301 0.617808938 1.20230019 1.1460793
    1.2229104 1.19569385 1.23950076 1.6016382 1.15267205 1.6592344
    1.13373911 1.79109979 1.80957437 1.25788701 1.28015304 1.88182545
    1.83117175 2.06195521 2.00549006 1.22287476 1.2016989 1.12428069
    1.27967405 1.01252019 1.62407672 1.48851585 1.4889847 1.06418097
    1.08406937 1.03091478 0.957565963 0.93615973 1.56363976 1.5659374
    1.3908217 1.2909168 1.58078766 1.57163811 1.08644247 1.80809426
    1.76778126 2.02265739 1.39812636 1.22307396 1.13657522 1.408427
    1.07519829 1.27287817 1.93432224 1.90175176 1.8917861 1.17853999
    1.83661377 1.38546157 1.93306875 1.14662814 1.49044108 1.48623383
    1.79640341 1.13240111 1.48016882 1.55139601 0.848272562 1.66869223
    0.848010242 0.937683761 1.61463082 0.988261878 0.894271731
    1.23766935 1.39238966 1.79201853 0.987194955 1.76339984 0.99344331
    0.894342303 1.12219501 1.38153124 1.24295175 1.41909897 1.9542377
    1.97815192 2.13318992 1.71939826 2.07575655 1.88781583 1.32507193
    1.47621667 1.09424055 1.77689862 1.69082201 1.16767645 1.52558351
    1.87078977 1.89729786 1.82754588 1.57782543 1.05692005 0.883373141
    0.95714283 1.7546252 1.10068023 1.61958909 1.46069121 1.50906277
    0.991501451 1.35248077 1.43753552 1.32896841 1.69259322 1.56980038
    1.6299454 1.85952461 1.41005433 1.47127795 1.77332687 1.47296596
    0.975637555 1.00225902 1.74543571 1.06238961 1.64229763 1.64628887
    1.13801003 1.69090497 1.58003747 1.78833497 1.28589582 1.45383382
    1.3646667 1.46909654 1.03739834 1.22831309 1.10305619 0.685911417
    0.931762159 1.36460209 1.51207983 1.55064678 1.11153471 1.77333939
    2.05233407 1.63176167 1.90009868 1.13524151 1.21804416 1.14126253
    1.54502892 1.46847618 2.01332116 2.02426863 1.50747693 1.37583661
    1.40019035 1.89573789 1.01858723 1.73379207 0.874511778 1.03515172
    1.4501313 1.17675042 1.8209424 1.11643434 0.988131881 1.04494143
    1.67772067 0.939364433 1.64265263 1.20316303 1.18753588 1.12331641
    1.64648855 1.18278456 0.835774422 0.977354705 1.37830889 1.14947188
    0.969104826 1.82283485 0.930771589 0.992816985 1.38865304 1.54562366
    1.332739 1.25051117 1.80709267 1.79623353 1.62069845 2.10775304
    1.51156414 1.11244416 1.95489645 1.28668678 1.75516582 1.90225351
    0.976089358 1.4527607 1.1453582 1.12363935 1.55440307 1.01284039
    1.26291752 1.75323224 1.76327193 2.04744959 1.62657976 1.90837896
    2.06331134 1.84370053 1.8350147 1.86451876 1.42714548 1.80709553
    1.5899179 1.87539935 1.14088392 1.47696888 1.23501098 1.26551867
    1.93499708 1.38029468 2.02750492 1.21942234 1.5881505 1.56057703
    1.53531635 1.41110706 1.09424067 1.58412242 1.33210897 1.48551559
    1.54158199 1.38383627 1.63366508 1.47103202 1.07192731 1.5492816
    1.0465709 1.23450661 1.25223756 1.52754319 1.0915935 0.976595163
    1.44249499 1.03488696 1.05332029 1.27599776 0.893307686 1.67133021
    1.33316886 0.990539014 1.01409698 1.49233878 1.28079367 1.63647127
    1.32872188 0.94709146 0.848692417 1.2723974 1.55366051 1.86939013
    1.0823139 1.84547186 1.08255196 1.60721791 1.22758853 1.41866922
    1.33500504 1.84418976 1.8404634 1.07236016 1.48937333 1.23601258
    1.84725523 1.54344797 1.05512834 1.65256262 1.70736969 1.45577252
    1.35688066 1.28184354 1.71721041 1.40237391 1.9477545 1.86111176
    1.11535871 1.31881881 1.60300362 1.92902589 1.59966767 1.91567528
    1.22597837 1.23124194 1.49265814 1.23173571 1.87698007 1.25585461
    2.01090574 1.36320686 1.77991652 1.77604127 1.07766974 1.08136618
    1.56371367 1.18482399 1.94735718 1.99790943 1.04735446 1.34631944
    1.02284861 1.5831095 1.89519846 1.92563021 1.36376631 1.78206038
    1.5534575 1.45188618 1.40356731 1.21708632 0.880235851 1.0839237
    0.880200982 0.917845368 1.38095117 0.946503043 1.49803889 1.00480747
    1.66993976 1.19504678 1.23418617 1.48356593 1.2686516 1.31362879
    0.923829198 0.996705413 1.4123323 1.98905349 1.62188268 1.17045164
    1.98415709 1.87519217 1.80446756 1.1909374 1.42834592 1.33182371
    1.3118012 1.53776765 1.6081388 1.45737326 1.18616855 1.2178179
    1.63142514 1.44430196 1.04419708 1.52673113 1.76119006 0.857329905
    1.77089441 1.27436912 0.939461827 1.3088398 1.81345069 1.47266304
    1.15776777 1.52601993 1.79257619 1.29319096 1.34464407 1.15755546
    1.37011421 1.40553117 1.48441052 1.40657485 1.02927351 1.15638494
    1.64214885 1.61725712 1.98779082 1.0168575 1.64404917 1.17793024
    1.03785563 1.94136024 1.9456774 1.87212348 1.20630324 1.39272237
    1.03344202 1.00875235 1.01132667 1.52560556 1.79537177 1.15948939
    1.64741039 1.39101303 1.22021616 1.13789487 2.02871895 2.06108332
    1.75411546 1.33661067 1.24928081 1.26394343 1.64158607 1.42607713
    1.93228686 1.99458802 1.51975155 1.27854705 1.42773795 1.55205524
    1.41160774 1.29274261 1.57056093 1.4978981 1.65791464 0.907991886
    1.83315206 1.60438502 1.121629 1.52590442 1.42271376 1.45271611
    1.21528351 1.0430162 1.58109558 1.01194286 0.856135786 0.872615218
    0.932928503 1.1812731 1.3523134 1.88162291 1.92314756 1.2155875
    1.51017225 1.15518153 1.08921587 1.54985499 1.1408484 1.95367813
    1.03227234 1.88688231 1.83245373 1.23086727 1.39374733 1.87692201
    1.58242929 1.16420913 1.04794979 1.48397207 1.85927808 1.47641873
    1.04244637 1.59592783 1.06403041 1.12198818 1.0404737 1.69301045
    1.10971844 1.56630576 1.91725755 1.54651475 1.47621727 1.99343801
    1.99882483 1.25929523 1.94664109 1.31576264 1.9211005 1.3510536
    1.3931309 1.37190819 0.804479122 1.75893044 1.39451647 2.00030589
    1.55534279 1.46859527 1.83448327 1.37955403 0.972734392 1.79097128
    1.51857555 1.54325211 0.912898481 1.08275151 1.37333143 1.65763402
    1.63778436 1.89060342 1.4039197 1.58379555 1.37670135 1.29265487
    1.69364476 1.82174551 1.1137867 1.55277705 1.20055997 1.48004472
    1.31959379 1.44588566 1.48595154 0.831985652 1.07202029 1.18853736
    1.70595229 1.76096284 1.09704351 1.32273436 1.67560506 0.829624295
    1.25901723 1.20322335 1.41463971 1.95137882 1.78142643 1.87432349
    1.77238369 1.16343093 1.04943097 1.16336942 1.6066637 0.942774475
    1.88276052 1.67553246 1.67683053 2.0342772 1.60976195 1.29744124
    1.97650635 1.11758494 1.17763352 0.881198347 1.62498581 1.12079358
    1.65369236 1.84525549 1.76079917 1.49832439 1.58318055 1.38609648
    1.38843048 1.84916937 1.24545383 1.93103826 1.13477182 1.40155482
    0.987145185 1.92473114 1.46510303 1.34969139 1.46945238 1.77409923
    1.81341195 1.57062554 0.904522896 1.3376534 0.990570426 2.00164008
    1.19844818 1.59187269 1.80580771 1.60995698 1.3259511 1.20366752
    1.00024831 1.75946569 1.00173557 1.29754281 0.957533658 0.927345574
    1.1132592 1.30928993 1.33898783 1.2759223 1.75373852 1.71939445
    1.11599362 1.72840667 0.989952803 1.18540931 1.73692322 1.07131112
    1.43622649 1.37599325 1.31272542 1.40833247 0.953843355 1.26069438
    1.34989262 1.18677223 1.73776686 1.25668013 1.52498221 1.33738506
    1.38660693 1.82814634 1.8161881 1.57874393 1.64976048 1.56865716
    1.27695549 1.59172273 1.31423318 1.60835826 1.89029396 1.61606097
    1.55996466 1.49468267 1.09725094 1.11930549 1.24264729 1.91834331
    1.35408556 1.37698174 1.44375157 1.12136555 1.70622277 1.27468359
    0.855263531 1.6180191 1.00360096 2.02169991 1.78468454 2.11718178
    2.00526476 1.27175605 1.80514646 1.26661372 1.95114481 1.06437778
    1.40527046 1.16671801 1.37236714 1.16882217 1.10353267 1.08622897
    1.75274456 1.74385679 1.95876813 1.86196303 1.86654484 0.967129707
    1.79809082 1.83328056 0.984600246 0.946626604 0.933388829
    0.995072067 1.31025624 1.78838623 1.37133348 1.7843461 1.86933827
    1.78700614 1.33594322 1.32117009 1.17190599 1.33468378 1.82605016
    1.61481404 1.8968116 1.88568223 1.23687625 1.6948607 1.32848012
    1.69966245 0.99002403 1.01913309 1.15690696 1.36096966 0.904020488
    1.25518072 1.62462091 1.60098064 1.88337433 1.80289423 0.91278863
    1.29598689 1.008039 1.25999534 1.00760651 0.8240062 1.55684304
    1.34071589 1.71352947 1.05611551 1.89046633 1.24966013 1.28345215
    1.31325567 0.966732264 1.58009052 1.05138385 2.00059462 1.23024631
    1.64972734 1.24673259 1.75121081 1.59101284 1.71242702 0.997863352
    1.47730243 1.67736125 1.53313005 1.4482224 1.9603821 1.41023564
    1.57647538 1.01762509 1.26658237 1.04700315 1.39179146 1.78153813
    1.71783078 1.60660541 1.49186683 2.05270767 2.10216355 1.18060708
    1.38812888 1.15055072 1.11817241 1.43782866 1.75400269 1.593256
    0.799076021 1.14854884 0.804463148 0.962385237 1.75848019 1.49548841
    1.73774052 0.904202044 1.68947875 1.70628095 1.1904012 1.09229755
    0.895776868 1.00665832 1.25895047 1.62785423 1.88937235 1.62199271
    1.19791663 1.70547867 1.72605503 1.05648935 1.61136723 1.46238816
    1.04907048 1.19934118 1.61320341 0.79278338 1.45833313 0.991208136
    1.18258142 1.62596488 1.59728158 0.890560687 1.20039797 1.62798417
    1.87892938 1.35982728 1.23228502 1.47034907 1.73231614 0.853998184
    1.70580196 1.62434959 2.10524011 2.09729671 1.65635061 1.64598942
    1.276703 1.50687027 1.16805184 1.49386287 1.13263404 0.877758145
    1.2961446 1.4588182 0.977863133 1.91095555 1.78702927 1.42127872
    1.64925218 1.14061177 1.11913538 1.10798001 1.5568825 1.68247759
    2.12998915 1.76912761 2.17289615 1.57709897 1.78407919 1.67427635
    1.52420664 1.87248516 1.56333208 1.30685771 1.93262339 1.23070121
    1.1271807 1.40930188 1.75068152 1.08695936 1.13413346 1.72055566
    0.953243077 1.45836473 1.21122086 1.38902819 1.47147727 1.05049884
    1.91085088 1.57132733 1.05560303 1.64230764 1.56646264 1.00123811
    0.986274123 1.48882198 1.67536795 0.972473741 1.70925581 1.56751788
    1.07916009 1.37629724 1.7126205 1.77788424 1.29448533 1.57601631
    1.71938503 1.28878045 1.42501891 1.4313612 1.26797807 1.47133601
    1.79158521 1.40439737 1.7346971 1.50774491 1.3761611 1.56280422
    1.53797483 1.31467712 1.75746512 1.40562153 1.09072661 1.90811133
    1.95109963 1.18402302 1.15000129 1.03642213 1.94085681 1.39400506
    1.44029784 1.72479618 2.00944495 1.63332534 1.9317112 1.78634751
    1.13212681 1.78153121 1.24359143 1.04531252 1.26720095 1.45995307
    1.19229865 1.08392763 1.52314341 0.926365197 1.44132769 1.55324674
    1.1169914 1.08040559 1.75939512 1.98412597 2.18877363 1.32282674
    1.2583859 1.83237576 1.8976965 1.72090459 1.85571575 1.78988719
    1.27509975 1.39517474 1.31196606 1.16324663 1.01752698 1.18036389
    1.84751785 1.20058572 1.83497071 1.45383108 1.40785182 1.68717945
    1.47145343 1.86466372 1.24890363 1.10934651 1.77923393 1.79759109
    1.5280987 1.64841437 1.849967 2.05697894 1.95717692 1.38072145
    1.97423601 1.58903933 1.43679976 1.50690043 1.29517519 2.12117124
    1.62114382 1.59919262 1.38741279 1.0289923 0.91386807 0.801809669
    1.6284858 1.13003147 0.916946292 1.04388523 1.35614502 0.988770902
    1.71992075 1.39762449 1.34460497 1.76552856 1.36123157 0.667542458
    0.804340601 1.4752785 1.58019257 1.29051685 1.12575436 1.94433296
    1.79298794 2.01005769 1.74715412 1.10677195 1.73018181 1.08635616
    1.7051661 1.66735709 1.52099705 1.06196535 1.84057879 1.23916149
    1.35941064 0.96338284 1.71808016 1.17272449 1.98563957 2.01431656
    1.98005641 1.70272017 2.07855916 1.57828021 1.91035223 1.49221957
    1.56035912 1.19102967 0.962342858 1.13235319 1.21301043 1.15209115
    1.86898553 1.85161269 1.85680962 1.61634398 1.39451957 1.76166594
    1.09020507 1.02210474 0.962957442 0.752945065 0.902948618 0.73534292
    1.44247448 1.6127286 1.49407053 1.60739791 1.23333621 1.06486702
    1.1589334 1.05945027 1.77797616 0.989069045 0.910294354 1.68115544
    1.51052105 1.07600617 1.45705819 1.85385084 1.37072635 1.8318131
    1.55428231 1.86256683 1.07010233 1.61847544 1.15409315 1.8019557
    1.64978111 1.01630628 1.14699745 0.934364915 1.76206219 1.17907643
    1.66852999 1.43704045 1.19763708 0.998251975 1.58752537 1.87201488
    1.94356096 1.02677655 1.22522449 1.0343622 1.5895716 1.90342271
    1.9112283 1.21978533 1.24840891 1.67572665 0.974867284 1.81409001
    1.67538679 1.58007288 1.01544082 1.04519975 1.04204345 1.48154342
    1.29762805 1.58056056 1.24116611 1.52201009 1.63499677 1.64820075
    1.55053127 0.923295617 1.41850877 1.6092273 1.93966627 1.73871315
    1.87213945 1.62471747 1.36364174 1.49548197 1.22380877 1.12501955
    1.55403864 1.78375328 2.02332044 1.5550456 1.19888461 1.1710161
    1.68184316 1.63388228 1.70009172 0.837772965 1.36295986 1.40228748
    1.04968345 1.70295608 1.35690606 1.77686977 1.83121014 1.45120597
    1.42730427 1.09207439 0.920854747 1.17840898 0.996967018 0.93743825
    0.904071331 0.983572721 1.07459915 0.934167147 1.33677256 1.22200632
    1.14448392 2.11792254 1.83465767 2.06000662 1.33838069 1.2284559
    1.58754492 1.23165655 1.28322482 1.52226341 1.5174129 1.56880105
    1.05784655 1.22765887 1.1701194 0.980223894 1.45586205 1.43998563
    1.21431172 1.37282109 1.9917258 1.19909453 1.29441786 1.31282723
    1.51918221 1.74893808 1.76520193 1.1015234 1.58935034 1.60780036
    1.78477108 1.36479032 1.55102074 1.80139554 1.80648077 1.00884879
    1.43343651 1.87881315 1.95081043 1.76408362 1.96489942 0.892157793
    1.43373191 1.02625835 1.55744874 0.918443739 1.17595112 1.09913707
    1.61099577 1.97443867 2.06547809 1.96001017 2.11528707 1.24184728
    1.85709226 1.96064448 1.16531599 1.08680451 1.24591529 1.36005938
    1.41977954 1.55880904 1.09553039 1.6021359 1.32445979 1.71456575
    1.03491879 1.45336604 1.13452351 2.06796169 1.30467045 1.9488641
    1.14653873 1.05496371 0.84468478 1.40088749 1.85116386 1.69503748
    2.04770136 1.63921964 1.65629721 1.64253521 1.76298952 2.08839345
    1.70783198 1.89070117 1.62352216 1.25995433 1.48150706 1.97826588
    1.33493388 1.229105 0.903679609 1.38792396 1.48364556 1.47434902
    1.712901 1.14596605 1.31316853 1.7568363 1.97025394 1.65894723
    1.70192647 1.07456112 0.911212564 0.926441789 1.5739063 1.11135411
    1.66010189 1.16163743 1.04899156 1.69206512 1.4976362 1.70426965
    1.23310602 1.86787152 1.58642817 1.75149095 1.38166714 0.910754681
    1.06669521 0.882824838 1.82688105 1.26288915 2.02255082 1.59917665
    1.06920266 1.51324511 1.95002806 1.17839241 1.38058698 2.14314914
    1.90373015 1.9441762 1.88637972 1.52799058 1.00333834 1.43395662
    1.86896718 1.22656715 1.88343596 2.13160205 1.84105098 1.39215684
    1.71933258 1.83250737 1.05695856 1.20756853 1.04221654 1.61069965
    1.09590375 1.20282686 0.980267525 0.662852466 1.26894403 1.5024029
    1.0363977 0.876530051 1.00809872 1.25440514 1.64419413 1.21477437
    0.915313423 1.1152122 1.12140596 0.94492352 1.11911869 1.32471216
    1.4751991 1.98349905 1.88212335 1.79177594 1.15896118 1.79502332
    1.04554343 1.08975267 1.33482027 0.972446024 1.67084217 1.68738163
    1.05237257 1.16485262 1.84830666 1.40156126 1.13125241 1.06352472
    0.956170619 1.6250881 1.17482269 1.31098557 1.61758292 1.06847823
    1.45011306 0.571829081 1.33116746 1.52411115 1.41163468 1.91555226
    1.78850567 1.15422726 1.83535755 1.66188002 1.38580942 1.19408631
    1.25699949 0.985378981 0.793813348 1.14309382 1.67901182 1.23690212
    1.73511744 2.13861871 1.47235847 1.73517013 1.56157565 1.06216097
    0.90272361 1.66262269 1.54188669 1.68013847 2.08550572 2.12294722
    1.98831856 1.35485125 1.1363951 1.13239336 1.04888499 2.03035092
    1.45842171 1.72815776 1.23352647 1.03659868 1.37269878 0.932503462
    1.53557467 0.840486109 1.16833436 1.44651341 1.30409396 1.37806535
    0.964900851 1.05041254 1.37996292 1.88961613 1.50166774 1.52186
    1.22201586 1.23020923 1.5413729 0.931727171 1.73246253 1.17598033
    1.07664728 1.36132753 1.35238838 1.90112853 1.80203915 1.80388403
    2.12398028 1.96678877 2.09124279 1.82806504 1.68297291 1.09328187
    1.13954914 1.04612398 1.24220443 1.06538689 1.19597912 1.62516654
    0.838779509 1.38296223 0.872977734 1.34618056 1.83489621 1.72685552
    1.88663089 1.88185966 1.62803102 1.08302271 1.57579303 1.69205141
    1.38230217 1.72186494 1.97610188 1.86990881 1.70214319 1.63267481
    1.24154353 1.21184528 1.33081901 1.23722839 1.59883916 1.10681653
    1.39119172 1.69302547 1.21202946 1.32127261 1.01072395 0.848222733
    1.14529443 1.35667825 0.89782536 1.48497665 1.94235754 1.62179458
    1.80583417 1.40894401 2.02940273 1.67912662 1.95375216 1.13661075
    1.37342608 1.1622715 1.738922 1.33162332 1.78160191 1.48895574
    1.40937662 1.02924144 0.946525991 1.10888803 1.58403778 1.1107049
    1.4352541 1.3106854 1.43348634 1.37033439 1.25044966 1.93104577
    1.9180795 1.74301541 1.2331661 1.36282218 1.68942082 1.09213078
    1.8500092 1.5773077 1.65686798 1.56345809 1.95120072 1.72655737
    1.62945187 1.63864517 1.41258967 1.52017665 1.42938495 0.973760009
    1.26651299 1.30073655 0.994496763 1.05221021 1.83224285 0.993123412
    0.929430187 1.74149513 1.40325308 1.69392574 1.13678443 0.894963086
    1.0772568 1.31362772 1.20400119 0.993717015 1.54208243 1.57479584
    1.23571825 1.50450635 1.87729859 1.65212989 1.29304314 1.17405307
    1.11764777 2.0161407 1.03137195 1.25352275 1.1156671 1.04297447
    1.79989731 1.58309448 1.12998343 1.666237 1.50667691 1.58380079
    2.0548048 1.95633364 2.184726 1.46424687 1.31658971 1.61733353
    1.97238111 1.37395144 1.78726387 1.01834476 1.04969239 1.56084013
    1.9637152 1.12552249 1.95509374 1.45232153 1.94969082 1.75324821
    1.22281289 1.16162109 1.75888503 1.3684808 1.2724272 0.901706398
    0.737195373 0.961931288 1.33693242 0.956430018 1.87786055 1.8659606
    1.14125872 0.935321689 1.45873368 1.33392572 1.55706334 1.78609288
    1.1412611 1.02422082 1.45262456 1.24730265 1.97428536 1.68613791
    1.03836882 1.01306868 1.00274277 1.52110851 1.76081717 1.90521741
    1.07938206 1.46102691 1.807495 0.896523118 1.43184483 0.978377879
    0.977529764 1.14870775 1.38810527 0.996180952 1.22953784 1.08576727
    1.59325194 1.271734 1.28201461 1.37923944 0.697251022 0.831368506
    1.50450814 1.34651208 1.14687037 1.85533285 1.08883047 1.73975825
    1.46179223 1.44516981 1.83667219 1.47247827 1.83630133 1.31143677
    1.18558383 1.56134558 1.73133564 1.78477776 1.18907475 1.97351074
    1.36115503 2.0729754 1.49034822 1.38622487 0.928337514 1.2260915
    1.41249764 1.45126951 1.76124883 2.02998161 2.09673238 1.59950721
    1.16957724 0.950986385 1.75213635 1.54976594 1.92868602 1.68119597
    1.94807076 1.57913375 1.53526235 0.945397258 1.35536492 1.21122026
    1.74868643 1.42280638 1.65072894 1.38074493 1.36565137 1.11594844
    1.59932089 1.46143103 1.87577021 1.26779902 1.32832015 1.61968172
    1.5949198 1.78417003 1.38159251 1.51694238 0.902805924 1.2502749
    1.3724103 1.53126717 1.25176096 2.05157709 1.73947871 2.01348972
    1.5318954 1.7592994 1.51839221 1.72772908 1.10586405 1.07858682
    1.30744445 1.50485361 1.138515 1.17812145 0.762593687 0.98633188
    0.928970039 1.46060371 1.79097629 1.98607993 2.04001451 1.19539344
    1.85622847 1.54118109 1.90521538 1.00503659 2.0326252 1.75309384
    2.08026576 1.15209115 1.86462724 1.40669417 1.28320456 1.83148134
    1.00155437 1.93357313 2.06084371 1.99422741 2.0409925 1.47701669
    2.00044584 1.39778852 1.55244339 1.75142598 0.913495183 1.32379889
    0.996082723 1.00783324 1.65691519 1.73876917 1.90523136 1.67518556
    1.39662468 1.73265398 1.56609297 1.37467504 1.22350717 1.46129787
    1.42712307 1.46936202 1.98145974 1.18035746 1.58258688 1.50307059
    0.930375218 1.80702198 1.434726 1.88824046 0.925251007 1.86762393
    1.45298266 1.93255794 1.1830126 1.23304617 1.17931104 1.648965
    1.65067112 1.28300309 1.7223717 1.23216224 1.31445384 1.88911438
    1.90662694 1.66168344 1.44161975 1.39343894 1.24792218 1.08989108
    1.66666436 1.38392854 1.2277 1.88522518 1.56911743 1.42248869
    1.9815104 1.2702688 1.66144979 1.09196198 1.61727822 1.39781058
    1.15797615 1.35193872 1.84139955 1.74544048 1.32490182 1.3274039
    1.13496494 1.79658413 1.16747081 1.14053321 1.39683735 1.63675165
    1.4253298 1.26968098 1.33690274 1.72850347 1.7431525 1.41713071
    1.50520217 0.992932439 1.18946719 1.00122178 1.71218967 1.25093448
    1.20575857 1.14832127 1.73435485 1.32648408 1.75605834 1.918998
    2.00171304 1.77071023 1.23552012 1.58886349 1.10734177 1.75815332
    1.47127509 1.88782823 1.42698109 1.96230316 1.82069588 1.82373559
    1.71479392 1.99413109 1.35733151 1.30211067 1.68687689 1.872118
    1.16551268 1.79051626 1.31331325 1.07235444 1.69634485 0.893625617
    0.866145551 1.30773211 1.76641464 1.83497012 1.21333849 1.24645329
    1.0332495 0.975505829 1.50995469 1.68177974 1.53310728 1.24039042
    1.64731622 1.52016294 2.05992436 1.31734395 1.78923213 1.91730416
    1.05644178 1.62577045 1.73368788 1.40884888 1.66169548 1.22209227
    1.6549567 1.09300625 1.45243478 1.45344138 1.51823092 1.01812983
    0.912263989 1.6870997 1.75031054 0.857242465 1.3799417 0.856905222
    1.6596086 1.06159079 1.40203941 0.494197309 0.636842906 1.41080749
    1.22378111 1.07229507 1.36781704 1.97349393 2.12320948 2.00981665
    2.05537844 1.20735383 1.30728769 1.15502143 1.88602471 1.17651033
    1.29513609 2.03753042 2.05667281 1.94724107 1.65489781 1.80118477
    1.48846948 1.12569416 0.906855345 1.49015617 1.12943387 1.21379018
    1.92534435 2.15590429 2.06431246 1.95787048 1.2268374 1.57867205
    1.3885746 1.19255888 1.53033543 2.01508284 2.02892613 1.90566516
    1.33820319 1.43113637 1.31503069 1.31882524 1.92659998 1.22545302
    1.5198468 1.63729811 1.34731114 1.05826569 1.63630688 1.90953624
    1.12652302 1.25400591 1.28276205 1.78171659 1.8565619 1.07972503
    1.72826064 0.993292809 1.40968144 1.80790722 1.08001733 1.26021791
    1.51711452 1.52894735 2.05622339 2.01492786 1.31522667 1.38479137
    1.94800949 1.89984465 1.84040761 0.974492252 1.29708683 1.49770832
    1.75076318 1.59347308 1.42140138 1.04146111 1.12008965 1.33051383
    1.91329372 1.37750375 1.56154251 1.93139398 1.60424542 1.71139777
    1.40346766 1.00927675 1.33745682 1.82182312 1.3702116 1.59876895
    1.7651608 1.79450333 1.50949192 1.76903844 1.80712032 1.71659756
    1.12064123 1.29789054 1.61864948 1.92899168 1.52405667 1.05883932
    1.77368343 1.09377861 1.5912106 1.40192473 1.30896425 1.0131278
    1.80399156 1.67180169 1.12158871 1.37271869 1.93536782 1.22503626
    1.42862368 1.94510627 1.73763466 1.0443871 1.63139248 1.28813171
    1.72167099 1.69838357 1.461972 1.15819037 1.42470777 0.944033682
    1.753546 1.17755568 0.985645711 1.4860791 1.62074888 1.53466344
    1.62735772 2.024194 1.89061737 1.65904391 1.08823621 1.74769163
    0.941883922 1.79967368 1.74548495 1.00441372 1.20068729 1.49815786
    1.27487886 1.51838124 1.24385464 0.90327543 1.21951735 1.29465282
    1.1630981 1.53370047 1.69402003 1.33731866 1.6791687 1.45913017
    1.25948071 1.78659797 1.71569848 1.18223846 1.37382233 1.49086106
    1.10365093 1.90993392 1.18314409 1.27341199 0.807629466 1.0308224
    1.74873817 1.72921383 1.53501773 1.20903683 1.11448967 0.966148913
    1.80844998 1.75458145 1.3559258 1.15080833 1.39536011 1.60962284
    1.83558416 1.07073057 1.54436827 1.75028849 1.88802457 1.22401476
    1.13980961 1.64773071 1.6121645 1.61343098 1.49783528 1.36811745
    1.09647083 0.984599292 1.00374877 1.67616105 1.26118267 1.29308116
    1.67911541 0.988509178 1.14433706 1.29188728 1.72106421 1.73059559
    1.73011363 1.1761477 1.22972 0.982935309 1.08366573 1.53338313
    0.97386235 1.53468275 1.22722673 0.918361664 1.13982725 1.1898762
    1.21663797 1.57283664 1.96410108 1.42022753 1.38239336 1.35696757
    2.01737452 1.1514194 1.99519706 1.1250875 1.98872316 1.8329457
    1.33901727 1.37004817 1.0106746 1.01604414 1.81543195 1.49346566
    1.58122587 0.946961641 1.29302728 1.32642782 0.877696037 1.25390458
    1.22489429 0.784855127 1.25899696 1.39116776 1.77654004 1.33723903
    1.19661248 1.79095232 1.0587436 1.27780747 1.14700496 0.952551782
    1.64604819 0.639468551 1.1747911 0.908463418 1.86414683 1.5621438
    1.72205126 1.99740791 1.59090567 2.05191159 2.02745366 1.64200401
    1.63265419 1.48824096 1.15989077 1.53761435 1.92013526 2.07923722
    1.63495243 1.86386228 1.71602607 1.8371284 1.03481889 1.75915504
    1.56590486 0.958061635 1.52922857 1.82994473 1.506459 1.91549706
    1.28536272 1.55801666 1.16746247 1.30959618 1.14607728 1.15100765
    1.87147141 1.38418996 1.2668066 1.74796999 1.51343298 1.76148534
    1.68147564 1.09113348 1.50137627 1.5596931 1.76235616 0.960939646
    1.02396154 1.15512192 1.32742977 1.5049355 1.05771983 1.06206667
    1.24635208 0.954837084 1.60781837 1.80650818 1.47528768 1.46288323
    1.65755475 1.34338546 1.5361532 1.12750781 0.982951283 1.02826869
    1.15693331 1.28508472 1.60811388 1.68645322 1.81247771 1.21095562
    1.28032231 1.58611238 1.8413744 1.11310852 1.73306024 0.956043184
    0.972344339 1.51445711 1.13476765 1.98118186 1.86110234 2.01999617
    1.83402872 1.71885526 1.74225438 1.03093386 1.24264836 1.35694706
    1.15587056 1.92471063 1.99098682 1.65294397 2.14774132 1.54505038
    1.48138535 1.10505009 1.84467793 1.72056878 1.70612049 1.16041386
    1.90848255 1.9126476 1.80729568 1.70936048 1.43664765 1.52808881
    1.78720438 1.53690863 1.11569667 1.90694547 1.32702327 1.23490095
    1.48161805 1.19747877 1.9416461 1.9564687 1.64672208 1.42333543
    1.76003075 1.23705554 1.43268323 1.43879008 1.88807297 1.03279603
    0.896510839 0.801244617 1.31350243 1.23265958 1.56925952 1.341061
    1.90157199 1.16507232 1.11456823 1.05767322 1.63048065 1.22986722
    1.70728958 1.57230103 1.74713218 1.37169373 1.32341778 0.950122297
    1.65807509 1.40272999 1.16126812 1.22823977 1.38873124 0.91763109
    0.931869686 0.956985056 1.48845136 1.56296182 1.36680353 1.73666608
    1.82738543 1.29415894 1.70168972 1.03713942 1.64762533 1.79833436
    1.53471673 1.16908801 1.48508084 1.27619958 1.56955194 1.92692912
    1.3353858 1.53159904 1.05041516 0.919914603 0.861219406 1.72457385
    0.855789363 1.09993434 0.848619223 1.14135575 1.23407781 1.62323701
    1.66228855 1.05389869 1.67953765 1.44243729 1.006953 1.33903444
    2.01010871 1.24300945 1.52646315 1.54886079 0.936322749 1.14749765
    1.27696538 1.31418979 1.09213126 1.87815428 1.20413625 1.74764061
    1.43948746 1.56800973 1.14878607 1.24293411 1.59574091 1.28686142
    1.77477646 1.28068101 1.07618713 1.56934047 0.984319031 1.96068001
    1.24779332 1.76324475 0.904534459 1.91094005 1.60876572 1.2532146
    1.56161606 1.59786165 1.3799268 1.63568163 1.31611538 1.56021881
    1.06436694 1.41480696 1.63831687 1.49667978 1.95155919 1.23128223
    1.92449319 1.02601182 1.48389816 1.02926517 1.63710225 1.73278868
    1.96208084 1.56527817 1.83288848 1.65665686 1.17958462 1.45915341
    1.00216079 1.01087475 1.09246588 1.13863719 1.58205521 1.29492509
    1.37135339 1.60825837 1.20822203 1.5581634 1.49808955 1.45130682
    1.05275726 1.49315977 1.24847746 1.49441898 0.865699947 0.700690508
    0.894937634 1.05975652 1.01540387 1.1537019 1.08872533 1.67788756
    2.0190208 1.97988474 1.68258619 1.69782972 1.27882516 1.27706409
    1.68462241 1.47094178 2.06049967 2.10584998 2.16674638 1.42712188
    1.97492242 1.08575189 1.18312693 0.883971632 1.15560198 1.66794217
    0.861820519 1.13031876 1.12790835 1.24943078 1.72821069 1.98138475
    1.30606532 1.45974946 1.41414857 1.67740905 1.64813411 1.48355472
    1.32998955 1.68000495 1.20806789 1.46442091 1.03636241 1.78626895
    1.56653559 1.3377353 1.66117144 1.07897055 1.39335668 1.99354041
    1.89200187 1.90925395 1.90608621 1.36782908 1.34625626 1.85248494
    1.42900693 1.08164644 1.88222384 0.911926746 1.13276434 1.30333626
    1.65171731 1.32803261 1.42375016 1.66266894 1.83308995 1.30250382
    1.32370067 1.66865647 1.90861261 1.54580128 1.23976338 1.40122545
    1.1379174 1.46030116 0.928381145 1.10675323 1.80185723 1.30613101
    1.76313937 1.88796663 1.6167928 1.14450228 1.1087786 1.41598308
    1.14870727 1.20131779 1.24217021 0.999691606 1.34206033 1.54789293
    2.09808969 2.21992207 1.77597356 1.89595032 2.06524587 1.27823496
    1.65780091 1.23196232 1.01671576 1.70911682 1.45889926 1.0773927
    1.19142735 1.5895412 1.00914538 1.78437436 1.81824636 1.75452566
    1.87666368 1.91724229 1.63401413 1.56355119 1.81509447 1.25236917
    1.73738492 1.43295372 2.16790247 2.08632421 1.59620214 1.41270483
    1.31551456 1.60012579 1.46122634 0.927494824 1.21234286 0.932255387
    1.0383507 1.25627446 1.62028527 1.37067342 1.16479135 1.45424891
    1.07760501 1.64500439 2.00802851 1.67904866 2.08195662 2.00198627
    0.940027356 1.66930056 1.41533625 1.36810207 1.36039019 1.36010468
    1.4799943 1.7482022 1.9249419 1.09806585 1.84288359 1.67850482
    1.67409873 1.37534523 1.5259738 1.55091953 1.14007771 1.6863358
    1.54795265 1.23121583 1.83690214 1.63567197 1.94242668 1.90544927
    1.25252235 1.56995082 1.63242972 1.44999647 1.64055073 1.65021288
    1.34303188 1.08195257 1.10717046 1.59521353 1.16644764 0.726893961
    0.717458069 1.03369057 0.864901721 1.01721752 1.05551684 0.940323532
    0.861834288 1.54873967 1.32475054 1.62202954 1.88179612 1.88844693
    1.95724392 1.32687545 0.98074007 1.36631751 1.19836354 1.3749398
    1.87905836 1.67701113 1.55603242 1.03844762 1.35382688 1.39931488
    1.02391028 1.32236993 1.95429432 1.72227979 1.75741482 1.31355846
    1.31291115 1.20723796 1.76104498 1.86476469 0.905130863 1.60524094
    1.34774756 1.30533445 1.53205299 1.48689961 1.15210915 1.03532684
    0.966238022 1.50727236 1.52311623 1.51411402 1.23237407 1.06575775
    1.61424375 0.955093622 1.43880308 0.949655712 1.78710079 1.43892121
    1.51067948 1.5218606 1.3578198 1.60121155 1.11231744 1.13015687
    1.08962798 1.21105933 0.959713936 0.920613587 0.963667989 1.23323059
    1.32095933 0.925156891 1.94511712 1.03286326 2.1061933 1.44310367
    1.93751884 1.84675419 1.53626025 0.941263676 1.46598959 1.1580379
    1.88747621 1.29421639 1.60752165 1.287673 1.19163382 1.69075525
    1.91438222 1.5086472 1.52918327 1.39270639 1.4962213 2.12688828
    2.11886501 1.10351408 1.3650465 1.57365739 1.3729949 2.03676653
    1.80775273 1.60435224 1.29273927 1.79058707 1.87659729 1.86770952
    1.87298191 1.42797577 1.39857984 1.04645729 1.01590645 1.18554699
    1.7331326 1.80638862 1.18202305 1.20919788 1.23569357 1.36154199
    0.886992335 1.60443401 1.41879725 1.1078577 1.11358702 0.867820203
    1.74806142 1.29751778 1.11232686 1.74715161 1.14999199 1.64583766
    1.1438663 0.904681861 1.10367 1.49080372 1.76223218 1.83198571
    1.38733923 0.940787971 1.80620027 0.909932911 1.8254323 0.995224059
    1.7542572 1.51049566 1.45942175 0.881692886 1.06657672 0.861075521
    1.62571669 1.42520869 1.52005482 0.907391369 1.47344518 1.46651769
    1.78116262 1.73554623 1.62977374 1.3139677 1.48187625 1.13006186
    1.56004 1.55004895 0.97562629 1.76789975 1.67495763 1.3109051
    1.53817463 1.20280576 1.54784489 1.62019992 1.32844901 1.75249779
    1.29394174 1.22822428 0.977343321 1.39570606 2.07844925 2.20396256
    2.04002094 1.98758399 1.32115686 1.78110504 1.45826304 1.06485558
    1.36715543 1.82663548 1.25532889 1.65859544 1.40815341 1.86944687
    1.93751717 1.08631516 1.13416922 1.94741619 1.97581935 1.73653972
    1.59564352 1.33786356 1.54315627 2.08068109 1.34669876 1.29868174
    1.58668888 2.11421132 1.46524918 1.97417212 1.85979497 1.27858865
    1.6559968 0.834575593 1.49234176 1.30351281 1.56500649 1.19635212
    1.07213795 1.5066514 1.71232545 1.75842464 1.08252132 1.19557381
    1.97281182 1.7240597 1.9298774 1.01295066 1.20078349 0.935590625
    0.826398671 0.97458142 0.898323655 0.770612061 1.73480666 1.63693905
    1.89526129 1.84602678 1.37466145 1.28435862 1.10541415 1.51121116
    1.19940066 1.66200244 1.13754189 1.50530434 1.59780204 1.50718832
    1.55933905 1.083287 1.84924114 1.35414481 1.2704525 1.74772418
    1.4607929 1.77018213 1.82311153 1.61065304 0.956444621 1.11866212
    1.52966893 0.93515116 1.34631813 0.977770686 0.718938172 1.37136948
    1.29057729 1.52544773 0.95999378 0.912145853 1.15656805 1.26395988
    1.14955258 2.05473709 1.96483362 1.94011402 1.88418984 1.31032693
    1.73186207 1.07422411 1.42219186 1.4513216 1.63990355 1.25085759
    1.73022056 1.57880151 1.17690706 1.38288832 1.60985434 1.5607878
    1.63164473 1.60157919 1.83960998 1.38504434 1.65659273 1.53426123
    1.6112231 1.44301987 1.14674962 1.96146929 1.4117502 1.68378389
    1.27530754 1.68667436 1.57426023 1.92499971 1.55925524 1.57950437
    1.60703599 1.71172798 1.07371736 1.52852905 1.29478514 1.73763418
    1.01345694 1.69904137 1.37468302 1.06550145 1.31469464 1.3968792
    1.36329162 0.86323452 0.890663445 1.70906448 1.26862109 1.46009159
    0.898322761 1.57269084 1.74706876 0.918098032 1.72475433 1.47645378
    1.78998363 1.66494036 1.5616436 1.57154942 1.9685297 1.20979428
    1.07613897 0.804763913 1.62576222 1.1359129 1.10313964 1.93384767
    1.13830757 1.48534024 1.10699475 1.70539522 0.936980784 1.2989583
    1.11771643 1.56298423 1.51105523 1.95242071 1.44050145 1.78485978
    1.61860013 1.72434068 1.49662328 1.31148672 1.81550729 1.40688598
    1.76140893 1.11937082 1.6704179 1.03234625 1.52295542 1.59154892
    1.15573394 1.38266993 1.56614292 1.05278397 1.88484573 1.73675752
    1.84573972 0.9971385 0.76983726 1.65676904 1.14288938 1.83733451
    1.61373639 1.4673022 1.98397088 1.0109905 0.922080934 1.29991901
    1.75476205 1.64426494 1.99584913 1.35597932 1.18556547 1.80899143
    1.30384099 1.40751231 1.96792579 1.83747077 1.52983558 1.9504205
    1.24413705 1.54960299 1.48404253 1.36693275 1.62460911 0.747168839
    1.33671737 0.974280357 1.65366709 1.45432389 1.94886518 1.00539517
    1.24371123 1.56557822 1.19645691 1.64431989 1.38058269 1.97904134
    1.72283375 1.15138173 0.918635786 1.12560618 1.26479828 1.88170826
    1.250471 1.63550889 1.62512076 1.02879965 1.53338301 0.898400366
    1.6870544 1.68408072 0.970808268 1.54914474 1.66996753 0.973501444
    1.50407374 1.51480591 1.26613438 1.59276342 1.81213188 1.60725141
    1.09625995 1.32081461 1.24734378 1.74579239 1.47476315 1.25961912
    1.67416632 1.57729936 1.63398206 1.84771645 1.13427532 1.92477751
    0.937701464 1.06828499 1.14559352 1.84333754 1.8415271 1.34508717
    2.08363342 1.87472045 2.04590368 1.91845882 1.81336033 1.96072841
    1.52300858 1.85598803 1.26187134 0.991413593 1.30116582 1.43013537
    1.27257895 1.42859352 0.926121771 1.29540777 1.15175343 1.80262291
    1.38104177 1.1632812 1.58272016 1.33268654 1.41539013 1.86065626
    1.24609876 1.06652343 1.60321724 1.12231517 0.929876566 1.00505471
    1.02249491 0.85544914 0.962638021 1.53192103 2.05898547 1.89650166
    1.84260225 1.25363314 1.54819191 1.06560743 1.02262807 1.52659929
    1.31776273 1.77161419 1.85087097 1.723158 1.48966634 1.87624836
    1.51383173 1.83262873 1.35716939 1.47472346 1.85636997 1.33066297
    1.55859697 1.26390648 1.36134434 1.57071972 1.26093173 0.908331335
    1.56574249 0.834908068 1.47949636 1.00417781 1.4459374 1.0278579
    1.29407299 1.28857589 1.63853753 1.64242291 1.32156575 1.60111821
    2.15145993 1.98076773 1.93804145 1.8963002 1.32096326 1.73090374
    1.16214824 1.2714299 1.55630362 1.6232363 1.20488286 1.75249529
    1.34787905 1.48550653 1.61788559 1.77120483 1.72024357 1.6351819
    1.98033988 1.7051158 1.27756643 1.30940819 1.63948512 1.69406343
    1.07826006 1.52712393 1.41318142 1.67985904 1.73412502 1.68067503
    1.31734884 1.39716339 1.27172732 1.49837637 1.8926928 1.73287463
    1.86960018 1.2043978 1.36024058 1.37337708 1.51159823 1.41125154
    1.20941603 1.57402968 0.953006625 1.74573517 1.101179 1.20094705
    0.726630509 1.15153158 0.910551131 0.968919456 1.59908521 1.50134969
    1.1782831 1.00322497 1.59810114 1.75298119 2.01831889 1.81802928
    2.00471497 1.12361717 1.68525267 1.20247889 1.26393771 1.02541959
    0.961734116 1.28292787 1.84211826 1.24300575 1.19246864 0.963746905
    1.32451046 1.48573363 1.0102191 1.25700605 1.45498347 1.50335479
    1.87372434 1.17215097 1.8608526 1.87421656 1.64748883 1.04654622
    1.60665083 1.46766233 1.29315186 1.4924885 1.60706234 1.28678083
    1.62986565 2.03814292 1.5218842 1.7216233 1.79089212 1.2787869
    1.36656475 1.68019509 1.1378504 1.70444441 1.11107266 1.07102287
    0.817724288 0.842346966 0.889177382 0.929311216 1.21618259
    1.64464343 1.71236372 1.36938775 1.26975036 1.27204001 1.96706259
    1.59277618 1.340258 1.96506262 1.69354963 1.69584179 1.73274338
    1.08946359 1.60483479 1.46891916 1.20587218 1.02645183 1.28312385
    1.54718888 1.11943853 0.910979986 1.3107971 1.537413 1.13746369
    1.10200524 1.12233973 1.18806529 1.6250807 1.12342083 1.80119705
    0.90914923 1.01121652 1.53392673 1.36112404 1.32305598 1.10779679
    1.67700195 1.73721087 1.43513763 1.40691853 1.54373348 1.69396222
    1.05069053 1.57031631 0.984990716 1.70935321 1.08529758 1.50030971
    1.57905304 1.17675912 1.64932764 1.47496068 1.74723351 1.65634108
    1.10147536 1.10616589 1.29838228 1.93247747 1.80802345 1.30292714
    1.38605213 1.69075251 1.30953085 1.29462171 0.905919731 1.84423792
    1.97210407 1.10062623 1.94544625 1.13039041 1.77012181 1.55414152
    1.51824009 1.08458376 1.55757928 1.05647707 1.82768846 2.01408172
    2.0144012 1.60105228 2.0867281 1.38081384 1.9505316 1.52190208
    1.26665628 1.65452373 1.03172541 1.83657885 1.74972737 1.42159247
    1.37665999 1.17253125 0.971227288 1.62513173 1.20862401 1.64257133
    1.31594503 1.81330776 1.22266412 1.38745046 1.18075204 1.32836998
    1.69380915 1.39290023 1.10634208 1.42425954 1.18729246 1.13278925
    1.27995598 1.03944981 1.26967251 1.65968883 1.70712209 1.55041218
    0.971338034 0.968199849 0.85114485 1.06108785 1.08721483 1.40608966
    1.24707603 1.42026806 1.05499291 1.4940145 1.92030263 1.27533865
    1.13760686 1.63367462 1.73470438 1.5029875 1.82216775 1.56077528
    1.86121202 1.12547493 0.973359346 1.59152186 1.51313114 0.984011471
    1.30105066 1.39688694 1.90903878 1.78791296 1.87477529 1.23432088
    1.74566126 1.5154686 1.1853447 1.94532251 1.52394009 1.36251473
    2.14466214 1.93521333 1.82893455 1.93907583 1.22967136 1.24295354
    1.165851 1.4338311 1.12032449 1.50992298 1.58690107 1.74541128
    1.56661892 1.8435024 1.29650068 1.31817591 1.07003462 1.26762998
    1.39835608 1.53573632 1.69893765 1.11546218 1.31418931 1.59632373
    1.30856097 1.80376995 1.69827461 1.81101394 1.3156693 1.49157381
    1.37333393 1.68956327 1.62966573 1.21012461 1.39975536 1.76573634
    1.06652772 0.968595386 1.24862778 1.57156193 1.46008778 1.9001503
    1.07665098 1.47827101 1.05634189 0.875727177 1.52827752 0.790261149
    0.988456428 1.16190529 1.66515672 1.78943181 2.01185465 1.91834056
    1.20164382 1.42009878 1.33695114 1.38855433 1.05572093 1.13282681
    1.25631762 1.09689069 1.54828787 0.858592689 0.860771 0.940591216
    1.00863039 1.48882997 1.82215679 1.57578731 1.52334595 0.893899858
    1.55281758 1.79217362 0.986355007 1.46952677 1.77647364 1.59789205
    2.00110078 1.31276309 2.0175631 1.12265909 1.87949669 1.85725999
    1.65700114 1.3956964 1.71473324 1.05532527 1.4340297 1.47645891
    1.02489591 1.91416025 1.75683272 2.03863573 1.16198659 1.56243134
    1.71477675 1.85179341 1.23335361 1.14206755 1.43930185 1.01166189
    1.63482475 0.821655929 1.73455155 1.90126181 1.47105026 1.41910481
    1.89825499 1.82660341 1.33904409 1.2708168 1.96876919 1.70857823
    1.31677663 1.26978159 1.29234529 0.975355864 1.83406138 1.58139086
    1.92701757 1.35112429 2.08565998 1.77441478 1.48895848 1.29492772
    1.32421088 0.950135946 0.857469559 0.909434795 1.05026853 1.18902266
    1.74704039 1.76169491 1.17593694 1.08321881 0.92995429 1.85353684
    1.49483538 1.02585721 1.21283543 1.16295242 1.94497204 1.3695941
    1.86860132 0.944559097 1.30951083 0.877974451 1.45217049 1.22190821
    1.17864871 1.45486152 1.11660659 1.48517132 1.52585554 1.21328771
    1.64283454 1.09750128 1.70972967 1.84523356 0.97634846 1.53001761
    1.54602754 1.77363431 1.14865363 1.53768218 1.13386154 1.34020293
    1.13788819 1.63081598 1.11368358 1.3245939 1.30707371 1.78315079
    1.50107062 2.01489902 1.57759666 0.973191857 1.21406734 1.19810486
    1.39925444 1.87779713 1.59386623 1.60168421 1.27709985 2.05676627
    1.75927091 1.34306216 1.17178547 1.3485657 1.27150571 1.32594991
    1.66121459 1.29878449 0.952077806 1.28827763 1.20085692 1.36808538
    1.27944911 0.970200479 1.45475757 1.13178933 1.13652802 0.829946876
    0.816019297 0.908495426 0.81250304 1.1396004 1.74598396 1.31290686
    1.64021945 1.273265 1.12375712 1.59913123 1.48653364 1.35235906
    1.18750679 1.29218817 1.89897871 1.21927476 1.30861628 1.66190815
    1.38453209 0.900854588 1.18356121 1.75583315 1.72724557 1.49177158
    1.30777049 1.31821978 1.41016316 1.75359249 1.76347804 1.22345591
    1.13935494 1.61594474 1.70716476 1.67817998 1.08699763 1.17530751
    1.14661992 1.16587901 1.19412649 1.37145591 1.22466159 1.40923655
    1.69577718 1.50772262 1.60051835 1.71683526 1.44478726 1.68077087
    1.09280646 1.23440266 1.74262869 2.02032971 1.39058876 1.81256557
    1.60554945 1.9168942 1.21134615 1.20274794 1.19827735 1.35387075
    1.53667045 1.00028312 1.12486124 1.79619312 1.65265381 1.42472231
    1.68089998 1.35064149 1.92798364 1.29650307 1.17503321 1.81482077
    1.05366957 1.42051399 1.43708336 1.27910066 1.26353204 1.58965766
    1.30882919 1.67561281 1.26519024 1.84661579 1.28546858 1.45649374
    1.52150965 1.9459672 1.04358804 1.65085506 1.51500559 1.62429535
    1.11170912 1.86888349 1.82072818 1.03310943 1.31519091 1.66773152
    1.14480805 1.50718498 1.37088609 1.4842205 1.59856462 1.16979182
    1.68073714 1.91445351 1.47873914 1.22855496 1.68015432 1.97424412
    1.81309509 1.35620022 1.70957947 1.12336016 1.74820328 0.953480244
    1.22506738 1.08570218 0.906323135 1.23065484 1.56953335 1.37311316
    1.09075451 1.44046736 1.24471867 0.650251389 1.28248715 1.14754927
    1.73119104 1.8512665 1.83676064 1.73189521 1.80605507 1.51213217
    1.35114682 1.29497981 1.92176795 1.16628456 1.80762982 1.25436842
    1.79955423 1.88256359 1.06551313 1.87999916 1.47830403 1.85982549
    1.40970576 1.12016499 1.96068454 1.70793295 1.06707692 1.42354536
    1.70545983 1.39151573 1.84819269 1.03665233 0.814079821 0.815222859
    1.54808235 1.20084143 1.21661258 1.836411 1.10352373 1.04358602
    1.47227764 1.04313076 1.52580225 1.88199186 1.10639441 1.10014653
    1.63822019 1.79469001 1.37689674 1.37368894 1.69647908 1.8497932
    1.35114717 1.35935271 1.6813395 1.63842881 1.42649639 1.24916708
    0.952370882 1.00260079 0.753262043 1.19294596 1.2477994 1.8805573
    1.75547659 1.90871382 1.32004344 1.41490126 0.91645962 1.56512988
    1.91657257 1.72947907 1.59045458 1.98251092 1.97101688 1.14680552
    0.908443332 0.886464 1.22233319 1.40029311 1.2164067 1.57712007
    1.75418735 1.72022915 1.02040422 1.65214264 1.2358017 1.52364016
    1.09407258 1.64550018 1.62161624 1.1990695 1.19895411 1.570225
    1.68271089 1.24084365 1.77510238 0.896267474 0.825213671 1.30015564
    1.00743592 1.12747121 1.54419553 1.88959527 1.44452631 1.32768631
    1.39401972 1.65264833 1.38619792 1.2455796 1.21519721 1.41555583
    1.4138577 1.61193895 1.94036889 1.80365801 1.42428184 1.66519725
    1.37991369 1.12921166 1.48558724 1.86107504 1.62257457 1.66295433
    1.32024944 1.58002222 1.66031325 1.95498562 1.74803853 1.28475332
    1.65281045 1.46204805 1.05009091 1.55636322 1.03734422 1.24958444
    1.2283808 1.14207172 1.75582707 1.28318822 1.84734237 1.19001853
    1.64111614 1.40742946 1.29213274 1.44534612 1.96878374 1.21760213
    1.53980672 1.54470468 1.61343491 1.10019422 1.06285441 1.63425982
    1.64433444 1.44245803 1.23708439 1.69818139 1.25577092 1.84916413
    1.48458076 1.37056327 1.1420691 1.92105401 1.89708757 1.28575408
    1.63462281 1.73194957 1.6113143 1.45899689 1.47265804 1.64719975
    1.16901803 1.90144217 0.92537576 1.79738724 1.2386961 1.54136908
    0.962096751 1.15806568 1.07329774 1.42770565 1.22403693 1.00443494
    1.33290398 1.471964 1.3498801 1.53300154 1.93153679 1.48536992
    1.09958029 1.23711181 1.26545703 1.09683347 1.51088846 1.42291737
    1.09838641 1.42977929 1.11080325 1.78758192 1.85613966 1.24860513
    0.871274471 1.21573651 1.15078318 0.880754828 1.22508836 1.76232398
    1.3063935 1.38839555 1.2035085 1.07389534 1.51593256 1.47024405
    1.53632259 1.07105017 1.3683939 1.7707262 1.29795039 1.30867052
    1.15284669 1.00589705 1.28627777 1.22571135 1.84718239 1.92519498
    1.70103848 1.20479977 1.06513429 1.7966131 1.57888937 1.16058421
    1.30929577 1.74663258 1.88227558 1.4034431 1.7320559 2.10666275
    2.04258776 2.17060709 2.07074213 1.53139758 1.81641984 1.10620809
    1.4044677 0.943023384 1.67030549 0.947871804 1.31797791 0.862587512
    1.47218776 1.82045996 1.53204489 2.06010079 1.23413253 1.20378613
    0.778110325 1.10093021 1.47043025 1.64019024 1.11909974 1.31754971
    1.48185647 1.5252248 1.78662646 1.95612681 1.36674428 1.74651754
    1.85052454 1.18187034 1.25017071 1.17423391 1.62249923 1.49709392
    1.84500575 1.59587646 1.33894229 1.45050311 1.69296336 2.02819967
    1.52169073 1.34033632 1.2098068 2.022964 2.08210325 1.41151631
    1.06409764 1.16764784 1.35178161 1.60382986 1.21037638 1.37590873
    1.14432001 1.06888092 1.58262038 1.7561233 1.62296867 1.10723853
    1.43555021 1.67039549 1.5698328 0.913939357 1.31664538 1.19709826
    1.18545747 1.90627241 1.86765671 2.09451461 1.9233129 2.06247187
    1.64135325 1.63037717 1.5972172 1.69164085 1.74306333 1.23130035
    1.30534911 1.23947012 1.6874696 1.75727618 1.08680069 1.8235321
    1.24533641 1.58572996 1.25853848 1.8805486 1.06474304 1.09102225
    1.90076923 1.80455744 1.58053303 1.48735714 1.38219011 0.909394026
    1.28622949 1.33878732 1.49205399 1.83314013 1.26090157 1.35277212
    1.9975661 1.5351727 1.85173678 1.48575377 1.29591572 1.60918295
    1.96135926 1.23523569 1.37889361 1.73564982 1.0462271 1.61588812
    1.7028656 1.3670038 1.18628633 0.745299995 0.897637308 1.26189017
    1.72206032 1.8764236 1.27138638 1.70296156 1.29534578 1.82657468
    1.7043128 1.60017049 1.73528612 1.34855962 1.27031708 1.30770743
    1.00543594 1.26919568 0.929069102 1.26295924 1.73808539 1.26032209
    1.15987682 1.86374581 1.54131544 1.0031321 1.85351849 1.4142313
    1.28730595 1.59786463 1.38114381 1.97106981 1.48027515 0.85546875
    0.963831127 0.992937326 1.03495133 1.21538556 1.06284237 1.34179831
    1.39409268 1.26225078 1.28621566 1.37834299 1.25865722 1.88062644
    1.5489291 1.91147161 1.77643061 1.99560571 1.88997412 1.38208461
    1.40534699 1.25709164 1.69718385 1.93723893 1.4725045 1.65891552
    1.4006989 1.10328937 1.2014116 1.06337786 0.98664552 1.49118495
    1.47699594 0.972788215 1.85562658 1.38067758 1.46307659 1.81165135
    1.63870299 1.72279954 1.6235739 1.30212903 1.18695879 1.16342735
    0.967577219 1.07601345 0.960559011 1.17624116 0.978307962 1.66224062
    0.80501616 1.69014561 0.883006215 1.23232377 1.43416202 1.35921121
    1.8219409 1.24343503 1.5650456 1.77974808 0.998159707 1.56451392
    1.18646085 1.1451031 1.8074733 1.42925334 1.40523112 1.03249919
    1.89859831 2.02908301 1.51771295 1.90508759 1.85935783 1.11752594
    1.81803989 1.19964683 1.71872151 1.75401759 1.511778 1.23257852
    0.96979779 1.82115269 1.79132724 1.71719897 1.63937521 1.44569409
    1.8259666 1.74877036 1.64047074 1.18353701 0.979538858 1.38176
    1.52248561 1.94426036 1.75331259 1.394449 1.47238779 1.08445382
    1.2689693 1.58851981 1.1849997 2.04939389 1.84923422 1.84454978
    1.1699512 1.64676654 1.09874773 1.53759599 1.96440172 2.14299059
    1.760939 1.91752231 1.92407608 1.24205601 1.62107515 1.13535655
    1.72580159 1.79412961 1.12431049 1.10437894 1.04581869 1.26638746
    1.44617236 1.78849113 1.98587799 1.7484566 1.34070158 0.933621168
    1.37534797 1.21601105 1.56912625 1.59864676 1.73916197 1.84551156
    1.86525917 1.11833429 1.33787167 1.69191551 1.03698289 1.87699401
    1.2537533 1.84962296 1.55923188 2.11920357 1.72063124 1.91261888
    1.28670347 1.97035182 2.08167863 1.72621572 1.27183056 1.21353137
    1.79517257 1.76099539 1.71685028 1.59488022 1.87555861 0.956159174
    1.86105943 1.53036654 0.995127678 0.875282586 1.34904408 1.45724118
    1.97669244 1.0102396 1.00632405 1.88120782 1.73040724 1.60262597
    1.07824564 1.88931513 1.34133506 1.0947336 1.38342738 1.7679472
    1.64660382 1.65135455 2.10041714 1.67431509 2.05550194 1.41502833
    1.93429124 1.67445958 1.30265188 0.751355529 0.921785355 0.806807876
    1.51830053 1.46270311 1.91771746 0.997412682 1.37232828 1.30883253
    0.957921624 1.84574115 1.10795152 1.64796352 1.94273794 1.31551373
    1.26561821 1.83325124 1.22893858 1.4550935 1.09885633 1.28143489
    0.923068643 1.06162798 1.44918191 2.11355186 2.06250191 1.50593638
    1.87968659 1.28765559 1.7932992 0.968262017 1.37078083 1.59424138
    1.85202193 1.76667333 1.13508809 1.30739844 1.0580734 1.10451901
    0.867238581 0.912037492 1.69300139 1.2770505 1.12381566 1.74727488
    1.9832834 1.62705851 1.24413657 1.22851658 1.369012 1.20019865
    1.38138032 0.940791845 1.65667081 1.84815621 1.24421835 1.35842717
    0.981492102 1.1586504 0.979602873 1.44647348 1.74547446 1.27611303
    1.57613671 1.70332718 1.00189817 2.00363517 1.51940668 1.96107733
    2.00590181 1.87954891 1.60041106 1.47376835 1.07935214 0.945604324
    1.60154486 1.66234994 1.66741538 1.56871712 1.01144707 1.2709465
    1.58700991 1.5962224 1.52790833 1.31903386 1.37723529 1.48081124
    1.49685252 1.67013502 1.33091652 1.2282567 1.29488444 1.26264405
    1.33157229 1.94240773 2.02452445 1.37829363 1.27211654 1.14771557
    1.03147674 1.15730035 1.58891261 1.72308016 1.80389619 1.30260897
    1.22086883 1.06440485 1.83846307 1.08388007 1.67289686 1.12321186
    1.48702371 1.54014254 1.78949773 1.86326241 1.45506108 1.19043767
    1.30794919 1.08315969 0.873722076 1.50985992 1.64134693 1.00395834
    1.17348623 1.07700074 1.49253774 1.47029185 1.17049897 1.14333069
    1.14459455 1.77690625 1.25039053 1.49376404 1.4394623 1.73007572
    1.77692151 0.978313863 1.02001655 1.61231351 1.34703958 1.9822681
    1.22319949 1.8621242 1.36821437 1.24657965 0.972162127 0.860266447
    1.75252903 0.952571273 1.74511671 1.0741545 1.81965101 1.30004215
    1.23643768 1.13734519 1.78313279 1.69180632 1.74985814 1.06916273
    1.76426983 0.983355939 1.41465819 0.992765784 1.68512416 1.66123545
    1.8332082 1.66645682 1.29551768 2.00983834 1.18505144 1.64503372
    1.04905653 1.19528651 1.01360989 1.56846762 1.15976226 1.45093787
    1.92145038 1.90270245 1.51137125 1.85143399 1.49754238 1.99946821
    1.19596148 1.58289504 1.28729486 1.53504515 0.919166744 1.78143668
    1.16727781 1.64313293 1.017676 1.80316806 1.56032443 1.99751437
    1.86552989 1.56706679 0.777613103 1.14678371 0.938804805 1.3047806
    1.0778383 1.05644858 1.51638794 1.70154762 1.44570327 2.09481025
    1.98777187 1.69125867 1.26306856 1.28551567 1.35812378 1.11682451
    1.95962286 1.26694703 1.32820368 1.49342287 1.51983142 1.86292243
    1.45259058 1.68530893 1.70733893 1.99050772 1.65893078 1.12455559
    1.47192216 1.80682456 1.82399905 1.78131139 1.62947094 1.35146427
    1.1910044 0.870763779 1.73198164 1.85813856 1.60087967 1.71061707
    1.75369203 1.49710417 1.11982512 1.0877924 0.955354154 1.24897647
    1.45355129 1.76882827 2.03739381 1.11735427 1.68380988 1.1750536
    1.29051447 1.42111528 2.09346032 2.0462923 1.88451707 1.34228694
    1.29356241 1.15812254 1.1384002 1.03502476 1.02228653 1.16267681
    1.19838679 0.952675045 0.81769383 0.985412598 1.45797896 1.71538234
    1.24771023 1.41500008 0.996449113 1.94621229 1.85049105 1.54045796
    1.61953354 1.82311082 1.68434036 1.58885908 1.23663044 1.6752187
    1.81004703 1.57959652 2.20003343 2.14621687 1.35214949 1.06646001
    1.68609297 1.60838723 1.38275957 1.07949471 1.25405395 0.999073207
    1.73254383 1.53067315 0.992734194 1.42982125 0.975073457 1.10737133
    1.47577465 0.998311162 1.67715967 1.95337546 1.84336233 1.743137
    1.43208396 1.94955134 1.37118065 1.31890166 0.978670597 1.90585446
    1.61325347 1.33335066 1.1803174 1.69557309 1.15489435 1.76920092
    0.917134404 1.64284205 1.64595366 1.32245195 1.30796015 1.47329962
    1.21209431 1.09242141 1.26664352 1.93759 1.59249234 1.22552443
    1.61264133 1.55717313 1.35393167 1.1397382 0.896861434 1.19728696
    1.42430198 1.08357763 1.95121145 1.51450491 1.97900057 1.67046463
    1.27343893 1.11861527 2.00375128 2.06879282 1.91654074 1.82433224
    1.01355124 1.57494974 1.58557951 1.92000711 1.90337443 1.445894
    1.47805882 1.42672861 1.31671917 1.00014675 0.893475652 1.17760241
    1.29935932 1.51935291 1.21104908 1.09179723 1.71696508 1.14219296
    1.03505862 0.972396076 1.05868089 0.896851838 1.74467444 0.955277622
    1.18839359 0.94698298 1.61336505 1.84601998 1.30699968 1.31696272
    1.38392496 1.41950774 1.73278749 0.964657962 1.1803503 1.52213788
    1.18416631 1.05265379 1.0452491 0.933250725 1.36075234 1.03474987
    1.49024725 1.61433148 1.63788199 0.980415404 1.01551378 1.72676218
    1.75051689 1.86871874 1.32257485 1.30490434 1.37322378 1.90892732
    1.86182034 1.37332809 1.65046 1.57989287 1.69162238 0.927304864
    0.907652259 1.03502345 1.70320964 0.924245834 2.02342868 1.48670161
    1.80656242 1.13206768 1.88357162 1.45604885 1.82530677 1.67595756
    1.38247013 1.79887474 1.1088053 1.5510627 1.68723261 1.08542502
    1.75768328 1.41339958 1.6636939 1.70177424 1.40140963 1.0059135
    1.6389097 1.50520968 1.89570904 1.34185672 1.61113572 2.00599456
    1.83562076 1.14354002 1.29523015 0.972413778 1.4163512 1.21969128
    1.50478172 1.38294148 1.8611604 1.33897507 1.14252496 1.28367233
    0.83857578 1.1402905 1.10700405 1.7198385 1.09016538 1.54943192
    1.35538542 1.47297096 0.768042266 1.7325139 1.03173494 1.40966654
    1.00233412 1.84016407 1.46074152 1.70723653 1.19948924 1.29163682
    2.00621629 1.63093841 1.75665939 2.00898767 2.05308437 1.74150503
    1.77338648 1.51265824 1.8840487 1.95654404 1.88817298 1.28156435
    1.79404652 1.71088421 1.72895932 1.94480193 1.10640895 1.34147346
    1.29927838 1.21992815 1.70647991 1.04346132 1.16111207 0.965048134
    1.58340597 1.11213911 1.41722655 1.98276472 1.23756385 1.09886789
    0.958814085 1.64066005 0.907551646 1.22467005 1.43960142 1.31699884
    1.20402586 1.45968318 1.90028346 1.70510077 1.91889679 1.7066406
    1.37268972 1.82230878 2.1358881 1.13026071 1.80219567 1.29747999
    1.62785625 0.801884413 1.51363099 1.15236127 1.7319659 1.40193927
    1.57587671 0.815094709 1.47390914 1.49145424 1.00708377 1.47605407
    0.962216318 1.02901113 1.54776907 1.51555049 1.07629979 1.30638289
    1.20927 1.1376406 1.29864895 1.06570232 1.44210541 2.01637888
    2.06322169 2.04009748 1.44011009 1.32099652 1.16432524 0.927457988
    1.58796835 1.11170375 1.81065536 1.37401128 1.56768513 1.36229861
    1.18055999 1.4616785 1.56454611 1.56864882 1.50377679 1.81143391
    1.75379741 1.31597614 1.71052301 1.20574868 1.91608512 1.76621187
    1.01515222 1.70634651 1.60480702 1.05537283 0.974247754 1.44656134
    1.25287116 1.37580824 1.35154843 1.55203056 1.18496799 1.59311008
    1.67917871 1.21719408 1.05058217 1.07764041 1.06056976 1.87901366
    1.5332576 1.85315239 1.73945987 1.76880741 1.05578673 1.325894
    1.68725693 1.7877717 0.980660498 1.2785877 1.00657785 1.93207872
    1.82217073 1.2075851 1.85765886 1.26624274 1.97975183 1.61895716
    1.10665464 1.55680549 1.72670817 1.24068964 1.5693028 1.97646785
    1.41583359 1.68816721 1.35698521 2.03627682 1.43968928 1.42611957
    1.58673644 1.54870939 1.53453982 1.7122972 1.79402256 1.87343228
    1.4151516 1.50875902 0.891414106 0.876395583 1.46934545 0.882539749
    1.07270479 0.958132744 1.68719208 1.14617503 1.61523998 1.42990112
    1.89066172 1.39845407 1.01204026 1.90011311 1.52840638 1.40547121
    1.91017032 1.31613481 1.33341968 1.58462119 1.85185826 0.912600994
    1.71540105 0.975770772 1.62704265 0.984634221 1.30971348 1.24398696
    1.55477309 1.97472632 1.89523697 1.2480756 1.51969087 1.36052299
    1.51396346 1.19211996 1.71522319 1.73432875 1.15883458 0.99272716
    1.04772544 1.29714656 0.994417608 1.30784905 1.61732984 0.865629673
    1.15508819 1.10581207 1.62165761 1.27690816 1.63993859 1.4685452
    1.93821418 1.13648772 1.51029956 1.50179648 1.04972816 1.78127062
    1.67485571 1.58947325 1.07458246 1.91540062 1.77072573 1.42531538
    1.65054369 1.87521839 1.35706544 1.42898965 1.11095071 0.834042132
    1.30470383 1.77787626 1.97093725 1.57078767 1.42680073 1.42043006
    1.26598561 1.00922978 1.3889575 1.29283488 1.29362178 1.15727699
    1.34360409 1.14742184 1.367275 1.64325953 0.912115574 1.09765124
    1.57587123 1.31997085 1.62396264 0.860825002 0.933992445 0.895150781
    1.31181753 1.11974227 1.04896176 1.57020736 1.64426243 1.66766548
    1.64197099 1.3185358 1.88242745 1.77442825 1.4250375 1.75623453
    1.62413287 1.18316257 1.53979707 1.31868386 1.6081214 1.67756093
    1.10834765 1.73778415 1.58025181 1.14336431 1.50524318 1.06648827
    1.24204648 1.03295493 1.06067157 1.60498965 1.44509161 1.47922289
    1.82817543 1.52018571 1.55701554 1.1090337 0.977007866 1.88592732
    1.95888054 1.13367784 0.988713443 1.18571293 1.36149168 1.4125464
    0.819188237 0.910905361 1.47010255 1.84690356 1.15728533 1.36256719
    1.79894125 1.49942446 1.43360007 1.45786107 1.29717898 2.17004609
    2.11198139 1.81143379 1.96155202 0.936451614 1.0358727 0.829492569
    1.62188601 1.31182516 1.26836824 1.50176275 0.733976185 1.23317337
    0.92146641 1.67715943 1.03592157 1.89519203 1.64271569 1.78572571
    1.56033921 1.11964858 1.68834853 1.37594116 1.77122748 1.08684921
    1.96279931 1.67454159 2.02544141 1.81982577 1.87440574 1.87885344
    1.46546447 1.47977543 1.50059998 0.979743659 1.40294206 1.36263323
    1.83807373 2.0567553 1.82078683 1.43217421 1.34000671 1.947927
    1.93645763 1.24654543 1.87168407 1.29104435 1.34601545 1.89368367
    1.26679683 1.97725034 1.95512378 1.35370934 1.32168162 1.65828276
    1.11053193 1.42043948 1.48039412 1.89805019 1.20761275 1.5650301
    1.113469 1.19881821 1.07624054 1.29359567 1.30235159 1.26096141
    1.52113485 0.963309824 1.32945418 1.66602635 1.49146545 1.97036922
    1.3508687 1.46753204 1.78896487 1.50380647 1.27934825 1.39539337
    0.978368282 1.20705998 1.69879138 1.08316481 1.68796504 1.92752969
    1.66299272 1.87331831 1.29179192 1.36927438 1.57200181 1.6782155
    1.66604996 1.70041716 1.2884618 1.93805325 1.18908691 2.09993076
    1.87707138 1.05634344 1.29240942 1.88594925 1.65800154 1.64675248
    1.66393793 1.93366385 1.43984413 0.99931407 1.09198964 0.864928842
    1.5264287 1.27942646 1.44960976 0.718129814 0.950256765 1.04943383
    1.20675671 1.64870536 1.91953409 1.91549933 1.53595638 1.54165745
    1.80506516 1.20274043 1.93598866 1.67423272 1.39743555 1.42493916
    2.0208571 1.00969565 1.26725757 1.63542199 1.15554535 1.72930133
    1.02245724 0.80302757 1.30169368 1.05056465 1.30280125 1.49277639
    1.11106026 1.76920223 1.73851061 1.49968314 1.17659748 1.04125619
    1.16812229 1.42639863 1.11648583 1.73179007 1.31132793 1.67624903
    1.15313816 0.912239969 1.04008842 1.22576964 1.63420367 1.14249206
    1.30609226 1.59654582 1.96657217 1.24304092 1.61772823 1.76376975
    1.09587479 1.87564504 1.39424956 1.66315699 1.07085931 0.956067443
    1.43176389 1.55177784 1.08353341 1.92936468 1.45909274 1.66127527
    1.2617135 1.05197108 1.56147707 1.8932966 1.64324319 1.91932642
    1.60252774 1.42500794 1.03342128 1.65781415 1.58919168 1.22874832
    1.25577843 0.880262971 1.35865998 1.58035648 1.08953559 1.69426632
    1.47441375 1.76679349 1.80334294 1.17906988 1.17743742 1.05386674
    1.5935086 0.701727152 0.524595082 1.48880804 0.831286132 1.47797012
    1.4240514 1.74090886 1.00973654 1.18402505 1.11284256 1.16449118
    1.68951535 1.5185082 2.03969264 1.31122208 1.73359466 1.67693079
    2.00068307 1.02407539 1.59954739 1.1178242 1.51205611 1.03939807
    1.70881236 1.25078702 1.31453395 0.840749621 1.35153031 1.8361001
    1.02819037 1.40755844 1.36130333 1.36469209 1.26487029 1.39775205
    1.299209 1.04550886 1.00116003 1.61898041 0.935290933 1.20237899
    0.922293961 1.93988991 1.36512816 1.78159416 0.932389796 1.0738126
    0.940198779 1.65984547 1.92079103 1.33225918 1.29348528 1.32713699
    1.78373194 1.76591349 2.15201998 2.1174314 1.8954767 2.00607467
    1.60266995 1.19620037 1.46074474 1.82476115 1.23479533 1.77786839
    1.09920168 1.08501041 1.37433636 1.57979798 0.965008855 1.12238693
    1.49507368 1.2857275 1.42315531 1.60530841 0.991612911 1.30574977
    1.17828631 1.48778832 1.05049646 1.11421299 1.79138184 1.38450086
    1.7794379 1.99007583 1.75719583 1.56377292 1.50621533 1.40283978
    1.44904172 1.57026601 0.968885422 1.95076644 2.08703828 1.90928328
    1.97518194 1.56404865 1.54777467 1.65282452 1.14569187 1.3051002
    1.26645017 1.45660937 1.30397832 1.05913734 1.2954917 1.70135653
    1.22679746 1.97124696 1.42322326 1.88104939 1.08154607 1.86249244
    1.72666204 1.51757634 1.89649224 1.3411665 1.03524828 0.966957986
    1.25659943 1.377316 1.80395317 1.17063594 0.935417593 1.56727624
    1.31062841 1.82659709 1.79619813 1.29054308 1.35226655 1.1348294
    1.78456998 1.44461417 1.64947915 1.36966825 1.07198632 1.51156127
    1.00896525 1.91956031 1.35021889 1.8286072 1.23248112 1.65309
    1.78919315 1.89099956 1.14690149 1.12172115 1.02717447 2.00904155
    1.67798245 1.93288267 1.99315345 2.08252335 1.42108643 1.73038411
    1.27139974 1.22724855 1.55114341 1.65422344 1.90922451 1.90557885
    1.99533081 1.25676179 1.02240872 1.00172341 0.918286026 1.44576681
    1.17566514 1.47114444 1.57001233 1.08718407 1.75933599 1.87999415
    1.60277712 1.82370234 1.71596658 1.37358999 1.31030035 1.75797021
    1.61734545 1.89666092 1.88827634 1.86386311 1.27093041 1.32612181
    1.92189729 1.41556907 1.76855326 1.03879523 1.2971797 1.01575577
    0.918662667 1.7122165 1.50344491 1.87221384 1.58380604 1.99007165
    1.98953605 1.72414982 1.90848875 1.05477357 0.991041481 1.04805243
    1.33125269 0.913579881 1.38901925 1.28842151 1.78732944 1.85280418
    1.79654074 1.23301649 1.02331507 1.02776682 1.84377658 1.64996862
    1.47175395 1.8235141 1.1818887 1.77729499 1.59584522 1.4860332
    1.7148118 1.35710931 1.24909437 1.50132334 1.48084199 1.44642603
    1.54270422 1.31051564 1.97318101 1.76673579 1.63601589 1.81758475
    1.1009984 1.92858851 1.07985342 1.03549385 1.37792921 1.45397186
    1.39608753 1.30009806 0.918913484 1.18095899 0.939879537 1.3642292
    1.31322527 1.75340188 1.4453429 1.74848151 1.84652781 1.76604879
    1.2764045 1.43220484 1.52912569 1.6158123 1.33577752 1.23439431
    1.27454066 1.56354916 0.848536432 2.02112031 1.82971096 1.16443276
    1.72483587 0.938368082 1.71415555 1.30500746 1.85576415 1.64390016
    1.5334965 1.3811903 1.37560773 1.56463337 1.58121037 1.56034172
    0.894704521 1.11732566 1.84458101 1.8581388 1.73999548 1.48685133
    1.36116838 1.31233525 1.15174687 0.971383035 1.32235873 1.12318933
    1.80933332 1.9310683 2.12492228 1.20279288 1.43691909 1.11407566
    0.921528816 1.28748894 1.4440496 1.88513398 1.39583671 1.11637235
    1.40846348 1.26493394 1.55388272 1.02642894 1.7918036 1.57112205
    1.46362579 1.66031742 1.65296531 1.08088136 1.61465323 1.93695438
    1.49972391 1.89184093 1.89020109 1.70460927 1.94310975 1.37618124
    1.35924709 1.33763468 1.15298915 1.36353731 0.777417958 1.54478145
    0.826930106 1.37699592 0.899999678 1.15072465 1.50709963 1.13091791
    1.14012587 1.80870712 1.61127484 1.7796576 1.29129493 1.41892588
    1.36716294 1.9677695 1.99235082 1.70710206 1.74421275 1.53808701
    1.98882163 1.78822756 1.11083567 1.5146265 1.25960851 1.83356428
    1.18830097 1.79691052 1.95501292 1.99156618 1.9047246 1.84127617
    1.7328155 1.92261398 2.08577538 1.96607399 1.93203485 1.08218062
    1.78226292 1.41397667 1.1851418 1.30051136 1.73434162 1.98329604
    2.06774235 1.87663186 1.35227466 1.74061835 1.40316963 1.19395471
    1.96385646 1.88176286 1.59655356 1.68899858 1.45151031 0.892938852
    1.00714982 1.59645665 1.62781024 1.97892904 1.22268844 1.44421172
    1.37596405 1.37815547 1.93767202 1.75252247 1.3480382 1.74932051
    1.73789716 1.00425541 1.39343882 1.68080747 1.43065727 1.86552548
    1.40057135 1.26303899 1.2585969 1.10492635 1.6936357 1.67233121
    1.4885639 1.54570365 1.29617774 1.71131539 1.64262676 1.97256815
    1.71759737 0.931794345 1.1165663 1.2078948 1.86208689 1.93380463
    1.26658154 2.08615422 1.83529007 1.33505321 1.39335477 1.06097996
    1.05303407 1.29132581 1.54626632 1.62426698 1.77727985 1.87509358
    1.13507271 0.914837301 1.62519252 1.24034333 2.04873705 1.48629808
    1.67727125 1.24724698 2.08535933 1.94773507 1.86395049 1.22850823
    1.97670627 1.59487343 1.84755599 1.66756201 1.54203546 1.7317369
    1.35477984 1.32732117 1.53045368 0.944114566 1.01612616 0.988316596
    1.51710808 1.22096729 1.65288246 1.41108358 2.02497458 1.45285046
    1.26133537 1.45935214 1.50217187 1.44974923 1.48711324 1.25287354
    1.46987128 1.12769544 1.33019066 1.08931327 1.32322764 1.87070191
    1.32724023 0.924913824 1.44771934 1.52523506 1.50463414 1.49687755
    1.05077386 1.66801596 1.35416877 1.81552243 1.62600529 1.20705497
    1.61912286 1.62726009 1.57858253 1.54153299 1.99901617 1.63885975
    1.19886374 1.37711346 1.90681863 1.28553545 1.92375445 1.75159717
    1.23070645 1.71510243 0.97531116 1.95567632 1.23330224 1.77278864
    1.44506073 1.2686727 1.02919424 1.39035976 1.70902967 1.52393413
    1.96115065 1.91379857 1.56298304 1.94243431 1.50229168 1.66232669
    1.58031762 0.994385362 1.39159143 0.932810009 1.05003846 0.856541097
    1.07501018 1.59124124 1.79421496 2.00276995 1.7737776 0.94450748
    1.55558431 1.38797367 1.69228399 1.56266618 1.69299209 1.17266607
    1.74629807 1.76602829 1.10776699 0.918082535 0.98098731 0.997283816
    1.24134791 1.57250762 1.9105382 1.29717577 1.02488172 1.19782901
    0.978396118 1.47256422 1.90565217 1.8584491 1.78076363 1.52735043
    1.34188724 1.33380711 1.63892806 1.34420288 1.17356384 1.45681477
    0.908098638 1.7600317 1.58609617 1.53049457 1.54348934 1.7386775
    1.3313812 1.92917669 1.41946912 1.85557938 1.96928883 1.64013612
    1.24407172 1.75434268 1.10324204 1.60736525 1.40892458 1.29148257
    1.63170981 1.51065648 1.73615611 1.3113178 1.4553262 1.07785416
    1.29724383 1.33851659 1.65462792 0.929831207 1.01887524 0.981145799
    0.888047159 1.49200261 1.63892031 1.89549172 1.46496582 1.7243005
    1.44311082 1.2473042 1.05206037 1.85123181 1.15522015 1.58174062
    1.51360333 1.56320226 1.56529844 1.36298621 1.60600746 1.13723874
    1.01955497 1.58209014 1.06486535 1.33989382 1.93209898 1.56312656
    1.58688009 1.30716622 1.67464864 1.47032762 1.16504192 1.5146904
    1.87945962 1.7926842 1.40852594 0.936172187 1.1617651 1.41629314
    0.780000031 1.01061034 1.02473164 1.86037612 1.43450999 1.9026407
    1.85305548 1.44316483 1.66982865 1.47196829 1.3683449 1.781075
    1.75698233 1.2626642 1.06595051 1.01587391 1.28386116 1.0760988
    2.06010079 1.7541883 2.10060883 1.63973022 1.46410036 1.73283792
    1.46854162 0.906106293 1.85970652 1.1364547 0.881626964 1.32058477
    1.41879261 1.86263752 1.6637311 2.04632282 1.55439067 1.38387382
    0.9242208 1.25670671 0.881686211 1.82309544 1.27897453 0.969496012
    0.945964813 1.41734958 1.29276276 1.58191442 0.998832405 1.6079036
    1.45555961 1.83236241 1.36463726 1.53419316 1.3061409 1.07079422
    1.3861804 1.54677188 1.79360664 1.4330045 0.75121367 1.36267138
    1.26038134 1.38457787 1.78678751 1.16301191 2.03920436 1.36887491
    1.11505818 1.48162353 1.66635144 1.73160386 1.46668112 1.63608623
    1.22111857 1.33275354 1.89382613 1.67878795 1.1458168 1.66270781
    1.98868203 1.58082962 1.24557662 1.85255992 1.93593431 1.22063351
    1.61029661 1.01101089 1.76246035 1.3756218 1.12929344 1.48703742
    2.14690161 1.82288063 1.84236002 1.38814592 1.66377413 1.57982206
    1.36488879 1.69621682 1.01324236 1.22074807 1.18300152 1.06344354
    1.96123457 1.52218831 1.92603517 1.76579797 1.58372855 1.85767078
    1.05643773 1.14451408 1.43456662 1.17638469 1.02312672 1.43078518
    1.85176957 1.72522485 1.24124837 1.95694602 1.24206793 1.89147854
    1.36096597 1.64983964 1.32631242 1.31076193 2.12898517 1.2486763
    1.71184492 2.01040888 1.52016592 1.53472233 1.43460965 1.50837791
    1.77778518 1.11720347 1.80326283 1.8478719 1.25896537 1.83271027
    1.62644982 0.872214794 1.15013504 1.02409708 1.20266056 1.90461552
    2.07524776 1.61294246 1.82322991 1.58810234 1.62345326 1.25998998
    1.85461342 1.74557924 1.38485992 1.49917758 1.55084848 1.2991184
    1.93401635 1.73518395 1.13287914 1.702443 1.08386719 1.38540852
    1.12897921 1.65299368 1.63143814 0.962860584 1.20998299 0.964107156
    1.21461248 1.16385317 1.71672499 1.84568584 1.57276404 1.16709268
    1.31946087 1.34564257 1.90425146 1.19969153 1.71557796 1.05010164
    1.22382939 1.23005402 1.89160633 1.85409987 2.07911992 1.89693546
    1.36980224 1.78774488 1.16517293 1.59387112 1.4203397 1.12009454
    1.4742713 1.95601273 1.16217923 1.6282711 1.15624368 1.32667136
    2.01104569 1.92757726 1.60521066 1.99014461 1.89480472 1.52328408
    1.60114706 1.29014671 1.3524785 1.64119637 1.27393544 1.27940166
    1.82074142 1.22457922 1.69043505 1.22300684 1.09255505 1.14012992
    0.858393252 1.73176491 0.894473493 1.63533306 1.33646786 1.08821666
    0.942196012 1.86626291 1.18450177 0.965980172 0.98468709 1.57577062
    1.04942381 1.53022981 1.79873705 2.05919027 1.80938911 1.643785
    1.63995373 1.99592447 1.17990327 1.87133288 1.13332427 1.59252703
    2.01844501 1.45280004 2.04878497 1.40545189 1.72889066 1.27081013
    1.74648714 1.49249899 1.58887839 2.00824618 1.8171804 1.50876164
    1.56815886 1.1752826 1.22000301 1.07935333 1.70973754 0.9610219
    1.32866073 1.63532615 2.03373075 1.77482688 1.52801657 1.38805842
    1.13190079 1.49226665 1.52890623 1.6986587 1.57649982 1.36176074
    1.33939004 1.04096138 1.78990793 1.50137889 1.78119934 1.89020288
    2.13546944 1.46235788 1.90380907 1.02182531 1.28386331 1.65907776
    1.42164755 1.58158624 1.58716762 1.4254756 1.09061337 1.85889554
    1.39769197 1.68402898 1.78617001 1.56767702 0.80174011 1.45159066
    0.979023695 1.37521517 0.783689022 0.976504922 1.03739893 1.56178415
    1.75355029 1.17043376 0.96321857 0.854904115 1.0171051 1.08776152
    1.72934997 1.51727927 1.82837665 1.0474062 1.37765026 1.5072329
    0.853459358 1.05296874 1.13064003 1.36475229 1.54290092 1.79148138
    1.64131343 1.9129318 1.69583869 1.45030487 1.42104638 1.18373597
    1.6063118 1.11855376 1.96697986 1.40857124 1.93040812 1.86388409
    1.93521285 1.59935594 1.78705204 1.87599313 1.12579417 1.26512778
    1.26038146 1.71954846 1.15519142 1.5493983 1.53815663 1.4316268
    1.67710793 0.941379547 1.1632973 1.34830546 1.53777051 1.47692347
    1.47925758 1.05370069 1.607512 1.59780705 1.97684228 1.68956769
    1.7087369 0.810313523 1.82797503 1.1649344 1.73923111 1.41018689
    1.64832652 1.34391654 1.30890131 1.09959316 1.19108582 1.57438588
    0.968195677 1.48975015 1.17781854 1.11881971 1.10977864 1.75082052
    1.73334813 1.4113028 1.19350517 1.34527695 1.71433115 1.93684542
    1.7567302 1.80776155 1.58555377 1.47096896 1.67327654 1.07144284
    1.69395781 1.36317492 1.31768811 1.66257441 1.73300874 1.6748594
    1.17944229 1.79588032 2.05007029 1.34115708 1.92526555 1.17578495
    1.02818763 1.57427716 1.74708974 2.05343843 2.14054132 1.78103983
    2.00124335 1.76685691 1.90932071 1.24334526 1.08880627 1.5999527
    1.58482468 0.792594433 0.879425466 1.15537107 2.02606368 1.14816248
    2.0771687 1.92129099 1.23256397 1.36171222 1.41787183 1.3470279
    1.17393279 1.35620415 1.0762589 1.23803663 1.81787896 1.81613708
    0.939602971 1.26593399 1.28145742 1.73286164 1.38071263 0.976343811
    1.51004863 1.51456404 1.6385895 1.05465758 1.8657198 1.27190304
    1.21758473 1.31384254 1.46459424 1.81984508 1.30743253 1.40895033
    1.53742135 0.963087618 1.56924891 0.91237992 0.999338567 1.89527404
    1.36228204 1.80063224 2.02455449 1.83081388 1.59722996 1.73134661
    1.28477514 1.78620529 1.41682339 0.882479608 1.23176813 1.00149202
    0.886752963 1.53311813 1.14784074 1.40771067 1.3559109 1.09914541
    1.68119419 1.47666526 1.7299186 1.08662415 1.4095906 1.2688303
    1.39975202 1.49540353 1.56015646 1.27305925 1.90431046 1.85155225
    1.12104511 1.53261614 0.97717011 1.46886098 1.16431618 1.19706237
    0.954963088 1.73682058 1.2625612 1.71251464 1.91951513 1.42669904
    1.40901852 1.38196778 1.37226748 1.26822984 1.95413685 1.98571205
    1.45248842 1.53946018 1.47480953 1.37099183 1.75492692 1.23556197
    1.41450155 1.23607707 1.79774868 1.06506252 1.32888734 1.09038842
    0.819064796 0.922845483 1.29033077 1.28341138 1.76953137 1.28078985
    1.38176322 1.31527281 1.87029755 1.66649961 1.30133271 1.5747149
    1.41484857 1.0488832 1.54008365 1.35512626 0.94365263 1.20745647
    1.32818544 1.55375493 1.60229588 2.00241327 1.79695547 1.61036861
    1.36560285 1.11160195 1.01604998 0.851070046 0.842487037 1.25080216
    0.780011475 0.88645643 1.15449178 1.76838326 1.11804032 1.16819179
    1.06082571 1.70095539 1.32366502 1.27069283 1.36908269 1.21455443
    0.931564093 1.3951391 1.08906364 1.79265034 1.70287681 1.79180908
    1.91117811 1.04545522 1.70036399 1.50437117 1.61767125 1.1298337
    1.6155113 0.859171987 1.44723558 1.55915892 0.997318923 1.19444001
    0.923869908 1.75330579 0.919006944 1.79540324 1.7747767 1.96611643
    1.9336412 1.85621178 1.66784585 1.83465779 1.15571773 1.12175107
    1.34563661 0.99440217 1.067644 1.07139385 0.934818566 1.73395538
    1.71551418 0.879015446 1.38040555 1.48908138 1.20031047 1.3916496
    1.3881526 2.00797796 1.88259757 1.13604236 1.66545796 1.01386404
    1.6453321 1.99301124 1.86042488 2.03374243 1.85663009 1.26280117
    1.61030078 1.3521471 1.95866227 0.961922765 0.952296197 0.956652403
    1.77343476 1.96611106 2.0292573 1.49233878 1.41934359 1.37015533
    1.31399286 1.82523751 1.45515943 1.26732731 1.37880254 0.815220356
    1.2339015 1.39187741 1.77530599 1.4432714 1.4466784 0.938344896
    1.06138062 1.52534556 1.59665322 1.67690551 2.0159719 2.03042912
    2.02224708 1.67060852 1.97115803 1.06098962 1.35590899 1.53742528
    1.14230895 1.80056179 1.15365696 1.55846047 1.46075034 1.76411307
    2.1556282 1.58799493 1.34548104 1.32010186 1.5718255 1.23729944
    1.42206562 1.87261033 1.92651415 1.86724675 1.47898161 1.8047961
    1.71868014 1.68382704 1.41919005 1.52857745 0.910524011 1.5386585
    1.62512326 1.26174903 1.33894134 1.41297138 1.35343778 1.54602659
    1.10523963 1.70695293 1.0384438 1.76152885 1.04005897 0.862317145
    0.881007671 1.29778397 1.25267243 1.14842379 1.27062464 1.63940692
    1.23939812 1.25370264 1.3079052 1.45002937 1.53302693 1.26841187
    1.19136047 1.08806312 1.16350651 0.947390318 1.43681109 1.96285117
    1.47575259 1.27100968 1.9249357 1.57827187 1.87331378 1.24869716
    1.59456134 1.72382152 0.9987216 1.34631956 1.33679962 2.14467883
    1.79665589 1.95397866 1.58593154 1.78925133 2.09607315 1.30320799
    1.43080425 1.08420312 0.801689744 0.996207714 1.44845963 1.20733559
    1.09182763 0.96336621 1.69689655 1.66429722 1.45336795 0.937070727
    1.0365634 1.59588087 1.72710145 0.826128423 1.85514772 1.6007216
    1.5213933 1.46040118 1.04584265 1.65176737 0.962450325 0.991506755
    0.807082772 1.1513344 0.887327552 1.66660166 1.84463143 1.39763486
    2.04358554 1.93346918 2.05211139 1.82933736 1.37254655 1.68404126
    1.8709507 1.8159914 1.73236418 1.42706954 1.93024755 1.61171782
    1.35453773 1.32980585 1.15313625 1.51576173 1.15511835 0.976875782
    1.20869875 1.1591351 1.21691847 1.15015352 0.858479381 1.28115404
    1.43682635 1.72588444 1.58951473 1.36293161 1.08734703 0.987621546
    1.53015494 1.71595347 1.8931632 1.07102013 1.94508851 1.21712661
    1.43026578 1.7507149 0.971372664 1.63737869 1.15136015 1.57164407
    1.48018539 1.91908967 1.83121872 1.69127071 0.948958278 1.32628381
    1.58708656 1.61857522 1.44430065 1.13704157 1.48076904 1.37210989
    1.05160809 1.30576861 1.28099108 1.22582531 1.35216403 1.35920632
    1.46138465 0.966835678 0.962224245 1.60174048 1.08657002 1.52340627
    0.95899564 1.59122145 1.54068911 1.50406849 1.87902057 1.83573139
    1.58563304 1.06680584 1.53711879 1.38870871 1.11640704 0.982233644
    1.62467706 0.855496645 0.976993084 1.48204637 1.26117349 1.55207443
    1.47703576 1.4294976 0.969972312 1.02699578 1.66134024 1.53706801
    1.99959767 1.7457931 1.32090867 1.88156569 1.33192873 1.45433843
    1.20322669 1.12683797 1.29733384 1.15901554 1.33852577 0.828232229
    1.37568128 0.850165725 1.51618314 1.17809534 2.02574563 1.21347511
    1.67893243 1.73782122 1.548154 1.54765391 1.47863388 1.13515568
    1.79198742 1.80290353 1.06014717 1.8716687 1.47305131 1.27997148
    1.59228003 1.00151455 1.53587723 1.70602107 1.01558816 1.23089194
    1.98629618 1.67338979 1.01914597 1.52176809 1.05909789 1.05173945
    1.48986316 1.62625945 1.55590212 1.08567476 1.16759992 1.55058575
    1.93725681 1.19069552 1.53841615 1.28395331 1.83715081 1.3071661
    1.10090768 1.74378633 1.55428243 1.55802166 1.99878848 1.96615517
    1.73224461 1.36851323 1.4427228 1.15503037 1.39459312 1.11249924
    1.47138572 1.0305146 1.59362924 1.98124433 1.80469239 1.83037794
    1.57189059 1.66988599 1.47308755 1.31905854 1.62956226 1.56144166
    1.5057652 1.34982848 1.75106132 1.19998753 1.81524146 1.98639286
    1.52751184 1.18713522 1.18303299 1.14563179 1.65083647 1.06072307
    1.53099072 1.84558749 1.79149997 1.67983556 1.99826169 2.01724815
    1.63296902 1.94311655 0.931957603 1.75589299 1.39920092 1.38708222
    1.2193886 1.16994822 1.85898423 1.56764817 1.39089513 1.67778778
    1.55674243 1.52821994 1.02786922 1.09509563 1.42302704 1.22615933
    0.803067565 1.57750142 1.61128795 1.19544744 1.92111397 1.87346733
    1.96938479 1.45248342 1.13316894 1.16325223 1.41499484 1.11360741
    0.957872152 1.14046443 1.88555372 2.05742168 1.3963294 1.40850282
    1.15910447 1.52615225 1.62654948 1.49455559 1.62670791 1.04295921
    0.810918152 1.06662667 0.922628641 1.47440255 1.82592654 1.36611402
    1.50986588 1.67051399 1.84352839 1.94238472 1.31938493 0.953318238
    1.15124345 1.00417328 1.39571834 1.36954403 1.96944368 1.40796292
    1.08767486 1.41869926 1.34221721 1.48238361 1.46622789 1.83455539
    1.29620433 1.93443012 1.03767788 1.81231451 1.49177897 1.4972595
    1.46574557 1.85418844 1.34127152 1.58772767 1.0545193 1.10590744
    1.78242242 1.01337099 1.73713064 1.31556022 1.16745162 1.71491432
    1.86777818 1.55436349 1.38329911 1.25995088 1.22812998 0.986355305
    1.29491544 1.42929685 0.742584646 1.02845716 1.47431386 1.5057987
    0.942075908 1.56603777 1.57580972 1.55924165 1.74062073 1.50545788
    1.93598354 1.90183866 1.4344058 1.69217515 1.78387856 1.22647047
    1.03965271 1.61471641 1.53551137 1.14965224 1.06686294 1.24957168
    1.33539152 1.82309961 1.27123845 1.03903985 0.930517912 1.51056457
    1.66097438 1.01186216 0.90766418 0.877016604 1.29659212 1.7122885
    1.67130542 1.21066582 1.90504813 1.35678697 1.71767044 1.3681829
    1.93323457 1.69870734 1.8809768 1.14954269 1.83272195 1.54664886
    2.02523398 1.98547101 2.1354816 2.13198566 1.3781023 1.493469
    1.62314594 1.63683987 1.02537715 1.73056781 1.40319884 0.866508245
    1.40209746 1.69739878 1.31955457 1.64703 0.900453985 1.50448322
    1.11236298 1.56881869 1.43782735 1.39565074 1.2774384 1.67226255
    1.2371031 1.1216141 1.01828277 0.98424685 1.3115257 1.35632586
    1.20801449 0.849359274 1.03644812 1.04696238 1.20601749 0.951666296
    1.68154156 1.77635682 1.78117359 1.65663028 1.82654786 1.4425174
    1.98849404 1.86925638 1.79155993 1.98099601 1.65998888 1.78571439
    1.68866122 1.75698102 1.44369352 1.4461602 1.38492239 1.06368935
    1.10584676 1.31789398 1.84235108 1.72984159 1.7958889 1.65851414
    1.27354825 1.67903745 0.764910281 1.55651844 0.876592338 1.25637937
    1.07276213 1.55563581 1.29418802 1.23264241 1.21778047 0.893739998
    1.66272461 1.06636071 1.42418969 1.11080551 1.97935593 1.21391177
    1.32653844 1.27148139 2.04286242 1.51123941 1.91308606 1.19375634
    1.42066979 1.12071466 1.11974263 0.967303753 0.925743401 1.76308835
    2.04640079 1.35001075 2.05286717 1.69258618 1.64886856 1.52445579
    1.7524296 2.02163744 1.88859582 1.49326265 1.56814075 1.10204017
    1.96651053 1.09325242 1.45373857 1.59833646 1.20510232 1.45221198
    0.634457469 1.34486127 1.23592186 1.84574938 1.52417064 1.09035492
    1.1721437 1.82019258 1.23164773 1.86340141 1.6222049 1.40190923
    1.17415309 1.156515 1.58357847 1.4187634 1.30820656 1.61227596
    1.08208382 1.41059589 1.87386906 1.24573612 1.43473005 1.13115835
    0.924134314 0.972821057 0.725486457 1.28051388 1.30549192 1.16486228
    0.992243469 1.69024646 1.32438993 2.09016824 1.53823662 2.01538229
    1.77884114 1.67318797 1.54555428 1.07403207 0.917502105 1.48551941
    1.45423269 2.03131437 1.93692982 1.63920426 1.61603034 1.43003893
    1.66909337 1.5546422 1.31646585 0.768919408 1.38695931 1.00348306
    1.07905698 0.956908822 1.05947018 2.00255728 1.91357291 2.02885938
    1.2686379 1.66550255 1.51473808 0.794244647 1.33804047 1.04282391
    1.67707276 0.94908005 1.15263772 1.52903831 1.35619318 1.73152375
    1.02474821 1.53364468 1.30703354 1.40936387 1.00102997 1.81005824
    1.59710431 2.04757762 1.86066818 1.95580399 1.88799441 1.80175233
    1.28143167 1.76025403 1.28034568 1.59521008 1.43211365 1.86840618
    1.04602396 1.70015252 1.0636245 1.31040144 1.29066074 1.63911438
    1.67483139 1.05641711 1.31322265 1.66946805 1.04676914 1.03580773
    0.808206856 1.64483666 0.765191197 0.957586884 1.78680754 1.0748868
    1.24309313 1.63408506 1.27064741 2.10373688 1.86308467 1.81064558
    1.4227128 1.62988317 0.998878658 1.69036448 1.65899062 1.83393824
    1.5114795 1.12987244 1.88721836 1.0333879 1.44480896 1.21645617
    1.09766853 1.69606805 1.78439713 1.93668365 1.48109138 1.54117882
    1.1425916 1.11464012 1.26116204 1.48640823 1.95412052 1.90006375
    1.43920529 1.46321011 1.64519525 1.31956303 1.65114415 1.23067999
    1.15870249 1.98759329 1.17889249 1.5115217 1.19595242 1.61996782
    2.05631304 2.04929376 1.78812873 1.38908148 1.19208312 1.31483376
    1.19386601 1.3759613 1.1576252 1.5319612 1.08688724 1.63895082
    1.22966945 1.52888441 1.00595391 1.36645484 1.48721564 0.883004129
    1.56140482 1.3039459 1.7813077 1.57905722 1.84296834 1.19446659
    1.83466089 1.06045365 1.233922 0.933922648 1.69711256 1.54858434
    1.31072783 1.21983218 1.27372253 1.07542408 1.08446288 1.30072463
    1.87244284 1.36439323 2.01738834 1.69269013 1.90698624 1.52803373
    1.90287256 1.83993113 1.18497181 1.43918324 1.27930903 1.2909354
    1.59870791 0.950190306 1.40526259 1.23520982 0.854404032 0.942890406
    1.59672821 1.12435687 1.15561366 1.0063647 1.0991714 1.27183044
    0.721116066 1.46437287 1.18090951 1.65782094 0.919418097 1.40670705
    1.90906811 1.76935112 1.58943367 1.38931787 1.1428231 0.87266165
    1.27513385 1.31347752 1.95423198 1.08679676 1.26788378 1.70763302
    1.00489736 1.81969166 1.82285154 1.90638638 1.05154264 1.05749702
    0.747925818 1.29845273 1.15718031 0.906416714 1.97437418 1.9983294
    1.78507984 1.83199453 1.70420504 2.00808525 2.02706695 1.42412698
    1.13512397 1.77337706 1.53324068 0.925931036 1.15264797 1.28146505
    1.89812768 1.30378783 1.09211528 1.52433217 0.884439051 1.39769566
    1.09501159 1.25623381 1.0185684 1.6900903 1.45665014 2.04945397
    1.84506989 2.00428343 1.44658697 1.63642132 1.72862685 1.9334029
    1.13786292 1.67448401 1.26629877 1.66404295 1.58372998 1.54764509
    1.88490009 1.74734771 1.38539839 1.4331032 1.38607299 1.30328703
    1.15312946 1.16650927 1.02818382 1.41059232 1.10386395 1.42754424
    1.97520697 1.34290504 1.82023025 1.64593852 1.27995551 1.70693374
    1.02896094 1.02775013 0.771272182 1.14942288 1.15133643 1.03615332
    1.56321776 1.40194035 1.5800215 1.53679836 1.98048031 1.67276096
    1.05789423 1.49935138 1.11272907 0.860094726 1.88042545 1.18760133
    2.01506329 1.57173467 1.93636727 2.0955584 1.38714921 1.13673973
    1.10557389 1.79124475 1.32297516 1.30852842 1.28685689 1.28051412
    1.87293112 1.32646346 1.11352348 1.43346858 1.08404398 1.95096338
    1.59540951 2.01885653 1.58201885 1.09382021 1.60392809 1.30853164
    1.34795833 1.86397243 1.34499705 1.86518002 1.55975389 1.31707406
    1.67859459 1.46337605 1.41583037 1.44464338 1.21495926 1.03710568
    1.79051483 1.10663152 0.969855845 0.915468991 1.52352953 1.8304857
    1.24551201 1.75331545 1.12211645 1.00200129 0.895645559 1.14492595
    0.880155325 1.77060401 1.55237031 1.40281808 1.740484 1.78818536
    1.43132377 1.7478981 1.82461739 1.40831637 1.73316598 1.71055782
    1.54444885 1.74030578 1.4304775 1.65358591 1.08999002 1.79728258
    1.90293765 1.64381862 1.91412497 1.63957047 1.37719309 1.56534171
    0.987003326 1.68479311 1.3012166 1.51446557 1.80277467 1.27387381
    1.88291216 1.13021743 1.47956967 1.26374173 1.69715548 1.29794765
    1.52616608 1.88826036 1.30393255 1.55302918 2.02283096 1.82285619
    1.46563816 2.0240202 2.05839276 2.01039577 1.20273292 1.74466133
    1.1597985 1.88326764 1.51225042 1.81801164 1.32181406 1.56946707
    1.07205856 0.926441491 1.27156448 1.22826982 0.946919203 1.48173237
    1.31592202 1.28789091 1.43253136 1.6114496 1.51548195 1.22437513
    1.59239042 1.54312611 1.29604554 1.33843875 1.50085175 1.80448115
    1.22978616 1.66967452 1.1662457 1.26350462 1.49383175 1.46956277
    1.33869779 1.10496819 1.56460965 1.44254923 1.53482795 1.47968054
    1.11395359 1.86710286 1.50333309 1.83045566 1.7688663 1.52056968
    1.655972 1.52954173 1.69554007 1.68390572 1.116781 1.762954
    1.41952991 1.09100592 1.29325366 1.07766593 1.33798969 1.49296093
    1.09327567 1.60098863 0.76748091 1.09010422 1.41929352 0.921357572
    0.751719236 1.2783916 1.27970505 1.10715497 1.87987673 1.9559164
    1.57082522 1.52191663 0.905350387 0.797378242 1.74197114 1.24281764
    1.84328568 1.71787977 2.09519196 1.66469693 1.41002083 1.08441472
    1.22367716 1.50260556 1.36699247 1.03435111 1.05619872 1.0204469
    1.63762569 1.08716357 1.64348245 1.98177528 1.84233022 1.64651167
    1.5681802 1.27303934 2.02451849 2.03482103 1.55297756 1.26345789
    0.968729019 1.8101939 1.9247818 1.06225491 1.77583444 1.13158739
    1.53699327 1.04153395 1.31181276 0.875738025 0.840385735 1.67641902
    1.05411673 1.88076997 1.48745382 1.74207962 1.51798594 1.71606445
    1.89651728 1.84937966 2.0354588 1.97983778 1.88324022 1.60909152
    1.58910823 1.74351335 1.43880415 1.10475898 1.01251531 1.83708
    1.27133775 1.42087173 1.12105691 1.19339359 1.29172659 0.856814563
    1.26406085 0.978337944 1.25218785 1.25051785 1.63082194 1.62534404
    1.89021075 1.90110743 1.67897987 1.4212513 1.59254968 1.00145257
    1.48516822 1.12024093 0.982359409 1.93837988 1.67264009 1.78755224
    1.24247181 0.980085731 1.10147071 1.22313392 1.56925106 1.50137269
    1.67580462 0.919798255 1.50778711 1.07909155 1.85138321 1.47294128
    1.86940253 1.62045908 1.38497961 1.66185272 0.975267529 1.24507427
    0.926953852 1.48815358 1.50870264 1.28910327 1.16717064 0.849480093
    1.44272256 1.22764146 1.91226351 1.40455925 1.34666371 1.28163695
    1.42266941 1.65734458 1.49103296 1.17944372 1.66228092 1.56004441
    1.45368135 1.88861144 2.06422949 2.04093981 1.83817756 1.35713124
    1.74744248 1.91490817 1.75341833 1.48154449 1.19231832 1.20089662
    1.6452626 1.52179515 0.949859023 1.37996387 1.45521533 1.36658895
    1.38098538 1.06120586 1.11199033 0.896178603 1.413077 0.96586287
    1.24206138 1.73781335 1.74373615 1.84641933 1.07270193 1.63914776
    1.61896825 1.52073395 1.01195896 1.37393367 0.956412613 1.70617938
    1.9337467 1.02886975 1.89685023 1.06260788 1.83733892 1.76950645
    1.31019557 1.44076514 1.41941452 1.74093592 1.47452283 1.48729634
    1.82423079 1.23035693 1.31785464 1.0421772 1.8590976 1.23627627
    1.84649432 0.948137641 1.028054 1.40279853 1.67275012 1.72239888
    1.46699023 0.951764703 1.81729865 1.63056636 1.42625284 1.60767496
    1.03910983 1.90039468 1.90255487 1.07976127 1.21748853 1.02338874
    1.15811789 1.90283906 1.74896538 1.01853466 1.11218441 1.57234478
    0.927275658 1.13162005 0.969624639 1.01132572 1.53463984 1.3770684
    1.16801071 1.17892015 1.81246507 1.49400187 1.24247468 1.38979423
    1.90395927 1.29312325 1.77370286 1.5885613 1.90826201 1.82433093
    1.36028636 1.96856797 1.23911667 0.914436102 1.22280765 0.950968146
    1.04206669 1.14242291 1.67794394 1.17130482 1.29698563 1.76176333
    0.909224987 1.21605957 1.67367375 1.96534908 1.31329715 1.7856313
    1.17389369 1.02335286 1.52222705 1.67564416 1.06502056 1.09008527
    1.05604243 1.0099448 1.11426115 1.77647471 1.28272974 1.393273
    1.02460349 1.1964432 0.97290808 1.19743776 1.77081752 0.938364863
    1.00706363 1.76536834 1.7707423 1.70871651 1.75097442 1.32470727
    1.68916154 1.44160187 1.22500575 1.35469913 1.9662652 1.44383502
    1.46021152 1.58153462 1.45308208 1.1188488 1.07856762 1.87426794
    1.63276315 1.48248971 1.13325715 0.831950843 0.905995488 1.1647507
    1.54254365 1.53012896 1.82719111 1.80916369 1.599527 1.53348851
    1.48194456 1.72280812 1.38226354 1.27908981 1.39887059 1.03880405
    2.05167651 1.25440478 1.20592535 1.30955029 1.51758552 1.21994805
    0.98055917 1.44598377 1.24169457 1.68925142 1.36170113 2.02507734
    1.60921121 1.25886655 1.32927418 1.82644773 1.85179794 1.52125549
    1.43767881 1.78168726 1.87065494 1.39994168 1.25498569 1.80508304
    1.44219697 1.4845469 1.00603402 1.33254361 1.90327406 1.7592603
    1.2713449 1.69780087 0.919800162 1.63090372 1.16167676 1.73412299
    0.987900794 1.31442595 1.570858 1.11458194 1.63899362 1.86013424
    1.71223724 0.950300038 1.76694381 0.854824185 1.07277083 0.998963594
    1.27415204 1.4781673 1.69680798 1.33080029 2.00012398 1.2606225
    1.77630985 1.65862274 2.03165889 1.39809346 1.91260147 1.78816676
    0.957168639 1.17502761 1.05744827 1.32290256 1.89496946 1.36551583
    1.48665476 1.47829795 1.71093965 1.45530498 1.16790771 1.16620004
    1.69852543 1.56868565 1.10883415 1.53314674 1.5629034 1.72898364
    1.73438227 1.72749376 1.66063118 1.58334303 1.71990252 1.80044603
    1.5798738 1.28664446 1.26143539 1.4012506 1.5463537 2.03653669
    1.48050559 1.92375755 1.21625519 1.1916101 1.59225345 1.27028978
    1.43746853 1.52936625 1.95511723 1.32633078 1.83914268 1.05837119
    1.05396211 1.31941938 1.03605199 1.69908369 1.56748664 0.922144175
    1.35623503 1.76983917 1.75488675 1.70670366 1.10269046 1.35277939
    1.33608735 1.4476887 1.28464866 0.910090923 0.862219572 1.12382698
    1.0694195 1.52514589 1.51918709 1.56615543 1.07849002 1.16452026
    1.41602361 1.82625937 1.90370214 1.26806998 1.67278993 1.98770988
    1.47865534 1.1592406 1.60637701 1.49055696 1.08153355 1.58610392
    1.35237014 1.92225611 1.44757318 1.08097029 1.38883412 0.984035373
    1.61751783 1.04328036 1.89299262 1.02843952 1.33294022 1.65961671
    1.1044966 1.49571669 2.07582068 1.79936934 1.57926166 1.55561435
    1.19601059 0.936819077 1.64565361 1.04380715 1.55439591 1.83349776
    1.58980095 1.9625088 1.61872375 1.10362303 0.824064672 1.18492031
    1.51831138 1.55897224 1.22770357 1.63754141 1.07641721 1.05841112
    1.33005261 0.889603734 1.60759139 0.840347826 1.68847692 1.67188847
    1.53422046 1.69942963 1.11530733 1.80975783 1.28875446 1.1285044
    1.27299631 1.06946826 0.959332883 1.12765849 0.991612554 1.06168199
    1.48022819 1.64198565 0.856027961 0.909166813 1.46426415 0.902796507
    1.03465748 1.49970376 1.87364125 1.61761343 1.283952 1.60447145
    1.61340022 1.29316318 0.972103238 1.26666176 1.08033395 1.41660929
    1.36842501 1.39008176 1.63961363 1.00679708 1.45420444 1.24913776
    1.00216424 1.30178201 1.49704337 0.98951596 1.54901421 1.31984234
    1.0411129 1.55501437 1.81683719 0.981187582 1.22484589 1.06110239
    1.44246173 1.80115831 1.29683304 2.09592819 2.01753068 1.87249625
    1.86582136 1.73668277 1.64879167 1.61748469 1.66205001 1.68696535
    1.52539384 1.53708744 1.61442864 1.97201085 1.58585286 1.64660907
    1.37491655 1.18099046 1.06080925 1.8952893 1.81140566 1.70029283
    1.36579657 1.23349917 1.81990528 1.60532522 1.23654926 2.05205631
    1.87966108 1.02517283 1.13162684 0.903788745 1.34698009 1.23493695
    1.03626406 1.43852603 1.06137729 1.16819549 1.95175052 1.33981836
    1.92724371 1.13187587 1.92501807 2.08596706 2.12344646 1.25244284
    1.54798305 1.55098081 1.11708355 1.74016285 1.19590759 1.31065154
    1.59357226 1.35386348 1.23742127 1.0106132 1.21202695 1.06908298
    1.50999892 1.37914908 0.933740497 1.84759748 1.32507408 1.26430333
    1.63044691 1.48210227 1.37757814 1.14645159 1.13153982 1.39978707
    1.2642355 1.41608858 1.2194699 1.80011892 1.67918515 1.75089216
    1.9188894 1.34411013 1.30065882 1.16195452 1.62490475 1.0818553
    1.93014812 1.69900286 1.03351808 1.07527494 0.957492352 1.34820914
    1.01276159 1.1300503 1.56532836 1.38475633 1.04991996 1.24971938
    0.954603136 1.02387357 1.4912889 1.57422614 1.49884295 0.859359264
    1.35437 1.19412661 1.62215936 1.12591386 1.40104353 1.41258371
    1.55646229 1.70570755 1.88782966 1.11446321 1.22305596 1.53881693
    1.51734245 0.976223528 1.24627149 1.95000958 1.6813916 1.29684448
    1.70824146 1.10953939 1.47817338 1.58026779 1.88245225 1.08106375
    1.43457854 1.92629468 1.74282122 1.38085103 1.54563963 1.09408927
    1.83514726 1.88546622 1.39751542 1.8816216 1.24438655 1.27854717
    1.72139633 1.33328295 1.15920222 1.82437825 1.49497747 1.3790704
    1.75809193 1.01696622 1.56116033 1.54447949 1.07402444 1.73628592
    1.59186769 1.33549035 1.69868481 1.90855312 1.87839699 1.16187048
    1.58997285 1.70294285 1.03808022 1.94676113 1.42096567 1.93260443
    1.26043296 1.73525739 1.79702902 1.60462928 1.42554379 1.90093744
    1.46329606 1.23642707 1.31611729 1.4647125 1.16971362 1.61149645
    1.59603393 1.38902867 1.83198631 1.04517031 1.0530144 1.03186297
    1.87711561 1.62963128 1.83078408 0.984560788 1.03203416 1.3753885
    0.926917255 1.31399453 1.60650826 1.02009785 1.1344707 1.63989067
    0.985664129 1.3200413 1.14423084 1.65906012 1.24704421 1.82279575
    1.20735312 1.4571501 1.71347284 0.950300574 1.21186244 1.16478789
    1.65261352 0.942649961 1.16848838 1.48464012 1.56582773 1.48235488
    1.64867699 1.51255167 1.67003286 1.2407006 1.3532505 1.3707068
    1.46115637 1.62102652 0.966836035 1.60416234 1.80969834 1.42160296
    1.19722176 0.968816519 0.89464128 1.26190376 1.31865466 1.45824289
    1.51067317 1.87194145 1.77960289 1.5757364 1.6142056 1.04712582
    1.16381407 0.908420801 0.837795317 1.31494117 1.61625504 1.16135049
    1.71970952 1.85115767 1.50394547 1.61149478 1.71655834 1.11451972
    1.71672845 1.52313244 1.15294683 0.853414834 1.04887557 1.37287486
    1.73290181 1.18511879 1.75769126 1.68704224 1.21551931 1.74168527
    1.17664421 1.29194033 1.83238006 1.26010168 1.88392746 1.80384278
    1.39651322 1.37384057 1.65734732 1.56255352 1.36755228 1.87170649
    1.15006423 1.67919719 1.52026594 0.903202593 0.875494003 1.31145906
    1.45775425 1.56492329 1.06945717 1.75777292 1.39475918 1.50855196
    1.79578829 1.88954735 2.00890017 1.99238002 1.36151826 1.54820216
    1.72211552 1.56536043 1.19556034 1.53957641 1.501773 1.86134219
    1.80529916 1.16111398 1.48691738 1.69660342 1.74691093 1.3050245
    1.46763015 1.23356128 1.42738414 1.38243222 1.38046575 1.29036045
    1.94220746 1.98409534 1.87966812 1.46823072 1.27952886 1.06864321
    1.56184399 1.30631196 1.63720906 1.86706173 1.7176311 1.16924942
    1.15645814 1.85091102 1.47524333 1.82170177 1.13981259 1.30888677
    1.66394019 1.65332341 1.20701647 1.73991024 1.03621697 1.59487391
    1.81583655 1.79217851 1.69820142 1.29859614 1.67581964 1.30372024
    1.63419676 1.45610118 1.74823225 1.53813553 1.73378551 1.52385807
    1.58814335 1.1263293 1.19484651 0.637278616 0.936116993 0.822026432
    1.78488147 1.34184277 1.48442233 1.6260314 1.70942569 1.64474475
    2.02233958 1.36824429 1.71964967 1.61393785 1.28154945 1.53498709
    1.63129628 1.04711044 1.37825584 1.81171346 1.90100276 1.57747245
    1.77073646 1.4169271 1.53777242 1.33017087 1.73236847 1.52811408
    1.33812773 1.23551917 1.95328379 1.70541573 1.70013165 1.09606469
    1.81984699 1.6200031 1.34023178 1.14152598 1.3678633 1.96566236
    2.1169436 1.93502486 1.72124195 1.9728812 1.63898301 1.32235157
    1.00235307 1.49703658 1.35957456 2.07885766 1.57703733 1.77715003
    1.66193891 1.03020239 1.12779009 1.13684571 1.25230539 0.901495457
    1.05126238 1.34115779 1.52774405 1.40098691 1.82772374 1.55188239
    1.24222076 1.48342848 1.54408336 1.75915217 1.60802603 1.08287108
    1.67330933 1.24896717 1.12004459 1.8786155 1.62106919 1.27800083
    1.28674674 1.56751037 1.07423723 1.1609925 1.80508661 1.53528428
    1.68498325 0.944063842 1.69223464 1.43327534 1.27264786 1.46598995
    1.75549769 0.896080196 1.28610098 1.10086465 2.0381012 1.803725
    1.57642198 1.34541094 1.19604063 1.14179575 1.7446171 1.54064214
    1.41835976 1.54057658 1.89730847 1.85767877 1.62264514 1.65808225
    1.08630669 1.00767803 1.44937646 1.41391218 1.49756134 1.59158957
    1.27530301 1.60663402 1.0779947 0.853881478 1.28111482 1.57531142
    1.33493316 1.34995472 1.87646008 1.82120645 1.19456816 1.07647312
    1.13637781 1.24258184 0.950203836 1.17604995 1.07201147 1.04563975
    1.90972483 1.48094034 0.947256505 1.12254393 1.61687291 1.05683362
    0.829272866 1.67967606 1.62683558 1.02520418 1.5938859 1.39733267
    1.95929253 1.29963529 1.63283455 1.1862458 1.51822031 1.35722828
    1.60845423 1.24259543 1.11222363 1.05254459 1.81157374 1.17741179
    1.4260962 0.97505337 1.32754242 1.31750154 0.787938714 0.964169204
    1.12103403 1.04783797 1.10775709 1.23111558 1.40892148 1.20859158
    0.936210036 1.35982072 1.04726326 1.83966208 1.20100391 1.59736443
    1.88867855 1.23282468 1.22147417 1.01860738 1.40984201 1.85444164
    1.79135633 2.09057379 2.02817798 2.1282711 1.51665497 1.85156465
    1.52711582 0.976752937 0.917059183 0.793081701 1.33515453 1.06467271
    0.934412241 1.16807163 1.65573382 1.28477275 1.22151625 1.18756282
    2.01314807 1.8876009 1.62443721 1.6849792 1.96870577 0.894593418
    1.55396545 1.58385754 1.20893502 1.24471354 1.49459815 0.891043365
    0.984119356 1.21959186 1.93124676 2.0034833 1.7939266 1.94513714
    1.16774142 1.23425043 1.40584445 1.0692178 1.11248934 1.80222154
    1.76907718 1.76434374 1.72457564 1.64449978 1.43809175 1.52956367
    1.713938 1.3402226 1.24337494 1.39385307 1.73124897 1.87063682
    1.38718605 1.23170757 0.958474576 1.04872704 1.02568913 1.19352984
    1.78354132 1.0094229 1.8609432 1.73664796 1.73681343 1.52323449
    1.78502679 1.72352028 1.13029838 1.4475857 1.25346041 1.6264919
    1.0752089 1.87366402 1.61534226 0.973777175 1.74874473 1.07166052
    0.961895585 0.926929832 1.25588238 1.34508491 1.6252805 1.89336741
    1.3613354 1.14457798 1.51724911 1.8654151 1.98258936 1.50880921
    1.94445872 1.00288975 1.09129047 1.07022738 1.03596044 1.17640805
    1.325073 0.857930958 1.12393117 1.7879312 1.49816 1.06043494
    0.961551309 0.830251098 1.46168923 1.5975883 1.48158038 1.28338838
    1.37028611 1.18154645 1.74256313 1.6996007 1.36553848 0.882677734
    1.4087981 1.5928781 1.62540126 1.75665855 1.15734386 1.75356054
    1.79948592 1.55420494 1.83882403 1.54125977 1.104123 1.63702118
    1.29768074 1.04009819 1.22446525 1.34332919 1.21620774 1.40272653
    1.15476477 1.25313997 1.07531512 1.50363874 1.51161873 1.84707975
    1.66573274 1.74740005 1.6631912 1.54087889 2.03058052 1.51141465
    1.90753496 1.29551947 1.48659039 1.16581607 1.65843952 1.73281848
    1.47626972 1.80229163 1.31336701 1.03264129 1.68938065 1.35713375
    1.92058635 1.63882351 2.04897547 1.81506085 1.5277164 1.05053675
    1.34955192 1.36592174 1.25055766 1.95780122 1.90217352 1.19863391
    1.17991495 1.44967055 1.93136537 1.6088804 1.87671244 0.973288834
    0.911104023 1.48522997 0.95329082 1.0070926 1.26174164 1.24875331
    1.2975682 1.09796023 1.48735034 1.24320221 1.10422802 1.09539497
    1.5281812 1.66162825 1.86011469 2.04070663 1.42997932 1.52518976
    0.941702664 1.48342586 1.64972353 1.24836719 1.10251212 1.4899509
    1.67795849 1.48835993 1.27211201 1.29874563 1.56253731 1.25832212
    0.98269403 0.809723198 1.52203274 0.980944276 1.59084511 1.45985985
    1.62702048 1.7803098 1.14418864 1.81424332 1.55860722 1.12695861
    1.22185922 1.80027926 1.78107965 1.20997 1.16918278 1.67679214
    1.27464926 1.41345823 1.31756938 1.22577381 1.23533404 1.18828166
    1.06101382 1.96922684 1.23074484 1.15395951 1.65941858 1.04420578
    0.907570124 1.30433679 0.821967483 1.51648569 0.888102829
    0.862973392 1.73836446 1.49226809 1.47593212 1.39476454 1.9211657
    0.990160763 1.52834582 1.30958176 1.85634732 1.25670671 1.69626331
    1.77693868 1.3868798 1.77290201 1.32331407 1.56146538 1.31209791
    1.65943515 1.71889138 1.39326668 1.00713551 1.34024405 0.943885803
    1.1484381 0.941609621 1.62887967 1.08975863 0.923151195 1.41859329
    0.887742698 1.66994894 1.41743433 1.93556321 1.17758405 1.47669291
    1.88978589 1.69696045 1.90460145 1.80930519 1.42027557 1.59943688
    1.05899966 1.64487553 1.19940472 1.33721161 1.17240751 1.55341733
    1.04535663 1.69306457 1.65951478 1.50526488 1.8249886 1.44096839
    1.61653495 1.51658404 1.79665434 1.62870765 1.36435819 2.01457
    1.98123848 1.70700431 1.17246389 0.979818285 1.0299598 1.48857486
    1.94242918 1.31519008 1.87101841 1.07761419 1.74317527 1.0250206
    1.01836073 0.890341282 0.91544342 1.76483357 1.69891655 1.51546764
    1.05556464 1.66300738 1.84402549 1.29894423 1.96578252 1.42107153
    2.10392594 2.07480502 1.45606649 1.46075714 1.73493409 1.56119013
    1.71673965 1.63153887 1.78728485 1.71700525 1.03282166 0.744928956
    0.708086669 0.889451444 1.13155317 1.71298301 1.09812546 1.91318798
    2.0694294 2.17473984 1.74737704 2.19080472 1.80204415 1.15158737
    1.53019834 1.50617778 1.893013 1.66995895 1.2264024 0.915017843
    1.1563704 1.27618682 1.76737773 1.34490764 1.16052973 1.18772972
    1.31107521 1.45449531 1.26210237 1.2272687 1.82867563 1.53332829
    1.61607695 2.00107932 1.4620626 1.64901149 0.986994684 1.40594602
    1.20527363 1.74087703 0.987760961 1.20048308 1.76446009 2.02095866
    1.5511657 1.58333373 1.84966922 1.10610509 1.42875218 0.939625204
    1.3021332 1.7859832 1.64037502 1.57971096 0.893786848 1.66652787
    0.857874155 1.14942312 1.53576505 1.86117423 0.987105787 1.12970471
    1.0060873 1.08648288 1.8241142 1.5067513 1.36819959 1.79293668
    1.53356767 1.30363619 1.88596976 1.19656527 1.60387027 1.35714293
    1.04976881 1.30804741 1.85541308 1.10338569 1.39297986 2.03670311
    1.2455101 1.40859103 1.59787917 1.85553873 1.12548649 1.15840685
    0.871980429 1.74852931 1.81268239 1.21407247 1.8306545 1.76337254
    1.22954237 1.06154728 1.54686975 1.97838318 1.68818259 1.45572948
    0.992550731 0.954607189 1.34190714 1.94716775 1.3150177 1.45685494
    1.04606926 1.83877873 1.04930997 1.02140844 1.44733036 1.09394157
    1.90706086 1.84285963 1.51641798 1.25141168 1.81744611 1.48113847
    1.37518406 1.43737137 1.71883583 1.78455818 1.94968283 1.81500804
    1.47951293 1.57758164 1.48849404 0.936184168 1.09099591 0.859960496
    0.764049411 1.16770566 1.09540164 1.0850209 1.6637454 1.87042618
    1.72799718 1.40094364 1.79127598 1.84321153 1.94559479 1.54602516
    2.07776141 1.86209536 1.31172132 1.55834174 1.2106092 1.17600238
    1.59161305 1.90412986 1.46582735 1.32787347 1.52262557 0.884427071
    1.58441246 1.85702455 1.64589083 1.59139252 1.12488925 1.05816805
    0.75794816 1.24390829 0.769958913 0.84735781 1.53493786 1.44808221
    1.79199958 1.54152393 1.46563911 1.33765852 1.86581659 1.53452528
    1.70261025 1.67455995 1.2080996 0.985323131 1.13840759 1.9460032
    1.26001298 1.97796047 1.12436008 1.91655588 2.00113273 1.49556136
    1.6299336 1.53763354 1.31265509 1.67313671 1.90211582 1.2491293
    1.77140152 1.41806614 0.984775007 1.27757788 0.949772835 0.966936827
    0.79479003 1.22456503 1.51674485 1.05018222 1.5047909 1.47510719
    1.59255445 1.16599548 1.20458961 1.50059915 1.52704644 0.843946576
    1.5811975 1.75880778 1.08443558 1.04708838 1.394943 1.32078838
    1.65452623 1.61450291 1.45883226 1.51532292 2.05048132 1.73277724
    2.00055051 1.21814442 1.2159667 1.14973438 1.23794472 1.56022692
    1.28806949 1.91028368 1.66040754 1.51273036 1.87305391 0.945333064
    1.4504739 1.47623134 1.05321825 1.16900349 1.11943388 1.23404145
    0.969348907 1.40430725 1.09006858 1.54145241 1.11283147 1.86158514
    0.886899054 1.24320626 1.12668276 1.65080476 1.9264648 1.77983069
    1.98160982 1.77280271 1.44627154 1.15570331 1.39576483 0.99191016
    1.83291721 0.959579945 1.1461941 0.996929348 1.07811475 1.2178371
    1.47066772 1.04958522 1.07874537 1.85299945 1.58674967 1.54267371
    1.79280877 1.58848977 1.39656758 1.53747952 1.97971606 1.91890895
    1.59806168 1.31176353 1.25035703 1.09210491 1.11155689 0.988687217
    1.66639483 1.1428256 0.870423019 0.897705555 1.39003265 1.5418452
    1.13776255 1.70775259 1.68320131 1.85772491 1.72129524 1.02535665
    1.20272112 1.7356714 1.00827682 0.996289015 1.35837018 1.42430091
    1.21128774 1.13467348 1.18456447 1.85031533 1.44696069 1.46026671
    1.24432647 1.13683116 0.842395604 0.835186541 0.889944375 1.31862366
    1.27738512 1.30946851 1.22523236 1.68032634 1.74431801 1.45960844
    1.10128593 1.20435321 1.4334358 1.52762234 1.45143116 1.52161157
    1.6746918 1.09654021 2.02459359 1.37521839 1.78721285 1.77109516
    1.29503822 1.45765495 1.21412575 1.81889999 1.24950171 0.966947615
    1.36777878 2.02379298 2.01468396 2.02626514 1.59972119 1.5040797
    1.04637539 1.87001014 1.45493317 0.853176892 1.09185445 1.77290356
    1.09028327 1.56753325 1.42744935 1.23008597 0.848961473 1.59863806
    1.86289907 1.00513864 1.86585903 1.00542057 0.914342225 1.7436837
    1.53624427 1.8848666 1.64947224 1.4838661 1.46696103 0.989618003
    1.11657751 1.67839301 1.68450701 1.72830164 1.94563758 1.86638772
    1.8166275 1.61172688 1.04114199 0.987919867 0.92641288 1.90889788
    1.2889483 2.04860544 1.61818624 1.14125586 1.22303724 1.1127578
    1.6914947 1.89862251 1.63742602 0.999784112 1.38917542 1.58717108
    1.61265481 1.06795454 1.6202693 1.66674685 1.66438079 2.12149119
    2.12360191 1.20075524 2.13488746 1.2954936 1.80477452 1.77937686
    1.50642955 1.76705241 0.933188081 1.91562629 1.71249855 1.13011348
    1.12236655 1.00017643 1.46794677 0.984547555 1.30188251 1.72291911
    1.79538167 1.09823298 1.4478085 1.57650876 1.33773887 0.920298219
    0.980157554 1.5017153 1.14164627 1.33465004 1.2384907 1.91119695
    1.11453736 1.91158617 1.32196951 1.48819828 1.09498668 1.51136267
    1.07563829 1.09019721 1.33722389 1.65987861 1.99999309 1.7920903
    1.88590455 1.75249326 1.18891203 1.26663435 1.28529024 1.41821575
    1.02639914 1.23575926 1.13349795 1.92336619 1.3319087 1.50783944
    1.18615103 0.858771086 1.05958557 1.37684345 0.968477547 1.76056194
    1.21455991 1.65859973 1.93467951 1.18821466 1.14381087 1.84495461
    1.94368768 1.5812397 1.39699113 1.48066747 1.7770822 1.01577365
    0.984926879 1.35660744 0.793688953 1.11416364 1.60881627 1.47201419
    1.80067229 1.92969155 2.08695245 1.60032582 1.46864498 1.36191058
    1.82545638 1.71081305 1.89479458 1.42695761 1.37114322 1.21886039
    1.5480082 0.950428188 1.62044036 1.64820766 1.15793383 1.51463044
    0.968446434 1.08879161 0.739415526 1.28749979 1.04541385 1.64269686
    0.834374011 1.92995 1.08313608 1.56071091 1.0432694 1.91743088
    1.61841691 1.9862107 1.47477174 1.82438123 1.83423698 1.17863142
    1.16393745 1.53118217 1.15704465 1.50390625 1.50451314 1.40109587
    1.24594963 1.05763972 1.21299052 1.50121653 0.902109802 1.64601779
    1.91371906 1.24207723 1.20249224 2.04946184 2.04079771 1.06588805
    1.53657091 1.48849988 1.88441181 1.821841 1.83932126 1.1371572
    1.83829808 1.80304933 1.51363921 1.33716488 1.50052619 1.08921862
    1.10459769 1.47832215 0.963571072 1.48905873 1.21005142 1.92471457
    1.3557055 1.52775323 1.60665548 1.66344261 1.23010969 1.37604868
    1.59919214 0.898927212 0.864751458 1.04481328 0.971938968 1.43200731
    1.0577879 1.82312155 1.49907362 1.50648952 1.64161956 1.0579133
    1.03528523 1.57554173 0.813667834 1.53927255 1.1504854 1.68570411
    1.53763068 1.47044396 1.15812802 1.66911924 1.53100705 1.25030005
    1.52613878 1.49964356 1.38720703 1.77566862 1.22728109 1.21283948
    1.07593238 1.55498374 1.13147819 1.72700834 1.46657217 1.61577511
    0.883966267 1.55626214 1.15208519 1.80057013 1.42530704 1.55620742
    1.27056575 1.76271987 2.00455022 2.07772541 1.71246231 1.35646152
    1.16961706 1.4858892 1.48299253 1.5936172 1.6547066 1.4964664
    1.10181749 1.5785439 0.895295084 0.915076196 1.33866012 1.74436128
    1.58669209 1.08411288 1.15300834 1.49002981 1.48780775 1.74945045
    1.2790724 1.27766347 0.99188745 1.14397454 1.04755974 1.60969961
    0.975275517 1.39079726 1.90741491 1.328583 1.19646096 1.90153384
    1.28997481 1.62613082 1.64246881 1.26800823 1.73738658 2.0860486
    1.21873975 1.64235568 1.83685565 1.8457315 1.84670782 1.93097055
    1.30605483 1.84086132 1.68730652 1.00030875 0.924685299 0.893763483
    1.27155256 1.86228693 1.92480063 1.50279725 1.68917561 1.4284066
    1.667014 2.02675653 1.97277355 1.94218135 1.22418427 1.18759179
    1.44253969 1.59890234 0.973521352 1.48779607 1.38234746 1.04831529
    0.924535215 1.61177862 1.17610431 0.98000139 1.71238267 1.01473117
    1.04721808 1.37611055 1.49237227 1.38638222 1.06808174 1.48406625
    1.59436452 1.17033505 1.61872792 1.68003559 1.83372855 1.48576307
    1.23718667 1.59967458 1.49331641 1.59458137 1.40767789 0.876745343
    1.54319608 1.38049245 1.8847791 1.75809193 1.99801815 1.26720047
    1.90436065 1.04057026 1.64947963 1.09967852 1.77837217 1.6142261
    1.80640292 1.84149456 1.50800276 1.31230545 1.00833786 1.65626943
    1.45032167 1.1119647 1.21231461 1.10465157 1.98509884 1.87909973
    1.37688851 1.24196827 1.61895001 1.99400115 1.77149725 0.776461184
    0.744616151 1.08042657 1.37207389 1.51761413 1.17630351 1.05806446
    1.37229729 0.946209073 1.66169596 1.28923631 1.59180379 1.18377995
    1.93122816 1.32751691 1.94721663 1.63586831 1.51502705 1.14485264
    1.86499691 1.85831344 2.04566336 1.05181229 1.71271396 1.15817285
    0.887066126 0.968614638 1.66089952 1.17942882 1.11467755 1.74349523
    1.38438427 1.39858592 0.707556129 1.23650944 0.850025475 1.47802937
    0.93823421 1.21104336 1.87654793 1.49476874 1.35127044 1.34587049
    1.14293611 1.08951044 1.47076559 0.919959486 1.80030632 0.88403523
    1.04156113 1.25950789 1.59280026 1.48121977 0.839578807 0.866532266
    1.54312456 1.4345094 1.38281345 1.32786989 1.21909988 1.68066168
    1.82749307 1.26800227 1.40450478 1.06234825 1.53644598 1.12202895
    1.41733217 1.11364174 2.05529881 2.03305554 1.89805055 1.07524228
    1.27251923 1.67070246 1.66054094 1.22728372 1.06321502 0.976322293
    1.2139312 1.41799748 0.972059369 0.950188637 1.74662399 1.34590673
    1.19649744 1.71219885 1.33082283 1.79057658 1.51370466 1.60312676
    0.772850394 1.16173685 1.33502102 1.66301179 1.23178422 1.86485755
    1.03023183 1.34060609 1.65551651 0.963828087 0.959737241 1.4876318
    1.14157593 1.40584278 1.42713141 1.51815557 1.33560908 1.68644011
    1.86257207 1.19358468 1.73737323 2.04355669 1.99058783 1.90319991
    1.73034322 1.21575773 1.58980942 1.43044114 1.37822604 1.70809031
    1.85180926 1.87108052 1.08078682 0.996181786 1.58186352 1.21627259
    1.31613326 1.36854494 1.66313279 1.3026495 1.42990839 2.11999536
    1.40383208 2.03336787 1.88385296 1.11002374 1.57316923 0.825669765
    1.32357287 1.03176773 1.2468487 1.52914548 0.92344892 0.825223207
    0.743228555 0.847967982 1.09290409 1.51834977 1.60705817 1.07122517
    1.60126376 1.30116296 1.61883259 1.30135441 1.53261399 1.04602551
    0.917274237 0.903468549 0.81119293 1.31528914 1.57408988 1.80888867
    1.18086171 2.01015043 1.87635434 1.40001357 0.977438688 1.23654139
    1.11299694 1.90482283 1.21441686 1.80722797 1.55207479 1.55541992
    1.11369359 1.47105801 1.98840022 1.31796622 1.93588185 1.81468189
    1.67453516 1.85512805 1.24493551 1.47167778 1.01778674 1.53550267
    1.85522974 1.93312085 1.54421365 1.43597591 1.87993944 1.54354954
    1.45272529 1.58110261 1.67592037 1.77979982 0.91043359 1.58841622
    1.57600617 1.62823164 1.13103604 1.07062769 0.987010539 1.32910883
    0.860602021 1.17213261 1.45236886 1.62593532 1.5826745 1.54133546
    1.62716901 1.31278062 1.65947139 1.09562624 0.98864913 1.17447031
    0.945586443 1.40788484 0.925003469 1.311445 1.28198183 1.33318663
    1.47618103 1.36469984 1.22726309 0.97240448 1.32335246 1.33157003
    2.02607322 1.34716237 1.83473969 1.75647271 1.78324211 1.02159393
    1.58327377 1.50050473 1.05583668 1.09146953 1.5936625 1.19187653
    1.51100695 1.12605011 1.00872755 1.00630403 1.50360072 1.54979968
    1.67515266 1.13774335 1.69986212 1.77708411 1.76077676 1.88017404
    1.79484355 2.00319386 1.8804915 1.4172616 1.12867296 1.32364738
    1.02058637 1.62948799 1.07343948 1.35107625 0.836395621 0.894938886
    1.06266212 1.61172783 1.90666854 1.86464131 1.10161388 1.77457392
    1.49111927 1.72943997 1.39904952 1.27490211 1.26265943 1.41819501
    1.91357684 1.44116795 1.12298179 1.23742843 1.21659243 1.09816444
    1.11484659 1.05500507 1.83032036 0.880834639 1.11592937 0.950727761
    1.15012884 1.18142259 1.0376941 1.703771 1.69135547 1.97599196
    1.61547065 1.91367674 1.56136775 1.04991186 1.08926523 0.937487423
    1.32618916 1.02009988 1.77287531 1.01729 1.63726616 1.79026127
    1.08586729 0.845029593 1.63196206 1.218593 1.84263134 1.57728648
    1.63412499 2.05862689 1.2298708 1.4688983 1.50656116 1.7778132
    0.99173075 1.83474982 0.923081279 1.21507096 1.78610897 1.16395676
    1.82156014 2.00556135 2.03044415 1.87367034 1.97486329 1.04861319
    1.67827451 1.13841915 1.82325959 1.42006612 1.63773739 1.70746219
    1.00425291 1.36245251 1.09908485 1.88342667 1.75033689 1.71761262
    1.25296021 1.36883557 0.921576202 1.40725851 1.32576966 1.27911055
    1.73064017 1.34088874 1.13868999 1.94906116 1.28703773 1.84513187
    1.20810044 1.75278604 1.02681541 1.3601774 1.1391418 1.49676836
    1.0167892 1.84260058 1.70612657 1.09664357 1.4651835 1.01575458
    1.27061415 1.99951982 2.15948582 2.14312768 1.1633637 1.54452467
    1.0381043 1.26182747 1.72307467 1.02418292 0.959426165 1.70691979
    1.21925294 1.8727622 1.04251218 0.932974696 1.53545368 1.15276396
    1.14601028 1.51575601 1.3399936 2.07561111 1.41217709 2.12377787
    2.03098083 1.20776665 1.1843245 1.67234814 1.68232179 1.60166013
    1.77588868 1.27110994 1.27473891 1.50659657 1.48583531 0.997824371
    0.82866323 1.37773943 1.16698718 1.10813081 1.29378057 1.44982445
    0.997507513 1.16392684 1.75462472 1.76344121 1.24745572 1.26160038
    0.950917304 1.58330488 1.31026459 1.79261661 0.967639029 1.17968845
    1.63489914 1.47003984 1.81266928 1.15194094 1.88547504 1.24826241
    1.75578356 1.83563411 1.34041476 1.20808399 1.77305341 1.06689692
    1.67455673 1.46026123 2.02623725 2.06895185 1.6224314 1.38282549
    0.801256716 1.04295743 1.78284335 1.09371281 1.83273482 1.77478921
    1.20227849 1.0083375 1.63664258 1.30183387 1.74695134 0.972305
    1.21757674 0.875759244 1.17234957 1.32416344 1.53683186 1.07059908
    1.33911157 0.888387799 1.04892993 1.00493598 1.65031374 1.2831825
    0.958115697 1.02260435 1.02602553 1.85103381 1.28776467 1.27795172
    1.1926558 1.20070291 1.68410408 1.49352384 1.54995191 1.46606231
    1.82166624 1.2743715 0.954180241 1.70196676 1.72540009 1.5800364
    1.55906427 1.46270299 1.14950919 1.20842326 2.00398207 1.89584386
    1.93583846 1.01939309 1.63635445 1.14113736 1.60619307 1.23911548
    1.23036408 1.2492913 1.19565344 1.3213352 1.33494055 1.06267369
    1.04277408 1.79718077 1.86223364 1.5169872 1.9298861 1.82921362
    1.388924 2.08311939 1.62421405 1.54752529 1.95081866 1.92603457
    1.7619158 1.07991385 1.03731155 1.28824973 1.11918175 1.0129118
    1.61727285 1.02828789 1.59951413 1.19909382 0.929938734 1.35765398
    1.00363982 1.31679761 1.38672066 1.12019134 1.04906869 1.82444489
    1.92241096 1.27063763 1.62893033 1.85191798 1.76980698 1.3413142
    1.70764565 1.28827095 1.33275795 1.63024175 1.22251749 1.1794703
    1.6328454 1.59482026 1.72395015 1.0012995 1.40986741 1.47612453
    1.19476557 1.02631319 1.66598058 1.65260875 1.64972961 1.44166839
    1.89992833 1.27033997 1.13419795 1.37560952 0.808287978 1.47326732
    1.28714013 0.976219416 1.51776791 1.51704001 1.22334409 0.955519557
    1.29670298 1.50108933 1.57798743 1.89415407 1.75181174 1.97776449
    1.42546666 1.75082719 1.30037975 1.52305079 1.41537464 1.84448612
    0.967729151 0.943950534 1.16208386 1.88851488 1.77461278 1.40608442
    2.07442164 2.04404974 1.6484406 1.13963127 1.75990617 1.35672641
    1.52200723 1.33857942 1.45507526 1.10719454 1.41864049 1.15687871
    0.807873011 1.17633164 1.37856758 1.83056617 0.987334311 1.19418287
    1.04779255 1.90300381 1.23734224 1.54202247 1.13365626 1.96362996
    1.21634448 1.84366775 1.91314709 2.0738821 0.943698823 1.25211608
    1.39483809 1.53668082 1.36542439 1.08118629 1.30410635 0.913628101
    1.256392 1.2793349 0.904445171 1.7023052 1.57354546 1.7327913
    2.12205458 1.54364395 1.93408561 1.15388954 1.74781883 1.45255327
    1.77759624 1.05599356 0.985363483 1.44813311 1.38334191 1.43983376
    1.27108324 1.65871572 1.55994725 1.51041377 1.50603867 1.32885349
    1.86941803 1.64632869 1.94138217 1.96552193 1.12243521 1.25251091
    1.22329915 1.04572344 0.969348609 0.914220452 1.15658295 1.1864773
    1.28195393 1.09813547 1.62928736 1.29706621 0.942695379 1.68315971
    1.0802654 1.68673861 1.66864681 1.17428327 1.4947691 1.38115776
    0.915163934 1.70346868 1.06144226 1.81437206 1.08741546 1.18590927
    1.32028675 1.30777609 1.5548892 1.55600965 1.27049494 1.69824541
    2.01910663 1.75604963 1.4844656 1.68887782 1.0457257 1.13802207
    1.47763896 0.893330157 0.978454888 1.13666725 1.01750183 1.63238752
    1.76639676 1.72813261 1.32494831 1.06181872 1.58017147 0.816461563
    1.35428381 1.96442068 1.82762027 1.79590821 1.18031526 0.928922594
    1.18412673 1.81304753 1.74633527 1.63973451 0.937446117 0.945425928
    1.73412824 0.97987175 1.3191936 1.61490655 1.67739403 0.98196125
    1.08347893 1.04438031 1.66534758 1.56254828 1.43367243 1.14549959
    0.820243359 1.09993649 1.10297585 1.75134993 1.15637898 1.34750676
    0.77032721 1.38601625 1.34580803 1.18605053 1.50752068 1.73839498
    1.02479923 1.01329005 1.19749379 1.77224171 0.996088982 1.89415479
    1.71356034 1.48946035 1.62731445 1.43366337 1.87645805 1.73128486
    1.10907924 1.54020345 1.36528158 1.28501058 1.60825551 1.11793983
    1.21351147 1.06674433 1.09144557 1.42728901 1.08252966 1.35150135
    1.04009581 1.24076629 1.20828259 1.65674376 1.29873705 1.82096243
    1.3846401 1.84142065 1.56042635 1.40821946 1.29778838 0.844329238
    1.29633784 1.38290262 1.35755515 1.09270477 1.75587356 1.68351758
    1.08574331 1.30045736 1.33045661 1.83944499 1.15908527 1.29364395
    1.06326151 1.93072104 1.42684996 1.31537426 1.22617185 1.70083427
    1.95523763 1.27194381 1.68774521 1.46648073 1.59027457 1.32680726
    1.71934688 1.79078782 1.72991133 1.03149164 1.86354387 1.34629047
    1.63566828 1.26872885 1.53311825 1.72542679 1.65944493 1.84190762
    1.65482485 1.33905733 1.91298127 1.21280158 1.6050992 1.23375082
    1.45552325 1.3123467 1.4585427 0.957746089 1.10570049 1.73631215
    1.86111677 0.932019949 1.56455839 1.62902319 1.03800869 1.19270444
    1.21588433 1.88418853 1.4717381 1.48163235 1.4268049 1.46402252
    1.02399969 1.68610346 1.90061152 1.01650465 1.21373069 1.83201313
    1.36974216 1.26472926 1.1449815 1.43049037 1.78669214 1.74935389
    2.00151801 1.30664635 1.55339336 1.21386111 1.93957412 1.73623741
    1.54945898 1.74471009 1.53906429 1.60841537 1.08449221 1.27248776
    1.48810947 1.72542346 1.75076628 1.46620882 1.64086902 1.79034507
    1.72483349 1.20686543 1.7640841 1.95162427 1.97986269 2.08029675
    1.71375561 2.03783345 1.16979158 1.90319443 1.33759415 1.86208546
    1.41880286 1.39399111 1.13467968 1.38206434 1.07844913 1.24786937
    1.15424287 0.848748147 1.74223292 1.77582383 1.17931747 1.8382175
    1.48777783 1.50555694 1.16348159 1.17951775 1.51748872 1.23027515
    1.13129485 1.5283426 1.87203145 1.44828284 1.65182209 0.919346511
    1.16765594 1.57854629 1.15651762 1.87155318 1.64050269 1.73693776
    1.50150573 1.80310893 1.52110636 1.88568366 1.75363612 1.78806388
    1.2264421 1.17069304 1.60774374 1.64278018 2.01643491 1.84613383
    1.37323999 1.24633467 1.16772962 1.04630816 1.15810931 1.67133057
    1.57425988 0.92324847 1.23801541 1.08664501 1.23730481 1.63098228
    1.26282144 1.48225498 1.9583168 1.66990924 1.67476702 1.70861816
    0.99402529 1.25993061 1.0923661 1.89995527 1.33656466 2.03450847
    1.83359563 1.71135604 1.12648118 1.62692904 1.63692725 0.901922703
    1.12792897 0.828343451 1.37458289 1.60194266 1.74373651 1.86350799
    1.30066144 1.34183049 0.879975438 0.860498488 1.11171305 1.56813192
    1.63067591 1.53410637 0.862765253 1.02618325 0.918523014 1.41535616
    1.23222518 1.04125118 1.0521518 1.09015775 0.801478684 0.918427408
    1.69843757 1.88625133 1.52461219 1.34785104 1.29094625 1.30247092
    1.54446888 1.88492846 1.53999007 1.33020341 1.66504264 0.945414305
    0.770193756 1.55312526 0.710797489 0.80010879 0.832435071 0.89481467
    1.17008555 1.17866993 1.83040941 1.48922205 1.890149 1.00636196
    1.13155305 1.56594646 1.78345513 1.27912009 1.10092223 1.72274733
    1.39542866 1.06893885 1.39975369 1.74154902 1.37214565 1.67664909
    1.81447124 1.66198432 1.76295912 1.59004152 1.94853497 1.72653627
    1.72236145 1.73155451 1.24974751 1.71844327 1.14175105 1.90481985
    1.50330853 1.99187303 1.89907002 1.92622328 1.84314358 1.85166323
    1.83857274 1.51270366 1.67631495 0.714581549 0.869302392 1.52733302
    1.66225171 2.03307486 1.57004845 1.65197253 1.56470633 1.11014688
    1.56693864 0.894108117 1.45787311 1.80738616 1.25257301 1.26515448
    1.33331525 1.06030774 1.54101217 1.54315042 1.12347615 1.15991032
    1.9648937 1.09058082 1.89943445 1.31741929 1.46867466 1.13496518
    1.54678726 1.54596627 1.08562803 1.27127063 1.54316378 1.79803658
    1.3491931 1.51455379 1.13577104 1.36740041 1.45895994 1.10779226
    1.40009153 1.35976875 1.4497366 1.10404694 1.00211883 1.69074655
    1.31666303 1.04449379 1.5192064 1.46668363 1.23837233 1.64783633
    0.932560563 1.41907632 1.62479722 1.857234 1.80624056 1.25645185
    1.58924067 1.05900741 1.47556889 1.01459122 1.61211848 1.49676597
    1.20721662 1.90380502 1.19464171 1.66313994 1.49634504 1.45172358
    1.61284566 1.92786956 1.93444443 1.44760704 1.47549689 1.35138083
    1.20989549 1.77124536 2.06514573 1.84975278 1.52431905 1.61707306
    1.12210739 1.11336553 0.890206516 1.2912699 1.4779532 1.33965206
    1.13907313 0.966839731 1.47987986 1.44818711 1.46149278 1.5447793
    1.36388993 1.81318676 1.37011123 1.89431632 1.52285457 1.56355751
    1.37051833 1.98455369 1.37094665 1.6734935 1.3398509 1.20972311
    1.30452621 1.71222913 1.74975502 1.61995316 0.987422287 1.13785815
    1.39209926 0.995285869 1.72006595 1.58222044 1.64758849 1.8834964
    1.77505493 1.94785321 1.14952588 1.3473016 1.1171962 1.14421797
    1.84767067 1.56938028 1.46134055 1.32648754 1.43916595 0.977256238
    1.85287225 1.13642073 1.1759758 1.41599131 1.13679481 1.2332592
    1.72540152 1.03270125 1.541623 1.66496372 1.37556529 1.02416503
    0.887090027 1.00046527 1.99933577 1.36712205 1.85078049 1.34486639
    0.968363345 1.03920662 0.935691655 1.69839609 1.25243485 1.73965716
    1.13195467 1.36351645 1.62974215 1.61631441 1.70986414 1.27318931
    1.51820874 1.03314996 1.23551822 1.57143235 1.62231028 1.60450852
    1.4414041 1.52998257 1.88091886 2.09331155 1.11112201 1.30495799
    1.71149874 1.63437724 0.878854811 1.50958836 1.30076933 1.48081148
    1.65887797 1.13796532 1.00159287 1.57489526 0.867705584 1.334548
    0.914782465 1.61011124 1.10304153 1.11151242 1.10487401 1.16200256
    0.89620918 1.50334322 1.44818878 1.12755775 1.52066302 1.60891616
    1.41403759 1.29801512 1.07638633 0.985009789 1.12550247 1.04101622
    1.63012087 0.990695596 1.58563054 0.898232162 1.84097493 1.89997613
    1.58389246 1.0782901 0.845954657 1.57371271 0.714122474 1.10400546
    0.918544888 0.845450163 0.712132573 0.708722413 0.791063428
    1.28678703 1.61125314 1.57296598 0.976303518 1.667647 1.13452268
    1.88395619 1.99656045 1.61948347 1.39950109 0.982468486 0.799758255
    1.65283084 0.85904485 1.19950378 1.32305861 1.45793271 1.92503035
    1.27174795 1.30374753 1.18091834 1.96021771 1.95397353 1.32661033
    1.16386604 1.22666979 1.61141729 1.51438749 1.67877245 1.98482025
    1.92627692 1.95674729 1.18522215 1.138659 1.7116667 1.44538319
    1.60347581 1.46883571 0.470697016 0.793937504 1.83324409 1.4938252
    1.56130803 1.60971856 1.45949709 1.41419446 1.45490825 1.09630775
    1.30912113 1.4355067 1.37939715 1.93102121 1.20387876 1.40754902
    1.53814709 1.53837693 1.93643093 1.21369159 2.02531791 1.51636875
    1.9396528 1.49570894 1.1294558 1.81334281 1.24936175 1.98012352
    1.64794469 1.42078984 1.75862002 1.28407407 1.35249674 1.69554842
    1.51715279 1.47563457 1.80488861 0.945296049 1.05140483 0.794303119
    1.1974088 1.26639676 1.50817311 1.13463569 1.76330626 1.36922014
    1.84321177 1.2390542 1.20068693 1.94997048 1.32358575 1.90338171
    1.51333749 1.22261906 1.85513127 2.00765347 1.00090575 1.25975645
    1.0244298 1.74210465 1.12382221 1.39754725 1.76382005 1.01548183
    1.55039334 1.67407084 1.72182798 1.35561657 1.15379655 1.39283085
    1.85267484 1.90461397 1.82247281 2.08627152 1.32113504 1.52327657
    1.9350611 2.00210714 2.0283885 1.93608642 1.2566762 1.40576243
    1.80376577 1.57755053 1.08638728 1.67405677 1.21856368 1.30572128
    1.45940733 1.60510921 1.29386258 1.4393996 1.08694172 1.68067276
    1.34468615 1.05992854 1.67035961 1.0740819 1.57126796 1.66698325
    1.93467164 1.12284791 1.89061785 1.67919624 1.93610084 1.7865392
    1.79043543 1.33918262 1.07153821 1.39836752 0.903891444 1.59658015
    0.936578333 1.15028131 1.91313887 1.96770835 1.91364443 1.34295082
    1.18108416 1.20800257 1.94896507 1.98289418 1.55260515 1.14909661
    0.98181057 1.47064614 1.30715752 1.01499593 1.33894587 1.01623285
    1.76261902 1.13410485 1.92441475 1.07821906 1.18428791 1.74303806
    1.32156992 1.59833062 1.35727024 1.81814539 0.984178364 1.29553652
    1.03068709 1.62304819 1.68728316 1.47328365 0.939824104 1.27321041
    0.916095734 1.70706713 0.853803515 0.89546597 0.942043006 1.4841007
    1.52676213 0.892996967 1.27781785 1.96921527 1.68948805 1.68142998
    1.65928912 1.83809304 1.1325593 1.13373804 1.17482662 1.8292197
    1.82726121 1.29785562 2.04545069 1.45246899 1.63718343 1.2590766
    1.65425754 1.30037177 1.55138278 1.35493124 0.940817237 1.78854239
    0.981802046 1.62060714 1.32958043 1.48638797 1.13551748 1.06458461
    1.6748544 1.65370202 1.13859105 1.20205235 0.892123699 0.942895055
    0.795513153 1.42927885 1.77157784 1.58147323 1.51020324 1.85107994
    1.21227002 1.1204108 1.90986383 1.87239039 1.45192969 1.63396823
    1.15443003 1.81152987 1.03192425 1.88195157 1.54381597 1.27351165
    1.70377362 0.769372463 1.71798623 0.756199718 1.51690197 0.910125196
    1.09494746 1.12463069 1.06663918 1.48542678 1.35494578 1.4671936
    1.07706928 1.67220604 1.84514189 1.42002046 1.38071382 1.44319892
    1.78284311 1.07197964 1.4950043 1.41104889 0.899610102 0.842439294
    1.52128494 1.86247635 1.41492105 2.00351596 1.52309084 2.07540798
    1.79674077 1.40867937 1.9167484 1.44675994 1.47493708 1.72307193
    1.62060297 1.20143473 2.00286531 1.90450513 1.35262394 1.40529597
    1.63595629 1.37766099 1.43312275 1.31668401 1.39268029 0.965617955
    0.479873121 1.40637267 1.75921094 1.81145418 1.16473067 1.71409261
    1.89345551 1.15178132 1.34036648 1.74849308 1.18052614 1.51846492
    1.74595833 1.82064521 1.47494125 1.05220985 1.69889557 1.01575553
    1.57902372 1.5076592 1.32146072 1.18909669 1.65153766 1.74812126
    1.58679581 1.7144767 0.945967972 1.2460525 0.885828137 1.08285749
    1.06080294 1.39583731 1.20390916 1.8716979 1.19734514 1.22848904
    1.76943147 1.27633691 0.955102384 1.54872966 1.59648049 0.848787248
    0.963752091 1.22328377 1.12858605 1.67290986 1.12593102 1.24722052
    1.94120312 1.33432305 1.72056806 1.24227643 1.17786145 1.74612641
    1.94971907 1.64005518 1.59704971 1.68874216 0.93178165 1.34046483
    1.56277263 1.89018357 1.08955026 1.63884532 1.97355187 1.71732426
    1.71386325 1.25061309 1.53002071 1.53951633 1.29963291 1.83739054
    2.05348539 1.63951099 1.82133782 1.48633909 1.82131112 1.42959428
    1.54394829 1.48428941 1.82498431 1.62641466 1.80480158 1.30340934
    1.50916767 1.35656881 1.79514968 1.79261005 1.004583 0.87315768
    0.983131886 1.05785608 1.37613511 1.26615965 1.27113354 0.946574628
    0.748623729 1.36868262 1.41672742 1.71769881 1.98636532 1.26945913
    1.47503316 1.74941742 1.18373132 1.02654433 1.06673992 1.35361779
    0.978567481 1.90944958 1.72450185 1.34420419 0.961105883 1.73259449
    1.62202621 1.7649045 1.29813278 1.18852973 1.59146869 1.44326961
    1.81348181 1.76451576 1.54672623 1.20148468 1.80445683 1.13275683
    0.957412779 0.90386194 1.30164289 1.40089297 1.02760386 1.92813385
    1.36924636 1.54257464 1.84044945 0.980653822 1.46768665 1.41261244
    1.07069516 0.863499641 1.43511152 1.15452659 1.64548469 1.13810885
    1.76785505 1.28204203 1.555812 1.39401293 0.927992284 1.03018534
    1.18821812 1.24639225 0.830650508 1.36690569 1.04483974 1.41405344
    1.78506172 0.988442242 1.24000502 1.21104431 1.63785315 1.35147727
    0.975472391 1.75791323 1.42598546 2.09378862 1.74828565 1.97373402
    1.83759415 1.89843965 1.82177567 1.67663455 1.23936653 1.2046032
    1.48579288 1.89045906 1.23204398 1.56822443 1.0336237 1.78209329
    0.850163043 1.45775163 0.976192057 1.89581239 1.27742636 0.895696223
    1.26559293 0.933022857 1.39879584 1.26041031 1.35390794 1.48105586
    1.66129768 1.44710505 1.49306345 1.49252498 1.76861036 1.794348
    1.42962968 1.28172076 1.20031035 1.71398938 0.950978935 1.55421472
    1.13106632 1.43526924 0.958136797 0.851724863 1.70127022 0.724760711
    1.31993222 1.14603925 1.09060597 0.820386529 0.828568816 1.67135847
    1.18297601 1.53393269 1.16272593 0.882647991 1.87515438 1.93049729
    1.62186813 1.73187983 2.09812665 1.35308361 2.01803923 1.85261285
    1.33499932 0.801243126 1.10580063 1.10462797 1.10987186 1.86986423
    1.70435023 1.02159977 1.42508805 1.36561131 1.49072337 1.53483462
    1.42897785 1.01085448 1.13132942 1.62093174 1.4709537 1.21683598
    1.89377081 1.77906632 1.67888117 1.47499001 1.54163277 0.893777132
    1.21632695 1.19107616 1.18068278 0.68042779 0.835625887 1.46052086
    0.908699393 1.56513214 1.68994927 1.63764703 1.55757272 1.28215754
    1.44903183 1.32945907 1.70816886 1.45492649 1.86738896 1.35135925
    0.987146556 1.30242956 1.36243856 1.65231228 1.99003148 1.46335101
    1.63944471 1.23087037 1.98742199 1.73941255 1.54765654 1.75617802
    1.40501535 1.85182965 1.6707921 1.39372325 0.87198925 1.81455731
    1.47235465 1.93466425 1.95703399 1.6688199 1.28597641 0.829139233
    1.07749391 1.45300412 1.27868104 1.16588104 1.05714512 1.50607955
    1.8661325 0.969094574 1.29137826 1.92295098 1.18111038 1.56567359
    1.47138882 1.70354521 1.06065798 1.62011349 1.46814549 1.22763669
    1.83568788 1.39238393 1.68011451 1.8022846 1.48224056 1.04602993
    1.50996268 1.68031752 1.91771102 1.31775486 1.55815339 1.66657674
    1.20407951 1.33683169 1.01984501 1.66611874 1.78050363 2.06179571
    1.29889941 1.97680128 1.95160902 1.66578197 1.41477001 1.70946336
    1.628896 1.90074539 1.73155892 1.64897704 1.80531812 1.97257352
    1.85837901 1.79561031 1.84326077 1.79069912 1.74419081 1.0548377
    1.74105835 1.52366233 1.10241818 1.34706891 1.14364707 1.75243711
    1.12188947 1.48377192 1.79761648 1.37099385 1.03608251 1.73831236
    1.18992996 1.4244864 0.956250131 0.824157655 1.55825317 1.79335678
    1.25105894 1.70455718 0.869343996 0.969225109 1.18231702 1.55768514
    1.22691834 0.959720552 0.994866729 1.27980614 2.06313372 2.09309793
    2.08907461 1.67729425 1.66332948 1.54641104 1.02040398 1.30959105
    1.19593143 1.82999456 1.45234311 1.95252585 1.28792012 1.95944321
    1.66800797 1.79605842 1.74740613 1.69687617 1.45950472 1.78239644
    0.826342106 0.904420197 1.03830087 1.50060773 1.91241932 1.03890157
    1.78119528 1.34336615 1.31463265 1.7448647 1.04839575 1.08266604
    1.74719107 0.952981353 1.27925503 1.47604787 1.58808947 1.06807935
    1.86687684 1.05727851 1.32877219 0.877472937 1.76091301 1.07826996
    1.72812986 1.80760539 2.0333879 2.10351419 1.16595316 2.06667566
    1.61103463 1.50093687 1.04083455 1.5817616 1.40615273 1.77769065
    1.64351153 1.53326929 1.36020148 1.42892957 1.60049319 1.60544598
    1.91164565 1.93331969 1.52267599 1.19929719 1.55426085 0.72727865
    1.06329429 0.950074732 1.22557688 1.81461585 1.24456823 1.63046932
    1.49844241 1.23004341 1.74593854 1.99237919 2.09583378 1.60229874
    1.51659405 1.30934775 1.09080362 1.66418231 1.63802838 1.6625675
    1.198717 0.821160734 1.47812176 1.22505116 1.33982253 1.12147117
    1.44738913 0.911715925 1.46102464 1.52167058 1.82505083 1.94289899
    1.61564493 1.67792284 1.28497469 1.35597897 1.40589988 1.74137294
    1.08770883 1.54713869 1.43426967 1.95141017 1.58712554 1.34451997
    1.26977515 1.77644968 1.09818697 1.38706315 1.85455227 1.80719125
    1.01274061 1.12224197 1.47463655 1.70622194 0.851984322 1.57413697
    1.12926912 1.23050809 1.08109772 1.52088702 1.69121277 1.65091705
    1.15234971 1.60574543 0.925912678 1.65885234 0.901426435 1.79383838
    1.2746681 1.58216465 0.491514593 1.35698295 1.48850977 1.20295835
    1.07561338 1.20927429 0.948471725 1.5130235 1.86974609 1.46336055
    1.76115906 1.88388562 1.41913462 1.05754924 1.56204653 1.74865735
    1.68956053 1.82625222 1.08079338 1.82686472 1.73901033 1.72708762
    1.79308474 1.72933924 1.39162648 1.53522432 1.97429872 1.33985531
    1.05960703 1.29712152 0.821447611 1.16493547 1.69708538 1.42464089
    1.42539644 1.73627079 1.10685909 1.68659008 1.81216049 1.1236943
    1.3899914 1.5178448 1.78560686 1.07411361 1.21994555 1.67711151
    1.20796072 1.67611647 1.85003817 1.91269696 1.82968473 1.05697179
    1.03371036 1.4087863 1.18971622 1.49382758 1.52578664 1.8509202
    2.08153868 1.18759716 1.65258288 1.81660998 1.78736567 1.76703906
    1.20428038 1.46120441 1.67879999 1.71662796 1.79349732 1.694291
    1.43271482 1.61677289 1.39331841 1.49123526 1.2134943 1.50107467
    1.18731928 1.49776947 1.47780776 1.53616083 1.47252762 1.52434075
    1.37983966 1.95428026 1.64353049 1.66491675 1.00634277 1.32409298
    1.77224147 0.876281559 0.912777662 1.01763999 1.82063305 1.48802435
    1.17609072 1.16231608 0.943593144 1.22630882 1.68388343 1.87892151
    1.87690616 1.81990349 1.7358073 1.48371315 1.01081347 1.2418102
    0.876392126 1.26785254 0.767382741 1.06126785 1.61244404 1.60026002
    1.11824679 1.63562 1.08783782 1.02453005 0.991973341 1.32528901
    1.19038022 1.47976947 1.90372431 2.06161046 1.98269176 1.20328057
    1.28055596 1.03983688 1.50766754 1.17249525 1.70548141 1.81702745
    1.58348238 1.52794588 1.96523559 1.84154367 1.96850097 1.24136758
    0.968463421 1.04443014 1.24523306 0.850115538 1.03869116 0.835514784
    1.74088764 1.25779796 1.1726464 1.44652724 1.11616004 1.95432091
    1.99343944 1.88628149 1.37612188 1.0130192 1.04787016 1.71581507
    1.29593766 1.35214186 1.14216101 1.08510327 0.946460307 1.3655628
    1.583336 1.05054569 1.54466152 0.970591664 1.73029602 1.07377613
    1.58537197 1.88619196 1.50320029 1.63159966 1.34152377 1.60349011
    1.67974496 1.24454749 1.85102201 1.13996255 1.73761845 1.67008317
    0.935365319 0.755824149 1.0902524 1.76380646 1.69719565 1.09581745
    1.52478659 1.7765609 1.27701259 1.32577026 0.868539035 1.29331648
    1.83134556 1.50391936 1.50542736 1.67496431 1.80579543 1.46916473
    2.07585812 1.6497941 2.00872159 1.90549588 1.22005463 1.15936816
    1.92172396 1.7825141 1.5077678 1.78011131 1.72570407 0.857213914
    0.933407962 0.745526791 1.56227589 1.34637046 1.49510312 0.926490009
    1.41334665 1.60541201 1.75400627 1.17477953 0.993786931 1.51541781
    1.38765264 1.46236944 1.94363523 1.97776055 1.62348354 1.95943975
    1.34796047 1.01598358 1.80052936 1.37989545 1.54546452 1.42799759
    2.07900167 1.55442488 0.985822082 0.949619114 1.33521926 1.00505435
    1.62938762 1.06405282 1.00403631 1.02957678 1.38259029 1.31461942
    1.06737471 0.928366363 0.942155719 1.10983717 1.51560342 1.6626426
    0.995350778 0.948247015 1.49129927 1.17352641 1.61526906 1.55875218
    0.986574411 1.36356366 1.11848176 1.2876749 0.918368518 1.63956094
    1.75556993 1.56953979 1.54897892 1.09097064 1.18346405 1.20663774
    1.28688502 1.01022148 0.91296339 1.13926494 1.29523063 1.40311909
    1.76815021 1.65285695 1.77906179 1.71909463 1.09643912 1.4890964
    2.05732298 1.7801559 1.81555128 1.41107392 1.83930659 1.00816011
    1.20441103 1.75505376 1.36673319 1.43415546 1.95207489 1.11128664
    1.0953089 1.84074497 0.955203593 1.65726936 0.928459585 1.43304741
    1.48152113 1.71434307 1.19769251 1.55735743 1.45983899 0.968187988
    1.81528068 1.1575402 0.845557392 1.11609113 1.27869475 1.20429552
    0.935263336 1.63513041 1.60466826 1.56860518 2.01960397 1.86872292
    1.16189039 1.1121372 1.05250156 1.34904957 0.973329544 1.11140382
    1.73436987 1.80217516 1.41785157 1.20354617 1.19616628 1.4791249
    1.49263191 1.78240514 1.44190943 1.36886346 1.2069577 1.75313473
    1.37581205 1.77533031 1.11959517 1.68880796 1.39140451 1.93366289
    1.6381948 1.34397733 1.00873971 1.11821127 1.12223458 1.77596617
    1.78910005 1.207147 1.09317386 1.89278984 1.81351924 1.47909391
    1.18789148 1.86666012 1.78247452 2.08321905 1.17078674 1.86145079
    1.19888794 1.44464612 1.2248199 1.68864787 0.92549026 0.718476295
    0.958097935 1.20493793 1.21586359 1.01249456 1.12859893 1.11032069
    1.35009277 1.91245365 1.20314956 1.59491682 1.01026988 1.96737981
    1.88317788 1.8773272 1.59699357 1.423298 1.6234268 1.39199781
    1.51978219 1.25955522 1.04548371 1.82736337 1.31588256 1.40505207
    1.90934062 1.87247205 1.48455477 1.23887253 1.46533155 1.43002927
    1.08229887 1.67383707 1.51420057 1.05161774 1.0282464 1.34623098
    1.81689596 1.82132959 1.46843183 1.76312447 1.68631589 1.57889247
    1.46561015 1.41968608 1.06413317 1.4833591 1.2064991 1.72972608
    1.07821715 1.80137086 1.10543084 0.953190327 1.77123547 1.75830579
    1.30410576 1.03902841 1.24182057 1.04966152 0.959110856 1.01344478
    1.78198981 1.94061768 1.72910249 1.32893229 1.7696501 1.24214005
    1.39653349 1.76690209 1.06098366 0.986467659 0.859174192 1.15648365
    0.875342309 1.33836114 1.90454519 1.86918175 1.15949357 1.09701443
    0.825582743 0.862355292 1.31718743 1.29350221 1.6763804 1.70981383
    1.19576871 1.56413507 1.7488817 1.88199353 1.7969867 2.00896859
    1.65009725 1.75948191 1.6105479 1.19942427 1.29368842 1.95444596
    1.94040489 1.12460876 1.76538098 1.4206636 0.986680508 1.24541402
    1.38096833 1.60640025 1.86021328 1.65772104 1.73453116 1.08365524
    1.47467291 1.62419236 1.52509391 1.43499899 1.85709107 1.86330855
    1.33029532 1.6947782 1.66895711 1.58139253 1.62395191 1.26666057
    1.61691189 1.68152452 1.53930914 1.77535641 1.4496963 1.87155092
    1.55158818 1.07718456 0.940463483 0.984398544 1.58232594 0.958663404
    0.940444946 1.13461089 1.02411067 0.974420249 1.32592976 1.46129692
    1.18529725 1.48428094 1.77221417 1.30796385 0.977916837 1.80756366
    1.57078946 1.94235051 1.48143375 0.766184986 0.874023438 1.35354412
    1.15559471 1.37799871 1.15303957 1.38711298 0.988025188 1.66549313
    1.35388088 1.87388682 1.72345495 1.23249865 1.71075273 1.44453692
    1.61357188 0.89243114 1.86260128 1.07165587 1.64244223 1.91466975
    1.1206001 1.16941476 1.55175459 1.57819688 1.34681153 1.05901659
    1.94286454 1.7527498 1.64405191 0.99935919 1.45136869 1.27580547
    1.58039427 1.35253978 1.88732803 1.3277564 1.17958987 1.69964767
    1.59445143 1.75330865 1.39448977 1.92760599 0.938525617 0.981690943
    1.03836095 1.00868499 1.52256107 1.29664886 1.40030551 0.864386678
    0.859726667 1.31453335 1.43992496 1.38916147 1.73634744 1.30416441
    1.68770838 1.62162006 1.77785075 2.02171278 1.58472586 1.91705108
    1.78410614 0.864976704 1.06375599 0.911228478 1.03250766 1.39739919
    1.6841768 1.92942309 1.46125352 1.54589081 1.09277189 1.11169326
    0.790578604 1.03888988 1.61991763 1.11222112 1.00360024 1.52060103
    1.7552315 1.23155892 2.05076194 1.85230124 1.92576075 1.45193207
    0.870256066 1.47645211 0.882954299 1.6232028 1.55662739 0.974402726
    1.85631013 1.907233 1.06556904 1.59626865 1.58810461 1.43108535
    1.48546016 2.07562637 1.87899685 1.23007321 1.1525234 1.92588496
    1.41775417 1.40442514 1.02766335 1.03002739 0.740403295 1.37831056
    1.00539696 1.40724146 1.68427813 1.61205411 1.77803409 1.98013043
    1.82764089 1.96227562 1.80026674 2.02876687 1.26883566 1.94393396
    1.95310175 1.51074243 1.79987383 0.835176826 1.48285294 1.21104586
    1.44327915 1.88482058 1.43718791 1.70457268 1.23887837 1.69546568
    1.62795508 1.07528698 1.35271144 1.31712949 1.01854432 1.78718078
    0.890166521 1.12648106 1.81791425 1.16676152 1.95326853 1.31561184
    1.93258703 1.32240641 1.7163111 1.58207464 1.38152492 1.02263606
    0.919010699 0.969396472 0.961837769 1.18237877 1.37381256 1.75987363
    1.16862178 1.78773153 1.90355861 1.16526437 1.54058135 0.783323288
    1.40504885 0.928556263 1.14435661 1.62627697 1.38229394 1.48595023
    1.34614456 1.61306572 1.80373991 1.33836019 1.92794502 1.19360292
    0.999734879 0.820943236 1.19839573 0.91335845 0.912860394 1.40663064
    1.31285191 1.58019602 1.80022442 1.45980978 1.35343385 1.23546147
    0.913710833 0.979874671 1.24393773 0.848784745 1.09657383 1.87847292
    2.06866789 1.6388936 1.54970539 1.82196486 1.76026034 1.03195751
    1.65180731 1.71961451 1.91025984 2.04051161 1.86296368 1.72570372
    0.958150923 1.042642 1.27132988 1.1729995 1.19387364 1.19709122
    1.96565294 1.2816087 1.05514216 1.87615871 1.24087811 1.02812696
    1.37650311 1.52763402 1.08436835 1.38046241 1.78224277 1.82446754
    1.97082508 1.95307398 1.10129881 1.21116304 1.57978129 0.982712507
    1.88576102 1.53085434 2.04089832 1.42566633 1.88341832 1.11831939
    1.66865242 1.58491027 1.41898191 1.3134191 1.89615059 1.48834276
    1.71283054 1.28054786 1.0852915 1.41977668 1.70591533 1.78485596
    1.135764 1.43558311 0.964793503 1.28263497 1.68493819 1.58775914
    1.56977046 0.982659698 0.761113465 1.63971996 0.984130621 1.91677713
    1.11563325 1.33666241 1.59245241 1.62623036 1.34068131 1.40981543
    1.1936146 1.45228195 1.05234921 0.840102792 1.64778638 0.709364414
    0.788418055 1.06869471 1.45283735 1.75629139 1.02645826 1.96187127
    1.5669179 1.49658513 1.40149891 1.05518591 1.79748678 0.912905693
    2.00009298 1.27755892 1.53792989 1.60785961 2.02014613 1.4028306
    1.75385702 1.01130903 1.78799617 1.21370649 0.993092418 1.41330218
    1.2248131 1.24052 1.55763185 1.62099946 1.30694187 1.0072515
    1.07741213 1.70779538 1.14214408 0.777478039 1.19180894 0.708610773
    1.43671322 1.18509912 1.00703359 1.82107675 1.82614088 2.04392433
    1.8658092 1.38608122 1.53422737 1.26621103 1.1858902 1.50070846
    0.858772039 1.06419683 1.29874122 1.3424592 1.839463 1.70516229
    1.70516992 1.10880017 1.13496828 0.901887059 1.75708389 1.60306478
    1.0134269 1.86784136 1.15878856 1.81832159 1.2488718 1.13256979
    1.68234956 1.71817374 1.12286437 1.35931909 1.68383992 1.17377794
    1.62576091 1.3495574 0.988758802 1.27727175 1.68004775 1.44017208
    1.90487003 1.99011409 1.07445061 2.07567644 1.3048104 1.60639
    1.22993422 2.00202727 1.93316185 1.59041846 1.59142411 1.08292115
    1.03757966 1.70990086 0.871803403 1.24488437 1.24843538 1.73940992
    1.89767885 1.99447966 1.92349827 1.55731452 1.53956354 2.1690259
    1.63741374 1.94479215 1.82255149 1.61584675 1.72858322 1.44800878
    1.13848221 1.14877021 1.53603542 1.03075695 1.68220937 1.24072039
    1.57177985 2.02062798 1.17071021 1.66876578 2.04750085 1.84830451
    1.69056034 1.79701769 1.04683506 0.971073031 1.53115666 1.37120795
    1.53211379 1.64359045 1.37771952 1.15609014 1.21038246 1.59350276
    1.83048904 1.20895278 1.60860741 1.31902349 1.75166321 1.35153997
    1.51753974 1.42843723 1.06362295 1.40486491 1.19997311 1.44843912
    1.63278961 1.77094257 1.6611011 1.37937605 1.2156539 0.710170984
    1.23468232 1.32533979 1.5422889 1.10423934 1.80172479 1.47102404
    2.05759597 1.27571332 1.91990709 1.04305351 1.27707589 1.6821146
    1.03417087 1.51688993 1.60604262 1.13470614 1.16779959 1.87929952
    1.35641682 1.14430678 1.25285506 0.834209561 1.55164576 1.0591315
    0.888009548 1.00266898 1.22227001 1.86992943 1.82727242 1.52731371
    1.56215405 1.2009989 1.22556341 1.87452638 1.00538659 1.4370749
    1.69900441 1.23510003 1.89685774 1.29839826 1.11035454 0.982401431
    1.4036237 1.03791034 1.30679357 1.32389283 1.62301838 1.41512465
    1.54296422 1.20958686 1.80505812 0.992247939 1.73472226 1.407951
    1.8158865 1.78730202 2.01996374 1.31033587 1.91206181 1.77265942
    1.34515035 1.46796715 1.22558022 1.85559309 1.61536443 1.78730249
    1.33158445 1.97615135 1.75926208 1.24044836 1.12895405 1.75124526
    0.966030359 1.44659305 1.40693307 1.64062762 1.27564347 1.97940135
    2.03561449 1.1341629 1.68826091 1.06459939 1.11088121 1.48538029
    1.13831449 2.03248405 1.6280278 1.27299154 1.04497683 0.695341468
    0.443633169 1.53436327 1.10311604 1.71183038 1.4599576 1.99125397
    1.85278618 1.41990352 1.11276424 1.79214597 1.03065979 1.24734282
    1.94849026 1.14462423 1.1522249 1.81551576 1.11177266 1.4901979
    1.1252656 1.85224509 1.14961445 1.71008563 1.84192717 1.5798552
    1.86428976 0.997553825 1.43510151 1.47324693 1.25639164 1.50455856
    1.80195558 1.46768081 1.67934418 1.24557352 1.06762719 0.925573349
    1.12778342 1.29657161 1.22369039 1.73956096 1.07484066 1.33258688
    1.27034378 1.76724112 1.47199595 1.45731604 1.85270309 1.47817898
    1.08964372 1.25443792 1.45028389 0.866966844 1.12119806 0.967606544
    1.76917112 1.29004705 1.05687451 1.93947864 1.36431587 1.4242748
    1.90296543 1.71437728 1.13866913 1.33964801 1.3628937 1.42568886
    1.17410624 1.89935982 1.78374565 1.09550703 1.17224395 1.08605921
    1.20990992 1.42659295 0.778083801 1.01010656 0.99524641 1.28087068
    1.37822521 1.7044915 1.77107906 2.09505892 1.88109553 1.77195215
    1.56650114 1.38415647 1.23480642 1.78808773 1.58603632 1.63906562
    1.04891682 1.61638093 1.43988049 1.4276315 1.94068432 1.83742118
    1.62370813 1.78437388 1.28439331 1.45313835 1.72559786 1.81803644
    1.7131151 1.62269843 1.68288267 1.8296138 1.15706241 1.53706312
    1.65603518 1.54331338 1.17758811 1.54391181 1.29897535 1.33512723
    2.03556204 2.17371511 1.69780529 2.00746584 1.68448889 1.64098477
    2.04059601 1.49349487 1.31416011 1.3315469 1.23265016 1.35022378
    1.45726836 1.04426444 1.82836711 1.81877494 1.7299099 1.50737453
    2.00493884 2.10410452 2.00839853 1.35892224 1.32350111 1.47190785
    1.82851398 1.46065497 1.39717185 1.55806065 1.89771795 1.63509417
    1.72985458 0.969627857 1.58251369 1.3435936 1.99591911 1.93993533
    1.96468782 1.88233423 1.69696343 1.27878606 1.29132676 1.03828216
    1.79213834 1.72727525 1.36514652 1.29904079 1.25424957 1.69225705
    1.85848093 0.982484937 0.884003758 1.13384008 1.50407064 1.11740696
    1.58717942 1.86714959 1.8186903 1.16731644 1.32130611 1.55963397
    2.0050261 1.36129498 1.51712358 0.852150857 1.52759969 1.59354484
    1.40624583 1.07084882 0.911846876 1.01119649 1.24419773 0.943903804
    1.11223304 1.2770853 0.90364182 0.779653609 0.757880569 1.44163966
    1.37640595 1.25497115 1.94894969 1.59361637 1.5256505 0.940582633
    1.37569523 1.27931106 1.3692019 1.68311477 1.51315665 1.81782043
    1.42818236 1.64616537 1.06820464 1.38863099 1.2519871 0.982249796
    1.21860313 1.24447393 1.04562938 1.85246682 1.4184618 0.907559693
    1.32969642 1.14164531 1.11181641 1.60266685 1.40343463 1.2536633
    1.22465312 1.79917324 1.5870198 1.25644279 0.970925212 1.52620959
    0.823147178 1.40189838 1.24800706 1.50769126 1.16477466 1.75776148
    1.32481408 1.97544432 1.17650688 1.23653662 1.8977679 1.12275338
    1.10894835 1.73983502 1.93156946 1.91754782 1.84876859 2.06507874
    1.58657241 1.37769163 0.965280712 1.60413849 1.92809498 1.57202482
    1.6162926 1.71271813 1.4884361 1.13201272 0.431458384 0.701972187
    1.56426942 1.91370833 1.43334711 1.40908813 0.998217702 1.09359384
    1.16594493 1.7917614 1.88587308 1.13465953 1.66863823 1.16475332
    1.85198295 0.831571877 1.331429 0.826096117 1.02549112 1.3250941
    1.47035599 1.89605939 1.65165889 1.06850755 1.71735716 1.09887314
    1.4832015 1.43634903 1.85906839 1.34923196 1.99744856 1.631549
    1.31006622 1.41718686 1.00462055 1.73472309 0.768215477 0.867689252
    0.98953104 1.73577273 1.30651402 1.78432083 1.4322747 1.07578099
    1.9702369 1.71032834 1.14413774 1.43660474 1.95102251 1.48631775
    0.852181613 0.814124227 0.797517896 1.24743986 1.25670648 1.38220751
    1.32256973 1.68357408 1.66110289 2.05489087 1.29125834 1.75777376
    1.192415 1.15755749 1.77813482 1.6674726 1.89698815 1.28835964
    1.34410274 1.40928745 1.57113838 1.30763876 1.26329911 1.33445692
    1.55053294 1.48415244 1.59763515 1.62723529 1.54289961 1.49400806
    1.76120341 1.36437106 1.5268153 1.17946303 1.95353663 1.83616424
    1.10799289 1.53320289 1.06168842 1.68891609 1.19593096 1.4864378
    1.06590426 1.35575676 1.37436175 1.90015244 1.76928854 1.22769964
    1.83300066 1.74984682 1.62291181 1.39963949 1.40198922 1.65078092
    1.67640042 1.27857018 1.38022423 1.06241691 1.30809367 1.41453707
    1.22153282 1.94168639 1.48073149 1.57924736 1.69362283 1.3400569
    2.09247541 1.85896814 1.50658846 1.8462894 1.82305133 1.46784067
    1.95167708 1.88949859 1.53569341 1.49769127 1.70830882 1.08301437
    1.13105345 1.89562798 1.7925148 1.48215377 1.94067514 1.83367276
    2.19287038 2.11722112 1.53918815 1.51218641 1.2967788 1.62639117
    1.36602759 1.79236019 1.25542045 1.65554428 1.72521651 1.68151617
    1.21303952 1.43077528 1.32407546 1.533337 1.87242556 1.88863099
    1.80315328 1.71300519 1.66746628 1.06360877 1.15627468 1.87167704
    1.26086593 1.02327478 1.2366854 1.40883338 1.68549979 1.54854822
    1.8521328 1.66738868 1.26232338 1.37371719 1.87587798 0.865389705
    1.54545903 1.41191316 1.34745765 1.59614456 1.74404001 1.73185897
    1.04573011 1.08457959 0.96126765 0.868654013 1.03613091 1.46474874
    1.55102992 1.10231161 1.74355662 1.32442975 0.875804305 1.55487299
    1.56371439 0.866116107 1.79916811 1.1002363 1.37714028 1.10276139
    0.983850837 1.61985552 0.943494081 1.72322774 0.909954667
    0.964863598 1.98604608 1.67772532 1.92657113 0.971316099 1.26612973
    1.33013129 1.70798588 1.02994823 0.913719416 1.17658961 1.31181669
    0.886441052 1.09099209 1.43141472 1.27608991 1.34828115 0.792664587
    1.09440911 1.41897094 1.23211968 1.78278959 1.47621822 1.17418325
    1.2057085 1.17765629 1.14517319 1.67349625 0.986115038 1.35118663
    1.53155971 1.35448027 1.61356306 1.65054929 1.46492338 1.06497169
    0.987021506 1.27193975 1.13994181 1.46285963 1.24239469 1.62097013
    1.14107287 1.38320136 1.88483953 2.10499001 1.831967 1.22729039
    0.875032008 1.32454205 1.82043874 1.80278599 1.14804602 1.63243556
    1.77511454 1.54086959 1.07328773 0.463080078 1.16328764 1.21610999
    1.77127945 1.99444163 2.04233217 1.05321002 1.81522596 1.1691972
    1.36636662 1.09871793 1.60824931 1.42014408 1.81211853 1.93672073
    1.04252994 1.85122693 1.46553934 1.5910759 1.92735481 1.84324431
    1.91438866 1.68070757 1.26839292 1.14202368 1.45278502 1.89438295
    1.71609211 1.78891468 2.02766776 1.08028698 1.48516047 1.45022094
    1.5619117 1.38001513 1.00862455 0.917647064 1.15056217 1.54171169
    1.43631899 1.80332398 1.62573063 1.97172058 1.61557698 1.53801882
    1.57179153 1.93488073 1.91368973 1.61128783 1.73400784 0.849800646
    1.40468132 1.18350613 1.3771733 0.855383933 1.05143046 1.4500351
    1.53566086 1.57452404 1.68619931 1.55359721 1.36847126 1.30174291
    1.03899395 1.05408251 1.50979042 1.38093829 1.78121638 1.19354486
    1.38644624 1.33144248 1.54128194 1.17908108 1.69512999 1.52253592
    1.32065356 1.25354743 1.91871428 1.59070301 1.77305782 1.76287007
    1.91388309 1.22162497 1.37525022 1.58913958 1.76554596 1.76636469
    1.04820478 1.51416266 1.31812596 1.93299747 1.39044476 1.24269438
    1.15673709 1.95495379 1.74187779 1.69225907 1.99683142 1.75139904
    1.69263756 1.06194425 1.30903316 1.160146 1.49010587 1.10688853
    1.32316279 1.78207171 1.42582297 1.81388426 1.49914968 1.17423022
    1.8573668 1.75374448 1.5060395 1.35435474 1.90425074 1.38904405
    2.06061864 1.86538601 1.96066487 1.52877259 2.07344246 1.32522297
    1.57750309 1.32134092 1.45428753 1.85424578 1.91409981 2.09284711
    1.15695071 1.9434644 2.01838231 1.556844 1.79576683 1.62631404
    1.92754757 1.6264782 1.14659977 1.50367904 1.70774841 1.17336738
    1.9921217 1.26409841 1.42293322 1.06500053 0.965723693 1.73313236
    1.72583199 1.90718579 1.52084517 2.05606675 1.71946144 1.17974615
    1.91941106 0.994747818 1.67253566 1.72355223 1.56231666 1.36481822
    2.03882456 1.71600306 1.79296029 1.15475225 0.967697024 1.17000079
    1.59021759 1.72096491 1.29610014 1.43522501 1.44158399 1.33333051
    1.02956009 1.53057218 1.89516437 1.4624486 1.57947588 1.19280374
    0.9243384 0.867341101 1.08736336 1.21820581 0.740364671 1.4048295
    0.779027343 1.79389703 1.34641945 1.74120951 0.879334331 1.47343326
    1.59291363 1.19279778 1.55585754 1.44012284 1.15174639 1.52770364
    0.933849931 1.34563279 0.849945843 1.22681189 1.91132414 1.17008603
    1.39002562 1.26215482 0.888902187 0.986096621 1.46338332 1.21518672
    1.38373494 1.88247037 1.8536998 1.42999983 1.94760394 1.08684111
    1.46375477 1.73158526 0.973856688 1.00036955 0.873246312 1.17806911
    0.964285076 1.01354373 1.53736472 1.03096223 1.43646264 0.860376835
    1.70563853 0.911702693 1.07694376 0.977373242 1.48855197 1.25053179
    1.40065908 1.68158233 1.39189935 1.17989254 1.52331901 1.75725591
    1.37362099 1.32868624 1.06113493 1.56354237 1.20278585 1.35469449
    2.05367064 2.04238296 1.49277747 1.26012993 0.972826719 1.18835902
    1.75455701 1.93800437 1.35866237 1.69967782 1.17442393 0.879384995
    0.721559286 1.10840082 1.40873504 1.29066002 1.60446942 1.56057453
    1.81574798 1.71641862 0.92609787 1.07352114 1.06289208 1.77830493
    1.8666786 1.74451649 1.30613601 1.7074244 1.27149212 1.07714236
    0.949522674 1.66102111 1.17132306 1.16967106 1.08167493 1.01272857
    1.42672229 1.28493631 0.951118708 1.50989175 1.76590252 1.93278289
    1.50458372 1.58826089 1.20408893 1.42291355 1.69039977 1.764498
    1.51137435 1.35483825 1.75332725 1.25981462 1.93449926 1.74159551
    1.22296071 1.26525927 1.61282229 1.96702373 1.33260143 2.06530142
    2.13363338 2.01428342 1.32947278 1.21560919 1.67305231 1.25619471
    0.963221133 1.54880095 1.77249086 1.53464317 1.80314565 1.86162627
    1.92466223 2.00142384 1.57469225 1.58292496 1.77423561 1.56276035
    1.86724508 1.16918671 1.24857402 1.30617082 1.25445843 1.79546058
    1.61959648 1.91275859 1.70049274 1.5041604 1.62686133 1.43363702
    1.08431494 1.66050363 1.1473335 1.70319319 1.02716136 1.72118735
    1.56134653 1.90372252 1.1506362 1.09584904 1.27222753 1.41201651
    1.13281369 1.18409979 1.77971566 1.96505439 2.05229712 1.09048986
    1.96420133 1.41147256 1.58995354 1.55372143 1.78429377 1.11125469
    1.0061878 1.49932241 1.62819743 1.63437665 1.8932972 1.88795877
    1.92764485 1.01761734 1.58158875 1.43097007 0.974885404 1.77367973
    1.31265473 1.47419429 2.05815196 1.96859479 1.99986339 1.67832398
    2.00627327 1.52933908 1.91488767 1.52603686 1.7263577 1.33638501
    1.63041234 2.00711346 1.65214181 1.779055 1.41971588 1.76205575
    1.83674693 1.84573591 2.11118484 1.5980525 1.51818478 1.54026628
    1.28492475 1.14353693 1.0268358 1.58916986 1.57341814 1.30257571
    1.65816033 1.78723907 0.93234396 1.79036415 1.1797961 1.89857805
    1.19073474 1.38300443 1.05286896 1.78105855 1.79579437 1.40806985
    1.77985024 0.962669015 0.926825583 1.84834266 1.47656775 1.58156908
    0.98606497 1.0968926 1.92290163 1.5746572 1.27598786 1.54858899
    1.85162985 1.12914228 1.19113076 1.13453221 1.04682112 0.943116903
    1.60593092 1.23569381 1.81906581 1.29821587 1.71358645 0.708615005
    1.42487919 0.918219805 0.775508583 1.33674002 1.62417603 1.75863242
    0.981140792 1.36062407 1.1397053 1.23992479 1.72364807 1.05678368
    1.0064286 1.44621778 1.33411479 0.746081293 1.31093848 0.758323669
    0.772637188 1.01945364 1.78565478 1.90918303 1.80813241 1.0738225
    1.20814872 1.23321843 0.980452418 1.01426828 1.5017364 1.13393438
    1.47782874 1.67524123 1.92398596 1.07803667 1.06695652 1.14765704
    0.969301343 1.20534718 1.39083123 1.24104631 1.14300513 1.03814209
    1.191257 1.56810498 1.54768479 1.56442261 1.20693099 1.61753738
    1.41280448 1.02634823 1.71196532 2.0382905 1.64857912 1.84614229
    1.50551975 1.07693827 0.994250298 0.957164884 1.35545003 1.44223869
    1.38937092 1.84050953 1.90743613 1.71006453 1.73289669 1.59873176
    1.32803583 1.25247037 1.33394957 1.50537395 1.22752917 1.63666916
    1.82195389 1.41846168 1.2189486 0.852673173 1.48330188 0.616093457
    0.934179723 1.64698756 2.01411772 1.3502903 1.42424381 1.10209417
    1.70160186 1.21086669 0.915159106 1.32136536 1.30865145 1.73523128
    1.83662593 1.20530522 1.4465791 1.43491161 1.79789281 1.48045647
    1.9105165 1.81253934 1.97724319 0.955338895 1.8047359 0.947850883
    1.3427974 0.970674515 1.67537856 2.02643275 1.12746835 1.45918059
    1.53329349 1.67159784 1.66792774 1.82340837 1.36402988 1.35970819
    1.72405219 1.56909955 1.99430323 1.93662119 1.89368939 1.59510648
    1.80595946 1.70274258 1.60722327 1.79948378 1.93538511 1.92831099
    1.7219429 1.00125778 0.967109025 1.1161859 1.64673471 1.74959707
    1.41010892 1.25131822 1.607916 1.28306866 1.03702307 1.11711609
    1.69597697 1.7507993 0.915331483 1.52055967 0.920734346 1.22141898
    1.30154896 1.2979027 1.21981382 0.935884178 1.73737276 1.82551658
    1.95691788 2.04730201 1.90458429 1.75962126 1.36076427 1.12610066
    1.79285192 1.06789982 1.34824193 1.24912548 1.57729042 1.34129882
    1.43494403 1.58792412 1.03612566 1.67215168 1.20532763 1.25498021
    1.91107321 2.26406407 1.96301186 1.91736507 1.2806977 1.56804001
    1.53679752 1.1655947 1.61533093 1.8216871 1.812922 0.939431846
    1.02063012 1.26507592 1.85475755 1.99914992 1.67416739 1.57647157
    1.77446127 1.52658081 0.984726489 1.38672745 1.73602736 1.62597096
    1.89957154 2.09822059 1.71804368 1.70483756 1.86091614 1.50232434
    1.66118217 1.16236007 1.62114584 2.00755501 2.03643298 1.64845932
    1.82875156 1.63650179 1.63319063 1.67760825 1.53595221 1.41472113
    1.55251455 1.22068739 1.74220634 1.69494879 1.55568492 1.08074689
    1.13118219 1.54983628 1.04696953 1.86179852 1.16367054 1.72480786
    1.19279706 1.39926136 1.10861278 1.48607004 1.4541173 1.79254854
    1.67630148 1.62490594 1.1349597 1.96467817 1.27216136 1.2930938
    1.80586004 1.12279785 1.95792699 1.77969599 1.7443192 1.36646736
    0.862710059 1.0685358 1.62623346 1.625319 1.25495219 1.34874403
    1.65983009 1.68494093 1.88553023 1.33068442 1.2225467 1.06796741
    1.49199462 1.59094441 1.45519137 1.28926027 1.02942467 1.06677175
    1.18505704 1.16466272 1.14057457 1.31820118 1.47215843 1.41958356
    1.51569903 1.17903447 1.37164533 1.71406984 1.24411833 0.966284573
    1.27154279 1.55074489 0.97476685 0.783368111 1.63120031 1.35164022
    0.984073102 1.33047748 1.16364944 0.807452857 0.769400358
    0.910439909 1.50760388 1.09019065 1.71859348 1.6186347 2.18882918
    1.84540904 1.98221362 2.01264596 1.75960147 1.78999984 1.44074249
    1.33314431 1.27237749 1.64325058 1.47997868 1.62406123 1.22894847
    1.05367637 1.00404871 1.72622669 1.7820121 1.45089018 1.72860396
    1.77569723 1.88749719 1.93351853 1.16208756 1.21535969 0.941653311
    1.08042181 1.02334535 0.876283705 1.14416933 1.66283858 1.57193291
    1.4733938 1.95485234 1.44768226 1.87763882 1.77577388 1.57523739
    1.7470057 1.64566934 1.51357198 1.92833662 1.66155529 1.16056335
    0.957323849 1.8447001 1.14716148 1.29616964 0.663818002 1.32024467
    0.846009195 1.93530667 1.59980917 1.04892921 1.0095706 0.844991207
    1.16210186 1.49418783 1.69573879 1.32118046 1.48780215 1.81595671
    1.44629419 1.61952698 1.65368497 1.2691834 1.92535853 1.97896338
    1.81041718 1.50389063 1.35775292 1.26304138 1.09992039 1.5393343
    1.84241033 1.56660604 1.14547324 1.23552847 1.97269368 1.59554052
    1.26961446 0.929372668 1.52633893 1.48421669 1.88338947 1.49369025
    2.03275943 1.9717052 1.20335996 1.22716498 1.30039394 1.73797846
    1.30880558 1.71723449 1.37529504 2.0967114 2.04177785 1.58382618
    2.00078893 1.31731224 1.55885708 1.92309213 1.94602025 1.39904296
    1.5279144 1.15342987 1.00707793 1.60934544 1.34366906 1.87599254
    1.41127658 1.67565489 1.36599278 1.11040008 1.89275193 1.15621161
    1.55522203 1.46459031 1.51994467 1.47736084 1.08071482 1.80305564
    1.76132238 1.67678118 1.68281496 1.03387713 1.40510726 0.914302051
    1.73121786 1.00681806 1.44114923 1.14899266 1.83370614 1.9060576
    0.994933486 1.35907269 1.52808273 1.53092778 2.11488533 1.93003726
    1.86953998 1.9907949 1.93243742 1.68612003 0.930923641 0.853002548
    0.819287062 1.12642634 1.08810604 1.8372643 1.045156 1.88536716
    1.58410192 1.24871564 1.62748802 1.3909831 1.40956855 1.18675196
    0.826984704 0.940549552 1.42368245 1.33991158 2.06949782 1.90144289
    1.24161756 1.47166526 1.51686728 1.25560451 1.56861401 1.73419559
    1.50232458 1.53829002 2.11367679 1.85205197 1.44174135 1.36250222
    2.00510907 1.56672239 1.90323532 0.978708804 1.26481605 1.73079729
    1.8997364 1.5150224 1.36822522 0.916811943 0.957300901 1.64955616
    1.69337904 1.2069087 1.49919391 1.06645858 1.88653576 1.41805482
    1.66318691 1.02511024 1.21422553 1.64431918 1.20331132 1.13678288
    1.110623 1.35590482 1.64653158 1.63681245 1.12127447 0.826457739
    1.01763988 1.20327115 1.63688898 1.67155313 1.24327397 0.812220812
    1.80104637 1.0308013 1.87674844 1.57063782 2.11381769 1.86822021
    1.72256565 1.31422269 1.34955645 1.53195322 1.44743991 1.18263578
    0.904087722 1.54611981 1.06312025 1.58187997 1.32136238 1.41808832
    0.978235304 0.981862009 1.72936738 1.33780348 1.75929904 1.90283275
    1.25538063 0.970513284 1.04270017 1.58235943 1.43206549 1.53402543
    1.26666939 0.96413219 1.11428154 1.42421877 1.25315821 1.89528143
    1.3158685 1.02814031 1.7442565 1.2275219 1.55856669 1.65929544
    1.90820801 1.77398384 1.65310383 1.97175252 1.50884807 1.83973372
    1.32869899 1.30937421 1.75397027 1.72884476 1.99757278 1.423401
    1.41503608 1.20289242 1.29169667 1.40856004 1.43699098 1.77875352
    1.59618473 1.07640409 1.2651211 1.61748827 2.07071567 1.42490208
    1.19273078 2.05028963 1.87103581 1.50654948 0.944027662 1.73476255
    0.962284625 1.54364884 1.30681479 1.07574522 1.23506188 1.54566705
    1.56890345 1.98824716 1.5945667 1.09433234 1.48598957 1.53796864
    1.57839727 1.55708718 1.23922944 1.34982908 1.51986289 1.59311354
    1.64204717 0.742650509 0.596777499 0.766536772 1.04500735 1.81239414
    0.961218417 1.85089672 1.61549163 1.32969415 1.54714918 1.09413838
    1.49925351 1.18828917 1.16583395 0.933605015 1.25985777 1.44431329
    1.9037931 1.09444332 1.98122656 1.58649302 1.78270543 1.87881732
    1.50670803 1.1752224 1.81892371 1.13253152 1.12941754 1.12484705
    0.994355857 1.89735746 1.40219975 1.53171086 1.09546709 1.19564843
    1.05581927 1.14235806 1.251436 1.53138828 1.89696252 1.57200384
    1.77687871 1.83213496 1.18430173 1.79672682 1.69365966 1.35268569
    1.9599545 1.34199572 1.51226223 1.91530716 1.57865298 1.52748442
    1.39945292 1.76042318 1.47823131 1.31681967 1.06344867 1.62725961
    1.77059364 0.935536325 1.0479002 1.00580513 1.48558939 1.1285156
    0.94035548 0.918225527 0.932636738 1.21544659 1.41984665 0.940856159
    1.19813466 1.64602029 1.35285985 1.51464009 1.37887979 1.44457054
    1.90627933 1.58430803 1.69252503 1.42033744 1.68166375 1.0302037
    1.54607749 1.63104928 0.911786556 1.30081201 1.02583575 1.5253948
    1.71339989 1.98546863 2.16483879 1.97763395 2.20588541 2.07348895
    1.90177333 1.67716837 1.2959305 1.04117286 1.56011569 0.982550025
    1.59272754 1.28360641 1.4673146 1.87316108 1.12949026 1.94654655
    1.72432208 1.97926307 1.48305929 1.19895327 0.881003737 1.48735249
    1.50056565 1.74711537 1.45044231 1.80723345 1.84863424 1.21341157
    1.15677416 1.5684551 1.60238171 1.53379929 1.05004942 1.92770267
    1.97363341 1.41074347 2.16416121 1.34130895 1.64417779 1.44170284
    1.91764057 1.2425437 1.23877716 1.00484598 1.35293663 1.81972849
    1.84379828 1.63449395 0.974371612 1.87263668 1.12277269 1.40876937
    1.16428876 1.71254742 1.58227181 1.83076525 0.97872287 1.45057774
    1.41176188 1.55592752 0.966660142 1.50198269 1.22017956 1.6005826
    1.80300617 1.34146285 1.28305686 1.07108855 0.919138372 1.20408344
    1.8106395 1.17338204 1.32908392 1.2654711 0.996229768 1.07697117
    1.89607084 1.86582649 2.00330114 1.19812703 1.68183243 1.90550709
    1.98623705 1.54350209 1.81541526 1.40072501 1.2824229 1.87998068
    1.28213084 1.70547104 1.54299593 1.83221662 1.34642744 1.06220376
    1.36864686 1.08991575 1.32315266 1.32995999 1.1616534 1.2129513
    1.27261615 0.974268794 1.5708077 1.12154531 1.47631919 1.24656832
    1.81462622 1.1241051 1.95654964 1.64088464 1.40739846 1.01986778
    1.09527695 1.42670298 1.48657608 0.961463094 1.53184319 1.62731957
    1.77856302 1.31468534 1.70052838 1.84437287 1.84140384 2.00873113
    2.03107524 1.87509954 1.97664702 1.92830694 1.34101379 1.1874764
    1.52895951 1.67552781 1.88641119 1.81605375 0.921841145 1.06286025
    1.1084317 1.9051131 1.39129567 1.04256058 1.79621279 1.01866865
    1.81602359 1.45895016 0.915394425 1.11807883 1.60201168 1.60746658
    1.38187063 1.61628354 1.24265599 1.11489439 1.97136581 1.59138751
    1.19803452 1.52735436 1.42218292 1.75355744 1.94385922 1.42127872
    1.10657644 1.91572392 1.34236395 1.30073476 1.92455482 1.37609649
    0.741428733 0.730976462 1.14760053 1.83789599 1.36870265 1.50385213
    0.873465657 1.5450865 1.67041671 1.15940797 1.53556633 1.02504158
    1.76920295 0.892456472 0.953201115 1.19134223 1.08384931 1.22679305
    1.83871472 1.33765602 2.01155663 0.988207579 1.6404388 1.25734377
    1.68562889 1.51479959 1.32779789 1.36902893 1.67646027 1.65869951
    1.20139182 0.810503602 1.42941666 0.74141115 0.925066531 0.999781966
    1.59538364 1.67054665 1.14380431 1.05874431 1.05536222 1.46707463
    1.43464875 1.1229378 1.10811734 1.68163276 1.64944994 1.47298789
    1.88834143 1.10398984 1.53183603 1.78513885 1.68805468 1.41228962
    1.53081095 1.32208312 1.2612021 1.72269428 1.74426937 1.21295071
    1.39726436 1.03841758 1.65766859 1.00811553 1.58071589 1.28169668
    1.77648604 1.22037172 1.76772451 1.05736899 1.05459857 1.14461029
    1.68026364 1.102265 1.42102826 1.02391624 1.15033174 1.08749437
    1.05943203 1.28741586 1.8867991 1.72499633 1.41939974 1.74788117
    1.63767803 1.53249454 1.59351778 1.91306329 1.10380757 1.57944977
    1.30959725 1.75963354 1.91471946 1.67284417 1.04589176 1.41510415
    0.95938772 1.38167322 0.926500916 1.21634793 1.35767543 1.81940877
    1.7059958 1.67670596 1.58520043 1.81369376 1.50006557 1.70784891
    1.41998637 0.968770742 1.7582072 0.805763125 1.00557721 1.19854987
    0.976111233 1.79674518 1.360147 0.977314591 1.41420805 1.13064754
    1.00923848 1.57301295 1.67630804 1.29379869 1.91307402 1.96907258
    1.89112604 1.15546429 2.09968853 1.78525949 1.0903517 1.54418969
    0.955271125 1.37462234 1.00493002 1.78793871 0.948753119 1.73931801
    1.39547539 1.38623226 1.41150498 1.55968678 1.3944701 1.94558585
    1.25880492 1.93058527 1.37226272 1.25911963 0.984718919 1.47262466
    0.81131351 1.08465111 1.06776392 1.69430673 1.69721818 0.924331844
    0.884472251 1.35439837 1.51645172 1.53936172 0.986551166 0.879775167
    1.0065223 1.50247478 1.64646626 1.23596299 1.66943407 1.85411453
    1.81432819 1.93670666 1.77240026 1.85634935 1.53997362 1.48113918
    1.40766335 0.992005765 1.26013684 1.24397671 1.65352285 1.97334516
    1.42396986 1.87517095 1.62521839 1.89182162 0.923915684 1.78257179
    1.97190666 1.79694414 1.69966185 1.46858644 0.954072237 1.62389541
    1.64289129 0.978942215 1.74829531 1.31631231 1.82573533 1.46082568
    1.59108233 1.84497643 1.30986321 1.77440333 1.72073197 1.48635161
    1.15371668 1.9959718 1.68739808 1.70675409 2.04429913 1.41078806
    1.4489485 1.64820945 1.60837221 1.59382975 1.23310924 2.05147505
    1.49155772 1.88189781 1.23885727 1.57381392 1.21479166 1.50739408
    1.24775267 1.90809846 1.06981921 1.46391511 1.43725502 1.38637924
    1.2065711 1.74993908 1.6602093 1.06686902 1.55144906 1.82220685
    1.11889279 1.57755876 1.0972842 1.06705666 1.88269305 1.16428924
    1.72697794 1.47829723 1.66691899 1.38904703 1.26061487 1.5330472
    1.7972492 1.94705176 1.03196847 1.45120549 1.61368763 1.31777799
    1.72289014 1.85254836 1.23215044 1.12494743 1.03190446 0.83342737
    1.5076952 1.01456285 1.51556706 1.06696594 1.65052426 1.88611662
    1.4388063 1.12602425 1.08566868 1.40788341 1.36829662 1.5244776
    1.16398108 1.27040696 0.893955767 0.983821869 1.77192461 1.06926537
    1.19909072 1.50051033 1.73354423 1.2222712 1.57524228 1.10206282
    1.62577462 1.24103904 1.00011885 1.08327806 0.841034651 1.50560534
    0.806806624 0.940075517 1.26976144 1.20996046 1.75715601 1.59723139
    1.06122816 1.34318006 1.7219764 1.82804096 1.48671031 1.33315265
    1.34166026 1.2262795 1.85830915 1.74624968 1.3950752 0.9802019
    1.24752712 1.34612644 1.88924217 1.71476376 1.49270964 1.04247081
    1.60692537 1.58474529 1.14791346 1.86436903 1.19934845 1.13636363
    1.59242439 1.45627046 1.04870927 1.82552886 1.05621994 1.27479529
    1.11588943 0.882129908 1.66852295 1.59682703 1.92169952 1.40278983
    1.37320316 1.25441003 1.3080709 1.5651257 1.74002016 1.45787549
    1.89977813 1.71314859 1.49403524 1.67583525 1.4080677 1.370875
    1.19125319 1.38732135 2.01911926 2.10823488 1.92607927 1.40117025
    1.25928009 1.11442006 1.93840349 1.1079644 1.8677696 1.77951872
    1.35130656 1.58081496 1.08874369 1.51576638 1.40006888 1.42414236
    1.79360235 1.69936478 2.02988029 2.07187843 1.90548265 1.42174423
    1.41746843 1.28040063 0.938646436 0.986641943 1.46961725 1.85807288
    1.04159737 1.92426169 1.27172756 1.07408094 1.19068408 1.32480741
    1.67414141 1.14058399 1.22019672 1.81255102 1.65833461 1.51840818
    1.87851536 1.96777868 1.26190007 1.59842968 1.75686669 1.863868
    1.66803396 1.06478155 1.16050005 1.77637327 1.91417289 1.88823378
    1.3574456 1.37152827 1.1670264 1.57442987 1.8848511 1.58499074
    0.925508022 1.25154984 0.801776886 1.5588491 1.08409536 0.886447489
    1.01120758 1.15193081 1.20526028 0.972820699 1.47505009 1.41358078
    1.68161833 1.79703701 1.10786831 1.36490095 1.30398321 1.663921
    1.51678264 1.79531085 2.0772562 1.24032843 1.79548526 1.86063576
    1.17636144 1.20770431 1.48628592 1.45220113 1.92584205 1.92720997
    1.56099594 1.63025165 1.19108641 1.50052977 1.45405436 1.83707654
    1.62530851 1.0036062 1.07902145 0.98662287 1.57354033 1.81975842
    1.62444329 1.48099697 1.40547645 1.72157085 1.68949008 1.47445524
    1.46534741 1.42812431 2.06857109 1.83938992 1.6711123 1.13214266
    1.39255214 1.34265113 1.22524333 1.00434697 1.3033551 1.06757951
    1.12456298 1.19004524 1.40161657 1.56563973 1.52377367 1.94755316
    1.19568336 1.90219092 1.44102776 1.284024 1.17202234 1.39743125
    1.71378243 1.6353544 1.53815591 1.27048194 1.60967147 1.22545171
    1.27417088 1.8925643 1.2726655 1.02918971 1.35277069 1.5155586
    1.18556678 1.35711408 1.35815322 1.60440254 1.12075031 1.00593936
    1.3501116 1.63549554 1.66526616 1.57846475 0.999743938 1.2125752
    1.06394386 1.40760911 1.80387306 1.2552551 1.56193554 1.05923223
    1.85526204 1.76119161 2.02863336 1.93231952 2.04511452 1.66820645
    1.63833606 1.16246557 1.54072225 1.39713359 1.32780945 1.53758752
    1.14810658 1.35204339 1.03246152 1.15370154 1.28448784 1.45928013
    1.3690778 1.5727278 1.41510546 1.55191016 0.884007096 0.781948745
    1.14505756 1.15748119 1.14264584 0.989013731 1.29835665 1.18773317
    1.08541298 1.41248167 1.53440404 1.56870508 1.82464612 1.62406445
    0.922081649 0.856931865 1.50344467 0.704591811 0.738053262
    1.19788313 0.878173888 1.50277817 0.929853618 1.52867448 1.02676141
    1.75991964 1.34389997 1.1172936 1.74625933 1.56308961 1.0560081
    1.71817839 1.34716666 0.934465945 1.70504057 1.36171591 1.46967578
    0.869393468 1.17063689 1.17833626 1.01473856 0.919098258 1.08552063
    1.68348956 1.30503511 1.83528948 1.73452485 1.63430774 1.26432443
    1.58010828 1.87912166 1.89289069 1.37729049 1.20923996 1.24424529
    1.06379867 1.36976159 1.62802112 1.78510869 1.66891074 1.35233653
    0.988373995 1.01762795 1.39973497 1.47519851 1.05881143 1.90456522
    1.97035551 1.62003958 1.92546833 1.90049267 1.02970481 1.5993911
    1.35573757 1.86767876 1.28341329 1.87741005 1.27891433 0.934979141
    1.13112307 1.06142318 1.49305999 1.211743 1.79276073 1.11875868
    1.57357192 1.59094703 1.41889071 1.17829347 2.11033773 1.48436677
    1.4701798 2.01332116 1.72062469 1.19365561 1.9670639 1.2460264
    1.43763244 1.59224021 1.54628789 1.55126715 1.53510642 1.23041272
    1.73862219 1.46734142 1.10821116 1.37605453 1.8215189 1.40940595
    1.84331059 1.81464183 1.53940344 2.03010654 1.8083477 1.83611262
    1.03722537 1.764027 1.52443564 1.65059161 1.65231407 1.13296258
    1.26270425 1.43843818 1.48104405 1.90609431 1.76743853 1.95287979
    1.12712097 1.19248784 1.95018137 1.34582114 1.32108748 0.991381466
    1.03715754 0.923584461 1.18032813 0.957692027 1.1880753 1.44304097
    0.850753665 1.15711749 1.58520818 1.36049449 1.61641872 1.14447832
    1.01460326 1.46323717 1.75432312 1.3490634 1.09061837 1.8512007
    1.02330685 1.3140583 1.60458863 2.03002834 1.46758401 1.23703551
    1.38521874 1.09436297 1.6851759 1.4627583 0.994183123 1.25800478
    1.40952301 1.61866736 1.61716187 1.09287143 1.9719131 1.29384768
    1.74772346 1.23906851 1.22582698 1.44384408 1.30867875 1.21401
    1.0137409 1.56736076 0.93788594 1.15078354 1.91457975 1.80722725
    1.34323668 1.43947911 2.02288294 1.27880454 1.85072207 1.06142271
    1.79925752 1.24099469 1.71240699 1.27164614 1.75476301 1.6794225
    1.87299705 1.41930854 1.26126504 1.28738534 1.67578328 1.66613591
    1.15940869 1.76509333 1.18707132 1.7756784 1.99020541 1.28722763
    1.57688332 1.92493761 1.83282077 1.82107186 1.68455315 1.0788126
    1.51558483 1.88503253 1.04679608 1.05038846 1.43085718 1.61522889
    1.72844732 1.54471016 0.871776581 1.23348355 1.09145677 1.69863236
    1.33717251 0.921442986 1.59437692 1.08122146 1.36067188 1.07673407
    1.61170089 1.78033936 2.02185178 1.51656401 1.55644286 1.27932823
    1.71459711 1.10850644 1.85053253 1.62719309 1.83256936 1.29129553
    1.51051521 0.662849069 1.04392672 0.943314672 1.50172389 1.12805295
    1.09906363 1.4595139 1.47129583 1.77405632 1.33900404 1.51822877
    2.07043529 2.05331326 1.68027461 1.10165119 0.969968379 1.81002319
    1.17770171 1.38003004 1.01161349 1.44570029 1.26822162 0.866197705
    0.857951164 1.10589242 1.32027698 1.54608321 1.10575569 1.54530358
    0.920633137 1.33107948 1.38969839 1.3037585 0.991856813 1.18347251
    1.0998714 1.74352372 1.51380908 1.65728045 1.65244031 1.71747601
    1.28824484 1.6874392 1.2089417 1.17045045 1.03766334 1.62242496
    1.10445368 1.67512131 0.916297138 1.75733185 0.835273743 1.02691066
    1.28728318 0.901769638 1.59390295 1.0200696 1.50629294 1.52891004
    1.08477724 1.41413653 1.19004583 1.45046115 1.44446433 1.85060716
    1.7547965 1.1634773 1.6107502 1.51441586 1.08891881 1.40471148
    1.66899979 0.979937375 1.44291174 1.14851606 1.27166319 0.88194561
    0.954631269 1.14410031 1.39785397 1.17496502 1.77548504 1.70982373
    1.60632062 1.83009887 1.95377362 1.69479787 1.23982167 2.04752898
    1.55134964 1.10346258 1.3669461 1.26811659 1.7266469 1.37023759
    1.10734797 1.11359262 1.29899955 1.5901022 1.81848693 1.74406719
    1.95382881 1.45880997 1.79548252 1.69599676 1.81508374 1.38441956
    1.86896038 2.02342486 1.08871913 1.72941434 1.23020911 1.88277531
    1.82096779 1.31663728 1.5802387 1.89741433 1.44413042 0.959616303
    1.83443689 1.38268626 1.65154982 1.65039098 1.22028756 1.74768698
    1.57784653 1.15635026 2.06605506 1.4301405 1.51746762 1.26994908
    1.48814249 1.95466983 1.31354833 1.87790084 1.43761361 1.57031846
    1.82120216 1.06580961 1.53216743 1.96931911 1.90734065 1.12838662
    1.22879982 1.21027792 1.38790965 1.40137362 1.06974745 1.65134037
    1.36111903 1.78555393 1.66967916 1.40582204 1.19648361 1.60041952
    1.48778296 1.38332951 1.56705022 1.62372172 1.21907234 0.880885243
    1.09969664 1.2802918 1.78153086 1.81152165 1.3380326 1.61464906
    0.995106041 1.77044129 1.39905512 1.82092774 0.934890926 1.49191821
    1.33385754 1.59318507 1.85840511 1.05262077 1.23441541 1.55503404
    1.06110847 1.55793178 1.04944086 1.68573785 1.23337007 0.800797939
    1.07491899 0.783011496 1.04343879 1.02159989 1.36030722 1.28670382
    1.02919018 1.49550378 1.21167302 1.57341075 1.39323318 1.30575168
    1.96421635 1.80042207 1.4891597 1.5320971 1.68332052 1.06965208
    1.36397827 0.843939781 1.14735162 0.987808585 1.12639558 0.946891963
    1.75031185 0.985295534 1.01116097 1.72499669 1.54822981 1.41095185
    1.3653971 1.44465458 1.88194013 1.07989109 2.03091621 1.03159356
    1.96939182 1.13956511 1.84672177 1.81509614 1.90332794 1.37711036
    1.86442459 1.98868191 1.59539282 1.90391684 1.50611675 1.16627514
    0.917233825 1.17418921 1.6990211 1.11881316 1.50282204 1.41375673
    1.87817955 1.00132656 1.52502143 1.29439163 0.964510977 1.31697667
    1.99855411 1.67984915 1.47408807 0.968176007 1.24810088 1.53818166
    1.88780308 1.95316732 1.21978319 1.58627284 1.66006184 1.55005705
    0.687214971 1.03546202 1.18105924 1.48418295 1.03791749 1.4823463
    1.09623992 1.83856392 1.48426473 1.88690066 1.79778314 1.34825695
    2.02690959 1.55375075 1.85419297 1.33822119 1.17105472 1.30978203
    1.72440362 1.79891706 1.65671623 1.04445636 1.01969326 1.20316005
    1.85781252 1.69909036 1.95229292 1.84768558 1.16063178 0.896379232
    0.805388212 1.23491168 1.77977264 1.03637707 1.82744598 1.79740071
    1.17757761 1.90110719 1.85391843 1.40847099 1.93033075 1.64332747
    1.82691705 1.9696312 1.36113334 0.925403714 0.908132672 1.32724094
    1.50163162 1.00428462 1.54482567 0.657826006 1.11333013 0.833932281
    1.02588379 1.06171536 1.06863081 1.25959373 1.85035586 1.11199868
    1.98108733 1.97239745 1.55009329 1.80019057 1.76428998 1.53829813
    1.89909613 1.55386293 1.33539832 1.38392913 1.73205268 1.02076507
    1.32364583 0.914970338 1.54343712 0.809821367 1.27460015 1.21691215
    1.83732057 1.69803083 1.094136 1.83835018 1.04086876 1.71190464
    1.21635914 1.7674315 1.26108623 1.77586091 1.08185279 1.29920518
    1.85246587 0.902648568 0.861320555 0.740520477 1.22709143 1.68260026
    1.57340431 1.64386964 1.11491251 1.05598366 1.0043844 1.79488754
    1.97193813 1.93782854 2.06612396 1.70750618 1.29874182 1.53888237
    1.94950581 1.79614162 1.74256229 1.29867315 1.61871231 1.96590698
    1.29897714 1.13347685 1.0913018 1.24306524 1.49384522 1.6752156
    1.37560844 1.74690306 1.42344534 1.544348 1.34461141 1.38163531
    1.11044765 1.481552 1.77053833 1.49563468 1.16997099 1.19851446
    1.43050623 1.05030072 1.66558743 1.25152373 1.44437718 1.0391072
    1.2750088 1.9275409 1.79821014 1.81653917 1.19202423 1.34585321
    1.82683253 1.63372898 1.87812817 1.62183702 1.08336782 1.51293135
    1.06558383 1.28112257 1.03205645 1.47017586 1.32424641 1.47171843
    1.01842093 1.4326129 1.07244778 0.750259757 1.12718379 1.07164645
    1.30439639 1.50210595 0.879126787 1.34543335 1.44600058 1.08029354
    1.53638685 1.95438397 1.87483799 1.76049459 1.0011729 1.85635674
    1.77931356 1.37645316 1.63845634 1.47191179 1.64383519 2.00427151
    1.60116577 1.50343275 1.35881174 0.802317083 0.812518895 0.744319439
    1.17890275 1.76918781 1.28663588 1.13675964 1.65061986 1.82484579
    1.71526325 1.34367895 1.31402183 1.54328275 1.99259734 2.11265635
    1.45805204 1.28408623 1.75003409 0.985902786 1.23065424 1.03175509
    1.12536621 1.53796339 1.22007823 1.65290499 1.44667113 1.3145237
    1.68909276 1.64357996 1.66155553 1.17404222 1.71458268 1.5605756
    1.71319222 1.9841491 1.78987706 1.46738589 1.64624739 1.18691802
    2.07004499 1.66631174 1.18327963 1.5725044 1.76511121 1.48272145
    1.44784069 1.84801877 0.990678191 1.76603782 0.81220907 1.04114175
    0.933906376 1.47437894 1.22304761 1.25580037 1.47328424 1.31873512
    1.46134198 1.24638367 1.45048761 1.62141776 1.44936776 1.91703653
    1.80767632 1.7900492 0.880876482 1.52101231 1.05506134 1.73540342
    1.36974597 1.72824311 1.66884005 0.743290424 0.912134707 1.30940938
    1.29525101 1.88987303 1.63576066 1.40451419 1.11161089 1.03395963
    1.5637399 2.17712522 1.57726395 2.26279783 1.94608235 2.1772027
    1.73553205 1.9372381 1.74388003 1.37904537 1.21213567 1.64354825
    1.22886026 1.02585578 1.11616004 1.59421206 1.54555547 1.8375324
    1.60307157 1.7586745 1.71278214 1.26491296 1.50562406 1.204193
    1.36245799 1.46574903 1.8649503 1.41398644 1.66144383 1.87270379
    1.16567504 2.18869209 2.01356745 1.28939593 1.794819 1.58914363
    1.52519441 1.66969776 0.966023624 1.16902637 1.85940278 1.35594583
    0.950815499 0.916556835 1.16429555 0.827963769 1.76163352 1.61939919
    1.61562681 1.91297877 1.79211342 1.57218897 1.70564878 1.19733679
    1.42456925 1.01822376 1.57747746 1.36679244 1.36149287 1.54494798
    1.20868897 1.04743302 1.24904668 0.827471018 1.09104407 1.08622277
    1.29586208 0.982324123 1.48057413 0.98655051 1.52319825 1.50499403
    1.1731317 0.905442715 1.26201642 1.35270631 1.59537518 1.9493835
    1.60870039 1.03465235 1.86527026 1.46612453 1.6257304 1.23921824
    1.14733469 1.26625896 1.28020287 1.07450342 1.61508858 1.23604441
    1.51771462 1.63841522 1.53200781 1.57915354 1.87085187 1.64485776
    1.86299419 1.39488196 1.83575559 1.4407481 1.68561208 1.61297154
    1.29589152 1.4050647 1.27915609 1.91335356 1.87862563 1.58932877
    1.94046533 1.33489597 1.60388196 1.39007056 1.55263686 1.15593541
    1.22680068 1.8953985 1.87967336 1.56908774 1.61668503 0.959847987
    1.78116119 1.20002115 1.52627766 1.79230869 1.55214238 1.9129951
    1.48273957 1.14703572 1.25440633 1.09005845 1.64378667 1.11050951
    2.06284237 1.47298813 1.44120932 1.26821768 1.09005332 1.30183434
    1.52735984 1.12186801 1.92263329 1.77812612 2.05225968 1.20838034
    1.70183945 1.48397601 1.33576357 1.32794821 1.74451613 1.0825882
    0.827314675 0.733420253 0.757826328 0.939117074 1.5631851 1.29566956
    1.27675724 1.16440582 1.39687622 1.60598063 1.37097931 1.99319065
    0.973200917 1.76241791 1.09570336 0.973669887 0.985792518 1.1409055
    1.95331478 1.71241391 1.07119763 1.90132213 1.45489562 0.941728354
    1.16584504 0.918929458 1.17592502 1.08012891 1.45023382 1.60137522
    1.37672257 1.05315173 1.57756889 1.55695784 1.89338851 1.54679906
    1.51618028 1.96757913 1.96568894 2.07896733 2.05117941 1.64120793
    1.40926564 1.25996459 1.23771954 0.964274943 1.1220938 0.927810133
    1.65434253 1.42305195 1.10713947 1.5317744 1.93048215 1.63520384
    1.99826634 1.42755651 1.16179276 1.07726514 2.0223279 1.78494966
    1.95296669 1.25575876 1.94914281 1.1106621 1.06040466 1.81494927
    1.77792132 1.88988042 1.54640019 1.47537804 1.90931034 1.50131524
    1.24026477 1.03845847 1.21141994 1.33224726 0.867735803 1.06914091
    2.0517993 1.94174409 1.83375156 1.38086784 1.48185968 1.33429062
    1.65735173 1.5234673 1.09333098 1.46794665 1.56945562 1.17777336
    1.63455212 1.13903058 0.889596701 0.892293394 1.08855665 1.45301569
    1.02121007 1.18984556 0.983960211 1.46630478 1.86494088 0.978740036
    1.38259971 1.39546514 1.40621483 1.615852 1.65243411 2.08323503
    2.08245802 2.19459319 2.07983756 2.10139799 1.74661684 1.93152118
    1.62342441 1.3338623 1.58431768 1.55779779 1.97980762 1.81261909
    1.49908149 1.04920411 1.19882584 1.21723747 1.27281344 1.36438525
    1.18314254 0.97499764 1.28458381 1.73825574 1.80707872 1.08443844
    1.63785815 1.83888221 1.98737431 1.48173177 2.10108066 2.06034946
    1.86933863 2.08264518 2.09234571 1.69777989 1.22885597 1.1785289
    1.84319341 1.01455176 1.78438234 0.923281908 1.30790484 1.57419074
    1.80256009 0.816540599 1.65366626 1.71847665 1.9265132 1.73642361
    1.34398162 2.13965082 1.30972373 2.04377317 1.33869636 1.80162919
    1.02408671 1.64625072 1.73878419 1.61996078 1.32832003 1.50908005
    1.19956326 0.942720056 0.849733233 0.855968595 1.70565796 1.30947137
    1.22483778 1.78029442 0.997772992 1.03314233 1.5627656 1.42150152
    1.13730478 1.43142724 1.23316002 1.57323527 1.49641001 0.939030051
    1.15308058 1.86130595 1.79270339 0.918135464 1.49431503 1.2602371
    1.72212219 1.27584517 0.995336175 1.91203713 1.02563393 1.17564714
    1.24679637 1.22092974 1.59588647 1.04115987 1.14445984 1.18146205
    1.46131861 1.26591134 1.53186119 1.77388 1.64873314 1.42376947
    1.70100212 1.22150743 1.91936398 1.1616466 1.72364926 1.98980367
    1.22395539 0.983714998 0.962828577 1.89625001 1.85766494 1.72331381
    1.49641001 0.993989289 1.8218658 1.65266109 1.3282876 1.85901916
    1.86680603 1.13457084 1.33207035 1.0442102 1.49762607 1.41551733
    1.35130143 1.67093706 1.8917135 1.19911563 1.94678354 1.53097141
    2.02977705 1.20054853 2.02009964 1.21563983 1.75053036 1.78235483
    1.88909304 1.78489351 1.63600731 1.6413002 1.71829581 1.14385486
    1.35187817 1.13949358 1.76402497 1.30940235 0.857429445 0.744772077
    1.42030549 1.41517615 1.24657786 1.69142723 1.35460544 1.3263278
    1.63792646 1.88257658 1.48984396 1.32748628 1.20039308 1.49135149
    1.51965821 1.1668669 1.12299407 1.67381072 1.68558884 1.95374715
    2.02382708 1.18424499 1.05671978 1.71098328 1.20855665 1.5833286
    1.34091508 1.28099954 1.75300753 1.32030451 2.01315093 1.91070199
    1.13170409 1.94728434 1.55863523 1.15452242 1.52600384 1.52518082
    1.85388577 1.28929818 1.93932068 1.41128743 1.02960885 0.903139472
    1.31367981 1.36490989 1.38088 1.20575631 1.60684597 1.71134925
    1.59967327 1.97836077 2.0536859 2.09110594 2.11583471 1.2723757
    1.28874087 1.10835373 1.96488452 1.76771235 1.9699347 1.53241873
    1.12036753 1.26574039 1.81298268 1.70651221 1.14562023 0.966365039
    1.69674921 1.26919961 0.965614438 1.62929535 1.11528802 1.47671306
    1.17043698 1.40010047 1.05047393 1.82191288 1.32622588 2.02249384
    1.97796631 1.49027622 1.81265116 1.58906126 1.48586416 2.07855725
    1.22568643 2.00118589 1.53451836 1.5997988 1.37212431 1.29576313
    1.3294816 1.32430065 1.41411686 1.71196079 1.33832002 1.36101413
    0.895588875 1.60049903 1.05117893 1.37352312 1.6709069 0.946886897
    1.32154715 1.73793614 1.96096134 1.38905215 1.90917706 2.16833138
    2.21379662 1.55850399 1.88048291 1.39142692 1.79313493 1.70218229
    1.32666016 1.0539968 1.66809201 1.70977235 1.8336544 1.86128926
    1.15398729 1.60181999 1.50070965 1.61287034 1.07615089 1.30505133
    1.47564876 0.980059266 1.73696327 1.5541538 1.95440137 1.62341952
    1.42107165 1.78042555 1.48213339 1.67146325 2.04451871 2.02150583
    1.13018358 1.40881205 1.40350258 1.38359249 1.46145689 0.933459461
    1.58247733 1.66628826 1.92468202 0.882592261 1.41653275 1.48212016
    1.90675664 1.20177078 1.92821395 1.8074286 1.37505007 1.36439693
    1.8752712 1.81228685 1.41083825 1.43789911 1.2346319 1.50513637
    1.12023139 1.32828498 1.21799445 1.3865248 0.875397205 1.16061294
    1.58911848 1.02960956 1.5361973 1.74450231 1.88388085 1.8569119
    0.932536423 1.32395089 1.07899272 1.27250969 1.12918544 1.225806
    1.52996433 1.65335059 1.0561049 1.5978595 1.25929034 1.4843539
    1.04881907 1.87781572 1.19041526 1.60953498 1.15936911 1.54012096
    1.48304081 1.5161804 1.62465429 1.8201282 1.50335407 1.59842193
    1.07343185 1.54713857 1.32804251 0.890720248 1.74818063 1.80527258
    1.84574234 1.78765845 1.29195523 1.82088804 1.20567083 1.63956809
    1.99611998 1.99697804 2.01220584 1.91428304 1.91006052 0.996322989
    1.02844739 1.46272552 1.85430598 2.07147312 1.59649467 1.56500161
    1.2097075 1.54887259 1.4994303 1.32640648 1.24606013 1.20108283
    1.67327833 1.53304696 1.46476316 1.35758579 1.26939118 1.4714402
    1.85466099 1.19393468 1.88742733 1.13900578 1.62817097 1.82818353
    1.42069352 1.91683328 1.68469393 1.21353996 1.53530478 1.80735898
    1.92796969 1.50501728 1.39914823 0.899264216 1.22735691 0.930382729
    1.7618829 1.13171113 1.08287597 1.4766084 1.14001739 1.46340895
    1.66689014 1.48839915 2.01158357 1.76404667 2.02446437 1.7668668
    1.63003993 1.70477426 1.84448719 1.19414902 0.95388639 0.90159893
    1.25517225 0.904666543 1.77209604 1.86996555 1.17362511 1.33219254
    1.05000007 1.47274971 1.30390894 1.18728316 1.16200173 1.54348898
    1.78732061 1.73194301 1.26229942 1.45249057 1.96029162 1.1422143
    1.55937207 2.01432943 1.38449109 1.83838344 1.71066391 1.71663511
    1.67106068 1.16134167 1.52648485 1.59527016 1.09927583 1.6577003
    0.949328363 2.02667618 1.44908082 1.92654431 1.63502169 2.03201652
    1.62772429 2.01196957 2.05833364 1.8745563 2.02637577 1.79227197
    1.87351155 1.71504068 1.81334949 1.73507428 1.46503711 1.80576777
    0.887760282 1.20142376 1.09125352 1.06465662 1.17064261 1.49208546
    1.40365624 0.951896966 1.17994344 1.3960408 1.06939065 1.53870595
    1.02151704 1.18150198 1.96410549 2.10690951 1.90695536 1.91652632
    2.09152198 1.58900559 1.40592635 1.3980273 1.37007606 1.76069915
    1.74536204 1.02556288 1.6741128 1.2384541 1.69350827 1.21568787
    0.970924735 1.08839524 1.49675238 0.819007576 1.34031284 0.872390687
    1.27746022 1.45550072 1.34250772 1.23546469 1.26985919 1.2231741
    2.07773137 2.00878859 1.3824259 1.89790535 1.74323487 1.3183893
    1.34211838 1.05892324 1.51998258 1.5849793 1.75805819 1.30311656
    1.81554723 1.88082409 1.36648321 1.92412031 1.84885406 1.15549493
    1.091506 0.900995553 1.40882933 1.86793172 1.41545737 1.61230469
    1.64652336 1.27490413 1.22815514 1.60583889 1.72164178 1.15679455
    1.3081578 1.35351789 1.97127748 1.10246265 1.70237732 0.999102712
    1.12816978 1.6046778 1.05230916 0.886919022 1.12163949 1.22965968
    1.79799342 1.028198 1.87125123 1.74581122 1.01898158 1.33676672
    1.1094619 1.82320249 1.45913625 1.72937799 1.43596911 1.70582223
    2.01456642 1.16069698 1.85643017 1.60973656 1.66406584 1.11443365
    1.36374199 1.84344542 1.24346089 0.8749277 1.54306901 1.46599662
    1.28377509 1.82522631 1.40718079 1.60310042 1.27843094 1.89791608
    0.983147442 1.51605248 1.68736625 1.67900455 1.36460638 1.01931298
    0.850955844 1.23731637 1.12834609 1.84850764 1.15247893 2.0191617
    1.39842176 1.14137423 0.896836936 1.85520756 1.17632127 1.83599854
    1.28574061 1.37963521 1.33584797 1.40362561 1.64237058 1.26909959
    0.868660033 1.5942657 1.51449966 1.08523977 1.44459629 1.38673055
    1.37474751 1.70442474 1.81808174 0.987326205 1.61713934 1.34616601
    1.78816926 1.5149883 1.69151664 1.74253738 0.912130296 1.22721481
    1.49899006 1.70834851 1.96739876 1.2885797 1.6142205 1.07453346
    1.49577844 1.05494511 1.06065166 1.64734066 1.31560981 1.68131745
    1.11644673 1.79430103 1.57754362 1.36835217 1.33710194 1.10864937
    1.67016351 1.77288258 1.07580817 1.85716057 1.13719904 1.869928
    1.20534015 1.23053336 2.04775381 1.76504016 2.01235485 1.14904904
    1.29324639 1.04742527 1.15689611 1.55130959 0.928617895 1.55811322
    1.56871009 1.78916049 1.74102473 1.86714149 1.61739588 1.25919878
    2.09386301 2.00743127 1.55536842 1.77082765 1.77618599 2.06337285
    1.89892554 1.20495772 1.49656057 0.838542163 1.56287575 0.997430623
    1.39792728 1.34088695 1.85090446 1.61704278 1.0730933 1.26312935
    1.70695364 1.11761868 1.4238236 1.45648277 2.02072406 1.71462727
    1.9906491 1.28082585 1.58037078 1.47303545 1.53677881 1.40673637
    1.31155992 1.30097079 1.04546058 1.3207711 0.918994904 1.67855501
    0.746809304 0.93371141 1.28529692 1.89030015 1.44173563 1.67546463
    1.30837476 1.56779587 1.59669006 1.54535174 1.98116732 2.18349266
    1.99657369 1.91029465 1.47522223 1.61186504 0.9981727 1.45696795
    1.43829191 1.72786927 0.893512726 1.25608599 1.00290275 1.10841882
    1.29702008 1.08253169 1.0589819 1.52878356 1.8728174 1.33705401
    1.04146779 1.07062817 1.83336186 1.23338091 1.16502714 1.00734687
    1.47119689 1.47769868 1.39683914 2.06709599 1.29688263 2.13464546
    1.61366749 1.94626403 1.78735876 1.66342676 1.69618058 1.02370632
    1.47625744 1.54901779 1.42295003 1.58562326 1.54897201 0.970702887
    0.717936695 1.45266318 1.3902173 1.06688023 1.02817893 1.21640325
    1.44444239 1.5186913 1.2672801 1.81790709 1.83499169 1.90460253
    2.13841677 1.83875895 1.75175893 1.67306149 1.62840521 1.91867948
    1.29946685 1.10282695 1.83123577 1.451491 1.2617389 1.10834348
    2.04145765 1.2337153 1.32451987 1.17574453 1.66619384 1.5184958
    1.42777193 0.947660446 1.5773344 1.49662805 1.5894587 1.16005123
    1.67966354 1.8586241 1.40841806 0.853200018 1.28825104 1.02494299
    1.7835139 1.62612867 1.8292793 0.991842806 1.23412216 0.809100449
    0.949331224 1.56260908 1.65897858 0.87487787 1.34113073 1.53215933
    0.974296808 1.23188901 1.11905694 1.62541211 1.14201438 1.83317256
    1.14583123 1.15643609 1.24992228 1.26305878 1.42690194 1.81979012
    1.34219921 1.74354637 1.26424718 1.71912217 1.61521161 1.13425303
    1.79270995 1.3243047 1.85359263 1.40757525 1.40722299 1.73229289
    1.09411061 1.15484774 1.11723137 1.37012756 1.5505085 1.26527643
    1.20166898 1.25747967 1.28427863 0.858058274 1.03061008 1.03220201
    1.06575143 1.59311199 1.40285087 1.64061296 1.03309619 1.81901264
    1.28499997 0.906722009 1.07088351 0.933783054 1.62544787 1.70428038
    1.49093175 1.25383914 1.13565421 1.31475818 1.7761395 1.41897643
    0.9335168 1.67776632 1.66605103 1.7486949 1.52394533 1.03340876
    0.965294838 1.9929558 1.34585381 1.5642879 1.4653846 1.47183347
    1.47324693 0.994888425 1.48277593 1.17776978 1.87747657 2.05660224
    1.95442009 1.90954053 1.01269341 1.12069106 1.6561799 1.31668711
    1.84533381 1.22215438 1.01147521 1.16313529 1.67787921 1.25947309
    1.18528211 0.804517925 0.865192652 1.6774447 1.55031228 1.88589656
    1.85064828 1.54745018 1.44788182 1.20993686 1.25528955 2.05313182
    1.87458634 1.23104024 1.9028393 1.10025811 1.713925 1.08551514
    1.12125719 1.59022439 1.37153959 1.02861726 1.96087408 1.6528821
    2.07076406 2.08633351 1.91889596 1.4576633 2.23529935 1.85083139
    1.93706572 1.88721514 1.65528333 1.49588525 2.13611126 2.01107979
    1.91126204 1.49887693 1.48907721 1.20886219 1.65171397 1.00549042
    1.699705 1.05800462 1.40369725 1.70273173 1.27489758 1.27983379
    1.37194085 1.7405169 1.42639565 1.23985636 1.66895998 1.66116023
    1.47963464 1.66035926 1.60055566 1.0564872 1.82609689 1.27703595
    1.38159323 1.40934813 0.979376733 1.15934861 0.891309738 0.946245193
    1.00569034 1.75799847 1.72070408 1.77995074 1.43066514 1.9054333
    1.14953613 1.84189725 1.45411325 1.42534649 1.34345746 1.80696785
    1.42487812 1.35727298 1.44485033 1.57137167 1.03440499 1.625543
    1.57166207 1.13420534 1.73637366 1.32906675 1.15498972 1.8662976
    1.92004478 1.85541987 1.11509371 1.71968806 1.10344517 1.27201605
    1.2682389 1.58297384 1.23986828 1.7395575 1.49797654 1.41349709
    2.04797888 2.1714201 1.41471553 1.6604377 1.37521088 1.50859177
    1.277318 0.932822585 1.29386294 1.5224601 1.6506412 1.47046304
    1.39272106 1.31487012 1.10927522 1.51534855 1.33981025 0.84157443
    0.851570606 1.58195233 1.96226501 1.4113307 1.16247284 1.54124665
    1.96392846 1.9184525 1.71187425 1.46976948 1.89459085 2.11103392
    1.74598777 1.07114446 1.43622756 1.37774253 0.912825644 1.8703717
    0.972355783 1.70233917 1.16912007 1.83959949 1.44021964 1.24319863
    1.74438179 1.01679587 1.27895522 1.42442834 1.81811845 1.4318707
    1.74272656 1.57128584 1.85293996 1.64956069 1.32858407 1.27269697
    0.975013018 0.976637483 1.00951624 1.25903177 1.04190755 1.13049686
    1.07929587 1.71693182 1.09819603 0.846589804 1.65045738 1.63892949
    0.847449839 0.98330915 1.67029583 1.35588837 1.00244474 1.68630588
    1.24904573 2.01154566 1.61910009 1.54152191 1.42314374 1.4795959
    1.33802271 1.33061767 1.91994345 1.36024487 1.96386504 1.09506011
    1.27766931 1.8665086 1.50805044 0.944601536 1.20109308 1.99719357
    1.12327766 1.63613343 1.39590895 1.4057188 1.17972195 1.31083
    1.51147437 1.34415102 1.46027315 1.58132613 1.03414381 1.32564151
    1.05950546 0.691861868 1.00516474 1.57430446 1.66273415 1.96047246
    1.96188045 1.92077637 1.42243779 1.60751212 1.54007912 0.85074985
    1.16565657 1.50946915 1.42199314 0.96136117 0.817337036 0.999685705
    0.990622163 1.58101118 1.33514106 1.77407217 1.20348477 1.66363478
    1.81543028 1.43021977 1.1442194 1.85302317 1.09487259 1.52725792
    1.10137129 1.06308424 1.11995375 1.80175793 1.04042006 1.64421189
    1.42391443 1.80976319 1.46892858 1.41267014 1.52356339 1.3832196
    1.11068368 0.906751454 1.2869612 1.05825126 1.32152534 1.46560264
    1.79236436 0.983457088 1.56175101 1.75792038 1.20643651 1.4543879
    0.974468887 1.11910176 0.997534156 1.56058788 1.75484288 1.32023048
    1.25557256 0.982341468 1.02330387 1.74806058 1.86566198 1.51534986
    1.83758271 0.990178466 1.59003496 1.45128226 1.20600736 0.781428874
    1.32874656 1.10999358 1.65988219 1.81508613 1.28210914 1.07477093
    1.41412079 1.89799821 1.79342866 2.07404613 1.86521065 1.17297018
    1.58894205 1.94188023 2.13906956 1.80159116 1.61424661 1.21450341
    1.14401841 1.00791478 2.01450348 1.25651729 1.64407206 1.59045374
    1.37067521 1.55644751 1.80728757 1.45038426 1.82651258 1.5909555
    2.08238149 1.91384852 1.82163393 1.75660074 1.87325931 1.76114333
    1.54773128 1.41818833 1.05456746 1.72928774 1.77948368 1.25896561
    1.64489758 0.922495425 1.11359513 1.68953216 1.06271386 1.45170438
    1.53855669 1.74846399 1.725896 1.88053155 1.82328224 1.53849947
    1.32858944 1.55588031 0.921806037 1.33468044 1.55658424 1.51453125
    1.53219473 1.60466444 0.905303538 0.903800011 1.31972861 1.00301743
    1.60615909 1.50128984 1.64014328 1.52291429 1.55003488 1.78834391
    1.75706244 1.046597 1.85508955 1.06246734 1.77719891 1.10610807
    1.58462179 1.10370243 1.36673784 1.96160614 1.67452776 1.95235753
    2.11645508 1.85730851 1.40891719 1.49172962 1.41810095 0.881804407
    1.43077445 0.914469302 1.67424405 1.82178497 1.2248559 1.29437041
    1.11878073 1.54303908 0.937525511 1.08446074 1.08237565 1.75644314
    1.69560158 1.28644323 1.45833325 1.63397777 1.61485314 1.24551964
    2.12143731 1.48750782 1.97052348 1.88393414 1.91869867 1.94080889
    1.19891417 1.68358266 1.15580142 1.60407209 1.14985144 1.41110814
    1.72406673 1.77865076 2.00313568 1.05086803 1.84528196 0.974653721
    1.41302979 0.907670975 1.41213381 1.31384277 1.66621232 1.23021948
    1.56954908 1.42012811 1.73472095 1.36728036 1.08545101 0.86417228
    0.79147929 1.14370096 1.09474266 1.12835371 1.41735399 1.72054505
    1.15151739 1.07060838 1.71593142 0.973426819 1.61122513 1.39154637
    1.01653111 1.47212005 1.52453721 1.47818685 1.10224533 1.31408477
    1.82863915 1.69401526 1.27482116 1.48905063 1.84633899 1.09528005
    1.20253766 1.22184956 1.59192669 1.13362527 1.45349705 0.995103955
    1.40960932 1.86164081 1.91880476 1.19907844 1.46787584 1.41389716
    1.54148066 0.829067111 0.825487018 1.45154107 1.4177984 1.39033103
    1.30415463 1.60777152 1.04354584 0.812217653 0.954054356 1.07262063
    1.22017968 0.989596546 1.64900112 1.02081776 1.48975182 1.82724845
    1.58573079 1.20591319 1.20129979 1.28586996 0.804926813 0.807837903
    0.969578326 1.43803191 1.25975835 1.18727171 1.46230018 1.43619633
    1.03643751 0.951987147 1.18121564 1.36258221 1.25480151 1.26290059
    1.61201465 1.44810677 1.36260223 1.16762996 1.80124831 1.72734094
    0.968478799 1.12076116 0.962963641 1.52960372 1.82691193 1.96806824
    1.93557203 1.87554336 1.2574507 1.93860829 1.51595974 1.23829365
    1.47767746 1.45255339 1.97624505 1.27745187 1.80580497 1.20271885
    1.47146678 0.888263941 1.32572615 1.14837503 1.02488911 1.0559144
    1.368572 1.95313239 2.0950942 1.34341383 1.00582004 1.06158972
    1.81206739 1.65047276 1.85574579 1.71576738 1.33044088 1.46464622
    0.98935616 1.44399226 1.02002621 1.0810709 0.813223124 1.17938709
    1.34868252 1.61783183 2.00844622 1.19786572 1.83708942 1.98234332
    1.99133039 1.73949182 1.72359383 1.31375813 1.05501628 1.5204829
    1.72439611 2.17561507 2.00913596 1.73423231 2.19487071 1.87730563
    1.97074544 1.35883141 1.15787625 1.62082028 1.01068401 1.08397853
    1.75354147 1.64682317 1.137169 1.55664694 1.96233392 1.73170149
    1.38839436 1.95530498 2.0721066 1.17761445 1.63709199 1.13006222
    1.00570059 1.38945663 1.97054577 1.00221372 1.87047052 1.67950296
    1.36441147 0.793339014 1.52830112 1.76164198 1.84313834 2.09638882
    1.52589965 1.62775588 1.26067901 1.23661971 1.21336448 1.55832684
    0.929684699 1.67197704 0.939621449 1.89772141 1.83660531 1.16849244
    1.57929385 1.59758472 1.29720473 1.74598467 1.81243443 1.63018262
    1.99976707 1.45714641 1.77676857 1.33613837 1.08838677 1.37901449
    1.67946804 1.38739097 1.66395235 1.37858081 1.53086913 1.24494994
    0.972462595 1.059479 1.63854909 1.35966647 1.98090577 1.93713689
    1.69849539 1.84183621 1.15626788 1.3055836 1.15665305 1.28095591
    1.21748674 1.40671682 1.15308106 1.55518472 0.919996202 1.73648167
    1.3922168 1.25149798 1.70215571 1.33167744 1.6247437 1.65271294
    1.25992286 1.29518163 1.57401741 1.88456178 1.40137231 1.99878097
    2.07010198 1.55725741 1.50497115 1.57502842 1.08091772 1.31280851
    1.54058051 1.2733953 1.29574907 1.80491424 1.54520369 1.12001836
    2.0562799 2.12533164 1.92483151 1.29195786 1.65854859 1.55503321
    1.80256736 1.10697699 1.14666224 1.57904303 1.40276408 1.02431619
    1.01755559 0.935070038 1.25814652 0.838688135 0.965218067 1.61632562
    1.16016853 1.0970701 1.25125217 1.48937011 1.30920887 1.93567014
    1.39619744 1.06100738 0.869626641 1.24216008 0.863814712 1.65721667
    1.12007642 1.39330566 1.56578577 1.6120801 1.61300564 2.04237509
    1.46924508 1.70779276 1.1927948 1.55516541 1.6906817 1.47768259
    1.14156365 1.8485055 1.4922812 0.985606968 1.30990767 1.65700853
    1.1926105 1.96152651 1.86695516 1.55005229 0.773969352 0.776813626
    1.40789413 0.861654878 1.64626026 0.960947514 1.13309288 1.15028131
    1.83568895 1.03264105 1.11616337 1.40258014 1.02005589 1.15171432
    1.79806042 1.5928185 2.02690506 1.73223174 1.4876734 1.20444286
    1.34769452 1.56384933 1.32693148 1.21269643 1.2365967 1.08597827
    1.15297222 1.13855529 0.998703837 1.69526291 1.13504374 1.07945371
    1.46746063 1.19636464 1.68315995 1.56474423 2.0519712 1.55901027
    1.64494312 1.26375175 1.47260511 1.2226305 1.55979407 1.60473084
    1.59091377 1.91345227 1.78966403 1.86985958 1.45430076 1.19516158
    1.49131334 1.46281433 1.38021398 1.87738168 1.53692973 1.52111518
    1.58963561 1.44860411 1.54669583 1.11948645 1.19381797 1.44592059
    1.46624553 1.35848403 1.65813208 1.08506036 1.65060055 1.81475663
    2.11256433 1.94837475 1.83531845 1.17097902 1.64234293 0.933052361
    1.16217482 1.07657969 1.28328753 1.03282499 1.59475434 1.38515401
    1.06633842 0.817893744 1.01839638 1.35143745 0.917137861 1.62262118
    1.41350925 1.56254518 1.10683 1.17766678 1.43876421 1.39171219
    1.69437647 1.109272 1.50859404 1.605075 1.88194656 1.21137798
    1.56893432 1.94578183 1.90479887 1.81076646 2.07310843 1.98646414
    1.53668773 1.52663159 1.49271822 1.10474265 1.64448512 1.58026493
    1.68086171 1.82526195 1.11183286 1.46458483 1.78016102 1.25851893
    1.73752296 1.79653478 1.6098069 1.22691429 1.52247357 1.55261469
    1.31916702 2.03348947 1.74075091 1.36874259 1.25418472 1.19934261
    1.07523978 1.5508045 1.89613366 1.91032195 1.26332808 1.39213884
    1.75982594 1.49792683 0.91189909 1.27479744 1.2130512 1.30142772
    1.6054045 1.09103334 1.44531262 1.3719188 1.34006333 1.61515653
    1.65416729 1.73188782 0.980639994 1.14818132 1.09408092 1.15476656
    1.84126306 1.02381003 1.46639216 1.63984561 1.31433916 1.73589575
    1.2844007 1.02284968 1.16273975 1.06481171 1.17730629 1.0965066
    1.98013163 2.07215381 1.80212843 1.32781744 2.00736642 1.88915431
    1.308882 1.32052743 1.30981731 1.07680738 1.13982463 0.844721138
    1.7801491 1.81300592 0.989118516 1.48247242 1.72788417 1.34880209
    0.867040038 1.30096686 1.80101037 1.64509845 1.4929055 1.2920742
    1.61135876 1.64841139 1.32341397 1.59909236 1.33765292 1.71456003
    1.2497046 1.96353507 1.37310445 1.42622101 1.05711532 0.978709877
    1.50532365 0.883320868 1.73100364 1.2880615 1.41123676 1.7433027
    2.21400023 2.12075043 1.55042899 1.2477659 1.48104 1.0382787
    1.33854091 1.43542957 1.65301132 1.70373988 0.821162164 0.974221885
    1.0532819 1.61905169 1.2762903 1.79368901 1.57267129 1.17897785
    1.39784563 1.57804978 1.10740912 0.919561684 1.73925829 0.885731876
    1.80555546 0.945831239 1.62809873 1.53876317 1.20987654 0.892839015
    1.69713092 1.30373001 1.47542846 1.44996941 1.11057293 1.90469289
    1.41503119 1.08444154 1.89822686 1.91658783 1.2810756 0.914338589
    1.19894195 1.02301455 1.68447614 1.86108375 1.61896586 1.34215426
    1.05020738 1.19950414 0.977800846 0.802709341 0.917579651
    0.819203377 1.02594388 1.30904925 1.54826534 1.2919023 1.59825277
    1.44147289 1.72978735 0.954905331 1.74582171 1.33396387 1.21085739
    1.74334347 1.0629108 1.14970338 1.49742043 1.49830818 1.13181567
    1.20693314 1.59701908 1.20901287 1.46202052 1.68327999 1.74756491
    1.85120428 0.998735785 1.33258545 1.75960088 1.28655529 1.13282967
    0.982600212 1.46414375 1.62241685 1.25498235 1.48772585 1.77255678
    1.11248708 1.18305004 1.08248079 1.01923525 1.21524668 1.10168564
    1.91601837 1.79209542 2.11304307 2.17693567 2.16388059 2.05668163
    1.0792706 1.38795483 1.46075845 1.82234299 1.07178557 1.60799241
    1.90495753 1.59043729 0.962674141 1.86770129 1.06970191 1.38347912
    1.09336078 1.1049937 1.73233151 1.8534981 2.04316378 2.02560067
    2.07602549 1.18714356 1.07428789 1.07974648 1.69096351 1.02996516
    1.0271107 1.64563262 0.984340966 1.46771216 1.34326041 1.32092083
    0.846204042 0.82965523 0.760096729 0.86804384 1.04597247 1.348791
    1.88348162 1.85398197 1.74866831 1.82440102 1.71968281 1.08649623
    1.20951021 1.25261152 1.41944897 1.24102986 1.45476687 1.78384852
    1.78534889 1.83861852 1.68521011 1.91201186 1.64288509 1.50031447
    1.68481541 1.2754575 1.44228292 1.3640188 1.12388659 1.50227582
    1.15237045 1.18249238 1.14573419 1.39984643 2.01666975 1.38007545
    1.33632386 1.95522118 1.56246829 1.93281209 1.05943704 1.10317743
    1.46477866 1.55196249 1.00828958 1.6151216 1.30506444 1.904827
    2.10650849 1.79893684 1.9741286 1.94789279 1.99641085 1.16902852
    1.61148012 1.50248826 1.69964075 1.49764037 1.37311137 1.21676695
    1.39155769 1.79269719 1.46590304 2.07877541 1.49245059 1.40971196
    1.65011132 1.28277791 1.03348231 1.91393399 1.59936798 1.67642999
    1.37041771 1.61409509 1.08023846 1.76791823 1.69348395 1.51497185
    0.845832288 1.05671775 0.957355022 1.72730243 1.281654 1.24226129
    1.14423406 1.46171308 2.0347929 1.57013035 1.55000401 1.6758076
    1.82293093 0.921655118 0.908775151 1.41755414 1.50897825 1.00255358
    1.30060935 1.39646351 1.44692361 1.47893453 1.28622472 1.41853321
    1.57721472 1.29012287 1.04053807 1.34922719 1.36717045 1.53981698
    1.60710669 1.11642611 1.13424385 1.43022013 1.6310401 2.06449556
    1.42622709 1.79708791 1.93210578 1.46785331 1.11981964 1.07420397
    1.4277916 1.69132125 1.77212059 2.09253883 2.09631777 2.04423761
    2.20443583 2.13913226 1.36434841 1.75797987 1.27455652 1.24129868
    1.30580914 1.33919084 1.75781667 1.76396918 1.19178879 0.978892148
    1.57327116 1.59732199 1.81843853 1.29995251 1.59228253 1.17947865
    0.990914345 1.59485579 1.77133012 1.56961811 0.77391094 0.79649061
    1.06648135 1.09825122 1.42049432 1.1695739 1.19500732 1.30649471
    1.33524466 1.82765889 1.0981549 1.69642186 1.32718194 1.22096968
    1.68549192 1.21832108 1.7789942 1.71464562 1.31380355 1.21800041
    1.47561836 1.29004776 1.48499823 1.70721722 1.56876457 0.946452379
    1.29031157 1.09000599 1.29464829 1.62050772 1.29183757 1.07903755
    1.32268369 1.58290577 1.75110865 1.80987203 1.06961381 1.0891515
    0.904000998 1.18450665 1.3967849 1.88136768 1.43420219 1.67119372
    1.78745413 1.00122499 1.22538221 1.20142674 1.46438444 1.58173645
    1.50996459 0.931954384 1.73232818 1.49565649 1.58179879 1.66836953
    1.22621536 1.55007303 1.20854497 0.966642737 1.73965466 1.15329075
    1.81737649 1.85373247 1.79393768 1.65274727 1.29232836 1.71028042
    1.18393123 1.37292099 1.23362672 1.58464909 1.86983752 1.68570805
    1.87385976 1.79524052 1.64414644 1.93840396 1.92059839 1.58051848
    1.15745997 1.86706603 1.99000657 1.24565339 1.58785856 1.78221416
    1.19516754 1.37895751 1.74764359 1.73049998 1.35450625 2.03264308
    1.81634152 2.11029124 1.96841848 1.67897868 2.14582253 1.47629547
    1.16910493 1.39846826 1.39076281 1.11968422 1.10203707 1.40025151
    1.4374572 1.968009 1.5078814 1.30883598 1.59823787 0.856621385
    1.69928896 1.6954149 1.68553209 1.2721144 1.70911539 1.85085154
    1.42605722 1.63144767 1.13023925 1.44139433 1.71377695 1.77608538
    1.19053662 1.28319764 1.13535035 1.1960026 1.07893944 1.90964556
    1.3761642 1.49110091 1.7608341 2.09707642 1.24708664 1.64883125
    1.40643585 1.27077389 1.45582843 1.47060764 1.54820108 1.18726349
    1.4149698 1.67179179 1.58443236 1.24853718 1.55005872 1.10518646
    1.17501271 1.71433222 1.53621626 1.77384841 1.09912264 1.74679577
    1.64015782 1.72230756 1.90717447 1.83539271 1.93810332 1.6486851
    1.82251143 1.64789391 1.71598303 1.1090523 0.893083334 0.967772305
    1.2679261 1.117926 1.47479463 1.59710622 1.28425872 1.43208218
    1.27082551 1.61157203 1.63010156 1.88873768 1.37988126 1.70360577
    1.00465822 1.1515615 1.0291177 0.990354538 1.64233875 1.54510391
    1.92559433 1.95378244 1.51387608 1.08697617 1.10796666 0.80592972
    0.848392904 0.883054078 1.59285891 1.55323756 1.23769963 1.65515888
    1.47172129 1.51642776 1.91665924 1.67251599 1.63641191 1.53209162
    1.31105816 0.972988009 1.33459437 0.979214132 1.13892186 1.77529669
    2.09214211 0.986967325 1.21037829 1.49805081 1.1734091 1.86218905
    1.08085918 2.00473714 1.30333149 1.87870097 1.27549934 1.21174169
    1.04763234 1.09451699 1.84643519 1.36278641 1.92777967 1.77800846
    1.71777344 1.66488504 1.50168657 1.36526871 1.17270017 0.976517439
    1.06542599 1.49797952 1.97304618 1.73572373 1.71791184 1.63912737
    1.69147336 1.25501132 1.94509614 1.94743025 1.96718526 1.64141655
    1.28565025 1.07468081 1.23510492 1.26271224 1.71788681 1.10782266
    1.62147534 1.64764392 1.57759917 1.15790045 1.11569858 0.779822469
    0.978797019 1.18894875 1.1788249 1.39286542 1.80353022 1.68716598
    1.46912622 1.39678323 1.76575589 1.56000304 1.03410649 1.90712905
    1.01567101 1.89749122 1.63300776 1.0727123 1.73063552 1.33742106
    1.03803635 1.84789217 1.66901851 1.0903008 0.889705718 0.943534017
    1.3157686 1.58757484 1.76640439 1.27172685 1.06725621 1.2656194
    1.2087028 1.64897192 1.090482 0.757101119 1.02370262 1.12808657
    1.70920789 1.9589082 1.78188396 1.8255769 1.54523444 1.35988712
    1.34369338 1.53351712 1.25912571 1.86999524 1.11875832 1.81647766
    1.30436087 1.51496983 1.32308233 1.33360207 1.25472391 1.3821131
    1.42667985 1.04399431 1.85696161 1.23267794 1.78230333 1.05551851
    1.74941123 1.33530891 1.2919718 1.0100497 1.25294757 1.6279273
    1.79180396 1.33755445 1.61963153 1.11449015 1.43474996 1.60578787
    1.07922578 1.2234478 1.89229584 1.70614493 1.90664721 2.18298602
    1.97787821 1.80876827 1.27607179 1.05044496 1.22659457 1.79991317
    1.27536213 1.16694832 0.890121996 1.8355037 1.22764444 1.04095495
    1.56516182 1.13640261 1.71480227 1.77976942 1.75904214 2.05334616
    1.67045605 1.80136681 1.78662753 1.98018432 1.95299447 1.86196423
    0.872572601 1.45428205 1.30983758 1.89128137 1.88162017 1.48067522
    1.17091 1.34140861 1.12953317 1.23404253 1.08639395 1.47081339
    1.23241341 1.52820468 1.35341299 1.85862327 1.9502207 1.58988452
    1.54899466 1.92122352 1.29232144 1.47027338 1.82088327 1.33373404
    0.979286194 1.02486289 1.07874668 0.856793404 1.43226981 1.07807791
    1.66850495 1.73529565 1.47979319 1.41728759 1.67406535 1.04199147
    1.40140569 1.62275469 1.43577743 1.31175053 1.92453706 1.47174847
    1.50196314 1.4765172 1.41249681 1.45557451 1.87257266 1.98030877
    1.09944916 1.47463715 1.36069596 1.20526075 1.24232543 1.56089067
    2.02662611 1.88632143 1.94554293 2.06489468 1.63007474 1.49977255
    1.11954677 1.82561779 1.2561394 0.938223004 1.06186461 1.01018763
    0.960372388 0.980722964 1.13471723 1.79379451 1.52864146 1.72800708
    1.36246896 1.29528439 1.08059061 1.56515312 1.83300495 1.32027018
    1.60361195 1.39223993 1.38123667 1.48306763 1.78703845 1.22462618
    0.968871534 1.56304443 0.767524123 1.58755875 0.935985506 1.79514337
    1.42291451 1.58352792 1.87251055 1.20841289 1.36850917 1.63128138
    1.51985848 1.6068089 1.16290319 1.27186155 1.89198983 1.38506663
    0.893328071 1.49502194 1.19712365 1.7877574 1.98208737 1.78803349
    1.51363158 1.74082017 1.35130489 1.24271894 1.16525292 1.88904858
    1.66469431 1.95795202 1.81714356 1.27902091 1.63250053 1.71070242
    1.89770806 1.3927443 1.61109555 1.96998572 1.89304769 2.0256536
    1.44274664 1.50830948 1.69191849 1.13948524 1.53133857 1.7676965
    1.93687356 1.96702933 1.70048451 1.53187895 1.77089298 0.949011266
    1.43737054 1.1810497 1.97581792 1.91794896 1.98050737 1.61974478
    1.04808235 1.84618938 1.0041424 1.79418671 1.78500605 1.40009713
    1.4983784 1.64411223 1.38268745 1.31182027 0.955666125 0.875739157
    1.42742002 1.21744335 1.15976608 1.94004953 2.00737929 1.41645873
    1.41677952 1.38176513 1.20067883 1.55737162 1.67099488 1.91153157
    1.27999866 1.58392251 1.55275726 1.24540114 1.69825733 1.79196131
    1.60221362 1.52986205 1.10455096 1.41613269 1.48034763 1.56991684
    0.96305567 1.45967138 0.91849333 1.47236478 1.35450578 0.91647166
    1.21790767 0.945587099 1.42361808 1.02500534 1.81255364 1.27825797
    1.90356374 1.52698219 1.61751938 1.17021048 1.31653214 1.09463918
    1.16800404 1.77047908 1.40123391 1.81966698 1.20528471 1.59895825
    1.98893499 1.44538891 1.90532196 0.966252804 1.20004022 1.42951524
    1.8031168 1.73648489 1.20745957 1.44412255 2.02166939 1.16629899
    1.94958532 1.03800833 1.95838988 1.92929149 1.56814516 1.85711706
    1.46764028 1.08252943 1.17183709 1.62229311 1.64100957 1.65998328
    1.5463289 1.20530045 1.34268069 1.79719341 1.87439704 1.50275433
    1.75034308 1.66925824 1.73922706 1.62125599 1.49551654 1.21537888
    1.3818599 0.969737589 1.66116583 1.61761963 1.15203953 1.97999239
    1.41360056 1.90714991 1.84750915 1.59310818 2.03948808 1.20691156
    1.85002494 1.48674393 1.55349743 0.975365996 1.34020531 1.15969384
    1.57769084 1.68834138 1.15446019 1.53463233 1.91325641 1.57277465
    1.68652749 1.36910963 1.2674669 2.06607747 1.6192925 1.86333609
    1.76046216 1.53080618 1.88675582 1.99398077 1.63997698 1.11759472
    1.21775663 1.52969909 0.941117942 1.01695895 1.01640666 1.41544616
    1.07456398 0.749403656 1.44094813 1.8515656 1.50850272 1.95968437
    1.15557361 1.44612908 1.08617425 1.24162507 1.39570642 1.75562894
    1.81527126 1.71189821 1.63882673 1.23254561 1.42286193 1.85217428
    1.08506775 1.54849458 1.59593594 1.59715772 1.45490348 1.07608581
    1.91455221 1.88497543 1.45735633 1.12278593 1.74033988 1.98147511
    1.38503075 1.81526828 1.21561909 0.881935477 1.13173318 1.08828807
    0.910802424 1.6024642 0.852036417 1.46329772 0.816147685 1.73529315
    0.882889628 1.51815307 1.45059443 1.19096148 1.55013072 1.11633146
    0.974598885 1.74899042 1.76898706 1.05858672 1.49442029 1.22215462
    1.60515273 1.2567656 1.68343234 1.62098467 1.70320821 1.02980161
    1.22432959 0.776217878 0.878003061 1.39036453 1.82440555 1.54769361
    1.55530822 1.39179826 0.985552967 1.94631147 1.66292608 2.01225781
    2.08191895 1.25201917 1.89835262 1.55918217 1.83656061 1.29419529
    1.44350863 1.59406853 2.07308793 1.62918365 1.39031684 1.0857805
    1.89143121 2.11754847 1.75625825 2.02101135 1.42046666 1.53048742
    1.80762708 1.68076527 0.992308736 1.41746736 1.42225015 1.12643123
    1.91771257 1.6541363 1.87169194 1.42015278 1.0676353 1.78711581
    1.53746462 0.938993752 1.17657351 1.69834816 1.22675657 1.28370667
    1.33809638 1.03365028 1.41748929 1.9270525 1.28463447 1.62736297
    1.86304808 1.70819843 1.50631225 1.42242062 2.01384711 1.39059007
    1.66434121 1.41202784 1.29403758 1.79306197 1.28216374 0.937647402
    1.37297738 1.01434338 1.14733529 1.00239062 1.49731338 1.83904982
    1.73993695 2.05992913 1.52197778 2.01047993 1.7498337 1.8165369
    1.32154465 1.83443153 1.08109617 1.82252479 1.41372323 1.43034625
    1.40411317 1.24211121 1.23692238 1.68282425 1.16010535 1.82697439
    1.4328748 0.944335699 1.06466317 1.61494601 1.78892612 1.68092513
    1.60761964 1.24070358 0.865298629 1.47506225 0.810755074 0.765394807
    0.944614947 0.93437165 1.60209322 1.96720362 1.82349575 1.4190836
    1.05926383 1.25582719 1.21924949 1.11783707 1.1537205 1.79824138
    1.9889183 1.43388367 1.83309388 1.12700546 1.61259449 1.55981016
    1.11355567 1.55971885 1.23145211 1.78925943 1.56882024 1.44197142
    1.41176438 1.84411192 1.5041796 1.96039963 1.89169908 1.62478888
    1.41411209 1.08787894 1.35041785 1.98246896 1.12844419 1.25958562
    1.81455505 0.947100043 1.85518074 1.3396306 1.38977087 1.69291735
    1.95154321 1.54412019 1.53949106 1.74378943 1.39970422 1.68051338
    1.21563005 0.958795667 1.15549481 1.00306642 1.66207254 1.20644617
    1.32373357 1.27303779 1.6996876 1.93782067 1.9698211 1.46149433
    1.30621195 1.93544602 1.86612213 1.96925426 1.71181178 1.58710372
    1.4705925 1.46650624 1.47570717 1.90559876 1.19644511 1.06337047
    1.19684196 1.69848323 1.80100226 1.69416559 1.31372511 1.04397869
    1.94651175 1.24452722 2.0163393 1.56040847 1.33971667 1.3885442
    1.13845491 1.68580699 1.12214768 1.75804758 1.53254545 1.17135441
    1.38537323 1.6746043 1.3955183 1.28397012 1.16952169 0.784576356
    0.859329581 1.21266687 1.38481116 1.44109643 1.7255615 1.72002864
    0.852185965 0.919483125 1.18501174 0.901388049 1.61217737 1.19418454
    0.978468955 1.7206775 0.96329242 1.45805275 1.73481619 1.9628371
    1.34883749 1.98507702 1.27335501 1.93544066 1.4583571 1.13041973
    1.52210343 1.29959738 1.5724082 1.27234066 2.03414249 1.31710434
    1.30254221 1.08174872 0.906727254 0.878064156 1.22171593 1.51639962
    1.0519954 1.67203331 1.55232322 1.29395545 0.975516915 1.45736945
    0.851636112 1.12933111 0.837830424 0.948829293 1.00416601 1.80672395
    1.80996406 1.65905857 1.52943814 0.982296646 1.4138335 1.28320134
    0.993702352 1.56955552 1.30729723 1.70892286 1.47475469 1.30403018
    1.44258606 1.526474 1.41113508 1.40664983 1.88529658 1.07321942
    1.50514126 1.30820537 1.07117355 2.12325907 1.94946003 2.14567471
    2.04931498 1.63015401 1.48387837 0.919243097 1.38998032 1.73589277
    1.77448213 1.49831045 1.63079357 1.6443485 1.50511777 1.71713448
    2.00647807 1.66121495 1.50265324 1.12066555 1.00508249 1.30838573
    1.25768781 1.10218453 1.61797106 1.13801885 1.69574928 1.55425739
    1.16312754 1.84709489 1.23493922 1.46262956 1.46044695 1.798702
    1.44426119 1.33431172 1.26955593 1.84104753 1.74956214 0.948772728
    1.28499389 0.924398482 1.32609367 1.80658209 1.23412228 1.57371426
    1.63309443 1.36593378 1.10727882 1.95106399 1.76515031 1.26760244
    1.7233088 1.27056789 1.16922891 1.44629025 1.72027266 1.72393167
    1.35753751 1.37298894 1.08500922 1.85240912 1.82905865 1.40950382
    1.20568943 1.95691276 1.50902081 1.06808376 1.79743934 1.65783
    1.70020664 1.96072364 1.31975913 1.86602819 1.760993 2.03835011
    1.20840728 1.55771506 0.980070889 1.61742496 1.53604698 1.82040238
    1.6054306 1.37771726 1.78614271 1.65140116 0.97970438 1.66913497
    1.66841602 1.64952767 0.827239692 1.16991341 0.864361584 1.35563779
    1.59053767 1.97481179 2.05905843 1.6927768 1.60879016 1.04147935
    0.890708745 0.818084717 1.34127104 1.69471157 1.13701332 1.84210598
    1.99910426 1.7595731 1.57392466 1.68790078 1.60478866 1.91961169
    1.70692372 1.68239057 2.04709315 1.46288276 2.04822063 1.40339887
    1.87324452 2.09090424 1.87581491 1.50044227 1.57249105 1.49790263
    1.87070465 1.62159276 1.00425577 1.78941751 1.03709292 1.14343917
    1.20235586 1.80809641 1.14583802 0.968197942 1.42411435 0.96625787
    1.74930739 1.82259166 2.05932736 2.02960062 1.95344019 1.51861525
    1.64428496 1.22731495 1.58668303 1.19605744 1.7210232 1.38176966
    1.67724943 1.61839592 1.10292768 1.29861999 1.04407716 1.05431211
    1.99313378 1.39564526 1.54906392 1.09886563 1.19369912 1.04870701
    1.45967126 0.936890602 1.02591574 1.35034192 1.50714755 1.39627421
    1.26581681 1.77055562 1.50236297 1.90067446 1.86879778 1.82172596
    1.46160388 1.91135657 0.921631217 1.41647172 1.25278151 1.91634595
    1.88764668 1.86417198 1.56013238 1.10977495 0.88116926 1.19938314
    1.73420036 0.963004827 0.925403059 0.828052461 1.80599165 1.68755937
    1.73405421 0.976830304 1.04731309 1.28245854 1.40628707 0.926999688
    1.11100519 1.6638484 1.32788515 1.08052564 1.24526024 1.71997535
    0.921596646 1.77020216 1.48612976 2.00922656 1.75208557 1.61190152
    1.5660814 1.66576397 1.95762277 1.13533556 1.05807185 1.40257168
    1.01375902 1.42015934 1.60819364 1.47279489 0.957854211 0.981526375
    1.10446918 0.936883152 1.18203402 1.72035336 1.65269017 1.63721609
    1.00662506 1.68574095 1.33801413 0.957145274 1.48698282 0.812265158
    1.16247308 1.12612569 0.93238616 1.40656018 1.4686954 1.33987474
    1.25307894 1.50494397 1.15755224 1.89011598 1.91097772 1.3754065
    1.41792953 1.37503469 1.62350285 1.38608015 1.21837175 0.940562069
    1.28348994 1.63650393 1.06984103 1.23477781 1.41492462 1.80505526
    2.1007874 1.75321412 1.95369089 2.06714964 1.9044354 1.8826462
    1.5735662 1.6936059 1.51872122 1.23536718 1.78142738 1.8548435
    1.25193775 1.07336938 1.90466547 1.37030172 1.76195884 1.28758824
    1.14504755 1.78329599 1.16018605 1.14353073 1.12110186 1.01155591
    1.32174647 1.31954908 1.31690955 1.29828382 1.65112638 1.33604217
    1.50096118 0.98433727 0.820537329 1.70289075 1.19330442 1.42016637
    1.78420055 1.48611283 1.55321717 1.6822679 1.24738264 1.32648993
    1.14317298 1.92335916 0.967093408 1.11533523 1.86583722 1.19363177
    1.83788908 1.93358362 1.54973245 2.04937387 1.77242506 1.11552167
    1.75686491 1.4942857 1.71619821 1.06733382 1.49476922 1.68801689
    1.68811679 1.84146559 1.09671283 1.91664493 1.83396792 1.28536355
    1.54236913 1.41602933 1.28745246 1.3252517 1.61473739 1.64136028
    1.13423693 1.59321523 1.39115965 1.86511064 1.7942543 1.34465265
    1.65145731 1.364344 1.23076487 1.63967872 1.08524525 1.08118224
    1.56645489 1.78905892 1.81418693 1.03817475 1.20424557 1.10421014
    1.59104359 1.39737391 1.30873263 0.916215599 1.92359877 1.26531303
    1.02965498 1.71914101 0.913456798 1.00717068 1.05789363 0.852362812
    0.886947095 1.15145278 1.16886032 1.15032709 1.5610913 1.17357445
    1.34147549 1.33381271 1.11047995 1.76489139 1.1544199 1.51768994
    1.93092358 1.83946741 2.09113073 1.57244682 1.68511939 2.20054269
    1.76797104 1.12547493 1.0800755 1.61531246 1.16559112 1.55135548
    1.81743407 1.75718236 1.5969882 1.77461958 1.2415911 1.04854512
    1.43637395 1.44524145 1.20174992 1.18123984 1.65038228 1.24065161
    1.76738358 1.87949657 1.80796385 1.92082369 1.59776592 1.2796272
    1.7222271 1.36083519 1.41153145 1.47528934 1.88541925 1.80251575
    1.08707452 1.04181051 1.80304241 1.81564593 1.19009554 1.97332191
    1.28706753 1.25770748 1.0206573 1.60931063 1.7757324 1.3385756
    1.4767431 0.904440284 1.060516 1.23431206 1.88965237 1.55640674
    1.43386841 1.45166016 1.75078595 1.76609755 1.27032971 1.04403353
    1.35529506 1.21815073 1.12550056 1.37483013 1.77794242 1.50327373
    1.46247423 1.00871539 1.64140677 1.23402059 1.23644316 0.944467783
    1.23337412 1.30419099 1.64638853 1.32980192 1.23634601 0.98478967
    0.926796436 1.26970804 1.43428123 1.21825624 1.1894809 0.799787045
    0.673435748 1.06722438 1.29847729 1.48673069 1.13174319 1.80586708
    1.13285303 1.92645609 1.45739031 1.64297414 1.17453694 1.12878454
    1.96693325 1.50069523 1.49382842 1.27693164 1.0930599 0.902700484
    1.34701025 1.82112193 1.36748624 1.2734865 0.698274374 1.62710726
    1.41040182 1.75672078 1.63101852 1.87547064 1.5707376 1.13413215
    1.92679667 0.992752373 1.62131333 1.47314775 0.907807171 1.09126031
    1.44961858 1.72151625 0.904948473 1.00677478 1.06347251 1.83487201
    1.17576253 1.8221339 0.977392793 1.56327772 1.14959693 1.21033943
    1.27992547 1.72141469 1.22631466 1.08098805 1.43680847 0.891905069
    1.04931796 1.31957531 1.13985705 1.39847243 1.13794243 1.54444337
    2.02623439 2.07297945 2.04224324 1.23635447 1.63754439 1.2393322
    1.30697322 1.31993198 1.90754664 0.918664813 1.6164099 0.8513394
    1.74668229 1.68938017 1.10621727 1.15396523 1.67321539 1.42689013
    1.2949369 1.65107858 1.66457319 1.32633257 1.09870434 0.96874243
    1.8983525 1.20123351 1.18445778 1.63238323 1.35105717 0.905718148
    1.41646242 1.90008068 1.70215321 1.36936641 1.11444974 1.01905656
    0.893693626 1.30801773 1.18940139 1.80297208 1.79791629 1.10155237
    1.27901947 1.37923217 0.965301096 1.28597319 1.00758886 1.77308929
    1.40867984 1.50754094 1.36276078 1.19369912 1.07068086 1.45412171
    1.18451679 1.8310225 1.78333807 1.24190927 1.38163483 1.5910269
    0.998178899 1.6940366 1.30816936 1.14743495 1.05324221 1.82675862
    1.52801287 1.15628147 1.11428249 1.89408588 1.17196107 1.90953338
    1.22476351 1.42922258 1.36464393 1.17674959 1.63315248 1.49671686
    1.16393006 1.35169113 1.55733037 1.38413513 1.4450022 1.76832628
    1.732602 1.68689966 0.953222513 1.56274784 1.76506412 1.20870233
    1.46320021 1.51960456 1.16922295 1.55291724 1.19500291 1.53889084
    1.48801208 1.37682092 1.7158643 1.35380507 1.61232841 0.852357864
    1.77364933 1.16358221 1.1552186 1.71760523 1.41671753 1.82832563
    1.19910228 1.7130276 1.47686136 1.62463844 1.92162514 1.45373249
    2.14690757 2.1819725 1.52901113 2.09436536 1.75499189 1.6197257
    1.16443408 1.06282878 0.931960523 1.5195322 1.7219218 1.79607761
    1.42220831 1.36710918 1.48135459 1.69638193 0.964131534 1.55499327
    0.861426711 1.03759742 1.68569851 0.927342355 1.04467642 1.99837971
    1.34558284 2.02054095 1.90842474 1.09396052 1.92343771 1.72528768
    1.72338748 1.90689075 1.40330935 1.66404903 1.72093868 1.1026895
    1.77758682 1.54814065 1.7628361 1.13993847 1.31828296 1.27558661
    1.71358871 0.974993408 1.60021937 0.936669767 1.20321584 1.7229073
    1.01069093 1.09523249 1.31840825 1.19403803 1.84234023 1.77145183
    1.37631488 1.51566386 1.1061368 1.03802347 1.19624484 1.64395308
    1.1374377 1.53532219 1.58361769 0.962810814 1.00751245 1.49271894
    1.4319495 1.60209274 1.11061549 0.854507744 0.977886736 1.78525782
    1.30329227 1.18022847 1.03828585 0.919692755 0.925636768 1.57372916
    1.69742954 1.38211846 1.10513246 1.33515561 0.89474684 1.18715847
    0.973281503 1.39977539 1.32325912 1.90627325 1.14588857 2.03277016
    1.66678751 1.26703501 2.09208179 1.9629426 1.84956205 1.28640771
    1.25285387 1.07881892 1.61234677 1.55359268 1.50938964 1.19807553
    0.852048755 0.923176169 0.831007659 1.4553442 1.11809456 1.26016808
    1.36167383 1.31274962 1.81243956 1.6923188 1.50028968 1.64463353
    1.57191861 1.53507316 1.61760783 0.982731879 1.7682879 1.05043316
    1.6083436 1.15976775 1.07361758 1.6217041 1.16500604 2.09989834
    1.63585019 1.58886397 1.58603084 1.35806644 0.916070342 1.78454685
    0.889576912 1.31555927 1.57718647 1.02438986 1.38316894 0.851947606
    1.15999401 2.00774741 1.80422306 1.96203113 1.25491118 1.28313708
    1.11520505 1.4005785 1.75434589 1.51125515 1.51545882 1.64925241
    1.09027207 1.51840532 1.0539726 1.52850986 1.52239716 1.92258525
    1.32956338 1.65773034 1.18252087 1.10596514 1.25813508 1.84685111
    0.964084804 0.999714732 1.53032398 1.72920442 1.64185941 1.5025183
    1.20989382 1.07656169 0.80244112 1.47408319 1.10492754 1.09037018
    1.2283504 1.2582773 1.43307269 1.0639317 1.37255085 1.801579
    1.68584836 1.47866035 1.69457304 1.12862611 1.19695771 1.10579979
    1.01048446 1.91350532 1.71312857 1.23911166 1.54501939 1.89767778
    1.55655789 2.02552557 1.4710027 1.27157104 1.59721851 1.239308
    1.66130006 2.05348277 1.8226186 1.95548332 1.4048419 1.24845326
    0.966355324 1.43230915 1.5284735 1.56469941 1.61196625 1.07609653
    1.95428836 1.05379176 1.73730016 1.82141328 1.6564908 1.29707956
    1.17188537 1.42531073 1.18878889 1.35129762 1.0213778 0.927261829
    1.08348656 1.47076499 1.48889887 1.58078516 1.85379934 1.09798288
    1.30772769 1.3482002 0.973745525 1.61304641 1.30389822 1.81033325
    0.902882397 1.48142958 1.376261 0.963378966 0.897364855 1.29429424
    1.58729362 1.24604881 1.13815403 0.738511741 1.05963147 0.921197593
    1.29768717 1.55390072 1.35976386 1.04612887 1.22474444 1.1545651
    1.27134228 1.22086453 1.49608898 1.80662787 2.16760778 2.1426518
    1.91394997 2.05534196 1.33181107 2.00151134 0.865706146 0.856929541
    1.41952097 1.22735405 1.97624075 1.91169739 1.70920599 1.56843066
    1.19537306 1.57661915 1.16863155 1.36319387 0.993315816 1.48595738
    0.71441716 1.10879922 1.3142277 1.5251137 1.68743014 1.89300454
    1.45275009 1.80929136 1.12510228 1.37935495 1.54761386 1.27115715
    1.59006131 1.81125653 1.99686837 1.36015654 1.17465734 1.5187887
    1.86282635 1.42539394 1.02254307 1.68600309 1.46012342 1.50120819
    0.937408149 0.878188252 1.10831344 0.854335606 1.30954289 1.09992075
    1.74252582 1.85321403 1.91207373 1.07916033 1.16015697 1.80104268
    1.82883883 1.72458792 1.29098082 1.74139738 1.09092724 0.963422477
    1.53578937 1.27113175 1.56960034 1.40589333 1.80859399 1.04385412
    1.19267797 1.75167823 1.58846295 1.82143986 1.51919901 1.90177155
    1.148507 1.78776753 0.93656534 1.31352305 1.38386011 1.80178189
    0.926127732 0.842761874 0.983415365 0.91740942 1.67893505 1.14693391
    1.30582964 1.19401062 1.96647632 1.24038982 1.59469259 2.10626221
    2.16712976 1.86884916 1.91216326 1.83548641 1.08658814 0.931606472
    1.38903582 0.962635875 1.08644795 1.1079433 1.3448503 1.70891488
    0.924912155 0.972404957 1.50755906 1.23025584 1.30918467 1.44892323
    1.6320436 1.69678652 1.30467415 1.96301246 1.78225684 1.71429563
    1.12785113 1.04919171 1.28438485 1.08883417 1.56665385 1.22635055
    0.942471206 1.4033308 1.71605468 1.24878156 1.73830533 1.07168782
    1.05552173 1.36096203 1.61317611 1.58343589 0.870823979 1.20049155
    1.21969664 1.18358469 1.03308439 1.5335356 1.43545818 1.29619646
    1.429039 1.70026636 1.82385516 1.01018703 1.51362312 1.63117719
    1.61167991 1.14040709 1.26564097 1.0632273 1.42485952 1.714311
    0.611404717 1.53173149 1.62119699 0.97507149 1.10978496 1.03668487
    1.55154669 1.48027933 1.66184878 1.26616299 1.34471023 1.58995318
    1.54160821 1.3984369 1.08742142 1.95930433 1.11143255 1.28678548
    0.91348213 1.41287613 0.952904224 1.94292235 1.89220142 1.6049149
    1.12075639 0.946580648 1.68432093 1.45103562 1.29370904 1.89192057
    1.01406097 1.05237269 1.46248436 1.48426545 1.3556571 1.72962224
    1.39437127 1.75687516 1.42518473 1.24099147 1.7929579 1.74933779
    0.896783233 1.8659277 1.23516572 1.30330718 2.0107739 1.36529565
    1.81187761 1.06495428 1.69915915 1.43786299 1.69805872 1.47119379
    1.51332688 1.08214223 1.60122728 1.17675221 1.83725548 1.1824286
    1.28858054 1.35712743 1.16240013 1.10861838 0.995454431 1.01806641
    1.08228409 1.78138053 1.28875887 1.70131528 1.1057061 1.48093462
    1.25759053 1.62204063 1.97009885 2.13510323 1.23918867 1.27356327
    1.27822876 1.04828489 1.53326583 0.922188461 1.21756768 1.65361392
    1.43945301 1.8127681 1.14169812 1.77621794 1.42962444 1.70714593
    1.64292157 1.40923846 0.965594888 1.01973331 0.920606732 1.42521226
    0.943959057 0.872015059 0.948907316 0.92487812 1.60069931 1.60486734
    1.50210202 1.65855837 1.88325667 1.57388413 1.83402526 1.90854931
    1.94561195 1.38005328 0.933739305 1.85972047 0.88108319 1.52556956
    1.28516805 1.34311914 1.22508574 1.37921226 1.80091715 1.82564139
    1.8047477 1.32534492 1.80489445 1.12062931 1.30184519 0.913678885
    1.09939837 1.00921476 1.42740679 1.34416139 1.71493101 1.07160008
    1.31105781 1.05958927 1.62536144 1.37722421 2.01261234 1.6898098
    1.97855246 2.075104 1.94740486 1.52859008 0.951366365 1.41409695
    1.10762656 1.25464225 1.16868436 0.928097665 1.41588783 1.50451052
    1.67745972 1.66060352 1.57187033 1.87184536 1.94278407 1.94675183
    1.06585515 1.30554056 1.32222092 1.16303432 1.23530245 0.987556994
    1.72458768 1.5112195 1.21440709 1.38166797 0.785531104 1.37370133
    1.26494384 1.09848547 1.4272505 1.13857377 1.8134011 1.72231877
    1.75925994 1.23178947 1.46674085 1.78692484 1.3096267 1.83812094
    0.850856006 1.14498723 1.20616007 1.75267994 1.74929011 1.67137432
    0.831788003 1.23991168 0.907388031 0.867962778 1.49311066 1.36189663
    1.65837765 1.13103557 2.08482742 2.30238175 2.33649492 2.36772203
    1.53186417 1.02730656 1.00385833 1.20755517 0.905249834 1.40738881
    1.64892197 1.5664624 1.68965805 1.05072129 1.1359489 1.36419547
    1.06059158 1.49119735 1.80372524 1.74880385 1.18348634 1.46739686
    1.07158971 1.70950794 1.9978025 1.82166874 1.92910337 1.16642141
    1.03806329 1.21301556 0.799002647 0.850343347 1.17745841 1.66321361
    1.73122466 1.60035944 1.82540488 1.63484049 0.907816887 1.2646277
    0.953316808 1.30170429 1.44279027 0.975295424 1.12578464 1.24580729
    1.09586954 1.58223832 0.967637897 1.49237859 1.82645357 1.99700141
    1.50704873 1.12357152 1.38064468 1.04487097 1.56008101 1.42963159
    1.6077491 1.14126945 1.42558873 1.0941124 1.03384733 1.48118603
    1.3069694 1.24625838 1.15063775 1.16399348 1.48569703 1.23897743
    1.18559361 1.07297385 1.87773418 1.45073736 1.23409569 1.75171769
    1.51139343 1.422755 1.51396811 1.19169533 1.29053199 1.31781125
    1.72452819 1.48008442 1.14830899 1.57673943 1.61636829 1.85431468
    1.59335494 1.7265656 1.35711563 1.83189261 1.38697684 1.3488549
    1.69659293 1.39237344 1.25538933 1.62002134 1.52543044 1.24201024
    1.62986112 1.40660584 1.18080103 1.0769192 1.44727457 1.84463298
    1.56811118 1.64464509 1.75568891 1.62674797 1.65929103 2.00080299
    1.87220049 1.46057057 1.58478343 1.79690158 1.29299951 1.10869992
    1.64771032 1.75244761 2.02933908 1.96007204 1.78934371 1.06953776
    1.12057161 1.12990046 1.23267806 1.41388702 1.78428411 1.09155238
    1.13561523 1.17006731 0.966160953 1.50743151 1.64726806 2.06074262
    2.06774974 2.02989531 1.81761634 1.52423382 1.17569268 1.08547664
    0.91551125 1.45921624 1.50935304 1.81842601 1.64240336 1.85702777
    1.202142 1.86297572 1.06523228 1.84286559 1.13653028 1.23052704
    1.0328871 0.919410229 1.40321541 0.77599889 1.69761884 1.73335159
    1.13585734 1.51006269 1.35469043 1.48394084 1.92114818 1.61938143
    2.06226492 1.67569947 1.83510017 1.67929029 1.28897464 1.60711312
    1.0888207 1.5375216 1.42325008 1.84831905 1.84164488 1.12398136
    1.67799795 2.06515336 1.81006324 1.66307902 1.52210987 1.12739336
    0.881054878 0.946423471 0.832186878 1.43807328 1.07907104 1.21754098
    1.51166797 1.15169752 1.52312756 1.26682091 1.79873002 1.54898155
    1.35777855 1.11764872 1.49166119 1.7632277 1.83434737 2.04512358
    1.72186065 1.5418793 1.17594099 0.935962498 1.54609418 1.28931928
    1.40140784 1.53661811 1.16914725 1.24248147 1.21534717 1.04445422
    1.41828835 1.65508425 1.17115855 1.27519679 1.60716069 1.69238377
    1.95307219 0.976703465 1.07659006 1.75445056 1.90319479 1.38286614
    1.19661546 1.82628095 1.40764213 1.0547471 1.98038816 1.39615989
    1.98024952 1.4338907 1.63721192 1.94782507 1.40619469 1.20060611
    1.10386884 1.77963269 1.8930161 1.59243143 1.50426304 1.45724607
    1.66358018 1.95527828 1.49349487 1.76493776 1.11724472 1.21397662
    1.22963893 0.967347324 1.71489179 1.1122216 1.63443792 1.93430054
    1.74882793 2.24893832 2.25198698 2.16536808 1.99516916 1.65639472
    0.989333153 1.09776783 0.991722107 1.26138914 1.53139365 1.0847708
    0.918791592 1.36774051 1.60843372 1.45391142 1.27029896 1.65416169
    0.93392992 1.45307374 1.52054811 1.50091815 1.38572538 1.15033901
    1.8498466 1.91850901 1.36129308 1.16194177 1.21702194 1.59500635
    0.949421763 0.729816556 0.871150076 1.30818677 1.55035734 1.03525519
    1.34479487 1.02949953 1.67747951 1.66698396 1.02561319 1.16269481
    0.925111175 1.33027852 0.874764979 1.4383651 0.820644021 1.7926302
    1.48755956 1.40433156 2.0784688 1.48447359 1.86056697 1.53295791
    1.13597834 1.9777745 1.40015149 1.86626768 1.37154663 1.2872473
    1.47664881 1.03779817 1.54798055 1.27549708 1.15199554 0.94363898
    0.977811873 1.59902775 1.31162071 0.978781104 1.63849032 0.977852345
    0.965117991 1.67681193 1.57760155 1.92098665 1.27473068 1.16485727
    1.58785164 1.59250605 1.34666634 1.73277318 1.57758474 1.10900605
    0.959781468 1.11140454 1.19866204 2.00650001 1.89925754 1.75801444
    1.62431574 1.35289037 1.79004657 1.40647817 1.44859731 1.85776627
    1.61418903 1.26267469 1.69914985 1.64545894 1.45269239 0.940352619
    1.12024856 1.55890763 1.45752716 0.915390372 1.17825913 1.92336059
    1.23474133 1.11400592 1.95891583 1.59481502 1.10123003 1.93706727
    1.03010821 1.20891178 1.78685665 1.45012093 1.9757266 1.94395924
    1.01891351 1.57481027 1.09768808 1.64650297 1.55372691 1.58340108
    1.50959158 1.07672703 1.62199628 0.942414105 1.48501682 1.05567682
    1.17652631 1.34506011 1.23280966 1.86763096 1.63391221 1.62457514
    1.75720727 1.75139797 1.2789191 0.843323469 1.31811893 0.97624898
    1.83233011 1.89808083 1.97031724 1.81445324 1.91751242 1.0522337
    1.22676456 1.32960892 1.19859803 1.63267446 0.810132921 0.771277964
    0.927179575 1.34113097 1.28721058 1.11908877 1.12359917 1.12079263
    1.59638143 1.20893478 1.30221057 1.75676382 1.25869608 1.28616846
    1.80790269 1.48233664 1.36077058 1.77565527 1.49092484 1.36397505
    1.08024287 1.91105318 1.48612845 1.1419158 1.74974966 2.05120683
    2.00260234 2.09514189 1.29503608 1.46671915 1.28769588 1.50316429
    1.66490483 1.52253556 1.74798894 1.76905811 1.42701924 1.3476007
    1.79124057 1.33105385 2.02863383 1.94193208 1.93248439 1.88042498
    1.95649016 1.37176371 1.71772933 1.92223144 1.18347025 0.992190421
    1.00727236 1.64237928 0.903244793 0.872645676 1.18097448 1.07641804
    1.29785633 1.81941676 1.07149875 1.89485312 1.36148155 1.95628941
    2.03195643 1.91945696 1.73177016 1.61596286 1.49641085 0.928728461
    1.82785332 0.997370362 1.11154747 1.90877974 1.33318019 1.62376285
    1.50516212 1.83267009 0.944063365 1.59061742 1.65396261 2.00076032
    1.57087767 1.66765761 1.66989768 1.15368474 0.903959453 1.53753102
    1.49426401 1.28824997 1.41343141 1.62647498 1.34037483 1.6157198
    1.3970077 1.08487082 1.66672254 1.42746711 1.05310309 0.965491235
    1.38878059 0.985852897 1.35338771 1.73157871 1.55794179 1.22623754
    2.14247394 1.97866118 1.86738288 1.67052102 0.88330555 0.919353783
    0.922465563 1.69303811 1.34123743 1.58809209 1.57237065 1.00772965
    1.48273885 1.64544356 1.9192096 1.85977578 1.22546721 1.12329495
    1.08161306 1.24430084 1.29964209 1.60221565 1.87202251 1.95549738
    0.974083364 1.44532967 0.827363133 1.04212618 1.57681036 0.717097282
    1.55104804 0.80984664 1.24881661 1.51920009 1.35726511 1.51542711
    1.0181073 1.09738028 0.907513559 1.69293165 1.13637388 1.34373522
    0.747550964 1.77136707 1.03571045 1.36619723 1.5431391 1.4406929
    1.45549822 1.73520029 1.5977602 1.55316198 1.90943778 2.07366037
    1.98115826 2.0925281 1.20649827 1.35855329 1.6778549 1.43342078
    1.42112792 1.00561702 0.91227591 1.76155066 0.985343993 1.4456712
    0.947773337 1.83523524 1.45196235 1.12889838 1.83177161 0.940920174
    1.97838295 1.35314918 1.51235902 1.40321577 1.2157588 1.93292034
    1.27588809 1.06900537 1.1214087 1.58773458 1.14779186 1.38387287
    1.43926287 1.9972614 1.92389059 1.87127352 2.09816551 1.488796
    1.27623856 1.51518261 1.83362079 1.26805115 1.45401442 1.41975033
    0.990502775 1.45623875 0.992517531 1.80716622 0.88878721 0.873177826
    1.1839031 1.28238893 1.82418406 1.06772161 1.60265553 1.27448809
    1.36292183 1.78933346 1.41981912 1.32852423 1.48576641 1.80275714
    1.95030808 1.60355544 1.42990482 1.41801703 1.56216168 1.65188313
    1.77661169 1.89891899 1.83600438 1.05488074 1.73610985 1.02786732
    1.42905498 0.985230982 1.36589074 1.72594738 1.35025048 0.933182538
    1.51418364 1.35080981 1.33521068 1.96050751 2.00531864 1.53417206
    1.3796916 1.18503296 1.43596709 1.3765893 1.32238722 1.71972692
    2.0246911 1.53106964 1.78550696 1.23541653 1.63456309 1.46986008
    1.84326077 1.42083955 0.88013202 1.00796342 1.09079623 1.67233706
    1.41128504 0.911024272 1.85956669 1.29753983 1.67046058 1.58782959
    1.68530416 1.34112561 1.00184739 1.47348154 0.935602188 1.26930189
    1.37676418 1.52170813 1.13298798 1.34016848 1.25285113 1.73638749
    1.1324358 2.22787929 1.96858454 1.75793767 1.69583452 1.5004524
    1.41282988 1.06874657 1.11910486 1.07711828 1.54924071 1.27798426
    1.20824671 1.0784744 1.23336422 1.21409523 1.537498 1.25590324
    1.98486781 1.99510694 2.02193522 1.46166527 1.76358569 1.87758648
    1.91841233 0.976119637 1.66246986 0.920762122 0.816622019
    0.873917997 1.14484394 1.77719367 1.09443927 1.55734682 1.49260044
    1.74137306 1.513785 1.43073308 1.76642847 1.71761465 1.66349721
    1.43103862 1.70948029 1.85884523 1.41198528 1.72936893 1.74656582
    0.923818946 1.38561249 1.48822379 1.80247819 1.46368408 1.96118009
    1.74493885 1.25541866 1.50904715 1.50953722 1.54966629 2.00564075
    1.12032998 1.73962069 1.10142505 1.20449305 1.38266468 2.01812887
    1.69085288 1.94682717 1.8645165 2.04075933 1.50525343 1.31578434
    1.88061893 1.08952308 1.66081333 1.96733713 1.34604406 1.15481949
    1.27984357 1.17498696 1.29503143 1.59127414 1.66687965 1.49960685
    1.27921355 1.55652583 1.62339449 0.991956949 1.48358691 1.35501254
    1.72148788 1.18117511 1.33038414 1.46749353 0.880240023 1.24938369
    1.90098774 1.49056077 1.11537063 1.47007453 0.858260512 1.52666283
    1.17729867 1.53444731 1.80123317 1.79889131 1.03846502 1.55439615
    1.38335299 1.07569909 0.950098097 1.38434887 1.01110172 0.919941306
    0.762222111 1.21608388 1.14470112 1.15536463 0.926060796 0.991795838
    1.73938632 1.28902841 1.62652695 0.760662854 1.54638326 0.937986016
    1.06724966 0.820373058 1.05149579 1.3469373 1.14019227 1.72304904
    1.87197161 1.96987879 1.94309282 2.10011101 1.91557276 1.93636274
    1.78415143 1.91254735 1.81883657 1.09754455 0.821798146 1.19050777
    0.781429529 1.67342865 1.73273849 1.30654502 1.40352094 1.07582307
    1.63123608 1.64684367 1.10630071 1.3139528 1.03097308 1.7428062
    1.79142797 1.40622473 1.88772237 1.55204666 0.945942461 0.928823173
    1.71422446 1.30808902 1.48260105 1.07741439 1.2349689 1.9720794
    1.73589659 2.21205258 2.1365037 1.95733142 1.28678036 1.70919931
    1.63562071 1.51149082 0.998531401 1.79651129 1.05807984 1.01203179
    1.47286499 1.78638172 1.46764112 1.45128 1.31294823 0.818441093
    1.22526169 1.24959481 1.5381794 0.993511975 1.52172911 1.09241962
    1.6072495 1.19126904 1.16323638 1.24020398 1.85114229 1.65821075
    1.88588762 1.3856914 1.79234052 1.10803032 1.54608393 1.41999424
    2.05524063 1.71926391 1.46511352 1.62215769 1.2932651 1.53331304
    1.49640846 1.63973105 0.910508156 0.866433382 0.898755789
    0.868322015 1.51701391 1.54020309 1.03577495 1.24960649 1.21287096
    1.31938219 1.36093056 1.89465928 1.22965014 1.83593845 1.58129299
    1.31478238 1.55233335 1.6241858 1.6094234 1.25847292 0.971660018
    1.03096473 0.901806116 1.08530223 1.87767816 1.32895339 1.86006975
    1.90055287 1.26939154 1.04159081 0.919109821 1.61271727 1.15907896
    0.919250488 1.13172901 1.83747721 1.45007801 1.24993658 1.41644132
    0.918156326 1.26611042 1.67839038 1.83694887 1.99287975 1.66237187
    1.79128051 2.07249308 1.22598875 2.12534642 1.36507905 1.78106987
    1.98128736 1.95423687 1.21716642 1.11523271 1.42024577 1.53474736
    1.09945142 1.89016867 1.2094928 1.94817317 1.43076253 1.36440229
    1.10727119 1.28747821 2.09262371 2.00398207 2.01082969 1.4026159
    1.69136727 1.66813207 0.846109152 1.3315022 1.34777844 1.20182455
    1.61856163 1.30391359 1.24045014 1.72597027 1.33348942 1.48227763
    0.940199673 1.40548146 1.84857798 2.02899408 2.05197191 1.76386333
    1.56836486 1.39938474 1.7803216 1.24454391 1.41302729 1.24703526
    1.82357728 1.8944819 2.00995088 1.62003744 1.48988628 1.0440985
    1.24256098 1.35950649 1.14722347 1.31041431 0.979898989 1.23039448
    1.15366304 0.952759326 1.39963806 1.48563004 1.57738781 2.0576992
    2.00109792 2.05738664 1.34087002 2.02769923 1.7114687 1.97366738
    1.51777124 1.52681732 1.65385997 1.41039777 1.80311644 1.35796261
    1.04499817 1.08426964 1.33133721 1.07492948 1.12977028 1.48094571
    0.99448806 1.35417235 1.74829102 1.14782143 1.35091567 1.33213758
    1.07879388 1.48665905 1.16270185 1.60595918 1.8513515 1.01042116
    1.38989449 1.02225184 1.48402607 1.33979475 1.08603048 1.69357371
    0.975677311 1.56389618 1.38558877 1.80330348 0.906117439 1.02881157
    1.20091736 1.28271353 1.76112771 1.40992951 1.21206474 0.891050935
    1.62109447 1.3534019 1.31452489 1.21454382 1.68453264 1.1142354
    0.919230819 1.94203305 1.26034665 1.26805139 1.09135199 1.78033292
    1.21533537 1.56256258 0.887669146 1.08913493 1.14458656 1.15367198
    1.71407807 1.54477656 2.07359529 2.07364106 1.61010385 1.34047472
    1.31495571 1.36960709 1.64846325 1.34253907 1.43615317 0.825224996
    1.05639768 1.19844794 1.49681365 1.91356254 1.56581783 1.46469343
    1.40672755 1.31189442 1.94123411 1.0346334 1.18399835 0.925952971
    1.57509005 1.31641746 1.4827491 1.09991276 1.60720468 1.36064792
    1.42450583 1.26821256 1.65186882 2.01509738 2.06156898 2.09654021
    1.34822047 2.19736695 2.12642837 1.97760713 1.65134144 1.76972651
    1.55616677 1.07766092 1.3421731 0.86591965 1.38520825 1.93347573
    1.6938026 1.62825298 1.17234766 1.54453003 0.874231815 1.03204346
    1.74481177 1.49635506 0.951758325 1.08765972 0.855701923 0.950586557
    1.00686395 1.81383431 1.07868719 1.54956722 1.81637037 1.91910613
    1.65915334 1.53674519 1.89156485 1.39722669 1.35745907 2.07772613
    1.46079504 1.20418429 1.40106332 1.38287175 2.00888014 1.50391805
    1.58872628 1.7184912 1.64906943 1.26894546 1.47170532 1.06458974
    1.7611481 1.53117251 1.153813 1.45010078 1.89034104 1.39945996
    1.72770405 1.47666824 1.62792492 1.14811516 1.78579569 1.16822183
    1.77666664 0.92261529 1.45855844 1.76657629 1.63883018 1.73168719
    1.85577524 1.77123582 1.64434218 1.49588335 1.95453596 1.20159614
    1.03563976 0.913319528 1.17115855 0.929653287 1.4977957 0.958153665
    1.48300123 1.221457 1.21625459 0.838901877 1.14033711 1.6212554
    1.70156753 1.76519501 1.27224815 1.98693562 1.31969428 1.62898088
    2.01658249 1.88303506 1.33885646 1.93441832 1.14091754 1.81754243
    2.00045943 1.57560515 1.80595005 1.4860549 1.35277736 1.75318336
    1.48971128 1.13424313 1.26436317 1.36159301 1.34014273 1.34333611
    1.4937489 1.77608144 2.16066694 1.88407028 1.39710307 0.882870734
    0.955157816 1.54059649 1.70736122 1.72405207 0.86723423 1.12149143
    1.25402558 1.48000479 0.99567318 1.69876707 1.50049198 1.46648049
    1.34331262 1.78541696 1.25048566 1.84930468 1.13210094 1.21429336
    1.82463753 1.30195606 0.961232126 0.921722949 1.33742905 1.27587867
    1.93853605 1.55386615 1.56976569 1.27916956 1.35035086 0.888528109
    1.43885064 0.99915731 1.70764041 1.74387789 1.62602723 1.71492922
    2.06871367 1.93016338 1.89600253 1.52248693 1.54203403 1.55706286
    1.82685578 1.98449671 1.08783686 1.74285316 1.37430477 1.73055577
    1.63007832 1.81675613 2.07847643 2.00807118 1.68598437 1.80967128
    0.876226842 1.0658083 0.763413489 1.45891023 1.36858582 1.60197246
    1.77470016 1.44609463 1.30941379 1.2295717 1.60539663 1.26034045
    1.3540132 0.858476877 1.31257153 1.28529441 1.7055403 0.865220249
    0.907519937 0.959845006 1.06075668 1.331406 1.90427256 0.845924377
    0.954666317 0.857061744 1.45944893 1.37766969 1.27694392 1.62851799
    1.72537696 1.13267994 1.24697208 1.76585841 0.855085909 1.25443232
    1.31317651 1.77808845 0.864215016 1.04691303 1.71293509 1.62924039
    1.46007645 1.52314997 0.950101733 1.62068474 1.00502563 1.13349426
    0.968495131 1.65556812 1.21612036 1.77048063 1.79718935 1.88470304
    1.81698191 1.32599521 1.26705456 1.26642191 1.30159438 1.59546483
    0.985601842 1.17296815 1.04584932 1.34952581 1.7403338 1.41625392
    1.5729084 1.52000999 1.10491955 1.67564344 1.52809346 1.94525015
    1.30104578 0.898174047 1.59014773 1.21255291 1.01892936 1.54795718
    1.61519468 1.11130261 1.44681108 1.30775809 1.06062078 1.18669963
    1.20092964 1.29671741 1.81888771 1.74786699 2.16762304 2.11105371
    2.07675409 1.87926698 1.40349174 1.10555935 1.02808475 1.39472401
    1.09316349 1.68293595 1.68457782 1.36328542 1.79043567 1.95109391
    1.9674325 1.03834224 1.12266159 1.11881864 1.47057319 1.76724637
    1.52376652 1.18227899 1.20058119 1.24441636 1.23682415 1.44219542
    1.89719903 1.9622345 1.14193749 1.93330419 1.78872478 1.50296509
    1.21010637 1.73117423 1.96995735 1.91250169 1.84202516 1.47690058
    1.74352205 2.11800146 2.04821944 1.56691515 1.30968714 0.949572444
    1.08495152 1.41000783 1.52390468 1.77817929 1.2445842 1.4041394
    1.01636899 1.28905308 1.19585598 1.39050567 1.49522662 1.27092373
    1.52722526 0.838286638 1.69984865 1.00289941 1.52244723 1.79169774
    0.915407658 1.20554554 1.14386272 1.64051914 1.43787336 1.11727381
    1.97929311 1.68341005 1.58823323 1.2253629 1.80499566 0.860535383
    1.70743883 1.34063554 1.76150703 0.869685888 1.13163555 1.74215066
    1.51176822 1.11828876 0.863895476 0.948542118 1.70442855 1.71369171
    2.02599239 1.16432595 1.62711895 1.92102706 1.88494003 1.32592356
    1.91143596 1.24937189 2.05509353 1.30399454 2.15923691 2.09252739
    1.6917007 1.31849849 1.53567922 2.02648187 1.63196254 1.91384518
    0.978250444 1.85352254 1.32094908 1.89043534 1.54973018 2.09943318
    1.77002621 1.8674289 0.989088178 1.38017642 1.03693962 1.52445829
    1.73566163 1.62439144 1.75997949 1.23361742 0.934023798 1.46516919
    1.10562396 0.908821821 1.27158296 1.19464886 1.43487442 1.57354736
    1.34899366 1.92768204 1.32610297 1.22306442 1.80815673 1.69861269
    1.31908596 1.08001745 1.47962248 1.74177396 2.07987857 1.89320815
    1.55309117 1.04093385 1.49311924 1.53815389 1.10990834 1.72394001
    1.25205266 0.855944455 0.917359412 0.990926564 1.82959151 1.63617682
    2.04790211 2.05011845 1.69702804 1.42920458 1.47359252 1.54178929
    1.25178647 1.45445955 1.52477252 1.09842038 1.37725925 2.11360526
    1.93257773 1.90982842 1.73309183 1.45622015 1.52072191 1.45060337
    1.25027931 0.838810682 0.970463455 1.41064286 1.37922931 1.03011012
    1.02312589 1.7500658 1.48734438 1.14989138 1.13504267 1.4879353
    0.967437506 0.833622873 1.26920676 0.907842278 0.982987881
    1.46424317 1.03823638 1.13249111 0.963365197 1.30516481 1.61495078
    1.0213573 1.21296954 1.14951587 1.53926444 1.54334855 1.83125412
    1.75187707 0.996109128 1.56241632 1.33859611 1.70534146 1.97978568
    1.30850601 1.75497854 1.86410236 1.15799034 1.45981228 1.87932634
    1.9219296 1.26625896 0.884389699 0.991366923 1.26210988 1.54574132
    0.90072602 1.33591199 1.84834087 1.72251582 1.94664264 1.57646394
    1.62337267 1.83677351 1.83602333 1.11161494 1.1082989 1.48317695
    1.71834278 0.597008646 1.55723357 1.67144644 1.97691596 1.80091202
    1.06648326 1.12536418 1.68481016 1.45108664 1.29659343 1.78792858
    1.35811794 1.53535259 1.10393929 1.22639906 1.45813334 1.21652877
    1.98777103 1.54774177 1.14328921 1.21422672 1.22999275 1.88069046
    1.47437179 1.49884593 1.98940253 1.74652076 1.34598315 1.83294427
    2.19762635 1.16091704 1.75373971 1.16567791 0.865447581 1.30010712
    0.926777542 0.92444098 1.71090126 1.5581646 1.52251124 1.88048661
    1.41800344 1.67300093 1.16066897 1.6223805 1.5476861 1.05346096
    1.00454032 1.86083901 1.01838613 1.38476443 1.02645159 1.08203053
    1.66722882 1.08186162 1.02006757 1.48271954 1.34642482 1.42766213
    1.97411716 1.86017418 1.20916712 1.32108903 1.89059067 1.8796854
    1.46704316 1.98872101 1.58323085 1.30703604 0.992277741 1.42168736
    1.66038728 1.91073084 1.15375113 1.25668263 1.6067816 1.73330581
    1.00389242 0.948194444 1.27969813 1.7167486 0.843359709 1.73888052
    1.09132373 1.1831181 1.24595761 1.94049942 1.06488919 1.10324192
    1.17985964 1.08759487 1.88549125 1.72280037 1.16487122 1.64817023
    1.85344088 1.66134846 1.70052052 1.67996156 1.20008254 1.27696192
    1.58941317 1.44163048 0.89145112 1.2438432 0.844457269 1.16223121
    1.63156855 1.50611329 0.907534957 1.31251514 1.19273198 0.91523236
    1.64193392 1.12230313 1.39596891 2.00566149 1.49145937 1.62798941
    1.24433303 1.77975333 1.26702344 1.81887031 1.62010002 1.92134285
    1.72213936 1.86926782 1.18252969 1.1881808 1.7912786 1.89074934
    1.89202404 1.94142067 1.93507206 1.89095688 1.66169727 1.7609725
    1.257599 1.62139213 1.14988303 1.06860757 1.42971015 1.69135857
    1.40486622 1.23950016 0.914716721 1.43958223 1.31146944 1.834234
    1.80162239 1.69780958 1.19433808 1.69701445 1.67391467 1.06803036
    1.19750237 1.63344586 1.55532002 1.15578115 0.954265475 1.36861002
    1.21457481 1.47129071 1.26118767 1.26330817 1.35592926 1.80100644
    1.78289449 1.28870094 1.81414843 2.06726885 1.8585223 1.61631966
    1.33778703 1.88666093 1.23887229 2.02069473 1.78732777 1.89742684
    1.49983108 0.988219619 1.10933459 0.914186299 1.41168058 0.930012643
    0.950778961 1.8349731 1.06052172 1.75406599 1.11869478 1.87452543
    2.05267262 1.93776894 2.03136015 1.18573046 0.927054942 1.27386713
    1.62410319 1.57417762 1.41635406 1.35394382 1.39269257 1.20560896
    0.995699227 0.879857361 1.71133053 1.06744218 1.22729731 0.864598393
    1.22157872 1.35775697 1.50666201 1.12630093 1.02213573 1.75181317
    1.60463285 1.13878489 1.43479788 0.939844191 1.19129586 1.59252787
    1.27226138 1.49688673 1.85314453 1.41885519 1.54199314 1.6445508
    1.04002011 1.85840678 1.89333534 1.44123423 1.10490978 1.96596241
    0.973687291 1.90401101 1.36758733 1.61817372 1.6358676 1.7188648
    1.0393132 1.71064997 1.01847386 1.80591476 2.01100779 1.57376063
    1.41776764 2.07691526 1.91327667 1.67695975 1.73598838 0.908919096
    1.48303103 1.49197948 1.32392359 1.55349088 0.748756051 1.21486974
    0.917361975 1.5951488 1.97980845 1.02574301 1.45761573 1.05211639
    1.53329003 1.22555351 1.38450038 1.48581147 1.28619361 1.3434186
    1.18952918 1.82808077 1.27689791 2.01170897 1.63583481 1.8600738
    1.78743696 1.66864705 1.31718743 1.51081157 1.61366272 1.88174605
    1.3638078 1.82153893 2.04576135 1.39407682 1.98412478 1.8572619
    1.71267354 1.07676387 1.52711725 1.0139724 1.32430398 1.04669034
    1.12354457 1.75638866 1.4264133 1.82880437 1.8488692 1.41734886
    0.907783747 1.42511499 1.88053775 1.40192604 1.97267103 1.38408768
    1.97155571 1.73772943 1.77144504 1.1288873 1.89422214 1.10979211
    1.5906074 0.754509628 1.84235942 1.1653415 1.41784716 1.07038212
    1.73347628 1.46592546 1.86524856 1.50331831 1.5830723 1.96832204
    1.66825712 1.23334646 1.67885053 1.72528708 1.87435174 1.88721275
    1.78107572 1.40663207 1.36962247 0.871045113 0.957865953 1.03062975
    0.849808931 1.12602746 1.41956162 0.790542185 0.752038181 1.09923804
    1.8819418 1.65150476 1.59385335 1.69054687 1.04441392 1.25469506
    1.08972716 1.09494686 1.91584063 1.59666395 1.43424761 1.3757658
    1.42215502 1.8359201 1.65578187 1.423926 1.6080519 0.86837399
    1.30884969 1.47562027 1.0414995 1.41548014 1.08424437 1.62511098
    1.19204485 0.908670425 1.75805545 1.38037276 1.35286689 1.50645936
    1.52247834 1.55706525 1.38346601 1.50809467 1.19427526 1.64695573
    1.6415844 1.42806709 1.31605327 1.63053167 1.86877894 1.34343684
    1.4626286 1.80013156 1.2428652 1.42283547 1.18094671 2.01213193
    1.97480738 1.47009468 1.66754317 1.85419071 1.32152843 1.79836619
    0.942262411 1.30717409 1.88799345 1.12807798 1.23816752 1.30459774
    1.74160886 1.55477965 1.53286672 0.933550894 1.2082485 1.89487338
    1.28796649 1.35006416 1.65601099 2.05611467 1.90555143 1.8666482
    1.19864547 1.09377277 1.55703604 1.03051424 0.944961429 0.904321969
    1.70252597 2.00484085 1.59964097 1.46787298 1.69492316 2.07518196
    2.00814581 2.00310922 1.59778726 1.5953114 1.32253206 1.81868684
    1.19575143 1.15229034 1.73835671 1.66882789 1.39134908 1.85013592
    1.4541316 1.66616857 1.19362068 1.71929121 0.972514749 1.66776681
    1.76286757 1.435027 1.38454342 2.05761147 1.56671739 1.74490476
    1.06368947 1.93741262 1.72899663 0.924225867 1.24143982 1.2896558
    1.03408408 1.55641758 1.56931365 1.26895976 0.957039297 1.03537869
    1.05986249 0.87412101 1.01805556 0.748090923 0.870018601 0.880184293
    1.05900252 1.0506444 1.64029074 1.81594169 1.29549217 1.14999282
    1.88008893 1.59808636 1.69119191 1.9082849 1.95762444 1.18680334
    1.92662978 1.26500463 1.09998 1.0259546 1.06114113 2.11462212
    1.68088317 2.16613078 2.01491809 1.61734843 1.44921148 1.48225451
    1.56902194 1.33820677 1.95277882 1.12203956 1.32633448 1.05543935
    1.408728 1.82356954 1.62144971 1.09588158 1.97913754 1.66216159
    1.69958723 1.32400358 1.01453888 1.0233804 1.52684629 1.07561994
    1.28494704 1.36807704 0.968481362 0.626141071 1.3592521 1.61298835
    1.01404679 1.27748168 0.989378512 1.63004005 1.05241704 1.13402331
    1.04600012 1.21871233 1.50057209 1.2305696 1.80198681 1.04800379
    1.65092719 1.78499579 0.998398602 1.44165611 1.13616443 1.98070943
    1.27329695 1.47225463 1.15311241 1.48754025 1.72430944 1.84855926
    1.24264085 1.50956655 1.43474877 1.95852828 1.72936416 0.95172894
    1.00548947 1.28364861 1.60088706 1.42931724 0.872754216 0.939059019
    1.24739838 1.93490255 1.89872944 1.00957179 1.6111064 1.28987312
    1.13099027 2.01660252 1.91883612 1.94504809 1.65627754 1.43880117
    1.76901889 1.25048172 1.121526 0.988650858 1.32178819 0.914283097
    1.20748997 1.41991389 1.01690507 1.37225306 1.54849851 1.4967792
    1.72416604 1.45409012 1.02134955 0.990898907 1.5110352 1.30386126
    1.77860081 1.79153061 1.10174215 1.81219363 1.71900511 1.30484486
    1.54638386 1.70538557 0.911816359 1.29835236 1.20595217 1.45903969
    1.20477057 0.682696819 1.15951586 1.10595226 1.42822933 1.80788445
    1.46165407 0.991367519 1.47612655 1.43545806 0.894956648 1.22546542
    1.53971589 1.68959236 1.89450836 1.20645225 1.95282209 1.04943275
    1.95672381 1.74068069 1.57963967 0.868542552 1.0790956 0.954981327
    1.05749559 1.8749305 1.09521544 1.52831113 1.29208636 1.19017935
    1.16035616 1.5302515 1.25387359 0.980678737 1.08565009 1.69064224
    1.77184343 1.74215186 1.32813728 0.913887441 0.94784373 1.07826388
    1.53787494 1.01432109 1.1920532 1.76381576 0.983699381 1.41830134
    1.46657467 1.32519078 1.08822763 1.91691434 1.91707063 2.19051838
    1.91979659 1.84936285 1.55386865 1.01396894 1.51014698 1.14221478
    1.30662584 1.60208321 1.20004225 1.53009343 1.70577228 1.13407195
    1.64065874 1.72429836 1.03551197 1.35823667 1.3563596 1.43942785
    1.294806 2.03862333 1.93645012 1.57176316 1.359303 0.949225307
    0.908075452 0.887173057 1.15642393 1.38448346 1.70751739 1.22265363
    1.39452004 1.87643886 1.97611976 2.10445833 2.05203509 2.19656396
    2.14194584 2.09007072 1.49766874 1.56751001 1.36844993 2.02940583
    1.03803635 1.16876531 1.13899457 1.94010413 1.33179331 1.0650152
    1.21878326 1.31861234 1.57576895 0.966141701 1.13997412 1.65729582
    1.19593072 1.73328269 1.59805882 1.83592641 1.39209938 0.983014107
    1.2529664 1.31206942 1.79123306 1.59290564 1.75244987 1.41598105
    1.7699095 1.28115761 0.912777424 1.31211257 0.794697046 0.876990557
    1.08261466 1.46837234 0.839703977 1.36310744 1.51925504 1.08904326
    1.96715498 1.2369554 1.69147837 1.88052547 1.4222014 1.70226181
    1.26720464 1.68292558 1.53206706 1.96214187 1.6438781 1.48956466
    1.71022129 1.52140677 1.18362474 2.11652136 1.78014922 1.85627711
    1.00947106 1.83278263 1.26926053 1.44395959 1.89854908 1.36238742
    1.57965457 1.84913826 1.98796201 2.01252484 1.87807226 2.04893351
    1.26196408 1.87653542 1.74405849 1.2388413 1.48434877 1.31087995
    0.905139208 0.967342854 1.01425314 1.01115322 1.62002277 0.943208456
    0.932039857 0.615034819 1.59735847 1.63038194 1.4656961 1.19097364
    1.61223912 0.828616261 1.38012958 1.51209676 1.58045006 1.66472363
    1.50769603 1.40837169 1.71854627 1.65277195 1.77402973 1.65413404
    1.59671664 1.62155831 1.52482998 1.47334015 1.76440036 1.50493848
    1.24093413 1.80612731 1.50440848 1.32496107 1.21718514 1.93889153
    2.08317471 1.67395103 1.71188974 1.34959567 1.12886596 1.4907732
    1.51370227 1.62945783 1.11169541 1.47681177 1.23499835 1.45051539
    1.30331814 0.953923166 1.05083728 1.21091747 1.41596127 1.51184058
    1.70617449 1.90632963 1.46436024 1.31230843 1.68464744 1.46437812
    1.67670393 0.856095672 1.24123764 0.874364197 0.869423866 1.71074259
    1.01512372 1.01129818 1.86490417 1.28810132 1.18866599 1.31522453
    1.4182409 1.16780865 1.06315851 1.79624379 1.51848543 1.27217221
    1.82232547 1.19675446 1.28527522 1.83493364 1.74163437 1.04359317
    1.29176795 1.75823843 0.906421661 1.27844214 0.930089056 0.857176781
    1.0145936 1.45034027 0.904253542 1.20243907 1.64097512 1.57202482
    0.914677024 1.44914603 1.11738873 1.25267267 1.98679638 1.30067396
    1.94926405 1.52254844 1.81014729 1.86671162 1.99555898 1.24739408
    1.5211221 0.818918884 1.19357431 0.897134423 1.44721651 1.32249165
    1.30662036 1.58502662 1.37567401 1.74332738 1.12389863 1.85483909
    1.18309176 1.54217362 1.71021807 1.19795334 1.94916177 1.40314734
    1.75734246 1.1312809 1.06226587 1.48607039 0.968349814 1.01746154
    1.19336891 0.904720068 1.52658784 1.40189707 0.99489826 1.5675658
    1.66660845 1.44549263 1.13287461 1.85597718 2.01946497 1.54361129
    0.993577778 1.29173553 1.32018852 1.67625165 0.965207279 1.7158004
    1.7297262 1.04507208 1.84942901 1.51766992 1.08893156 1.27614796
    1.90532196 1.1618154 1.70630205 1.73708057 1.59546041 1.9435178
    1.13630652 1.62221456 0.982394218 0.929558754 1.03003788 0.715903997
    1.44576228 1.55257857 0.938098788 1.08016598 1.77028489 1.95335305
    2.09093666 1.53411508 1.68778038 1.3529191 1.59859169 1.81296515
    1.04997182 1.27968788 1.44155478 1.78004491 1.75756574 1.54737723
    1.82371187 1.45001328 1.76587665 2.01804662 1.80833793 1.11497879
    1.23754287 1.68846858 1.96129334 1.99548876 1.31806815 1.09522021
    1.02288282 1.74871135 0.975887835 1.21133804 1.2382679 1.73121226
    1.66850138 2.07363963 2.05905247 1.44371033 1.02478659 1.00115323
    1.40614843 0.777359605 1.59167409 1.15421498 1.06831062 0.712798476
    0.778838754 0.763641596 0.963219225 1.53014326 1.81522226 1.09411728
    2.10878778 1.99245739 2.0447998 1.86264682 1.90827358 1.84278667
    1.42378986 1.85616934 1.6962198 1.02912676 1.16056573 1.5150013
    1.99098206 1.79529917 1.71209455 1.90016806 1.119766 1.91934383
    1.7584008 1.16081583 0.978821039 1.67128944 1.83478892 1.5524919
    1.68839824 1.99796462 1.58826971 1.63420522 1.64131081 1.70569396
    1.22456014 1.16868532 1.50296259 1.09962678 0.875519216 1.11052597
    1.19071686 1.54304945 1.51968038 1.71428311 1.51990294 1.32498586
    1.24076986 0.760890961 0.970754564 0.952365875 0.824997187
    1.53750825 1.30041802 1.85525048 1.52198195 1.03430474 0.987794816
    1.02525508 1.04406595 1.55027986 1.48933637 0.927796245 0.938402593
    0.936436713 1.50809646 0.882283211 1.18041384 1.37699103 0.97765857
    1.67663753 1.92767024 1.32011271 1.588359 1.10869098 1.38684702
    1.47680616 1.01946664 1.4076966 0.895683825 1.44945455 1.25213051
    1.6946094 1.59098661 0.917886794 1.19953489 1.42178869 1.37980998
    1.58795595 0.963235617 1.11331093 1.81864059 1.16731787 2.02632046
    1.98955154 2.04472828 1.27987754 1.24427581 1.5012219 1.81147599
    1.04055572 1.23069525 1.23319829 1.64693987 1.15985417 1.63778567
    0.841019154 1.6878891 1.6739912 1.1730392 1.30604076 1.04833281
    1.50845158 1.49880171 1.92810166 1.42073512 1.6519711 1.23717737
    1.43752658 1.83208954 1.01895654 1.64522755 1.01748872 0.931298971
    1.17668509 1.59079909 0.973565102 1.09189451 0.995365739 0.805548251
    0.806934655 1.80681419 1.14050114 1.19323492 1.07792246 1.86062241
    0.993790448 1.46442699 1.46762753 2.02168846 1.20663822 1.96906996
    1.75600553 2.04448223 1.40957499 1.11284649 1.18907654 1.60754573
    1.45320272 1.48988426 1.21061277 1.13897848 1.41977465 1.47008908
    1.95709229 1.28884113 1.71209896 1.36605716 0.928073108 1.55924404
    1.78311038 1.23151112 1.00186563 1.73231995 1.14622116 1.1067903
    1.15978384 1.52615511 0.973576605 1.23104048 1.21199358 1.29682481
    1.63149619 0.863276839 1.38580704 1.14159918 0.923601151 1.52907825
    1.60171461 1.5177263 2.2083323 1.69472146 1.83258104 1.41663361
    0.955084503 0.955599427 1.50949049 1.77510369 1.5717473 1.32732654
    1.18095434 1.08762646 1.02179539 1.84389114 1.17021823 1.68169677
    1.33868909 0.938477874 1.02267528 1.44315815 1.85306811 1.06305492
    1.58028102 1.12813294 1.75536299 1.1754961 1.69934464 1.48407412
    0.964451075 1.56447423 1.1052947 1.5916599 1.12409961 1.12015426
    1.85370433 2.01995468 1.53566325 1.69225812 1.8938967 1.60970712
    1.84721434 1.02635789 1.59440649 1.63977635 1.93831944 1.25675058
    1.72905171 1.67685819 1.33294225 1.22796988 1.09121907 1.49443841
    1.28652728 1.73422372 1.57910657 1.82820082 1.2112515 1.44545138
    1.74432361 0.961412549 1.32534301 1.02798581 1.9293927 1.46315873
    1.74384606 1.97122145 1.53982675 1.79569161 1.71418858 1.17477095
    1.61569619 1.50941777 1.19351292 1.3108629 0.791132867 0.91643399
    1.60759568 1.15034735 1.52831304 1.12419379 1.74726522 1.94659352
    1.71891356 1.29603338 1.39515829 1.67063797 1.85320508 2.09388351
    1.31181836 1.54094553 1.12149787 1.40535903 1.67863262 1.95084488
    2.00216651 0.961588442 0.974633396 1.18989861 1.24217403 1.20368421
    1.75804722 1.15208519 1.06755722 1.80077779 1.75784039 2.08433843
    1.97993648 2.0365684 1.4679544 1.70382583 1.66239321 1.25718486
    1.0879215 1.4925704 0.893422723 1.53351402 0.97038269 1.3515259
    1.53268063 1.53246582 1.66994262 1.39460278 1.20191789 1.51282036
    0.847711444 1.47530937 1.70082247 0.819350421 1.51370382 0.908317447
    1.16280413 0.967499018 1.81863797 1.03458822 1.64465916 1.04276109
    1.25885844 1.82432044 1.26056743 1.8912487 0.814224839 1.55088401
    1.05088782 1.17624056 0.869455397 1.06895089 1.29453254 1.40480494
    1.3488487 1.66569674 1.57802331 1.03486705 1.75369275 1.79436767
    1.3054328 1.57203853 1.19497752 0.897156894 1.10675645 0.87402302
    0.988283277 1.07323968 1.67753124 1.46367085 1.28492725 1.15245593
    0.960486174 1.6677264 1.7175113 1.31416023 0.941132545 1.71641862
    1.52923894 1.3964982 1.1052469 1.77244902 1.61444843 1.17664206
    1.60501838 1.49947846 1.05653346 1.63574016 1.11649275 1.27326643
    0.998060822 1.74939394 1.87502456 1.06777143 1.35515964 1.19061065
    1.8889662 1.28784943 1.60429561 1.59192312 1.45258093 1.44283748
    1.20332098 1.50208712 1.33255291 1.92772591 1.78935075 1.77023864
    0.980717361 1.70124292 0.783133864 1.22575605 1.10879314 1.04667604
    1.03944004 1.15941083 1.51605892 1.46050406 1.25823843 1.64914751
    1.83294249 1.86820602 2.081249 2.00773478 1.42197442 1.9453311
    1.51508641 1.31259179 1.23963189 1.33343172 1.60506666 0.8715415
    1.30619812 0.959100425 1.50745964 1.7261076 1.81121159 1.37658238
    2.00165844 1.29220963 1.57755721 1.39321446 1.92803168 1.23008394
    1.91192913 1.8198607 1.09559131 1.64043939 1.5666517 1.01918936
    1.7143029 1.78347266 1.73707545 1.15939486 1.33665383 1.54563892
    1.18224454 1.10223532 1.46823561 1.33614266 1.44500709 1.73517954
    1.76102126 1.63837743 1.90693307 0.932529807 0.749000251 0.94260627
    1.14871693 1.74319291 1.6504221 1.17153203 1.21656573 0.939954042
    1.4634223 1.15895057 1.12626433 1.27458882 1.35577035 1.90531385
    1.35955751 1.04034352 1.74120331 1.76590753 1.00778365 1.26017165
    1.07791424 1.40717244 0.945543826 1.39855993 0.938207746 1.12363398
    1.26979005 0.889204621 0.995649219 1.67582977 0.945951223 1.80550182
    1.91247332 1.62819409 1.6599834 1.48654771 1.3754127 1.54084218
    1.74791741 1.54841685 1.77402949 1.14325845 1.38355136 1.21021068
    1.95825434 1.01075768 1.45717764 1.30325508 1.22158778 1.72813904
    1.78478801 1.8986994 1.65971971 1.40577412 0.970393777 1.61976671
    1.8610208 1.90175867 1.9665066 1.65262127 1.98126984 1.81148529
    1.74666882 1.03796792 1.32856584 0.911016941 1.71260822 0.97422415
    0.901640892 1.23332977 1.04048669 0.892085254 0.875428021 1.80361891
    1.46051562 1.90807033 1.6537143 1.39552963 1.41845047 1.56175113
    1.89092374 1.89739811 1.96317518 1.86935949 1.28852355 1.66757047
    1.2891835 1.65636659 1.33786738 1.354509 1.5197922 1.1924603
    1.48185444 1.0736115 0.931259811 0.766118407 0.832498908 1.32152057
    1.25861728 1.26121998 1.5049057 1.83855736 1.81513798 1.71930146
    1.32498097 1.27653933 1.7183758 1.18974912 1.27841401 0.981650352
    1.63885069 1.78836226 1.17024302 1.75819051 1.9115777 1.53449547
    1.57068348 1.58134663 1.02963686 0.845152318 1.42149091 1.06934905
    1.43401968 1.58260858 1.43864512 1.08569276 1.83256376 1.55887485
    1.70645225 1.51520514 1.24476326 1.49189532 1.74924314 1.04762483
    0.932975709 0.992752552 1.35149169 1.38412344 0.992968798
    0.929707706 0.930005014 1.2039789 1.23865318 1.58981156 1.86744189
    1.6731565 1.11077023 0.968437731 1.46519125 1.03906429 1.12014687
    1.5081892 1.3110857 1.656178 1.41941953 1.57221973 1.5939225
    1.53220642 1.61548781 1.18109989 1.82696521 2.0539217 1.08088219
    1.72379661 0.99153769 1.84486163 1.03403378 1.78074431 0.995960057
    1.68376052 0.925695181 1.17260683 1.47034872 1.49876904 1.88318861
    1.35712397 1.1451925 0.867944896 1.61607504 1.00260472 1.0155859
    1.39647722 1.36312902 1.04366684 1.43040693 1.77510941 2.00076342
    1.3201431 2.02855968 1.51304078 1.83827603 1.51058376 0.912614107
    1.30704069 0.974005461 1.45282221 1.14906633 1.02407038 1.68308127
    1.82454491 1.0350616 1.60314691 0.916974723 1.43303883 1.46675992
    1.96013772 1.83153927 1.83748698 1.36063993 1.90372825 1.34045398
    1.56591678 1.35635531 1.78455722 1.43646407 1.01215136 1.00796068
    1.2175715 1.57949865 0.956265032 1.683056 1.13627017 1.72874272
    1.06216705 1.4822613 0.927520454 1.20898902 1.12053335 1.2182368
    1.1739049 1.59707749 1.27819991 1.27154577 1.43641102 1.79139459
    0.985624552 1.00595868 1.86031628 1.18348324 1.75751448 1.40091074
    1.96817076 1.77316368 1.15403867 1.80520701 1.84026659 1.76666284
    1.01987851 1.36824799 1.03418148 1.47766101 1.9791075 1.71552539
    2.04098201 1.35586178 1.7548492 1.22556031 0.984544516 1.11092782
    1.83176196 1.32064188 1.2572881 1.18639839 1.20869899 0.907995343
    1.31033516 0.928569257 1.26566052 1.62179911 1.06334817 1.82844925
    1.17765439 1.25628221 1.80708134 1.26870251 1.80828631 1.623649
    0.950634301 1.71683717 1.27949345 1.71165276 1.89576209 0.946608603
    1.80504823 1.10291326 1.30083442 1.12176657 1.80466676 2.07415295
    1.57597542 1.97997808 1.12259424 1.11752546 1.75874519 1.37440705
    1.6874553 1.95745778 1.90948451 1.66762745 1.49027932 1.1971302
    0.847413599 1.50985122 0.85134244 1.95491683 1.5402168 2.15185022
    2.10871983 2.09268999 1.31711197 1.47464395 1.46658683 1.72817099
    1.63551557 1.87681234 1.90976477 1.14407361 1.97470903 1.36598158
    1.55784059 1.18584919 1.5283941 1.53646553 1.1847403 1.17563593
    1.29682994 0.867958367 0.88261354 1.34895933 1.78295493 1.34346592
    1.43253469 1.54475474 1.12965369 1.74981856 1.02521873 1.08067465
    1.39352679 1.9537816 1.31181455 1.3347466 1.09559858 1.24227738
    1.31896281 1.64162564 1.50278032 1.09462821 1.2562542 0.981099844
    1.54489362 0.915882647 0.642743528 0.762599766 1.00188863
    0.845778167 1.48464334 1.69378591 1.73838043 1.26473486 1.27685249
    1.52050745 1.671139 1.17423129 1.91598201 1.65372515 1.33371794
    1.26125717 1.04158604 1.19011402 1.05191791 1.51654351 1.96746457
    1.38613284 0.851495206 0.779204786 1.45937026 1.20049 1.67999291
    1.09135234 1.62945402 1.41189277 1.25187397 0.874526858 1.28230417
    1.38258517 0.985371351 1.74576092 1.79560137 1.77679038 1.55865693
    1.36601877 1.07094419 1.60483539 1.08175588 0.929057896 1.0763911
    1.01298332 1.26081383 1.19886589 1.16614735 1.23089826 1.33276582
    1.38793957 1.24393678 1.64240634 1.49264073 1.8989116 1.0813812
    1.39567804 1.0628624 1.09517598 1.56830478 1.22532606 1.37577581
    1.82755184 1.48111784 1.73548031 1.04473841 1.11559713 1.68349254
    1.20938206 1.26684618 1.86606801 1.41913915 0.900918961 1.07907844
    1.05818415 1.55562997 1.42759573 1.49442351 1.22356248 1.44487739
    1.3981024 1.37995267 0.907885253 0.981838942 1.14782858 1.58670926
    1.64668512 1.92203069 1.83117414 1.49600899 1.202196 1.75157309
    2.03047967 1.41259444 1.77170873 1.31615376 1.2408675 1.78012288
    1.83710504 1.29467404 1.93974364 2.02259803 1.89140797 1.40426934
    1.55854738 1.51844466 1.28464568 1.14692235 1.59284902 1.29813385
    1.5855515 0.957042456 1.0185436 1.10823452 1.55678451 1.42743039
    1.67990708 1.40947592 1.43815684 1.07187843 1.45329177 1.44756031
    1.73130858 1.52853858 1.29243839 1.7608161 1.31856215 1.68212044
    1.6017015 0.91477263 1.67728746 1.00902581 1.68742609 1.92933178
    1.84803319 1.65871704 1.47710812 1.04116952 1.88288903 1.40402496
    1.26187229 1.2667098 1.4474256 2.20658898 2.18318796 1.54723966
    2.0429337 1.95429873 1.50876594 1.15419817 1.95954394 1.77651072
    1.13609564 1.86557603 1.30675626 1.58830869 1.63759017 1.85330915
    1.13813686 1.0374701 1.36412418 1.6540091 0.871208251 1.26441014
    1.84387803 1.16100061 1.3010608 0.97623086 1.58547044 1.50046015
    1.45741606 1.34981191 1.37255931 1.5539732 1.42609346 1.7792778
    1.93305039 1.46834791 1.84736001 1.22466946 0.998646319 1.37719357
    1.81132412 1.30519676 1.22612894 1.80760086 1.44678581 1.52633512
    0.95888412 1.03760159 1.24777949 1.50673139 1.34408045 1.95180285
    1.4389888 1.76705134 1.31603956 1.13080907 1.75860488 1.72256041
    1.31079316 1.45538306 1.93843651 0.912442923 1.83539915 1.5729996
    1.1146915 1.1346401 1.52125895 1.95697427 2.14343786 1.42889297
    1.35607517 1.32664728 1.18032098 1.5222913 1.79929185 1.94265568
    1.62856412 1.69395971 1.41189241 1.39518189 1.44847989 1.68770266
    1.09623587 1.64105129 1.62989223 1.41782033 1.17844748 1.3033998
    1.49621725 1.09363329 0.855912924 1.67581642 1.86121142 1.52046299
    1.21586382 1.37011659 1.4541688 1.32720721 1.5773809 1.32438505
    1.02108836 1.84849334 1.63067603 1.83812261 1.07221961 1.68615174
    1.09020317 1.19650483 1.88361168 1.71197128 1.75167644 1.60369813
    0.874150097 0.980551183 1.17745817 1.01331866 1.80627167 1.27189648
    1.15804029 1.4988457 1.52367115 1.90965497 1.58696949 1.85274231
    1.56471884 1.45988297 1.73640931 1.83030236 1.16577566 1.75168025
    1.37574971 1.82422578 1.79905117 1.81183672 1.20041156 1.59385347
    0.721178412 1.39802969 0.967992425 1.44835186 1.97245955 1.86297596
    1.94910741 1.45565772 1.55254984 0.900055408 1.28687775 1.52971411
    1.01905298 1.1056627 1.32273233 1.62944734 1.17111421 0.947554111
    1.50277889 0.918046117 1.75088418 0.866975367 1.64893425 0.710478485
    0.792599142 1.06725085 0.819401503 0.77965796 1.4686563 0.998143017
    1.2981925 1.27569699 1.72121549 1.82102394 1.12566161 1.96480656
    1.77610505 1.08726823 1.98524511 1.49380755 1.56280982 1.9930861
    1.96672893 1.96265948 1.75626528 1.57455206 1.43092859 1.85926771
    1.67074084 1.05534434 1.08377564 1.1229558 0.936941385 1.75272417
    1.69853258 1.75694442 1.2693634 1.28752685 0.973572552 1.30422139
    1.32313573 1.47110987 1.23770642 1.44066513 1.34602821 1.05487609
    1.12606919 1.605093 1.47042346 1.31222391 1.76235569 1.06943917
    1.35462594 0.910164535 1.28665245 1.36199093 1.43479478 1.16848588
    2.07140446 1.43274915 2.07500029 1.37948442 2.0032599 1.38777757
    1.42118573 1.15426219 1.92428279 1.25839531 1.31189394 1.41284108
    1.20099032 1.24692285 1.04871011 1.47202885 1.08430707 1.60580266
    1.14833724 1.07660568 1.84153223 1.2094146 1.27395427 1.17441535
    1.8786608 1.69998324 1.10712564 1.65466475 1.3458631 1.52266586
    1.16840339 1.21000171 1.17156804 1.87868023 1.97992778 1.27683997
    1.46924639 1.56645715 1.37346649 0.917332053 1.40430808 1.75857961
    2.1651051 2.13161516 1.73437798 2.18521285 1.8283124 2.03604913
    2.20106268 1.8548882 1.17501926 1.73275805 1.19014633 1.46330178
    1.7623837 2.15686893 1.80957615 1.41670692 1.78535759 1.35404217
    1.11212957 1.82924092 1.20020151 1.46500695 1.3799001 1.2017585
    1.22431934 1.88059235 1.09849548 1.65476692 1.03382385 1.73583996
    1.8818655 1.66837478 2.0766058 1.71923709 1.67464781 1.8597424
    1.10471916 1.19935656 1.89328158 1.0311625 1.19802356 1.48110402
    1.89330447 2.17746615 2.02656078 2.06492186 1.61186814 1.98150051
    1.52028656 1.65429664 1.09513831 1.2735188 1.81760299 1.02444887
    1.02430916 0.966488779 1.56351972 1.12360775 1.96014071 1.11612678
    1.9966073 1.8269912 1.52279341 1.35606408 1.39569175 1.20880234
    1.12498617 1.75783014 2.20505095 2.12380147 1.93039548 1.40117419
    1.18783677 1.0343529 1.52242982 1.24049306 1.34001398 1.37758172
    1.68461442 1.77811134 1.80484843 1.81802523 1.24855793 1.77105093
    1.21614015 2.02645206 1.87724447 0.979549944 0.998042405 0.971631706
    1.51697648 1.20486534 1.18500006 1.19565654 1.53194904 1.94959307
    1.36418808 1.8262291 1.66926622 0.953226864 1.79925334 1.62135649
    0.916418731 0.981937766 1.49076474 1.75717175 1.89503932 0.981886327
    1.01133776 1.82235444 1.54890943 1.15044367 0.996317625 1.15117514
    0.957190275 1.04208636 1.81383431 1.24148607 1.30070567 1.14747024
    1.45936859 1.89362001 2.06156349 1.72762501 1.57102144 1.89810157
    1.43904269 1.89338458 1.81909955 1.01204431 0.822749734 1.28259945
    1.03217793 1.42637074 1.11556971 1.11635232 1.33094966 1.1167829
    1.55552971 1.7836535 1.28197336 1.97710514 0.927369595 1.01181078
    1.59620738 0.924284399 0.931171536 1.03536737 1.34443021 1.11504447
    1.79648542 0.958492637 1.22569847 1.01795137 1.8782537 1.6165365
    1.30332291 1.08011997 0.855493724 1.33917177 1.18676591 0.714150727
    0.844606936 1.54574585 0.942907751 1.27777553 1.66054761 1.22560489
    1.10083842 1.61852157 1.73595273 1.21660447 1.56959605 1.12742484
    1.66824293 1.63914621 1.68739057 1.35178292 1.02723265 0.999316514
    0.951391578 1.2849021 1.33477688 1.85455537 1.79724252 1.51550674
    1.65940988 1.35148966 1.47099018 1.78938675 2.01782656 1.79555106
    1.76530707 1.23661494 1.44574225 1.0000174 1.1771704 1.79485822
    0.956036568 1.23387301 0.989478469 1.13941598 1.00730646 1.75021553
    1.92152834 1.90753698 1.50901139 1.12669349 1.29054272 1.33031142
    1.34478354 1.65472066 1.802212 1.55332375 2.17015123 1.69279075
    1.43174267 1.39978635 1.28500998 1.52255344 1.92522812 1.15859342
    1.46432519 1.62186444 1.18557799 0.92566812 0.798668206 0.656250775
    0.840450704 1.13037777 1.46397305 1.32772744 1.78964734 1.80097067
    1.76017153 1.83097279 1.6133616 2.06045699 1.57463336 1.62722051
    1.50232077 1.98609662 1.6723932 1.28225386 1.35834217 1.19134152
    1.3457582 1.52915847 1.969082 1.40925229 2.07810044 1.4591254
    1.54824257 0.953145564 1.92317104 2.03839469 1.5510391 1.66205204
    1.77517283 1.76382399 1.7885716 1.25657213 2.16133094 1.58437717
    1.78493643 1.04868233 1.69088876 2.00013614 1.65321064 2.1424787
    1.51569915 1.69314766 1.42994058 1.39909184 0.913451552 1.07269895
    1.62908936 1.16851354 1.49161708 1.57922614 1.68643701 1.83564651
    1.77884614 1.78540838 1.56936443 1.0773232 1.57442665 1.25461805
    1.76816893 1.83813763 1.99573374 1.11916518 1.9567616 1.52308929
    1.77639759 1.02389586 1.59970784 1.83241093 1.99323118 2.13083816
    2.30664325 2.26131535 1.81910861 1.79564857 1.35565126 1.36252725
    0.993453741 1.13539076 1.36565816 1.39533007 1.17244542 1.84406936
    1.9532944 1.45301557 1.76826429 0.996011317 1.57021761 1.29444742
    1.98958743 1.37695241 1.60719717 1.23534763 1.2352159 1.83017564
    1.99596155 1.11353183 1.1273365 0.835723758 1.23865068 0.89956516
    1.03665864 1.52267992 1.54011941 1.42135835 1.92094028 1.74266863
    1.31541026 1.73352706 1.58692884 1.04298604 1.5621314 2.03288341
    1.91559148 1.7394352 1.17649734 0.92025733 1.13790894 1.31237757
    1.89294243 1.50952017 1.75549138 1.99155772 1.5385989 1.44361532
    1.36041212 1.95361602 1.06730878 1.09217417 1.35841966 1.59871542
    1.72001326 1.1825037 1.51819527 1.54784358 1.44192874 1.87264001
    1.7033509 1.40747619 1.57615435 1.69742227 1.86772752 1.65653884
    0.918939292 1.71954 1.33749878 1.61057603 1.7551347 1.40600371
    1.23075008 2.02421498 1.93773353 1.50271487 2.060323 1.54714501
    1.72593009 1.54937387 1.09580374 0.967842698 1.40177584 1.00712657
    1.16493654 0.944331884 1.39756024 0.901116729 0.910044909 1.725775
    1.58283639 1.05798995 1.67621219 1.0726018 0.787977159 1.25513709
    1.32462716 1.42043948 0.973062813 0.977547944 1.61527061 1.48167837
    1.66728961 1.42666149 1.32833564 1.07486904 1.71042311 1.74983168
    1.6303879 1.17844427 1.08828294 0.750992298 1.09637284 1.01193643
    1.69151235 1.77960086 1.40363693 1.56265879 1.82056344 1.50817275
    1.90214014 1.43112862 1.77545166 1.89948797 1.82002842 1.72643983
    1.47000444 1.80895674 1.24162936 1.94522214 0.936930239 1.73434329
    1.27375102 1.4593724 1.16363978 1.41828477 1.81616378 1.07823956
    1.10677624 1.72574914 1.57837617 1.39182806 1.33688295 1.04308319
    0.853734851 1.5199126 1.58463299 0.962013483 1.50205934 1.75759125
    1.69503903 1.50702548 1.44818962 1.05946648 1.50811255 1.29925835
    1.50316262 0.937803447 1.32074213 0.737049937 0.864266455
    0.814655423 1.86623108 1.95162213 1.55181289 1.86567235 2.00749159
    1.85216308 1.49435294 0.901022792 1.21248794 1.50302637 1.84069598
    1.05956864 0.91736567 0.90801847 1.64341497 1.24771023 0.748597383
    0.934197605 1.62328923 0.989548743 1.00082636 1.1634593 1.06660855
    1.90709138 1.96508288 1.93380082 1.15521431 1.94437993 1.31076002
    1.05899215 1.78053677 1.04384649 1.45933533 1.37021041 1.7938391
    1.09826064 1.83893299 1.84255636 1.47811151 1.22472763 1.15393114
    1.5639708 1.27224338 2.03698325 2.03722835 2.13839054 1.76449251
    1.20437229 1.72261107 2.06947422 1.811674 1.92931247 1.26018214
    1.77425373 1.57641804 1.92640615 1.41320026 2.04405975 2.07792807
    1.78963184 1.59490097 0.968253434 1.34782541 1.02905428 1.73152792
    1.9100579 1.29147577 1.44427967 1.1896981 1.76344538 1.60463691
    1.72785735 1.4837991 0.985509515 0.969228804 1.7963984 1.58666217
    1.63122332 1.86054909 1.01717651 1.42575061 1.5634042 1.47682953
    1.70821953 0.946182728 1.77520096 2.14638877 2.19215465 2.00318742
    1.59548795 1.98074877 1.48176527 1.09380293 1.37192583 1.46565497
    1.28332329 0.832027912 1.32611263 1.59144199 1.42824948 1.19550073
    1.1246568 1.65480447 1.55231869 1.08733284 1.80035961 1.11446452
    1.87196493 1.88559365 1.357921 1.61298895 1.5191673 1.55737722
    1.77002537 1.94596183 0.953434885 1.49479306 0.763757348 1.45178962
    1.60244977 1.96693802 1.10080254 1.94741607 2.03180957 2.06895518
    1.29890871 1.03006709 1.92031324 1.5020684 1.97328889 1.85304129
    1.7347331 1.15712571 1.28188288 0.726836681 1.17043185 0.877185345
    1.43300915 1.97757638 1.97854948 1.86171389 1.99410248 1.80330968
    1.38801837 1.24701452 1.05429578 1.09056675 1.55710304 1.81039381
    1.19904923 1.88653195 1.10248291 1.34678984 1.58928001 1.13370585
    0.997165561 1.3125397 0.909663975 1.32807207 1.49339592 1.2969389
    1.67954183 1.33258152 1.92286754 1.6113373 1.43640018 2.02016497
    1.45340502 1.93317246 1.98988831 1.95743096 1.4585073 1.47389293
    0.875139236 1.75075078 0.735731602 0.80448705 1.14038599 1.27614534
    1.07037771 0.817131519 1.5097965 1.65451443 1.8306793 1.16745687
    1.26334429 0.864609003 1.2842232 1.2208935 1.38411021 1.21483254
    1.42342246 1.23366916 1.10266364 0.979412556 1.10266507 1.14366198
    1.80287516 1.62059653 1.64069104 1.86961663 1.48665309 1.26883912
    1.2384783 1.47106922 1.62298405 1.27986455 1.6326431 1.65574491
    1.90346658 1.51266646 1.69182539 1.18073344 1.44991004 1.67924869
    1.67171884 1.21904826 1.7624191 1.28632379 1.58922064 1.69235265
    1.49747372 1.15784693 1.0438031 0.890148818 1.50061274 1.09382999
    1.1644516 1.32315004 1.50322998 1.46618247 1.66757858 1.97130609
    1.69353604 1.65851021 1.97436929 1.53323448 1.22483504 0.783810198
    1.37301469 1.29012179 1.23769915 1.47378111 1.24808049 1.76316595
    1.80049169 1.25074911 1.16444123 1.07194698 1.14288437 1.74012089
    1.08317435 1.05018163 0.835776269 0.943454802 1.57650149 1.64800358
    1.27545714 1.96675634 1.93462896 1.03206265 1.11792254 1.49922252
    0.85339886 0.88665247 0.995525956 1.58410788 1.4192245 1.32242501
    1.56274951 1.00264347 1.41236508 0.916374803 0.948114991 1.53179419
    1.96154702 1.56043744 1.31974483 1.13148952 1.77258694 1.80509818
    2.08369732 1.70359468 2.06141186 1.34846127 1.18939197 1.96825409
    1.80588436 1.95677066 1.16698241 1.45499575 1.86332464 1.30705595
    1.72190964 1.61062109 1.52693665 1.7452662 1.72112083 1.49975574
    1.77838409 1.68836153 1.18456626 1.130422 1.17286766 1.38217819
    1.86474967 1.2220583 1.91968048 1.35565889 1.06264424 0.978819072
    1.55153489 1.58579159 1.17049122 1.14472449 1.77234709 1.1575402
    0.859759271 1.03114295 1.3458885 1.52462041 1.34482419 1.46151531
    1.8364718 1.98196566 1.48600698 1.42193151 1.00492346 1.58361185
    1.55569077 1.79007506 1.45727837 1.6604749 1.73737895 1.57063091
    1.59581518 1.68431497 1.43901515 1.76129353 1.16220605 1.27596319
    1.13257563 1.90098822 1.9330101 1.94216871 1.72648787 1.89024329
    1.66123211 1.90127599 1.02553725 1.59162879 1.85391486 1.19818246
    1.28293407 1.77277994 1.87299764 1.84516823 1.23667967 1.61063492
    1.37882996 1.57032371 1.80211604 1.54192388 1.48111379 1.28402436
    1.83324337 1.93406641 1.10392261 1.5888778 1.21651149 1.28510821
    0.967103541 1.06421006 1.65722024 1.65916741 1.40266943 1.85041738
    1.97869921 1.71652031 1.15239608 1.11810839 1.06289482 1.70601106
    1.43623304 1.17446554 1.5675956 1.94129384 1.99398899 1.4047401
    1.22871113 1.53594494 0.883366168 1.73884487 1.76391983 1.50088358
    2.17964578 1.91066515 2.15249085 1.2312367 1.57628608 1.74402273
    1.02321637 0.983447433 1.4491837 1.43584633 1.54294825 0.843669116
    1.54830647 1.34638906 1.5955857 1.60845411 1.37900555 1.74168134
    1.83498716 1.16766822 1.80294764 1.01600659 2.00538182 1.36256051
    1.81499147 1.83145261 1.72691774 1.34771204 1.10485494 1.51280999
    2.00463414 1.56559467 1.49570525 1.62530482 1.11361194 0.890322208
    1.49818778 1.51905072 1.64781356 1.6224221 1.06217897 0.868180871
    0.678175509 1.33470082 1.01122212 1.7726599 0.923972905 1.03355992
    0.834882081 1.12370336 1.08368421 1.97552419 1.20054305 2.02853918
    1.8559252 1.83349562 1.57079494 1.89631927 1.43078637 1.10681057
    1.77873302 1.74959052 1.9294579 1.47258151 1.70195186 1.5516305
    1.13345087 1.41674113 1.85515881 1.26331854 1.78455067 1.23549426
    1.06128824 1.66845429 1.98289752 1.94269967 1.82811439 1.34188831
    1.13944566 0.981952965 1.28623068 1.28464413 1.74888456 1.16140842
    1.9187851 1.72553706 1.02918291 1.09859061 1.19065273 1.84749877
    0.955041587 1.66232705 1.24108422 1.47156 1.80907369 1.42928624
    1.54190958 1.00092399 1.52930117 1.23512542 0.716937482 1.0270077
    0.936213613 1.7727474 1.06092465 2.08624458 1.32782149 1.10658598
    1.07075584 1.13202691 1.71772659 1.00587547 1.11431444 1.35859013
    0.840610743 1.54920006 1.0118382 1.34393859 1.68901086 1.18527126
    1.5024097 1.73785079 1.69540906 0.996991515 1.46467745 0.777608216
    1.55201042 0.882080615 1.53966236 1.79811251 1.79865432 0.881509244
    1.62373841 0.9627074 1.15934062 1.4027735 0.961473346 1.46461499
    1.81754661 0.989702821 1.65002418 1.10767436 1.65645158 2.12421751
    1.52113795 1.79302049 1.27922356 1.31524241 1.01563406 1.64859426
    1.68751121 1.86303496 1.02441144 1.00344586 0.84652859 1.55194783
    1.67393577 1.83502817 1.64211893 1.85579264 2.01199317 1.62647343
    1.74004817 1.55589461 1.73955464 1.83794403 1.45171285 1.19367683
    1.76047087 1.3730514 1.20488024 1.76791453 1.45333743 1.15487397
    1.75080395 1.06606138 1.57291007 1.67033362 1.46772277 1.48085415
    1.50436342 1.44440079 1.76719105 1.2475903 1.78190184 1.54677939
    1.73144746 1.87257099 1.12905526 1.10604763 1.02634144 1.31875443
    1.50532496 1.15578532 1.42148232 1.26887822 1.52782464 1.31150937
    1.86716342 1.06825209 1.59231484 1.06090176 1.29993534 1.536865
    1.97972107 1.63537025 1.47402215 0.938796759 1.11899543 1.10630298
    1.3554064 1.83981133 1.18666983 1.56372166 1.13942695 1.62123513
    1.76389813 1.2467916 1.70216274 1.14845228 1.50314569 1.58878803
    1.77069569 1.37392187 1.27600265 1.80322826 1.6957109 1.61788642
    1.02469838 1.12897682 1.77628934 1.84397602 1.5174191 1.15938497
    1.74004519 1.04159307 1.29474652 1.35877097 1.95644224 1.71824276
    1.81396329 1.93701804 1.60087514 0.995597601 0.957614064 1.24376643
    1.66853285 1.35092854 2.02070761 1.36767471 1.00342155 1.42935658
    0.921096504 0.964885771 1.58228815 1.45353508 1.98416698 1.24812698
    1.46198523 1.24212837 0.905233741 1.18872488 1.0197978 0.861728787
    1.6349237 0.911715448 1.78959453 0.886235416 1.28300035 1.37457848
    0.868320107 1.71263146 1.60936332 1.17735457 1.06030107 1.15741754
    1.70242059 1.34990764 1.27999401 2.10954165 1.27683687 2.01291418
    1.4320606 1.32057667 1.9094789 1.637658 1.46405828 1.77530992
    1.35001636 1.12628508 1.19325233 1.48677111 1.27624369 1.17140675
    1.87317741 1.62602556 1.68819284 0.883639991 0.890992999 1.58451271
    1.24830925 0.868146658 0.792904079 0.775712729 1.08055127 1.25604987
    1.77957344 1.60213506 1.50574398 1.95875311 1.64674628 1.68798447
    1.37741339 1.38156962 1.12326729 0.967310488 0.957501948 1.05812287
    1.7400353 1.84719145 1.17722714 1.11203778 1.86515272 1.50352156
    1.36362875 1.45570445 1.847453 1.44503701 1.50633764 1.58364415
    1.25694072 1.64409208 1.30987608 1.79293835 1.32526469 1.01196158
    1.03263116 1.53688967 1.97905362 1.39482081 1.58581471 0.811048627
    1.23915946 1.66555393 1.47946537 1.69164276 1.38092959 1.93146288
    1.55278039 1.32538736 1.71327627 1.12546444 1.8245306 0.862217546
    1.2029624 0.775221944 1.15232992 1.18114948 0.744785428 1.75749707
    1.51718354 1.6992507 1.08086634 1.56697881 1.63159752 1.371346
    1.74293172 1.00868928 1.1343801 1.3150593 1.49366689 1.42433226
    0.902666926 1.2464726 0.900319517 1.18254364 1.15290785 0.92359513
    0.958159983 1.14008951 1.04493999 1.6372633 0.799404144 1.29836857
    1.19389045 1.3375603 1.9068538 0.909887552 1.20261753 1.03010619
    1.79490328 1.75126934 1.24858081 1.13407195 1.62935126 1.46875715
    1.65177274 1.73705661 1.9950949 1.8280226 2.12310886 1.54884422
    2.11597657 1.92879462 1.85321605 2.04732037 1.30536854 1.6894145
    1.11090958 1.13093281 0.993120313 1.01274443 1.60933709 1.15582752
    1.60176992 1.32598114 1.08880079 1.95751846 1.57065558 1.45370924
    2.01258183 1.48014665 1.71976483 1.89120793 1.26428354 1.93803298
    1.06660771 1.76660764 1.26147497 1.43310654 1.74722719 1.38949418
    0.833480477 1.53660083 1.38829386 1.13677788 1.57211995 1.60202885
    1.91573155 1.21308851 1.97984028 1.73296344 1.3269192 1.06033063
    1.30981398 1.24541938 1.2601757 1.31322396 1.2419064 1.85262072
    1.56633854 1.12804747 1.20090306 1.79660499 1.97710073 1.85098612
    1.79756427 1.75638878 1.66993546 0.996305466 1.50622284 1.08019018
    1.53280616 1.83294117 1.36969352 1.47980416 1.94246411 1.83746386
    1.53782594 2.02622485 1.75877476 1.66954923 1.48662925 1.18046844
    1.62207651 1.52953446 1.52950501 0.970730603 1.78255856 1.74481261
    1.95100367 1.40831041 1.28210473 2.03117967 2.09630132 1.51887202
    1.38693094 1.29216969 1.36852777 1.44764483 1.85891533 1.28079343
    1.96578789 1.03966045 1.11555266 1.90993166 1.00514269 1.6787746
    1.08301675 1.45089817 1.11707973 1.92178237 1.78568912 1.74808335
    1.26286936 2.00508547 1.82214975 1.19252503 0.958463252 1.64131892
    1.74866915 1.89131975 1.72944367 1.87830651 1.85680985 1.77733028
    1.38941538 1.10551822 1.59053755 1.75174069 1.51950514 0.848837078
    1.04126072 1.03344309 0.996397853 0.912853181 1.37769759 1.15717149
    1.33258986 1.64110935 1.06747854 1.11351418 1.51019549 1.74533761
    1.71498919 1.56390846 1.95177579 1.68426955 1.55696869 1.36295795
    1.56307244 1.81861496 1.3465333 1.33783031 1.22315991 1.03437269
    0.968563855 1.41005266 1.18337178 2.00851011 1.8668592 1.99541569
    1.69270921 1.64828587 1.50259268 1.15513039 1.44722271 0.795249045
    1.24962091 0.756451309 0.860421538 1.88321221 1.68254697 1.94809937
    1.84638596 2.18971372 1.82333839 2.09342432 1.09212554 1.28220737
    1.45138144 1.05383098 1.03709245 0.843952358 1.50776279 1.25089467
    1.60809982 1.72034693 1.17642212 1.88337469 1.71697664 1.7788409
    1.17343366 1.88202941 1.20941234 1.13032162 1.98361444 1.35369217
    1.97487116 1.30035377 1.3761245 1.53568649 1.77859735 1.29630995
    1.36217535 1.39522195 1.33071101 0.880470991 1.79430771 1.10910308
    1.41660464 1.85963476 0.98281467 1.27112937 1.27782786 1.05182207
    1.5894686 1.06470799 1.40076649 0.838938713 1.4810946 1.15921211
    0.786257923 0.90725112 0.878123522 1.72913086 1.19129896 1.56059623
    1.78402865 1.33743262 1.7759757 1.17312539 1.18052125 1.04355991
    1.28205264 1.76478422 1.07890344 1.1503675 1.82369542 0.871207476
    0.934249997 1.81784344 1.08907592 1.62304771 1.20429838 1.63517594
    1.20406985 1.08828402 1.20027483 1.13516116 1.78253973 1.20431709
    1.49200356 1.80649161 1.45276845 0.997314155 1.53117406 1.51196802
    1.57146323 1.88938439 0.864362538 1.72631347 1.03553259 1.41239369
    1.66171825 1.50867987 1.93327606 1.20193779 1.46167612 1.53963625
    1.82226312 1.94537425 1.13686705 1.55097902 0.968776345 0.930791736
    1.66551161 0.976192713 1.0667454 1.93681109 1.12231445 1.92412925
    1.57763326 1.25142276 1.62053382 1.75173986 1.37210405 1.36269224
    2.01261735 1.89381397 2.02536964 1.83324337 1.81876016 1.26165605
    1.80354476 1.78032184 1.0627383 1.94351697 1.7676785 1.1035372
    1.27691269 1.60959816 1.88655448 1.42071521 1.93729126 1.28314197
    1.5755353 1.77507854 1.35600674 0.925647974 1.60793865 1.16752839
    1.3705045 1.54589403 1.87544322 1.24983668 1.25624263 1.48626804
    1.27139568 1.94679749 1.59740114 1.82627392 1.77689886 1.21234727
    1.86041403 1.24369884 1.16998696 1.64930415 1.86388206 1.42543578
    0.980087042 1.15684664 0.958738267 1.95568669 1.49067259 1.54328644
    1.36057353 1.6745863 1.77555478 0.880841494 1.5161134 0.791710734
    1.77751756 1.04434133 1.57787061 1.22957253 1.3279444 1.4979074
    1.89134598 1.22050643 1.64308023 1.1497463 1.23112476 1.30914962
    1.24900389 1.44575119 1.78645432 1.44305277 1.15671623 1.84106553
    1.86817884 1.59786379 1.9860189 1.80165625 1.40809786 1.35591078
    1.70226383 1.6686908 1.27824712 1.28005171 1.24590397 1.91117918
    1.567559 1.75846553 1.14664543 1.63391578 1.42973292 1.87073934
    1.66835058 1.35555208 1.01889801 0.912784219 0.870334804 0.871474147
    0.876862705 0.891581476 1.52144873 0.904603481 1.50428677 1.35472262
    1.21495104 1.42851269 1.06523824 1.8152349 0.886842966 1.20263493
    1.44116247 1.47687089 1.58842456 1.68974364 1.93269336 1.59224033
    1.74122989 1.36650443 1.85023522 1.99449182 1.71246898 1.53619719
    1.38335907 1.56035376 1.36190307 1.56563282 1.77712023 1.76470709
    1.28747559 1.50661612 1.95655715 2.02087021 1.64327741 1.66365993
    1.10669482 1.40075529 1.11495864 1.68632233 1.03222537 1.34373748
    1.39226937 1.35421717 1.48096824 1.48120618 1.4995687 2.0457921
    1.78837466 1.85709393 1.6176002 1.40007734 0.90064311 1.12039948
    1.06065321 1.64476466 0.796677589 1.1832186 1.30822575 1.19127917
    1.59183359 1.76978707 1.9673121 1.20181501 1.44092464 1.37003219
    1.27859116 1.56901121 1.19970262 1.18906915 1.31661439 1.3352263
    1.29064286 1.00429809 1.65440679 1.66600442 1.78978717 1.32781506
    1.36539185 1.37915242 1.15294909 1.04699266 1.80425763 1.48970127
    0.974154711 1.05725217 1.78049994 1.17353606 1.42462802 1.05902863
    1.57023442 0.878638685 1.24992025 0.899157643 1.1754694 0.968301058
    1.92948616 1.27094507 1.19419158 1.31441319 0.971976638 1.65817726
    1.16904223 1.57106805 1.51357591 1.21328235 1.77048004 1.35840464
    1.66879582 1.44196856 0.929810762 1.22171628 1.25091302 1.7192148
    0.936865211 1.48547566 0.987119079 1.52768445 1.31081676 1.89608622
    1.03941798 1.27975655 1.37514734 1.78954613 1.09086347 1.46096647
    1.21935558 1.56910872 1.24050093 1.26495433 1.23252487 1.27609372
    1.74292958 1.11553681 0.891136348 1.46536052 1.75829756 1.63051987
    0.939623117 1.6277951 1.86213779 1.99153447 2.03466582 1.7333101
    1.12257957 1.81295526 1.79398835 1.11976314 1.36555254 0.940593123
    1.36975586 1.75026608 1.55385208 1.96271288 1.6645875 1.64084768
    1.34239888 1.61828279 1.80102229 2.07624388 1.99510992 1.55645311
    1.16284239 2.08203673 1.4964236 1.8682909 1.52059257 1.18536079
    1.09531724 1.31021237 1.36409795 1.56826591 1.05527961 1.22685349
    1.40732026 1.99850976 1.73987007 1.97342873 1.81458259 1.4355576
    1.74832606 1.16957903 1.43844461 1.04983437 1.65561485 0.903454363
    1.0574367 1.54634547 1.0594604 1.08922255 1.03613901 1.33723342
    1.14704049 1.7202127 2.09267783 1.69829154 1.48665571 1.46398306
    1.31927645 1.95936453 1.35219753 1.9180479 1.2237525 1.9537828
    1.6478982 1.71525311 1.0510782 0.970759392 1.66554677 1.02561522
    1.71069551 0.915600598 1.70912325 0.923827887 1.75048411 1.34796703
    1.66935003 1.52751255 1.09837544 1.67501783 1.95256269 1.92691064
    2.0642848 1.86604667 1.69626093 1.04737759 1.19944799 1.01830673
    1.4857949 1.79272485 1.72844326 1.64556229 1.15168262 1.52740192
    1.07043409 1.79887891 1.27245963 1.76763308 1.61991191 1.48249626
    1.53301799 1.56811154 1.04461789 1.08789456 0.98853761 1.90009952
    1.22684789 1.82491934 1.57592213 1.64038289 1.38088012 1.64670527
    1.51847231 1.37997591 1.19884825 1.81869507 1.10774815 0.988385797
    1.11212075 1.53510427 1.81713247 1.11397219 1.60224581 1.06606472
    1.50263131 1.69704795 1.21473777 1.38628817 0.939920127 1.05963373
    0.995144069 1.18628395 1.29132044 1.74165773 2.02210975 1.78466618
    1.16824663 1.33681977 1.91674483 1.54674315 1.51332295 0.940113187
    1.74289393 1.86411035 0.928135931 1.83400893 1.60374248 1.61988926
    1.38413072 1.62960684 1.83214283 0.837386429 1.24993134 1.30578101
    1.60525775 1.04857922 1.2815578 1.388798 1.79550898 1.47856688
    1.77358317 1.62008989 2.01218629 1.16011906 2.10503244 1.54374743
    1.99766839 1.17967057 1.26032233 1.34190512 1.68375802 1.73527777
    1.11602628 0.930265248 0.844940066 1.08419955 1.75329423 1.02842283
    1.610219 1.79621243 1.66416609 1.78166866 1.90274334 1.95914233
    1.88365889 1.46046507 1.07907057 1.58278167 1.95817149 1.11129379
    1.64385831 1.95511699 1.08204865 1.66798997 0.949769795 1.06748378
    1.53553593 1.12538052 0.900933146 1.53718495 0.968678474 0.990462065
    1.54998934 1.24109685 1.93840623 1.26116633 1.00099564 0.951888502
    0.743297338 0.813144326 1.83900273 1.47503662 1.7941817 1.91129065
    1.54849088 1.13837886 1.5813781 1.78814018 1.2945199 1.6710937
    1.7160511 1.53605533 1.20419979 1.49156654 1.68605614 1.47848856
    0.992536604 1.81879711 1.86282337 1.22035336 1.84763515 1.49267566
    1.11297143 1.56090379 1.43892407 1.90747261 1.49391615 1.55620825
    1.59773088 1.09362221 1.79345417 1.34074235 1.12891412 1.77213585
    1.26338148 1.96425664 1.38504863 1.59012246 1.02601171 1.09408486
    1.11043894 1.01759028 0.830951929 1.14184308 0.900555432 1.13665342
    0.947150767 1.80817044 1.34750772 1.84590578 1.51904809 1.44578815
    1.28778756 1.59450734 1.71032608 1.41023743 0.929148853 1.50596702
    1.98080194 1.6254878 1.80169487 1.4750818 1.36302412 1.46508801
    1.57207894 1.53275299 1.01790071 2.00331187 1.33632672 1.28588426
    1.93014169 1.49638867 1.58377337 1.47442102 1.32465148 1.1116426
    1.67733109 1.91812336 1.8861748 1.63114071 1.17321348 1.54145336
    1.87586796 1.79987586 1.33671749 1.78044331 1.15534163 1.04765725
    1.68897676 0.913235605 1.33250153 1.57537878 1.21586895 1.80488229
    1.53992867 1.75659215 1.67195666 1.17076075 1.33236444 1.61068761
    1.10644889 1.36666322 1.69242704 1.87920868 1.44382441 2.10339618
    1.40171123 1.60690343 1.1618731 1.05436552 1.27859366 1.50326955
    1.45744276 1.44105756 1.01148832 0.890131295 1.18335569 1.26072359
    1.15519619 1.37853539 1.92271674 1.50999784 1.52122784 1.50253737
    1.3878504 1.87588167 1.96763599 1.32541382 1.23410928 1.16359198
    1.48902667 1.42189968 1.26056874 1.58323419 1.68199205 1.83455801
    1.43440533 1.38884079 1.97189546 1.1612308 1.74632609 1.72144306
    1.00812685 1.50387597 0.826633096 1.87802792 0.950244367 1.75153935
    1.07700801 1.83881223 1.87350595 1.50536656 1.56758702 1.08969843
    1.72289383 1.54615974 1.34903061 1.16914546 1.18247974 1.52076507
    0.803289235 1.16379738 1.11544168 1.19453144 1.36083829 1.77685189
    1.31469953 1.32433951 1.50413597 1.87422466 1.81905949 1.04600525
    1.64354837 0.858678937 0.927269995 1.53404868 1.26374173 0.970162034
    0.996511638 1.79621792 1.18860626 1.56830835 1.31409478 1.03571546
    1.86834693 1.10451519 1.64759445 1.41038275 1.14847839 1.53264499
    1.4784106 1.25829184 1.24455488 1.16438115 1.86082125 1.87913489
    1.73334777 0.7599594 1.4775244 1.63423967 1.29309857 1.15111828
    1.13584912 1.28031933 1.59813309 1.87635112 1.11806726 1.45244741
    1.45236695 1.15920258 1.90447462 1.67943037 2.00048876 1.42115164
    1.70937169 1.86959147 1.94477093 1.44065499 0.914013326 0.80502367
    0.795744181 1.14343834 1.38837683 1.5451324 1.16961217 1.95047331
    1.26021063 1.24750876 1.87755811 1.57953656 1.43542898 1.46177971
    1.44946718 1.28757536 1.48414826 1.47891772 1.94362187 1.15395737
    1.97214139 1.10925341 0.921399057 1.0405755 0.80515939 1.34144926
    1.0569557 1.21577716 1.33940434 1.08752358 0.90311867 1.72868705
    1.80113149 1.96893728 1.10677326 0.85023582 0.889606774 1.51948047
    1.21854997 1.97392547 1.9869653 1.70123768 1.1041348 1.32399893
    1.63901997 1.7399199 1.18151057 1.70092392 1.34433162 1.48767102
    1.25131309 1.84078455 1.39345467 1.05355668 1.9492501 1.71807861
    2.0313952 1.10038126 1.73480344 1.94779396 1.12302577 1.51083302
    1.29896247 1.86165595 1.71644557 1.84352303 1.20975018 1.57675385
    1.43612993 1.61834025 1.59947979 1.89400625 1.0287199 1.29155755
    1.73751676 1.44080329 1.80333877 1.13254154 1.74095786 1.13110554
    0.805736601 0.882811666 1.26898575 0.947487235 1.92452943 1.65310323
    1.84827948 1.06309974 1.7843883 1.12131095 2.01746869 1.51467443
    1.45623028 1.45513833 1.34802556 1.09173656 2.00870705 1.24046409
    1.80509067 1.73080432 2.02144694 1.91687274 1.42733991 1.87510586
    1.06178451 1.48218894 1.55559134 1.85009158 1.71520066 1.61798084
    1.29060984 1.38547111 1.07702243 0.980923533 1.07415938 1.35944259
    1.42155576 1.77798545 1.66425312 1.69814539 1.87048495 2.03948593
    1.40807438 1.33289683 1.19815755 1.4810369 1.72089803 1.38121009
    1.05768991 1.07110143 1.50852263 1.09251106 0.932157278 1.43002355
    1.2459898 0.941895783 1.5360682 0.954051554 1.50682139 1.59587586
    1.80643547 1.55551338 1.65863264 1.5835284 1.26470196 1.85451698
    1.30489159 1.09724772 1.18367386 1.76464832 1.15372992 1.22937942
    0.803537309 1.07494533 1.27490056 1.35861421 1.53316331 2.00075197
    2.09595942 2.02785397 1.78578281 0.919133961 1.53828251 1.04742944
    1.99994075 1.87931454 2.16495275 1.18274689 1.85426927 1.18681312
    1.1731528 1.71607673 1.40731823 1.12414336 1.88114166 1.1570282
    1.65784419 1.56451619 1.80069804 1.37790895 1.47737813 0.975524604
    1.39428246 1.77754641 1.02818823 2.00468564 1.70871961 1.39074469
    1.14317989 1.06547213 1.1754483 1.6340512 0.919635952 0.943532526
    1.38609564 1.31324351 1.00987327 1.91762078 1.60156393 1.64911902
    0.883930445 1.36679137 1.41388428 1.77632177 1.42977333 1.27721059
    1.75578809 0.896165788 1.66005778 0.970742106 1.75544739 0.880186617
    1.49097562 0.724636376 1.27728677 1.51508164 1.24914157 1.92034137
    1.3444916 1.48593509 1.83247316 1.36136663 1.3705467 1.6440475
    1.67779028 1.08323193 1.39379704 1.72622824 1.63548875 1.85701656
    1.20697272 2.01499796 1.6087395 1.02223599 1.34303141 1.06495404
    1.05565333 1.21301544 1.01889491 1.03297663 1.26770651 1.06706917
    1.54245114 1.13625073 1.45722532 1.26007068 1.07808101 1.88341296
    1.43925047 1.43731201 1.49098468 1.36741138 1.16430879 1.42634904
    1.75844586 1.72310674 0.882611513 0.796543002 0.954926014
    0.959516883 0.810480356 0.971014917 1.14493215 1.34466434 1.4717294
    1.3436023 0.986284912 1.82357526 1.0305742 1.7010113 0.921283126
    1.58588636 1.22266757 1.40021396 1.61751938 1.24822104 1.76098716
    1.20793307 0.8607319 1.06603992 0.797342122 1.40976691 0.738698006
    0.703956008 0.949437261 1.50696504 0.717175245 1.65456164 1.45355332
    1.27321994 1.63665974 0.882386029 0.740273476 1.45342159 0.871458828
    1.8360467 1.38371634 1.05715883 1.69583249 1.47516441 0.820824087
    1.16182101 1.02350318 0.943409562 1.22000086 1.35210967 1.56401396
    0.73786813 1.10475397 1.13243139 1.59886467 1.27217197 1.26278579
    1.39550662 1.20804679 0.884826779 1.40693867 1.56957698 0.834898353
    1.01432061 1.4579761 1.67112184 1.553931 0.852411807 1.60771728
    0.787684679 0.771464825 0.955322146 1.56760323 1.46127784 1.31179392
    1.0347712 1.28469503 1.09483528 1.09533954 1.19889557 1.15143049
    1.26197159 1.16062522 0.930323482 1.53939497 1.01866496 1.12449193
    1.1310209 1.44960308 1.303725 1.47962129 1.26737809 0.961357355
    0.961304307 1.49917281 1.7178688 0.802383244 1.70858109 1.03166199
    1.38452506 1.00677109 1.72993731 1.29037106 1.12484622 1.62387061
    0.895631671 1.03862894 1.09588397 1.41722238 1.20496249 1.01650023
    1.01254368 1.04967129 1.62867749 0.742695749 1.34346521 0.904973567
    1.26672673 1.44643068 1.16824353 1.13278341 0.852881312 1.36633563
    1.08244324 1.01764739 0.878847837 1.30651915 1.41399169 0.882198095
    1.57261133 1.39315772 1.17787135 0.964176416 1.11116803 0.702061176
    0.97314465 0.820166767 1.09363437 1.48808396 0.815071762 0.871601701
    1.78746319 1.48566365 1.64156938 1.14554954 1.3201375 0.764318645
    1.36158454 1.37528086 1.33024657 1.10497344 1.24314559 1.01188326
    1.35189605 1.0686202 1.12492466 1.35962856 1.72330511 1.41961646
    1.88454592 1.12362182 0.916314363 1.34050071 1.03930402 1.69820523
    1.78111553 1.14630556 1.21220255 1.38141441 1.35114515 1.18631577
    1.57123733 1.70671725 1.52714503 1.8368566 1.26400054 1.4056375
    1.39069366 1.7067157 1.21590936 0.813210547 0.873692632 0.730691135
    1.62909079 0.856903613 1.62759638 0.966093063 1.63480282 0.849373519
    1.72262168 1.54935217 1.30235386 0.738828897 1.32683408 0.766650856
    1.28273082 1.57302725 1.18547809 1.3955245 0.822707415 0.848353863
    1.14773786 0.968131483 1.00094807 0.970408857 1.03996217 1.14705825
    1.10773826 0.970911145 0.899164498 0.679625988 1.1463455 0.968094766
    1.03117037 0.736551464 1.17416143 1.51620793 1.02662671 0.945483923
    1.08772671 0.903799593 1.45696807 1.04675937 1.11966109 0.996426582
    1.52831757 1.34896719 0.95630157 1.52184963 1.43981075 1.69329298
    1.21491623 1.00379086 1.44722748 1.16859448 0.581390262 0.928484738
    1.18226337 1.05270374 0.637296438 0.748660564 1.27772152 1.42295241
    0.73697716 0.849791467 1.01965165 1.58906126 1.60269952 1.68111289
    1.30290675 1.56052828 0.759826541 1.64836514 0.986259937 1.07004046
    0.813495576 1.00941205 0.42589882 0.73693341 0.545166552 1.27426529
    1.20671713 1.51260769 1.19617307 0.823346019 1.41265059 1.52842855
    1.26853395 0.681192636 1.22860491 0.915421724 1.095083 0.664259851
    1.21844733 1.39668453 1.29510772 0.618112803 1.35457873 0.762044668
    0.510615528 1.22601044 0.709932625 1.22663248 0.937276304
    0.437275916 0.688172519 0.731567502 1.47159576 0.963600874
    1.09159589 1.54777026 1.45731676 1.21485984 0.918892026 1.06786668
    0.845069528 1.40258968 0.886762917 1.09967029 1.47631824 0.547207057
    0.598206818 0.838113189 1.28374851 1.0591234 0.583874822 0.559021294
    1.05012703 0.919041514 0.596339226 0.735796511 1.41490698 1.58654583
    1.12558687 1.43672502 0.793261051 1.46724641 1.15671825 0.623915732
    1.01045346 1.27275264 1.32416701 1.48245418 0.667913437 0.694319963
    1.02215064 0.946547329 0.712546825 1.38155138 1.23576748 1.38685989
    1.54240835 0.898493469 1.2302959 1.35476851 1.28858614 0.761567652
    0.491000473 1.22718608 1.50707102 1.48850417 1.02228177 1.21593559
    1.3783232 1.01210618 0.976923227 1.26721716 1.51323521 1.56726003
    1.47845435 1.30320394 0.638129413 1.0280863 1.1109941 0.739643991
    1.23913264 0.94979465 1.56453025 1.21862853 1.65548503 1.14897716
    1.62075639 1.52842593 1.33810711 0.78612864 1.45961964 1.16216278
    1.12110686 0.587738752 1.42669749 1.0926044 0.77294606 0.972252011
    1.15417051 0.878485799 1.03861654 1.55511081 0.958078027 1.48788714
    0.646635711 0.824133515 1.0447731 1.50892818 1.27642715 1.22133911
    1.38059461 1.18612885 0.957434118 1.06555641 0.571265519 0.764777422
    1.21037459 1.19235563 0.551343739 1.37196398 0.801786363 1.36062241
    0.805993021 1.0983423 1.64378369 0.76891917 1.52618861 0.625026345
    1.0077666 0.831338763 1.12654197 1.02992487 0.622344553 1.27748168
    1.48660088 0.993883371 1.15829551 1.38150346 1.63504839 1.22529173
    0.871835947 1.09900951 0.867161453 0.657976866 0.983952403 1.0914011
    0.997935951 1.08033741 1.56753159 0.811058998 1.42546725 1.49617088
    0.595790088 1.56362212 0.646908462 1.4003793 1.37072444 1.68666506
    0.671101928 1.62288868 0.694150031 1.2860769 0.989924252 0.713736176
    1.10521567 1.25951397 1.37251282 0.843992531 1.44685948 1.1990416
    1.56599021 1.38237631 1.13858855 0.901896238 0.738441944 0.729082048
    0.503309608 1.00953424 0.97341162 1.34831512 0.757323802 0.502562046
    0.48021844 0.591619074 0.702827096 1.29562676 0.873448789
    0.668578148 0.393263221 0.604615033 0.430927455 0.559367061
    1.20362735 0.459495485 0.945753813 0.642396331 0.624807537
    1.54648185 1.4999696 1.15443945 1.25043511 1.15730906 0.578266084
    0.578401506 0.594210029 1.00464964 1.40401185 1.6554482 1.48047256
    1.65268421 1.14444494 1.38767719 1.45819247 1.39059126 1.1876322
    1.00920129 0.938844323</data></your_img>
</opencv_storage>
