<?xml version="1.0"?>
<opencv_storage>
<g>1.77</g>
<r>3</r>
<filter-type>1</filter-type>
<circular>0</circular>
<L2_diff>179.12860472103043</L2_diff>
<test_img type_id="opencv-matrix">
  <rows>128</rows>
  <cols>256</cols>
  <dt>f</dt>
  <data>
    0.389432222 0.533634603 0.484412193 0.307159662 0.318470508
    0.928597689 0.324132144 0.81241715 0.43830806 0.624704063 0.96679008
    0.986557245 0.772307873 0.490555465 0.681247354 0.141967267
    0.808729053 0.23811546 0.528876722 0.943485618 0.586086392
    0.579849064 0.430559784 0.0851219893 0.80448854 0.369309783
    0.326174498 0.000657588243 0.880478024 0.510524988 0.771516681
    0.925606012 0.18363753 0.0996951461 0.14360407 0.907796025
    0.322631776 0.65541023 0.0200733542 0.419507414 0.558451533
    0.0992985368 0.914007783 0.741390705 0.916866541 0.90057385
    0.1501351 0.956285596 0.160629511 0.133785486 0.555248857
    0.0612844229 0.703924775 0.378407538 0.0196579695 0.531318367
    0.865743399 0.198841959 0.976122916 0.795445204 0.988849938
    0.643666029 0.156054884 0.213384628 0.672123373 0.0128682554
    0.453530312 0.150173038 0.455783635 0.108193368 0.966786504
    0.0526812077 0.722688556 0.127948791 0.237904251 0.814293385
    0.306391865 0.688359857 0.0173690319 0.42777288 0.15514484
    0.387705684 0.0568341613 0.492738873 0.826598167 0.123392045
    0.972625911 0.70996815 0.905398071 0.809561789 0.178564847
    0.501947165 0.672116995 0.161686599 0.949264824 0.789545059
    0.646734774 0.874185681 0.0957647264 0.764708281 0.96727699
    0.472843975 0.662276089 0.722559154 0.687516332 0.465530813
    0.50166744 0.941622257 0.478339165 0.662759483 0.0154752433
    0.828402162 0.403949022 0.793085337 0.745378733 0.0352032483
    0.447825283 0.727067888 0.702628672 0.852704346 0.490273744
    0.181123704 0.845913947 0.473002672 0.216769814 0.455253541
    0.00715842843 0.230325669 0.0109470487 0.795211673 0.541632891
    0.893457651 0.141845047 0.302533358 0.389356196 0.567644 0.668747008
    0.0725800991 0.431791365 0.974425912 0.187135637 0.89345789
    0.485007077 0.361976027 0.792179465 0.870935678 0.334430307
    0.489211589 0.32709676 0.793094516 0.892866969 0.979863644
    0.149451315 0.326637834 0.997567773 0.379938215 0.770324707
    0.471412539 0.932526469 0.859245241 0.234236836 0.243804723
    0.381277382 0.863038301 0.116960764 0.891030252 0.621438563
    0.452569246 0.843032241 0.715692043 0.260357201 0.860810995
    0.309619546 0.065207988 0.0107476711 0.549232006 0.93784523
    0.13888222 0.882443309 0.526765525 0.762457788 0.0766545832
    0.457026631 0.923976362 0.928926647 0.0164794326 0.519660294
    0.201673299 0.0990777612 0.832247674 0.938737512 0.970825911
    0.685908854 0.986713469 0.144112885 0.539262831 0.353465766
    0.0277168155 0.905631423 0.794626355 0.0542619824 0.529311895
    0.13471356 0.669851243 0.0562439561 0.617904007 0.73247385
    0.71280849 0.670172095 0.712620795 0.0834152699 0.581365943
    0.78832078 0.727569938 0.276332259 0.577942431 0.104586095
    0.78976357 0.369083613 0.411457837 0.3623555 0.613349795 0.975173533
    0.224368393 0.336503744 0.747752666 0.777077973 0.655122936
    0.791505575 0.430629909 0.902443051 0.447895139 0.307491481
    0.000730365515 0.523138642 0.244116813 0.182934523 0.728291392
    0.547039628 0.741266072 0.72684288 0.462136209 0.943105757
    0.0207779706 0.517668068 0.16526857 0.806306243 0.402734816
    0.47711426 0.461788774 0.835550904 0.102111846 0.287197113
    0.234313577 0.269162059 0.271175742 0.604460955 0.101905584
    0.830440044 0.0659297109 0.489115059 0.890791178 0.110013187
    0.594554901 0.143416554 0.544913352 0.727541924 0.304571778
    0.376263082 0.391106427 0.00920730829 0.251715302 0.189298868
    0.0937073827 0.886009574 0.393270254 0.275653243 0.69007349
    0.206379384 0.76301986 0.649183154 0.0184832811 0.38822946
    0.540971756 0.0921268165 0.120080203 0.796305418 0.256484568
    0.975751877 0.151041329 0.341211796 0.682081521 0.226644129
    0.73369801 0.491442472 0.014384985 0.867911875 0.207513064
    0.350978583 0.766448617 0.901020646 0.873408794 0.39633885
    0.162145495 0.902959824 0.285991341 0.690566778 0.879629076
    0.906070113 0.415914774 0.910490274 0.248332322 0.748891711
    0.911679506 0.119289219 0.658487856 0.294985801 0.628282726
    0.699537039 0.436099797 0.0324727893 0.457931936 0.750960112
    0.742058694 0.939489484 0.728186846 0.316687524 0.788752079
    0.808666825 0.0938518643 0.0747356117 0.287913471 0.258028269
    0.687631071 0.714524806 0.291892409 0.873765111 0.016423732
    0.564520836 0.000598698854 0.629981756 0.150695145 0.250715464
    0.695968211 0.841744959 0.761044562 0.667680025 0.699256599
    0.671963632 0.541327298 0.879989147 0.1499421 0.706919134
    0.000721484423 0.137126058 0.665445566 0.42902562 0.0349552035
    0.883063912 0.33213678 0.182024598 0.541786015 0.698157787
    0.315724373 0.830111861 0.477140725 0.0268116593 0.895877182
    0.973165631 0.762955606 0.959787965 0.355146766 0.453332037
    0.067764461 0.869212627 0.804353893 0.393689781 0.935077548
    0.0960668623 0.20520705 0.742761791 0.46127215 0.279937625
    0.843246341 0.0664578676 0.316491365 0.0361883044 0.498022586
    0.238670349 0.55027771 0.803274393 0.077603519 0.613937855
    0.354322135 0.259650379 0.712855637 0.674186766 0.421714574
    0.368714929 0.61583519 0.940987587 0.514661133 0.0336926281 0.709849
    0.970001876 0.382520974 0.898082733 0.0469827354 0.628208876
    0.217574477 0.849511564 0.32776615 0.383527994 0.228088289
    0.270566523 0.794271886 0.229847968 0.860366344 0.539327323
    0.407505155 0.425087154 0.610447824 0.100322634 0.309619009
    0.765526116 0.285175949 0.048812747 0.0338200629 0.153668582
    0.0566749275 0.180794805 0.960881352 0.462438405 0.52857095
    0.919259727 0.856568336 0.400801301 0.0161185265 0.365113825
    0.70489943 0.0235825181 0.174255401 0.021179229 0.650068521
    0.951397777 0.229475021 0.292883128 0.907447815 0.896608829
    0.118863374 0.751324058 0.95406729 0.26686132 0.663040876
    0.902189493 0.424978852 0.132698238 0.0973233879 0.795744896
    0.69942081 0.07096681 0.297658294 0.680158973 0.961442351
    0.771354675 0.0387917757 0.0158628225 0.849995494 0.224235773
    0.659463763 0.642173529 0.473176479 0.370394737 0.306169391
    0.769539595 0.703665316 0.363263905 0.430014729 0.198576331
    0.919025183 0.152462929 0.818063378 0.697232306 0.445284784
    0.129874289 0.876280129 0.309264719 0.573037624 0.610070586
    0.30471155 0.410134375 0.966460109 0.67266345 0.656466067
    0.828887701 0.345354795 0.500659704 0.874089658 0.186983049
    0.290172458 0.652320623 0.292324036 0.115348727 0.617023051
    0.973070145 0.0729881227 0.586231291 0.783180952 0.684804797
    0.932770133 0.00406756997 0.19308427 0.54177767 0.287117481
    0.888041735 0.973636985 0.662680268 0.0949954689 0.788885713
    0.234155029 0.851899445 0.103975087 0.858251929 0.730621696
    0.990958452 0.877025247 0.0905613005 0.223987639 0.021086365
    0.0502207875 0.0400240719 0.699988484 0.372408152 0.286087841
    0.835874557 0.365464509 0.888637424 0.581357002 0.515255034
    0.00386789441 0.463657856 0.228074491 0.241703212 0.261510402
    0.0297748744 0.91209197 0.73185873 0.169746578 0.231990308
    0.614552975 0.421219617 0.410559684 0.98447156 0.225649416
    0.0524819195 0.439618677 0.07837075 0.734579206 0.121175766
    0.400584072 0.389217705 0.383537173 0.87575686 0.471193671
    0.0110268593 0.602118015 0.2937814 0.767162442 0.221192449
    0.481900871 0.421877444 0.550174654 0.450659215 0.151654512
    0.311707795 0.247799128 0.702541947 0.941026688 0.298809469
    0.55220449 0.72774899 0.127901018 0.0310291052 0.071262598
    0.633417726 0.535303116 0.444305778 0.789402246 0.896236241
    0.282975525 0.585291088 0.38720423 0.405660331 0.564079046
    0.280117214 0.43094486 0.569485426 0.126720399 0.381625295
    0.778092623 0.948314726 0.715537906 0.75251317 0.831795692
    0.286086768 0.885694623 0.142330766 0.694763899 0.63603878
    0.984255314 0.373074174 0.268019736 0.36005348 0.992731094
    0.925311208 0.777612209 0.930255175 0.28672871 0.414112926
    0.149875879 0.528759241 0.796911478 0.542345941 0.720771074
    0.151691437 0.236793727 0.980401874 0.785109222 0.730978966
    0.914787412 0.871478617 0.730873406 0.820585608 0.210031688
    0.673905253 0.890206456 0.349729747 0.154975206 0.538111687
    0.0927355289 0.81263864 0.343587995 0.0074428916 0.93720603
    0.299846351 0.0339013934 0.19351092 0.471478283 0.481457859
    0.490083396 0.24607408 0.939522266 0.520801842 0.0110892653
    0.802442908 0.460790455 0.592826009 0.875210583 0.188926011
    0.230750412 0.98492825 0.623827279 0.562919021 0.484030485
    0.247391403 0.0383624434 0.313358963 0.139296532 0.257856905
    0.982064843 0.772778809 0.115196943 0.437086433 0.949034035
    0.512540579 0.274830639 0.0335531235 0.989476383 0.44568795
    0.211256057 0.275125623 0.137702018 0.47709465 0.773698688
    0.185506552 0.738586307 0.242015243 0.303006709 0.446987599
    0.206464797 0.979814768 0.146270812 0.882665753 0.839262068
    0.164527625 0.472602129 0.257636636 0.857165456 0.600211442
    0.944628954 0.454648554 0.158508062 0.315342844 0.388751447
    0.201053441 0.457193822 0.576538146 0.192160338 0.729401588
    0.0806888342 0.528141618 0.475794077 0.198637784 0.972928822
    0.384586275 0.0805557072 0.593371153 0.102846593 0.761290312
    0.192497849 0.366691798 0.182459086 0.0697398484 0.393213391
    0.816058517 0.333961546 0.358719349 0.126030058 0.628503263
    0.0664132535 0.0484792888 0.506186187 0.843763828 0.300341755
    0.913300872 0.336772263 0.121128529 0.695704162 0.248705596
    0.228611797 0.0662243068 0.844471097 0.134592772 0.38369596
    0.670428216 0.989288628 0.25771153 0.596312046 0.984540462
    0.728633761 0.571303308 0.45370388 0.565944672 0.845335841
    0.534911573 0.707488894 0.139723986 0.853873849 0.198117346
    0.0739693046 0.115671784 0.455815732 0.441629648 0.500285327
    0.635518432 0.597987711 0.571480155 0.27377668 0.905406356
    0.591022313 0.805026293 0.690661311 0.0231891274 0.604946136
    0.48431313 0.674493372 0.0281137526 0.505603075 0.961544275
    0.732696116 0.0944195092 0.280943841 0.0962929428 0.342842668
    0.0160273612 0.294954479 0.616322875 0.47447297 0.790302038
    0.257922888 0.136012793 0.93865633 0.179510087 0.42323786
    0.199680328 0.780427337 0.973879457 0.0925469995 0.638078809
    0.988412678 0.850389481 0.954620361 0.221182913 0.379330367
    0.518714786 0.399610221 0.221748501 0.942695856 0.338089168
    0.246559739 0.883718848 0.646664143 0.765602231 0.0478220582
    0.966706753 0.635456502 0.969753683 0.921244264 0.2035622
    0.636304319 0.860597908 0.155988485 0.984823346 0.55794847
    0.835304856 0.1130099 0.342010826 0.821391702 0.287754267
    0.932704628 0.137121707 0.0976955295 0.388529897 0.519871056
    0.757167578 0.371714771 0.832500637 0.0399303734 0.677145958
    0.400275111 0.922919154 0.531907141 0.58217144 0.112477958
    0.164325684 0.609656572 0.439293504 0.56684953 0.0581352115
    0.992647171 0.860007882 0.790419698 0.885839283 0.207921773
    0.0731492639 0.576722622 0.764775395 0.22951594 0.0334915221
    0.106366992 0.418297917 0.756298184 0.742138684 0.806571424
    0.073441118 0.0388171971 0.822138786 0.0827152431 0.417829365
    0.310723662 0.0600582361 0.738776207 0.478319705 0.896915555
    0.419637501 0.472800553 0.510076106 0.514441967 0.0229592919
    0.336202949 0.71115309 0.372147173 0.795176506 0.533755362
    0.798743844 0.695612669 0.955980301 0.69854635 0.640834868
    0.492578387 0.775772214 0.428510249 0.284830809 0.510536373
    0.637869835 0.199216574 0.831898987 0.728488564 0.769722819
    0.189628065 0.816764057 0.795599103 0.668486178 0.226538628
    0.489339173 0.0109263361 0.15707323 0.597542226 0.537621498
    0.46292448 0.517656624 0.780659199 0.91778338 0.897731483
    0.947449088 0.0463269055 0.188457012 0.814848542 0.0264699459
    0.130049795 0.421839893 0.852452934 0.545692146 0.952033997
    0.581814885 0.740650892 0.990786076 0.332003087 0.241656274
    0.0416058004 0.365966499 0.931971073 0.48240146 0.923600078
    0.433712363 0.10038802 0.184842557 0.705776691 0.372543156
    0.906973064 0.77202177 0.151806116 0.164307684 0.265438139 0.4680233
    0.523019552 0.648757875 0.85177213 0.168908626 0.0324655771
    0.69153738 0.0267260671 0.242225468 0.399276137 0.339108467
    0.223434418 0.934248805 0.652805567 0.461183429 0.603098392
    0.94645226 0.906010389 0.990201116 0.162102878 0.381389678
    0.0286367536 0.468425333 0.419836581 0.269184947 0.774985552
    0.596754789 0.209310472 0.952905297 0.407229692 0.850896955
    0.620182455 0.568291068 0.440525293 0.742279172 0.982799411
    0.995340407 0.357765019 0.0923899412 0.995880306 0.604266763
    0.438123703 0.460901111 0.493532181 0.0485010445 0.567392886
    0.0580281317 0.867356658 0.414562792 0.754333079 0.296969771
    0.287481844 0.956977606 0.260687113 0.771977663 0.903072417
    0.061386019 0.842285573 0.58961165 0.739651859 0.950070977
    0.663420677 0.911213398 0.28037855 0.118328214 0.879816532
    0.133351624 0.572046876 0.627938032 0.917942524 0.797000527
    0.482844412 0.535912216 0.572105825 0.0786449611 0.666873097
    0.904931426 0.176975489 0.57139951 0.823708355 0.660280108
    0.999153316 0.82189399 0.920012593 0.54715234 0.783443272
    0.386648118 0.0800840855 0.906936169 0.128761083 0.141112596
    0.925929308 0.490811944 0.334283888 0.515606105 0.671667218
    0.599782407 0.931499898 0.33198154 0.67497015 0.991333961
    0.0398450792 0.236585468 0.0436865687 0.761886358 0.0603207052
    0.74633944 0.556587577 0.558664978 0.936561942 0.613462567
    0.515394866 0.250698268 0.919754684 0.000909566879 0.660987079
    0.80284816 0.74020493 0.0164418519 0.615398765 0.51669234
    0.661901712 0.43515256 0.361350596 0.383998007 0.204526126
    0.687003732 0.164128631 0.0995734334 0.304033309 0.964612484
    0.0687719285 0.59879905 0.448307246 0.951775253 0.664503753
    0.992627859 0.435316563 0.996073008 0.112556934 0.915486336
    0.29193753 0.959842205 0.947702169 0.923103452 0.500555396
    0.939947963 0.220807135 0.401494354 0.909543037 0.387742519
    0.565325975 0.465469033 0.257440895 0.290912598 0.901738048
    0.79562217 0.783317089 0.536725163 0.795531034 0.71756202
    0.293279469 0.918821573 0.635709822 0.609821856 0.836749077
    0.505836546 0.855938792 0.282773316 0.878141403 0.565218925
    0.541318953 0.234248519 0.161915928 0.368463784 0.382539123
    0.468878567 0.85334456 0.123658001 0.60127753 0.0182257593
    0.0490429401 0.0260010064 0.59695816 0.282204688 0.293929398
    0.0204769075 0.417163253 0.414283693 0.694871366 0.995728135
    0.509270072 0.415978432 0.0283758938 0.979963422 0.560258329
    0.35402292 0.958788991 0.191548824 0.796926379 0.849386215
    0.117767721 0.412740171 0.155129105 0.703257084 0.88675648
    0.0546349287 0.156806082 0.933030963 0.0423406959 0.880499065
    0.98711729 0.312033683 0.0204788446 0.573396862 0.1296857
    0.639633119 0.424117416 0.487782657 0.245767683 0.214143187
    0.904389143 0.752089024 0.179119855 0.80988121 0.722404718
    0.712814629 0.556727886 0.510044694 0.743949294 0.727382481
    0.272087872 0.20750016 0.620964527 0.496594071 0.0348904133
    0.925122619 0.26924032 0.532913864 0.814469576 0.452849984
    0.522821307 0.191442788 0.369450927 0.21300295 0.00888127089
    0.287499726 0.626660168 0.781561613 0.0971200466 0.993161917
    0.424943805 0.902408659 0.880482793 0.318503976 0.452846289
    0.0254812539 0.569732547 0.910716534 0.0380732715 0.518071055
    0.0245654881 0.855576694 0.0681454539 0.918601513 0.833227992
    0.731600046 0.459438324 0.937913954 0.240844935 0.592426479
    0.0553501248 0.974226594 0.890985012 0.490959674 0.0808226466
    0.595364273 0.0051600039 0.576039493 0.0201268196 0.0491829515
    0.803991795 0.187011719 0.411702275 0.645381927 0.52768743
    0.485524088 0.519443452 0.138853073 0.457781225 0.544035256
    0.131657183 0.271222442 0.0456520319 0.0544261634 0.104110807
    0.941334128 0.288875103 0.438093364 0.669222891 0.189063847
    0.79784596 0.350636363 0.0198227763 0.889189482 0.984666646
    0.586699545 0.488471955 0.28596729 0.380026996 0.493526489
    0.687863052 0.138230771 0.0472095311 0.725435674 0.718722343
    0.499925762 0.168699473 0.874394953 0.460437864 0.862569928
    0.602744818 0.842513204 0.170848608 0.944787502 0.0967997313
    0.128680438 0.590255976 0.0490137637 0.499876618 0.550005913
    0.494735897 0.0925722122 0.66808337 0.988177657 0.0549571812
    0.0512010157 0.69694674 0.970006824 0.137208104 0.19068405
    0.684807122 0.258407414 0.267388731 0.161249459 0.712819397
    0.428622574 0.0183755457 0.143847048 0.100403041 0.8466326
    0.0712992549 0.729655981 0.17078504 0.159663558 0.109949589
    0.841815174 0.629159987 0.0853547752 0.380995661 0.586210907
    0.158700377 0.583274603 0.94009769 0.255081475 0.764160097
    0.835658431 0.376845598 0.628981292 0.0092779994 0.809433579
    0.623790324 0.179819942 0.140241683 0.431260884 0.417073071
    0.550375521 0.0880514979 0.759318054 0.538815498 0.822176754
    0.44401741 0.27522558 0.201263189 0.397104412 0.446379632
    0.636209726 0.539989352 0.158134729 0.64686054 0.860456586
    0.703177452 0.561181664 0.370756149 0.743553996 0.875195265
    0.276654184 0.972282648 0.684934616 0.822385013 0.0828604102
    0.369782686 0.639676154 0.881971061 0.629919887 0.898570359
    0.825325847 0.843172908 0.338707149 0.773917437 0.156547606
    0.742185354 0.612475455 0.951703787 0.579281271 0.58271879
    0.488191307 0.828468025 0.584965229 0.897101998 0.396784663
    0.601375341 0.208486676 0.899996877 0.802555442 0.5593611
    0.894251108 0.641075134 0.0814710557 0.16081208 0.911453724
    0.350196958 0.422118247 0.868989229 0.21474424 0.0543886423
    0.974793673 0.210024387 0.491835117 0.603616476 0.00378850102
    0.739528537 0.447367579 0.809934497 0.0109295249 0.925469637
    0.198465645 0.113197327 0.045059979 0.563524425 0.329620242
    0.138565063 0.210571259 0.152998656 0.303007007 0.721826196
    0.931195199 0.905721962 0.660221696 0.880726218 0.966550887
    0.988437772 0.892458618 0.435327441 0.663552165 0.602337241
    0.437250882 0.473343432 0.137814879 0.47903052 0.944812417
    0.554735899 0.503166974 0.788672209 0.530619502 0.0186145306
    0.288080037 0.468795359 0.288913459 0.436794817 0.134819895
    0.064465344 0.352255821 0.127922267 0.2112903 0.0955725014
    0.385227531 0.299776196 0.706870973 0.019972086 0.486412168
    0.975034118 0.620815992 0.635939717 0.300908923 0.342583805
    0.502685428 0.609721303 0.118638456 0.135784388 0.587015331
    0.751623392 0.763058186 0.265442044 0.630828559 0.736260653
    0.0182938576 0.0988950133 0.317234099 0.0774467289 0.301609516
    0.0602631271 0.841726482 0.326485306 0.805508137 0.0383919477
    0.692245543 0.522912383 0.432202011 0.255252481 0.500214577
    0.640542328 0.234104186 0.562245607 0.300472379 0.328492343
    0.363855898 0.853432178 0.0919643939 0.00170582533 0.431978643
    0.395309061 0.864418328 0.439149618 0.00332403183 0.419167787
    0.507415414 0.653963745 0.838753343 0.908913732 0.297035038
    0.140192389 0.410890222 0.22992143 0.932924807 0.0965108871
    0.100376248 0.442399859 0.980195284 0.204292804 0.92332238
    0.567813456 0.581036091 0.585536838 0.461333632 0.5938977
    0.755802512 0.704384089 0.15766418 0.389696062 0.665023029
    0.61365366 0.860285223 0.592047572 0.574035704 0.118293315
    0.342619419 0.0259692073 0.0582756996 0.0111502707 0.384597719
    0.44779712 0.346415997 0.550492823 0.335054696 0.296070695
    0.764660597 0.0722015798 0.837585449 0.168073922 0.283545911
    0.698296785 0.842143416 0.521983683 0.944739461 0.860352635
    0.650160313 0.77130729 0.0430698693 0.4060179 0.430193424
    0.680855334 0.400534809 0.498423606 0.0529010296 0.0109972358
    0.774766386 0.143184036 0.143801749 0.495899588 0.966307759
    0.12046811 0.631170869 0.44091928 0.198868155 0.204849511 0.85794127
    0.158608079 0.58190012 0.316227615 0.639780402 0.497447282
    0.726867557 0.429325521 0.522556782 0.567664683 0.809689045
    0.911620855 0.563238025 0.520260811 0.349237323 0.903640985
    0.855376244 0.439749688 0.12294966 0.691736698 0.285838008
    0.583198071 0.381538838 0.916326046 0.997240961 0.789984941
    0.109424561 0.243675262 0.0685819685 0.388322532 0.436019659
    0.827141345 0.948024631 0.15692696 0.91262275 0.895843863
    0.932444155 0.966307402 0.546026945 0.191978514 0.351250052
    0.285838306 0.24744916 0.653585315 0.175996751 0.986563325
    0.384970993 0.0796702802 0.87754941 0.88920784 0.773917139
    0.66366446 0.68830359 0.832039118 0.900084436 0.682674885
    0.585182309 0.290080488 0.408625394 0.673125744 0.754292607
    0.333082348 0.699610412 0.765180707 0.155971915 0.634155989
    0.538063884 0.70567733 0.261085093 0.998626113 0.276010156
    0.509004474 0.208629519 0.558450401 0.737406015 0.320149243
    0.381281495 0.90135026 0.421589971 0.971485376 0.833174646
    0.568110585 0.593062878 0.447944432 0.957816184 0.336624265
    0.115563333 0.10243246 0.575921297 0.171032131 0.81836164
    0.787048459 0.18944031 0.453294694 0.56924957 0.738935828
    0.357011646 0.240112364 0.233287334 0.174510926 0.675405085
    0.702250659 0.40106228 0.275359988 0.17636466 0.444634408
    0.00298717618 0.38985163 0.825225234 0.903477252 0.300861001
    0.588860214 0.263134956 0.750926852 0.212567627 0.297426969
    0.621003568 0.856566668 0.391285479 0.221722215 0.619701922
    0.922353268 0.345866054 0.542687714 0.443936855 0.00269496441
    0.0495832264 0.758599222 0.930042624 0.73294127 0.12531215
    0.168287426 0.0313098133 0.689203203 0.444390744 0.44260785
    0.11867407 0.0980599821 0.532903254 0.0619850755 0.278633118
    0.918183804 0.304927707 0.253982693 0.827893555 0.699590683
    0.653828681 0.192514539 0.591207087 0.960995317 0.0987529755
    0.0662866831 0.110354841 0.157533199 0.762975931 0.207804441
    0.939978242 0.240394443 0.984782219 0.641625643 0.196802974
    0.684102535 0.659814537 0.639019907 0.88179636 0.471829444
    0.671963692 0.566388786 0.235469788 0.399335861 0.584147453
    0.581088245 0.377520591 0.958596945 0.489696056 0.0718505383
    0.451577723 0.675355911 0.485518277 0.704188287 0.180140376
    0.462966442 0.878573537 0.0892751813 0.0448069274 0.210976034
    0.336093277 0.330621213 0.528265834 0.93621552 0.470966578
    0.665786386 0.405203432 0.241648078 0.0971893966 0.70738709
    0.41363439 0.903587103 0.658306897 0.72053194 0.815122247
    0.699189901 0.0161932707 0.000347793102 0.380527109 0.231217444
    0.400570661 0.0277397931 0.100196391 0.286955893 0.778810441
    0.275255829 0.186773717 0.332811356 0.836590171 0.760317087
    0.641398013 0.710215807 0.229417622 0.677323699 0.968309045
    0.127011359 0.907591343 0.456382513 0.6535725 0.992121339
    0.243424088 0.15382728 0.265223801 0.796521127 0.787108064
    0.742944598 0.00535589457 0.471536368 0.802019715 0.401901484
    0.739544153 0.735540688 0.880707443 0.650348365 0.0466151834
    0.410821557 0.655994654 0.900565028 0.619028628 0.0252782404
    0.903842926 0.0371836126 0.0947948098 0.104069084 0.929549098
    0.29050231 0.830929756 0.879387736 0.00715330243 0.0434252322
    0.765349567 0.621133506 0.908784389 0.905695558 0.0133942962
    0.888711035 0.365192413 0.380273163 0.45207566 0.677637696
    0.662709355 0.728028297 0.357845664 0.387114465 0.231457978
    0.524615467 0.194407225 0.36757642 0.438710719 0.373207927
    0.51795727 0.887657464 0.399737775 0.363965631 0.853443384
    0.278410912 0.94680357 0.612768054 0.824601293 0.1895217 0.564676583
    0.191181988 0.408185601 0.319147944 0.211757839 0.888038278
    0.320813566 0.600843191 0.185903251 0.0489044487 0.303088784
    0.517262399 0.025647521 0.750210166 0.350857079 0.854819179
    0.845586181 0.273374856 0.459811091 0.984072924 0.712015629
    0.0582412183 0.619980752 0.755023241 0.908414483 0.122558653
    0.706216991 0.248231441 0.813177705 0.167467594 0.590543032
    0.160470545 0.174411565 0.788084865 0.587699652 0.527124107
    0.435516685 0.181835681 0.767246604 0.737527251 0.515852928
    0.121651202 0.63278532 0.1906434 0.630565047 0.152249992 0.394891739
    0.68416214 0.66484338 0.101023495 0.67461586 0.271321446 0.237693459
    0.420828283 0.970748127 0.207277358 0.508841515 0.764038086
    0.868971229 0.919020474 0.0271131992 0.0790305734 0.0786107481
    0.851499438 0.975388765 0.346195102 0.43676728 0.310344338
    0.0465371907 0.726622105 0.292918324 0.874153197 0.657877982
    0.712669849 0.880663395 0.740284145 0.702655315 0.271727294
    0.328229606 0.894626081 0.764670849 0.215745062 0.00235584378
    0.111465156 0.147069514 0.461298466 0.385274142 0.887834191
    0.754243731 0.898225069 0.506411135 0.311283827 0.710799098
    0.760855198 0.203217834 0.579686701 0.341095358 0.824068367
    0.396908462 0.168793797 0.30586049 0.876114011 0.680765152
    0.751728177 0.504889488 0.85073036 0.177151024 0.322456658
    0.968025327 0.266754061 0.776325345 0.347671866 0.479746759
    0.858119369 0.665167212 0.3850272 0.439851135 0.0299308598
    0.340441525 0.763657451 0.558251202 0.567849636 0.889299572
    0.602879226 0.975369692 0.963698626 0.865731955 0.136537135
    0.618098199 0.868037462 0.376812339 0.222260028 0.319981992
    0.252946675 0.126387566 0.176663876 0.672115386 0.467086792
    0.822033882 0.748232782 0.345853031 0.84686017 0.303019255
    0.216262758 0.674711704 0.866970778 0.592725754 0.0101848841
    0.20429951 0.628269255 0.83190012 0.0933084786 0.414250672
    0.299856603 0.509848773 0.673891544 0.838793516 0.966734886
    0.185845584 0.241590947 0.706528187 0.809030831 0.898055315
    0.591907263 0.441736728 0.060233146 0.280230463 0.358838439
    0.487824023 0.778049707 0.866570175 0.60386157 0.701828837
    0.941159189 0.575215101 0.967044473 0.804739594 0.706673086
    0.40125832 0.441738307 0.710770011 0.874438882 0.86863637
    0.252587646 0.301429629 0.988595247 0.660726428 0.0103827119
    0.921045303 0.552547932 0.819645107 0.504307866 0.395657957
    0.319841623 0.10008657 0.632610559 0.916754603 0.63820827
    0.827909827 0.847362041 0.601621807 0.189794332 0.95212692
    0.0704723299 0.684457541 0.395622671 0.94201088 0.821118534
    0.310675561 0.906472087 0.685806751 0.597308159 0.0993176699
    0.464500368 0.520326257 0.914434314 0.887003899 0.587781787
    0.0393453538 0.621054113 0.0927906036 0.984221697 0.414398313
    0.298259258 0.0972532928 0.682003677 0.920147657 0.332937628
    0.129826933 0.166988552 0.380347013 0.862733781 0.40043956
    0.276606977 0.01509431 0.0112725198 0.330587924 0.623747826
    0.720227957 0.600602508 0.652184844 0.368211567 0.237342477
    0.553506613 0.94042176 0.122640878 0.520285368 0.119596809
    0.436714798 0.591246367 0.00474399328 0.291385949 0.255798131
    0.336538553 0.378863007 0.0994718373 0.379419565 0.18378368
    0.333364427 0.179142803 0.820593596 0.0983403325 0.215865761
    0.361915976 0.160033405 0.22986567 0.875525475 0.785250723
    0.0491240621 0.184784204 0.431832224 0.482657909 0.122367322
    0.209534824 0.599107385 0.77840817 0.459751576 0.0895074606
    0.918614745 0.794634104 0.164649338 0.373780787 0.013807863
    0.864486516 0.300335467 0.903923869 0.370426476 0.6051355
    0.735893488 0.624320447 0.76131773 0.807776213 0.052351594
    0.980587721 0.241521567 0.477002263 0.966213346 0.717519045
    0.32728529 0.462209135 0.258729488 0.7137568 0.485322326 0.709817231
    0.315380335 0.726119101 0.563072264 0.691735744 0.843137085
    0.788247228 0.495447725 0.620455921 0.965984643 0.733804286
    0.931646407 0.408062369 0.963843167 0.454819262 0.50012809
    0.197869718 0.993535042 0.00891274214 0.202440649 0.603909969
    0.174944758 0.835209846 0.902531981 0.842205822 0.293540835
    0.942220569 0.37043643 0.293126225 0.505983055 0.848265529
    0.304492056 0.775930524 0.275914848 0.402326792 0.771009207
    0.286039859 0.779275894 0.340362757 0.18949905 0.821514845
    0.722003818 0.0295977592 0.751229644 0.995684862 0.950791061
    0.286526382 0.879071474 0.992116928 0.836498976 0.107145578
    0.0819488168 0.472071648 0.0983477533 0.522351682 0.423057199
    0.130332202 0.472886682 0.593413115 0.0414586663 0.43431443
    0.061128974 0.591306269 0.57837832 0.295217693 0.03874892 0.52684176
    0.966846585 0.952273607 0.180482805 0.89257741 0.914554179
    0.180233538 0.553728461 0.982862473 0.928632021 0.706656992
    0.972221732 0.414369494 0.479440928 0.6440804 0.741255343
    0.434415728 0.907767355 0.627111435 0.608571827 0.633101583
    0.394203573 0.942122817 0.457807511 0.910446167 0.301540315
    0.670548558 0.67530489 0.051502794 0.742758989 0.857821524
    0.575629711 0.37778908 0.501185477 0.0558919013 0.793916464
    0.101690501 0.0464453697 0.481844962 0.815931559 0.989712715
    0.655236602 0.790702224 0.0642670691 0.754983187 0.0711761117
    0.483933866 0.79656601 0.292984903 0.968964636 0.762983203
    0.898305774 0.834579229 0.76041311 0.534387529 0.350500315
    0.665237248 0.0129835606 0.470278233 0.848315358 0.326850116
    0.855469465 0.430742443 0.896220088 0.623587251 0.1570476
    0.235654235 0.427938044 0.752726138 0.485708088 0.15409559
    0.671302497 0.4842031 0.902335048 0.843654275 0.188215226
    0.813756108 0.231254011 0.27141732 0.596489072 0.657125831
    0.495058388 0.986252367 0.575868607 0.265092909 0.739156961
    0.0116043687 0.5747087 0.5659284 0.097982347 0.733022392 0.979704142
    0.893425167 0.257882416 0.0516754389 0.797639012 0.441449761
    0.409223199 0.658443987 0.794462204 0.119791508 0.686575353
    0.18301031 0.321511865 0.643633842 0.470468909 0.30656004
    0.306805789 0.720975935 0.642731845 0.00196143985 0.548087418
    0.776815653 0.0259288549 0.2121512 0.0670169592 0.633434296
    0.547731221 0.216695487 0.673477888 0.782376289 0.072083354
    0.609183133 0.441901565 0.222196132 0.616130054 0.519644439
    0.615412414 0.00835391879 0.112580478 0.699738503 0.835457444
    0.78143394 0.746724427 0.748319507 0.961341143 0.343652934
    0.311597019 0.533366621 0.330423653 0.941388607 0.309808761
    0.77163434 0.502503395 0.688798308 0.527103841 0.920567036
    0.244429111 0.831978858 0.624220014 0.819818735 0.509290457
    0.106655538 0.0817554593 0.815123618 0.74505657 0.0875140429
    0.0222464204 0.352157414 0.684191227 0.84830296 0.183198392
    0.613448083 0.672729254 0.217120618 0.141943246 0.0307691693
    0.0353563428 0.909908414 0.643162191 0.709327996 0.00507906079
    0.438340247 0.155487627 0.132518947 0.220615983 0.914119244
    0.0902971327 0.117010623 0.871571183 0.85116148 0.886079192
    0.0914638042 0.949686289 0.294570029 0.440729141 0.981667876
    0.742946267 0.822131515 0.85920769 0.531736016 0.254858643
    0.122961402 0.532885313 0.769684911 0.646992266 0.962622702
    0.635710299 0.240127802 0.845879853 0.898175836 0.408684433
    0.028329283 0.224007726 0.888137221 0.508350313 0.849184334
    0.500734568 0.0180494785 0.842889667 0.813275635 0.254245907
    0.0169230402 0.665371418 0.716511726 0.390494376 0.595577657
    0.671335101 0.871046782 0.293985724 0.911958814 0.56068635
    0.0694658756 0.492345959 0.322746754 0.157069474 0.331089795
    0.08280164 0.783815742 0.888685584 0.930720925 0.691112399
    0.71730113 0.30529052 0.657242835 0.289506018 0.548368037
    0.898960948 0.879631281 0.270872951 0.694990456 0.0579108298
    0.0995287597 0.833757341 0.824183822 0.572312117 0.290027618
    0.711310029 0.817004204 0.74914217 0.716833591 0.724917114
    0.659772396 0.897103846 0.812637568 0.236738861 0.0340720713
    0.0286718011 0.782575488 0.338948309 0.856623232 0.57673794
    0.853500605 0.576512396 0.0344117582 0.457522511 0.289441943
    0.664549708 0.525658131 0.905487776 0.213738143 0.309312642
    0.973333597 0.040471673 0.438214362 0.975574732 0.717853546
    0.713736534 0.170149088 0.533683598 0.138833791 0.0995063186
    0.628394365 0.0917142928 0.138543993 0.117735714 0.273029208
    0.224578232 0.16787675 0.250484139 0.6675753 0.223465234
    0.0229417086 0.342347831 0.722144604 0.499387592 0.6066764
    0.128902584 0.968298793 0.0650381148 0.278154671 0.364462495
    0.893674731 0.323367536 0.594229877 0.247938722 0.928572655
    0.467619568 0.863755822 0.928500891 0.857560396 0.484918177
    0.0849241614 0.0549825132 0.679288507 0.578719318 0.89893198
    0.147755146 0.78890574 0.788756132 0.952976465 0.918296099
    0.995703578 0.194536239 0.764680088 0.458044589 0.101269424
    0.396333456 0.0360898376 0.958005309 0.406102657 0.471581727
    0.770759642 0.180969298 0.608396232 0.211817116 0.10817036
    0.882813692 0.0846284628 0.49655062 0.525583267 0.662561595
    0.738920212 0.12542969 0.60115695 0.388978004 0.653635859
    0.159784198 0.245437294 0.935889602 0.0222062469 0.0172173083
    0.440781772 0.68368125 0.613192439 0.969044566 0.412578017
    0.641858101 0.604122639 0.780358195 0.326010138 0.536380053
    0.389546931 0.799861491 0.972532749 0.570701838 0.683876395
    0.7289446 0.748950958 0.769618988 0.185115516 0.9279055 0.0275494754
    0.281450212 0.439642429 0.787284017 0.842208624 0.299734116
    0.914944649 0.243520945 0.254693151 0.94499445 0.250881463
    0.198126465 0.552490354 0.689290762 0.59263885 0.648148119
    0.862585068 0.914687514 0.131635845 0.805040002 0.433251798
    0.227037191 0.383250654 0.599875212 0.531468391 0.921299338
    0.348883778 0.68557936 0.593069732 0.00414076447 0.28663075
    0.18160218 0.781828403 0.489122838 0.0468689799 0.55709213
    0.676053882 0.526515901 0.141149521 0.97813201 0.153770655
    0.238157362 0.0206091106 0.885341465 0.826803684 0.458676219
    0.607379079 0.0707482398 0.0303489864 0.839169741 0.18893376
    0.778122902 0.0239632726 0.6436252 0.761064172 0.818466067
    0.13283065 0.0790851414 0.317715228 0.878273249 0.789151669
    0.811746716 0.0109506845 0.826322198 0.0318851769 0.731262147
    0.522613227 0.252180248 0.494425118 0.85404104 0.137911975
    0.680546284 0.679699004 0.442076892 0.954363108 0.436749816
    0.718572855 0.232069612 0.79714632 0.335686415 0.868672729
    0.319612324 0.717640936 0.325633883 0.076872468 0.942073047
    0.734385729 0.386420041 0.085580945 0.319924951 0.314535797
    0.246583492 0.803335071 0.567073822 0.0604631603 0.152266622
    0.468262166 0.599996507 0.282039106 0.237632364 0.512996376
    0.625136495 0.928721488 0.28669548 0.312959254 0.215754896
    0.631790102 0.173191309 0.363105685 0.920099616 0.330291569
    0.168895483 0.565820515 0.991040111 0.122389883 0.966759622
    0.42755872 0.552272975 0.927414179 0.651736557 0.205913633
    0.969585359 0.571112692 0.966472507 0.0560512245 0.485528529
    0.690356374 0.784662962 0.449638426 0.837161422 0.919602036
    0.420340538 0.842626333 0.947525978 0.496148676 0.518465042
    0.502324641 0.41908896 0.0182618499 0.343604505 0.611050248
    0.841252625 0.856021762 0.879132986 0.673004746 0.386099011
    0.365145385 0.414771259 0.660711288 0.566949189 0.90362215
    0.186719447 0.466876626 0.44897604 0.105653465 0.500555933
    0.861557722 0.0523679554 0.515111268 0.113634497 0.532540023
    0.532478511 0.320192754 0.265960157 0.506207049 0.659170508
    0.730790854 0.652213693 0.547240615 0.651335835 0.284588397
    0.77711457 0.41846621 0.338994533 0.673941076 0.459115982
    0.530848265 0.582271397 0.98091805 0.255997181 0.397449493
    0.583780825 0.0765874386 0.539130688 0.435284436 0.24931401
    0.735545516 0.700916171 0.862744629 0.38239634 0.537949622
    0.561227024 0.913127542 0.890297651 0.356740355 0.533350408
    0.96575135 0.855941892 0.0248388052 0.605403185 0.700173438
    0.663502932 0.336125225 0.911000967 0.985423326 0.283335388
    0.132518649 0.409395278 0.10288927 0.415803134 0.0014655292
    0.194146663 0.243179798 0.480883121 0.527836144 0.00687766075
    0.0463620424 0.420525193 0.381514907 0.920558512 0.35862118
    0.0705128908 0.9378829 0.796269476 0.960381627 0.0207786262
    0.83411628 0.462198973 0.229401886 0.0691064 0.928111792 0.515786946
    0.966172278 0.181583345 0.168007255 0.156164408 0.24173075
    0.0697970092 0.147450686 0.82503581 0.690989494 0.842064559
    0.991421759 0.348621488 0.37990424 0.370928824 0.487680346
    0.42185992 0.364239246 0.779373586 0.812767506 0.755328655
    0.280122936 0.932237804 0.917909265 0.353141069 0.655688465
    0.204754978 0.236057937 0.500633061 0.388171524 0.973100066
    0.265884101 0.68126601 0.452733278 0.129553735 0.53587234
    0.340196848 0.534399211 0.773071527 0.883727551 0.215372711
    0.512615919 0.410257906 0.116713524 0.87242198 0.466988355
    0.125620157 0.68159616 0.343711317 0.0222940743 0.439635545
    0.332614213 0.341016442 0.0280478597 0.788713217 0.364878595
    0.131688386 0.293396205 0.0750399828 0.633912444 0.323067576
    0.662682295 0.64176929 0.46435073 0.736243486 0.488065064
    0.245861679 0.262821734 0.892828107 0.664485335 0.940338731
    0.105897069 0.787121534 0.698178351 0.43292135 0.00713506341
    0.268654168 0.847570121 0.295489252 0.420968801 0.0879443288
    0.226785749 0.163456768 0.0747404695 0.687964916 0.280686796
    0.47976774 0.948775232 0.998256564 0.49259609 0.842741907
    0.0966791809 0.551508904 0.166152745 0.234481603 0.512908518
    0.227066278 0.443132609 0.730536699 0.350978702 0.889974713
    0.224671364 0.132755905 0.58268553 0.681640863 0.278012693
    0.74473989 0.285748959 0.468510956 0.384647191 0.887286425
    0.385127902 0.164863259 0.932391346 0.0618275702 0.824142396
    0.771261156 0.444408327 0.143022418 0.685512304 0.987933755
    0.422769666 0.864248872 0.892260313 0.0493201017 0.872598648
    0.427893639 0.571571589 0.0250321329 0.043343693 0.422486782
    0.329901695 0.104271621 0.639674664 0.132883966 0.356731832
    0.392698795 0.88207674 0.482871622 0.0128047764 0.32979399
    0.00893777609 0.190827489 0.845063567 0.68704164 0.355546951
    0.911416054 0.322569907 0.858948708 0.448658288 0.0495360196
    0.846997619 0.597047746 0.833591402 0.156775296 0.317244411
    0.939618409 0.190610349 0.662103236 0.757863998 0.924415588
    0.485867471 0.993641853 0.698135376 0.834790587 0.697984755
    0.106134951 0.832371593 0.776203394 0.326682925 0.281222612
    0.00655597448 0.483882099 0.0241038203 0.33193624 0.405302256
    0.356093377 0.739768207 0.592272878 0.553350866 0.926762462
    0.850214481 0.349947631 0.843139529 0.279509246 0.250027478
    0.539735079 0.772071004 0.684123814 0.186672211 0.634081185
    0.523445308 0.361211985 0.874912024 0.927036881 0.807533979
    0.98009181 0.231623709 0.505346417 0.728976905 0.565739512
    0.524204195 0.773089767 0.366412282 0.421619117 0.773169756
    0.887244701 0.0776863694 0.745137095 0.946615517 0.113286763
    0.453887314 0.672507405 0.353573114 0.274499357 0.234084457
    0.402125418 0.986423492 0.66110003 0.178569257 0.377920777
    0.0788584948 0.220531911 0.885820687 0.734985232 0.0144981146
    0.211054862 0.00519675016 0.00257587433 0.272800505 0.840003192
    0.113586754 0.12300694 0.173077226 0.106574297 0.631544828
    0.719974995 0.621273041 0.356595725 0.702620208 0.213750422
    0.844662905 0.429819018 0.0784498751 0.0269925594 0.475524634
    0.627730548 0.394645035 0.672350168 0.721883476 0.391811371
    0.980943561 0.164022386 0.180173725 0.989612103 0.204683125
    0.889718175 0.357409716 0.592803836 0.059589386 0.684761047
    0.400868714 0.0717597008 0.501332223 0.669391572 0.364782572
    0.363970637 0.709212244 0.826267958 0.879685223 0.644933522
    0.0669735372 0.0961842239 0.747491717 0.833657742 0.400462538
    0.578326881 0.276989102 0.524470687 0.623064339 0.679986656
    0.417415082 0.336217642 0.340935171 0.938981771 0.785866797
    0.0527610481 0.485309243 0.870294333 0.95482409 0.799193025
    0.446628124 0.413024873 0.733188987 0.400316685 0.318335444
    0.400322258 0.884076715 0.66225642 0.29123646 0.0818408728
    0.602055371 0.161917806 0.58458662 0.313245595 0.359604716
    0.818129301 0.10791257 0.88077867 0.868427694 0.912563324
    0.540614665 0.565294921 0.548955381 0.337612092 0.278859496
    0.831387877 0.473339289 0.249569923 0.65305841 0.596421719
    0.928098798 0.105141848 0.950102568 0.820508599 0.000862538815
    0.145198226 0.76584971 0.0722711384 0.278258801 0.545679569
    0.515309393 0.300475359 0.510476172 0.362048715 0.164809793
    0.657610297 0.214604557 0.284344703 0.506564915 0.415007204
    0.637275398 0.711302161 0.163713694 0.66476208 0.409587801
    0.171076059 0.326293319 0.255509526 0.315728664 0.986831248
    0.931424737 0.389270037 0.448212445 0.358855307 0.325909048 0.432549
    0.859251142 0.324193001 0.335858047 0.0547632873 0.232893497
    0.551952362 0.658883631 0.599542439 0.0891211331 0.533691406
    0.645920634 0.195502996 0.940766454 0.613764524 0.731477499
    0.291273713 0.597238183 0.360944808 0.0565416217 0.585008025
    0.956528902 0.700149238 0.993858099 0.487286985 0.653455138
    0.370787323 0.757728815 0.675507128 0.168176919 0.262973756
    0.0896962285 0.406863391 0.510258317 0.408498108 0.429058731
    0.237495631 0.560926557 0.809199095 0.744346678 0.924925148
    0.58473295 0.162929893 0.657851875 0.390980273 0.68193543 0.24572292
    0.358902872 0.234457582 0.310032248 0.0859197974 0.483735412
    0.562877953 0.537715375 0.0760244131 0.829929411 0.994790912
    0.116050035 0.859843612 0.940100491 0.01129812 0.514017522
    0.768280745 0.0320885181 0.590632141 0.957020998 0.844694495
    0.0514417887 0.483336151 0.21878773 0.949706793 0.866691709
    0.303067833 0.608914196 0.443336695 0.840995431 0.732867777
    0.109438747 0.99713856 0.0764424503 0.731738985 0.0421569645
    0.595076323 0.186424792 0.0127287507 0.646149158 0.491613686
    0.235318273 0.882714927 0.256936431 0.454953343 0.347090155
    0.0617836714 0.834942579 0.199686497 0.714594483 0.99237752
    0.448844969 0.19315353 0.295712501 0.431697249 0.462818503
    0.295109212 0.346883595 0.19649899 0.189667434 0.863876939
    0.335343927 0.922701836 0.793419659 0.667662024 0.473433793
    0.243181258 0.575104177 0.587541759 0.598737895 0.123322845
    0.888623953 0.0493723452 0.987009287 0.993951917 0.438450366
    0.655438066 0.883699358 0.653713107 0.263682842 0.708484292
    0.482628316 0.302026242 0.73404175 0.716364741 0.0758859515
    0.24145928 0.0335367024 0.710996807 0.9169873 0.88349092 0.095344305
    0.899094462 0.833856106 0.576801777 0.502869844 0.895661175
    0.810246468 0.0775975287 0.947043538 0.702260077 0.452948719
    0.389271706 0.674234867 0.0456007123 0.0144282281 0.557499051
    0.315576851 0.204532117 0.839400053 0.497775555 0.968854666
    0.0678405762 0.650178313 0.295637608 0.153586149 0.146108657
    0.927056968 0.934011579 0.839075804 0.0551229417 0.889701605
    0.896344662 0.714441061 0.941083193 0.0734781027 0.14391914
    0.418060482 0.823727429 0.837357879 0.324426293 0.0178418458
    0.987939119 0.84244293 0.105986863 0.0112319291 0.496918112
    0.669151962 0.0807221532 0.790712118 0.153997332 0.636865973
    0.298293769 0.432661444 0.211785942 0.621388912 0.392218351
    0.43935284 0.665042996 0.304638982 0.731850624 0.454175085
    0.406955987 0.00187155604 0.748797953 0.0669358373 0.405065477
    0.337643683 0.974947095 0.21623221 0.822422862 0.763317704
    0.192137122 0.0740464032 0.87275672 0.159471333 0.296266168
    0.281102389 0.19378224 0.8089993 0.357911825 0.428277075 0.644008756
    0.155977309 0.56017369 0.440462142 0.882138431 0.227626771
    0.155816168 0.757710576 0.793445945 0.247883141 0.746268094
    0.808231831 0.824306548 0.733585417 0.499978036 0.606548607
    0.444121003 0.55363673 0.148439914 0.609478891 0.43394801
    0.764582038 0.288520753 0.743033826 0.764545918 0.752284527
    0.366825998 0.298055708 0.63090831 0.850016177 0.951558769
    0.843659103 0.172155052 0.530259371 0.753619552 0.906153679
    0.467502177 0.912157655 0.801016629 0.18402493 0.711983204
    0.767016113 0.33658585 0.714537561 0.784187496 0.842411876
    0.966783643 0.94152844 0.892986536 0.21704787 0.305751115
    0.174785495 0.155586541 0.170395166 0.352005541 0.902788341
    0.204133958 0.0113075078 0.313595593 0.378657371 0.627443075
    0.976821244 0.606428146 0.347476959 0.495341241 0.511647165
    0.99817872 0.485307962 0.251595855 0.178084522 0.031937927
    0.536545753 0.868809462 0.275247812 0.790150404 0.400627077
    0.141162395 0.580990493 0.177298158 0.970916271 0.619484663
    0.216935068 0.901039362 0.756052554 0.435183883 0.387363285
    0.749685168 0.528538942 0.233941048 0.819407225 0.759663582
    0.852935791 0.597313941 0.0677555203 0.534310937 0.836208344
    0.377013624 0.595627904 0.541330874 0.812341332 0.692741156
    0.74131763 0.257071793 0.778126597 0.47249642 0.573164821
    0.184968442 0.649679661 0.614296556 0.842343092 0.308836669
    0.244600475 0.407214671 0.585893333 0.91725421 0.806420445
    0.486504734 0.723756671 0.387366235 0.164833814 0.495909631
    0.314463377 0.577872813 0.301019877 0.445182204 0.282399297
    0.366988063 0.535880506 0.0360760093 0.588408768 0.0696459413
    0.685913384 0.325813115 0.866116285 0.382293135 0.661806345
    0.0137428045 0.0350510478 0.236801922 0.214468837 0.837509274
    0.107145011 0.186258912 0.606366456 0.339997888 0.821497202
    0.0680781305 0.5804739 0.178090066 0.134520531 0.913488746
    0.173919708 0.219549745 0.701108336 0.462427974 0.670579135
    0.154160351 0.84175241 0.127034992 0.443425298 0.953298569
    0.210690409 0.27011627 0.00475728512 0.105707496 0.523691177
    0.0699138939 0.094006747 0.821759999 0.669910431 0.380900919
    0.129393309 0.674723148 0.0812909305 0.354524642 0.983009517
    0.730329633 0.698193312 0.64849478 0.911623716 0.389490217
    0.11070323 0.994521558 0.462814778 0.0614156723 0.235437304
    0.0847437084 0.462902337 0.425023377 0.849988222 0.565281749
    0.188160479 0.299681038 0.485652655 0.109708548 0.329309583
    0.333490163 0.158413202 0.678972304 0.952307701 0.0791284144
    0.479237556 0.428277761 0.516933441 0.436211675 0.640871048
    0.714095712 0.159684807 0.998158216 0.0890268087 0.87339747
    0.960338473 0.464178503 0.711746931 0.0494109392 0.715077281
    0.145386398 0.177597016 0.463762969 0.652888477 0.121960908
    0.775317132 0.575584471 0.941654742 0.736318827 0.803796649
    0.287531853 0.463571578 0.337889969 0.983987689 0.0388350785
    0.018219769 0.438972622 0.284532875 0.231319904 0.757387817
    0.784946978 0.654463828 0.968456268 0.507413507 0.259252399
    0.845214248 0.337358892 0.133259058 0.575401664 0.763194799
    0.968532801 0.92395848 0.751112461 0.255298615 0.454375684
    0.136214226 0.395335644 0.0693231523 0.199648678 0.504083395
    0.767040372 0.0939033329 0.812310934 0.645883799 0.690081894
    0.687674642 0.284138888 0.98536092 0.193465829 0.294283271
    0.963773787 0.0407888889 0.424168468 0.252603948 0.438297957
    0.77902317 0.794367492 0.729858935 0.418437123 0.401380837
    0.567812979 0.125679135 0.540883541 0.262381792 0.212316453
    0.871926546 0.0735411048 0.03556481 0.131451041 0.921566963
    0.981158972 0.916427374 0.26087606 0.700963736 0.928643465
    0.457305312 0.972274184 0.311208397 0.758572102 0.796698451
    0.584123671 0.176043034 0.426723778 0.729479611 0.546184361
    0.64878273 0.886583149 0.69535923 0.795541704 0.922139466
    0.0532036722 0.0910072327 0.516938865 0.761002064 0.934171557
    0.523659527 0.330480158 0.842512369 0.712236643 0.742028892
    0.616266608 0.378228933 0.832955778 0.665584862 0.631451428
    0.597518086 0.198808461 0.106451631 0.300127357 0.0793963373
    0.772567809 0.901983738 0.801517129 0.740358233 0.644480228
    0.925713062 0.063130945 0.0743302703 0.633197844 0.0906036198
    0.330824614 0.271104455 0.0132413805 0.829481184 0.490321666
    0.414693356 0.857574701 0.349960834 0.967322111 0.140882939
    0.656596124 0.646477044 0.374602079 0.0165580511 0.723818719
    0.812890887 0.0923221707 0.788578153 0.74802953 0.0996034741
    0.603257239 0.067377001 0.760007381 0.55806452 0.371055394
    0.903165162 0.400841892 0.374786973 0.84963429 0.7187953 0.931104183
    0.659921229 0.302742779 0.913693428 0.913325965 0.206194788
    0.540607691 0.790740669 0.534510136 0.215461016 0.424690247
    0.775499225 0.513629675 0.221358031 0.659350574 0.105777115
    0.540755332 0.311021686 0.961162329 0.344290257 0.738011599
    0.503714263 0.629282355 0.817275107 0.00522258878 0.382768452
    0.989392042 0.391014636 0.930063248 0.257782519 0.222411871
    0.553581119 0.4913809 0.336337626 0.963924885 0.847668171
    0.221980274 0.732183099 0.38871479 0.207085192 0.666690707
    0.144302636 0.660369992 0.818123579 0.847483039 0.625893116
    0.287950367 0.181768209 0.670441568 0.015393734 0.749532223
    0.629790246 0.564454973 0.838485718 0.316076279 0.616602242
    0.835063517 0.188077718 0.61038357 0.650176883 0.243960857
    0.114620984 0.92248261 0.912587643 0.00753164291 0.232667118
    0.70881319 0.709143639 0.801954746 0.0989476442 0.258106709
    0.263010412 0.242645174 0.228954911 0.702498674 0.468382567
    0.508245051 0.631355345 0.395250261 0.00610211492 0.509937584
    0.321768045 0.589428902 0.0740638673 0.774654031 0.285947174
    0.938784778 0.0340694487 0.088052243 0.0192628503 0.392578274
    0.684270442 0.44369927 0.883099318 0.533975542 0.143072784
    0.0281785131 0.529214263 0.899218082 0.418550968 0.337679237
    0.592870295 0.395210117 0.692698121 0.329113007 0.206130594
    0.54580009 0.92291379 0.5339818 0.78652668 0.135532677 0.448159784
    0.323531389 0.00995507836 0.0607155561 0.0353504121 0.848011971
    0.323270261 0.183428645 0.602299094 0.354410172 0.477042258
    0.884837151 0.404259384 0.277616262 0.0784196854 0.950672567
    0.644226193 0.745776474 0.252310842 0.911151171 0.201104671
    0.358286589 0.716249347 0.472765535 0.753079414 0.449209511
    0.981299996 0.539996922 0.971559584 0.793555319 0.720188558
    0.28342104 0.135890752 0.446455985 0.140908867 0.710253119
    0.532813966 0.2575396 0.784386277 0.85631603 0.125904143 0.772327304
    0.167211771 0.587484777 0.249919832 0.630861223 0.500913978
    0.00576975942 0.239655286 0.500063837 0.371224612 0.827702641
    0.397457898 0.443482101 0.697872519 0.484521598 0.0341843069
    0.750696778 0.684947968 0.647730589 0.384455442 0.0609928966
    0.199586004 0.927403927 0.416844338 0.393194437 0.413604617
    0.0130802989 0.96665895 0.362372935 0.302977592 0.609342337
    0.0206717551 0.72036773 0.287377059 0.532265246 0.788491607
    0.312449992 0.892311335 0.280381978 0.0055090189 0.818647265
    0.422748715 0.87825495 0.786767125 0.156399816 0.363222569
    0.365639031 0.904167771 0.385669053 0.0958727598 0.985473812
    0.730441034 0.593392432 0.490750164 0.0368268192 0.985793889
    0.13149035 0.381425798 0.836248994 0.82213223 0.926287234
    0.0802636743 0.58312422 0.822260261 0.590850234 0.191688687
    0.930375457 0.781050086 0.0514742732 0.880465269 0.4518767
    0.749489605 0.377562374 0.481668144 0.313393503 0.844276071
    0.387849659 0.390933216 0.664111555 0.299608588 0.0129692256
    0.686522961 0.25162524 0.231142759 0.0864474475 0.21107021
    0.0156106353 0.460342795 0.887891412 0.437626034 0.93364495
    0.982925773 0.894798934 0.211012781 0.746905565 0.332218051
    0.297970831 0.0704456568 0.398970604 0.647313952 0.139116555
    0.060302496 0.559009492 0.853604734 0.640004158 0.802142739
    0.252513826 0.819125772 0.190676033 0.466497719 0.486605018
    0.472672313 0.517816782 0.406816006 0.44285959 0.116360426
    0.970417857 0.20478943 0.0196525156 0.828902483 0.378123194
    0.727376878 0.766275644 0.963345885 0.521816015 0.548166096
    0.449922323 0.706014335 0.677846014 0.591142714 0.654872596
    0.975174427 0.858244896 0.963040709 0.323808253 0.0589387119
    0.414683372 0.662595451 0.970842838 0.433108151 0.0548625588
    0.350544065 0.700016499 0.773977995 0.106515199 0.806108773
    0.942330658 0.408505708 0.811356187 0.755381227 0.633380413
    0.315787911 0.0499720573 0.920866966 0.242072135 0.0300193429
    0.717556238 0.928279877 0.961970568 0.956732452 0.790073276
    0.355149001 0.271782935 0.616343021 0.0516333282 0.999020696
    0.00312629342 0.896670461 0.507056773 0.822347403 0.213386744
    0.80471921 0.87098074 0.256053507 0.457895458 0.979956746
    0.00742706656 0.694721937 0.129422903 0.79444313 0.524615467
    0.434844375 0.29023999 0.217123121 0.138826936 0.105313689
    0.75596869 0.224137634 0.674060166 0.0637953281 0.456893355
    0.0864410698 0.389827132 0.323543191 0.524262488 0.0269919932
    0.041449964 0.82356596 0.888656378 0.583603978 0.424459934
    0.812199235 0.13975957 0.0474553704 0.185580671 0.17203778
    0.394892067 0.00394454598 0.433147728 0.406478852 0.237505376
    0.0217746496 0.0683607161 0.095125705 0.623758972 0.00667223334
    0.405470669 0.196272731 0.853504062 0.207934558 0.00364801288
    0.386862367 0.18787232 0.807910681 0.817858934 0.801527977
    0.932860851 0.487489879 0.957085252 0.0531663597 0.335497648
    0.982294738 0.372559011 0.703592002 0.544659972 0.730989695
    0.854165912 0.734319806 0.177537233 0.475769043 0.10816288
    0.548206031 0.615019321 0.599445403 0.338708699 0.00691819191
    0.993412256 0.516586781 0.973646879 0.921041489 0.24624759
    0.436978519 0.151386201 0.702682734 0.327069938 0.244087875
    0.869437158 0.065303117 0.216998786 0.963168323 0.400254369
    0.609124839 0.812453747 0.925148487 0.85188055 0.0383354425
    0.734492779 0.965639174 0.997881174 0.575393677 0.148687452
    0.995902658 0.176943153 0.639420986 0.515078664 0.852656245
    0.881532788 0.621761084 0.748638749 0.743154764 0.116681933
    0.480081022 0.173159748 0.868234515 0.011222899 0.783828139
    0.0788450837 0.446784526 0.0349103212 0.455748916 0.768531799
    0.072737813 0.903274417 0.336858153 0.303170443 0.47020942
    0.391580164 0.124477506 0.836234272 0.228166878 0.661236167
    0.33841449 0.220499873 0.170978457 0.749029338 0.553863704
    0.108507216 0.917361975 0.195634335 0.951609015 0.151391953
    0.279308259 0.534150839 0.160787135 0.879828572 0.581732988
    0.579868436 0.866333723 0.82900244 0.946832418 0.866358638
    0.679722607 0.462517172 0.918795586 0.599123657 0.456690371
    0.900985539 0.0950958729 0.928843141 0.95341301 0.449676156
    0.248216659 0.339402974 0.283778995 0.184891135 0.103617132
    0.401514947 0.283519924 0.0900344849 0.797617733 0.688662291
    0.719518542 0.185387045 0.600147605 0.530898511 0.691613138
    0.00332969427 0.793449342 0.265100956 0.283967316 0.0573362112
    0.180083752 0.126460314 0.638975859 0.811821818 0.902135134
    0.843705714 0.568947017 0.368235528 0.998653173 0.976270676
    0.775419831 0.211080253 0.164229125 0.404198825 0.315680414
    0.513100982 0.0618329346 0.308319926 0.875136495 0.263197303
    0.355771452 0.893200159 0.944764674 0.718972981 0.680851698
    0.486485779 0.07625857 0.799856544 0.145798743 0.343714446
    0.352572352 0.426686764 0.925331712 0.556231618 0.552189946
    0.955440283 0.686439395 0.421744198 0.0459205806 0.240142316
    0.202366352 0.489371389 0.848253071 0.962904692 0.458611727
    0.223793626 0.454109102 0.633890033 0.108668953 0.142917901
    0.366328627 0.870330215 0.623755336 0.412903905 0.299157262
    0.392428845 0.331837714 0.318714678 0.659280777 0.47075665
    0.0579985976 0.872738719 0.57651794 0.416778982 0.583703816
    0.0719232559 0.258739531 0.210144132 0.326022714 0.864020169
    0.978446841 0.338785052 0.916458428 0.643481553 0.625350714
    0.0666312575 0.872565508 0.286452055 0.0990519524 0.429631412
    0.351230025 0.0498162806 0.141816825 0.697062373 0.474081993
    0.189681321 0.915859461 0.679313779 0.644301474 0.601383805
    0.699261546 0.797497272 0.230525881 0.149990618 0.323402286
    0.710618734 0.728619516 0.0332343876 0.544999123 0.556842208
    0.951476097 0.889012873 0.266210616 0.981065512 0.223369479
    0.336245239 0.462090075 0.949711144 0.754497468 0.923056424
    0.167533994 0.257149279 0.292542815 0.414758652 0.431833059
    0.29260093 0.0312807858 0.0747196674 0.235171109 0.628312349
    0.484547585 0.923831463 0.304493576 0.375114292 0.781703234
    0.315340936 0.128277749 0.618966341 0.44101125 0.151315451
    0.133944869 0.88349092 0.696736813 0.62088567 0.66352582
    0.00309568644 0.42551738 0.705479324 0.427220345 0.463147461
    0.610596597 0.0683775544 0.0977084637 0.383252412 0.750530124
    0.778522015 0.202302575 0.650842428 0.391974688 0.50174284
    0.579107463 0.224490136 0.53349328 0.314991474 0.758379817
    0.27301544 0.46537447 0.300117433 0.110374749 0.992825389
    0.184941709 0.702976465 0.377189279 0.00818759203 0.182843506
    0.922198713 0.821326256 0.55749613 0.814650238 0.51510191
    0.916951776 0.303333044 0.0105522275 0.36865443 0.503071308
    0.448524415 0.978693545 0.714264512 0.34047991 0.0678981245
    0.528722107 0.977001071 0.988453746 0.385861397 0.898007751
    0.929239392 0.600517273 0.143158764 0.869860411 0.87584877
    0.414533257 0.286286891 0.479627728 0.301860929 0.0573205054
    0.0437074304 0.432152748 0.0844890475 0.578410327 0.134347767
    0.831339121 0.735114992 0.303177059 0.00343948603 0.171345264
    0.967061043 0.125481635 0.0360795856 0.743907928 0.859893382
    0.264802128 0.134318829 0.194553465 0.973076105 0.420469612
    0.325965405 0.361198425 0.870093584 0.931896329 0.261319399
    0.16010803 0.193630874 0.140451938 0.112766236 0.12732321
    0.243643969 0.66870445 0.602381051 0.430561572 0.232292682
    0.906229675 0.990737319 0.0715008378 0.815150499 0.432563722
    0.492771447 0.0817688107 0.7445755 0.620903313 0.275534421
    0.157563567 0.381379426 0.284098923 0.820625305 0.109660327
    0.129741192 0.647594213 0.117258877 0.413462847 0.330560625
    0.0958767533 0.307583928 0.393182307 0.49608323 0.0790371299
    0.436146796 0.788410306 0.580923796 0.553959489 0.365487456
    0.066974014 0.38141337 0.631907821 0.322690725 0.784663558
    0.80741179 0.549334526 0.741004169 0.541535258 0.627350688
    0.288507104 0.147344202 0.841596842 0.687763333 0.713837743
    0.297650516 0.386125863 0.639379263 0.428072393 0.518364072
    0.996836305 0.0216184258 0.227092654 0.109294206 0.0653045774
    0.425065607 0.558103025 0.329504132 0.767883182 0.840174556
    0.211017489 0.256063282 0.517984092 0.832233727 0.406063944
    0.289266646 0.467006058 0.311446726 0.257164329 0.345359921
    0.358736694 0.191464037 0.664538145 0.333382577 0.131231397
    0.391721517 0.325388312 0.74882555 0.387819767 0.73080641
    0.955414295 0.324501634 0.682376981 0.13201189 0.113840163
    0.279047549 0.897573352 0.552544057 0.372789562 0.62852037 0.9140836
    0.0217316449 0.411913544 0.363171935 0.817418814 0.962335169
    0.26443851 0.93087405 0.914389133 0.664459586 0.206545413
    0.622843742 0.441954643 0.850800037 0.842211723 0.211844772
    0.860216081 0.191957563 0.954554141 0.799072027 0.261859119
    0.243017286 0.692531466 0.636449099 0.97719872 0.639517903
    0.718417645 0.330919027 0.542418301 0.014736563 0.143359631
    0.881968737 0.277388692 0.700709283 0.892779648 0.544680417
    0.116164535 0.680830956 0.582654238 0.342310369 0.857165813
    0.318696916 0.475940317 0.949229836 0.0253835917 0.744691312
    0.511928737 0.226662427 0.553139687 0.220987171 0.916532278
    0.00496909022 0.960188985 0.539948463 0.769381523 0.401122361
    0.957882285 0.671812356 0.520795286 0.000800430775 0.395276606
    0.350844681 0.887002051 0.695276916 0.794259727 0.888021469
    0.156598359 0.870159447 0.457443029 0.736293912 0.378459215
    0.783782482 0.403491557 0.16905418 0.278034687 0.854835033
    0.454857618 0.850015759 0.139120847 0.810542703 0.634482145
    0.552379787 0.0481503308 0.0802310109 0.0453939438 0.467837691
    0.359958291 0.278177977 0.435714155 0.226066262 0.721714199
    0.184897363 0.615656793 0.469761044 0.60238868 0.780332267 0.3422876
    0.586895227 0.812547624 0.3948856 0.609173 0.390874714 0.883405507
    0.249100715 0.905748725 0.626319051 0.214064449 0.0667926371
    0.379655361 0.858369172 0.248233736 0.494849175 0.525258541
    0.527359247 0.205505162 0.314969361 0.881709576 0.923984766
    0.192483693 0.111956239 0.802330017 0.0227630436 0.951394916
    0.920495808 0.916011751 0.80603838 0.486209452 0.936969757
    0.44172889 0.016489923 0.474944144 0.55684185 0.578941762
    0.266554058 0.0444172621 0.149944782 0.0987719297 0.411852628
    0.718714476 0.819486082 0.356217206 0.995636344 0.834265828
    0.0447429717 0.768085122 0.815059066 0.589538097 0.259570032
    0.07793805 0.253427804 0.437161267 0.466589183 0.221872479
    0.328804016 0.501200318 0.328248322 0.439146817 0.512178779
    0.117728412 0.334691554 0.253642529 0.744263589 0.434177816
    0.838392258 0.760789275 0.234927803 0.689929485 0.405527353
    0.422010243 0.111031413 0.157971591 0.201653898 0.880380392
    0.974414706 0.0757456124 0.382667333 0.874155283 0.563832521
    0.521157086 0.0728860199 0.423987657 0.629641771 0.131687343
    0.85432899 0.815672159 0.22901389 0.869610548 0.785770655
    0.383361429 0.377419472 0.28174144 0.48326236 0.878885806
    0.404893935 0.122900963 0.759023249 0.76569736 0.239449233
    0.175762266 0.324666977 0.0241056681 0.69987911 0.27707532
    0.195934027 0.742723823 0.241388321 0.96636641 0.877005219
    0.810879767 0.0709124207 0.771041751 0.732346237 0.498817325
    0.414460808 0.381463528 0.0861884356 0.0866304636 0.915591538
    0.898556471 0.470287234 0.794596076 0.875722051 0.751693368
    0.455368042 0.0242768526 0.464895964 0.104546249 0.490666986
    0.515246511 0.083787173 0.502184033 0.293138981 0.591588795
    0.659542441 0.595362842 0.53499043 0.745631576 0.521538258 0.1977458
    0.364703298 0.321460962 0.180815518 0.501969159 0.0122526884
    0.968547463 0.325904369 0.980464458 0.82645303 0.407713681
    0.827693045 0.206384569 0.163555294 0.316351205 0.402074903
    0.764744759 0.641793966 0.76427567 0.317357421 0.775758266
    0.351987481 0.130400419 0.575873375 0.761702478 0.0178987384
    0.750913501 0.0253850818 0.227697223 0.0842582583 0.896647453
    0.434841841 0.793348432 0.0314247608 0.0451108217 0.750494242
    0.0619912446 0.420912385 0.323055685 0.605367661 0.841426611
    0.515887856 0.620406568 0.363237917 0.847754002 0.639534354
    0.508572221 0.957542062 0.176319778 0.146814585 0.94437927
    0.889962614 0.808839083 0.593327701 0.96927315 0.598305702
    0.197393924 0.493252188 0.668645024 0.499757946 0.139770389
    0.413567543 0.511440217 0.322615921 0.227775037 0.653057754
    0.848293066 0.629963398 0.770287156 0.480475247 0.34308356
    0.44810766 0.568959415 0.726041317 0.226910412 0.981127858
    0.356408119 0.22841841 0.212032348 0.235576302 0.282186866
    0.487650663 0.4841097 0.151221871 0.769052029 0.961754441
    0.194023937 0.749439478 0.647475719 0.297821462 0.209886283
    0.983910799 0.472682923 0.832152247 0.974322915 0.444117069
    0.60063237 0.463470578 0.891193509 0.208022982 0.481958896
    0.513106942 0.894059896 0.219592482 0.9624843 0.341751873
    0.833849907 0.224187165 0.143912762 0.223891705 0.0378216803
    0.772716403 0.683267713 0.0484807193 0.50112164 0.340325475
    0.193607837 0.55666256 0.568281174 0.757690132 0.962756872
    0.553405344 0.205293357 0.204769969 0.678942561 0.502280354
    0.36329022 0.0960754454 0.00502568483 0.629554629 0.514972627
    0.898276329 0.884217381 0.881184936 0.507317066 0.491894305
    0.0967484117 0.197462618 0.0990618169 0.26272881 0.611864686
    0.337240338 0.967124224 0.202526808 0.960890174 0.860509157
    0.330037177 3.30805779e-06 0.13782534 0.503643155 0.349047571
    0.0321287215 0.0422302485 0.651121736 0.817784846 0.0292637646
    0.843256235 0.839625895 0.082398057 0.774676681 0.0514732301
    0.602431357 0.11544472 0.14044717 0.440530062 0.893526495
    0.390265524 0.178144902 0.0198539793 0.0106784105 0.665813923
    0.293118477 0.0297327042 0.276369035 0.883477807 0.274913967
    0.361299813 0.69046849 0.255052328 0.807991147 0.846880913
    0.672757089 0.103950828 0.695998073 0.598098814 0.165785253
    0.489545017 0.53962028 0.21002233 0.921144962 0.2591241 0.0936947465
    0.551648021 0.588724971 0.0271090567 0.0373882055 0.543001354
    0.498377949 0.706678152 0.939952433 0.538154185 0.155355603
    0.967342615 0.0380986929 0.814442456 0.465509206 0.203731656
    0.348604172 0.595976532 0.575535536 0.547304749 0.0315418243
    0.0111553967 0.985143423 0.0548340082 0.311362684 0.432311594
    0.120425403 0.615542471 0.806415677 0.895665109 0.445859998
    0.288265824 0.0338470042 0.0314377844 0.863200605 0.365424663
    0.786895871 0.666855335 0.680316448 0.398259997 0.350871652
    0.506515384 0.385346264 0.413227499 0.861755133 0.39939338
    0.15987438 0.716724038 0.505133271 0.735080898 0.475268811
    0.381881654 0.489004612 0.292988867 0.379377484 0.137039602
    0.0613246858 0.132243395 0.180336505 0.139678806 0.59621948
    0.0347382128 0.670265913 0.971672654 0.355290741 0.10107857
    0.0100120902 0.920076013 0.943002284 0.531112671 0.000503778458
    0.0740292668 0.38003546 0.44857958 0.804464519 0.0238008797
    0.827176452 0.330387622 0.943443179 0.797379971 0.786395431
    0.652682722 0.703147829 0.268413097 0.901855409 0.641093135
    0.984672546 0.0985989273 0.852719605 0.259788632 0.695572555
    0.399524093 0.269628048 0.209679991 0.539537907 0.839417517
    0.708676994 0.734155297 0.343919635 0.756114125 0.485829413
    0.248805791 0.431405336 0.137407511 0.211168319 0.864396274
    0.466386557 0.751673222 0.671445549 0.590151787 0.127258569
    0.724077404 0.79900527 0.0242955089 0.60130918 0.826739669
    0.984302163 0.326249629 0.126377344 0.419433981 0.732681334
    0.526755571 0.512803137 0.746912658 0.577056408 0.850524902
    0.0569777191 0.629878759 0.674424767 0.782278895 0.180319726
    0.856584013 0.316480756 0.819551587 0.450086892 0.0311200619
    0.347997844 0.727639377 0.64357549 0.185155064 0.51553309
    0.999659181 0.558452249 0.633141279 0.79493165 0.292534113
    0.997909963 0.0905759931 0.889307618 0.533775091 0.512153983
    0.812148809 0.901074886 0.691818357 0.10912478 0.00166872144
    0.163781822 0.170123607 0.0597472787 0.755809247 0.925511539
    0.532169819 0.537508845 0.940285325 0.158331066 0.371244371
    0.608315349 0.306878328 0.800407648 0.154253542 0.916317225
    0.676393747 0.447170228 0.0794148445 0.220458925 0.875775874
    0.325981736 0.461441606 0.575103104 0.556954026 0.972109675
    0.59550941 0.3985475 0.986866951 0.899812102 0.010248363 0.140141994
    0.50957638 0.965653896 0.66231823 0.0754597187 0.565268636
    0.992273569 0.665348172 0.520348191 0.531991065 0.63655138
    0.746599436 0.71332109 0.480255216 0.861101508 0.713524878
    0.121718526 0.525231123 0.568735898 0.372386694 0.383747816
    0.621505201 0.179348528 0.164126933 0.0370781124 0.0547881126
    0.222043842 0.367788583 0.540838838 0.52289325 0.739613652
    0.805192709 0.172090769 0.330538452 0.234620064 0.767804146
    0.702534258 0.961824894 0.680130661 0.597457409 0.128267199
    0.640497983 0.870644271 0.248311549 0.843880773 0.726749599
    0.965683877 0.57363373 0.695292115 0.99504447 0.932286799
    0.505856633 0.847702384 0.992546916 0.396373987 0.393552989
    0.952276528 0.45236209 0.310631514 0.778120875 0.761035681
    0.443636745 0.521422684 0.250437379 0.460823119 0.59164077
    0.735014796 0.266741395 0.994213462 0.65387702 0.92244935
    0.428031087 0.932746649 0.654958427 0.523806393 0.706788421
    0.212823689 0.845096409 0.808268666 0.273121893 0.526913881
    0.703279257 0.937045634 0.33787185 0.563554585 0.327640384
    0.235792875 0.581078172 0.285992086 0.655859351 0.959840536
    0.736400485 0.916432977 0.0285225511 0.546535909 0.76376307
    0.334411204 0.0292283893 0.0595830977 0.924412131 0.300905228
    0.15168491 0.566152692 0.486490011 0.391568154 0.15835166
    0.114782393 0.0508863032 0.280275583 0.0599470139 0.586867094
    0.367720783 0.547460973 0.83425504 0.607269228 0.64475894
    0.324930966 0.455073506 0.251526713 0.956619859 0.133100152
    0.00117212534 0.840960801 0.233628303 0.756745994 0.91002059
    0.479988158 0.111367524 0.274897695 0.290963978 0.385097682
    0.263528645 0.955189228 0.0691073835 0.201926917 0.585361183
    0.131328017 0.943821907 0.370828092 0.279300272 0.902322769
    0.032677561 0.435766459 0.291640878 0.738770425 0.865568757
    0.311137229 0.197132975 0.957307935 0.0397423804 0.397868603
    0.590091109 0.710597992 0.977460623 0.744869173 0.805872023
    0.105378538 0.5258075 0.470290065 0.0120063126 0.855708599
    0.30724898 0.743511915 0.458747089 0.503619671 0.437004983
    0.881323934 0.396912426 0.448451191 0.329654962 0.50046736
    0.625659883 0.0469348729 0.203469396 0.873862743 0.14822641
    0.757424235 0.780360222 0.377095103 0.380853236 0.883939147
    0.0156941712 0.132531106 0.0507108867 0.868616462 0.154768109
    0.495567799 0.987393618 0.531218767 0.99370575 0.44918561
    0.0461793244 0.75451386 0.500977457 0.0665613115 0.217145771
    0.466718733 0.238479227 0.451463133 0.512895405 0.299498618
    0.795578718 0.391799033 0.223473847 0.170372993 0.975678921
    0.449961632 0.0829453468 0.238722563 0.928589344 0.000720441341
    0.321824491 0.214141667 0.968379617 0.962599158 0.806285858
    0.527975619 0.53701818 0.257792532 0.197976917 0.896376371
    0.014439404 0.960523844 0.472700745 0.327883065 0.846683145
    0.196997106 0.606873751 0.169184148 0.832128525 0.529586017
    0.20297572 0.464252949 0.0548930764 0.818706393 0.911063433
    0.247558653 0.777089 0.0981261134 0.373614222 0.50174588 0.732910931
    0.953606248 0.36171025 0.236609578 0.20851779 0.917200804
    0.646988809 0.500985324 0.556635201 0.582403541 0.281248301
    0.790576339 0.758579969 0.429930001 0.639741004 0.0935734212
    0.619337916 0.943094969 0.903146207 0.760933876 0.381712914
    0.975385189 0.186418802 0.831000209 0.327730715 0.799695671
    0.74179405 0.286920905 0.813265562 0.386017263 0.153877854
    0.830091178 0.949033737 0.745131969 0.0130242407 0.507860124
    0.395838261 0.450107932 0.51065135 0.245757043 0.826185465
    0.592909753 0.447628617 0.567176938 0.522354901 0.489951581
    0.315009356 0.813278556 0.900602579 0.823911607 0.342731446
    0.902724385 0.910691738 0.205901295 0.269966483 0.920915008
    0.631998777 0.415148854 0.798436522 0.83720839 0.669371784
    0.729904473 0.0730766952 0.0471432209 0.56445545 0.348510087
    0.0407719612 0.538676858 0.71638906 0.332554758 0.108627826
    0.943383455 0.815270305 0.659861743 0.89896369 0.735628009
    0.0780670345 0.440699965 0.812688231 0.926602364 0.972857952
    0.235962808 0.585428536 0.653781414 0.790969133 0.352034032
    0.313317478 0.141363442 0.1826832 0.845239997 0.0474248827
    0.249371976 0.00384703279 0.694166601 0.676341891 0.902267814
    0.183811128 0.649818897 0.0493258536 0.0758007467 0.309542507
    0.608997703 0.613378882 0.711123824 0.124117523 0.524596334
    0.671692252 0.482122868 0.60852164 0.918941617 0.647422433
    0.495023698 0.779904127 0.202502549 0.88098371 0.633727551
    0.0380070508 0.433565587 0.062145561 0.193789274 0.813391328
    0.434681803 0.136209488 0.478328139 0.197952777 0.222562939
    0.170813262 0.968775928 0.302561462 0.118015736 0.802677631
    0.512372315 0.263214529 0.321569145 0.455130875 0.297504932
    0.116525561 0.516195714 0.739213586 0.448202491 0.80308187
    0.760336876 0.452363193 0.735478997 0.360030323 0.190939397
    0.489142746 0.690075636 0.746466935 0.00427043438 0.52394563
    0.903629482 0.208756179 0.97921133 0.0916517675 0.407349139
    0.0659984946 0.662217915 0.755767703 0.0179211497 0.330486059
    0.352176785 0.548230171 0.192220718 0.313802004 0.192454427
    0.0969592631 0.507498324 0.0621806383 0.799308896 0.567019761
    0.50579834 0.634660721 0.506637275 0.0766019225 0.449965477
    0.211898029 0.502237976 0.197704554 0.822322011 0.465305418
    0.406395286 0.428686798 0.0586686134 0.888157964 0.945183754
    0.13606891 0.271606565 0.800032377 0.103659779 0.522107005
    0.582524002 0.505320489 0.0885455608 0.536483228 0.426352203
    0.963887453 0.838057041 0.413688749 0.695282936 0.648880482
    0.344237804 0.995054722 0.483413309 0.569609165 0.693373561
    0.383315355 0.858230948 0.088152647 0.75828582 0.424593329
    0.0892192721 0.955436468 0.238689184 0.267291903 0.573414445
    0.806165874 0.0562260449 0.102535993 0.607539296 0.743119538
    0.582083464 0.576479912 0.10038808 0.511661768 0.762259483
    0.399413496 0.177161574 0.681938827 0.966158628 0.82019186
    0.78940028 0.666484237 0.0962291658 0.751114726 0.34681648
    0.803885043 0.89267087 0.915078938 0.126732558 0.288064152
    0.769948244 0.685040712 0.0615253747 0.591165125 0.641207814
    0.287993073 0.241516083 0.69127804 0.566459656 0.929049194
    0.592182279 0.380022615 0.774535894 0.312118918 0.101416111
    0.124788195 0.499906898 0.711639881 0.508672833 0.258527726
    0.677236378 0.411350965 0.52644676 0.118279368 0.903335452
    0.684240103 0.908061504 0.893398166 0.841662884 0.153207004
    0.0843681097 0.644222558 0.830750346 0.443584383 0.522973061
    0.524136066 0.593336105 0.39685151 0.995777905 0.452943057
    0.66824019 0.392625093 0.0515616834 0.524301708 0.779498577
    0.440530568 0.496068865 0.635187089 0.0690471828 0.0831446648
    0.376493275 0.30630073 0.372996449 0.703436852 0.180771172
    0.321840048 0.800988793 0.0399623513 0.0929764211 0.328541219
    0.927506268 0.0410113633 0.212477535 0.81034869 0.935152769
    0.521330118 0.499384403 0.134794623 0.503379583 0.255251497
    0.999230027 0.187570602 0.935882688 0.207622617 0.757081151
    0.289326131 0.00933375955 0.50751847 0.184498221 0.381189376
    0.699984312 0.946935296 0.375957251 0.310673594 0.000331938267
    0.744606614 0.280256599 0.0535102487 0.721877933 0.882909656
    0.0478624403 0.68274796 0.415976167 0.393935382 0.99642086
    0.605811954 0.351126373 0.451925188 0.903747201 0.826282024
    0.950664759 0.929851413 0.664360285 0.953260303 0.285524607
    0.414414644 0.313735247 0.69467783 0.227727383 0.355842173
    0.340604484 0.790082216 0.927371144 0.74816519 0.964793205
    0.75185132 0.968115091 0.704701781 0.45807144 0.467345655
    0.114921629 0.483846754 0.146693319 0.67198658 0.0568570793
    0.273344874 0.118050456 0.338017166 0.0978254676 0.543864667
    0.746183753 0.400444567 0.174383104 0.514871895 0.425115794
    0.810548365 0.860250711 0.631016076 0.672624528 0.250125349
    0.367168963 0.592647731 0.288818777 0.358874649 0.400026113
    0.487470031 0.625206769 0.166005284 0.184835494 0.244518161
    0.434690863 0.734657884 0.461349607 0.0650154948 0.486694068
    0.886039853 0.829556346 0.0793556869 0.963799715 0.722894788
    0.332318366 0.0813544691 0.151747346 0.506137371 0.855948567
    0.0396899581 0.289416403 0.12969166 0.275495112 0.0216906369
    0.0763852596 0.389226407 0.00883719325 0.95816654 0.211006492
    0.990193844 0.222445488 0.154608428 0.657059312 0.402299166
    0.0446024537 0.77257365 0.374456882 0.581465662 0.948260188
    0.546369195 0.4383367 0.916272044 0.265306264 0.340945601
    0.989107311 0.81608355 0.547845006 0.344906986 0.818599582
    0.0931905508 0.909271479 0.366613984 0.691144705 0.433402061
    0.512410939 0.413037509 0.349798113 0.57468909 0.491744608
    0.967761278 0.910987139 0.975221872 0.900000036 0.607233763
    0.291374117 0.901100874 0.569209814 0.630331635 0.775838077
    0.923317194 0.82268101 0.404810786 0.356642485 0.859940171
    0.0465151966 0.589178503 0.803051651 0.356651068 0.0237031281
    0.228595555 0.922108173 0.178376108 0.388931036 0.495005965
    0.652780056 0.76216346 0.100235432 0.543785512 0.290515661
    0.89074564 0.387847215 0.285527647 0.222767651 0.988103151
    0.72591418 0.280656755 0.99888128 0.0502547622 0.941342592
    0.823185563 0.820952356 0.236864299 0.519127071 0.00423929095
    0.657350302 0.216010243 0.282135785 0.723459542 0.306395859
    0.948215008 0.83265245 0.127690196 0.718051791 0.247288138
    0.259410292 0.80068171 0.561567664 0.0748640895 0.786412954
    0.414128155 0.443923086 0.529867411 0.0394453406 0.619396329
    0.818021536 0.145635694 0.430952907 0.136288434 0.702038467
    0.92073518 0.691689253 0.208841473 0.490739942 0.958074927
    0.170048505 0.271020889 0.382060736 0.218727082 0.216273159
    0.707854629 0.440306455 0.523437977 0.80673933 0.124961883
    0.310398251 0.521169305 0.49329263 0.983920753 0.643962204
    0.74261421 0.786561608 0.52253437 0.4828403 0.275863349 0.522535622
    0.219598025 0.417493075 0.760405779 0.640899181 0.869736969
    0.964978933 0.98552835 0.586682022 0.238537788 0.506562114
    0.370428324 0.047642678 0.113526165 0.75570941 0.60340488
    0.323943317 0.719810128 0.204719961 0.950115681 0.876024067
    0.121854931 0.842917562 0.0689460337 0.552531004 0.0389364064
    0.557218432 0.0357820988 0.426750004 0.0847415626 0.88405323
    0.0408024192 0.403778911 0.970418751 0.655159593 0.652393222
    0.172548532 0.392826557 0.68564266 0.166861087 0.56886059 0.80181092
    0.920763254 0.565132499 0.527169943 0.275426 0.612669647 0.893231034
    0.906829834 0.826630473 0.0652881563 0.7231462 0.465087205
    0.736925483 0.187786639 0.396930724 0.882824779 0.0557745397
    0.234808385 0.415575176 0.983835578 0.527118564 0.185403138
    0.419664502 0.0992983878 0.373058617 0.999616504 0.255599856
    0.152086705 0.324468255 0.516472697 0.800727963 0.954302669
    0.746058404 0.964078367 0.375530899 0.2089746 0.240130484
    0.513724744 0.299679875 0.065912962 0.852342129 0.506563962
    0.0660258234 0.49795261 0.637936115 0.255198091 0.305944979
    0.546932817 0.384019107 0.158445418 0.378762007 0.632034063
    0.957414031 0.591989517 0.256052494 0.736473978 0.257000029
    0.630106688 0.528751552 0.503255606 0.349074841 0.372258365
    0.775754333 0.846643806 0.0888932645 0.118958592 0.424149871
    0.774832547 0.931763649 0.273501456 0.877614737 0.633241057
    0.382495046 0.166855425 0.691187918 0.385892719 0.755768597
    0.861721635 0.215512544 0.916281641 0.945915699 0.601579249
    0.132024109 0.825457931 0.909569085 0.971954703 0.342224061
    0.158263713 0.817321181 0.102527499 0.0625465214 0.358633697
    0.296092391 0.883446932 0.791069567 0.63703084 0.066626519
    0.443562984 0.0438880026 0.714632034 0.498647183 0.547673702
    0.0839608014 0.201239794 0.299227595 0.844891429 0.441146493
    0.27624768 0.343089819 0.824627042 0.743945003 0.0850852728
    0.340126455 0.24916774 0.840988874 0.583916783 0.328580648
    0.86115396 0.343025088 0.523778141 0.066490978 0.522309124
    0.388904095 0.880796194 0.817642391 0.173285991 0.653174698
    0.749147356 0.674970508 0.331731558 0.699771643 0.474070877
    0.285859644 0.494321048 0.778405666 0.963404655 0.701022446
    0.896468997 0.460061967 0.486391068 0.872105658 0.514706135
    0.300986767 0.140861958 0.975290179 0.0282830894 0.244335502
    0.497460514 0.160286367 0.196114123 0.586180031 0.0255443156
    0.605852842 0.631386638 0.726775229 0.293664873 0.0336510539
    0.912880182 0.425747931 0.442849874 0.470278114 0.74100703
    0.0168005526 0.733145714 0.559717119 0.377729952 0.861628294
    0.13316685 0.705133557 0.632561147 0.0895515978 0.223685563
    0.371453911 0.884019136 0.082468003 0.291305006 0.505580008
    0.029582113 0.392974287 0.964704812 0.816243291 0.981020451
    0.689190149 0.476303816 0.781631589 0.00160503387 0.0380373299
    0.574293315 0.610596061 0.194650054 0.678110182 0.265155315
    0.26173088 0.489044726 0.632922053 0.247872174 0.0319593251
    0.555636346 0.941915631 0.0323411226 0.229986697 0.270653725
    0.404904008 0.802286267 0.103874207 0.76835084 0.306337327
    0.873285055 0.82270503 0.352406859 0.720147192 0.167195737
    0.810017705 0.848681092 0.351378739 0.50244379 0.343860179
    0.486235797 0.56612134 0.780005813 0.929117382 0.909932494
    0.993166745 0.174956769 0.769965291 0.0895543993 0.63096863
    0.435366362 0.94327414 0.0831683874 0.437244177 0.265751779
    0.567457378 0.815215409 0.800243139 0.890757501 0.669666648
    0.864628553 0.704418778 0.398899943 0.241208702 0.385208368
    0.321865857 0.969923019 0.974014044 0.335363746 0.417384893
    0.833713531 0.413305879 0.260468543 0.459723502 0.72238332
    0.540304303 0.796983838 0.577275515 0.976475596 0.845991552
    0.716783404 0.149748415 0.438839346 0.373697817 0.975639582
    0.379933298 0.0497736037 0.490150958 0.124965906 0.504084885
    0.186903477 0.713189006 0.304133356 0.435791224 0.49530524
    0.407948852 0.187701494 0.434787869 0.232685149 0.446256638
    0.603819609 0.3424052 0.849477649 0.229815841 0.758319318
    0.322281241 0.28508848 0.865026414 0.641061783 0.679799497
    0.439130634 0.205712229 0.530864 0.706255972 0.971496344 0.15706557
    0.649884105 0.843993306 0.53043282 0.148211539 0.494873464
    0.933612704 0.144718528 0.551909626 0.556093395 0.0843400657
    0.536771834 0.357138664 0.114880294 0.420670748 0.0676671565
    0.501302004 0.641173482 0.57838726 0.910950065 0.402314365
    0.821076095 0.553820074 0.901921988 0.0403659642 0.0598610342
    0.88123101 0.107231259 0.329342425 0.217001796 0.934574246
    0.575693429 0.0813607872 0.512747586 0.30157572 0.484710187
    0.738890767 0.509637058 0.87933588 0.669606805 0.742023587
    0.204307139 0.454004973 0.804851949 0.492292672 0.707306385
    0.140629739 0.306012988 0.98405093 0.47386238 0.802084208
    0.372628212 0.421495765 0.967043638 0.404524446 0.0649450421
    0.398458421 0.971170008 0.249678552 0.214167535 0.0534745753
    0.525447845 0.159612507 0.289370298 0.239684433 0.457557023
    0.0307992697 0.260121346 0.333626986 0.678496063 0.24506408
    0.606823742 0.173736632 0.342952251 0.859949887 0.182872981
    0.672679901 0.448226184 0.676344633 0.932472408 0.633684516
    0.619978845 0.814308524 0.694363534 0.973695517 0.622943938
    0.196506202 0.478134364 0.201830149 0.601662815 0.916695476
    0.957795501 0.778069437 0.732459605 0.14744994 0.525318682
    0.29643625 0.0844577551 0.394966543 0.30075413 0.926061273
    0.991756797 0.673834682 0.876987338 0.275331855 0.588640094
    0.831235409 0.518695235 0.050031811 0.370555401 0.164946705
    0.685676157 0.585065603 0.359332442 0.963002443 0.150161177
    0.675771415 0.0650840104 0.225682855 0.461666137 0.781790018
    0.787632167 0.978356957 0.213538975 0.612968743 0.283987701
    0.561428368 0.652472913 0.917515993 0.0787822604 0.11626485
    0.402441412 0.670363247 0.330032855 0.348780185 0.0177170634
    0.954054594 0.815612257 0.0621085465 0.981275797 0.267598212
    0.980368257 0.249950051 0.337588847 0.149091333 0.534546494
    0.511140823 0.0835797787 0.775693953 0.655367196 0.811764657
    0.829596698 0.637227535 0.345778823 0.168873489 0.213938415
    0.273142785 0.249594033 0.281354696 0.896951675 0.129839629
    0.66576004 0.843655586 0.620764494 0.696976602 0.120839804
    0.497133911 0.35035181 0.296043813 0.4723804 0.568576813 0.617567003
    0.816571236 0.482394159 0.328004777 0.0428004563 0.801692784
    0.475226223 0.563010871 0.260572374 0.596964002 0.0158859193
    0.702250481 0.89756912 0.141384125 0.57731694 0.274766743
    0.0568526089 0.894490242 0.210461885 0.773849607 0.43876341
    0.893566132 0.647503734 0.0857984424 0.961157084 0.759941697
    0.617993057 0.57693994 0.480778515 0.728064716 0.831452072
    0.275326282 0.240669757 0.300809473 0.739549339 0.878985465
    0.43627584 0.478139579 0.189954013 0.0153422952 0.207500905
    0.860732317 0.965566635 0.149783164 0.550594985 0.813169241
    0.205914199 0.843105793 0.505559385 0.98219943 0.372196257
    0.324097931 0.177897304 0.799672663 0.809669375 0.913492322
    0.409704685 0.116358817 0.616994202 0.0127826929 0.569465339
    0.00713825226 0.434613734 0.22610715 0.153694779 0.792976499
    0.0705354214 0.741782367 0.836620927 0.159989029 0.10536772
    0.626071572 0.324207485 0.368594944 0.303127825 0.432483673
    0.97826004 0.413548708 0.598179698 0.73774302 0.895198524
    0.490985394 0.865885854 0.905984521 0.238203973 0.377795219
    0.225718856 0.106995434 0.713525176 0.808834851 0.112822294
    0.435288906 0.923098862 0.790002227 0.933148444 0.139324248
    0.479711384 0.429988563 0.157339752 0.95553726 0.882277727
    0.0784175992 0.358045399 0.908047855 0.32711491 0.0175829232
    0.910716414 0.00342738628 0.405162305 0.208165884 0.279491127
    0.789003253 0.211542666 0.9143641 0.274318039 0.655102313
    0.814349055 0.369006336 0.930935442 0.470861167 0.862799764
    0.919353127 0.360022306 0.764217257 0.452485204 0.678123832
    0.309571624 0.995357096 0.580740929 0.463993222 0.663607359
    0.118302703 0.791989923 0.403598726 0.674237967 0.813820958
    0.75764066 0.0817475617 0.941565037 0.821270823 0.00617212057
    0.0984833837 0.737923741 0.451719731 0.997160316 0.3608796
    0.442053199 0.132043809 0.383072913 0.907487035 0.848237395
    0.247584641 0.490233988 0.77492702 0.96118623 0.691398025
    0.0828023851 0.0162953436 0.455745727 0.260684669 0.801678002
    0.824903131 0.097520411 0.0140484571 0.50761205 0.988096952
    0.369676083 0.766198158 0.965605378 0.724787652 0.73896277
    0.429959118 0.66659224 0.801547885 0.122172326 0.992592931
    0.781947613 0.426924765 0.757792592 0.245302767 0.368552089
    0.684502244 0.113851756 0.852841735 0.857414067 0.267477453
    0.0618498027 0.263471186 0.830079436 0.430547386 0.887175202
    0.910239577 0.461866349 0.785968661 0.530326843 0.394736648
    0.993979454 0.530152917 0.511119664 0.909682453 0.977178097
    0.0817447901 0.610540569 0.404766321 0.680551648 0.101788044
    0.476487041 0.865158916 0.434868634 0.999344468 0.852128386
    0.531270504 0.389971048 0.504908741 0.322914898 0.659522235
    0.488257825 0.0470554829 0.341807425 0.987852097 0.896945357
    0.504911184 0.0275736153 0.575903594 0.741461992 0.635027885
    0.85995698 0.78101635 0.535949469 0.343142629 0.212202013
    0.426239848 0.642187893 0.798013091 0.287011057 0.342014194
    0.373480499 0.235171109 0.947640777 0.00623333454 0.389527708
    0.129003882 0.834911108 0.528781116 0.0636862814 0.716404498
    0.458547652 0.29394424 0.35992378 0.925300598 0.0836058557
    0.230603695 0.282709897 0.70159924 0.585529387 0.872558713
    0.656190038 0.487933755 0.96570152 0.359239101 0.310189515
    0.968203306 0.792330265 0.112016559 0.809491158 0.423286796
    0.972462058 0.241877437 0.0348320007 0.145715982 0.680562496
    0.551292777 0.67582041 0.561391354 0.143949896 0.535565376
    0.973930478 0.832562625 0.435234219 0.532331884 0.33026427
    0.663008928 0.857741237 0.183713526 0.24435696 0.787307501
    0.66477114 0.952412426 0.40743947 0.388281465 0.621039331
    0.811813116 0.31513238 0.697518706 0.454512656 0.836471319
    0.761021912 0.178334832 0.280423492 0.768009186 0.778575897
    0.509051502 0.873262048 0.14160341 0.552314281 0.998765469
    0.187621504 0.266938627 0.0601071417 0.947708011 0.196106046
    0.981648088 0.392398477 0.201656193 0.0947412252 0.303302884
    0.774381459 0.909909487 0.236649096 0.688225567 0.910713613
    0.683216929 0.224203497 0.782372236 0.645191252 0.31231755
    0.693575561 0.664728761 0.847342134 0.0434803069 0.184051424
    0.461085916 0.883782387 0.654848576 0.507104933 0.835025787
    0.137308836 0.0566058755 0.556839526 0.66675657 0.175797939
    0.172201008 0.330474257 0.503612816 0.535217524 0.031581074
    0.865607679 0.676135659 0.384281367 0.292012632 0.336132616
    0.980563283 0.361398458 0.769294977 0.126856267 0.93033886
    0.289044976 0.619731247 0.868510604 0.593404412 0.0278398097
    0.738708854 0.104367942 0.469223022 0.343286186 0.109045267
    0.932703614 0.118601412 0.955507934 0.659675658 0.831221223
    0.963764787 0.932190299 0.934859097 0.963694453 0.343354315
    0.722150207 0.530296743 0.658407748 0.882189512 0.15390718
    0.647688806 0.665815234 0.29758212 0.757949233 0.527574897
    0.629978299 0.99379015 0.996162057 0.516707897 0.956187248
    0.455103278 0.178286016 0.711444736 0.115508854 0.0318286419
    0.369692743 0.954963624 0.138005763 0.718605399 0.195249468
    0.731342554 0.153035969 0.655967057 0.892362356 0.355374873
    0.184133381 0.947818756 0.274887323 0.351931751 0.0149261653
    0.89286685 0.579972088 0.42197454 0.688934445 0.284923375
    0.625361741 0.772119284 0.110525727 0.695814192 0.80438745
    0.0807123482 0.949908674 0.945523262 0.560515165 0.552585065
    0.849725723 0.964832187 0.362028599 0.613435805 0.598594248
    0.783857822 0.648867488 0.358060211 0.11085248 0.634435773
    0.721739173 0.629541218 0.253930986 0.0405372977 0.264152229
    0.943755746 0.0228467584 0.394803137 0.614358723 0.0604798794
    0.468280137 0.0743739009 0.970753133 0.126377136 0.813073575
    0.751965642 0.609523058 0.616944075 0.468551219 0.416541517
    0.50668174 0.155101478 0.514644504 0.403135002 0.462613732
    0.923378587 0.0682002902 0.932332993 0.832703769 0.450243294
    0.670460224 0.111207247 0.22722429 0.790143311 0.491383612
    0.921274781 0.537693501 0.248381764 0.140432894 0.75391233
    0.887528539 0.120906919 0.422538221 0.998021364 0.110120505
    0.904287934 0.828314543 0.588037968 0.0674466491 0.132217616
    0.156355143 0.632429361 0.46620506 0.842154026 0.248805344
    0.887615919 0.713496029 0.822101712 0.519369185 0.680912197
    0.492839545 0.666848004 0.910807014 0.629853725 0.391855538
    0.18595174 0.849594235 0.753468394 0.503607035 0.475482136
    0.760218382 0.983520567 0.875402451 0.914342403 0.0301254988
    0.686355948 0.297450006 0.720533729 0.104653835 0.119769156
    0.104560584 0.915629864 0.941568792 0.0809389055 0.804117441
    0.134117097 0.213336259 0.963017821 0.349584103 0.143616885
    0.568217814 0.82196641 0.916198313 0.259794891 0.756986022
    0.345424891 0.978437066 0.773770094 0.0614896715 0.635713577
    0.226151258 0.697510898 0.994544625 0.189420551 0.936186671
    0.333197296 0.473689675 0.737554312 0.369291723 0.689868689
    0.524514973 0.207913667 0.442835599 0.655490994 0.974476933
    0.144603819 0.469455302 0.389037311 0.28520444 0.917767704
    0.906837225 0.490870863 0.892917871 0.358087569 0.634798348
    0.902905405 0.320942461 0.696938157 0.789112031 0.917367101
    0.239836156 0.346981108 0.710484743 0.0796295702 0.320608377
    0.950291216 0.459577024 0.236558259 0.0839265883 0.925709188
    0.81890595 0.0417669713 0.176350921 0.359821379 0.913132429
    0.755668163 0.131015569 0.133456141 0.625550032 0.810662627
    0.654105484 0.510796547 0.548041105 0.881850898 0.855976224
    0.0787470937 0.879478097 0.979988217 0.301075637 0.0765578151
    0.387015194 0.540330887 0.421065331 0.019454062 0.12108314
    0.808534145 0.705713153 0.51764971 0.71854645 0.495713651
    0.0284394026 0.728961468 0.156620741 0.477597982 0.995009184
    0.896782756 0.0744509697 0.0832553506 0.757525206 0.48793745
    0.810487747 0.654013157 0.998813629 0.353724599 0.150822967
    0.121084541 0.63150692 0.434309304 0.00617107749 0.207788587
    0.736179054 0.244525373 0.930206954 0.334232926 0.513329744
    0.297503233 0.721208453 0.0245408416 0.0306347609 0.269482553
    0.448239237 0.631976008 0.918115854 0.140989214 0.725141168
    0.72730279 0.391045481 0.173538655 0.139775813 0.205319881
    0.775896668 0.758782923 0.359190702 0.388083011 0.900303841
    0.233805031 0.842553377 0.910140276 0.879107237 0.394741982
    0.280194879 0.593846619 0.804648757 0.784164429 0.619476378
    0.52656424 0.587745786 0.862540364 0.0958310366 0.336407393
    0.127417624 0.392230392 0.129293144 0.372248709 0.813349366
    0.478208899 0.397717506 0.0950959027 0.837163091 0.720046759
    0.78963685 0.252249151 0.226965785 0.0924551189 0.562503457
    0.45427826 0.967396855 0.925708294 0.140573233 0.848858774
    0.360372603 0.0223256052 0.622519672 0.609817743 0.620087981
    0.943877995 0.415765464 0.058103025 0.714161873 0.954891503
    0.174865782 0.612454295 0.775682032 0.525433719 0.296700239
    0.636116028 0.376490206 0.0283017755 0.649883568 0.642098069
    0.0269499123 0.618488312 0.370562136 0.635652184 0.0990726948
    0.449592501 0.665251434 0.129237473 0.980287194 0.436930001
    0.0395416021 0.805637836 0.306281745 0.44177103 0.03765288
    0.493520558 0.0522736013 0.652464092 0.171921104 0.677726686
    0.0625818074 0.287910283 0.970429718 0.0395445228 0.607038975
    0.861990571 0.202992946 0.615636051 0.654558957 0.70858562
    0.00342530012 0.240818679 0.464835167 0.665281057 0.839625359
    0.137613118 0.873106718 0.66894275 0.108489454 0.151159972
    0.904323578 0.630381763 0.12727192 0.589327216 0.898683548
    0.929231107 0.576422989 0.48975578 0.985126257 0.510203063
    0.134614497 0.738191009 0.626961648 0.665757 0.396377832 0.37962237
    0.0384442806 0.371585697 0.0674514472 0.279146791 0.297890484
    0.82085669 0.0516321063 0.454549998 0.455118656 0.847801805
    0.554084897 0.974133968 0.146264315 0.281892061 0.351200879
    0.856001735 0.600325525 0.407167256 0.627984762 0.605132937
    0.398536384 0.482758582 0.5983634 0.679096937 0.274336696
    0.504022777 0.0864494741 0.470296413 0.531923056 0.255116999
    0.214118987 0.930261493 0.590078413 0.242077112 0.837836742
    0.808044195 0.725213885 0.90779382 0.147868544 0.957463503
    0.545095086 0.856819749 0.831394494 0.275018394 0.63150537
    0.814077437 0.678518116 0.627630591 0.416525185 0.966593504
    0.153889179 0.408414572 0.0644535124 0.40808174 0.684705853
    0.880568147 0.19318068 0.92238313 0.131759584 0.900977969
    0.876593173 0.476963818 0.725436091 0.746230364 0.267505765
    0.71446681 0.14588654 0.890841722 0.0806362629 0.418243945
    0.799598455 0.497334838 0.47358489 0.364928424 0.337994367
    0.991721272 0.467111558 0.618148327 0.336868495 0.166501522
    0.158677906 0.49609226 0.665946662 0.449298292 0.491087794
    0.545607626 0.683473706 0.0994419754 0.0473412275 0.436547875
    0.496479601 0.784962773 0.0503945947 0.526307881 0.424055666
    0.85914433 0.757267952 0.248192608 0.609948516 0.624859214
    0.588394165 0.1900298 0.527345598 0.54228431 0.709046364 0.579446793
    0.857555866 0.871543825 0.101633877 0.201835483 0.335974872
    0.152999908 0.441952765 0.262517273 0.829617858 0.669261634
    0.208464086 0.0320290327 0.393589646 0.997818112 0.420010179
    0.0241942406 0.704367638 0.350167096 0.564891577 0.851083994
    0.126189828 0.0243847668 0.707022548 0.961446524 0.458856106
    0.677289486 0.373051703 0.381015122 0.436339676 0.149217337
    0.643914044 0.474698961 0.217610598 0.960571647 0.942735136
    0.257829785 0.979782343 0.195482999 0.88822031 0.190441608
    0.308823854 0.0732090771 0.539161146 0.567141056 0.586547911
    0.811827123 0.921090901 0.382792294 0.251954615 0.990341187
    0.340962112 0.215524882 0.364695728 0.345777214 0.70311749
    0.18547523 0.522782147 0.287988424 0.0846988261 0.520896614
    0.813482881 0.65182364 0.120836645 0.87470758 0.280429602
    0.0347823799 0.11253193 0.265104711 0.83044219 0.29538992
    0.163024127 0.416095555 0.234370261 0.865812063 0.695561886
    0.819323897 0.817307174 0.703808904 0.828715026 0.625435114
    0.825940251 0.25436154 0.442736268 0.764028251 0.253544152
    0.97513032 0.328236252 0.881186008 0.731896937 0.763043642
    0.860316157 0.789649129 0.243479848 0.0152236223 0.701877296
    0.00629505515 0.122857809 0.166397303 0.621524096 0.548199177
    0.939087868 0.390583307 0.480953276 0.856887341 0.551891029
    0.329728395 0.0437693894 0.325271696 0.668798327 0.0274268687
    0.707441986 0.69298625 0.430493593 0.410547078 0.3215186 0.507191479
    0.427209288 0.249962538 0.674421549 0.951683164 0.064224124
    0.844821811 0.644594252 0.271354347 0.916805148 0.74476707
    0.868952334 0.0488365591 0.759696603 0.188670814 0.694576085
    0.236132592 0.618319929 0.81416434 0.735673904 0.560143411
    0.948739409 0.116203129 0.457435071 0.374533474 0.961055875
    0.521862507 0.618589044 0.606375992 0.403641939 0.552935719
    0.934327722 0.897494793 0.364117444 0.290807217 0.875542641
    0.0597216785 0.185717255 0.722794414 0.610367537 0.595251203
    0.421043009 0.313700795 0.979111314 0.288993895 0.739444613
    0.884832025 0.520777106 0.325128913 0.843586206 0.953129888
    0.606805265 0.159379333 0.706017852 0.0693670511 0.983779192
    0.381055713 0.251206994 0.9747352 0.532697022 0.406901777
    0.0623278022 0.0680351257 0.0768478513 0.975178719 0.183844
    0.335226297 0.825505376 0.0823787451 0.142630637 0.0995485187
    0.995622218 0.662733972 0.14715603 0.00280889869 0.0889653563
    0.932301402 0.56364584 0.169636756 0.977852404 0.637551785
    0.644928932 0.704688907 0.999785066 0.802028298 0.504028082
    0.662614584 0.505721986 0.424935639 0.205021441 0.929626346
    0.861810207 0.570686579 0.703775167 0.779598296 0.281636566
    0.334790945 0.841629744 0.731843054 0.376991808 0.84005481
    0.184946001 0.169742405 0.340344846 0.890971422 0.638327897
    0.413631678 0.540310383 0.0607913733 0.592674792 0.70786953
    0.79673171 0.335134149 0.959005356 0.401882708 0.228654265
    0.574071229 0.521496773 0.0630534887 0.254147649 0.44507587
    0.511690319 0.2463817 0.394795537 0.200925618 0.960065246 0.6118806
    0.335965037 0.905784369 0.990302145 0.943149686 0.865059972
    0.167987019 0.54507792 0.297831535 0.227705985 0.201294005
    0.727520525 0.988991261 0.228553116 0.685227811 0.89164865
    0.320290148 0.383800775 0.992625713 0.304558218 0.334140182
    0.206669629 0.615440428 0.13975656 0.898362279 0.98734498
    0.0302483439 0.889286339 0.505596161 0.0415079594 0.663554072
    0.109512866 0.584436893 0.341321677 0.802366674 0.610413909
    0.18928197 0.277822018 0.358697593 0.393617809 0.0663462579
    0.997917414 0.426846534 0.954753458 0.412198871 0.613477826
    0.483295023 0.553651392 0.155811429 0.963304877 0.511045516
    0.64225018 0.566874683 0.230769664 0.842643142 0.318422496
    0.184429586 0.203168005 0.570058942 0.905248165 0.216605484
    0.197902739 0.982597828 0.615215242 0.409674704 0.192303687
    0.0582026541 0.219089836 0.3415218 0.690240979 0.917741299
    0.521763206 0.12794596 0.769023657 0.166728735 0.266848266
    0.702336848 0.0113759637 0.200630128 0.176817507 0.18750447
    0.935472608 0.474079549 0.632461727 0.646427989 0.963316381
    0.290706456 0.759269655 0.133675009 0.652861953 0.0442894101
    0.654164135 0.353023618 0.102671653 0.323788643 0.276062012
    0.0596118271 0.54031527 0.199457079 0.00436604023 0.817420125
    0.974194944 0.24526006 0.865947187 0.301128834 0.922451973
    0.368917346 0.116616517 0.796020925 0.104850709 0.546981096
    0.959681034 0.186001271 0.948639512 0.886595488 0.0862781703
    0.495820463 0.577659249 0.219446272 0.493998319 0.359742135
    0.453649312 0.224869549 0.6320948 0.575891256 0.954320908
    0.842243791 0.397896588 0.527305961 0.0542675257 0.843774438
    0.445257306 0.580331206 0.046764195 0.658835888 0.625993133
    0.0417267382 0.249604195 0.305211753 0.113541782 0.0280580223
    0.239015788 0.269487441 0.286360025 0.304353088 0.999960184
    0.214323997 0.958054781 0.1220119 0.41476953 0.757868409 0.399012119
    0.163787037 0.887090325 0.852777362 0.473096758 0.85788846
    0.402789891 0.225278258 0.2586146 0.862035036 0.671944261
    0.954349399 0.408353865 0.807097316 0.187351763 0.969427228
    0.840837955 0.0989855528 0.893034279 0.821778059 0.253727257
    0.670915961 0.47227487 0.213725656 0.19767499 0.0635941327
    0.143805563 0.0844087899 0.414851308 0.467036039 0.311637044
    0.982317209 0.60297358 0.448191017 0.430970758 0.315491617
    0.31156525 0.533279002 0.682199836 0.362994671 0.341628462
    0.525866508 0.339770526 0.135163873 0.807790577 0.572865963
    0.779885411 0.0172241628 0.166230559 0.357668281 0.0331871212
    0.228219479 0.940316081 0.868171871 0.0983690619 0.0026088655
    0.292704552 0.741842031 0.781498611 0.943270862 0.771598518
    0.79339385 0.0672574937 0.982289374 0.795708656 0.502967596
    0.968103886 0.943904102 0.235168308 0.37749666 0.148525029
    0.77763778 0.308006525 0.0863118172 0.314747691 0.529580295
    0.840337515 0.32959193 0.158030093 0.619566798 0.0556069314
    0.351632059 0.265804112 0.520875931 0.495475322 0.818580508
    0.822577715 0.685692847 0.187443018 0.875004649 0.564926863
    0.308232844 0.642422616 0.814505517 0.502111435 0.688754141
    0.810517073 0.122630298 0.778879464 0.0860553086 0.50554955
    0.301738918 0.994832695 0.388251096 0.459873497 0.701263428
    0.444781542 0.423357248 0.0758873224 0.13542816 0.21900323
    0.678011298 0.876861334 0.386905968 0.33870396 0.689589858
    0.74257642 0.334451437 0.413912833 0.137695998 0.905069709
    0.801845551 0.347538739 0.50975287 0.657517791 0.809281111
    0.934786916 0.389237404 0.615876496 0.0100468099 0.499098957
    0.950327635 0.801504731 0.979905963 0.227782279 0.585090518
    0.38389796 0.907403231 0.199644089 0.673825145 0.821838975
    0.762324512 0.990633249 0.489212304 0.752990842 0.706543088
    0.144284397 0.872665942 0.24568224 0.129509002 0.992756784
    0.42282784 0.591938436 0.751510739 0.281642079 0.363762975
    0.823476911 0.829154491 0.398135126 0.583105087 0.681597769
    0.992158711 0.488631696 0.0484777987 0.0566017628 0.114746392
    0.0340889394 0.497386485 0.583120465 0.173396617 0.768592417
    0.428150624 0.656132996 0.188543677 0.664067626 0.31565994
    0.985339522 0.147477925 0.899941087 0.922576785 0.348221421
    0.329381287 0.372988939 0.800805688 0.9336344 0.117355525
    0.516072154 0.270555496 0.962452412 0.381431371 0.155837297
    0.499785632 0.624048054 0.221930385 0.240363151 0.294535995
    0.307213664 0.736988723 0.262377501 0.787572861 0.139350861
    0.0449077785 0.178190887 0.438973099 0.0557701588 0.000444680452
    0.0239126384 0.427947342 0.267291069 0.200959116 0.171441913
    0.738896728 0.211285651 0.829767346 0.429804206 0.35113889
    0.340191573 0.380319238 0.977884769 0.803487003 0.241594732
    0.511570096 0.810874701 0.732690692 0.200274229 0.457318604
    0.664901853 0.32995066 0.291247845 0.597237051 0.082387954
    0.116344422 0.74525255 0.534356773 0.992256284 0.796978116
    0.396210551 0.602864385 0.663882911 0.511442721 0.451955676
    0.709816754 0.939458668 0.292813152 0.421840549 0.130289584
    0.677754104 0.950110435 0.818041563 0.872915149 0.74439466
    0.00254246593 0.328161061 0.402021497 0.922147274 0.531142175
    0.972704649 0.338937819 0.461852819 0.843943357 0.0421733558
    0.0381787717 0.0880337954 0.481694728 0.646812141 0.573227704
    0.6970402 0.846618056 0.804955125 0.296183825 0.262733996
    0.434162021 0.908210456 0.987737536 0.70086509 0.213339329
    0.688885808 0.247597724 0.0194444656 0.605280042 0.687504768
    0.743070185 0.0693458021 0.838719606 0.617540956 0.931721687
    0.448358148 0.30529809 0.478881359 0.475128084 0.811996222
    0.604116261 0.329813778 0.454080731 0.693703294 0.17537567
    0.16274792 0.80812192 0.85325706 0.509621084 0.273389161 0.831756949
    0.459627509 0.507237852 0.866692305 0.25853157 0.0548321307
    0.412854075 0.81294781 0.917067289 0.626270056 0.789281249
    0.373375416 0.656145811 0.608750284 0.355922371 0.982366443
    0.442836285 0.617341816 0.0290932655 0.862073541 0.458740264
    0.571317971 0.435915858 0.314686239 0.618827879 0.312971562
    0.302857876 0.4608455 0.55757302 0.209270775 0.523474395 0.507944345
    0.486773908 0.891559362 0.0938076675 0.588321865 0.84504354
    0.938463569 0.717596829 0.216216266 0.275968343 0.268719614
    0.494658351 0.989238858 0.248272866 0.354109347 0.380624294
    0.0835195482 0.110532999 0.690114975 0.651193202 0.477153867
    0.570669532 0.39661926 0.152767748 0.989236951 0.960422635
    0.409373045 0.913798809 0.453871429 0.310640275 0.847075164
    0.16466713 0.576978505 0.63660568 0.597271919 0.960693359
    0.738543391 0.175064772 0.092402935 0.524050236 0.47323963
    0.471511185 0.884898782 0.39682281 0.995486617 0.227752298
    0.26821655 0.750165105 0.335492611 0.434074491 0.461053491
    0.581882119 0.956616819 0.522102475 0.0479190946 0.164576441
    0.645104468 0.505231023 0.947750807 0.827400327 0.289172739
    0.501413882 0.428128123 0.805707335 0.722934246 0.668206275
    0.827112198 0.0337859392 0.123605192 0.367303967 0.172072649
    0.965775609 0.369002908 0.142650902 0.291304082 0.39295271
    0.0693602264 0.571020365 0.0406120718 0.615360618 0.589763284
    0.181031287 0.275156438 0.272241861 0.638763487 0.157982022
    0.256921232 0.15665561 0.0524578691 0.8874017 0.805864573 0.26335901
    0.102103889 0.767250299 0.70755434 0.565051317 0.657158852
    0.182146341 0.499928355 0.81219703 0.260199249 0.709716916
    0.864444733 0.824041367 0.00990128517 0.748140335 0.280081332
    0.640755415 0.752813697 0.967530608 0.326607585 0.163639277
    0.430129886 0.619386017 0.180854797 0.993495584 0.260290086
    0.90305078 0.230349153 0.679663956 0.744900107 0.388132244
    0.796702802 0.726694703 0.517042041 0.285131395 0.662575662
    0.791111469 0.971660614 0.42465508 0.847163677 0.576931179
    0.550680697 0.646049023 0.614976168 0.398047119 0.512799382
    0.685203493 0.596031547 0.954797268 0.840459228 0.805514932
    0.826336503 0.444901854 0.881025076 0.281338155 0.222174466
    0.728568852 0.704355359 0.0279239118 0.520402908 0.668134928
    0.643917203 0.162866741 0.194749832 0.12966463 0.863892555
    0.935008407 0.847748578 0.272268802 0.112128466 0.0617036223
    0.286941826 0.610207081 0.407381177 0.020581156 0.284769446
    0.11546728 0.0360771716 0.825991273 0.0519863665 0.220776618
    0.584983289 0.999675035 0.00419560075 0.778316259 0.0759975612
    0.789752066 0.642447233 0.514014721 0.648696005 0.556539953
    0.870540619 0.462732136 0.000964999199 0.641837001 0.704230309
    0.167107224 0.556117833 0.591284573 0.139478058 0.911786318
    0.301002234 0.448298961 0.186676353 0.159033209 0.336109817
    0.718084335 0.457339674 0.484075069 0.02108109 0.0865646005
    0.461615592 0.0405990183 0.921055675 0.298380643 0.562868237
    0.574405074 0.499976397 0.612101495 0.152423501 0.76203537
    0.360544801 0.872531056 0.461805075 0.272730261 0.573721409
    0.523441255 0.707136929 0.262202501 0.0926044881 0.672094882
    0.722936451 0.852773309 0.597907424 0.981046677 0.0838622153
    0.446268499 0.00677251816 0.192104191 0.720364511 0.748503447
    0.501618266 0.154576004 0.170778573 0.888273716 0.719710588
    0.220048934 0.801499426 0.0532033741 0.462782711 0.785717487
    0.36748603 0.457282007 0.130043715 0.0697595179 0.386470526
    0.041356653 0.0633948743 0.824859977 0.269016504 0.102998674
    0.0311359465 0.483336449 0.0441131294 0.834691405 0.168232143
    0.609355569 0.491576612 0.066883117 0.875828028 0.978808999
    0.346439093 0.738467753 0.612307787 0.738156915 0.970948935
    0.998955309 0.517556071 0.467744946 0.391745061 0.485287905
    0.34311986 0.0927850008 0.318038285 0.15206936 0.875725389
    0.231421947 0.200764447 0.884134293 0.165271819 0.351981848
    0.958702922 0.105579466 0.0778060853 0.511693418 0.493146956
    0.676112771 0.0363124907 0.519721091 0.475143313 0.264746428
    0.920805097 0.257362217 0.438994795 0.563579559 0.0530541837
    0.0522105098 0.257278621 0.662513673 0.373397171 0.39422226
    0.0708418489 0.504214108 0.334993601 0.880730033 0.467606604
    0.357626081 0.0790149271 0.826770306 0.289195955 0.457076848
    0.0723795593 0.402552694 0.29995504 0.843401372 0.321036935
    0.609250546 0.544171751 0.749489665 0.806851506 0.513068557
    0.148531079 0.827693105 0.0808566809 0.0923565626 0.370068729
    0.451543242 0.482807994 0.186827153 0.783807755 0.50432837
    0.202567816 0.105252534 0.746804714 0.0417989492 0.825366318
    0.801004767 0.130637228 0.0183688998 0.488526314 0.216130048
    0.893918991 0.770490825 0.315410882 0.259209216 0.359408587
    0.840559185 0.310270548 0.297497213 0.335167974 0.141453475
    0.150607824 0.640025973 0.408070087 0.38250342 0.191910744
    0.210254401 0.0282449722 0.188038409 0.835350513 0.867937207
    0.723591924 0.801080525 0.675287724 0.591967344 0.540979445
    0.23140341 0.235072434 0.142107069 0.953152537 0.47069791
    0.118300825 0.775083065 0.0180248618 0.150907069 0.532222807
    0.181057274 0.7807796 0.844257236 0.0528224111 0.210317403
    0.428785443 0.56523478 0.759851396 0.601068377 0.332413942
    0.242046356 0.492705286 0.206922382 0.85719043 0.628620982
    0.826190829 0.974745631 0.181546807 0.33324334 0.985788107
    0.977957606 0.932270825 0.43398422 0.31391564 0.0598020554
    0.776653647 0.862956524 0.176019669 0.665580988 0.416897357
    0.687413394 0.947021604 0.652827859 0.110113055 0.406279743
    0.738630176 0.667082071 0.311491966 0.231269002 0.633053005
    0.562722027 0.460723758 0.500383496 0.0657372773 0.502539515
    0.536744177 0.719884276 0.920853972 0.732118189 0.850579143
    0.372442067 0.381913006 0.142307967 0.0720438957 0.0437274873
    0.735218644 0.757052124 0.669564962 0.228047967 0.0451853573
    0.875336885 0.244615704 0.400657475 0.375205427 0.826341867
    0.246829897 0.261965811 0.0125720799 0.526355505 0.554853737
    0.0350236595 0.986376703 0.633724391 0.377867401 0.123093814
    0.64536798 0.0626552999 0.217672735 0.902498245 0.735565126
    0.64694351 0.904149115 0.129821122 0.456951112 0.776183844
    0.901619792 0.319437504 0.0679790974 0.424085855 0.161724538
    0.190178066 0.152749062 0.255738825 0.895056367 0.00321209431
    0.709063649 0.863475084 0.179494619 0.0961767435 0.902645409
    0.928133965 0.128967881 0.350233257 0.0886878371 0.572564125
    0.0858723223 0.734944582 0.615785539 0.739029825 0.606631815
    0.757761121 0.657869816 0.194733083 0.184763938 0.992331386
    0.315759033 0.85607028 0.617167294 0.17193085 0.488968611
    0.352963954 0.634997845 0.872017562 0.516308069 0.235467672
    0.530512631 0.375044286 0.523291469 0.586024225 0.557006359
    0.134258926 0.269520938 0.882521093 0.625179291 0.918678999
    0.655529141 0.722727716 0.30149433 0.309201598 0.894850671
    0.0528388619 0.0532591045 0.127641529 0.549875617 0.993119597
    0.756960034 0.882119417 0.60645026 0.477807581 0.255879104
    0.0703580678 0.776536584 0.483519644 0.327230334 0.882283688
    0.502179325 0.659412086 0.272484273 0.353890896 0.388146907
    0.84383142 0.996852338 0.789548159 0.326077104 0.123815328
    0.703183115 0.188958615 0.563746691 0.0922436118 0.354379475
    0.617956877 0.767649293 0.855790436 0.788980126 0.245421231
    0.181890398 0.310897171 0.305157125 0.877630115 0.395273209
    0.302289337 0.153025746 0.108765841 0.340852588 0.871713281
    0.209053755 0.480116546 0.986040235 0.732987881 0.0852531493
    0.163798094 0.151496232 0.425694138 0.48397094 0.54431349 0.2509166
    0.926124215 0.390000463 0.263888419 0.988044024 0.745315671
    0.620261669 0.989152551 0.0157713294 0.607773066 0.613577843
    0.609657466 0.344749749 0.788823485 0.432338923 0.502644956
    0.784298062 0.185074925 0.928146124 0.576472223 0.616061568
    0.69819665 0.0401715934 0.271764278 0.596566558 0.877029002
    0.610721409 0.954524755 0.498631865 0.721198559 0.358748853
    0.341215134 0.931073964 0.636926293 0.836704493 0.902985513
    0.388657242 0.158038646 0.693348646 0.155560851 0.896952271
    0.786064982 0.143763721 0.207241625 0.238108337 0.296245009
    0.729472339 0.910358727 0.877590239 0.272524059 0.992523074
    0.489124477 0.575127304 0.715067208 0.599967241 0.277103394
    0.176564336 0.651752174 0.655801952 0.0546422601 0.174941152
    0.169057578 0.290351838 0.0752965808 0.0858148932 0.108642071
    0.336612225 0.336467028 0.0284424722 0.811385572 0.878699124
    0.588387966 0.290922105 0.83812201 0.108096808 0.279402673
    0.0644980669 0.426918834 0.454322398 0.792383611 0.101682186
    0.384938419 0.815291286 0.0969184339 0.198576361 0.115498275
    0.736691594 0.160723418 0.0830312371 0.999929726 0.41233328
    0.52262789 0.369874269 0.510488868 0.775527477 0.965591013
    0.246073574 0.0234428346 0.952278376 0.137282163 0.186724305
    0.509204209 0.573076129 0.725812852 0.16507414 0.652523279
    0.815919459 0.742671609 0.184914321 0.353473186 0.0580109954
    0.534720719 0.838356197 0.515531778 0.0653069615 0.721196353
    0.261019379 0.603905201 0.148803651 0.15205577 0.378814518
    0.916559219 0.0162317455 0.828828454 0.457097381 0.379438221
    0.0921671391 0.377349615 0.292205334 0.530099332 0.687306702
    0.267865121 0.89296329 0.629779875 0.468864411 0.893910289
    0.774398267 0.486925364 0.404343873 0.904080153 0.297830194
    0.33850345 0.388228059 0.153047442 0.411825985 0.727865219
    0.271024704 0.0429159701 0.0294895768 0.32629931 0.0644110143
    0.118555188 0.277555138 0.550031722 0.855490804 0.322697461
    0.706956148 0.902649999 0.128418684 0.0730559826 0.241453081
    0.189027578 0.079469651 0.127424598 0.902878404 0.575706661
    0.505455434 0.62929523 0.151557922 0.543246686 0.59704572
    0.270548344 0.14734906 0.822957754 0.188679338 0.19438231
    0.756252766 0.604418159 0.551000714 0.152611881 0.682239532
    0.686115324 0.685017705 0.887903333 0.868987679 0.52951932
    0.592720628 0.177613616 0.159697354 0.174140811 0.252420187
    0.618419409 0.811437726 0.259908438 0.402088404 0.855105102
    0.867600501 0.291500419 0.616526783 0.981286824 0.15990746
    0.460157812 0.0413836241 0.0845817029 0.828181744 0.339266181
    0.65334934 0.758049071 0.758961678 0.969074845 0.703988433
    0.214283258 0.188785672 0.300449193 0.133870304 0.00241848826
    0.0535775125 0.633063316 0.892292142 0.348347485 0.0740298629
    0.860284448 0.757048726 0.37119329 0.141524464 0.535963118
    0.30141893 0.423285872 0.85387826 0.0993554592 0.420300722
    0.616818905 0.436429083 0.603632808 0.885337234 0.300750822
    0.751690626 0.779857397 0.54375422 0.108363509 0.749620616
    0.766695499 0.991163015 0.425715864 0.791814983 0.590121865
    0.0957003534 0.652592063 0.241847277 0.165994018 0.0466971993
    0.948396206 0.846341252 0.569587588 0.0758633912 0.289131045
    0.938358724 0.400456786 0.968342602 0.346298337 0.919010162
    0.108568281 0.0322513282 0.982370436 0.232639313 0.841583014
    0.44925794 0.609552026 0.961576819 0.515008211 0.917941928
    0.486657321 0.395782918 0.588233888 0.098238796 0.832756996
    0.903388739 0.979519129 0.426909178 0.382379144 0.80241096
    0.88992393 0.157243669 0.536219835 0.992845893 0.776002884
    0.656983495 0.599788487 0.747004747 0.606092215 0.77444464
    0.359962255 0.220923543 0.198255986 0.659879446 0.0236772895
    0.398535877 0.573342144 0.0125705898 0.00157186389 0.892442644
    0.302580237 0.224594295 0.652190506 0.89145869 0.168554842
    0.833629251 0.455604374 0.00816851854 0.721131206 0.362071514
    0.59212482 0.317384839 0.750035226 0.672257423 0.155241936
    0.914714336 0.810721397 0.0703383684 0.93470943 0.510999501
    0.0375241935 0.922300696 0.0303446054 0.0110600293 0.513876498
    0.205909401 0.590393901 0.657836616 0.722791731 0.320978284
    0.183452964 0.623570561 0.928501964 0.174389869 0.889175177
    0.922008514 0.884681523 0.763811111 0.323435783 0.00426441431
    0.771844923 0.723347783 0.581861436 0.0208353698 0.853208005
    0.0897554755 0.311207443 0.820635676 0.612888336 0.249280304
    0.827932775 0.830410123 0.388107657 0.3488985 0.175546914
    0.985473037 0.46770668 0.308398664 0.660378814 0.807153463
    0.582770944 0.123917252 0.296030104 0.699340522 0.878127337
    0.444886565 0.601602614 0.283355176 0.693960428 0.539702058
    0.487658024 0.524351656 0.0284610987 0.157485098 0.593141496
    0.790782511 0.315294385 0.668758631 0.0772188306 0.287626445
    0.890442371 0.784960747 0.855766058 0.837496281 0.5687747
    0.991834521 0.898076653 0.261674672 0.581701338 0.204043806
    0.197432637 0.262130231 0.740707517 0.78169775 0.342444479
    0.678166568 0.767242432 0.488796979 0.226296395 0.625885546
    0.668378174 0.827060521 0.209033012 0.997742653 0.1015912
    0.159520209 0.946583807 0.394935042 0.0971868336 0.211022049
    0.143576711 0.00234648585 0.804776907 0.986548543 0.713148654
    0.0566566885 0.594822586 0.505531073 0.248871505 0.494215488
    0.598203897 0.649082541 0.293816209 0.505521119 0.915121675
    0.432810247 0.530437827 0.881408155 0.960992396 0.0994477868
    0.973415375 0.879411638 0.341395766 0.921947241 0.814249516
    0.463259041 0.742660999 0.796860933 0.180445611 0.568815053
    0.0108547509 0.19235307 0.629142165 0.174738199 0.843229771
    0.492989242 0.0771310925 0.462308586 0.721077561 0.384619832
    0.056230396 0.708352447 0.370632529 0.628784716 0.76546818
    0.894370019 0.748275697 0.357127815 0.862199068 0.903795958
    0.736046791 0.547272682 0.612994909 0.242290467 0.284502447
    0.546074569 0.611454248 0.183588624 0.363304734 0.504806459
    0.650532186 0.327431619 0.8111974 0.0867473781 0.0239090025
    0.165471286 0.672916174 0.724789977 0.0801122785 0.988593578
    0.305867344 0.994912982 0.249922484 0.0746551752 0.327974439
    0.64609617 0.31176877 0.634139538 0.901272774 0.206297368
    0.869045854 0.837168396 0.900409818 0.0630024672 0.490706205
    0.45759064 0.409948468 0.501041591 0.126426786 0.27941227
    0.127033591 0.504024625 0.949800491 0.378297627 0.0991572142
    0.789065897 0.510415912 0.77642858 0.0427478254 0.238626242
    0.153660089 0.244116455 0.399580598 0.288806111 0.402181387
    0.751195073 0.145791978 0.708170474 0.821012497 0.567070186
    0.306813091 0.273587048 0.863939345 0.173261464 0.988319337
    0.103845119 0.542153835 0.53269428 0.597591698 0.687202513
    0.796384931 0.627600849 0.826534033 0.468500733 0.535652459
    0.375958443 0.741478086 0.112113893 0.311736107 0.761917055
    0.322670877 0.458281994 0.852275133 0.186060488 0.44634372
    0.189666927 0.516320944 0.148637265 0.877860785 0.531270921
    0.117208332 0.332318664 0.913731515 0.527644396 0.912392616
    0.647572517 0.0804446936 0.653193355 0.250320315 0.202937156
    0.476887941 0.628128171 0.92443049 0.237029582 0.896267712
    0.302391291 0.622053087 0.567825913 0.281258166 0.663545847
    0.443726927 0.022916019 0.536706686 0.330900341 0.892131448
    0.424169004 0.398126423 0.25003469 0.1284329 0.646737754 0.311182022
    0.000830948353 0.511511803 0.54087621 0.424049735 0.44922471
    0.253739089 0.459898204 0.628378034 0.869309068 0.307940006
    0.726265848 0.0361492932 0.778707623 0.887201905 0.905007601
    0.798828244 0.025644511 0.00372329354 0.297222674 0.843978286
    0.0678837597 0.889266551 0.94490242 0.991468668 0.345739782
    0.816994786 0.213827819 0.259310722 0.718843937 0.769038856
    0.00280150771 0.0495656133 0.0456769168 0.579284251 0.965249538
    0.558540404 0.659443796 0.810050368 0.470457137 0.385595083
    0.0664258897 0.609343469 0.797270179 0.0416226387 0.822874963
    0.800130963 0.811451256 0.397510856 0.304939806 0.467795074
    0.543810785 0.0567449927 0.286985099 0.668096304 0.183532894
    0.936535299 0.263435781 0.843857288 0.763771415 0.679097056
    0.471696764 0.851170421 0.972837567 0.996724248 0.482471615
    0.811113954 0.436722249 0.485656142 0.302863359 0.741068304
    0.483209193 0.126226783 0.848950684 0.0335229635 0.105347961
    0.725216866 0.879170597 0.181910068 0.0570493042 0.93044883
    0.995955944 0.0502723753 0.712764859 0.153467178 0.783997893
    0.605701506 0.635961771 0.389289081 0.151020288 0.277107298
    0.534043312 0.506237507 0.112162322 0.23303932 0.554859638
    0.781628191 0.146663517 0.369578987 0.753169775 0.109281451
    0.25420928 0.545057416 0.778036118 0.287109137 0.605867863
    0.584977806 0.107587427 0.212527424 0.998466313 0.40201214
    0.243932247 0.325079888 0.311713099 0.636514902 0.784769773
    0.501206577 0.528000951 0.470616847 0.0521149039 0.110822082
    0.149403125 0.6889745 0.435415804 0.902650356 0.774690211 0.17367664
    0.656065941 0.235442787 0.109268159 0.141908973 0.369626999
    0.557085097 0.497771084 0.912737012 0.307042003 0.656121969
    0.899454653 0.801201582 0.00205278397 0.185983837 0.351292491
    0.0922398269 0.547910452 0.817399681 0.480591923 0.590965927
    0.189729095 0.301551759 0.785691142 0.0153440535 0.362756908
    0.513564408 0.601492763 0.587370217 0.684124053 0.482509196
    0.0784888268 0.461969912 0.437300146 0.465920419 0.911922216
    0.819764137 0.926908255 0.754314184 0.155618757 0.683989525
    0.0101155043 0.141184568 0.370582014 0.354046762 0.150621623
    0.863903046 0.354111552 0.928351343 0.458271503 0.0737872124
    0.995341659 0.377831399 0.890077949 0.741122246 0.224648386
    0.113405377 0.155223131 0.52529639 0.0913895071 0.838439643
    0.36784938 0.362523228 0.966707587 0.409768462 0.499620527
    0.823504329 0.975638747 0.469444394 0.730447769 0.887982965
    0.80412513 0.770920753 0.024599582 0.0928680003 0.586431682
    0.219404399 0.196622819 0.647062659 0.401081294 0.632454336
    0.0267097652 0.706567883 0.776106 0.0091792047 0.849031627
    0.349260688 0.285605907 0.349900126 0.801721334 0.70624423 0.7318573
    0.116458178 0.837615848 0.395335495 0.403684914 0.901081681
    0.674103975 0.438012451 0.826860428 0.561788976 0.608903348
    0.899993002 0.670560956 0.938496709 0.336554825 0.303932577
    0.892770708 0.0817433596 0.465038866 0.823461652 0.72218895
    0.450561464 0.823023915 0.236045003 0.0684091449 0.904565811
    0.0623208284 0.7921592 0.097848922 0.537939429 0.0666463375
    0.46147269 0.872902274 0.880325556 0.591847181 0.722281694
    0.650702238 0.836161852 0.565311432 0.847422957 0.881104469
    0.115419835 0.430619866 0.221898526 0.0726672411 0.422230005
    0.705757976 0.00819993019 0.178981513 0.669269979 0.846546292
    0.940869987 0.426434875 0.268641055 0.626994491 0.82312727
    0.569110572 0.805922389 0.884586692 0.501763105 0.451798558
    0.772144914 0.356463194 0.056350857 0.240763396 0.348412216
    0.310273886 0.231222183 0.835343003 0.104596049 0.632328868
    0.52741003 0.237145782 0.852422476 0.294695258 0.594727397
    0.01174137 0.494102031 0.840889931 0.401510179 0.583077252
    0.836697102 0.840248704 0.146243662 0.297710419 0.0124897063
    0.279438198 0.605579436 0.0220959485 0.0792929828 0.489055365
    0.652827501 0.273237407 0.990338445 0.761128068 0.0374385417
    0.507932246 0.327021539 0.847252846 0.290956438 0.375829726
    0.742037773 0.668379486 0.47718513 0.0927466154 0.898929238
    0.498650163 0.712294042 0.0937567651 0.171823621 0.904803395
    0.814506471 0.689946771 0.165335655 0.0747128427 0.773471117
    0.0155901015 0.827600777 0.89837712 0.583880246 0.539149821
    0.017404139 0.0302223563 0.568993628 0.446061313 0.377055615
    0.232370764 0.641476631 0.791211009 0.0025947392 0.615299106
    0.0219008029 0.946202219 0.943743646 0.931902587 0.969870567
    0.153724641 0.23186183 0.279520154 0.51406002 0.206659764 0.38666296
    0.719494104 0.190128893 0.298399508 0.463977993 0.914099813
    0.786095917 0.51862675 0.747076392 0.357198 0.326371014 0.09955585
    0.90309006 0.306052864 0.0683162808 0.840522885 0.840889156
    0.334875613 0.317444921 0.572242498 0.262923032 0.194994122
    0.640632808 0.167194456 0.743183017 0.884645224 0.951726139
    0.878771544 0.803435683 0.83914721 0.224804372 0.584334612
    0.440533072 0.130182713 0.890254498 0.0266783237 0.345609307
    0.0255640149 0.143439502 0.0781348646 0.611948967 0.362506986
    0.427566111 0.184809893 0.757481098 0.724138677 0.219925374
    0.612214804 0.486377686 0.552799344 0.128330618 0.0508797169
    0.813269258 0.172182143 0.0668618679 0.569483876 0.455729246
    0.575942457 0.29560104 0.570295811 0.342414558 0.174805641
    0.640691578 0.953671098 0.390602469 0.192275524 0.378804386
    0.802819014 0.0519570112 0.0422163308 0.279216886 0.125084698
    0.777571678 0.148281753 0.534309626 0.37747407 0.446914881
    0.503446281 0.41856879 0.896929026 0.414605856 0.799396992
    0.198684126 0.586278141 0.887970924 0.317010999 0.664898217
    0.84305191 0.783311725 0.241712987 0.711311519 0.657448888
    0.865579128 0.863971829 0.513675332 0.15291667 0.712137699
    0.74357307 0.557620049 0.811468601 0.819709241 0.177663475
    0.168255568 0.433725625 0.703620374 0.00902846456 0.857658982
    0.0410556197 0.354826331 0.864086032 0.42416209 0.314975619
    0.362808108 0.97930944 0.222104162 0.477812856 0.583564222
    0.632618785 0.0698839724 0.812429905 0.724980116 0.195038766
    0.364456028 0.249429286 0.234042078 0.269450217 0.803649545
    0.166364789 0.758280754 0.607432306 0.747063339 0.128314018
    0.673618495 0.398435324 0.464408427 0.879057646 0.930903912
    0.652000189 0.0665742159 0.243951142 0.399058044 0.0197642744
    0.0646201074 0.510372579 0.127011865 0.0217387378 0.96091795
    0.306697607 0.980783761 0.73976779 0.557662964 0.235435992
    0.240453005 0.724868715 0.444745511 0.920459628 0.947461724
    0.0747592747 0.597877622 0.516294003 0.624370158 0.35507372
    0.688185632 0.706265569 0.626395524 0.18498984 0.348551065
    0.992060184 0.514607131 0.570086896 0.0607721508 0.0421609282
    0.318642318 0.0295453072 0.559229016 0.388808012 0.624642968
    0.791923642 0.560554504 0.826921463 0.987846613 0.589047551
    0.392652065 0.347121626 0.858590186 0.245051384 0.466233253
    0.492807597 0.1037983 0.294065833 0.130048186 0.693838 0.84472692
    0.126597673 0.58630836 0.991059601 0.560651898 0.237805575
    0.142842561 0.338516295 0.596804082 0.373001158 0.122644007
    0.152341008 0.812102914 0.50132215 0.570355177 0.33547762
    0.439966947 0.714269698 0.331420243 0.252876639 0.445242196
    0.238132894 0.600849867 0.0494621098 0.66159451 0.157182992
    0.132485926 0.47373572 0.967835665 0.934136391 0.909844697
    0.216020823 0.264218062 0.441528499 0.371124506 0.0704810023
    0.482018501 0.0742090046 0.923035324 0.0373853147 0.250205994
    0.607268333 0.0345504582 0.211197138 0.120265156 0.622988403
    0.569420874 0.399700165 0.207637489 0.801927447 0.273458719
    0.0688713193 0.931655407 0.0338233113 0.928873897 0.87214148
    0.121106654 0.102911651 0.23103717 0.70438391 0.752557874
    0.250823259 0.316116333 0.314138472 0.615333915 0.136622071
    0.0299950838 0.20347181 0.369961798 0.870123982 0.792964458
    0.534415126 0.807178736 0.322660565 0.486152738 0.597556114
    0.0911116004 0.693286538 0.692609489 0.186647981 0.627497673
    0.446697146 0.457604438 0.294145495 0.911984861 0.221124709
    0.0382647514 0.523245931 0.0582985282 0.964680076 0.946285367
    0.480883718 0.83644551 0.754672945 0.0361219645 0.885033369
    0.491258919 0.751156926 0.492448509 0.443048358 0.212913603
    0.283131391 0.591344655 0.0372730494 0.957614541 0.109091848
    0.0922750533 0.464546919 0.861357033 0.364482433 0.827499747
    0.941966176 0.110229969 0.425704509 0.981460333 0.0564160645
    0.788568139 0.14185226 0.281484425 0.248436123 0.435834348
    0.220762014 0.173527271 0.499068081 0.364960313 0.315887421
    0.256352067 0.717977762 0.0263790488 0.771649897 0.79332298
    0.69528532 0.860651374 0.740800619 0.0907683969 0.605319262
    0.832818389 0.638872504 0.538779557 0.976292729 0.611534894
    0.152048945 0.234501988 0.603421509 0.083337456 0.984927893
    0.146662593 0.576095581 0.849453866 0.416446447 0.85394454
    0.917309344 0.586808383 0.821699977 0.623216152 0.196108162
    0.639991403 0.148814917 0.834309459 0.955593467 0.453521341
    0.891986489 0.762143135 0.44399482 0.616990089 0.00549542904
    0.236219913 0.62948072 0.0118355453 0.257121295 0.829126477
    0.622003198 0.656231403 0.625899076 0.533215404 0.883364201
    0.346654445 0.758131385 0.192700863 0.918122828 0.0159048438
    0.264866948 0.796933234 0.273256183 0.732636154 0.849182725
    0.0658484399 0.95714879 0.776891053 0.610598624 0.460081697
    0.801024437 0.21417594 0.410911679 0.348603964 0.871035278
    0.617228448 0.832122445 0.0730849206 0.589631915 0.690901637
    0.305615842 0.998314619 0.33897835 0.0713795125 0.334633946
    0.503485441 0.863016129 0.637888908 0.837848306 0.959362864
    0.17737779 0.805622399 0.977814734 0.313029647 0.0651478171
    0.0561733544 0.925127029 0.402002364 0.140972465 0.679279983
    0.557422996 0.714865923 0.388542086 0.813465118 0.220386326
    0.338526785 0.221526504 0.404884905 0.459824145 0.882178307
    0.589293361 0.84103018 0.199152619 0.287544966 0.258814186
    0.239624918 0.195035309 0.320063353 0.781362653 0.411554992
    0.905338168 0.584342539 0.242562771 0.470288485 0.629381478
    0.58153522 0.0293293297 0.526049674 0.988890946 0.0381410122
    0.210905135 0.652108014 0.162628144 0.0702958107 0.578197598
    0.721955895 0.896945894 0.173351645 0.0107015073 0.884722352
    0.244569182 0.851254642 0.584783316 0.716037869 0.306439757
    0.120378852 0.567577899 0.0562699437 0.685804725 0.292382389
    0.250920653 0.36420691 0.743494272 0.945022464 0.552788436
    0.142917663 0.412902772 0.794607759 0.927357435 0.043002516
    0.278538138 0.705323815 0.645393133 0.757162929 0.334333658
    0.00856268406 0.469416052 0.662819743 0.453903019 0.478922516
    0.197453469 0.886259437 0.63558954 0.577645481 0.0384400785
    0.83491683 0.610055506 0.796144009 0.344515324 0.533674896
    0.461758286 0.997528434 0.457086146 0.779980659 0.788330317
    0.5652439 0.26194188 0.634736717 0.0902998447 0.444557458
    0.292467952 0.879202724 0.399032533 0.905118942 0.399280369
    0.5013147 0.733552933 0.662680686 0.717215598 0.174569428
    0.956305563 0.680416942 0.688011587 0.50111568 0.987345576
    0.781960011 0.556936562 0.442750543 0.145514667 0.760739923
    0.96874398 0.250545651 0.88166672 0.466140807 0.529751599
    0.543253183 0.348407745 0.00495165586 0.288312078 0.74440521
    0.14326188 0.851842821 0.398108125 0.166843712 0.506194234
    0.114004821 0.893547773 0.106543422 0.132726341 0.835764885
    0.380011469 0.617097199 0.798725486 0.726080716 0.0869861841
    0.0319002271 0.868347824 0.51138401 0.273476779 0.781816125
    0.0587882102 0.927491426 0.700495899 0.0651302934 0.1212385
    0.900725126 0.952754617 0.59260422 0.228180647 0.168157041
    0.343785703 0.719101369 0.591250956 0.376447797 0.782911241
    0.524479806 0.632496357 0.678257585 0.35260579 0.44483763
    0.990014911 0.924436271 0.905127883 0.049518317 0.993231475
    0.907148719 0.305340201 0.461675078 0.635050893 0.528221071
    0.462461203 0.301769286 0.168345064 0.271696448 0.61329639
    0.696092486 0.41941756 0.16149196 0.424081624 0.30839166 0.734467387
    0.0842516124 0.506904542 0.046459198 0.410656393 0.995388389
    0.336257577 0.310204983 0.897246361 0.252864242 0.794928491
    0.859271824 0.714985192 0.897860646 0.0698272288 0.227244943
    0.363440394 0.487716556 0.562070012 0.892198324 0.6677472
    0.939136744 0.389833719 0.751692295 0.258098364 0.379367709
    0.829769731 0.926296592 0.872804642 0.606731772 0.180910915
    0.222431332 0.442522198 0.428878367 0.474107146 0.9337219
    0.705928445 0.198828071 0.129858315 0.643217206 0.0110981762
    0.696499169 0.636480391 0.613599122 0.666403532 0.215053499
    0.526689768 0.382422745 0.781275928 0.452401698 0.194452435
    0.015735805 0.504837751 0.791288376 0.345509827 0.575564384
    0.141219527 0.321584761 0.997351825 0.879622281 0.341327846
    0.807243228 0.31787473 0.842827201 0.735148013 0.757342279
    0.94990617 0.748012483 0.685959339 0.40053758 0.0486224294
    0.967658162 0.457803249 0.200502515 0.427595407 0.817068458
    0.908315897 0.00750443339 0.0467793941 0.149770439 0.129081607
    0.965150595 0.00220417976 0.745438933 0.744299948 0.557102144
    0.552315712 0.891962528 0.164660603 0.748021603 0.259623587
    0.49337256 0.526292682 0.289057881 0.378818393 0.386665493
    0.620294213 0.529511213 0.525868952 0.493406206 0.91886878
    0.601802111 0.507756293 0.580373168 0.45154953 0.77811712
    0.354464293 0.684824824 0.622124314 0.554067731 0.626757145
    0.377861798 0.57092905 0.129426569 0.840203226 0.269931734
    0.396964133 0.167689323 0.914681971 0.768307209 0.23342219
    0.863999367 0.804288864 0.738812268 0.727136731 0.755224466
    0.471781492 0.562341213 0.0540470481 0.410937995 0.0862898827
    0.294598937 0.205359191 0.0680890679 0.47907114 0.377052337
    0.917317271 0.27180481 0.696727872 0.0706784129 0.896360219
    0.0908744633 0.492340028 0.920128107 0.513968706 0.645135045
    0.560558915 0.217989415 0.213337094 0.267889649 0.141093612
    0.775371671 0.0315506458 0.302477747 0.418382347 0.587388515
    0.491668373 0.687668562 0.990780473 0.879952431 0.695728421
    0.212009847 0.853130937 0.848038614 0.856271505 0.804763556
    0.384056032 0.649666548 0.66937685 0.442382276 0.246905386
    0.330577135 0.61045146 0.994117737 0.178849816 0.239998579
    0.717086732 0.86670959 0.295077264 0.508809984 0.504762053
    0.0823333263 0.763607562 0.127175122 0.57843858 0.658287168
    0.449321687 0.456629932 0.715902746 0.986847043 0.722149134
    0.453147531 0.961144567 0.333106518 0.454758197 0.976277411
    0.38077417 0.16706723 0.855926514 0.00486627221 0.144909799
    0.126111895 0.565151632 0.113974482 0.586681247 0.117285997
    0.135117471 0.102786809 0.576792121 0.620701432 0.112753749
    0.143080294 0.577679396 0.899641752 0.0163531303 0.482560337
    0.603455663 0.990885615 0.671644509 0.115517735 0.372233927
    0.577659786 0.507740259 0.346237957 0.22323069 0.173813969
    0.480681419 0.018271625 0.676767647 0.436207861 0.948479354
    0.268922925 0.814852655 0.465793878 0.824677765 0.546480119
    0.596531212 0.280726671 0.0388252735 0.270124286 0.0817347169
    0.141560227 0.092130661 0.218091816 0.538102329 0.432710707
    0.0299391747 0.480733782 0.764445722 0.00143435597 0.822854519
    0.593733072 0.127271473 0.696083307 0.93407023 0.533599794
    0.168994486 0.0953863561 0.406346112 0.00918802619 0.712045014
    0.700941384 0.0607133806 0.727060378 0.159296632 0.515006661
    0.487577051 0.885459542 0.391392142 0.217028052 0.884371459
    0.858784318 0.0956110656 0.455789059 0.618954062 0.114707261
    0.603460073 0.500026464 0.962226748 0.380859673 0.193355531
    0.636229277 0.11871928 0.881537497 0.956702471 0.315520585
    0.793996334 0.386373878 0.0415650606 0.266971588 0.634711742
    0.409262002 0.552829623 0.958004236 0.811694741 0.469128489
    0.751675904 0.212007731 0.208256274 0.40342024 0.0185037851
    0.143652707 0.693019032 0.761009574 0.0555402637 0.0883949399
    0.857483864 0.0442974269 0.823014498 0.602039278 0.419646442
    0.115619332 0.625441611 0.641527057 0.131372511 0.562181234
    0.967849374 0.512132525 0.156523734 0.0190432966 0.828706861
    0.161324739 0.830797553 0.352324069 0.680894136 0.671277404
    0.423586398 0.605825186 0.185897052 0.425285876 0.63929832
    0.792539835 0.560507715 0.73016572 0.434059054 0.139383316
    0.099044323 0.109723806 0.612489641 0.904983401 0.881016254
    0.566476822 0.0585426986 0.560604513 0.552152336 0.239761561
    0.235006481 0.23588264 0.506127536 0.595520616 0.129009724
    0.633731186 0.227671951 0.507311702 0.876552463 0.71248883
    0.602293968 0.149462759 0.0141274035 0.81358707 0.00282883644
    0.256248236 0.845621705 0.749347031 0.973497152 0.373721987
    0.930206478 0.813791633 0.517992914 0.744726658 0.880598783
    0.489385843 0.307220906 0.705110013 0.99738276 0.6050933 0.646539211
    0.150008202 0.133676112 0.823771477 0.510036945 0.29811728
    0.847872615 0.705280364 0.0279126167 0.871368289 0.10182488
    0.316665143 0.811349154 0.661583185 0.0690444112 0.109917998
    0.00850066543 0.347619534 0.73369348 0.155506164 0.849367261
    0.270196259 0.0929902196 0.177184075 0.188780338 0.498173177
    0.354264826 0.742773533 0.838904083 0.76403439 0.357012957
    0.53006345 0.539212525 0.716183066 0.221309602 0.341620862
    0.244801402 0.963933051 0.138365328 0.646523952 0.67727536
    0.326233506 0.367648005 0.181703836 0.908399701 0.343601763
    0.327333987 0.300020635 0.259057939 0.589969575 0.705457926
    0.364734501 0.827338576 0.935860872 0.631897271 0.793342352
    0.481613755 0.384042352 0.388496041 0.280392528 0.521387339
    0.749587715 0.245672524 0.135073125 0.676079869 0.466050506
    0.0877356231 0.645774603 0.128881425 0.288146734 0.130872726
    0.294123292 0.602556467 0.861591101 0.748159468 0.344243526
    0.650092244 0.935257792 0.523410201 0.330753982 0.795730531
    0.49591583 0.827917457 0.18883124 0.493661046 0.682647943
    0.213056237 0.762281895 0.941447496 0.331345111 0.429016292
    0.716529191 0.861633539 0.796701431 0.702254653 0.864620149
    0.339194983 0.256327301 0.0134656727 0.159630746 0.10443446
    0.0847449601 0.656702101 0.803386152 0.376879781 0.142888993
    0.417545348 0.743390977 0.80983001 0.36561048 0.644959152 0.73377049
    0.500203907 0.0268785059 0.910039425 0.65667367 0.191955954
    0.618935227 0.220682502 0.134903342 0.834960818 0.889636755
    0.135229081 0.825158477 0.6431669 0.701408625 0.366266251
    0.141897231 0.174442679 0.896731734 0.419063032 0.115856171
    0.664237857 0.100793391 0.189400911 0.877340674 0.699991524
    0.754995286 0.345133513 0.194900304 0.444378853 0.0229962766
    0.0565535128 0.744664788 0.93398571 0.0192870498 0.739842951
    0.428514987 0.117616802 0.340717077 0.0412540138 0.401012897
    0.766210854 0.708907366 0.0453612506 0.115405858 0.949829221
    0.983647525 0.276820421 0.528573573 0.783959627 0.458630949
    0.569758415 0.757682681 0.376294255 0.17581135 0.663553357
    0.0861249864 0.87553966 0.394148111 0.749847591 0.406725943
    0.657891154 0.892585874 0.632933617 0.283551455 0.144722641
    0.311108112 0.541086674 0.431334108 0.927246809 0.744907618
    0.973850369 0.741686881 0.200839132 0.780051351 0.897172928
    0.446516633 0.363616288 0.990262568 0.251300454 0.418407708
    0.0161409676 0.363862276 0.317484081 0.910749316 0.972187996
    0.712136269 0.598186672 0.331515998 0.281748414 0.53233248
    0.477115035 0.20000276 0.946905971 0.803606331 0.219524324
    0.374429703 0.804188907 0.513728976 0.0908276439 0.959370077
    0.868757427 0.950091481 0.386680514 0.207325488 0.15668425
    0.00749740005 0.888543725 0.238146544 0.33858794 0.0667933226
    0.923238099 0.59360081 0.607498407 0.364310235 0.492843807
    0.0622530282 0.622460783 0.226141214 0.994841039 0.373982102
    0.104632258 0.392976671 0.213558197 0.321208268 0.1622473
    0.587304771 0.601242542 0.78927052 0.172552496 0.204604238
    0.906368256 0.739621162 0.530033886 0.796010971 0.490165651
    0.882561445 0.590171218 0.656856179 0.925713778 0.927263975
    0.803752363 0.134136468 0.471948892 0.359276801 0.107083797
    0.82655251 0.998505831 0.644060135 0.357066154 0.522285759
    0.971590996 0.927747786 0.778213859 0.835190773 0.406025022
    0.817402959 0.325337648 0.846805453 0.218685925 0.0913947225
    0.510044515 0.880332232 0.0881904066 0.181886286 0.223763376
    0.191796988 0.22969839 0.668543279 0.581840217 0.728806317
    0.904990971 0.0486362576 0.689875722 0.402008772 0.0149038136
    0.695220888 0.475787133 0.0308220088 0.436933875 0.306003541
    0.509851933 0.833866239 0.95707655 0.213788211 0.527871907
    0.854605436 0.0425949097 0.113509953 0.00591608882 0.825023293
    0.675157964 0.398144782 0.393026888 0.984902978 0.00933131576
    0.423904032 0.328990281 0.281604081 0.165101618 0.00493004918
    0.201674908 0.0127239227 0.99794364 0.901748836 0.0548110902
    0.935535669 0.0994791389 0.764982581 0.0539212227 0.822510898
    0.926116288 0.644756436 0.175483942 0.375564724 0.959411502
    0.230323344 0.0974084437 0.00871732831 0.802164257 0.0580231547
    0.996044695 0.436490208 0.314226478 0.838273883 0.598179698
    0.0594257712 0.619330049 0.230132848 0.148940802 0.498346627
    0.0890134275 0.257652044 0.280432791 0.168471277 0.160845608
    0.364461184 0.664383948 0.283543259 0.161823988 0.27362591
    0.433656156 0.798920453 0.706969261 0.71374166 0.575420499
    0.176259607 0.726199508 0.599345684 0.142848074 0.198223174
    0.521232486 0.421819568 0.435770333 0.673140824 0.66292733
    0.00572058558 0.668423474 0.133572847 0.290318221 0.846595228
    0.309309602 0.231717914 0.496686518 0.873762727 0.828296185
    0.905102611 0.545821428 0.78771925 0.744655609 0.115497291
    0.484915674 0.510346651 0.495312184 0.114913374 0.670584798
    0.279075682 0.125305474 0.328852892 0.380392969 0.404978693
    0.61330241 0.834107995 0.467607379 0.288350284 0.392358422
    0.503545284 0.395250916 0.33327201 0.623452306 0.762294292
    0.836573839 0.0867640078 0.614827216 0.360762179 0.230284929
    0.146131098 0.950822055 0.883503318 0.570757449 0.674209893
    0.202564597 0.597161293 0.289142609 0.570749938 0.382143557
    0.343832582 0.758094192 0.926060081 0.82026577 0.0209329724
    0.326880932 0.00234094262 0.43912515 0.162788451 0.859220386
    0.361008078 0.0826963186 0.203336596 0.640356421 0.276657701
    0.748928189 0.348248243 0.00785291195 0.852226019 0.0928513408
    0.760783792 0.399864197 0.531530678 0.654896021 0.34391135
    0.353680879 0.989694238 0.874739468 0.808287024 0.98548466
    0.15361014 0.446449131 0.169380933 0.47746852 0.664306164
    0.176463544 0.296948791 0.235717356 0.836491704 0.38116473
    0.583518744 0.800676286 0.52617389 0.261104167 0.784266889
    0.182241857 0.865723014 0.665298343 0.673091173 0.695808172
    0.462278634 0.806672037 0.305664778 0.728702784 0.852184057
    0.689287424 0.775784433 0.529694438 0.267890573 0.223846495
    0.380628854 0.625100553 0.495903462 0.466120869 0.362091959
    0.426089913 0.271024913 0.283118129 0.434460044 0.224685431
    0.732799053 0.324090809 0.423311263 0.689357698 0.403278381
    0.247117877 0.578399181 0.293418825 0.109578639 0.820984125
    0.152249515 0.296544552 0.984971046 0.953187227 0.181480527
    0.371962965 0.120965064 0.795008481 0.896768153 0.704486132
    0.102546871 0.243713468 0.959060431 0.771783292 0.8989079
    0.723186255 0.30060631 0.489524692 0.237065136 0.472386628
    0.174123585 0.937907398 0.4550789 0.0731609762 0.623520613
    0.51095283 0.651762366 0.924833655 0.483230472 0.670453012
    0.999962211 0.437473357 0.165594548 0.122362316 0.739194512
    0.959180117 0.74252069 0.931149125 0.0722412169 0.957827032
    0.520926893 0.355316103 0.62354815 0.445260406 0.604290068
    0.0528340936 0.749785006 0.183385253 0.91089642 0.203751683
    0.885591865 0.437128842 0.777519941 0.254549265 0.650914431
    0.28023231 0.579774737 0.0973620415 0.861001015 0.1514633
    0.725334704 0.437571883 0.524071217 0.542280555 0.286451548
    0.188934237 0.101183295 0.495606899 0.484084815 0.93594557
    0.0238960981 0.895950019 0.483041435 0.300724804 0.734915912
    0.20999977 0.513845801 0.762471616 0.445909232 0.347029328
    0.553842247 0.186548948 0.733219981 0.210497946 0.569213748
    0.145813197 0.40652281 0.747895777 0.984446049 0.546226084
    0.0338006914 0.285535991 0.664601207 0.242585152 0.643577039
    0.93786788 0.595473766 0.720864117 0.384123206 0.192474276
    0.495137841 0.469956964 0.150395781 0.922885358 0.411050856
    0.800439239 0.146782368 0.322766781 0.984952867 0.156940579
    0.677581429 0.544571817 0.833803892 0.298778415 0.992467225
    0.964308023 0.972862303 0.494428396 0.0197579861 0.731950521
    0.254692793 0.748635173 0.0713198781 0.79113698 0.133644164
    0.488964349 0.916913033 0.788333058 0.91016829 0.561585188
    0.523321033 0.521752894 0.608318448 0.506644905 0.862952888
    0.962366402 0.657916188 0.575564086 0.0271150768 0.849027216
    0.527074933 0.566915214 0.884803414 0.894093633 0.449895173
    0.774215102 0.169634402 0.0395910442 0.297481805 0.370965242
    0.600868523 0.435028344 0.685756862 0.0139120221 0.76584506
    0.753572345 0.422477007 0.472641587 0.633573949 0.711439788
    0.974178731 0.399594188 0.75285244 0.740805209 0.868116021
    0.414521903 0.958628297 0.31154716 0.342610955 0.509711027
    0.652356207 0.419566661 0.594419181 0.0104814768 0.287585497
    0.688827991 0.65892148 0.353767306 0.110386372 0.753113747
    0.475334555 0.356899977 0.704248905 0.0829827785 0.40585506
    0.405138612 0.719187498 0.13575843 0.822607815 0.703334212
    0.787441254 0.492463201 0.753784776 0.591858327 0.111677587
    0.696959257 0.0586490333 0.262981296 0.851939321 0.474151552
    0.0828840733 0.573528647 0.0956840813 0.191759497 0.271125615
    0.384474218 0.327963412 0.806503534 0.287026048 0.654514909
    0.563274324 0.940566182 0.353494406 0.209357053 0.794997752
    0.990966082 0.268158317 0.85543108 0.736536503 0.608791351
    0.21673274 0.306099594 0.310386389 0.362867773 0.495655239
    0.182746649 0.309379607 0.431623697 0.722235262 0.61373347
    0.728020549 0.276460409 0.988286614 0.93501395 0.0838145912
    0.322331667 0.801315248 0.114276648 0.262384415 0.35813275
    0.949518085 0.535396874 0.474372149 0.494350135 0.853666425
    0.241451353 0.461959153 0.476000905 0.658138454 0.634157658
    0.778936982 0.884945869 0.572736025 0.888838649 0.14628458
    0.931961894 0.867665708 0.0655016601 0.925522089 0.110133469
    0.174592435 0.551451743 0.483044773 0.561327457 0.345462859
    0.148337811 0.684261143 0.852357686 0.885836124 0.748573303
    0.00183844566 0.9588027 0.980868459 0.339913428 0.843896508
    0.364317477 0.261664033 0.986415029 0.183290213 0.151877433
    0.883029342 0.628668785 0.46271646 0.341480196 0.918530226
    0.694875598 0.00275608897 0.666725338 0.620946288 0.14517799
    0.125576288 0.708984733 0.758146524 0.042711705 0.808894813
    0.129627645 0.488782912 0.445763499 0.597305894 0.909125447
    0.253578961 0.081195116 0.255597174 0.211438268 0.413517058
    0.315108985 0.884740353 0.77537477 0.0850491524 0.715671301
    0.174431682 0.103124738 0.199959725 0.875356913 0.705760241
    0.884872913 0.00599843264 0.941448033 0.58281064 0.433601141
    0.0122647285 0.76503557 0.0269259214 0.593515038 0.829126954
    0.625554025 0.767964482 0.40619114 0.161699504 0.996374846
    0.749057233 0.143208414 0.935060382 0.211165428 0.448024243
    0.220713884 0.456317365 0.689713955 0.309602141 0.690158367
    0.612117648 0.833471835 0.14204818 0.324351072 0.140001595
    0.277841449 0.154598832 0.421751261 0.505977094 0.154604554
    0.0489937067 0.696445584 0.986183167 0.214950055 0.330346406
    0.856374025 0.329361677 0.524850488 0.263284802 0.5331375
    0.823863089 0.952094913 0.750420034 0.0979533792 0.878741503
    0.728372753 0.839160919 0.342751235 0.30472523 0.372597575
    0.0349747539 0.226473778 0.117415577 0.0191167295 0.991515279
    0.497028619 0.315295517 0.877083004 0.637784541 0.658586979
    0.567509651 0.892135739 0.664870977 0.184057355 0.0933617353
    0.201424748 0.839869022 0.65664649 0.218717277 0.600780606
    0.889704704 0.481297642 0.274933577 0.283254325 0.547373116
    0.506742001 0.823239267 0.493590713 0.729640126 0.259786308
    0.345589161 0.894912839 0.944424391 0.539561689 0.983567655
    0.936908305 0.825002313 0.454631001 0.486902893 0.23104468
    0.39677155 0.362600029 0.246400207 0.736550093 0.655168355
    0.0960819423 0.853047132 0.365451396 0.068136096 0.35735929
    0.260398954 0.477419257 0.471792549 0.0433088541 0.191848755
    0.0982860029 0.885287225 0.18926841 0.123393178 0.908344507
    0.372258723 0.623356462 0.68092978 0.27041012 0.155910969 0.43320024
    0.845900297 0.468814641 0.564650893 0.412501633 0.976232767
    0.945578814 0.0793219209 0.475652516 0.217758089 0.509906769
    0.0300544798 0.393313885 0.421244621 0.0353530347 0.668282628
    0.0381509662 0.612760723 0.913349092 0.379446238 0.048114121
    0.0396111906 0.568627775 0.900817156 0.387171209 0.901873708
    0.828873813 0.710344732 0.345487118 0.25042823 0.919459581
    0.259874165 0.227503181 0.0829328895 0.818653107 0.52552712
    0.333348572 0.00900629163 0.360605478 0.144263655 0.732066095
    0.600585103 0.0918048918 0.650818706 0.680820227 0.349859118
    0.437738717 0.114082307 0.289662212 0.0811136365 0.723750591
    0.103941947 0.459966719 0.862763464 0.663790107 0.819247723
    0.344679475 0.670799673 0.331102014 0.311045587 0.136294246
    0.21043551 0.503031313 0.967128634 0.474752933 0.766949177
    0.465446889 0.983856559 0.669191241 0.238059223 0.325372696
    0.69703269 0.980744839 0.762678981 0.194547504 0.426899105
    0.927353382 0.239628583 0.0703668296 0.370019853 0.272348166
    0.244698584 0.0816872418 0.293225259 0.955407858 0.915905118
    0.332189709 0.84548676 0.94318527 0.424331486 0.632087111
    0.525444388 0.237148196 0.667873621 0.169225216 0.85516417
    0.0459219813 0.236891448 0.431165516 0.79575634 0.50674814
    0.960420847 0.903683543 0.667966843 0.314676762 0.746539414
    0.606747389 0.569580436 0.34157306 0.578715801 0.207684189
    0.0661970377 0.0300977826 0.0909790397 0.377383679 0.431894362
    0.887782693 0.626499057 0.722045839 0.973354816 0.102881581
    0.687865257 0.4026528 0.326719314 0.628909826 0.747201025
    0.086997956 0.469837129 0.186425567 0.686187565 0.0578393638
    0.362716317 0.420983374 0.512188673 0.538321435 0.339719713
    0.0337252319 0.374465913 0.679304123 0.125090361 0.686011493
    0.813550353 0.9782933 0.125672191 0.4563483 0.800364196 0.974202275
    0.925058126 0.60998714 0.423746198 0.132375032 0.850539684
    0.637450039 0.676761925 0.29750967 0.775113106 0.406665325
    0.960325003 0.84622097 0.703689575 0.696033478 0.313584328
    0.397391081 0.531847477 0.888211608 0.607889533 0.429780394
    0.520624101 0.950134277 0.649762094 0.581979692 0.437321961
    0.327512562 0.123865128 0.00315126777 0.158559263 0.662368119
    0.569113493 0.51012969 0.263265014 0.523989797 0.448364139
    0.944958687 0.543932736 0.120555192 0.578765869 0.250069082
    0.596962333 0.493381649 0.52032131 0.844135046 0.119890332
    0.991900563 0.806416869 0.279969156 0.280761749 0.358527303
    0.138490707 0.805649519 0.814347863 0.56690222 0.670018971
    0.720244229 0.485226214 0.541945159 0.158670694 0.716265261
    0.50884819 0.870240927 0.305965126 0.531001091 0.0203464925
    0.917672575 0.713400602 0.494259447 0.232701361 0.248157829
    0.89431119 0.0126110911 0.318801045 0.0990344584 0.576295853
    0.631484032 0.283292353 0.108692616 0.921079874 0.534645379
    0.127238661 0.273688912 0.938874125 0.850251675 0.807293653
    0.835621178 0.723463416 0.269218057 0.977369964 0.0434804559
    0.233317673 0.440056145 0.9723351 0.0103071332 0.168604285
    0.915242434 0.0908752978 0.279947937 0.681115329 0.852791786
    0.435355604 0.495298505 0.66975975 0.874037445 0.99343431
    0.883107662 0.218286514 0.136363268 0.483642727 0.768436074
    0.201945424 0.204752028 0.720638573 0.401820153 0.50082314
    0.313232899 0.570806265 0.153274119 0.534057319 0.210595727
    0.240254164 0.780794144 0.224421322 0.415564775 0.130089968
    0.230657101 0.000139296055 0.921234488 0.195843637 0.0258587897
    0.0144296587 0.0266322792 0.281368285 0.952309608 0.155335873
    0.440659523 0.433405697 0.251615047 0.827605963 0.215980381
    0.396479785 0.986568332 0.15666765 0.562897205 0.890121341
    0.658852458 0.399790615 0.522092998 0.683855772 0.134291947
    0.688147128 0.750673294 0.702852488 0.272188485 0.323260516
    0.53597486 0.257833332 0.893208504 0.0858537555 0.128911525
    0.664558649 0.0841034949 0.475218266 0.508393407 0.0478760004
    0.101941377 0.312606364 0.302037388 0.628367066 0.336608231
    0.465571404 0.871216178 0.846329093 0.706111729 0.952258945
    0.136617601 0.755393982 0.455736995 0.976486802 0.038944006
    0.720333457 0.929569125 0.75026238 0.340667486 0.952240825
    0.817165256 0.343838394 0.444561064 0.062851578 0.387436062
    0.774857402 0.693190575 0.95324856 0.595869124 0.976384997
    0.108793736 0.109250724 0.92842114 0.802847624 0.162768453
    0.0805644393 0.499648541 0.636341214 0.0531341434 0.103801906
    0.999221325 0.407861054 0.925295353 0.463321269 0.502678275
    0.407882839 0.852555752 0.25504458 0.172204077 0.494091064
    0.830855966 0.324541003 0.405495197 0.513754666 0.179017723
    0.82112658 0.662344217 0.00953420997 0.352094352 0.19233793
    0.279698372 0.452524006 0.0942790508 0.407022178 0.283742726
    0.491992295 0.0945906937 0.440869331 0.216526091 0.0292878747
    0.752196193 0.85401988 0.00492495298 0.85025239 0.539775968
    0.455392033 0.570624173 0.97908783 0.25432539 0.268755794
    0.160890281 0.192377061 0.224321306 0.607431412 0.847642064
    0.273225486 0.475227863 0.980814695 0.838137984 0.468339235
    0.659913599 0.342252731 0.407234877 0.438310862 0.353749901
    0.59580636 0.090302676 0.835599005 0.191014796 0.138973624
    0.0710885525 0.91128546 0.122957051 0.823061705 0.475950837
    0.140597582 0.288808256 0.307082236 0.336521506 0.522725403
    0.195050508 0.00506660342 0.704338253 0.866690576 0.69374609
    0.810098171 0.0782287121 0.870176196 0.109188259 0.510520816
    0.872932851 0.1941697 0.120018989 0.664187789 0.0560929775
    0.701577902 0.690243125 0.418928087 0.642808616 0.593974054
    0.354670227 0.346813262 0.442454129 0.421896636 0.299951494
    0.857786715 0.425803721 0.179291546 0.749196708 0.0203702748
    0.953924894 0.971216679 0.872320712 0.343567729 0.0619936883
    0.723202646 0.309192449 0.506402254 0.179391712 0.139479667
    0.37872979 0.299301565 0.443512231 0.737384021 0.238139033
    0.296608001 0.0986557603 0.00428169966 0.448824793 0.723526895
    0.957485259 0.353995383 0.801081896 0.408145487 0.424517959
    0.6242553 0.889044762 0.694108009 0.106765389 0.776622117
    0.471896499 0.246692538 0.40479359 0.364063829 0.787527859
    0.476569474 0.54384172 0.692694426 0.516079843 0.710950077
    0.504886568 0.801678419 0.162345201 0.228238791 0.0163589716
    0.249525666 0.212483257 0.386945575 0.408974051 0.94994247
    0.599301517 0.400678694 0.503792644 0.596528351 0.322007209
    0.824930668 0.353637874 0.747262597 0.71645546 0.426653981
    0.945385695 0.216114998 0.151135832 0.0914043188 0.700612366
    0.561662138 0.705577314 0.467721313 0.278907895 0.588830471
    0.503268301 0.174135864 0.549182117 0.0938590169 0.142696321
    0.36636579 0.284098029 0.878676653 0.641151011 0.295769483
    0.455344558 0.753925681 0.168552399 0.0948834419 0.0566508174
    0.907683253 0.406990051 0.0986305475 0.0399739742 0.0892000794
    0.0669805706 0.382325292 0.59154886 0.24905169 0.209908009
    0.338706404 0.366927564 0.815196395 0.89368248 0.827298582
    0.301851571 0.584387898 0.66344291 0.0370590985 0.886109948
    0.667826116 0.157887757 0.181038827 0.419314235 0.257129967
    0.340300888 0.426280051 0.897088408 0.0009521842 0.494861275
    0.4887079 0.916541815 0.48703295 0.378298461 0.507878065 0.949374199
    0.296665579 0.913516641 0.27017647 0.979963183 0.47120589
    0.175926924 0.529177308 0.281811744 0.651534975 0.424799889
    0.637420118 0.816143394 0.103018373 0.393799961 0.590034664
    0.648708761 0.405741066 0.864144742 0.245966762 0.397330374
    0.311570138 0.582468092 0.774488091 0.567860901 0.985839546
    0.825319171 0.523143411 0.67110312 0.936574042 0.678801179
    0.805434346 0.332954466 0.995937586 0.572603583 0.848517179
    0.965234876 0.844225943 0.424120516 0.925031662 0.164898574
    0.254071772 0.708779693 0.729994416 0.990115345 0.960415959
    0.374305069 0.384980261 0.956906736 0.92331326 0.780808926
    0.690510392 0.183726341 0.922913969 0.111391246 0.827895761
    0.327021241 0.134152979 0.596230149 0.564651728 0.392197579
    0.214466423 0.746214986 0.794405222 0.160110474 0.680680156
    0.00768300891 0.285786599 0.783867419 0.0302387476 0.343714178
    0.126957327 0.907239079 0.924608529 0.402543128 0.718221962
    0.938132286 0.439835787 0.351762235 0.168052495 0.225079864
    0.756724656 0.591596007 0.676281869 0.949127078 0.406590849
    0.320701569 0.429334223 0.0999902189 0.999499261 0.769467711
    0.245595574 0.437777638 0.276395619 0.168561995 0.98140645
    0.453356713 0.7891711 0.662003636 0.863613129 0.199295491
    0.847495079 0.0413401425 0.346506149 0.870835364 0.481248349
    0.819771528 0.999644876 0.244585365 0.945182979 0.0535298586
    0.465308785 0.0758596659 0.349306226 0.91735363 0.220023543
    0.453543991 0.661587358 0.142599255 0.844296098 0.605871201
    0.142583698 0.102802008 0.479700625 0.0948843956 0.381289482
    0.920534611 0.859502912 0.98160255 0.749055266 0.596529543
    0.968855143 0.0582701564 0.232667536 0.702561677 0.765137196
    0.260469377 0.629427791 0.496587098 0.799435616 0.0593115091
    0.157106906 0.115973294 0.348317146 0.806435466 0.150887072
    0.254907012 0.835153937 0.699670792 0.0153132975 0.57641238
    0.406027496 0.0553823709 0.656242788 0.247186631 0.952174783
    0.524948418 0.860554397 0.87108469 0.620454848 0.842406273
    0.924815297 0.191788524 0.659434795 0.78950274 0.844043374
    0.839030921 0.460106283 0.221488953 0.592219532 0.657637 0.528484523
    0.835744739 0.438035578 0.933869779 0.7971735 0.321781933
    0.106349558 0.576901257 0.896665335 0.858941853 0.921802402
    0.29893741 0.623945892 0.32808882 0.999572158 0.93266362 0.656863809
    0.163249791 0.412340075 0.512288511 0.600701094 0.68566066
    0.995062113 0.303529739 0.758726358 0.0148638189 0.867920995
    0.698528767 0.81413734 0.46871081 0.448929012 0.383052438
    0.194756448 0.61468637 0.466465473 0.852640033 0.489847869
    0.287176073 0.326885998 0.125246823 0.430436373 0.889359057
    0.940773487 0.0807033777 0.999313891 0.156233341 0.705834389
    0.96784544 0.160765082 0.86824894 0.013125062 0.84472537 0.059720099
    0.501449764 0.598259985 0.830060661 0.120355666 0.666829705
    0.624391079 0.714557528 0.979322433 0.269206941 0.833839417
    0.580039799 0.825005174 0.868469715 0.418644249 0.872203112
    0.587961972 0.197019935 0.0372754633 0.543334484 0.90551126
    0.759624422 0.0809441209 0.868490458 0.922205806 0.76883626
    0.558438778 0.813979447 0.636615992 0.544295132 0.559233069
    0.362381756 0.12879771 0.888099492 0.959299803 0.719637513
    0.335566312 0.0518689156 0.840952933 0.297442019 0.721666455
    0.618370175 0.0792182386 0.175633252 0.742478609 0.455743819
    0.525375068 0.129848719 0.852545738 0.328565866 0.655050874
    0.549933136 0.532194734 0.400302529 0.954522729 0.723934412
    0.961632848 0.0381451249 0.541760325 0.233903468 0.536268115
    0.717387378 0.680448055 0.916096926 0.794432878 0.698744774
    0.154120445 0.672913313 0.919592857 0.769847155 0.179061234
    0.943555951 0.815068543 0.973463893 0.822979391 0.720969379
    0.600560904 0.673891306 0.0824101567 0.878436923 0.274233341
    0.864454508 0.985355318 0.178513169 0.150993288 0.787869096
    0.744477868 0.367296278 0.499992192 0.148379564 0.402520895
    0.729978144 0.0996464193 0.590118706 0.90775311 0.3542431
    0.796423793 0.233029604 0.464446187 0.241960585 0.951128066
    0.63590467 0.730009317 0.519196451 0.0284096897 0.0178295672
    0.483619779 0.627740085 0.0771839023 0.668150902 0.599862576
    0.224639833 0.112667888 0.68971467 0.249779016 0.370922089
    0.623728991 0.365425229 0.359829545 0.0183613896 0.512552321
    0.179466844 0.310733318 0.150226772 0.229024321 0.19246009
    0.506270051 0.486706555 0.216787368 0.752934158 0.725779295
    0.271000326 0.193085551 0.396010995 0.826524377 0.376853228
    0.796080709 0.400824189 0.337926209 0.4979105 0.879849195
    0.0308683515 0.371235967 0.0556013882 0.687879682 0.945431113
    0.11279583 0.872738242 0.800230026 0.988253295 0.789483905
    0.282460749 0.101379037 0.11535418 0.390542716 0.820252419
    0.91832459 0.195228904 0.925259471 0.683463275 0.406601578
    0.117837042 0.221152902 0.474827647 0.478957802 0.405540287
    0.0688362122 0.340875506 0.914635539 0.502882898 0.507314026
    0.982387543 0.393883198 0.97951138 0.078633666 0.169747353
    0.363837212 0.0450547934 0.566434443 0.840711117 0.71665144
    0.250728548 0.775772572 0.499920815 0.641859293 0.309812546
    0.626714349 0.240842134 0.896815419 0.185396791 0.649163723
    0.132809579 0.0527756512 0.243367821 0.170060992 0.118086785
    0.758743763 0.467461795 0.0464620888 0.0165197551 0.955363631
    0.927365422 0.986950696 0.0263839662 0.882510722 0.366706669
    0.26628983 0.932581306 0.607649207 0.980840206 0.665590525
    0.721956253 0.923567474 0.858027935 0.239246875 0.160576373
    0.79014957 0.339101851 0.542279005 0.0650342405 0.0425904393
    0.777476668 0.628899753 0.0382445157 0.129331499 0.848638535
    0.542641044 0.51170522 0.574676752 0.0936962664 0.0214931965
    0.679694235 0.539006948 0.9935534 0.35978663 0.834413648 0.270474672
    0.731466889 0.644436777 0.353840709 0.811212301 0.496119499
    0.515423417 0.160307407 0.254692584 0.601566374 0.978392661
    0.438663065 0.187721074 0.561208844 0.0519867539 0.33185032
    0.933073342 0.228264421 0.841542125 0.830938935 0.423106343
    0.0663973391 0.618313074 0.841219485 0.317170292 0.919207692
    0.884774685 0.980972409 0.96805352 0.723656118 0.391023755
    0.161590248 0.454206705 0.390095979 0.136974752 0.497154295
    0.139080584 0.302728415 0.644980073 0.612418532 0.213670522
    0.056050837 0.268558085 0.420017093 0.371637166 0.852016807
    0.892603457 0.802744389 0.488881439 0.752231121 0.0960492194
    0.0113763511 0.494680017 0.804659426 0.375354588 0.336733311
    0.757341146 0.0394233465 0.594212353 0.691540539 0.663574159
    0.276253939 0.708049357 0.180297315 0.168991983 0.413272053
    0.554968059 0.896262348 0.357205391 0.384698927 0.942724466
    0.501909673 0.430020988 0.63303721 0.595716774 0.482745558
    0.870252073 0.884941697 0.210478306 0.918524981 0.412538916
    0.437223554 0.0659115016 0.192611843 0.569311678 0.0665628016
    0.808649063 0.12139222 0.406915307 0.811243713 0.672678351
    0.55526644 0.988045275 0.440889388 0.706159055 0.4017061 0.208819002
    0.771617651 0.957389355 0.216218859 0.0370529294 0.55410558
    0.835650682 0.130577862 0.679681659 0.610116422 0.0276567638
    0.722121537 0.0339866281 0.254808784 0.154669702 0.801052988
    0.1863451 0.587251544 0.6930691 0.754719615 0.982419729 0.492560148
    0.159532189 0.912614584 0.974486351 0.298871279 0.562980354
    0.861573339 0.687250018 0.0254621804 0.138821721 0.588468611
    0.068162024 0.0698036551 0.616706789 0.866412163 0.775429726
    0.753398955 0.60650593 0.0998804271 0.748511612 0.607821465
    0.352417588 0.291308731 0.78909111 0.127482146 0.379724592
    0.935015917 0.00109526515 0.241807908 0.2334086 0.534114659
    0.120887429 0.812178314 0.934033513 0.267591357 0.608728111
    0.412505984 0.366682827 0.282003492 0.403198779 0.873507082
    0.364927739 0.907963634 0.89326638 0.385652125 0.492945999
    0.42063418 0.165243715 0.975079536 0.136439443 0.868644297
    0.440118045 0.969109774 0.640720904 0.0314251482 0.596718132
    0.30272916 0.304284513 0.691410303 0.457091302 0.0819911361
    0.307450235 0.971495271 0.404963613 0.149439603 0.750710249
    0.66325134 0.120099157 0.116793185 0.424906731 0.405683368 0.8450495
    0.492237538 0.0744186044 0.210513651 0.567947567 0.274200022
    0.942215443 0.668652654 0.691130102 0.607499897 0.0729693472
    0.569277942 0.440735579 0.838647008 0.489022732 0.88536495
    0.505613983 0.770765781 0.53358227 0.911279559 0.721435845
    0.139824331 0.316682637 0.882313371 0.945963383 0.138472885
    0.735087872 0.967026114 0.69944483 0.291736364 0.656283975
    0.270590305 0.913701594 0.623666406 0.572774827 0.0389517844
    0.94412291 0.324938357 0.114609182 0.0963557363 0.760831833
    0.118936539 0.402005017 0.378952324 0.0785342753 0.676478863
    0.031616956 0.665768921 0.0944535732 0.630097508 0.511172116
    0.684319794 0.422196299 0.550824761 0.895969748 0.163236558
    0.736468315 0.861177444 0.288239211 0.0613311529 0.508064449
    0.961296797 0.410725266 0.537822127 0.995297432 0.584779084
    0.575254798 0.58759737 0.343107939 0.730900764 0.538942814
    0.892810822 0.0965217054 0.971495628 0.40749678 0.842355251
    0.191746444 0.616948247 0.668318808 0.141946286 0.308136612
    0.65639776 0.660210729 0.778146207 0.996357322 0.397558719
    0.764608264 0.565483391 0.024176091 0.60046941 0.259022176
    0.832479894 0.61137259 0.601235867 0.204655707 0.038109839
    0.741041899 0.413002819 0.890042067 0.232514262 0.307782233
    0.337687254 0.699479043 0.534828901 0.502690196 0.389223278
    0.694181144 0.86067152 0.12804836 0.360533923 0.919090509
    0.410678118 0.397767723 0.243117839 0.897963703 0.780465722
    0.562189162 0.257537246 0.608516574 0.384193301 0.812727213
    0.90097785 0.0470719337 0.0190985799 0.0444006026 0.431181967
    0.190995514 0.10150665 0.754547179 0.179788411 0.981183887
    0.997480035 0.0280163884 0.173732042 0.352696896 0.630425215
    0.578891575 0.308769464 0.206868291 0.281481504 0.542901278
    0.916160643 0.473227084 0.6407215 0.902806401 0.173965126
    0.0355890393 0.123182863 0.600003362 0.54377985 0.344861507
    0.741322219 0.167673916 0.907613993 0.552078843 0.765867472
    0.434139162 0.0156440437 0.549420714 0.280536115 0.704895973
    0.671994209 0.689942539 0.540038347 0.921883702 0.906565249
    0.6457901 0.576090097 0.219363153 0.0552695692 0.881497025
    0.013664484 0.804314971 0.123608589 0.349781334 0.987571061
    0.811323643 0.216783345 0.173356801 0.193592697 0.0488468409
    0.939779997 0.0978911519 0.897228837 0.00818964839 0.502719104
    0.846477389 0.179285705 0.0432584584 0.52725029 0.390103996
    0.755607963 0.571757257 0.812653065 0.122849554 0.321270227
    0.21671772 0.356953084 0.220902562 0.159521013 0.497133136
    0.109767139 0.341780007 0.391974747 0.387743473 0.875032306
    0.855838537 0.502346396 0.546017647 0.0275157094 0.523118138
    0.580510855 0.950061202 0.230320364 0.585626125 0.0933756232
    0.86016655 0.804545105 0.307972789 0.879148602 0.498578012
    0.574292362 0.670216084 0.102123946 0.965382457 0.647245049
    0.517600596 0.513557732 0.204926997 0.474184126 0.194202602
    0.533753633 0.307302415 0.861397266 0.0089020133 0.5975945
    0.210381925 0.261981338 0.326239735 0.202374905 0.589366734
    0.799158454 0.965214312 0.22323814 0.996544063 0.0607235134
    0.10588783 0.250542343 0.423995793 0.115471363 0.829867423
    0.280948341 0.0473989844 0.42130658 0.388103664 0.514064908
    0.768311977 0.956162214 0.884027719 0.90957284 0.780613303
    0.18843323 0.00506231189 0.930929422 0.68387419 0.0400143564
    0.0147413909 0.316492319 0.371676505 0.137950599 0.41988045
    0.489468783 0.0380356312 0.837892056 0.872115016 0.664969802
    0.0274552703 0.384000003 0.90229547 0.396017969 0.967895389
    0.257101417 0.66383481 0.535964668 0.338493228 0.729604721
    0.910236716 0.0599678159 0.704068482 0.716097772 0.813533008
    0.198689133 0.702966869 0.0988226235 0.021343857 0.492119372
    0.945237577 0.161618114 0.625160098 0.244538546 0.300317287
    0.780563712 0.222895294 0.564104855 0.617997289 0.451510847
    0.332294047 0.00800999999 0.824938059 0.482959181 0.0827680528
    0.314839303 0.123256147 0.453852654 0.277263641 0.537793636
    0.571936965 0.131075621 0.537087679 0.280813515 0.593542755
    0.816623449 0.206294656 0.00545862317 0.577165723 0.90525353
    0.391487598 0.654444814 0.810236037 0.872871161 0.334132075
    0.113112032 0.370054603 0.180966049 0.0867450237 0.389436483
    0.97446382 0.0447774827 0.449677438 0.115230858 0.0392745435
    0.946880102 0.850072384 0.539469123 0.237090141 0.664314866
    0.607829213 0.274380267 0.129312098 0.906166077 0.361930013
    0.684153676 0.291945696 0.108965874 0.0145408213 0.889816761
    0.773540735 0.70578289 0.695666075 0.745492101 0.040800631
    0.143424928 0.461979657 0.952731133 0.731251895 0.707055867
    0.964564085 0.314176738 0.664781988 0.707791567 0.570057809
    0.933026075 0.227647841 0.399739742 0.561796069 0.421452701
    0.588337839 0.522900939 0.547689438 0.476526827 0.878035665
    0.596750379 0.654697359 0.295224786 0.668596148 0.03139624
    0.626189053 0.101503253 0.245443374 0.53009212 0.0458212495
    0.772766471 0.92212677 0.686272264 0.892467022 0.994714856
    0.779850721 0.595424414 0.91277802 0.0924081802 0.239972234
    0.131302148 0.844173431 0.532025039 0.602211952 0.417437434
    0.841450989 0.213074803 0.772009969 0.75663352 0.289704442
    0.0421445668 0.211020827 0.468541384 0.289222538 0.299248695
    0.611982822 0.489758611 0.172517955 0.698293984 0.371592939
    0.730756879 0.358977377 0.455276906 0.842812777 0.73801136
    0.877592564 0.40059948 0.401824832 0.566232145 0.783135772
    0.311954141 0.577547312 0.886271894 0.572582066 0.32783252
    0.188511491 0.427047729 0.354098201 0.586970925 0.00976246595
    0.755434513 0.242512405 0.621314585 0.201708317 0.635288477
    0.382939428 0.00596931577 0.501692057 0.089939326 0.950784683
    0.763064027 0.000410974026 0.899155378 0.398393214 0.93123579
    0.182118297 0.873224735 0.337333649 0.0877386034 0.234982491
    0.0337881744 0.0775232315 0.2227332 0.882706761 0.266293466
    0.752177119 0.609332442 0.837032914 0.57059586 0.161439538
    0.46967122 0.35435313 0.391145915 0.75504148 0.541806102 0.637465775
    0.957736135 0.681437552 0.154017985 0.659799874 0.456428438
    0.466124177 0.0362730026 0.431218922 0.486881375 0.58001864
    0.952184439 0.145409584 0.301896632 0.475896358 0.81080395
    0.60930562 0.349850595 0.721288562 0.192159563 0.650904 0.160072386
    0.260717809 0.846869767 0.961059213 0.209166765 0.814460993
    0.060500443 0.178220123 0.814148903 0.633457184 0.865348935
    0.588323891 0.589833617 0.116026014 0.107642949 0.584835231
    0.351367593 0.976077735 0.441152185 0.837756038 0.317336142
    0.059032023 0.395371795 0.985861301 0.486104548 0.0843443274
    0.083144784 0.704840362 0.25383532 0.557507217 0.315529108
    0.874297738 0.459632486 0.496718049 0.563662887 0.984887838
    0.344371974 0.558534503 0.298874974 0.511800408 0.0353008807
    0.132033497 0.426859826 0.179584444 0.147913843 0.249383926
    0.382695109 0.487682998 0.724903822 0.735793352 0.733168066
    0.622938752 0.937105894 0.343651354 0.273657799 0.565162361
    0.0405970514 0.395593107 0.992781043 0.516641021 0.504865706
    0.557171345 0.274690509 0.197147876 0.338681757 0.57755971
    0.412687421 0.409368813 0.497866571 0.129153997 0.5021258
    0.547543347 0.609562874 0.421814203 0.268597305 0.428898036
    0.467994273 0.0689637661 0.820488214 0.679491699 0.650638819
    0.465450525 0.367312014 0.507612944 0.526590586 0.0135168135
    0.806205034 0.100233734 0.529751897 0.877354383 0.58349818
    0.793554068 0.869625807 0.270519197 0.180096596 0.420848221
    0.404310226 0.0373856723 0.262434125 0.605083048 0.0140176415
    0.624643326 0.789642453 0.587351203 0.120182872 0.0795829296
    0.270509422 0.383472681 0.427443117 0.909567356 0.646375537
    0.585929513 0.870014012 0.749273896 0.729611933 0.996233582
    0.197446257 0.124208182 0.813989043 0.474278837 0.380525768
    0.725340664 0.480092078 0.994932294 0.851520658 0.735445201
    0.931125283 0.355168611 0.263605833 0.330331862 0.761157513
    0.445066035 0.754850864 0.753411591 0.109085768 0.519421697
    0.368386745 0.337074131 0.646629214 0.92368257 0.550785124
    0.571549714 0.789322674 0.497947633 0.484621614 0.836922288
    0.953406572 0.495400071 0.848722637 0.0555838943 0.632266641
    0.49644056 0.187845975 0.442492664 0.00923973322 0.514122307
    0.174942881 0.402826637 0.300988555 0.0701822937 0.421255201
    0.975384057 0.335901231 0.774540186 0.857300162 0.263390452
    0.613523245 0.555728316 0.832876086 0.063082248 0.782563508
    0.934157908 0.78313297 0.578398466 0.326466978 0.28982836
    0.909201145 0.898912311 0.663067102 0.583084285 0.944325805
    0.393062919 0.555139661 0.12437129 0.702225447 0.222666472
    0.538997471 0.577523708 0.84222573 0.284757137 0.478976756
    0.837805867 0.357777447 0.625159264 0.574611783 0.283350825
    0.0461984575 0.531140506 0.0988267362 0.545119464 0.0813008547
    0.909314513 0.272609085 0.535934389 0.267308325 0.230243891
    0.30694294 0.960703254 0.045958966 0.824698567 0.311229825
    0.112639844 0.337447077 0.148092806 0.625065207 0.197734147
    0.726549208 0.31783855 0.711292565 0.0824026465 0.775041938
    0.409000099 0.891714334 0.487137496 0.0463420153 0.780485511
    0.94187355 0.468218803 0.990816712 0.941761613 0.00383266807
    0.116751015 0.403524876 0.874168456 0.000592410564 0.201604754
    0.426058471 0.715757608 0.00815814734 0.102789551 0.328030616
    0.314272106 0.667708814 0.556384385 0.578114748 0.657024384
    0.867216468 0.178972214 0.239291936 0.0541644692 0.514725685
    0.392472416 0.600006163 0.681939006 0.99988544 0.750069499
    0.824737549 0.595890701 0.543325484 0.757367909 0.627704322
    0.268194139 0.796275854 0.316172659 0.831101894 0.3165268
    0.402120411 0.993003428 0.580029547 0.0877992511 0.197070241
    0.377433091 0.223248869 0.965173602 0.00548657775 0.257428229
    0.864075184 0.96678865 0.455853611 0.437563688 0.429047465
    0.407776833 0.598086894 0.151315898 0.930653691 0.499312878
    0.376148403 0.278175861 0.267093539 0.583045781 0.458792627
    0.0356858075 0.567744374 0.109517395 0.550432682 0.668266773
    0.91964525 0.105275124 0.95133853 0.945236683 0.495173037
    0.410656124 0.317627192 0.517551124 0.831878066 0.308868825
    0.998360515 0.843203664 0.781464875 0.260545671 0.580285549
    0.412885964 0.517265081 0.0966534019 0.993990958 0.66345793
    0.496263295 0.0831857026 0.628181338 0.588645101 0.0334501565
    0.00978264213 0.519485056 0.964701533 0.317978531 0.925684988
    0.0942947567 0.623902798 0.926884711 0.546439409 0.217389792
    0.748595238 0.658633649 0.122354984 0.397830844 0.571529269
    0.588026583 0.130876988 0.440758824 0.828044891 0.855219007
    0.30500555 0.898121238 0.687035322 0.490643084 0.912303686
    0.671610355 0.163673371 0.513853371 0.25088802 0.834891081
    0.632066727 0.485602796 0.0688799918 0.890684843 0.337970078
    0.358934551 0.986516356 0.0256964862 0.340856194 0.619178176
    0.269804955 0.464300215 0.0148591399 0.629277945 0.260047376
    0.334726751 0.753798187 0.121736676 0.231874347 0.518756688
    0.293963671 0.772131503 0.973476171 0.0558359921 0.693615198
    0.28396064 0.435618401 0.879590392 0.811805248 0.335572302
    0.632536173 0.803004146 0.935738742 0.234773427 0.745083213
    0.746577322 0.53249687 0.607713401 0.869743705 0.972057104
    0.080609411 0.922683358 0.781513572 0.786296725 0.240747213
    0.49772644 0.151194692 0.390534997 0.426770926 0.249249756
    0.537258983 0.433369577 0.326962471 0.885622621 0.807967067
    0.0921709538 0.850930929 0.998592496 0.139562964 0.16944465
    0.780071795 0.76762104 0.284848571 0.0812354088 0.242917866
    0.755892038 0.543244183 0.389994025 0.544942975 0.692541957
    0.325341076 0.843215644 0.62554723 0.526381016 0.673289061
    0.331029713 0.271463513 0.222362936 0.616949141 0.442365438
    0.912548184 0.932965398 0.379451245 0.139166534 0.687857151
    0.252763033 0.884766817 0.897123337 0.267516255 0.351755083
    0.560900509 0.381514013 0.919984937 0.867342651 0.609676003
    0.143735886 0.708170772 0.454058975 0.715072751 0.569724798
    0.178132355 0.860386014 0.0790210962 0.0928331912 0.371015638
    0.0565797091 0.267253458 0.0273986161 0.376594335 0.246824026
    0.0134574771 0.52869153 0.749443948 0.150708288 0.931168735
    0.841256738 0.978643715 0.0670692623 0.377527982 0.647684336
    0.129927158 0.848901629 0.738741815 0.374541372 0.0724525154
    0.209966272 0.14007616 0.34469229 0.946438611 0.468699813
    0.0152386725 0.774977326 0.600965559 0.653809905 0.830770016
    0.317941189 0.217056185 0.529271364 0.954154968 0.980285168
    0.394338787 0.788293839 0.721613646 0.139648914 0.402792215
    0.972735345 0.975965858 0.319464445 0.848878026 0.0889628232
    0.10707134 0.571388483 0.557997346 0.136683702 0.239524394
    0.431597888 0.744373083 0.304317415 0.193301111 0.892347157
    0.00704437494 0.226141453 0.175833702 0.580453813 0.835701942
    0.885087371 0.864595056 0.941021681 0.693431258 0.880665302
    0.457279831 0.40974009 0.994241834 0.134362578 0.553100467
    0.659653068 0.117532074 0.048638165 0.606692016 0.38260749
    0.461862087 0.17755115 0.997038901 0.48210299 0.71182102 0.626450419
    0.686789274 0.297599077 0.132388264 0.273891747 0.661359668
    0.421580225 0.375145882 0.308908701 0.474391311 0.335294813
    0.397387683 0.440085262 0.299777746 0.834403038 0.718646944
    0.143716604 0.530602813 0.577271283 0.440368772 0.479780674
    0.774001479 0.81269896 0.607392728 0.300623327 0.946656585
    0.131309658 0.0614616573 0.274981022 0.969685197 0.648284197
    0.627475321 0.710716307 0.507567048 0.35852477 0.201281488
    0.886282027 0.420350373 0.546007037 0.512260973 0.576416969
    0.710578382 0.0472569168 0.308763713 0.222748548 0.231288284
    0.646535754 0.546230495 0.366008431 0.219067365 0.778126597
    0.77342838 0.864117384 0.372460008 0.133444309 0.801613271
    0.743960619 0.511310458 0.488532603 0.543254972 0.0670253634
    0.472467422 0.878691435 0.165942937 0.891426802 0.110583276
    0.872100174 0.552318692 0.211605012 0.648690999 0.100409567
    0.541116297 0.741594076 0.228658676 0.255209804 0.806367576
    0.33936727 0.538599968 0.260421485 0.187283099 0.200388759
    0.975250781 0.145911664 0.662639081 0.108459502 0.632703364
    0.628170848 0.331068218 0.875688314 0.79573369 0.874198318
    0.247979641 0.667400241 0.463499844 0.621494114 0.0783592463
    0.547147512 0.822430372 0.982948899 0.851000905 0.303688318
    0.798002779 0.0295833945 0.424007535 0.134959549 0.978521466
    0.303448439 0.193880856 0.73668319 0.594973803 0.00698852539
    0.536240339 0.840216875 0.0900790095 0.0258209109 0.437780738
    0.997296691 0.716111302 0.94081527 0.756996334 0.231818408
    0.757518172 0.356721342 0.146062493 0.172965407 0.107207656
    0.591626346 0.0470790267 0.366470635 0.666610479 0.540055752
    0.476460427 0.978803098 0.0229825675 0.809351921 0.0831620395
    0.057244122 0.0117275715 0.16648522 0.458539128 0.415069163
    0.672570527 0.135913342 0.0288288295 0.197283924 0.408011228
    0.201002419 0.374605358 0.233129531 0.529856503 0.340961814
    0.621808469 0.165241241 0.288899779 0.437556773 0.483739972
    0.0260074139 0.57679528 0.731211603 0.508641064 0.423187494
    0.230746627 0.73144263 0.43300733 0.78693223 0.773424268 0.419845343
    0.174857199 0.894073248 0.685537696 0.927418113 0.636365294
    0.467401892 0.387626529 0.32759279 0.746303201 0.969118595
    0.0670258105 0.681238532 0.961925745 0.123225689 0.615103602
    0.542351305 0.281822085 0.470354229 0.502516627 0.967261016
    0.498403341 0.0843338072 0.937884927 0.592969894 0.814651072
    0.408311546 0.812205672 0.925334334 0.484905511 0.988164425
    0.577916741 0.683445275 0.989581823 0.485432267 0.957862616
    0.617299855 0.641257405 0.803189456 0.386645615 0.66686964
    0.567968309 0.640334368 0.922222316 0.436325103 0.315649927
    0.199145585 0.953697205 0.44235006 0.357017279 0.65534091
    0.818968117 0.940717578 0.604900539 0.837129414 0.196476072
    0.339158744 0.913183093 0.0793891847 0.0158526003 0.244082868
    0.0130930245 0.999709606 0.306105614 0.714360595 0.862422884
    0.277400374 0.880553663 0.688097 0.788324654 0.227551788 0.759492636
    0.0308361948 0.611747146 0.383806229 0.233938903 0.249803305
    0.797689438 0.741314292 0.799798727 0.646851659 0.224820107
    0.64444226 0.820551097 0.642479181 0.498398304 0.360907257
    0.697688937 0.537553549 0.898036361 0.8049227 0.192030251
    0.552363455 0.112454087 0.212561607 0.882834673 0.434322745
    0.872160435 0.258112103 0.419721961 0.740529537 0.738837838
    0.219613731 0.933054864 0.724612832 0.393187374 0.430762321
    0.479103148 0.300269008 0.782448769 0.256731808 0.298256278
    0.169101089 0.284692585 0.729955614 0.902845263 0.548188746
    0.640761912 0.943849087 0.833265066 0.734085798 0.453180671
    0.490334779 0.493933678 0.580034137 0.0597622693 0.487856716
    0.117657602 0.702164352 0.874639869 0.324652672 0.183107704
    0.0718713999 0.908195972 0.193194866 0.696123779 0.0928221941
    0.196133912 0.846738815 0.0920172334 0.527968228 0.901104927
    0.690999925 0.121561021 0.176314563 0.640432 0.0930877328
    0.161019534 0.0442462265 0.0915816724 0.589134514 0.812128246
    0.581625879 0.542486072 0.297501862 0.874206543 0.572930992
    0.432210952 0.898743153 0.472019494 0.509942651 0.156448126
    0.687090039 0.981940448 0.313646674 0.151288003 0.595341802
    0.640245676 0.785122395 0.393698454 0.882385433 0.983378172
    0.0449858904 0.814741969 0.41392985 0.355225384 0.394491076
    0.571256638 0.287277699 0.631526709 0.623296499 0.719951451
    0.445919305 0.57499516 0.0384596884 0.174585164 0.969311118
    0.0377384722 0.324222147 0.499591649 0.13933599 0.927642822
    0.391722769 0.417849779 0.931885481 0.456506878 0.790753126
    0.627688766 0.130581915 0.861581087 0.361736059 0.784280598
    0.0479396284 0.416565835 0.332277566 0.724665284 0.639068782
    0.860959947 0.231029242 0.992540598 0.0617138743 0.971009135
    0.0612870157 0.0596074462 0.101460785 0.0352186859 0.134122163
    0.694505155 0.503043294 0.0550591946 0.386940271 0.55392164
    0.005451262 0.182970434 0.587997019 0.241510421 0.428774625
    0.0791409612 0.48674798 0.433802515 0.63485384 0.921845734
    0.276149541 0.460098267 0.00939175487 0.561800659 0.255914927
    0.172368318 0.83031702 0.779455364 0.190724313 0.200030804
    0.865164518 0.286897957 0.759741187 0.749168932 0.0781968236
    0.251586795 0.725391388 0.552076459 0.441366464 0.0206899345
    0.591800749 0.881942749 0.817050099 0.997061968 0.0761041939
    0.481297702 0.277998596 0.77924186 0.826994658 0.29109621
    0.413789809 0.220032454 0.829422295 0.722029746 0.86455375
    0.193996072 0.89919281 0.10697493 0.70530355 0.260382771 0.649976254
    0.283210576 0.442226201 0.518161595 0.619271517 0.921244204
    0.523236811 0.27324146 0.883506536 0.223798484 0.227638453
    0.352149546 0.443105876 0.589693069 0.729019046 0.00907436013
    0.235952377 0.743253171 0.352083325 0.189103127 0.874630332
    0.245291352 0.429562032 0.432942063 0.427988917 0.548091114
    0.146437764 0.399202466 0.328282297 0.294039547 0.727981508
    0.87470758 0.359723568 0.421337575 0.385654837 0.273055166
    0.376912385 0.43326357 0.0785844624 0.637821674 0.960466385
    0.235271752 0.840098858 0.783989608 0.371260703 0.150972009
    0.123561382 0.278643787 0.755429685 0.845600128 0.902574182
    0.830165029 0.00537213683 0.422812968 0.583802521 0.532886267
    0.238147706 0.732484937 0.248329848 0.512650371 0.19516176
    0.423178971 0.2170901 0.156490147 0.632164061 0.923725367
    0.464530736 0.656863451 0.22499916 0.00522726774 0.154569745
    0.0233411491 0.783251882 0.119977534 0.147975922 0.83055985
    0.583939552 0.627012372 0.498544544 0.662996531 0.18598178
    0.42090258 0.953869045 0.260914564 0.4767645 0.984645486 0.133583516
    0.797789693 0.0442762673 0.441406071 0.637140393 0.310004294
    0.11008808 0.541340053 0.109944135 0.0412715375 0.215350807
    0.0326218605 0.259622365 0.420239568 0.640692353 0.0135217011
    0.433106095 0.977836728 0.685427189 0.128731072 0.590321779
    0.103453219 0.728929281 0.826176941 0.59137094 0.0941135883
    0.432540745 0.067974329 0.968964756 0.252643883 0.0739031732
    0.148677051 0.27024582 0.327998847 0.593390942 0.575256705
    0.306659997 0.97372365 0.361458778 0.0972936749 0.222440958
    0.441155374 0.29324156 0.204977423 0.0371690094 0.176499635
    0.945385218 0.410644948 0.509303451 0.504722953 0.956114113
    0.844835162 0.57730794 0.176224738 0.486783981 0.170190781
    0.0906541646 0.0332145989 0.44695574 0.752070129 0.121629924
    0.19566679 0.1845783 0.130397588 0.319855034 0.702719092 0.13579011
    0.167083144 0.577473283 0.947874844 0.0159824789 0.161244273
    0.837881684 0.634447634 0.0655371249 0.53846097 0.246324033
    0.225676388 0.562302828 0.477592021 0.750376284 0.107754171
    0.744982123 0.229804397 0.176732391 0.880169392 0.434678137
    0.397886872 0.804759383 0.661760092 0.888953328 0.96235323 0.1414572
    0.354573846 0.0132907629 0.0531408489 0.475641191 0.208659679
    0.571947992 0.527311265 0.625287175 0.493613183 0.12701714
    0.644645572 0.428716272 0.278121382 0.733917475 0.648808837
    0.73225373 0.398203015 0.872585237 0.87005806 0.676211596
    0.747143388 0.209665567 0.385018826 0.785018682 0.738186359
    0.338826537 0.655808032 0.671785235 0.173264921 0.042608887
    0.183056176 0.439711869 0.123375893 0.648591638 0.529918849
    0.647788763 0.868288696 0.211282313 0.512654126 0.758349001
    0.539766192 0.424610913 0.467875779 0.220477879 0.749925673
    0.723955274 0.513814628 0.551486254 0.236503214 0.540149093
    0.25898993 0.699236155 0.861286104 0.63932693 0.00916194916
    0.427765459 0.563298166 0.912748098 0.546907425 0.490059614
    0.970737696 0.158861786 0.13662672 0.0223326087 0.133735925
    0.567893386 0.251303434 0.35879457 0.46344462 0.189445645
    0.300134927 0.726171136 0.219560176 0.144881696 0.951956272
    0.738889694 0.629646659 0.530016601 0.429684728 0.524999082
    0.727259696 0.268086404 0.0749627054 0.196521968 0.619957864
    0.80947727 0.254171908 0.036301136 0.366438687 0.66601634
    0.532849729 0.838855565 0.433316529 0.646017969 0.0743518472
    0.436419249 0.0996390581 0.576157928 0.220604569 0.563911259
    0.606825352 0.744303167 0.855255604 0.400655925 0.742271662
    0.628119648 0.532673001 0.320938915 0.181462854 0.675095677
    0.392948329 0.0622034371 0.0330660641 0.751184464 0.52579546
    0.504962921 0.710572839 0.584640026 0.579539955 0.621680021
    0.866454601 0.861005247 0.269245625 0.596425056 0.271040857
    0.591107309 0.607663631 0.0855841339 0.477170795 0.311716318
    0.75765276 0.499937475 0.92005682 0.109912217 0.907576561
    0.0290947556 0.151278675 0.779873669 0.860508144 0.461361051
    0.393429577 0.682323873 0.674343824 0.981271505 0.946894348
    0.971412778 0.886196315 0.476615638 0.350338578 0.158433944
    0.104101062 0.891891003 0.966785431 0.960077047 0.866191626
    0.0602075756 0.136190474 0.251676679 0.591873407 0.390630186
    0.21733439 0.600102305 0.504570961 0.167642772 0.788962066
    0.854632318 0.238831282 0.790886939 0.44050017 0.957370102
    0.314404249 0.187917322 0.16458872 0.514941096 0.551873028
    0.430745661 0.90991652 0.0306249559 0.428648114 0.485182822
    0.428058773 0.671974659 0.2077277 0.785122395 0.157978565
    0.0377599597 0.860282779 0.48410666 0.945281923 0.309373796
    0.484492809 0.428313106 0.655938089 0.851569116 0.409397572
    0.514652848 0.496790141 0.912859082 0.827024043 0.943489552
    0.880682945 0.627442122 0.83774662 0.501538217 0.311967313
    0.445794791 0.388169169 0.563485384 0.724016428 0.588362932
    0.391103685 0.977137566 0.89798677 0.986275434 0.394705117
    0.242449671 0.455970526 0.0489073694 0.93854773 0.625683367
    0.694327056 0.37500298 0.395399302 0.0161975324 0.561593711
    0.154780805 0.15034768 0.163439453 0.70798099 0.672323167
    0.0719927847 0.477360547 0.670745313 0.187790662 0.56089741
    0.739397287 0.794424295 0.0216914415 0.0736807883 0.86899519
    0.456993937 0.671022654 0.186439127 0.391771585 0.124833435
    0.924950659 0.0787012875 0.965443075 0.983204722 0.199396968
    0.724903047 0.115573853 0.148943335 0.698488295 0.117630631
    0.169333816 0.42754963 0.112089962 0.744666517 0.257897079
    0.606263697 0.689251065 0.346867859 0.666571617 0.658649564
    0.762336254 0.336683214 0.565052271 0.926087499 0.92436254
    0.559132397 0.890881062 0.353551805 0.935866117 0.0854975581
    0.633077919 0.890625834 0.727886677 0.270796239 0.82235539
    0.135066986 0.00586846471 0.55464983 0.989852309 0.777890563
    0.093382895 0.10166496 0.359914094 0.564270437 0.386818856
    0.40385133 0.145322919 0.510285437 0.0553962588 0.419685662
    0.720241845 0.430459023 0.343575716 0.479467571 0.888785541
    0.169941902 0.817257524 0.0304668844 0.144666702 0.445496738
    0.0463509858 0.490513533 0.423119456 0.996058345 0.699372411
    0.447569191 0.991296709 0.27887398 0.845263422 0.872745693
    0.494091332 0.987799048 0.79866457 0.217649311 0.942738235
    0.534662485 0.42351377 0.67718327 0.167963326 0.940584421
    0.980204344 0.387918353 0.19163236 0.53358072 0.914626062
    0.778811693 0.238375813 0.825710177 0.518198192 0.81328702
    0.385352999 0.205545783 0.223543674 0.54417038 0.681216657
    0.797196507 0.740473866 0.993256927 0.760746121 0.693144679
    0.678752661 0.651533842 0.313198537 0.335415721 0.962659836
    0.410434157 0.842144966 0.498870701 0.706759334 0.659579754
    0.314078212 0.31761539 0.0932831168 0.194897622 0.695873857
    0.404329062 0.0311089456 0.54992646 0.436985821 0.231051236
    0.856789708 0.153909951 0.743680596 0.969536781 0.898199558
    0.921955705 0.69846499 0.142537206 0.728275299 0.319410563
    0.955495596 0.537606716 0.614650249 0.692429483 0.341391742
    0.0266244113 0.155500174 0.976583183 0.275775611 0.254939109
    0.535132825 0.636946082 0.54114598 0.113578349 0.344190955
    0.800565362 0.589428663 0.669740975 0.576076388 0.810925245
    0.82615608 0.554235995 0.361191332 0.655407667 0.015439719
    0.369176507 0.521303952 0.345487028 0.0584303737 0.462870896
    0.668759525 0.847559392 0.994121075 0.972495437 0.245565861
    0.173298746 0.116167814 0.51300627 0.307614505 0.938823164
    0.180903792 0.864156365 0.859336019 0.997087717 0.960655928
    0.178762317 0.934771538 0.650129795 0.161913902 0.200432539
    0.51300174 0.839888215 0.532834053 0.0663814545 0.797892213
    0.913538396 0.132037163 0.293559879 0.543705583 0.500291705
    0.803607702 0.386493593 0.666284323 0.568238676 0.143293738
    0.842165291 0.971934438 0.579704642 0.793317735 0.960174561
    0.28983438 0.13947922 0.173880965 0.043230176 0.426461279 0.02795434
    0.501177669 0.91834271 0.702148795 0.421193808 0.676228881
    0.934947491 0.916988254 0.846352756 0.932545066 0.324834526
    0.441752285 0.336631596 0.435267299 0.655207634 0.553639889
    0.294500738 0.790608168 0.420449078 0.122325331 0.315831423
    0.0604169667 0.802804172 0.242324322 0.289213479 0.0206359923
    0.967416883 0.759696484 0.584891856 0.514560044 0.567325473
    0.618835151 0.79471314 0.315257251 0.079562068 0.917733729
    0.450124711 0.110548794 0.570085943 0.559863389 0.539367139
    0.940178871 0.206869513 0.756356597 0.3433972 0.098159045
    0.209709376 0.260145187 0.428642303 0.26277256 0.12908724
    0.260084778 0.856402516 0.678970695 0.579096735 0.157896459
    0.914214253 0.46485585 0.815251946 0.329175472 0.726800561
    0.899605393 0.730256319 0.941407561 0.641881704 0.324593067
    0.232636482 0.594570875 0.982515275 0.609411955 0.851948857
    0.640201151 0.892019987 0.486830086 0.569115639 0.283301175
    0.995908022 0.773624063 0.903845549 0.774610162 0.342545122
    0.447447628 0.956438959 0.872298539 0.432169706 0.723941624
    0.232266635 0.836609006 0.663724065 0.870874107 0.79265362
    0.551128268 0.96684444 0.428778529 0.181664079 0.421490252
    0.0291492045 0.65440166 0.102694184 0.938172221 0.429436862
    0.830915809 0.044270128 0.817467868 0.829661012 0.0231673717
    0.999194741 0.952408612 0.125944614 0.47514233 0.343838573
    0.340902984 0.32920292 0.500214875 0.860765457 0.00862601399
    0.394628942 0.580043018 0.829661071 0.704755366 0.46643284
    0.467110902 0.383776844 0.630090117 0.0940606594 0.324332297
    0.0972351134 0.913223863 0.143351614 0.965854645 0.818086386
    0.483464807 0.448486239 0.884175241 0.0874802172 0.912543297
    0.409690201 0.614321113 0.0172113776 0.835184813 0.151169181
    0.680947423 0.438038379 0.845152617 0.882207692 0.36597991
    0.915147781 0.505539715 0.555068314 0.939142346 0.254609406
    0.795806408 0.262476861 0.599416673 0.624304831 0.971123576
    0.223694891 0.762523651 0.899721265 0.106280506 0.58981353
    0.149148017 0.0710948408 0.467434794 0.305435807 0.314106017
    0.694559991 0.624223948 0.362935424 0.800007045 0.0213457346
    0.576614439 0.491888106 0.56377691 0.923053026 0.749978244
    0.0956625938 0.221070945 0.725286722 0.850630999 0.11591664
    0.520237267 0.353094935 0.201859653 0.406258225 0.533721864
    0.784423113 0.415213287 0.72968024 0.521100163 0.285776198
    0.347883254 0.256864309 0.698370159 0.133458525 0.231336147
    0.781749427 0.248791009 0.463078588 0.542011738 0.834407806
    0.457111269 0.440867066 0.764735699 0.164587677 0.772155464
    0.720328629 0.19223398 0.84400326 0.986436009 0.0583601296
    0.616403937 0.984458208 0.295526236 0.70606488 0.70978415
    0.201533794 0.703455269 0.764694333 0.279217362 0.288377166
    0.273857236 0.14852491 0.272775322 0.550131083 0.487870961
    0.558784008 0.915088117 0.781371951 0.221926987 0.674451709
    0.485822499 0.901682198 0.159805298 0.0163311362 0.550977528
    0.475981474 0.934393764 0.0130847096 0.0992760658 0.37052691
    0.55336225 0.432246178 0.122118026 0.0979689956 0.627159834
    0.667217255 0.3145473 0.978776574 0.681094885 0.723753572
    0.615099609 0.930172801 0.813936114 0.65116477 0.399475902
    0.0985155106 0.368417919 0.544771373 0.0867954791 0.916537344
    0.105631322 0.875861406 0.342721939 0.825505853 0.919741035
    0.796207547 0.619995952 0.365642428 0.660324693 0.246662647
    0.746068001 0.415480137 0.977657795 0.388509393 0.802733123
    0.50687772 0.0161168873 0.326398462 0.608525932 0.0214531124
    0.300532341 0.196832627 0.507194221 0.908774972 0.0666305423
    0.237380713 0.220775306 0.406966865 0.692236602 0.0417410433
    0.889779687 0.729730546 0.230428457 0.524037182 0.658149838
    0.610562146 0.536148369 0.0123310387 0.569268107 0.862228394
    0.139128 0.413850218 0.65757376 0.341816187 0.794779778 0.445688099
    0.399873316 0.744807541 0.46383518 0.0262604952 0.0678729117
    0.668146372 0.591827154 0.165838242 0.514097631 0.938138723
    0.00883725286 0.132405341 0.325037837 0.307616025 0.0401907861
    0.681040525 0.0900456905 0.459620982 0.312518179 0.802530527
    0.429563612 0.958129346 0.993029952 0.209223449 0.255885065
    0.844284832 0.0348441899 0.819338262 0.907288909 0.872329533
    0.351070046 0.178588569 0.604784191 0.558535039 0.506632924
    0.712968111 0.781535447 0.480898589 0.0591117442 0.515647292
    0.135130525 0.413079917 0.943564534 0.331718594 0.105483919
    0.254884243 0.963098466 0.821348727 0.0976470411 0.0486879349
    0.942543983 0.062171638 0.893395901 0.851323366 0.675544083
    0.742397845 0.403500557 0.274342477 0.7705971 0.616207182
    0.273239046 0.0674594343 0.637392461 0.973260581 0.03852579
    0.851869524 0.28413415 0.764152288 0.246551871 0.520840049
    0.296817422 0.0919177234 0.98227036 0.229317725 0.561540067
    0.820473313 0.469892919 0.47557649 0.989014506 0.33819592
    0.538654983 0.617640436 0.865153193 0.101159543 0.845498204
    0.953137755 0.0529238284 0.312922776 0.997242153 0.916027009
    0.085635215 0.549025118 0.542676747 0.870318234 0.481074721
    0.696749806 0.602882504 0.712423205 0.240654707 0.900920153
    0.417707622 0.522421658 0.239279479 0.152582854 0.463228822
    0.143357962 0.383940309 0.707207441 0.923805475 0.322383076
    0.32723403 0.288178593 0.426478565 0.251286328 0.432249844
    0.541419923 0.575062454 0.917333961 0.60616976 0.585812926
    0.389905959 0.0836636424 0.735489905 0.771118045 0.709506273
    0.0783395767 0.497560859 0.781712174 0.574824393 0.913286686
    0.34452492 0.967247307 0.122173101 0.585454285 0.660864711
    0.521220386 0.245920688 0.0914466679 0.353129685 0.622938335
    0.564131856 0.445524186 0.961060822 0.0477281213 0.839303374
    0.400693297 0.791416109 0.106895298 0.0428181589 0.097006917
    0.201432765 0.811157584 0.717864156 0.145461172 0.620368481
    0.992428064 0.414660752 0.966460586 0.0562435985 0.812242091
    0.777042568 0.0642686486 0.272985995 0.748642564 0.764463425
    0.102733016 0.782827735 0.210410982 0.271492988 0.151708484
    0.162567317 0.450607777 0.668072283 0.827940941 0.913466692
    0.987570286 0.863190174 0.538442433 0.801362276 0.711104929
    0.909821451 0.191544235 0.47187981 0.289376378 0.764580011
    0.517778754 0.869997323 0.625673652 0.0253128707 0.708206534
    0.23197341 0.970981717 0.540085733 0.738867998 0.468773723
    0.662415206 0.415955812 0.179848075 0.384953737 0.737545967
    0.678445458 0.903324008 0.233715236 0.252559602 0.369963735
    0.206481189 0.360550433 0.0669163167 0.727304876 0.386641055
    0.591605365 0.133490831 0.602909148 0.511862636 0.22539252
    0.630763829 0.978123963 0.595563889 0.472388506 0.230474085
    0.575163126 0.85221076 0.885370851 0.886838436 0.477418423
    0.157214612 0.853412032 0.898274302 0.579855978 0.121691257
    0.81417799 0.923335493 0.0582847297 0.880022347 0.748907566
    0.656367183 0.793073297 0.577602148 0.759053111 0.893323421
    0.74696517 0.814819157 0.0775288343 0.981098413 0.622819662
    0.733347416 0.285519928 0.612089694 0.161608249 0.960753262
    0.888522148 0.049687475 0.832104385 0.982950628 0.92380172
    0.199303538 0.182453096 0.992170811 0.332983196 0.766210854
    0.0965118408 0.294734478 0.0866000652 0.0519368351 0.169344127
    0.079041034 0.276861966 0.960145175 0.359715641 0.846608162
    0.772436738 0.981612742 0.486260504 0.81748724 0.397437841
    0.722164333 0.506046176 0.235707998 0.468773097 0.333045602
    0.532013237 0.0202136338 0.128315657 0.293391705 0.648136139
    0.254036665 0.576981604 0.266284168 0.735147893 0.157290518
    0.214945942 0.410861611 0.0570155084 0.881582439 0.0452536345
    0.411778748 0.0343421102 0.00366079807 0.299509227 0.587428689
    0.198905379 0.582547247 0.363499016 0.0805340409 0.902295828
    0.589375138 0.782524705 0.435376942 0.709014893 0.258501381
    0.490682125 0.554865181 0.665722251 0.423004329 0.219796956
    0.310209751 0.139135748 0.7024647 0.548612773 0.753425658
    0.403762937 0.123637557 0.204520822 0.487866253 0.360019535
    0.589235961 0.0997418761 0.113455206 0.515039861 0.84762162
    0.677084029 0.102976292 0.99493587 0.344126403 0.892730832
    0.987805128 0.562069893 0.0340146422 0.745815396 0.768576741
    0.984259963 0.336271614 0.218042493 0.125338495 0.83849901
    0.744107127 0.796692491 0.329082429 0.739869952 0.927600503
    0.720970869 0.923088551 0.474303931 0.213204712 0.675325096
    0.393342495 0.0783873498 0.223060489 0.363286257 0.935621798
    0.825731039 0.218125671 0.496099561 0.904456377 0.903956652
    0.68340677 0.202194095 0.554843366 0.156229109 0.997699022
    0.0504882634 0.964269519 0.985469759 0.191648006 0.564249933
    0.898797333 0.12521264 0.316023469 0.180196404 0.956355691
    0.434454083 0.147321641 0.326545686 0.228507668 0.728580892
    0.302073032 0.342444658 0.317939013 0.67498672 0.0857780576
    0.853335261 0.155399114 0.327432334 0.819128931 0.50952369
    0.227149427 0.668416977 0.781978369 0.356578171 0.757099628
    0.702110946 0.215373307 0.146327376 0.452265203 0.138732463
    0.69709909 0.205058426 0.985179007 0.515936136 0.202036351
    0.802405536 0.793988943 0.278633475 0.627789974 0.916457057
    0.442135632 0.622604728 0.471000463 0.639235497 0.834959924
    0.388737559 0.889843285 0.200820178 0.184006244 0.233260304
    0.0149519742 0.41336289 0.785176218 0.427860051 0.900832534
    0.129408449 0.312165678 0.479658574 0.975997806 0.74328506
    0.869482279 0.0502473116 0.776396513 0.95974791 0.464839369
    0.881158292 0.36132139 0.368932843 0.161749363 0.232545167
    0.863588035 0.205369413 0.327029467 0.576829135 0.0557471216
    0.374241054 0.36932978 0.919188857 0.509820759 0.173347592
    0.131272614 0.879993856 0.0708350241 0.10836342 0.101979882
    0.322066724 0.458453834 0.456547827 0.22495839 0.538693666
    0.354201227 0.679752111 0.315008938 0.324662149 0.0412320495
    0.0501622558 0.306494892 0.476975262 0.0458661914 0.171804607
    0.297005832 0.370848894 0.790988326 0.805800796 0.805921078
    0.824224412 0.44085291 0.0117242336 0.671931326 0.277711689
    0.785822868 0.835807621 0.818636298 0.488228679 0.395067811
    0.284290314 0.227891952 0.837456346 0.36541155 0.136756837
    0.955580354 0.696340621 0.892868161 0.933662176 0.254094481
    0.639005482 0.508063018 0.0957693458 0.568774998 0.933217406
    0.889602661 0.145559788 0.902896762 0.369761884 0.0510291159
    0.909495831 0.765063882 0.203178257 0.356434971 0.445359349
    0.461025894 0.435582757 0.376532346 0.799703836 0.684054554
    0.587345958 0.472821265 0.65486604 0.685791075 0.83686769
    0.225210816 0.667277694 0.18391332 0.122356236 0.257654011
    0.723988652 0.26793313 0.508369803 0.581986248 0.900819063
    0.564410746 0.773434043 0.998316228 0.354829133 0.490357071
    0.214797407 0.0959426165 0.405137658 0.577443957 0.417642653
    0.531307638 0.16530329 0.138270408 0.0766456425 0.892693162
    0.911646366 0.471914947 0.0416477323 0.930759907 0.717199504
    0.521959662 0.797851086 0.692929685 0.29745394 0.33870998
    0.763030052 0.662378073 0.259039223 0.891902089 0.6021927 0.39967519
    0.950517118 0.776038885 0.413601935 0.633112669 0.802080572
    0.511997879 0.294766307 0.287264705 0.930616915 0.283507586
    0.561533153 0.788120389 0.171596587 0.752983809 0.238386124
    0.576425791 0.549448967 0.523536205 0.421806335 0.348570645
    0.37823987 0.282758474 0.278750658 0.986641407 0.845115423
    0.242477119 0.398684919 0.801938474 0.993762136 0.0355179012
    0.280495882 0.951404452 0.361923575 0.0802054405 0.338446528
    0.865197062 0.552200198 0.542279065 0.186173618 0.402121127
    0.716726124 0.137011945 0.924380124 0.653049171 0.205137759
    0.230792254 0.36509341 0.471097022 0.449001968 0.81790632
    0.271156847 0.524682283 0.98043555 0.747102559 0.354191661
    0.38284725 0.78135407 0.853615761 0.872510433 0.140148878
    0.277878851 0.100895345 0.372651517 0.888193369 0.744289041
    0.385828197 0.743935227 0.0826428235 0.471677333 0.464046866
    0.584680676 0.384088367 0.185901612 0.180990964 0.74149096
    0.734159231 0.16990602 0.0324153304 0.175501138 0.365878046
    0.0729550719 0.336411595 0.499483258 0.457566202 0.0511697531
    0.826218188 0.701399386 0.831225991 0.506455243 0.991467416
    0.900559008 0.327913582 0.764117837 0.686806917 0.450290263
    0.429047525 0.880370378 0.660524845 0.868833184 0.155564189
    0.264108002 0.846554041 0.917652011 0.664912343 0.838674784
    0.301636755 0.0144741833 0.104222536 0.915634215 0.0493575931
    0.45842737 0.435853243 0.0948616862 0.425236911 0.142204374
    0.686444104 0.130022943 0.273528576 0.396351278 0.601746559
    0.986964285 0.135610819 0.889244735 0.0520467162 0.104609668
    0.753983498 0.281140208 0.893067956 0.107869774 0.932155609
    0.850049973 0.334874868 0.62360692 0.417863488 0.315865815
    0.733885348 0.407362491 0.99954617 0.392224759 0.846883595
    0.744915485 0.552832663 0.124661654 0.423724085 0.710791349
    0.62335062 0.288346469 0.606486917 0.300868928 0.0512951314
    0.20714891 0.210894614 0.296085954 0.604501367 0.395236969
    0.825387299 0.724646926 0.519801974 0.0523915589 0.174705893
    0.901024222 0.879331589 0.132071406 0.356024563 0.857140422
    0.0339770019 0.215172321 0.270984769 0.194176167 0.857683778
    0.373005152 0.782791674 0.824243605 0.0866574049 0.670540035
    0.543275952 0.917948008 0.28124392 0.522650421 0.68468225
    0.482519746 0.813592911 0.96525383 0.700820327 0.818251252
    0.832586884 0.243858725 0.0802953839 0.67748636 0.90372014
    0.26963222 0.0585666895 0.844903231 0.53237772 0.40962711
    0.187429726 0.0279980302 0.157501161 0.929890156 0.0504234731
    0.266055554 0.50674051 0.268800437 0.288411647 0.291917026
    0.081461221 0.118154138 0.648135543 0.913555384 0.00780501962
    0.0251968503 0.933334649 0.248704344 0.89528054 0.17609933
    0.378033251 0.00420659781 0.1015459 0.653571248 0.934854031
    0.528630793 0.033988744 0.159981728 0.662990272 0.554318726
    0.334905058 0.901496232 0.305602521 0.529043376 0.920741558
    0.745787024 0.952187419 0.0511355102 0.480099142 0.319606721
    0.460979551 0.953526735 0.334740013 0.306402445 0.082361877
    0.11146459 0.902020514 0.262469679 0.291978478 0.852500319
    0.112293929 0.249630928 0.363903701 0.59973979 0.717304468
    0.931816936 0.486374706 0.390290618 0.118533224 0.836996555
    0.56910193 0.731615663 0.831546009 0.898540497 0.547466874
    0.497162521 0.221434683 0.85005337 0.483275324 0.616510689
    0.890622139 0.570957184 0.281552196 0.497560143 0.887048066
    0.351976782 0.400220096 0.585024238 0.519222915 0.827091455
    0.0558967292 0.680095017 0.0462054908 0.860043228 0.250813216
    0.850323915 0.602685153 0.162434906 0.622183561 0.318247557
    0.309300363 0.705997288 0.546768904 0.220357627 0.343976051
    0.25391826 0.447053343 0.117062241 0.673707306 0.561854064
    0.847014666 0.605375946 0.794220388 0.988556862 0.136573404
    0.283694327 0.114603221 0.416327417 0.431967467 0.218693972
    0.964375675 0.949994087 0.104200214 0.125714719 0.792347372
    0.6025998 0.776829243 0.407584548 0.313797802 0.458618164
    0.458146721 0.0749176145 0.551526666 0.143977463 0.255275846
    0.0988325775 0.423767716 0.810112894 0.12893796 0.664880157
    0.548192441 0.242696524 0.788232028 0.624513388 0.670736849
    0.475413471 0.377870202 0.00335800648 0.768455625 0.0704294741
    0.540278912 0.112355679 0.465609461 0.447365373 0.381591082
    0.235654324 0.410097659 0.372831464 0.0432069898 0.575603783
    0.0331005156 0.669539452 0.520811379 0.578724265 0.56834352
    0.652079344 0.138708383 0.43516466 0.450252086 0.623659849
    0.186302364 0.883805275 0.584481835 0.72374177 0.00509387255
    0.345545113 0.636244714 0.667195797 0.827518344 0.396077961
    0.290142238 0.957307816 0.996115208 0.402238965 0.229138047
    0.95729661 0.480744392 0.131748319 0.676710308 0.441786945
    0.294742405 0.568198442 0.739831567 0.973754525 0.858520627
    0.0208472311 0.213848501 0.163933635 0.905931294 0.566069543
    0.202644199 0.169395894 0.0264996588 0.178149104 0.637393773
    0.832071066 0.778957725 0.578508377 0.41744417 0.825437903
    0.808712602 0.83646667 0.0901292562 0.692605138 0.799138546
    0.978269696 0.969949722 0.8054353 0.969974101 0.789806128
    0.755280972 0.320623159 0.344624311 0.0295464694 0.746499538
    0.17106095 0.763344526 0.137488186 0.545245945 0.934213042
    0.613203764 0.228653729 0.0646878779 0.90667206 0.218488365
    0.947312772 0.631238699 0.319336385 0.563599706 0.716342807
    0.00662869215 0.500027537 0.777121544 0.539268017 0.780146718
    0.4262532 0.624827623 0.968317807 0.804474473 0.305127621
    0.488974392 0.560374439 0.577773511 0.150741607 0.38918823
    0.823739529 0.498462826 0.720468402 0.44134745 0.0782027841
    0.590448976 0.625149608 0.418359041 0.633173168 0.430565715
    0.349566311 0.867952585 0.983853757 0.152200729 0.60611701
    0.381679922 0.838476896 0.737567067 0.103503376 0.474892586
    0.281227827 0.663630188 0.716547549 0.837332606 0.726521611
    0.901289105 0.226483941 0.0852973461 0.179530889 0.917670131
    0.958890975 0.816186905 0.348744094 0.229227811 0.556238413
    0.437242836 0.0309173465 0.565499187 0.23351863 0.776025057
    0.700594425 0.118411481 0.0999286473 0.31640619 0.542641103
    0.668490052 0.957103848 0.146320581 0.460043192 0.368382931
    0.0390996337 0.537030756 0.907237768 0.212740034 0.736549497
    0.419022977 0.753019929 0.58749485 0.571711123 0.187087327
    0.817109883 0.399152488 0.906970739 0.504625082 0.355100214
    0.541625857 0.522500992 0.889368773 0.454899967 0.079377383
    0.363967508 0.464139849 0.379250616 0.337070584 0.59022218
    0.830130339 0.741792202 0.549831569 0.57431227 0.0269677341
    0.648541451 0.619937956 0.971040905 0.576721311 0.972848415
    0.0618925691 0.363118052 0.704341412 0.0973713994 0.674078345
    0.370202065 0.784155726 0.98796308 0.7633605 0.441868454 0.161592275
    0.103109479 0.313441813 0.614580333 0.425432622 0.80850482
    0.180538386 0.00885462761 0.362615377 0.415861875 0.057376653
    0.00445795059 0.940742016 0.213964462 0.13482663 0.251035362
    0.274273515 0.992389143 0.124465495 0.556063354 0.907220006
    0.259212673 0.656441927 0.877404392 0.294836521 0.988480687
    0.945963025 0.81702888 0.0591826141 0.393981636 0.49039343
    0.109429032 0.00872120261 0.24325785 0.44825986 0.247580916
    0.294615626 0.811619759 0.795694947 0.624576032 0.15639469
    0.728215754 0.614764988 0.243613273 0.200200617 0.403566003
    0.983546555 0.969840527 0.562983513 0.306183219 0.0984883308
    0.370085835 0.608291686 0.0368660688 0.206876099 0.271698058
    0.338665962 0.822556734 0.547888041 0.426133215 0.487616479
    0.560347617 0.879673302 0.564580441 0.625037432 0.336822838
    0.144384354 0.443506509 0.847364187 0.569268525 0.0115328431
    0.586165667 0.93015784 0.0649978817 0.714140236 0.897274613
    0.132455826 0.66705054 0.285069585 0.982461631 0.526047111
    0.905423999 0.0654898882 0.180619419 0.270685256 0.581653297
    0.824207664 0.92026186 0.125548482 0.345888674 0.432601273
    0.938668311 0.751858354 0.195792824 0.415652573 0.792825103
    0.380334854 0.410443604 0.764436126 0.821936071 0.743771672
    0.837925911 0.7162503 0.985733151 0.144428581 0.431589544
    0.106589407 0.470394343 0.364409029 0.279930502 0.250035763
    0.106644332 0.341183662 0.524551332 0.51246953 0.229551136
    0.57426399 0.395286918 0.896686554 0.256157875 0.555261791
    0.513881028 0.0381368101 0.41392529 0.0836493671 0.184179485
    0.0862998664 0.488641381 0.617169619 0.318137109 0.249505788
    0.686604142 0.748577714 0.255209744 0.848954022 0.842781305
    0.469850451 0.382166237 0.400448322 0.753612638 0.788223803
    0.556128025 0.566995323 0.266085148 0.187132835 0.567798615
    0.27807641 0.626214147 0.639630437 0.5843606 0.557635605 0.827064037
    0.677382946 0.0635410547 0.630903959 0.757416844 0.267517358
    0.522422552 0.86760962 0.643144011 0.452959031 0.440817952
    0.52357316 0.195605367 0.536559582 0.079532057 0.464569628
    0.249061108 0.90553081 0.0474101007 0.44823128 0.663525581
    0.819641888 0.906142473 0.953512251 0.689263761 0.877032638
    0.619478464 0.196620345 0.304505527 0.406237036 0.0336529911
    0.585347891 0.0853531659 0.986286998 0.792789876 0.95987606
    0.982827544 0.0436055958 0.0240029991 0.596667588 0.567447186
    0.217616588 0.724834204 0.391100317 0.877533078 0.499527931
    0.106645644 0.848065138 0.955879688 0.525805712 0.0485834181
    0.849317908 0.392529607 0.0774719119 0.381399393 0.185714781
    0.607042909 0.0428341925 0.36877352 0.095680654 0.361575246
    0.942141652 0.580491662 0.113456726 0.446571827 0.794983506
    0.101972491 0.800353527 0.097289443 0.492719054 0.597742677
    0.555932939 0.148918003 0.833503723 0.463024676 0.2391707
    0.399621546 0.875150084 0.740425944 0.145871013 0.749367416
    0.0384043455 0.744625926 0.996094823 0.669184566 0.94146198
    0.588767052 0.209549695 0.52399081 0.425866604 0.382339001
    0.038787365 0.74182272 0.981490135 0.405703306 0.0269424021
    0.342440486 0.296169013 0.922333598 0.506192029 0.591712952
    0.418647707 0.540288448 0.734380603 0.913419425 0.941784799
    0.0364671052 0.975117326 0.721901596 0.0198886991 0.493312806
    0.160019577 0.913599133 0.247568607 0.85636425 0.131743491
    0.0145680904 0.675701261 0.805379808 0.0426138639 0.923949778
    0.974117398 0.424478769 0.674982846 0.0920974016 0.117547899
    0.812761188 0.261762649 0.0843629539 0.36194402 0.501034498
    0.706401289 0.936588407 0.172512084 0.622707844 0.0197074115
    0.762195826 0.181432068 0.155127376 0.328692377 0.276027173
    0.793506265 0.474136442 0.802116275 0.548072517 0.65149796
    0.982882619 0.746873498 0.871245265 0.224216849 0.912075758
    0.812120497 0.554728031 0.175162524 0.622237206 0.478555024
    0.145947456 0.624836683 0.57404989 0.929993033 0.731684625
    0.783588886 0.525758028 0.525659859 0.709180772 0.580081582
    0.121117502 0.821898699 0.930850744 0.487340868 0.82092154
    0.780962527 0.759397745 0.136116147 0.257816792 0.704232097
    0.887750983 0.561095238 0.585108399 0.054515332 0.286522686
    0.566913426 0.00873589516 0.145471603 0.65592432 0.501008987
    0.199585915 0.5271101 0.206435472 0.23586762 0.293949813 0.263433009
    0.0987730324 0.314575523 0.272818148 0.554755807 0.884692013
    0.713608742 0.735425949 0.214661926 0.13382569 0.374264538
    0.940167189 0.577426732 0.350355446 0.751021028 0.14893204
    0.908358812 0.575946748 0.198019922 0.579333961 0.37325865
    0.85000515 0.0462066829 0.371919274 0.16156894 0.40143007
    0.839757681 0.503543735 0.390036881 0.837243378 0.803826332
    0.539255857 0.140544415 0.0922222435 0.026866436 0.770754576
    0.852709651 0.315958679 0.739064515 0.691848695 0.769633055
    0.656698525 0.85416615 0.775165081 0.856659532 0.883353233
    0.646748126 0.034989208 0.324547023 0.30872041 0.637584209
    0.21130833 0.641716719 0.456033051 0.11245957 0.444563329 0.67209518
    0.576142609 0.0497326255 0.239356875 0.209924549 0.494592994
    0.191116512 0.225705653 0.656175137 0.863236666 0.194871187
    0.75083971 0.964210272 0.304349571 0.958409727 0.088557601
    0.718841791 0.785201013 0.908115268 0.691035569 0.710268497
    0.857514143 0.830348492 0.206886679 0.628307462 0.547856569
    0.533294857 0.502379298 0.700538874 0.540133715 0.921079516
    0.648420334 0.175324678 0.718082488 0.536156893 0.64390111
    0.358566463 0.381078959 0.272765487 0.618663192 0.990388274
    0.0911737978 0.994427323 0.736827254 0.316337556 0.13465032
    0.874252796 0.0120423436 0.923304617 0.473973751 0.243646264
    0.66011548 0.973696232 0.805258393 0.626490057 0.589452684
    0.684089661 0.282016784 0.562171936 0.822671175 0.20045042
    0.708452225 0.244796544 0.865970194 0.664216757 0.0232842267
    0.966136575 0.481472105 0.118401855 0.626694798 0.0527785718
    0.157768071 0.0324545205 0.054176569 0.27579993 0.92904985
    0.457938313 0.630928636 0.832026899 0.749646902 0.477866352
    0.624084353 0.263976574 0.575533748 0.281066537 0.713905931
    0.89080584 0.36195308 0.705027878 0.396572173 0.311072707
    0.649397492 0.4528732 0.592902839 0.607711017 0.112966686
    0.638659239 0.794369519 0.558072567 0.948839366 0.255539209
    0.710552335 0.982293129 0.961409152 0.512434542 0.703408718
    0.383873612 0.815611959 0.63589859 0.0367234051 0.471364915
    0.295259953 0.0636059344 0.567714453 0.871853113 0.732251883
    0.967018187 0.553254664 0.808493614 0.785706639 0.0329681635
    0.15730077 0.365014553 0.820464313 0.372822255 0.820782304
    0.508308947 0.158670068 0.932381511 0.867223978 0.515739262
    0.792204678 0.366606086 0.0411745012 0.968343437 0.888992548
    0.609014869 0.666540742 0.320374817 0.0693931282 0.937654972
    0.898570061 0.340626806 0.316311896 0.672653139 0.15939641
    0.467767835 0.580316067 0.207214445 0.782523215 0.299291968
    0.092477113 0.089720279 0.999387562 0.568108916 0.305160224
    0.520657599 0.954331875 0.0983880758 0.22288999 0.412171364
    0.0876594484 0.0931468606 0.704690397 0.441521406 0.213471621
    0.571991265 0.326137006 0.0902840793 0.895383954 0.28665334
    0.0402199924 0.806784987 0.711450577 0.772939563 0.253701985
    0.0333949924 0.0427295268 0.744295835 0.0970971286 0.0544074774
    0.468607694 0.447130591 0.643909872 0.765021443 0.232950419
    0.581645608 0.39099741 0.217088163 0.501412988 0.0714502335
    0.790249467 0.324103713 0.448890626 0.785894036 0.947631598
    0.985154986 0.207622766 0.818885803 0.288882822 0.355249107
    0.97008568 0.414171934 0.184385568 0.469365358 0.820667505
    0.684480786 0.353254646 0.090513587 0.871028543 0.0551496744
    0.122928023 0.225533336 0.0985407531 0.968261957 0.316551089
    0.706027925 0.941212535 0.032982111 0.942828178 0.356878459
    0.103967845 0.474579275 0.413062841 0.727587342 0.908256888
    0.491659939 0.235262603 0.984450519 0.106685311 0.310719669
    0.652660608 0.958478749 0.396469623 0.825049281 0.555407822
    0.121671021 0.39413777 0.302276701 0.568155646 0.268264264
    0.258420467 0.577479184 0.0351982713 0.365729719 0.255799532
    0.226679832 0.423720181 0.166967928 0.602349222 0.332629979
    0.382656932 0.461284161 0.853421211 0.565227211 0.603330493
    0.855686545 0.175980359 0.878531337 0.778541088 0.016262114
    0.514605999 0.195228577 0.778930783 0.97893393 0.568267286
    0.569404364 0.823297381 0.303643882 0.48312825 0.212910205
    0.269747883 0.837166131 0.334230661 0.711289763 0.0691921115
    0.238032967 0.550421 0.167461812 0.0757992268 0.110842198
    0.980640829 0.671335578 0.0725392699 0.188961089 0.287704349
    0.222143948 0.296113789 0.189702779 0.881736279 0.0909264684
    0.209996164 0.940208316 0.726479709 0.238921821 0.567914844
    0.157313287 0.637206435 0.259018183 0.429317832 0.0369861424
    0.257485479 0.507879138 0.711732626 0.634310067 0.259634554
    0.488176435 0.372999489 0.963903546 0.029330194 0.730708778
    0.756965399 0.0978058279 0.846810818 0.288501799 0.690049171
    0.0116446018 0.901366889 0.385191143 0.887386441 0.5606215
    0.285369575 0.832120121 0.244760305 0.565208256 0.306340754
    0.428387225 0.653837204 0.942689896 0.516078651 0.394284129
    0.647784352 0.687206864 0.311892927 0.979572296 0.295667529
    0.315120667 0.876406074 0.678194821 0.920329809 0.947451651
    0.261012524 0.379688382 0.00721141696 0.730769992 0.266743362
    0.252577335 0.306063622 0.917551875 0.472616881 0.0890574455
    0.846038818 0.964046717 0.362314939 0.198447794 0.864318848
    0.0285154283 0.179083794 0.821354508 0.116133034 0.845636129
    0.202769458 0.023927331 0.717999279 0.45759505 0.469269097
    0.114738256 0.151656985 0.958069801 0.182477653 0.922902346
    0.706080794 0.248994291 0.330963254 0.0200713575 0.507291317
    0.0226195455 0.675462425 0.506670594 0.76693517 0.948508739
    0.175026327 0.257028222 0.0204456449 0.937201738 0.453947127
    0.186653465 0.56939584 0.588816524 0.939584851 0.507940114
    0.702671468 0.179651409 0.174257874 0.20386219 0.230200231
    0.0275300443 0.915937245 0.587323844 0.381997585 0.399969399
    0.761017799 0.611078739 0.813846707 0.270066619 0.00360426307
    0.734682679 0.774438262 0.0252170265 0.764246106 0.030523628
    0.932983994 0.260075331 0.965940952 0.160438448 0.111650884
    0.989521265 0.786931276 0.350070268 0.894544244 0.220579237
    0.699775279 0.109465271 0.966893554 0.903847814 0.856208146
    0.136657059 0.0619320273 0.647765458 0.0854567587 0.0208519995
    0.63598597 0.832287908 0.627028584 0.240004838 0.151550472
    0.577849984 0.70668602 0.636300802 0.953775764 0.695472717
    0.822040856 0.0882262886 0.0927014053 0.200578332 0.177812964
    0.530846 0.113145709 0.33515054 0.296637535 0.820424676 0.497799397
    0.357837379 0.414324373 0.961510003 0.725567937 0.798492789
    0.240708649 0.400656223 0.111146808 0.8645401 0.47210905 0.200409055
    0.712356329 0.339757323 0.412276387 0.935847819 0.518056333
    0.135077387 0.705203652 0.457799673 0.331292391 0.226635039
    0.29999584 0.401340514 0.705268621 0.453330934 0.280165851
    0.824112654 0.33659324 0.16875723 0.918433785 0.65561074 0.813484073
    0.73722887 0.900819063 0.111967683 0.211733162 0.056209147
    0.116781205 0.503504932 0.134059846 0.400085121 0.730822682
    0.710203111 0.274784178 0.943277955 0.561519563 0.214905471
    0.133987159 0.195583999 0.695218921 0.811806977 0.700053811
    0.651283145 0.911373973 0.710063756 0.124830067 0.365054637
    0.332263768 0.597762346 0.229771018 0.739251137 0.528312862
    0.270833671 0.640219271 0.389768422 0.454184473 0.013117373
    0.442261517 0.355198503 0.326830268 0.924831808 0.367914021
    0.457074016 0.236063957 0.876547396 0.64262414 0.791881323
    0.867977977 0.522418022 0.327077746 0.173089743 0.421303689
    0.652561247 0.913223386 0.522663593 0.383618146 0.526586533
    0.480766177 0.758118868 0.66082263 0.697853386 0.214754134
    0.324638188 0.103321105 0.0176095366 0.0353340507 0.868930876
    0.00978413224 0.186010718 0.484874845 0.152355343 0.410198659
    0.586125076 0.0894418061 0.36418882 0.709339857 0.0079420507
    0.0723184347 0.107356071 0.273990959 0.383211046 0.387123495
    0.312630057 0.0621230304 0.267855763 0.381113768 0.845999718
    0.941535652 0.708449721 0.0788385272 0.683568418 0.816550493
    0.927630186 0.0756587982 0.459739655 0.189874053 0.168548197
    0.242508888 0.475126296 0.881419897 0.501833975 0.001778543
    0.756080985 0.095350951 0.322931021 0.0288664699 0.771457076
    0.615311921 0.973600447 0.801401079 0.02242589 0.461847872
    0.016086936 0.132446229 0.796066284 0.215137392 0.609989941
    0.583401144 0.432733417 0.500871062 0.720430732 0.410918206
    0.800857782 0.316589952 0.285626918 0.59830147 0.107915252
    0.235793948 0.219240487 0.972561359 0.952234924 0.793229461
    0.469058216 0.231473833 0.862010717 0.134935379 0.574819922
    0.537366033 0.50883323 0.941589057 0.327727318 0.460341752
    0.85813725 0.563778341 0.582120359 0.159243196 0.578300416
    0.561379313 0.277445734 0.590711057 0.262846529 0.230900377
    0.0603200793 0.632248878 0.504777312 0.107052118 0.181907147
    0.450217992 0.0199083388 0.543815553 0.582232773 0.0609498918
    0.412615925 0.633701324 0.213678509 0.678378046 0.0236645937
    0.222374588 0.329851091 0.0556609631 0.433743179 0.331065595
    0.851759911 0.313130617 0.475903511 0.897019386 0.351469219
    0.0502634346 0.674504936 0.158714861 0.139061749 0.0335286558
    0.670890033 0.247756302 0.602924347 0.155610561 0.37037015
    0.984306335 0.58411622 0.73845613 0.71056515 0.535575449 0.27777791
    0.893459797 0.916215539 0.794106603 0.824082494 0.756833613
    0.853567243 0.479318917 0.372022748 0.452733696 0.56224215
    0.940081418 0.368656307 0.446938396 0.56939888 0.072057128
    0.455802321 0.414337575 0.597512543 0.415917277 0.0389645398
    0.173822403 0.429614276 0.0253289044 0.0323040485 0.665982008
    0.193361193 0.433853447 0.928795218 0.116003036 0.0761416256
    0.396719247 0.21023953 0.63177681 0.133632272 0.481661767
    0.976795197 0.171510786 0.478981227 0.90535295 0.237455279
    0.0295060277 0.428623319 0.724029839 0.894821525 0.0411622524
    0.538512528 0.42993018 0.109922767 0.652715445 0.892106473
    0.928524375 0.781198144 0.405246615 0.805931926 0.376101524
    0.652507007 0.485633999 0.587434173 0.0116436481 0.204241276
    0.597165048 0.890549183 0.00520452857 0.338002682 0.0323696136
    0.33398211 0.53728354 0.471555591 0.021030277 0.779211044
    0.232262015 0.3677091 0.220114738 0.331515551 0.694026947
    0.0393521786 0.652227044 0.616137326 0.935150504 0.800876617
    0.128014058 0.865789473 0.478934795 0.725288868 0.92495203
    0.114960819 0.84832412 0.683718503 0.215738982 0.73004961
    0.0398054123 0.443035275 0.333171517 0.0564027131 0.392903119
    0.500461936 0.576228619 0.176595241 0.627154112 0.817296922
    0.263182878 0.168637693 0.699445963 0.978421688 0.0586349666
    0.315131307 0.298947722 0.871305704 0.375430852 0.149346441
    0.595046341 0.528415978 0.545481503 0.908026457 0.0117005408
    0.521622419 0.616388619 0.377259672 0.920392156 0.318649203
    0.478887022 0.131677836 0.578540921 0.105879694 0.863752544
    0.139135599 0.742699087 0.34140408 0.207800686 0.265170634
    0.16826269 0.834163308 0.145896196 0.545548379 0.772485971
    0.873586416 0.254291177 0.0708136559 0.341552079 0.876871586
    0.347865403 0.522961855 0.547135711 0.863056719 0.176732481
    0.288275957 0.926279247 0.140578419 0.693872452 0.876421154
    0.0219762623 0.758152306 0.454087257 0.707006872 0.315924555
    0.753750324 0.614501536 0.762240171 0.273794293 0.682951868
    0.536234498 0.293660343 0.849206209 0.648093283 0.132449359
    0.863772035 0.281802922 0.785372019 0.891238332 0.115458488
    0.0728330314 0.30276829 0.229128838 0.0298300683 0.496000439
    0.501897931 0.975716472 0.3406201 0.505948484 0.920047283
    0.0150897503 0.0857884288 0.749592185 0.664178848 0.193413109
    0.217161596 0.754142404 0.471501589 0.991403222 0.741873384
    0.307578087 0.512067318 0.758881211 0.704764485 0.101662904
    0.228713244 0.652118325 0.194581568 0.341400027 0.990557969
    0.631846547 0.0739912391 0.442914456 0.107662171 0.843938887
    0.277078778 0.182579637 0.5801844 0.0917555988 0.833449423
    0.872423232 0.605989635 0.0970220566 0.638543367 0.674444556
    0.541287959 0.219519258 0.407411516 0.276304603 0.619033813
    0.0570773482 0.459463388 0.947464049 0.40811947 0.910858631
    0.471082389 0.13132295 0.0275083482 0.753747821 0.323744506
    0.707358241 0.490365058 0.432220668 0.0268731117 0.163320333
    0.477843374 0.119274288 0.39310658 0.823550642 0.5669083 0.811514974
    0.373195857 0.13314262 0.641306818 0.905045688 0.508075595
    0.354802966 0.285431534 0.774966478 0.772596538 0.134063363
    0.965557337 0.1774638 0.0739769936 0.460643411 0.195714682
    0.250600606 0.756936431 0.325838059 0.254171133 0.409676731
    0.955930471 0.306393385 0.533978641 0.457953721 0.646045685
    0.505093873 0.0259360671 0.516518116 0.25079295 0.846320689
    0.741941512 0.846254706 0.873917699 0.998752594 0.321644604
    0.332786232 0.0574610829 0.778799474 0.190569073 0.343211025
    0.548401833 0.281154215 0.851931751 0.230979353 0.919458032
    0.0462152958 0.187903762 0.665239871 0.384532392 0.55428654
    0.325243831 0.802210212 0.360577315 0.101797402 0.342342198
    0.643541038 0.181047857 0.371462345 0.849828184 0.934267402
    0.274056584 0.616452217 0.238170058 0.451399505 0.770335138
    0.444948435 0.148303896 0.106155664 0.494811952 0.484968662
    0.665878773 0.540925384 0.123723418 0.468060911 0.929161429
    0.796812415 0.263762057 0.8254053 0.159870178 0.37085706 0.156594604
    0.647744298 0.311111629 0.428260207 0.221588969 0.768590212
    0.98439604 0.160173625 0.141145796 0.267368704 0.125483185
    0.00728461146 0.482595712 0.94054985 0.613195002 0.26082778
    0.38997829 0.206195801 0.998794913 0.892285585 0.955656886
    0.962761402 0.26653707 0.45552215 0.129460961 0.0216513872
    0.342480779 0.0327175856 0.036478132 0.901165783 0.747854471
    0.873200476 0.351643234 0.576085985 0.366192162 0.701638699
    0.575628579 0.793718815 0.304022253 0.585884809 0.225976348
    0.355245799 0.288807571 0.727003098 0.524295032 0.974606872
    0.552609086 0.611452043 0.511730552 0.114441305 0.381960988
    0.487330884 0.937288761 0.862850666 0.431285083 0.251071513
    0.764449179 0.260278285 0.838189721 0.928988636 0.411504805
    0.808710098 0.0100520551 0.656358957 0.969676137 0.960202456
    0.464446664 0.717308402 0.355195969 0.888640165 0.902665734
    0.312257499 0.513535917 0.590357244 0.316367447 0.348203123
    0.392358631 0.67113322 0.457249224 0.786854506 0.979953885
    0.861338079 0.216750592 0.767247915 0.307538986 0.714139342
    0.904256821 0.371554434 0.676849961 0.476316929 0.940597534
    0.0497980118 0.489303738 0.697615504 0.645029783 0.378761441
    0.0544640124 0.808368027 0.232292235 0.959980309 0.743319273
    0.832461238 0.186973095 0.41591841 0.559334815 0.96080333
    0.0497286618 0.814195871 0.0435257554 0.406940997 0.423860729
    0.374641627 0.573106349 0.737366736 0.528085709 0.705042422
    0.792256713 0.736255765 0.899505556 0.334217548 0.994485259
    0.918418884 0.251596123 0.440424651 0.20344311 0.788433552
    0.406396329 0.742673695 0.576433361 0.96681726 0.0253026485
    0.210706264 0.14095965 0.105959505 0.0746561587 0.0618734658
    0.43756187 0.888723016 0.691852331 0.353776634 0.0432433784
    0.445409179 0.581032932 0.250924289 0.53537184 0.107679367
    0.883104444 0.292850077 0.275948226 0.503143728 0.167708874
    0.353206277 0.0509694219 0.735371232 0.541271925 0.338418603
    0.460788429 0.753899813 0.55919081 0.440348387 0.631271005
    0.301493287 0.310718834 0.16245237 0.00710937381 0.802775025
    0.232265919 0.334136158 0.0302228332 0.735842645 0.742657423
    0.720367312 0.286550462 0.322634995 0.12081793 0.65678215
    0.795127571 0.283163369 0.512135029 0.771517158 0.397206515
    0.329036355 0.441706508 0.604719102 0.643712819 0.123840094
    0.0424773693 0.521557271 0.985726118 0.224773586 0.444833398
    0.0128882527 0.972814381 0.498763144 0.755093753 0.253968537
    0.307501733 0.795742512 0.185407281 0.495022625 0.693293929
    0.664170146 0.349884719 0.920675397 0.521900952 0.404430151
    0.616726756 0.714609802 0.337432027 0.81656754 0.190341771
    0.985547304 0.147251815 0.640986204 0.689556777 0.585333586
    0.0808837712 0.242379516 0.690324605 0.663607299 0.0941821337
    0.398378968 0.335778117 0.0608316064 0.315041125 0.764276743
    0.69831568 0.88993907 0.160609484 0.572019398 0.660562873
    0.362762928 0.540354252 0.761522174 0.645989656 0.933009148
    0.53123498 0.683863163 0.784939468 0.627870202 0.798835874
    0.546526253 0.853654385 0.973016322 0.381390631 0.290144742
    0.979080319 0.20874086 0.205921441 0.642476857 0.276070446
    0.98079288 0.0465341806 0.418474853 0.412127078 0.308167219
    0.701488972 0.479795009 0.878368735 0.429117918 0.595819294
    0.22811237 0.934798002 0.0598851144 0.477487683 0.194073439
    0.127741605 0.809508026 0.146679729 0.139509469 0.119208723
    0.578424454 0.81677109 0.995663524 0.9498142 0.806861877 0.613568902
    0.296575397 0.355910838 0.826646209 0.836862326 0.834423363
    0.549625874 0.243972659 0.646550655 0.431492984 0.171968371
    0.237476617 0.32496962 0.175700009 0.813825369 0.2059623 0.750462413
    0.00159454346 0.399055243 0.846489072 0.461259633 0.869341254
    0.93873775 0.721999645 0.0491785705 0.376493335 0.00348937511
    0.944043398 0.0118008256 0.637096763 0.0052922368 0.350749105
    0.595395446 0.826210856 0.927818835 0.935105681 0.176730126
    0.69887805 0.962240219 0.533079684 0.839642525 0.255740702
    0.513454795 0.880975008 0.14699614 0.19581604 0.786049008
    0.747010171 0.497789651 0.924365282 0.652092934 0.754180908
    0.663705528 0.511249006 0.463098466 0.190413415 0.811045349
    0.312941968 0.978015721 0.303637326 0.550032437 0.125255704
    0.448449075 0.579076409 0.834840775 0.796038926 0.33576259
    0.42854467 0.152841806 0.849727094 0.178588808 0.594903469
    0.657999516 0.0405322909 0.885446668 0.595675826 0.44187066
    0.129418641 0.359633476 0.321912676 0.0760978758 0.550184608
    0.586511314 0.525676072 0.420808643 0.725406885 0.575986207
    0.84357965 0.38914597 0.819873095 0.551306129 0.851133466
    0.195168197 0.189920247 0.867070913 0.91592586 0.534855068
    0.562576532 0.537150204 0.434185594 0.797917128 0.103526622
    0.370561361 0.0372159183 0.111329198 0.334048331 0.551555455
    0.989795327 0.393646002 0.765198708 0.913192749 0.054766953
    0.837417841 0.856387377 0.533530653 0.933804631 0.498475432
    0.406962454 0.214132756 0.154460311 0.501403511 0.944357216
    0.893856883 0.0510027409 0.185633004 0.662818551 0.13776949
    0.0194019973 0.535149038 0.66757977 0.437282622 0.84116447
    0.148664117 0.679674447 0.822875023 0.72636348 0.0834780931
    0.719737291 0.734717906 0.738847256 0.945225537 0.899478734
    0.962542653 0.888832331 0.616613686 0.327643871 0.831365645
    0.406924129 0.65805614 0.65633285 0.328778446 0.609125137
    0.650727749 0.73297596 0.63344574 0.309049726 0.894001126
    0.0629113317 0.593002558 0.0749833882 0.157309026 0.758275151
    0.870877743 0.167937666 0.71683991 0.403432548 0.249770939
    0.935177207 0.826871514 0.164330065 0.379582345 0.546688795
    0.332061172 0.949297428 0.270206362 0.462431699 0.608908772
    0.516057611 0.029451251 0.513218403 0.720808029 0.0638197362
    0.867512047 0.807198167 0.364889383 0.966112375 0.585272908
    0.861914158 0.452162743 0.0469628274 0.0105413795 0.720829785
    0.438705981 0.214869201 0.681049347 0.0583868027 0.941790819
    0.853371024 0.363433242 0.625883818 0.861744761 0.981930256
    0.415108323 0.615648031 0.385251105 0.218394637 0.0229748785
    0.916947126 0.0217186809 0.801536918 0.297567904 0.351919562
    0.582065463 0.33091408 0.311889291 0.681580067 0.947550893
    0.41489616 0.595158398 0.798735797 0.115170628 0.779267788
    0.0750977695 0.00600337982 0.527046263 0.10433805 0.938665748
    0.176191688 0.84173733 0.170564145 0.7654773 0.182171524 0.58145833
    0.458468735 0.57837528 0.751196921 0.656622171 0.136180013
    0.678854346 0.404376686 0.45596081 0.147813559 0.588256717
    0.325083673 0.945902348 0.11386925 0.233293176 0.681438804
    0.655224442 0.0691955388 0.634266198 0.338066816 0.582136095
    0.00257870555 0.988516331 0.578243554 0.634258866 0.561992288
    0.855266929 0.482792556 0.842982888 0.72675252 0.0375587344
    0.800962567 0.489001006 0.993159175 0.960219383 0.440964133
    0.205418348 0.655122936 0.358288527 0.99170053 0.016767174
    0.954740763 0.668356359 0.403411746 0.878803015 0.0986641645
    0.419245183 0.567823231 0.0634995401 0.827544212 0.631272972
    0.424636275 0.18506974 0.0390794873 0.729355812 0.501088023
    0.049220711 0.00700306892 0.695838869 0.665361941 0.489535302
    0.149651438 0.457377076 0.000140786171 0.664323568 0.55999887
    0.676430047 0.103710443 0.897419572 0.56237179 0.338732779
    0.0323207974 0.18149364 0.738760352 0.304522812 0.675498426
    0.881198168 0.0632451773 0.537133932 0.566466987 0.723515451
    0.351050317 0.897343934 0.440105528 0.516040564 0.836756468
    0.93955338 0.284159124 0.684506595 0.771394908 0.0273970366
    0.212421149 0.229070097 0.0177052915 0.147300541 0.876582861
    0.488495111 0.307359606 0.335912228 0.657779872 0.814650774
    0.841461241 0.791969419 0.0256084502 0.167788386 0.345903099
    0.635558367 0.0118328929 0.00299936533 0.696220517 0.924663901
    0.677838087 0.690013707 0.184031337 0.403572351 0.306845188
    0.905892193 0.244177103 0.00585266948 0.226836503 0.253926158
    0.108832866 0.475469917 0.224704653 0.502701759 0.946164072
    0.972421229 0.959825397 0.300457239 0.913887143 0.808946431
    0.339756548 0.132991612 0.15028441 0.613134265 0.942770898
    0.0902172029 0.166432768 0.761409342 0.173514307 0.019184649
    0.52488488 0.311751842 0.226403475 0.00264275074 0.392932355
    0.414709002 0.0333190262 0.171421707 0.0642122924 0.424463391
    0.636670172 0.844476938 0.588321447 0.840413451 0.444276094
    0.139389902 0.680612445 0.58387804 0.650452793 0.292133659
    0.475255102 0.97359097 0.474085748 0.359108806 0.991628647
    0.438259691 0.322636008 0.961074293 0.735869706 0.510213137
    0.252285063 0.715372443 0.937486887 0.188802183 0.89249146
    0.516206026 0.417520761 0.483829707 0.0490676761 0.87017262
    0.770370483 0.373949975 0.3060835 0.0334608853 0.122974962
    0.770120919 0.294786692 0.917644978 0.584699988 0.56343466
    0.718244851 0.295589805 0.577839494 0.118478864 0.657378674
    0.128192127 0.628170252 0.151134461 0.160128474 0.196314931
    0.981140971 0.620138407 0.386085063 0.616580307 0.756045341
    0.89631021 0.285461605 0.640739918 0.594054997 0.35861367
    0.680141449 0.552459896 0.512779236 0.116850168 0.334346294
    0.848942637 0.319470108 0.305399656 0.936308861 0.185255349
    0.000413119793 0.434987724 0.331753343 0.844204545 0.189513564
    0.177948982 0.372284532 0.791579783 0.55034548 0.688596964
    0.587880492 0.789254427 0.31092906 0.695228219 0.765352488
    0.175197542 0.508383989 0.695921659 0.045910567 0.785915792
    0.625164866 0.203418314 0.873732805 0.0941342115 0.527080655
    0.239562243 0.311871231 0.78000164 0.866362214 0.587557077
    0.487372845 0.479502141 0.246099949 0.208119988 0.834150851
    0.042767942 0.859940946 0.266509444 0.924692094 0.590268433
    0.752722502 0.688630223 0.854848206 0.391352117 0.584826887
    0.602403402 0.96216321 0.350210041 0.0615088642 0.832648039
    0.247228622 0.591219425 0.328178227 0.313384712 0.0519027114
    0.726266384 0.136105746 0.260884464 0.159400612 0.674697101
    0.968252718 0.557723463 0.229616463 0.417817354 0.34879607
    0.150800109 0.372448146 0.926077724 0.218553632 0.488580674
    0.225981802 0.0378738642 0.735923469 0.953981459 0.852189839
    0.710107028 0.132807225 0.604022443 0.153623104 0.294012308
    0.463707566 0.497166812 0.663605809 0.50410217 0.726651609
    0.848846793 0.040977031 0.303760052 0.521228671 0.312713504
    0.777886271 0.64414978 0.843156815 0.457751513 0.369972467
    0.832336426 0.616017401 0.200491041 0.704415023 0.124810874
    0.420133948 0.784246087 0.131630838 0.820501626 0.14721486
    0.753212214 0.070595026 0.0349754393 0.478245854 0.341694176
    0.653721154 0.199051291 0.268314093 0.353155077 0.125422657
    0.587732255 0.325113475 0.383815527 0.430946052 0.0434305668
    0.0334573686 0.534131527 0.847782731 0.825081944 0.406694591
    0.369503826 0.381787717 0.00759837031 0.881418109 0.747456729
    0.705907166 0.500763774 0.601892173 0.746888399 0.641956985
    0.859033287 0.741752088 0.0305654109 0.87659651 0.0162667036
    0.0103886425 0.901177347 0.757918477 0.465185404 0.337768614
    0.013923347 0.473338485 0.264939606 0.828705907 0.438762963
    0.756613255 0.26538527 0.0547293127 0.393785506 0.315303445
    0.463493228 0.0395064652 0.232998252 0.552139461 0.436732113
    0.0314492583 0.888226271 0.729302824 0.446635485 0.227960229
    0.111566454 0.0506864488 0.450713962 0.517748356 0.19892621
    0.536101818 0.440986782 0.0361131728 0.84646666 0.947272062
    0.887084961 0.267523825 0.483020008 0.588498831 0.122022927
    0.286614776 0.60600853 0.20276019 0.290319711 0.224942744
    0.776207745 0.206487566 0.491153806 0.168588579 0.137619138
    0.412856936 0.778266191 0.78961122 0.502788007 0.0186085701
    0.378795743 0.276781321 0.483565599 0.988300383 0.847402096
    0.783631206 0.712045848 0.341693074 0.358311296 0.756048322
    0.175521046 0.55634439 0.319289565 0.390948772 0.553631067
    0.845615566 0.172354907 0.810838103 0.187927037 0.734389126
    0.799545407 0.738982141 0.0319612324 0.165876895 0.0880968273
    0.509010971 0.739463806 0.948784471 0.510398209 0.911449969
    0.785252392 0.743018866 0.369933754 0.106507212 0.416263551
    0.722386897 0.203044415 0.319434524 0.284858882 0.721871376
    0.513323009 0.757946491 0.128296286 0.689919531 0.435952485
    0.218886584 0.193868756 0.904345751 0.603822649 0.930618584
    0.128406346 0.605022967 0.900559425 0.808205485 0.955821753
    0.485354424 0.400289416 0.647320032 0.849008203 0.297267258
    0.901795268 0.443989813 0.316989571 0.916880965 0.926237524
    0.971093655 0.5176121 0.0123732388 0.0958680809 0.942226768
    0.172596365 0.89301157 0.556335449 0.814409792 0.129784703
    0.992446661 0.435948521 0.955673695 0.0743023157 0.340364337
    0.402519792 0.700854242 0.643641055 0.613488734 0.534244776
    0.434390128 0.239561498 0.00512653589 0.805143178 0.218933553
    0.876572192 0.0543053448 0.893470824 0.538715363 0.854792655
    0.993623912 0.58669138 0.970957398 0.953419685 0.587000489
    0.946752667 0.242720693 0.669384897 0.473094642 0.55696255
    0.973865628 0.852117121 0.348502398 0.137755096 0.887722135
    0.773285866 0.671035647 0.678340197 0.205731899 0.532366216
    0.639327526 0.709339142 0.4838503 0.214679003 0.91887188 0.898135424
    0.453888476 0.140754342 0.648836136 0.9807477 0.209307462
    0.790936172 0.996141553 0.990471125 0.718304574 0.478095412
    0.65505147 0.594275475 0.74311161 0.0920026302 0.22050783 0.68513155
    0.755557358 0.76036191 0.521494746 0.613822162 0.518646002
    0.283878505 0.0676400363 0.859806538 0.790683508 0.240801871
    0.13177523 0.448987871 0.355580389 0.740374684 0.697089672
    0.792702556 0.63332963 0.484731913 0.131579429 0.273602217
    0.951070666 0.099203229 0.556761026 0.582708538 0.911920786
    0.0550689995 0.301805377 0.669149697 0.814972162 0.484222412
    0.417744875 0.0840938985 0.946852207 0.169163465 0.0618593097
    0.480765402 0.241349995 0.198851824 0.559903681 0.225217879
    0.406778693 0.945765257 0.395501047 0.231352746 0.963556886
    0.973571539 0.0776352584 0.233042538 0.801865816 0.422634274
    0.76327455 0.300872207 0.427263796 0.547201812 0.457683831
    0.383118331 0.262311339 0.0854274035 0.913604259 0.0729147494
    0.877598941 0.185470521 0.765790462 0.417282283 0.694325089
    0.4878093 0.0667492449 0.540109038 0.646612883 0.369660199
    0.266634911 0.233753055 0.620706737 0.0565358996 0.974642813
    0.0414160788 0.130509943 0.764307559 0.047283262 0.891773582
    0.375506341 0.761551976 0.47298497 0.416594326 0.677001715
    0.350202799 0.277020395 0.0838825107 0.921639144 0.269837469
    0.916959286 0.197145611 0.702590466 0.713559031 0.0872477591
    0.87574625 0.532148361 0.895885229 0.494857788 0.295608461
    0.318484873 0.499344766 0.64618659 0.614165485 0.691417277
    0.0295293629 0.77790308 0.733221531 0.127485782 0.490683258
    0.435807228 0.643999636 0.859767437 0.436874688 0.145262957
    0.391815037 0.164965421 0.78936553 0.861772716 0.172335118
    0.925152898 0.309648097 0.215572774 0.192736268 0.346877456
    0.38193512 0.707750499 0.939552665 0.277312875 0.683904767
    0.701419592 0.905854344 0.793996811 0.302396119 0.306336343
    0.275393218 0.2756899 0.243825316 0.485134065 0.829769611
    0.653445661 0.332373381 0.403313935 0.0522160828 0.990926027
    0.737380743 0.332399219 0.731279492 0.204189688 0.418204904
    0.494559467 0.207480133 0.944258332 0.954662323 0.959216118
    0.656276941 0.549056947 0.346036971 0.975288928 0.873455286
    0.263781786 0.521188915 0.276854366 0.848217607 0.640508771
    0.868480444 0.204308659 0.67857945 0.51700604 0.475097537
    0.373376906 0.998513818 0.290153682 0.868338525 0.64891392
    0.96352905 0.476426899 0.71798265 0.272187173 0.345532954
    0.414119393 0.526280105 0.965553403 0.791916251 0.398769289
    0.637204051 0.891791523 0.263342321 0.372181296 0.268187284
    0.194382995 0.709089398 0.2524575 0.288623214 0.180179149
    0.400897086 0.564220846 0.629872859 0.532284319 0.807111025
    0.98546195 0.572047532 0.841448903 0.724440515 0.112333447
    0.196693361 0.28088361 0.0202662945 0.401516199 0.0975660384
    0.813309312 0.521150529 0.469266713 0.542712092 0.498249739
    0.532074511 0.899349093 0.0789957941 0.296856821 0.540312469
    0.400411397 0.605205953 0.709256768 0.899976611 0.221600026
    0.853915095 0.19685927 0.995116174 0.0465126932 0.7757622
    0.213282466 0.907767117 0.119426936 0.108026147 0.772903502
    0.560711503 0.120421499 0.945887923 0.901483297 0.228371024
    0.531259537 0.772215009 0.673516691 0.326870203 0.308531046
    0.0574216545 0.782229066 0.70938766 0.870038927 0.275685132
    0.863323569 0.834612012 0.18510592 0.642006099 0.340755284
    0.539095283 0.585823357 0.414137274 0.79852128 0.237992018
    0.547396421 0.00785401464 0.928195477 0.695410848 0.565958142
    0.133968741 0.0570218861 0.350404054 0.835782528 0.820266008
    0.505860507 0.526561856 0.786687136 0.70918566 0.589049816
    0.0199500918 0.640529454 0.683394015 0.415526837 0.520360827
    0.780652165 0.670733392 0.537613213 0.692849815 0.921999216
    0.0672588944 0.894766271 0.878483534 0.988561392 0.975696683
    0.814334154 0.115768343 0.0212603509 0.67389214 0.98712194
    0.910731077 0.460083604 0.0463775694 0.66526413 0.898710787
    0.457826734 0.508970737 0.392611146 0.0477338433 0.513722241
    0.320024669 0.881303966 0.944138169 0.248761863 0.875499845
    0.480178416 0.645591557 0.69062978 0.307511032 0.600621521
    0.631626606 0.7313779 0.166352332 0.42194882 0.963776112 0.823853374
    0.372140974 0.577506542 0.732917547 0.178113192 0.231275588
    0.621131897 0.856295705 0.658770442 0.235925525 0.613922179
    0.810366988 0.461631924 0.496730685 0.816260099 0.684929132
    0.953999519 0.0989218354 0.675785899 0.573072433 0.960469007
    0.0341477096 0.122216344 0.620174646 0.667688787 0.172562182
    0.442306846 0.39076817 0.157998264 0.640870988 0.257267982
    0.341360629 0.0823033452 0.81559062 0.0306544006 0.25835216
    0.284938693 0.600700438 0.165500104 0.403483778 0.833087921
    0.20766145 0.698821843 0.164969742 0.0680503547 0.711327672
    0.13241002 0.0199534595 0.460611552 0.736571491 0.810969949
    0.286496609 0.0331855118 0.623279452 0.568975151 0.991742134
    0.810416818 0.518927336 0.229857743 0.0787753761 0.367868215
    0.717619061 0.74633956 0.293511271 0.216887414 0.959213316
    0.791274428 0.393657327 0.980358899 0.350137234 0.902900338
    0.423106492 0.35951215 0.517285466 0.997671604 0.109985739
    0.221869975 0.460456312 0.136087418 0.983724475 0.479510844
    0.241807103 0.89909184 0.287234187 0.741563439 0.624667287
    0.339855254 0.899272025 0.532071471 0.936258316 0.645359874
    0.664783299 0.326844275 0.381257951 0.646967709 0.755076885
    0.112164468 0.629048586 0.814762115 0.183588058 0.54065156
    0.00273448229 0.730088592 0.583198905 0.00225368142 0.800334334
    0.451484591 0.559585154 0.512859046 0.697759986 0.0123880804
    0.865635037 0.121831775 0.0622728765 0.168711811 0.675276279
    0.560394049 0.73393935 0.187232405 0.344088584 0.91195184
    0.368281424 0.806065857 0.0417254269 0.250795364 0.385627866
    0.186225802 0.210058391 0.166141599 0.904738247 0.748134613
    0.862935901 0.839771688 0.0164419115 0.748911381 0.882310569
    0.821857154 0.787506938 0.46205917 0.821767807 0.702658832
    0.0200019777 0.988660991 0.681802571 0.0619094372 0.818644941
    0.458121777 0.0449614227 0.270544648 0.171630621 0.300406635
    0.173871487 0.706959963 0.210704565 0.200142682 0.941889107
    0.985924065 0.353763998 0.745308578 0.996443868 0.853836536
    0.94334656 0.876093864 0.419424951 0.946874142 0.759038627
    0.903044939 0.355187833 0.181161463 0.664181113 0.959000766
    0.0517304242 0.437529266 0.530486822 0.809607148 0.333234549
    0.466105014 0.0076495707 0.8987782 0.0140929818 0.639859438
    0.9512707 0.965065002 0.906988621 0.725895047 0.692525148
    0.0652144849 0.399946272 0.534514844 0.855542183 0.438299924
    0.0205269754 0.304406703 0.736725152 0.593425333 0.902908027
    0.326186985 0.0568909943 0.0688408315 0.0111401975 0.215825111
    0.23040849 0.382194191 0.445732594 0.837557018 0.936864138
    0.54124409 0.268355429 0.457591474 0.691751242 0.359068424
    0.844682217 0.885593772 0.621286869 0.933272004 0.71505487
    0.0847111344 0.490082711 0.106068909 0.497110248 0.159323454
    0.046697706 0.259885073 0.781724691 0.248537123 0.727800012
    0.750326514 0.872115731 0.0687943697 0.821885824 0.156512707
    0.390030831 0.0653215945 0.59983027 0.321717888 0.55928272
    0.18950206 0.143511891 0.892106414 0.670325041 0.697077632
    0.948829889 0.568238974 0.803382754 0.175608993 0.155352503
    0.436822265 0.785795927 0.103605807 0.847762942 0.31853348
    0.351640344 0.180121154 0.0887997448 0.496571362 0.455229789
    0.335362673 0.460092783 0.742064595 0.229552031 0.0574066639
    0.615357399 0.717234492 0.406806082 0.985384583 0.248196363
    0.642249584 0.65557456 0.161272019 0.475954533 0.639712751
    0.258642793 0.743126154 0.457362056 0.605154574 0.658105731
    0.6761989 0.593111336 0.0958559215 0.510108531 0.782776952
    0.95418942 0.0955150425 0.656036735 0.6165604 0.861518025
    0.141492158 0.29607597 0.125270009 0.0822847188 0.958950281
    0.823943436 0.28658551 0.562556207 0.257449627 0.415589243
    0.924419999 0.513018489 0.0287662745 0.459962755 0.747425318
    0.236027867 0.504508495 0.661706686 0.138089418 0.280242026
    0.65406853 0.996834815 0.264581472 0.451163977 0.476439148
    0.558195889 0.0570108294 0.285305083 0.25282222 0.638013899
    0.591538906 0.718334079 0.594468832 0.944139719 0.954767942
    0.0192646384 0.418266207 0.91570878 0.802872419 0.641302943
    0.734719992 0.454100132 0.559965372 0.954520464 0.499388456
    0.998328149 0.699588358 0.373820066 0.702884436 0.684242725
    0.0894848108 0.955572128 0.272374392 0.60595417 0.375893235
    0.323494196 0.859004974 0.126073569 0.804698586 0.541623771
    0.622749865 0.57574898 0.5158571 0.117426336 0.326211691 0.835938156
    0.6278193 0.549737871 0.413152099 0.375591516 0.54954809 0.793682337
    0.5641312 0.310066432 0.135180712 0.787954509 0.278522491
    0.339228928 0.0940185189 0.317343175 0.705949128 0.366620839
    0.17986235 0.00256353617 0.582292914 0.549192607 0.674453676
    0.671313524 0.285589337 0.492237687 0.455744267 0.321446121
    0.466052443 0.274191618 0.231930256 0.435528457 0.0997220278
    0.906292796 0.984992027 0.492110431 0.223483592 0.204632699
    0.462344825 0.781545997 0.701218188 0.1872693 0.184152573
    0.755197525 0.149594694 0.874603152 0.538038015 0.690935194
    0.112757862 0.266314864 0.983904302 0.204682797 0.765285969
    0.860228777 0.256517291 0.0926614702 0.225515515 0.428982198
    0.833117604 0.357296288 0.858470678 0.0835128725 0.20421055
    0.541305304 0.725722015 0.207588255 0.202030271 0.793446839
    0.30063808 0.499486119 0.428377748 0.0150307417 0.420193732
    0.752358437 0.00650116801 0.0263897479 0.0712326765 0.390455782
    0.101201415 0.388898104 0.618424535 0.509019315 0.556369066
    0.0340203345 0.418179899 0.187382728 0.525895178 0.444273263
    0.255524784 0.817007184 0.719693959 0.435887635 0.0951507092
    0.545608044 0.515282691 0.492508858 0.852444053 0.0528561473
    0.514748931 0.894571424 0.257184923 0.0639976561 0.456183702
    0.0702916682 0.410720348 0.760529041 0.957953691 0.0750437677
    0.577301502 0.443474799 0.29906708 0.88460505 0.152790874 0.13882789
    0.307437003 0.571112394 0.965219796 0.32751298 0.702122271
    0.297981232 0.301768303 0.469789982 0.177773803 0.176008016
    0.625327289 0.729857206 0.497931004 0.466302514 0.454999983
    0.181206554 0.467803866 0.885659277 0.127410024 0.900974333
    0.589446962 0.812116742 0.214122534 0.112040788 0.748798013
    0.389087498 0.678747177 0.667875826 0.911584675 0.284257948
    0.490582317 0.391288549 0.798169971 0.582556188 0.23610723
    0.394038051 0.169471234 0.336188763 0.893631339 0.157326698
    0.785307884 0.410824895 0.723388255 0.265365601 0.4023844
    0.646352291 0.888223052 0.627148569 0.967976689 0.427721798
    0.878841579 0.264089018 0.594898522 0.0342774391 0.862957597
    0.460107863 0.198563337 0.668832123 0.899555981 0.86310041
    0.652866304 0.823449194 0.33458373 0.506468654 0.795687556
    0.68688339 0.732780755 0.791189432 0.666776597 0.356725156
    0.75604403 0.952749133 0.516558826 0.110313922 0.765442371
    0.145695537 0.187331557 0.966679752 0.639313519 0.0637967288
    0.7257725 0.889237583 0.0624868572 0.722522914 0.440271944
    0.44759956 0.773641646 0.928410411 0.635294795 0.760391772
    0.605708301 0.205433667 0.268993378 0.128775507 0.230242908
    0.785631061 0.571032643 0.103205293 0.888215899 0.0514038205
    0.495676905 0.187279969 0.0349151194 0.0131680369 0.529524982
    0.223388165 0.705567896 0.838413298 0.34234041 0.0501645505
    0.918628693 0.90535295 0.63550967 0.865403891 0.398903966
    0.445100367 0.415700674 0.428499341 0.807654679 0.378561199
    0.534694314 0.0369079411 0.260360748 0.451220959 0.757399142
    0.163595736 0.699235082 0.860988617 0.778367281 0.920600235
    0.61202234 0.0733574927 0.129284829 0.191032141 0.204265863
    0.877219081 0.600275397 0.0971102118 0.0816738009 0.922177911
    0.246517986 0.424796551 0.287273824 0.607826412 0.48463887
    0.323619008 0.540105045 0.457585156 0.405649364 0.619440794
    0.218883544 0.227804095 0.197318584 0.94731015 0.987968802
    0.961524725 0.868901372 0.614010632 0.96079278 0.546543539
    0.242777288 0.321645021 0.122962654 0.797353506 0.848187268
    0.602181792 0.320123971 0.112897009 0.455333829 0.552787483
    0.0980515778 0.736738861 0.310842991 0.587256551 0.794310689
    0.641607106 0.101142496 0.206709892 0.100227267 0.114222884
    0.999249816 0.0133991539 0.371216476 0.165356964 0.194897324
    0.102445513 0.607130885 0.459302902 0.531276107 0.193059891
    0.629840076 0.777652204 0.482500404 0.948944449 0.739425898
    0.566194177 0.481005192 0.0565028191 0.690292954 0.731241643
    0.682146251 0.65460217 0.828433275 0.0312513411 0.00626274943
    0.240365833 0.865564942 0.893598676 0.952867627 0.378487974
    0.342730582 0.63892293 0.782268047 0.0541776717 0.280770957
    0.484721243 0.133961886 0.564239502 0.904997468 0.972849607
    0.186923474 0.208273768 0.719378114 0.726307094 0.777764499
    0.549662709 0.542009413 0.804863036 0.996217132 0.299516201
    0.852819383 0.188932925 0.263656259 0.947763026 0.901256442
    0.147180438 0.384076059 0.0841308534 0.942753851 0.126942337
    0.547932029 0.906004667 0.524834037 0.908121705 0.967242241
    0.619609118 0.578606427 0.907536745 0.149386406 0.613357425
    0.126975179 0.144707352 0.950759649 0.340234369 0.954127073
    0.703197718 0.775134921 0.970579386 0.459396422 0.405525208
    0.100311518 0.631083548 0.0731061399 0.270171642 0.292700648
    0.328267217 0.578992724 0.505552828 0.704189062 0.74753654
    0.0178647935 0.635967791 0.825351834 0.268403709 0.293118238
    0.227974683 0.97528398 0.178808898 0.301491499 0.959952712
    0.169323683 0.0613390505 0.80539608 0.164143145 0.53847611
    0.958388925 0.632922709 0.277915359 0.538948476 0.554727018
    0.88200742 0.0421501696 0.0286355913 0.795686781 0.188356102
    0.103377759 0.175412685 0.0508230031 0.261464566 0.13429597
    0.325660825 0.882211626 0.780188441 0.899923205 0.13484171
    0.318015456 0.0290431976 0.521070957 0.794062614 0.981651902
    0.398345113 0.376390994 0.386052042 0.2077308 0.322750986
    0.639383495 0.884000182 0.147659302 0.322812557 0.0878551602
    0.594777048 0.490728706 0.901049554 0.812906981 0.475577712
    0.882735491 0.851064444 0.0948414803 0.920741439 0.797905564
    0.969286442 0.682156444 0.499768317 0.388886392 0.985816717
    0.69726342 0.132299006 0.175176382 0.600394011 0.0633685589
    0.564183116 0.114380121 0.934552312 0.109279096 0.526568234
    0.685202777 0.790873528 0.220131189 0.323766142 0.433897316
    0.625616968 0.795650005 0.962708831 0.931100249 0.642697692
    0.84088099 0.764247537 0.33737576 0.609470904 0.37686348 0.900441408
    0.479200631 0.197503895 0.965986371 0.895877242 0.889242113
    0.805158913 0.565785706 0.31290257 0.859985411 0.482027262
    0.570177913 0.427461475 0.47341153 0.379053622 0.496840835
    0.308824301 0.288600326 0.0643514395 0.571887016 0.876181006
    0.63438344 0.495364964 0.882400036 0.803076982 0.840817332
    0.271029294 0.430677414 0.434054881 0.121604741 0.0312535763
    0.483558327 0.0275945365 0.221610308 0.933790863 0.789277673
    0.814617753 0.0104765296 0.525276721 0.303956449 0.121771038
    0.450405359 0.521119654 0.132528603 0.930778146 0.968127728
    0.849645138 0.270094752 0.877579868 0.536098659 0.282860607
    0.429725617 0.748658121 0.480787158 0.0987952054 0.573829412
    0.0419157743 0.50778532 0.952167511 0.145222604 0.596719801
    0.00890189409 0.904284418 0.331444174 0.639887214 0.250585198
    0.667634726 0.664426684 0.657390356 0.554245353 0.434241712
    0.238733798 0.485870361 0.700958848 0.360028028 0.473259449
    0.0361192524 0.619996727 0.789542019 0.853002071 0.660182059
    0.84052527 0.741653681 0.127305984 0.38516444 0.968814731
    0.154160678 0.432886124 0.692150533 0.191525668 0.283935398
    0.574558556 0.115106195 0.0543283224 0.970839977 0.893650115
    0.709093273 0.783944964 0.969799459 0.861120999 0.0951705277
    0.710574508 0.93849957 0.568565547 0.0905354619 0.829042792
    0.826428711 0.784477234 0.346007824 0.307783991 0.295845062
    0.489514053 0.429973543 0.256254435 0.222727329 0.213362277
    0.613037109 0.773908556 0.863876581 0.474157095 0.119718224
    0.552655578 0.82414484 0.615015626 0.666934073 0.116612524
    0.766021848 0.668776691 0.177211672 0.145299524 0.0160471201
    0.699915051 0.971403003 0.584572136 0.109236002 0.0792831779
    0.811589003 0.127552241 0.887141526 0.905317783 0.579279423
    0.166147113 0.0760570467 0.185414046 0.989807606 0.0492223501
    0.108362675 0.469816506 0.990734696 0.0901348293 0.264475405
    0.594822764 0.239895225 0.501574218 0.71091485 0.973920643
    0.510508299 0.866517603 0.168153614 0.572089016 0.173306942
    0.68912971 0.979665279 0.0753060281 0.120104462 0.131256104
    0.301017404 0.343475699 0.176976144 0.176563442 0.203976095
    0.980899394 0.237389356 0.190438747 0.00464305282 0.0978454053
    0.073394388 0.351726741 0.786574125 0.867313981 0.110439181
    0.568543255 0.892601967 0.697117567 0.758210659 0.000573456287
    0.260598749 0.859686494 0.845151663 0.357686967 0.859460115
    0.808851242 0.285805881 0.389103293 0.23810026 0.40798682
    0.0576608181 0.483112514 0.0609070361 0.166727632 0.788171828
    0.107103497 0.863253355 0.450734228 0.581577599 0.839986086
    0.618926108 0.54023385 0.997974634 0.0750148296 0.706059575
    0.487387806 0.107323855 0.572125852 0.830692649 0.961937547
    0.324220002 0.994160771 0.52533263 0.843753219 0.0285700858
    0.0904280543 0.516262829 0.30578655 0.756272316 0.535204887
    0.961358488 0.826643646 0.228532404 0.909697652 0.845086098
    0.555528402 0.894533634 0.0110173225 0.336613536 0.722061992
    0.30866906 0.771280766 0.435525984 0.13582164 0.284016967
    0.579917133 0.751763105 0.471987188 0.0450585485 0.482401758
    0.483935207 0.0100483298 0.594231486 0.416126549 0.742216051
    0.0186933279 0.191763282 0.10041064 0.614812791 0.483876526
    0.0692002773 0.90910399 0.904502511 0.314759314 0.24190098
    0.777716756 0.440845162 0.0215772986 0.689097881 0.12695381
    0.967249036 0.823196471 0.614696324 0.851866484 0.915514588
    0.86080873 0.902013063 0.765955687 0.0168467462 0.0744789243
    0.296797633 0.240241885 0.888045311 0.995790601 0.941665113
    0.0157523453 0.153783888 1.07586384e-05 0.0097142756 0.0898180306
    0.565312982 0.952414632 0.0753614604 0.913391352 0.891427457
    0.647228539 0.705892086 0.820079923 0.324912846 0.927880764
    0.865301251 0.485695034 0.250421405 0.676373661 0.839751601
    0.178004861 0.828991532 0.118385404 0.383792996 0.332973123
    0.17960313 0.135269076 0.250611842 0.765533686 0.858822286
    0.280776411 0.375763088 0.333105147 0.707664847 0.32545954
    0.12282908 0.796524346 0.988743007 0.170193732 0.0741171837
    0.457748234 0.793968797 0.0103367567 0.782762527 5.30779362e-05
    0.631151199 0.069421649 0.657430947 0.804881096 0.462887555
    0.566575229 0.086817354 0.322175324 0.276503086 0.546108723
    0.0257652104 0.251565158 0.672145844 0.942055106 0.446755677
    0.0937453806 0.0154542625 0.48306486 0.968291998 0.723928213
    0.370807827 0.304336131 0.487491667 0.685562432 0.740112662
    0.762969851 0.941662192 0.900268912 0.882750511 0.299959689
    0.168002963 0.140570521 0.636761189 0.753480673 0.122813284
    0.779968023 0.734339774 0.203996122 0.019213438 0.330006838
    0.545597255 0.412388176 0.76149857 0.619074821 0.120053858
    0.95608145 0.934371769 0.327732086 0.324977219 0.924371719
    0.192228138 0.928662419 0.978906989 0.521471381 0.578898668
    0.637823224 0.822125375 0.0453161895 0.15563646 0.504854083
    0.894515634 0.333920479 0.0779090524 0.562882721 0.224453211
    0.520159602 0.469687253 0.94388473 0.79303503 0.472736806
    0.390429944 0.394720733 0.232985616 0.705836296 0.233502716
    0.741020799 0.800242305 0.382622957 0.812191486 0.723504543
    0.336854696 0.492540002 0.902935863 0.0691841841 0.674111664
    0.389983147 0.817719698 0.929822147 0.353075594 0.34141019
    0.120640218 0.985872388 0.674570918 0.347053111 0.3895998
    0.421566129 0.584659576 0.453148514 0.551242709 0.917356551
    0.244324565 0.500139952 0.353311241 0.769740283 0.0389530361
    0.941151738 0.859993219 0.532176673 0.946542263 0.145362198
    0.179267734 0.37736702 0.280970752 0.0748014748 0.406632066
    0.0550806224 0.306766152 0.12063396 0.105837822 0.479227036
    0.359561145 0.497332901 0.694880366 0.044660151 0.70695132
    0.0286007226 0.744200289 0.868471861 0.0420856476 0.711256742
    0.215059519 0.24383989 0.782721579 0.51621747 0.850560665
    0.560960889 0.35326308 0.460410982 0.323318303 0.953876734
    0.32130909 0.551865399 0.64372921 0.314698786 0.849009395
    0.955765188 0.638658166 0.909154892 0.0298165977 0.317842185
    0.624086618 0.241902858 0.694868565 0.674990952 0.330066681
    0.839471102 0.160975844 0.184074104 0.334471107 0.186282575
    0.609169066 0.755144775 0.00738638639 0.69697237 0.15539217
    0.419338703 0.0847424567 0.74302268 0.230520159 0.962359786
    0.104238659 0.237253278 0.572995484 0.721784115 0.904051602
    0.69804728 0.0603185296 0.192610413 0.25797534 0.328995645
    0.401808023 0.246901423 0.128329247 0.512905121 0.738768101
    0.0614809692 0.633143246 0.515592396 0.619993448 0.0285629034
    0.0383816063 0.0991623104 0.87126255 0.437185735 0.586421669
    0.471804082 0.362063587 0.420223147 0.94882226 0.0585711598
    0.162742853 0.7991786 0.454635739 0.723832488 0.254088491
    0.913956642 0.625457644 0.386153579 0.303544819 0.391025931
    0.155175865 0.111328751 0.862608373 0.634296656 0.451893836
    0.54578948 0.932129681 0.869375885 0.377636313 0.298310399
    0.506665528 0.3278386 0.741687655 0.55499953 0.0410031676
    0.804900706 0.210036606 0.327699602 0.676534712 0.701713562
    0.298380136 0.487788647 0.0976499021 0.761681318 0.109303951
    0.367940843 0.755366683 0.727883399 0.822184443 0.842281222
    0.0745186806 0.369543642 0.611202359 0.35860011 0.243505031
    0.695518672 0.156503528 0.653136611 0.666049361 0.801652312
    0.989451289 0.284618258 0.852251053 0.413215518 0.213479638
    0.755226493 0.452813804 0.776149333 0.89705801 0.610123098
    0.579869449 0.951066792 0.303876519 0.88941586 0.0278412998
    0.184929758 0.0928041339 0.251488626 0.689243436 0.394238621
    0.436202794 0.871014118 0.107242942 0.245688111 0.504477024
    0.143624842 0.801962376 0.614061773 0.981555343 0.0391774774
    0.443154752 0.565201104 0.600427568 0.873460948 0.637394905
    0.335959435 0.567482173 0.400434792 0.149612844 0.257403046
    0.937832475 0.264775515 0.533149183 0.231411725 0.918450356
    0.887666106 0.663879275 0.651430666 0.547172129 0.822031021
    0.455662042 0.70680809 0.22111094 0.0961281657 0.963925123
    0.0331188738 0.731054306 0.977885485 0.848325789 0.786561251
    0.353397936 0.674771547 0.0838707685 0.346802384 0.508092046
    0.817989111 0.524300635 0.248859495 0.832663417 0.794843912
    0.280709952 0.658143938 0.86237967 0.984502077 0.134701788
    0.601616859 0.281281769 0.716929495 0.391731113 0.605667591
    0.218269885 0.0600879192 0.07819435 0.548693717 0.940026402
    0.847084999 0.32631737 0.788700223 0.431967229 0.166079164
    0.360048711 0.660185516 0.659683228 0.0512382686 0.038467288
    0.32783848 0.975490272 0.14558807 0.990883112 0.0658213794
    0.743136823 0.62195158 0.870392978 0.814317584 0.812740326
    0.668034673 0.184639275 0.859394073 0.812888026 0.550065339
    0.749932468 0.934745967 0.955196977 0.271369696 0.00522786379
    0.674917877 0.219420731 0.490251482 0.0872306526 0.323362857
    0.464730024 0.576488972 0.650822639 0.308386385 0.0110197365
    0.73631984 0.228420407 0.873202205 0.116660148 0.682615995
    0.493935823 0.378111184 0.448919863 0.803977251 0.0365649164
    0.826118231 0.576843202 0.30827269 0.179233611 0.508955836
    0.553655982 0.668900967 0.0492736697 0.561090767 0.746072531
    0.810909092 0.856436491 0.831802011 0.729180396 0.0529139936
    0.634604335 0.740985513 0.823043942 0.77551192 0.308002859
    0.585335433 0.75270319 0.642869949 0.341093808 0.963084459
    0.231920242 0.0826341212 0.974920869 0.234739482 0.226960272
    0.991655231 0.285682529 0.692984223 0.514092386 0.452111632
    0.146153241 0.304593593 0.254201323 0.527110159 0.47471565
    0.313271046 0.0712298751 0.334044039 0.0182236135 0.847843885
    0.852017105 0.260639101 0.617403924 0.582907498 0.685412526
    0.685529172 0.405743182 0.144068331 0.22428447 0.992954969
    0.0697838962 0.645763278 0.950073361 0.0236677229 0.968959808
    0.0844293833 0.883664608 0.0767402947 0.0860818028 0.158961356
    0.933139443 0.259506524 0.649276137 0.855866194 0.563136101
    0.240727901 0.358806908 0.0115809143 0.619905114 0.740000546
    0.679810822 0.00731506944 0.395528346 0.329384029 0.414347529
    0.402328432 0.956648707 0.0562340915 0.947009444 0.383945823
    0.783657789 0.84718883 0.476259261 0.761288524 0.669540405
    0.915414274 0.238726676 0.88048923 0.137033045 0.676112056
    0.962653279 0.048689425 0.155179799 0.0593856573 0.462758303
    0.974187613 0.233947992 0.855944395 0.900308788 0.0247274637
    0.577259481 0.955647886 0.573756695 0.432704002 0.632246435
    0.38030225 0.603499472 0.211145937 0.947700381 0.770266414
    0.0164061785 0.120534778 0.717423081 0.287179768 0.899077475
    0.478074908 0.713471651 0.515253782 0.900658965 0.800160527
    0.214418322 0.143586993 0.747111559 0.171293944 0.106660426
    0.723823071 0.220360935 0.469723731 0.0656050742 0.769517958
    0.983459592 0.491020411 0.0869488418 0.497082353 0.86664629
    0.701969922 0.548818231 0.432300091 0.560928226 0.0474997163
    0.843040586 0.110719115 0.299261659 0.232399553 0.279032677
    0.539266944 0.415625036 0.823251903 0.260879338 0.195928931
    0.0419861674 0.928190708 0.955069661 0.170829177 0.606593847
    0.149293005 0.26531601 0.534846723 0.0247113109 0.031070441
    0.562107146 0.979819775 0.196440816 0.140321702 0.885324836
    0.467429131 0.451405704 0.833080828 0.515928209 0.212596357
    0.900998712 0.157803446 0.505039871 0.286284566 0.821954966
    0.834778905 0.804960251 0.515493453 0.941388965 0.725963295
    0.232902139 0.438657343 0.725679934 0.784803033 0.805129886
    0.425981045 0.783954263 0.805492282 0.709934831 0.272919655
    0.369141072 0.72191608 0.874150634 0.0331946313 0.289344877
    0.572138846 0.348477662 0.13914153 0.606509328 0.83235836
    0.385306597 0.524138987 0.321272433 0.496697068 0.152081341
    0.666825891 0.480002254 0.859406769 0.501378894 0.577080965
    0.992405295 0.517045438 0.260598779 0.423087299 0.434492588
    0.522444665 0.680994749 0.186437696 0.187045187 0.66067338
    0.682321429 0.114133984 0.807335436 0.144447088 0.837108254
    0.519764006 0.830092311 0.768743157 0.591697752 0.0770685077
    0.905256391 0.877078891 0.821641326 0.837450683 0.967138112
    0.898360968 0.0408696234 0.0464945734 0.639736533 0.154716194
    0.214681506 0.0590111613 0.391825318 0.0044939518 0.546584904
    0.574572206 0.949540138 0.42703113 0.436257869 0.719417274
    0.35197264 0.270715028 0.00387462974 0.870770156 0.300778121
    0.474417657 0.677957118 0.841650784 0.316420645 0.337056756
    0.782114804 0.381732225 0.28183496 0.890123725 0.956053853
    0.0413580835 0.497015417 0.0951698422 0.996566117 0.368674219
    0.78387022 0.811286569 0.191326797 0.72040379 0.983327031
    0.290766776 0.657728076 0.359226704 0.295058519 0.204163194
    0.722806871 0.37969631 0.569514215 0.672893763 0.0460772514
    0.0690740943 0.849271536 0.381391943 0.952570796 0.562123656
    0.461325765 0.916285217 0.826599956 0.173572898 0.204869837
    0.933594704 0.4844805 0.753127098 0.451690793 0.255937546
    0.154812247 0.919141352 0.781615913 0.614421904 0.958744287
    0.708719134 0.784112692 0.125491232 0.147697985 0.101199716
    0.579939187 0.549709558 0.843875706 0.789565861 0.961341619
    0.971481502 0.203028381 0.680701315 0.825929523 0.921424866
    0.179331481 0.76174283 0.77873826 0.466098756 0.409522325 0.31815201
    0.346403658 0.0171282887 0.988763094 0.884217203 0.0174761415
    0.958167434 0.356081784 0.663151085 0.358052135 0.603845596
    0.973713875 0.554566562 0.962349653 0.814827263 0.869150043
    0.967538178 0.185408324 0.599690735 0.00625398755 0.0598827302
    0.824277878 0.700601459 0.0171920955 0.726461768 0.904942811
    0.678722084 0.718446255 0.215312809 0.0847218633 0.30115521
    0.880827963 0.79417479 0.899769545 0.394835681 0.83873409
    0.376397312 0.210645169 0.869364262 0.030970633 0.222243369
    0.839590907 0.924764276 0.484141052 0.725130141 0.524353802
    0.748561561 0.391938955 0.884112656 0.47205779 0.460814774
    0.11357531 0.154582322 0.615318298 0.689444482 0.405797422
    0.166224182 0.968197942 0.4874053 0.125097752 0.476820499 0.23487711
    0.0405193567 0.806093335 0.836824179 0.86278981 0.774126112
    0.681827903 0.633743465 0.407646596 0.413668245 0.0715153813
    0.609934986 0.701446772 0.227181673 0.747581363 0.484363288
    0.2013354 0.87615329 0.838587284 0.509586394 0.181352675 0.101688355
    0.176595062 0.122009248 0.547705173 0.549673855 0.952152848
    0.884015977 0.88524425 0.849979281 0.901771545 0.731340766
    0.657618523 0.479890674 0.0311535895 0.444716513 0.422539115
    0.995148957 0.23477453 0.564415097 0.809045434 0.938269913
    0.701349854 0.50926131 0.00579765439 0.611398757 0.832614422
    0.525609493 0.874735832 0.977133155 0.414277494 0.092623204
    0.659040213 0.154788166 0.913569212 0.64598161 0.863757491
    0.425405651 0.948991299 0.876268744 0.420023024 0.810286224
    0.766871989 0.175342232 0.146953732 0.55259788 0.0504885018
    0.251189888 0.227491885 0.759026349 0.015124321 0.419392824
    0.199994177 0.630160809 0.785309434 0.243164688 0.225051463
    0.180910051 0.959877253 0.645072222 0.320825577 0.40771389
    0.898495495 0.376416862 0.0913529396 0.666622877 0.620349288
    0.102786928 0.573490322 0.511982501 0.0981652439 0.577679992
    0.21033749 0.683450341 0.38073507 0.818979144 0.394504845 0.36846
    0.916787684 0.319624126 0.549155414 0.0327002108 0.335262895
    0.408899128 0.174522132 0.123555213 0.855395675 0.765231788
    0.0805365145 0.90057981 0.194483459 0.266825497 0.263949513
    0.510939777 0.137490213 0.29442668 0.980820417 0.638857841
    0.50227201 0.0204463601 0.0238115788 0.995181084 0.274244219
    0.529630959 0.265281826 0.417694211 0.196918309 0.340967417
    0.363843381 0.927048743 0.611606002 0.556918621 0.259928852
    0.0521617532 0.79656285 0.66171211 0.744711041 0.874251723
    0.205301434 0.610127747 0.948367715 0.552343249 0.418604523
    0.0820301771 0.996472061 0.181053936 0.455272526 0.442365229
    0.43424049 0.872643113 0.908138633 0.322168946 0.00318017602
    0.409651518 0.431217074 0.325280786 0.165660441 0.678288221
    0.0800146461 0.425795436 0.00798228383 0.839196444 0.039714098
    0.0969375074 0.619509399 0.520495713 0.974717379 0.126678705
    0.301698953 0.668870926 0.917188346 0.285401106 0.0384494066
    0.241134077 0.639911532 0.578176796 0.525074601 0.345820457
    0.860771775 0.592897296 0.915429831 0.699120164 0.176729649
    0.794030607 0.774719834 0.15562591 0.537504315 0.726216137
    0.12295264 0.470239818 0.828463316 0.700597942 0.263147235
    0.29053086 0.908618391 0.0348887146 0.448289245 0.689475358
    0.987723589 0.218752414 0.763160348 0.418168485 0.933001041
    0.692596078 0.463052183 0.191860944 0.686292052 0.262690634
    0.468532056 0.287658155 0.871277332 0.139790058 0.271495521
    0.333224297 0.324616283 0.527542114 0.938191533 0.0687674284
    0.756536424 0.139472634 0.873092771 0.97277838 0.659055293
    0.897947669 0.671591282 0.486861169 0.845413327 0.710075974
    0.214229107 0.156064391 0.0779647827 0.568613112 0.812536776
    0.00888970494 0.994493425 0.219991803 0.46538806 0.854713559
    0.960389972 0.254284322 0.407204449 0.58527416 0.672385454
    0.426978528 0.534314513 0.649846077 0.509059131 0.836878181
    0.266907871 0.745178878 0.853937745 0.614776552 0.704387248
    0.748292327 0.225736678 0.258563221 0.215019226 0.36266464
    0.778766572 0.960002899 0.143138528 0.853745818 0.742308795
    0.201580137 0.671147406 0.202229947 0.598473608 0.138465375
    0.292079329 0.529107809 0.71733892 0.221924454 0.844880939
    0.692854881 0.115638018 0.997722507 0.260648131 0.665193439
    0.358157843 0.249376744 0.750841737 0.646945834 0.486044079
    0.55845058 0.294992685 0.644455969 0.868023634 0.958687603
    0.999129295 0.959063053 0.302750498 0.964455843 0.517097831
    0.817695379 0.763058662 0.224179357 0.0346945524 0.424714863
    0.132935196 0.542126596 0.647028387 0.457454205 0.0972650051
    0.76329875 0.813796759 0.228878886 0.164342582 0.888925552
    0.30405724 0.810343981 0.369647145 0.0182234049 0.0157515109
    0.396157265 0.154012829 0.419570982 0.941395879 0.119537652
    0.0978118479 0.782545924 0.255478024 0.838374436 0.829500437
    0.538748741 0.425932527 0.39915657 0.396395475 0.77622664
    0.773341954 0.34854579 0.347395778 0.674861431 0.950196207
    0.665876567 0.767443895 0.747729599 0.405468106 0.236256838
    0.681162775 0.998164415 0.159257919 0.95713973 0.953629196
    0.359966993 0.501900136 0.94662416 0.899263501 0.984165072
    0.874872267 0.192909062 0.731775045 0.954765499 0.148055524
    0.104520828 0.275739729 0.743436217 0.636774242 0.71499151
    0.382469237 0.397909075 0.501788855 0.429061145 0.508711994
    0.450992942 0.332525343 0.0518941879 0.186571062 0.41141057
    0.138795376 0.124986738 0.337911487 0.948197067 0.366405129
    0.999291062 0.784949303 0.331652254 0.0342339277 0.461045921
    0.264462292 0.360277921 0.709842801 0.71680975 0.487396955
    0.124442965 0.501969337 0.0927428007 0.138814121 0.265775383
    0.421147436 0.648024797 0.339710653 0.805643857 0.275022984
    0.429186761 0.146562248 0.0434772074 0.446670294 0.952891827
    0.198829353 0.175370932 0.666490257 0.0546540618 0.634380341
    0.822590113 0.252501726 0.547534287 0.88228941 0.784709573
    0.23389557 0.841735363 0.964708328 0.558615327 0.716664672
    0.674268425 0.733056784 0.104444057 0.0200131238 0.711358368
    0.0579626262 0.374297142 0.610013664 0.0153115988 0.493294388
    0.644978762 0.106974214 0.456577599 0.409385681 0.734432042
    0.288537592 0.781995296 0.859113693 0.294332296 0.0523691177
    0.974388838 0.745677471 0.575175047 0.992601097 0.0798756182
    0.768715143 0.0362915099 0.513804555 0.764858961 0.888710141
    0.469338834 0.289170474 0.684641123 0.988063633 0.434331745
    0.605482817 0.380689591 0.760217905 0.735072553 0.454281121
    0.808466792 0.564312994 0.490602762 0.106173605 0.446688235
    0.875895143 0.974618196 0.269612581 0.906878352 0.775010705
    0.188957512 0.447051406 0.399915785 0.376647532 0.382845283
    0.42018652 0.935518384 0.501610637 0.580590725 0.568445623
    0.0454621613 0.658930123 0.421292722 0.869874477 0.857552052
    0.701470733 0.0287688971 0.295732111 0.0983858407 0.996888161
    0.486256421 0.748225272 0.914202094 0.195455372 0.969543636
    0.752970099 0.128267288 0.0718604028 0.413494468 0.975417852
    0.330054164 0.377355367 0.688645005 0.112198561 0.893176794
    0.891686916 0.99980545 0.66960454 0.904766083 0.0805178583
    0.960161209 0.497833371 0.353624344 0.165849149 0.989161253
    0.211305112 0.521798253 0.0346227288 0.257820576 0.995616794
    0.589660406 0.157324821 0.329595625 0.907774448 0.98845309
    0.804384768 0.676507711 0.000249385834 0.619390368 0.294732332
    0.834618688 0.700603664 0.616569579 0.216929108 0.834888041
    0.367630541 0.854822457 0.297760248 0.393866718 0.548679769
    0.277630121 0.544358909 0.300513864 0.187290519 0.641458392
    0.18901673 0.91940093 0.589989781 0.104862034 0.179485351
    0.586754918 0.976285338 0.232261568 0.367331862 0.0354315937
    0.805930436 0.886591315 0.190916151 0.159940362 0.674491048
    0.511212111 0.0836164653 0.873124003 0.668958604 0.51584971
    0.806289792 0.861309767 0.554446459 0.72003442 0.288197339
    0.556678891 0.0495250523 0.0573190749 0.281788558 0.148847103
    0.888804317 0.36237669 0.432249308 0.7262007 0.311150968 0.862384915
    0.314787209 0.292162538 0.325672269 0.906558275 0.793689013
    0.335919261 0.193350405 0.326901972 0.364114046 0.926838398
    0.509779334 0.367191315 0.0570231378 0.229842335 0.0805527568
    0.762908399 0.323515594 0.514820278 0.146502733 0.196454525
    0.0404554009 0.784541965 0.817943454 0.638443172 0.999507964
    0.957415164 0.741674542 0.476431727 0.193451792 0.639206827
    0.97862798 0.261832386 0.701422691 0.157370865 0.560060143
    0.755020797 0.607656419 0.435079098 0.529303551 0.41601193
    0.656703413 0.329000533 0.0934043527 0.197164893 0.367575139
    0.783431709 0.905268312 0.419494539 0.328511715 0.983841836
    0.351700366 0.710576773 0.296760917 0.1830073 0.438783526
    0.795108199 0.902980328 0.834300041 0.740354419 0.00857794285
    0.856336355 0.446160704 0.236153483 0.737673163 0.70983386
    0.942699254 0.289606154 0.497359574 0.0385933518 0.473900557
    0.2050291 0.248588502 0.817364395 0.215853631 0.157415718 0.86684227
    0.435149014 0.947385013 0.240049511 0.284390092 0.566945732
    0.755653262 0.802554607 0.986541033 0.965006351 0.783096671
    0.543007553 0.57607311 0.0354667902 0.766176701 0.928355932
    0.351406574 0.333691984 0.690719843 0.437652797 0.219234139
    0.284238845 0.431523651 0.759141564 0.290290236 0.416003585
    0.517970502 0.833554924 9.5307827e-05 0.652946472 0.86517942
    0.662297249 0.544527769 0.258864641 0.177277774 0.553019941
    0.340376854 0.31668967 0.508829415 0.972393811 0.968557298
    0.380995125 0.486768007 0.528108001 0.128858924 0.399672955
    0.416974843 0.285731018 0.560343325 0.703594327 0.835589707
    0.79796946 0.317901492 0.430419743 0.871259332 0.355457306
    0.118816406 0.113178909 0.397990435 0.676341891 0.799428701
    0.273191392 0.983469844 0.87099117 0.550951898 0.715496898
    0.222939491 0.402250946 0.187408894 0.665274143 0.847088635
    0.799726963 0.0529957116 0.501865983 0.0142333806 0.427899033
    0.996703267 0.612719178 0.34838593 0.691826582 0.556954384
    0.965272367 0.91334343 0.804466903 0.349074095 0.386921465
    0.233805776 0.1665667 0.117594659 0.919091761 0.61706233 0.867587686
    0.827602029 0.439753443 0.845875502 0.228573263 0.419289112
    0.968014479 0.330840081 0.800728321 0.13945803 0.433090806
    0.376638174 0.14869532 0.939927816 0.101614565 0.741311669
    0.197230369 0.566626072 0.462203711 0.6559425 0.267766535
    0.928922892 0.171365768 0.585048974 0.448371857 0.887983024
    0.568220198 0.295907855 0.564948261 0.755315423 0.311764717
    0.689598441 0.34529227 0.62731123 0.489218533 0.00284510851
    0.539861739 0.906910181 0.951292992 0.435277581 0.537817299
    0.781407177 0.890459418 0.0129005015 0.225864887 0.264854491
    0.312998414 0.26471436 0.76474607 0.590505362 0.0676193833
    0.0289163589 0.619155407 0.715325177 0.822713733 0.649044335
    0.828362346 0.00788378716 0.759537995 0.486126304 0.117552757
    0.314764798 0.864094973 0.984975338 0.269874811 0.555794954
    0.173911631 0.20241949 0.227542788 0.529767513 0.933874846
    0.633728683 0.853020787 0.956222177 0.238464057 0.607183337
    0.604703784 0.140087306 0.302817732 0.771510839 0.00332447886
    0.538603663 0.315010071 0.649352252 0.314545929 0.990654111
    0.843205631 0.491381675 0.0473678112 0.430130213 0.262139201
    0.0478733778 0.393152833 0.10640958 0.135057896 0.0357030034
    0.445583582 0.0947990119 0.412497044 0.271994472 0.847274065
    0.902442515 0.627484441 0.143565804 0.0325872004 0.208391219
    0.50558418 0.613969743 0.56977427 0.744962513 0.765564442
    0.524988651 0.390991718 0.123531997 0.0188554525 0.440716207
    0.0149756372 0.703064084 0.130437106 0.409359127 0.776377022
    0.553140402 0.511331439 0.973243058 0.241553396 0.386100531
    0.776829362 0.365083337 0.429907948 0.100568444 0.138299167
    0.756480336 0.117773771 0.483498901 0.642351866 0.743590653
    0.957371652 0.953861356 0.599170506 0.291897923 0.33024922
    0.636389077 0.138943791 0.366714001 0.758388638 0.603977442
    0.337325215 0.363911748 0.292477816 0.141678929 0.461679727
    0.214827836 0.773296833 0.369191825 0.980867922 0.781307459
    0.830715477 0.364887059 0.78456223 0.107594997 0.942079186 0.8105762
    0.141820848 0.905857205 0.407592118 0.579917729 0.165948927
    0.819110692 0.890642166 0.241246074 0.625848413 0.239945322
    0.76342988 0.0161925852 0.396882057 0.423837602 0.506139934
    0.493599743 0.3602584 0.0836772621 0.616250038 0.207125664
    0.0723409355 0.71282047 0.133074433 0.345836222 0.517914116
    0.897947073 0.571478546 0.153199106 0.651314199 0.865788102
    0.624584436 0.56129241 0.73824656 0.595899642 0.267755717
    0.264843285 0.0158665776 0.0929413438 0.499471992 0.333949775
    0.422284305 0.830080271 0.804751396 0.996655345 0.262485296
    0.437945366 0.777932227 0.634728372 0.107666045 0.367864937
    0.0970789194 0.925595403 0.972750664 0.479471266 0.579873502
    0.0881395638 0.260198921 0.223135203 0.275810659 0.176593333
    0.896999419 0.328210175 0.600047529 0.245489776 0.198632151
    0.654425263 0.622774899 0.923486173 0.543483734 0.555740774
    0.879124641 0.813980579 0.320977807 0.257418752 0.862724066
    0.591185033 0.844989717 0.265778482 0.317178369 0.455420196
    0.316495538 0.743715882 0.558592618 0.0410699248 0.609803915
    0.581611216 0.736291468 0.346395791 0.254892886 0.0415406823
    0.0830240846 0.141477466 0.959439099 0.0979982913 0.0467848182
    0.255436182 0.39505291 0.45879817 0.756845236 0.451205879
    0.535562336 0.282638609 0.434485137 0.920153022 0.533450365
    0.804192722 0.513984025 0.532583773 0.452773422 0.231843412
    0.151094526 0.941709638 0.156210124 0.903676629 0.466758281
    0.855668664 0.188684493 0.734112859 0.0267913938 0.808632851
    0.431446463 0.163646698 0.326993763 0.918835044 0.205169916
    0.586883962 0.792730927 0.0533144176 0.802897274 0.389405966
    0.955084026 0.441620469 0.126482546 0.976699829 0.745315075
    0.684312046 0.854947329 0.30630523 0.834632277 0.524477124
    0.722792268 0.327250123 0.439622551 0.863100111 0.451357305
    0.10364297 0.572705507 0.393078506 0.820337117 0.708210588
    0.903296709 0.947681546 0.715098619 0.901295066 0.677082539
    0.358576536 0.593609095 0.264379352 0.401426017 0.677690089
    0.285970211 0.182686567 0.0949437916 0.831618607 0.530886889
    0.242101192 0.510683954 0.484633654 0.471131891 0.354597449
    0.599199474 0.499701202 0.928540945 0.98925513 0.476483762
    0.836268425 0.507056773 0.85395503 0.00360190868 0.945120096
    0.169974357 0.480142772 0.378186285 0.206490129 0.51060456
    0.338125944 0.358890831 0.0676003993 0.395708174 0.533825636
    0.521327853 0.189753532 0.996324539 0.94440943 0.0624254346
    0.864040017 0.540014923 0.51074785 0.508877337 0.356767118 0.1274665
    0.539562047 0.0403728187 0.243611038 0.753028393 0.182955921
    0.414802432 0.707555532 0.0885344446 0.947944164 0.321389824
    0.381948858 0.906725526 0.172218889 0.291810006 0.698901772
    0.952386737 0.81698364 0.440745234 0.586535811 0.216810375
    0.122429311 0.551751077 0.545214832 0.355344534 0.272816002
    0.621281505 0.811005831 0.814938903 0.79132241 0.122175634
    0.271846503 0.187908202 0.39184171 0.918693244 0.818824172
    0.92460227 0.501984417 0.274472117 0.498416215 0.04661116
    0.671286345 0.248744965 0.0508414805 0.392943591 0.467427164
    0.104463518 0.816760659 0.479735017 0.655287862 0.659730256
    0.680688083 0.328778088 0.356421232 0.162435859 0.83024919
    0.172394156 0.178253561 0.617728472 0.0761189163 0.879537463
    0.0442243516 0.463744223 0.379915535 0.222677499 0.122879505
    0.898111105 0.958663583 0.488437831 0.408299416 0.31957224
    0.484324098 0.0782063305 0.18425855 0.771271586 0.0376468301
    0.683142364 0.836410344 0.226602286 0.763174772 0.437698692
    0.915703952 0.858566046 0.214911878 0.00928932428 0.361330748
    0.42639333 0.610515118 0.833967566 0.654698014 0.0658805668
    0.0768842101 0.80214262 0.792620301 0.860654712 0.154640198
    0.61278224 0.744814217 0.766114235 0.763492167 0.970789313
    0.697832942 0.586162925 0.480395019 0.858635664 0.0895733237
    0.149833858 0.863858163 0.482181191 0.652368486 0.398157924
    0.755843043 0.3421942 0.716911733 0.421588868 0.210604578
    0.960426807 0.197311401 0.640319645 0.677576303 0.747565031
    0.107640743 0.398591429 0.392308623 0.251974136 0.0599129796
    0.269171059 0.0684507489 0.281098247 0.948020816 0.716797054
    0.0410735309 0.108714938 0.868497849 0.11307162 0.740193963
    0.424178571 0.657608509 0.492879659 0.614167333 0.821491361
    0.61374855 0.772490978 0.317918479 0.156160593 0.0834712088
    0.417682022 0.565091133 0.744563639 0.879437923 0.676657915
    0.066491574 0.661416411 0.669179022 0.259885162 0.697533071
    0.500365794 0.513770223 0.896579325 0.989616752 0.182966381
    0.371443003 0.0476317108 0.888307095 0.891005635 0.352841139
    0.349634767 0.227450997 0.209462821 0.956267536 0.105678797
    0.829583883 0.26321429 0.33459121 0.853922248 0.535835624
    0.429125428 0.613966584 0.920997143 0.344250381 0.385118902
    0.280872583 0.0346769989 0.922754407 0.00789779425 0.12775141
    0.328368783 0.609110415 0.915862978 0.270107508 0.564526021
    0.545302093 0.0141527057 0.396595806 0.633455873 0.191488862
    0.330951542 0.49363175 0.638766706 0.684105873 0.437461525
    0.769615233 0.283945978 0.873043895 0.0518642366 0.349791318
    0.0271019638 0.643527091 0.569059253 0.894787908 0.271966457
    0.182888061 0.474013567 0.380010903 0.0957503021 0.305198967
    0.369892716 0.783303022 0.362015694 0.711133182 0.302107573
    0.873168766 0.467433602 0.462896466 0.649965346 0.594513178
    0.674648404 0.913899064 0.365031153 0.148072451 0.336312532
    0.903461635 0.286027908 0.717163563 0.344688028 0.376332492
    0.795605898 0.010109365 0.565748215 0.283598125 0.22947675
    0.797571063 0.73721385 0.635007799 0.445917964 0.709532559
    0.413690716 0.741614461 0.121104538 0.88286525 0.0601479709
    0.124101728 0.670358539 0.712644935 0.0298288465 0.736890733
    0.837976456 0.672578573 0.666517138 0.207312375 0.13665086
    0.0458315015 0.13004002 0.620085478 0.803336382 0.380581349
    0.148711801 0.0121805668 0.296523839 0.624721289 0.235052913
    0.796949089 0.500274479 0.647435784 0.52426815 0.134089649
    0.526198387 0.804303825 0.951760173 0.0641710758 0.566657126
    0.881787121 0.784632921 0.809415102 0.945893884 0.0299521983
    0.655434549 0.818980932 0.84076184 0.793171763 0.589840889
    0.461910814 0.795568764 0.0767967701 0.876900911 0.786965013
    0.143008828 0.594045877 0.810030937 0.530396283 0.424949586
    0.985478222 0.523733914 0.971278727 0.547708929 0.547043145
    0.995151877 0.249228358 0.623539686 0.184483588 0.678398609
    0.143850684 0.176784575 0.393269747 0.362800032 0.293447942
    0.916767836 0.30723393 0.946686149 0.278887033 0.905692339
    0.816585064 0.936272562 0.888868451 0.700314283 0.059201926
    0.354064405 0.262875617 0.801692963 0.914640844 0.776611447
    0.871449232 0.830461383 0.73063159 0.733323097 0.154593468
    0.729738832 0.964878798 0.510033071 0.489371359 0.777866602
    0.651577175 0.996833682 0.801937044 0.417962909 0.101538479
    0.955434442 0.498955786 0.786846876 0.539609194 0.50302726
    0.72508055 0.688753724 0.139414072 0.624328315 0.10968712
    0.782243311 0.149636835 0.74355793 0.427326769 0.600075722
    0.701016188 0.849116921 0.194110841 0.922134399 0.0608380139
    0.683539331 0.452396333 0.176618636 0.84543848 0.837290764
    0.304032564 0.858808398 0.746949553 0.54345119 0.798562348
    0.839409113 0.564368248 0.957559943 0.173462659 0.870335937
    0.420121878 0.215107083 0.0348091125 0.250093222 0.316535294
    0.485807508 0.736197412 0.411725491 0.165829182 0.550077677
    0.982352197 0.239542037 0.75470674 0.514195979 0.788162768
    0.837041855 0.88275218 0.228144974 0.0775851309 0.94197017
    0.792864323 0.143885583 0.685786366 0.965604722 0.896212757
    0.473526359 0.541081369 0.0674672127 0.420883536 0.396713823
    0.92297709 0.0443920493 0.566399753 0.400867432 0.784222066
    0.209686548 0.699053943 0.0378438234 0.885623574 0.638025761
    0.967764974 0.31416592 0.271339238 0.948987544 0.431250811
    0.47588408 0.988179982 0.467277616 0.927342534 0.827014565
    0.34875375 0.9890064 0.0557457805 0.929611802 0.299439847
    0.938044429 0.365507722 0.987174153 0.385826319 0.908031285
    0.762804091 0.27415818 0.612641633 0.45443061 0.378834903
    0.468720078 0.803929567 0.214054942 0.836213112 0.505449235
    0.00719386339 0.387301803 0.173063457 0.529511869 0.997532964
    0.585699081 0.119148731 0.796035886 0.984943271 0.657290697
    0.717470527 0.0223655105 0.587578833 0.225776315 0.910097361
    0.977820754 0.120950192 0.11988762 0.448548883 0.884223104
    0.676073432 0.174625725 0.296110779 0.880499482 0.477905661
    0.0760644972 0.164471626 0.89633888 0.023774147 0.137986451
    0.895101726 0.10242182 0.528710723 0.355205059 0.405613363
    0.661262214 0.533496499 0.413368672 0.48806411 0.18239668
    0.973316371 0.508306503 0.0369893014 0.305731416 0.682213545
    0.123766392 0.552878022 0.616591215 0.804201365 0.347248912
    0.503942251 0.82120204 0.177445918 0.137028068 0.166594595
    0.540813923 0.951382935 0.866240025 0.469067127 0.620708168
    0.164674103 0.749871016 0.24868691 0.71821481 0.835412681
    0.424729884 0.701536655 0.97495389 0.189080089 0.597622454
    0.239287674 0.241574258 0.609990358 0.947260201 0.926132679
    0.584548593 0.079678148 0.814836502 0.819276273 0.700254202
    0.409918249 0.898478687 0.613183975 0.837738812 0.414186954
    0.694760323 0.650355935 0.253567696 0.302129269 0.495766073
    0.879060626 0.821410179 0.843300104 0.266326785 0.821644068
    0.66931206 0.492836416 0.200760871 0.492646128 0.691503346
    0.511155367 0.562550366 0.152037889 0.37874648 0.640202165
    0.521968603 0.95210743 0.697640777 0.898630857 0.817028165
    0.653690517 0.148108065 0.0453903079 0.428420663 0.0622414052
    0.18550393 0.394314289 0.827312768 0.597509265 0.655694366
    0.647112012 0.560334861 0.443891525 0.928878307 0.593227029
    0.309523284 0.229206145 0.301820636 0.373627484 0.277237266
    0.441226333 0.848213375 0.890178919 0.00146245956 0.175046414
    0.206829518 0.903080702 0.41563496 0.616258264 0.612342536
    0.819926083 0.619352639 0.989578545 0.105831861 0.257865191
    0.789995193 0.436070889 0.212811947 0.651648998 0.118373901
    0.817070961 0.0987154245 0.268702835 0.922799587 0.404593527
    0.782881379 0.0178282857 0.0424833298 0.452465385 0.496845126
    0.996258795 0.711300313 0.443063647 0.752779365 0.370015919
    0.742245913 0.083297044 0.999115348 0.599921346 0.143662959
    0.694137692 0.510867834 0.996949196 0.129569054 0.517055273
    0.461743444 0.572041333 0.553058565 0.10997054 0.437471628
    0.333322048 0.0146239102 0.632095098 0.337492138 0.447495639
    0.670552254 0.0122594535 0.838841438 0.60950768 0.6986444 0.76777339
    0.328446358 0.397433698 0.130904019 0.240626186 0.826416254
    0.492053032 0.414815724 0.345666617 0.201577365 0.226459801
    0.852214932 0.970423222 0.632108867 0.336624086 0.877879024
    0.175853223 0.303749144 0.247459739 0.256773889 0.498393714
    0.648754716 0.218968481 0.761532009 0.401135355 0.229645371
    0.385330379 0.338379532 0.793202162 0.775548995 0.560563207
    0.777667522 0.622499526 0.530008197 0.330092669 0.987087011
    0.838883519 0.0630964041 0.807215869 0.915536046 0.80655539
    0.910400271 0.925341129 0.867658198 0.950368345 0.298702836
    0.657880008 0.394189179 0.561892211 0.133987844 0.0174622536
    0.112069577 0.303373575 0.481625557 0.147341907 0.285432041
    0.829844117 0.298441768 0.879839838 0.725205004 0.023041904
    0.628214717 0.28061986 0.0606254935 0.620288908 0.541899681
    0.819292545 0.576160848 0.295374095 0.118094653 0.473937005
    0.601043463 0.894067526 0.0528568625 0.25382638 0.997170031
    0.55953908 0.0700111985 0.193798035 0.704809129 0.977525473
    0.948422909 0.612769365 0.332710713 0.22926572 0.924597204
    0.0965047479 0.286829233 0.888558269 0.443445623 0.518062711
    0.877437115 0.943024635 0.73263222 0.612318516 0.815531611
    0.146496713 0.147515029 0.249539405 0.533743382 0.472752661
    0.274456471 0.442147583 0.130701751 0.340696901 0.482591867
    0.929283857 0.573868394 0.510361135 0.625107646 0.602173328
    0.760862231 0.19280073 0.388547629 0.243622988 0.37206167
    0.212378323 0.354965568 0.341233999 0.171910167 0.606631637
    0.100939214 0.382945746 0.522616327 0.306681037 0.905274808
    0.826327026 0.261296034 0.296745569 0.199697107 0.205813944
    0.807608843 0.268539995 0.184408814 0.378605038 0.226807088
    0.60403651 0.770396829 0.0424607694 0.129317939 0.976171374
    0.457494467 0.0356531441 0.848681211 0.827135861 0.327606082
    0.297562063 0.0806280971 0.376627684 0.741236091 0.595005751
    0.513014555 0.279222727 0.359716535 0.0504587293 0.868657947
    0.148458868 0.865319133 0.890234828 0.120762318 0.494587958
    0.546096087 0.412550151 0.660096228 0.922158003 0.832149029
    0.828874588 0.222318292 0.155602455 0.055137217 0.498032331
    0.0735681355 0.933566034 0.37629047 0.109313458 0.00402376056
    0.708409786 0.728631735 0.454996258 0.534986496 0.995042801
    0.843896627 0.0735298693 0.698241174 0.895599008 0.0788289309
    0.213298082 0.590300441 0.54421711 0.459317118 0.402920723
    0.846485019 0.837846398 0.540443242 0.563322544 0.933726132
    0.281546414 0.587395906 0.787443399 0.958700359 0.971021056
    0.450767815 0.939602852 0.845272422 0.964384794 0.805886984
    0.374909103 0.0089482367 0.778092861 0.0598644018 0.0714905858
    0.505441725 0.071410507 0.826011837 0.299319118 0.435521841
    0.165443599 0.484852165 0.827873051 0.534045219 0.359363258
    0.804831266 0.393416673 0.37930274 0.101859957 0.857851207
    0.475395024 0.836068511 0.553084135 0.558249891 0.401536405
    0.132714599 0.0717689991 0.959189534 0.307739675 0.796165586
    0.436747223 0.823297143 0.453122228 0.952924848 0.983225167
    0.629900932 0.831748605 0.648777008 0.843657851 0.0106131136
    0.335897118 0.571877956 0.868277788 0.462567985 0.48770234
    0.180452228 0.753837705 0.831398606 0.627298057 0.206952631
    0.0409039855 0.483680546 0.446104407 0.0415071249 0.319755495
    0.267640948 0.354162544 0.387506008 0.772520602 0.884982407
    0.954014063 0.0113565922 0.580063343 0.194116682 0.351142108
    0.573825717 0.69418633 0.215250969 0.17037639 0.595327795
    0.770409942 0.0528664291 0.509781361 0.155576676 0.275697887
    0.641149044 0.871861756 0.797698915 0.19958505 0.528039217
    0.655992866 0.222690493 0.431048095 0.454444051 0.3701033
    0.140333116 0.319333225 0.844033599 0.13593933 0.4247455 0.744332433
    0.161879629 0.130906492 0.74272114 0.281040192 0.735459805
    0.860108316 0.0608878732 0.137954235 0.918242693 0.444164634
    0.891415358 0.233902425 0.573198378 0.0819827318 0.0837819278
    0.383652061 0.10935235 0.724148989 0.547546268 0.744858503
    0.338897228 0.352050722 0.387358516 0.983139038 0.0836449862
    0.596420825 0.723087668 0.531234443 0.527070463 0.412489414
    0.361133397 0.965054154 0.117868811 0.704522431 0.715367913
    0.768027902 0.373603106 0.398329765 0.11798954 0.859847963
    0.984189689 0.616315842 0.437586367 0.0109874308 0.991490722
    0.504178762 0.42763266 0.136529684 0.6053707 0.557608366 0.508935869
    0.607511759 0.867520571 0.925636053 0.645678043 0.035345763
    0.888089776 0.445163667 0.45353812 0.399972051 0.0621280968
    0.672187865 0.957798004 0.668497443 0.0324215889 0.382966667
    0.485980064 0.861259937 0.610814095 0.631844878 0.949829936
    0.00280064344 0.151420802 0.381732821 0.662432969 0.206675589
    0.874649286 0.573412657 0.209244162 0.893704236 0.674738824
    0.702303648 0.095936358 0.24342069 0.657158554 0.0871405005
    0.770724654 0.0986578763 0.981471896 0.109083176 0.0586045682
    0.40556556 0.704948068 0.198642194 0.821406662 0.634023607
    0.0743598938 0.247138321 0.915399551 0.457374275 0.500278473
    0.933284998 0.301712722 0.131654948 0.448223948 0.745386004
    0.304270864 0.997169375 0.61425972 0.161444306 0.53038615 0.76372534
    0.0101017058 0.99014008 0.111904263 0.0606482923 0.923987508
    0.244363725 0.366065323 0.415360451 0.812066913 0.994336724
    0.496961147 0.998926997 0.415948033 0.133823514 0.743185639
    0.169526815 0.202332765 0.836933792 0.742641091 0.888462842
    0.952424645 0.198339313 0.129298508 0.924921513 0.338649094
    0.593769372 0.963293135 0.887688756 0.487745017 0.603974104
    0.600672126 0.982310832 0.935950398 0.105455637 0.83812207
    0.536573946 0.404335558 0.59169358 0.54610163 0.536648333
    0.101205498 0.883944392 0.56470257 0.880906463 0.142810374
    0.102043092 0.455344617 0.934134126 0.793908477 0.169283599
    0.931073666 0.746316075 0.735504746 0.734229386 0.294321865
    0.569446921 0.223791152 0.346547425 0.845307589 0.683523536
    0.538563967 0.0400883555 0.548609972 0.203800648 0.335432529
    0.831253648 0.979041755 0.473820388 0.815105677 0.411117971
    0.772328258 0.641719878 0.670220673 0.867027164 0.581074178
    0.339528739 0.777818859 0.564363658 0.319448352 0.715527177
    0.205728412 0.872892618 0.191217691 0.840745986 0.291215211
    0.315529883 0.198995769 0.234436959 0.210436314 0.0310495794
    0.748694658 0.0866722763 0.830295563 0.886334717 0.853208423
    0.846647918 0.798509598 0.365754873 0.0613322854 0.0447969139
    0.858790159 0.120785296 0.580695748 0.661467671 0.805254638
    0.998484612 0.990178823 0.985304832 0.369047791 0.184169203
    0.711764574 0.642988503 0.968701601 0.207021177 0.725339293
    0.253533959 0.686676443 0.553553224 0.0328471363 0.380269915
    0.514192879 0.913000226 0.170456201 0.178390443 0.84497416
    0.0602272153 0.00494766235 0.963080287 0.243166506 0.463530123
    0.479290456 0.399700046 0.505898833 0.634224236 0.934177518
    0.827438951 0.568607688 0.0967755318 0.62794888 0.642298698
    0.203068882 0.277286559 0.983906329 0.997952461 0.544946909
    0.835997045 0.926543474 0.271573842 0.692676067 0.868596256
    0.714071155 0.974927187 0.240588278 0.168121517 0.145315617
    0.617642939 0.095113337 0.746090651 0.571054697 0.496335179
    0.119977355 0.701638222 0.875512362 0.221882552 0.569915295
    0.745192528 0.123187333 0.192269117 0.624420285 0.608412862
    0.693341911 0.70244801 0.272120804 0.258945405 0.691062212
    0.184136301 0.314467669 0.466491908 0.313749731 0.640639663
    0.393531412 0.525864601 0.0744021237 0.206979662 0.400595009
    0.14952901 0.8510952 0.331033528 0.258984596 0.42665711 0.592545331
    0.233050913 0.69466871 0.206028819 0.842260897 0.556532502
    0.590812147 0.986311913 0.781817973 0.93993026 0.594155192
    0.838402092 0.593051732 0.466484219 0.854836345 0.482592911
    0.852456868 0.674655855 0.569562018 0.0818585753 0.43957454
    0.329417765 0.723937571 0.658882141 0.96987164 0.952852964
    0.507339776 0.442638755 0.77553916 0.0320178568 0.0619833767
    0.888924003 0.40501079 0.83538425 0.561871111 0.304008484
    0.193258047 0.967176676 0.688072443 0.338260502 0.0739008188
    0.0280134976 0.665628135 0.613426208 0.572355032 0.0893506706
    0.33888343 0.727618933 0.461967885 0.282139093 0.887076914
    0.772571206 0.281209797 0.0517919958 0.161849618 0.0944012105
    0.409163773 0.9456141 0.0220526159 0.402223587 0.675036728
    0.661807537 0.55789119 0.964703441 0.46228075 0.705986738
    0.502304971 0.375149995 0.168435752 0.194274336 0.835496783
    0.924537361 0.967192411 0.279725075 0.829446316 0.566051722
    0.550168097 0.351917744 0.729974389 0.240818918 0.978773296
    0.777343035 0.49123615 0.122196257 0.347334564 0.742442727
    0.651565194 0.465093762 0.0265252292 0.0191979706 0.207249463
    0.373204231 0.821534038 0.575725555 0.977914274 0.893884003
    0.681901932 0.547787845 0.641830683 0.503174961 0.630239367
    0.448930264 0.861860514 0.932392597 0.301483452 0.204815418
    0.692137599 0.362550765 0.8274194 0.716360211 0.0752455294
    0.394318402 0.653054178 0.18644917 0.520410955 0.490124553
    0.314974487 0.268704593 0.438191891 0.365299225 0.866815031
    0.152831763 0.341976881 0.334171891 0.213063002 0.767781258
    0.718447208 0.599136472 0.559378088 0.0221453011 0.535927415
    0.538505077 0.507521093 0.319718122 0.504183054 0.302268505
    0.904402018 0.386126578 0.35043022 0.0345301032 0.79738152
    0.434252113 0.620340288 0.368639767 0.820845962 0.727699161
    0.901456058 0.709906101 0.99010098 0.963307738 0.450710297 0.5693717
    0.412116081 0.679862022 0.622952461 0.169670492 0.0606462359
    0.405346841 0.635312021 0.868229687 0.857619524 0.716152251
    0.363553733 0.329087436 0.273418128 0.0802131891 0.836278796
    0.0875906348 0.978256285 0.872995615 0.100553751 0.348976672
    0.598327756 0.515218437 0.567584276 0.691289544 0.398534715
    0.12056312 0.642444313 0.883193493 0.0939625502 0.221972704
    0.950482965 0.304784298 0.517472446 0.951253772 0.585135937
    0.673603475 0.872270226 0.997778773 0.0376190543 0.910548806
    0.549051464 0.117115468 0.0944952965 0.907395482 0.185269475
    0.0787113607 0.184917003 0.0927697122 0.290558875 0.483131498
    0.481376946 0.801601291 0.18695271 0.824222207 0.953125596
    0.400415748 0.505307436 0.353353709 0.224908143 0.285014629
    0.351442486 0.49748078 0.633538604 0.936732531 0.962078035
    0.484860182 0.448341399 0.0829937458 0.656445265 0.177388012
    0.218392044 0.596348524 0.962504387 0.451464564 0.915919721
    0.990580857 0.177759022 0.486975819 0.603737533 0.157975584
    0.785115361 0.193171561 0.612482488 0.39443934 0.443367302
    0.687317193 0.611487508 0.358987033 0.903194427 0.206107527
    0.975879073 0.672216535 0.397444338 0.0857094526 0.0437878072
    0.507728517 0.137196213 0.708607554 0.439328343 0.0850787759
    0.0860759318 0.958987117 0.605226576 0.463986695 0.0281817615
    0.091950506 0.662238777 0.47228691 0.191231608 0.722273231
    0.193829417 0.277374387 0.8807621 0.134004593 0.99318403 0.471564323
    0.401470304 0.791196465 0.595171452 0.146198094 0.917472124
    0.748934865 0.187273622 0.606411219 0.624086499 0.12004295
    0.680183172 0.737441957 0.530674994 0.095482856 0.416866779
    0.0203799009 0.498729706 0.56238997 0.436673462 0.791111112
    0.270308673 0.717972159 0.037591368 0.415397048 0.976563454
    0.41446951 0.571108103 0.210502893 0.63144815 0.958564103
    0.642047465 0.0491008461 0.755197167 0.897732139 0.87549895
    0.883285403 0.701522708 0.996871889 0.291272581 0.847273409
    0.497638822 0.424939096 0.497705519 0.994503021 0.0456004441
    0.000131517649 0.400386602 0.291032493 0.279441178 0.101182371
    0.989094019 0.672505021 0.754390597 0.911187887 0.364721 0.278760016
    0.665552914 0.136181921 0.66943568 0.691938996 0.612992644
    0.673430562 0.443859041 0.424282014 0.36187917 0.404838204
    0.386123806 0.746039987 0.266564488 0.175266474 0.864368796
    0.252060592 0.760865331 0.362015963 0.835215688 0.137913078
    0.121851683 0.511556804 0.934427917 0.685637355 0.624268651
    0.999445438 0.846673846 0.736655533 0.549270153 0.166175306
    0.435982823 0.924295187 0.134836763 0.00308457017 0.249987662
    0.14210555 0.895951748 0.416825145 0.209936529 0.586699188
    0.10216254 0.209278107 0.962560594 0.17659384 0.909857213
    0.265814275 0.278175354 0.874429464 0.386787117 0.643661678
    0.375930548 0.60303098 0.215572804 0.479906023 0.662933111
    0.747174323 0.705770135 0.0460288227 0.833074987 0.918106198
    0.707182884 0.00392237306 0.171356559 0.0993142724 0.390203118
    0.771239877 0.238967687 0.444833338 0.748764753 0.307972193
    0.65116787 0.386608958 0.063372016 0.354566574 0.761382818
    0.988708556 0.898646951 0.251443446 0.150847852 0.730752707
    0.59858644 0.0939709544 0.191395313 0.614432812 0.394610226
    0.147667617 0.0863075852 0.487127692 0.927984595 0.981050849
    0.254437983 0.874641418 0.908261657 0.807387352 0.51521498
    0.317708671 0.882952809 0.65205431 0.143537611 0.577206135
    0.0694034696 0.448998302 0.109823376 0.729359448 0.1298379
    0.171284974 0.696438432 0.964877009 0.225946218 0.316188276
    0.96684432 0.492428035 0.751312196 0.501179934 0.575209916
    0.456337988 0.158367217 0.135597706 0.126786977 0.0510994494
    0.484345436 0.0674330592 0.911511421 0.0623841286 0.604622424
    0.871933997 0.890448034 0.689677477 0.593362272 0.801050305
    0.289168268 0.754075408 0.868616581 0.961970925 0.0157695711
    0.760924935 0.712238669 0.744363368 0.0694431067 0.631789565
    0.529652596 0.641345084 0.462580383 0.346851289 0.763330698
    0.926172018 0.553589344 0.191900611 0.464344054 0.93230319
    0.659969568 0.266954005 0.339666903 0.181931615 0.680352867
    0.457585633 0.733133733 0.489097446 0.975510895 0.821200132
    0.773276448 0.156507552 0.470822036 0.255667657 0.260339677
    0.0751027167 0.448346198 0.859439135 0.500225902 0.879703283
    0.232606322 0.422134489 0.37739116 0.221788883 0.793977499
    0.659970701 0.954435766 0.631248593 0.274582773 0.42218107
    0.285438836 0.232478142 0.43128407 0.307369381 0.342557847
    0.464340121 0.737138212 0.253247768 0.73202461 0.647093236
    0.611845672 0.241459757 0.836265922 0.879741371 0.685859442
    0.631866753 0.927915096 0.625328004 0.462540269 0.600325167
    0.448474884 0.312607557 0.195832074 0.158037007 0.425348878
    0.572325706 0.87201035 0.0989852846 0.26461789 0.807240427
    0.426361084 0.181486607 0.842248559 0.762362361 0.298140347
    0.310690731 0.140246451 0.881373286 0.495456547 0.627506435
    0.3870143 0.847048879 0.472236514 0.140241802 0.117848188 0.62637794
    0.601209104 0.317121983 0.275853395 0.313966483 0.932467103
    0.15125072 0.984737754 0.808254719 0.437353969 0.331108928
    0.71332562 0.231106371 0.766346455 0.0238017142 0.921568036
    0.75761807 0.37156108 0.0800364912 0.510847747 0.231116235
    0.638802528 0.757603526 0.865447044 0.810239673 0.301182091
    0.741410792 0.611387253 0.758192658 0.471178889 0.916953743
    0.490933955 0.538342893 0.454892993 0.435421884 0.59958899
    0.190003753 0.213700026 0.0271859467 0.931376755 0.559978962
    0.148496032 0.73570472 0.896118104 0.236934483 0.753187895
    0.0452587605 0.490451097 0.934059262 0.86172235 0.966655135
    0.486672729 0.026949048 0.696468771 0.618252158 0.947028995
    0.804252148 0.0806853175 0.175732791 0.15534988 0.480422586
    0.412407607 0.932323992 0.718239903 0.221891433 0.552807808
    0.214123547 0.767040968 0.618545532 0.42160821 0.221434176
    0.188287973 0.200260282 0.110971034 0.633913577 0.184203893
    0.377527684 0.88797617 0.812302887 0.233505279 0.734874845
    0.0321902037 0.396269292 0.816032767 0.584226906 0.134102494
    0.155191183 0.313629568 0.741859436 0.409274936 0.96238327
    0.716144919 0.0386812389 0.387242407 0.585711896 0.489862025
    0.711376071 0.538786292 0.542772889 0.153012365 0.148328274
    0.7893278 0.0471232235 0.581894457 0.781170189 0.6072703 0.95798707
    0.885363758 0.947711825 0.509978712 0.808409095 0.543040335
    0.509469569 0.316476882 0.84153223 0.902900577 0.253434032
    0.87026608 0.334933937 0.355514348 0.765325427 0.102677047
    0.860644817 0.682654798 0.890080333 0.669036031 0.811089277
    0.0163291395 0.76730907 0.364522576 0.923539281 0.940695286
    0.773611784 0.23067981 0.809583724 0.493496001 0.302389652
    0.331493437 0.126350969 0.100915968 0.595538318 0.095050782
    0.198357642 0.769526184 0.614120245 0.909803092 0.137327045
    0.257628381 0.571198583 0.22491008 0.452575535 0.764535904
    0.359515965 0.0255327523 0.470484853 0.638677239 0.675498486
    0.903741241 0.493899941 0.807563424 0.211371064 0.319927007
    0.644441605 0.795446992 0.516649604 0.486101389 0.92956984
    0.553613067 0.103362054 0.982204318 0.223216772 0.609364867
    0.200217992 0.148404449 0.820676565 0.554952443 0.204845399
    0.269245803 0.49097091 0.362759262 0.148192585 0.896726251
    0.130094111 0.3903175 0.19861573 0.760727942 0.0396592617
    0.102477372 0.193788946 0.280030519 0.17270726 0.557182372
    0.335550368 0.174144566 0.718564987 0.35212332 0.185628057
    0.343042612 0.630947113 0.598613381 0.430775583 0.316171348
    0.938512385 0.75094533 0.745495558 0.940686464 0.319486082
    0.631365061 0.90292412 0.336781979 0.195459038 0.00204402208
    0.8971591 0.341237098 0.14851591 0.00966259837 0.983611584
    0.57747668 0.248839438 0.929219365 0.831629753 0.00675612688
    0.292733192 0.537017465 0.0314706564 0.179153293 0.259065688
    0.237448931 0.758980453 0.91671747 0.232315779 0.961194277
    0.532659054 0.1269885 0.0414335132 0.249788523 0.324777544
    0.372819602 0.656799555 0.283589423 0.986416817 0.302929074
    0.997156739 0.601891279 0.694535732 0.58498621 0.440316796
    0.48621878 0.148800254 0.682187796 0.580279589 0.486557722
    0.776692808 0.469394743 0.0726135671 0.0560171902 0.841958344
    0.384555131 0.520058751 0.616772532 0.561388314 0.976983428
    0.127411872 0.636339784 0.59756887 0.37696296 0.325956404
    0.837139726 0.429195374 0.500189126 0.322823852 0.50092876
    0.69314009 0.631094694 0.164093912 0.876030326 0.447670281
    0.191475958 0.421850085 0.800229728 0.0700643063 0.52841723
    0.813478291 0.895026445 0.819738209 0.746786356 0.19509849
    0.0914338529 0.524356365 0.322820067 0.68031764 0.744197249
    0.873267531 0.628467262 0.874229193 0.709212363 0.813613117
    0.243628412 0.648749769 0.243016213 0.307320893 0.885433078
    0.523587704 0.951519668 0.187102884 0.357406676 0.0723007321
    0.908898652 0.787937284 0.867322445 0.728579521 0.71248889
    0.976280868 0.416414976 0.667471349 0.651490808 0.776406944
    0.29761225 0.63382256 0.936627746 0.459507644 0.949894488 0.89834094
    0.227898479 0.242159814 0.767973542 0.519615948 0.558229923
    0.605118275 0.965162516 0.5938133 0.392143935 0.458840966
    0.838553667 0.0284123123 0.765888929 0.333992332 0.440296412
    0.953600049 0.689766109 0.903752148 0.669366062 0.0216850638
    0.0959526002 0.996536493 0.221588016 0.934686899 0.032041043
    0.869089842 0.675202668 0.781875849 0.153512836 0.396624595
    0.483593434 0.705083013 0.613027334 0.946352124 0.242791295
    0.442271441 0.0161236525 0.155600578 0.328175426 0.922416985
    0.690307558 0.689727783 0.617465079 0.86066854 0.75757724
    0.282483965 0.0589987934 0.566740036 0.932553768 0.717486143
    0.954489172 0.0558795035 0.760607064 0.758374095 0.718405426
    0.897133946 0.997512102 0.764307201 0.249650776 0.295876324
    0.634388924 0.378511876 0.353770524 0.390833318 0.764268875
    0.176134199 0.706885695 0.785955787 0.685608208 0.674677193
    0.779802203 0.856434941 0.941284657 0.0527207553 0.740923822
    0.619573176 0.59843725 0.959718466 0.614693701 0.787475646
    0.242286175 0.59452343 0.351893723 0.443762749 0.684703767
    0.549819291 0.577570021 0.878385067 0.21360746 0.772535861
    0.830008388 0.443294436 0.716120601 0.334128082 0.79620254
    0.313197553 0.57325393 0.293437719 0.534130037 0.0329006612
    0.773263633 0.395267606 0.41074121 0.493803978 0.260870397
    0.403269768 0.325233877 0.973294437 0.709219635 0.692189515
    0.726917446 0.317768991 0.148326963 0.744716048 0.568906724
    0.406093895 0.213147074 0.965202332 0.915989637 0.745686293
    0.46089682 0.994506121 0.669378161 0.405117303 0.608036757
    0.155244797 0.220665872 0.180177927 0.44079265 0.847248733
    0.196076244 0.446477056 0.0607380569 0.534516037 0.0830256641
    0.846609354 0.790671408 0.0846595466 0.290926129 0.213729292
    0.760323882 0.240092874 0.870877445 0.825773597 0.764926732
    0.657512903 0.206694424 0.597572207 0.159317285 0.487388432
    0.662183166 0.777747393 0.573598027 0.345079124 0.50208807
    0.17172873 0.235462159 0.291573107 0.595061898 0.173439741
    0.982930839 0.835968733 0.948213339 0.350012392 0.899733067
    0.279806137 0.0512062311 0.459957808 0.522137105 0.911981642
    0.434937477 0.149616361 0.93050456 0.592356205 0.949951589
    0.446039289 0.59022069 0.563310385 0.832640886 0.0555280149
    0.456065506 0.940967321 0.141087145 0.230484903 0.104015291
    0.658881545 0.136270672 0.135449231 0.59526968 0.83650589
    0.0245398879 0.63633877 0.834285796 0.763117313 0.396358073
    0.392320216 0.74208504 0.518297791 0.234491259 0.633283436
    0.320117712 0.477646053 0.694878459 0.0659173131 0.73402673
    0.362163842 0.0545418262 0.888474584 0.0350619256 0.180766672
    0.281690538 0.049903214 0.417538047 0.139915943 0.833083034
    0.254791647 0.743807316 0.0488911271 0.048810482 0.243620098
    0.0627189875 0.151734918 0.104693145 0.377810001 0.0150867105
    0.629290342 0.524513483 0.776681066 0.396247715 0.056394577
    0.838355899 0.115826011 0.995367885 0.23830846 0.395514131
    0.0150731802 0.56059438 0.599519551 0.45925945 0.262137234
    0.815643907 0.685013354 0.0305308402 0.666940987 0.909277916
    0.634711027 0.970677376 0.903268099 0.232688695 0.966824055
    0.494974554 0.454146206 0.816967249 0.352087438 0.221525133
    0.359727144 0.734413803 0.475266695 0.651824117 0.801313758
    0.0942564905 0.359880656 0.287974596 0.152606696 0.732796907
    0.798664927 0.753484488 0.485918492 0.927816391 0.089921087
    0.445471197 0.469908297 0.356737435 0.568421304 0.505404949
    0.688176811 0.0261482596 0.0775558352 0.653905511 0.174741477
    0.546749711 0.190373659 0.858778715 0.901493311 0.680968463
    0.659706354 0.57008481 0.869750023 0.874859452 0.848226726
    0.562213302 0.603257537 0.24053067 0.590359211 0.431901693
    0.582005858 0.499344379 0.443041295 0.330650568 0.698552132
    0.904716611 0.295642495 0.887055993 0.634060204 0.501248956
    0.159112364 0.793662071 0.485022962 0.0991761982 0.390011847
    0.964507222 0.915398479 0.634896457 0.881318152 0.11889109
    0.0235517621 0.963629484 0.207505107 0.722313166 0.563854158
    0.464491993 0.847851157 0.851963639 0.582950592 0.0207724273
    0.868612409 0.675596595 0.869523466 0.379796922 0.761154771
    0.798373342 0.772705555 0.598278403 0.908535838 0.852677107
    0.501521826 0.813124299 0.919760168 0.0534155071 0.28806144
    0.523673832 0.493189275 0.183760554 0.0102363229 0.399288535
    0.827957094 0.33181262 0.591547191 0.142659336 0.604445219
    0.213890165 0.471283615 0.672654331 0.837147534 0.625603974
    0.119961143 0.843838632 0.30331257 0.344260454 0.35816586
    0.150849938 0.651831031 0.605244994 0.342288166 0.101132274
    0.180993974 0.0422082841 0.33973369 0.191373378 0.09885481
    0.353055775 0.692815959 0.740684271 0.691298604 0.683533192
    0.0732572675 0.85021168 0.948760271 0.999995589 0.275285423
    0.42663914 0.743475676 0.268289894 0.959800184 0.879412651
    0.355112731 0.507762551 0.488418281 0.422845453 0.905411005
    0.747271955 0.51783973 0.757413983 0.335407734 0.850296378
    0.687571168 0.35568589 0.653810859 0.919326782 0.379517317
    0.203037381 0.466734052 0.799376607 0.0858140886 0.0145538449
    0.758407235 0.635694504 0.938916683 0.113039494 0.803645432
    0.779201865 0.734874487 0.618818521 0.421160847 0.458564013
    0.582863986 0.809372425 0.167594016 0.513388216 0.49329558
    0.232153326 0.884956241 0.795335174 0.0329882801 0.791875958
    0.414980024 0.279294789 0.740853846 0.910128951 0.311584771
    0.351281583 0.993176818 0.508745432 0.934694409 0.604251444
    0.353977263 0.0621649921 0.411870927 0.577477396 0.212098181
    0.78120482 0.135437101 0.528899193 0.524767458 0.874169111
    0.300734699 0.614306867 0.582554519 0.760811627 0.624716878
    0.392128229 0.822944462 0.998826742 0.928063691 0.535572529
    0.448230714 0.268514812 0.857418418 0.0216096342 0.38779965
    0.883563459 0.370999813 0.539155662 0.258621573 0.712897182
    0.856835127 0.355378389 0.698477209 0.444319487 0.320736289
    0.967690468 0.132876635 0.0377067924 0.942696214 0.129107416
    0.581617653 0.283365428 0.503561497 0.999499321 0.01875332
    0.532519102 0.624647141 0.961470306 0.753404617 0.976273656
    0.772442877 0.24660179 0.111353904 0.775675595 0.479200602
    0.256877452 0.0282617509 0.328391671 0.958337605 0.480247617
    0.195286483 0.354403049 0.402713269 0.288774014 0.0093793273
    0.589667976 0.586218476 0.991252303 0.341301113 0.197108328
    0.873782158 0.0759801567 0.307796121 0.514457047 0.0146159828
    0.998083353 0.225051731 0.0870877802 0.830303192 0.0667014718
    0.689396024 0.0231951475 0.45840323 0.979057789 0.74627614
    0.0986880064 0.121406376 0.736612916 0.265328199 0.952243924
    0.191599578 0.838187814 0.636202872 0.234049618 0.513633192
    0.636773109 0.940402806 0.555854976 0.888454318 0.515866518
    0.176181942 0.645501792 0.138698757 0.0166251361 0.780772328
    0.0537073612 0.0678103566 0.833350062 0.547302067 0.471768439
    0.286641657 0.918498278 0.313769519 0.919745445 0.0440232754
    0.539156258 0.0844857395 0.031614095 0.206664592 0.216423601
    0.348931968 0.887168646 0.596552908 0.950617552 0.306460679
    0.407944143 0.292369366 0.486113012 0.722504616 0.415057123
    0.550281405 0.146802187 0.560249686 0.157511681 0.299714237
    0.917656302 0.293965012 0.0335587561 0.407368422 0.170436829
    0.731931925 0.0841544569 0.818170428 0.631003916 0.392950594
    0.0334236324 0.242795914 0.62524271 0.562971115 0.860525012
    0.53320837 0.62429297 0.997593343 0.166994303 0.571291864
    0.0331368446 0.853130102 0.632071972 0.77571559 0.851865768
    0.245133787 0.28838563 0.464615762 0.307809919 0.543648422
    0.0918982625 0.0751093924 0.806117952 0.436049223 0.526201367
    0.961224377 0.130030185 0.986716807 0.287245631 0.308126301
    0.203900248 0.0917243063 0.384436786 0.810157895 0.39928022
    0.9416309 0.312055409 0.0460154712 0.865303755 0.759401917
    0.888036489 0.060330987 0.186849713 0.852345347 0.633784413
    0.371444941 0.229798973 0.919729412 0.207449228 0.579701662
    0.342631161 0.737443566 0.918294072 0.429362118 0.648122847
    0.264169574 0.978995562 0.0899582207 0.357982457 0.992817163
    0.770373344 0.440487951 0.389103562 0.470702022 0.987850547
    0.374231458 0.346237898 0.360967398 0.110334218 0.105750412
    0.112290502 0.772733867 0.336022764 0.746712923 0.194859594
    0.0540518165 0.771465838 0.761112511 0.141735703 0.759853125
    0.734999359 0.18104589 0.98769486 0.956166863 0.287487656
    0.223556846 0.464791715 0.144521624 0.589857638 0.140693098
    0.456765592 0.0557038188 0.130543113 0.843539298 0.659737229
    0.137851179 0.359020174 0.294626921 0.145656794 0.152942717
    0.347990125 0.144991159 0.0755624771 0.723257601 0.824105203
    0.0599119663 0.0972132087 0.116227716 0.0702362657 0.447050601
    0.125155121 0.453304201 0.273783982 0.39629823 0.658201277
    0.714867532 0.324352205 0.215600669 0.328381598 0.292760611
    0.323896408 0.311202288 0.842504025 0.514707685 0.803530335
    0.616886318 0.999348462 0.650453031 0.110737115 0.525812447
    0.69425565 0.498664349 0.595214486 0.0888877809 0.489830524
    0.431605965 0.961531222 0.223472714 0.927509367 0.632886112
    0.095386982 0.303960145 0.964891255 0.268541694 0.696497738
    0.42946896 0.113531023 0.000278413296 0.204174459 0.748431802
    0.772231221 0.627675116 0.289284647 0.369093299 0.281737298
    0.934868097 0.540259957 0.153007507 0.0286557972 0.357413739
    0.894443393 0.971259177 0.0581603646 0.115032643 0.522511661
    0.920117617 0.750101686 0.733958304 0.929881215 0.555520356
    0.188700467 0.739951372 0.803866982 0.489186794 0.869500041
    0.494600624 0.948780775 0.315118611 0.391996861 0.890888989
    0.975531101 0.0870066285 0.324098945 0.566206038 0.377919614
    0.566561937 0.700337946 0.865466237 0.361708343 0.682689428
    0.208847672 0.141412973 0.658071518 0.277604282 0.64813149
    0.109908044 0.977759659 0.306972325 0.540847421 0.696410298
    0.398481071 0.795198917 0.687706232 0.947811961 0.475678831
    0.287359834 0.163113564 0.758531451 0.664702415 0.131818175
    0.715674996 0.997254908 0.625152767 0.997142315 0.0585278869
    0.389164329 0.594137371 0.635827005 0.994817257 0.853745341
    0.765714169 0.221811533 0.835133433 0.0971250236 0.59832716
    0.0648177862 0.040637821 0.0292670429 0.315575898 0.218480825
    0.536613166 0.81570363 0.685956478 0.791784286 0.510292113
    0.0533150434 0.279609829 0.348452091 0.480190992 0.590463877
    0.611374617 0.394780457 0.274870455 0.256907403 0.948786855
    0.0940606594 0.08561638 0.599629283 0.748559415 0.913881779
    0.476510644 0.615381896 0.769492388 0.506036699 0.912413239
    0.112901539 0.210390031 0.830970764 0.244098783 0.973950863
    0.92732513 0.409367055 0.936171114 0.948530674 0.703366339
    0.913717926 0.856814742 0.900837779 0.243761837 0.11818096
    0.379169971 0.386413217 0.602333069 0.108034134 0.206936121
    0.104874492 0.102559835 0.789552808 0.230302513 0.63702023
    0.204223454 0.623960495 0.325422347 0.507881343 0.698069215
    0.099604398 0.482199579 0.781247377 0.188640565 0.72284323
    0.798685074 0.284900278 0.271392584 0.92006135 0.2204054 0.553685188
    0.837321043 0.805772841 0.604993939 0.553174913 0.948672593
    0.391528964 0.259179056 0.358423918 0.981862009 0.993380547
    0.800737143 0.453745753 0.823103309 0.260927349 0.0372648537
    0.59352386 0.150241405 0.199422002 0.971147656 0.875035644
    0.197273254 0.665041208 0.705645978 0.8687886 0.839390278
    0.537373364 0.219466805 0.816076636 0.953529358 0.482853889
    0.661210716 0.464392006 0.313051462 0.247917026 0.285439044
    0.686510682 0.0859296024 0.0966409445 0.826279581 0.292748392
    0.89561677 0.688549876 0.740067542 0.264334917 0.620168447
    0.298852921 0.291508973 0.294822872 0.413959205 0.0407625735
    0.361431718 0.170267791 0.419136643 0.264758229 0.255671322
    0.469918251 0.976956487 0.236387789 0.132607162 0.361407697
    0.538434446 0.408922672 0.0537036955 0.175352305 0.723912716
    0.0785180628 0.84347105 0.0417036414 0.726219296 0.551914215
    0.701710284 0.403171599 0.460816443 0.00999701023 0.354321957
    0.843674421 0.804189324 0.879020333 0.654698431 0.236480087
    0.934237957 0.183403671 0.962423921 0.147046208 0.26163429
    0.253131449 0.100779474 0.0651648939 0.729943573 0.947643101
    0.778555036 0.262434125 0.56740576 0.991085589 0.590938807
    0.961934924 0.345182896 0.353923082 0.16399011 0.0997078717
    0.92898196 0.872113883 0.809883714 0.125596613 0.755904078
    0.871641517 0.612949133 0.0953980088 0.425324202 0.276340544
    0.125898927 0.970443189 0.054476887 0.590923905 0.186069727
    0.297128111 0.922310948 0.0525057614 0.61074394 0.145327359
    0.187765539 0.0506265163 0.648660421 0.196839094 0.286627561
    0.153885633 0.864462614 0.509305537 0.49384734 0.489062846
    0.462361991 0.851449907 0.37447685 0.665514767 0.640690684
    0.319098055 0.342611462 0.772421598 0.779574692 0.658027589
    0.383301318 0.967895567 0.657813132 0.230344832 0.125763565
    0.855221033 0.222921163 0.580913544 0.690753758 0.565281391
    0.182721227 0.986694396 0.0887954831 0.423550278 0.871241689
    0.816799223 0.452653289 0.186429739 0.910355568 0.0435612202
    0.399848819 0.499036551 0.783765674 0.578692794 0.939837933
    0.0354462266 0.361433774 0.618638873 0.780332267 0.963701606
    0.843533874 0.146925181 0.384460807 0.436508983 0.321715444
    0.249103606 0.21649161 0.572905779 0.485478848 0.570557535
    0.0937273204 0.533825755 0.449820966 0.974977493 0.907708764
    0.30338338 0.469380051 0.941738784 0.72805357 0.675500035
    0.795540571 0.0489768684 0.856097519 0.663344085 0.67999047
    0.332807869 0.496869683 0.439229012 0.122942179 0.70698905
    0.750278711 0.271416485 0.236979097 0.14794609 0.290277839
    0.258246958 0.122929722 0.75176692 0.669587374 0.926710367
    0.0117681026 0.0472200215 0.545338035 0.727458358 0.981792092
    0.0330811739 0.10795635 0.502162635 0.637037277 0.0722272992
    0.403288096 0.82525301 0.996925294 0.629366994 0.773471117
    0.886558533 0.370384693 0.381276041 0.716165662 0.311260372
    0.785143256 0.615950584 0.951617777 0.411819607 0.221168578
    0.124279529 0.857411802 0.0927595496 0.302082837 0.396996915
    0.928691983 0.226457775 0.895811439 0.570624411 0.332017362
    0.592520833 0.470491379 0.0892596543 0.0854198933 0.851730883
    0.430739701 0.864824176 0.870631635 0.0947228372 0.263059855
    0.654893041 0.673707306 0.964270115 0.124427766 0.796855748
    0.947118163 0.942238092 0.438023746 0.0699169934 0.220170349
    0.815244675 0.397565693 0.95310539 0.712146163 0.254808098
    0.964835525 0.985451221 0.849934697 0.303901076 0.80325675
    0.632455826 0.697010875 0.295056581 0.2442981 0.567739367
    0.148933828 0.128493547 0.305054843 0.750730515 0.578554809
    0.577836096 0.0660766363 0.377087116 0.0252778232 0.329001844
    0.412934035 0.935377777 0.269324422 0.217629313 0.299399734
    0.396165371 0.891367197 0.576118112 0.318365753 0.449645907
    0.186863124 0.939652443 0.264916301 0.104631156 0.553772211
    0.560746312 0.17277649 0.724057734 0.679264009 0.735772789
    0.207302749 0.762033105 0.613100588 0.337028146 0.70662272
    0.144805402 0.732174814 0.203621626 0.436910659 0.150563657
    0.483542204 0.225378156 0.233999878 0.972761989 0.433142781
    0.00672516227 0.700828314 0.431876361 0.153523296 0.390764475
    0.465218574 0.591532171 0.481897593 0.313475251 0.585455775
    0.550637484 0.0814850926 0.261615843 0.0396755338 0.459569186
    0.125908405 0.365230978 0.267613828 0.86113596 0.929160357
    0.178675711 0.921566486 0.805187106 0.410116643 0.787966728
    0.1251252 0.971395969 0.230422407 0.143959045 0.979719043
    0.0713600516 0.356547773 0.699287534 0.574402869 0.925122678
    0.860326529 0.908285081 0.888942361 0.0983443558 0.60113579
    0.34248656 0.58338815 0.259352893 0.86538589 0.311993659 0.635031164
    0.0314844847 0.354489625 0.951986253 0.366984725 0.68404156
    0.370877087 0.434866488 0.878797174 0.0502512157 0.699391007
    0.604795635 0.573436797 0.652868509 0.763171077 0.0439708829
    0.68266046 0.0142857134 0.274259567 0.792964101 0.0470062494
    0.87332195 0.805079341 0.331496358 0.716178358 0.123309314
    0.250422508 0.812801957 0.177705079 0.23008275 0.153137803
    0.386671782 0.371690005 0.926471829 0.655067682 0.411246479
    0.238792866 0.206157774 0.0323011577 0.589563847 0.373677552
    0.81564784 0.77705276 0.803032517 0.238002956 0.987950087
    0.712109566 0.016218245 0.304447293 0.321913898 0.280181468
    0.233394384 0.36813122 0.273722827 0.575172842 0.405841053
    0.667645216 0.0912949443 0.695621371 0.391332805 0.905588508
    0.957828999 0.0484313667 0.386395156 0.894579709 0.971096158
    0.947555006 0.626970053 0.783752382 0.302476645 0.808707952
    0.683711886 0.234254569 0.978326797 0.99045521 0.288343191
    0.31391865 0.271208256 0.807887435 0.429593235 0.266590267
    0.987165451 0.0547413826 0.808419049 0.182412207 0.846965015
    0.103619009 0.387518287 0.931867003 0.281220704 0.0940136313
    0.744836986 0.149644673 0.239058137 0.281105638 0.025785774
    0.14375183 0.436188579 0.270832598 0.818778932 0.458378851
    0.389269531 0.277857959 0.73996371 0.174835324 0.241290927
    0.829160452 0.375418127 0.367284 0.198054671 0.819530249 0.906652212
    0.86141181 0.434347481 0.548217356 0.337659776 0.0875681639
    0.662472069 0.926317692 0.848591566 0.747201443 0.272852957
    0.940310001 0.288346708 0.329562515 0.340859413 0.921116948
    0.918145299 0.491290301 0.118333668 0.466982782 0.728495955
    0.692910552 0.172296166 0.135259181 0.323466361 0.507610679
    0.620842099 0.933802962 0.194626212 0.858026743 0.486093134
    0.241202027 0.495074749 0.760463119 0.947734356 0.251407981
    0.327067941 0.84482336 0.606413543 0.221813202 0.977657318
    0.697046041 0.594935417 0.177842796 0.625563383 0.922205627
    0.243357062 0.774707675 0.721881509 0.288486898 0.149514854
    0.0263831019 0.209621131 0.702238798 0.919593275 0.530183673
    0.898985028 0.680420876 0.0658708513 0.136562794 0.952540159
    0.788553536 0.227159202 0.48431021 0.0839873254 0.201538265
    0.362818122 0.226682723 0.899732351 0.12838605 0.0529336631
    0.671461999 0.523420036 0.715115249 0.14770782 0.43827495
    0.374331832 0.296211123 0.854549348 0.672265828 0.0174773633
    0.43352437 0.912916183 0.912669659 0.823151708 0.400464028
    0.0314761698 0.73754704 0.553638339 0.357905328 0.829649925
    0.76659596 0.0220494568 0.711219251 0.330307364 0.976668596
    0.325106919 0.037899375 0.230931401 0.266995788 0.888378799
    0.763192773 0.373613328 0.251569092 0.621929526 0.813495755
    0.379876733 0.764680862 0.0383338034 0.445785254 0.868085325
    0.914038539 0.942888498 0.0270708203 0.843065262 0.904864073
    0.978179395 0.952953219 0.809927046 0.0351085663 0.552655876
    0.888606071 0.155934811 0.771166205 0.269540817 0.319995254
    0.147302628 0.654195726 0.620312512 0.137443066 0.969586015
    0.163797677 0.30476135 0.427365988 0.766191959 0.179783404
    0.192990959 0.813384831 0.0526257157 0.26568833 0.742134452
    0.11158818 0.831582963 0.690569222 0.104924709 0.451944143
    0.434331089 0.0288331807 0.258999348 0.476402938 0.406743288
    0.71965313 0.067923665 0.357866615 0.841378689 0.385189235
    0.452281833 0.662790358 0.128448308 0.628250837 0.282701135
    0.0499967337 0.336672544 0.340348065 0.847473741 0.656006694
    0.25335595 0.904281855 0.616650522 0.906916976 0.0447499752
    0.236951113 0.918538809 0.395366192 0.0895632207 0.52090776
    0.790557086 0.892110944 0.694465518 0.790751696 0.308262825
    0.227013499 0.386166394 0.0943401158 0.467535973 0.0310835242
    0.766774535 0.736362457 0.635446072 0.205539733 0.850302339
    0.196326613 0.148701519 0.880054414 0.743894458 0.473986417
    0.685724497 0.872735381 0.412208319 0.294138134 0.0142015219
    0.397082627 0.0372448862 0.261749148 0.523019552 0.478345245
    0.149814099 0.614052594 0.427967131 0.923277497 0.765473008
    0.933119059 0.321506023 0.951655269 0.143696159 0.101932406
    0.655784905 0.948714614 0.959013104 0.0973507464 0.36684376
    0.663218141 0.406596333 0.339250743 0.265590668 0.621502697
    0.604127526 0.51846838 0.353116155 0.982115269 0.853094339
    0.446246207 0.513181984 0.380765915 0.122547686 0.0894752443
    0.123195976 0.973936319 0.0936474204 0.16261375 0.582737148
    0.380093187 0.324000835 0.925910115 0.728718817 0.35820353
    0.372062266 0.800874352 0.354685783 0.0498773456 0.786840796
    0.211149246 0.321139336 0.320243239 0.509214282 0.972417951
    0.403694898 0.57246244 0.890426397 0.608184814 0.735823274
    0.979577899 0.738696694 0.791755915 0.698132217 0.791839361
    0.0042565167 0.843032837 0.215254039 0.490998119 0.282839656
    0.989451766 0.726063132 0.898032308 0.452078223 0.889300227
    0.0339072049 0.150196731 0.138731241 0.0853460729 0.33113429
    0.879972458 0.158474922 0.363589108 0.834697485 0.883818388
    0.657387137 0.0598751605 0.37459141 0.0362505913 0.424687505
    0.847158194 0.00594612956 0.753984451 0.449304014 0.225405157
    0.485643715 0.351846755 0.738938689 0.945725024 0.706717014
    0.871420443 0.777144253 0.112435937 0.276417732 0.0146715939
    0.117132306 0.677450538 0.309218019 0.714848876 0.182086945
    0.818190396 0.158159077 0.184396744 0.163847417 0.0781778991
    0.432807207 0.576846123 0.30244571 0.46581912 0.916613817
    0.785619497 0.260484785 0.958001494 0.562333584 0.0131362081
    0.456526309 0.466295511 0.533912957 0.240872502 0.749575019
    0.50967896 0.805241704 0.180912524 0.100931734 0.0471093059
    0.978121996 0.680930436 0.248574317 0.137560457 0.569913864
    0.0513441861 0.792691648 0.334708095 0.285433412 0.0375577807
    0.865570307 0.280867934 0.793047488 0.122322738 0.908333957
    0.936146736 0.706378818 0.252378643 0.00745239854 0.736762822
    0.789130926 0.206501156 0.716023445 0.353657603 0.690413415
    0.8563326 0.142170638 0.352414846 0.902836919 0.787259579
    0.648201942 0.516797543 0.56239152 0.652332246 0.749087393
    0.16026628 0.755652905 0.497933835 0.949725032 0.815659285
    0.0831142068 0.240579605 0.792935729 0.247234166 0.883467317
    0.997291088 0.207880795 0.228028208 0.212940276 0.907459974
    0.755126953 0.562248111 0.507285774 0.0385945737 0.953772068
    0.889496922 0.617464542 0.10049206 0.466650307 0.0262708962
    0.431086838 0.539643466 0.108940572 0.840930223 0.592002034
    0.29021734 0.372486293 0.649582505 0.959114313 0.934342682
    0.286802232 0.352274239 0.0963908732 0.350107044 0.604171038
    0.674473763 0.501947045 0.174609423 0.224934638 0.776410878
    0.832892656 0.990131378 0.363106132 0.0531945229 0.238712728
    0.468879133 0.914706886 0.134625018 0.407427132 0.340363115
    0.830016017 0.865051746 0.858511209 0.184188813 0.133632004
    0.599627078 0.785819054 0.238019794 0.645780087 0.541467428
    0.793512821 0.974763036 0.656477571 0.0333997607 0.181807518
    0.0515175462 0.333119988 0.835563183 0.890442848 0.386656821
    0.334168524 0.478021026 0.726460099 0.417541862 0.551854253
    0.917440295 0.0733364522 0.71606946 0.285378814 0.995565593
    0.558321178 0.420399666 0.270497769 0.58107847 0.767646909
    0.948116422 0.226514041 0.140263885 0.525690615 0.405690074
    0.706156015 0.0728301406 0.32231456 0.516058624 0.808738589
    0.91484493 0.159556538 0.135629326 0.0288007557 0.303859949
    0.889688551 0.51771754 0.0327920318 0.73889178 0.889015794
    0.831985116 0.426833719 0.406696528 0.181223243 0.447525769
    0.714276552 0.664578617 0.570458591 0.788917661 0.903352439
    0.387177527 0.0885573626 0.144873321 0.307632297 0.522871315
    0.728620231 0.552558303 0.867725313 0.423016965 0.63472271
    0.542519093 0.886871159 0.111026198 0.701058328 0.64423573
    0.481905878 0.20563218 0.401600033 0.323727369 0.0576477647
    0.176584899 0.0450201929 0.529706478 0.0889309049 0.962175608
    0.839980185 0.236183703 0.593383253 0.123225689 0.318955004
    0.922676563 0.727780998 0.0250584185 0.873137414 0.595168531
    0.368898571 0.77606833 0.868296564 0.171614587 0.0926242769
    0.274291515 0.248742342 0.345955491 0.5728091 0.62970227 0.319826275
    0.566761076 0.983711958 0.932385921 0.928815365 0.443334579
    0.421130538 0.987592638 0.0888830423 0.973752022 0.675126433
    0.0741499662 0.494850725 0.946257472 0.565442264 0.811146617
    0.841308296 0.494793802 0.89366281 0.109119922 0.562018454
    0.467234224 0.408417165 0.351772994 0.404986978 0.8209427
    0.264415681 0.568720639 0.733933806 0.863881409 0.403885871
    0.580876946 0.0158145428 0.331785351 0.64385426 0.969510853
    0.459300756 0.0590839386 0.379995257 0.182942629 0.867441177
    0.245192409 0.338448942 0.99329114 0.0675123036 0.414818376
    0.0412480533 0.469443411 0.314911962 0.11803177 0.904246926
    0.450147569 0.692584872 0.628787518 0.59397316 0.625663579
    0.820224166 0.0567878485 0.522432983 0.0540284514 0.604013562
    0.00105762482 0.799219728 0.542288899 0.0672169328 0.667568207
    0.579421222 0.95886457 0.558922291 0.419660449 0.442004025
    0.309959501 0.965524435 0.248136371 0.286793381 0.555452824
    0.99770987 0.741985083 0.628228307 0.217072845 0.856056869
    0.687217593 0.295399666 0.658962667 0.462964475 0.837485492
    0.0981564522 0.340642691 0.252979726 0.534892559 0.447911263
    0.622715533 0.715671182 0.776646972 0.649415851 0.713771939
    0.693269968 0.642594457 0.213361204 0.501398861 0.870651662
    0.543895423 0.407176107 0.919309676 0.231811315 0.542109311
    0.572740912 0.861994743 0.143362403 0.00655660033 0.344392985
    0.406723559 0.329565614 0.481855839 0.188203871 0.899823785
    0.16135636 0.256198913 0.863308907 0.816049337 0.900918841
    0.643489122 0.269427538 0.927110016 0.905872762 0.0369268656
    0.779965937 0.496348739 0.562511444 0.083568424 0.414500535
    0.0371144414 0.335273385 0.960703135 0.666398644 0.88063848
    0.771911323 0.0733400583 0.555047929 0.324992836 0.622292936
    0.316855997 0.328854412 0.215183645 0.449794233 0.735620797
    0.501937687 0.846453249 0.779389024 0.408061504 0.436568439
    0.0586778522 0.849943817 0.984589219 0.305471092 0.0646288395
    0.0306043029 0.479390949 0.471472353 0.182552069 0.435094535
    0.217143834 0.443151832 0.361536741 0.934609473 0.713936567
    0.858750641 0.942015409 0.629950285 0.0213460922 0.623456478
    0.0936542451 0.355880618 0.30679965 0.232537329 0.505426168
    0.871222317 0.814918816 0.679386854 0.713758469 0.827515721
    0.547947705 0.555390537 0.350348622 0.59219873 0.00506776571
    0.100788981 0.923261285 0.548551202 0.373970389 0.561236084
    0.781073928 0.309537321 0.174572438 0.610781848 0.0419482589
    0.853722274 0.840221226 0.838506281 0.643811405 0.13008827
    0.0298532546 0.142917871 0.499207944 0.278429717 0.481067657
    0.780928969 0.211272001 0.016907692 0.289379239 0.512587667
    0.211456865 0.00565516949 0.119445264 0.886567235 0.919443727
    0.470741332 0.858171344 0.597579956 0.856576622 0.0194250047
    0.412025839 0.0303881466 0.0578869283 0.195743829 0.241029263
    0.562142015 0.183071792 0.179406762 0.526555598 0.869281113
    0.626226544 0.170342356 0.460008204 0.53275466 0.979038715
    0.0417000353 0.514855444 0.3248806 0.766457558 0.231776625
    0.982296467 0.66049552 0.515433252 0.782184482 0.821879983
    0.708150804 0.920405388 0.423454463 0.288623661 0.38606751
    0.587421775 0.37896958 0.485064059 0.632645428 0.20221597
    0.162658811 0.694339931 0.593708694 0.489955127 0.601222515
    0.37913686 0.00877594948 0.201169103 0.83870697 0.439490974
    0.224679887 0.407587826 0.698802352 0.451915622 0.562198758
    0.441278249 0.303278446 0.655625165 0.107076436 0.564996123
    0.187010616 0.326039195 0.457109988 0.563153088 0.182539284
    0.259316266 0.413604617 0.85230571 0.0140054226 0.19754529
    0.143416852 0.850857377 0.532705426 0.565140367 0.77215004
    0.999322951 0.70495826 0.449982405 0.383966535 0.526104629
    0.321739614 0.408024758 0.162619591 0.605119348 0.0720436573
    0.0169112682 0.709172845 0.302685827 0.617170691 0.201693714
    0.208980054 0.667514205 0.812754631 0.252361089 0.343026161
    0.569335997 0.4169451 0.984890759 0.274842799 0.819312096 0.28601864
    0.28507179 0.59198761 0.137624949 0.932632208 0.333201587
    0.658522606 0.885730505 0.958025455 0.223320305 0.253121018
    0.337744683 0.485067487 0.739773929 0.33800754 0.440642089
    0.489588737 0.756171465 0.85401535 0.760832906 0.188074619
    0.937491179 0.990222514 0.810268044 0.771342397 0.464284629
    0.753177762 0.0228015482 0.0981338024 0.340279162 0.960190833
    0.3887766 0.524977565 0.638647437 0.347813547 0.266636223
    0.811291218 0.271481603 0.139683753 0.447796196 0.330271661
    0.585541308 0.213830262 0.338083863 0.838038504 0.225650877
    0.431714654 0.332802981 0.103919119 0.822193503 0.538053036
    0.369674832 0.584320426 0.46533075 0.742158055 0.629964471
    0.244051099 0.967603803 0.736061454 0.731281638 0.868125439
    0.192425013 0.167564631 0.665514231 0.425582647 0.778103948
    0.939693451 0.979825497 0.85014832 0.471046448 0.55467695
    0.192719251 0.710613966 0.555909038 0.334844649 0.53278172
    0.666667759 0.252019703 0.893173337 0.814928532 0.24197939
    0.321518779 0.0582641065 0.139251679 0.657467186 0.570501149
    0.419217885 0.804661751 0.199030221 0.188488334 0.259030521
    0.795509875 0.701931238 0.208172143 0.747491241 0.783056974
    0.67210561 0.537414908 0.638577223 0.895207107 0.111838996
    0.141976655 0.466993451 0.0128141344 0.399688065 0.0104019046
    0.304526985 0.939486504 0.896045029 0.750393391 0.0283989608
    0.00557419658 0.572587788 0.428249657 0.0434120297 0.175776482
    0.127785146 0.24323383 0.173260987 0.862483978 0.915845394
    0.04838413 0.359673917 0.847621858 0.00270318985 0.337983698
    0.864934325 0.963657022 0.565645337 0.625443757 0.928466916
    0.431068748 0.359263062 0.0254475474 0.338579416 0.785468221
    0.429296881 0.0923925638 0.291639566 0.231698543 0.61559695
    0.192971915 0.670636475 0.603649139 0.893643856 0.596762896
    0.512122691 0.517228425 0.0672447085 0.3017295 0.477163464
    0.915159225 0.7894485 0.492948949 0.826385975 0.952076316
    0.409936488 0.574680328 0.335164189 0.111286491 0.909852028
    0.421261549 0.794825971 0.931383848 0.952396154 0.944684505
    0.839880824 0.431460887 0.569927812 0.850611806 0.210855305
    0.0768262148 0.780832767 0.330928087 0.0881520212 0.464066595
    0.716439247 0.534945011 0.638292193 0.722061336 0.72614342
    0.404890954 0.778236032 0.066475302 0.466590613 0.138041854
    0.714919031 0.294390023 0.0517293215 0.696877599 0.117494553
    0.672318935 0.981336594 0.809403777 0.486041397 0.149806201
    0.299718022 0.450067043 0.197709382 0.192462355 0.0679245591
    0.590997934 0.600007832 0.351814091 0.557330072 0.528581381
    0.856286526 0.13102293 0.83852005 0.0343769193 0.957545996
    0.81681776 0.841645122 0.779861689 0.0662015975 0.102768958
    0.654435992 0.641795397 0.755247474 0.54325372 0.823131204
    0.193226963 0.738933206 0.888449311 0.895251274 0.163870543
    0.0508800447 0.90406096 0.285501033 0.590355039 0.328866333
    0.849311829 0.436897516 0.0909606218 0.717507422 0.984257519
    0.435101807 0.535488009 0.80445385 0.9382025 0.200102985 0.530469358
    0.0936847627 0.765571296 0.882144153 0.403147995 0.586890996
    0.567496657 0.814445496 0.185441047 0.324459374 0.864985228
    0.582873106 0.636143148 0.0377044678 0.622046888 0.0777168572
    0.83241117 0.611249626 0.978495598 0.998592734 0.589466453
    0.786761522 0.993830502 0.0216932297 0.0296438038 0.984237075
    0.896791697 0.0862901211 0.847007871 0.22007519 0.175958365
    0.926218271 0.0675637424 0.486436576 0.0224097073 0.144988269
    0.721385717 0.465793401 0.268676877 0.870089948 0.102334946
    0.558316946 0.0677856207 0.720035195 0.611179411 0.914988279
    0.426973045 0.747651398 0.0675137043 0.874870658 0.622021556
    0.383539915 0.763216555 0.584924221 0.176110566 0.0244922936
    0.948262334 0.00888618827 0.486465216 0.00026088953 0.436844409
    0.377047867 0.0953529775 0.342326492 0.42233035 0.446150392
    0.312074095 0.493859977 0.123167634 0.751712799 0.26245743
    0.294352531 0.778597474 0.102688372 0.0698723793 0.624573946
    0.391366303 0.383691967 0.968503118 0.528566182 0.934712887
    0.224254906 0.615150392 0.222199053 0.310452074 0.383775204
    0.306313157 0.064923197 0.285459459 0.434890509 0.00673019886
    0.808175206 0.636844635 0.833838046 0.93479526 0.353630245
    0.253884286 0.533564031 0.190692604 0.537903845 0.127205372
    0.988807321 0.98973 0.477571338 0.335449249 0.278717279 0.498083144
    0.58559078 0.0098130703 0.727782249 0.883965731 0.148661286
    0.443800539 0.285474062 0.011269182 0.363508195 0.172528148
    0.916316032 0.436516404 0.0895776153 0.65957129 0.858509243
    0.0885155797 0.546993613 0.638723373 0.603906751 0.346475124
    0.597878754 0.302579105 0.352916121 0.356255412 0.892581701
    0.70325321 0.0849306881 0.95549041 0.680418372 0.0839821994
    0.55259037 0.27371937 0.392958015 0.0285844505 0.205617696
    0.765720367 0.704949737 0.33075124 0.37063235 0.306488216
    0.663643777 0.678832114 0.623787522 0.112912089 0.424808681
    0.513706088 0.0982066095 0.962955952 0.738125682 0.0531722307
    0.93688488 0.918193758 0.660007775 0.511809766 0.468785524
    0.31593439 0.650775433 0.284363985 0.81908989 0.139099747
    0.400272667 0.157846659 0.987987399 0.750210166 0.831816196
    0.735178292 0.654457808 0.670498669 0.225752503 0.102604985
    0.224602014 0.16105631 0.429234564 0.58361119 0.972773492
    0.590208173 0.71365726 0.060200125 0.158117801 0.285081565
    0.0139410198 0.77655381 0.0209360421 0.88339889 0.465443522
    0.529722691 0.876124024 0.281499445 0.0857141018 0.155028701
    0.537163258 0.386266023 0.780938268 0.652196288 0.78107965
    0.258668125 0.719982028 0.722007751 0.631786168 0.6256814
    0.101420879 0.904809475 0.607598126 0.454961181 0.671145022
    0.482505828 0.0156566501 0.813359022 0.702000976 0.713315129
    0.646895766 0.700405478 0.390949041 0.281693935 0.217125446
    0.575153828 0.0910925865 0.0483041704 0.52030164 0.126856029
    0.697130203 0.568472147 0.613891959 0.173834056 0.607217371
    0.103492111 0.217373103 0.26221627 0.451025754 0.672573209
    0.827144206 0.306051046 0.987141252 0.623952985 0.523679793
    0.0968845189 0.60394299 0.701313972 0.705581367 0.56074518
    0.705674648 0.987438619 0.402831614 0.825795591 0.702895164
    0.625516832 0.384990066 0.81039691 0.925659239 0.909283876
    0.853395939 0.349600971 0.925152004 0.344180048 0.457550228
    0.240278542 0.261086345 0.654841125 0.0724405944 0.0799122453
    0.0276679099 0.146708578 0.76657176 0.888731837 0.687384486
    0.59003973 0.129903138 0.735656142 0.0490902066 0.557636261
    0.0922232866 0.793361664 0.940029263 0.544755161 0.535476267
    0.0417598486 0.433174193 0.408033252 0.0415832698 0.84044385
    0.341370046 0.710841537 0.752991199 0.981128037 0.0346673429
    0.793963194 0.870291412 0.607348144 0.814178467 0.348181427
    0.170846015 0.572810531 0.0673005581 0.26929763 0.561264515
    0.361845076 0.513287723 0.884577036 0.255396217 0.159397483
    0.761630535 0.846356928 0.205088049 0.187581629 0.426950127
    0.869781613 0.609308302 0.640781999 0.322188884 0.0832563341
    0.0529600382 0.132330865 0.136833251 0.885911584 0.708307803
    0.383954823 0.818067789 0.330655038 0.573364317 0.964276612
    0.89359796 0.318257093 0.585637748 0.979764462 0.74601382
    0.601228893 0.36543861 0.259772122 0.363927037 0.211803943
    0.968042254 0.847998738 0.441779673 0.0430618227 0.32602033
    0.465356052 0.901480436 0.936582565 0.85680598 0.43489942
    0.699516177 0.193158209 0.156811506 0.720542431 0.818442702
    0.18313545 0.748250782 0.228453308 0.201323092 0.195407391
    0.168234408 0.581452012 0.529266715 0.415616333 0.028626442
    0.999067068 0.198195487 0.00590527058 0.876662374 0.959902287
    0.801704884 0.715873063 0.0121954978 0.112480581 0.113220215
    0.134169847 0.187896103 0.053756088 0.756530404 0.422981381
    0.586266994 0.346433938 0.546974957 0.416756123 0.84148109
    0.134462178 0.909266233 0.465316981 0.252857089 0.419885188
    0.498137742 0.225804806 0.665066838 0.744532287 0.855301559
    0.488007247 0.124599397 0.0705853701 0.252828658 0.658996642
    0.161501408 0.476497978 0.328292489 0.103787661 0.634886146
    0.0459786654 0.919566035 0.798225164 0.864230633 0.575399876
    0.681823611 0.310649753 0.161429673 0.904528677 0.741880894
    0.391945124 0.081456989 0.757667363 0.845680237 0.506793201
    0.712326944 0.0494683981 0.0111473203 0.0267594457 0.33206892
    0.27170074 0.56866914 0.782028139 0.891537905 0.99673146 0.239364475
    0.759780049 0.447679907 0.914866328 0.910258532 0.497639805
    0.815764606 0.649890602 0.135904342 0.0141656101 0.000415086746
    0.318911761 0.681657314 0.123609841 0.0967638195 0.240558743
    0.114151031 0.739061177 0.844257295 0.445008218 0.626330674
    0.900166571 0.287827253 0.654949129 0.758570433 0.436013907
    0.835384607 0.651602566 0.503378332 0.496807039 0.127548844
    0.226814419 0.574399292 0.367061406 0.404764742 0.882914126
    0.0980774462 0.942718446 0.698387504 0.884542346 0.205665708
    0.435901821 0.466105044 0.987412274 0.910818577 0.24861902
    0.0635437369 0.53971225 0.820433736 0.550496936 0.878124833
    0.205305368 0.594421327 0.773046017 0.874154627 0.308247566
    0.0704299212 0.707446456 0.276112378 0.323401481 0.216373295
    0.482206643 0.870939493 0.968739271 0.795280099 0.842720628
    0.390236139 0.484256208 0.335317761 0.886947572 0.945989847
    0.83597374 0.232026041 0.12440908 0.00638380647 0.338187754
    0.453924626 0.0137734115 0.736352384 0.456356287 0.543337464
    0.421607822 0.508788586 0.644426167 0.821291566 0.880552769
    0.226894557 0.450403839 0.945739567 0.0861295164 0.360834301
    0.530250669 0.754641533 0.280329496 0.368639559 0.321018457
    0.0286006629 0.909034431 0.849571288 0.885147631 0.633295596
    0.526388228 0.941160321 0.0463447869 0.249865502 0.899374366
    0.27569887 0.266875416 0.925179839 0.987662911 0.656673074
    0.00382649899 0.123001188 0.90021646 0.771883726 0.843566418
    0.337595671 0.863520384 0.762798071 0.072815299 0.391161889
    0.414197713 0.833272219 0.843556941 0.601305127 0.994697809
    0.253184021 0.803544044 0.802959681 0.871452332 0.156096876
    0.780455351 0.789139032 0.280529052 0.625781417 0.0010073185
    0.238084584 0.154467553 0.6698668 0.882660508 0.948102236
    0.988110602 0.589880466 0.428044349 0.882047176 0.674132943
    0.543588281 0.798085213 0.973767519 0.651298285 0.826197863
    0.336589098 0.688353419 0.301308513 0.699161291 0.4878622
    0.819510818 0.222863108 0.561412275 0.0393472612 0.459612101
    0.249083936 0.337077767 0.544661582 0.392015845 0.946047544
    0.188383341 0.100491107 0.271915823 0.797677398 0.327269733
    0.579261959 0.388456106 0.149746031 0.854198217 0.132978469
    0.657240391 0.12135458 0.684908211 0.766474307 0.974864721
    0.863301218 0.783222973 0.0916941464 0.384890169 0.944090843
    0.656901598 0.33824411 0.0128738284 0.00828105211 0.193942994
    0.941357195 0.504608035 0.360109806 0.451110184 0.287957251
    0.186692744 0.366790116 0.902045906 0.293274581 0.340537488
    0.237059265 0.091571629 0.417397529 0.634647191 0.217257529
    0.185396761 0.928283453 0.970449328 0.969141841 0.0333533287
    0.631017566 0.14840129 0.783592045 0.871221781 0.465879202
    0.812377155 0.187228858 0.685652137 0.790253162 0.211315989
    0.334455401 0.910228848 0.626196563 0.84845233 0.652616739
    0.843653321 0.0436094999 0.259918272 0.392536044 0.854916632
    0.293492258 0.246011734 0.69152081 0.364667296 0.91110146
    0.686385691 0.708629191 0.00323569775 0.246070057 0.600664973
    0.563930452 0.795691848 0.509597003 0.15421024 0.0837515891
    0.362198949 0.688578725 0.968751311 0.456955045 0.477394819
    0.324721336 0.042152524 0.48126924 0.10455212 0.804117441
    0.490125954 0.804486036 0.20521611 0.762854934 0.588350594
    0.749911129 0.968571782 0.848731995 0.354116619 0.199652851
    0.778153777 0.963290811 0.834522724 0.428368688 0.433424979
    0.946226716 0.195288211 0.138896763 0.0927922726 0.207342148
    0.0463331938 0.531185269 0.596045077 0.495627373 0.109118551
    0.329040647 0.442138612 0.102117956 0.769732177 0.999960065
    0.591020167 0.86047101 0.447630852 0.264571548 0.451437891
    0.557698965 0.89957428 0.224299192 0.0966560543 0.63680166
    0.379090548 0.895145655 0.425404876 0.60915041 0.543229997
    0.592262805 0.395058274 0.948740482 0.0798958838 0.730174541
    0.278422266 0.572722375 0.45173797 0.75683099 0.416183084 0.69196856
    0.694947779 0.848655879 0.535846889 0.429997563 0.962850869
    0.135966092 0.988475323 0.0485399961 0.705111384 0.561245143
    0.859273076 0.200886726 0.970035672 0.43373692 0.91907239
    0.299267352 0.692162871 0.0429682732 0.287273198 0.545524776
    0.102280855 0.331429869 0.678573191 0.916304827 0.625108361
    0.994027257 0.904097319 0.203491062 0.497493565 0.782361746
    0.423247486 0.80209291 0.0788591802 0.661012828 0.598848999
    0.181796491 0.521715164 0.480623543 0.961498022 0.812620759
    0.266609967 0.465915978 0.632941782 0.84957695 0.561175406
    0.0922451317 0.606582761 0.504425347 0.00578868389 0.0386660695
    0.166122884 0.535667062 0.502356112 0.568207622 0.195457608
    0.0113971531 0.884747863 0.559290409 0.619963944 0.65856117
    0.849414527 0.321402907 0.695590854 0.988136768 0.0758822262
    0.574113369 0.611758947 0.964694083 0.884135544 0.624586284
    0.343015254 0.196624726 0.780469656 0.981754065 0.660280287
    0.89589572 0.351001024 0.2945292 0.552932024 0.808786392 0.475229412
    0.18148455 0.195183903 0.69361043 0.881233096 0.172644049
    0.583391488 0.626085401 0.0813613534 0.730828285 0.560877323
    0.609133601 0.18845284 0.0262607336 0.793253243 0.000777453184
    0.479646623 0.969345808 0.988081574 0.541001856 0.597197413
    0.635657787 0.562093198 0.13867259 0.508371711 0.349048346
    0.800668955 0.659692764 0.62523663 0.926187515 0.915428162
    0.0597633719 0.393786013 0.637474656 0.979883552 0.121333987
    0.936125398 0.639086843 0.543895304 0.205560416 0.164304078
    0.336796314 0.33169663 0.39378798 0.286119878 0.732964575
    0.167023957 0.588995814 0.586730659 0.689689696 0.146037459
    0.833539844 0.691873252 0.510432184 0.91494143 0.653211176
    0.549676478 0.432939172 0.596858501 0.889288783 0.722994506
    0.867901385 0.679583371 0.664468169 0.056588769 0.158159316
    0.918799639 0.353767663 0.181803048 0.943225324 0.53334111
    0.996278286 0.107191324 0.273033261 0.658482373 0.815831125
    0.283082932 0.206945211 0.638032079 0.277877569 0.986981511
    0.0422670543 0.38027364 0.270515263 0.576282978 0.255201459
    0.0245276988 0.738914549 0.678746223 0.0763802826 0.47250101
    0.867403388 0.241605669 0.404074162 0.374180913 0.599816859
    0.391292244 0.0739076436 0.611904681 0.328687966 0.579904735
    0.38142544 0.358823955 0.991317391 0.290097058 0.273916453
    0.903464317 0.123479009 0.878183007 0.791451216 0.655519724
    0.658129215 0.522322237 0.467336893 0.717395484 0.349113107
    0.69171226 0.440022707 0.601978362 0.482505411 0.609026074
    0.766873837 0.659937739 0.915097356 0.561060131 0.165310055
    0.604064167 0.872011483 0.777030528 0.0757421255 0.191562444
    0.0344985723 0.206723511 0.492872924 0.623537779 0.497391015
    0.12411055 0.256038755 0.754909277 0.830634713 0.837898254
    0.486483812 0.511159539 0.605238676 0.084888339 0.815316617
    0.490971565 0.494149178 0.311214209 0.377848119 0.772044837
    0.88645339 0.415483713 0.755439103 0.79504931 0.367699683
    0.642271161 0.495305121 0.810805917 0.558163822 0.928185701
    0.565950513 0.813665926 0.240442574 0.985669732 0.569799006
    0.831852436 0.649808049 0.522790432 0.456842482 0.049951762
    0.839007378 0.375299841 0.913929105 0.136188835 0.604187071 0.771945
    0.644171953 0.162429392 0.273094296 0.0455500185 0.855714798
    0.0011806488 0.464010298 0.0410884023 0.882616878 1.3589859e-05
    0.0510816574 0.572459877 0.867855787 0.994677067 0.955465198
    0.733530402 0.842847407 0.984783769 0.355393171 0.865857124
    0.277490795 0.559847534 0.0589329898 0.629232109 0.261300236
    0.381408274 0.164264381 0.420046955 0.350872636 0.642071605
    0.288252681 0.928714037 0.859314382 0.120525569 0.551715672
    0.132240266 0.503198922 0.552813828 0.585862219 0.353074312
    0.68302393 0.72592324 0.653057337 0.112260848 0.0304833949
    0.683533609 0.29015848 0.980956912 0.0484425128 0.105295479
    0.875593722 0.473631412 0.986073017 0.0891238153 0.5372684
    0.856590569 0.597006202 0.170716226 0.775417566 0.35003531
    0.452422678 0.143862993 0.633167624 0.895525813 0.897597671
    0.808450699 0.385129601 0.873946905 0.456069499 0.688196242
    0.940455973 0.864362657 0.613901198 0.262825251 0.27970314
    0.0244426429 0.369821906 0.355681181 0.360932529 0.179737955
    0.274430215 0.148584187 0.908810496 0.529027581 0.374891341
    0.892959595 0.657273591 0.169967294 0.0718041658 0.171089023
    0.214876711 0.920586765 0.0173607469 0.477471501 0.745723903
    0.673410833 0.88854003 0.864829242 0.209576607 0.95073235
    0.904541552 0.775970936 0.766246438 0.107326239 0.808639765
    0.208114058 0.954940856 0.0631123185 1.81794167e-06 0.961404681
    0.989517272 0.201112688 0.40336895 0.158814877 0.599532068
    0.40113619 0.843852162 0.451860756 0.0556977093 0.351933658
    0.329385519 0.0184425712 0.0850555003 0.411487728 0.141023546
    0.24999544 0.347388744 0.939285994 0.0254532695 0.247155279
    0.615750432 0.30555594 0.534686625 0.179825962 0.061270088
    0.307019472 0.418795079 0.193614334 0.682930589 0.398623884
    0.802699625 0.029584229 0.865416765 0.98516196 0.160915524
    0.597045541 0.245157421 0.48852849 0.625713825 0.693224967
    0.282342821 0.758216023 0.664148331 0.550499916 0.896844447
    0.0383451581 0.289786339 0.586449981 0.0926412642 0.181410789
    0.899564147 0.340599269 0.0751954317 0.676367998 0.236872852
    0.395426244 0.982059658 0.390825927 0.459204108 0.218450129
    0.825555742 0.102483451 0.393289626 0.502943814 0.448375523
    0.641725481 0.266883612 0.295522213 0.965777993 0.514711738
    0.153885216 0.140425444 0.680706024 0.0528017879 0.532482505
    0.293768942 0.1345658 0.113922626 0.632350922 0.909364939 0.25516519
    0.406020343 0.574354291 0.874307394 0.762058675 0.722695827
    0.483902514 0.947884858 0.24833101 0.0350167155 0.994571745
    0.993265152 0.29309091 0.161745936 0.619554281 0.969983339
    0.108787239 0.779655278 0.171416163 0.365673602 0.934038162
    0.182752967 0.889765143 0.571323872 0.302875012 0.380990952
    0.175118268 0.699258029 0.0143704116 0.227859825 0.693342328
    0.245679438 0.106202811 0.50466466 0.410902739 0.489550978
    0.809688807 0.274754465 0.669240952 0.869272292 0.0282075405
    0.81704098 0.619399011 0.897325277 0.201976955 0.0388844013
    0.213565558 0.771035254 0.370937616 0.933789611 0.734378636
    0.942343593 0.492516667 0.947088718 0.787175179 0.993636727
    0.333565831 0.985713243 0.380776942 0.749746025 0.991040468
    0.60334301 0.448680282 0.442451894 0.537652731 0.663188815
    0.452436209 0.807278097 0.550407946 0.402464837 0.40011093
    0.477930725 0.668214023 0.717608094 0.205063283 0.487031817
    0.953588367 0.35392338 0.72011888 0.222528845 0.108359486
    0.785353184 0.849949718 0.963227272 0.383213162 0.965259671
    0.367063642 0.0985899568 0.442840278 0.198447317 0.263058245
    0.765310884 0.0812659264 0.0256599188 0.922101736 0.598968327
    0.62531364 0.108700246 0.217389017 0.316559225 0.53504467
    0.674658954 0.138555884 0.534459829 0.998111129 0.35265851
    0.489052504 0.396937728 0.419964999 0.120339334 0.334543765
    0.259095192 0.287038356 0.73729825 0.566202939 0.36072886
    0.0734493434 0.535034597 0.38102448 0.585856855 0.65977788
    0.634095669 0.876350045 0.0558097363 0.713142991 0.0582618713
    0.902055144 0.37219137 0.914494097 0.788975954 0.451852947
    0.50566715 0.816996098 0.695758045 0.121115476 0.546453893
    0.0306586921 0.583328724 0.606952965 0.00315722823 0.659391761
    0.566592157 0.782217145 0.561014652 0.598389328 0.52704823
    0.513966739 0.762555361 0.575269759 0.27490145 0.430779248
    0.137783736 0.427553982 0.246170551 0.14233163 0.814956784
    0.754826784 0.927612841 0.901525617 0.100355923 0.850308657
    0.462253451 0.527095795 0.550764322 0.228417039 0.82671988
    0.870759606 0.76115799 0.460768431 0.12198621 0.911306202 0.24732542
    0.0821242034 0.791943073 0.0571794808 0.716549218 0.546247363
    0.655517638 0.814742565 0.90798521 0.994075775 0.911214948
    0.946565568 0.963738203 0.945337474 0.423181534 0.0464716852
    0.900549054 0.0298871696 0.141334027 0.381006598 0.894977331
    0.221121252 0.631069183 0.337099493 0.105188191 0.64693135
    0.388440162 0.859238803 0.147655249 0.915905237 0.831460714
    0.298297346 0.205783933 0.142606497 0.395450741 0.866932988
    0.824897766 0.205456078 0.033918649 0.360325485 0.558900535
    0.341635108 0.960399985 0.0508818328 0.227752894 0.49382031
    0.926516414 0.76936686 0.291792631 0.799626589 0.183691263
    0.891247571 0.667170107 0.295157343 0.00220018625 0.537152886
    0.849970102 0.216402203 0.747459292 0.800895154 0.587089837
    0.172674298 0.199938416 0.483922631 0.520438015 0.88975203
    0.518542171 0.0735230446 0.912842989 0.956910133 0.851501822
    0.188202649 0.939443946 0.201270044 0.577680707 0.0130414069
    0.897972345 0.886039376 0.215921789 0.995560646 0.696825147
    0.16731745 0.398078471 0.228728652 0.549761534 0.143621802
    0.460952491 0.00682294369 0.833562374 0.512273967 0.805535376
    0.709805965 0.678479493 0.988985956 0.354131281 0.0358373523
    0.121674418 0.881985426 0.830684304 0.300900966 0.628249824
    0.239311337 0.450650215 0.309773326 0.732546568 0.916694522
    0.848487616 0.882522345 0.0841574371 0.587379098 0.588399053
    0.0952340364 0.0276082754 0.767911911 0.990541279 0.62653929
    0.4718557 0.101415664 0.512831032 0.241188884 0.105804652
    0.286488771 0.848551512 0.126548171 0.711830378 0.856153607
    0.36429894 0.935294747 0.826590896 0.804324746 0.182014108
    0.271790266 0.813013613 0.500887036 0.480280042 0.326991409
    0.504713655 0.214849532 0.640407324 0.436963856 0.772866309
    0.586836576 0.950194001 0.692346513 0.36605835 0.761536181
    0.846503615 0.31655246 0.646932304 0.129788429 0.245453477
    0.708259284 0.666691005 0.0783006549 0.255859554 0.348724902
    0.171720505 0.522246003 0.610398531 0.184305519 0.885253429
    0.210438788 0.727787495 0.475412309 0.545666456 0.444711745
    0.0525082052 0.753653228 0.553659081 0.72241658 0.917433143
    0.495187134 0.548592806 0.392781794 0.00745344162 0.569394588
    0.699195743 0.592290878 0.713330269 0.524353385 0.00321647525
    0.790146112 0.368505955 0.0524627864 0.490631342 0.244220883
    0.197137415 0.155955613 0.695131421 0.77514863 0.973800838
    0.614269853 0.38170594 0.591504157 0.514443696 0.52138871
    0.308071852 0.578262627 0.0249769092 0.28043741 0.315259457
    0.685017347 0.22701627 0.899745703 0.529652834 0.347851992
    0.804912031 0.219426006 0.498397946 0.25439167 0.136673629
    0.645631552 0.894803703 0.872691095 0.705699563 0.306960464
    0.579678714 0.353479266 0.24161765 0.613745749 0.210018367
    0.162566304 0.81334269 0.0303160548 0.333573431 0.710710526
    0.537326515 0.812294662 0.1156618 0.393787116 0.879363656
    0.884620786 0.230632544 0.92988646 0.221402913 0.720185339
    0.597517848 0.870476246 0.573630333 0.424912006 0.306815982
    0.172853976 0.0910601914 0.0532695055 0.280923605 0.843089104
    0.219291776 0.232530862 0.766741157 0.0945706964 0.666782498
    0.256662726 0.75903064 0.690608263 0.487031788 0.422426194
    0.311967939 0.182913721 0.0461760163 0.362556934 0.495022655
    0.836799681 0.884343028 0.747898459 0.892180145 0.422621071
    0.42964524 0.260098845 0.371319056 0.863839865 0.747474968
    0.943176866 0.872565091 0.467123389 0.288792849 0.496037185
    0.944567025 0.728675604 0.440071523 0.486187428 0.939300776
    0.231633961 0.811582565 0.984187961 0.209274709 0.31004864
    0.153533041 0.482157171 0.209035426 0.418072104 0.198119521
    0.47696656 0.518570364 0.732492626 0.0669570267 0.534618378
    0.894340277 0.397504628 0.661345899 0.374985397 0.317948431
    0.0717247128 0.712746561 0.796151757 0.961845934 0.598089635
    0.835504532 0.681791544 0.898499608 0.907298505 0.386194944
    0.961791039 0.427583128 0.457831591 0.777005196 0.653973699
    0.750365138 0.372345626 0.929772377 0.564718246 0.318665683
    0.96081841 0.461739779 0.651525974 0.727740288 0.130448401
    0.837618113 0.216909707 0.453826189 0.944280148 0.508127511
    0.996877074 0.762490273 0.351430416 0.00218820572 0.701992452
    0.307219088 0.329044014 0.776670337 0.78854984 0.886136174
    0.315133274 0.907624602 0.436981648 0.246905327 0.71233809
    0.191095501 0.24695462 0.940377116 0.159944206 0.341493785
    0.197318971 0.970485032 0.638256788 0.217808217 0.903363466
    0.334782332 0.148800433 0.339385599 0.159936249 0.94369781
    0.216137677 0.664680958 0.375209928 0.0201428533 0.673486173
    0.580232203 0.848158002 0.909781218 0.946828961 0.432856977
    0.685481906 0.568503022 0.801403284 0.276172161 0.733346939
    0.388482332 0.879285216 0.692219973 0.0532414913 0.941782892
    0.370495051 0.935320735 0.510476887 0.704662919 0.0946682692
    0.691647947 0.847831368 0.901681662 0.345643759 0.656629503
    0.597337902 0.504103124 0.441705346 0.491945595 0.885885239
    0.914767087 0.710199416 0.678359091 0.430988222 0.450338155
    0.918250799 0.786093235 0.564128816 0.916655123 0.199984163
    0.847841024 0.0490475297 0.713711023 0.756646931 0.432152152
    0.451870888 0.35496521 0.424294144 0.178763241 0.67648834
    0.252398849 0.643337667 0.174167454 0.188854873 0.488651603
    0.150587857 0.0916153491 0.8313241 0.0482845604 0.138808668
    0.171129227 0.350635231 0.886615872 0.5816257 0.958744526
    0.970163882 0.765591204 0.887049437 0.975030303 0.069083333
    0.616059065 0.686300993 0.910978794 0.606952369 0.483445436
    0.438353419 0.642225325 0.49071449 0.589780748 0.157512128
    0.487548411 0.0497972369 0.285351574 0.28618446 0.543731391
    0.951023579 0.424792975 0.416975021 0.840925694 0.279367834
    0.170495421 0.729608476 0.530139446 0.235466629 0.815826297
    0.0907558203 0.555891931 0.00424298644 0.133354634 0.983440876
    0.646312594 0.731812 0.791725755 0.582368612 0.107210189 0.96742022
    0.712866187 0.0957540274 0.0736699104 0.0261216164 0.802238047
    0.307020605 0.628503621 0.453004062 0.190012753 0.428953379
    0.62744689 0.453695506 0.46983245 0.621171772 0.616223097
    0.330380946 0.552212179 0.00290080905 0.50192827 0.226316959
    0.941201329 0.446030587 0.582824349 0.474362433 0.423662066
    0.505779862 0.34509629 0.292979777 0.209528089 0.360565126
    0.466553003 0.547217846 0.765069246 0.383922964 0.0127806067
    0.860978603 0.0325450301 0.996778131 0.313359082 0.960246325
    0.820326209 0.519195914 0.679574192 0.983845949 0.86772275
    0.193562657 0.686352313 0.537070811 0.503471494 0.605620921
    0.0273110271 0.0329175293 0.0814527869 0.0119241178 0.879984081
    0.710611939 0.470014185 0.51502198 0.487266213 0.839558959
    0.189615369 0.296709299 0.735778213 0.0655568838 0.475506932
    0.792673528 0.201571137 0.332972705 0.694959462 0.605809987
    0.0116326809 0.632464051 0.612984419 0.0842134655 0.012770474
    0.384649038 0.331744879 0.999546409 0.665364325 0.474929124
    0.820565701 0.533656776 0.374262869 0.574644446 0.210762769
    0.767902911 0.838361561 0.632423282 0.112110734 0.446981877
    0.252608597 0.803890705 0.957722783 0.745375037 0.785452843
    0.245855957 0.781127036 0.0739745498 0.803374052 0.879765749
    0.685471594 0.830436945 0.0335853994 0.0605884492 0.797744632
    0.598433554 0.267514676 0.952817321 0.911231995 0.298953414
    0.914600134 0.536294401 0.422518045 0.100020528 0.111994296
    0.901289701 0.740551114 0.684066951 0.517677784 0.411010981
    0.668263912 0.0488176942 0.320580542 0.200716138 0.802243114
    0.584651291 0.401200294 0.580801547 0.765316606 0.763784051
    0.521150172 0.996844769 0.000525087118 0.862736344 0.833886325
    0.260962784 0.641214371 0.326803267 0.916005492 0.867741704
    0.837876499 0.962954164 0.42092365 0.931504488 0.195842177
    0.484971464 0.104244441 0.00531855226 0.424838603 0.285108149
    0.705067515 0.95040971 0.46541056 0.245866716 0.647329807
    0.943082809 0.385255396 0.271955162 0.674792707 0.598490238
    0.254544079 0.481432289 0.997290313 0.0823450089 0.952823043
    0.953984976 0.0938375294 0.000437319279 0.540175974 0.280628204
    0.183702707 0.988685012 0.171773285 0.426638842 0.100241899
    0.903199196 0.250123411 0.995838284 0.224001735 0.640555918
    0.118695855 0.972661197 0.134804547 0.249116659 0.353580356
    0.00783121586 0.880602956 0.286178738 0.562859714 0.547403216
    0.726871908 0.341619432 0.57788384 0.529952109 0.560428739
    0.760339677 0.4015854 0.255646527 0.266493082 0.522548139
    0.297067106 0.21992898 0.329590589 0.0781493783 0.538514018
    0.65725708 0.236340553 0.0815137923 0.634205461 0.494793415
    0.932653189 0.353980869 0.908483863 0.978795648 0.736236036
    0.943458557 0.223765522 0.298995256 0.579442263 0.915157795
    0.703180611 0.46608001 0.0721502602 0.237036228 0.738983989
    0.619153619 0.157437772 0.690069854 0.199152589 0.199050426
    0.661198199 0.890647769 0.206893682 0.568384647 0.111324042
    0.429966569 0.463490635 0.439779013 0.6857059 0.984497666
    0.371404707 0.252839327 0.603770316 0.812836409 0.719525218
    0.525420785 0.695666611 0.953121901 0.281628311 0.240054727
    0.57543838 0.302570641 0.686057627 0.631899834 0.378478438
    0.292888999 0.530540884 0.612448275 0.564055324 0.176128864
    0.108492702 0.228306115 0.300835848 0.111728668 0.462795287
    0.93503654 0.354617536 0.0363518 0.838551044 0.967696786 0.548026204
    0.0286614597 0.170090079 0.922802567 0.749113083 0.262753278
    0.823503613 0.0505691767 0.978988528 0.304718018 0.512556016
    0.0475828946 0.449994683 0.631990194 0.701057434 0.981107056
    0.707562685 0.380568504 0.576504827 0.12997064 0.621683419
    0.150974095 0.0339100659 0.286981255 0.556304872 0.874944687
    0.104567766 0.879346967 0.786905408 0.572700977 0.20204699
    0.691544294 0.971910298 0.605204105 0.618645787 0.646044791
    0.281959414 0.297683299 0.17967242 0.546809137 0.659623265
    0.15285939 0.603801131 0.152946383 0.291175485 0.347971529
    0.631944299 0.549284458 0.460211933 0.0316310823 0.713801146
    0.393015385 0.86463201 0.279754519 0.772296309 0.135858119
    0.0553155243 0.705953181 0.192596018 0.60159874 0.910092115
    0.0678326786 0.696024537 0.74260962 0.891260445 0.630602121
    0.872889996 0.37148881 0.123545825 0.533808053 0.605615139
    0.676989317 0.727503002 0.0164790452 0.0170641243 0.547378182
    0.114673853 0.358459711 0.739158869 0.968276262 0.542654693
    0.932909608 0.712745726 0.318873256 0.328760117 0.868809044
    0.219388545 0.789892614 0.329842597 0.29267031 0.172170997
    0.198666036 0.0419186056 0.271283656 0.157415032 0.618894637
    0.662393093 0.79294014 0.460227042 0.308312207 0.803614557
    0.828984141 0.904909849 0.279223979 0.576722741 0.792930245
    0.305677235 0.979622543 0.929110348 0.521389127 0.0174534321
    0.0259045064 0.147459149 0.45852083 0.865751505 0.770905852
    0.574791014 0.970145822 0.91271472 0.559873462 0.989404559
    0.108228743 0.225147963 0.0113454759 0.480960131 0.298819214
    0.316936851 0.0743454099 0.194938332 0.912832737 0.635337114
    0.509186387 0.789182901 0.410818696 0.580549657 0.518523574
    0.611783147 0.196141601 0.867733538 0.551042497 0.0698829889
    0.132366776 0.0626906753 0.493392974 0.441516638 0.531950653
    0.836021781 0.488972753 0.540603757 0.385909855 0.917303443
    0.866324723 0.374192804 0.626956701 0.274373472 0.649684727
    0.5946666 0.103078842 0.314370543 0.0367279053 0.125625908
    0.0680638552 0.878166914 0.701340973 0.16616565 0.682087898
    0.37026912 0.529206395 0.364729077 0.791261792 0.450061023
    0.0902253985 0.55262959 0.297360957 0.6677019 0.335288078
    0.211806804 0.492198229 0.863384783 0.67065078 0.012062639
    0.035359174 0.865651667 0.684809506 0.360888362 0.842590511
    0.748182297 0.342220634 0.612466037 0.774709344 0.952186286
    0.64589715 0.0719116926 0.22178477 0.351772755 0.960373521
    0.73109901 0.700580418 0.313641459 0.911521554 0.1194323 0.789790154
    0.993652761 0.212379158 0.940345764 0.584043503 0.436739177
    0.0401821434 0.23797977 0.323545516 0.78867352 0.165804625
    0.356606454 0.647473931 0.914030313 0.0776191354 0.774201989
    0.968806744 0.776310682 0.878051639 0.40034005 0.670704126
    0.900278866 0.638252139 0.595614076 0.743982553 0.58025533
    0.168275356 0.119823009 0.970194221 0.289837301 0.917777538
    0.369133711 0.3151263 0.0428210795 0.00494500995 0.474874049
    0.179173946 0.938404262 0.553536355 0.265979886 0.328338146
    0.778363943 0.690951467 0.760932922 0.424240619 0.556956053
    0.969168186 0.618199289 0.768229842 0.191946089 0.171114713
    0.199866951 0.0286827683 0.86672473 0.222364038 0.531278074
    0.0763657987 0.828381181 0.664098442 0.672672391 0.959583223
    0.111939311 0.651016235 0.713437676 0.855629921 0.272686213
    0.248095334 0.714290142 0.585998595 0.694709003 0.96219945
    0.745284438 0.0931276977 0.464191079 0.0548799932 0.0467328429
    0.361990869 0.929297686 0.570832253 0.676833034 0.140441418
    0.576899111 0.227257758 0.421331674 0.047136724 0.64201355
    0.458409429 0.32871744 0.568217754 0.236377805 0.990537047
    0.772075534 0.273698062 0.0547349155 0.342934787 0.0744978189
    0.436228007 0.842946887 0.25600794 0.380311996 0.843865514
    0.404644459 0.497428596 0.208473861 0.654310763 0.104977578
    0.16418767 0.546965003 0.281672269 0.99995023 0.931145549
    0.802694798 0.00545269251 0.0659047961 0.432497174 0.224421918
    0.644713283 0.439019412 0.292903483 0.181214392 0.598791838
    0.142901838 0.89942348 0.592810631 0.963569522 0.789392591
    0.986278415 0.884298623 0.0617537796 0.636902094 0.315347373
    0.185443282 0.368591696 0.43183282 0.439108968 0.292624533
    0.60537827 0.851979017 0.563012421 0.0656486452 0.919777513
    0.439514905 0.626508713 0.522491992 0.0698594451 0.149973094
    0.402691841 0.744106531 0.233815193 0.695753276 0.0224140584
    0.211817086 0.144253582 0.441051871 0.82810688 0.574644089
    0.622146547 0.746649504 0.170713097 0.375510365 0.927744269
    0.620438457 0.863878608 0.350894809 0.153230906 0.050135076
    0.478290409 0.167226166 0.0996192396 0.894949317 0.4850761
    0.271002024 0.260011017 0.0397872925 0.230796367 0.500804603
    0.29365766 0.522547424 0.232353985 0.960633397 0.782611907
    0.526650548 0.158136636 0.3742522 0.646944821 0.152500957
    0.345161855 0.346812576 0.829374552 0.759662032 0.822555423
    0.724812448 0.96730423 0.714763939 0.375508368 0.585180283
    0.300434023 0.621924758 0.264463156 0.137507558 0.835914016
    0.197772473 0.776944876 0.310756624 0.757136345 0.545061827
    0.379192382 0.475875109 0.220912218 0.539595902 0.163617998
    0.120564222 0.448907495 0.994502306 0.812369704 0.416780084
    0.392437369 0.672379792 0.020337522 0.185234487 0.510339558
    0.101105243 0.872739553 0.237538368 0.917608559 0.634223759
    0.806821704 0.722612619 0.20455578 0.562896192 0.849741697
    0.147926122 0.631989121 0.801836491 0.808830857 0.00260290504
    0.371233284 0.0979479551 0.373329759 0.686408758 0.646203279
    0.818788111 0.0443954468 0.364865959 0.856424332 0.224303126
    0.489592463 0.325189978 0.96715492 0.438192934 0.616612136
    0.299504489 0.586068213 0.677449346 0.297046423 0.0548684597
    0.154117763 0.936594725 0.823181868 0.49979794 0.21991238
    0.871026993 0.168195546 0.524961054 0.0797651112 0.466273189
    0.0461572111 0.697661996 0.920546174 0.592663169 0.74381268
    0.967144966 0.160330683 0.74586755 0.153740138 0.0877698958
    0.443232238 0.377646804 0.311463833 0.110669613 0.238038689
    0.936760068 0.0649012029 0.165185183 0.0567476153 0.965857744
    0.492439032 0.979229927 0.406178176 0.0871923566 0.913382411
    0.28030175 0.779940367 0.966736317 0.553147256 0.986129165
    0.861680388 0.309575737 0.0757331252 0.381532043 0.592274368
    0.427037865 0.918426096 0.96703279 0.878861129 0.880365849
    0.888402224 0.483039826 0.0932639539 0.539004207 0.672995567
    0.46952796 0.369155914 0.929600656 0.727192938 0.161176682
    0.984449744 0.663896561 0.943732083 0.229773998 0.0902631283
    0.85964185 0.163956851 0.791270137 0.52371639 0.37876457 0.483178824
    0.770910501 0.152261883 0.0479734242 0.49919796 0.228003949
    0.840677619 0.99288404 0.961710453 0.437018156 0.834928274
    0.408239782 0.077547431 0.838912964 0.801449299 0.446497083
    0.692969024 0.741414607 0.989441514 0.892871022 0.492594898
    0.335542113 0.0921059847 0.170288533 0.83930254 0.60016644
    0.655785918 0.488395542 0.921391428 0.585578561 0.869924724
    0.139522105 0.827612162 0.794293642 0.271643311 0.541695595
    0.654857099 0.70201534 0.412103176 0.961086988 0.621715307
    0.848202229 0.399679959 0.118605256 0.0450846851 0.534805596
    0.0841859281 0.663928092 0.205171824 0.504649699 0.0841473937
    0.286197424 0.780076981 0.47902891 0.822393119 0.495564312
    0.0274437368 0.217315257 0.795667171 0.817104101 0.546994209
    0.998987675 0.674396336 0.457935989 0.848524213 0.742322028
    0.82970494 0.0091946125 0.846325636 0.423600793 0.0586999357
    0.696139991 0.405138463 0.352722257 0.454335093 0.0982338488
    0.120082378 0.960272074 0.176292151 0.50569129 0.376217276
    0.241153359 0.462669343 0.690219462 0.161963582 0.134190619
    0.222666144 0.353791893 0.429378688 0.206105441 0.698156178
    0.699887037 0.0411996543 0.145556569 0.710185468 0.0534459054
    0.0315909386 0.468563557 0.588335037 0.688221574 0.178359926
    0.180976838 0.204550296 0.43836683 0.0539461672 0.128464282
    0.579007506 0.0536141396 0.829300165 0.978484392 0.446991265
    0.121478796 0.580623925 0.692500114 0.23575601 0.732655287
    0.47570911 0.194484383 0.84611547 0.423030674 0.291032135
    0.272015095 0.488982856 0.689505517 0.710977554 0.792006195
    0.122910917 0.363978684 0.537942111 0.769100487 0.549420595
    0.732620239 0.612781882 0.152104497 0.490067869 0.000973880291
    0.895263433 0.628979683 0.768768311 0.0663321614 0.106628537
    0.909117103 0.779954731 0.611364067 0.721503377 0.841663241
    0.832869649 0.661590993 0.0672470927 0.798825204 0.859949052
    0.159139097 0.192994893 0.316990197 0.517604887 0.262456059
    0.794375479 0.318487585 0.281319976 0.976128578 0.153631508
    0.717896342 0.883421302 0.727293372 0.998988628 0.0901384652
    0.588361859 0.623027682 0.101495326 0.493281811 0.968429446
    0.588420868 0.997314334 0.122309029 0.306683302 0.529731035
    0.931957066 0.182162404 0.920570195 0.151456535 0.316542834
    0.833985031 0.0383464396 0.247505873 0.675934911 0.399800777
    0.966616631 0.931178212 0.181339949 0.97996366 0.000502347946
    0.143477321 0.704941273 0.993408918 0.931913853 0.698246181
    0.832305133 0.84955883 0.27061224 0.00843930244 0.563184261 0.303415
    0.671419978 0.508978546 0.274242133 0.392646044 0.57950592
    0.812137723 0.0948959589 0.406580031 0.914763331 0.704858124
    0.36068967 0.287844867 0.391260654 0.449902624 0.0548655093
    0.166362584 0.0814321637 0.2270796 0.517182112 0.458333462
    0.241460562 0.788474977 0.79992348 0.323454648 0.982295871
    0.703985035 0.873362005 0.681954145 0.153285593 0.819934905
    0.0330474079 0.35101226 0.858801365 0.631679177 0.640528917
    0.10871914 0.331244975 0.0388384163 0.461765915 0.424427837
    0.538469791 0.15103662 0.114784986 0.542731524 0.662409961
    0.789285302 0.85388577 0.258153021 0.592786014 0.625289977
    0.255771965 0.59835732 0.994637132 0.618439436 0.90947938
    0.761002064 0.465570986 0.762170792 0.403053492 0.831643462
    0.963145018 0.70155859 0.982424498 0.887348413 0.233040988
    0.874780834 0.548332512 0.286960691 0.0850099027 0.437775493
    0.0245295763 0.747134626 0.0902755558 0.715761304 0.0340515673
    0.711423874 0.856323004 0.543078899 0.639221489 0.50236994
    0.350565851 0.906800151 0.627728581 0.944724321 0.987731576
    0.6769557 0.537691891 0.172042012 0.0134650171 0.536607802
    0.999338567 0.923087478 0.465042263 0.0260235369 0.596372783
    0.00408875942 0.0425212085 0.883614123 0.379267454 0.842991114
    0.0697285235 0.869671345 0.860606253 0.198397785 0.332405329
    0.434710026 0.213568509 0.257902563 0.173065841 0.580107152
    0.49266085 0.429768145 0.739379525 0.0653541386 0.73656714
    0.263006747 0.812689602 0.0568637252 0.807096839 0.29363206
    0.532461286 0.775618076 0.370051146 0.947513998 0.0250203907
    0.17548129 0.118900716 0.962562442 0.676530182 0.165595055
    0.00458014011 0.879461884 0.710930467 0.545308888 0.229672283
    0.923100352 0.445622146 0.519797921 0.822211981 0.394045949
    0.183427215 0.819260716 0.401836187 0.715666413 0.665882111
    0.566610396 0.281081975 0.498489141 0.937131345 0.950958848
    0.66101706 0.208859682 0.499325752 0.0364181995 0.930604935
    0.69161135 0.870598853 0.470811009 0.293297321 0.717434764
    0.530374229 0.0557664037 0.882305741 0.912003517 0.865197778
    0.23840794 0.126294732 0.577060521 0.124803275 0.967261791
    0.410890549 0.120559186 0.79835856 0.20038709 0.694779873
    0.473759174 0.704729319 0.918606281 0.653275788 0.529715359
    0.14995113 0.847786546 0.17411527 0.396317184 0.906253695
    0.118964136 0.640367866 0.399879575 0.780699372 0.567521095
    0.580318689 0.867458165 0.50344944 0.643940806 0.659722984
    0.432263792 0.999516845 0.71452415 0.777159154 0.465852618
    0.228114635 0.398784697 0.854097366 0.0614758134 0.810339451
    0.502138019 0.998737156 0.22377786 0.00250762701 0.403706551
    0.43103528 0.273779511 0.984024525 0.810831428 0.488862306
    0.552092075 0.721775591 0.230669618 0.237171352 0.392854542
    0.393852085 0.00662475824 0.511596382 0.533212364 0.388935506
    0.680678725 0.344953656 0.277676761 0.796195924 0.896771371
    0.286949694 0.0446122289 0.753792048 0.824292123 0.244249284
    0.108780593 0.893239498 0.12319541 0.218748599 0.746987402
    0.816813469 0.210259855 0.2281771 0.518469691 0.133699715 0.3537727
    0.160733193 0.197791457 0.317502826 0.561571658 0.0168244839
    0.578861773 0.821086645 0.582718611 0.79883033 0.352345467
    0.0568888187 0.693900228 0.270696372 0.0470728278 0.88038373
    0.78591609 0.0660689771 0.0967418849 0.854153275 0.0227057636
    0.628649354 0.424702168 0.273877054 0.790401816 0.704861045
    0.223994881 0.914102018 0.292140484 0.719631076 0.429127455
    0.997449815 0.560612321 0.533480287 0.300326645 0.663525701
    0.620993257 0.982911289 0.75271219 0.934234798 0.647781014
    0.527292788 0.00318551064 0.343913376 0.472717762 0.0880523622
    0.941173255 0.657059848 0.153898299 0.596134484 0.659681797
    0.892522454 0.150031894 0.795852184 0.0747430921 0.164877504
    0.111820728 0.907570481 0.0221760571 0.0334179401 0.418004155
    0.970138371 0.872624159 0.202232778 0.7051633 0.314979255 0.13555035
    0.708592534 0.589710236 0.695715249 0.00188693404 0.515882075
    0.882796347 0.27286309 0.104077399 0.763581097 0.725795388
    0.011531055 0.672529161 0.391941488 0.484339923 0.280511022
    0.916238427 0.735604227 0.938379288 0.135991663 0.156324655
    0.926251173 0.0582409799 0.655612051 0.639964819 0.0704047978
    0.574112475 0.921987891 0.722805619 0.754279971 0.797488689
    0.209478706 0.436536491 0.270310223 0.808524966 0.478997558
    0.489304125 0.785151243 0.812247217 0.868752301 0.756326973
    0.80176568 0.351412296 0.192991495 0.754019141 0.158731073
    0.836596131 0.806914747 0.491442233 0.608436465 0.921456695
    0.825415313 0.334716678 0.516035795 0.870270967 0.0183287859
    0.690086544 0.269176424 0.751340449 0.557926774 0.478681326
    0.152184159 0.524992168 0.255468816 0.121005535 0.624117374
    0.936320662 0.337740123 0.870683789 0.999022543 0.7786268
    0.948119164 0.538812816 0.562880337 0.464372933 0.832027793
    0.942822933 0.611028016 0.546858191 0.706057191 0.649738789
    0.622600555 0.00418713689 0.861082554 0.273235381 0.500505149
    0.581444502 0.688207209 0.862274766 0.167013258 0.783438325
    0.1969347 0.879185557 0.209477246 0.388204217 0.532367945
    0.785506368 0.663775384 0.977576375 0.762959599 0.375240266
    0.417582691 0.698873162 0.555742025 0.380926728 0.627312362
    0.833256245 0.420877457 0.701909363 0.429439604 0.264849126
    0.285859138 0.307924062 0.957774401 0.898301005 0.364484727
    0.246037811 0.968408465 0.827654719 0.327459276 0.47664848
    0.93603003 0.0586257279 0.773454666 0.387138695 0.981068492
    0.716876805 0.79586339 0.845052242 0.232150972 0.718209743
    0.439844638 0.150767207 0.510920823 0.987196028 0.432816118
    0.111217767 0.21319288 0.720742166 0.626973271 0.869903684
    0.656650364 0.0386694372 0.606594145 0.531705439 0.258421123
    0.797523975 0.487129986 0.211687922 0.125115484 0.0839095712
    0.824263275 0.0277298689 0.679843545 0.368864596 0.962939501
    0.0196675956 0.359564036 0.0888103545 0.956911564 0.754015744
    0.119812965 0.301284671 0.440297782 0.981526256 0.0744096339
    0.90629828 0.651258171 0.728953302 0.593764782 0.673210859
    0.968626857 0.107101262 0.175680935 0.188604385 0.233744711
    0.547233224 0.0270482302 0.919937313 0.780094981 0.355469674
    0.588804305 0.638672531 0.713299394 0.126925647 0.0868839622
    0.321844101 0.00332778692 0.845965385 0.650565982 0.324823737
    0.110218942 0.566090226 0.137971967 0.524197638 0.516074061
    0.409410775 0.396543235 0.750963211 0.531711459 0.73896277
    0.454709321 0.757730067 0.232476294 0.881076097 0.17727825
    0.683654785 0.270317405 0.522500455 0.0364415944 0.29077667
    0.812326312 0.540518939 0.753284335 0.41672349 0.446873277
    0.441363424 0.171023786 0.0251867771 0.428736031 0.998726666
    0.210731119 0.517205477 0.840744495 0.263789594 0.320731223
    0.446048766 0.0470843911 0.783629298 0.436564207 0.781686425
    0.305395842 0.327166259 0.685629308 0.763479233 0.467963338
    0.673788071 0.713692904 0.184078604 0.595575929 0.261011243
    0.652392566 0.76318568 0.948988438 0.56438297 0.256537259
    0.965417981 0.00214165449 0.765826344 0.0238139629 0.5919047
    0.799549341 0.914461017 0.0834605396 0.740213811 0.242929876
    0.0127668083 0.887562394 0.401212662 0.283520758 0.58515799
    0.549080372 0.71029371 0.940615356 0.0427038372 0.241416872
    0.34456566 0.643230617 0.0508843064 0.529573023 0.433885217
    0.775366306 0.971131027 0.377361178 0.663104177 0.574812174
    0.0984823406 0.291371077 0.143964022 0.833632231 0.174732238
    0.704989791 0.997451007 0.812506378 0.420089245 0.0811701417
    0.730481982 0.671007037 0.24469766 0.569831073 0.7454108 0.608893692
    0.362397373 0.14230749 0.709553838 0.181804448 0.350552022
    0.362901866 0.982280612 0.623236716 0.0151303411 0.145738542
    0.411555588 0.372003734 0.00736194849 0.503902018 0.358923465
    0.154133111 0.53614682 0.401200861 0.584520817 0.705542982
    0.353951991 0.934288979 0.99822855 0.165447801 0.880344987
    0.990432441 0.818875432 0.422971547 0.641826272 0.0310916305
    0.306566447 0.739862502 0.103220433 0.457734168 0.600733936
    0.0328119397 0.701817513 0.736135304 0.22180742 0.20623228
    0.402242243 0.264480591 0.773557186 0.708228171 0.90073055
    0.387799114 0.385818452 0.673234284 0.739947379 0.928460836
    0.592565417 0.225101292 0.333781421 0.919130027 0.392743051
    0.516393602 0.450566053 0.749608636 0.696001828 0.278226972
    0.835950375 0.365913749 0.90764761 0.484364778 0.849506438
    0.987618804 0.68605566 0.401123196 0.252700925 0.785373688
    0.311432004 0.831423342 0.0714747906 0.882585526 0.153328925
    0.145767868 0.851737142 0.764333725 0.714455843 0.887994289
    0.531401038 0.193766385 0.522575736 0.142190754 0.293281049
    0.0751553774 0.542773366 0.0792731643 0.695596755 0.0542515218
    0.0391751528 0.249396503 0.643028378 0.649243236 0.0336894393
    0.322948217 0.311588764 0.190386117 0.624442816 0.957666099
    0.915338278 0.609815717 0.0305606723 0.640101671 0.0534611046
    0.0409945846 0.329656571 0.0632289052 0.921614051 0.738244712
    0.996342838 0.130961001 0.745061517 0.187929362 0.871620655
    0.00675976276 0.922611952 0.719096482 0.729146004 0.74110961
    0.638906121 0.585577071 0.926019788 0.848056674 0.893363595
    0.233160377 0.379787028 0.766421676 0.469093025 0.656031966
    0.779423118 0.916016459 0.197743803 0.482751995 0.467261702
    0.295075953 0.368650049 0.51878041 0.399336517 0.977545261
    0.28100872 0.683328152 0.160577834 0.589932501 0.720802307
    0.826382816 0.325182915 0.951222181 0.0489097238 0.533644319
    0.698179245 0.718162179 0.425464094 0.464011014 0.362549543
    0.197188616 0.328763872 0.865397573 0.879593253 0.0523744226
    0.670284629 0.974321723 0.516748726 0.423278928 0.00472912192
    0.50181216 0.802767396 0.842197895 0.751197338 0.85700202
    0.0794324875 0.482987225 0.979106188 0.677273393 0.354645699
    0.598044217 0.601322711 0.800752699 0.275165409 0.834248006
    0.611693859 0.0739225745 0.970471501 0.551860869 0.151759952
    0.846989036 0.676331758 0.262449503 0.834216237 0.3836537
    0.889128149 0.887083769 0.746237278 0.602011919 0.728136718
    0.0854282975 0.290709317 0.0063200593 0.048666358 0.221652687
    0.00135549903 0.32145226 0.557682514 0.769000649 0.799962103
    0.964567661 0.263906658 0.311663568 0.330271304 0.179880917
    0.609733522 0.293417931 0.30542624 0.464659542 0.737275839
    0.704886198 0.661105633 0.242325783 0.916635394 0.746314347
    0.205177635 0.0914222896 0.315066576 0.796478033 0.57545644
    0.653133452 0.190178692 0.4101578 0.497258037 0.541463435
    0.542476952 0.586307526 0.592761159 0.99639976 0.481572896
    0.908311963 0.914946079 0.0507371426 0.575526416 0.0717799962
    0.373200297 0.496981889 0.17012009 0.863676846 0.288213849
    0.618329048 0.781182408 0.216583699 0.911757469 0.227466553
    0.773135304 0.0698293746 0.172825068 0.59181267 0.672263026
    0.486653715 0.300577998 0.283734769 0.999730051 0.128986657
    0.564635992 0.905838788 0.489365429 0.769925833 0.296921879 0.533041
    0.13411963 0.382831484 0.412214965 0.215044051 0.216508359
    0.0260248184 0.949413538 0.223741651 0.957284212 0.304117858
    0.781731546 0.430887341 0.568687677 0.576809406 0.182097316
    0.526000738 0.734895587 0.726622105 0.964438319 0.15921703
    0.0687637925 0.444342285 0.659250736 0.0109886527 0.0414175689
    0.176185995 0.478803545 0.952232063 0.670980155 0.332311749
    0.215085655 0.0568039417 0.75800997 0.146635473 0.757023215
    0.223044544 0.36108011 0.028830111 0.800372183 0.768310964
    0.0278539658 0.107506692 0.230782598 0.824635804 0.275898933
    0.61357981 0.942654133 0.064806819 0.665145576 0.159762561
    0.34704864 0.560267687 0.917750001 0.634227991 0.779252052
    0.940183878 0.121850878 0.582136452 0.156741172 0.803417921
    0.834555387 0.721935451 0.188757747 0.790469468 0.592722595
    0.359363019 0.353165269 0.400746137 0.700670958 0.738503516
    0.0928296149 0.853404641 0.799044728 0.457202464 0.120374054
    0.26743564 0.316463649 0.48644346 0.588265002 0.649929285
    0.427884698 0.549346685 0.125977874 0.853513241 0.207028508
    0.704320848 0.309647977 0.779431164 0.372189343 0.586990774
    0.147316575 0.609069943 0.736984849 0.307352483 0.108546883
    0.85176146 0.169682533 0.206545353 0.258170664 0.0757577419
    0.259423971 0.642717898 0.279042423 0.72540307 0.261355817
    0.155653954 0.932167172 0.231907189 0.552616835 0.173408657
    0.512953341 0.456957906 0.434577674 0.98176384 0.502775609
    0.822904825 0.935349107 0.778867483 0.866641283 0.267920882
    0.126607686 0.111132145 0.475321412 0.0163331926 0.943732738
    0.172057837 0.904065967 0.565887749 0.124148458 0.889400244
    0.951439798 0.570154011 0.652965188 0.986909091 0.448170066
    0.618052244 0.966647744 0.0338940322 0.745431125 0.307161123
    0.393640876 0.474095345 0.662456453 0.0961957872 0.087092191
    0.725956738 0.0461306274 0.579567909 0.162970394 0.688438177
    0.381962478 0.566512585 0.7485798 0.198605061 0.361557364
    0.942824006 0.551128507 0.649313033 0.19281587 0.748078704
    0.67952323 0.744478166 0.862981975 0.38895008 0.35884732 0.240789801
    0.724424541 0.383712649 0.542173803 0.326455534 0.470949143
    0.254359215 0.988327503 0.921334982 0.133558482 0.378249317
    0.834452093 0.148334533 0.723201692 0.88614893 0.873162031
    0.898338556 0.885897517 0.129104823 0.999320984 0.937366009
    0.169866592 0.167573899 0.327907979 0.595430315 0.413375616
    0.273637593 0.755925059 0.502586901 0.323188722 0.518546581
    0.758707285 0.141862005 0.888021588 0.0790647864 0.97813344
    0.0677036345 0.606405258 0.958284736 0.425061613 0.258467555
    0.367734313 0.831013441 0.922760725 0.99462688 0.404862583
    0.208907932 0.594964385 0.587594151 0.928315639 0.1553258
    0.663669109 0.431247234 0.100645542 0.38633883 0.109933645
    0.403338522 0.00317594409 0.423885763 0.463717669 0.197804987
    0.362061858 0.245186985 0.587531507 0.0225324333 0.0919298828
    0.196753949 0.497304112 0.0965543985 0.30977717 0.0851454735
    0.818425536 0.074385196 0.685678124 0.24224785 0.194966972
    0.230865747 0.71271944 0.294888735 0.729397655 0.688968062
    0.0774846673 0.59509021 0.669041812 0.478141397 0.117700934
    0.549471796 0.460502058 0.946825504 0.207461357 0.628858685
    0.307624727 0.788631856 0.197629273 0.860163331 0.742278218
    0.613086045 0.295268238 0.377198964 0.332489789 0.524899244
    0.746614933 0.254218578 0.91193217 0.268666208 0.709552169
    0.457571208 0.538219035 0.566310108 0.0276289284 0.443134606
    0.376995504 0.186145753 0.0625620186 0.605031371 0.662167847
    0.988145471 0.860685706 0.158724487 0.581687272 0.608205795
    0.0785742402 0.0996164978 0.962908149 0.312391788 0.82028693
    0.540929973 0.335031062 0.99230063 0.399827808 0.743950784
    0.63293761 0.786176622 0.68346417 0.716599047 0.24350217 0.91537571
    0.504045784 0.3448264 0.379609466 0.292466074 0.318157375
    0.726647377 0.633002758 0.950054646 0.0150614381 0.866589427
    0.114263564 0.489863664 0.397787452 0.429231018 0.0820136666
    0.419533312 0.141640484 0.121278971 0.493034512 0.554813802
    0.292420328 0.964716315 0.992353201 0.848259509 0.191991061
    0.220085293 0.874548197 0.833429575 0.996692419 0.575132608
    0.760249734 0.504065752 0.535738051 0.876990318 0.313025057
    0.596962869 0.0883750618 0.321061909 0.621565878 0.786740184
    0.10916701 0.883892417 0.327113956 0.72965157 0.246831626
    0.923452854 0.0126826167 0.562532365 0.191449285 0.852478266
    0.738757133 0.524622202 0.182516068 0.568506181 0.922592163
    0.0919369757 0.565499008 0.12257728 0.0826807618 0.1365861
    0.901510537 0.294215262 0.526786804 0.681871176 0.154431909
    0.668383241 0.262220621 0.115622342 0.158530653 0.102746278
    0.561230063 0.660707831 0.0403819978 0.219707817 0.765742898
    0.468711287 0.747568965 0.699934781 0.756476045 0.25947085
    0.0427923203 0.847643614 0.073233813 0.485282034 0.798582315
    0.457452238 0.040979296 0.302923918 0.0878148973 0.831807852
    0.15760529 0.122484684 0.367270678 0.671632886 0.381236613
    0.369020104 0.0993588567 0.670599997 0.040532887 0.555411935
    0.114547402 0.980798244 0.29815197 0.410468221 0.976543546
    0.412145942 0.0648939013 0.505878389 0.200024635 0.724689782
    0.458158672 0.40369013 0.083014518 0.841575623 0.603151917
    0.994356334 0.668897271 0.57401979 0.112572551 0.50051415 0.47955054
    0.0428663492 0.161799759 0.448716372 0.665873826 0.438415617
    0.0441653728 0.847834349 0.469686925 0.0815059841 0.484132618
    0.567809582 0.091106236 0.0751624703 0.901224613 0.447353184
    0.65465939 0.668918431 0.0568635762 0.290929437 0.716871142
    0.783177376 0.0769895315 0.105873495 0.475059092 0.088462472
    0.649311125 0.0953503847 0.260155737 0.447989017 0.358980417
    0.837872505 0.270404041 0.172189981 0.132107645 0.699976981
    0.250653416 0.623928249 0.324643373 0.195821613 0.170614362
    0.352629423 0.642743826 0.504216075 0.998639464 0.669791579
    0.979535341 0.340964198 0.508494437 0.573147595 0.115615159
    0.472229481 0.12339136 0.417470068 0.121878356 0.674715281
    0.878679633 0.0966918766 0.355163276 0.0225874484 0.952408135
    0.168457061 0.941051841 0.876517594 0.160386413 0.774283886
    0.318188846 0.898345888 0.0427323282 0.707015216 0.46059069
    0.712141812 0.76194334 0.542015553 0.516030192 0.704909325
    0.634410977 0.691155791 0.0471019149 0.60385865 0.290008307
    0.820720196 0.0232734978 0.0321957767 0.493888021 0.47036472
    0.500617683 0.976899624 0.868655264 0.814440489 0.494294465
    0.950013101 0.635674238 0.150343418 0.0161955357 0.784926593
    0.799240947 0.93297708 0.256393999 0.962051511 0.30513227
    0.864118457 0.411527812 0.288367271 0.300404429 0.366615951
    0.149212897 0.0395512283 0.0296431184 0.911166966 0.812475562
    0.0494341552 0.740082383 0.936819911 0.573758066 0.502368927
    0.986952066 0.216987669 0.283568978 0.38715443 0.20683971
    0.813276052 0.915114522 0.385382175 0.47596997 0.71217382
    0.349050879 0.67426002 0.61769259 0.41007039 0.799142778 0.582396567
    0.486065418 0.533445895 0.995242596 0.512089133 0.868109941
    0.0278738439 0.297350645 0.506210506 0.864994764 0.344296455
    0.152742535 0.0488483012 0.510243177 0.382310688 0.872311234
    0.371687412 0.596305907 0.771446586 0.523856759 0.682551861
    0.952385962 0.609875798 0.922834039 0.179541171 0.83738029
    0.923685372 0.764865994 0.957806528 0.834771931 0.115659416
    0.207889318 0.779937148 0.946468472 0.00475695729 0.975123644
    0.330954462 0.234097451 0.28333959 0.617164969 0.382573783
    0.328274846 0.207498103 0.255545497 0.0231364667 0.696564317
    0.46475023 0.482796073 0.313911766 0.589521646 0.283882052
    0.56603694 0.796790123 0.431847036 0.483497888 0.585547924
    0.0854908228 0.437141776 0.881336331 0.840983748 0.264972329
    0.365277946 0.908856153 0.531037152 0.85955894 0.441413254
    0.0528207123 0.429820418 0.88570559 0.966831505 0.688499928
    0.495857298 0.0906647444 0.905892015 0.41285947 0.500058711
    0.519705236 0.300848246 0.984981298 0.361046672 0.408401012
    0.0866218507 0.541980863 0.26920867 0.896452904 0.52109462
    0.692113996 0.736145377 0.940512776 0.243789524 0.805767775
    0.135763705 0.121765852 0.715391099 0.82541424 0.649054825
    0.652385294 0.174602509 0.64930898 0.839140534 0.433101535
    0.653641224 0.669383049 0.470366001 0.205616742 0.626120389
    0.392252535 0.415774137 0.127081454 0.098983556 0.572347403
    0.989235163 0.881253004 0.769705832 0.616933584 0.317954272
    0.177288592 0.217510849 0.517236352 0.800524294 0.310829461
    0.444118679 0.309454679 0.271658242 0.855656207 0.82475996
    0.340166211 0.363221288 0.341464877 0.913023174 0.149841905
    0.0587592721 0.376324832 0.60958153 0.99906522 0.0844680071
    0.329925746 0.380929232 0.838025808 0.0448197722 0.47695154
    0.972793698 0.420187205 0.779685557 0.166528314 0.342762917
    0.425297588 0.990879953 0.397697538 0.826274991 0.183323711
    0.394175887 0.916749954 0.552055597 0.688639879 0.715703964
    0.0535891652 0.274606168 0.349791944 0.479557276 0.935967386
    0.430943727 0.196148843 0.624292016 0.587930262 0.0214660466
    0.88970685 0.501530051 0.201550454 0.493112653 0.242097259
    0.404670954 0.944676042 0.180455595 0.852207184 0.469296247
    0.673803151 0.47883743 0.0757364333 0.225842416 0.402674437
    0.696721494 0.21932891 0.376768887 0.909482539 0.167859823
    0.592833757 0.690283537 0.740077019 0.574640095 0.583856225
    0.439079463 0.180417418 0.953973055 0.129996359 0.495485216
    0.39188394 0.645074487 0.845910668 0.939901412 0.695039988
    0.526303947 0.158154368 0.187807471 0.252490938 0.842262805
    0.373532563 0.914363861 0.16509828 0.328023076 0.838014841
    0.162324637 0.294671237 0.0478744507 0.912539721 0.875040174
    0.296870828 0.653502762 0.0507848263 0.436923862 0.0278841257
    0.408714145 0.011815697 0.0468317866 0.800052047 0.749415934
    0.312062323 0.85434252 0.497068763 0.521597981 0.603312194
    0.0698634088 0.481428683 0.323962212 0.0310685635 0.416800797
    0.981685519 0.954253912 0.165355027 0.834248483 0.00219169259
    0.0797069073 0.779408991 0.644484282 0.318197727 0.66695261
    0.503488123 0.843637943 0.471825421 0.982191205 0.565010488
    0.37597841 0.656377316 0.828445315 0.350668252 0.636612236
    0.889577687 0.902815402 0.623941898 0.382709086 0.579816461
    0.642678678 0.817078829 0.470691562 0.798115611 0.729372621
    0.730631649 0.944133997 0.682795465 0.865855217 0.880259871
    0.331332356 0.290702641 0.723665118 0.275284469 0.439927518
    0.773698032 0.488379419 0.452265799 0.795729756 0.421827018
    0.199001729 0.372560382 0.151737511 0.783627033 0.551682889
    0.346928298 0.935712337 0.798009574 0.719355762 0.263289332
    0.931402862 0.813945055 0.373818219 0.534371793 0.153659642
    0.97669673 0.95878005 0.655289233 0.150289923 0.720246673
    0.468153805 0.702120185 0.616107464 0.236272544 0.220848203
    0.16686812 0.00174883008 0.0923672616 0.646931767 0.8925879
    0.584629536 0.11633563 0.136514932 0.295820117 0.428208053
    0.765730321 0.0891320109 0.52069509 0.215156287 0.592137516
    0.399968952 0.745031178 0.718687654 0.719004631 0.211735249
    0.131343842 0.865719199 0.981203437 0.696706772 0.226231962
    0.772854507 0.44755131 0.75078094 0.403852671 0.979194403
    0.780668736 0.131549537 0.690182447 0.443584025 0.781236649
    0.309755355 0.217192233 0.770517111 0.759447694 0.498485327
    0.280412197 0.126372933 0.0212664902 0.551548421 0.769255996
    0.561968148 0.339431971 0.592267692 0.625509381 0.868843079
    0.0746229887 0.0377704501 0.812835157 0.247513235 0.220166326
    0.334693164 0.462939352 0.67368567 0.076552093 0.795232356
    0.100883216 0.365596324 0.967601538 0.568071902 0.818487644
    0.431941301 0.850865602 0.0761654079 0.691730082 0.665470898
    0.0455278456 0.250296414 0.474160343 0.990242541 0.31330663
    0.361027151 0.454460561 0.345691621 0.717964292 0.426168144
    0.537072897 0.313020021 0.981993794 0.673805654 0.131151795
    0.165198833 0.460471332 0.11552605 0.890045226 0.882741094
    0.526511848 0.959349632 0.849272668 0.43439436 0.398215055
    0.0555265844 0.911247134 0.38239783 0.0173698366 0.290042996
    0.630627275 0.0846740305 0.517050624 0.37556228 0.714871824
    0.726415873 0.352301329 0.937349916 0.720050275 0.887823462
    0.536263824 0.132274419 0.215782315 0.838718176 0.33784169
    0.482919842 0.82708329 0.918451548 0.292260289 0.259084702
    0.363397717 0.660066724 0.250137985 0.997990489 0.713183522
    0.31166929 0.323372155 0.854504824 0.435534537 0.445678025
    0.328066736 0.603870273 0.0547413826 0.891640782 0.144168764
    0.636622787 0.664153278 0.526220024 0.262823075 0.916837096
    0.3006742 0.57756871 0.797802687 0.871315479 0.438114196 0.407899708
    0.769968212 0.0544101894 0.175816596 0.988572061 0.102793396
    0.854931056 0.0244418383 0.706094444 0.806733787 0.605264604
    0.229750335 0.64590621 0.557740867 0.278915048 0.90553087
    0.266070664 0.257229269 0.308563113 0.65760684 0.536671221
    0.560850441 0.209933102 0.518692434 0.0510375798 0.577215075
    0.0289332867 0.0690681338 0.982637405 0.747897863 0.146051228
    0.299379855 0.963813841 0.860895276 0.898558795 0.437234581
    0.494210392 0.218297571 0.448369622 0.216868848 0.281927466
    0.284369826 0.57194531 0.762668788 0.943538725 0.578901768
    0.740202844 0.193668932 0.163479954 0.663786292 0.808562279
    0.466254979 0.0786165893 0.644366086 0.636643767 0.547745824
    0.641429901 0.153767645 0.832895517 0.177862197 0.24108997
    0.698173642 0.920009375 0.0841219127 0.868138552 0.647618473
    0.335971653 0.394976288 0.0886290073 0.349646121 0.715359092
    0.777695417 0.775534391 0.364830524 0.786893368 0.119463593
    0.540412128 0.0731474161 0.0410257578 0.210205376 0.164943278
    0.476596653 0.60504514 0.106994092 0.115240693 0.925181508
    0.107337713 0.32255429 0.749137998 0.510665298 0.77745384
    0.305988729 0.794082761 0.853898704 0.602077782 0.162144631
    0.72417593 0.274590075 0.266526133 0.989953518 0.265503168
    0.949438989 0.967301965 0.60977304 0.731890202 0.40269652
    0.531408429 0.668442965 0.73062861 0.107785672 0.91950345
    0.996748447 0.897135437 0.883512914 0.349474251 0.758846283
    0.299171031 0.195851773 0.585440218 0.206691802 0.391469091
    0.671068549 0.834613323 0.68423754 0.225357533 0.483418554
    0.459040165 0.786922455 0.313921094 0.786029458 0.00783199072
    0.246275723 0.421635389 0.768970132 0.0167590678 0.123709828
    0.294523776 0.164533257 0.403594941 0.58512944 0.154255837
    0.360812783 0.181973964 0.927682579 0.800900698 0.301921308
    0.436293095 0.630471051 0.64488399 0.911494136 0.782618284
    0.124812454 0.208914578 0.840500355 0.13895452 0.132202446
    0.515065074 0.906197608 0.871110201 0.0958867669 0.520246863
    0.714214325 0.17094025 0.695374012 0.4187572 0.277150154 0.610999167
    0.970359683 0.965443492 0.00839424133 0.442631632 0.611393452
    0.734853148 0.543640137 0.905218899 0.468873501 0.677835405
    0.73973757 0.0922322273 0.990897834 0.38515532 0.528350592
    0.0557485819 0.0294909179 0.092887491 0.557998836 0.0734410584
    0.673301816 0.787752628 0.158320367 0.11268571 0.205046505
    0.259527951 0.381176323 0.0633974671 0.41106537 0.803210735
    0.678192854 0.19720155 0.24332729 0.182334304 0.708242178
    0.908254921 0.54486692 0.916057467 0.295563698 0.379252255 0.1947155
    0.0508119464 0.0459658504 0.844230652 0.428596079 0.265093148
    0.0699531436 0.25717479 0.233408093 0.445041806 0.833258867
    0.743733108 0.859804511 0.782800078 0.635231972 0.00494661927
    0.674113572 0.161537081 0.593884468 0.647528291 0.227722406
    0.0287820995 0.800625801 0.11207673 0.806367278 0.476683497
    0.564189434 0.370300144 0.203750402 0.279454112 0.65797621
    0.0678330064 0.206379175 0.0191243291 0.46705687 0.800943673
    0.473280579 0.87491405 0.605694592 0.607604623 0.816060066
    0.497068286 0.412118912 0.644864857 0.826219499 0.783654928
    0.206662804 0.851320148 0.664547026 0.293694556 0.524178445
    0.965225518 0.990843654 0.855301917 0.151923835 0.718448162
    0.44546181 0.74784106 0.99205637 0.540280163 0.902281702 0.3205356
    0.543498635 0.963139117 0.119223982 0.793598592 0.259189725
    0.703541875 0.198947251 0.910178065 0.996948838 0.84612143
    0.658195078 0.370537341 0.760671139 0.389587969 0.280732214
    0.503352821 0.13463065 0.861441255 0.635825515 0.671561599
    0.413267463 0.0379694998 0.108857423 0.856675684 0.367116272
    0.870741665 0.479542732 0.781263709 0.909361541 0.405880928
    0.851415694 0.830394268 0.122663677 0.911845565 0.852264881
    0.0385025144 0.620171666 0.17865023 0.741864681 0.338161886
    0.613725901 0.578640044 0.857199669 0.277671248 0.721245408
    0.672470212 0.383220255 0.785572827 0.203669578 0.385394603
    0.958130956 0.116718113 0.319207937 0.628039956 0.317511261
    0.498750627 0.850714803 0.730002105 0.889767408 0.90934062
    0.749830544 0.760857224 0.537169337 0.0773731172 0.05719769
    0.847964525 0.524783671 0.3188079 0.223017722 0.90757668 0.426680267
    0.961115837 0.936239123 0.422793031 0.482257903 0.680271983
    0.443378866 0.697697341 0.319851875 0.918464482 0.532002568
    0.419365048 0.317305684 0.793394864 0.197396368 0.196962804
    0.479923368 0.970476985 0.760181308 0.578374743 0.728486657
    0.543290675 0.163517118 0.900660098 0.946915388 0.906790555
    0.920331717 0.455209494 0.255102605 0.13181746 0.557195485
    0.438551933 0.756425977 0.689395905 0.562219977 0.574669063
    0.0495588481 0.528013706 0.689669609 0.646892846 0.484934926
    0.00205412507 0.0876806974 0.663791656 0.956268549 0.115588069
    0.217110783 0.715236008 0.921627164 0.995681524 0.164644659
    0.676840365 0.321760654 0.958748817 0.369371712 0.556294262
    0.0924679041 0.569832921 0.0332860947 0.277174056 0.920468926
    0.835966468 0.0244123042 0.304274827 0.277898729 0.623659968
    0.937669516 0.429040432 0.614786506 0.5495345 0.661214292
    0.506482482 0.980070233 0.550956964 0.0770030618 0.81513536
    0.273692787 0.730544984 0.694608688 0.7755512 0.808703721 0.29129833
    0.509017706 0.0692903996 0.0699302852 0.353059351 0.398598522
    0.700942099 0.366628468 0.836824179 0.648612738 0.754124403
    0.813698649 0.961029053 0.100198954 0.537503839 0.602115273
    0.232789963 0.0837511122 0.851235628 0.262489974 0.764869869
    0.412292421 0.864977717 0.503442585 0.742337465 0.747226357
    0.400822043 0.498571575 0.521196365 0.572279036 0.425380945
    0.186830789 0.680608749 0.942592382 0.151476443 0.612662017
    0.866284132 0.338663608 0.313909471 0.945909858 0.150512993
    0.846017003 0.27775681 0.633858442 0.466098338 0.931474924
    0.788307846 0.337466776 0.635405362 0.339802682 0.0349087417
    0.153868705 0.937162638 0.0346764624 0.694118977 0.384677231
    0.594801784 0.955910921 0.361663997 0.914358258 0.306688368
    0.0111062229 0.675700545 0.287008584 0.614021003 0.63119936
    0.972539723 0.345977724 0.93350035 0.114892215 0.621035159
    0.337489903 0.576211333 0.638413072 0.538884521 0.0418145359
    0.463957399 0.907125235 0.236405194 0.820450425 0.953165889
    0.561060965 0.395482302 0.350597888 0.405626178 0.0748947263
    0.692166924 0.723093569 0.317333817 0.595411777 0.335408151
    0.457385451 0.879925132 0.956440568 0.306785077 0.579659998
    0.299850583 0.75566709 0.228158891 0.0426532924 0.39982751
    0.0998440683 0.147672623 0.598617077 0.469064862 0.467676193
    0.763344467 0.631757975 0.761932492 0.644227982 0.840822697
    0.610745907 0.628497303 0.595592856 0.527257383 0.663248301
    0.639621139 0.0255170166 0.951773167 0.165051728 0.105952144
    0.578035295 0.374792099 0.558418989 0.473956466 0.142932355
    0.21966821 0.817548096 0.00415474176 0.0212499201 0.416486144
    0.50215435 0.518465817 0.152975559 0.411723107 0.181262791
    0.0108403265 0.654540658 0.10404104 0.217805654 0.768594503
    0.442220032 0.877875924 0.826752305 0.651894569 0.417549103
    0.413471848 0.646045804 0.138865709 0.708741188 0.60423553
    0.870255232 0.221339017 0.502381384 0.819937944 0.783438325
    0.0736849904 0.306086779 0.937270641 0.447471648 0.86504966
    0.848321199 0.188268661 0.615104973 0.665067971 0.525045455
    0.653411984 0.592309654 0.482800543 0.76571846 0.442720443
    0.852556348 0.225797027 0.908284187 0.252050996 0.332059711
    0.690112233 0.780346632 0.399640322 0.546915948 0.581029296
    0.126326472 0.0933972299 0.261756599 0.679506183 0.699457407
    0.228624046 0.629076838 0.199597031 0.830293715 0.657203555
    0.685500026 0.786088109 0.7079494 0.62419641 0.833682358 0.603653252
    0.503895402 0.939534366 0.0649065077 0.841323912 0.221029639
    0.462446034 0.168777674 0.968978763 0.660028517 0.63406539
    0.336200386 0.869387031 0.0090302527 0.264857978 0.16366154
    0.244381398 0.587391198 0.494107276 0.733434796 0.508972287
    0.0350330472 0.757970095 0.203252882 0.623518825 0.809937298
    0.877074063 0.248579562 0.752272129 0.822900414 0.128403455
    0.764938951 0.91997236 0.0860247016 0.588735819 0.484936863
    0.538577795 0.501843631 0.936076283 0.947959542 0.483595848
    0.269058824 0.873755038 0.482820868 0.138155788 0.786623895
    0.384081483 0.055900991 0.893690169 0.242013454 0.478170842
    0.53793627 0.585600793 0.796839774 0.155990154 0.0672467649
    0.887478113 0.921336353 0.821525693 0.925752461 0.962263227
    0.325929344 0.809696198 0.848050714 0.590096474 0.792316496
    0.944960237 0.134169489 0.265888751 0.694399834 0.199685812
    0.00539922714 0.621096492 0.802839816 0.704384208 0.997308016
    0.0774790943 0.138708204 0.43864578 0.719438374 0.795134544
    0.584912777 0.213334411 0.086466074 0.933746576 0.506707191
    0.743351221 0.410668612 0.0371861458 0.562389672 0.843933761
    0.484574348 0.975110233 0.23386693 0.536708593 0.427203506
    0.35242027 0.500646174 0.370450258 0.250714004 0.570201755
    0.181234777 0.759902835 0.308798164 0.241463602 0.936874926
    0.748082459 0.936926067 0.290076315 0.78343457 0.806003094
    0.537919581 0.483266503 0.121868283 0.22772634 0.890583277
    0.0636788905 0.818476379 0.899882615 0.187591225 0.296878994
    0.210912108 0.932689488 0.777268767 0.482528627 0.188856304
    0.276619852 0.506574154 0.815233171 0.526815653 0.392644018
    0.648124337 0.995396256 0.799487114 0.534939528 0.912892401
    0.881518006 0.482781947 0.0356816351 0.773467064 0.987185717
    0.122961998 0.719085157 0.665837884 0.21377337 0.196804166
    0.890198946 0.351733178 0.713656187 0.16007787 0.950480402
    0.0493208468 0.417794079 0.878565192 0.59342289 0.0696780086
    0.600755215 0.809217811 0.469695151 0.790252924 0.73693037
    0.078589946 0.376835257 0.600930929 0.831862807 0.49205178
    0.463323295 0.227242649 0.967295408 0.464927912 0.887351274
    0.61224699 0.0845395923 0.66216439 0.273073733 0.803610384
    0.160305083 0.301517874 0.750136912 0.739168167 0.123209745
    0.225328863 0.962522626 0.138023496 0.26594618 0.418939441
    0.430389464 0.913369656 0.98970449 0.459775418 0.698449492
    0.138704151 0.476218909 0.202766448 0.252494663 0.694804907
    0.000227957964 0.473069787 0.0201921761 0.145348907 0.429123998
    0.0511911809 0.236581773 0.125136793 0.807853937 0.128611624
    0.448123276 0.810859919 0.812227368 0.0758317709 0.98762387
    0.924337864 0.382894427 0.374798834 0.137904823 0.928515673
    0.291183621 0.775665522 0.745108366 0.643261194 0.699568331
    0.259531617 0.36230886 0.928453565 0.412901133 0.385161042
    0.0710447431 0.646895707 0.73913151 0.807274163 0.789321423
    0.710529685 0.834650755 0.465359569 0.247666955 0.0903562009
    0.633278787 0.293790519 0.893586755 0.183581948 0.479842514
    0.35457772 0.194157124 0.949421942 0.508390903 0.62178272 0.54128021
    0.281966656 0.461791396 0.663398325 0.464058965 0.3668468
    0.584105611 0.306937695 0.0597022772 0.492488861 0.582123876
    0.30446142 0.88683784 0.168177068 0.448975086 0.611389756
    0.417775929 0.482142746 0.966830134 0.781269252 0.924629688
    0.785806894 0.862074018 0.206332326 0.413404644 0.326523632
    0.11562562 0.141319633 0.303487957 0.0293169022 0.722971082
    0.813397229 0.219803452 0.282709837 0.926042318 0.662510157
    0.473781407 0.0906547606 0.681862295 0.929883361 0.544586718
    0.765056074 0.29594481 0.361082971 0.865433455 0.609736741
    0.509239316 0.0944809616 0.888728619 0.368160844 0.75623256
    0.655157447 0.436059058 0.0246556699 0.462259859 0.31302917
    0.0985053182 0.972419143 0.34785983 0.0984867513 0.667271972
    0.197430372 0.272726893 0.267106563 0.558983564 0.168963969
    0.404820919 0.239525139 0.39300096 0.302619785 0.267098814
    0.672538638 0.461197972 0.856816769 0.514525414 0.488673478
    0.881841183 0.744296134 0.662294865 0.614622712 0.901032925
    0.849927843 0.232660621 0.0805126131 0.0629265308 0.124444008
    0.514288366 0.505766988 0.255804718 0.175985754 0.584601641
    0.693056226 0.05749771 0.55395627 0.183080435 0.560717165
    0.493555188 0.690528512 0.0566177666 0.0988240838 0.58402437
    0.867629647 0.897481203 0.869779229 0.52278173 0.00501978397
    0.0755377114 0.130284935 0.211115479 0.689465463 0.414381057
    0.966729999 0.802453339 0.0225243866 0.268684804 0.16239664
    0.30429095 0.690340102 0.678979456 0.09120965 0.111360669
    0.969747305 0.495996922 0.832938194 0.0378137529 0.250161946
    0.143089145 0.60005945 0.467840254 0.90956974 0.136173964
    0.669103265 0.373072445 0.902998507 0.886665046 0.333464682
    0.119644672 0.65838027 0.42893213 0.385833621 0.757532716
    0.921684265 0.390329838 0.947917223 0.0896098018 0.800265908
    0.952583432 0.340770274 0.777802229 0.90974462 0.790592432
    0.767810464 0.999932885 0.680624247 0.0491326749 0.286202788
    0.0305695236 0.581486464 0.452211201 0.654573441 0.53708756
    0.202400088 0.408263355 0.120060802 0.628583133 0.42531684
    0.91067028 0.0527267754 0.234145552 0.831412911 0.637380421
    0.850625873 0.0421445072 0.810178995 0.864247203 0.604872525
    0.994964361 0.311135828 0.956799746 0.367836684 0.55641228
    0.319865227 0.426667124 0.278831601 0.552761555 0.190454721
    0.759444237 0.694028497 0.89071548 0.0623938143 0.0611898899
    0.404722869 0.281090856 0.810017049 0.115676939 0.405706733
    0.455584645 0.030305028 0.815001369 0.0666868389 0.283218145
    0.475180775 0.989573061 0.701176524 0.255898893 0.432581633
    0.47687909 0.0202474892 0.0778654218 0.404881895 0.0567215681
    0.38926971 0.0571414828 0.659600735 0.966218829 0.672909141
    0.224672735 0.70802629 0.853582144 0.942893982 0.722494125
    0.730434239 0.990947008 0.34002912 0.00133511424 0.389948487
    0.878197432 0.300024688 0.84235692 0.722982645 0.244838923
    0.684929132 0.523017168 0.0786990523 0.80463469 0.519405484
    0.818792045 0.111283422 0.325686276 0.100688338 0.820742249
    0.456863284 0.174969584 0.212425172 0.932759345 0.788723946
    0.90193522 0.53461194 0.962696671 0.25740242 0.491170883 0.277915597
    0.21154806 0.158778101 0.642591596 0.932483673 0.0355665684
    0.238446176 0.9187783 0.639634848 0.433095008 0.40866676 0.588422537
    0.718549132 0.952836037 0.490911394 0.914556623 0.609423995
    0.0142308772 0.738447189 0.348299801 0.266833425 0.16420728
    0.589244485 0.80656898 0.74442625 0.382152677 0.183829755
    0.493059099 0.872982264 0.533937752 0.515774965 0.509169638
    0.551155686 0.833159745 0.228317469 0.506750405 0.572884977
    0.620684922 0.00491046906 0.790423036 0.952129722 0.805153191
    0.644712627 0.246891469 0.649119496 0.531458378 0.00869238377
    0.8433218 0.484629035 0.757061303 0.314798534 0.719496667
    0.859638333 0.312849432 0.163517445 0.613729775 0.0500330925
    0.543956459 0.100999236 0.449725568 0.233227074 0.382266402
    0.452165127 0.758583903 0.899939954 0.264924318 0.885132313
    0.432544917 0.774377942 0.33569634 0.527062654 0.605593204
    0.823697925 0.851768732 0.741878986 0.324572146 0.905454874
    0.0419793427 0.386592865 0.525770903 0.651637971 0.581314921
    0.750875115 0.382011592 0.927431643 0.759669781 0.501300633
    0.163064212 0.0385942459 0.530024529 0.969688296 0.0712190866
    0.639276743 0.121696711 0.798863173 0.61016959 0.31102258
    0.711598396 0.808751762 0.827832043 0.73951751 0.0781480074
    0.180547386 0.870661676 0.619082808 0.917112887 0.373553753
    0.857095242 0.335460365 0.885639906 0.135787398 0.441832185
    0.400209367 0.224395812 0.950448513 0.431722432 0.0156569183
    0.788155317 0.676192105 0.489585161 0.704999089 0.139787942
    0.106961161 0.0440257192 0.933071852 0.119086176 0.272812903
    0.544330955 0.806387663 0.941475451 0.861566544 0.218989879
    0.798184395 0.372170269 0.494053781 0.298606396 0.285049438
    0.751664042 0.790397644 0.0444721282 0.729710221 0.525187314
    0.924399972 0.479251921 0.58897388 0.892674923 0.00473377109
    0.0588692129 0.154282779 0.103048056 2.55703926e-05 0.397497118
    0.839485765 0.715230346 0.339133024 0.575353026 0.127825826
    0.862026155 0.0456524789 0.364580452 0.584253907 0.440083295
    0.0677589476 0.194500268 0.374673545 0.277597338 0.921013355
    0.0381822288 0.452762127 0.284178853 0.231601745 0.831007838
    0.151822448 0.0336497724 0.148998469 0.199396938 0.729587317
    0.899997294 0.158902466 0.331630886 0.0833886266 0.502210796
    0.589181304 0.429474711 0.659745693 0.436646283 0.431895971
    0.0242610574 0.917667031 0.508905828 0.376411319 0.170156121
    0.121799439 0.666481137 0.177039266 0.552700341 0.8034482
    0.364572346 0.708062947 0.445992678 0.487646878 0.0707857907
    0.02650249 0.356565088 0.250584662 0.951132536 0.121788204
    0.267750025 0.523544192 0.722047627 0.486702651 0.723380625
    0.553993702 0.898754716 0.62414211 0.902155936 0.683502018
    0.44922474 0.235460579 0.121600986 0.87549907 0.65481472 0.220173866
    0.899606824 0.273674905 0.10500598 0.355553627 0.685085952
    0.37853393 0.409778237 0.38505891 0.493411154 0.818727612
    0.000480890274 0.426044881 0.0667920709 0.686543286 0.770733595
    0.818650544 0.815359533 0.690736413 0.559889257 0.812087834
    0.767279744 0.286260813 0.678219616 0.0199466348 0.21382913
    0.872475266 0.191212237 0.518933177 0.897362411 0.816689312
    0.682445824 0.80634582 0.379188389 0.0784805715 0.5240677
    0.130460769 0.625803173 0.868570507 0.98737371 0.161248744
    0.472027898 0.587286353 0.633302093 0.134304285 0.105999678
    0.499707669 0.254182041 0.37451458 0.0302534997 0.62199527
    0.221299529 0.254299939 0.410247266 0.00117650628 0.764257669
    0.978669822 0.141884863 0.420553267 0.277780831 0.763150215
    0.955266893 0.00184097886 0.954993248 0.235973716 0.15035525
    0.113299072 0.0840428472 0.578640223 0.26472944 0.0594083667
    0.783347964 0.174362451 0.910697937 0.280795455 0.869633079
    0.372099221 0.780276954 0.370510519 0.273120999 0.478518277
    0.00752788782 0.84923625 0.403787553 0.989533901 0.563141882
    0.358414531 0.430251747 0.157079607 0.647311151 0.357965648
    0.193883955 0.299610704 0.0757482052 0.440552175 0.328835726
    0.378534168 0.812473774 0.594649315 0.331027746 0.567995965
    0.962440312 0.916856885 0.640199184 0.846567631 0.279373169
    0.730287313 0.698860288 0.648849487 0.171168774 0.888195515
    0.85836637 0.739879131 0.144054949 0.384946048 0.940821528
    0.405433953 0.0014333427 0.0837334692 0.942806721 0.86995399
    0.57678175 0.0384424031 0.492676437 0.351045072 0.368115187
    0.660943627 0.0808760524 0.249521166 0.609818757 0.0719895363
    0.439089239 0.351831555 0.55385983 0.0865959525 0.187521905
    0.271100134 0.499626935 0.00440898538 0.963455677 0.291988373
    0.213395059 0.892547131 0.167153895 0.976813912 0.915310919
    0.977036357 0.94881469 0.759683371 0.244506598 0.865918875
    0.811173916 0.5074808 0.899009109 0.414259791 0.44790718 0.212352812
    0.303510427 0.746095717 0.0322104394 0.499986976 0.914408505
    0.442350686 0.00961890817</data></test_img>
<my_img type_id="opencv-matrix">
  <rows>128</rows>
  <cols>256</cols>
  <dt>f</dt>
  <data>
    0.730865598 1.01035964 0.805196345 0.294824779 0.309469342
    1.98141456 0.314334214 1.66655982 0.607755601 1.0592463 1.93574023
    1.98525703 1.46220326 0.79895097 1.44423962 0.0169743598 1.86144018
    0.223318636 0.936098039 2.02103829 1.02890921 1.03395391 0.642552435
    -0.311006725 1.69717515 0.544097245 0.473304719 -0.421563953
    1.97114229 0.881150126 1.55406201 1.98752403 -0.0163242817
    -0.202404052 -0.0815850496 2.00483418 0.377728581 1.31043506
    -0.422349095 0.687255144 1.04740548 -0.259890735 1.9116447
    1.34388161 1.79056287 1.78208911 -0.205698997 2.09217262
    -0.0781329572 -0.153873026 0.98081547 -0.410203516 1.36862028
    0.485380292 -0.504226804 0.883602858 1.77060008 -0.103765726
    2.02640915 1.51477885 2.08063078 1.19603229 -0.0679601431
    0.142094642 1.41326964 -0.447333306 0.727692902 -0.145451665
    0.69535321 -0.253499061 2.13594794 -0.382010579 1.50005531
    -0.102366269 0.212009281 1.77079642 0.329846859 1.3778882
    -0.452405572 0.721532106 -0.00201493502 0.659948885 -0.263535619
    0.912659407 1.79818738 -0.195508063 2.06157827 1.22577047 1.71152163
    1.47123075 -0.204863906 0.734681845 1.21507728 -0.216082245
    1.93964148 1.50712597 1.15508962 1.84329057 -0.279635578 1.54495883
    2.06068897 0.655568302 1.1578486 1.3354938 1.26587033 0.670662284
    0.767102957 1.97991645 0.709460497 1.25083327 -0.535383582
    1.65689695 0.418177962 1.46970844 1.36878645 -0.535896361
    0.612116992 1.33180213 1.20319057 1.61558747 0.674503684
    -0.111408532 1.77985787 0.789658606 0.125055492 0.836558104
    -0.368646294 0.255200565 -0.37898317 1.74559093 1.00753534
    1.97253394 -0.0857931972 0.368447155 0.59487468 1.08275461
    1.36074877 -0.292571843 0.657714546 2.09898996 -0.0989930034
    1.85820317 0.712816119 0.334971726 1.49844468 1.74897885 0.319427907
    0.747744024 0.245619655 1.4895277 1.78106594 2.09878516 -0.127546519
    0.377440691 2.20706797 0.47647053 1.53484809 0.68020165 1.94189072
    1.76024842 0.0734009147 0.12270844 0.504617453 1.83183622
    -0.240306109 1.89330053 1.15342784 0.697344363 1.78619456 1.46853852
    0.254946828 1.97367573 0.508033991 -0.1505602 -0.355074495
    1.02358055 1.9989903 -0.279133916 1.74576807 0.793477535 1.5226841
    -0.310931146 0.750340402 2.02755022 2.06877041 -0.41474691
    0.985946178 0.0661211908 -0.281375438 1.67717218 1.89713025
    1.93712139 1.15641415 2.04415464 -0.219134212 0.930283129
    0.440709949 -0.473152727 1.93609738 1.66067648 -0.334007651
    1.00314319 -0.0916255116 1.38458788 -0.331184208 1.15757227
    1.38324523 1.30120206 1.24200666 1.45348358 -0.258452713 1.06481624
    1.5793426 1.40943646 0.207275987 1.09404278 -0.197005272 1.68788457
    0.498856664 0.595142841 0.439135671 1.11806798 2.11361861
    0.0422697663 0.343924105 1.44662046 1.51145279 1.18505585 1.5732913
    0.573790431 1.89435554 0.676199973 0.334478676 -0.49434936 0.9225685
    0.0871885419 -0.144409239 1.32455873 0.813496649 1.35961962
    1.33320379 0.631158888 2.02642751 -0.460236102 0.95068568
    -0.0243238509 1.73335326 0.591960847 0.780365646 0.726205647
    1.74866533 -0.278622776 0.261398673 0.181470007 0.389203489
    0.519517303 1.16337323 -0.409414291 1.5054518 -0.627005458
    0.560887337 1.68590105 -0.449351162 0.901798308 -0.372539371
    0.661680758 1.07557583 -0.106487095 0.180962563 0.377714038
    -0.517944455 0.247567177 0.0771608353 -0.268121809 1.7986834
    0.344521046 0.00396901369 1.16703737 -0.165933013 1.36496377
    1.06693435 -0.615469337 0.469207466 0.909605682 -0.364441127
    -0.342967153 1.46845961 -0.0509964824 1.9586072 -0.290706754
    0.257631302 1.20035672 -0.0575731993 1.34746122 0.688094735
    -0.63867569 1.70747328 -0.134835303 0.195446432 1.25913393
    1.58834147 1.53998315 0.299035192 -0.301221102 1.75726795
    0.026519537 1.10978115 1.61879885 1.70117784 0.358572066 1.7230556
    -0.134149015 1.23444617 1.68557703 -0.510233283 0.980066419
    0.00448483229 0.994284213 1.26866055 0.574757338 -0.569988191
    0.543732703 1.29408157 1.24163663 1.80919552 1.27624917 0.168184102
    1.48020148 1.54404998 -0.394312084 -0.430602431 0.122172773
    -0.00535237789 1.16275191 1.25983381 0.127141118 1.7698555
    -0.592457771 0.919372857 -0.657057703 1.07464027 -0.276532143
    -0.101445675 0.987534702 1.3046906 1.10003293 0.921999335 1.06519747
    1.00365233 0.625778079 1.54942596 -0.449264497 1.15002561
    -0.734324634 -0.309074819 1.13908839 0.433110237 -0.720892131
    1.57582879 0.0438631177 -0.338359475 0.698367834 1.14747691
    0.0855088234 1.50516021 0.539675295 -0.705498755 1.64253294
    1.78938627 1.16017032 1.70367908 0.0708672404 0.342452765
    -0.780344248 1.37970829 1.20605218 0.153125405 1.75023484
    -0.503412962 -0.148960114 1.39156842 0.66470778 0.195281863
    1.7584039 -0.417466819 0.24199158 -0.560386598 0.704751074
    0.0072081089 0.883736849 1.58070898 -0.423906982 1.06241131
    0.337340772 0.0200927258 1.19730687 1.06539655 0.359998167
    0.176883698 0.797705233 1.65737653 0.519891858 -0.732283592
    1.15037322 1.81847715 0.16011405 1.63590455 -0.618501186 1.06829512
    -0.0643438101 1.64606285 0.166122139 0.27858597 -0.193766177
    -0.0891747475 1.39419591 -0.124301136 1.64031601 0.755451083
    0.391612828 0.441133678 0.952177942 -0.431472987 0.183228612
    1.45942831 0.150289178 -0.484138489 -0.491080463 -0.10343653
    -0.34471342 -0.0389149785 2.01258254 0.516282082 0.605435491
    1.63138187 1.49565876 0.331005275 -0.639962554 0.359343886 1.2970643
    -0.575541079 -0.153946161 -0.609949768 1.07271433 1.86000788
    -0.170714617 -0.0457475185 1.59744191 1.54772425 -0.574243784
    1.2473712 1.88376951 0.0280407667 1.13284683 1.78100872 0.48711282
    -0.282327861 -0.382162154 1.54622793 1.28065312 -0.473342001
    0.085999012 1.0501833 1.81405807 1.36896801 -0.556990921
    -0.603944719 1.62795949 -0.166607618 1.05067134 1.05983484
    0.64162606 0.376590848 0.192090034 1.44787765 1.23366916 0.266443968
    0.437318742 -0.211997569 1.78295386 -0.353178293 1.4631815
    1.13519883 0.466381907 -0.402289003 1.64627993 0.0680065155
    0.817446351 0.945242882 0.0968964696 0.33675915 1.79131532
    0.907423198 0.843889594 1.34803951 0.050101161 0.502351344
    1.56343365 -0.276628792 0.0749486089 1.11509633 0.132604003
    -0.350506872 1.036376 2.00913954 -0.50763917 0.871458411 1.3831563
    1.11551929 1.87991619 -0.538152575 0.173688293 0.856096983
    -0.0828170776 1.45983994 1.7046082 0.911338031 -0.60670954 1.3630383
    -0.153444648 1.5355227 -0.612435102 1.38039517 1.01268423 1.8267231
    1.67099929 -0.344250143 0.118475497 -0.438164949 -0.44064635
    -0.601744652 1.12725282 0.199256122 -0.0169033408 1.51137471
    0.187844276 1.6419884 0.834994733 0.688969314 -0.724264026
    0.527078509 -0.157689333 -0.170965314 -0.157141447 -0.811898887
    1.65395904 1.20292425 -0.318153203 -0.128030777 0.927082598
    0.383388281 0.333129406 1.9114188 -0.181496382 -0.691922188
    0.327999532 -0.698753357 1.13526034 -0.522163093 0.263807774
    0.20763284 0.15644753 1.49572456 0.379356861 -0.883115172
    0.743302345 -0.145453572 1.14716661 -0.348958969 0.410664737
    0.263629496 0.61970377 0.367300153 -0.413964033 0.0805779696
    -0.0878061652 1.12275028 1.70893168 -0.121287763 0.576623797
    1.10885513 -0.478676647 -0.708067894 -0.606116891 0.93614769
    0.686221123 0.447162449 1.37002683 1.62099838 -0.101047575
    0.754162371 0.235823989 0.299737096 0.720992565 -0.0879478455
    0.334455788 0.751705348 -0.449988246 0.186176419 1.14614129
    1.52999663 0.90771246 1.09616709 1.38140535 -0.115751624 1.52165401
    -0.553929508 0.995885611 0.885701299 1.91953802 0.286859035
    0.0142168999 0.2362324 1.91908443 1.65441394 1.20767272 1.65288305
    -0.0762579441 0.315389752 -0.415254474 0.605964839 1.33471608
    0.635892153 1.10506451 -0.515705168 -0.342743516 1.66042066
    1.10896552 0.938107014 1.39633727 1.23253739 0.857490301 1.19462526
    -0.390307188 0.968186736 1.61594617 0.166705072 -0.326335818
    0.764885366 -0.472480118 1.48768997 0.163020432 -0.781272948
    1.79111958 0.0574296713 -0.6516608 -0.195618987 0.59317559
    0.628621817 0.651765406 -0.0689638853 1.77699733 0.580868661
    -0.85843873 1.27345347 0.245726228 0.560375333 1.38468528
    -0.419848859 -0.261521697 1.80391741 0.797456384 0.695572078
    0.576666892 -0.0263403058 -0.624608755 0.0804775953 -0.459599793
    -0.194434762 1.76415658 1.19040871 -0.568976402 0.38222611
    1.82433999 0.620578051 -0.0420299172 -0.716214776 1.93026125
    0.468373239 -0.128533483 0.0596270561 -0.334594756 0.573064029
    1.38829052 -0.195609927 1.39469349 0.0389241576 0.145510256
    0.437685847 -0.341366827 1.73187399 -0.540201843 1.59760165
    1.57561803 -0.249078393 0.605060995 -0.00928705931 1.60328531
    0.831577778 1.72931552 0.358082652 -0.442117542 -0.0214615464
    0.121824801 -0.450001597 0.261098862 0.662926018 -0.297963858
    1.26848674 -0.491902709 0.7406106 0.594082713 -0.182958245
    1.91836119 0.276513159 -0.55892396 0.851356924 -0.555464864
    1.20370781 -0.361472309 0.203828454 -0.231843352 -0.556104541
    0.259417653 1.39538395 0.100033522 0.222868145 -0.400528014
    0.993576288 -0.558303416 -0.622249484 0.615539253 1.52669621
    0.0101042986 1.6993618 0.0854219198 -0.539229751 1.03388262
    -0.171601593 -0.17971611 -0.624963045 1.50395012 -0.484932423
    0.205626309 1.00425982 1.85508513 -0.245770872 0.59319675 1.60459101
    0.905746698 0.526114225 0.265290439 0.600073159 1.38670373
    0.571934342 1.09432912 -0.453430235 1.54688716 -0.233584166
    -0.546814203 -0.429220855 0.484266639 0.388665915 0.494038045
    0.850701153 0.80716002 0.884447455 0.278917968 1.78964424
    0.656764269 1.13314843 0.853407383 -0.890349805 0.801054835
    0.526536584 1.08059239 -0.728375375 0.533998847 1.72340536
    1.08719683 -0.595317721 0.0398300886 -0.370936394 0.360652864
    -0.550439656 0.155491292 0.941501081 0.463790119 1.32815361
    -0.0945011973 -0.401944071 1.80371714 -0.31814009 0.3543697
    -0.281512082 1.29067063 1.7929666 -0.668281078 0.817534745
    1.76931953 1.38643146 1.70389819 -0.268430114 0.215105295 0.62166959
    0.292035997 -0.211647034 1.76172566 0.0822036862 -0.159363806
    1.59260297 0.912530422 1.23591399 -0.737758815 1.82151878
    0.894114971 1.77811718 1.59794593 -0.403727353 0.811192036 1.4398675
    -0.552113295 1.67915857 0.476739645 1.28346932 -0.657022715
    0.00418871641 1.33080244 -0.140622139 1.66074741 -0.523492634
    -0.637870431 0.131156921 0.443519175 1.06874764 0.010058403
    1.32835054 -0.806742728 0.993849933 0.226395965 1.66854382
    0.602451086 0.746266067 -0.592671275 -0.5001809 0.708030343
    0.252387106 0.628446758 -0.78763938 1.75218487 1.34037828 1.16230357
    1.49633813 -0.312192082 -0.706642866 0.588569164 1.04664803
    -0.403453529 -0.857501328 -0.580801606 0.300670624 1.20332265
    1.13093877 1.31408584 -0.676404357 -0.7142362 1.52532291
    -0.465229213 0.473061442 0.135588408 -0.640923738 1.16805673
    0.435616255 1.63131404 0.348282576 0.491320252 0.551861465
    0.536460996 -0.802516639 0.0881385803 1.11440754 0.110621691
    1.1913178 0.422293663 1.12641871 0.796893716 1.48136723 0.764991045
    0.665246129 0.34203124 1.18262732 0.24922967 -0.122359455
    0.537757576 0.931130409 -0.279767632 1.43244576 1.11629748
    1.22038078 -0.370778143 1.41631985 1.39469504 1.06231236
    -0.137842715 0.609827995 -0.693583012 -0.296031982 0.876661658
    0.658396244 0.38658309 0.463386834 1.12066364 1.4604162 1.44157922
    1.67187154 -0.754539788 -0.348001182 1.39994204 -0.720796764
    -0.363655835 0.456531405 1.59741068 0.669178665 1.717852 0.627278805
    1.03556013 1.75474262 0.0127982497 -0.157108784 -0.666467547
    0.243509769 1.79679894 0.53659904 1.75351191 0.43051827 -0.456805378
    -0.231025815 1.17117822 0.186719894 1.63713145 1.30047154
    -0.330362707 -0.221436113 0.0423352122 0.510832906 0.545646667
    0.832303107 1.43939483 -0.359399647 -0.654666662 1.20194292
    -0.652803063 -0.109622598 0.248365045 0.0238106251 -0.332795382
    1.64753842 0.91273731 0.386311173 0.72094655 1.60527873 1.48281026
    1.79583395 -0.374455333 0.332736492 -0.577410221 0.648853123
    0.486075878 0.00470817089 1.31309605 0.78415972 -0.290058196
    1.7680006 0.24489373 1.45531416 0.847483337 0.768019557 0.447160721
    1.24941874 1.85183597 1.88305163 0.175754905 -0.521565557 1.96707845
    0.864656329 0.418729126 0.487533569 0.564929485 -0.675853014
    0.761568606 -0.655475318 1.54160285 0.222364306 1.13396132
    -0.0898898244 -0.0529510379 1.82101178 -0.117250085 1.2886529
    1.66468859 -0.655856013 1.45602453 0.658813238 0.97069037 1.50120962
    0.728780627 1.47022712 -0.216396511 -0.642008722 1.47408485
    -0.568906307 0.664606094 0.82374984 1.64410675 1.3510406 0.520533919
    0.675300777 0.75022018 -0.657789826 0.930068791 1.57499528
    -0.402041078 0.811818898 1.72955775 1.11909819 1.79507685 1.20551157
    1.53148687 0.608819366 1.34797978 0.308203936 -0.523608148
    1.73974621 -0.456583649 -0.452910662 1.74342716 0.606851041
    0.221462607 0.730235457 1.15139008 0.935137093 1.82324076
    0.109174013 0.999117613 1.87307143 -0.6931445 -0.0956824422
    -0.644896865 1.29796767 -0.686907053 1.16228032 0.57935071
    0.541782856 1.56641805 0.677931428 0.440334857 -0.255214512
    1.63156128 -0.879727602 0.968218327 1.37246549 1.20305789
    -0.805299461 0.844775558 0.582064033 0.99897486 0.362017512
    0.140889645 0.200924158 -0.277665257 1.0765214 -0.376369923
    -0.607671857 -0.109974742 1.69711089 -0.759523749 0.726807356
    0.267081738 1.58824348 0.767255425 1.70819223 0.210088968 1.77568841
    -0.679848135 1.53727198 -0.207747936 1.62408257 1.58081377
    1.51500809 0.335360408 1.53132355 -0.465995967 0.0487011671
    1.49336433 0.0915753841 0.619428515 0.372807264 -0.180369258
    -0.0985339284 1.53669429 1.17702973 1.11498618 0.453807831
    1.19601583 0.969552994 -0.259809256 1.42150402 0.654401064
    0.665310383 1.37724674 0.468289793 1.37193489 -0.2599172 1.41759706
    0.627361298 0.641424537 -0.171814978 -0.395801067 0.132505596
    0.158610821 0.415968716 1.52163363 -0.423570007 0.985364914
    -0.58273685 -0.504794896 -0.638128161 0.8682217 -0.0316101909
    0.0123556852 -0.728083432 0.344555318 0.284635901 1.03901458
    1.9247359 0.651729822 0.412266552 -0.721292198 1.81487107
    0.603224814 0.0139576197 1.65795493 -0.511329591 1.12259471
    1.2751193 -0.709455729 0.124549866 -0.593961239 0.928760409
    1.47626829 -0.756594777 -0.438670367 1.68429065 -0.818898559
    1.48138106 1.79773378 -0.0134538412 -0.789164066 0.743607283
    -0.478120685 0.956547976 0.410393715 0.63761127 -0.0286402702
    -0.173190236 1.64194775 1.14909863 -0.465420842 1.28273368
    1.07358599 1.10426998 0.725127518 0.620872617 1.2891202 1.29128957
    0.0693463683 -0.124976635 0.95465672 0.517014146 -0.850388229
    1.56080568 -0.267130315 0.495529592 1.35048676 0.433021784
    0.692281604 -0.197048903 0.284963787 -0.163935006 -0.744235039
    0.0257986188 0.95535934 1.3504262 -0.582240462 1.86040425
    0.269216597 1.61945617 1.64288855 0.175849795 0.55127877 -0.71028173
    0.694242179 1.59715891 -0.771379888 0.629492283 -0.683599114
    1.62813973 -0.582359314 1.70289826 1.39120603 1.07780051 0.319139898
    1.67742932 -0.202181816 0.780541897 -0.751736939 1.74289346
    1.5064168 0.465458214 -0.571839869 0.942274749 -0.605589628
    1.00637341 -0.573067248 -0.596141577 1.36500537 -0.406096578
    0.206996381 0.873868823 0.577676535 0.485440969 0.623889565
    -0.384464651 0.508180857 0.70700556 -0.493428916 -0.116249502
    -0.703759909 -0.665444314 -0.54777199 1.75962579 -0.0273600221
    0.396474779 1.0305618 -0.289465606 1.42143059 0.192646921
    -0.787495732 1.51481724 1.72526062 0.658709645 0.458199501
    -0.0606681108 0.22119689 0.55975616 1.14171183 -0.354077339
    -0.664402783 1.10497153 0.992878973 0.350225687 -0.553124905
    1.42683864 0.306968331 1.43650651 0.726736844 1.40163112
    -0.455751806 1.68327153 -0.653067231 -0.53531599 0.758524656
    -0.755798638 0.462060571 0.581720173 0.428509593 -0.666717291
    0.96652776 1.95755768 -0.418268621 -0.500375867 1.04987288
    1.72749305 -0.528002024 -0.291452527 1.15278006 0.0164310336
    0.0256282091 -0.324366987 1.16738939 0.391742468 -0.685994208
    -0.276004612 -0.407990545 1.58978987 -0.607160926 1.20027113
    -0.343182743 -0.388651699 -0.570933342 1.45265889 0.924606919
    -0.533349574 0.260267377 0.759598076 -0.478271604 0.657583058
    1.61033869 -0.318789423 1.0667963 1.2903235 0.0914390683 0.853259921
    -0.835153818 1.3785007 0.851450026 -0.382179797 -0.498590112
    0.305445194 0.281739116 0.690325022 -0.5600214 1.2926929 0.65530467
    1.42256021 0.388099253 -0.0535925627 -0.256749272 0.22072041
    0.269430757 0.768089354 0.546507001 -0.454703122 0.891605437
    1.42959666 0.969867408 0.585512698 0.0598677397 1.06808949
    1.40712249 -0.261185229 1.63410211 0.790180683 1.15574586
    -0.86078155 -0.0477991104 0.669229746 1.30435634 0.601248264
    1.38423574 1.24474788 1.35827696 0.00948506594 1.23876429
    -0.486749798 1.0769515 0.646963239 1.55542159 0.548916578
    0.590487599 0.326306462 1.22475517 0.502981305 1.38164401
    0.0784915686 0.728082657 -0.342258751 1.52482343 1.21355128
    0.550541997 1.52160168 0.877205551 -0.632893443 -0.425926149
    1.61549449 0.0475806594 0.252577245 1.51479983 -0.22860533
    -0.584443688 2.0177927 -0.0989756584 0.628451765 0.889839649
    -0.783426642 1.25973046 0.446766019 1.40470243 -0.854014277
    1.68944871 -0.231931329 -0.3622289 -0.527710736 0.835779786
    0.0841882825 -0.487763554 -0.285716176 -0.454930335 -0.0820646882
    1.01375294 1.55595791 1.47033811 0.757933259 1.33786416 1.58574736
    1.71293747 1.54976511 0.347701132 0.972870529 0.76152128 0.260097027
    0.358699918 -0.529974461 0.427549958 1.69188333 0.597646773
    0.478645444 1.34645128 0.731361926 -0.635399044 0.0662057996
    0.467245221 -0.0804282427 0.353912354 -0.433916688 -0.598013878
    0.209439695 -0.402749002 -0.154502332 -0.448108494 0.394570708
    0.173716366 1.2678448 -0.700976491 0.493476629 1.75693226
    0.731081009 0.764584005 -0.142019808 0.0310170054 0.553155422
    0.920731068 -0.408976525 -0.372301072 0.864936531 1.29950166
    1.30056596 -0.12539041 0.835727036 1.11300337 -0.86793375 -0.628362
    -0.00147080421 -0.606044948 0.0859047174 -0.582413316 1.52022028
    0.0186881423 1.32214594 -0.767486572 1.07970929 0.637775898 0.390818
    -0.123883903 0.498978555 0.836552024 -0.297407627 0.624765694
    -0.059220612 0.066980958 0.178295255 1.51718652 -0.608461261
    -0.856433153 0.367710114 0.307946384 1.6584475 0.565959632
    -0.597626746 0.512981474 0.643684924 0.9170205 1.35849643 1.53798532
    -0.126135349 -0.511440396 0.2850914 -0.16291827 1.82402539
    -0.487570554 -0.519339204 0.353495598 1.79455447 -0.361444473
    1.63274491 0.660854697 0.725015879 0.767431498 0.425118506
    0.780758202 1.25273895 1.16603684 -0.315096021 0.261533141
    0.900801957 0.689954877 1.39377594 0.707990348 0.69332844
    -0.540218771 0.13192147 -0.677114546 -0.552372694 -0.735972106
    0.2049613 0.318559825 0.0180876851 0.583114445 -0.0209344029
    -0.136076033 1.17545629 -0.724079132 1.39453351 -0.471006066
    -0.159265339 1.00044382 1.41344595 0.507440329 1.62791717 1.35221314
    0.763522387 1.13365734 -0.827994764 0.238976717 0.420805633
    1.3190012 0.526059091 0.588470936 -0.71411103 -0.79756254 1.38133621
    -0.294007093 -0.255862623 0.670394123 1.88128161 -0.510695815
    0.936138511 0.496488988 -0.106590688 -0.127670348 1.58208358
    -0.412680238 0.748780489 0.0302604437 0.924751222 0.49769187
    1.13825965 0.366004944 0.654711843 0.735274196 1.32031357 1.55187082
    0.580217481 0.472549558 0.00235712528 1.52776122 1.41849279
    0.325666308 -0.50666672 1.07920194 -0.070106566 0.723366559
    0.149237514 1.61448085 1.83964503 1.29986501 -0.528889775
    -0.111762464 -0.587191463 0.278355479 0.384189904 1.4645381
    1.81206524 -0.387927294 1.63089705 1.49684203 1.58398461 1.7491771
    0.685758948 -0.256022632 0.156369746 -0.0465536118 -0.161510944
    0.9304443 -0.446958154 1.75281787 0.0735334158 -0.805782318
    1.33481944 1.33545601 1.05423081 0.781633973 0.815682888 1.16567492
    1.35411346 0.807528853 0.610762954 -0.147096395 0.218742132
    0.969970882 1.19006085 -0.0160351992 0.932154059 1.07183409
    -0.600004315 0.756647706 0.497340322 0.928486586 -0.344209909
    1.70574999 -0.222398937 0.504138052 -0.300898254 0.636216223
    1.0908289 -0.0763075352 0.0954946876 1.55121148 0.246201038
    1.76306248 1.35707235 0.615218639 0.680741012 0.28470993 1.74367142
    0.0925294161 -0.48589009 -0.531835079 0.745957553 -0.376693189
    1.44768107 1.38194132 -0.288038492 0.381127477 0.667272389
    1.18539417 0.242558122 0.0231184959 0.00908333063 -0.252765715
    1.01644766 1.04035354 0.218811929 -0.114330232 -0.403455079
    0.30210489 -0.957956851 0.0731110573 1.22283506 1.40761757
    -0.222717524 0.674891591 -0.114046097 1.3028791 -0.198412657
    -0.0290335417 0.78119123 1.38470697 0.106178999 -0.357006788
    0.717282236 1.53508198 -0.0406984687 0.582975507 0.414482176
    -0.740492523 -0.626168966 1.27963376 1.74503803 1.25138581
    -0.377181381 -0.250329077 -0.659428716 1.13662696 0.466543972
    0.500959516 -0.345164537 -0.39353022 0.766493261 -0.598543644
    -0.0778169632 1.63138795 -0.0984745622 -0.266845465 1.3140341
    0.994448006 0.936248779 -0.283945918 0.832420409 1.84093738
    -0.551919222 -0.660794735 -0.58385402 -0.52300179 1.09365189
    -0.441810429 1.62825131 -0.266890109 1.81258178 0.897060156
    -0.281387687 1.07518017 0.975569189 0.880262971 1.54218864
    0.41919446 0.975049496 0.688842237 -0.221136153 0.226928174
    0.718858957 0.690679073 0.126528442 1.74306178 0.476955414
    -0.632208586 0.451013148 1.0857048 0.565956712 1.17016554
    -0.285471588 0.488083839 1.64576268 -0.484783202 -0.574177623
    -0.147212267 0.116675675 0.0109710097 0.507561147 1.60983956
    0.322027743 0.884839535 0.201197922 -0.193744838 -0.547273099
    1.15647292 0.307671785 1.59109449 0.847470939 0.988342166 1.24992156
    0.962389529 -0.88223058 -0.899414301 0.140562296 -0.293072164
    0.205558777 -0.747579038 -0.491298705 -0.0240799189 1.22912419
    -0.22434622 -0.448436677 -0.00489896536 1.38874352 1.17004251
    0.876347423 1.13147378 -0.166795194 1.04030895 1.79906893
    -0.541713357 1.6240263 0.365437329 0.878722012 1.78252637
    -0.282988012 -0.510366738 -0.21004498 1.24749732 1.22566867
    1.12819743 -0.901049256 0.350414813 1.19136405 0.033403039
    0.962083936 0.991775036 1.45415258 0.887844384 -0.654149294
    0.562925994 1.25006604 1.72793305 0.865727186 -0.773541272
    1.71051168 -0.602899015 -0.395034343 -0.426051199 1.74681401
    -0.0929047465 1.43545628 1.66454172 -0.685894728 -0.622022152
    1.29730701 0.867835224 1.66997409 1.67597973 -0.807967722 1.58381796
    0.148332417 0.246015787 0.475850224 1.05464149 0.923745275 1.0482626
    0.0255696774 0.150310099 -0.236952245 0.593027294 -0.315058768
    0.1611076 0.348037064 0.156123936 0.536215246 1.54492414 0.193807423
    0.101353824 1.47538877 -0.0906956792 1.78917921 0.890574574
    1.50015485 -0.249353349 0.783630073 -0.253082633 0.345828831
    0.0752547383 -0.292012334 1.5152626 -0.0479762554 0.810454071
    -0.231735945 -0.566153526 0.107432961 0.676829159 -0.683927
    1.30137014 0.140724182 1.47460067 1.41676414 -0.207092881
    0.241226554 1.66075146 0.950198889 -0.814967275 0.717399955
    1.05544865 1.49001181 -0.63709116 1.02631783 -0.216734052 1.36999619
    -0.393918991 0.791297853 -0.426957697 -0.462086439 1.17885351
    0.627744317 0.49120301 0.248687029 -0.483355224 1.10149372 1.0180788
    0.456650436 -0.562891841 0.886528373 -0.35406816 0.825529277
    -0.528499484 0.125389099 0.927217185 0.89763689 -0.661906123
    0.903559148 -0.239881516 -0.358257174 0.138142824 1.68799341
    -0.387616396 0.447282374 1.13046134 1.41706347 1.61158848
    -0.778093874 -0.591802657 -0.61008203 1.46670318 1.78767955
    0.114577234 0.472186625 0.1999318 -0.547871232 1.21795964
    -0.113519013 1.43246615 0.838962138 1.01084161 1.48512232 1.10042453
    0.99380511 -0.219115913 -0.0954885483 1.46633685 1.16956198
    -0.241785645 -0.735550225 -0.388601005 -0.324338973 0.4464432
    0.110919178 1.41471481 1.03536367 1.45110989 0.354051352
    -0.205894411 0.909129024 1.09605181 -0.385248423 0.715033174
    0.0940294862 1.46505356 0.329236388 -0.261835665 0.119873166
    1.66020298 1.07015467 1.23603964 0.5540241 1.54984665 -0.259010017
    0.155438364 1.90363908 -0.0842271447 1.28869843 0.0929844975
    0.447597921 1.44352436 0.85911727 0.0872457027 0.288624942
    -0.810537338 0.0474723577 1.20336866 0.627009928 0.62605077
    1.46259809 0.602394462 1.58985364 1.58132899 1.37210858 -0.592765212
    0.75355643 1.46182537 0.144863665 -0.26277703 0.00515037775
    -0.186803102 -0.536408901 -0.398501784 0.954522312 0.375516593
    1.36235857 1.16791368 0.0716766119 1.471403 -0.0349254012
    -0.283776164 1.00152612 1.57980025 0.871584535 -0.700802505
    -0.146286011 1.01818919 1.54587388 -0.553404808 0.295595586
    -0.0120652914 0.583985686 1.02784872 1.46284056 1.79130352
    -0.391238391 -0.282280982 0.955297709 1.21139181 1.45909572
    0.649496436 0.275939286 -0.756944299 -0.153265595 0.0374544859
    0.369414091 1.15773749 1.40080619 0.681113064 0.963011444 1.62338257
    0.580653548 1.63517869 1.20433354 1.01964116 0.258709729 0.366946995
    1.04824448 1.46957302 1.49217224 -0.173134863 -0.0674035549
    1.78027201 0.8606897 -0.900003493 1.65677404 0.633333147 1.37639093
    0.528981328 0.244214773 0.0179205537 -0.645051599 0.769843996
    1.54493356 0.788501918 1.31774545 1.38275397 0.733207524
    -0.371404231 1.74600315 -0.751735151 0.87147069 0.036708951
    1.56633592 1.28334486 -0.0882436633 1.60718167 1.10698903 1.062644
    -0.309037685 0.501038551 0.551383197 1.62492299 1.59260273
    0.855965257 -0.601525128 0.967544854 -0.604666114 1.78497028
    0.227686405 -0.0143318176 -0.524385095 1.07347512 1.7063452
    0.104055762 -0.425373048 -0.315683097 0.239070654 1.52574944
    0.246941805 -0.0419246554 -0.717299461 -0.748033047 0.067168057
    0.81615442 1.06662893 0.778828204 0.984284639 0.230312526
    -0.157493949 0.643291354 1.65295386 -0.630534768 0.475746691
    -0.614007711 0.296616018 0.776212692 -0.799531519 0.00673371553
    -0.106663167 0.102390289 0.232528985 -0.514588594 0.276479721
    -0.254714012 0.156037807 -0.296892256 1.42971253 -0.610619187
    -0.266100705 0.206897855 -0.274555534 -0.0602393746 1.68427742
    1.41009736 -0.596728802 -0.186119258 0.477660477 0.542856753
    -0.532866418 -0.351599276 0.683706939 1.17729163 0.35493952
    -0.609423459 1.68623447 1.3291235 -0.417546123 0.165364027
    -0.836279273 1.5182234 -0.00966155529 1.71452379 0.265418053
    0.877707541 1.14186621 0.756413877 1.13102806 1.28160346 -0.81202215
    1.72911358 -0.339366853 0.321069837 1.71044707 1.07441282
    0.0185775161 0.376050353 -0.23082459 0.988699853 0.34251833
    0.986869097 -0.059070766 1.09200168 0.600723028 0.893381 1.26265728
    1.09613085 0.312110662 0.681643009 1.61969924 0.956409097 1.52985466
    0.167945683 1.79968071 0.428574324 0.539749563 -0.34276408
    1.85812855 -0.802357554 -0.1935938 0.961666286 -0.253248215
    1.46568882 1.53223276 1.30601406 -0.214195728 1.59101021
    0.0181697607 -0.169138193 0.453222632 1.42113304 -0.0715984106
    1.26025784 -0.0628823638 0.365183532 1.44190192 0.112491429
    1.41935802 0.0802517533 -0.471534252 1.19468212 0.916070819
    -0.972135484 1.02376044 1.67549801 1.54335248 -0.290872395
    1.35507667 1.70987761 1.37701845 -0.518725038 -0.500582814
    0.580392599 -0.519257069 0.583082378 0.268166423 -0.558430552
    0.379842222 0.725681007 -0.762735665 0.341519415 -0.713727891
    0.731531143 0.701247633 -0.0332551003 -0.72110486 0.5746907
    1.70497775 1.61804032 -0.50521189 1.4896028 1.56394684 -0.460816324
    0.574266016 1.73506129 1.53215814 0.865454912 1.5794301 0.0679523945
    0.306689739 0.808988929 1.07957983 0.231601536 1.57725048
    0.819051147 0.769975543 0.841800392 0.193148315 1.72469521
    0.379538178 1.62595606 -0.0620572567 0.970448554 1.01931667
    -0.682684422 1.22599077 1.52683473 0.752463341 0.246312141
    0.637298524 -0.557484865 1.5046382 -0.423883766 -0.63439393
    0.486748099 1.34315324 1.80750012 0.897978187 1.30210757
    -0.675349355 1.25220883 -0.657433987 0.418005049 1.2048068
    -0.241428673 1.60139012 1.0228467 1.39523578 1.22277117 1.0419991
    0.467290044 0.014977932 0.92233485 -0.883123696 0.347217858
    1.35148144 -0.121499121 1.31104946 0.0944343805 1.37115455
    0.679694176 -0.509341717 -0.233903706 0.304095984 1.20943308
    0.523976386 -0.350912571 1.03759313 0.430207014 1.52855015
    1.38240576 -0.387762964 1.37299943 -0.206520736 -0.0657010674
    0.840362668 0.978153944 0.458506763 1.74538815 0.579265714
    -0.270223439 1.0683409 -0.903612852 0.710465372 0.719701469
    -0.593145847 1.09284091 1.71184611 1.47650814 -0.217008471
    -0.70468092 1.39048529 0.41103828 0.389492214 1.25076795 1.56195116
    -0.509010792 0.951580763 -0.465286255 -0.0367756486 0.941242993
    0.525790036 0.0471491814 -0.0470116735 1.01448917 0.795960009
    -0.930708349 0.609791398 1.24488974 -0.811692536 -0.231473446
    -0.574563742 1.01285172 0.738397837 -0.2457394 0.979535341 1.3034997
    -0.610153854 0.890512943 0.40005374 -0.251533866 0.818722904
    0.587706089 0.905740678 -0.760372043 -0.529828846 0.983901083
    1.27689564 1.10681498 1.03784525 1.09535289 1.74483454 0.120523155
    0.101569355 0.716157615 0.110829115 1.7556603 -0.00249481201
    1.29989409 0.576094806 1.1163218 0.681450546 1.76623058 -0.128941
    1.47272158 0.9071455 1.4856168 0.662348747 -0.455222309 -0.57066232
    1.43651831 1.2919358 -0.443565845 -0.605173409 0.223194897
    1.01771808 1.39557195 -0.449425042 0.787784517 1.03572643
    -0.153474331 -0.339751869 -0.64640677 -0.664272547 1.70578623
    0.923753798 1.1080122 -0.768429041 0.522273302 -0.227238297
    -0.359632194 -0.248511851 1.57804251 -0.716445446 -0.634706378
    1.4384234 1.36192298 1.46770954 -0.696977317 1.70909488 -0.085113585
    0.31244719 1.77624583 1.06663418 1.24298906 1.34340906 0.483687162
    -0.211257756 -0.542322755 0.554638743 1.12689507 0.722529173
    1.58092082 0.708770156 -0.360035956 1.30573964 1.44167423
    0.116070151 -0.85161221 -0.233709812 1.62587512 0.557805181
    1.4702332 0.509785533 -0.780499399 1.54618621 1.48814332
    -0.0845758319 -0.827160716 0.874761641 0.978372335 0.0760660172
    0.633298993 0.839834452 1.42814016 -0.0995963216 1.67741442
    0.754414797 -0.568071067 0.63674438 0.19582963 -0.248067021
    0.223130703 -0.541603267 1.26230097 1.43103814 1.5000062 0.857674718
    0.971868515 -0.17194581 0.764997602 -0.275331557 0.416823983
    1.35576582 1.33618736 -0.225825191 1.1085968 -0.572099805
    -0.50463599 1.42235613 1.31878304 0.600352764 -0.188862145
    0.950651288 1.22276616 1.04640257 0.977458477 1.01039112 0.840403497
    1.53768969 1.38436282 -0.167234242 -0.77258718 -0.886996627
    1.11995709 -0.119894326 1.3427465 0.616782427 1.43114519 0.684330046
    -0.834337354 0.289637327 -0.22167474 0.804291964 0.444429517
    1.5338738 -0.354823232 -0.101716399 1.73723507 -0.807561874
    0.313403308 1.79929507 1.07855582 1.0790832 -0.394460291 0.631925046
    -0.45912233 -0.580768287 0.877419829 -0.585686207 -0.442421168
    -0.513180614 -0.0970262885 -0.217452586 -0.328741699 -0.0634109974
    1.1093049 -0.112899542 -0.682026148 0.143891275 1.11690092
    0.445507824 0.730912447 -0.568225622 1.80298686 -0.653606236
    -0.0461781025 0.167649388 1.55932593 -0.0902029276 0.626518726
    -0.3576594 1.48643041 0.151541948 1.20937788 1.42000663 1.32633531
    0.407162726 -0.630355835 -0.710933983 0.961588502 0.624154747
    1.48975408 -0.603998303 1.12977278 1.07925105 1.55315089 1.56010509
    1.89019966 -0.253752649 1.36146569 0.554157555 -0.4114829
    0.355090499 -0.7354424 1.73926651 0.212542474 0.445306242 1.31313896
    -0.284500301 0.91627878 -0.189531922 -0.515792608 1.54935384
    -0.743766785 0.351319313 0.439691663 0.866487563 1.14679754
    -0.479744673 0.867232263 0.239386141 0.886039019 -0.532007754
    -0.256973922 1.76823056 -0.64351052 -0.620289385 0.545708477
    1.2527144 1.18952179 1.97836363 0.22884196 0.755213618 0.629135966
    1.16707826 -0.00519549847 0.65335393 0.249994338 1.30793262
    1.68535089 0.532224536 0.861573935 1.01072693 1.08509648 1.17568123
    -0.372289062 1.77088714 -0.663837254 0.0314065218 0.395019412
    1.27438092 1.40442991 -0.0610351562 1.67087984 -0.183472157
    -0.162008822 1.75022793 -0.138510048 -0.259293377 0.701008022
    1.00594985 0.640812516 0.735892892 1.324242 1.514902 -0.580733597
    1.34902763 0.402907729 -0.106349409 0.315928876 0.869745791
    0.625501871 1.67881203 0.102122605 1.0478673 0.817281604
    -0.785542846 0.0229403377 -0.255592704 1.39579105 0.579463661
    -0.653947294 0.746108651 1.05009842 0.596974313 -0.48970747
    1.87186408 -0.316213161 -0.0423761606 -0.724692583 1.53531754
    1.30386353 0.316674471 0.807628334 -0.592610121 -0.645193636
    1.62080836 -0.170940995 1.42322206 -0.731763601 0.942182302
    1.28684986 1.54422987 -0.250249922 -0.374533474 0.189996779
    1.58657694 1.22922087 1.26496899 -0.954044104 1.29507875
    -0.894373834 1.08409131 0.563861191 -0.157880604 0.50565052
    1.46584058 -0.563652575 0.896827757 0.856549501 0.192527294
    1.65090394 0.286300123 1.12121129 -0.232950926 1.2708354
    -0.062946856 1.38894463 -0.114220917 1.01133013 -0.0749455094
    -0.76634717 1.64457929 1.13636613 0.234969914 -0.586460948
    0.0463466644 0.000182688236 -0.186610281 1.38986015 0.770993412
    -0.621240079 -0.412126094 0.379211843 0.669457376 -0.219144225
    -0.320181966 0.432630658 0.736830711 1.62114787 -0.0541874766
    0.122336924 -0.081946373 1.0956614 -0.183983892 0.319013536
    1.84435439 0.186058342 -0.336470068 0.639708698 1.7321111
    -0.676711917 1.70015633 0.24279511 0.57046771 1.55135238 0.756538987
    -0.50542599 1.58256078 0.517241955 1.72576857 -0.65769887
    0.578261316 1.06066334 1.2107358 0.227241993 1.30181158 1.52257633
    0.0994491577 1.23024213 1.50679207 0.273240447 0.367664814
    0.357084632 0.175298929 -0.865679681 0.0652335286 0.770949006
    1.33628082 1.31384659 1.37718749 0.855137944 0.134063482 0.145066381
    0.314341486 0.982907176 0.673096418 1.55359817 -0.448453009
    0.337906361 0.305417299 -0.632931709 0.445685148 1.45845032
    -0.72697103 0.589645624 -0.51723659 0.619728863 0.607230484
    0.0382085443 -0.0915725827 0.585077107 0.991890371 1.16714644
    0.940344393 0.621729493 0.875926971 -0.152129948 1.24501157
    0.32565701 0.153382719 1.08771014 0.484682679 0.662290215
    0.764324248 1.82789278 -0.200482249 0.18357861 0.709491253
    -0.666696548 0.634146929 0.354539275 -0.174266517 1.12363815
    0.990072191 1.43699956 0.104306698 0.488421917 0.463853717
    1.36520863 1.32303917 -0.0528866649 0.543653905 1.80175495
    1.49282587 -0.849482775 0.738992512 1.02756929 0.950801671
    0.0165910721 1.54123187 1.72342265 -0.138897717 -0.414035708
    0.464880884 -0.348909944 0.50601393 -0.677535951 -0.210081398
    -0.150810599 0.443745077 0.575237989 -0.817813098 -0.670874596
    0.396273851 0.301148534 1.78242493 0.185459614 -0.688564122
    1.63728237 1.19654989 1.66039872 -0.881285667 1.44768381 0.494037449
    -0.128435254 -0.633261442 1.6501677 0.464521408 1.76904953
    -0.269230664 -0.174259692 -0.156244278 0.089482367 -0.353668123
    -0.0329036117 1.5450995 0.960377574 1.26621389 1.64071715
    -0.103407919 0.0713469982 0.151376247 0.527671158 0.29151243
    0.0134301782 1.08529246 1.17735875 1.05849147 -0.228860736
    1.58796096 1.5965414 0.128212154 1.05680561 -0.174408555
    -0.160300136 0.471115351 0.112891257 1.75041509 -0.187533259
    0.971827388 0.34975034 -0.519176364 0.644679964 0.11344254
    0.614645541 1.21401858 1.46347213 -0.414403796 0.415282607
    0.18508935 -0.55138886 1.59484541 0.528010786 -0.38129881 1.14032078
    0.171692789 -0.761495411 0.356793702 0.0462098122 0.0573799014
    -0.80413568 1.33303845 0.220560133 -0.366836876 0.099098444
    -0.518758714 0.981220901 0.0685244203 0.969781101 0.881360173
    0.370536923 1.13653398 0.51067698 -0.121282518 -0.124350309
    1.52907455 0.860899806 1.66852844 -0.572277665 1.37042964 1.15588748
    0.442635655 -0.719222009 -0.0171848536 1.54233766 0.00149929523
    0.391127169 -0.437997282 0.0292721987 -0.142414629 -0.487203091
    1.06542623 -0.175268292 0.331947327 1.62696707 1.7802372 0.423577905
    1.44334197 -0.58055073 0.68793267 -0.403600037 -0.258527994
    0.47036922 -0.346361399 0.230402291 1.01805282 -0.0165406466
    1.5207963 -0.26041162 -0.479735047 0.753045022 0.994095385
    -0.16859442 1.09676313 -0.181329131 0.324316323 0.100734055
    1.50921488 0.182600737 -0.366693616 1.76708794 -0.666550636
    1.40638423 1.25837386 0.391562998 -0.398783028 1.09885311 1.85053432
    0.175912976 1.32365429 1.41189897 -0.869005442 1.43269932
    0.216857493 0.66994679 -0.724256992 -0.542331457 0.582715452
    0.334511697 -0.343105644 1.06865621 -0.379499525 0.20971024
    0.250684321 1.52171779 0.373943985 -0.904158235 0.0144838691
    -0.845724046 -0.366229296 1.37765217 0.898636699 -0.0381389856
    1.50199533 -0.0813832879 1.48739862 0.441402078 -0.66019696
    1.44823134 0.66305846 1.29451406 -0.556026578 -0.120967507
    1.55166054 -0.567781031 0.709919214 0.980681658 1.47679889
    0.296512961 1.7382232 0.959087372 1.34124231 0.938315749
    -0.719819188 1.28398085 1.15077519 -0.0534484386 -0.130769849
    -0.831245542 0.536459088 -0.736244977 0.0641647577 0.194787681
    0.024077177 1.08475137 0.686470926 0.59604758 1.63624859 1.46302664
    0.144526899 1.55772972 0.0136692524 -0.0994644165 0.666799247
    1.30175817 1.06631279 -0.289176047 0.946415842 0.616428375
    0.126187384 1.47054052 1.54761302 1.19452226 1.72551656 -0.234931886
    0.603796482 1.23875451 0.767155707 0.627543509 1.30348468 0.17620635
    0.323275447 1.264732 1.54726875 -0.703016937 1.1418612 1.71310294
    -0.570664287 0.371472657 0.971543252 0.102918267 -0.113346219
    -0.267606497 0.112972379 1.65605068 0.766438723 -0.501971841
    0.11834842 -0.681014776 -0.308067381 1.52139413 1.14134526
    -0.771313965 -0.164986193 -0.741487086 -0.81355083 -0.121462882
    1.49121368 -0.390185326 -0.251445293 -0.101120681 -0.364375025
    0.989533305 1.15197277 0.818291366 0.0386872888 0.995147288
    -0.315590203 1.47696579 0.375851572 -0.562810123 -0.707398832
    0.500293493 0.868036389 0.176547348 0.917430341 1.06643724
    0.20830071 1.90189457 -0.299928248 -0.241607875 1.93408406
    -0.331159592 1.52724063 0.107175171 0.880975008 -0.482556105
    1.29862177 0.538793683 -0.327191263 0.960298657 1.12286878
    0.0702835917 -0.0435693264 0.846645474 1.1712203 1.39057446
    0.864385188 -0.634581268 -0.579712033 1.1018126 1.25117815
    0.0609263182 0.622828841 -0.176865339 0.490656316 0.780750394
    1.02262855 0.386305273 0.180009484 0.123127639 1.68747962 1.22126329
    -0.797067761 0.411331117 1.47500682 1.72082901 1.32412982
    0.388010204 0.313628197 1.1797781 0.222340345 -0.0334693193
    0.171351135 1.5042634 0.927372873 -0.0336899161 -0.56692785
    0.912321329 -0.292573392 0.850687146 0.0697726607 0.158835948
    1.37771869 -0.62729615 1.48214197 1.43898988 1.59659147 0.659368277
    0.826676726 0.834575474 0.24721235 0.0255251527 1.49098182
    0.453258097 -0.196675181 0.892727256 0.707638144 1.6340102
    -0.620795846 1.71420979 1.33361542 -0.933983862 -0.497379065
    1.25996876 -0.645554662 -0.0679717064 0.684405565 0.616404772
    0.0124112964 0.572099686 0.173788428 -0.319626331 1.11950159
    -0.0559576154 0.128663242 0.667456746 0.301806331 0.820733607
    0.984890401 -0.514034927 0.927557945 0.272044599 -0.382625788
    0.0235882401 -0.202968001 -0.0600210428 1.7726438 1.5888164
    0.0761694908 0.237539649 -0.00774008036 -0.0915715098 0.224612236
    1.46190929 0.0394539237 0.100244462 -0.69040674 -0.263398528
    0.544311047 0.788948178 0.604762912 -0.78971982 0.487834215
    0.897453427 -0.259127498 1.82354021 0.883305609 1.15255189
    -0.0804792047 0.806905091 0.205430329 -0.647394776 0.710498929
    1.61130273 0.815546155 1.63349664 0.296277881 0.803376794
    0.0509670973 1.17506027 1.06464279 -0.189760506 0.165732861
    -0.315057039 0.473791301 0.645734251 0.295484126 0.328084886
    -0.224829853 0.642145336 1.32682467 1.16993797 1.6948334 0.774074912
    -0.404773027 0.914112926 0.129723012 0.920201004 -0.265417695
    0.0989610553 -0.193279028 0.0630174875 -0.577063322 0.434655905
    0.585839629 0.516338348 -0.723727167 1.35333586 1.74479032
    -0.742148995 1.28537893 1.50621712 -1.0326848 0.393294573 1.12482345
    -0.892088473 0.63977766 1.63465083 1.34383464 -0.813383579
    0.416248381 -0.31900996 1.68439722 1.47557259 -0.0313683748
    0.839732051 0.338373482 1.35602522 1.01336622 -0.707565784
    1.77877569 -0.727331877 1.1340363 -0.713021755 0.876258135
    -0.220787644 -0.686114013 1.04503465 0.582109571 -0.152738392
    1.62779748 -0.0912575722 0.460754514 0.148550332 -0.688444138
    1.35742188 -0.48440218 0.909099102 1.73607564 0.354338944
    -0.254043162 0.0605794787 0.4181602 0.488398314 0.0353100896
    0.201386213 -0.231066883 -0.323212743 1.46421814 -0.032482326
    1.59685087 1.27004766 0.977201462 0.470238864 -0.163630545
    0.757667363 0.769315898 0.755188882 -0.616932869 1.46491408
    -0.837243199 1.79393411 1.83764219 0.296076119 0.868035555
    1.50997877 0.93878442 -0.0468580127 1.24755025 0.624282122
    0.081522882 1.2232759 1.18501282 -0.49050945 0.059869647
    -0.526878357 1.23736167 1.68730545 1.51548183 -0.724197686
    1.45157862 1.25541115 0.583832026 0.446698904 1.60947585 1.4283042
    -0.589908838 1.80158806 1.10582209 0.4077124 0.227038503 1.02733052
    -0.672188878 -0.716942549 0.825148642 0.161584973 -0.202363372
    1.48318362 0.503941298 1.84751368 -0.558625698 1.13631976
    0.188184917 -0.179884315 -0.150388569 2.11413932 1.89006329
    1.42083633 -0.852994442 1.38996911 1.38688385 0.925315499 1.65917945
    -0.630946457 -0.443469286 0.214911282 1.27240098 1.34195232
    0.0104543567 -0.801745176 1.85652578 1.45224857 -0.528790951
    -0.725452363 0.624248087 1.0385139 -0.66083765 1.27731049
    -0.472749352 0.878669024 -0.058373332 0.321489334 -0.273367286
    0.880039454 0.266922116 0.394959986 1.00373363 -0.00763493776
    1.14883351 0.347710431 0.212685704 -0.878571987 1.22880864
    -0.619330883 0.331873417 0.123348355 1.86433196 -0.274319053
    1.34435284 1.12379956 -0.498051703 -0.836482882 1.42074215
    -0.444529444 0.0551089644 0.0941123962 -0.129462898 1.5281322
    0.215307713 0.357497096 0.920897424 -0.46380651 0.601000011
    0.234352648 1.46795619 -0.31355083 -0.482758909 1.20443153
    1.32378268 -0.181818783 1.18728042 1.35953522 1.41421616 1.17095566
    0.508106112 0.77563417 0.331841648 0.682362139 -0.37694177
    0.941941261 0.45901221 1.33527923 -0.0576443672 1.12773442
    1.16144967 1.17174888 0.185564458 0.0281200409 0.886801779
    1.39693809 1.62155676 1.32549083 -0.521614075 0.449113846 1.05331826
    1.48056769 0.281615138 1.52815735 1.2290293 -0.441574097 1.07339644
    1.2640295 0.067628324 1.04587245 1.15292346 1.23762476 1.53399897
    1.47549748 1.41267407 -0.31313622 0.0760013461 -0.241434634
    -0.342298031 -0.387102574 0.0751249194 1.62484455 -0.267710507
    -0.81064707 -0.0574284196 0.0203826427 0.639737844 1.59998238
    0.620906353 -0.0581194162 0.370766163 0.45490092 1.90622282
    0.631977081 0.0750265718 -0.144129157 -0.661651075 0.599034965
    1.43732548 -0.216184735 1.23554897 0.193234146 -0.480754852
    0.762201309 -0.350083143 1.8582437 0.887584388 -0.25403589
    1.60027468 1.17721832 0.311266482 0.219034731 1.24891496 0.654619694
    -0.182665944 1.37930894 1.17668223 1.45442212 0.791791201
    -0.690671682 0.517764688 1.28353512 -0.0248110294 0.57512033
    0.463761687 1.26400864 0.972615838 1.13448 -0.227425218 1.18631685
    0.352690041 0.672789931 -0.373104572 0.874991477 0.693078399
    1.29626989 -0.134633362 -0.260791242 0.181169748 0.611124158
    1.49583435 1.20928979 0.364602923 1.08115292 0.219870508
    -0.329501659 0.618966937 0.119515479 0.850979149 0.0827717781
    0.473411381 0.0022559166 0.207527757 0.661136985 -0.733357012
    0.790360212 -0.676868975 0.956327736 -0.110816836 1.35455167
    0.0635909438 0.928872108 -0.793225586 -0.704507351 -0.144837439
    -0.184678376 1.58346748 -0.414272428 -0.242397428 0.81025821
    -0.0235838294 1.2969985 -0.744383872 0.725732148 -0.332570344
    -0.424137205 1.72352457 -0.355253398 -0.29404974 0.979796469
    0.29392302 0.890548527 -0.476071417 1.4658494 -0.50808686
    0.343150914 1.71834898 -0.330459118 -0.12434119 -0.806447506
    -0.492002219 0.674184322 -0.584091544 -0.535531819 1.47862864
    1.11236572 0.36626035 -0.3543244 1.05523205 -0.682885885
    0.0195410252 1.70518625 0.94300878 0.826424718 0.736532688
    1.56642067 0.218694091 -0.491207778 1.97114158 0.490130007
    -0.625207365 -0.140385389 -0.555807769 0.497983813 0.424993813
    1.63366818 0.867610514 -0.174160004 0.0987559557 0.570799708
    -0.491249382 0.139925897 0.208637595 -0.218055189 1.24260056
    2.00921059 -0.365921259 0.850692034 0.528268456 0.561324477
    0.250777423 0.784174204 0.976324201 -0.548837125 1.82891655
    -0.60518229 1.57226777 1.7587285 0.361562967 1.09399629 -0.655398369
    1.22337246 -0.375290275 -0.295826703 0.520464897 1.07223034
    -0.404468805 1.36076689 0.765150607 1.76430142 1.20729494 1.41511548
    -0.00452619791 0.485262811 0.1261639 1.89707088 -0.716699719
    -0.779732525 0.373164952 -0.0516241789 -0.214358985 1.19806814
    1.22166383 0.839316666 1.7320683 0.50529027 -0.150612116 1.47613132
    0.0643604398 -0.526255608 0.638988674 1.08705044 1.60391831
    1.46149802 1.02598751 -0.241370499 0.43351692 -0.349408418
    0.409140468 -0.515797019 -0.209441125 0.581374586 1.28019905
    -0.610325396 1.32254779 0.804649293 0.92370373 0.963874698
    -0.100085676 1.87582231 -0.306812704 -0.0473788381 1.78023911
    -0.772217512 0.305260897 -0.174207032 0.303892732 1.1983428
    1.22132647 1.07309711 0.269445539 0.274363518 0.765041351
    -0.466109902 0.639035165 -0.182514012 -0.333139002 1.54118085
    -0.596580267 -0.697258472 -0.531420708 1.54601943 1.66983795
    1.52442813 -0.257146895 0.936358571 1.55030489 0.261805534
    1.72507322 -0.0753119588 1.16478658 1.28264785 0.715781093
    -0.394190371 0.29439187 1.08474469 0.523089349 0.739726067
    1.33272219 0.790023923 1.12689424 1.63071752 -0.610310316
    -0.443549752 0.679696858 1.2488215 1.66904831 0.538280964
    0.0166829228 1.41756165 1.01465607 1.06085002 0.695518255
    0.0279246569 1.2951535 0.82902801 0.724149227 0.658621848
    -0.354691446 -0.493122488 0.0974850655 -0.555738509 1.25069654
    1.48890328 1.14109159 0.977568746 0.766126275 1.61250854
    -0.705231786 -0.638461411 0.913812101 -0.574986339 0.111748576
    -0.0515493155 -0.788365483 1.45214748 0.530459762 0.350365996
    1.58428347 0.175679743 1.86894166 -0.445145428 0.976078212
    0.974381387 0.252485037 -0.775896549 1.0807538 1.24227536
    -0.794917226 1.12814248 1.07275867 -0.639188409 0.819965482
    -0.628601432 1.26582837 0.658009827 0.117053092 1.6027211
    0.232092977 0.109418929 1.3043462 0.860603929 1.46710134 0.792074203
    -0.14633137 1.53771734 1.53675032 -0.391222 0.567845285 1.30182409
    0.64790231 -0.187128425 0.401584208 1.34803104 0.602515042
    -0.195392311 1.03465271 -0.502566755 0.676195681 0.00369912386
    1.7747345 0.0630367398 1.14572859 0.457566857 0.755586565 1.2450279
    -0.978487074 0.100475073 1.79467249 0.150081933 1.67968225
    -0.0959569216 -0.105244219 0.834630847 0.57986629 0.0145807266
    1.66895962 1.37861061 -0.265103281 1.20428491 0.290494442
    -0.19781667 1.0482595 -0.467604131 0.857088089 1.22351575 1.30440366
    0.761094987 -0.0661939383 -0.293647707 1.07275271 -0.775054276
    1.21158767 0.853353798 0.643887937 1.38470745 -0.0583969355
    0.803189158 1.4665786 -0.283872247 0.890789032 1.00856662
    -0.116020858 -0.517238617 1.64409184 1.56456876 -0.952237248
    -0.355092406 0.911818147 0.882585645 1.1898917 -0.638293684
    -0.093280077 -0.021068275 -0.0644389391 -0.121210873 1.16694641
    0.5014382 0.604905188 0.951745152 0.333273411 -0.709358871
    0.702836156 0.178511083 0.904050767 -0.529270351 1.41022968
    0.0682813525 1.90579879 -0.554214776 -0.38920784 -0.5854159
    0.481275976 1.40514135 0.589657009 1.58087754 0.536266923
    -0.535347939 -0.836189568 0.544478714 1.58496189 0.312013209
    0.116366029 0.82508713 0.28990978 1.15193367 0.197084546
    -0.120603085 0.816917241 1.85682106 0.779542148 1.47097015
    -0.351495087 0.487480879 0.127903163 -0.734060705 -0.579627872
    -0.629283011 1.62912822 0.159148216 -0.273038924 0.824761987
    0.10462606 0.411927223 1.52050459 0.214259565 -0.110975623
    -0.674965084 1.68154812 0.778824568 1.06082118 -0.268042326
    1.58911395 -0.354961276 0.0972560048 1.08682597 0.375104964
    1.09036875 0.201905012 1.65212095 0.453960061 1.72271228 1.32730055
    1.21180844 0.0408453345 -0.38109085 0.431805253 -0.449154198
    1.1283145 0.636992514 -0.162206411 1.23535371 1.41690218
    -0.563524604 1.28314853 -0.346406579 0.821302176 -0.161467195
    0.841566861 0.466212451 -0.897788346 -0.257448614 0.439873278
    0.051130116 1.28946996 0.105312765 0.270651937 1.02661896
    0.476538301 -0.764583349 1.19817638 0.988664806 0.8747859
    0.160931528 -0.705131054 -0.333167195 1.6083076 0.137912869
    0.0800408125 0.186325669 -0.898498595 1.70646119 0.0259054303
    -0.0964537859 0.817630172 -0.760889411 1.18016601 -0.0322518945
    0.627761304 1.32919693 0.0036227107 1.59459114 -0.111629725
    -0.918864727 1.2677176 0.136515856 1.41803265 1.27195811
    -0.338256896 0.30058223 0.264817834 1.65331101 0.155830741
    -0.645795584 1.81490445 1.08381867 0.690054476 0.422005355
    -0.802942097 1.82305992 -0.570342422 0.079339385 1.30279171
    1.28207123 1.64053476 -0.629521012 0.772433162 1.37514615
    0.642056525 -0.543464363 1.46006048 1.06012511 -0.906725168
    1.44383192 0.319343269 1.18665171 0.16872263 0.482687652
    0.0545000434 1.55035496 0.293532014 0.308446646 1.09519792
    0.115259886 -0.681118011 1.16653299 -0.0580688715 -0.126202285
    -0.523598194 -0.160373986 -0.695700228 0.48056215 1.56583691
    0.241102695 1.57857442 1.71820951 1.54789031 -0.240592957 1.3140161
    0.191844463 0.063264966 -0.635168731 0.217015922 0.890961289
    -0.497442424 -0.751632512 0.507732868 1.20622861 0.598371625
    1.13429344 -0.282575071 1.3412149 -0.367465615 0.423992634
    0.488382518 0.455177665 0.597683728 0.310302675 0.41134423
    -0.527679324 1.7968725 -0.31908232 -0.806705594 1.44934249
    0.201561213 1.14389038 1.22157359 1.7663362 0.543168545 0.592937112
    0.276371598 0.9436903 0.865487337 0.621659279 0.774864793 1.66583622
    1.41010046 1.83443832 0.182337642 -0.537705004 0.341026783
    0.887593627 1.68484795 0.266768217 -0.671078444 0.198903441
    1.1889658 1.40209031 -0.483711004 1.3536042 1.60200262 0.0508543253
    1.17552352 1.10672665 0.893890023 0.106484711 -0.595086455
    1.79498982 -0.131115735 -0.781416118 1.02683091 1.53429472
    1.61297226 1.65800345 1.31185126 0.195008814 -0.0302162766
    0.878927112 -0.74834156 1.81258297 -0.997519135 1.46198666
    0.416507602 1.31022859 -0.397392511 1.21453309 1.4369303
    -0.156726718 0.495926321 1.99299419 -0.690364182 1.18086958
    -0.431550443 1.37312734 0.600434065 0.34126991 -0.0360584855
    -0.207093239 -0.40638873 -0.496560425 1.31962061 -0.112639546
    1.16261172 -0.522896945 0.557846725 -0.455526292 0.385410428
    0.190180957 0.788786352 -0.446256578 -0.524092197 1.40910757
    1.50797641 0.694053054 0.292660475 1.35861826 -0.50359273
    -0.712022841 -0.2748487 -0.261930078 0.386718214 -0.681699812
    0.517919242 0.456280291 0.0129723549 -0.570039093 -0.453618169
    -0.428235322 0.981335759 -0.760488033 0.345402658 -0.19826895
    1.65618658 -0.104617178 -0.667984843 0.352534175 -0.271577954
    1.35961163 1.33018315 1.2302804 1.55449903 0.349920392 1.71231985
    -0.745689929 0.020082891 1.76096582 0.0490213037 0.967130244
    0.535701632 1.07933736 1.45991814 1.15314817 -0.402283907
    0.386018872 -0.651218653 0.563036323 0.760563731 0.753211915
    0.0836769342 -0.787317693 1.95446002 0.609398961 1.83797526
    1.68712425 -0.142748713 0.410912752 -0.398410797 1.06983805
    -0.00177758932 -0.203060448 1.57570076 -0.599374413 -0.183527827
    1.80479205 0.153572321 0.678343654 1.23493648 1.55426335 1.37469912
    -0.853117168 1.08057427 1.72216558 1.81883705 0.671512902
    -0.496537834 1.84367752 -0.425659388 0.853170455 0.486973226
    1.38366032 1.44169831 0.720728993 1.06033027 1.05244589 -0.647242785
    0.393149614 -0.461301118 1.41903615 -0.948096395 1.26150227
    -0.591021299 0.518120468 -0.58932066 0.561477542 1.38603973
    -0.5666852 1.72934556 0.163373113 0.0666345954 0.482741416
    0.206651092 -0.570125222 1.39314699 -0.244079173 1.03111506
    0.197577596 -0.144098341 -0.365602344 1.18386745 0.657905281
    -0.562069178 1.66234136 -0.345949471 1.77582192 -0.395370096
    -0.0461448431 0.612941086 -0.473406821 1.49073911 0.689035058
    0.736270964 1.56461561 1.43707347 1.69106901 1.38334131 0.80770421
    0.184015632 1.46413136 0.617588758 0.249361873 1.52520776
    -0.65629524 1.67712712 1.77676749 0.420629144 -0.10764724
    0.170456409 0.0523005128 -0.172805071 -0.365275115 0.452572882
    0.0962815881 -0.470995516 1.46813858 1.15911162 1.24957073
    -0.23466903 0.86874789 0.615040183 1.01516783 -0.907405555
    1.29876304 -0.0952063203 0.0414581299 -0.549307466 -0.214124084
    -0.40183264 0.951740801 1.36796391 1.60261345 1.46429491 0.689115822
    0.0332843065 1.65141213 1.54585528 1.06855965 -0.367260575
    -0.408629715 0.297575891 0.0601732731 0.585311532 -0.693102956
    -0.0261624455 1.5441438 -0.141351461 0.096085012 1.5434761
    1.68074083 1.07567596 0.997296631 0.49435848 -0.628797591 1.36645293
    -0.452475756 0.0772491693 0.0702170134 0.23398298 1.57573867
    0.550007105 0.538598895 1.63538253 0.900223851 0.24604857
    -0.66307056 -0.0244181752 -0.139264762 0.543516457 1.41515315
    1.69766676 0.379155397 -0.164670587 0.526728272 1.05099154
    -0.392295837 -0.336267442 0.175877273 1.4422524 0.681771398
    0.0888158083 -0.167102754 0.199793637 0.136020958 0.161248028
    1.10564184 0.53821665 -0.693319619 1.44132257 0.534623504
    0.0825432539 0.623946667 -0.658922672 -0.0537984967 -0.20042336
    0.0346186161 1.42013049 1.67019856 -0.127487302 1.4911325
    0.807416618 0.815644741 -0.737315655 1.45626521 -0.155263484
    -0.586077094 0.420436144 0.252524436 -0.57653296 -0.35957852
    1.12860799 0.472967029 -0.363884211 1.5927546 0.916582048
    0.827759802 0.731460392 1.02926195 1.35812843 -0.125243068
    -0.289656699 0.187564075 1.20217073 1.20705247 -0.747673631
    0.667456388 0.779541731 2.05840063 1.81691098 -0.128715634 1.7660346
    -0.310662091 0.0430357456 0.384059012 1.72601581 1.21993399
    1.74754965 -0.272860855 0.00964576006 0.0994536281 0.42219305
    0.478090107 0.139905035 -0.556460619 -0.459743321 -0.0935716629
    0.909363985 0.467404783 1.69758773 0.0554605722 0.321501791
    1.48125196 0.17656064 -0.407437176 0.870913327 0.307209849
    -0.540568829 -0.644355834 1.37415659 0.86652863 0.722796738
    0.929445267 -0.851346672 0.306631386 1.04934049 0.2370134
    0.304906607 0.726164818 -0.728277326 -0.612087369 0.170815945
    1.17094076 1.27403617 -0.281633735 0.980477214 0.268000305
    0.573964536 0.793602169 -0.197416127 0.640783846 0.026157558
    1.27356005 -0.024418056 0.5221259 0.0370556116 -0.545055151
    1.8630929 -0.358546317 1.10958719 0.252247691 -0.780871272
    -0.389420927 1.547966 1.2015413 0.467428327 1.20750046 0.441032529
    1.63142467 -0.016992569 -0.816498041 0.155926704 0.507126808
    0.31866765 1.74986291 1.02028394 -0.000844299793 -0.779543877
    0.436334372 1.64675498 1.71546149 0.0908309221 1.53507936 1.62952709
    0.698804975 -0.610645831 1.35490501 1.39166725 0.204519153
    -0.0205417871 0.649369478 0.233567715 -0.445733041 -0.530509591
    0.520183265 -0.435451627 0.941489041 -0.311848283 1.54844594
    1.21457565 -0.0282595754 -0.883693218 -0.411345392 1.82421827
    -0.446011126 -0.679176092 1.2212224 1.50425434 -0.114305794
    -0.430907965 -0.251755416 1.90004516 0.38396138 0.144044816
    0.22002697 1.57893455 1.71372676 -0.143474936 -0.386698276
    -0.241920292 -0.364242494 -0.47441557 -0.51748693 -0.300000608
    0.80661118 0.607186079 0.157052398 -0.358222008 1.51975036
    1.79044485 -0.698666334 1.39616776 0.358877301 0.533903599
    -0.601924181 1.25293934 0.960318148 0.0628172159 -0.228901446
    0.388445675 0.0900169611 1.54113865 -0.459214509 -0.42449528
    1.00471199 -0.474880248 0.317457259 0.0674254298 -0.593009949
    0.0068474412 0.28347075 0.621163845 -0.499571979 0.473831594
    1.41452229 0.814993024 0.707474053 0.152383626 -0.664301395
    0.242495418 0.940493405 0.0130974054 1.17219424 1.16720438
    0.497362137 1.135746 0.669203162 0.937548995 -0.021438241
    -0.460053235 1.42177176 0.975341082 1.04857969 -0.0781770349
    0.181280196 0.871050715 0.28405571 0.537782907 1.86999416
    -0.802598059 -0.201077223 -0.517995715 -0.65980953 0.298062027
    0.638293982 -0.000951230526 1.21256697 1.42718136 -0.297498405
    -0.177225828 0.564588428 1.50235033 0.41338253 0.143943191
    0.601050079 0.0704542398 -0.174262226 0.0389328599 0.134220839
    -0.234256923 1.13902628 0.250867426 -0.308795214 0.375454664
    0.115302444 1.1927855 0.112743199 1.01306498 1.63395822 -0.046254456
    1.04717898 -0.393254697 -0.415115714 0.000372886658 1.61871409
    0.547597766 -0.0273362398 0.671661258 1.5299561 -0.827203691
    0.323773146 0.181910932 1.36719012 1.67370439 -0.307938039 1.5342629
    1.5338577 0.935315907 -0.271262944 0.852408767 0.273764193
    1.38358188 1.43076575 -0.21536994 1.6338172 -0.211002588 1.87954867
    1.42140865 -0.0934930444 -0.219086945 0.926358581 0.706923127
    1.63577557 0.728407264 0.99426806 0.00299704075 0.693142712
    -0.694705784 -0.341237605 1.60838783 -0.171107411 0.938536048
    1.48699832 0.651047468 -0.306708843 1.24959755 0.775313139
    0.0167776346 1.44225502 -0.00993806124 0.434351444 1.74263752
    -0.797610104 1.22879851 0.631411374 -0.150159419 0.724018693
    -0.217327774 1.72474384 -0.741103888 1.93488526 0.742204249
    1.29849005 0.194033444 1.69828558 0.928892732 0.602496445
    -0.747985125 0.372216761 0.216151059 1.62366486 1.02304125
    1.25742126 1.49279809 -0.580556154 1.33343244 0.181133628 1.00638962
    0.121348977 1.34530878 0.326371312 -0.352128863 -0.125597239
    1.39310145 0.259888649 1.3875072 -0.544488311 1.3179599 0.840434194
    0.678403556 -0.645257652 -0.530562162 -0.642788827 0.494185448
    0.169326127 -0.0734412074 0.368100226 -0.17410028 1.2481606
    -0.208118498 0.956423044 0.491372228 0.803469062 1.2708745
    0.0676874518 0.759481907 1.40183997 0.21670723 0.724860489
    0.0366095304 1.3706187 -0.362122059 1.49320233 0.779687405
    -0.279849172 -0.616299689 0.27154398 1.57145357 -0.161298931
    0.450402081 0.466698468 0.448918343 -0.440052986 -0.149832845
    1.3923068 1.5275594 -0.408808768 -0.556554794 1.36678684
    -0.832502306 1.6662991 1.51013994 1.45391214 1.17593563 0.379570365
    1.76270807 0.54556042 -0.534867764 0.734942734 0.909651458
    0.950248718 0.105843365 -0.496326298 -0.242940903 -0.473323941
    0.304833174 1.07636929 1.3119812 0.0307161808 1.83581924 1.46601486
    -0.680667639 1.28572059 1.37987971 0.769688845 -0.0960564613
    -0.553093433 -0.0408883095 0.484968662 0.561759531 -0.154713929
    0.099922359 0.556251049 0.0791738033 0.411151469 0.662017703
    -0.405277461 0.160996199 -0.150939941 1.09098077 0.155630112
    1.27441335 1.10994053 -0.301236033 0.973967195 0.219969392
    0.315652966 -0.513022423 -0.385034263 -0.299713731 1.55462217
    1.82827306 -0.606970787 0.299444973 1.69578719 0.844169855
    0.704287469 -0.575987697 0.346555293 0.87881285 -0.507636189
    1.4849174 1.36521411 -0.250213087 1.54380703 1.35700965 0.30097723
    0.31390661 0.0339567065 0.542667091 1.59766006 0.28190273
    -0.503301024 1.2498076 1.30341148 -0.103291273 -0.253709197
    0.124302208 -0.806794822 0.981289804 -0.183516562 -0.325405061
    1.26779675 -0.104022026 1.85586643 1.54178154 1.32296228
    -0.731220841 1.21904898 1.14609325 0.537527502 0.321157634
    0.231577575 -0.608963609 -0.643599629 1.64012814 1.616485
    0.448665679 1.32277703 1.51060653 1.16461921 0.394140244
    -0.750651598 0.49314481 -0.490169704 0.577968538 0.670713007
    -0.460747302 0.756228566 0.191456914 0.964270353 1.05975533
    0.798166692 0.587227345 1.21100521 0.686116815 -0.140499115
    0.332370639 0.177205026 -0.244579434 0.631211042 -0.750130236
    1.83867598 -0.0257707238 1.723562 1.31229174 0.231332541 1.47565556
    -0.205790281 -0.356780887 -0.00982350111 0.138707995 1.07533097
    0.711123466 1.07793117 -0.0921488404 1.23356771 0.0901696086
    -0.53547734 0.654993117 1.15253496 -0.896319151 1.18846369
    -0.738424242 -0.149033189 -0.618524075 1.51992404 0.200536609
    1.25831628 -0.74649334 -0.653146267 1.31824493 -0.574061215
    0.424920559 0.128909469 0.812107265 1.33807397 0.352395654
    0.620278955 -0.0582559109 1.33365786 0.830607355 0.5548774
    1.86880255 -0.289694697 -0.479839861 1.59225404 1.35875213
    1.16655505 0.729646146 2.02115345 1.04628468 -0.255494833
    0.461167336 0.930882931 0.506717205 -0.45695433 0.311148465
    0.579232991 0.0489175916 -0.211436689 0.943741441 1.44539082
    0.834639192 1.25572181 0.51524967 0.162788987 0.428069293 0.70353651
    1.07835948 -0.3299371 1.7743299 0.10932976 -0.182503283 -0.22870779
    -0.208515465 -0.135996044 0.403902352 0.396822631 -0.530414462
    1.1355412 1.60180449 -0.553274333 1.0192045 0.850220084 0.0185546875
    -0.154826045 1.97075462 0.467960358 1.35545528 1.68230796
    0.220610738 0.692766488 0.330351651 1.53744793 -0.293657124
    0.525483966 0.633459508 1.67554784 -0.223364234 1.80273795
    0.0631343722 1.44887328 -0.160132527 -0.300945014 -0.0611690283
    -0.642914236 1.30208826 1.00105023 -0.76959157 0.486187994
    0.0323699117 -0.390261173 0.565643549 0.532987475 1.03770888
    1.64765775 0.568339825 -0.384825826 -0.380729437 0.975638092
    0.552686989 0.196654677 -0.558928609 -0.848067284 0.80763185
    0.411143422 1.42079377 1.36769521 1.36897099 0.357965946 0.385481358
    -0.595443189 -0.24063009 -0.512066543 -0.106347501 0.789696217
    -0.0352213383 1.67642832 -0.415317595 1.75597465 1.58771348
    0.245389104 -0.593258739 -0.22457096 0.728932798 0.273724616
    -0.591593623 -0.557461143 1.08557129 1.46071196 -0.817227542
    1.34114325 1.28144002 -0.797535419 1.18218219 -0.732028484
    0.838791013 -0.536307573 -0.511106849 0.297081709 1.56774163
    0.233302176 -0.285789609 -0.680370152 -0.717905045 1.04473996
    -0.0229340196 -0.766292393 -0.0914675593 1.59921193 -0.0426087379
    0.215811074 1.08529353 -0.204828322 1.22135651 1.27188194
    0.819716692 -0.678093791 1.01254261 0.748487413 -0.436534077
    0.486051083 0.645752549 -0.289343297 1.62030816 -0.243494987
    -0.679829359 0.645540237 0.801607072 -0.71304661 -0.660966992
    0.729205072 0.562916994 1.06981993 1.66507494 0.545633435
    -0.519957542 1.72462821 -0.823501289 1.3738308 0.474120736
    -0.194603622 0.208409786 0.850970685 0.745257258 0.637692273
    -0.787703633 -0.842227459 1.85841203 -0.671660364 0.0915773511
    0.46649456 -0.395989805 0.909603298 1.35463572 1.57841122
    0.404827297 0.0601856709 -0.617758036 -0.675538361 1.55358911
    0.14072156 1.31622934 1.00740314 1.08184099 0.339324296 0.219159544
    0.628408492 0.237879932 0.252404153 1.46234894 0.20228523
    -0.428837538 1.1055671 0.500406981 1.15256631 0.506866693
    0.309176862 0.608895123 0.0492318273 0.267603219 -0.380014718
    -0.516031265 -0.257946461 -0.110472888 -0.266542941 0.919250786
    -0.718454957 0.982607067 1.84560156 0.230493248 -0.415792048
    -0.688844204 1.763556 1.80870485 0.718522847 -0.704899371
    -0.522975087 0.230474532 0.319485605 1.2786727 -0.840815783
    1.44294536 0.0972376466 1.77336049 1.32679725 1.24172223 0.80793488
    0.896678567 -0.332856178 1.43663144 0.762286186 1.7874285
    -0.613735795 1.49140286 -0.143887937 1.06843722 0.285076022
    -0.0247605443 -0.195958436 0.62772274 1.3488245 0.953041434
    1.0829258 0.0910671353 1.27692389 0.560064495 -0.0435746908
    0.496839404 -0.344449401 -0.251800418 1.42233229 0.233111501
    1.00805771 0.828607559 0.650081515 -0.580435991 1.12802196
    1.38659239 -0.754700899 0.742317796 1.23963416 1.60054255
    -0.184247792 -0.57646513 0.480798304 1.44478106 0.684268355
    0.53938055 1.17743456 0.759396315 1.56238317 -0.624074519 0.94023335
    1.02786398 1.29747105 -0.405774921 1.44287324 -0.0297424793
    1.40520787 0.419142365 -0.732159972 0.131869972 1.16166365
    0.898954153 -0.391533434 0.521512568 1.87903976 0.655003011
    0.802717149 1.18362951 -0.229838669 1.75841391 -0.690807939
    1.55053592 0.52844286 0.393300772 1.17200363 1.42817712 0.956719458
    -0.509289861 -0.719477773 -0.267710537 -0.315713853 -0.722430587
    1.11698985 1.57003188 0.517083168 0.555527806 1.67976892 -0.47061491
    0.140241504 0.819901943 -0.00103181601 1.36754227 -0.4409329
    1.64247048 0.991483271 0.434313595 -0.497461915 -0.0940136313
    1.64460301 0.0285711884 0.358410239 0.667245388 0.608363926
    1.73048162 0.647986412 0.0440124273 1.64261281 1.45315492
    -0.907403767 -0.490698159 0.48705101 1.68642902 0.849216759
    -0.720832765 0.662755549 1.83244383 0.901506424 0.44885397
    0.427228689 0.674179435 0.973685145 0.914498448 0.315736651
    1.44313836 1.11896539 -0.4744412 0.646623194 0.759064257 0.198379517
    0.199548483 0.842239738 -0.355721891 -0.34468326 -0.62427026
    -0.508705556 -0.0159323812 0.360845268 0.775459766 0.682999253
    1.27275205 1.44816947 -0.348534882 0.0117055178 -0.333744586
    1.06713223 0.857436419 1.61807847 0.920786679 0.76876688
    -0.507921934 0.881669641 1.47007227 -0.299021661 1.33744955
    1.06977606 1.82366276 0.80444777 1.13658631 1.91055679 1.70161796
    0.508673728 1.44668984 1.85720897 0.242221236 0.234040439 1.7248342
    0.26599437 -0.202100635 1.06702399 1.07476568 0.278745055
    0.527945638 -0.243533373 0.317972779 0.687617123 1.10538697
    -0.218710363 1.72890961 0.758933544 1.53893018 0.238376558
    1.69351983 0.968897879 0.645888329 1.17346311 -0.214125037
    1.46803558 1.30194974 -0.208197534 0.476429045 0.960394859
    1.64021361 0.0414936543 0.724818945 0.0934087038 -0.187936664
    0.72771889 -0.105096221 0.919948936 1.76664317 1.14463186 1.6483463
    -0.771346569 0.703149617 1.34952998 0.194574773 -0.673938096
    -0.655838609 1.69620275 0.0268172622 -0.284765482 0.907459557
    0.652782142 0.317997217 -0.371435046 -0.483628124 -0.625219941
    0.0545099974 -0.522866309 0.923230886 0.262098134 0.683876812
    1.41673684 0.762622774 0.886869669 0.0452746153 0.428395748
    -0.12490803 1.85076249 -0.375362366 -0.715184748 1.56938958
    -0.175729573 1.21656895 1.64215791 0.526670516 -0.409876257
    0.0868505239 0.128003955 0.345856011 -0.0583819747 1.79781318
    -0.64103502 -0.204170942 0.890277088 -0.399485528 1.78924537
    0.204606652 0.0315598845 1.83068061 -0.573778212 0.45847249
    -0.0430454612 1.15979505 1.53149056 0.0369807482 -0.258826256
    1.8381691 -0.707841933 0.26130724 0.731415808 0.982144535 1.64645159
    0.970950842 1.17843711 -0.666829228 0.586118579 0.488017976
    -0.767578006 1.55153978 0.036256969 1.25950146 0.450004816
    0.501177728 0.247031152 1.46933687 0.176377177 0.369193017
    0.053254962 0.558638573 0.977954566 -0.5744403 -0.167262554
    1.58561504 -0.548117876 1.05771542 1.1136775 0.0440996885
    0.095112741 1.5160954 -0.867650211 -0.517929077 -0.745052457
    1.44260907 -0.623440564 0.266642094 1.65961325 0.537581265
    2.05120015 0.673958361 -0.639592528 1.2216754 0.532003582
    -0.608745098 -0.149772465 0.545285165 -0.115231097 0.435492158
    0.564673245 -0.0608072877 1.31591845 0.251146555 -0.178500652
    -0.336263597 1.86902761 0.412667215 -0.58879596 -0.167769194
    1.71468186 -0.868190765 0.00985568762 -0.344093978 1.63052475
    1.51507556 1.07851207 0.397104025 0.54721266 -0.153225005
    -0.338056803 1.51740026 -0.997733176 1.60533082 0.333493531
    0.0556647182 1.56772149 -0.213568628 0.897728026 -0.369748831
    1.40199292 0.548979998 -0.322748542 0.41416955 -0.750666082
    1.31224072 1.54640162 -0.257967472 1.26436448 -0.567540228
    0.207037151 0.541927636 1.17455125 1.81712842 0.227244794
    -0.116820335 -0.256237328 1.63894892 0.864450455 0.460507691
    0.603034139 0.639857769 -0.243748367 1.10951877 1.01894176
    0.202576995 0.904823542 -0.572823703 0.791952014 1.58817482
    1.46533859 1.11478651 0.0790033937 1.69866145 -0.51398313 1.24222684
    -0.165630043 1.14125538 1.0097537 -0.197180986 1.30205739 0.15912652
    -0.452055544 1.42231417 1.74981546 1.21027493 -0.791739166
    0.57416904 0.262962222 0.445148587 0.660260201 -0.0256414413
    1.60433698 0.962882459 0.541446388 0.819716156 0.64561677
    0.523356736 0.00922656059 1.32472456 1.47468162 1.20392597
    -0.145763993 1.43368232 1.53173089 -0.333807528 -0.111765802
    1.67858541 0.838126242 0.188423812 1.20907652 1.30536616 0.898774326
    1.15856636 -0.595832527 -0.666233242 0.712611854 0.0736826062
    -0.793429792 0.585574985 1.09444022 0.0486007929 -0.60024792
    1.6482439 1.23758006 0.761215687 1.41941273 1.02258468 -0.737124562
    0.274035513 1.26154113 1.54065967 1.67781711 -0.332559407
    0.613913774 0.73968339 1.09283125 -0.0810884237 -0.107169688
    -0.520948768 -0.366131604 1.51568961 -0.641977131 -0.0650810599
    -0.793275535 1.04827762 0.939446747 1.52384496 -0.475079954
    0.84058845 -0.780976772 -0.692355692 -0.0729237199 0.713064134
    0.714434981 1.02710235 -0.543395162 0.59327364 0.997722626
    0.467538714 0.833263516 1.7163738 1.00506699 0.628892064 1.42035365
    -0.22631669 1.60313606 0.958824754 -0.591244161 0.560439706
    -0.485316396 -0.195077419 1.44621372 0.378839612 -0.41671434
    0.587594628 -0.145504832 -0.0938423872 -0.296109408 1.84646368
    -0.0352564454 -0.551463723 1.3629396 0.601779699 -0.0435447097
    0.156203687 0.550022185 0.124521911 -0.40633598 0.626022041
    1.15978527 0.276699424 1.23042274 1.16580725 0.399345577 1.24246097
    0.234982669 -0.228808522 0.563884318 1.07422674 1.22256899
    -0.801414132 0.660722971 1.70901537 -0.233742952 1.91423965
    -0.47750178 0.455848873 -0.479461014 1.10804892 1.28743637
    -0.7710796 0.115967453 0.206259727 0.752121687 -0.2451033
    0.111466765 -0.211425304 -0.515059054 0.535557806 -0.798420966
    1.17500067 0.547431827 0.463957787 0.912034392 0.620964587
    -0.571938634 0.417698681 -0.258948624 0.548265457 -0.311784387
    1.37149119 0.357820749 0.212581158 0.307246149 -0.713189662
    1.55873477 1.73388147 -0.438773602 -0.0166919231 1.42342281
    -0.588466644 0.467650294 0.563002348 0.34564209 -0.76447165
    0.51147306 0.210480154 1.68015099 1.32717133 0.149935007 0.892760396
    0.7337538 -0.120218575 1.72358203 0.430244684 0.882080436 1.32922244
    0.254875898 1.47776103 -0.616631985 1.30934024 0.416425347
    -0.516023755 1.86797345 -0.135465622 -0.0872166753 0.739179671
    1.40855539 -0.604265332 -0.454963773 0.893149257 1.21706033
    0.778774321 0.793073118 -0.534329772 0.561026394 1.23474407
    0.214440167 -0.470302343 0.80568254 1.48520517 1.07893574 1.10217392
    0.912798703 -0.569330454 1.24713898 0.0618764162 1.25514913
    1.46593988 1.56536126 -0.537127554 -0.0415789485 1.31242788
    1.0851512 -0.647301853 0.803744614 0.941502571 -0.0183936357
    -0.153713524 1.02768362 0.584048927 1.54181957 0.64603883
    0.138431013 1.31088901 0.0709930658 -0.502934694 -0.446735978
    0.575909615 1.15533173 0.573802531 -0.155808806 0.980784655
    0.245403171 0.566480756 -0.576675117 1.57103288 0.922064006
    1.4915576 1.45975161 1.41213298 -0.393666685 -0.571246088
    0.881742299 1.30905962 0.233409643 0.476477802 0.462584674
    0.596636534 0.00561070442 1.65065265 0.169907212 0.809412599
    0.104453564 -0.776649833 0.568910956 1.29191697 0.349247515
    0.46799016 0.822243452 -0.740914702 -0.687318027 0.124569535
    -0.0478631258 0.195573092 1.17611659 -0.222032368 0.180136263
    1.50925899 -0.605117679 -0.496314585 0.106720388 1.71761143
    -0.792530537 -0.407772779 1.13892174 1.44417989 0.339095592
    0.367424488 -0.530847311 0.576378584 -0.0917918682 1.92951989
    -0.371329188 1.65468991 -0.382062495 1.15272796 -0.0881099701
    -0.809328139 0.593126118 -0.308376908 0.193532348 1.03858876
    1.70694256 0.132443607 -0.0336937308 -0.903112233 1.11595345
    -0.204682291 -0.842470229 0.990605354 1.42560101 -0.870449066
    0.91402638 0.179370403 0.0977804661 1.75265598 0.688116968
    0.0119539499 0.273181856 1.47110534 1.22564018 1.59824419 1.61472225
    0.934782267 1.75984645 -0.0520833135 0.370029867 0.13896364
    1.18005395 -0.168581963 0.11425966 0.0118312836 1.2352562 1.61241865
    1.10641062 1.6643728 1.00963378 1.57039428 0.866969824 0.270498157
    0.402915597 -0.501537979 0.542858303 -0.396017969 1.05584097
    -0.637971938 -0.0122310519 -0.409028083 0.201274633 -0.50495851
    0.682825685 1.26914132 0.398822546 -0.170490593 0.768495619
    0.447644889 1.41058946 1.48938489 0.858992398 1.02866614
    -0.086391449 0.240427375 0.831869304 -0.0485889912 0.140889347
    0.273848593 0.537943542 0.947327912 -0.287623882 -0.187488496
    0.00215154886 0.502803624 1.25912166 0.418778896 -0.747664511
    0.352847517 1.41345096 1.27815354 -0.735876858 1.76151848 1.13156796
    0.0842707753 -0.607915044 -0.438597828 0.510546803 1.47374272
    -0.756025493 -0.0182676911 -0.432561874 -0.0298695564 -0.717543125
    -0.538912237 0.345527589 -0.735148251 1.84934855 -0.206526697
    1.99090862 -0.108020246 -0.320070386 1.03077424 0.344556212
    -0.59732306 1.4287082 0.272672892 0.75239861 1.68286443 0.562991858
    0.332698703 1.73764396 -0.0234223008 0.14496851 1.86956716 1.3752563
    0.654371977 0.0935599208 1.37278926 -0.643262923 1.64461541
    0.159792483 1.03508818 0.267502487 0.47647351 0.240963638
    0.0923060775 0.696028888 0.411212325 1.65883446 1.44990313
    1.62741446 1.4530803 0.673383236 -0.211263955 1.42453766 0.475257158
    0.649266481 1.06473112 1.50490761 1.26595283 0.172596335 0.149432003
    1.72800958 -0.509956956 0.755606294 1.25775957 0.0699928403
    -0.78376925 -0.191683054 1.72932088 -0.319717586 0.278981864
    0.56765151 1.00370276 1.33541179 -0.454107881 0.77599293
    0.0131242275 1.62281847 0.243101835 -0.0149803758 -0.201857448
    1.86888385 1.11610961 -0.136286855 1.7883997 -0.929662228 1.46080196
    1.13355136 1.22037446 -0.267787397 0.600361764 -0.803311288
    0.979420722 -0.28663224 -0.137211561 1.08206272 -0.0375754833
    1.76276314 1.45319796 -0.486470342 1.16564369 -0.119156718
    -0.0800223947 1.41848445 0.737865984 -0.676335335 1.19699836
    0.117715597 0.228093028 0.540162921 -0.740324795 0.912218153
    1.49645972 -0.360308737 0.397213459 -0.45312041 1.08984303
    1.69053411 1.07448125 -0.247029483 0.526261389 1.80706084
    -0.383289456 -0.125795543 0.136174083 -0.31731379 -0.253486156
    1.17687392 0.442247033 0.600340724 1.32633471 -0.561074018
    -0.0613951683 0.461180985 0.293574572 1.59919775 0.67070806
    0.994898796 1.17243969 0.488209486 0.433398485 -0.0912427902
    0.616723657 -0.230799198 0.260614991 1.13689876 0.755395293
    1.36169493 1.61961091 1.72907424 0.721545696 -0.153521061
    0.644085169 0.270295501 -0.632481098 -0.455571175 1.30595791
    0.852673829 0.0246897936 1.04606926 -0.479874969 1.48312092
    1.25046456 -0.780584812 1.32661152 -0.68192786 0.758142948
    -0.64371568 0.741499603 -0.769971967 0.266123831 -0.678632379
    1.57424891 -0.719069719 0.289175212 1.83293748 0.944075286
    0.913913548 -0.440657705 0.150226831 0.954600036 -0.494161457
    0.580410838 1.19390082 1.55172527 0.623577118 0.525455773
    -0.211811721 0.685256958 1.4692961 1.55025148 1.37062752 -0.71145457
    1.12394583 0.414829612 1.14861846 -0.407010317 0.146849096
    1.50445771 -0.733844995 -0.204664171 0.291302323 1.8770473
    0.665388823 -0.227518559 0.427889585 -0.491691589 0.210664451
    1.88977385 -0.20032841 -0.520382047 -0.100491285 0.355280757
    1.07361698 1.4817667 0.946118593 1.63248384 0.116594791 -0.23945719
    -0.0955069065 0.665679336 0.0563529134 -0.596205592 1.58894634
    0.641921699 -0.591083288 0.570410967 0.928047657 -0.104620755
    0.112715542 0.832623065 0.390221059 -0.288190186 0.215672851
    0.834132493 1.70289588 0.714198589 -0.172367215 1.17981684
    -0.147928059 0.876587331 0.6189605 0.590353847 0.195885658
    0.263228536 1.38004804 1.60850167 -0.471622348 -0.431152195
    0.317597866 1.21184182 1.61129498 -0.246764839 1.39246655
    0.712026834 0.0483371019 -0.52573514 0.94370538 0.132398903
    1.17757845 1.46564937 -0.364178538 1.54907632 1.66807008 0.787901521
    -0.466550738 1.42243195 1.61496711 1.79158568 0.0867481232
    -0.395343602 1.43219995 -0.507267773 -0.557406783 0.290138125
    0.0636351705 1.6148119 1.36649895 1.01583052 -0.500526488
    0.540282786 -0.633271873 1.13943696 0.5167225 0.705333352
    -0.510507226 -0.173952639 0.0205229521 1.45096874 0.335513175
    -0.0708329082 0.131319582 1.42727661 1.18380284 -0.622935295
    0.0937495232 -0.18621093 1.38395214 0.62502569 -0.0871568322
    1.38425195 -0.0693692565 0.406275034 -0.883411169 0.371621609
    0.020935297 1.40762758 1.24602103 -0.571818113 0.676364779
    0.903242469 0.727985978 -0.154900551 0.948300958 0.394096017
    -0.0508047938 0.626299918 1.57031322 1.98387504 1.01040196
    1.46073484 0.287565172 0.412762165 1.50191212 0.518675208
    -0.0421965718 -0.438019812 1.9022727 -0.702244401 -0.0911278725
    0.611307144 -0.338339001 -0.285594225 0.762343287 -0.764217257
    0.871318996 0.93861413 1.16469026 -0.0738199353 -0.83573097
    1.52950394 0.122089386 0.140701294 0.231802344 1.05018616
    -0.870182097 1.16515434 0.71391654 0.225277483 1.56314206
    -0.467597008 1.10062397 0.904402196 -0.60144031 -0.23906374
    0.165739417 1.59841347 -0.597402632 -0.0229751468 0.552379727
    -0.783290565 0.191982269 1.72613323 1.28967917 1.75462818
    0.983254433 0.437550366 1.31026495 -0.81370914 -0.701786637
    0.758233786 0.842605174 -0.298144281 1.08107781 -0.0206611156
    -0.0245110393 0.575253904 0.953471422 -0.111739159 -0.725358188
    0.670571566 1.71920514 -0.752416074 -0.148070216 -0.0115346313
    0.322879851 1.38291478 -0.566924691 1.22343707 -0.142603338
    1.33572102 1.16675639 -0.0837563872 1.00412035 -0.493571579
    1.28171074 1.41492438 0.10134089 0.568204165 0.134972155 0.475763798
    0.612184882 1.13204265 1.49958396 1.43303156 1.7195437 -0.448101729
    1.28167844 -0.565531611 0.907780468 0.330950379 1.73537636
    -0.623679996 0.359597087 -0.171128869 0.5746997 1.17348838
    1.06793034 1.3019743 0.725453138 1.35457492 1.04656649 0.315159261
    -0.0927772522 0.248634577 -0.00332266092 1.75266004 1.78820133
    0.0805038214 0.343398094 1.47166586 0.258064389 -0.193111777
    0.336798012 1.03713655 0.509038925 1.2005564 0.559839249 1.61815989
    1.257061 0.992277026 -0.473830312 0.336122453 0.0786641836 1.6778537
    0.049495101 -0.763052046 0.558812678 -0.405615598 0.636625469
    -0.269005477 1.16605401 0.013137877 0.356748879 0.518779159
    0.304586232 -0.292235196 0.365225255 -0.203172982 0.423979104
    0.898454845 0.180223644 1.57214594 -0.165791631 1.259372
    0.00562757254 -0.165605009 1.36057365 0.675075293 0.74830246
    0.096121788 -0.511150301 0.437687874 1.0107168 1.86046743
    -0.311500937 1.06832099 1.57895446 0.682149529 -0.395039588
    0.547578454 1.73116469 -0.48253268 0.639386892 0.691588521
    -0.53997004 0.762632251 0.278179169 -0.43029362 0.330882847
    -0.715858459 0.441504776 0.816417933 0.658681214 1.60844398
    0.2240659 1.40164685 0.710864484 1.73645878 -0.610615849
    -0.579978526 1.65063477 -0.499908715 0.102188885 -0.267908394
    1.61975861 0.567588568 -0.799646795 0.397912383 -0.194695652
    0.298092604 1.00855434 0.3825109 1.40945911 0.855358303 1.07765365
    -0.407549083 0.249299049 1.19047964 0.358666182 1.02358937
    -0.506736159 -0.0987046361 1.71058118 0.286330819 1.2463882
    0.123614788 0.298150539 1.86076903 0.371861756 -0.540847003
    0.319287777 1.81971478 -0.181245029 -0.201529205 -0.561070323
    0.773723662 -0.280348241 0.00397324562 -0.168894172 0.47036612
    -0.654580653 -0.0190996528 0.106138468 0.99466449 -0.184204042
    0.889149904 -0.282105982 0.138039052 1.52095556 -0.363678396
    0.998211265 0.364509523 0.931635201 1.56827807 0.697213054
    0.625397205 1.1323061 0.782242537 1.56284177 0.625328779
    -0.502012074 0.314355731 -0.448591948 0.607764959 1.38726497
    1.46836877 1.02721262 1.00162709 -0.512810588 0.611122489
    0.0552624464 -0.432238877 0.572788894 0.15563786 1.65435839
    1.74748254 0.874186993 1.45909131 -0.198893309 0.667815328
    1.36560953 0.555292547 -0.694724679 0.216576993 -0.36479789
    1.04306185 0.741042852 0.0941986442 1.76031446 -0.443927377
    1.06300211 -0.610625148 -0.188577175 0.410941124 1.23001623
    1.16789162 1.64883077 -0.468077481 0.668477774 -0.186308861
    0.642366052 0.922976792 1.68239689 -0.606086075 -0.478850454
    0.325765193 1.06105149 0.0957161188 0.110948443 -0.834252179
    1.75037742 1.3776052 -0.703080058 1.81289864 -0.202697694 1.76172137
    -0.23165822 0.0490092635 -0.446602166 0.616154611 0.533865631
    -0.665136814 1.2381072 0.919416785 1.35571265 1.39408517 0.873076022
    0.114712715 -0.300771773 -0.129388392 0.0199220181 -0.0934758782
    -0.0259299874 1.68480515 -0.458698601 0.963511884 1.42286205
    0.839639425 1.10936999 -0.440188557 0.592885911 0.151801646
    -0.0338451862 0.389459968 0.573143005 0.643501282 1.20184505
    0.354368925 -0.00223606825 -0.793412924 1.25134921 0.347662568
    0.659915626 -0.120794892 0.827235937 -0.813313305 1.03856611
    1.54213095 -0.584332824 0.591353536 -0.230161667 -0.776125491
    1.59795797 -0.283563018 1.21926308 0.229808509 1.49333191
    0.874124408 -0.650547743 1.7212019 1.07392871 0.624398708
    0.498215437 0.221335173 0.902521133 1.23185337 -0.20148325
    -0.188992679 0.00429129601 1.16422558 1.48635912 0.243183315
    0.396241367 -0.339303732 -0.791445851 -0.282964289 1.47961438
    1.72721052 -0.573326945 0.504178286 1.21947718 -0.47121048
    1.26649356 0.290058732 1.63324153 0.0637994409 0.0385150313
    -0.374342233 1.24699259 1.20549917 1.53727794 0.281591058
    -0.397651464 1.03339291 -0.671705067 0.820694506 -0.760276258
    0.407612562 -0.200157225 -0.41618827 1.37175322 -0.622592151
    1.19860947 1.44094205 -0.405293435 -0.524622202 0.92604351
    0.0956340432 0.227536917 0.0183594823 0.30253762 1.7138344
    0.071870923 0.554965496 0.954722524 1.4346472 0.356598258 1.42454171
    1.59848738 -0.14535135 0.329641342 -0.0688095689 -0.434354007
    1.18462205 1.39306736 -0.580856025 0.274965346 1.61118615 1.25832963
    1.70065808 -0.436257303 0.541285336 0.400619447 -0.391602367
    1.76192427 1.53356898 -0.709788799 0.0456032157 1.57276821
    -0.00525385141 -0.828049004 1.68213105 -0.766240239 0.409934998
    -0.108522356 0.0427355766 1.38283086 -0.264544666 1.62616944
    -0.220987558 0.740917325 1.13782859 -0.0753694773 1.51207924
    0.266997218 1.3583988 1.52666879 -0.0134900808 1.10122383 0.25115788
    0.882105589 -0.137304723 1.74052191 0.570226073 0.270247102
    0.868605018 -0.621016264 1.19598508 0.0509749651 0.780837178
    1.21899629 1.14940619 -0.660049021 1.77346492 1.4976896 -0.745749593
    -0.551799536 1.14702964 0.345298409 1.90914154 0.209448993
    0.458439231 -0.426944315 0.211652637 1.63632774 1.50233197
    -0.104708552 0.587655127 1.33366847 1.81083226 1.08681893
    -0.53240031 -0.689906478 0.473918021 -0.132312834 1.33285069
    1.40004253 -0.607047796 -0.882556617 0.419607162 1.70155323
    -0.0597589016 0.987740874 1.50404572 0.837058067 0.912707686
    0.123533249 0.832409739 1.21329761 -0.710058391 1.62798059
    1.02803957 0.106786013 1.11192369 -0.221892595 0.182513475 1.13255
    -0.341566205 1.85718358 1.75106645 -0.0911846757 -0.742058039
    -0.201804221 1.36167336 0.248681188 1.50077796 1.57384586
    0.366468728 1.30174446 0.604988515 0.204307795 1.82641125 0.5256024
    0.471707284 1.58231664 1.82061839 -0.59612751 0.893753588
    0.314594269 1.03389239 -0.629490852 0.342867792 1.36734438
    0.173670769 1.76861143 1.41529131 0.585665762 0.217751443
    0.542486489 0.0562542081 1.00997174 0.565070868 -0.647535861
    0.119235694 1.83502436 1.54836559 0.472168624 -0.829736829
    0.679706216 1.09112906 0.741634607 1.35762799 1.21319592 0.641165853
    0.180566907 -0.192270815 0.342242956 0.880011201 1.26528192
    -0.158436358 -0.0127806664 0.0700934529 -0.297590792 1.72285187
    -0.816209733 0.276422441 -0.471303403 1.44352782 0.602302015
    -0.661460042 1.12532473 0.347590446 -0.138295114 0.0781763792
    1.70401525 -0.578205109 -0.169999003 -0.0577863455 1.06222093
    0.690205157 1.4323374 0.808596134 0.372156918 1.76379561 0.12665534
    -0.0478647947 1.69329309 1.20532036 -0.609017015 1.36883843
    0.311346233 1.82555962 -0.19498986 -0.752668738 -0.461929113
    0.958187103 0.559756458 0.914823532 0.63583076 -0.507618308
    0.524269283 1.68036783 1.30491364 0.284397244 0.590972424
    -0.0190393329 0.81388402 1.3184154 -0.525785804 -0.368195534
    1.10101974 0.758067131 1.62117982 0.204193115 0.176382303 0.78242135
    1.26734936 -0.116130233 0.964184701 0.325348735 1.41297293
    1.20754099 -0.4268879 -0.193036616 1.09526098 1.0968951 0.366861105
    1.39392388 -0.643519163 0.452005029 1.70209646 -0.447250307
    -0.153148472 -0.746498704 1.62564349 -0.493662119 1.74085629
    0.238928854 -0.166941583 -0.434796482 0.102230966 1.36282706
    1.72221696 -0.163704813 1.03757334 1.63463891 1.0400846 -0.209599674
    1.29582107 0.87376231 -0.038138032 1.05226195 0.994342208 1.52117395
    -0.679895043 -0.310775518 0.37029314 1.43334162 0.738018632
    0.333814383 1.28860652 -0.58148402 -0.748302698 0.675031483
    1.02375555 -0.269300342 -0.220091224 0.237757862 0.674203396
    0.672830284 -0.814809382 1.43346357 0.89381063 0.105157971
    -0.106403828 0.0595851541 1.87301672 0.154705942 1.2446717
    -0.583846629 1.61273479 -0.141704202 0.797876656 1.48505497
    0.730105102 -0.808917344 1.19150829 -0.523311377 0.551123261
    0.254154623 -0.383935541 1.85159874 -0.465338051 1.78829455
    0.887185574 1.28240669 1.57069016 1.4452306 1.47168899 1.5966121
    -0.0590534806 1.03711855 0.541566014 0.9022457 1.49665821
    -0.535084784 0.812509596 0.856360078 -0.16939795 1.09441197
    0.470179319 0.780269027 1.79750299 1.76599097 0.372668266 1.55829537
    0.213541627 -0.465131223 1.08539772 -0.515410721 -0.711261809
    0.213065982 1.77641678 -0.534660459 1.06631541 -0.36204344
    1.13760972 -0.469185203 0.903273106 1.53347778 0.0517117977
    -0.376320243 1.80856895 -0.00131905079 0.212877929 -0.740710557
    1.69228768 0.857658982 0.427803993 1.11610723 -0.0606447458
    0.845606089 1.24960911 -0.574670315 1.02293587 1.30316544
    -0.71111095 1.65956414 1.58251286 0.448018551 0.392614245 1.22251141
    1.59410369 -0.0150446892 0.696777225 0.63674283 1.10910261
    0.725935221 -0.0385073423 -0.672620833 0.829913259 1.12718642
    0.950231016 0.019107163 -0.410855711 0.158592045 1.82840896
    -0.813736618 0.186894119 0.787821412 -0.745076776 0.383209765
    -0.695693195 1.80496216 -0.513945341 1.38691783 1.19248676
    0.773539841 0.783323765 0.372906506 0.228782594 0.51031065
    -0.413942009 0.595846534 0.288858175 0.439438879 1.69132543
    -0.70477879 1.6461153 1.35656834 0.314885318 0.961006403
    -0.538858056 -0.195131004 1.35576093 0.522743344 1.71470833
    0.677431107 -0.106755376 -0.464510083 1.15217936 1.49524164
    -0.604735851 0.257364154 1.84575295 -0.647709548 1.50127637 1.281618
    0.691217244 -0.637155414 -0.380205542 -0.330709815 0.922294974
    0.393708825 1.37600088 -0.296848238 1.45660412 0.973006725
    1.27603793 0.448226571 0.92228663 0.410006583 0.876523197 1.5478301
    0.816511929 0.196807206 -0.407158792 1.3633182 1.08250046
    0.446481645 0.440440595 1.27319813 1.8942008 1.56929469 1.64639711
    -0.830241442 0.966506839 -0.102457523 1.09908557 -0.574483275
    -0.53069818 -0.630403638 1.55002916 1.64007306 -0.6823681 1.33603716
    -0.529155135 -0.308411896 1.7996335 0.144596934 -0.42916587
    0.679443598 1.31608891 1.55858576 -0.229451835 1.18237722
    0.0390088558 1.77665865 1.23724103 -0.675645232 0.923880219
    -0.269947231 0.947833776 1.74838901 -0.441625476 1.61609268
    -0.102107942 0.252615094 1.0156728 0.071146369 0.984784484
    0.508327246 -0.40143019 0.230929613 0.809144378 1.68397462
    -0.596840203 0.323796034 0.101713598 -0.226709604 1.46838152
    1.43889725 0.337885737 1.49241877 0.00966894627 0.725587487
    1.45275402 -0.110163748 0.963921607 1.20317411 1.51313436
    -0.363343656 -0.0119599104 1.07872748 -0.580759883 0.111144066
    1.83929491 0.47669208 -0.140957057 -0.596715689 1.65865839
    1.33433723 -0.764396012 -0.350751549 0.124066234 1.59117651
    1.13548207 -0.558826983 -0.510497332 0.886154711 1.4286648
    0.981057882 0.508975863 0.528084755 1.41728103 1.36562169
    -0.736884832 1.54195309 1.88994789 0.0588604212 -0.544011056
    0.323989034 0.765459836 0.450419545 -0.703221023 -0.519783378
    1.27741313 0.940573335 0.441359818 1.05068016 0.5001809 -0.751105309
    1.18577087 -0.446136296 0.364718914 1.73484302 1.44987464
    -0.779209495 -0.695913196 1.20193946 0.471863329 1.38316083
    0.968230724 1.95512927 0.214186668 -0.315640867 -0.394483238
    0.996680439 0.419829607 -0.820464432 -0.333650231 1.07572675
    -0.333809257 1.53188491 -0.120545447 0.404007912 -0.129730761
    1.11991024 -0.754134059 -0.743076146 -0.132815242 0.320682347
    0.793777466 1.57834506 -0.566335082 1.05255461 1.07447338
    0.166400075 -0.425793499 -0.550355554 -0.444725156 1.08091211
    1.05383289 0.0167594552 0.166154146 1.63238978 -0.185038686
    1.48962784 1.63792646 1.52450848 0.173354685 -0.151542842
    0.691904485 1.24487162 1.17194748 0.72429651 0.510378957 0.75434339
    1.60016501 -0.457912862 0.217610896 -0.387174606 0.327907085
    -0.392495811 0.277053893 1.45404196 0.482200325 0.232091725
    -0.609407902 1.45194578 1.12411523 1.34813237 -0.102347612
    -0.192025363 -0.641255021 0.562528312 0.203577995 1.61056757
    1.52734971 -0.597518325 1.37849283 0.0221451521 -0.934079885
    0.708994865 0.679973006 0.728870869 1.66786146 0.274055719
    -0.632410884 1.27821684 2.09715557 -0.0491012335 0.921010613
    1.25009346 0.515643239 -0.119487464 0.835989714 0.139068604
    -0.784812689 0.971031845 0.972718358 -0.727336645 0.895379364
    0.187360704 0.891964614 -0.624765635 0.323732138 0.931540668
    -0.523348212 1.83841443 0.350069225 -0.722467661 1.42361927
    0.0572377443 0.410669208 -0.736151814 0.51230073 -0.716116369
    0.967846751 -0.33790186 1.0644331 -0.647615075 -0.0394279361
    1.85493147 -0.716835558 0.799566567 1.43984914 -0.39467448
    0.774949968 0.91387254 1.07923925 -0.878010869 -0.253717899
    0.348418593 0.939322174 1.48649192 -0.413489163 1.60616255
    1.00253356 -0.596340179 -0.538547873 1.50125647 0.724975467
    -0.656369686 0.621776342 1.45096231 1.5150522 0.533833265
    0.306218863 1.71536493 0.464904428 -0.551745892 1.05677974
    0.671366215 0.782710552 0.126946628 0.178216517 -0.715532959
    0.21276468 -0.656743884 -0.106196642 -0.0788338184 1.36915529
    -0.730852783 0.406696856 0.404066682 1.46515679 0.604340196
    1.74698424 -0.504277468 -0.093871057 0.066690743 1.42325616
    0.717035949 0.222546458 0.880406201 0.825654924 0.209143817
    0.394438326 0.691242337 0.933422923 -0.130351245 0.56615442
    -0.551545203 0.535932243 0.715941846 -0.0882743001 -0.27226299
    1.63660669 0.692690432 -0.212692261 1.43778062 1.30543971 1.01854849
    1.52515364 -0.526159286 1.74218297 0.596119165 1.42581081 1.31845784
    -0.267666161 0.663742065 1.15618837 0.794743896 0.668008089
    0.0708931684 1.5737431 -0.640428185 0.137179077 -0.765968442
    0.19059968 0.908696949 1.41401279 -0.482371211 1.5461446
    -0.640631557 1.48466432 1.43014503 0.347073317 1.05954313 1.17263639
    -0.111133158 1.15698266 -0.377686381 1.6925931 -0.599843621
    0.242244124 1.25931072 0.474028885 0.456882894 0.138048172
    -0.0100593567 1.75431776 0.328867674 0.803088605 0.0711916089
    -0.367368072 -0.395727247 0.488445401 0.91978687 0.320376456
    0.459708035 0.640187502 1.05659842 -0.506908178 -0.618200183
    0.444446921 0.570691824 1.35713506 -0.665784657 0.616434574
    0.248071373 1.36483157 1.05969572 -0.299517691 0.775094092
    0.896674097 0.837001145 -0.294620037 0.562932909 0.513355732
    0.913702607 0.539602757 1.34765661 1.45939124 -0.609819651
    -0.298946798 0.0906189084 -0.407974988 0.402270734 -0.0821587443
    1.49328327 1.04877102 -0.230131209 -0.730712652 0.227450192
    1.86367118 0.26238519 -0.835416436 1.02600539 0.0152478814
    0.599956214 1.42284822 -0.515850782 -0.739965677 1.1444993
    1.80545568 0.376258492 0.949691534 0.0965134501 0.126310647
    0.291382551 -0.481909305 0.905571043 0.442691386 -0.298447311
    1.68167543 1.56885648 -0.32951194 1.71378577 -0.397232354 1.57350242
    -0.3212955 0.021545887 -0.636673629 0.643701434 0.705499351
    0.731983244 1.31571794 1.57772756 0.0678969622 -0.27368933
    1.83095193 0.122818649 -0.138822854 0.318426371 0.244990885
    1.17983079 -0.286352336 0.653329611 0.0081012249 -0.585876048
    0.597460389 1.40318155 0.965832293 -0.489652753 1.60469925
    0.00566583872 -0.626878619 -0.431923687 -0.0888599157 1.37741923
    -0.154359341 -0.52652365 0.195144534 -0.277825534 1.47768247
    1.00500202 1.332726 1.29705608 0.97085017 1.33440542 0.823699772
    1.46445155 -0.0344281197 0.559835196 1.58290052 0.197842896
    1.93499911 -0.00788086653 1.46867299 1.04936981 1.1544596 1.45831597
    1.32730842 -0.125573218 -0.727320969 1.18616915 -0.752971828
    -0.464779437 -0.404352874 0.788136601 0.55498904 1.65610623
    0.16591543 0.423974752 1.49314809 0.707259178 0.15045768
    -0.603584528 0.163527906 1.07341123 -0.74595499 1.09626102
    1.04804754 0.338034749 0.293174326 0.0479881763 0.55279398
    0.335706532 -0.150918067 0.984400451 1.70998693 -0.740746737
    1.45243478 0.937195778 -0.0590898395 1.74479818 1.24707484
    1.55778742 -0.731511176 1.23522758 -0.344908834 1.04763865
    -0.222588241 0.813805759 1.29849577 1.02481163 0.52127862 1.62363589
    -0.67136234 0.237826109 -0.0257874727 1.60515332 0.429507136
    0.756363928 0.769600034 0.184503078 0.4948982 1.45911896 1.36838448
    0.00568258762 -0.0775251389 1.60105562 -0.663011372 -0.359349012
    1.08099031 0.749941647 0.735588849 0.312447667 0.0461060405
    1.87812042 -0.062651515 1.1581701 1.57272613 0.604221463
    0.0555554032 1.42026401 1.66182709 0.706170142 -0.496106148
    1.05330539 -0.693689585 1.82793164 0.14738965 -0.228240013
    1.77768517 0.613742948 0.361454129 -0.525948346 -0.505253673
    -0.520592093 1.89692879 -0.364326417 0.00998198986 1.40193105
    -0.565762103 -0.365632921 -0.521237373 1.88427162 0.917898715
    -0.499179751 -0.875870168 -0.622621059 1.6827985 0.607075214
    -0.562012076 1.58541346 0.601843357 0.62541163 0.818597913
    1.65709698 1.11920309 0.337051511 0.840628088 0.454587221
    0.257399023 -0.36484611 1.61345649 1.41900814 0.618147016 1.01014924
    1.23953843 -0.136715829 -0.0107136369 1.36659849 1.09266698
    0.166872323 1.50883079 -0.256804168 -0.307606757 0.10243547
    1.53797042 0.798412502 0.20758611 0.595320404 -0.735703647
    0.686207652 0.966133237 1.23834777 0.0180048347 1.79201627
    0.272184253 -0.217525959 0.7087906 0.567291796 -0.663483083
    -0.104594111 0.427708387 0.602385938 -0.12457794 0.287111878
    -0.278099418 1.78043485 0.799581885 0.047557354 1.60823369
    1.79372263 1.6061641 1.37610066 -0.512754142 0.60461247 0.0113194585
    -0.14025265 -0.254273832 1.12124634 1.76993704 -0.383010328
    0.857348323 1.43701243 -0.0821730494 0.162778974 1.87842786
    -0.0175454617 0.0621808171 -0.291265845 0.843104601 -0.475119293
    1.62942934 1.87454247 -0.795559168 1.54008198 0.467001975
    -0.780896187 0.975233138 -0.561383128 0.712888002 -0.00542575121
    1.24805045 0.744011939 -0.371844411 -0.102210581 0.134626269
    0.233376801 -0.691221237 1.86637199 0.274482131 1.75446248
    0.279135764 0.844961166 0.487793863 0.666229129 -0.491445005
    1.68904173 0.409935713 0.782201529 0.621964931 -0.253448427
    1.48120022 0.0587469339 -0.287692368 -0.214177132 0.810036719
    1.71991479 -0.227639139 -0.329705298 1.80713499 0.798265994
    0.275652111 -0.250619292 -0.554171801 -0.092071414 0.199482262
    1.0874958 1.67396164 0.581538439 -0.496984929 1.26026726
    -0.410336852 -0.108824492 1.12101483 -0.778208375 -0.263363123
    -0.303486526 -0.23626709 1.8243134 0.491675615 0.855564475
    0.863875449 1.74779415 -0.0972028375 1.22997642 -0.481936097
    0.967447996 -0.732932925 0.914052188 0.0548019409 -0.620430708
    0.0562281609 0.0226227641 -0.495392263 0.891263783 0.0598596334
    -0.466705114 1.53792596 1.82117558 -0.255355716 1.45241976
    -0.102446139 1.63574076 0.148292363 -0.502636075 1.3955934
    -0.511520267 0.69016546 1.77642059 -0.444467485 1.59719908
    1.42951286 -0.727970779 0.450664937 0.688698351 -0.277959585
    0.546287 0.235605538 0.523498833 -0.124621511 0.967769563
    0.779457033 1.78948307 1.44477832 0.189206719 0.536981106
    -0.764025629 1.44680572 0.379206061 0.771889567 -0.725922704
    0.944915652 0.869144082 -0.714194775 -0.0934311748 0.110839784
    -0.397868365 -0.657394528 -0.129026413 -0.110028148 -0.112294853
    -0.0786899924 1.86721849 -0.2745803 1.77413535 -0.605799675
    0.137786388 1.06728852 0.0999537706 -0.528924346 1.45793223
    1.35877311 0.350930572 1.47901559 0.273415685 -0.209555745
    -0.189909041 1.35255826 0.723751545 1.50823867 0.108479619
    1.34097111 -0.312722683 1.82992601 1.40217793 -0.705909848
    1.49122906 1.35395193 -0.131189227 1.07734311 0.529059231
    -0.212291896 -0.280020356 -0.637024581 -0.394835174 -0.593447089
    0.243602872 0.332424164 -0.0905454755 1.78976393 0.753829181
    0.336267531 0.298207223 -0.00366544724 -0.019734621 0.588731408
    1.05139184 0.25674665 0.243458986 0.721559525 0.140621006
    -0.492970854 1.32361794 0.662661135 1.30017233 -0.702752948
    -0.226703584 0.291779995 -0.688364983 -0.236639142 1.69285715
    1.50518548 -0.595145345 -0.875433922 -0.123176396 1.03814352
    1.05886555 1.46451914 0.986983299 1.08352232 -0.882673264 1.6781714
    1.1922996 0.423909247 1.75172913 1.72998893 -0.208217502 0.18412441
    -0.442477942 1.31638193 0.040851593 -0.563881397 0.040653348
    0.572911561 1.38409567 -0.0113877654 -0.428647995 0.903924406
    -0.642982543 0.142549753 -0.152325749 0.494336963 0.393655241
    1.28425694 1.29683065 0.919491231 -0.463142812 1.4583962 0.654287696
    0.00615805387 0.964769363 1.43586946 0.533183992 1.01373577
    1.37066483 -0.472559273 1.38286221 -0.554453075 0.548683465
    -0.062065959 1.84031868 0.162510037 0.363191724 1.03706467
    0.344989538 0.297096014 -0.674181521 -0.551474869 -0.364082277
    0.897169471 1.49717069 0.239464641 0.164910436 1.11542583 1.20832825
    0.026238203 0.202050626 -0.602670789 1.51191425 1.28415108
    0.0884475708 0.544484854 0.934849143 1.32867002 1.66952455
    0.169100106 0.81441623 -0.835327625 0.530312836 1.75206017
    1.28136826 1.75254846 -0.304871321 0.721989393 0.18212378 1.59856343
    -0.422506034 0.822417855 1.21118629 1.08854139 1.79101515
    0.491492093 1.27988839 1.15095305 -0.442065507 1.54493046
    -0.172991931 -0.465646356 1.92545104 0.35101068 0.820228934
    1.23548436 -0.112588286 0.0647006631 1.31866765 1.37750268
    0.247828543 0.791024089 1.07311273 1.95543587 0.603785396
    -0.572280467 -0.544267416 -0.419851065 -0.69743371 0.538572907
    0.763741076 -0.360660225 1.3230176 0.42552495 1.0711925 -0.260001719
    0.987782598 -0.0222046375 1.82839 -0.487277985 1.58278203 1.65461755
    0.096095264 0.0541155338 0.159612298 1.30195057 1.67232966
    -0.539739549 0.601350725 -0.0758143663 1.80277753 0.171993673
    -0.454467446 0.507131934 0.884089708 -0.190823376 -0.107526124
    0.03374511 0.0165525079 1.16378856 -0.148425519 1.37296224
    -0.314253747 -0.496606648 -0.0839847326 0.737412691 -0.334935606
    -0.699403286 -0.757759333 0.317772388 -0.138508916 -0.327036083
    -0.420968294 1.15310502 -0.301669717 1.4006443 0.288205981
    0.0332221985 -0.0678374171 -0.0303465128 1.58943057 1.16839719
    -0.286440194 0.516422451 1.34646869 1.13930762 -0.282929003
    0.473071098 1.05083179 0.102732122 -0.0129615664 0.849105537
    -0.580864668 -0.543152094 1.11274123 0.478088498 1.76529479
    1.29834139 0.26498425 0.866961896 1.02331185 0.583402753 0.434136271
    1.17629743 1.84348011 0.091697216 0.46287775 -0.372356087 1.07967162
    1.75301099 1.33128738 1.48711014 1.1898632 -0.815897405 0.0629746914
    0.188002288 1.55939853 0.460088134 1.69962168 -0.0339291096
    0.318728268 1.4179318 -0.723873317 -0.669472694 -0.49492836
    0.576887667 0.943599045 0.614511788 0.858169675 1.25545073
    1.22472382 -0.0640963316 -0.0883201957 0.356248796 1.58168447
    1.74511838 0.961143076 -0.314918518 1.10309553 -0.0529456139
    -0.676744223 0.910112858 1.08871484 1.2341373 -0.624026716 1.4877739
    0.836586535 1.68778479 0.371489108 -0.0162678957 0.448277831
    0.416044056 1.34674001 0.793060958 0.0356692672 0.386714995
    1.10401475 -0.260920525 -0.292779863 1.42444873 1.47727585
    0.483232617 -0.186294734 1.37639737 0.419440985 0.647811592
    1.70457733 0.0152620077 -0.625922799 0.272513449 1.3269459
    1.62533092 0.845396757 1.27582741 0.0845959783 0.818565249
    0.646630764 -0.0673918128 1.65930724 0.185403347 0.711806834
    -0.882089257 1.46178055 0.387787223 0.738064408 0.408264279
    0.0989967585 0.946660578 0.122962475 0.122347116 0.567262352
    0.807123065 -0.222418666 0.562526405 0.47473979 0.435242593
    1.60376382 -0.576015234 0.769451976 1.43994296 1.67102277 1.03306866
    -0.387251973 -0.27018559 -0.331956208 0.292056322 1.71125221
    -0.251448095 0.144449651 0.297875762 -0.493933618 -0.441302031
    1.10055494 0.933326125 0.450890601 0.762649238 0.316540182
    -0.390156657 1.83772123 1.67559695 0.13361764 1.58475542 0.373857737
    0.00445151329 1.50229478 -0.366122603 0.787891448 0.915334284
    0.731017947 1.67674935 1.07739532 -0.389360994 -0.537054181
    0.683577359 0.535341322 0.494894385 1.5817486 0.176311612 1.82640409
    -0.235892594 -0.0688657761 1.25011957 0.0515428185 0.276414514
    0.340426266 0.689371288 1.75620806 0.608735025 -0.659049392
    -0.345918804 0.921888292 0.476734698 1.67835069 1.35226727
    -0.122424185 0.439574122 0.175871372 1.14072025 0.869853139
    0.76470077 1.3092953 -0.752279758 -0.406929642 0.275683939
    -0.316036582 1.83096051 0.184229851 -0.418086678 -0.00390219688
    0.293827593 -0.581328332 0.799967587 -0.719521046 0.802688122
    0.701109648 -0.376184583 -0.0279353261 -0.00979530811 0.973797083
    -0.378350973 -0.0848023891 -0.317743808 -0.586145937 1.70036125
    1.43425119 -0.104748845 -0.570430398 1.26103234 1.10741913
    0.755073667 1.04444134 -0.277381122 0.557331383 1.3864696
    -0.150432765 1.09985685 1.52545381 1.41397142 -0.846409857
    1.15730059 -0.202612281 0.726786137 1.03262007 1.70081735
    0.0189527869 -0.36643815 0.369110942 0.86723578 -0.369673073
    1.88129473 -0.114812851 1.70854712 -0.106376529 1.1446116 1.27679825
    0.235625207 1.34928298 1.21382284 0.740020156 0.169836581 1.2524519
    1.70597768 2.14820242 0.439136326 1.51390815 0.744989276 0.672760367
    0.929081023 0.819153905 0.193980455 0.484538913 0.929879963
    0.662522256 1.6000191 1.20483625 1.05567193 1.13881528 0.209156871
    1.54624629 -0.0647755265 -0.252681851 1.13551378 1.10004973
    -0.757269621 0.584837914 0.962590456 0.904614985 -0.374637246
    -0.259545445 -0.499429941 1.42880785 1.57216954 1.37168729
    -0.116070926 -0.476137072 -0.596541405 0.00939583778 0.890830636
    0.34469986 -0.715485036 0.0146836638 -0.450245321 -0.675203502
    1.49290812 -0.686494946 -0.26590091 0.717535913 1.9006834
    -0.784649253 1.38716936 -0.605789483 1.29139793 0.836317778
    0.478740335 0.850268066 0.598890722 1.49351883 0.422326207
    -0.781230748 1.04154134 1.2414403 -0.257840723 0.748774946
    0.74358207 -0.59813261 1.50511706 -0.143021226 0.36289674
    -0.286747634 -0.373457402 0.0447202325 1.049721 0.327255964
    0.448035717 -0.75311166 -0.506581843 0.551139474 -0.648914278
    1.71654439 -0.0434482098 0.703301251 0.77006644 0.594741225
    0.930952549 -0.312631339 1.36204934 0.200672686 1.55985951
    0.392010927 -0.12789166 0.696479321 0.572167397 1.1475445
    -0.0207800865 -0.506596386 1.02422738 1.10811257 1.4442482
    0.731407464 1.80968451 -0.61486733 0.450679719 -0.737317801
    -0.247443438 1.14698744 1.16853797 0.471159756 -0.462529689
    -0.410840362 1.52405477 1.01372266 -0.383350313 1.24514246
    -0.801416159 0.315999746 1.19190788 0.0454254746 0.331931949
    -0.508075237 -0.601180613 0.3272475 -0.593733966 -0.528559148
    1.57258642 0.0563085675 -0.378420532 -0.597786963 0.586497128
    -0.721674562 1.38031507 -0.490941256 0.758888364 0.470385015
    -0.691297054 1.52707601 1.80992484 0.0696411729 1.12789822
    0.700797915 0.945919871 1.51778543 1.59864962 0.355741501
    0.358525157 0.287461281 0.643859446 0.287584305 -0.422336161
    0.137616694 -0.394611925 1.57871246 -0.18184799 -0.235808253
    1.62996387 -0.456395209 -0.0438424945 1.62153745 -0.649261713
    -0.620525718 0.621841908 0.571328819 1.09717131 -0.652351856
    0.660329759 0.449109554 -0.234225929 1.54780543 -0.233442008
    0.359175801 0.780691743 -0.590958118 -0.60803926 -0.0997548103
    0.965312958 0.163717687 0.286025286 -0.561652303 0.616162002
    0.0811473131 1.53559494 0.380726874 0.0889207125 -0.652228832
    1.48480439 0.0625495315 0.541357815 -0.567532122 0.286613941
    -0.0507959127 1.42242122 -0.0400757194 0.720824182 0.484818459
    0.988385081 1.1108278 0.347056746 -0.562481761 1.44215298
    -0.526126504 -0.485016108 0.229330122 0.39263016 0.463298261
    -0.34473449 1.32118869 0.581498444 -0.216841877 -0.489620835
    1.22156811 -0.816913784 1.321311 1.32586646 -0.415585011
    -0.695906281 0.540838778 -0.284640014 1.56862521 1.2490561
    0.0167097449 -0.139006615 0.125675917 1.4378345 -0.0491509438
    -0.0925061703 0.0329371095 -0.443358272 -0.357098013 1.01724482
    0.35156858 0.259303272 -0.274106026 -0.207271755 -0.692622066
    -0.264278769 1.47039974 1.46398354 0.96092689 1.09588146 0.746129751
    0.597390771 0.567076981 -0.196144998 -0.164539158 -0.447670162
    1.77398419 0.442871034 -0.498653948 1.35493159 -0.687261701
    -0.288481683 0.738872766 -0.282449365 1.3510375 1.57209921
    -0.524087548 -0.0239383578 0.618725538 1.09972644 1.54285979
    0.904032171 0.0680379868 -0.196320653 0.506461859 -0.282065153
    1.51073432 0.855523109 1.35872507 1.72276783 -0.50752449
    -0.153353751 1.5787679 1.52707398 1.46991897 0.252012968
    0.0499290824 -0.619904101 1.32504845 1.5405705 -0.351428539
    0.988533854 0.258883536 0.961506248 1.67624807 0.908768415
    -0.561441541 0.226599395 1.09313834 0.88735497 -0.03958112
    -0.166740239 0.996004641 0.795400262 0.483579278 0.573492348
    -0.625556648 0.573446333 0.639951587 1.1284461 1.67969751 1.16239023
    1.49551797 0.165487587 0.199647069 -0.411952049 -0.547532141
    -0.626197219 1.23976159 1.25471497 1.00471711 -0.210312426
    -0.739192963 1.54145503 -0.188211262 0.28453058 0.252797306
    1.52071452 -0.0636004806 -0.021341145 -0.759571373 0.581406057
    0.579344988 -0.903972805 1.7427392 0.839702964 0.210961223
    -0.474632859 0.935277998 -0.72016567 -0.314054728 1.58337438
    1.16874325 0.985564649 1.74008739 -0.414740413 0.415385842
    1.24992597 1.62970638 0.109861076 -0.500869334 0.534549773
    -0.16876474 -0.120392919 -0.288751066 -0.0819583535 1.63221467
    -0.861449301 1.06262696 1.50197756 -0.314244539 -0.473417938
    1.76113737 1.79123998 -0.449740887 0.140333891 -0.618373156
    0.708352506 -0.612564385 1.20901513 0.875908554 1.17890882
    0.76210326 1.16559339 0.910577714 -0.333193421 -0.363075614
    1.80290747 -0.124840677 1.37055576 0.752859712 -0.431438625
    0.427632689 8.14795494e-05 0.756132841 1.44008887 0.544072926
    -0.124480486 0.768594325 0.377073109 0.784986019 0.938460946
    0.859825552 -0.31593436 0.00679177046 1.61614132 0.812225401
    1.55598974 0.821934104 1.04526305 -0.0907011032 -0.0564655662
    1.57834911 -0.704339385 -0.66577208 -0.512631297 0.525104761
    1.61594963 0.885154247 1.24816346 0.591002345 0.382864952
    -0.0867133141 -0.496184081 1.50305891 0.689219296 0.211994946
    1.68430734 0.583050668 1.01443601 -0.0288951993 0.189043462
    0.196151614 1.3350116 1.72691131 1.24691308 0.0803751945
    -0.429026425 1.17844129 -0.22878933 0.83424437 -0.48840642
    0.14759469 0.753977299 1.08921432 1.34300518 1.23565793 -0.173331618
    -0.281181097 0.0903862715 0.0458502769 1.58887172 0.244974554
    0.0269348621 -0.347288877 -0.470863402 0.1268543 1.55178356
    -0.299953759 0.450440288 1.88085771 1.24475789 -0.489111662
    -0.25799951 -0.311665088 0.424210906 0.552647173 0.668889284
    -0.199515522 1.60906124 0.0718291998 -0.317037404 1.66475713
    1.03081846 0.743157864 1.83421445 -0.787419975 0.860858262
    0.835803568 0.772232592 0.0151321888 1.25188637 0.288071275 0.527502
    1.34395289 -0.326146185 1.65378594 0.586399198 0.665438175
    0.970226705 -0.726996243 -0.0461207032 0.786649227 1.48397112
    0.706444323 1.64989793 0.394992769 1.02360749 0.032356441
    -0.0177108645 1.60374629 0.791360855 1.38294339 1.6429739
    0.297667801 -0.3081173 1.16552973 -0.337713838 1.70120037 1.40789497
    -0.334234804 -0.166432679 -0.145042479 -0.0836271644 1.00987887
    1.43332613 1.33047926 -0.293064117 1.77664614 0.464099109
    0.740001798 1.12135696 0.799086452 -0.0823448896 -0.337485045
    0.994789302 1.05281234 -0.561353743 -0.232093066 -0.284447372
    0.0230335593 -0.548399806 -0.441962123 -0.314100981 0.37480402
    0.499742836 -0.451958776 1.50680017 1.58502686 0.751385629
    -0.0641663671 1.47784328 -0.515816092 -0.0433409214 -0.69211185
    0.242588639 0.263987124 1.13006818 -0.843919694 -0.0680007935
    1.20360947 -0.636711001 -0.251055539 -0.459308118 1.2353375
    -0.366921335 -0.582624793 1.91801572 0.241393328 0.487793863
    0.0320071578 0.437642872 1.19622493 1.72753668 -0.247130394
    -0.821488857 1.80674398 -0.386180192 -0.229835808 0.643597722
    0.775103927 1.14968157 -0.423021913 0.911294281 1.34408081
    1.12940907 -0.4091506 0.0827050805 -0.711857796 0.613734722
    1.46857393 0.620195627 -0.589251399 1.2250092 -0.0614658594
    0.90077281 -0.336278588 -0.332507908 0.24994278 1.70951426
    -0.778171778 1.48406816 0.449814618 0.21522212 -0.584745646
    0.192470491 -0.0826618671 0.514517188 0.884649873 -0.310063601
    1.43065965 0.768560708 0.404778838 1.61763906 1.2760309 0.452097118
    0.194452643 1.5584178 -0.0952479839 0.0797465444 0.283310652
    -0.348332971 0.303636372 1.11852205 -0.114413142 -0.639306486
    -0.582851529 0.286261797 -0.421858847 -0.294810295 0.0985920429
    0.789482176 1.57510316 0.0586529374 1.07278514 1.60725737
    -0.465180099 -0.534159541 -0.0299313068 -0.177663982 -0.499951422
    -0.416088462 1.65769792 0.71379143 0.535515785 0.896886706
    -0.435129911 0.613549769 0.727344692 -0.183915675 -0.508843899
    1.39360642 -0.360894799 -0.408090234 1.0906868 0.658414006
    0.542693794 -0.509498596 0.954096317 0.915996671 0.875445127
    1.45265412 1.48712707 0.666970313 0.931376636 -0.165732294
    -0.201644152 -0.182228357 0.00859415531 0.977631807 1.43845892
    -0.169519663 0.162845492 1.37744904 1.40981054 -0.159209371
    0.753048718 1.76917338 -0.471595854 0.428831816 -0.693878055
    -0.641299903 1.28168309 -0.187527239 0.640860915 0.974479914
    1.08517504 1.78880477 1.16640735 -0.105336785 -0.140365064
    0.172202468 -0.313128442 -0.722360492 -0.623773992 0.966774285
    1.71657538 0.227506101 -0.602505207 1.44765699 1.10711634
    0.0988791585 -0.445583731 0.697829723 0.0627422929 0.421486735
    1.63350153 -0.477999985 0.319371045 0.74230057 0.153010249
    0.600401759 1.43677819 -0.102755606 1.2138114 1.33727729 0.707285404
    -0.509114981 1.24259233 1.28186107 1.92031479 0.378482699 1.39056301
    0.809252739 -0.589363039 0.935863793 -0.173800886 -0.329328805
    -0.627233744 1.86905444 1.59058797 0.854143083 -0.503209233
    0.0377116799 1.75527298 0.182483852 1.7006433 -0.0439214706
    1.52971029 -0.697898269 -0.903355837 1.73804605 -0.298766851
    1.40110564 0.300128281 0.71637392 1.68188202 0.459181249 1.60920274
    0.462481976 0.236305356 0.747557044 -0.692122459 1.2490617
    1.41282189 1.68410277 0.262498796 0.186891437 1.31501329 1.51746261
    -0.531694412 0.483415008 1.71269608 1.10927057 0.80151391 0.6632061
    1.07914782 0.7073946 1.21650505 0.132950246 -0.184717119
    -0.217488825 1.06185031 -0.707297623 0.297548294 0.763952613
    -0.766419411 -0.793036044 1.65457857 -0.0189532042 -0.295344293
    0.833677649 1.46046126 -0.550568819 1.30267477 0.307936788
    -0.875921309 1.1265831 0.15427202 0.8042413 0.055226922 1.26120329
    1.08168459 -0.297097504 1.80498481 1.46836948 -0.632878542
    1.75220799 0.640706301 -0.584924221 1.96749759 -0.338416845
    -0.47801879 0.709640622 -0.254898846 0.771856427 0.967933536
    1.1892345 0.123372138 -0.255524516 0.899347365 1.65898383
    -0.499734342 1.4095341 1.45185018 1.34960663 1.07491887
    -0.0402007699 -0.851762235 1.30668569 1.19202256 0.8234483
    -0.734912634 1.52003419 -0.6512115 -0.109517694 1.24972355
    0.675686717 -0.303371429 1.3339237 1.4003576 0.233991683 0.161666512
    -0.277480543 1.98565519 0.545032799 0.0517555475 0.944288671
    1.30328345 0.672628582 -0.596147418 -0.120678663 1.00393581
    1.52200246 0.342495441 0.778429985 -0.0877870917 1.08707213
    0.679481387 0.543029249 0.676100731 -0.637631059 -0.243216366
    0.936578631 1.42459965 0.0772463679 1.0495683 -0.604463637
    -0.0557813644 1.56620944 1.2396915 1.39944029 1.31095755 0.529683709
    1.6572119 1.37793458 -0.363513589 0.593433261 -0.375133932
    -0.361838698 -0.180931807 1.13692248 1.24065423 0.0059825182
    0.942067802 1.24359179 0.552842379 -0.125231445 0.935492873
    0.978831232 1.42313325 -0.217149317 2.02997398 -0.419081479
    -0.234873295 1.95596778 0.420423508 -0.434990287 -0.165402114
    -0.394604474 -0.840173125 1.355968 1.90601063 1.22357678
    -0.544502139 0.954520643 0.679367602 -0.0975708365 0.498648822
    0.755791008 0.929440022 -0.0192067027 0.571604669 1.6835978
    0.317099452 0.561028123 1.52258933 1.76074386 -0.617827296
    1.75367141 1.43304157 -0.0889729857 1.52731907 1.28321052
    0.348810852 1.11279142 1.23820424 -0.468745947 0.663499892
    -0.788467944 -0.213621557 1.05134225 -0.169487357 1.67869544
    0.673960924 -0.544080853 0.443503976 1.09572923 0.131153107
    -0.799790084 0.990362763 0.0600777268 0.771442652 1.14712954
    1.53144538 1.17584538 0.109233022 1.44906986 1.4694643 0.946797371
    0.442367196 0.71615684 -0.187579811 0.0205647349 0.794929504
    1.00144196 -0.186542153 0.294529617 0.662232161 1.03512967
    0.121135056 1.46502721 -0.495956004 -0.628468096 -0.282686323
    1.01126409 1.08700204 -0.682578683 1.89096999 0.0503590703
    1.98954129 -0.0487951636 -0.529171705 0.129419386 0.911382794
    -0.120165706 0.700027227 1.42776656 -0.44891566 1.450881 1.42550337
    1.66061652 -0.605479836 0.597827077 0.478216171 0.30404979
    0.544268608 -0.470959842 -0.0260336995 -0.463088036 0.530684352
    1.7324928 0.174393296 -0.549434245 1.38668203 0.620544851 1.38005376
    -0.600176513 -0.0355186462 -0.320765078 -0.152552426 0.189289749
    -0.176514089 0.121022403 1.07555258 -0.612155199 0.912181377
    1.20333302 0.521127701 -0.173140585 -0.246698618 1.39743876
    -0.494255334 1.79247618 -0.618506074 0.64269197 0.634328663
    0.786521018 0.961452067 1.18737233 0.690864563 1.26806748
    0.345326662 0.573306501 0.12710005 1.14580727 -0.590409279
    -0.0824839473 1.09772372 -0.139094234 0.259719849 1.38978338
    -0.42903018 0.311645567 -0.380845547 0.546695948 -0.434016168
    1.60926783 0.657551169 -0.493712574 0.0485005379 1.60123527
    0.525734484 1.60759473 0.912521541 -0.625972629 0.957491994
    -0.181755483 -0.365577638 0.328414738 0.700107336 1.54552865
    -0.281419992 1.62068105 0.0307235718 0.932574213 0.788415074
    -0.00247108936 1.07821345 0.506621361 -0.680562198 0.655554116
    -0.0101291537 1.49756658 0.255330443 0.302942872 0.0472823977
    -0.0861678123 1.2419827 0.11910814 -0.831415713 0.568571389
    0.679088175 0.401173413 0.508705139 -0.0427918434 0.467099786
    0.858544171 1.45756269 -0.164861679 0.946131945 -0.975753546
    1.10454929 1.46198487 1.56862903 1.33685446 -0.739223838
    -0.761633813 0.0360782743 1.4891355 -0.727855206 1.47201955
    1.58195221 1.7263447 -0.0187155008 1.33515644 -0.27329427
    -0.104105294 1.1797533 1.34777439 -0.736235917 -0.585181892
    -0.63560009 0.753147125 1.76254654 0.62188983 0.897763729 1.30421877
    0.364122093 0.142148077 -0.735438526 0.766599953 1.31685901
    -0.725485206 1.45968866 1.41335535 1.49386477 0.420781493
    0.200038612 0.611620903 0.758004963 -0.625577509 -0.0138455033
    1.00353277 -0.374896407 1.67730117 -0.218216181 1.34664702
    1.08588958 0.83046174 0.228556514 1.26386344 1.61988378 1.73903835
    0.359049439 1.27608395 0.252203763 0.420525193 -0.0522184372
    1.15707278 0.427688181 -0.523389459 1.55777454 -0.634471059
    -0.460860252 1.17719245 1.57643843 -0.341745913 -0.669759512
    1.77629066 2.00585318 -0.563149214 1.28264177 -0.294051349 1.4098208
    0.881137431 0.932265222 0.236219883 -0.387891233 0.0134269595
    0.751951635 0.657087386 -0.487677574 -0.220530272 0.611963034
    1.24042964 -0.457428515 0.216881692 1.30401766 -0.483317345
    -0.107952654 0.657575488 1.2792747 -0.0706099272 0.807436824
    0.688798964 -0.712188244 -0.469355762 1.71321034 0.13319999
    -0.22191602 0.0311781168 -0.0216253996 0.85559088 1.27842093
    0.541718662 0.659403265 0.556088805 -0.538563192 -0.352517307
    -0.274853319 1.15228653 0.382753134 1.62657654 1.24623728
    -0.451632619 0.835701227 -0.3482548 -0.698545754 -0.597405195
    0.0595650077 0.607103705 0.439430118 1.54995978 -0.167702377
    0.799564123 1.54589355 1.40011692 -0.687368274 -0.116137922
    0.333794713 -0.420727611 0.797979653 1.50280917 0.533624589
    0.808070719 -0.311355591 0.0114136338 1.39901364 -0.673856139
    0.281404018 0.63330406 0.820192575 0.769220531 1.07653189
    0.567619026 -0.523519278 0.54695183 0.460268438 0.483147383
    1.62781417 1.29245162 1.5386976 1.05683482 -0.552532315 0.974223018
    -0.837888896 -0.431611151 0.249100685 0.240973413 -0.329136968
    1.60096097 0.150088906 1.73318052 0.447856665 -0.633188546
    1.86313391 0.121213794 1.56437159 1.19898963 -0.199272752
    -0.485232085 -0.346620679 0.712183833 -0.494681269 1.51252389
    0.133115172 0.0327534676 1.65082026 0.100990176 0.345544338
    1.22145402 1.59815359 0.168147922 0.904323936 1.37591314 1.18593287
    1.13074744 -0.896985471 -0.673654079 0.732603192 -0.227904022
    -0.255089402 0.982359588 0.251547813 0.842208922 -0.862379134
    1.00324726 1.20863914 -0.902412832 1.43047428 0.0816451311
    -0.0689211488 0.0695983171 1.24990892 0.960882008 1.05526543
    -0.601724029 1.42703676 0.208502889 0.217965603 1.5818994
    0.973988831 0.342443526 1.42542672 0.680420876 0.753524899
    1.49330521 0.840114713 1.60383141 -0.000318348408 -0.0276220441
    1.63138294 -0.618059814 0.387502432 1.29128337 0.938435674
    0.199742198 1.32655764 -0.184095025 -0.565800548 1.77766204
    -0.550971389 1.4597888 -0.470298409 0.749689639 -0.609439731
    0.363876164 1.37881482 1.33542275 0.593599439 1.10974193 1.11034346
    1.85153508 0.939729333 1.52601957 1.54339957 -0.559657872
    0.375284195 -0.148578346 -0.534840703 0.417333245 1.16115999
    -0.819622636 -0.404459774 0.88372308 1.31331813 1.54150438
    0.117730856 -0.272268534 0.794651687 1.43030596 0.807497025
    1.49076056 1.67786241 0.546135724 0.329074681 1.1439817
    -0.0357835293 -0.838539541 -0.284885406 0.0522089601 -0.0055090189
    -0.192626536 1.48407924 -0.521548867 0.982712328 0.734272957
    -0.07479316 1.57916617 -0.00521326065 0.799181521 -0.854351997
    0.440352023 1.38646948 0.172278166 0.671732247 1.38067389 1.44212699
    -0.413482457 0.0352036357 -0.732658267 0.0562268496 1.01952028
    -0.581439435 -0.475983143 0.590919554 1.00652409 -0.0780423284
    1.86402202 1.20912671 -0.786613226 0.524418414 0.00338810682
    1.40885067 -0.153180063 0.0643742085 1.06887829 0.874538362
    0.358240843 -0.722997367 1.47535038 0.384473681 1.04943919
    -0.591108322 -0.366778135 1.63521075 1.40687633 1.12875521 -0.258405
    -0.514408588 1.35955238 -0.77890867 1.43734765 1.62181735
    0.786163151 0.72837913 -0.66260463 -0.641129911 0.79670465
    0.410501003 0.198706985 -0.206694603 0.940919399 1.39014399
    -0.765877128 0.92743212 -0.766357422 1.7238059 1.66687536 1.61543298
    1.75109076 -0.438199639 -0.161483169 0.00455272198 0.663721085
    -0.200850248 0.268575072 1.17646813 -0.281803966 -0.011590004
    0.353345096 1.49080908 1.08489287 0.371537328 1.09743762 0.119639575
    0.0735359788 -0.568515599 1.62375093 -0.049574554 -0.697273731
    1.46163046 1.51501012 0.191612363 0.187794864 0.878238142
    -0.0253949761 -0.243773997 0.964630723 -0.376520306 1.15594363
    1.45491171 1.58986104 1.38910818 1.21628416 1.36250317 -0.307624638
    0.676962376 0.250982523 -0.614756584 1.53586257 -0.746304989
    0.264052927 -0.533502758 -0.185408771 -0.406779289 1.00687146
    0.262958705 0.395473719 -0.320005178 1.22642875 1.10994315
    -0.292201757 0.829318762 0.563413501 0.793029964 -0.389582306
    -0.634144068 1.45502067 -0.293763667 -0.551943541 0.845144987
    0.517147601 0.824076235 0.00626295805 0.707240105 0.0202925801
    -0.485379815 0.794891298 1.70008564 0.196363211 -0.323825717
    0.201319814 1.40126038 -0.628422737 -0.625705183 0.0130695701
    -0.457699776 1.31273723 -0.437101513 0.607068837 0.128520131
    0.314888597 0.510177016 0.313564897 1.65854049 0.341135025
    1.42203069 -0.222892463 0.821391106 1.58107662 -0.080165863
    0.797746658 1.24842024 1.09294224 -0.39322561 0.898112893
    0.711053133 1.25925946 1.26368558 0.328838229 -0.621944189
    0.965616465 1.07753825 0.58246547 1.31998527 1.41077876 -0.302697122
    -0.30901444 0.408316791 1.13514018 -0.815764964 1.47607064
    -0.831950605 0.00717270374 1.4199903 0.255088329 0.00241523981
    0.129537523 1.79417372 -0.320813239 0.398687541 0.726255536
    0.884607375 -0.678711236 1.35209036 1.08615804 -0.362705588
    0.127599478 -0.195249021 -0.253573239 -0.19316262 1.24452281
    -0.533663869 1.12140894 0.752495348 1.18944097 -0.498435795
    1.01074183 0.200066447 0.307632446 1.39395952 1.54862297 0.864223599
    -0.645714462 -0.0686098337 0.398493707 -0.647860289 -0.551585734
    0.641409338 -0.461949885 -0.832555175 1.64869523 -0.272792459
    1.54757881 0.954954267 0.637215495 -0.0279235244 0.215754956
    1.3512342 0.375913739 1.60536385 1.69026566 -0.657340407 0.860092402
    0.674436271 0.975525558 0.212360024 1.10300124 1.10022211
    0.804595232 -0.493288755 -0.0915266871 1.68493283 0.42599088
    0.692967415 -0.595299125 -0.564074814 0.212509036 -0.635368705
    0.74588877 0.177155912 0.749314189 1.17799747 0.554338694 1.31684232
    1.78630781 0.724370718 0.225155354 0.117405117 1.54208684
    -0.12761575 0.531180501 0.629066408 -0.454906881 0.0560085773
    -0.441049218 1.04465079 1.39995408 -0.602540731 0.68303293
    1.80797267 0.63364017 -0.209731996 -0.428825647 0.126040459
    0.865491807 0.302911997 -0.341965377 -0.26898542 1.49541879
    0.574080646 0.74406898 0.0784869194 0.336729705 1.08996153
    0.0679672956 -0.099188149 0.446792364 -0.15704143 0.816736639
    -0.721068978 0.978001893 -0.421432942 -0.523613453 0.351444483
    1.66351843 1.59588838 1.62202287 -0.221325815 -0.0796682835
    0.385798275 0.204189897 -0.585024476 0.595796406 -0.529401302
    1.79499745 -0.68078804 -0.134990156 0.835741103 -0.711290956
    -0.166890919 -0.401406229 0.929269075 0.692040443 0.172159374
    -0.364305675 1.30781007 -0.107679665 -0.637767494 1.75966299
    -0.748008251 1.67977357 1.47397542 -0.622841954 -0.663828254
    -0.27952379 1.07275295 1.23378551 -0.139801383 0.0547822714
    0.0603466034 0.892782331 -0.433695406 -0.722900629 -0.280620098
    0.0790959597 1.35185313 1.10249579 0.439379692 1.29126287
    0.0308340788 0.500342369 0.789064646 -0.644906163 0.991879046
    0.985424757 -0.39814198 0.87468189 0.447399914 0.52329129
    0.0593960881 1.73997176 -0.168721259 -0.66958344 0.663734794
    -0.678815126 1.73186445 1.61466372 0.320694208 1.35261655 1.18421018
    -0.778139055 1.54889846 0.41794771 1.13631129 0.490841031 0.47649616
    -0.0691403747 0.145290911 0.980401754 -0.592425823 1.90497637
    -0.480376095 -0.559382617 0.449889064 1.52539706 0.104919612
    1.34094739 1.66758585 -0.539184868 0.426272154 2.00024557
    -0.580079556 1.4096179 -0.379905939 0.0140238404 -0.093447268
    0.408002615 -0.203091681 -0.350779861 0.518605053 0.106088758
    -0.0614949465 -0.229098141 1.08730936 -0.786541939 1.27023053
    1.30662501 1.04459596 1.54593813 1.26120567 -0.520571589 0.889154732
    1.48564315 0.922147274 0.604062259 1.77968812 0.789313078
    -0.422779411 -0.160855412 0.860882699 -0.57825017 1.93137836
    -0.363733739 0.800469398 1.482651 0.193454444 1.31725883 1.46283865
    0.561802983 1.23081279 0.682362914 -0.530151308 0.674138069
    -0.676871121 1.25392556 1.63532066 0.275816798 1.49641085 1.13961244
    0.277684391 0.805719137 -0.835338533 -0.169084072 0.933694601
    -0.760350049 -0.0976797342 1.40274525 0.733822286 0.760294676
    0.680525541 0.502807736 1.55943787 0.115427613 1.24480009
    -0.343159556 1.64536905 -0.851901174 -0.156463385 1.31330276
    -0.145744085 1.1210233 1.46757472 -0.691038668 1.75792456 1.23985648
    0.766564608 0.338368118 1.27971315 -0.331416965 0.249388814
    0.107168913 1.56365585 0.847983837 1.39984703 -0.745902181
    0.661715865 0.961072564 -0.0505334735 1.92224419 0.135292947
    -0.588199437 0.139881432 0.581933558 1.53299975 0.851769388
    1.3240279 1.56906998 -0.665228724 1.06206334 1.62597287
    -0.0229529142 -0.481442392 -0.289422005 1.94104183 0.290728748
    -0.555445552 0.896703541 0.60963124 1.14170861 0.328563929
    1.55255914 -0.0898109078 0.191910267 -0.209001362 0.204833508
    0.273826003 1.39665508 0.587616205 1.35977733 -0.285664678
    0.0907114744 0.0906223655 0.0405848622 -0.1363644 0.124599159
    1.30677664 0.203884721 1.52856612 0.633838534 -0.312579572
    0.325563729 0.802995205 0.728283763 -0.765598059 0.613518894
    1.90857005 -0.700968027 -0.211579204 1.0071981 -0.357019275
    -0.653137684 0.677768767 1.0237174 1.51232433 -0.461638242
    -0.895560443 1.54593945 -0.200702071 1.47739172 0.723189175
    1.11233175 0.0456803441 -0.430236757 0.782887876 -0.69386512
    1.0077908 -0.079839766 -0.186454773 0.122837782 1.18650675 1.7966162
    0.78380239 -0.320228606 0.40265131 1.42807221 1.79531264
    -0.641184688 -0.0066357255 1.11263168 0.868660271 1.14352834
    0.012031436 -0.805449843 0.514502943 1.03175426 0.424930811
    0.496192336 -0.262524784 1.66465092 0.982953668 0.833019137
    -0.659704328 1.51025867 0.873051405 1.4204278 0.197984457
    0.695629239 0.393749893 1.76138389 0.208989263 1.11341059 1.1929543
    0.654189289 -0.144794345 0.885639668 -0.64418149 0.307966113
    -0.128804386 1.49790049 0.181090891 1.60113716 0.214063883
    0.487088084 1.11062491 0.919904709 1.10576284 -0.374129087
    1.79124808 1.02393126 1.0181967 0.433052719 1.70766389 1.13452649
    0.57656306 0.336043 -0.455158353 1.22576773 1.77308774 -0.238032699
    1.48572135 0.330416679 0.531162918 0.618848264 0.134849131
    -0.786357284 -0.021001935 1.21221256 -0.436899632 1.55375934
    0.326982379 -0.316169024 0.567912877 -0.568917036 1.57822371
    -0.560264707 -0.439391106 1.52133477 0.223229229 0.818921387
    1.30679166 1.17621017 -0.491932452 -0.610377848 1.65729809
    0.625858009 -0.0470446348 1.33862245 -0.679352462 1.71842337
    1.11660099 -0.617196858 -0.50362277 1.57269371 1.6914978 0.785403132
    -0.103801608 -0.215689987 0.241818309 1.20934546 0.810245275
    0.188263774 1.28855026 0.56700021 0.869713247 0.997450829
    0.0764092803 0.304577768 1.81010377 1.65714538 1.65432525
    -0.689497113 1.89109135 1.61918294 -0.0430960655 0.410587788
    0.925342143 0.669857621 0.514462113 0.0638570189 -0.337386459
    -0.103665113 0.805732012 1.06367826 0.360148549 -0.335371315
    0.368077755 0.0312122107 1.23351121 -0.513809264 0.665915728
    -0.657918215 0.263942182 1.8025682 -0.0482119918 -0.125267625
    1.49823594 -0.295428813 1.17547381 1.34033203 0.967309356 1.51542211
    -0.738127708 -0.287900448 0.078268826 0.412008703 0.618286073
    1.53925526 0.917981029 1.67563486 0.188007057 1.24322104
    -0.116146982 0.138203144 1.26782036 1.44831181 1.31909645
    0.694708109 -0.361574233 -0.16936326 0.441649675 0.359085381
    0.421010256 1.65583181 1.01197922 -0.389196873 -0.554933488
    0.900874615 -0.809285522 1.09995532 0.909137249 0.822444558
    0.958379269 -0.303905189 0.547085762 0.160852492 1.30480742
    0.420429945 -0.297669411 -0.821559608 0.482839048 1.25890303
    0.0547396541 0.742281556 -0.427911073 0.0562007427 1.88731599
    1.52468884 0.0244829655 1.32543325 -0.0281310678 1.38858509
    1.01795554 1.00845492 1.49652195 0.942647219 0.843856812 0.21377176
    -0.557701588 2.19300246 0.699409723 -0.222956777 0.243802071
    1.23022354 1.50870168 -0.862173796 -0.604130507 -0.222424507
    -0.271556914 1.96858323 -0.811754763 1.13877797 1.06653404
    0.52794385 0.528290987 1.53198504 -0.365778446 1.36876476
    0.0904428363 0.741906643 0.782440364 0.0575315952 0.236826003
    0.203243852 0.811734498 0.531326771 0.496126413 0.401976407
    1.61202788 0.794017196 0.575886071 0.78129524 0.424170256 1.30823755
    0.0874576569 0.959878385 0.771233618 0.569209218 0.733462214
    0.0183404684 0.561308622 -0.636206031 1.35723662 -0.187255085
    0.184523225 -0.479889929 1.55192041 1.16953254 -0.244756699
    1.53004217 1.33389854 1.10389543 1.04676771 1.13332689 0.360800087
    0.636655152 -0.72549355 0.322679162 -0.507560432 0.0920456648
    -0.173893571 -0.562651575 0.599889755 0.339262962 1.81078851
    -0.0408529639 1.0808723 -0.661432862 1.6609745 -0.511169791
    0.608671308 1.74741614 0.578732967 0.922247112 0.692466915
    -0.242015302 -0.233168721 -0.0461764336 -0.377569467 1.35895228
    -0.704602182 0.069965899 0.39727366 0.811153233 0.425027966
    0.843286395 1.6308614 1.34741724 0.912594318 -0.334603548 1.48308659
    1.4584533 1.45300579 1.2978766 0.145196199 0.89634794 0.96400398
    0.347359776 -0.190077722 0.0092561245 0.731886506 1.78511059
    -0.425076276 -0.212893963 1.11001861 1.5132556 -0.0874251723
    0.476122975 0.442016721 -0.708818793 1.23707581 -0.480905801
    0.757212579 0.931949437 0.326583982 0.341533542 1.05675077
    1.80827475 1.09363103 0.375631988 1.79796696 0.0584173799
    0.370130062 1.7911582 0.153518856 -0.40817824 1.55288351
    -0.766583502 -0.383927047 -0.452544212 0.760843039 -0.447262973
    0.901753247 -0.392889082 -0.377981126 -0.539270043 0.741574705
    0.911487699 -0.43677184 -0.371571332 0.745615125 1.59224606
    -0.843460619 0.450075924 0.782643199 1.86608839 1.0439117
    -0.433280051 0.257035792 0.743924201 0.507750273 0.130973876
    -0.0908955932 -0.175060213 0.62854445 -0.752681017 0.987845421
    0.27203387 1.66833556 -0.202710986 1.32857537 0.369243741 1.34617019
    0.568231881 0.743576109 -0.0707892776 -0.694121718 -0.0621225834
    -0.63945204 -0.503396392 -0.631571651 -0.27893281 0.625858426
    0.385233343 -0.673936665 0.590256929 1.3454293 -0.816768169
    1.43584692 0.840905726 -0.398846269 1.171592 1.7766068 0.624845147
    -0.363917172 -0.496912509 0.415878773 -0.686005592 1.20517981
    1.11705136 -0.689468026 1.11047387 -0.502174616 0.458668113
    0.363354921 1.48394442 0.16914326 -0.26481241 1.60165977 1.50916624
    -0.634836078 0.354259312 0.811291456 -0.602000594 0.706774414
    0.399618328 1.71684194 0.170627415 -0.327448308 0.835225999
    -0.704750061 1.33281243 1.58046317 -0.0647886992 1.39194107
    0.343155622 -0.61771661 -0.0575165749 0.875108957 0.189777195
    0.555837274 1.67096591 1.30537963 0.425301373 1.27528429 -0.19021523
    -0.215975046 0.290514112 -0.811604619 -0.506926 0.984687984
    1.19042182 -0.710719824 -0.592834651 1.51869488 -0.776649058
    1.32858276 0.720650554 0.292756081 -0.460162789 0.985989153
    0.978559434 -0.536854506 0.564869106 1.66909671 0.457419097
    -0.468839943 -0.851568103 1.33624887 -0.573422313 1.23666251
    -0.0894585252 0.859622121 0.946724772 0.438065767 1.14689469
    -0.0398070812 0.408091605 0.825196624 1.12932563 0.482408166
    1.06843436 0.419506967 -0.268004328 -0.356185138 -0.407229424
    0.869819462 1.59726763 1.49893177 0.629165351 -0.772840977
    0.645922482 0.702879667 -0.0639181733 -0.00477403402 0.00724613667
    0.706629574 0.898072183 -0.435862213 0.939957798 -0.202381074
    0.53501761 1.51946664 1.05878353 0.781170607 -0.426419675
    -0.768577933 1.45287669 -0.797976315 -0.153491974 1.37208319
    1.01881862 1.62055588 -0.0210833549 1.52217734 1.18579364
    0.356837511 0.986596346 1.38661814 0.351246357 -0.125475943
    0.952946305 1.73138595 0.669370532 0.839951456 -0.516694665
    -0.581102252 1.30588901 0.425295472 -0.171575427 1.33454108
    0.967720211 -0.84578228 1.54705358 -0.536839128 0.0596690178
    1.4179045 1.02962363 -0.549074411 -0.390947521 -0.683139265
    0.213851988 1.25438678 -0.35106793 1.58132911 0.00844717026
    -0.487037361 -0.306785852 -0.333793879 0.479793191 0.0699100494
    1.1598506 1.45582414 1.304672 0.217985749 0.69286418 0.720116854
    1.2237184 -0.155813098 0.112535298 -0.271783412 1.61438119
    -0.701707602 0.747473836 0.912651539 0.030108273 0.190838218
    -0.336612284 1.63388741 0.0456886292 0.0125639439 -0.0403861403
    -0.135141015 0.799204648 1.13124895 0.154426157 1.36933756
    1.64452422 0.847754359 1.34987473 0.493597865 0.200870574
    0.179745018 -0.136280358 0.538932681 1.19991779 -0.144491673
    -0.423721999 1.04514182 0.411120892 -0.658824921 0.900427222
    -0.504379749 -0.0495120287 -0.473779351 -0.0170564055 0.818584442
    1.51045346 1.16950881 0.0348917842 0.875926435 1.67531419
    0.572783291 0.0678696632 1.36777449 0.554739118 1.50467896
    -0.204098225 0.682566524 1.20987821 -0.117112517 1.33697331
    1.79017305 0.117571652 0.401950836 1.15381837 1.4715879 1.25797999
    1.02034509 1.48513985 0.0349836946 -0.179501474 -0.792513311
    -0.32663846 -0.480288625 -0.586754382 0.961999178 1.41685033
    0.331229687 -0.278938472 0.424936175 1.22338009 1.31835032
    0.0396376252 0.800808251 1.06963706 0.452406466 -0.846385241
    1.58146143 0.88116318 -0.35149461 0.887023151 -0.210594237
    -0.509527028 1.35699868 1.49560642 -0.564375341 1.35788119
    0.869237661 1.08286667 0.216212869 -0.382133901 -0.310293376
    1.66488791 0.34957397 -0.429367959 1.13747108 -0.445677698
    -0.283276618 1.54341865 1.04756522 1.26456666 0.211960793
    -0.161134481 0.516902447 -0.681415021 -0.637840927 1.18261838
    1.63387311 -0.929185808 1.07819176 0.274472117 -0.51362896
    0.153387547 -0.678020775 0.265630305 1.22698331 1.06133521
    -0.759044588 -0.575769186 1.69045603 1.76278591 -0.163764834
    0.575508773 1.28759885 0.3357234 0.568689227 1.04783988 0.0487630963
    -0.37787801 1.08748746 -0.456046939 1.70340586 0.295325696
    1.20267618 0.207875669 0.877783775 1.50672841 0.812291741
    -0.0854670405 -0.395659983 0.108547747 0.739981353 0.391268015
    1.70445323 1.13433051 1.73210812 1.11337507 -0.323587298 1.30515337
    1.59478354 0.289797246 0.00990080833 1.75842834 -0.189737201
    0.391458511 -0.670556962 0.242854655 -0.00697249174 1.52680278
    1.6782738 1.02152097 0.775685787 0.0440075397 -0.131495416
    0.51615423 0.321454406 -0.453532815 1.63176799 1.31826115
    -0.140028417 0.490866065 1.64889455 0.638563752 -0.683081448
    1.61340535 1.33219194 1.62509167 0.194180906 -0.192912698
    -0.305438131 -0.772398949 1.6065836 -0.207155228 0.0839940906
    -0.665185928 1.69120514 0.774479568 0.854014039 0.245325506
    0.657143116 -0.523608506 0.986348093 -0.158887804 1.94623697
    0.229126394 -0.50898695 0.263688982 -0.272025108 0.0121687651
    -0.416246384 0.785057545 0.845510662 1.37892294 -0.333790362
    -0.303145349 1.52688122 0.9738096 0.391511917 1.17766726 0.350172997
    1.40627813 0.545113087 0.700393081 1.46008885 1.50706494 1.1901412
    -0.673359454 0.255033255 -0.0270430446 -0.688333511 1.31609988
    1.79810393 0.827737153 0.0381111503 0.464868248 1.65617466
    1.54399145 1.17783189 1.36621428 0.194750249 1.32064903
    -0.0468264222 1.44082046 -0.219342113 -0.503402114 0.683494866
    1.71634412 -0.474600911 -0.233488739 -0.14887327 -0.242795408
    -0.149598002 1.01981008 0.717481434 1.07626057 1.55254269
    -0.795453846 1.02808309 0.308713555 -0.705216527 1.18039155
    0.564261317 -0.676328123 0.421572924 -0.0106558204 0.46195209
    1.29883659 1.65057242 -0.346190929 0.591242433 1.55632269
    -0.659539104 -0.475961 -0.819998622 1.40429616 0.977759361
    0.231727421 0.251614392 1.93370736 -0.731627226 0.397980988
    0.0625097156 -0.120431125 -0.421726108 -0.810828805 -0.252481699
    -0.806494117 1.86432934 1.57372355 -0.752572417 1.71711147
    -0.55089438 1.31649232 -0.679862857 1.39684665 1.65905237
    0.902589977 -0.350219935 0.231336534 1.86085582 -0.158670068
    -0.550094128 -0.819414258 1.36638808 -0.698409319 1.87793636
    0.311970532 -0.0224593878 1.41727781 0.748751402 -0.709210634
    0.904536366 -0.0944401622 -0.273936749 0.700761259 -0.445794582
    -0.0327057242 -0.0270134807 -0.355576694 -0.38886416 0.146749377
    0.928863883 -0.148663282 -0.469525754 -0.154040694 0.287183642
    1.29995537 1.07239568 1.12230277 0.749355018 -0.359654248 1.1684196
    0.860212445 -0.34139666 -0.175897419 0.657451928 0.296534419
    0.264483213 0.8838588 0.846149683 -0.94990766 0.924678683
    -0.534591019 -0.114450455 1.42195642 -0.026458919 -0.218151033
    0.469905674 1.41450346 1.22111249 1.45482445 0.524136186 1.22766328
    1.12013268 -0.590785742 0.47270745 0.559856415 0.517210901
    -0.534122229 1.03751504 0.0284898281 -0.352561861 0.177571297
    0.227540314 0.207053006 0.763494849 1.42178082 0.486456811
    0.0399272442 0.334773839 0.629440486 0.27827549 0.0171452165
    0.743522465 1.10271096 1.34520102 -0.65439111 0.878322244
    0.215624511 -0.150819957 -0.431825638 1.74954987 1.55087245
    0.696530879 0.985155106 -0.331274629 0.760063112 -0.0774104595
    0.705607593 0.164840162 0.0288994908 1.14434481 1.59776449
    1.35191905 -0.762292504 0.172492385 -0.693809152 0.4789626
    -0.357988745 1.51913118 0.133737862 -0.636513114 -0.329636037
    0.872214258 -0.098330617 1.26555967 0.207041144 -0.717184901
    1.59463108 -0.564462304 1.21587384 0.176514328 0.567927957
    0.976214886 0.141183197 0.119080007 1.80232096 1.42381954 1.23910761
    1.81149316 -0.381101131 0.49077034 -0.30415386 0.454130769
    0.893913686 -0.457420319 -0.0737947822 -0.213580072 1.42952728
    0.14087218 0.680036902 1.25563407 0.494085252 -0.222363651
    1.30082393 -0.222980559 1.85971737 1.25814772 1.09576678 1.05302453
    0.333636165 1.24454248 -0.137586594 1.07990575 1.46584857 1.0185616
    1.22942662 0.55746913 -0.100082338 -0.166148961 0.277025223
    0.935465097 0.562323928 0.482867122 0.205584586 0.393282235
    -0.0371648073 -0.0323378444 0.356719017 -0.233891547 1.18091273
    0.0627033114 0.320331275 1.01567423 0.190333128 -0.247290015
    0.691845834 -0.0654546618 -0.551709056 1.41970992 -0.452241093
    -0.109072268 1.74664152 1.68164623 -0.402102828 0.129763067
    -0.629758239 1.14954853 1.38979912 0.868621469 -0.784749985
    -0.401950181 1.5680027 1.0648948 1.45993459 1.00241017 -0.150093913
    0.40986985 -0.249464273 0.421542406 -0.440764427 1.60752761
    0.260918558 -0.785294056 0.724883914 0.400591969 0.77673769
    1.53514242 0.34437871 0.929891586 1.92562771 0.439038873
    -0.254804373 -0.34538871 1.32813013 1.87299454 1.2411685 1.75112247
    -0.658760548 1.74262953 0.490299702 0.0181572437 0.78523463
    0.353281617 0.892086506 -0.559915781 1.37685263 -0.220015824
    1.7547282 -0.25493288 1.56539631 0.271525443 1.21121681 -0.188590646
    0.979366422 -0.0086542964 0.830547631 -0.507186532 1.59373617
    -0.397384524 1.15095901 0.324844003 0.574638605 0.663952708
    0.0113252401 -0.214413345 -0.473232388 0.532700002 0.413409531
    1.65356827 -0.819791794 1.63449275 0.483174086 -0.0775735974
    1.09477413 -0.340708792 0.529395223 1.2671473 0.418533027 0.12469244
    0.642308116 -0.410574734 1.12011766 -0.277749062 0.757500768
    -0.39259997 0.334281325 1.26536381 1.91771817 0.717845917
    -0.696310401 -0.0339453816 0.982963383 -0.201275945 0.875322223
    1.67048848 0.755336344 1.17598104 0.312092483 -0.18954891
    0.655413568 0.584510922 -0.344573766 1.71460462 0.237769246
    1.29416847 -0.501851916 -0.0122227669 1.80672789 -0.486162305
    0.953074872 0.589004576 1.3935591 -0.0836112499 1.84198177
    1.77171266 1.82412148 0.537791669 -0.745517492 1.24339473
    -0.103885591 1.19933057 -0.732200265 1.22167206 -0.623774886
    0.354362369 1.57053506 1.27256799 1.64563501 0.664642334 0.532139361
    0.537174582 0.77868861 0.43939513 1.33450437 1.57058656 0.777029395
    0.626832068 -0.860450745 1.40267825 0.507438064 0.637273371
    1.53248322 1.56719244 0.342502832 1.26527333 -0.343731135
    -0.668329716 0.0101149082 0.143779218 0.727900624 0.26139605
    0.983585477 -0.831681907 1.27475667 1.24335718 0.322417915
    0.424810112 0.813014448 0.984419107 1.70668745 0.168014646
    1.22153676 1.23984373 1.61491764 0.352872312 1.84269631 0.029350996
    0.0956489444 0.544489801 0.934874535 0.300895214 0.788517654
    -0.842563748 -0.104292631 0.987964153 0.91787523 0.0941588283
    -0.572522044 1.21988273 0.500129163 0.224267304 1.19827104
    -0.560219407 0.275861919 0.255940855 1.16260409 -0.421977788
    1.46284151 1.10739803 1.3477366 0.561508834 1.33650374 0.930111051
    -0.400191844 1.17915452 -0.660235941 -0.134747088 1.53728962
    0.575403452 -0.473428726 0.826510906 -0.597196698 -0.409376562
    -0.21565783 0.143109143 0.0675912499 1.44761181 -0.000546097755
    0.960481405 0.671894014 1.73069048 0.130338728 -0.286544561
    1.28787708 1.81611586 -0.179379165 1.43912303 1.11220288 0.778637826
    -0.238988161 0.139549434 0.332368374 0.44629699 0.660165012
    -0.267563939 0.0509185791 0.348776996 1.12015736 0.797416508
    1.09415674 -0.189624369 1.75124252 1.64233327 -0.613884389
    0.124129534 1.4752351 -0.425973237 -0.026540339 0.208730221
    1.79417205 0.590026855 0.388320804 0.426543713 1.42206526
    -0.257939756 0.364215672 0.418222725 0.913795948 0.79989922
    1.13835478 1.40561283 0.572820306 1.50078154 -0.524210036 1.66506553
    1.52621186 -0.663917124 1.72901762 -0.497166008 -0.300209045
    0.69884187 0.406887412 0.521957874 -0.107266963 -0.638883471
    0.825680256 1.24824119 1.33671629 1.00665796 -0.996589303 1.67808104
    1.75306201 0.0229333639 1.46094227 0.152561128 -0.161682427
    1.78437567 -0.461743474 -0.570916057 1.40665519 0.678446412
    0.222706318 -0.100136459 1.51341319 0.939160109 -0.8964656
    1.02902007 0.984663188 -0.279506534 -0.347610176 1.21893334
    1.32207775 -0.681586385 1.40431905 -0.529377282 0.42304337
    0.282669544 0.719481349 1.65156889 -0.0601140857 -0.457568914
    0.0368803144 -0.122694612 0.380960047 0.0483323336 1.5687058
    1.25036907 -0.628674924 1.17831373 -0.270776272 -0.471850783
    -0.238785565 1.61197305 1.14710927 1.65660119 -0.796997786
    1.75340581 0.740359247 0.335476339 -0.801138461 1.3080349
    -0.75614357 0.726320267 1.28216517 0.694411397 1.14703369
    0.215828717 -0.43466872 1.84184527 1.1280992 -0.535204172 1.69094372
    -0.261267364 0.417626619 -0.244735539 0.333669126 0.930709004
    -0.109635651 1.00305223 0.851219833 1.50227523 -0.403674245
    0.0939782262 -0.404068559 -0.000433325768 -0.351770908 0.333650112
    0.531472743 -0.43848747 -0.733546376 1.06090474 1.89440203
    -0.187508404 0.157529652 1.60534954 0.147735 0.699751258
    -0.056517005 0.59991616 1.31747603 1.64461231 1.13296986
    -0.633283257 1.51960826 1.08808672 1.38510621 0.0252011418
    -0.0619295835 0.133404016 -0.797864795 -0.257827103 -0.524441063
    -0.757776558 1.93912733 0.537740707 -0.0263862014 1.46239972
    0.774394453 0.828760147 0.573038757 1.48293495 0.906114101
    -0.341868281 -0.550064921 -0.285778761 1.41991997 0.892881691
    -0.311787605 0.725882053 1.48202276 0.339210749 -0.188363492
    -0.118158579 0.610774457 0.454395115 1.30814385 0.419143856
    1.10182846 -0.192278564 0.0255775452 1.53407061 1.70169711 0.5953601
    1.79482198 1.64371014 1.3425107 0.330872476 0.418345928 -0.295799077
    0.156477273 0.0578625202 -0.25903666 1.08856726 0.857386649
    -0.677313805 1.44377279 0.148629785 -0.613172293 0.227391779
    -0.0306702852 0.559967101 0.539891243 -0.667455077 -0.302767336
    -0.603556752 1.56556749 -0.348451018 -0.545685291 1.57649612
    0.0458798409 0.74738574 0.97059226 -0.100272298 -0.398647487
    0.358200908 1.51886582 0.499970317 0.75549382 0.291040003 1.80861425
    1.73771572 -0.593392074 0.560592592 -0.150105834 0.644781053
    -0.68163085 0.34382534 0.470125616 -0.551548779 1.20208335
    -0.595148325 0.912734747 1.7093761 0.297171116 -0.513390124
    -0.494697899 0.908277631 1.71332264 0.19281894 1.57533586 1.3992064
    1.13818586 0.179626584 -0.0865828395 1.73230326 -0.112185121
    -0.195367038 -0.594351768 1.3969698 0.52943629 -0.00852459669
    -0.890955269 0.0805823803 -0.519751072 1.12192833 0.809966385
    -0.481642574 1.25433707 1.35849977 0.305353999 0.508666813
    -0.394034535 0.071757853 -0.537054598 1.19444394 -0.579957485
    0.347945213 1.42322493 0.901543975 1.41862166 0.176080108 1.1137166
    0.189366698 0.120901704 -0.417359859 -0.306090534 0.398980975
    1.62836456 0.259412646 1.10159397 0.30995208 1.76469803 0.913671374
    -0.277883351 -0.0827986002 0.862949848 1.60538423 1.04070377
    -0.47305131 0.197175801 1.60714579 -0.21416837 -0.587742269
    0.295341492 0.0361129045 -0.0812582374 -0.629368782 -0.166563213
    1.5795095 1.46235025 -0.124570072 1.27004683 1.4846338 0.0557155609
    0.70704174 0.495112658 -0.276506782 0.919590831 -0.436385006
    1.47471035 -0.770299673 -0.267565131 0.225531161 1.21674204
    0.39066267 1.59979975 1.42403889 0.792553663 -0.162228823 1.04130626
    0.679741979 0.636677206 0.0706954598 0.800664425 -0.158309221
    -0.523019671 -0.62446624 -0.464449644 0.306500793 0.414001405
    1.62318158 0.85794276 1.09824002 1.80526793 -0.549807131 1.14749789
    0.416268229 0.220791936 1.03583086 1.32145047 -0.559930384
    0.453790247 -0.331588328 1.09118485 -0.603058219 0.254365504
    0.370167196 0.570632458 0.641560614 0.134574473 -0.66324836
    0.285825431 1.08935475 -0.496669859 1.01271224 1.34183264 1.78215718
    -0.606149435 0.251822829 1.15019846 1.63276613 1.56244695
    0.770412982 0.296571791 -0.521953225 1.4506079 0.872277439
    1.01196325 0.00199711323 1.32340503 0.241975546 1.68251801
    1.31601846 0.943616509 1.00036931 0.0277014971 0.303481281
    0.671336651 1.63530898 0.864279032 0.38191092 0.605843902 1.73125935
    0.871453464 0.718960404 0.368617058 0.109500647 -0.423644602
    -0.741024077 -0.333626449 1.02314568 0.774626911 0.641775191
    -0.0538548827 0.593205512 0.293669343 1.63402414 0.568622231
    -0.557622671 0.70115757 -0.235691488 0.707735598 0.43231523
    0.525973916 1.43300772 -0.559159935 1.88126075 1.40552735
    -0.029912889 -0.0525488853 0.0949109197 -0.594641685 1.20167422
    1.24407673 0.60626775 0.920422852 1.08866501 0.494877458 0.729945838
    -0.303346485 1.18173337 0.522034943 1.49348354 -0.038341403
    0.619148433 -0.783372998 1.70372915 1.1413492 0.516741514
    -0.261951983 -0.279698968 1.49377823 -0.905671597 -0.0127475858
    -0.622079849 0.658572674 0.775775075 -0.183225691 -0.663627625
    1.56874788 0.516582847 -0.566012502 -0.149581134 1.64963233
    1.35013533 1.20313346 1.27572811 0.976380825 -0.270963013 1.72626185
    -0.796541989 -0.219897509 0.399547279 1.91709781 -0.709872246
    -0.255061269 1.80108726 -0.503004551 -0.0328660607 0.999918103
    1.43236303 0.286293268 0.473730326 0.92892158 1.41982102 1.69560707
    1.40768969 -0.352324188 -0.495587111 0.499974847 1.29036856
    -0.260736465 -0.242648482 1.1565876 0.224968851 0.472317398
    -0.0145047903 0.770477951 -0.334282279 0.728713632 -0.166142166
    -0.064953208 1.46726465 -0.0131962299 0.556071043 -0.26208058
    -0.0696167946 -0.805732608 1.72403336 -0.200464427 -0.558842301
    -0.545871854 -0.556635618 0.049884975 1.81212664 -0.437213928
    0.382286131 0.434235811 -0.0193918347 1.56360555 -0.169218719
    0.296614647 1.90568817 -0.413701892 0.658904374 1.51529408
    0.864969134 0.148732305 0.482980907 0.934350193 -0.568722129
    1.01186669 1.29908586 1.37387061 0.245965838 0.24913609 0.792976677
    0.0221807361 1.78217459 -0.468985021 -0.405130565 1.00255024
    -0.665815651 0.386469662 0.495182753 -0.724661827 -0.518881798
    0.1033566 0.0893828869 0.956258893 0.0678921938 0.325098515
    1.35218513 1.2457037 0.871414542 1.60465956 -0.596989632 1.14063334
    0.334847748 1.78684032 -0.847673297 0.958820939 1.49288321
    1.03096676 -0.0612273216 1.63576901 1.27818847 0.0519201159
    0.437779367 -0.554948032 0.324822664 1.30771446 0.957050502
    1.56665862 0.532304764 1.61069262 -0.744572818 -0.758691072
    1.45421767 1.11235678 -0.587561011 -0.730804026 0.465645194
    0.839468062 -0.783965886 -0.678841591 1.76181412 0.0991183519
    1.51180553 0.236200571 0.350408316 0.0684659481 1.28910816
    -0.349547744 -0.558679163 0.346390963 1.30188537 -0.068957448
    0.1740852 0.511672437 -0.348780125 1.48610997 1.08800769 -0.69219631
    0.265446067 -0.192092955 0.0205298662 0.465643048 -0.559616446
    0.2984339 -0.0274940133 0.573135912 -0.504525185 0.475965917
    -0.129925072 -0.661251128 1.29542446 1.52790451 -0.826510251
    1.5520246 0.729260802 0.488218009 0.741523683 1.82108378
    -0.166567862 -0.0634480715 -0.301347971 -0.190362692 -0.124262512
    0.881863594 1.47213864 -0.186998844 0.316852272 1.67859769 1.2683717
    0.266313791 0.848933995 0.035492897 0.269846141 0.377318084
    0.14719677 0.828321576 -0.553520799 1.52924073 -0.250278354
    -0.434779197 -0.710219085 1.52512681 -0.689108014 1.289258
    0.415891886 -0.424894482 0.023730278 0.0502316952 0.0815170407
    0.577639461 -0.341165483 -0.893459797 1.00443172 1.44875979
    1.02351749 1.41099143 -0.564832211 1.63856101 -0.497344553
    0.566941082 1.5374763 -0.303112566 -0.444668353 1.07852769
    -0.646539927 1.07137728 0.998632848 0.264436483 0.903348088
    0.738427401 0.0346972346 -0.0038138628 0.273010552 0.235736668
    -0.0842847824 1.49513948 0.350671649 -0.300404847 1.25965261
    -0.820197105 1.68189681 1.66032863 1.37029493 -0.0292173028
    -0.712093532 1.1822226 0.0733154416 0.654821336 -0.21065551
    -0.323218763 0.262232542 -0.0475558639 0.322737217 1.17986214
    -0.136654913 0.0767329335 -0.461853504 -0.760918915 0.391726434
    1.05573249 1.64304638 -0.0293974876 1.26086593 0.225548387
    0.270477355 0.784209073 1.48292196 0.937790215 -0.68487823
    1.16952968 0.354888499 -0.228329182 0.205628455 0.0376412868
    1.15105093 0.261284471 0.441684246 0.857287645 0.370889902
    0.951622128 0.461478651 1.34558749 -0.39436987 -0.191748083
    -0.741586208 -0.0562340021 -0.153826118 0.291093051 0.267305732
    1.67488754 0.681513071 0.174106181 0.496366322 0.735382378
    -0.0934793949 1.23336923 -0.0816367269 1.06347311 1.05737543
    0.309281707 1.77610946 -0.225601435 -0.418347389 -0.631397724
    1.01216781 0.62533313 1.06820345 0.465217829 -0.0347447395
    0.817223549 0.589348972 -0.278572708 0.827795982 -0.356291085
    -0.198639512 0.350304067 -0.00396108627 1.54671669 0.896640778
    0.0271497965 0.556794763 1.41257024 -0.231711447 -0.492296368
    -0.663341522 1.67047453 0.328283131 -0.440318435 -0.557762623
    -0.454310894 -0.576934576 0.23728174 0.760457277 -0.226595044
    -0.382701635 -0.0622707009 0.00849223137 1.24181318 1.45827055
    1.28723705 -0.136511028 0.701867044 1.04167914 -0.46867767
    1.95184171 1.19305325 -0.282310188 -0.221843481 0.449926555
    -0.0115126967 0.14992857 0.294443607 1.5360992 -0.965769231
    0.415971577 0.442138314 1.68698311 0.552770734 0.266047776
    0.56011802 1.68395472 -0.19470489 1.48036253 -0.285188854 1.71197605
    0.338918686 -0.441663653 0.55247432 -0.105611682 0.937542617
    0.292297244 0.825223804 1.28228426 -0.678020358 0.136259496
    0.657386899 0.817586124 0.194230437 1.53865504 -0.12539202
    0.254932106 -0.0864101052 0.550749779 1.0152849 0.455748796
    1.66333663 1.26487279 0.418263555 0.777251124 1.504632 0.83323586
    1.24694753 -0.0240469575 1.8036952 0.597685158 1.30082917 1.57098269
    1.21624219 0.0416922569 1.44001424 -0.635577261 -0.376312196
    0.882154107 0.942683458 1.67619324 1.62931383 0.0456146002
    0.0884007215 1.64454353 1.55459702 1.22510898 1.04353714
    -0.308052063 1.77851915 -0.431358278 1.58411407 0.210902929
    -0.342193156 0.893497407 0.771469057 0.256441593 -0.268637657
    1.19358933 1.3571744 -0.342163324 1.11840773 -0.783636034
    -0.0722398758 1.29459596 -0.754691482 0.161122382 -0.426920086
    1.6893599 1.69681144 0.267175257 1.18659902 1.83323264 0.475305319
    0.230997682 -0.310417771 -0.218084633 1.18089652 0.654273927
    0.844032645 1.61448801 0.190982163 0.0426681638 0.400949061
    -0.493364245 1.98545003 1.3547852 -0.058737576 0.502328813
    0.0541188717 -0.287011266 1.8772769 0.308564901 1.17037165
    0.824616909 1.44031119 -0.322296321 1.53368819 -0.678713143
    0.128788114 1.51610327 0.398069263 1.30879712 1.80810308
    -0.257831872 1.71906483 -0.696831405 0.473562658 -0.595446527
    0.137531459 1.64478195 -0.339749873 0.297234774 0.948949516
    -0.385192931 1.60283291 0.928595901 -0.408035249 -0.564247608
    0.474485397 -0.594887137 0.149608731 1.59017992 1.41174197
    1.76849771 1.14642668 0.753774524 1.84427106 -0.607697248
    -0.114806831 1.11496282 1.19297457 -0.278506398 0.705337048
    0.349501371 1.27126503 -0.663224638 -0.308927685 -0.383158028
    0.272733867 1.54637039 -0.299269676 -0.097099185 1.42630506
    1.02599657 -0.833377481 0.78005892 0.361300886 -0.603107274
    1.01006389 -0.209088981 1.65805149 0.439386368 1.3770926 1.44738293
    0.802609384 1.4266367 1.63083887 -0.42979455 0.851902246 1.21959877
    1.38144696 1.37729311 0.32564503 -0.357013226 0.64063853 0.8064574
    0.446601868 1.30302036 0.193786979 1.54033792 1.17614281
    -0.0765641928 -0.622597396 0.687460005 1.56629622 1.49392343
    1.73591471 0.0448747277 0.912243545 0.0134261847 1.80202699
    1.61785412 0.907016098 -0.419730812 0.273342192 0.508992136
    0.683817506 0.872106194 1.74860227 -0.0989289284 1.22782826
    -0.792147934 1.5636735 1.04019713 1.29494429 0.314357758 0.294576108
    0.167369366 -0.322263062 0.824777722 0.384281099 1.45740509
    0.505403638 0.0340129137 0.237667024 -0.298430651 0.463243902
    1.59875226 1.66419554 -0.682878315 1.93759024 -0.347743481
    1.17176116 1.86749983 -0.4057118 1.51803768 -0.850244641 1.51729751
    -0.562668324 0.693962514 0.90835017 1.47251678 -0.559097528
    0.888210297 0.723277569 0.932995558 1.65200615 -0.293439984
    1.28611481 0.600990653 1.29576731 1.44411898 0.254901588 1.63377237
    1.07511401 0.0488561392 -0.579643011 0.730996728 1.72682595
    1.34195232 -0.554066062 1.54801702 1.58840132 1.08514583 0.475675464
    1.20426321 0.780025005 0.617550969 0.739152551 0.20654887
    -0.522944927 1.48201728 1.65567672 1.02775335 0.0251173973
    -0.728832662 1.45463538 -0.0567791462 1.11380124 0.854242086
    -0.606203556 -0.322674721 1.23140383 0.404292762 0.574934363
    -0.554464936 1.40936935 -0.0556551218 0.860844135 0.598885059
    0.56455332 0.151445925 1.60345602 0.896942735 1.54824471
    -0.942640424 0.520176947 -0.301216841 0.522963703 0.984008431
    0.864590287 1.52426338 1.21507001 0.979273856 -0.529511392
    0.879504204 1.50890028 1.04508471 -0.618879914 1.46677136 1.09570372
    1.56060374 1.17488599 0.907340288 0.570563555 0.782450318
    -0.799168706 1.46906042 -0.188287556 1.40036726 1.71929717
    -0.45567736 -0.475226104 1.32170105 1.22607613 0.226098061
    0.659363925 -0.260597289 0.444344461 1.30535603 -0.498892844
    0.775350988 1.58095419 0.0187397599 1.28070784 -0.203117788
    0.469345272 -0.178564131 1.72729445 0.83542949 1.12966585
    0.605704248 -0.699547887 -0.716516376 0.564445734 0.972184956
    -0.536664963 1.09554863 0.893603623 -0.156844676 -0.482829154
    1.08792043 -0.164770067 0.124410093 0.782146752 0.0791622996
    0.144631803 -0.713130951 0.699963748 -0.220706016 0.112158597
    -0.332814336 -0.0668577552 -0.130074322 0.729063511 0.601897061
    -0.263792038 1.10610414 0.987345219 -0.236510992 -0.387342691
    0.23156482 1.45307195 0.209180057 1.32436275 0.168107152
    -0.0406109095 0.383844852 1.4753058 -0.798781991 0.204491556
    -0.63602829 1.09584856 1.7712158 -0.579561949 1.44546187 1.19722617
    1.73080146 1.27996778 0.00414186716 -0.443364054 -0.422057748
    0.278672099 1.41654944 1.68627608 -0.303262889 1.68695879 0.97770834
    0.214557707 -0.566025853 -0.265915215 0.4712919 0.556666315
    0.41953665 -0.533370733 0.104887009 1.57085907 0.36912477
    0.371403575 1.71476221 0.161061585 1.8830328 -0.539845586
    -0.257594347 0.291972697 -0.578045547 0.84422332 1.52595007
    1.1035161 -0.220454216 1.24162936 0.501849532 0.919310927
    -0.0097874403 0.8273682 -0.28586185 1.50684321 -0.456134856
    0.837500751 -0.572467923 -0.75520879 -0.205476224 -0.422698528
    -0.600130618 1.16044426 0.370538056 -0.778692484 -0.887770176
    1.6497308 1.52762556 1.70044243 -0.913967609 1.49966991 0.107535124
    -0.170120776 1.62374282 0.697121024 1.75846481 0.913241923
    1.06428099 1.60795033 1.45473671 -0.180694461 -0.353384197
    1.37202704 0.0738060474 0.600310922 -0.711636901 -0.744660914
    1.3136611 0.920197189 -0.724114001 -0.529163003 1.40341306
    0.559737861 0.527358234 0.755141437 -0.551895559 -0.791211247
    0.9396649 0.46753037 1.7211374 0.0310078859 1.40793931 -0.14570421
    1.08626556 0.801712155 -0.0102626085 1.29622102 0.504691839
    0.65511471 -0.284470618 -0.0706666708 0.794008374 1.79404736
    0.343303204 -0.298127949 0.754741669 -0.682724357 0.0404358506
    1.65373242 -0.332906842 1.37390327 1.4227767 0.396062136
    -0.561230183 0.910418749 1.44495773 -0.0703405738 1.53698075
    1.40291286 1.64564121 1.61509204 0.98312223 0.101472318 -0.501572847
    0.322823524 0.161081493 -0.491676956 0.625495553 -0.141607434
    0.327419996 1.05320489 0.847122788 -0.265616298 -0.680684209
    -0.104807496 0.256692171 0.0311860442 1.27366912 1.33677042
    1.1072998 0.333156228 1.18343091 -0.546901107 -0.77671802
    0.482395768 1.27469826 0.110386491 0.0720965266 1.29748249
    -0.677716196 0.831326544 1.06798172 0.966478944 -0.0955439806
    1.12852287 -0.285124898 -0.282844812 0.373305023 0.709147513
    1.57874632 0.0402942896 0.107492983 1.6490829 0.425306678
    0.211120844 0.731180906 0.587838531 0.264505148 1.37679756
    1.50400662 -0.304023385 1.66432953 0.241265297 0.2871086
    -0.748060524 -0.407223821 0.62994951 -0.755504131 1.31130219
    -0.59141165 0.178360283 1.2658999 0.844576836 0.463051438 1.61209941
    0.0964683294 0.855261445 0.0257681608 -0.519637465 1.04271138
    1.62964249 -0.333664596 -0.791827023 0.601751566 1.35558963
    -0.553170562 1.00303423 0.821763337 -0.790869296 1.15504408
    -0.683192432 0.00709152222 -0.236361027 1.53393507 -0.227682531
    0.780970395 0.987065852 1.12353587 1.7856741 0.489612162 -0.40800181
    1.66278672 1.80005908 -0.0869184136 0.657017708 1.52358627
    1.10251164 -0.67457372 -0.330851346 0.937047303 -0.493637621
    -0.522485375 0.938421369 1.58615375 1.31918991 1.26831126
    0.877784669 -0.535551488 1.2226547 0.816973627 0.15011245
    0.0397261977 1.45181215 -0.381356627 0.269746721 1.78248143
    -0.763158381 -0.0378257632 -0.0438869596 0.729745984 -0.534124196
    1.2636342 1.56249785 -0.248474717 0.753588259 0.254611492
    0.152875006 -0.077707231 0.214262664 1.46907663 0.0433794856
    1.54831553 1.55058253 0.220907748 0.568428516 0.386335969
    -0.348213285 1.85022116 -0.512552857 1.44521856 0.222576201
    1.70758855 0.882673383 -0.703015208 0.889042675 0.036629498
    -0.0261341333 1.00462139 0.381621301 -0.596836925 0.0422722697
    1.86545157 0.291925967 -0.424983382 1.23098612 1.02386391
    -0.396060675 -0.343674451 0.478044987 0.293731332 1.36882257
    0.323529601 -0.836874843 -0.421287358 0.640354276 -0.0975886583
    1.79032362 1.03750658 1.12844419 0.961373568 -0.489710033
    0.833817422 0.397061408 1.44428277 0.450278163 1.53621554
    0.469407022 1.16712856 0.479429603 1.52973425 1.04398835
    -0.529212236 -0.042748034 1.51670313 1.71589208 -0.4868325
    1.16077995 1.76925492 1.02110636 -0.084861815 0.942177594
    -0.171188891 1.51266217 0.64772284 0.528358936 -0.873682261
    1.71166432 0.0730468631 -0.47699365 -0.572938561 1.22108269
    -0.555473328 0.232701242 0.156524897 -0.688472033 0.988779545
    -0.730369329 1.06372356 -0.522106171 0.942338109 0.596035659
    1.07133508 0.339207709 0.705159247 1.69012713 -0.328439504
    1.21841192 1.5155344 -0.0634169579 -0.654482961 0.608242095
    1.86414194 0.283636928 0.531927526 1.71582949 0.589260936
    0.644701898 0.738088846 0.0444466472 1.05809021 0.481308579
    1.44301844 -0.747676373 1.72601295 0.24702251 1.52080178
    -0.269496202 0.879846394 1.01368177 -0.414225221 0.0698912144
    1.03977823 1.02424455 1.28990936 1.81864035 0.103005528 1.1154269
    0.644897401 -0.745326996 0.895898104 -0.0816323161 1.44124746
    0.771253645 0.688850462 -0.436543703 -0.903800368 1.05857956
    0.188795924 1.53328323 -0.279200673 -0.0742827058 0.0142146349
    1.06112969 0.729478955 0.868593395 0.542693317 1.12635684 1.43406892
    -0.626030207 0.0302072167 1.58117652 0.169215977 0.0997573137
    -0.391048789 1.36517751 1.04605436 0.534519076 -0.199919939
    0.83912921 0.217745304 1.35146189 1.57261956 -0.745714128
    -0.766989768 -0.666027904 0.405201077 -0.278007329 -0.550107956
    1.2305007 -0.371633917 1.85112464 1.95112777 -0.667728782
    -0.264045835 0.16846627 0.83832401 0.642410338 -0.105223835
    -0.385959089 -0.192762017 0.501747251 1.5137161 0.303876638
    0.816276789 1.60145485 -0.361808062 -0.732232332 -0.516944885
    0.768423617 0.599440157 0.0511979461 1.135759 -0.47399652 1.57604313
    0.626405537 1.25509906 0.350562036 -0.818749785 0.623075426
    -0.188119352 0.909356236 0.782675028 0.832216382 0.415489674
    1.45428443 1.41335189 0.765450716 0.667809188 -0.268541634
    -0.742554188 1.52218544 -0.856762648 1.34585357 -0.544110894
    0.0658150315 1.82540798 1.37925673 -0.186562598 -0.234797865
    -0.144420862 -0.566191673 1.82610202 -0.571356297 1.61595345
    -0.83202976 0.559419096 1.51814723 -0.322760969 -0.698291779
    0.635368586 0.245274782 1.25319171 0.762090027 1.47132516
    -0.404279619 0.188618422 -0.0691062212 0.294384718 -0.142378986
    -0.371846378 0.544118583 -0.505602121 0.183519185 0.349577427
    0.317976236 1.62768853 1.56048775 0.590402305 0.723182142
    -0.719626784 0.585313559 0.682824552 1.72351074 -0.194096029
    0.860927939 -0.504813254 1.53233242 1.26794839 -0.16102308 1.4302038
    0.412441373 0.659572661 0.969494641 -0.57381916 1.79008961
    0.875717878 0.515572965 0.522463381 -0.302129269 0.477582455
    -0.282947779 0.671428204 0.0553110242 1.58208513 -0.802571595
    0.768078387 -0.337061763 -0.185965955 0.0312088132 -0.267385364
    0.79712373 1.33123899 1.72920012 -0.36189872 1.8170855 -0.679062545
    -0.490080565 -0.077631712 0.38167876 -0.522647142 1.4194262
    -0.0761418343 -0.639170527 0.471313119 0.381902277 0.632168233
    1.19775784 1.62287939 1.39439476 1.50435197 1.2213099 -0.354492486
    -0.851201534 1.69450903 1.04712963 -0.629913867 -0.617163062
    0.204534411 0.2839396 -0.432584584 0.304596186 0.468619883
    -0.820435882 1.33978009 1.40608597 0.859844863 -0.838209391
    0.191230476 1.61148298 0.185806513 1.78224373 -0.143234193
    0.990487993 0.607408404 0.0573526025 1.16009879 1.67069483
    -0.732752442 0.94473958 0.898966432 1.17013156 -0.468545079
    1.01559424 -0.559733987 -0.710095584 0.581024766 1.80266845
    -0.373326153 0.891092658 -0.192706108 -0.0501633883 1.30145049
    -0.18340838 0.798172891 0.963645101 0.507940888 0.167117059
    -0.755404055 1.47700453 0.537296772 -0.538680077 0.113473177
    -0.45313406 0.425871193 -0.0519269109 0.693544805 0.796118438
    -0.428485304 0.651425183 -0.152108252 0.638617992 1.27408934
    -0.334210634 -0.843004405 0.704837561 1.55233645 0.0895538926
    0.78707242 1.20849681 1.39604604 -0.0399062634 -0.573210657
    0.197989821 -0.292250395 -0.532209218 0.317784548 1.94341516
    -0.613173664 0.511748135 -0.463101327 -0.762754798 1.66580582
    1.3681519 0.574942291 -0.158034563 1.08970451 0.941028953
    -0.0183364749 -0.477779776 1.60311866 0.0545172095 0.942288816
    -0.126819789 -0.613480091 -0.88702172 1.50749969 1.16716492
    0.992039323 1.02176929 1.29748988 -0.420452178 -0.160522848
    0.425002158 1.58468258 0.902882695 0.839490652 1.58265197
    -0.165710807 0.838419437 0.944939494 0.519554615 1.51435983
    -0.380301297 0.163548768 0.654750526 0.278939843 0.723189354
    0.537756979 0.631287932 0.447351873 1.55791199 0.778105855
    0.949175477 -0.0393759012 0.987290204 -0.78947717 0.840606987
    -0.574326158 -0.110660255 0.69239378 -0.690875173 1.23071671
    1.58886063 0.940024257 1.52505875 1.80245328 1.18298316 0.680778742
    1.62914526 -0.554288745 -0.0945113301 -0.404810011 1.51540959
    0.591284633 0.74051249 0.219371378 1.40355086 -0.343022943
    1.19289994 1.16372514 -0.0730481148 -0.709235787 -0.221076369
    0.488870919 -0.0364643931 -0.0658350587 0.717212677 0.325014472
    -0.565107226 0.886530161 -0.0355921984 0.957267761 -0.0199754238
    0.320013344 1.44314861 1.15124595 1.51938891 0.194220424 0.180706859
    0.623169184 1.21945846 -0.0910175443 0.656378865 1.56296754
    0.772029221 0.174548566 -0.169084489 0.478216112 0.255816638
    0.888619423 -0.715716004 1.33472872 -0.1005885 0.962160707
    -0.176280081 1.03271091 0.319806397 -0.764561176 0.568241715
    -0.584240258 1.79953134 1.3263762 -0.72532028 1.77346349 0.346062064
    1.76107955 -0.342586935 1.58462334 0.156498313 -0.471585393
    -0.0441477299 -0.63856715 -0.57151711 -0.214424014 1.59140432
    -0.134011805 1.13198972 0.649667263 1.26905596 0.607313335
    -0.405550212 0.519643962 0.165784121 0.168578029 1.10290313
    0.499999046 0.786102533 1.7039063 0.999719083 -0.4002119 0.994294465
    0.395146191 0.408479571 -0.769632638 0.336995542 0.491859198
    0.742980123 1.79810655 -0.37116906 0.106596589 0.577922106
    1.43806958 0.824568272 0.0812263489 1.10034609 -0.364413321
    0.897906661 -0.487535954 -0.259702861 1.31264937 1.63743746
    -0.358346522 1.40048289 -0.653057575 -0.345145524 1.35707927
    0.81439203 1.46306229 0.7601524 0.860773563 -0.385528028
    -0.436772972 0.783771217 0.0272410512 1.69712675 0.238125086
    1.39077854 -0.0168986917 -0.74688828 0.15504384 1.82563555
    0.556730688 -0.444351524 -0.423704863 1.24780273 -0.0741782188
    0.717979908 0.0259364247 1.54685688 0.357504666 0.434604466
    0.639785171 1.85997963 0.112291276 0.682975769 -0.0672248602
    0.528727233 -0.746961474 -0.465763807 0.323747337 -0.365148664
    -0.432811171 -0.143021643 0.183092117 0.37239778 0.938606977
    0.939719081 0.962964654 0.723701 1.67853498 0.108434677
    -0.0581305623 0.752288461 -0.69665426 0.254767001 1.86592221
    0.540354073 0.538095534 0.741327345 -0.00255906582 -0.185337961
    0.23274827 0.889205813 0.395603716 0.34306103 0.591698289
    -0.407801896 0.619523942 0.704708397 0.844015002 0.331981719
    -0.0833938718 0.360853434 0.482540309 -0.62964952 1.38911521
    0.935857058 0.869631708 0.424167991 0.184819818 0.530948997
    0.529887497 -0.927118301 1.2299931 -0.749289095 0.425570965
    1.4071883 0.656477749 1.31572413 1.59592056 -0.0216850042
    -0.264566004 0.404056072 0.389141679 -0.598519325 -0.00347852707
    0.86895746 -0.85197854 0.800080121 1.30755949 0.833825231
    -0.394492686 -0.475180537 0.0449806452 0.307797849 0.34790659
    1.61973822 0.866824031 0.699678242 1.48345852 1.11605227 1.01861286
    1.74519134 -0.439260364 -0.566705227 1.49373007 0.784035623
    0.46622318 1.11235094 0.216198087 1.55976939 1.17066109 0.89503336
    1.51458526 -0.0123888254 -0.242692173 -0.0860919952 1.08116996
    0.221619129 1.10151458 1.12504435 -0.623235822 0.528789222
    0.112325668 0.0250376463 0.864701509 1.61008 0.570940733 0.649513304
    1.27893591 0.488235354 0.454549253 1.41254663 1.76186228 0.547103226
    1.55036902 -0.657440066 0.877317667 0.454407156 -0.393624961
    0.336054564 -0.861242175 0.517299294 -0.39506346 0.330403447
    0.145515442 -0.462367475 0.453479707 1.89445078 0.0448468328
    1.2011323 1.41302395 -0.219130695 0.762652099 0.614764988 1.41100407
    -0.667050958 1.36129999 1.78596687 1.35658252 0.763824046
    0.0210977793 -0.152781665 1.51380503 1.48532295 0.841890097
    0.61265409 1.60431099 0.0932334065 0.587198675 -0.551802754
    1.06824088 -0.280027449 0.545234799 0.591252565 1.30492675
    -0.209002972 0.359214902 1.35101628 0.0267263055 0.809093297
    0.756261647 0.0441967249 -0.559009016 0.811754107 -0.387112975
    0.826227307 -0.487693101 1.787359 0.0366916656 0.796241343
    0.0708906054 -0.0440113544 0.106941521 1.83943248 -0.755555332
    1.35510218 -0.0382800698 -0.509367287 0.165949225 -0.368866593
    0.898635566 -0.324692547 1.12825024 0.0363535285 1.20153379
    -0.487116992 1.41472864 0.337433398 1.59960198 0.433755755
    -0.804809868 1.15854287 1.51576126 0.171305895 1.67521024 1.67500949
    -0.805414855 -0.486049891 0.222352803 1.44614601 -0.984391868
    -0.403525889 0.243070126 1.10367322 -0.785524905 -0.524698257
    0.0390221477 -0.0463871956 0.931362808 0.643933594 0.720321476
    0.943204761 1.55875993 -0.255047709 -0.00441473722 -0.50922364
    0.697965264 0.276508033 0.784794927 0.957138479 1.80588388
    1.11686039 1.32851839 0.661625862 0.454324365 1.01656485 0.702558517
    -0.230044782 1.27364779 -0.0505632758 1.35159469 -0.0874505639
    0.144501805 1.808671 0.753416836 -0.511943579 -0.1762954 0.281373799
    -0.233573496 1.75664711 -0.894138634 -0.175808012 1.49005747
    1.72570562 0.274266481 0.250131071 0.324909747 0.380235732
    0.963857114 -0.288199306 1.80588865 0.561495602 0.21291399
    -0.0579699278 -0.0998777151 0.756456673 0.415517569 -0.731158257
    0.746300697 -0.558063984 0.622823954 0.950883329 1.68750274
    -0.551974297 1.76684344 1.74387908 0.52350533 0.30712086
    0.0217633247 0.492988467 1.27533805 -0.217384338 1.70003271
    1.30264711 1.16704893 -0.236175418 0.691966116 0.269282818
    0.588973522 -0.591095865 1.86033499 0.945354939 0.512792349
    -0.586000741 0.949477792 0.874508917 -0.616437793 -0.662148774
    0.726154923 1.91502082 0.114567339 1.79600692 -0.529502034
    0.892895579 1.69779015 0.638212502 -0.287680507 1.17713857
    0.966914535 -0.472196311 0.276746452 0.715415776 0.768352091
    -0.45234111 0.420175076 1.4449023 1.46004486 -0.115531385 1.48118305
    0.876489282 0.318102002 1.49126863 0.873063505 -0.455509037
    0.591061115 -0.0956084728 1.52390313 0.956893504 0.578028738
    -0.537881196 1.73092782 0.150155962 0.148774266 1.86037254
    -0.76115036 0.164271355 0.964640081 0.0206207633 0.576811254
    -0.687440991 0.953949332 -0.132576823 0.0353083611 1.17554522
    -0.59771961 -0.332472384 0.42364943 -0.20111078 1.15800834
    1.80563653 -0.571407855 1.42354596 0.169617116 0.29455936 1.32586706
    1.07268059 -0.224790692 0.64306891 1.18241036 1.61123085
    -0.301110566 1.09857011 1.08358073 0.490000904 0.69302547 1.43059611
    1.753721 -0.68580544 1.65853441 1.27037168 1.26268506 -0.288467467
    0.388220727 -0.571037591 0.115335584 0.250323415 -0.208449364
    0.600482583 0.354902148 0.115729153 1.69214869 1.4790132
    -0.549502969 1.50442719 1.90681076 -0.455097437 -0.370810181
    1.30315137 1.30577075 0.0700067282 -0.399715126 0.0806349516
    1.45139861 0.775262952 0.260733426 0.602555692 0.967398286
    -0.0383582711 1.43799031 0.880366206 0.643991411 1.08893096
    0.158885777 -0.0180959105 -0.187288582 0.862350404 0.335623682
    1.58765888 1.62102342 0.111838818 -0.527775705 0.992725194
    -0.23210609 1.49085045 1.53800702 -0.146684885 0.125935495
    0.680669725 0.0851699114 1.47206903 1.29926622 0.653789878
    -0.550789058 1.02346194 0.284301996 0.989883125 0.642800748
    -0.328747392 1.65671158 -0.453814179 -0.419673651 0.313524723
    -0.580670118 0.00085413456 -0.653588295 0.332785726 -0.0077970624
    -0.660888553 0.713473737 1.2494266 -0.492154211 1.58985436
    1.33953476 1.79643917 -0.651032567 0.217436016 0.926283181
    -0.540742755 1.42912722 1.13589811 0.179532349 -0.599430501
    -0.21164155 -0.445544064 0.0503832698 1.6667105 0.336094379
    -0.961770236 1.07424951 0.556530595 0.730786204 1.32654905
    0.0120788217 -0.250324309 0.54836601 1.66122246 1.73881507
    0.148975551 1.25677097 1.10891104 -0.444426507 0.282388389
    1.78882408 1.73094714 -0.0946600437 1.41478574 -0.640306711
    -0.568764448 0.739024758 0.776556253 -0.298348099 0.020755887
    0.514645934 1.30431509 -0.000685870647 -0.388795674 1.48876262
    -0.96247375 -0.33617413 -0.494013071 0.570180535 1.22652638
    1.37099957 1.35356641 1.61061513 0.961146414 1.50394177 0.34907186
    0.201149642 1.8029573 -0.534835577 0.698975921 1.03953338
    -0.465026617 -0.709873915 0.793174922 0.189914048 0.430870414
    -0.382994771 1.82029533 0.343812108 0.980422437 0.802099407
    1.06235421 0.0603434443 -0.369432628 -0.0168474317 1.00700867
    0.335097611 0.217561185 0.0416930914 0.489306152 0.090041101
    0.261448205 0.36866039 -0.0589132905 1.39085448 1.08479285
    -0.465235502 0.629459143 0.746704519 0.370887101 0.519042134
    1.36242747 1.45004022 0.807855546 -0.130813897 1.61138809
    -0.642438233 -0.832521498 -0.268263221 1.63723207 0.781692147
    0.79494518 1.08769405 0.543766558 0.120778859 -0.310116291
    1.60653138 0.338323414 0.687751591 0.615032256 0.849620163
    1.27791619 -0.543438911 0.151436508 -0.110766411 -0.11871779
    0.990832508 0.665123582 0.126131535 -0.30356288 1.21283746
    1.19573665 1.51219106 0.243007541 -0.385388047 1.44573092 1.28720462
    0.663425446 0.593996286 0.687556207 -0.716477215 0.32418257
    1.39978099 -0.571364284 1.45494032 -0.689931154 1.45655584
    0.63326019 -0.246237218 1.00088215 -0.515970707 0.693961382
    1.26354909 -0.117603242 -0.0276157856 1.47279787 0.13120681
    0.656925917 -0.0932833552 -0.279708326 -0.259301603 1.89105654
    -0.368207246 1.07412612 -0.487262219 0.927362144 0.886460066
    0.0352136493 1.50290215 1.23320866 1.41988873 -0.302411973
    0.906208694 0.445771873 1.05734682 -0.223991811 0.868905842
    1.37502623 1.6711123 1.27171206 -0.218768895 1.17753482 -0.90792793
    0.226536632 -0.547923923 1.7940588 -0.0718033314 -0.370526791
    1.11656094 0.714393437 -0.896078467 0.59498024 1.46432698
    -0.591452777 -0.790225863 0.279910684 1.74745893 0.932115078
    1.56322801 1.09797704 -0.294782221 1.2130115 0.179835975
    -0.326521873 -0.212648273 -0.392503887 0.904698968 -0.659777224
    0.198184133 1.03114247 0.677088439 0.48877722 1.92363143
    -0.624893308 1.64441681 -0.319190204 -0.409920931 -0.601120234
    -0.2759161 0.416570425 0.227581382 0.954460442 -0.456374198
    -0.683030725 -0.180338562 0.418705583 -0.155278027 0.295423985
    -0.154515743 0.612379432 0.0636754036 0.830223322 -0.429551184
    -0.0574808717 0.37295723 0.497802258 -0.798172355 0.672279775
    1.09163737 0.531928718 0.340123296 -0.225123227 1.03197563
    0.0760202408 1.02596867 1.08176255 0.24226886 -0.390346587
    1.55189538 0.909776807 1.59153247 0.885051489 0.514972508
    0.333882034 0.139990568 1.24977005 1.85539079 -0.624885082 1.0809443
    1.86095691 -0.446935505 0.921834528 0.702580869 -0.0576376915
    0.397759736 0.410003543 1.67815101 0.429993868 -0.658942342
    1.7035656 0.723484159 1.3365289 0.208933055 1.31340408 1.62768447
    0.433511913 1.84786749 0.714388847 0.971895337 1.78534901
    0.390766501 1.68105805 0.6989429 0.746153593 1.20618546 0.109902263
    0.94371742 0.677521944 0.843461275 1.59636354 0.273738563
    -0.0302823186 -0.354174197 1.74377155 0.368243694 0.141255081
    0.911938369 1.29578912 1.60969782 0.717247486 1.41588545
    -0.338361502 0.0563890934 1.68184817 -0.556229174 -0.676161885
    -0.0235923529 -0.686470449 1.97876513 -0.0336422324 1.0038265
    1.38523996 -0.215954721 1.46240163 0.909025371 1.15252507
    -0.404230535 1.0975064 -0.874921262 0.781231403 0.196605504
    -0.195030987 -0.183459938 1.28468454 1.1252104 1.31278205
    0.901910841 -0.274640679 0.855786026 1.33725727 0.899581313
    0.563603103 0.191148281 1.06827402 0.556324542 1.51143146 1.24849463
    -0.403691411 0.669069827 -0.481516004 -0.195156634 1.62911606
    0.368801594 1.5752027 -0.12652874 0.308074296 1.1654923 1.14461231
    -0.301029801 1.65081096 1.0691998 0.185415208 0.334238529
    0.499856353 0.014118731 1.37919998 -0.0121851563 0.145140171
    -0.234174013 0.00653207302 1.1424675 1.56677651 0.582896829
    0.818808913 1.58953738 1.22943068 0.987034798 0.301580489
    0.482980907 0.522919357 0.750649095 -0.698747993 0.498183966
    -0.509434342 1.11025596 1.60182786 0.129573047 -0.190191925
    -0.457015604 1.84195805 -0.179680943 1.15115881 -0.582694292
    -0.353552639 1.40180123 -0.714734316 0.476860821 1.53473306
    1.04246831 -0.418475538 -0.201636493 1.08749366 -0.433756948
    -0.259302318 -0.622337937 -0.569844782 0.695645392 1.21341944
    0.539168119 0.473310709 -0.14027679 1.5022049 0.700818777
    0.348366261 1.67714059 0.517384231 0.623954117 -0.360403687
    1.12435484 1.9835999 0.170024335 -0.291551262 0.884041607 0.96300441
    1.35566354 0.262335598 1.57513678 1.84685898 -0.708792925 1.44113064
    0.325130939 0.166103542 0.28883332 0.769798577 -0.0612077713
    0.83453542 0.778456569 1.06177616 0.355221272 0.816662371
    -0.509359717 0.0761753023 2.02188301 -0.76984787 -0.0707333088
    0.399627209 -0.591750562 1.58406079 0.113983572 0.222747803
    1.68845677 0.408271849 1.36368823 0.924031198 -0.476359785
    1.51062703 0.104610324 1.27875495 -0.730738342 0.322624385
    0.0733439326 1.08285809 0.748765111 1.30374122 -0.455811739
    1.68039942 -0.837475538 1.75022149 -0.678023696 -0.594469428
    -0.43347767 -0.614027023 -0.373474866 1.13307405 0.57837671
    -0.659131765 0.255364954 0.704072833 -0.775980949 -0.189562082
    1.02799082 0.126640618 0.644076347 -0.376125216 0.646325886
    0.378710449 0.859701216 1.66414523 -0.0442789793 0.528739572
    -0.696453154 0.838037074 -0.0165590048 -0.286575466 1.46770167
    1.27523601 -0.351363957 -0.291214585 1.58135772 0.00378161669
    1.30996966 1.2550739 -0.647603214 -0.229385555 1.07780945
    0.650366843 0.373517036 -0.838606894 0.606758833 1.28937566
    1.0896827 1.69154406 -0.684783161 0.528878808 -0.0628284812
    1.2498523 1.35699606 -0.0693234801 0.330009878 -0.204446018
    1.44100475 1.10207415 1.49780154 -0.337450206 1.60438168
    -0.608223975 1.05610633 -0.158667803 0.936891437 -0.0757841468
    0.337153018 0.505448699 0.769878864 1.62127113 0.528299153
    -0.193000495 1.48437715 -0.306330383 -0.26577425 0.0558226705
    0.266894639 0.661546409 1.06966114 -0.889602005 -0.256305754
    1.14245391 0.0675407052 -0.388864875 1.49430633 -0.248156369
    0.271144032 0.298882127 0.295258224 0.620760143 -0.501596093
    0.198371649 0.0303120017 -0.0460901856 1.14381337 1.54315758
    0.142057359 0.334281087 0.204649031 -0.171905279 0.0730211139
    0.24150157 -0.706052601 0.844764829 1.7152648 -0.297194719
    1.40764284 1.30797458 0.23842454 -0.318974882 -0.407184869
    -0.0528618693 1.1556586 1.34848881 1.52556491 1.35941517 -0.91405791
    0.223561108 0.661511362 0.544330835 -0.232765257 1.17251635
    -0.128441334 0.608318031 -0.321148753 0.253424942 -0.335560739
    -0.504561245 0.787832797 1.56008935 0.259532094 0.809200525
    -0.300705016 -0.802810073 -0.327430815 -0.710281432 1.31687117
    -0.612828255 -0.614573956 1.26231229 0.647141993 0.877569914
    0.596951544 1.05837584 -0.286418796 0.329821169 1.77991271
    -0.167756796 0.381622016 1.76070535 -0.597796798 1.23499632
    -0.833891809 0.3145172 0.902518809 0.0314161777 -0.496985972
    0.753694952 -0.35181281 -0.494192153 -0.0471339822 -0.637333155
    -0.0922728777 0.311938703 0.922341645 -0.849065781 0.23037684
    1.67842185 0.897301674 -0.55467701 0.787335873 -0.554312468
    1.1338855 1.35997438 0.713746786 -0.625244498 0.352535486
    -0.626315594 1.90881538 -0.013214469 -0.462626576 -0.264045417
    0.0125230551 0.0766026974 0.719219506 0.596080542 -0.201207519
    1.6239928 -0.055000186 -0.724153221 -0.267179072 0.463169932
    0.133144736 -0.0944567919 -0.580025792 -0.246410966 1.81304097
    0.243094385 0.403478026 0.311240673 1.56385565 1.34507275
    0.714147329 -0.328662008 0.562397838 -0.305630028 -0.528349578
    -0.696324646 0.442793369 1.30231225 -0.403202057 -0.145398617
    -0.133200169 -0.295251161 0.164968252 1.16132689 -0.43954578
    -0.366404325 0.732247412 1.74098933 -0.817853451 -0.419888854
    1.44796991 0.923655212 -0.588777065 0.748051584 -0.0891683102
    -0.201471806 0.696235359 0.472734392 1.27082872 -0.431344777
    1.45345592 0.211174488 -0.181510001 1.58290935 0.289360702
    0.178924859 1.29870963 0.875190139 1.4998852 1.74393249 -0.466373831
    0.184853196 -0.718666792 -0.597299337 0.54563576 -0.25298667
    0.691275537 0.534618437 0.809360623 0.463392079 -0.558729887
    0.824405313 0.15680337 -0.317875743 0.909945607 0.669321775
    0.933720946 0.0652377605 1.4548912 1.52370143 1.02386248 1.22365403
    -0.27142185 0.20494467 1.31478715 1.20259881 0.0872569084
    0.936956167 1.00504267 -0.281569272 -0.531349599 -0.0775001645
    0.63714093 -0.277625203 1.09436786 0.673694491 0.936510801
    1.54477978 -0.224958241 0.635673463 1.3140223 0.707723022
    0.379497588 0.460993767 -0.283148408 1.14808631 1.11106491
    0.608651638 0.773795843 -0.0696076751 0.750360012 -0.0922009349
    1.04557717 1.42567611 0.819921136 -0.88067317 0.28006351 0.595917225
    1.45288348 0.36275816 0.21024096 1.63601899 -0.44396311 -0.389632314
    -0.703407764 -0.455258638 0.69944036 -0.173154473 0.128792942
    0.389463186 -0.396993637 -0.0965557694 1.0967083 -0.301355302
    -0.547309339 1.65495837 1.07184339 0.793066263 0.547046125
    0.298463345 0.576337695 1.13639462 -0.143390834 -0.700099349
    -0.407574058 0.703522921 1.21260476 -0.275576532 -0.82809329
    0.080804944 0.875743568 0.493314385 1.36359668 0.275921762
    0.88136214 -0.691777885 0.317705274 -0.613325596 0.714980066
    -0.240062952 0.74263078 0.872427464 1.23724222 1.51682806
    0.240396678 1.18378711 0.888659775 0.637140095 0.0494613647
    -0.337417066 1.03768516 0.2623806 -0.694202423 -0.849062681
    1.09162998 0.473951101 0.44449383 1.00896394 0.63029027 0.594371676
    0.707616925 1.42454696 1.49684906 -0.0492788553 0.89656949
    -0.03723979 0.763213575 0.756376028 -0.666945636 0.453691483
    0.000758528709 1.21345663 0.489695728 1.67790401 -0.54225111
    1.67639971 -0.739845455 -0.419815898 1.25855231 1.42684054
    0.31032455 0.128706872 0.905286849 0.844229817 1.66181469 1.57453299
    1.71657217 1.58944643 0.54527086 0.207118034 -0.403470337
    -0.678136528 1.38437343 1.55735433 1.6231246 1.51348293 -0.600737512
    -0.356144756 -0.0574061275 0.838874042 0.237870991 -0.298250258
    0.684555769 0.368497014 -0.575422525 1.14539492 1.35560942
    -0.286550879 1.29891992 0.359950185 1.81654429 0.103509009
    -0.145306408 -0.169477344 0.742587388 0.764113009 0.387799561
    1.71932161 -0.702496886 0.358392239 0.436322153 0.231889725
    0.932762384 -0.288665652 1.3352567 -0.432603717 -0.842608154
    1.3618778 0.308951974 1.63777637 -0.0375520587 0.515295982
    0.407209873 1.08936965 1.67000949 0.440540433 0.655139744
    0.485541284 1.52608335 1.20623744 1.47217584 1.26897085 0.588870525
    1.23958528 0.420505643 0.0219092369 0.481129348 0.349413037
    0.808214605 1.18569255 0.731312931 0.10100311 1.63632882 1.39080608
    1.69427073 0.180102229 -0.124362171 0.523751974 -0.586342335
    1.8627882 0.955446422 1.09957647 0.196572781 0.285368383
    -0.700728834 0.864288032 -0.229873657 -0.255888641 -0.278067499
    1.16481304 1.02655339 -0.635663509 0.474432468 0.983928025
    -0.368311405 0.635924816 1.1277132 1.34272575 -0.712725163
    -0.521255195 1.67776966 0.499504447 1.06428921 -0.270127952
    0.328082502 -0.363549978 1.92688394 -0.263212979 2.01462054
    1.89924169 -0.314890444 1.13258052 -0.559687793 -0.490219235
    1.01814604 -0.563494146 -0.371770054 0.389776766 -0.453795761
    1.30859625 -0.0554794669 0.853327632 1.00377762 -0.00878459215
    0.843058467 0.811436534 1.09511828 -0.0972859263 0.51552403
    1.49079823 1.45432007 0.412715554 1.32826066 -0.13489604 1.52980077
    -0.761654019 0.782788277 1.49324274 1.05411911 -0.18215096
    1.38055658 -0.49381721 -0.871520162 0.602532685 1.81303096
    1.30872655 -0.473732769 -0.387362212 0.343002975 0.903010309
    0.377511501 0.371895611 -0.397640407 0.589818478 -0.663463354
    0.332086742 1.13757849 0.324121535 0.0609723926 0.397045672
    1.49316859 -0.507352114 1.35016286 -0.716041088 -0.315760463
    0.556980014 -0.574297965 0.564499199 0.264182746 1.77984393
    0.98000598 0.315723956 1.79819155 -0.235729873 1.2678349 1.32436562
    0.305734634 1.73910308 1.32962668 -0.184138834 1.83935499
    0.667233407 0.300853848 0.961894453 -0.490588546 1.61036348
    1.72755265 0.121000588 -0.401730299 0.53160274 1.53794062 1.14690578
    -0.32052356 1.32582355 0.482379675 1.32478905 0.174122572
    -0.306649327 -0.279636085 0.551986694 0.863191009 1.1193229
    0.949927211 1.6927495 1.10278463 0.943506658 0.913596869 0.852523088
    -0.0652976632 0.0046889782 1.73978186 0.215360641 1.40047109
    0.447265208 1.05874312 1.00361884 0.129811466 0.176486611
    -0.464625239 -0.234363258 1.10068214 0.257044733 -0.778855085
    0.66609019 0.371531963 -0.177094102 1.55599809 -0.419332862
    1.13305998 1.67043412 1.45213318 1.55934095 0.980552435 -0.56830883
    1.02285016 -0.125332296 1.63408923 0.507762849 0.791038573
    1.08345366 0.159184694 -0.711265087 -0.396545589 1.84573472
    -0.0732547045 -0.108811557 0.655961633 0.911606967 0.641058743
    -0.516507506 0.126718402 1.37553835 0.792629957 0.996942878
    0.684254766 1.28058052 1.30804038 0.566249132 0.0314653516
    0.832748592 -0.970715046 -0.00404942036 0.454539716 0.0373272896
    -0.684724092 0.449955165 0.948162377 1.33006096 1.63553572
    1.56139624 -0.3495 -0.393566459 -0.43647939 0.709802985 0.142071187
    1.86264122 -0.285496235 1.51579881 1.38783514 1.68511105 1.55147552
    -0.619853675 1.49721348 0.77877593 -0.504193068 -0.366383851
    0.520888507 1.49058819 0.738068283 -0.523735523 1.43143392
    1.68805838 -0.465561479 0.040612042 0.763483226 0.594253898
    1.36355269 0.18008405 0.97886622 0.739930868 -0.456694186 1.4143877
    1.68754756 0.527297854 1.09835804 1.6012187 -0.161000013
    -0.482026815 -0.305725306 -0.59805274 0.507358909 -0.598332942
    0.628957093 1.66162157 0.953258395 0.0972473621 0.749820471
    1.42543292 1.37307239 1.21292567 1.53161669 -0.0462746024
    0.367194653 0.124585867 0.38994801 0.940621793 0.575190783
    -0.23068881 1.07956123 0.0818281174 -0.636210561 0.0351987481
    -0.578315139 1.50612152 -0.0372316241 0.07575351 -0.730756342
    1.81364655 1.20043409 0.745568037 0.620785534 0.813360393
    0.970404387 1.44028234 0.0651220679 -0.644512057 1.63633776
    0.357248425 -0.564991355 0.68351692 0.6231969 0.542218208 1.66957307
    -0.298462212 1.28403306 0.180550158 -0.475158185 -0.177173316
    -0.0655316114 0.393293798 -0.0516024828 -0.381503582 0.0412822962
    1.82841301 1.28342295 0.858929992 -0.356638819 1.71415544
    0.462420523 1.41893423 0.0525657535 1.15215313 1.64084661 1.18431759
    1.78210783 0.968887389 0.0947111249 -0.193953216 0.739798188
    1.73927808 0.647410035 1.28225565 0.684674025 1.39176428 0.295162082
    0.5508461 -0.24396503 1.69674492 1.05087543 1.39741874 1.06408238
    -0.0769389272 0.242044389 1.6483649 1.42713904 0.251666844
    1.10415101 -0.236433923 1.40675187 0.885511339 1.47089005 1.32495987
    0.743676066 1.93298745 0.459248781 -0.198698997 0.475208759
    -0.641548753 1.03478122 -0.536195993 1.75613451 0.316504598
    1.39050055 -0.810285211 1.29261208 1.28510916 -0.96728915 1.74627268
    1.69571376 -0.473240972 0.58640784 0.276895523 0.255440652
    0.130107105 0.482372165 1.42052186 -0.904809058 0.192530036
    0.67561996 1.3155086 0.949661016 0.317190766 0.365783632 0.166554511
    0.886863172 -0.554145455 0.0882685184 -0.578149438 1.61214113
    -0.594423175 1.62179351 1.19141066 0.306625485 0.260207295
    1.48273861 -0.743490219 1.5110904 0.145587981 0.774501443
    -0.872327387 1.35602331 -0.546199799 0.948770106 0.285238206
    1.36655426 1.39561832 -0.0891336203 1.40000379 0.278089881
    0.459232092 1.57812238 -0.262110233 1.28684115 -0.15680182
    0.781459033 0.827043533 1.76362062 -0.318535864 1.13339543
    1.49087667 -0.65691632 0.795602381 -0.30206877 -0.458731502
    0.624950469 0.116556764 0.0601988435 1.03533924 0.800237596
    0.0739182234 1.32302642 -0.774568379 0.786118209 0.509845316
    0.60087949 1.50985897 1.05474675 -0.67252779 -0.284543872 1.07881641
    1.38108361 -0.653608441 0.494392335 0.0723579526 -0.300690114
    0.29701668 0.669351697 1.3773067 0.351543009 1.21299934 0.645088971
    -0.0141454339 0.123772621 -0.16172719 1.05699563 -0.480843246
    -0.206454992 1.31454802 -0.14243722 0.463998199 0.658242822
    1.40879488 0.318371415 0.256796837 1.1613251 -0.492847413 1.15373707
    0.971484303 -0.489446759 1.34517395 1.79276538 -0.752284825
    0.759180069 1.71466768 -0.254846692 0.878303528 0.976139009
    -0.302050889 1.18915272 1.42696881 0.122959137 0.150629044
    0.0579665899 -0.411578745 -0.214516103 0.43789649 0.208253264
    0.386072397 1.38095534 1.06849051 -0.41541934 0.872367144
    0.382213652 1.59472704 -0.379196227 -0.760501504 0.652505934
    0.408786297 1.7274785 -0.725835145 -0.442654878 0.256471097
    0.696032286 0.334756851 -0.506037831 -0.560868025 0.866143465
    0.912768722 -0.125339031 1.66736495 0.816075325 0.938500166
    0.695026994 1.66390157 1.4583869 1.10981417 0.473036051 -0.354777545
    0.320671618 0.701138198 -0.668830991 1.55953836 -0.723564386
    1.38427675 -0.103679538 1.23058569 1.51142156 1.21641362 0.79623127
    0.159615099 1.0018605 -0.181791663 1.10393655 0.0740122795
    1.56454003 -0.0217986107 1.25334072 0.565912604 -0.722523153
    0.144142568 0.926418483 -0.714543045 -0.00436145067 -0.364752054
    0.461499751 1.59188485 -0.68645215 -0.18690455 -0.240461409
    0.249787509 0.993173003 -0.860454559 1.45435774 1.03805768
    -0.303539693 0.503474891 0.860216737 0.737906396 0.570061266
    -0.841812313 0.709662557 1.53159833 -0.435440481 0.332428336
    0.974742353 0.0771762133 1.34008443 0.432739675 0.39046067
    1.48762667 0.771224678 -0.576797843 -0.521867573 1.10166287
    0.879143059 -0.303848028 0.639941394 1.78532314 -0.818609774
    -0.500044227 0.0297708511 -0.00151568651 -0.727517128 1.03807878
    -0.638832331 0.325073719 -0.136344314 1.17799282 0.123390913
    1.59007835 1.7187531 -0.395281136 -0.235541642 1.388659 -0.87924999
    1.25447428 1.49776399 1.4465965 0.0396054387 -0.431587905
    0.754867733 0.665114641 0.558460653 1.13806295 1.29349899
    0.430924833 -0.708117247 0.620575786 -0.378730655 0.387873054
    1.84578884 0.175697684 -0.428973824 -0.0379613042 1.86881018
    1.42622256 -0.610813916 -0.775158107 1.66628718 -0.799809933
    1.4555161 1.29836953 0.799458146 1.00372505 0.145125091 -0.103357852
    1.36168003 0.996746063 0.0451846123 -0.608578026 0.85720551
    1.74665558 -0.792425871 1.50156736 -0.0838547945 1.21074152
    -0.215560377 0.589572132 0.0140437484 -0.553494573 1.88598418
    -0.206633687 0.703724086 1.38387489 0.333500087 0.258841395
    1.62282407 -0.16963309 0.450396657 0.713444054 1.39858747
    -0.735316396 1.32419288 1.69144666 -0.711651027 0.00496017933
    1.81877637 1.54599857 -0.742313921 0.544135213 0.471159577
    1.30067384 0.184134364 0.785745144 0.573345542 0.946833849
    -0.287995815 1.61312008 0.332681596 0.640398979 -0.172534943
    -0.464454651 0.364418805 -0.542162657 0.057677865 0.90021503
    1.53870308 -0.00651293993 0.137387335 0.097007215 0.482990265
    -0.0400323272 0.390532136 0.596839726 0.619512796 1.54906559
    0.728605866 0.756314695 0.274242401 -0.592876613 1.11167407
    1.13492525 1.01061392 -0.637505293 0.552960455 1.28439116
    0.653396845 1.60515785 0.0912401676 1.87107933 -0.438741684
    0.842448354 1.04161549 0.665344536 -0.0867668986 -0.519849181
    0.190268159 0.892573416 0.671013355 0.299552798 1.71965909
    -0.787270427 1.42388487 0.244007885 1.37977695 -0.46630311
    -0.638886452 -0.554692745 -0.34895587 1.28363967 1.02754927
    -0.540121496 0.728183746 1.69867647 0.0813473463 1.62390375
    -0.84678793 1.29521418 1.2122016 -0.775970101 -0.235860944
    1.06652033 1.16236329 -0.570015311 1.41796136 -0.0740880966
    0.159154654 -0.162010163 -0.198319316 0.457097292 0.901137948
    1.22070765 1.39693725 1.5810312 1.23215675 0.370854974 1.15038443
    0.936738372 1.52700257 -0.42176491 0.401833117 -0.0979788899
    1.18016052 0.503920019 1.54391479 0.961298168 -0.670063734
    1.16466212 -0.214343429 1.80193448 0.61809355 1.17781937 0.405622423
    0.910511732 0.205526054 -0.464442819 0.0768454075 1.02709281
    0.884515584 1.60061979 -0.113136113 0.0582443476 0.441571176
    -0.0136027336 0.350796223 -0.556064129 1.17743158 0.170243979
    0.725475013 -0.52631712 0.790653408 0.529041588 -0.289958894
    0.817101538 1.80883336 0.815880656 0.520328641 -0.169343531
    0.678523302 1.30355155 1.30702043 1.33694279 0.315002441
    -0.457972229 1.52538645 1.64677775 0.748158097 -0.552550614
    1.30811942 1.57707095 -0.811582148 1.48545277 1.1491797 0.888668716
    1.23931396 0.613330126 1.0689795 1.39507031 0.973003268 1.19563973
    -0.795677722 1.72708225 0.755229056 1.10400486 -0.0976647139
    0.809297144 -0.46967715 1.73412609 1.57521355 -0.730168343
    1.40506005 1.79466677 1.63572836 -0.290497005 -0.213762581
    2.19162202 0.464528471 1.52428651 -0.409076512 0.0874209404
    -0.503053665 -0.584881604 -0.268234283 -0.564794719 -0.0861930847
    1.74610603 0.0734881759 1.45414901 1.28359222 1.877069 0.486873269
    1.36628413 0.174965441 1.05077326 0.427187204 -0.344779909
    0.30437386 -0.0249046087 0.567945063 -0.826584816 -0.530694485
    -0.10698849 0.873840094 -0.175778568 0.759239137 -0.0903483629
    1.20775449 -0.364476651 -0.17023319 0.382891119 -0.632525384
    1.61281133 -0.683688521 0.383489072 -0.626621783 -0.743040383
    0.0302042961 0.827659905 -0.233797371 0.816854894 0.168550849
    -0.670029759 1.56111121 0.674534619 1.20085824 0.226196587
    0.944483876 -0.345176101 0.272023916 0.457262993 0.828019977
    0.247082472 -0.226244569 0.0919655561 -0.377316415 1.10898411
    0.583578408 1.12556374 0.213907897 -0.502388716 -0.263138592
    0.50692457 0.168935597 0.839487135 -0.487032413 -0.466336191
    0.596362114 1.49189973 1.00898886 -0.61117363 1.77857471
    -0.116094589 1.35885239 1.65431845 0.543631792 -0.889271975
    1.07424498 1.1327765 1.75260448 0.046130538 -0.179121017 -0.43725121
    1.437325 1.09400654 1.23076677 -0.0649982691 1.02335787 1.46496999
    0.853446126 1.43193972 0.259279609 -0.358440459 1.02310586
    0.321183622 -0.516513109 -0.147577226 0.160874128 1.66824603
    1.34249139 -0.343887031 0.36586678 1.43676317 1.45696056 0.942869008
    -0.288555205 0.745767772 -0.333320618 2.00322366 -0.651036382
    1.79995203 1.78153872 -0.45154047 0.603509188 1.60772765
    -0.454889059 0.0880307555 -0.363389939 1.71986377 0.313306153
    -0.392691851 0.131406903 -0.190982461 1.14136589 -0.0111964941
    0.185257614 0.179877281 1.18955112 -0.462465882 1.63372445
    -0.308172852 0.162230611 1.50687373 0.614614666 -0.235380709
    0.917585969 1.18680692 -0.00472617149 1.11487269 0.986982346
    -0.302123129 -0.424710631 0.484504879 -0.366318017 1.11936808
    -0.336083591 1.75632048 0.460708857 -0.385079622 1.22669053
    1.13077998 -0.321893096 0.66508007 1.52825201 0.288071752
    0.834945858 0.418087542 0.842673361 1.3515265 0.136917114 1.60811007
    -0.188044965 -0.137883604 0.0522797704 -0.549823284 0.489973962
    1.39210498 0.266014814 1.47009444 -0.719893575 -0.234526217
    0.217124939 1.62264383 1.02459097 1.40764105 -0.834920406 1.18007135
    1.70147657 0.34074533 1.50364649 0.117547154 0.199254155
    -0.323965132 -0.138014734 1.5429275 -0.33087647 -0.0266302824
    0.664417624 -0.769949257 0.113507032 0.105345488 1.62981582
    0.489165545 -0.467312723 -0.609601498 1.48318076 -0.662612557
    -0.415250301 -0.317694455 0.337508798 0.700024247 0.632925332
    -0.100208521 0.67212528 0.0979551673 1.00353026 0.0463436842
    0.126598954 -0.647462249 -0.65756917 0.00732094049 0.477802277
    -0.672214031 -0.282415003 0.0651600361 0.188912988 1.22126746
    1.16197968 1.14463294 1.25316095 0.26553756 -0.878153443 0.949576735
    -0.177000105 1.17515433 1.26483297 1.22937143 0.366965294
    0.142212272 -0.16032654 -0.347727537 1.29991961 -0.0341063738
    -0.702217162 1.54286277 0.838659644 1.4239341 1.58031499
    -0.271511137 0.836121202 0.522927344 -0.602467597 0.678953886
    1.64440084 1.51298952 -0.505875289 1.61555445 0.118786633
    -0.782259822 1.59897172 1.28435802 -0.122104585 0.484889805
    0.805735528 0.682631433 0.489680648 0.237214386 1.38365173
    1.10373926 0.866343439 0.519051552 0.942280293 0.94938308 1.36965561
    -0.258913517 1.03169656 -0.281161189 -0.475856453 -0.132090211
    1.15675855 -0.109212756 0.525522411 0.675281584 1.5311234 0.62394762
    1.23668766 1.88636756 0.104112625 0.457238853 -0.291357756
    -0.560610414 0.352821231 0.84446609 0.386672795 0.700332701
    -0.289247543 -0.336784661 -0.529908776 1.68117905 1.72315168
    0.530493677 -0.635974407 1.79026067 1.14145529 0.58830452 1.36033773
    1.06779218 -0.057587564 -0.002640903 1.12277913 0.843008876
    -0.242321372 1.52354622 0.686963379 0.0705434084 1.53989208
    1.03410006 0.0643867254 0.743650556 1.30454981 0.579437673
    -0.00448346138 -0.0806470513 1.6140883 -0.209566832 0.59852016
    1.28874886 -0.375330508 1.25220931 -0.149028301 0.801216722
    0.729497313 0.632801235 0.314464927 0.0970464945 0.174814999
    -0.108614624 -0.184016168 1.70958877 1.2964741 -0.336744666
    0.148977518 1.28350282 1.81759262 -0.818768859 -0.110438883
    1.8231082 0.284382403 -0.478993267 0.152369082 1.51632214 0.61973995
    0.580660641 -0.453079939 0.0645035505 0.884509206 -0.707944334
    1.54550135 0.918096662 -0.203134894 -0.0609340072 0.308086038
    0.51870966 0.335753262 1.26866984 -0.238619447 0.506642878
    1.75174522 1.06749129 -0.00770568848 0.131848991 1.29296279
    1.52681589 1.61055589 -0.385077059 -0.00125426054 -0.540905118
    0.152309418 1.538414 1.1352694 0.187911451 1.24745142 -0.555492938
    0.464371204 0.377723753 0.729700863 0.24513644 -0.261276603
    -0.290353596 1.23767757 1.25972152 -0.214847714 -0.540181637
    -0.135660172 0.359900177 -0.493834376 0.209742963 0.640183628
    0.501669586 -0.666295648 1.40540838 0.997766972 1.32702923
    0.41839999 1.75810599 1.51336074 -0.0286397338 1.23291039 1.06733048
    0.431329966 0.33490485 1.52100325 0.863190413 1.45282853
    -0.497449934 -0.245571792 1.29044008 1.45744312 0.79238379
    1.35520399 -0.0428201556 -0.782985687 -0.54148984 1.65124691
    -0.796241462 0.337529182 0.343719423 -0.503237486 0.472511947
    -0.295320392 1.21409941 -0.347571224 -0.0223110914 0.222914517
    0.699133277 1.6981523 -0.696666241 1.37938905 -0.890349686
    -0.680288792 1.14949501 -0.152549207 1.52634788 -0.638637304
    1.67633581 1.49625015 0.140483558 0.973308802 0.392983139
    0.0510499477 1.13003755 0.17971617 1.78492224 0.0856889486
    1.34935331 1.09706378 0.610157311 -0.56185168 0.24155879 0.995612025
    0.735339344 -0.160372019 0.813215017 0.0923982263 -0.496343732
    -0.0222456455 -0.0243382454 0.153109729 0.915247679 0.243129551
    1.37795186 1.10870302 0.593486428 -0.643720686 -0.275175422
    1.72252274 1.62405396 -0.468542844 0.161961317 1.57614625
    -0.671180487 -0.181604803 -0.0972465873 -0.391283154 1.39301682
    0.0367280245 1.18168557 1.31453657 -0.731872261 0.846476316
    0.435991526 1.44032705 -0.284451187 0.457305968 0.943541706
    0.372734427 1.2442745 1.62358069 0.871318817 1.18159091 1.23618114
    -0.340487778 -0.735864401 0.951067507 1.59039545 -0.14016217
    -0.696159422 1.4763577 0.570132136 0.184408605 -0.448759198
    -0.861811936 -0.478487849 1.65754056 -0.775258064 -0.159736335
    0.599623859 0.103900611 0.349115998 0.382718235 -0.40383625
    -0.47678411 0.860160589 1.5621748 -0.869955063 -0.731393695
    1.80028892 -0.16790539 1.52829838 -0.465898782 0.173599243
    -0.783396244 -0.492801577 0.998393714 1.75772321 0.65253067
    -0.710695744 -0.398294926 0.932134569 0.607168853 0.0276758671
    1.62841856 -0.0130159855 0.57530272 1.62442422 1.16300344 1.82226419
    -0.585986912 0.625936151 0.146680117 0.493545294 1.86080205
    0.190744698 0.111697674 -0.555923045 -0.514471412 1.66842711
    -0.0853210092 -0.0289865732 1.47803545 -0.57967037 -0.191780627
    0.128630579 0.757199883 1.01997924 1.56305742 0.342309356
    0.147060692 -0.557547092 1.40913796 0.598305821 0.959375143
    1.17511618 1.35872221 0.436246872 0.391994834 -0.284383893
    1.49006999 0.443877161 0.736848116 1.44068205 0.549544811
    -0.206546068 0.462852836 1.60519528 0.161848068 0.288787365
    0.77583015 0.561575234 1.3936522 -0.751109481 0.968651831
    -0.795431733 1.43219543 -0.273639083 1.39188552 0.727323413
    -0.460515916 0.833431959 0.0204581022 0.0369670391 1.16195977
    0.768654823 -0.0645384192 0.310088456 0.00754588842 0.452643991
    -0.50526464 1.00210297 0.627923846 1.3327316 0.61316359 1.15572989
    1.7621727 -0.49161002 0.0162347555 -0.400377482 0.412903368
    0.353873968 -0.376893044 1.59924936 1.60030985 -0.636541486
    -0.53020215 1.31581545 0.805565238 1.32585359 0.332400739
    0.0807253718 0.486998677 0.492821097 -0.578061044 0.708469927
    -0.451574653 -0.175094068 -0.630209923 0.284359276 1.39955688
    -0.461632878 0.967831492 0.57656914 -0.264166117 1.31246161
    0.925133586 1.08303237 0.551069856 0.320947409 -0.654553354
    1.48972619 -0.455901742 0.805510998 -0.425978839 0.521640897
    0.451167524 0.256929696 -0.178565025 0.243103325 0.103246987
    -0.80979234 0.674955726 -0.833913922 0.909587264 0.503660262
    0.684376955 0.677765548 0.922749698 -0.505308807 0.302516937
    0.330005229 0.827991903 -0.363375425 1.52775526 0.627867043
    0.976195693 -0.980557323 0.041921258 0.932891905 1.06885815
    1.49404335 0.237930179 -0.11142242 1.72792888 1.89066935 0.304778218
    -0.176396906 1.80867171 0.499381363 -0.424744368 1.08558047
    0.388897359 -0.0956650376 0.572331429 0.98211658 1.60729218
    1.33902431 -0.905010819 -0.335019588 -0.459926516 1.60291743
    0.698875904 -0.245798826 -0.272238284 -0.606311262 -0.186319143
    1.02467227 1.46893287 1.23579049 0.637557447 0.158082187 1.25995529
    1.20989728 1.33015966 -0.672630906 1.01566243 1.2701664 1.71407223
    1.68336701 1.26833034 1.79831886 1.38617396 1.36326528 0.193451822
    0.256105363 -0.66005975 1.25012207 -0.412012964 1.19660699
    -0.524900556 0.624909401 1.73148108 0.880341172 -0.168043017
    -0.64488554 1.64380181 -0.284908235 1.74537015 0.926056921
    0.117436528 0.798676729 1.18622565 -0.833414078 0.471036494
    1.18638802 0.497573495 1.13914049 0.12627244 0.642664433 1.58236015
    1.17151618 -0.142309248 0.403313756 0.585498035 0.584937572
    -0.630932093 0.0206189156 1.22817135 0.367857933 1.05861521
    0.361974657 -0.609711289 0.79458791 0.876438141 0.303146601
    0.887347937 0.284074187 -0.0027629137 1.38528633 1.71053994
    -0.564912915 0.707208574 0.111021578 1.42006433 1.2493155
    -0.334997654 0.88859117 0.325561583 1.14940083 1.09000993 1.26993048
    0.928125501 1.51324344 -0.215573788 -0.536852598 -0.32420963
    1.61448336 1.70230103 1.36319768 0.123034 -0.200978041 0.673138618
    0.347582817 -0.746099055 0.733129382 -0.222100258 1.24197936
    1.04568088 -0.514564633 -0.529106319 0.0629808903 0.631142557
    0.93204093 1.75550771 -0.394235551 0.574776411 0.349209785
    -0.609722674 0.699035466 1.71162164 -0.169628859 1.28268218
    0.353312254 1.22268772 0.73854804 0.706104279 -0.374326825
    1.34208608 0.185074687 1.6008476 0.496767998 0.0705457926
    0.536920786 0.434735537 1.45947802 0.342237473 -0.618355811
    0.172703266 0.386897445 0.0413123369 -0.170936823 0.495687366
    1.18893898 1.03276551 0.587995708 0.703561664 -0.812412381
    0.853405774 0.700039029 1.6146549 0.533068657 1.72026944
    -0.694850683 0.194064975 1.1177814 -0.610117555 0.957132399
    0.111391068 1.24830282 1.78578889 1.14500761 0.246215641
    -0.515242219 -0.652898669 -0.0599099994 0.800260365 0.317381501
    1.43720448 -0.243448019 -0.705689847 0.284438372 0.466127694
    -0.491048217 -0.659427464 1.8609252 -0.203518927 -0.480540752
    -0.238840759 -0.246913195 1.72024119 -0.64218092 0.610802889
    1.63724542 -0.104729652 1.035882 1.64266944 -0.0533216596 1.73153925
    1.52017105 1.21295691 -0.742084444 0.285321593 0.591219962
    -0.438032806 -0.687071502 -0.0223770738 0.530179024 -0.0603312254
    0.0261603594 1.41401124 1.32872415 0.832196474 -0.488712549
    1.06936669 0.763280272 -0.220475733 -0.30872041 0.208570361
    1.75296688 1.72589421 0.671173036 0.0388486385 -0.483127892
    0.288734436 0.9591524 -0.612746 -0.157432795 -0.00426453352
    0.151102483 1.45658255 0.670135498 0.32385987 0.499352217
    0.688125968 1.52920628 0.639568865 0.82962501 0.061160326
    -0.469912767 0.328178108 1.42646503 0.646122992 -0.904168725
    0.694277346 1.67502737 -0.677089691 1.14736032 1.67641461
    -0.429483116 1.01757348 -0.110000551 1.75622678 0.492036104
    1.60409784 -0.635922015 -0.257933736 -0.0238129497 0.78213805
    1.40443039 1.66941845 -0.486895114 0.133483589 0.304142177
    1.63070023 1.13180244 -0.314641118 0.358679414 1.39878082
    0.198979855 0.191594303 1.09437311 1.21340013 1.01210845 1.3236407
    1.01557875 1.79879403 -0.477814406 0.380498111 -0.446893424
    0.622183979 0.373900652 0.127143502 -0.0321190357 -0.53433913
    0.0284978747 0.495125771 0.43654412 -0.367383003 0.589360237
    0.14165473 1.59995914 -0.145618558 0.645611882 0.481080711
    -0.840718269 0.230297625 -0.644914865 -0.332295835 -0.576798975
    0.550405741 0.905679524 0.0553312302 -0.18240422 0.992110133
    1.16550422 -0.177918315 1.46564662 1.44902754 0.446516037
    0.231672287 0.264998019 1.18951631 1.24906945 0.608453214
    0.695667624 -0.0497630239 -0.213072479 0.850810707 0.0206754804
    0.916701198 0.873362482 0.643985868 0.506748199 1.2203058 0.80051899
    -0.889188051 0.7214818 1.12681103 -0.202256918 0.481259763
    1.37967932 0.728252172 0.211366296 0.20834136 0.490793645
    -0.34729749 0.674927473 -0.553088307 0.484040558 -0.157844126
    1.64391088 -0.734931827 0.338337779 0.860950232 1.22667563
    1.45759547 1.62054658 0.914039075 1.47197688 0.815013885
    -0.246773005 0.220792353 0.701167941 -0.396765411 0.893313289
    -0.686219096 1.66862082 1.10781348 1.6703155 1.87488282 -0.638521731
    -0.713893712 0.783387542 0.662066758 -0.297641098 1.10405004
    0.157700598 1.48652363 0.46133846 -0.598184764 1.44298458 1.71831918
    0.526808381 -0.750783682 1.52552152 0.289203763 -0.592719316
    0.201053441 -0.36854285 0.828161061 -0.657724559 0.328429043
    -0.403275758 0.291506171 1.84242666 0.833304524 -0.427185655
    0.486429274 1.39000392 -0.602924109 1.2851702 -0.670988083
    0.409725666 0.695499241 0.599446356 -0.512555242 1.39535654
    0.363341391 -0.286730349 0.121277928 1.43842006 1.14020705
    -0.422493547 1.27455688 -0.741283298 1.1022296 1.6955471 0.751939297
    1.52970946 0.624461889 -0.362040639 0.549792647 0.292371631
    0.138271213 -0.879599452 0.982743502 1.62356353 0.116617322
    -0.808154404 0.130772591 -0.0229809284 1.65469682 0.488516986
    0.75151974 0.278833032 0.576001823 1.05750823 1.51337409 1.59001589
    -0.889985561 1.73140681 1.07965255 -0.790935338 0.601940572
    -0.258408308 1.81845474 -0.0624489784 1.61198378 -0.363869101
    -0.672814846 1.11980391 1.42576909 -0.768954337 1.58606434
    1.68277884 0.178624392 0.931815922 -0.643444538 -0.570006847
    1.37374377 -0.0956296325 -0.542527854 0.192377508 0.459947228
    0.914815426 1.56401849 -0.427107632 0.931739271 -0.684590399
    1.39778137 -0.183967888 -0.238386333 0.231018603 0.0429754853
    1.41438591 0.47201997 1.32513154 0.580348969 0.831813216 1.71834898
    1.07048261 1.46310186 -0.277304351 1.61412024 1.29964805 0.606829226
    -0.386031419 0.906265199 0.550190389 -0.360525668 0.941148937
    0.76141417 1.70605373 1.1454066 1.30434299 0.5877496 0.56618917
    1.0694139 0.731970668 -0.528605759 1.39190221 1.68685484 0.481578767
    1.43574238 1.32599306 1.23199129 -0.528635859 -0.223865867
    0.995012283 1.52590311 0.689717829 0.845106661 -0.57086128
    0.0888527632 0.86570853 -0.709232807 -0.399659663 0.917557061
    0.436841071 -0.376460075 0.602872312 -0.221859515 -0.140709996
    -0.00893735886 -0.113931119 -0.550184131 0.0898328424 -0.0492780209
    0.618910968 1.43385518 0.978838325 1.15287364 -0.19314158
    -0.398333937 0.232715011 1.73106122 0.660994172 -0.0180345178
    1.06655443 -0.585861921 1.53135729 0.654240966 -0.322960794
    0.793050587 0.290391445 1.66494262 -0.53322643 0.345793366
    -0.317000479 0.248826683 1.39106011 0.430552483 0.106734574
    1.35135913 1.28632998 0.609157026 -0.429546416 -0.530672252
    -0.739446819 1.2779268 1.49195087 0.00761044025 1.17996788 1.0379591
    1.24613094 0.938476026 1.49947357 1.2850951 1.48460817 1.53811622
    0.900355816 -0.763718843 0.0364181995 -0.0198714137 0.911556542
    -0.241348386 0.936240375 0.373773634 -0.613455236 0.298677444
    0.962737203 0.774010003 -0.617065012 -0.0503430367 -0.118149519
    0.63061285 -0.285679936 -0.295288444 0.798410773 1.32679832
    -0.518287003 1.0508821 1.68652916 -0.0969650745 1.72695518
    -0.71775806 0.959950805 1.11571312 1.48752558 0.945659995 1.05617285
    1.51281607 1.49350476 -0.205919981 0.927045047 0.650769651
    0.599260747 0.531975329 1.06348908 0.564823508 1.57122505
    0.819256961 -0.453592837 1.0752548 0.602721155 0.93528533
    0.216402769 0.423671484 0.322249293 1.19356251 2.00453997
    -0.638475657 1.77764463 1.07520962 -0.0032030344 -0.415443093
    1.68199956 -0.724289536 1.74056506 0.461280882 -0.200063884
    0.908203304 1.73564672 1.2592392 0.780326962 0.685958326 0.929261923
    -0.191472769 0.612274349 1.38470697 -0.303042889 1.10211492
    -0.193406761 1.51265025 0.970790029 -0.756937206 1.90400457
    0.612489402 -0.378196955 1.00509858 -0.60551101 -0.308440208
    -0.635561109 -0.59033674 -0.0421617031 1.68141389 0.310116231
    0.757692635 1.30159819 1.1003952 0.391666472 0.812155366
    -0.186679244 0.658706427 -0.171087682 1.02108216 1.5230279
    0.118685246 1.13206303 0.30434072 0.0365458131 0.882365584
    0.255795717 0.620677352 0.681646347 -0.649885774 0.834603667
    1.2870822 0.638992071 1.69634843 -0.261768818 0.932960987 1.65574062
    1.66387689 0.521952927 1.11523092 0.212713063 1.35956836 0.870829642
    -0.735624671 0.499246061 -0.0289193988 -0.757843494 0.559126258
    1.36340141 0.995397568 1.68343747 0.6111269 1.4124527 1.4373008
    -0.590368092 -0.276456237 0.225463867 1.43498611 0.220425606
    1.51839805 0.661556482 -0.353890389 1.68851829 1.42357731
    0.433422267 1.23498535 0.104301035 -0.783673525 1.76496673
    1.56127191 0.87392813 1.12650871 0.185217381 -0.595669031 1.67950869
    1.52224755 0.0389425755 0.0526056886 1.07539701 -0.339186758
    0.537299991 0.886185408 -0.122210145 1.46198249 0.0791150928
    -0.541656017 -0.606728077 1.85764885 0.61767441 -0.152172685
    0.435142517 1.6716733 -0.635516286 -0.2691679 0.240750074
    -0.642177999 -0.603692055 1.0978092 0.382516086 -0.250047863
    0.702378511 -0.0402211547 -0.730754018 1.52922511 -0.0842884779
    -0.735914886 1.36399865 1.08992362 1.28443599 -0.131021857
    -0.741277993 -0.713186622 1.24508584 -0.533498108 -0.669227242
    0.435331285 0.336927831 0.847716272 1.18157077 -0.234877348
    0.832013965 0.40124321 -0.0349842906 0.7469365 -0.460703909
    1.51139021 0.164771855 0.406341791 1.24948168 1.67280471 1.81442416
    -0.299279213 1.39154613 -0.0798422694 0.12310189 1.87969577
    0.397904932 -0.2625947 0.408789992 1.281124 0.913767219 0.0961757302
    -0.539056182 1.64751387 -0.627218127 -0.481502384 -0.246053278
    -0.648621917 1.72338748 -0.0769547224 1.00693393 1.68508291
    -0.784205496 1.77639699 0.216155469 -0.436948419 0.59280616
    0.38170141 1.1774447 1.60521448 0.413100481 -0.305817604 1.7775929
    -0.617438078 0.00695073605 1.01017594 1.8982048 0.35923171
    1.52948189 0.762417555 -0.453229904 0.278388858 -0.00614792109
    0.685353756 -0.175889194 -0.19228375 0.737887561 -0.725850284
    0.16767633 -0.182393134 -0.283908129 0.265684187 -0.443821788
    0.763089657 0.0579297543 0.248340428 0.473182797 1.5313127
    0.703087866 0.791358411 1.48884726 -0.363646954 1.62021589
    1.39024234 -0.672938645 0.707055032 -0.225500286 1.28967679
    1.73458302 0.539152622 0.548758388 1.30387926 -0.0757344961
    0.451732814 -0.31514293 -0.213014662 1.29000211 -0.120468616
    0.979463935 -0.712619066 -0.183515608 0.706377685 -0.344710648
    -0.60872519 -0.55234766 1.81579828 0.972040594 -0.644927621
    -0.317535162 -0.0680544972 -0.26759094 -0.0391034484 -0.284385383
    1.66499186 -0.50159502 -0.178893507 1.85301948 1.36752558
    0.208788574 1.05277622 -0.286486149 0.92173022 -0.157413423
    0.365364432 -0.651177406 -0.00484466553 0.692516625 1.23727679
    0.989141464 -0.0773277879 0.519157231 0.152505815 1.75646627
    -0.835850298 1.09894609 1.1381824 -0.726678371 1.3424654
    -0.165394425 0.991325438 -0.883282781 1.54731393 0.107758224
    1.52630532 0.683631957 -0.01135391 1.53421307 -0.0768210888
    0.801508665 0.057458818 0.393227279 1.02796924 1.83853173 0.65652895
    0.279456496 0.911505878 0.952445626 -0.128668189 1.71717691
    -0.119363487 -0.00065690279 1.55927157 0.981633186 1.60756242
    1.67036533 -0.207774878 0.154560208 -0.828597486 1.20427704
    -0.0780012012 -0.143511713 -0.0525081158 1.59227657 0.354436338
    -0.69304049 1.41656303 1.75767851 0.10215205 -0.368270338 1.43434906
    -0.895509601 -0.488909721 1.29791617 -0.601322889 1.4826417
    -0.252360642 -0.76672405 1.1123383 0.401931584 0.483970821
    -0.457064211 -0.386758387 1.7640605 -0.459767342 1.54785359
    0.962619245 -0.26542753 0.0315259695 -0.741467893 0.684659004
    -0.613971055 1.15776324 0.612392962 1.27381277 1.802948 -0.257142723
    0.0103355646 -0.682930648 1.74986696 0.327415526 -0.424364924
    0.664675534 0.745684266 1.7224369 0.522505939 1.09555101 -0.25412029
    -0.16774717 -0.041128099 -0.0140575767 -0.694593728 1.67018199
    0.744996607 0.204151034 0.255882025 1.23947167 0.843470395
    1.46199679 0.0209383368 -0.687033355 1.3126142 1.38472354
    -0.734001458 1.26876318 -0.807463646 1.63885856 -0.257603347
    1.70674372 -0.473047912 -0.573845267 1.85713303 1.30643249
    0.0916435122 1.56638622 -0.320549428 0.993695796 -0.678976417
    1.64110982 1.45396209 1.39543521 -0.487794459 -0.646002471
    0.954880178 -0.611995935 -0.769152045 0.946641207 1.48874307
    0.920496583 -0.152222753 -0.405944288 0.743232369 1.07242846
    0.869802773 1.74646413 1.05808604 1.48454571 -0.446469575
    -0.363890886 -0.052974999 -0.151532352 0.797032237 -0.354486942
    0.242094278 0.0635051131 1.42564774 0.477179706 0.079965353
    0.221540689 1.70778251 1.063187 1.31972408 -0.13952595 0.378407776
    -0.437086165 1.54156697 0.353327394 -0.411249995 1.07783914
    0.122100651 0.345377326 1.78111768 0.581454992 -0.525273323
    1.02119565 0.333445549 0.0122497678 -0.267013252 -0.0594304204
    0.234749734 1.10487664 0.464883804 0.0177304149 1.49845409
    0.0964071751 -0.415787339 1.63735962 0.911573529 1.35119641
    1.14364672 1.63513136 -0.47552231 -0.141926408 -0.553765178
    -0.387069046 0.674827278 -0.341969281 0.388744175 1.27152216
    1.16764283 -0.112086713 1.6809876 0.628272593 -0.26344645
    -0.429588407 -0.295569599 0.995501101 1.23607159 0.896620035
    0.77739656 1.53478193 1.06405926 -0.462836385 0.251315475
    0.171788812 0.895300329 -0.14174974 1.23522639 0.622186124
    -0.0990003347 0.952646017 0.313494861 0.512405038 -0.728401542
    0.39161694 0.0613996983 -0.0772718191 1.58305871 0.10600251
    0.413884044 -0.195691526 1.52391505 0.811585724 1.17423415
    1.37893093 0.483237863 0.0348687768 -0.321737975 0.385240793
    0.991423965 1.65301037 0.514641404 0.106608212 0.543844938
    0.474999845 1.26007605 0.980495751 1.07749438 -0.226520419
    0.144183457 -0.415662169 -0.62231946 -0.602713287 1.67442369
    -0.633867443 0.0293343663 0.82036829 -0.311662138 0.280291855
    0.765065849 -0.527008891 0.303167462 1.27300191 -0.679024398
    -0.515752196 -0.445967168 -0.0234606266 0.235001087 0.217557013
    0.00140553713 -0.690150976 -0.14466089 0.100193202 1.32737803
    1.58100426 0.974243045 -0.730643809 0.931758046 1.25618458
    1.56264699 -0.742050409 0.401384115 -0.2770859 -0.314466447
    -0.113427401 0.504094124 1.59076548 0.538493991 -0.83828634
    1.25592995 -0.558103025 0.0652319193 -0.784657478 1.22499013
    0.761640191 1.76643872 1.36238265 -0.723523438 0.486236036
    -0.802652061 -0.550690353 1.25898409 -0.329622149 0.795943022
    0.757209599 0.343078434 0.510598719 1.09655118 0.220137179
    1.28349829 -0.0484028459 -0.1148718 0.763580918 -0.575818419
    -0.224714458 -0.325426936 1.68766093 1.62665498 1.2394309
    0.413809836 -0.180970967 1.59623861 -0.406103373 0.778524876
    0.635913372 0.55802989 1.78371227 0.119574308 0.470982492 1.52512598
    0.668851376 0.695368469 -0.465949029 0.705729663 0.696878433
    -0.0223460197 0.90975368 0.0347132087 -0.0773025751 -0.594644964
    0.954838455 0.624007165 -0.41366303 -0.172749221 0.538818121
    -0.7535339 0.60563904 0.687671363 -0.734247923 0.272256792
    0.915777028 -0.222648442 1.10084438 -0.641932845 -0.0233874321
    0.322952032 -0.44002974 0.527896702 0.139450371 1.51598024
    0.00721210241 0.433388293 1.56826758 0.0728732944 -0.701715112
    1.10758066 -0.270092189 -0.341327846 -0.66793251 1.07201743
    -0.12251842 0.827725947 -0.466103852 0.0874379277 1.78132606
    0.700552404 1.15756869 1.09686923 0.63283056 -0.0945643783
    1.54624784 1.55093741 1.18769825 1.25154686 1.03807902 1.31656826
    0.364664853 0.168249249 0.427074552 0.706486046 1.74913311
    0.189748883 0.408814728 0.735035539 -0.662592649 0.370681465
    0.229807019 0.721017241 0.243027687 -0.746069312 -0.330447733
    0.418998122 -0.647022188 -0.565896392 1.21498835 -0.116434813
    0.492724836 1.82601583 -0.396760225 -0.478292465 0.399731457
    -0.16569376 0.941521287 -0.488506407 0.410301626 1.72866368
    -0.489725202 0.432496548 1.70542765 -0.0733160973 -0.656990349
    0.352547705 1.06184268 1.48818421 -0.838589489 0.606003106
    0.336283207 -0.565351725 0.882341444 1.49525607 1.59007096
    1.22696304 0.242645621 1.36807728 0.165123224 0.925908983 0.49874258
    0.836048126 -0.748859823 -0.26761055 0.768471301 1.5770812
    -0.841268063 0.121504426 -0.718226552 0.0993087292 0.668885887
    0.538710058 -0.666278243 1.43511319 -0.094380796 0.283139944
    -0.0816586018 0.254578114 1.24746716 -0.611015618 0.99037534
    0.801305234 1.66181278 1.34475875 -0.471674144 1.515481 0.318346977
    0.875951648 1.38208866 -0.824421644 1.28225112 0.946017504
    -0.233955979 1.27093101 -0.586803675 0.549581528 0.235415459
    -0.592983603 0.257579505 0.512076199 0.736424148 -0.322015285
    0.943924308 1.45833457 -0.113945544 -0.430899411 0.995280683
    1.77480507 -0.710987151 0.0463243723 -0.0156989098 1.50487936
    0.0834328532 -0.565119267 0.664758265 0.522559404 0.645629823
    1.72987664 -0.716111422 0.645612299 0.808661103 0.05847013
    1.53584039 -0.0780813694 0.436292708 -0.498140723 0.7256459
    -0.608091533 1.50956869 -0.429925203 1.31104183 0.241363347
    -0.158678114 -0.0389095545 -0.250195622 1.76432228 -0.147760838
    0.717862487 1.19928169 1.47916532 -0.135872841 -0.561181962
    0.215496659 1.6985302 0.218897223 0.663997173 0.67314589 1.49819732
    -0.414411843 -0.09661448 1.68298948 -0.508274913 0.955873847
    1.40296853 -0.97107625 1.10924435 0.311177492 1.00527978
    -0.113116264 1.09859812 0.759656489 1.22719574 -0.0781630874
    1.06886792 0.66141516 -0.0284155011 1.47460341 0.912888587
    -0.515460372 1.50554538 -0.090278089 1.31644809 1.6099546
    -0.555226564 -0.68676281 -0.0290483832 -0.169558942 -0.663506627
    0.608615398 0.560091734 1.80030346 0.00623506308 0.468284428
    1.62737322 -0.86252135 -0.674391627 1.13704634 0.887045443
    -0.412295222 -0.350157797 1.15252042 0.401519239 1.87035275
    1.20226049 -0.0244211555 0.462373376 1.06551087 0.922995329
    -0.656639695 -0.189764798 1.06068444 -0.188988388 0.202977717
    1.9560287 0.930399835 -0.622128606 0.407402396 -0.490443945
    1.55374384 -0.0302143693 -0.31082499 0.781849205 -0.56162703
    1.48061156 1.5915935 0.889031291 -0.478532553 1.03488755 1.12191141
    0.749459028 -0.140930593 0.391338646 0.0405111909 0.989724696
    -0.591726184 0.442471743 1.69807446 0.160569429 1.56759512
    0.398277283 -0.477935314 -0.717174292 1.32239425 0.159957349
    1.24979484 0.693443954 0.562800586 -0.595700562 -0.304278761
    0.488693416 -0.537004471 0.198467851 1.36462593 0.660503983
    1.37376547 0.219455898 -0.393875539 1.00794792 1.71889257
    0.613884211 0.176180959 -0.0491807461 1.25967836 1.22980905
    -0.529934525 1.78647995 -0.386167556 -0.646897078 0.466497481
    -0.264527082 -0.18242687 1.13701987 -0.0899375081 -0.286085963
    0.145582497 1.67224526 -0.071020782 0.61895138 0.413527787
    0.902677953 0.506538033 -0.806762218 0.543721855 -0.218061268
    1.38929832 1.05171728 1.31968999 1.41903067 1.84462774 0.0671298504
    0.156772196 -0.574913383 1.43912113 -0.170876563 0.254716694
    0.794122577 -0.00270599127 1.5333463 -0.162463844 1.79626381
    -0.577902079 -0.180395484 1.10189342 0.258363128 0.640992701
    -0.0565171838 1.27173507 0.118106961 -0.522394896 0.192915738
    1.01888013 -0.341233253 0.0783829093 1.32534778 1.55778348
    -0.22084111 0.767765462 -0.282330036 0.266140759 1.12111759
    0.244407237 -0.506140351 -0.565001607 0.516651928 0.46400243
    0.955410659 0.656959236 -0.45073238 0.491197705 1.70565367
    1.30077493 -0.143932998 1.46995234 -0.328143537 0.252587557
    -0.377706856 0.961176634 0.0496151447 0.403246462 -0.16953826
    1.32928634 1.93887913 -0.26832068 -0.24917835 0.130278945
    -0.292455494 -0.71625644 0.510648966 1.73966289 0.85174346
    -0.120459139 0.154004157 -0.4937042 1.56529081 1.22308445 1.44885492
    1.56280839 -0.248022377 0.374312997 -0.447843909 -0.666952372
    0.272034824 -0.587988973 -0.653381765 1.64457512 1.18139374
    1.55545032 0.152829528 0.769420087 0.154734612 1.05738282
    0.688591242 1.27981949 -0.0657942295 0.75287658 -0.223631263
    0.110798419 -0.122780323 1.07259846 0.515914381 1.76131845
    0.620727718 0.848921061 0.661881387 -0.388702631 0.300455093
    0.474191427 1.60330653 1.34413469 0.181451797 -0.251426399
    1.20897341 -0.199849606 1.36255121 1.61439586 0.234360278 1.40024638
    -0.771946311 0.994851708 1.83919597 1.87922239 0.687727332
    1.41742408 0.153556406 1.45744526 1.47256076 -0.0788596272
    0.571161866 0.843229949 0.107857645 0.181220889 0.246706843
    0.948118806 0.303926885 1.2141031 1.76738012 1.45592523 -0.337838173
    1.13045216 -0.185761273 0.95546174 1.5497905 0.141028881 0.995572209
    0.407329202 1.67586184 -0.776780128 0.463925421 1.05839324
    0.909343123 0.17416805 -0.721478939 1.35893559 -0.224497199
    1.79876781 1.19362998 1.44279075 -0.339284718 0.30389154 0.687823057
    1.77678168 -0.741466403 1.41697145 -0.670784652 0.32585907
    0.326548338 0.146085024 0.678178191 1.13072717 0.538841009
    1.02099061 1.25378811 1.08367038 1.52952719 -0.0353863239 1.78080487
    1.58726847 -0.209508359 0.366296291 -0.26633209 1.3105731
    0.168468893 1.03543782 0.589429736 1.75425804 -0.743842483
    -0.149909258 -0.323115587 -0.441663325 -0.575182557 -0.637913465
    0.397381127 1.66008091 1.15778589 0.245964348 -0.621475279
    0.464782834 0.841280341 -0.0400490165 0.748829961 -0.450202107
    1.69204116 0.0571844578 -0.0107622147 0.601703405 -0.311840892
    0.220935285 -0.619522274 1.24036884 0.677365541 0.108002961
    0.400318861 1.12169576 0.513116479 0.171328902 0.737176895
    -0.105436563 -0.0156131387 -0.388885975 -0.801730096 1.41579425
    -0.124610245 0.19586426 -0.666254997 1.21791863 1.17134666
    1.08536267 -0.112486064 -0.0116046667 -0.56542933 0.923552155
    1.32964754 -0.0349574089 0.632463336 1.36923051 0.335203528
    0.105190873 0.356089354 0.762990654 0.867474675 -0.54566747
    -0.766599953 0.551082909 1.87138057 -0.165268898 0.473685205
    -0.777736127 1.79712474 0.451750576 1.18032908 -0.191383362
    -0.0416706204 1.32605124 -0.342291892 0.49769181 1.00373673
    0.900542736 0.0159135461 1.57797444 0.448738635 0.0845600367
    0.637125611 0.911950469 -0.0709317327 1.36329651 -0.27636236
    1.96051037 -0.357824147 0.998858929 1.12920189 0.842974544
    -0.568186402 -0.15892601 1.03250587 0.94990623 -0.590691388
    0.322714329 0.206267655 -0.554133892 0.093259573 1.25128686
    1.00278676 1.52592993 -0.441845328 0.748179913 1.01996624
    0.189561665 0.63104248 1.16300631 0.763372421 1.52452338 0.425309181
    0.878448129 1.16981828 0.729140162 1.22033513 0.573821902 1.49988365
    1.86711586 0.208837748 -0.0839543343 1.80976272 -0.27258265
    -0.240403175 0.953936815 -0.113521755 1.81275606 -0.741669357
    0.320780337 0.315830052 0.00475800037 1.05759501 0.42385304
    1.53716338 0.322494626 0.800252914 -0.225782871 1.7419734
    -0.606557608 0.638098717 -0.09375453 -0.29410693 1.52317452
    -0.359314293 -0.394919097 -0.456957489 0.772013068 1.33090854
    1.70291114 1.46084428 1.02366865 0.527328491 -0.274938524
    -0.0306023955 1.32912505 1.41463423 1.48781836 0.759381533
    -0.0955833197 0.94631511 0.28577137 -0.423172891 -0.179967821
    0.0972050428 -0.355188727 1.34925103 -0.363094389 1.1518116
    -0.910092175 0.20027256 1.4523747 0.386510074 1.50347066 1.67461228
    1.08102119 -0.764206231 0.143757403 -0.858948171 1.81588805
    -0.680503786 1.08732736 -0.719710767 0.125384569 0.688886702
    1.25903606 1.53832579 1.60409498 -0.449553639 1.00597978 1.71421766
    0.519708216 1.39356446 -0.186484039 0.552257299 1.55770779
    -0.477258325 -0.261117995 1.5644567 1.54270899 0.596271574
    1.58787918 0.777326226 1.10660315 0.943831325 0.603234053
    0.504448235 -0.274461746 1.37464273 -0.0743472576 1.72945642
    -0.126441181 0.578661323 -0.597467422 0.269780755 0.580968499
    1.26950252 1.2154932 0.0508968234 0.401739299 -0.34304738 1.53777456
    -0.375174612 0.75214994 0.92687571 -0.782800674 1.52978086
    0.709569931 0.290869296 -0.541267097 0.159679174 0.104467511
    -0.564453244 0.728855431 0.806609809 0.634612083 0.31893748
    1.11602938 0.677401841 1.43246245 0.211343586 1.4119482 0.654487312
    1.48200238 -0.312470973 -0.307254791 1.55392075 1.66821671
    0.605304301 0.678477347 0.596932054 0.287531972 1.25475681
    -0.674255967 0.104377508 -0.759024084 -0.522740245 0.0582758188
    0.605000257 1.78901505 0.15413928 1.22429097 1.69140625 -0.632964373
    1.55167842 1.58201909 0.644342482 1.74228907 0.562059045 0.355456412
    -0.11739558 -0.252515554 0.691274166 1.87706435 1.74736881
    -0.526467919 -0.12677443 1.17265844 -0.330896616 -0.710518122
    0.66085583 1.00252974 0.383733034 1.52436972 -0.408493221 1.00512338
    1.37518072 1.12577248 -0.665536463 1.0180732 0.965988398 0.927070379
    1.49979639 1.41760755 1.65347099 1.49765944 0.77116257
    -0.00310891867 1.4324224 0.287312567 0.962068379 0.907825887
    -0.0342150331 0.735421836 0.879077494 1.13192427 0.863075018
    -0.0559607148 1.55407536 -0.682504833 0.880999267 -0.484805554
    -0.260027826 1.30776477 1.50852609 -0.496355921 1.01945996
    0.179265678 -0.239598989 1.65846992 1.41187382 -0.338355243
    0.296078384 0.725839198 0.0775443912 1.77252543 -0.0858560205
    0.452929616 0.836423218 0.564203918 -0.778475046 0.538973212
    1.06583047 -0.793296576 1.39285612 1.20187473 -0.0382560492
    1.60837245 0.545920968 1.33242428 0.269289792 -0.752702475
    -0.78567344 1.1855582 0.386939764 -0.249922991 1.03327382
    -0.681931615 1.7705822 1.50863409 0.0961381793 0.766443491
    1.41757047 1.82551098 0.352071583 0.952852845 0.285243392
    -0.244376361 -0.847823441 1.60087109 -0.854911149 1.33572507
    -0.0413891673 0.112731099 0.734087527 0.000585079193 -0.105343819
    0.869960666 1.57378149 0.100794435 0.617998481 1.21600199
    -0.605265021 1.31728458 -0.558723867 -0.7452479 0.636586189
    -0.60073936 1.68349218 -0.387353152 1.48726583 -0.378407389
    1.22959411 -0.414001167 0.69911325 0.347324133 0.661401868
    1.11144853 0.833021224 -0.605144262 0.907722831 0.17424345
    0.339871645 -0.515269995 0.712494671 0.0448791981 1.84809148
    -0.403894901 -0.0853990316 1.11808085 1.05163765 -0.544439554
    1.01921308 0.144759774 0.735295236 -0.955336988 1.68539703
    0.490890026 0.641866088 0.476798177 1.33867133 0.344273806
    1.38610089 1.12762761 -0.74918443 1.32061553 0.381948471 1.75757194
    1.72715139 0.379353404 -0.244118214 0.942865133 0.0452009439
    1.76821995 -0.91499567 1.70877838 0.932531714 0.217472434 1.54621863
    -0.606670022 0.274138272 0.677609622 -0.723553479 1.39487505
    0.908837616 0.430085063 -0.166275322 -0.580087125 1.250126
    0.519396842 -0.810328484 -0.973970473 0.92722559 0.875450373
    0.43344748 -0.478368133 0.381447077 -0.893187165 0.938315749
    0.648721218 0.97813201 -0.614962816 1.58700562 0.747362375
    0.327622652 -0.358327985 -0.18267715 1.1690495 -0.106513858
    0.943924785 1.59274602 -0.594242513 0.735843182 0.773928344
    1.13517284 0.0498328209 1.54541516 0.300832808 0.525383055
    1.38490129 1.61813283 -0.234969795 0.879869103 1.19829512
    -0.737200975 -0.130028069 -0.0691341162 -0.723401427 -0.448745638
    1.5242691 0.44844979 -0.050696969 -0.0159360766 0.825510502
    1.25002706 1.37992692 1.35020781 -0.684263647 -0.257725775
    0.207178712 0.968434513 -0.766743243 -0.810979307 1.06613731
    1.66329455 0.970949888 1.02107656 -0.373562396 0.239344299
    -0.00489503145 1.71561098 -0.0620943904 -0.720008254 -0.130159378
    -0.0694586039 -0.475887328 0.516927242 -0.228206515 0.473573864
    1.66081071 1.74017787 1.75613308 -0.0236387849 1.67887568 1.38735867
    0.0984225869 -0.460365564 -0.417150885 0.864676535 1.79558802
    -0.558979869 -0.375313967 1.22444916 -0.402090609 -0.775211453
    0.69716537 0.170299053 -0.0393701792 -0.672809243 0.375170648
    0.454043925 -0.53717798 -0.117125154 -0.439855516 0.479939878
    0.984379053 1.48925281 0.756624818 1.47525454 0.395635664
    -0.469065636 0.975464642 0.689077735 0.903401196 -0.080732882
    0.365633845 1.65615427 0.21028018 -0.130680382 1.63401771
    0.142018676 -0.136704385 1.66002345 1.06922436 0.476861537
    -0.223433673 1.03481865 1.62251329 -0.452293754 1.5143168
    0.520460069 0.282392144 0.462798476 -0.787586272 1.45419264
    1.25626111 0.303174555 0.218895018 -0.553487718 -0.448528796
    1.1909976 -0.203614414 1.50488782 0.604767799 0.56701839 1.02459788
    -0.0820994973 0.764022708 -0.489118814 0.992523551 -0.47383073
    0.92798686 -0.380655229 -0.381162554 -0.325450301 1.82694101
    0.835743308 0.176860332 0.778493643 1.1267817 1.46870923
    -0.250698507 0.723952413 0.596133232 -0.0451675057 0.850445747
    0.529519558 0.480126381 -0.572871268 0.0326886773 1.44730854
    -0.0206087828 -0.0514776111 1.7206521 -0.33703661 -0.85616976
    0.279562473 -0.103038073 1.28155255 -0.458895326 -0.370146513
    0.246827304 1.40728664 0.688972533 1.01556802 0.696134865 1.25360394
    -0.0519356132 1.02378011 1.21803546 -0.414542437 0.507065237
    1.01229227 -0.833695054 1.14470673 0.66484952 -0.491985142
    1.42476845 -0.619245529 0.696548641 -0.019946456 0.164149821
    1.36986279 1.52491665 0.714888215 0.459517658 0.453904748
    -0.198314905 -0.34229964 1.35147059 -0.86003983 1.3688035
    -0.296193957 1.50808895 0.579250455 1.04505503 0.872586012
    1.34272385 0.0671069622 0.599938869 0.665240169 1.72278047
    0.100545228 -0.667880535 1.45108342 -0.174932659 0.82887131
    0.165219784 0.134954333 -0.635858774 1.17670131 -0.504740894
    -0.231161892 -0.588412702 0.803562999 1.63035262 0.53663063
    -0.332648218 0.227849364 0.0692350268 -0.505229235 0.0148214102
    1.47454882 -0.462872684 0.382118106 -0.249798238 -0.747930884
    1.13528407 1.68435335 1.38031948 0.997575045 -0.584178805
    0.738251448 -0.475320548 -0.0484201908 0.454766929 0.546812892
    0.969255447 0.49091053 1.11772013 1.54610014 -0.589743555
    0.157411337 0.684203923 -0.00875306129 1.19300437 0.787118912
    1.33970594 0.298812747 0.0959098339 1.40548277 0.826500416
    -0.307693303 1.08133876 -0.540601194 0.266390026 1.28034544
    -0.53024888 1.37625682 -0.398556441 1.48881054 -0.234803632
    -0.559744895 0.491317689 0.05757761 0.95938009 -0.216575503
    0.0386425853 0.261091352 -0.430591345 0.785019755 0.0251818895
    0.184520841 0.332657874 -0.741752803 -0.814696908 0.51826328
    1.36835122 1.32073379 0.218473971 0.20050925 0.29493469 -0.733144462
    1.62855077 1.18246686 1.03451443 0.479355514 0.772771835 1.13093269
    0.777455568 1.35970998 1.09092021 -0.771089137 1.64995921
    -0.707026958 -0.74946624 1.68259799 1.29097879 0.487260282
    0.129476666 -0.787396073 0.459840357 -0.136011779 1.41178703
    0.340261221 1.2538873 -0.028624475 -0.545734406 0.393231809
    0.14387387 0.524820209 -0.656695485 -0.140731692 0.69377017
    0.314078033 -0.845914304 1.53210866 1.13536191 0.393919945
    -0.192477882 -0.487006873 -0.632018805 0.479478002 0.63727504
    -0.265985847 0.673895001 0.406680286 -0.754901767 1.42952394
    1.7122556 1.61178982 -0.0290011168 0.613997161 0.918192029
    -0.382308662 0.0585564375 0.970910966 -0.0932021141 0.185790837
    -0.0106870532 1.44585848 -0.204404533 0.52695781 -0.384836197
    -0.456295907 0.313087285 1.30484009 1.2938745 0.47704041
    -0.848404825 0.159251332 -0.151887119 0.378302574 1.74220181
    1.32591605 1.12695324 0.924776673 -0.0895432234 -0.0255339742
    1.10433292 -0.49113512 0.553600192 -0.130089283 0.0644161701
    0.549604595 1.40712476 -0.395114928 1.40156472 -0.35210371
    1.09355497 1.2401886 1.16230798 -0.638103664 -0.16952613
    -0.426669359 0.581341267 1.0667305 1.57501113 0.348708987 1.48170185
    1.16251493 1.08481717 0.0924403667 -0.62831831 0.210197628
    1.06390786 -0.320686698 0.0543138981 -0.0396271944 1.11733425
    0.494507015 1.17458665 -0.543650627 1.01578999 0.290934145
    -0.33660841 -0.441226423 1.50188255 0.665148854 1.58285427
    -0.629311323 0.667437196 1.46697009 1.22432423 1.65717411 0.37317729
    0.155416608 0.870794535 1.46185899 -0.0393169522 1.64455724
    0.352306128 -0.0782267451 1.47921205 1.46152556 1.65063405
    0.520361781 -0.772849441 -0.498413593 1.82827306 -0.345645458
    1.60140634 0.640839696 1.35659897 -0.544389486 1.82989979
    0.283655703 1.7306428 -0.70436579 -0.00928491354 0.0737646818
    0.840041637 0.683296084 0.668979049 0.582776666 0.450549245
    0.00778335333 -0.649247885 1.48334265 -0.223699391 1.54836416
    -0.733809888 1.59238625 0.606106341 1.44555926 1.77958894
    0.615284562 1.64591026 1.59843433 0.583163738 1.57546198
    -0.372192144 0.792678237 0.22520721 0.438292623 1.58690786
    1.28110409 -0.0434936881 -0.565845907 1.52053499 1.18574333
    0.925247967 1.02624536 -0.196915865 0.722302854 0.97745806
    1.13688087 0.481465816 -0.332670212 1.5433867 1.46298623 0.259111702
    -0.562225401 0.878940821 1.8247813 -0.317165613 1.20912051
    1.64536977 1.55905819 0.856163025 0.307405829 0.888573885
    0.746344566 1.14251256 -0.673545778 -0.318462789 0.963231266
    1.14263213 1.15030551 0.52652365 0.851875186 0.657851517
    0.0259017944 -0.62666887 1.51283765 1.34237671 -0.0803450942
    -0.310725421 0.518312335 0.124944866 1.06499553 0.88982749
    1.15810001 0.750142217 0.388125777 -0.543051839 -0.137651324
    1.73148417 -0.624556303 0.637162924 0.70598191 1.62590253
    -0.73008287 -0.0470175743 0.966866016 1.46740043 0.773400545
    0.652925253 -0.506523609 1.72446275 -0.452665806 -0.676216245
    0.58340013 -0.0287837386 -0.183170557 0.752900958 -0.214021564
    0.281048417 1.77268147 0.241927028 -0.233843029 1.76026893
    1.76834846 -0.702861965 -0.262963235 1.31281435 0.274995148
    1.23628759 -0.0247685313 0.315513492 0.611374617 0.350159764
    0.160389781 -0.15446341 -0.670192301 1.57819843 -0.759031117
    1.51236475 -0.340246379 1.2850827 0.306490123 1.05399358 0.479153574
    -0.651003063 0.702348828 1.02872074 0.250235975 -0.0805085897
    -0.220448136 0.821592927 -0.735083818 1.83074653 -0.689518809
    -0.3882128 1.35498643 -0.673695207 1.62194312 0.182063222 1.2450788
    0.415590882 0.231125176 0.956276774 0.0925301909 -0.0670132637
    -0.59452498 1.72271299 -0.0546602607 1.76565647 -0.224219561
    1.14836359 1.1660161 -0.548862159 1.63632107 0.643015146 1.58988452
    0.479777992 -0.0141609311 0.105340779 0.619169056 1.00896931
    0.898178935 1.10482788 -0.687764466 1.43709946 1.35808492
    -0.311757296 0.652965724 0.45443666 0.983455479 1.55154634
    0.378002286 -0.425732851 0.25805527 -0.389658958 1.30154634
    1.48124099 -0.430558711 1.66581523 -0.0109778643 -0.2550143
    -0.337782621 0.0289157033 0.059868753 0.923869014 1.56438959
    -0.249592781 0.872137904 0.892743587 1.43096924 1.1344614
    -0.163816392 -0.0774073005 -0.0914742351 -0.0726906061 -0.208508968
    0.389061809 1.32527781 0.921915054 0.156610131 0.406551361
    -0.627978981 1.84321094 1.03772271 -0.113346696 1.00898504
    -0.41982609 0.196338356 0.418058038 -0.393131256 1.59491205
    1.57636523 1.61068916 0.862964451 0.648626328 0.0909802914
    1.77077794 1.45062876 -0.212875009 0.537324011 -0.126290739
    1.44803774 0.858243465 1.47699666 -0.370136976 0.950463295
    0.510141134 0.378509521 0.0519963503 1.74304616 -0.228624821
    1.38327897 0.804712713 1.72809553 0.453298986 1.17698145
    -0.0544394255 0.1080423 0.239155412 0.481295943 1.63304424
    1.12581992 0.0798847675 0.838669002 1.65259671 -0.00251019001
    0.324056685 0.0145608187 -0.241728663 1.13010311 -0.157446384
    -0.0787495971 -0.405796558 0.184193671 0.628399909 0.810739219
    0.497053802 1.17888224 1.61468267 0.466008663 1.27210534 1.06428266
    -0.486401588 -0.147291422 0.0973425508 -0.679843128 0.306131244
    -0.590013623 1.37826085 0.585837066 0.469434857 0.659653127
    0.48286742 0.518033445 1.49879384 -0.756727219 -0.142004251
    0.518231332 0.10538578 0.623006701 0.850414753 1.33623433
    -0.548976362 1.24098074 -0.50513941 1.76175451 -0.855854928
    1.16477656 -0.350118816 1.66561496 -0.430235893 -0.452741385
    1.3496027 0.737645447 -0.513989806 1.69694972 1.50904596
    -0.351947188 0.536601722 1.254058 1.00335598 0.0506812334
    -0.0405853391 -0.854102969 1.01201296 0.746701479 1.25221801
    -0.271591902 1.44861066 1.40083492 -0.393253326 0.884055138
    0.0701849461 0.616217852 0.70218128 0.185955346 1.27395344
    -0.192964375 0.765459716 -0.684378564 1.81947112 1.1226263
    0.790311277 -0.322152585 -0.513749421 0.191210747 1.37112021
    1.22196782 0.344486833 0.43467319 1.18431413 0.998236656 0.696606517
    -0.87601912 0.823578894 0.941312015 0.210264802 0.529770434
    1.28853488 1.00538111 0.627721488 1.05611968 1.79870248 -0.337280393
    1.89360428 1.59658897 1.74799442 1.69843018 1.33665586 -0.495083362
    -0.706627846 1.07265759 1.90481186 1.69097877 0.456157148
    -0.69943583 0.976824522 1.58699501 0.354410827 0.508413911
    0.202952445 -0.764110923 0.477607071 -0.0923880339 1.46965456
    1.69461536 -0.184069872 1.55015421 0.443620086 0.905215681 1.0454886
    -0.0184298158 0.783358216 0.881886661 1.18070745 -0.381978065
    0.27599901 1.72523022 1.32799935 0.108898699 0.739399672 1.23342764
    -0.263280183 -0.140719771 0.8735919 1.46798372 0.895239234
    -0.273136258 0.772946179 1.34777224 0.422375143 0.512457907
    1.36361086 0.955367804 1.67980146 -0.696326852 0.878461719
    0.589007258 1.70756865 -0.778822005 -0.490517169 0.86415565
    0.967025757 -0.3798998 0.404446602 0.274784565 -0.389164358
    0.948426902 -0.0659589767 0.199495554 -0.539899349 1.43542182
    -0.758773208 -0.101728618 0.00160300732 0.865432501 -0.381275535
    0.231356084 1.40711927 -0.270753801 1.16417694 -0.246575683
    -0.486572534 1.27500725 -0.36325407 -0.724828601 0.448245525
    1.18389416 1.38418007 -0.0412173271 -0.722067595 0.888531804
    0.703179538 1.86142445 1.38722181 0.636939704 -0.135264814
    -0.586049736 0.127310634 0.99261874 1.00103009 -0.266164124
    -0.454863966 1.60518682 1.11820018 -0.0112116337 1.62284279
    -0.0625324845 1.54589891 0.292339981 0.138255 0.533573985 1.80880451
    -0.658713102 -0.290547907 0.438293755 -0.460048288 1.81834888
    0.345062017 -0.347285032 1.50468349 -0.129924476 1.17312324
    0.857680142 0.0366005301 1.52364373 0.42939496 1.5007323 0.718150616
    0.862365484 0.0210151076 0.195385754 0.879437864 1.13949943
    -0.620199978 0.844431162 1.37625861 -0.373557806 0.600409567
    -0.88886112 1.14212251 0.759737372 -0.854238749 1.30669308
    0.287965059 0.557503521 0.424366057 0.94728756 -0.91361928
    1.53217566 -0.421499223 -0.534964919 -0.287124038 1.014364
    0.614790261 1.06578958 -0.445900083 -0.00648987293 1.58470845
    0.134809256 1.43051839 -0.596314788 0.0241169333 0.382876158
    -0.223115444 -0.223262668 -0.377443254 1.65121365 1.202914
    1.49502993 1.40361094 -0.889694393 1.1036756 1.42815673 1.2242173
    1.11672819 0.243051171 1.30482578 1.08052969 -0.722443163 1.97955883
    1.09622908 -0.676045477 1.37649906 0.382153273 -0.702355623
    0.00105834007 -0.256162554 0.0359705091 -0.40978241 1.00625014
    -0.355772078 -0.358333647 1.70078373 1.79367399 -0.0312572122
    0.962502122 1.60246348 1.20364785 1.48668575 1.36741304 0.158221483
    1.65122342 1.1646179 1.61833501 0.186402738 -0.220440447 1.11651826
    1.89384842 -0.64179647 0.391182363 0.568341196 1.27981019
    -0.0246499181 0.406331182 -0.813346326 1.65887141 -0.813549995
    0.854084074 1.6062907 1.533916 1.33383477 0.897629023 0.922845721
    -0.722104907 0.230026603 0.599188685 1.49882936 0.376070142
    -0.769254863 -0.0417858958 1.08146787 0.682491541 1.61839604
    0.137093067 -0.53755635 -0.524685562 -0.724493146 -0.136339784
    -0.0372640491 0.370409906 0.420335591 1.34826314 1.55168438
    0.488364935 -0.224068105 0.299784184 0.927131951 0.00406700373
    1.35635555 1.47106647 0.762604058 1.67185831 1.12909365 -0.563437343
    0.564944327 -0.529811621 0.55122143 -0.273973644 -0.361877978
    0.142975032 1.33892775 -0.291710198 1.00123858 1.11193419 1.5166831
    -0.659039557 1.44401896 -0.375576764 0.300473392 -0.590011001
    0.854942679 0.0177517533 0.630633056 -0.396290004 -0.509639323
    1.56229258 0.918557942 0.93722266 1.61283672 0.596824527 1.33169746
    -0.332485378 -0.38366428 0.372811139 1.33217478 -0.544194579
    1.53407621 0.0882161856 0.203122556 -0.279833764 -0.592452168
    0.444409251 0.269739389 -0.054225266 0.343496203 1.18744648
    -0.177502692 -0.635763764 0.867650688 1.08788252 0.192666769
    1.78623819 -0.262233973 0.800097048 0.834936559 -0.497846156
    0.392408192 0.839445293 -0.254449606 1.03983152 0.212303758
    0.58983171 0.744642377 0.863264918 0.720196843 -0.622006774
    0.487840533 1.20418048 1.69927514 -0.635937154 0.941272676
    0.821472943 1.49960208 -0.433730632 0.0616193414 -0.398455501
    -0.554462552 1.83842111 1.46014786 -0.0188128352 0.723498285
    -0.176171958 0.200340033 1.58652639 0.504282176 -0.737127602
    0.554460168 1.39698243 -0.0354648829 0.657221079 1.0234319
    -0.484621823 -0.129676998 0.897863746 1.89681041 -0.0665727258
    0.474180877 0.532873392 0.74374783 -0.639356852 0.00980252028
    -0.0951602459 0.91186446 0.696598291 0.950561404 0.533369541
    1.48853159 1.55208349 -1.00865114 0.0999372005 1.45814002 1.1441108
    0.731384516 1.04551673 0.340014338 0.676241159 1.76325393
    0.471412838 1.8291254 1.00728035 0.111377478 0.975826085 0.853013992
    -0.82252264 1.61471462 -0.170125902 0.870284736 0.298167884
    0.147187889 1.5617938 -0.554346442 1.25397253 0.481816053
    0.702996492 0.624840319 0.546495378 -0.507345557 0.0446407795
    1.41423392 0.84203887 0.649228871 0.283791304 0.165995359
    0.613826573 1.29179811 0.698456526 0.0400393009 -0.460404217
    1.27263927 -0.192100346 -0.0387171507 -0.710616171 -0.0748009086
    1.04984903 0.214755595 -0.185767055 -0.64787221 0.869544685
    0.645647585 0.913748384 0.914746583 -0.0980557799 0.512155056
    0.420363128 0.066837728 0.50564307 0.0276024938 -0.062661767
    0.48371911 -0.49405399 1.68852496 1.89516425 0.548041821
    -0.175361872 -0.244486213 0.425582111 1.2807126 1.03534341
    -0.394800782 -0.416120529 1.13866186 -0.553108573 1.46921873
    0.597394407 1.08228159 -0.508051515 -0.121948719 1.80672455
    -0.384379745 1.1973989 1.55600595 -0.00634151697 -0.437807202
    -0.163280487 0.263088286 1.29521143 -0.0113134384 1.44732332
    -0.624742985 -0.282137156 0.565649509 0.958800197 -0.538855076
    -0.552016497 1.11554515 -0.194408178 0.418680966 0.288670063
    -0.789070308 0.38142252 1.35397243 -0.6681059 -0.627361 -0.545957267
    0.30799526 -0.529812396 0.192124844 0.763293505 0.464786053
    0.649247825 -0.76059705 0.290546775 -0.385099709 0.499494493
    0.217389584 -0.354071319 1.19779706 0.985261083 0.28087306
    -0.593721867 0.667257905 0.573827147 0.518369138 1.54445052
    -0.660103679 0.54527986 1.50049353 -0.289675117 -0.766038656
    0.432098627 -0.552405179 0.391305268 1.32978117 1.8959012
    -0.497730076 0.884219587 0.40721494 -0.123129427 1.45306039
    -0.53569448 -0.544507623 -0.105348885 0.571426511 1.64454627
    -0.0978901386 0.979498923 -0.0779485703 0.012253046 0.54696238
    -0.231112003 -0.272050917 0.912103653 1.20151711 0.669638395
    0.795417547 0.748269022 -0.240604639 0.407672346 1.51505923
    -0.581125498 1.57697892 0.751002133 1.42495108 -0.164655864
    -0.413100362 1.33719957 0.27752912 0.994091868 0.915723979
    1.58401573 -0.150481761 0.414194107 0.12245059 1.22797978
    0.649327457 -0.24482578 0.276977658 -0.289119214 0.158597112
    1.67500377 -0.360570312 1.40790272 0.406612873 1.29926765
    0.0349478722 0.361102998 0.929447949 1.50183392 0.742723465
    1.72298753 0.285638034 1.57010722 -0.123755693 0.76943171
    -0.826360762 1.44632316 0.341247439 -0.368630648 0.918117642
    1.50486374 1.3761512 0.82388097 1.33598363 -0.0052446723 0.434398234
    1.16331279 0.798039794 0.891234875 1.07419682 0.804640889
    0.0136601329 1.13476956 1.64257479 0.393499494 -0.722168207
    1.13469219 -0.5413059 -0.422653258 1.7202127 0.85376054 -0.657606184
    1.23593032 1.70053065 -0.608743012 1.1978581 0.400191665 0.383656919
    1.23161006 1.60846376 0.770662665 1.15290725 0.819012523
    -0.177235186 0.0622809529 -0.341382563 -0.132691801 1.31307149
    0.653522193 -0.672732353 1.51342034 -0.731503367 0.591771603
    -0.204064965 -0.618619323 -0.704632044 0.687262118 -0.201833785
    1.08053637 1.38448381 -0.0480545759 -0.922153711 1.4296695
    1.38773608 0.67324245 1.34637558 0.0717539787 0.194206715
    0.111416698 0.158601761 1.2353462 0.108240604 0.612398267
    -0.719445467 -0.100751758 0.378172278 1.1706816 -0.526915669
    0.871394634 1.24684238 1.02682924 1.52184951 0.838609219
    -0.493369848 -0.259842247 -0.107070923 -0.16212672 1.60830522
    0.783890605 -0.660401642 -0.752694726 1.57592916 -0.225862145
    0.343926668 -0.026093483 0.832095742 0.486778438 0.0525394082
    0.648332715 0.380323112 0.18053925 0.772598922 -0.275204003
    -0.188355088 -0.28691113 1.71436489 1.77184403 1.67781353 1.42211652
    0.740144312 1.76707327 0.734443247 -0.00378155708 0.218775868
    -0.42376551 1.33234513 1.4143641 0.749683678 0.0283743143
    -0.491847932 0.471458852 0.736930132 -0.528013945 1.24723053
    0.0735999346 0.827914894 1.37710297 0.934075415 -0.554053903
    -0.223805487 -0.473804146 -0.431061238 1.98622441 -0.77730149
    0.197109818 -0.365172356 -0.287414849 -0.58273679 0.773088574
    0.356084645 0.593199015 -0.300672293 0.909505606 1.2624321
    0.377589166 1.64877522 1.11510432 0.73635447 0.594832182
    -0.590593517 1.03154445 0.979748964 0.744997978 0.685804486
    1.28476191 -0.771966159 -0.777347982 -0.205807924 1.39602363
    1.40670812 1.57469332 0.00589394569 -0.0488553047 0.842432559
    1.33207929 -0.603032589 0.0547145605 0.630229533 -0.335765123
    0.829303265 1.72866106 1.87716436 -0.333479285 -0.329063416
    1.0316757 1.0428189 1.2072109 0.573291183 0.521445572 1.22390425
    1.74874449 -0.161724091 1.3928653 -0.405769765 -0.150864184
    1.77345109 1.66601574 -0.427512407 0.223322034 -0.590685904
    1.81184602 -0.457629561 0.613294363 1.4911921 0.389699578 1.49223149
    1.76463866 0.902354896 0.816840887 1.71267855 -0.366393209
    0.965807557 -0.386187762 -0.427762657 1.6944102 -0.0279387832
    1.69851136 1.01450002 1.18216872 1.67409289 0.236831903 0.113223195
    -0.674375415 0.885641396 -0.553743243 0.0508460999 0.101273477
    0.123525858 0.75256443 0.577314973 1.24936879 1.57242048
    -0.425157428 1.07793641 1.47870612 -0.106327176 -0.0532425046
    -0.251437664 1.84229851 -0.293982744 0.115903199 1.95341277
    -0.270750731 -0.638517082 1.34561825 -0.462087393 0.569197059
    1.72089648 0.812910497 -0.163371086 0.579653621 0.672856331
    1.63923788 -0.636539578 -0.660895586 1.42703032 -0.277435303
    -0.487616956 -0.230824113 -0.51876384 0.0878740549 -0.284095734
    0.162230849 1.58740675 1.23486054 1.56027102 -0.509979248
    0.039986968 -0.776815593 0.534109473 1.22799575 1.71808851
    0.126974463 0.111974716 0.166131616 -0.340886772 -0.0686078668
    0.781066298 1.47799635 -0.534698725 -0.0571407676 -0.755242586
    0.578323126 0.236673713 1.36888802 1.16942418 0.311833024 1.48378849
    1.38753057 -0.748083353 1.48789144 1.13418734 1.63990974 0.898519337
    0.412515759 0.0739034414 1.73231649 1.01214075 -0.448931396
    -0.259323031 0.931103706 -0.58360672 0.765061617 -0.527465463
    1.70824373 -0.597138822 0.538332283 0.971875966 1.30618906
    -0.191695988 0.160089672 0.46643728 0.941354096 1.32623792
    1.72149563 1.61268568 0.849291623 1.4865489 1.36340809 0.227561235
    0.975978315 0.289950669 1.67459273 0.442374289 -0.386424184
    1.71028423 1.4962548 1.44715619 1.19057143 0.533975244 -0.151902795
    1.36955607 0.31628263 0.552340388 0.163526297 0.300599575
    0.0471787453 0.410645723 -0.0345893502 -0.00531280041 -0.583970368
    0.78054595 1.54176497 0.783318579 0.292919397 1.29851246 1.11560881
    1.35625851 -0.0394186974 0.554423153 0.622738838 -0.281041831
    -0.632252038 0.532916605 -0.772604823 -0.29672116 1.59489942
    1.16458833 1.28741241 -0.850923181 0.619560778 0.00538879633
    -0.492105722 0.423480093 0.59427011 -0.545864165 1.59997702
    1.70461774 1.44465518 -0.0862330794 1.60440087 0.61261636
    -0.133918643 0.235628664 1.09637141 0.371796489 -0.612282157
    0.806837142 -0.595828593 0.684292138 1.85379553 -0.443923533
    0.763081074 -0.884676337 1.61161804 0.0705288649 0.95163697
    -0.132245004 1.0025183 0.987164974 0.97829932 0.700016081
    0.361157417 -0.193541288 0.481615543 1.09816933 0.206012189
    0.556489408 -0.651343405 0.943806171 1.40069079 1.58606017
    1.04669547 1.49467182 1.15795648 -0.553426981 0.205695927 1.87611794
    -0.369637609 0.34073633 0.986638546 -0.414023578 -0.113032639
    0.765236914 -0.462563902 -0.683389366 1.70056248 1.32117426
    0.717469931 0.945688725 1.59647071 1.48221207 -0.531549692
    1.13661778 1.66403127 0.579583287 -0.74959445 1.30305576 1.32918882
    1.28176165 0.149250269 0.0999701023 0.0689612627 0.586279154
    0.405427456 -0.0972002149 -0.221544981 -0.289587498 0.787592232
    1.20526254 1.42381573 0.334353805 -0.665466428 0.476902843
    1.17846787 0.597932816 0.790014863 -0.657648981 1.21322656
    1.01769209 -0.30092293 -0.402003258 -0.788302243 1.08007312
    1.83105206 0.78883481 -0.505281925 -0.622584045 1.29743218
    -0.705867231 1.35853648 1.45689464 0.669943273 -0.361395776
    -0.564376831 -0.268612087 1.97227383 -0.608410478 -0.470240921
    0.436912477 1.78419709 -0.72123152 -0.204830408 0.724723697
    -0.271740735 0.418953657 0.960253596 1.6811682 0.438849449
    1.52253675 -0.292479217 0.87213701 -0.275773644 1.06100583
    1.82202935 -0.612150371 -0.346614182 -0.117777228 0.329054058
    0.249309897 -0.312614471 -0.336490691 -0.271349251 1.85446763
    -0.192886412 -0.2702896 -0.744023919 -0.501477361 -0.609638751
    0.117592871 1.28357148 1.51214933 -0.569316864 0.691038489
    1.58991098 1.07388973 1.2889595 -0.749878168 0.00682866573
    1.67879534 1.61554551 0.20891428 1.56873631 1.44902956 0.0639311671
    0.413724601 0.0138922334 0.460318804 -0.586474538 0.510959685
    -0.681414306 -0.378895491 1.37665057 -0.502150893 1.5301826
    0.298593938 0.58634305 1.29345047 0.73281157 0.558814704 1.83667767
    -0.736381233 0.987195432 0.377015173 -0.657778263 0.629819632
    1.29271233 1.58855736 -0.224911809 1.62765288 0.382295847 1.33528316
    -0.853974879 -0.661615312 0.488852143 -0.136334836 1.06604385
    0.438747406 1.64800596 1.33093262 -0.309749305 1.52790499 1.32165408
    0.580921054 1.64262915 -0.697299361 0.241115749 1.28174353
    0.0814304948 1.30983233 0.366072536 -0.446035028 -0.0325128436
    0.754776776 1.1988945 0.433453321 -0.707324862 0.54156971
    0.552150667 -0.800466478 0.760568142 0.248513162 1.19730687
    -0.722505987 -0.187711179 -0.440821141 0.953930736 0.546486199
    -0.663481295 1.60921621 1.58123064 -0.0327553749 -0.219223857
    1.24887776 0.296504855 -0.869336009 0.965600729 -0.624137521
    1.65929794 1.23812521 0.680298686 1.36737657 1.550354 1.40501881
    1.56667137 1.27817237 -0.718243539 -0.560773194 -0.00834399462
    -0.251154721 1.44854546 1.69777942 1.59552503 -0.846737325
    -0.336693436 -0.674496055 -0.640148461 -0.486668825 0.725695133
    1.72696233 -0.716837227 1.56988573 1.4540745 0.75703907 0.956357539
    1.34548068 0.0273237228 1.72451103 1.57659173 0.522592664
    -0.178222179 0.929911494 1.34020436 -0.469279945 1.40460062
    -0.496304125 0.249302804 0.0752952099 -0.392207921 -0.560819507
    -0.27440697 1.16633916 1.49627161 -0.0241609812 0.280940354
    0.158684254 1.17522228 0.0900982022 -0.519488335 1.27588248
    1.77134526 -0.472279698 -0.706300616 0.363915265 1.29328656
    -0.852058053 1.32797539 -0.820486486 0.91320926 -0.675762296
    0.912210882 1.31541169 0.413915932 0.760646224 -0.526152432
    0.130068779 0.0158693194 0.786136627 -0.667025745 -0.120706499
    0.945678949 1.67317796 0.363101065 -0.530113459 -0.703735471
    0.546300769 1.81956077 1.1215589 0.163562536 0.012368083 0.52255708
    1.00741839 1.02410662 0.949537992 1.37471926 1.28634846 1.36406684
    -0.0811738372 -0.330865085 -0.398076892 0.914083064 1.18290424
    -0.588417709 1.22595656 1.12468636 -0.300685048 -0.783436
    0.0836704969 0.667379618 0.279636681 1.22876692 0.820564032
    -0.576815248 1.71144199 1.64590597 -0.032169342 -0.0547742248
    1.58692288 -0.497622788 1.4474299 1.52736807 0.276981235 0.513102293
    0.775355995 1.37907887 -0.688445807 -0.348871589 0.581592023
    1.60560501 0.0182264447 -0.695277035 0.670563877 -0.259026945
    0.509335041 0.276402712 1.52379251 1.10741508 0.288137317
    0.172878146 0.291050732 -0.104471266 1.21231639 -0.0820097327
    1.32288909 1.4236834 0.155496716 1.25842988 1.01843667
    -0.00159883499 0.461977601 1.61375332 -0.708462894 0.914515316
    0.081263721 1.27599669 1.6715318 0.183841646 0.18373704 -0.479126364
    1.83749235 0.954364598 0.132665336 0.394593179 0.682459474
    1.03561401 0.467344582 0.652900696 1.66718876 -0.188848019
    0.495021582 0.0753439069 1.2348299 -0.793088257 1.67645252
    1.44143534 0.553822517 1.72092581 -0.461368322 -0.334947854
    0.219982028 -0.0295690894 -0.566914439 0.397389889 -0.527488112
    0.193038225 -0.312662095 -0.376275748 0.596820772 0.216736734
    0.583441854 1.1579026 -0.611652553 1.22289848 -0.670032978
    1.26964378 1.58680212 -0.682121634 1.18753278 -0.167679489
    -0.101664901 1.31576204 0.48627162 1.3467046 0.552504182
    0.0277255177 0.336666942 -0.0725360513 1.63904762 -0.125119984
    0.528550625 0.812454879 -0.0995172858 1.30624509 1.52170718
    0.613282084 1.40007806 -0.944816411 -0.0718663931 0.82123524
    -0.238269508 0.984567463 0.911721587 -0.0453602076 1.38036251
    -0.466290861 -0.361636043 0.0500600338 -0.416464806 0.719394028
    1.16844034 -0.789267719 1.22482777 -0.238318622 0.465892911
    -0.523657978 1.24340785 -0.181426525 1.88645363 -0.452348739
    -0.111361027 0.729386091 1.06401634 1.56753612 1.06484532
    -0.632365704 -0.256173134 -0.115198255 0.0634759068 0.304972231
    -0.0657097101 -0.384111106 0.642660022 1.23824954 -0.660015941
    0.890433252 0.536247253 0.829939902 -0.764505744 -0.709734261
    -0.555058777 1.55661607 0.331631482 0.712453961 0.344857097
    -0.0182155371 0.117547274 1.62073362 -0.783567369 -0.470933467
    1.28021944 0.331221044 1.12987912 -0.0984259248 1.75096464
    0.91909796 0.204042375 -0.0802253485 0.130636334 -0.492972642
    -0.550507188 1.57002687 0.946412385 0.399210751 0.579661906
    1.56313741 1.34882271 0.0107271671 -0.181558967 0.413461208
    -0.0661966801 1.10450363 0.62109834 -0.763465405 1.40221596
    -0.209602892 0.088998735 0.967169642 0.960145295 -0.162979722
    0.41476053 -0.597063124 1.28064656 -0.546719909 0.121857285
    1.15590823 1.05446267 1.30761206 1.3948462 -0.666065276 0.204073429
    0.891974866 0.196900368 -0.120805264 1.11160326 -0.438679338
    0.843728542 0.812142611 1.18170464 1.72143424 -0.210289061
    1.39426696 0.250622749 -0.227154851 1.29470849 0.423409641
    1.26758695 1.54902434 0.736136615 0.683936357 1.77411985
    0.0432342291 1.69104087 -0.660327196 -0.194071651 -0.479291618
    -0.148509622 0.94017303 0.0924608111 0.279370129 1.59321427
    -0.438895494 -0.0553107858 0.616051257 -0.411368668 1.39898729
    0.874012351 1.87212992 -0.787976384 0.23670584 0.478183389
    0.542381167 1.33533967 0.778813004 0.0533357859 0.779968679
    0.351164043 -0.37346518 -0.128105402 1.71274614 -0.164839745
    0.591104627 -0.249896049 1.61090946 1.49253082 0.878889918
    0.864059031 0.574301898 1.32137895 0.296673417 0.986374319
    -0.329469621 -0.650601387 1.74098563 -0.861462474 1.00455201
    1.5929966 1.17322803 1.00647855 -0.133803666 0.83519578 -0.718242109
    0.0919829011 0.57873863 1.40553761 0.532245815 -0.274173498
    1.3239553 1.22684002 -0.203025401 0.79610014 1.30693352 1.63288462
    -0.680186689 0.686885893 -0.102418542 1.20024395 0.356276214
    0.97336024 -0.0754623413 -0.526289463 -0.564935267 0.61648345
    1.62277973 1.37568665 -0.0113877654 1.31061852 0.351491451
    -0.388936847 0.0880150199 0.849520326 0.833990932 -0.787494242
    -0.737643421 0.0888234973 1.84860778 -0.496507883 1.83714151
    -0.661276937 1.343171 1.21497297 1.76864505 1.39646149 1.31163287
    0.923806608 -0.397736132 1.44181931 1.26997912 0.509052753
    1.03988624 1.53906715 1.62809396 -0.196664929 -0.888198018
    1.00013089 -0.236261308 0.527756095 -0.557789326 0.134549737
    0.565741777 0.915703297 1.15347826 0.242977977 -0.570002794
    1.39965296 -0.0618045926 1.67019892 -0.46366787 1.06617725
    0.507990897 0.190380216 0.39833504 1.41518211 -0.662479758
    1.53815556 0.853670537 0.0887213945 -0.329028875 0.513683736
    0.588540018 0.918731809 -0.766864538 0.631389022 1.08886743
    1.2233696 1.33651721 1.27979302 1.02910948 -0.823922276 0.73613894
    0.962180614 1.15773571 1.05512261 -0.166301012 0.659871936
    1.15502071 0.844324589 -0.009722054 1.72989261 -0.25387162
    -0.629529536 1.86184978 -0.182801187 -0.230410874 1.8499372
    -0.115261555 1.05389118 0.647991657 0.54815203 -0.286294907
    0.12233907 -0.0702043772 0.645347893 0.500620186 0.0969827175
    -0.510856032 0.211534142 -0.770806134 1.39694965 1.3691293
    -0.197665513 0.878972352 0.810022295 1.06349921 1.04533267
    0.294754446 -0.408220261 -0.209664762 1.87930954 -0.676195204
    0.933314741 1.77116394 -0.813705444 1.79355621 -0.631970704
    1.5971601 -0.648999572 -0.645074606 -0.464645714 1.65236354
    -0.257168889 0.769421816 1.31830466 0.555233479 -0.258229077
    0.11842972 -0.843536556 0.829314351 1.18201613 1.05510902
    -0.797791183 0.25251925 0.046069324 0.259490609 0.196623027
    1.73039269 -0.749228716 1.70975065 0.117690504 1.16448474 1.27620673
    0.191391706 0.96345377 0.750652075 1.50930607 -0.276590109
    1.55510116 -0.484519154 1.00013232 1.8037231 -0.671283424
    -0.346570283 -0.674077928 0.314213514 1.64783812 -0.373990595
    1.43376911 1.62654114 -0.797405183 0.666624844 1.65319145
    0.584462166 0.217377424 0.800231576 0.142591894 0.810243487
    -0.244752347 1.80038083 1.30561566 -0.795857072 -0.541545033
    1.06071699 -0.199960113 1.43544197 0.241496921 0.888812304
    0.358589292 1.48201835 1.30787301 -0.216007471 -0.390745252
    1.23810923 -0.410049349 -0.634993672 1.05780935 -0.31292516
    0.440455437 -0.609861493 1.36711407 1.98190367 0.622057259
    -0.563434541 0.442180634 1.34118009 0.857046723 0.513590932
    0.321388304 0.794944048 -0.580831409 1.60798383 -0.44959873
    0.0390332341 -0.172069311 -0.0751764178 0.604401469 0.195233107
    1.26539922 -0.282696962 -0.402923763 -0.747822881 1.76527715
    1.88274431 -0.26606372 0.907700658 -0.422820508 -0.161325514
    0.564405978 -0.848140836 -0.871993601 0.515151978 1.628492
    -0.500932217 -0.583617032 1.50946712 0.331161737 0.258861542
    1.312428 0.485944211 -0.312608182 1.58627772 -0.490177929 0.42673552
    -0.242895544 1.18550599 1.19024169 1.11068225 0.334904432 1.56937921
    1.05976772 -0.232508302 0.338837266 1.08731043 1.20158648 1.22717381
    0.173820615 1.15026522 1.17474246 0.883892298 -0.313851655
    0.00228857994 1.04599595 1.55558157 -0.684282601 0.0751891136
    0.878199041 0.283012748 -0.301905513 0.918523967 1.44590569
    0.150433123 0.537628293 0.0141680241 0.532044053 -0.399752498
    1.01701009 0.435560048 1.40625262 0.382677436 0.636489749 1.85605359
    0.570955634 -0.151471496 0.275585055 0.294659019 0.564042926
    1.11575866 -0.027556777 -0.132610321 0.955189347 0.92931211
    -0.638688028 1.29645133 -0.566808939 1.29946935 0.381140947
    1.23192787 1.07408249 0.628584862 -0.732328653 1.59426975 1.53373957
    1.39759541 1.46194661 1.85812879 1.70221889 -0.644199491
    -0.594225347 1.09551716 -0.182933956 0.0296425223 -0.406663358
    0.475457013 -0.668111563 0.738737702 0.705014467 1.66064382
    0.219757318 0.309351623 1.18612862 0.237928391 0.0213108659
    -0.728209853 1.64361489 0.0220713019 0.458889902 0.995350599
    1.46026385 0.0200877786 0.053550601 1.24558353 0.107399821
    -0.187218904 1.47911978 1.66431606 -0.846686363 0.403600156
    -0.742181182 1.72580683 -0.0187718868 1.15678763 1.2691859
    -0.412587285 1.05116463 1.76588917 -0.123923242 0.942692041
    0.153559148 -0.0233941078 -0.301917434 1.10427463 0.151845574
    0.705523252 1.03289914 -0.645148754 -0.547803402 1.60258698
    0.282347083 1.84122086 0.751781225 0.478822529 1.76651621 1.57940316
    -0.221022844 -0.229631841 1.65933061 0.361505866 1.16196167
    0.401821733 -0.120859146 -0.425343931 1.67450809 1.29918265
    0.821747363 1.73215604 1.01480889 1.25022435 -0.544052064
    -0.480100393 -0.630284011 0.670528352 0.594110548 1.41192079
    1.24745274 1.70340872 1.71954298 -0.417069554 0.886429787 1.25738001
    1.49914587 -0.523723245 1.16090906 1.27705455 0.442329347
    0.285991728 0.0373022556 0.110803783 -0.831380367 1.82341003
    1.52839661 -0.87392664 1.6978122 0.00575661659 0.857455909
    0.013954401 0.669528365 1.6470145 0.451717734 1.55449724 1.14589798
    1.33792055 1.70040929 -0.36063087 0.841900349 -0.791541994
    -0.678370476 1.42256141 1.11892366 -0.773787856 1.09825182
    1.44907224 0.755282164 0.934983969 -0.338985503 -0.629202783
    -0.0659011006 1.43116927 1.12774086 1.44457853 0.11234051 1.39493823
    0.145527482 -0.276741624 1.57927501 -0.740672767 -0.237798214
    1.41765547 1.60318196 0.358435273 1.0101974 0.422903061 0.998993993
    -0.0206286907 1.35140491 0.272223234 0.346339703 -0.523781776
    -0.394640267 0.843611181 1.00646615 0.187542677 -0.488397062
    1.75734448 0.500421286 -0.415819883 0.5903669 -0.0896356702
    -0.673718095 1.34124756 1.29009259 1.25566518 0.992004037
    0.824877262 0.834069967 0.334811985 0.414784133 -0.534582198
    0.924395382 1.13656592 -0.208154023 1.20309615 0.445214272
    -0.38495034 1.451388 1.38082314 0.540805936 -0.285621524
    -0.456114978 -0.224188954 -0.38197124 0.724845052 0.63521111
    1.67450285 1.45942354 1.46283102 1.32072985 1.37715948 0.864318252
    0.717148304 0.333485842 -0.850688636 0.271351874 0.164183021
    1.74770474 -0.285628796 0.691318572 1.3690145 1.70692921 1.01856518
    0.446362734 -0.992663145 0.634829044 1.2057209 0.336836934
    1.33643365 1.71770287 0.263566673 -0.589963675 0.963013172
    -0.469315946 1.60590863 0.85594058 1.43133545 0.17818737 1.5991087
    1.40012205 0.175768733 1.32119775 1.28570974 -0.279895961
    -0.336259335 0.7802068 -0.592522144 -0.0138792992 -0.105219245
    1.30811381 -0.804993093 0.285572827 -0.314264834 0.903752983
    1.36087072 -0.144547939 -0.254633069 -0.460356772 1.65480065
    0.81774044 -0.0142395496 0.259136438 1.60225427 0.126184821
    -0.689740539 0.901985407 0.877895415 -0.311427981 0.945379794
    0.5452829 -0.702305913 0.609884679 -0.397097886 0.906825066
    0.0391056538 1.24215841 0.0903543234 0.0438539386 1.58748484
    -0.036816597 0.616774082 -0.790367544 0.0772004128 0.312545955
    -0.307129771 -0.445556909 1.56569672 1.32149625 -0.527108788
    1.82535231 -0.0601750016 0.165399492 0.146111131 0.774329543
    -0.368285328 -0.0834141374 1.69317245 0.730977058 0.440612674
    -0.758351445 -0.657345116 2.04350209 0.0213792324 0.68703109
    -0.087079823 0.301989079 -0.319828272 0.0995784998 0.185689926
    1.74978423 0.873140454 0.714766741 -0.134421349 -0.761462331
    1.25918865 0.888295531 1.13256121 1.4973954 -0.366055012 0.726022422
    1.6479969 0.569537759 0.238159359 -0.691710055 1.81750107
    -0.431306303 0.349734008 0.331606686 0.301329494 1.48185551
    1.56425714 -0.0313222408 -0.867120743 0.291918933 0.379041016
    0.0977413654 -0.351383448 1.07038641 -0.571379244 0.411720634
    -0.730969608 1.57951164 -0.600417912 -0.44645834 0.923631787
    0.553529859 1.76097739 -0.552886605 -0.0132499337 1.01972663
    1.70098948 -0.055516243 -0.747760594 -0.22766906 0.817876399
    0.617913246 0.477705359 -0.0143725872 1.40765858 0.656447589
    1.55085158 0.986441195 -0.439703315 1.25785589 1.16765094
    -0.580837607 0.466526031 0.994616032 -0.67419827 0.272371054
    1.2759192 0.977403283 -0.155483425 -0.0297349095 1.68361187
    -0.753573239 0.349125445 0.960660994 1.75235367 -0.372764349
    1.13765681 0.143170357 1.53536975 0.88021791 0.278665662
    -0.468366385 0.885949969 -0.286810994 0.290429115 -0.187108696
    1.46703696 -0.496201217 -0.0769891143 0.0992156267 0.0664790869
    0.595256209 1.71905208 -0.6714077 1.19639754 -0.618766069 1.29193842
    1.54380381 0.787706375 1.59347248 1.03251791 0.454971492 1.31381607
    0.881516814 -0.449581206 -0.534225762 -0.700426579 0.668990374
    1.37752628 -0.805277467 1.92893171 -0.260096967 0.340820432
    1.37473178 1.674734 -0.258710623 0.149020016 0.578336954 0.767216325
    0.0866657495 0.435787439 0.83510226 0.507805228 1.4252696
    -0.170814931 1.13385284 1.41506314 0.743585587 1.02103758 1.2263447
    -0.125032842 -0.00512337685 -0.168723702 0.165674686 1.21340299
    1.60077548 -0.745888531 1.20785642 0.982819676 -0.378937721
    1.02833724 -0.227763593 0.857689619 -0.454782128 -0.0676351786
    0.567395508 1.0792886 -0.294895351 1.41198802 0.981489182
    -0.581642866 1.91457939 -0.0609546304 1.11479139 0.297836244
    -0.0194621086 1.27150095 0.864148319 0.333594918 0.507187366
    -0.209089756 0.739916444 1.29001069 1.4978261 1.65225029 1.64675248
    -0.104857147 1.71063828 0.431410193 1.27992046 1.22739673
    -0.178256929 -0.698486388 0.340002775 -0.523822546 0.555241168
    0.802105904 0.236348033 -0.802238822 1.01877689 1.18722713
    -0.335334837 -0.408332676 1.65430474 0.055594027 1.45269179
    0.220419705 -0.768169463 -0.820485055 0.181876302 -0.526736379
    0.203524053 1.68535411 -0.52298367 -0.505097687 1.43403649
    -0.0440617204 1.52905881 1.51280701 0.758889198 0.467771232
    0.359288812 0.27751559 1.2588582 1.23954427 0.106691718 0.160292447
    1.08408475 1.79636693 0.928294182 1.16619825 1.14303458 0.257560194
    -0.190987468 0.99962765 1.8215847 -0.543569684 1.65687466 1.74552631
    0.345300078 0.764630437 1.76255488 1.51042807 1.70066297 1.39685309
    -0.478731453 1.01766443 1.66247678 -0.517667711 -0.60712254
    -0.128780484 1.16751075 0.882317007 1.13476408 0.259229243
    0.34222573 0.645926118 0.406087518 0.556358814 0.360962391
    0.0675666928 -0.624616861 -0.174974799 0.483341932 -0.264201283
    -0.33004573 0.182326019 1.73978662 -0.0056861639 1.70148957
    1.18269849 0.0740357041 -0.633841753 0.578356028 0.000373125076
    0.20536238 1.10724008 1.07321441 0.423685789 -0.548312902
    0.557811737 -0.516222537 -0.349079788 0.00426435471 0.39055568
    0.95037365 0.0413048267 1.32541823 -0.121884763 0.323109031
    -0.460566878 -0.778533936 0.31536299 1.72829652 -0.334954321
    -0.413113028 0.898155153 -0.817398846 0.783158183 1.31916571
    -0.243676126 0.567087293 1.4961623 1.24751878 -0.247916996
    1.45409083 1.80187011 0.683795214 1.13354349 1.03817368 1.22980762
    -0.478479207 -0.689209759 1.23289156 -0.568928719 0.279963553
    0.872026563 -0.832481265 0.450301886 0.893116474 -0.538803697
    0.468148708 0.354943693 1.24859595 -0.015529573 1.29344749
    1.43207669 -0.192328691 -0.904232264 1.62302911 0.998286843
    0.554286599 1.76050711 -0.685608923 1.27627587 -0.757833779
    0.494771719 1.0979327 1.39675176 0.253850937 -0.203222096
    0.907572448 1.75920224 0.27079767 0.820667386 0.243890285 1.2775594
    1.16414332 0.325778127 1.25394046 0.557659268 0.352929235
    -0.719169855 0.191148758 1.36093628 1.66488707 -0.237495065
    1.54300904 1.17411494 -0.437904596 0.307993054 0.232145607
    0.212014973 0.257642388 0.344797313 1.71620965 0.488855839
    0.693148613 0.661192656 -0.792406321 0.836919308 0.0839740038
    1.26885867 1.28880107 1.02160716 -0.685605168 0.0964515209
    -0.554559588 1.77023888 0.287791967 1.04315019 1.56136715
    -0.393415928 1.74921679 1.1866293 -0.492284983 -0.643177986
    0.259492218 1.74377811 -0.0615727901 0.1009866 0.995706737
    -0.618770778 1.47035468 1.41371357 1.71668303 0.842556477 1.54001558
    -0.718589544 1.71465921 0.434619904 0.0426565409 -0.476217508
    1.79825318 -0.334805667 0.591152549 -0.68044281 -0.0443350673
    1.94292855 0.756395698 -0.501721382 -0.0993785262 1.43711638
    1.64504588 1.2024833 0.954098463 -0.864459038 0.84260571
    -0.0957483649 1.35559916 0.958853126 0.729842365 -0.346232712
    1.40662074 0.129553616 1.48902345 -0.0317614079 0.250999272
    0.709864318 0.012386322 0.805773616 0.126527131 -0.289000094
    0.834078908 -0.512707651 1.48369968 0.601061702 -0.725878835
    -0.554029822 0.543705821 1.65326536 -0.329253495 0.0902622938
    -0.840179205 1.27789402 1.54399085 -0.270972073 -0.274913758
    1.13323998 0.598244429 -0.679600954 1.43220472 0.825110435
    0.385341048 1.18002617 1.33101785 0.513340235 1.05246186
    -0.0623266697 0.739678562 -0.616055369 -0.577226639 0.036405921
    -0.365304649 1.62070274 0.106734514 0.27916193 1.11617923
    0.0232884884 1.62080431 0.166445076 0.121618569 0.178036094
    1.73784804 1.42710137 0.211073577 -0.154480457 0.17926985
    0.182363391 1.64299428 0.466857433 0.130467951 -0.635967255
    -0.0983524323 -0.530091226 1.29148459 0.0241455436 0.565212011
    -0.410685897 -0.26551038 -0.747938693 1.25383139 1.30556786
    0.803261101 1.88780212 1.98562312 1.48880112 0.530834138
    -0.385725975 0.774317503 1.68031764 -0.307293832 0.919840097
    -0.542765379 0.641950786 1.21904206 0.818039417 0.345224202
    0.625720501 0.355713487 1.06329799 0.179398477 -0.483256042
    -0.270577669 0.0942698717 1.18091083 1.53583431 0.270807683
    0.0926252604 1.94016373 0.200716972 1.19348025 0.0239456296
    -0.364080191 0.240866303 1.17159343 1.5175997 1.44915247 1.30790043
    -0.670279205 1.64426517 0.434264362 -0.243307054 1.05385041
    0.933159709 1.60577524 -0.111231863 0.576206267 -0.617135286
    0.60087508 -0.192211151 -0.130364954 1.41137075 -0.255743027
    -0.404683471 1.55758488 0.346745908 1.73863542 -0.22527951
    -0.0853924155 0.698259115 1.17571306 1.2313168 1.70946026 1.65642667
    1.19523239 0.58644712 0.707758963 -0.776914477 1.24257469 1.68629801
    0.0931236148 0.0419424772 1.03647256 0.359223604 -0.232262433
    -0.0546476245 0.356080711 1.29048061 0.021060884 0.367795467
    0.602830231 1.42022812 -0.922620714 0.864535689 1.48812592
    1.01096201 0.755255699 -0.00426334143 -0.247428536 0.74623698
    0.0929384828 -0.0652118325 0.364328504 1.56523597 1.52410626
    -0.0598198175 0.302314401 0.498210728 -0.501657128 0.324521363
    0.37685293 -0.0787730217 0.539808393 0.858773232 1.25066245
    1.22584283 -0.0426020026 0.299712181 1.55559325 0.182516694
    -0.450530857 -0.509692132 0.217058063 0.925474882 1.22863269
    -0.240038574 1.71089053 1.38356209 0.487454653 0.962293148
    -0.347491443 0.198737919 -0.38963449 0.913541138 1.40299797
    1.29868126 -0.694574416 0.609322846 -0.724107742 0.368430674
    1.85423517 0.753208578 0.0130479932 0.967499137 0.566478252
    1.61414909 1.40993261 1.1317147 0.00410103798 0.304707289
    0.0199218988 -0.165752441 -0.445131272 1.59501612 0.690829992
    1.41099072 1.34626055 0.291837811 1.40299177 -0.282595754
    0.281362653 1.80208051 0.00336754322 1.25128376 -0.575384021
    0.285470426 0.163792074 -0.485232651 1.64077568 -0.710585952
    1.08815908 -0.38246578 0.652926087 0.342986226 0.849637926
    -0.226395488 1.62679267 -0.448011518 0.696474731 0.321552575
    1.57220125 0.736801147 -0.00241214037 0.697096884 1.19148576
    -0.0485833883 0.96801734 -0.0210977793 0.752548575 0.412840903
    -0.879737258 0.600862145 1.56627107 1.63550627 0.164255381
    0.435098767 1.13371074 1.50182676 -0.851143777 -0.213964999
    -0.0815889239 0.0548250675 -0.102134049 1.26689136 0.818111002
    -0.56189692 -0.65516609 0.889378846 1.02418447 1.2330128 0.730840564
    1.25572824 -0.995909095 1.07317889 0.3151263 -0.65616554
    -0.0416161418 1.50612116 1.83834898 -0.132697701 0.718108833
    -0.240268588 -0.112081409 -0.0912896991 0.634685159 1.64759052
    0.745598555 1.32498145 1.61977434 -0.351256967 0.682314634
    0.695374846 -0.548503458 -0.055747807 1.28576386 -0.795527875
    0.705897927 0.0814269781 0.975217044 -0.00457125902 1.82789636
    1.43423629 0.528889179 -0.620668232 0.500412524 0.0658098459
    -0.532306135 0.393020451 -0.430892736 -0.352534145 -0.603410065
    0.537037969 -0.478652596 0.301378965 -0.182955384 1.38193142
    1.57512879 0.907816827 -0.340714902 -0.620781302 -0.174586177
    0.595231831 0.880464852 0.778773844 1.26844394 1.29764819
    0.604375899 0.211741805 -0.525731444 -0.747101784 0.595707357
    -0.441782415 1.25080347 -0.477668643 0.203782439 1.15327239
    0.489083529 0.355754972 1.67604339 -0.266025007 0.191856682
    1.29662228 0.171164453 0.374744177 -0.496557951 -0.374386072
    1.32097864 -0.496584743 0.422418654 0.761502504 0.990695357
    1.60178185 1.6612016 0.738644123 -0.095782578 0.0102866292
    0.868093193 -0.490270227 0.134168923 1.17392743 0.720857561
    0.0239700079 0.18220675 0.0735322833 -0.305977941 0.536905766
    -0.233424962 1.20124638 -0.0318045616 1.6003406 1.06379116
    1.30015671 0.146791875 1.40977287 -0.4353154 1.84058499 1.43942642
    -0.417568356 1.70174968 0.318812609 0.768199503 -0.415014803
    1.36921954 1.57581818 -0.195880473 0.859970033 -0.272863686
    1.09539855 -0.993841648 0.103741825 0.252771974 0.554084599
    0.559508204 0.201129675 -0.592792451 0.842648983 -0.307235181
    -0.696086764 1.07922876 -0.504318357 0.0733538866 0.505598605
    1.53277755 0.672019601 -0.419446588 0.965740144 1.50052345
    0.767999291 0.566457629 1.06772065 0.740477502 -0.0656146407
    -0.00650399923 -0.689105392 -0.511106014 0.570923328 0.0682840347
    0.227666914 1.23771811 1.06890535 1.57330596 -0.402152896
    0.165168166 1.18747842 0.890031934 -0.488409817 0.250758648
    -0.582518399 1.56873298 1.61936748 0.284402132 0.653400481
    -0.625955701 -0.105330288 -0.191378295 -0.0234561563 -0.306854397
    1.63056517 0.00197130442 0.712834895 -0.285422564 -0.416016519
    0.827206314 0.726781666 1.57260895 0.569342315 0.67355907 1.61390436
    1.42970371 0.0195903778 -0.207179308 1.47403193 0.794231057
    1.56218457 -0.0272507668 0.0582482219 0.352987111 -0.0705327392
    1.09928918 0.577507317 -0.901195288 0.594516516 0.495276809
    1.00759733 0.100794315 0.0314846039 -0.458734661 -0.382238746
    -0.383470744 1.71317542 -0.716936111 -0.807102084 -0.171305954
    0.223851621 0.369429886 1.18938041 0.350089312 0.575022876
    -0.161191285 0.208409727 1.56362939 0.554050386 1.34926534
    0.532786787 0.525283277 0.29144156 -0.266517699 -0.442892849
    1.74107051 -0.492866188 1.51794744 0.292043209 1.38763583
    -0.425390303 1.0909481 -0.870072842 1.31241214 0.30133754
    -0.421018392 0.00920623541 1.64673758 -0.309327185 0.748088598
    1.30409455 -0.747141004 1.34854531 0.214677691 1.74057651
    0.254488587 -0.666126549 1.66227543 1.02151489 0.886091828
    1.42942393 -0.0195882916 1.49219084 0.667704463 1.21563792
    0.0766411424 0.331206262 1.49903584 0.415088117 -0.522076428
    0.716421366 0.122928739 1.2516607 0.941918254 1.49932444 1.60824335
    0.931228638 1.4540478 0.914181232 0.129447877 0.82104516
    -0.083304584 0.30643183 1.11410379 0.0875351429 -0.19208312
    -0.497990549 1.443241 0.531913877 -0.311961889 0.420584738
    0.368795931 0.350663662 0.0323352218 0.707715511 0.441064596
    1.64438033 1.83834946 0.441545308 1.44687486 0.540047169 1.48900008
    -0.889485657 1.70071626 -0.403238565 0.550402701 0.344509244
    -0.0970467925 0.736658931 0.229002059 0.260930598 -0.555584788
    0.353093326 0.73746866 0.694012821 -0.251546204 1.92142534
    1.71550274 -0.756567299 1.46163332 0.611124754 0.608177185
    0.651179671 0.218996704 -0.453964263 0.672112405 -0.690836787
    -0.10556674 1.31203771 -0.265751541 0.358878911 1.16461706
    -0.494010687 2.04247737 0.46807313 0.423832178 1.72108054
    -0.40882194 -0.150931418 0.901175737 1.55353963 1.20425165
    0.257058501 0.737547278 -0.262585461 -0.525177479 0.671524286
    0.684978068 0.16092366 -0.110434771 0.788493156 1.2303499 1.17830503
    1.09972751 -0.728672862 -0.268321395 -0.466914952 0.0926492214
    1.54046142 1.27735901 1.60669696 0.467769861 -0.158976793
    0.481778204 -0.711463988 1.07666326 -0.0499412417 -0.595661998
    0.287084937 0.396264255 -0.711644173 1.16653776 0.189489484
    0.69689548 0.803568959 0.998087108 0.127859414 0.250103295
    -0.303004354 1.52503657 -0.294206709 -0.284057438 0.915717661
    -0.628852785 1.54409575 -0.796515405 0.371015251 0.164421618
    -0.284720898 -0.629877329 1.44297767 1.61015189 0.386155963
    0.260367215 0.0792707801 0.557126582 -0.575626314 -0.32882005
    1.23193312 -0.845358908 0.912808299 1.34055376 -0.32229799
    1.14945841 0.195365906 1.49600565 1.40622735 -0.284148693
    -0.841261506 0.0738013983 0.186232328 0.679025531 1.34030128
    0.924654126 -0.625630081 -0.575504303 1.39346993 1.32354629
    1.49959874 -0.449759096 0.779030085 1.04671156 1.00850332 0.96166575
    1.57324278 0.884360671 0.64069432 0.422743917 1.534338 -0.577686965
    -0.468317807 1.41281629 0.306141615 0.805248618 0.164757371
    1.21488523 0.102283895 1.13373351 0.31164825 -0.290762782 1.74429226
    -0.389106691 0.823616922 0.921456873 1.11960816 -0.658510864
    0.156405747 0.174771905 -0.151385665 -0.610212326 0.00981616974
    -0.554827034 -0.0247418284 1.75213027 1.10351062 -0.704640687
    -0.459794343 1.6443876 -0.51214993 1.14687371 0.23881042 0.864799082
    0.37865901 0.650896907 1.15748549 0.59632504 1.15149999 0.0572097898
    -0.255416691 -0.394271493 0.482837379 0.739764869 1.09121847
    1.43949628 0.957269132 -0.645744324 1.02109933 1.00929618
    -0.156015754 1.0347451 0.466229737 0.455735683 1.45978856 1.72893095
    -0.429709256 0.151020646 -0.758645117 1.49873948 1.48294711
    0.0555045009 0.111849666 -0.230670393 -0.357519031 1.63362229
    -0.754946053 1.24980736 -0.294045806 -0.0878266096 1.36187935
    0.511182725 0.25761658 0.803333938 1.65894914 0.0828399062
    0.225189269 -0.0535087585 -0.742964745 1.71409416 -0.814886868
    -0.495343447 0.0132248402 0.731602669 1.55190921 -0.23317337
    0.600734591 0.583126843 -0.839212358 0.251952946 0.939925909
    -0.245135963 0.145816565 0.552870572 0.874726832 0.955734015
    0.296812117 1.23869205 -0.140292645 1.43707013 -0.845365524
    0.0256642103 -0.837287664 0.822404563 0.531221151 1.40214586
    -0.236419141 -0.345081866 0.537623942 0.290343642 -0.507470429
    0.0871217251 0.284106791 1.40129006 0.172817051 1.07321477
    -0.100566983 1.4576993 0.332392216 0.34999752 0.891766191
    0.744336963 0.961517513 1.62394714 0.114934385 -0.471526891
    0.0466877222 1.61046481 -0.0923504233 1.10130692 0.0590310097
    0.133087456 1.33933806 -0.74786067 0.844597518 0.0722462535
    -0.105424941 1.42883921 1.23918712 0.955525637 0.436948717
    1.16868496 0.352017283 1.27287185 -0.454760343 1.61981559
    -0.700106263 -0.571359038 0.933874726 1.09266424 -0.758060396
    1.20632029 1.47068536 1.01419854 1.02632058 -0.206399798
    -0.372312784 -0.612598658 -0.39928779 0.947351217 1.5103792
    0.499583125 0.00852778554 -0.589358151 0.0219653845 0.833892226
    -0.295585096 1.1980778 0.318503261 0.736280441 0.480636597
    -0.529102087 0.560363829 1.29860926 1.69716609 -0.729184687
    0.673426747 1.51829231 1.20645773 1.21984291 1.55570602 -0.9938218
    0.738937974 1.20989847 1.29242432 1.15435088 0.587931037 0.252034187
    1.20460773 -0.761613071 1.4720186 1.28035867 -0.414256901
    0.892026663 1.49149525 0.665300071 0.275810242 1.72643781
    0.381918907 1.58398378 0.413305879 0.449200153 1.7738831
    -0.181486845 0.935374379 -0.239021659 1.12608469 -0.373922765
    -0.299209595 0.277165413 0.175798118 -0.0538579226 1.62065446
    -0.0995386243 1.66355217 -0.168983877 1.55977106 1.26576853
    1.55221903 1.43325722 0.990712404 -0.702098012 0.147414267
    -0.1125741 1.35367322 1.61335135 1.15840149 1.35315061 1.19974303
    0.934269667 0.983211875 -0.602417171 0.976169229 1.6371702
    0.46402812 0.487067282 1.28161943 0.876528382 1.78267527 1.25212622
    0.251090467 -0.56546998 1.82094526 0.512527645 1.23988259
    0.529717624 0.461972713 1.13842893 1.04871082 -0.543527007
    0.698508859 -0.793833613 1.07421732 -0.627568364 1.07544136
    0.258193791 0.777617693 1.05797577 1.42533302 -0.432893217
    1.56990361 -0.798512936 0.950673521 0.332655489 -0.415914476
    1.41623116 1.37903047 -0.108282149 1.41824913 1.12769175 0.57418412
    1.27290106 1.37690735 0.609890521 1.72706175 -0.390915632 1.59860325
    0.405880392 -0.137607336 -0.640332878 -0.0857960582 0.0439149141
    0.507475376 1.25129151 0.399308205 -0.295177996 0.699874461
    1.82869196 -0.259590447 1.13965988 0.430093706 1.12187684 1.2086817
    1.36950159 -0.330517352 -0.624992311 1.84631681 1.4754622
    -0.344850868 1.05182433 1.71679151 1.50555182 0.418015242
    0.706265092 -0.573543191 0.375127912 0.258126795 1.67183375
    -0.794876516 0.598922908 0.0842623711 1.15072584 -0.372439325
    1.04512715 -0.789515376 1.49078226 0.76640892 1.72447109
    -0.0267849565 -0.156378686 1.6340189 0.120413423 0.206225038
    1.61048722 0.177519441 1.46656942 1.22475433 -0.0416545868
    1.79995835 -0.72749114 1.72570908 0.0122513771 1.79909325
    0.217408001 1.93091512 0.262081504 1.70088744 1.26880527 -0.12980175
    0.755454957 0.308632255 0.136251509 0.422109485 1.38443112
    -0.231924415 1.47698414 0.56542486 -0.784488738 0.285586655
    -0.324948341 0.593367934 1.8266871 0.676277697 -0.606845856
    1.25025487 1.73780715 0.84159416 1.09016275 -0.766757607 0.753124595
    -0.376809537 1.42356479 1.66367424 -0.556316614 -0.451046586
    0.478210986 1.65700197 1.082021 -0.302028954 -0.00349193811
    1.55911422 0.394332826 -0.751442492 -0.536850929 1.48401594
    -0.891663611 -0.523839474 1.61301279 -0.564345598 0.620856404
    0.147591472 0.29004842 0.979137361 0.60733062 0.277575254
    0.486160398 -0.372569919 1.79396319 0.527459919 -0.726574481
    0.0361208916 1.07442689 -0.483051986 0.700389385 0.878551304
    1.40427327 0.145652294 0.587183654 1.47948432 -0.269438595
    -0.367066622 -0.318800747 0.664965689 1.73700118 1.46902454
    0.376899004 0.818301797 -0.421048701 1.21886945 -0.14692688
    1.1756556 1.52713132 0.414516866 1.18969631 1.9326576 -0.24533242
    0.949627578 0.124107122 0.235053241 1.02968717 1.78323698 1.63850069
    0.6789307 -0.746249974 1.24223149 1.25361955 0.989014804 0.235655248
    1.56940055 0.719563007 1.31528711 0.176294267 0.99034965 0.887128234
    -0.202353418 -0.0913609862 0.397876918 1.40922022 1.20387697
    1.26505017 -0.303872049 1.23730218 0.812080622 0.328283429
    -0.477104306 0.331828833 0.904339194 0.490973175 0.753752887
    -0.30415988 0.308123291 0.936072767 0.479452729 1.56990504
    0.849535942 1.44149947 1.26159036 0.846490264 -0.505203724
    -0.738329113 0.344996095 -0.65760529 -0.319070756 0.239621222
    1.40523422 0.745351732 0.918034017 0.891659617 0.61651516
    0.259154975 1.58124256 0.661444962 -0.115275443 -0.348252237
    -0.161860406 0.0398979783 -0.185074627 0.317346334 1.45326257
    1.54878235 -0.945338905 -0.511467218 -0.486120999 1.3682611
    -0.0296214819 0.537343979 0.58113718 1.21954286 0.712807178
    1.7959764 -0.556812763 -0.0898832083 1.34759068 0.314790845
    -0.328445196 0.924982071 -0.487198293 1.47120261 -0.558545947
    -0.183107376 1.5495137 0.111431241 1.22300816 -0.803897142
    -0.698666215 0.379353344 0.393460631 1.68902028 0.886708975
    0.189973831 1.11271214 0.114220381 1.17503273 -0.671728969
    1.81188619 0.679161549 -0.584583282 0.947982669 0.445548356
    1.79782593 -0.594755173 0.465125024 0.306514919 0.618505359
    0.582124114 -0.60616529 0.314433992 -0.000475525856 -0.919455945
    0.778721809 0.0134115219 0.394967735 1.06487727 -0.746790469
    1.52405119 0.882582724 1.11764956 1.29183567 0.081638217 0.308078408
    -0.393011689 -0.0993081927 1.47185504 0.493415594 0.240390062
    0.00632172823 -0.438883603 -0.411898911 1.30767334 1.67427599
    0.820565641 0.0765702724 1.61402345 -0.295616865 0.0657049417
    -0.143108249 -0.188411713 0.464670897 0.947550178 -0.154101014
    1.38056588 0.350920916 -0.184632123 0.191103935 0.029255271
    1.25096917 1.15577114 0.550307512 1.19048953 0.812627733 0.575031698
    -0.0143572092 1.76782584 1.36930192 -0.752149045 1.28152478
    1.49574852 1.12711978 1.3911531 1.42120695 1.25983179 1.50104105
    -0.267385006 0.790832996 0.14779669 0.69399184 -0.429263353
    -0.707228959 -0.43356514 0.0971466899 0.582036257 -0.349104106
    0.0119500756 1.47129321 -0.05713135 1.49287808 1.06428218
    -0.82058847 0.912313282 -0.0104648471 -0.621339738 0.881842077
    0.633620441 1.39967191 0.74538219 -0.00988298655 -0.522783279
    0.416250229 0.739142835 1.54806519 -0.78960079 -0.264081478
    1.79886401 0.673325598 -0.586320519 -0.259179294 1.02746177
    1.64687765 1.56989896 0.769951403 0.106820285 -0.1539222 1.74415827
    -0.543863177 -0.00490152836 1.62844872 0.335570872 0.480662644
    1.41931367 1.54446304 0.938891172 0.644974351 1.28716755
    -0.485511333 -0.437752753 -0.138243973 0.660939157 0.495679617
    -0.0745981932 0.357924879 -0.51735431 0.0723432302 0.469761312
    1.68506789 0.688311219 0.503784537 0.795749068 0.71993804 1.18901038
    -0.320455313 0.273536563 -0.108662367 0.247735262 -0.192986369
    0.200960159 0.176441073 -0.291166365 0.876685679 -0.557041228
    0.188623071 0.552821219 -0.0595331192 1.60043645 1.41978741
    -0.0986587405 0.0324708819 -0.228020787 -0.201564014 1.475546
    -0.0216445923 -0.275777876 0.257628083 -0.100118637 1.11568427
    1.65677524 -0.572436988 -0.486844897 1.79547918 0.365142405
    -0.804938376 1.42193198 1.36482775 0.0238746405 -0.0397799611
    -0.684074998 0.055642426 1.02255058 0.64512527 0.47175163
    -0.115211904 0.16680032 -0.678592265 1.5462265 -0.531025052
    1.36265063 1.41095328 -0.691250324 0.3505162 0.475994587
    0.0872063637 0.760388494 1.48098612 1.26715982 1.35686946
    -0.198190928 -0.290895015 -0.581269205 0.535368383 -0.779855788
    1.51656055 0.0107425451 -0.624305189 -0.845180809 1.10726595
    1.13774753 0.340001166 0.509162903 1.75803447 1.34162116
    -0.789875031 0.924197316 1.47162592 -0.743751645 -0.33428055
    0.700879395 0.545461237 0.283197045 0.126440108 1.37123752
    1.36033106 0.53408891 0.579097569 1.611866 -0.160360694 0.704102874
    1.23749006 1.66459465 1.65001798 0.164414406 1.4628793 1.15864396
    1.49693489 1.11961102 0.0227559805 -0.894095242 1.32112658
    -0.588114321 -0.551493287 0.583530903 -0.67674005 1.40499973
    0.00661677122 0.453645647 -0.287491024 0.521433771 1.3476733
    0.457529306 -0.0187141299 1.27799678 0.218673706 0.210471511
    -0.600813627 1.40648794 0.274126053 1.26011837 0.512478709
    0.582289755 0.205152333 -0.514374077 -0.714166701 1.68030095
    -0.160424352 1.1907059 0.209907293 1.30344343 0.298243582 1.70046115
    1.78826022 0.820034385 1.39247179 0.894086659 1.44448519
    -0.889295816 -0.0547924042 0.539384127 1.36202157 0.334565818
    0.524297655 -0.263526976 1.30564654 1.46343613 0.881042659
    -0.285396397 -0.749147236 0.47664088 0.381553352 -0.71361798
    0.065960288 -0.0886649489 0.123551428 0.164876938 1.16615033
    1.43077362 1.62319386 -0.950399518 0.673666239 -0.344367385
    0.1300385 0.764179289 1.11471796 -0.204829156 -0.355875134
    0.784820974 1.26952803 -0.662433207 0.674582422 -0.28619203
    0.00340139866 0.94674015 1.53221965 1.31766081 -0.340525687
    0.539860249 0.861765087 -0.344084203 0.264042199 0.369098604
    0.141232133 -0.517646968 -0.0356547236 1.41346633 -0.584133744
    0.143569231 0.985123992 -0.627316117 -0.714969695 0.964139342
    -0.325945437 0.932281852 1.30954373 -0.822221279 -0.510684311
    1.74578834 0.501680374 1.76136076 -0.0574684739 0.867514789
    -0.514075756 -0.545867264 0.226001441 -0.601112723 1.03616261
    0.552896559 1.17196798 0.1193524 0.206525266 0.305577815 1.90532541
    -0.645950198 0.728669047 1.07791042 0.587038338 0.605649769
    0.282249093 0.114386439 1.77525365 -0.584044278 1.01187992
    1.04362035 1.26921523 0.282052398 0.371872723 -0.489462227
    1.44111502 1.75508428 0.81012857 0.386057436 -0.781919897 1.91577673
    0.58487922 0.400709808 -0.425391316 0.809017062 0.599207461
    0.382191658 0.575576305 1.25216591 1.42561948 0.719829679
    -0.884402275 1.53169084 0.339687526 0.395079017 0.263851762
    -0.689562738 0.951705456 1.71174121 0.936371028 -0.774694979
    0.207418323 0.462507486 1.43853569 0.673379898 0.702346683
    1.63385093 -0.873861909 -0.362759352 0.313694417 1.0840714
    -0.192904174 1.62624454 0.764208496 -0.265689075 1.60225201
    1.00327182 1.0901916 -0.593820333 -0.206258893 0.941403985
    -0.587442279 1.35456681 -0.492794901 1.93684232 -0.482708931
    -0.624233842 0.318201125 1.11197782 -0.303573132 1.48990798
    1.15740037 -0.32157445 -0.0394678712 1.70103979 0.409087718
    0.548576236 1.75982499 0.00981611013 -0.453361541 0.436740637
    1.23571897 -0.058688283 1.76823533 0.65143764 -0.59174639
    0.478729725 1.1995976 -0.795300305 1.97135615 -0.470740348
    -0.697871268 1.57014632 -0.362934589 -0.00998353958 0.140028358
    1.22216821 1.70329523 0.318825603 1.71597636 0.143073201
    -0.563304365 1.21207523 -0.298983932 -0.205949843 1.46294355
    1.07405496 1.40551317 1.6491642 -0.289063692 -0.384719014 1.79319549
    0.0718097091 0.652618051 1.55997741 1.29780924 0.202212214
    0.560526013 0.575422883 1.65939093 1.58916247 -0.654692769 1.3958075
    0.554715693 0.164281547 0.674599349 0.568041146 0.571196258
    -0.630852461 1.50751209 0.613987267 1.52344882 -0.483931929
    -0.609394312 0.310339332 1.58218622 1.15852845 -0.602389932
    1.48378992 0.978846192 0.998115301 1.07885849 -0.0440630913
    0.800522149 -0.102281332 0.213248789 1.51075125 0.991120219
    0.579120338 -0.73174876 0.768678069 -0.150104523 0.147736728
    1.39560771 1.72754955 0.325210273 1.31090307 0.235639572 1.24828839
    0.870433152 0.914437711 1.42711461 0.620520413 -0.0513647795
    1.16627383 0.593299031 -0.0712960362 1.00791645 -0.451426268
    1.36040974 -0.523207545 1.31721365 -0.144181848 -0.0288071036
    -0.316381335 -0.193303049 -0.238736808 -0.731394053 1.22596824
    -0.661011934 1.30720818 1.3505969 1.19458663 1.21398735 1.22814322
    0.190897942 -0.568827748 -0.637580812 1.54233265 -0.540594578
    0.712712348 0.926172853 1.31715131 1.84130502 1.83050299 1.83896399
    0.156701088 -0.351020336 1.0732739 0.815965474 1.67101014
    -0.418903947 1.0743351 -0.185835242 1.0434823 0.707687914
    -0.714895666 0.245505512 0.601918697 1.67764258 -0.395226836
    -0.353883505 1.54192758 -0.582162619 -0.734754562 1.86674094
    -0.189033449 0.390634656 0.462333739 0.278706193 0.554762065
    0.848777175 1.62497187 1.33176231 0.65898037 -0.622298002
    0.840928197 0.861112952 -0.366681874 -0.184108913 1.7294724
    1.75311708 0.516179144 1.3211261 1.54246366 -0.307109535 0.820572615
    1.2973479 0.92363131 1.74994636 -0.152536154 -0.246400863
    -0.270326585 1.03199756 -0.458512634 1.28506517 0.739109159
    0.470356047 -0.633688688 0.934748054 1.44886947 -0.276463747
    0.766833603 1.30967379 -0.398921251 -0.246894002 0.86797446
    0.739725351 0.946270943 1.00657606 -0.126117647 -0.139226496
    1.04088593 -0.383543849 -0.0497683287 0.353792727 -0.0462801456
    0.94545275 0.368636012 0.78031683 -0.502640128 -0.214934707
    0.287908912 -0.386446416 1.55999613 0.093167603 -0.123228967
    0.370004535 0.868113518 -0.132927358 1.08960581 -0.336470306
    1.34367537 0.474071622 0.518383622 1.58917379 1.04290795 1.5307672
    0.61552918 1.34018445 0.715768814 0.404930353 1.48418176 0.409404814
    1.38909888 0.922399819 0.709746003 -0.594843149 0.37264353
    -0.0184400082 0.974686027 0.742088079 1.64456534 1.72323763
    0.614769697 0.495461226 1.40775442 -0.685090899 -0.660316706
    1.57190645 0.204050362 1.39530349 0.688977003 0.0138153434
    -0.302835822 1.80890322 1.04339337 0.129717052 -0.568735838
    -0.712553263 1.01462865 0.854146838 0.720300376 -0.649843097
    0.00183242559 1.07093668 0.423505306 0.138012528 1.8761245
    1.37220407 -0.0610571504 -0.680439711 -0.336197615 -0.497887015
    0.391890109 1.88547432 -0.687164724 0.307616651 0.972068906
    0.837875485 0.472404122 1.57387316 0.207006574 0.956006467
    0.50893569 0.248737693 -0.295189679 -0.291324914 1.35327327
    1.52276433 1.64230001 -0.230239987 1.30290651 0.567791343
    0.526974261 -0.00921428204 1.06714606 -0.258870721 1.82282591
    1.31575251 0.539582133 -0.529664993 -0.00552666187 1.02603447
    0.837696373 0.474959612 -0.634295583 -0.691394508 -0.310238481
    -0.0210120678 1.08161163 0.347783327 1.49597406 1.33749163
    0.816482067 0.484957814 0.780874491 0.438076377 0.833580852
    0.355737805 1.48429871 1.66231871 -0.0732277632 -0.304850221
    1.06312871 0.135455668 1.41851735 1.13239229 -0.615265429
    0.257787228 0.922510743 -0.417601049 0.472331643 0.372763216
    -0.10964638 -0.223036766 0.275616109 0.110832691 1.55240774
    -0.364554495 0.200155258 0.158605099 -0.254951 1.19108152 1.01370692
    0.735391796 0.743331909 -0.650215864 0.753752589 0.662195027
    0.496862471 -0.0493488312 0.475096047 -0.0725219846 1.59808624
    0.177538633 0.0968015194 -0.769515991 1.31812418 0.24789995
    0.685365796 -0.0589008331 1.19065034 0.944563389 1.41874659
    0.874757528 1.6781832 1.67456913 0.332410097 0.705382407 0.303290308
    1.08239639 0.951331973 -0.309975088 -0.676525593 0.178679407
    0.687357903 1.19926393 1.11511087 0.793744326 -0.00947785378
    0.0674298406 0.00203299522 -0.542787313 1.48625588 -0.638420224
    1.79362488 1.49580467 -0.635568798 0.0451419353 0.738951802
    0.519398332 0.683694303 1.04625964 0.232126832 -0.581316113
    0.813286066 1.47668684 -0.679058254 -0.293623447 1.75353074
    0.0206743479 0.655572891 1.85721886 0.815620244 1.01604187
    1.54299891 1.90899396 -0.717079341 1.71901631 0.689521134
    -0.56943363 -0.68050611 1.57255447 -0.361928582 -0.587863624
    -0.297546387 -0.625630617 -0.157358885 0.35844624 0.383776188
    1.2866832 -0.41924715 1.33796608 1.70126474 0.181040823 0.470005989
    0.0618836284 -0.278781295 -0.135187268 0.000407516956 0.360896111
    0.698256135 1.51506388 1.60855532 0.366762877 0.399277925
    -0.485677898 1.15535545 -0.18979004 -0.145837665 0.815885663
    1.75508451 0.275716722 1.51159883 1.71212018 -0.467045188
    0.494765043 0.901501596 -0.280260593 1.47346413 -0.198183179
    0.870648563 0.164854527 0.253855944 0.944777548 0.788014948
    0.109200239 1.59927309 -0.360011876 1.73074055 0.883993685
    0.170511901 -0.589020014 -0.590999842 0.750117898 -0.276805311
    1.26992369 0.51278311 -0.469282061 -0.51666683 1.82306039
    0.807098269 0.440270543 -0.727376997 -0.536559343 1.01912856
    0.450817645 -0.387471318 1.02418792 -0.483079731 -0.303040564
    1.33154082 -0.738797307 1.66420162 0.277552366 0.163239241
    1.31912041 0.820480347 -0.447924405 1.62547088 1.14835954
    -0.351018488 0.859033465 0.891757011 -0.585563421 0.871867895
    0.974443078 0.427285671 -0.667076826 0.351553082 -0.674667001
    0.634907961 0.756400943 0.338613212 1.26292753 -0.190828562
    1.08030796 -0.722300053 0.374012709 1.90085387 0.293556869
    0.724857569 -0.241743267 0.926215589 1.79105639 0.871142268
    -0.788619101 1.13145638 1.4899931 1.40644813 1.44323826 1.04950142
    2.09792256 0.207827628 1.55677187 0.512880266 0.332022429
    0.589923799 2.01588893 -0.570927918 -0.687111557 0.385633707
    0.00472426414 -0.120349765 -0.70305717 1.66515803 0.7260499
    0.948466897 1.4498142 0.0658830404 -0.0545918941 1.07421243
    -0.430551171 0.935082734 0.912226558 0.68179059 0.888126731
    0.283974767 0.237056017 0.065100491 0.193917274 0.157257855
    1.15103352 -0.167094767 -0.390783042 1.53248155 -0.184964359
    1.14856839 -0.0113278627 1.34146738 -0.473701477 -0.435251862
    0.601607919 1.62792253 0.773948073 0.487534523 1.5088098 1.16105628
    0.964349747 0.529327869 -0.505846381 0.234349191 1.59247541
    -0.542139292 -0.852365732 -0.167334378 -0.489444226 1.59103107
    0.295421243 -0.237744033 0.828913689 -0.497189909 -0.200185657
    1.87778676 -0.324389637 1.66184378 -0.165920436 -0.173318565
    1.47128654 0.15057528 0.895571589 0.170868635 0.788250625
    -0.283854008 0.486924708 1.04367065 1.291309 1.12159872 -0.808747232
    1.29505932 1.54945672 1.08609819 -0.735797942 -0.253353417
    -0.517630219 0.216337681 1.23101604 -0.247958601 0.318505883
    1.16610384 -0.017475903 0.986814737 0.297439575 -0.625800014
    0.067732811 1.04410255 1.56561756 1.29967237 -0.450865209
    -0.69440496 0.931879282 0.622722745 -0.68632102 -0.355301082
    0.8203547 0.218482196 -0.428555459 -0.57093817 0.530944705
    1.67554617 1.71176505 -0.426787138 1.1627413 1.21415925 1.02002096
    0.382452607 -0.00723600388 1.63483739 0.996694446 -0.45709458
    0.694830298 -0.745678008 0.309405446 -0.608274579 1.11286139
    -0.540744245 -0.42525813 1.03007054 1.79410017 -0.228067517
    0.00648540258 1.75554717 0.395563245 1.08771753 0.400663197
    0.651239395 0.418106139 -0.319636166 -0.355710328 -0.396900833
    -0.659065306 0.500723898 -0.649023771 1.70026493 -0.672874451
    0.758552074 1.41014051 1.41814423 0.893069625 0.717754781 1.37809348
    -0.0355380774 1.18118286 1.42250752 1.66607451 -0.928754687
    1.14380729 1.01235962 1.11577225 -0.725001097 0.869850874
    0.610972583 0.937074125 0.431890786 0.0588620305 1.16186786
    1.59664607 0.570530713 -0.429282248 0.326088727 1.64959884
    0.979834914 -0.00608587265 0.237015843 -0.231416047 1.07774472
    0.392661095 1.0969882 0.364605904 1.67662597 1.27317357 1.2347765
    -0.36247468 0.58112371 0.0176084638 0.036721766 -0.503878713
    0.446671844 1.49118519 0.44681257 1.49187708 -0.278504908
    0.238532782 0.0923008919 -0.361377716 1.18441033 0.808405995
    1.66232085 0.862120688 -0.0126792192 0.465397775 0.109919965
    -0.0387645364 0.531492114 0.194847047 0.22331965 0.441545963
    1.12401295 -0.217921138 1.13861227 0.943690658 0.875879586
    -0.143589616 1.47917247 1.56430435 0.989152253 0.769087374
    1.50705671 0.622537851 0.179156542 0.625460029 0.303057253
    0.0421177745 -0.191345334 -0.296969771 0.36661756 0.715860486
    1.55032206 -0.573235095 -0.142371476 1.28840399 0.16181922
    -0.56274575 1.27956367 1.14615655 -0.0161061287 0.106604636
    -0.370242089 1.62518394 0.494781256 0.820826292 0.157508016
    1.47782493 0.531512082 -0.334715217 -0.436328441 0.901234627
    0.803881466 0.0112059116 -0.129779637 -0.072032094 1.60578263
    -0.57047534 1.7033987 1.19864881 0.18872261 -0.0606247783 1.11569142
    0.00409716368 1.54268467 -0.713607907 1.67057443 1.21918344
    0.213213205 -0.530067205 0.712607265 -0.0528630614 1.03632796
    1.28905416 1.50951648 1.28900862 -0.206446648 0.93751049 0.557047129
    1.02661657 0.363966286 1.72445452 0.61318785 0.726283014 0.411312103
    0.27549237 0.695414543 -0.430282056 -0.351854444 -0.869787216
    1.63628292 0.630409896 -0.483413786 1.13812137 1.58627856
    -0.218734264 1.22078586 -0.753727674 0.417274415 1.59810495
    1.41670227 1.76864529 0.477587998 -0.837190509 0.901382804
    0.553128123 1.37817287 0.995527506 -0.907103419 -0.525833011
    -0.506711245 0.39665246 0.175428808 1.59243369 1.03702378
    -0.274631977 0.660067558 -0.286403298 1.23650122 0.848084152
    0.348536193 -0.158836544 -0.218785942 -0.20002985 -0.483745962
    0.930312455 -0.352133512 0.137293816 1.50398254 1.29632962
    -0.260525584 1.1756835 -0.766527295 0.192938089 1.32272172
    0.71141237 -0.458122194 -0.339546472 0.0741533637 1.16049492
    0.150707603 1.67577207 1.08149672 -0.699754834 0.278080404
    0.788389504 0.479631841 1.05904675 0.56189698 0.556134105
    -0.516879201 -0.482629985 1.36804008 -0.615327001 0.858237624
    1.29761767 0.646928787 1.48518741 1.25411785 1.46761596 0.296312451
    1.15128028 0.482073665 0.477555215 -0.0202177763 1.40077877
    1.54900312 -0.221526384 1.5211271 0.0516166091 0.0521884561
    1.0860064 -0.865523875 1.12029052 0.604292989 1.27390265 0.825970888
    1.35683 -0.788385749 1.28700447 0.125804663 1.61607242 1.6238606
    1.16301107 -0.315962017 1.30851507 0.452396154 -0.0813281536
    -0.0149806142 -0.569811106 -0.60398674 0.774547577 -0.657637477
    -0.443721414 1.07064378 0.620856643 1.49190116 -0.533785462
    -0.0907022357 0.833210945 -0.114182115 0.480851173 1.30521703
    0.18512857 -0.736884952 0.454551816 0.826067984 0.820266843
    1.40904248 0.317824841 1.27893364 -0.293452382 0.0131695271
    0.854281723 1.22022271 0.44935751 0.397214532 1.63705039 0.599721074
    -0.623759329 1.84826732 -0.205585539 0.89615202 -0.239129364
    -0.42791906 1.36490941 0.602904856 -0.333853245 -0.100603521
    0.543427646 0.179479182 -0.434980601 1.65378082 -0.428786039
    0.295823753 -0.28171289 1.22065318 -0.807542682 -0.664214849
    -0.449714959 -0.219293773 -0.46479702 0.696193218 0.176806808
    -0.229250968 1.27181554 0.243996739 -0.23145628 0.160385132
    0.899161398 0.769315004 0.278614521 -0.0550372005 1.63165128
    1.09430099 1.08361959 1.60981011 -0.118876994 0.748233438 1.55032527
    0.0643941164 -0.259705126 -0.760060608 1.74267244 0.253447056
    -0.251071364 -0.697457671 1.86082315 0.627486587 -0.309391558
    1.60651791 1.40403759 -0.804990888 0.0372278094 0.726370454
    -0.683847129 -0.31254226 -0.179463089 -0.354757667 1.01146543
    1.44510961 -0.384016216 1.7382555 0.684639633 -0.324599117
    -0.544706523 -0.0423855186 0.0819814801 0.173848569 0.931786597
    -0.153226912 1.73453259 -0.201649368 1.69213712 0.603887081
    0.926502347 0.738191485 0.440340281 0.585432947 -0.389470607
    1.04737198 0.746727705 0.498013556 1.34523654 0.569152653
    -0.493739486 -0.592471719 1.49909091 0.177648723 0.50682807
    0.726661861 0.536598325 1.67540622 -0.674205899 0.719146013
    0.625949502 0.0662891269 -0.0106787682 1.51912093 0.593784511
    0.844513118 0.150020361 0.517492652 1.03205919 0.911807358
    -0.325137317 1.6931076 0.52288413 -0.204151213 0.383651674
    1.37638736 -0.695012391 0.503125846 1.22935975 1.43617165 1.28587079
    1.20804191 -0.201673746 -0.424583614 0.757504821 0.127482772
    1.03602815 1.14701998 1.45789051 0.744278789 1.40334868 0.962361693
    1.30959868 -0.209360361 0.927229524 -0.195211112 -0.0018362999
    1.60740972 0.592993259 1.72864985 -0.421218753 0.0627143979
    -0.711020052 1.59506071 1.21741557 1.36204052 0.880922318
    0.758656859 1.49079013 0.0207321644 0.820402145 0.849183261
    1.20679379 -0.132007658 0.776019692 1.62691832 0.349905074
    1.72751284 1.59564567 -0.258248746 -0.206114769 1.28486037
    0.642977118 0.78564328 0.896580875 1.84882748 0.78619206 0.19771564
    0.336725354 1.34501266 -0.891675234 1.19421506 0.0445403457
    0.334000945 1.70141745 0.936451316 1.55375767 0.986028969
    -0.728000581 -0.514744401 1.91082799 -0.305122137 1.65634966
    -0.802650034 1.55107534 0.996384382 1.2643553 -0.48823148
    0.159122527 0.355180621 0.926675677 0.670838714 1.64906228
    -0.203217328 0.453553915 -0.688792408 -0.360936314 -0.00727516413
    1.52826405 0.849297285 0.854655266 0.652255535 1.31149018 1.05766761
    -0.187731206 -0.772644877 0.610488296 1.60168886 1.0215416
    1.70633221 -0.754017591 1.17016196 1.07929909 0.862089753 1.26464128
    1.54662669 1.00868917 -0.261348605 -0.0229528546 0.940663159
    0.211189747 0.092389226 0.130915344 1.11359751 -0.532646954
    0.956487775 1.2166748 0.968488097 0.913255274 1.15762889 1.35487723
    1.61545777 -0.826913655 1.04541659 0.646860838 0.528299809 1.5088222
    0.59805882 1.17101038 -0.23744905 0.815891147 0.196917415
    0.457157731 1.10637236 0.744513571 0.835300982 1.63780546
    -0.292692006 1.14316154 1.25041032 0.211876154 1.03693974
    0.0344470143 1.31862187 -0.0583178997 0.639804542 -0.112020552
    0.597847641 -0.774081826 1.26540971 0.227597237 0.303303361
    0.5825755 -0.0331471562 0.332832932 0.0454263091 1.77735496
    1.05509543 1.07916188 1.24922717 0.152328908 -0.325647205 1.28711367
    0.759661734 0.27488625 -0.306154072 1.71800876 1.54672599 1.06704521
    0.260945797 1.72316921 0.852832675 0.2055071 0.860095084
    -0.330910385 -0.154773176 -0.318330914 0.377232313 1.5131371
    -0.284786701 0.390186787 -0.707950652 0.571209729 -0.706724048
    1.37623942 1.2259171 -0.697001755 -0.123035491 -0.354999661
    1.13181853 -0.306816995 1.48014235 1.40630054 1.2736032 1.01017535
    -0.177799225 0.944185376 -0.32076928 0.448763132 0.811701298
    1.10374951 0.590999067 0.0424509048 0.563338518 -0.286615908
    -0.0726310015 0.0948019624 0.901133895 -0.357975513 1.76368523
    1.27420747 1.58089447 -0.0147747993 1.59841824 -0.00231033564
    -0.532555819 0.620308816 0.734149039 1.73934412 0.360747218
    -0.492507905 1.60825872 0.641740024 1.62116396 0.210703611
    0.60702765 0.571733057 1.41766739 -0.6275388 0.517770529 1.83469844
    -0.410909116 -0.171237409 -0.506412625 1.06483936 -0.340879291
    -0.340690911 0.870408595 1.45795119 -0.855518341 0.773205876
    1.26696873 1.04956198 0.0398664474 0.0361162424 0.997323513
    0.405997634 -0.310516298 0.876125216 0.125225604 0.75231117
    1.4106766 -0.54212141 1.17394412 0.122219324 -0.691890538 1.65509379
    -0.679222405 -0.263962805 0.0190064907 -0.641669989 0.348479688
    -0.442480624 1.44567561 -0.173686504 1.17348945 -0.71928829
    -0.635298967 -0.0110046864 -0.462308735 -0.235422373 -0.427643299
    0.259024024 -0.820860684 0.800412238 0.434699416 1.08892155
    0.0607098341 -0.791878164 1.46733272 -0.503472924 1.91874599
    -0.177356064 0.266359746 -0.797748566 0.668937802 0.750006199
    0.374325514 -0.170892656 1.33726168 0.948558867 -0.89817059
    0.794193029 1.37564981 0.575574994 1.53538525 1.42679155
    -0.350602329 1.7267487 0.453033745 0.340603471 1.34164262
    0.0676410794 -0.293176234 0.104153275 1.15270019 0.444459379
    0.964241385 1.41682553 -0.51219058 0.196470976 -0.0537492037
    -0.457259595 1.13048089 1.27618217 1.11172283 0.369117141 1.6137557
    -0.678917289 0.296861231 0.337423682 0.0219703317 0.628817797
    0.498731256 1.04947877 -0.76569128 -0.647895753 0.921199322
    -0.401558697 0.650124252 -0.328220606 1.49783945 1.58841491
    0.966184855 0.864749849 0.542589188 1.31682575 1.33210921 1.31388569
    0.613146067 0.835478127 -0.090595901 0.900413573 0.423434138
    0.786389232 0.52821821 0.338728189 -0.036141634 0.898076415
    1.43418097 -0.216418207 1.47690046 0.816958487 0.469282746
    -0.469970107 1.28695893 0.444247246 -0.629880548 0.126990676
    1.64371252 1.44593632 0.688194513 1.46677375 -0.528978944
    -0.728709817 1.86798799 -0.256936312 1.1253264 0.623464584
    0.282348156 1.30652523 1.34469569 0.680227935 -0.830298722
    1.46731544 0.841528654 1.31709266 -0.0506994724 1.00835741
    1.08079553 0.977465868 0.478483796 1.34135103 1.22440958 0.311189294
    1.25137758 1.63186383 -0.685358584 0.0147002935 0.687517405
    0.642152071 -0.176094115 -0.664151311 0.339879155 1.41783893
    -0.0247133374 0.695427954 -0.518413067 0.782770157 -0.299740434
    0.390704811 0.95453763 1.45721936 0.92444998 -0.460011423 1.5067482
    -0.0176384449 0.108880103 0.190235257 -0.353736967 0.996717989
    0.790215194 0.0148747563 -0.619865596 -0.31366837 -0.637103736
    0.201094925 -0.217777133 -0.494583815 0.161915064 1.02664375
    1.07726765 0.873999953 0.82859993 -0.867014945 1.27192628 1.55399978
    1.75454819 -0.155967057 0.338439941 1.23810053 -0.130516648
    1.70605969 1.46710873 0.05452317 0.51253587 0.456733465 0.254597783
    1.57675445 1.13546896 0.497243345 1.18688369 0.0616704226 1.49421442
    1.02210224 0.0745129585 0.886552453 1.63899469 0.177449048
    -0.287199199 0.463014483 1.41677761 -0.545987248 -0.799027741
    1.14290655 0.705206275 1.54366744 -0.662192166 1.33843589 1.34270191
    1.27592349 0.998475492 0.480919898 0.565331042 0.836396277
    1.36287928 -0.484965563 0.467735469 0.454555929 -0.205154538
    1.68682718 1.51816428 -0.567218661 1.50512874 0.414196014
    -0.0179077387 1.18040371 1.59535229 -0.0533468127 0.0722219944
    1.83841038 0.473223925 1.65957582 0.819564581 0.224749982
    -0.539595842 0.401379108 0.809743166 -0.229370117 1.35904241
    -0.395294935 0.721182346 0.696681559 1.60863829 -0.0430772901
    0.765753984 0.6210922 1.07455528 0.687907338 0.0466732979 1.22763312
    1.69422448 1.51511264 0.493321061 0.345877647 -0.0239237547
    1.79969954 -0.461822569 0.33096844 1.57897329 0.151088953 0.64850688
    -0.113261938 1.13907385 1.51886261 0.130006492 1.08221102
    0.379543841 0.0591518879 1.88668561 -0.382843494 -0.649487615
    1.83726537 -0.398004502 0.89590615 0.110125184 0.707845867 2.0345602
    -0.731494069 0.638019025 0.832510471 1.69217682 1.05879915
    1.68848014 1.21471453 -0.131047547 -0.467437416 1.33161592
    0.472249329 -0.156042457 -0.798547626 0.00576150417 1.74080658
    0.437551796 -0.349538863 0.0737564564 0.196041286 -0.127799869
    -0.948209822 0.571552992 0.498532772 1.6078701 -0.142722905
    -0.460610449 1.48975563 -0.643640399 0.0270406008 0.583645344
    -0.831217647 1.8555994 -0.283406854 -0.642683566 1.44732726
    -0.618420541 1.1398232 -0.698888779 0.452349782 1.82476807
    1.15602875 -0.634875774 -0.580537736 1.09546602 -0.225311995
    1.66859972 -0.44303906 1.33103371 0.779003263 -0.288106918
    0.521168947 0.862295568 1.67846978 0.602764785 1.52061486
    0.496940672 -0.411382824 0.92152226 -0.453125954 -0.783340931
    1.31609917 -0.728642762 -0.770593464 1.24769092 0.403244376
    0.213436723 -0.246138096 1.56566 -0.0269859433 1.74470234
    -0.594015062 0.813867331 -0.454570532 -0.626459718 -0.200252712
    -0.272884607 -0.0356245041 1.36800301 0.573411226 1.63835549
    -0.0382230878 0.30625546 -0.0139745474 0.484910607 1.11777639
    0.27720046 0.659480751 -0.470772237 0.655418515 -0.442093551
    0.00815588236 1.76620793 0.0391913652 -0.718357086 0.291733086
    -0.382146984 1.12106144 -0.749687374 1.23612452 0.763620496
    0.226646781 -0.705936313 -0.192673147 0.744758785 0.467905521
    1.23485422 0.298904538 0.511708498 1.53341246 -0.747776151
    0.400645971 -1.04491305 1.27551281 0.731211424 1.20732343 1.48927844
    -0.136454463 0.0269470811 0.585082173 0.219510674 0.889911532
    -0.414332777 -0.555765986 1.38785839 0.322067499 0.55504477
    1.75341725 -0.545597911 1.83032775 -0.0724732876 0.0509428382
    -0.182388604 -0.483263522 0.264086604 1.3675108 0.205204844
    1.73689711 0.0346764326 -0.717663407 1.4842062 1.14150143 1.51435339
    -0.716220617 -0.332651854 1.49931526 0.893847585 0.193184316
    -0.203975856 1.63978338 -0.429219306 0.521770358 -0.160710216
    0.93254149 1.44286263 0.127234101 0.794913411 -0.194183946
    1.83174825 -0.638289928 0.0321080089 1.71952355 1.11036694
    0.245155036 0.12942946 0.346315384 1.77436292 0.0977839231
    0.0471058488 0.100442111 -0.568253994 -0.539283335 -0.502042651
    1.32975698 0.119638622 1.25240588 -0.273296416 -0.6550138 1.33806765
    1.30476856 -0.425037175 1.25003958 1.10590935 -0.511005938
    1.68051481 1.63581741 -0.113038182 -0.204812407 0.522545815
    -0.324111015 0.945008218 -0.265910476 0.597353935 -0.574338555
    -0.449561387 1.46730471 0.951342463 -0.473081976 0.180503845
    0.067495048 -0.280924439 -0.231915236 0.303952694 -0.272842467
    -0.504707336 1.21283221 1.45090461 -0.633369029 -0.501187921
    -0.462168247 -0.631340802 0.38771224 -0.462562442 0.52344656
    0.0682535172 0.370467961 1.01231754 1.10805666 0.028688848
    -0.231964052 0.113835275 0.0136532784 0.0691306591 -0.00110393763
    1.43018222 0.490163565 1.26928234 0.743397772 1.79183054 0.788776755
    -0.750703692 0.38293159 0.884974599 0.433259726 0.837395728
    -0.359806478 0.803822517 0.418821871 1.78682113 -0.245666623
    1.73429358 0.915793777 -0.615234375 -0.0940865874 1.71300757
    -0.215798557 0.986093879 0.305580616 -0.469831258 -0.687645793
    -0.120145023 1.32636249 1.35171831 0.953027129 0.0561005473
    0.289369285 0.0265812874 1.80607843 0.686282277 -0.405046225
    -0.787397623 0.0759322643 1.55629468 1.82924652 -0.609904945
    -0.423368573 0.642118812 1.65958571 1.13734198 1.08111024 1.63174248
    0.623688281 -0.360492587 1.16234732 1.31605601 0.425148904
    1.47373724 0.408370316 1.60357928 -0.201944351 -0.00818777084
    1.40666139 1.70936084 -0.66729331 0.0890548229 0.812938631
    0.270180643 0.719471097 1.01013541 1.44541144 0.0856202841
    1.04705453 -0.181354642 -0.328409821 1.08923459 -0.048844099
    0.878818572 -0.652151108 1.76151526 -0.074972868 0.571308732
    0.993874729 0.152276337 1.22264099 0.895696044 1.63872755
    0.410830677 -0.0510326028 -0.413196355 1.16076112 0.850617826
    -0.631908894 1.01044524 1.84012985 0.85137713 1.92711926
    -0.633060575 0.282930017 0.803815484 0.804183662 1.67659402
    1.24162793 1.03642142 -0.416467011 1.31759596 -0.674801469
    0.794238269 -0.584952354 -0.600771248 -0.639778197 0.132546127
    -0.178020418 0.626675189 1.28779101 0.835132718 1.12953365
    0.442340851 -0.695005596 0.00867027044 0.190067172 0.494975507
    0.752641082 0.831624568 0.28972429 0.00632560253 -0.0173729658
    1.91479421 -0.43632111 -0.477954537 0.88756752 1.24410796 1.69278932
    0.498250604 0.843129575 1.18049479 0.39542973 1.57814121
    -0.493727773 -0.151740074 1.50798655 -0.230101228 1.67789948
    1.46217966 -0.0342135429 1.36562681 1.37630427 0.707807779
    1.32243931 1.2295965 1.42681384 -0.307588398 -0.589821815 0.15735352
    0.186906815 0.819164515 -0.458990693 -0.0864216685 -0.328125328
    -0.36568287 1.47085583 -0.153360248 0.898175716 -0.362045169
    0.77257365 -0.0400498509 0.498407662 1.08009958 -0.503473878
    0.618712306 1.46671891 -0.238553524 1.12839997 1.26811576
    -0.155986547 -0.152641833 1.66038823 -0.318964481 0.553248525
    1.32378721 1.25599098 0.705115259 0.534616351 1.63754869 0.160063088
    -0.15730381 0.0920752883 1.72612274 1.65796351 1.08658361
    0.132291317 1.19019628 -0.317186952 -0.897798836 0.684573829
    -0.510675669 -0.374061823 1.71935105 1.42312634 -0.428636849
    0.896117389 0.999163508 1.42605352 1.35870481 0.57558012 -0.26625973
    1.38785517 1.77030444 0.496423662 1.03501165 0.537352741 0.150846899
    -0.0298677087 0.0541168451 1.14850211 -0.510953844 -0.487703264
    1.49402499 -0.0635612607 1.50872719 0.886338592 1.04137146
    -0.204525352 0.874862432 0.0520479083 0.0829321742 0.122310281
    0.471547544 -0.546897292 0.313046098 -0.281705737 0.34204638
    -0.118312836 -0.137896121 0.462278008 1.8883884 -0.109751821
    -0.347174406 0.30905962 0.810913324 0.467964411 -0.528090596
    -0.246896565 1.24043119 -0.513495922 1.63246202 -0.61062181
    1.22866464 0.700570047 1.13298774 0.370708048 0.574055016
    -0.714197993 0.140206873 1.41360462 1.29170775 1.53215003
    0.943524361 -0.199868202 1.73756289 -0.336138248 1.81657267
    -0.449501455 -0.143651605 -0.189639688 -0.645935595 -0.802410126
    0.98161149 1.55167603 1.09128594 -0.264899731 0.712006867 2.09866619
    1.06812072 1.8863343 0.105301082 0.149023414 -0.358333647
    -0.55568552 1.67553282 1.4373728 1.21373999 -0.705651283 1.05012941
    1.44400549 0.86484772 -0.433094859 0.506168902 0.0297930241
    -0.457083106 1.8502785 -0.655147195 0.870943606 -0.234153926
    0.0635239482 1.77143407 -0.649145007 0.888436019 -0.413822472
    -0.294645369 -0.646498561 1.04824042 -0.201409936 -0.0174703598
    -0.476608396 1.42779255 0.433513999 0.42263335 0.467917919
    0.435046613 1.50885296 0.154759943 0.918134034 0.827455878
    -0.0915188193 -0.0678988695 1.10175693 1.12326455 0.821201324
    0.105174839 1.78998029 1.03513551 -0.0783171058 -0.393144011
    1.52133799 -0.342953265 0.602622628 0.948825955 0.709504247
    -0.233287334 2.05657411 -0.439571232 0.390122533 1.50130284
    1.26888609 0.24902451 -0.451692164 1.58629107 -0.793611526
    0.200318813 0.452546954 1.20559454 0.649022877 1.72233534
    -0.716342926 0.173548877 0.805451214 1.1902082 1.69197249 1.39909852
    -0.47456941 0.20707649 0.368277252 0.0821868777 -0.102143884
    -0.228487492 0.636754811 0.261296988 0.44699192 -0.832852602
    0.439618707 0.230020642 1.71470535 1.57902586 -0.0299583077
    0.45227319 1.73656833 1.14237785 1.00702333 1.32851696 -0.793298364
    1.36751509 0.822007775 0.931951761 0.0715146065 0.593431413
    0.422217846 -0.512509406 1.0553875 1.203596 -0.0414025187
    -0.053008616 -0.233462512 0.188459992 0.0962426066 -0.325623393
    1.34161735 1.06268799 1.77730703 -0.734150887 -0.684857309
    0.586702168 1.02649403 1.78509378 -0.707529902 -0.426263899
    0.637625754 0.94528389 -0.702569425 0.132679224 1.2307061 1.6372937
    0.569335222 0.937678933 1.25863433 -0.108332872 0.00711834431
    1.01844454 -0.0613404512 1.23087502 0.71946156 1.65511549
    0.246702373 -0.167391479 -0.368353158 1.66588449 -0.473843694
    0.050950408 0.212857187 1.58441246 -0.398266613 1.49645495
    0.666795194 0.0756507516 0.871882617 0.608807206 -0.403984606
    -0.46168673 1.52645171 0.240737379 1.39435744 1.42871284
    -0.684293568 -0.222450376 0.840683818 0.878459573 1.67486882
    -0.670218349 1.15403998 1.57674658 1.63449264 0.306295931
    -0.699146986 -0.352636933 1.19157016 -0.0152106285 1.52440023
    0.891776323 -0.34466815 1.62977672 1.71541107 1.39093983
    -0.0757140517 1.32551265 0.867418051 1.06661594 -0.0579138994
    -0.247654915 0.613175869 -0.51867938 -0.506042123 0.0270674229
    1.2535609 0.751759589 0.755383968 -0.607613564 0.328914583
    -0.600637555 0.232084274 0.421858072 1.83536518 0.00014102459
    -0.125039577 0.0848475099 0.273402631 1.53983295 0.629300654
    -0.0548812747 0.37317282 -0.29555434 1.82923388 0.00315487385
    -0.417659938 0.82899636 0.839887559 -0.282640606 1.17437088
    1.00343919 1.16001546 -0.272649705 1.27261305 0.868131697
    0.135064006 1.17944312 -0.375097781 1.26773787 -0.161246836
    0.490153909 -0.341397107 0.559607923 -0.111112118 -0.0461958647
    1.97512794 0.405729294 -0.840320349 1.0854125 0.398424625
    -0.332269311 0.285602927 0.408401668 0.698711395 0.384300113
    -0.0670730472 0.69297415 0.60681349 -0.665490508 -0.128064334
    -0.72293967 0.428798258 -0.528976321 0.0822992921 -0.236484766
    1.36591494 1.53446412 -0.549817801 1.50811124 1.23745298 0.259384394
    1.51710486 -0.204992384 1.95041537 -0.171721399 -0.415773004
    1.89031267 -0.648290038 0.0982455015 0.987179518 0.580036759
    1.49641609 1.31155145 1.5160048 1.60137367 -0.44759509 0.98352927
    0.21514833 0.804591238 -0.152455211 1.53600931 0.0606017709
    1.00550437 -0.657785237 0.199854553 1.81692147 0.193815768 1.0943625
    0.259827852 0.459070325 1.68392062 -0.639013827 1.10510731
    0.776291013 0.641801655 0.852701068 1.18986988 -0.730725884
    1.09726167 -0.740056038 -0.0571683645 1.30813825 -0.807566464
    1.43910193 1.22085917 -0.0881294608 0.996925592 -0.609745562
    -0.235182762 1.36923671 -0.284629077 -0.0666200519 -0.321078479
    0.193892121 0.0269253254 1.51729238 0.818625748 0.269761026
    -0.0758323669 -0.0747446418 -0.535645366 0.926228046 0.184364438
    1.27334774 1.10374713 1.19768 -0.312902331 1.8149637 1.09114516
    -0.831837595 -0.0619279742 -0.0192732811 -0.092218101 -0.171900153
    0.200797439 -0.107457638 0.689258277 0.228685915 0.998604178
    -0.560879529 1.09235215 0.214269757 1.64643288 1.82754469
    -0.696584582 0.133862793 1.40552032 1.55028522 1.51313376
    0.681209564 1.14803135 -0.153814137 1.27806711 0.959685802
    -0.289340675 1.74333143 1.79272032 -0.111870944 -0.0105619431
    -0.135679245 1.30173779 0.234675169 -0.190304518 1.86435747
    -0.6732862 1.39586377 -0.394280791 1.40604997 -0.618364215 0.2489838
    1.84756112 0.138422728 -0.324711323 1.48179471 -0.211349964
    -0.0266836286 0.0448790193 -0.674719453 -0.356722802 0.385836363
    -0.175381005 1.29263091 0.345638633 0.263143539 0.0202822089
    1.30310619 -0.280504972 -0.13481313 1.45044911 0.148266375
    0.0667132139 -0.472053349 1.17922831 1.39357758 1.29387891
    0.161495209 0.526869833 -0.0351446867 -0.755995154 0.776939988
    1.48809433 1.32552719 1.14092684 -0.0901002884 1.7965579
    0.00435131788 0.0800678134 0.000810146332 1.49141359 1.45655012
    0.353294849 -0.570299149 0.478009582 1.27449894 1.25325871
    -0.135803133 -0.271031737 0.113704443 0.472618461 0.691947579
    1.53730619 -0.480803609 1.38939381 0.394294679 -0.260257661
    0.433642745 1.13751936 1.616925 -0.310498297 -0.0601081848
    1.40949249 0.768231869 -0.337367833 1.67565036 0.852425933
    0.559825897 -0.577598333 0.669775605 1.49077225 -0.344168067
    1.21304202 1.15657949 0.0199552178 -0.337878168 -0.693211675
    -0.243398547 1.04433417 1.61114287 0.568273842 1.6676774 1.11527324
    -0.593656182 -0.438541263 1.80272126 1.39141035 -0.0963775516
    0.646714807 -0.483201116 -0.203490496 0.21111393 -0.150300741
    1.7663492 -0.337846547 -0.592626452 1.02734447 0.571706712
    1.10874784 -0.440304041 0.381513238 0.22431761 0.048301518
    1.61454237 1.09689689 -0.743951559 0.362484038 1.64578044 1.63046134
    1.40840757 0.281648755 -0.730265498 1.22488904 0.720477402
    0.15524745 1.42365646 1.24981582 -0.77196902 1.15257037 0.0686357617
    1.84745491 0.108369052 -0.612799227 -0.0915052891 -0.0901257992
    1.5374794 1.1802249 0.151037872 -0.15397805 0.835370004 1.31467462
    0.0976816416 1.16297591 -0.852388442 0.258865774 1.43339503
    1.59769273 1.72330594 -0.797186255 1.42826605 1.53742313 1.66827941
    1.55555034 1.16030192 -0.942771673 0.537941933 1.48544824
    -0.506832898 1.28957784 0.0931944251 0.350108087 -0.294877738
    1.02858496 0.894288838 -0.482950449 1.80439329 -0.418604553
    -0.0315200686 0.264628768 1.1319201 -0.510267496 -0.412106514
    1.42161608 -0.572758079 0.0473995805 1.31959939 -0.512473404
    1.39569569 0.986334741 -0.574239373 0.460516393 0.431970179
    -0.742980957 -0.170018137 0.426855147 0.282219887 1.21603799
    -0.548167706 0.239732325 1.53480744 0.229731262 0.376596451
    0.929177999 -0.570930243 0.813520551 -0.0879701972 -0.658548832
    0.181521297 0.177366257 1.51464176 0.929064691 -0.22937566
    1.54889154 0.746857584 1.54839873 -0.832324803 -0.295989573
    1.64244914 0.307865381 -0.474571139 0.656433582 1.26198554
    1.43670154 0.868696809 1.19399858 -0.0346496105 -0.146469474
    0.405264616 -0.331183046 0.676797748 -0.654233873 1.21453762
    1.00970137 0.711309552 -0.43274051 1.40627003 -0.358505905
    -0.46804893 1.55103421 1.17237651 0.450873554 1.06994188 1.59530926
    0.306566596 -0.0325853825 -0.789927542 0.304468811 -0.689074159
    -0.127699733 0.53178823 0.41507107 -0.432390094 0.880693376
    0.292464793 1.54822505 1.03600061 1.50576186 -0.148050785 1.62509263
    -0.581620097 -0.664751887 0.903787732 1.72420216 1.73447919
    -0.649482131 0.109104872 0.952698469 0.254589677 0.0452158451
    -0.172351539 0.822900236 0.80746448 0.593701124 0.104755819
    1.78455937 1.39511633 0.310595572 0.570050716 0.281681478
    -0.340389252 -0.354731858 -0.239999473 2.07374239 -0.435669482
    -0.30912444 0.812342167 0.215031266 0.000565111637 1.60723829
    1.05202413 0.0810180902 0.199671865 1.43655896 0.213661075
    -0.623675048 1.42030752 -0.166654348 0.128370106 0.0859352946
    0.546217561 1.76198912 0.147350609 0.590503573 1.4524976 0.658633113
    1.01403034 1.68510568 0.986070156 1.1117177 0.864907026 1.17640686
    -0.931146681 1.44419241 -0.275584042 0.454301059 -0.218694925
    1.64737177 0.925176859 1.51038742 0.398285806 1.68669248
    -0.626019478 -0.245082676 -0.235765487 -0.406408459 0.157118559
    1.52414739 -0.589694858 -0.0711039305 1.25084865 1.44801044
    0.901057243 -0.699373424 0.172529817 -0.79441309 0.252655506
    1.41819263 -0.915135622 1.13899732 0.290552437 -0.348985314
    0.333807111 -0.054700911 1.01552892 1.59723032 0.93138659 1.39140296
    1.18950486 -0.551073313 -0.00144910812 -0.669587553 -0.388066322
    1.11386752 0.0270114541 1.0935111 -0.394501448 1.40423954
    -0.357803106 -0.250841081 -0.331688076 -0.613925219 0.357713223
    0.80016619 0.0821692348 0.533373952 1.74467397 1.3484354
    -0.118986785 1.84266865 0.832985044 -0.618842959 0.594356775
    0.545882106 0.676778257 -0.164182484 1.21244061 0.523612618
    1.35292172 -0.32826823 -0.527346909 -0.701880455 1.84396505
    1.00773239 -0.174215615 -0.455074251 0.771811962 -0.645894408
    1.39325309 0.111200154 -0.0417888165 -0.786259532 1.43438363
    -0.20321542 1.26372266 -0.557202935 1.60338283 1.67061067 1.09989023
    -0.0685021877 -0.744350672 1.16762757 1.2017777 -0.432186902
    1.02067697 0.0472327471 0.949631691 1.37636542 -0.595845461
    -0.0124474168 1.50510395 1.18462944 0.83643645 0.527029216
    0.68107897 0.908251524 1.11279941 -0.58881098 0.990742564
    0.243632555 1.51650429 1.21883237 -0.724923372 -0.240537703
    1.3316344 -0.104138553 1.82653022 2.2183156 -0.117310345
    -0.145168424 -0.244436264 1.62643337 1.19336569 0.708551645
    0.603765368 -0.711891174 1.75198483 1.5459249 0.834544063
    -0.51731205 0.565945387 -0.641949654 0.434283912 0.642409563
    -0.65549016 1.32846391 0.690949738 -0.0627074242 0.184440315
    0.884716809 1.6669389 1.59448314 -0.136552095 0.135474443
    -0.499168307 0.22169733 0.900183439 1.06618357 0.552309334
    -0.396982014 -0.304232657 1.18318915 1.36395717 1.8739692
    0.208861947 -0.618915141 -0.121459365 0.495548904 1.71068859
    -0.474615067 0.236299455 -0.0123890638 1.29551601 1.38265216
    1.44204283 -0.293579876 -0.376622438 0.837510347 1.22143519
    -0.366617382 0.772901416 0.538350224 1.30364561 1.87639856
    1.10186529 -0.513714135 -0.0660105944 -0.501755476 0.117400706
    1.36295784 1.45222688 0.0629367828 -0.0645992756 0.356072605
    1.07945776 0.264054298 0.675055444 1.72686505 -0.58545202 1.19844675
    -0.00728619099 1.93369031 0.715136707 0.336139917 -0.107624888
    0.677456021 1.14317608 1.68289042 -0.219393551 -0.394636691
    0.649265409 0.236554563 0.985974252 -0.80457896 -0.112565458
    0.42842114 1.26250815 1.61108458 -0.399772823 -0.415104657
    -0.721294641 0.00226920843 1.57892692 0.539277196 -0.790040374
    1.16694903 1.59142375 1.44937348 0.343240261 0.284777045
    -0.381163776 0.299880981 1.02588296 0.942512393 0.746035039
    1.39726126 1.77428901 0.418553889 -0.378710121 -0.27813831
    0.0636422038 0.561451256 1.0773474 0.565548658 1.4275372 0.202145278
    0.828348041 0.633476973 1.63963091 -0.490400314 1.13412535
    0.974447846 0.547504008 -0.171141028 0.394466162 0.166898429
    -0.597327173 -0.294265002 -0.685984135 0.59980768 -0.697493374
    1.65509462 1.30366194 -0.349966228 0.640763998 -0.674962163
    -0.150918126 1.52350485 1.0279448 -0.87484175 1.47660089 0.671260118
    -0.0183496475 1.07587218 1.38505602 -0.427797884 -0.545855165
    -0.00359541178 -0.0589455962 0.235005677 0.894432068 1.0548892
    0.12236613 0.680232584 1.7273531 1.53369737 1.53958559 0.264501214
    0.283392787 1.89488637 -0.598495662 1.83338046 1.00168359
    -0.662110865 0.472032309 1.66757977 0.574960351 1.23757803
    1.32075906 0.388421834 1.53364456 -0.612169862 0.638845563
    0.372283161 0.246090531 0.160749674 0.368472278 1.53625488
    -0.0450348258 0.739912927 1.16669679 1.5256958 0.267368674
    0.776369691 -0.765529871 0.093267858 0.900451303 1.76376653
    0.377463162 -0.664464831 0.253398299 -0.311605692 1.5468986
    -0.191654205 0.0696684122 1.92020822 -0.545674264 0.489784479
    -0.55211103 0.572305918 0.0910391212 -0.491899461 1.62709284
    0.32203126 0.997971535 0.87353766 0.802232444 0.861450434 1.37299383
    -0.726516485 0.617372096 -0.635577142 0.906945348 -0.777448237
    1.38929749 0.646849573 -0.702107251 0.890792072 0.563822389
    1.59203088 0.552384913 0.242617011 0.315368116 -0.0581387281
    1.79746413 -0.120424092 -0.00222796202 0.644286096 1.75671244
    1.01791441 0.734783649 -0.369747341 1.37703979 0.865847468
    -0.227753043 0.780298114 0.256584287 1.35084462 -0.605639398
    0.139723241 -0.105401039 0.599463761 0.263655841 0.681353807
    0.892807961 1.04727387 0.718499184 0.95813036 0.982586622
    0.913079381 -0.205555797 0.680284858 1.85975528 0.943409979
    0.425365627 1.77124667 -0.172187388 0.660106957 0.749771953
    1.60735226 -0.333933175 -0.730470359 0.142733872 0.284198105
    0.0839558244 0.539471924 -0.257079005 1.70622087 -0.375704467
    -0.199023783 1.38327336 1.20570195 1.48450172 0.856730282
    -0.16024375 1.59120142 1.458323 -0.965843916 1.13464832 0.435463548
    0.724908173 -0.52318579 0.414421737 -0.649802208 0.119103611
    1.77943683 0.902511656 1.44619942 1.14739311 -0.738419712
    0.650340796 0.0676491857 0.944353759 0.144897997 0.200617671
    -0.137922108 0.426166832 1.1020236 0.362019181 1.30192828 1.21809995
    0.325393498 0.449639976 -0.674422681 1.40720344 1.73569727
    -0.131402016 -0.75739491 -0.807290316 0.484025121 0.557475507
    -0.1261608 0.644916177 0.0131089687 0.519816637 0.165486932
    1.66440701 1.00504172 1.36712384 1.58056653 0.757435083 -0.840511382
    0.9180848 -0.485152751 0.266975701 0.134945273 -0.0873025656
    0.61920166 1.58245444 1.38172221 0.944096744 0.962347984 1.26308107
    0.573990107 0.714959621 0.234149337 0.919832349 -0.762435079
    -0.599411607 1.59309506 0.52525574 0.0419027209 0.587754726
    1.26570868 0.0591439009 -0.248846918 0.950274885 -0.680944026
    1.50313044 1.44272494 1.44695425 0.920332551 -0.474166781
    -0.731559277 -0.435600966 0.505517781 -0.154503047 0.385083079
    1.25379324 -0.236467123 -0.708751678 0.0549946427 0.673866451
    -0.133572698 -0.702662051 -0.471404701 1.50800836 1.4909389
    0.221547604 1.31596494 0.64110589 1.41690993 -0.832617223
    0.314712942 -0.716926634 -0.656142473 -0.316054344 -0.21560508
    0.694978178 -0.293459535 -0.256625205 0.729472578 1.69707775
    1.0366931 -0.242705196 0.493233323 0.601121008 1.75023758
    -0.873269558 0.451019585 -0.0642834306 1.15707338 -0.340577841
    1.72211981 0.84756428 0.470618546 1.19582367 1.27738488 0.939066529
    1.54652393 0.241975963 -0.0480003357 0.26690501 0.807805717
    0.202444196 0.498147309 0.950776994 -0.190579951 -0.311978549
    1.08845687 0.732555211 0.399807215 0.714619398 0.149051249
    -0.826849282 -0.282916009 1.46725559 0.353929877 -0.222336352
    0.298832536 1.07455134 0.328907728 0.570665121 0.205598116
    -0.159473002 0.88165766 -0.548606038 0.769389868 -0.286785126
    0.0674053431 0.419629931 0.734531641 -0.302668571 -0.109982371
    0.259459436 1.43317866 -0.871272624 -0.31019789 -0.427648634
    1.5253104 0.624534547 0.660448372 1.16132951 1.7599436 0.990560412
    0.35549283 0.189666569 0.563102603 -0.0226881504 0.217543185
    -0.456958115 0.796311498 -0.597440064 -0.693770885 1.21527028
    0.0413332582 0.87937808 -0.279487729 -0.297258973 0.932787418
    1.34107828 -0.15479207 0.128088117 0.730428994 0.275845528
    1.84865785 -0.0827400088 1.45408225 -0.0124689937 -0.0410984159
    0.755196393 -0.543510556 1.62050438 -0.0964256525 0.739488602
    1.35291147 1.63121808 -0.302624345 -0.180057228 0.061940968
    0.48652178 1.22354913 0.118026018 0.326557338 0.365469575 1.07149661
    1.36947358 1.1551019 -0.448288202 1.5526644 1.65022504 1.14685738
    1.09098232 0.352843344 1.27982283 -0.6678707 -0.486837626
    0.0754730701 1.68815541 0.0566948652 0.422446728 0.749598145
    -0.0326072574 -0.224942029 1.33041406 -0.098338902 -0.368326753
    0.601660013 0.43911767 1.02885365 -0.12833792 0.170261681 1.55685639
    -0.121708035 0.468485773 0.221962273 -0.414377064 1.52331555
    0.682606578 0.196592271 0.789259434 0.458240569 1.20053649
    0.868305326 -0.220063925 1.7308805 1.03017712 0.990380406 1.40564501
    -0.389837265 -0.443035275 0.869313717 0.129229307 1.06368959
    1.5249784 1.71103251 1.4753406 0.542032182 0.825087011 -0.192521334
    1.17421556 0.666696727 0.00239592791 0.513822019 0.865016162
    -0.283131063 1.49680185 1.32347465 -0.163510382 0.163631856
    -0.49842453 -0.280483633 1.06011689 0.686990798 0.160369635
    1.21895254 -0.346580327 -0.255010664 -0.0330145955 1.38059092
    1.04043663 -0.364172578 1.107301 1.21266067 0.94667387 0.638688385
    1.02518964 1.85064769 -0.241821826 -0.162678897 0.659271479
    -0.689085841 0.295924544 -0.863907933 -0.132499516 1.56945229
    1.46935499 1.159603 -0.725896657 -0.710903227 0.886453927
    0.497621119 -0.575633287 -0.256717861 -0.456950724 -0.209440827
    -0.486504287 1.34738803 1.51348555 -0.772537887 0.214246452
    1.65224886 -0.66278404 0.216292083 1.5665071 1.7345556 0.597293139
    0.773459017 1.64150286 0.316216171 0.177375615 -0.711761415
    0.146461189 1.35711074 0.35038501 -0.581887007 -0.028200388
    -0.2063784 0.865795076 -0.302544177 0.968789518 0.710906923
    1.48034406 0.68922019 0.54705894 0.674538732 -0.504279554
    0.133980632 0.576764941 1.76343822 1.37035966 0.437426448 1.20476234
    1.46204913 -0.0253593922 0.492697239 -0.0926482677 -0.643684864
    1.63276196 0.327060461 1.36873746 1.72017813 1.73345518 1.67666972
    1.39056194 0.3113994 0.763938427 1.6204145 -0.0835443735
    -0.422653377 1.50406301 0.185129702 -0.577496171 0.371336043
    1.01996326 0.505248308 0.803281069 1.0597806 1.08714831 0.192331314
    1.22165251 -0.750657439 0.333757997 -0.591582656 1.01488578
    -0.107079148 -0.727517843 1.08846378 -0.525425315 0.958311021
    1.76589215 1.28166234 0.44171226 -0.403833926 0.052290976
    0.451970458 -0.294520915 -0.358887076 -0.718949199 0.75017935
    0.798092663 0.1073879 0.664499164 0.591876268 1.53309071
    -0.447433472 1.49752688 -0.78153193 1.7018888 1.26982212 1.35150683
    1.25334072 -0.611791253 -0.449871331 1.06184936 0.970866382
    1.23039222 0.615981281 1.37249017 -0.407862306 1.05367374 1.44654691
    1.50162792 -0.451733083 -0.716148555 1.65228581 -0.0748941898
    0.725084841 -0.056622386 1.35675287 0.239573419 -0.686111808
    1.03269958 1.74130988 0.212440312 0.498271942 1.23948073 1.61333752
    -0.383175552 0.57351917 -0.627099276 1.21578836 1.53828406
    0.246974826 0.76250726 0.696858466 1.39210427 -0.295037985
    0.133015811 1.62156391 0.798534214 0.894116461 -0.796744704
    0.808120489 -0.691455781 1.39494669 0.757790089 1.75746143
    1.79533577 0.630350947 1.13015497 1.67704976 -0.966605961
    -0.852006018 1.85777569 1.65693069 -0.579303741 1.51846218
    -0.233216941 -0.417375773 1.58976007 -0.810843825 0.379546165
    -0.850061655 -0.517688036 0.980691075 0.184512734 -0.380429149
    1.35309732 -0.634427071 0.758175313 -0.546354771 1.21533751
    0.806991458 1.56253874 0.183507383 1.08608675 -0.761559665
    1.50711942 0.826377273 0.179554224 1.26893187 0.862554073
    -0.143373102 -0.389593035 1.98841548 -0.736934125 0.568575263
    -0.735948503 0.526751697 0.386699557 -0.402786583 0.223072588
    0.359011531 0.378880084 0.00574618578 0.50589782 -0.542266011
    1.14834058 -0.236225843 -0.143400848 1.19954205 -0.674651206
    -0.767575324 0.790449023 0.194814742 0.180963099 1.74406338
    0.454674959 1.52777433 -0.4334566 0.723034322 -0.245816588
    0.104974031 0.347039044 0.102185667 -0.637979507 -0.0930230618
    0.296789765 -0.891055465 1.31209874 0.807113707 1.30726635
    1.58268929 0.0581431389 -0.0975783467 0.775306463 -0.14047879
    0.760268033 -0.488497257 1.80096555 1.79979312 0.482733428
    0.181348562 0.0295061469 0.572546244 0.764848411 -0.866038263
    1.05717814 1.4592309 -0.534379363 0.380037546 0.0765229464
    -0.561713815 0.484928012 -0.0492629111 1.94486237 0.54027909
    -0.5053339 0.982574224 1.44187701 -0.759404957 0.506357193
    0.825246274 0.826512933 0.184587359 0.907075107 0.103200138
    0.243486941 0.220830679 1.65120053 1.06262326 -0.729200244
    1.61900115 0.896102786 -0.63267374 0.776403189 0.0688638687
    0.410695136 -0.640333951 -0.229456186 1.2460084 1.06251311
    0.0426857471 0.164920092 -0.00684189796 0.968548059 0.991775453
    0.827500224 -0.572817326 0.330018044 0.61272943 -0.539704621
    1.80967844 1.16465306 -0.746134818 1.64259112 1.52478158 0.800268412
    0.454738438 0.447126627 0.133470595 1.12280095 0.102593601
    1.54077244 -0.387707651 0.259927511 -0.541509092 1.60637343
    0.872795224 1.12691975 0.921325803 0.765250683 0.860025525
    -0.322022736 -0.620761275 -0.269868195 -0.439886093 0.305350363
    0.71763128 1.77621913 0.731613696 1.1393888 -0.557261944
    -0.191294312 0.192557156 -0.593315721 1.43711185 -0.742633224
    1.55841708 0.337561309 0.487788796 1.46423006 -0.132331192
    -0.629230261 -0.433366686 0.596743107 0.148698449 1.20785356
    0.844817817 1.22850204 -0.175002456 1.12737751 1.12730026
    0.845183074 0.775087476 -0.720006287 1.48930013 0.706507564
    0.36236608 1.02040505 0.509843826 -0.820459664 1.32866073
    0.994009256 1.04436743 0.884249389 1.03520918 0.180246949
    -0.100695491 -0.239674449 0.782396972 -0.566724777 -0.726218283
    0.521989763 -0.602265477 0.980718672 0.679300308 0.908047855
    -0.248043805 0.939151883 -0.51869297 -0.282911003 -0.219649255
    0.261645555 0.844866395 1.25505328 -0.195857882 1.69576037
    0.720161915 0.485301316 -0.648585081 0.80101198 1.08274746
    1.07553709 0.646906257 1.03640771 1.79700792 0.123667657 1.24903202
    0.900793552 0.695797682 0.0207328796 1.1781559 1.50198388 1.48246014
    1.36303139 -0.0120537877 1.61477804 0.0730862021 0.431397855
    -0.157612205 -0.092872262 1.03643119 -0.529469252 -0.495960176
    -0.688406229 -0.471095532 1.13691425 1.42848551 0.900296688
    0.681258142 -0.560730755 1.14782786 -0.73576498 0.659127176
    -0.682880044 1.18437612 1.57372475 0.545452654 0.617940307
    -0.670877635 0.408955753 0.283330679 -0.783239663 1.37165356
    -0.0545607805 0.960083723 1.11059391 1.8042227 -0.814662457
    1.18590653 1.28248286 0.516419172 1.15377259 0.0018658042
    -0.375399292 0.76519233 -0.683077335 -0.196775496 0.570240974
    0.0169768929 0.469557703 1.5533371 -0.138812542 -0.373624533
    1.29605007 1.52968025 -0.214051366 -0.179072618 0.651540756
    1.72900426 0.866158068 0.94269532 0.122492194 -0.472562551
    -0.534840882 -0.348899871 -0.415185183 1.57446289 1.04823208
    0.156548798 1.34725046 -0.0430388451 0.568092704 1.62285399
    1.45379269 -0.0882637501 0.700256288 1.81820834 1.18754339
    0.811927855 0.157224774 -0.181142092 0.0468564034 -0.422896802
    1.68486953 1.42874098 0.400913715 -0.640730619 0.145022333
    0.478368342 1.6158123 1.67045796 1.46515083 0.348351896 1.10169017
    -0.326698303 -0.503231049 0.991097331 1.28370023 -0.386640787
    1.28421831 -0.0881667137 -0.182619154 -0.269504666 -0.405276418
    0.748376012 0.682544529 0.421281695 -0.672485352 1.95472145
    -0.289541543 -0.849327087 1.4824698 1.65784848 1.24543405 1.10336769
    -0.703382194 -0.293758184 -0.210067183 -0.146153301 -0.0577346087
    -0.508685112 1.34619737 0.330623925 0.69666028 -0.0364977717
    0.499652982 0.17735976 1.42855179 -0.469690323 1.70336795
    0.481486261 -0.107218206 0.343551457 0.534803689 -0.251530528
    0.909459233 1.08807993 1.43806744 0.517458797 -0.419930279
    -0.54949224 -0.055737257 1.04922855 -0.347356081 0.513419509
    0.117560565 -0.496404201 0.957328975 -0.705628514 1.65407395
    1.25978446 1.41351092 0.636878669 1.00167298 0.0444131494
    -0.353693008 1.64921784 1.15762138 0.168054163 -0.731957316
    1.10496616 1.35219169 0.465945184 1.11453366 -0.645047307
    -0.700508535 -0.643046856 0.185497105 -0.0145744085 0.731781721
    1.2018373 1.37822366 1.60645509 -0.479207575 0.989567399 0.155742764
    1.46859717 1.48289943 0.367747664 1.26965714 0.868871629
    -0.472127706 -0.768555224 -0.832159221 0.0185140967 1.04917955
    -0.401898593 -0.387305498 0.0481948256 -0.317893147 1.34599686
    1.55796421 0.373702526 0.810992718 1.53736091 -0.138059855
    0.936361134 1.27384686 0.380583942 1.44463539 0.889812291
    0.435052216 0.402276278 -0.598153293 -0.288042665 0.691577852
    0.108532965 0.184885085 1.47830796 -0.716980219 1.60738468
    0.939185917 1.48699069 -0.360442162 0.282791555 0.332906723
    1.72367311 1.49310446 -0.307889044 -0.785760999 0.547797859 1.3427
    0.624534845 1.56425953 -0.287053347 0.773297727 1.23647666
    1.48769951 -0.0933496356 -0.751163602 1.05143034 -0.0574198365
    0.133868575 -0.169960141 0.508763075 1.50459814 1.71125579 1.190696
    1.31056798 0.0717405081 0.326241851 -0.131933749 1.35786223
    1.53625715 1.31207359 -0.25666374 -0.48281011 -0.786738455
    0.119817793 0.417167962 -0.845748901 1.08135307 0.242190242
    0.461385012 0.130476952 0.375239849 0.736321568 1.20684707
    1.37368846 -0.400473297 0.256057858 1.67678177 -0.630922437
    0.186876416 0.676332712 1.2893132 -0.0197926164 0.247894168
    0.13320595 -0.716397703 1.59711242 1.31039608 1.37501717 0.744195461
    0.539680243 1.75014782 -0.668857336 -0.0598182082 1.7428273
    -0.0452964902 -0.189185441 1.55816031 1.76552808 0.955428362
    -0.773724437 -0.477403075 1.58783841 1.16543198 1.32295656
    -0.0898351669 1.37257493 1.12143636 -0.744297564 0.137101531
    0.108532548 1.150877 1.12793827 0.507714987 1.72116256 -0.240045547
    1.28779316 1.2364893 1.39334965 -0.571479678 1.19659877 1.27426505
    -0.0758422017 0.932493091 -0.752487898 -0.082277894 -0.339102417
    1.05083871 1.65375495 1.98552489 2.06233549 0.791759551 0.317706764
    1.62824678 1.09886265 0.73709172 1.39813757 1.82791567 0.890241504
    1.35604262 -0.00720506907 0.927453756 -0.20688659 0.841005564
    0.24243474 1.19633579 -0.383027196 0.638048887 -0.744325101
    0.445785522 -0.138267756 0.0817649364 0.609494686 0.137983561
    1.63961434 -0.434427202 -0.602636456 -0.0646972656 1.40193462
    0.0677981377 0.707180202 0.123807907 -0.548493266 1.46001828
    -0.436296314 1.07926488 -0.408531547 1.0771364 1.20633996 1.74739647
    1.47368002 1.32680666 -0.529351532 0.279471159 1.79581261
    0.980955958 0.116914749 -0.731968403 -0.725115538 -0.248547018
    1.77116966 0.554434538 0.148340106 0.338837862 -0.177855372
    -0.472564995 0.0743445754 1.66907263 0.114060044 0.347421587
    0.0905395746 -0.360836089 0.465851545 0.977421284 -0.2653144
    -0.433561981 1.55777454 1.65291095 1.67893004 -0.850003242
    0.863459826 -0.435097724 1.32629824 1.55952454 0.43607682 1.39434803
    -0.335673034 1.02279401 1.29698157 -0.276425719 0.110074639
    1.71530557 0.903156996 1.49871898 0.963353276 1.52062726
    -0.659260094 -0.024405241 0.337706804 1.57904458 -0.0140644908
    -0.192542851 0.990267813 0.0395447016 1.55284882 0.992161214
    1.1365242 -0.786222816 -0.160093069 0.78014189 0.65785706 1.28831244
    0.497367084 -0.484856665 -0.672459841 0.115833282 1.04677522
    1.85183263 0.453107417 0.511468351 0.0809776187 -0.745244026
    0.394644499 -0.730430901 1.15951204 0.276821971 1.13213813
    -0.529938519 1.01775539 0.550653815 1.00726831 1.62389648 1.37155604
    0.129593134 -0.210937977 1.37530017 1.8280853 1.45244527 0.373869658
    0.459118068 1.93903577 -0.107633889 -0.290676892 -0.48923862
    -0.249502838 -0.759490192 0.560469091 0.771792054 0.551895142
    -0.478812695 0.117045999 0.382357478 -0.612918258 1.17596149
    1.7692349 0.628158092 1.39366317 0.271516502 -0.229673266
    0.286865234 0.592014432 1.55145168 -0.327616453 -0.710289776
    0.75552237 0.0257762671 1.44285011 0.12262094 0.60245049 0.404856205
    0.565271258 0.0506074429 1.61594307 -0.748759866 1.09319568
    -0.138973475 0.662735939 0.304911673 1.13731134 0.19401288
    0.951994121 0.952420413 1.4093554 0.624572456 0.400691271 1.88576007
    -0.442624748 1.86026132 -0.792110741 0.995278835 0.593013823
    1.43823838 -0.405237377 1.64161658 0.0724014044 1.40334809
    -0.243131876 0.943993926 -0.780928433 -0.0655692816 0.666909575
    -0.55215919 0.0730786324 0.990656555 1.59656549 0.760108173
    1.78075004 1.54948664 -0.38128525 0.407894313 1.16916883 0.18273598
    1.260782 -0.692911506 0.985408247 0.870812535 -0.262897253
    0.653144658 0.497729361 1.79766977 1.38216758 -0.146678746
    0.327849388 0.722611427 1.33741486 0.638555944 -0.563748837
    0.904266596 0.665087342 -0.669208586 -0.555664837 -0.256453693
    0.635516882 0.443009853 0.62823832 -0.326813102 -0.796288371
    1.56626356 0.592810214 0.723582923 0.819934726 1.3556565
    -0.109609425 0.920452595 1.7290467 -0.814182281 0.502847075
    0.524372578 1.46616912 1.28971493 0.676966667 -0.0329820514
    -0.45039016 1.1188978 1.67648697 0.846178293 1.56362605 0.111889184
    -0.00604110956 0.739265025 1.48845816 0.58908087 -0.248933315
    -0.276439607 1.08592534 1.7519865 -0.148546606 0.803719044
    0.882128417 -0.5798226 1.24655855 0.751746297 0.836770415
    -0.358305871 -0.81179738 1.29630065 -0.941965759 0.309640527
    1.58865416 1.60370791 0.366137981 0.537620187 0.697927117
    0.584808946 -0.490097582 0.585868478 0.138293803 1.36371708
    0.938571215 0.811321497 1.61265051 1.57932687 -0.748131633
    0.209156513 0.869129777 1.77660942 -0.654461741 1.56290722
    0.752747178 0.577333927 -0.226116419 -0.24117583 0.267846704
    0.21682018 0.319322705 -0.033123672 1.18325925 -0.375242859
    0.807294548 0.797080874 1.08432484 -0.418058902 1.48637104
    1.10698605 0.605202615 1.7080766 0.966718674 0.691095173 0.380604982
    0.796276391 1.53681207 1.02005219 1.41237783 0.960531116 1.031986
    -0.544805169 -0.220722675 1.85031462 0.227114141 -0.321062505
    1.72009313 0.521887183 1.74704206 -0.743008852 -0.271043539
    0.842644334 1.33712745 -0.0785046816 -0.274785817 0.914724767
    -0.0740453005 1.89623368 -0.710691214 0.224808097 -0.0789936185
    0.774995685 -0.111946642 -0.775454104 1.16565919 0.988935173
    -0.66117388 0.464212596 1.59364581 -0.0983998179 0.343893409
    0.214507222 0.808309376 0.218698859 -0.675048172 0.773858368
    -0.0297117233 0.704993188 0.222984374 0.187678456 1.90985131
    -0.0516429543 -0.103774369 1.65303731 -0.489440203 1.57941484
    1.29668522 0.895664334 0.912302613 0.553876758 0.401298225 1.0765636
    0.0452560782 0.975862384 0.251623452 0.67586875 0.337785006
    0.677107334 1.07292306 0.750498891 1.45822144 0.502503633
    -0.58605206 0.634499431 1.44834507 1.30336571 -0.548884153
    -0.243391514 -0.749553561 -0.317405879 0.482860446 0.905341566
    0.633329809 -0.336637765 0.0261144638 1.33521676 1.46245193
    1.42718112 0.456000924 0.58077848 0.904790938 -0.511662126
    1.48263884 0.534532726 0.489712656 -0.0785560608 0.0432840586
    1.09238696 1.40056765 0.101593375 1.05211949 1.19743431 0.0806310177
    0.891479254 0.471897483 1.27849281 0.504165411 1.4827894 0.463697076
    1.15078151 -0.448559582 1.58705068 0.425487876 1.16507602 0.70554471
    0.415831327 0.283534467 -0.836461008 1.31734335 0.0239181519
    1.53971481 -0.58044076 0.71855849 1.16586041 0.834370971
    -0.425325096 -0.0377008915 -0.635223985 1.59359169 -0.809782684
    0.434476078 -0.761370182 1.56579876 -0.873940945 -0.766428411
    0.591139555 1.3278954 1.6571424 1.57902503 0.998317719 1.31678391
    1.73212337 0.0300722718 1.49656367 -0.0787223577 0.726127923
    -0.672942579 0.88164562 -0.156437099 0.185441434 -0.396083713
    0.290706098 0.0539973378 0.841313839 -0.124705911 1.6988039
    1.56927562 -0.422778457 0.790564954 -0.403322399 0.553675532
    0.608610272 0.662967086 0.0179646611 0.921353757 1.0468514
    0.904126823 -0.489348769 -0.645831525 1.16930485 0.0848011374
    2.02469516 -0.523597121 -0.397534549 1.62595618 0.415372252
    1.80676484 -0.648430407 0.596727252 1.43550658 0.699610591
    -0.46709758 1.21952677 0.038313508 0.280783713 -0.630740583
    0.674539447 1.37576115 1.36391973 1.09946597 -0.0625513792
    1.34900713 0.276821375 0.961596012 1.64155221 1.39615595 0.728575945
    -0.173492193 -0.0790573955 -0.760257661 0.201221764 0.169918716
    0.208040357 -0.277811706 -0.0326454639 -0.425616711 1.69186008
    0.8085078 0.451361716 1.69595647 0.998484492 -0.300351739
    -0.546482444 -0.309181988 -0.242162824 1.69086468 -0.798320591
    0.457149982 1.13098311 0.84965086 1.38158047 1.30045319 -0.511540532
    1.5156343 1.39330578 1.1044507 1.18561769 -0.559012532 1.39959812
    -0.256687999 1.81110489 -0.677115738 -0.904970944 1.69093132
    1.74873757 -0.435709476 0.106857181 -0.598119736 0.59277153
    0.0290921926 1.2819823 0.281591356 -0.697565675 0.222489655
    0.218390584 -0.622684121 -0.443695903 0.424914598 -0.383955151
    -0.1330024 0.113493204 1.75558424 -0.745351076 -0.124320388
    0.86898905 -0.010520637 0.621360183 -0.342842698 -0.650563419
    0.0584373474 0.399181545 -0.235875189 1.05886304 0.186578274
    1.24577212 -0.873578012 1.52077579 1.94230127 -0.305580556
    0.871987164 -0.137242258 0.503170907 0.858426988 1.00627065
    -0.198288202 1.05596244 0.776671171 0.495615959 1.51363504
    -0.800381839 -0.0846398473 0.746835351 -0.590794086 -0.327961683
    1.66246271 0.112840056 -0.626360238 1.01609898 -0.221958637
    0.199071646 1.81923819 0.19714582 0.397751153 -0.272282839 1.4138062
    -0.556971133 0.238849521 0.493844151 0.318708599 0.870650291
    -0.139956653 -0.0762878656 1.76285493 0.532147825 -0.429862469
    -0.456334293 1.02864957 -0.700998306 0.638523996 0.013186574
    -0.39978084 -0.494852573 0.869751632 1.59599876 -0.202837825
    0.227955282 0.667634606 1.44369376 1.09517229 0.972684503
    0.313404083 1.62083769 -0.272176802 -0.838704646 1.7847203
    1.73564053 -0.221636355 -0.568680346 0.711309195 1.70251584
    -0.615262926 1.32315326 -0.315444589 0.181180418 1.68383074
    -0.42926532 1.54542828 0.730050743 0.0550639033 0.32105571
    -0.25190571 1.1302774 -0.847893238 -0.303158402 1.01006103
    -0.148393631 -0.459577173 0.665017247 0.372991681 0.541780949
    1.37098408 -0.167082429 0.865538239 1.35973454 -1.00048387
    1.16913831 0.626519918 1.45813346 -0.363667488 -0.745577574
    -0.285264075 1.17498302 -0.010668993 1.50506628 0.945275426
    1.53214633 0.275771737 1.48627448 0.994069576 1.55210006
    -0.235670447 1.63730526 0.0154913664 1.03872907 1.66949642
    0.604506612 0.234238863 0.281533182 0.566490829 0.895596087
    0.316518605 1.35049701 0.718988955 0.363693237 0.364418864
    0.560398817 1.05315971 1.16692543 -0.262378037 0.506788254
    1.76860666 0.058363378 1.03890622 -0.340544343 -0.653251529
    1.19292426 1.31896806 1.61665738 0.0410357714 1.71108341 0.134060204
    -0.552526057 0.416976273 -0.280634224 -0.140934527 1.23837042
    -0.638364613 -0.797297955 1.65875053 0.749764502 0.83912158
    -0.534312844 -0.170763195 0.145736873 0.761707664 1.11894751
    -0.440176547 0.551686406 1.77303958 -0.0081333518 0.413784564
    0.218176365 0.348999143 -0.41096738 0.212598622 -0.00947964191
    0.0534367561 1.31004536 0.87175101 0.294341922 -0.577452958
    0.61694026 0.136697471 0.693399966 0.893667042 0.813520372
    1.52322459 -0.701426506 1.12743354 -0.724388599 1.52208555
    -0.037668705 1.40707195 1.05804956 0.158329487 0.350567579
    1.27142012 1.01084912 -0.512136042 0.685301304 -0.765088558
    0.738257587 0.827720225 -0.810233653 0.998584688 0.719931245
    1.29681361 0.681134343 0.78840965 0.590163231 0.551641166 1.24622321
    0.799146295 0.16591686 0.615967512 -0.391200483 0.356619895
    -0.0987356901 -0.348758101 1.4933579 1.29255545 1.7585361 1.69551957
    -0.55009377 1.45160425 0.317138195 0.46434015 0.532612979
    -0.354619384 1.25322437 1.34237731 1.06302667 0.304132104
    -0.559664488 1.66055393 -0.135878384 -0.564678371 1.38711679
    -0.719566703 0.996738493 0.450300097 0.714520454 1.13644803
    1.39695191 1.65955865 1.46987605 1.60824656 1.69992447 1.69209111
    0.291593075 -0.697097063 1.73292542 -0.6212309 -0.315514356
    0.276674867 1.62588263 -0.266398489 0.89050895 0.118248761
    -0.530338645 0.921995521 0.168506086 1.47598135 -0.443665862
    1.73697901 1.55042696 0.118892729 -0.120689809 -0.330424428
    0.280865312 1.49225593 1.34757054 -0.334003806 -0.752595365
    0.161539912 0.679310322 0.0697541237 1.79934502 -0.693834901
    -0.222533703 0.429745078 1.52711129 1.05215657 -0.241284847
    1.21162868 -0.464190185 1.48296547 0.862928629 -0.123932779
    -0.895163059 0.597006023 1.46599329 -0.300906718 1.12221897
    1.24034202 0.66068697 -0.437099665 -0.312267601 0.479853868
    0.547517538 1.5408299 0.524137259 -0.726829708 1.55001616 1.65236652
    1.38648081 -0.39411211 1.70405352 -0.349672914 0.680606127
    -0.894670725 1.5517199 1.53730369 -0.275630534 1.91097283 1.12853694
    -0.309507251 0.293169975 -0.241651952 0.614795148 -0.487652302
    0.400760353 -0.897227347 1.31764221 0.371234179 1.16545331
    0.903223038 0.852869034 1.78622317 0.092918396 -0.788470924
    -0.603464484 1.45388508 1.30119729 -0.15051198 0.806402862
    -0.198084176 0.430012703 0.0295059085 1.13380682 1.59177566
    1.41037345 1.55367017 -0.59722966 0.816371143 0.811247051
    -0.582633495 -0.829670906 1.15996766 1.75136232 0.784748256
    0.449137747 -0.49745357 0.665638387 -0.11310178 -0.532669902
    -0.0926249623 1.41334128 -0.634883523 0.92170465 1.28693533
    -0.0840343237 1.51553762 1.28430521 1.31896567 -0.35198164
    -0.133535445 1.30520558 0.404160142 0.330180764 -0.0983441472
    0.39447403 -0.429222107 0.691276073 0.0560262203 0.94986546
    0.461379766 1.53456795 0.880092144 -0.0190496445 1.03546727
    1.27360439 -0.132802904 0.858098865 -0.530788004 -0.21914649
    1.05048966 0.953481197 -0.613202214 -0.0548937917 0.231592119
    -0.259666324 0.684228957 0.903541207 -0.295778632 1.63106418
    -0.247025251 1.1781261 0.483415902 0.692415655 0.418551326
    -0.70525682 1.15845013 0.554158926 1.00867558 1.56127834 0.432199299
    0.607098162 0.18030113 -0.909330487 0.603637576 0.947450757
    0.670856774 1.02708387 0.521892369 -0.90195924 1.30854058
    0.199621797 -0.621585369 0.620454371 -0.0541828275 -0.203031719
    -0.374964714 1.02921522 1.18795288 1.7373271 0.797342479 0.220325649
    0.844769001 0.653215706 0.667692721 0.0640029311 0.804673314
    -0.718580484 0.0245078802 0.129352152 1.10339403 -0.238443375
    1.56041217 0.513985157 0.0271543264 1.32713664 -0.22316128
    0.600772381 -0.0936021209 -0.498586744 0.788193703 1.38241589
    1.29387236 0.86861217 -0.17332691 0.653740466 0.115090549
    -0.106274664 0.978323579 -0.141604125 -0.300078481 1.47891998
    -0.677560031 0.158358693 1.15146923 0.623649776 1.35311031
    -0.592990577 0.162952542 1.50371671 1.53935695 -0.227827728
    1.81103861 0.0522689819 1.39825046 0.846130788 1.52774405
    0.742152095 0.395618021 0.101441741 -0.257192224 -0.486758709
    -0.609858871 -0.0316681862 1.44770706 -0.312102437 -0.270896077
    1.23558927 -0.598531723 0.951438725 -0.23265177 1.13184142
    0.944845796 0.411257446 0.261311293 0.0100590587 -0.308941185
    -0.702846885 0.103670478 0.364602923 1.22434461 1.30105197
    0.912166476 1.35097826 0.138383389 0.266173422 -0.136979103
    0.170919359 1.48114645 1.113132 1.66874385 1.54407799 0.506983578
    0.0319817662 0.545182526 1.72859919 1.12588716 0.365799844
    0.53175962 1.76454115 -0.250841439 1.31434906 1.80030465
    -0.281930506 0.0729773641 -0.295629561 0.659586549 -0.0691879392
    0.500603557 -0.178914428 0.489235997 0.526577711 1.0939368
    -0.736195564 0.552061141 1.52931809 0.176891923 0.957745731
    0.20869565 0.0339750051 -0.735769272 0.948908567 1.1654489
    1.66805029 0.690320492 1.32643032 0.828922987 1.38528776 1.43522763
    0.0486731529 1.68281209 0.228482127 0.308250368 1.13375509
    0.753239632 1.05168355 0.0947787166 1.72728419 0.742084563
    0.0237702131 1.75359273 0.354949534 0.847043335 1.01628935
    -0.651773334 1.32660413 -0.332623601 0.356467247 1.70081604
    0.43976438 1.73514736 1.08067596 -0.000387728214 -0.89758426
    1.07346678 0.0143258572 0.0932047367 1.31140125 1.31220531 1.5762918
    0.0231130123 1.66222143 0.30439496 -0.306782067 0.923737764
    -0.532806396 -0.375854611 1.57975364 -0.513295472 0.0682252645
    -0.294878006 1.80737567 0.821630836 -0.389842391 1.51181209
    0.00185990334 -0.43643868 0.117751896 -0.413252145 1.70584536
    -0.319283307 0.964737594 0.219283283 -0.744723856 1.0149858
    0.681316674 1.36811519 1.50722075 1.60259271 0.196669698 0.949652433
    0.703333914 1.40424466 -0.041987896 1.19437766 0.200106382
    1.50828743 0.950768948 -0.854214191 1.54973054 -0.0448247194
    1.55589771 0.433457136 1.03635168 -0.600575686 1.06046081 1.45859718
    1.58958507 0.0630350709 0.927402258 0.743011475 0.458205879
    0.259002864 0.355974317 1.38536465 1.42567587 0.871994019
    0.846065044 0.220017076 0.28282553 1.53826988 1.15077031 0.569846749
    1.60356784 -0.332171023 1.46601915 -0.767252862 1.06423211
    1.22487211 0.396739244 0.49697423 0.242759049 0.41823554
    -0.287304699 1.06854594 -0.105683208 0.997318983 -0.288925976
    -0.242040992 0.59534198 -0.319189459 -0.483873844 1.50631511
    -0.730355501 -0.540956974 -0.497212976 -0.022106111 1.43210924
    0.561607361 1.58405805 1.58875918 1.0253855 1.38903761 1.66832173
    -0.788516879 0.78423804 1.03609633 1.71564317 0.905926526
    0.568572998 0.441910148 0.994173825 0.538538992 0.763854802
    -0.474900514 0.421556294 -0.757085562 -0.0515895486 -0.0218673348
    0.688138127 1.78630257 0.308148861 0.278615057 1.45971608
    -0.0568679571 -0.323125333 1.21112096 0.598951638 -0.291371882
    1.28492224 -0.692514122 0.660821497 -0.776597738 -0.367232025
    1.94956565 0.913038075 1.02283859 1.10883081 0.536596298
    -0.719604075 1.72092986 1.07915664 -0.542695165 -0.515926957
    -0.605457664 1.52361047 0.111910462 0.97758168 0.497347355
    -0.239425242 0.380652666 0.897480309 0.380756676 0.382558942
    0.77602917 0.77645427 0.0267369151 0.683751881 -0.754326522
    0.814414859 0.00889670849 1.76518846 0.301099598 0.69937706
    0.479684293 0.414056897 0.683612466 0.22702384 0.0265917182
    -0.281894445 0.0682782531 0.367133915 0.6454826 1.31519258
    0.318278134 -0.721042871 1.57242203 -0.791667461 1.81820393
    -0.094984591 1.70448828 1.35655999 0.547536254 0.976025105
    1.77521348 1.39038694 -0.540277243 0.771849275 0.352499962
    0.317705154 0.726874709 -0.71350944 -0.594976962 -0.471612155
    -0.775411963 1.5140332 1.00997245 0.386088431 0.582495868 0.52407825
    1.45738363 -0.369424522 -0.054361105 1.21109295 -0.61417228
    0.491537511 1.31495857 -0.367742598 -0.0099286437 1.03391623
    0.865092754 -0.697621405 1.07649851 1.05989361 -0.401863635
    -0.651054621 0.28180933 0.0271211863 1.8054322 0.858510852
    0.322826147 1.28191042 0.526592791 0.133729517 0.707365274
    -0.330992103 1.14898193 1.31680739 0.800009727 -0.568372369
    0.378596663 -0.220561802 1.18415153 1.5124836 0.906508088 1.0637958
    -0.370774627 1.16574955 -0.769860029 1.20527375 1.37029946
    0.861069322 1.36586308 -0.715850949 -0.573733866 1.45283818
    0.848187923 -0.11285007 1.73536921 1.58070254 -0.130140305
    1.57820916 0.571940541 0.287295043 -0.629086137 -0.675680995
    1.42674029 0.978594422 0.895340502 0.499676943 0.221096814
    0.949837029 -0.743991733 0.0329322815 -0.265612304 1.43836904
    0.860402346 0.316013396 0.719637573 1.12414253 1.0676167 0.401590705
    1.7339164 -0.992242515 1.44380879 1.43503308 -0.0876073241
    0.954527438 0.0154619813 1.56769061 1.41765237 1.39693165 1.81215954
    0.324316204 1.70119834 -0.355627656 0.469891489 -0.538251758
    -0.782093585 0.354086995 -0.117692947 0.948713064 1.57391536
    0.235920072 -0.320448875 0.856611669 1.73915505 0.244177103
    -0.0575445294 1.03056049 0.770305812 -0.218990982 0.375443995
    1.776981 -0.7886163 1.57490849 1.59523261 -0.700150132 -0.866274774
    0.68863076 -0.017051518 -0.314614177 1.88107026 -0.372870773
    0.370456576 -0.528781056 1.65417814 -0.202920854 1.84569871
    -0.301428735 0.822561741 -0.649291217 1.71384025 -0.566225886
    -0.210360289 0.0905212164 -0.892867744 1.4924016 -0.149295807
    0.63826257 0.625042379 1.11919117 0.0171654224 0.648562372
    0.558427274 0.731398702 1.34244859 0.358854532 -0.0714475513
    -0.0824019313 0.596781731 -0.010220468 -0.179285824 0.140285313
    -0.569837034 0.696963131 1.06474483 -0.0588319898 -0.516600251
    0.936456501 0.45648241 1.59549046 -0.0491908193 1.44327044
    1.60729933 0.920686126 1.47633064 -0.507408142 -0.27021271
    0.543124318 1.5414257 1.04162872 0.469116569 -0.56993407
    -0.111400008 1.25246274 0.900931001 -0.397816777 1.04873145
    -0.332924545 -0.361392915 0.879717648 1.52073526 -0.325493455
    0.720963597 -0.533802092 0.313657582 0.373134673 0.289802015
    0.967324734 1.83026433 0.194285452 -0.101083338 0.832905829
    1.32493579 1.00947952 0.491647243 1.04339814 1.86793005 0.0786263943
    -0.0700441599 0.748791754 -0.137788117 0.841646075 0.705735564
    0.0645586848 -0.13000071 0.567577958 0.856841624 0.794705033
    -0.243023038 -0.459064424 -0.180944026 -0.0132092237 -0.533354044
    0.459635675 1.78399003 0.194990635 -0.711061478 1.44210625
    1.76275849 0.624847949 -0.77367568 -0.369177431 1.76665318
    1.46059918 0.076541245 1.40930796 -0.826669812 1.75783348
    -0.0267769694 0.634177744 -0.614510059 0.457023561 0.865725815
    0.964376628 1.69453049 0.992984354 0.205088854 0.856616676
    -0.311497808 1.03043485 -0.358932614 -0.785617352 -0.16684562
    0.554419041 1.45275283 -0.644272387 1.51890075 1.25219285
    0.640735507 -0.41895467 0.88690567 1.60913527 0.579667687
    0.666712403 0.864162922 0.0262612104 0.197009325 -0.120225877
    0.79002887 0.976693153 -0.49083373 0.757375002 -0.457815409
    -0.0725543499 0.0572200418 0.847408414 0.657224715 0.471868932
    -0.683341384 1.17519474 0.224091053 1.46896219 -0.183079362
    1.18668163 -0.505201578 -0.620105147 1.26833892 -0.103626072
    1.02237034 1.82573462 -0.587812185 1.05569243 1.11760974 1.50504804
    0.779090643 1.45208359 0.0773074627 -0.600262642 0.511789083
    0.674968481 0.855516315 1.03751719 -0.829914749 -0.748392045
    0.733476043 -0.528078079 0.025758028 0.965645194 1.54396248
    0.376046181 1.50496709 0.959890008 -0.0764904618 -0.0544410348
    1.4105649 -0.371159613 1.29349804 0.151395082 0.150156438
    -0.166359693 -0.142509282 -0.64369297 -0.0616379976 -0.40596348
    0.860345364 0.966539681 1.33122396 0.41216892 -0.0425602794
    1.25552082 1.25654888 1.46972823 -0.203606009 0.648281693 1.22884119
    -0.123476863 1.77830267 1.71401489 0.684512675 -0.624034047
    -0.572791159 -0.300804824 0.429184318 1.43007529 1.12455964
    0.608682632 1.73829472 1.61692834 0.671165705 1.91139078
    -0.469668299 -0.15230751 -0.823061109 0.384524763 -0.128438592
    -0.00455927849 -0.613542497 -0.283869684 1.6605407 0.884016275
    0.559423447 1.35199094 0.289030254 0.71052736 0.46571523 0.648564935
    -0.54444319 1.33936214 0.551681936 -0.673249483 -0.416548997
    -0.579842567 0.585076094 0.374464273 0.554127157 1.36298656
    0.390966237 0.526627839 0.0709534287 1.50134468 1.38076937
    0.113689363 0.920409977 0.0072003603 1.04596972 0.841643453
    -0.570736766 0.0121061206 -0.722240388 -0.46022594 -0.645637155
    1.5646044 1.08091307 -0.38852331 1.03252769 0.156158864 0.58122623
    0.134356976 1.31940842 0.377310276 -0.62743032 0.632279217
    -0.0806733966 0.938989162 0.0256360173 -0.336062312 0.389353037
    1.39739633 0.932531476 -0.767671883 -0.634725094 1.65425634
    1.09113193 0.114449501 1.40097189 1.16480529 0.103009045 0.867989123
    1.28814745 1.76327729 0.960305929 -0.568950176 -0.164935231
    0.128648996 1.73257017 1.04196095 0.941954195 -0.142497182 1.5001235
    -0.712266088 1.10018802 1.6475507 -0.491640747 1.57457483
    0.673823655 0.35979265 -0.663941264 -0.0890727043 0.124888897
    1.37103987 -0.388596416 0.101517439 0.870321751 1.59647989
    -0.740035772 1.151299 1.6908313 1.21211755 1.56455398 0.271841347
    0.988207042 1.59079421 0.852559149 0.725420892 1.15335476 0.76620549
    -0.303638816 -0.444986612 1.82086706 -0.147869468 1.59028792
    0.152713418 0.123080194 -0.555184245 -0.696375966 0.48963064
    -0.468284786 1.53710377 0.469552755 -0.282668233 -0.0785693526
    1.1968174 0.997105598 1.24079931 0.332863688 0.66549021 1.74583507
    0.734319866 1.15661907 -0.379827023 -0.352557957 -0.193437576
    -0.661572754 1.59028113 -0.244879544 0.614428997 -0.633378983
    1.44240379 1.03804255 1.24737716 1.95800781 -0.599761367 0.816158831
    1.0211091 1.4937706 -0.0621740222 -0.124202073 1.09239793
    0.632828712 0.855904222 1.5828892 1.07534456 -0.577308238
    0.572699308 -0.516219318 -0.60326308 0.132712007 1.5782069
    0.525594592 0.842160344 -0.582548261 0.6873191 -0.250191689
    0.287411869 -0.757300019 0.860986829 0.295698762 -0.128421843
    0.506136656 -0.380015671 1.80991483 1.35042238 0.0894067883
    -0.491590828 0.228355467 -0.618389308 0.306485474 1.38416386
    -0.257614255 0.0699470043 1.34868991 0.17567271 0.501675189
    -0.221168995 1.0472517 -0.512005925 -0.423367202 0.562059343
    -0.221722364 1.74805677 1.61565733 1.38838696 -0.692357481
    -0.451788008 0.551856995 -0.0841165185 1.0096153 0.369262397
    -0.0663404465 -0.374311805 0.784381151 -0.49792707 1.56074154
    0.674939275 1.65641248 1.15465987 1.72259629 1.50146055 -0.693075895
    0.949531794 0.0658353567 -0.328959942 0.107198 0.202395797
    0.160969853 -0.264696062 0.615924478 1.34748578 0.610499978
    -0.734488487 1.63196194 0.309640944 0.877579689 0.695713043
    -0.450146139 -0.190070987 0.455421746 1.31353867 -0.143908978
    1.13499975 -0.717451453 -0.206089854 -0.419831127 0.378806114
    1.4207387 0.682693601 0.780655921 1.12357688 -0.451638252
    0.0966510177 1.5834167 0.731323242 1.46144009 0.136032522
    -0.301943779 -0.494048953 0.716904938 -0.212583542 -0.530003905
    1.5583179 0.401513159 -0.142274857 -0.116830587 -0.681945264
    -0.130958498 0.63241744 0.0705222487 0.660288811 -0.250168562
    1.67885196 1.2130214 0.610821903 -0.341171324 0.239798009
    0.945147991 -0.438674092 0.10762161 0.0987805724 1.38469839
    1.14336872 1.27398014 0.955507874 1.58847558 0.904104829 0.054521203
    0.756520271 0.0630412698 0.974053085 -0.0576853156 -0.487700433
    1.37817359 -0.407430351 1.20994794 -0.0677158237 1.14668369
    0.520387471 0.0629286766 0.398988903 -0.211283207 0.734589815
    -0.315003395 -0.511687636 0.313095272 1.79104304 1.3088634
    0.253043652 0.209360719 0.998950064 -0.770461857 -0.293925643
    0.604632199 -0.530088663 1.59452748 -0.172252953 1.68624485
    0.881845295 1.3503449 1.10773945 -0.337058663 0.630770743 1.41503239
    -0.559664428 0.732509494 1.200894 1.31133342 -0.777099133
    0.321275294 -0.455963165 0.217450321 0.967628896 0.78583765
    1.28511012 -0.781709671 0.144426882 1.48733151 -0.280356646
    0.483743131 0.0681199431 1.83326256 0.331204772 0.792272985
    -0.0982888937 0.712432981 0.978900433 -0.0812425613 -0.785477936
    -0.582326412 1.54696608 1.26106477 0.433296204 -0.245795369
    1.62967789 -0.28891778 0.685310841 -0.58660084 0.443015754
    -0.757600307 1.00064826 1.58277941 0.670778334 1.08122754 1.68864369
    -0.524410009 1.16166294 -0.401782483 -0.55933249 0.391206503
    0.191041768 0.018640101 -0.545851111 -0.20775795 1.76773667
    -0.571014225 -0.273096174 -0.642815471 1.79002953 0.470963299
    1.89079571 0.401266038 -0.436236918 1.79277086 -0.0797309875
    1.17078805 1.59042811 0.430811286 1.65638924 1.33446157 -0.16735822
    -0.783518791 0.0977039933 0.703771949 0.228058755 1.54937947
    1.64478517 1.38914001 1.44898582 1.58021092 0.572738826 -0.459102124
    0.73501271 1.04671311 0.451726198 0.159650445 1.71628666 1.23808682
    -0.12664628 2.00852942 0.917701066 1.63933468 -0.277831554
    -0.60027349 1.53457665 -0.436813384 1.21294796 0.397711873
    -0.0383849144 0.268322587 1.15890074 -0.423312694 -0.620173931
    0.635827422 -0.216545999 1.31669652 1.61813426 1.51540005
    0.138669968 1.33985686 0.239663601 -0.624562502 1.50035942 1.3930819
    0.374218404 0.982086062 1.0327853 1.68249154 1.44812214 0.435823262
    0.109103799 -0.49138093 -0.263426244 1.53025222 0.795678675
    0.873009324 0.321969748 1.46124232 0.503068447 1.31400037
    -0.620598137 1.39298654 1.3937782 -0.0318194628 0.651332557
    0.872341096 0.936065912 0.10391283 1.61778808 0.728224337 1.47551882
    0.35997957 -0.342548907 -0.549027801 0.754796863 -0.553894401
    0.995706439 -0.277266681 0.585561633 -0.565989733 -0.0345234275
    1.27576208 0.39471662 1.30891752 0.401276529 -0.864850402
    -0.310196996 1.31127381 1.3713963 0.619428158 1.86428499 0.951111078
    0.327651858 1.37431395 1.05531442 1.28360188 -0.973067403 1.38974261
    0.2660954 -0.712186694 1.06224751 0.271916628 0.185738444
    0.553689361 -0.385875314 -0.380753219 1.84753728 -0.363796741
    0.563514233 0.234218538 -0.14183557 0.449915886 1.06569171
    -0.403515071 -0.475303203 -0.240681231 0.101652443 0.28895545
    -0.373316169 0.954587638 0.978509426 -0.783115387 -0.428612351
    1.19547963 -0.562948346 -0.601869285 0.562849045 0.799496472
    0.993496597 -0.429053485 -0.37288487 -0.246199131 0.455474317
    -0.578682244 -0.374819756 0.841610134 -0.696322083 1.32800245
    1.67770004 0.277482629 -0.485367388 0.853806138 1.12258124
    -0.210642815 1.13644636 0.440291703 -0.346457422 1.41088462
    0.213114262 -0.167218804 -0.251636565 0.300032735 0.842239738
    0.960599661 1.2880547 -0.477404028 0.204455316 0.648229599
    1.22396505 0.576390564 1.09736586 0.800322533 -0.454195648
    0.450168312 -0.957637012 1.49422598 0.792501748 1.25662804
    -0.637685001 -0.544339001 1.59205437 1.14476752 0.641261816
    0.962608814 1.3450737 1.37570071 0.948430181 -0.642106712 1.40829504
    1.5784688 -0.35552898 -0.259649634 0.0859925747 0.614474833
    -0.129640579 1.31677711 -0.0174258351 -0.148399413 1.73222256
    -0.566769063 0.977062821 1.42432547 1.01993275 1.85816824
    -0.540894985 0.901412606 0.976407826 -0.554810047 0.411223114
    1.65208638 0.613857031 1.83032537 -0.52897197 -0.0163545609
    0.587105811 1.71195865 -0.35192126 1.67078125 -0.478676587
    -0.0166501403 1.43510795 -0.737551272 -0.138891518 1.03594995
    0.23192215 1.73757553 1.61526406 -0.424309134 1.85770214
    -0.763436019 -0.319211155 1.21921539 1.96237409 1.73459029
    1.04963386 1.39306831 1.40128541 -0.227593362 -0.947344363
    0.597663879 -0.102555811 0.951254904 0.55155319 -0.0467031598
    0.283355713 0.768476963 1.41816378 -0.52740252 0.336752892
    1.70968556 1.13241374 0.221992314 0.0424454212 0.291369677
    0.402923405 -0.678214192 -0.305688381 -0.47934103 -0.074796617
    0.643635631 0.365126073 -0.34457016 1.09876835 1.12349212
    -0.179941654 1.6462363 0.875971675 1.34899569 0.838600636
    -0.58580339 1.29760313 -0.854296565 0.0192872286 1.39805996
    0.784106314 0.882213712 -0.495991379 0.181671619 -0.641223133
    0.466151237 0.303485215 0.593890488 -0.445493102 -0.427654743
    0.972755909 1.17021692 1.32125235 1.45440626 -0.131212234
    0.828653097 0.861778975 -0.253717899 0.615189672 1.68925714
    0.662457466 1.51287699 1.17165029 0.422296166 1.28316402 0.268986166
    1.35951781 1.58434665 0.775415778 1.57638133 1.41266894 -0.302673399
    1.54765511 0.701896191 0.00797325373 -0.554612339 0.375959098
    -0.861165285 1.04989433 -0.790847301 0.995028675 -0.789113343
    1.15982807 1.57874417 0.696812749 0.91034025 0.480511963
    -0.0155610442 1.41471851 0.559242129 1.41204953 1.58055735
    0.839646816 0.591270328 -0.325140536 -0.768624365 0.585136294
    1.77093363 1.51930523 0.255299807 -0.94268471 0.67948103
    -0.879987299 -0.6951437 1.68722916 0.307351053 1.57312727
    -0.606498122 1.55753255 1.53298664 -0.255844355 0.136075735
    0.403233051 -0.249128044 -0.158163071 -0.41934219 0.700536668
    0.470851123 0.28697902 1.11686873 -0.77409637 1.08117437
    -0.219887078 1.31957817 -0.757694364 1.32115829 -0.1091187
    0.526714683 1.18087888 0.0646263361 1.6975193 -0.813721716
    -0.384328276 -0.550151467 1.79834187 1.05998325 -0.304823965
    -0.788648427 1.54779375 1.03879547 0.583569527 -0.266829133
    1.66581702 0.354546964 0.571992278 1.41229987 0.239102721
    -0.349046886 1.38930583 0.202320933 1.03228378 0.879621625
    0.634389639 -0.111572266 0.507045984 1.72722256 1.7889719 1.00291276
    -0.274315357 0.466259241 -0.878872097 1.58053327 0.95157516
    1.50694823 0.469402432 0.0297735333 1.20314336 0.634997368
    -0.768355548 1.41987479 1.48102617 1.45197713 -0.137174547
    -0.395606458 0.778229833 -0.573843956 1.71473074 0.205307484
    -0.575467706 1.28150296 -0.374537468 1.00622463 0.379452467
    0.971847177 1.53332245 0.81909591 0.538306832 -0.456777334
    1.48033595 -0.412550598 0.165724277 1.57851768 -0.556971967
    0.931212008 0.27258265 1.26877213 0.604925931 0.607269168 1.42937636
    0.481782019 0.90210253 0.924660265 0.235557199 1.75659394
    0.958317757 1.14336956 0.308856666 -0.309809923 0.204046667
    1.52530503 -0.632812142 1.448457 0.595477283 1.97054887 -0.170858026
    -0.803169787 0.268064141 0.310530841 -0.14692378 1.77187896
    1.22720599 0.304627776 0.490897775 1.00645971 -0.301087201
    -0.230212331 0.260130525 0.29542613 -0.795276701 0.542835355
    0.520882726 0.0689166784 0.889689326 0.0360643268 -0.0752023458
    1.37952101 1.64834368 -0.0458731651 -0.728105128 1.19939399
    1.36723113 -0.230986238 -0.583797336 1.61578321 -0.49363932
    -0.224271417 1.23240817 1.40374827 -0.278625071 -0.202727497
    0.64514178 -0.34454602 0.313010871 -0.241199344 -0.206875801
    0.0523484349 0.683852673 -0.854915619 0.65551883 1.29256344
    0.640717804 1.26903737 0.0742317438 -0.717711091 1.06122279
    -0.0956749916 -0.727144718 1.5632422 1.328233 -0.607750177
    -0.506981313 1.56627893 -0.754846215 0.914865017 0.34461534
    -0.0926872492 1.32781291 1.12974179 -0.14041853 1.80692339
    0.0537307262 1.14438796 0.240620911 1.74212718 0.500055194
    0.436929703 -0.194749296 0.790017605 0.635169506 1.60496366
    0.966792822 1.52219141 0.818313539 0.588189065 -0.812235177
    0.114741504 0.449609816 -0.604405999 1.7915647 1.03806996
    -0.365623504 0.794222593 0.900413752 1.51609278 -0.486734778
    1.44443822 -0.324684083 -0.108384013 -0.451744556 1.69785833
    -0.719409406 -0.700432777 0.260488212 1.67049706 1.34384394
    -0.48759526 0.960317194 -0.0504751801 -0.492169172 1.10791826
    0.76899302 1.02759361 -0.96352464 0.374759436 1.3547225 -0.283828378
    -0.655275345 1.2384057 1.17156613 -0.771646738 1.07611895
    0.276564598 0.470320404 -0.190443754 1.49893987 1.0175699 1.66637886
    -0.431998998 -0.312602341 1.80610847 -0.635877967 0.955805242
    0.860559046 -0.799214602 0.483434081 1.37760508 0.825516343
    0.983042598 1.2206856 -0.282904804 0.413304329 -0.0832805634
    1.31038332 0.331379771 0.354426265 1.18984747 1.27770233 1.45664477
    1.17732573 1.32556677 0.108728528 -0.282292366 1.30883563
    -0.339770347 1.49715149 1.40365779 0.55979979 0.894719064 1.75381279
    1.46778905 0.086063087 0.56113714 1.5178169 -0.852622688 0.977225065
    -0.231061816 1.08303714 0.554485738 0.35026288 -0.538770437
    0.523412466 -0.186052263 -0.526026845 0.866165817 1.70208085
    0.0198279619 1.49826717 1.87744164 1.27068043 1.71552336 0.561135173
    0.653363109 0.435256839 1.45505881 1.71468639 0.748091936
    0.533872843 0.969464362 0.834517539 0.810810328 -0.86742121
    1.49257827 -0.150340855 0.471359432 0.69842279 0.989242733
    1.44766331 -0.488641649 1.23859465 -0.365443945 1.51974404
    -0.341078937 0.163920522 0.567018449 1.23022008 0.822076797
    1.62311959 1.00374484 -0.044958353 0.136059165 1.00645566
    0.683237135 0.205778658 0.836574733 1.33853221 0.147935748
    0.949881554 0.29358691 -0.046389699 0.0295501351 -0.0191049576
    1.65226519 1.43429267 0.00545406342 -0.261418998 1.75248134
    1.3840611 0.0383295417 0.469381154 1.72079182 -0.742167234
    1.22173476 0.162285626 1.82950675 1.09911835 1.30363655 1.42455173
    -0.249116361 1.15694046 0.427643597 -0.385298878 0.52893877
    1.75825214 0.193058014 -0.663455844 -0.323188603 1.11048913
    0.847196519 1.50937533 0.918511689 -0.776796997 0.790539265
    0.561356306 -0.204702377 1.3026886 0.503997147 -0.198463917
    -0.413782418 -0.535908759 1.48678815 -0.748499274 1.02705836
    0.134181738 1.76515269 -0.8547647 0.0354940891 -0.79154098
    1.57091975 1.04033077 -0.640100956 -0.0870261788 0.312155247
    1.82372236 -0.674375296 1.62158918 0.889164448 1.07353902 0.67997396
    0.913989663 1.79621172 -0.519649923 -0.306377977 -0.286394417
    -0.192546785 0.646936476 -0.829707384 1.6075685 1.20883346
    0.036244154 0.698385656 0.875224829 1.12797081 -0.451921076
    -0.546639621 0.102807641 -0.779460192 1.5710907 1.09501719
    0.25313127 -0.344982952 0.852014303 -0.417961836 0.597260654
    0.539455533 0.191654861 0.119002223 1.11635363 0.554898441
    1.16479778 0.366626978 1.17648578 -0.288642049 1.50303173
    -0.443345636 0.988948047 -0.111877382 0.611563206 -0.722993731
    -0.0255652666 1.38308954 0.598716438 1.17601359 0.263465941
    0.397019744 0.435783207 -0.294056863 -0.742088199 0.298241019
    1.81349945 -0.407167137 0.434566915 1.34661281 -0.248758137
    -0.132636189 0.148644805 -1.00970411 1.02453077 0.125661969
    1.19759989 0.0236663222 0.183570147 1.19227254 1.38259006
    0.536624074 1.0852468 1.18019152 -0.324521601 0.745339632
    -0.24780494 0.808264256 1.17257726 1.83404589 1.00208163 0.225685328
    1.99464834 -0.747599244 1.35691226 -0.74593401 0.721089125
    1.19260633 1.47549498 -0.79759717 1.06979394 -0.2285887 -0.798442721
    1.62699938 0.244189739 -0.131879687 0.658391833 0.532863796
    0.993366301 1.70016336 -0.703838944 -0.116481364 0.169353783
    0.991130948 -0.663720787 0.616070032 0.282739401 1.14895129
    1.65759408 0.07430619 0.973935366 0.860658944 -0.396243095
    0.11485827 -0.345647454 1.48875475 -0.397020876 0.982751071
    1.69603741 1.1494118 0.0934224129 -0.763446987 1.12588358 1.04102802
    -0.119750857 0.721600115 1.13479209 0.735970974 0.081448853
    -0.510809004 1.06104839 -0.393131375 0.0609605908 0.0602282882
    1.77058125 0.832330227 -0.76684469 -0.358682871 0.367967248
    0.247057736 -0.748165727 0.629446745 0.219766259 -0.369583189
    0.650741875 0.235745251 0.701805294 1.00811779 -0.000823438168
    1.57406247 1.74937832 -0.533078611 1.45890009 1.76003861 1.3052994
    0.266627014 0.948204756 -0.696317613 0.0635586381 1.2354629
    -0.546296716 0.429837167 0.80574131 -0.815939426 0.988299727
    1.09297562 -0.259549022 -0.246611118 0.298527062 -0.141584337
    1.18065166 0.956628323 1.50703216 0.155771077 0.187301695
    0.943068504 1.08008909 1.59700501 0.709281564 -0.277073443
    0.00789439678 1.59842932 0.133900702 0.477584064 0.303266883
    1.15863681 1.03666461 -0.121756554 1.36127222 -0.0350321531
    1.38126719 0.175740004 1.20616245 1.65550029 0.928414643 0.224903941
    -0.174993038 1.25184369 -0.105374694 1.33231902 -0.724819124
    1.59337831 -0.360579789 -0.395559967 1.43271971 1.04677558
    0.849085212 1.38897371 0.495876551 -0.397194743 0.541624665
    -0.460996032 0.00424778461 -0.586932659 0.684081554 -0.633285701
    1.05688119 -0.708837926 -0.735671759 -0.152077794 0.933384955
    0.968566477 -0.693957686 0.130135655 0.0708096027 -0.351526797
    0.762555838 1.65829611 1.57449055 0.787119508 -0.771651149
    0.945226014 -0.65413183 -0.667139113 0.155676723 -0.597651601
    1.72365487 1.16360629 1.86396801 -0.481568813 1.28769088
    -0.219548643 1.66624498 -0.779855609 1.69123352 1.08492804
    1.09166336 1.12635517 0.84740603 0.659007132 1.53926098 1.28644133
    1.44093418 -0.329308152 0.0994099379 1.16737354 0.355926096
    0.90077883 1.25600719 1.63601029 -0.354599237 0.429901838 0.39036715
    -0.0460243821 0.200200558 0.622626781 0.259485841 1.80531478
    -0.152738333 0.957570434 -0.502206206 0.665511012 1.00645447
    1.30064905 -0.0349108577 1.77777433 -0.657053709 0.704397261
    1.14594364 1.19344687 0.403585553 0.580424428 0.363881707
    -0.0961182117 0.20302701 1.60155344 1.58716893 -0.739942253
    0.918275595 1.73041761 0.489157081 0.283628881 -0.860836029
    0.468908727 1.25049865 1.34518266 1.09547353 1.38501096 -0.767751992
    0.362675011 1.77116859 0.996638358 0.135649621 0.785639584
    0.761858642 1.31070113 -0.116349697 1.46800411 0.87938416
    -0.610204577 1.82542288 0.616492093 -0.509807706 1.40849733
    0.939998746 -0.201188624 1.35655379 0.0364120007 1.34684217
    1.28560507 0.905984521 0.58485949 1.05471921 -0.575823843 0.11641866
    -0.617491484 -0.499313653 -0.0518028736 -0.709286273 0.120480835
    0.700598061 1.21023595 1.24124575 1.67816567 -0.203480005
    0.0714607835 0.347141266 0.0577486455 1.04765058 0.0693617463
    0.0517261028 0.438041031 1.13078833 0.987439454 0.836476207
    -0.343156159 1.52134705 1.11232865 -0.299369335 -0.589246213
    -0.00862234831 1.2692523 0.634511411 0.876989186 -0.347161233
    0.341554761 0.654053569 0.795974374 0.774540246 0.854543507
    0.833234012 1.90127242 0.424004555 1.55714583 1.56899714
    -0.757318854 0.787756979 -0.49686873 0.394554377 0.718014479
    -0.234525919 1.61918306 -0.0284659863 0.803667545 1.17439353
    -0.408591747 1.54935384 -0.272612572 1.30309772 -0.60388881
    -0.327908516 0.777936578 0.961988747 0.455792665 -0.0230066776
    -0.0592412949 1.9226495 -0.479807705 0.690975189 1.56419492
    0.36587888 1.17178833 -0.0524049997 0.664923191 -0.420146793
    0.274730206 0.377913654 -0.156008542 -0.15947336 -0.719411731
    1.78642797 -0.269324601 1.71637571 -0.134145558 1.15666163
    0.17245245 0.576421738 0.644045174 -0.429831624 0.517047286
    1.1100471 1.14223576 1.88186431 -0.287440062 -0.524940193
    0.491389692 1.05344534 -0.776643097 -0.737035811 -0.425530553
    0.361320257 1.68822908 0.996305525 0.147226036 -0.14686805
    -0.654280365 1.17137623 -0.581782758 1.11808932 -0.297939956
    0.110514164 -0.864388943 1.212973 1.11968374 -0.878775179
    -0.617651582 -0.290910542 1.31118989 -0.229612172 0.704604149
    1.65523267 -0.703337669 1.00749588 -0.399063319 0.040497303
    0.52703619 1.43479419 0.621675491 1.04354382 1.55325091 -0.609076858
    0.74176383 -0.432097614 1.31468272 1.37198186 1.07340789
    -0.360794604 1.342327 0.817108452 0.144694328 0.0101643205
    0.00211763382 0.771298289 0.935550332 -0.741102576 1.41495442
    1.26701999 0.342871964 -0.540702224 -0.0908741355 0.0429417491
    0.493794918 0.761474609 0.946268976 0.364061654 0.72482276
    -0.434803158 1.58824885 -0.19371599 1.17448473 0.0410605073
    1.27575421 0.0950602293 0.683997571 -0.502681851 0.824680805
    1.22463274 0.0646363497 -0.470112979 1.59571207 -0.265673906
    -0.153016448 -0.0542317629 -0.625287056 -0.151066005 0.947891057
    0.00292772055 1.27626514 -0.0132027268 -0.362784684 1.71123695
    -0.269919455 0.59819746 -0.452661574 0.495060205 0.322652102
    0.236304343 1.73504734 0.417920232 1.31740785 1.61570001 1.17901278
    1.45586872 -0.156451166 -0.517101526 -0.547978103 0.459140837
    -0.826799273 1.72835171 -0.389662415 1.65470123 0.705128789
    -0.563924551 1.49069142 1.65052199 0.640013874 0.907653451
    1.81951439 0.28086859 0.729168475 1.7455591 -0.75360781 1.26697659
    0.0530669093 0.274006426 0.504767239 1.06519818 -0.43416214
    -0.404968262 1.35615671 -0.585930347 0.815389514 -0.379332364
    1.04582143 0.146376312 0.631198227 1.14971995 -0.341477334
    0.104464591 1.67121196 0.565641701 0.849317372 -0.416164815
    1.07655263 0.83914578 1.01004755 1.38958669 0.17274791 0.15070647
    -0.178232729 1.14912438 0.2192927 0.680417895 0.0877969265
    0.481792927 -0.131855071 1.85812104 1.63980246 -0.529114723
    0.171109736 1.45422244 -0.448400021 1.09152007 1.44224858 1.30014455
    1.31454313 1.30147231 -0.706019402 1.81765032 1.77025414
    -0.249906182 -0.196765244 0.273207486 1.00477457 0.464006782
    0.0191819668 1.27534485 0.505733788 -0.034935832 0.485886276
    1.19889891 -0.37923646 1.8991344 -0.217838138 2.06126547
    -0.582816839 0.850078464 1.79494476 0.313453853 -0.152605236
    0.112900317 1.31714487 1.51311374 1.74195743 0.18757689 -0.317136168
    0.721606255 0.659464955 1.60494506 -0.476820618 1.01617563
    0.458867669 -0.385585725 0.425924957 -0.370812654 0.380523264
    -0.77376467 0.362606406 0.448629141 -0.318812728 0.117037773
    -0.184219301 0.805230021 -0.684184909 -0.437871516 -0.150564134
    0.655770361 -0.495833933 0.0632704496 -0.617257237 1.34822869
    -0.740384221 0.959527433 -0.226888716 -0.321042717 -0.199097872
    1.13478196 -0.0361049771 1.16324604 1.05869699 -0.616083086
    0.824904978 1.04693699 0.544368327 -0.491971344 0.618417621
    0.299955189 1.63047194 -0.378050745 0.824563503 -0.038839519
    1.32675147 -0.25532335 1.62540936 1.30262017 0.911161482
    -0.0188271999 0.169120371 -0.000429451466 0.477704227 1.05836248
    -0.308084607 1.5446099 -0.179108918 1.08298564 0.413949132
    0.676975489 0.804252565 -0.640551269 0.526787579 0.32959801
    -0.237739801 -0.635805607 0.808439553 0.916219532 1.78151989
    1.41807747 -0.480567604 0.778202057 0.926141083 -0.525743008
    -0.549367905 1.7256124 -0.130003929 1.28053665 0.553288758
    0.00168651342 1.77692556 0.0890511274 1.03213143 0.746265411
    1.1863842 0.890231013 0.955737114 -0.36493212 1.5102098 0.438783288
    0.0983190536 0.246214628 -0.0202934742 -0.0356420279 1.01135433
    0.704099417 1.57677829 -0.991440892 1.41608131 -0.586649895
    0.512952924 0.260432601 0.314145327 -0.672167659 0.260238826
    -0.492514461 -0.537122905 0.492660522 0.640916348 -0.180877328
    1.55411518 1.56793952 1.21897399 -0.483898818 -0.356792927
    1.42395067 1.2818011 1.76168311 0.653088212 1.19284439 0.50136888
    0.602533042 1.56506705 0.0317149162 0.842539072 -0.537828445
    0.125191748 0.954481721 1.38182461 -0.545258284 1.55489767
    0.00147181749 1.13878679 -0.167975903 1.73752189 -0.761636138
    0.760805964 -0.285183072 1.53533435 1.26317906 0.719683588
    -0.247416019 0.752704263 1.6870966 -0.585961521 0.780040681
    -0.415073276 -0.525964797 -0.423783511 1.63318872 -0.0843020082
    0.528755426 0.944369376 -0.504200399 0.931877673 -0.17734772
    -0.574275255 -0.453145355 -0.617905259 0.621349454 0.888994932
    -0.803166807 -0.276273191 1.26190543 0.455758393 1.22351313
    1.06433725 1.19644928 -0.172256231 -0.768069506 1.43266952
    -0.767282367 0.325650573 1.22507405 0.386173308 -0.6788041
    0.040081203 -0.636222124 1.36347961 -0.479086995 -0.513824761
    0.186059892 1.01275826 0.19901216 0.199071467 -0.497477829 1.1409111
    -0.561563909 0.853174627 -0.420469493 1.9196924 0.0118655562
    0.315972149 1.84261036 0.23791182 -0.755527616 0.451521754
    -0.408489585 1.04407728 0.348029912 0.245536864 -0.64939642
    1.37110186 0.640409231 1.72490203 0.889878333 0.717167616
    -0.514969587 0.559358895 0.510449111 -0.666451454 -0.321485639
    0.458799183 1.04222274 0.4080351 -0.71314311 1.47537065 0.436999798
    -0.599717259 0.555174947 0.792069614 -0.584555924 -0.740679264
    1.43033862 0.100566626 0.678108215 0.805916309 -0.772460222
    -0.0180289149 1.23081589 1.44703794 -0.476813436 -0.379428625
    0.631973624 -0.471269459 1.02264893 -0.569389045 -0.156930983
    0.33030653 0.114934504 1.56140029 0.194175005 -0.00510162115
    -0.331310749 1.12768698 -0.14513284 0.896385431 0.0915732384
    -0.252773106 -0.365748763 0.0389896035 0.771412849 0.395642877
    1.8122797 0.922769547 1.75037289 -0.0435152054 0.43786186
    0.681788981 -0.496875912 0.57581991 -0.313963771 0.532637656
    -0.314596057 1.14567018 1.66356277 -0.509999394 0.196714342
    -0.754691362 1.77491617 -0.42826575 1.70135379 1.5580318
    -0.378910542 1.33743393 0.0734233856 1.66650939 -0.71046567
    1.10834432 0.383569717 1.03807664 1.14484131 0.529940188 0.471292198
    1.02999091 0.878208399 1.07670665 -0.693961322 0.829366744
    -0.0506762862 1.43029141 -0.736720085 -0.670180917 0.579761446
    0.442395806 0.463383079 1.74173439 1.42160296 1.24777091 0.366324067
    1.68610454 0.916988194 -0.332568705 -0.673570395 1.43183506
    1.42888463 1.75814891 -0.175677359 1.70426261 -0.15658772 1.3855077
    0.155444145 -0.124145865 -0.0227447748 0.235990465 -0.292292088
    -0.551652551 -0.575221181 1.82041717 1.47845244 -0.711251795
    1.12605453 1.61726236 0.593612134 0.413084984 1.79225612
    -0.277603865 -0.0275130272 0.288594723 -0.233090341 1.36121511
    1.55062246 0.0444288254 0.295871615 0.983465493 -0.000584125519
    0.877737939 0.697003126 0.109821081 1.17108834 0.55061686 0.27220118
    0.403469205 1.69445801 0.387583971 1.44932783 -0.784939647
    -0.0079908371 0.514511764 1.41799426 -0.0805293918 -0.617783606
    -0.885222435 0.421713829 0.116672337 1.5485034 0.217957854
    0.845056117 1.30117178 0.57913655 0.982011795 1.7146287 0.766732574
    1.63587475 -0.421840131 1.35014868 1.4925077 0.987785578 1.53952837
    1.28277588 -0.672336221 -0.46689266 1.06438017 1.54262209
    -0.999265194 1.73330641 -0.000756323338 -0.231660903 -0.0916392803
    0.821944892 0.157187283 0.0336482525 -0.250142455 -0.0921469927
    -0.76279819 1.04238081 0.361143768 0.429756761 0.0150657892
    0.817628682 -0.00898599625 0.768458784 1.3699615 0.313948572
    0.444863915 0.795224845 -0.504063725 0.473205388 1.63559651
    1.45973611 -0.132699966 0.182169199 1.7144798 0.675133467 1.5539161
    0.351510108 -0.758121371 0.250917554 1.49815607 1.74180198
    0.991142511 0.476173759 -0.627012491 1.64905345 0.291771829
    0.512931406 0.5519014 -0.0580356717 1.83978105 0.131952643
    0.290059924 -0.603823543 0.614573777 -0.174075007 1.56678486
    0.52719295 0.957467496 1.01040328 1.55229592 -0.294816911 1.41541052
    -0.326636881 -0.377578318 1.15779591 1.36677456 0.868656158
    0.910130739 -0.407295763 0.893959165 1.42479014 0.350171149
    1.01186192 1.09681308 0.589365005 -0.143952727 0.978906035
    0.286385238 0.354988396 -0.425083637 -0.540067315 0.693627
    1.75194144 1.385782 1.06522644 0.69039917 -0.0402315855 -0.349438071
    -0.232756853 0.525461078 1.26854837 -0.0506676435 0.386227727
    0.0588153601 -0.053332448 1.54034638 1.46329069 0.15208143
    0.228039384 0.161709726 1.74667621 -0.349791467 -0.619045317
    0.212808013 0.850188255 1.96706772 -0.519491792 0.172093749
    0.266731799 1.42637181 -0.888337255 0.214290977 1.55623698 0.0999614
    1.22389221 -0.358603001 0.186829507 0.42268151 2.00740075
    0.385004222 1.57218838 -0.212511063 0.346722364 1.75109792
    0.692121804 1.01760209 1.10066891 -0.626883507 0.184829235
    0.393183947 0.541646838 1.72976041 0.357439339 -0.255197942
    0.948280156 0.845285237 -0.769125998 1.55781662 0.441466212
    -0.374433935 0.458820522 -0.241149247 0.1677984 1.63997948
    -0.462102741 1.45000815 0.463758826 1.1040318 0.642970622
    -0.426216424 -0.0292964578 0.385087907 1.13869143 -0.200185299
    0.217953265 1.66409326 -0.435554206 0.696501493 0.941391706
    1.08620095 0.652685404 0.695774615 0.30497247 -0.411660165
    1.73743701 -0.532136083 0.469076633 0.139214516 0.788568377
    1.30318022 1.56615734 0.949431956 0.564278603 -0.388112396
    -0.304772079 -0.175825477 1.42658615 0.139724553 1.68336082
    -0.353110909 0.0841324925 1.46500611 -0.41989252 -0.0770947337
    -0.816250086 1.49996603 1.36355519 -0.181289136 0.92891264
    -0.615798712 0.518685937 -0.606889486 0.429161966 -0.713425815
    -0.698717237 1.29248965 1.09581304 -0.141202152 1.36155546
    0.424203217 0.577967167 0.906532586 -0.481200665 0.699379742
    0.246712565 -0.636223733 0.331003308 1.7893796 1.62904048
    -0.593982697 1.27722919 -0.964037836 -0.685748994 1.30951381
    0.967340231 0.0466023088 0.966344774 0.448576331 1.33449697
    0.274510264 1.68069303 0.54901576 0.055120647 0.83152765 1.302917
    -0.0252405405 0.732327461 1.38712406 1.40739298 0.657271743
    0.0250332355 0.611328959 0.843577564 1.38510275 0.422940612
    1.24330211 0.95005548 0.899036527 1.49912107 0.820864201 1.38881898
    1.51701283 0.0962857604 0.0506659746 1.25702572 -0.0165438652
    0.390417337 1.25368261 0.42515099 0.315063417 1.26539075 0.24804914
    -0.367080688 0.0630090833 -0.605984926 1.12498724 0.509743452
    -0.0554827452 1.51677155 1.0944488 0.910998464 -0.279212952
    1.61677575 1.3418653 0.150411248 0.562360227 -0.558473229 1.65446877
    1.61695361 0.856468201 -0.474126995 1.10276687 0.346080303
    0.955722392 0.749197721 -0.227742314 -0.219489872 -0.351451904
    -0.82809037 -0.631914496 0.854063749 1.53233719 0.769024968
    -0.413743913 -0.326150298 0.0610292554 0.339380085 1.23111451
    -0.6284886 0.606663108 -0.207607687 0.815511465 0.228157043
    1.13683462 1.04129577 1.04908586 -0.329156756 -0.54863584 1.4752388
    1.811867 1.06981421 -0.194193602 1.31678617 0.398299873 1.21518397
    0.245473325 1.85407805 1.32219934 -0.496658981 0.987047851
    0.279483438 1.24187446 -0.0504370332 -0.358875394 1.08539212
    1.03604698 0.421130598 -0.0153059363 -0.334564507 -0.644617081
    0.718049943 1.21838331 0.608943522 -0.00214773417 0.701253951
    0.794690311 1.47537076 -0.686059654 -0.750836194 1.42809868
    -0.0826105475 -0.140445292 0.143755615 0.456191957 1.04581594
    -0.573784113 1.39079857 -0.619900465 -0.0119075775 1.55968845
    0.43479526 1.18779147 0.222230315 1.47212863 -0.642997622 1.03856528
    0.987043023 -0.655861259 -0.0340586305 0.583047152 1.95816946
    0.0386206508 0.162342966 0.426271558 0.129438996 1.18094754
    0.411255956 0.753674686 0.121649802 1.92526579 1.05064845 -0.4341667
    -0.315943599 0.51206547 -0.466220856 1.59783661 1.47208858
    0.381994486 1.52499187 1.27336931 0.249630094 0.27750504
    -0.602020979 1.77547884 0.311300457 -0.704786539 0.0370647907
    0.997040749 -0.49279201 0.697565615 0.264336646 1.13028002
    1.13236797 0.171881378 1.97942185 1.31981111 1.58030546 0.569038033
    -0.47757104 -0.18777132 1.54700446 0.138955474 0.4933061 1.40040803
    1.64376247 -0.0706468821 -0.151350617 0.113812208 0.894495666
    -0.255487919 1.82808995 1.0738852 0.0101873875 0.096600771
    1.64152551 0.534525573 0.550002396 0.145128369 0.827759743
    -0.740718186 1.54275942 -0.541561723 0.811022699 0.874892473
    0.490504503 -0.24764055 1.55042267 -0.161523104 0.61120671
    1.22756863 1.44074321 0.264634311 0.185135126 1.15429938
    -0.869584143 -0.572736442 1.6892767 -0.689374983 1.47837186
    -0.768300653 1.09729946 1.31706166 0.731060088 -0.300677776
    0.882385314 0.65634197 -0.123894572 1.61067402 -0.13954252
    -0.16203016 -0.0734242797 0.804500103 0.413764477 0.512318015
    -0.353348613 0.62503022 -0.580218732 0.917739868 -0.59133631
    -0.509283662 1.94027674 1.19492805 -0.539289474 -0.154132903
    1.67686105 1.43625689 1.62128544 0.427962899 0.654762864
    -0.0810099244 0.536913037 -0.160654604 -0.0657704473 -0.151929617
    0.574989438 1.07501352 1.60468054 0.666628003 1.17848468 -0.28761977
    -0.361787111 0.981692731 1.32804728 0.338537037 -0.76077646
    0.780961156 0.740800738 0.504258275 0.790959179 -0.553849816
    1.32816887 -0.475186229 -0.317699611 0.90802896 1.50150871
    -0.789215684 1.42940605 0.853878915 0.0174119473 0.199104488
    -0.679774046 -0.0525321364 0.855546713 0.965054989 0.966772079
    -0.108018279 1.15371275 -0.572392702 0.707368076 -0.52465266
    -0.614071012 -0.176582038 -0.342242271 0.465991735 0.777653694
    -0.629157186 -0.631147325 1.62269878 -0.606469393 -0.0122482181
    1.14173579 0.457282126 1.18274248 -0.157161474 1.13215017 1.28267503
    0.645272136 -0.497591466 1.09554923 -0.123642683 -0.154681683
    1.77513909 -0.333831847 1.47348189 1.52766502 0.621468067 1.04634285
    0.151251853 0.45525229 0.795607805 0.994966149 -0.653498769
    1.6499567 1.87815464 1.57637167 1.4878813 -0.0230500698 1.12600636
    -0.0473132133 -0.202528059 0.941308141 -0.131591022 0.281441808
    0.968332767 1.4107275 1.04872346 -0.162069678 0.540899873
    0.400441825 1.24626184 -0.0768662691 1.24627388 -0.89431864
    -0.253451407 0.205476403 1.19152784 -0.82511586 -0.477590144
    0.00451546907 -0.359940082 0.288919151 0.795333922 -0.386513382
    0.173009455 -0.386269271 1.59350777 1.24018431 -0.073613286
    0.334629059 0.822954178 0.765242934 1.4740479 1.21142936 -0.4722175
    -0.161679149 1.570997 -0.445949495 -0.542643905 0.482478797
    1.56318688 1.47397399 -0.667661667 0.485122144 1.01455021
    -0.478837252 1.00689256 0.314049661 -0.0388842225 0.866081715
    1.81794977 1.79836965 -0.82658726 0.358500779 0.758701563
    0.995800495 0.38060379 1.36265087 0.200211644 0.860687733 1.11232424
    -0.631462276 1.88363028 0.278898656 0.760186434 -0.520402908
    -0.629627466 -0.527573764 0.712842166 -0.651312172 0.986926198
    1.29441082 -0.410243094 -0.467175812 -0.157955706 -0.00520282984
    0.286853492 -0.635797739 0.298969507 1.36702347 1.03656149
    -0.270154595 -0.16790086 -0.407134473 0.960003018 1.45033157
    0.463100672 1.58064151 -0.026268959 0.286738873 -0.200722218
    -0.616702795 -0.680133581 1.4904201 0.367669702 -0.0159425735
    -0.514139414 -0.0113917589 -0.151802182 0.384919524 1.51724696
    1.44578671 1.67157686 1.25017655 0.800704896 -0.86687398 1.06174052
    -0.331275254 0.84476614 0.940224648 -0.25272274 -0.802452028
    1.34740758 -0.563379407 1.32747316 0.3878479 0.637716591 0.114538372
    -0.333323836 -0.109234273 0.971711695 -0.597307563 -0.165635884
    -0.699655712 0.461091876 1.29044843 0.304446936 1.37368643
    0.644499898 0.692464471 1.31794238 0.4739483 0.226272464 0.817942798
    1.28228676 1.16366267 -0.418372154 1.37814474 0.872447789
    -0.165413618 0.437604785 1.63609588 1.69535637 1.35046577
    -0.523694038 1.11257648 0.388293743 1.19978106 1.83543873
    0.561203301 1.54632294 -0.0689250231 0.540137768 1.69284284
    -0.638495862 1.246948 -0.221731484 0.981700838 -0.467335165
    1.45925856 1.70513415 1.35713744 0.931420267 0.224402308 1.35995436
    0.365661561 0.0769098997 0.654074132 -0.444094956 1.49622571
    0.836176336 0.945657551 0.277174652 -0.710640252 -0.485029519
    1.61088204 0.265668988 1.63992953 0.521405101 1.30886865 1.62122107
    0.202079475 1.43131256 1.40618241 -0.499150068 1.73072243 1.59027851
    -0.674560308 0.883212745 -0.402916551 1.11684608 -0.0166663527
    0.732436061 0.615058899 1.3781364 -0.220903873 0.995895386
    0.851026297 0.0763607025 1.21650457 -0.395330608 0.0955053568
    1.69424009 -0.598637104 -0.0274611115 0.811269224 -0.0646421313
    0.400591195 1.30902255 0.901131034 1.28658688 1.34345937 0.964204669
    1.09149694 0.587494254 -0.600324988 -0.62993288 1.54086423
    0.625366807 0.0508711934 -0.232115209 1.63301373 0.256019473
    1.68100977 1.60535407 0.236533165 0.449704349 1.02450991 0.375527143
    1.05216599 -0.0621591806 1.52225089 0.451192617 0.211972892
    -0.0056219697 1.32844543 -0.330922782 -0.372015238 0.324122906
    1.58352792 0.933571339 0.438733697 0.917657137 0.476020932
    -0.55569005 1.44780135 1.55037034 1.46508515 1.574947 0.339885175
    -0.217412233 -0.608101785 0.51443243 0.169184089 1.08001077
    0.996917844 0.787527144 0.921147346 -0.518942595 0.722114384
    1.06426907 0.913936555 0.512226701 -0.76234746 -0.53069967
    0.990667343 1.72906494 -0.629876256 -0.357307792 1.01521552
    1.56289065 1.74819458 -0.524273872 0.959344804 0.0163331628
    1.79658437 0.181081355 0.70959729 -0.553025603 0.777472496
    -0.749037564 -0.165560246 1.53247774 1.32407856 -0.822601259
    0.0133670568 -0.0824664235 0.796833754 1.62459981 0.26402849
    0.850453675 0.703355193 1.00153852 0.534645736 1.80518866 0.60644263
    -0.691824615 1.37149382 -0.137619674 1.0548768 0.887602091
    1.09162033 1.21952999 -0.126510143 0.536658108 -0.678947866
    -0.715563238 0.0422331095 0.164347112 0.98686552 0.0330766439
    1.2794652 0.705854893 0.99121666 1.19722903 1.66841578 -0.652338386
    0.605928421 0.83267355 -0.100040197 -0.448633909 1.66539121
    -0.0319907665 1.28575408 0.280990005 1.52482545 0.491044044
    1.12435341 1.16904032 0.288281202 0.628359318 0.70893079 0.801506221
    0.319485903 -0.412939072 0.913162529 1.67618322 -0.434630156
    0.886628211 1.57475328 0.0594861507 -0.0675867796 1.6596365
    -0.516252756 1.47118819 -0.0372550488 0.983062744 0.490423203
    1.70180655 1.25154185 0.0346434116 0.949939966 0.201764941
    -0.635196149 -0.360167563 1.77642441 -0.652336955 1.35502601
    0.391083598 0.754706085 1.67212033 0.0733194947 1.69054019
    0.0636706352 -0.77300185 0.995035052 -0.119333506 0.795047939
    0.860797822 1.80037022 0.0287575126 1.6371994 -0.613410592
    0.795522332 0.00178557634 0.653382897 0.845029831 0.622808993
    -0.724551141 0.425290823 1.59164524 -0.347257018 1.18451369
    1.51198542 0.468702078 0.0964807272 0.0763315558 0.309961915
    -0.609453499 1.02995193 1.05539823 -0.0785918236 0.710029721
    0.000294029713 0.335929871 1.47756243 1.65310597 -0.151549995
    0.616756797 -0.124885798 1.19217527 -0.225069106 -0.722246289
    0.256975114 -0.586789548 -0.478343993 0.7172786 0.317494512
    0.287536144 1.09384871 0.725221515 1.07670319 0.759339452 1.31301737
    0.688097477 0.738732219 0.645394921 0.489245892 0.917812228
    0.913289189 -0.745188832 1.85934448 -0.265025228 -0.416817188
    0.83793813 0.207212329 0.697254777 0.498541772 -0.377390236
    -0.155658007 1.47599936 -0.782146692 -0.724244356 0.358655989
    0.57813561 0.604223013 -0.404197395 0.330439806 -0.287363529
    -0.718808651 1.10422969 -0.395942003 -0.0834689736 1.40988445
    0.447882473 1.58232737 1.38262868 0.87036562 0.212734342 0.183077216
    0.79849273 -0.629184008 0.91562283 0.603053331 1.37490332
    -0.352881134 0.47863394 1.36703694 1.25801885 -0.70291853
    -0.0835277438 1.61890471 0.239595532 1.38196397 1.31819248
    -0.540346384 0.601665378 0.739804149 0.401996374 0.829851687
    0.728932858 0.45463407 1.22398281 0.301610291 1.44031692
    -0.258471847 1.65455854 -0.17307955 -0.00619578362 0.907643676
    1.13278103 0.131470382 0.629726052 0.809171021 -0.399582446
    -0.51687634 -0.148645461 0.912688494 0.960076213 -0.274614632
    0.884501457 -0.314088941 1.39821219 0.877661467 0.898863554
    1.11676288 0.866368771 0.64223969 1.2505095 0.65289402 0.398261786
    1.60001171 -0.814293444 1.36641812 -0.303168058 0.3820737
    -0.481783807 1.65003586 0.734075785 0.662753344 -0.115998209
    1.46098554 -0.778746188 0.0487453938 -0.181627363 -0.000101745129
    0.863104582 0.559082508 1.2316246 0.639329076 -0.679627061
    1.26689315 -0.345155478 0.748890102 1.22368193 1.40218031
    -0.335911989 1.05781591 1.27657259 -0.595329642 1.19795561
    1.64402068 -0.650072813 0.750053525 0.481841624 0.636395395
    0.496959746 1.62588847 1.60916197 0.367947698 -0.11749047 1.63826716
    0.576792538 -0.414554328 1.33639026 0.213194072 -0.701200724
    1.61059666 -0.199036717 0.442130804 0.591176391 0.728660464
    1.34042263 -0.406217158 -0.672057152 1.49994326 1.49341023
    1.17575002 1.49536657 1.67145038 -0.0395956039 1.30906153 1.38386512
    0.634385824 1.16954744 1.58190858 -0.65138042 -0.293510437
    0.87212038 -0.48753655 -0.968005002 0.812019527 1.37321448
    1.12554228 1.96893513 -0.507934749 -0.301797688 0.492771089
    1.18862784 1.33222961 0.746006966 -0.27283144 -0.651198149
    1.65665078 0.489289582 1.21826959 0.369905829 -0.644994497
    0.741231501 1.40670097 0.312145829 1.63165259 -0.354921699
    0.609930098 0.409379065 0.235592842 0.618062735 0.198531687
    -0.194023669 0.665563464 -0.403097272 1.2391572 0.0362440348
    -0.159205198 1.70670295 1.13982522 1.68354464 -0.0376845002
    1.38581026 1.45393372 0.669231951 0.508859873 -0.393214524
    0.101910174 1.87496817 -0.627042234 1.34444928 1.57702017
    -0.316523373 0.0496869683 -0.214466631 1.69114649 1.21468019
    0.42551434 -0.343673348 -0.0976874828 0.496657968 1.32271051
    0.528704286 0.153176963 0.851345003 1.80982018 1.2872107 0.588798821
    1.6316607 1.51193833 0.366771102 -0.924225509 1.05165005 1.61483204
    -0.730434477 1.0182662 1.00493073 -0.134845495 -0.16264081 1.7018044
    0.147028387 1.12451077 -0.403774858 1.79487824 -0.697713733
    0.302824497 1.54748034 0.749880791 -0.692061543 0.798265636
    1.4129982 0.494931161 1.3761375 1.2187624 -0.607370794 0.198606431
    0.757776439 1.34639263 0.380084932 0.288524628 -0.378746152
    1.64511526 0.26424098 1.47663963 0.776867509 -0.645524502
    0.951557219 -0.11794281 1.36836696 -0.391574562 0.0124759078
    1.28197098 1.32553601 -0.338996023 -0.0911806822 1.8946867
    -0.393498212 0.0120561719 0.4712255 0.489647508 1.77728653
    1.96454144 0.506485581 1.1625998 -0.398826569 0.523914278
    -0.216156602 -0.0426496863 1.21980882 -0.652361572 0.697104812
    -0.540605247 -0.209536761 0.542730927 -0.546800792 -0.0984894037
    -0.484114051 1.34999847 -0.553797364 0.307656527 1.2677002
    1.22992063 -0.845677495 1.65880322 1.52114367 0.115718246
    0.189635396 -0.433065742 1.72571599 -0.0808662176 1.21243858
    1.08775663 0.804484129 0.974764943 -0.237682819 0.0326265097
    1.56958318 0.138122082 0.0983663797 -0.7234056 0.901107371
    1.14960849 1.30870175 1.23844552 1.04523849 1.44251525 0.446801364
    -0.17064786 -0.674513817 0.744085431 -0.225437641 1.48877072
    -0.358709037 0.587910056 0.320980608 -0.144082546 1.83377004
    0.498647332 0.788340211 0.625553548 -0.0519696474 0.424388111
    0.946669698 0.381033897 0.104186773 0.685179293 -0.100639105
    -0.789094269 0.411228299 0.676319003 -0.0659016371 1.57597113
    -0.378660619 0.428803682 0.891430497 0.317023277 0.398944557
    1.64187336 1.07987678 1.49356699 1.15575457 1.44319201 -0.256971478
    0.429518759 0.265891135 -0.305502504 -0.277607292 0.127487123
    -0.65987277 1.24851394 1.48436666 -0.194976449 -0.0932797194
    1.58632326 0.793651462 0.275668859 -0.749044299 0.909255445
    1.61598945 0.593014598 1.23066354 -0.0646126866 0.100638151
    1.47647905 0.773143113 0.512893617 -0.634007215 1.54891706
    0.101247072 1.21956718 1.03022432 0.509005427 -0.577654421
    0.629571795 0.168163776 -0.484408706 1.86621165 0.0922507644
    -0.601766407 0.975860417 -0.333047569 -0.123304904 -0.117080212
    0.72372061 -0.368351907 0.20129025 -0.346446455 0.0390062332
    -0.184629261 -0.232323289 0.91664362 0.338485897 1.41691673
    0.439970911 0.33307457 1.40511727 1.04901457 0.834845781 0.687190175
    1.49463117 1.43872833 -0.152011633 -0.494193673 -0.538755715
    -0.376033098 0.73265326 0.724471092 0.00232851505 -0.291284233
    0.783177853 1.08235955 -0.671948791 0.680920899 -0.371094346
    0.698921204 0.583352029 1.18345022 -0.577363729 -0.54852581
    0.664761961 1.35265326 1.40868783 1.40503681 0.575839877
    -0.739299119 -0.495701343 -0.36631 -0.203530431 1.04877305
    0.246150851 1.7590723 1.32125056 -0.785117865 -0.0747302175
    -0.369701684 0.0210084915 1.10583067 1.10633564 -0.503849924
    -0.463425219 1.85973072 0.532367229 1.56764126 -0.419044107
    0.208530813 -0.267923892 0.87746942 0.49442023 1.77491927
    -0.31992963 1.12229872 0.207873583 1.63208973 1.62394464 0.147274852
    -0.436094493 1.01415324 0.344418943 0.219115853 1.24918377
    1.72475719 0.284547746 1.86169016 -0.499926388 1.42752981 1.78614044
    0.0434015989 1.21737778 1.5462184 1.20609331 1.18424821 1.90968704
    1.15527201 -0.477513611 0.217812181 -0.513779998 0.96652621
    0.573253691 1.11643934 0.790289402 -0.123203278 0.453956068
    -0.362297535 1.0250535 0.450977206 1.80319595 -0.53116405
    -0.0107762218 1.61203527 1.03607345 1.60170531 -0.651825011
    1.44191384 1.56200504 0.827982485 1.89180517 -0.0205972791
    1.74621248 0.136453688 0.718821943 0.136959732 0.474918544
    0.0556105375 0.811719298 -0.18755424 1.3894875 1.20259452 1.7606895
    -0.469543695 -0.438728154 0.480158627 0.0922253728 1.55765128
    -0.307796568 0.541466415 0.68527627 -0.529219627 1.60812855
    -0.474174738 0.108437777 0.622140169 2.02520752 1.22850132
    0.0233687162 0.549135327 0.720482111 -0.509264112 -0.342454314
    0.545120895 -0.438410759 0.471529722 -0.480581582 1.12044597
    1.89879489 1.04571009 -0.22307235 1.07443202 1.44078994 1.67263293
    1.05846286 1.11074209 1.9133811 0.211508751 -0.680902719 0.357946336
    1.64607358 -0.00172317028 1.48927987 1.17849565 -0.127346694
    1.08036375 0.600702465 -0.665936172 1.33251214 0.56740737 1.43624687
    -0.496218801 0.102379441 -0.527611971 1.46853423 0.497040272
    -0.246400952 -0.150064528 1.79808939 1.31250858 1.54362893
    0.504535258 1.74702466 -0.0768475533 0.713404655 0.215731978
    0.0205327868 -0.236060083 0.980969906 1.73896813 -0.699396014
    -0.0978721976 1.77005982 0.977262795 0.423430741 0.386537552
    0.88503778 1.22326922 1.85502982 0.57082361 1.75800943 0.945647895
    -0.656336308 1.39298069 0.333789349 0.0911314487 -0.269223005
    0.802963436 1.3312614 1.13945627 0.156621635 -0.371894598
    0.515397191 1.63745165 0.785569012 0.823410094 0.856916428
    0.969393551 1.7206403 0.00618326664 0.747926176 0.908657968
    1.01066422 -0.762851596 1.30457747 1.68660522 1.28916311 0.897747636
    -0.160971284 0.986657202 0.707503319 -0.718066394 1.5742985
    0.527142644 1.23155129 -0.00405931473 1.14752793 1.58098006
    0.107037723 -0.276757061 1.0035367 -0.493657231 0.947002709
    -0.225005329 0.745044589 0.0947254896 0.423336148 0.515002072
    1.29644442 1.6777153 -0.0770795941 1.62563539 0.3539415 1.30830443
    0.12621367 0.664538383 0.836306334 1.381284 1.43410552 1.15741491
    0.0355115533 1.65218174 -0.729061961 0.230095327 0.604328871
    0.920507729 0.7058869 1.20387483 0.200688124 1.68393958 1.2109704
    0.576823592 -0.222783029 -0.474233508 0.880352974 2.06487751
    -0.422661841 1.15988398 -0.281546444 1.54583704 0.979550838
    0.142399192 1.23749256 1.48382843 1.5372293 1.34080362 -0.42138961
    -0.116264224 1.75372863 0.964185357 1.68158197 0.114060044
    1.44218075 0.0426690578 1.64842749 -0.358518332 0.50947088
    0.369919717 -0.157904446 1.81443763 0.363912284 -0.806354225
    1.32818973 1.05660963 0.591308892 1.24975681 -0.263588935
    -0.327112496 -0.499247104 1.94459319 -0.342384428 0.0167079568
    0.734758317 1.54167819 2.11548519 2.02882981 0.123564184 1.64370799
    0.450012743 0.822953999 0.306359351 0.236383498 1.45613146
    1.53303695 -0.503502786 1.43139112 0.865902483 1.93752813
    0.680716813 0.984941542 1.84628129 -0.558204889 -0.348864436
    -0.0463824272 -0.187025517 -0.531335592 0.487565696 1.65048623
    1.27915859 0.231170774 0.894669533 -0.314893454 1.77027917
    -0.401344389 0.563727021 1.20755267 0.812460661 -0.234718412
    0.0879518986 0.556508422 0.27209419 2.06456089 -0.35623619
    0.791485369 0.303441077 0.137754798 1.80109501 -0.0331354737
    -0.33784169 -0.0556224883 0.0231204629 1.44160712 1.90431881
    -0.14324072 0.338801801 -0.354328096 0.781082928 0.99720031
    0.53966701 1.20059323 0.636406183 0.678586841 -0.427385122
    2.03006101 0.895998538 0.541159809 -0.0248636305 -0.166698188
    1.33865499 0.0116608739 1.05757499 1.72086966 0.476193786 1.43113589
    0.757788181 0.927635729 -0.193988308 -0.326782584 0.549063146
    0.225153565 2.13754344 -0.176121682 0.206203341 0.898182392
    1.45129919 0.813425422 1.49385774 1.04160142 1.99282169 1.21886659
    1.98801661 1.40187645 0.763992786 0.142327368 -0.227966309
    1.81272459 1.17499065 -0.0520320535 1.81630397 0.0939725041
    -0.360429883 0.347673535 1.30117702 0.517770886 0.639137149
    0.542441666 0.789579153 1.66755772 -0.581423163 0.623781621
    -0.368888468 1.30590987 1.48521066 1.57817149 1.55502462 1.22770548
    0.89738667 1.62510896 1.52557123 0.217689991 1.32836723 -0.458381534
    0.0910118818 1.8803215 -0.0675910115 0.757028878 1.73517489
    1.49419761 1.16957498 1.62106276 0.562096894 -0.187352672 1.04480934
    -0.130313367 1.13282716 1.75168872 2.10998678 -0.137546301
    0.724611342 1.04311466 1.20244265 -0.135876894 -0.203606665
    0.865837872 0.167258441 0.49869746 -0.44267258 1.22070646
    0.149525136 0.272507668 0.711394906 -0.455116123 1.57659376
    2.09298563 -0.252945811 0.52407223 0.140756726 1.47656572 2.00590539
    -0.600202501 2.09885788 0.187663466 0.0132836998 -0.0733836591
    -0.171429113 1.16393209 0.268856674 -0.323492229 1.64994383
    -0.0923766196 1.86365247 0.0688921809 1.70508933 0.370701671
    1.54850411 0.457499862 0.233760059 0.819207609 -0.516833484
    1.74595559 0.453225315 2.05816984 0.911795139 0.406740963
    0.664930165 -0.0554323494 1.32110393 0.559398532 0.155871898
    0.488042355 -0.130200654 0.83544302 0.449042052 0.49504739
    1.63252962 1.01559246 0.28507334 0.915341496 1.97211444 1.83915389
    1.10224223 1.69919288 0.119177759 1.34045494 1.24354029 1.12897122
    -0.175829023 1.8038193 1.7297045 1.42330539 -0.215782553 0.435358882
    1.96330798 0.510528207 -0.587991893 -0.39553982 1.94737983
    1.78932142 1.08724165 -0.318653286 0.937880158 0.513432682
    0.552977443 1.37307477 -0.221916333 0.224847168 1.19731653
    -0.304484248 0.68754214 0.426964939 1.00234926 -0.237654865
    0.0971385539 0.326055914 0.905662298 -0.539958239 2.04591751
    0.158585012 -0.0638857484 1.82600379 -0.164111644 2.08213139
    1.89409626 2.04153919 1.95282459 1.43534267 0.0249410868 1.73660493
    1.5699079 0.747864604 1.88179934 0.619914949 0.785868585 0.168790251
    0.414820701 1.6109736 -0.398673534 0.83804512 1.95133257 0.704067767
    -0.340186208</data></my_img>
<your_img type_id="opencv-matrix">
  <rows>128</rows>
  <cols>256</cols>
  <dt>f</dt>
  <data>
    0.737293899 1.00144291 1.0210377 0.863167167 0.891164482 1.51939869
    0.907643974 1.39625287 1.04466593 1.29588783 1.7090584 1.73406363
    1.44939744 1.05044305 1.1240629 0.5182423 1.18746841 0.674376667
    1.05776715 1.5359025 1.18063664 1.15207708 0.980657995 0.631916642
    1.33574688 0.848200738 0.756373107 0.424043119 1.34825981 1.04352915
    1.35455585 1.50201058 0.708637834 0.578254759 0.62297231 1.41755688
    0.838593245 1.16046154 0.498025656 0.894287825 1.05795693
    0.634246171 1.53416455 1.45116138 1.66602409 1.61307418 0.77170825
    1.51302421 0.683706164 0.658244252 1.11247265 0.641245902 1.28517604
    0.941216111 0.578337252 1.11946738 1.4932524 0.853399873 1.65357423
    1.48404944 1.6473335 1.23058879 0.656287014 0.662365377 1.12063527
    0.49584654 0.982116342 0.711604059 1.02295101 0.66138804 1.5088371
    0.580618739 1.22448063 0.584733188 0.684889674 1.29908943
    0.825250685 1.21722829 0.517886817 0.891171753 0.586910963
    0.801701427 0.477800429 0.944966137 1.31808758 0.660696149
    1.60522139 1.45080948 1.70182908 1.5808171 0.878053427 1.15765893
    1.31880379 0.825640678 1.63908696 1.46945906 1.28310037 1.45238924
    0.64066869 1.3379916 1.58594513 1.12705362 1.33893216 1.38855422
    1.32606626 1.08438897 1.1241833 1.56999934 1.09387815 1.24777007
    0.593725264 1.46617889 1.10470998 1.52022338 1.44129145 0.668612659
    1.07618427 1.4092437 1.44571948 1.59910774 1.17382824 0.794244885
    1.40923774 0.993561447 0.692166746 0.879747689 0.395633608
    0.613127232 0.420253575 1.25235724 1.03442061 1.39580142 0.620548964
    0.772103667 0.872998238 1.05726337 1.16042745 0.566198885
    0.970138907 1.57459569 0.804494441 1.51013291 1.11566055 1.02967799
    1.4880718 1.5344485 0.941374421 1.09658372 0.987535 1.50043869
    1.5850426 1.59530056 0.690977931 0.853983939 1.55376232 0.955896497
    1.36927617 1.09702384 1.57373416 1.47910631 0.809671998 0.796435356
    0.932798326 1.42181838 0.681248248 1.46588337 1.18939579 1.00884163
    1.39203703 1.22962034 0.726599753 1.27158165 0.659231722 0.396394312
    0.395593226 1.04702413 1.53668618 0.802719831 1.58104312 1.19242835
    1.35178185 0.599918902 0.972649992 1.45584059 1.43328297 0.476874322
    0.973173022 0.694187105 0.654898524 1.46040142 1.6419102 1.72289228
    1.42946219 1.67575514 0.762439847 1.10273767 0.891855896 0.577645183
    1.4781332 1.33506477 0.538575292 0.992362618 0.599495709 1.14075136
    0.543223977 1.17192578 1.37818146 1.38608599 1.28454208 1.23309672
    0.57292825 1.12693322 1.39262688 1.33350217 0.834496558 1.08480024
    0.591294885 1.28952408 0.892588556 0.956053257 0.926944435 1.1942606
    1.56278563 0.803599179 0.924694955 1.37240732 1.41813111 1.28475773
    1.4106847 1.04968441 1.5078547 1.01236463 0.824764132 0.497102797
    1.04966426 0.83313185 0.834072292 1.42109966 1.24884284 1.43495333
    1.40699399 1.11109471 1.52908111 0.538569033 1.00092292 0.647386372
    1.3064214 0.926349461 1.01835513 1.01473796 1.4013617 0.663584471
    0.821334422 0.701892138 0.625537455 0.502815187 1.11544454
    0.793598294 1.6253072 0.875560582 1.28307641 1.67238176 0.864100814
    1.33967364 0.91321975 1.3926425 1.66725731 1.25472283 1.23754919
    1.09675729 0.552655995 0.701399565 0.636495888 0.621398687
    1.54157281 1.13810778 1.03524387 1.43453956 0.943983257 1.51162112
    1.38048613 0.685151219 0.994417608 1.12985778 0.711759329
    0.795669556 1.53361166 1.01794326 1.71997738 0.860132575 1.02873719
    1.37109065 0.912021697 1.41858017 1.16464341 0.692907035 1.56455445
    0.917159557 1.12774277 1.63037753 1.80850649 1.75276804 1.19516242
    0.91250962 1.64689076 1.05166781 1.49365556 1.69740272 1.71470666
    1.20942652 1.70949268 1.07036185 1.58887541 1.75145471 0.959953606
    1.5024327 1.10761154 1.37434173 1.36859393 1.06933892 0.692410409
    1.18267071 1.53703809 1.55592465 1.73267961 1.46901536 1.02572787
    1.49339378 1.50462401 0.748133659 0.712355852 0.963261068
    0.978118956 1.4296174 1.43392491 0.973293364 1.52423918 0.654375196
    1.20887077 0.659314632 1.30039096 0.844652832 1.0466429 1.63626528
    1.86868799 1.76910532 1.5951544 1.57099998 1.52965057 1.41502595
    1.76813293 1.01454616 1.51505935 0.737044692 0.826040089 1.36964142
    1.18431652 0.852673113 1.75332212 1.20829248 1.02459216 1.34416544
    1.48457789 1.10477197 1.6243614 1.25914526 0.806578696 1.73492396
    1.87944794 1.71617246 1.91472173 1.26803589 1.3666091 1.03581619
    1.89722323 1.82636189 1.33108521 1.77500749 0.865585029 0.922590613
    1.40864336 1.07428825 0.860082865 1.42063475 0.668012917 0.951180935
    0.696816564 1.1727941 0.892579019 1.19080985 1.44763541 0.716472208
    1.25213432 0.998453498 0.958789289 1.4901588 1.47628748 1.22986579
    1.21317172 1.52399349 1.89014697 1.42038059 0.859304726 1.52575755
    1.83842981 1.28199005 1.7498672 0.795626044 1.30005217 0.884599566
    1.55659568 1.06955624 1.16731465 1.05365896 1.10921049 1.60020912
    0.990827978 1.60326517 1.27781296 1.14468181 1.1614449 1.34921038
    0.809689224 0.984035194 1.42660522 0.924824297 0.668162525
    0.61858207 0.682767093 0.558377981 0.720511436 1.60994017 1.22711062
    1.38727713 1.83422732 1.73360372 1.18001568 0.700729489 1.01713526
    1.36040652 0.664447129 0.810889006 0.689795494 1.37804401 1.72676182
    1.0358355 1.14991701 1.82363629 1.83249092 1.02235878 1.58512044
    1.71306431 0.978026509 1.36681724 1.62024581 1.11505747 0.782600343
    0.74907124 1.45373034 1.35616338 0.740886807 1.03617275 1.51401615
    1.81057966 1.53903913 0.703236043 0.663747609 1.57652354 1.01197648
    1.43550706 1.36115944 1.14224935 1.01979733 0.962168455 1.45328665
    1.41914916 1.10306096 1.1838367 0.960630357 1.68177104 0.927963614
    1.62091732 1.49336708 1.21234167 0.891915262 1.65729606 1.09792149
    1.34290564 1.35472322 1.05186629 1.2094475 1.85223937 1.62851799
    1.63098717 1.77686715 1.25188661 1.38513553 1.73188448 0.981554925
    1.01900148 1.34415245 0.969457626 0.785371482 1.28980112 1.65933478
    0.78280443 1.33863354 1.56943583 1.46619487 1.63662732 0.55348736
    0.554239392 1.18640482 1.16524994 1.88807726 1.9660033 1.58696651
    0.964842439 1.61106062 1.03620899 1.67613828 1.00442123 1.85521483
    1.74175966 1.90919018 1.63538563 0.685666144 0.72595793 0.517660499
    0.629978716 0.75263536 1.51170361 1.2047224 1.09545445 1.63987219
    1.18995702 1.70817471 1.35672128 1.25354207 0.738845885 1.22091162
    1.01753032 1.08218646 1.14303565 0.92415005 1.78462768 1.55618322
    0.958097816 1.00263429 1.38978195 1.20460963 1.21468055 1.80003893
    1.03219461 0.889779031 1.32936287 0.994211197 1.63410306 0.9789958
    1.24639392 1.25971794 1.2894876 1.80587888 1.39704335 0.924686432
    1.52668238 1.25300932 1.74503601 1.18285441 1.4061017 1.32684863
    1.45445466 1.33168519 0.985701561 1.09456027 1.0220089 1.52583277
    1.83873892 1.24779952 1.50518727 1.63475835 0.960863471 0.825047493
    0.874777019 1.4518373 1.33187151 1.22787035 1.60601985 1.7578125
    1.1678654 1.45238507 1.22393596 1.22960234 1.40558553 1.14398968
    1.29020643 1.39525473 0.927724242 1.25255072 1.78726792 2.0451498
    1.78986549 1.74080765 1.75446439 1.19429874 1.81741476 1.09051645
    1.62337422 1.51216495 1.79110456 1.11963058 0.99621743 1.12116921
    1.82351184 1.83400917 1.72392535 1.85417926 1.15722513 1.24581587
    0.980286419 1.38745761 1.6696403 1.40875208 1.61224234 1.08758163
    1.23545575 2.03569436 1.850896 1.81768394 2.05241108 2.05293679
    1.89790249 1.89898276 1.18212652 1.57243621 1.74013209 1.15177608
    0.910592258 1.26379561 0.822093129 1.57595766 1.13230622 0.809332848
    1.74214733 1.07299101 0.779469192 0.925155222 1.18429756 1.18647444
    1.19584906 0.996663094 1.76500154 1.38255429 0.900245249 1.75175631
    1.49145412 1.67457855 1.9148587 1.13209963 1.13145101 1.90926206
    1.55437231 1.4266324 1.24812794 0.959005952 0.769235075 1.10088575
    0.984747827 1.16655529 1.93822753 1.72296774 1.00326884 1.26558971
    1.75351834 1.31170011 1.07814145 0.842710078 1.80006468 1.21187043
    0.92496866 0.97759676 0.853731334 1.22558284 1.52855337 0.894969642
    1.38977683 0.873473227 0.996824861 1.24745739 1.11973917 1.96202779
    1.09164262 1.73004818 1.58839989 0.869347513 1.17664909 0.980577111
    1.62822831 1.43121934 1.83193564 1.35594237 1.03969264 1.21030402
    1.34376824 1.20797324 1.46252203 1.51062298 1.02240837 1.48135722
    0.796099722 1.25048316 1.1996609 0.931822658 1.74958062 1.17337704
    0.862619162 1.38565242 0.943196595 1.66635668 1.08718908 1.17859948
    0.919714093 0.819023728 1.22299671 1.68115664 1.15900135 1.12950397
    0.875661314 1.37588108 0.808681369 0.80501622 1.29278255 1.65429354
    1.12218404 1.7437824 1.18420947 0.995884061 1.58892202 1.1092217
    1.0415827 0.874628663 1.6797061 0.99234724 1.24090755 1.52325463
    1.87453294 1.21734333 1.6548996 2.10712647 1.84120226 1.62769902
    1.44517314 1.53353846 1.8002125 1.44468248 1.57290399 0.980189681
    1.67221701 0.980486453 0.825678527 0.865303516 1.23415864 1.27627778
    1.39203751 1.54520333 1.44725347 1.27003276 0.753220081 1.62373769
    1.57139003 1.90180063 1.75038576 0.977772653 1.47959208 1.29932392
    1.46224785 0.834364176 1.37212479 1.90161657 1.67506742 0.951279283
    1.01932824 0.733960688 0.931864023 0.610862851 0.956487 1.38203609
    1.32497299 1.65128517 1.06687057 0.914712429 1.73501718 0.994893074
    1.24123693 1.034307 1.65154028 1.87855911 1.01718307 1.58802247
    1.95699632 1.81953704 1.89502037 1.1022898 1.21496999 1.33388519
    1.21449459 1.04763889 1.79223776 1.19239247 1.08889401 1.73901725
    1.52539337 1.65040648 0.918048024 1.82296574 1.50155616 1.87785435
    1.87514496 1.17115664 1.58767533 1.80458665 1.14018989 2.03362536
    1.62672603 1.86562979 1.08307004 1.28519213 1.76584446 1.22545564
    1.85554898 1.04044139 1.00618267 1.33360064 1.51639462 1.78577411
    1.3913064 1.81017673 0.957280338 1.55899024 1.28264117 1.81086159
    1.40283906 1.44852018 1.01671314 1.11968863 1.59037483 1.40374935
    1.50857568 1.00680912 1.99009478 1.90185165 1.81757867 1.84327614
    1.09605706 0.982415795 1.58567512 1.83655536 1.26872861 0.983764589
    0.981805205 1.27631259 1.6479218 1.66692424 1.72668839 0.953277528
    0.860576987 1.57414019 0.777065575 1.10215533 1.03583968 0.867343366
    1.61712968 1.36764896 1.75005746 1.23375058 1.29113781 1.37112546
    1.4029851 0.889073193 1.17934644 1.56663966 1.29237318 1.80649781
    1.58996403 1.88484526 1.82556593 2.12267828 1.86852872 1.75070107
    1.51498914 1.74203396 1.36625397 1.19617152 1.38696456 1.47363889
    1.03081405 1.70381355 1.63010442 1.68147445 1.08567584 1.66288054
    1.60471332 1.45788062 0.991893351 1.23498058 0.734775245 0.888198197
    1.37607241 1.36843681 1.3586421 1.48817861 1.82242143 1.99962723
    1.94286835 1.9000119 0.929192185 1.05848396 1.67203701 0.820588708
    0.853943586 1.13380492 1.61633658 1.38808084 1.87131596 1.56616354
    1.75669372 1.98052108 1.2388531 1.0681529 0.823321581 1.13618374
    1.71673214 1.28205442 1.72846043 1.20457733 0.83526814 0.927882075
    1.48959982 1.21776783 1.78215683 1.6100502 0.902671695 0.840876102
    0.958366692 1.2536149 1.42613709 1.61351395 1.77178621 0.996185005
    0.77706182 1.40515304 0.753560185 1.0228126 1.25690603 1.25462818
    1.17514324 1.87457955 1.54833972 1.35235035 1.55273414 1.96284616
    1.93284881 1.93722439 0.985583186 1.10510266 0.685370803 1.11711049
    1.09670794 1.01011908 1.60859942 1.46560585 1.07915854 1.82445216
    1.29036212 1.75256741 1.49060452 1.37443781 1.21361959 1.54897356
    1.85331786 1.86938179 1.17301929 0.86987561 1.78739011 1.41342938
    1.23299718 1.25006366 1.29568684 0.858701885 1.37750244 0.87424159
    1.72833169 1.34053731 1.70987427 1.20946574 1.13675761 1.78679359
    1.10004044 1.62170303 1.73989463 0.887281239 1.71939206 1.56402266
    1.8177973 2.08055806 1.77231514 1.96504712 1.27342367 1.08810592
    1.84282362 1.07164192 1.49201059 1.54357672 1.81653643 1.65365148
    1.29978943 1.34508848 1.40661871 0.954281271 1.58404291 1.83659613
    1.06923866 1.3423574 1.37582278 1.37015796 1.97173131 1.89302862
    1.93696058 1.45394516 1.60560107 1.14945924 0.825525165 1.67940319
    0.942012727 0.984905183 1.74732614 1.24350989 1.03878784 1.21359956
    1.38079524 1.32604241 1.68851388 1.14239633 1.54551983 1.86425757
    0.843360364 0.987609744 0.809595168 1.5743438 0.914316058 1.65141928
    1.51898456 1.56438398 1.96442044 1.63482237 1.50270379 1.20034707
    1.8359139 0.883156598 1.52370286 1.65427196 1.58751452 0.867285311
    1.4752779 1.36586607 1.49639475 1.27850759 1.22140205 1.24674845
    1.0487287 1.51348281 0.99513483 0.983063698 1.25618041 1.93947816
    1.01879394 1.53066528 1.42303669 1.99994934 1.7379235 2.0340147
    1.43105459 1.97950661 1.10418785 1.9141115 1.30835271 1.99452233
    1.99202335 1.96509182 1.55173349 2.01228023 1.29843891 1.46493232
    1.93561292 1.37021387 1.51185024 1.38201094 1.15092146 1.19527447
    1.86285818 1.8224659 1.83811927 1.56964588 1.80313623 1.7356559
    1.36547291 2.04245329 1.74222517 1.63371801 1.77729738 1.43871403
    1.85495472 1.32597244 1.89299619 1.50351405 1.39934802 1.05493176
    1.00622416 1.25660276 1.28356159 1.35170352 1.69547558 0.889760554
    1.28145123 0.651447952 0.689686716 0.736151934 1.38231063 1.09552193
    1.0957582 0.805281341 1.22815025 1.27721369 1.58065045 1.82915926
    1.26821852 1.15597212 0.828269422 1.87959087 1.50894892 1.32070875
    1.95667934 1.23346877 1.88181806 1.92706704 1.15344024 1.43148053
    1.1787982 1.72251856 1.86680353 0.962568462 1.02982938 1.83323598
    0.978522956 1.83810055 1.92369854 1.18982077 0.866369307 1.41809881
    0.96703583 1.45486879 1.18852913 1.20132911 0.955184519 0.980510175
    1.76759934 1.68627715 1.14070284 1.77051866 1.64987969 1.58304119
    1.37373662 1.30199587 1.51556861 1.4509424 0.956424892 0.907252371
    1.3863796 1.35514534 0.981924832 1.92690659 1.28216624 1.51355553
    1.72006369 1.27422285 1.27875459 0.918788135 1.10786629 0.966956139
    0.777717471 1.05807543 1.40714943 1.59606099 0.948382974 1.88381624
    1.33282149 1.78262436 1.67653191 1.02491009 1.15595174 0.80634594
    1.45364964 1.83624268 0.914916158 1.32363558 0.776210964 1.59738457
    0.839267612 1.76022959 1.75006342 1.68033183 1.41294253 1.85850632
    1.11016726 1.45290589 0.960406959 1.9299407 1.85259676 1.38545978
    0.876541257 1.30224872 0.625042737 1.16529572 0.648945451
    0.781561375 1.66604364 1.11113083 1.34512115 1.55922103 1.41170514
    1.34498477 1.33441246 0.907940745 1.21765423 1.34400737 0.989776492
    1.13875818 0.875868082 0.87063098 0.940269768 1.78920388 1.11641932
    1.25513709 1.49240851 1.00223637 1.58644891 1.12925231 0.862227678
    1.83742714 1.98693252 1.55314767 1.38333976 1.13876486 1.21150494
    1.30083895 1.45153189 0.875207126 0.842382669 1.62992108 1.71670413
    1.53449464 1.18912196 1.86963058 1.42888236 1.81538212 1.54561102
    1.77464366 1.09985113 1.87857759 1.01800215 1.02044117 1.46674037
    0.940580547 1.42247415 1.49180233 1.43664467 1.01571453 1.55214667
    1.76787198 0.625457168 0.693403661 1.57761633 1.92943275 1.04527664
    1.01033127 1.4289428 0.957764804 0.982427418 0.932277322 1.51993966
    1.22416449 0.755270064 0.818308115 0.78651005 1.60201514 0.875959039
    1.55053174 0.987042308 0.99058336 0.985443354 1.72098434 1.4473263
    0.85513705 1.17608631 1.45041716 1.07657194 1.5413624 1.93382943
    1.28044653 1.81408727 1.86010873 1.32926893 1.51799953 0.870131791
    1.67306387 1.50023949 1.06010091 1.02730131 1.32040811 1.29062641
    1.38459063 0.891975522 1.56993616 1.37602961 1.67704606 1.28584647
    1.09119308 1.01551151 1.27636325 1.41342044 1.63042128 1.48925281
    1.0508709 1.5470587 1.81432486 1.68111145 1.53014207 1.33788311
    1.73510885 1.89236355 1.30417156 2.03140378 1.79202282 1.94464564
    1.17316496 1.44187975 1.74234903 2.02067447 1.7735498 2.00337458
    1.86673045 1.820485 1.26744092 1.67890441 1.07693434 1.72108734
    1.6620692 2.0325017 1.63497376 1.60636222 1.5141747 1.89856935
    1.70233762 2.00043035 1.41738665 1.53910244 1.1282537 1.86816478
    1.81208265 1.55824947 1.84972513 1.53964758 0.940039277 1.0321877
    1.8206861 1.27266204 1.33880854 1.76128948 1.0381912 0.789489031
    1.65717936 0.890767694 1.22576666 1.38579452 0.797709405 1.52829218
    1.23980975 1.64875066 0.89521879 1.79957187 0.980146825 0.788982749
    0.697586715 1.28870738 1.15848005 1.01015377 1.07956982 1.0317353
    1.22440112 1.70753169 1.95464826 1.94423378 1.73110259 1.98247373
    2.05814934 2.01347327 1.81480396 1.29348338 1.52872109 1.5092901
    1.38833904 1.42580462 1.04953671 1.3783952 1.87005937 1.49370754
    1.41829407 1.62684309 1.26907361 0.705575824 1.01985598 1.30011332
    1.16963196 1.292804 0.942187786 0.841048241 1.11856472 0.885015965
    0.951066852 0.808416963 1.05773711 0.956440032 1.39705873
    0.776271284 1.34029722 1.91894639 1.60939538 1.63290882 1.27644622
    1.2605238 1.34196866 1.37791836 0.856243432 0.884208202 1.34811115
    1.53411841 1.57616305 1.12610686 1.5424968 1.66269934 0.936901391
    1.00119615 1.19744349 0.898018956 1.0511632 0.809605181 1.65308833
    1.21216142 1.71461964 0.912224174 1.53005624 1.33360362 1.23858356
    1.08618581 1.38683045 1.57829249 1.17998052 1.49490011 1.19200158
    1.17143524 1.19344163 1.70025313 0.955166936 0.862864316 1.26084948
    1.18236887 1.60040963 1.08963454 0.610158324 1.06728113 1.26927114
    1.54842281 1.80360365 1.88861978 1.24595749 1.03996575 1.26396477
    1.02972209 1.69310129 0.851416588 0.897757471 1.31435192 1.90078163
    1.13162839 1.84818041 1.47980213 1.46549034 1.44004214 1.31410933
    1.45823622 1.59663653 1.48949122 0.909490049 1.20762098 1.60633492
    1.62351942 1.84949958 1.52402878 1.47078609 0.986184537 1.15975368
    0.775018394 0.772072077 0.77800858 1.24497211 1.36963522 1.28790057
    1.49224365 1.28409052 1.25226247 1.70731425 0.996279061 1.76316392
    1.10464466 1.22823346 1.6321348 1.76143467 1.46043837 1.93375051
    1.89131629 1.68758202 1.77417111 0.990368187 1.29171073 1.20102346
    1.24782336 0.983957112 1.29058599 0.913547993 0.8390221 1.53953302
    0.833810806 0.79799521 1.19914734 1.76169872 0.964860678 1.44337583
    1.16577649 0.856323719 0.899953008 1.65235496 1.01063263 1.44498312
    1.16191757 1.487221 1.37768435 1.60203123 1.25255215 1.31532717
    1.40482152 1.73221409 1.88493979 1.54318988 1.48883379 1.31426728
    1.87896538 1.80627549 1.33218992 0.97018683 1.5286454 1.14771593
    1.47529006 1.28916395 1.84006834 1.91995335 1.67837799 0.941420436
    1.03041816 0.845745564 1.18562043 1.2596041 1.65378463 1.76198769
    0.979541898 1.80969083 1.88048947 1.93132985 1.89380181 1.37276268
    0.979781687 1.16784286 1.1241641 1.09439433 1.53357244 1.11046612
    1.96652579 1.37780702 1.10613954 1.97354198 2.01685762 1.8634367
    1.7203809 1.77922153 1.97111261 2.03920484 1.7661556 1.59537458
    1.24069989 1.32177544 1.56771314 1.65362215 1.27175558 1.7053771
    1.81289732 1.18801844 1.63412046 1.53116047 1.73191702 1.32850063
    2.05907083 1.26295722 1.41480875 1.08743155 1.46914172 1.6891917
    1.28327012 1.34193671 1.84687901 1.34319317 1.89943731 1.78399611
    1.52655828 1.55510581 1.40404046 1.86729562 1.17654419 0.921563745
    0.918005466 1.42526567 1.02148449 1.63754225 1.58523142 1.00222826
    1.3277936 1.47879851 1.60039389 1.10337579 0.882105231 0.870409966
    0.91067189 1.5298295 1.60713148 1.29319298 1.15243733 1.06834996
    1.37416685 0.969218612 1.39662957 1.88826394 1.99849153 1.35696387
    1.54511142 1.1060648 1.52811503 0.999792755 1.15033329 1.55999231
    1.84454954 1.36896741 1.19289958 1.61899412 1.94218969 1.34461343
    1.46295726 1.2591598 0.750652671 0.813097656 1.58028531 1.76122296
    1.51180267 0.849608183 0.884772778 0.777466655 1.46166921 1.20880926
    1.16767204 0.792565882 0.763216317 1.24255216 0.832227349 1.12826395
    1.83016491 1.24805224 1.22436011 1.80712473 1.64300895 1.52868533
    1.00972557 1.39643025 1.78201509 0.92421788 0.910695493 0.999891758
    1.11690211 1.78276742 1.22523332 1.91546667 1.17317712 1.90004718
    1.52186847 1.02333486 1.50388622 1.51193154 1.52884209 1.78218377
    1.35960257 1.55825377 1.44644332 1.10885727 1.27856803 1.48337674
    1.5000236 1.29672408 1.87084877 1.36919868 0.903085172 1.25143504
    1.46038711 1.26444721 1.48462427 0.964600801 1.25729978 1.66645944
    0.821350634 0.743099689 0.942591906 1.15039599 1.23547113 1.48400116
    1.91969299 1.45351636 1.625175 1.32641888 1.10475802 0.913677156
    1.51037633 1.25172985 1.81542897 1.63434613 1.72806323 1.82308924
    1.67355645 0.943279088 0.900725484 1.29402483 1.1647619 1.30459273
    0.85215801 0.869039297 1.10590351 1.70699131 1.26206064 1.15257347
    1.25959802 1.76520133 1.69635308 1.54172313 1.54603982 1.03169954
    1.51320136 1.8514564 1.0205462 1.79759312 1.35512471 1.58524609
    1.95777094 1.20069671 1.09029555 1.20993876 1.75538731 1.74172843
    1.67270362 0.921241105 1.42727721 1.83225024 1.48176551 1.82599747
    1.78121305 1.86611474 1.56396902 0.829888582 0.985871255 1.22303391
    1.66719711 1.4680109 0.868840158 1.69697618 0.743081272 0.752410829
    0.81839174 1.75758612 1.18809855 1.69714892 1.65074992 0.71286273
    0.78573525 1.58806086 1.47383809 1.75614285 1.73849261 0.858464122
    1.76662266 1.22844291 1.18761408 1.22847486 1.50005269 1.57466888
    1.69640422 1.32350826 1.3091116 1.10954905 1.38477302 1.04797399
    1.22465551 1.30590224 1.25086999 1.41648364 1.80154443 1.31320393
    1.27079654 1.74209285 1.1403048 1.78027034 1.41956103 1.60859215
    0.9638502 1.34520066 0.973838687 1.19303083 1.12793303 1.09033942
    1.83264184 1.25744343 1.45472479 0.932591319 0.750523388 1.0352118
    1.2732501 0.780618072 1.52692223 1.18200707 1.74806774 1.77109587
    1.2377162 1.49226117 2.0492034 1.73409986 1.03453648 1.61992741
    1.7909888 1.93471074 1.09913731 1.63611996 1.15256667 1.69568372
    1.02527177 1.4350493 1.03193164 1.11961794 1.79222631 1.58788347
    1.49605477 1.39321089 1.16887581 1.79102588 1.76239872 1.48811495
    1.02151656 1.49907243 1.07279372 1.55170095 1.10248208 1.36335278
    1.65207398 1.6088227 1.04276478 1.63974249 1.2627635 1.25436139
    1.44837999 1.97172689 1.16905165 1.47105014 1.74996197 1.85895813
    1.85311866 0.880310535 0.889747798 0.90644449 1.74344981 1.88953602
    1.1905781 1.1744262 0.970066369 0.72331655 1.5214057 1.21782124
    1.86309135 1.64123809 1.67592359 1.8349787 1.69044697 1.65520537
    1.24352765 1.33291399 1.9064033 1.71324718 1.05514443 0.744431734
    0.808824658 0.878790915 1.29265189 1.3415643 1.93242013 1.80813515
    1.93519831 1.55511844 1.37943447 1.77058375 1.77237248 1.1513797
    1.47038567 1.19190001 1.64168429 1.16710842 0.898188293 1.03322101
    1.64274693 1.49633014 1.59797573 1.34940922 1.65740669 0.926869452
    1.06022334 1.74581647 1.08989 1.63804805 1.21773863 1.36104739
    1.79158568 1.64856303 1.36430693 1.36961377 0.92337656 1.23599231
    1.67561996 1.47759736 1.51474214 1.89006138 1.67046034 2.08728981
    2.05181503 1.89170074 1.10751021 1.57667375 1.81067598 1.27571881
    1.10069728 1.20118177 1.14041197 1.0128901 1.06452477 1.5793525
    1.38540041 1.73670924 1.65292394 1.23218942 1.72125995 1.17730808
    1.09908676 1.54213715 1.68867946 1.36299157 0.7391994 0.916495204
    1.3503859 1.59038973 0.905177712 1.26612961 1.14252472 1.3381443
    1.51272249 1.69941092 1.85328722 1.09187615 1.19307888 1.70831358
    1.8386544 1.92657268 1.58199382 1.38940823 0.984023154 1.20973456
    1.31536639 1.46968246 1.77550995 1.86616337 1.59544492 1.68288314
    1.9247874 1.58790743 2.01057887 1.82953501 1.64451659 1.25403428
    1.29840648 1.6313585 1.82706153 1.78258657 1.12539029 1.20379353
    1.94673204 1.63024879 0.939146638 1.8155669 1.4497726 1.71367121
    1.37225938 1.24741578 1.18788242 1.02237821 1.61509776 1.9112314
    1.61754346 1.80347443 1.81180084 1.53490674 1.0869292 1.84351516
    1.017416 1.70893431 1.45478857 1.98504519 1.81227207 1.25949037
    1.8102181 1.47850239 1.18920779 0.683465302 1.25012791 1.41024661
    1.82249439 1.75140178 1.35997212 0.749857187 1.37382925 0.954486787
    1.92554545 1.33459532 1.13876927 0.891029954 1.49767876 1.76261151
    1.15111911 0.914820611 0.945229948 1.19483757 1.72675705 1.26271522
    1.08473289 0.774204969 0.790530562 1.17914832 1.53537476 1.64863038
    1.48544335 1.47445214 1.15784514 1.05227482 1.44342875 1.89243639
    1.09289098 1.48572934 1.06488752 1.3497988 1.45278609 0.817416489
    1.09179139 1.07102215 1.16636014 1.19578469 0.889597535 1.15393221
    0.947578371 1.10074615 0.972260535 1.66392517 0.981362283 1.07991457
    1.1575253 0.877881467 0.926832974 1.61645353 1.55029786 0.781926513
    0.882755816 1.15034688 1.27676368 0.99419111 1.14154553 1.57492781
    1.75730705 1.37832403 0.946866632 1.77694309 1.66664696 1.03827405
    1.24378943 0.88833499 1.74089062 1.14192629 1.69326913 1.13108981
    1.40365338 1.63245225 1.5972743 1.7391398 1.76371276 1.00938785
    1.96770239 1.24990308 1.4772284 1.93217683 1.63063371 1.21528769
    1.36647797 1.20623469 1.70216322 1.48714674 1.68914163 1.24805474
    1.6454674 1.52205944 1.71446264 1.91596937 1.875561 1.55572724
    1.65747571 2.02206278 1.81003308 1.98245227 1.3704493 1.83400798
    1.28609419 1.34573317 1.08873284 1.88749826 0.83595854 0.956795037
    1.31507421 0.912789941 1.6830523 1.87031281 1.86910176 1.32084489
    1.96116138 1.37837529 1.27422404 1.45433342 1.77682781 1.21953309
    1.66500008 1.10308135 1.15158844 1.46480274 0.965878904 1.51851213
    1.20291579 1.18594575 1.90242898 1.80588353 1.08371902 1.80837536
    2.0782342 2.04112983 1.37107682 1.95902324 2.03040314 1.77658272
    0.922663808 0.809529781 1.19931746 0.890028 1.38618338 1.3267591
    1.04978287 1.40294063 1.51148665 0.919034779 1.2958461 0.944184184
    1.49769354 1.47923863 1.14622593 0.867188334 1.41150272 1.94003367
    1.97203088 1.18563211 1.87541425 1.88392258 1.14029658 1.51329017
    1.97033012 1.96878445 1.79864204 2.08584595 1.49422073 1.5008024
    1.61919427 1.71495271 1.40614557 1.84503233 1.54515922 1.52434027
    1.54499269 1.29299903 1.82710779 1.34639609 1.80642605 1.19886446
    1.55751956 1.52658272 0.87684983 1.57421076 1.70715237 1.41766071
    1.17795265 1.25217056 0.768197358 1.48842692 0.807256877 0.809492886
    1.32980752 1.73290873 1.92371678 1.57226384 1.67883992 0.917636216
    1.59407783 0.925768018 1.4064256 1.7982471 1.34598172 2.05160666
    1.85359967 1.991377 1.92359245 1.82475817 1.54735088 1.30640829
    1.58560932 0.932071745 1.42573106 1.84666729 1.353724 1.91407037
    1.52946448 2.0075953 1.6712296 1.10141122 1.12232018 1.30923045
    1.62834442 1.30714309 0.931852996 1.49321711 1.39523852 1.87325287
    1.79817092 1.09733427 1.69486105 1.07834828 1.0889442 1.40840113
    1.49921048 1.40786326 1.97278333 1.59175909 1.26962376 1.71828091
    0.94736129 1.45618665 1.41384876 0.962539315 1.67065358 1.98163867
    1.89170456 1.18922532 0.89949733 1.61661375 1.25322747 1.1532793
    1.23156595 1.43317103 0.960624814 1.63680851 1.15523529 1.24887526
    1.48525679 1.24787784 1.10858202 1.20366955 1.70359027 1.62713885
    0.93810302 1.45649827 1.68370521 0.909444273 1.03128362 0.82721746
    1.37519562 1.32654881 1.06268144 1.55947614 1.64605892 0.881908
    1.40610754 1.26591504 1.08921325 1.50408757 1.37135351 1.41436422
    0.791866302 0.95425719 1.65411294 1.87277901 1.83919108 1.7773056
    1.7258116 1.87942159 1.17504835 1.07315147 1.29463446 1.13486826
    1.79337466 1.17047393 1.60916722 1.31834292 1.48044777 1.30573094
    1.70430708 1.05043888 1.66383886 1.44616401 1.6050998 1.25767624
    0.857313693 0.878880322 1.63649774 1.5169276 0.773493707 0.689042211
    1.10443866 1.56168294 1.80252993 1.1400826 1.5249145 1.50046289
    0.972019136 0.87487793 0.762406528 0.797566056 1.72456849 1.50096774
    1.56615424 0.787577033 1.13026941 0.813426673 0.859228849 1.08023429
    1.86818671 1.05686569 1.07583642 1.84740007 1.84695566 1.87280905
    1.04179573 1.87122238 1.19564283 1.34910154 1.92464185 1.73427343
    1.85644698 1.89580405 1.52095759 1.17207503 1.00588727 1.45433903
    1.77481699 1.71663189 2.04816675 1.68785763 1.26531768 1.88322747
    1.94444859 1.4246701 0.958413661 1.07821894 1.72240198 1.3586756
    1.73119175 1.37798381 0.848545909 1.63150764 1.57790577 1.04308295
    0.890960515 1.63368857 1.72287691 1.39609766 1.61202896 1.69109881
    1.85570645 1.20792258 1.76067007 1.35937262 0.829957545 1.21939969
    1.02092564 0.840218842 1.02507806 0.853765547 1.69268417 1.91930652
    2.00881147 1.74781907 1.73235679 1.322891 1.71280789 1.36676919
    1.65052354 2.03331685 1.98002279 1.24701631 1.51151717 0.790423632
    0.879859388 1.72090912 1.78838992 1.55726373 1.28226638 1.73098755
    1.85733962 1.77786362 1.7250042 1.72254646 1.64693856 1.84439206
    1.67928088 1.05973971 0.901038945 0.995089293 1.83035243 1.3977294
    1.88672292 1.55751956 1.78655243 1.48912156 0.964069784 1.43522263
    1.31287086 1.70106041 1.53730178 1.87981522 1.16061592 1.26782513
    1.93223286 0.960140288 1.33866501 1.8786217 1.62775218 1.61170352
    1.03592241 1.38006198 0.982525885 0.955906987 1.4916271 0.931449175
    0.964731991 0.957044244 1.12634635 1.06411254 0.96163708 1.00773621
    1.40745389 0.955363333 0.768516481 1.14675999 1.60558438 1.4371835
    1.55625761 1.05418837 1.84749973 0.898799837 1.09482133 1.20637429
    1.80982769 1.30929828 1.61372805 1.29238844 2.01428819 1.6113838
    2.04698157 2.08044171 1.90666699 1.42097867 0.950519919 0.918217897
    1.59932923 1.55761719 1.89921951 1.16103518 1.84440184 1.89435959
    2.03957057 1.90187109 1.86360288 0.987154245 1.52137816 1.1726706
    0.793268681 1.13908648 0.871501088 1.87241328 1.31846452 1.33255672
    1.5926249 0.966754615 1.37737501 0.988082469 0.923594892 1.77885401
    1.06281602 1.52067649 1.54175723 1.63136971 1.63893151 0.952614486
    1.39912939 1.22706103 1.57816803 1.13439417 1.18227255 1.7600733
    0.727228105 0.685198605 1.1160388 1.32476413 1.1222136 1.67493451
    1.32657719 1.66459131 1.64840651 1.77487206 1.23425376 1.36879885
    1.21859777 1.70754504 1.98109758 1.6193217 1.71664011 1.73739421
    1.73844874 1.72578228 1.07017457 1.7273165 0.767698646 1.02966046
    1.26243258 1.69367981 1.77069664 1.19103277 1.77846134 1.10154605
    1.12220204 1.81240106 1.08433306 1.00623 1.38188052 1.59267616
    1.59343576 1.70762539 1.9277035 1.93347001 1.07700086 1.68597329
    1.23045135 0.962279499 1.12892604 1.39178371 1.37813401 1.7944864
    1.21316922 1.53676713 1.41859126 0.8011536 1.05765748 0.940232873
    1.5517019 1.26452947 0.830643415 1.3541286 1.49862468 1.38799047
    1.02184105 1.81569374 0.895928502 0.940229416 0.802388728 1.80241978
    1.81318653 1.41253459 1.48219061 0.859331012 0.759609163 1.54286146
    0.883221269 1.51030123 0.82210499 1.48428476 1.58236217 1.5413872
    0.751021445 0.672684431 1.00778949 1.72451317 1.74588072 1.79531598
    0.995328188 1.8201561 1.01458073 1.67276692 1.40639055 1.10860014
    1.35833228 1.75389385 1.08358073 1.66883183 1.70591581 1.47410262
    1.94704509 1.36024678 1.58780837 1.10785341 1.73440611 1.32848477
    1.88595164 1.31915951 1.69417632 1.30258524 1.05615628 1.90703607
    1.63226795 1.22183371 0.909101129 1.15977049 1.18561733 1.11623013
    1.63871288 1.36687481 0.849186182 0.986171424 1.38613677 1.59252954
    1.2824316 1.21605587 1.5013659 1.61993372 1.88013196 1.13502944
    1.05751944 0.89534235 1.28618729 0.836915255 1.04989493 1.62442136
    1.0591408 0.973206103 1.49343479 2.0041101 1.13812196 1.94452751
    1.36910117 1.51160121 1.94499886 1.70050788 1.28172028 2.07277584
    1.63585293 1.91783261 0.869011879 1.25218129 1.54198003 1.74744344
    1.46789467 1.85428703 1.94432342 1.4852345 1.94645917 2.06538057
    1.59723997 1.58694839 1.53667903 1.40466642 0.934526861 1.23015559
    1.53271055 1.83524156 1.91335571 1.9371438 1.68208992 1.32152998
    1.23153162 1.24934602 1.50797439 1.46430194 1.85305727 1.15238547
    1.42221856 1.38722253 1.03124511 1.44141054 1.78962243 0.924398184
    1.35232377 0.945638657 1.38794708 1.4002136 1.16891813 1.09424245
    1.32332361 1.49318254 1.58793497 1.51850128 1.44136763 1.57960904
    1.22502828 1.68471014 1.25196064 1.12462676 1.45304763 1.24618447
    1.33900762 1.43083906 1.87016833 1.1655916 1.3148061 1.49136257
    0.955431104 1.39837575 1.28648317 1.11418033 1.64936852 1.65238154
    1.8155477 1.33732748 1.53964806 1.65197206 2.07728219 2.03338289
    1.3977977 1.46707726 1.83912778 1.73407507 0.94312495 1.54337752
    1.61208451 1.55060446 1.25060093 1.89324188 1.9916234 1.2070719
    0.913631022 1.07853949 0.736802459 1.06156397 0.683060884
    0.942014337 1.06759846 1.36918426 1.4147042 0.843742013 0.845659435
    1.18910611 1.13716269 1.68808079 1.16654217 0.954397857 1.89853644
    1.80538607 1.96023977 0.959621012 1.69693446 1.24845254 0.99328047
    0.89379257 1.84881365 1.47999561 1.87341988 0.953799903 0.807647109
    0.74498415 0.821842611 0.616802812 0.588792741 1.56528533 1.64465296
    1.90836942 2.09694266 1.41771078 1.36089194 1.24702549 1.31088376
    1.29889965 1.35975194 1.8529458 1.88677454 1.78909743 1.28492427
    1.92657542 1.86397648 1.20312977 1.41513979 0.946334779 1.05023861
    1.41627097 1.35051548 1.91817248 1.18991637 1.59654546 1.35705411
    1.00759399 1.37555885 1.16909969 1.40003943 1.70046127 1.86818087
    1.22635913 1.51727939 1.36158288 0.991398811 1.69418526 1.23253536
    0.85488677 1.42929661 1.1240989 0.84554404 1.30063236 1.20774567
    1.22825217 0.909875929 1.64041018 1.15503216 0.863302112 1.00700533
    0.801659524 1.40862894 1.14944041 1.52853119 1.53811014 1.3800652
    1.63910389 1.32932842 1.04818082 1.11518824 1.83688736 1.64420962
    1.87654865 0.971509695 1.59701848 1.47624481 1.1894778 0.746121168
    1.03001094 1.65300179 1.11249506 1.19592512 0.769547224 0.825710058
    0.758646786 0.768974721 1.52820134 1.23345757 1.47677696 1.94991565
    1.98318994 1.43350947 1.73379517 0.945031285 1.39125586 1.02999592
    1.14252353 1.46329582 1.2024014 1.44020736 1.73607063 1.33973038
    1.8344084 1.10742247 0.980224788 1.44367945 1.57569063 1.21670234
    1.71090627 1.25860262 1.44197011 1.34938586 1.83585489 1.26933146
    0.988228261 1.74802756 0.89964062 1.70063245 1.64928067 1.28385651
    0.937977552 1.48552823 1.87397599 1.41792893 1.93456399 1.95192242
    1.05494225 1.85699749 1.39630175 1.48487806 0.818628192 0.705737352
    1.01005971 0.909217834 0.736209691 1.34291744 0.880472004 1.13516903
    1.22979009 1.80371141 1.44648182 0.952432215 1.2288394 0.879419267
    1.08564878 1.80823755 1.69151032 1.37855101 1.93404341 1.29747212
    1.75083792 1.25003982 0.846947849 1.74494982 1.58781147 1.84812582
    1.14706933 1.31697881 1.99070084 1.28638196 1.78620994 1.87646568
    2.00824761 1.53520739 2.00780654 1.67288315 1.8059181 1.69308686
    1.11994803 1.85406017 1.77551162 1.28504312 1.19097912 0.85596174
    1.28777635 0.82711637 1.18723488 1.33320177 1.31839478 1.70417464
    1.54639781 1.49008512 1.85764587 1.74228191 1.17477572 1.62090635
    1.04008067 1.04206789 1.36800218 1.6089493 1.51283407 0.992930293
    1.4440701 1.35696042 1.23558176 1.82787776 1.94731605 1.8498807
    1.96942937 1.1081531 1.30135953 1.50948858 1.36568224 1.34870636
    1.61106384 1.20516813 1.26622856 1.65011799 1.79764378 0.99589467
    1.66730547 1.85563755 0.997755349 1.3396827 1.56380951 1.23005247
    1.14820886 1.15010488 1.40304029 2.06276584 1.72590828 1.17517781
    1.3064127 0.978311419 1.1394726 1.81814992 1.62954926 0.825971842
    0.96066308 0.761078775 0.823261976 1.14992058 1.6755985 0.818407476
    0.71518147 0.753621876 0.76616019 1.3913908 1.56233299 1.5239079
    1.30567861 1.65373087 1.1214292 1.7074132 1.24456608 0.858566165
    0.809160769 1.29243445 1.49850774 1.3112644 1.61732984 1.65506363
    1.26882827 1.79626262 0.918292582 0.920862794 1.79675353 1.10281491
    1.8269968 1.24025941 1.35389555 0.707208097 1.28292751 0.97248131
    0.597725391 0.929723799 1.40073752 1.30494678 1.41573858 1.82708466
    1.94381011 1.92583907 1.56701434 0.887071609 0.942326605 1.71623099
    1.89171147 1.44881749 1.55746353 1.22111428 1.48659813 1.56820226
    1.54092097 1.18734968 1.08753085 1.16219795 1.85248196 1.74145436
    0.995976925 1.41828501 1.80600286 1.87885785 1.68882787 1.29577756
    1.24347556 1.58434415 1.28685355 1.23359406 1.33786392 1.82870603
    1.56933379 1.1316514 0.875468016 1.35742736 0.903003514 1.35320437
    1.11116314 1.19687378 1.7066288 1.03412664 1.83839345 1.83498263
    1.84377205 1.37874877 1.30448508 1.23498631 1.02558506 1.02577507
    1.64335048 1.331231 1.13755369 1.56930304 1.54087186 1.86492229
    1.01718068 1.86767697 1.75970173 0.937235653 1.04477644 1.62728453
    0.91801703 1.11700737 1.37280631 1.32631159 1.12038088 1.35239553
    1.19113505 0.940959275 1.35968924 0.865016878 0.943316221 1.24229288
    1.26277101 1.5817945 1.69671869 1.1312356 1.57859504 1.27210128
    1.02758253 1.20653749 1.1662389 1.25031805 1.94771004 1.92265487
    1.39137828 1.45222139 1.36062479 1.3202486 1.40609753 1.77746749
    1.18275368 1.16594052 0.896864235 1.14140701 1.53654933 1.69504321
    1.65551209 1.12570643 1.52418244 1.53766763 0.996173739 1.72314966
    1.4305867 1.60511827 1.178581 1.44468296 1.15533173 0.860556602
    1.49498117 1.99481118 1.82401645 2.11334825 1.54079401 1.66014898
    1.34690106 1.68157744 1.48201919 0.82378751 0.825678229 0.653211772
    1.06008363 1.27793956 1.24455357 1.2894665 1.12018836 1.47254801
    1.72385597 1.63624918 1.7921344 1.43036819 1.01901877 1.56598866
    1.34427273 1.6506958 1.19179308 1.25410283 1.0771842 1.10580409
    0.90098083 1.38902664 1.53621006 1.51084852 1.01033926 1.77549767
    2.00557137 1.1796577 1.95623159 2.03796148 1.07527888 1.54455125
    1.77159512 1.01306236 1.58690572 1.97331846 1.84066367 1.00731897
    1.40592909 1.14383972 1.89599705 1.79185498 1.1739341 1.45587468
    1.33300567 1.81452763 1.74954522 1.12014985 1.98043668 1.01551986
    1.6246196 0.871953428 1.36717963 0.923609197 0.734101355 1.3909477
    1.27127397 1.03988826 1.70003772 1.05990791 1.25441968 1.15997946
    0.921368599 1.79031169 1.23722005 1.78492188 2.00518727 1.33780658
    0.982232034 1.0542568 1.20933843 1.25642741 1.07725167 1.10636497
    0.971868038 1.03825891 1.79259777 1.29672897 1.88173509 1.72114444
    1.53988421 1.31460643 1.08042383 1.41047549 1.4457165 1.50205314
    1.08186007 1.885198 1.02337682 1.92709088 1.90955663 1.3568815
    1.60296607 1.82156777 1.52571404 1.04094231 1.42343557 1.19522667
    1.05711591 1.54406142 1.5156821 0.776599407 0.85043174 0.65331167
    1.44309616 1.76973665 1.81527901 1.0836457 1.93800747 1.88822627
    1.59071052 1.44912028 1.76716685 1.62632465 0.882451475 1.76876593
    1.54169858 1.29990411 1.24051595 1.51453483 0.844103515 0.771336913
    1.27662301 1.02813971 0.973449528 1.68135464 1.37267256 1.80506861
    0.81438458 1.3148526 0.926368952 0.758904159 0.701218128 1.38086557
    1.63116038 1.74247944 1.06080794 1.96420586 1.99233556 1.7681272
    1.88870442 0.907959104 0.986044407 1.36117685 1.83305144 1.81488693
    1.21263289 0.869008899 1.86800456 1.7237612 0.928361535 0.767796695
    1.24913323 1.48418891 0.965160251 1.70367444 1.05331933 1.52231562
    1.18294084 1.30964434 1.07180023 1.46259677 1.21174109 1.26140034
    1.50347841 1.156124 1.61024332 1.36452985 1.32153833 0.885627747
    1.5941596 0.871678948 1.19522333 1.14956844 1.81121862 1.08951449
    1.75618136 1.75390828 1.22240865 1.1156379 1.86955047 1.04573643
    1.06181443 0.965643644 0.860022008 1.52179527 1.13401973 1.2571075
    1.50701559 1.05184102 1.51085472 1.42618966 1.85770547 1.1717037
    1.0701859 1.65213728 1.6675086 1.11633813 1.62615025 1.68749869
    1.69341969 1.59466136 1.37681115 1.51105416 1.34249449 1.40484846
    0.936560273 1.35579419 1.17697179 1.54719508 1.1453675 1.67350316
    1.72088861 1.66436374 1.19736946 1.09554994 1.49172246 1.80762291
    1.96581972 1.85510397 1.17063856 1.54996395 1.78782737 1.93563175
    1.48086834 1.91067719 1.79080319 1.13534808 1.61078036 1.62762129
    1.20130038 1.64793444 1.8034631 1.93826807 2.11077547 2.07406521
    1.95388532 1.13140678 1.07668042 0.900376022 0.928859293 1.02949238
    1.25193584 1.77866745 1.0372957 0.853276432 1.23968363 1.40715551
    1.72572231 2.08263373 1.66532791 1.36810768 1.49667025 1.47400904
    1.85691106 1.19763386 0.873489797 0.81550771 0.782057106 1.42374241
    1.83808625 1.25386882 1.74331796 1.31712985 1.01293707 1.42813265
    1.01849723 1.80211067 1.44787276 1.07188118 1.7966435 1.67309976
    1.3293767 1.24132478 1.5773983 1.33797216 1.06462371 1.70985615
    1.68724942 1.76114559 1.46008229 0.946109772 1.49658763 1.86897027
    1.44615257 1.6703968 1.57705581 1.7985183 1.63901842 1.6602875
    1.19658601 1.74722028 1.42862141 1.4880414 1.07043564 1.57430077
    1.62281954 1.87936354 1.29894781 1.182935 1.35402942 1.59769368
    1.96221387 1.83091557 1.46951985 1.64740992 1.24050009 0.950924993
    1.25061226 1.06601131 1.32760131 1.05207312 1.20492542 1.06238949
    1.1760174 1.35913241 0.869363487 1.42794073 0.939434052 1.62956583
    1.33913243 1.91070676 1.37765419 1.56613779 0.84503603 0.836649776
    1.03758073 0.993225873 1.57394266 0.818208933 0.944593608 1.47574329
    1.30537581 1.80004609 1.00103855 1.46265435 1.00396991 0.93127954
    1.72032797 1.01093066 1.12175214 1.66338205 1.44943047 1.63753498
    1.05725598 1.70755708 0.98700881 1.3285625 1.87558651 1.12476206
    1.14267957 0.824382484 0.8905195 1.30013144 0.847666979 0.889937162
    1.61940682 1.41319668 1.06973612 0.842137218 1.48847425 0.989352882
    1.31701684 2.0007596 1.81033397 1.80576408 1.70829308 1.87040091
    1.2496841 0.908558846 1.77820456 1.25468171 0.856744349 1.0279839
    0.875291526 1.24715793 1.17734432 1.57078743 1.26350164 0.883525133
    1.0310415 1.26011086 0.904850602 1.1015712 1.04862046 0.815272987
    1.31712496 1.58098924 0.664235473 0.956033647 1.08633852 1.38751447
    1.39374065 1.63190961 1.71581638 1.15084887 1.93414009 0.940813243
    1.72044086 1.86174774 1.38838983 1.58928978 0.841677666 1.47246885
    0.923396945 0.965367615 1.22792149 1.38915944 0.864261389 1.56217885
    1.40480292 1.78573704 1.568627 1.61519802 1.08852124 1.26240218
    1.14768124 1.81256258 0.86310786 0.848421037 1.28176188 1.12431312
    1.08643508 1.65728402 1.73758614 1.62801206 1.91901183 1.40765846
    1.12799358 1.71032631 1.20748258 1.02864206 1.53027558 1.79019392
    2.0474503 2.02182555 1.80570662 1.2038461 1.2794795 0.862936139
    1.08127499 0.777145267 0.962116718 1.31901979 1.61154318 0.964340985
    1.73986447 1.63033247 1.6779052 1.62865865 1.17128932 1.83898818
    1.03617883 1.15682673 1.85318804 0.925991654 1.29385412 1.12652397
    1.34849048 1.73857474 1.77343881 1.67847109 1.30806255 1.23884225
    1.37561357 0.939920247 1.4000957 1.17169344 1.13357186 1.74598217
    0.873830378 0.83133775 1.02699113 1.9282881 2.02913141 1.93050313
    1.2406497 1.70627463 1.95068097 1.46223557 1.9404006 1.24856782
    1.69503009 1.72090566 1.4863652 1.05787253 1.3143568 1.66539335
    1.53602564 1.70618463 2.00969648 1.83148015 1.87229788 1.84574807
    0.810888052 0.786647022 1.26916254 1.62015629 1.85277843 1.43591535
    1.22922719 1.75870979 1.6704762 1.73659873 1.62780702 1.39799833
    1.84508979 1.68022668 1.65642262 1.59402144 1.10419917 0.894445121
    1.03399503 0.855062723 1.66188407 1.91157532 1.88062799 1.81358182
    1.66356409 1.87742972 0.943235338 0.91868645 1.47334385 0.916561842
    1.13546026 1.07361317 0.838285446 1.67499673 1.31805277 1.21302783
    1.64877307 1.14367259 1.77786255 0.976274252 1.49928916 1.46283722
    1.15976477 0.838320494 1.6480428 1.82232344 1.14297175 1.84479713
    1.74731266 1.01469362 1.45431435 0.882612824 1.59939957 1.44589353
    1.28182566 1.80221152 1.27908099 1.30352819 1.89877498 1.84925437
    2.04316139 1.6958288 1.28767169 1.90690696 1.90648866 1.16857648
    1.47024584 1.67926824 1.36720097 0.999416471 1.19949794 1.57560098
    1.33386874 1.02991199 1.45109904 0.901346505 1.36245191 1.16885269
    1.84884727 1.23493743 1.63657522 1.44143593 1.61680794 1.83609927
    0.998176396 1.34256184 1.93533552 1.32404304 1.82665598 1.06779706
    0.94373697 1.25237012 1.27263975 1.25341189 1.96503711 1.81709874
    1.10196888 1.55604541 1.17496049 0.978527784 1.46516442 1.01162517
    1.63250649 1.86081004 1.89060736 1.59852207 1.15176666 0.978913903
    1.45481193 0.833088577 1.61414886 1.52095568 1.48410714 1.77638352
    1.25000441 1.52140117 1.68161082 0.992925167 1.41035688 1.44260025
    1.03575337 0.949359655 1.83366764 1.8758868 0.980631411 1.23224735
    1.76040745 1.79088616 1.83347774 1.01132631 1.06634247 1.01261759
    0.97921133 0.984370887 1.48147357 1.26436388 1.3111788 1.42846465
    1.15682018 0.73236388 1.21962845 1.03455448 1.31809628 0.80849123
    1.51021612 1.00973952 1.63341987 0.682656586 0.721164644 0.658036888
    0.998744071 1.17455828 1.08308923 1.74840689 1.47682095 1.0747323
    0.942422748 1.45065904 1.80509031 1.26592374 1.15668464 1.4100337
    1.20003223 1.4595381 1.04367149 0.897715271 1.240749 1.62256384
    1.23356926 1.49423552 0.862453282 1.20208144 1.09181023 0.771591365
    0.808525383 0.762554049 1.5678767 1.05958056 0.964564741 1.44590557
    1.23150015 1.38652205 1.81533146 1.30979836 1.15758896 0.970607281
    1.9024874 1.64990819 1.75075626 1.21925414 1.84592581 1.11312592
    1.25348449 1.61343408 1.40722072 1.74874079 1.49161494 2.04737997
    1.58182812 1.94006741 1.66440308 1.50330222 1.02765191 0.893398881
    1.25133383 0.980380535 1.54933965 1.37171614 1.13313091 1.72178257
    1.81140947 1.03818321 1.62852538 0.976795018 1.39351559 1.10366476
    1.53678012 1.42223334 0.919540346 1.16094887 1.44536722 1.34838653
    1.83096898 1.39310336 1.40127552 1.60436034 1.35010815 0.893458366
    1.63195062 1.59358907 1.56715858 1.2884655 0.935074329 1.08560646
    1.88800526 1.43359005 1.40230227 1.37296402 0.947811186 1.93784308
    1.34024048 1.23867929 1.47959054 0.838821828 1.53562033 1.11566341
    1.37887871 1.64341652 1.17431378 1.76942265 1.16866982 0.939633727
    1.81858265 1.45724702 1.89298856 1.6941539 0.927884221 1.06876671
    1.11364126 1.75540149 1.29814148 1.00723577 1.90033185 1.66994417
    1.5470351 1.42812276 0.941779315 1.89338303 1.06606102 1.3586359
    1.84986722 1.8173672 1.85156822 0.932115138 1.42594504 1.72477496
    1.58544898 1.26613081 2.04745483 1.88443351 1.10078311 1.87552202
    1.38423204 1.63892412 1.25468755 1.33320129 1.12699342 1.63256586
    1.16866112 1.16537154 1.4085027 1.01426435 0.730012059 1.4216584
    1.00669611 0.997610509 0.849505007 0.95610851 0.754552305 1.25493026
    1.78151369 1.40874732 1.94126737 1.98742068 1.82550168 1.03611124
    1.50181782 1.06061757 1.06008506 0.900748968 1.28710318 1.54941249
    1.02191198 0.978972793 1.59973288 2.01186132 1.81444407 1.88978446
    1.23455238 1.74688911 1.0863142 1.33470392 1.34611833 1.32679701
    1.35448539 1.22339356 1.25823641 0.966358125 1.86160254 1.09113848
    0.880795479 1.67561984 1.22396314 1.59832048 1.66728568 1.8654778
    1.42407787 1.47364902 1.41983557 1.71798384 1.68999219 1.60694873
    1.69400489 2.01057124 1.82548296 1.79622531 1.0384196 0.759903848
    1.22232962 1.61039114 1.97522998 1.36604929 0.877910376 1.12264776
    1.45009637 1.51580667 0.885273278 1.685426 1.95058429 1.48921216
    1.88328934 1.7410605 1.49395418 1.08403563 0.783481181 1.67667878
    1.04372764 0.894589067 1.67835605 1.96532059 2.01365685 1.94887793
    1.66672504 1.14390278 1.05483794 1.44468606 0.942999125 1.9537251
    1.00930512 1.91846097 1.49509633 1.79002082 1.20186043 1.81925809
    1.84666729 1.1220485 1.23033941 1.70144272 0.718364179 1.4382323
    0.919474721 1.62192345 1.37736619 1.29809344 1.13026333 1.0256474
    0.929766297 0.893593013 1.5303812 0.957638502 1.37859511 0.763405323
    1.16464126 0.781409144 1.08423793 1.02957678 1.18768322 0.54801631
    0.680358589 1.69573605 1.8422581 1.50613379 1.30755341 1.70337296
    1.03048635 0.89092952 0.974487722 0.910512507 1.10202479 0.696570635
    1.11504769 1.07614493 0.882422924 0.652129531 0.711338043
    0.786859274 1.37023568 0.785642266 1.18322182 0.938217342 1.56152391
    0.888530493 0.68173784 1.105937 0.979856431 1.68621182 1.75314522
    1.79148018 1.96238637 1.48791647 1.89589167 0.946127117 1.24474323
    1.94228542 1.35552609 1.68541169 1.51766646 1.676494 1.76028717
    1.61523759 1.07159936 1.40763056 1.05899274 1.50370073 1.55805886
    1.50669742 1.19325483 0.813399374 1.79070425 1.33813322 1.83267355
    1.7852025 1.07110214 1.23649633 0.969136655 1.57927585 1.23483145
    1.12327194 1.70207727 0.845567167 1.00161314 1.82635236 1.35538661
    1.61805677 1.82801425 1.93354666 1.83689058 0.997641683 1.68846345
    1.91829407 1.94317484 1.4977212 1.05708957 1.91087544 1.09273517
    1.5574466 1.45487332 1.83085382 1.88168037 1.62331057 1.76203775
    1.74924755 1.08713388 1.4167558 1.11411333 1.85420799 0.990406871
    1.69352973 0.888267219 1.16625714 0.720932722 1.15669584 1.51132524
    0.840906739 1.67599905 1.10658216 1.07631803 1.28994811 1.26960623
    1.03940535 1.75945604 1.10426819 1.46174526 1.07824492 0.975382686
    1.0101912 1.63997304 1.43016076 0.971141458 1.79611325 1.08349085
    1.81174409 0.966117859 1.09913683 1.40080762 1.07957411 1.82621479
    1.5040983 1.44983327 1.70146251 1.68826556 1.87848902 1.88283062
    1.75484991 1.55967391 1.99972785 1.6411072 1.47236085 1.87150764
    1.01480687 1.82461154 1.81759953 1.27464998 1.04342401 1.10909271
    1.0175463 0.869844556 0.755911767 1.06113839 0.97258848 0.810425401
    1.53888023 1.43714523 1.46301425 0.933578074 1.39380848 1.38644731
    1.59221363 0.919958472 1.69254112 1.09463704 1.02909851 0.765464962
    0.893039823 0.878588021 1.45719826 1.6926043 1.79843605 1.71647561
    1.45581448 1.35496354 2.11350989 2.13468528 1.85477316 1.16303325
    1.02777362 1.22625363 1.12994182 1.34907913 0.926213145 1.18852866
    1.75512064 1.13360536 1.24517334 1.82388854 1.88102221 1.63485217
    1.56951416 1.33969295 0.916292369 1.64900613 1.00213706 1.21855426
    1.25898087 1.37462592 1.91276181 1.5469861 1.54315734 1.966627
    1.68765271 1.34392691 0.836191177 0.929754615 0.902185917 1.30141354
    1.78276098 1.93248403 1.34981084 1.00837255 1.18526316 1.33877385
    0.801977813 0.87506789 1.20518172 1.8388927 1.6697861 1.46783197
    1.29492569 1.27966309 1.11500716 1.04030621 1.37984681 1.23653591
    0.911974192 1.84890258 1.63884914 1.4887135 1.57661664 0.930073321
    1.02924657 0.992666841 1.19448698 1.83722556 2.0185461 1.40470672
    1.96391594 1.6185087 1.5419277 0.988515496 1.83330691 1.23518753
    0.959502935 1.1992743 1.07161272 0.76434046 0.894228041 1.49931729
    1.31432199 1.07898271 1.86003554 1.64443088 1.60125673 1.53575647
    1.60695398 1.64843619 0.994325578 0.855121374 1.03166246 1.47686195
    1.53984296 0.872967303 1.38719034 1.31975353 1.52866447 1.53466761
    1.13232958 1.93258238 1.15276504 1.22460866 1.35802066 1.85439515
    1.62452137 1.73237312 0.904463887 0.959806979 1.00343287 1.14144695
    1.14992058 0.96320045 0.674389064 0.741436541 0.980166793 1.45937371
    1.35933971 1.78525698 1.09248018 1.09267902 1.46576941 1.01227462
    0.891044259 1.46258986 1.35540259 1.11102808 1.14932811 1.95660448
    1.76016915 1.61794221 1.572047 0.863017321 1.29756916 1.61031651
    1.37360728 1.44115925 1.57578444 0.986060679 0.980448306 1.27404547
    1.65855801 1.66099191 1.04431438 1.47319889 1.20974422 1.31760609
    1.38963294 1.04374409 1.3704859 1.16136038 1.58553171 1.05368626
    1.23233581 1.09438717 0.961167812 1.87985897 1.05577672 1.54063404
    1.16975594 0.811738491 1.07874095 1.92872298 1.89485848 1.63433194
    1.86373067 1.5009017 1.82548344 1.1605581 0.85627985 1.23390043
    1.3894521 1.37226939 1.93981183 1.67249334 1.28445363 1.0355196
    1.55694795 2.03653908 2.01100922 1.36386681 1.85040963 1.87370563
    1.56514525 1.15035427 1.92446864 1.91028261 1.35827112 1.09984338
    1.15882719 0.904447973 0.661831439 0.695286572 1.10903263
    0.753975391 1.23911786 0.818339527 1.58570266 1.55680788 1.17123711
    0.896660149 1.05731714 1.82160187 0.91907686 0.815196216 1.58331072
    1.7375437 1.11260998 0.937289953 0.985221982 1.76845181 1.20120919
    1.08484471 1.14169121 1.70131814 1.7995224 1.128649 0.990305543
    0.971908689 0.893746257 0.899544239 0.997495413 1.21853864
    1.71440446 1.6637907 1.46616471 1.23396564 1.89673567 1.9446348
    0.968224525 1.67694974 1.2718879 1.32384467 0.910192609 1.55411029
    1.38048744 0.975947559 0.82291615 1.04935479 0.981036007 1.55261886
    0.872633934 0.913619578 1.43671811 0.916946113 1.2412976 1.17878807
    0.95446533 1.15274405 1.19882655 1.24906981 0.797542036 1.17044187
    1.55778468 1.37508965 1.38095319 1.22550404 0.916793406 1.1954329
    1.44179904 1.20344663 1.78598714 1.87673795 1.5736289 1.65783966
    1.37238479 1.42756295 1.10911012 1.01554084 1.75104833 1.61752665
    1.6425885 1.20031941 1.2744143 1.53940904 1.32977724 1.41644979
    1.88807881 0.884099483 1.05721653 0.930034876 0.906007648 1.30443537
    1.46575439 1.24318194 1.68235254 1.74027681 1.09303427 1.14258432
    1.38821149 1.6351707 1.11747837 0.946592093 1.15956271 1.10370004
    1.14377189 1.26307392 1.21821654 0.956076443 1.36628246 1.00598502
    0.803537548 1.10133553 1.11141133 1.63028693 1.34933734 1.7420752
    1.96795344 1.26962566 1.5253824 0.890939534 0.844292939 1.05163634
    1.76513743 1.53549349 1.43275285 1.69786048 1.91613901 0.909131885
    1.22914088 1.18724704 1.71447873 1.95429921 1.30487108 1.97513211
    1.91338921 1.56969678 1.04993927 1.49571216 1.39240479 1.82393456
    1.74437261 1.01402473 1.6091975 0.934682429 1.71912038 1.59109282
    1.08070195 1.13526213 1.68448496 1.6924901 2.04826355 1.68257546
    1.71416628 1.24456763 1.35177422 0.750262618 0.881703377 1.71663439
    1.21686256 1.70313776 1.87878072 1.40239763 0.744649112 1.3171351
    1.42129338 1.27373242 1.78926015 1.21142542 1.35994351 1.83595896
    0.893306196 1.57868779 1.2985599 1.00467694 1.36131799 1.05044937
    1.73058283 0.759837449 1.68502712 1.29340148 1.6020782 1.31819773
    1.91293061 1.60383987 1.36090171 0.751002729 1.11797595 1.10653341
    1.72033298 1.59815288 1.73693788 1.85504305 1.17093205 1.94706905
    1.54342699 1.76943851 1.30544245 1.60955119 1.19479179 0.989462912
    1.17378795 1.82962668 1.4549247 1.81705236 1.0689739 1.73778629
    1.55156338 1.40406823 0.826784372 0.833033085 0.813924015 1.2695626
    1.1877166 1.12217224 1.27454209 1.02637017 1.47270191 0.905181706
    1.36460292 1.27962708 1.46753621 1.67097855 1.22273672 1.45311308
    1.66146457 1.2720114 1.57172155 1.43698812 1.95982003 1.30123198
    1.9214704 1.58153558 1.0868721 0.868107975 1.15975678 1.66459835
    1.09714007 1.41517937 1.51352632 1.53922606 1.21480727 1.3372674
    1.93173838 1.95586324 1.13447225 0.978629887 1.65799725 0.918319106
    1.92045987 1.96012962 1.99945223 1.86282921 1.45343935 1.7696681
    1.11975753 0.597034693 1.05559671 1.18964243 1.23236179 0.899065495
    0.663779378 0.808232903 0.845694125 1.24785125 1.63318443 1.77748108
    1.3122226 1.91772974 1.67916751 0.849348664 1.60996044 1.69289291
    1.45286977 1.07463551 0.846919954 0.996311247 1.16312933 1.1972816
    0.991173208 1.13966894 1.33327413 1.15832245 1.24443197 1.26889646
    0.849113643 1.10079098 1.10717225 1.7148931 1.48122036 1.886325
    1.7582351 1.18691385 1.62706709 1.30886877 1.27532554 0.931610763
    0.980587125 1.05994892 1.76441205 1.8452704 0.892531693 1.14321077
    1.59977806 1.28147876 1.26047468 0.85076803 1.25187826 1.49493659
    1.00409746 1.73590302 1.70986986 1.11359537 1.73462474 1.60534585
    1.14429522 1.1089648 1.02820837 1.27923203 1.71573937 1.24454737
    0.966637671 1.61171007 1.58326757 1.00601482 0.91633302 1.09969223
    0.89767319 1.65725434 1.22809052 1.0640763 1.53227186 1.01405597
    1.78733516 1.76452804 1.73405445 0.998560548 1.68777835 1.61485183
    1.343014 1.24135935 1.20653987 0.9338938 0.970196366 1.81165195
    1.77107286 1.3243171 1.67285013 1.79086542 1.66926455 1.32259727
    0.842175364 1.25951278 0.884309173 1.27184594 1.27176642 0.776624978
    1.13700521 0.913677096 1.26601958 1.42671978 1.44635105 1.42968655
    1.60002589 1.28008258 0.886000812 1.0425607 1.0347029 0.926254034
    1.26121271 0.796322823 1.81274807 1.25443006 1.97278905 1.80343616
    1.30574787 1.64474726 0.983860075 0.97338438 1.20246756 1.37711453
    1.80775666 1.70843983 1.803388 1.28858638 1.69104087 1.23682332
    1.02708685 1.51604962 1.71908331 0.963797271 1.64248013 0.834125936
    1.00745165 0.93617785 1.8604368 1.43881714 1.73260725 0.864964604
    0.823213935 1.51111829 0.807768106 1.16191912 1.08901048 1.47012877
    1.8341043 1.59250164 1.71865404 1.42766285 1.86237454 1.58043718
    1.36243963 1.74113107 0.954420209 1.03333068 1.96805584 1.99640691
    1.88276851 1.50719929 1.63300645 1.20932806 0.999669909 1.39839351
    1.58990896 1.37737036 0.983888626 1.24800122 1.34889674 1.16734445
    1.07014871 1.51828635 1.75267386 1.54032278 1.64826059 1.29614186
    1.1306361 1.26129651 1.44144046 1.65881622 1.18538928 1.92452216
    1.23432875 1.04364061 1.02806985 1.09663808 1.19984066 1.43454051
    1.42827106 1.10052085 1.76378512 2.0240097 1.28474462 1.80618215
    1.59076357 1.10423219 0.946097553 1.73858917 1.31405413 1.78175867
    1.99088955 1.45371056 1.5716176 1.41693258 1.82235146 1.07790387
    1.29150105 1.30095375 1.69505787 1.05122793 1.82582772 1.22527027
    1.69474077 1.00531816 0.843496084 0.905240715 0.785502017 1.61105263
    1.57486904 0.952363968 1.40304053 1.2506572 1.12016284 1.53297424
    1.6094327 1.81878293 1.98193562 1.51799834 1.15878165 1.15271211
    1.58397555 1.34090984 1.17294943 0.921132982 0.86701417 1.56578898
    1.53030336 1.96570814 1.96580446 1.95309615 1.55461955 1.4689604
    0.960184693 0.985064149 0.885529697 1.09683502 1.51703382 1.3066175
    1.96963 1.17884374 1.8665812 1.65640581 0.998851061 0.593271196
    0.744172573 1.16980195 1.04218471 0.712718964 0.716669142 1.36915779
    1.62233698 0.927551925 1.83793247 1.88394952 1.10817587 1.73834884
    0.92608273 1.43237531 0.971534133 1.04059267 1.3637166 1.80085313
    1.23799884 0.957395852 0.755219638 0.758162737 1.4653784 1.1279906
    0.878384709 1.13337874 1.73149931 1.07903433 1.14628923 1.51777256
    1.16637564 1.82477033 1.92085898 1.71657765 1.06998813 1.61137033
    1.50634515 1.0615443 1.35953355 1.38861597 1.08112752 1.85240865
    1.2203927 1.03305864 1.43417287 1.41788602 0.815247595 0.801920533
    1.31791008 1.3159678 1.59435654 1.87854576 1.48320782 1.10564828
    1.92225337 0.967133522 1.69661701 1.28084898 0.962671876 1.10582817
    1.39586091 1.42451179 1.42564678 0.906616271 0.884283245 1.85557878
    0.87838465 1.08226001 1.16332018 0.849993587 1.41099179 1.68555129
    1.79824626 1.27606499 1.02657652 0.745361149 0.794058681 1.70067716
    1.2369293 1.65036821 1.50664127 1.482952 1.16211593 1.10362661
    1.28115439 1.21487546 1.30546343 1.78646791 1.3034277 1.031564
    1.59648252 1.40394545 1.61868858 1.28489685 1.13051713 1.23465228
    1.05533624 1.16264987 0.89665401 0.747225225 0.756504059 0.790341556
    0.793131948 1.32849669 0.849418044 1.54429543 1.81760418 1.10895288
    0.796858191 0.72658968 1.70513034 1.74641371 1.28377175 0.706798613
    0.802065372 1.20225918 1.3716594 1.75415826 0.930545032 1.67550993
    1.14832366 1.78342032 1.67932558 1.72298872 1.65267909 1.75418866
    1.34477377 1.96336329 1.65463507 1.92478693 0.985453963 1.72335005
    1.12329125 1.55387139 1.22112966 1.04125834 0.986452103 1.406335
    1.81577945 1.71867073 1.68483961 1.20550978 1.57362652 1.27151227
    0.981572509 1.12955868 0.862475693 1.04790485 1.83644176 1.52516603
    1.82575023 1.70274234 1.57479084 1.06020081 1.6017499 1.62565744
    0.84629488 1.52461779 1.87717438 2.11027646 1.41420901 1.05290794
    1.1004678 1.31742752 1.30160022 1.39388728 1.63842618 1.4161061
    1.64409578 0.83888042 1.43440974 1.51471734 1.6517204 1.08558035
    1.7864486 1.22287488 1.68450141 1.27768528 0.849482656 1.18008184
    1.58153701 1.52732539 1.08956814 1.42204714 1.88967514 1.45036185
    1.5842253 1.81326294 1.33269238 2.00370669 1.03227937 1.80215359
    1.48388934 1.53751969 1.88979721 1.96887517 1.65143585 0.920690179
    0.725768924 0.885168076 0.957079828 0.947677851 1.73241079 1.9191469
    1.48919678 1.47088051 1.8651067 1.067523 1.2593497 1.47344697
    1.15796292 1.64999461 1.02246869 1.81204557 1.55852127 1.25151813
    0.796855867 0.925143838 1.65707231 1.20037997 1.38122451 1.50089335
    1.49135303 1.93437207 1.59708405 1.45851159 2.07787538 1.93913674
    0.946040154 1.01903355 1.43405187 1.95408595 1.64772284 1.00531614
    1.46830726 1.90842772 1.60685635 1.51285875 1.57837772 1.72561944
    1.84099472 1.7747221 1.4948256 1.80321431 1.57102346 0.933320045
    1.33349812 1.38507009 1.20551825 1.24718082 1.50083482 1.03186595
    0.963441789 0.764054716 0.715256691 0.853037596 1.02571774 1.2635026
    1.28830838 1.5155915 1.58740723 0.997317016 1.23442435 1.2182622
    1.82748926 1.79111767 2.0080018 1.64330578 1.4836477 0.991489291
    1.53300786 1.81225657 1.23515618 1.84398079 1.67007005 1.81696558
    1.35815144 1.48466492 1.84076107 1.81310332 1.39840567 1.74914825
    1.88469279 1.25210857 1.24965441 1.8652482 1.43941057 1.37318134
    1.86649179 1.79433918 1.39376521 1.43781793 1.18768239 1.41933036
    1.54286838 1.6656189 1.22432542 2.01927495 1.7061826 1.93870366
    1.37530065 1.82293499 1.5002954 1.32886195 1.49112916 1.01647043
    1.71797788 1.74522305 1.237867 1.51003599 1.69096816 1.89244831
    1.232283 1.39978194 1.14179552 1.07687593 1.46294582 1.18328619
    1.55264068 1.85195589 1.631598 1.80660617 0.878876507 1.35729086
    1.52985692 1.06615555 0.784129262 0.880466998 1.788831 1.10759544
    0.856617689 1.22693598 1.18128526 1.15821469 0.968420804 0.916357696
    0.817061424 1.00212896 0.748866498 1.289258 1.12420905 1.3800509
    1.72840452 1.52678216 1.5438714 1.17971504 1.28723133 1.07316375
    1.75569463 0.87714988 0.719603658 1.6010325 1.0565083 1.63636339
    1.78861952 1.28288472 0.829731762 0.949513733 0.968930304 1.10596228
    1.05188501 1.80325031 0.901569843 0.965435326 1.31653464 0.894592285
    1.76896346 1.19341516 1.02140224 1.57107615 0.696972728 1.18436718
    1.14253163 1.62536943 1.73170376 1.13600671 1.00201762 1.77088165
    0.857670844 1.23865759 1.4932276 1.69681001 2.03857517 1.83720577
    1.85970044 1.06410646 1.39617574 1.28497577 0.812841833 1.67448175
    1.1220715 1.54353857 1.27947164 1.39746833 1.40047753 1.8532542
    1.31998277 1.321468 1.18954432 1.32812345 1.38078308 0.751384914
    0.934342086 1.70884752 1.10693145 1.79777408 1.82828057 1.37754893
    1.34070408 1.81635523 0.926817179 1.01757133 0.936232388 1.83207488
    1.20691633 1.60164833 2.06286073 1.46511364 1.69507039 1.01947129
    0.813688517 1.62284207 1.35668147 0.859681249 0.968412042 1.21424448
    1.01429772 1.26652384 1.36894238 1.18991697 1.68341315 1.2259357
    1.02099705 0.978569865 1.80928195 1.28368819 0.901499808 1.06775343
    1.78609967 0.87090677 1.20342278 1.1514082 2.02026629 2.11392307
    1.96118569 1.59336388 1.47734594 1.125103 1.08442962 1.86193848
    1.0521698 2.01584387 1.44858837 1.18045461 1.62427402 0.956247807
    1.39018583 1.00757313 1.73513162 1.44755936 1.0879668 1.3360641
    0.957612991 1.77428246 1.88830757 1.19126356 1.66526103 0.937475622
    1.20148838 1.34965432 1.58852303 1.7779671 1.13640285 1.00883842
    1.04234934 1.8188982 1.57469726 1.42820692 1.49548078 1.55580342
    1.3040545 1.8709538 1.84090471 1.41825914 1.50699997 0.925595462
    1.54295194 1.96729314 1.93952262 1.75393438 1.36005437 1.97854078
    1.21678221 1.89064395 1.4011749 1.87359703 1.7868098 1.27887273
    1.76395369 1.29615855 1.03217494 1.7071296 1.82804179 1.59887278
    0.840840518 1.34046364 1.22934818 1.25175834 1.26489556 0.952145517
    1.51038218 1.27238727 1.14611363 1.31854081 1.32366121 1.32376051
    1.17835879 1.74133563 1.92059016 1.90222096 1.43786156 1.96958864
    1.90157712 1.11005545 1.12953937 1.79326415 1.54450917 1.37668741
    1.80102932 1.85090935 1.62475729 1.59317338 0.871331692 0.843963206
    1.41538525 1.2402004 0.947139978 1.44523692 1.60634637 1.20513046
    1.00977492 1.90831149 1.835989 1.72646296 1.96968031 1.7507329
    1.03143704 1.38740337 1.80229342 1.952631 1.98985732 1.22213936
    1.59315181 1.7250725 1.88912213 1.40825701 1.28837657 1.05388904
    1.05484724 1.6708653 0.820769012 1.00521338 0.807778895 1.56873047
    1.61036241 1.87770462 1.16804802 1.60922885 0.966935217 0.978124499
    1.23989904 1.58285713 1.59800351 1.65383458 1.01131821 1.38445449
    1.53455722 1.35006452 1.46086299 1.74803627 1.43571568 1.23734736
    1.51988471 0.989751339 1.71817255 1.43032813 0.734530568 1.07410264
    0.719605207 0.925663054 1.62027156 1.25991082 0.93022418 1.21570241
    0.891786873 0.93290472 0.940075397 1.80582166 1.17591333 0.996383071
    1.6631552 1.32986403 1.0358634 1.05611205 1.16582119 0.997071564
    0.845637441 1.32003593 1.62704992 1.41302395 1.79719603 1.70066297
    1.30606365 1.53029478 1.12233174 0.948650122 1.28018379 1.52735841
    1.59161139 0.817513824 1.31455195 1.69766772 1.02075374 1.77738702
    0.823028982 1.07985747 0.728275239 1.38851249 1.56180787 0.83864224
    1.12996495 1.12144673 1.31470609 0.969775259 1.0715667 0.936978579
    0.880595565 1.37771082 1.0328418 1.83839381 1.59023249 1.44290209
    1.48063648 1.28905797 0.860727966 1.27867115 1.05780423 1.34517193
    1.05713058 1.72866297 1.39638078 1.31952894 1.3089031 0.934370279
    1.7896204 1.8294611 0.951753378 1.04064858 1.59269917 0.979264081
    1.50069308 1.63311291 1.55941606 1.0982883 1.5110687 1.39686787
    1.95370471 1.83230388 1.40967166 1.7284565 1.71252561 1.4179951
    2.02777433 1.3922236 1.26534629 1.28479588 1.19022298 1.7577697
    0.948967457 1.54939723 1.18429148 0.852380276 1.73402202 1.03532374
    1.09490716 1.42259276 1.63068998 0.81623745 0.841524363 1.39727402
    1.58450043 1.41568029 1.38025606 0.912792981 1.3679384 1.63897419
    1.2913487 1.13820171 1.76522684 2.15721297 2.01318741 1.87386501
    1.59984696 0.932114363 1.58456361 1.2456218 1.77549732 1.8994292
    1.88448596 1.01490915 1.12758088 1.59027684 1.49745238 0.879252672
    1.42494798 1.47585082 1.10412741 1.06422901 1.57843459 1.5515039
    1.96069562 1.58648837 1.29425418 1.60911131 1.10569525 0.885273576
    0.917187631 1.30873954 1.52755058 1.343894 1.13045824 1.57239664
    1.30539 1.41822362 1.02258837 1.83454156 1.65752137 1.93183422
    1.90835941 1.76093578 0.971257031 0.889313936 1.54697645 1.82286942
    1.43890321 1.49513066 1.51340806 1.64024031 1.49051929 2.10343027
    1.5376879 1.7098527 1.37574303 0.971037269 1.40770638 1.64679265
    1.311553 1.40218937 1.57241166 1.00122273 1.00077331 1.2948103
    1.20261693 1.2106235 1.47584033 0.903539717 1.03320086 1.51046908
    0.75577575 0.846835852 1.13187993 1.77908707 0.947143257 1.20881319
    1.91609287 2.08134627 1.62631905 1.51525474 1.03902316 1.32136261
    1.05409002 1.83757746 1.07847023 1.87358797 1.16479993 1.70146811
    1.17886961 0.844516516 1.32021856 1.00393522 1.24355149 1.60035205
    1.86300385 1.28491521 1.20493305 0.904363632 1.69121361 1.26124954
    1.044204 1.73087442 1.90296829 1.05089045 1.65993345 1.38885975
    1.38735592 2.00385094 1.5957942 1.31179249 1.43057621 1.93602145
    1.88944304 1.98576164 1.89081764 1.56985605 1.83394492 1.12851119
    1.19231343 1.04381824 1.4388814 1.02711427 1.22726536 1.27224755
    1.74335396 1.88377059 1.71417201 1.97289753 1.82484591 2.07939982
    1.78975594 1.45643115 1.35897756 0.934792519 1.28124392 0.949051678
    1.47754848 0.852323234 1.0427413 0.854078293 1.07305014 0.873760402
    1.36754417 1.54397166 1.11085343 0.827914953 1.17257142 1.15504158
    1.64517772 1.75376046 1.51993811 1.50712836 1.02936399 1.14379954
    1.40241253 1.13743567 1.21206808 1.23424983 1.2998184 1.40970147
    0.913463891 0.884318173 0.919681907 1.13598096 1.5105387 1.32050908
    0.992772758 1.48198915 1.92691934 1.84927392 1.03504765 1.87200642
    1.59374535 1.16856933 0.914621413 1.01068521 1.39759123 1.75318325
    0.905656695 1.10936761 0.921499372 1.06848609 0.799316704
    0.826884925 1.12185609 0.768464446 1.76293921 1.00202107 1.74212229
    0.946639776 0.902944148 1.44633949 1.17211163 0.765474319 1.48389447
    1.13902962 1.43972695 1.89207637 1.49682009 1.31983078 1.71670175
    1.02362692 1.14039636 1.85936713 1.70137858 1.41100383 1.20673943
    1.71333122 0.994591296 1.78333831 1.22234225 1.57052732 1.36642337
    1.45531583 1.31618762 1.2264328 1.47054875 1.44266462 1.98962533
    1.98451841 2.04917192 1.93991959 1.615888 1.30974424 1.97261286
    1.67066383 1.72708392 1.86017847 1.97599804 1.83555472 1.3535403
    1.19511008 1.51396489 0.685319245 1.46559644 1.76974511 1.27458143
    0.873129964 1.05348837 1.74702704 0.992195606 1.18728793 1.29852104
    1.45727801 1.53794432 0.831995487 1.27407849 1.08211994 1.73529279
    1.21908212 1.0914197 1.04169154 1.85626507 1.62058699 1.19436276
    1.97738266 1.11912251 2.08805943 1.96985817 1.87461603 1.16076589
    1.35674739 0.819293499 1.49878991 1.10099101 1.20086336 1.64537978
    1.19268787 1.81200743 1.68590176 0.967862427 1.54141152 1.05143297
    1.05799913 1.60008562 1.37924397 0.958572865 1.76777828 1.44354749
    1.4454968 1.4574368 0.889033854 1.42290604 1.5874815 0.909355402
    1.2274791 0.966927886 1.55684209 1.7806375 1.53318703 1.03436184
    1.32382822 1.80488157 1.02437222 1.14754426 1.30419493 1.14191484
    1.06883585 1.49173808 1.21770823 1.37302041 1.71507239 1.03218043
    1.23159659 1.50362718 1.56613863 2.11018324 1.75702941 1.80475688
    1.79289699 1.48174524 1.38690948 1.13124764 1.35323584 1.05868363
    1.31333387 1.72983122 1.6607945 1.91721344 2.01836014 1.98636746
    1.49024558 1.05280864 1.26565385 1.12621939 0.812093914 0.883564711
    1.5430665 1.42216265 1.19657648 1.66761506 1.25166917 2.0988152
    2.0521462 1.2399776 1.85118735 0.941854417 1.32489884 0.790505886
    1.35921383 0.904870391 1.34272373 0.998108149 1.75863183 0.872894824
    1.23307121 1.82554114 1.52587628 1.545609 1.09116566 1.33072937
    1.63027275 1.12322772 1.56419349 1.82892621 1.91955221 1.50697243
    1.4619751 1.25016773 1.62450755 1.89818501 1.86849689 1.74576914
    0.957590878 1.60231543 1.33854914 1.62959075 1.1149658 1.34957981
    1.82379174 0.944114983 1.08989179 1.27541614 1.83201277 1.32184815
    0.9264884 1.15424562 0.866046488 1.19576657 1.87878048 1.16393983
    1.09374881 1.32373655 1.59182143 1.94512749 2.11595416 1.86652148
    2.00209141 1.2991569 1.02729142 1.00079894 1.27106309 1.07344019
    0.844697475 1.62438357 1.26782429 0.840000749 1.30687034 1.47697151
    1.06671751 1.0406971 1.22931373 1.057531 0.885529339 1.21226001
    1.54863584 1.90655506 1.51760173 1.13768506 1.59668994 1.11681819
    1.49891472 1.3744328 1.30691969 1.12012637 1.14018548 1.54454577
    1.58334553 0.806749821 0.879626095 1.28144705 1.70927691 1.90145409
    1.27786529 1.91614103 1.67529202 1.39366901 1.15478027 1.66207278
    1.3224169 1.67166889 1.78304124 1.1766609 1.90530574 1.89803219
    1.48005223 0.964281738 1.68954456 1.81410849 1.87268376 1.20343661
    0.991997778 1.64910102 0.893796384 0.793207109 1.06191099 1.05263317
    1.71578324 1.6158334 1.3857758 0.751708448 1.13194966 0.798729718
    1.55472565 1.3631773 1.35939646 0.827039599 0.932626665 1.10756516
    1.73427212 1.3276093 1.11228669 1.16212916 1.68156719 1.62086987
    0.94370681 1.18852723 1.12557328 1.78657603 1.57634056 1.32590604
    1.86229849 1.36257362 1.56836879 1.13408208 1.59748387 1.44523287
    1.91297424 1.83649087 1.22510648 1.78610396 1.92104304 1.81665277
    1.40552831 1.68983805 1.39315104 1.12849545 1.23729026 1.36427605
    1.64816034 1.63245273 1.9189533 1.44686854 1.42093217 1.78592622
    1.421767 1.1769166 0.969069481 1.7745713 0.808871686 1.01227272
    1.26411891 0.942618668 1.02494442 1.44755554 0.860519409 1.41274619
    1.44171345 1.57525241 1.18093646 0.962595582 1.91205442 1.48298037
    1.52884293 1.54114616 1.74341047 0.933520079 1.59880507 1.39621699
    1.19876444 1.68519652 0.969636202 1.5577296 1.48035324 0.93904978
    1.08235836 1.23464191 1.73433888 0.908306956 1.12119496 1.35365689
    0.894815147 1.28953087 1.91080403 1.78755808 1.94381881 1.61499214
    1.35811508 1.63648605 0.819760084 0.845187426 1.40685213 1.45934188
    1.03197479 1.47539759 1.02029657 1.01123631 1.26844454 1.43264449
    1.0462172 0.845844805 1.42417753 1.83181679 0.874342024 1.01512003
    1.03189921 1.20360816 1.64170456 0.958530545 1.67324579 1.29749501
    1.95656383 1.93484187 1.41233027 1.71083462 1.12389946 1.77205598
    1.78460324 1.22335696 1.32600868 1.16138077 1.35734522 1.52209294
    1.80857944 2.00318861 1.99741387 2.02469492 1.10768867 1.62109077
    0.90315181 1.47097111 1.31038082 1.82076705 0.937224686 1.28881347
    1.17301297 1.5646143 1.89987361 1.94898653 2.05618119 1.79919004
    1.90507495 1.60909259 1.18869352 1.00213408 1.203601 1.21675682
    1.90394986 1.8838315 1.18381751 1.23014295 1.67143428 1.30009878
    1.17507803 1.39635956 1.68624842 1.52790821 1.8040725 1.61648929
    2.06315255 1.93232727 1.70999622 1.0383817 1.3183018 1.33017659
    2.00030756 1.38285351 0.950698733 1.28905654 0.876736939 1.26377463
    0.973631501 1.52266848 1.13344491 1.28618383 1.34852171 1.23338091
    0.999869943 1.27392519 1.08039606 1.25840831 1.3779453 1.1106441
    1.63038492 1.03219724 1.59949172 1.20937252 1.24038863 1.900576
    1.74172759 1.81454158 1.55940068 1.28668535 1.56366956 1.65186822
    1.8020736 0.903638124 1.38174212 1.60290039 1.31758225 0.953797042
    1.31809449 1.78855526 1.02812159 1.44131231 1.40488362 0.857931972
    1.26099765 1.06823349 0.863392413 1.25504577 0.970963657 1.44840372
    1.60080624 1.52183867 1.82583761 1.29265916 1.69380987 1.37703717
    1.66378725 0.762795568 0.805654645 1.67160606 0.904170632 1.13943207
    1.08600509 1.90358615 1.60277557 1.10637736 1.535146 1.33163619
    1.52926481 1.77706385 1.53882074 1.90563738 1.66905951 1.71977544
    1.17778707 1.46229959 1.84381223 1.4972769 1.64295554 1.0369103
    1.2523737 1.99929094 1.5001303 1.77746916 1.28119361 1.29088855
    1.78498554 1.15319538 0.785689831 1.18290055 1.84159589 1.12253308
    1.00894094 0.762669444 1.20721471 0.88208735 1.08695281 1.0725044
    1.25462377 0.770693839 0.999757051 1.15163529 1.5632658 1.10809565
    1.39857566 0.937093079 1.15489089 1.72105551 1.05310953 1.53779197
    1.32530344 1.61818409 1.94714308 1.69177759 1.71192288 1.93763685
    1.83550787 2.1079905 1.7231698 1.24284053 1.4882108 1.20949161
    1.66050375 2.06867719 2.14252019 1.90610909 1.7597456 1.06869674
    1.36932898 1.06230211 0.750644624 0.91623503 0.978205085 1.8368926
    1.99144065 1.66616976 1.84715104 1.23689437 1.55135787 1.76814795
    1.40018845 0.883344591 1.18041682 0.986647069 1.54193723 1.46465433
    1.26048458 1.87020457 1.01003504 1.48465621 0.855991721 1.03940153
    1.32954001 1.71733212 1.80148184 2.03957462 1.27311933 1.64241457
    1.25694251 1.47421885 1.53684604 1.77663863 0.903095067 0.917168856
    1.19143891 1.46621799 1.14850783 1.20395291 0.901045501 1.84640837
    1.69725323 0.937229216 1.88651133 1.21154296 1.93426681 1.1739701
    1.22370076 1.00867641 1.39908564 1.39313507 0.980232477 1.68625891
    1.55131733 1.70464003 1.73349428 1.52927184 1.18887341 0.937424719
    0.935936093 1.00982618 1.03444541 1.08663714 1.69670272 0.948194087
    1.54640353 1.75771964 1.50064278 1.51823163 0.895754695 1.28130877
    1.16902471 1.14993036 1.39141417 1.57039154 1.684726 1.87662864
    1.464257 1.238814 0.954770625 1.77103257 1.44394028 1.4626354
    1.10315263 1.42331851 0.873203218 1.60891819 1.84170461 1.11735082
    1.58513141 1.26603246 0.990459859 1.77427018 1.07700431 1.69815016
    1.42432928 1.87541223 1.56696439 0.974007845 1.90236008 1.79105151
    1.70543492 1.67684817 1.59119952 1.84228289 1.90272057 1.23946345
    1.09631753 1.1297605 1.6238755 1.82741618 1.4015764 1.40634489
    1.05543029 0.849286318 1.06524253 1.76534629 1.91297555 1.13800943
    1.57156467 1.84617066 1.24750686 1.9120152 1.61589992 2.06965041
    1.33938062 1.18333411 1.0450151 1.76777351 1.84695446 1.90658844
    1.2629956 0.836324275 1.29267526 0.71989584 1.32618999 0.787187517
    1.23088133 1.05258107 0.995617628 1.61776817 0.888510644 1.59791005
    1.71311903 1.00845206 0.92185849 1.4342463 1.12662804 1.1620661
    1.12443244 1.32792592 1.97420573 1.48720789 1.70017195 1.82656872
    1.94025111 1.49441636 1.83984792 1.81707406 1.04338038 1.09464669
    0.919769466 0.837726772 1.50536799 1.65623999 1.00619602 1.36607373
    1.8688966 1.71997881 1.81731164 0.961509705 1.2672267 1.22043741
    0.984773159 1.84045112 1.79261839 1.00542319 1.30422795 1.85057211
    1.23847699 0.8943367 1.75126994 0.779161274 1.11752689 0.893307745
    1.01094615 1.5917114 1.06206048 1.82098305 1.25516641 1.72881842
    1.93226719 1.46652317 1.99754727 1.50814915 1.89435625 1.93929231
    1.37077403 1.7798748 1.4547112 1.67442107 1.3043896 2.01197457
    1.61916709 1.47900712 1.63319468 1.06701744 1.78981698 1.47059214
    1.76103997 1.84910893 1.70689893 0.96823734 1.77623522 1.59850168
    0.769018412 0.923082054 1.63494277 1.35768497 1.85015285 1.15106714
    1.20810127 0.924749494 1.23253226 1.7848984 1.69552279 1.03810263
    1.26052701 1.58780646 1.81283987 1.51975167 0.844565392 0.751339912
    1.24424338 1.11509407 1.68947542 1.70984232 0.974699795 0.935519457
    1.4940902 2.02357244 1.45343769 1.9008261 2.1362865 1.89539123
    1.8731823 1.49741244 1.68064284 1.80853796 1.17064822 2.1140945
    1.9199028 1.50272048 1.74495435 1.14668405 1.2069279 1.44802344
    0.770787239 1.35802972 1.48138452 1.09957469 0.975231767 1.19509041
    1.76772618 1.37448239 1.84387267 1.85775745 1.37476742 1.66135728
    1.39434373 1.28384924 1.92089117 1.47307408 1.45521402 1.84718633
    1.86334276 0.90430522 1.40798438 1.21137464 1.5317874 1.01323164
    1.45348835 1.89430475 1.46578395 1.99891698 1.79723263 1.41722405
    1.25243938 1.36101949 1.16113496 1.4764272 1.27566111 0.824935138
    1.16937828 1.88917804 1.83311832 1.43134654 0.933689296 1.49145031
    1.70418274 1.65242052 1.8844099 1.7312355 1.37936378 1.11308074
    0.992272437 1.26468134 1.54103708 1.74322724 1.24046826 1.30217421
    1.33792794 1.18418574 1.84975374 0.839709401 1.19209707 0.957648039
    1.70408714 1.39120281 0.901557386 1.57552028 1.38113415 1.24646509
    1.27873611 1.78436828 0.893399358 1.03937483 1.12360263 1.58280826
    1.51724064 1.85720897 1.66524005 1.46735322 1.87689924 1.22767627
    1.21727931 1.95683348 1.78176475 1.03131938 1.68294334 1.28444493
    1.84062231 1.10686791 0.883985341 1.01127827 1.60753345 1.51861727
    1.63301933 1.48061442 1.05030942 1.49481213 1.99135005 1.8338474
    1.35643578 1.41591871 1.26413572 1.68565977 1.91526878 1.21838593
    1.28942132 1.86712933 1.74812019 1.96941531 1.33185363 1.28743875
    1.5588969 1.79318607 1.30417943 1.66546071 1.38816404 1.74052393
    1.66151178 1.09921014 1.25023317 1.80013359 1.83833599 1.55226314
    1.89827371 1.17736411 1.6302197 2.06324935 1.15458333 1.15950716
    0.973102689 1.94721556 1.23298204 1.95995688 1.24041343 0.927185476
    0.791970849 1.04122102 1.55659103 1.70814168 1.05587196 1.55703712
    1.79875124 1.5356431 1.05484676 1.65372217 1.55860877 1.21557546
    1.562518 1.51168513 1.67330587 0.843815804 1.0046494 1.36800075
    1.89851761 1.73076046 1.5779711 1.85944068 1.09913838 0.961706817
    1.4242537 1.48991668 0.932058632 0.8692891 1.00813007 1.22441697
    1.34493971 0.933870137 1.82987714 1.65522075 1.34358299 1.20729148
    1.20763493 1.82370663 1.20776629 1.65557039 1.06209481 1.89464259
    1.23140371 1.5385102 1.78923011 1.50702941 0.913873494 1.59342408
    0.916778445 1.21784759 1.04003441 0.795036197 1.66469395 0.912465334
    1.81397033 1.59979165 1.8512975 2.06270289 2.06912708 2.05273008
    2.03651595 1.35349941 1.68538737 1.45765281 1.57995164 1.82919645
    1.11531472 1.62927699 1.65376341 1.29128253 1.76305676 1.51877797
    1.59474897 1.94908619 1.98953986 1.57532048 2.04653049 1.50219774
    1.1372695 1.59674895 0.950879037 0.831255734 1.18067575 1.82379603
    1.05494201 1.64282691 1.09813392 1.61955154 1.0461309 1.56972277
    1.83072829 1.28805161 1.07050323 1.76470792 1.03764427 1.11390471
    0.796982229 1.67382014 1.32883584 1.16304016 1.48117566 1.13480592
    1.51200771 1.66128063 0.99135226 1.60028386 1.72937536 1.0153966
    1.9215914 1.98210967 1.66512382 1.69063175 1.98095453 2.0433135
    1.37989259 1.61587596 1.61995745 1.84604144 1.72029519 1.38839436
    1.09053504 1.56190956 1.5937705 1.42313921 0.938212633 0.563681245
    0.837261856 1.72955024 0.899868906 1.30151355 1.52831078 0.97308594
    1.3822062 0.97608304 1.8547771 0.990387142 1.67836964 1.64242375
    1.52436221 1.54255557 1.39353156 1.34157896 1.39987946 0.998674512
    1.34436321 1.23096073 1.3046149 1.78981185 0.961893797 1.86878037
    1.78272474 1.38253212 1.56662869 0.958109379 1.05176663 1.62307906
    1.32977307 1.75849748 1.34967351 1.04315472 0.993942082 1.69007015
    1.85074127 1.06055498 1.33560503 1.91678762 1.06286359 1.90788901
    1.84112775 1.52568591 0.891429305 0.878665984 0.920168698 1.46196377
    1.36388421 1.79891956 1.23484433 1.88970792 1.71687329 1.82328546
    1.50979519 1.64475214 1.4479984 1.63749361 1.88591254 1.55803668
    1.28048801 1.10819662 1.83965194 1.75807548 1.45211685 1.35212719
    1.59282517 1.81367171 1.73097265 1.80067372 0.943814576 1.62105501
    1.22384405 1.61732662 0.969028354 0.982227743 1.02459705 1.9018954
    1.90964103 0.98750782 1.69548559 1.03477657 1.1126895 1.8309437
    1.17333519 0.970601439 1.46273768 1.78272402 1.89548159 1.20887864
    1.67146003 1.26324296 1.91204917 1.67987251 0.907461286 1.47276008
    1.12253749 1.68178236 2.00104427 1.1557411 1.91333115 1.35826206
    1.53319526 1.76490712 1.32108355 1.61602056 1.46909416 1.18526471
    1.43856037 1.66205692 1.98980343 1.14199662 1.44605064 1.36495697
    1.30193067 1.99160266 1.97987902 1.51269722 1.87388158 1.3403213
    1.66760218 1.95119929 1.32011664 1.66353524 1.77177846 1.94533968
    1.26752591 1.32007849 1.59979987 0.880963385 1.09754956 1.74330294
    1.25591338 1.03278172 0.913118899 1.83126533 1.75293803 0.921857536
    1.01559436 1.2324605 1.85133278 1.71338677 1.05275595 1.01362717
    1.4721688 1.6275332 1.48491979 1.41672707 1.53803027 1.90729725
    1.86140883 1.03376138 1.77367926 1.80460775 1.07619464 0.832634091
    1.13505816 1.27158761 1.13699675 0.776562691 0.976266921 1.77076054
    1.71996522 1.51017964 1.65824008 1.36865962 0.858321786 1.56241381
    1.03659642 1.43582559 2.01634145 1.93099642 1.05988955 1.00978601
    1.65393043 1.36766076 1.67237806 1.49739897 1.81039822 1.1193552
    0.884243548 0.850971878 1.38410068 1.21751618 0.843729377 1.1170131
    1.69966817 1.25566971 1.97499537 1.38060343 1.53124535 1.2513181
    1.59904563 0.846653163 0.858569324 1.14876449 1.36917973 1.58877206
    1.88295174 1.09786451 1.68122756 1.66745794 1.3078413 1.08003438
    1.07731044 1.21878111 1.84421837 1.80677903 1.33738971 1.29691887
    1.7617557 1.06648374 1.68679821 1.79330254 1.78972602 1.31482267
    1.20787752 1.54689741 1.78865421 1.78435218 1.61112952 1.47476816
    1.46145809 1.65161228 0.819195807 1.05064499 0.867539108 1.15080142
    0.879930913 1.12632358 1.61228538 1.32064724 1.26730335 0.967919409
    1.70415926 1.59046102 1.62879848 1.05332696 1.04768658 0.989810884
    1.55810952 1.50905108 2.03651857 1.96257079 1.12747931 1.82170475
    1.33645964 1.0182476 1.63790429 1.61903989 1.60886097 1.8905586
    1.29338014 0.851459265 1.41417348 1.50278544 0.708345234 1.38794196
    1.67422783 1.46524167 1.23804748 1.56216753 1.28029966 0.891510606
    1.4790293 1.44799137 0.828937769 1.4363215 1.20965862 1.50444412
    0.998269677 1.37123144 1.57645726 1.01057351 1.85726821 1.29715693
    0.871539533 1.6136353 1.09744442 1.25480759 0.878103137 1.34827173
    0.91318804 1.49194288 0.986044526 1.49059641 0.883548498 1.12484968
    1.80358863 0.865918398 1.4889704 1.80985546 1.15995777 1.54599798
    1.55381489 1.59212852 0.890924275 1.16160429 1.40401018 1.56878722
    1.67889571 0.932290554 1.68544996 1.51938057 1.00534558 1.10842097
    1.90804327 1.65156388 1.13618481 1.59998715 1.93707454 1.98814917
    1.63928139 1.5401603 1.99856114 1.45856106 1.05924261 1.72620034
    1.69227898 1.72719336 1.36739767 1.25295973 0.860467851 1.18811345
    0.911035776 1.15857995 1.20188081 1.72547436 0.925505817 1.30695665
    1.3117305 1.73105609 1.48455989 1.92550099 1.05569375 1.15660405
    1.25733662 1.80387032 1.54619122 1.31247389 1.48709643 1.45569634
    1.29333842 1.42556167 1.56458771 1.62677228 1.16460061 1.33401144
    0.877459764 1.2370851 1.28940809 1.0500654 1.07949162 1.87047923
    1.53190529 1.12532306 1.72086382 1.74088693 1.71550786 1.89722896
    1.08362389 1.86745453 1.45888925 1.80439961 1.81589925 1.3044858
    1.71703315 1.9128834 1.76326942 1.6981591 1.49940681 2.07031441
    1.22059023 1.40254366 1.0089581 1.34786844 1.67264426 1.90572894
    1.21066225 1.9312396 1.13736498 1.91202247 1.87461102 1.45108008
    1.6753509 1.64065194 1.11962998 1.5365572 0.927678645 1.6658802
    0.90384233 1.3345356 1.75517523 1.40092361 1.3285321 1.23773205
    1.28429782 1.98447144 1.43214309 1.52733052 1.19880271 0.995078862
    0.993942976 1.38182259 1.59083211 1.37347817 1.39169312 1.41675305
    1.52009737 0.881804347 0.796676815 1.20133853 1.30103636 1.60217452
    0.855772257 1.36774623 1.3506186 1.87414277 1.7952044 1.23520398
    1.5244118 1.45904505 1.3812449 1.01103234 1.42516017 1.53105593
    1.75940204 1.64491153 1.88532877 1.82632887 0.992979407 1.05986655
    1.17600644 0.984784722 1.26389122 1.07184887 1.63437629 1.47434533
    1.0160408 0.851462185 1.25638282 1.898103 1.32105303 0.926628709
    1.62946069 1.30488193 1.52968514 1.78573847 0.991586566 0.831896305
    1.52097571 1.81919754 1.35362887 1.60368979 1.30989158 1.31011641
    1.35361814 1.04445851 1.52198505 1.34692371 1.11883938 1.93967974
    1.98525453 1.30153036 1.9799937 1.13420331 1.77508831 1.03926027
    1.14272022 0.912671804 1.38893616 1.43262231 1.47930253 1.74487019
    1.89478528 1.37522995 1.22355807 1.9026345 1.1626085 0.951351762
    1.05647647 1.0585891 1.47092223 0.985594094 1.31755912 1.07761526
    0.905190587 1.36631978 1.66364884 1.49154305 0.945206761 1.69294834
    1.05155361 0.758008182 0.856169105 1.08830464 1.75334775 1.26797938
    1.14112449 1.37353575 1.16140139 1.78642917 1.61726618 1.75612509
    1.78419197 1.68250918 1.78985023 1.53419065 1.64934289 0.993371189
    1.10928071 1.29748607 0.758018672 1.74124217 1.24533141 1.85339844
    1.70988154 1.72221494 1.78507566 1.64966893 1.0434922 0.784714043
    1.45990837 0.776704133 0.927953422 1.03167057 1.55500913 1.51172185
    1.88425469 1.30658364 1.38921928 1.73731697 1.37336993 1.09261858
    0.768595338 1.06274641 1.44795835 0.849354327 1.57079518 1.5645107
    1.28492606 1.25458825 1.16413689 1.3593179 1.27487242 1.09327686
    1.55816889 1.87785852 0.982871532 1.73254335 1.49292457 1.08209538
    1.71155715 1.56069696 1.71816289 0.915624976 1.62882864 1.05619776
    1.57091296 1.11280811 1.51726031 1.77090394 1.74867916 1.59046209
    1.95311141 1.10944808 1.48670411 1.43777883 2.01802754 1.5379144
    1.57571685 1.51643753 1.33722699 1.58966947 2.06329656 2.01517057
    1.3670404 1.17386842 1.69974005 0.888162255 1.05950296 1.64394474
    1.55114388 1.50850832 1.27488434 1.13654602 1.81312931 1.15215862
    1.62953603 1.76309061 1.35910821 1.17018068 1.76005602 1.93147278
    1.58148587 1.09696615 1.60838187 0.955203354 1.88091564 1.28919053
    1.17529047 1.89706659 1.39452481 1.17256558 0.760923982 0.761746049
    0.810308516 1.77949488 1.05741823 1.25382102 1.71022451 0.876329839
    0.903350353 0.896535158 1.86922407 1.58060837 1.05395782 0.886459768
    0.958020687 1.83197773 1.51786971 1.20154262 2.10108995 1.80172694
    1.80597031 1.83807921 2.11209273 1.9044435 1.56313431 1.65742886
    1.45198476 1.34460843 1.13777709 1.89123499 1.83001637 1.53334153
    1.6430831 1.69954705 1.19848585 1.27287531 1.8063457 1.6663816
    1.25438666 1.65817583 0.954050422 0.947535634 1.18066478 1.82099187
    1.60808372 1.35180521 1.44164968 0.964886904 1.54817641 1.70253479
    1.76533079 1.24545109 1.82343376 1.24291348 1.07955241 1.45545769
    1.39875102 0.901194811 1.06273079 1.25022769 1.3266865 1.05343688
    1.20126724 1.03558898 1.83901107 1.50720799 1.21903086 1.80657363
    1.9397167 1.94951046 1.88517559 1.14606524 1.45033121 1.11150539
    0.998704374 1.01315212 1.62150609 1.95855999 1.24465525 1.72596061
    1.92450285 1.28966689 1.28414989 1.86377108 1.16573012 1.19752753
    1.07041049 1.47710586 1.00200152 1.75739622 1.84774804 0.90959537
    1.81252754 1.43909562 0.937381148 1.52636576 0.974246562 1.49043894
    1.29220843 1.77687216 1.55724847 1.08543742 1.14959967 1.21766376
    1.25056219 0.941346645 1.89577663 1.33472931 1.84495807 1.27485383
    1.46785045 1.3342284 1.4210366 1.07885396 1.94261789 1.51670611
    1.6390816 1.51515281 1.12344992 1.69556439 1.14170575 0.982991993
    0.98012054 1.33908558 1.69287062 1.04424191 1.07579851 1.89725876
    1.5210954 1.26882136 0.975604117 0.773595691 0.918040037 1.0880549
    1.51471269 1.78592288 1.38550889 0.979341388 1.63895214 1.03890431
    1.11484253 1.52679515 0.821095824 1.01973891 0.970088542 0.943158865
    1.70241845 1.29560435 1.52881646 1.57315814 1.88390863 1.19316602
    1.63247001 0.985890865 1.49384165 0.899903893 1.55214643 1.27609718
    1.00750279 1.16445482 1.01813102 0.720128834 1.14572477 0.692093551
    0.483165085 1.54374802 1.85153937 1.17998612 1.81220126 1.23770201
    1.84190333 1.24252617 0.942280293 1.60540545 0.906807482 1.37195325
    1.84157681 1.14569211 1.97917199 1.91295195 1.05323935 1.41857791
    1.48907721 1.10527205 1.31608677 1.1206224 1.186759 0.972379684
    1.41522789 1.39165294 1.80830669 1.73048067 1.31086314 1.45096231
    0.96861434 1.73422384 1.29941416 1.41595912 0.902223587 1.53889561
    1.49084997 0.871504486 1.03443897 1.03980863 0.82592082 0.763173282
    1.03011596 1.12599599 1.191872 1.22610128 1.9026314 1.08258188
    1.83773124 1.06578445 1.42589462 1.78987515 1.40432191 1.14640129
    1.88639808 1.85619748 1.43264401 1.75522411 1.24510217 1.0588547
    1.16488624 1.89731371 1.8094784 2.08965826 1.43101466 1.70178568
    1.01903892 1.82481492 1.76778102 1.07908535 1.87551022 1.74415135
    1.0877409 1.45201004 1.25141716 1.01803768 1.02525508 0.876774549
    0.936982214 0.911668122 1.32038677 1.42830193 1.2654171 1.91357183
    1.51938105 1.35341251 1.32655227 1.19306874 1.19433546 1.42173028
    1.52050149 1.11174309 1.0444802 1.26095724 1.14031386 1.00253868
    1.72175241 1.49704373 1.63999569 0.767688036 0.853392899 1.05662942
    0.813480496 1.09702647 1.85213447 1.76782262 0.965996683 0.885269225
    1.22667265 1.75860083 1.88738394 2.09161186 1.92194295 1.90757251
    1.13623381 2.02505946 1.80752206 1.47227848 1.89802241 1.82852936
    1.09480202 1.23903811 1.00241721 1.61531246 1.12033296 0.889276981
    1.14594543 1.42360616 1.78397679 1.25394928 1.02442133 1.43184233
    0.852620721 1.18310308 1.15440738 1.469365 1.47428668 1.80179155
    1.80428731 1.66557062 1.16980314 1.84037137 1.47548676 1.15587986
    1.45716381 1.63481629 1.35977602 1.58286726 1.68498433 0.934875488
    1.55351341 0.878881633 1.35723829 1.19962156 1.9102006 1.30119658
    1.3705312 1.60669816 1.33183682 1.29896069 0.960276604 1.06203914
    1.18972433 1.65893328 1.80859661 1.21917081 1.11200345 1.48432779
    1.59118485 1.2346437 1.3584007 1.12178481 1.90019846 1.73880672
    1.22177339 1.37728345 1.54399288 1.72231996 1.85462213 1.29832482
    1.50743818 0.873204112 1.35129011 1.83067501 1.74030483 1.94169688
    1.16361034 1.48380184 1.26517141 1.82234657 1.1751641 1.71790278
    1.88714671 1.78542197 1.94367218 1.35283828 1.55888724 1.51271439
    0.986017764 1.74502003 1.0992142 0.953895211 1.81724191 1.2430501
    1.41137898 1.59771121 1.17437887 1.30668581 1.78584039 1.74840951
    1.25314093 1.40728223 1.49651086 1.78500247 1.23835599 0.755041659
    0.757655978 0.852444947 0.825948954 1.33657408 1.43462312 1.01436543
    1.57457578 1.18860304 1.40242875 0.970811367 1.51575243 1.2122426
    1.88633978 1.04326975 1.80999565 1.82349706 1.21669936 1.18765187
    1.24655592 1.71708679 1.84747195 0.982169926 1.34424126 1.09580851
    1.82566798 1.26600266 1.04197395 1.37706006 1.46857142 1.02750099
    1.01369524 1.07665563 1.14164305 1.61465895 1.13758874 1.59618747
    0.839606404 0.665909171 0.755764306 0.917515934 0.545189083
    0.701079726 0.847909927 1.29558921 1.14619613 1.08465195 1.06730449
    1.63253546 1.09821665 1.7275784 1.33215582 1.29057145 1.35035968
    1.46414995 2.09719491 1.86074865 1.19725227 1.41219687 1.71052873
    1.62293625 1.03796291 1.25101995 1.45584834 1.14118183 1.11096597
    1.40247798 0.891467214 0.981770515 1.69686103 1.53643644 1.97551155
    1.70626628 1.22872925 1.4058367 1.47952652 1.34473634 1.26973641
    1.49971163 1.69827902 1.01220834 1.12746096 0.863547802 1.47546113
    1.82890546 1.7527293 1.80377984 1.61650455 0.825482488 1.17419243
    1.3276186 1.91709685 1.54231799 1.9674747 1.31172466 1.42245686
    1.76373458 0.882866919 0.813406646 0.826815844 1.23910153 1.4948827
    1.54655671 1.7696718 1.93629944 1.80995703 1.18070948 1.07882738
    1.28054214 1.84226906 1.978652 1.68111825 1.11920786 1.49400401
    0.986388981 0.750049889 1.37179279 1.503178 1.56723738 0.885460317
    1.6741991 1.49154294 1.82480562 1.31882119 1.16724157 1.3571049
    1.37518883 1.71448588 1.48445725 1.20772874 1.32516944 1.51124656
    0.922086895 0.906339467 1.62217093 1.73950326 1.43803871 1.21697199
    1.75932634 1.31335473 1.26447511 1.56285286 0.959402144 0.832639933
    1.28394628 1.73786747 1.83201241 1.51564145 1.69976294 1.32302928
    1.65510428 1.64835775 1.40921915 2.04421425 1.48408949 1.61557186
    0.991770864 1.78823686 1.3416636 1.41580427 1.23513854 1.0873704
    1.38632059 1.05694032 1.01942706 1.17012537 1.294927 1.01136947
    1.41097212 1.44021022 1.39989495 1.75741494 0.929670036 1.44852161
    1.74587131 1.86698461 1.67227125 1.20238733 1.31058609 1.34502912
    1.57280576 2.01817846 1.18743682 1.19054258 1.13707781 0.808802307
    0.858011365 1.5011785 1.52167225 1.34797943 1.38877499 1.17871439
    0.966091156 1.89170206 1.94519627 1.40971851 1.86026609 1.33723736
    1.16666222 1.69117844 0.986917555 1.38731742 1.48466909 1.52069736
    1.94506443 1.70691335 1.04935515 0.885413229 1.29209208 1.24877214
    1.28270292 1.75432003 1.31971025 1.92658067 1.0945189 1.08004236
    1.57800293 1.21326435 1.36004603 1.39774537 1.50432432 1.85023761
    1.35959125 0.839704394 0.966371894 1.51015544 1.42798626 1.89466989
    1.76703179 1.2126056 1.45075607 1.43817163 1.89679646 1.85560918
    1.75443673 1.8089174 0.87965256 0.872921228 1.10905182 0.964750588
    1.81001365 1.20691109 0.955880642 1.10211861 1.18760419 0.842816412
    1.35277927 0.87262857 1.51722145 1.52229798 1.05867255 1.06527519
    1.03614712 1.43434131 0.973943114 1.05339563 0.908335447 0.783912122
    1.64514315 1.60385835 1.09761238 0.955362201 1.63150108 1.56006074
    1.37516975 1.43304753 0.964072883 1.32739842 1.67551315 1.13138402
    1.57577586 1.73350286 1.69266462 0.883737683 1.66318846 1.25851893
    1.68886197 1.80548751 1.94677293 1.21235788 0.983358145 1.25247884
    1.46784949 1.05149555 1.86418366 1.09610653 1.69595444 0.974792778
    1.41772163 1.53147519 1.22763336 1.65428662 1.52581608 1.2092284
    0.905108809 1.24545836 1.27651274 1.51495826 1.16181338 1.67989886
    1.43004119 1.40330577 1.50652385 1.49930608 1.30665708 1.44871449
    1.65333724 1.58451676 1.99956656 1.96369505 1.98111928 1.97647333
    1.46812296 1.77521825 1.12542045 1.09027946 1.61119092 1.55536997
    0.862542927 1.37708092 1.55627835 1.5229528 0.988644779 0.99375236
    0.988265574 1.82806718 1.95281219 1.82432461 1.14252436 0.898861349
    0.829164147 1.07237494 1.40965009 1.19112718 0.793076038 1.05889714
    0.885556936 0.811214387 1.62107897 0.882483423 1.09822881 1.48785114
    1.8680917 0.800466657 1.5470829 0.892300308 1.68596733 1.58570826
    1.45909524 1.59531581 1.49926507 1.78841925 1.32217371 0.784868836
    1.37818408 1.41350794 0.887834966 1.34778929 1.48556066 1.12396491
    1.9323175 1.27779961 1.32719052 0.990517497 0.973012567 1.22241354
    1.65745687 1.39691472 1.37692726 0.832587361 0.832930386 1.18915129
    0.801972628 1.75583541 1.16834319 1.41871202 1.39544082 1.29016984
    1.37667012 0.887268007 1.51082408 1.15858114 1.72958279 1.34899426
    1.15608466 1.46645057 1.40120602 1.51836181 1.00928354 0.855715215
    1.50957024 1.61735785 1.77070737 1.52270365 1.8888613 0.931027949
    1.23175251 0.762850165 0.971676171 1.56878674 1.65331995 1.41994119
    1.04528129 1.05467558 1.82473719 1.69958627 1.21293485 1.77651048
    1.00199294 1.42869103 1.77024698 1.33999681 1.39202118 0.998339951
    0.864174128 1.12974644 0.749648511 0.767557859 1.53713584
    0.957883656 0.76672554 0.71516937 1.23568106 0.887980998 1.76647162
    1.12517631 1.53838229 1.38285875 0.943446398 1.77479577 1.88018513
    1.2364341 1.65612519 1.60760248 1.83693206 2.14269209 2.16741204
    1.59544492 1.40487349 1.1894176 1.18567586 1.00597751 0.772135556
    1.06138742 0.967913508 1.72277224 1.05430853 0.992690325 1.70322239
    1.07946992 1.37081409 1.9927727 1.04729652 0.913854659 1.30724227
    1.28783524 1.45177376 0.789249897 1.29901862 1.34218061 1.23231983
    1.92362964 1.20369756 1.29583454 1.34400308 0.790972292 0.804872751
    1.06969535 1.53236341 1.24398959 1.20019269 0.828725994 1.28472519
    1.18177855 1.78475726 1.38215005 1.25932956 0.950115144 1.63211977
    1.02771914 1.18182182 0.84040302 1.23100972 1.18162644 1.75720179
    1.25038481 1.5760504 1.56670928 1.83719075 1.93100214 1.58721185
    1.12244403 1.67825007 0.830956221 0.833200157 1.16582894 1.30968773
    1.35688794 1.04907274 1.63376665 1.31981945 0.980522513 0.886422932
    1.59388566 0.974495828 1.79032004 1.69392145 0.908087373 0.765157104
    1.30090535 1.09945023 1.8014493 1.6556946 1.17238927 1.11622548
    1.22929454 1.73107362 1.21887088 1.2140708 1.23064613 0.976637959
    0.924889684 1.39565301 1.18685555 1.18273473 0.997609496 0.999930799
    0.799105644 0.973183572 1.67887151 1.80813956 1.7670145 1.92419183
    1.79970491 1.63432586 1.47241533 1.06853604 1.05076206 0.983413875
    1.81940079 1.33166015 0.944647968 1.56713152 0.755215466 0.857401252
    1.26760709 0.9650352 1.59250188 1.61075079 0.723228097 0.816834986
    0.997795522 1.03120852 1.32177997 1.36199558 1.18516266 1.10883534
    1.35103726 1.06216252 1.72087371 1.51437783 1.75601459 1.95202303
    1.1919558 1.40968108 2.13765335 2.15982652 2.04474187 1.38410735
    1.13353288 0.845357835 1.60293591 1.71277571 1.01502264 1.5207063
    1.31281936 1.63004231 1.89402342 1.55239248 0.976567686 1.30507541
    1.69149733 1.62754464 1.21390581 1.03862453 1.39060521 1.32606173
    1.2533493 1.31295347 0.873386204 1.32112765 1.38357389 1.58551776
    1.79192197 1.59769547 1.71116543 1.23861897 1.240165 0.948453069
    0.819137752 0.791049838 1.5320127 1.59937155 1.51954281 1.07005346
    0.909541726 1.75856507 1.11041248 1.2259481 1.16172719 1.59459424
    0.994149208 1.00895226 0.806968153 1.4029541 1.51245356 1.03601205
    1.97590101 1.54943788 1.21359897 0.938696325 1.49775934 0.956376135
    1.13468087 1.81904376 1.6043371 1.45341241 1.66855454 0.904166102
    1.30731988 1.67628694 1.76940012 1.09441829 0.75715059 1.06425393
    0.778466344 0.837364078 0.864615142 1.04609358 1.74214792
    0.873558879 1.61054301 1.75332355 0.99093926 0.836004198 1.64183593
    1.7078253 0.935949683 1.18004549 0.952726364 1.45021415 0.936303139
    1.56172597 1.44560289 1.60723376 1.52489877 1.69116616 1.5695914
    1.06733727 1.05963552 1.93818176 1.31525207 1.85682929 1.57386076
    1.07961786 1.41577888 1.33059251 1.63780916 1.84741747 1.40240848
    1.01219356 1.23143816 1.0368439 1.18782282 1.27085042 1.24008846
    0.822090387 1.00930202 1.71096325 1.54470038 1.90743017 1.64941084
    1.67942047 1.22733474 1.22215545 1.79523802 0.903541982 0.866559029
    0.99383986 1.54792619 2.12811136 1.96858501 2.07742691 1.69531524
    1.41846955 1.05137742 0.761433959 1.4244839 1.13364971 1.02166355
    1.64190209 1.31016541 1.47154748 1.05616093 1.14512515 1.2671622
    1.84623301 2.03122211 1.7296834 1.14893544 0.895810366 1.47255909
    0.941163242 1.29108059 0.836164713 1.18841588 1.57572019 1.80482352
    1.88332486 1.73879707 1.09856951 0.966907859 1.08169603 1.10459197
    1.71979392 1.24520552 1.11269593 0.924195945 0.880910635 1.15816009
    1.73457527 1.08808649 1.35959911 1.83651376 1.51860642 0.810516059
    0.875518322 0.882805705 1.18065596 1.27192318 1.38317263 1.14547122
    1.8824271 1.39847255 1.3118968 2.06016898 1.77902162 1.59522879
    1.89489079 0.846877933 1.43044627 1.47738481 1.52617598 1.28457439
    1.72197807 1.34184647 1.36746955 1.61285079 1.02387869 1.84532511
    1.58690107 1.65711391 1.66197467 0.878443182 1.07067192 1.46240687
    1.82242846 1.59597528 1.94866073 1.48484945 1.69531095 1.32012665
    1.30409181 1.90640235 1.60985124 1.77143252 1.76128149 1.16756999
    0.903923035 1.44839478 0.924178123 1.68030977 1.55557024 0.876224041
    0.947733581 1.04271102 1.20047081 1.74023175 1.99872625 1.97803593
    1.32047975 1.96516573 1.37990034 1.42822814 1.57444632 1.46279013
    1.12702465 1.0031327 1.46231639 1.41956115 0.767354906 0.891621232
    0.921794415 1.07159293 0.832268059 0.765484333 0.723681688
    0.894224107 0.768737853 0.559186816 1.55212331 1.72766888 1.46683693
    1.16094279 1.68187678 0.923340857 1.09668899 0.935269415 1.36689568
    1.44880831 1.85721803 1.22726178 1.51921892 1.87003839 1.00209355
    0.999688447 0.894736588 1.54198992 0.972848535 0.895652413 1.8517195
    1.31310308 1.48251331 1.36241877 1.48690021 1.72751343 1.9127413
    1.17482769 0.90986824 1.78334582 0.903733909 0.933786571 1.2761023
    1.38539302 1.58663285 1.04535151 1.54871869 1.7319355 1.67046297
    1.10627735 1.2498889 0.930559337 1.40216243 1.69202864 1.32335913
    0.835458517 1.49390101 1.04550886 1.37594986 0.897268295 0.905758142
    1.17818785 1.74591422 0.839365423 1.64061511 1.27344251 1.21525991
    0.932215631 1.23013759 1.1842761 1.48395717 1.70649636 1.31991518
    1.93581223 1.60570931 1.36284006 1.75240254 1.6434505 1.38361168
    1.32992375 1.84996438 1.21806777 1.19641137 1.1803093 0.925321758
    1.24894762 1.62552977 1.13617635 0.801099598 0.694027245 0.943886638
    0.664688349 0.741763294 0.947790802 1.28413737 1.65009713 1.15791655
    1.59243965 1.79573309 0.949318409 0.809580684 0.940209448
    0.890298069 0.799552023 0.896479189 1.74615371 1.45662272 1.37005126
    1.47555637 1.00650346 1.4344902 1.52351797 1.20388281 1.06435001
    1.70894432 1.07221591 1.14091146 1.76038611 1.62024224 1.5345788
    1.08484542 1.61794662 1.67065799 1.70707154 1.89474142 1.78895652
    1.32931745 1.30318022 0.835335612 0.803703308 0.838739097
    0.943029881 1.35380936 1.62066138 1.14937449 1.35302782 1.84629714
    1.86104321 1.25816607 1.571257 1.93027794 1.07444692 1.30596304
    0.849894166 0.960173011 1.84056187 1.46656072 1.8222661 1.88336504
    1.77611041 1.86460733 1.48762906 0.913184583 0.852087021 0.960490942
    0.817819476 0.731478214 0.825761199 1.41987431 1.64736581 1.08576393
    0.881597817 1.79561543 1.74695742 1.30051947 0.979130864 1.32275116
    1.07360709 1.17430115 1.58561933 0.852570057 1.26516259 1.58310676
    1.49232745 1.67529392 1.90094316 1.23658609 1.62006247 1.60278487
    1.34266794 0.917645395 1.58347738 1.60858083 1.81636965 1.22646606
    1.59457922 1.41550672 0.95015353 1.52440834 1.08556509 0.955126286
    0.803282142 1.7063992 1.60011876 1.29320216 0.789214134 1.05231237
    1.78233933 1.3272382 1.95000827 1.34946632 1.9349581 1.10720062
    1.02494359 1.96549034 1.17581725 1.77166247 1.39357424 1.58163702
    1.94326282 1.4823997 1.85143828 1.37221611 1.25579631 1.47008479
    1.0624826 1.89043212 1.99295366 2.0086844 1.34694862 1.25467801
    1.71007609 1.83755064 1.12450314 1.53813374 2.03033304 1.81626034
    1.67531383 1.59799659 1.73706007 1.57757306 1.70315111 1.2241075
    1.01759887 0.964913905 1.42589521 0.796560943 1.20493197 1.39754736
    0.813810587 0.798961878 1.70993006 1.15968072 1.14206517 1.62508035
    1.90033805 1.18602049 1.84010756 1.40969157 0.906716526 1.5920819
    1.21073759 1.42806923 1.14131391 1.56642938 1.45272565 0.882359684
    1.64348817 1.58805001 0.898054063 1.77164662 1.28576171 0.726390421
    1.50957596 0.45281601 0.519715011 1.22767377 1.0311774 1.45392847
    1.51211047 1.53569055 1.08671594 0.947142243 1.45151377 1.84146857
    1.15718424 1.94265628 2.02412176 1.98564243 1.80464911 1.25955367
    0.867839098 1.6031698 1.53499854 1.37016928 0.8134619 1.69655979
    0.989589572 1.28276944 1.84407306 1.63490212 1.24315834 1.78738296
    1.73028827 1.22917426 1.15368068 0.939292371 1.72957826 1.21822131
    1.11090732 1.54533947 1.73968506 1.52441776 1.06331575 1.23671222
    1.63257802 1.78853774 1.33472693 1.48961186 1.15603602 1.52915895
    1.35519552 1.29544139 1.30070508 0.744929373 0.836935163 1.29956472
    1.55665052 1.11141324 1.47165191 0.895578563 1.14013302 1.79075837
    1.71961033 1.82679784 1.84640336 1.61459696 2.08200431 2.00781441
    1.3500272 1.59958088 1.14437926 1.10615993 1.16916275 1.65554452
    1.70634639 1.28503323 1.61462033 1.64891231 1.28992224 0.978368938
    1.42409563 1.54095447 1.69488478 1.00520384 1.731516 0.802080274
    0.836264491 1.61265326 1.06848156 0.801384747 0.960955203
    0.935888767 0.849019408 1.67804086 1.81327713 1.46499348 0.758097768
    1.28796041 1.22648466 1.03581631 1.36454356 1.49943757 1.51760113
    1.12689388 1.33420992 1.76641083 1.31459534 1.43872249 1.80031943
    1.86219764 0.992745578 1.91610456 1.88234031 1.37603498 1.94842219
    1.78650999 1.39767587 1.68704057 1.76596165 1.14902592 1.48093259
    0.829390466 0.938792825 1.32052374 0.828250289 1.50028074 1.18460846
    0.834865093 1.29939938 1.622733 1.31886375 1.01177847 1.68012607
    1.33720672 1.59907568 1.73868525 1.84032977 1.64515388 1.23713887
    1.80142069 1.9378463 1.82809889 1.62085068 1.59483409 1.10101497
    1.05200958 1.26377165 1.3037405 0.878671288 1.07512915 1.24088836
    1.41737688 1.1132822 1.59318697 0.822993577 0.718605042 0.906513095
    1.52562976 1.64545619 0.984601974 1.83602774 1.10276091 1.76128089
    0.991002917 0.810621738 1.10704422 1.52439976 1.29553378 1.69067883
    1.9700315 1.22665656 1.82542193 1.73062134 1.73392844 0.842999101
    1.25213528 1.24690056 1.24145603 1.34465814 0.947588861 1.07941782
    0.942004621 1.36948836 1.84825492 1.25178874 0.923256874 1.5880965
    1.3037231 1.54708207 0.761335969 0.935139477 0.900063515 1.07287133
    1.31712914 1.26531315 1.39520133 1.75645292 1.16179109 1.75762129
    1.89188421 1.61672676 1.329826 1.27812171 1.85961235 1.14745116
    1.93348789 1.01000214 1.40122807 1.37392879 1.46639967 1.62930155
    1.81499887 1.67519057 1.84796584 1.42092109 1.4461031 1.2902633
    1.64956498 1.01307857 1.25772893 1.77470362 1.35556364 1.46800303
    1.82329392 1.13047826 1.37107003 1.09588993 1.39983404 0.994378686
    1.70026755 1.34534025 0.935588181 1.20434082 1.84353256 1.463485
    1.83212554 1.52882683 0.929249227 1.50504708 1.12546313 1.13065088
    1.46945286 1.66793585 1.93957436 1.17502153 1.75824821 1.10929143
    1.41256595 1.35228872 1.06281424 1.42335427 1.16622901 0.766955733
    1.36783004 1.25762331 1.86576891 1.34378684 1.19799364 0.895348489
    0.570359826 1.19621873 1.05404818 0.834548354 1.35982823 1.36001527
    1.19749415 1.18487203 0.999388337 1.26671636 1.51044106 1.81973243
    1.32579553 1.79188991 1.11203659 1.83117831 1.88276637 1.84324944
    1.67472792 0.835903585 0.775670469 1.0844512 1.69266248 0.983776987
    1.88051534 1.98032999 2.01149225 1.3221544 1.74491405 1.07942522
    1.08170664 1.53028834 1.55150199 0.746797562 0.772044182 0.807802022
    1.43075442 1.87644434 1.48380733 1.58833945 1.74967086 1.40950131
    1.31154549 0.985864222 1.53062487 1.68884945 0.88240248 1.64254999
    1.60313833 1.56530643 1.07783449 0.949584544 1.15196645 1.29216158
    0.839506149 1.0957793 1.51519024 1.06681538 1.85343671 1.21136904
    1.83469474 1.79352844 1.7297343 1.54973996 1.94504893 2.04771376
    2.01861215 1.45986855 1.78181553 1.39423907 1.4103986 1.19401336
    1.63675451 1.39401031 0.999264359 1.64276958 0.760852695 0.858022213
    1.55687511 1.73803473 1.02754688 0.884835362 1.73150134 1.74890065
    0.75267601 1.40448177 0.87262249 1.54585123 1.40235734 1.46531045
    1.23140001 0.957237661 1.03126752 1.26139164 1.25142813 0.910529375
    1.09908843 1.47985792 1.70630872 1.01034999 1.1764313 1.53543246
    0.895308495 1.06632149 1.39729106 1.65392148 1.15301144 1.47668505
    1.51656771 1.11779261 1.27058434 2.05100751 1.38238597 1.14154053
    1.19437313 1.19678366 1.54407036 1.68016136 1.34783018 1.33116043
    1.21813667 0.735036433 0.770316601 0.838103056 1.44514728 1.25876439
    1.77641523 1.67434478 1.10639334 1.63766766 1.23587406 1.11048663
    1.13240182 1.33392882 1.49310732 1.43716693 1.89105856 1.32525074
    1.67401576 1.84505069 1.62041306 0.695107281 0.817296803 0.990577936
    0.768471956 1.26764286 1.57878768 1.27820694 1.41987085 1.02663422
    1.12543643 1.56304204 0.731703103 1.08618963 1.3028338 1.44743514
    1.44516516 1.50261581 1.25144076 0.819422305 1.19467473 1.18835306
    1.27337253 1.81013262 1.79805934 1.95574689 1.78692985 1.13921511
    1.60441756 0.876024365 0.963876963 1.14799345 1.0937829 0.896980584
    1.65595329 1.18491173 1.76670396 1.279827 0.911366165 1.88930416
    1.3032105 1.79122233 1.59504116 1.0461973 0.912770271 0.931811869
    1.26818347 0.839219749 1.64839363 1.25367689 1.33395898 1.99366724
    1.44383705 1.5380249 1.88315701 2.08000445 1.60165739 1.8494643
    1.97178268 1.84561872 1.77562404 0.989725769 1.0237664 1.47824419
    1.05505848 0.996357441 1.45706654 1.26052868 1.54214394 0.963075042
    1.66051376 1.71728063 0.937018335 1.77037477 1.23506761 1.14565527
    1.24952531 1.77258062 1.70165873 1.70383668 1.04077172 1.73077488
    1.28191185 1.30392635 1.81517839 1.56738305 1.3088634 1.69183707
    1.43752348 1.54204059 1.89966846 1.68789995 1.93430126 1.26913011
    1.17344797 1.73436236 0.926232278 1.36569417 1.8131671 1.78421652
    1.49887455 1.77624261 1.07398462 0.823703051 1.63255084 0.785920918
    1.5266515 0.839188814 1.27834201 0.860696495 1.37587607 1.91202652
    1.98340476 1.63766444 1.61326003 1.34280384 1.30079496 1.19149482
    1.66876483 1.77836418 0.994790614 1.24815273 0.985135734 0.808796227
    1.17447388 1.49954772 0.850536287 1.07922018 1.63942468 1.87816119
    2.00557518 1.4899286 1.28504503 1.56911743 1.67288363 1.33804977
    1.54756677 1.65702951 1.34551108 1.37420583 1.76700473 1.37964976
    1.05098236 1.19256365 1.26130509 1.17524171 1.06433427 1.66516399
    0.915875733 1.40116751 1.25406301 0.968832731 1.63446677 1.11621451
    1.44294059 0.89861697 1.42241275 1.78368592 1.34141529 1.52646899
    1.77367425 1.72561061 0.96482116 1.08716476 0.779744446 0.997255147
    1.26351428 0.664741158 0.774917781 1.25281918 1.45463562 1.10814738
    1.86955392 1.66032636 0.927756488 1.39048624 1.22948289 1.78529251
    1.25008583 1.3525039 1.72860408 1.64525247 1.44074714 1.07265234
    1.9136126 1.4954375 1.63590932 0.944571376 1.01455319 1.77589798
    1.66381311 1.47234416 0.881720424 0.79607594 1.55643356 0.83768338
    1.68270743 1.76506448 1.41506529 1.30421567 0.728218317 0.755068243
    1.34840143 1.27115023 1.22279263 1.08273256 1.47744739 1.59272146
    0.775659382 1.39224553 0.848923326 1.84337652 1.89103782 1.89783967
    1.90532124 1.01774144 1.03560221 1.0492382 1.27428532 0.979957521
    1.18914437 1.53602481 0.998589933 1.13655615 1.39585221 1.95534718
    1.87868857 1.58368552 1.71904051 1.2269969 1.15688276 0.9438411
    1.78089869 1.20339394 0.954826117 1.7071408 1.65514207 1.07086861
    1.00897241 1.27911603 1.01661491 0.978901744 1.45055485 1.00684321
    1.64585638 1.88020086 1.99814653 1.92386067 1.8126682 1.80108202
    1.15513694 1.52597916 1.40982711 1.10554528 1.82039714 0.846882224
    1.0388943 0.629879177 0.726175785 0.701347768 1.30017602 1.10369253
    1.21645045 1.01673853 1.62927496 1.62005997 1.12132037 1.47873116
    1.27023029 1.29102349 0.873388767 0.825960636 1.61100459 0.942890286
    0.804012775 1.30180919 1.20095158 1.3472271 1.10815299 1.44277513
    1.27061057 1.14439726 1.62051606 1.89525449 1.27620792 1.0487045
    1.2267729 1.6253674 0.824300647 0.78486079 1.03957808 0.929269075
    1.61870801 0.996123731 1.40727842 1.29455709 1.36998069 1.38781536
    1.26443946 1.72288203 1.22192883 1.5916959 0.971931517 1.38887739
    1.76657379 1.27529752 1.70891964 1.92988539 1.86014283 1.30448353
    1.78353155 1.76752913 2.0039742 1.99348843 1.60771763 1.19844007
    1.71914256 1.72573209 1.51976216 1.73925138 1.67952514 0.972488344
    0.943338037 1.22682881 1.51750875 0.849802256 1.75730383 0.986730158
    1.33052254 1.83761406 1.34400284 1.18504286 1.23824883 1.89782286
    1.15814614 1.40266681 1.47378147 1.50036526 0.942173719 1.71077025
    1.64701712 1.0980016 1.24639976 1.13559723 1.13591182 1.20898962
    1.785236 1.16085923 1.73730946 1.53752458 1.62698793 0.982179701
    1.52880013 1.30203462 1.443187 1.9200877 1.96088445 1.593817
    0.89669925 0.988305628 1.105955 0.722371519 0.795203447 1.28269529
    0.940784633 0.914510012 1.97396541 1.42904222 2.14997625 1.83397007
    1.46517384 0.915517271 0.690752923 1.38152087 1.30077684 1.86476886
    1.88166523 0.939183056 1.39390635 1.27199209 1.3783499 1.12626791
    1.49145854 1.56239891 1.55691588 1.19070065 1.40556383 2.05513406
    1.51407802 1.45626009 0.824410141 0.723021388 0.988772631
    0.746754467 1.3624047 1.28865016 1.60558963 1.80755472 1.55895197
    1.80065179 1.93787384 1.49633884 1.25514293 1.19124353 1.69479811
    1.05145943 1.22651887 1.22881806 0.846226394 1.0526197 0.931331038
    1.57111847 1.78466654 1.07981396 1.52734971 1.92832208 1.48001778
    1.10625911 0.967342138 1.15016592 1.38445961 1.10330248 0.80433321
    0.843310952 1.56620908 1.31590378 1.40617001 1.18626368 1.32194555
    1.60283518 1.18148696 1.05253303 1.23177075 1.0548023 1.44846749
    0.907541275 1.51620948 1.01401293 1.02308524 1.4345392 1.98522198
    1.92580593 1.80809152 1.0357244 1.07577026 1.27876413 1.19494963
    0.850737751 1.22141337 0.809169233 1.68484557 0.821730614 1.07826662
    1.45366037 0.841546237 0.963104188 0.854805946 1.41939723 1.45467615
    1.33471036 1.14709902 1.71545613 1.13861907 0.897412479 1.7526778
    0.875522196 1.82208073 1.81399786 1.07941401 1.05180538 1.1505338
    1.58277428 1.60335791 1.08540511 1.13697624 1.12395537 1.42702651
    0.948760629 0.835982144 1.04770863 1.31566024 1.92851448 1.88698041
    1.57536542 1.75180066 1.18559623 1.33245349 1.46372163 0.988396764
    1.62181115 1.62571311 1.10180497 1.4909842 1.23664832 1.20187736
    1.04953253 1.69821131 1.00236154 0.813841581 1.30890238 0.898600459
    1.90497935 1.95283222 1.49223721 1.80078316 1.66090691 0.91431886
    1.78767753 1.43409836 1.69555044 1.36568987 1.19379616 0.871824563
    0.922114551 1.24896765 0.732945144 1.70523047 0.891652226
    0.907259703 1.30145288 1.72191906 1.26917922 1.77872658 1.8836267
    0.954751849 1.17863381 1.69985986 0.79276818 1.56328392 0.914688945
    1.04717243 1.03005159 1.23509288 1.03536451 1.0049777 1.36288154
    1.26981163 1.25239038 1.19554543 1.61946678 0.885991037 1.63888967
    1.68420267 1.57662988 1.69871759 1.53161275 0.862768412 1.39289904
    1.65408206 1.48640215 1.42713666 1.90093541 1.51617348 0.996003985
    1.04492784 1.41401649 0.892432332 1.78179991 0.916651666 1.37141097
    1.7197901 1.37654865 1.90211201 1.99541748 1.65046489 1.86699629
    1.66716206 1.26947939 1.73862922 1.23790359 1.89142132 1.9672668
    1.43395865 1.86637819 1.73366714 1.3961761 1.52033341 0.856056213
    1.05963326 1.43944764 0.804970145 1.06702685 1.72306156 1.61112964
    1.71369755 1.67911363 1.50741434 1.77084517 1.19145942 1.61335516
    1.06964195 1.81595409 0.911862493 1.15501165 1.69113541 1.17591989
    1.64101505 1.73384404 0.939287245 1.85052633 1.6890229 1.53539228
    1.39613974 1.74014926 1.13886023 1.29974818 1.20706809 1.72014737
    1.47896743 1.73725438 1.02143204 1.56119668 1.64362657 1.20270538
    1.84140193 1.14265525 0.857300222 1.12168849 1.31620657 1.7205708
    1.55307186 1.83466017 2.04772806 1.33394301 1.97513318 2.06038857
    1.20307481 0.72704953 0.50119549 1.54668701 1.22482014 1.08691168
    1.66418183 1.49185348 1.55333591 1.13623965 1.51420426 0.92066735
    1.0843358 1.04415643 1.32158244 1.45971119 1.92915714 1.63401949
    1.81090617 1.03647006 0.993333101 0.8851071 0.862801075 0.871647418
    1.08203971 1.63896084 1.34767759 1.8845588 1.56913292 1.22704136
    1.44742393 1.56977296 1.46410406 0.876169741 1.36968851 1.81954896
    0.844759405 1.00669158 1.45124912 0.970127285 0.918152928 1.50203609
    1.69805634 1.86916161 1.11517394 0.935905039 1.789464 1.12272775
    1.73183823 1.48144412 1.58713102 1.10959756 0.884064913 1.35688066
    0.9060027 1.57769299 1.18212128 1.13242555 1.25022233 1.61646664
    1.76611865 1.30021 0.859028161 1.15399218 1.56759894 1.70082521
    0.803304076 1.05672455 1.54643905 1.56447196 1.71097565 1.24840641
    0.837731242 1.25519562 1.46707618 1.28628373 1.30934548 1.00692427
    1.67654729 1.41321898 1.34470439 0.804623306 1.63737774 1.42685795
    1.58103514 1.1008383 1.31632495 1.34707904 1.99929845 1.51422572
    1.82711625 1.77905118 1.4767803 1.13231528 1.50731766 0.984611809
    1.36801541 1.23140848 1.81669378 1.3232615 1.81116128 1.29122317
    1.40286827 1.65486979 1.57840145 1.59813988 1.03225577 1.81402373
    1.54124045 1.57560706 1.45615327 2.01462889 1.81346273 1.52308774
    1.33312666 1.00374866 1.64222169 1.87907708 1.18258953 1.8381623
    1.42693412 1.46600056 1.42921627 1.17864811 0.805024922 1.10793853
    1.59419501 0.976997077 1.65768826 1.17388523 0.945169687 1.34043956
    0.998715222 1.79045153 0.961933315 0.939769566 1.62949884 1.20941389
    1.50753498 1.7044034 1.56111407 0.819870412 0.730641842 1.61637342
    1.30205965 1.07805216 1.60882437 0.900983989 1.77821922 1.52426863
    0.862738192 0.96069181 1.82304013 1.90038729 1.44871473 0.964042664
    0.849641979 1.05425394 1.50166667 1.41877079 1.23094451 1.66302526
    1.41028881 1.51479793 1.55958021 1.25291443 1.37246037 1.92225242
    1.82797933 1.75800705 0.876181066 1.85339153 1.80076778 1.19422853
    1.32992721 1.46879971 1.32153571 1.22901654 1.07381308 0.972047269
    1.12796056 1.50639546 1.56059051 1.22105563 0.944196105 1.23070991
    1.13142431 1.53543091 0.831437826 1.24511421 0.833069444 1.28423238
    1.9500457 1.31590295 1.29474032 1.88438261 1.24872708 1.8214066
    1.89912283 1.72818458 1.86951244 1.00137639 1.14461386 1.29190123
    1.42668271 1.50071788 1.82433248 1.59942603 1.8649106 1.28166616
    1.59065878 1.08917785 1.29201293 1.86041152 2.04382658 1.97137702
    1.59267092 1.04360843 1.00792944 1.22665906 1.25778604 1.36637366
    1.86429965 1.64937103 1.13877869 1.04449928 1.52405429 0.851125896
    1.52584648 1.49039364 1.49082434 1.55396199 1.11465693 1.43853462
    1.28088129 1.64060271 1.28512442 1.03075504 0.880883694 1.42039943
    1.72425425 1.24783242 1.42759621 0.960308552 1.15617371 1.8727001
    1.7914871 1.2623229 1.71787381 1.22651875 1.78887355 1.75355256
    1.84672546 2.08462429 1.87735999 1.74220979 1.29625487 0.741008103
    1.45506871 1.02650857 0.978851259 1.36823261 1.8501246 1.91564929
    0.890465558 0.780488849 0.787059009 0.758194566 1.67003465
    0.820064425 1.67152691 1.73947692 1.57233143 1.55393922 1.83071399
    0.986548841 1.45127654 0.888338089 1.1181078 1.20168316 1.03221655
    1.19131935 1.25448501 1.52677476 1.46493053 1.48639989 1.45816469
    1.85210764 1.47477674 1.33835518 1.40671158 1.27817142 1.62526405
    1.24887276 1.62191129 1.57417512 1.51962626 1.62941229 1.40619838
    1.59109378 1.12414408 1.81032956 1.20489764 1.31203175 1.11207867
    1.89643061 1.72698545 1.12475812 1.72723567 1.6982708 1.68142688
    1.69453752 1.71386945 1.41781616 1.48337126 0.929251075 1.22655702
    0.832873344 1.01859236 0.948097765 0.819347382 1.20620835 1.08222449
    1.64749753 1.06555724 1.54579175 0.927890658 1.71830356 0.85376662
    1.24745059 1.72146702 1.35892904 1.50991201 1.42084026 1.06383538
    1.0374496 1.05612028 0.909492373 1.56419873 0.823548257 1.07037532
    1.18002772 1.40330148 1.42856193 1.74922395 2.10438108 1.9700036
    1.71030176 1.13388062 1.73321712 1.73865247 1.77513766 1.73608208
    1.30269527 1.55289471 1.55954695 1.32042146 1.120911 1.23701954
    1.56951559 1.962713 1.0993402 1.11768842 1.59339833 1.75423944
    1.19986641 1.44209075 1.46093643 1.01921523 1.64172459 0.960355878
    1.4235009 1.54979312 1.3673588 1.37996149 1.6422025 1.91213858
    1.62887132 1.33273411 1.82554793 1.19739413 1.34430826 1.88940799
    1.28199971 1.03802168 1.67395937 0.784929276 0.930236876 0.927986085
    1.36977839 0.876946807 1.31003487 0.835057199 0.887373924
    0.926776409 1.43293154 1.4285568 0.861853302 0.91098398 1.43223619
    1.79940319 0.90511179 1.36917639 1.49238467 1.86955023 1.48818803
    0.868781924 1.14628601 1.43385315 1.40643036 1.17434323 0.932475269
    0.830338836 1.18362439 0.821564972 1.56356859 1.37246978 1.90743148
    1.21655035 1.74341893 1.38679886 1.76286507 1.49199808 1.50534666
    1.12912881 0.840492964 1.08049107 0.947591901 1.03707838 0.978904426
    1.10113895 1.40278745 1.24608588 0.786807358 1.22210956 1.53653109
    0.822175682 1.6663146 1.39746809 0.878659606 1.45264196 1.744838
    1.38682604 1.00102639 0.856519103 1.11604607 0.720644414 1.47922981
    1.52549756 0.918357611 1.63054371 1.10272288 1.48290706 1.47481072
    1.85423827 1.30640495 1.08300817 1.73242044 1.72845054 0.995289743
    1.36406553 1.52216542 1.03444684 1.56826997 1.4854815 1.91075313
    1.26521361 1.05639875 1.56335831 1.15232182 1.99058402 2.0263052
    1.25430119 1.60142505 1.11347401 0.774416864 1.06399953 1.5177542
    1.35314071 1.52833045 1.94071007 1.7547096 1.34331298 1.55853379
    0.98948437 1.00110126 1.2303803 0.881363928 1.04849672 1.6279937
    1.6785841 0.92010659 0.926083803 1.71401918 0.943650305 1.77418196
    1.54903769 1.28931093 0.896047652 1.37192571 1.43999743 1.03212881
    1.55455422 1.97969544 1.47332072 1.05893469 0.923361242 1.78797615
    1.18161654 1.89544427 1.4177202 1.70734906 1.58399105 1.15885484
    1.13706648 0.740638971 1.19523621 1.58495796 1.85854959 1.63070595
    1.68429065 1.21689558 0.793479443 0.729582191 0.820888162 1.43926656
    1.81452 1.82249951 1.5064522 0.993547082 1.4675566 1.37873459
    0.967819273 0.890748501 0.882031441 1.20147133 1.34704053
    0.922228813 1.44920874 1.06070423 1.3775475 1.7851361 1.62729943
    1.48947775 0.989894152 0.821838319 1.6143465 0.808640957 1.11954796
    1.8159107 1.80621982 2.04952836 1.43001533 1.98470092 1.88220084
    1.59599555 1.82102346 1.93323922 1.49373829 1.28369868 1.70531809
    2.02874708 1.61183119 1.5975014 1.08222568 1.08506119 1.79972947
    1.49754405 1.29547751 1.8619386 1.69118667 0.95101285 1.73800492
    0.920718908 1.13415861 1.6408819 1.46454501 0.809371829 0.805338383
    0.715186715 1.09667373 1.51163769 0.937326133 1.62078536 1.01019275
    0.837610543 0.974769771 1.04549587 1.3983196 1.26566839 1.6404053
    1.70684421 1.57573736 1.12795305 1.305475 1.31271446 1.47629189
    0.990150154 1.17537534 1.19468474 2.01964664 1.22334504 1.68992126
    1.64067626 1.19979215 1.1951946 1.02163577 1.79077947 1.24969006
    1.22148502 1.17146409 1.11178958 1.42498064 1.52832758 1.22062302
    1.74972868 1.88367116 1.53449857 1.64102602 1.32208586 1.24696898
    1.28488505 1.19336021 1.42669749 1.62602782 1.07067704 0.932947695
    1.50367916 1.34588945 0.989588141 1.53414309 0.990262747 1.13582528
    0.967169523 1.12590122 1.45305359 1.73774505 1.65105247 1.26290643
    1.57492137 1.85060751 1.40047312 1.17907274 1.63212955 1.31486344
    1.61657 0.915991962 1.17853546 1.36370444 0.920334578 1.53682923
    1.75908387 1.13159931 1.21544051 1.54749668 1.77677059 1.74558437
    1.62715507 1.77447808 1.24378133 1.14585543 0.843279004 0.928446412
    0.87400651 0.906242907 1.51376784 1.61191559 1.08960712 0.817629874
    1.14920962 1.57920384 1.73470879 1.33871377 1.63068795 1.69667757
    1.43336213 0.947717011 1.84938717 1.59449661 1.07516849 1.44636261
    1.04256725 1.01811278 1.79080331 1.85832405 1.07418907 1.75296605
    1.55550134 1.56144392 1.16461074 0.917086482 0.967942238 1.71579063
    1.23029375 0.86614567 1.36670554 0.825668812 0.997318029 1.76415575
    1.59140301 1.58176565 1.08919263 0.895908535 1.15840566 0.768110931
    0.851047695 1.62476778 1.88725281 1.00189817 1.71101594 1.34102929
    0.957044184 1.13111591 0.833548427 1.24618852 1.66163158 1.61124539
    0.930056453 1.01084936 1.89040017 1.94556487 1.20737779 1.41721356
    1.66792881 1.39331532 1.57930005 1.80862379 1.36986613 1.04068696
    1.41410887 0.780738175 1.59737861 1.19061279 1.62424922 1.32548106
    1.60246587 1.85832047 1.57386827 1.1544559 0.941264212 1.06432974
    1.29991531 1.23486161 1.79126728 1.67397106 1.93930793 1.68278432
    1.08075094 1.63564026 1.78755832 1.39357054 1.36093259 1.97486138
    1.13713992 1.18593848 0.731408298 1.12890625 1.20388746 1.90672231
    1.9868747 1.66323292 1.479478 1.20580757 1.19368708 1.49073935
    1.47726929 1.20754313 1.93806767 1.71133482 0.967635155 0.920733929
    1.3828975 1.29819465 1.02550161 2.00341988 1.94302368 1.95675337
    1.26360464 0.974529862 0.896137893 0.800664127 1.74322629 1.10496783
    1.19248247 0.916996777 1.78940237 1.4633956 1.43625498 1.12812412
    1.2008779 0.758302391 1.36032903 1.01144016 1.80431378 1.18078613
    0.903450608 1.21783316 1.07713938 1.19878638 1.0279187 1.42908156
    1.42117357 1.596627 0.984313309 1.07450318 1.89012706 1.81456196
    1.60671568 1.82329404 1.49775147 1.92097843 1.67983222 1.77595472
    2.02985215 1.9887203 1.84000492 1.1790539 1.52421403 1.38151658
    1.09203923 1.80000305 1.96626282 1.60036957 1.30802822 1.50414944
    2.0067234 1.95361757 1.75603437 1.78245521 1.3359642 1.76096034
    1.27334929 1.75163639 1.04378808 0.847960174 1.23937309 1.60250843
    0.807078779 0.919200063 0.992461085 0.965870023 1.01556098
    1.50059831 1.4760561 1.67133939 1.85927331 0.978812277 1.5727483
    1.20685935 0.761403918 1.44059098 1.22945619 0.792527199 1.22566795
    1.164289 1.46018982 1.8448391 1.95760608 1.15217233 1.39883459
    1.66553986 0.820121884 0.90389353 0.842302263 1.70604169 1.56758618
    1.26927841 1.23009682 1.77937698 0.766806185 1.20013702 1.17778349
    1.18207848 1.04415905 0.829415143 1.01279604 0.854463279 1.89791822
    1.82586944 0.959210038 1.80985808 0.92593056 1.56749225 0.88314569
    1.70401943 1.83240604 1.52814174 1.01179445 1.18454254 1.75612557
    1.02698898 0.917324007 0.852278531 1.65777099 0.917156637 1.87715197
    1.33359754 1.20709312 1.74301469 1.5063864 0.933245718 1.43033791
    0.96204102 0.835443556 1.17800558 0.78137517 1.00405383 1.08424497
    0.990713477 0.995252013 1.22726929 1.57586372 1.21762133 1.07960212
    1.18561029 1.3477 1.71197462 1.59287834 1.56850314 1.41998017
    1.02415299 1.56935251 1.39932084 0.879933834 0.923198879 1.30759454
    1.29372537 1.37837076 1.65388203 1.6530863 0.971474409 1.59527791
    1.03816068 1.20895016 1.76970744 1.19255614 1.0917275 1.40260267
    1.87958181 1.90156424 1.95741248 1.53361046 1.74203801 1.6872189
    1.02621067 1.35542464 1.36415029 1.35011601 0.967345417 1.4905895
    1.02362537 0.82496345 1.06220424 1.20654118 1.31971669 1.54865539
    1.72280633 1.2764231 1.04715335 1.14441764 1.26892507 1.21182048
    1.23929024 1.60689294 1.77113831 1.80868232 0.981491148 1.43957627
    1.14444888 1.01899409 0.982739925 1.83504939 1.779935 1.45522499
    1.55661631 1.09494317 1.4912349 1.16747808 1.44611967 1.275841
    1.26734924 1.71367049 1.89348209 1.74048305 0.841209829 1.05984867
    0.702634454 1.1765393 0.971701264 1.72012949 1.2272625 0.948278368
    1.09621501 1.5419296 1.14133012 1.55789959 1.10585475 0.746790469
    1.61826086 0.914511919 1.65228105 1.33097374 1.43594277 1.49274325
    1.15536261 1.21429682 1.92882621 1.87394798 1.80813432 1.90378416
    0.960211277 1.19234288 0.942719996 1.34592569 1.6105206 1.1226877
    1.1932919 1.10223448 1.72404623 1.29611897 1.51982892 1.76291561
    1.48959041 1.20672655 1.65586209 0.910032272 1.40405822 1.25002718
    1.44178689 1.57017219 1.4091543 1.79661107 1.28994286 1.66730356
    1.74688554 1.5800519 1.69528079 1.43947899 1.1100297 1.0100503
    1.15794551 1.42116392 1.30723202 1.2744087 1.15950203 1.21307683
    1.05892861 1.09969306 1.2811954 1.08095574 1.58173954 1.15911901
    1.27555227 1.58320427 1.33002627 1.17892444 1.48871887 1.1716435
    0.964820623 1.67540026 1.02622175 1.2270453 1.96669924 1.91186953
    1.0862844 1.27253747 1.08579648 1.84763348 1.99101675 1.78729141
    1.17135179 1.32075 2.04765511 1.84472847 1.92894828 1.72400236
    1.28337967 1.43563807 1.1431998 1.35935521 1.09721041 1.92838311
    1.45472884 1.06111097 1.62578881 1.52570033 1.68040657 1.95148051
    1.47740006 1.59771645 1.84422958 1.21023548 0.879095793 0.806694508
    1.45863307 1.74311471 1.55813456 1.75930941 0.931109846 1.86837816
    1.47359467 1.32138443 1.56554198 1.32535017 1.38608694 0.759100258
    1.44983697 0.911378324 1.67935133 1.02307677 1.77328491 1.37645054
    1.72003341 1.14824128 1.474581 1.06513011 1.35520303 0.874241412
    1.65223777 0.968401074 1.58355272 1.32480204 1.40111005 1.380445
    1.0685972 0.926695347 0.854693532 1.33573806 1.4115901 1.87494624
    0.909879982 1.74323881 1.33789206 1.21130598 1.67585874 1.13240778
    1.40780342 1.60737085 1.26254487 1.18360806 1.44567728 1.11386442
    1.64412177 1.07132638 1.38843501 0.942315757 1.19830978 1.55420303
    1.79364359 1.34142649 0.823739052 1.11041605 1.52258313 1.11582196
    1.55096316 1.86527312 1.48959982 1.54167688 1.13605213 0.915176928
    1.21125615 1.18722689 0.91156584 1.76467311 1.31189251 1.7234875
    1.05522144 1.2290535 1.90654421 1.07782829 1.60140693 1.4640311
    1.74988174 1.21000576 1.8996197 1.86372876 1.84356928 1.32620335
    0.820005 1.5160588 1.06407726 1.62302411 1.00107598 1.76091409
    1.12761343 1.48903322 1.88622689 1.69944763 1.78569937 1.45253372
    1.440781 1.42983377 1.51467204 1.47065604 1.91882837 2.05753469
    1.70331466 1.54304457 0.962674499 1.79815412 1.47963452 1.49999702
    1.80322564 1.80354047 1.35360193 1.65351784 0.983252823 0.817588091
    1.11139154 1.25475979 1.53737378 1.3786608 1.60171783 0.884130299
    1.61247933 1.59761071 1.27032042 1.35704851 1.57555926 1.69770896
    1.96596611 1.3384552 1.61671686 1.55299175 1.65787971 1.20987511
    1.77133226 1.14518178 1.1959945 1.37712073 1.52450848 1.28087103
    1.45244265 0.882078886 1.18849003 1.60891736 1.56625879 1.23954391
    0.988678753 1.61935627 1.29188216 1.12124562 1.45674717 0.873064637
    1.25421166 1.27143168 1.548733 0.933786988 1.63838983 1.54417193
    1.62091696 1.29507744 1.50526488 1.30119491 0.821216404 1.44838178
    0.881342769 1.12618661 1.67452145 1.21214783 0.785901606 1.33569205
    0.957925498 1.13230968 1.23780119 1.3063587 1.16883075 1.59290636
    1.08263433 1.50703979 1.45165026 1.81524408 1.20233512 1.07582057
    1.70926428 1.91982615 1.19033623 1.78585196 1.66453993 1.51650548
    1.05607057 1.01444602 0.837788284 0.921714544 1.20845509 0.956518829
    1.11544251 1.27844441 1.60266972 1.51635873 1.65048051 1.23188007
    1.97459793 1.88266945 0.92986536 1.09106076 1.54572356 0.856796205
    1.01572955 1.14143014 1.78551102 1.42841935 1.40006208 1.4371562
    1.79625726 1.16821134 1.37737048 1.37630069 1.56738603 1.59087503
    1.79823744 1.93063307 1.58639455 1.85014033 1.07570291 1.84843087
    1.74488783 0.910858393 1.76020074 0.912369132 0.958422601 1.38013136
    1.41419148 1.59424663 1.40966189 1.19811702 1.75398421 1.96514702
    2.00288606 1.81546307 1.00352037 1.93660498 1.94481194 1.25854039
    1.72054768 1.22091579 1.14815593 1.93440902 1.15274763 1.14349401
    1.92236555 1.69163513 1.52173495 1.38751674 1.94944549 1.68052113
    0.906856 1.48453438 1.35630429 0.826827526 0.821032763 1.45393896
    1.53613472 0.842609406 1.64521444 1.01807332 1.41966808 1.39785898
    1.53236187 1.77583396 1.01610696 0.763674557 0.926721096 0.919816852
    1.17799938 1.13962865 1.76676536 1.67279363 0.949310243 1.51976693
    0.928383768 0.860631108 0.9926337 1.68812251 1.51360691 1.67936981
    0.819611788 1.79585338 1.45683694 1.29920006 0.847376466 1.57614923
    0.857654274 1.51123106 1.84364331 1.66392744 1.74819219 1.31551194
    1.04427588 1.91448784 1.69584656 1.07509995 1.83423376 1.05736113
    1.27142477 1.07682693 1.38664746 1.66951239 1.27683568 1.59884501
    1.45646393 1.63991368 0.939195871 1.12882543 0.931874692 1.04789567
    0.934608519 1.25635219 1.37606084 1.02134669 0.918252528 1.564695
    1.8235085 0.997870028 1.08787644 1.62318051 1.0939585 1.27893507
    1.04910076 1.41001225 1.78848779 1.94478559 1.69611382 1.00256729
    1.79324722 1.6578784 1.77853036 1.26697099 1.21074367 1.27128875
    0.929719627 1.11163342 0.967097759 0.829846621 1.79888523 1.33605742
    1.21505046 1.84420311 1.63005352 1.65411282 1.56647253 1.88041687
    1.6004492 1.03576458 0.902038634 1.04515004 1.74638605 1.58267546
    1.13635159 1.53906071 1.87216389 1.47528136 1.22486317 1.18602729
    1.45282233 1.45602226 1.79546845 1.44169295 1.64891493 1.17167306
    1.27729344 1.83975065 1.85878289 1.43878734 1.91322768 1.88843405
    1.767748 1.38308656 1.41727781 1.16683733 1.33935153 1.30913973
    1.18796551 1.68822646 1.61259818 1.03954291 1.77221489 1.22912204
    0.870045304 1.11985254 1.0123744 1.23990333 1.23876667 0.830729365
    1.02603722 0.974095047 1.77196538 1.06199288 1.01087773 1.84796262
    1.35753548 1.60266817 1.59651291 1.11971855 0.986431837 1.27496409
    1.67017829 1.26746106 1.37323999 1.26409113 1.87178302 1.82711661
    0.89243573 1.2326175 0.971053779 1.27756751 0.794936121 1.13896811
    1.11796665 0.684829772 1.31734204 0.738977611 1.39737296 1.73395026
    1.13334119 0.69478035 0.644032061 1.23544908 1.68275821 1.26681662
    1.82472801 1.72564805 1.53981388 1.12285984 1.03069723 1.73405933
    1.09191072 1.05305409 0.907008648 1.68935251 1.45180094 1.26524889
    0.924909055 1.27890027 1.06362486 1.63796067 1.45423937 0.827746987
    1.19924951 1.20819247 1.01361489 1.14160812 0.824124932 1.02026868
    0.84285301 1.53409588 0.971818686 1.38612926 1.82939339 1.6009444
    1.66994214 1.12336147 1.41519821 1.05888796 1.05174017 0.931189179
    1.09943247 1.49744701 2.01771045 1.53040588 1.78980458 1.44478285
    1.94444144 1.6091795 1.17536676 1.30945349 1.76486313 2.09202385
    1.83459592 1.20649529 1.41223419 1.88897645 1.11756814 0.853025377
    1.09963334 0.990639746 1.00377178 0.93732965 1.27202272 2.02237844
    1.99061239 1.37692499 1.91743839 2.07117486 1.54401422 1.67592657
    1.48581278 1.17055559 1.59829259 1.0743643 1.74925852 0.943425536
    1.16064596 1.3999629 1.78325951 1.51977777 2.02098703 1.98284793
    1.7256813 1.34856021 1.77314746 1.60769558 1.51064098 1.21703506
    1.3810941 0.941278636 0.772582412 0.737934887 0.807440519 1.11623561
    1.21424031 1.72375906 1.50395858 1.62387288 1.86427939 0.937670708
    1.44575417 1.10173297 1.01093984 1.33515918 1.49549723 0.88791281
    1.3174957 1.03441286 1.4957422 0.821112752 1.11307478 1.21694016
    1.3603189 1.38791108 1.14616883 0.790392518 1.12591112 1.47162175
    0.968260467 1.57355106 1.72525215 1.90600896 1.07993352 1.46861029
    1.86717439 2.03997636 1.92502224 1.52923834 1.30095136 1.02100706
    1.75592673 1.5309093 1.53942919 1.11961436 1.59877121 1.29115248
    1.93790698 1.87423456 1.70929337 1.62367666 1.15451145 1.19468319
    1.33372831 1.71324897 1.42746449 1.23836124 1.35690892 1.85074687
    1.57814968 1.47510314 1.28008664 1.12522173 0.890616119 0.752904415
    0.931394696 1.47398221 1.37093079 1.28141367 1.04636407 1.382236
    1.39666355 1.92847013 1.48200405 1.01211584 1.4807899 1.17845178
    1.54281259 1.42773366 1.43563712 1.74938142 1.01114655 1.85820425
    1.6346643 1.08539653 1.11102068 1.25673687 1.11675179 1.83562434
    1.82601452 1.53095365 1.60554862 1.62665558 1.33442545 1.31318736
    0.901534915 1.51858675 1.39632285 1.78732455 1.1918298 1.38272548
    0.860079348 1.75589645 1.54817104 1.34661651 1.13923597 1.21525395
    1.87777483 0.953215539 1.2146275 0.995439649 1.5140624 1.60491967
    1.25123787 1.07339883 1.90372324 1.49903011 1.04570222 1.18138838
    1.88992333 1.85531342 1.84036362 1.87456346 1.75107634 1.28591514
    1.95842302 0.960463285 1.09950519 1.25946438 1.74860549 0.748730123
    0.890699565 1.64937675 0.84560442 1.08826983 1.56788671 1.78266191
    1.35499752 1.39354491 1.59607267 1.87530029 2.04964018 1.92162609
    1.17526424 1.00967658 1.32335818 1.60663533 1.02207088 1.01456368
    1.56022 1.28989315 1.41578591 1.19539285 1.38146174 0.912125707
    1.28468251 0.960088074 0.970711529 1.47632957 0.859264731 1.01060808
    0.752519965 0.939193845 0.806257784 1.74902058 0.93879509 0.65632993
    0.600271761 0.657039285 1.01087356 1.77808082 1.02283001 1.27900016
    1.19970357 0.967980564 1.55646896 0.983464658 1.19811416 1.81367421
    1.00433898 1.46321797 1.84046328 1.61890435 1.35847819 1.48530984
    1.64378619 1.07500279 1.58244801 1.53095245 1.27588344 0.780184746
    0.969556153 1.2276485 0.949851036 1.58522165 0.79265362 0.89112699
    1.50283587 0.982885957 1.40510333 1.42146027 0.905154467 0.903200865
    1.07516944 1.04929805 1.41268504 1.20112085 1.43010569 1.93230009
    1.9449569 1.79062665 1.98535657 1.11203825 1.70720208 1.38328075
    1.8945148 0.994492412 1.75683594 2.01159239 1.79752243 1.34554374
    1.95417869 1.80252445 1.24435067 1.2382158 0.791898489 1.13581109
    1.61349785 1.65627789 2.0270884 1.71412194 2.07027888 1.15472519
    1.17056632 2.04592991 1.91437888 1.2011981 1.03453207 1.41802967
    1.55953836 0.98428154 1.07017481 2.00524998 1.43851793 1.97655797
    1.51052046 1.54468882 1.46925235 1.92502701 1.31106579 1.20788872
    1.51633239 1.83044159 1.29247713 1.35463166 1.42518282 1.02367687
    1.60953724 1.4090302 0.728140235 1.06194973 0.917206883 1.03393304
    1.24037242 0.91504848 1.23603964 1.09720397 1.2816751 0.861132145
    1.18611145 0.946228564 0.771666408 1.54035497 1.69175053 0.845077395
    1.65342689 1.30569458 1.22860992 1.40972948 1.87007725 1.12537456
    1.07665741 0.907904148 0.915624082 0.969953775 1.40815282 1.72347188
    1.2170589 1.47475672 2.01907396 1.89140844 1.49932516 1.63894022
    1.25479996 1.26542926 1.27511382 1.18644047 1.41786838 0.893961787
    1.62096763 0.970404088 0.958709896 0.978222907 1.91041946 1.1526562
    1.8136847 1.37844253 0.954947352 1.06507683 1.10746837 1.18716908
    1.39303529 1.0765059 0.91256088 1.65092349 1.81866384 1.59190524
    1.64307868 0.859754384 1.64200306 0.908984303 1.3577224 1.75348067
    1.03513229 0.897140026 1.4254601 0.85801053 1.57357144 1.60358381
    1.31492221 1.52004051 1.50085461 1.30240953 1.31129992 1.39504147
    1.35481393 1.2151016 1.73871636 1.25460839 0.976333976 1.56481898
    0.896993041 1.91439998 2.00115824 1.91835415 1.32446742 0.945809841
    1.54425132 1.09233999 1.25431526 0.886962175 0.849057198 1.16557872
    1.17592275 1.34930384 1.60007548 1.03443921 1.04147935 0.833785713
    0.777060986 1.30034292 1.67196393 1.9666729 1.36396015 1.75921273
    1.3131603 1.32995558 1.5692333 1.86877668 1.67899704 1.08738375
    1.75833571 1.42416155 1.15836 1.32044351 1.3348794 1.81792927
    1.53538251 1.60859907 1.75417054 1.57473099 1.72865975 1.44194388
    1.67674017 1.00641131 1.05220842 0.803259611 0.996945798 0.954887927
    1.16769183 1.27452648 1.90639555 1.57785368 1.33645248 1.40293193
    1.51352942 1.30744648 1.87661946 1.41485178 1.75370705 1.64366162
    1.29920375 1.78799474 1.04035497 0.988129616 0.975991905 1.62914073
    1.49213314 1.59182298 1.29809153 1.08622742 1.40266716 1.30797267
    0.935064852 1.24262071 0.710139513 0.736604571 1.03089488 1.07501066
    1.76589417 1.52049851 1.08790112 1.15985417 1.42972934 0.867154002
    0.850006998 0.876914978 1.75149143 1.20606923 0.812155604
    0.708464503 0.790595114 0.829451323 1.20408463 1.46968174 1.16551995
    1.17405498 1.33919394 1.37482452 1.83147728 1.91091251 1.83167875
    1.27449131 1.50127518 1.45950067 0.60839045 1.38879275 1.32465112
    0.877547026 0.904359758 1.1308881 0.980892718 1.13300562 1.31263208
    1.8459239 0.969358981 1.44965529 1.40029049 1.76837957 1.28334355
    1.16013741 1.35458231 1.89518595 1.31313396 1.96359515 1.30375385
    1.98248518 1.43752754 1.10490823 1.44252431 1.16804183 1.51874411
    1.30919814 1.57784998 1.79457629 1.06639957 1.34836638 1.56704378
    1.62804592 1.33541346 1.71917081 1.05268645 1.24300349 1.26102936
    1.64515483 1.90453553 1.68508708 2.05327868 1.84658062 1.55398715
    1.7528075 2.02625203 1.72584462 1.78953981 1.27928531 1.95098948
    1.56103027 1.89808047 2.06795287 1.96648955 1.55724216 2.04735494
    1.25724483 1.33416283 1.78994524 1.80939531 2.05654168 1.99145448
    1.36551547 1.36297488 1.96299493 1.92629421 1.71854079 1.55968714
    1.00070012 1.70086658 0.851303279 1.53705311 1.02196717 0.847950101
    1.35429013 1.35726798 1.22214329 1.07717597 1.61964118 1.63773322
    0.9457798 1.44775641 0.812601089 1.14965534 1.66058421 0.868691683
    1.13468003 0.90554899 1.73093116 1.78896272 1.25041246 1.5210979
    1.70352614 1.18287563 1.09514582 0.943975806 1.06663573 1.67195559
    1.57604289 1.70555007 1.96372104 1.34186554 1.16637671 1.21764088
    0.870327353 1.78266215 1.54610801 0.984632909 1.14809287 0.987892568
    0.92249012 1.8226254 1.40059006 1.80480337 1.67113686 1.81551027
    1.07364035 1.66136837 0.83456552 1.17754006 1.76694608 1.41623676
    1.78174162 1.96055806 1.17991865 1.84427512 0.898639023 1.28065133
    0.88143754 1.17935312 1.81364107 1.16923857 1.41262615 1.5452348
    0.922792196 1.58016348 1.35553849 0.945575714 0.951811135 1.33398604
    0.952601254 1.28785264 1.88023567 1.82858419 1.93214381 1.67751157
    1.49514186 1.80831289 0.82737571 0.991963387 1.53369474 1.69159281
    1.26047587 1.66760552 1.52263176 1.74260712 0.886829019 0.90122062
    0.82037729 1.04042172 1.49389124 0.868113816 1.05809867 1.72222519
    1.6117624 0.891108572 1.39301574 1.16942263 0.811898828 1.46397138
    1.14098263 1.9316473 1.53966916 1.86719763 1.83660626 1.53650522
    1.74923503 1.8557148 1.15283716 1.63416708 1.75682652 1.80059683
    1.78585339 1.40895581 1.19202626 1.59202909 1.6728338 1.54578483
    1.84773731 1.45760715 1.98035121 1.82920134 1.28968203 1.02353537
    1.48745787 1.81413221 1.74428725 1.73928034 1.08211923 1.44003236
    1.22346854 1.96635985 1.89828742 1.56936049 1.0351826 1.28117979
    1.42233562 1.58082545 1.71283448 2.00278187 1.24323618 1.63257003
    0.848184466 1.70838857 1.59325647 1.77435338 1.45268202 1.39788616
    1.27673829 1.05649495 1.49258995 1.37429368 1.75704765 1.34132278
    1.04864085 0.99469322 0.770611167 1.15950119 1.75413144 1.88252032
    0.987130165 1.82982337 0.936743259 1.48923445 1.78127742 1.01179612
    1.75526083 0.899726152 1.66731703 0.787813067 1.19650304 1.34709001
    1.65681195 1.01283848 1.62573767 1.63067663 1.76088631 2.04003954
    1.30835032 1.85745978 1.58575928 1.81450188 1.83001184 1.3233875
    1.65443325 1.14150262 0.693908989 0.720171571 1.31737423 1.68695164
    1.52183163 0.859225452 1.72619212 1.88831437 1.81336689 1.62963843
    1.86443961 1.62001729 1.43444169 1.36915588 1.15963042 1.00851238
    1.86611772 1.96088338 1.68528008 1.23996758 0.924378574 1.71575713
    1.17813551 1.60688126 1.47701359 0.904856324 0.984812081 1.56774032
    1.31386161 1.40572953 1.04399467 1.80472803 1.2943486 1.60869753
    1.47436273 1.44182074 1.35769463 1.99509466 1.83229005 2.07711124
    1.0864476 1.52225971 1.18303299 1.49876714 1.72054207 1.70069897
    1.92942214 1.77994204 1.65499401 1.11054552 1.65737915 1.95796442
    1.85723937 1.29394078 2.09043479 1.97710466 2.10935545 1.92774653
    1.81071424 1.6935513 1.75811982 1.10985506 1.84264684 1.22214735
    1.85862613 1.99549234 1.12867212 1.04447067 1.64856541 1.58060539
    1.15860891 1.22560656 0.819988251 1.07315934 1.44666159 0.87455976
    1.44939649 1.84127498 1.31675684 1.72180986 1.08163953 1.28161681
    1.09075534 1.85845828 1.56193137 1.62246919 1.35166621 0.806652367
    0.783733845 1.25880086 1.39439511 0.827648282 1.42338026 1.36787832
    1.00373685 0.907587171 1.51230395 1.10643709 1.27396607 1.5693115
    1.29849076 1.21192563 0.782353461 1.23235846 0.897296011 1.05930591
    0.899169266 0.930279434 0.855648756 1.17957461 1.23298681 1.08108044
    1.73245752 1.74884272 1.25818241 1.11527526 1.26139653 1.66292512
    1.21155667 1.67686152 1.34300005 1.31459272 1.49327791 1.84172559
    0.915155768 1.19506824 0.845645368 1.49745762 1.79305959 1.00480223
    1.84476149 1.81964111 1.99491346 1.69638646 1.06073534 0.825563014
    0.856943011 1.19367397 1.67580223 1.77580774 1.03927588 1.80126953
    1.59894836 1.31833029 1.01027155 1.09966171 1.31880832 1.2490046
    1.1093502 0.792883337 1.18021369 1.87731683 1.52674377 1.54117036
    1.98883879 1.32387817 1.80972517 0.836294413 0.897542 1.07969344
    0.747902155 1.29123461 1.64353073 1.59825969 1.16570091 1.68303323
    1.38285196 1.50049853 1.17778075 1.5353446 1.19383657 1.87415123
    1.15508068 1.60984635 1.07315993 0.954173148 1.12297297 1.06382859
    1.04531777 1.70001996 1.39179289 0.95385474 0.950049579 1.95199001
    1.9685421 2.02036166 1.01343536 1.82739556 1.27494907 1.1740334
    1.89208841 1.59371662 1.93930256 1.59603453 1.65749419 1.87389898
    1.78002858 1.08265519 0.958757162 1.60683668 1.20460773 1.44408095
    0.956816018 0.905226827 1.61742604 1.450755 0.868295908 1.01674271
    1.79595423 1.48601902 1.40177059 1.41138983 0.905130625 0.872240603
    1.62278235 1.56452572 2.02455902 1.32538772 1.7378 1.16539395
    1.67136478 1.62781453 1.34424222 1.76204956 1.36567855 1.28803134
    0.88882947 1.03085756 1.47389674 1.89449298 1.31045675 1.00583637
    1.36101568 0.878714263 1.21063983 1.86395407 1.19346368 1.79871035
    1.70986307 1.19904888 0.811548054 1.42062151 1.7264396 1.26607263
    1.92843223 1.93268788 2.05262446 2.03446984 1.7450614 1.37268722
    1.11076808 1.3895359 1.30958033 1.00807166 1.24877608 0.665941298
    0.813866198 1.37836993 1.46169508 1.07115412 0.891995907 1.11727154
    1.32677233 1.36988604 1.93843412 2.02834439 1.91904676 1.50992703
    1.65248013 0.909006715 0.819607019 1.38254797 1.75886762 1.30470049
    1.19738793 1.55769372 0.826342285 1.40885413 1.53912616 1.53519559
    1.1370213 1.5408231 0.964845836 0.919944644 1.18473053 1.38308191
    1.80016279 1.30636978 1.34282207 1.90498817 1.46689272 1.41005814
    1.6553694 1.65801358 1.55544543 1.90405273 1.83222353 1.09752643
    1.7985096 1.31400609 1.36122417 0.996546805 1.13337064 1.51635563
    1.006446 1.73730469 1.04906023 1.35571039 1.79248893 1.69142067
    1.63030303 2.11283112 1.56568468 1.80695796 1.48866403 1.30688512
    1.86628711 1.97971559 1.14880955 0.931516826 1.48722637 1.79481375
    1.04544902 1.55936563 1.47837543 0.895135283 1.56735396 0.811322033
    0.953537643 0.819465756 1.48603475 0.930203617 1.43296802 1.62580442
    1.72175717 1.91804838 1.36733949 1.00943828 1.7777704 1.8737545
    1.21366298 1.46541822 1.724545 1.48842096 0.770566165 0.854209125
    1.28147936 0.750608444 0.785645127 1.38656306 1.68022013 1.60418022
    1.57200277 1.40874279 0.912100613 1.59923398 1.47451353 1.17850196
    1.05850768 1.52306139 0.861964405 1.16181505 1.7425288 0.767287612
    0.949441612 0.923837364 1.28386629 0.989869833 1.79827833 1.95880818
    1.25729406 1.54131663 1.30053604 1.22951937 1.14086032 1.30579686
    1.82404506 1.33239794 1.87470746 1.81703162 1.23300064 1.28997791
    1.19945514 0.971182168 1.82582867 1.0269295 1.82957017 1.43666887
    1.94595516 1.53284454 0.821488023 1.36058474 1.10465932 1.1732868
    1.60199559 1.34161294 0.905943394 1.11681509 1.79708552 1.23478699
    0.988370597 1.59919143 1.47659373 0.848834574 0.783984959 1.12385345
    1.23569489 1.81701434 1.53220594 1.11743319 1.21492398 1.500808
    1.13132274 1.76182854 1.48331404 1.47711623 1.32890093 0.764804482
    1.31236029 1.2645117 1.71741629 1.39333773 1.80161035 1.4367578
    1.73865831 1.53217566 1.90578973 1.67582476 1.05635011 1.23664129
    1.80961835 1.85038972 1.00887537 1.61050141 1.87643337 1.61580074
    1.18470788 1.53201294 1.19131434 1.93199289 1.70349944 1.63100219
    1.02053058 1.84767914 1.15197062 0.909070313 0.936199605 1.64725327
    1.00386417 1.28285778 1.27212548 0.984546125 1.56154573 0.849565268
    1.44622529 0.87819618 1.43312955 1.33108318 1.50855041 1.2524724
    1.37145019 1.68767905 0.943841338 1.5580734 1.73110449 1.15007877
    0.885701418 1.30716085 1.75994694 1.26479733 1.49566209 2.0364418
    1.61535645 1.52400875 1.47715342 1.24907017 1.69740546 1.55050576
    1.92287838 1.11156332 1.93652582 1.28924036 1.65487742 0.992380261
    1.4460485 1.50588024 0.949362695 1.09178376 1.43484128 1.46474993
    1.64370167 1.93762672 1.39579082 1.76714647 1.48697495 0.836470962
    1.36787164 1.058146 1.69720173 1.53362107 1.57780874 1.20809579
    1.04747438 1.73514831 1.36822486 1.82217526 1.15577936 1.23462188
    1.25886619 1.5759064 1.28682613 1.02654862 0.924678445 1.49070597
    1.81066263 1.10877252 1.3290056 1.8837949 1.3790406 1.39982712
    1.30760288 2.02014589 1.89630151 1.584934 1.17083549 1.45497835
    1.2306633 1.71251976 1.82406688 0.923175335 0.838991344 0.833418131
    1.22035491 0.998060465 0.932787895 1.6141423 1.04943609 1.84793866
    1.80937219 0.773350477 0.919015706 1.16120112 1.53837907 1.54001117
    1.26928473 1.16585243 1.25394726 1.54499018 1.94020951 1.48018944
    1.59924328 1.80212533 1.01765656 0.866403043 0.981344283 1.49358892
    1.4506098 1.24892986 1.65902579 1.10612714 1.84566176 1.45493174
    1.63222146 1.28614259 0.877727866 1.44824064 1.24574029 1.74810147
    1.75074291 1.76886666 1.62045479 2.02121711 2.00439906 1.66917801
    1.50405037 1.09554076 0.950920463 1.80105841 0.90827775 1.686414
    1.01011527 1.25286043 1.897735 1.67943335 1.0038358 0.888352871
    0.874265373 0.750344336 1.71686852 0.940405965 1.76659942
    0.862904906 1.33583188 1.67307246 0.998668075 0.861376286 1.35236478
    1.22541726 1.59545028 1.39343488 1.59237683 0.867422521 1.02257013
    0.886131942 1.05132842 0.975181699 0.973240554 1.33007336
    0.919424236 1.10499132 1.12816739 1.14381671 1.67118335 1.66602349
    1.30344355 1.33530438 0.82336092 1.38684189 1.5057013 1.8582201
    1.06240368 1.34688246 0.856839359 1.71049535 1.76518667 1.32208037
    1.88418663 1.46719778 1.50550926 1.55722022 0.958826542 1.84940219
    1.56439614 1.43578124 1.4136492 1.07470393 1.31009161 1.01509154
    1.34082294 1.10321915 1.66538262 0.836132169 1.48485279 1.13020158
    1.17363548 1.19871509 1.03033888 1.42478883 1.68158841 1.90965772
    1.20350647 1.93988538 0.907990217 0.889277756 1.0221765 1.21678531
    0.957974315 1.7091738 1.13531709 0.817864835 1.11701262 1.08124864
    1.30585647 1.69877827 1.98185229 1.93838966 1.92473745 1.72160208
    1.06488585 0.870286524 1.81509495 1.53107595 0.780767977 0.672738075
    0.98864162 1.11728084 0.952658355 1.2783531 1.37667716 0.963830113
    1.81907296 1.88178754 1.64709139 0.941715658 1.25644958 1.79017103
    1.30718112 1.86672199 1.11250651 1.51216924 1.41317856 1.21876681
    1.59051108 1.76089752 0.958830953 1.70959854 1.80072236 1.89688802
    1.21760321 1.63459086 0.932295263 0.790562034 1.27426529 1.76087725
    0.982626379 1.46576107 1.11461639 1.18235946 1.64127481 1.0237236
    1.32850242 1.36620462 1.19425499 1.08563149 0.785601854 1.63301194
    1.28345942 0.850715697 1.07347095 0.917809725 1.28515339 1.09721088
    1.33393729 1.36008382 0.922640324 1.37339544 1.21077514 1.59903812
    1.80458081 1.11194134 0.863583446 1.47107708 1.86046946 1.38635433
    1.6801846 1.84609282 1.89467824 1.29958403 0.999643147 1.19711602
    0.974492371 0.859238029 1.15039086 1.73031342 0.781984746 1.18353581
    0.897521675 0.910819769 1.90393209 1.83662105 1.45885646 1.05186427
    1.41476262 1.35048723 1.05274987 0.965286255 1.81312728 1.30995905
    1.63697064 1.22745514 1.02428162 0.941840529 1.84710932 1.74908388
    1.66876233 1.60089171 1.51301539 0.574270546 0.701234877 1.31666124
    2.00711393 1.85393667 1.82611001 2.05375481 1.35015702 1.66780865
    1.72343469 1.62956345 2.00314832 1.23853362 1.34346998 1.4632206
    1.30993688 1.49484432 1.43357944 1.43350124 1.34915423 1.7522825
    1.47164309 1.51903355 1.15237331 1.53331733 0.907841146 1.52012599
    0.956993341 1.03598177 1.30605364 0.863621235 1.68261278 1.88755739
    1.64722192 1.83954203 1.94762146 1.75705385 1.56397104 1.81202793
    0.902667642 0.999206662 0.899819136 1.66712415 1.41444969 1.52982652
    1.35436797 1.7687192 1.14631498 1.7175777 1.68878317 1.16523385
    0.868120909 1.01662505 1.27753019 1.12683332 1.19400263 1.58996248
    1.52137542 1.21550012 1.74603784 1.43649769 1.79768562 1.37332046
    1.39638054 1.73425543 1.6310569 1.7891351 1.3160398 1.33417284
    1.51152611 1.73296332 1.2670846 1.52097428 1.77827775 1.38660514
    1.06138015 0.879772782 1.13175392 1.07913375 1.32426083 0.752520502
    1.51325929 1.01486039 1.38019526 0.936720371 1.36232674 1.12387526
    0.787065506 1.32313716 0.923311472 1.78492701 1.5503751 0.726869702
    1.61635208 1.15588033 1.74967945 1.02917278 1.70743394 1.11524963
    0.802359939 0.930031717 0.765948713 0.863779664 1.05412817
    1.73640013 1.13793826 1.70371819 1.64751613 1.88655818 1.54383326
    1.0141772 1.2510165 1.17012715 1.30604219 1.74360335 1.54261005
    1.61714339 1.90675879 1.56930041 0.980859697 1.49315107 1.32558894
    1.34880853 0.906381965 1.28869975 1.34368372 1.44369018 1.79162872
    0.919363201 1.03155363 1.21620715 1.61866128 1.47251391 1.23771024
    1.61891186 1.08885491 1.55600142 1.09100866 1.2426089 1.88004959
    1.98575556 1.14690518 1.67003524 0.881144345 1.01703548 1.71226251
    1.57374156 1.79930317 1.45782864 1.3628993 0.822946012 0.842587054
    1.42105746 1.29741478 1.98268628 1.42501843 1.76756203 1.213256
    0.96943903 1.33550775 1.89106166 1.27588332 0.762329638 0.737160563
    1.40944552 1.03113735 1.38382232 1.16360819 1.74924552 1.37530959
    1.43802261 1.48522389 1.85304761 1.18599105 1.42269945 1.19398344
    1.40076041 0.880045772 0.963530242 1.28551424 1.04218209 0.990446389
    1.0831989 1.25966859 1.46616721 1.79428041 1.83422208 1.80107892
    1.62477839 1.85435414 1.18713093 1.0898205 1.37837362 0.849705279
    1.236619 1.87686241 1.40738261 1.36524832 1.3592087 1.0381422
    0.92858547 1.04408193 1.28819442 1.16022789 1.20025957 1.28525877
    0.894712269 1.27349019 1.35952997 1.45403707 1.25825775 1.0960058
    1.25609207 1.28179812 0.889642775 1.70412529 1.62582672 1.58327675
    1.33058047 1.1999464 1.3827517 1.45535886 0.978076696 1.80939996
    1.12717044 1.57159352 1.90043771 1.54331052 1.67597485 1.68256879
    1.04154229 0.943530142 1.18254173 1.13510787 0.739463329 0.99285537
    1.41220558 0.904825032 1.55482531 1.66939235 1.38048851 0.847582161
    0.775208116 0.974839866 1.13789427 1.26355386 1.8093307 1.57001173
    1.50927567 1.79649448 1.70871031 1.73202407 2.01060915 1.18363261
    1.03497005 1.57500851 1.00399566 0.968358994 1.62218332 1.59374905
    2.19112515 2.03957152 1.87759519 1.99575698 1.35137463 1.23648608
    1.33144307 1.78839362 1.45627999 1.74427295 1.71531737 1.03448915
    1.42943072 1.27649236 1.24573195 1.57309055 1.87220323 1.50551903
    1.50522923 1.69681072 1.38902748 1.37247419 1.74265027 1.83248031
    1.32055497 1.64931524 0.866991401 1.50632739 1.41717362 1.10180426
    1.33214283 0.896075964 1.42094159 1.05459809 1.18825293 0.989211321
    0.726954818 1.13465238 1.78274715 1.22150075 1.71888411 1.81899774
    1.21211267 1.55033076 1.48033047 1.72893858 0.904871106 1.58896446
    1.73580837 1.59582865 1.41673827 1.2096827 1.24543464 1.91388345
    1.90357649 1.65787303 1.58557355 1.95579743 1.3886137 1.50567782
    1.02068233 1.57914913 1.11948025 1.48678577 1.58601177 1.87026441
    1.28253746 1.44652748 1.80751204 1.32209468 1.54775715 1.41002488
    1.02403581 0.733177125 1.19064569 0.759689867 1.22887313 0.794197261
    1.64075673 0.991044521 1.22423124 0.936861813 0.912030995 1.05023324
    1.78241885 0.92882055 1.75401139 1.2116164 0.934019625 1.10622621
    0.927176535 1.45786023 1.07015038 1.61084032 1.16189778 1.48003924
    0.79777503 1.50717926 1.20449698 1.76216102 1.4027524 0.979519248
    1.78388751 2.03510189 1.5938791 2.06016898 1.87543178 0.819864094
    0.926201224 1.29893601 1.84946895 0.986625135 1.16357577 1.36317027
    1.594733 0.81628108 0.912214875 1.19765317 1.23119295 1.58589959
    1.45363557 1.45917106 1.53377712 1.71064627 0.929772794 0.906545281
    0.713423848 1.24255061 1.20311284 1.4772284 1.61377168 1.96368408
    1.71090174 1.78074217 1.58488202 1.59401262 1.8387121 1.66388667
    1.24113679 1.72831202 1.24253416 1.78165936 1.28075659 1.37149215
    1.93495202 1.43329453 0.842946827 0.919250131 1.14154911 1.07522166
    1.88205719 0.914823115 1.14631259 1.767506 1.91908729 1.44430161
    1.39948392 1.2925992 1.15708303 1.29093063 0.858660221 1.7026757
    1.32091379 1.20516551 1.10669303 1.10682023 1.44162595 1.31413066
    0.865693688 1.39409542 0.970944524 1.45230722 1.56848228 1.77955985
    0.94886148 1.81970263 1.81966329 1.34329712 1.24105251 1.17569125
    1.45817912 1.86084223 1.38181973 2.06378627 1.87623072 1.77907336
    1.21843255 1.49571049 1.28729737 1.36111569 0.955479205 1.88701105
    1.5558815 1.35811996 0.899610817 1.4187659 1.34468305 0.74254483
    0.699029207 1.23230374 1.72190428 1.08421171 1.69382572 0.884993196
    1.45921803 1.79656529 1.42186403 1.10723996 1.64506555 1.51613438
    0.9334746 1.22307563 1.43924963 1.44850802 0.945747375 1.24148583
    1.67682695 1.76413083 1.26540232 1.9047339 1.71363378 1.53162241
    1.94811618 1.65890753 1.07255781 1.34616613 1.04145634 1.62363636
    1.42599809 1.25269365 0.797558725 1.62695408 1.12399125 1.204409
    1.85879397 0.858026147 1.12075663 1.36966169 0.996544003 1.17360055
    0.74345988 1.41842854 1.11295545 1.22661161 1.66627371 1.05666685
    1.20663869 1.53206336 1.30935371 1.75292706 1.86436856 0.781909585
    1.19138336 0.900914371 1.34772182 1.99018896 1.98782539 1.48989832
    1.74159241 1.84491515 1.91650426 1.18620634 1.71039343 1.7310158
    1.51751232 1.59805417 1.84833765 1.91093433 0.989703 1.81998193
    1.67593455 1.70165372 1.19608462 1.48820794 1.14104176 1.3569814
    1.35860312 1.14812088 1.42498374 1.2789011 1.11691928 1.64664841
    1.56702268 0.896987498 1.70358229 1.85788274 0.981249809 1.00961649
    1.63771927 1.58816075 1.00387239 0.705972791 0.835165322 1.39831471
    1.27276766 1.20954394 1.45187926 1.64348483 1.26489437 1.74093282
    1.47794688 1.34046507 1.44936883 1.08909631 1.04151344 1.02559686
    1.46354783 1.33209395 1.85264766 1.89625597 1.31869245 1.05243325
    1.60049617 1.18502283 1.84472024 1.84414792 1.15522099 1.20018125
    1.43392503 1.35313809 1.99627423 1.97061563 1.64468861 1.0926733
    1.6463418 1.42750049 1.70594108 1.50506175 1.00030649 1.58694398
    0.751723647 0.76965487 1.08520424 0.793975592 1.00669134 0.756881177
    1.08697498 0.938323617 0.711623251 1.27969337 1.57597697 1.06032455
    1.92065167 1.83200336 1.89304769 0.903883755 1.20584452 1.51548684
    1.030568 1.77123201 1.64915848 1.23248851 0.872576416 1.00321436
    0.973631144 1.24910653 1.90136337 1.43090379 1.01921976 1.84741521
    1.70910978 1.73407698 1.80545402 1.18655956 1.06862617 1.44698703
    1.93594158 1.95686007 1.33768177 1.71509707 1.61157238 0.970902979
    1.23613834 1.87838817 1.94844413 1.29904079 1.78548419 0.975696623
    0.972423196 1.41510975 1.32709372 0.81364572 0.882251024 1.11247802
    1.50197148 1.14796257 1.11754084 1.87538612 0.989031136 1.18872738
    1.15690637 1.61813056 1.92406976 1.96578002 1.90595686 1.93703651
    1.65308964 1.81616652 1.37487304 1.34357059 1.94533432 1.04138243
    1.38621283 1.44735873 0.90812254 0.893239915 1.49405396 1.25251615
    1.31034982 1.05236268 1.93854129 1.47371626 1.70314264 1.55961883
    1.52684152 1.06160522 0.868536294 1.0494194 1.4863174 1.25425994
    1.19673872 1.12289286 1.29914892 1.17402029 1.2367034 1.29046118
    1.18907547 1.7548449 1.624506 1.00704706 1.37091351 1.42960811
    1.2893033 1.28973103 1.55555809 1.61383474 1.48201513 1.26416397
    1.9575069 1.13747585 1.06423187 1.30494153 2.01848125 1.66233933
    1.57063675 1.59170651 1.36976123 1.23085952 1.06894743 1.73475194
    1.24639738 1.37069499 1.31619167 1.3234719 1.40096438 0.721597433
    1.01260281 0.950528502 0.990674675 1.44660735 1.39416528 1.25372016
    1.12944686 1.72069991 1.72008836 1.74553144 1.16116667 0.888473034
    1.57635093 1.51752698 1.26421487 1.24777162 1.360515 0.969162822
    1.45701957 1.91288567 1.19696891 1.90573883 1.10683 1.83126187
    1.44898117 1.04398811 1.44468296 0.89451468 1.34604704 1.53226066
    0.979646385 0.989756644 1.56720793 1.14820766 1.37359595 1.07507241
    0.985765755 1.01476693 1.78563893 0.918294251 1.42402315 0.896154404
    1.45792949 1.48174393 1.21291351 1.79844296 1.7667073 1.87583888
    1.23729515 1.6098901 1.30162239 1.28568602 0.51940614 1.19384038
    1.72553647 2.03460526 1.93656135 1.36367381 1.8309356 1.01945722
    1.37197161 1.05672157 1.89496708 1.21580386 1.10145772 1.66073453
    1.52865767 0.922425151 1.42664576 1.70329058 0.931050777 0.887570798
    1.37052286 2.01234937 1.76762462 1.98364568 1.75589931 1.16873765
    1.64283192 1.16500354 0.877177417 0.864727795 0.796676874 1.32573235
    0.837265134 1.18340993 1.48197889 1.35892165 1.30747867 1.76645613
    0.71153754 1.40683997 0.632711232 0.62573123 0.64533329 0.903565407
    1.31212223 1.33722949 1.58113039 0.968767405 0.791715503 0.924098849
    1.1194967 0.913057148 1.1168381 1.03341413 1.38517952 1.22175074
    1.51399457 1.05251074 1.14663315 1.27663195 1.32589722 0.896220386
    1.50223851 1.6650306 1.38564801 1.25529361 1.09503794 1.72556293
    1.55641735 1.94076586 1.8340472 1.34054804 1.04955816 1.81876111
    1.67470026 1.90483415 1.5140456 1.24713266 1.12747002 1.09503424
    1.56379282 1.79818618 0.877572417 1.48732495 1.76550305 0.911496341
    1.39710605 1.34208357 1.12010705 1.37547588 1.48448431 1.96842325
    1.44898665 0.976880789 1.83226037 1.51201224 1.73470569 1.33040142
    1.74861121 1.8608259 1.39458191 1.87751245 1.46435714 1.60469329
    1.94537437 1.43931282 1.93008399 1.62827742 1.6713866 1.82183874
    1.3477515 1.57038128 1.46371877 1.57059944 1.88041461 1.37120724
    1.22028255 1.10495293 1.85166693 1.29941595 1.20470011 1.55869663
    1.79172075 1.93680751 1.56322777 1.7400924 1.07907641 1.22223938
    1.7608521 0.855526388 0.73592627 0.943784773 0.735831261 1.79014003
    1.18766034 1.68931282 1.86609423 1.26175427 1.8572855 1.6851002
    1.81945896 1.26210082 1.76578093 0.991173446 1.52505517 1.25034392
    1.07698059 1.12521827 1.72260475 1.66954458 1.7024591 1.5367198
    1.12221241 1.57376134 1.75622046 1.52256525 1.31535852 1.16947198
    1.56201327 1.47025216 1.87416589 1.78606415 1.12764537 1.41334033
    0.905467927 0.996513903 1.69917059 1.26859534 1.71284235 1.0996114
    1.27427757 1.62630427 1.64080632 1.12897372 1.86680591 1.66259062
    1.29690135 1.28973532 1.30636251 1.11789536 1.57063186 0.980064154
    0.979285955 0.871685147 1.06675887 1.60946512 1.83695018 1.48377478
    1.59686351 1.96877348 1.91197872 1.78046858 1.40691042 1.36558139
    1.33921051 1.43607962 0.924051702 1.34103584 0.953003466 1.53690374
    1.69556451 1.09436762 0.880507886 0.727970839 1.58194065 0.908025622
    1.47322786 0.932634056 1.09297752 1.79040432 1.06163931 1.51357937
    1.8624326 1.56260145 0.876760542 0.866342366 1.32693505 0.784697711
    0.866346061 0.789146125 0.915107727 1.52539182 1.84830379 1.65356135
    1.57186174 1.26185882 1.79355395 1.459131 1.28106904 1.7111212
    1.26212919 1.29852974 0.950212896 1.46597469 1.7183156 1.01242375
    0.861906946 1.3603971 1.45072174 1.60424781 1.2219075 1.75145638
    1.86047673 0.878389716 1.63044667 1.23538458 1.17309618 1.19839823
    1.38383889 1.14424467 1.54632032 1.57137096 1.65244091 1.32589471
    1.35106933 0.654352844 0.582010806 1.63241994 0.912121952 1.29305089
    1.48383331 1.11704719 1.91315234 1.36281133 1.35254598 1.82475138
    1.31275904 1.61745107 1.44235551 0.968653679 1.73753357 1.25913441
    1.67798293 0.911470711 1.24782884 1.17934263 1.64913011 1.66052425
    1.94207788 1.32679212 2.06147838 1.0701369 1.91048288 0.909075856
    0.819189489 0.815984786 0.746801436 0.879115582 1.4852103 1.31809664
    0.866704822 1.2033999 1.38421154 0.796532333 0.879360557 1.1887579
    0.78385359 0.972404122 0.674486458 1.18871403 1.25672507 1.53369784
    1.81121314 1.08536279 1.20583093 0.731860042 1.27995133 0.98135823
    0.936404109 1.66259348 1.66331089 1.07039452 1.04533076 1.68031275
    1.07782364 1.55425453 1.56929302 0.942405283 1.17786765 1.65691614
    1.43096149 1.29043448 0.916607857 1.62432992 2.03554845 1.99059629
    2.06737947 0.971696019 1.28561366 1.11088324 1.68788958 1.76077402
    1.16675639 1.22997773 1.03396845 1.68591726 1.61997795 1.76156592
    1.06881547 1.78557527 1.01151943 1.60288811 1.14031076 1.51351905
    1.14348817 1.33003974 1.44802034 1.56477475 1.85181975 1.44430363
    1.22312093 1.84644258 1.15005028 1.12397134 1.27178085 1.40361452
    1.56159639 1.67874086 0.923812211 1.14584637 1.65961063 1.25981331
    1.10178375 1.80305016 1.17290485 1.34830487 1.33330917 1.31826007
    1.44554341 1.05366647 1.30662155 1.20731235 1.15461946 1.60067701
    1.75449002 1.21410048 1.2541616 1.24926972 1.20132339 1.34793854
    1.39190221 1.002316 1.55982304 1.90569365 1.18416929 1.75952971
    1.6476661 1.1612283 0.888139367 0.873011291 1.10334909 1.69231141
    1.83942378 1.87713981 1.77030718 0.934310615 1.37044394 1.53942406
    1.46465051 1.13058221 1.58895195 1.06464481 1.32437372 1.05690849
    1.34195971 1.15399051 1.09452903 1.59542572 1.92235529 1.49174857
    1.66717505 1.14895189 0.822516918 0.910158694 0.798277617 1.63598812
    1.0651437 1.17244315 1.86889851 1.55431032 1.48626673 1.28256142
    1.44112098 0.987570167 1.25698161 1.81617355 1.15140474 1.41578007
    1.95140815 1.10140657 1.7726711 1.00081313 1.34958375 1.49950039
    1.13730013 0.912018061 1.28715706 0.766302168 0.649785817
    0.859006584 0.760317683 1.07104921 1.2723645 1.49306858 0.900042593
    1.40243316 2.00802255 1.686759 1.03999329 1.43817711 0.944331169
    1.6141777 1.75471246 1.51572168 0.980052769 1.27814317 0.882578731
    1.74418175 0.96568197 0.741241634 0.824557841 1.00630367 1.15995312
    1.51786447 1.57263708 1.35731578 2.04694533 1.41769993 1.09095037
    1.10578156 1.19998586 0.972375929 0.867221594 0.720152915 0.91181469
    1.7510612 1.30503702 1.51659596 1.59156489 2.04069471 1.83995593
    1.46230364 0.993029356 1.27277768 0.947249293 0.870115876
    0.821543694 1.2422297 1.53299212 0.861746848 0.883062363 0.829060435
    0.786850095 1.04088509 1.48792422 0.951474488 0.996307731 1.44482708
    1.83249867 0.878107369 1.02777982 1.71084404 1.46821237 0.835852027
    1.28194618 1.01780999 1.05227172 1.42364609 1.32778752 1.55808961
    0.837577879 1.35512662 0.655188084 0.847791135 1.73532927 1.34937561
    1.32110858 1.73523331 1.61964548 1.85146868 1.88413942 0.999667585
    1.15189028 0.7687729 0.797640383 1.24753153 1.03963363 1.46496832
    1.45334518 1.54797208 1.39752972 1.03758442 1.60590851 1.45945704
    1.36639345 1.8569231 1.77668762 1.82687533 1.43598747 1.8347553
    1.75641739 1.52545536 1.59307659 1.06186116 1.24657631 1.64473319
    1.58036375 1.19011915 1.53544033 1.52758765 0.934778094 0.69198525
    0.767621934 1.0205729 0.742752254 1.35082269 1.32409966 1.50565279
    1.72866857 1.0214926 1.29703259 1.54495358 1.32719553 1.2212857
    1.30289781 1.11434984 1.67913342 1.61824656 1.32842946 1.30530739
    0.961224616 1.28600192 1.06859303 1.59054303 1.82137263 1.59034133
    0.915213883 1.33261204 1.52771699 1.98817694 1.69908285 1.63728368
    2.02366209 1.04287195 0.904715061 0.787601829 0.959443033 1.44151783
    1.12056839 1.22386253 1.357723 1.11120367 1.22806454 1.64095712
    1.12909722 1.09351325 1.93391657 1.71377087 1.58070171 1.45111644
    1.32144809 1.40290904 1.60537457 1.15407646 0.982708871 1.1484617
    1.63371825 1.83912468 1.23380458 0.964948595 1.30066884 1.63513792
    1.51552916 1.79888892 1.35768127 1.55412543 0.972084224 1.32759559
    0.988964796 1.45713544 1.07174218 1.38331449 1.41530395 1.56878054
    1.7074858 1.27007627 1.61457717 1.4793514 1.37103701 1.16047835
    1.02153194 1.50742543 1.21903455 0.928709447 0.973721862 1.7403357
    1.5082978 1.45921636 1.66989577 1.57380259 1.59049404 1.63611686
    1.84198701 1.74914062 1.06433487 1.35195303 1.05906379 1.46526098
    1.5345161 0.989597797 1.34524238 1.17441213 1.64289403 1.39506853
    1.79070997 0.956620276 1.74516392 0.849532664 0.990136564 1.68157125
    1.81727552 1.42900634 1.35452259 1.6670742 1.69804645 2.03757906
    1.99525857 1.94565392 1.75151384 1.25156999 1.11365843 1.00076628
    1.07059741 1.97805572 2.0874269 1.99636567 1.75205958 0.827720046
    0.869582891 1.00622725 1.39248872 1.23480475 1.1176008 1.57782996
    1.53373563 1.20743585 1.82899189 1.86635435 1.18694484 1.682724
    1.30073559 1.79274094 1.08179498 0.853754818 0.789976835 1.1987406
    1.31644833 1.23611176 1.7110635 0.817952991 1.25761104 1.39281738
    1.38189197 1.600582 1.07179904 1.62465453 1.02818286 0.984963179
    1.88138819 1.51613009 1.92593622 1.20389116 1.31124198 1.20753062
    1.38351715 1.54040611 1.10288846 1.28510141 1.38735771 1.91539514
    1.91164315 2.08477998 2.05120397 1.77658653 1.91871941 1.47029352
    1.15420759 1.19951701 1.1139847 1.31612527 1.54384947 1.48681521
    1.37345767 2.04747963 1.99460399 2.02398753 1.30793583 1.03839743
    1.19525695 0.770723045 1.67553687 1.40338004 1.51803672 1.21718848
    1.20528686 0.761793613 1.25292027 0.813397348 0.822699487 0.89423418
    1.50427508 1.50810504 0.907076478 1.32521665 1.54478192 1.07628214
    1.47865844 1.6598146 1.65225399 0.79450196 0.799031854 1.59834206
    1.22336268 1.46546614 0.973003447 1.14889634 0.83417207 1.56017995
    0.559916735 1.62509978 1.80744016 1.06661701 1.60030401 0.995401323
    1.05173564 1.61515486 1.00696158 1.01015854 1.22208536 0.876374841
    1.49879646 1.02775133 1.4322865 1.59469891 1.31647635 1.66991663
    1.67167211 1.77888954 1.36658168 1.61472321 2.00055122 2.03052664
    1.69521344 2.03036141 1.46778607 1.9984144 1.08397985 1.60391569
    1.86441684 1.69001341 1.20305276 1.71972311 1.00301957 0.893644392
    1.48849714 1.91871226 1.62392068 0.825786173 0.770639181 1.01387322
    1.22428906 1.08079553 1.15062392 0.945507765 1.33395755 0.872307241
    1.25012827 1.57773328 1.29870892 1.23430824 1.4105469 1.85755277
    1.14803302 1.73089778 0.830901206 0.861153901 1.12254262 0.749041259
    1.28473663 1.3309778 1.9752959 1.65662789 1.37161183 1.93899691
    1.28708482 1.9188081 1.96588528 1.55698955 1.98489952 1.68133855
    1.0046767 1.71476805 1.34844422 1.29579306 1.59108675 1.12381029
    1.93563998 1.9678179 1.34145188 1.12418413 1.47999668 1.91019964
    1.78921425 1.21920049 1.78710365 1.47122741 1.74130309 1.27865803
    1.0815568 1.12239587 1.49953556 1.70499563 1.8861078 1.84165943
    2.0518291 1.76522827 1.66964877 1.64530051 1.60375977 1.24605632
    1.25982833 1.88944566 1.33197582 1.77441537 1.4334774 1.60573971
    1.4829967 1.05426347 1.0209235 0.816302478 0.969127238 1.5227623
    1.26727581 0.896135747 1.40713263 1.27590454 1.04815722 1.67409921
    0.99957335 1.67061591 1.98471951 1.93407929 1.91643214 1.65266061
    1.10567391 1.72274792 1.32950997 1.96812916 1.51901424 1.52619278
    1.52700555 1.12786222 0.811639249 0.982781291 1.83598375 1.11292887
    1.06993186 1.36148906 1.48967957 1.39906144 0.944698036 1.17088151
    1.64259303 1.42951608 1.52798057 1.48755336 1.77660775 1.80656815
    1.52322066 1.33022583 1.63813806 1.02892292 1.39584458 1.51077604
    1.26515889 0.905006588 1.29506814 1.57306099 1.86523795 2.11230063
    2.10491157 1.27528334 1.04690278 0.874432027 1.22423089 1.01763558
    1.67672205 0.967503548 1.74207079 1.85186183 2.07391 2.07019758
    1.29378748 2.02687526 1.67221355 1.11460829 1.12201464 1.41312802
    1.67579043 1.27071619 0.773993671 1.57661963 1.75598145 0.963341534
    1.06610882 1.28628683 1.2918458 1.66604829 1.27699685 1.53302562
    1.40232897 0.996911585 1.76057541 1.97664511 1.65818882 1.89244998
    2.01863933 1.2536757 1.00786352 0.961256623 0.761030495 1.10040009
    0.703720748 1.26048267 1.80053055 1.69384253 1.49065328 1.79956257
    2.09931946 2.08397341 1.97782433 1.98407817 1.27090085 1.29821146
    1.14451516 1.2510097 1.52951097 1.51203144 1.34095681 1.90103149
    1.5032649 1.09737694 1.15548563 0.806087136 1.52045023 0.950794399
    1.0145812 0.808554113 1.83351505 1.66362166 1.45947433 1.31910586
    1.3254565 1.36260402 1.55578625 1.12339771 0.944461107 1.82351828
    1.33972168 0.981760263 1.46570694 1.48748827 1.49119592 1.87490118
    1.07836044 1.56743133 1.11405742 0.845217764 0.967777729 1.04627895
    1.22268796 1.04225504 0.868162453 0.939237416 1.40022445 1.27629662
    1.32426476 0.95190835 1.73243237 1.29008591 1.65456569 1.18842578
    1.58788502 1.75066566 1.56874871 1.76699853 1.45100653 1.12900472
    1.07099271 1.50173402 1.96480477 1.65007293 1.92959154 1.72888422
    1.97115099 1.54018712 1.59471989 1.31201017 2.05782843 1.86568737
    2.01007891 1.8561976 1.36833394 1.44483316 1.95740974 1.86142647
    1.37761295 1.62510896 1.11207914 1.74726391 1.61672819 1.81230533
    1.66334414 1.33407748 1.71201587 1.15724611 0.883572519 1.11380935
    0.75144136 1.43231308 0.923353076 1.78077495 1.30247235 1.74205196
    0.977183342 1.78924167 1.84271288 1.05463016 2.02069139 1.8948667
    0.948052108 1.20487869 1.0193758 1.0297637 1.1109879 1.40343809
    1.82456386 0.937329113 1.29522109 1.51114213 1.8123138 1.70726693
    1.44126105 1.39522457 1.28028417 1.48857653 0.90875417 1.13446414
    0.944725752 1.83071291 1.13485873 2.0194788 1.89277494 1.51603687
    1.43058574 1.85060191 1.07329059 1.92919779 1.39894402 1.54148924
    0.937214255 1.79262364 1.11610746 1.61840165 1.36616647 1.81967127
    1.93030465 1.46887803 2.05010295 1.62779474 1.63337541 1.96244431
    1.22198761 1.71334922 1.14633954 1.47834182 1.52658546 1.89751518
    1.16186559 1.74131894 1.9010725 1.05759394 1.42799461 0.864356875
    0.726759136 1.13727856 1.03493631 1.12398088 1.58315182 1.55308664
    1.29434848 1.6930002 0.855041862 1.38771808 1.34457302 1.52455962
    1.97005069 1.77267134 1.03317559 1.11798108 1.65551448 1.82579505
    1.09061432 1.46690226 1.25881016 1.06170106 1.2345767 1.34277976
    1.57996845 1.21381116 1.53789496 1.31945872 1.09152174 1.18774736
    1.13010573 1.5758599 0.983981907 1.0785923 1.63264728 1.08037937
    1.28180826 1.38514137 1.7369225 1.40493798 1.40527225 1.72172856
    1.11334312 1.75728905 1.74415481 1.21416891 1.83671808 1.92609847
    0.972302556 1.56466281 1.99673975 1.36898065 1.78356099 1.69974732
    1.06183338 1.46287346 1.45592904 0.929690242 0.936552942 0.974475086
    0.971517622 1.24287903 1.63609767 1.63102007 1.7205435 2.06892657
    1.8772819 1.25208402 1.6703155 1.44933724 1.80461466 0.981662214
    0.822069764 1.42467952 1.38566387 1.79518604 0.775164366 0.816925704
    1.14041531 1.39014339 1.29481113 0.966422737 0.930211127 1.49824905
    1.60264015 1.3111825 2.02262259 1.75165236 1.79005075 1.62389839
    1.84284997 1.61015224 1.34507728 1.03298807 0.726180851 1.06826389
    1.35264981 0.99605 1.8958075 1.12179434 1.91772079 1.39574111
    1.88157165 1.95600224 1.78528893 1.54115367 1.21885693 1.48756361
    1.11170971 1.70874 1.49234772 2.12122989 1.48647904 1.7729634
    1.34501648 0.78328377 1.08637965 1.3677243 0.795421183 1.13736844
    1.10681093 1.45062232 1.83419681 0.937649369 1.08182967 1.0727843
    1.28447759 1.61655915 1.01781833 1.90011179 1.71302664 1.17225504
    1.47214532 1.62100816 1.56391275 1.45121825 0.888300419 1.43647826
    1.71900272 0.95995307 1.2277869 1.50431085 1.21147072 1.65623534
    1.24750459 1.11706173 1.3202976 0.97743386 0.675799906 0.777748466
    1.41724885 1.35204518 0.929058254 1.29820669 1.75145996 0.851926148
    0.999212325 1.19562173 1.16122806 0.879036427 1.52944398 0.978304565
    1.40769732 1.31453753 1.84754729 1.49606407 2.02206945 2.02497005
    1.18405378 1.20022845 1.79429483 1.01061261 1.83443105 1.92271519
    1.84208572 1.28392851 1.10486674 1.52516866 1.44056237 1.35154569
    1.54982674 1.65288949 1.38206279 0.930968642 1.32341433 0.888172865
    1.16943812 1.71144938 1.07488132 0.826648355 0.998875022 1.76207113
    1.67026222 0.978943229 0.958711624 1.88710356 1.03419697 1.91258633
    1.91111946 1.74734282 1.79511487 1.37607181 1.13762891 1.54347098
    1.3263551 0.984926701 0.862900138 1.54576409 1.92253685 0.937668085
    1.70998073 1.1550405 1.67011249 1.14506102 1.37399507 1.10495794
    0.900024414 1.81717479 1.07116151 1.4132818 1.70930958 1.43799639
    1.53408217 2.10576057 1.44463158 1.58033288 1.61506033 1.86304021
    1.11668766 1.86333549 1.90188265 0.911173761 1.17475867 1.94082665
    1.90742326 1.06515872 1.5256896 1.57473183 1.98042631 1.6295172
    1.84100175 1.69952178 1.73900175 1.19526422 1.7833488 1.24207616
    1.32913077 1.07461846 1.03969193 1.38195395 1.08262205 1.38977706
    1.76595688 1.94404364 1.22189713 1.09628499 0.989426136 1.12483382
    0.987381756 1.23904967 1.44431353 1.54847264 1.9092834 1.55665421
    1.45220006 1.19570315 0.908288538 1.66112292 1.77218974 1.66422474
    0.932845652 1.32284379 1.6626637 1.51369107 1.83793318 1.20761871
    1.77544284 0.899334252 1.36471426 1.4498446 1.29965651 1.013888
    0.864603221 1.14103055 1.45590425 1.45576346 1.38007355 1.90354013
    0.967205465 1.74028885 1.26660573 1.60386181 0.86929816 0.80031091
    0.920408726 1.10835743 1.77442443 1.67879879 1.08851027 1.61060536
    2.0427773 1.4819237 2.01965284 1.05882621 1.76693845 1.71724856
    1.01826286 1.26501822 1.755862 1.71966386 0.957318723 1.53329909
    0.867337465 0.864373744 0.733951151 0.811198056 1.24169397
    1.61749446 1.90063 2.04683185 2.14210892 2.02207017 1.659073
    1.87075138 1.74412727 1.90302444 1.14388645 1.37715364 1.18892789
    1.70230591 1.44810581 1.73597503 1.39749157 0.765493333 1.50527644
    1.08888316 1.85866654 1.41802967 1.60771275 1.36165464 1.58679354
    1.36262739 1.14247012 1.37443018 1.75345552 1.67322385 1.80491173
    0.994242609 0.893905282 0.953192234 0.792036772 1.008479 0.808338583
    1.56450784 1.28739285 1.50487697 1.02957749 1.48231399 1.40068054
    1.13968861 1.56087828 1.87869394 1.42939532 1.26057613 1.03823078
    1.4898417 1.90928304 2.03082752 2.00643802 1.48486519 1.05067134
    1.69197702 1.73971629 1.43789887 1.01132667 1.76133156 1.90390396
    1.03131568 1.83223152 1.67420185 1.58583558 1.75057256 1.56423008
    1.79265058 1.97275913 1.84305525 1.87622857 1.0879612 1.97165883
    1.59280097 1.66071498 1.17407489 1.49828112 1.07894027 1.88791382
    1.77451503 0.917490125 1.73197353 1.91105723 1.84700418 1.04187131
    0.901610732 1.54886198 0.790818155 1.3643285 0.772926033 1.02372789
    0.829535961 0.780683398 0.90666157 0.862779379 1.1299628 1.87364113
    1.28263974 1.73756385 1.6284945 1.82361114 1.34632885 1.71564257
    1.32337546 1.67178631 1.48060703 1.23339927 1.46290064 1.28048646
    1.43774486 0.902790248 1.01444447 1.21307516 1.56963313 1.13349676
    1.41598153 1.09423959 1.56375289 0.957462072 0.980579317 1.16605723
    0.847473621 1.71075475 0.854294598 1.16891682 0.756091475
    0.756841779 1.09894538 1.38694608 0.983670533 1.3793484 1.20184064
    0.973643124 1.84054422 1.54740977 1.74925983 1.41517484 1.72850227
    1.31972623 1.57784772 1.6345787 1.6817528 1.34764397 1.05487895
    1.07752514 0.901858151 1.53930783 1.4846915 1.71485138 1.30827832
    0.968502343 1.03418207 1.3323313 1.18833816 1.3819325 0.863059223
    0.8940624 1.34533799 1.70363355 1.54361796 0.999394059 1.97233343
    1.41345096 2.00674272 2.06970716 1.57537186 1.01750731 1.73747897
    1.76475775 1.95805562 1.22161341 1.00114119 0.909777343 1.72381628
    1.71127725 1.77276373 1.30563903 1.76595199 2.03208423 1.86461413
    2.04810429 1.52884614 1.16222203 1.52286971 1.16171765 0.812033355
    0.988515258 1.20871508 1.85904813 1.77051473 1.16622066 1.50442874
    1.97303736 1.95095575 1.63357449 1.05082691 1.34599185 0.922304511
    1.7581017 0.841377258 1.83534396 1.93368268 1.17405343 1.52371323
    1.78073835 0.926940501 1.1033777 1.04273033 1.88559723 1.32458568
    0.948094368 1.09967029 1.05245626 1.60538435 1.1500119 1.10575867
    1.01875281 1.35514891 0.785849214 1.58334959 0.894027531 1.07218921
    1.58124232 1.30628979 1.09173405 1.60234618 1.76125157 1.34902596
    1.739393 1.65997589 1.11408067 0.976364791 1.22053492 0.889339328
    1.5086956 1.10915363 1.95780432 1.48437047 1.14675665 1.79837835
    1.86255848 1.37234128 1.70168829 1.92679119 1.37877965 1.51227403
    1.35758412 1.56724429 1.7962724 1.32862365 1.74659908 0.945137203
    0.831587255 0.827111602 0.606192172 1.0684042 1.56800938 1.34701753
    1.92604411 1.2077632 1.41139078 1.59118795 2.05686784 1.77759361
    1.87030721 1.02435255 1.74694347 1.91677296 1.41169906 1.81832039
    1.24463439 1.19162261 0.933760226 1.01471007 1.71279943 1.10511923
    1.25953162 1.51022816 0.98011601 1.2973814 1.28702784 1.83552623
    1.43285882 1.12083328 1.10449934 1.83439624 0.929660738 0.823780358
    0.702158749 0.876682758 1.02834666 1.08825994 0.948301792 1.35874987
    1.23738337 1.5591352 1.14124 1.0973773 0.80290705 0.84668076
    1.14816463 1.3203944 0.845129609 0.930118382 1.05455196 1.20918751
    1.76075864 1.87588966 1.89368963 1.8541652 1.39647794 0.922353506
    1.58360445 1.22397339 1.78739798 1.88616192 1.85688734 1.47365677
    1.34719312 1.23210084 1.20688033 1.85729086 1.41170788 1.21779048
    2.05967522 1.78654456 1.94217885 1.93959141 1.22944725 1.5729295
    1.39247036 0.963517964 1.46532786 1.87382889 1.84081233 1.05463564
    1.78836632 1.27521563 0.974639475 1.82982779 1.59993279 0.888086557
    0.85886997 0.8732692 1.05543613 1.15246642 1.18231249 1.63123178
    1.47514653 1.34795105 1.2634846 1.52656448 1.63604939 1.78533554
    1.10795844 1.48394036 0.974514425 0.937139452 1.10344589 1.57267892
    1.11932087 1.39103174 1.51880658 1.86496449 1.5038811 1.67915845
    1.87728465 1.23359323 1.39140725 1.10114396 0.922313988 1.17454791
    1.3324976 1.18783998 1.30269706 0.912440956 0.858063996 0.818862796
    1.68427396 1.71375501 1.24862564 0.792986393 1.7187041 1.56238687
    1.37948346 1.64756083 1.54455268 1.17898905 1.27957749 1.7538445
    1.65415621 1.21889937 1.83892465 1.58330309 1.43623185 2.04355764
    1.89156651 1.4948926 1.64318383 1.71929395 1.35079432 1.11575258
    1.16363502 1.89433753 1.27839041 1.51845992 1.68246508 1.02224958
    1.58653963 1.04774404 1.37190855 1.34192526 1.34093022 1.27574503
    1.21706486 1.25114942 1.17461407 1.23490596 2.01004958 1.88961089
    1.2508831 1.3540647 1.73980498 1.92889071 0.952671409 1.16790831
    1.76368654 1.08006954 0.781367898 1.12357438 1.74547076 1.46205473
    1.46373141 1.15495443 1.45149326 1.81754827 1.2244792 1.93941164
    1.54389858 0.976504087 0.931020737 1.06831622 1.25732613 1.35698402
    1.81483698 1.26088095 1.47140932 1.94449675 1.74908531 1.34300828
    1.31148517 1.65274203 1.69131553 1.67880833 0.913438261 1.04885757
    0.921280861 1.25258684 1.81007504 1.67070031 1.26666069 1.55718458
    0.86705631 1.31385231 1.37173295 1.47454536 1.20287669 0.962125719
    0.97268939 1.55774343 1.50805879 0.85539335 0.662387431 0.797299504
    1.0194602 0.768874943 1.05852878 1.2428683 1.22335505 0.859205663
    1.70943403 1.64650893 1.8066926 1.49093652 1.9797262 1.88174677
    1.26487386 1.6478138 1.52193153 1.26626444 1.28260434 1.7979933
    1.62698817 1.82267237 1.08392692 1.24125898 1.90106869 2.002105
    1.7143358 1.80659986 1.17999065 0.837553203 0.934408844 1.80069399
    0.982319653 1.39074183 1.29944754 0.860865891 1.13063121 0.831430912
    1.37379503 0.837757826 1.05351377 1.27132988 1.56945121 2.02270293
    1.20791924 1.97306395 1.08656609 1.07466733 1.69302273 1.21244776
    1.84051836 1.04530644 1.83789074 1.70843816 1.12199461 1.37768936
    1.18236232 1.13976419 1.63671017 1.3560406 1.98336661 1.39299858
    1.84339786 1.71126771 1.47402191 1.03182614 1.35588109 1.6840713
    1.61469257 1.24743831 1.47324061 1.04187775 0.689726412 0.803197026
    0.81941092 0.963134348 1.36372244 1.24691379 1.73375833 1.62321568
    1.36616695 0.841236949 0.933816612 1.67433858 1.69102633 0.966452003
    1.18025136 1.65527332 0.799273729 0.992804348 1.11885917 1.12332749
    1.840451 1.36950159 1.76943922 1.79286146 1.05857074 1.68145943
    1.61215878 2.0203371 1.34474063 1.51308608 1.63771033 1.446365
    1.82297075 2.01542616 1.77077377 1.90321612 1.90267146 1.25983489
    1.03857815 1.60305631 1.81662941 1.15667582 0.916955769 1.70892739
    1.43693185 1.35988557 1.1553694 0.96736443 1.07226717 1.84814537
    0.965354502 1.16276574 1.3107878 0.909477174 0.738195956 0.717809021
    0.710944951 0.922225058 1.58331025 1.88192904 0.899380028
    0.826385796 1.71838272 1.10552084 1.84690952 1.12979317 1.25158632
    0.799255192 0.875629723 1.46556997 1.76667666 1.34040761 0.838833392
    1.0014261 1.56733871 1.48261261 1.23491621 1.77022219 1.16513777
    1.41919088 1.84677148 1.64861345 1.76748228 0.778767765 1.18403757
    1.0582372 1.24434757 1.73399353 1.07122505 1.04343951 0.866427243
    0.934692919 1.73219037 1.07483172 1.12974548 1.73589087 1.0030185
    1.13288927 1.24328637 1.50381899 1.68425822 1.94989228 1.49132323
    1.32433498 1.0044173 1.7463392 1.54720843 1.79881573 1.95981228
    2.02877522 1.62770331 1.48230779 1.1191926 1.7146312 1.37807095
    1.58739722 1.91696346 1.60296369 1.26799798 1.41294897 1.738976
    1.16510439 1.22004235 1.42971122 1.39589512 1.72448254 0.961840093
    1.5953064 0.969626367 1.81016767 1.21920502 1.81383562 1.5447998
    1.07289553 1.5122 1.17933512 1.1290952 1.49965012 1.29266381
    0.895286739 0.98670125 0.949725926 1.23274708 0.94658941 1.53777361
    1.49026597 1.86051357 1.6691035 1.83848095 1.96468651 1.00649178
    1.05329275 0.832431614 1.15665102 1.27464342 1.2013694 2.03644729
    1.98116803 1.02937627 1.00414646 1.67133415 1.466236 1.60279286
    1.204193 1.10229242 1.24199152 1.23439217 0.860500574 1.37078571
    0.994369566 1.13748407 1.00280869 1.31324494 1.65456867 0.947728992
    1.53876662 1.49011636 1.17913198 1.65917313 1.42928171 1.44564557
    1.24123895 1.10362315 0.667213142 1.40735149 0.721420825 1.23134065
    0.849559784 1.23370671 1.23540008 1.18166864 1.06698203 1.30296481
    1.30232763 0.972682714 1.49507046 0.958702922 1.61457646 1.45979881
    1.49741328 1.46488941 1.53558958 1.02823937 1.3380537 1.36744511
    1.52320564 1.06573534 1.80419064 1.57562947 1.75231099 0.999761164
    1.26078367 1.46575069 1.44647002 1.62570083 1.25528371 1.20525849
    1.88112175 1.86468506 1.21166265 1.04024732 1.80033672 1.313025
    0.921435654 1.4656173 1.27663958 1.20684385 1.56977677 1.80704808
    2.06376219 1.89759851 0.983604729 1.14122832 1.07795632 1.81244338
    1.43520617 1.00976765 0.910860717 0.706215143 0.857941151 1.3783021
    1.66797483 1.70088029 1.54341912 1.41568232 1.85194552 1.83894932
    1.82331991 1.01241815 1.59545887 1.7425859 1.97400451 1.97334349
    1.7681607 1.85848367 1.59139526 1.48414385 1.01529753 1.04312825
    0.771449983 1.56418097 1.0569129 1.68120182 1.04323101 1.43066788
    1.79050219 1.43143702 1.03006756 0.888758838 1.77435172 1.10860944
    1.82599878 1.45371306 1.08646166 1.32609427 1.51438665 0.858404338
    1.41406751 1.74336016 1.53546703 1.80201256 1.48070228 1.71293569
    2.06819773 1.86135244 1.29264021 1.44011974 1.52711344 1.59326839
    1.19922793 1.44662058 1.87732697 1.51134706 1.65755105 1.30190516
    0.90453577 1.43140495 1.48037601 1.27406681 1.49971497 1.33915865
    1.32062817 1.8868947 1.99858868 1.1387099 1.57785249 1.32791185
    1.74099362 1.53131235 0.725205243 0.901753962 0.734667361 1.35248506
    1.61137426 1.88681352 1.81086075 1.88461673 1.06941831 0.858423591
    1.00104117 1.84513307 1.91271806 1.71382701 1.19173121 1.06516683
    1.42388022 1.30082262 0.862657368 1.39880252 1.10246551 1.683635
    1.59556007 0.960975945 0.905837476 1.12987041 1.41461456 1.58816659
    1.85277379 0.945864141 1.15958643 1.03959382 0.757128298 1.32557058
    1.70866489 0.971658885 1.49410939 1.22640431 1.61619747 1.47630763
    1.44924676 1.07964599 1.73841834 1.31973016 1.81843197 1.40566862
    1.26818216 1.5050087 1.53509319 1.89344239 1.3727355 0.917608678
    1.19945419 1.36290991 1.38846254 1.44169295 1.72945023 1.94065225
    1.76379132 1.48486924 1.46159577 0.914080799 1.59159553 1.63712716
    2.04616928 1.64117062 1.9473691 0.928185523 1.17489004 1.53758562
    0.97720778 1.58414292 1.28427088 1.70796442 1.93883193 1.73286164
    1.41962862 1.1244452 1.04162157 1.24158585 1.51670766 1.2864995
    1.6108588 0.924077809 0.739071786 1.08262181 1.10167158 0.707358301
    0.676234066 1.68567228 1.01016498 0.988837183 1.18524396 1.28092408
    2.02106595 1.11141574 1.48555577 1.782974 1.08196139 1.43890405
    1.66514528 1.16485512 1.99503303 2.04610968 1.86724186 0.965202808
    1.19998908 1.25756335 0.850580335 0.719950318 0.939459264 1.15976059
    0.993711233 1.08454061 1.64579535 1.6710459 1.5224551 1.0783205
    1.67600667 1.55438364 1.13889778 1.0634768 1.3128736 1.95500362
    1.9304049 1.45127475 1.1154623 0.854428828 1.10648918 1.33410728
    0.751731038 0.937355757 1.02856624 1.12566829 1.64445639 1.39540255
    1.28266239 1.33896184 1.42438447 1.7871623 1.48889947 1.52676606
    1.20866179 1.0142417 1.34384143 1.768098 1.50001919 0.947647691
    1.51556718 1.83166766 0.922131598 1.54494846 1.70631063 0.92884165
    1.49720705 1.18471289 1.94765329 1.4911617 1.80935061 0.882818818
    0.938868999 1.04429638 1.41069484 1.7028327 1.79996896 0.960212946
    1.17051685 1.32676458 1.90807939 1.7027036 1.05278003 1.20833087
    1.59016979 1.23488247 1.35577846 1.78755105 1.88529885 1.79191065
    1.8353399 1.68468475 1.91741979 1.02231038 1.24659455 0.848735332
    1.1512028 0.999921262 0.928194523 0.974753797 0.936388314 1.25776446
    1.48243284 1.49546599 1.23279071 1.57561481 1.34857702 1.78054929
    1.11133373 1.44772506 1.45625079 0.98449403 1.33020067 0.960273027
    1.02665257 0.902149379 1.29177237 1.42104983 1.14404547 1.12304103
    1.59638762 1.65663373 1.14005911 1.73490989 1.72825801 1.32482016
    1.20909452 1.24469209 1.65160346 1.7225343 1.4881494 1.44190466
    1.05290413 0.918563247 1.28979003 1.02767241 1.44412613 1.53804421
    1.55905366 1.59553802 1.8977257 1.75321472 1.12873781 1.65702617
    1.72865045 1.21079731 1.48827302 1.89120924 1.6964004 1.49628949
    1.45354235 1.48307705 1.08472955 1.34790218 0.852924109 1.26738703
    1.0968045 1.76994014 0.913667858 1.35149407 1.64054096 1.86337423
    1.95856154 1.97419477 1.68448544 1.83443618 1.52041996 0.988031805
    0.927193284 0.83034569 0.523637295 1.31344843 1.00800061 2.04968119
    1.88100445 1.94841731 1.83037722 0.802914858 0.804385066 1.46604931
    1.47720909 1.11805546 1.62857509 1.31674755 1.82177615 1.42188191
    1.0002389 1.75422096 1.88534725 1.45547903 0.933943272 1.6764071
    1.19063282 0.884788334 1.23682237 1.06868756 1.46039081 0.819209576
    1.06184709 0.763991714 1.0716325 1.70944726 1.35514915 0.854917526
    1.19714653 1.6070838 0.987360418 1.73216271 1.0377692 1.44782531
    1.55799043 1.49642062 1.07397616 1.74695253 1.3822614 1.18840384
    1.38529551 1.86089587 1.65119886 0.972427309 1.55055833 0.886067688
    1.70501018 2.05973005 1.77088678 2.01960182 1.59518993 1.15204287
    1.42565262 1.3131454 1.30314672 1.02582788 1.81392789 2.0766542
    1.41288412 0.909727395 1.16022801 1.13953805 1.82250071 1.4198271
    1.47923815 1.29946876 1.46088552 1.71110666 1.93021715 1.96051264
    1.02746642 1.94478536 1.64191651 0.865915656 1.25784874 0.861682296
    1.6258142 0.995782554 1.61650944 0.860542059 0.727736592 1.42758977
    1.61051261 0.929608643 1.89722633 1.98964381 1.42166054 1.6128695
    0.990651667 1.01316249 1.69036615 1.08247471 0.860576272 1.17215145
    1.42895293 1.74831724 1.96691978 1.07747817 1.41586912 0.758887351
    1.47569668 0.867966771 0.823216558 1.00815165 0.997646928 1.5771327
    1.31547451 1.6988467 1.48588419 1.62433422 1.98711836 1.74523067
    1.82149267 1.12260199 1.82440543 1.76204622 1.48449552 1.04639411
    1.439569 1.25396204 0.910747707 1.41448534 1.40275395 1.8000201
    1.61304426 1.64978731 1.39435828 1.41554868 1.60419738 1.45493686
    0.985218763 1.7066561 1.82245266 1.3556962 1.65913177 1.61823559
    1.63093829 1.04179382 1.19583511 1.65994251 1.82091832 1.42561126
    1.36075211 0.776384056 0.991337836 1.27155519 0.742167175
    0.948087573 1.55527782 1.45196271 1.12889922 1.3843329 1.00012124
    1.02993107 1.11712813 1.10707366 0.922558546 1.09611678 1.07780254
    1.47251832 1.90143359 1.71146679 1.61968231 1.00241721 0.902856946
    1.17826235 1.81336915 1.51590466 1.33887446 1.76479495 1.14733565
    1.89315522 1.51707816 1.06949604 1.39103842 1.11679363 1.53957689
    0.707425594 1.05634236 0.926115334 1.26456463 1.77482653 1.46780753
    1.36370444 1.80504858 1.74409533 1.42383754 0.959398925 0.878350079
    0.84073329 1.62781787 1.72276449 1.18355381 1.60630524 1.57031047
    1.65538585 1.53727758 1.72073269 1.63727725 1.74499822 1.79212523
    1.53788459 0.895628154 1.18712401 1.18374741 1.492136 1.03798091
    1.48303151 1.34547102 1.0374279 1.37732661 1.57106161 1.39804769
    0.804556966 0.952718437 0.909565032 1.23400259 1.00618923 1.14619887
    1.67536962 1.92760396 1.2529515 1.77978361 1.94854391 1.24436283
    1.8862493 1.05162024 1.75008249 1.84449482 1.93606901 1.65954411
    1.62153924 1.72001231 1.63690877 0.985882819 1.44167399 1.41464961
    1.41126084 1.36199462 1.57754219 1.47148049 1.90124452 1.62528765
    1.1145668 1.63191617 1.41859031 1.49222195 1.13539279 1.01299632
    0.706076682 1.13879788 1.72922409 0.982200801 1.97134626 1.70262909
    1.19579566 0.923074782 1.61393344 0.769689202 1.74029338 1.32560003
    1.11861026 1.58043194 1.93518806 1.77658474 1.58154047 1.53627837
    1.64975607 1.2546761 1.5071137 1.71676326 1.05874109 1.56875002
    1.11628973 1.75205731 1.53330719 0.844718695 1.73833013 1.20266056
    0.824572027 1.35754085 0.804486275 0.90322578 0.757914662
    0.794582427 1.08192754 1.82110393 1.41631103 1.62090838 1.83514309
    1.72577369 1.4098897 1.5406425 1.18187094 1.51105583 1.23070848
    1.67034316 1.83531022 1.24587798 1.52589202 1.19073653 1.13619828
    1.56586313 1.4515363 1.61456633 1.60942411 1.07577014 1.57314193
    1.70769095 1.4649415 1.88077605 1.2251519 1.74582148 2.04750443
    1.96063566 1.40992534 1.53661966 1.23449039 1.71528864 1.52650797
    0.874071836 1.27779984 1.14204931 0.997637987 1.58115733 1.9234848
    1.76519215 1.96222103 1.47464335 1.63556802 1.52481318 0.714658022
    0.869480193 1.15064096 1.6581645 1.18511438 1.57595134 1.25476825
    0.952076614 1.8265599 1.84585714 1.51091504 1.75162625 1.27780378
    0.938901424 1.88568807 1.79023004 1.42205787 1.38634992 1.02259588
    0.857281148 1.85545075 1.86536181 1.24522054 1.13989019 1.46050537
    0.94011122 1.22618473 1.30160618 0.903408587 1.48812973 1.04921567
    0.890294671 0.944973588 1.91004229 1.52409637 1.30262709 1.52773654
    1.92615795 1.00643933 1.10946321 1.31313598 0.972654104 0.954855919
    1.55887353 1.28201962 1.05483592 1.45402861 1.26975787 1.07112479
    1.84637272 1.16497171 0.887544155 1.67758071 1.59224498 1.62954581
    1.08747828 0.867177188 0.874276876 1.56090939 0.899554312
    0.874343514 1.33131981 1.34875453 1.57982385 1.70256007 1.11310041
    1.36079001 1.07281685 0.853406668 1.14339054 0.730071187 1.46785021
    1.0570991 1.28597581 1.71333873 1.89976609 1.89961004 1.08201706
    1.69565332 1.16893041 1.21618736 1.77752733 1.16352332 0.957728207
    1.36071754 1.8127923 1.6667254 1.23559427 0.880292535 1.63626361
    0.835132301 0.944940984 1.09631395 1.0201205 1.92695987 1.27035236
    1.65479136 1.8632884 0.908547997 1.77806532 1.12927639 0.828907251
    1.19635785 1.17554557 1.56555963 1.81891382 1.44045758 1.19275761
    1.93378568 1.01964176 1.16446257 1.45035458 1.71526015 1.13545871
    1.58095407 1.33147001 0.911929727 1.20751059 1.14573109 1.45659316
    1.18724549 1.16652882 1.4392091 0.858547926 1.21112478 1.1467576
    1.13849115 1.33174086 1.07329094 1.50776684 1.19608521 1.19427609
    1.26585853 1.6860851 1.42781889 1.48319757 1.73709083 1.02709293
    1.69184732 1.54485738 0.73424679 1.23300982 0.96151197 1.64689243
    1.95599794 1.60321522 1.59789622 1.79995191 1.22047198 1.36966074
    1.11781454 1.22996402 1.86611426 1.3805182 1.70209873 0.97347343
    1.08089983 1.36870933 0.976041675 0.894488275 0.970222712 1.8812176
    1.55889475 0.918400645 1.02991843 1.15269971 1.10507369 1.15545237
    0.999564946 1.65915382 0.844388068 0.970578969 1.69156575 1.37130296
    0.691946626 1.0882628 0.879557371 1.48053801 1.13391209 1.25316381
    0.790615201 0.975564957 1.22218764 1.44595504 1.40220749 1.0561502
    1.32126784 1.2537024 1.87744999 0.946425259 1.65582573 1.71557713
    1.09540606 1.85001123 1.25304615 1.61016011 0.927183092 1.85083914
    1.34441257 1.81914163 1.42991102 1.0871973 1.60287964 0.999567449
    1.32932639 1.09744573 1.22179258 1.43699718 1.71540928 1.28908765
    1.20699477 1.53064108 1.6383245 1.30450428 1.97581041 1.23403013
    1.18866181 1.74477923 1.57516134 1.86208105 1.9015274 1.19179213
    1.27686489 0.855784535 1.5507257 1.08362365 1.09572816 1.20636809
    1.86689389 1.42732942 1.02878702 1.77300334 1.87677765 1.26377535
    1.1164186 1.82413304 1.0030129 1.16405571 1.79859006 1.0391444
    1.70540655 1.01680136 0.856930077 1.59451902 1.32320189 1.28517365
    0.889627337 0.958505154 1.84786272 1.1477083 1.93148816 1.69930542
    1.20413637 1.21620536 0.817137003 1.22782922 0.699246645 1.38873017
    1.29775512 1.61753285 1.77292991 0.916991949 0.958660901 0.760010779
    1.78338349 1.38396502 1.12804866 1.48194683 1.474154 1.81979787
    1.39242828 1.55352032 0.931406081 0.824699402 0.809688509 0.88191247
    0.798381984 1.78290141 1.46921444 1.2359798 1.2520026 1.62956536
    1.46029651 1.60620534 0.997212887 0.700621426 1.45713949 1.53490889
    0.829069495 1.61244476 0.922537684 1.87849081 1.2380873 1.93485355
    1.07790077 0.994769156 1.87336218 1.66029823 1.22812128 1.80604541
    1.15213323 1.6444571 1.09166026 2.00407887 1.95354426 1.83246958
    1.00299144 0.879486263 1.48719573 0.934167922 0.847764134 1.45102584
    1.64898241 1.44340122 1.05704093 0.977289557 1.43526208 1.59177768
    1.5290513 1.84927058 1.56384599 1.61454833 0.779082596 0.713375211
    0.809155345 0.821887255 1.20425713 0.781046271 1.02142334 1.05481851
    1.66735315 1.39952397 1.26908171 1.34046197 1.91711009 1.67220414
    1.69059396 1.04699755 1.13206637 0.856109619 1.71774924 1.42652392
    1.16679192 1.60774434 1.15878439 1.20890462 1.74702871 1.37161756
    1.03451514 1.63742197 1.39245903 1.23672247 1.12142742 1.19041479
    1.27830398 1.55398595 1.24417388 1.03849494 1.60845065 1.17254925
    1.05200219 1.82513595 1.56007886 1.71563852 1.63570631 1.76095665
    0.897640407 0.940160513 0.765673578 0.827334344 1.22338617
    0.847374797 1.11957669 1.48367929 1.50982296 1.14802301 1.87517035
    1.48865604 1.07363999 0.934720159 1.0329212 1.62547433 1.82444084
    1.7425828 1.67794073 1.90109777 1.61288083 0.933445454 1.12494051
    1.08084559 1.35826373 1.00798643 1.55175042 1.36955333 1.12004316
    1.46098065 1.15593207 1.19987035 0.777854025 1.27570903 1.27769852
    1.30942202 1.90355706 1.28103328 1.30928504 1.08565259 1.78066862
    1.61110735 1.81115842 1.89334595 1.48627806 1.19821417 0.974286258
    1.2030741 1.46873188 1.78984165 1.45580029 1.33963251 1.44138598
    1.33748853 1.598032 1.51080549 1.55341291 1.03614378 1.0797025
    0.805182815 0.688707411 0.735922396 1.60144567 0.670753598
    0.671926022 1.00760984 0.886041701 1.26615691 1.44462574 0.864204466
    1.06982434 1.40120935 0.708965838 0.788392663 0.850699604 1.0564065
    1.20970452 1.24189842 1.17720985 0.924354792 1.15447712 1.33660591
    1.86204088 1.9685849 1.69661236 1.02786517 1.64529467 1.82221091
    1.93451905 1.02728403 1.33183444 0.992910922 0.949893177 1.02768588
    1.28713214 1.73218751 1.35342002 0.844991386 1.59449553 0.917576075
    1.15221798 0.893484116 1.68340302 1.55808556 1.90403497 1.65889943
    0.80806911 1.25493026 0.863299668 1.05001271 1.74218607 1.14068997
    1.50371897 1.4422127 1.2883265 1.37768519 1.6194725 1.32902467
    1.73573554 1.24194729 1.1916852 1.49201584 0.982658923 1.11365759
    1.15196347 1.97889555 1.96327055 1.75104427 1.35453951 1.05362725
    1.6535418 0.914809823 1.38854623 1.38995659 1.36027133 1.76607871
    1.1159575 1.26450586 1.71005142 1.45659304 1.49922538 1.06629586
    1.47446287 1.41952157 1.06831658 1.31722689 0.956218362 0.947796881
    0.822051704 1.42873979 1.27900338 0.817249477 0.858539283 1.15850365
    0.828588367 1.44454551 1.50734627 0.964028955 1.28330529 1.47327673
    1.02821636 1.45664084 0.731148362 0.861739635 0.920586646
    0.649871469 1.10731506 1.1086669 1.69515479 1.17329025 1.36076784
    1.8134954 1.25216579 0.891208231 1.43530285 0.868447125 0.865590572
    0.794335544 1.45723784 1.05655956 1.44529879 1.05275559 1.30885744
    1.92950881 1.50156569 1.62641072 1.58196151 1.38628888 1.14178693
    1.82209539 1.90319514 1.80608356 1.85524428 1.81518376 1.9013803
    1.44236755 1.23427653 1.27973139 1.41316664 1.79497385 1.20008552
    1.27614295 1.41159821 0.93424803 1.3476932 1.33224559 1.53160501
    1.3249805 0.892965555 0.985758245 1.20064771 0.742512167 0.687682688
    1.29576385 0.845406532 1.14290261 1.67554224 0.834091663 0.765346467
    1.09590018 0.958296835 1.44027734 0.992300093 1.40556324 1.95385432
    1.13632071 1.37326276 1.70775306 0.968522549 0.768228114 1.26336229
    1.66774952 1.88529301 0.993771315 1.42418897 1.28455353 0.979760408
    1.57839584 1.86798537 1.91046584 1.71815407 1.28513408 1.67028606
    1.2527796 1.5340426 1.33209741 1.37857866 0.792756379 1.03760016
    1.48284101 1.78028905 0.860889077 1.15276563 0.840259969 1.15980375
    1.356673 1.23905456 0.745562315 1.50251245 0.970008492 1.10312343
    0.911491156 0.995235562 1.36901438 0.759373248 1.46852052 1.52153265
    1.86370444 1.67454588 0.954287231 1.74854517 1.4872371 1.85838735
    2.10498047 1.25782382 1.91593063 1.63160121 1.04729199 1.48135591
    0.73687011 1.12066138 1.02064109 0.805621803 1.22366524 1.37466538
    1.43595767 0.987779319 1.42044663 1.62287486 1.10614502 1.06666338
    1.64163041 1.91384459 0.932041049 1.14172053 1.1427319 1.77994299
    1.33194149 1.12815511 1.57856643 1.46956873 1.41083539 1.69338286
    0.760222554 1.32090402 1.51512396 1.36379874 1.9340378 1.2793889
    1.36911166 0.994566083 1.45545328 1.00725794 1.74677837 0.954466403
    1.48893356 1.04572999 0.942086756 1.03860283 0.884545922 1.38047338
    0.69778955 1.33885491 1.71299052 1.81425548 1.09455049 0.828149438
    1.07215476 1.60727596 1.09255528 1.30756903 1.38955569 1.75552654
    1.08069324 1.18341494 1.80908334 1.03825569 1.66002536 1.90113938
    1.05392694 1.7489897 1.40073156 1.66013622 1.30415225 1.74304068
    1.55701435 1.64644992 1.11036766 1.50586057 1.36018896 1.13551497
    1.72690392 1.53042305 1.01479471 1.75087523 1.15267515 1.64440441
    1.75001407 0.990505099 0.961343467 1.17048478 1.03337467 0.775965929
    1.26130617 1.33206332 1.87814748 1.27790272 1.43914127 1.841205
    0.919409454 0.997814119 1.68891621 1.61690879 1.14146256 1.16885686
    1.69059634 1.37604153 1.86723757 1.59460211 1.1839906 1.46812034
    1.79547131 1.73396683 1.03990877 1.05201399 1.39780152 0.922560871
    1.08410037 1.77837467 1.45166159 0.901075602 1.26238513 0.896330297
    1.62790561 1.07480133 0.999150157 1.40544605 0.907545805 1.66149259
    1.69744217 1.39554954 0.844305634 1.37242091 1.42074466 1.29119647
    0.968518198 1.14460266 1.00115728 1.34403276 0.806907833 1.28970528
    1.87386513 1.37804103 1.86634183 1.37770343 0.973022819 0.820880651
    1.51923513 1.06055939 1.4169457 1.15523243 1.06667125 0.697012126
    0.9199965 1.31277609 0.986668468 1.28354383 1.74015999 1.47674036
    1.68564606 1.18749261 0.895823061 1.40977871 1.69312966 1.30156076
    1.16142619 1.12525773 1.66194534 1.68287992 1.0353533 1.85367119
    1.05520594 0.92579025 1.27012825 1.00237155 1.12719107 1.7166307
    1.31834698 1.24431121 1.39889872 1.93161273 1.22612369 1.39414799
    1.31295776 1.53291428 1.3976661 0.904541075 1.40355146 1.16355062
    1.8013308 1.7454021 1.87069023 1.87563908 1.92066944 1.14547038
    1.09783196 0.791541636 1.49695277 0.889322042 1.03918874 1.27335238
    1.06265736 1.67843628 1.03325593 1.67009306 0.752133787 0.888792574
    1.40606081 1.191324 1.44866741 1.28268635 1.75259745 1.24126959
    0.906171203 1.09771454 1.4072696 1.0237838 1.32203007 1.87850487
    1.9644047 1.2540344 1.55625939 1.18023109 1.43563509 1.78304589
    1.43304837 1.06524587 0.96520865 1.3487891 1.36432946 1.5549525
    1.38232946 0.91716969 1.27339184 1.79728484 1.70320797 1.13831592
    1.64182568 0.930854082 1.14554346 0.968068421 1.48081934 1.12327552
    1.21129441 1.00492859 1.56829894 1.77229393 0.872175276 0.781298041
    0.877701104 0.76552701 0.743719578 1.3087368 1.80621004 1.46000171
    1.10378003 1.31621408 1.27106225 2.20016599 2.14083219 2.1539712
    2.06680226 1.25286734 1.34300554 0.935911775 0.748578131 1.01911783
    0.711334229 0.790904224 1.7528199 1.63801742 1.73651552 1.17286551
    1.40242422 1.22580993 1.58779514 1.4815284 1.71250045 1.21195793
    1.45590913 1.07556212 1.22847819 1.21158493 1.66820312 1.46067798
    1.91294956 1.46260858 1.45625305 1.26734281 0.820146322 1.13953781
    1.36304605 1.93027222 1.9088124 1.44449306 1.19796622 1.6730001
    1.18109894 1.79742384 1.88789117 1.31701279 1.6485908 0.809842527
    1.47962165 1.81648314 1.74074066 1.06323659 1.28682864 1.18553245
    1.89272809 1.93048882 1.25607038 1.36486864 1.38241673 1.08484757
    1.13150489 1.23248518 1.5820533 1.41990268 1.75233817 1.92704594
    1.79131901 1.15498805 1.76207244 1.34518337 1.73684335 1.85925794
    1.25973141 1.55615222 1.38838565 1.87019074 0.964518785 1.38074982
    1.57161725 1.52241921 1.2537626 0.926808178 1.68861187 1.10023904
    1.82035792 1.60868359 1.69558811 1.04417324 1.2641207 1.42086923
    1.84544683 0.928943396 1.65254688 0.834876716 1.20830858 1.27140653
    1.26631403 1.48243272 1.64914536 1.4520421 1.63701892 1.73301959
    1.69201386 1.86160851 1.29538643 1.96840465 1.87517071 1.15802586
    1.2941047 1.0333128 1.66182125 1.36364532 1.76444221 1.5837239
    1.890643 0.839233398 0.944271982 0.854533315 0.841130614 0.856636226
    0.871176541 1.25222719 1.69040465 1.45049739 1.08777356 0.784502864
    1.21440995 1.34921372 0.98603344 1.26952195 0.856153131 1.63726258
    1.04686022 1.05108702 1.29514849 0.944103301 1.11065233 0.811676919
    1.53198063 1.36322951 1.16783512 1.3368535 1.72050631 1.59503293
    1.48878467 1.64271486 1.24206614 1.18702316 1.00133133 0.828532398
    1.61066771 1.00025272 1.06382906 0.780195057 1.55620778 1.62847173
    1.63042188 1.19278109 1.22793853 1.02091277 1.55251658 1.66798353
    1.10248339 1.29828572 1.53938913 1.16226506 1.1352762 1.30914414
    1.51680028 1.5593226 1.01254463 0.926739633 1.41518807 1.84480679
    1.01266527 1.20333672 0.82632488 1.87038553 1.42858648 1.66637433
    1.1488446 1.20095241 1.67389786 1.04127741 1.36854362 1.60998142
    1.60337889 1.30315185 1.89297152 1.51882768 1.44014156 1.68793452
    1.78212833 1.34305036 1.71516299 0.993950665 1.75500309 0.912963629
    1.41765904 1.47042727 1.36373305 0.873118281 1.07269681 1.57001793
    1.55189335 0.945758104 1.1791743 1.05961585 0.783469021 1.09444547
    1.63003647 1.62986338 1.82914054 1.04734302 1.4083333 1.47035563
    1.17805457 1.406093 1.70793247 1.6720084 1.99292123 1.5774467
    1.69971597 1.78940344 1.63793051 1.7912761 1.4865818 1.71839321
    1.80115581 1.22900474 1.17780006 1.88137007 1.05953574 1.01672685
    1.46820092 1.15430725 1.88483286 0.917103112 1.25687003 1.23788893
    1.15703237 1.58701837 1.38497388 1.77428675 1.29527998 1.44598591
    1.08576655 1.78221524 0.832324564 1.16202998 0.825411379 0.775692761
    1.52867055 0.912296832 0.920869768 0.906374335 1.40864718 1.74831879
    2.05074048 2.1199553 2.0182004 1.78582633 1.39302766 1.37238634
    1.78733122 1.74033642 1.65795779 1.31270802 1.01536036 1.4911809
    1.34095716 1.07149374 1.07525468 1.1279304 1.01757789 1.71887064
    1.13957238 1.67743182 0.916103601 1.3041656 1.73888922 1.35243869
    1.77394581 1.86442912 1.64091718 0.949609578 1.27562261 0.872103155
    1.7431556 0.724992931 1.31452739 0.739662528 1.19693959 1.5557543
    1.85577869 1.9595511 1.92125332 1.11582625 1.6287905 1.91342807
    1.49000227 1.7718879 1.15062666 1.38346744 1.76356781 1.0314337
    0.999344528 1.39894807 1.2735194 1.28039539 1.8969779 1.68106401
    1.73665893 1.55833828 1.32417476 1.24143302 0.992320299 1.68299818
    1.25413871 1.95766318 1.27115381 1.4949609 1.06968129 1.42087209
    1.60214937 1.87784719 1.78557336 1.21492815 1.21387398 0.919260919
    1.6656965 1.04845428 1.49063599 1.55378258 0.935607374 1.80835307
    1.53612781 1.37498331 1.0291754 1.19613898 1.10914326 0.851342261
    1.34534061 1.4045378 1.34718692 1.26751113 1.61875463 1.49406612
    1.74783289 1.25573671 1.67897344 1.42393684 1.72677088 1.04825509
    1.02325416 1.71493673 1.78482378 1.41109955 1.44243598 1.42812431
    1.34934771 1.75339055 1.06455123 1.29263866 0.899328113 0.942451417
    1.20108628 1.47436392 1.94251323 1.32990587 1.66050828 1.75133038
    0.839435697 1.60538673 1.64656126 1.36706817 1.77815449 1.31719339
    1.178792 0.92467612 0.834830821 1.19901729 1.68316233 1.62247169
    0.718748152 0.826610863 1.32616758 0.850287616 0.78366369 1.35665596
    1.51424611 1.26482248 1.64682055 0.968956828 1.55724931 1.72705805
    1.61261773 0.980248868 1.69533634 1.80389822 1.85838389 2.06370401
    1.97342753 1.97531486 1.85323822 1.55347097 1.23832619 1.70182621
    1.24679136 1.51880324 1.56654894 1.27370965 1.56097984 1.57416618
    1.63139498 1.52501535 1.22107828 1.81630898 0.919680417 1.35462058
    0.767492831 0.853082895 1.55093253 1.774683 1.12948108 1.68302655
    1.34167492 1.18123543 1.86714792 1.70543194 0.957879663 1.13494694
    1.33517766 1.1743263 1.80632567 1.10453403 1.29043806 1.45916271
    1.38133335 0.88950628 1.3958602 1.65161586 1.0338968 1.87766469
    1.84126222 1.41388905 2.03387117 1.66055799 1.91699219 1.43536365
    0.92975229 0.825414538 1.5319699 1.26698184 1.0599798 1.53428221
    0.902049839 1.77996933 1.70857465 1.27400506 1.59313846 1.83120728
    1.87636626 1.21288669 1.36814034 1.16715348 1.06772411 0.934438765
    1.85601938 0.936790466 1.68606901 1.16322017 1.21400559 1.46029961
    1.246961 1.28116643 1.69959617 1.99848545 1.46336412 1.62574875
    1.79523218 1.03945816 1.62055492 0.841842473 0.767880619 1.35037827
    0.994093776 1.85527778 1.05159581 1.68608403 1.02143419 1.65625536
    1.100788 1.49298453 1.38110304 1.51907301 1.72056377 1.64244425
    1.11854279 1.65155792 1.35025668 1.37910056 1.07252717 1.50523305
    1.18068612 1.7179606 0.833181918 0.964914262 1.45094347 1.41855848
    0.805306673 1.37197042 1.12975216 1.45935798 0.965058863 2.04130936
    1.68908811 1.74928987 1.6419127 1.88568509 1.47585416 1.79194462
    1.61222923 0.890780866 1.69901335 1.4615854 1.98663795 1.89287567
    1.28308129 1.01854551 1.52694857 1.305547 1.97049081 0.978208065
    1.89059424 1.58717179 1.30339003 1.76686871 0.97863394 1.30641603
    1.4630841 0.962946653 1.72496641 1.47106123 1.17079377 0.863988161
    0.727416813 1.49954534 1.36970508 0.995890677 1.00037205 1.696087
    1.63296437 1.41210067 1.04255414 1.34286463 0.893717825 1.56618404
    1.46247447 1.57200944 1.00595117 1.7962662 1.37277937 0.949400067
    0.480177373 0.866908312 1.61607718 1.254565 1.60270405 1.72937119
    0.832676828 1.28915191 1.36165226 1.59248042 1.27362692 1.8375715
    1.35836506 1.42008984 1.76967061 1.92398357 1.30624986 1.70072043
    1.70986342 0.840487778 0.930855691 0.932728291 0.790150404
    1.00406873 1.78044832 1.39317667 1.20944285 1.28232503 1.65431952
    1.82120621 1.792382 1.635517 0.780807436 0.890287936 1.09687603
    1.42762041 0.811353326 0.822286963 1.55861413 1.82268822 1.5844996
    1.5802753 1.06736052 1.28212333 1.16170156 1.69960248 0.982642114
    0.742072821 0.985332906 1.02676034 0.886187196 1.27559435 1.07534301
    1.42161179 1.90622759 1.92584991 1.86240864 1.15636253 1.7664789
    1.66236937 1.18245971 0.961743951 0.983723223 1.44683957 1.75865829
    0.899098516 1.00276566 1.64606404 1.05623949 0.847537458 1.28165042
    1.00500548 0.892911315 0.682772279 1.10618448 1.10940897 0.662790656
    0.763385057 0.681935906 1.12028706 1.41586769 1.69442523 1.46134698
    1.69310427 1.27928531 0.994565487 1.59044409 1.51214242 1.54880571
    1.18207693 1.42607796 2.01428342 1.57702327 1.48452044 2.10442209
    1.51022017 1.35304213 1.96322644 1.70500445 1.4466418 1.17454863
    1.66213524 1.91181231 1.16407788 1.85037613 1.42563677 1.29166114
    1.36123943 0.972571433 1.82635832 1.64803565 1.10661674 0.935039878
    0.679635048 0.912144244 1.71235836 1.31496036 1.95463336 1.59955132
    1.55713022 1.68318534 1.19647324 1.41443205 0.935784161 1.48579395
    0.957115114 1.44021499 0.950432181 0.984847009 1.0655576 1.87196052
    1.50217843 1.27868044 1.54601419 1.72350907 1.91038024 1.32688892
    1.69163668 1.64345407 1.3971411 1.7136873 1.55325425 1.45305145
    1.01339638 1.22779679 1.75320518 1.22501111 1.20283449 1.80923212
    1.03544915 0.85772717 1.36034107 1.35374844 1.90109861 1.17336154
    1.04101408 1.15668547 1.57696915 1.38583004 1.58044255 1.5201745
    1.72188485 1.22413802 1.5972302 1.66734314 1.07503736 1.40954244
    1.6113323 1.00677788 1.8181957 1.69202209 1.25887191 1.86920416
    0.974131584 1.29054558 0.92309612 1.01160491 1.57074332 1.74126911
    1.50020206 1.37787795 1.3538183 1.12611175 1.12691188 1.79327822
    1.02127516 1.87317383 1.30093443 1.97800016 1.64606142 1.79270864
    1.72354984 1.88005364 1.40829051 1.6048584 1.60582078 1.90457499
    1.21974659 0.899768889 1.68799984 1.10698462 1.40002596 1.07201219
    1.04650617 0.831532061 1.56132281 1.01785958 1.21469641 1.18935299
    1.74004507 2.01996017 1.56598675 1.19830215 1.34732223 1.24572599
    1.07374573 1.38930809 2.01676416 1.28681982 1.459831 1.10174954
    0.890715301 1.6391474 1.91215658 1.83243632 1.67952836 1.08486187
    1.53891313 1.05447972 1.15684664 1.29341054 1.32750595 1.53253818
    1.40955472 1.62175667 1.6540525 0.744226933 0.98776406 1.28082812
    1.18768287 1.73962677 1.64132547 1.83899522 1.42691052 1.29888642
    1.73242557 1.49588513 1.06354451 1.57430589 1.0111382 1.31751502
    1.67626226 1.02649701 1.71703422 0.953556418 1.35079944 0.50094682
    0.69160229 1.31166911 1.23060918 1.50514865 0.966998756 0.972901583
    1.0703032 0.903434694 1.4307307 1.20049608 1.26246381 1.29200876
    0.905485988 0.940831423 1.49541259 1.82778955 1.78982508 1.3147645
    1.19252014 1.14440489 0.761790335 1.6943953 1.63544488 1.62675536
    1.4085238 1.49636161 1.68483663 1.64272201 1.87884521 1.70548487
    0.88632077 1.65480971 0.76835233 0.788631439 1.71484077 1.56637383
    1.26648867 1.14391088 0.839887083 1.32464564 1.13483417 1.71243417
    1.3138752 1.59854484 1.029127 0.752063811 1.09133959 1.04482019
    1.22254944 0.805634856 1.01913512 1.38779569 1.33240199 0.964478135
    1.8165046 1.61410975 1.28989565 1.05188787 0.907612383 0.823106766
    1.21971381 1.31463611 1.01593769 1.34720874 1.25583994 0.891048372
    1.76165521 1.85896003 1.73252034 1.03756583 1.20698822 1.30044854
    0.842335105 1.02198124 1.31374109 0.85760808 0.908714354 0.858721137
    1.48044467 0.98286283 1.32469201 1.02041519 0.975120068 1.24338329
    1.62922359 1.68296003 1.41847026 0.918559134 1.2688086 1.19535267
    1.4447397 1.9836905 1.86879015 1.82733619 1.75963628 1.37772608
    1.37636769 1.7459693 1.15284956 1.543818 1.33381104 1.4094609
    1.53758442 1.780846 1.04489303 1.6552949 1.0605886 1.67509198
    1.77409732 1.62365472 0.758597493 0.79488194 0.758794308 1.33763015
    1.72104824 2.00190616 1.57549238 1.95446444 1.79788661 1.71636391
    1.30220985 1.02985048 1.35911608 1.65949082 1.08616412 1.14995432
    1.11354506 1.60412097 1.44072068 1.68287194 1.02732766 1.58520675
    1.35260689 1.16181099 1.17211151 1.90750122 1.61126256 1.925578
    1.1134032 1.61349928 1.92813885 1.82261038 1.94627392 1.45660877
    1.35367429 1.56960201 1.73890197 1.16001463 1.75521088 1.32153559
    1.2732774 1.97742939 2.03039002 2.01038909 1.43103576 0.819496512
    0.85983634 1.72392178 0.996333838 1.76524723 1.45654511 1.71372581
    1.03367782 1.91162443 1.3598702 1.87224698 0.984485626 1.29245853
    1.44373488 1.80217862 1.74323046 1.64387357 1.43132615 1.1871016
    0.89536351 0.668574989 1.55204713 1.04907882 1.75631285 0.938541114
    1.77599871 1.42485058 1.77700913 1.96637309 1.59654188 2.01459908
    1.99595809 1.62982798 1.99379563 1.28724921 1.73090267 1.55835974
    1.66145635 2.08456588 1.93137741 1.35734761 1.08518255 1.82617784
    1.72954452 1.60455632 1.53109705 0.972525179 1.28471768 1.43280661
    1.53732777 1.34264982 1.14200997 1.92076027 1.92298436 1.45204771
    1.09286928 1.56717145 1.87263751 1.10625482 1.77270865 2.11008406
    2.17501783 1.85184503 1.49501371 1.58097005 1.49407387 1.6590184
    1.02039587 1.14977753 1.61971462 1.70581913 1.716259 1.43951166
    1.46223426 1.29744411 1.04432023 0.881671846 1.72863305 1.63850033
    0.98816818 0.807518005 1.17437208 1.2155931 1.72621703 1.73820066
    1.83038843 1.63751054 1.43931341 1.03910601 1.16913176 1.85405231
    0.998552442 1.46182609 1.49082935 1.81203878 0.93769294 1.18482399
    1.55582833 1.60504472 1.05211794 0.921972871 0.823557615 1.84516978
    1.09041202 0.909425855 1.22908533 0.938673198 0.932841957 1.35793579
    1.06309307 1.25250709 1.79285347 1.24911201 1.10604298 1.8723408
    1.90201616 0.995546877 1.14153361 1.71021986 1.31833613 1.64125741
    1.15905666 1.29527104 1.45157623 1.37530839 1.2839663 1.14337718
    0.992253482 1.8660897 1.03391969 1.79618323 1.0394702 1.60194755
    1.26666415 1.56361222 1.35988748 0.902647614 1.3338623 1.40900993
    1.14338303 1.08572221 1.10169721 1.51847148 0.948224187 1.84365702
    0.845657587 0.880235314 1.52645314 0.851953149 1.7400434 1.23359585
    1.62597215 1.36756265 1.3394357 1.59601974 1.22773445 1.11138022
    0.910762072 1.75186634 1.07194746 1.69128001 0.967458546 1.50040245
    1.52410161 0.87778616 1.6652422 1.36318421 1.7876029 1.38583565
    1.12860489 1.09534717 1.26336074 1.4271543 1.417225 1.5018152
    0.799090207 1.49559534 1.40616047 0.792378724 1.19691002 1.18855667
    1.4444232 1.6897769 1.26901507 0.973374188 1.21908736 1.01157856
    1.67436171 1.76764214 1.08026206 1.82201123 1.17835104 1.06772351
    1.06439829 1.27881217 1.38002682 1.74435055 1.97772419 1.29506254
    1.70618308 1.75160861 1.98410165 1.85890675 1.30384982 1.23229539
    1.12970674 1.11204147 1.12773049 1.4398936 1.80295348 1.54157495
    1.09643769 1.11394227 0.824833572 1.89258027 1.74220264 1.36649168
    1.74793887 1.18962121 1.38029397 1.44643104 1.17533123 1.96494198
    2.02271152 2.00555539 1.61119962 1.42131829 1.21357906 1.90606105
    1.84229779 1.20733213 1.4275583 1.17003167 1.74974275 1.55647457
    1.79717469 1.14038074 1.60778129 1.43897176 1.41260815 1.35563445
    2.02135134 1.32250452 1.89035773 1.641693 1.90440881 1.3428303
    1.52981317 1.080585 1.19461691 1.32207465 1.50277996 2.00709224
    1.85970426 1.4234755 1.56359029 1.7094574 0.995310605 1.07906675
    0.99650526 0.974552453 1.54316378 1.10921109 1.16685903 1.0850718
    1.32718837 1.49871266 1.56388152 1.50965786 1.86392629 2.10050845
    1.69061041 1.90015686 1.6668582 0.909898758 0.888825595 0.961588681
    0.756247044 1.20758498 0.957837641 1.68791521 1.37890053 1.29970062
    1.38637161 1.39553428 1.4878875 1.89175236 1.05454111 1.26115453
    1.51874673 1.40416503 1.65861964 1.82348323 2.05667734 1.38440871
    1.97827911 1.24729896 1.98983371 1.0312078 1.75984704 1.15419376
    1.75666714 0.880475342 0.860000014 1.56424367 1.37623692 0.967978776
    1.86904776 1.88954604 1.212906 1.46624672 1.65719259 1.53580189
    1.18161941 1.20374739 1.07058239 1.93699038 1.92768979 2.02782845
    1.31092489 1.80611897 1.74565244 1.09110272 1.53630781 1.21446264
    1.41617131 1.50637293 1.37534201 1.73647213 1.09019434 1.29822457
    0.713988245 1.67982554 1.49907267 1.34335089 0.827214718 0.728722095
    1.12981248 1.77977967 1.87043488 1.56260741 1.55046523 1.78149629
    1.67539322 1.52411127 0.951231122 1.59121728 1.63508368 1.35627115
    1.43198979 1.65452361 1.52328384 1.39908004 1.55592418 1.67723465
    0.59084636 1.47966468 1.715294 1.97888207 1.97994637 1.73338389
    0.93152988 0.786779344 1.46791565 1.81663764 1.74247742 1.2783581
    0.87427932 1.53122115 1.80114496 1.37159586 1.41040587 1.2771914
    0.944067538 1.459126 1.29888105 1.85286129 1.86478567 1.12190199
    1.75048041 1.36665261 1.52866447 1.5581857 1.17774642 1.48098481
    1.49934566 1.5765872 1.00912631 1.31474817 1.90820587 1.77792764
    1.29407287 1.43780005 1.52967167 0.934766829 1.01262879 1.46807528
    1.76025128 1.5883255 1.16257548 1.54154062 1.70731151 1.31797707
    1.36021686 1.71368992 1.62681496 1.91677666 1.06926239 1.6692512
    1.57147598 1.91339946 0.907558858 0.951272786 1.47390282 1.550161
    1.03045917 1.26305032 1.19841146 0.984817863 1.46765685 1.03585911
    1.08743393 0.85018301 1.63935483 0.874340236 1.07571614 1.07261586
    1.39920819 1.00521088 1.28977764 1.73362219 1.05363727 1.47038138
    0.868511558 0.743122399 1.40669811 0.862439692 0.800053298
    1.28825998 1.59298038 1.67317665 1.12130952 0.847177088 1.46123183
    1.44185674 1.87744343 1.66804957 1.31941628 1.00182855 0.883032799
    1.25955248 1.71280515 1.81267011 1.37270164 1.2725296 2.01104736
    1.86490452 1.49529982 2.0731101 1.38254988 1.85803556 1.30277145
    1.21710598 1.41659212 1.95241749 1.07335913 1.12699759 1.29762673
    0.973097801 1.89029241 1.46269393 1.25889802 1.88489282 1.21279728
    1.62257099 1.49731565 1.24465382 1.86661172 1.57651448 2.02896166
    1.71485627 1.64386749 1.21118784 1.24195683 1.55963027 1.70714068
    1.04306006 1.52708185 1.69539452 1.06568468 1.43784702 0.899169981
    1.61031139 1.43892241 0.862735212 1.71056736 1.41413176 1.55213249
    1.5091126 1.68326759 0.960322261 1.73126853 0.880805135 0.769733489
    0.923167646 1.53142762 1.49789512 1.70116174 1.15176654 1.30370402
    1.85334992 1.2536118 1.60834992 0.753619611 0.921381593 1.07094085
    0.925186634 1.01518273 1.00379705 1.75964952 1.61755335 1.75823855
    1.76232839 0.951680422 1.71972024 1.8981539 1.87418425 1.85217297
    1.49891174 1.793239 1.5684942 0.797850728 1.74769342 1.47416651
    0.909444213 1.70979249 1.34496582 0.871860206 1.01889491 0.903210044
    1.0965625 1.06527793 1.65898907 1.15012801 1.11287141 1.85013819
    1.92325974 1.36494756 1.8473115 2.15412998 2.01531601 2.06973076
    1.93546057 1.42301083 1.91849196 1.69695759 1.78614461 1.15265524
    0.903419077 1.38744438 1.72158456 0.836820066 1.25830293 1.43159389
    1.77240884 1.28094411 1.35088468 0.842185199 1.72952259 0.866680503
    1.55818605 1.97999978 2.10437942 2.0855124 1.83899546 1.68797386
    0.967963636 1.27777088 1.41593242 1.72656453 1.2763207 0.846641481
    1.18939912 1.69598603 1.55472195 1.78556705 1.09263194 0.752035499
    0.78421551 0.766491711 0.950000405 0.905904174 1.07046223 1.26007652
    1.80932665 1.98029339 1.55212522 1.2357682 1.42533588 1.68077028
    1.34962106 1.82809627 1.86762214 1.57964766 1.84657717 1.56666315
    0.882798195 1.28266752 0.929691374 1.32288432 0.874623001
    0.537928343 0.836791694 1.60817432 1.22869527 1.7425673 1.71679676
    1.77119315 0.918394387 1.65449059 0.965629518 1.16994286 0.836273313
    1.40641749 1.19512463 1.47786272 1.11071289 1.05067921 1.8009485
    1.6085676 1.6907599 1.96425211 1.54543626 1.69705546 0.994531274
    0.969343185 1.27400875 1.63027585 0.934788644 1.66198981 1.11265516
    1.12256145 0.958890557 0.927227259 1.42766488 1.44647694 1.3185426
    1.39105368 1.61013699 1.04291379 0.852186978 1.45224679 1.61609149
    1.34099221 1.92866158 1.19793439 1.62118399 1.63657963 1.10584164
    1.40194046 1.57227182 1.22953272 1.76175392 1.51195097 1.6916008
    1.7364161 1.68600488 1.51583278 0.983383596 1.43526864 1.74688876
    1.89801896 0.996028841 1.53198588 1.50295961 1.74832094 0.967156112
    1.05458701 0.870723426 0.864675999 1.77682137 1.646119 1.09924018
    1.39733875 1.14675713 1.36643171 1.89853704 1.42979753 0.845576346
    1.17959952 1.42081118 0.92528975 1.24477601 1.47120214 1.00521898
    1.18618929 1.56797481 1.86125684 1.06404507 1.22670734 1.26330233
    1.36065066 0.854287684 1.06579769 1.04829991 1.49344778 1.53350353
    1.75755811 1.7077781 2.07087517 2.04739189 1.08127868 1.47692645
    1.99408221 1.88271832 1.68632734 1.72437751 1.371943 1.4348284
    1.83528817 1.4112817 1.9345715 1.63016784 1.29792416 1.67404842
    1.72658098 1.15988052 1.98779225 1.19697738 1.41416252 1.11894965
    1.07238519 1.67665493 1.02964377 1.77974105 1.56010556 1.64477026
    1.54573345 1.39828598 0.950042844 1.18517721 1.73725295 1.52483988
    1.42328298 1.27379215 1.24998474 1.45796955 1.7003845 1.42831802
    1.12891114 0.970035493 1.69794905 1.24213028 1.31761014 1.0650661
    1.27118504 1.6115793 1.16740501 0.86384815 0.657536924 1.32569957
    1.4248085 1.62894177 1.6161052 1.17472756 1.34358108 1.29779267
    1.14501429 1.25137472 1.00609982 0.93703872 1.15822327 0.870006084
    1.72819901 1.81825578 1.3072145 1.01789498 1.01595151 1.31745791
    1.66571581 1.60824907 1.100806 1.11037588 1.70843303 1.11708057
    1.82803547 1.43100882 1.52254426 0.933148563 1.12595594 1.90259469
    1.15603399 1.68772924 1.68705642 0.973411739 0.787140846 1.01347399
    1.35417449 1.84564197 1.35832024 1.78911102 0.939586639 1.05201089
    1.47507143 1.77717209 1.32146263 1.31367052 1.87574971 1.32781386
    1.46438146 1.32631421 0.845736265 1.20270789 1.48241889 0.692615271
    0.726850331 0.814504385 1.16402304 0.911341667 1.27402079 1.56816673
    1.45421672 1.44826365 0.888853788 1.28599155 1.09153259 1.48313034
    1.45752048 1.31739962 1.88231993 1.72798526 1.36242354 0.952440083
    1.38968444 1.36878848 1.3383894 1.66926348 0.859371185 1.39532363
    1.87204051 1.25926244 1.00730968 1.28771389 0.817404747 1.15711045
    1.53741324 1.71558428 0.780644834 1.29220712 1.26468492 1.25061238
    1.88190079 1.11171603 1.06788886 1.26438642 1.5816673 1.99433243
    1.3326143 1.66750228 1.20133781 1.12541354 1.22414589 0.901319087
    0.935601234 1.44538009 1.55004442 1.20756161 0.962542892 0.96708101
    0.923753381 1.35594821 1.82387614 1.06146133 1.8196944 1.47121286
    1.63672912 0.97189796 0.83549428 1.48576903 1.18933082 1.564785
    1.60216773 1.85265863 1.22213423 1.4353013 1.35270751 1.7811209
    1.54690921 1.13495004 1.2085458 0.928025782 1.10883451 1.6939863
    0.953691959 1.55270779 1.14219689 1.42790592 0.965480447 1.15588629
    1.50730014 1.84676719 1.62162685 1.92628455 1.32687318 1.74312556
    1.11937129 1.47333562 0.955586731 1.8070271 1.3933593 1.11721432
    1.60337949 1.88646221 1.8777374 1.63742471 1.76841986 1.26662529
    1.4749887 1.83642936 1.79151034 1.87134862 1.90858769 1.70910692
    1.33119392 1.71551621 1.94928944 1.5539273 1.13805187 1.7510252
    1.0905782 1.12889302 1.92416978 1.55645156 0.898119867 1.50023186
    1.65189505 0.844318449 1.52605331 1.25963366 1.30379343 1.68501866
    1.89164352 1.62439883 1.71376979 1.46450782 0.951720119 0.951824009
    0.826866329 1.00070763 1.6487577 1.4992708 1.06181633 1.8351537
    0.92529577 1.27693033 0.910110533 0.750249267 0.75427556 1.3090471
    1.04400718 1.57945466 1.7763344 1.338678 1.11127412 2.03356075
    2.02544475 1.72262895 1.9161973 1.43211401 1.48382151 1.45577478
    1.45684099 1.8095119 1.31893516 1.40339935 0.858588576 1.08231163
    1.32293093 1.68471289 1.14367151 1.76472151 1.99908495 1.90761542
    1.94881356 1.46871495 0.76992774 0.747246027 0.827262104 0.932208955
    1.6988107 1.47914755 1.02650726 1.06060505 1.90068173 1.15523469
    1.2575562 1.10911572 1.45940971 1.34030986 1.16750431 1.3878634
    1.34477282 1.34875894 1.56269276 1.10039508 1.04717636 1.03080225
    1.85699439 1.95279813 1.94713485 1.85364163 1.57467568 1.85511565
    1.32602584 0.919051886 0.993825853 0.887334824 1.67367744 1.78330183
    1.52054179 1.17849302 0.91746968 1.24514973 1.34707844 0.897668481
    1.53027499 1.09827828 1.38604224 1.61744833 1.48478341 0.935361147
    1.00310183 0.851660848 0.861681402 1.78094733 0.827816248 1.20237613
    0.988568068 1.0221777 0.968956292 1.51579511 1.37548721 1.40971196
    1.02850795 1.46499133 1.66931665 1.4414376 1.92874515 1.67253137
    1.39819741 1.21855724 0.803609192 1.57085991 1.77703226 1.82669342
    1.78204572 1.8384316 0.88978368 0.800958514 1.11198723 1.86715603
    1.96215892 2.0176177 1.42100573 1.34094977 1.56630695 1.61707127
    0.807282329 1.00379193 1.19716954 0.840801477 1.2978797 1.6831795
    1.79047883 1.03818071 1.11425555 1.68037975 1.69535875 1.72496128
    1.49893701 1.52192974 1.81042945 2.00699401 1.29090035 1.8222636
    1.11804688 1.14484847 1.79961538 1.73172092 0.982382596 1.22464466
    0.907859147 1.74233603 0.936202288 1.45240927 1.92444551 1.58892477
    1.93138766 1.88186443 1.43357146 1.36450517 1.70873511 0.929580033
    1.34655011 0.864884257 0.973309278 1.88995361 1.31062233 1.89854753
    1.63655543 1.74008989 1.98499131 1.49509239 1.41560686 1.05254984
    1.49354351 0.829353333 0.967700899 1.00220788 1.11404157 1.43023813
    1.32861924 1.405424 1.24579227 0.492507696 1.31966209 1.63287044
    1.11820924 1.15829825 1.11090231 1.83452213 0.968092382 1.02071989
    1.66560912 0.909101069 0.869765282 1.69072497 1.08090711 1.46085787
    1.89222968 1.57320821 1.2111119 1.45218217 1.41846442 1.68593013
    0.795445681 0.768851757 1.57270885 0.98753792 0.877351105
    0.892129958 0.710366607 0.897847474 0.790391624 1.06551051
    1.73853123 1.7064501 1.83243966 1.01833248 1.15893126 0.886308432
    1.43032813 1.76562047 1.98273933 1.37478685 1.30701923 1.28928459
    1.12403202 1.28537929 1.62940955 1.85468435 1.09137416 1.27414417
    1.08645666 1.66398633 1.6133734 2.02806878 1.89523518 1.48109508
    1.84412432 1.82098258 1.10563564 1.98330402 1.87391651 2.01430011
    1.67321038 1.4716109 1.3921982 1.98421252 1.61654246 0.947698712
    0.919737935 1.33238173 0.822506189 1.36190856 0.958678484 1.81501842
    1.00912094 1.4468298 1.6113385 1.67540419 1.02159059 1.06050873
    1.16935563 1.41722202 1.67336249 1.90791631 1.89756215 1.57367861
    1.68357229 1.51780522 1.04434538 1.32172716 1.13082457 1.72007132
    1.36421216 1.13101363 1.93148446 1.88120258 1.90528667 1.8448776
    1.59903693 1.33154547 1.87258852 1.50096023 1.59723032 1.44800353
    1.48416197 1.38185334 1.46244407 1.19885695 1.09333599 0.82657516
    1.3754679 1.76143742 1.60830688 1.57460642 2.02813578 1.9119916
    1.81362283 1.06119907 1.06923056 1.01364803 0.739491761 0.750078022
    1.29009819 0.876636207 1.1321919 1.92549229 1.81098843 1.78369653
    0.890419781 1.36073244 1.14052689 0.951182485 1.27454829 1.37035108
    1.04549706 1.90905643 1.94522381 1.75850701 1.10449016 1.70407522
    1.40847552 1.20030308 1.38443685 1.72606945 1.44077086 0.984740078
    1.35649967 0.753851235 1.23005855 1.73587608 0.991412699 1.4865526
    0.918236494 1.79753423 1.17901552 1.46073782 1.07695127 1.5144645
    1.5177238 1.50006235 1.38948894 1.27593386 1.09356773 1.35011578
    1.54444551 1.1512934 1.22769868 0.787512958 1.39358151 1.57588291
    1.62975764 1.44219089 1.67410862 1.63807797 1.03337073 1.24637389
    1.77631366 0.950823247 1.29124415 1.622769 1.1360755 1.18346894
    1.40084875 0.896514297 0.888206959 1.95950401 2.04788637 1.9558115
    2.00978374 2.05967307 1.76421428 0.890342653 1.54224825 1.87411201
    1.56390893 1.0909133 1.8224355 1.78644729 1.67571759 1.15519917
    1.06037557 1.04637468 1.25918889 1.21557271 1.06327939 1.06122708
    1.09396338 1.52355766 1.71237254 1.83299899 1.4532187 1.116804
    1.60660851 1.92855823 1.72067606 1.72432637 1.09727848 1.6746757
    1.50359595 0.96901089 0.949782372 0.848799825 1.55860662 1.83113718
    1.41500199 0.9171018 0.92148149 1.76225817 1.18673909 1.98598707
    1.95615339 1.5139401 0.987770379 0.851111889 0.967622936 1.75930095
    0.79397881 0.878768206 1.33429575 1.95087278 1.06103992 1.20190263
    1.51775813 1.17614579 1.47198117 1.71989536 1.99051285 1.48576665
    1.74423456 0.926418483 1.2846384 0.929140806 1.53701317 1.87130892
    0.896054149 0.799407959 0.612612724 0.805781603 1.04559338
    0.979814708 1.00213468 1.04033911 1.84352303 1.08784437 0.988243937
    0.761528194 0.870354414 0.886335671 1.20841694 1.681813 1.75762439
    0.985672593 1.45236945 1.77519846 1.55424368 1.56949496 0.752040148
    0.975628674 1.56222296 1.57067621 1.13956571 1.67142808 1.60033965
    1.01355708 1.05319476 0.883745968 1.07779169 0.803855836 1.3103745
    0.911033809 1.00745869 1.5947572 0.905930996 1.7242825 1.4006741
    1.60620451 1.87329721 1.6005398 1.47786701 1.92568684 1.01918697
    1.67464924 1.46043694 1.06238914 1.52709472 1.83899903 2.03794718
    1.44722128 2.12033319 1.59820807 1.84566641 0.961684108 1.00252914
    1.45745862 1.28915012 1.78510296 1.57897508 1.97631538 1.78551376
    1.1713165 1.9016552 1.86432052 1.51342094 1.72976243 0.738834798
    1.02791727 1.44043028 1.08225191 1.5978961 1.27586043 0.958082557
    1.10325694 1.43151081 1.63525224 1.34593844 0.877195716 1.27708495
    1.27228498 0.838348627 1.47968459 1.32028377 1.60084784 0.792979777
    0.910658777 0.819369376 1.36391342 1.27772832 0.924366474 1.81810594
    1.82874393 1.21939802 1.13119042 1.68311453 1.36548138 0.950682521
    1.63229811 1.1027534 1.98723102 1.86532521 1.63710666 1.84416008
    1.9011364 1.84022999 1.83391786 1.6094805 0.781755686 0.841558874
    1.12727106 1.15686655 1.89938533 2.05635095 1.95455229 0.906123698
    0.916458666 0.674536526 0.676771224 0.825282812 1.40553486
    1.86364102 1.00094986 1.87359965 1.90660703 1.68301237 1.70485544
    1.74622071 1.19759762 1.77359951 1.68559396 1.30847752 1.12231088
    1.62001717 1.82565928 1.14035821 1.7206974 0.942617059 1.19759691
    1.18001354 1.06931186 1.07078397 1.2192136 1.71972275 1.74148834
    1.08268809 1.13568652 1.09712219 1.49267411 1.13688421 0.982553899
    1.72701442 1.95621586 1.11391008 0.985722542 1.36179531 1.69997585
    0.89102757 1.62303936 0.820686579 1.46623087 0.937481821 1.56630373
    1.71899009 1.33117008 1.37534249 0.853453934 1.08453226 1.02654731
    1.27269328 0.764160752 1.06910706 1.58831084 1.87836969 1.32116783
    0.883533537 0.761998177 1.27485383 1.83090007 1.6076504 1.23438287
    1.13497913 1.31528652 1.57715189 1.76611793 1.92685831 2.17534685
    2.1076653 1.96390247 1.21202195 0.964236259 0.928027689 1.4865067
    1.65771806 1.05142403 1.71452296 1.64377463 1.06975043 0.855870664
    1.16045535 1.38952208 1.27506685 1.64208281 1.51334822 1.02941823
    1.89298522 1.87667584 1.26771939 1.27993858 1.89795864 1.22232294
    2.05362725 2.16311145 1.68896616 1.66934574 1.62923777 1.72033381
    0.859287739 0.935620964 1.32170784 1.76671886 1.24065363 0.988994181
    1.45150387 1.10521555 1.45166695 1.49431837 2.03465271 1.88232708
    1.49408054 1.29904306 1.1970464 0.982826829 1.4486866 0.962315142
    1.47075915 1.59323013 1.28699183 1.803532 1.70917547 1.27154088
    1.39489818 1.79031467 0.969287276 1.62688577 1.3889724 1.8068068
    1.83389759 1.14725327 1.10337937 0.933939993 1.87924635 1.58876753
    1.17572486 1.07419801 0.906844854 1.16855276 1.24102533 1.42528403
    1.79124534 1.10995162 1.39050615 1.25663948 1.66709101 0.939941168
    1.87168968 1.80073917 1.45248365 1.84753823 1.0093838 1.01078725
    1.20269156 1.0888288 0.848915875 1.13561296 0.735142112 0.963470221
    0.7674523 0.77528441 1.20986521 1.13880873 1.29150331 1.4617964
    0.780021429 1.44230795 0.777857721 1.53599131 1.6873368 0.84078455
    1.49390519 0.978453994 1.02094138 1.63509822 1.45986807 1.8599093
    1.56231856 1.30407643 1.39908242 1.29144585 1.95706773 1.33645535
    1.55198205 1.6144042 1.28593171 1.89452028 2.08152747 1.79445922
    2.02743578 1.05722499 1.27013135 1.53157139 1.15024328 1.63508701
    1.63299417 1.28971171 1.7844435 1.07316947 1.0555954 1.2108959
    1.11875021 1.57717335 1.67845535 0.817114532 1.40275824 0.824147046
    1.11501396 0.843136966 1.55778778 1.05048752 1.74164283 0.845328331
    1.00580597 1.43080699 1.65710974 1.84073842 1.56679296 0.859766603
    0.982314348 1.08776534 1.17683756 1.20984411 0.99652797 0.867912412
    1.29099214 1.54690611 0.891799152 1.49651682 1.40753591 1.50743532
    0.872187912 0.854433 0.928900778 1.72804379 1.3165586 1.49835551
    1.43384409 1.38319528 1.46669388 1.95632637 1.00438058 1.08447385
    1.73268402 1.38275576 1.59896946 1.0563395 1.69465184 1.43887734
    1.25175667 1.22458923 1.34353137 1.07798553 0.970216453 1.68200672
    1.44488597 1.30442917 1.47796416 1.95099139 1.92872441 1.41296184
    1.30618906 1.49666786 1.3021481 1.69165897 1.47124994 0.918047369
    1.63225973 1.001441 1.14642894 1.58336627 1.68531489 1.28787279
    1.42420268 0.965203226 1.59089208 0.958795846 1.26527965 1.69182408
    1.68965781 1.79202318 1.78055382 0.947000682 1.18910599 1.41225791
    1.15502214 1.03881931 1.51050198 1.02869773 1.6185962 1.69886363
    1.84052491 2.00879717 1.28330016 1.81871927 1.30719972 1.03197312
    1.55249536 1.28369844 1.65849578 1.83288419 1.56402743 1.5021714
    1.81140208 1.10238016 1.6620568 0.765288889 0.891256928 0.829163373
    1.09662163 1.65827489 1.3938185 1.36511421 1.6905086 0.843201399
    0.981554866 1.28582728 0.952834308 1.62441099 1.44100046 1.82833362
    0.935675442 1.43398762 1.65262449 1.72123098 1.95760787 1.62416577
    1.21323133 1.35943902 1.15847516 0.937505543 1.0985148 1.82288229
    1.16304338 1.41886771 1.12231839 1.85164833 1.85397041 1.6239351
    1.59183466 1.48853695 1.77767813 1.42117238 1.67829216 1.16305792
    1.01300478 1.89301217 0.986320615 1.75152266 2.09363174 2.02496004
    1.95885718 1.46611392 1.70869303 1.03443491 1.21546209 1.33676827
    1.67828131 1.44436753 1.21237397 1.81518555 1.76972151 1.26130176
    1.68510246 1.94423783 2.07868838 1.18801236 1.58120978 1.16285086
    1.50258017 1.12055004 1.31000662 0.898339689 0.752820909 0.8597278
    1.45209193 1.92112017 1.81782389 1.24160421 1.66278136 1.27702475
    1.0150553 1.26936853 1.63937902 1.65301478 0.980662405 0.882665038
    1.14712751 1.82899094 1.04537475 1.89848793 0.909423411 1.45845497
    1.12978458 1.51273644 1.67351592 1.75239825 1.59468389 1.09382617
    1.7980963 1.79460895 1.56469357 1.78735924 1.98492515 1.9729985
    1.21972859 0.90790695 1.54430962 1.0634774 1.32049191 0.886648953
    1.08452821 1.1862905 1.25766027 1.3001231 0.919638574 0.611547172
    1.37627268 0.922949553 1.62177348 0.903476655 1.50728512 1.3541472
    1.23509896 1.29409266 1.61581206 0.800329566 1.57631016 1.32102835
    1.07346666 1.00473964 1.40507972 1.49874306 1.60302496 0.95262605
    1.4839232 1.72382593 1.83375764 1.89224827 1.85610044 1.71990073
    1.02340806 1.65631938 1.83133483 1.94513988 1.86855769 1.32747161
    1.54684258 1.68267024 1.57929492 1.29564571 1.90093565 1.12821102
    0.941060126 1.81360197 1.06776893 1.08605111 1.88860297 1.19228458
    1.55865932 1.29013658 1.15630889 0.837292612 1.0259788 1.02854335
    1.34185731 1.28905797 1.08404899 0.779392719 1.04781175 0.839509368
    1.79942203 1.84297514 1.18027484 1.44864058 1.38753891 1.52050614
    1.53911233 1.23489738 0.951357961 1.05521727 1.86413038 0.93928051
    1.50121272 1.81061232 0.902932882 1.85942221 0.950269461 1.73425543
    0.938310385 0.969602942 1.06393003 1.86557198 1.23550832 1.67834926
    1.90831089 1.56778991 1.16577339 1.23427224 0.88719666 1.50772786
    1.60778606 1.50777757 0.82536912 1.23862255 1.19570839 1.30259943
    1.32015514 1.87617302 0.961231232 1.86047482 1.32978535 1.78990495
    1.91769516 1.60410595 1.90660417 1.77351522 1.9418056 1.17658973
    1.76434326 1.0011338 1.54881012 1.8254801 0.854842544 0.931598186
    0.897961915 1.43038523 2.02484918 1.25597441 1.79314113 1.76762295
    0.890627742 1.5096432 1.94960093 1.57860076 1.41391659 1.58333743
    1.29114747 1.46494961 1.04077256 1.77244949 1.59828854 0.857708395
    0.995961189 1.64396799 1.2826277 1.95408034 1.56084573 1.80097628
    1.58391762 1.9134661 1.70873237 1.02436471 0.932068169 1.57850122
    1.0558275 1.0371033 1.67100358 1.14368582 1.33040297 0.857192576
    1.53396869 1.72573912 1.22908962 0.891231656 1.43181968 1.92607665
    1.78937995 1.55545378 1.30838311 1.3197552 0.759905338 1.57027924
    0.867009759 1.08918309 1.04821575 1.12712955 1.42863488 1.37167346
    1.83826053 1.26621211 1.14157593 0.906110764 1.73400187 1.71786833
    0.91008985 1.37915814 0.985655248 1.16156673 1.45196629 0.941302538
    0.989129305 1.60399187 2.0654285 1.24151421 1.11262977 1.82820749
    1.43104637 1.44293785 1.82828689 1.45910513 1.11409664 1.81048739
    1.08509684 1.47726476 1.32218826 1.91326439 1.95687485 1.92401779
    1.60850596 1.97965705 1.67711377 1.11054945 1.31490088 1.64850318
    1.75712085 1.80816603 1.43212783 1.80524254 1.86196351 1.79256213
    1.34275877 1.38937318 1.67562747 1.73996615 0.809426308 1.01564097
    1.27876425 1.03074801 0.826469004 1.36801624 1.69208527 1.30217278
    1.43837571 1.19702899 1.34050381 0.973099172 1.49692357 1.37404847
    1.83371067 1.50752115 1.53910542 1.88531446 1.37830555 1.13392901
    1.31945384 1.34337807 1.40557349 1.45159137 0.730426848 0.8377707
    1.53554916 1.6430397 1.06897318 1.74720299 1.11137462 1.85642874
    1.57836962 1.89751995 1.82407928 1.60211551 1.02287698 1.81854677
    1.77284777 1.69999242 1.69524252 1.78798163 1.68460178 0.798277795
    0.769509912 1.31628942 0.766214073 0.779706717 0.629135549
    1.00172436 0.685053885 1.32188749 1.46112275 1.9191221 1.39014995
    1.33534062 1.52607465 1.08900857 0.999284744 0.742817223 1.63918877
    1.11186218 1.32966459 1.56054783 1.71275973 1.17281795 1.21715331
    1.7029891 1.33173072 1.24973679 1.87664664 1.94000685 1.00260615
    1.47014797 1.10097146 2.03124738 1.40867364 1.79840291 1.7893647
    1.1338892 1.66475773 1.94125354 1.22011399 1.53694284 1.20072544
    1.13576472 1.0716126 1.62070727 1.27960944 1.44154537 1.5039103
    0.818860054 0.808212698 1.59916663 1.15550065 1.74997091 1.36742508
    1.26037562 1.68787909 1.53687859 0.875392616 1.00199103 1.86032152
    1.46498561 1.67732739 1.30105257 1.08574378 1.008986 1.79065466
    1.64750922 1.49462318 1.88231003 1.65706229 1.70588028 1.01715398
    1.03692174 1.01180696 1.51584268 1.47829449 1.76949072 1.72921073
    1.9208492 1.94294226 1.18248653 1.6798141 1.85637438 1.97462606
    1.19980299 1.71086121 1.65878892 1.31486297 1.25790751 1.16213107
    1.19513798 0.895954072 1.90422678 1.80510247 0.939811826 1.91447902
    1.33667171 1.64262366 1.33590209 1.60696948 2.02388692 1.63899803
    2.07356095 1.92600071 1.93877506 1.9472096 1.05962026 1.41893363
    0.815119505 0.904128313 1.68496621 1.52234387 0.838602126 1.64050901
    1.96256232 1.80350006 1.7735585 1.15071464 0.948604226 1.20125616
    1.88955235 1.86629808 1.94755256 1.37618983 1.76708925 1.27349043
    1.07087386 1.69822812 0.857432246 1.0756557 1.74760246 1.88317955
    1.46677649 1.72354293 1.55391073 1.82308304 1.4982388 1.98169971
    1.50743461 1.39093208 0.951960623 0.977415681 1.47613883 1.59273934
    1.34231365 1.11506236 1.89276195 1.33709669 0.887438416 1.20724642
    0.975122273 0.826476157 1.69772422 1.86473453 1.99705255 1.92645156
    1.74561381 1.555143 1.20201576 1.14474511 0.804195106 1.37505949
    1.50788832 1.06462896 1.61528528 1.38083529 1.14398515 1.85170996
    1.78065073 1.38033473 0.969321132 0.839480102 0.889952302
    0.841946006 1.34000349 1.4370594 1.91511345 1.87331653 1.87453973
    1.88369203 2.02251911 1.89283633 1.76207352 1.47570205 0.968137741
    1.40522933 1.42878962 2.00400686 1.1707288 1.4365263 1.68108702
    1.83034849 1.62552357 1.47355247 1.01452041 1.67014408 1.93323553
    1.64471102 1.96132052 1.96608925 1.2982595 0.939153194 1.52156842
    1.05286729 1.83824718 1.57940996 1.82503009 1.42559195 1.97858858
    1.90341115 1.40771818 1.73358107 1.6053977 0.940936208 0.890274942
    1.30308723 0.782863677 0.9608652 0.962863684 1.55341554 0.86201185
    1.29553819 1.06824291 1.47195327 1.59974587 1.0612787 1.10307705
    1.14238763 1.96393669 1.61418188 1.22375202 1.2779448 1.78507376
    1.29290676 1.03414118 1.61118269 1.46082139 0.698934734 1.21667874
    1.38489115 1.07238913 1.56796885 1.19007039 1.66978288 1.39626563
    1.84539306 1.39692903 1.34524035 1.86880505 1.24179971 1.45354199
    0.913647234 1.18674052 1.22900391 0.965078115 0.911359906 1.659145
    1.56342769 0.830731452 1.56983352 0.793377638 0.84053266 0.84897846
    1.1519134 0.886623263 1.19340277 2.00452042 1.67751706 1.45295298
    0.835434079 0.747114778 1.70833063 1.01252162 1.3096776 1.0871923
    1.27271807 1.06221044 1.18586862 1.18599963 1.74518955 1.43261409
    1.38481629 1.11435318 0.958112001 1.74385321 1.60635912 1.67499936
    1.79853344 1.14004147 1.57415915 1.92734933 1.5127964 1.33997965
    1.00096369 1.93919885 1.1138798 1.36664331 1.33611012 1.33575726
    1.80800915 1.85942554 1.24589896 0.879110157 1.25246727 1.24664736
    1.12856722 0.975923479 1.48676002 0.873034477 1.19352806 0.76106292
    1.58425915 0.750140071 0.811912715 1.41191864 1.40873897 1.91370726
    1.03046536 1.15065503 1.50191677 1.75681055 1.13147843 0.892714918
    1.1367445 1.59459007 1.56181335 1.50182557 1.31811571 1.8374511
    1.57877529 1.90031886 1.64924204 1.10597396 1.73563981 1.75304306
    1.16754758 1.55986524 1.74321878 1.13772976 1.50043309 1.84738755
    1.66385102 1.14754844 1.12503612 1.74187934 0.885103822 1.34092498
    1.63866091 1.97136426 1.19746077 1.73945749 1.43332493 1.98204398
    1.73086917 1.46704113 1.19168186 1.70137095 1.27715445 1.47593689
    1.27157998 1.81767905 1.02320981 1.10052729 1.15704 1.15732431
    1.39357758 1.81792998 0.930660903 1.65574479 1.14457786 1.99962151
    2.12357068 1.6969322 1.79179001 1.49938118 1.38049531 1.87339234
    1.79546976 1.25722492 1.12258852 0.994354129 1.47468114 1.68573761
    0.838791549 1.82030857 1.08946598 1.41369271 1.84753847 1.94593632
    1.2173624 1.3861407 1.62814665 1.76767707 1.52304327 1.57857835
    1.6148175 1.41134751 1.72976124 1.17705762 1.67547143 1.80428219
    1.57412195 1.63450241 1.59471714 0.976060152 0.979906678 0.979346275
    1.20157123 1.72254717 2.01843548 1.28552067 2.01076579 1.81568456
    1.1388948 1.50188839 0.990170419 1.39855599 0.976796627 1.16877425
    1.4273411 1.62507927 1.13155055 1.77321327 1.63057363 1.01759815
    1.84683442 1.04359818 1.39298785 1.05241871 0.959612489 1.55917251
    1.57483745 1.49879122 1.59817123 1.32121217 1.68968248 1.98243856
    2.11642647 2.11446714 1.96891534 1.24622655 1.92536008 1.51804864
    1.80279136 1.64933443 1.02341306 0.829284966 1.26117241 1.02498817
    1.48857594 1.63719106 1.48825407 1.16892791 1.85885954 1.88078678
    1.19820821 1.02790415 1.69694448 1.0907017 1.60230505 1.17315006
    0.836871803 0.879868269 1.31163657 1.10736489 1.37825859 1.86370838
    0.973640859 0.873848379 1.51616156 1.00721383 1.63161266 1.61440969
    1.27219355 1.13799429 1.14553154 1.21689534 1.66751611 1.67595494
    1.20732594 1.14938962 1.46014285 1.78587282 1.58206046 1.72706521
    1.67590606 1.27105474 1.08167577 1.56835616 1.94149506 1.14397204
    1.95154214 1.84965563 1.01177549 1.12753308 1.80621815 1.87979531
    2.00963926 1.90141523 1.20599854 1.74112773 1.93698907 1.07583702
    1.00116611 1.16831911 1.63524377 1.51832199 1.56075382 1.18267977
    1.15789151 1.24581778 1.21147287 1.36148536 1.33928108 1.18605387
    0.820258021 0.878347695 1.06767595 0.78745985 0.801245749 1.09160042
    1.83491635 1.38703346 2.06583786 1.77656007 1.17629325 0.76290381
    1.15978718 0.996649861 1.15288556 1.56886744 1.6291585 1.41380084
    1.01746285 1.33461261 0.865862846 0.872408986 0.997708976 1.19717026
    1.49267972 1.23940456 1.71185899 1.15872133 1.29492497 1.0131067
    0.942443013 1.36858392 1.86410558 1.08454108 1.07426155 1.6145134
    1.02344477 1.60845566 1.78199923 1.19560766 1.49711704 1.83006871
    1.71083641 1.12970328 1.71925139 1.83508062 1.42218459 1.56828225
    1.50381827 1.5338167 0.872233272 0.764659286 1.44892943 0.787447929
    1.13113666 1.42772496 0.89020592 1.40941811 1.53845358 0.942096531
    1.25314879 1.18844032 1.52021277 1.10331619 1.65467465 1.80678177
    1.30196142 1.10166383 2.05041695 1.81291711 1.6141237 1.98159933
    0.986739933 1.62178028 0.894652724 1.44227147 1.7855854 1.95368564
    1.51555681 1.29339468 1.67352462 1.9657979 1.36663318 1.46200287
    1.19130945 1.58846211 1.60708022 1.38686168 1.79397964 1.56980073
    1.49664342 1.11944425 1.49286604 1.94118834 2.00942397 1.2539345
    1.8759222 1.74767554 1.15027428 1.37739086 1.27553701 1.2079463
    1.1856842 1.23930597 1.81069458 1.40221643 1.49567831 1.48184752
    0.963798463 1.64724731 1.5042994 2.01056814 1.94417 1.62293756
    0.794063866 1.0184586 0.925474226 1.98802948 1.5453949 1.77765882
    1.88517511 1.13028276 1.90596271 1.65206814 0.975852609 0.914091766
    1.29938209 1.93354714 1.30587685 1.32164288 1.60048485 1.04175937
    1.89692175 1.94794619 2.05258393 1.68185246 1.87095249 1.02214181
    1.90514851 1.44221175 1.29050708 1.10146868 1.93088472 1.13142598
    1.37602699 0.810970366 1.01631868 1.81054688 1.46662414 1.09483588
    1.34195387 1.98519313 2.08142233 1.83004749 1.59633565 0.865399122
    1.49249601 1.20688915 1.79091311 1.68242276 1.594625 1.16405535
    1.74090707 1.25641358 1.73365712 1.15431762 1.23387825 1.35865843
    1.03427935 1.24645936 1.00641012 0.995085359 1.5842191 1.22530067
    1.98244178 1.6231997 1.12120891 1.23068929 1.66836023 2.0273304
    1.20487952 1.29457879 0.973756373 1.7604636 1.79845834 0.990725815
    0.877888858 1.40959132 1.32902527 0.994835198 1.85947275 1.69686353
    1.55941224 1.85968649 1.91611981 1.57692301 1.66206789 1.14883053
    1.35900092 0.802764893 0.793319523 1.02593708 0.92645824 1.73008966
    1.25942552 1.35041797 1.62159741 1.14975071 1.63038659 1.02030289
    0.97983402 1.0497483 1.67987645 1.56510627 1.05534208 0.883411586
    1.05315042 1.19034648 1.85118616 1.45501077 1.25384319 0.850944459
    0.964858055 0.833775163 1.58467996 1.19550836 1.37566042 0.963001192
    1.00614393 0.900455594 1.70389187 1.77807879 1.6036694 1.88034296
    1.62383187 1.30731213 1.26531327 1.11503911 1.63549209 2.00910974
    1.294402 1.72452331 1.13605332 1.46947587 1.62738621 1.47282517
    1.29502404 1.36975372 1.21265149 1.41247368 1.06093359 0.835390389
    1.01388931 1.29148817 1.77262676 1.87702703 1.31068671 1.14586389
    1.76891994 1.12519348 1.48539424 1.09484303 1.05401766 1.41334748
    1.82596457 1.88663626 1.69615853 1.4832356 0.702618122 1.5841229
    1.24776137 1.13360572 1.72717762 1.7429136 1.94820082 1.20304704
    1.29883921 0.76263231 1.1857301 0.965171039 1.06754363 1.67009294
    1.06951129 0.998140574 1.71041048 1.2937659 1.83300602 1.13026607
    1.15754318 1.43912625 1.67309952 1.79431415 2.00979948 1.98164725
    1.75704217 1.46069145 1.4640367 0.910624385 1.64591146 1.81360388
    1.23167932 1.21607625 1.56754136 1.2907275 1.05877531 1.12622809
    1.2707634 1.57148302 1.07333326 1.20053804 1.34991872 1.72227395
    0.922980011 1.59707236 1.77360034 1.48589849 1.29761398 0.980183065
    0.915765643 1.3386482 1.19028211 1.25913203 1.5539583 2.10068893
    2.12735486 1.49617136 1.53280115 1.49275637 0.987455368 1.18224573
    1.19514227 1.15597892 1.57268608 1.79377723 1.89951098 1.78250194
    1.24109077 1.32297027 1.72905409 1.15755737 0.898468554 0.936376572
    1.28336585 1.62433422 1.78521347 1.26997018 1.99679065 1.90007448
    1.5896337 1.73513031 1.18797314 1.31774831 1.09616601 1.59454226
    1.79052639 1.71628916 0.894368291 1.28271186 0.777767539 1.24474883
    1.90333629 1.55674291 1.300367 1.64068711 1.53323996 2.02492785
    2.03337216 1.90112519 1.31190825 1.15398669 0.861525714 0.793708861
    0.888463259 1.86995971 1.63549483 1.85981488 1.77379906 1.36603248
    1.78595889 1.14431715 1.2993573 1.84733415 1.24389958 1.7674619
    1.10114074 1.34728193 1.25613379 1.04581416 1.9027524 1.09367287
    1.706586 1.12602437 1.48325419 1.39952171 1.62326539 1.23587549
    1.87524664 1.09406042 1.50916004 1.36880934 1.77549493 1.40538907
    1.11798489 1.43275821 1.65605319 1.22393656 1.63176882 1.32284975
    1.61241472 1.43151307 0.890463173 1.43441677 1.85278046 1.95086849
    1.47674096 1.59247291 1.81219423 1.8552053 0.899778724 1.06547546
    1.0800904 1.12517893 1.10010731 1.6162014 1.40809417 0.816822112
    0.764180839 1.44483709 1.67259157 1.86861801 1.71605659 1.86719775
    1.02563131 1.79027915 1.51756966 1.09933937 1.22827947 1.75151682
    1.87500799 1.15012574 1.37723804 0.895915449 0.875202894 0.949125946
    1.36253834 1.87311733 1.64355862 1.89090705 1.98518312 1.25026631
    1.60676646 1.58435845 1.07663286 1.19737077 1.62283206 0.808061063
    1.32463801 1.106161 1.47284102 1.1904093 1.90686953 1.74464893
    1.32361984 0.799245 1.12117827 0.922454953 0.71278882 1.08916581
    0.83205682 0.861702442 0.738010406 1.14281201 0.836044967 1.25373483
    1.2083745 1.81229162 1.82707953 1.45779967 0.881958008 0.743634939
    0.960220933 1.31082058 1.434201 1.36927509 1.54006469 1.58853006
    1.37483132 1.26229703 0.991447091 0.81818682 1.06579268 0.498240501
    1.39974809 0.969416559 1.33950126 1.773669 1.5962559 1.57196474
    1.99308276 1.17668104 1.26374221 1.63202441 1.20519972 1.24600875
    0.875700951 0.895774007 1.53095233 0.940591872 1.40037215 1.66016412
    1.81264138 2.00750923 1.93485582 1.52022874 1.1962378 1.23475289
    1.5310936 1.01408827 1.24834263 1.68519771 1.55613708 1.24774611
    1.18974042 1.02910924 0.840107441 1.20362675 1.0433259 1.71408248
    1.42365777 2.09753132 1.88173819 1.8316406 1.22883248 1.5480268
    0.840948462 1.71105337 1.6164459 0.952233016 1.71333206 1.21780968
    1.41809034 1.04064214 1.71882772 1.78190267 1.10537815 1.49947834
    1.17745745 1.78273213 1.05488765 1.39250362 1.34509563 1.35406291
    1.30136287 1.15704441 0.908255577 1.48061371 1.088099 0.968812108
    1.60810435 1.00600886 1.23044872 1.44693792 1.85248315 1.48245454
    0.99700731 1.4897145 1.76349759 1.58668399 1.54961467 1.71546876
    1.50606394 1.07505381 1.00496316 0.748922408 0.861494899 1.31208599
    1.19070661 1.36434507 1.89168453 1.96500719 2.18408465 1.39172244
    1.48588562 1.74532616 1.50289392 0.894310892 1.13609207 0.948505878
    1.92076182 2.04790258 1.52320445 1.53272247 0.95824188 1.08628023
    1.0325979 1.06326246 0.972611308 1.75112259 1.23538101 1.5493443
    1.2109189 1.16485965 1.63997686 1.62107968 1.90893376 1.47959113
    1.42158365 1.70039535 1.63900316 1.19049609 1.17764807 1.77843773
    1.43453646 1.62342668 1.02923572 1.13751411 1.36394715 1.26372087
    1.70451975 1.52838683 1.05602884 1.70444417 1.69739735 1.76822138
    1.2051177 0.929461539 0.615342975 0.695239484 0.916840851 1.90391028
    1.08638966 0.983480692 1.13430035 1.26549804 1.36023927 1.66392624
    1.3509568 1.44404697 1.22673869 1.42959917 1.90534747 1.4570576
    1.68254125 1.40493298 1.48255777 1.41551423 1.1405673 1.01251912
    1.80917501 1.08177829 1.88891339 1.46763551 1.83823502 1.13673091
    1.67665732 0.971076608 1.73613381 1.32521558 1.03796649 1.22356033
    1.81727064 1.08281767 1.46446395 1.68450105 0.948136508 1.67837751
    1.2533828 1.86009002 1.41042078 1.14296591 2.01988316 1.78832304
    1.69376457 1.79372787 1.17435908 1.65437269 1.30957437 1.50928891
    1.15709186 1.32617068 1.75485158 1.28652894 0.912810385 1.44267845
    1.35897708 1.84101033 1.72803557 1.90610433 1.96451616 1.76469314
    1.94383454 1.63841999 1.22238564 1.41686118 1.08001459 1.20694423
    1.44078791 0.990572572 0.880811512 0.85592854 1.69196117 1.46952963
    1.22468364 1.50469387 1.45827305 1.42550349 1.30449724 1.55126643
    1.44280899 1.85621905 1.89114249 1.35479856 1.70585716 1.37155688
    1.73041046 0.903064728 1.86238623 1.04404175 1.2597357 1.08125317
    0.875514686 1.18832028 1.04573274 1.09208798 0.810438335 1.13872659
    1.27505398 1.27139318 0.966917038 1.83471811 1.84492075 0.991911292
    1.79579771 1.42473149 1.31734216 1.26728785 1.12601531 0.934512854
    1.36203635 0.843042374 1.02398038 1.52687943 0.955495358 1.20492637
    1.50286734 0.827785552 1.53127217 0.743566513 1.01611495 1.69727468
    1.05808711 1.25105524 1.73368394 2.03695846 1.87577653 1.40455103
    1.47369289 1.07996058 0.986736 1.40857732 1.37048185 1.17872512
    1.13895106 1.553738 1.827142 1.89401472 1.88355803 1.18927455
    1.29318261 1.17532861 1.38459384 1.92301226 1.80960822 1.87905371
    1.42471135 1.19373643 1.39725101 0.887188077 1.45408642 0.987709701
    0.787334561 1.19431245 1.36593628 1.10547185 1.91264987 1.61911178
    1.77353966 1.68361437 1.56810701 1.11163378 1.0936048 0.915387571
    1.60500288 0.944132686 0.956073344 1.41311872 0.915821075 1.77176058
    0.96324122 1.3773005 1.26785994 1.12421489 1.09313297 1.94290125
    2.00400949 1.45525467 1.2789216 1.12551665 1.26877522 0.870464325
    1.02347481 1.67576075 0.987287641 1.66263855 1.81271315 1.17658842
    1.72771037 1.45475805 1.95619833 1.83056664 1.09436643 0.876282275
    1.28841579 1.42127049 1.62261605 1.80375624 1.54355741 0.873999715
    0.865357637 1.63060749 1.66463232 1.7450695 1.03275263 1.53115892
    1.7612381 1.87974751 1.91669953 2.08663297 1.7464695 1.56913996
    1.38834548 1.70271862 0.915378392 1.03319132 1.84392893 1.5116812
    1.65418065 1.33629787 1.63464296 1.18778825 1.56902373 1.27774167
    1.08474207 1.8765167 1.13297069 1.59038806 1.63300598 1.69871211
    1.06431663 1.34628403 1.30423164 1.10132813 0.836084068 1.00495863
    0.812886298 1.08448219 1.821908 1.59881413 0.859487832 0.869649649
    1.62984931 0.938429952 1.64365733 1.36034274 1.61438489 1.47949743
    1.66451383 1.93953693 1.71750712 1.7607913 1.14134288 0.844142318
    0.708957911 1.09182394 1.3906287 1.71578658 1.87598467 1.59373116
    0.896417797 1.4724406 1.5135088 1.13578284 1.59495449 1.42014933
    1.48117816 1.92031586 2.00192428 1.11949265 1.24931955 0.938216686
    1.85017836 1.87614417 1.2747066 1.20627344 1.08816063 1.14719379
    1.97150636 1.15335524 1.87772393 1.2863636 1.34923542 1.85740745
    1.50891757 1.36018646 1.51131988 1.81321013 1.21498406 1.22670889
    1.11239839 0.873697042 1.76468992 0.844661534 0.976966202 1.22472548
    1.5647434 1.90089405 1.25147879 1.52752841 1.47266197 0.892568171
    1.2432133 1.44820285 0.967048943 1.10187078 1.30812109 1.53342366
    1.62334526 1.35241783 1.66275728 1.21076894 1.85430551 1.04089355
    1.2930491 0.939462066 1.60369253 1.61413229 1.97120476 1.26173282
    1.03456986 1.24940717 1.14229751 0.868449032 1.06347835 1.11038888
    1.55176222 1.19198215 1.60775733 1.23951256 1.8341471 1.42983246
    1.39512193 1.55860317 1.49697769 1.58190691 1.82145238 1.26123309
    1.02976012 1.22121048 1.79558563 1.17067564 1.60239983 1.24044275
    1.28568614 1.66009605 0.785972893 1.28827322 0.996918619 0.970552206
    1.57800376 1.54010904 1.43845367 1.24416196 1.50625288 1.20759678
    1.52301478 0.911324382 1.70858669 0.926864207 1.03922284 1.59337687
    1.59400713 0.870515049 1.57175779 1.68848598 1.52142262 1.486449
    0.987967491 0.887486517 0.785383344 0.889538705 1.39037108
    1.51819897 0.935208499 0.552115679 0.635278881 1.09592938 1.52130675
    1.18173456 1.80642009 1.56753147 1.70455253 1.49585438 1.03462005
    1.42340398 1.73361611 1.89096975 0.971109509 1.46287048 1.80604517
    1.75160849 1.83165193 2.01031399 1.10674155 1.73205054 1.87765932
    1.87724781 1.83590662 1.63576913 1.48936939 1.79468668 1.05113673
    1.83389783 1.68649924 0.953400075 1.34752631 1.56232119 1.33429396
    1.32624996 1.98881531 1.59255779 2.07773709 1.65155661 1.61315274
    1.97783947 1.12107766 1.41537023 0.934524834 1.43147802 0.916239858
    0.965687513 1.2054615 1.19195807 1.16015673 1.83556008 1.25781071
    1.90545464 1.22038782 1.85468912 1.81275737 1.97752869 1.91777694
    1.64947236 0.925289273 1.18740857 1.10361528 1.66870928 1.83484483
    1.76942372 1.93221307 1.93109655 1.82021141 1.78141654 1.18523467
    1.77494633 2.00042295 1.45879662 1.35786271 1.6509378 1.57991779
    1.97538745 1.77117658 1.32462966 0.948270202 1.78104281 1.36853552
    1.72653031 1.50460911 1.43444014 1.59512484 1.54789078 1.06911814
    1.65520883 1.20735407 1.87484026 1.19169939 1.72777188 1.35282815
    1.48466778 1.58485544 1.77583778 1.16469109 1.90654278 1.0278722
    1.62626946 1.37287879 1.08176672 1.77107191 1.77755582 1.25448489
    1.8194586 1.68830812 1.47462666 1.73767889 1.78766489 1.51777792
    1.88293898 1.0448699 1.68256307 1.17797923 0.948561013 0.771563232
    1.02864754 1.14942312 1.32401884 1.52417266 1.15289664 0.920354068
    1.37391841 1.87477577 1.16266382 1.70558465 1.50842512 1.84949708
    1.94696605 1.95847416 1.19062388 0.917488098 1.70491076 1.51363635
    0.887299418 1.53359032 1.92353845 1.87317014 1.36717916 1.33361161
    0.827894628 1.21160293 1.23748446 1.80779004 0.962234497 1.53640401
    1.42700779 1.80579138 1.16295767 1.59030616 0.932186723 1.84801841
    1.63894808 1.92400289 1.21119034 1.17932773 1.94366395 1.50540185
    1.58785784 2.11495113 1.58411694 2.02951193 1.89309072 1.35645604
    1.92859578 0.937652886 1.77892733 1.11663675 1.73733401 1.16055608
    1.79073155 1.19248366 1.72239029 1.60696602 1.163378 1.55420387
    1.40457094 1.29195583 1.34496498 1.64638329 1.03891146 1.67553926
    1.34011877 0.811609626 1.17454112 0.97739768 1.40289176 1.93401217
    1.53180778 1.05603671 1.75080049 1.97542894 1.636392 1.61470115
    0.85107547 1.46204782 1.22798622 2.00750232 2.02271008 1.01229882
    0.903022707 1.21281826 1.67651904 1.46677601 0.960367918 1.11982942
    1.76036894 1.40737128 1.03820574 1.15690899 1.89518189 0.981292248
    1.04404831 1.76152074 0.950475812 1.37238312 1.19153154 1.23911381
    1.51382136 1.40395117 1.28082454 1.3538413 1.06020546 1.87543976
    1.3888557 0.866024137 1.11648643 1.4975183 0.949651361 1.38396084
    1.44599748 1.62756598 1.16347611 1.31267846 1.61644733 0.938409746
    0.883662522 0.9468624 1.3739028 1.84971213 1.79670048 1.39148378
    1.52176809 1.04187 1.60814428 1.08447659 1.53201425 1.62237465
    1.18671489 1.45509696 1.74291849 0.958164334 1.3034091 0.778007329
    0.67568171 1.26997638 1.78793395 1.85301936 1.52481771 1.04663658
    1.82970226 1.83505213 1.65094376 1.30973649 1.81786418 1.59214056
    1.84298813 1.38519037 1.62889659 1.5647136 1.15830362 1.23038805
    1.47116125 1.90483844 1.89283943 1.91419137 1.30792403 1.86029601
    1.71122587 1.52970994 1.23397291 1.52544701 1.70262837 1.4360826
    1.36706197 0.877342701 1.11975098 1.47748935 1.48836875 2.01953983
    1.78057003 1.94633877 1.8186059 1.6179229 1.0635711 0.909450531
    1.27014983 0.892255306 1.01842058 1.24694359 1.71373475 1.5072583
    1.55393374 1.54795253 1.49594748 1.41431606 1.92062855 1.57502115
    1.28217816 1.21235943 1.2997241 1.3686775 1.23025942 1.34607708
    1.74450183 1.80719197 0.950852394 1.1713922 1.26586831 2.03635311
    1.59656525 1.78594971 1.7273941 1.87157845 1.62215233 1.93473458
    0.955798984 1.06203485 1.63069165 1.32919657 1.13074625 1.5317347
    0.933467925 1.60915494 0.930703104 1.19611716 1.92944074 1.41388643
    1.72845471 0.871109784 0.858828366 1.32644117 1.47964537 2.06687546
    1.79489326 1.48037601 1.72526634 1.28073967 1.62323451 0.985758722
    1.95477879 1.58254182 1.12619281 1.66891634 1.48042333 1.96067238
    1.08323073 1.48417342 1.43425775 1.53809035 1.50290668 1.02075422
    1.33483398 1.25709963 0.974587977 1.60427666 1.25893366 1.29209077
    1.46310472 0.793008804 1.638381 1.41526115 1.51623988 1.60267019
    1.15660465 1.19024646 0.88651979 1.00646889 1.64373422 1.36162436
    1.32346523 1.29684126 1.19883037 1.26565254 1.905177 1.98421943
    1.56248462 1.1925025 1.69558048 0.958583653 1.07942939 1.07603133
    1.15644908 1.4142735 1.49825513 0.979612172 1.49040961 1.16135943
    1.05039513 1.26159155 1.2464354 1.73940301 1.76804852 1.5630157
    1.74131715 1.53419566 1.42309928 1.25880659 1.95349228 1.79328883
    0.99002248 1.76167893 1.95582235 1.91359425 2.04105616 2.06732917
    2.01123977 2.08184767 1.39349461 1.68937492 1.33829677 1.4243418
    0.934397578 0.773061633 0.856067657 1.04657173 1.23369217
    0.904583156 1.06412864 1.65721905 1.1822567 1.82411838 1.66974056
    0.907456458 1.45605612 1.06840158 0.849897802 1.45664716 1.40934134
    1.68906116 1.4267441 1.12344348 0.968000054 1.37049246 1.5267911
    1.82256973 0.988871157 1.22100711 1.96046698 1.43613672 0.85026294
    0.989797771 1.62966871 2.0383935 2.00565529 1.54018903 1.14749908
    1.01825392 1.74157321 0.907686055 1.08624768 1.721416 1.33621919
    1.47243381 1.88862419 2.01074004 1.82313228 1.66346645 1.78738654
    1.03780389 0.993884504 1.07900763 1.35127342 1.28659797 1.10929894
    1.30897164 1.01009989 1.21208405 1.34961009 1.8183322 1.4751724
    1.420277 1.56090677 1.55025518 1.67944026 1.04731393 1.19128788
    1.02712107 1.15493715 0.993652642 1.1372602 1.11001098 0.939267755
    1.41031551 0.937582076 1.25508237 1.41744232 1.21572065 1.81244981
    1.69546545 1.08374476 1.08625984 0.98087889 0.977482617 1.56913924
    1.03404021 0.970999122 1.16971278 0.955181241 1.16153347 1.2476207
    0.732514143 0.974373519 1.88468695 1.35961199 0.939350724 1.77759635
    1.75347435 1.21120048 1.16158891 0.988042891 1.36424398 1.77190948
    1.5980463 1.46231329 1.16788149 1.18933105 0.868821621 1.72861397
    1.09071505 1.89960253 1.94523203 1.14652407 1.51408041 1.58278763
    1.46810758 1.72817457 1.99554944 1.8700422 1.76798773 1.03633094
    0.87751621 0.789136589 1.34221339 1.0572077 2.00298333 1.40787232
    1.03641677 0.86035049 1.56343889 1.60919404 1.37533462 1.50773621
    1.99327695 1.83986878 1.06708252 1.70817196 1.90478241 1.04093659
    1.13841438 1.52455318 1.50623727 1.44842851 1.39257097 1.82001102
    1.79835021 1.50338185 1.5446285 1.90828145 1.22179079 1.51037955
    1.73117161 1.94970608 2.01073146 1.53498065 2.07942343 2.02803326
    2.13879585 1.91858292 1.39065135 0.927829921 1.61228359 0.813803136
    0.821012795 1.32198441 0.94595778 1.70906496 1.1218164 1.188272
    0.911213458 1.30645895 1.77340806 1.55582094 1.37351382 1.756217
    1.26450729 1.21949983 0.98482573 1.82761133 1.51811326 1.89186013
    1.57264864 1.52231228 1.30863988 1.01470816 0.984735727 1.93584371
    1.32060313 1.81083834 1.43662953 1.80038655 1.41002715 1.89206588
    1.9184984 1.55469227 1.74322045 1.55180252 1.73610485 0.929307222
    1.32112443 1.61659575 1.91138554 1.40931559 1.31434 0.943831742
    1.53632164 1.67093682 1.48387086 1.06560779 0.903355241 1.3468349
    1.30026031 0.870099843 1.1395179 1.09767127 1.21164143 1.29602063
    1.74625206 1.9056102 1.97343886 0.993214011 1.51317239 1.07618725
    1.19376731 1.39914358 1.5023644 1.01632535 0.998194039 1.45956481
    1.6349175 0.861739755 1.24729323 0.87271601 1.03597963 1.47039187
    1.75469923 1.68966424 1.09296131 1.45084763 1.61132801 1.18362725
    1.36100912 1.34415567 1.25405753 1.04670286 1.23954082 1.7685405
    1.09662485 1.45772123 1.82100928 1.23760223 1.20848727 1.8359195
    1.38546717 1.84040165 1.93306458 1.05176842 1.03077173 1.71598673
    1.17282033 1.59927523 0.93928057 1.2934432 0.823150754 0.861725032
    1.22036695 1.01337111 1.69387925 1.5113529 1.63614869 1.15829015
    1.12070596 1.15476382 1.8011086 0.96129179 1.51983738 1.64812982
    1.41571534 1.38140583 1.27283609 1.24708652 1.86300027 1.0284096
    1.64416969 1.65331662 1.62625015 1.12643135 1.12983048 0.93428278
    1.80051184 1.95531058 1.51338208 1.26364315 0.823342502 1.82214308
    1.31587481 1.21146524 0.940108359 1.47323048 1.50297618 1.53649664
    1.71474278 2.0183866 2.0640285 1.71437681 1.01765597 1.81640756
    1.33857977 1.31475961 1.24404287 0.923785567 1.58244288 1.8991574
    1.58386433 0.896924376 1.23636603 1.36963749 1.80841386 1.62938952
    1.6797086 1.94700801 0.884420335 0.933615863 1.12543821 1.41330099
    0.972071052 1.67118335 1.39755714 1.05453956 1.76701283 1.54049373
    1.55749333 0.955500424 1.12395501 1.5360837 0.9159621 1.55106497
    0.864734948 1.76330662 0.893952489 0.845173061 1.21078086 1.54567635
    1.05245411 1.60679519 1.23286855 0.601911306 0.971179247 1.75001657
    1.31521332 1.33747363 1.75865936 1.12764072 0.949700713 1.25306368
    1.57438612 1.20578933 1.99109304 1.66432142 1.20039129 1.52082586
    1.67964709 0.83338362 1.76147187 0.892619371 0.926515281 1.91328645
    1.28418589 1.39004958 1.42588055 1.83932436 2.0453546 1.5547179
    2.04997849 1.42505097 1.06781888 1.58973467 0.938099921 0.968744338
    1.69229686 1.72570205 1.94399166 1.9414767 1.03680289 0.872174263
    1.69375861 1.2048974 1.58589256 2.07163787 2.04877734 1.63658631
    1.71645641 1.68911088 2.04392052 1.93937051 1.05226028 1.76391256
    1.46816802 1.36006343 1.55608535 1.490762 1.45196784 1.01239729
    1.82495809 1.51494145 1.79756856 1.02232695 0.994096756 1.40630984
    1.93949962 1.83450627 1.24058902 2.02635765 1.83476555 1.77473748
    1.68918622 1.15365636 1.34629273 0.945973992 1.09323502 1.67605841
    1.58576345 1.45126605 0.88288188 1.29958165 0.91843307 1.11684394
    1.73821831 1.96343815 1.46109283 1.76204526 1.31427515 1.66338897
    1.54885077 1.61229396 1.84157765 1.57012939 1.331388 1.76610339
    1.53435194 1.27561629 1.68962109 1.22702241 1.93039536 1.24409842
    1.85239863 1.24206305 1.2183547 1.06659532 1.07713032 1.0320816
    0.848450959 1.59661067 0.987766564 1.82300615 1.99088502 2.02200913
    1.97787523 1.78223801 1.18799818 0.800050437 0.806465328 1.69530618
    0.995955288 1.47651052 1.5675602 1.71865869 1.92298198 1.90247095
    1.87563491 1.23460913 1.04533827 1.61007857 1.60810101 1.98099494
    1.19937372 1.66019392 1.14165819 1.54528773 1.37920785 0.838729203
    1.18811226 1.33658826 1.76436818 1.03784668 1.02641547 1.64362478
    0.809219241 0.75340724 1.76407182 1.10577118 1.35687399 1.34459102
    1.228163 1.3524766 1.54224825 1.89687717 1.78768229 1.48467076
    0.987141788 1.52643919 1.56035292 1.13225126 1.22947919 1.9798547
    2.00916338 1.53827071 1.83058262 1.95060527 1.33094263 1.79081631
    1.97725964 1.76841688 1.92552924 1.05955386 0.880218983 0.818166494
    1.2965163 0.817090034 1.52769673 1.4137671 1.40082765 1.0860033
    1.71042812 1.85181201 1.11296082 1.38174701 1.49970186 0.863337636
    0.97174859 1.48608994 1.5539912 1.66762817 1.64165282 1.15201306
    1.11545074 1.56441844 1.07773781 1.23531163 1.40488172 1.22911656
    1.46975875 1.11497748 1.20219266 0.783136427 0.995248258 1.22233427
    0.950170696 1.64863276 1.15482879 1.09960091 1.23849261 1.36578238
    1.01152945 1.52929533 1.11319888 1.83164787 1.62405586 1.70897794
    2.12922239 1.90454578 2.01276994 1.6244359 1.82059145 1.52003622
    1.35371518 1.73855102 1.40997052 1.8246634 1.62105298 1.43750274
    0.903450012 1.28455245 1.26034486 1.75455856 1.74189746 2.01185036
    1.86901808 1.29790103 1.17328703 1.51602817 0.805798113 0.893993974
    1.77933717 1.32284021 1.7540952 1.42927694 1.13229668 1.03141868
    1.83735287 1.55063975 1.14552522 0.847341955 0.81816411 1.49478924
    1.45846999 1.43747807 0.98669523 1.27575815 1.67218673 1.31811357
    0.925651848 1.46815562 1.54038954 1.12121809 0.875695586 0.946370602
    0.853779554 1.15065742 1.67949092 0.770303011 1.20876634 1.57281971
    1.65713882 1.63084579 2.06305885 1.53579187 1.70556331 1.38475406
    1.16557777 0.93019253 1.02373922 1.79654944 1.96274149 2.00401521
    1.28480351 1.82410622 1.56622386 1.54715955 1.33594429 1.68485749
    1.16675806 1.86714935 1.61483061 1.31237793 0.990344703 1.314978
    1.77297449 1.61870432 1.27844393 0.734295666 0.763770878 1.09156895
    1.42799199 2.01557183 1.82270193 2.19076276 2.03245115 1.7542882
    1.58020246 1.63882732 1.45889318 1.54242158 1.33672917 1.76491547
    1.85280108 1.20982051 1.07700431 1.5462302 1.23136079 1.70085359
    1.56828558 0.898941159 1.22879314 1.53950369 1.12051427 1.48961771
    1.47500622 1.29710031 1.23605299 1.37636721 1.2663455 1.71548486
    0.940730333 1.08909774 1.10122299 1.05819869 1.7034539 1.69483888
    1.52335262 1.36552358 0.733703375 1.26669383 1.36796892 1.41649199
    1.25468624 1.42567384 1.21207428 1.81150925 1.27815843 1.22432029
    0.899694622 1.68800426 1.38923049 1.65331697 1.44867277 1.90393901
    1.79886234 1.97974277 1.80158889 2.05449748 1.95710099 1.36676776
    1.44114888 1.25038719 1.48068345 1.3971988 0.949632883 0.905161858
    1.34947789 1.70776856 2.07396197 2.11811471 1.90614963 1.38007569
    1.17322969 1.0287534 0.845190942 1.66651535 0.96863699 1.89440155
    1.7953887 1.01465654 1.27049994 1.51674378 1.42297518 1.45609844
    1.55990207 1.27034914 1.03583896 1.60872889 1.85295248 1.0332973
    1.13046062 1.82978988 1.12836254 1.29529834 1.72900772 1.39034224
    1.52344334 1.74545968 1.85263193 0.85890311 1.71375275 1.3804028
    1.01095879 1.03675342 1.84832633 1.06039464 0.884605527 0.994683444
    0.975372553 1.25276577 1.46295929 1.43101478 1.73535371 1.12405872
    1.76935184 1.89201868 1.3285265 1.43500292 1.27025998 1.1266849
    1.20969248 1.32453048 1.51460636 1.69018412 2.01641798 2.01847887
    1.46116006 1.29096913 0.798564315 1.31944335 0.858542919 0.969175637
    1.43234825 1.87355709 1.4263047 1.94141865 2.02236938 1.13719678
    1.34113371 1.37458885 0.875828505 1.48642087 0.926439881 1.4384104
    1.32218194 1.4176389 1.64640832 1.51729298 1.2441808 1.8057698
    1.13703728 1.94832349 1.65026259 1.32785296 0.912144542 0.756079793
    1.16401851 0.794035017 1.40152693 1.14348483 0.790029168 0.841172993
    1.79232097 1.47460604 1.30895948 0.833622277 0.883212686 1.47751153
    1.32970393 1.10841465 1.69878221 1.21381676 1.34874201 1.98893237
    1.24399471 2.08010221 1.50024509 1.35030377 1.66369021 1.423316
    0.999091029 1.83339894 1.67512524 1.05703998 1.42713678 1.46104908
    1.03812528 1.69242251 1.8057127 1.57335925 1.02704704 1.22003484
    0.751499236 1.24530303 1.36380911 1.30764568 1.71956134 1.20989239
    1.62644696 0.864019573 1.19203413 1.78079021 1.26899326 1.42822003
    1.03533912 1.45434403 1.82273018 1.54937685 0.973729134 1.71563685
    1.89445686 1.8941828 1.8867476 1.59523916 1.66028464 0.890269995
    1.63744903 1.36321819 1.26999807 1.28642619 1.73338759 0.742841542
    0.687607288 1.123824 1.09246814 1.17384326 1.08451486 2.06372666
    1.80929422 1.89558578 1.9853642 1.30911505 1.10551727 1.43492198
    0.943956852 1.58868968 1.69638348 1.62919176 1.65070641 1.38937402
    1.3624872 1.29918396 1.33232296 1.29842889 1.66153717 1.17204297
    1.05153763 1.7261889 1.13523281 1.71989393 1.3761282 1.80729568
    0.993633687 0.894632638 1.32696116 1.89487064 1.81090474 1.86595821
    2.25909948 2.03090429 1.81284177 1.54142058 1.13232744 1.40930605
    1.89211762 1.05047381 0.863994539 1.1097877 1.02518213 1.78670704
    1.27600956 1.02920473 1.3829422 0.882342696 0.989163995 1.75106692
    0.990148365 1.76831806 1.16804028 1.22203982 1.82531261 1.30761218
    1.53103304 1.24638963 1.48517609 1.09656346 1.32232106 1.45558703
    1.52553821 1.53915465 0.982275844 1.84563339 1.91180384 1.57998121
    0.750585318 0.89936763 0.892045021 1.25472808 1.67655838 1.14886677
    1.35851574 1.65673923 1.17853117 1.46808815 1.16007602 0.864712477
    1.26898313 1.82631063 2.16181397 2.0882268 1.39880705 1.26310146
    1.82305837 1.63394821 1.04059136 1.0768615 1.49605691 1.26919842
    0.985262215 0.89631784 1.30552661 1.82295597 1.98679662 1.38601851
    2.13465691 2.2099874 2.02382946 1.55990791 1.20499778 1.69389474
    1.46155035 0.998231411 1.48123682 1.00732899 1.38331831 1.02230859
    1.63682377 1.03023303 1.0710026 1.5955025 1.84348607 1.07988477
    1.18554461 1.88945591 1.46089065 1.74472964 1.48878527 1.51730204
    1.30228806 0.916680574 0.866913617 0.874887884 0.851710141
    1.32525837 0.903246224 1.7361331 0.908062577 1.52087438 1.87705088
    1.93884492 1.70701432 1.51922095 1.64186609 1.12570262 1.66168141
    1.85217679 1.96055579 0.988205969 1.72487974 1.67278016 1.69047773
    0.986801386 1.51199579 1.38581753 1.48079693 1.31203711 1.24876738
    1.71588886 1.89502227 1.51650107 1.15274751 1.42448831 1.86518431
    1.50825036 1.01250243 1.04352832 0.917298198 1.48718548 1.33243668
    1.66692626 1.4792912 2.00104976 1.82275105 1.68047607 0.95250833
    1.19387543 0.946258545 0.944758832 0.787015915 1.24359322 1.74890029
    1.43903911 1.82460403 1.15543079 1.35291433 1.33046365 1.19752181
    1.80888462 1.67968357 1.93590188 1.51768672 1.04785621 1.12622488
    0.966184437 0.915207088 1.0944488 0.963935494 1.06812358 1.30901611
    1.65499806 1.17266524 1.62112045 1.4958508 1.43077862 1.05389285
    1.67355001 1.75232053 1.59653795 1.61305046 1.9911834 1.73494864
    1.56462038 1.63776565 1.38769305 1.13641274 0.929632306 0.892769277
    1.23694742 1.44180739 1.73715687 0.946409762 1.13998079 1.75489259
    1.44556201 1.24695039 1.89571345 1.72794962 1.14009523 1.06469941
    0.89897114 1.69759357 1.37308991 1.544873 1.30153584 1.71554935
    1.24881947 0.863426805 0.880616128 1.46021008 1.46267676 1.18434405
    1.16974688 1.25568569 1.9096185 1.14069057 2.00906253 1.84847164
    1.46010196 1.30890548 1.57354617 0.86717391 1.34644139 0.803340256
    1.80373704 1.63703668 1.187572 0.831804812 1.2132889 0.92417115
    1.37195742 1.56711113 1.75321889 1.76559496 1.34190321 1.85760796
    1.74788272 1.83176994 1.41237819 1.73246109 1.23763299 1.30326986
    1.30363452 1.36604822 1.56503594 1.14659595 1.15750349 0.972278297
    1.87500739 1.48071074 1.04324377 1.63548577 1.7920866 1.11197734
    1.61873257 0.924353182 1.43172622 1.92329884 1.83199096 1.87564456
    1.3571682 0.938788533 1.72430456 1.77768266 2.19212627 2.03650308
    1.21128738 1.18834555 1.09238029 1.41454077 1.3793478 1.92242765
    1.6707406 1.11116266 1.42401791 1.09364903 1.65524304 1.48383248
    1.24092686 0.993643463 0.928631544 0.955011249 0.902106702 1.4595418
    1.04658222 1.28598571 1.84368753 1.76605237 1.14084077 1.59479475
    0.887884378 1.30099726 1.75372219 1.49112296 0.963688612 0.924617231
    1.10823011 1.63631558 1.39225912 1.95241308 1.6183697 0.845583081
    1.18182349 1.41974437 1.36714804 1.62284088 1.46932721 1.49011981
    1.09373581 1.04182756 1.60772574 0.792981565 1.33550453 1.64739406
    1.64248013 2.12642407 2.08370352 2.10525751 1.62630725 1.89642191
    1.56518841 1.44314504 1.21333575 1.77179766 1.85493195 1.17697263
    1.75977612 1.21108437 1.2881006 1.79927063 1.25261641 2.12434053
    1.96931553 2.08170033 1.6962949 1.70097637 0.849946737 1.60575068
    1.24844551 1.86567056 1.92256057 1.75350571 1.18562496 1.74361527
    1.4080838 1.2213372 1.26471078 1.04615426 0.984439909 1.47063196
    1.01597893 1.19152987 1.83046997 1.69437647 1.93805635 1.05150843
    1.06196129 1.32020783 0.962093115 1.22535884 1.57708335 1.1702466
    0.833143413 1.31917608 1.58174515 1.72636247 1.99806178 1.54417777
    1.76558053 1.0903213 1.19295526 1.57526302 1.77861238 1.49841154
    1.43538761 1.86742783 1.48740005 1.01343441 1.85464311 1.04711258
    1.40115345 0.993951321 0.98740375 1.72904122 1.48926568 1.10612035
    1.11566019 1.30753255 1.18812335 0.993666828 1.72687721 0.919240832
    1.17567325 1.03049421 1.64729118 0.957058072 1.05055463 1.18029928
    1.27500904 1.11590314 1.40438426 1.08821809 0.885775924 1.43717444
    1.08350813 0.931274056 1.13288558 1.47950923 1.48745751 1.34540939
    1.24700344 1.90654039 1.73676276 1.72689855 1.9365778 1.32333934
    1.63201296 1.85369873 1.20527399 0.996585786 0.767766714 1.63961732
    1.03301692 0.810976446 0.733885705 1.8473928 1.5496006 1.24751639
    1.89663911 1.73120654 0.830461621 1.06637633 1.29818547 0.802491605
    0.987950265 1.15614069 1.24994028 1.84989107 2.01091552 1.25984657
    1.88544726 1.32348502 0.803345799 0.700910866 0.984088182 1.14242995
    1.23168123 1.54434764 1.22235918 1.98425877 1.34369195 2.06714344
    1.66524303 1.69189727 1.4672066 1.2196542 1.24761188 0.950447619
    1.52447605 1.44092619 1.33630884 1.58289552 1.20046556 0.767492652
    0.803656578 1.67509186 1.27212429 1.45379341 1.5985707 1.57983565
    2.00782132 1.15454876 1.67985487 1.62688518 1.35486126 1.23953438
    1.6368959 1.02428198 1.0411998 1.06702566 1.37100875 1.58107901
    1.46741974 0.943771422 1.60952675 1.16483283 0.926015735 1.20672309
    1.64047897 0.959154963 1.48900723 1.83745313 1.93807793 1.80454242
    1.60734248 0.937195182 0.769289315 1.21931863 1.08954895 1.52876961
    1.65860367 1.83432817 1.62504268 1.89249539 1.71136892 1.75772262
    1.12783945 1.51855731 1.11138225 1.16043603 1.73067284 1.38093233
    1.8585794 1.12659669 1.28470886 0.983593822 1.8314873 1.75310802
    1.90776515 1.86582255 1.92742622 2.18978858 1.54915226 1.69596481
    1.60693717 1.72026038 1.25400591 1.61349118 1.90416813 1.3824389
    1.85358953 1.79109991 1.11742592 1.1190573 1.61039996 1.31597495
    1.31888354 1.38471496 1.78983521 1.45248413 1.28066695 1.39310503
    1.81633461 0.998789608 1.69318604 1.21461082 1.32591665 1.89365482
    1.66396689 1.85338771 1.53748107 0.809753239 0.876485586 1.8461144
    1.14050913 1.86741984 0.923444808 1.72539341 1.54912984 1.68331647
    1.06697476 1.3361522 1.46796656 1.73148727 1.64027405 1.91868532
    1.11854053 1.21380949 0.749578714 0.947550535 1.24449658 1.94924819
    1.75316215 1.74561846 1.67558789 1.93323028 1.79839861 1.25269556
    0.995070279 1.52612162 1.9140389 1.68338144 1.89209199 0.964682996
    1.69732666 1.77977133 1.84629893 2.11755371 2.21399379 1.87274897
    1.20253193 1.13840652 1.45098329 1.21579993 1.24132574 1.3425262
    1.76769614 1.1966728 1.7084713 1.74637854 1.61625493 1.63027775
    1.78222537 1.87388229 1.93318546 1.02567101 1.74786639 1.68893015
    1.72780859 2.10931635 1.71933603 1.79777288 1.15086794 1.42546201
    1.129722 1.2158277 1.4749608 1.32830513 1.34213793 1.67370629
    1.09799218 1.76929832 1.87872136 1.45934379 1.66283488 1.22521603
    1.68306172 1.23907232 1.52136266 1.21828067 1.41582263 0.898117185
    1.64979446 1.2625618 1.24519098 1.27906549 1.01662862 1.18749392
    1.18070555 1.89196515 1.61866248 1.53039253 1.49125159 1.04566014
    0.884839773 1.52046585 1.38511658 1.25608766 1.10971844 1.92080414
    1.90655482 1.74419236 1.47663522 2.02611899 1.67072296 1.32178521
    1.43220353 0.916183233 0.986683547 0.997601688 1.28455591 1.6809907
    1.02399409 1.29303157 0.936933041 1.44391584 1.01973069 1.81547785
    1.75491405 1.01616812 1.21982694 1.16075921 1.73460257 1.21196711
    1.8030659 1.70686603 1.61017072 1.46864843 0.95703721 1.30866194
    0.921395481 1.38869131 1.6847291 1.82835817 1.57146549 1.2584976
    1.32953346 0.934033275 0.960323453 1.00442863 1.34224951 1.01184332
    1.94196403 1.87739456 1.9938699 1.33432138 1.79357564 1.05717957
    0.725603402 1.11373222 1.23430789 1.69882655 1.27896714 1.05656171
    1.89974344 1.59144282 1.96015358 1.47086465 1.61810434 1.551947
    1.72138894 0.836879373 1.20159638 1.71274841 0.942807734 1.04016566
    0.898550391 1.41914403 0.854619741 0.851334512 1.37375808 1.69567597
    0.948033571 1.62579143 1.87828887 1.82739019 1.45440328 1.44293129
    1.8003372 1.54798532 1.19454849 1.51135325 1.08161831 1.04841447
    1.20901525 0.790629745 1.59333682 1.24313843 0.897513151 1.69445527
    0.811405957 0.945453167 1.04296684 0.829805136 1.22563887 0.96996367
    1.69504774 1.134251 1.63066423 0.903607845 0.81931448 0.92945236
    0.698759317 0.80746299 0.822336435 1.16531956 0.877737761 1.57201242
    1.54271626 1.83916593 1.43314397 1.00448573 1.69326901 0.940137029
    1.83379078 1.07577884 1.22472858 0.854574442 1.44450295 1.5101825
    1.35708284 1.15915 1.73771596 1.63394153 1.01327181 1.72017455
    2.05232811 1.81728554 2.12406826 1.97852921 1.22783875 1.91817796
    1.41302025 1.37152755 1.73832417 1.25972843 1.12832618 1.25201809
    1.61603999 1.347296 1.49313557 1.60412729 0.867537498 1.16027904
    1.13941336 1.03258693 1.63216329 1.73478425 1.72891355 1.46279562
    1.884112 1.01791978 1.38256526 1.43413079 1.32292986 1.51413059
    1.4066453 1.54494774 0.86427021 0.940281272 1.54402459 1.06033397
    1.41112208 1.04592931 1.73975623 1.81021476 1.60106611 1.62234306
    1.60663044 1.96213198 1.96611106 1.88392878 1.50639808 1.43880284
    0.997396469 1.32524073 1.2048353 1.40777302 1.35431004 1.3315376
    1.28269422 1.73546517 1.97660065 1.33099067 1.86730075 1.57344866
    1.42042565 1.06982386 1.70514703 1.38428938 1.00377464 1.34335399
    1.99247968 2.00511599 1.70536506 1.8557955 0.977198482 0.817499936
    1.76489508 1.03923059 1.59779418 1.50226569 1.4687866 1.88987386
    1.86720741 1.51749587 0.908610821 1.8073535 1.70547056 1.96101093
    1.48253393 1.86119616 1.9290719 1.93563414 1.77702594 2.08382916
    1.99018323 1.57954812 1.81410122 1.83563209 0.886735141 1.07129133
    1.28673303 1.21717143 0.868871391 0.702742338 1.16543853 1.70355928
    1.27564669 1.53470492 1.05623877 1.49598837 1.1061064 1.38603461
    1.58136904 1.69882703 1.43407702 0.912264943 1.67452371 1.16112673
    1.18898189 1.16005003 0.922441423 1.4606849 1.49155843 1.2755518
    1.00113428 0.996015668 0.796229005 1.07970119 0.939254761
    0.867266595 1.16910529 1.58527219 1.71511221 1.73219597 1.74832022
    1.14319468 1.93337154 2.02282643 2.01543522 1.1937933 1.26998961
    1.56480289 1.14196944 1.91238713 1.84827673 1.28425181 1.40172875
    1.38460338 1.33952963 1.83664489 1.68174648 1.4550122 1.66856682
    1.20281672 1.71140277 1.57004094 1.26642275 1.57831478 1.82686746
    1.25333118 1.05265021 1.2965728 1.59687221 0.869506299 0.853895843
    1.71628869 1.6913619 1.99604857 1.08835089 1.69130743 1.59488928
    1.49455345 1.33447051 1.10685658 1.16345537 1.36100078 1.68845499
    1.11679506 1.46773803 1.40516829 1.08037269 1.64945769 1.48024952
    0.691584408 1.4802438 1.15027869 1.07084918 1.61261547 1.83583367
    1.22802126 1.25210953 1.90586615 1.44474626 1.86422205 1.45846343
    1.10974431 0.773957968 1.15137446 1.36734653 1.02898026 1.58609962
    0.905892849 1.27276754 1.28169167 1.68697941 1.1768471 1.55018282
    1.57513821 1.79370439 1.66727531 1.43165016 1.8748678 2.07135248
    1.98368752 1.52578735 1.34395206 1.0362246 1.43276799 0.543290973
    1.13103616 1.75206089 1.24758005 1.38410997 1.08826518 1.54854858
    1.71140575 1.20976996 1.55104804 1.29554069 1.15002394 1.76150751
    0.883788228 0.791642249 1.71669948 0.884739399 1.29679251
    0.958162487 1.19058108 1.7335521 0.802194059 1.36957788 1.5224092
    1.93256617 1.78153634 1.99207151 1.69739521 1.0607363 0.887241542
    1.59268105 1.33433688 1.12447047 0.905094385 1.23227501 1.87212622
    1.37298167 1.08576894 1.26234305 1.32218742 1.21647787 0.98356986
    1.65149558 1.7115109 2.12915111 1.4294281 1.20370889 1.80440319
    0.93008554 1.13335085 1.35585761 0.886319816 1.90717459 1.13185191
    0.971004486 1.68291569 0.869885087 1.45919979 0.786334455 1.27583039
    1.86627984 1.65743244 1.0069294 1.03823984 1.68156469 1.22559929
    1.9213599 1.16536915 1.82893443 1.61948133 1.17047405 1.41522813
    1.53833902 1.86684883 1.49280834 1.8288579 1.44787621 1.07558858
    1.5120194 0.976020157 0.846017659 1.62741244 0.931119561 1.02623844
    1.89403868 1.66008449 1.56513047 1.32677722 1.89707863 1.20989692
    1.72273803 0.759982705 1.21875167 0.77308172 0.745644867 0.979378283
    1.08880162 1.35109806 1.9766227 1.67559326 1.94547248 1.19357979
    1.23169398 1.116207 1.34773552 1.60606611 1.28756487 1.41508019
    1.02421629 1.45672297 1.03591251 1.12176669 1.69335651 1.06905663
    0.844873607 1.24404597 1.02469385 1.63832223 1.06694984 1.84837794
    1.61526442 1.25477695 0.831943572 1.10801363 1.61240602 1.65449572
    2.00932527 1.71129119 1.84187591 2.22751451 1.37734473 1.75312424
    1.16983879 1.94078755 1.65170002 1.71712446 1.72225559 1.06060886
    1.06026673 1.16651928 0.94093281 1.15964305 0.760789335 0.838928401
    1.65120625 1.32183802 1.42873442 1.87039864 1.03581178 1.88959455
    1.15538931 1.11069322 0.951092422 0.829064131 1.18524015 1.68678451
    1.30008161 1.81305158 1.14177239 0.891141891 1.77798879 1.72144365
    1.83354437 0.943668485 1.03707516 1.71402681 1.49551964 1.2071631
    1.07031798 1.82759666 1.21130288 1.66370463 1.45242977 1.84762073
    2.01910591 1.49146104 1.64850962 1.19010329 1.85906506 0.97743243
    1.31748581 2.02339721 1.7939409 1.41548467 1.3374908 1.42823124
    1.94983339 1.31306863 1.25821102 1.26040494 0.984214067 0.937962174
    0.925378084 1.58344972 1.14716733 1.5627017 1.00791705 0.858789086
    1.57035828 1.56462562 0.959380865 1.6146065 1.66503811 1.1935488
    2.0430944 1.96893167 1.19686663 1.04762173 1.22971904 0.868957579
    1.27875507 0.796323538 1.12465239 0.784341872 0.941708863 1.71283853
    1.53586686 0.992781103 1.173002 1.04324841 0.830050528 0.80850935
    1.00797009 0.81945914 0.789577842 1.51384902 1.65597188 0.859236896
    0.867681682 0.900346696 0.896131516 1.29766846 0.934397161
    1.18551028 0.96391201 1.1235764 1.46910143 1.58699369 1.19411898
    1.04477847 1.12416351 1.09005427 1.15195882 1.17433655 1.74605787
    1.45028436 1.76002681 1.58226347 1.97571313 1.66343129 1.16818261
    1.59938121 1.73236918 1.44670486 1.40656281 0.694913507 1.04283845
    1.20833266 1.83815157 1.08815873 1.76241684 1.47018683 0.974843323
    1.24001646 1.92463267 1.22820079 1.63970256 1.31351733 0.897843063
    0.68869549 0.889882803 1.49522543 1.55959356 1.41330814 1.03450251
    1.10211253 1.03556824 1.71837425 1.35049772 0.981884658 0.895430028
    1.27151752 1.81575716 1.83240056 0.829169512 0.857041538 1.32775021
    1.80925775 1.69054115 1.68591249 1.87390935 1.47062349 1.07189345
    1.62726927 1.71452236 1.41908526 1.8042779 1.45627403 1.97332418
    1.38994145 1.48601568 1.95199013 1.96839118 0.99530834 1.13279819
    1.32165802 1.1545763 1.41646755 1.63013864 1.81739628 1.27802014
    1.52668464 0.968710303 0.861536741 1.39169502 1.09541225 1.56463706
    1.06650472 1.92463863 1.23225868 1.46768594 1.63159227 1.34999716
    1.77525914 1.69695628 1.93452358 1.38247871 1.13437927 1.02813458
    1.69890237 1.65531027 1.12886333 1.68764973 1.91952097 1.5054487
    1.83210731 0.853710651 1.18421948 1.43608224 1.59288406 2.07386708
    1.97699189 1.85032082 1.25269663 1.83085704 1.04096282 1.46145511
    0.829315424 0.753975868 0.750114739 1.05717504 1.00169301 1.39635646
    1.78741133 1.75092316 1.85549307 1.48146033 0.896003187 1.04545867
    1.12359715 1.31534445 1.47340775 1.47325778 1.19859815 1.02993608
    0.985913932 1.66213214 0.790929794 0.800728261 1.37303495 1.57796133
    1.75254476 1.29819441 1.47686017 1.72049129 1.51232874 1.86165643
    0.919366419 0.944910407 1.62477326 1.15035367 1.99389493 2.03383589
    1.57752728 2.16373849 2.19965649 1.9438833 2.1222775 2.00059509
    1.96934462 1.22657073 1.03536403 1.27211714 1.269871 1.45163119
    0.866279423 0.86657089 0.723502159 0.752333283 1.5057584 1.0216006
    1.50339067 1.13196778 1.57975745 1.26689219 1.41630507 1.5516212
    0.878982484 1.19918025 1.47858393 0.949728429 1.59671903 1.74292707
    1.23006046 1.17579198 1.80824316 1.14989269 1.53414476 1.83291328
    1.78177273 1.57571185 1.55085313 1.93894708 1.3160013 1.13440895
    1.25918293 1.97549701 2.08708143 1.93219531 1.57833028 1.91290331
    1.30088317 1.03828752 1.55301106 1.07708573 1.12588274 1.94187582
    1.87575805 1.17235696 1.61108792 1.66112173 1.84927964 1.80579662
    1.45031762 1.09364939 1.68875384 1.82450128 1.32393563 1.45775294
    1.21340513 1.02935708 0.964514911 1.02198839 1.43964326 0.834908366
    0.852039635 1.62104905 1.16722274 1.8677479 1.70949459 1.74868309
    1.20106804 1.46317267 1.07462752 1.01605654 0.989172101 1.08907855
    0.700572312 1.04955161 0.923615336 1.23809874 1.11645138 1.10177708
    1.30931377 1.79473746 1.00093365 0.847103477 1.05344737 1.21898448
    1.07367408 0.730553627 0.90797478 1.48871982 0.809509158 1.54742372
    0.767844617 1.50918221 1.38014638 1.51246011 1.14924884 1.16322303
    0.751886725 1.19558692 1.767048 1.74008596 1.78175652 1.52468872
    1.09139824 1.78451419 1.02757001 1.81176555 1.00386548 1.13001299
    1.14394534 1.02587414 1.04808176 1.77027583 2.02093863 1.84386623
    1.25427651 1.42711282 1.63772619 1.15971863 1.7401607 1.19603848
    1.18526661 0.976576328 0.931584239 1.82672918 1.85049653 1.83952188
    1.17915058 1.79962897 1.84208298 1.44597042 0.792745352 1.09730327
    1.01201081 0.931721985 1.80829227 0.860525012 1.35683942 0.935636878
    1.05664921 1.70567811 0.847091794 1.41406858 0.961706519 1.0025214
    0.837360501 1.39720941 0.943493426 1.0980562 1.05675733 1.83123136
    1.48656809 1.43917096 1.37584925 1.30805814 1.70111299 1.25701773
    1.59085679 1.58794773 1.29451871 1.35954392 1.81027269 1.81573224
    1.65956271 1.33987093 1.8589859 1.44482005 0.946716905 0.867272496
    1.70284522 1.18336594 1.58742142 1.65531576 1.42160642 0.922146499
    1.66326404 0.774330258 1.20666194 1.78327823 1.8104471 1.45747852
    1.15453219 1.84574938 0.957837343 1.30711138 1.42882109 1.74920213
    1.5326488 1.82085359 0.849975228 1.1890564 1.52681744 1.75164485
    1.94118237 1.78102398 1.02847743 1.2423408 1.27736163 1.13068044
    1.04126441 1.04466081 1.5230999 1.56895804 1.70401001 1.18620443
    1.57290435 1.46580446 1.96095991 1.84303629 1.17371368 1.31728959
    1.81378686 1.60238409 1.53961182 1.67067087 0.977940917 1.85997248
    1.67879939 1.63161242 1.18317103 1.27976716 1.23367548 0.976001322
    1.60996127 1.62495482 1.06464279 0.946419895 0.791219234 0.905887365
    0.877348483 0.789068401 1.49254382 1.46165645 1.71639109 0.778516531
    0.862876832 1.46922219 1.71602416 1.91626263 0.832246065 0.833259284
    1.25552738 1.45634651 0.97486639 1.38771701 1.88049769 2.12111497
    1.80337822 1.97830713 2.08369136 1.50468302 1.43029225 1.68149984
    1.23479199 1.72911537 1.60267198 1.93248355 1.30585766 1.00119698
    0.836886883 1.56655812 0.823547065 1.08790183 1.28382134 1.91675651
    1.25201249 1.88075399 1.4844588 1.17605484 1.36192083 1.16494524
    0.740493476 0.783719778 1.68457377 1.38315153 1.86602962 1.85356832
    1.04139853 1.21418607 1.62826288 1.66141701 1.96042919 1.13931119
    1.85010588 1.99388897 1.91774499 1.34505355 0.962734044 1.18267918
    1.88190222 1.51403332 2.06880713 1.79301488 1.30529475 2.007653
    1.99973989 1.81331396 1.22142124 1.70276535 1.51694036 1.56111515
    1.17027724 1.16865849 1.52720165 1.08016002 0.990462899 1.1229893
    1.57669318 1.42939222 1.42305803 0.856722534 1.09270382 0.695934832
    1.00825262 1.13490319 1.69100904 1.01521206 0.945501924 1.0438894
    1.22014093 1.82062137 1.54266453 1.25512028 1.32199228 1.00002825
    1.71325588 0.995579541 0.812119305 1.25872481 1.27412605 0.934007883
    1.55532706 1.55738616 1.61384833 1.05418122 1.60025191 1.44325745
    1.13553214 1.48452449 0.92101413 1.49256122 0.92890048 1.15699923
    0.909022093 1.26334608 0.960787773 0.928375423 1.69218469 1.2272191
    0.865674317 1.55671036 1.2297492 0.911052227 1.18757904 1.34547246
    1.5313648 1.43245387 1.24887466 1.51419389 1.46908987 0.97268945
    1.11435604 0.872516334 1.30377758 1.00365114 1.29462135 1.24538898
    1.88056755 1.96847057 1.22342539 1.96619439 1.79810238 1.28675532
    1.45352972 0.676714361 1.71174753 1.04041386 0.958498478 1.80322802
    0.91731751 1.24593961 1.64913452 1.58546221 1.99129653 1.93187988
    1.90822971 1.74993908 0.818353474 1.28275251 1.07602608 1.39478195
    1.13021564 1.72649539 1.1156143 1.38856304 0.776481628 1.13657141
    1.77206659 1.18971658 1.48447418 1.13837874 1.18037641 1.62914467
    0.828460813 1.53159654 1.50378847 1.52005494 1.60861325 1.6872853
    0.896496058 1.47636843 0.793913066 1.0911268 1.68133652 0.984779894
    1.85332191 1.81429017 1.33787072 1.70306683 1.07462192 1.17927539
    1.69502687 0.954577208 0.934032083 0.898408055 1.26386034 1.37434602
    1.97550631 1.65097928 1.28063822 0.97608155 0.851959467 0.657420695
    1.29642773 1.22440004 1.80164456 1.82574189 1.82975268 1.21017361
    1.90960801 1.59350801 0.892980337 1.20969439 1.23288882 1.14850235
    1.05179679 1.18705738 1.13939273 1.47914338 1.3013351 1.51841831
    0.905061603 1.5301404 1.26105499 1.7676357 1.78347051 0.879170835
    1.32284689 1.96704519 2.1107471 2.05914831 1.6824677 1.80671501
    1.29415119 1.77076197 1.61790812 1.17248023 1.94496059 1.94129586
    1.19892454 1.19403529 1.15813446 1.74399805 1.38489103 1.19534993
    1.85725605 0.879661143 1.65187573 1.08197486 1.78700817 1.00900781
    1.21196032 1.66557729 0.921779335 0.679142714 1.3262409 0.775510311
    0.927932858 1.01488912 0.771931887 0.898667097 1.25859463 1.19641995
    1.79416561 1.38244963 1.20440269 1.02724242 1.48655713 0.939634204
    1.04447973 1.67548585 1.2670598 1.31794739 1.2187196 1.91040063
    2.02450132 1.95364368 1.47599471 1.5399096 1.30812204 1.08612716
    1.72057974 2.00412345 1.87366307 1.67602253 1.11875594 1.7484107
    1.08271563 1.16238284 1.28422976 1.98119712 2.00485754 1.49886954
    1.01641691 1.28251553 1.47193086 1.35901392 0.78535974 0.780958831
    1.10576379 1.44107378 1.64862728 1.98313081 1.21454453 1.84536707
    1.43827641 1.16958916 1.43278909 1.72942662 1.95603335 1.2583065
    1.29315436 1.7754916 1.51794732 1.17360342 2.01011777 1.77543759
    1.68308055 1.24806547 1.68859851 1.98594308 1.26162422 1.70760584
    1.56491375 1.0676403 0.901549101 0.792675912 1.03367007 1.60310614
    1.85572386 1.43051839 1.72149611 1.4499135 0.841989398 0.953383148
    1.78835511 1.58143651 0.952767789 1.17913473 0.799833417 0.963289857
    1.15671039 1.00489461 1.62564182 0.821861923 0.792186499 1.50406742
    1.40158689 1.58723652 0.997162521 1.27078331 1.18691349 1.06841421
    1.60710883 1.43754518 0.809841216 1.2719028 1.79591358 1.81030345
    1.69487441 1.22810066 0.848930657 1.55566323 1.36673903 1.19405556
    1.70412362 1.64025092 0.855095446 1.52872622 1.17662287 1.83458579
    1.11728406 0.755679727 0.962116599 1.09669995 1.81170857 1.69701159
    1.25748444 1.10239363 1.50930429 1.7522043 1.33445358 1.71987104
    0.996906996 1.4217447 1.83928657 1.84823275 1.83138371 0.899243236
    1.75008965 1.87391436 2.01945662 2.03708339 1.89312303 1.07513094
    1.54557085 1.86459684 1.09470713 1.61771858 0.922974467 0.856274068
    0.85020858 1.43773293 1.44428933 1.00111091 1.85094607 1.03612173
    1.18047035 1.34654105 1.75662351 1.18805087 1.13968241 1.64484477
    0.771156967 0.954245448 1.47824752 0.933160841 1.73937225 1.61711097
    0.969805419 1.24331295 1.20545816 0.851682186 1.14644551 1.3691839
    1.25120223 1.49705446 0.804239988 1.10942483 1.6371901 1.22243214
    1.32850611 1.56954169 1.05518043 1.55498528 1.15375364 0.847036481
    1.08773422 1.10574603 1.68033421 1.5440805 1.1845274 1.86025095
    1.57791495 1.87067842 1.00103211 1.18929529 1.8204422 1.18266499
    0.812224448 1.30738854 1.71841478 1.92655683 1.74943817 1.78713536
    1.19680047 1.0023104 1.05058277 0.686845303 1.08581305 0.771418691
    1.67620242 1.7663852 1.68432224 1.20762551 1.79936993 1.09865725
    1.02865362 1.76677096 1.63210559 1.33605528 1.51523948 1.69490302
    1.24745882 1.14148629 0.843467295 1.19253266 0.829487264 1.11449409
    1.43999541 1.38829052 0.997189105 1.43428504 1.32097125 1.93253124
    1.84983242 2.01209688 1.36012864 1.96264768 1.12335455 1.04903698
    1.56852114 1.85245192 1.8810004 1.01649415 1.2738961 1.54763389
    1.27827847 1.2337594 1.17362845 1.52016485 1.47009647 1.36092484
    1.22649193 1.91801512 1.82104909 1.37175262 1.3646456 1.15380609
    0.802394092 0.692053556 0.704448402 1.59799731 0.78872025
    0.922178209 1.3845768 1.21792018 1.22091794 1.88344252 1.69524574
    1.2694093 1.20300281 1.58273745 1.12350428 0.811712682 1.54608238
    0.962687075 1.08232522 1.12138164 1.37352026 1.90402663 1.37457895
    1.56767976 1.90441 1.6342237 1.76002347 2.0079031 1.79881632
    1.87320209 1.76705146 1.80882776 0.947193921 1.73404121 1.08709168
    1.39676189 1.28500044 2.08286166 1.81208122 1.87519455 1.30604911
    1.66596949 0.753849685 0.811324358 0.758782268 0.728163123
    1.09125769 1.79334855 1.18714523 1.44183493 1.89596093 1.88398504
    1.5772922 0.925102651 1.23967969 0.931077719 1.34841657 1.77559364
    0.937552691 1.70352399 1.40332377 1.19876266 1.49706995 1.38116324
    1.77026999 1.968153 1.7329365 1.89385223 1.74032915 0.97495687
    1.04354393 0.724899471 0.829655111 1.44012094 1.13874042 1.60146904
    1.08096945 1.68033826 0.954062879 0.946016669 0.949392796
    0.908655941 1.27396989 1.37454379 1.05805111 1.22276413 1.71096015
    1.61335015 1.10101438 1.76899683 1.2870127 0.668366492 1.12674737
    1.21205199 1.33607376 1.07227206 1.6134572 1.3978771 1.68283951
    1.0103085 0.907859504 0.879482627 1.84355485 1.55937517 1.11134088
    0.973677158 1.37676334 0.839462042 1.59519434 1.15064955 1.11787283
    0.927852333 1.82881653 1.26208746 1.72606647 1.01835954 1.82103634
    1.85866261 1.56315792 1.01996958 0.772446334 1.6099683 1.77324569
    1.2106961 1.67873132 1.28605628 1.65322673 1.85200846 1.13182878
    1.34105134 1.89859164 1.78333926 1.60728502 1.42129731 1.43913698
    1.55104113 1.71126044 1.19301486 1.85806906 1.63357794 2.06395888
    1.8562032 1.03826368 1.14752269 1.65773308 1.03621137 1.50414157
    1.54147184 0.901021004 1.00483465 1.0472213 1.79469085 1.65346289
    1.41112375 1.30870199 0.857392609 1.84373605 1.80747867 1.4932971
    0.896167159 1.19332635 0.740990877 1.19091344 1.39204621 1.06619608
    1.84184289 1.54089808 1.15682685 1.2198329 1.56420922 1.94892216
    1.92798877 1.21779644 1.1925993 0.862561941 1.09820616 1.3775413
    1.47658253 1.34003115 1.05525959 1.15223634 1.7438798 1.77604795
    1.85882616 1.16004801 0.819458485 1.02140641 1.27212548 1.73775649
    0.98215133 1.29970062 1.29555786 1.83364439 1.87859285 1.79454446
    0.987971604 0.880415022 1.42308366 1.74110246 1.26395202 1.6616894
    1.50298202 1.68789768 1.79845786 1.3730551 0.639631271 0.751424909
    0.695976496 1.13846171 1.78711545 1.9047426 1.39475965 1.32441473
    1.44606674 1.65929687 1.31007862 1.40543509 1.73188484 0.86193043
    1.50113511 1.08316422 1.81959188 1.38973415 1.24876666 1.12740147
    1.5132097 1.7508527 1.89150846 1.07335162 0.923431456 1.33258832
    1.29289699 1.67623413 1.07914841 1.32769132 1.51711988 1.78643656
    1.83788097 1.00130093 0.926427364 0.829873383 1.14328277 1.7751987
    1.41251791 0.913666248 1.61867297 1.76016557 1.68721044 1.2659229
    1.24846888 1.0643754 1.38729131 1.66693938 1.56294894 1.40459371
    1.57695842 1.63134956 1.04110551 0.712571263 0.82431078 1.09613144
    1.40977383 1.6695509 1.51759613 1.84378731 1.39262855 1.56455684
    1.41181982 1.70387328 0.908969104 1.5088644 1.45432103 1.26928115
    0.946374118 1.11956608 1.05355382 0.814659297 0.959990084
    0.855710149 1.3971858 1.03276265 1.97230744 1.86306322 1.24037898
    1.59629095 1.13952303 1.35337842 1.95498574 1.71578956 0.969311833
    1.81512702 1.57252502 1.40909755 1.84990537 1.88842213 1.07478499
    0.895048618 1.03767455 0.996704102 1.06924653 1.26505828 1.31908834
    1.08337891 1.45645666 1.98124111 1.98139763 1.96204841 1.40687025
    1.30426919 1.82833791 0.933584929 1.83766448 1.54354322 0.941656113
    1.39355493 1.89981067 1.55675721 1.82044458 1.85097337 1.47695076
    1.83546412 1.02355182 1.47996402 1.38919008 1.29364216 1.16543448
    1.15832865 1.55869925 1.04188192 1.40416384 1.60023379 1.73113728
    1.25528085 1.41353655 0.825150788 1.15756309 1.52687919 1.89128923
    1.35410082 0.887211263 1.17918384 1.00129938 1.72335458 1.1160295
    1.20628417 1.82449937 0.800195754 1.07408071 0.707616329 1.19749582
    1.09617901 0.936879098 1.78191829 1.37502527 1.61307347 1.4969914
    1.43704629 1.49730134 1.71925151 0.940606713 1.35220027 0.839264452
    1.37018573 0.781435549 1.62376082 1.39757967 0.955514848 1.62593997
    1.62059557 2.02288842 1.55475199 1.33950293 1.35098696 1.22668588
    1.84256303 1.05589819 1.08343911 1.44977117 2.00465393 1.77936924
    1.63363731 1.1881119 1.85029471 1.72496295 1.34140992 1.70399094
    1.4887917 1.80647576 0.975689173 1.14449978 1.05913472 1.41708112
    1.42496955 1.66628397 1.8052721 1.88068533 1.72979867 1.73278987
    1.63104129 1.50950158 1.00992751 1.20998895 1.42260134 1.10707581
    1.1096884 1.69455087 1.04611588 1.38364518 1.40946138 1.64236784
    0.874409497 0.755188763 1.15562785 1.24914968 1.15850651 1.27712452
    0.966607511 1.68611479 0.984018087 1.16489387 1.87140119 1.87080395
    1.91196227 1.56922376 1.17598569 1.9040035 1.95681751 1.10505819
    1.80582297 1.43577123 1.39575994 0.838238716 1.14824522 0.789723754
    1.14487708 1.8424139 1.60981107 1.87380743 1.7627126 1.01491165
    1.44218993 1.15757382 1.40169048 1.04964912 1.03916335 0.949164331
    1.26955748 1.67126667 1.53028584 1.88920069 1.72019708 1.21299839
    1.19622302 0.895638168 1.79708469 1.97620404 1.28302801 1.00104558
    0.922668576 1.32327878 1.21997523 0.814381957 0.995390236
    0.805523157 1.15086567 1.19750667 1.8590709 1.686499 1.87036645
    1.97083151 1.61747777 0.920986235 1.43234611 0.838229418 1.07469416
    1.02168953 0.963968277 1.286255 1.70205355 1.69052184 1.61719155
    1.72852147 1.85665321 1.49177277 1.3788625 1.08666503 1.31275702
    0.781540453 0.979386032 1.88759983 1.54278207 1.36796534 1.52810538
    1.67893994 1.10781181 0.906984925 1.35237277 0.839089155 1.71540248
    1.72490907 1.71421432 1.5068363 0.964599669 0.84410584 0.974401414
    1.37649632 1.2041831 1.4285419 1.69030905 1.03296268 0.772493601
    1.0359652 1.25858915 0.930765152 0.723981917 0.921713233 1.83435023
    1.97536397 1.5531472 1.91934133 1.61177051 1.81238401 0.905849457
    1.23862445 0.831489921 0.874376178 1.0540086 1.12428534 1.42429721
    0.983640134 0.932988763 1.25564194 1.5801121 1.32418108 0.884895921
    1.24099767 1.40736413 1.9407382 1.03047872 1.48998535 1.28908336
    1.7324717 1.21437585 1.98113763 1.64250398 1.47256482 1.7530117
    1.82110238 1.73066187 1.92340446 1.3544476 1.1361115 1.18856955
    1.40677428 1.22627127 1.33054411 1.43429625 0.952934206 0.92520231
    1.52920473 1.50572646 1.4473238 1.55198956 1.28029454 0.859934807
    1.04132354 1.69466972 1.30295098 1.06937933 1.23777366 1.55993354
    1.37481403 1.54882431 1.45802093 1.30283272 1.59004903 0.952284336
    1.36064553 0.991815209 1.1617626 1.30367482 1.38855565 0.990841568
    1.08760476 1.29982996 1.7800138 0.924072921 1.05494356 0.968330085
    1.68242192 1.38376474 1.47013092 1.74967635 2.00750375 1.66713202
    1.34094083 1.25788724 1.42031181 1.23564625 1.32071018 1.07003403
    1.48498845 0.869044781 0.757526457 1.4583112 1.09979236 1.44735515
    1.039873 1.08511376 1.58374131 1.72300637 1.10619342 1.16512048
    1.41596746 1.29603779 1.86438036 1.11889744 1.63472438 1.09075916
    1.1158191 1.47659683 1.06235671 1.89551902 1.35259581 1.74314165
    1.9862926 1.98053753 1.14454186 1.13432348 1.21135652 1.34218287
    1.56539869 1.15626252 1.33466339 1.4802798 1.77926981 1.85016429
    1.71323836 1.15732968 1.98167765 2.08291388 1.90785313 1.81697834
    1.39750957 1.55965757 0.753832638 0.856801808 1.20737946 1.93176389
    1.40899301 1.55671883 1.65810287 1.34386408 1.23016071 1.72815418
    1.1218245 0.894934595 1.08653164 0.806006551 1.17863715 0.934477985
    1.10431445 1.60254872 0.972411752 1.15907836 1.03270495 0.806152105
    1.57635415 1.34585345 1.1970818 1.41362858 1.29605627 1.59739947
    1.50666082 1.1401366 1.91698599 1.74477434 1.76655126 1.86718786
    1.11527944 1.074754 1.63967478 1.47521722 1.86976218 2.01766562
    1.98290956 1.72971833 1.23381293 1.26604509 0.919072866 1.50479913
    1.42908037 1.2599684 1.49476516 1.64832103 1.23324549 1.8704617
    1.74880588 1.07577276 1.04849386 0.718080223 0.805462599 1.4185344
    1.46379852 1.42008162 1.81462252 1.09692419 0.965611577 1.00955951
    1.61848128 1.60584402 1.14898157 1.7107408 1.73946393 1.58716404
    1.38736594 1.38224638 1.52428305 0.663454771 0.697930872 1.1012938
    0.737395167 1.21089947 0.903123021 1.2805661 1.97241175 1.90873504
    1.66937983 0.832960606 0.731917858 1.27220201 1.11687994 0.739296556
    0.919395208 0.938700914 1.12643242 1.13969839 1.90417635 1.9392519
    0.954945922 1.14172411 1.54328561 0.672975004 1.05790639 1.69429529
    1.89843142 1.53518963 1.58446419 1.85881722 1.30891287 1.17704618
    0.807698607 1.12998319 1.60410428 1.26806426 0.930206895 1.12768149
    1.07988191 1.45500529 1.03004825 1.55950999 1.56485045 1.88869321
    1.56057608 1.38364351 1.2754122 0.757792056 1.00353944 1.22214115
    1.68671203 1.60586119 1.42099118 1.91071272 2.12727833 1.57081997
    1.67384756 1.35621738 1.06323504 1.79738021 1.26109564 1.6277566
    1.79113889 1.85707831 1.88479102 1.77578843 1.31520808 1.38468945
    1.58639216 0.878468812 0.712288201 1.43967652 1.06246912 0.909829438
    1.37819529 1.68101287 1.51149428 1.60308051 1.66239083 1.65041244
    1.33410752 1.7122972 1.00126934 1.42528856 1.11200047 1.68035889
    1.21692944 0.922537327 1.53876472 0.968379796 1.57633138 1.9337467
    1.76978993 1.39066386 0.968603373 1.0776459 1.24478233 1.03988516
    1.08447015 0.975024641 1.47788274 1.46393681 1.21895111 1.43663526
    1.40087557 1.69510949 0.941389859 1.66369355 0.911132753 1.90805936
    1.80958068 1.82149541 1.68673742 0.861371338 0.837310314 1.40537429
    1.44870234 1.61689067 1.43208528 1.73071432 1.13632786 1.73210418
    1.90290689 1.87346911 1.06952512 0.907966375 1.75602412 1.1512332
    1.50055361 1.29644823 1.84515262 1.40753019 1.0290333 1.67230344
    1.96934104 1.42789364 1.52051783 1.79331028 1.92368579 1.13756382
    1.42635036 0.98029089 1.67041528 1.78739929 1.27289319 1.45007169
    1.44260395 1.67835546 0.994150698 1.09019601 1.6394304 1.39889729
    1.50414324 0.938890398 1.53699625 0.984448195 1.74324358 1.54662097
    1.93146706 1.9693588 1.5919379 1.83593619 2.06969094 1.04838943
    0.963763118 1.8527981 1.72397399 0.904617608 1.6747576 1.06290042
    1.08073902 1.90208292 1.06555927 1.45431972 0.934546292 1.06429374
    1.73893297 1.57152843 1.39334095 1.9271419 1.0202297 1.34667957
    0.801906466 1.49919522 1.49715483 1.88696706 1.42618084 1.73255885
    1.01608646 1.7911433 1.51864398 1.2663914 1.60839438 1.34261024
    0.807309985 0.481929004 1.58653343 0.770435035 1.26539862
    0.736932039 1.12015164 1.03477097 0.762267232 1.06749833 1.23317409
    1.3031069 1.17077303 1.35595441 1.00660789 1.68561673 1.22569025
    1.25310969 1.73577034 1.06178629 1.03099406 1.56419468 1.28063619
    1.2655555 1.90719318 1.53801978 1.99609327 1.27889752 1.59608281
    1.08350694 1.0654304 1.09979331 1.05261493 0.882740021 1.16920543
    1.34274757 0.916428208 1.7347219 1.59379077 1.83630311 1.94148898
    1.27504313 1.05472219 1.2362299 0.859389901 1.26762962 0.968061507
    1.9268378 1.93148899 1.31771064 1.08329511 1.02125812 1.30522716
    1.44282889 0.903033435 1.68656087 1.87331975 1.09483254 1.29309046
    0.999714255 0.604198575 0.885497987 0.699694097 1.50964904
    1.10538781 0.84304142 1.50400937 1.79470265 1.09310889 1.55580878
    1.5827409 1.45021546 1.12162375 1.34692776 1.03752303 1.08700681
    1.12225211 1.71383238 1.58864129 1.04938889 1.98319793 1.66907465
    0.94928664 1.30686259 0.963058174 1.07075655 0.748097241 1.00463486
    1.64075732 1.59514725 1.20424664 1.2323637 1.16230237 1.53338897
    1.56742156 1.52417886 0.998495817 1.2715106 1.32394254 0.909943521
    1.82066548 1.61808074 0.946594 1.88946509 1.93680871 1.68796098
    1.47478414 1.32019484 1.05760205 1.33062243 0.96945852 1.54719651
    0.912113667 1.24910033 1.1365912 2.11833906 1.95549715 2.009027
    1.85029638 1.70205498 1.66775465 1.17310941 1.00758231 1.1166178
    1.04706836 1.31286407 1.48258281 1.89113665 1.49347091 1.55109918
    0.784216523 0.787398458 0.882200539 0.645873308 1.49049628
    0.821562111 1.77199662 1.41716087 1.50926578 1.83875751 1.1935842
    0.952372491 1.01782489 1.42836237 1.30752456 1.73628354 1.61396205
    1.71616805 1.15018129 1.58695471 1.59466898 1.5366509 1.58373153
    1.10236323 1.92183137 1.58413732 1.35283744 1.50981164 1.30920327
    0.879485309 1.73770285 1.6525346 1.64483047 1.55454767 1.60531938
    1.29363072 1.16268158 1.05823731 1.38593304 0.910143673 0.908325016
    1.4395473 1.08051264 1.64746201 1.46383965 1.40632486 0.903398216
    1.35005772 0.90885824 1.10240769 1.20820439 1.43872166 1.69073439
    1.86328018 1.34967029 2.02576232 1.63214076 1.48897135 1.0138396
    1.4758532 1.5612061 1.5845046 1.467103 1.62398577 1.92563558
    1.39500761 1.8642174 1.74912119 1.66240072 1.4306798 1.87704039
    1.98775113 1.94554007 1.85427129 1.33004963 1.87304485 1.22447252
    1.29356635 1.06346238 1.07716775 1.43231988 0.802570283 0.79722929
    0.792714417 1.02418697 1.75306141 1.92203343 1.69114304 1.54319155
    1.0504657 1.62559569 0.920835078 1.44316149 1.03056192 1.80659735
    1.97018588 1.5082742 1.40080523 0.828312278 1.22411096 1.25495458
    0.940008461 1.79681969 1.34152591 1.71978891 1.72818267 1.89462984
    0.945358336 1.8073349 1.99851596 1.77328336 1.91568017 1.31077826
    1.01948881 1.39430332 0.936800361 1.21202755 1.54572618 1.34717906
    1.46553683 1.78151834 1.10165632 0.974553108 1.575297 1.66108561
    0.987233341 0.886255383 0.958061278 1.55007231 1.43093419 1.47305286
    1.09215987 0.786439002 0.734500229 0.847787201 0.931046546
    1.76542401 1.62208831 1.29096067 1.73686504 1.2896086 1.59349072
    2.01246905 1.91507149 1.28809285 1.50759792 1.8755039 1.62492859
    1.45470512 1.22047889 1.160483 1.32514846 1.22139776 1.96464992
    1.76821423 1.26459575 0.803073645 1.08407426 1.27602398 1.78276896
    1.86045825 1.76500773 1.29121912 1.53548574 1.05490482 1.09441054
    1.72534752 1.80182886 1.07706141 1.53668725 0.94943583 0.941607296
    1.00619054 1.03951991 1.44369817 1.31279099 1.14559197 0.780407012
    1.81176138 1.03673851 0.871590018 1.82254755 1.96098304 1.77699327
    1.59547389 0.74935925 0.717809916 0.636907399 0.651973724 0.76610291
    0.711345553 1.50592232 1.26401579 1.51356626 1.34255362 1.56244266
    1.39381099 1.74383187 0.976612687 1.72456574 1.2727586 1.06048954
    1.23941576 1.34317565 1.10281467 1.59784257 1.71880674 1.78641903
    1.32232857 0.889670014 0.815599024 1.00890136 1.43518865 0.956216276
    1.28297794 1.12010217 0.88768357 1.4361918 0.878968 1.81268978
    1.74952424 1.84463835 1.53237879 1.568802 1.12673652 0.962282896
    1.7608552 1.63926971 1.30957925 1.03904986 1.75144005 1.83602285
    1.44466507 1.57093894 0.831543148 0.742534041 0.743929982 1.06640291
    1.03888631 1.41210091 1.74640882 1.98287439 2.15122271 1.38161159
    1.87480342 1.53201032 1.98044896 1.94877529 1.50835443 1.8057754
    1.5812161 0.984487116 0.821959555 0.833724141 1.18378305 1.52066851
    0.867907643 0.752105117 0.858711541 0.748242557 1.44026375
    1.62488592 1.30397844 1.55027401 1.85626698 1.22316849 1.53279722
    1.58596373 1.26318848 1.7047646 1.56672955 1.46268404 1.4706862
    1.07901216 1.14313304 1.47390771 1.27528834 1.34107792 1.8502785
    1.08673191 1.94666409 1.69373488 1.84773386 1.13580179 1.36055827
    1.42430937 1.99887133 1.94068158 1.24518299 1.02532101 1.48691726
    1.7503351 1.45083845 1.7462709 1.06105459 1.46767056 1.67790687
    1.80786324 1.25544298 1.01668417 1.61564267 1.09836352 1.08535504
    0.985687315 1.30915606 1.77884376 1.94089127 1.8075099 1.8664887
    1.39944959 1.49940395 1.39608157 1.98593032 2.03012466 1.83954763
    1.13140178 0.951832414 0.81080544 1.15515006 1.29412782 0.89767468
    1.69469547 1.47827303 1.58699727 1.45898461 1.54289317 1.69316506
    1.88942218 1.94599545 1.25586569 1.44196463 1.8886565 0.95563066
    1.17346895 1.32271242 1.5556854 1.07663488 1.14187706 1.07703352
    0.824222207 1.82994735 1.89248765 1.96198928 1.64332902 1.44480324
    1.79802656 0.843577266 1.00181103 1.64781404 1.08468115 1.19530582
    1.92976785 1.95796108 1.5202291 0.78815037 0.941117585 1.8059777
    1.7445699 1.85728884 1.36257076 1.88289702 1.75431252 1.01881135
    1.33757865 1.45299304 1.99055946 2.05227137 1.75920546 2.02884817
    1.19454944 1.74156785 1.79066861 1.89202571 1.1599648 1.74571776
    1.70078921 1.13343656 1.42670274 0.756285489 0.979856789 0.921445131
    1.47455907 1.67387533 1.58882058 1.66284144 1.43208992 1.29602063
    1.69707119 1.44261861 1.31223607 1.61064363 1.84318781 1.56515312
    1.75872302 1.27614605 1.66763878 1.34281933 1.79483247 1.59680581
    1.89322019 1.2232213 1.47847545 0.892664254 1.28695202 1.07731426
    1.18901825 1.44387937 1.33991635 1.92698467 1.14463234 0.98148787
    1.08982003 1.60530913 1.16600871 1.47663748 1.3406719 1.1130358
    1.76030898 0.937625289 1.39853144 0.866038442 1.50496745 1.68326819
    1.92784357 1.78096533 1.6259439 0.875038445 1.1715647 1.76340997
    1.49556315 1.15826559 0.780502737 0.75633502 0.979712188 1.77774692
    1.34793782 1.2092737 1.36184764 1.2634542 1.17639649 1.30845428
    1.73164046 0.991585135 0.936404824 0.803173721 0.706061125
    1.10773718 1.41519856 1.08437526 1.13250792 1.941854 2.00568295
    1.97473466 0.975745678 1.51547623 0.994570494 1.62784386 1.72498143
    1.32028782 1.66831374 1.04152584 1.5621146 1.68227291 1.07308674
    1.15082228 1.71625733 1.45760393 1.6999464 1.4970119 1.65994585
    0.823667884 1.00429714 1.1421541 1.64399111 1.12053025 1.12000704
    1.61676574 1.33525109 1.88200366 1.59551275 1.53500783 0.798421443
    1.08777714 1.48436511 1.46816063 1.71144605 1.42381346 1.06622922
    0.988203287 1.24965668 1.54916644 1.80035985 1.26961315 1.28831017
    1.14322162 0.904159188 1.41974056 1.12459242 1.87201083 1.57095277
    1.90077424 1.30360329 1.85820794 1.6674279 1.8198967 2.02761912
    1.82816374 1.20542634 0.963629246 1.55833948 1.80352128 1.6937052
    1.24108028 1.17489409 1.62823904 0.843870461 0.814317763 0.839065552
    1.03118277 0.934166431 1.44209945 1.47529781 1.31662011 0.890189588
    1.12343717 1.28450513 0.99790293 1.72592878 2.00061464 1.5999881
    1.85031259 1.41605163 1.22710824 1.41505539 1.5105108 1.83994341
    1.17322445 1.07468283 1.64521992 1.40339482 1.93184888 1.4811554
    1.6940465 1.64312065 1.66755962 1.43876255 1.96080852 1.04996741
    1.65956235 1.18862534 1.49642706 1.39814031 1.71594191 1.37499762
    1.65672731 1.66753292 1.79007709 1.39557028 1.22039974 1.74418747
    0.955216944 1.86629057 0.975106478 1.66299105 1.52288008 1.80122077
    1.16258037 2.01541805 1.56278646 2.06155491 1.3713696 1.66546023
    0.942918718 1.14858937 1.38971877 0.937758088 1.17641211 1.56756449
    1.85790384 1.59655058 1.96673238 1.85896003 1.14844668 1.46765649
    1.78033519 1.41290724 1.76310861 0.990210474 1.50661016 1.38684809
    0.948270023 1.31372142 1.3142215 1.82717776 1.68141246 1.15179825
    1.42865407 1.66357899 1.86549044 1.47707522 0.911512852 1.38255036
    1.23659611 0.691031933 0.701435924 0.882736862 1.38394797 1.45087254
    1.51390457 1.0636884 0.839255691 1.76923597 1.51571465 1.6136812
    1.66284084 1.8466363 1.3212986 1.7019248 1.99622858 1.10025823
    1.6615603 1.7819587 2.17072773 2.04347587 1.67772341 1.32614946
    1.19166541 1.82347274 2.02472591 1.64307809 1.81390095 1.21138465
    1.11641622 1.34528875 1.56066668 1.2025342 0.933130145 1.01228297
    1.52898598 1.57026243 0.799414754 1.39566696 1.47821355 0.886554778
    1.50866401 1.36276138 1.45966315 1.06877327 0.910800278 1.69426405
    0.944896758 1.49862719 2.06577945 2.12135935 1.67343891 1.71381402
    1.69850266 1.53428233 1.0128932 1.33069289 1.17761838 1.65480483
    1.5484705 1.54582059 1.87907624 1.87183762 0.973439276 1.27541685
    1.53414965 1.91755164 1.11189067 1.96628547 1.65661025 1.47315133
    1.00107908 0.86060226 1.00187528 1.03367615 1.16525781 1.11179566
    1.58001709 1.00492322 1.41321957 1.41489363 1.51580513 0.968620181
    1.65607405 1.50137603 1.31912673 1.74125266 1.4958874 1.38118517
    1.25157583 1.45388007 1.81580663 1.70563734 1.85961044 1.60149825
    1.47305906 0.758144796 0.816983163 1.61355996 1.10659003 1.00645995
    1.83586633 1.48880887 2.00892711 1.14712 1.30037868 1.6398344
    1.73855579 1.14572728 1.05496931 1.49065614 1.12164354 1.82468641
    0.870038152 1.20882344 1.09883606 1.39759135 1.07405627 0.867923498
    1.6200484 1.5699383 0.949127555 1.31711614 1.67646492 1.00925303
    1.17946625 1.19615471 1.45300019 1.25647271 0.953679919 1.53302217
    1.26886523 1.48124766 1.21498954 1.16508794 1.82741535 1.14530885
    1.13643944 1.75302303 0.954956174 1.73133492 1.68708599 1.57564497
    1.56884456 1.4152782 1.36056185 1.62801754 1.27090037 1.63189304
    1.40726209 1.59358978 1.48126042 1.61892092 1.81819141 1.73746645
    1.99169528 1.61269295 1.20927083 1.64282227 1.83913839 1.62603939
    0.834431946 0.965581954 0.879613221 1.0967536 1.37527037 1.44539595
    1.2418344 0.804534495 0.939151585 1.5107913 1.66904104 1.73169529
    1.37804306 1.34629297 1.37695873 0.831691206 1.59110498 1.31643009
    1.37322986 1.25183344 1.38120329 1.81822205 1.94136155 1.46478021
    1.79588568 1.7999016 1.30559659 1.52988291 1.39540279 1.77824545
    1.60011208 2.01647067 1.66993642 1.91673863 1.35502803 2.12892413
    1.7226541 1.97100747 1.74423158 1.55508852 1.43876171 1.0247792
    1.84571433 1.39096236 1.90579772 1.09387267 1.55922651 1.74437213
    1.59415698 1.03768396 1.06726635 0.80694747 1.6324532 0.81423372
    1.31484258 0.916273355 1.76166689 0.873992026 0.95900631 1.56703424
    1.94392073 2.09278989 2.02307892 1.76709175 1.86075079 1.98051155
    1.30975986 1.7677176 1.12486255 1.38449728 0.895119905 1.49055958
    1.14153898 1.25246763 1.01536047 1.292871 1.26879239 1.57929587
    1.21141839 1.80244803 1.67033947 0.877159834 1.28940308 0.901868165
    1.3433845 1.47549796 1.54573357 1.31312537 1.65364635 1.6898793
    1.55789924 0.912572265 0.760753989 1.40761685 1.00909638 1.67351246
    0.706225336 0.794498503 1.67503214 1.37021804 1.91073036 0.984427094
    1.42877448 1.79383981 1.55110264 1.11069787 1.70379722 1.28131998
    1.42484975 1.17310417 1.71250236 2.00037122 2.02002358 1.94839334
    1.51449001 1.94577253 1.44256067 1.63290405 1.90396667 1.86249137
    1.5858314 1.16434336 1.13353825 0.852406561 1.19300663 1.17099953
    1.15267527 0.955423892 1.06724739 0.985779107 1.73435533 1.1859262
    0.961978734 1.67050123 1.47943699 0.941128433 0.81718415 0.954187632
    1.05224812 1.77974713 0.863770664 1.34291732 1.68039596 1.68910801
    1.96821511 1.95995283 1.30164444 2.06862664 2.01681614 1.82095981
    1.7031312 0.963632405 1.64897382 1.04127789 1.78902221 0.915049255
    0.904977679 1.93356395 1.98174226 1.19390416 1.41384363 1.19685161
    1.66746414 1.48319101 1.89934039 1.42192364 0.907545984 1.10430014
    1.0233928 0.692212701 0.764355004 1.12639427 0.91561389 1.07548523
    1.19616234 1.78552401 0.841309965 1.05609584 1.45239031 1.16246653
    1.39440846 1.02078664 0.881551743 1.0990262 1.1796757 0.965801239
    1.51578534 1.31623375 1.78040552 0.9851107 1.74184537 1.77175927
    0.912232161 1.37887442 1.06148577 1.33858144 1.50051403 1.60718763
    1.2627207 1.80251193 1.72716808 1.57976878 1.86746848 0.94494319
    1.17713439 1.46408093 0.940051675 1.01188028 1.72889423 1.17121911
    0.90984714 1.53380847 1.11496937 1.29168534 1.8831265 1.27626812
    1.33344841 1.09583986 1.6985389 0.943333566 1.24385226 1.4022541
    1.37166703 1.54865491 1.14610779 1.19040668 1.87812805 1.40831554
    1.01000965 0.985738158 1.5376122 0.900061011 1.36893511 1.09432244
    0.907093823 0.924340844 1.5142113 1.8323071 1.16481066 1.30274141
    1.49768114 1.85244501 1.77778912 1.75187886 1.51090848 1.95268834
    1.20838487 0.970717669 1.96481526 2.00896883 1.32658935 1.17846239
    1.62441039 1.95432138 1.02539086 1.61614716 0.961683512 1.19740891
    1.83749318 1.11824393 1.80898631 1.42384017 1.08677506 1.11528027
    0.912101567 1.5059253 0.902069747 1.16219008 1.60383964 1.07460511
    0.859961569 1.2375685 1.17611158 1.30382621 1.68154263 1.20290685
    1.65750003 1.91742241 1.10682631 1.91110659 1.70861435 1.92478299
    1.12512052 0.892171681 1.0904063 1.73181987 1.40910363 2.01532054
    1.82333171 2.02048898 1.58101606 2.08424997 1.97358096 2.19391012
    1.49321365 2.07883358 1.42003763 1.78781331 2.06672621 1.67009664
    1.45728576 1.38651049 1.46045995 1.60462594 1.38916576 1.69294119
    1.35604906 1.15359914 1.14399922 1.2414 1.46600723 1.53845704
    1.03546655 1.32932186 1.82642138 1.27592778 1.67594206 1.17947817
    1.06176662 1.76785755 1.88534272 2.01470947 1.40367806 1.92794561
    1.24976969 0.924210131 1.25253129 1.02878058 1.13266397 1.64685166
    0.944737136 0.894035697 1.81757307 1.50834608 1.5183109 0.944112778
    0.990319848 1.04769135 1.25541079 1.42451656 0.962532163 1.46322703
    1.98983932 1.3376559 1.4299432 1.27827883 1.23426878 0.864646614
    1.04863131 0.98626858 1.02869773 1.46956909 1.26283407 1.06560576
    0.854356825 1.40014029 1.29976487 1.51528037 1.59369564 1.57702017
    1.78061497 0.911829293 1.56111562 0.944035947 1.87866247 1.44082999
    2.04057097 1.91638982 1.54515612 1.55579722 1.80865526 1.61215866
    0.968741536 1.37482989 0.88067174 1.46089172 1.46049249 0.822136521
    1.48732221 1.41612124 1.65214515 1.43389082 1.46751809 1.39680862
    1.38601351 1.62861061 1.36962092 0.870461583 1.00807023 0.910645127
    1.25525856 1.02679873 0.88534832 1.57902908 1.55314147 1.73856413
    1.70323193 0.928435624 1.75405931 1.42555726 1.52281106 1.54376841
    1.21575153 1.86350954 1.94038618 1.80653894 1.43296492 1.01955259
    1.77507067 1.06829512 0.874286592 1.59850848 0.935133398 1.70465219
    1.60905242 1.75678134 1.93513131 2.02615261 2.08810687 1.96540463
    1.96030545 1.93336821 1.8718313 1.3038013 0.87229532 1.66214454
    0.733905733 0.848343551 1.15971994 1.74818194 1.10002565 1.48862171
    1.15261638 0.926898062 1.51693571 1.29591334 1.76334894 1.00032616
    1.71598363 1.58417988 1.00568831 0.896495342 0.868050873 1.20998406
    1.77608132 1.76229382 1.10857308 0.880468786 1.19688702 1.42774475
    1.2182101 1.82136309 0.885659397 1.08116221 1.43195748 1.96585548
    1.84835649 1.34134316 1.8029635 1.15670633 1.87703812 1.65230262
    1.23667598 0.903457999 1.42806029 1.7383939 1.11674309 1.69570279
    1.77903271 1.55264163 1.08808172 1.06603563 1.3445344 1.41453397
    1.81353533 1.4307667 1.00401163 1.89140201 1.9551847 1.82368124
    1.10363615 1.83765018 1.1084609 1.4972502 0.943836808 1.83363569
    1.80306447 1.08965552 1.842291 1.49849379 0.940293968 1.20758593
    1.10395896 1.45780587 1.02910662 1.33703053 0.922949851 1.82488799
    1.56003869 1.87141514 1.77274537 1.70499849 1.94225383 1.24215662
    0.923577726 1.06217706 1.87119997 1.83048248 1.28490865 1.56209898
    1.10028791 1.26893878 1.13833952 1.62789381 1.86416292 1.78842509
    1.77343917 0.914503276 1.39804816 1.40701747 0.941665769 0.933754086
    1.73506045 1.98297858 1.57730472 1.32975829 0.879790723 1.26773477
    1.02238381 0.931553483 1.17268765 1.78569782 1.11197031 1.7618959
    1.94076383 1.45744121 2.0105238 1.83194256 1.71333885 1.03817463
    1.15818477 1.75985599 1.48418415 1.48047495 1.33110154 1.50829649
    1.23920465 1.7230593 1.59132767 1.96384037 1.75099421 2.04766321
    1.73005402 1.39908969 1.83552396 1.91771424 1.32620585 1.58083582
    1.02009046 1.14450598 1.61964774 1.55994391 0.908395469 1.01948428
    1.0831008 0.907052577 1.2846384 1.39766121 0.990610421 1.70634139
    1.04037952 1.56563306 1.30888844 1.36474681 1.25801206 0.903212905
    1.6828227 1.53313577 1.71483457 1.89744437 1.43465614 1.46109676
    1.30048609 0.937430084 1.54298019 1.68851697 1.56208003 1.66217124
    1.45491982 0.914085507 1.67031026 1.18964565 0.819369912 1.22922575
    0.974895597 0.94623965 0.962917507 1.59143019 1.7343576 1.93390203
    1.51845491 1.21870577 1.38520157 1.286237 1.29794276 1.09742796
    1.37537694 0.812743485 1.03274119 1.05917597 1.47912145 1.09429455
    1.83162916 1.48280597 1.28424776 1.70738184 1.05039728 1.27818763
    1.05265868 1.01384628 1.64583731 1.99099386 1.99617302 1.79187524
    1.33056772 1.53164816 1.21752632 1.01717329 1.33549798 0.933373332
    0.912953377 1.5873822 0.791851521 1.09921312 1.52790952 1.40207112
    1.70924056 1.02903569 1.32162488 1.8114841 1.79566324 1.09731233
    1.69463325 0.78241998 1.31684828 1.40651143 1.75395119 1.42043436
    1.20630026 1.05525458 0.908851683 0.830055654 0.81068486 1.0907501
    1.73073864 1.13883257 1.14753735 1.65502501 0.955063105 1.56233144
    1.20027018 1.72970426 1.6587472 1.42485237 1.33123553 1.16606009
    0.998525798 0.876930475 1.26316917 1.50163245 1.93039036 2.03292108
    1.90741062 2.01254082 1.45489824 1.35358918 1.1175518 1.22895336
    1.77552974 1.70484865 1.88703299 1.74549222 1.25407159 1.05676723
    1.32487762 1.83241844 1.62121987 1.29326975 1.30116689 1.77662277
    1.1241014 1.7453171 1.91008365 1.07089603 1.09590602 0.874449015
    1.1581459 0.857251465 1.07552838 0.925825 1.30892801 1.4284327
    1.66756034 0.9886235 1.46345007 1.84234488 1.32170033 1.53552818
    1.20499933 1.16469049 1.00617146 1.73814619 1.836043 1.95810914
    1.56447721 1.82342196 1.741431 2.00205588 1.9852879 1.40728164
    1.94314027 1.38350618 1.41777468 1.79555464 1.71224129 1.77719319
    1.30896425 1.77795756 1.38690317 1.17759931 1.86869276 1.38580954
    1.60920942 1.72729135 1.14356387 1.83121622 1.1503731 1.3544575
    1.85912013 1.47587645 2.02307916 1.79391241 1.32528043 0.905833662
    1.5730449 1.14389002 1.1472913 1.61664581 1.6606276 1.76444161
    1.1649394 1.75952327 1.3430258 1.23761511 1.7617768 1.25323617
    1.30687344 1.96546793 1.11628497 1.21920633 1.03877056 1.85135317
    1.58459711 1.21097922 1.89386809 1.26026952 0.997416258 1.16173184
    1.01621175 1.85189545 1.13412225 1.54110944 1.19525814 0.820662498
    1.52405691 1.50615859 1.82944047 1.92265451 1.96695244 1.43520081
    1.63461411 1.43992245 1.61704564 1.08315706 1.57034051 1.26447201
    1.80661786 1.65890038 1.05493462 2.00079107 1.44159114 1.97026169
    1.49104095 1.62022758 0.957475007 1.54705203 1.73772717 1.80975461
    1.24004185 1.54809082 1.5089525 1.44226277 1.40622652 1.49866068
    1.95442259 2.02299619 1.80545783 1.71134865 1.40480852 1.41494918
    1.9235357 1.81280136 1.55691898 1.85222208 1.08611155 1.73034143
    0.952162206 1.62645829 1.62768698 1.23247421 1.20657897 1.09545994
    1.18135345 0.96124208 1.4818151 1.05722702 1.42806411 0.94553715
    0.954023719 1.24687469 0.886905849 0.829263747 1.62777674
    0.912388265 1.06426573 1.14237022 1.34400094 1.9104327 1.63112128
    2.0304091 2.06875849 1.86089349 1.95513868 2.00754261 1.04896104
    1.53830433 1.55125833 1.7187469 1.38228393 1.2540164 1.21068227
    1.42701554 1.31145453 1.45961857 1.06872118 1.41650116 0.944821119
    1.12736499 1.10078263 1.36172926 1.79905617 1.29332066 1.29338062
    1.71057367 1.11008465 0.965893149 1.53950286 1.39967406 1.1790812
    1.79074275 1.03466368 1.43489122 0.792593837 0.869978964 1.75800633
    1.52356052 1.73609257 1.87597561 1.65893316 1.12378645 1.9262445
    1.60834897 0.903687835 0.793662548 0.703936219 1.50082719 1.04555726
    1.39187706 1.21047795 0.955773294 1.23650157 1.46799457 1.32967544
    1.38870919 1.56578827 1.54670691 1.21879935 1.39808786 0.765262544
    1.07785475 0.844318271 1.78314054 1.38043559 1.49787068 1.30866206
    1.18314922 1.22317755 1.07398915 1.07794201 1.07181537 1.29105246
    1.39177096 1.41752863 1.56911838 1.12911153 0.769225895 1.6734674
    0.914362073 1.9396497 1.27634847 1.91564023 1.73606968 1.40983236
    1.58596969 1.93388605 1.88092828 1.27000868 1.8156991 1.67225718
    1.58038247 1.55631626 0.816471994 0.719076216 0.778689206
    0.820365965 1.80350673 1.66903472 1.38586485 1.35913694 1.31291533
    1.70775366 1.08427465 1.17295516 1.56279099 0.861321747 1.3011235
    1.67342055 1.127666 1.2652359 1.58608079 1.41881061 0.741476595
    1.30789077 1.25105751 0.719348371 0.699199438 1.16831756 1.22355711
    1.9628576 1.64991283 1.46765661 1.81162238 1.48529303 1.27724159
    1.45904422 1.12556779 1.74601197 1.84381545 1.58422589 0.991029799
    1.30652499 1.17289615 1.84651649 2.09813142 1.90355587 1.89736164
    1.29765177 1.77909946 1.04874432 1.82344627 1.94641781 1.7231586
    1.76488411 0.842467964 0.802152276 1.55465901 1.40790653 1.12138045
    1.85675216 1.85464227 1.25719488 1.86983347 1.4498893 1.30559814
    1.00616348 1.09789932 1.97112191 1.81328332 1.68359184 1.45196831
    1.3284148 1.56951809 0.928034425 1.17565656 1.02231228 1.58608758
    1.34373319 1.19651175 1.46998417 1.76110089 1.81184912 1.5631454
    2.02418852 0.994221926 1.80870712 1.70871842 1.071437 1.46285081
    1.21658635 1.88565004 1.8537339 1.76186264 1.81817758 1.26256609
    1.81057358 1.09395266 1.35845089 0.931253314 0.802144408 1.24755454
    1.19255078 1.70939136 2.00912929 1.51867783 1.24736631 1.58382165
    1.81626737 1.20823586 1.08281541 1.51340806 1.48600256 1.17862213
    1.43955564 1.98280346 1.09905684 2.01723433 2.00129056 1.05391777
    0.867923439 1.34783268 1.07501984 1.00717342 1.84627247 1.02045608
    1.23797178 0.906693101 1.75088274 1.1458863 1.90861166 1.14591527
    1.59233403 1.09677434 1.95309258 1.07443893 1.14953029 1.24247658
    0.922391534 1.82747161 1.22818995 1.4837184 1.43866765 1.62111568
    1.27073979 1.5300597 1.43949223 1.38141763 1.524032 1.15512252
    1.03523493 1.08708084 1.37322485 1.13016343 1.0084182 1.1022712
    0.86446017 1.33323479 1.41311443 0.949835896 0.823907375 1.45449805
    1.4088887 1.9206121 1.38369858 1.98171353 2.0827601 1.85492361
    2.08050799 1.351004 1.39742494 1.64137328 1.90871894 1.60936236
    1.28800499 0.841940641 1.00502646 1.53350699 1.4332782 0.991357267
    1.55283177 1.08372986 1.11181307 1.61299956 1.83700681 1.1054827
    1.42184651 0.953493774 1.30731642 1.3742249 1.36816478 1.61778629
    1.88129199 1.20591033 1.05428779 1.44330823 1.73945725 1.70313048
    1.48918915 1.57926488 1.72533965 0.983112335 0.97505039 1.42061079
    1.27847946 1.74479115 1.67652678 1.36230493 1.23419225 1.43256128
    1.45208836 1.33178341 0.907028854 0.868081808 1.04165804 1.14736044
    0.954571247 1.28510261 1.74109781 1.14191747 0.848107755 1.71923125
    1.88545835 1.44121087 0.881729364 1.0104171 1.71231234 1.3635571
    0.914038599 1.69530046 1.01731563 1.93295324 1.17556393 1.29815841
    0.79389751 1.23945642 1.51687729 1.67860997 2.00424314 1.67452693
    1.22965443 1.31680655 0.801487029 1.31331158 0.928104937 0.913458407
    1.24876499 1.54285026 1.84578872 1.0384928 1.79623747 1.71444058
    1.51834738 1.18067181 1.72021639 2.05496669 1.70195198 1.66558242
    1.5714258 1.03672576 0.925256908 0.797590911 1.27144158 1.51008654
    1.06711352 1.51895535 1.03442347 1.17028606 1.25463271 1.53502166
    1.4135778 1.26313007 0.802590549 1.5158354 1.25757682 1.79070067
    1.23775399 1.72487557 1.01738679 0.828644633 1.39310455 0.829712927
    1.24565709 1.60531259 0.843541384 1.5683198 1.68202865 1.85500395
    1.59827948 1.83871174 1.32320535 1.06603062 1.5006671 1.60820055
    1.69673324 1.70516896 0.89204067 0.812723875 1.33013964 0.960398495
    1.32563519 1.82098389 2.10643911 1.6697619 2.01210213 1.72716141
    1.27864242 1.29386675 1.86484528 1.19825435 1.6843971 1.09211159
    0.953210652 0.815444589 0.891480327 0.801726162 1.08437729
    0.999418139 1.47288752 1.53068233 1.65816045 1.32288706 1.20489728
    1.77410603 1.86872113 1.941782 1.25628006 1.52596307 1.7605058
    1.2758801 1.9148742 1.78873086 1.28112423 0.689833283 0.670451164
    0.856725872 1.29943919 1.83380783 1.78175533 1.55827928 1.91915536
    1.8240062 1.43955719 1.81866431 0.877690673 1.00111532 0.86583358
    1.42869473 1.25498736 1.19941115 0.893824637 1.01878715 1.78083837
    1.5112046 1.36020923 1.62322855 1.25975633 1.47814476 1.48911858
    1.65785778 1.2838968 1.93199325 1.52574825 0.936708272 0.915571809
    0.816186607 1.27501535 1.29005361 1.45132685 1.78881562 1.45246089
    1.51144838 1.38392663 1.95688939 1.88527501 1.29701769 1.4432168
    1.02718771 1.40334165 1.40024948 0.959344029 1.17307091 0.86070466
    0.933835566 0.902237833 1.74608481 1.56314242 1.01496768 1.53894377
    1.23975563 1.4138819 1.24067163 1.66364861 1.31941974 0.96758014
    1.4511342 1.20172429 1.57824695 1.23839998 1.13457394 1.46623421
    1.85756433 1.59582198 0.813148022 0.768029273 1.60925031 1.49059987
    1.24609971 1.77559447 1.65584195 1.18716264 1.44100785 1.63250673
    1.82646489 1.4747262 0.840057254 1.00106382 1.19753432 1.88803804
    1.71428227 1.69923401 1.32492578 1.93631268 1.16252601 1.87732077
    2.09852028 1.29231012 1.97052848 1.5280205 1.28671384 0.815428019
    0.986256421 1.09487772 1.60225916 1.01367986 1.24288893 1.57065487
    1.84941435 1.03265977 1.76744235 1.96157014 1.71457374 1.7457006
    1.23744059 1.54034746 1.80325699 1.55365133 1.52004421 1.65145946
    1.42135704 0.938036859 0.896719396 1.83676529 1.24055624 1.86973333
    1.23892081 1.06494606 0.71661973 0.715018809 1.30064452 1.14377069
    2.00068045 1.61727953 1.28541243 1.3164041 1.73761475 1.60778129
    1.62791789 1.26652336 1.4342339 1.90792882 1.59629166 1.73960733
    1.10346377 0.997660458 0.946935892 0.769706726 1.67727113 1.08319187
    1.38848925 0.921278059 1.68059349 1.46560848 1.2885977 1.659621
    1.02177262 1.63817227 1.66855073 1.73195398 1.0902009 1.05952156
    1.60047591 1.57638621 1.76314878 2.04460311 1.73437786 0.928399801
    1.17730105 0.723116875 0.779445648 1.23199344 1.9252454 1.62644279
    1.70950019 1.11201262 1.48759055 1.1069535 1.30100846 0.935005605
    1.55940425 1.43250477 1.36768651 1.63604426 1.27116013 1.92440963
    1.56030226 0.942435026 0.697941482 1.06450868 0.899246156 1.33809423
    1.79374576 1.22276413 1.36382926 1.83268297 1.34983706 1.37363052
    1.00711548 1.41949987 0.907771409 1.04235458 1.49999881 1.28362668
    2.0217557 1.89476144 1.63777244 0.712914288 0.700249076 1.07865739
    0.930187166 1.42095375 1.28584063 1.17058659 1.05748999 1.47306395
    1.03666699 1.83008528 1.55995679 1.97624469 1.82134998 1.99567354
    1.83234537 0.925887525 1.45158911 1.12302423 1.02808094 1.28239274
    1.42561388 1.49447095 1.36789036 1.66635156 1.86447489 1.51205695
    0.9819839 1.83559918 1.34733021 1.48435807 1.27408183 0.713516235
    0.755469441 1.0627265 1.49174285 1.02539229 1.48799014 0.801952422
    1.00464034 0.963666916 1.28395951 1.70122433 1.48371458 1.56483674
    1.69129145 1.09522676 1.31902301 1.91417909 1.60772979 1.79538238
    1.18684089 0.879624307 0.683058202 1.08624995 0.843026161 0.9055686
    1.81564093 1.42722392 1.16395247 1.09707212 0.831943393 1.00106096
    1.25561583 1.03656721 1.30971503 1.12614322 1.94273591 1.73742557
    1.37465072 0.937346339 1.17113256 1.49383402 1.01360261 1.19363868
    1.2087028 1.74204373 1.72055733 1.82705402 1.777035 2.05826139
    1.79055512 1.36114526 1.4496094 1.06959498 1.37060332 1.05471146
    1.00610387 1.77322209 1.15303242 1.71913397 1.23926842 1.70772028
    1.53449571 1.3666265 1.3950603 1.04412222 1.29968691 0.931843162
    0.966214836 1.37928593 1.95823073 1.75377071 1.31821728 1.27012813
    1.53592169 0.847134352 0.992259502 1.31934798 0.911255479 1.69570088
    1.06777263 1.77313936 1.50917828 1.69137311 1.61651027 1.10823393
    1.49134791 1.78849387 1.11734593 1.65008938 1.82202935 1.73795903
    0.786912203 1.07827401 0.825226963 1.1900028 1.62013233 1.65034878
    1.8017211 0.949080408 1.23111784 1.74138808 1.12597954 1.36202037
    1.15784621 1.81291163 1.32078266 1.53235459 1.22742081 1.49704421
    1.57508373 1.20110738 0.99233216 1.16335034 1.98399627 1.84233105
    1.4509424 1.07486498 1.65409386 0.923015058 1.29379237 0.887315273
    1.31483424 0.931612968 1.6295377 1.88767982 1.56356192 1.72294641
    1.95749283 1.12885678 1.65025759 0.981382966 0.890224874 1.27977896
    1.23268664 1.15557873 0.963075459 1.10516369 1.76384902 0.815691829
    0.8958444 0.856754184 1.85125434 1.3855319 1.80090129 1.13002574
    0.764952123 1.6506809 1.13646865 1.76958704 2.05416775 1.65455377
    2.06131768 1.91407347 1.33445883 1.06903279 1.34067178 1.52910244
    1.38187385 1.91308677 2.00092864 1.92416644 1.86999333 1.7690655
    1.24832141 0.810707271 1.29703319 1.49048018 1.31839418 1.23206735
    1.78830779 1.5034306 0.734282374 1.70284617 1.5851891 1.91853571
    1.14407957 0.940565526 1.7062732 1.05493081 1.77014041 1.57669926
    1.46632743 1.55326152 1.74743187 0.997339904 0.801033616 1.24614894
    1.07612085 1.85265815 2.12503862 2.11024857 1.50888848 1.80782259
    1.29940045 0.916916192 1.66234243 1.62838197 1.30907559 1.63040686
    1.7623477 2.04770303 1.91800165 1.42125952 1.15588987 0.838620603
    0.905414104 1.6339184 1.46694887 1.59930384 1.51928151 2.01240349
    1.7045629 1.96561599 1.14659655 1.72711122 1.60070884 1.05591452
    1.39085996 1.59647 1.71053219 1.44971609 2.00550985 1.61564231
    1.72220373 1.14681387 0.789690733 0.718997121 1.26142013 0.871275365
    1.5073024 1.05076432 1.31696784 0.883225322 1.11348772 1.66512823
    1.41122246 1.79150474 1.46700072 0.968313456 1.12947571 1.68839145
    1.70908618 1.44273996 1.90189886 1.59136307 1.39876688 1.82462251
    1.7432394 1.84438574 1.00773132 1.80090499 1.33087945 0.93348527
    1.56220019 1.25545549 1.14402449 1.15915406 0.756216884 0.833463728
    1.77268839 1.02841818 1.34294188 1.18412066 1.05098379 1.29434752
    1.5364356 1.01411772 0.981201887 1.08013248 1.23214304 1.32980239
    1.15033352 1.67746127 1.66006446 0.938438237 0.977360427 1.48191941
    0.764439404 0.720967114 1.20363545 1.41852665 1.60109866 1.10147035
    1.05516744 1.01735377 1.19716859 0.782059193 0.859130144 1.34124815
    0.898447394 1.79845905 2.01118612 1.40767455 0.943342388 1.33514595
    1.48814428 1.09944296 1.62566435 1.35313165 1.07966363 1.7789706
    1.38171148 1.26441014 1.27713358 1.54343283 1.75719607 1.71978581
    1.69780874 0.940778255 1.1677444 1.37981224 1.67554367 1.49492526
    1.66461253 1.50986528 1.02762961 1.3973875 0.961308539 1.88091731
    1.57875168 1.64162862 0.887757242 0.946328759 1.8353169 1.79566193
    1.66358078 1.75745893 1.82799673 1.76421809 1.54576778 0.895628154
    1.60327613 1.66353917 0.955483377 0.987240434 1.10906029 1.33689559
    1.11909986 1.67801845 1.21812403 1.20897555 1.9477824 1.14595973
    1.72940636 1.90617299 1.72196329 1.90801907 0.88071686 1.31671154
    1.37240648 0.937447309 1.44844913 1.99889266 1.60448968 1.92954957
    0.990076959 1.17255068 1.40998018 1.80151939 1.0386734 1.79976833
    1.04966772 1.21001661 1.70901549 0.88211745 1.0719887 1.51232481
    1.27532685 1.906569 1.89527786 1.1079607 1.83676076 0.765330017
    0.860120714 1.43841326 1.78277743 1.77872491 1.58275425 1.74472225
    1.80155134 1.24780166 0.979160786 1.52554095 1.24643016 1.57999849
    1.36729598 1.08059597 1.19691992 1.41626036 1.64359534 0.885160208
    1.19605386 1.73897231 1.52490139 1.13780773 1.04272974 1.18368292
    1.29320943 0.885057151 0.932875276 0.786340356 0.930886745
    1.30614078 1.36279106 1.25487661 1.87378216 1.89221954 1.3993659
    2.05701923 1.77805197 1.9435792 1.73236644 1.16368997 1.79355156
    0.978885353 1.30402899 1.83962119 1.59732425 1.53258002 0.905862331
    1.06712186 0.78764379 1.27470636 1.29660773 1.43614054 1.01490116
    0.86039412 1.07334208 1.32706857 1.65435314 1.76474333 1.10444915
    1.40615022 1.49556446 1.21797824 1.64061737 2.06052494 1.66905892
    1.91586041 1.69732749 1.33290648 1.59021997 1.25052559 1.77577817
    2.04671001 1.86946011 2.12735915 1.93263471 1.18123794 1.7502687
    1.36531734 1.07386863 0.875099599 1.27445459 0.953641832 1.76680326
    1.13118613 1.70339155 0.9174878 1.52224004 1.64959359 1.35059476
    1.49952483 1.41342282 1.33719432 2.00391841 1.80729449 2.14956117
    2.14319062 1.71247602 1.43582809 0.973739088 0.819387674 1.43787503
    1.99657273 1.96073437 1.49790967 1.0407933 1.56884444 0.895401776
    0.855448663 1.643996 1.12248731 1.60494912 0.869374692 1.72112858
    1.71149898 1.00380397 1.11709225 1.23562372 1.05428123 1.13045573
    1.07180047 1.48646736 1.38648021 1.33324695 1.67059219 1.02048135
    1.69568408 1.21142256 1.74426162 0.972070754 1.72159648 1.21611154
    1.48066425 1.74320126 1.33046639 1.87460852 0.908048511 1.04589272
    0.998407066 1.83051836 1.4905355 0.929117262 0.805915534 1.7677772
    1.6414125 1.47224498 1.13269365 1.81427121 1.32544863 1.38764584
    1.6874392 1.24645066 1.0405674 1.6993072 1.31260145 1.66577852
    1.63075364 1.50173151 1.1712513 1.37225807 1.80576265 1.79614282
    1.48912156 1.06171644 1.41619873 1.01616859 1.9278475 1.65579963
    1.77520943 1.30555511 1.0759573 1.5015856 1.36451352 0.97859478
    1.90641749 1.95722687 1.80981815 1.03597248 0.87173754 1.39728832
    1.04435229 1.93184602 1.34375012 1.02997577 1.72830892 1.12999701
    1.6130954 1.40661967 1.68498218 1.92982328 1.64375377 1.45872009
    1.02209306 1.71581912 1.06896508 1.32839155 1.83805871 1.0054667
    1.48297489 1.23496342 1.6744647 1.53462839 1.58053231 1.84094095
    1.41622221 1.52555442 1.56249547 1.39407718 2.01158452 1.7354387
    1.78652024 1.4474076 1.16980207 1.2993716 1.69464207 0.864575922
    1.60652292 1.2975831 1.79469025 1.0145005 0.81262362 1.25390959
    1.31447208 1.17907274 1.93789327 1.82962847 1.53838313 1.59048939
    1.71463418 1.17071164 1.12434828 1.22093117 1.18939626 0.820251942
    1.38588285 1.48932779 1.39736986 1.67646956 1.26441109 1.12204373
    1.62213755 1.73248446 1.12767351 0.896293223 1.64240181 1.74035025
    1.15180624 0.993900001 1.75172985 0.958085835 1.04895365 1.58373439
    1.67563856 1.07130468 1.06295526 1.30948889 0.84859401 1.02071226
    0.847163498 0.952549577 1.14463735 1.43327236 0.918344021 1.52679014
    1.80293334 1.55613124 1.74255288 1.25411057 0.932181954 1.55478108
    1.11620033 0.904609203 1.75580442 1.63467085 0.856830239 0.87169826
    1.65387869 0.84044683 1.45514309 1.25651169 1.12520397 1.65200198
    1.52758443 0.984879255 1.63924122 1.04763889 1.56862116 1.37718964
    2.01825857 1.61345339 1.57429111 1.32698059 1.71147418 1.70597517
    2.10061169 1.8709321 1.99987352 1.6238209 1.39970469 0.82424444
    1.18181205 1.3325361 0.936363339 1.75665832 1.43904543 0.945820034
    1.45320427 1.58658648 1.84871674 1.05235493 1.5559243 0.606465459
    0.729972184 0.873308659 1.72368228 0.803013086 0.8264184 1.31538761
    1.98692465 1.9459492 1.25001287 1.69814849 1.23794734 1.00319409
    1.56347561 1.45421445 1.59525275 0.970638454 1.57011616 1.9734199
    1.31252229 1.047647 1.64029527 1.56468248 0.815118849 1.4593159
    1.20105469 1.35564125 1.24797046 1.95527899 1.75565815 1.87131119
    0.944687545 0.901946247 1.68585849 0.855446517 1.51585209 1.55210841
    1.06464076 1.68096983 2.09828901 1.89946055 1.86059296 1.78584683
    1.07263958 1.23243833 1.10235 1.73775578 1.47444105 1.49025035
    1.77017283 1.7844696 1.81855118 1.67402732 1.69708991 1.21609592
    1.00987029 1.5338167 0.938186586 1.65681601 1.63841093 1.29293728
    1.39908636 1.72007895 1.6440264 1.17581892 1.38431776 1.76310444
    0.921722233 1.62440133 1.245857 1.74951649 1.5488981 1.45436573
    1.11250472 1.45580792 1.1491698 0.982217729 1.4867568 1.82784808
    1.2534523 1.78421068 1.88887322 1.66474283 1.85888577 1.47018898
    1.46869588 1.31542909 1.68168616 1.83975601 1.5554837 1.52778304
    1.69237101 1.61499763 1.53639364 0.883206725 1.75370288 1.18043816
    1.41554499 1.49362302 1.60529828 1.80311251 1.1182816 1.71496785
    1.10788774 1.79478538 1.13080823 1.29960942 1.44000888 1.73113894
    1.6803565 2.06234336 1.87261283 1.45961392 1.43822765 1.62829614
    1.4119103 1.23031509 1.52839291 1.80284369 1.4387722 1.69631684
    1.32540023 1.04487097 1.04813874 1.17997873 1.95854425 1.95230222
    1.36865342 1.18898153 1.89841855 1.73619735 1.19619191 1.32758367
    1.80804133 0.963186204 1.69418943 1.29722738 1.86912155 1.60350716
    1.69676876 1.76129532 1.12432551 1.5507102 1.23057055 0.953691363
    1.39723265 1.96347678 1.43865895 1.08274698 1.12692595 1.60670877
    1.51649284 1.77016151 1.55706036 0.922580719 1.49632072 1.44317317
    1.17894995 1.70397687 1.33248305 0.996527374 0.885467887 0.852247834
    1.6206845 0.853040874 1.53595173 1.25643802 1.86512911 0.928911448
    1.32006228 1.12635612 2.03663683 1.80230832 1.09179604 1.22286952
    1.34776735 1.87663174 0.954899669 1.79515541 1.56607902 1.67461479
    1.55851936 1.62401533 1.85551155 0.923421681 0.968695164 0.997432947
    1.07376456 1.41613281 0.931679189 1.86059535 1.73212445 1.30387652
    1.52140641 1.53257072 1.56116796 0.93043071 0.874192119 1.11054456
    0.792005956 1.61819899 1.35761666 0.971454144 0.760508478 1.28214586
    0.938116074 1.37896454 1.40614367 1.35182357 1.37596583 1.71477747
    1.44965386 1.62109184 1.34762716 1.68015635 1.16507769 1.81862521
    1.11168444 1.58843052 1.13097417 1.35826361 0.860378385 1.12179327
    1.6793803 1.43903983 1.66386819 1.30758178 1.28769243 1.22815692
    0.938816607 0.837042391 1.31809378 1.95170009 1.20162344 1.51529753
    1.82299399 1.24324465 1.34179282 1.53295875 1.18721247 1.92975152
    1.52018523 1.74935782 1.12767613 1.04984665 1.39254987 1.4957267
    1.22759783 1.45493424 1.51043057 1.01849794 1.49998152 1.23181736
    1.65125585 1.704633 1.74364042 1.12564206 0.741460085 1.64497757
    0.75567323 1.53025329 0.835712731 1.51039159 1.82169497 1.97202301
    1.11224341 1.7208122 1.14443433 0.846573591 1.71911097 1.26838207
    1.20075297 1.54765368 1.53716922 1.68444097 1.84595656 0.864832461
    1.02662289 1.1296587 1.43384838 0.855554581 1.38042033 1.35300803
    1.7741797 2.00357008 1.34834552 1.52596736 1.30638301 0.76752156
    0.983610749 0.888391793 1.65403867 1.05576146 1.67506063 2.06435275
    1.9137373 1.49031425 1.06945825 1.62803364 1.48866868 1.04226077
    1.42666292 1.67540646 1.55955827 1.28478909 1.04730809 1.61396956
    1.07853413 1.26062059 1.30791187 1.93261659 1.51727223 0.823886037
    0.908117115 1.18359721 1.15539634 0.775920272 1.27026403 1.13337517
    0.950665176 1.37053156 1.27678216 1.50183821 1.65177917 1.33522248
    1.94820702 2.01394343 1.15681672 1.86000061 1.97389174 1.78186107
    1.32797599 1.47148025 0.813532889 1.09219706 1.55381882 0.935437799
    1.29582059 1.45902562 0.939640582 1.65755224 1.68225431 1.09576297
    1.02410662 1.21792626 1.13867605 1.73565888 1.71339202 1.88872218
    1.30623138 1.26723385 1.5950247 1.70951247 1.90329242 1.52469003
    1.12570536 1.25046146 1.86669087 1.3467406 1.46921968 1.39536703
    1.66738784 1.58726215 1.17067218 1.79026067 1.41452718 2.04056454
    1.65031505 1.99647665 2.06782269 1.65801501 1.28733051 1.12767565
    1.70901477 1.27947366 1.80214715 0.994279087 1.73396921 0.938629866
    0.945104778 1.77832937 1.83476269 1.8444134 1.95876467 1.50750542
    1.12769377 1.42848587 0.997055173 1.10142171 0.870268464 1.36217391
    0.932145536 1.56551838 0.913366318 0.883361995 1.09230256 1.49083197
    1.47908056 0.82096684 1.08737922 1.10388005 1.06928241 1.59159362
    1.95210516 1.87633455 1.51188564 0.88686496 1.46795726 0.855680227
    0.821688712 1.08712852 0.836024642 1.75083017 1.61957633 1.89224434
    0.975291729 1.52119112 0.928042173 1.61976492 0.805339992 1.78701365
    1.62606585 1.65721714 1.66762805 1.56126988 1.54861832 1.95183372
    1.91073227 1.92704666 1.20832288 1.33238709 1.72203624 1.4125545
    1.57246161 1.68241811 1.81737173 1.10009348 1.39007306 1.3712095
    1.15846074 1.18961012 1.33317542 1.24601281 1.88003087 1.21214128
    1.61857665 1.10758448 1.5585345 1.71097028 1.81481433 1.26085019
    1.8083334 0.8414433 1.30744171 1.48619223 1.5140245 1.20041394
    1.16889715 1.00292993 0.839519203 1.03641284 1.66099536 1.72889745
    0.937393725 1.60869741 1.94277513 1.45898569 1.3121326 0.878664792
    1.42292321 1.77593422 1.82990336 1.73654044 1.84588647 1.0672127
    1.45818686 1.92006147 1.55668235 1.20136464 1.46898711 1.50512815
    1.70813668 1.15372312 1.67711103 1.42670166 0.888892591 1.83325446
    1.46402347 1.0819428 1.7846514 1.60977197 1.19062316 1.78844142
    1.40996265 2.00517082 2.05870056 1.90732968 1.6847254 1.69035602
    0.89788866 0.979555488 0.641318083 0.682785869 0.887433648
    0.714396477 1.09139407 1.40186512 1.68889642 1.77461135 1.95825446
    1.19840813 1.10351098 0.897981524 0.620402396 1.25104487 1.03682387
    1.09973073 1.31372547 1.64874172 1.6699816 1.65589213 1.25672436
    1.93436873 1.7012763 1.07288897 0.933908165 1.19642341 1.7334702
    1.5349592 1.58532393 1.06413484 1.20474017 1.22060919 1.24534285
    1.27059782 1.35583603 1.40147567 1.85515463 1.39152539 1.86719024
    1.88034952 0.948597908 1.38197756 0.767479241 1.01241076 1.15560722
    0.875878513 1.63687837 1.1150322 1.52743292 1.7706641 1.22511232
    1.88797164 1.13016129 1.61162245 0.86714536 0.979459047 1.45319724
    1.57244277 1.37889183 1.15618563 1.12892139 1.84633279 0.966087282
    1.43770254 1.8508172 1.47902846 1.7308321 1.17180049 1.34464133
    0.925777972 1.16854441 1.17613673 0.966724515 0.975709915
    0.817525148 1.79286098 1.11283052 1.89258587 1.28066993 1.79046655
    1.45199287 1.56753087 1.5305264 1.11633873 1.46597552 1.66050923
    1.5971297 1.75406826 0.887688279 0.784179747 1.18378079 1.43192995
    0.818070412 0.893180072 1.0897516 1.44376898 1.90168571 1.53328967
    1.10558939 0.957741082 0.868431151 1.68632138 1.13459837 1.73588824
    1.13881779 1.25075793 0.973078489 1.80443025 1.77684832 0.983784497
    1.02295184 1.16096091 1.79768705 1.26975107 1.60859156 1.89857328
    0.947659433 1.50010288 1.00136817 1.26787615 1.58517277 2.02512312
    1.769364 1.89423621 1.99124241 1.06845486 1.45289075 1.02301192
    1.71420288 1.77429211 1.64828885 1.0724113 1.63774312 1.41745567
    1.21010423 1.32126868 1.50869489 1.87023139 1.84860766 1.09107041
    1.80238128 1.74537849 1.38078129 0.994512439 1.09910655 1.15012622
    1.34009671 1.45628452 1.50396442 1.24906373 1.34621441 0.909739792
    1.62949586 0.974213541 1.4808048 1.12631238 1.66270101 1.30809367
    1.52895772 1.0580653 1.47151303 1.55380034 1.09408247 0.879334807
    1.61542869 0.905376971 0.931692541 1.02753508 0.910893619 1.12909436
    1.47515547 1.04906213 1.45850456 0.998514056 0.949600101 1.80303335
    1.14420974 1.48516798 1.10641217 1.43877411 1.40007925 1.40205359
    1.96620238 1.47754383 1.78494346 1.91056621 1.75731754 1.81136894
    1.16651285 0.994412601 0.966946363 1.33282089 0.888375342 1.82952082
    1.03832042 1.75362766 1.42826796 1.0319643 1.86234736 1.93640602
    1.50946677 1.55402529 1.9011327 1.40873265 1.60088825 1.89870262
    0.881388307 1.54329872 1.10493064 1.21001971 1.28257227 1.43226266
    0.796820104 0.733305871 1.38070035 0.759842813 1.36958122
    0.993730724 1.54959035 1.29362249 1.50455427 1.67242575 1.09021831
    1.25860667 1.8832345 1.51211274 1.59859264 1.14308047 1.74370456
    1.72265673 1.79663527 1.86385524 1.29359388 1.20214772 1.08601034
    1.58195603 1.22730422 1.36357737 1.1429404 1.29368532 1.09078932
    1.86787355 1.83363032 1.03263032 1.2548902 1.69166195 1.00762129
    1.6349504 1.89853287 1.99167621 2.07219338 2.03836131 1.19274449
    1.94978976 1.76361537 0.890303254 0.828518927 0.963005543 1.23999763
    1.09441924 1.01243174 1.57449257 1.38901889 1.25335717 1.46903419
    1.66142762 0.914056182 1.44870698 0.515912414 1.62629759 0.838059664
    1.43606937 1.81778872 1.28902829 1.12702799 1.273458 1.81577587
    1.96569419 2.0077858 1.33875525 1.10471904 1.52140939 1.55576503
    1.89480507 1.06239891 1.48585701 1.16693425 0.765019476 1.03057253
    0.785262465 1.14006293 0.785738051 1.235443 1.29958653 1.06453753
    1.2479353 1.10857427 1.40976369 0.769132257 0.784447074 0.892326355
    1.21906602 0.859844029 1.10458934 0.938255608 1.73723567 1.02081645
    1.6254791 1.14016306 1.05606806 1.0694617 1.55217016 1.14783549
    1.58658314 1.53871262 0.908200383 1.41858494 1.47535062 1.25822473
    0.935703933 1.45309103 1.43613756 1.93906021 1.16018021 1.54623365
    1.19858456 1.6463908 1.00038564 1.61740661 1.49576855 1.40017295
    1.13198841 1.25291979 1.25391591 1.50116587 1.75637591 1.26648867
    1.89337409 1.19198036 1.59202611 1.31109428 1.35211051 1.33073652
    0.744712472 1.14382982 1.09167504 0.939509273 0.871664345 1.47252858
    1.58015323 1.94378865 1.82670772 1.07895899 1.4147588 1.36679459
    0.821967959 0.924922168 1.90455127 1.3077209 1.81194496 1.48601723
    1.26138055 1.96404791 1.41829967 1.77256298 1.63990951 1.77750182
    1.6864289 1.74584115 1.28293538 1.94075656 1.46146941 1.20167637
    1.18491316 1.12289071 1.23509526 1.72810638 1.68232119 2.00492764
    1.0482223 1.85096073 1.01742351 1.3338331 1.23922598 1.30405557
    0.981359184 1.3214016 1.02649903 0.994344652 1.36607933 1.45073175
    1.28330207 2.08286548 2.17323184 1.97896433 1.20770514 1.18651462
    1.87309611 1.86022842 1.99584723 1.51516163 1.67329693 1.39895904
    1.41719925 1.74118638 1.1483897 1.40801096 0.871002495 1.08521163
    1.38882172 1.58418596 0.956817925 1.77737665 1.23174775 1.61199951
    1.09853113 1.74389529 0.809449613 1.35994112 1.00694692 1.67850864
    1.52193522 1.25814211 0.935501456 1.39056396 1.79107583 0.93256402
    1.35189056 0.877189696 0.83767134 0.938713193 1.76550603 1.19349349
    1.45723081 1.62628484 1.0864085 1.58792722 1.16591966 1.01017129
    1.05080593 1.00525844 1.49448788 1.60187352 0.955406964 1.10457182
    1.62494528 1.31128323 1.59482169 1.574417 1.65546536 1.15046132
    0.92939657 1.76294684 1.0433737 1.50386274 1.78558147 1.3384217
    0.833295941 1.10194194 0.967284322 1.7724359 1.07325876 0.975592077
    1.19855046 1.51929772 1.23824978 1.19213438 0.872060776 1.38725102
    0.714372873 1.2407285 0.852313101 1.77791715 1.11216736 1.23149312
    1.83895886 1.31587851 1.00017762 1.45563996 1.1625824 1.6880033
    1.37922812 1.27637494 0.962361157 1.80163813 1.6334734 2.02382159
    1.63186431 1.44688702 0.939368308 1.3275795 1.29745626 0.828057647
    0.931470692 1.23286152 1.46812165 1.24479163 0.879646659 1.72096479
    1.33371997 0.90699482 1.27000511 1.34857249 0.928026438 1.02404189
    1.96727824 1.58595502 1.78995776 1.71590626 0.986836016 1.11483288
    1.47178805 1.50554097 0.767063916 0.778571665 1.1589992 0.804772913
    1.42525411 0.928859949 1.13771808 1.3586117 1.23842168 1.59737909
    0.825248182 0.654257834 0.829356611 1.51122642 1.09009612 1.45582414
    1.13233221 0.99102056 1.00896502 1.29042351 1.65173149 1.50525188
    1.95259106 1.60234499 1.94247532 1.32895029 1.47916222 1.47897732
    0.932745099 1.20448518 0.779149115 1.04122448 0.774077415 1.39800644
    1.64905941 0.874527752 1.14225125 0.839845955 1.81566238 1.06334877
    1.84641159 1.74643946 0.983567357 1.58161628 1.12614846 1.72025454
    0.871566534 1.55710292 1.35285723 1.64669812 1.72768474 1.51345825
    1.4741416 1.62751722 1.51352096 1.52895081 0.87153548 1.44718027
    1.14400768 1.66382396 0.824461341 0.791558981 1.2821964 1.33087933
    1.42394567 1.94117725 1.85322738 1.82266963 1.49716616 1.89544475
    1.47950375 0.899363518 0.734627604 1.52733815 1.58425391 1.7591747
    1.14228272 1.92267168 1.30693638 1.87221885 1.39601564 1.2112906
    1.1552695 1.14615154 0.854824781 0.700760663 0.686975777 1.6146822
    1.58458066 0.897618592 1.66405606 1.91454875 1.56945586 1.48084581
    1.92855322 1.09564745 1.09656787 1.17097735 1.01287603 1.70483565
    1.89935958 1.40846169 1.49853563 1.70142984 1.31650591 1.66422224
    1.63169801 1.43614423 1.84167981 1.64501834 1.56026542 1.60762179
    2.0576067 1.54299212 1.82344675 0.890023947 1.12900281 1.39390182
    1.84303594 1.37852693 1.19362307 1.06938052 1.50190306 1.3246392
    1.74010992 1.18330383 1.40301716 1.60718203 1.39580321 1.59120858
    1.87586653 1.53249919 1.84320974 1.0987103 1.80677509 1.98978615
    1.89575922 2.07140231 1.86431444 1.10837233 1.25063527 1.87598288
    2.02556419 1.0171988 1.9429096 1.24845469 1.11420822 1.1598295
    1.50476694 1.28511572 1.20394778 1.03241026 1.05555356 0.850022554
    1.58366656 1.39096451 1.39038455 1.16838145 1.40486801 1.07922137
    1.36550057 1.63393736 1.31411481 1.37792301 1.41229081 0.82636416
    1.17481911 1.6870414 1.71077263 1.13164568 1.19492865 1.7119081
    1.32687652 1.68662119 1.31261778 0.957255304 1.36950517 1.84095395
    1.90315294 1.60450208 1.39320827 0.968818605 1.76615965 1.2647084
    1.3722899 1.40738726 1.19223344 1.87359822 1.22919345 1.24961185
    0.930387914 1.42869413 1.18899167 1.81284261 1.43733382 1.6518023
    1.76486468 1.99343705 1.21390355 1.62233377 0.838465929 0.836635649
    1.53922856 1.74503696 1.57828057 1.54936182 1.06554723 1.55393589
    1.73876965 1.28262174 1.4523654 1.42676091 1.18391478 0.919127941
    1.38156784 1.19240677 1.21248007 0.904180586 0.913235426 1.46412265
    1.9774754 1.9365418 1.83656454 1.63544071 1.23891926 1.01781607
    1.05277252 1.42452025 1.74942827 1.22249484 1.28809953 1.10782886
    1.07748413 1.68547761 1.64605427 1.13034511 1.14130485 1.12561297
    1.6954211 0.914695501 0.840567589 1.20593667 1.44793415 1.79940844
    0.837936163 1.07172644 1.16937137 1.7329855 1.05730784 1.58381641
    2.11119533 1.48414445 1.71552241 0.98641485 1.10538673 1.18069041
    1.72821653 1.11431551 1.54286826 0.903641403 1.13932073 1.70504963
    1.38912785 1.57857025 1.59753501 0.828914762 0.850436032 0.925531626
    1.26628411 1.79883671 1.26721835 0.994679153 1.40530086 1.37121189
    0.850052834 1.79637837 1.44930172 1.13427925 1.4002142 1.15385592
    1.35781097 1.9214493 1.14242041 1.76281285 1.30548811 1.43620598
    1.16224658 0.711742699 0.880722404 1.13299477 1.48794854 1.02705526
    1.20246542 1.76465595 1.0683856 1.53848159 1.66097736 1.70388949
    1.51370764 1.50536346 1.35035717 1.09183371 1.85904133 1.02222228
    1.39890265 1.33818793 1.64336252 1.885903 1.97727096 1.67086875
    1.41988707 0.984354436 1.0128063 1.12771618 1.74874461 1.26849329
    1.76379073 0.97553128 1.15251458 1.69431007 1.0318563 1.18800533
    0.996736765 1.94030893 1.93534613 1.30049217 1.53479278 0.807257473
    1.12851715 0.712012708 1.11169028 0.757971048 0.875273049 1.72370648
    1.72948503 1.31767702 1.85931587 1.44974589 1.38845706 1.36795449
    0.744585693 1.11560643 0.974625111 0.753352225 1.2403357 1.91157508
    1.9684968 1.21737111 1.8678875 0.97230047 0.986244023 1.62885797
    1.46236551 1.1530031 1.54806662 1.44957387 1.84601808 1.50427151
    2.02216816 1.58107364 1.36231792 1.64301491 1.82032192 1.34725976
    1.66770077 1.96658361 1.99622107 1.6949892 1.4177798 1.57457924
    1.57932091 1.69528449 1.35156655 1.76559353 1.79967904 1.85544479
    2.06026363 1.75327492 1.87545514 1.80156708 1.1528374 1.04528272
    1.47119164 1.05436623 1.26810944 1.66315913 1.41603923 1.38997877
    1.73451042 1.3422389 1.11731732 1.34154367 1.17803538 1.82928681
    1.57010114 1.36340272 2.01086402 1.91404688 1.80097282 1.27181351
    1.89461303 1.72670722 1.25888336 1.45222151 1.13777006 2.02767801
    1.99764729 1.61397219 1.04072011 1.61256301 1.41885936 1.69127071
    1.57352734 1.11848986 1.05208766 0.980544686 0.834683597 0.980138958
    1.58486903 1.83271933 1.43502855 0.852329314 0.84081167 1.05421269
    1.27496433 1.65568876 0.964516461 1.35635746 1.01874697 1.41684699
    1.27972591 1.67193294 1.6681571 1.66156149 1.12739861 1.04380202
    1.78852248 1.88726985 1.55677032 1.04708827 1.59687519 1.28896856
    1.61526036 1.27705133 1.83748496 1.62092185 0.992600858 1.61494005
    1.39282835 1.70338774 1.21821463 1.17769003 1.81945729 1.82707083
    1.45815897 1.07245982 0.810990274 0.724791825 1.36128771 1.68171167
    1.50967634 1.28180587 1.53159523 1.56348014 1.80016756 0.967388213
    0.893230736 1.63628972 1.01573539 0.970472276 1.11803758 1.28908932
    1.49397898 0.86238575 1.60722721 1.00023031 1.39020586 2.08816957
    1.70683575 1.89790714 1.40618837 1.73563468 0.930141151 1.56925702
    1.52178228 0.827501297 0.977676153 1.20453727 1.77504504 1.14254558
    1.1987294 1.28704453 1.17381835 1.5257777 1.19539785 1.27109003
    1.05843568 1.77685082 1.48959875 0.928608954 0.938743234 1.22391129
    0.901754022 1.75763392 1.85584533 1.6029551 2.09175611 1.92838848
    1.38803685 1.22376573 0.811356246 1.65992284 1.1303395 0.770270705
    1.05639732 1.38042414 0.812013149 1.25171518 1.15153325 1.56478679
    1.60621989 1.15629458 1.55438721 1.39477837 1.76678908 1.45267653
    0.976245642 1.00127053 1.61496317 1.13470781 1.32730162 1.71769595
    1.81879973 1.17246819 1.12810004 1.25619709 1.59395587 1.19850826
    1.93433404 1.61481655 1.16480589 1.12251222 1.57995772 1.10743964
    1.13020384 1.09168327 1.4488312 0.94709307 1.8187263 1.08507788
    1.58904517 1.62896562 1.49334514 1.23848355 1.90605342 1.29506493
    1.56622744 1.78014767 1.84411621 1.38705635 1.35264695 1.74848092
    1.07471061 1.23556459 2.03764009 1.0769062 1.74471843 0.860446334
    1.56467664 1.72432446 1.55078757 1.16683638 1.55268109 1.44634128
    1.17540431 1.80317724 1.14262891 1.13178444 1.23670721 1.67467785
    1.60948598 1.60208809 1.14479625 1.33044028 0.772630334 1.25836074
    0.700414777 0.769670546 1.76426637 1.62464666 1.08990264 1.28279519
    1.95671701 1.80931842 1.76628137 1.22041154 1.20841038 0.903991818
    1.15344048 0.978250325 1.12863696 1.22400391 1.58124447 1.80024767
    1.95246029 1.51583171 1.61207998 1.01775169 0.978106558 1.52078164
    1.72023249 1.41924453 1.05716109 1.6482991 1.65934598 1.56074333
    1.62723136 1.13355374 1.81184721 1.14572644 1.22660863 1.72408545
    1.96692681 1.10635531 1.84347641 1.58764243 1.24920118 1.28995609
    1.01390541 1.37069809 1.84135711 1.96685672 1.95699239 1.48342943
    1.81287515 1.02277052 1.3299855 0.800418496 0.768737972 0.969056308
    0.964078367 1.33077776 1.50336671 1.03252506 1.06560457 1.86523545
    1.01113248 1.22827792 1.68251455 1.46792614 1.74825835 1.31073892
    1.86154175 1.9365232 1.62456107 1.10887682 1.63459408 1.15884721
    1.15948522 1.95698571 1.33477879 2.10590315 2.11906314 1.67737615
    1.71288347 1.36691415 1.54815745 1.72442257 1.75950348 1.05985093
    1.81657135 1.87958717 1.80582905 1.84296227 1.34056807 1.73484421
    1.17518806 0.940889299 1.26580155 0.910819054 1.19439673 1.56159568
    1.73576462 1.5308522 1.01166773 1.28158808 1.33013964 1.72043562
    1.2603488 1.71705723 0.92384547 1.18191075 1.38408935 1.70748961
    0.888297498 0.943976283 1.10583925 0.98023057 1.23263371 1.41060424
    0.96805793 1.18725491 1.07231104 1.90385556 1.77921128 1.2118566
    1.3101958 1.55392182 1.66596985 1.9622848 1.73904169 0.942760348
    0.949286997 1.59768951 0.969808042 1.0410471 1.45931649 1.85317838
    1.81011128 1.02915466 1.47620845 1.67803729 1.12328207 1.61466718
    1.26466501 1.08374023 1.4373852 1.84030604 1.84135234 0.858233511
    1.31022036 1.54625177 1.77459586 1.66891944 2.05002451 1.56744134
    1.69475186 1.67648625 0.979177654 1.85205424 1.17313695 1.23169518
    0.730575144 0.740808249 0.877759576 1.39081347 0.928184927
    1.55142164 1.67541659 1.00711095 0.892000973 0.930981159 0.983623326
    1.15018117 0.874806225 1.25074697 1.66108096 1.52022564 1.01360428
    1.08524466 1.09453464 1.71006989 1.97378957 1.59104764 1.87289524
    1.14054418 1.14304209 0.934799671 0.808263838 0.853424966 1.69232941
    1.24813759 1.01534367 0.777862906 0.980940759 1.03175056 1.29288816
    1.62413895 1.35808706 1.56988621 1.70097983 1.59411943 0.885522723
    1.47966754 0.940270007 1.39417839 1.50095725 1.11123621 0.910960495
    1.6709516 0.985908687 1.71253121 1.40924871 1.48927736 1.28149343
    1.10146272 1.16277623 1.50885844 0.853037894 0.943685472 0.771754503
    1.29971254 1.72910917 1.47982085 1.9247396 1.63896871 1.59820485
    1.75860393 1.39999914 1.3274157 1.61319792 1.8325609 1.79071641
    1.19749081 1.83133233 1.63289452 1.27264214 1.53854799 2.00280404
    2.04012465 1.87402225 1.09644699 1.59597313 1.2910974 1.61957979
    1.90461361 1.47565293 1.85527897 1.27734447 1.50885212 1.93819165
    1.08797026 1.74491882 1.19887662 1.67065191 1.21736622 1.97211301
    2.05336285 1.83274066 1.54997492 1.1725235 1.50777566 1.10308492
    0.981450498 1.24356616 0.951652527 1.75140774 1.56088591 1.58612967
    1.28084373 0.853785276 0.895422101 1.61878538 1.11835957 1.64276648
    1.28647089 1.63649535 1.80707181 1.32809174 1.77852499 1.72440386
    0.961592138 1.70693517 1.6227603 0.819714665 1.45483446 1.07642794
    1.67998385 1.29153681 1.58131051 1.566414 1.85350645 1.26772451
    1.72319984 1.68418658 1.36837959 1.74510515 1.16316497 1.35743213
    1.91791368 1.03866434 1.23087513 1.55644143 1.26165938 1.47969854
    1.89817214 1.85097682 2.06783628 2.08475494 1.86265659 1.77693474
    1.43763423 0.892021596 0.84556824 1.65596211 1.35306764 1.15103459
    1.07289207 1.78855014 1.35256493 1.94239688 1.92426729 1.35739648
    1.36840796 1.54011571 1.29601109 1.57815301 1.2680006 1.94036043
    1.55445707 1.36903358 1.20186448 1.66265333 1.0751071 1.11456501
    1.48518825 2.0751698 1.93231213 1.74173903 1.82873785 1.57218492
    1.17214966 1.94768727 2.01950049 1.95351529 1.89470375 1.37625468
    1.17914903 1.10505354 1.58619463 1.48415685 1.77171516 1.60210466
    1.33204222 1.24535513 0.705779433 1.26849723 1.53578532 1.52484941
    1.31597793 0.770091355 0.861255825 1.51182711 1.87606764 1.06564343
    1.17581546 1.68122435 1.91164362 2.00552487 1.14498436 1.59234333
    1.19670463 1.81789863 1.2114501 1.38763213 0.901629627 1.37079763
    0.874526083 1.21050656 1.9376899 1.82751501 0.914635539 1.13374913
    1.1301446 1.55436432 1.91041434 1.35345387 1.46729136 1.36839008
    1.49123931 1.37479329 1.88967621 1.4706651 0.982126057 1.70156658
    1.16944146 1.69927752 1.73107266 1.83220744 1.82928312 1.22470474
    1.38233864 0.940172732 0.979200184 1.2888006 1.33836949 1.65568602
    1.34911263 1.87536168 1.73941481 1.85183227 1.87041485 1.95466387
    1.03008842 1.42046106 1.43730104 0.977658272 0.764375687 1.54376721
    1.02157795 1.59780514 1.2733525 1.73614061 1.4069345 1.67425895
    1.6480031 1.2228179 1.25125551 1.25597966 1.35598564 1.28420031
    1.11729109 1.65273237 1.87739027 1.00569654 1.42310762 1.69113779
    1.21727586 1.25102568 1.90644395 1.08368671 1.71829569 1.08439815
    1.40658355 1.26676762 1.80985415 1.72037876 1.23760629 1.4455384
    1.07929122 0.766802251 0.940252602 1.75667894 0.783067048 1.26180255
    1.0591495 1.48769665 1.93166363 1.29015362 1.75659049 1.09254444
    0.814872205 1.552356 1.20135605 1.51981127 1.51882374 1.8661046
    1.27557862 1.88209689 1.04655421 1.54578018 1.27055132 1.51893377
    1.56178761 1.4087857 0.882191956 1.3238287 1.82821667 1.23850453
    1.90858412 2.08144999 1.64649761 1.3944875 1.24542236 1.21924877
    0.891806543 1.57951748 1.67066431 1.27494025 1.53467286 1.26419473
    1.38841319 1.83975554 1.95267487 1.30812967 1.56856132 1.25532258
    1.65668976 1.0852282 0.88304913 1.25037467 0.963201702 1.03506982
    1.53950763 1.45087993 1.4756031 1.78395998 1.65650606 1.79578221
    1.66939998 1.85688424 1.61441469 1.63070202 1.59999025 1.49851441
    1.58263373 1.4980824 0.841388106 1.72884035 0.887270331 0.816256762
    1.34125483 1.20575392 1.40798473 1.28827417 0.916245282 0.983807206
    1.60615706 0.797809958 0.804356515 1.21149671 1.31498635 1.35039306
    0.980915189 1.22175634 0.970724165 0.759676635 1.36338854
    0.788176715 0.904596269 1.48771715 1.21928704 1.72726476 1.73422754
    1.58727705 1.36142552 1.37571156 1.63709986 1.15270746 1.75633144
    1.6749146 1.90595925 1.18732905 1.41534388 1.72412896 1.69554353
    0.980710924 1.2374748 1.91460538 1.44737244 1.87927318 1.87997842
    1.25011897 1.71728051 1.76750207 1.577425 1.63351154 1.50407457
    1.36552405 1.66277575 1.36744595 1.77382052 1.10972655 1.76967275
    1.12331188 1.25806105 1.6940794 1.80912578 1.37517357 1.43214726
    1.38130939 0.875833333 0.868983805 1.13546765 1.64904952 1.67687833
    1.1365273 1.48711824 1.06656981 1.73199522 1.59999597 1.68547165
    1.84678912 1.80260062 1.71098053 1.89247346 1.62287867 1.5014236
    1.94203281 1.05899096 1.80537295 1.13644981 1.36134768 1.11807537
    2.00301409 1.75423169 1.72767317 1.38347375 1.81660366 0.812790155
    0.949769199 0.79863137 0.92141968 1.35136008 1.303702 1.53342462
    1.27949655 0.811701596 1.59065413 1.11141884 1.60177565 1.82978153
    1.90438879 1.27305698 1.7782501 1.82576203 1.07941067 1.68586445
    1.82427514 0.974385917 1.46948051 1.34637022 1.39404285 1.39499092
    1.90311909 1.9646455 1.45520854 1.13184214 1.65578926 1.24344218
    0.935401738 1.62918174 1.23479307 0.91194737 1.75861526 1.11142731
    1.36057329 1.43684316 1.47905445 1.66366327 0.994299948 0.925577283
    1.84584916 1.98002779 1.92140174 1.9947201 1.95628178 1.26834929
    1.7434932 1.81328619 1.59027779 1.81748581 1.98059142 1.15719938
    1.29591084 1.74576724 1.24035203 0.988360107 1.52951443 1.6534915
    1.52998626 1.79091609 0.800031006 0.824727654 1.16092348 1.52365482
    1.66542757 1.45911419 1.0771023 0.977175295 1.86357367 1.42099643
    1.58416462 1.17831481 0.785186291 1.37897754 1.7749294 1.51469958
    2.04451251 1.2365998 1.41346133 1.20117819 1.09303164 1.26937342
    1.19806576 1.13921547 1.48409736 1.08635259 1.62567663 1.12792504
    1.0695231 1.82531548 1.68044567 1.84866679 1.1312722 1.56773806
    1.58469796 1.35872483 1.31305468 0.852658033 0.756618142 1.48253071
    0.867111683 1.74120653 1.81553733 1.0237422 1.06954682 1.00960517
    1.82509303 1.71562302 1.39361858 1.05566168 1.1405443 1.41312671
    1.75071847 1.45739079 1.32709098 1.59208369 1.94282353 1.72685564
    1.4279232 1.8099438 1.81138444 1.45331705 1.05874538 1.86432064
    2.10685825 1.1940012 1.69268465 1.50527799 0.940771043 0.904592514
    1.65424538 1.17900562 1.56597316 1.00726855 1.7884326 0.883653402
    1.27225912 1.76471055 1.48732352 0.954747558 1.46658146 1.63775289
    1.27581954 1.60311615 1.55946505 0.903654873 1.22206223 1.50773311
    1.78973031 1.47495008 1.45820415 1.2354511 2.00158858 1.48853707
    1.86867464 1.53130376 0.964238942 1.54480255 1.14743078 1.66124415
    0.995924771 1.12424648 1.54604518 1.46112812 0.803496718 0.94067049
    1.73402357 0.913846672 0.990560949 1.10817611 1.13292086 1.66611707
    1.7666446 1.22686768 1.47055471 0.921741247 1.27143097 0.980586112
    0.994554639 1.39960551 0.653221071 1.08636832 0.616729736
    0.757502198 1.07506657 0.739791453 0.990402639 0.955879748
    1.69561076 1.03866315 1.38176847 1.78924179 1.83217645 1.13156343
    2.06453848 1.96361005 1.32779372 1.22335637 0.952966869 1.77478802
    1.17862844 1.71182036 1.72130179 1.62061071 1.66260767 1.21611702
    1.33327818 1.93068683 1.41851509 1.35369086 0.991244137 1.53768945
    1.63691723 1.73472202 1.73729622 1.63345826 1.70411801 1.30760431
    1.10435224 1.01515675 1.64337552 1.33302784 1.88005137 1.05081296
    1.22109604 1.01577747 0.876054823 1.74555063 1.41798639 1.55578077
    1.4150728 1.11498392 1.31656551 1.55434191 1.3684684 1.27882564
    1.51689875 1.25779426 1.01417196 1.4454546 1.51828802 1.21372116
    1.76740754 1.01268816 1.26383257 1.41350877 1.25799215 1.4187336
    2.00307608 1.86550856 1.99228716 1.80673742 1.80682707 1.03484428
    1.12901676 0.965102911 0.741410971 0.810382247 1.01666248
    0.770397484 1.47708714 1.58214116 1.02363551 1.15909576 1.90485632
    1.70401156 1.51048708 1.09081268 1.66136539 1.88967085 1.46007729
    1.65359807 1.18032467 1.26064467 1.78620505 1.52556431 1.40693855
    0.9902004 1.80158961 1.2867192 1.63142967 1.43971896 1.13493729
    0.670606315 1.11314785 1.01195621 0.855773747 1.79980862 1.2191807
    0.973061502 1.53975475 1.07736003 1.1514852 1.12407196 1.38364732
    1.00534606 1.32488465 1.24945664 1.4426074 1.32550597 1.23928595
    1.6188271 1.40023029 1.81328261 1.49978983 1.50922453 1.91942418
    1.75698173 1.6620059 1.62993741 1.90226269 1.76549947 1.02914214
    0.797726274 0.775988758 0.845187068 1.20621383 1.18227053
    0.962055326 0.954750538 1.42077029 1.53046227 0.888715148 1.40749419
    1.06130767 1.41498256 1.27735114 1.41984236 0.79081279 0.921092629
    1.53700984 1.91831052 1.97481608 1.87403071 1.39504707 0.758223712
    0.780478597 0.857484221 0.999435842 1.55051172 1.31606579 1.88549972
    1.70399857 0.870034873 1.087672 0.981937051 1.12616837 1.49675167
    1.45341694 0.847710311 0.883254945 1.79621661 1.33754122 1.57253575
    0.561601996 0.734579742 0.807369947 1.38475466 1.26933753 1.65415871
    0.833305418 1.40022075 1.19860947 1.77221465 1.71878242 1.10988712
    0.887154758 1.46794033 1.27265513 1.23547673 1.60671437 1.74999237
    1.18699574 1.71195769 0.837755322 1.58947265 1.80509913 1.24130249
    1.71493661 1.88351882 1.77444017 1.71039712 1.86005998 1.41068125
    0.662743747 0.861172318 0.629027128 1.22567773 1.13158262 1.3513025
    1.23453069 0.886251628 1.08519685 0.814926863 1.34470487 1.15246725
    1.63003087 0.729943931 0.893504977 1.52239144 1.36685073 1.60515404
    0.810709894 1.61246097 1.69620693 1.45238698 1.85921037 1.19357932
    1.86092246 1.25029063 1.37885237 1.06893218 1.13361657 0.995584548
    1.27219176 0.905568659 1.47361743 1.41389287 1.5973078 0.70476836
    0.669414103 1.04564655 0.967487216 1.49611294 0.743898571
    0.988047838 1.03227782 0.643469512 1.46442652 0.725584149
    0.959294617 1.16929138 1.70548308 1.41493416 0.94137013 1.08169746
    1.07735205 0.585597038 0.636006951 0.981283784 0.652251065
    0.996017158 0.696004868 1.36624897 1.74385011 1.49115753 1.07008851
    1.59482694 1.77721488 1.88207734 1.66534007 1.642995 1.82248902
    1.07040107 0.685936093 1.11215937 1.66473079 1.1328162 1.6864059
    1.54714882 1.05038929 1.50181913 1.37107217 0.962631524 1.70096087
    1.39075136 1.65059912 0.915757298 1.12545776 0.907207072 1.62566411
    1.22533441 0.906036198 0.95090735 1.71841323 1.6609807 1.8566668
    1.51095176 1.88234174 1.04725456 1.13830972 0.832009792 0.777003407
    0.834653437 1.44160044 1.77649534 0.833481908 0.996814191 1.69373429
    1.43416059 1.20933747 1.15413606 1.33331513 1.48566103 1.73716211
    1.27991235 1.68986893 1.35188055 0.709986687 1.3909651 0.979300857
    0.914830565 0.888284445 1.41848838 1.70950389 1.66703069 1.28409386
    1.06493282 1.34343553 1.65369153 1.22737646 1.12106133 1.06265318
    1.10846341 1.42037213 0.854573548 1.16252279 1.25111842 1.32931793
    0.781364202 1.67531717 1.90292382 1.74626446 1.53281891 1.09175205
    1.46052325 1.29609478 0.75083667 1.6050247 1.29990888 1.6225698
    1.19084978 1.56497455 1.65985632 1.07240462 0.893217802 1.31022453
    0.682281971 1.10371315 0.605772495 0.950420856 0.784540534 1.0178082
    1.18966043 1.56341696 1.71505833 1.07584417 1.71131349 1.27675283
    1.61110044 1.1393615 1.32248783 1.44677997 1.72405708 1.77706254
    1.63946891 1.18812537 1.76138318 0.887324095 1.22735989 1.37782753
    1.53616738 1.48567057 1.62692428 1.23949564 1.81247771 1.65298474
    1.31307983 0.837535083 0.61973381 1.11783957 1.59084725 0.691157818
    1.25018942 0.740342975 1.46587718 1.32078862 1.03015602 1.44523346
    1.56516576 1.58369768 1.44717765 0.71600759 0.796927869 1.52866614
    1.36975682 1.77593362 1.29423761 1.78906822 1.22201657 1.69043493
    0.870436847 1.15623653 1.13886964 1.00387657 1.76875317 1.26368129
    0.865380883 1.64315593 1.49263453 1.25442719 1.40808976 0.790589452
    0.730356038 0.665224075 1.57308769 0.791339338 1.01179671 1.31736934
    1.49840331 1.43387735 1.21927595 0.702027678 1.36544716 0.95306915
    1.03962886 0.81938678 0.838252842 1.37764215 1.44676208 0.671162724
    1.3196162 1.11405373 1.54745972 1.12606299 1.23548996 1.51910317
    0.576051176 0.570801318 0.628028512 0.575516701 0.531431973
    1.01099849 1.51437497 1.41725981 1.04736078 1.27441132 0.796796799
    1.4795593 0.57345432 0.810741186 0.995084584 0.846653402 0.490169644
    0.645314038 0.856010854 0.774447799 1.40765953 0.500183165
    0.915427864 0.767913222 0.735383809 1.33180451 0.605506182
    0.464701325 0.617346704 0.728605986 1.30893695 1.48867095
    0.742303014 0.911446571 0.668703198 1.11225164 1.22401309 1.07945275
    1.28664815 1.00975025 0.949660957 0.518849254 1.4295435 1.02257645
    0.877910912 0.666352212 0.625882089 1.17397904 0.655777156
    1.02610528 1.30813026 0.898243964 1.23826146 0.923604131 0.910792887
    0.460850745 0.426696956 0.795187294 0.719550669 1.44822621
    0.635263205 0.803214252 1.07557917 1.27082038 1.02144361 1.23328733
    1.04695499 1.39548373 1.13414919 1.41311121 1.17492616 0.929584563
    0.745359063 0.686402023 1.48790705 1.29366088 0.882087469 1.57521379
    0.93778193 0.756302416 0.992763638 1.2815969 0.909302115 0.905726731
    0.909230411 1.07058096 1.41904533 0.583236039 0.98240751 0.620694578
    1.28235829 1.42045498 1.50814104 1.51888084 1.37637079 1.21339571
    1.43646228 1.3670733 0.861513257 1.22852075 0.533580422 0.715124011
    1.40891016 0.788461089 1.19934916 1.64788139 1.58472121 1.40324569
    1.41886091 0.867443323 0.483224452 0.930925906 0.622150362 1.2264508
    1.52282226 1.61241186 0.745454073 1.05493391 1.17095494 1.18510628
    0.642203927 0.60322547 1.01805997 0.791007817 0.913222551
    0.556728363 1.1242156 0.684774041 0.686203063 0.835237324
    0.459551603 1.30465758 1.59659958 0.787851751 1.06141365 0.906477034
    1.40051055 1.59545076 0.607142985 1.50146675 0.701957405 0.553555608
    0.500521123 0.48827064 1.01754141 0.729173362 0.547461808 1.30327797
    0.749723017 1.56967878 0.989706755 1.57342732 1.03211248 1.39313996
    0.939324856 0.795906126 0.98480618 0.54521358 1.45566499 1.06905377
    1.67237306 1.21124983 0.94448179 0.957118988 0.647622526 1.119259
    0.790132105 0.57507056 0.641490042 0.415771395 0.825438738
    0.790668666 0.932026386 1.43049657 1.22623551 0.962901235 1.22600329
    1.65628541 1.61739659 1.31130886 1.49236715 0.934059143 1.41272819
    1.39116299 1.31719136 0.821135342 1.54467797 1.50633669 1.36603892
    0.758869648 1.01588786 1.58358896 1.01795769 0.593395531 0.71121496
    1.60700154 1.49040496 1.08722556 0.463581145 0.919510067 0.810007155
    0.834816873 1.11868274 0.52681905 0.715847611 1.10170007 0.575884819
    0.96782434 0.89944011 1.08570242 0.564121604 0.609819055 0.695991516
    0.977931201 0.556580126 1.58631027 0.942211151 0.868385136
    1.53889894 0.7942819 1.60045719 1.55662596 1.64188778 1.6242069
    1.42866361 0.896848679 1.52790928 1.48821783 1.16533804 1.50746477
    0.941844523 0.902741551 0.63177985 0.729413629 1.20180726
    0.520106852 1.04690576 1.49598742 0.963594317 0.376449466</data></your_img>
</opencv_storage>
