<?xml version="1.0"?>
<opencv_storage>
<g>1.71</g>
<r>4</r>
<filter-type>1</filter-type>
<circular>0</circular>
<L2_diff>173.37794120017918</L2_diff>
<test_img type_id="opencv-matrix">
  <rows>128</rows>
  <cols>256</cols>
  <dt>f</dt>
  <data>
    0.236750424 0.613917589 0.382191032 0.118523836 0.558814883
    0.180359662 0.95917356 0.968737364 0.929871798 0.180419475
    0.213200867 0.935295284 0.330468833 0.590415359 0.250858217
    0.41014722 0.0301776528 0.0637541413 0.495215446 0.938780308
    0.943180144 0.795478046 0.41618824 0.178893328 0.550991237
    0.222040832 0.133602768 0.70290792 0.698818147 0.234480917
    0.302449584 0.409841239 0.180473983 0.840831876 0.899191976
    0.968932271 0.629458666 0.745796144 0.0680927336 0.594241083
    0.188737929 0.489404768 0.220605463 0.920646787 0.933150887
    0.145270973 0.601225317 0.349881232 0.951454997 0.367268443
    0.433911443 0.895936966 0.44384104 0.774505615 0.141782671
    0.703189433 0.0871112347 0.455306232 0.885347605 0.901058912
    0.737780273 0.726023078 0.835478783 0.905077994 0.624378383
    0.929181099 0.627084374 0.939462483 0.665627599 0.299779862
    0.872706652 0.112977475 0.468530953 0.711865127 0.965434611
    0.557752788 0.622564435 0.44642508 0.837329149 0.795988441
    0.0111133456 0.738976717 0.223884881 0.020498842 0.739744723
    0.225291878 0.98140347 0.313824058 0.721654296 0.672608137
    0.820022702 0.622819901 0.47939238 0.110072196 0.202731967
    0.11220485 0.392888546 0.501020312 0.0217454433 0.0297485888
    0.908421159 0.610588074 0.699648499 0.830564857 0.0731439888
    0.0568269789 0.894391418 0.737961769 0.524597585 0.162488282
    0.760564744 0.486187577 0.778920472 0.911283135 0.907826543
    0.686720729 0.31260711 0.571161568 0.883608222 0.985998988
    0.656486034 0.472738862 0.800387323 0.786274731 0.434567988
    0.550493538 0.420743912 0.970275044 0.391206026 0.939453065
    0.586517155 0.0782625079 0.560189188 0.801621914 0.847187281
    0.631991148 0.167029142 0.577134609 0.816145897 0.714508712
    0.592789531 0.226284027 0.288800716 0.88644886 0.614756465
    0.958593845 0.607369781 0.447966725 0.454148203 0.340030134
    0.295064509 0.647223592 0.57971561 0.980527341 0.172014982
    0.0335747004 0.88683337 0.573376477 0.679243326 0.852428079
    0.754005909 0.130052149 0.0591540933 0.219217271 0.146488994
    0.534030557 0.394115448 0.186736405 0.810756266 0.456908852
    0.3085365 0.62873292 0.444352955 0.919231176 0.837007701 0.256676137
    0.604267716 0.775836051 0.963330626 0.258668393 0.858854473
    0.46565932 0.0202671587 0.868140459 0.202221453 0.505125642
    0.540719748 0.909730494 0.181140423 0.3727507 0.646225691
    0.431063324 0.492951393 0.782071292 0.871461213 0.847284257
    0.277778983 0.956114352 0.522331715 0.609344661 0.311264694
    0.634252787 0.226417243 0.0275999904 0.778856754 0.379858553
    0.634199619 0.366734982 0.818218231 0.426315695 0.852929831
    0.00142803788 0.0548733473 0.473218858 0.634695351 0.760828018
    0.886439919 0.478170455 0.765395045 0.538672209 0.496886104
    0.520916641 0.532259107 0.391184062 0.000394135714 0.288641751
    0.154876471 0.140886039 0.382154047 0.444226801 0.0178848207
    0.355414987 0.703738034 0.673674047 0.574851871 0.471220642
    0.00341144204 0.532667696 0.312909603 0.259907156 0.505637586
    0.580544353 0.330031127 0.626895368 0.448042423 0.447532654
    0.630619287 0.843010306 0.316148639 0.877636671 0.0361544788
    0.557975054 0.493918419 0.381889313 0.293376982 0.86007452
    0.603570282 0.466360003 0.431659997 0.147739619 0.622710824
    0.192901015 0.818316936 0.257280111 0.476416707 0.175860733
    0.234468997 0.880659223 0.880980015 0.814033926 0.925882459
    0.165797561 0.0280085504 0.171243489 0.478619277 0.0527272224
    0.522137284 0.134759903 0.508198023 0.518883526 0.675263524
    0.973732233 0.340393186 0.781069696 0.818925381 0.466641247
    0.844063044 0.928750455 0.472280174 0.347844571 0.105490893
    0.241638541 0.219373375 0.376894593 0.258477628 0.95228219
    0.87546742 0.589095056 0.84015274 0.326716781 0.649745464
    0.592159629 0.807978153 0.0747659206 0.129133791 0.973393202
    0.192827582 0.472454876 0.698809683 0.668069065 0.545208812
    0.550886869 0.201328605 0.804544568 0.9271698 0.679046333
    0.316671878 0.410349697 0.996088743 0.33626169 0.48914656
    0.889026701 0.837606907 0.643041372 0.380556047 0.248356313
    0.95656985 0.904934466 0.177936703 0.967233419 0.481987715
    0.934041262 0.37964341 0.0558950007 0.519227028 0.0353348553
    0.0311357677 0.312848926 0.406208217 0.537389934 0.546074092
    0.269520223 0.94921577 0.809058964 0.820572972 0.945678592
    0.534877837 0.177193075 0.611959934 0.202247262 0.288624406
    0.267288983 0.915824592 0.177543402 0.188710779 0.392779976
    0.229652852 0.452319115 0.934628487 0.123068213 0.0226360857
    0.0435355902 0.37237227 0.623610854 0.671015024 0.044244051
    0.609785199 0.0190944374 0.411810994 0.841462851 0.93324542
    0.891092479 0.700608969 0.735786617 0.308292121 0.0525827408
    0.615436316 0.787801147 0.806067169 0.683202744 0.437677741
    0.926807106 0.348917007 0.852488041 0.796823859 0.304269314
    0.697497487 0.21177268 0.271960437 0.661197543 0.720884204
    0.226512283 0.978292108 0.0322780013 0.901524067 0.130855054
    0.353590071 0.737285078 0.730348468 0.91505897 0.443617731
    0.0192438066 0.141729206 0.992279053 0.304165483 0.196457028
    0.0779447556 0.411178231 0.204414666 0.69140631 0.43626669
    0.924149394 0.251102448 0.355021477 0.693477154 0.846435666
    0.982896447 0.502059102 0.545733869 0.179325372 0.321415573
    0.54205364 0.975305498 0.77725327 0.29463771 0.39800632 0.262320399
    0.00903236866 0.831548333 0.763584375 0.898095608 0.66292727
    0.886077642 0.0439024866 0.796277523 0.976389289 0.0741321743
    0.725494146 0.978412211 0.37825489 0.835068464 0.0821977854
    0.545693636 0.334662914 0.059858501 0.189830691 0.16497463
    0.485071629 0.811063766 0.597143292 0.92081821 0.0218350887
    0.592440605 0.161956012 0.804185987 0.26322329 0.637078881
    0.726684332 0.186803818 0.0237246454 0.510517955 0.450109214
    0.975647748 0.679406881 0.519130647 0.230448514 0.912766755
    0.0589382052 0.273504972 0.975695968 0.0917778313 0.451837212
    0.672514915 0.643330514 0.352822185 0.492879689 0.443081081
    0.509180367 0.262872279 0.965102255 0.7812289 0.477424473
    0.155756712 0.649260759 0.631582439 0.571802437 0.411237478
    0.801317692 0.290392518 0.589954615 0.0129597485 0.538321257
    0.266211361 0.855851471 0.518437445 0.847309589 0.954909027
    0.764727235 0.504493475 0.0781007111 0.294399649 0.361164242
    0.260659069 0.30105865 0.811596632 0.212401539 0.768414736
    0.840094924 0.0485725105 0.326905429 0.218743652 0.604628026
    0.602588892 0.498404413 0.521372914 0.951750875 0.406363547
    0.477387279 0.0747648776 0.324721128 0.177438617 0.536620975
    0.941613197 0.448981106 0.251045734 0.96500659 0.788416743
    0.775206804 0.87611866 0.143586487 0.0405335426 0.0728439093
    0.47925204 0.0753828585 0.980011106 0.631920457 0.15114826
    0.999790072 0.0377916992 0.58747977 0.324266136 0.250342786
    0.834695399 0.202682972 0.707561374 0.511518717 0.615270197
    0.581089854 0.788871408 0.069693327 0.392475009 0.454741925
    0.80041796 0.373557448 0.0658271313 0.464347363 0.399373591
    0.844868898 0.882349133 0.935628653 0.136757135 0.413443744
    0.780765057 0.623044014 0.0107015669 0.596680999 0.0543541908
    0.532989621 0.403518975 0.703009307 0.714652359 0.0280151069
    0.0921055079 0.893238068 0.162502617 0.0317652822 0.483729541
    0.0607086718 0.560622036 0.894535184 0.364840955 0.17259407
    0.831270039 0.492548078 0.903236866 0.993085623 0.0859209299
    0.305508077 0.227735966 0.543392181 0.895613849 0.736391068
    0.583823919 0.575737298 0.674991429 0.622681022 0.237485141
    0.92661345 0.197720081 0.370878488 0.995304108 0.184262097
    0.938182831 0.950954795 0.553021729 0.335741341 0.922384143
    0.688595772 0.845139503 0.314299405 0.150277019 0.237349749
    0.790236473 0.873829365 0.0840515196 0.250478059 0.118602395
    0.683587611 0.764270425 0.872144222 0.0115272999 0.185050458
    0.173544884 0.661320448 0.427815914 0.156037003 0.206438035
    0.94900775 0.519045949 0.492478579 0.0727704763 0.354720771
    0.838015974 0.859086275 0.477315694 0.837385595 0.277563751
    0.177425474 0.441090375 0.0257297754 0.614796162 0.754966378
    0.964801252 0.429382861 0.918979824 0.73358202 0.175473332
    0.721127152 0.112466931 0.977347195 0.0647846162 0.73781544
    0.609662831 0.418564767 0.621708035 0.358569086 0.527389467
    0.85279429 0.958238721 0.635422289 0.413000256 0.808164537
    0.284895808 0.528515756 0.704485953 0.276512057 0.607351899
    0.624845922 0.977628052 0.305195034 0.306428254 0.570825517
    0.516755939 0.477395147 0.502276242 0.478115529 0.194605768
    0.57915163 0.339364827 0.379776359 0.51850611 0.897781849
    0.908926249 0.626535356 0.293046832 0.00440940261 0.525981128
    0.459941268 0.634882092 0.369173348 0.969977498 0.0266644359
    0.335281193 0.414431572 0.833209395 0.290772825 0.0693551898
    0.459134609 0.896495938 0.233124435 0.865718126 0.170774013
    0.725613356 0.612499177 0.421176732 0.620188475 0.919426739
    0.825375021 0.315184593 0.706139922 0.82488966 0.289083272
    0.208654195 0.521202087 0.00465932488 0.954182506 0.558887124
    0.873948216 0.826940775 0.0904641449 0.941382885 0.0594341755
    0.501046777 0.269596994 0.818744898 0.561940968 0.573077381
    0.1260674 0.142578006 0.0215364993 0.187476665 0.64057076
    0.553881049 0.843062997 0.339175165 0.0898041427 0.194843233
    0.691735208 0.468926072 0.676032186 0.127108306 0.353642881
    0.0510862172 0.433868915 0.862620711 0.229576707 0.137009889
    0.850381672 0.665138364 0.475486785 0.168144137 0.672963977
    0.637672007 0.706588864 0.0396542847 0.285450339 0.0443057716
    0.96328187 0.529246509 0.425176382 0.72825104 0.941404104 0.19000423
    0.343639165 0.881678581 0.440134108 0.985168576 0.501868904
    0.95730108 0.706593633 0.19162333 0.452920109 0.257029951
    0.588927925 0.106196463 0.254942358 0.198938161 0.746356726
    0.00991934538 0.576649606 0.173393637 0.199036777 0.0551454127
    0.130924463 0.656177759 0.60938561 0.272456348 0.0285719037
    0.301698327 0.245760232 0.0830732286 0.246877104 0.582437396
    0.650774121 0.67152822 0.223224193 0.136250854 0.0828412771
    0.190946192 0.20304805 0.15025261 0.097959429 0.0639236867
    0.448643923 0.756535828 0.911332369 0.837123513 0.194719702
    0.800221562 0.657390058 0.534744561 0.127792269 0.816731274
    0.281027198 0.800398946 0.15655002 0.430469036 0.66579783
    0.663155556 0.534260809 0.148854405 0.737784505 0.577885628
    0.947925031 0.982952833 0.291018426 0.833552778 0.897187829
    0.552389085 0.688348591 0.24526298 0.176310122 0.101170599
    0.471629977 0.940896869 0.734047413 0.677331448 0.0715976357
    0.743499458 0.326040864 0.384595543 0.138861984 0.010180831
    0.835526109 0.474810213 0.618655026 0.201197267 0.332615346
    0.936092079 0.430122614 0.645165622 0.439366192 0.917597353
    0.581698298 0.876467943 0.408235639 0.607123971 0.486563027
    0.686148822 0.223963022 0.732130945 0.0424592197 0.199572027
    0.0587143302 0.547372103 0.928971171 0.915017486 0.271550655
    0.577150345 0.0718981028 0.00334766507 0.148226202 0.470612496
    0.215669811 0.117268234 0.019344151 0.940100312 0.970915198
    0.535565019 0.897214651 0.777844012 0.53455925 0.565896928
    0.350570261 0.686182797 0.712111771 0.491296709 0.778335631
    0.598674119 0.672517419 0.33453986 0.48557812 0.757099569
    0.430856794 0.223965198 0.371405005 0.177321821 0.0661813617
    0.669237018 0.722103059 0.537208498 0.597795486 0.281238735
    0.00233602524 0.966119766 0.179644585 0.413405955 0.839469552
    0.714549541 0.646764398 0.0394870043 0.840243101 0.800823212
    0.304397911 0.0921227038 0.108755767 0.558353603 0.467522621
    0.561287582 0.0144634545 0.573801279 0.45331949 0.73365736
    0.422043115 0.738429904 0.242485762 0.168335259 0.755736351
    0.97101438 0.399059296 0.228010029 0.636552334 0.348262906
    0.959112287 0.55869323 0.420441568 0.39704752 0.351598918
    0.536203086 0.576708555 0.505821645 0.793379903 0.507241309
    0.488856733 0.229098052 0.897023439 0.497036994 0.800851226
    0.372862756 0.566148639 0.347689152 0.353920132 0.425449938
    0.909607768 0.221121013 0.258489132 0.0755124986 0.640513539
    0.0467000306 0.169781804 0.631573498 0.118180335 0.913790941
    0.818748593 0.956751347 0.32299161 0.856121659 0.265630782
    0.307957262 0.00553870201 0.94001323 0.53711164 0.724249661
    0.257988095 0.132822543 0.951485157 0.81029278 0.609634638
    0.42959258 0.0169079006 0.518451989 0.660695016 0.736887991
    0.66623348 0.339596003 0.617049932 0.712959349 0.972532153
    0.249304861 0.705406904 0.988344073 0.101388037 0.764919996
    0.0362680852 0.960445881 0.508112788 0.368266314 0.160069108
    0.822607934 0.402479738 0.292096525 0.159929872 0.313261032
    0.472505927 0.404724896 0.462581277 0.375225753 0.32101953
    0.398357093 0.0810712874 0.450915724 0.416142762 0.103205055
    0.929961264 0.691320658 0.938496828 0.341095269 0.952687085
    0.238278449 0.289345562 0.226128608 0.273080379 0.56544143
    0.175074726 0.36675638 0.0518681109 0.0440067649 0.475046456
    0.0214089453 0.179004073 0.249812543 0.848639369 0.393145621
    0.19527033 0.290791899 0.351213157 0.660611212 0.925988078
    0.828911781 0.577220023 0.424644023 0.319963604 0.152582556
    0.212596416 0.583613813 0.291917294 0.210736722 0.65242517
    0.488796473 0.222961307 0.201513082 0.824587643 0.365735531
    0.496546775 0.736141145 0.227473944 0.00302502513 0.771814466
    0.101820707 0.0701429844 0.719996095 0.247844458 0.797722697
    0.0880218148 0.418020934 0.815402865 0.18991822 0.200032562
    0.714487433 0.808333516 0.540003479 0.399763823 0.500751436
    0.926989198 0.692506135 0.791045666 0.741660893 0.127702802
    0.0581638217 0.0524536669 0.336410165 0.993996739 0.0314279497
    0.698528171 0.499314547 0.900958896 0.520246267 0.294741273
    0.482874274 0.401778728 0.91159451 0.125972092 0.642687082
    0.804085791 0.810947537 0.531054735 0.44268328 0.909523964
    0.0144016445 0.055629462 0.115872175 0.945825279 0.87823534
    0.861584544 0.694105804 0.131400347 0.45666644 0.883953989
    0.0167289078 0.524475336 0.409324288 0.524228275 0.259473443
    0.0722506046 0.0626792312 0.894275963 0.892558455 0.144236714
    0.23961696 0.787070036 0.534432352 0.485104024 0.801862359
    0.28036657 0.0613258481 0.403690457 0.45503819 0.257897317
    0.922149658 0.905911803 0.0922384262 0.176169276 0.922142744
    0.0741998553 0.826993823 0.500989676 0.142133743 0.224883318
    0.255550504 0.44513607 0.25895232 0.340087444 0.482118279 0.55448705
    0.515730321 0.229065716 0.659290314 0.302777201 0.873999 0.657145441
    0.284092635 0.90515089 7.60555267e-05 0.776920795 0.2716766
    0.114382565 0.589392066 0.918997705 0.26108399 0.108651519
    0.690059543 0.801377058 0.177988708 0.600652754 0.401775062
    0.584117889 0.0466068089 0.799693525 0.0399292707 0.00474271178
    0.250892967 0.407885194 0.146528989 0.616319418 0.0885818601
    0.891122699 0.358679891 0.269310027 0.133005649 0.0894449949
    0.292120159 0.485985667 0.925564528 0.965369582 0.992691815
    0.736303806 0.0578178167 0.386644304 0.164317757 0.793981552
    0.653357208 0.304805577 0.806014121 0.301323503 0.663284481
    0.353350133 0.672549367 0.265813053 0.881971478 0.154030651
    0.227386236 0.239248723 0.104322851 0.158259243 0.501444399
    0.711528242 0.744058609 0.701836526 0.866069555 0.4389323
    0.964005649 0.241909057 0.413352489 0.830480099 0.823722839
    0.895153761 0.411720127 0.823545337 0.430991977 0.492400765
    0.224960059 0.599251807 0.527551889 0.111881375 0.590991497
    0.598469198 0.378390342 0.0587362349 0.26202628 0.813433051
    0.584069848 0.575371504 0.365147144 0.264716417 0.59794575
    0.622126579 0.277159363 0.941378236 0.355922282 0.38775596
    0.106988311 0.523456395 0.691289425 0.800635457 0.476188868
    0.718638957 0.375690162 0.963778019 0.517986357 0.776091576
    0.00343331695 0.941591263 0.332126737 0.701043069 0.469765872
    0.25666678 0.192470551 0.896898627 0.124794364 0.928028941
    0.0308172405 0.824820876 0.989596546 0.838179767 0.713490009
    0.521795213 0.440172672 0.413305253 0.461357713 0.669264197
    0.407521069 0.629328907 0.949388146 0.844535708 0.332894027
    0.934807658 0.790309191 0.262160182 0.919490218 0.569150627
    0.166101962 0.806297541 0.226274222 0.0669862628 0.917924702
    0.735294163 0.293992519 0.338390559 0.329184473 0.43807894
    0.301381618 0.024161309 0.545993149 0.343260616 0.325021416
    0.538512349 0.0256153047 0.122029185 0.0710734129 0.217175782
    0.0190635026 0.524113417 0.109654576 0.0681247711 0.306627482
    0.202796161 0.548729539 0.419201195 0.817552447 0.391267687
    0.514733732 0.415243626 0.832196355 0.875756383 0.193964601
    0.11607191 0.713364482 0.0357244611 0.689923406 0.589917302
    0.913154662 0.154419601 0.852417827 0.781491399 0.907932639
    0.725665331 0.0288890302 0.942376435 0.69230175 0.675686121
    0.144297957 0.29333654 0.657987833 0.368270397 0.598788619
    0.649461508 0.991384983 0.0854232609 0.229021907 0.131900668
    0.553166568 0.916726828 0.392574519 0.804697692 0.0267498791
    0.844848156 0.536845863 0.257926583 0.606469035 0.74895376
    0.588442385 0.229775548 0.729219794 0.290086448 0.733424604
    0.972684026 0.444491923 0.816290259 0.347012103 0.35650754
    0.588306248 0.835614085 0.655111551 0.315461636 0.892772079
    0.575190127 0.992612898 0.559247613 0.0646601319 0.451667607
    0.267983973 0.601409912 0.0868074894 0.711111784 0.628239632
    0.0510491133 0.0209684074 0.234349132 0.798206151 0.245398253
    0.13279888 0.75990057 0.210891217 0.929259539 0.166438252
    0.961691499 0.173104465 0.287310243 0.073681891 0.129885644
    0.261385173 0.734260201 0.663295031 0.872468233 0.77841723
    0.481920362 0.200929105 0.80332303 0.5072667 0.491018325 0.987949729
    0.25651443 0.0582633615 0.798789144 0.174703151 0.418022782
    0.908991754 0.428573012 0.324410081 0.14975071 0.227745861
    0.0391983986 0.257454544 0.427006096 0.437934011 0.284200132
    0.27708137 0.0175988674 0.459252179 0.944942594 0.277191132
    0.0455008447 0.496077776 0.32896018 0.795608997 0.991043866
    0.669116139 0.963282764 0.0888014436 0.433221519 0.569472253
    0.316714376 0.0590820611 0.3210392 0.287286311 0.257984698
    0.143370181 0.641769528 0.00974678993 0.356024623 0.653014421
    0.904618621 0.0933962464 0.141641796 0.224048197 0.333102047
    0.926680565 0.185149521 0.27827841 0.447612971 0.629163384
    0.996266484 0.356025279 0.363596946 0.705446184 0.05953601
    0.852433324 0.434172839 0.208373904 0.327823877 0.477702737
    0.842898965 0.159264833 0.227259934 0.995363712 0.288568854
    0.44958812 0.862023711 0.475073308 0.604289293 0.284835279
    0.734553814 0.509897292 0.527407527 0.115360826 0.625606656
    0.348272622 0.246874154 0.432413846 0.248168319 0.667117715
    0.356558651 0.221312284 0.590687871 0.62087512 0.00982579589
    0.32483393 0.523832142 0.865478158 0.32253933 0.822669387
    0.537254274 0.00667649508 0.935827971 0.428019613 0.431842417
    0.937845469 0.567235947 0.642118454 0.902919888 0.68108356
    0.850852013 0.89144218 0.560641646 0.707235932 0.32986632 0.60654366
    0.876691222 0.559509397 0.312796891 0.852297664 0.155133635
    0.674267948 0.449953109 0.413434565 0.861795545 0.825526297
    0.136280358 0.562469482 0.512691796 0.857117176 0.949066877
    0.165152073 0.0990378857 0.696871638 0.884059429 0.961352885
    0.373923957 0.534181535 0.221333623 0.344944179 0.765212417
    0.659019113 0.827083349 0.184073418 0.101999253 0.898048639
    0.57154578 0.783474505 0.882760048 0.102317691 0.376161635
    0.196619511 0.147845596 0.484336048 0.162799448 0.0404203534
    0.131906658 0.102493674 0.671426058 0.0819843709 0.988839388
    0.701104879 0.84265852 0.385386407 0.441238284 0.778244257
    0.914492011 0.787768126 0.559521794 0.122075945 0.0482229292
    0.459122002 0.991410136 0.0886512101 0.343232781 0.431706637
    0.386886418 0.843347073 0.954335809 0.454412341 0.365685463
    0.936762452 0.152778894 0.843430996 0.5737679 0.53984046 0.33811602
    0.887801528 0.29620868 0.9287889 0.128072947 0.95798111 0.998634577
    0.145329326 0.0397050977 0.854035974 0.40694201 0.992480397
    0.0940572321 0.225147605 0.604825199 0.865052462 0.427699149
    0.417269766 0.0356506407 0.257516444 0.288110137 0.0760847628
    0.742820859 0.381474286 0.46069476 0.866144061 0.378189981
    0.446449786 0.503155112 0.927088022 0.673438013 0.97361207
    0.564026654 0.125538945 0.56601125 0.770080805 0.751818001
    0.491257727 0.338101298 0.742829025 0.766744852 0.877018809
    0.0692321062 0.694425106 0.846750975 0.39213115 0.290693641
    0.304760158 0.720786691 0.192152679 0.323253214 0.247217745
    0.455770075 0.417927593 0.666235685 0.0395965874 0.170367807
    0.526279569 0.927368999 0.088037312 0.0118807256 0.719466567
    0.829549313 0.128406763 0.816290021 0.898665071 0.691937983
    0.592373967 0.992753267 0.170131117 0.546365559 0.612154841
    0.772902012 0.341970861 0.955642343 0.350617677 0.274802983
    0.440735608 0.890207291 0.495903134 0.755048394 0.97723335
    0.579389155 0.409738302 0.0182828903 0.527110517 0.851366818
    0.305556744 0.531797528 0.368097872 0.693664551 0.757763624
    0.19756633 0.481852382 0.122405142 0.980326176 0.182923526
    0.546442628 0.534183085 0.130520642 0.808374882 0.716044188
    0.43827945 0.197676688 0.460556179 0.550788462 0.688837349
    0.725564539 0.693807304 0.299328089 0.904978991 0.255906284
    0.179810703 0.587760866 0.86618042 0.0552449822 0.676509738
    0.871389985 0.733850181 0.346329749 0.0273542106 0.413538754
    0.689434111 0.432363421 0.991545439 0.0324564874 0.730172932
    0.335773647 0.840484738 0.879338145 0.914231777 0.991260886
    0.438298821 0.93350178 0.965240002 0.0100202262 0.829359114
    0.0873959363 0.655784488 0.443645895 0.792118073 0.493058145
    0.834949017 0.11430347 0.565152586 0.157054961 0.940567076
    0.39910239 0.733018458 0.687515378 0.298675239 0.21345821
    0.691402853 0.538190246 0.957599699 0.334211767 0.669744968
    0.159047663 0.605823874 0.149617136 0.193949372 0.906590998
    0.115888983 0.685798347 0.915026724 0.0531215072 0.517733872
    0.398430049 0.549615383 0.180807114 0.660835862 0.168895781
    0.365306556 0.331626445 0.959439039 0.341618985 0.159018338
    0.255347222 0.379438281 0.597705603 0.131630063 0.449692667
    0.979333103 0.00187683105 0.397910327 0.634586215 0.261205733
    0.324401677 0.622913122 0.193049461 0.78150928 0.673824131
    0.90692544 0.894032598 0.64797765 0.337759227 0.434324652
    0.328851551 0.746216774 0.243294895 0.473199725 0.0340567529
    0.441131055 0.937657654 0.398602903 0.80058074 0.917282581
    0.299865127 0.224128664 0.753906071 0.816083074 0.362531126
    0.4203372 0.711763382 0.803449035 0.164313495 0.372610211
    0.873589098 0.706588149 0.450585037 0.401881158 0.05697456
    0.526667714 0.794986665 0.00121375918 0.707417548 0.753183186
    0.514071524 0.331938446 0.434824586 0.958446741 0.46629709
    0.461034328 0.493324846 0.0273005664 0.0124373138 0.949160576
    0.94779098 0.541316926 0.426925242 0.625751913 0.610130429
    0.771522224 0.0211776793 0.518306315 0.12796104 0.106232107
    0.362900615 0.909716427 0.210540622 0.752975941 0.870850921
    0.497633994 0.210771412 0.715740204 0.617868125 0.798333764
    0.706581712 0.117457807 0.033267498 0.708215475 0.0210455358
    0.697735667 0.666727126 0.603901267 0.440556526 0.371067047
    0.833928645 0.977384865 0.52261436 0.198683172 0.782160401
    0.818765581 0.550607562 0.46494633 0.324323654 0.614734769
    0.346517086 0.893327951 0.0693762004 0.0213652849 0.507164955
    0.0750701725 0.162942499 0.591971219 0.836979985 0.31582129
    0.0259826481 0.441246361 0.830786705 0.407583237 0.100508809
    0.568242967 0.876450956 0.0377485156 0.833811879 0.4432818
    0.589613974 0.400329739 0.343362451 0.518346071 0.317017317
    0.156913251 0.532610774 0.211667657 0.801833749 0.436704189
    0.996774673 0.130208105 0.699391127 0.81014061 0.0203877985
    0.112379104 0.632939458 0.185934484 0.37078914 0.126859039
    0.330076963 0.0494097769 0.486385703 0.219057173 0.130450219
    0.169503838 0.945126534 0.25655672 0.0262390077 0.605281115
    0.967282712 0.362202197 0.644812703 0.185370237 0.551689625
    0.293911159 0.451444566 0.589115739 0.588152587 0.0686862469
    0.392448932 0.308957219 0.469578922 0.898081064 0.806792438
    0.164182365 0.977369726 0.679328382 0.605421126 0.923167944
    0.596695244 0.144386947 0.921234965 0.836712897 0.08831352
    0.688776672 0.396935821 0.962159395 0.908566952 0.454663217
    0.823715925 0.0211889446 0.457106411 0.927379727 0.137614399
    0.129628599 0.0700518489 0.128018022 0.0777360797 0.753705978
    0.194378406 0.388203621 0.134528577 0.846737862 0.97908181
    0.0604019165 0.531371415 0.96817416 0.49935177 0.428347111
    0.626152337 0.566762209 0.105719358 0.825254321 0.523745358
    0.77668035 0.998948455 0.462258697 0.248491913 0.791338265
    0.679401219 0.636233985 0.695928752 0.26814723 0.51146549
    0.862609267 0.613923788 0.377955735 0.872755885 0.564416647
    0.653456569 0.0799299479 0.676189959 0.979876399 0.0526046455
    0.867831945 0.933770537 0.500115216 0.176973015 0.511563301
    0.218415856 0.89848578 0.924758077 0.301136494 0.615023255
    0.0625077486 0.00122651458 0.500058174 0.892760754 0.589457512
    0.964009404 0.142409742 0.543791592 0.282287955 0.391444206
    0.0658062994 0.912138343 0.338222325 0.243955195 0.804448962
    0.384177208 0.30079934 0.24077642 0.0512045622 0.94408071
    0.453124017 0.952441692 0.470072925 0.552910864 0.109534025
    0.617833972 0.877261996 0.883218825 0.82832849 0.782385468
    0.320455343 0.453108788 0.570492923 0.595317304 0.915049911
    0.468080401 0.783811629 0.569895029 0.950998902 0.454512298
    0.716441214 0.0277511179 0.392215133 0.462073267 0.813320816
    0.507624805 0.626825392 0.658146977 0.523039103 0.200302601
    0.994184256 0.383480102 0.168000907 0.317132503 0.89115119
    0.448955059 0.63334465 0.943525314 0.472502738 0.161378026
    0.692806065 0.512952209 0.227185011 0.399722427 0.418789387
    0.487157404 0.682809234 0.919620931 0.825341463 0.615623832
    0.106702358 0.0116803944 0.842106521 0.707813621 0.90294373
    0.266625643 0.369446218 0.146404535 0.307997793 0.776775241
    0.917610526 0.66320914 0.524722993 0.0192297697 0.059487164
    0.0916953087 0.906379938 0.761018097 0.247994572 0.944081545
    0.625231683 0.802165926 0.345876634 0.526767612 0.090678215
    0.470629513 0.244758695 0.711027265 0.318179071 0.352257282
    0.834618688 0.871507287 0.330501139 0.912815332 0.558996379
    0.12036714 0.793381333 0.259678841 0.765002251 0.282302022
    0.947876215 0.240295976 0.0695002675 0.110288948 0.401740909
    0.504838824 0.958275557 0.622036576 0.829252064 0.378039271
    0.97946018 0.0394963622 0.974274635 0.626242995 0.641409814
    0.847579718 0.851795793 0.870189369 0.855243504 0.382056475
    0.688494205 0.890175939 0.226072907 0.224609226 0.483916342
    0.937513113 0.365450054 0.459136933 0.295795441 0.293837577
    0.475738913 0.662954628 0.973105252 0.137882769 0.652603865
    0.372440338 0.279930651 0.693803847 0.595613897 0.26835227
    0.359640121 0.0645927489 0.311075568 0.513334155 0.870359719
    0.939094543 0.0127885342 0.0259671509 0.891230226 0.0695043206
    0.974328637 0.591097414 0.372265399 0.166600376 0.785941482
    0.373766661 0.752211809 0.701849341 0.168273509 0.317714989
    0.854545355 0.435360849 0.683251381 0.606371045 0.433280528
    0.71308893 0.0881919861 0.94596839 0.410147071 0.781729758
    0.166790098 0.946219921 0.836235404 0.096919477 0.825186133
    0.162278801 0.209126204 0.272813082 0.587106586 0.0585540533
    0.50776118 0.384127021 0.955009341 0.608766556 0.577005446
    0.107835889 0.134786218 0.667633414 0.586678565 0.753549576
    0.246358275 0.0473659635 0.851219237 0.831677437 0.587124944
    0.344677389 0.869712949 0.52819699 0.235655099 0.104907036
    0.173310161 0.122906566 0.295179665 0.897646904 0.566289961
    0.534947634 0.326074958 0.992093205 0.0536287427 0.378953487
    0.355689466 0.11998859 0.573234141 0.355472773 0.0510186851
    0.354126453 0.920193791 0.781028807 0.462927729 0.247495711
    0.688647389 0.0109333992 0.326805174 0.679740667 0.325665534
    0.30370611 0.77469933 0.782597065 0.841453195 0.483626425
    0.943527341 0.443727106 0.796307206 0.392823666 0.222441345
    0.246987611 0.445417285 0.905788839 0.00259435177 0.239441693
    0.2947689 0.673314929 0.359014183 0.809112906 0.604619563
    0.164585441 0.725378156 0.744340897 0.432952404 0.932955861
    0.996759892 0.539846718 0.413709372 0.774593592 0.63939476
    0.27291584 0.0570038557 0.946699023 0.79612726 0.363174856
    0.746599853 0.272974104 0.65039444 0.131141007 0.235149324
    0.57775408 0.146429032 0.458003193 0.539423943 0.0215833783
    0.0390622616 0.860235393 0.249084234 0.935314596 0.468811244
    0.296947777 0.277641237 0.782739818 0.983004153 0.405552775
    0.852814674 0.638782024 0.514806211 0.624441564 0.13312313
    0.0399191678 0.145718187 0.66451478 0.863813937 0.985846102
    0.137544453 0.621228814 0.704856575 0.729831338 0.355423331
    0.268796086 0.915100217 0.403251588 0.166256368 0.551947594
    0.121649206 0.0405776799 0.918523669 0.227772355 0.117643416
    0.0657322109 0.0863034427 0.289976746 0.333139539 0.614340782
    0.535493553 0.157608628 0.912333369 0.169406086 0.661470413
    0.852139235 0.905006349 0.0509833694 0.635985911 0.461820096
    0.136971861 0.375500977 0.715545893 0.463620543 0.524483562
    0.651445925 0.675734401 0.909635663 0.0966810286 0.411926359
    0.00536572933 0.00536170602 0.716748714 0.380566657 0.121638238
    0.710084856 0.76690197 0.47205925 0.988848329 0.491989404
    0.647036016 0.37481612 0.380516589 0.318699718 0.772289932
    0.768069685 0.754948974 0.752217531 0.686144233 0.595683634
    0.444595367 0.076941222 0.185235798 0.559632123 0.854582369
    0.524820089 0.494067609 0.983837605 0.473373473 0.550932884
    0.495349914 0.675566733 0.334341735 0.449627548 0.485783815
    0.170407921 0.991441369 0.0684899688 0.601400375 0.0948633552
    0.913053989 0.256254226 0.703430176 0.0625950694 0.404940397
    0.279503167 0.934788704 0.785505056 0.391381711 0.213190496
    0.389715612 0.995865822 0.877999246 0.782109618 0.273813009
    0.148018897 0.0776225924 0.785484076 0.675102234 0.575946569
    0.257959247 0.938230813 0.918455362 0.188865513 0.439505339
    0.144847453 0.523179293 0.46310395 0.345032811 0.584593534
    0.850933552 0.281208992 0.390102327 0.52217716 0.477709025
    0.334051758 0.296207637 0.453065395 0.318175614 0.164310426
    0.482151538 0.456087947 0.63917464 0.496346265 0.69680351
    0.105445921 0.912829161 0.24402532 0.214655966 0.896141648
    0.230794758 0.222600758 0.310015231 0.778216124 0.370604992
    0.270084262 0.832568884 0.869683743 0.249585599 0.157506555
    0.582631826 0.706419289 0.521205068 0.954440415 0.172598183
    0.972949982 0.893701196 0.425406367 0.949287832 0.439098835
    0.883929968 0.0298560262 0.690389991 0.62392211 0.85407567
    0.544596195 0.881708205 0.327273339 0.368971169 0.399959028
    0.392576605 0.969752908 0.645212531 0.0740326047 0.476754636
    0.522640824 0.375937641 0.5563218 0.402816623 0.314778507
    0.360404134 0.970634937 0.430709124 0.688238144 0.134236604
    0.517972708 0.330031514 0.995957613 0.00529664755 0.446137071
    0.294746459 0.679428399 0.242238224 0.413351864 0.5317716
    0.0652928054 0.0525639057 0.227474779 0.383326679 0.937244833
    0.795950353 0.432852387 0.32284379 0.50041908 0.816102207
    0.995597839 0.119443536 0.636372685 0.300069422 0.981140614
    0.201499224 0.77833724 0.430952638 0.243267059 0.11334005
    0.101730824 0.226352513 0.0368379354 0.938011885 0.890935123
    0.847759366 0.437034041 0.711819172 0.153261602 0.218179524
    0.493180037 0.386948735 0.410557449 0.454072714 0.469133884
    0.266707182 0.794833899 0.589835703 0.743532896 0.433479011
    0.674130201 0.262530237 0.334807009 0.186575592 0.956639647
    0.972136796 0.336516142 0.310491502 0.225417852 0.485236764
    0.374710679 0.63505888 0.0482504368 0.468524575 0.369349897
    0.0618179739 0.262337863 0.232615471 0.649130166 0.840239286
    0.0614299774 0.754746914 0.715088725 0.0949677229 0.335997283
    0.359479547 0.326008439 0.979321241 0.0930745006 0.795224547
    0.889962971 0.0583147705 0.730743885 0.536220253 0.615324438
    0.562836826 0.362315357 0.482056797 0.0813386738 0.561171949
    0.285672069 0.00256240368 0.0106868148 0.138722777 0.0640365183
    0.901545882 0.93114078 0.170750409 0.67759043 0.88507998 0.977305174
    0.221548975 0.493858367 0.531746566 0.905677557 0.868403077
    0.708811283 0.553682804 0.469307095 0.661737978 0.280261457
    0.214189231 0.577403843 0.232276618 0.378984541 0.591680288
    0.971164465 0.291995257 0.514412642 0.803467631 0.440339357
    0.868802071 0.144492626 0.520481765 0.35920471 0.583756328
    0.125117064 0.460484236 0.560666382 0.865696311 0.527861774
    0.75999248 0.980228364 0.60325247 0.47633031 0.336748123 0.568793356
    0.820901155 0.325121343 0.504422843 0.299820155 0.793177128
    0.436568767 0.582646668 0.69056505 0.955806255 0.0505438745
    0.818615437 0.00444117188 0.826716423 0.687490344 0.667995095
    0.619862735 0.0259099603 0.935241818 0.28678602 0.884131968
    0.746179998 0.951601505 0.513983488 0.872378647 0.389175594
    0.149730414 0.497870088 0.729001343 0.381357104 0.958758235
    0.512454808 0.767398834 0.163330168 0.080378294 0.685461462
    0.903182983 0.829792261 0.847229779 0.378671259 0.231886357
    0.932856441 0.639942586 0.495405048 0.918273687 0.66116178
    0.90778029 0.240150988 0.702591181 0.760811448 0.118766934
    0.23639819 0.387009263 0.0895873308 0.729578316 0.0417696238
    0.50249356 0.910230041 0.0770273805 0.458899975 0.176703721
    0.881203949 0.566954255 0.196813852 0.0438646078 0.926344573
    0.581439316 0.558851123 0.656933069 0.703431845 0.199043423
    0.873590469 0.447842538 0.556150496 0.18898204 0.305291414
    0.068305403 0.532082617 0.459527969 0.840147495 0.196517617
    0.893799663 0.68494004 0.795141697 0.0500720143 0.0425240695
    0.751341999 0.958899617 0.284402817 0.612212002 0.911469162
    0.734581053 0.487007529 0.0229568779 0.856303394 0.531886637
    0.795706511 0.936439037 0.580706596 0.0616152883 0.852003694
    0.421037465 0.959375322 0.826122761 0.804493248 0.58609426
    0.158536285 0.533013344 0.476617455 0.164122671 0.499122977
    0.793690681 0.267437577 0.472797096 0.243659556 0.541771173
    0.0127735138 0.0322447717 0.167069972 0.182328641 0.232953548
    0.560281515 0.947298586 0.396760792 0.151152164 0.474401712
    0.993702412 0.130527765 0.843439937 0.323531568 0.771350741
    0.716213107 0.930482626 0.84147048 0.343628883 0.681764483
    0.0963739753 0.382095277 0.325135112 0.610766649 0.566163898
    0.0574440062 0.06428352 0.838478267 0.0641309321 0.877893448
    0.256640643 0.740916014 0.960447311 0.0983158052 0.704303026
    0.685817838 0.513679326 0.962698817 0.973860502 0.13457194
    0.457759559 0.382728934 0.418214113 0.802196026 0.242862493
    0.914530993 0.297102392 0.543571532 0.611878693 0.312888563
    0.0532975197 0.597155571 0.554012299 0.151568353 0.498952478
    0.507510841 0.53855598 0.328282475 0.809262276 0.494819313
    0.655815959 0.425410837 0.198130518 0.560207844 0.933689713
    0.415850759 0.129335314 0.818597496 0.339104354 0.850814104
    0.206195205 0.576617181 0.0293498039 0.483405858 0.439597607
    0.510976374 0.426113307 0.41731748 0.122760534 0.747548819
    0.766833663 0.362092525 0.433337003 0.840318739 0.0886169672
    0.281442344 0.510173678 0.413942397 0.54612267 0.342870414
    0.0461252928 0.62414676 0.753263056 0.678886771 0.310872793
    0.880065441 0.433524847 0.822406411 0.488988072 0.736582279
    0.80372864 0.677001178 0.739431262 0.464466274 0.784227729
    0.0360935628 0.0214430094 0.503180087 0.260764599 0.91555047
    0.923173189 0.718288481 0.163814843 0.916394353 0.298471302
    0.58946079 0.188354433 0.484597474 0.590471625 0.535087287
    0.247701198 0.285894215 0.492678344 0.120018125 0.667548358
    0.694980741 0.716231704 0.0189941525 0.433150232 0.606498241
    0.668595791 0.0575897694 0.256931305 0.724181652 0.624446929
    0.136080384 0.987932086 0.254522383 0.124549359 0.0403675437
    0.473216861 0.235681921 0.111100942 0.200819492 0.642622709
    0.435023844 0.0320716798 0.531043828 0.0136272311 0.801551223
    0.807097435 0.0631840825 0.547720015 0.658402801 0.952861011
    0.573411405 0.931965709 0.73289597 0.677528858 0.535144448
    0.421223283 0.227482766 0.251662552 0.18172437 0.854242921
    0.109307528 0.346283674 0.871003866 0.00335872173 0.491796136
    0.500511944 0.809708953 0.333912998 0.102276236 0.541829407
    0.787727118 0.691842496 0.0652377009 0.601159751 0.66454649
    0.18338728 0.639148653 0.215572894 0.341247082 0.750090122
    0.104967892 0.567017674 0.561322033 0.377362102 0.043684572
    0.118440986 0.876623988 0.608092785 0.72319901 0.943491578
    0.628540337 0.839793801 0.497169524 0.962553978 0.97028017
    0.849913478 0.805371642 0.868382215 0.554125011 0.208274305
    0.152490467 0.94695735 0.15738827 0.735415936 0.0150820017
    0.476508081 0.67015636 0.660855412 0.339708388 0.683645844
    0.163281292 0.387716264 0.531416714 0.0420595109 0.870864272
    0.94532603 0.21692571 0.131721973 0.404780507 0.813772082
    0.797388554 0.167023629 0.592469454 0.508948445 0.764833927
    0.493567675 0.337077498 0.121093363 0.0350326598 0.803355575
    0.690787375 0.399905354 0.464497983 0.724580228 0.52851814
    0.311606288 0.609549999 0.0764141083 0.61905843 0.729079187
    0.413380325 0.629585147 0.560901344 0.0857816637 0.691854537
    0.0360231698 0.0548245311 0.537937939 0.443127841 0.830588579
    0.276312709 0.674056351 0.144537896 0.842514992 0.217903376
    0.764822483 0.979353309 0.123748153 0.347112834 0.137330353
    0.878012657 0.906959653 0.551734686 0.606962383 0.365981936
    0.913389027 0.640455902 0.00524890423 0.254347801 0.816215396
    0.0153676271 0.472202688 0.817927837 0.43812108 0.0756335855
    0.701727629 0.510502338 0.631426811 0.127050936 0.989940524
    0.760696173 0.714445889 0.381020129 0.38251245 0.556033313
    0.300644875 0.982088566 0.663875461 0.96018064 0.818369687
    0.192285031 0.983781755 0.906338215 0.0953086019 0.6953879
    0.403437793 0.199902356 0.573582709 0.638120353 0.0981117785
    0.41664663 0.888330817 0.556699097 0.933629692 0.833320618
    0.738273621 0.967513323 0.384600878 0.707570314 0.553456128
    0.886315107 0.54934907 0.748605192 0.874324203 0.119026721
    0.25950557 0.0488837063 0.0249015987 0.918214858 0.0940213501
    0.732215703 0.343157321 0.587227225 0.517474949 0.597608447
    0.912989736 0.737444162 0.163416803 0.733169556 0.528561234
    0.424499601 0.689338803 0.250106305 0.908861279 0.34731549
    0.0879958868 0.91036731 0.00217083097 0.06715554 0.0817441046
    0.0037535429 0.587184668 0.219377995 0.144291669 0.818703294
    0.643782318 0.12958321 0.525853038 0.538817763 0.613097548
    0.431485683 0.929051161 0.965370357 0.881158829 0.746035814
    0.0245915353 0.339906096 0.00692558289 0.787769675 0.817011535
    0.977872849 0.462363809 0.97026068 0.334809601 0.0400376022
    0.423880994 0.236823857 0.922798872 0.491265237 0.640228868
    0.346793056 0.72338748 0.10353598 0.141317755 0.644289792 0.88355279
    0.599926054 0.377741396 0.927301288 0.455447465 0.947155356
    0.303039044 0.397238344 0.00361296535 0.825295925 0.524874687
    0.817575216 0.774006784 0.962455213 0.413550496 0.34277755
    0.420239985 0.482843399 0.62683022 0.416905344 0.433889568
    0.77022022 0.681532621 0.663178444 0.20052439 0.832220197
    0.982738853 0.0932886899 0.960660875 0.944393396 0.15156427
    0.399760604 0.118804067 0.236358941 0.763801992 0.175915599
    0.00822806358 0.110101312 0.549447834 0.426736712 0.367612392
    0.940852046 0.193318546 0.023571074 0.804902434 0.733062983
    0.191346794 0.442802191 0.00892406702 0.169574529 0.0331963599
    0.726083755 0.428070247 0.992827713 0.96924907 0.862453043
    0.086563766 0.0539690852 0.657645702 0.70261693 0.403553784
    0.0764594078 0.327197373 0.953676939 0.594150782 0.0451081097
    0.607529879 0.114275515 0.822879314 0.945746183 0.386386335
    0.756460667 0.437397599 0.466485113 0.813650191 0.202240825
    0.682304978 0.121973038 0.00975671411 0.80431509 0.824337363
    0.43471989 0.153750032 0.433559299 0.293654144 0.42134726
    0.165052503 0.0836665332 0.0397583246 0.57370019 0.269284099
    0.754485369 0.730220437 0.198070109 0.543424606 0.681072116
    0.0522702336 0.572778225 0.507493734 0.459343731 0.436398715
    0.0835487545 0.520666778 0.718514323 0.40763092 0.37643376
    0.931824327 0.983312607 0.631941676 0.729683757 0.825818777
    0.430365175 0.377953231 0.931286037 0.58978796 0.333631098
    0.660966516 0.762346268 0.479651093 0.791696489 0.282619864
    0.873670042 0.865531385 0.224588543 0.759792209 0.884866774
    0.0718936026 0.518725693 0.17426911 0.9047122 0.0115624666
    0.0330206454 0.39115414 0.884802461 0.547992587 0.936350763
    0.911420107 0.661021829 0.615522027 0.796482086 0.819739521
    0.400027663 0.341824949 0.033811301 0.00959473848 0.368470728
    0.536386728 0.736515343 0.277846605 0.574169338 0.853092968
    0.173375189 0.439695328 0.583303273 0.730524182 0.185698092
    0.344995171 0.285495102 0.986898303 0.483301699 0.858831525
    0.0527502 0.12856704 0.780584514 0.199269831 0.0236323476
    0.985853016 0.317527115 0.0450989604 0.330585241 0.755921006
    0.50535363 0.861148 0.267420083 0.89576906 0.47437042 0.178740531
    0.0544453263 0.200891346 0.619891942 0.356298059 0.950100362
    0.0870434046 0.888670087 0.540639877 0.762214959 0.375755936
    0.633794367 0.32255426 0.894255042 0.72375226 0.525241613
    0.914712667 0.993647218 0.397773027 0.572729886 0.641229868
    0.432383001 0.766889215 0.578029931 0.276357472 0.774151802
    0.587964654 0.606887043 0.945916295 0.717705905 0.398425639
    0.391817093 0.619054437 0.381493419 0.00356718898 0.438769907
    0.408764273 0.79611361 0.228837878 0.552048028 0.666577399
    0.41704914 0.48697108 0.303268254 0.115219235 0.918494225
    0.130707264 0.674459338 0.881492555 0.528923512 0.880051494
    0.675795376 0.429195285 0.275151193 0.87306416 0.351491094
    0.140986443 0.723945677 0.333464861 0.129294723 0.27247414
    0.0504784882 0.834820986 0.0120236278 0.986361384 0.520031333
    0.483098865 0.382443696 0.0743107796 0.308459878 0.810790777
    0.728245556 0.65748316 0.799278378 0.728603005 0.688054502
    0.519922435 0.725364864 0.416764468 0.648213506 0.982241631
    0.481067926 0.185977012 0.254389226 0.834659696 0.129487514
    0.72760278 0.159970701 0.620197237 0.364885271 0.787540913 0.9767344
    0.0618077219 0.961782634 0.53583324 0.262788206 0.561110854
    0.301807284 0.415668964 0.686838269 0.29204005 0.00966507196
    0.942817986 0.688319087 0.60182929 0.13015157 0.189882398
    0.391837209 0.0447359383 0.84912324 0.0770439804 0.780250192
    0.0954642892 0.802482367 0.122651607 0.500507355 0.928579688
    0.0227775872 0.640179276 0.214264452 0.523685157 0.647599578
    0.690200388 0.593564749 0.0979920328 0.236555547 0.922175169
    0.823848605 0.312090755 0.185503989 0.369394958 0.159754843
    0.358136743 0.319065779 0.233455062 0.0127838552 0.178587317
    0.0178080201 0.482780039 0.729678035 0.698450029 0.140346438
    0.553487539 0.518586338 0.767811775 0.78979677 0.200068444
    0.141742229 0.965149283 0.178838432 0.584912539 0.472531974
    0.568692327 0.594598293 0.539121747 0.190539867 0.934436321
    0.403766096 0.904751062 0.702162564 0.35982728 0.783163011
    0.422690302 0.342392415 0.227454036 0.709829688 0.603447199
    0.412757516 0.131384403 0.586784005 0.853716373 0.980136514
    0.163164616 0.139253229 0.378616929 0.972550392 0.420329601
    0.217533261 0.519273937 0.360014558 0.884112239 0.406373113
    0.333422899 0.598291337 0.00085401535 0.885593653 0.549396753
    0.167660564 0.410069972 0.840148091 0.930106223 0.85577333
    0.854945004 0.422972023 0.597077727 0.479172826 0.394942373
    0.491681844 0.946300745 0.358532399 0.744123876 0.424399257
    0.0870315731 0.683544755 0.223831624 0.428880274 0.549459398
    0.500016093 0.797650099 0.991302729 0.322959304 0.718017817
    0.603973329 0.483308047 0.708021045 0.161062986 0.993164062
    0.849628448 0.35732305 0.141295373 0.0661406517 0.246896714
    0.27164948 0.365444183 0.335503429 0.181666493 0.572356105
    0.0986081362 0.828319907 0.696859241 0.120374411 0.560169995
    0.235458434 0.860497952 0.869535089 0.148234457 0.66442275
    0.508295476 0.715880275 0.716819406 0.608595252 0.755631685
    0.0848069787 0.617650747 0.928933024 0.240773082 0.976135254
    0.11994952 0.535389423 0.779870093 0.982344866 0.61128509
    0.931364894 0.613410652 0.0577414334 0.173688143 0.0527504683
    0.00302100182 0.0391251445 0.460486412 0.939486742 0.341197193
    0.569450855 0.341300905 0.316474795 0.409297794 0.566282749
    0.827973247 0.835622311 0.875309348 0.187652111 0.293706834
    0.490971684 0.243286252 0.778541684 0.508903265 0.441068053
    0.740240812 0.540106833 0.0481449366 0.357252389 0.465002149
    0.564632714 0.0683153868 0.558226645 0.787466586 0.732603133
    0.50778091 0.844929457 0.312524676 0.438325077 0.862785935
    0.024833709 0.562278748 0.162915826 0.71678102 0.702287138
    0.463288307 0.541906059 0.467612624 0.551971674 0.994047463
    0.259122789 0.929727674 0.265339196 0.0931684971 0.0314730108
    0.741788864 0.99966228 0.168122053 0.624654949 0.0410196185
    0.3944498 0.345217139 0.568819225 0.258718342 0.485394776
    0.202112198 0.0311374366 0.40617916 0.3138583 0.474135876
    0.167110801 0.856846333 0.43909052 0.404808998 0.0430473685
    0.457944483 0.943961024 0.446798593 0.613431633 0.86258924
    0.427352935 0.171152353 0.8222996 0.250577301 0.0960951149
    0.270250678 0.637175083 0.884057462 0.792397976 0.768577099
    0.939688683 0.463014334 0.867871046 0.362926424 0.376048595
    0.895465076 0.37042284 0.429793 0.355970979 0.822194576 0.636376917
    0.678616047 0.904205918 0.368326098 0.862333477 0.868841887
    0.8037467 0.402262151 0.0284839571 0.510404766 0.498495132
    0.103706479 0.744335294 0.520282269 0.449323028 0.924198747
    0.520266414 0.9761374 0.396273971 0.564064205 0.893262863
    0.0457906425 0.49459669 0.232046992 0.219523937 0.120565951
    0.291323781 0.599989831 0.71114558 0.51990068 0.494410872
    0.329075724 0.380539685 0.249548167 0.0667930543 0.693725228
    0.0691898465 0.508515835 0.169503361 0.0886411667 0.582516491
    0.643157482 0.319589734 0.230710149 0.733349264 0.881862998
    0.754390597 0.565776527 0.0416584313 0.37669 0.364462614 0.18160817
    0.652757525 0.710161567 0.558523893 0.0381523669 0.748333812
    0.278798521 0.688196898 0.674572468 0.61858803 0.843330204
    0.624294221 0.767234087 0.742245793 0.15630883 0.864540458
    0.670426011 0.110487819 0.360700846 0.4725191 0.44463861 0.202568769
    0.675939083 0.385076374 0.663828313 0.0694740117 0.360159576
    0.112410694 0.890893936 0.742819786 0.0741059482 0.855640531
    0.969997168 0.0276777744 0.869333506 0.72465229 0.910769045
    0.234757096 0.544666052 0.894116819 0.406771481 0.362997651
    0.0597772002 0.0595065951 0.244578004 0.635330319 0.00227043033
    0.427214742 0.266108006 0.644028425 0.769591451 0.594352782
    0.726614594 0.172344714 0.811236918 0.370994657 0.71741128
    0.685968518 0.137298644 0.784928441 0.380451113 0.236477017
    0.582861364 0.701395869 0.861407518 0.890270472 0.550135911
    0.689762712 0.607663393 0.279677004 0.603699327 0.548338115
    0.605790019 0.43459177 0.65571624 0.666317761 0.403919488
    0.826517344 0.866311729 0.823748648 0.994775832 0.344200969
    0.0703474283 0.904956222 0.598841012 0.96807766 0.145912051
    0.355963826 0.106191725 0.407007337 0.00638726354 0.426222444
    0.171570599 0.902525187 0.40233469 0.793961406 0.82762289
    0.881352305 0.0892393291 0.870184183 0.576150835 0.656909764
    0.936948657 0.106515855 0.384303093 0.111448228 0.985660374
    0.56739217 0.691384494 0.647355795 0.9688164 0.892451942 0.26058501
    0.924156845 0.213726252 0.534545779 0.848828137 0.927703917
    0.331065178 0.357936323 0.611997366 0.205878764 0.113095015
    0.767114699 0.385296106 0.943630457 0.00579044223 0.314675391
    0.318652928 0.792118192 0.871735036 0.658405066 0.254764915
    0.884981751 0.216146618 0.567458987 0.269414127 0.29301101
    0.850189447 0.472764015 0.570372462 0.205408514 0.655251324
    0.0331546962 0.211362064 0.544680953 0.773339629 0.770914018
    0.921197653 0.257854432 0.919591427 0.306378365 0.555194795
    0.802360296 0.992971778 0.670940995 0.999518573 0.244977415
    0.869553387 0.108497143 0.862109303 0.978255868 0.80398345
    0.818266451 0.310147703 0.507802367 0.787705898 0.939444005
    0.275825143 0.673820078 0.30620414 0.720967412 0.597363949
    0.768527269 0.295895875 0.11172241 0.48976627 0.232099831
    0.869391918 0.818013072 0.683733046 0.268179029 0.0834167302
    0.246987611 0.794459581 0.0374883711 0.840166211 0.359531611
    0.15707761 0.285969734 0.574533165 0.78543818 0.686844707
    0.000275105238 0.653989673 0.660118997 0.374650419 0.839417875
    0.18582657 0.82731384 0.244565189 0.539830446 0.333071113
    0.362529099 0.505104065 0.00327733159 0.060674876 0.55262512
    0.0906735063 0.630748093 0.451494217 0.595316052 0.903446317
    0.692735672 0.510259151 0.907917142 0.504639864 0.729095399
    0.259972453 0.280923903 0.555438101 0.771690249 0.815127254
    0.847772717 0.348519981 0.872843742 0.804413378 0.628766119
    0.966317594 0.105466157 0.0234203041 0.432563484 0.643081009
    0.826777697 0.996777356 0.377479613 0.407832175 0.205025941
    0.122691065 0.411004275 0.428344101 0.459720731 0.887019515
    0.923148394 0.197088242 0.510611176 0.117991447 0.0737848878
    0.858694315 0.300934285 0.218001604 0.779822588 0.518446267
    0.421121567 0.795214534 0.792806149 0.428639829 0.141639084
    0.160646886 0.793869376 0.0179733634 0.663728476 0.880982041
    0.419924557 0.377108544 0.897870898 0.176151305 0.960300565
    0.162545711 0.933490753 0.00937861204 0.667560399 0.0298574269
    0.509933293 0.0959586203 0.476097345 0.171654701 0.561755896
    0.949798346 0.608678937 0.653217554 0.141431808 0.968760431
    0.626236916 0.772696733 0.606126428 0.985842586 0.487607867
    0.113545865 0.893325686 0.348965526 0.035348773 0.619888604
    0.814415157 0.294831336 0.959804356 0.419862539 0.638879836
    0.0197026134 0.147838444 0.146606684 0.693261862 0.480898201
    0.00202122331 0.0108129382 0.978122354 0.341339082 0.939022243
    0.545969129 0.598365247 0.024474442 0.109194219 0.269229114
    0.283476651 0.080753684 0.703906834 0.837241769 0.667791009
    0.26917094 0.645899653 0.627291799 0.663152575 0.0534355938
    0.452483267 0.275483757 0.529354692 0.251400828 0.998118162
    0.209383756 0.0146824718 0.572477579 0.794525087 0.471647233
    0.385072917 0.71162647 0.988359094 0.501867294 0.698352158
    0.716141343 0.320024073 0.96360141 0.598511696 0.281389654
    0.85062778 0.774378359 0.0483906865 0.399139404 0.720724225
    0.0938259065 0.97646451 0.897363663 0.794515967 0.264525115
    0.598050475 0.300473124 0.427324384 0.387341261 0.190795273
    0.261060327 0.497673661 0.0681090951 0.0796011686 0.924563169
    0.383900881 0.915664971 0.265090168 0.64855212 0.324220121
    0.912930369 0.0334748328 0.105916589 0.361739933 0.237338781
    0.133821845 0.788460016 0.398623049 0.496458083 0.242998153
    0.46978265 0.0590488315 0.854998231 0.309370965 0.544191122
    0.746605039 0.623408079 0.198630989 0.0102377236 0.809134066
    0.499278724 0.805290043 0.585446358 0.692658901 0.34725827
    0.449450552 0.628370643 0.883616924 0.156175226 0.723221481
    0.702253342 0.43690449 0.279526532 0.300144494 0.251961052
    0.107110113 0.464038312 0.304828942 0.350464344 0.648971915
    0.894441485 0.39119482 0.620345891 0.996097326 0.193678081
    0.418987542 0.450062662 0.477795631 0.64046061 0.837471724
    0.92411983 0.950561523 0.506035805 0.7399894 0.598368406 0.2138834
    0.696005702 0.913613319 0.183165878 0.940046668 0.193122357
    0.0310439467 0.393133461 0.709991992 0.355157942 0.365154475
    0.23336944 0.492738485 0.962392569 0.633431673 0.793918967
    0.302076042 0.333146155 0.0200443864 0.225230753 0.244809389
    0.180211306 0.396866858 0.809687853 0.79322809 0.69514358
    0.204024673 0.735396981 0.897967815 0.308957994 0.237883717
    0.538496315 0.332709134 0.294885814 0.832571983 0.921942055
    0.689021707 0.291700244 0.479775012 0.895383716 0.00904375315
    0.736653686 0.0296334326 0.745028496 0.216675639 0.443297356
    0.616730332 0.667827904 0.386048108 0.692836881 0.227778703
    0.934273541 0.355184942 0.565329194 0.86513114 0.381372035
    0.599666476 0.118234187 0.411572516 0.422212511 0.907432973
    0.673216581 0.133053601 0.951860547 0.197646588 0.554683208
    0.953731656 0.477496654 0.65850991 0.406929314 0.852373719
    0.466904402 0.778543353 0.201775432 0.408583194 0.0698635876
    0.490989089 0.174789965 0.360497177 0.79981184 0.389269233
    0.644807398 0.0233616531 0.646731675 0.28402552 0.758082032
    0.172282994 0.658120692 0.0674969256 0.782421827 0.744160056
    0.85578227 0.423034042 0.0781072974 0.243980736 0.437623769
    0.899577141 0.265443742 0.486176312 0.108446032 0.986718893
    0.598042548 0.918590188 0.700485885 0.520097733 0.0990462303
    0.552346349 0.62588203 0.28434521 0.617021501 0.668937087
    0.546995699 0.80316931 0.936534882 0.0428960621 0.0952509344
    0.905944228 0.535911441 0.857048154 0.428064972 0.479999602
    0.519274592 0.278289586 0.411533982 0.803638279 0.870868564
    0.36065349 0.789887905 0.39590463 0.309926003 0.00909239054
    0.124397039 0.258522749 0.203620285 0.830449462 0.135402739
    0.195115238 0.379055917 0.396369815 0.921202302 0.296684742
    0.00666978955 0.0879115164 0.427650601 0.778106093 0.952336431
    0.607027471 0.655886292 0.0109090209 0.357715756 0.64301151
    0.16927284 0.182898223 0.804391742 0.228521883 0.00347852707
    0.61398226 0.810710669 0.454085231 0.8858307 0.711181998 0.75194478
    0.480242789 0.545465171 0.897088051 0.688124716 0.0288446248
    0.407986581 0.652342558 0.136196464 0.860925436 0.923864484
    0.144117147 0.0306582153 0.395368516 0.703467131 0.86131829
    0.288210273 0.0915190279 0.532993436 0.803087175 0.177555233
    0.259255946 0.803598642 0.0955144465 0.639612436 0.0494342446
    0.579132318 0.945633352 0.978242218 0.363134235 5.4359436e-05
    0.8788445 0.525102675 0.0486782193 0.514256537 0.456845194
    0.760608494 0.453777939 0.794367433 0.982489944 0.785698295
    0.966969728 0.662299514 0.0562311709 0.832426429 0.588952303
    0.236091793 0.24160707 0.0345562696 0.422052413 0.778390467
    0.662541986 0.673451841 0.794696748 0.397985458 0.843235731
    0.382463336 0.706550121 0.0925440788 0.0322185457 0.601735473
    0.281181663 0.653859973 0.537120998 0.410254329 0.798318267
    0.704004705 0.0997630954 0.950160742 0.542312264 0.607844472
    0.394200921 0.867591143 0.0311395824 0.208882332 0.401033282
    0.944775522 0.730441034 0.706676245 0.845949292 0.751151562
    0.454424262 0.0227581263 0.639521241 0.53629142 0.927602768
    0.907605767 0.667939067 0.815438271 0.420105338 0.965633392
    0.889983416 0.152734429 0.450828671 0.374725819 0.734280825
    0.568992019 0.745624959 0.61411351 0.51358819 0.941111326
    0.506657124 0.339697957 0.837183237 0.735229373 0.826835513
    0.596063137 0.0206122696 0.567451596 0.530202746 0.581120312
    0.416217983 0.159172416 0.56888926 0.56123656 0.802187204 0.58727622
    0.70586586 0.938892663 0.123071581 0.197480619 0.354861706
    0.271481514 0.296721637 0.855410218 0.100493193 0.432835251
    0.673330963 0.399459839 0.755201221 0.590094268 0.51128006
    0.666448891 0.479975313 0.0331126153 0.931463361 0.427258223
    0.0675303638 0.677583933 0.674245358 0.0564056635 0.859630823
    0.502563596 0.277101457 0.609654188 0.615508318 0.524982631
    0.143858463 0.975733399 0.883931756 0.979724407 0.162883967
    0.74644798 0.485458404 0.629312038 0.0778980851 0.077367872
    0.609950066 0.348507226 0.108334243 0.0481491089 0.513832867
    0.147121876 0.737173319 0.30310744 0.20051828 0.889561117
    0.646414816 0.977792919 0.383811742 0.674723744 0.862616658
    0.989393592 0.658122182 0.988085985 0.991272092 0.816720009
    0.0504781902 0.48995775 0.967057586 0.83443439 0.513080001
    0.834559917 0.861351728 0.567320704 0.362714261 0.0678334832
    0.386758685 0.1449278 0.878795147 0.108929336 0.375812024
    0.844483435 0.626464248 0.199888706 0.0277524292 0.459077895
    0.713601828 0.781553447 0.89548713 0.711931705 0.378167689
    0.905297458 0.924302578 0.444369018 0.358011991 0.145219475
    0.83893168 0.00603640079 0.957043529 0.8724792 0.920069277
    0.917782307 0.00399649143 0.0617099702 0.0977714062 0.63698715
    0.137470752 0.725049496 0.116093338 0.121888608 0.790158212
    0.290479302 0.667336881 0.842384577 0.966540217 0.631303906
    0.491027504 0.906952679 0.689876497 0.815255404 0.0585482121
    0.646078825 0.121926695 0.219504058 0.588270307 0.579329491
    0.996950626 0.349120557 0.704114199 0.363745093 0.436190248
    0.0517058969 0.436787128 0.751775503 0.531528771 0.709397972
    0.431639045 0.320657134 0.0162034035 0.575376153 0.495065123
    0.0357499421 0.268124312 0.214930832 0.0236930847 0.521811962
    0.562243283 0.955160201 0.866006017 0.887768984 0.31096971
    0.415084094 0.676312923 0.0863148868 0.846847832 0.490277767
    0.283791691 0.252751529 0.313506305 0.639317095 0.800840795
    0.122738689 0.826479793 0.237120211 0.919905066 0.0321899951
    0.709746718 0.0514791608 0.386805713 0.703370094 0.964109421
    0.913031399 0.0449153781 0.708051443 0.592523158 0.641142249
    0.168113053 0.192137778 0.674762785 0.586790442 0.239768147
    0.628276587 0.562632203 0.526051819 0.270412207 0.881873071
    0.0881427526 0.890099287 0.254865855 0.278591543 0.0373661518
    0.687838256 0.781731009 0.0038446188 0.364767849 0.256655902
    0.99359417 0.30104363 0.247683913 0.0731367767 0.59196198
    0.126190424 0.0661269128 0.0974032283 0.822000802 0.69243598
    0.499118149 0.097253263 0.0860882103 0.735153556 0.145636648
    0.222093344 0.153043777 0.901885748 0.950482488 0.160289854
    0.515319765 0.343131185 0.861351728 0.909744859 0.803469658
    0.633273721 0.148862809 0.596020937 0.149034977 0.161853015
    0.846604943 0.817557096 0.849041998 0.186807811 0.0953032374
    0.773765504 0.866972089 0.32112509 0.567307293 0.127729774
    0.719693422 0.633226275 0.97740972 0.911035776 0.757017553
    0.896066785 0.980881155 0.987984538 0.877265513 0.88046813
    0.806591809 0.799635112 0.426193088 0.420645624 0.00405928493
    0.885033846 0.0776134133 0.308449805 0.996365666 0.178815186
    0.473205805 0.316748947 0.212549865 0.878137708 0.60185951
    0.788706422 0.385509133 0.721017122 0.205088437 0.161330074
    0.751437664 0.814524889 0.749667645 0.0210989416 0.742728293
    0.161034644 0.16952768 0.228750795 0.283761859 0.405969501
    0.24430272 0.864678383 0.863725185 0.92211616 0.971334219
    0.880213141 0.275698304 0.108694643 0.39285028 0.262015164
    0.506196737 0.39439109 0.572305024 0.346358061 0.633138299
    0.0892164409 0.70126164 0.871850908 0.975587606 0.372090429
    0.846482873 0.742757022 0.818485677 0.517881811 0.970023632
    0.635416627 0.749874711 0.244389147 0.285267889 0.988925099
    0.921219587 0.560947359 0.34059307 0.177613258 0.579653382
    0.360667646 0.948274016 0.167614669 0.202277571 0.581160188
    0.504351079 0.889307261 0.902296364 0.205753446 0.836112201
    0.061932534 0.189086854 0.845028579 0.950233579 0.382032275
    0.464971036 0.0360419452 0.345183522 0.78404355 0.913261652
    0.940988421 0.273557186 0.882396102 0.674692273 0.642298818
    0.891013622 0.598179579 0.400707662 0.747201979 0.796435237
    0.095012188 0.916205645 0.164350986 0.316992223 0.329017222
    0.758924723 0.157751769 0.813558102 0.987119198 0.564822912
    0.167260855 0.743195653 0.713412285 0.464634567 0.567455053
    0.625362635 0.272305787 0.26348114 0.26239264 0.672304213
    0.326813579 0.902944148 0.0873113573 0.192661792 0.899992704
    0.481805772 0.177144349 0.051251173 0.327094555 0.476886868
    0.171172976 0.207873255 0.771120489 0.529364228 0.256638825
    0.215718985 0.879040003 0.575697482 0.98577708 0.162552744
    0.115016162 0.191920251 0.717740297 0.871110201 0.491848677
    0.636045992 0.870152593 0.118696779 0.609222949 0.826655209
    0.953374565 0.525584042 0.111768812 0.68494451 0.639451623
    0.491967648 0.93307519 0.516200125 0.639820278 0.341089904
    0.468788862 0.139397204 0.278253615 0.734694421 0.936740875
    0.635353088 0.895176232 0.122552991 0.473067969 0.949587047
    0.251603365 0.644832969 0.168953776 0.0284935832 0.42444548
    0.895248532 0.684811831 0.983613551 0.217440635 0.319668949
    0.885553002 0.113769174 0.476316005 0.860187173 0.389626235
    0.429803431 0.676514804 0.798506618 0.823196888 0.878799438
    0.952934802 0.443213075 0.0961401761 0.254066646 0.711469948
    0.589445472 0.531078756 0.226005435 0.619183242 0.235804945
    0.369194955 0.430634171 0.802332163 0.785316944 0.494562835
    0.431356609 0.838199139 0.0677282512 0.609092772 0.0961610973
    0.0503853559 0.933837175 0.525768399 0.75261879 0.131227821
    0.970911264 0.350029707 0.334843218 0.418229282 0.952253222
    0.660078049 0.166261435 0.15158233 0.00461161137 0.0548697114
    0.738467932 0.433105081 0.349746168 0.229044378 0.279713839
    0.559243023 0.214247555 0.795617938 0.957313061 0.609966993
    0.887680411 0.90972507 0.800506353 0.0109237432 0.746563435
    0.52562815 0.893961847 0.826041996 0.868931055 0.336997539
    0.535007119 0.0364603698 0.177337766 0.462236434 0.0318726003
    0.648361564 0.20416373 0.80866313 0.236691982 0.530506611
    0.521547377 0.811461806 0.258941829 0.540804923 0.0732037127
    0.0577146113 0.0162936747 0.196986347 0.836389303 0.592877746
    0.402808189 0.649906695 0.954859138 0.447073281 0.558068752
    0.161022186 0.0297104716 0.428894877 0.388494849 0.975439847
    0.275696486 0.557569981 0.641466379 0.484886199 0.58039999
    0.457262635 0.865563869 0.0373750031 0.0243694186 0.103545189
    0.234578341 0.435520321 0.0935681164 0.869652152 0.846086442
    0.313772798 0.469135225 0.732050478 0.196534991 0.601762474
    0.300072581 0.91989553 0.0161890686 0.575855136 0.214937359
    0.100402355 0.12867859 0.339951158 0.418346167 0.237999946 0.1411452
    0.5020594 0.454693973 0.588693023 0.762587309 0.697105765
    0.240952998 0.326611996 0.720598519 0.0682192147 0.260089874
    0.876086116 0.633453906 0.944411695 0.0589667261 0.269028276
    0.686906517 0.96168983 0.896954298 0.708463192 0.903481126
    0.769153714 0.617441654 0.0232816041 0.692380905 0.637441039
    0.0764806569 0.612524927 0.209285408 0.939822257 0.711204708
    0.501847744 0.15659979 0.0734701455 0.296310633 0.486383379
    0.739986241 0.549767554 0.315055788 0.089998126 0.908964753
    0.85391593 0.365503609 0.397559345 0.239238918 0.203879356
    0.603443742 0.318110526 0.38242507 0.778693557 0.84277463
    0.062969923 0.93767333 0.487113833 0.913536668 0.952953994
    0.537472546 0.194844723 0.861061394 0.618254066 0.816680908
    0.381697387 0.61986661 0.53977704 0.233962655 0.61738801 0.416897953
    0.599250674 0.949953079 0.488096029 0.993031025 0.214988232
    0.259074926 0.317857683 0.162460119 0.567406833 0.0159142613
    0.954840064 0.810670257 0.331745088 0.0666365027 0.285571873
    0.664451718 0.0380530953 0.767810702 0.167750478 0.195194542
    0.908729315 0.91764605 0.271543086 0.100914538 0.824097216
    0.156218559 0.372154534 0.89615804 0.687536895 0.482212871
    0.778594851 0.573941529 0.808796227 0.16471839 0.812572539
    0.634447634 0.800735593 0.696900368 0.453856051 0.156995416
    0.0795999169 0.0539835989 0.730722487 0.0920723081 0.536232471
    0.880149841 0.957196355 0.972263694 0.124635458 0.674292386
    0.30447945 0.208492607 0.12631917 0.216833383 0.525547028
    0.300401807 0.339269042 0.449881732 0.855514169 0.985902548
    0.493606955 0.118804097 0.299751878 0.516537786 0.981022 0.410994947
    0.360426903 0.739883125 0.43442747 0.140192568 0.712231696
    0.232545257 0.525877476 0.311451048 0.568440974 0.68192935
    0.855935931 0.0214013755 0.618003786 0.188731909 0.594526827
    0.445062786 0.127074838 0.916446924 0.35026741 0.0966981351
    0.052586019 0.303071737 0.523447573 0.53872788 0.0407792032
    0.778190613 0.980511427 0.0682499111 0.664628088 0.940641999
    0.46586144 0.970280528 0.489162773 0.641084731 0.91644299 0.50210911
    0.224530697 0.469481409 0.524510443 0.267739117 0.691874802
    0.914302051 0.830585003 0.695223689 0.754122257 0.459258944
    0.0961042345 0.0836275518 0.645573854 0.0386221111 0.692678511
    0.789827764 0.729043186 0.845217586 0.4474895 0.870902538
    0.448941559 0.895245731 0.102083266 0.0727448165 0.107661158
    0.731272101 0.736147761 0.3658728 0.736538351 0.476701528
    0.215948492 0.556594193 0.344786733 0.526994705 0.529114962
    0.902670026 0.823463559 0.763759255 0.970217943 0.820436478
    0.658618569 0.730996609 0.927776277 0.690103173 0.293434471
    0.669113219 0.940172553 0.0596164763 0.405985832 0.326283395
    0.922632337 0.345113277 0.901898503 0.459312528 0.138430059
    0.661166072 0.91587317 0.569519758 0.187809229 0.654253244
    0.965785265 0.0737244189 0.909535527 0.717587352 0.665557146
    0.232521296 0.672210515 0.151017129 0.154517055 0.462954909
    0.911882401 0.235074311 0.146625966 0.392870039 0.198147357
    0.961580038 0.547295809 0.0807828605 0.160364211 0.528869629
    0.916569769 0.686329484 0.768874764 0.0698662102 0.521005452
    0.657229483 0.278106272 0.914438725 0.129639626 0.874536395
    0.0779904723 0.283892602 0.501731217 0.341408312 0.526471138
    0.409730822 0.134806454 0.0828377008 0.455714375 0.508958876
    0.872240841 0.164551497 0.429444492 0.317912847 0.485398769
    0.453367054 0.540858507 0.61834693 0.0916795731 0.897572339
    0.284700394 0.355806291 0.882084966 0.864186645 0.953870177
    0.849510968 0.322784901 0.938978434 0.722026944 0.394592255
    0.992782533 0.704458952 0.771645963 0.956859171 0.195367008
    0.664001465 0.965956688 0.954133391 0.406019539 0.334783554
    0.864218295 0.660452902 0.51078707 0.0329249203 0.0393205583
    0.230080038 0.542274117 0.988149643 0.49605462 0.654857278
    0.881756902 0.820972383 0.338852286 0.184621453 0.201463968
    0.548269331 0.112871826 0.154320478 0.00648313761 0.54462409
    0.451711297 0.834845006 0.430841029 0.261416823 0.291691422
    0.478814125 0.0430682898 0.89396137 0.378591329 0.813648403
    0.779708087 0.930772066 0.975273073 0.669078231 0.041261524
    0.280381739 0.0673447251 0.0659923851 0.105750352 0.428678006
    0.550226986 0.943926811 0.472269356 0.452542812 0.643315434
    0.0122659504 0.711190224 0.0433686674 0.228023231 0.317161918
    0.29448846 0.190607071 0.993609548 0.0867899358 0.173107624
    0.744330883 0.633550406 0.0175225437 0.959414482 0.780182958
    0.801455021 0.278750002 0.401914328 0.498806626 0.0722351372
    0.374386728 0.0473310947 0.277211577 0.800747037 0.859685242
    0.23113966 0.528090358 0.678078771 0.49769637 0.446597666
    0.503672302 0.0940305293 0.217793465 0.577913463 0.166048348
    0.913099051 0.695666909 0.0805567801 0.685031533 0.350690752
    0.454276472 0.576111794 0.617434323 0.0159455836 0.39097175
    0.0456340313 0.908656836 0.289296001 0.870877743 0.775061727
    0.0117140412 0.0512499511 0.637198091 0.274149299 0.811682343
    0.639931679 0.00762957335 0.752276778 0.990611494 0.168228716
    0.00912877917 0.0273557603 0.673688769 0.409154058 0.995000124
    0.620419204 0.16801241 0.453782588 0.351207346 0.0109604299
    0.955992997 0.989803791 0.885175645 0.0520993471 0.977443457
    0.462970704 0.4772861 0.185624748 0.570925534 0.907687545
    0.974175334 0.322998464 0.743268847 0.3452878 0.927954912
    0.177514404 0.98292011 0.969533801 0.295704007 0.233969569
    0.193730623 0.945052445 0.719724298 0.894478858 0.650224149
    0.751063466 0.700166047 0.95099026 0.0105611384 0.436264694
    0.634709358 0.545427322 0.298241079 0.220942825 0.391360074
    0.178798407 0.306186855 0.255135089 0.568620682 0.0687825084
    0.741389215 0.239555776 0.805965066 0.0331999362 0.714308023
    0.298378468 0.0509194732 0.403225124 0.361357629 0.964099705
    0.980172038 0.81648922 0.128249407 0.247645885 0.418799371
    0.236141443 0.150514752 0.308671385 0.965151429 0.948992014
    0.284755588 0.0512610674 0.715568125 0.932482302 0.471316695
    0.306384861 0.86850965 0.0277109146 0.378047079 0.0327866375
    0.741627455 0.335273802 0.738506258 0.462772548 0.475883067
    0.872699618 0.131602138 0.442890853 0.595150888 0.994389653
    0.79843384 0.741877139 0.0842944086 0.0515254438 0.773004889
    0.714255512 0.483464241 0.0857330561 0.118871629 0.468935519
    0.184874684 0.1871261 0.874415398 0.318632811 0.858412206
    0.416090071 0.858501554 0.817847371 0.543346047 0.761713445
    0.394924104 0.0557731688 0.975920081 0.0556734204 0.718169093
    0.885313392 0.82540971 0.843772173 0.759118259 0.268853635
    0.671325088 0.107328713 0.47605589 0.0319886208 0.866423666
    0.933607876 0.661662281 0.301142037 0.961861849 0.468855023
    0.85476017 0.282664895 0.606031775 0.338904142 0.726956725
    0.663665771 0.512697935 0.584366441 0.906470597 0.121807545
    0.176572323 0.0140031278 0.948918223 0.583196759 0.240780026
    0.697491288 0.518417239 0.423218578 0.911974788 0.496375024
    0.156857848 0.620290101 0.37333411 0.844136357 0.272581816
    0.646364272 0.561900079 0.306647748 0.684942484 0.0161839128
    0.445662886 0.666360259 0.928939581 0.373139858 0.775563002
    0.677506328 0.584158957 0.609646261 0.675639689 0.939617991
    0.533708215 0.536189258 0.0357379317 0.233905673 0.843559742
    0.38364169 0.490980536 0.310479015 0.623095393 0.928236723
    0.178412169 0.832484961 0.15700233 0.352639198 0.935266197
    0.754924417 0.172982097 0.11720264 0.699995577 0.581801057
    0.386339158 0.241841495 0.222565204 0.351152152 0.413030088
    0.639817357 0.988605261 0.684027791 0.292401344 0.47210142
    0.679615498 0.586981237 0.829974055 0.91677922 0.0635024309
    0.841663003 0.537485719 0.199294269 0.121563315 0.809666872
    0.463500917 0.854283988 0.558413684 0.355660081 0.771859646
    0.74201113 0.158345789 0.49015075 0.998235822 0.42642206 0.364418447
    0.569518387 0.0496560931 0.732783675 0.393411756 0.789843202
    0.0497108698 0.919359386 0.386377245 0.757800341 0.09380427
    0.4353109 0.389349133 0.50862962 0.9768188 0.794986665 0.195470691
    0.79191047 0.272267282 0.0785010159 0.167858928 0.134843439
    0.515451193 0.345967829 0.872354031 0.210998327 0.500574946
    0.982650757 0.413195521 0.8425017 0.201284409 0.0649548173
    0.537378013 0.904805422 0.102367193 0.33562398 0.466673583
    0.700423717 0.0694777369 0.811059356 0.56453234 0.772244215
    0.9406991 0.170788199 0.576891661 0.608892679 0.261574328 0.45764637
    0.0907393694 0.204034388 0.844019532 0.501182973 0.716922224
    0.395831585 0.162677348 0.97808522 0.25898999 0.433416575
    0.868341327 0.670205474 0.403764874 0.603570759 0.278589189
    0.443701178 0.896918952 0.229676545 0.939538479 0.156947404
    0.559683979 0.970258236 0.30565837 0.0255354643 0.229374468
    0.595300078 0.842726052 0.667130589 0.203136832 0.479511648
    0.0388365984 0.0535911918 0.916341782 0.406322092 0.293694198
    0.877656221 0.0121545792 0.168091863 0.771279454 0.524796307
    0.0435328186 0.709088326 0.409027249 0.794852495 0.341985404
    0.968580782 0.32536608 0.952231407 0.976892233 0.208565056 0.1957798
    0.665995359 0.816734493 0.386247575 0.719130754 0.00316753983
    0.179872543 0.0195129514 0.339204162 0.901087821 0.447330326
    0.757252097 0.623870611 0.746627808 0.558316946 0.899872243
    0.913279414 0.448584437 0.168922186 0.182929039 0.0277987421
    0.0746206939 0.447141737 0.413236439 0.0321413577 0.840994
    0.631196439 0.118558079 0.715554237 0.760694027 0.772177517
    0.76080668 0.955225229 0.319376886 0.611209869 0.479898989
    0.0707977414 0.511703134 0.115834177 0.20614329 0.593645215
    0.0473796427 0.164743096 0.432591468 0.757442772 0.816992521
    0.814405203 0.0477600098 0.379061043 0.184110492 0.40528816
    0.926046968 0.643661022 0.600500226 0.598301947 0.392089605
    0.225508898 0.628200054 0.0183723271 0.754733026 0.220968843
    0.399456233 0.123122275 0.715977609 0.593375206 0.340845138
    0.845936298 0.444792032 0.0189883709 0.608494163 0.688671887
    0.248439938 0.947950602 0.732596755 0.473837197 0.491572529
    0.0647089779 0.086999923 0.281136811 0.377065241 0.0909254849
    0.361913085 0.544843316 0.455824941 0.0824891329 0.862682104
    0.319636106 0.324516445 0.654915929 0.455558956 0.886669993
    0.144619942 0.18175742 0.23042804 0.168575108 0.77331692 0.52227968
    0.515877545 0.780764461 0.731518686 0.75889194 0.0954591334
    0.213862956 0.976994634 0.942460895 0.288239807 0.100727528
    0.765723944 0.612951338 0.881526589 0.061022073 0.158116162
    0.719004393 0.105685651 0.67906487 0.52587688 0.511329353 0.70525825
    0.659089446 0.941469193 0.418715209 0.837835431 0.953979611
    0.245646685 0.63379693 0.358873904 0.276769578 0.231159031
    0.949248433 0.92096889 0.336911321 0.758664131 0.094075799
    0.974609256 0.920489013 0.98476994 0.351060629 0.378018856
    0.0138767362 0.641688287 0.307089686 0.233656287 0.794404984
    0.735890567 0.525136709 0.290485561 0.377243936 0.208367944
    0.816953778 0.181973338 0.709592581 0.890951991 0.969004273
    0.54723841 0.192161381 0.459370762 0.723631263 0.158610612
    0.368544728 0.71772635 0.70447284 0.863765597 0.309150636
    0.673943996 0.98811388 0.856124043 0.0597436726 0.80366087
    0.555046082 0.143460512 0.932898879 0.0649169385 0.0150123537
    0.37744391 0.350399077 0.865162909 0.840230465 0.0460056067
    0.88472265 0.00602847338 0.372147441 0.226963043 0.60691458
    0.502813041 0.196920335 0.326602131 0.243699849 0.749342084
    0.321779966 0.284014642 0.467711836 0.0150613785 0.271711737
    0.88514781 0.784799576 0.266237676 0.0793475211 0.132266045
    0.43911469 0.166550398 0.688912034 0.842911601 0.57911098
    0.376667678 0.761900008 0.964959979 0.77450943 0.88617909
    0.0622861981 0.401704311 0.490073979 0.016200453 0.814324021
    0.78564924 0.929485917 0.0386075675 0.796647072 0.388579637
    0.217676908 0.54956466 0.0790506303 0.631766915 0.234431148
    0.913244605 0.781374574 0.266839653 0.156058341 0.238004774
    0.487892687 0.659533918 0.117579609 0.786696076 0.363152921
    0.831474066 0.291704535 0.835808277 0.0618001819 0.988288403
    0.885797262 0.289867938 0.377434015 0.394711375 0.345735729
    0.856080949 0.844390512 0.471726805 0.442303509 0.328467011
    0.814371586 0.924827456 0.462700754 0.720543742 0.502480268
    0.92991811 0.539296269 0.320681572 0.881566763 0.664685905
    0.394010365 0.937293768 0.270348847 0.0456317961 0.567066073
    0.225236744 0.0525732934 0.805652142 0.742107153 0.601529837
    0.75804764 0.462696403 0.574500382 0.745134592 0.177050829
    0.543204248 0.932018757 0.589502215 0.042253077 0.720154881
    0.0490694046 0.0975206196 0.129662156 0.705981135 0.149825811
    0.187010795 0.635305703 0.076600492 0.814582825 0.128683537
    0.129474521 0.27777034 0.296088398 0.972569466 0.517330825
    0.835175037 0.969031334 0.878193736 0.0847686827 0.830671668
    0.9689973 0.730982006 0.599828959 0.182125479 0.843829751
    0.230863392 0.865032554 0.724389851 0.547847033 0.823969245
    0.651314914 0.336758941 0.0704531074 0.780213356 0.761033356
    0.573085606 0.245685846 0.123264819 0.441595256 0.826550424
    0.0181035697 0.254689872 0.955380559 0.843530536 0.0603306592
    0.660065234 0.977436185 0.603793144 0.16582787 0.926961839
    0.442496926 0.581142187 0.713659048 0.57107383 0.705820918
    0.654331267 0.366356522 0.215097904 0.608576953 0.102965117
    0.806067944 0.0582768023 0.651145279 0.364094108 0.780127168
    0.101185054 0.950619936 0.815130532 0.885158539 0.577160239
    0.619270265 0.382404357 0.423019528 0.841394961 0.955012202
    0.60277915 0.495390028 0.758997142 0.25330776 0.483095378
    0.882504702 0.288014203 0.888072848 0.220291913 0.568670154
    0.878891468 0.798875391 0.250859439 0.0522576571 0.758196115
    0.62050879 0.751525879 0.259570777 0.692140341 0.349231005
    0.796577573 0.0489820242 0.81868732 0.735646963 0.315309644
    0.669053316 0.723382354 0.788231611 0.0559156239 0.46562916
    0.409776032 0.307465076 0.54864639 0.868174672 0.475121289
    0.809117079 0.26086995 0.550504804 0.867947817 0.817873597
    0.255093396 0.228531778 0.603521645 0.629264295 0.585591674
    0.731300652 0.648966551 0.891788781 0.0679526031 0.191242456
    0.940045178 0.919981837 0.927178025 0.840677619 0.609651744
    0.493403256 0.624540925 0.326092303 0.677776575 0.460780084
    0.902810454 0.96308434 0.0384864807 0.485292852 0.613004565
    0.932802022 0.0699878335 0.584791303 0.0163642764 0.297008574
    0.308451861 0.4809466 0.440498859 0.722978234 0.926059008
    0.237807572 0.60891813 0.0221370757 0.112989634 0.489578515
    0.581181049 0.198420614 0.775016189 0.372459114 0.181552947
    0.496105224 0.511926293 0.260430992 0.200835228 0.0952439606
    0.0300896466 0.199937284 0.368616343 0.315066099 0.386598289
    0.322639763 0.630553544 0.068531543 0.260736525 0.931355238
    0.69988519 0.531685054 0.637705803 0.357951701 0.486601919
    0.856016457 0.406196058 0.854855895 0.300773829 0.570194364
    0.437250108 0.617653489 0.964027405 0.54743278 0.110318899
    0.742273331 0.912781239 0.721266806 0.451075315 0.0907644928
    0.683618903 0.581807971 0.332893372 0.257873684 0.900212049
    0.365253508 0.947592974 0.882965207 0.216935277 0.235137969
    0.247938365 0.610200524 0.0428320467 0.97152853 0.947200716
    0.471129864 0.867776871 0.920033455 0.40212661 0.874240935
    0.391706735 0.548349619 0.461856395 0.963209391 0.600912213
    0.319409817 0.0687023997 0.83777833 0.955434501 0.792280197
    0.390686214 0.252524555 0.142440647 0.842015445 0.825332999
    0.437689692 0.829892278 0.180461884 0.137771964 0.706127405
    0.354314417 0.346106291 0.691789448 0.845279276 0.318442523
    0.322356761 0.878188133 0.031396389 0.0857206881 0.848889112
    0.85491991 0.811879873 0.945666075 0.686829507 0.771450877
    0.345676929 0.595051229 0.0566979945 0.645248294 0.59685421
    0.902881861 0.114788711 0.86691463 0.688756466 0.819531083
    0.81467396 0.345593154 0.415538132 0.3245745 0.642605722 0.713067234
    0.31371668 0.461663067 0.661260247 0.387937874 0.215235561
    0.412608534 0.351508498 0.933223546 0.937961221 0.3235659
    0.392621815 0.492060453 0.698509276 0.122780621 0.431480527
    0.217449546 0.0737436414 0.611168265 0.988810897 0.978217483
    0.130796641 0.288565904 0.111826539 0.0182513297 0.0714929998
    0.646507442 0.325341284 0.938405514 0.0746749341 0.438044578
    0.0687218308 0.248080343 0.0614887476 0.197885662 0.07505247
    0.625846326 0.35404858 0.435299814 0.0717135072 0.640204072
    0.50898236 0.760917783 0.566096723 0.0593993664 0.0829188824
    0.499423563 0.478306532 0.792699695 0.596031249 0.00137448311
    0.30174163 0.0438287556 0.910675287 0.574460208 0.385984182
    0.533166409 0.969354153 0.428123772 0.0315648913 0.0531518161
    0.387122095 0.778837264 0.129069865 0.401977181 0.333300501
    0.10694772 0.124213159 0.524380386 0.506140769 0.266207784
    0.30145821 0.667150736 0.372745633 0.708370447 0.725472093
    0.794570565 0.603163362 0.947177052 0.693617105 0.0999476314
    0.918071449 0.914438725 0.836398482 0.114937007 0.843600392
    0.256661654 0.684248447 0.311063051 0.696562111 0.943296075
    0.726959229 0.590601444 0.629099071 0.877650142 0.0877063572
    0.652568221 0.256681442 0.0685792565 0.43840462 0.146571457
    0.610211134 0.440842211 0.602698445 0.0694380105 0.535501719
    0.948102832 0.424331903 0.0363119543 0.13863638 0.397466749
    0.605853617 0.391271889 0.614181876 0.141243637 0.849020183
    0.75480777 0.402626604 0.203855008 0.403275371 0.755455852
    0.782161832 0.299193263 0.969457805 0.877120495 0.926147938
    0.663813233 0.917149901 0.573957741 0.838799953 0.733630538
    0.826521635 0.0425429046 0.898861885 0.53188467 0.940560937
    0.0163395405 0.976791918 0.464064538 0.852764964 0.402288347
    0.747654319 0.62645483 0.683582723 0.0749354661 0.654610276
    0.398410648 0.421376675 0.913261592 0.859177947 0.913814425
    0.695980072 0.485606521 0.332287431 0.468077004 0.196729958
    0.896898031 0.349379361 0.585387707 0.910095692 0.240853459
    0.730030596 0.652880371 0.524193048 0.615360856 0.319661587
    0.0872217417 0.112049311 0.609959006 0.796096325 0.588884711
    0.813845634 0.550060749 0.356842697 0.040987134 0.400685042
    0.845118463 0.724074066 0.23423624 0.60706228 0.046025008
    0.797786593 0.654609323 0.0784624219 0.577132642 0.195235997
    0.42345202 0.162401378 0.320662916 0.1980955 0.444956243
    0.0289760232 0.259592175 0.672345877 0.823260546 0.203237802
    0.195525289 0.63122195 0.28452912 0.363724768 0.079874754
    0.386914194 0.583923757 0.702616692 0.402210027 0.218176812
    0.924141169 0.419228852 0.344180673 0.74649328 0.140527993
    0.502642691 0.607810616 0.0445478261 0.434918582 0.697213233
    0.293727547 0.90803206 0.409837693 0.309103072 0.918212295
    0.962861717 0.430569977 0.645571172 0.146661073 0.843576193
    0.0653080046 0.827971101 0.408428252 0.966085553 0.872815549
    0.895123363 0.906912684 0.39371261 0.170060545 0.437124252
    0.775812149 0.393197417 0.869405091 0.513232946 0.73561877
    0.537894905 0.968458772 0.30792281 0.966424644 0.613321424
    0.82078135 0.113624215 0.72342062 0.759772301 0.0642139018
    0.407118231 0.149527669 0.709600449 0.901395261 0.589531898
    0.37906003 0.862249434 0.302674383 0.133942038 0.48034209
    0.487001598 0.592629075 0.33063072 0.269357294 0.941736579
    0.0658694506 0.539629936 0.0625953078 0.750660002 0.638742208
    0.89382869 0.150965393 0.632681489 0.372404397 0.590755582
    0.741801918 0.00909030437 0.998819709 0.555404484 0.183374405
    0.263954282 0.179851055 0.222123772 0.043467015 0.72592032
    0.992408633 0.712291479 0.0177333951 0.513044178 0.141825676
    0.79446876 0.398450881 0.964232802 0.586256385 0.800949931
    0.588059664 0.652975261 0.907406092 0.348282635 0.666203618
    0.977243245 0.867536545 0.639630616 0.651370585 0.876618505
    0.407795966 0.664712369 0.0502171218 0.49768728 0.560513258
    0.561016679 0.617600083 0.892210722 0.408464462 0.723613203
    0.0553261936 0.929641247 0.644833386 0.653213203 0.887345791
    0.805865407 0.422271639 0.0350431502 0.188027024 0.033918947
    0.944842577 0.656150103 0.90095669 0.508277357 0.0999719501
    0.579473794 0.853263378 0.0508344471 0.702539563 0.118373126
    0.254547328 0.571558535 0.754582286 0.29456979 0.564609349
    0.810279012 0.584153235 0.755006313 0.67298919 0.580937326
    0.768156528 0.994712591 0.763119936 0.782327175 0.620382488
    0.801182032 0.0620931089 0.9600631 0.560802221 0.579295337
    0.91163981 0.897839427 0.26390475 0.0806668997 0.929834485
    0.198737919 0.691055119 0.116338611 0.589683175 0.309722841
    0.631155372 0.276766628 0.390163183 0.746498942 0.132216752
    0.165341884 0.259180963 0.122343123 0.403307885 0.989187241
    0.426285326 0.227384597 0.815253377 0.498327911 0.985185385
    0.262437522 0.18408975 0.944639146 0.181601346 0.0146743655
    0.0845762789 0.179381013 0.405799687 0.172111779 0.131806731
    0.0605735779 0.206400871 0.079726845 0.318106294 0.928550363
    0.418600917 0.22381407 0.0113704503 0.833139002 0.145341754
    0.412672579 0.971206069 0.276446342 0.91113472 0.0396239161
    0.206604928 0.948328495 0.931473255 0.47374177 0.420957416
    0.423827857 0.865713179 0.651072741 0.571576416 0.478483975
    0.920750499 0.59791255 0.254818797 0.026607573 0.941449225
    0.281014234 0.400370657 0.419929206 0.347373426 0.466258287
    0.494600594 0.70582521 0.584085524 0.284961283 0.640392005
    0.749344945 0.292008787 0.202809781 0.0517227054 0.459033638
    0.831596732 0.920076668 0.126243979 0.76651907 0.658328772
    0.75879395 0.59986335 0.86918807 0.0957815647 0.406772763
    0.244787902 0.974869907 0.7799173 0.875711203 0.153205127
    0.771402955 0.422044307 0.0925287604 0.972441554 0.38497293
    0.566711664 0.0845289826 0.725352943 0.442612112 0.216014206
    0.932639241 0.895808995 0.711944222 0.860715151 0.84701848
    0.619437695 0.29091078 0.0944974422 0.201686114 0.495895147
    0.182192922 0.967960358 0.368466407 0.815862656 0.800508499
    0.136510432 0.204533756 0.565741181 0.587859511 0.179392457
    0.525511861 0.660353661 0.498113275 0.272062361 0.0109162033
    0.033893019 0.610025167 0.895597816 0.586275339 0.288404524
    0.618643761 0.101298869 0.866919041 0.11623466 0.632996857
    0.811613321 0.624755025 0.485946417 0.322055042 0.691892266
    0.0616541505 0.882784963 0.237013996 0.105848998 0.561768532
    0.770578861 0.586058378 0.310389459 0.538754046 0.894811153
    0.992216051 0.437791735 0.43718183 0.82815671 0.477126777
    0.720624447 0.0151881278 0.745430231 0.791601539 0.892324209
    0.350830823 0.982539773 0.748356998 0.508244336 0.444395751
    0.0975645185 0.177570254 0.030779928 0.853449225 0.187647581
    0.0292365253 0.109018058 0.809144616 0.630454957 0.397369444
    0.80710572 0.936250567 0.968353331 0.133936256 0.410340846
    0.350373864 0.948183417 0.036339432 0.0966771543 0.683400631
    0.00556248426 0.157698542 0.668279231 0.864950776 0.591302514
    0.816639543 0.243166834 0.775535345 0.0531020761 0.0575918257
    0.718590915 0.977543235 0.416292191 0.570846677 0.342026919
    0.451815486 0.723741174 0.92188108 0.588437676 0.990091324
    0.493254334 0.534148514 0.951919556 0.0452833474 0.274455011
    0.0198636651 0.278645545 0.199477613 0.200609565 0.178439736
    0.43220973 0.529809117 0.692072153 0.71526587 0.404681981
    0.664008617 0.0948441923 0.278589129 0.492131412 0.363645554
    0.819846153 0.00414523482 0.136809945 0.614955306 0.848146915
    0.00672110915 0.114713311 0.231851876 0.588165045 0.0470523238
    0.831101298 0.672358394 0.795793474 0.299355388 0.406951189
    0.770129979 0.50827831 0.267897218 0.842651129 0.470922112
    0.68005383 0.0804181695 0.470866144 0.166627258 0.733760715
    0.91433537 0.975543618 0.108789325 0.391991079 0.823872328
    0.743089795 0.386397719 0.546990514 0.0507908762 0.647905707
    0.177670032 0.571311772 0.683650255 0.314958751 0.847732067
    0.354961991 0.376265943 0.17159161 0.254627645 0.0878249109
    0.0811161697 0.323113859 0.815841556 0.868119419 0.933879793
    0.994232178 0.134277731 0.935339928 0.19725135 0.185607523 0.5006091
    0.0146998763 0.217435122 0.23370716 0.0363005996 0.209665149
    0.872287035 0.588476717 0.15353474 0.536350131 0.0410579443
    0.30549714 0.716434002 0.137030691 0.0697394907 0.683169782
    0.160159707 0.398678929 0.0175080597 0.775628388 0.163932294
    0.636657 0.356330454 0.0867505968 0.832353711 0.26727581 0.114731371
    0.298177063 0.209334463 0.506064951 0.583894134 0.0902661085
    0.312744856 0.754271984 0.0121398866 0.952586532 0.421686351
    0.246318519 0.906150758 0.0232814252 0.804237425 0.814505219
    0.667270541 0.461382806 0.158565104 0.975662231 0.74372375
    0.184481353 0.72106868 0.945513904 0.733831406 0.479203284
    0.358523875 0.489317119 0.0392169058 0.96715188 0.232870013
    0.850739658 0.994653523 0.83007431 0.208953887 0.365638196
    0.317048371 0.859603167 0.750152588 0.582155943 0.371450067
    0.745638371 0.71305114 0.166612089 0.6799348 0.285919785 0.649160683
    0.543205261 0.45037356 0.0754724145 0.946850419 0.242118925
    0.485679924 0.00138655305 0.183323771 0.0525162518 0.139498651
    0.177775949 0.162506074 0.970934749 0.932710469 0.216982007
    0.0416089296 0.704693615 0.67203182 0.744779766 0.401732028
    0.772065818 0.279209495 0.764419496 0.799262047 0.630489469
    0.899804235 0.34687227 0.706987977 0.238660842 0.986709952
    0.465109318 0.642638505 0.670687616 0.21154654 0.136884362
    0.405118108 0.978757858 0.171041846 0.691075504 0.98169142
    0.67188102 0.87498498 0.111072868 0.564220607 0.268224895
    0.0749179721 0.398744106 0.480234265 0.1298967 0.978687882
    0.340394974 0.787393928 0.567779601 0.44754526 0.784073591
    0.589439988 0.428150535 0.807502627 0.768236995 0.911090732
    0.206680208 0.336112529 0.484556317 0.731575489 0.164637923
    0.168825805 0.500068128 0.799658179 0.0752083659 0.15529874
    0.785799563 0.0839209855 0.486946881 0.87723881 0.528144062
    0.246608466 0.665439248 0.895389855 0.992553711 0.666244388
    0.807044268 0.611431658 0.714836597 0.497472852 0.416525483
    0.381230086 0.737016916 0.903539896 0.660122871 0.925617218
    0.142829508 0.899139166 0.0984354019 0.252236605 0.222535253
    0.787655115 0.434178412 0.658679545 0.503566265 0.931586385
    0.753076017 0.568005502 0.232100368 0.232268661 0.0797231793
    0.0852024853 0.0970454514 0.166394562 0.903169155 0.491087049
    0.799155831 0.0351900756 0.474444896 0.696344733 0.478759289
    0.00229218602 0.680812716 0.464183927 0.941787302 0.817879677
    0.647643805 0.39487505 0.714032292 0.318708122 0.91648984
    0.717485666 0.832933903 0.211722434 0.580124855 0.85617435
    0.554524004 0.880066156 0.219769448 0.452120155 0.239306241
    0.44073686 0.781608939 0.304526269 0.0175719559 0.451297045
    0.680550396 0.885972023 0.755894661 0.057436347 0.00840705633
    0.493693411 0.53389287 0.700096846 0.511957169 0.200138867
    0.205604345 0.800342321 0.158849925 0.000831007957 0.700910449
    0.0760390162 0.468366742 0.97994101 0.195628285 0.427482724
    0.715821147 0.25725764 0.242599905 0.409666896 0.0306603014
    0.0445018709 0.275980681 0.356433243 0.699474454 0.122027814
    0.272542179 0.472520947 0.518092632 0.716128945 0.979172349
    0.0773102641 0.203346401 0.607744932 0.141247302 0.159996331
    0.369651854 0.220907599 0.277487278 0.781313419 0.0336020887
    0.0408507586 0.840951264 0.867290318 0.863998115 0.493806064
    0.608169734 0.283865988 0.095508635 0.146216333 0.167773932
    0.90251112 0.934265971 0.293780088 0.6446141 0.613412559 0.185554326
    0.552674115 0.983980119 0.376657307 0.983067393 0.144595802
    0.326331615 0.952628374 0.304123044 0.0153529942 0.915385783
    0.401257873 0.665962219 0.830150127 0.995147228 0.326363266
    0.984450281 0.414583415 0.447015047 0.487495691 0.688669801
    0.705190659 0.863995492 0.594746351 0.632620275 0.120105475
    0.516916394 0.653458655 0.0661067665 0.403418273 0.0125229955
    0.458006799 0.814968109 0.838015616 0.5788396 0.144968897
    0.0309458673 0.368043959 0.492886186 0.386885434 0.303052306
    0.309433401 0.739890814 0.418202877 0.352539062 0.120697469
    0.881799877 0.610850394 0.443854988 0.196019828 0.756428659
    0.86630559 0.588252902 0.78543067 0.559149742 0.326012462
    0.190443665 0.154598594 0.740256548 0.0539826453 0.985066175
    0.320791513 0.354308367 0.960998774 0.988521695 0.368127823
    0.738414466 0.940053582 0.846741021 0.36913681 0.54632616
    0.228432029 0.00288105011 0.65333277 0.504150331 0.994149685
    0.703852594 0.46302402 0.0566804409 0.445474863 0.0307766795
    0.800467014 0.25879699 0.969202995 0.175303221 0.58853519
    0.618388176 0.87756449 0.0536647737 0.247255206 0.510571003
    0.0978595912 0.919278145 0.888269067 0.981609941 0.267318785
    0.117094696 0.349934638 0.729711175 0.206370294 0.646687865
    0.988652945 0.591630697 0.799304485 0.599576831 0.914997458
    0.577169418 0.142763883 0.100257427 0.551637948 0.263321489
    0.959302604 0.0190832913 0.689542055 0.579571128 0.5821926
    0.90704751 0.539424419 0.559668124 0.569080114 0.508828521
    0.894739509 0.401257366 0.328651518 0.358875901 0.153164357
    0.788626552 0.00833308697 0.925645947 0.488303095 0.725821197
    0.502629876 0.272086799 0.442483753 0.468999028 0.323114038
    0.783379197 0.662948489 0.0419986248 0.644645214 0.439354777
    0.683774114 0.682506025 0.81903708 0.329549462 0.144798934
    0.257783592 0.462907225 0.92804879 0.237107426 0.967698634 0.4292382
    0.774560511 0.0183784366 0.669178843 0.858547688 0.134142607
    0.997445703 0.0726935565 0.00669151545 0.0930986106 0.887126386
    0.433152378 0.11985743 0.097786814 0.79077369 0.46128276 0.128302276
    0.497182637 0.652849078 0.430259436 0.869498849 0.154251218
    0.628882527 0.302687228 0.0525293052 0.754615784 0.430441737
    0.538514435 0.944763124 0.542954862 0.122598916 0.335766196
    0.482385784 0.830331922 0.253871292 0.411623538 0.200765222
    0.854452133 0.705727696 0.67429316 0.963036656 0.645407081
    0.0677647889 0.325782239 0.916466117 0.419831365 0.644546986
    0.172045767 0.928176641 0.826111913 0.619955003 0.594193101
    0.943641663 0.907505512 0.12042293 0.557142079 0.331190437
    0.218633592 0.768271148 0.789733827 0.305042684 0.0642337501
    0.720105052 0.772476077 0.460582763 0.328684539 0.286060274
    0.790317893 0.144773781 0.124454528 0.205752999 0.769210815
    0.450563818 0.587784588 0.918441057 0.0584429204 0.0491391122
    0.635510921 0.0874159038 0.839429379 0.481733561 0.14433071
    0.22541973 0.941967487 0.125105828 0.346291155 0.931799769
    0.851991832 0.418112516 0.303428352 0.0252044499 0.942388535
    0.495623648 0.180307239 0.947631478 0.867739439 0.128448784
    0.687369943 0.589250267 0.177485257 0.727057874 0.782943249
    0.582737803 0.216760308 0.0397263169 0.374835342 0.825896263
    0.793025255 0.0828820169 0.00526040792 0.108408749 0.766594768
    0.217132688 0.887111545 0.505449653 0.546855509 0.433841079
    0.621009171 0.38417995 0.121070206 0.794663191 0.884694695
    0.206934363 0.401587248 0.335523903 0.086656332 0.619267404
    0.535187721 0.611124039 0.804244637 0.584338307 0.383549094
    0.949355483 0.763256431 0.75171268 0.996279836 0.543363929
    0.453819841 0.983771324 0.192477494 0.993721008 0.204745799
    0.917213798 0.049179703 0.482937634 0.336114049 0.491669267
    0.310159683 0.990644336 0.803103924 0.13644141 0.872172594
    0.871669531 0.64912802 0.696240544 0.0816088021 0.275966287
    0.444403172 0.213278443 0.299069971 0.246261477 0.1617378
    0.957761884 0.548187017 0.179025084 0.192135036 0.446262062
    0.612692475 0.135193765 0.941506863 0.907823682 0.285232723
    0.303076535 0.286236882 0.0253237784 0.841503739 0.906004071
    0.272232562 0.138940006 0.500645876 0.562016428 0.0030400753
    0.162238091 0.690025806 0.555512607 0.584430575 0.432165712
    0.340450883 0.784760952 0.930631042 0.994741201 0.922472119
    0.943983316 0.88985002 0.295989215 0.918182611 0.98199302 0.86475575
    0.880141735 0.965556979 0.415319026 0.366514921 0.41881597
    0.491090626 0.00607481599 0.594145298 0.800787091 0.285681278
    0.459605783 0.454479218 0.0917177498 0.39088124 0.25343734
    0.175057679 0.339360863 0.0962266624 0.66909194 0.11370495
    0.352263421 0.988234162 0.750754237 0.937900364 0.58354634
    0.493787944 0.88193655 0.397051483 0.657189429 0.768036485
    0.337030768 0.59806776 0.664087117 0.831020415 0.786911726
    0.433510959 0.159244239 0.252470732 0.207588285 0.292207599
    0.0173977017 0.111323088 0.845140696 0.831077814 0.678609967
    0.69056499 0.406914383 0.676717341 0.0148510933 0.138050377
    0.351258874 0.0324956775 0.0925737321 0.653563261 0.290174901
    0.409324646 0.663525283 0.418082654 0.0126867592 0.675355434
    0.98823005 0.133404732 0.141120374 0.910437524 0.702053905
    0.861692667 0.587152064 0.487617373 0.855859578 0.285615057
    0.727388918 0.75133425 0.795769274 0.998401701 0.380108207
    0.639004648 0.83068049 0.608897686 0.274208605 0.787786782
    0.743813813 0.284813166 0.8280496 0.505047023 0.012891084
    0.943854451 0.174408495 0.189766288 0.707939148 0.184665769
    0.745182395 0.777891159 0.967442751 0.562902272 0.090166539
    0.636006474 0.744504571 0.90212369 0.909837604 0.779216528
    0.936379731 0.803430557 0.413944393 0.0633639991 0.442935437
    0.524846494 0.0570994616 0.654197693 0.311464161 0.893422723
    0.938592672 0.776711047 0.281184167 0.132096946 0.695025444
    0.753312886 0.0468630791 0.209541768 0.581844211 0.238634378
    0.141398311 0.897265673 0.618677795 0.680481374 0.201269805
    0.880562901 0.80800575 0.0601073503 0.0651267469 0.798030019
    0.650887728 0.423984766 0.149680674 0.389805555 0.66102159
    0.665041685 0.257321656 0.906441033 0.870136559 0.831058383
    0.983629942 0.450624168 0.46679163 0.497740418 0.705635726
    0.212019622 0.683267891 0.067885071 0.665256858 0.656538129
    0.507216752 0.1598804 0.708920419 0.444624424 0.46954298 0.238652736
    0.656885266 0.813079238 0.121991038 0.611110389 0.671072841
    0.0871403515 0.801811576 0.815895498 0.441758901 0.448387086
    0.10228157 0.238776118 0.783795595 0.803032279 0.0421421826
    0.440543652 0.00920057297 0.230113685 0.315684617 0.619408786
    0.745152891 0.480257571 0.338586926 0.306271166 0.0389822423
    0.697687864 0.314246058 0.307994068 0.433273077 0.2005817
    0.892095923 0.507914782 0.96826458 0.639765024 0.100918323
    0.477453351 0.734534681 0.702016413 0.160240352 0.424470544
    0.565520823 0.0691262484 0.0382809341 0.691447079 0.756756306
    0.462847412 0.727680326 0.646243632 0.247113079 0.367667377
    0.847802877 0.924167752 0.216669321 0.976541281 0.173277974
    0.0804345906 0.982625484 0.783017159 0.618461788 0.130167514
    0.832680345 0.149634928 0.474764526 0.0741474032 0.502128839
    0.667146087 0.0415046513 0.591608047 0.422882974 0.236195594
    0.133869231 0.785381377 0.928599119 0.985957503 0.795691848
    0.770769119 0.441162825 0.564273894 0.340834856 0.499535859
    0.792209268 0.898329139 0.683808088 0.502670944 0.407208562
    0.6982342 0.00980088115 0.201798916 0.402509511 0.94414103
    0.461532414 0.189397067 0.288253665 0.150602728 0.583876669
    0.111139625 0.841752291 0.259667695 0.509779751 0.0617863536
    0.591174364 0.564653099 0.417991072 0.0471512675 0.600143969
    0.536543965 0.506467104 0.643983245 0.626277924 0.118809819
    0.77318722 0.384122789 0.41979757 0.494046301 0.392834961 0.27376616
    0.393288016 0.136455119 0.335064411 0.346364737 0.591751456
    0.546908021 0.806915104 0.0595499873 0.861444473 0.481448293
    0.612167954 0.182375282 0.902654707 0.244420618 0.56318754
    0.969494343 0.76555407 0.386243969 0.750633121 0.437503219 0.3985309
    0.905945301 0.889213443 0.318582237 0.962980688 0.735500157
    0.30270946 0.333545208 0.460022837 0.3858504 0.246885359 0.231234699
    0.285724401 0.56363374 0.67184025 0.289487153 0.28506434
    0.0660181344 0.523148894 0.772346973 0.472709566 0.517726779
    0.825513363 0.0091163516 0.705989778 0.995548308 0.919827998
    0.277979672 0.105390787 0.988237977 0.692521811 0.273373693
    0.602880597 0.741234958 0.439016491 0.282138169 0.965042353
    0.865404129 0.255303293 0.852117836 0.956738353 0.919886708
    0.494630128 0.834645033 0.363454521 0.426656932 0.405278593
    0.543786049 0.876667261 0.961455941 0.293377519 0.921076596
    0.940043449 0.593909681 0.865479112 0.379785687 0.749918222
    0.290543735 0.256329775 0.848885298 0.841201782 0.45499146
    0.803464055 0.893820167 0.931468248 0.287620604 0.692459285
    0.400785923 0.941943765 0.625918031 0.490092665 0.920350313
    0.339505225 0.216017723 0.864638925 0.049618572 0.182591587
    0.579781055 0.9170295 0.874861121 0.0686080456 0.358517647
    0.578494728 0.433337033 0.718392611 0.439724028 0.121627688
    0.122400671 0.696576297 0.357885927 0.0693471432 0.672250152
    0.589521229 0.410938174 0.439211667 0.442145288 0.6365453
    0.343870163 0.543682218 0.915229917 0.668195844 0.866415799
    0.957541823 0.713268161 0.444867074 0.111518383 0.597234488
    0.804842293 0.548795283 0.775511324 0.109764129 0.955595493
    0.0530296862 0.789180875 0.819112897 0.774176717 0.702672482
    0.796520472 0.368527263 0.757780671 0.332566261 0.449996263
    0.107817203 0.174151152 0.434785724 0.72972548 0.863922 0.353901148
    0.821605802 0.789174795 0.618214011 0.111500382 0.989300013
    0.584966898 0.440912306 0.489113748 0.501609743 0.101854861
    0.47378692 0.782879949 0.716444552 0.454315335 0.127632976
    0.831433177 0.842916489 0.810279608 0.297127992 0.516932786
    0.736124992 0.271434933 0.463982612 0.835074306 0.160074472
    0.53011167 0.600089908 0.610874891 0.542640805 0.835144281
    0.138563991 0.788319707 0.325812519 0.489371806 0.548446119
    0.759443521 0.345135808 0.275759637 0.707774043 0.520758569
    0.664431393 0.254111975 0.989419758 0.191251785 0.554837823
    0.115685016 0.586261153 0.660689831 0.838388205 0.720680773
    0.471998066 0.595164478 0.173051924 0.334326446 0.0573123395
    0.972948313 0.336831331 0.583102643 0.0147692561 0.661025167
    0.457149327 0.277657449 0.678313673 0.245712191 0.394824028
    0.82732749 0.879564881 0.580120325 0.897794843 0.549541831
    0.0915743709 0.656003833 0.844617128 0.916055739 0.648622811
    0.646580935 0.093740195 0.0619403422 0.147041023 0.786890149
    0.318943381 0.948160768 0.977207005 0.962532759 0.289080679
    0.660825729 0.0282966197 0.963356614 0.161763698 0.145982981
    0.374723196 0.726412773 0.966634035 0.518266857 0.33760345
    0.345712364 0.528243959 0.202961773 0.491771013 0.477987707
    0.830839515 0.00357657671 0.840672255 0.492141664 0.403909564
    0.551852345 0.19150582 0.574300885 0.629206955 0.72400409
    0.911338091 0.482801825 0.33802703 0.551284194 0.840624571
    0.875385523 0.27226305 0.760524571 0.463292867 0.571778238
    0.173334181 0.239977628 0.254633427 0.808428228 0.839190841
    0.899772167 0.0645688176 0.390506387 0.915675879 0.793180466
    0.238106072 0.608868718 0.518986404 0.14106077 0.921638906
    0.0609835386 0.665493429 0.421567768 0.993777871 0.15350464
    0.769074202 0.826746166 0.712636709 0.770400763 0.767587781
    0.68727237 0.849421978 0.0838788748 0.0403609574 0.193892598
    0.561233342 0.730760574 0.958955407 0.234004736 0.590048432
    0.353382051 0.951060295 0.034740895 0.0960190594 0.633156717
    0.505803466 0.964542627 0.587554693 0.193188936 0.931530714
    0.194401979 0.519358099 0.346800983 0.295375109 0.559206784
    0.565819621 0.294735014 0.468648314 0.545431614 0.632323563
    0.615225911 0.454533517 0.781134486 0.712813854 0.246071905
    0.996795416 0.322520852 0.342548728 0.746886909 0.414326072
    0.727962434 0.423315972 0.39819327 0.637352586 0.527796626
    0.756257355 0.115785033 0.564874411 0.739531994 0.538254023
    0.0633841753 0.466606557 0.792664051 0.154857934 0.0464562476
    0.692361534 0.732054532 0.459447324 0.447167873 0.150543213
    0.139690667 0.599122167 0.450489193 0.725592673 0.816077948
    0.646703899 0.730723143 0.388494521 0.694988847 0.21141997
    0.462152392 0.485675037 0.969711661 0.576555371 0.730849802
    0.271047294 0.0704569519 0.506650865 0.253957778 0.311984748
    0.177258164 0.204398811 0.481853485 0.527357996 0.146074802
    0.800635338 0.874230504 0.538794637 0.939428329 0.0913674533
    0.624857306 0.256345749 0.923546553 0.166067064 0.632163465
    0.907865345 0.123029709 0.983309627 0.317980826 0.751069427
    0.141819745 0.0238626301 0.944937944 0.871570587 0.66649884
    0.0491039455 0.502284527 0.0539219081 0.0807787776 0.206183404
    0.441391647 0.511017084 0.72307384 0.397073299 0.793444395 0.7666049
    0.79657805 0.672143936 0.12658456 0.825395823 0.144853175
    0.513375461 0.785272956 0.777373374 0.185780644 0.83610785
    0.842931747 0.71515578 0.31544897 0.304659903 0.515501618
    0.199094027 0.605139732 0.392632186 0.272330642 0.742643416
    0.358273327 0.695041895 0.64605701 0.38894093 0.262928128
    0.217750818 0.914789438 0.0985283554 0.0136813223 0.660349011
    0.416049957 0.965057135 0.945046961 0.0817122757 0.663622975
    0.229762256 0.889712036 0.275433332 0.509824336 0.286924899
    0.693996429 0.494246513 0.817385793 0.521945059 0.201503903
    0.709471762 0.162699491 0.147009075 0.621910214 0.575602293
    0.917626619 0.594014227 0.992105722 0.4955329 0.462605298
    0.368548542 0.858565211 0.729992509 0.182390988 0.835525036
    0.125686049 0.493717462 0.798486471 0.501214683 0.0944464505
    0.761937439 0.884376049 0.933960319 0.460400999 0.261184573
    0.6197896 0.0361118615 0.573881209 0.637710094 0.710284472
    0.651798308 0.637238801 0.883194029 0.955969334 0.897842169
    0.451118797 0.435573518 0.564864218 0.345125884 0.195292264
    0.331903279 0.461392254 0.261105418 0.649941862 0.234816939
    0.673808217 0.266262472 0.733788729 0.235876948 0.585793376
    0.574135423 0.294103444 0.0052369535 0.607466638 0.214660853
    0.673983157 0.907394707 0.0464908779 0.553139865 0.879267216
    0.802646279 0.529173195 0.0477398336 0.529112279 0.928972185
    0.410090744 0.719325304 0.241184533 0.928055227 0.157111764
    0.804435253 0.346814424 0.253989577 0.375369251 0.438344508
    0.519811749 0.439200103 0.179247707 0.890329361 0.455764353
    0.0601754785 0.462815553 0.0411180258 0.00169205666 0.580936849
    0.31938082 0.316970766 0.647731543 0.901124001 0.0454004109
    0.673433065 0.747105539 0.647378266 0.520000637 0.971602082
    0.348123908 0.627640188 0.114621043 0.23998791 0.756805301
    0.858501971 0.64255631 0.000598669052 0.947248638 0.785691977
    0.352890611 0.75963223 0.407271504 0.601290703 0.830915749
    0.747996092 0.203990132 0.724197984 0.687411308 0.368866384
    0.157500386 0.677510142 0.291115314 0.413576365 0.336691082
    0.274102867 0.605724096 0.0766418576 0.0483705103 0.181464255
    0.441477686 0.784351766 0.583231449 0.584302843 0.26756525
    0.821952224 0.0607332289 0.843286395 0.788183451 0.653134048
    0.115443587 0.150673717 0.463224947 0.834536433 0.469965011
    0.208346993 0.690021098 0.979535103 0.460341811 0.403365105
    0.622038066 0.998080969 0.638003409 0.92079097 0.328611791
    0.681217015 0.740016878 0.157064199 0.306541145 0.359367967
    0.174623936 0.682646096 0.956049204 0.619160175 0.362213612
    0.964509964 0.187422097 0.205752552 0.21683228 0.748670101
    0.437950969 0.495981514 0.706374288 0.345350981 0.0176597834
    0.637627542 0.178131074 0.725192487 0.770166874 0.811811328
    0.269182473 0.637221813 0.789996386 0.0602024198 0.704370856
    0.692516088 0.837688923 0.549255788 0.168061018 0.338910341
    0.29676348 0.195060879 0.84026444 0.378945082 0.963273168
    0.157001019 0.485063791 0.757418275 0.946813822 0.272983253
    0.427280784 0.206700474 0.0519743562 0.606707811 0.00115868449
    0.40474087 0.1489878 0.480223745 0.729181767 0.0158916712
    0.300384462 0.579354942 0.84211874 0.955414176 0.731264114
    0.829397917 0.0422040522 0.570246339 0.888064981 0.1741831
    0.482372522 0.279376954 0.190216959 0.646714449 0.435754329
    0.529087365 0.990060925 0.855008483 0.128011674 0.227398604
    0.38073647 0.0723199844 0.66499579 0.303168714 0.000874608755
    0.177206814 0.135454059 0.600120008 0.269344389 0.686102509
    0.623595834 0.762493372 0.0506151915 0.465203911 0.137546659
    0.249457538 0.499889314 0.938479364 0.181911141 0.360139698
    0.0388630033 0.416190267 0.77157557 0.708761275 0.295261741
    0.964224577 0.255473375 0.729643345 0.0677729249 0.599889576
    0.297360003 0.811749041 0.488798648 0.564452112 0.213740766
    0.78170681 0.951915324 0.827859104 0.653058171 0.407705516
    0.857464194 0.467277586 0.160639614 0.173050255 0.252566278
    0.49579832 0.117728114 0.140680075 0.261309683 0.455866009
    0.76942122 0.620841205 0.052990675 0.438064098 0.83549273
    0.0203110278 0.859041333 0.507039666 0.0536718965 0.990216136
    0.402255416 0.534109056 0.0689842403 0.604463816 0.123986095
    0.482498765 0.32357204 0.755087972 0.0973516107 0.0944803059
    0.371983111 0.484815657 0.095567584 0.737199664 0.787361264
    0.723963201 0.331498802 0.999298334 0.0154644847 0.128274739
    0.218464375 0.0759110749 0.791019261 0.298649281 0.331786633
    0.425330967 0.608734369 0.26049453 0.0572375059 0.729153633
    0.4030599 0.84045136 0.49644962 0.963779926 0.859940052 0.659539163
    0.570425332 0.284677684 0.794593811 0.313688248 0.826828241
    0.0999449193 0.507341802 0.159266144 0.71189934 0.0626630783
    0.0206000507 0.774375379 0.742118955 0.354053378 0.690895081
    0.0835551918 0.388329297 0.493805379 0.178985059 0.174825519
    0.149315774 0.763494968 0.0107704997 0.906993151 0.803512573
    0.426331043 0.415251493 0.550789654 0.139422923 0.624608815
    0.127354741 0.147640556 0.171560526 0.756857514 0.964638829
    0.128971666 0.742483139 0.437113106 0.664710164 0.190475672
    0.446906388 0.222103298 0.491055995 0.865317583 0.453620821
    0.0261823833 0.93638885 0.504521728 0.400009662 0.107371271
    0.852824152 0.174397469 0.416372895 0.504724205 0.765545487
    0.00521677732 0.249683231 0.19964841 0.745788276 0.390734047
    0.12240541 0.490046382 0.134542942 0.740092337 0.946089447
    0.232155949 0.33912015 0.349686086 0.373074234 0.507931411 0.4552297
    0.551679969 0.593672276 0.552844763 0.276096404 0.212366074
    0.16643849 0.498521984 0.376759291 0.980039299 0.585741758 0.6316064
    0.229768008 0.720925808 0.176161647 0.0213884711 0.685450494
    0.591497183 0.623890281 0.142781556 0.83364886 0.165190578
    0.969538212 0.94863975 0.273431063 0.5943138 0.918155193 0.762668371
    0.00361064076 0.282807231 0.0606487989 0.284537852 0.598029554
    0.502052903 0.938416243 0.0329191089 0.738478363 0.410245359
    0.215558678 0.580966532 0.623400211 0.990091681 0.888985395
    0.159103036 0.996188283 0.500065088 0.610719025 0.990944803
    0.878855228 0.300481588 0.526420057 0.0527919531 0.678127646
    0.313790292 0.977652431 0.274658024 0.692475379 0.151376218
    0.204065442 0.17688477 0.129851043 0.868374467 0.647846341
    0.958933115 0.251190841 0.193908215 0.245839179 0.871427238
    0.526906431 0.639680386 0.495161593 0.210138112 0.335204065
    0.134296507 0.29116562 0.0174859762 0.114759862 0.773851097
    0.446570933 0.81215322 0.489349157 0.294233203 0.355377227
    0.354230613 0.358587921 0.630976796 0.471393973 0.124028981
    0.172121048 0.150497168 0.659370065 0.550979793 0.449974 0.838493884
    0.340257704 0.269133449 0.12985152 0.726689756 0.10318616
    0.0741082728 0.801122189 0.242474794 0.00426164269 0.724794984
    0.173965037 0.491560906 0.462670058 0.571192801 0.712895751
    0.428733349 0.888115585 0.586014688 0.594144583 0.545990407
    0.231606156 0.800666928 0.373507559 0.607396722 0.79336834
    0.78168869 0.392158747 0.384176224 0.0591104925 0.917318225
    0.166097254 0.43305105 0.675920844 0.449118733 0.86200887
    0.429976553 0.514528334 0.3890993 0.658384085 0.413810104
    0.796176076 0.9370507 0.925280333 0.671550274 0.467316419
    0.962548256 0.41218105 0.10329482 0.908711314 0.865458012
    0.0295570493 0.625401497 0.406456947 0.883354068 0.215060472
    0.24993822 0.233223587 0.46204412 0.764683604 0.0825466216
    0.704632401 0.419426054 0.575279951 0.127191365 0.897114396
    0.305295944 0.270143092 0.155339152 0.881948769 0.31439811
    0.460054457 0.147680283 0.614411354 0.606771827 0.11023581
    0.124352962 0.285017073 0.0100562274 0.602003574 0.471352965
    0.774667025 0.410164684 0.843448997 0.141810268 0.563226104
    0.980891705 0.64405179 0.891276717 0.643320858 0.544470906
    0.480902761 0.648101985 0.0460875928 0.429789484 0.613793492
    0.843197346 0.955112457 0.288727462 0.591534317 0.375276059
    0.424658924 0.662650943 0.437502921 0.46819669 0.60932678
    0.250492156 0.39785707 0.91518414 0.00144350529 0.156083763
    0.916606545 0.124708265 0.705057681 0.485805869 0.485514432
    0.883636594 0.213144273 0.306325555 0.343398154 0.107292503
    0.223902881 0.548704863 0.811417222 0.559951305 0.170408547
    0.907480836 0.950994372 0.936286092 0.774632037 0.727547109
    0.704236805 0.116696298 0.510150433 0.929843068 0.904265761
    0.664912343 0.0370056629 0.242793411 0.805348516 0.571646333
    0.159561545 0.419276297 0.969520688 0.0317704976 0.600636125
    0.752904415 0.0895518363 0.211676687 0.00547543168 0.709145308
    0.0521871746 0.896927238 0.298727453 0.13811782 0.154283553
    0.307912976 0.200286508 0.74853164 0.65819329 0.876700997 0.58754909
    0.677051842 0.599007428 0.425537407 0.205400914 0.974116206
    0.840162814 0.877760589 0.253123462 0.366432667 0.110433459
    0.553679943 0.698512197 0.435640752 0.315147281 0.172745973
    0.197345972 0.639454126 0.724042773 0.647848666 0.0818895996
    0.818502247 0.166785449 0.57784313 0.943392754 0.440405756
    0.383515924 0.895151138 0.724160612 0.198840946 0.65982604
    0.499298632 0.845086813 0.22300446 0.75244391 0.270474195
    0.124713808 0.590946436 0.0574972928 0.538003683 0.12669909
    0.256280601 0.203925729 0.134834051 0.280098468 0.626793623
    0.768895268 0.341659069 0.880925119 0.763993323 0.884113371
    0.956186652 0.247155964 0.60735023 0.178247243 0.913181961
    0.430167884 0.860617876 0.80823493 0.748082638 0.797926724
    0.213755459 0.617440522 0.478715748 0.80942297 0.155406535
    0.200513005 0.95642817 0.661589861 0.754446805 0.999077857
    0.112211168 0.108417362 0.799970508 0.659580231 0.112761289
    0.988002419 0.8041206 0.323146969 0.880481243 0.646822929 0.7441504
    0.948067248 0.0204803348 0.925383985 0.97609961 0.442177922
    0.750508726 0.706557035 0.17095226 0.427599669 0.340086341
    0.246663392 0.710950553 0.0427717865 0.922971368 0.356386364
    0.798213959 0.281175971 0.0769830048 0.537280917 0.0531720519
    0.452881455 0.974242032 0.0454419851 0.722681522 0.453975677
    0.731486678 0.659161329 0.45602569 0.30790025 0.205271631
    0.321012974 0.423633814 0.599979639 0.801159739 0.203134507
    0.34656471 0.996781468 0.602207363 0.108704418 0.134989411
    0.389743924 0.532391846 0.165435791 0.779144645 0.841186643
    0.984900773 0.859912395 0.0282358527 0.146442622 0.681886137
    0.812653065 0.048614502 0.980923474 0.0276226699 0.239679337
    0.701068282 0.635165334 0.890690327 0.853802919 0.737352788
    0.162880033 0.715246439 0.410551697 0.152430177 0.357575178
    0.291130304 0.589294136 0.0298321545 0.41991654 0.855189562
    0.0136709213 0.701169491 0.877512932 0.956311345 0.284899771
    0.106955856 0.0267699957 0.0370720923 0.247267693 0.911475837
    0.991313338 0.0803916156 0.433736742 0.192423165 0.343789458
    0.433929533 0.0212762356 0.30292052 0.13558653 0.628384233
    0.974627733 0.706957161 0.0765652955 0.217754424 0.864916801
    0.0175866485 0.663944542 0.874571979 0.145738274 0.0385645628
    0.236232907 0.69999665 0.63663739 0.957882047 0.697128057 0.03592664
    0.0946463048 0.437339306 0.51564151 0.392038554 0.587841272
    0.543319166 0.532382965 0.601581454 0.590905786 0.656008482
    0.793428779 0.353170276 0.49935317 0.832380772 0.651404381
    0.421925485 0.770008147 0.0561904609 0.154456556 0.0815741718
    0.0448532701 0.778270662 0.397468299 0.633564293 0.498259157
    0.014973104 0.689895332 0.676645756 0.46345979 0.635602117
    0.626948118 0.0591230392 0.910190225 0.762441278 0.0752077103
    0.333653003 0.701216698 0.988110304 0.329100788 0.765865088
    0.950321317 0.326202214 0.153289974 0.249962091 0.489858776
    0.497646749 0.677365601 0.812185526 0.399571061 0.253160626
    0.0118753016 0.984144032 0.463064432 0.568712294 0.928760886
    0.112845659 0.702242732 0.834565461 0.771223545 0.0630325079
    0.581626177 0.478058964 0.142358065 0.00537505746 0.222256601
    0.5697577 0.349234223 0.621938825 0.89663589 0.735172749 0.41884324
    0.522868514 0.653271914 0.0819216371 0.638885438 0.24007529
    0.0730449557 0.23931393 0.0451323688 0.582414389 0.7544837
    0.671627522 0.285905212 0.403850824 0.944158673 0.205473691
    0.621666908 0.153758228 0.235900968 0.172858328 0.460848749
    0.289374411 0.52235353 0.282717317 0.264238596 0.382824779
    0.44057253 0.668901622 0.752782106 0.159872264 0.0581231117
    0.970792711 0.702680588 0.116367579 0.69270432 0.31976375
    0.557135046 0.969990969 0.408583134 0.870706201 0.984155059
    0.408305526 0.4529998 0.119978189 0.0359041393 0.488726318
    0.982085526 0.0932699144 0.296905875 0.302758694 0.0638699532
    0.16015479 0.158076137 0.0934906006 0.196674913 0.931034446
    0.940994203 0.185338855 0.476222903 0.0488333702 0.710038781
    0.842753291 0.354484141 0.473838151 0.479598165 0.457686335
    0.717638254 0.229793936 0.908192456 0.650132775 0.399931669
    0.954646707 0.346892446 0.241339952 0.470062912 0.931930423
    0.748377085 0.0258436203 0.231939048 0.504454076 0.653637528
    0.32716924 0.431185067 0.642151654 0.0167267919 0.711330831
    0.389404118 0.707347512 0.556508541 0.921452224 0.571420074
    0.5440588 0.351983398 0.065908432 0.266781032 0.0632376373
    0.226286352 0.853834391 0.615175724 0.0944387019 0.744367421
    0.578699052 0.626273334 0.290744632 0.509274423 0.440773666
    0.031652391 0.245345414 0.0680170953 0.201739103 0.955092967
    0.944804072 0.20160827 0.464509428 0.436502993 0.910720646
    0.686786056 0.80824852 0.398844242 0.531762064 0.221114755
    0.651301861 0.435824543 0.212185979 0.759633064 0.188867927
    0.705166519 0.888005972 0.785096049 0.370918512 0.648594975
    0.125042737 0.124027938 0.745433748 0.411650866 0.931105852
    0.11064899 0.623175442 0.907205462 0.907344997 0.5561257 0.387305528
    0.210965306 0.18950671 0.998466492 0.337154299 0.16517669
    0.887637973 0.0914842784 0.638774514 0.792956173 0.228763312
    0.340931654 0.678326845 0.394500494 0.913306534 0.2244322
    0.217163175 0.557065487 0.795038581 0.238371134 0.861369014
    0.915757596 0.537167311 0.384386897 0.178451747 0.986679316
    0.106820285 0.377720356 0.711464345 0.163278282 0.00148993731
    0.677281201 0.387975246 0.447466642 0.41110447 0.907334924
    0.655103564 0.0222448409 0.130383193 0.123575807 0.603707254
    0.748376727 0.223933637 0.783123851 0.97984612 0.0977610648
    0.475673884 0.638625681 0.257300973 0.0540857017 0.202431083
    0.845216691 0.342545688 0.6561836 0.317472577 0.316279262
    0.298460662 0.779081762 0.658098936 0.0418520868 0.177014053
    0.330549508 0.293250144 0.995098472 0.997657239 0.716164351
    0.0350361764 0.108894646 0.724727035 0.125563532 0.192004472
    0.01574108 0.811851025 0.959989071 0.58279413 0.55883801 0.940888464
    0.934593618 0.988196015 0.786370277 0.645909905 0.599090993
    0.231334031 0.291223168 0.414438635 0.160621196 0.703393102
    0.380856931 0.0350528359 0.504136801 0.521376431 0.956339836
    0.876105428 0.770883918 0.0738631487 0.323255181 0.787998915
    0.231432706 0.203402996 0.313025236 0.415379047 0.102227449
    0.168143183 0.13734895 0.441736877 0.753260016 0.633888662
    0.187035561 0.864777684 0.169323206 0.443116188 0.035414964
    0.0116172433 0.527032495 0.244809806 0.661685944 0.0555089116
    0.598449469 0.325838983 0.726381063 0.887221098 0.216999859
    0.248036295 0.832198024 0.0139520764 0.692733049 0.142752111
    0.704016924 0.677977145 0.863218129 0.0917408168 0.7314955
    0.348442912 0.244140714 0.908108532 0.643244267 0.631341696
    0.248583138 0.340664268 0.970615387 0.263046324 0.509913385
    0.19339332 0.923952341 0.979991794 0.438088596 0.711374462
    0.557645142 0.839571238 0.325051665 0.132219851 0.145587295
    0.831817865 0.98962009 0.43961823 0.704797745 0.928027749
    0.552312315 0.348148465 0.840617418 0.78611207 0.398237139
    0.195466727 0.576716185 0.444880277 0.156712353 0.833521605
    0.754076362 0.87230444 0.56980139 0.591829062 0.692338049
    0.494579166 0.245519668 0.421662182 0.368829399 0.200351804
    0.756683707 0.277969122 0.36337027 0.806370676 0.683104098
    0.0118074417 0.29283756 0.827669978 0.483177036 0.0210029483
    0.809361696 0.89709723 0.835603416 0.0545503199 0.570051372
    0.164554149 0.790765762 0.718370199 0.50115788 0.289482385
    0.0998416543 0.859918296 0.41366443 0.328926831 0.875881374
    0.265992463 0.48855406 0.11004293 0.819274545 0.352402866
    0.368214577 0.511922956 0.20930174 0.867724299 0.0329525471
    0.514411926 0.794325054 0.907315373 0.542416453 0.105228871
    0.56320715 0.663284242 0.435186625 0.473249644 0.528731048
    0.14609316 0.580439508 0.169690579 0.855970562 0.926246762
    0.535063326 0.763566554 0.850584984 0.909819365 0.353791684
    0.745248675 0.246331543 0.53424716 0.440131158 0.0876488984
    0.749758482 0.15473485 0.0639884174 0.311177075 0.426267803
    0.623300314 0.397908956 0.209166318 0.288860381 0.237895966
    0.189180464 0.971446753 0.856957138 0.302717984 0.128708065
    0.433041215 0.63276273 0.951145887 0.173227459 0.450858355
    0.823670387 0.243652791 0.959216475 0.755924344 0.805139899
    0.904762864 0.329812318 0.286960661 0.535989463 0.792997599
    0.0907398462 0.903746247 0.183247656 0.706393242 0.385454834
    0.16458869 0.73344028 0.150786072 0.0717489719 0.842010677
    0.647560358 0.56001091 0.680384636 0.582343936 0.0957728326
    0.520708919 0.877927721 0.0755868852 0.40226984 0.687374592
    0.139019459 0.598578334 0.967680693 0.00573429465 0.154684782
    0.38460654 0.685426235 0.348188043 0.832971931 0.25020349
    0.769377708 0.63816303 0.0859373212 0.508944631 0.580340564
    0.621780396 0.227670312 0.354811192 0.756372631 0.573780239
    0.952576578 0.981018543 0.103337288 0.60631597 0.811393976
    0.926078498 0.441115916 0.878718793 0.756605327 0.248421341
    0.459585071 0.709400415 0.849459648 0.504834056 0.187023401
    0.01557073 0.635884404 0.451391041 0.330546737 0.410416484
    0.20664224 0.126904458 0.36069259 0.436745316 0.538886011
    0.760493755 0.954340041 0.863172293 0.59079349 0.816933334
    0.776396394 0.843277395 0.583023906 0.722546339 0.499398887
    0.0147352517 0.108575583 0.0643453002 0.166547537 0.804514647
    0.0513265133 0.0898403227 0.878815174 0.246771723 0.46937418
    0.407571793 0.935338736 0.297522604 0.30122745 0.971756101
    0.614097595 0.257616311 0.651263177 0.836163282 0.933669329
    0.336997449 0.228381008 0.910605967 0.791519403 0.124064058
    0.742497206 0.688768506 0.565006196 0.293498784 0.380452335
    0.107040524 0.538787603 0.830010116 0.456398726 0.653678417
    0.140247196 0.0957212746 0.822188199 0.949506819 0.434330136
    0.42851764 0.627129376 0.429999769 0.576814175 0.461662412
    0.283584207 0.584660649 0.29104194 0.188046724 0.874012172
    0.451622725 0.364024699 0.737191796 0.663989902 0.270306408
    0.0915242732 0.8183406 0.579943895 0.352351665 0.777244091
    0.834600329 0.540109217 0.286775827 0.128897488 0.486525416
    0.256883681 0.546022356 0.682721555 0.41802299 0.509837806
    0.445152283 0.250437558 0.614202023 0.664869905 0.765153527
    0.184803963 0.479101896 0.922620237 0.291397154 0.9661538
    0.147887081 0.23051244 0.866829395 0.841662705 0.657172978
    0.255224973 0.660660505 0.205198228 0.919271588 0.208049357
    0.438445568 0.718204856 0.485027492 0.601719022 0.563004375
    0.639894843 0.470061064 0.491248012 0.248354077 0.56674397
    0.820160389 0.610768139 0.811027884 0.596271157 0.905688524
    0.341544867 0.543898702 0.876426637 0.0209302008 0.956555128
    0.64376086 0.578378856 0.606814742 0.0467065573 0.583625913
    0.605503082 0.58868438 0.881639063 0.785539925 0.101237595
    0.371060401 0.804079652 0.0435671806 0.178419054 0.270151377
    0.26903367 0.600769818 0.937630415 0.42755276 0.340905786
    0.380258322 0.410826594 0.962051511 0.880182981 0.46310851
    0.449972898 0.627501428 0.363061965 0.984003782 0.306922853
    0.398174047 0.792345941 0.863055706 0.0827657878 0.487084091
    0.195193589 0.712290704 0.417468488 0.979998589 0.119353503
    0.61327666 0.379139572 0.435901493 0.242215484 0.293281615
    0.311083078 0.812860012 0.189782649 0.35585323 0.0212148428
    0.739851534 0.72344166 0.954621196 0.690354943 0.508342743
    0.640862525 0.499666959 0.688270807 0.313254565 0.392921388
    0.369916052 0.259287328 0.898571372 0.582349658 0.959637046
    0.122436762 0.343166977 0.471979946 0.0177387297 0.653301775
    0.915389657 0.746810079 0.0210013986 0.77736038 0.162607193
    0.703699827 0.109039366 0.194606066 0.459944785 0.891284347
    0.315649182 0.271384537 0.768810153 0.96221137 0.272226572
    0.247912675 0.989658952 0.888541996 0.921176612 0.210297436
    0.747138858 0.58116442 0.945107996 0.225979686 0.660317183
    0.974904776 0.638092041 0.0579541624 0.386942387 0.496783555
    0.0349909663 0.0265570879 0.764609694 0.0244334042 0.917519808
    0.862237453 0.631602943 0.593715787 0.227219701 0.645363986
    0.513529658 0.187400013 0.515313864 0.704446912 0.685441732
    0.154761642 0.0880720317 0.857959867 0.54238224 0.085534811
    0.369342804 0.379520476 0.156833053 0.473025501 0.776938021
    0.862176418 0.342805028 0.699009597 0.91655004 0.164615035
    0.35673672 0.877154469 0.648509264 0.403918386 0.563002706
    0.481523126 0.979487062 0.508861721 0.450946689 0.00751653314
    0.865733087 0.642595768 0.738398194 0.698899031 0.661176205
    0.581828773 0.606135786 0.336948812 0.710360587 0.36665082
    0.272525012 0.0347766578 0.545433879 0.498780429 0.0552473068
    0.764849782 0.676268041 0.76363045 0.0263609886 0.36698842
    0.166901827 0.256255925 0.946434617 0.337163419 0.998948097
    0.36538589 0.79026866 0.275368214 0.360544384 0.546235681
    0.565737188 0.753640056 0.81784457 0.167620271 0.683107555
    0.45333159 0.590657711 0.433952898 0.0196552575 0.924143732
    0.235122651 0.724549055 0.956766486 0.609166443 0.697858334
    0.232685387 0.300107628 0.274178565 0.0884532928 0.294401884
    0.506311297 0.803727567 0.117277414 0.843225479 0.945492983
    0.461760253 0.963519216 0.590867519 0.103827357 0.400740832
    0.513557911 0.982495785 0.475851297 0.644163966 0.330171883
    0.378768831 0.180947214 0.126574695 0.248652995 0.620244265
    0.871098042 0.0958680212 0.74132508 0.993623614 0.359098434
    0.686050177 0.0375873446 0.246479571 0.350990176 0.447925717
    0.0350124836 0.457423449 0.555919886 0.818978906 0.0854330361
    0.94359982 0.509292364 0.996629715 0.29920119 0.168121457
    0.742569089 0.309459001 0.239885628 0.358449042 0.0843802094
    0.0478274524 0.502383888 0.90034318 0.703356624 0.901056528
    0.5010131 0.915713787 0.319204986 0.206959546 0.587451577
    0.797792554 0.183066785 0.0633458495 0.367759675 0.783730626
    0.885279238 0.160082906 0.0388580859 0.277303249 0.336423397
    0.814942718 0.842715263 0.908201993 0.104885697 0.425174922
    0.977206409 0.85820359 0.617699802 0.272760242 0.149729848
    0.668003798 0.824753106 0.621724069 0.267344415 0.661533892
    0.042080462 0.755638123 0.765983701 0.731091976 0.170220971
    0.283233821 0.664067268 0.585402966 0.449375689 0.897748947
    0.55628866 0.937636912 0.798654735 0.31084764 0.992103219
    0.367958724 0.349167585 0.148988992 0.499563873 0.130585402
    0.161661059 0.659850717 0.913806379 0.866710305 0.706039906
    0.579091668 0.926412106 0.912769198 0.125220746 0.549605668
    0.891376138 0.920879722 0.895380557 0.82519573 0.800292015
    0.447976202 0.00974994898 0.744737148 0.87804383 0.991366386
    0.960814357 0.0649519265 0.991853476 0.722595453 0.0414677262
    0.892043829 0.405795485 0.285244077 0.560370326 0.897786736
    0.285416245 0.788829923 0.0279614627 0.046354264 0.674280524
    0.289626956 0.529403567 0.877228856 0.766379476 0.00654149055
    0.544077933 0.00952079892 0.0727180541 0.480546236 0.898599863
    0.456245661 0.933207035 0.909864247 0.97530663 0.263046831
    0.012781024 0.839723349 0.843321264 0.426110744 0.761477232
    0.540904701 0.35539791 0.603871644 0.809781075 0.611524761
    0.839841187 0.359571457 0.104641378 0.718139768 0.387039423
    0.513078272 0.0680875182 0.975681186 0.302849114 0.402060628
    0.207331985 0.250052631 0.29081431 0.715783298 0.596085608
    0.443027705 0.608472049 0.270046115 0.810705185 0.76353097
    0.208869904 0.153167516 0.128284186 0.0206757784 0.662381172
    0.201976389 0.611557484 0.546291173 0.939035237 0.421105087
    0.921322644 0.602498114 0.245564133 0.0882038474 0.643522978
    0.818784535 0.124932766 0.45723325 0.476440161 0.772030115
    0.339776278 0.298035026 0.898401856 0.129240125 0.0431014001
    0.28056109 0.141419172 0.0256234705 0.386964142 0.326437056
    0.111997396 0.146386236 0.347116411 0.22555691 0.668998957
    0.638921678 0.322910905 0.140046388 0.140265226 0.802309275
    0.399161875 0.162945658 0.0609301925 0.170581222 0.460609823
    0.490782082 0.741451323 0.653150737 0.218488216 0.0811207294
    0.361317396 0.427549005 0.394911855 0.304485172 0.828780413
    0.315093756 0.32919091 0.91723299 0.468685865 0.713576794 0.34788543
    0.647389948 0.333003998 0.087598592 0.910881996 0.888971627
    0.582716942 0.268838227 0.826824903 0.492735058 0.514573991
    0.0857464373 0.918051004 0.544865906 0.68866092 0.355547428
    0.864878893 0.521698773 0.50856775 0.791716874 0.597882986
    0.650072336 0.963011026 0.298523486 0.0184694827 0.000852048397
    0.970001996 0.311335534 0.65483135 0.997142673 0.205537021
    0.812552929 0.697188854 0.0240979195 0.540031433 0.436234593
    0.987174571 0.73607558 0.883539498 0.472357005 0.31605795
    0.333677739 0.145076185 0.966004133 0.270594895 0.157825947
    0.635810614 0.421790749 0.891111016 0.635749638 0.678236425
    0.879956603 0.57692188 0.138470441 0.831074238 0.135038227
    0.635775447 0.707107186 0.0625261366 0.142875433 0.0860771537
    0.273299873 0.751062155 0.5865224 0.439879984 0.823197663
    0.267376333 0.267668933 0.494003445 0.761765003 0.583933532
    0.188137889 0.0521945059 0.87739104 0.338226855 0.96767199
    0.636563838 0.553795516 0.801267505 0.457388163 0.264592141
    0.340190619 0.304431081 0.651586056 0.399256617 0.221486926
    0.629451215 0.217771769 0.0288101733 0.26083374 0.795766413
    0.45735544 0.04891482 0.223622173 0.428125322 0.807378292
    0.600703001 0.746430576 0.669266701 0.265734315 0.246202022
    0.0848957896 0.873350859 0.328581184 0.0364893675 0.192713171
    0.530456364 0.141590208 0.254926354 0.174617976 0.941334009
    0.257049143 0.944100022 0.510011435 0.559671879 0.897408366
    0.00188559294 0.293773085 0.00961095095 0.393070072 0.329708099
    0.943660498 0.169415653 0.431778073 0.0940160453 0.041970849
    0.405531675 0.956345379 0.364400208 0.983831644 0.193459809
    0.224133074 0.914260566 0.255930871 0.477941573 0.956565261
    0.610414267 0.854723632 0.792178392 0.499531507 0.0329232812
    0.310785502 0.150997996 0.536825895 0.605805993 0.996209979
    0.392555594 0.813623071 0.497234166 0.887385011 0.00196880102
    0.637758076 0.0550655127 0.126427621 0.920402646 0.47219035
    0.956135392 0.0528397262 0.914271712 0.479462683 0.320288777
    0.528773725 0.798395455 0.317287862 0.823566496 0.963298082
    0.236444384 0.675855339 0.440096825 0.423479289 0.0727954805
    0.489201516 0.502026498 0.23339656 0.681405008 0.352153778
    0.828480721 0.403548986 0.0536645055 0.249412775 0.738427222
    0.782113552 0.207182437 0.288891494 0.57661289 0.0410575569
    0.0392719507 0.287837207 0.565166116 0.958959222 0.887188673
    0.504506588 0.882593572 0.0322040319 0.286694765 0.0463686883
    0.420285761 0.477155805 0.484764397 0.712194145 0.730306864
    0.577268958 0.827353239 0.171908587 0.36374861 0.286531925
    0.186322093 0.421946287 0.188052803 0.741183639 0.36568594
    0.224636376 0.704187989 0.508772731 0.238560468 0.827066362
    0.331398845 0.414180398 0.723609507 0.953626931 0.603388846
    0.486172348 0.757111788 0.459657073 0.975706816 0.186986089
    0.28844294 0.87274456 0.670926332 0.247994751 0.842463136
    0.809054852 0.812671542 0.745771408 0.674064517 0.947623074
    0.466530442 0.399353981 0.687112153 0.868956804 0.746332467
    0.552651644 0.698850751 0.554967165 0.0950570703 0.371519595
    0.831938148 0.450237513 0.348540306 0.860742688 0.366628051
    0.895157218 0.000451773405 0.876909137 0.674444675 0.0287220776
    0.320246041 0.410847247 0.790493608 0.417869508 0.758345366
    0.740296602 0.393377066 0.966254711 0.623015404 0.796435714
    0.616972685 0.502190828 0.977246523 0.966709256 0.819019794
    0.12880981 0.807364762 0.0725058615 0.962914348 0.516200721
    0.75112915 0.580952227 0.412728786 0.401251256 0.602859616
    0.0400669873 0.359385669 0.849238515 0.24282372 0.407258093
    0.754412174 0.256688356 0.193678737 0.42629239 0.646408677
    0.240560442 0.0969011486 0.654113054 0.414558738 0.103417844
    0.332396269 0.37621209 0.864584923 0.808954239 0.275291681
    0.967359424 0.954063058 0.956299782 0.629267514 0.844112992
    0.27992481 0.826008499 0.878571093 0.625969589 0.724059105
    0.961722195 0.652352214 0.385481179 0.310648978 0.0515443683
    0.0916062891 0.947911024 0.902944565 0.51568687 0.272258908
    0.65741533 0.037558496 0.227162123 0.193532169 0.98995471
    0.360134184 0.0993385315 0.89491117 0.68384701 0.638973415
    0.623816907 0.720217466 0.0241989195 0.43314147 0.0036393106
    0.48520714 0.159209967 0.475503951 0.837688684 0.950712204 0.2491166
    0.0472534001 0.462559313 0.514939964 0.653136849 0.880916536
    0.955345988 0.415953815 0.835363209 0.951275349 0.104442239
    0.950881422 0.611040711 0.113501549 0.585617602 0.996543407
    0.502770722 0.475735307 0.643865705 0.318147898 0.486236483
    0.75270617 0.804553509 0.447841853 0.82277596 0.529191434
    0.439367563 0.621848404 0.153323025 0.227285326 0.983457088
    0.0516598523 0.662362039 0.390105873 0.289837003 0.509571671
    0.366990924 0.368666649 0.275291234 0.0487647355 0.608717203
    0.862989247 0.343975067 0.881787777 0.537950397 0.566520214
    0.774308562 0.73662293 0.645503461 0.0430731475 0.0234281123
    0.262552381 0.32432574 0.266340494 0.719098508 0.298669696
    0.0371298194 0.77125299 0.940377235 0.891698003 0.639847934
    0.713048637 0.0892435908 0.469962299 0.0991343856 0.195998788
    0.806950212 0.556588888 0.90999639 0.61020124 0.38155207
    0.00166231394 0.174486727 0.316854417 0.815598607 0.138347089
    0.220754415 0.435211062 0.321230292 0.777710199 0.404360563
    0.05987221 0.416535974 0.14368242 0.116396993 0.587950826
    0.0704568624 0.351033986 0.296498537 0.876623511 0.895441711
    0.612995446 0.297560155 0.00805360079 0.852387547 0.0345925689
    0.562830925 0.0736306012 0.183578938 0.24123171 0.539945245
    0.883892655 0.406163156 0.508110166 0.180416107 0.936329782
    0.48753944 0.238322586 0.828371286 0.815585136 0.404442012
    0.0248273909 0.236417502 0.792468667 0.221327156 0.88101697
    0.0511373281 0.296146065 0.100628227 0.416266799 0.0584069788
    0.771852791 0.0370828509 0.208241791 0.0375064909 0.695692301
    0.590731859 0.750785589 0.608947515 0.923943162 0.102386534
    0.672378719 0.646910012 0.901532531 0.0691441 0.18802613
    0.0211376548 0.746310949 0.495860189 0.00481981039 0.819962442
    0.22067073 0.339017183 0.0269322395 0.517372489 0.933480144
    0.0974116623 0.39502725 0.0151169002 0.0276188254 0.908640623
    0.319623172 0.609190583 0.785315573 0.668246746 0.61970365
    0.352199554 0.0201102197 0.84452343 0.822149634 0.292855501
    0.929252267 0.800526977 0.462254763 0.0755414665 0.476282179
    0.519278347 0.721047997 0.380864024 0.820659816 0.776078761
    0.209948063 0.210028082 0.677032173 0.309296995 0.0945191085
    0.890810013 0.760559916 0.138454914 0.751655519 0.72525692
    0.0458539128 0.980649829 0.177694142 0.0192376077 0.0111430585
    0.0218117535 0.105411559 0.573912859 0.241710305 0.881505668
    0.91481483 0.763649583 0.675641179 0.912349224 0.984239221
    0.217645794 0.63713479 0.211829633 0.254880548 0.869468927
    0.840575576 0.409054577 0.478849828 0.958112419 0.90204215
    0.815338731 0.842662036 0.830305338 0.898209453 0.83547771
    0.524980187 0.905874133 0.37283951 0.979587555 0.773258269
    0.121023268 0.820322573 0.907651067 0.954325795 0.250241995
    0.929377556 0.915336609 0.135305107 0.429287761 0.607973397
    0.880416751 0.684011161 0.774596214 0.00810912251 0.263167202
    0.627909601 0.570077658 0.247451335 0.118212312 0.16805023
    0.436196297 0.843095124 0.532049239 0.280196548 0.17340672
    0.685478151 0.777026653 0.166599542 0.773209393 0.266299754
    0.917729974 0.791835725 0.384510815 0.951199055 0.492627352
    0.332803458 0.6902529 0.184010953 0.539873421 0.341953665
    0.418104678 0.583896756 0.657325745 0.642401159 0.347014129
    0.60511744 0.386725247 0.608809114 0.634179711 0.524632275
    0.560280025 0.493594408 0.94728303 0.98107779 0.553322434
    0.653805435 0.788234711 0.98036027 0.55281806 0.506727397
    0.0737864077 0.458068669 0.949564576 0.891989529 0.474002659
    0.239119023 0.159384876 0.348448753 0.863793492 0.904933333
    0.384143353 0.0923985541 0.58706224 0.541037858 0.547738612
    0.404818058 0.480864376 0.691018701 0.556861281 0.686717391
    0.253131151 0.575789452 0.0698917806 0.587916255 0.510002732
    0.368780792 0.576146781 0.546199918 0.0927031934 0.132729977
    0.927582383 0.710896552 0.374974787 0.354883671 0.168551922
    0.939733148 0.74788177 0.0135178268 0.259694368 0.871238887
    0.714304805 0.924739122 0.933918834 0.537225008 0.992757082
    0.237918645 0.0867864788 0.655254006 0.367183208 0.708185136
    0.64569664 0.834966958 0.037683785 0.0460048318 0.765815735
    0.115799516 0.440657914 0.102741003 0.195654958 0.107523978
    0.472155273 0.817747355 0.96077919 0.691200733 0.934596658
    0.797214031 0.327131152 0.745852232 0.227439046 0.46436131
    0.801152766 0.0379373431 0.324740678 0.599085391 0.554843307
    0.687840581 0.971749663 0.310235739 0.733234107 0.859398723
    0.864694178 0.684505343 0.56261152 0.119903475 0.649575949
    0.869974732 0.0659506023 0.220809221 0.098338902 0.0564544797
    0.0283982456 0.240926802 0.947956204 0.611844301 0.501847684
    0.0542378426 0.96538806 0.963185132 0.0723797381 0.0298258066
    0.0642021894 0.588655293 0.403707802 0.68432951 0.438004732
    0.592239916 0.485257655 0.727944493 0.298786759 0.372812122
    0.85799706 0.445797473 0.513461173 0.0132496059 0.962774515
    0.248384535 0.00437098742 0.961168408 0.362530112 0.867219806
    0.819839776 0.273287147 0.899768591 0.140022039 0.552357554
    0.939466357 0.322757363 0.238371223 0.410068095 0.868234277
    0.525753558 0.702923119 0.373113006 0.463259995 0.00468543172
    0.502387643 0.733504832 0.51407057 0.68495512 0.79575181 0.387113273
    0.0956766009 0.846385479 0.830972612 0.808465838 0.543290794
    0.161578923 0.0427794755 0.361559689 0.326511919 0.985012233
    0.0476637185 0.205568016 0.799158871 0.693673372 0.514470994
    0.174952388 0.834923446 0.888799608 0.313466966 0.926338911
    0.650844991 0.50150764 0.0534871221 0.0177837908 0.70938164
    0.576886952 0.604673445 0.988932252 0.823085308 0.000535786152
    0.0794324875 0.319346488 0.633484125 0.424106389 0.79603231
    0.213056237 0.689868152 0.598140121 0.0831932127 0.896919489
    0.743801296 0.364650995 0.1213772 0.45944798 0.0624950826
    0.658266306 0.314207911 0.167317122 0.937765837 0.988332808
    0.289780855 0.452796012 0.141503334 0.567256868 0.326328635
    0.680749536 0.498172462 0.798174977 0.184863895 0.902543783
    0.482271135 0.628604472 0.298672974 0.324719131 0.889155865
    0.119660646 0.132751077 0.212205201 0.925330639 0.00647655129
    0.962219954 0.702233315 0.0837274194 0.429247022 0.712303877
    0.577111185 0.549628317 0.0540721714 0.733152688 0.686104417
    0.665610433 0.500265956 0.109892964 0.250213236 0.0347966254
    0.351665914 0.0676093698 0.593351662 0.698841453 0.48353526
    0.73004508 0.204294711 0.664671898 0.671879947 0.414839894
    0.13517338 0.584890485 0.877585173 0.635941148 0.703733325
    0.566609502 0.541811168 0.866559148 0.417779952 0.745748103
    0.867258906 0.676201463 0.0149782002 0.577096105 0.833015561
    0.356289119 0.894226074 0.869351268 0.685685337 0.431589872
    0.631224871 0.738272369 0.572501123 0.331114948 0.246825874
    0.219146699 0.164197594 0.217682153 0.303579152 0.753929257
    0.88168776 0.0580092072 0.163212925 0.413400292 0.907387376
    0.337720513 0.503727496 0.664325476 0.727428675 0.452117592
    0.416353643 0.522413671 0.177360892 0.0930454731 0.554394603
    0.495477855 0.103753537 0.405891269 0.755116701 0.797988176
    0.014100641 0.360695362 0.324845314 0.0980628133 0.219518363
    0.113455653 0.124832958 0.309493989 0.530061722 0.221072346
    0.932961464 0.971307635 0.610329032 0.0355124474 0.4944143
    0.612116992 0.25044024 0.193550467 0.665862501 0.964336514
    0.313482016 0.914854288 0.0351308286 0.285606563 0.980917156
    0.464885592 0.010186106 0.611142278 0.119487613 0.974423528
    0.373099148 0.977355003 0.936139345 0.221707851 0.747804344
    0.101676553 0.00226980448 0.946475863 0.553968608 0.785226107
    0.388276756 0.394974798 0.191488355 0.629653156 0.681966305
    0.130884707 0.41433233 0.0988531709 0.0333392918 0.354982942
    0.83166039 0.418037355 0.207267761 0.744407475 0.564508915
    0.307342827 0.465895981 0.479175955 0.178149015 0.0690156519
    0.625969231 0.183515608 0.969112575 0.27425617 0.727192044
    0.174329072 0.469338894 0.177806377 0.85374248 0.0278407335
    0.555159271 0.232910722 0.0196571052 0.0422179401 0.144540936
    0.979462743 0.334944397 0.0971046686 0.0716645718 0.877827048
    0.527536988 0.513733149 0.309654236 0.443058163 0.522405982
    0.657228053 0.822137713 0.588235199 0.747012079 0.743464768
    0.11717391 0.787145376 0.146112114 0.782054961 0.87439692 0.58623749
    0.857663214 0.573746264 0.640752673 0.40616262 0.892474413
    0.308979303 0.17529127 0.938112199 0.438186675 0.711726427
    0.0936993659 0.877101302 0.737112343 0.466834843 0.318100512
    0.531187534 0.420653045 0.901074052 0.390798926 0.608629823
    0.200442672 0.888287902 0.798921585 0.885949731 0.849143088
    0.493312061 0.324009478 0.57836616 0.706299067 0.610655785
    0.569573522 0.504059315 0.697008967 0.514391899 0.999405384
    0.676019609 0.549624979 0.0405092537 0.991521835 0.176275223
    0.972586274 0.37716037 0.876392841 0.317147046 0.569075882
    0.96357286 0.328091115 0.861037612 0.469894856 0.0459306538
    0.31243521 0.0986484885 0.872389317 0.611870587 0.898911357
    0.322212696 0.3412655 0.999373794 0.461204171 0.376909316
    0.407813728 0.421325386 0.523860157 0.48613134 0.812967181 0.5842098
    0.128402263 0.307496369 0.357245535 0.908817887 0.343537509
    0.805265725 0.593959808 0.879043221 0.0136635005 0.715785742
    0.47779566 0.750729799 0.778144121 0.26320833 0.554495335
    0.871286035 0.157198906 0.173140407 0.662228346 0.283385992
    0.550534725 0.550200641 0.563471913 0.254193902 0.798581004
    0.66291815 0.208176851 0.301402569 0.834366918 0.246318281
    0.13354975 0.934738994 0.263896525 0.251127303 0.965366006
    0.357910156 0.587071717 0.0775181055 0.129452616 0.566439986
    0.101896793 0.516103745 0.548098207 0.241297662 0.109247625
    0.513229311 0.804397464 0.89897418 0.581402481 0.874498367
    0.851606965 0.215221941 0.77102983 0.416532815 0.285614073
    0.580613434 0.0592078567 0.602805257 0.895991623 0.811452627
    0.788367391 0.366460711 0.52261728 0.644047499 0.285543919
    0.12793082 0.919505835 0.614315152 0.327800453 0.897045612
    0.429920554 0.498343617 0.977229059 0.1092242 0.434933901
    0.940833271 0.108951747 0.77836889 0.269011915 0.0226158202
    0.27325201 0.133276433 0.235841841 0.164808989 0.405205667
    0.253007472 0.523833573 0.889760017 0.215707809 0.432454288
    0.673492908 0.897517681 0.187481433 0.449836016 0.248888135
    0.190217525 0.577055454 0.686126292 0.928349614 0.329146206
    0.534980118 0.468117356 0.506371319 0.827194333 0.986314654
    0.491718709 0.14595741 0.713750243 0.0499063134 0.0450827777
    0.634340882 0.713785172 0.526490629 0.313695908 0.0496357679
    0.778869569 0.397371531 0.467789233 0.125226587 0.595367193
    0.0644062459 0.116835773 0.132566899 0.898140907 0.19449982
    0.143178701 0.117634892 0.939583659 0.489265025 0.164989501
    0.188815951 0.6725775 0.403103709 0.19986558 0.0742075741
    0.889940023 0.576310515 0.768844962 0.466862917 0.365823209
    0.862420499 0.0971202552 0.998087287 0.529861093 0.757999778
    0.322144389 0.449997723 0.224598199 0.468178779 0.998244882
    0.0404025316 0.724467337 0.0626112223 0.948241949 0.152304947
    0.389071465 0.675610662 0.77470386 0.626102448 0.3241629 0.920519173
    0.671080947 0.605877161 0.0399419367 0.158970207 0.838763237
    0.254782259 0.204439521 0.638935506 0.773017168 0.559038401
    0.0288247764 0.0127202272 0.175324261 0.397345513 0.315757215
    0.273576766 0.524149477 0.82168293 0.388047874 0.840572715
    0.119075119 0.767868996 0.770040691 0.158674568 0.0943453014
    0.30270493 0.95439446 0.842635155 0.837729275 0.111411273
    0.486985236 0.329876363 0.389615983 0.0246698558 0.195123374
    0.674074411 0.0631682873 0.864642739 0.528790057 0.350386679
    0.296109855 0.151827455 0.737726271 0.245421946 0.284477144
    0.108360171 0.0872268081 0.0740321875 0.503923774 0.647973418
    0.742904902 0.754215479 0.421209961 0.281906486 0.63040626
    0.983177423 0.467424512 0.296344519 0.84581399 0.0483781099
    0.194148958 0.245422035 0.947071552 0.601394355 0.0908192694
    0.226935804 0.695447206 0.382544994 0.479880601 0.857269526
    0.92068094 0.187921762 0.0167110264 0.962375164 0.509111702
    0.498576045 0.134677947 0.301066935 0.0762380362 0.834281445
    0.692577064 0.834912002 0.27655822 0.109530449 0.948461831
    0.0358147919 0.61680162 0.0125448108 0.954567313 0.349129021
    0.519423842 0.849385977 0.31048727 0.111853331 0.306322694
    0.360136211 0.673280895 0.521819651 0.676954985 0.148251384
    0.55388689 0.302503228 0.532425821 0.700860202 0.0738644004
    0.152228266 0.998051345 0.699461341 0.302741826 0.171385616
    0.763394952 0.517416835 0.595861614 0.477992535 0.199759811
    0.649349272 0.488758892 0.317026913 0.147374719 0.0682904422
    0.19915095 0.393287361 0.21731022 0.288377941 0.312893867
    0.563120067 0.14141649 0.0342676342 0.783039749 0.0579160154
    0.240015537 0.014480859 0.4417772 0.564167142 0.395075858
    0.633185625 0.882876933 0.512589931 0.22491765 0.32542932
    0.847105682 0.588689625 0.967731357 0.735582769 0.970320582
    0.232101828 0.719672799 0.181579232 0.723098636 0.353822827
    0.482199669 0.794186771 0.73538506 0.136304289 0.0398658812
    0.789963245 0.961317539 0.578070462 0.229951322 0.239317924
    0.937566042 0.23972407 0.230622023 0.572627544 0.342749447
    0.830093861 0.817496061 0.130124629 0.722500086 0.251203805
    0.393420398 0.500783443 0.642442405 0.87229538 0.456189215
    0.454743296 0.647965312 0.658212662 0.707039535 0.716865242
    0.796261668 0.127441883 0.31255579 0.689529419 0.435808361
    0.23581934 0.471161544 0.870826006 0.942799985 0.990967751
    0.829616308 0.481678069 0.797623694 0.890175879 0.687277198
    0.811652601 0.575851321 0.0224699974 0.440520585 0.743710935
    0.671404243 0.26807338 0.00862637162 0.820322514 0.33907333
    0.609372854 0.0380575061 0.130019069 0.944130421 0.700318515
    0.694078684 0.58663559 0.193444371 0.0720047355 0.263435125
    0.643242538 0.826314569 0.168915987 0.67784065 0.329616874
    0.806832671 0.228806227 0.0539226532 0.183857203 0.377884656
    0.55085212 0.990207672 0.23393935 0.513181686 0.483957231
    0.891988993 0.977750659 0.345244706 0.591187358 0.124912888
    0.813021779 0.189489514 0.027794987 0.0559070408 0.528015256
    0.98280853 0.186600149 0.477800608 0.151507318 0.665583789
    0.665831566 0.156692415 0.677494764 0.315398693 0.593043685
    0.109357089 0.49066329 0.318482071 0.415120721 0.867800117
    0.309190392 0.224045098 0.803150952 0.784993708 0.578204393
    0.884907007 0.940979898 0.683130145 0.0442182422 0.833210051
    0.899023235 0.778566837 0.181839973 0.231629431 0.593528688
    0.729836524 0.974802554 0.304583728 0.867155313 0.460730672
    0.426257581 0.0914259255 0.543173969 0.463347256 0.452623069
    0.550893664 0.336509287 0.880339921 0.681257665 0.445119798
    0.441009134 0.708900332 0.39215821 0.600622714 0.847506583
    0.882490516 0.130692363 0.25444752 0.574644744 0.0311083198
    0.51091212 0.68988508 0.875011444 0.884107828 0.397303253
    0.390590221 0.859448195 0.140071601 0.365836948 0.648084998
    0.518504918 0.357280016 0.170544803 0.340219855 0.147992373
    0.0486568511 0.866710544 0.759314895 0.567178905 0.786258101
    0.189873129 0.830334187 0.591185033 0.69311738 0.653002977
    0.142920285 0.708196759 0.497210383 0.203417212 0.229526877
    0.895029187 0.0995443463 0.635150731 0.888431311 0.716419578
    0.32833612 0.706413686 0.0293582678 0.101619869 0.257884383
    0.0295173228 0.432143927 0.0611323416 0.214152932 0.996777415
    0.699904561 0.403189987 0.331057847 0.757956684 0.900327027
    0.0286017656 0.899410009 0.128237575 0.267314672 0.29700616
    0.2802037 0.899004042 0.0895488262 0.0309979618 0.235850096
    0.5406124 0.226204962 0.819163144 0.354915559 0.403727949
    0.905216515 0.00303700566 0.954701066 0.720519543 0.783740222
    0.0331940353 0.362229168 0.993573248 0.734335601 0.685776591
    0.0823737681 0.54543376 0.11229533 0.738961518 0.451274574
    0.0929197371 0.37687391 0.187982976 0.961369038 0.951954246
    0.780307591 0.353840321 0.544180155 0.352880776 0.822028577
    0.294476181 0.401684612 0.214234173 0.447856545 0.194108933
    0.244269371 0.365849465 0.411723912 0.819202185 0.537043869
    0.743800759 0.389545441 0.929336548 0.552133501 0.776781499
    0.27333796 0.455387533 0.588464737 0.252539217 0.78947401
    0.949122965 0.674542725 0.801926851 0.162665874 0.314918339
    0.798800349 0.883139014 0.119012684 0.201349705 0.886492848
    0.775222778 0.416197091 0.350544512 0.514437497 0.50986588
    0.277710408 0.60665071 0.617485762 0.914349198 0.460559458
    0.409121543 0.931127667 0.853412867 0.324528813 0.308964431
    0.99851954 0.0886169076 0.247812986 0.569836795 0.461949915
    0.295876682 0.749848008 0.588419795 0.360749036 0.214773715
    0.668416619 0.494991481 0.241655588 0.321250737 0.486901045
    0.0638917387 0.322192818 0.714349747 0.840862751 0.705220103
    0.601645887 0.809814572 0.552045643 0.996658087 0.226899534
    0.481605828 0.933575332 0.127136886 0.328632534 0.0188952684
    0.524247825 0.697613358 0.520871043 0.0668462813 0.188529789
    0.0998445749 0.0776985884 0.831448078 0.812192202 0.948300779
    0.113874137 0.298299491 0.334193975 0.908348203 0.564790308
    0.315844566 0.209512562 0.850693166 0.506351233 0.694077671
    0.189925551 0.267250597 0.756860495 0.169141233 0.400505364
    0.473372817 0.686237931 0.0448146462 0.856039822 0.462893188
    0.0148540437 0.126581669 0.815108299 0.0928156078 0.346178472
    0.680832088 0.0869057775 0.362598836 0.507958353 0.00112619996
    0.697385967 0.0379194319 0.182217389 0.742400765 0.393538535
    0.880226851 0.453230381 0.952895284 0.596561551 0.890130281
    0.410954535 0.274989396 0.611899674 0.967125595 0.984089613
    0.871811032 0.756213665 0.61982733 0.460069716 0.283637822
    0.365016669 0.337939858 0.9514094 0.120921999 0.00740987062
    0.334816515 0.583586991 0.566245794 0.119179755 0.961055875
    0.028640151 0.203918427 0.523248851 0.204172134 0.113111228
    0.0224943459 0.957393289 0.771143258 0.326476246 0.071492523
    0.90399313 0.467133105 0.588030219 0.0110783875 0.740294695
    0.414273262 0.434418231 0.111894786 0.483672857 0.272412479
    0.398869336 0.0418637991 0.458879322 0.135504663 0.148441076
    0.820326269 0.0145370066 0.763200104 0.0092562139 0.56110394
    0.943439722 0.112927735 0.850212216 0.245289087 0.270107567
    0.435744762 0.816296577 0.435245752 0.913311958 0.0961521268
    0.233594149 0.64203912 0.774241626 0.657961667 0.923384786
    0.584589899 0.883241534 0.126945138 0.97624135 0.44625172
    0.292461097 0.861184239 0.271015465 0.156153709 0.591696739
    0.577909112 0.0617934167 0.635035515 0.565202594 0.280785441
    0.722982883 0.177889198 0.996727586 0.208738446 0.347114921
    0.280932665 0.794273734 0.701671124 0.23560977 0.182198465
    0.926519275 0.900649667 0.899029493 0.506035745 0.0474009514
    0.354964048 0.74753046 0.786234498 0.00435814261 0.306225091
    0.0134080648 0.321776778 0.71584177 0.523243129 0.322189033
    0.619239926 0.740833104 0.890218973 0.894194901 0.315677524
    0.494893044 0.948378384 0.18718183 0.0642080605 0.616863489
    0.3272461 0.744697571 0.227798373 0.241296321 0.714063823
    0.454967409 0.315994799 0.556729615 0.821261048 0.325932801
    0.643047035 0.529983282 0.214535624 0.380144477 0.93883878
    0.699779391 0.10069266 0.407411963 0.413125604 0.0573726594
    0.503120184 0.877242148 0.954128146 0.376669168 0.105708659
    0.500657856 0.750628054 0.892367363 0.488248736 0.756022274
    0.736763418 0.656635284 0.571003795 0.0767467022 0.975128412
    0.839757442 0.708726764 0.848693013 0.62807709 0.602995634
    0.477589101 0.988968492 0.613072753 0.471998066 0.64222914
    0.185022235 0.421728969 0.994458735 0.484623879 0.849185348
    0.0780160725 0.788674593 0.874467194 0.977828503 0.878696918
    0.954471588 0.109513402 0.277353942 0.751368284 0.834650159
    0.75636673 0.525528908 0.733383596 0.969243288 0.863725543
    0.900817156 0.340889692 0.166879028 0.338347733 0.817227483
    0.641128838 0.582043409 0.543953717 0.43971774 0.861097991
    0.459866107 0.154615253 0.14787823 0.0389412344 0.403854311
    0.85712111 0.698924899 0.993261099 0.690745115 0.730646729
    0.159059823 0.996601224 0.966458738 0.880234778 0.940929294
    0.82537663 0.416382045 0.990602612 0.672813773 0.774872899
    0.258372545 0.418312639 0.54798758 0.837252259 0.330651551
    0.893762112 0.0944249928 0.00347396731 0.390084505 0.491513014
    0.932966232 0.832647681 0.153091967 0.865598321 0.555257976
    0.926373005 0.944656253 0.603309274 0.92551136 0.156948388
    0.33007133 0.104545593 0.786348939 0.207006633 0.404106528
    0.152851939 0.403397918 0.0570241213 0.533466876 0.768428206
    0.386044145 0.32466048 0.39049226 0.91080898 0.442650169 0.735223055
    0.0420348644 0.775361538 0.141468406 0.693363428 0.48495844
    0.879358411 0.576802611 0.831767023 0.807064593 0.0571604967
    0.321937323 0.773761809 0.855030715 0.124836743 0.0570266843
    0.273080558 0.174558073 0.81245172 0.504457116 0.267715156
    0.46901089 0.243325949 0.388272554 0.293539196 0.449299067
    0.198076308 0.779664397 0.930917263 0.832757711 0.473470539
    0.750246763 0.330043316 0.306878746 0.417882562 0.696560144
    0.66326946 0.9484936 0.817441523 0.354619771 0.934958994 0.965578616
    0.169385731 0.670814753 0.286358654 0.665502071 0.0307018459
    0.53947252 0.0142643154 0.850880861 0.566805243 0.909392118
    0.186978221 0.298018515 0.467151076 0.378754914 0.982543349
    0.630397797 0.623822987 0.695730746 0.41092217 0.910193145
    0.781988442 0.226963729 0.48907584 0.272959173 0.800919712
    0.291618943 0.791205883 0.241495162 0.632634699 0.214764506
    0.525687575 0.179852903 0.42623359 0.703813195 0.788510144
    0.852015734 0.722170949 0.066948086 0.0803686082 0.840047956
    0.543197632 0.939373255 0.858413458 0.0636518002 0.584602118
    0.68676275 0.618566275 0.99748528 0.827674747 0.554931164
    0.0602567196 0.0142654181 0.0577172339 0.915659964 0.756290793
    0.158697724 0.153742164 0.512323141 0.236031085 0.76832521
    0.142714292 0.732534528 0.979418039 0.867628694 0.0769593716
    0.201146811 0.179437101 0.606629491 0.558520794 0.906208515
    0.0742125809 0.706820786 0.712869644 0.535241544 0.773033082
    0.359702289 0.0468968153 0.667430222 0.871698618 0.369318545
    0.546349049 0.917910218 0.00251880288 0.896426082 0.0535613
    0.967746854 0.469480485 0.769400835 0.85962534 0.534773707
    0.980776131 0.266833633 0.280754298 0.00082463026 0.175313503
    0.876146197 0.982965469 0.10266757 0.975049555 0.286862314
    0.341615617 0.457230747 0.285817027 0.955247521 0.825754285
    0.769472003 0.44975993 0.322223783 0.50866878 0.954253793
    0.276025176 0.499701709 0.295168579 0.632466972 0.477490604
    0.184787214 0.804851532 0.828432202 0.0235570967 0.963742197
    0.760276377 0.834207892 0.44130075 0.856228352 0.32203716
    0.408081144 0.488054484 0.825673699 0.646696627 0.318239391
    0.656124413 0.423506618 0.898670793 0.93305105 0.99196589
    0.188653588 0.998582959 0.818645358 0.314315856 0.944741488
    0.503504992 0.638794005 0.491098762 0.469707608 0.716397822
    0.817689419 0.370845199 0.947067499 0.947115064 0.638405383
    0.323580503 0.914764524 0.0663386881 0.268763363 0.546893835
    0.867221832 0.442797303 0.784683585 0.789378226 0.13867715
    0.852250576 0.383038223 0.865190625 0.3742553 0.815037012
    0.107268929 0.963471174 0.433910429 0.0521531999 0.403012514
    0.399237692 0.456712514 0.39090535 0.124977887 0.660967588
    0.469807237 0.812721252 0.494044244 0.806193709 0.793810964
    0.933210135 0.47539109 0.172205597 0.262618184 0.673066497
    0.401186466 0.497403622 0.702237785 0.170405418 0.470156848
    0.78574276 0.934515595 0.267938077 0.655406475 0.791882157
    0.136198789 0.745017052 0.993175626 0.665245175 0.478144646
    0.759903908 0.658594191 0.763923883 0.57279098 0.339812398
    0.0928733349 0.901329517 0.909479141 0.291842669 0.586549759
    0.705144167 0.723942697 0.771499515 0.730814397 0.988393903
    0.341100037 0.352557242 0.685907543 0.818059444 0.384063303
    0.717616022 0.496916622 0.709110916 0.478983939 0.299022675
    0.362490714 0.529963851 0.402281821 0.562143564 0.0806660056
    0.838078082 0.265262544 0.64487344 0.369208246 0.617927611
    0.663568199 0.501600027 0.611260235 0.88012898 0.555921078
    0.152703792 0.219320118 0.844304025 0.729521275 0.11984235
    0.285546869 0.0866897702 0.961714506 0.639001667 0.529233277
    0.536757946 0.457324386 0.977259159 0.687999427 0.64161694
    0.0628460646 0.130642712 0.658929288 0.463386834 0.730972528
    0.586922705 0.668462217 0.184157133 0.195216924 0.839738369
    0.866918921 0.0033236742 0.379303843 0.0633452237 0.564525723
    0.982973814 0.377669871 0.474282205 0.735788405 0.84941107
    0.0331999362 0.302196473 0.215744346 0.612909675 0.846367955
    0.198896825 0.937603295 0.197896749 0.403786421 0.868743181
    0.988811851 0.741440237 0.293554664 0.500838101 0.0569358766
    0.412865281 0.179685593 0.381204069 0.0637201369 0.638212025
    0.69000107 0.744868636 0.204485327 0.340035081 0.00118979812
    0.698096156 0.161640197 0.306175172 0.0376947224 0.362413913
    0.115083873 0.967798591 0.449582785 0.632585049 0.889736533
    0.614731014 0.326645434 0.0809597671 0.686521411 0.305122465
    0.716504812 0.804839015 0.137696803 0.354947269 0.22447446
    0.80434233 0.0648877323 0.50201416 0.295826882 0.00626593828
    0.0459550619 0.531628549 0.394533962 0.8934232 0.0901671946
    0.164697587 0.580441236 0.126681119 0.31142503 0.403925747
    0.207680285 0.6785748 0.209759563 0.973255157 0.603927076
    0.287202209 0.737739563 0.718410611 0.38780573 0.633940995
    0.743948221 0.420920193 0.784672976 0.967692614 0.405026615
    0.0458980501 0.780667782 0.536046028 0.311435819 0.616057158
    0.333737493 0.477604568 0.860889673 0.509589553 0.263473779
    0.822429061 0.349401206 0.927283287 0.223299652 0.0944104195
    0.178629935 0.64865315 0.297528446 0.256223917 0.53119421 0.63749671
    0.999513268 0.54310441 0.809559703 0.00965464115 0.99266541
    0.518213809 0.875298977 0.530724645 0.935672641 0.649376988
    0.578286529 0.709442496 0.834238172 0.242572963 0.68833667
    0.209852666 0.440186232 0.590349495 0.0552577376 0.1838471
    0.472038776 0.28163141 0.950490713 0.123983711 0.185725629
    0.603890896 0.197691888 0.0625789165 0.96364975 0.459318221
    0.0558972955 0.343263268 0.778675318 0.586108506 0.46383673
    0.369994164 0.209375262 0.786757946 0.0125495493 0.893484473
    0.110248536 0.749232471 0.817222238 0.342517823 0.0257969499
    0.388308764 0.441381127 0.743756115 0.629348278 0.716104507
    0.868511558 0.585301697 0.486273587 0.782467723 0.959496379
    0.274941593 0.564647257 0.634068489 0.304201722 0.876770377
    0.699388146 0.881969333 0.1445539 0.649199903 0.419700801
    0.431990683 0.572583318 0.967884779 0.571958065 0.473513365
    0.0690701008 0.281890333 0.0971359611 0.344599426 0.0454130769
    0.44765678 0.395003498 0.895488381 0.804662228 0.519250751
    0.855297565 0.227776766 0.106554329 0.586845994 0.182046473
    0.873119712 0.840659261 0.963793635 0.962507248 0.665877163
    0.708338082 0.316632092 0.951795578 0.089905113 0.441700518
    0.820973158 0.0730922818 0.613611162 0.0131449103 0.626293302
    0.628079474 0.777389765 0.700086236 0.735629737 0.88539505
    0.240838528 0.954914749 0.825567365 0.919253111 0.633476019
    0.0866371691 0.241298795 0.701369464 0.0874577165 0.537611663
    0.995007455 0.170782655 0.81560874 0.419314653 0.969111562
    0.416096985 0.444426656 0.968091369 0.398890108 0.307630718
    0.0252995491 0.970572114 0.529137075 0.737343967 0.140609711
    0.109589577 0.318957627 0.653993547 0.306403875 0.608347535
    0.370635241 0.523285508 0.0352351069 0.728726029 0.00446662307
    0.34507069 0.855526686 0.761512876 0.478660583 0.789400578
    0.846533298 0.439534456 0.709345877 0.058156997 0.720624089
    0.179166913 0.624879897 0.605056345 0.346278667 0.400841027
    0.276110947 0.298880398 0.344018817 0.106421858 0.246784419
    0.490511715 0.247228503 0.0367791355 0.572821975 0.29508251
    0.830694556 0.803682208 0.546209395 0.833283901 0.198648542
    0.404629946 0.760970235 0.847809732 0.479974836 0.712666333
    0.554364443 0.535676897 0.27741468 0.109357685 0.8423388 0.265512019
    0.728381574 0.889368892 0.51047802 0.487731695 0.0815089047
    0.72445488 0.56033957 0.746573865 0.718379021 0.345433652
    0.581859291 0.678685546 0.801659942 0.328407824 0.263502866
    0.477957517 0.774277329 0.695763826 0.308683813 0.875926256
    0.30189696 0.0898729265 0.832255781 0.877967596 0.571847498
    0.322704911 0.502986491 0.424157381 0.768080235 0.607499242
    0.301467717 0.976959407 0.995037913 0.936591864 0.0873768032
    0.186391771 0.739593148 0.152694732 0.489597917 0.00312066078
    0.127139837 0.288456321 0.0386319757 0.872091174 0.578721106
    0.938004136 0.317275643 0.0202361345 0.0275621414 0.411667079
    0.0370982587 0.590966463 0.806413531 0.692187667 0.388344318
    0.905085206 0.178596765 0.944774866 0.848980188 0.751795709
    0.418420196 0.162072867 0.943840384 0.975149035 0.109649092
    0.968775034 0.253958553 0.857847869 0.695108294 0.811689258
    0.312737942 0.547972083 0.659075677 0.591531038 0.484204262
    0.532145023 0.772788942 0.196373105 0.145511299 0.98772049
    0.47734955 0.964470863 0.621940792 0.75572145 0.631440878
    0.526403189 0.544453621 0.321826667 0.717756987 0.29418695
    0.91927135 0.910247087 0.872245193 0.0857633352 0.490513772
    0.482040942 0.219599247 0.96960175 0.193896174 0.804492474
    0.29857111 0.0967990756 0.0206409693 0.487462461 0.114307731
    0.446083665 0.152730376 0.909352958 0.504659712 0.942682624
    0.92201829 0.422651917 0.808132887 0.510518909 0.143495649
    0.792282104 0.342993826 0.253740728 0.500467241 0.783621669
    0.635687947 0.909185886 0.570207 0.884887576 0.605010688 0.659127712
    0.287831217 0.31223461 0.897578835 0.00366082788 0.563902974
    0.771388412 0.921504378 0.582880855 0.391064644 0.488408506
    0.609615207 0.126359582 0.391127557 0.240004122 0.951533556
    0.639021754 0.778534055 0.7133587 0.145636171 0.251737207
    0.954363465 0.529163539 0.358074486 0.812973917 0.49795413
    0.526112914 0.637386084 0.624804556 0.229471803 0.211167783
    0.605432391 0.690482259 0.329152524 0.913836002 0.909190536
    0.94715023 0.86963439 0.680902839 0.108596385 0.911157489 0.76077497
    0.0277046263 0.87803793 0.723925948 0.696608424 0.372660637
    0.380377024 0.0933358669 0.17417419 0.150345147 0.26469034
    0.66946733 0.813607335 0.855630219 0.877721071 0.410861313
    0.614444733 0.88883239 0.100699604 0.80144763 0.558108807
    0.984047294 0.309589624 0.586194873 0.638473928 0.993181825
    0.409035981 0.0732609034 0.506901085 0.641091347 0.691008329
    0.841619372 0.631283343 0.339852631 0.372459233 0.530661523
    0.570850968 0.640544772 0.578875422 0.309152961 0.754118145
    0.786153793 0.394903421 0.708311737 0.281361938 0.760227919
    0.750526786 0.95043546 0.534736395 0.823193789 0.236758083
    0.320201576 0.653677106 0.346882164 0.329811931 0.501271009
    0.444293112 0.351657093 0.488062918 0.414720416 0.268038988
    0.10630098 0.999951363 0.676223278 0.890872419 0.962060034
    0.146878123 0.986329734 0.510350585 0.89683938 0.075456351
    0.742441654 0.0541654527 0.238866717 0.00516891479 0.519825339
    0.592870116 0.492575526 0.542729259 0.411798656 0.337274879
    0.682818055 0.394204259 0.958254218 0.718756914 0.887007117
    0.768698275 0.0489355326 0.326000094 0.197186321 0.122587889
    0.61951232 0.376520395 0.911312222 0.955827236 0.00360563397
    0.0636402071 0.566231608 0.952866793 0.986237764 0.329652905
    0.145150572 0.793405652 0.488234758 0.505176663 0.736304343
    0.0294971764 0.963335156 0.291674793 0.560879827 0.132452548
    0.538869321 0.986614823 0.697160482 0.702328801 0.00198671222
    0.590385258 0.193975657 0.28553915 0.184583396 0.175793409
    0.190815538 0.453586817 0.324784636 0.551580429 0.120301455
    0.320529252 0.568019629 0.497032762 0.72082901 0.268977076
    0.726240396 0.818807364 0.640831828 0.255892873 0.910385251
    0.933669269 0.404964805 0.245219499 0.485664725 0.499062002
    0.927414179 0.835721016 0.338005722 0.0732483864 0.19671306
    0.229173064 0.862518787 0.9596982 0.0175325274 0.657333493
    0.889492989 0.377076685 0.824664831 0.0289928019 0.270037979
    0.0852992833 0.209697425 0.149972886 0.701960564 0.920638144
    0.135819077 0.259506822 0.0522244573 0.851951122 0.265277535
    0.417503476 0.467346102 0.41714415 0.36909762 0.0549247861
    0.242298514 0.291801691 0.954756975 0.371789962 0.710214198
    0.435389608 0.252946019 0.0610716045 0.732924581 0.746628523
    0.731519043 0.725559235 0.0597445071 0.781461596 0.00500556827
    0.483243465 0.695796907 0.99431324 0.952325702 0.37092796
    0.997585535 0.24278897 0.106569171 0.285322905 0.213633478
    0.883324742 0.420415938 0.0882953703 0.224488348 0.0546900928
    0.945534587 0.856477559 0.898622274 0.649050534 0.23093307
    0.487747192 0.400367916 0.86517632 0.50695163 0.0139752924
    0.788519621 0.0690687001 0.525042653 0.710572958 0.855723619
    0.594427764 0.296518087 0.689801276 0.19941321 0.397262603
    0.497985333 0.167481571 0.104662091 0.483744264 0.0785128772
    0.94981581 0.35855341 0.360058129 0.847952366 0.791584253
    0.487125933 0.458970934 0.984701991 0.878790855 0.604512334
    0.97118026 0.40227592 0.0531480014 0.626676142 0.00195038319
    0.994805157 0.94630897 0.649840236 0.794704556 0.748102546
    0.758077741 0.0672940612 0.278316349 0.663345814 0.448992789
    0.630906105 0.172116399 0.69156301 0.599329233 0.621547103
    0.274999499 0.299296349 0.225250214 0.388909042 0.66008842
    0.825707912 0.937435806 0.913972318 0.134336621 0.00736030936
    0.31488508 0.0896148384 0.473084748 0.769858301 0.626915514
    0.656545162 0.479449868 0.171081245 0.117368579 0.304926753
    0.878464699 0.840303779 0.219336659 0.825779915 0.191535592
    0.698974907 0.936316252 0.361444056 0.263982475 0.105615884
    0.387930095 0.150654346 0.619907141 0.660163999 0.160882652
    0.606619358 0.0506685078 0.796024561 0.994056582 0.255542397
    0.42522499 0.62561202 0.388777703 0.237468004 0.210537642
    0.751787424 0.957594275 0.100137085 0.702582777 0.103742331
    0.147839189 0.595040798 0.0804081857 0.337886989 0.687756777
    0.0534079075 0.828564823 0.878801346 0.0369200408 0.614925265
    0.197970033 0.431005329 0.380232632 0.933206856 0.547580123
    0.947928548 0.955266595 0.6381675 0.925414324 0.514492989
    0.767911553 0.977051973 0.948253989 0.0848720372 0.0942076445
    0.357852995 0.230569839 0.0893924236 0.6667068 0.0632080734
    0.224661469 0.803974748 0.845651686 0.00748160481 0.0611267686
    0.469589472 0.151391685 0.818126559 0.885580301 0.484063506
    0.79466629 0.295186162 0.084431082 0.892024219 0.105887264
    0.916401327 0.908583224 0.219094008 0.226620764 0.678494036
    0.841857195 0.528005421 0.253531992 0.476436317 0.906805158
    0.487371087 0.333321989 0.268313527 0.131112516 0.0249403715
    0.428377539 0.386078089 0.704443455 0.0469497144 0.0250199139
    0.0481359065 0.559594393 0.22728169 0.668534398 0.174220592
    0.741804242 0.533640146 0.70396477 0.00900629163 0.326989919
    0.675890446 0.917658329 0.324923396 0.515472531 0.902995706
    0.143721491 0.712151766 0.34978947 0.809943438 0.963531613
    0.760779083 0.650431395 0.267995536 0.316046149 0.594246328
    0.821404219 0.19828701 0.454339325 0.498812944 0.279686272
    0.121848643 0.0797455609 0.407365173 0.507439077 0.972640753
    0.734018326 0.661571801 0.730453968 0.734360337 0.790338635
    0.871164441 0.361281991 0.599507093 0.274282515 0.322310448
    0.385073245 0.898356557 0.45916307 0.324772656 0.301861465
    0.409480333 0.358463943 0.69851011 0.0943023264 0.152265996
    0.993408442 0.451428652 0.673715353 0.431893051 0.879913151
    0.89124459 0.962060094 0.368568182 0.685801327 0.692384183
    0.260896623 0.483459413 0.470973194 0.0123845339 0.821036458
    0.85017097 0.348390996 0.210772157 0.727312207 0.76823616
    0.242388874 0.380920023 0.0116443634 0.156269431 0.945426404
    0.914025068 0.849856853 0.772371531 0.440044284 0.828668118
    0.20639649 0.413616836 0.830548167 0.257075399 0.755910575
    0.772093534 0.878767312 0.869597018 0.453786194 0.950413048
    0.996768475 0.725362182 0.432783246 0.0299611688 0.662668586
    0.677602768 0.918489575 0.0883242488 0.367921412 0.807162941
    0.245068341 0.979771733 0.597955644 0.602320552 0.710471749
    0.162982434 0.0119421482 0.799649239 0.706720769 0.41906172
    0.787785769 0.979159534 0.667463601 0.705720305 0.699102938
    0.747310579 0.706567347 0.185874701 0.0338407159 0.383860797
    0.143232197 0.76964879 0.973592281 0.936331987 0.112580538
    0.241563857 0.248435199 0.072049737 0.0169155896 0.932416081
    0.913344324 0.940921903 0.553486645 0.191174328 0.217370689
    0.106594712 0.360070199 0.410518646 0.115376174 0.389663935
    0.166942358 0.497539967 0.447488219 0.666492164 0.0299102366
    0.220008165 0.438348442 0.741366029 0.0952302814 0.0633582771
    0.664620578 0.527028859 0.564827204 0.910050929 0.0239844918
    0.433065712 0.93212235 0.609486341 0.86930275 0.00720068812
    0.395736843 0.997202873 0.700190246 0.170866191 0.214300901
    0.509303808 0.012601912 0.024931848 0.390470296 0.469243139
    0.0359866917 0.0624528229 0.180232286 0.0418664515 0.901890635
    0.152289569 0.098649025 0.36949715 0.229515404 0.513254941
    0.514961183 0.911566496 0.794816971 0.865073681 0.847482443
    0.255269438 0.92257297 0.689982891 0.287120581 0.0902495384
    0.00908112526 0.569611907 0.047860831 0.268308967 0.336475134
    0.756946385 0.881608248 0.570874155 0.0596046448 0.322244167
    0.172616959 0.808368981 0.610706687 0.854655385 0.25716418
    0.708683848 0.157577157 0.891282797 0.0685658455 0.220872104
    0.0226219893 0.550856054 0.897450566 0.35487926 0.807347894
    0.00420516729 0.2428976 0.586354375 0.313433647 0.585269988
    0.581549525 0.504597366 0.0223520994 0.216460645 0.784142315
    0.188993454 0.822266638 0.0697866976 0.510017991 0.64755708
    0.500003278 0.562854052 0.474543065 0.619732499 0.552259147
    0.369259685 0.424518973 0.159225017 0.876341999 0.653173804
    0.745785475 0.709903002 0.0794748068 0.172155023 0.604180813
    0.533751965 0.806216002 0.557036996 0.374472946 0.403486729
    0.140096515 0.0302184224 0.49879238 0.627060175 0.180194646
    0.591569006 0.709230959 0.761311471 0.405733585 0.839016557
    0.48273623 0.992613316 0.962569416 0.612025261 0.366494596
    0.207222551 0.976239324 0.708513796 0.408293247 0.298210323
    0.869557142 0.485350102 0.971600771 0.38001743 0.0544064641
    0.534343779 0.255603433 0.345222175 0.113866955 0.815184116
    0.217035323 0.744062424 0.488988191 0.459984183 0.784404516
    0.638720751 0.637349546 0.797404945 0.513271928 0.933893263
    0.214508623 0.272994697 0.499567628 0.638637006 0.992303967
    0.984744787 0.686471462 0.930839062 0.339581013 0.178370088
    0.331418157 0.704973876 0.282464087 0.038723737 0.69006449
    0.553985119 0.0296355784 0.542903841 0.863377333 0.767864466
    0.370330155 0.312620372 0.264940947 0.942474246 0.818999171
    0.101547539 0.190257132 0.967008948 0.616617024 0.540540636
    0.841787636 0.715118408 0.579497576 0.247502118 0.722716808
    0.776479244 0.804357171 0.949649215 0.402884245 0.120839953
    0.314148933 0.519252539 0.138894677 0.0436001718 0.643292069
    0.464379966 0.823226929 0.164661527 0.097288847 0.913699746
    0.812813163 0.487754285 0.246585608 0.518354118 0.0145707428
    0.828098536 0.649132371 0.881233335 0.277357221 0.721643925
    0.0661176145 0.746957719 0.969858646 0.72660017 0.891293883
    0.610308409 0.0140582621 0.585810065 0.356649488 0.856496692
    0.592777848 0.136894584 0.815097272 0.507209182 0.416236669
    0.106668413 0.563037157 0.827759564 0.929080307 0.126312315
    0.290282428 0.0329768956 0.0701346695 0.565250516 0.810723245
    0.0747683644 0.0130577683 0.165205419 0.373191595 0.771031618
    0.816838741 0.911914587 0.554797113 0.941926718 0.265076458
    0.693925738 0.812234163 0.950481594 0.513364017 0.238998532
    0.332340121 0.200572014 0.345765084 0.945709407 0.695878804
    0.835030317 0.411556482 0.874959707 0.991918087 0.0053769052
    0.449966192 0.812597275 0.270102859 0.424413055 0.0387632847
    0.355204403 0.659754515 0.0404428542 0.145252824 0.21670413
    0.642153144 0.0923848152 0.0361913741 0.155493021 0.938150287
    0.641232669 0.148286641 0.583907545 0.0311484337 0.370016187
    0.763681829 0.0134501755 0.153866619 0.279795051 0.484714717
    0.688496649 0.0190621912 0.654983342 0.923351526 0.446409941
    0.357141614 0.223802894 0.857616186 0.44134891 0.094486624
    0.55801332 0.454978108 0.550531447 0.799502373 0.916380405
    0.612620711 0.198144257 0.723176956 0.206000775 0.644314408
    0.114276171 0.310994983 0.317077547 0.526056647 0.0869602561
    0.18967095 0.0931353867 0.624181449 0.90360415 0.138418496
    0.753811955 0.675214112 0.0574927628 0.227036834 0.807121634
    0.701908827 0.0890143812 0.0816150606 0.715932846 0.722258687
    0.439779103 0.398893565 0.642265677 0.34954989 0.189180762
    0.862834573 0.884777308 0.00529298186 0.414114028 0.48726964
    0.373336434 0.0662385821 0.133452863 0.0662605464 0.477042228
    0.5724594 0.601569653 0.842240691 0.604996264 0.514338017
    0.746185899 0.982762933 0.615635633 0.165344417 0.158987612
    0.231403291 0.127843946 0.134848326 0.2344971 0.0105894208
    0.624369502 0.747352362 0.841784835 0.670574546 0.30703634
    0.445247054 0.440842241 0.505966842 0.824654281 0.634067893
    0.893245935 0.343629062 0.867795467 0.162928224 0.210047275
    0.815812826 0.836842239 0.62197113 0.450906068 0.587731481
    0.693753123 0.664120793 0.0648798347 0.891491652 0.0407189727
    0.551392078 0.471707106 0.414917082 0.588825703 0.372519553
    0.163284868 0.395215958 0.752720118 0.0858209431 0.0192544162
    0.566291392 0.65395385 0.275275379 0.00758188963 0.951964617
    0.63784343 0.788866699 0.990566373 0.00634226203 0.293290377
    0.754163504 0.141592205 0.735006928 0.908210635 0.660229087
    0.279988289 0.801223934 0.530427814 0.673985064 0.317319423
    0.991449952 0.623137534 0.586734891 0.30208227 0.855541229
    0.978681445 0.662782967 0.722576022 0.27769208 0.55192554
    0.644152164 0.469007462 0.0386349261 0.453698844 0.916143417
    0.00858399272 0.159373879 0.5016765 0.856732368 0.0400013626
    0.0537361503 0.911720037 0.27147162 0.278714776 0.704191446
    0.103330493 0.625713408 0.160494477 0.89445591 0.265877753
    0.749882042 0.642944098 0.233130068 0.564271986 0.85168165
    0.0106630325 0.378390729 0.310142279 0.185134083 0.579671502
    0.215911329 0.0923849642 0.00094306469 0.740786135 0.330014318
    0.534392834 0.301752269 0.939221203 0.196658432 0.954602242
    0.805874109 0.881414413 0.169382691 0.537386894 0.658952057
    0.622604012 0.894359589 0.792340636 0.851795793 0.391996175
    0.95820111 0.858996391 0.507064581 0.404429287 0.0443539917
    0.632669985 0.96712333 0.534676611 0.344856083 0.535556912
    0.255784631 0.580303192 0.73496449 0.795302391 0.945066094
    0.976336718 0.85844636 0.687256634 0.358506262 0.675216496
    0.457893312 0.836708903 0.475432962 0.385176778 0.136000484
    0.0843807161 0.0276058912 0.457508862 0.883465052 0.00485676527
    0.679290116 0.125265062 0.537284911 0.324127674 0.348442286
    0.702163219 0.365662068 0.173758298 0.29519558 0.51372999
    0.505040169 0.142002642 0.228011757 0.386127293 0.0291760266
    0.679618657 0.312818348 0.349487633 0.1877608 0.109099716
    0.635913849 0.25395298 0.443232268 0.965427816 0.222370505
    0.947040677 0.379566163 0.110563397 0.800151706 0.862611771
    0.598107755 0.799205542 0.194615871 0.95174396 0.911080122
    0.405133605 0.380013019 0.365358442 0.652514398 0.272419572
    0.571343482 0.716691136 0.170309871 0.936137497 0.64355284
    0.90110451 0.585992634 0.570947111 0.474019229 0.30706951 0.22850436
    0.149983495 0.035476476 0.526896 0.467224836 0.0737482309
    0.859064341 0.857823431 0.370845199 0.438224614 0.550887108
    0.24008587 0.210138112 0.0272871852 0.788453519 0.969923377
    0.121410161 0.335330814 0.821142733 0.0077213943 0.395069063
    0.985084295 0.895847082 0.529468298 0.275907189 0.438274086
    0.362618834 0.891205251 0.130665988 0.607520282 0.0266758204
    0.308634967 0.042953074 0.321851313 0.19414115 0.832768679
    0.798169732 0.0275932848 0.690383673 0.59025234 0.309442997
    0.00459221005 0.854795814 0.536169648 0.461776972 0.109297037
    0.447126389 0.809047222 0.376484513 0.762369215 0.596268475
    0.382501394 0.65434885 0.58215332 0.476780862 0.506649673
    0.603693724 0.822674394 0.636990964 0.901790261 0.611215055
    0.797619045 0.611754358 0.874922276 0.482829928 0.684394181
    0.770439327 0.939278007 0.130153447 0.436464131 0.843888402
    0.780997634 0.411018044 0.68808949 0.978693366 0.749518037
    0.0585634708 0.18185094 0.699067235 0.379508257 0.260641247
    0.163831085 0.855446517 0.464230388 0.664961934 0.496496439
    0.137227416 0.56050992 0.861069739 0.849520743 0.202067047
    0.00583934784 0.846959531 0.274535358 0.359449029 0.127935916
    0.797336102 0.27781117 0.0692701936 0.968875229 0.170880228
    0.391474783 0.190431654 0.902386546 0.247875273 0.108156383
    0.76223135 0.564545929 0.662683964 0.446816206 0.295960367
    0.342930079 0.838474333 0.779096365 0.235313416 0.0725353956
    0.157680392 0.703576684 0.609628141 0.551817715 0.169115841
    0.386842012 0.243471771 0.407920241 0.57963866 0.270820558
    0.881116152 0.05857265 0.349112511 0.971134901 0.602760732
    0.304585725 0.527933419 0.170821786 0.8547737 0.928106964
    0.974722624 0.762753963 0.15961197 0.928319693 0.217387468
    0.764477611 0.454978645 0.555896878 0.148239344 0.603991807
    0.14456895 0.384418935 0.976260066 0.654531777 0.149756521
    0.721641064 0.51158458 0.140227079 0.210225433 0.034453541
    0.521995068 0.121614248 0.94263351 0.340380132 0.0112855136
    0.897786617 0.891684532 0.489078522 0.788564324 0.264459729
    0.789270163 0.450519174 0.0306534767 0.612217247 0.573768735
    0.450990736 0.202609807 0.824339509 0.190977275 0.0184665322
    0.610501826 0.979556322 0.350237459 0.886479199 0.915236592
    0.550003588 0.785346389 0.107144266 0.00899514556 0.777221382
    0.796748996 0.60350579 0.862443566 0.121112078 0.473477513
    0.392658442 0.880864561 0.276417643 0.692586184 0.392820358
    0.167138338 0.0496886671 0.294641435 0.836009741 0.269590437
    0.969587028 0.322202265 0.957132876 0.578505933 0.530604064
    0.0465164781 0.684170783 0.776163936 0.144679964 0.713623166
    0.395806372 0.452860326 0.8649863 0.288745463 0.79430908 0.269118428
    0.720127404 0.668933332 0.718762636 0.554882109 0.0236737728
    0.416147828 0.523343801 0.325871289 0.762589574 0.123108983
    0.488813281 0.230778962 0.21229142 0.757014394 0.489095479
    0.644672096 0.50913012 0.78660202 0.963647485 0.47587505 0.661194563
    0.840535522 0.367650747 0.100542605 0.496908635 0.537982404
    0.735875309 0.374132633 0.0291046202 0.369012833 0.523140907
    0.432191014 0.178013653 0.045686096 0.683593392 0.346514821
    0.699855208 0.814937055 0.552874029 0.27333945 0.158510923
    0.357673407 0.0761303604 0.47033903 0.892578006 0.247055471
    0.901998043 0.231250316 0.491339475 0.846800208 0.474635214
    0.963567197 0.864784718 0.110778153 0.483553588 0.904640794
    0.433126539 0.436695099 0.365335941 0.116809756 0.224352539
    0.612265468 0.865379333 0.721836388 0.0915350914 0.047087878
    0.378315896 0.265449524 0.634320736 0.874942183 0.232383072
    0.346227527 0.594392359 0.243915468 0.297364533 0.131782621
    0.054771632 0.397533208 0.725864768 0.538977146 0.59923619
    0.658734083 0.856104851 0.197242945 0.46901682 0.783402681
    0.115188122 0.104013681 0.831459403 0.126251936 0.644999981
    0.508745432 0.0210205019 0.843998909 0.772188485 0.430517614
    0.151688874 0.822456121 0.924865603 0.359674394 0.375572801
    0.779345393 0.649382412 0.0832155943 0.678008974 0.0596448779
    0.378457844 0.373480111 0.844779134 0.536194682 0.535662115
    0.160598457 0.0265402794 0.850501299 0.831620574 0.52404058
    0.689065635 0.813331842 0.477435499 0.993806243 0.369804531
    0.512518406 0.995099425 0.987596869 0.982492924 0.0511644781
    0.724369287 0.490332782 0.12836504 0.678677082 0.626620531
    0.714234412 0.445756733 0.136725515 0.614922583 0.00445482135
    0.937052906 0.655368209 0.964874268 0.645545185 0.251438826
    0.595562518 0.73567754 0.302653909 0.139926136 0.334672272
    0.781285167 0.17987895 0.362653732 0.492879391 0.00327834487
    0.046125263 0.292167157 0.407280624 0.245524615 0.584055901
    0.538005054 0.908934951 0.580060422 0.387448132 0.324893177
    0.647965312 0.682373106 0.352693021 0.0306760371 0.509714007
    0.549754739 0.978488088 0.562376738 0.998173475 0.865059793
    0.992001474 0.516255677 0.193581074 0.582250237 0.816670299
    0.516030073 0.0191236138 0.522858143 0.364089549 0.0167729259
    0.604076207 0.0173886418 0.866637468 0.929053187 0.896761775
    0.492154181 0.0313842893 0.325769812 0.527429163 0.788464844
    0.620326579 0.00791737437 0.902171671 0.99807179 0.933242083
    0.270600498 0.0381971598 0.756909013 0.0405534208 0.393927842
    0.644117236 0.34308672 0.122197986 0.173571646 0.897467971
    0.0474078059 0.99846983 0.331771374 0.622900128 0.371723801
    0.0327548385 0.636242747 0.462787658 0.780513942 0.814666986
    0.486051351 0.535889983 0.886120319 0.571932852 0.111566186
    0.90529108 0.0495763123 0.00253450871 0.569505811 0.877374411
    0.0016849339 0.0749529302 0.147941023 0.721339107 0.0542205572
    0.615054786 0.0214149058 0.288584411 0.311726153 0.0662032366
    0.79105711 0.733707607 0.452260286 0.977419734 0.0909219384
    0.877813101 0.514465094 0.811009288 0.490393877 0.0976521671
    0.47535646 0.201305181 0.0907747149 0.207156509 0.57654947
    0.0874903202 0.673455715 0.451177567 0.265630394 0.668569446
    0.649042845 0.578274548 0.608077407 0.185738325 0.177244008
    0.335693777 0.424800515 0.204208583 0.0963059068 0.820351243
    0.100798607 0.734343946 0.514347911 0.823294818 0.751983762
    0.801163912 0.409670234 0.193921745 0.484047681 0.0207732022
    0.295064867 0.912777185 0.545318723 0.979401529 0.860583544
    0.600580215 0.0635693669 0.289917111 0.30911231 0.241926372
    0.0399767458 0.165078729 0.719259977 0.0545118153 0.473472387
    0.429059893 0.190032572 0.00826632977 0.906485796 0.00457987189
    0.209813237 0.744188011 0.0988071263 0.017804116 0.186622679
    0.592273951 0.476516813 0.930627227 0.184227914 0.388824016
    0.804164767 0.765154839 0.799476147 0.659504831 0.743257046
    0.069111824 0.502212524 0.938245416 0.24582693 0.46814096 0.21697551
    0.178875297 0.336177766 0.2512528 0.338099658 0.75951767 0.945750594
    0.585141897 0.909949183 0.106790304 0.0318965912 0.0568622649
    0.618897617 0.519838929 0.672896266 0.097826004 0.428822517
    0.496053874 0.865992069 0.599194646 0.392513365 0.332286954
    0.730741799 0.345030218 0.586782396 0.099674046 0.490041882
    0.178066164 0.362891436 0.667849243 0.719905019 0.2407929
    0.827539802 0.757649779 0.134699583 0.250533372 0.702862978
    0.0884483159 0.913290858 0.0201894343 0.486573994 0.526223779
    0.80819416 0.119912386 0.934946835 0.257516325 0.000745266676
    0.950623691 0.470262647 0.616521776 0.872629404 0.197658956
    0.462205559 0.942952037 0.51020658 0.579275846 0.0767813027
    0.172074676 0.163185179 0.932124734 0.0359906554 0.0685634911
    0.460338295 0.609127164 0.768906355 0.929484129 0.534325004
    0.534579575 0.274514139 0.364070535 0.275825679 0.222516209
    0.792259395 0.0208958983 0.13735196 0.349425375 0.241471231
    0.337264597 0.5628618 0.596226573 0.998941898 0.536583602
    0.218715787 0.992069364 0.0905666947 0.34811753 0.398681313
    0.680681348 0.914576471 0.792994678 0.298275203 0.426168025
    0.635551095 0.488185018 0.180667788 0.673243463 0.0941296816
    0.121008933 0.398782492 0.253737152 0.728551269 0.116792023
    0.669825435 0.49280405 0.206003964 0.39590621 0.972812414
    0.0289899409 0.28506285 0.261895299 0.739295959 0.909144998
    0.27459088 0.668097556 0.975538492 0.880144835 0.525819719
    0.675113082 0.116372138 0.880964518 0.149842292 0.424456358
    0.502321005 0.0147159398 0.493723869 0.369644165 0.451406509
    0.325189918 0.562057078 0.516451955 0.89420867 0.452804297
    0.508779049 0.0565477014 0.860937238 0.696724713 0.459009379
    0.46852982 0.190842092 0.226499677 0.39934653 0.443163812
    0.884196639 0.335227489 0.611501813 0.989845276 0.490496755
    0.637911916 0.171922356 0.0752989948 0.15105471 0.45035401
    0.630846679 0.338228792 0.201717675 0.748894691 0.72724247
    0.0814518631 0.273308605 0.260963351 0.754691124 0.418869466
    0.518931448 0.909302235 0.177560002 0.199598968 0.80233717
    0.576081812 0.319476247 0.544781208 0.0778555572 0.724265456
    0.55042243 0.0956286788 0.990254164 0.65383327 0.875072479
    0.459202141 0.215576202 0.696845949 0.341897309 0.821886003
    0.648684919 0.558301985 0.56920743 0.998035192 0.272073388
    0.816757441 0.422347128 0.185056597 0.0759032965 0.839183569
    0.317406327 0.857526362 0.205062211 0.105257988 0.069963783
    0.784191012 0.980803728 0.75678879 0.776325166 0.746941328
    0.201796412 0.746865869 0.993078589 0.991447866 0.0665009022
    0.534486294 0.653531373 0.042075634 0.147453308 0.722387373
    0.622389793 0.665274382 0.656332374 0.0184885263 0.30686605
    0.888708711 0.355241179 0.892831802 0.712605476 0.814266443
    0.304850638 0.0309416354 0.18472597 0.805640757 0.671229064
    0.64340806 0.484968394 0.149994552 0.245178074 0.51635772
    0.246608794 0.319332927 0.768963814 0.217186272 0.33485949
    0.0383141041 0.439136744 0.962494016 0.189473659 0.279536992
    0.635341465 0.0045208931 0.367060661 0.0928637981 0.797486186
    0.470175803 0.585119247 0.358221114 0.670620441 0.491268933
    0.414084315 0.435937047 0.973799944 0.726676941 0.14075169
    0.56116426 0.856487155 0.417902768 0.350640774 0.699604154
    0.181369215 0.753399849 0.226363063 0.918142855 0.759291589
    0.164234191 0.951280236 0.728964806 0.491430908 0.519521952
    0.698570311 0.394067943 0.398811698 0.816681266 0.0791570842
    0.416092008 0.634530485 0.374517173 0.989538848 0.326896757
    0.37857312 0.530926228 0.218713731 0.898453832 0.17449528
    0.0522475541 0.382659763 0.982914686 0.361866236 0.0641944706
    0.878083706 0.800129294 0.419912934 0.32056725 0.523691595
    0.342609048 0.276596874 0.325087517 0.00720927119 0.0984902084
    0.817152977 0.0900343657 0.576282978 0.718128204 0.532482862
    0.303446025 0.641164362 0.506970048 0.523335993 0.493167907
    0.962142825 0.749755621 0.0531357527 0.626570702 0.3245354
    0.448004782 0.974157453 0.352816164 0.533041537 0.567512095
    0.255306482 0.023427695 0.311164856 0.749716341 0.67549324
    0.646807611 0.24667573 0.26461494 0.541930795 0.60371834 0.970331073
    0.138282239 0.825851798 0.395421177 0.142719239 0.255913794
    0.942355812 0.364267886 0.834334552 0.0401478112 0.882611036
    0.549446702 0.718295455 0.739568412 0.608934164 0.598963797
    0.898664236 0.0456740856 0.973876834 0.391238093 0.819971204
    0.0532149673 0.699758768 0.330310822 0.72098738 0.296526968
    0.341606975 0.561879158 0.462498426 0.115123451 0.47388193
    0.357599437 0.770409465 0.696761727 0.863365352 0.937821031
    0.12920168 0.467639863 0.639677584 0.67912519 0.191289932
    0.538753569 0.315957308 0.0155859888 0.753441036 0.40556547
    0.128466636 0.213846803 0.302400887 0.640997052 0.812595129
    0.300643325 0.883332431 0.751330733 0.85444057 0.351664126
    0.676545501 0.45260638 0.973335385 0.908399522 0.187416703
    0.893837929 0.641174316 0.00154659152 0.154111296 0.292961717
    0.452260315 0.614593387 0.543272555 0.812781572 0.108556509
    0.663197458 0.27082938 0.306855142 0.156145543 0.0390171111
    0.915153325 0.489620894 0.86109364 0.18949753 0.80123812 0.310090274
    0.771823049 0.420099288 0.792102695 0.654719353 0.48683244
    0.0594995618 0.108204067 0.179008424 0.680351257 0.346125603
    0.715151072 0.939116657 0.811899543 0.0727339685 0.551517248
    0.718783021 0.304952562 0.617390513 0.945712268 0.116194338
    0.901816487 0.0773149133 0.288770795 0.322498918 0.204894632
    0.535250843 0.0615687966 0.311989516 0.40474844 0.351146221
    0.074801147 0.386068046 0.0344816744 0.138097614 0.477435142
    0.460381687 0.140233368 0.91950351 0.728056967 0.945778787
    0.461139023 0.450446963 0.890456557 0.170985639 0.113965094
    0.812993288 0.730847538 0.0940078199 0.0696464777 0.828605294
    0.565413952 0.234108865 0.228542298 0.223547876 0.355063498
    0.260544419 0.38971594 0.948035479 0.313662827 0.736834407
    0.250324607 0.745538116 0.0877473354 0.299964845 0.6332075
    0.421409845 0.237275392 0.742672086 0.818616033 0.208218098
    0.825304806 0.191129029 0.755425036 0.688474894 0.173632354
    0.0252628922 0.955918074 0.00716078281 0.49555704 0.241072595
    0.0729981661 0.961230993 0.233932436 0.642443061 0.370134056
    0.784641504 0.421277672 0.742066681 0.858086109 0.152319819
    0.684740782 0.542022228 0.931327224 0.842584491 0.0839368403
    0.434548199 0.29984647 0.314888358 0.0816973448 0.483080864
    0.756056964 0.565297186 0.255707085 0.506032467 0.836905479
    0.302986026 0.0140912533 0.668918073 0.918445349 0.4821558
    0.194636434 0.218754798 0.597464263 0.637955427 0.448563695
    0.310112774 0.112015009 0.238593847 0.920075655 0.739597797
    0.14305827 0.603321791 0.172842324 0.640040994 0.526593983
    0.891356349 0.937981963 0.204561144 0.357682705 0.262636065
    0.620944917 0.0577436686 0.436565489 0.280826032 0.310742915
    0.661345482 0.709698081 0.525749147 0.194134086 0.264008582
    0.547097325 0.216248304 0.473517805 0.62294066 0.910837531
    0.0595264435 0.00684428215 0.297514379 0.442008913 0.585967958
    0.738429368 0.69048059 0.493564516 0.141912639 0.879810631
    0.821687818 0.370324403 0.198389441 0.830885291 0.405863345
    0.154474318 0.117425174 0.20804131 0.779968977 0.0512114465
    0.882286191 0.208632886 0.54604733 0.868940949 0.9828704 0.712185383
    0.846349478 0.748270631 0.233188719 0.00419637561 0.741101801
    0.861717343 0.735122323 0.182390213 0.0772125125 0.662712097
    0.389542758 0.0429264605 0.389781892 0.89359951 0.229171604
    0.866323948 0.730965137 0.211405039 0.653691947 0.865401983
    0.45688349 0.854868114 0.290641129 0.674074531 0.620720625
    0.602110744 0.648926735 0.0945163965 0.0449772775 0.870383978
    0.200912148 0.0082873404 0.438045353 0.0408446193 0.66726625
    0.219375223 0.285025954 0.389685035 0.983612657 0.433163166
    0.456551164 0.278291225 0.19146502 0.336896509 0.158024073
    0.435516238 0.0563884676 0.616721749 0.454488158 0.871348858
    0.524386227 0.0127487481 0.773465037 0.820927083 0.871033072
    0.125844061 0.717603803 0.970020175 0.614073753 0.7603724
    0.808016658 0.889200509 0.528299093 0.761246145 0.762386084
    0.129093111 0.831497669 0.291317791 0.162163228 0.645961106
    0.442186832 0.688904703 0.41319558 0.473481029 0.0113768876
    0.756016076 0.796629071 0.823038578 0.9932549 0.873144388
    0.442592919 0.631866693 0.0776777267 0.897600412 0.287405759
    0.623761952 0.600321472 0.887241602 0.575029612 0.068616122
    0.223894656 0.796624124 0.424711794 0.0299550891 0.310290098
    0.119545668 0.941435218 0.398621738 0.775535941 0.373731971
    0.969141722 0.9022699 0.347233206 0.899554849 0.0573899746
    0.510385334 0.379340768 0.338668823 0.750076771 0.397360772
    0.351492196 0.472360075 0.248282552 0.24077186 0.179629385
    0.782068968 0.367946982 0.367315412 0.919553638 0.334784985
    0.880093336 0.978453994 0.889945507 0.806200385 0.721772254
    0.549971223 0.576210082 0.132619381 0.692219675 0.940415859
    0.2886841 0.927858949 0.988762021 0.309811145 0.843570709
    0.139696956 0.939912677 0.0827674568 0.10020858 0.0677167773
    0.169596851 0.242227584 0.781370759 0.497547716 0.654579043
    0.52147162 0.830852985 0.795825601 0.395316184 0.623675823
    0.221287191 0.789054215 0.0659877658 0.526039064 0.767722845
    0.616683602 0.0122172534 0.999766827 0.672245324 0.831442773
    0.0207851529 0.517662287 0.874380827 0.66421771 0.0240702629
    0.105214834 0.841772497 0.159051776 0.129929751 0.449377954
    0.410147727 0.842803121 0.886407852 0.741203368 0.362862349
    0.897517085 0.410208017 0.698844016 0.229503363 0.300282001
    0.093663305 0.555980802 0.609358251 0.311298907 0.425737977
    0.87418592 0.0898701847 0.876922488 0.981737494 0.798500478
    0.795558333 0.0144301951 0.304295838 0.516683161 0.805095911
    0.881739497 0.478971928 0.786670208 0.0161262155 0.287997544
    0.87262547 0.138136655 0.408881366 0.651995182 0.337583691
    0.150746822 0.790088177 0.411575496 0.0293422341 0.0578925312
    0.407027334 0.788754463 0.406125367 0.220989287 0.07875368
    0.895946383 0.556137323 0.112126768 0.979409814 0.281559229
    0.685734987 0.657617927 0.566607773 0.468630105 0.437631428
    0.480419755 0.924237132 0.287243068 0.963250875 0.612561285
    0.899590671 0.82577908 0.295207381 0.535182595 0.972567618
    0.284074545 0.515820205 0.928500652 0.134729385 0.977098882
    0.897194624 0.0666291714 0.410773456 0.70544523 0.59918201
    0.713624835 0.224393576 0.302965224 0.975044131 0.977321744
    0.566928446 0.865758896 0.42562899 0.787305832 0.179491997
    0.431191415 0.203321755 0.840136886 0.63479507 0.961392045
    0.806667268 0.466458857 0.980618596 0.537731826 0.605434477
    0.975490987 0.505832791 0.754759908 0.36350739 0.369807899
    0.46702826 0.168824822 0.19167617 0.0395626128 0.695811927
    0.173167109 0.473613381 0.58611232 0.378124267 0.282607019
    0.539714277 0.606185138 0.0720949471 0.687674046 0.297661543
    0.50078392 0.473196656 0.0778506696 0.623118758 0.283281982
    0.29119736 0.4059484 0.628970027 0.785918951 0.345917106 0.606505334
    0.504572868 0.221013308 0.536397815 0.528251529 0.863318443
    0.329257518 0.934090257 0.919577122 0.501986444 0.896140575
    0.417931676 0.204289019 0.929051161 0.410607457 0.114001662
    0.223550558 0.173567593 0.794552207 0.684511364 0.228146642
    0.0282627642 0.115471184 0.582172215 0.200062543 0.944324434
    0.65983665 0.695577502 0.189259291 0.0242501497 0.884808898
    0.84669441 0.930743933 0.0172693729 0.484948844 0.117076486
    0.310665578 0.445087194 0.00511664152 0.32664752 0.973615408
    0.426726758 0.33805728 0.278226614 0.27576068 0.430219829
    0.00128030777 0.715128899 0.855721235 0.571512401 0.0230822563
    0.440849155 0.484983861 0.147160679 0.899363101 0.13850677
    0.54483825 0.191426218 0.224177629 0.238595277 0.759381354
    0.125131309 0.049972266 0.630880654 0.175650805 0.350515127
    0.63521862 0.970158219 0.478488058 0.390669227 0.168172151
    0.601655483 0.579392076 0.14522323 0.31960988 0.015042007
    0.232521623 0.0983906686 0.2950899 0.406089097 0.77316004 0.69494009
    0.866552472 0.833179832 0.372048765 0.66279906 0.807961464
    0.153664649 0.949302316 0.250741124 0.427722752 0.0554926395
    0.413357735 0.284860671 0.544595122 0.292125523 0.970204949
    0.0567665398 0.966731966 0.596349478 0.408267379 0.821071386
    0.545226455 0.595313907 0.0476071835 0.580016255 0.926177621
    0.138556838 0.497111112 0.96079284 0.98695612 0.288023055
    0.666514575 0.00569200516 0.792571187 0.851186752 0.0981408358
    0.634177566 0.481046647 0.331681401 0.151473492 0.825038791
    0.859820127 0.311521262 0.782900572 0.0190993249 0.608074725
    0.382145286 0.622472346 0.996336579 0.234156102 0.754223406
    0.256343424 0.18242532 0.178376675 0.780964851 0.48807317
    0.931885719 0.726335287 0.555895507 0.65589869 0.918068171
    0.802994609 0.0237954855 0.385215402 0.0255945921 0.112345487
    0.716910362 0.0495444834 0.842404544 0.465866119 0.191544473
    0.395849884 0.6692698 0.102720708 0.0150010288 0.793118358
    0.99560231 0.816938639 0.633086681 0.904327154 0.928404331
    0.840094805 0.0476284027 0.844289184 0.152990311 0.736027956
    0.484517992 0.274116278 0.0066177547 0.452649146 0.707045197
    0.854962647 0.0832895935 0.793736637 0.161969841 0.565537333
    0.646751881 0.841385841 0.136327684 0.874031782 0.528389513
    0.852469921 0.486972183 0.63997364 0.0678821206 0.155516148
    0.374722451 0.913140357 0.398750573 0.0370806158 0.863412023
    0.445350498 0.790304303 0.455638647 0.338343263 0.437357426
    0.446491808 0.152982593 0.588261843 0.836102843 0.647722721
    0.695763409 0.304651976 0.377465546 0.268940151 0.155415833
    0.818247557 0.555843234 0.082000494 0.0355968475 0.318839788
    0.370051384 0.343574166 0.286655843 0.360774517 0.86211592
    0.892080784 0.863410354 0.15848738 0.307610452 0.271374196
    0.982582092 0.318082869 0.0733573139 0.978964925 0.426663429
    0.112222135 0.44576174 0.653921127 0.830260754 0.236127853
    0.154145777 0.215489686 0.48560822 0.710441768 0.0233209431
    0.382203519 0.630364239 0.826438725 0.157163233 0.27185753
    0.452046305 0.839706779 0.0656998158 0.817521811 0.474687278
    0.0989856124 0.0884045959 0.922105312 0.0948230922 0.117638588
    0.335048676 0.959739089 0.819287896 0.421890318 0.541046202
    0.842955589 0.655384064 0.157167405 0.679257154 0.591682851
    0.452444375 0.538018882 0.134144962 0.25704354 0.554713011
    0.969233871 0.268724322 0.272812486 0.0780018866 0.178642839
    0.148368329 0.781428099 0.178549141 0.261039615 0.323277116
    0.876823068 0.987673998 0.29957515 0.935822546 0.274184048
    0.940819263 0.343279362 0.155026048 0.707942128 0.710919142
    0.971313953 0.092707783 0.185258001 0.0184150338 0.976425111
    0.644549847 0.870703459 0.458418459 0.366130143 0.227780074
    0.253812492 0.687486351 0.0107713938 0.305098474 0.12500307
    0.614816487 0.193010688 0.494647801 0.725682259 0.188856661
    0.210019439 0.876326203 0.301097035 0.439587414 0.812710166
    0.654481649 0.120112032 0.6232481 0.168123454 0.927610159
    0.431960374 0.584616899 0.357097685 0.506899655 0.278644979
    0.652628303 0.816332102 0.304962754 0.958247185 0.0238268971
    0.358030021 0.15472579 0.564310849 0.883650184 0.50389576
    0.182542324 0.16482091 0.721095979 0.726538777 0.645228624
    0.0509111285 0.649581671 0.0576731265 0.970283508 0.504534483
    0.569751143 0.263283014 0.783800244 0.565946937 0.062956363
    0.248250633 0.766781986 0.716544986 0.954565167 0.656443298
    0.516487658 0.12408939 0.102248996 0.789881825 0.129209816
    0.971512437 0.115720659 0.209501415 0.110902905 0.143870354
    0.579043269 0.17194885 0.471628964 0.589603424 0.574795842
    0.668639183 0.224032819 0.204321563 0.0847495496 0.455753207
    0.460719109 0.478478581 0.496517092 0.507914066 0.52255702
    0.334804416 0.18472296 0.203910261 0.449896783 0.759315908
    0.762609065 0.784132421 0.252785087 0.863841414 0.913503051
    0.0358049273 0.603611767 0.879644692 0.118208528 0.120084882
    0.318484873 0.390369952 0.546884716 0.492590994 0.235482037
    0.117741585 0.513858497 0.655127406 0.923597157 0.979364812
    0.429534495 0.386562198 0.418654144 0.0221209824 0.833552003
    0.720396757 0.930469036 0.0901028812 0.915067554 0.331136525
    0.332479566 0.653922141 0.355656147 0.794425428 0.355401039
    0.183422148 0.402921081 0.880874515 0.784473658 0.937518835
    0.724467754 0.419525743 0.714488328 0.708310723 0.955354095
    0.799715698 0.607581139 0.963992178 0.143900454 0.931999028
    0.758518517 0.833443642 0.076018244 0.124859005 0.812342525
    0.999386013 0.890348911 0.228575766 0.0119026601 0.248925298
    0.842411041 0.555966377 0.750144184 0.435311675 0.941182017
    0.545818448 0.533973992 0.078120023 0.395582527 0.531524599
    0.337810963 0.757984042 0.712308168 0.421290636 0.162610471
    0.492161363 0.731236637 0.872226417 0.369515717 0.714269519
    0.88568455 0.956573486 0.568971276 0.465553999 0.858461559
    0.362158895 0.592377782 0.398547441 0.100286514 0.388636827
    0.208881855 0.920282245 0.69160825 0.440040231 0.00539693236
    0.441176623 0.59687084 0.697262883 0.130339175 0.861319304
    0.761361599 0.515112042 0.233337581 0.172837168 0.528317213
    0.58141613 0.519431114 0.280441165 0.636115432 0.788482845
    0.716404319 0.810921073 0.600271821 0.969884992 0.451713979
    0.875311613 0.593762279 0.564471185 0.244951397 0.611042917
    0.438250989 0.258160114 0.292670935 0.037625581 0.280975342
    0.355353236 0.891687036 0.33620429 0.700725973 0.85524559
    0.153772563 0.739523232 0.287429541 0.99230814 0.76253742
    0.0854039192 0.0845877528 0.973158062 0.076829493 0.743979812
    0.480715662 0.0322039127 0.00876840949 0.482148409 0.821470737
    0.633380294 0.342915028 0.614471674 0.739720583 0.371187985
    0.542120993 0.63615346 0.866799712 0.688155651 0.988304377
    0.177748233 0.00204792619 0.369987249 0.0373911262 0.250401914
    0.122072101 0.535681367 0.341076612 0.665367961 0.424827278
    0.941459298 0.329381645 0.645871222 0.368802011 0.0685839653
    0.925557613 0.690357089 0.785610914 0.0851401687 0.878946304
    0.977814257 0.644887924 0.442839563 0.876737833 0.937665761
    0.768506646 0.711643934 0.212599963 0.858908534 0.45560351
    0.926934958 0.751497507 0.0870908201 0.54336518 0.380195081
    0.294633478 0.432351738 0.138692647 0.914277673 0.874980927
    0.930279255 0.0771052539 0.548935533 0.7798208 0.678412139
    0.65694505 0.404270142 0.266132712 0.224422127 0.502753794
    0.0431243479 0.304454267 0.467196733 0.869370937 0.766575634
    0.173032194 0.209524423 0.471454144 0.461240977 0.155387312
    0.617264867 0.637428045 0.0230853856 0.26310271 0.824039519
    0.115744829 0.440025359 0.941410542 0.37662673 0.676173389
    0.375513524 0.480395436 0.266468942 0.247832328 0.304097533
    0.175277859 0.436243922 0.807603061 0.293281257 0.73778069
    0.959398031 0.474105358 0.414371103 0.893722594 0.439479291
    0.354447633 0.545198023 0.673194051 0.944180727 0.598644614
    0.538755834 0.90865314 0.96039927 0.81517309 0.109214544 0.225010872
    0.58211267 0.128617138 0.163628101 0.144646853 0.183405131
    0.748925805 0.93032974 0.859306216 0.561601996 0.237366289
    0.0522330999 0.370475441 0.761421204 0.767900944 0.684569716
    0.361962825 0.140530884 0.10697934 0.775572538 0.0348647535
    0.783411622 0.112148255 0.0657121539 0.944268107 0.940545082
    0.55131036 0.244607985 0.748387277 0.942714572 0.935192585
    0.837825418 0.497795701 0.992920518 0.524841309 0.680729091
    0.67265743 0.221207917 0.309967965 0.487360716 0.126204312
    0.991096735 0.163734555 0.294326156 0.813503027 0.456371516
    0.636954784 0.0397217572 0.0525048375 0.977570593 0.42372781
    0.0131822526 0.747700393 0.924322903 0.573423922 0.144932687
    0.331796467 0.584662795 0.0395934284 0.0590503812 0.115824342
    0.458136797 0.972523093 0.154264659 0.262214482 0.142708361
    0.607059598 0.843324661 0.678704917 0.284559071 0.226277262
    0.0987202227 0.537151456 0.455957741 0.859358132 0.828089893
    0.472765297 0.628183067 0.329335719 0.866619051 0.50630039
    0.505156457 0.481293023 0.619793773 0.460103422 0.00272139907
    0.757599354 0.494992763 0.408714265 0.626210332 0.98483479
    0.369048357 0.686038852 0.0958120525 0.634844184 0.75129205
    0.160784304 0.206691414 0.338622212 0.711974204 0.348888576
    0.0823500752 0.672638893 0.334312737 0.197616279 0.563518584
    0.577666998 0.0504486561 0.871375442 0.19900009 0.210002542
    0.688151062 0.380001932 0.19160533 0.6011132 0.470177829 0.206938148
    0.751485646 0.966766596 0.58075428 0.874840736 0.849638224
    0.339664698 0.0674402118 0.938717663 0.0196554363 0.277568877
    0.920747936 0.236585945 0.634487092 0.307425201 0.510503054
    0.187370479 0.218462318 0.562566578 0.366837531 0.267906278
    0.492862344 0.0351463556 0.771831572 0.745359659 0.387995422
    0.269202441 0.719662011 0.339824051 0.792813659 0.28212446
    0.722376883 0.749213874 0.888858199 0.412051618 0.449168473
    0.840801775 0.846028805 0.851793885 0.156638265 0.818533301
    0.450766146 0.191236675 0.204071641 0.269282579 0.385619342
    0.222605586 0.454252303 0.261406839 0.508119047 0.59673351
    0.917610347 0.804366767 0.770544946 0.720769107 0.598363698
    0.573219419 0.629984081 0.269049346 0.736701131 0.0448789597
    0.737622619 0.560682952 0.99890554 0.403857112 0.576194525
    0.396984458 0.98881948 0.428306133 0.902666152 0.507582188
    0.587069392 0.203338265 0.758898973 0.408986688 0.197229117
    0.317205667 0.613663554 0.95720017 0.835113823 0.31725961
    0.523366153 0.293151677 0.0182086527 0.657339931 0.782898903
    0.362944424 0.314615309 0.382681191 0.704896629 0.131307185
    0.490183353 0.0801574588 0.353471845 0.110766113 0.848386884
    0.588041306 0.434642583 0.811919212 0.717134714 0.624848723
    0.479925245 0.457506925 0.516520023 0.560367286 0.434307992
    0.703191698 0.658635616 0.191395968 0.735574245 0.929112315
    0.518264174 0.648194075 0.661605299 0.435822695 0.0309481323
    0.695017278 0.4581303 0.363538325 0.891298652 0.00674062967
    0.0951029062 0.400195628 0.572291613 0.277475893 0.193569332
    0.755555511 0.362330168 0.95651114 0.972483397 0.163276762
    0.121039093 0.0890626907 0.657070518 0.76867646 0.323675543
    0.000626653433 0.887888253 0.503371179 0.530152321 0.499420971
    0.896914601 0.48376292 0.55710429 0.790823817 0.506528676
    0.729061961 0.291513324 0.756215811 0.795195103 0.733648062
    0.36878556 0.299924523 0.217943072 0.448402047 0.551568806
    0.411448866 0.761295319 0.680909157 0.733521342 0.246150076
    0.234645784 0.133837909 0.0012473464 0.621303618 0.528899014
    0.465085208 0.286080539 0.412440032 0.805030107 0.208783925
    0.538721502 0.120781928 0.705933869 0.7279073 0.941373169
    0.897344291 0.802345157 0.369193912 0.190017849 0.00309833884
    0.591761112 0.719049692 0.218109041 0.339810371 0.117048055
    0.88199234 0.153362185 0.46084556 0.357381523 0.484396636
    0.207852125 0.0869188011 0.6415658 0.00529190898 0.691095412
    0.58425647 0.916528046 0.0228864551 0.304258019 0.391253054
    0.349759638 0.964817524 0.873529315 0.233237356 0.5050928
    0.172746301 0.653186202 0.932062268 0.356262743 0.0327351987
    0.00579854846 0.41047141 0.27235204 0.467760682 0.94563669
    0.522806108 0.0744625926 0.0957562029 0.369713426 0.448014706
    0.0308789909 0.059116751 0.118331552 0.0768913925 0.809199214
    0.681334496 0.869374275 0.780209064 0.434990406 0.867432654
    0.872121274 0.634910822 0.0262880027 0.444897681 0.65038985
    0.594333708 0.136506915 0.515705049 0.413274944 0.0823871493
    0.292458206 0.891838312 0.02906093 0.225854635 0.176328212
    0.200842261 0.412102997 0.0331003666 0.95254302 0.845807791
    0.474204123 0.674494445 0.265891999 0.805016935 0.347311914
    0.403543413 0.647982061 0.851112366 0.187191367 0.52544874
    0.45425725 0.437398463 0.642574131 0.349580169 0.246015668
    0.78500998 0.727616191 0.658173501 0.621955276 0.0163758099
    0.974066377 0.444459349 0.440283298 0.105108082 0.663088083
    0.454123616 0.594620824 0.72120744 0.830163479 0.574133098 0.4222413
    0.265260965 0.651150584 0.364064664 0.25063169 0.774300814
    0.971780956 0.351727396 0.41102457 0.0824023783 0.704090953
    0.359473825 0.819358766 0.00385209918 0.414445937 0.364307046
    0.118001699 0.218473136 0.342747986 0.056281209 0.748978794
    0.68627584 0.973868847 0.321238995 0.813774467 0.0472059548
    0.67630589 0.267257452 0.188275516 0.646671951 0.616982222
    0.332475662 0.743269145 0.621450007 0.0916985869 0.917516232
    0.439903826 0.337568581 0.540612757 0.356231034 0.379536271
    0.212340593 0.659220815 0.851713181 0.870445013 0.284433842
    0.982865334 0.0969532728 0.963711679 0.602129638 0.0799646974
    0.312555552 0.380524963 0.135667235 0.567754328 0.165495425
    0.209094167 0.761632562 0.191986322 0.208556652 0.857457042
    0.925624967 0.395691812 0.217942476 0.883522868 0.917743862
    0.321915746 0.336676598 0.350321889 0.542595923 0.0174822211
    0.334836364 0.380254447 0.888662577 0.990807295 0.407581747
    0.974710941 0.305462718 0.114470154 0.59945184 0.749406993
    0.433705121 0.970601201 0.906476736 0.486185759 0.0353516638
    0.429351389 0.648987055 0.987071335 0.120198876 0.827332854
    0.22814253 0.446077883 0.548931956 0.674998224 0.184375823
    0.723405778 0.266261011 0.805075407 0.733334064 0.118539572
    0.115621448 0.30512619 0.455171257 0.336084604 0.207120389
    0.402427703 0.748759627 0.789791226 0.45582366 0.0860252976
    0.946467519 0.492646098 0.59298557 0.622796953 0.687720537
    0.422477037 0.0171111822 0.514714956 0.299783468 0.0389073491
    0.908867359 0.549632728 0.275258064 0.127923399 0.567905664
    0.370081991 0.487985373 0.631637096 0.378316551 0.948292255
    0.160489172 0.807698488 0.805489302 0.294817448 0.0175971687
    0.874619365 0.877716184 0.548959434 0.511332035 0.748066306
    0.300857127 0.676943421 0.686637223 0.585163236 0.878636897
    0.716681957 0.971735716 0.702137411 0.300216913 0.744070292
    0.531394124 0.333360434 0.594250977 0.972356081 0.410300314
    0.0975262821 0.243352473 0.333378673 0.200511545 0.849373937
    0.890174031 0.0314235091 0.968914986 0.192504555 0.846211076
    0.675667524 0.949948728 0.0953634083 0.713272095 0.799979448
    0.0234696269 0.697662234 0.343875229 0.833070695 0.0153140724
    0.409161806 0.483975053 0.97842145 0.586056352 0.78786993
    0.939002573 0.876330495 0.408931643 0.0106438696 0.890477777
    0.465238541 0.994161427 0.593707979 0.415761262 0.567218423
    0.280754417 0.787990689 0.472972095 0.928609073 0.642033219
    0.874084473 0.267635822 0.963074803 0.626726627 0.790764332
    0.129840076 0.419825554 0.680360198 0.0218873024 0.593657553
    0.755530953 0.346719325 0.699268699 0.230186552 0.986090302
    0.291758716 0.543848991 0.50997442 0.894717991 0.776716948
    0.0227392614 0.887910128 0.758562446 0.605989337 0.873054743
    0.578337371 0.103767872 0.0365715921 0.758406043 0.885975063
    0.644949615 0.803946972 0.228684664 0.271439731 0.813928187
    0.961791873 0.368062854 0.27932629 0.464401513 0.193461299
    0.78875792 0.379753649 0.82877779 0.794956684 0.0497015417
    0.205091447 0.499587119 0.994523764 0.845885038 0.653879821
    0.263964295 0.476672709 0.13153252 0.886539042 0.450622469
    0.0736370385 0.239396095 0.0972750485 0.303563625 0.440906197
    0.471993923 0.904673219 0.302050948 0.470733017 0.4769876
    0.611440539 0.619022191 0.82454741 0.152724445 0.974107981
    0.923759818 0.698474884 0.76485765 0.681044459 0.955002069
    0.694229305 0.412228465 0.355938733 0.181982487 0.906507194
    0.850570917 0.129134595 0.734593093 0.562870681 0.631064832
    0.347735763 0.195367962 0.0356712937 0.92963928 0.942005813
    0.201025277 0.153097183 0.826353669 0.366069406 0.72935462
    0.805510879 0.818221867 0.164347559 0.529112518 0.943623662
    0.315300971 0.0864717066 0.582040787 0.443249732 0.588237286
    0.50001359 0.100730896 0.265596628 0.0928082466 0.929930687
    0.11212948 0.696754515 0.62554121 0.191885501 0.949958324 0.6420452
    0.812795877 0.148344308 0.82489109 0.807822704 0.338057399
    0.112041205 0.784579098 0.296001494 0.334858835 0.934842587
    0.705024362 0.316476345 0.468941838 0.0465808809 0.465037555
    0.795628786 0.907896996 0.612374961 0.92096597 0.633997917
    0.634860635 0.128293961 0.609803796 0.0491849482 0.760090828
    0.85025835 0.125421792 0.659203053 0.739552021 0.583400249
    0.119513988 0.724030852 0.169086426 0.452973306 0.343071163
    0.948552728 0.102118999 0.379914522 0.538916349 0.133327156
    0.145389587 0.558837354 0.82335794 0.340560138 0.723185301
    0.86005652 0.699908376 0.963909745 0.434373558 0.124862373
    0.148190796 0.146368325 0.00653639436 0.984597445 0.89334166
    0.485861897 0.600465059 0.175986767 0.36970368 0.740911424
    0.0327833593 0.626644075 0.46857053 0.682243109 0.69605422
    0.312576354 0.119545639 0.607870221 0.888348818 0.337134957
    0.588115335 0.796683669 0.318296462 0.0327350199 0.650794029
    0.506755948 0.287049502 0.340821207 0.80238235 0.244842201
    0.108988076 0.170763046 0.0690918565 0.545149684 0.106998742
    0.0964656174 0.910379052 0.269080102 0.776106596 0.125562012
    0.987131357 0.0153980553 0.676216781 0.0373734236 0.067912966
    0.251156777 0.580702245 0.293643475 0.456060618 0.988728046
    0.689858019 0.620871723 0.0497361422 0.135690302 0.887740016
    0.0567803979 0.121140391 0.728530049 0.0837728679 0.828239322
    0.620402336 0.0545595288 0.767748415 0.894148469 0.645757794
    0.937530756 0.747552276 0.431490213 0.0288256109 0.658999801
    0.100966901 0.568701684 0.171501815 0.486255616 0.42413795
    0.882558703 0.863101602 0.0124422014 0.152103364 0.142848164
    0.348579466 0.722313762 0.626273155 0.138765931 0.988210082
    0.511983514 0.25670433 0.738010228 0.849004626 0.220074773
    0.810056806 0.544135273 0.743754208 0.171696633 0.799421549
    0.0349390209 0.138626009 0.16078946 0.789481461 0.781157494
    0.247070789 0.731255889 0.432604313 0.0310672224 0.770012259
    0.0351240933 0.954477906 0.717973828 0.784727216 0.484085768
    0.90477705 0.851603746 0.74877733 0.675862789 0.497866333
    0.549239755 0.900350451 0.829457819 0.864792943 0.872327566
    0.715605736 0.330143988 0.294374377 0.378806949 0.792437553
    0.656038225 0.546406984 0.625044227 0.727862656 0.256067306
    0.852308452 0.0410911441 0.740500927 0.579851329 0.292782664
    0.0611250997 0.813311815 0.0609079599 0.992361665 0.161341161
    0.93412292 0.684526086 0.12423411 0.269027591 0.0252071619
    0.719477892 0.435177386 0.573598802 0.870357633 0.78359884
    0.556686878 0.227136493 0.378886253 0.891762495 0.0987891555
    0.0221519768 0.489267528 0.888064027 0.891714752 0.50056076
    0.920743763 0.880218506 0.7237342 0.81976825 0.736309946 0.698941588
    0.936960876 0.207117379 0.782549262 0.380769044 0.261219501
    0.486329705 0.223546088 0.540956736 0.328674287 0.624532163
    0.0712496638 0.902629316 0.109850854 0.284192026 0.469026178
    0.802263975 0.988427639 0.342149377 0.590768874 0.746673822
    0.101210564 0.134031802 0.662582874 0.150546551 0.760886312
    0.941342115 0.983695865 0.928143024 0.0534948707 0.589194417
    0.678083599 0.610280991 0.090049088 0.0199626386 0.731727123
    0.292043626 0.364402264 0.761554718 0.305619657 0.429689169
    0.692734063 0.66700685 0.973218679 0.392625034 0.158261687
    0.204029053 0.0503448546 0.639450073 0.954999447 0.0298176408
    0.0594467521 0.589189053 0.792416751 0.294502199 0.998963118
    0.211003184 0.469376177 0.849349499 0.457842082 0.0363506973
    0.386904925 0.43215394 0.97504878 0.202470452 0.250419915
    0.906102538 0.167079389 0.363287717 0.675112486 0.573560774
    0.404939204 0.0348756313 0.459826648 0.225610435 0.0966050029
    0.778402686 0.622779071 0.131791025 0.283967614 0.953440785
    0.206239998 0.690702438 0.83638835 0.684000731 0.760418594
    0.319439828 0.953712344 0.667985022 0.368565589 0.176241547
    0.380840659 0.534700692 0.92652607 0.894070148 0.568600714
    0.404255331 0.648626089 0.86207211 0.421156317 0.603260815
    0.416519195 0.0303833187 0.158991605 0.871090889 0.87275058
    0.518580317 0.734858692 0.237301469 0.706912279 0.821508169
    0.582840502 0.638590872 0.819151998 0.452684581 0.910109043
    0.81393677 0.419267982 0.394961864 0.976455927 0.537604392
    0.497196674 0.694504499 0.192033857 0.123897284 0.119540304
    0.171408534 0.366559446 0.627726197 0.666723371 0.297621191
    0.60763979 0.48578617 0.0427978337 0.606503487 0.687628567
    0.048050642 0.608889163 0.988641143 0.982767463 0.668058276
    0.158821762 0.757407427 0.994313598 0.374565661 0.188357949
    0.520841599 0.0764659941 0.801949978 0.438108772 0.656501055
    0.188481271 0.514876842 0.506810188 0.808210373 0.634673417
    0.419953763 0.766852319 0.11947757 0.796989918 0.634207368
    0.87370646 0.494441867 0.0923033059 0.0529031157 0.5855093
    0.740735531 0.74149543 0.426705629 0.883431971 0.797828078
    0.623359561 0.304852009 0.902788043 0.711075246 0.69956702
    0.209757924 0.699950337 0.164678961 0.371247441 0.426024556
    0.235299647 0.472842872 0.372441024 0.77204144 0.649934947
    0.553862453 0.631012678 0.955196559 0.851926684 0.592586219
    0.624247849 0.102738351 0.0208179355 0.541518033 0.916896582
    0.468706191 0.570503235 0.415818691 0.839556098 0.968090594
    0.112286597 0.028109014 0.822252631 0.4257828 0.113023609
    0.317991495 0.986164689 0.210212648 0.805409789 0.0772895813
    0.630062222 0.523386359 0.41810894 0.251610696 0.0397700369
    0.0255373716 0.47294125 0.902928829 0.232479692 0.43752107
    0.993190348 0.0126837194 0.271415472 0.645546913 0.484975308
    0.117842674 0.0289332867 0.227927029 0.215174228 0.411367506
    0.422690421 0.68904537 0.894091547 0.924330831 0.860825419
    0.0609273911 0.96963501 0.349004 0.0608196557 0.531656742
    0.0455796719 0.593413711 0.132088512 0.749049723 0.563114703
    0.946806669 0.246829689 0.96640712 0.910300136 0.801180959
    0.952250004 0.756955743 0.107113957 0.863027215 0.0644463897
    0.774941444 0.169205695 0.80712986 0.662564635 0.703030944
    0.182238162 0.0720457435 0.725916147 0.930036664 0.666202664
    0.669213355 0.792135119 0.0449617207 0.802852988 0.443102628
    0.563227892 0.0356554687 0.69798702 0.102246433 0.94164902
    0.630372703 0.377433896 0.198744178 0.729945064 0.87362504
    0.178535432 0.978011131 0.108386427 0.557201087 0.447767109
    0.0869543552 0.357262611 0.571876049 0.720703721 0.235301524
    0.741854966 0.853794813 0.0688274801 0.804923832 0.943683863
    0.749949336 0.60530442 0.786114633 0.937526941 0.13112843
    0.329504371 0.165900767 0.238922745 0.468512475 0.198255956
    0.321926355 0.500681221 0.596817851 0.150293708 0.204096764
    0.594404876 0.132078886 0.184432298 0.802633047 0.940964699
    0.279713184 0.0717078447 0.966189384 0.12041235 0.0894621611
    0.28664273 0.852576852 0.793640971 0.986514926 0.598907113
    0.427758843 0.227741659 0.91320312 0.927023709 0.0896782577
    0.125361621 0.602384269 0.0347498357 0.596486747 0.61761415
    0.761065483 0.448524565 0.0598668456 0.357948035 0.33516258
    0.974188805 0.792441726 0.536122978 0.585184753 0.785630524
    0.324055463 0.341302186 0.249935627 0.644724131 0.676607013
    0.0800808668 0.604130864 0.378134876 0.828005791 0.60722822
    0.834243834 0.420992136 0.185670286 0.839947879 0.765826166
    0.212561876 0.236299068 0.860983372 0.456043094 0.774645746
    0.603997886 0.855630755 0.238018125 0.750255883 0.896435976
    0.213522077 0.125541091 0.139899701 0.835980773 0.818478763
    0.15798375 0.337857425 0.677706957 0.723830342 0.435494542
    0.17536062 0.694932461 0.407048851 0.338321745 0.186543047
    0.254264623 0.278260201 0.631059051 0.204808503 0.197372586
    0.195880353 0.454900324 0.498843163 0.0265920162 0.220076948
    0.594552934 0.561036766 0.491165757 0.795138955 0.684984684
    0.854763865 0.904323041 0.601712644 0.50281477 0.163779527
    0.276051998 0.0342687964 0.558862567 0.815228581 0.0839721859
    0.420130163 0.990110278 0.947291732 0.789236963 0.0492999256
    0.504172206 0.64416039 0.960253894 0.832542062 0.212909341
    0.62396431 0.33264485 0.121826589 0.638394117 0.816125989
    0.0132888258 0.996641278 0.610651314 0.796226263 0.490181297
    0.696709216 0.815041542 0.360402286 0.0242605209 0.224213928
    0.44262144 0.542129517 0.0200820565 0.610728383 0.275006324
    0.883171797 0.372524172 0.821802497 0.602797806 0.318807185
    0.204275131 0.898041129 0.047203958 0.583717644 0.913626313
    0.204910427 0.482198805 0.906094432 0.56748569 0.317731619
    0.141757041 0.731550276 0.400150329 0.160437405 0.927079141
    0.149137855 0.362529278 0.342768699 0.874639332 0.44620353
    0.551078856 0.548733473 0.765086114 0.667574167 0.0206605792
    0.107974797 0.123187363 0.122777522 0.180487305 0.297850996
    0.11152178 0.445686698 0.40444988 0.230190486 0.0414593518
    0.292273968 0.0200070143 0.360573769 0.126261294 0.637726903
    0.522775829 0.810189784 0.57345295 0.0411656201 0.488433808
    0.0461773276 0.680171728 0.700364888 0.25780943 0.035574019
    0.382741898 0.650914133 0.0131006539 0.755881548 0.0104506016
    0.519232154 0.922568083 0.916225672 0.277903378 0.286668539
    0.913147688 0.283581495 0.422669172 0.507941663 0.641142011
    0.156906486 0.775374889 0.994929433 0.403569251 0.00641703606
    0.769126177 0.659547985 0.8586905 0.631236017 0.484850675
    0.299411893 0.106809825 0.197363824 0.79243207 0.94135952
    0.740899026 0.904266 0.893397689 0.223207355 0.100170672 0.09120664
    0.136209607 0.307353556 0.347583354 0.240753621 0.35672164
    0.762508512 0.290475607 0.0454185903 0.723258257 0.340171158
    0.361763656 0.313436091 0.219127476 0.557885885 0.589435339
    0.559843063 0.788387179 0.993540764 0.782929659 0.146959722
    0.902950287 0.478116691 0.259361327 0.0416673422 0.0662135482
    0.545864582 0.631902456 0.650621176 0.669983506 0.5686571
    0.390969872 0.115162164 0.801321507 0.823057413 0.212695271
    0.857006192 0.984440744 0.555292547 0.622882009 0.406079173
    0.864798784 0.399956435 0.618048489 0.472195268 0.30299443
    0.907839894 0.593319297 0.123360723 0.298226595 0.00704434514
    0.495927274 0.694116712 0.213663101 0.70280087 0.593410134
    0.759691775 0.390877098 0.903281987 0.420965612 0.641777396
    0.297237754 0.954017162 0.106892675 0.153127104 0.334924817
    0.713963389 0.760026455 0.809664726 0.409109712 0.75534606
    0.976691723 0.352423579 0.987549543 0.338980377 0.297812521
    0.616570652 0.376744658 0.186362773 0.864545703 0.762019813
    0.0311937928 0.0293439031 0.108497053 0.161128759 0.886805654
    0.650271297 0.535246074 0.351950169 0.95836401 0.223043323
    0.0268478692 0.312421679 0.479472131 0.711509943 0.708027184
    0.883662283 0.0591498613 0.219307244 0.81666863 0.43777585
    0.492874354 0.971809149 0.167025149 0.136768162 0.324288309
    0.527983248 0.673539817 0.583384812 0.0462778807 0.664189816
    0.100993723 0.722088516 0.264394403 0.379379392 0.850973189
    0.314217001 0.294306785 0.488482267 0.989502132 0.54802233
    0.108901113 0.965518415 0.440076977 0.0089866817 0.365461528
    0.494562149 0.933828235 0.395797193 0.567518473 0.887159228
    0.835677981 0.588749826 0.430674076 0.299567103 0.576679051
    0.256315857 0.855018497 0.776533246 0.8347857 0.43611154 0.334812492
    0.771831512 0.547419429 0.06742239 0.621103585 0.905352235
    0.135476023 0.154301077 0.858948946 0.359407246 0.122234821
    0.633893967 0.914789438 0.109728843 0.994376302 0.444247156
    0.834884763 0.36012882 0.453873605 0.418309718 0.847855151
    0.27758497 0.878700614 0.683499932 0.0321831703 0.615592301
    0.686311066 0.722143471 0.944740057 0.624020398 0.369026244
    0.536609709 0.299777567 0.730947673 0.936070442 0.871217072
    0.715830088 0.769069433 0.145696878 0.126689732 0.851128161
    0.991502047 0.15050602 0.101476341 0.658748031 0.0747253001
    0.454953611 0.376135439 0.926170051 0.764893174 0.506690502
    0.827597201 0.700672269 0.507553577 0.872583747 0.783969581
    0.903329611 0.824225843 0.172999412 0.598172724 0.445184469
    0.0124963522 0.00145292282 0.707815766 0.731652379 0.645471513
    0.0158242285 0.750694156 0.351237595 0.926114798 0.934393525
    0.252529919 0.771097541 0.156579494 0.32723543 0.159427911
    0.780055404 0.545410752 0.0942045748 0.719678879 0.69790858
    0.342714995 0.95704174 0.194104463 0.563342333 0.983753145
    0.567189097 0.981623292 0.657061994 0.287263244 0.184668988
    0.950844049 0.0777984858 0.460235596 0.69323349 0.408254743
    0.875674903 0.851962686 0.342753023 0.381226987 0.850585818
    0.950972438 0.942179799 0.224874496 0.264034986 0.99002254
    0.65853101 0.55542469 0.944891572 0.693813205 0.539712429
    0.931501627 0.48455742 0.132556558 0.112232834 0.726116002
    0.611081779 0.101688027 0.351278961 0.499338001 0.0290658474
    0.0297198594 0.631159604 0.373883784 0.781146526 0.6185233
    0.354518503 0.0908420682 0.907079518 0.29602617 0.992388368
    0.954974115 0.594867051 0.0327232182 0.317165107 0.290067136
    0.441614091 0.0181556046 0.403271616 0.402229607 0.509726107
    0.357565045 0.329443395 0.267296612 0.800257087 0.35955888
    0.00530838966 0.698704839 0.04333058 0.723797441 0.139716208
    0.647420943 0.732971489 0.119096547 0.0106223226 0.645314693
    0.10955748 0.565956354 0.133032888 0.5036304 0.661768913 0.881756186
    0.977546334 0.361797541 0.180793375 0.708588958 0.591581523
    0.735477805 0.12231344 0.650092065 0.822480321 0.940466762
    0.750513554 0.214140117 0.914739251 0.213294357 0.320598632
    0.113307267 0.235583693 0.860520124 0.521790802 0.592425764
    0.63040936 0.103860706 0.610670328 0.523457289 0.712096334
    0.170858622 0.325773835 0.223265439 0.659746587 0.863914728
    0.467237085 0.101684839 0.995875239 0.323260009 0.135107636
    0.327240616 0.740136087 0.451037765 0.784822941 0.0322263837
    0.409812033 0.411639392 0.364315152 0.79022336 0.918201447
    0.341036201 0.341833979 0.0647995174 0.0227888823 0.570948243
    0.662647963 0.746875405 0.849464118 0.624350667 0.832461774
    0.512031436 0.32947579 0.71583581 0.743936539 0.91253525 0.919085562
    0.938505769 0.0607586205 0.0113989413 0.0604779422 0.988500118
    0.582656145 0.74237895 0.401363403 0.549008548 0.710499644
    0.205059886 0.639200687 0.0949002206 0.608188689 0.542567492
    0.673443019 0.0341560841 0.118240416 0.887984633 0.47984606
    0.0433575809 0.372452378 0.796853423 0.527031243 0.89741087
    0.642187119 0.0663340092 0.901229024 0.910302281 0.0737110376
    0.814843655 0.220586598 0.291882098 0.43532306 0.973046184
    0.328643531 0.673050463 0.889091492 0.00912249088 0.514552116
    0.471207798 0.767764211 0.855601192 0.918540478 0.113924623
    0.47470364 0.444156319 0.859849572 0.621084154 0.983510733
    0.217437327 0.243047208 0.372442722 0.029237479 0.522441685
    0.419899791 0.180512935 0.90402925 0.470047593 0.122439891
    0.383139729 0.920922041 0.504221082 0.979701519 0.564286709
    0.70712781 0.664520562 0.427907735 0.475462914 0.833541989
    0.108801812 0.975448251 0.64623189 0.892232001 0.195931375
    0.655945063 0.110145271 0.815827608 0.660804629 0.338504791
    0.704330802 0.120950699 0.778293014 0.108472705 0.256912023
    0.309255868 0.748846352 0.421579868 0.337746948 0.451089948
    0.779758692 0.731904447 0.259928942 0.83485055 0.36164093
    0.307620585 0.502657831 0.358008802 0.226086944 0.566620886
    0.794469118 0.145265758 0.193649322 0.640668452 0.266614258
    0.490121961 0.571260393 0.189769357 0.208490402 0.368506551
    0.568791091 0.23072952 0.961425602 0.424761117 0.0822076201
    0.0611930788 0.548335552 0.611056447 0.513480365 0.387495697
    0.909657955 0.543895125 0.240598291 0.832301378 0.318793058
    0.502857149 0.543550014 0.120510638 0.463399678 0.567061067
    0.0125652254 0.619517803 0.0474829376 0.439984649 0.457528114
    0.925981343 0.532821894 0.396192014 0.735907197 0.917272449
    0.66378814 0.879499793 0.161380619 0.980761051 0.469999731
    0.308826774 0.144501835 0.597828388 0.424280345 0.45711565
    0.726649106 0.675751925 0.653951168 0.365003616 0.956076205
    0.746728063 0.0545301437 0.94279933 0.538305998 0.384673893
    0.820091486 0.684056282 0.789663672 0.579017758 0.187321544
    0.214540184 0.355036408 0.108360887 0.246704459 0.0254984796
    0.533992171 0.48340863 0.562384427 0.0614437759 0.19752875
    0.841098368 0.563189864 0.0842333734 0.937087655 0.630848587
    0.460368723 0.951731801 0.0234370232 0.554313123 0.224533737
    0.513354778 0.309682131 0.258578509 0.382469445 0.790984273
    0.46645993 0.935103893 0.609363973 0.877651811 0.661051154
    0.493264586 0.439065456 0.812550247 0.903888702 0.53526628
    0.351602823 0.646099091 0.957192302 0.754077733 0.933413625
    0.271016061 0.885277808 0.597240925 0.812649608 0.477635115
    0.191893488 0.892744839 0.270279467 0.335341603 0.448891968
    0.85443157 0.340262592 0.736938357 0.128126949 0.616847217
    0.795744896 0.748970151 0.0450488925 0.214365423 0.572422087
    0.467937618 0.918851078 0.0969919562 0.840857029 0.942804575
    0.270418823 0.649693251 0.760754347 0.226642519 0.0937036872
    0.964390755 0.684157014 0.559675753 0.644459963 0.384452552
    0.775767565 0.0380828679 0.738804162 0.431657165 0.0154266953
    0.990618944 0.614957213 0.0516974926 0.091516614 0.699600935
    0.829297721 0.663749158 0.677508891 0.550042868 0.970756292
    0.768598974 0.135750145 0.272403777 0.243600547 0.399558723
    0.660213411 0.941850066 0.315382302 0.424917191 0.869897783
    0.671269357 0.75490129 0.931758761 0.889333069 0.594283819
    0.604710996 0.600583255 0.56509763 0.215698868 0.522636771
    0.832075596 0.393469334 0.467537522 0.184178174 0.585290968
    0.495364368 0.722138047 0.861459017 0.900973082 0.223361582
    0.693850398 0.372474909 0.263919175 0.40210098 0.586831331
    0.315559119 0.0260762274 0.726547122 0.999344766 0.949039698
    0.311037958 0.104652464 0.36087057 0.490383178 0.701913834
    0.917802453 0.090585351 0.564474523 0.0165664852 0.793965697
    0.251479447 0.391424507 0.0820260942 0.584548056 0.972123206
    0.249215096 0.477484912 0.349231541 0.120363027 0.47494334
    0.0726400018 0.934765816 0.841049075 0.0868387222 0.203303784
    0.0639587343 0.900923729 0.130271941 0.759743094 0.614164591
    0.238206595 0.232361078 0.392824352 0.249817282 0.801812768
    0.526726484 0.446457475 0.83116436 0.632046282 0.128190815
    0.156963557 0.783003688 0.344273359 0.186207741 0.1463193
    0.144719422 0.442634374 0.770025253 0.196791768 0.320113659
    0.154665798 0.799004555 0.0203499496 0.0554591417 0.228391677
    0.263045967 0.394716978 0.631477475 0.0530305207 0.486437798
    0.751107693 0.992347181 0.635021448 0.788538694 0.571786284
    0.794269919 0.809230924 0.0429330468 0.338138461 0.293429613
    0.270469069 0.115031034 0.74022907 0.992858529 0.89071393
    0.216605425 0.966486454 0.199603081 0.95694685 0.864213288
    0.708556175 0.191369683 0.378213346 0.339116573 0.270961165
    0.931025386 0.192040116 0.382059842 0.0640022159 0.551343262
    0.431937188 0.688765168 0.638231575 0.238001734 0.0550659597
    0.0816746056 0.010758698 0.160806984 0.764174342 0.254268706
    0.28319627 0.481228113 0.492205381 0.381665677 0.30816555
    0.315051913 0.578357279 0.412799925 0.520917892 0.649755716
    0.00781178474 0.84427017 0.792613208 0.254150927 0.801766276
    0.913862824 0.302531004 0.327316105 0.0399371684 0.505742192
    0.729583263 0.205842584 0.566176414 0.144346237 0.232358217
    0.264018357 0.644284606 0.583372414 0.124402851 0.836432815
    0.154322028 0.0563490689 0.738393664 0.829906881 0.860059977
    0.283613861 0.57708776 0.097045809 0.160632402 0.854497075
    0.874426544 0.658259749 0.927574635 0.605235815 0.298155576
    0.815067589 0.0534856915 0.923751473 0.659850776 0.537030041
    0.841426969 0.851079345 0.956025481 0.99345386 0.541103125
    0.0403144062 0.894398689 0.601319134 0.565613329 0.64732933
    0.851019084 0.502421796 0.91237247 0.656083047 0.768792629
    0.269526213 0.866456389 0.011569351 0.866842031 0.0367647409
    0.619334877 0.0824635625 0.950791836 0.499361217 0.233587056
    0.387018025 0.332709551 0.456602514 0.462275207 0.367707431
    0.478604972 0.846996903 0.407928526 0.763674498 0.680977166
    0.800856471 0.52149868 0.266227663 0.348184824 0.966954768
    0.0326300263 0.609521568 0.609472275 0.821542561 0.571067631
    0.149033695 0.964894712 0.965923071 0.289878964 0.777527452
    0.371217638 0.279064626 0.208446354 0.111634195 0.94761157
    0.252501309 0.963146448 0.352347434 0.811819792 0.0878257155
    0.296544969 0.806479096 0.947163343 0.605851531 0.562311888
    0.848274112 0.283436269 0.494219184 0.923332095 0.331704199
    0.621039927 0.35479784 0.67632097 0.179976076 0.429664731
    0.933063686 0.330907762 0.951889992 0.462096632 0.934004903
    0.774899423 0.631291449 0.100842476 0.786928892 0.977780819
    0.709168792 0.671868443 0.5807181 0.530246079 0.236730605
    0.254964828 0.643644512 0.875968695 0.587003648 0.693885863
    0.232424319 0.845733523 0.32801643 0.073117286 0.0058657825
    0.0798075199 0.649974108 0.68352437 0.963690162 0.996188879
    0.236186624 0.970356703 0.0353614986 0.512085199 0.31814903
    0.581087589 0.0628120303 0.264215946 0.25938499 0.254546851
    0.394349724 0.156650692 0.969626665 0.0826325119 0.611277103
    0.453202546 0.423296571 0.416541874 0.73444432 0.940710068
    0.690775514 0.773851752 0.698515058 0.319532692 0.753069103
    0.493905008 0.312864244 0.642857254 0.384024918 0.119068384
    0.0120069981 0.817489743 0.454746664 0.624611735 0.109527588
    0.0368755758 0.944330692 0.806947827 0.136466056 0.533766568
    0.983595371 0.433662772 0.213803679 0.759657562 0.92779839
    0.91378504 0.331884146 0.346493483 0.931537569 0.512135923
    0.114331275 0.820397496 0.0517593026 0.328295022 0.882011592
    0.882377625 0.327488184 0.0144704878 0.0207133591 0.66894871
    0.132586151 0.833229661 0.412459195 0.244770169 0.712918639
    0.410492718 0.143055439 0.0377545357 0.463837922 0.455898821
    0.727927744 0.358875155 0.624980628 0.927551746 0.0404190421
    0.333339006 0.466216505 0.578134835 0.436419725 0.175997347
    0.767499089 0.037405163 0.522886455 0.751246214 0.0706284046
    0.0249607861 0.597717226 0.832600117 0.908125043 0.0689973235
    0.982665062 0.967640698 0.661887944 0.281353623 0.203264326
    0.489509553 0.463656902 0.796560049 0.936784446 0.362800479
    0.465561211 0.042026341 0.559261858 0.289496303 0.576265931
    0.85359931 0.735016763 0.878102541 0.0572000444 0.254095674
    0.953831792 0.377005816 0.455803335 0.0727534294 0.776013136
    0.478614122 0.493898332 0.739591241 0.954160631 0.249126732
    0.810998738 0.107522905 0.0668850541 0.188508034 0.905766308
    0.00603821874 0.604088485 0.106453896 0.494463772 0.464241534
    0.193080306 0.734265566 0.761710048 0.195369452 0.989959121
    0.77686739 0.673683226 0.231173337 0.00159668922 0.808602571
    0.478288412 0.728422165 0.65411818 0.718665838 0.251692951
    0.692967832 0.599742532 0.390606642 0.999715745 0.808765948
    0.339366466 0.258824229 0.618305445 0.272482246 0.472168922
    0.830661416 0.883753419 0.0096617043 0.225439787 0.463558435
    0.681451023 0.481445968 0.84159708 0.610494554 0.600237131
    0.30270499 0.0546292663 0.279281229 0.365449309 0.422280312
    0.0887285769 0.697391331 0.258573264 0.241745859 0.0587625504
    0.688706875 0.116697282 0.762269437 0.640987635 0.194179356
    0.16051966 0.0588053465 0.270510614 0.708432138 0.260198653
    0.771654606 0.0391030908 0.711133897 0.202495575 0.0894487202
    0.441807657 0.10243687 0.367135286 0.521675169 0.728061318
    0.427855551 0.668751121 0.987477779 0.0428211689 0.514203608
    0.123713642 0.532105982 0.512503803 0.125207841 0.919047594
    0.151836395 0.452261865 0.70282346 0.124646664 0.174724787
    0.218935311 0.509693384 0.727216184 0.893959582 0.401224941
    0.56956023 0.903366446 0.297057331 0.0997925997 0.270741284
    0.313175768 0.259926379 0.51191473 0.539795518 0.374015391
    0.828941405 0.376179397 0.929113448 0.204686642 0.379178941
    0.158137947 0.405342728 0.129633427 0.539092302 0.214161724
    0.31577453 0.327343106 0.00384628773 0.947927475 0.454298198
    0.255190879 0.439544499 0.159507871 0.201103866 0.497381985
    0.657894313 0.0396551192 0.673081517 0.183075726 0.568348825
    0.00576534867 0.832202256 0.628844202 0.112840444 0.717026711
    0.797541857 0.217344493 0.146097898 0.115159214 0.972972751
    0.487003446 0.624964297 0.969116032 0.154273003 0.105970502
    0.31443727 0.110824764 0.183279395 0.121574491 0.46166268 0.28946352
    0.724185705 0.488456845 0.651431084 0.652047932 0.759741962
    0.537444353 0.255063891 0.421751469 0.562201202 0.865991235
    0.590545595 0.302489936 0.989341259 0.414969414 0.428046942
    0.423351139 0.649867654 0.458412886 0.669810295 0.867845774
    0.550007224 0.360104561 0.160139441 0.655442715 0.683405817
    0.787546813 0.00847697258 0.340159297 0.696064115 0.475616872
    0.80795157 0.59584564 0.249516338 0.387637764 0.851074934
    0.893054128 0.2774266 0.551611066 0.946314692 0.989476204
    0.435243994 0.868416846 0.779810369 0.599455297 0.54237169
    0.00944730639 0.440361679 0.0994318426 0.720082641 0.617628336
    0.199902028 0.782185316 0.499184459 0.73565799 0.177797943
    0.80468452 0.183953404 0.134670824 0.469079763 0.464111328
    0.97258848 0.907844305 0.410650551 0.293524295 0.145798743
    0.944231629 0.840682328 0.853870511 0.771711767 0.609710574
    0.539414525 0.260427177 0.137175202 0.610668063 0.149445504
    0.128630638 0.0695183277 0.269240081 0.801644683 0.849989414
    0.579769313 0.208661765 0.521461189 0.676565289 0.820106864
    0.603588223 0.108779252 0.699532032 0.556134582 0.261958122
    0.976457596 0.824088693 0.471931577 0.977961421 0.864080131
    0.820366681 0.069196254 0.278471053 0.596425176 0.320287138
    0.167504102 0.284759969 0.161296517 0.789826274 0.0552472174
    0.736240089 0.916633844 0.642138898 0.259085417 0.644325614
    0.750444531 0.139182746 0.518633366 0.0298673809 0.867627382
    0.79436028 0.129459769 0.700289369 0.521086454 0.125768542
    0.14595145 0.386405945 0.713461459 0.966116071 0.459165156
    0.996756315 0.432078302 0.657222331 0.206063151 0.485638946
    0.979602933 0.245240808 0.0784875453 0.39424026 0.592513323
    0.905973792 0.344318271 0.752661347 0.534574389 0.37324053
    0.0494987965 0.781168818 0.367135674 0.182293981 0.0516643822
    0.39860642 0.762758136 0.0294808149 0.29330194 0.750731468
    0.616346478 0.998297095 0.995185256 0.436446518 0.697821736
    0.0633581579 0.483212262 0.917199612 0.295711786 0.890680254
    0.435791731 0.714490175 0.461739302 0.0987068415 0.360532701
    0.298592597 0.0483372808 0.509674668 0.390533686 0.387651473
    0.148943663 0.142457217 0.091227144 0.112397254 0.521972716
    0.92337966 0.736068547 0.576678991 0.129165918 0.403708398
    0.503492713 0.322172761 0.458173752 0.56657052 0.219961703
    0.46415785 0.230288506 0.22516045 0.823256075 0.133981556
    0.0577389598 0.554970384 0.389786243 0.616045952 0.587436438
    0.304832757 0.892884374 0.144823402 0.173352629 0.549869716
    0.5252226 0.939804852 0.352862954 0.0203737915 0.270470262
    0.712162852 0.166501433 0.788474202 0.114693463 0.780407727
    0.517609477 0.261279225 0.447324991 0.158538848 0.771579146
    0.774126887 0.632550657 0.427235484 0.587584436 0.378445029
    0.890623331 0.0835596919 0.668524861 0.140168518 0.091201663
    0.894325674 0.0586975813 0.251082659 0.311597019 0.686529815
    0.472026259 0.436934352 0.0471295118 0.726557791 0.462180614
    0.590225816 0.875661314 0.849039555 0.511300981 0.736047268
    0.327864408 0.267253995 0.731560111 0.256202966 0.828756094
    0.789202094 0.843854189 0.513946295 0.0820342302 0.623236418
    0.420932114 0.307737648 0.945151925 0.479314983 0.968827963
    0.339568555 0.432816595 0.19216466 0.540724516 0.444926918
    0.570536494 0.530722678 0.289482057 0.522418022 0.253296316
    0.199387372 0.425243884 0.516841531 0.0813215971 0.472380251
    0.860472262 0.378202707 0.0946339667 0.908698618 0.817712784
    0.442783028 0.374718875 0.0628648698 0.809497118 0.380386025
    0.572182894 0.871741533 0.374841452 0.646160007 0.268922299
    0.953454673 0.0679754913 0.695409298 0.901050448 0.240271181
    0.111942798 0.015086174 0.931050122 0.885678411 0.907743692
    0.494327605 0.105199635 0.1289078 0.177725464 0.856124401
    0.000452518463 0.481214106 0.818209529 0.31975916 0.886470139
    0.827102959 0.746207118 0.432088733 0.778083622 0.33501929
    0.654070377 0.0305386484 0.67683804 0.595019817 0.585182011
    0.938775718 0.415742666 0.768882632 0.310967922 0.780132711
    0.350810319 0.727252364 0.00982657075 0.676469326 0.616733491
    0.109186023 0.0381289423 0.581228018 0.38883087 0.511631966
    0.357944191 0.467612445 0.751896977 0.39432466 0.158325702
    0.224259257 0.634608984 0.650298893 0.177387536 0.533084333
    0.907887816 0.132428735 0.747208893 0.711362898 0.0669746399
    0.983556151 0.266247094 0.515468895 0.799419761 0.732847154
    0.971841276 0.34266451 0.591453195 0.227244705 0.362707078
    0.507313371 0.394011497 0.217303932 0.046292901 0.766879797
    0.71932137 0.488171399 0.0166094005 0.782901525 0.087138325
    0.218472004 0.336447567 0.192657441 0.157938033 0.0918594897
    0.937544703 0.968960702 0.865735054 0.138229281 0.604943931
    0.558956087 0.621890783 0.376318783 0.479333282 0.734773219
    0.0415374637 0.175700635 0.866951168 0.829824686 0.871254563
    0.935037732 0.521110117 0.986358166 0.405445576 0.750515044
    0.310739756 0.477604657 0.906500041 0.153435349 0.81271553
    0.601544261 0.296684682 0.600500941 0.655716002 0.838118494
    0.21454078 0.0664952695 0.0479904413 0.408738703 0.438235492
    0.108650148 0.683743179 0.792937398 0.850843251 0.0871711969
    0.839830756 0.158169836 0.835509121 0.0515701771 0.934653699
    0.803798676 0.318381578 0.4687801 0.11178717 0.830289125 0.897475362
    0.573625386 0.234327734 0.441940784 0.572784066 0.877437711
    0.930387378 0.870167136 0.361487508 0.675577521 0.0250389278
    0.278314352 0.782513618 0.0489294827 0.0883653164 0.366778135
    0.15989691 0.521368146 0.542551875 0.14338097 0.73288244 0.616316795
    0.2194736 0.452038497 0.0202156901 0.443055809 0.673315823
    0.426861107 0.93579793 0.107817292 0.228628397 0.16146636
    0.285745621 0.825710714 0.606874526 0.632993937 0.367399275
    0.010335654 0.878599346 0.260984957 0.582976878 0.887749612
    0.442430705 0.575131178 0.854290843 0.138563246 0.0765535235
    0.673743844 0.397935987 0.153925985 0.721425772 0.95317477
    0.63272357 0.630322933 0.207253486 0.922088027 0.953062117
    0.338447928 0.317690492 0.282872438 0.732246399 0.529375196
    0.60056597 0.109894335 0.406451464 0.937579513 0.0873057544
    0.618938565 0.22667399 0.390780151 0.86757189 0.871057272
    0.0600826442 0.858739555 0.737295091 0.789555669 0.756462574
    0.482510716 0.886522532 0.110208929 0.300497472 0.223351568
    0.725236297 0.647579312 0.792143524 0.239110976 0.709446073
    0.420193911 0.89601469 0.488443732 0.19288227 0.845968962
    0.961887658 0.213472575 0.672881842 0.423422277 0.18983236
    0.0238372982 0.51712358 0.298205018 0.906631351 0.453876734
    0.794773757 0.575868487 0.649443269 0.537821352 0.672807574
    0.0720827281 0.204572618 0.0016002357 0.15057376 0.180534273
    0.223535776 0.0460368097 0.332529962 0.846582651 0.196443528
    0.308763802 0.527513087 0.459663928 0.682541907 0.812652826
    0.149011105 0.901972175 0.493255109 0.0316237807 0.264157057
    0.534869075 0.660131097 0.613793612 0.807375014 0.402734518
    0.0880440772 0.939408064 0.741791368 0.551388383 0.647959352
    0.292258888 0.116165847 0.608814061 0.739325523 0.967440844
    0.0813277066 0.987350821 0.38077575 0.437844664 0.443586826
    0.689449072 0.397032857 0.247396559 0.310595512 0.301847041
    0.656359673 0.311403602 0.600750864 0.605735004 0.190299392
    0.0670791566 0.533116698 0.613142192 0.852461934 0.608750641
    0.972693443 0.0178798735 0.0138380527 0.295340002 0.759727478
    0.571293354 0.437990218 0.280330241 0.884762108 0.995662928
    0.174299657 0.74794066 0.505951405 0.115233451 0.320905775
    0.441414058 0.145023853 0.887300611 0.69173795 0.015434891
    0.742748499 0.00144162774 0.735071659 0.0306840241 0.937111735
    0.76541245 0.227139145 0.931487083 0.0686659217 0.473789573
    0.95148164 0.744220912 0.101612926 0.467846125 0.390011936
    0.270796835 0.152458847 0.653151989 0.782463789 0.901192427
    0.877456486 0.486677289 0.668248475 0.722632527 0.677385807
    0.149470538 0.219032198 0.0263063312 0.330886245 0.808330178
    0.543735206 0.424538493 0.326859355 0.668542385 0.444505572
    0.61724025 0.897866607 0.859341323 0.886258006 0.305299401
    0.229698479 0.361327708 0.770012259 0.71543777 0.721059084
    0.869204879 0.247215837 0.969645858 0.231697083 0.569475293
    0.599735439 0.202878296 0.216304988 0.155800134 0.412205219
    0.360061884 0.167317271 0.206231624 0.565181971 0.833594203
    0.0681393445 0.852889895 0.121496618 0.585492253 0.62282753
    0.614292562 0.0154597163 0.763498306 0.565817118 0.882787585
    0.343975931 0.733520925 0.6384238 0.352508307 0.387722343
    0.910054326 0.211995274 0.644019127 0.999226451 0.735878766
    0.788820624 0.0207725763 0.14217025 0.99529469 0.69081682
    0.209052354 0.002792418 0.504517376 0.812531054 0.813932538
    0.38196665 0.416901886 0.169799536 0.16584605 0.20598653 0.835425735
    0.0323697329 0.796744227 0.287463903 0.732829392 0.296768278
    0.630381882 0.912861705 0.000599265099 0.896729827 0.356740117
    0.430708021 0.784119248 0.57630223 0.184565932 0.121475816
    0.553556561 0.655471861 0.208978027 0.900961399 0.15091455
    0.644541621 0.0810674429 0.840923727 0.785339952 0.251570582
    0.12113151 0.448240608 0.0316176713 0.748812675 0.31276989
    0.293442011 0.442870289 0.81423682 0.105414629 0.57918936
    0.166511536 0.65751636 0.446405619 0.51272583 0.645818174
    0.451387137 0.787608027 0.139025122 0.490125507 0.545427501
    0.175399184 0.821588278 0.371319085 0.89685756 0.792592704
    0.553664446 0.436296642 0.575467706 0.585722625 0.786371529
    0.154504418 0.950877547 0.956269026 0.0477196574 0.433157027
    0.0739673972 0.359669298 0.411836028 0.439022869 0.0930522382
    0.911296368 0.273599863 0.774697602 0.784170151 0.333565325
    0.34416914 0.116592079 0.465297788 0.210297942 0.470273137
    0.325675249 0.431912035 0.131381452 0.803154588 0.556776762
    0.815417945 0.271356523 0.967287421 0.087045908 0.669474423
    0.832452655 0.674232364 0.0463373661 0.134587646 0.650819063
    0.59760654 0.30130145 0.696604431 0.764306664 0.940054595 0.11208418
    0.981039524 0.687507749 0.121634066 0.0387767851 0.265918225
    0.983989537 0.0075224936 0.295212328 0.383765668 0.37191236
    0.403336108 0.621560752 0.785143137 0.967402339 0.694435477
    0.737081528 0.219371051 0.261306107 0.887187719 0.41539818
    0.413409799 0.432948321 0.106683671 0.481589407 0.994840264
    0.399490893 0.917747736 0.674319267 0.985676169 0.394087553
    0.351236582 0.433591843 0.524722159 0.692154229 0.966534913
    0.116338074 0.717888713 0.422359705 0.120514542 0.0794799626
    0.804461479 0.188771516 0.00534230471 0.116819382 0.347319424
    0.297137827 0.317155898 0.71546638 0.768238902 0.711578548
    0.286864549 0.0691494048 0.478067815 0.990778923 0.450949371
    0.738862395 0.860532701 0.617202342 0.43219617 0.807519555
    0.396801949 0.86703968 0.706654608 0.187321335 0.0154490769
    0.123691201 0.734336972 0.233655512 0.625120342 0.9209553 0.23755917
    0.407444566 0.774452209 0.0660671294 0.531002402 0.171785623
    0.42074433 0.730614364 0.658382714 0.0500689149 0.187197924
    0.804180443 0.837815523 0.841028333 0.464238226 0.818024993
    0.326649278 0.0655852854 0.36736536 0.179207683 0.403189003
    0.620183825 0.71126318 0.490711808 0.301189303 0.0559780002
    0.87033844 0.0979442298 0.926432669 0.594689071 0.262940824
    0.397385001 0.289600104 0.866937757 0.348953098 0.809419155
    0.427121431 0.573985636 0.881345093 0.794904947 0.665426731
    0.000737786293 0.66543442 0.993303239 0.0440836847 0.31585741
    0.246477038 0.0962867439 0.0746462643 0.312794924 0.756243885
    0.918956876 0.750244319 0.581288278 0.866251051 0.219258815
    0.904818177 0.869521379 0.147214949 0.838376403 0.776352048
    0.496565849 0.337629408 0.308045268 0.726658642 0.540331066
    0.491234839 0.687314749 0.750367641 0.411744952 0.68881321
    0.644498885 0.0140255094 0.923429728 0.111879438 0.959338129
    0.505352736 0.0455096662 0.120602667 0.34507823 0.0162932873
    0.441588581 0.596717954 0.381615907 0.78049767 0.805351138
    0.624960184 0.312876165 0.835359395 0.642543495 0.498155564
    0.443319023 0.377948314 0.183327168 0.986067474 0.354386359
    0.780258894 0.179618835 0.993279457 0.570625842 0.583036065
    0.696351588 0.39508298 0.319209993 0.531862676 0.0734634399
    0.925782025 0.380024791 0.77288878 0.093344897 0.7338413 0.513002396
    0.93005228 0.731256604 0.820561409 0.742016971 0.196978569
    0.80172497 0.815941811 0.587803423 0.666669846 0.0913445354
    0.12596646 0.902849078 0.630182505 0.836682081 0.978675485
    0.0347445011 0.283927351 0.0261375308 0.144933581 0.333461165
    0.306489348 0.09049806 0.688647091 0.863595426 0.169646174
    0.179659456 0.325639009 0.787308455 0.306252271 0.589664638
    0.671105504 0.876332283 0.125057817 0.805892706 0.636575222
    0.44786939 0.11327669 0.457448214 0.755943298 0.810008705
    0.0016348362 0.623772383 0.987852097 0.534432948 0.486294866
    0.158395112 0.952255368 0.992787361 0.00174793601 0.663725555
    0.402833074 0.27337572 0.55883652 0.847731411 0.747336507
    0.951863647 0.397576064 0.47167927 0.725088239 0.597392142
    0.0128069222 0.625834763 0.228041768 0.40260911 0.0822167993
    0.293343514 0.749932289 0.311051846 0.814843416 0.278623402
    0.77449429 0.482382804 0.846578717 0.119626194 0.883608818
    0.59488529 0.242107004 0.65366286 0.216032445 0.845188498
    0.721107364 0.346408546 0.258582026 0.875362754 0.937713385
    0.637830913 0.776668489 0.290432841 0.675131679 0.988781095
    0.694674015 0.852580726 0.523897529 0.880763531 0.411104709
    0.86368835 0.401843309 0.621422946 0.379575908 0.0366237164
    0.859232664 0.244619161 0.351784825 0.183755457 0.398057967
    0.6748842 0.913525045 0.580192387 0.163999498 0.16616115
    0.0139374435 0.078817457 0.633814156 0.724649191 0.593608439
    0.413190424 0.266736805 0.615884662 0.449074864 0.931932688
    0.618866742 0.22682929 0.0086388588 0.59300226 0.512452304 0.5563972
    0.873939276 0.443522453 0.818101764 0.406125307 0.639785051
    0.837912202 0.635319769 0.0846685767 0.10667327 0.876892209
    0.636664569 0.645612419 0.901130676 0.834999442 0.956208348
    0.384963453 0.152833283 0.0661769509 0.896092176 0.483173966
    0.549680412 0.976043761 0.984489202 0.788526893 0.158768624
    0.954039514 0.97522521 0.866856694 0.0281314254 0.168246984
    0.996332407 0.00108599663 0.70717907 0.26728642 0.250731587
    0.633422494 0.759329081 0.54014349 0.0994435251 0.22494936
    0.197062075 0.0427914262 0.799837351 0.745936036 0.54119283
    0.445766151 0.149738699 0.575493097 0.271414936 0.0537164807
    0.608851492 0.596641719 0.853722751 0.207542747 0.159967601
    0.11796096 0.631581187 0.64357245 0.672125041 0.668467045
    0.657227993 0.0486135483 0.384000897 0.306448102 0.522322118
    0.661378503 0.509976983 0.0789931715 0.20635426 0.743718088
    0.97589618 0.828205943 0.372486711 0.755103588 0.413633794
    0.899103701 0.608118057 0.517524064 0.79310143 0.403356016
    0.0941150784 0.379110128 0.131751418 0.909189582 0.620078385
    0.490915656 0.356196463 0.357738078 0.131197274 0.691779137
    0.83083415 0.227271289 0.390047312 0.808022261 0.960377693
    0.0839240551 0.831853151 0.180189133 0.612820089 0.148821294
    0.512336254 0.161932796 0.286376595 0.972334862 0.0841767788
    0.294828445 0.698416352 0.790908813 0.786805272 0.145200789
    0.0545421243 0.490144044 0.13353315 0.485743076 0.959669888
    0.432816207 0.274903715 0.699624777 0.808858931 0.859871864
    0.280178964 0.0521571934 0.0857315361 0.7204777 0.907080591
    0.72687757 0.362954885 0.258048773 0.846995652 0.142421961
    0.551397204 0.229754329 0.787523031 0.926931441 0.00976282358
    0.753762245 0.382359117 0.408622026 0.529999197 0.763289213
    0.498172075 0.543331504 0.546907604 0.874644876 0.520008445
    0.503766716 0.702591836 0.0732094944 0.502825558 0.0727678537
    0.37728405 0.481300294 0.734550238 0.873729825 0.0452333987
    0.222482383 0.174630821 0.965914845 0.0485619009 0.0421204567
    0.0928492546 0.852791309 0.060418278 0.556829631 0.718107462
    0.740098834 0.562156677 0.610136092 0.534484744 0.835158706
    0.444065213 0.624067068 0.639074087 0.464468092 0.511406243
    0.632824183 0.309193611 0.793483496 0.133180976 0.322764933
    0.2946738 0.395559967 0.388437837 0.807471991 0.249462634
    0.0754861832 0.859925866 0.593614876 0.0717238784 0.423414946
    0.152803957 0.91842711 0.730026722 0.366358578 0.768971205
    0.750484943 0.896629691 0.203097194 0.348254174 0.416737646
    0.254632175 0.0836269259 0.68397361 0.041757375 0.969125628
    0.485413045 0.689744473 0.386108011 0.557748556 0.210955083
    0.344110608 0.184064418 0.881908894 0.330469787 0.895337105
    0.019854188 0.208040208 0.620136142 0.892960846 0.24821347
    0.0991068482 0.890966535 0.884801507 0.648366392 0.417705238
    0.8598454 0.537635088 0.989519954 0.657183051 0.150992066
    0.720564127 0.513708889 0.327938437 0.910795212 0.395219535
    0.940215468 0.855609655 0.545831203 0.165242791 0.742465138
    0.54817909 0.0361163616 0.106430173 0.820206165 0.0168373585
    0.434135765 0.963166177 0.849786639 0.687800348 0.0315572917
    0.946643233 0.313359588 0.438227415 0.79812932 0.496287674
    0.846935749 0.953746557 0.847176433 0.712066054 0.794303715
    0.607820094 0.639339685 0.869962037 0.403675765 0.355976403
    0.175502747 0.668470621 0.910811543 0.664055526 0.539600074
    0.65114069 0.769266129 0.964703977 0.259760708 0.772291899
    0.825320721 0.577437639 0.548692226 0.659989655 0.304879308
    0.282821298 0.423504889 0.325177729 0.445542872 0.747176111
    0.590001345 0.60781908 0.229268432 0.487683266 0.448083311
    0.048411876 0.380839586 0.529225767 0.146082252 0.0256124139
    0.641793668 0.35993439 0.308688641 0.576654017 0.242128223
    0.269212008 0.622972727 0.652981043 0.0201770067 0.911339581
    0.86794591 0.370896161 0.332651258 0.00742769241 0.605637312
    0.39672783 0.0766556561 0.590211987 0.0857383013 0.103139997
    0.378356755 0.386119246 0.68773216 0.442313075 0.280531645
    0.514516294 0.409673572 0.421110481 0.119736731 0.745950878
    0.113368571 0.885135889 0.653344989 0.90939784 0.859277368
    0.00132477283 0.752981842 0.207805991 0.941385508 0.0731837153
    0.463543296 0.0344849229 0.525332749 0.47025016 0.511230588
    0.399502099 0.0274638832 0.966722429 0.67792666 0.487410218
    0.816784501 0.315027118 0.856596112 0.290964812 0.779043674
    0.555059254 0.748770118 0.610462189 0.605147064 0.0948720276
    0.0952915847 0.400977582 0.476730913 0.777433157 0.809068441
    0.781587541 0.345558316 0.0217444599 0.852742314 0.0725186765
    0.423682213 0.202931225 0.766711295 0.833414793 0.577605665
    0.707690418 0.968786597 0.177423507 0.908130884 0.887990832
    0.175090611 0.664925873 0.989813328 0.769482493 0.494159758
    0.89723742 0.382019639 0.618498981 0.397558361 0.217394173
    0.0151673257 0.936157823 0.263519585 0.641627371 0.0123725533
    0.217256695 0.237963617 0.606959283 0.582602084 0.707846582
    0.789491475 0.574168265 0.800838232 0.922681928 0.114789188
    0.444331378 0.303328693 0.174921453 0.123197675 0.114204377
    0.200080395 0.769346476 0.179001898 0.0270318985 0.933079362
    0.397023737 0.355155587 0.977104008 0.888161778 0.10381192
    0.469165415 0.546686888 0.708887696 0.245980918 0.719175816
    0.757681966 0.160257995 0.558876514 0.000766992569 0.0722445548
    0.951780438 0.716323197 0.678757966 0.987404466 0.320726871
    0.645289838 0.311082095 0.73628366 0.615522206 0.489812762
    0.12572974 0.773377895 0.990588248 0.682651758 0.542320788
    0.118672282 0.46377641 0.0988929272 0.325982571 0.568898499
    0.55801034 0.870557189 0.572219372 0.912926733 0.416330397
    0.980040133 0.575108767 0.522421956 0.328446627 0.123656243
    0.937338948 0.451151609 0.355781198 0.0454028547 0.297744036
    0.6217978 0.711862683 0.600198627 0.360018194 0.12705484 0.127240807
    0.700036168 0.631805003 0.756028295 0.334976733 0.659036815
    0.00711345673 0.244593859 0.933305144 0.685019612 0.0220192671
    0.826521516 0.131152093 0.462470025 0.682055175 0.873888135
    0.357901752 0.495215446 0.10288918 0.216461837 0.269249529
    0.282377362 0.836161077 0.323722303 0.857253909 0.953309059
    0.494624764 0.187596321 0.922704101 0.421192825 0.0172705948
    0.156242907 0.24986136 0.100227207 0.0612122416 0.384121299
    0.144247055 0.0404846966 0.0993134677 0.55790168 0.513192594
    0.714805901 0.826421201 0.564318895 0.717409372 0.0442669392
    0.430918068 0.0706243515 0.787682652 0.430753708 0.263763309
    0.81954664 0.633102775 0.279679328 0.557507217 0.220794976
    0.366472304 0.100447804 0.437804818 0.892093897 0.0838012099
    0.875093222 0.37512058 0.0327205658 0.329250157 0.820641398
    0.219432503 0.19842875 0.191349685 0.205744207 0.0997003019
    0.159579575 0.650812685 0.948416948 0.692210317 0.1636962
    0.124269187 0.11543116 0.711364448 0.25611937 0.756522179
    0.262691855 0.702717781 0.513253212 0.248199373 0.112425566
    0.286550343 0.0871473253 0.671927571 0.0229474008 0.878413439
    0.0538909137 0.508570492 0.511249602 0.00135836005 0.487317741
    0.790287852 0.793303013 0.00528624654 0.225585252 0.739235401
    0.733251512 0.48587662 0.997325897 0.299828053 0.533053577
    0.141326785 0.602567792 0.0289069116 0.314472526 0.950009942
    0.82209146 0.429204792 0.214172691 0.101639211 0.51170069
    0.931368947 0.444828004 0.139758229 0.393310368 0.131580621
    0.166663468 0.975512743 0.670812488 0.90602231 0.668528676
    0.0892739892 0.463060915 0.69923991 0.598392367 0.743182778
    0.191902041 0.562435985 0.653564811 0.215823799 0.2533198
    0.0634223819 0.753670275 0.408878028 0.141416132 0.673615336
    0.833167791 0.590706706 0.184158266 0.794027686 0.707842231
    0.311692595 0.921758294 0.726289153 0.385691315 0.10234344
    0.615225136 0.963332653 0.796706557 0.244311541 0.281458437
    0.695523143 0.461519957 0.834808767 0.624655902 0.499786198
    0.735080302 0.511512756 0.669479609 0.967394292 0.97123605
    0.0265567899 0.224501789 0.555860221 0.922904253 0.866377115
    0.0217178762 0.835126042 0.286248565 0.0718346536 0.147772193
    0.529330432 0.957991362 0.247004539 0.932745099 0.0370099247
    0.450536311 0.367138267 0.540305912 0.0806042552 0.237591207
    0.347100258 0.124877036 0.914484322 0.394174933 0.907687545
    0.496610165 0.0760909617 0.362812698 0.177970439 0.677455664
    0.512830377 0.350678802 0.732007086 0.582320213 0.812370777
    0.227032274 0.89951998 0.277627587 0.572675347 0.727255523
    0.588294983 0.307615697 0.538636506 0.0700377822 0.878556252
    0.787016749 0.493022978 0.530424774 0.413485467 0.907943249
    0.171278119 0.826331139 0.514473975 0.107132524 0.453339666
    0.0355039537 0.0571356714 0.901183009 0.0222258866 0.751094818
    0.0265660882 0.575500488 0.158483863 0.723889828 0.769873857
    0.587205768 0.946231127 0.644242883 0.465204239 0.258057386
    0.117406875 0.112066209 0.0176025331 0.800820351 0.166053265
    0.22288686 0.0216135085 0.776625693 0.33646962 0.408979565
    0.319261968 0.819594622 0.434881151 0.257034302 0.313487053
    0.938943386 0.0271030366 0.276715368 0.0761118829 0.69419086
    0.43145901 0.96287185 0.234433651 0.0873054862 0.00389251113
    0.580728292 0.89250809 0.37105757 0.264394283 0.997342765
    0.826151013 0.593730807 0.417315751 0.135040879 0.495230108
    0.132045209 0.192122757 0.152487308 0.718051136 0.756987929
    0.802007675 0.658498645 0.62345016 0.741937757 0.214052856
    0.0486913323 0.231476814 0.199351192 0.681908071 0.741660297
    0.51754117 0.0491296649 0.198712826 0.354403019 0.0393032134
    0.67181015 0.37780121 0.559440494 0.19865489 0.0863846838
    0.0874754488 0.634678423 0.791739166 0.837903857 0.991503239
    0.367001414 0.748256624 0.279697359 0.661860168 0.109865546
    0.843075871 0.540688932 0.224343479 0.690181494 0.87271291
    0.25048703 0.268391669 0.206654757 0.592547178 0.239887238
    0.350584805 0.755374551 0.064469099 0.795393586 0.0725791454
    0.0182180405 0.229249567 0.671432018 0.910175383 0.79542315
    0.313065499 0.396704137 0.491100848 0.356032431 0.283497155
    0.672811806 0.402741432 0.621837616 0.299971521 0.427302659
    0.0439962745 0.321871161 0.706168592 0.235529542 0.333566576
    0.527322471 0.552185416 0.144386739 0.284668684 0.172800243
    0.672009826 0.286052316 0.0699867904 0.624540091 0.177819043
    0.0146431625 0.823770046 0.182215661 0.0210817158 0.423981279
    0.418785632 0.0912620425 0.594659865 0.276038527 0.0694194138
    0.844185591 0.106564045 0.754841566 0.650710821 0.732159138
    0.995388508 0.688992321 0.626784921 0.257343948 0.567119777
    0.826775789 0.0589874685 0.958089411 0.2222054 0.741725326
    0.816437006 0.482936978 0.904243588 0.0349831879 0.747172177
    0.942130804 0.37349686 0.361386448 0.681219995 0.78731817
    0.193707138 0.258398175 0.0489973426 0.811486244 0.19493559
    0.753297687 0.00269883871 0.808627725 0.421559125 0.442504972
    0.426866502 0.697602689 0.501497388 0.72275424 0.820861697
    0.627176106 0.115120649 0.0567049086 0.69004786 0.186808288
    0.950910687 0.690245628 0.183253646 0.656870067 0.588472962
    0.0709796846 0.641792297 0.222485423 0.532391489 0.638743758
    0.512239754 0.974554896 0.870315075 0.744524896 0.411884069
    0.714937389 0.127100527 0.351467013 0.868395329 0.194049895
    0.0965261757 0.107197732 0.504590213 0.516658306 0.808619559
    0.724193335 0.474683166 0.0448719263 0.173969299 0.778913021
    0.418307871 0.000769376755 0.990209699 0.360677987 0.36776036
    0.797716796 0.357636094 0.75583607 0.699183285 0.415989101
    0.564109743 0.534813464 0.514946938 0.725938082 0.234555155
    0.265823871 0.668751836 0.954362035 0.353756309 0.318751991
    0.83265841 0.550998688 0.651875734 0.184196711 0.709293664
    0.574154854 0.132414937 0.769254088 0.654123902 0.133326054
    0.220838904 0.167451441 0.218691796 0.5491575 0.69451791 0.163514644
    0.80265224 0.471789777 0.238738269 0.881342113 0.24097544
    0.092600286 0.496852785 0.918103635 0.702510417 0.367746502
    0.713792562 0.0348900259 0.858754396 0.091285497 0.818588495
    0.275914788 0.137525916 0.624155998 0.915834129 0.990319729
    0.634302258 0.641964197 0.948980689 0.684149384 0.55114013
    0.832186341 0.775968075 0.597060978 0.672449708 0.0820133388
    0.323842108 0.630896926 0.338207364 0.973798037 0.0053653121
    0.332458854 0.900278509 0.490173668 0.498518974 0.671832561
    0.71260184 0.498728067 0.182250559 0.496893823 0.300029337
    0.482291877 0.817187786 0.876474321 0.672744155 0.645300567
    0.193053931 0.40520969 0.873936772 0.592673361 0.551867962
    0.522938728 0.432639092 0.820695877 0.233614177 0.387828529
    0.0827011466 0.711309671 0.858449042 0.330216527 0.0729672313
    0.721059084 0.547682405 0.362453252 0.180319369 0.901940823
    0.103041977 0.649697006 0.37591663 0.551529408 0.917206049
    0.678669572 0.161729008 0.733543873 0.641532958 0.899171114
    0.0520292819 0.204590321 0.67291081 0.689589143 0.673447371
    0.158368379 0.112527966 0.131865293 0.971177638 0.77677834
    0.0990480185 0.83706224 0.807894945 0.748571277 0.66110611
    0.268866807 0.205462366 0.255659789 0.0466151834 0.815437913
    0.723639846 0.0721687675 0.85333097 0.61613667 0.798182607
    0.689195752 0.204465598 0.509165406 0.643713057 0.806949019
    0.196070164 0.0292243659 0.969833851 0.086833626 0.917705059
    0.149211287 0.493605793 0.325735867 0.63151437 0.312842339
    0.568826973 0.62995255 0.679446101 0.0440670848 0.235218406
    0.255493224 0.900462031 0.577246547 0.195716262 0.895589352
    0.448566765 0.252370656 0.577714384 0.622282743 0.189856768
    0.0967696905 0.330495179 0.310193926 0.536310315 0.249101043
    0.687393844 0.753577948 0.531087756 0.230430603 0.821229577
    0.000212103128 0.215934038 0.353825629 0.598879695 0.494656891
    0.516959906 0.254153252 0.463599324 0.3826015 0.982558131 0.12967217
    0.254703403 0.393032551 0.30637598 0.868505597 0.703368604
    0.940941334 0.336958885 0.550494969 0.998068213 0.855044901
    0.667344451 0.960154533 0.857286572 0.0809678435 0.722619057
    0.32819277 0.916314721 0.988075972 0.49326542 0.100857615 0.574359
    0.138510406 0.211112291 0.906153679 0.00198915601 0.27295208
    0.379735529 0.573493183 0.0928809345 0.153812349 0.639285743
    0.742220461 0.226754904 0.694635868 0.591897368 0.172335863
    0.304938138 0.648942828 0.901946187 0.750404954 0.287474871
    0.607929409 0.162515104 0.566435695 0.0351909995 0.997804344
    0.781530142 0.994147956 0.0931130052 0.670894146 0.390278935
    0.310646176 0.328582883 0.546230793 0.32532388 0.630028129
    0.433357656 0.6846174 0.030674994 0.892843962 0.458378404
    0.846316814 0.361721903 0.296409845 0.661442041 0.785561442
    0.455466151 0.00790214539 0.751112103 0.427111298 0.304136693
    0.41859901 0.513921559 0.425732225 0.478953481 0.862149119
    0.163573772 0.164706618 0.981412649 0.0827425122 0.124764979
    0.0686116219 0.548000038 0.42727232 0.0126593411 0.391638249
    0.792129576 0.233055234 0.0205979645 0.759294093 0.572146893
    0.561305344 0.449293077 0.450967818 0.150339216 0.6554811
    0.313197345 0.903287292 0.0170831978 0.942412853 0.935201406
    0.396226346 0.0823441148 0.321440101 0.942440867 0.787040234
    0.260740101 0.0591086447 0.00140279531 0.819400072 0.0342186391
    5.82933426e-05 0.477858037 0.840159476 0.653119206 0.0566314757
    0.0110220313 0.174390435 0.412959695 0.257587373 0.850328922
    0.708895802 0.36611715 0.372326314 0.969757915 0.427731782
    0.99301064 0.567737579 0.146667659 0.431944132 0.0211916864
    0.0424001217 0.798526287 0.100956202 0.0449284613 0.696488619
    0.331738859 0.38468942 0.242004633 0.369999707 0.0195192099
    0.584664226 0.619394243 0.953101039 0.819140494 0.45510453
    0.429461777 0.708603084 0.697461128 0.64967066 0.875669241
    0.713006556 0.0539077222 0.142490208 0.442762077 0.958007812
    0.710668802 0.0616372824 0.0400991738 0.510951996 0.377276659
    0.900371313 0.810968578 0.117154539 0.59297055 0.592351019
    0.628100812 0.387053251 0.989245772 0.228160262 0.357749104
    0.023933202 0.650383353 0.104324013 0.657785535 0.779436827
    0.0458845198 0.452887714 0.602303147 0.724724293 0.0278302729
    0.793012023 0.852149487 0.654240608 0.874156654 0.732739925
    0.30349195 0.948762119 0.0507306159 0.103233904 0.265004456
    0.472339511 0.952680111 0.48861903 0.394139409 0.529150307
    0.754996896 0.257808417 0.151812315 0.50609535 0.807314456
    0.123992682 0.159350753 0.210420489 0.736597478 0.221960515
    0.452581227 0.800958395 0.406358212 0.986816525 0.492814839
    0.632722437 0.50835681 0.560830593 0.972952545 0.584747553
    0.84176898 0.287247181 0.0575354397 0.650114059 0.822400749
    0.233772993 0.345561475 0.462168485 0.40919745 0.590723097
    0.589844048 0.540737808 0.867445469 0.118217885 0.919665694
    0.472775161 0.303266943 0.867459178 0.89764607 0.0517852008
    0.383241862 0.0622830987 0.886457384 0.801272988 0.377936244
    0.0277099311 0.573249638 0.0652353764 0.162675261 0.749064207
    0.579753041 0.362555325 0.810296416 0.748765826 0.302289844
    0.570173025 0.524932861 0.200338781 0.626013696 0.293372691
    0.599687934 0.110789776 0.447551847 0.700603604 0.658504963
    0.256435841 0.665991366 0.193836927 0.300559282 0.0405142009
    0.997047186 0.913045406 0.0190890431 0.0533723235 0.843838215
    0.870902479 0.132108718 0.0174522996 0.579856932 0.559661925
    0.581487477 0.597856879 0.145980179 0.343209267 0.746574759
    0.256856054 0.790364742 0.978223205 0.496457189 0.636062145
    0.91633749 0.176550776 0.395740569 0.516271591 0.330222785
    0.920034409 0.815586925 0.825287282 0.892060935 0.894057691
    0.0280036628 0.87800622 0.574414849 0.955872416 0.74847281
    0.582840681 0.00708642602 0.761389613 0.51933068 0.878538728
    0.243811339 0.340140969 0.756797671 0.988305688 0.572493196
    0.30900532 0.972846985 0.587219477 0.393692136 0.960492253
    0.518320382 0.501214027 0.706769288 0.740004122 0.258284628
    0.832060456 0.42916134 0.809332252 0.0675583482 0.389467627
    0.997010052 0.421503663 0.380843312 0.760673761 0.963760972
    0.61937809 0.554885983 0.655556858 0.325231701 0.481852591
    0.204338014 0.67440033 0.247936189 0.998579562 0.914731503
    0.42060402 0.588971376 0.466677278 0.87498343 0.750238419
    0.271356404 0.682752669 0.977507949 0.829014182 0.895387352
    0.327139616 0.607949317 0.722679794 0.0887785256 0.0280814767
    0.0412329435 0.477305174 0.889116347 0.468259096 0.926270127
    0.101111889 0.914311171 0.0773670971 0.716977119 0.333187461
    0.676840603 0.0529959202 0.461965799 0.902541816 0.246907026
    0.827532828 0.126240641 0.963649273 0.0543520153 0.822316647
    0.164981693 0.227613062 0.936529517 0.347061515 0.159578145
    0.886930466 0.0157747269 0.40881446 0.808743775 0.0227088928
    0.311330616 0.58069253 0.658607006 0.856825709 0.362844408
    0.267228007 0.687248766 0.37321344 0.299034774 0.856842101
    0.62367332 0.390559405 0.461539835 0.356263071 0.391862869
    0.374721318 0.923027992 0.418476701 0.938499928 0.893409967
    0.0443698466 0.0323329866 0.682674408 0.973512948 0.0475190878
    0.531712711 0.833233893 0.625720978 0.559058726 0.502982855
    0.156442344 0.0570033789 0.794350863 0.5252949 0.459805101
    0.132753223 0.848836422 0.681956053 0.419594258 0.657898307
    0.556427062 0.0953516662 0.916882515 0.237217605 0.624367654
    0.594191611 0.0922428966 0.565392435 0.863443255 0.675054371
    0.583162665 0.648664594 0.685541868 0.743233204 0.629082561
    0.0487470031 0.563198149 0.00551205873 0.265174657 0.503738403
    0.65941596 0.0661587715 0.536044359 0.746858537 0.953309953
    0.498662412 0.618233562 0.591308177 0.402693331 0.692640305
    0.582175851 0.439029396 0.704088211 0.676194906 0.744004965
    0.729583979 0.287686348 0.817613721 0.921436191 0.160320222
    0.579982162 0.341532052 0.628926516 0.273988128 0.310783386
    0.382806897 0.960619926 0.21338433 0.062217325 0.277016044
    0.426627576 0.466860265 0.895084798 0.193710059 0.555442452
    0.760944366 0.377411127 0.922629237 0.884631515 0.085079819
    0.941829324 0.347539127 0.19436425 0.732579589 0.495410383
    0.894869089 0.22653228 0.188859373 0.627281964 0.608731389
    0.10636434 0.199959219 0.107634693 0.433504462 0.785477161
    0.482399017 0.325575262 0.539914012 0.0975451469 0.131692678
    0.892666578 0.616713822 0.880406857 0.0732515752 0.606828749
    0.2292355 0.293306351 0.205971062 0.615356922 0.123390377
    0.198903948 0.431636661 0.6199314 0.220662594 0.618175268
    0.283865571 0.857168913 0.891210914 0.437542915 0.377189994
    0.356654674 0.408473611 0.18068698 0.746700644 0.734776855
    0.828670204 0.00429227948 0.379158974 0.533627212 0.95313108
    0.103578895 0.459318578 0.284878135 0.685848653 0.0877726674
    0.321443975 0.770150542 0.694988549 0.55680871 0.973215222
    0.35464552 0.747865081 0.025241524 0.44355318 0.908677936
    0.694055736 0.492391825 0.0957145989 0.674842834 0.332923859
    0.573404491 0.760039806 0.98879987 0.531648576 0.230882466
    0.0973864496 0.400764644 0.000201255083 0.775048733 0.219136447
    0.967239022 0.556547761 0.312192142 0.769234478 0.946470976
    0.933534682 0.224809468 0.725625038 0.0480646789 0.682823777
    0.636891723 0.991102099 0.424589455 0.615006566 0.337356389
    0.0240859389 0.392214745 0.0314513445 0.391435266 0.379660696
    0.637320936 0.880174279 0.0611235201 0.24734652 0.210669905
    0.167171717 0.290240765 0.693231821 0.282857269 0.261312544
    0.963968575 0.99948144 0.938126683 0.341520131 0.636928916
    0.252474397 0.323807478 0.968661189 0.359124303 0.940034389
    0.931834459 0.653640687 0.411764324 0.79274857 0.543303967
    0.837420225 0.961783707 0.230039954 0.316139102 0.392553449
    0.631372809 0.195378482 0.892532229 0.823146582 0.632667482
    0.47567299 0.807320476 0.711588144 0.644071937 0.651046395
    0.943531275 0.191602886 0.511249065 0.221278936 0.0543013215
    0.695432544 0.91264385 0.64624095 0.916183591 0.146282911
    0.510064483 0.335463762 0.330826223 0.253781438 0.206512362
    0.595205426 0.232865036 0.206714898 0.603486776 0.938228369
    0.614519715 0.884605408 0.970596313 0.16324994 0.87933898
    0.0900398195 0.566321015 0.537998021 0.461035937 0.458832413
    0.647259712 0.21109277 0.701878726 0.018956393 0.0480140448
    0.959296346 0.267352045 0.925249338 0.210990965 0.245200276
    0.0216720998 0.58695364 0.730548978 0.286423564 0.0604041815
    0.570837617 0.840811253 0.967806041 0.198141366 0.454445213
    0.246427298 0.787365854 0.887672544 0.278768539 0.973186731
    0.511193514 0.815685987 0.0976914465 0.1152201 0.73470962
    0.676984191 0.888432622 0.413603663 0.106347054 0.14473477
    0.253667593 0.0426766574 0.606173813 0.54516542 0.811827183
    0.642038405 0.451881588 0.0648203492 0.455460072 0.962432146
    0.282196164 0.66678822 0.057269156 0.0865732133 0.00308024883
    0.616554797 0.771103501 0.935630918 0.952008665 0.0609453321
    0.676664472 0.446762443 0.363514304 0.00262179971 0.976602316
    0.0333478749 0.740135372 0.708257139 0.508498013 0.0917829275
    0.349373043 0.0430520177 0.991255403 0.146954685 0.455560744
    0.882805705 0.394515187 0.0270896852 0.678270102 0.547256708
    0.772206426 0.943733692 0.265739501 0.327202439 0.457528025
    0.110760659 0.50742054 0.921468258 0.527237773 0.758815944
    0.717175722 0.832050622 0.503193378 0.807154655 0.870308638
    0.936380863 0.0195497572 0.786505342 0.869630873 0.944041133
    0.5671947 0.915820599 0.12109679 0.98361367 0.863178492 0.185729057
    0.739015281 0.350027829 0.735040188 0.364085913 0.48335579
    0.653558552 0.838456869 0.559674501 0.562096655 0.365512729
    0.997469127 0.268691182 0.0235043168 0.861922741 0.801444411
    0.257386804 0.462300658 0.327807665 0.557753682 0.448447317
    0.0884747803 0.148274899 0.0886814296 0.788134933 0.852123737
    0.624268055 0.444581717 0.857364714 0.854000926 0.910948396
    0.616847098 0.421040446 0.657346368 0.155794889 0.930858076
    0.0242742598 0.0629867613 0.274726987 0.680133939 0.308513224
    0.701216936 0.258315325 0.0687430799 0.437148273 0.884319901
    0.587775886 0.337479353 0.0200402737 0.145357877 0.57172513
    0.308900058 0.97694838 0.558052063 0.558775842 0.547123909
    0.964854717 0.239976317 0.454411894 0.0884666741 0.0544886887
    0.670590997 0.155765355 0.256108761 0.991982341 0.7204355
    0.151799977 0.610972106 0.557949841 0.408615798 0.552340627
    0.487107486 0.0777599514 0.964214444 0.796292961 0.511321843
    0.679079115 0.0934770703 0.495573133 0.511894405 0.42652896
    0.0322093368 0.307245612 0.319331288 0.141094685 0.0694975555
    0.869196951 0.562793732 0.680957675 0.428591132 0.494986743
    0.899870992 0.346663535 0.895953417 0.700209379 0.0404052138
    0.974028289 0.18695429 0.735323906 0.984615088 0.228247076
    0.716678917 0.468254656 0.311816782 0.664553642 0.922905087
    0.379018605 0.373288631 0.443316221 0.468015313 0.608629525
    0.132819086 0.233915955 0.284160674 0.709844232 0.648753583
    0.0842505097 0.752913952 0.29577899 0.451727092 0.722991347
    0.531170964 0.0672790706 0.513754666 0.670682609 0.896075726
    0.486804873 0.0804136992 0.742711782 0.147452861 0.455256373
    0.763077736 0.164867282 0.253825575 0.974433124 0.309874266
    0.31521225 0.790790677 0.450183183 0.0110563934 0.482651889
    0.767465591 0.0899339914 0.380976111 0.0128290355 0.580910623
    0.596642792 0.648914397 0.712519228 0.627128065 0.953260303
    0.00582191348 0.877739012 0.930846453 0.0221031606 0.235115439
    0.405099183 0.157277375 0.934603453 0.632231474 0.234299451
    0.891088009 0.605874002 0.61341244 0.74429369 0.429884493
    0.792143047 0.411898017 0.154917538 0.192006499 0.313364536
    0.591433942 0.829419494 0.473697901 0.843144536 0.224604994
    0.258082867 0.312593222 0.767042756 0.139510959 0.667311549
    0.342078358 0.833432913 0.375840247 0.788666368 0.411735773
    0.048361361 0.954625845 0.858370185 0.773482382 0.574858189
    0.358555377 0.227984726 0.821409702 0.261383712 0.700579166
    0.474078059 0.244172305 0.201341212 0.543793499 0.20423165
    0.791887164 0.346090019 0.336923122 0.468572021 0.831010878
    0.646744132 0.457268238 0.629392743 0.303678811 0.544355333
    0.562327623 0.547356248 0.948088944 0.171836376 0.204583675
    0.482628345 0.0293716788 0.627347231 0.430097401 0.577919066
    0.619178474 0.858177066 0.363523901 0.691271961 0.793127537
    0.686367691 0.694393396 0.592882156 0.136309206 0.603636682
    0.628730893 0.285004199 0.986204684 0.0782263875 0.868212938
    0.0116179883 0.00437828898 0.337060928 0.63217634 0.374656975
    0.684806347 0.489821851 0.498431206 0.587986231 0.793488383
    0.192330718 0.991790652 0.538039625 0.553812742 0.655234933
    0.49028641 0.0915498137 0.616915226 0.183354288 0.939290762
    0.371287763 0.834020376 0.586064279 0.640535593 0.916705132
    0.893512547 0.730761826 0.417639673 0.998242021 0.862757504
    0.335755616 0.58402735 0.447351754 0.858122587 0.188121617
    0.205781519 0.85501647 0.759195268 0.459254444 0.80052495
    0.980929375 0.571814954 0.167668104 0.146845937 0.962886572
    0.751469076 0.169137925 0.106775641 0.916169405 0.899809122
    0.350131691 0.675729036 0.510688901 0.0606623888 0.292561591
    0.0697079599 0.182738751 0.392168939 0.779084206 0.145038933
    0.313043594 0.527592301 0.830970764 0.306761622 0.357878506
    0.408273458 0.299770415 0.194726318 0.339333147 0.282486171
    0.177529752 0.326588452 0.793233037 0.0517667532 0.192676187
    0.38957867 0.70921886 0.758543074 0.811684847 0.239859253
    0.523198724 0.0328629613 0.272985578 0.803924203 0.652291596
    0.817230105 0.239203066 0.676454186 0.857989669 0.129412621
    0.907131493 0.456270933 0.0451136529 0.409571081 0.208515525
    0.462620616 0.604235828 0.171772838 0.136228979 0.0697413683
    0.209403634 0.387847781 0.280561537 0.939086676 0.722037911
    0.804600477 0.985057592 0.820193827 0.4638834 0.41178146 0.494341046
    0.881132007 0.834081769 0.232044011 0.744521022 0.304274738
    0.786489844 0.133839399 0.270926595 0.878154039 0.471946359
    0.042744875 0.595402539 0.540954292 0.473561585 0.379702151
    0.289607704 0.602455974 0.786244273 0.900193095 0.504641354
    0.427872598 0.597556591 0.867361248 0.00533872843 0.979127169
    0.943071425 0.325611591 0.475900292 0.56873697 0.753827631
    0.605615973 0.291575253 0.472773224 0.555519223 0.91847384
    0.693742871 0.976841092 0.878240347 0.781994462 0.690608323
    0.242097706 0.0292640626 0.493412405 0.432484806 0.836993814
    0.334975064 0.50245136 0.409054786 0.0485330224 0.415718615
    0.875196099 0.0308718979 0.342817307 0.47353971 0.438341707
    0.585235238 0.535351336 0.286040932 0.280189008 0.0677297413
    0.0461253226 0.540370524 0.564100802 0.395555645 0.0913543105
    0.835005999 0.954594254 0.0634606779 0.460669041 0.382439315
    0.582385719 0.0448207557 0.0722725093 0.547191799 0.937096119
    0.909920931 0.602146924 0.467178226 0.792849779 0.872847974
    0.998272657 0.963470578 0.0674838722 0.823422313 0.613899589
    0.143446475 0.101624072 0.672585964 0.75100255 0.733479977
    0.627688348 0.549780965 0.372853518 0.394814551 0.21870333
    0.497496158 0.415179729 0.623215914 0.355901122 0.147179186
    0.626584172 0.343502671 0.684009314 0.124613404 0.871778131
    0.026833415 0.716945529 0.48085025 0.371214867 0.597536206
    0.948488474 0.488618881 0.254919112 0.307338744 0.20474124
    0.945107996 0.10455361 0.747529745 0.239704669 0.298174471
    0.618937135 0.762518644 0.181349337 0.935324907 0.540278971 0.167714
    0.924170732 0.905137479 0.456747174 0.437142462 0.181658953
    0.0157783329 0.0980094671 0.586579025 0.54813236 0.977308273
    0.983578563 0.03650105 0.207702637 0.355835855 0.192851782
    0.340649575 0.974131584 0.036429435 0.974387884 0.38020736
    0.567812681 0.293084621 0.111378163 0.474173009 0.743463755
    0.825009465 0.315422416 0.103842348 0.981659055 0.107176214
    0.00647315383 0.239058703 0.61431241 0.341367662 0.493839681
    0.75190258 0.210099816 0.739574015 0.237577468 0.641960382
    0.56880939 0.055049479 0.63552773 0.247519314 0.697611094
    0.120753914 0.999817371 0.473293513 0.525497854 0.641063333
    0.908745289 0.00830024481 0.702639163 0.917877316 0.594594538
    0.612398088 0.175741851 0.69925642 0.815501332 0.176269621
    0.860140145 0.617884457 0.0526632369 0.0948484242 0.324271679
    0.192900032 0.685695767 0.804332435 0.0779425204 0.56404531
    0.089790076 0.735201478 0.189329445 0.736649513 0.813549876 0.983989
    0.372694671 0.465449691 0.480569094 0.388024807 0.0500603616
    0.726157486 0.883180678 0.00330978632 0.522087157 0.548234463
    0.335957229 0.378200084 0.327990651 0.896659017 0.189078003
    0.794959188 0.647753358 0.621322572 0.409681559 0.791924894
    0.79473722 0.0592663288 0.193437815 0.0501785874 0.965409279
    0.865022242 0.817686796 0.743485034 0.129134536 0.0803171992
    0.191657424 0.688297093 0.478236347 0.693551064 0.268622458
    0.452243268 0.442192316 0.401841283 0.792786479 0.3981058
    0.331183046 0.451578081 0.351899326 0.731426954 0.252027482
    0.510014117 0.878031135 0.0541763306 0.620157778 0.590737224
    0.141010821 0.58977145 0.400664151 0.895239115 0.332861215
    0.00921684504 0.478917778 0.838708639 0.461406589 0.0895781517
    0.821971893 0.533870161 0.260322005 0.232168138 0.945941687
    0.928237617 0.2385104 0.307558358 0.911950707 0.718543649
    0.209690064 0.699634969 0.328331709 0.730095565 0.594168544
    0.616580784 0.485093147 0.907599807 0.690312803 0.0715878606
    0.603115141 0.780921042 0.0320982337 0.418744534 0.47481814
    0.631815612 0.216970325 0.160022706 0.735066354 0.695382416
    0.819538116 0.975916207 0.824453473 0.450406015 0.318518162
    0.298886061 0.606789112 0.759116232 0.680375934 0.872699618
    0.60378319 0.472639173 0.630642414 0.514124274 0.830031753
    0.0129283667 0.498629749 0.0807091296 0.886394382 0.130974531
    0.571556985 0.376047969 0.226048261 0.372347593 0.291472673
    0.816262007 0.896441817 0.482250482 0.553017914 0.941661 0.138919711
    0.325503707 0.897176623 0.840430975 0.138615876 0.213105947
    0.433102876 0.0429712236 0.50314796 0.340710729 0.561324477
    0.827858567 0.68646431 0.609862506 0.815790355 0.602261245
    0.375075161 0.0642193556 0.537843347 0.291177303 0.151365221
    0.709180117 0.915422618 0.00309467316 0.613251269 0.42462796
    0.169787794 0.730941832 0.451210707 0.504544377 0.924555838
    0.797477961 0.230331182 0.894775867 0.782557249 0.25628379
    0.873473167 0.422077388 0.491133034 0.360532016 0.711882412
    0.633860111 0.270251393 0.220095187 0.719752252 0.409052849
    0.666333914 0.902945876 0.536528468 0.876382232 0.0918380022
    0.948015094 0.828431726 0.997177541 0.162887752 0.393436074
    0.595813513 0.690636873 0.421403438 0.431833774 0.179455727
    0.0864191949 0.16025579 0.959205031 0.230422556 0.840662479
    0.222695708 0.515818834 0.353759557 0.267496347 0.123451561
    0.815427959 0.662770927 0.852894604 0.503847063 0.920694172
    0.966921806 0.483898282 0.816074133 0.719696164 0.290867329
    0.596851051 0.801566303 0.898923993 0.395432144 0.470064431
    0.545361221 0.819223225 0.312114 0.264434278 0.478796303
    0.0433172584 0.928575993 0.0199519992 0.349378169 0.843464375
    0.144639075 0.923214436 0.340970457 0.302322179 0.591269374
    0.604023397 0.22610265 0.473053128 0.972405314 0.235094696
    0.0685790479 0.672653198 0.834995508 0.938480139 0.511750937
    0.353391171 0.182652801 0.347019434 0.0440517664 0.338280022
    0.995586872 0.400273144 0.574892581 0.714635074 0.856743455
    0.47939232 0.240053028 0.862553835 0.65281719 0.191438943
    0.829153419 0.47842595 0.643903852 0.693080068 0.854830384
    0.639002204 0.354541838 0.200794697 0.813792229 0.0760755241
    0.478134274 0.71297121 0.56344986 0.195213228 0.642721951
    0.357409596 0.343937755 0.847722888 0.499503613 0.723136902
    0.87010932 0.530121982 0.976207256 0.448105305 0.00950568914
    0.727268159 0.927441001 0.633336544 0.031399101 0.599502385
    0.755654931 0.582696319 0.225310266 0.215243042 0.541976333
    0.0631534159 0.263269454 0.689868808 0.52323699 0.158420295
    0.510996461 0.868201733 0.975068569 0.898073912 0.315840423
    0.98904407 0.783380747 0.864901304 0.22107929 0.831094623
    0.322006464 0.0481798947 0.125142664 0.377640069 0.113826245
    0.551399469 0.855279088 0.319047838 0.761820793 0.390514374
    0.348922968 0.789436579 0.545333564 0.693125844 0.0120431781
    0.851406455 0.680043936 0.0427924395 0.507760346 0.421187639
    0.437321782 0.791500568 0.543074071 0.0331637263 0.525889337
    0.69499141 0.356396854 0.517001927 0.316184223 0.655546308
    0.602125883 0.482843041 0.166164339 0.114413679 0.100260913
    0.827340007 0.0122526288 0.460419357 0.0852959454 0.559386075
    0.639693856 0.273400396 0.539242864 0.0749290586 0.502763391
    0.520295501 0.551437438 0.365475655 0.187487662 0.747391224
    0.0396033227 0.349558115 0.0777498186 0.828166723 0.998758793
    0.147991091 0.999685287 0.229056478 0.719537258 0.364524066
    0.673661947 0.832023859 0.860404968 0.572621346 0.777917385
    0.594878435 0.124629617 0.588806868 0.184971184 0.5392012
    0.820454478 0.507221341 0.989403367 0.468465239 0.880770981
    0.823447108 0.0737811029 0.517043531 0.840778351 0.812404931
    0.02486974 0.91874814 0.719118476 0.333226204 0.804509759
    0.903339982 0.0768185556 0.118965775 0.188941509 0.814132452
    0.392392486 0.0950165391 0.17626968 0.105582803 0.0947646201
    0.274624735 0.427819073 0.694806516 0.281539738 0.23161456
    0.578991652 0.623830438 0.384522587 0.116892725 0.575292528
    0.958004117 0.488345772 0.556494892 0.0391636789 0.527384281
    0.0902742445 0.114586294 0.0919866264 0.188980371 0.65036732
    0.814058185 0.86914748 0.470524967 0.760440826 0.318334967
    0.0728646815 0.555782557 0.295330882 0.0369713902 0.482601225
    0.205239922 0.0364588201 0.0557663739 0.854918063 0.303784221
    0.379220843 0.744484901 0.0343237817 0.611723661 0.768930316
    0.0405645669 0.585914791 0.726438761 0.940823793 0.204803973
    0.861476183 0.253290236 0.269800007 0.164603859 0.396492809
    0.00881779194 0.128201872 0.545230627 0.589552581 0.31666562
    0.506741405 0.724449635 0.856357574 0.949936271 0.766077399
    0.729886055 0.14545086 0.0372938514 0.577298999 0.431418598
    0.183328807 0.937235653 0.347709537 0.484848559 0.356294036
    0.137429684 0.0367351174 0.61074847 0.251507461 0.589425325
    0.64016813 0.920540571 0.746568322 0.31295532 0.592986703
    0.575665534 0.751197696 0.843911886 0.433916509 0.798912585
    0.598739266 0.110716224 0.0548532307 0.257455081 0.12554127
    0.107013941 0.194895297 0.445603698 0.422170281 0.453085124
    0.61221838 0.146819055 0.482540399 0.541380405 0.614487112
    0.152042657 0.661466837 0.464196146 0.441118628 0.849599123
    0.668576717 0.664059877 0.865055799 0.499760807 0.337738484
    0.275481969 0.354664862 0.176810294 0.287828803 0.544644713
    0.0916917622 0.00707572699 0.506911933 0.612734973 0.340668082
    0.04932639 0.581165314 0.645384014 0.5082708 0.854515672 0.403721303
    0.20769617 0.876411796 0.372379482 0.845708013 0.605932057
    0.67474246 0.585711002 0.419978261 0.51796788 0.548446596
    0.858193874 0.359125465 0.934422135 0.882866025 0.944565952
    0.193994552 0.966351092 0.837851644 0.0186182559 0.120548636
    0.136308789 0.83633101 0.774064064 0.22917223 0.953912914
    0.100265861 0.0735013783 0.137431085 0.276391476 0.485065371
    0.162179679 0.930549741 0.112081468 0.918443918 0.389999747
    0.0725336671 0.701843619 0.0768866539 0.932708502 0.964393497
    0.369436204 0.802116394 0.76406306 0.444936037 0.00177881122
    0.572866082 0.642234504 0.267126024 0.608241141 0.907447278
    0.338701427 0.823906302 0.394939393 0.113284618 0.186835468
    0.602973819 0.607988656 0.618079007 0.05466187 0.721525609
    0.294410527 0.810285091 0.485659301 0.395168424 0.206027538
    0.319171935 0.311991394 0.334979355 0.184966415 0.909289896
    0.0241072774 0.709869742 0.795459986 0.678442419 0.695692301
    0.728401601 0.835569263 0.805345058 0.480551839 0.640977502
    0.285061896 0.68302685 0.0947739184 0.975764334 0.286084592
    0.413016975 0.559205234 0.00124317408 0.975322843 0.939132571
    0.29451403 0.410617292 0.445683569 0.179084122 0.375069588
    0.987985373 0.544957459 0.286345989 0.895782351 0.983179271
    0.978562653 0.372427285 0.189501971 0.833837688 0.71454519
    0.111898631 0.878586769 0.170715243 0.176972121 0.718322873
    0.704623878 0.41579172 0.381274283 0.547367334 0.191771299
    0.251057088 0.761197209 0.666107893 0.658837557 0.703942835
    0.981502056 0.979476452 0.0398114026 0.691006899 0.558291018
    0.352426291 0.666148365 0.90436399 0.855863631 0.223383367
    0.968025327 0.0232739747 0.0973177552 0.077649802 0.13204667
    0.368984908 0.709551632 0.177664638 0.463768095 0.43350929
    0.733254015 0.497968942 0.342034757 0.880632162 0.78194201
    0.342976391 0.971342921 0.861277044 0.115824759 0.24184972
    0.887465715 0.76917994 0.796369076 0.182628125 0.512392581
    0.666601419 0.590026379 0.738421082 0.0626749992 0.414562225
    0.136579722 0.276704073 0.805554688 0.642809749 0.340943992
    0.120747626 0.835790753 0.649257541 0.344314098 0.295174032
    0.655118167 0.941092491 0.0636141896 0.790105104 0.952391148
    0.496062934 0.856243014 0.681642473 0.0785418749 0.903029442
    0.407519937 0.788794994 0.472480804 0.953939199 0.196885735
    0.576477826 0.880320311 0.485547364 0.673603714 0.492236525
    0.122839361 0.701058149 0.821359992 0.369671136 0.841986537
    0.958609402 0.995701671 0.857363582 0.744502664 0.831360698
    0.1993815 0.595378041 0.530190945 0.461286575 0.81317693 0.970170379
    0.674606562 0.854506075 0.942882776 0.503427982 0.58196485
    0.733298898 0.875820994 0.167398989 0.962136805 0.997784257
    0.50940913 0.535935879 0.320996761 0.515529335 0.591504276
    0.530429482 0.854458094 0.390893459 0.84027487 0.386912346
    0.919423699 0.513060987 0.175257087 0.711274385 0.968378901
    0.770235121 0.253159463 0.512067139 0.630184889 0.783220589
    0.202365249 0.435979694 0.838329434 0.0042244494 0.282299161
    0.385664046 0.272063315 0.833936751 0.826864123 0.571780086
    0.836920261 0.0453193486 0.232480913 0.105743289 0.824309349
    0.388311327 0.528279543 0.607522249 0.949277222 0.239855677
    0.619297504 0.968521476 0.0173630118 0.327287495 0.729320884
    0.35094738 0.832283735 0.0176062584 0.489345551 0.75629437
    0.717379868 0.0266927779 0.00952669978 0.840962291 0.217870981
    0.979373813 0.707566977 0.964182973 0.489240944 0.642965734
    0.194763184 0.634778202 0.658368587 0.124679625 0.390940964
    0.232159674 0.852134347 0.67428863 0.983536601 0.333906114
    0.795600891 0.174157619 0.299991012 0.534708858 0.862189174
    0.729309142 0.730082393 0.140506774 0.731033683 0.0715819597
    0.189608961 0.388696849 0.78778559 0.963969111 0.983389735
    0.280593634 0.244876713 0.571264029 0.902436316 0.42655164
    0.292171299 0.13481012 0.436802477 0.196297675 0.476950437
    0.235496789 0.203107029 0.409211993 0.180413246 0.0462364852
    0.2215918 0.0402435064 0.0894064605 0.671314597 0.444354355
    0.0827358365 0.446919352 0.211965114 0.14905858 0.172101319
    0.216189325 0.286460459 0.0706893504 0.963643074 0.10149166
    0.353614688 0.910431981 0.72743398 0.488022268 0.607031584
    0.379220456 0.642431974 0.362978995 0.482447565 0.713251114
    0.716901302 0.964011908 0.326281577 0.792680621 0.974761963
    0.506283879 0.812137127 0.547173798 0.66787976 0.339238703
    0.988618851 0.541652381 0.136676788 0.685198545 0.741320252
    0.599953651 0.791402698 0.617951274 0.339862674 0.899938762
    0.665189266 0.194170773 0.224041879 0.534261465 0.630393147
    0.607390821 0.258373618 0.500144362 0.782554209 0.520965934
    0.943980396 0.0380876958 0.624146819 0.779090762 0.819185495
    0.291350186 0.542494178 0.415743291 0.985121548 0.604426563
    0.683235466 0.688738167 0.11121428 0.885626018 0.920207918
    0.73921901 0.039589107 0.0462543666 0.397472709 0.0647862554
    0.0155883431 0.866313219 0.404522926 0.652002692 0.375494212
    0.656238914 0.612692237 0.196978062 0.663858414 0.744547367
    0.254588187 0.306986749 0.911391377 0.37735492 0.546086609
    0.900730491 0.742035985 0.323273212 0.156078815 0.0724900961
    0.203231066 0.791624784 0.906205297 0.53658098 0.199211389
    0.434307694 0.145230591 0.455972314 0.715224266 0.404024154
    0.455616057 0.122814238 0.542315781 0.838204443 0.362915367
    0.415891379 0.0151343048 0.741509736 0.751921892 0.00872510672
    0.0837516785 0.0171538889 0.655770957 0.988842547 0.533328414
    0.666053295 0.754854918 0.958261847 0.0081910789 0.502419591
    0.330031484 0.0367662311 0.230342507 0.775413811 0.355168998
    0.42054975 0.420335591 0.17287156 0.51715225 0.177989125 0.542794526
    0.0484730303 0.149980932 0.668793142 0.435607851 0.274608314
    0.573455274 0.601688027 0.194328547 0.815071404 0.951602459
    0.242311507 0.59344995 0.837735057 0.31208083 0.548783958
    0.951904058 0.0152950883 0.237587899 0.692439377 0.228250533
    0.158500433 0.979073882 0.611624062 0.36113137 0.376196057
    0.378230095 0.0966770053 0.790937424 0.902925968 0.0434735119
    0.163735479 0.18366158 0.906774342 0.0120016038 0.537153661
    0.351552218 0.975735545 0.393458873 0.12122485 0.366827607
    0.855965078 0.21729368 0.604710758 0.216978133 0.782636642
    0.560908377 0.298834711 0.650624037 0.265662342 0.0331477523
    0.836178422 0.43858093 0.00291973352 0.00564706326 0.577394187
    0.614549398 0.144131571 0.497694403 0.544540763 0.412243277
    0.0763992965 0.139487147 0.111685008 0.570297956 0.896149993
    0.609098315 0.0518959463 0.880246341 0.45281896 0.375778407
    0.861201108 0.331831038 0.133051187 0.41178304 0.0385546982
    0.0929757655 0.0584312975 0.298813522 0.686223865 0.110330075
    0.091480881 0.469362527 0.122090012 0.0927380025 0.412944108
    0.733872533 0.721342921 0.319047958 0.823654771 0.519217074
    0.188888729 0.826266527 0.850548029 0.940734029 0.734235883
    0.453998208 0.640196264 0.778554082 0.8195858 0.231390476
    0.138357669 0.0576932728 0.164351553 0.108602434 0.119529426
    0.786305964 0.732645869 0.493658066 0.073344022 0.811516762
    0.0864751637 0.727813601 0.22746563 0.818118215 0.656713128
    0.535452604 0.429200232 0.692274094 0.0470836759 0.203220427
    0.992124796 0.924867809 0.75016129 0.342863023 0.326318443
    0.726354122 0.422479689 0.770167828 0.0579893291 0.38796553
    0.578835368 0.887668252 0.491257727 0.862178326 0.654020607
    0.0950828195 0.675848961 0.630259275 0.378335148 0.201041222
    0.0225212574 0.896868348 0.600627899 0.212343246 0.406845689
    0.0286150575 0.789529681 0.420313001 0.871428013 0.518613696
    0.149427056 0.526758015 0.584875405 0.401275545 0.0631609559
    0.630554438 0.471755087 0.903860509 0.815097213 0.0625742376
    0.428864211 0.905141473 0.14268139 0.763307154 0.378465205
    0.481629401 0.857569158 0.9932639 0.963871956 0.676731348
    0.528126478 0.553130329 0.666285992 0.818857014 0.507858276
    0.441616446 0.525890708 0.726759315 0.594977379 0.669295073
    0.31060648 0.964115977 0.344748974 0.881397128 0.158376038
    0.0116231143 0.0959247053 0.559893548 0.00294846296 0.561063707
    0.348393261 0.127429008 0.728688121 0.191815376 0.712456226
    0.678069413 0.043426156 0.100407988 0.633575678 0.347322285
    0.622050226 0.577615201 0.330832839 0.157786936 0.608494759
    0.692325413 0.712988138 0.364845872 0.726782382 0.411341757
    0.378087193 0.708495915 0.303166986 0.891460538 0.200355411
    0.487186521 0.515528679 0.607718885 0.543433547 0.465329885
    0.625041366 0.553558469 0.065143466 0.912763476 0.734607816
    0.965052605 0.405697793 0.562452972 0.401357919 0.503358126
    0.407573164 0.116781861 0.778527141 0.338686287 0.323371947
    0.650692821 0.993301213 0.0964121521 0.911785126 0.0918224752
    0.329838276 0.361551702 0.153935015 0.106779426 0.202386558
    0.814941645 0.436876953 0.87484467 0.471997797 0.602158189
    0.535023868 0.532801151 0.065864265 0.631729007 0.534909546
    0.657822728 0.493173629 0.286592841 0.271919131 0.203408152
    0.436336637 0.317517042 0.333873451 0.734106183 0.199575514
    0.48685199 0.560022533 0.290032566 0.128137976 0.203041106
    0.392778337 0.645724356 0.27174449 0.587259948 0.868543684
    0.648226261 0.372177035 0.208202392 0.663951993 0.252966285
    0.256421447 0.0521750748 0.314568371 0.303055823 0.181777865
    0.674627304 0.708754897 0.0419643521 0.618369102 0.776838481
    0.288842082 0.530054808 0.724471211 0.721270978 0.661381066
    0.775877237 0.600274205 0.957225204 0.481101513 0.17164132
    0.373637766 0.589643836 0.264422894 0.486991674 0.520415187
    0.0277398229 0.0972839892 0.238393992 0.320942223 0.0621300936
    0.346563041 0.37934643 0.0972912908 0.515949368 0.943274021
    0.999211907 0.946241677 0.442553103 0.696977139 0.5062415 0.7641716
    0.926868916 0.215219289 0.309448481 0.417901754 0.0671288967
    0.381506592 0.339799196 0.486172795 0.965533078 0.989958465
    0.0699274838 0.454996169 0.827650189 0.891821623 0.185701162
    0.889002502 0.653676629 0.7944839 0.99710685 0.832535863 0.135671914
    0.14090687 0.900798917 0.595620394 0.246708512 0.306192994
    0.125124663 0.185586393 0.775169432 0.374337137 0.994191885
    0.514886081 0.211981654 0.590898812 0.550020278 0.256466329
    0.182452738 0.623206198 0.196574867 0.506662369 0.346379519
    0.285983533 0.199783295 0.384908527 0.976789951 0.954004109
    0.722075284 0.792831302 0.944537878 0.543977261 0.533963084
    0.0950651765 0.388820469 0.348600209 0.975283742 0.0907108188
    0.890570045 0.811764002 0.0588058829 0.463588804 0.0985526145
    0.139385968 0.126565337 0.668149233 0.776042938 0.522012889
    0.783782721 0.383707404 0.537952304 0.0990660191 0.957541406
    0.416950017 0.0310122967 0.919298589 0.297039777 0.803906918
    0.627247036 0.413474828 0.381055743 0.459917665 0.471726 0.968401015
    0.795731008 0.580953181 0.751438022 0.705066979 0.810111761
    0.909871697 0.929694414 0.282575548 0.369442046 0.286437035
    0.123864651 0.406439006 0.83762747 0.900941193 0.00480780005
    0.623203754 0.383306414 0.771240175 0.829691172 0.388919264
    0.891505897 0.257316053 0.521408796 0.412091672 0.148269564
    0.121390462 0.342391968 0.442970335 0.284943402 0.401085794
    0.793779254 0.662446201 0.576550066 0.00504222512 0.955267787
    0.704880834 0.314836204 0.184182137 0.660681784 0.472049773
    0.667401314 0.67742151 0.352724463 0.0621209741 0.524105787
    0.759464741 0.0146586001 0.213992387 0.21009931 0.59850353
    0.780907154 0.333665699 0.580313087 0.303916514 0.0954453349
    0.178902805 0.306322992 0.451868325 0.949326515 0.613956571
    0.91665566 0.353613019 0.0694637299 0.468612939 0.281250715
    0.857643247 0.328995973 0.498561025 0.807163119 0.328549743
    0.117088288 0.397433341 0.136153072 0.327037364 0.43849805
    0.72929889 0.458622485 0.358183444 0.576423228 0.412949085
    0.452630341 0.649929762 0.853905916 0.419151932 0.317904353
    0.34178853 0.153400898 0.695860624 0.453012943 0.269601107
    0.0998385251 0.689296544 0.716466606 0.886555016 0.225227892
    0.23032406 0.296151966 0.817563176 0.203564346 0.753705263
    0.374751598 0.0572356284 0.948210239 0.390299529 0.0665145814
    0.231791854 0.0228638947 0.466200322 0.747482061 0.293779373
    0.371095717 0.334007502 0.588397861 0.229878843 0.191308677
    0.307984263 0.795688987 0.04792732 0.17473641 0.307712138
    0.913850844 0.511085391 0.756155729 0.604008794 0.873525262
    0.13840124 0.467633128 0.0635815263 0.52099514 0.48169741
    0.148320109 0.00648570061 0.278003037 0.79499346 0.803345203
    0.77243638 0.0866296589 0.148210347 0.779299855 0.498969853
    0.111383736 0.522059858 0.919521749 0.441481203 0.593944371
    0.848827302 0.943461061 0.310400158 0.238240987 0.10802108
    0.811414599 0.904883385 0.141881257 0.732294321 0.257070363
    0.888090789 0.93202734 0.939782023 0.186523765 0.857767761
    0.485247612 0.536539793 0.396481067 0.197635829 0.776331961
    0.0380109251 0.605608761 0.0618614852 0.0936569571 0.168166637
    0.168583691 0.641936898 0.976498842 0.751183748 0.0763904452
    0.214301378 0.337295353 0.815484762 0.046979934 0.637465835
    0.936811328 0.485355318 0.581121683 0.8556633 0.0131342411
    0.0235833526 0.667748213 0.368679404 0.946076393 0.551647484
    0.851067424 0.395622581 0.460290521 0.138458669 0.302522123
    0.0173676312 0.962357521 0.703871012 0.909842849 0.863400459
    0.983774543 0.229529053 0.171857566 0.713713825 0.966745436
    0.797780752 0.588995993 0.272308558 0.527863681 0.774154544
    0.616027117 0.0790535808 0.620219648 0.871078312 0.289346516
    0.193785667 0.145127714 0.15872246 0.92213577 0.811616063
    0.202782422 0.754837036 0.138017565 0.217211813 0.913932085
    0.484267652 0.474824429 0.757112861 0.54348433 0.568963051
    0.137751341 0.138332427 0.499862909 0.416268021 0.0375966728
    0.918076873 0.141094178 0.122177899 0.959449351 0.0017837584
    0.744141877 0.00589987636 0.392170697 0.548553526 0.848667145
    0.281404972 0.273442209 0.676043868 0.923027396 0.0825428963
    0.899013877 0.0831325948 0.465279698 0.271338999 0.831892312
    0.0383913815 0.121317774 0.400712639 0.232340723 0.113108844
    0.11466065 0.27320233 0.996544242 0.606388092 0.668562651
    0.267990559 0.898872554 0.0132319927 0.138296455 0.829721808
    0.371195734 0.336188942 0.710262954 0.821265697 0.57201755
    0.564893007 0.0672975183 0.452737659 0.914839685 0.480676889
    0.615383863 0.337504804 0.351509333 0.750822783 0.918761432
    0.124855459 0.805553436 0.963412404 0.0331178904 0.00846868753
    0.0703551173 0.430250883 0.773999572 0.173753053 0.0849629045
    0.756366074 0.743782401 0.218765199 0.761006236 0.732441425
    0.579102516 0.742905021 0.0298904479 0.0286926627 0.502159894
    0.989316583 0.644559264 0.947562695 0.0427218974 0.573950887
    0.241732389 0.648129642 0.943790913 0.633540273 0.421593875
    0.444050282 0.259215534 0.640766144 0.666870654 0.691234827
    0.921578169 0.834801376 0.185401917 0.246448219 0.525993586
    0.812156677 0.236293107 0.410046905 0.0849159956 0.969649792
    0.933050871 0.225796521 0.880363166 0.0786009729 0.991068244
    0.180347592 0.602392733 0.581754446 0.995715737 0.652144194
    0.0401936471 0.930456638 0.0497964323 0.00945454836 0.714931309
    0.0848035514 0.855036974 0.70086503 0.563171625 0.724213839
    0.441723555 0.10577774 0.809107423 0.672914624 0.788739085
    0.994526982 0.677977741 0.228639722 0.909382641 0.00734245777
    0.969338775 0.0947040617 0.879356623 0.710987329 0.126409352
    0.392326236 0.789905012 0.908527851 0.91799736 0.377798289
    0.0901559889 0.63176465 0.532715738 0.431271672 0.369227141
    0.841003001 0.10683316 0.871877849 0.496298015 0.333490074
    0.0707363188 0.484019756 0.838493764 0.998525858 0.913477421
    0.632370591 0.27588594 0.268225431 0.264686286 0.431832701
    0.934656382 0.767675519 0.621888518 0.623302937 0.0293179452
    0.154208481 0.645445287 0.207521707 0.430977464 0.817205787
    0.75749892 0.219854772 0.447330773 0.68047297 0.702191472
    0.837073207 0.620312214 0.864110351 0.948032498 0.266301304
    0.374241918 0.314525932 0.684027195 0.224586576 0.502333343
    0.344332755 0.0480654836 0.018470794 0.084156692 0.622812867
    0.70050621 0.696853638 0.206089139 0.965695739 0.095859319
    0.984893084 0.891951382 0.223447531 0.942774773 0.840276003
    0.169662356 0.593774021 0.0244340897 0.781011343 0.747218132
    0.748689353 0.988577068 0.0325081944 0.798483372 0.329927862
    0.55846715 0.432026565 0.101119101 0.334669948 0.329989821
    0.708044648 0.304213107 0.394472301 0.556507647 0.480686009
    0.666270375 0.451478451 0.500974774 0.360605359 0.761394858
    0.525575101 0.633443892 0.397885799 0.511001527 0.391103536
    0.919045091 0.914748251 0.287874043 0.827675939 0.274485826
    0.156395614 0.560382783 0.191838712 0.606387377 0.586526871
    0.871962309 0.454976618 0.392303914 0.321232557 0.176041722
    0.905513406 0.95250392 0.683563828 0.507995963 0.700515628
    0.857844472 0.590700209 0.0677324235 0.126063347 0.088611573
    0.603190601 0.235033602 0.308463395 0.575339496 0.742347121
    0.477380008 0.799759626 0.139074177 0.342697442 0.132074386
    0.97362721 0.53370297 0.628517509 0.551150501 0.469830483
    0.211600959 0.701948106 0.108495176 0.347586721 0.553740978
    0.566817522 0.874142766 0.536055028 0.304569721 0.617252946
    0.264438689 0.277823389 0.189729452 0.848251045 0.919989288
    0.821070671 0.404638767 0.979128122 0.687638819 0.176470786
    0.281111419 0.286271214 0.654099286 0.616097808 0.80315274
    0.321445644 0.456035852 0.833664775 0.0902851522 0.814816713
    0.807745695 0.576089323 0.460377663 0.159171283 0.119196862
    0.476852179 0.590935588 0.155174822 0.607368469 0.432879925
    0.470898002 0.307511806 0.364813864 0.856914163 0.374975294
    0.811765552 0.484417707 0.478323936 0.412576884 0.613585293
    0.8858006 0.856294692 0.218275994 0.377802968 0.574065387
    0.521305501 0.315011144 0.577331185 0.254657924 0.570767403
    0.627752244 0.46246168 0.0762981772 0.188260943 0.013597399
    0.119571924 0.0245392621 0.43277961 0.246458203 0.420740783
    0.160710692 0.398848355 0.0161876082 0.550690949 0.146585912
    0.91538322 0.091479212 0.22624895 0.935734868 0.281672418
    0.814930558 0.463912904 0.758488536 0.406268418 0.536410511
    0.141587347 0.555355072 0.570105672 0.0386240184 0.240694553
    0.0137077272 0.637288332 0.693046212 0.758559585 0.685405552
    0.0361593068 0.427567452 0.591538489 0.0542387664 0.555793345
    0.578960359 0.519622326 0.448052049 0.0288822651 0.841215849
    0.978136063 0.909365773 0.843633294 0.1282655 0.883710861
    0.896641314 0.433560252 0.189043254 0.720979571 0.997167587
    0.891024828 0.304996192 0.182665527 0.648274958 0.822636724
    0.53166908 0.55269444 0.664062142 0.191286445 0.462547481
    0.775567174 0.879899621 0.0531415641 0.0450039804 0.910704374
    0.0158183575 0.558240294 0.654083073 0.957242727 0.388370931
    0.293104053 0.113502562 0.517544031 0.654136419 0.341858953
    0.235362381 0.420747668 0.174287081 0.432315737 0.074914813
    0.0707412958 0.515281081 0.981291294 0.359555066 0.423655272
    0.108253092 0.732979238 0.662434995 0.147550881 0.836322546
    0.833700895 0.57156992 0.970803857 0.746973276 0.833434701
    0.860840797 0.153018236 0.392279297 0.0394446254 0.574612916
    0.996576369 0.299185753 0.615760028 0.645037293 0.796431422
    0.573182583 0.617148817 0.168349504 0.449390113 0.687607646
    0.592675686 0.906643927 0.346803546 0.85969758 0.527024269
    0.714690089 0.170015156 0.833138585 0.9919101 0.449974805
    0.00308275223 0.640237451 0.436993033 0.0977993608 0.156581849
    0.99981302 0.551333785 0.126308143 0.229569674 0.29645735
    0.661802411 0.0172125101 0.189375013 0.819592357 0.296954274
    0.427715629 0.662926853 0.666424513 0.38621363 0.564347804
    0.741666794 0.212788999 0.620078683 0.447972953 0.675637603
    0.597852409 0.42264089 0.0798733234 0.621322513 0.912885845
    0.485140711 0.995674491 0.548262537 0.23410964 0.736274064
    0.0741644204 0.901178837 0.589267135 0.0929635465 0.197509885
    0.960937262 0.308146477 0.339028716 0.447946876 0.680246115
    0.465026855 0.572004974 0.670630634 0.949515343 0.995696783
    0.271056861 0.310143054 0.510559022 0.178265274 0.537459552
    0.858741581 0.954566598 0.495926321 0.834298253 0.651611328
    0.292595565 0.231833905 0.260512888 0.862564087 0.138244808
    0.435405582 0.147276759 0.57810092 0.754720092 0.88205564
    0.732872605 0.596930683 0.181835175 0.730285466 0.140501618
    0.829544187 0.752797306 0.880879045 0.793657303 0.0993153155
    0.539393127 0.783789039 0.495273739 0.00865054131 0.140960664
    0.422134936 0.207459241 0.817276955 0.148792773 0.9590801
    0.480892092 0.424703151 0.85201484 0.50255692 0.538627744
    0.772968531 0.210146755 0.264388204 0.286109447 0.367462695
    0.460086197 0.380557477 0.166210324 0.043792665 0.612178862
    0.556877911 0.875750899 0.598897278 0.588664234 0.670615077
    0.706838727 0.0342892706 0.362688303 0.415485203 0.225679666
    0.373561561 0.838169813 0.797699392 0.814642429 0.705456853
    0.211887836 0.380596012 0.123937756 0.275418162 0.75110817
    0.402492672 0.13607204 0.318647861 0.541550696 0.469269723
    0.704487443 0.586206317 0.558227479 0.0293568075 0.862652302
    0.31488359 0.243689537 0.508642912 0.386591852 0.709788203
    0.456327885 0.107848793 0.532722116 0.867855608 0.0619137883
    0.741783381 0.283814073 0.594772518 0.0121865273 0.638983727
    0.925947368 0.453488439 0.760002136 0.291321278 0.182043552
    0.908810675 0.459041715 0.425849944 0.749039531 0.595708072
    0.961053073 0.458960295 0.336971402 0.230230868 0.819905043
    0.817315698 0.384427756 0.727743208 0.884286404 0.0250860155
    0.422404766 0.245037794 0.587988853 0.13755548 0.679612815
    0.242809653 0.110825121 0.567832232 0.456932783 0.912325382
    0.0955645442 0.795787275 0.199755907 0.22458753 0.268955201
    0.828245819 0.936325192 0.198911309 0.0723797977 0.172239959
    0.555508614 0.945698202 0.138225347 0.613102973 0.000371009111
    0.0993349552 0.234167129 0.749866307 0.60520488 0.102708161
    0.985448241 0.543486118 0.00321412086 0.99802047 0.265304476
    0.718856573 0.569931865 0.391736805 0.170629144 0.342319667
    0.781164765 0.512459099 0.181146502 0.213601381 0.293611348
    0.822696567 0.205087334 0.314509332 0.0774872899 0.00746196508
    0.913420618 0.734736741 0.778161764 0.634292722 0.2091057
    0.887535453 0.0994559228 0.639695168 0.789515018 0.491067737
    0.46693778 0.846700907 0.601309836 0.496637583 0.00905075669
    0.748397529 0.0297997892 0.608562112 0.997096658 0.0675293207
    0.50407064 0.164263248 0.925348759 0.145054668 0.51976198
    0.676522493 0.703646958 0.614386439 0.404096246 0.898607492
    0.715492129 0.903083801 0.0259465873 0.966790199 0.206640959
    0.128939867 0.54679656 0.398733258 0.84276861 0.630523562
    0.419952154 0.563354373 0.0958300531 0.958796144 0.382561207
    0.0528547466 0.452358335 0.0815962255 0.825104415 0.378183037
    0.409928262 0.696599007 0.702321172 0.369907796 0.538574934
    0.26433295 0.707387805 0.089394927 0.375744313 0.394885063
    0.652321219 0.145131767 0.984932423 0.237210363 0.0928816199
    0.0977936387 0.0548177958 0.436779916 0.613563299 0.479133487
    0.931753278 0.937114775 0.993167281 0.0394234359 0.648546398
    0.972584724 0.0333393812 0.390630513 0.372655839 0.454960942
    0.392999768 0.774083138 0.973625541 0.828318834 0.544066787
    0.930246353 0.172458351 0.673225999 0.115958124 0.257301927
    0.783474088 0.0251587033 0.916175842 0.0788111091 0.835305572
    0.464888632 0.706813395 0.510498106 0.508644462 0.383206457
    0.0928432345 0.0556511283 0.318810344 0.0120794773 0.250903606
    0.42945385 0.792440593 0.819532871 0.524396181 0.945130706
    0.511093915 0.103818029 0.845750928 0.108275026 0.0785556436
    0.635288537 0.176674724 0.745852411 0.790063977 0.0121440887
    0.292030811 0.158997327 0.350469232 0.963913321 0.648318648
    0.676983118 0.743448138 0.213749379 0.611733139 0.553038716
    0.358888924 0.806220114 0.198331147 0.124203235 0.568466365
    0.284231067 0.459067702 0.593585014 0.604637444 0.634089649
    0.542232692 0.414268672 0.360471904 0.56434381 0.222027242
    0.662335932 0.376883984 0.524829328 0.288473874 0.282707453
    0.909409106 0.238640219 0.663764715 0.850765467 0.840100706
    0.298860788 0.491464555 0.116372824 0.215888083 0.199646235
    0.222529024 0.437979341 0.814118862 0.790954947 0.486017913
    0.455096066 0.915571213 0.220253736 0.792375445 0.863308728
    0.379190981 0.0579519272 0.697277904 0.911339879 0.63943243
    0.348772824 0.252673507 0.322184503 0.840378761 0.926022887
    0.578927696 0.462328404 0.746973515 0.422293305 0.953392744
    0.744498253 0.601714373 0.37762782 0.995305598 0.899077773
    0.982829392 0.146262795 0.309508204 0.907454967 0.230314434
    0.333578587 0.595694959 0.478089392 0.526717544 0.172821373
    0.622123718 0.430105507 0.883735657 0.195010185 0.124265641
    0.261219621 0.429308116 0.862543821 0.152533203 0.81067872
    0.562893391 0.861977339 0.832495213 0.251832694 0.313861072
    0.291000605 0.243689924 0.851985335 0.668379486 0.555523813
    0.356103569 0.0125746429 0.961828113 0.50086081 0.373571455
    0.146876514 0.184570074 0.915602982 0.350651324 0.522451282
    0.779680133 0.154263616 0.469579309 0.388454884 0.0280486941
    0.330799639 0.6759426 0.5414083 0.895139754 0.0120213032 0.599571586
    0.963967323 0.701830149 0.40522629 0.535264969 0.603096604
    0.468342423 0.345077038 0.0386774838 0.0326188505 0.888411999
    0.482830256 0.51421243 0.831871629 0.115395635 0.703179955
    0.962875366 0.194128335 0.430624664 0.682661712 0.0135617554
    0.984137297 0.786830902 0.197725207 0.105396956 0.567810595
    0.17939347 0.322346002 0.140166193 0.309556305 0.930062413
    0.923633158 0.799373567 0.506011784 0.381948084 0.86689198
    0.708527923 0.950344503 0.104408473 0.773949504 0.563439429
    0.951087356 0.134280801 0.130349964 0.919905245 0.818874955
    0.434305996 0.263424873 0.0148453116 0.779489636 0.348843783
    0.58749634 0.88670969 0.818082809 0.734786689 0.603967547
    0.783379674 0.0675506294 0.937400043 0.736925662 0.722389936
    0.236036748 0.708485484 0.0458608866 0.753138363 0.491917342
    0.731617033 0.634645462 0.671856999 0.237504005 0.917980671
    0.343149304 0.404601008 0.0838960707 0.0713224709 0.00952810049
    0.12891975 0.425583273 0.766094923 0.959377706 0.247962028
    0.0955367088 0.763621509 0.774709344 0.277789772 0.94449842
    0.280123293 0.540743113 0.149704039 0.261346996 0.768153429
    0.814684749 0.41443038 0.677771032 0.636973202 0.157359689
    0.194098055 0.653532088 0.408706278 0.0544572771 0.917274833
    0.447588563 0.582698226 0.213993251 0.44138968 0.772253454
    0.0499770045 0.00423434377 0.318084478 0.71979022 0.528594851
    0.0607263148 0.26126349 0.271837324 0.524730027 0.401518226
    0.946092129 0.135570973 0.689751744 0.0110680163 0.695773959
    0.358602911 0.326342463 0.10312745 0.399313152 0.0590907335
    0.396708608 0.0581197739 0.60645622 0.499155343 0.399580598
    0.293859363 0.0147628784 0.885473907 0.635975778 0.267708391
    0.887727261 0.222945839 0.274308801 0.000864297152 0.981118798
    0.170813054 0.988489389 0.78831315 0.672526836 0.032361418
    0.641640186 0.178035289 0.494792312 0.120917022 0.617728412
    0.714351594 0.774923325 0.952147186 0.792619884 0.96871835
    0.840939701 0.0654745996 0.0926066041 0.481944621 0.644886553
    0.265068531 0.082079649 0.844232202 0.140268564 0.471511841
    0.953222752 0.0172069371 0.474323452 0.578131735 0.933552086
    0.472438335 0.827188253 0.423154056 0.0276054442 0.717674255
    0.634674847 0.242392182 0.662371695 0.867427945 0.98272723
    0.872073293 0.516232371 0.174230158 0.515740275 0.513849199
    0.714187682 0.969173312 0.521609783 0.208702356 0.0840449035
    0.877743721 0.842041612 0.874891341 0.259063721 0.893903852
    0.61563158 0.0866175592 0.885095537 0.636116326 0.727511048
    0.31199801 0.607444704 0.573865891 0.948937893 0.289318204
    0.535797358 0.278617442 0.984996438 0.90071106 0.177225947
    0.761780262 0.938836694 0.434634984 0.308577597 0.753381133
    0.909930348 0.577198446 0.475867271 0.336725891 0.482901424
    0.256168991 0.726677537 0.587791502 0.423176825 0.622817755
    0.63435936 0.00462055206 0.120017231 0.297163427 0.623431087
    0.0677750409 0.437616199 0.920150995 0.268663913 0.0333169401
    0.516375065 0.458937764 0.765992045 0.532030821 0.424284279
    0.888655901 0.210899174 0.291075528 0.685448587 0.926987171
    0.872325599 0.270506293 0.547292292 0.0778279603 0.752490461
    0.147114724 0.681302488 0.904086113 0.418414563 0.487123102
    0.701263011 0.343627095 0.114982575 0.0547600985 0.316263527
    0.766841173 0.0472381115 0.789046109 0.739744961 0.114402711
    0.492170095 0.112033725 0.889884353 0.536992192 0.0789390504
    0.648836613 0.539586186 0.91881752 0.495001078 0.923578501
    0.750363588 0.921508312 0.393619925 0.522553146 0.00718182325
    0.540434241 0.246996105 0.884738505 0.244882345 0.282570064
    0.0435031056 0.68039602 0.284513235 0.665612936 0.842019677
    0.247061133 0.133180261 0.335102022 0.734004498 0.297495127
    0.717170537 0.784505725 0.564949334 0.534592569 0.891756535
    0.00208765268 0.485427439 0.276713073 0.444011122 0.138763636
    0.307623386 0.804167747 0.430055052 0.49361369 0.466966331
    0.421665698 0.525373757 0.833861411 0.887846828 0.680831492
    0.0466085374 0.286001921 0.38740629 0.101925671 0.760004044
    0.811862469 0.525362909 0.874925137 0.765946388 0.908626795
    0.65180558 0.0353771448 0.714959621 0.903996825 0.383392185
    0.831601024 0.952171147 0.0826175213 0.232188463 0.449174434
    0.54667747 0.267092973 0.825615644 0.961693645 0.177001655
    0.721370578 0.692685187 0.426587045 0.49923262 0.33450973
    0.427779078 0.790974677 0.58276099 0.122928232 0.332575023
    0.931474566 0.932271481 0.60042727 0.780078888 0.13640365
    0.932868838 0.599617243 0.278735131 0.00278711319 0.384501845
    0.801034331 0.634982049 0.543128252 0.681086361 0.681808233
    0.82987541 0.160614312 0.993068218 0.0954197347 0.923475504
    0.0788776875 0.750909984 0.656185508 0.76263535 0.180075318
    0.470802546 0.097714752 0.865531981 0.948181033 0.147841632
    0.929772496 0.904791892 0.394343615 0.679572761 0.283648849
    0.291271627 0.951039076 0.919327438 0.332169324 0.803845644
    0.453846961 0.198116839 0.882906437 0.865798414 0.169347256
    0.109779656 0.112479508 0.870755434 0.214045554 0.540507376
    0.351740777 0.610408902 0.616367459 0.167914689 0.501511514
    0.584648728 0.526466846 0.0280237496 0.812338829 0.0398356318
    0.209964365 0.125858128 0.843769014 0.681135774 0.963313043
    0.217558384 0.411975384 0.14172858 0.621851504 0.590745151
    0.409895837 0.96269238 0.220728427 0.12741369 0.635298848
    0.816114366 0.606187701 0.471663058 0.125257671 0.602646768
    0.153141469 0.609594107 0.0299596488 0.369452357 0.117389023
    0.910318673 0.438595533 0.919728279 0.796276867 0.493043005
    0.279095531 0.89212203 0.0989308953 0.524950027 0.418994427
    0.552040994 0.906802416 0.781188428 0.597942531 0.42185083
    0.409912795 0.819902062 0.640923023 0.48088643 0.259262562
    0.670740247 0.232035249 0.0657290816 0.8648597 0.695558071
    0.304793328 0.843653202 0.179490805 0.14072457 0.551985621
    0.339400649 0.555690467 0.310289711 0.443219304 0.560990334
    0.459478498 0.89981246 0.775152266 0.817937613 0.401012212
    0.702199996 0.249469727 0.105950236 0.372476637 0.63143611
    0.466830105 0.623881519 0.897172689 0.70100385 0.035738647
    0.12205866 0.0370213091 0.954944849 0.210849166 0.161884189
    0.404612362 0.349411368 0.0705410242 0.374536872 0.488049418
    0.141735077 0.623997509 0.785247922 0.928188622 0.460552365
    0.988501549 0.42994532 0.528126836 0.647365689 0.1249066 0.351498604
    0.917874455 0.13012594 0.388279259 0.402051568 0.35406357
    0.156484783 0.0861985087 0.0454790592 0.900766492 0.630294502
    0.660434961 0.0563445985 0.415209591 0.973634362 0.223374665
    0.113601357 0.703743637 0.68643856 0.858607113 0.410046369
    0.70220226 0.300486386 0.498628139 0.187028974 0.91902256
    0.759450793 0.575846136 0.338700712 0.65088284 0.678297162
    0.382449746 0.819461107 0.311266154 0.964225709 0.459344327
    0.327737749 0.960176349 0.0538550615 0.442158461 0.315330982
    0.481940061 0.221246421 0.806624651 0.865929246 0.286783993
    0.370070249 0.43786639 0.322490007 0.876955211 0.748095274
    0.263299108 0.960162818 0.120822519 0.218119383 0.265586734
    0.466943175 0.489871562 0.547444999 0.378589272 0.45206514
    0.397687405 0.0904693604 0.706038356 0.539374471 0.931014359
    0.102319568 0.251458287 0.123120457 0.0521284342 0.64639765
    0.0977521241 0.799598694 0.724729836 0.916641355 0.586940587
    0.284751445 0.342217922 0.744293571 0.0673723519 0.918031812
    0.982617259 0.330241054 0.444876701 0.484694481 0.0585704744
    0.745417535 0.363018364 0.187963665 0.573177874 0.954846442
    0.333321422 0.582700491 0.901844501 0.603871405 0.49933815
    0.740939736 0.889310956 0.0303220451 0.898531735 0.128310382
    0.686314225 0.678848147 0.549660504 0.92064333 0.412638962
    0.437889814 0.581005096 0.250723362 0.891290188 0.318152487
    0.461311281 0.147634029 0.898803234 0.782534063 0.611417949
    0.829435706 0.357102811 0.889589071 0.713007092 0.511169434
    0.382236362 0.200664997 0.233938426 0.365916997 0.0289808512
    0.452263921 0.73171556 0.156407923 0.0123927891 0.901468933
    0.133536965 0.973592043 0.938726306 0.743192315 0.773995161
    0.365761936 0.804043472 0.105608225 0.307045758 0.623962164
    0.810976207 0.875662208 0.38483879 0.358350098 0.17041716
    0.400053889 0.446371466 0.808037877 0.340403557 0.522628248
    0.452641845 0.301783651 0.225296229 0.571969867 0.144592762
    0.179366678 0.672074199 0.583316565 0.807712078 0.514691472
    0.933377326 0.796551943 0.0188294947 0.442421347 0.374687821
    0.301921308 0.325147271 0.498007715 0.256247282 0.909216046
    0.368570745 0.556119621 0.306980222 0.335313678 0.540116787
    0.187874049 0.228584319 0.0753285289 0.924544334 0.562550902
    0.266545475 0.376078963 0.957400918 0.444730341 0.704523623
    0.044996053 0.942675352 0.691759944 0.523542285 0.695718765
    0.817625165 0.165436327 0.556062281 0.793556452 0.811124206
    0.234924585 0.246940732 0.171126306 0.80804193 0.333922595
    0.996009886 0.919034123 0.764332771 0.12420252 0.0545520782
    0.821814477 0.912306845 0.779366314 0.925788343 0.130316287
    0.12308073 0.299621314 0.989924729 0.853807926 0.024072051
    0.474282563 0.121458471 0.296929955 0.332884997 0.677649498
    0.360931844 0.705064654 0.838074446 0.219755948 0.784452796
    0.237667203 0.725298285 0.569645166 0.78215754 0.78065145
    0.315400481 0.455003977 0.503943622 0.804308474 0.999768734
    0.997643888 0.195947319 0.627764046 0.760714173 0.679016709
    0.97178632 0.0605866313 0.79152143 0.262776971 0.196085483
    0.65281862 0.184176594 0.689289927 0.982324362 0.471809953
    0.286480367 0.415643215 0.643393219 0.796801031 0.299087226
    0.131693184 0.344829381 0.124900252 0.0812035203 0.55859077
    0.0243586004 0.579163015 0.00990858674 0.326810598 0.577531457
    0.94757688 0.937320769 0.699656367 0.619279146 0.820293486
    0.801857233 0.188911647 0.971346259 0.183411777 0.763532162
    0.519717932 0.932139397 0.0825721622 0.0888798237 0.605674386
    0.940912008 0.425254613 0.0167842507 0.797177434 0.260256439
    0.364301324 0.197736919 0.260525882 0.231341332 0.598682642
    0.763580859 0.85094142 0.924648523 0.886562467 0.676547229
    0.42305997 0.734259248 0.951914072 0.220754057 0.346170545
    0.964284062 0.414596736 0.949534059 0.951621056 0.0790257752
    0.0126393437 0.650696337 0.120310366 0.675180614 0.562397361
    0.886837661 0.216570348 0.58165139 0.0583487153 0.260432541
    0.922838092 0.740386844 0.698016703 0.611056328 0.528148055
    0.546400964 0.583773673 0.389304638 0.330964595 0.0314080417
    0.507597625 0.29517293 0.0806833208 0.114090592 0.753518224
    0.454349667 0.662245512 0.0736144483 0.753742337 0.501288235
    0.354658842 0.660889924 0.154110283 0.724389553 0.0740027428
    0.53439647 0.551072657 0.886678338 0.0856367648 0.595568657
    0.0485929847 0.90049547 0.0730217993 0.865566492 0.377691776
    0.478390008 0.534922123 0.235628515 0.496581137 0.507654548
    0.057588011 0.372558177 0.523450851 0.741194189 0.789551377
    0.567956865 0.403515458 0.160510898 0.591994822 0.705159664
    0.229648769 0.884479463 0.65168488 0.734371424 0.616396844
    0.358707219 0.800990105 0.644153535 0.163181543 0.526931465
    0.732317269 0.167012542 0.566361189 0.229848802 0.135441899
    0.503148258 0.486041397 0.975291848 0.808752596 0.914738834
    0.0586690605 0.032828033 0.666115224 0.43821907 0.959364176
    0.721684337 0.0592161119 0.304769307 0.744607925 0.690341115
    0.554837942 0.0625841618 0.46194312 0.303138077 0.323038757
    0.593305171 0.115486532 0.91666162 0.0593685508 0.25768277
    0.344284117 0.701266527 0.96388495 0.581435084 0.044917047
    0.804628372 0.0601589978 0.247493505 0.683117807 0.298533499
    0.619235158 0.243275166 0.908962846 0.775028825 0.00998231769
    0.532210946 0.347052753 0.73363483 0.845448375 0.360067815
    0.343930274 0.016136229 0.910541177 0.589849889 0.785718203
    0.252656639 0.216111511 0.295986265 0.127528667 0.853732705
    0.767550945 0.804770291 0.1831958 0.677950859 0.344072104
    0.835524082 0.802644968 0.458729774 0.209095836 0.676765919
    0.195775717 0.825299025 0.557729363 0.389900446 0.486749738
    0.613535285 0.153255969 0.603071451 0.756680846 0.267979592
    0.334160089 0.175421 0.328981191 0.157753795 0.998903573 0.504380345
    0.868438542 0.701179981 0.194021463 0.888706923 0.302857399
    0.00468432903 0.431036413 0.470871806 0.695321023 0.318917215
    0.950808406 0.0789781213 0.871319771 0.935347915 0.0580851138
    0.145828336 0.106029749 0.698797643 0.387385488 0.088755399
    0.843525648 0.102713645 0.661094725 0.921385109 0.659003258
    0.234733403 0.69451797 0.468942821 0.499991953 0.70943433
    0.775868654 0.384765625 0.448281556 0.451109886 0.710139334
    0.155740827 0.737458766 0.0284114778 0.414033294 0.947732449
    0.752519011 0.503942132 0.53996408 0.86300236 0.598314703
    0.696006417 0.711236656 0.223939568 0.989458442 0.163115352
    0.685820758 0.941830397 0.0189090371 0.921947122 0.191354573
    0.968029499 0.203431576 0.268704593 0.540670753 0.298597217
    0.958831072 0.946907699 0.777225673 0.0190090239 0.604182601
    0.296581715 0.592935145 0.929921389 0.795717955 0.0126520395
    0.59968251 0.881891251 0.203508645 0.397626042 0.849946618
    0.376669168 0.335789293 0.585505903 0.443991035 0.176360667
    0.867879987 0.499579161 0.156015575 0.53525573 0.588986635
    0.93578124 0.962586343 0.241453737 0.260467619 0.180649936
    0.930005431 0.210749596 0.54388684 0.661239862 0.905233145
    0.303585708 0.779004574 0.985022664 0.362413019 0.986538887
    0.350533843 0.504624307 0.624260724 0.921400666 0.671472192
    0.401205212 0.336000979 0.916435003 0.303082943 0.515858471
    0.333280772 0.95730865 0.0777864456 0.965776563 0.785009503
    0.414458185 0.764370561 0.582165301 0.440913886 0.803662777
    0.299602866 0.290040582 0.148857564 0.442994237 0.506656706
    0.485488296 0.90378356 0.805674076 0.171360493 0.946169257
    0.982769847 0.261197418 0.695853829 0.605127573 0.845456839
    0.514485002 0.600154877 0.876807392 0.592974186 0.706115365
    0.325954646 0.943494201 0.0424210131 0.509390175 0.445829719
    0.978951633 0.781924963 0.442937106 0.51931566 0.0218643844
    0.41574496 0.899057269 0.698953032 0.568357229 0.66125083
    0.125550568 0.912308991 0.684187412 0.671915352 0.209622055
    0.50188154 0.27420187 0.885011315 0.834410787 0.536037028
    0.760550618 0.408977389 0.39142707 0.759969115 0.481947154
    0.0864600241 0.818722904 0.19914633 0.901326954 0.974515438
    0.209329516 0.124849319 0.0369170308 0.773430467 0.932658672
    0.428777099 0.448256642 0.0265311599 0.426917493 0.330250323
    0.683793783 0.4054721 0.00538441539 0.562694192 0.160645753
    0.436446011 0.812859297 0.974692702 0.742972612 0.715011418
    0.761551261 0.613627136 0.253537178 0.949683249 0.277456164
    0.268510163 0.834205627 0.0742523372 0.181851447 0.909103751
    0.570416212 0.612842202 0.932428241 0.91579628 0.878406405
    0.883344769 0.0180639327 0.289068282 0.152944595 0.345177233
    0.32084024 0.817746162 0.58873415 0.32279411 0.303791642 0.962574482
    0.931923032 0.401159257 0.806266904 0.881765008 0.212102801
    0.779802203 0.224836141 0.622032762 0.908579707 0.1465891
    0.994492292 0.893292785 0.640413821 0.297118425 0.126421452
    0.0731017888 0.796477973 0.758767664 0.387957186 0.291536868
    0.468993366 0.775397599 0.0886316001 0.428797662 0.359001696
    0.636858642 0.73951906 0.695416093 0.540300727 0.918542325
    0.208709836 0.0884706974 0.530898035 0.30744344 0.843392015
    0.911232054 0.260753572 0.380524278 0.57309103 0.288956076
    0.210753739 0.282209396 0.723142803 0.989254594 0.959348261
    0.176457644 0.131397933 0.715381265 0.31571728 0.987478614
    0.262470901 0.692345023 0.0534597337 0.00239750743 0.667239904
    0.744036555 0.31359008 0.761111021 0.506265879 0.00995308161
    0.943817854 0.593012989 0.992212296 0.364323258 0.666100264
    0.342290998 0.195261419 0.860473514 0.402031988 0.865399957
    0.916074634 0.584177434 0.0521036685 0.758051515 0.629887104
    0.836598754 0.307831824 0.961093068 0.16931659 0.0220808089
    0.0976907313 0.828629851 0.0897118747 0.436885983 0.56259805
    0.738695741 0.669321895 0.875546575 0.711475253 0.501492381
    0.995951653 0.838366807 0.369590104 0.267806113 0.0642786622
    0.802099705 0.0485754609 0.790772498 0.613544106 0.0370484591
    0.397973418 0.940246224 0.742906034 0.528148711 0.760638237
    0.803919494 0.864541054 0.475653887 0.947325826 0.861838341
    0.78449434 0.807699561 0.201265812 0.0496666431 0.0806306005
    0.47641784 0.165300399 0.745094776 0.411743641 0.115927398
    0.574689686 0.831186295 0.454402834 0.0264861584 0.824906647
    0.710230708 0.43107748 0.0280869305 0.120536745 0.0201773047
    0.268982649 0.259104133 0.816445947 0.760663867 0.0670936108
    0.281159371 0.561433971 0.466348201 0.30511862 0.410679728
    0.822169065 0.865249515 0.736622512 0.912946522 0.809550881
    0.477828234 0.794375956 0.840620399 0.170440972 0.0268303454
    0.103494346 0.605969548 0.635291934 0.043862462 0.467380464
    0.648334861 0.607274354 0.122557402 0.729299426 0.439924031
    0.728405833 0.682974339 0.17206955 0.00408765674 0.231404155
    0.324976623 0.537943602 0.162998229 0.369106293 0.018030107
    0.576744199 0.647151053 0.0304254293 0.983104944 0.0745260715
    0.665363967 0.33588925 0.946904719 0.76194936 0.927181244
    0.637479007 0.0298697054 0.457103133 0.103541404 0.144607514
    0.462262392 0.375183046 0.427227318 0.479367197 0.275686055
    0.988580883 0.752989531 0.314846247 0.589545012 0.284033716
    0.597563863 0.871779382 0.202644676 0.0227285922 0.0106012523
    0.0551279187 0.397268921 0.694376349 0.257258952 0.790244937
    0.234069794 0.930865526 0.933007479 0.813979387 0.6284343
    0.468566716 0.411298692 0.0231269002 0.985204816 0.312873334
    0.302327782 0.505111337 0.971675992 0.242044538 0.983948469
    0.447786987 0.0144657791 0.0308187306 0.281128943 0.821762264
    0.804777265 0.869764447 0.968959212 0.430857807 0.668976426
    0.211709797 0.809751987 0.250604719 0.225142062 0.972300291
    0.656846404 0.633165717 0.346481085 0.447981685 0.350674272
    0.548984647 0.616019905 0.173046708 0.446853399 0.871739864
    0.345308363 0.567097187 0.339668036 0.266324878 0.619880557
    0.428693831 0.150632083 0.117748171 0.33902058 0.736445963
    0.570113063 0.520231366 0.159514189 0.435960978 0.412210196
    0.549015701 0.920809865 0.461883664 0.847260475 0.33048892
    0.102005392 0.696091413 0.73926568 0.120239258 0.611941159
    0.452278286 0.453008056 0.879866242 0.924812794 0.010402292
    0.423181772 0.311297745 0.113406867 0.88361454 0.605868161
    0.885968924 0.0805608928 0.833849907 0.460773081 0.202836335
    0.0684790611 0.828463435 0.353307307 0.80876255 0.0216734707
    0.707232714 0.674806833 0.973504961 0.527713537 0.0420384109
    0.729922771 0.206920177 0.351135314 0.0254967809 0.48833847
    0.593831122 0.689095736 0.889230609 0.267783582 0.214432478
    0.67644155 0.133075982 0.265099049 0.510256946 0.0593016148
    0.0454704762 0.765994906 0.567891419 0.511087418 0.99065578
    0.269562304 0.429699242 0.624139071 0.608139753 0.895904779
    0.0548541844 0.615816176 0.95814991 0.142445862 0.0106780827
    0.424201757 0.874839902 0.90091759 0.747064412 0.143681943
    0.60615468 0.498367697 0.180532694 0.333712339 0.77795279
    0.0818354785 0.0877387822 0.395590007 0.980672359 0.899536967
    0.116943985 0.288194656 0.55641526 0.774297237 0.500183642
    0.181981772 0.104739338 0.362223089 0.805909753 0.012686044
    0.656887174 0.517982185 0.782085299 0.418683082 0.617209792
    0.168998629 0.868198633 0.675785184 0.894219756 0.17664367
    0.842673302 0.613278389 0.051123172 0.684577823 0.709234774
    0.852306843 0.0704178214 0.547262967 0.696090579 0.277939618
    0.254961312 0.982728541 0.120475113 0.863812566 0.129432112
    0.242995501 0.913085699 0.942042232 0.686926007 0.184799433
    0.402901292 0.376536816 0.763011456 0.784763277 0.692825437
    0.136167407 0.798417211 0.434182405 0.593094826 0.728166819
    0.812457681 0.501640975 0.769404292 0.0735423267 0.0133847296
    0.915865898 0.733549178 0.892195642 0.39365685 0.0980520546
    0.0497950912 0.236133844 0.312564492 0.88335371 0.307274282
    0.757496834 0.908445477 0.27588737 0.295426726 0.00718969107
    0.0343241692 0.0506105721 0.447901815 0.787916303 0.566833556
    0.161872327 0.203215331 0.752183795 0.580745161 0.415127963
    0.842063189 0.423343956 0.548726439 0.69904983 0.586705446
    0.874474406 0.073951453 0.190568209 0.0997185707 0.21681422
    0.954653144 0.607160926 0.498558342 0.600902438 0.807373405
    0.00372055173 0.121027708 0.00585108995 0.911281824 0.74314487
    0.322053611 0.909937978 0.486303538 0.820260882 0.957775533
    0.254370213 0.356842875 0.587914228 0.970676422 0.983718157
    0.286297739 0.339277983 0.607900321 0.110316515 0.0191779435
    0.760123968 0.399340689 0.0271168649 0.258371115 0.838858604
    0.793667495 0.431302845 0.605534196 0.0844427347 0.297584832
    0.429257691 0.483236372 0.368997514 0.995265424 0.367019534
    0.114662945 0.0535507798 0.113704801 0.136350125 0.360706091
    0.862208366 0.347936898 0.175785333 0.768466532 0.217568964
    0.476406634 0.657509863 0.848155499 0.887470186 0.169759929
    0.968868673 0.788182557 0.817908704 0.414084226 0.291097283
    0.347805977 0.697763205 0.55611217 0.190390497 0.302120864
    0.160811812 0.253461659 0.12686336 0.440875471 0.752468586
    0.571586967 0.463453889 0.656103969 0.425844133 0.98034668
    0.747469425 0.662161052 0.502956271 0.734426975 0.756811619
    0.219365269 0.62748611 0.0533908904 0.683221698 0.109056175
    0.967730045 0.730980635 0.628469348 0.797436953 0.344057202
    0.501720846 0.920139194 0.971933246 0.942808986 0.993506193
    0.375014246 0.998332381 0.430142641 0.597961783 0.903754473
    0.327783823 0.156499982 0.652887225 0.503835082 0.226683557
    0.836059093 0.86321938 0.447411239 0.755427122 0.363578916
    0.344332576 0.742731929 0.51915282 0.222545713 0.865889192
    0.752478778 0.441303462 0.195081979 0.602302551 0.333122313
    0.481172293 0.0522450507 0.129227221 0.434396654 0.141249567
    0.128341079 0.74106741 0.872442544 0.346737921 0.364878118
    0.204778761 0.868231118 0.565007806 0.998775601 0.379616261
    0.273373485 0.886407375 0.721649706 0.461758405 0.798155427
    0.296513706 0.446132123 0.722436666 0.500301838 0.224523664
    0.189777285 0.984743237 0.0492305756 0.333502591 0.661861718
    0.538537085 0.319627792 0.98476994 0.256258965 0.458237022
    0.0930620134 0.296216428 0.0156546235 0.487355143 0.660124302
    0.585018277 0.100272596 0.148713112 0.129107505 0.00272494555
    0.0190441012 0.720072448 0.258455634 0.34479776 0.529995918
    0.509087205 0.582187533 0.852173686 0.796387851 0.19476822
    0.0076661706 0.382329583 0.573567808 0.337072939 0.650567293
    0.942869186 0.731269419 0.342606485 0.616892099 0.20667088
    0.907637358 0.681992292 0.56485641 0.693589926 0.57974565
    0.544511676 0.511175811 0.227382302 0.183753043 0.128290385
    0.468808651 0.107607812 0.630028486 0.74081856 0.72933495
    0.700867236 0.15042147 0.289170384 0.429268837 0.0504184067
    0.309545368 0.13497597 0.536935568 0.0945620239 0.325897306
    0.457978696 0.524525046 0.430601954 0.908491135 0.773038507
    0.374831915 0.965269804 0.906690121 0.36237222 0.42431134
    0.952421546 0.0887719095 0.280186594 0.909666836 0.5173437
    0.985640526 0.597387135 0.739196897 0.624842942 0.118240595
    0.143033147 0.605004966 0.384312809 0.743139505 0.0999653339
    0.837212026 0.401454449 0.918121219 0.469765812 0.0970993936
    0.440109849 0.781570196 0.119095713 0.439865857 0.171405882
    0.354600072 0.262398422 0.900812387 0.339712322 0.0449487865
    0.14866066 0.30355221 0.194180191 0.723731339 0.906073213
    0.566158891 0.0597981811 0.95855391 0.446435004 0.1161578
    0.939310193 0.60138607 0.0592111349 0.392635942 0.858190298
    0.472866416 0.417704761 0.496840805 0.799211264 0.253490388
    0.393684059 0.903364062 0.682560861 0.434869856 0.807997227
    0.492278308 0.976993918 0.819897652 0.777215481 0.130769074
    0.881185412 0.756189406 0.0986301899 0.771169782 0.651653051
    0.733880579 0.924583793 0.025467217 0.443669856 0.959011614
    0.114648074 0.455164641 0.42429328 0.170181036 0.120013475
    0.132478178 0.4906407 0.317591876 0.252564609 0.277728975
    0.609222829 0.184169263 0.100755185 0.403430939 0.69446373
    0.740646422 0.103688598 0.0301066041 0.0158004165 0.295010209
    0.185976088 0.297322273 0.34198004 0.534113109 0.455999017
    0.625678837 0.710573912 0.76558125 0.861999989 0.237392098
    0.252321005 0.451108545 0.585607767 0.952964127 0.525633693
    0.426205367 0.465060532 0.55557394 0.211685807 0.521973789
    0.930124938 0.295193642 0.926817417 0.922604382 0.377441049
    0.377086759 0.205644786 0.973904729 0.335308045 0.0627242923
    0.339389533 0.99510324 0.148949862 0.573278487 0.691164553
    0.689914286 0.284722537 0.747340977 0.735350072 0.108152002
    0.945798516 0.237870276 0.806991935 0.409200341 0.145924747
    0.280655712 0.890721321 0.86492455 0.615221798 0.926455259
    0.33359617 0.07262519 0.267864943 0.00965869427 0.486209184
    0.231513262 0.851691961 0.979217887 0.862819076 0.153803229
    0.53263098 0.843239546 0.0595926344 0.846710563 0.440103769
    0.464086235 0.854213178 0.524076998 0.267482221 0.334357023
    0.0793823004 0.22224623 0.771574914 0.406030774 0.559412241
    0.955463171 0.831644297 0.965295732 0.178960472 0.496324927
    0.153038323 0.299978852 0.640090346 0.603555501 0.851012886
    0.769622684 0.116112351 0.0898627937 0.286707878 0.272545993
    0.0556406081 0.637377262 0.671787143 0.0478005707 0.190851003
    0.745273173 0.188412637 0.0894980133 0.470003337 0.484551936
    0.511032701 0.00282526016 0.772779584 0.595119894 0.860530436
    0.189955235 0.00714537501 0.291328371 0.0993409455 0.82657516
    0.288857192 0.710205615 0.879546404 0.40751338 0.105517745
    0.328726709 0.97218287 0.881991208 0.249159604 0.233920217
    0.860474229 0.957873464 0.742928267 0.0566476285 0.318852782
    0.519093454 0.525392413 0.0350168347 0.334493816 0.531313062
    0.951838553 0.639568746 0.0838939846 0.058295697 0.109172106
    0.0455717742 0.891540408 0.709597111 0.940763354 0.0887573659
    0.126482695 0.2844854 0.37715894 0.508872747 0.916707635 0.344270825
    0.491159409 0.0333116055 0.540537715 0.326535404 0.989475608
    0.691294432 0.564163446 0.68388021 0.783972919 0.404521972
    0.30831635 0.866625309 0.789938211 0.833527207 0.370448023
    0.136914253 0.0385973752 0.837037921 0.603981853 0.431528807
    0.1532529 0.0995478034 0.187412828 0.773563266 0.556090057
    0.402452648 0.286548555 0.940910459 0.79385221 0.494660884
    0.568773806 0.122328609 0.291920602 0.232951015 0.355991036
    0.161696374 0.795684576 0.189625621 0.416255236 0.624821186
    0.608959079 0.657463491 0.0984357297 0.955079913 0.950916469
    0.936122537 0.770488381 0.935326815 0.70316112 0.184367985
    0.101150095 0.81747508 0.756842375 0.396503925 0.429672778
    0.536750793 0.802268147 0.146190166 0.912288308 0.783943057
    0.275768518 0.634092331 0.699992657 0.253222495 0.893862903
    0.508026779 0.159143925 0.6345191 0.344937801 0.219247818
    0.655609906 0.247046322 0.635228813 0.269501925 0.716114581
    0.911895394 0.792228758 0.903635144 0.934160233 0.649983764
    0.806374013 0.795297801 0.679524779 0.590054274 0.569511652
    0.316041529 0.335188866 0.18857488 0.642935157 0.669874907
    0.243258685 0.314267039 0.235586107 0.325657725 0.590836525
    0.306740612 0.936449647 0.393547148 0.483255625 0.674833834
    0.984597147 0.820855141 0.0342127681 0.580093861 0.138766021
    0.193705499 0.24230504 0.266578376 0.106198043 0.474938929
    0.463591337 0.479536951 0.127166808 0.277552903 0.0921673775
    0.118891239 0.180806875 0.978186786 0.622063279 0.443142295
    0.0775017738 0.752444744 0.568903565 0.773714423 0.550730109
    0.434500784 0.541158795 0.883793235 0.123032987 0.546621144
    0.175446719 0.346268445 0.551607907 0.832114339 0.0612953901
    0.592285335 0.0694889426 0.558757305 0.489499152 0.661215723
    0.995104551 0.974247694 0.48605755 0.74371475 0.686082542
    0.0161418021 0.906868339 0.986804366 0.986905098 0.575375438
    0.703366995 0.0944885015 0.156075686 0.850705028 0.428432018
    0.164664686 0.0172059238 0.348946691 0.612151623 0.663699567
    0.250966311 0.936109602 0.571433127 0.845661163 0.850347161
    0.227977484 0.184022456 0.880691171 0.366626263 0.36388588
    0.252009064 0.340172827 0.0497037768 0.504175723 0.159057528
    0.24352932 0.916517854 0.563340008 0.116541058 0.241452336
    0.0143346786 0.436256766 0.800427794 0.484332293 0.771212041
    0.453793526 0.036537528 0.378946394 0.783276439 0.146285027
    0.352855146 0.752732158 0.697552562 0.0985293984 0.105159283
    0.539156795 0.886354744 0.189446121 0.903725266 0.996210814
    0.054402858 0.846945226 0.560654342 0.432223588 0.954464197
    0.697660446 0.244490266 0.265509248 0.0596335232 0.203380018
    0.724996924 0.0703143179 0.609866381 0.0374054909 0.609387755
    0.586868823 0.230477422 0.885165453 0.399277419 0.529015362
    0.211950868 0.50532347 0.836897552 0.341890872 0.125511736
    0.286649019 0.766928554 0.399741471 0.778093874 0.586874366
    0.451619297 0.272255778 0.503843129 0.104555845 0.936588883
    0.512505472 0.482667238 0.709180236 0.0690195262 0.538070142
    0.00543013215 0.0888105333 0.870456338 0.988596559 0.2089279
    0.56493032 0.627067149 0.0317461789 0.609120369 0.675424337
    0.888791263 0.676467299 0.262491375 0.989483714 0.246906608
    0.270791173 0.977075696 0.74175483 0.293934941 0.643450797
    0.226565778 0.977246761 0.835254312 0.543253183 0.159466416
    0.912056923 0.199326694 0.274744928 0.0965063274 0.974589884
    0.75205636 0.985635877 0.971389234 0.84325093 0.835506856
    0.459666014 0.919927716 0.880302608 0.0948857665 0.283645391
    0.820115745 0.937349319 0.758881748 0.983554602 0.592324078
    0.179592729 0.998670638 0.0973297358 0.3075822 0.213379443
    0.915372074 0.00753885508 0.528678894 0.314688623 0.70115751
    0.643746972 0.516291499 0.512372077 0.62901628 0.332733691
    0.362288684 0.940891981 0.141377658 0.388792038 0.135195196
    0.123151273 0.282928705 0.0384205878 0.493456095 0.237964362
    0.849393368 0.614760995 0.620842338 0.306016088 0.567442 0.121589661
    0.000401765108 0.721314907 0.777209282 0.52651757 0.139226586
    0.596636891 0.557635844 0.738539994 0.367901981 0.0805272162
    0.980423808 0.807425439 0.654686928 0.0138977766 0.194067746
    0.0628668368 0.0771578252 0.610846281 0.188499928 0.0618074238
    0.412967354 0.905754089 0.554194927 0.749044478 0.968550682
    0.983086109 0.771355748 0.124328822 0.434125572 0.393842578
    0.7959162 0.879517615 0.71439743 0.735156953 0.803829432 0.583589435
    0.411782503 0.336517394 0.905577183 0.803839207 0.42263937
    0.935412884 0.269474924 0.447814405 0.645875454 0.974088192
    0.16350612 0.543779373 0.183005214 0.738934755 0.438733041
    0.765543938 0.109150738 0.662194252 0.648519874 0.60693723
    0.881695628 0.503800809 0.412825108 0.607475519 0.167264014
    0.182168484 0.555204093 0.035073638 0.17818585 0.415300876
    0.269844472 0.642672539 0.102694839 0.982895732 0.414569229
    0.334496707 0.99972862 0.539187908 0.459871739 0.17922163
    0.583202243 0.24510172 0.391759336 0.32851398 0.304033995
    0.306622326 0.315224111 0.938558638 0.164693505 0.50143075
    0.867487729 0.0855962038 0.233193666 0.914137483 0.685245514
    0.213606417 0.433854967 0.565849781 0.579751968 0.937307954
    0.835357308 0.792535782 0.276885331 0.288553178 0.843405068
    0.0854473412 0.210781455 0.462767273 0.0807147026 0.399029851
    0.564628839 0.335980713 0.101868629 0.904264927 0.637136281
    0.762948751 0.341060162 0.305187851 0.0344357491 0.584203839
    0.0718669891 0.701165318 0.541033447 0.397520065 0.78353858
    0.560239196 0.862713397 0.772854447 0.850107431 0.59636873
    0.604021549 0.0404861569 0.944597125 0.47617051 0.959304929
    0.793903232 0.222090542 0.659720957 0.603951633 0.573117495
    0.566024899 0.69299531 0.929313779 0.807055116 0.174236506
    0.71277523 0.603210747 0.801316082 0.0637633502 0.588817298
    0.757641673 0.0398879647 0.768066883 0.375674367 0.883589089
    0.615394115 0.259711266 0.743080676 0.199359149 0.447265148
    0.108763725 0.017234236 0.0874586105 0.31639117 0.891167045
    0.646939158 0.587535799 0.484609693 0.311955839 0.403365076
    0.447195023 0.635955572 0.0270851254 0.516377151 0.997269452
    0.606575251 0.669009805 0.314767897 0.608757019 0.0318550467
    0.173610479 0.911848903 0.0138162374 0.0542948544 0.264384449
    0.593758583 0.712720692 0.540997207 0.74243927 0.330868125
    0.897088349 0.298098922 0.0530574322 0.38209185 0.348672718
    0.787191749 0.791277647 0.93396306 0.672441125 0.118327111
    0.284970373 0.431684434 0.612345934 0.816325963 0.520994186
    0.641640007 0.361962259 0.382592708 0.272753686 0.0788725019
    0.881757498 0.768094718 0.855855227 0.392255664 0.911025643
    0.186252087 0.792872429 0.357205451 0.0488558412 0.819898725
    0.182659388 0.282883286 0.390859663 0.379853487 0.181915104
    0.313775778 0.44691968 0.464725107 0.724471927 0.0255268812
    0.131804049 0.169880509 0.292346716 0.105473727 0.573427498
    0.328309685 0.511351287 0.96674788 0.117411315 0.760005236
    0.264171004 0.455303758 0.0559880137 0.252691031 0.619475186
    0.548285484 0.226829708 0.158622295 0.630008459 0.292191625
    0.16107896 0.553713858 0.00158241391 0.759420753 0.198117137
    0.810927749 0.521265507 0.736214697 0.557049155 0.609364152
    0.949029088 0.915073872 0.6201545 0.505798936 0.528968692
    0.410943151 0.389286071 0.306298196 0.56069845 0.139630824
    0.188823372 0.474137217 0.435945094 0.729914248 0.576400042
    0.787533879 0.418699831 0.98817718 0.832286 0.281447411 0.398207754
    0.486090213 0.480299741 0.510813177 0.309202492 0.0824468732
    0.441791743 0.319567472 0.647171497 0.0123680532 0.922802091
    0.769412875 0.0145978034 0.000352352858 0.412276089 0.913786411
    0.344522923 0.943507135 0.670909166 0.394717872 0.408621013
    0.0904369354 0.353317797 0.551096261 0.455814958 0.644335866
    0.795805395 0.760888398 0.656525731 0.586650968 0.160908937
    0.819970965 0.99285841 0.652524352 0.863545954 0.863422036
    0.968225002 0.177125812 0.39666456 0.677702963 0.823923469
    0.246552616 0.583682656 0.00441753864 0.363631189 0.0993994772
    0.136281431 0.801749349 0.878771305 0.212671071 0.898891926
    0.61490202 0.982709706 0.498891622 0.327115685 0.355156958
    0.454148889 0.914455593 0.793844402 0.971523166 0.544440866
    0.580300689 0.219791025 0.278954864 0.79556787 0.0358962417
    0.215735912 0.107927144 0.926890075 0.664314449 0.695587099
    0.269312739 0.937048078 0.580318928 0.490763277 0.0732827187
    0.420214951 0.530251741 0.818878412 0.116048068 0.337933302
    0.291737229 0.17054069 0.859476328 0.218185425 0.176760614
    0.350780487 0.639157772 0.870451808 0.184818059 0.807343066
    0.632545531 0.193697959 0.763164639 0.191815376 0.865016341
    0.979922593 0.641029954 0.965844154 0.720883965 0.255629182
    0.703438342 0.619807959 0.514655113 0.928788543 0.823991656
    0.844303429 0.718033016 0.429825008 0.172396719 0.164423794
    0.407899737 0.81006515 0.296780109 0.914762259 0.53917712
    0.650492251 0.587233126 0.573328257 0.623391986 0.992892623
    0.525247633 0.664989829 0.400500298 0.666856885 0.139030933
    0.515850902 0.696747601 0.657586396 0.471125156 0.35925132
    0.617887676 0.725631356 0.0360879898 0.296745777 0.514815629
    0.111519843 0.669485211 0.886667371 0.0947237611 0.693195701
    0.494886518 0.44398278 0.0697462857 0.843063474 0.759692729
    0.686165929 0.490213513 0.328949869 0.921976864 0.225910038
    0.919810772 0.516899765 0.682275236 0.629962742 0.461683095
    0.101964742 0.775028944 0.812812865 0.358855993 0.589494526
    0.27219367 0.30072549 0.773590088 0.214679867 0.669646144
    0.277181894 0.975144506 0.768336058 0.44236356 0.170281559
    0.0584262013 0.50571382 0.401688099 0.420776397 0.105128795
    0.203040749 0.0369179249 0.655512571 0.397549599 0.611758888
    0.878315091 0.285985589 0.167133301 0.568559766 0.749473512
    0.212744176 0.368148804 0.63094151 0.200685501 0.620269895
    0.901710093 0.897428095 0.34937185 0.568037093 0.676909387
    0.258459151 0.301971972 0.888639092 0.361877859 0.164893866
    0.873298764 0.32918784 0.493562967 0.445347905 0.752355456
    0.89357549 0.94938159 0.00963741541 0.420339584 0.69637841
    0.932761133 0.172031105 0.782701612 0.7990762 0.79562664 0.255472243
    0.619394302 0.339063823 0.740508318 0.32755056 0.146240562
    0.711764812 0.32675451 0.925410509 0.122862458 0.129940063
    0.673234999 0.280044854 0.278144926 0.18106249 0.806154132
    0.59207803 0.894931912 0.663307428 0.345739305 0.759525895
    0.885056674 0.790311456 0.620901048 0.0603071153 0.852863312
    0.0804377496 0.18998909 0.890296817 0.16008386 0.0975872278
    0.511237562 0.49176234 0.448913187 0.272611082 0.385577381
    0.48530671 0.245194048 0.868539333 0.0629989207 0.93861711
    0.665825129 0.797913194 0.715014219 0.660901845 0.3287099
    0.744710028 0.826573968 0.630808294 0.97224462 0.906985044
    0.66658318 0.690742373 0.992414653 0.593428552 0.246974081
    0.839769304 0.697966933 0.439135849 0.859149098 0.70141995
    0.196024567 0.296444505 0.907677293 0.176510811 0.00348359346
    0.702152371 0.39100498 0.324866652 0.737078309 0.15788272
    0.114262521 0.166035891 0.198575497 0.833845139 0.552833557
    0.894689977 0.171398908 0.403246343 0.597277284 0.927331567
    0.601068497 0.111831248 0.791234374 0.368438482 0.277500421
    0.853714585 0.794488847 0.168261886 0.61177671 0.148104578
    0.581088662 0.687917113 0.162235677 0.659272432 0.227022767
    0.500328183 0.547565162 0.16666472 0.851817369 0.814612865
    0.462015897 0.358056962 0.193594128 0.988776207 0.622619271
    0.141482532 0.44027102 0.530134618 0.322180122 0.547746837
    0.0612488389 0.180648714 0.570737183 0.442889839 0.751137733
    0.648833394 0.940556169 0.835489035 0.21797955 0.896331668
    0.900809944 0.987012744 0.48285377 0.684998393 0.950644851
    0.279826939 0.33368057 0.325420141 0.54886502 0.0407041013
    0.623398781 0.980583906 0.643726647 0.475093752 0.895811498
    0.819077134 0.707607031 0.504109144 0.436941326 0.168485254
    0.0415328145 0.859799981 0.0456315577 0.180533439 0.747486055
    0.242902517 0.431040585 0.215252638 0.758625746 0.913515031
    0.306693912 0.37199676 0.904276252 0.793949425 0.788028479
    0.403077424 0.997566938 0.137671798 0.458908111 0.762380004
    0.402514398 0.732791305 0.520536423 0.37845397 0.635243416
    0.694749892 0.380431622 0.333619356 0.891751289 0.715135515
    0.416692704 0.400115669 0.781978369 0.556654155 0.408230722
    0.415343404 0.914132714 0.719703376 0.10589844 0.540627003
    0.309163421 0.171031713 0.858065605 0.966223657 0.222858489
    0.180518806 0.131659001 0.198788464 0.0677586496 0.299196392
    0.941503108 0.409852684 0.554311693 0.447420239 0.723092735
    0.221188605 0.136202574 0.670255184 0.320141554 0.131525606
    0.919720173 0.974976599 0.434652746 0.1918042 0.364119589
    0.638725519 0.038189292 0.309567273 0.301642507 0.546014905
    0.86902386 0.951111972 0.571666837 0.507301986 0.00327038765
    0.187880546 0.272977322 0.328516752 0.82361114 0.430974424
    0.512236416 0.545809269 0.530607879 0.319776654 0.824725747
    0.728885949 0.181014925 0.169289917 0.946927965 0.409262091
    0.741138101 0.0183294117 0.437261432 0.6415838 0.577302516
    0.081679523 0.034770757 0.636164308 0.529765666 0.321257532
    0.722710848 0.144731015 0.736777961 0.209593594 0.0279093385
    0.651955843 0.906921744 0.43380934 0.575436831 0.354220986 0.5824458
    0.241872758 0.767398298 0.158357739 0.220130414 0.217659384
    0.895187855 0.881348908 0.528471172 0.682021439 0.490651786
    0.0860460997 0.698537767 0.719506145 0.786650181 0.231797576
    0.187772751 0.00449851155 0.260876536 0.646744251 0.63719666
    0.972328067 0.924193919 0.491581231 0.713653982 0.0441266298
    0.92991519 0.811433375 0.483469546 0.67305541 0.0769692957
    0.905581892 0.990476489 0.730566144 0.021578759 0.885620832
    0.53525281 0.342879534 0.857910991 0.935097933 0.0763824284
    0.181962252 0.0567196608 0.764549255 0.681422472 0.746584058
    0.510022879 0.575847924 0.00616073608 0.0834192634 0.394983828
    0.925493956 0.11119473 0.385307968 0.641527414 0.837046862
    0.265493691 0.798037887 0.320402145 0.66121608 0.713773549
    0.632309318 0.812862635 0.241814494 0.319708705 0.548229396
    0.999765575 0.352375597 0.476615161 0.032872647 0.736832619
    0.973847628 0.0398644209 0.293559432 0.869164109 0.958729029
    0.391185939 0.181887358 0.883624375 0.463857412 0.152128905
    0.527239501 0.161032081 0.37344867 0.869568348 0.287736893
    0.773627579 0.428797364 0.148622751 0.017321527 0.774534225
    0.300007522 0.583016634 0.107050031 0.410574406 0.323435068
    0.0848092437 0.517350435 0.740496159 0.474217564 0.409295321
    0.777421117 0.725468338 0.206526518 0.675755441 0.699042439
    0.217515677 0.566388309 0.35970214 0.89505446 0.182003856
    0.740099847 0.158052564 0.00198999047 0.49716413 0.16583088
    0.872035086 0.555048764 0.654815555 0.559597433 0.383544922
    0.349418193 0.977588892 0.211566955 0.570299983 0.561654449
    0.576937079 0.238947511 0.868096054 0.191509932 0.389669657
    0.192544103 0.48022148 0.938471317 0.580079734 0.81912446 0.15319711
    0.474895298 0.0483488739 0.0813988447 0.64290148 0.521063805
    0.341621459 0.0990371108 0.586563349 0.945833743 0.979770422
    0.462122381 0.622890592 0.701639593 0.692045391 0.314922333
    0.751603246 0.504562736 0.602651536 0.692750931 0.967502475
    0.425763369 0.930335641 0.425554365 0.333034158 0.917663515
    0.0771685541 0.826954484 0.814716995 0.518589318 0.188731432
    0.72993052 0.996065378 0.915457428 0.577761114 0.50871402
    0.345533788 0.0487196445 0.365011394 0.104912132 0.83036381
    0.536846578 0.396169364 0.378713369 0.212586433 0.208601564
    0.993533492 0.0661152005 0.495416582 0.938270092 0.442861348
    0.35802272 0.470389038 0.450255066 0.886651874 0.0189809501
    0.572212815 0.515478075 0.865894794 0.158657521 0.735002041
    0.981206298 0.217398852 0.806151092 0.78881681 0.457517743
    0.392297566 0.346108496 0.768207073 0.802582383 0.28844139
    0.486211628 0.200083196 0.4943088 0.721557856 0.767214417
    0.219777048 0.519978464 0.353714943 0.0293934047 0.844528377
    0.46920529 0.216858298 0.325974852 0.165542215 0.16083464 0.52842623
    0.835607767 0.473385274 0.342794716 0.242067128 0.671303391
    0.224355161 0.52977854 0.101763904 0.746104836 0.358743131
    0.624905467 0.545479655 0.413349241 0.507252395 0.175525993
    0.441000134 0.179583997 0.424384207 0.261595905 0.821542501
    0.564165354 0.761154413 0.827310801 0.992252707 0.161525846
    0.92535758 0.359969109 0.691091359 0.302367091 0.984318614
    0.61831516 0.913660526 0.817284882 0.647276759 0.433608383
    0.553126156 0.543774843 0.28660363 0.682577133 0.826618671
    0.093252629 0.342710316 0.538026869 0.842070222 0.488029838
    0.649219513 0.0351158977 0.822610855 0.658219635 0.451833218
    0.966049135 0.113464326 0.450652301 0.522803903 0.0676870048
    0.536652863 0.725129843 0.184500933 0.496178895 0.950870872
    0.553837001 0.954588115 0.921429873 0.352519512 0.878113389
    0.562682509 0.747582138 0.844868541 0.457831085 0.529918015
    0.939776838 0.407709032 0.65468049 0.100268275 0.718479812
    0.634684324 0.462952524 0.412744641 0.42162323 0.357751429
    0.0801107883 0.108099461 0.924824953 0.201385945 0.484935284
    0.540860772 0.661600232 0.652050257 0.700745523 0.435185671
    0.942909002 0.378105134 0.0256057978 0.867831528 0.236255795
    0.675306499 0.0398114324 0.0656085908 0.933038354 0.652913749
    0.260706484 0.797321796 0.796333313 0.918815374 0.217192411
    0.590476096 0.904714584 0.587234557 0.882166743 0.0395398736
    0.20759365 0.611766338 0.100977659 0.79096806 0.143762678
    0.150786638 0.699426055 0.685679436 0.27006194 0.441660613
    0.679059267 0.695938468 0.854321003 0.816370249 0.996673048
    0.968515992 0.903810322 0.570503116 0.979143262 0.585388601
    0.175633132 0.709163666 0.540087223 0.432840377 0.664849401
    0.958265901 0.212290794 0.195061743 0.470420808 0.904285908
    0.973118186 0.221311271 0.403250933 0.89228946 0.802242041
    0.253302157 0.309393823 0.0699701607 0.929450512 0.0269924998
    0.842505753 0.695532858 0.211769253 0.427113831 0.214157164
    0.173223138 0.148888975 0.241490602 0.190455884 0.863272786
    0.0381340683 0.605170369 0.930126071 0.747254431 0.0184914172
    0.341974318 0.0111280978 0.155645818 0.649176776 0.573712945
    0.668017149 0.729024231 0.986712992 0.114234477 0.746178925
    0.383400083 0.00102782249 0.208098739 0.416178137 0.244579971
    0.000750780106 0.387964338 0.0268084109 0.650044858 0.0829796493
    0.475162864 0.692933917 0.417083204 0.927919269 0.570370913
    0.723190904 0.449958801 0.988022566 0.914437294 0.658216357
    0.771191776 0.010760814 0.618084311 0.0843956769 0.068564266
    0.78670764 0.836845636 0.771135092 0.743944168 0.963091314
    0.612617612 0.974973917 0.598946869 0.933141053 0.675665736
    0.515248835 0.433249116 0.988166332 0.902086377 0.592975378
    0.044118166 0.621367455 0.694156945 0.585780978 0.0644660294
    0.395423114 0.755715311 0.148730159 0.306508958 0.797354221
    0.357489288 0.659519136 0.708896041 0.414435685 0.705547571
    0.92282486 0.232667178 0.419366777 0.480124146 0.0927283466
    0.829828203 0.94114995 0.655014932 0.350975871 0.510413766
    0.0474891961 0.544685602 0.322628617 0.754269958 0.392511547
    0.0827965438 0.825902462 0.201516777 0.730495214 0.723725438
    0.00610733032 0.312203437 0.944624424 0.695170283 0.465568364
    0.502889633 0.535731792 0.242057532 0.782018661 0.118118137
    0.773410797 0.935697079 0.949175954 0.9687711 0.00535786152
    0.558660209 0.745041728 0.455054313 0.111812949 0.633581698
    0.398769706 0.276796848 0.33713913 0.994987607 0.308608532
    0.745847881 0.677401662 0.548375666 0.243762136 0.651023746
    0.405559123 0.780353069 0.264059544 0.33061409 0.383091837
    0.565210283 0.556224108 0.610404074 0.245852232 0.710774124
    0.282031476 0.198713362 0.748131037 0.410838366 0.341228157
    0.657308578 0.218650013 0.784874201 0.348795772 0.389847755
    0.885210037 0.307426542 0.599293768 0.951032162 0.376050174
    0.149759799 0.0678623319 0.352831751 0.856464267 0.593153179
    0.939938068 0.72966218 0.764703393 0.579195499 0.705494344
    0.0312582254 0.513699651 0.790869594 0.742844462 0.187413424
    0.7509619 0.275281698 0.256930351 0.0328317881 0.274453044
    0.414201856 0.98854053 0.566919088 0.243584961 0.208333969
    0.247680187 0.326895297 0.925969124 0.704353392 0.71260041
    0.979417682 0.0625118315 0.225345701 0.0337625742 0.600046337
    0.673413157 0.585564375 0.0938181281 0.623797894 0.631549358
    0.0994108319 0.472648323 0.300987929 0.172640443 0.921489656
    0.605582595 0.586738527 0.178317994 0.739723682 0.188429624
    0.318421215 0.346984088 0.375578761 0.22404027 0.568596482
    0.538624525 0.528241336 0.583590567 0.427078754 0.82690984
    0.362797081 0.850518823 0.534270287 0.88276577 0.697312891
    0.724183977 0.129373968 0.266122818 0.398512989 0.789372146
    0.357748181 0.12595281 0.520213664 0.857018709 0.217788249
    0.0453701615 0.806847811 0.0574761033 0.329457343 0.460947573
    0.0617812872 0.132669628 0.955306292 0.420061469 0.864010751
    0.431242168 0.340682209 0.466193944 0.381583452 0.74150598
    0.57139796 0.542409182 0.513783813 0.511745214 0.14052844
    0.161655664 0.807001352 0.543719769 0.38374418 0.319685578
    0.61446631 0.191153109 0.734791636 0.848059654 0.87018466
    0.714787245 0.432657123 0.816388607 0.823164284 0.00264930725
    0.904004276 0.280547708 0.934694767 0.439960092 0.152544826
    0.562729239 0.256459892 0.995191634 0.510294378 0.412614167
    0.551776707 0.506055772 0.419404417 0.411265641 0.615930557
    0.852042437 0.26785934 0.461659044 0.418263912 0.41890654
    0.384677947 0.512498319 0.11441043 0.214849263 0.0259022415
    0.748191833 0.253899992 0.0369510949 0.737922013 0.96724093
    0.710436821 0.243319899 0.0974749327 0.315508425 0.751535654
    0.781665027 0.963576436 0.0534227788 0.780619025 0.85373795
    0.249330819 0.51235342 0.568293214 0.340588808 0.0866374373
    0.132068992 0.407920301 0.688931644 0.113711238 0.946732402
    0.512569726 0.289525986 0.807978153 0.569317281 0.088239193
    0.213179469 0.230272263 0.448195726 0.567779183 0.98970437
    0.721624434 0.609707952 0.199877858 0.129096478 0.910975158
    0.723127604 0.728251398 0.565883994 0.565189064 0.61238867
    0.296183825 0.22941643 0.685788274 0.878384709 0.437906832
    0.481602222 0.552436411 0.945592463 0.793187857 0.905560017
    0.177376866 0.519892097 0.927346885 0.283637702 0.806122482
    0.397010177 0.235692054 0.430870682 0.805316448 0.84338069
    0.743428707 0.832243204 0.628474057 0.999512076 0.397887588
    0.292129695 0.551292837 0.42228511 0.837750494 0.396248877
    0.398821205 0.371686041 0.806301594 0.961945891 0.722332716
    0.175430894 0.445097566 0.411483228 0.555060923 0.569545329
    0.271097779 0.665726364 0.992981791 0.682504952 0.419061542
    0.0234918892 0.260972857 0.459005713 0.999297261 0.195692569
    0.972065628 0.837819695 0.0992574394 0.188078851 0.238628417
    0.634331465 0.174229205 0.455936134 0.782244444 0.429485857
    0.180709392 0.958060026 0.334897637 0.0422337651 0.158403009
    0.601844847 0.935679793 0.309140384 0.309043676 0.295530766
    0.566921115 0.68529886 0.0297753811 0.337508619 0.721200943
    0.197551936 0.649129748 0.802461147 0.75978756 0.222900808
    0.720630229 0.419609904 0.386873543 0.40884167 0.534718096
    0.0443531871 0.933157206 0.691718757 0.209972501 0.191349149
    0.169522583 0.149823934 0.775725067 0.968061984 0.228951901
    0.599736989 0.521039963 0.0754130185 0.0953312218 0.736582398
    0.949489057 0.473520577 0.909508944 0.982300043 0.328087538
    0.567990005 0.532203257 0.246610552 0.0926191807 0.538181782
    0.552157879 0.515821338 0.864012837 0.161996692 0.544451833
    0.419175237 0.467969686 0.558425546 0.49335593 0.18649891 0.47641775
    0.591723859 0.669197619 0.626081467 0.304494649 0.361573577
    0.513853252 0.494679064 0.0287482142 0.265124351 0.57796222
    0.177435189 0.847067773 0.938803732 0.984134078 0.740684032
    0.745119572 0.519794941 0.669154525 0.810485363 0.373775244
    0.15858236 0.180004716 0.203283221 0.36786437 0.809274077
    0.0125599504 0.850508034 0.193104565 0.761589229 0.744379282
    0.710346401 0.0437407494 0.810357809 0.262077123 0.778944552
    0.998910785 0.797086775 0.0577263534 0.708413422 0.0360248983
    0.647105813 0.119669408 0.962182403 0.371970475 0.921497762
    0.410582662 0.891699374 0.73149848 0.352343023 0.110334009
    0.10763514 0.900134802 0.661981821 0.226667821 0.470291764
    0.352704346 0.234022021 0.142042905 0.799064159 0.702588201
    0.0430141985 0.287653148 0.813913405 0.420736521 0.645168841
    0.923399329 0.745533884 0.254006594 0.696162343 0.325261831
    0.322813153 0.49052757 0.91266638 0.676153421 0.761952996
    0.103646189 0.0319163203 0.251983851 0.584183514 0.361669838
    0.0917196274 0.645529091 0.887166977 0.889995813 0.0307155252
    0.705642343 0.906171083 0.117307752 0.517916977 0.0142837167
    0.666321158 0.536675692 0.532014072 0.137052953 0.856551647
    0.252325833 0.715847671 0.0320239067 0.470449984 0.402390361
    0.726853907 0.879207909 0.36590308 0.416326731 0.645835578
    0.233930439 0.798902214 0.351160169 0.8198722 0.532525837
    0.016805768 0.166797519 0.0299426317 0.0368674695 0.645786643
    0.70675534 0.760943353 0.316193104 0.845138311 0.729197502
    0.524819255 0.724981308 0.93147397 0.565535486 0.503216326
    0.392765462 0.908378661 0.476829529 0.658672273 0.213985294
    0.701394498 0.448733419 0.640754938 0.394435465 0.772140622
    0.67924875 0.213163614 0.303189099 0.938124299 0.0406703949
    0.554967165 0.755629241 0.911949873 0.811046481 0.171364546
    0.123630911 0.252078682 0.279511184 0.088756144 0.410688907
    0.287945926 0.282245219 0.245188534 0.615418136 0.0909982622
    0.191924632 0.772283554 0.39700377 0.43593353 0.711269379
    0.455966055 0.812694073 0.332498789 0.427072495 0.58556819
    0.520626247 0.286860466 0.681444943 0.147912025 0.820701718
    0.614468932 0.751308858 0.843827546 0.89196825 0.308269739
    0.0170582235 0.557699859 0.49925819 0.958063364 0.931633592
    0.394469529 0.892891705 0.047878772 0.473619401 0.686034858
    0.244290143 0.86133194 0.329824865 0.0339151621 0.14678368
    0.997817338 0.353486478 0.634238422 0.624178529 0.630124152
    0.949209034 0.273569107 0.535163462 0.319644362 0.936142445
    0.915618122 0.700583696 0.776399553 0.522407115 0.566509426
    0.943404973 0.854654789 0.859471917 0.0137248933 0.75953722
    0.092564851 0.737993121 0.563973546 0.340928078 0.391353846
    0.66135788 0.410832018 0.0102885365 0.036909312 0.748909771
    0.850759268 0.438285559 0.0692112744 0.0318667293 0.939382553
    0.381282449 0.0388839841 0.258526653 0.52252233 0.318653941
    0.293803751 0.284914821 0.257977784 0.0548330843 0.921758175
    0.887142777 0.84556222 0.800477326 0.579068482 0.821456909
    0.157875121 0.110309541 0.85325861 0.086969316 0.173869759
    0.713786244 0.811401844 0.295533299 0.85049057 0.249693036
    0.718723416 0.860208511 0.751127601 0.389304101 0.659150004
    0.141163051 0.524388611 0.056791842 0.401129782 0.94227612
    0.821975768 0.00216266513 0.0588925481 0.906769156 0.413951397
    0.531037629 0.995751798 0.13275829 0.233278483 0.939012527
    0.110518605 0.599967241 0.208340973 0.688189387 0.105862737
    0.103176415 0.109800845 0.193009138 0.0227738917 0.756404877
    0.569478154 0.389271796 0.733348191 0.186392903 0.587308049
    0.0619011521 0.0380443931 0.247832805 0.486053526 0.629458308
    0.818854213 0.0433528125 0.923747659 0.320117891 0.258531153
    0.458463997 0.489784032 0.203207076 0.32196784 0.748358309 0.4065018
    0.173242569 0.872931063 0.621320784 0.804879308 0.156478494
    0.977079272 0.335120022 0.239534944 0.752931952 0.741875231
    0.509152234 0.228164375 0.187580675 0.00245565176 0.305661023
    0.166695088 0.559321642 0.547526896 0.898757756 0.821765304
    0.180966258 0.271598518 0.901424348 0.540439844 0.905168414
    0.10708949 0.515659153 0.0600316525 0.233145595 0.469822645
    0.798750639 0.891532779 0.208119959 0.8826617 0.570897579
    0.822951913 0.27822417 0.413806647 0.430501759 0.699644327
    0.686977983 0.739473462 0.718559206 0.70028615 0.3925744 0.553175628
    0.926592648 0.699380159 0.635428786 0.910663128 0.27734533
    0.202913433 0.290764391 0.907236159 0.226695985 0.278174341
    0.867470264 0.623673439 0.229186356 0.915748298 0.602585554
    0.901938736 0.813392878 0.710529625 0.127867043 0.0315822661
    0.300225377 0.406476259 0.187713951 0.578477621 0.293925375
    0.138197273 0.66329217 0.68329823 0.201305389 0.552045226
    0.462029755 0.794729948 0.925231755 0.162122399 0.164748371
    0.670881987 0.827868581 0.263196796 0.449558526 0.80937022
    0.632008016 0.658140182 0.0292213559 0.00337302685 0.464090586
    0.295226514 0.817722976 0.0954859257 0.598959684 0.558284342
    0.44056195 0.555387735 0.519936502 0.123671681 0.61811316
    0.402091414 0.311501265 0.963403463 0.775339961 0.0385440886
    0.885310948 0.0724563003 0.45846647 0.856827497 0.656143606
    0.0689279437 0.860580087 0.179568321 0.773053288 0.436740249
    0.860718668 0.548895836 0.842101455 0.545732021 0.288226128
    0.555558741 0.326234818 0.118214369 0.331909508 0.86902678
    0.0288832188 0.182174653 0.776918411 0.144375324 0.479253531
    0.365822881 0.875334263 0.537790239 0.582167864 0.3850196
    0.426338583 0.361742675 0.268993199 0.596098185 0.891021967
    0.306250393 0.799832582 0.653939605 0.0199938118 0.171618551
    0.825921297 0.983056664 0.439994782 0.368101627 0.113574177
    0.208100617 0.234692156 0.0969979167 0.997142911 0.107254595
    0.411374688 0.944461226 0.848941088 0.595178962 0.00874692202
    0.463656783 0.926662505 0.501429021 0.0281548798 0.822480559
    0.659558535 0.249312192 0.613056004 0.752450347 0.20768562
    0.874361634 0.359612465 0.914292276 0.87088722 0.327029705
    0.12310034 0.4376041 0.800841212 0.808443785 0.991082788 0.637479007
    0.391324878 0.188287914 0.359663546 0.0850607753 0.837111831
    0.652252614 0.185638696 0.892802954 0.711342335 0.331540167
    0.948040843 0.629204988 0.947080731 0.00852906704 0.0819635689
    0.0523469448 0.901666164 0.766988039 0.927532732 0.162526906
    0.447901994 0.882188618 0.838686168 0.594905734 0.100772351
    0.929594874 0.903496981 0.539674938 0.545397103 0.764554262
    0.347794861 0.432130456 0.744827747 0.308728725 0.918473363
    0.594717324 0.61930865 0.3711676 0.535148799 0.836576343
    0.0565974712 0.959237516 0.192401886 0.6999982 0.850833893
    0.938030899 0.510844231 0.819832206 0.0861930847 0.188304961
    0.968972921 0.806018412 0.256792426 0.77330482 0.164324135
    0.813410521 0.254703581 0.919343591 0.514936447 0.67176342
    0.992621779 0.788966596 0.895229518 0.448657602 0.873867512
    0.0981959403 0.474778622 0.854050159 0.63568759 0.218638778
    0.516334414 0.285532415 0.276892334 0.616605997 0.33628124
    0.668027341 0.145398855 0.701048732 0.236459166 0.978993177
    0.886343181 0.581935287 0.411682814 0.215607435 0.273301065
    0.283678949 0.39338845 0.78305912 0.973298788 0.0769292116
    0.866093516 0.0699886978 0.869448304 0.46914652 0.373736411
    0.815104902 0.794375777 0.974633515 0.432029694 0.563173413
    0.411150843 0.504787505 0.687340617 0.679642797 0.109264195
    0.318906665 0.979711294 0.351852953 0.575284719 0.658750117
    0.956093431 0.829673231 0.973839402 0.751099944 0.429092944
    0.120935708 0.450720668 0.2281138 0.159235954 0.96998179 0.954805672
    0.841504693 0.31076923 0.339605391 0.14699769 0.622709334
    0.761798501 0.716661453 0.925925255 0.786499143 0.759386897
    0.656761289 0.360947907 0.900875568 0.0795740187 0.312110364
    0.957420409 0.6839692 0.896761894 0.779316902 0.556016624
    0.539742708 0.735953808 0.472247928 0.69112432 0.610005021
    0.174890608 0.922291279 0.528494716 0.524349988 0.529466212
    0.520027876 0.739517331 0.612891018 0.58338356 0.999740958
    0.885355353 0.46557048 0.840017259 0.825471699 0.551274896
    0.0476555228 0.648434222 0.35208258 0.363483518 0.236827105
    0.237569869 0.765165985 0.398750484 0.339815259 0.749243855
    0.27449131 0.463647902 0.443969071 0.0277423859 0.337723523
    0.851275682 0.593141615 0.896871865 0.644201398 0.57014358
    0.690383255 0.98812598 0.495260119 0.235388488 0.413487107
    0.917506218 0.274108887 0.904507041 0.968541682 0.320864022
    0.822270751 0.886726737 0.645449221 0.230837882 0.180922985
    0.937360585 0.479470909 0.5747329 0.455058873 0.101756662
    0.772676945 0.440441787 0.955069661 0.365407705 0.159157038
    0.54668802 0.96268332 0.0768098831 0.694411874 0.426880121
    0.638743579 0.670447767 0.846721411 0.461961329 0.919494033
    0.185659945 0.665384352 0.881625891 0.141223192 0.300993055
    0.0241477191 0.0304506421 0.752475083 0.462688863 0.155552149
    0.158891112 0.622680306 0.0100199878 0.265826553 0.835502028
    0.419766277 0.182747304 0.686898291 0.00869300961 0.443160534
    0.644169867 0.205706894 0.508484006 0.508800447 0.455633849
    0.710540891 0.0944237411 0.989490449 0.665606439 0.780972719
    0.797821224 0.531285346 0.628887177 0.0124416947 0.639310479
    0.692966938 0.263550878 0.337842613 0.0974935293 0.0555979609
    0.0646780431 0.18820107 0.858513713 0.507291496 0.610772729
    0.995171487 0.499181062 0.133542717 0.720963836 0.180624723
    0.458626926 0.12061283 0.810250044 0.212600589 0.401631147
    0.457810283 0.231060207 0.506260097 0.174776256 0.214183956
    0.774053097 0.522129238 0.0179021955 0.153564095 0.596057117
    0.84281683 0.256756306 0.820945024 0.899066567 0.653016806
    0.486160457 0.862955809 0.61956811 0.667012513 0.847363591
    0.759523571 0.289601922 0.587696612 0.446833938 0.855438471
    0.913641572 0.672909498 0.295256078 0.742768764 0.337346375
    0.279135376 0.658068717 0.229968041 0.831320047 0.315027058
    0.0470456481 0.469749302 0.18063432 0.319678247 0.357108355
    0.752969801 0.415481091 0.519399703 0.269656062 0.851005673
    0.81674093 0.579536676 0.866421223 0.0408937633 0.74910748
    0.552636445 0.711685777 0.579023004 0.329575986 0.277959824
    0.262924135 0.427745938 0.296125829 0.100450337 0.135062069
    0.241140693 0.611425996 0.855577946 0.381360918 0.626059413
    0.0508147478 0.921319783 0.176018238 0.357034206 0.838015974
    0.953513741 0.41764468 0.769467473 0.60610342 0.402519405
    0.802019954 0.501748562 0.682907462 0.957807302 0.519918025
    0.481816739 0.124962986 0.0598639548 0.943159938 0.0024228394
    0.0636003911 0.196585655 0.417776167 0.221733928 0.631541312
    0.372364759 0.295740992 0.990938067 0.684234977 0.212456018
    0.228394181 0.723848701 0.322015524 0.42939043 0.135834277
    0.0738157928 0.470483482 0.504723608 0.825824618 0.173340499
    0.398678631 0.0950928032 0.780272245 0.90716517 0.284383237
    0.34360832 0.443953276 0.265071273 0.155260623 0.232860714
    0.708269477 0.872461915 0.849116206 0.599081218 0.88374126 0.0327546
    0.961973906 0.831737518 0.400794894 0.82807982 0.210460812
    0.0715318918 0.183157146 0.243682414 0.763164937 0.931217253
    0.923707724 0.734667242 0.0195133984 0.341226876 0.652834952
    0.807293415 0.831452727 0.229895622 0.219317377 0.922338307
    0.747526288 0.189783156 0.122591615 0.388468206 0.0292751789
    0.300204754 0.0646958649 0.215019554 0.415364265 0.270050764
    0.208509892 0.535647571 0.576635599 0.0437958837 0.926601648
    0.954497993 0.813349009 0.371492505 0.29685244 0.382724226
    0.397891641 0.439641356 0.172100395 0.993206263 0.285778821
    0.45671311 0.605517983 0.975851417 0.198438942 0.568807125
    0.307486594 0.90588975 0.518958032 0.358479381 0.143666983
    0.991645694 0.0733095407 0.842971444 0.249100775 0.264890254
    0.836609125 0.401213586 0.283967018 0.649142027 0.983062983
    0.418504328 0.24413994 0.121912897 0.964097023 0.273312002
    0.715555131 0.534655452 0.322274297 0.706743956 0.547019958
    0.374125838 0.405686975 0.686394095 0.373082638 0.747411013
    0.935227275 0.632727444 0.827705085 0.897032857 0.982446849
    0.714114606 0.771047115 0.524061024 0.739858866 0.877782822
    0.786390185 0.664861679 0.00290086865 0.494710088 0.803994417
    0.907341838 0.244799942 0.416585773 0.590635598 0.779139757
    0.890005231 0.960702896 0.977659881 0.0639128387 0.177035153
    0.0639979839 0.891702354 0.322751403 0.461172014 0.441393465
    0.279284716 0.378141314 0.0739721656 0.29708153 0.732282639
    0.356179416 0.079603374 0.306063712 0.755826533 0.031042397
    0.653150082 0.682803154 0.52605933 0.768202186 0.158669114
    0.678970456 0.0345396399 0.489837021 0.731238484 0.030918926
    0.594488025 0.887880683 0.357533813 0.890578508 0.438384563
    0.169029593 0.962842941 0.0422888696 0.0112343132 0.67245841
    0.42532897 0.188745707 0.607773066 0.933395863 0.0453766882
    0.40021342 0.980579555 0.474604219 0.0984540284 0.641068757
    0.904886425 0.694727778 0.688282609 0.165466011 0.222434461
    0.517654121 0.783314109 0.193761319 0.599306941 0.865670204
    0.0517879128 0.889469743 0.194316953 0.813841224 0.629355431
    0.0740396678 0.590586662 0.828175426 0.255385548 0.147476315
    0.687787056 0.740263283 0.127094567 0.190234572 0.575462759
    0.612199545 0.324481517 0.44843331 0.794895172 0.581851602
    0.417761326 0.425553262 0.496884614 0.67467314 0.547676444
    0.437179923 0.342462152 0.27309382 0.574405372 0.0902693272
    0.94608897 0.226159692 0.700811386 0.262286335 0.403421015
    0.35166347 0.728176892 0.669846177 0.00593340397 0.87046349
    0.615482509 0.412861705 0.743888736 0.463512242 0.531277776
    0.525760591 0.653454363 0.822498679 0.383746624 0.317866772
    0.678384542 0.0846919417 0.663822532 0.156184107 0.646821082
    0.761712909 0.325383008 0.189898252 0.93127346 0.255631864
    0.323560953 0.420669794 0.460430682 0.557907104 0.00375327468
    0.782624006 0.832272768 0.689189553 0.973135114 0.574133515
    0.442192852 0.508893967 0.76374656 0.259095162 0.911216259
    0.413948983 0.960255146 0.504842818 0.296713918 0.897065997
    0.682990551 0.441910654 0.782984138 0.0723840296 0.0157500505
    0.83860147 0.96527493 0.921652019 0.335334212 0.710634112
    0.593992054 0.650047779 0.645167351 0.866797328 0.432643533
    0.205699533 0.26924026 0.920114875 0.386548936 0.95435524
    0.697044432 0.0646947026 0.833446205 0.7763381 0.701633334
    0.144484729 0.369688392 0.927144408 0.264839232 0.211157918
    0.873086452 0.0417678952 0.492062449 0.532583237 0.474948317
    0.237572253 0.719245911 0.720320821 0.311667621 0.883882463
    0.567797065 0.606177926 0.927814662 0.510519445 0.031752497
    0.52891326 0.222388238 0.459435403 0.160065174 0.116849989
    0.612224162 0.989193916 0.697081089 0.804166496 0.0279667377
    0.248814523 0.0482203662 0.663131714 0.55761683 0.997398019
    0.671916008 0.325847298 0.126536041 0.211688697 0.78165853
    0.0850713849 0.501708388 0.191435605 0.392115593 0.150790215
    0.857789516 0.887642264 0.709140301 0.80399096 0.238047332
    0.239928514 0.835317194 0.235870391 0.176491469 0.793565512
    0.986818671 0.630661249 0.469217479 0.705248833 0.707979918
    0.0160521269 0.588795543 0.883991957 0.60068208 0.302386045
    0.486951619 0.441240072 0.00272271037 0.00491973758 0.540997028
    0.830068588 0.328730226 0.979989529 0.149742663 0.769912839
    0.838955045 0.371466756 0.688112795 0.694651663 0.649925232
    0.24300918 0.759299695 0.0324068964 0.406112194 0.282991618
    0.418259948 0.810870051 0.145318598 0.8028723 0.884225011
    0.996913135 0.842029333 0.255706251 0.521230102 0.209301919
    0.588613868 0.0652857125 0.581460416 0.798648953 0.134147018
    0.838837206 0.237932146 0.291262031 0.407704264 0.247690052
    0.922141314 0.650602698 0.40654102 0.0341334641 0.0131317973
    0.288443327 0.283304542 0.957013845 0.800455749 0.962631047
    0.539402306 0.511199296 0.443002284 0.254413307 0.966229498
    0.78097415 0.453815401 0.220522314 0.0229654312 0.915885568
    0.935667634 0.253004104 0.53374356 0.64355427 0.695677757
    0.459319293 0.133134097 0.469393849 0.157760412 0.0714538097
    0.888674617 0.348174572 0.43473655 0.0483409762 0.71999073
    0.30364576 0.759882987 0.456234038 0.9989115 0.972219408 0.134699762
    0.414735317 0.128778309 0.464582324 0.945157647 0.0946518481
    0.74131006 0.507147908 0.924570799 0.734198332 0.202262074
    0.967278004 0.679133534 0.51145041 0.590817511 0.653672397
    0.989280879 0.871788621 0.204199374 0.848828077 0.272247076
    0.859829426 0.858757615 0.019649297 0.333993018 0.926837802
    0.249454379 0.35419485 0.14713493 0.473410785 0.589530587
    0.701094925 0.440526813 0.0335739851 0.964642584 0.483617276
    0.116189539 0.582748652 0.968748033 0.82356596 0.545610964
    0.172586054 0.460099906 0.382986814 0.742599607 0.205386728
    0.684705734 0.15317601 0.236811548 0.984107971 0.391652793
    0.906841576 0.754358411 0.888659596 0.427575916 0.245684952
    0.206185848 0.0855505168 0.134486377 0.431298435 0.644883037
    0.518418193 0.0586664677 0.758565366 0.935836554 0.842537105
    0.391771972 0.280982494 0.440985978 0.233405173 0.278663784
    0.0222581625 0.61919266 0.524541557 0.477005303 0.897463083
    0.709609509 0.445000589 0.227619439 0.518767595 0.994554877
    0.664041996 0.96224165 0.683412313 0.253689647 0.782531381
    0.659916401 0.317985594 0.729723632 0.834646106 0.0812722445
    0.0368618071 0.112524509 0.440302849 0.149068028 0.912792325
    0.502041399 0.367043734 0.588618338 0.911757827 0.194328099
    0.501644313 0.913404703 0.0125795305 0.866425395 0.460059762
    0.415669054 0.483583152 0.77076745 0.110043436 0.651825845
    0.356485039 0.263604164 0.157742679 0.453016549 0.63769877
    0.339495957 0.590767384 0.614542186 0.0138664544 0.0999624133
    0.84529829 0.122862518 0.0865435898 0.00835472345 0.215607315
    0.447542548 0.75191313 0.720742047 0.0451746285 0.541286707
    0.472837985 0.851415098 0.329093486 0.877074122 0.389956415
    0.598311484 0.110215425 0.192988038 0.825927615 0.0668730736
    0.117227077 0.661561906 0.332076609 0.676238418 0.104601413
    0.88428843 0.286947161 0.0234358907 0.811489284 0.526124179
    0.495834976 0.0544002354 0.376923114 0.426730514 0.0550516248
    0.775591493 0.239699781 0.990828633 0.241156012 0.165934443
    0.564863145 0.202803701 0.304873586 0.0687356293 0.349311233
    0.922577679 0.891734242 0.862910986 0.151710898 0.459245294
    0.718214273 0.294339091 0.688460708 0.164595753 0.0353480577
    0.196629494 0.443934202 0.255019069 0.0709050894 0.897066534
    0.390972257 0.579419613 0.581351578 0.684684992 0.381510139
    0.278808743 0.674934387 0.79674387 0.813273787 0.319760501
    0.998553753 0.165106714 0.717643499 0.458091527 0.92276907
    0.267410576 0.976003766 0.869994998 0.264685988 0.293497384
    0.844547391 0.952890158 0.318607807 0.397337943 0.40388301
    0.910312593 0.24805975 0.422262013 0.295951337 0.0196144879
    0.519372761 0.0302339494 0.851533651 0.324269176 0.679343939
    0.293498695 0.817759991 0.0105797052 0.739511728 0.210068345
    0.327250481 0.701268137 0.515577018 0.561043859 0.576744556
    0.746192038 0.458414018 0.375528038 0.0745114982 0.142427832
    0.251960784 0.384369642 0.310424924 0.0301857293 0.214028865
    0.637596488 0.851558685 0.881049037 0.788249731 0.633467078
    0.154638022 0.657721162 0.355633736 0.427432626 0.72805649
    0.761650264 0.507120967 0.269112647 0.393671632 0.654935718
    0.207986385 0.526902199 0.0805957317 0.119911134 0.726182103
    0.0616889 0.995850921 0.351161808 0.819993317 0.391270041
    0.0262873471 0.5152632 0.537566006 0.500855744 0.27779299
    0.865237951 0.958717346 0.675108492 0.259266317 0.793307781
    0.12105304 0.365695924 0.0385547876 0.902880788 0.873576641
    0.25537622 0.34980917 0.625068545 0.383022547 0.768380225
    0.0366177857 0.508720398 0.557439327 0.96726954 0.380460829
    0.075065881 0.0611037612 0.627835095 0.383400857 0.864205658
    0.883570015 0.251221955 0.915709913 0.0438888371 0.486200899
    0.182062924 0.0229769051 0.693960726 0.0736629963 0.610156059
    0.859037161 0.564978123 0.202069163 0.610738158 0.123269379
    0.464159727 0.0578797162 0.959674478 0.627246737 0.723515868
    0.385486633 0.580602348 0.434643 0.0520799458 0.520510793
    0.884159684 0.381013513 0.00170215964 0.907860398 0.234996974
    0.27029413 0.520156801 0.115629792 0.571923912 0.529830396
    0.40155381 0.0424123108 0.985617995 0.394085974 0.395304441
    0.851603508 0.0509979725 0.760888755 0.236870557 0.582538426
    0.54346782 0.658346534 0.0905218124 0.791944265 0.95886004
    0.942357302 0.782477021 0.816163778 0.893630385 0.447772056
    0.872223735 0.588350415 0.11315304 0.634344876 0.672822535
    0.678591073 0.0436565578 0.401610792 0.0706649423 0.802871704
    0.913826764 0.0806428492 0.712036848 0.420385897 0.677721024
    0.721152902 0.803773761 0.551236868 0.813051701 0.992780268
    0.6104092 0.56887114 0.395123869 0.385039717 0.539089739
    0.0544110835 0.241377324 0.8587116 0.120816916 0.572328448
    0.633418143 0.510164201 0.0240119398 0.794162631 0.709568977
    0.278282762 0.00437039137 0.211951464 0.805726647 0.827493548
    0.589316785 0.973618507 0.285690427 0.693127871 0.510606647
    0.266224682 0.136399806 0.615469217 0.302087665 0.685331106
    0.455371231 0.0856587887 0.120931804 0.444651634 0.143674701
    0.623908401 0.220688969 0.703372478 0.466962934 0.541872144
    0.611561716 0.85219419 0.843556464 0.63814652 0.508725047 0.96741128
    0.623691618 0.14710784 0.108108759 0.284392834 0.314021468
    0.44851324 0.00604397058 0.447570056 0.242346972 0.640279889
    0.0815396011 0.723387361 0.686887205 0.39026022 0.395830959
    0.550219059 0.858147144 0.573664963 0.971952796 0.0978079736
    0.151431233 0.986428857 0.829586148 0.401811212 0.586189866
    0.409603357 0.445898592 0.928491592 0.133485019 0.395768672
    0.371665478 0.744357347 0.974679828 0.868107796 0.897791505
    0.901028931 0.658123374 0.616909087 0.473724753 0.969791591
    0.179935336 0.0200085044 0.0184699297 0.830738664 0.855973005
    0.628899574 0.674376726 0.457995921 0.873860836 0.739556611
    0.520022273 0.605141878 0.526104391 0.0928910375 0.198031545
    0.270740271 0.927945852 0.34413141 0.411267936 0.105343193
    0.766982257 0.228491366 0.373820364 0.453127801 0.728689432
    0.981236219 0.412779421 0.645975411 0.111741185 0.0966860354
    0.408064425 0.78605181 0.739674985 0.996638417 0.0632694066
    0.422296047 0.436623573 0.440853596 0.422752559 0.541652203
    0.937315583 0.283206582 0.767937899 0.161210477 0.0243038237
    0.856832147 0.0691339076 0.471119434 0.0508283079 0.646959722
    0.618981659 0.333528727 0.972836971 0.927860141 0.881516099
    0.42519486 0.402097642 0.878680646 0.161409765 0.877098322
    0.911723495 0.883894384 0.823424399 0.920346737 0.198785424
    0.47925806 0.781653047 0.412131488 0.709901869 0.205515712
    0.439862102 0.474399209 0.601715684 0.501783967 0.111109138
    0.717193425 0.834149361 0.19154796 0.872473955 0.788204789
    0.713685036 0.850098073 0.726244807 0.73538065 0.0181939602
    0.657876492 0.664227962 0.102019846 0.425318241 0.371519089
    0.926424682 0.651298881 0.500604212 0.0435539186 0.549766421
    0.446687371 0.804627657 0.0478655994 0.42707184 0.373252481
    0.288555145 0.83594054 0.887174606 0.0715724528 0.848029435 0.996831
    0.42492193 0.761063218 0.947534204 0.464074105 0.957998753
    0.766944647 0.0891376436 0.586095572 0.580377817 0.115252465
    0.226312935 0.368375242 0.780558348 0.949890196 0.353164703
    0.923971295 0.204411298 0.501817882 0.916557729 0.948057413
    0.605392396 0.445824772 0.824330211 0.379164517 0.597020686
    0.115345776 0.413784444 0.522227108 0.565669537 0.969263673
    0.017259568 0.882801354 0.132579863 0.131597489 0.95641911
    0.139835328 0.318514556 0.0795211494 0.576689601 0.536569595
    0.166505843 0.305695057 0.677262425 0.75064075 0.255720109
    0.605751634 0.512875736 0.707189739 0.51149714 0.796208382
    0.749146402 0.549165308 0.0664472282 0.98524344 0.588916838
    0.302924216 0.400270939 0.502230883 0.428186059 0.810969591
    0.29251191 0.750329494 0.106809765 0.901161075 0.681226492
    0.786884189 0.295781255 0.286665857 0.0924243033 0.367033601
    0.886581779 0.545531213 0.121281296 0.722984791 0.914287925
    0.907166362 0.432348073 0.442401856 0.83914274 0.457080781
    0.522305429 0.932968795 0.841296256 0.263612986 0.789550543
    0.220420003 0.969212174 0.724830747 0.881314278 0.687152147
    0.541823387 0.739798248 0.322351217 0.834227383 0.379808754
    0.7540465 0.658127546 0.258295894 0.702083707 0.27538079 0.126669347
    0.234085202 0.293936431 0.55526197 0.962223232 0.22007364
    0.427332103 0.436120868 0.810338318 0.0384766161 0.600145042
    0.167385966 0.834718466 0.371990651 0.0980351865 0.894010484
    0.42877081 0.108761668 0.549112678 0.35602811 0.448289931
    0.363822162 0.219535291 0.690309644 0.00808367133 0.271747887
    0.686732054 0.283821076 0.785050094 0.763809025 0.773962855
    0.124632746 0.640597701 0.0759385228 0.797161341 0.915181279
    0.744544029 0.299311459 0.961906374 0.24829632 0.307252496
    0.125912517 0.14885208 0.868240833 0.842104912 0.184208184
    0.193656743 0.202421963 0.0673863292 0.274905205 0.931065083
    0.0448814034 0.0469537377 0.946684718 0.57049787 0.806855321
    0.338964581 0.265679598 0.080788821 0.497026652 0.595630884
    0.131477594 0.407288104 0.526850104 0.837506652 0.0618739128
    0.277278543 0.544119179 0.283588529 0.827292204 0.0637519658
    0.382023811 0.0517530441 0.269404233 0.872194469 0.236357659
    0.381514758 0.638430953 0.998306394 0.432999611 0.314650118
    0.746415913 0.599514484 0.924806714 0.0871540308 0.20631218
    0.699595511 0.318384469 0.801868081 0.0731405914 0.338807464
    0.502096057 0.709441662 0.0186690092 0.256282866 0.173709422
    0.154392093 0.836058199 0.257400274 0.39201954 0.350768268
    0.635305941 0.196203828 0.54287827 0.864272177 0.820270002
    0.39289397 0.0218553245 0.898123503 0.699649334 0.397504836
    0.340503812 0.0779337585 0.14029175 0.803820729 0.799186945
    0.436831683 0.257169247 0.229471743 0.214719892 0.741850734
    0.0109536946 0.263929248 0.228542 0.13623938 0.786099911 0.504600942
    0.139575154 0.416476548 0.901907265 0.958730996 0.956627071
    0.749474287 0.476149201 0.00838544965 0.747914255 0.477703899
    0.290544242 0.0687217712 0.434818327 0.0970202386 0.739575207
    0.748914361 0.235670984 0.39651233 0.320441008 0.71162343
    0.750737309 0.535559535 0.479420602 0.902344465 0.896028697
    0.989742994 0.818391144 0.117145449 0.0820055306 0.926479995
    0.0571128726 0.874581516 0.658602417 0.348777622 0.233745545
    0.228255391 0.0449158549 0.936007261 0.927728474 0.339337617
    0.684126794 0.0860580504 0.228789419 0.681788623 0.387490302
    0.998398423 0.824836612 0.0506541133 0.272267699 0.819713771
    0.229838371 0.263568372 0.832673728 0.131962478 0.66195786
    0.942557991 0.42074582 0.00194829702 0.220453411 0.412671179
    0.559104979 0.435835063 0.0363693237 0.258259386 0.77422303
    0.428734213 0.174464226 0.320684195 0.271655262 0.907585144
    0.361204982 0.214401156 0.923837185 0.2924546 0.786936343
    0.0859318376 0.689855576 0.0189058185 0.275984079 0.899337292
    0.62585175 0.50439477 0.271664679 0.0559031367 0.454858422
    0.416609138 0.461135477 0.206810057 0.487563074 0.796444416
    0.847926855 0.299059927 0.350898027 0.430426598 0.317262203
    0.873470664 0.479483902 0.945570052 0.320149332 0.741234004
    0.387535721 0.307736635 0.128109425 0.494963408 0.943689585
    0.856726468 0.651573837 0.298275709 0.574033141 0.942138314
    0.551233649 0.122983932 0.204318613 0.881728888 0.916223526
    0.632024884 0.0129885972 0.450203925 0.786730051 0.79425931
    0.397555709 0.945451915 0.728585899 0.886971712 0.972089171
    0.100814939 0.755530357 0.15115723 0.656081498 0.895727992
    0.914990544 0.261971682 0.958739758 0.21585393 0.685284257
    0.0267906487 0.0302821696 0.0812978745 0.030487448 0.399129748
    0.351099759 4.81009483e-05 0.688291907 0.597379982 0.736921251
    0.010001421 0.154809088 0.468076944 0.563038111 0.20180434
    0.197832167 0.986329556 0.304142654 0.390271991 0.624497712
    0.439938515 0.37149328 0.364926159 0.255300403 0.964946389
    0.710858941 0.171137989 0.849718153 0.118155092 0.02236408
    0.12512663 0.595456123 0.339504838 0.140783817 0.2517851
    0.0509945154 0.789199352 0.639919221 0.0533570945 0.727889359
    0.176478893 0.996421933 0.735373676 0.370306075 0.916932106
    0.995702147 0.619430482 0.44193691 0.851902008 0.166461378
    0.471543133 0.275393188 0.0112668276 0.513438702 0.395551682
    0.6666767 0.986477315 0.235050529 0.576662242 0.33820194 0.966530323
    0.67857492 0.408553183 0.589242995 0.91195333 0.61577493 0.052313
    0.13573882 0.805410504 0.186974525 0.421050936 0.85058403
    0.132139713 0.569966912 0.871420741 0.42431134 0.567185819
    0.182239801 0.778398037 0.0279040635 0.470856905 0.584184051
    0.560097158 0.323933512 0.281243294 0.982710838 0.547388494
    0.341646969 0.34308815 0.348115265 0.963357568 0.185304016
    0.346175849 0.6948722 0.0657129288 0.120550811 0.73570174
    0.700750411 0.485464782 0.168910235 0.513999045 0.830469728
    0.106595576 0.240043461 0.456953555 0.33836776 0.20093447
    0.978847325 0.718944073 0.990222812 0.623048782 0.961648047
    0.775417328 0.58551234 0.582027316 0.726861119 0.621265233
    0.470777422 0.433263928 0.866548538 0.053132087 0.693150342
    0.270105243 0.940236866 0.140610158 0.922448874 0.945460677
    0.912065983 0.475006938 0.487773091 0.401769429 0.835060537
    0.935284376 0.65207088 0.786202669 0.845490456 0.617165327
    0.0486018062 0.354993582 0.891197562 0.51801306 0.570164919
    0.269156218 0.877327919 0.0940324664 0.020971477 0.845989823
    0.911830664 0.325344861 0.716209948 0.742320299 0.338488936
    0.162051469 0.855015635 0.464303017 0.795154452 0.131749809
    0.837276936 0.561280549 0.763293922 0.846368313 0.681614161
    0.0366551578 0.945440829 0.990312159 0.701038599 0.3848975
    0.748131096 0.113537908 0.968897581 0.943870664 0.754846692
    0.723734498 0.326555043 0.116354525 0.526440382 0.248304278
    0.182498991 0.209651291 0.568370342 0.688138425 0.659891486
    0.451691002 0.607515812 0.0414876342 0.935417533 0.0945930183
    0.740107477 0.0103224516 0.941946864 0.578982592 0.307960927
    0.596336663 0.806255341 0.428676903 0.527695656 0.0491870046
    0.800217032 0.42373845 0.461977184 0.280724943 0.640292645
    0.411717415 0.491405129 0.39527899 0.580712855 0.171303183
    0.142373741 0.10055995 0.513863385 0.425262332 0.211933374 0.731987
    0.637502313 0.561276317 0.142366052 0.658146322 0.874018431
    0.992849231 0.333511382 0.736579597 0.969653487 0.912481189
    0.957278252 0.576233029 0.82455337 0.95990479 0.629764438
    0.071649611 0.577952802 0.839287579 0.967102408 0.0659530461
    0.225204617 0.199742645 0.549563766 0.473390937 0.194208354
    0.124703616 0.963893533 0.406905621 0.481937468 0.599129677
    0.978594065 0.365358114 0.749342442 0.139366925 0.0105864108
    0.180818975 0.986891568 0.890965939 0.905590653 0.84197104
    0.430780113 0.945509911 0.65349257 0.160306662 0.474547505
    0.828027129 0.00885275006 0.797263622 0.284671426 0.86195606
    0.255234838 0.171642572 0.2944175 0.457479 0.878125787 0.197914928
    0.0776042938 0.577549934 0.252145022 0.820154727 0.447442293
    0.715186119 0.266359627 0.398955584 0.380945861 0.652972281
    0.234131932 0.894976497 0.552327096 0.508146644 0.520610988
    0.614936113 0.154408604 0.730035543 0.423761249 0.377369165
    0.766953349 0.857445121 0.156094611 0.0860063136 0.127411991
    0.812644124 0.395126641 0.437221557 0.814825773 0.743837535
    0.767629266 0.874106646 0.55837363 0.7730335 0.112029523 0.190616995
    0.0132878721 0.793792009 0.362699568 0.37261796 0.346129298
    0.677396297 0.334563583 0.977188051 0.294023573 0.183473736
    0.553316474 0.754461408 0.680434704 0.579384208 0.0269607306
    0.37751168 0.585336387 0.873302698 0.868182063 0.405452669
    0.799416304 0.81083262 0.0183459222 0.303400517 0.946794808
    0.237067431 0.419653386 0.759092391 0.670903802 0.448919594
    0.761033535 0.362039715 0.504622221 0.970579982 0.674460888
    0.436488658 0.078791678 0.528458893 0.955706954 0.175500512
    0.570509315 0.358251512 0.0877353251 0.394063592 0.519332409
    0.249306291 0.845057011 0.447973371 0.018710494 0.579387009
    0.294586122 0.478739023 0.610043883 0.892567396 0.706528962
    0.262143016 0.374599367 0.591151953 0.921943426 0.118876189
    0.584996521 0.324072659 0.488592654 0.672944486 0.375936627
    0.827903628 0.480058372 0.803239346 0.0483866036 0.466854036
    0.651575565 0.919724762 0.486966133 0.0571446717 0.21318388
    0.158825517 0.734391809 0.429691732 0.361191213 0.311302304
    0.11687246 0.379166633 0.0650243461 0.539730847 0.832356572
    0.257798374 0.262462378 0.0617760122 0.331319213 0.141704202
    0.726780713 0.0217595398 0.380616367 0.830441535 0.34863472
    0.436367273 0.0617447793 0.995882213 0.102896541 0.766372859
    0.774178147 0.929162979 0.501773715 0.629942298 0.481278926
    0.545619845 0.490874231 0.197873414 0.882495165 0.424249947
    0.787072122 0.953685403 0.955738604 0.58089447 0.319872051
    0.377885282 0.766457081 0.452414751 0.0711235702 0.289476037
    0.191769928 0.00256547332 0.73184967 0.256796181 0.210314423
    0.157489121 0.756703854 0.774801254 0.378763855 0.633601487
    0.227882355 0.949064136 0.500258029 0.577104867 0.795049489
    0.449049145 0.931018233 0.926687837 0.0313271284 0.74755609
    0.87996459 0.63550055 0.29434222 0.787873685 0.770042717 0.294482201
    0.84456712 0.215920419 0.412511885 0.224781334 0.409398377
    0.612238705 0.866184652 0.508188009 0.0564869344 0.488334566
    0.435372472 0.852693439 0.582952142 0.311802208 0.691941142
    0.936370134 0.0663780868 0.229142427 0.193965107 0.591677964
    0.801375747 0.995331526 0.895019054 0.903399289 0.499909937
    0.18337062 0.33647877 0.143880159 0.71050173 0.388861001 0.863870382
    0.0187461376 0.442799926 0.402278721 0.846426845 0.236010313
    0.711132288 0.280807585 0.154569745 0.896232009 0.0867471099
    0.052711755 0.0393894911 0.301583111 0.789268076 0.187745035
    0.317929626 0.314542323 0.993998885 0.347292393 0.617307186
    0.350502491 0.845796227 0.492305905 0.594182014 0.676489532
    0.243943363 0.0131695271 0.285073131 0.866894424 0.0658789873
    0.509143591 0.216345012 0.539164484 0.997115374 0.808758259
    0.729582727 0.243626297 0.564640403 0.61298728 0.719781876
    0.755527735 0.308999956 0.990362048 0.208764255 0.524277568
    0.287868023 0.227613062 0.38680169 0.858006954 0.26029551
    0.122688174 0.790873468 0.430385292 0.790278912 0.382030994
    0.621624231 0.404542267 0.428756595 0.942389369 0.566071987
    0.872990847 0.348699629 0.420928478 0.151594669 0.475511819
    0.0895325541 0.902375519 0.492523432 0.798847318 0.979036212
    0.0497365594 0.578301191 0.00783193111 0.252810657 0.18216598
    0.876693726 0.305797189 0.788467288 0.982504606 0.657844484
    0.361589015 0.228451252 0.584823608 0.978244305 0.10338378
    0.522852063 0.492919445 0.18443346 0.255391777 0.367664814
    0.663059235 0.3531183 0.885360122 0.228977978 0.0277412236
    0.906602025 0.8201949 0.876311421 0.671798944 0.3967987 0.149442166
    0.329240501 0.642130613 0.239435583 0.867204189 0.038615644
    0.588884413 0.626627922 0.392745793 0.773991704 0.908437908
    0.148212135 0.702210307 0.568107009 0.549868822 0.797600627
    0.432000667 0.0198625922 0.550571799 0.397130489 0.627090335
    0.644272864 0.790538609 0.680831134 0.221683621 0.727677703
    0.728408337 0.97175324 0.958935857 0.345454544 0.690184772
    0.218760192 0.78707993 0.280849546 0.208335131 0.264862776
    0.379979074 0.673884749 0.360084593 0.332601905 0.679874897
    0.364968777 0.711689711 0.223490924 0.116571367 0.547810614
    0.708999753 0.0775177479 0.27886951 0.752177298 0.183313608
    0.927317739 0.63616097 0.313419193 0.530801833 0.800983906
    0.455132127 0.415680051 0.675392866 0.265275478 0.251014352
    0.302386045 0.268336177 0.584676862 0.926298738 0.0603809953
    0.298298478 0.222446799 0.872412682 0.371778905 0.488330632
    0.490704983 0.0673498511 0.533690751 0.17369917 0.955808401
    0.378938794 0.288108468 0.443255663 0.486993998 0.320143282
    0.527366519 0.00309547782 0.731695414 0.6709764 0.189569116
    0.082626611 0.523646951 0.597192168 0.92043978 0.218879014
    0.0664397478 0.167244613 0.819837928 0.436901808 0.978113949
    0.0535362661 0.478169918 0.515286267 0.5250054 0.180865675
    0.78771925 0.693579674 0.509297669 0.157087654 0.242149979
    0.510709047 0.97130537 0.457428545 0.181177557 0.163092464
    0.306902409 0.916549027 0.911547422 0.798572659 0.301223516
    0.903725624 0.197892368 0.262818038 0.372336686 0.529559851
    0.812258244 0.668746352 0.707263291 0.0524226725 0.0302417576
    0.713175654 0.570243478 0.622728705 0.674791873 0.746720433
    0.118611038 0.520428717 0.302136838 0.687572539 0.669118643
    0.612832427 0.482160687 0.960291028 0.324347079 0.131285608
    0.91412276 0.217352986 0.995762348 0.0167097747 0.332732558
    0.27934888 0.696382403 0.295392215 0.929208755 0.895272851
    0.561176956 0.84549588 0.229159087 0.88119626 0.252821386 0.38866809
    0.256552964 0.614305854 0.148061693 0.672694683 0.669754565
    0.202937275 0.742223978 0.95673573 0.255152106 0.0111503005
    0.51628226 0.915174365 0.967316866 0.899743199 0.700719476
    0.955196619 0.377771407 0.243741661 0.252251029 0.467543304
    0.123480171 0.859800696 0.395845711 0.560314775 0.270832539
    0.572413564 0.36078608 0.356280327 0.277290165 0.0540164411
    0.623971999 0.902949929 0.878345132 0.942645073 0.833674312
    0.455505133 0.747947037 0.151909232 0.770098567 0.775813878
    0.441054821 0.362541229 0.148174495 0.535760164 0.851567745
    0.0225717127 0.0640655458 0.281014472 0.509025872 0.00947764516
    0.348105013 0.0834139585 0.657444835 0.178631663 0.133586824
    0.00185790658 0.29630959 0.355730146 0.364683151 0.268707216
    0.168366402 0.942111254 0.958512187 0.222818673 0.954620242
    0.999614716 0.303224087 0.957365394 0.0760704875 0.242501616
    0.117077649 0.843291581 0.782136917 0.00929576159 0.50063318
    0.727391005 0.232338518 0.0881496072 0.947453022 0.388538361
    0.290485442 0.0524001718 0.367857754 0.571817398 0.696686327
    0.113387287 0.647223771 0.175969958 0.0144050419 0.457772553
    0.0637225509 0.346118808 0.102876842 0.727471709 0.863492668
    0.213866591 0.52284497 0.530077517 0.926154256 0.511504829
    0.709991574 0.345037103 0.13541919 0.45905301 0.293524265 0.12749508
    0.0843522847 0.335080445 0.478284329 0.461716831 0.614097893
    0.669939995 0.145008087 0.40340966 0.0974699855 0.373779893
    0.326772392 0.0332358479 0.159741491 0.0525019169 0.476787746
    0.107554257 0.80064249 0.64566344 0.219970047 0.206218719
    0.431720763 0.0568618178 0.0600640178 0.903960049 0.00634732842
    0.953568816 0.97285527 0.0243659914 0.502201438 0.386089057
    0.0614647567 0.789843917 0.245501667 0.0221340656 0.498122185
    0.911038935 0.504152298 0.868589759 0.665449739 0.466679245
    0.846228957 0.125502616 0.893490136 0.590838909 0.670059919
    0.784163058 0.370757759 0.159924477 0.10375753 0.944580734
    0.630528212 0.594948709 0.149553478 0.924332142 0.555192709
    0.705811977 0.646260977 0.852321744 0.751832485 0.709399998
    0.487799317 0.485068977 0.528982699 0.397646874 0.793012857
    0.860936821 0.0666544139 0.356112361 0.816644073 0.862691283
    0.464883685 0.577837408 0.158891231 0.739367068 0.96105814
    0.0114236772 0.721193314 0.368935019 0.520025253 0.872261405
    0.718123794 0.68243444 0.175954312 0.416307151 0.578985155
    0.56838727 0.879570007 0.595437109 0.777614713 0.308600068
    0.314586848 0.945861578 0.860353291 0.678398848 0.576357841
    0.550386667 0.148293704 0.777103305 0.276980758 0.0828151405
    0.0265175104 0.856865644 0.133087486 0.864424348 0.101454228
    0.154490262 0.511472583 0.0686424673 0.119800478 0.186717272
    0.671213508 0.663264811 0.972785056 0.0648709238 0.175869703
    0.34353137 0.167242706 0.315925717 0.451637089 0.102627009
    0.146328568 0.962589622 0.395005524 0.661982417 0.486097872
    0.128029972 0.793535888 0.182316601 0.0685109794 0.734135211
    0.825356245 0.477057576 0.308440864 0.730832398 0.409577519
    0.128276974 0.884493113 0.619649291 0.93053633 0.630597234
    0.969427109 0.440336525 0.815593719 0.040656209 0.445599526
    0.577528656 0.456953615 0.97246784 0.0822303593 0.0233255327
    0.990012407 0.45273 0.628312707 0.670347452 0.420944095 0.42751947
    0.853984833 0.0391303301 0.705513775 0.683012068 0.582989872
    0.457911611 0.245856673 0.798825622 0.7051512 0.298590243
    0.177496701 0.0452511013 0.328938305 0.938982606 0.878644884
    0.693094075 0.696260333 0.871511161 0.137238026 0.120318979
    0.320250213 0.374436915 0.0740450025 0.988556981 0.993314624
    0.470276415 0.125876635 0.824790478 0.614869475 0.0543226898
    0.935668468 0.0407579243 0.0393473208 0.262227356 0.634407103
    0.0747048259 0.499507219 0.710698247 0.541534007 0.764323056
    0.214824408 0.800542593 0.911168873 0.241126597 0.0780007839
    0.657405138 0.0282160938 0.385832608 0.705425143 0.0439457595
    0.0781375766 0.3878178 0.484837949 0.715180039 0.29051429
    0.117769867 0.875419557 0.893168509 0.0303371251 0.878771842
    0.937997699 0.652920663 0.985020459 0.260460258 0.505518436
    0.891966343 0.420908034 0.203480422 0.164560914 0.780053854
    0.622791886 0.24933216 0.222906351 0.585337579 0.491110533
    0.0176906884 0.648676217 0.903351367 0.642211795 0.247439861
    0.737521231 0.609341621 0.923702836 0.487000018 0.794142783
    0.3696329 0.368680537 0.939527512 0.126104504 0.449657857
    0.310105562 0.426088095 0.0932882726 0.445369929 0.551409304
    0.0282630026 0.693913043 0.297644049 0.136936575 0.361611545
    0.167248964 0.876402259 0.68474412 0.354321361 0.109447867
    0.665029347 0.374035567 0.432220936 0.541760564 0.60846889
    0.937894464 0.356637239 0.983323336 0.614787459 0.717604399
    0.981440067 0.423661739 0.42569834 0.205380291 0.242388427
    0.342133105 0.362014413 0.957812786 0.657292128 0.207718283
    0.892230034 0.869607091 0.0105882287 0.590975225 0.511747122
    0.381003559 0.170742393 0.720113754 0.327576697 0.975122094
    0.0817989111 0.43385604 0.258316636 0.408869684 0.93379885
    0.787873864 0.861072421 0.668468297 0.67743212 0.0620461404
    0.0617937446 0.100941867 0.0547248125 0.841639161 0.46338287
    0.231107473 0.710988164 0.0261617601 0.604156852 0.461974919
    0.108592331 0.770873189 0.66918242 0.536736786 0.243037522
    0.324466914 0.880807877 0.131644636 0.536849022 0.0224947631
    0.162767291 0.465263218 0.705427885 0.41661191 0.581809282
    0.279686809 0.310980797 0.939170003 0.933561504 0.277238697
    0.895772576 0.332843542 0.596197248 0.503343165 0.538514078
    0.682576716 0.915710211 0.0952177644 0.780470252 0.44764477
    0.517560482 0.955740511 0.655372977 0.853294432 0.0371099114
    0.607687771 0.433362663 0.0358081162 0.56790942 0.640278041
    0.695213318 0.00178959966 0.0856372714 0.35559085 0.174473941
    0.9734267 0.328216612 0.98953408 0.988408446 0.886465549 0.25583604
    0.874880612 0.453491271 0.744930625 0.761522472 0.29370749
    0.106232494 0.766995251 0.0262074172 0.415388167 0.921638131
    0.439914048 0.685353935 0.0273817778 0.621651053 0.0562371612
    0.313914508 0.41429466 0.45622316 0.294185519 0.721134782
    0.861789942 0.35850656 0.62757951 0.182629228 0.89912349 0.469162196
    0.160561234 0.695478439 0.0954689682 0.0368041992 0.544882059
    0.568981767 0.0391478837 0.0755909681 0.884277165 0.1000866
    0.696096539 0.573183179 0.876774251 0.717429161 0.0992028117
    0.959685802 0.0789946914 0.683158338 0.77972728 0.107737958
    0.759339809 0.845541358 0.587508202 0.400159657 0.527336538
    0.293796241 0.985556483 0.226656407 0.913474679 0.921345294
    0.987479925 0.75064218 0.346980751 0.538495541 0.221641362
    0.946215212 0.297682703 0.0449351072 0.493207991 0.982286215
    0.847441673 0.0327436626 0.187098652 0.157710671 0.445911616
    0.726682127 0.323898762 0.725694835 0.603708327 0.122262061
    0.0861642063 0.000827163458 0.509827197 0.693693399 0.460788161
    0.134939641 0.799322128 0.386552244 0.0328700542 0.272357345
    0.321468532 0.53976804 0.468073964 0.255266726 0.257677436
    0.948310733 0.407366544 0.227648288 0.718088806 0.13518253
    0.85603565 0.702033699 0.0828342736 0.161487311 0.269028366
    0.459222227 0.827160358 0.836045384 0.587218285 0.673663199
    0.547835112 0.499387056 0.481745929 0.254517555 0.729771495
    0.206211597 0.337290555 0.14865312 0.144549459 0.157074183
    0.0508562028 0.492090464 0.641849637 0.217826247 0.595370173
    0.018306911 0.854647994 0.976348996 0.109832257 0.526888907
    0.679993808 0.947235346 0.833593726 0.547963858 0.14742282
    0.381986797 0.733599663 0.457948148 0.323828101 0.323087782
    0.299403906 0.953244686 0.271098554 0.287621439 0.641691685
    0.562893033 0.546256423 0.598714828 0.0764656067 0.873020709
    0.0458069444 0.0731268227 0.892751575 0.862593234 0.955304146
    0.973175466 0.76691854 0.747734904 0.19887048 0.129352629
    0.597996235 0.579001009 0.881376088 0.37265408 0.412515819
    0.779929817 0.571027637 0.541789711 0.156346977 0.926689208
    0.311479151 0.461929828 0.934912086 0.72200942 0.987797499
    0.641181529 0.143710017 0.854875624 0.428775191 0.510035813
    0.420564294 0.287616611 0.0025061667 0.397954732 0.767117739
    0.530977249 0.00225636363 0.0433315635 0.981171668 0.321456134
    0.721945405 0.797627926 0.85052681 0.435823143 0.767690063
    0.768423915 0.752662718 0.759211063 0.61058712 0.959342241
    0.406811565 0.212464899 0.27847448 0.518398941 0.698002577
    0.922722101 0.0851829946 0.91607362 0.313471794 0.373518407
    0.0779278278 0.0214727819 0.524588168 0.225648612 0.688485026
    0.571046531 0.91226995 0.20548135 0.134101242 0.800190389
    0.340801001 0.968891859 0.0603963435 0.763434172 0.30758056
    0.594598293 0.435327649 0.72585398 0.96776861 0.165451854
    0.626043916 0.584616125 0.329110563 0.58612448 0.41629976 0.51598078
    0.224963874 0.771663487 0.319363058 0.927621365 0.821518779
    0.995020151 0.763326585 0.92354393 0.671560407 0.738837957
    0.954777956 0.633800864 0.238380194 0.188887149 0.871271372
    0.041918993 0.623801231 0.688694537 0.50324893 0.70918119
    0.445001513 0.368576884 0.517090321 0.620347738 0.97897023
    0.355321527 0.449026406 0.0433118641 0.671819329 0.148791909
    0.106624216 0.492629439 0.330724597 0.909948766 0.341493607
    0.123902082 0.926132083 0.283130735 0.134683341 0.682759941
    0.811852932 0.556443453 0.399914473 0.186831623 0.57662487
    0.617166877 0.466533959 0.839011908 0.107376873 0.523116171
    0.153878987 0.122442454 0.117903292 0.974818587 0.556508482
    0.357845485 0.113244683 0.285820305 0.1793859 0.207384646
    0.521231413 0.247694999 0.734856665 0.2236076 0.88498795 0.662968516
    0.791376591 0.561193407 0.265413284 0.207275182 0.0901128352
    0.0193809867 0.388546109 0.85304445 0.0788693428 0.684805751
    0.909306407 0.642479479 0.459765017 0.306086779 0.37489593
    0.92738831 0.868429542 0.725031674 0.79503876 0.0855036676
    0.968208253 0.0927065909 0.230814874 0.555262327 0.295794576
    0.341870308 0.905204177 0.238589674 0.537926197 0.327006578
    0.759110451 0.935806751 0.407983065 0.649933457 0.675590396
    0.357452989 0.207599282 0.502421737 0.435844183 0.382441223
    0.177507967 0.71058625 0.464079082 0.282109767 0.401259392
    0.364454508 0.59172374 0.76125145 0.468391359 0.117233932
    0.313512653 0.30179131 0.816770017 0.0592065156 0.411444783
    0.201771766 0.551683068 0.889569461 0.953800678 0.62498349
    0.662712693 0.723875642 0.898881674 0.0387147665 0.417611957
    0.160560042 0.511693239 0.433564544 0.672924995 0.388037264
    0.956414104 0.627321124 0.365955055 0.235012233 0.192236125
    0.318780839 0.0955453515 0.826532006 0.478097737 0.687804699
    0.835131526 0.59736836 0.537115872 0.364274293 0.30049479
    0.387397408 0.463098526 0.0157572329 0.962366223 0.399728149
    0.38697657 0.861274242 0.36262399 0.90225774 0.368800581
    0.0422442853 0.925174236 0.828078151 0.122471333 0.219480962
    0.885472059 0.797350407 0.0445904434 0.172412574 0.743956745
    0.445450872 0.065856427 0.776327014 0.688113749 0.260910571
    0.90273726 0.705694199 0.291240811 0.407766163 0.172111601
    0.663443923 0.115090221 0.448612481 0.195201099 0.750075221
    0.878402829 0.0447018445 0.478266269 0.397421449 0.696194351
    0.0621356964 0.105113804 0.0967513323 0.743726552 0.755636692
    0.231317639 0.957318425 0.740210772 0.854812264 0.955882788
    0.562559843 0.800405562 0.489749223 0.0546246171 0.904543698
    0.00514671206 0.264268935 0.717289329 0.591041088 0.318681538
    0.24427712 0.673959613 0.132152468 0.841063738 0.155447692
    0.324891567 0.463107795 0.0936551392 0.763048291 0.405179024
    0.789649189 0.594820738 0.543243825 0.505908251 0.926624179
    0.183665097 0.527130961 0.821116447 0.156011999 0.0499879718
    0.967303872 0.810997128 0.239080846 0.988045275 0.315307736
    0.324227929 0.148494929 0.169331133 0.225075245 0.387550771
    0.599339843 0.308241189 0.673599422 0.463127106 0.503730416
    0.886959314 0.610928714 0.589136362 0.867699504 0.0302182734
    0.888177037 0.53884995 0.733700156 0.498664409 0.76060611
    0.952189982 0.892212629 0.414686471 0.953085303 0.132457435
    0.285373986 0.889767885 0.364161402 0.527247608 0.285852671
    0.849319339 0.505235136 0.138340086 0.976952195 0.81608367
    0.726436496 0.696471751 0.400921226 0.00977572799 0.545324862
    0.424692363 0.582522213 0.831292927 0.999316573 0.422664046
    0.87568903 0.0604487658 0.776067853 0.101151764 0.657974243
    0.939952731 0.854088128 0.693346381 0.933679461 0.687697291
    0.0664921999 0.027707845 0.726862133 0.352914274 0.457333028
    0.764271975 0.182654411 0.582205713 0.176272064 0.544786274
    0.771427155 0.327380061 0.750135541 0.434729934 0.682768762
    0.748348236 0.517461061 0.121123075 0.580463767 0.71072185
    0.699217081 0.399527669 0.222312063 0.590657651 0.599598587
    0.996965528 0.541226923 0.560828924 0.160733134 0.241153032
    0.0722444355 0.236770689 0.385070294 0.498395771 0.40638563
    0.805015922 0.396065593 0.193786532 0.657858133 0.994796991
    0.358313501 0.978056431 0.34069562 0.920213938 0.669127107
    0.0595673621 0.571566045 0.761061311 0.467870861 0.816501975
    0.892805696 0.405427068 0.112232119 0.565221727 0.559839487
    0.397808373 0.617742658 0.18872416 0.37467736 0.997582793
    0.341788888 0.329077244 0.152789861 0.329605162 0.339142442
    0.897695482 0.349742442 0.628882289 0.799991727 0.0963332355
    0.0770511031 0.246709585 0.501811326 0.813212872 0.55819267
    0.19728601 0.526952744 0.159026206 0.967510104 0.814952195
    0.461154819 0.424090713 0.812311292 0.875661135 0.105598181
    0.713619888 0.982565165 0.0886723995 0.873696387 0.57509762
    0.843289137 0.956023335 0.82651937 0.816258192 0.629133582
    0.791523933 0.364929229 0.594628155 0.0605099797 0.0656959116
    0.270426393 0.213358164 0.605499685 0.996350765 0.572974145
    0.484876782 0.483245641 0.226996869 0.957253695 0.868646026
    0.842582345 0.957961082 0.161123842 0.252853006 0.892086387
    0.823348701 0.530549228 0.730306029 0.903704584 0.513591588
    0.702816367 0.595325708 0.318392158 0.611513734 0.0698860288
    0.939991236 0.112146676 0.0510304272 0.744933367 0.786017895
    0.147498369 0.482409269 0.539236248 0.401116669 0.0561459363
    0.442150056 0.256509602 0.655354381 0.0389451385 0.295784682
    0.920460999 0.467643261 0.065548718 0.597775042 0.533968687
    0.511613369 0.733133376 0.509433329 0.231542557 0.662234306
    0.429619908 0.262348771 0.0221193433 0.327085316 0.315468967
    0.606798947 0.905232787 0.0121007562 0.153974891 0.96139133
    0.764827847 0.502252102 0.32475093 0.364180624 0.560065269
    0.308824807 0.424269557 0.208951086 0.548004091 0.856077194
    0.197154939 0.334499329 0.925779104 0.653262079 0.22480309
    0.717178345 0.23911047 0.803986132 0.423421144 0.553909957
    0.876318812 0.237057 0.687331855 0.110266984 0.970412374 0.32770741
    0.638155162 0.157486737 0.540602684 0.425876021 0.0644548535
    0.602449834 0.854622126 0.959780276 0.383869022 0.969022512
    0.157077372 0.249309391 0.278381914 0.993332386 0.782538235
    0.7016536 0.36580056 0.152295679 0.928019524 0.540221274 0.783854008
    0.654695988 0.688896239 0.42908138 0.449211359 0.857007146 0.5711537
    0.362269819 0.0473825336 0.585821688 0.400055707 0.673025131
    0.817746639 0.0348961055 0.670844495 0.531794429 0.755349278
    0.00674492121 0.0936559439 0.177312046 0.522739589 0.792954504
    0.273483753 0.357083827 0.91158247 0.85311234 0.637070298
    0.222306997 0.0477976799 0.412362963 0.179147333 0.655947328
    0.354783356 0.149156034 0.600291848 0.431244612 0.508630395
    0.389059782 0.488568693 0.198099375 0.247858256 0.884057403
    0.624846816 0.142393231 0.295213401 0.122855514 0.611615121
    0.751486778 0.610776901 0.142363906 0.337459356 0.668732285
    0.568472624 0.600815654 0.575654924 0.139347523 0.186844409
    0.557680666 0.571042359</data></test_img>
<my_img type_id="opencv-matrix">
  <rows>128</rows>
  <cols>256</cols>
  <dt>f</dt>
  <data>
    0.3327654 1.27221251 0.606659889 -0.121412158 1.05538726 0.000864923
    2.08355951 2.09622192 2.0044136 -0.0180109143 0.0482856631
    1.96603775 0.298628986 1.01869607 0.155314624 0.6704669 -0.29053098
    -0.180029958 0.959528327 2.1065352 2.07544088 1.65367174 0.62422663
    -0.0231973231 0.976697385 0.0815567374 -0.166476578 1.37084365
    1.36025214 0.11050868 0.304237425 0.59646982 -0.0283439159
    1.74778223 1.89024019 2.07598519 1.16687512 1.49839628 -0.335845798
    1.07622671 -0.0392034054 0.770093501 0.0309964418 1.90941894
    1.93014657 -0.204857886 1.0517447 0.39024508 2.03120756 0.44112289
    0.610247552 1.85940993 0.641234577 1.55919671 -0.139103293
    1.38365221 -0.316494465 0.628498912 1.74924231 1.77861488 1.3472029
    1.32612681 1.63324261 1.82468772 1.04885769 1.84929705 1.01537406
    1.88161325 1.17933869 0.212253809 1.76949406 -0.300590485
    0.651203752 1.30339575 1.99735224 0.923784494 1.1317488 0.675757408
    1.75431609 1.66766167 -0.433382332 1.55200207 0.146734446
    -0.427817851 1.47926807 0.030610919 2.03069067 0.180937409
    1.26661456 1.14050865 1.57907224 1.11413145 0.805172682 -0.132485271
    0.145032465 -0.106929868 0.647599339 0.953129292 -0.336520106
    -0.339916825 1.99224865 1.1559763 1.41545177 1.82108903 -0.19698827
    -0.256867349 1.95921671 1.49890685 0.922853112 -0.0486497283
    1.5612247 0.772914052 1.50484848 1.80389106 1.76292694 1.17357397
    0.190930426 0.924523592 1.78273869 2.04637384 1.12627125 0.603910625
    1.49240506 1.47948122 0.564070106 0.907455325 0.556769967 2.03517962
    0.454796195 1.94542384 1.01041305 -0.354017615 0.944904923
    1.58234775 1.70764148 1.14388454 -0.10267362 1.00749612 1.64900064
    1.36984444 1.04255259 0.0432327986 0.19253552 1.79442406 1.05780196
    2.00991106 1.08747053 0.693246067 0.753792346 0.476735234
    0.357316226 1.28394544 1.06065011 2.1226275 -0.0777785182
    -0.46231252 1.83050418 0.949969351 1.20428395 1.66183639 1.43944514
    -0.164875507 -0.274859905 0.195613593 -0.0216727853 0.978456795
    0.55435729 -0.0256413221 1.66759539 0.716722608 0.315288424
    1.16204667 0.619243205 1.8665427 1.62570691 0.0554149151 1.00531387
    1.47011113 1.98796535 0.0997559428 1.75253153 0.706635714
    -0.487982929 1.82680666 0.0374712944 0.869070888 0.978253722
    2.00332403 0.0554395914 0.576185703 1.27952778 0.632671833
    0.730445027 1.45873058 1.68493617 1.64121497 0.13240999 1.99687135
    0.850318253 1.12603498 0.358514696 1.27021217 0.180351794
    -0.378039241 1.60231555 0.463235497 1.11809564 0.389048755
    1.64071715 0.620592773 1.82930386 -0.446011394 -0.306965977
    0.791956544 1.19120419 1.51318645 1.84469366 0.738152981 1.518731
    0.903610229 0.794998467 0.874804199 0.929903269 0.581305683
    -0.444413006 0.361118138 0.00851365924 -0.0323729217 0.615010738
    0.777128696 -0.392662913 0.496290714 1.42266059 1.34247291
    1.08715308 0.814095855 -0.463517368 0.948709786 0.320141971
    0.147259355 0.807458639 1.03799748 0.409270197 1.24762344
    0.758225262 0.720031679 1.17075896 1.7119081 0.27307117 1.81090021
    -0.43884027 1.00651145 0.860551834 0.58450067 0.38640517 2.00208282
    1.21180427 0.730149508 0.588584304 -0.191783667 1.09077859
    -0.0839909315 1.597785 0.0683090687 0.665471673 -0.159017742
    -0.0408071876 1.65661013 1.61512351 1.43803883 1.79590786
    -0.169409484 -0.44950372 -0.0071234107 0.829417169 -0.363814473
    0.860628903 -0.233400702 0.748383045 0.746238768 1.14386487
    1.94559932 0.226784945 1.42868519 1.54018116 0.59527868 1.62790835
    1.86191583 0.631028593 0.289826274 -0.38152951 -0.0256958008
    -0.0930173993 0.332555532 0.000437021255 1.85630369 1.63086522
    0.858642757 1.54005814 0.130500972 0.979917407 0.809619486
    1.41291428 -0.545516372 -0.379709482 1.90332317 -0.221014738
    0.543231487 1.17294466 1.11353064 0.788827777 0.791679025
    -0.197165132 1.38295543 1.68041039 1.00881493 0.0503149033
    0.329491377 1.94349992 0.168761194 0.560489178 1.59540844 1.41757953
    0.897647619 0.224701762 -0.112440765 1.80644476 1.6535666
    -0.318376034 1.83261204 0.540875971 1.80400991 0.324631751
    -0.545021534 0.716505706 -0.579597235 -0.569266081 0.202305555
    0.443063617 0.773273408 0.754296958 -0.0466908216 1.74942899
    1.33390617 1.34977615 1.6974864 0.623383105 -0.276002496 0.987276137
    -0.05461061 0.204508722 0.133207381 1.88059688 -0.104276329
    -0.052662313 0.491491437 0.0168343186 0.606756806 1.94335282
    -0.203952074 -0.452185452 -0.423139513 0.406578541 1.04578257
    1.17165518 -0.521430612 0.996412218 -0.651159525 0.353130519
    1.45756841 1.66819596 1.55576324 1.06920481 1.20403504 0.0617232323
    -0.651355743 0.833538353 1.26757252 1.31869769 1.01927233
    0.404442668 1.77512383 0.222231686 1.57976341 1.41096318
    0.0649902225 1.13662183 -0.175596237 -0.017506361 1.03266597
    1.21044016 -0.10432452 1.94274879 -0.627883673 1.71554184
    -0.384429485 0.215657532 1.24967897 1.21342492 1.70052695
    0.429148316 -0.695260346 -0.331142813 2.01203823 0.191970527
    -0.0630294085 -0.376444936 0.502258003 -0.101370335 1.1846385
    0.473538995 1.77986884 -0.0619469285 0.189931452 1.06621885
    1.45408297 1.86113358 0.65215975 0.867286384 -0.0791842341
    0.283638179 0.823785961 1.94748127 1.39325869 0.0872817636
    0.37244457 0.00534421206 -0.696030974 1.49913025 1.28080845
    1.62858558 0.993143737 1.60718226 -0.67365706 1.37632585 1.88691473
    -0.536520541 1.24018931 1.93274736 0.325128436 1.58232379
    -0.443623096 0.833554089 0.295064628 -0.419623435 -0.0688506961
    -0.182345301 0.610431969 1.41114497 0.764940977 1.61814523
    -0.795890391 0.79349494 -0.335328013 1.44962776 0.0383217931
    1.10088062 1.37691045 -0.083567977 -0.560038269 0.689635694
    0.461327434 1.84873486 1.04571927 0.650600731 -0.078186214
    1.83025956 -0.456434935 0.110247791 1.97760201 -0.442710757
    0.532493472 1.13069737 1.0431807 0.236932278 0.594934225 0.451285541
    0.643989444 0.00691133738 1.9496603 1.48700726 0.685622811
    -0.176187426 1.16520429 1.12273932 0.965695918 0.522608817
    1.55879164 0.163547218 0.979122937 -0.580208242 0.83509624
    0.0715851784 1.63840699 0.685433328 1.5468688 1.84371781 1.37617278
    0.742461324 -0.372182012 0.194843352 0.313951313 -0.0255054235
    0.0380363464 1.40775931 -0.192719281 1.3569541 1.59242582
    -0.518119872 0.272804856 0.043158412 1.20500517 1.13970971
    0.735054851 0.74828732 1.91004395 0.441886723 0.647510707
    -0.438971519 0.23503834 -0.171567768 0.778073668 1.82903361
    0.437156677 -0.150841951 1.76907539 1.32439065 1.36870861 1.73978102
    -0.162017643 -0.396606296 -0.318496823 0.741564691 -0.410794854
    1.98764193 0.991578817 -0.352134436 1.93520534 -0.670527518
    0.838765204 0.144999087 -0.0422046185 1.5521152 -0.153415143
    1.22614205 0.697661281 0.962592959 0.84042424 1.36835122
    -0.607473969 0.245107353 0.387503326 1.31327367 0.170169652
    -0.65154177 0.412221968 0.198981464 1.378438 1.49159575 1.66658854
    -0.478242695 0.268480182 1.26063788 0.853394628 -0.77625519
    0.837457359 -0.635061145 0.632462204 0.235020816 1.00391006
    1.0209384 -0.825712204 -0.622397542 1.58700228 -0.349222511
    -0.676052034 0.522360265 -0.693140805 0.599618614 1.49167466
    0.0821290612 -0.426273704 1.35774875 0.435432076 1.56651568
    1.84646976 -0.575522661 0.0493202209 -0.166575968 0.66949755
    1.60722172 1.17388582 0.773383498 0.755744159 1.0164969 0.855191886
    -0.220330477 1.61425924 -0.384671628 0.0744076967 1.76925445
    -0.41670379 1.65268946 1.73602033 0.727613389 0.200409532 1.8104645
    1.156389 1.55994403 0.128028631 -0.288257331 -0.0327055454
    1.47058702 1.70872426 -0.401041329 0.081432879 -0.277028084
    1.22074151 1.38857925 1.64243507 -0.704933345 -0.245104551
    -0.297394514 0.986528039 0.31523937 -0.457956553 -0.349543691
    1.65899551 0.512164593 0.469771266 -0.658741713 0.079724133
    1.34729123 1.37623799 0.348310649 1.35851526 -0.105804443
    -0.323269784 0.41990602 -0.699598432 0.8816908 1.23740363 1.78949857
    0.326160133 1.64736032 1.15566659 -0.324422747 1.18023777
    -0.469358444 1.85683477 -0.637242675 1.16688538 0.812411308
    0.296681225 0.840075612 0.122107685 0.592411399 1.50232458
    1.81837082 0.972542167 0.401457191 1.50168538 0.0939589143
    0.742242515 1.18833578 -0.00219988823 0.871201634 0.897459745
    1.83425927 -0.0211213827 -0.070084393 0.602489471 0.478800237
    0.462419152 0.629660368 0.613361061 -0.179090917 0.805760384
    0.110168576 0.207845569 0.584121644 1.60701478 1.63116658
    0.857337117 -0.0602067709 -0.856657863 0.554272532 0.385268867
    0.874150097 0.159099698 1.79545605 -0.747505546 0.0926875472
    0.301309288 1.43246794 -0.0246725082 -0.608014643 0.4635427
    1.67710364 -0.083701551 1.65661728 -0.232502818 1.22719407
    0.854513824 0.260920048 0.7361058 1.51666236 1.27728009
    -0.0609041452 1.04699266 1.427508 0.0393945575 -0.128783643
    0.737043202 -0.678092182 1.8499887 0.710515082 1.50783372 1.34691548
    -0.649262488 1.69560361 -0.63966012 0.613159299 0.00267219543
    1.46761107 0.739085376 0.761352777 -0.430116147 -0.37664032
    -0.725210786 -0.32004714 0.86436826 0.607615411 1.40209985
    0.0698863864 -0.563188374 -0.241951525 1.12248373 0.527250051
    1.10034609 -0.367728442 0.264742374 -0.551491499 0.476495385
    1.63689673 -0.0769777298 -0.337371022 1.57085562 1.03114319
    0.483516097 -0.385007709 0.961826622 0.8875103 1.13719606
    -0.592558861 0.105090141 -0.591286898 1.81215072 0.55423981
    0.225328684 1.03896415 1.65036345 -0.334391117 0.127421916
    1.62199235 0.468986988 2.03021884 0.866303802 2.08676171 1.28160167
    -0.164162159 0.540540636 0.0249536633 0.94903934 -0.346112937
    0.0577074289 -0.102676511 1.36100936 -0.670562983 0.813479245
    -0.337276012 -0.303794801 -0.687108517 -0.426077843 1.08587599
    1.0557555 0.212425888 -0.437449783 0.268006921 0.0581707954
    -0.437646955 -0.0451464057 0.824245453 0.991208434 1.0410254
    -0.158267319 -0.371223748 -0.498790503 -0.193134964 -0.154308617
    -0.292102545 -0.431895643 -0.540482342 0.464487791 1.24537432
    1.62032175 1.39359128 -0.369944572 1.26603961 0.894139469 0.57509762
    -0.544229865 1.28240299 -0.200535953 1.21215773 -0.50861764
    0.247623324 0.884563684 0.88154614 0.563559949 -0.438131005
    1.18950295 0.751164794 1.71552849 1.76718414 -0.131799817 1.34331167
    1.53176212 0.616495132 1.02035427 -0.131754339 -0.280659556
    -0.505503178 0.427295744 1.62928855 1.03932691 0.891527355
    -0.751651525 1.07072043 -0.0497832894 0.146613538 -0.467280418
    -0.777032554 1.47146332 0.456868589 0.8004722 -0.367106497
    -0.0245812535 1.618891 0.254383862 0.840531826 0.275169671
    1.55549574 0.635231614 1.44127846 0.198510885 0.766242564 0.45549351
    1.00111866 -0.236980438 1.18194222 -0.638292074 -0.19320637
    -0.592383206 0.705719292 1.73144484 1.7178812 0.0149385333
    0.880550027 -0.46452412 -0.637321413 -0.247697264 0.598949194
    -0.118569374 -0.408216089 -0.696178973 1.77601743 1.83159709
    0.621134698 1.56897855 1.22809672 0.561708331 0.640839219
    0.0591784716 0.976294279 1.05489707 0.446294367 1.19419527
    0.677348256 0.867763281 -0.0337669253 0.40157789 1.1773479
    0.339331925 -0.186102271 0.236610472 -0.287430942 -0.606702983
    1.00145733 1.1202631 0.607866645 0.787883341 -0.0300489664
    -0.763256311 1.83909154 -0.320936114 0.281816125 1.41188264
    1.06947124 0.901533425 -0.739094138 1.43113399 1.33587337
    0.0135399699 -0.536052465 -0.469893903 0.767412782 0.539299726
    0.802684784 -0.675751746 0.833442509 0.494483769 1.23768663
    0.36706841 1.19278753 -0.201842546 -0.472223163 1.06232476
    1.65963304 0.197644651 -0.165204227 0.991014779 0.182202756
    1.7811898 0.655242682 0.271645546 0.203914165 0.0616903901
    0.542855918 0.644721031 0.457799792 1.24801588 0.493820608
    0.471800327 -0.205017745 1.61724615 0.537184358 1.35668969
    0.172978044 0.669320405 0.0612670779 0.0798472166 0.282254219
    1.60619843 -0.231473804 -0.0990478992 -0.57864809 0.944221377
    -0.69657588 -0.404812455 0.796879232 -0.640687585 1.48934078
    1.24499226 1.66312623 0.000627994537 1.50784099 -0.0340462923
    0.11849153 -0.698932111 1.80962479 0.675273299 1.12937558
    -0.174955964 -0.543419003 1.66752815 1.31012046 0.80965817
    0.366816878 -0.741919041 0.593051553 0.951322615 1.15697646
    0.990303636 0.111430883 0.8292588 1.02752006 1.67592216 -0.310872853
    0.93301332 1.73037529 -0.631317019 1.20621824 -0.748397589
    1.76616538 0.557645798 0.206250429 -0.331389308 1.47731471
    0.337698758 0.0378590226 -0.328742474 0.0642678142 0.466252446
    0.248391867 0.378679931 0.114229977 -0.0446344614 0.196954608
    -0.595604599 0.476472199 0.394883811 -0.518339634 1.62098324
    0.89321059 1.52847242 -0.0828601718 1.61727405 -0.270968616
    -0.0964741707 -0.236453891 -0.0586642623 0.8382411 -0.0495114326
    0.493281364 -0.492553949 -0.57092756 0.590567172 -0.622979224
    -0.167459428 0.0411976576 1.66968119 0.435697854 -0.102581859
    0.14168787 0.262255669 1.03795946 1.70211875 1.41965628 0.769714057
    0.430521607 0.241653562 -0.139742941 0.0354354978 1.00376654
    0.159956694 -0.097665906 1.07464647 0.610937238 -0.131214023
    -0.21522671 1.46748877 0.23874861 0.61059165 1.27005541 -0.111564219
    -0.728134274 1.35718739 -0.461917609 -0.573109269 1.13673007
    -0.193175077 1.26719654 -0.681119382 0.205540538 1.28894162
    -0.399617851 -0.387053967 0.977687895 1.21182239 0.488950968
    0.125898659 0.407946169 1.56884992 0.943516135 1.24198854 1.1528002
    -0.476929486 -0.666887999 -0.720910192 0.0153337121 1.79572368
    -0.788884103 1.03369844 0.495372117 1.59991837 0.600423336
    0.0236212611 0.519558311 0.243648767 1.56641412 -0.597149968
    0.789704859 1.20784569 1.22710538 0.490894139 0.299755692 1.61846304
    -0.776451945 -0.669897974 -0.558277309 1.64038682 1.42194438
    1.36305881 0.911593676 -0.609187722 0.283127904 1.4440248
    -0.908136964 0.475328147 0.196921587 0.565755606 -0.0998316407
    -0.584367871 -0.618667066 1.62390566 1.63263702 -0.364091367
    -0.0860869288 1.39427876 0.69286263 0.541744769 1.41057968
    0.0382271409 -0.509257257 0.434883058 0.558926344 -0.00838619471
    1.75039995 1.69170189 -0.509149671 -0.283478469 1.71970701
    -0.611793518 1.38984132 0.467257798 -0.522770405 -0.292520225
    -0.194282889 0.33835572 -0.156895638 0.0562272072 0.413000822
    0.57586807 0.456220448 -0.311284363 0.876126885 -0.0724552274
    1.4987247 0.938763142 -0.0434300303 1.67398632 -0.753508389
    1.35655403 -0.0301160812 -0.482324183 0.786209226 1.68872523
    -0.0589643717 -0.454424471 1.10996342 1.37753427 -0.350684285
    0.767390251 0.228793859 0.747098029 -0.69876945 1.34052479
    -0.716059566 -0.800680578 -0.114637375 0.331273615 -0.357610852
    0.934084177 -0.482696265 1.71032786 0.283111811 0.0447316766
    -0.337970853 -0.488996863 0.0136574507 0.470822334 1.58244288
    1.63284004 1.72242737 1.11385036 -0.628478527 0.306503177
    -0.328497946 1.31949401 0.896901846 -0.0602057576 1.28672743
    -0.112339854 0.834525585 -0.0196343064 0.859492421 -0.213977218
    1.49824512 -0.42822665 -0.187508643 -0.13430953 -0.499415666
    -0.373953044 0.507752955 1.0355835 1.10408759 0.986942947 1.43734312
    0.288690627 1.7311101 -0.209727526 0.260567009 1.38747716 1.35708547
    1.53554082 0.201499701 1.2911309 0.212667406 0.397957265
    -0.280336618 0.790549099 0.64846772 -0.44171232 0.87145704
    0.880218506 0.264229178 -0.629252374 -0.107845783 1.36436319
    0.719316423 0.677164495 0.111031711 -0.137313962 0.798436344
    0.875588417 -0.0737895966 1.70728803 0.114283621 0.21132195
    -0.555687666 0.532381356 0.927416265 1.17269838 0.269589663
    0.927622795 0.0143989325 1.63959169 0.47171104 1.19937241
    -0.878977358 1.68185639 0.0548567772 1.07662201 0.461681545
    -0.118620217 -0.301322758 1.58909976 -0.527227283 1.63410115
    -0.809859276 1.3310194 1.75700784 1.33606577 1.0281086 0.570581377
    0.405639291 0.327696502 0.381462395 0.846518874 0.0733904839
    0.663542032 1.56045187 1.32262373 -0.0339084268 1.61141694
    1.24104476 -0.132959425 1.76941228 1.00756454 -0.0463857353
    1.53850055 -0.106517434 -0.548747301 1.77983654 1.32243466
    0.147974253 0.27552408 0.256243408 0.562253952 0.195881069
    -0.587544262 0.765061319 0.147336185 0.05372262 0.641646206
    -0.689764917 -0.341371298 -0.414964497 -0.0171403289 -0.604749382
    0.708307624 -0.429891527 -0.524016201 0.140727103 -0.153392673
    0.742306352 0.36357981 1.44660521 0.304796159 0.639271915
    0.347189784 1.44822145 1.56449842 -0.269222617 -0.480200529
    1.10911965 -0.767603755 0.972954392 0.66821909 1.52603769
    -0.534726381 1.36039877 1.16413689 1.49898362 1.00029707
    -0.884780586 1.60136855 0.929135501 0.896293163 -0.533954501
    -0.109907031 0.914844573 0.162985027 0.792924285 0.896566689
    1.79843354 -0.641433895 -0.208794534 -0.449160784 0.686545014
    1.66733241 0.251749516 1.38762569 -0.729480445 1.45331705
    0.579325378 -0.208485305 0.707475126 1.05492389 0.609757364
    -0.340119243 1.06268191 -0.0777872205 1.14654922 1.78084397
    0.299198389 1.26785123 -0.0236168504 -0.00347173214 0.621509314
    1.2869916 0.809011459 -0.0999057889 1.4748143 0.634676754 1.81486392
    0.71128881 -0.570849776 0.502254605 -0.00752234459 0.873599172
    -0.528972268 1.17311382 0.963592529 -0.584810376 -0.656518757
    -0.0863139033 1.43990743 -0.0332479477 -0.303508878 1.39645422
    -0.126786947 1.7731353 -0.339537919 1.80244851 -0.32354641
    -0.0040448308 -0.58724755 -0.455890536 -0.135256767 1.09690857
    0.872228861 1.44209123 1.21427703 0.447432518 -0.292966723
    1.32993376 0.489074349 0.406876862 1.74510038 -0.220187187
    -0.732623398 1.29106116 -0.385989606 0.283118188 1.62609863
    0.353034139 0.103742063 -0.349964917 -0.144646764 -0.675478935
    -0.102356791 0.362087727 0.420255482 0.0205481052 -0.0026819706
    -0.738004804 0.413512051 1.69831955 -0.110699356 -0.712196767
    0.525156856 0.0714742541 1.32956266 1.85553837 0.995569944 1.8195591
    -0.518568277 0.444763601 0.83449012 0.174840987 -0.499233723
    0.215900481 0.100462198 -0.0241315365 -0.389425904 0.892415047
    -0.888958812 0.0111546516 0.843138039 1.60352349 -0.515326142
    -0.3533957 -0.165459156 0.0712752938 1.63260579 -0.400868773
    -0.169935286 0.253025055 0.705748379 1.68282509 -0.0362876654
    0.0180164576 0.994198203 -0.70266664 1.49486637 0.386155486
    -0.228956878 0.0648061037 0.413872421 1.36336422 -0.49848184
    -0.308803737 1.78277087 -0.125799894 0.314339638 1.42860711
    0.379870951 0.741377056 -0.111937046 1.11031389 0.48638761
    0.509614706 -0.617300034 0.793981016 0.098285377 -0.116491199
    0.4236359 -0.0683143139 1.05310154 0.1878649 -0.189293742
    0.803851485 0.880797982 -0.777329683 0.0650494099 0.580977976
    1.49203324 0.0259335637 1.403754 0.648933232 -0.787361801 1.72461152
    0.334459126 0.336340189 1.69033921 0.650254488 0.810619473
    1.48071277 0.862690449 1.3132937 1.41483212 0.527067602 0.955476642
    -0.033433795 0.739739954 1.48976326 0.643727899 -0.0201369524
    1.4372251 -0.468779474 0.916369975 0.287018716 0.177508295 1.4047637
    1.32682681 -0.530210495 0.611414254 0.461294591 1.41088116
    1.70721316 -0.378287584 -0.575766206 0.971466482 1.4000082
    1.57284522 -0.00381565094 0.480971932 -0.320551753 0.0229463577
    1.15081 0.869434178 1.37853074 -0.24103266 -0.269169092 1.93719816
    0.880108654 1.36046362 1.61264229 -0.47288999 0.313780248
    -0.153811038 -0.289795309 0.619154274 -0.239834756 -0.55184871
    -0.314439356 -0.437375516 1.03918517 -0.61668539 1.83299422
    1.09685957 1.55598927 0.36827141 0.504721522 1.34816849 1.65298891
    1.31315494 0.755344927 -0.368708253 -0.561515808 0.507590234
    1.91202545 -0.538327694 0.160380602 0.387753069 0.223449886
    1.4116708 1.70064986 0.366436303 0.144860089 1.6882087 -0.457149327
    1.38604259 0.614193201 0.490514994 -0.0703977346 1.42811477
    -0.157737136 1.57660389 -0.581979275 1.66821384 1.77851391
    -0.537390828 -0.813604176 1.39762783 0.193400562 1.80545092
    -0.599774599 -0.235354364 0.763390958 1.44407535 0.274490297
    0.297194064 -0.703732193 -0.102255583 -0.0301749706 -0.617628455
    1.19614959 0.213332772 0.413717866 1.49014854 0.14030385 0.29031986
    0.395883799 1.52584267 0.857747257 1.71927106 0.654415369
    -0.519614458 0.651759148 1.15967047 1.08737731 0.38402611
    -0.0224833488 1.06849885 1.11528754 1.41533542 -0.760267496
    0.95262152 1.3950026 0.215378463 0.00615394115 0.0928826332
    1.24147248 -0.196582675 0.140964448 -0.0811424255 0.47518903
    0.375108361 1.07261825 -0.588959217 -0.220487773 0.740198672
    1.8348031 -0.422801256 -0.638244092 1.24451149 1.50402188
    -0.436595708 1.40384841 1.62140179 1.06263423 0.795859933 1.87713528
    -0.379289389 0.585638583 0.718639672 1.15354848 0.0209297538
    1.73329031 0.125812054 -0.089006722 0.316786885 1.49242353
    0.41517365 1.13248587 1.75845742 0.701875269 0.255788684
    -0.805212855 0.570999503 1.46265602 0.00471103191 0.631622314
    0.182692409 1.04975128 1.21109319 -0.300910652 0.494799256
    -0.455760211 1.87883782 -0.308285445 0.624530852 0.552597761
    -0.543089509 1.32147098 1.09555602 0.345626354 -0.316442251
    0.388804674 0.65113914 1.06815135 1.21846616 1.17659867 0.131911099
    1.79257047 0.0458048582 -0.172151953 0.887365222 1.58412528
    -0.6632061 0.972367704 1.46259952 1.08012056 0.0679575205
    -0.734373689 0.365696967 1.13002658 0.399420023 1.85753584
    -0.79865706 1.05272532 -0.0430924296 1.29957676 1.37792647
    1.45849431 1.67822933 0.204655886 1.58733714 1.71879911 -0.831053555
    1.40249562 -0.621217906 0.888879299 0.270296752 1.19557297
    0.399185002 1.34658909 -0.589588642 0.638083339 -0.477880955
    1.62943149 0.166561127 1.10528064 1.01635814 -0.0323810577
    -0.295112967 0.953675032 0.519062102 1.69184899 0.0715354085
    1.04545665 -0.315704435 0.874898434 -0.402948558 -0.315667808
    1.61581182 -0.512746394 1.05276227 1.69320583 -0.639002681
    0.594332814 0.241509974 0.643565774 -0.337432355 0.992102683
    -0.322750419 0.217386544 0.108070314 1.78540111 0.0877734423
    -0.431935638 -0.19043237 0.130052447 0.715863109 -0.564962089
    0.262302756 1.67701697 -0.958626807 0.148001909 0.821238756
    -0.173796833 -0.00499892235 0.784876823 -0.407492876 1.15727854
    0.840099692 1.46214902 1.44094384 0.814183235 0.0207229257
    0.308886111 0.0121737123 1.11953878 -0.24654758 0.401474655
    -0.769937694 0.307283044 1.59805346 0.0901066661 1.16981125
    1.52017462 -0.0893660188 -0.246030152 1.18892813 1.33216405
    0.0946189761 0.289125562 1.18843937 1.62630475 -0.0376156569
    0.342420101 1.589818 1.10879588 0.440808654 0.346883059 -0.585133076
    0.659046412 1.36060929 -0.788323224 1.15474248 1.29669702
    0.636639476 0.0977252722 0.324123442 1.73438537 0.435935616
    0.481500149 0.601385891 -0.695108056 -0.818984926 1.65176606
    1.66709089 0.656145692 0.440569758 1.00939047 0.928699911 1.32252097
    -0.726303756 0.61815387 -0.464146405 -0.576011598 0.0660094023
    1.53251362 -0.339753985 1.15999103 1.49439132 0.480093598
    -0.319778919 1.00211322 0.690410852 1.15565884 0.922496438
    -0.635134578 -0.817653775 1.04013693 -0.817291558 1.00481856
    0.897652328 0.721091449 0.273083568 0.0869925618 1.36257815
    1.77979994 0.558245122 -0.349670649 1.19958568 1.29888964
    0.613527656 0.418228805 0.0485935211 0.832580864 0.0916979909
    1.57598841 -0.657639921 -0.791207194 0.513447583 -0.679431438
    -0.473048776 0.64459461 1.28615296 -0.109100699 -0.844462454
    0.329012394 1.39406586 0.212842584 -0.666695774 0.588569283
    1.45076096 -0.791329324 1.36777902 0.280047655 0.656911314
    0.147451162 0.0123146176 0.518404961 0.0187387466 -0.363022447
    0.69468832 -0.150176525 1.4581461 0.461827755 1.95936036
    -0.418178201 1.10346007 1.41764128 -0.673115909 -0.386355639
    1.03000557 -0.18173486 0.322062254 -0.348060459 0.185561061
    -0.590198278 0.564985573 -0.197482646 -0.469598949 -0.382317901
    1.72171712 -0.133951545 -0.772809505 0.749263883 1.68747032
    0.0510951281 0.856931686 -0.335589349 0.69185245 -0.0201777816
    0.358579218 0.685369313 0.668420255 -0.734060407 0.162043214
    -0.0366650224 0.417249799 1.57759595 1.31905866 -0.425473243
    1.77988136 0.968925714 0.756549597 1.60305238 0.710774839
    -0.507971823 1.62006235 1.42369294 -0.581781268 1.02652776
    0.18149066 1.67040348 1.52238464 0.321458638 1.35270691 -0.814982176
    0.359174073 1.63352704 -0.47772935 -0.441010892 -0.534663379
    -0.321211815 -0.43222639 1.40620315 -0.119880855 0.369890511
    -0.38337937 1.48339891 1.80529833 -0.705405891 0.565849006
    1.76276505 0.532057226 0.380977511 0.94753015 0.79644835
    -0.480525821 1.41403615 0.530102253 1.16491842 1.74615657
    0.292738676 -0.285459518 1.18325162 0.880468369 0.766376972
    0.945166707 -0.186952651 0.493075907 1.43827033 0.736000955
    0.0668606162 1.38485277 0.555849671 0.83144927 -0.691069841
    0.946556091 1.77929425 -0.742992997 1.4550972 1.65372837 0.530894339
    -0.304395169 0.589240372 -0.270778418 1.49346423 1.53148508
    -0.117753148 0.811599374 -0.619547844 -0.771854043 0.544255257
    1.55149555 0.69536376 1.72211492 -0.471645445 0.653927863
    -0.0249016285 0.27989471 -0.632611513 1.62272859 0.0545267463
    -0.180805504 1.37587702 0.266924858 0.0577380061 -0.122065067
    -0.662665486 1.74011207 0.402190864 1.75903368 0.457444847
    0.688381314 -0.533684611 0.791005433 1.44856024 1.45930529
    1.33914316 1.24906635 0.00478649139 0.339261413 0.615437269
    0.641012132 1.47960413 0.258274317 1.13014722 0.589652956 1.67520213
    0.377778947 1.10548151 -0.783613265 0.171116352 0.34702909
    1.31102204 0.491136312 0.792156637 0.851372957 0.473379672
    -0.391933501 1.7970686 0.202368259 -0.332476974 0.0782032609
    1.6143384 0.402094126 0.919999957 1.84581065 0.740998268
    -0.0331829488 1.22050333 0.613238454 -0.204402149 0.278271317
    0.356271148 0.525944054 1.00015056 1.58642149 1.31346822 0.775611162
    -0.555700541 -0.784399211 1.45835721 1.07013655 1.60273623
    -0.0937296152 0.22067523 -0.377100885 0.0123492479 1.2008574
    1.52578068 0.866535366 0.588349462 -0.678408682 -0.524918079
    -0.464447379 1.69982672 1.27793479 -0.129791737 1.72305417
    0.803908169 1.23097527 -0.0251606107 0.482402921 -0.665787339
    0.393808246 -0.202192545 1.05234718 -0.0565863848 -0.0189424753
    1.25727606 1.37370956 -0.0445094705 1.59135568 0.673862576
    -0.503539383 1.29847312 -0.193190336 1.14998078 -0.169850528
    1.63837671 -0.260203719 -0.699168503 -0.578963757 0.186639845
    0.437537253 1.65632117 0.771244764 1.36171818 0.152497113 1.78569961
    -0.768591821 1.7697351 0.830034435 0.875984371 1.43201137 1.42854071
    1.45236611 1.37432814 0.0684689879 0.913309693 1.51315618
    -0.233741283 -0.235594928 0.411596239 1.57813191 0.0154205561
    0.317006826 -0.0653601289 -0.0488154888 0.412817717 0.877740562
    1.70239818 -0.550974786 0.868827939 0.145297229 -0.0622805953
    1.10346901 0.878026366 0.0155847669 0.26247859 -0.565472722
    0.0542768836 0.559597433 1.52320743 1.75627267 -0.705221057
    -0.652520895 1.69242561 -0.538734078 1.91007042 0.877139866
    0.295123279 -0.278530687 1.35298347 0.186296999 1.18032861
    1.04573691 -0.380992562 0.0198644996 1.44241357 0.278055429
    0.963358879 0.797637343 0.377158105 1.16351509 -0.554439366
    1.71462584 0.2113837 1.19587779 -0.474641085 1.65397251 1.3920207
    -0.58541882 1.3871882 -0.430706054 -0.324297011 -0.169200063
    0.662356198 -0.788359046 0.417446911 0.0824471712 1.63696253
    0.715577066 0.663695455 -0.581510901 -0.521322727 0.876140773
    0.61967504 1.0711174 -0.276315391 -0.786068678 1.39786172 1.33970976
    0.685285687 0.0678787827 1.56093419 0.715153813 -0.0144733191
    -0.344420731 -0.161834538 -0.323288471 0.0987983942 1.66637158
    0.714296401 0.607821882 0.0403413177 1.85873961 -0.668054879
    0.236172557 0.188266456 -0.435177505 0.808085918 0.203801692
    -0.670099497 0.0851155519 1.5696876 1.18309808 0.342309058
    -0.219306886 0.983217776 -0.863277912 -0.0253894925 0.925483525
    -0.02173388 -0.0728694797 1.18480253 1.16810012 1.29981041
    0.325496793 1.59621167 0.281150222 1.2624743 0.183957577
    -0.267347395 -0.201231539 0.341993511 1.62878871 -0.759000301
    -0.0876339078 0.0226887465 0.951339781 -0.00272470713 1.17558265
    0.664814651 -0.445030361 1.14061391 1.20811379 0.333212793
    1.63606787 1.7827462 0.561377585 0.256831765 1.27257514 0.930976033
    -0.0619594455 -0.685315609 1.68502069 1.26564527 0.11625874
    1.19616675 -0.0572992563 0.976662934 -0.45046708 -0.189559996
    0.739865482 -0.412832081 0.455828726 0.69712162 -0.691057026
    -0.657389998 1.51807547 -0.188770056 1.65546775 0.412018895
    -0.0268585682 -0.0865577459 1.23815215 1.72767067 0.12242943
    1.32223368 0.757198751 0.462066114 0.808947265 -0.482187569
    -0.711598814 -0.429968148 0.94043541 1.44739795 1.76972818
    -0.514978051 0.807436705 1.02462912 1.09301949 0.0903688073
    -0.129569829 1.64739978 0.300153434 -0.30054 0.764425039
    -0.403477728 -0.632404685 1.75224304 -0.0565155149 -0.203933388
    -0.32079488 -0.449973166 -0.0144798756 0.0597358942 0.839969158
    0.653236926 -0.394438624 1.57307839 -0.525722861 0.766938329
    1.30949163 1.525208 -0.722163618 0.896205127 0.431915283
    -0.435292095 0.223815024 1.15025091 0.449789584 0.563856304
    0.847836673 0.881709099 1.54839158 -0.579093099 0.356999278
    -0.699683428 -0.70856899 1.18932247 0.24912554 -0.476038992
    1.08573556 1.18970513 0.336769283 1.70400834 0.356934011 0.802849948
    0.103129327 0.156538188 0.00714558363 1.21184826 1.15366626
    1.08738685 1.09075606 0.950497687 0.754229665 0.383482993
    -0.600808144 -0.333654106 0.625528872 1.38869166 0.483593047
    0.407783389 1.74427807 0.368233144 0.579040408 0.414727211
    0.892004669 -0.0365012288 0.294917703 0.413381875 -0.428922534
    1.80174661 -0.700535297 0.748894751 -0.618712902 1.60985923
    -0.163785219 1.04077268 -0.718374014 0.176780045 -0.187242985
    1.60307145 1.25801039 0.246106267 -0.24650979 0.151782274 1.71330702
    1.37698793 1.17744899 -0.115773141 -0.414636791 -0.630933762
    1.22980189 0.895095348 0.622051656 -0.227376461 1.64299846 1.6295768
    -0.290634692 0.44969672 -0.313244969 0.709967017 0.5057863
    0.123107791 0.717569649 1.4195528 -0.0944132209 0.240542769
    0.617147863 0.499510825 0.106179893 0.00921481848 0.459461331
    0.126875401 -0.292063534 0.525063694 0.402742743 0.867024541
    0.484479129 1.0500983 -0.549181402 1.62235785 -0.202134252
    -0.259683311 1.62971473 -0.131096184 -0.134073794 0.0675243139
    1.27182531 0.110031188 -0.191834152 1.32639253 1.44625735
    -0.191157401 -0.407853574 0.742338002 1.04582012 0.507640958
    1.65034342 -0.497431755 1.65340388 1.4381144 0.181257188 1.60551214
    0.224009573 1.44758821 -0.849414706 0.935139477 0.730148673
    1.3354044 0.498361349 1.42703581 -0.0607071519 0.0508217812
    0.133600116 0.132951319 1.74544191 0.939402878 -0.528525174
    0.624035776 0.770373166 0.366016209 0.826098323 0.371775746
    0.0888277888 0.182649672 1.83097899 0.373101413 1.08133864
    -0.421738237 0.611051917 0.0930964351 1.90823293 -0.749525905
    0.44502157 -0.00363922119 0.985461235 -0.234812617 0.229376912
    0.570863724 -0.673526049 -0.702856839 -0.242900133 0.15690589
    1.6482861 1.27773142 0.301265895 -0.0152657628 0.430078447 1.2638576
    1.75615156 -0.592241526 0.835306346 -0.0711914301 1.77310288
    -0.332316637 1.2402513 0.320665359 -0.138890207 -0.43974033
    -0.46383211 -0.187551379 -0.81241405 1.52366447 1.35710192
    1.28388166 0.251820624 1.0636977 -0.417524338 -0.24598068
    0.472140908 0.171831787 0.246318042 0.387127399 0.449341416
    -0.091195941 1.32311201 0.720088065 1.09617233 0.246854901
    0.922079146 -0.158405185 0.058029294 -0.346962154 1.71400464
    1.74307513 0.0406979918 0.00990498066 -0.17722398 0.559848607
    0.284869611 0.990660787 -0.632142186 0.465805888 0.177907825
    -0.644863307 -0.0891842246 -0.18987155 0.886249423 1.35015965
    -0.790603638 1.09427655 1.02327037 -0.603702068 0.0932909846
    0.172087014 0.0750436187 1.82263386 -0.614148021 1.26978791
    1.53618109 -0.689964712 1.15517449 0.633014381 0.86046809
    0.732262671 0.192179799 0.517039835 -0.56109786 0.762050867
    0.0395792127 -0.714456141 -0.691063404 -0.337968051 -0.483995616
    1.92680717 1.96025789 -0.285324961 0.988355696 1.53270257 1.82692564
    -0.177635014 0.537030637 0.543968916 1.44405055 1.2782104
    0.860831141 0.524559259 0.387961328 0.971744299 -0.0360891819
    -0.206717908 0.769067526 -0.186335146 0.184945285 0.728264868
    1.73364234 -0.11134553 0.513644516 1.32909918 0.383140922 1.57557058
    -0.379438847 0.631130934 0.176543593 0.770779669 -0.487601131
    0.389072001 0.606467664 1.37830698 0.432709455 1.06823063 1.70367515
    0.742679179 0.45235306 0.0822926164 0.685460687 1.34512711
    0.00395745039 0.507323742 -0.0240014791 1.33254886 0.370523155
    0.743499458 0.986452341 1.67041779 -0.791893959 1.29412651
    -0.918983102 1.29609632 0.912103295 0.860250711 0.73888433
    -0.859146595 1.62852454 -0.104484856 1.53453934 1.17026651
    1.72761405 0.539759994 1.51243019 0.216116071 -0.421094358
    0.518950105 1.12123716 0.147472322 1.69137025 0.504098296 1.26258373
    -0.31988889 -0.568416655 0.974334717 1.47136426 1.2472055 1.35160458
    0.174278796 -0.166428208 1.72139251 0.869773388 0.43193835
    1.56223321 0.866178215 1.55236006 -0.220989227 1.09616709 1.32365286
    -0.386270016 -0.088368237 0.257896185 -0.61924243 1.0632484
    -0.822312415 0.440188944 1.56674004 -0.679662347 0.359063864
    -0.403835744 1.5204109 0.704954267 -0.252983391 -0.653472781
    1.71337426 0.745541692 0.66726017 0.945603132 1.09478521
    -0.264409482 1.55688441 0.3971349 0.707581341 -0.255540133
    0.092297554 -0.535700381 0.685501993 0.421978533 1.39450502
    -0.379371881 1.51022434 0.965642512 1.30085623 -0.690658867
    -0.717992067 1.16467142 1.68256927 -0.184431076 0.673178375
    1.47146702 1.00759017 0.362974942 -0.894243479 1.34654772
    0.462021053 1.18192863 1.56596315 0.602621317 -0.801362157
    1.34272218 0.174236 1.63093793 1.2634995 1.20891666 0.644761086
    -0.461716533 0.622288764 0.540729702 -0.252744943 0.674485147
    1.46470165 0.00934004784 0.538395822 -0.102906644 0.69704932
    -0.73677665 -0.689869344 -0.335544527 -0.323356062 -0.216900349
    0.655066192 1.7243433 0.275505841 -0.377270818 0.475387275
    1.85114765 -0.503371954 1.43310189 0.026819706 1.24035788 1.08887994
    1.66140282 1.40939522 0.0603665709 0.995734394 -0.580298245
    0.183813095 0.00893831253 0.774267197 0.659861207 -0.710207701
    -0.691930592 1.38411951 -0.731925428 1.4787581 -0.187477708
    1.15611362 1.7966888 -0.508010149 1.11904407 1.00014102 0.431046844
    1.55715275 1.55831659 -0.676310301 0.272330642 0.137560487
    0.289230824 1.3623631 -0.145966291 1.67671895 5.03659248e-05
    0.663958669 0.8433882 0.0175651908 -0.721706152 0.698077202
    0.542739689 -0.556367874 0.402026892 0.449527383 0.543563604
    -0.0393893719 1.23567104 0.375086784 0.83906126 0.266151786
    -0.291246414 0.735924602 1.78434706 0.395095706 -0.396099359
    1.44294119 0.121476829 1.50698423 -0.243792892 0.732864618
    -0.801175714 0.381895661 0.247826874 0.464228034 0.285094678
    0.317491114 -0.450009942 1.23543096 1.26011133 0.133169174
    0.302415729 1.40589166 -0.603045762 -0.0378600359 0.619604051
    0.377826452 0.747760415 0.195042968 -0.628179193 0.910812318
    1.23714924 1.03460765 0.0518800616 1.60968649 0.410188258 1.48211956
    0.647708356 1.4684248 1.55239165 1.02423596 1.11792588 0.393351197
    1.33583236 -0.635045052 -0.701334238 0.493890941 -0.291078925
    1.41000354 1.44303417 0.975444138 -0.429540068 1.67610765
    0.0195196867 0.795306265 -0.320404291 0.451306164 0.720279813
    0.566015542 -0.198644161 -0.077370584 0.490632951 -0.529709339
    0.948330462 1.03313684 1.10383487 -0.780902326 0.335843325
    0.807415485 0.986274838 -0.675782084 -0.180704355 1.01590848
    0.689415574 -0.648773789 1.69169378 -0.222069085 -0.494159281
    -0.68218255 0.489278138 -0.170143545 -0.515355408 -0.279119968
    0.912033498 0.343041182 -0.756480157 0.583830237 -0.845104516
    1.27108634 1.28439379 -0.731466413 0.562819541 0.836731911
    1.62625051 0.609769344 1.59849381 1.07944369 0.95746839 0.604869366
    0.329803944 -0.179645002 -0.113340437 -0.314877301 1.50056994
    -0.511129022 0.139191568 1.55541646 -0.822582006 0.47419405
    0.491780221 1.37116551 0.160745621 -0.415628403 0.741148472
    1.30533814 0.950273514 -0.779830515 0.718442976 0.978331923
    -0.262755811 0.970383525 -0.232257962 0.0559718609 1.14114547
    -0.614126027 0.644386888 0.653453708 0.212676883 -0.625965178
    -0.403215289 1.61324501 0.809611917 1.05006182 1.60655153
    0.738965988 1.31510842 0.392079115 1.65590715 1.67791748 1.35670519
    1.25267649 1.45679402 0.648951888 -0.259635508 -0.402595788
    1.75247455 -0.377687067 1.21285772 -0.716995358 0.541382849
    1.05910659 1.01701355 0.138404012 1.07702804 -0.312372208
    0.313105226 0.680585623 -0.703613758 1.48941123 1.66939867
    -0.295041978 -0.505976498 0.254963756 1.38019156 1.32735252
    -0.414574921 0.697154045 0.429978907 1.09196782 0.345776975
    -0.0550447702 -0.608887434 -0.846698463 1.20737302 0.883844137
    0.0962696671 0.283841491 1.00811183 0.490115285 -0.102215946
    0.687225103 -0.774065495 0.688962936 0.997424841 0.17591387
    0.813903153 0.688014388 -0.542003334 1.14283776 -0.618430674
    -0.577793837 0.700001597 0.421577275 1.46601641 -0.0327996612
    1.04025578 -0.417588174 1.44137359 -0.300010681 1.14386022
    1.72078598 -0.557281613 0.10970521 -0.429973781 1.5747155 1.6449461
    0.682122648 0.830666006 0.153937161 1.61075222 0.859497607
    -0.860962927 -0.180277288 1.35367715 -0.796052992 0.448961675
    1.38164902 0.352265537 -0.619924605 1.08185434 0.548062444
    0.846744776 -0.562152624 1.7532413 1.14241457 1.04057813 0.168618679
    0.206286311 0.690340638 -0.0263951421 1.76175117 0.821837544
    1.55569303 1.14765 -0.522322774 1.67825723 1.53347373 -0.589920461
    1.10284424 0.351858556 -0.185593784 0.807017267 0.947768748
    -0.54782635 0.283231318 1.51824987 0.566527128 1.55172467 1.26786351
    1.01643491 1.65012097 0.0733661652 0.937591493 0.498533487
    1.39422274 0.502368331 1.08771849 1.4887805 -0.506687045
    -0.0841875672 -0.63421613 -0.701156735 1.70356727 -0.550857663
    1.16744542 0.0967249274 0.727243543 0.490935683 0.668549538
    1.5228616 1.08484244 -0.409173369 1.19383168 0.665638566 0.36872679
    1.05113912 -0.171165943 1.59519196 0.0791962147 -0.592206001
    1.68265748 -0.733665943 -0.534126103 -0.495386899 -0.729318976
    0.816578269 -0.216713369 -0.452599525 1.36201191 0.885803521
    -0.506086946 0.579577327 0.650395155 0.949882686 0.63147831
    1.87874866 1.79838729 1.51434016 1.19519949 -0.670831084 0.237111032
    -0.697125554 1.30816722 1.26801813 1.64056516 0.257943511 1.71296859
    0.0709825158 -0.684161067 0.344378412 -0.205838144 1.60869718
    0.408801973 0.811069548 0.039919138 1.10217083 -0.543468237
    -0.437968493 0.896284163 1.51583862 0.73787576 0.137159348
    1.62544847 0.341149449 1.68378472 -0.033315897 0.237897813
    -0.854172885 1.30719399 0.429804564 1.19793749 1.10258698 1.68434334
    0.279516935 0.142389059 0.366190612 0.525449157 0.900973797
    0.309117317 0.330155253 1.2163887 0.961712658 0.916748762
    -0.331875741 1.38441348 1.79955256 -0.615147948 1.71103001
    1.63693237 -0.52192235 0.160931945 -0.591850698 -0.253666699
    1.20479834 -0.34863928 -0.757835627 -0.457723588 0.740368605
    0.394291401 0.221010149 1.76900291 -0.264129221 -0.739904761
    1.34854031 1.13467276 -0.321376264 0.420728028 -0.665291548
    -0.175898433 -0.574806392 1.21495736 0.32368201 1.8231709 1.79446781
    1.57925475 -0.469239056 -0.563379467 1.01492536 1.07622266
    0.234562278 -0.666104317 0.00875169039 1.72027314 0.792733431
    -0.638140142 0.900855303 -0.478440166 1.36654341 1.63710237
    0.0961155295 1.09407377 0.225856662 0.297068238 1.23020899
    -0.433544219 0.867155313 -0.644632816 -0.930459619 1.25524604
    1.34917545 0.334683239 -0.387518764 0.40837121 0.0639463663
    0.430085301 -0.259192616 -0.492046356 -0.646005809 0.760361373
    -0.0856627226 1.24442744 1.20827365 -0.235774338 0.652071059
    0.976169527 -0.743437827 0.681677103 0.52132231 0.397788048
    0.344177365 -0.618404269 0.542598724 1.04920149 0.171299577
    0.0587229729 1.55611086 1.72368479 0.805408478 1.06650758 1.29958105
    0.207219422 0.0678696036 1.58805823 0.688442469 0.000692784786
    0.865810871 1.1054548 0.317942619 1.16557682 -0.192299366 1.44654107
    1.46713936 -0.226387501 1.26301146 1.62981176 -0.564931393
    0.62934953 -0.339514375 1.61741948 -0.808146596 -0.747480571
    0.212911785 1.52243829 0.573390543 1.57755387 1.48046827 0.813941598
    0.749168813 1.31524587 1.42120457 0.297681332 0.144359112
    -0.687744677 -0.767134726 0.160414815 0.571044743 1.09620583
    -0.13901788 0.67950052 1.44979024 -0.377611607 0.345226109
    0.736456394 1.15558887 -0.290767491 0.148529589 -0.0459147096
    1.8045454 0.385335565 1.37814832 -0.792521834 -0.562453151 1.2319243
    -0.320570707 -0.790950954 1.79727733 -0.0519201756 -0.837806046
    -0.113178194 1.01730883 0.350367665 1.34965396 -0.204022348
    1.57820177 0.519257247 -0.226731271 -0.54834193 -0.185353041
    0.895633221 0.136712074 1.71279907 -0.66060847 1.47077489
    0.499298453 1.08827019 0.0391469002 0.741796494 -0.102892578
    1.44212222 0.968723357 0.426701188 1.49512339 1.74026322 0.17303896
    0.6881814 0.907259881 0.360621214 1.27501464 0.762554765
    -0.067117393 1.26740265 0.741716862 0.758714616 1.62814891
    0.97102654 0.111548662 0.138554752 0.821610808 0.242140114
    -0.747901082 0.424810529 0.309750676 1.32292736 -0.243765473
    0.624475539 0.952907503 0.312494159 0.540034473 0.0558541417
    -0.471164465 1.6704973 -0.497094929 0.958276093 1.50687337
    0.545044065 1.47836316 0.901804864 0.235006809 -0.132885814
    1.61821127 0.407397687 -0.22977975 1.17672038 0.0649982691
    -0.443033457 0.0230562687 -0.537923455 1.55889297 -0.76015842
    1.79324841 0.489052892 0.402625501 0.184704125 -0.603366137
    0.0443406105 1.36815166 1.08411145 0.84756422 1.21287584 1.03515577
    0.964824021 0.560753703 1.15764928 0.327632368 0.928581774
    1.79889607 0.411887944 -0.408875763 -0.239148796 1.32132089
    -0.580896735 1.07133734 -0.439654976 0.805800915 0.0695553422
    1.164217 1.65243959 -0.813178241 1.68219686 0.59388864 -0.0942765474
    0.733504176 0.0242723823 0.316225052 1.02219903 -0.0814377666
    -0.88268441 1.62923598 0.957338393 0.753147483 -0.500661373
    -0.322977364 0.219116807 -0.744936466 1.40566099 -0.704875529
    1.19458199 -0.672221303 1.25655866 -0.557797074 0.50596422
    1.71400511 -0.709058702 0.988840938 -0.158640444 0.680431664
    1.00692093 1.09363556 0.793417394 -0.588877797 -0.226800203
    1.66172743 1.47108793 0.178797722 -0.109248221 0.370637119
    -0.262835473 0.208363116 0.0762424469 -0.129911661 -0.672941148
    -0.186898738 -0.638132095 0.563364267 1.16835225 1.0436511
    -0.49191159 0.615098536 0.530082822 1.24375987 1.3515414
    -0.230353534 -0.416404992 1.7608645 -0.41135031 0.681477189
    0.376453221 0.623422801 0.671042919 0.500772595 -0.460373998
    1.54487216 0.0993666649 1.45739675 0.925646245 0.040748775
    1.24890816 0.336800873 0.177047908 -0.0927613974 1.23118484
    0.941811383 0.404384017 -0.408318579 0.763841987 1.45233798
    1.81248522 -0.362899661 -0.420325696 0.182456732 1.74437976
    0.23751688 -0.293733358 0.542005777 0.1138165 1.53980398 0.239915669
    0.0233367682 0.720320165 -0.926859736 1.44988108 0.540841818
    -0.453681111 0.252185643 1.43085468 1.65820217 1.43558025 1.43350875
    0.285528302 0.77906549 0.44586736 0.168691278 0.377035975 1.58799505
    0.0129018426 1.09633815 0.27240479 -0.60977143 1.03288889
    -0.192604721 0.372787297 0.692749262 0.531234741 1.30111241
    1.80210328 -0.0203005672 1.04948092 0.735613525 0.394824326
    0.982583463 -0.534207284 1.70170748 1.32815361 0.0504915118
    -0.462541372 -0.623428643 -0.120709717 -0.0540586114 0.195531666
    0.0892367363 -0.381632388 0.629686415 -0.669221759 1.32305002
    0.989781737 -0.556803465 0.64448446 -0.235309184 1.47029793
    1.53216577 -0.374400288 1.0427537 0.584468365 1.0871129 1.02449942
    0.694311023 1.09422612 -0.708323061 0.756824315 1.61949742
    -0.236495912 1.75169742 -0.582678676 0.527191997 1.16694832
    1.7054019 0.706128061 1.58524716 0.750304461 -0.703342497
    -0.323819548 -0.608751655 -0.735562623 -0.670417488 0.425626934
    1.69705582 0.0638418794 0.668911695 0.0257052183 -0.0595262051
    0.186623096 0.610921025 1.32193041 1.3391242 1.44242787 -0.432336211
    -0.152148366 0.388738513 -0.264175534 1.21534848 0.506292522
    0.338814557 1.1599133 0.626067936 -0.699865758 0.136211872
    0.420333505 0.678260207 -0.695268631 0.583642066 1.16368699
    1.01586545 0.446964979 1.42444038 0.0487333536 0.435010195
    1.59093189 -0.709327221 0.704699159 -0.421971053 1.05322516
    1.01268482 0.380783796 0.610447586 0.402434826 0.599767208 1.7614888
    -0.245096266 1.5851891 -0.197853625 -0.658805728 -0.858946145
    1.0156014 1.69665337 -0.502368093 0.892228425 -0.457524091
    0.477133512 0.168454707 0.70689255 -0.112368286 0.554896891
    -0.183961332 -0.659811616 0.308244228 0.0187575817 0.441518605
    -0.378835887 1.51711786 0.395934284 0.288295627 -0.741677165
    0.327592015 1.61941111 0.277032435 0.757844448 1.47690582
    0.342672646 -0.318840653 1.45225191 -0.116975904 -0.573299527
    -0.148320794 0.806726217 1.45289969 1.18868423 1.12546873 1.61211324
    0.35177207 1.47014093 0.0867797732 0.0946290493 1.48178554
    0.0613863468 0.256625652 0.100097239 1.40581393 0.922567785
    1.03506982 1.6323657 0.153788328 1.45860267 1.43711829 1.24041629
    0.167939842 -0.812405407 0.522227168 0.509777546 -0.560367227
    1.16092288 0.527970374 0.302535176 1.55503893 0.42591399 1.66684008
    0.125956953 0.619148016 1.55424356 -0.709288418 0.548176408
    -0.126120031 -0.132164121 -0.401711553 0.0142458081 0.785292208
    1.03259957 0.505782425 0.483126521 0.117421269 0.344554424
    0.0371797681 -0.467238605 1.19071329 -0.547666788 0.622058272
    -0.281648219 -0.467963576 0.889348328 1.03484035 0.111209691
    -0.181641161 1.13960528 1.51097763 1.14550102 0.641146839
    -0.748505473 0.196475565 0.179728746 -0.322977215 0.930045784
    1.07174194 0.669958055 -0.740901291 1.15772533 -0.153829455
    0.923775315 0.864619732 0.695614457 1.28844142 0.682480097
    1.07394874 1.04560614 -0.476890504 1.51838636 1.05887866
    -0.416891843 0.270453215 0.560629368 0.453177154 -0.260815978
    0.956615865 0.136508167 0.916019857 -0.656177104 0.134368539
    -0.585788488 1.48064387 1.0788281 -0.705657303 1.44071579 1.7608695
    -0.785871148 1.48974729 1.07736206 1.56213188 -0.292165816
    0.538996458 1.50603342 0.244234562 0.196715653 -0.589472175
    -0.596407771 -0.122430801 0.927346587 -0.768464863 0.39746809
    -0.0729423165 0.87880528 1.15386605 0.662717462 1.05213857
    -0.401346445 1.36996579 0.194563687 1.14348638 1.06640363
    -0.421763241 1.31344223 0.18019259 -0.245181322 0.672275603
    0.980997503 1.41718435 1.5064919 0.592793822 0.966278613 0.720485508
    -0.184484482 0.699078739 0.586849809 0.795492589 0.356692135
    0.948204398 0.95786351 0.235093832 1.35673714 1.41934848 1.26738012
    1.72331095 -0.0179286003 -0.72799468 1.55717647 0.737801433
    1.73674595 -0.47984764 0.128905773 -0.491099358 0.356611371
    -0.752182186 0.330709815 -0.427223116 1.50279498 0.128704607
    1.19334102 1.30057073 1.46262574 -0.673555851 1.44664764 0.654579222
    0.888444245 1.65879273 -0.577202857 0.185085654 -0.565417767
    1.78852749 0.657572091 1.01809907 0.912886083 1.78146744 1.55385435
    -0.175159216 1.63395166 -0.26943177 0.611775994 1.45456767
    1.65967369 0.0458328724 0.126399815 0.822074175 -0.285257757
    -0.552830815 1.19420791 0.142499387 1.65749192 -0.871023357
    -0.0138352513 0.0119503736 1.30663788 1.52449512 0.942892909
    -0.152275026 1.55651999 -0.254253983 0.699441254 -0.126705587
    -0.107197344 1.35949576 0.326229811 0.615835965 -0.32373023
    0.957846999 -0.675179541 -0.173493207 0.710241795 1.28649306
    1.22509468 1.59257269 -0.222137809 1.56836736 -0.0998303294
    0.552048981 1.18827879 1.67704642 0.808809519 1.73368454
    -0.276362538 1.42506588 -0.679806888 1.29671645 1.57687914 1.154778
    1.36197853 0.237021029 0.779153168 1.35212731 1.67215586
    -0.138465226 0.967005134 -0.00355291367 1.13307309 0.796132743
    1.26450396 -0.00846689939 -0.502484083 0.527361929 -0.179123998
    1.52404618 1.34006381 0.937922001 -0.189877212 -0.658977151
    -0.168750525 1.35964108 -0.662440181 1.52396417 0.214592218
    -0.358128071 -0.0515582561 0.677132964 1.21138215 0.931881428
    -0.937775433 0.831369698 0.863125861 0.123206198 1.41811109
    -0.34820205 1.37475061 -0.231628001 0.551795065 0.000757575035
    0.105874062 0.525805891 -0.812975645 -0.652726054 0.675458968
    -0.587670386 0.855377078 0.339749217 0.708067298 1.5443126
    0.986723304 0.50607276 1.59895086 0.509595454 1.11076975
    -0.183288038 -0.173870802 0.511370718 1.04987609 1.17500198
    1.30541253 -0.0052741766 1.45208621 1.29341877 0.861109316
    1.83076203 -0.453374922 -0.662305593 0.397817135 0.888614833
    1.32081437 1.77190757 0.143119335 0.297224045 -0.188093424
    -0.382297188 0.394500971 0.423495233 0.483497262 1.62250328
    1.71867216 -0.240841269 0.612867057 -0.463530034 -0.602309465
    1.50700355 -0.0281222463 -0.286186635 1.20574629 0.496320367
    0.254472375 1.29292512 1.29731345 0.314951003 -0.462060481
    -0.396579832 1.34772849 -0.750421047 0.968138933 1.50650609
    0.217681646 0.0811130404 1.48005128 -0.490686655 1.6129415
    -0.563406527 1.54676521 -0.905260801 0.950937629 -0.713123739
    0.622920156 -0.497962773 0.510514617 -0.348733991 0.658453941
    1.65786529 0.711491585 0.855182052 -0.505139709 1.72773623
    0.75381577 1.12515223 0.694207489 1.7672435 0.458419263 -0.536049962
    1.58442438 0.100472093 -0.776951551 0.780213892 1.28509426
    -0.123387337 1.7113378 0.31785965 0.995396733 -0.632697761
    -0.286372274 -0.324325204 1.14002347 0.58177489 -0.705678165
    -0.723273516 1.82042575 0.036093533 1.6494925 0.61858803 0.799446106
    -0.738953054 -0.513735056 -0.0821361542 -0.0346474051 -0.580366731
    1.08844352 1.41198111 0.922846794 -0.168640614 0.850496531
    0.813728094 0.936125159 -0.697300851 0.383508861 -0.116508424
    0.552751243 -0.209791183 1.82348168 -0.294724405 -0.82854712
    0.648917794 1.21956921 0.34335494 0.110026121 0.977857471 1.71003294
    0.388527811 0.941949904 1.02762103 -0.0095269084 1.75013566
    0.749565542 -0.11677736 1.44855714 1.29533935 -0.628749013
    0.315937579 1.14991641 -0.603874922 1.7387073 1.49439263 1.20808256
    -0.222104073 0.686447084 -0.118465841 0.225899935 0.133507311
    -0.359533787 -0.126155615 0.555009425 -0.592574716 -0.58528173
    1.65659189 0.149790466 1.57527494 -0.201489508 0.824576974
    -0.0644464493 1.54074168 -0.800246775 -0.553971052 0.171772599
    -0.158409238 -0.437905252 1.34888864 0.312410593 0.590626717
    -0.112177849 0.460940719 -0.702239275 1.42649698 -0.0487704873
    0.606081545 1.18102932 0.87285167 -0.256222904 -0.768001974
    1.37685621 0.520120621 1.3476758 0.76052928 1.05905414 0.11000222
    0.350269496 0.797528505 1.47132874 -0.493740112 1.07145095 1.0634774
    0.391034007 -0.0175740719 0.0214998126 -0.151563287 -0.599060535
    0.328702629 -0.119975567 -0.00213307142 0.792783618 1.43437624
    0.0445979834 0.647022963 1.67838264 -0.460776091 0.18076551
    0.267103016 0.302939236 0.688375235 1.18936574 1.46732271 1.69761109
    0.743570387 1.37989342 0.793456554 -0.365977228 0.897022903
    1.49195218 -0.461016864 1.62383771 -0.36667645 -0.770697713
    0.230905592 1.0944066 0.134348869 0.156174421 -0.215753675
    0.45655477 1.70760393 0.829876184 1.31418669 0.040640533 0.162448883
    -0.683558106 -0.150545776 -0.127876043 -0.334533811 0.214907765
    1.30064619 1.24718881 0.992451787 -0.335612118 1.1040926 1.55951142
    -0.000987410545 -0.15489012 0.669427752 0.0930563807 -0.0511419177
    1.36878562 1.5977242 0.974510193 -0.0829054117 0.442610562
    1.57786834 -0.815259278 1.17197871 -0.737249672 1.19243944
    -0.256780744 0.344473302 0.806049824 0.939759433 0.183553338
    1.01821089 -0.248293281 1.64066434 0.0104278326 0.504637957
    1.26676857 -0.0299632549 0.614195228 -0.643840373 0.183495939
    0.232979238 1.58399177 1.00127923 -0.409945667 1.83645058
    -0.240864992 0.653106391 1.66664743 0.360504985 0.88922447
    0.255339384 1.49540615 0.456936121 1.29909801 -0.262902737
    0.288276851 -0.653606892 0.461537719 -0.413551152 0.0819376111
    1.27238321 0.175763428 0.89461261 -0.784926474 0.87349087
    -0.151660025 1.12130964 -0.451770216 0.880951643 -0.714646578
    1.22858644 1.13901973 1.47664022 0.347221971 -0.575423181
    -0.15319103 0.323863268 1.53956509 -0.192265689 0.40274632
    -0.630396903 1.72328615 0.637036443 1.49937868 0.935064852
    0.502958715 -0.584707201 0.668458998 0.862062752 -0.0864239931
    0.793853045 0.911123753 0.552607954 1.23182082 1.60146737
    -0.814127922 -0.690356374 1.47793913 0.482721686 1.40156233
    0.29645741 0.48050642 0.605204523 -0.0432000756 0.307706058
    1.33997583 1.49008346 0.0846369267 1.25136161 0.216679633
    0.0443463922 -0.699261785 -0.345874757 0.00961071253 -0.179946125
    1.50138533 -0.36109373 -0.184884727 0.281791508 0.267685354
    1.6545527 -0.0330450535 -0.793123364 -0.559291363 0.345112324
    1.2698884 1.73430336 0.815701485 0.962442219 -0.801340699
    0.101289928 0.846451044 -0.436365426 -0.379900604 1.33829808
    -0.184979618 -0.773602068 0.880593956 1.39724088 0.413675308
    1.56648982 1.07771957 1.16970646 0.390354395 0.507159352 1.42263913
    0.872609496 -0.877182662 0.172823191 0.841915131 -0.557888925
    1.41920161 1.62664628 -0.438422143 -0.725197136 0.235007823
    1.03032446 1.44848943 -0.0678032637 -0.553506732 0.65491575
    1.37499201 -0.347465962 -0.156272709 1.28947389 -0.650210619
    0.809805512 -0.80618614 0.616647959 1.60357189 1.7110461
    0.0929436088 -0.830180109 1.61065102 0.679806948 -0.631703675
    0.574116528 0.361495793 1.1532172 0.298526227 1.2039938 1.70529222
    1.18684936 1.72497487 0.957060397 -0.641378939 1.48414695
    0.832821369 -0.109132409 -0.0726466775 -0.620801032 0.405048907
    1.30930018 0.929033697 0.927203894 1.266819 0.217921317 1.45845151
    0.246726871 1.15717399 -0.510465503 -0.705566287 0.815002561
    -0.0494914055 0.978080511 0.669898391 0.312773168 1.33563197
    1.05294502 -0.605135798 1.68757319 0.586746752 0.789588034
    0.232384443 1.51070476 -0.784626484 -0.343676329 0.136454463
    1.59199214 1.01640558 0.963500679 1.3359623 1.06038511 0.234649479
    -0.950648844 0.736057878 0.488898993 1.57466388 1.5195694
    0.844484806 1.21330714 0.123779655 1.63751149 1.56400824
    -0.208578616 0.568159163 0.140805483 0.97420752 0.460428953
    0.933295608 0.612303138 0.39298588 1.60842466 0.480460405
    0.0503486395 1.40307283 1.13146162 1.38479459 0.75923264
    -0.815370381 0.657272816 0.576247633 0.768563211 0.383005917
    -0.290893883 0.792445242 0.717784226 1.3229425 0.709891677
    1.00939441 1.63854039 -0.551605463 -0.323648572 0.114121556
    -0.102007985 -0.00581848621 1.54925251 -0.461451292 0.443542838
    1.06695962 0.273229361 1.19028926 0.715202272 0.48809737 0.900965631
    0.394778788 -0.808415413 1.64899659 0.32731849 -0.60730654 1.0660522
    1.05445135 -0.633745492 1.52291369 0.534985185 -0.0801775455
    0.817450941 0.820216417 0.539330542 -0.565762758 1.60541701
    1.30973005 1.58894062 -0.569788814 1.05898368 0.384073496 0.79417944
    -0.674543321 -0.641845584 0.843277514 0.169786692 -0.494298369
    -0.715473354 0.48042351 -0.537874222 1.08095086 -0.0719117522
    -0.340614319 1.52086687 0.869340897 1.78664804 0.179486871
    0.936766624 1.3948698 1.6964376 0.780214429 1.68619084 1.74189663
    1.33268809 -0.714179158 0.448750198 1.69189668 1.31520498
    0.457566798 1.34138751 1.40945852 0.601405382 0.0525220037
    -0.70587492 0.21052891 -0.420904368 1.55572295 -0.561771274
    0.136132836 1.39839613 0.806131244 -0.35885042 -0.851376355
    0.27851212 0.942953885 1.12804604 1.47217464 1.01484132 0.128402293
    1.54949999 1.58046901 0.274866581 0.0486457944 -0.529106855
    1.34293687 -0.919348061 1.65007722 1.40420294 1.52502036 1.55197656
    -0.86344111 -0.654053986 -0.524986506 0.945991099 -0.403435618
    1.18325233 -0.49235329 -0.50494051 1.28911901 -0.0530955195
    1.00220048 1.52409577 1.90804863 1.01630282 0.612538517 1.69311345
    1.0887208 1.4475491 -0.593016088 0.974851549 -0.481378108
    -0.21726048 0.804789603 0.797949255 1.91355968 0.105585933
    1.02142322 0.0862997174 0.307852149 -0.709483027 0.325854778
    1.14613938 0.517546594 1.00105739 0.279250503 0.0273597836
    -0.750150621 0.792762876 0.586550653 -0.659499586 -0.0364976525
    -0.197015107 -0.74795115 0.552541852 0.589046001 1.57641411
    1.2953105 1.38151097 -0.116845369 0.226340592 0.970716059
    -0.620152175 1.44734716 0.509979188 -0.00399976969 -0.0729740262
    0.0443808436 0.856329262 1.25393367 -0.564866662 1.3916285
    -0.176200092 1.68608642 -0.719439387 1.10777509 -0.701540172
    0.173656583 0.996896267 1.67043853 1.50860262 -0.857758522
    0.950764358 0.676771164 0.870228291 -0.341030598 -0.23304069
    1.06993616 0.788910627 -0.19751519 0.832760572 0.639898539
    0.525171697 -0.179927945 1.48069668 -0.64168191 1.57420206
    -0.107793629 -0.0158476233 -0.657663643 1.11522889 1.38367462
    -0.71384716 0.239455283 -0.120396495 1.80483556 -0.103170216
    -0.228934109 -0.671723187 0.768832803 -0.455226064 -0.584599793
    -0.503355205 1.43040061 1.06668973 0.561452091 -0.502884388
    -0.531082511 1.20907307 -0.410123706 -0.214458644 -0.411584705
    1.60215735 1.7209661 -0.423022419 0.523269653 0.014333725 1.36399508
    1.45111811 1.14245129 0.695897102 -0.575057387 0.679952621
    -0.513297796 -0.487570137 1.34627926 1.24738944 1.34424829
    -0.417292118 -0.635537744 1.21187735 1.45848525 -0.0286218524
    0.634194434 -0.532007933 1.16951203 1.12299752 1.97976792 1.56232226
    0.98649168 1.2882998 1.51589739 1.58879852 1.36020041 1.43729329
    1.287606 1.28556633 0.274243891 0.263425052 -0.856275797 1.53752041
    -0.65734303 -0.0329915285 1.8535285 -0.31135571 0.539026797
    0.11839956 -0.214390397 1.52163959 0.727151871 1.21646857
    0.120272398 1.04727125 -0.318486214 -0.410433024 1.2063148 1.4063096
    1.27863371 -0.651515305 1.32685184 -0.260155678 -0.278963029
    -0.17149204 -0.0621148944 0.243609786 -0.220587909 1.43102431
    1.41549516 1.58308387 1.74921572 1.56022048 -0.0248886943
    -0.443379194 0.337021768 -0.0215332508 0.620976567 0.288101017
    0.752260685 0.127788484 0.889054537 -0.621096611 0.971220076
    1.35764647 1.59723127 -0.0234359503 1.30568361 1.0654068 1.30418515
    0.513034046 1.75361621 0.857550859 1.1914885 -0.141740024
    -0.0265002251 1.83727968 1.58556592 0.570033669 -0.0272065997
    -0.46003139 0.63373071 0.0402522683 1.65534055 -0.432798296
    -0.338124037 0.646320522 0.370901465 1.36357868 1.38052619
    -0.482939661 1.29244709 -0.720787644 -0.331270278 1.42144907
    1.65263069 0.0898142457 0.325235903 -0.82636565 -0.000363588333
    1.15819454 1.4979856 1.60908055 -0.145297229 1.54108524 0.988719702
    0.899037004 1.56723464 0.768823147 0.219607949 1.13439703 1.23666322
    -0.703703403 1.48719597 -0.567744613 -0.133973956 -0.0647103786
    1.1246686 -0.503825724 1.25958264 1.73586571 0.617794454
    -0.445402384 1.11140084 1.02049088 0.336035967 0.607251823
    0.769018352 -0.151649415 -0.128574729 -0.102918565 1.02007902
    0.0849206448 1.65335619 -0.555723667 -0.287645042 1.6114223
    0.474389493 -0.32253629 -0.618335485 0.174973249 0.610807776
    -0.225554317 -0.167108715 1.30570245 0.630800247 -0.1009866
    -0.216121614 1.55563211 0.718628228 1.86366296 -0.322416812
    -0.432882905 -0.257199347 1.09355617 1.44653463 0.397683859
    0.811898887 1.47122264 -0.56760937 0.736754239 1.29093313 1.62333226
    0.486004114 -0.585250497 1.02521098 0.94724071 0.586439252
    1.80665469 0.683649063 1.00076735 0.141231775 0.41409117 -0.56709826
    -0.268980026 0.935946703 1.51536036 0.774648666 1.5618422
    -0.471978158 0.499819934 1.79415727 -0.0834400654 1.00685489
    -0.284985751 -0.724218607 0.266405284 1.49186659 0.932304263
    1.79246974 -0.24331075 0.0592473745 1.61150181 -0.474093884
    0.485784888 1.48516774 0.165091932 0.239939094 0.889473498
    1.20952058 1.27911782 1.44611621 1.68937874 0.371806264 -0.518544614
    -0.080096662 1.13708663 0.782319367 0.623752773 -0.199071705
    0.857642353 -0.198164701 0.150868416 0.322738707 1.35041404
    1.32989812 0.563531101 0.398243248 1.49534345 -0.600306451
    0.867885113 -0.539778829 -0.716975808 1.61515975 0.482265592
    1.11831295 -0.541096449 1.75563049 0.0985861421 0.0856370926
    0.316015005 1.74795532 0.95830363 -0.353454649 -0.373861969
    -0.781675875 -0.666347623 1.17862797 0.362622201 0.149090767
    -0.183370054 -0.0663286448 0.666097045 -0.315189779 1.18969345
    1.55290461 0.567564607 1.31897926 1.42018843 1.19366527 -0.876629233
    1.16030455 0.567582607 1.54784667 1.33871555 1.45627034 0.0424042344
    0.610460877 -0.722762823 -0.333649397 0.442781568 -0.719990551
    0.966531932 -0.166925967 1.6276381 -0.0227661729 0.524910867
    0.328161716 1.03341234 -0.458772957 0.378234267 -0.800448895
    -0.767271817 -0.829814136 -0.326121807 1.40550959 0.745949209
    0.235504091 0.905135572 1.7191844 0.336439013 0.6495592 -0.388005137
    -0.702569425 0.375369966 0.215183914 1.75025308 -0.170389295
    0.593559682 0.826720178 0.420681417 0.705049694 0.388810217
    1.51607406 -0.682197988 -0.656972706 -0.403022349 -0.0437641144
    0.472215712 -0.505416036 1.55553842 1.47504234 0.0231273174
    0.419480503 1.09584069 -0.366584122 0.750525773 -0.0283420682
    1.70138836 -0.712673366 0.824238122 -0.146949112 -0.455450416
    -0.393175393 0.145420015 0.328750908 -0.176253021 -0.446766406
    0.512701809 0.346556306 0.658002675 1.09499431 0.917129636
    -0.299097657 -0.0410092473 1.05747581 -0.683528423 -0.152589858
    1.51403522 0.867349982 1.74430633 -0.640669823 -0.104192734
    0.955462098 1.64357424 1.44787288 0.937707543 1.47686338 1.12823868
    0.754757762 -0.827383339 0.978275776 0.776959181 -0.815931141
    0.590857029 -0.51060605 1.50476539 0.960910141 0.483621716
    -0.402131736 -0.649409294 -0.100646079 0.384828985 1.07602012
    0.567262292 -0.0864812136 -0.7402004 1.45804787 1.33813596
    0.0656499863 0.195174336 -0.202765405 -0.267217815 0.835116565
    0.0612556338 0.201562107 1.22373605 1.3522253 -0.801538825
    1.53293586 0.287932515 1.4606179 1.61157036 0.523017585 -0.393412054
    1.40711296 0.758293629 1.32224798 0.157301664 0.801439226 0.58378917
    -0.242698491 0.801801383 0.264538944 0.77711457 1.74419546
    0.48737967 1.84476757 -0.274570107 -0.152275026 0.00878119469
    -0.424181223 0.670455694 -0.804856002 1.79806173 1.4809072
    0.242117226 -0.454888225 0.108851492 1.07656288 -0.683576822
    1.26606309 -0.368849754 -0.315362871 1.58593297 1.60612535
    -0.087759614 -0.48304987 1.50680304 -0.33591485 0.16865623
    1.51499355 0.918615401 0.377720416 1.20304537 0.654778957 1.28000951
    -0.501867056 1.2189697 0.729353487 1.21607733 0.996199191
    0.402065575 -0.336343557 -0.497432172 -0.54970634 1.26115382
    -0.532212138 0.590878963 1.44279313 1.5921483 1.61457908
    -0.653801322 0.904467821 -0.0143226385 -0.205226243 -0.394681305
    -0.146840811 0.689507604 0.0776765347 0.161242902 0.401554465
    1.42727649 1.73983097 0.417925835 -0.548788905 -0.0127058029
    0.609205663 1.90148067 0.371975243 0.211405456 1.19395089
    0.316135466 -0.509545743 1.03429818 -0.264229715 0.53081888
    -0.0545763969 0.658434987 1.01005197 1.52706814 -0.717018247
    0.893450081 -0.273465037 0.847466469 0.46212548 -0.406315267
    1.704849 0.136961699 -0.566904008 -0.682359338 0.0135762095
    0.627268553 0.668758273 -0.702884436 1.26299238 1.79822493
    -0.682822466 0.904363751 1.61170673 0.307461381 1.69450951
    0.402506709 0.810703576 1.55957711 0.457808256 -0.274711549
    0.39580512 0.558426797 -0.11375016 1.04071653 1.62167692 1.37509859
    1.01416767 1.20302725 0.434194922 -0.543418407 -0.596451044
    0.893550038 -0.802695036 0.900754809 1.09097552 0.888096571
    1.21124053 0.182960749 1.40600896 0.342952371 1.61351204
    -0.514497399 -0.601607323 -0.529947519 1.15153241 1.17961586
    0.198609948 1.21694291 0.517492354 -0.185698211 0.745186806
    0.185905397 0.740624309 0.888847291 1.80815899 1.34114504
    0.996183038 1.47000515 1.07534766 0.72490418 1.020257 1.62827468
    1.03014243 -0.0297540426 0.991125226 1.72484946 -0.661573529
    0.268189967 0.0275058746 1.61644793 0.0338792205 1.5547688
    0.381645262 -0.486103207 0.902985871 1.57098746 0.64180541
    -0.37293303 0.904479742 1.76124299 -0.642498434 1.62913132
    1.12538779 1.03000569 -0.0945745111 1.11667073 -0.313738793
    -0.346234262 0.438955784 1.6305542 -0.194365323 -0.424301535
    0.231661022 -0.31954515 1.75580573 0.668581665 -0.554603279
    -0.309008062 0.690048873 1.73107696 1.09802806 1.31957436
    -0.589634776 0.593864143 0.925727427 -0.115938485 1.61881685
    -0.494793266 1.52410173 -0.661337674 -0.136627376 0.432611287
    -0.00519055128 0.510274887 0.22383523 -0.486932963 -0.609330893
    0.403565526 0.558549285 1.57461369 -0.325768024 0.364683509
    -0.0139833689 0.36787492 0.242957175 0.473023415 0.697623432
    -0.704943299 1.52051747 -0.118685901 0.056974709 1.42501736
    1.30628824 1.51504827 1.2406323 -0.136086524 1.61618614 1.11766016
    0.278941512 1.87995982 1.04490662 1.19139481 1.6869396 -0.378607631
    0.868035138 1.64063931 1.58687735 0.124331176 -0.0276859999
    1.44527721 0.935750246 0.586007357 -0.669014335 -0.64755106
    -0.177845478 0.597326815 1.74849463 0.371712983 0.764294386
    1.35198748 1.20443451 -0.0530748963 -0.429148614 -0.368159533
    0.574177206 -0.595660627 -0.466853768 -0.861056983 0.601815879
    0.371172488 1.43245745 0.351524174 -0.109944105 -0.0331802964
    0.465407014 -0.745829225 1.52948928 0.108606875 1.27788651
    1.18159497 1.57949018 1.70686984 0.914203882 -0.704791844
    0.043746233 -0.459848374 -0.443701506 -0.375647038 0.434005618
    0.701453686 1.73658776 0.437077343 0.347778678 0.822093487
    -0.893646657 1.06364858 -0.664540231 -0.118035614 0.104453444
    -0.0275346041 -0.382653654 1.75659156 -0.694327474 -0.439240903
    1.12966681 0.837337077 -0.864858806 1.62919664 1.10137725 1.16804838
    -0.199588835 0.199978232 0.539175391 -0.553048372 0.292015672
    -0.619720101 -0.0615865588 1.28515625 1.38831902 -0.348930001
    0.448988795 0.875333548 0.435983896 0.364095032 0.581232488
    -0.489638507 -0.145357609 0.827648342 -0.304822892 1.68804657
    1.04982519 -0.668203175 0.949527919 0.0603231192 0.382242322
    0.755994737 0.908358097 -0.676200449 0.361655712 -0.600126266
    1.68885803 -0.0447383523 1.50752068 1.25473714 -0.797433794
    -0.684974968 0.890165269 -0.0924935937 1.38983655 0.957023263
    -0.743855715 1.27037978 1.91864288 -0.284522504 -0.691912055
    -0.646157324 1.07287693 0.308801591 1.86142445 0.834693491
    -0.38386029 0.401943743 0.123475611 -0.824925005 1.6954627
    1.76797318 1.48317885 -0.781126976 1.7099117 0.312246561 0.371200442
    -0.419516027 0.595787108 1.48628747 1.67928839 -0.0530703068
    1.11123228 0.0542791486 1.65475583 -0.381247997 1.77358425
    1.71638012 -0.105365872 -0.245035887 -0.31979543 1.73446012
    1.11888409 1.57062483 0.874550223 1.09884524 0.898969412 1.53958082
    -1.00721753 0.188866317 0.794577599 0.632010818 0.0252832174
    -0.160233676 0.299813747 -0.291382015 0.0456585288 -0.0875532627
    0.769420266 -0.58818233 1.22387862 -0.139104247 1.40857387
    -0.66495955 1.24502873 0.261002302 -0.483380735 0.220203638
    -0.0774117708 1.47360682 1.53488183 1.18188524 -0.590720057
    -0.206844211 0.294997334 -0.176452577 -0.385941684 0.0576440096
    1.84263659 1.78518093 -0.0549108386 -0.745283604 0.996200264
    1.5603323 0.31712079 -0.12116152 1.40290308 -0.862784147 0.127580643
    -0.766667306 1.1835072 0.101419032 1.20851684 0.465313017 0.50803566
    1.61005485 -0.380961806 0.455947876 0.836106062 1.87395239
    1.29953635 1.1318028 -0.628114641 -0.695530832 1.26565158 1.10313892
    0.499091148 -0.537251472 -0.413718045 0.545046449 -0.249643028
    -0.273274541 1.56762791 0.0503908992 1.49184537 0.24913311
    1.40893292 1.29229271 0.580112875 1.21357846 0.244560361
    -0.692945838 1.75885534 -0.771815956 1.01124907 1.48048186
    1.35344434 1.44530249 1.24638534 -0.0636711121 1.04699349
    -0.453741819 0.557427347 -0.67015928 1.52195871 1.63068628
    0.846933007 -0.145053327 1.65511632 0.33797878 1.41345739
    -0.127343118 0.723604143 -0.0596701503 0.928947806 0.737817764
    0.358599186 0.621159971 1.58131087 -0.462011635 -0.271535188
    -0.728224516 1.76133311 0.736672521 -0.204606235 1.02019119
    0.503657579 0.200984597 1.50307715 0.385956049 -0.514391243
    0.765306056 0.14294064 1.48804927 -0.00856602192 1.01257682
    0.732983232 -0.03341043 0.934431016 -0.91399771 0.220332503
    0.79742229 1.52589774 0.0595559478 1.17613316 0.913225234 0.66382277
    0.742361903 0.926298141 1.63977695 0.552033544 0.604714096
    -0.708373964 -0.155312061 1.48269987 0.21347183 0.484996676
    -0.0432819128 0.763270736 1.55586529 -0.500781715 1.25796771
    -0.588656425 -0.0523360968 1.56851339 1.1704421 -0.292222738
    -0.361017048 1.24156451 0.882472575 0.289632797 -0.157369018
    -0.240378559 0.0826073289 0.208417714 0.774042368 1.70562601
    0.935712755 -0.0373871922 0.515399516 1.08321393 0.783818007
    1.37682939 1.56962132 -0.749849379 1.3765285 0.58795923 -0.301806927
    -0.53753078 1.25506115 0.248447299 1.28565454 0.504401326
    0.00107890368 1.19656801 1.18258297 -0.366398215 0.514346957
    1.84059215 0.242917955 0.048571229 0.592578351 -0.819338679
    1.03875935 0.14717567 1.26751518 -0.688288033 1.7108779 0.285928726
    1.29434025 -0.524923444 0.367569566 0.209695876 0.509362876
    1.78047013 1.30822206 -0.288974583 1.3589468 -0.0139359236
    -0.493970096 -0.229387879 -0.342043817 0.644761682 0.133285403
    1.54042029 -0.235020638 0.581155598 1.90454149 0.351612687
    1.51192522 -0.21366173 -0.566488743 0.714749455 1.6988852
    -0.480341196 0.166899443 0.542583466 1.18094277 -0.553615212
    1.40868378 0.692778647 1.22397327 1.66874433 -0.418709636 0.68109405
    0.749281108 -0.221229434 0.29690057 -0.691337526 -0.372836649
    1.36712372 0.449442029 1.05254507 0.169211149 -0.51198566 1.65767789
    -0.28151989 0.23294431 1.451087 0.945197225 0.251174033 0.797092497
    -0.110850394 0.305592299 1.51441932 -0.288357913 1.66528201
    -0.419187248 0.695591211 1.80626202 -0.0111547709 -0.805224895
    -0.308847547 0.635850966 1.29149556 0.841195405 -0.365099728
    0.449893773 -0.69758749 -0.646719873 1.68916798 0.305422664
    0.00851154327 1.60344207 -0.738705993 -0.334677368 1.2704891
    0.589642406 -0.69919759 1.13459039 0.395770907 1.59298456
    0.306160212 1.76301312 -0.148600996 1.48652494 1.5815959
    -0.418521881 -0.382866204 0.926398575 1.35786009 0.216987908
    1.15915036 -0.746309221 -0.250638306 -0.696573913 0.12267077
    1.56482422 0.242098927 1.02478933 0.649291277 0.991806984 0.50296402
    1.46702552 1.56342804 0.359971106 -0.355472207 -0.287649423
    -0.685684502 -0.547099829 0.466862321 0.381866336 -0.664446354
    1.50238037 0.901743293 -0.522648513 1.06008792 1.16501808 1.21397293
    1.20772672 1.75697744 0.0471500158 0.859805703 0.532573283
    -0.562874973 0.623392105 -0.485672534 -0.272420049 0.758528948
    -0.732663572 -0.434715778 0.255056918 1.11037087 1.2796495
    1.31739998 -0.713621497 0.204089344 -0.354955405 0.192457139
    1.56950283 0.80733645 0.72677213 0.765422285 0.247144759
    -0.174419284 0.942118108 -0.684882462 1.33300602 -0.109001935
    0.358952224 -0.4362306 1.11309934 0.735007644 0.0257914662
    1.38810825 0.298733056 -0.846942782 0.75095582 0.943956614
    -0.299301803 1.54669785 0.956008434 0.296039402 0.416050196
    -0.661982358 -0.533294559 0.0269193053 0.281919539 -0.516282737
    0.198069632 0.680799305 0.415902495 -0.637470722 1.42814231
    -0.0736554861 -0.0692943335 0.82724154 0.304858923 1.52628374
    -0.414088607 -0.264683694 -0.128473818 -0.344996631 1.2279247
    0.50320977 0.469658971 1.1774559 1.03572977 1.12202692 -0.658061266
    -0.339410961 1.71124482 1.61479366 -0.155192494 -0.669705868
    1.12507248 0.732298136 1.52649045 -0.639858186 -0.364683449
    1.1259861 -0.571947098 0.962179959 0.515753031 0.442106605
    0.936782658 0.781715751 1.52355766 0.0801956654 1.20953989 1.5544976
    -0.285583317 0.878710628 0.223899424 0.0391665697 -0.107174754
    1.78652179 1.66097307 0.0467149019 1.16317654 -0.675817847
    1.66447067 1.49867821 1.71302223 0.0788935423 0.232053757
    -0.724016547 0.954204798 -0.00948876143 -0.259303153 1.23646522
    1.08886075 0.564756811 -0.0300737023 0.19015342 -0.339618981
    1.23176599 -0.532958508 0.887010813 1.39520514 1.65005255
    0.558234096 -0.378859758 0.333828747 1.0204308 -0.528562784
    0.0450661182 1.00259662 0.972698331 1.4084518 -0.0742091537
    0.950159609 1.84201598 1.52420962 -0.610666335 1.40683722
    0.709099889 -0.442940921 1.67144203 -0.682509959 -0.793409228
    0.219648957 0.168360293 1.57984948 1.52791858 -0.600723922
    1.68150961 -0.72001034 0.240029097 -0.18972069 0.831418097
    0.575605094 -0.20751977 0.175616086 -0.049877286 1.31496024
    0.15316695 0.0488959551 0.536426008 -0.708701968 -0.0260771513
    1.63773894 1.37911177 -0.0138317347 -0.530281067 -0.420146227
    0.362793386 -0.426027536 0.951751351 1.34818912 0.631195486
    0.0817872882 1.12242818 1.67234087 1.16315103 1.48097062
    -0.737276375 0.201651514 0.456854761 -0.848112285 1.26017666
    1.14068663 1.5455308 -0.81883657 1.28285992 0.214548647 -0.213996232
    0.700746 -0.597980499 0.854794145 -0.27296418 1.54346657 1.21050358
    -0.124515057 -0.368104428 -0.128411531 0.540194511 0.970451295
    -0.556058407 1.20072055 0.0187113285 1.29042888 -0.143387973
    1.37717915 -0.69446528 1.81533349 1.53817081 -0.0636835694
    0.202065527 0.278312564 0.158021569 1.51791215 1.4422226 0.406153083
    0.33846271 0.0713866353 1.47888327 1.94206643 0.615696073 1.08857429
    0.358041644 1.48373759 0.466530621 -0.0598602295 1.4991827
    0.916650593 0.186181545 1.67307162 -0.0949430466 -0.662129283
    0.776275396 -0.147282779 -0.64684242 1.31808543 1.04213858
    0.580948114 0.969537497 0.168312073 0.496394634 1.00546813
    -0.47017175 0.582399249 1.68367398 0.79127419 -0.662994266
    1.19820523 -0.61077857 -0.482733816 -0.424965531 1.10877144
    -0.416880935 -0.338407934 0.84523654 -0.698049545 1.30693102
    -0.526849866 -0.488906413 -0.0618228316 0.00378865004 1.8473525
    0.605220795 1.44192743 1.76146317 1.48683107 -0.671265721 1.35425043
    1.72617972 1.06647778 0.709037364 -0.400607973 1.43968725
    -0.188719451 1.52680528 1.09422362 0.557352722 1.28624296
    0.846436441 0.0536574721 -0.614781857 1.34373236 1.31133425
    0.818350255 -0.0508468747 -0.371170878 0.488989949 1.53130877
    -0.670277715 -0.0548199415 1.8093133 1.47128129 -0.681878507
    0.909133673 1.75045013 0.729583919 -0.476374596 1.54902768
    0.200702906 0.577746034 0.976829708 0.647354007 1.06481171
    0.968410432 0.213445365 -0.18392396 0.890672684 -0.473788589
    1.4296248 -0.626694858 0.928539097 0.0950299501 1.18436718
    -0.674144864 1.62637603 1.2882129 1.54232812 0.770570278 0.914654136
    0.261609316 0.323120832 1.40549946 1.69093132 0.748460531
    0.472399712 1.18991017 -0.180506527 0.432297587 1.48578477
    -0.156462431 1.46188426 -0.351442099 0.578003585 1.40786242
    1.21537304 -0.198697448 -0.677096128 1.24218178 0.82773757
    1.14049268 -0.207889259 0.946597457 -0.00576519966 1.18288016
    -0.871482909 1.18416536 0.92271018 -0.238226473 0.731618166
    0.936578989 1.21047735 -0.677766085 0.492014289 0.343912661
    0.0301013589 0.638705075 1.4694674 0.379081547 1.26210833
    -0.250841796 0.520401239 1.40440845 1.33307517 -0.112289548
    -0.134094179 0.887052238 0.913994014 0.741378486 1.09815323
    0.873104393 1.57506597 -0.614060998 -0.283052564 1.68950462
    1.56641603 1.53336239 1.26415253 0.624839187 0.321928501 0.69834727
    -0.105318427 0.840343595 0.244024038 1.45126784 1.6446842
    -0.825692058 0.410367072 0.771019816 1.66106224 -0.646652102
    0.778804064 -0.731534302 0.0477340221 0.0742679834 0.510705233
    0.357345045 1.09750676 1.65725517 -0.170067966 0.875496209
    -0.691437662 -0.441349596 0.57091403 0.811089635 -0.241226673
    1.29787779 0.18393153 -0.350777 0.50769645 0.588767231 -0.03102386
    -0.147093117 -0.428897798 -0.620886326 -0.184849143 0.250761569
    0.0879299641 0.264986277 0.0832147002 0.91950947 -0.590340257
    -0.05047369 1.77163315 1.1301105 0.632597566 0.858005106
    0.0408455729 0.351248443 1.34920144 0.147774756 1.38516641
    -0.105206013 0.629282475 0.279786825 0.782345295 1.73871398
    0.619769871 -0.587658226 1.08029795 1.51297355 1.01414287
    0.329303145 -0.604538798 1.03846145 0.800210536 0.152413249
    -0.0643996 1.62531471 0.102449358 1.63238192 1.46949673 -0.266821086
    -0.141977906 -0.0775619745 0.898223698 -0.67418915 1.79214525
    1.67691922 0.347862959 1.40725434 1.55402398 0.169908643 1.45113635
    0.132549465 0.561676204 0.352003276 1.75591898 0.823660493
    0.0918271542 -0.602834642 1.43106818 1.70849788 1.2662946
    0.224557817 -0.045145154 -0.169573665 1.62972164 1.37434459
    0.211141109 1.26625752 -0.445580125 -0.511793137 1.04246449
    0.0743245482 0.0416184068 0.977384925 1.41436958 0.0115893483
    0.039093256 1.56261218 -0.728813887 -0.619925916 1.36605561
    1.29822981 1.128142 1.46959198 0.779421091 1.04637253 -0.0525546074
    0.678636074 -0.73637569 0.892020643 0.788927853 1.65112877
    -0.468016028 1.56604719 1.05392027 1.38721776 1.37045932
    0.0850714445 0.243198276 -0.0419822931 0.81496942 1.03094971
    -0.00935941935 0.422393799 0.975437582 0.233826101 -0.254835546
    0.247509241 0.0360969901 1.58639407 1.60074186 -0.0431669354
    0.164669573 0.44592464 1.0272119 -0.499239981 0.379723072
    -0.185815513 -0.598566413 0.796147585 1.76326191 1.72465062
    -0.539174676 -0.054936707 -0.488882124 -0.716089129 -0.559152484
    1.01073897 0.154169738 1.81778193 -0.53458035 0.457725167
    -0.522528529 -0.0260893106 -0.545769513 -0.213170111 -0.597713172
    0.829233587 0.0484765768 0.253231943 -0.741452575 0.779775977
    0.405430615 1.09483528 0.591807842 -0.757598758 -0.679448068
    0.468389094 0.435813904 1.32056403 0.823980689 -0.758525968
    0.0663084388 -0.662262082 1.63162541 0.660509884 0.109359086
    0.495634973 1.69245911 0.276043832 -0.728015184 -0.623161554
    0.285815418 1.31597733 -0.495117694 0.205613434 0.0173666477
    -0.558584094 -0.474157155 0.621679604 0.558880985 -0.124568164
    -0.0736461878 0.884515584 0.0799965262 0.984799325 1.01576042
    1.1935792 0.698076427 1.69457865 1.06372499 -0.541511059 1.62925673
    1.57449496 1.34664774 -0.624611497 1.32688141 -0.284880936
    0.852891564 -0.186220288 0.821707249 1.45853686 0.86499393
    0.529753208 0.713134527 1.48580194 -0.575699508 0.982527673
    -0.113579988 -0.669351816 0.29118973 -0.522217989 0.733116388
    0.271719396 0.707253277 -0.725485563 0.58269912 1.77197075
    0.411179543 -0.61426425 -0.363470912 0.289640307 0.811118484
    0.214742362 0.850999534 -0.389134467 1.54420805 1.2608943
    0.257708967 -0.3361485 0.147497714 1.0582279 1.10718012 -0.21702522
    1.58311892 1.33365273 1.48382044 0.80999732 1.55009413 0.679976702
    1.44803786 1.19252801 1.46761143 -0.640014231 1.69131684 0.706768572
    1.82048607 -0.691870093 1.88186383 0.448938727 1.47288167
    0.256958365 1.22647572 0.935992599 1.11757684 -0.532120287
    1.01684988 0.290689051 0.315312862 1.62050962 1.45575452 1.59910798
    1.02034771 0.48744154 0.136076033 0.55342567 -0.175067961 1.69845343
    0.174681604 0.779806912 1.63955462 -0.183228076 1.14869618
    0.954304695 0.6229617 0.890897512 0.100039124 -0.532885075
    -0.500995159 0.782540381 1.22120786 0.616313398 1.2269454
    0.545161724 0.0580186844 -0.780148506 0.197065592 1.40586519
    1.08221817 -0.241239011 0.769541323 -0.767509937 1.25012541
    0.854608297 -0.689033985 0.690034211 -0.323733211 0.319310665
    -0.351931483 0.115564227 -0.212378502 0.410943747 -0.79854244
    -0.239292085 0.87675947 1.3489331 -0.254394293 -0.23967427
    0.94147867 -0.0213666558 0.164117873 -0.63097477 0.173074424
    0.684410453 0.993180752 0.171939015 -0.347942948 1.5452292
    0.183860898 0.011564374 1.15651345 -0.420342296 0.611784756
    0.89593792 -0.680796564 0.320934534 1.01476645 -0.0343535542
    1.74124622 0.569446504 0.19499284 1.65143001 1.67742598 0.236022353
    0.861108243 -0.457590759 1.42894912 -0.702242494 1.35192299
    0.205882907 1.71677661 1.45712662 1.50876629 1.55777407 0.203174591
    -0.388521671 0.299429059 1.14940357 0.0464940071 1.28952992
    0.308581233 0.929025173 0.437147141 1.6588161 -0.083930552
    1.73633373 0.806611776 1.40288377 -0.496274203 1.15121603 1.22249532
    -0.682160556 0.246888757 -0.46509397 1.01926494 1.49632215
    0.639729679 0.0911491513 1.4402194 -0.0459447503 -0.491900384
    0.444147885 0.442778885 0.701895356 -0.0469765663 -0.234016359
    1.59558415 -0.746228516 0.576561868 -0.683250248 1.2222544
    0.961357892 1.68774593 -0.325140238 0.947970271 0.185982227
    0.730177224 1.12714911 -0.846306801 1.85956347 0.673247457
    -0.326651901 -0.101616085 -0.313810468 -0.176755428 -0.652756572
    1.18646502 1.92140985 1.19752216 -0.654423833 0.690713048
    -0.345080405 1.36767077 0.215912819 1.69326901 0.651185751
    1.23485756 0.656800508 0.829740405 1.52694941 0.0137253404
    0.860408902 1.68369293 1.39377952 0.812830329 0.899378598 1.56379199
    0.328631639 1.03558922 -0.660302043 0.497999907 0.609694064
    0.576790571 0.73737371 1.5228653 0.281262755 1.20254838 -0.579874218
    1.7734406 0.953148782 0.919279993 1.51513791 1.29524684 0.298797548
    -0.704664409 -0.273860633 -0.707698584 1.72284961 0.897571862
    1.53534424 0.467675209 -0.640237331 0.650667727 1.38976908
    -0.764439821 1.05328345 -0.479738533 -0.10621196 0.709382951
    1.1626581 -0.104902089 0.603087306 1.23656487 0.600755095 1.05386877
    0.81841898 0.54585433 1.02098954 1.61085761 0.99117744 1.09887922
    0.75663501 1.33876204 -0.621988654 1.79557514 0.666253924
    0.672161102 1.55585301 1.53181839 -0.17590785 -0.673284769
    1.63327503 -0.312473655 1.08615875 -0.409963191 0.913449407
    0.147168875 0.98469305 -0.0176280141 0.260969996 1.24107552
    -0.384993702 -0.257391483 0.00182801485 -0.397681922 0.305274546
    1.8161509 0.220534682 -0.369635344 1.18483257 0.303108573 1.63926566
    -0.277207255 -0.432949692 1.69220793 -0.30444473 -0.68926841
    -0.459798336 -0.188839436 0.414074183 -0.239853561 -0.364817947
    -0.563424528 -0.165929794 -0.515401363 0.106495142 1.73281193
    0.339120805 -0.178117752 -0.731886983 1.52072835 -0.341337293
    0.361522973 1.83655071 -0.0930386782 1.60091758 -0.772281706
    -0.315780759 1.70393181 1.68288994 0.494454205 0.395381033
    0.411244929 1.57996035 0.948368669 0.690170467 0.416958272
    1.61396217 0.758035541 -0.14533186 -0.742697835 1.75819314
    -0.0213931799 0.299908102 0.319041848 0.0567484498 0.317662418
    0.357456684 0.939536452 0.65156287 -0.121227562 0.859163761
    1.15622258 -0.0834006667 -0.332704723 -0.755117416 0.344627917
    1.35729885 1.61257696 -0.523241103 1.22044957 0.925974607 1.1898458
    0.762927651 1.51811361 -0.536696136 0.326306462 -0.143467844
    1.7581023 1.15847802 1.40448165 -0.502915978 1.23736465 0.324138939
    -0.560217381 1.82091641 0.229218066 0.726811886 -0.585224032
    1.1345787 0.347027004 -0.29259634 1.61418271 1.49103975 1.00122392
    1.43388557 1.44322085 0.88316828 0.0412564278 -0.487876415
    -0.243715465 0.497310817 -0.370584726 1.80839837 0.300091147
    1.69125748 1.54050684 -0.44363898 -0.346336722 0.633074105
    0.725647926 -0.359696716 0.567369878 0.910091341 0.460518897
    -0.16065836 -0.879051924 -0.846933544 0.682952285 1.46348286
    0.67764473 -0.073024869 0.83408922 -0.610830069 1.39023292
    -0.716132283 0.640842438 1.12565029 0.659929633 0.34517765
    -0.0420287848 1.00264537 -0.678223252 1.57333374 -0.167931259
    -0.532615662 0.676527739 1.22042251 0.719315588 -0.0365505219
    0.558462024 1.48977137 1.73985696 0.248151362 0.269887805 1.34280467
    0.388355792 1.03627563 -0.890860319 1.07655859 1.1822505 1.44786263
    -0.00604349375 1.74013782 1.15083694 0.543754518 0.422681093
    -0.47169295 -0.23017326 -0.638341606 1.55726755 -0.289828062
    -0.754042327 -0.5539698 1.33299971 0.835027695 0.18321681 1.277439
    1.6250701 1.73430753 -0.487964094 0.288526595 0.129262567 1.76423693
    -0.677090943 -0.486850977 1.11305881 -0.735777736 -0.359906495
    0.956896782 1.43649578 0.676313758 1.29297543 -0.253777206
    1.19166446 -0.763836861 -0.77170074 0.976106226 1.64090729
    0.13015157 0.606484115 0.0642129779 0.427814245 1.19593072
    1.73339748 0.795262337 1.83020663 0.425282359 0.505506516 1.66018498
    -0.741590261 -0.053263545 -0.693625569 0.0243140459 -0.207862139
    -0.253776848 -0.370984048 0.27274096 0.527148485 0.996136725
    1.09660125 0.272050142 0.966143966 -0.600923657 -0.129279017
    0.435937583 0.0868166685 1.32489657 -0.884479344 -0.519117415
    0.791957378 1.45510912 -0.791935623 -0.498070389 -0.213476419
    0.725548804 -0.753399074 1.3473444 0.877601922 1.18356729
    -0.165255666 0.129606187 1.1104058 0.376573324 -0.309203684
    1.23360252 0.260236025 0.917564988 -0.610181451 0.494635701
    -0.343033344 1.15011847 1.60046673 1.75699389 -0.574522078
    0.199859917 1.36054134 1.14052463 0.207965314 0.704865336
    -0.578963518 1.08841193 -0.173116326 0.87988466 1.14575219
    0.102342784 1.53750515 0.231798589 0.340529025 -0.188576698
    0.0171487331 -0.498792052 -0.604916334 -0.0268115401 1.25617969
    1.36611652 1.53583574 1.73233056 -0.546259761 1.67811608
    -0.268780529 -0.236589074 0.686979711 -0.588953614 -0.0435004234
    -0.0440199375 -0.631146729 -0.19609189 1.59126234 0.845075309
    -0.304052383 0.740667462 -0.621090949 0.0660036206 1.16043019
    -0.409439117 -0.569999814 1.10103917 -0.32925719 0.28200537
    -0.795320511 1.24290109 -0.410773546 0.885268092 0.130725682
    -0.59275198 1.45993578 -0.0370650887 -0.441029549 0.0267332196
    -0.269442916 0.484513223 0.671376765 -0.665755153 -0.0397910476
    1.18944073 -0.795965612 1.77637982 0.342769027 -0.144873142
    1.60447812 -0.850626767 1.21709347 1.22290385 0.842455328
    0.325484812 -0.466877431 1.75851846 1.13212609 -0.385257095
    1.05318904 1.63906026 1.06571293 0.404633224 0.12400943 0.508783817
    -0.710145235 1.78359342 -0.234345734 1.42438674 1.82055902
    1.40054059 -0.261823058 0.147292137 -0.0446702242 1.36204684
    1.04665089 0.628195941 0.105184615 1.1465013 1.07514691 -0.389001071
    1.03003073 -0.00464773178 0.998605847 0.704580486 0.429222345
    -0.617987454 1.70847535 -0.221696496 0.441921651 -0.857298076
    -0.34861514 -0.681494772 -0.421204478 -0.318705887 -0.393614024
    1.76247847 1.66315579 -0.208952129 -0.556958675 1.42065132
    1.20280921 1.21888804 0.207757473 1.21535826 -0.0883086324
    1.24640775 1.32681108 0.843611956 1.55518591 0.0385671258
    0.993603587 -0.316685677 1.67105615 0.25618577 0.793263912
    0.946969688 -0.255959451 -0.484419972 0.162750542 1.63031161
    -0.613470793 0.801647067 1.64714086 0.883906245 1.49678087
    -0.534546852 0.707996011 -0.0901517868 -0.622332215 0.241059542
    0.441234827 -0.524558067 1.78332615 0.0659005642 1.27999425
    0.672740459 0.331838667 1.23473287 0.703722596 0.250601828
    1.24783432 1.10698044 1.4733839 -0.433739901 -0.0798472166
    0.333373904 1.0238018 -0.48038578 -0.425444722 0.516808629
    1.38101995 -0.543565273 -0.316515923 1.37554514 -0.555485904
    0.51195544 1.55125284 0.596981585 -0.177249432 0.930638194
    1.51352477 1.73699594 0.831601143 1.22814679 0.74440825 1.07161498
    0.506250858 0.305604517 0.226959229 1.20404172 1.66835451 1.0197165
    1.73189282 -0.434620917 1.56879258 -0.622484386 -0.20469147
    -0.280299067 1.24878895 0.283402681 0.859627664 0.388345599
    1.51282346 1.04479575 0.611549914 -0.209994376 -0.139698684
    -0.530661702 -0.529076934 -0.535703778 -0.398871452 1.53906488
    0.390439689 1.2502861 -0.768210471 0.470360935 1.09619617
    0.516174436 -0.781238198 1.02642202 0.399787486 1.65695131
    1.30249655 0.847921073 0.177658141 1.05184078 -0.0197425485
    1.59619164 1.05085659 1.35688496 -0.333344698 0.661770999 1.41817307
    0.616897702 1.50785446 -0.278855681 0.351412475 -0.238600492
    0.285846412 1.20947194 -0.0690926909 -0.848948956 0.301781178
    0.901084423 1.45930552 1.11756456 -0.770542502 -0.925514936
    0.345838845 0.422789097 0.891739607 0.467878461 -0.276836395
    -0.212633371 1.391078 -0.379085183 -0.833474398 1.06073809
    -0.620843887 0.43546176 1.79721045 -0.338645756 0.319886804
    1.15625989 -0.0325964689 -0.0213189125 0.463548362 -0.55540663
    -0.550476015 0.0211792588 0.209896564 1.155985 -0.357931316
    0.080806613 0.604017735 0.659379482 1.10475159 1.74339223
    -0.740539789 -0.407823563 0.703146458 -0.518162966 -0.420507431
    0.181343615 -0.192364752 0.00702738762 1.43467331 -0.555296004
    -0.555653036 1.54516399 1.54757059 1.49729073 0.490087628
    0.840697229 0.0194661617 -0.458990455 -0.330981791 -0.307836503
    1.64800787 1.72350502 0.0095050931 0.97656858 0.88544637
    -0.307096422 0.650383651 1.81696975 0.194866538 1.86291516
    -0.410110682 0.0751782656 1.78840888 0.0588649511 -0.711541712
    1.70214701 0.251619875 0.912068188 1.32955694 1.77611756
    -0.0160687566 1.79983139 0.286809921 0.405593097 0.520882905
    1.04538941 1.04349971 1.40949976 0.636116266 0.724940658
    -0.642393708 0.467670381 0.855996192 -0.731633961 0.182873726
    -0.876425087 0.318712234 1.27184343 1.34788895 0.692520201
    -0.427495301 -0.709787428 0.199533761 0.514842451 0.199580133
    -0.050331831 -0.0451453924 1.11948144 0.251761317 0.0676904917
    -0.597539067 1.41970015 0.666151285 0.237123966 -0.400803924
    1.14465117 1.47445917 0.758094966 1.33915305 0.770424128 0.164333284
    -0.211297989 -0.334926546 1.2283802 -0.650105059 1.86312187
    0.0568933487 0.135172188 1.75183892 1.7985667 0.107118487 1.10385776
    1.63965058 1.38694286 0.126412749 0.689807951 -0.0373476744
    -0.465209901 1.15094578 0.566668689 1.82303357 1.05360889
    0.442579687 -0.634771109 0.402342141 -0.758369505 1.28483176
    -0.226699054 1.66267419 -0.527710736 0.565673351 0.65113461
    1.40781236 -0.747063875 -0.174829364 0.519272149 -0.677997768
    1.46122634 1.32887292 1.6070497 -0.245898664 -0.563284397
    0.126290739 1.18014324 -0.244674444 0.92721951 1.83235288
    0.744715214 1.30237496 0.761282802 1.63948512 0.759280562
    -0.391324341 -0.499895632 0.706219137 -0.103979051 1.7545073
    -0.835543633 0.922774971 0.562740803 0.534783483 1.42259669
    0.447466731 0.530017018 0.58580327 0.45310837 1.53592682 0.23155427
    0.0675953031 0.164695144 -0.400213242 1.30882287 -0.817143321
    1.66753769 0.483358264 1.135324 0.536399066 -0.101887405 0.324127495
    0.3471241 -0.0867682099 1.15591836 0.865156651 -0.766803145
    0.904222548 0.372310519 1.04352784 1.04221344 1.42660141 0.126913071
    -0.360127002 -0.0810349584 0.435084522 1.6698153 -0.2126261
    1.76159906 0.287267566 1.20272112 -0.882052183 0.839835405
    1.33050871 -0.616222918 1.78215277 -0.645673573 -0.762814105
    -0.512986124 1.61959934 0.353178859 -0.539511442 -0.655463219
    1.187199 0.310764611 -0.554570019 0.469314218 0.894971669
    0.300663948 1.50194454 -0.439449102 0.837572455 -0.0643440485
    -0.761051595 1.1286211 0.239648461 0.530190945 1.6338594 0.55366236
    -0.581589222 -0.0123499036 0.371296406 1.30606914 -0.238748908
    0.218028963 -0.35048008 1.39294577 0.949298501 0.827858686
    1.59250593 0.75145942 -0.770208478 -0.0378897786 1.57319689
    0.223775923 0.837005198 -0.43557483 1.61495221 1.3150897 0.70962441
    0.604442954 1.56630576 1.55079699 -0.486388534 0.73832351
    0.115596354 -0.208428502 1.27362299 1.33748507 0.0310951471
    -0.636172533 1.11059952 1.23609591 0.412280679 0.0952618122
    0.016946435 1.42665255 -0.279438764 -0.308529168 -0.110873818
    1.36024261 0.458079219 0.834755957 1.77143574 -0.538092554
    -0.591618776 0.923162937 -0.654968262 1.31277049 0.315049469
    -0.583209276 -0.320513606 1.67512655 -0.498491317 0.113042057
    1.70541549 1.51679826 0.389565051 0.106550515 -0.677486956
    1.73482203 0.457331181 -0.43034035 1.65683019 1.49010372
    -0.447136879 1.10729837 0.842329323 -0.293273211 1.17036128
    1.31169248 0.78226006 -0.202512801 -0.697255731 0.173674464
    1.36658978 1.28857446 -0.598381877 -0.783401072 -0.51159209
    1.26242173 -0.209067941 1.64047563 0.624675572 0.716531277
    0.35057795 0.793301105 0.121193051 -0.593137026 1.24794769
    1.51925349 -0.28290236 0.286353469 0.124211967 -0.56586802
    0.830620766 0.53703481 0.695924461 1.20185161 0.620977879
    0.0999473333 1.64151859 1.13346243 1.10070062 1.77402294 0.555004895
    0.322380483 1.78505278 -0.315359294 1.89025879 -0.247121155
    1.67137909 -0.69515115 0.467766464 0.0551357269 0.457006872
    -0.0615843534 1.76505184 1.25454307 -0.564950526 1.40665245
    1.38858497 0.793453455 0.939393044 -0.698353708 -0.122147381
    0.390574872 -0.178236783 0.0952546 -0.0346059799 -0.286301792
    1.83924222 0.718198001 -0.280207515 -0.241533816 0.435662806
    0.856930912 -0.495022893 1.62205696 1.48802829 -0.21444428
    -0.157257795 -0.172933877 -0.823977649 1.47827029 1.78789568
    0.255628169 -0.260627449 0.542686522 0.65284878 -0.825080097
    -0.33638683 1.1247468 0.740297019 0.765951395 0.281767786
    -0.0366995931 1.12211013 1.49483824 1.67032814 1.4963032 1.60565472
    1.52445948 -0.0440562963 1.62636971 1.73056769 1.33521175 1.33915555
    1.60873735 0.211781323 0.168728411 0.355275691 0.558621645
    -0.779699802 0.778286457 1.31576848 -0.08279562 0.399133325
    0.400119841 -0.549916565 0.305758834 -0.0328597426 -0.233217061
    0.190303743 -0.510601461 1.00186205 -0.556060672 0.0186984539
    1.66319931 0.971370339 1.48396146 0.552976131 0.347560167 1.43876731
    0.157731533 0.895389915 1.21478462 0.0506500006 0.74229759
    0.898452938 1.34707046 1.23764813 0.297596693 -0.432006896
    -0.15910995 -0.256695747 -0.0164685249 -0.776298165 -0.560223639
    1.38849092 1.3314116 0.934949398 1.00350237 0.269786596 1.02359307
    -0.768468022 -0.440787762 0.148682058 -0.683192611 -0.496645272
    1.01127148 -0.0021263361 0.297583699 0.969179928 0.285984933
    -0.842620134 0.91937989 1.73038316 -0.614824295 -0.598900437
    1.5047729 0.981861591 1.46693289 0.76208812 0.496605217 1.47176147
    -0.101713717 1.06792235 1.09171152 1.18330145 1.74164772
    0.0892661214 0.796887636 1.30799532 0.718369007 -0.162060857
    1.25436974 1.15397906 -0.0911638737 1.36053145 0.453108132
    -0.914491713 1.59389019 -0.490000367 -0.435873687 0.975701094
    -0.450523198 1.05681002 1.14020801 1.68164754 0.625077188
    -0.657702804 0.772456825 0.997335315 1.37267947 1.37442112 1.043185
    1.5231086 1.21831131 0.20387882 -0.731014729 0.303653359 0.529332101
    -0.738630116 0.861852884 -0.104842484 1.44795704 1.59230661
    1.23077035 -0.0342312455 -0.422630936 1.07251143 1.20916915
    -0.70231545 -0.247925758 0.770923853 -0.165213943 -0.444569081
    1.59692597 0.859019995 1.04756308 -0.241129994 1.6213541 1.46314335
    -0.528788149 -0.521780431 1.42534828 0.994747937 0.377792478
    -0.340606272 0.312888622 1.00599718 0.938816905 -0.257335365
    1.43124056 1.30399311 1.22539902 1.70385957 0.327062905 0.412855327
    0.5000875 1.05624199 -0.267074227 1.04079437 -0.61030519 0.976875722
    0.890676856 0.436015189 -0.522816479 0.986409545 0.319142103
    0.441784441 -0.152532041 0.99193573 1.42848372 -0.43756488
    0.889092445 1.04979444 -0.549405336 1.35256755 1.34370744
    0.300421774 0.329827666 -0.573157787 -0.18653667 1.27870655
    1.32926559 -0.700873613 0.426407218 -0.712634623 -0.125557065
    0.0476356149 0.800915956 1.10799229 0.385673702 0.00815951824
    -0.0636290908 -0.754464388 1.08326268 0.0780025125 0.0609018207
    0.36445719 -0.323271811 1.50509453 0.441598952 1.69356322
    0.810644507 -0.65312773 0.355764091 1.05069447 0.985499978
    -0.452019691 0.298789918 0.714785278 -0.604306221 -0.691761076
    1.04304194 1.1958257 0.394494236 1.11678362 0.894160688 -0.205935359
    0.0856721997 1.36172891 1.57134819 -0.340756774 1.711622
    -0.483004004 -0.743409812 1.70715904 1.19813895 0.817657769
    -0.436418921 1.52395606 -0.306298554 0.557649493 -0.572834671
    0.551733673 1.00448823 -0.666990519 0.843978286 0.381218135
    -0.153398097 -0.491240889 1.19436944 1.52228069 1.64967477
    1.14342654 1.11202931 0.281188011 0.706307709 0.232581973 0.8468045
    1.48434114 1.60328567 0.982768714 0.545260429 0.354405761 1.17543209
    -0.719241023 -0.269140482 0.181804001 1.56404054 0.210656643
    -0.526573598 -0.223130286 -0.548837721 0.67944026 -0.545351863
    1.4706502 -0.11620611 0.504735231 -0.78031826 0.618892252
    0.580510437 0.266941547 -0.661932707 0.870346427 0.700268388
    0.593830228 0.932245851 0.868437529 -0.503786087 1.28282869
    0.242724299 0.364872158 0.600995541 0.349294364 0.0275591016
    0.317629457 -0.429694384 0.0696429014 0.059795022 0.666634083
    0.473392606 1.13107777 -0.889521539 1.31434786 0.323357284
    0.721941054 -0.402049959 1.58624053 -0.18544966 0.658790529
    1.71934843 1.13360286 0.108633697 1.11804843 0.290146708 0.198140323
    1.59899163 1.59305215 0.0818766952 1.83685076 1.20076489
    -0.00490158796 0.0493609309 0.384075284 0.189849555 -0.168347657
    -0.196330249 -0.054697454 0.683505118 0.979107559 -0.0304968953
    -0.014657259 -0.599054873 0.639785171 1.30917645 0.47713697
    0.562476873 1.34691381 -0.909942865 0.945148945 1.71735072
    1.52463603 -0.191732407 -0.63134551 1.78846431 1.00294757
    -0.140241444 0.727066278 1.08154261 0.25200212 -0.189664185
    1.65145397 1.39297843 -0.241426229 1.37656915 1.65157437 1.56764865
    0.450103879 1.41069567 0.162694395 0.334849 0.247831941 0.574294448
    1.42539704 1.62956643 -0.184544981 1.52527761 1.58354235 0.640304089
    1.37120414 0.0562269092 1.0937624 -0.105547249 -0.199358523
    1.35430002 1.26054001 0.164136171 1.09143925 1.35040009 1.49455142
    -0.197955549 0.947096109 0.177210689 1.64962268 0.799931288
    0.44170177 1.60484397 0.00800049305 -0.335196316 1.45521331
    -0.683349907 -0.270863742 0.787694454 1.64014125 1.48542821
    -0.701022804 0.100282252 0.714043558 0.336221397 1.12418818
    0.383778036 -0.461817831 -0.458532155 1.08019888 0.161861002
    -0.591360807 1.0834465 0.872546494 0.372721493 0.428576052
    0.427392244 0.962772369 0.156027496 0.647718728 1.57976449
    0.824971557 1.28868651 1.49530745 0.854642987 0.201394558
    -0.619843602 0.752393723 1.32555759 0.619218051 1.23145401
    -0.568682134 1.72418237 -0.750466883 1.19998598 1.25343239 1.1348356
    0.981249571 1.28534079 0.163447022 1.23423135 0.098659575 0.45829308
    -0.431581944 -0.239980459 0.452010274 1.21648669 1.53219473
    0.0938759446 1.31804824 1.22000122 0.768937588 -0.599764228
    1.77289641 0.690981328 0.346736908 0.533653021 0.60765332
    -0.475019157 0.483000934 1.25194442 1.03218198 0.30765301
    -0.584309697 1.32924438 1.40042782 1.38204825 0.0446340442
    0.656180859 1.22703743 -0.073984921 0.413716078 1.4024334
    -0.427246034 0.568790019 0.744037747 0.755447686 0.567311406
    1.38634491 -0.461066067 1.34801912 0.130011559 0.579303384
    0.700481415 1.20591354 0.0478323698 -0.136790752 1.05367851
    0.555594862 0.927036524 -0.218533337 1.75346637 -0.401505232
    0.596648872 -0.596099734 0.660186529 0.844803572 1.32710838
    1.04117298 0.434488177 0.83331418 -0.270054936 0.156337082
    -0.646339417 1.77229285 0.0157507062 0.705350757 -0.793136716
    0.996546686 0.454748988 -0.0426668525 1.00348186 -0.234661341
    0.110228717 1.24424183 1.382653 0.593818128 1.50871658 0.651332378
    -0.463221908 1.24723363 1.61917889 1.65422201 0.897137523
    0.945535302 -0.488580197 -0.548820376 -0.356574506 1.29807913
    -0.0659772754 1.55516243 1.59703875 1.57769382 -0.185458064
    0.892100155 -0.759998858 1.82863665 -0.307254881 -0.351578623
    0.221050024 1.1052444 1.7125442 0.510936439 0.0792371035 0.15839237
    0.684072077 -0.185975432 0.586209655 0.525593877 1.47178054
    -0.768832922 1.50304091 0.559601545 0.325553298 0.740933359
    -0.229736209 0.792391241 0.891938448 1.0865972 1.55886734
    0.378186285 -0.0428395867 0.491179943 1.24738312 1.3531791
    -0.252042174 1.10208654 0.336685538 0.676604927 -0.358596027
    -0.160375297 -0.144658804 1.30962682 1.35715508 1.52125001
    -0.727295816 0.163082123 1.59298027 1.29222655 -0.156820536
    0.905560076 0.692419887 -0.331790507 1.75746226 -0.6161291
    0.984253287 0.29152137 1.83419478 -0.441536546 1.21607029 1.35412776
    1.03995585 1.216115 1.23926711 1.05321693 1.52234769 -0.545714736
    -0.693000972 -0.334974647 0.597031057 1.01432562 1.61117136
    -0.348591506 0.641798139 0.0280320644 1.67001605 -0.801549435
    -0.63376528 0.808495402 0.438835204 1.66929936 0.652944028
    -0.404344916 1.61043656 -0.370444 0.526416361 0.0586258173
    -0.0835344195 0.653439641 0.710727811 0.0179427862 0.5131042
    0.71537149 0.914150953 0.811539233 0.31877476 1.16967046 0.971837997
    -0.294214129 1.74349523 -0.0873752832 -0.035148859 1.06588697
    0.200888216 1.09769487 0.275455952 0.165238142 0.756154239
    0.428165436 1.04165292 -0.688298702 0.54578799 1.04249573
    0.520708799 -0.759160101 0.337908864 1.23809576 -0.462454289
    -0.74066174 1.00328052 1.1158756 0.417215645 0.445283532
    -0.331890106 -0.407092541 0.747942865 0.279413462 1.00991678
    1.27000594 0.839511156 1.10801053 0.230854571 1.10074735
    -0.190308094 0.476523519 0.504199564 1.80004203 0.754381478
    1.21563482 -0.00521850586 -0.551113486 0.613721609 -0.090819478
    0.0606718659 -0.326859713 -0.298571944 0.394338787 0.448215842
    -0.654686689 1.06728637 1.27323592 0.433936357 1.61151481
    -0.61051929 0.862942398 -0.148653209 1.63669395 -0.443134457
    0.801909447 1.52449703 -0.625669241 1.70317864 -0.0732716918
    1.15574419 -0.449089468 -0.750733674 1.74538112 1.56506228
    1.06174994 -0.562829137 0.675265908 -0.563604593 -0.528037667
    -0.230602503 0.354231477 0.48751837 1.02879453 0.134520054
    1.20597196 1.13622689 1.23793125 0.94188565 -0.490804017 1.44439507
    -0.382779986 0.588631988 1.27159667 1.20673037 -0.424871504
    1.31769586 1.34024525 1.04859531 0.0522328615 0.0861265063
    0.678162217 -0.195922375 0.879877329 0.29088074 -0.0338922143
    1.24472857 0.185698271 1.07206106 0.913535416 0.206530213
    -0.116454959 -0.201398671 1.73812294 -0.441717178 -0.680872798
    1.01472235 0.273686469 1.72363043 1.6794759 -0.634168923 0.951510012
    -0.248655021 1.5084095 -0.170847654 0.472323895 -0.122359037
    0.976177931 0.42254287 1.29066396 0.500058234 -0.334107459
    1.09743214 -0.341332585 -0.371285319 0.873344481 0.670066178
    1.52611029 0.623377144 1.73661256 0.444314778 0.409457147 0.18453604
    1.52323365 1.15900457 -0.369696856 1.35272312 -0.608873606
    0.37523675 1.20476353 0.436565101 -0.588798165 1.34300542 1.85503745
    1.89374864 0.461555302 -0.118745387 0.886620939 -0.651252866
    0.819753408 0.95271045 1.07746458 0.841631413 0.736587048 1.37919104
    1.605129 1.51492429 0.379073024 0.398793101 0.79920733 0.237072349
    -0.167266667 0.162526727 0.44899559 -0.143253565 0.906330466
    -0.18428582 1.04962814 -0.0148367882 1.28388453 -0.0538154244
    0.881869316 0.836470783 0.0650455952 -0.734848142 0.880560637
    -0.199134767 1.04484808 1.67485869 -0.68273592 0.629585028
    1.43775558 1.18957067 0.438907206 -0.868176818 0.428808451
    1.51715267 0.136911511 0.999731719 -0.281943321 1.60423112
    -0.441487938 1.36397314 0.15556711 -0.10593009 0.189710438
    0.33003962 0.540757835 0.318989575 -0.394251645 1.53845787
    0.401345611 -0.602256715 0.559612095 -0.54324466 -0.643279493
    0.897475004 0.134473979 0.0666586161 0.903595746 1.56517529
    -0.754290402 0.94799608 1.13871491 0.861024439 0.524553418
    1.77033222 0.115246952 0.908553183 -0.483833581 -0.192011952
    1.13696814 1.35290289 0.744520545 -0.993528128 1.59815598 1.19377518
    0.0457287431 1.16242683 0.21022439 0.735222518 1.346313 1.10025823
    -0.38470906 1.0399549 0.975531638 0.145536661 -0.406732142
    1.01550186 -0.029125154 0.310517371 0.134991586 0.00993692875
    0.944079697 -0.482013047 -0.575558066 -0.251428366 0.406586885
    1.29035735 0.711733103 0.69268322 -0.181031287 1.31418848
    -0.760020018 1.34999752 1.20066702 0.865075231 -0.548973799
    -0.445173353 0.373845696 1.34407496 0.349287033 -0.344848692
    0.970003963 1.75225461 0.333009422 0.16528964 0.746134579 1.77240682
    0.826069474 1.63391197 0.053940177 1.00858116 1.17393899
    -0.369474173 0.0849573016 0.23694104 -0.32106629 0.955093503
    1.61586809 0.676990509 -0.00655317307 1.65910375 -0.393450797
    -0.273703754 -0.189409733 1.2750659 0.416874468 0.53318131 1.0823946
    0.119482219 -0.725344956 0.982800364 -0.262718737 1.19963217
    1.29199278 1.38839436 -0.108240366 0.856158733 1.23380649
    -0.793851018 0.888956428 0.794428349 1.17462742 0.445696115
    -0.494287729 0.0653726459 0.00316727161 -0.276814222 1.43229759
    0.127652705 1.67295504 -0.534115911 0.354788363 1.11932039
    1.68267417 -0.08519274 0.363271117 -0.240274847 -0.672799826
    0.848194003 -0.746859312 0.384166181 -0.312993675 0.555682361
    1.20558238 -0.744954109 -0.00315970182 0.705007315 1.3779192
    1.66273355 1.04918122 1.32132125 -0.798737347 0.650524616 1.53113389
    -0.371226996 0.495926023 -0.0532997251 -0.326095998 0.870276868
    0.262744009 0.494021416 1.75575125 1.45798552 -0.422078818
    -0.0989578366 0.327090025 -0.527521133 1.06442654 0.0891017914
    -0.709919393 -0.215049773 -0.343763649 0.885788083 -0.0410509109
    1.06645036 0.899381697 1.30073452 -0.58563149 0.5636971 -0.340566963
    -0.0909929276 0.518118858 1.67592883 -0.362664968 0.136971772
    -0.739016712 0.247783303 1.18090057 1.00081336 -0.116135597
    1.6980865 -0.228218496 1.06019449 -0.717148364 0.753376722
    -0.0301132202 1.4007194 0.538256347 0.724938095 -0.289651632
    1.16568041 1.56410801 1.21484923 0.78200227 0.173760533 1.4549588
    0.43932265 -0.369930059 -0.345210433 -0.168912768 0.444847047
    -0.617713809 -0.573711395 -0.253600061 0.305198789 1.23285532
    0.957866669 -0.397978514 0.60629487 1.53726935 -0.732398212
    1.54303241 0.608846188 -0.614357531 1.89361167 0.246265531
    0.549792349 -0.754194021 0.689164102 -0.577092409 0.459337652
    0.09499228 1.31075954 -0.443716943 -0.436214536 0.313630462
    0.588736296 -0.513672829 1.18580461 1.31520331 1.16464913
    0.136437297 1.99231219 -0.630448163 -0.29992497 -0.062920928
    -0.469434559 1.44056642 0.0687168241 0.127324283 0.353232265
    0.844256759 -0.0991122723 -0.669364631 1.09280443 0.124878764
    1.25563836 0.307051897 1.58591652 1.33323431 0.833804548 0.635218203
    -0.122605503 1.24925303 -0.0543222427 1.36475384 -0.560963929
    0.580110431 -0.358558416 1.12434018 -0.654896021 -0.785550058
    1.24034417 1.13665199 0.0951513648 1.05563545 -0.516293883
    0.382254243 0.707565427 -0.138374001 -0.179747909 -0.304547489
    1.29266548 -0.812382758 1.59259951 1.32321453 0.320417762 0.29202944
    0.645579994 -0.480025291 0.832764089 -0.501161337 -0.43182838
    -0.393593878 1.12831116 1.62223029 -0.683315754 0.979329348
    0.177480459 0.84017694 -0.404847503 0.313810766 -0.282619894
    0.452827692 1.47541451 0.355447233 -0.824709117 1.62366343
    0.467676878 0.231313944 -0.520798683 1.51599288 -0.319164395
    0.33809638 0.594422877 1.34542465 -0.66630441 0.0207012296
    -0.124731243 1.33061624 0.342564404 -0.40511921 0.576040506
    -0.405987263 1.20795989 1.73222184 -0.231470287 0.0277047753
    0.0294700861 0.0839783549 0.473600745 0.371100545 0.646681368
    0.744430184 0.61235851 -0.126273215 -0.260683596 -0.356609762
    0.540143907 0.172721565 1.76005912 0.660635531 0.794278622
    -0.256458759 1.11878061 -0.33311376 -0.753775895 1.04987299
    0.824571252 0.947977662 -0.359283715 1.45547509 -0.446865678
    1.65991569 1.57844985 -0.241177678 0.654473841 1.57619238 1.21816742
    -0.787618041 -0.00784116983 -0.621866763 -0.0472064018 0.790934443
    0.552192509 1.77805305 -0.653049767 1.24972117 0.331044197
    -0.233809531 0.734555244 0.826332986 1.80329037 1.51468682
    -0.496350735 1.71768939 0.308618426 0.583356619 1.64820039
    1.42959857 -0.0332095027 0.649478674 -0.625383139 1.02141571
    -0.0398611426 1.69810581 -0.236138105 0.909872591 -0.506010413
    -0.294027209 -0.31473285 -0.4309012 1.54721785 0.932362258
    1.79190516 -0.0990421176 -0.244190931 -0.127121329 1.5370214
    0.594797492 0.911174476 0.519888222 -0.279724181 0.0288127661
    -0.538321018 -0.122195482 -0.859674811 -0.590600133 1.19506407
    0.303639293 1.31113684 0.472752571 -0.0361152291 0.118662894
    0.0849830508 0.0660267472 0.791204393 0.379034281 -0.495587319
    -0.290062755 -0.314153761 1.06635928 0.758452475 0.483429193
    1.55720448 0.23903209 0.0729683042 -0.315076977 1.27233779
    -0.449835449 -0.560513854 1.39584434 -0.110722005 -0.729638696
    1.23913336 -0.267588973 0.563471675 0.448676765 0.731145918
    1.1235888 0.345368385 1.55819058 0.690342665 0.683367848 0.546499848
    -0.307020724 1.22934461 0.0683165193 0.724853635 1.27242827
    1.28760028 0.268434882 0.265927494 -0.628021896 1.65737665
    -0.448058367 0.20329231 0.818280339 0.206299424 1.36837339
    0.249812484 0.537047982 0.235567153 0.980177104 0.297156334
    1.28604937 1.61601949 1.54070544 0.829163611 0.267064869 1.65023148
    0.25385046 -0.43914637 1.93355119 1.81274426 -0.604877949
    0.929092705 0.316120684 1.61590695 -0.190069199 -0.113720059
    -0.200046778 0.378762662 1.16986418 -0.670196712 1.06473231
    0.360866785 0.841959178 -0.349092722 1.72828388 0.105226696
    -0.00653463602 -0.339704365 1.60590708 0.0537734628 0.458103299
    -0.365378946 0.929196119 0.946784735 -0.365950733 -0.309183329
    0.117713153 -0.647824168 0.922891021 0.521893799 1.30697012
    0.289732337 1.46287751 -0.423573852 0.721792102 1.81420672
    0.818328202 1.41590452 0.707985044 0.451351643 0.328952551
    0.852865815 -0.724596322 0.326191187 0.799922228 1.40225148
    1.71334982 -0.0712262392 0.772788107 0.192885101 0.323828638
    0.960333765 0.335786223 0.399478555 0.766158521 -0.190048635
    0.261176348 1.73559952 -0.676845312 -0.228457868 1.83508515
    -0.336225212 1.19663024 0.551801324 0.500895441 1.56947327
    -0.223488629 0.0584861636 0.156919301 -0.514410615 -0.235074699
    0.613467455 1.30786514 0.608551145 -0.492907673 1.44437325
    1.51692379 1.46260345 1.04129291 0.954367518 0.948485374
    -0.596473694 0.501630843 1.66531801 1.61978471 0.988546908
    -0.722342849 -0.202082157 1.28743386 0.662310839 -0.40248394
    0.345806837 1.84676051 -0.70352304 0.835984468 1.27038467
    -0.479413092 -0.103048503 -0.650045931 1.23363125 -0.575936437
    1.69787478 0.0817736983 -0.335153103 -0.284541398 0.112411439
    -0.221407592 1.21952331 0.926794052 1.47771764 0.676466227
    0.936560214 0.762116551 0.309463799 -0.295688391 1.77183294
    1.42693555 1.58336139 -0.0595009923 0.254352987 -0.487536788
    0.647571087 0.998533368 0.293726981 0.00191688538 -0.351261228
    -0.267378509 0.930943191 1.16834879 0.986704469 -0.525316954
    1.45784235 -0.359448195 0.688836694 1.63009119 0.25117439
    0.102479219 1.49904001 1.05526507 -0.334350169 0.947249234
    0.531125009 1.4636364 -0.238781691 1.20161724 -0.0706176758
    -0.421187401 0.856811643 -0.614342451 0.642411232 -0.517644703
    -0.186900318 -0.336757898 -0.515733719 -0.111646712 0.812048376
    1.15223074 -0.0637992024 1.37142229 1.07616568 1.47158003 1.75956452
    -0.0921525955 0.896821499 -0.316112131 1.59554327 0.210921824
    1.34105408 1.22085571 1.12620735 1.34121513 -0.199088395 0.887528598
    0.474197149 1.34860778 -0.414068043 -0.284516037 1.75287652
    0.925845325 1.15568805 1.82287633 -0.557071447 -0.551939607
    1.31154895 0.909997344 -0.592141747 1.76846492 1.2747786
    -0.0187454224 1.49000549 0.84123826 1.10345531 1.68381262
    -0.804461896 1.65140653 1.77370524 0.306302845 1.13436222 1.03046846
    -0.372214139 0.374780238 0.156741381 -0.0923004746 1.16917682
    -0.622079313 1.79834151 0.295985281 1.51383471 0.0933516026
    -0.499477267 0.711770594 -0.631408989 0.435661733 1.84440613
    -0.662975907 1.17819297 0.444723248 1.19971418 1.00838017
    0.468173683 0.066819787 -0.250414908 0.00215685368 0.222125232
    0.675510228 1.21869278 -0.407194912 -0.0292488337 1.73104274
    0.697070718 -0.577936113 -0.444543839 0.285906792 0.68573159
    -0.328222752 1.29140234 1.39741015 1.72582412 1.35357714
    -0.891720533 -0.527404189 0.976044297 1.38204336 -0.666062593
    1.84968722 -0.777912259 -0.258404613 0.94473654 0.725854218
    1.39004529 1.27947867 1.01434851 -0.430167019 1.22593713 0.596395433
    -0.105549783 0.284674883 0.0115323663 0.794882655 -0.711691976
    0.355192602 1.52284455 -0.795021772 1.02944183 1.48528528 1.71746635
    -0.0438634157 -0.450282484 -0.609574676 -0.573866904 -0.0446158648
    1.70131361 1.87917113 -0.613449574 0.337228179 -0.302124262
    0.142969608 0.420818746 -0.672177374 0.11086911 -0.330468774
    1.01262617 1.94538927 1.2081852 -0.529982507 -0.192608178 1.52725279
    -0.791493893 0.968481839 1.57097864 -0.374052018 -0.677218199
    -0.211638629 0.964073837 0.740118742 1.61037946 0.951088369
    -0.769483805 -0.558829725 0.381794393 0.572052717 0.213708162
    0.73342073 0.602635145 0.569574893 0.755694509 0.731888533
    0.912282646 1.27937388 0.0719136 0.457230687 1.38282108 0.947674096
    0.390269101 1.37466359 -0.556133211 -0.302381754 -0.516967833
    -0.624126434 1.34984136 0.296973467 0.9432441 0.608640075
    -0.673319161 1.13796473 1.04575765 0.403922677 0.810850561
    0.740181386 -0.843311489 1.41433871 0.978478789 -0.89395541
    -0.182191432 0.841092825 1.66566467 -0.0592408776 1.17908978
    1.7258265 0.0817935467 -0.344857454 -0.0649272799 0.559727728
    0.523130417 0.959510565 1.32308769 0.253153741 -0.0986238718
    -0.745291471 1.87393534 0.45945102 0.769674659 1.78642178
    -0.392111927 1.20584095 1.53513789 1.32924664 -0.607876301
    0.810572028 0.567864716 -0.312704086 -0.686229944 -0.131590962
    0.767877162 0.119821131 0.814776421 1.54055524 1.11812973
    0.295583785 0.593106687 0.935325325 -0.636388063 0.882059455
    -0.144243956 -0.538396358 -0.0725548863 -0.643110633 0.751698256
    1.18121982 0.960073173 -0.0645783544 0.269690871 1.7436924
    -0.252428651 0.892112911 -0.35484165 -0.125935972 -0.320297778
    0.416881919 -0.0816864371 0.533235192 -0.116267025 -0.163048923
    0.154098749 0.303867161 0.917193651 1.14579523 -0.454385877
    -0.727907598 1.74893486 1.0509119 -0.487276435 1.11987889
    0.114053667 0.711425126 1.76419854 0.190446854 1.43063736 1.7533114
    0.225980341 0.378152907 -0.526662111 -0.790034652 0.392934859
    1.71199214 -0.681790948 -0.080763638 -0.000879943371 -0.598272681
    -0.333121091 -0.387434244 -0.63462615 -0.425471544 1.53591347
    1.59529459 -0.372609496 0.497358084 -0.626896739 1.14563751
    1.45739067 0.101248562 0.418308318 0.425264597 0.348180532
    1.03917265 -0.284093261 1.56668663 0.88559711 0.217023969 1.70821667
    0.034568429 -0.276962399 0.331626713 1.59971547 1.13239622
    -0.811736941 -0.265657783 0.457293868 0.874083459 0.00975042582
    0.3031587 0.874925196 -0.832332015 1.04016984 0.16787982 1.05528498
    0.678753674 1.68323445 0.751745403 0.70248282 0.221927047
    -0.509222627 0.0607944131 -0.490125567 -0.0889855027 1.55514884
    0.86758703 -0.562901914 1.19547343 0.741467178 0.865924716
    -0.0484107137 0.546335995 0.388122022 -0.686007857 -0.0836396217
    -0.57430613 -0.272212744 1.69198573 1.60531354 -0.427785456
    0.287997723 0.211673439 1.49120104 0.886695564 1.25209093
    0.203179717 0.625949144 -0.174705505 1.00960588 0.421522677
    -0.209662855 1.22927666 -0.375004411 0.983849764 1.48144484
    1.2466948 0.181921959 0.978313982 -0.442969918 -0.492993355
    1.12094998 0.162541687 1.54567099 -0.697675288 0.668894649 1.4300909
    1.48473501 0.650641978 0.354926348 0.0718547404 -0.0373436809
    1.97149253 0.0836039186 -0.394957572 1.58988082 -0.544385791
    0.931685805 1.31137431 -0.256760418 0.0307722092 0.970198214
    0.260968626 1.74445987 -0.0636486411 -0.079826057 0.788178504
    1.35707176 -0.213288307 1.43633962 1.5748353 0.575683773 0.212355375
    -0.302632302 1.90839434 -0.476499528 0.253947139 1.16419721
    -0.316608191 -0.756504476 1.05001235 0.228450894 0.366219163
    0.261481643 1.62824202 0.989759505 -0.677943468 -0.377010196
    -0.443095505 0.786241293 1.12369299 -0.310924768 1.23080766
    1.81013024 -0.549007177 0.486440301 0.91888833 -0.131271064
    -0.702592492 -0.333037198 1.38520956 0.0173361897 0.880820274
    -0.020475328 -0.0202741623 -0.0802822709 1.21175098 0.908064127
    -0.706923723 -0.287460387 0.143823683 0.0192694664 1.89370608
    1.89414644 1.15738726 -0.665288687 -0.460753083 1.2229079
    -0.370133609 -0.170482099 -0.677731156 1.41137469 1.73672056
    0.640366971 0.508347988 1.48298776 1.42540026 1.5654484 1.0376122
    0.68180263 0.581468821 -0.372091591 -0.151255369 0.245406866
    -0.37706551 1.15988457 0.336389422 -0.589865327 0.643001378
    0.62735182 1.75364733 1.52422535 1.27100456 -0.58370012 0.095477283
    1.33581018 -0.172985971 -0.225294888 0.100432456 0.394118845
    -0.461421162 -0.312323749 -0.435626537 0.360499263 1.211272
    0.928735971 -0.245186567 1.6011641 -0.300852239 0.414010882
    -0.727208853 -0.821190953 0.571342111 -0.172573864 0.987974107
    -0.646829963 0.803090155 0.0275141001 1.10564709 1.5799818
    -0.18948698 -0.0947643518 1.45289469 -0.803597212 1.01955938
    -0.464064538 1.06750607 1.00053763 1.50874436 -0.572607994
    1.17885041 0.150284171 -0.145468056 1.61875379 0.866329908
    0.831363022 -0.186716318 0.0839797854 1.79660821 -0.13530761
    0.506108761 -0.38622129 1.5746913 1.72810519 0.272550881 1.03649306
    0.664851129 1.48337603 0.121858358 -0.410735816 -0.436217427
    1.34645891 1.7239666 0.234367728 0.988909006 1.64095259 0.661764205
    0.111392498 1.4174577 1.24023604 0.177113652 -0.367104471
    0.689552665 0.361823082 -0.394698858 1.43285716 1.17886877 1.4487536
    0.584751189 0.642740548 0.966415882 0.518527925 -0.0815325379
    0.417318642 0.239152551 -0.282029033 1.17282093 -0.149014115
    0.0703579187 1.26441777 0.941976786 -0.857325733 -0.0802013278
    1.37529278 0.437338591 -0.836989284 1.26096392 1.46376085 1.28698254
    -0.79606241 0.655544579 -0.409305215 1.28263831 1.05871344
    0.461069226 -0.106609285 -0.604396462 1.47140169 0.257520318
    0.0118038654 1.4774611 -0.168609202 0.454319954 -0.554523587
    1.39447641 0.166571259 0.26065737 0.698109746 -0.103257179
    1.66159225 -0.661881924 0.573629558 1.293782 1.60068822 0.627322435
    -0.559711218 0.662960291 0.914036691 0.295988083 0.431447327
    0.625879526 -0.386018515 0.7756868 -0.396330237 1.39624977
    1.54558539 0.478931963 1.11163974 1.36002517 1.52333367 0.0143417716
    1.0897398 -0.22978133 0.596415758 0.38169229 -0.540381908 1.27897429
    -0.329512119 -0.603145003 0.00285708904 0.255526721 0.777269542
    0.209571302 -0.23715508 0.0155610442 -0.149578512 -0.36163187
    1.67012239 1.31461394 -0.182289064 -0.642664194 0.180737257
    0.72859633 1.65011811 -0.345929146 0.556532681 1.75135684
    0.0490030646 1.79406667 1.15901804 1.3059566 1.62949026 0.111230016
    -0.0119253993 0.616623998 1.26696479 -0.650102794 1.58337867
    -0.309142619 1.18404579 0.371129274 -0.224221021 1.26338089
    -0.401115596 -0.695625365 1.33387971 0.783569157 0.570708275
    0.953928053 0.737447441 -0.565601766 0.570182979 1.52981734
    -0.63059628 0.271528602 1.04600441 -0.4688254 0.74230969 1.73001456
    -0.861233056 -0.416440845 0.263155639 1.13069606 0.233954847
    1.52768052 -0.0965945125 1.26971865 0.893994629 -0.603066862
    0.552015722 0.744059026 0.855999589 -0.215179622 0.120003104
    1.19160342 0.665632844 1.66825056 1.74455047 -0.610537887
    0.783417642 1.35355043 1.6536665 0.323638201 1.52499413 1.23930633
    -0.0998068452 0.465986252 1.1008594 1.44088376 0.504235327
    -0.312487781 -0.732821405 0.964833975 0.476838708 0.171054602
    0.398628235 -0.183317006 -0.460784405 0.105027318 0.239949822
    0.447457671 0.992725372 1.50082457 1.2784071 0.572633147 1.20530355
    1.1083796 1.31956172 0.665700555 1.10764384 0.572955906 -0.676675379
    -0.381386757 -0.498499215 -0.25474143 1.43391657 -0.643624663
    -0.559072971 1.58570623 -0.113958597 0.487173676 0.301065207
    1.73443115 0.0280686617 0.0556075573 1.87496221 0.893244803
    -0.100282669 0.923403025 1.38774443 1.64994144 0.0689249039
    -0.1933164 1.66437936 1.3309046 -0.497073948 1.15664077 1.00271726
    0.687113345 -0.015419066 0.247923017 -0.492119014 0.645530999
    1.38294244 0.342860401 0.890910566 -0.475409031 -0.594285488
    1.35552239 1.69591737 0.313923001 0.318204463 0.868512213
    0.337507308 0.73574841 0.421575844 -0.0618672967 0.738663971
    -0.0925754905 -0.41495496 1.422997 0.305551827 0.122680962 1.1804235
    0.991067052 -0.100951195 -0.629030466 1.29352593 0.626511574
    0.0183183551 1.19994032 1.39498281 0.64414078 -0.00538653135
    -0.429924011 0.510567367 -0.176324964 0.542983592 0.88533783
    0.190063238 0.489242673 0.359184325 -0.137779891 0.845081568
    0.953770459 1.19802356 -0.397770047 0.384731591 1.58367252
    -0.123889029 1.71417189 -0.50888741 -0.30141592 1.40359497
    1.32610142 0.858538508 -0.156177223 1.03989756 -0.1266554 1.81454742
    -0.170012534 0.36588645 1.04796982 0.377104938 0.687046349
    0.594982147 0.838528454 0.412852049 0.48767662 -0.1698488
    0.682018936 1.34031129 0.723173022 1.21569037 0.616927862 1.4978745
    0.0418460965 0.644279957 1.55079269 -0.800830305 1.70394039
    0.841141999 0.678277314 0.782566667 -0.730112374 0.709406614
    0.748071134 0.703623295 1.51020539 1.26305676 -0.568323255
    0.19539392 1.41298318 -0.610039115 -0.236604035 -0.0205771923
    -0.087688446 0.751504302 1.6456809 0.28672868 0.0788707137
    0.184059441 0.240402341 1.70433044 1.47189784 0.35723877 0.353544414
    0.853089333 0.125186682 1.77232957 -0.0989432931 0.136309087
    1.21258068 1.42871284 -0.657749295 0.448237658 -0.355120122
    1.02775264 0.22215569 1.7648809 -0.534599602 0.849120855 0.264600217
    0.444113135 -0.103804052 -0.0421746373 -0.0714719892 1.26408243
    -0.383403122 0.136209309 -0.736004174 1.1746881 1.03876197
    1.57327843 0.818485618 0.347402096 0.742279768 0.386725724
    0.931772292 -0.0153592825 0.302833557 0.370114386 0.238740325
    1.76726842 0.715094268 1.67032862 -0.559691966 0.11398983
    0.516731501 -0.721236229 0.947944701 1.60135949 1.12484086
    -0.811546981 1.30046773 -0.288277566 1.23239636 -0.378647178
    -0.201437175 0.429682016 1.51123166 -0.115960181 -0.269791782
    1.0958904 1.6756587 -0.145317674 -0.201004982 1.7863884 1.50699592
    1.61724889 -0.286511183 1.16785049 0.681884944 1.6326406
    -0.322149634 0.890648484 1.80351663 0.953943908 -0.573224843
    0.332056522 0.631288052 -0.634705067 -0.675620615 1.30951214
    -0.70938009 1.69358194 1.51107597 0.858865798 0.738427401
    -0.265578687 0.86486131 0.502100885 -0.383711457 0.51960969
    1.06475413 1.05181146 -0.367043763 -0.56258738 1.497069 0.638706863
    -0.573323727 0.221467316 0.239345372 -0.400397152 0.420001209
    1.24056304 1.51336038 0.147547007 1.12414527 1.71166682 -0.320434809
    0.201925397 1.5894053 0.926725686 0.2181198 0.596776366 0.322915792
    1.63960505 0.377249718 0.268697023 -0.899464428 1.43108916
    0.818689406 1.08990312 1.02174115 0.973131359 0.814586997 0.92047596
    0.206053615 1.20942807 0.259238601 -0.00114959478 -0.656908929
    0.704912305 0.565172791 -0.639881968 1.28008723 1.02411401
    1.26072121 -0.724694371 0.204841197 -0.342082381 -0.108334064
    1.7472012 0.0625097156 1.82111096 0.0949975848 1.27199697
    -0.102455199 0.130733848 0.622474253 0.653371811 1.14422429
    1.32367158 -0.397687614 1.04507089 0.447125494 0.814106941
    0.347957015 -0.83776772 1.56884789 -0.30804795 1.02383089 1.64955854
    0.707912266 0.973039091 -0.251873255 -0.0389768481 -0.090192616
    -0.582373917 -0.0270772576 0.530431747 1.31205702 -0.587102473
    1.33030939 1.56452274 0.249041796 1.65853286 0.730341673
    -0.519624829 0.298334837 0.569075704 1.78391337 0.360725641
    0.801780224 -0.0298979878 0.14875406 -0.338524371 -0.448374301
    -0.109539628 0.865896344 1.49787474 -0.661672056 1.0514822 1.7401439
    0.0640044808 1.00335324 -0.723882377 -0.144725263 0.12458533
    0.352925599 -0.804528952 0.297624409 0.532798648 1.22959137
    -0.764117658 1.57127762 0.401945114 1.73138452 -0.151073098
    -0.488829136 1.12616885 0.0459878445 -0.0375198126 0.344707906
    -0.411056519 -0.590137899 0.538109362 1.53460228 0.963963211
    1.50574756 0.450493932 1.61721587 0.0300798416 -0.264213741
    0.767883062 1.3305366 -0.363291502 -0.742055058 0.0206218362
    1.1215632 1.43708062 -0.447816283 -0.70517993 -0.0381058455
    0.0963065624 1.34971547 1.3885597 1.56981921 -0.577137768
    0.307948828 1.79656744 1.45579338 0.799227893 -0.137630105
    -0.471809357 0.944144249 1.39084828 0.868826032 -0.0723052621
    0.991446376 -0.72268784 1.16222036 1.15665615 1.0678966 -0.416900277
    -0.0846371055 0.948296309 0.717886627 0.328468204 1.52732944
    0.594314218 1.63877797 1.27224779 -0.0518186688 1.78598356
    0.086651504 0.0449745655 -0.48351118 0.495118201 -0.4648453
    -0.360149443 0.977286756 1.62552249 1.4612813 1.01616621 0.690578341
    1.67896223 1.70281339 -0.398796409 0.722148001 1.56040096 1.55250072
    1.45092094 1.29492688 1.2937988 0.375679314 -0.836939037 1.08454657
    1.37344122 1.64836371 1.58632684 -0.799924552 1.75767541 1.08438015
    -0.684856534 1.70922661 0.497371614 0.320465058 0.812037468
    1.53378558 -0.179979801 1.23829246 -0.736468375 -0.623216152
    1.07680178 -0.0158546567 0.570191205 1.48141801 1.20278692
    -0.795441866 0.742057562 -0.65482825 -0.486390561 0.567285836
    1.62235236 0.346287668 1.57491982 1.4717226 1.65506768 -0.231210172
    -0.866648614 1.38659978 1.38312209 0.2605986 1.19662261 0.618256092
    0.10521698 0.73017627 1.2459085 0.703691661 1.3723563 0.14578104
    -0.48057434 1.21415234 0.321082294 0.675917625 -0.522346973
    1.93653178 0.102962792 0.354575098 -0.201034367 -0.13500154
    -0.0772455335 1.03468513 0.696350217 0.299152195 0.779440403
    -0.107374072 1.39150596 1.30006015 -0.172546148 -0.316622406
    -0.413196415 -0.743305266 0.978488803 -0.25527823 0.8813833
    0.71194154 1.76516473 0.339892149 1.69128346 0.85373801
    -0.0910194516 -0.525759637 0.95347017 1.41094828 -0.480631471
    0.401673734 0.427849293 1.20577192 0.00603997707 -0.135792375
    1.48323166 -0.565242887 -0.739422679 -0.0679851174 -0.453336835
    -0.788468122 0.191920102 0.0572436452 -0.485699415 -0.360566616
    0.188423395 -0.158865273 1.02045417 0.932032049 0.097697258
    -0.38999331 -0.410093099 1.3631897 0.262448967 -0.377524734
    -0.66638577 -0.375671953 0.414157927 0.497861505 1.17463303
    0.937052608 -0.240373194 -0.631840646 0.0982715487 0.262939453
    0.190079391 -0.0412960052 1.38043618 -0.0216201544 -0.00797218084
    1.56677759 0.361513078 1.07632351 0.136537671 0.965970218
    0.0997645259 -0.613251925 1.55132532 1.43728662 0.581424296
    -0.276986182 1.23034298 0.341153085 0.443024039 -0.671200633
    1.6219964 0.639740586 1.05165434 0.146568716 1.49851251 0.522501111
    0.429516494 1.13957465 0.576019764 0.725677133 1.6334548
    -0.0748550296 -0.749219537 -0.775002778 1.81666327 -0.0278374553
    0.852471292 1.76664412 -0.355686963 1.34340668 1.07751393
    -0.727812946 0.652776897 0.320427835 1.75873923 1.03096032
    1.42003763 0.335186958 -0.0360745788 0.053864181 -0.449910223
    1.76778817 -0.141483665 -0.488279104 0.756060481 0.122980714
    1.36467421 0.663582206 0.780154586 1.34388471 0.542912364
    -0.622310877 1.27478647 -0.579855084 0.851530135 1.15279126
    -0.484219491 -0.21392262 -0.399530828 0.0152913332 1.21233034
    0.702319264 0.284090936 1.33957827 -0.131817579 -0.094579041
    0.529909849 1.24901557 0.76585561 -0.308515787 -0.699194908
    1.48748028 -0.0365746617 1.63979924 0.775120139 0.627161443
    1.37534428 0.477259278 -0.0551725626 0.107161343 -0.0378463268
    0.892681003 0.232892692 -0.224630237 0.879039109 -0.257651865
    -0.788438857 -0.183007538 1.24664068 0.327979863 -0.766887128
    -0.279636919 0.278523624 1.29532719 0.707199991 1.07412362
    0.854403734 -0.223729312 -0.247694135 -0.665378332 1.48296618
    0.0168336034 -0.768998504 -0.358315945 0.529214084 -0.535314322
    -0.223331213 -0.428300112 1.6660291 -0.17868489 1.69668484
    0.526550651 0.682833731 1.64179015 -0.752907872 0.0377132893
    -0.772084296 0.223110557 0.0282140374 1.69809258 -0.360502213
    0.406561852 -0.481170386 -0.656858206 0.242734909 1.65054774
    0.00901395082 1.7068578 -0.384078443 -0.265197754 1.60365415
    -0.207866967 0.35898453 1.63523746 0.707614303 1.40084743 1.27493501
    0.537880957 -0.657895267 0.166565239 -0.181105703 0.999129653
    0.908639133 1.77233934 0.0859168768 1.28586709 0.521712065
    1.65254533 -0.736715496 0.94605422 -0.699903727 -0.550369024
    1.6108222 0.452675819 1.8490169 -0.54595542 1.78800213 0.57188648
    0.0892703533 0.605215311 1.28504229 -0.0644227266 1.29363036
    1.68919325 -0.255714476 0.948537707 0.312452316 0.293417871
    -0.624313295 0.517956793 0.531970203 -0.255216956 0.910471022
    0.0125730634 1.35942936 0.284604073 -0.611091316 -0.067253232
    1.25117135 1.38669145 -0.152922392 0.0741804242 0.840372503
    -0.631375074 -0.660669804 -0.0303583145 0.665019095 1.68240929
    1.47553682 0.474210262 1.56134856 -0.687716603 0.0478349328
    -0.572594166 0.445958257 0.577237129 0.550167441 1.12515044
    1.1573844 0.758546293 1.47724497 -0.261208922 0.280007303
    0.0669822097 -0.210083008 0.436165392 -0.20039022 1.26449656
    0.196384668 -0.223203063 1.05719209 0.513986886 -0.232446015
    1.35225248 -0.00280594826 0.212135434 1.05824089 1.72522211
    0.829911888 0.527266502 1.24191236 0.408747435 1.80869555
    -0.300336421 0.00347822905 1.59964919 1.0287118 -0.1598472
    1.42279434 1.3377738 1.38694048 1.22229266 1.00684404 1.72391498
    0.409704387 0.230012357 1.0009222 1.48364449 1.15131617 0.627600968
    1.02321684 0.639302552 -0.597528338 0.145691931 1.37111545
    0.319932759 0.0553096533 1.45884001 0.127407372 1.55478883
    -0.894464254 1.45761311 0.914683521 -0.784060717 0.0582597852
    0.316877723 1.32313156 0.263173521 1.1245153 1.01910043 0.045209527
    1.58172405 0.646529436 1.14177263 0.708314598 0.458361685 1.79528737
    1.80489755 1.42790937 -0.452471465 1.34658456 -0.70328635 1.64823961
    0.385147333 0.990665555 0.5396173 0.134377837 0.183331251
    0.813084126 -0.679525077 0.165107667 1.44251287 -0.250834525
    0.173361361 1.12908912 -0.169988632 -0.302225113 0.331200898
    0.899393499 -0.250768781 -0.689978838 0.781975746 0.133284748
    -0.671209276 0.00251334906 0.15307641 1.46677244 1.29215288
    -0.188526154 1.6403811 1.54794419 1.5039047 0.602403879 1.19267595
    -0.321241915 1.18474591 1.35529113 0.695543408 0.980026066
    1.65762949 0.895907938 0.27919054 0.176589787 -0.487477154
    -0.418928564 1.82206321 1.63573802 0.556907296 -0.107675731
    0.950975716 -0.702343404 -0.16675514 -0.263904095 1.87348473
    0.161972702 -0.541341841 1.60248089 0.994905889 0.820398331
    0.751130342 1.03038561 -0.79963392 0.37375015 -0.753871322
    0.557750821 -0.354787946 0.45921123 1.42482924 1.74658203
    -0.136068344 -0.695987523 0.391980827 0.496762037 0.834968925
    1.42658877 1.6250937 0.172576845 1.31555223 1.62720883 -0.677501082
    1.60006666 0.665114999 -0.687757134 0.596285582 1.71754575
    0.388521552 0.339550376 0.837835014 -0.0064240694 0.449035287
    1.13638449 1.25519657 0.298167109 1.34861422 0.591126025 0.363272369
    0.856703401 -0.428947151 -0.222379565 1.86945844 -0.611703038
    1.05845511 0.292591453 -0.0150883794 0.557430625 0.168581367
    0.19649601 -0.0171114802 -0.610563278 0.881583869 1.51197231
    0.0442193151 1.46794891 0.536545157 0.638615966 1.22438741 1.1334753
    0.893656433 -0.738394976 -0.796427488 -0.143231809 0.0432849526
    -0.084231317 1.18080163 0.0907666087 -0.561641157 1.50484753
    2.09226823 1.66802156 0.782979131 0.926143646 -0.705897212
    0.423274398 -0.49857977 -0.211656153 1.41688704 0.6718961 1.57450914
    0.757624269 0.185510695 -0.756782353 -0.227258921 0.170607388
    1.50681806 -0.347311556 -0.138017416 0.410358071 0.0498102903
    1.2442615 0.206258118 -0.734056115 0.239443064 -0.484627396
    -0.516992331 0.799358428 -0.592056155 0.143809795 -0.0613673329
    1.46883249 1.51717412 0.802478611 0.00831127167 -0.745830119
    1.54168773 -0.682682574 0.769734859 -0.535572588 -0.238357186
    -0.111472189 0.668906689 1.58639145 0.272973776 0.514472008
    -0.411810577 1.63634408 0.470919251 -0.123822451 1.5413326 1.549932
    0.446020424 -0.615212321 -0.0996727943 1.34639513 -0.234238267
    1.54818726 -0.675778329 0.0445237756 -0.418166131 0.487088978
    -0.471630365 1.45287693 -0.549921751 -0.112956882 -0.632356942
    1.08695924 0.761476517 1.1819917 0.790966094 1.63446426 -0.601328969
    0.937947154 0.870354593 1.57094479 -0.649893463 -0.292955518
    -0.746625304 1.18837798 0.479218483 -0.846192181 1.39415729
    -0.203836501 0.118622541 -0.767054975 0.511009932 1.61683071
    -0.627452254 0.228452682 -0.782465637 -0.769398451 1.59536028
    -0.00920790434 0.780257225 1.25295711 0.926090717 0.792262077
    0.0634545088 -0.844297826 1.38931251 1.34048605 -0.0862666965
    1.62701881 1.26336026 0.355332017 -0.67135179 0.433110535
    0.550685823 1.07397664 0.122551382 1.30982327 1.23129964
    -0.255765855 -0.245881498 0.992786527 -0.0471146703 -0.672558308
    1.43835926 1.04868722 -0.663741946 0.987441421 0.943611741
    -0.835096717 1.77822399 -0.333037853 -0.724265933 -0.740828276
    -0.742640197 -0.567421079 0.646812797 -0.298926711 1.40361714
    1.47734523 1.07677102 0.873930037 1.57303119 1.83721995 -0.206704795
    0.918437481 -0.275249362 -0.208249927 1.42908287 1.35925674
    0.233797371 0.455209315 1.75037551 1.57246959 1.29827785 1.33113241
    1.26263905 1.44268894 1.30699468 0.518196404 1.58464384 0.130377948
    1.74382877 1.14291489 -0.675310791 1.16496849 1.36222923 1.48970437
    -0.396097183 1.46735775 1.45604765 -0.632081628 0.18565011
    0.687443793 1.45902884 0.993225992 1.32307851 -0.680825293
    0.0294178724 0.981123328 0.774068773 -0.125426173 -0.474797726
    -0.337268263 0.39562875 1.51242256 0.676944613 -0.0225419402
    -0.33989203 1.04387021 1.30603981 -0.3404046 1.2920419 -0.116304398
    1.62424421 1.28456044 0.210362494 1.78599143 0.56786108 0.143842816
    1.09247017 -0.311168969 0.641303599 0.114479482 0.321514487
    0.728152394 0.860705376 0.766287506 -0.0681738257 0.619046926
    0.0361655951 0.653816462 0.73177737 0.436997294 0.53327781
    0.350323856 1.57113349 1.64826047 0.469723344 0.723397255 1.08563733
    1.63796139 0.543974578 0.480508924 -0.677712321 0.336643875
    1.65034378 1.51511693 0.433944583 -0.15383637 -0.356755227
    0.136825442 1.49835455 1.60144997 0.22533536 -0.519970775
    0.841077507 0.699446976 0.696423829 0.298472166 0.502295673
    1.07898498 0.735243261 1.10132015 -0.08187747 0.769248843
    -0.631839633 0.747792959 0.523075044 0.140595555 0.707034945
    0.633884192 -0.576231837 -0.447209895 1.71770716 1.13771439
    0.235950172 0.192381144 -0.296948463 1.82344472 1.35365725
    -0.554634631 0.247576594 1.61551714 0.981607854 1.49382424 1.5798018
    0.606071115 1.92521191 -0.0920008421 -0.522308052 0.954847991
    0.115231514 1.02477396 0.889377832 1.48117042 -0.614794791
    -0.566005766 1.39162707 -0.36224243 0.53077668 -0.404731542
    -0.210402131 -0.51399219 0.413876355 1.31719279 1.70260787
    0.993842721 1.70606303 1.37709713 0.112316906 1.22109175
    -0.231458127 0.382811248 1.29409719 -0.741244972 0.0690919757
    0.824284971 0.705240726 1.07156348 1.86970711 0.0944676995
    1.22803307 1.52197051 1.49835575 1.00627029 0.684993684 -0.52047801
    0.897165418 1.50800204 -0.614653349 -0.113953352 -0.387668341
    -0.474864304 -0.566464186 -0.0530711412 1.78501296 0.813392818
    0.49769932 -0.707776189 1.78986025 1.83869314 -0.501689017
    -0.557382286 -0.444426239 0.970277369 0.453187585 1.18019843
    0.448602855 0.804950953 0.489766598 1.15690672 -0.00045466423
    0.186937571 1.4803617 0.351030469 0.533369243 -0.820504487
    1.76869071 -0.154875696 -0.826326728 1.7363565 0.090390861
    1.47133899 1.37655354 -0.0841031671 1.59849095 -0.515206218
    0.549209237 1.59007645 -0.0411349535 -0.211889684 0.277039707
    1.50607669 0.564745426 1.04459476 0.159574211 0.402434647
    -0.848754168 0.494578004 1.10889006 0.495590568 0.948661983
    1.26251698 0.177447617 -0.609184325 1.41564465 1.3763442 1.33082414
    0.626756489 -0.412584513 -0.760148406 0.0711129308 -0.03465873
    1.77992749 -0.72628057 -0.29266113 1.29214633 0.978981197
    0.474852145 -0.475497544 1.27762532 1.38549435 -0.192843497
    1.49588251 0.821015239 0.508983612 -0.637163758 -0.710449159
    1.14056301 0.729677916 0.751939535 1.75687957 1.28762472
    -0.948411703 -0.73255384 -0.0659632087 0.81954509 0.296877384
    1.35487425 -0.207819462 1.06323862 0.773493886 -0.670962155
    1.5055995 1.09745002 0.108881891 -0.521327198 0.390643775
    -0.703626394 0.883459628 -0.0784954429 -0.503494024 1.5791316
    1.74600399 -0.0961255431 0.386737108 -0.457989722 0.665268362
    -0.0325853229 0.876181543 0.331909776 1.11521316 -0.538759053
    1.43051541 0.309828818 0.719733 -0.161990821 -0.0737034678
    1.48145032 -0.567034483 -0.480683774 -0.212105989 1.76313841
    -0.720771313 1.84618747 1.12233961 -0.551494598 0.402479351
    1.17512584 0.808563352 0.737831533 -0.609652936 1.207569 1.05276024
    0.999082863 0.577129543 -0.455132455 -0.0673490763 -0.667946577
    0.174186409 -0.599955499 0.836049199 1.13483334 0.553635895
    1.2169292 -0.229220271 0.997038841 1.01312423 0.321573973
    -0.459558994 0.681915522 1.38141382 0.663943648 0.827513814
    0.469679475 0.434421062 1.34400225 0.142845035 1.03673553 1.37114096
    0.860417366 -0.937470376 0.56343472 1.22094417 -0.1071527 1.34079385
    1.30646455 0.881403506 0.262750626 0.829567075 1.10618329
    0.647393703 0.0181141496 -0.163244367 -0.203236878 -0.353567153
    -0.239079237 -0.0420039892 1.17124891 1.54763079 -0.646030068
    -0.344445795 0.325574696 1.65983796 0.123154223 0.577920735
    1.00950885 1.18379569 0.445559621 0.353946805 0.644511282
    -0.29651168 -0.538711727 0.693085194 0.518868625 -0.554946959
    0.257491767 1.21360731 1.35200596 -0.753848374 0.19363302
    0.091105938 -0.534919739 -0.20907855 -0.474810988 -0.38665688
    0.214261591 0.966585934 -0.125227869 1.59481752 1.64052558
    0.724786699 -0.733364642 0.587166548 0.92940098 -0.0681015849
    -0.274887562 0.953662097 1.74168491 -0.008939147 1.67613888
    -0.650760829 0.0670543313 1.9802382 0.606896341 -0.60294199
    1.0073545 -0.387220711 1.85867321 0.161817133 1.76248133 1.64661026
    -0.267622411 1.21000361 -0.502904892 -0.769297183 1.76449144
    0.669773817 1.28409994 0.199647009 0.222710907 -0.323913276
    0.869024456 1.02673006 -0.440801173 0.363244832 -0.477953106
    -0.673914552 0.143716693 1.39719009 0.279839277 -0.266667128
    1.20047092 0.706983924 0.0270580053 0.504723549 0.606876671
    -0.170003384 -0.460037529 1.01564479 -0.257750779 1.79171014
    -0.143375874 1.0783422 -0.407002568 0.415058255 -0.335835338
    1.55628705 -0.628602028 0.823307276 -0.049767077 -0.63479054
    -0.595911682 -0.371217906 1.84753621 0.102946877 -0.499630839
    -0.542520761 1.62721658 0.636002719 0.56310153 -0.0103541613
    0.335431933 0.549212992 0.916827977 1.36273623 0.712977588
    1.13276672 1.14061761 -0.529302359 1.29209673 -0.483769268
    1.17216778 1.37328529 0.600077569 1.39123631 0.685837746 0.899081945
    0.265895307 1.58546376 0.0157322288 -0.332913607 1.73240983
    0.367291033 1.09861743 -0.594241738 1.5027585 1.10608172 0.38836509
    0.0193066597 0.616773307 0.31948632 1.61755633 0.231279492
    0.813909709 -0.311909735 1.52901042 1.26429963 1.49453664 1.41128635
    0.455434084 -0.0114389062 0.65844661 0.998416185 0.747159958
    0.625545502 0.417154491 0.891196907 0.367273331 1.70720685
    0.905011117 0.651968896 -0.671882391 1.90828466 -0.346399695
    1.75160944 0.0972722769 1.43995869 -0.0727601647 0.621031344
    1.71092749 0.0235932469 1.51589918 0.501195014 -0.615689218
    0.0991370082 -0.519833207 1.53007782 0.776245534 1.52753377
    -0.029558599 0.0552942157 1.86327577 0.397667587 0.15423727
    0.219359577 0.24334234 0.516230226 0.42449528 1.3426857 0.764000535
    -0.435069382 0.0535780787 0.162368953 1.61436653 0.0314725041
    1.23625278 0.637174606 1.41443717 -0.9134776 0.995275378 0.342056334
    1.07379913 1.16147375 -0.19622463 0.635282338 1.52900088
    -0.381355554 -0.317977726 1.01256478 -0.0184643269 0.708633423
    0.722022831 0.784133971 -0.038846612 1.44195998 1.07324624
    -0.1774019 0.0409890413 1.45592976 -0.133066595 -0.406047642
    1.79865062 -0.00230669975 -0.0354598165 1.90223289 0.262985349
    0.889181733 -0.501169384 -0.384842664 0.769848526 -0.522000551
    0.580369353 0.66730237 -0.163802147 -0.561320424 0.437840879
    1.12191927 1.31581259 0.450682998 1.28417575 1.27710474 -0.406035244
    1.11419415 0.151168346 -0.203465641 0.607094586 -0.801982284
    0.658626795 1.42074823 1.15142024 1.07388532 -0.0414761305
    0.447781205 0.838652074 -0.106980443 -0.53637743 1.60734558
    0.800135255 0.0480742455 1.59408092 0.305368483 0.457711756
    1.73722434 -0.605350137 0.306433618 1.70357859 -0.544746399
    1.26567197 -0.106601715 -0.752684593 -0.059673965 -0.446730524
    -0.176843286 -0.367299646 0.296928287 -0.0966038704 0.648406863
    1.63712609 -0.20677948 0.359780014 0.990065277 1.57652807
    -0.352342129 0.374776721 -0.15074122 -0.306933522 0.715834022
    0.974203765 1.61033285 0.00479400158 0.632593274 0.57663238
    0.863900781 1.55934691 1.78732038 0.389784336 -0.489369094
    1.13672411 -0.606022298 -0.612296641 0.966889322 1.14758134
    0.608508229 0.013056457 -0.708570719 1.29209208 0.296295881
    0.529963911 -0.352969944 0.955001295 -0.466420233 -0.350696445
    -0.3722606 1.64088833 -0.315050781 -0.472757667 -0.538139403
    1.70761251 0.526139319 -0.331964374 -0.275984824 1.01240349
    0.267931283 -0.285382271 -0.648151994 1.54192257 0.683044314
    1.22251105 0.446770132 0.219303727 1.60418272 -0.459727615 1.9642185
    0.644055307 1.22255945 0.0399563313 0.410367846 -0.182670295
    0.477562249 1.92785966 -0.638262093 1.25338984 -0.52956444
    1.85493684 -0.340633899 0.235987246 0.950376332 1.18347216
    0.783721924 -0.0196595192 1.60936236 0.948626876 0.800551414
    -0.704454422 -0.366245627 1.48230147 -0.0892921686 -0.221515656
    0.930810571 1.27238297 0.713215888 -0.65948236 -0.656615257
    -0.224471062 0.318872631 0.0337077379 -0.124597013 0.529162526
    1.33698106 0.177086413 1.42611504 -0.525477111 1.23090208 1.24555433
    -0.406752318 -0.601617694 -0.095517695 1.60296834 1.26481807
    1.27449787 -0.630797148 0.45053339 0.0593138337 0.234376669
    -0.742110968 -0.257370293 1.0608182 -0.595892668 1.56654525
    0.647915959 0.148228109 -0.0279889703 -0.446961045 1.14448178
    -0.159077823 -0.0240805745 -0.484090984 -0.54510504 -0.600197434
    0.535876453 0.898519218 1.14592028 1.17470038 0.277258277
    -0.0996938348 0.821283281 1.74841809 0.333467901 -0.119772792
    1.39397025 -0.765976191 -0.399711728 -0.314901948 1.55365002
    0.641707361 -0.669980824 -0.223124743 1.08915448 0.233855546
    0.447982311 1.41701078 1.56466317 -0.414923072 -0.870111525
    1.70695055 0.508784056 0.53159982 -0.391790867 0.1107921
    -0.475854635 1.55617762 1.12345529 1.45815778 -0.103735268
    -0.585547686 1.68892026 -0.758186817 0.83060658 -0.826786518
    1.70292115 0.0469238162 0.51807934 1.44104624 0.0203278065
    -0.478501618 0.075186193 0.2471596 1.10600591 0.683196247 1.06827974
    -0.417677015 0.628450751 -0.0860314369 0.530448914 0.991754949
    -0.715388715 -0.530504048 1.73805964 0.938279033 -0.0904921889
    -0.400813937 1.22714412 0.567461014 0.789335191 0.481842458
    -0.258441985 0.975435317 0.554357886 0.113956809 -0.323196381
    -0.523575485 -0.173312485 0.322474599 -0.198258996 -0.0385765433
    0.0302260518 0.739821315 -0.371852219 -0.643647194 1.40333104
    -0.535681367 -0.0148001313 -0.61871618 0.515760005 0.800560892
    0.290654302 0.894810021 1.55184078 0.547381699 -0.241299689
    -0.0176159739 1.30373073 0.509581208 1.4867357 0.867497206
    1.55709624 -0.37993592 0.979871511 -0.480557829 0.963187456
    -0.0530387759 0.305512667 1.17119443 1.02389169 -0.611903906
    -0.904219627 1.11604452 1.60586441 0.621682525 -0.277807057
    -0.23709631 1.65448141 -0.235876501 -0.248702765 0.679506123
    0.028660357 1.30500913 1.23738074 -0.621993303 1.01683378
    -0.22641623 0.173395157 0.457277 0.835318744 1.47048712 0.368905783
    0.381131768 0.895299017 0.911581576 1.04996204 1.10087323 1.34673488
    -0.445451796 0.058359623 1.06302047 0.353616714 -0.210390329
    0.407428741 1.48540521 1.69596124 1.84332228 1.39676189 0.402857721
    1.19205165 1.39896536 0.856430292 1.26895928 0.776234388
    -0.508706868 0.558671951 1.17855525 0.914919555 -0.139049888
    -0.776608229 1.45541418 0.141858041 0.858895481 -0.699493349
    -0.451294005 1.75075722 1.07474172 1.05310106 0.773447931
    -0.256489873 -0.528924942 0.033693552 1.07605803 1.53640413
    -0.311763078 1.0163126 0.0427612662 1.33143449 -0.230359733
    -0.697988451 -0.324898392 0.208270252 0.668407917 1.85192037
    -0.191034794 0.570541203 0.458726048 1.53011298 1.754035 0.074770689
    0.804956079 -0.40299049 1.49219036 -0.197189689 -0.651964188
    -0.616849184 0.625750124 1.84861529 -0.293282211 0.514075637
    -0.36444959 1.03978062 1.0508213 -0.324331433 1.06521928
    0.0455020666 0.757693827 -0.601890802 0.395855069 -0.0798422694
    0.200965643 1.44853449 -0.0616422892 -0.299067378 1.26709318
    1.21960711 0.662645698 1.50107157 1.67920411 1.01089597 -0.713438213
    1.42348969 1.62701201 1.36791468 -0.191318542 -0.0533150434
    0.862195075 1.14484429 1.74843669 -0.0883728862 1.46038544
    0.402459741 0.355339646 -0.536820054 0.680844247 0.450578153
    0.391347885 0.609058797 -0.0339904428 1.39091599 0.839140058
    0.232186198 0.280847728 1.06212091 0.233333409 0.814605772
    1.50213242 1.62932706 -0.380930692 -0.0449981093 0.814563096
    -0.661102951 0.632025063 1.09254479 1.55699635 1.56389427
    0.255300999 0.259377956 1.55404127 -0.397339761 0.190448701
    0.924086928 0.556041181 0.131981373 -0.357703298 0.108309865
    -0.43214345 -0.750506282 1.42426276 1.12064624 0.620467246
    1.24165845 -0.374617398 1.32986164 0.628356099 0.872875571
    0.787478864 -0.52731359 1.07388258 0.539492786 -0.265878856
    -0.241638958 1.51756227 -0.647723436 0.821498394 1.51986718
    1.06646419 0.0397804379 1.11084557 -0.666848779 -0.420099616
    0.0270674825 -0.608958781 0.443140984 -0.609915853 -0.243727028
    1.84510159 1.0376054 0.254621923 0.0624685884 1.18342066 1.52922106
    -0.854387462 1.52862048 -0.506348968 -0.0627390742 0.0685063004
    0.043669939 1.74200392 -0.433616698 -0.590818882 -0.0649117231
    0.701422751 -0.216747403 1.34613514 0.072078824 0.201824248
    1.54759765 -0.929149985 1.6243515 0.998040855 1.21554947
    -0.773544908 0.134984314 1.84292865 1.14054501 1.01883829
    -0.596104383 0.676884234 -0.487229526 1.22795248 0.469563007
    -0.482349783 0.283748627 -0.258051932 1.79635453 1.73607504
    1.26492381 0.130752981 0.668827474 0.168394327 1.47143078
    0.0877167583 0.416222513 -0.091201067 0.504148245 -0.245003819
    -0.166401386 0.132704675 0.250823557 1.35674167 0.574940205
    1.0863198 0.0540409088 1.44850624 0.392965555 1.01783466
    -0.296134591 0.251939118 0.634433329 -0.303471863 1.09917271
    1.49554825 0.759683967 1.14163649 -0.55155009 -0.125792384
    1.17203188 1.39632463 -0.648666799 -0.381147444 1.50159752
    1.19993091 0.218494117 0.0391403437 0.491329253 0.469998181
    -0.204809129 0.626531482 0.62059629 1.44325304 0.268906832
    0.176738858 1.60598302 1.38004005 -0.0696108341 -0.110087872
    1.77101696 -0.692259133 -0.277654648 0.586653352 0.319379032
    -0.0816137195 1.19718993 0.78706032 0.169914186 -0.248960078
    0.955386102 0.467854798 -0.228645921 -0.00629121065 0.466571689
    -0.661298037 0.020590663 1.01583362 1.27169561 0.839895844
    0.55142498 1.186607 0.643012166 2.08177328 0.0198188424 0.500037491
    1.63135469 -0.54779309 0.0364166498 -0.789485157 0.563643277
    1.02534938 0.55769217 -0.648694992 -0.307787061 -0.562570512
    -0.640955985 1.39769173 1.37505853 1.80880499 -0.396895617
    0.117774189 0.174345791 1.65863109 0.674266458 -0.0297272801
    -0.324802518 1.41062498 0.47185564 0.989810586 -0.371572018
    -0.160399139 1.17962801 -0.388340443 0.249223411 0.412176013
    0.954478145 -0.781915843 1.4664824 0.47443825 -0.687472224
    -0.372123808 1.48077416 -0.494388282 0.163093448 1.03893328
    -0.587361991 0.165164113 0.574562669 -0.784912109 1.11504257
    -0.675043285 -0.307424933 1.16282296 0.161595881 1.43842506
    0.24682337 1.59253216 0.650468111 1.48954988 0.223492265
    -0.145303488 0.752743721 1.69921625 1.73354316 1.42238593 1.10940135
    0.766549945 0.371286452 -0.0819990039 0.147941411 0.0926739573
    1.8089484 -0.386223108 -0.679773867 0.147601128 0.726504922
    0.613549948 -0.605921388 1.7256093 -0.735389531 -0.208013475
    0.667497456 -0.219183922 -0.503683984 -0.807626843 1.6607064
    1.10568833 -0.118475676 -0.793569803 1.50334287 0.369795978
    0.737199783 -0.808325052 1.18308055 0.322889566 0.417024791
    -0.427463353 0.577847421 -0.00433766842 0.345166206 -0.612416744
    0.506200075 -0.412854463 -0.422205746 1.37882471 -0.801802158
    1.24801743 -0.793162704 0.689036787 1.71501279 -0.52654618
    1.50333989 -0.115670204 -0.0538422465 0.357968628 1.33136272
    0.257008076 1.54514003 -0.649655044 -0.257162452 0.846452951
    1.1761272 0.816693962 1.50848675 0.608469963 1.47893262 -0.503426313
    1.83689141 0.389942467 -0.0738275647 1.42775118 -0.171188712
    -0.453995556 0.746589482 0.721619725 -0.666260242 0.909957469
    0.753431916 0.0229902864 1.25167298 -0.224430531 1.97271514
    -0.204982698 0.124243259 -0.0802226067 1.31543648 1.08536863
    -0.182190359 -0.373405635 1.59235179 1.49330366 1.50996804
    0.502684772 -0.664759398 0.232117593 1.32567048 1.45593095
    -0.641709507 0.180699766 -0.643428445 0.123785198 1.11464334
    0.54484725 -0.0109462142 0.801014006 1.12745118 1.50919926
    1.49833059 -0.066108346 0.452303171 1.71571827 -0.338496804
    -0.681962371 0.805380404 0.0162258744 1.15975666 -0.228712857
    -0.185936213 1.10321832 0.413653255 0.0566226244 0.713055909
    1.41950297 0.0571766496 0.886919081 0.5612607 -0.292693853
    0.163658559 1.69406831 1.08517551 -0.485542297 0.378175676
    0.381785333 -0.627061844 0.521547675 1.49367607 1.69814348
    0.148940563 -0.577431738 0.47380203 1.11181617 1.45112109
    0.312427759 1.01180184 0.965347767 0.776913166 0.579728246
    -0.753599524 1.63890505 1.20281577 0.796256661 1.17852116
    0.620715618 0.603373647 0.293568492 1.68487048 0.674612463
    0.321166873 0.819740474 -0.406500995 0.221058726 1.75398135
    0.368451059 1.36645055 -0.72725141 1.15361786 1.32306802 1.56891143
    1.32470286 1.59738708 -0.632784724 -0.153345644 1.11792231
    1.31880403 1.09373069 0.459428608 1.00206316 1.61106837 1.31940138
    1.46323097 0.014503777 -0.397410244 0.0963107347 1.38800263
    0.87969625 0.689324558 0.571394742 0.292059541 1.45959091
    0.410211444 -0.396798462 -0.441150039 -0.811232328 0.0853722095
    1.24332857 0.800512552 1.6643976 0.998114705 1.34264731 -0.133693725
    1.92293239 1.72656846 1.467924 1.6433785 1.32692373 0.195994258
    1.74670911 0.904575527 1.21434534 -0.16686517 0.259267688
    0.596002281 1.37698126 0.0346673131 1.63029027 -0.470836163
    -0.693521023 0.321283221 0.52726686 1.66126633 1.34249759
    -0.526111484 1.3867079 0.531641304 1.54537582 1.60947168 0.701293349
    1.60051179 -0.454921812 0.016677618 -0.63418889 1.17963934
    -0.379460216 0.214252114 -0.390626401 0.334909022 -0.604435921
    0.66670239 1.28544557 0.229447603 0.038931191 0.200063229 1.6122942
    0.358744264 1.17394757 -0.690852344 1.28161621 -0.482148439
    0.94867909 0.322348595 1.3528806 0.513967395 1.22103882 1.2086103
    -0.754373193 0.0086530447 1.23362482 1.4414264 -0.551435232
    -0.749606907 -0.179561496 -0.457022965 1.28877163 0.481379092
    -0.136576831 0.416972578 -0.187538028 0.240535975 0.0318329334
    0.480719924 -0.241465569 1.24793839 1.59530687 1.33434415
    0.427453637 1.24885154 0.147311091 0.0752463937 0.338935137 1.046664
    0.891866982 1.60109913 1.2129426 -0.0343851447 1.57808173 1.70762014
    -0.412742078 0.965050042 -0.0754500628 0.961431146 -0.734617591
    0.685173154 -0.709787607 1.55156147 0.771659553 1.71684146
    -0.21306169 0.0908248425 0.504215837 0.199064195 1.78990507
    0.822486639 0.821218014 1.02538395 0.25875783 1.62871003 1.31158519
    -0.159276485 0.559462786 -0.0487220287 1.33551908 -0.0959189534
    1.22741032 -0.264543474 0.806904495 -0.317558289 0.521391928
    -0.4328174 0.210623443 0.948668838 1.19502831 1.42165852 1.13268626
    -0.610189795 -0.593529463 1.41227877 0.570290923 1.6520052
    1.47118795 -0.652269304 0.770775139 1.04347062 0.854441106
    1.88436985 1.44365394 0.729658067 -0.600599885 -0.736171961
    -0.650348067 1.64285362 1.20628715 -0.392665356 -0.384242684
    0.580291629 -0.214647353 1.17908549 -0.547153115 1.06005979
    1.76948714 1.53151703 -0.538785815 -0.155998349 -0.181944132
    0.994214892 0.861755311 1.76829612 -0.560597777 1.07365203
    1.04864466 0.576277316 1.25184727 0.149161279 -0.706531882
    0.959505022 1.51047873 0.161788523 0.655281603 1.65196776
    -0.855399013 1.54028416 -0.766304016 1.71470404 0.380259573 1.210765
    1.46347213 0.5828228 1.79769695 -0.13487488 -0.0864160061
    -0.832777679 -0.371885389 1.50053358 1.76664233 -0.632038414
    1.73890495 -0.092905879 0.0993947983 0.428327322 -0.0587138534
    1.71571541 1.32492685 1.1601156 0.319307029 0.0108565688 0.532944143
    1.72639287 -0.137536943 0.446507454 -0.134977281 0.750089884
    0.316787124 -0.473414838 1.22594297 1.29371595 -0.926195145
    1.55070317 0.936548471 1.12476695 0.0834224224 1.25014257
    -0.160641551 0.095505476 0.335204124 1.28321385 0.830851555
    -0.0530467033 0.842409551 0.190692842 1.48237872 1.59625745
    1.76537776 -0.447891116 1.68768501 1.16724873 -0.176505148 1.6026783
    0.477368891 0.885680318 0.482512653 0.394565701 1.03448582
    1.27678311 0.018869102 1.53339469 1.5238117 0.734559715
    -0.0483442545 1.61141992 -0.660659611 -0.119670689 0.604415059
    1.44172442 0.27749759 1.21250045 1.2572664 -0.468228072 1.47711253
    0.172678232 1.40979242 0.000269770622 1.13643646 -0.7858634
    1.60570967 0.322172821 -0.484014869 0.546868145 0.326889753
    0.356469035 0.131043851 -0.597682118 0.844415724 0.306192577
    1.23566937 0.389632881 1.25788093 1.22813034 1.59244859 0.341688156
    -0.471583277 -0.183989227 1.00396895 0.33756876 0.633799911
    1.17687082 -0.315222025 0.430295765 1.21404672 1.55994844
    -0.284591973 0.751485348 1.14087605 -0.603176475 1.07818198 1.77677
    0.896278858 0.361240506 1.06597018 0.750997901 1.05216646
    0.601181626 0.0485729575 -0.572893858 1.62008834 1.63010097
    -0.0568273664 0.727667868 1.03254044 1.07558775 1.21694028
    1.12928009 1.85428691 0.105118215 0.103224933 0.9407897 1.22467911
    -0.00932097435 0.865168333 0.26254046 0.869907737 0.31914413
    -0.0851624012 0.136572421 0.589921474 0.235813916 0.661319971
    -0.657683671 1.37126064 -0.199919343 0.838912249 0.108973026
    0.799845219 0.924995422 0.484069586 0.802410185 1.57462263
    0.736391008 -0.374367625 -0.261689305 1.37747335 1.07722688
    -0.506999433 0.00392270088 -0.519758284 1.82321787 0.904997945
    0.563756108 0.528439105 0.260339916 1.64806497 0.884756088
    0.811801076 -0.708040476 -0.499452472 0.932881951 0.391166151
    1.11938739 0.751028001 1.01103938 -0.272055805 -0.244314432
    1.49592352 1.58741379 -0.723271072 0.299363852 -0.603986084
    0.681616724 1.76133728 0.103529453 0.380356252 1.10678589 1.43714499
    -0.735607088 0.0382523537 -0.16494602 0.912022054 1.51446366
    -0.289900899 1.66481996 -0.3657583 0.189399242 1.45268011 1.7763803
    1.10005701 -0.123736978 0.429692864 -0.771656394 0.214331567
    -0.365024626 0.240387738 -0.595277011 0.934599757 1.01753962
    1.12835336 -0.330501378 0.0728489757 -0.81146723 1.08961582
    -0.371494204 0.000835180283 -0.746803284 0.12887156 -0.530875862
    1.78984928 0.37937808 0.856090963 1.53859997 0.808809459
    0.0615341067 -0.580878019 1.05896139 -0.00715214014 1.07585859
    1.2895261 -0.52593714 0.0756593347 -0.233120859 1.41434658
    -0.528954208 0.693505049 0.146283448 -0.649950504 -0.583258808
    0.657845438 0.210048735 1.53105664 -0.615832746 -0.360053092
    0.800979078 -0.42441678 0.0666315556 0.313076496 -0.219808519
    1.04948044 -0.255514383 1.76089954 0.711706519 -0.183137774
    1.04198229 1.02680802 0.178753018 0.868189394 1.15529633 0.261753857
    1.23261166 1.74425125 0.255419791 -0.706763744 1.26120281 0.55545938
    -0.0903679729 0.723541141 -0.0239215493 0.394189417 1.43232203
    0.457797348 -0.228081167 1.28155756 0.020765841 1.62748265
    -0.242313027 -0.580201209 -0.363974392 0.898629308 -0.0536172986
    -0.174967468 0.54325825 0.806649268 1.7746706 0.550204635 1.28319335
    -0.909998596 1.69143307 0.336500883 1.27145386 0.332348704
    1.45047915 0.708643317 0.551331401 0.943237901 1.3169589
    -0.263068855 0.940356612 -0.382231176 0.227540374 0.658496678
    -0.751844168 -0.37800175 0.376918852 -0.193600595 1.58082426
    -0.650323749 -0.419871271 0.791719079 -0.242751718 -0.587314665
    1.83251834 0.426734567 -0.719474733 -0.00712698698 1.1149863
    0.574922204 0.275548518 0.0679172277 -0.331317186 1.25170135
    -0.848334491 1.52598405 -0.614627659 1.10822368 1.29766452
    0.0311719179 -0.806901157 0.171863914 0.282730401 1.0492456
    0.68508327 0.881812572 1.30595815 0.617032409 0.49527365 1.51262093
    2.07937717 0.021442771 0.677076042 0.808560669 -0.0985531211
    1.44681787 0.954071403 1.45343828 -0.535940766 0.831061244
    0.182296634 0.179702163 0.543287158 1.62717748 0.605656683
    0.417016149 -0.608084917 0.015996635 -0.468446285 0.182774067
    -0.68497777 0.318412006 0.0919584632 1.39175332 1.13766706
    0.40237546 1.36537349 -0.292974949 -0.604840279 0.672981441
    -0.492465883 1.29890835 1.16806984 1.5261972 1.59892333 0.878149331
    1.04760456 0.00161731243 1.72445893 -0.621861398 0.312850058
    1.32489538 -0.699267507 0.797179461 -0.786744833 0.914002359
    0.918302953 1.27196884 0.977810025 0.988918185 1.33684838
    -0.431812525 1.51217806 1.20504284 1.53592587 0.839825392
    -0.605400324 -0.198740602 1.03455305 -0.63690412 0.569426477
    1.78404689 -0.463134587 1.30435944 0.256270707 1.76639032
    0.265172005 0.332626879 1.75908279 0.252280474 0.0517643094
    -0.712141335 1.80329132 0.559081435 1.12665045 -0.438363373
    -0.478109032 0.0917611122 0.968010843 -0.00946801901 0.775550485
    0.0810143948 0.443358123 -0.902389348 1.00066566 -0.901802599
    0.0751695037 1.48257995 1.22592568 0.448202848 1.29144287 1.46210575
    0.387813032 1.14487934 -0.6152578 1.18040562 -0.274877638
    0.947725952 0.882159531 0.125929773 0.199550748 -0.193407297
    -0.149330437 -0.0139952898 -0.634989262 -0.221470535 0.490590572
    -0.116113663 -0.650510728 0.81583792 0.0514723659 1.46462202
    1.34570968 0.617905676 1.38640022 -0.335495949 0.214889646
    1.16672218 1.38558865 0.383560419 1.02770972 0.626417577 0.626843095
    -0.0216759443 -0.461553007 1.49852777 -0.115295291 1.10693407
    1.53981173 0.529999435 0.48958379 -0.601272166 1.14234877 0.68145287
    1.15891099 1.06235266 0.0482745171 0.696186423 0.955713868
    1.27843213 -0.010918498 -0.165103674 0.454717219 1.28823781
    1.09086573 0.0305259824 1.55323064 -0.0263440609 -0.624650478
    1.37979627 1.53661716 0.784448981 0.175659537 0.700408041
    0.489728749 1.40229976 0.923180521 0.0236276388 1.78788185
    1.81472278 1.69312334 -0.553422689 -0.253967822 1.25049686
    -0.34511897 0.567119598 -0.756306469 -0.43869099 -0.0497200489
    -0.796525002 1.39988291 0.56293869 1.54773545 -0.0695264339
    -0.792898953 -0.731983662 0.291864812 -0.764484346 0.701551199
    1.29556274 1.03510356 0.247159123 1.63893449 -0.383992553 1.62764251
    1.32614326 1.05378437 0.158933103 -0.544553041 1.56570935 1.66403091
    -0.647824883 1.72957563 -0.165247798 1.49415362 1.04597986
    1.34252548 -0.0135293603 0.640319169 0.954082787 0.758750796
    0.447352529 0.563214958 1.22884011 -0.314178467 -0.46227169
    1.77300179 0.322646677 1.59013951 0.624341369 0.978164911
    0.660715342 0.413577557 0.509713888 -0.0531631112 1.03559875
    -0.127065122 1.5367527 1.50624371 1.44315815 -0.636758268 0.49141711
    0.446936071 -0.314979196 1.66826892 -0.447071195 1.25731921
    -0.0292375684 -0.483211309 -0.636966169 0.62383616 -0.431257576
    0.400142968 -0.465249926 1.5343008 0.421404719 1.62278283 1.57817495
    0.223507881 1.26215458 0.451912999 -0.538668573 1.21931076
    0.00174039602 -0.240965366 0.430226386 1.20045137 0.79107362
    1.51463926 0.567272246 1.38705933 0.597210169 0.755899906
    -0.171717644 0.0365784764 1.82973039 -0.49304682 0.829628646
    1.26526928 1.61517739 0.689065456 0.175136089 0.438016117
    0.770827472 -0.544342458 0.148399472 -0.317723989 1.54735053
    0.665215015 1.04779458 0.921005011 -0.54065752 -0.179133594
    1.78997803 0.686140776 0.238211393 1.43336964 0.489632487
    0.463544369 0.691026807 0.651126862 -0.367548883 -0.348595142
    0.775184095 1.01964617 -0.00636184216 1.47953439 1.37204444
    1.43985283 1.26890159 0.843805313 -0.621524155 1.6111207 1.22824585
    -0.751933694 1.53712893 1.08898175 0.990179002 0.114051282
    0.178322434 -0.531720877 -0.250860214 -0.305444479 -0.0482470989
    0.958409131 1.25664711 1.30460179 1.33944213 0.0875601768
    0.686584294 1.50119162 -0.575821042 1.33172512 0.636671185
    1.76453018 -0.0698835254 0.674543679 0.798190236 1.75652719
    0.209575295 -0.649476409 0.567376316 0.939483702 1.06727314
    1.46835816 0.914987385 0.161717355 0.257346213 0.654729009
    0.715485156 0.888403535 0.748654544 0.0486388206 1.26357746
    1.33412242 0.253362179 1.07358277 -0.144510746 1.08703434 1.02437437
    1.58583701 0.524432957 1.37037444 -0.179357529 0.0644651055
    0.978049099 0.157787263 0.120870471 0.593306124 0.446766734
    0.196839988 0.566996872 0.368999481 -0.0333890319 -0.498629898
    1.86377645 0.912499487 1.43693936 1.60665929 -0.596709847 1.70034528
    0.446985006 1.5481981 -0.62349093 1.23267984 -0.587277174
    -0.0580428243 -0.705864608 0.644649386 0.803875208 0.513340414
    0.647693753 0.28700918 0.0657709837 0.973453581 0.180092752
    1.72731543 1.10872197 1.60964847 1.32365203 -0.627791166
    0.0937609673 -0.297221601 -0.521567583 0.815637887 0.153393447
    1.60309005 1.72506881 -0.845101058 -0.68413645 0.661678553
    1.69070458 1.77393055 0.00122338533 -0.501003265 1.24318719
    0.401631296 0.462156534 1.13137746 -0.735893011 1.83325052
    0.019187808 0.738428891 -0.453871578 0.611947894 1.81492007
    1.06926835 1.16292763 -0.674836457 0.940252364 -0.147632182
    0.0702492595 -0.249874115 -0.333714902 -0.34287256 0.354743302
    0.0334304571 0.681219161 -0.476798087 0.0662660003 0.73877883
    0.5542503 1.15830576 -0.0867735147 1.1086092 1.29366505 0.750244379
    -0.333172619 1.45725203 1.60394752 0.273859203 -0.103271842
    0.534931839 0.525391459 1.64610004 1.40063548 0.0982094407
    -0.57464534 -0.235849082 -0.203388095 1.42852354 1.61895323
    -0.975107789 0.746143818 1.36331081 -0.018512249 1.23270094
    -0.864877999 -0.147115529 -0.609472275 -0.26812768 -0.457348198
    1.00878716 1.5999856 -0.495924592 -0.122088611 -0.66882658
    1.49552679 -0.0992033482 0.328731418 0.484638929 0.347445786
    0.184054375 -0.728915989 -0.287960768 -0.213064432 1.55427742
    -0.0217536688 0.9230901 0.221541047 -0.234536052 -0.740096927
    1.06951213 1.0818727 1.03933287 1.05989075 -0.701524138 1.27736926
    -0.845064342 0.412789524 0.936885178 1.71405792 1.63109279
    0.136445999 1.94361699 -0.0239388943 -0.378571868 0.0626692772
    -0.202984452 1.55312395 0.266993761 -0.639009655 -0.265240431
    -0.738431394 1.64509463 1.37054968 1.46520996 0.791750729
    -0.333842158 0.368473113 0.125962257 1.37316394 0.393568456
    -0.945187151 1.16363502 -0.783023655 0.439429224 0.908613086
    1.29981494 0.659921825 -0.00884366035 1.26441169 0.0381315351
    0.385390639 0.537394226 -0.413513899 -0.586628556 0.461164713
    -0.624294519 1.73951995 0.114466548 0.0726726651 1.31867683
    1.08413982 0.210843325 0.133732677 1.60565722 1.3935647 0.727467775
    1.8003701 0.330438673 -0.572514057 0.966489017 -0.808247209
    1.77354908 1.55548537 0.740098476 1.18448889 1.12891483 1.21709394
    -0.6392169 -0.122327745 0.811958849 0.137993693 0.615440011
    -0.56533742 0.94282639 0.780558348 0.891550958 -0.03127563
    0.0292229652 -0.197471201 0.205736697 0.904271543 1.34520793
    1.6909337 1.7102313 -0.320496261 -0.634620368 0.164260209
    -0.518104553 0.440128028 1.17608619 0.754848361 0.84100163
    0.400422215 -0.380130619 -0.492457092 -0.00444257259 1.49115753
    1.34484386 -0.34456259 1.3056742 -0.417616546 0.966737568 1.65836835
    0.175367534 -0.0222709179 -0.422822475 0.345307231 -0.31635797
    0.945970654 1.06928515 -0.281109899 0.902632058 -0.654791415
    1.33108103 1.87415552 -0.10319221 0.381530404 0.931203485
    0.282516897 -0.160952985 -0.315985322 1.06037784 1.56157148
    -0.752532721 0.946383536 -0.60101366 -0.42003873 0.837931931
    -0.516026855 0.211695671 1.16850448 -0.560404062 1.52741385
    1.65304506 -0.638598919 0.911017835 -0.24097544 0.359789312
    0.170633674 1.60202968 0.498022974 1.55188596 1.56853247 0.728312254
    1.54598808 0.48573637 1.22282982 1.84407306 1.83445287 -0.442278862
    -0.409332156 0.263782442 -0.128181517 -0.540134668 1.02397799
    -0.608456492 -0.183263898 1.35684323 1.45694757 -0.792953134
    -0.616843998 0.526443779 -0.322065592 1.46060562 1.60006356
    0.470318258 1.29642105 -0.0684102178 -0.656547189 1.51476502
    -0.621552944 1.59609973 1.59626353 -0.262854934 -0.244580686
    0.976799965 1.42155898 0.558136404 -0.216743171 0.350182056
    1.51475358 0.425398469 0.0774084926 -0.0413441062 -0.39982599
    -0.705628633 0.346942902 0.194749892 1.05793047 -0.671047032
    -0.651831388 -0.542400837 0.843748927 -0.0872867703 1.06716394
    -0.322640836 1.16575837 0.569168568 1.02250719 -0.84969008
    0.0162121654 0.951050997 1.60611093 0.0154738426 0.552139461
    1.60365772 -0.472649455 1.04029155 0.016213119 1.21967959 1.6052736
    1.07460892 0.860743284 -0.0749062896 0.111054957 0.857898474
    1.43704557 -0.286495805 0.399591565 0.546898127 -0.0123493075
    -0.426810831 -0.580377936 0.227196276 0.410657346 1.60488665
    0.926449418 0.717546821 0.923612952 0.986525536 1.20413256 1.4860661
    0.131855249 0.761530876 -0.165312469 -0.0740357637 0.0965124965
    1.52964354 0.398171842 0.0742408633 0.028021872 0.327998698
    0.208477855 1.14905095 -0.486906677 -0.353805035 1.87090719
    0.329494596 0.867676914 0.181461871 1.39465714 1.43907261 1.65749764
    0.076434195 0.953258932 0.977120042 -0.201296091 0.402485609
    0.387628675 -0.834724545 1.36330366 1.42542696 0.0430353284
    -0.37519604 0.984085262 1.10549164 -0.255509138 0.225508571
    -0.684076428 -0.255466402 1.85803115 1.71916568 1.50871813
    1.28508043 0.386579096 1.44045138 -0.268316269 0.248522758
    1.32359576 -0.274689674 1.06152177 1.10918748 1.4073205 1.37630486
    0.231310248 1.56517005 1.69528234 0.988047361 0.218569696
    -0.874864638 0.8005054 0.819267869 1.52150488 -0.597220182
    0.371478438 1.66634238 -0.036847949 1.84293234 0.753540277
    0.761134744 1.0827291 -0.375611961 -0.778975785 1.32589138
    1.02133894 0.163387597 1.07480609 1.53682852 0.688089132 0.838402748
    0.898633182 1.11248207 1.0863961 -0.249524474 -0.610018492
    0.341621339 -0.371700734 1.22805309 1.69116163 1.56199002
    -0.642013311 -0.239670157 -0.164896369 -0.619868398 -0.811975479
    1.57359529 1.44484353 1.52205551 0.548906147 -0.328575969
    -0.174519718 -0.438756973 0.243023396 0.35282582 -0.482982069
    0.222084522 -0.416606545 0.468997896 0.372575641 1.04751539
    -0.593859434 -0.0360836387 0.54710263 1.32963753 -0.476960272
    -0.625156045 0.960327446 0.57581377 0.697662234 1.66725731
    -0.717969298 0.360064387 1.64567924 0.713773489 1.403651
    -0.921179712 0.139250576 1.78868008 1.03577864 -0.314360857
    -0.114792049 0.733912647 -0.592673182 -0.581188679 0.379258931
    0.582353055 -0.603157759 -0.558472395 -0.291594207 -0.705130756
    1.62588179 -0.380628794 -0.485213101 0.278968096 -0.0909770131
    0.645684242 0.557733595 1.52626276 1.1343497 1.31481063 1.31786847
    -0.216126323 1.66346073 1.09798551 0.0694920421 -0.419000715
    -0.626845956 0.875113368 -0.56304878 0.0171239376 0.183977127 1.2938
    1.60026932 0.733317018 -0.687176764 -0.0278424621 -0.48411122
    1.21110797 0.671170413 1.34725809 -0.236301422 1.03300536
    -0.422047466 1.61285543 -0.547226548 -0.0609610677 -0.580798745
    0.812916398 1.70159459 0.194497526 1.4190352 -0.74634254
    -0.0994694829 0.811708093 0.066839993 0.828689575 0.848895788
    0.669184685 -0.639777362 -0.158534229 1.31749201 -0.345969319
    1.35166836 -0.699963868 0.473105729 0.823128939 0.41742599
    0.619169474 0.423579395 0.852254391 0.685757279 0.18928659
    0.329439878 -0.418986291 1.47333348 0.810739994 1.04130006
    0.987097323 -0.642767727 -0.326119602 0.860326409 0.644514203
    1.33785486 0.626697183 0.139157295 0.274969757 -0.369405866
    -0.634192824 0.623589694 0.937449634 -0.313578367 0.755717456
    1.03749347 1.16150022 0.194686472 1.36651635 0.384794414 1.74370623
    1.66628027 0.747131646 0.114336908 -0.311288297 1.76026344 1.0298214
    0.207404375 -0.109150589 1.42227054 0.401465237 1.79482126
    0.271603167 -0.573037922 0.717898309 -0.0684552789 0.138869405
    -0.513672054 1.38645935 -0.218077898 1.23282194 0.533670008
    0.402165532 1.19899845 0.726302862 0.679672718 1.10200477
    0.358439326 1.55124021 -0.343100071 -0.13697201 0.494036436
    0.84425801 1.74950027 1.68632817 0.878854513 1.58391774 0.0423906446
    -0.34482342 0.096023798 1.12873852 0.00781905651 -0.635699272
    1.12931943 0.740385234 -0.729102314 0.592364609 1.40617108
    1.13062525 0.0578491092 -0.0987774134 -0.225299001 1.6187973
    1.30218267 -0.614722133 -0.361117601 1.75183558 0.807518482
    0.604245305 1.41514516 1.05497384 0.674531639 -0.260308266
    0.989585817 1.13212156 1.24847364 1.72575164 0.329672456
    -0.381593406 0.147547662 0.682724893 -0.363089502 -0.629011631
    0.997634351 0.511678874 1.46506238 -0.362461329 -0.608636022
    1.53836286 1.22416496 0.33589685 -0.31137836 0.418960571
    -0.962261498 1.23664784 0.765687704 1.42837262 -0.181358337
    1.02308333 -0.794880688 1.01856482 1.65687227 1.11731887 1.77095675
    1.09740877 -0.693128228 0.752891243 0.0773249269 1.42421544
    0.744147718 -0.451080799 1.40391803 0.543313563 0.246766806
    -0.661191225 0.494558811 1.15525579 1.42452228 -0.70765543
    -0.184446573 -0.797444999 -0.619279981 0.783543646 1.49027753
    -0.492099673 -0.694115162 -0.350168884 0.139256358 1.17635918
    1.29436231 1.57142758 0.643267572 1.72416854 -0.125484586
    0.974191666 1.24449217 1.63156402 0.518274963 -0.137547076
    0.180378139 -0.158590436 0.211101949 1.79617023 1.08129239 1.4309361
    0.261402786 1.51660621 1.8736012 -0.729862213 0.542335391 1.563761
    0.0999644399 0.504944801 -0.571255028 0.237393022 1.01407647
    -0.694772661 -0.416834235 -0.21249634 0.946100712 -0.570367813
    -0.782103002 -0.518102169 1.58338892 0.788895547 -0.535190701
    0.668408155 -0.782508016 0.214005768 1.36473107 -0.604961872
    -0.187584281 0.13913703 0.657072008 1.18104839 -0.65929538
    1.03116071 1.70812237 0.382352948 0.141961157 -0.192606986
    1.57586205 0.500119686 -0.406382501 0.834613919 0.474438012
    0.627547443 1.21300912 1.49129462 0.685014963 -0.388890803
    1.09911263 -0.235885501 1.01637673 -0.37655291 0.168830454
    0.169048429 0.711436629 -0.492174387 -0.227700293 -0.515696645
    0.897173047 1.63984704 -0.454643875 1.17229915 0.92048955
    -0.766724706 -0.298980594 1.29072857 1.03299522 -0.597263098
    -0.594620347 1.15812576 1.2342633 0.535526514 0.441223025 1.06529951
    0.22180438 -0.250579119 1.57160378 1.64348984 -0.735951006
    0.358568251 0.555881381 0.267502844 -0.54178369 -0.335995793
    -0.518121243 0.55453825 0.751096785 0.776919305 1.40099823
    0.738170385 0.47088021 1.08019316 1.72076988 0.758967221
    -0.411944836 -0.387202948 -0.168855786 -0.45287326 -0.454914004
    -0.222193539 -0.883236587 0.72018379 1.02482378 1.31498218
    0.924540222 0.00176620483 0.392638564 0.356106997 0.487592816
    1.31242251 0.796265244 1.5462265 0.112179101 1.55358744 -0.372614503
    -0.268259168 1.35129356 1.38227773 0.781416953 0.31370604 0.68433708
    0.958558321 0.849154592 -0.805860519 1.43854964 -0.827416003
    0.597787619 0.396023512 0.239952326 0.725673616 0.15789783
    -0.405069321 0.222520769 1.21590698 -0.529767692 -0.660860837
    0.82901746 1.04230571 -0.0200269818 -0.784623265 1.74079299
    0.876065373 1.28992796 1.86531746 -0.779533446 -0.020716548
    1.16490424 -0.568912506 0.996359825 1.45899916 0.81789881
    -0.164723694 1.28750551 0.58491677 0.985144317 -0.00983995199
    1.76155519 0.717351437 0.616932094 -0.116929829 1.43475151
    1.81313443 0.98145473 1.16752362 -0.0120114684 0.744443357
    0.988755465 0.489722669 -0.725244641 0.333936274 1.54296374
    -0.917761624 -0.493747026 0.429021657 1.37546241 -0.850866556
    -0.79871428 1.57236838 -0.124508679 -0.0807990432 1.07804775
    -0.551050186 0.856960535 -0.421830356 1.55173802 -0.184744954
    1.0941987 0.795188189 -0.296417356 0.653491616 1.49707818
    -0.723945796 0.306888342 0.134169042 -0.207145095 0.84956795
    -0.137405396 -0.469344467 -0.72341764 1.25297582 0.0820945501
    0.563414931 -0.125568151 1.58520389 -0.425447464 1.6207757
    1.20791388 1.41796064 -0.486226171 0.543207407 0.89518398
    0.797118664 1.4949472 1.18702197 1.37145412 0.229661465 1.95663428
    1.73808205 0.609718859 0.233322442 -0.791585267 0.799201012
    1.74945259 0.631040871 0.143152535 0.637012899 -0.167675018
    0.659463823 1.01943421 1.13919067 1.53946567 1.65452445 1.40120959
    1.00961995 0.180300236 1.07916999 0.512096643 1.54623568 0.547419369
    0.263583004 -0.462136596 -0.645516276 -0.831341386 0.323991716
    1.50407624 -0.83291775 1.01386738 -0.506963134 0.592772365
    0.0325317979 0.147411644 1.15624392 0.275082529 -0.247223556
    0.0493149161 0.600160718 0.540624201 -0.466248423 -0.245230734
    0.196774065 -0.721525311 1.10545278 0.162522674 0.289610147
    -0.141954899 -0.360026568 1.0510757 -0.0187716484 0.448015869
    1.82042778 -0.219641089 1.73502326 0.196047485 -0.549677491
    1.27738166 1.40090823 0.66467762 1.21139252 -0.423268199 1.64509439
    1.57205868 0.266460478 0.279748023 0.315189004 1.14684212
    0.116176307 0.893290877 1.25173223 -0.260813475 1.7833457
    0.947868586 1.6187948 0.763805866 0.745266974 0.531259537
    0.143857062 -0.0108354688 -0.209707856 -0.571415067 0.670206547
    0.416281223 -0.714476705 1.39315915 1.40887642 0.133494973
    0.363384843 0.706346273 -0.118609846 -0.198487282 -0.705128312
    1.34625137 1.8407892 -0.454168767 0.120827198 1.43179464
    -0.771640062 0.269606829 1.83468497 1.55965829 0.562615573
    -0.104421556 0.356704772 0.166004241 1.60788155 -0.447193623
    0.867631376 -0.655977726 0.168079197 -0.534538865 0.193034649
    -0.195309877 1.5057056 1.40731788 -0.677406907 1.11055362
    0.818738997 0.0537807345 -0.760901749 1.55681312 0.712823629
    0.522028387 -0.451255679 0.424795151 1.36669815 0.163766444
    1.18298852 0.709682286 0.117407262 0.856394291 0.683935285
    0.436832607 0.550971568 0.830153525 1.40961814 0.874281049
    1.55890083 0.735610902 1.20071638 0.675081551 1.41615152 0.415738761
    1.01662469 1.26621473 1.70242822 -0.535997212 0.248574317 1.34062839
    1.20200777 0.237882912 0.994611263 1.76089525 1.12893891
    -0.741390765 -0.406519741 0.997584939 0.138045371 -0.180190682
    -0.460263968 1.37675738 0.273191273 0.808559656 0.388308764
    -0.539542079 0.637019277 1.46641469 1.45960128 -0.269424915
    -0.791074038 1.49938631 -0.019046247 0.263986588 -0.338656425
    1.45320785 -0.0011767745 -0.618060887 1.77637482 -0.413513899
    0.180266201 -0.354584932 1.60986459 -0.120755196 -0.491936356
    1.23519385 0.632683337 0.856368661 0.268164337 -0.105649173
    0.0671038628 1.43957365 1.29792488 -0.165566862 -0.62711823
    -0.444046676 0.9914698 0.730665028 0.60062933 -0.399573207
    0.222573578 -0.15027231 0.316620171 0.80765748 -0.0191045403
    1.62078118 -0.644879162 0.0863012671 1.70558882 0.662580132
    -0.147312582 0.478067756 -0.487678945 1.34959972 1.52811182
    1.67136323 1.16067207 -0.409412116 1.71977568 -0.189682305
    1.29574227 0.449085057 0.698880255 -0.434197128 0.761296451
    -0.512656569 0.13002336 1.73958337 0.88755542 -0.452148676
    1.13854492 0.611707091 -0.367668152 -0.181506693 -0.677980304
    0.648433208 -0.412722498 1.835186 0.202960134 -0.72577399 1.61165953
    1.52824414 0.410077095 1.21295309 -0.221331954 1.19623446
    0.295414448 -0.802555084 0.808604956 0.727577627 0.395608068
    -0.315257728 1.33857775 -0.363913953 -0.741091192 1.03879404
    2.04643226 0.164248586 1.52146864 1.55746269 0.573092878 1.26509738
    -0.509264112 -0.741366744 1.32178831 1.3339963 0.777317762
    1.44557333 -0.591972232 0.35415256 0.146222472 1.51356864
    -0.0743835568 1.09354424 0.299512148 -0.314250022 -0.63807261
    0.00918978453 1.45778656 -0.104132533 1.75802636 -0.0331152081
    1.66791558 0.66514492 0.590829611 -0.674980104 1.07068896 1.33306694
    -0.356403649 1.20997763 0.357327938 0.502713561 1.59624255
    0.00141358376 1.33850121 -0.118039966 1.07495451 0.921730936
    1.07702327 0.689647794 -0.686302543 0.417860746 0.72346431
    0.183442891 1.35674179 -0.384041756 0.588952184 -0.1451388
    -0.237993777 1.20632052 0.463318646 0.882728517 0.511595786
    1.24441671 1.70161104 0.363283336 0.849610269 1.314363 0.0258516669
    -0.676577985 0.453422606 0.652052283 1.28179049 0.371376276
    -0.551403224 0.342607737 0.723639548 0.448619545 -0.259440124
    -0.64487803 1.06356049 0.144602954 1.11676919 1.46489072 0.814988792
    0.124137282 -0.14993608 0.369421721 -0.459952444 0.527010322
    1.59562135 -0.200324297 1.56330419 -0.238843262 0.48304987
    1.44533813 0.418475986 1.72753644 1.45448375 -0.583494186
    0.450200677 1.6174823 0.359012306 0.384962678 0.20904398
    -0.455186605 -0.184629917 0.836049139 1.51332307 1.13977361
    -0.555449784 -0.681080103 0.205365002 -0.102303982 0.918458581
    1.61867571 -0.0698711276 0.253300965 0.902509868 -0.0784335732
    0.0540447235 -0.392484456 -0.604681551 0.300700068 1.15798473
    0.640778184 0.806949019 0.974967003 1.52567983 -0.239395738
    0.505987763 1.35037231 -0.47666958 -0.533001423 1.40891087
    -0.523654163 0.876392305 0.507736325 -0.809920311 1.4376384
    1.26241899 0.343543112 -0.436812878 1.34385347 1.60230708
    0.0644840002 0.0988773704 1.18785119 0.86089319 -0.625189066
    1.0283339 -0.637491763 0.203593969 0.142769098 1.3707428 0.513695061
    0.529218376 -0.465265125 -0.838241041 1.36590791 1.31018233
    0.495487571 0.965373099 1.32417393 0.430827022 1.84015775 0.13278079
    0.479360342 1.73318553 1.68522763 1.6943115 -0.784912288 1.0851872
    0.484620512 -0.471769601 1.03405941 0.894398093 1.14707637
    0.459990025 -0.32840395 0.979886353 -0.713007033 1.75283647
    0.925203025 1.71944594 0.839207768 -0.216625333 0.735493124
    1.14931059 0.0238554478 -0.395562619 0.100695074 1.25052476
    -0.424513489 0.0652931929 0.453382909 -0.828368843 -0.6852386
    -0.00527977943 0.316940367 -0.130200744 0.757203758 0.60367763
    1.60572243 0.732496738 0.234516799 0.0869665742 0.97116667
    1.08115125 0.212140203 -0.651519895 0.626444459 0.686568618
    1.78338528 0.584050357 1.70710516 1.32772601 1.68887138 0.415534198
    -0.461836994 0.576761246 1.23511922 0.494860947 -0.771554291
    0.65175879 0.246271491 -0.689669967 0.896045327 -0.715319812
    1.5522716 1.67542243 1.55527043 0.448266149 -0.805268705
    -0.0157751441 0.521914721 1.24402761 0.823704123 -0.80779618
    1.60442567 1.83662164 1.67189622 -0.0772812963 -0.648654819
    1.33769619 -0.604479253 0.308843195 0.918345451 0.0604332685
    -0.564629436 -0.446792781 1.51563108 -0.759037614 1.87363029
    0.111581743 0.930698872 0.249439836 -0.713065624 0.88529706
    0.420924067 1.36650491 1.62567222 0.717588425 0.676517308 1.52682102
    0.631020367 -0.609082699 1.60187054 -0.645545781 -0.728606641
    0.800162792 1.60217977 -0.793580294 -0.61589998 -0.439162284
    1.10334897 -0.705445588 0.839185953 -0.746922731 -0.0112121105
    0.0444703698 -0.643711209 1.3092736 1.14541602 0.383188069
    1.79929137 -0.625049412 1.4794656 0.47821027 1.30623388 0.49391669
    -0.513900638 0.550193429 -0.157806516 -0.426963508 -0.0990698934
    0.881861091 -0.488106072 1.05155575 0.409957707 -0.123612761
    0.933041513 0.838394821 0.62169075 0.721021712 -0.36417979
    -0.320473224 0.148061574 0.397663534 -0.218137681 -0.527680457
    1.43746161 -0.509081185 1.19507074 0.574183702 1.39475214 1.19076383
    1.32147837 0.262348652 -0.328734398 0.449734986 -0.823159933
    -0.11450386 1.51306581 0.484939992 1.66749454 1.39309525 0.779553115
    -0.570521355 0.119107366 0.185454071 -0.0263212323 -0.611328602
    -0.291861266 1.2105428 -0.595029831 0.530924559 0.40575856
    -0.233419418 -0.706724346 1.76934648 -0.617052555 -0.0129335523
    1.43530822 -0.361275554 -0.646988153 -0.259338498 0.791343987
    0.451297343 1.67581511 -0.356544882 0.165057719 1.24589241
    1.10963297 1.19910049 0.83431834 1.09809613 -0.686523318 0.523790538
    1.73486781 -0.114432514 0.514295399 -0.170179904 -0.301926672
    0.102524221 -0.130319953 0.101483941 1.22271943 1.70865428
    0.734596133 1.63658535 -0.501550376 -0.668315649 -0.594597399
    0.908034623 0.618512273 1.03772366 -0.507870376 0.389617622
    0.550332487 1.52207482 0.785598099 0.22201544 0.061809063 1.15397286
    0.131282687 0.811245263 -0.49540475 0.559224069 -0.308998257
    0.165919602 0.983129263 1.13246417 -0.163702071 1.4156909 1.22487664
    -0.456012994 -0.145619333 1.04574025 -0.656623304 1.57528007
    -0.822666883 0.463523209 0.58465302 1.37171674 -0.462721467
    1.7672379 -0.0732913017 -0.796920359 1.73329139 0.387033284
    0.758848429 1.45518982 -0.367662489 0.330008447 1.60218668
    0.425040603 0.629521906 -0.705200136 -0.41138345 -0.403449237
    1.70190382 -0.734441459 -0.678661048 0.333949029 0.701029897
    1.14124703 1.61105108 0.588524461 0.628201485 -0.065911293
    0.167051971 -0.0886273384 -0.223148406 1.36110234 -0.685297787
    -0.359280497 0.178995311 -0.172546327 0.0237791538 0.597039819
    0.688348949 1.80711865 0.580126405 -0.255360365 1.88067508
    -0.537778258 0.136963069 0.219657242 0.935145497 1.55729401
    1.25775671 -0.0423592925 0.329286575 0.905195832 0.513896585
    -0.318988681 1.00632596 -0.56816107 -0.488271832 0.279153943
    -0.0966404676 1.20871472 -0.440225065 1.07570112 0.623056173
    -0.140320361 0.356516361 1.86901641 -0.758251071 -0.144349337
    -0.284629643 0.96766293 1.43827248 -0.249476373 0.837284088
    1.6742301 1.44678998 0.557176054 1.03681707 -0.42538473 1.6656661
    -0.315906346 0.421595991 0.619105279 -0.730569899 0.520894229
    0.14396292 0.344772518 -0.0109315515 0.604340315 0.446557999
    1.46351838 0.290109515 0.463437974 -0.780460596 1.36993527
    0.938962698 0.353501678 0.461277366 -0.220083117 -0.0842729807
    0.368953288 0.424421191 1.55998802 0.0257026553 0.750906765
    1.78805089 0.476596177 0.93786484 -0.281321079 -0.517363191
    -0.323470414 0.434163809 0.882196486 0.0986146927 -0.17487967
    1.48174191 1.39542818 -0.526008487 -0.109313786 -0.197958767
    1.1402148 0.290229976 0.640249133 1.7559222 -0.21945259 -0.183681965
    1.42524266 0.784569919 0.06034863 0.651947558 -0.62048173 1.14322472
    0.67237848 -0.571389437 1.82977724 0.88982445 1.48707569 0.369527102
    -0.269774914 1.04461789 0.076492548 1.36511111 0.888697565
    0.66999644 0.748294413 1.96352267 0.0435660481 1.56134319 0.52525872
    -0.114162564 -0.448972404 1.54850566 0.0617735982 1.47175241
    -0.336776078 -0.648240685 -0.791093826 1.11841881 1.67118812
    1.12298918 1.24338341 1.20458555 -0.265265048 1.18604195 1.83143044
    1.837093 -0.650067568 0.628559828 0.956340134 -0.684812903
    -0.387265325 1.17417622 0.903118253 1.00805879 0.969519317
    -0.786561131 -0.0529384017 1.46544266 -0.0268423557 1.42567503
    0.975579917 1.33414972 0.053093791 -0.619970083 -0.193328679
    1.45440483 1.05041265 0.960650504 0.54491055 -0.35070768
    -0.0916221738 0.647318661 -0.070173502 0.139022648 1.38160205
    -0.0726714134 0.295035481 -0.498313069 0.552152276 1.91780639
    -0.233047128 -0.0262972713 0.906568229 -0.823727489 0.131528795
    -0.657512188 1.20389628 0.283777654 0.588385642 -0.016055584
    0.870333254 0.439605474 0.282072961 0.37740165 1.86096311 1.22062683
    -0.363149077 0.747791946 1.51437283 0.303560615 0.100024402
    1.01572132 -0.401872873 1.16826606 -0.233374476 1.66499877
    1.24634886 -0.373174518 1.74055195 1.12300611 0.492916167
    0.591055572 1.08927417 0.260851145 0.258269608 1.37857127
    -0.629144132 0.285169423 0.888596594 0.204754055 1.89769733
    0.116212845 0.245679855 0.630765378 -0.23195982 1.62430263 -0.308348
    -0.632591367 0.2450791 1.8593576 0.17476505 -0.64783138 1.51190782
    1.26236677 0.239928663 0.0165121555 0.616280496 0.153558016
    -0.0118005872 0.124526918 -0.743828118 -0.517738402 1.40410566
    -0.591407776 0.70271349 1.06707931 0.551685214 -0.0794484615
    0.811319113 0.422133684 0.461945653 0.385614574 1.67324543
    1.13643456 -0.704472363 0.884578884 0.0703690648 0.388713598
    1.78605795 0.0728239417 0.554295182 0.661573946 -0.153759897
    -0.754157782 0.020614028 1.18103242 0.949651837 0.870093226
    -0.185946405 -0.104837537 0.659813285 0.807626903 1.76026201
    -0.545610547 1.28943133 0.13782841 -0.509852052 -0.175162077
    1.70245159 0.166116416 1.46334183 -0.706420243 1.53344285
    0.588168621 1.03351736 1.11156464 0.781069756 0.765460551 1.57591319
    -0.73193258 1.79090655 0.220265806 1.3984127 -0.662662983 1.10542774
    0.124127746 1.20712936 0.0727591515 0.217567801 0.84719187
    0.599884212 -0.350697279 0.575157881 0.189677715 1.21963596
    0.926754057 1.31955373 1.52293968 -0.627880812 0.330136418
    0.820777774 0.963336706 -0.304739356 0.690282226 0.117704988
    -0.695012569 1.29202819 0.339028776 -0.412390709 -0.189353228
    0.0185554028 0.895271301 1.33126831 -0.0723619461 1.47382224
    1.06871295 1.3243413 -0.0300843716 0.864504814 0.238416612
    1.62363064 1.45670509 -0.445763588 1.55204797 0.954746604
    -0.707567632 -0.281031638 0.0412276983 0.397931814 0.777611494
    0.570424557 1.33152843 -0.524110377 1.03171349 -0.00764930248
    0.0957260728 -0.339664459 -0.712632239 1.6295681 0.507348359
    1.63804507 0.00813949108 1.61673045 0.116773129 1.25721705
    0.234780133 1.23366559 0.922971487 0.555077851 -0.536278307
    -0.387598366 -0.215002805 1.11499548 0.173637688 1.13842607
    1.72163272 1.36600888 -0.636578977 0.645969689 1.07797348
    -0.066843152 0.761687994 1.6629324 -0.563321471 1.59381604
    -0.624457121 -0.0435615182 0.0567514896 -0.251918375 0.675505221
    -0.567629039 0.154621422 0.448066711 0.336122572 -0.390824318
    0.440757751 -0.568202257 -0.375927418 0.45337528 0.338198483
    -0.581611037 1.48929942 0.934907913 1.51552176 0.233788967
    0.264990926 1.52026463 -0.391252905 -0.538421094 1.32635033
    1.07689643 -0.641178966 -0.682054877 1.40177655 0.721338093
    -0.129553318 -0.107919753 -0.109176338 0.241166353 -0.0407899022
    0.277364969 1.75343299 -0.015579164 1.07632875 -0.288910389
    1.04216349 -0.717430472 -0.0834692717 0.897881567 0.382060349
    -0.104444861 1.23414087 1.40097284 -0.268118203 1.41893327
    -0.282877803 1.2527566 1.08471751 -0.288477302 -0.677587152
    1.85819364 -0.686180532 0.681496143 0.00448507071 -0.482381463
    1.8782804 -0.135930002 0.949137032 0.18508333 1.28373897 0.265725553
    1.09273171 1.3723495 -0.5656721 0.866781592 0.48181349 1.57204175
    1.3918469 -0.604314268 0.384267986 0.039886713 0.103193283
    -0.525981426 0.532712817 1.23338962 0.681023777 -0.193436563
    0.450295269 1.34381628 -0.06450665 -0.812262654 0.974802196
    1.63972378 0.433814645 -0.369517744 -0.318907976 0.724619448
    0.863195598 0.374120235 0.0144770741 -0.520815253 -0.187159479
    1.6467638 1.15936995 -0.439381182 0.833868265 -0.30624336
    0.967175901 0.630759835 1.57798803 1.69222724 -0.262470603
    0.199075222 -0.0473130941 0.903883636 -0.640166521 0.378089011
    -0.0701794624 -0.0447700024 0.864440739 1.00921714 0.573877156
    -0.253764629 -0.0282000303 0.736940086 -0.18522042 0.477292538
    0.85011977 1.61231661 -0.696964383 -0.837596893 -0.0572745204
    0.317459464 0.68967998 1.08002734 0.931437433 0.389306843
    -0.575598121 1.42247534 1.29672801 0.129067838 -0.29129684 1.4378109
    0.284461439 -0.405038297 -0.521565318 -0.288767755 1.25776553
    -0.708296001 1.5571661 -0.278337717 0.607602596 1.45155573
    1.74627256 1.01842546 1.39353871 1.13967347 -0.256266415
    -0.894082665 1.06775093 1.375337 1.05475485 -0.405731022
    -0.666105926 0.933193207 0.219139934 -0.695210755 0.237689435
    1.58308756 -0.235622525 1.49222946 1.13818789 -0.270739138
    0.915366113 1.46848798 0.350336432 1.42897558 -0.0873165727
    0.978340864 0.857253432 0.82891953 0.984854698 -0.484238118
    -0.594301999 1.67333412 -0.101078689 -0.594390273 0.569070041
    -0.547814071 1.07977033 -0.231448531 -0.156642675 0.0627822876
    1.67064857 0.223072827 0.338107526 -0.109067857 -0.313520968
    0.110749006 -0.347257018 0.413434744 -0.629146099 0.867626846
    0.4148193 1.55326557 0.625991881 -0.767117977 1.27101684 1.37922251
    1.50719094 -0.542280853 1.00942159 1.65887403 0.690467775 1.09367692
    1.20470273 1.40145779 0.421414375 1.08450925 1.15490961 -0.475001127
    1.51393151 0.0808675885 -0.314359397 0.914387584 0.302019238
    0.975805283 0.277634025 0.493641675 -0.729892194 1.28409934
    1.38179195 1.42315769 1.84119105 1.4995352 0.383358538 1.04055309
    -0.260126889 1.90057635 0.0761222243 0.866591454 0.721013546
    1.47987151 0.694210052 -0.589101195 -0.102654219 1.46523261
    0.440287828 -0.65575093 0.0728417039 -0.470915496 1.73910308
    0.25823164 1.27144194 0.162231207 1.75714183 1.56150603 0.0486227274
    1.55653739 -0.712483644 0.528942108 0.182267725 0.0886608958
    1.2354424 0.312485576 0.231968641 0.597469151 0.0255510211
    0.0386962891 -0.106733948 1.53044701 0.373938918 0.297130108
    1.69654679 0.0194597244 1.42585063 1.6375258 1.3630985 1.11932647
    0.902967215 0.483697653 0.617361903 -0.528529644 1.02276278
    1.70481944 -0.0901489854 1.60639989 1.76350677 -0.0588945746
    1.42047799 -0.436714321 1.79477036 -0.479352415 -0.414087474
    -0.51060158 -0.264531285 -0.105623424 1.32241988 0.511477828
    0.889558911 0.484484553 1.30111682 1.20612526 0.147575259
    0.821742594 -0.21441263 1.35106528 -0.623868585 0.588470817
    1.22185588 0.815794349 -0.811441958 1.87327194 1.00735784 1.466501
    -0.715220034 0.640586913 1.62292814 1.08388937 -0.647983611
    -0.46244964 1.4873687 -0.397675127 -0.483947158 0.373813152
    0.257934511 1.40846193 1.49947023 1.08712947 0.0435143709 1.47647762
    0.148441792 0.956929803 -0.258132696 -0.00746291876 -0.531076074
    0.736556709 0.891790152 0.0813898444 0.36723119 1.55153513
    -0.610141993 1.4773705 1.71972096 1.2195065 1.25505686 -0.820385158
    -0.0231468678 0.532986999 1.28010821 1.45531678 0.345066965
    1.19457293 -0.862848103 -0.0995046496 1.50790358 -0.472573847
    0.254095316 0.900615036 0.0536651015 -0.423822254 1.34463716
    0.346471667 -0.691415906 -0.660285234 0.232301056 1.25299311
    0.253038347 -0.198424876 -0.57127279 1.62815857 0.697801769
    -0.508189917 1.81481719 -0.138809144 0.909380555 0.848970413
    0.678097785 0.497995496 0.449381113 0.5420506 1.69045234
    -0.0864518881 1.71816301 0.764362335 1.55618906 1.37360287
    -0.0609810352 0.575667083 1.74544168 -0.134891152 0.482930899
    1.58992219 -0.584120512 1.68299985 1.48546469 -0.71424818
    0.264504313 1.08242214 0.796147346 1.10041094 -0.236524761
    -0.0348270535 1.7809273 1.7895329 0.688997328 1.50268245 0.299466431
    1.25759172 -0.416364133 0.242845774 -0.38635534 1.35019135
    0.814361751 1.70578671 1.26275277 0.321579695 1.73135352 0.557164729
    0.75817734 1.77467036 0.531787097 1.23385 0.175018907 0.19295156
    0.463586211 -0.327011317 -0.258641362 -0.694584191 1.04700899
    -0.409906447 0.373960555 0.663942218 0.110975444 -0.11654985
    0.609862328 0.818573833 -0.59310317 1.11303675 0.0853025317
    0.673796892 0.645080686 -0.393247217 1.08965421 0.135542393
    0.0904293656 0.301106572 0.800660491 1.16429603 -0.031912744
    0.712027073 0.482153833 -0.253824294 0.620900869 0.613581121
    1.53645134 0.0910459757 1.71276104 1.65189838 0.506808043 1.5840379
    0.313457966 -0.246953487 1.71870375 0.310252666 -0.493009299
    -0.223506093 -0.409689814 1.23667431 0.928440332 -0.311715245
    -0.875185311 -0.661934257 0.593866646 -0.421481729 1.64804363
    0.954452813 1.13249373 -0.207494318 -0.696145415 1.55302644
    1.39717627 1.64319849 -0.780703783 0.52315706 -0.472403914
    0.0304058194 0.382161498 -0.824499905 0.0270315409 1.77926981
    0.353795946 0.259903789 0.299140871 0.230946302 0.475077093
    -0.815890014 1.02743006 1.37666166 0.653345644 -0.754199803
    0.436148584 0.568061411 -0.360816658 1.65936661 -0.417532086
    0.679716647 -0.277442873 -0.19154948 -0.164657414 1.22926402
    -0.501111031 -0.713821888 0.848687351 -0.390079707 0.0776215196
    0.843925118 1.75065851 0.437906563 0.248853385 -0.299015224
    0.934286833 0.913616598 -0.235716611 0.259633601 -0.558078229
    0.0182023644 -0.403159529 0.0393029451 0.25028652 1.17819858
    0.921096981 1.34948754 1.23616087 -0.0208818913 0.783402085
    1.22198212 -0.495928347 1.70563304 -0.156671941 0.333439112
    -0.704878211 0.215370953 -0.160157919 0.554171324 -0.0910764933
    1.81086528 -0.597039759 1.91526031 0.926514626 0.405588031
    1.49981081 0.722844243 0.841185868 -0.671564758 0.72914803 1.6233201
    -0.546401858 0.404168904 1.66366625 1.77447271 -0.0668890476
    0.995627105 -0.796351194 1.30724394 1.43677235 -0.617095709
    0.837008417 0.435855567 0.0645006895 -0.387648076 1.4614532
    1.56881857 0.0897593498 1.37136054 -0.724244356 0.820910573
    0.158356309 0.784804642 1.80963969 -0.23337847 1.19478607
    -0.157078445 -0.37062645 -0.389659494 1.23214805 0.421809614
    1.6127317 1.07120562 0.655289173 0.974864721 1.71172833 1.40079856
    -0.723432183 0.237746477 -0.755426407 -0.530617476 1.08628774
    -0.768654108 1.32892358 0.290273011 -0.423245251 0.170488834
    0.930396616 -0.614682138 -0.881567836 1.19807839 1.7323451
    1.26529682 0.799043894 1.5579896 1.64306188 1.40879619 -0.75050956
    1.39321589 -0.475796491 1.14057398 0.501859009 -0.0425053239
    -0.779635906 0.376898289 1.01216292 1.3969059 -0.664459348
    1.30478108 -0.391743839 0.698760033 0.930590093 1.47314286
    -0.458283812 1.47230422 0.476642072 1.3671087 0.457236171
    0.961286962 -0.562935054 -0.370043933 0.153217196 1.56541169
    0.16514343 -0.798528194 1.46164274 0.345648348 1.2818284 0.361128211
    0.0311565995 0.293856263 0.317492604 -0.486836106 0.672247708
    1.32690823 0.824679136 0.990235567 -0.035611093 0.174155414
    -0.129160285 -0.457579911 1.32345104 0.607391953 -0.673107624
    -0.787724376 0.00289165974 0.171787381 0.11716944 -0.0435072184
    0.125949502 1.44248748 1.49685919 1.42650008 -0.449372977
    -0.0201010108 -0.133149981 1.77173018 -0.0262627602 -0.680288494
    1.78088212 0.298331738 -0.520519853 0.408850729 0.974137068
    1.45794916 -0.134849429 -0.331755072 -0.164935827 0.528085053
    1.08322561 -0.833154261 0.0940630436 0.739008188 1.27817583
    -0.501848817 -0.15294981 0.374291301 1.46802926 -0.588445306
    1.47965777 0.58744508 -0.389270604 -0.387285888 1.8829037
    -0.38222909 -0.377677321 0.121104181 1.72026885 1.28865457
    0.208316684 0.557243109 1.40345716 0.907578468 -0.438540548
    0.986938179 0.769906878 0.402882338 0.625221372 -0.485315502
    -0.163431048 0.647641897 1.79659414 -0.0738290548 -0.050971806
    -0.577979803 -0.308993697 -0.419701308 1.25488067 -0.40190357
    -0.180240154 -0.0152226686 1.4652884 1.74796772 -0.12436986
    1.61873651 -0.128894448 1.74462509 0.190639138 -0.298464656
    1.15823722 1.0864253 1.74300039 -0.626534581 -0.342546523
    -0.781567991 1.80207968 0.885465205 1.50402713 0.397028387
    0.146532357 -0.226317585 -0.110228777 1.19789064 -0.440360427
    0.301772475 -0.366944641 0.827485681 -0.411581755 0.361543715
    1.01609945 -0.372701466 -0.258818924 1.56238115 -0.00360321999
    0.361271679 1.37368774 0.962512553 -0.469587177 0.899862289
    -0.340952456 1.71191478 0.366876304 0.770263374 0.127611458
    0.504831076 -0.136088729 0.864663005 1.30512452 -0.0636640787
    1.75854969 -0.705416977 0.273539186 -0.229813606 0.902579486
    1.77615738 0.736603141 -0.169342935 -0.296689004 1.1148994
    1.06346822 0.822264731 -0.787106752 0.829961479 -0.785876393
    1.67475009 0.412445843 0.616850972 -0.173891723 1.26884007
    0.702836037 -0.652818978 -0.180483818 1.17053437 1.00328112
    1.66391277 0.902561069 0.594534397 -0.405529141 -0.428186655
    1.44466031 -0.359070271 1.90341258 -0.440936089 -0.196636438
    -0.483178139 -0.430089474 0.709409952 -0.435380369 0.348189354
    0.666308343 0.663082838 0.964575768 -0.213267148 -0.271714985
    -0.624757588 0.347776413 0.337755859 0.38172543 0.453989506
    0.531957924 0.617584944 0.144076467 -0.241127133 -0.187361479
    0.455840111 1.23540843 1.17171955 1.17364836 -0.28069526 1.40736437
    1.59689951 -0.734751046 0.816901743 1.55609655 -0.514513969
    -0.515605986 0.0116847754 0.197722614 0.630239308 0.520622551
    -0.134152532 -0.431284368 0.631587982 0.975743294 1.65990734
    1.78681195 0.301120281 0.178300679 0.223305047 -0.907668352
    1.25753629 0.960010529 1.55751348 -0.699013233 1.54016888
    -0.0524510741 -0.0550630093 0.823485136 0.0442251563 1.26863921
    0.0985248685 -0.355650723 0.234028995 1.51057279 1.22807825
    1.64113283 1.10045481 0.316294134 1.13356614 1.09389329 1.71568251
    1.25038218 0.713117838 1.6956048 -0.495261192 1.65975404 1.20267677
    1.44496381 -0.567409158 -0.441217571 1.3514837 1.78285384 1.48289132
    -0.242364228 -0.750654995 -0.0957320333 1.45528221 0.612008154
    1.11656189 0.292363763 1.70412242 0.651849389 0.618609667
    -0.637413502 0.195655107 0.549791634 0.0279129148 1.17792535
    1.05264366 0.252800167 -0.457136452 0.441867948 1.11019611
    1.51006031 0.146739542 1.05590391 1.48114729 1.64898968 0.59474951
    0.322198212 1.40608299 0.0968114138 0.776032329 0.291471124
    -0.510189474 0.244353771 -0.284488678 1.61830926 1.00341833
    0.359266281 -0.785649776 0.385397673 0.784165978 1.0514257
    -0.482637107 1.50023782 1.24150538 0.600701928 -0.153884172
    -0.332585156 0.624251008 0.782049417 0.64169848 -0.00481432676
    0.918409228 1.27130628 1.01537108 1.21771777 0.613848805 1.62229526
    0.252078533 1.44577408 0.732768357 0.704631925 -0.116956592
    0.903186262 0.458582222 -0.0084040761 0.104468763 -0.571079373
    0.0793301463 0.245113552 1.63777852 0.0677884221 1.0222584
    1.43739784 -0.451928347 1.14046955 -0.0985443592 1.79860139
    1.18722928 -0.615436316 -0.593785703 1.81352365 -0.628775656
    1.16400516 0.439995527 -0.766158581 -0.810892522 0.479814589
    1.39434648 0.869384885 0.051312089 0.762302041 1.10307932
    0.123214483 0.598479331 0.851477206 1.47702479 0.994612992
    1.82588887 -0.337273389 -0.766763508 0.271607995 -0.622294188
    -0.081223309 -0.49668923 0.577234745 0.0417374969 0.923853517
    0.263548851 1.64815378 -0.0151720643 0.86459583 0.141000867
    -0.661966324 1.66176128 1.05770004 1.43218493 -0.277204394
    1.83842468 1.91751051 0.87669158 0.229599476 1.35374629 1.53492355
    1.13534975 1.04376745 -0.281055391 1.47664666 0.385375142 1.6750493
    1.22176456 -0.567498565 0.672082603 0.228685617 0.00563555956
    0.38729459 -0.420374781 1.64381742 1.49343503 1.61602068
    -0.702022314 0.579201519 1.21451449 0.978757858 0.987764835
    0.385266304 0.0690128803 -0.0220310688 0.724644005 -0.555585623
    0.090526104 0.433566511 1.4301976 1.11353326 -0.470145643
    -0.32411921 0.411979377 0.383024395 -0.468345463 0.760197997
    0.818295956 -0.825410783 -0.15520668 1.3823638 -0.532157898
    0.322676241 1.63780522 0.0893614888 0.929626763 0.164810896
    0.513883054 -0.0137882233 -0.0353522897 0.128413856 -0.228460789
    0.459867537 1.43275523 0.019475162 1.20559204 1.77719665 0.429474533
    0.228197157 1.50753808 0.292033613 0.108437598 0.663116872
    1.00974154 1.71730292 0.745634675 0.551579773 1.5280757 1.66037345
    1.29424989 -0.565515637 -0.198364317 0.816562057 -0.382913142
    -0.289645076 -0.38202554 -0.352166384 1.10221767 1.54111326
    1.3434484 0.576785088 -0.234936297 -0.680072427 0.20041132
    1.24911904 1.25390887 1.0214864 0.142371118 -0.459590137
    -0.540219486 1.31218088 -0.648810208 1.4057864 -0.426605999
    -0.605011344 1.71489632 1.66964531 0.617809534 -0.220633328
    1.10086751 1.56953073 1.50993884 1.24408054 0.340814352 1.70116472
    0.441656351 0.869024754 0.864350736 -0.327254653 -0.0427927375
    0.479641438 -0.477075309 1.87713885 -0.372826099 -0.0373132229
    1.34455299 0.365463376 0.881418586 -0.705159545 -0.663155854
    1.81412673 0.276582718 -0.865180969 1.10955787 1.58880484
    0.650681555 -0.494708747 0.035292089 0.781104207 -0.634553313
    -0.569416583 -0.477383554 0.364728153 1.72900414 -0.451999992
    -0.107474208 -0.434862316 0.765613973 1.3614254 0.930544555
    -0.0736446977 -0.172773898 -0.508081973 0.655283928 0.388638139
    1.43968117 1.3394047 0.389761686 0.836705208 0.0347831249 1.48980713
    0.516704559 0.52504319 0.472124934 0.848827004 0.397993684
    -0.878909409 1.1181891 0.374789357 0.128741145 0.715754449
    1.70397019 0.0773934722 1.01025128 -0.531252801 0.945301771
    1.24314141 -0.386764705 -0.278327465 0.0773565173 1.11622143
    0.161571443 -0.567344308 1.0134263 0.0923541784 -0.269830346
    0.72882545 0.778589964 -0.637682319 1.56874859 -0.293855608
    -0.290426493 1.01442337 0.21390903 -0.283301651 0.798100591
    0.388009429 -0.383137047 1.04274058 1.60130262 0.566215873
    1.39350176 1.36824012 0.0351776481 -0.651185751 1.75488138
    -0.711938918 -0.00855594873 1.72390103 -0.131836534 0.962178409
    0.0825572014 0.627330482 -0.268213212 -0.210190237 0.709383011
    0.175575733 -0.092618227 0.503241181 -0.772348046 1.19677734
    1.13272297 0.200360358 -0.091599524 1.13240194 0.0892931223
    1.29341936 -0.118942976 1.06052494 1.1348834 1.51125085 0.204384625
    0.279890776 1.31297469 1.32215405 1.36465216 -0.475017399 1.35981071
    0.392684221 -0.286741912 -0.246397316 -0.0670431852 0.255237877
    -0.171877265 0.470779836 -0.0519786477 0.598552704 0.798525751
    1.63290668 1.30329967 1.18962073 1.03457952 0.691970825 0.627649844
    0.803403318 -0.150718808 1.12537575 -0.746563435 1.16612816
    0.79789722 2.16932511 0.543378532 0.81892103 0.191003382 1.69257832
    0.120416164 1.41928113 0.405670822 0.689733684 -0.311295748
    1.21216297 0.276120484 -0.281176448 0.0592683554 0.857192218
    1.77716875 1.4422946 0.0510432124 0.622728944 -0.0110179782
    -0.790740073 0.903133869 1.22561526 0.0934847593 -0.0301277637
    0.151849329 1.03999889 -0.463118613 0.589327633 -0.454943746
    0.314344287 -0.357837588 1.58715248 0.795256495 0.267198563
    1.20006716 0.924414515 0.728587627 0.415452898 0.407493174
    0.579762876 0.669094265 0.28104049 0.984826863 0.86459142
    -0.388752639 1.10570884 1.64529514 0.524732292 0.853776872
    0.891445041 0.317143917 -0.73639822 1.10893464 0.501553416
    0.266711771 1.71050239 -0.687515974 -0.46841687 0.31111455
    0.74122417 -0.0797880292 -0.327561021 1.1730032 0.0792842507
    1.69061494 1.77764559 -0.352682114 -0.439124495 -0.557554483
    0.924577475 1.17984223 -0.0546591282 -0.949152231 1.44992137
    0.43422085 0.556433856 0.52701658 1.65786934 0.570703626 0.764484584
    1.35359645 0.515099227 1.05485749 -0.170688629 1.08684134 1.22330201
    1.11065125 0.169002712 -0.000548958778 -0.232609808 0.374839127
    0.643537521 0.259383321 1.21007037 1.00645065 1.195333 -0.0721601844
    -0.0701562166 -0.347213537 -0.74838835 0.878725529 0.589534938
    0.404878676 -0.105262041 0.185223401 1.19507384 -0.454299629
    0.438846111 -0.676619768 0.930656314 1.00374818 1.59243488
    1.49350476 1.26743448 0.131106675 -0.318792999 -0.799144566
    0.816032887 1.16732979 -0.194758475 0.112820268 -0.509671211
    1.57480717 -0.381421596 0.451590657 0.140326381 0.458061695
    -0.312071979 -0.656764388 0.830771565 -0.902926922 0.960081935
    0.694419563 1.6624372 -0.686774075 0.107886195 0.303472698
    0.112052679 1.72991538 1.48146307 -0.236677408 0.481830001
    -0.465013295 0.826992452 1.63391685 0.155667841 -0.666181445
    -0.749856353 0.299698353 -0.133919656 0.354181111 1.64251018
    0.520756543 -0.660090029 -0.59216851 0.149771452 0.370235741
    -0.744088292 -0.657951951 -0.503450871 -0.640119493 1.31279933
    0.928999066 1.41042113 1.14790118 0.194842875 1.3733933 1.4240607
    0.856655657 -0.733279169 0.414924264 0.956528902 0.780440152
    -0.475055188 0.538028657 0.270514429 -0.60450536 -0.0369593501
    1.57736099 -0.759191632 -0.205463767 -0.321132511 -0.242054164
    0.32751894 -0.744610429 1.68494272 1.35848045 0.366917491
    0.962073028 -0.108928978 1.34441209 0.0604485869 0.165384352
    0.79126662 1.33222795 -0.451321185 0.487181544 0.323550403
    0.311878681 0.910523057 0.161050141 -0.0938409567 1.35968554
    1.16372204 0.944439292 0.848833263 -0.779936075 1.83421063
    0.414958358 0.412321091 -0.487708032 1.02618003 0.456545174
    0.816062987 1.11615551 1.37730885 0.681347787 0.297336638
    -0.100746334 0.949414551 0.157509983 -0.181604862 1.1916914
    1.68705535 -0.013884604 0.131882787 -0.782085896 0.874205947
    -0.0792675614 1.17956221 -0.98785913 0.184122264 0.111886859
    -0.498448521 -0.182746053 0.161451697 -0.628469586 1.23173285
    1.05011415 1.82570505 0.0569584966 1.39759099 -0.684520364
    1.00625062 -0.128298402 -0.379829884 0.835768759 0.745981574
    -0.0231134295 1.10132015 0.783863008 -0.64599818 1.60476089
    0.362175822 0.20116353 0.92881614 0.417392671 0.290816963
    -0.302559257 0.812581897 1.29271007 1.36628616 -0.162387133
    1.79859257 -0.561368108 1.80579007 0.834792197 -0.574809313
    0.0537310839 0.213788569 -0.476688266 0.679656267 -0.406419724
    -0.275946796 1.22066283 -0.334617794 -0.297711194 1.4674871
    1.66884089 0.237065792 -0.261511207 1.53347564 1.65623879
    0.105558634 0.207144618 0.273534656 0.777650297 -0.707464039
    0.0565917492 0.0683885217 1.36791635 1.64021754 0.128123343
    1.75738549 0.00779157877 -0.488270253 0.794425666 1.1407876
    0.240465045 1.68147373 1.51960409 0.40789628 -0.781040013 0.30220443
    0.895424545 1.82541752 -0.490615487 1.45157051 -0.151353478
    0.456723094 0.750757515 1.1039561 -0.223815501 1.21531773
    -0.0792420506 1.3305037 1.10506582 -0.580579162 -0.605589509
    -0.104223132 0.330036521 0.0807361603 -0.190112472 0.362499356
    1.24884903 1.27870858 0.313928962 -0.714290857 1.60936475
    0.380822837 0.675834894 0.799861193 1.03001451 0.367728233
    -0.702979684 0.627681315 -0.00342071056 -0.762901545 1.55752134
    0.562600911 -0.185757101 -0.575679243 0.642839134 0.134350479
    0.468792975 0.857304633 0.160558105 1.696648 -0.441274971 1.31599116
    1.32219672 -0.0170134306 -0.710746229 1.65564561 1.68067133
    0.777319789 0.649489582 1.25778365 0.0161232948 0.988407612
    0.955827236 0.636037827 1.4080373 0.974998057 1.69026625 0.990940154
    -0.0770719051 1.13373995 0.559180975 0.0222119093 0.730917692
    1.7668035 0.268006206 -0.548140645 -0.126105368 0.132593989
    -0.239470303 1.50212097 1.61419201 -0.705657125 1.8290925
    -0.305152774 1.44690359 0.968019903 1.69193125 -0.65473175
    0.987022042 1.20960534 -0.878077209 1.01410007 0.132318199
    1.50628948 -0.723551989 0.288707733 0.447000444 1.76754212
    0.69397366 1.20817554 1.58141923 1.42665958 0.22811377 -0.774228811
    1.64410222 0.459705234 1.83485842 0.694642484 0.184684753
    0.602729678 -0.139644086 1.27418303 0.432706177 1.66517353
    0.893994629 1.53372979 -0.106016815 1.76912701 0.836123228 1.2651372
    -0.543023884 0.223190308 0.903068364 -0.906894505 0.646719396
    1.12103105 0.0811756253 1.08343267 -0.188814163 1.83392286
    -0.0798085928 0.580910802 0.464927971 1.50714397 1.20490503
    -0.832062662 1.51437104 1.17262721 0.789160848 1.53886032
    0.748364568 -0.558010697 -0.80136925 1.08845639 1.40251112
    0.77932483 1.28159809 -0.217622638 -0.0869603157 1.35465384
    1.71965766 0.0857752562 -0.152792037 0.36660099 -0.352851152
    1.27734005 0.187418163 1.43633866 1.38814425 -0.59690237
    -0.178217828 0.567520916 1.85135341 1.42382157 0.899504542
    -0.137476981 0.470732927 -0.434569538 1.63710845 0.464449644
    -0.559227824 -0.128538966 -0.549082458 -0.0177242756 0.347732484
    0.449712098 1.64267373 0.00967657566 0.448660731 0.425994337
    0.732483983 0.692026913 1.20583236 -0.645008564 1.55094981 1.3921684
    0.778483629 0.985139728 0.80350709 1.60086298 0.957523048
    0.256908655 0.155387163 -0.302366376 1.64862645 1.47899032
    -0.494026273 1.13443613 0.668994308 0.874606669 0.128592074
    -0.279771566 -0.735004067 1.64495444 1.64915967 -0.369374335
    -0.502203941 1.32632756 0.0849491358 1.07712376 1.31204164
    1.41954553 -0.228871524 0.927038193 2.00902796 0.115977526
    -0.638206363 0.625989854 0.232550204 0.664631367 0.486629248
    -0.538462996 -0.0616666079 -0.52216363 1.7394762 -0.490928203
    1.07536292 0.850325823 -0.358754873 1.66998208 0.827162862
    1.29610372 -0.494675994 1.36121893 1.3517071 0.120237589
    -0.466476262 1.35025263 -0.00527697802 0.0758054852 1.71536756
    1.13269234 0.120052099 0.552472651 -0.610834241 0.465767801
    1.27558732 1.48764348 0.628050685 1.47254407 0.767071307 0.855466247
    -0.460906506 0.865229785 -0.684222102 1.17890334 1.37002659
    -0.614350736 0.8454023 1.09433627 0.715478659 -0.510119796
    1.13883126 -0.347440332 0.445084989 0.156569123 1.79935014
    -0.488910705 0.27392441 0.709469974 -0.389668733 -0.376859605
    0.689715326 1.34662652 -0.00979560614 0.996150255 1.34845304
    0.918580949 1.68535471 0.344301343 -0.406760424 -0.321800739
    -0.384853929 -0.853299379 1.73358297 1.46457672 0.361126423
    0.67674464 -0.454302639 0.112210214 1.1799736 -0.677407742
    0.952324033 0.487447262 1.00803113 1.0036025 -0.0524739623
    -0.584033251 0.728837073 1.479424 -0.013215065 0.676268816
    1.25168395 -0.0377019048 -0.808899522 0.870724201 0.487692237
    -0.104019046 0.0437471867 1.32476044 -0.133741438 -0.450317711
    -0.246048987 -0.502614379 0.791652918 -0.418281019 -0.485025734
    1.66576195 -0.125179768 1.21872163 -0.558668375 1.78564155
    -0.8186602 1.01154876 -0.692260265 -0.606543541 -0.130901515
    0.724114358 -0.0931727886 0.328571796 1.7853384 1.00681162
    0.855056465 -0.666876137 -0.434590757 1.59645605 -0.65362829
    -0.473655999 1.16824961 -0.601963282 1.40460265 0.827657878
    -0.729791641 1.15924001 1.45134699 0.749313116 1.54402554 1.08365643
    0.301250398 -0.735130131 0.976891935 -0.563505828 0.683312595
    -0.403113276 0.433914483 0.226688623 1.43618822 1.39970803
    -0.851030886 -0.422003895 -0.438946903 0.0754480958 1.03052676
    0.727132022 -0.605543375 1.71971703 0.478034735 -0.160804987
    1.16907811 1.47198772 -0.233469903 1.36247349 0.632576764 1.15610123
    -0.416432679 1.27635956 -0.803169131 -0.539333105 -0.506087422
    1.17822528 1.1710279 -0.23393631 1.13690782 0.354240537 -0.754980147
    1.20876455 -0.822244644 1.64174044 0.976190329 1.15564156
    0.360270381 1.52089763 1.39438152 1.13058305 0.962845922 0.502194703
    0.636978924 1.5506041 1.29530311 1.34003341 1.34603953 0.962065637
    -0.00436735153 -0.0256294012 0.241856694 1.35552335 0.961001813
    0.640384078 0.853271008 1.14518881 -0.122181296 1.50746942
    -0.67694962 1.24405873 0.848491907 0.112648666 -0.504754543
    1.48656201 -0.626034915 1.8417213 -0.445959061 1.64828408 1.00025153
    -0.482095361 -0.0537077785 -0.699460745 1.18347085 0.40515554
    0.764481962 1.55829871 1.31886756 0.713157535 -0.171432734
    0.225652814 1.5820756 -0.619373262 -0.892594278 0.304959536
    1.33388245 1.30883896 0.223037124 1.35669827 1.26520252 0.878021598
    1.17791677 0.988209724 0.930690885 1.6262033 -0.3043136 1.27488005
    0.182149351 -0.150767028 0.446017504 -0.280081153 0.577979743
    0.0238587856 0.852863014 -0.639104128 1.59159064 -0.597246766
    -0.146902442 0.355523229 1.27059388 1.7939378 0.0554859638
    0.740259171 1.19777369 -0.472400159 -0.264629662 1.32086778
    -0.13959837 1.32434559 1.69027102 1.74755383 1.60335994 -0.716775537
    0.791705668 1.06888747 0.891536236 -0.530811727 -0.749418139
    1.14761734 -0.0696915984 0.0997876525 1.14928854 -0.111760974
    0.214935482 0.935663164 0.890694678 1.77360392 0.26914835
    -0.30489704 -0.157802045 -0.59290415 0.9654333 1.79487801
    -0.705934644 -0.609747469 0.83822006 1.39250994 0.0221450329
    1.88484907 -0.314241052 0.324335635 1.31738353 0.270696998
    -0.80756247 0.208012819 0.368109047 1.85283303 -0.268858135
    -0.198478103 1.52775431 -0.491231263 0.0572375059 0.931332707
    0.698005974 0.272646785 -0.720236778 0.444836617 -0.176032484
    -0.523973107 1.31716681 0.89370352 -0.431506962 -0.0184851885
    1.80102277 -0.22856158 1.04850125 1.38395309 0.902129173 1.05412245
    -0.171543419 1.55816197 0.843543231 0.127357125 -0.30697757
    0.27462256 0.648540795 1.63680863 1.49654806 0.599595547 0.156579137
    0.81778717 1.40631795 0.251932323 0.81570971 0.374672472
    -0.660229385 -0.363436878 1.5010128 1.46968532 0.502028346
    1.08128345 -0.282953203 0.974367857 1.27889156 0.636775315
    0.795090199 1.29345441 0.311738491 1.57024288 1.32781065 0.257070184
    0.176144838 1.75957811 0.61022234 0.554822862 1.13938415
    -0.183519542 -0.347635537 -0.373685122 -0.263931036 0.228932202
    0.912426472 1.01029444 -0.000572443008 0.840416193 0.52873081
    -0.639189243 0.912218213 1.12793529 -0.63975668 0.821715236
    1.79137254 1.74060988 0.886620522 -0.473744094 1.17816949 1.84667349
    0.170609117 -0.337350667 0.567696631 -0.625278831 1.34735525
    0.352918327 0.944614172 -0.331712604 0.527667582 0.457736909
    1.21648419 0.702455521 0.105964184 1.0828526 -0.603938222 1.28780007
    0.857908309 1.49386883 0.466092706 -0.612980723 -0.720881581
    0.698821843 1.09814072 1.10393691 0.270994663 1.52376497 1.2800324
    0.764490008 -0.150163293 1.43622959 0.91283536 0.914137065
    -0.346066356 1.05918121 -0.342643529 0.227341533 0.366784513
    -0.1673159 0.455943644 0.158366084 1.21112895 0.860404611
    0.578918636 0.762123287 1.61943805 1.34105635 0.673593819
    0.808376074 -0.562608182 -0.784125209 0.586759448 1.55997407
    0.313378632 0.573593378 0.146617532 1.30272186 1.67209625
    -0.615387022 -0.810520947 1.36407375 0.315720439 -0.520522714
    0.0145996809 1.76951003 -0.395782888 1.1836251 -0.790026188
    0.746790528 0.524576247 0.315904856 -0.0779312253 -0.634532809
    -0.683564842 0.508904338 1.67235565 -0.132512391 0.437267303
    1.95943463 -0.684692383 0.0323438644 1.07330918 0.674429119
    -0.307429552 -0.587515652 -0.127846837 -0.240662038 0.231224537
    0.246977448 0.996999979 1.59529948 1.72023082 1.56165075
    -0.610605836 1.84764361 0.165221393 -0.610300004 0.667794526
    -0.643477321 0.839590788 -0.441571355 1.17552972 0.601865232
    1.57246113 -0.37933588 1.5396626 1.37262058 1.0694381 1.49340606
    0.997569084 -0.725974679 1.3474617 -0.807706892 1.130072
    -0.484136075 1.28379226 0.913383007 1.01983094 -0.401164174
    -0.709111571 1.0549345 1.60861313 0.909014285 0.933623195 1.26217842
    -0.792319953 1.22482085 0.239829719 0.588903189 -0.794926763
    1.05403173 -0.52688098 1.76370335 0.950140357 0.330873787
    -0.0516874194 1.52664828 1.83726907 -0.231946319 1.82227421
    -0.579015017 0.651073813 0.400574863 -0.532364905 0.213352799
    0.774218619 1.14286816 -0.217183411 1.11936259 1.40548372
    -0.726696491 1.2644521 1.63106394 1.10757113 0.730270445 1.25458407
    1.72738385 -0.388945013 0.197726309 -0.240869135 -0.0729527473
    0.513150394 -0.23684603 0.104840219 0.588908732 0.839152038
    -0.380694032 -0.256636918 0.767910421 -0.521762848 -0.408049285
    1.25013638 1.63516641 -0.114588082 -0.641432822 1.79736233
    -0.494549006 -0.606833935 -0.122096717 1.37739921 1.21842122
    1.76615822 0.738571882 0.300133049 -0.228115916 1.62291539
    1.65778387 -0.609694481 -0.509864211 0.783489287 -0.750835598
    0.782707214 0.849600017 1.25948894 0.429951906 -0.635542035
    0.122614264 -0.0186643004 1.63996506 1.10559583 0.418035388
    0.598642111 1.21351147 0.0322296023 0.110752165 -0.151352227
    0.879290581 0.93562454 -0.689508736 0.728614151 0.104626775
    1.32308269 0.764008999 1.45488906 0.399205625 -0.23654598 1.47774339
    1.21225309 -0.320408106 -0.265020728 1.41611052 0.303744555
    1.16104674 0.703447402 1.39874256 -0.267850757 1.12371111 1.52618313
    -0.306005061 -0.527994514 -0.500434875 1.3575238 1.29857576
    -0.468573362 0.063071847 1.03010654 1.19235849 0.426495194
    -0.289650172 1.11007547 0.33841449 0.176092446 -0.217309177
    -0.0490368009 -0.00644594431 0.942805886 -0.198158681 -0.204832792
    -0.217502296 0.45117563 0.514515936 -0.818980157 -0.324948609
    0.68575573 0.607554317 0.441435158 1.28637815 0.982912838 1.42821753
    1.5616405 0.756474316 0.502467752 -0.416653693 -0.109305263
    -0.766765535 0.6381917 1.29653573 -0.734010398 0.130787849
    1.65121472 1.55859077 1.19061184 -0.762939155 0.476397395
    0.840331435 1.6978029 1.37060678 -0.293368936 0.82534945
    0.0378870964 -0.53902632 0.847334325 1.31388652 -0.881780207
    1.75272989 0.669497967 1.14559317 0.310496807 0.899553835 1.29557133
    0.157844841 -0.685966432 -0.127671897 0.448215306 0.690528512
    -0.751028001 0.819612145 -0.127609193 1.48478866 0.0588917732
    1.23796654 0.629833817 -0.117029071 -0.376629412 1.55070496
    -0.733302712 0.699781418 1.54578018 -0.410675168 0.329423308
    1.48505378 0.581258118 -0.0807312727 -0.54122138 1.09115624
    0.236015797 -0.384694576 1.71435952 -0.39107883 0.159765542
    0.0446717739 1.42829728 0.245864391 0.53435576 0.553229809
    1.17946005 0.972422183 -0.723133743 -0.455073863 -0.410138309
    -0.417432189 -0.251618207 0.087875247 -0.392836034 0.534775734
    0.433820665 -0.038361907 -0.544273138 0.151498616 -0.586458623
    0.300130308 -0.409359336 0.898940504 0.529144406 1.29902148
    0.69753933 -0.692162454 0.567044616 -0.625006855 1.0750351
    1.11704659 -0.0845012665 -0.678566992 0.268844664 1.00242603
    -0.733277678 1.2353617 -0.856583416 0.441799045 1.47195458
    1.42997563 -0.291102767 -0.249244392 1.46144021 -0.22071898
    0.191205144 0.451502323 0.818014562 -0.510548115 1.15200102
    1.75823879 0.190169573 -0.868884563 1.18387222 0.862832189
    1.39161873 0.776571691 0.385546803 -0.109351277 -0.632291496
    -0.407400012 1.16795218 1.54029667 1.00200129 1.49375355 1.54756749
    -0.182539582 -0.469596475 -0.483734578 -0.348595738 0.159988463
    0.354532838 0.200010151 0.457576931 1.37801433 -0.00629729033
    -0.712371826 1.1305306 0.124087214 0.213945091 0.0798916221
    -0.214951813 0.65509361 0.69642204 0.595549285 1.22454095 1.8088069
    1.26334381 -0.450223029 1.60737872 0.467559159 -0.101529658
    -0.647578299 -0.536474884 0.786399066 1.00663948 1.02213001
    1.04133558 0.75158 0.27297318 -0.480325431 1.3656671 1.41778541
    -0.249733448 1.4758997 1.80542111 0.638713777 0.81669116 0.226963162
    1.4809885 0.225837886 0.808080137 0.397039771 -0.0911075473
    1.51437724 0.654074669 -0.597655118 -0.0939365625 -0.871077776
    0.458332539 0.988231421 -0.339557946 0.964226425 0.657350421
    1.11779785 0.137047172 1.54761469 0.26900363 0.897738039
    0.0055437088 1.81770277 -0.477888077 -0.392988443 0.0231072307
    0.975926578 1.05800986 1.19503939 0.139323115 1.11784768 1.76185465
    0.100129426 1.83170152 0.0657872558 -0.0601222515 0.79473865
    0.138486624 -0.390494704 1.44359398 1.20163953 -0.71107769
    -0.665610194 -0.460586399 -0.371381968 1.54626405 0.877897561
    0.551624 0.0352156162 1.66715991 -0.317394495 -0.824500382
    -0.017161727 0.451603949 1.079741 1.06097806 1.53500652 -0.70118773
    -0.288192034 1.30187106 0.253569365 0.403689384 1.72057784
    -0.435916722 -0.500237405 0.00543767214 0.549084306 0.967139721
    0.785613298 -0.595935166 1.11643076 -0.437147111 1.19335341
    -0.082777679 0.22424072 1.50521851 0.0397759676 -0.0390909314
    0.447235465 1.7711606 0.560162544 -0.625781596 1.71319079
    0.317024946 -0.829597712 0.122371972 0.442599535 1.6244545
    0.181518018 0.661013901 1.52338266 1.3758111 0.698740423 0.258487344
    -0.117792487 0.605889678 -0.289994836 1.32301307 1.13769054
    1.3534888 0.316687167 0.0346589684 1.18701982 0.557820976
    -0.740299582 0.778547406 1.58218718 -0.471439987 -0.422916114
    1.45509553 0.0685632229 -0.59212029 0.78545022 1.53260028
    -0.666015148 1.71967125 0.245509446 1.37127709 0.177443981
    0.498393774 0.414834976 1.55601263 -0.0205779076 1.58315063
    1.02803552 -0.770218968 0.77277714 0.912625849 0.962676287 1.5506382
    0.710945547 0.0714433193 0.560907543 -0.0761555433 1.06514311
    1.58268225 1.38901687 0.975879371 1.14117765 -0.527436018 -0.5695436
    1.39868116 1.8053925 -0.431198061 -0.53398633 0.994947433
    -0.584314227 0.426335812 0.163371027 1.60943079 1.16281116
    0.471266925 1.35290563 1.01873934 0.519955754 1.54815876 1.33771253
    1.67126513 1.46429598 -0.27749303 0.907039046 0.527062654
    -0.616760433 -0.63613826 1.26593232 1.31585217 1.07061696
    -0.66125375 1.28957152 0.146890461 1.6486764 1.63686073 -0.197826743
    1.2662189 -0.333490103 0.180087686 -0.274729311 1.3727932
    0.701871574 -0.54751718 1.14049792 1.08931732 0.141269565 1.80327153
    -0.311058223 0.613873541 1.67653835 0.501485467 1.63119769
    0.795426667 -0.161766708 -0.413829386 1.68418264 -0.654669642
    0.402118027 1.02546048 0.223158062 1.46348333 1.40576792
    0.0625530481 0.184678912 1.43628049 1.66892648 1.62430573
    -0.319817543 -0.210921705 1.7543211 0.839991331 0.531050742
    1.55015934 0.847562432 0.445411444 1.56656849 0.453199267
    -0.407816917 -0.419333488 1.24541044 0.931660652 -0.421088398
    0.331863701 0.875147283 -0.428172112 -0.603080392 0.926513553
    0.189742208 1.29007721 0.865818143 0.169736564 -0.552638888
    1.62251949 -0.0720373988 1.79251695 1.69669998 0.755401075
    -0.7186988 0.0923958421 0.0377965569 0.452552974 -0.700877547
    0.338043511 0.346888423 0.657282293 0.250653505 0.157176852
    -0.0458610058 1.36020875 0.138065636 -0.832614303 1.0413866
    -0.734771669 1.11985946 -0.458169162 0.911588252 1.14000916
    -0.517986417 -0.81711036 0.884050488 -0.58995223 0.620387375
    -0.58072722 0.4006567 0.810726643 1.40009379 1.67962122 0.0446956754
    -0.424024493 1.0013212 0.67111516 1.04172659 -0.655063868
    0.742879629 1.19491804 1.53354418 1.05584693 -0.35605526 1.589293
    -0.262897253 0.0809003711 -0.448652029 -0.116932809 1.54638219
    0.570722878 0.704820812 0.774724543 -0.650257826 0.740789533
    0.519773722 1.04767525 -0.40285483 0.0350341797 -0.23431778
    0.942888498 1.48650861 0.406258345 -0.591579616 1.82637954
    0.0270228386 -0.438218802 0.110829115 1.21149337 0.388459086
    1.26611733 -0.794978321 0.207747281 0.190405667 0.0606501102
    1.23899102 1.62943125 0.12000519 0.150246501 -0.602843404
    -0.744262934 0.70992142 0.934312105 1.14119339 1.40580297 0.77388984
    1.31360602 0.427894115 -0.0731580853 0.96979332 1.0316565 1.49213839
    1.56605148 1.72164631 -0.556191862 -0.647969306 -0.553705335
    1.88761318 0.733492851 1.14724064 0.212666392 0.593751073 1.00836146
    -0.38868165 0.771137476 -0.700980783 0.711445808 0.567049742
    0.960802555 -0.746209681 -0.533515394 1.51984191 0.4046942
    -0.760954559 0.146104753 1.2882942 0.532884598 1.51121283
    0.798321247 -0.777013004 1.48206472 1.51210856 -0.730819702
    1.32297063 -0.22949475 -0.00752031803 0.351862311 1.75416958
    -0.0451231003 0.8616485 1.45762682 -0.873109579 0.558300674
    0.451281011 1.22173929 1.4201721 1.58163333 -0.579543531 0.41707319
    0.33591789 1.44835353 0.801967502 1.82620752 -0.181723356
    -0.0662082434 0.28477782 -0.672892332 0.633745074 0.334735751
    -0.336805761 1.5979867 0.391137242 -0.598446727 0.063863039
    1.50650764 0.407647073 1.74321818 0.641952038 1.02801013 0.893183708
    0.232374012 0.357838511 1.34172559 -0.603455663 1.75800681
    0.863539815 1.52263308 -0.353735566 0.922366321 -0.533354163
    1.3963294 0.987951159 0.110975683 1.07411897 -0.535827994 1.24538982
    -0.556546926 -0.147804618 -0.0153145194 1.17380214 0.305800259
    0.0996506214 0.413952947 1.31360364 1.20926499 -0.0347594619
    1.56417286 0.31892556 0.188124537 0.701743186 0.280993462
    -0.116015971 0.754427552 1.3240726 -0.477205157 -0.372329175
    0.835507035 -0.143318653 0.530624807 0.819887638 -0.164734781
    -0.116937339 0.27253139 0.757814229 -0.214544713 1.73881435
    0.293203235 -0.610766888 -0.659253895 0.623458505 0.727500558
    0.403271496 0.0391303301 1.48501754 0.556758523 -0.208619416
    1.42263949 0.0409216881 0.553866863 0.679848731 -0.478930801
    0.417131901 0.668094754 -0.827207148 0.859880984 -0.663457096
    0.388479352 0.392372012 1.62638569 0.544613123 0.167399228
    1.08263087 1.55706859 0.844070256 1.39896917 -0.564571023 1.66667652
    0.327884018 -0.02702564 -0.399118692 0.860048473 0.388112426
    0.474606693 1.2314887 1.17160189 1.26571512 0.465145409 1.89073014
    1.22788405 -0.680687666 1.7216109 0.635249794 0.233516037 1.41283882
    1.02571487 1.29701376 0.731336534 -0.305121362 -0.191436648
    0.231926143 -0.407551736 -0.0234695077 -0.633155584 0.717283726
    0.5443362 0.741827011 -0.607416034 -0.227370679 1.51541686
    0.73635298 -0.611064315 1.64592314 0.78083992 0.311912596 1.66231906
    -0.819696486 0.647114158 -0.236809015 0.546044528 -0.00723081827
    -0.161607146 0.144014001 1.21075773 0.28840214 1.52541101
    0.626958013 1.35772598 0.79222846 0.375049591 0.259866834 1.27725196
    1.50359011 0.480138421 -0.0412669182 0.723336458 1.53930509
    0.983604908 1.50106895 -0.24433589 1.47303438 0.74658221 1.38084888
    0.519867837 -0.235335648 1.65908802 -0.0467207432 0.0981021523
    0.374570787 1.45614409 0.069804728 1.16116428 -0.483919889
    0.833291113 1.30838513 1.18341792 -0.71797049 -0.258851647
    0.70986259 0.433828413 1.66034961 -0.572907925 1.4478972 1.73905253
    -0.0768623352 0.926705778 1.20093799 -0.257377684 -0.636775494
    1.69974685 0.924850643 0.60329771 0.872478843 0.222613513 1.34764457
    -0.620488822 1.27155161 0.397900641 -0.780627608 1.82967019
    0.802651525 -0.714841843 -0.626359701 0.970586658 1.26338339
    0.775721312 0.795633793 0.440872431 1.60756993 1.14130938
    -0.457313746 0.00882983208 -0.0388612151 0.340985298 0.971786141
    1.67988324 -0.0423638225 0.233511269 1.4111886 0.848008513
    1.05482793 1.52594399 1.42364514 0.658918679 0.733334601 0.76418519
    0.688113332 -0.272351921 0.53669256 1.37586582 0.212390423
    0.437913775 -0.329589963 0.728108168 0.441743791 1.01608753
    1.37391734 1.49396682 -0.306804419 1.02222204 0.210410357
    -0.0304492712 0.352348387 0.798972487 -0.0147458911 -0.880971134
    0.968615413 1.71466708 1.64819956 0.0020108223 -0.534094214
    0.132445157 0.441418409 1.01346052 1.64374495 -0.54460454
    0.767539799 -0.724645853 1.37026012 -0.0912232995 0.316562235
    -0.508219242 0.837522984 1.85671377 -0.130942643 0.466732502
    0.094273448 -0.545357764 0.399733722 -0.719101012 1.58909059
    1.32525456 -0.691316724 -0.336926281 -0.696100891 1.57569444
    -0.514952421 1.19325972 0.802964926 -0.210693717 -0.22307843
    0.212165356 -0.182389915 1.30213153 0.551238298 0.339761615
    1.3880682 0.858471215 -0.487491459 -0.396206737 1.29055119
    0.0796046853 -0.35022223 -0.442679375 -0.435899377 0.363785446
    1.2432059 -0.301019549 0.0446916223 -0.406446248 1.33539677
    -0.763903975 -0.64317286 -0.13347733 0.00746828318 0.392553389
    1.03281856 -0.559376538 0.564422786 1.21535683 1.81273842
    0.811163187 1.22050047 0.651550055 1.30147409 1.4055028 -0.611613929
    0.22683686 0.103833199 0.00187844038 -0.482243031 1.14219832
    1.78578329 1.51332021 -0.287381113 1.76552844 -0.329807878
    1.67495811 1.38065588 0.947864532 -0.417504609 0.154190063
    0.107629955 -0.0473436117 1.74184 -0.259704828 0.26572144
    -0.608744383 0.681788683 0.328943551 1.0311408 0.935302436
    -0.116704345 -0.611177623 -0.57712996 -0.814202011 -0.438231379
    1.18860602 -0.186648548 -0.112857103 0.404689848 0.403125644
    0.0755726695 -0.135008216 -0.100711346 0.664901733 0.263236523
    0.579956353 0.940660715 -0.781205297 1.52874279 1.47516251
    0.175061941 1.63754463 1.76776767 0.0180990696 0.0568746328
    -0.725332379 0.547695577 1.17037535 -0.237731397 0.739155829
    -0.399650753 -0.139057219 -0.0235770941 1.03229356 0.879562855
    -0.364769518 1.55535853 -0.311934263 -0.610757351 1.19121575
    1.41196108 1.50043535 -0.0400317311 0.769345164 -0.550550222
    -0.43712616 1.36757278 1.36617565 0.770212054 1.53260326 0.708263278
    -0.0799996853 1.34099889 -0.725950122 1.61705232 0.875676751
    0.51561451 1.30662227 1.2974093 1.5614202 1.6642555 0.463901997
    -0.849725544 1.51365006 0.748824716 0.644929826 0.832824469
    1.3505733 0.376684248 1.45655882 0.742959261 1.05232835 -0.26441431
    1.4046284 -0.857733667 1.51353621 -0.695640683 0.91196239
    -0.541845679 1.80046463 0.567317069 -0.164019942 0.24186039
    0.0921610594 0.444674432 0.485986829 0.239991069 0.521231532
    1.48456597 0.269743025 1.22924757 1.01505697 1.35606849 0.623861611
    -0.0545861721 0.157620549 1.82129574 -0.719658136 0.835713804
    0.808097422 1.36069798 0.673915863 -0.488059163 1.70687842
    1.71091247 -0.0865943432 1.28311157 0.235114336 0.0404654145
    -0.131883025 -0.408643186 1.81134999 -0.123642743 1.77800465
    0.131375134 1.40160489 -0.579911828 -0.0824255943 1.21573222
    1.54071093 0.597160935 0.482124567 1.30284357 -0.135996699
    0.541037619 1.77292919 0.179530859 0.92236352 0.137814999
    0.963844359 -0.403041601 0.251751244 1.58810055 -0.0655642152
    1.60067654 0.264116824 1.55329728 1.15764201 0.815989316 -0.58566469
    1.28504372 1.79487288 1.06022549 0.970324755 0.751066327 0.645179689
    -0.135420501 -0.103767514 0.90721482 1.48503017 0.672991514
    0.977531731 -0.228343487 1.49073434 0.136341691 -0.520429134
    -0.717109978 -0.585061491 0.875144958 0.880442262 1.59361184
    1.69605362 -0.28557694 1.79091787 -0.718429267 0.548880458
    -0.0184171796 0.697667122 -0.645647168 -0.0223636627 0.0157846808
    0.00461661816 0.361943662 -0.304988295 1.88736987 -0.530986488
    0.875836909 0.419723868 0.314407527 0.275462389 1.11218274 1.6607511
    0.985370159 1.2038101 0.987799287 -0.0479260683 1.14368713
    0.467321277 -0.00886893272 0.895479083 0.205744863 -0.494065732
    -0.775996447 1.40289164 0.409326375 0.862902761 -0.534160256
    -0.735621035 1.7092185 1.31916952 -0.515084386 0.558611393
    1.79825711 0.330686092 -0.266288638 1.1888113 1.63376415 1.60874248
    0.052673161 0.102671027 1.69247007 0.560564876 -0.523978412
    1.36566854 -0.745429039 -0.00342702866 1.51782155 1.56521678
    0.119372606 -0.689111054 -0.654501915 1.09570169 -0.39879477
    1.43727684 0.232283592 -0.262773991 0.997919559 0.201534092
    -0.475307167 -0.707605898 0.49604547 0.50559485 1.24763072
    0.22194171 0.887858689 1.63686419 -0.81960392 -0.0322309732
    0.351337254 0.69016546 0.317905068 -0.412462384 1.15833306
    -0.835541248 0.504944026 1.1829164 -0.598025799 -0.681216717
    0.87300396 1.50128484 1.7061913 -0.582711101 1.86800289 1.80049396
    0.969442427 -0.0377552509 -0.226805091 0.554941177 0.458677113
    1.32038522 1.66837525 0.111507297 0.411387742 -0.727680743
    0.660973489 -0.104063749 0.634420693 1.35118282 1.01239777
    1.41663337 -0.787262619 -0.228668392 1.70646584 0.198672056
    0.485019624 -0.454352736 1.60929143 0.78468287 0.65838325 1.22467494
    1.76704085 -0.15351975 1.37995517 -0.510498405 -0.603584766
    -0.264222264 1.69324374 -0.716568887 0.933198154 -0.405730963
    0.625069261 0.51070118 -0.250224829 1.20166492 1.25686812
    -0.311340988 1.82058764 1.24919522 0.989493549 -0.197698832
    -0.839956582 1.28739977 0.313583016 0.929828644 0.714008451
    0.920885563 -0.29595542 0.947236538 0.721562088 0.152514279
    1.78027892 1.23314548 -0.0552656054 -0.286311746 0.675619662
    -0.260298848 0.299874187 1.30973339 1.50733328 -0.80544889
    -0.183773756 0.458468735 1.01387787 0.429762304 1.36531913
    0.69951576 0.644118607 -0.170702577 -0.821054459 -0.169168234
    0.118997753 0.328386188 -0.544898391 1.11424303 -0.092628777
    -0.158042729 -0.659652948 1.05055118 -0.490147084 1.27194619
    0.968789637 -0.207429767 -0.278004885 -0.57233274 -0.0480529666
    1.09028435 -0.141029358 1.26541495 -0.681355655 1.18322754
    -0.175723314 -0.494906843 0.436888218 -0.500965655 0.206375182
    0.600890279 1.13807499 0.31055963 0.945694208 1.80415273
    -0.740681529 0.577901304 -0.435269713 0.714512885 0.699038506
    -0.347113639 1.78262758 -0.342892498 0.424840987 1.08976245
    -0.457321823 -0.29115963 -0.190303802 0.531065404 1.04004908
    1.44093657 0.0958102345 0.563949764 1.51704633 -0.0445731878
    -0.500610709 -0.00090110302 0.10416466 -0.0778998137 0.558719456
    0.60263747 0.14382714 1.36861634 0.128340721 1.61365962 -0.370170534
    0.0803948045 -0.522388101 0.174525023 -0.531165123 0.603547156
    -0.273115635 0.00460827351 0.0484751463 -0.803998351 1.78080416
    0.470463395 -0.0468765497 0.452508748 -0.332534999 -0.268805861
    0.499561489 0.941132843 -0.699205756 1.05377531 -0.258914381
    0.782869518 -0.78030926 1.38910127 0.766115606 -0.696447611
    0.919846058 1.16855896 -0.327681243 -0.445942968 -0.512733579
    1.78936172 0.433595181 0.811426997 1.80758405 -0.318742216
    -0.392163336 0.176021576 -0.40601331 -0.251431167 -0.451343358
    0.447164357 -0.0368102193 1.13154805 0.482952237 0.910836756
    0.893789828 1.18400693 0.594196498 -0.167082667 0.276432216
    0.640272915 1.46226478 0.726524949 -0.041667521 1.83639729
    0.300750792 0.364743173 0.369029045 0.981336594 0.448710859
    1.01299143 1.55613852 0.70023191 0.168006539 -0.411450416
    0.889875054 0.946992278 1.24265575 -0.845270216 0.0566679239
    0.997779548 0.384917319 1.29293227 0.746380985 -0.160112262
    0.238805354 1.49553609 1.57331967 -0.152746558 0.533399522
    1.58493567 1.73010492 0.285508037 1.52227664 1.32364678 0.865237355
    0.724054635 -0.739192009 0.381529629 -0.610243559 1.0177784
    0.719747484 -0.396103859 1.22237992 0.497243583 1.17986524
    -0.300375313 1.41428697 -0.276243478 -0.450859725 0.39287442
    0.325385213 1.69092631 1.53854537 0.237716973 -0.0448122025
    -0.449614346 1.68797588 1.37895489 1.41847587 1.24137497 0.866518557
    0.729631007 -0.0128626227 -0.356820583 0.914353728 -0.357107431
    -0.435482651 -0.617858529 -0.0907036662 1.34895968 1.47874081
    0.745988488 -0.272898674 0.551106989 0.951759994 1.34809709
    0.7867558 -0.543805718 1.04687786 0.630257487 -0.199060798
    1.69740856 1.24773836 0.28007865 1.64671218 1.3606801 1.29974413
    -0.65061152 0.0148687363 0.987638295 0.396199018 -0.0312106311
    0.128285408 -0.31117782 1.33798742 -0.671476603 1.18472338
    1.68392062 0.947372794 -0.0890229344 0.96734184 1.28593886
    -0.337518185 0.697278976 -0.665422916 1.55523455 1.32698941
    -0.474745333 1.07482266 0.574651957 -0.510354638 -0.454502285
    0.205013275 1.0903275 1.75186014 0.326149106 1.71290183 0.120471954
    0.70789659 -0.492593527 0.306887865 1.69168711 -0.267581999
    -0.718925476 0.112540424 0.620212674 1.46193266 -0.0521684289
    1.06769776 0.500142455 0.0970057845 -0.735420048 1.30190754
    0.236741364 -0.217261463 -0.558619261 0.357223392 1.29857838
    -0.746027112 -0.090644002 1.09975314 0.702856541 1.73725915
    1.75854528 0.29583472 1.05921042 -0.634649694 0.503520787 1.65219307
    -0.0582027435 1.54891205 0.325847089 1.10163069 0.436482966
    -0.521551013 0.222313881 0.0813353658 -0.607730806 0.591214061
    0.208273888 0.176522255 -0.442487866 -0.403998733 -0.485348374
    -0.399368823 0.706196547 1.77682054 1.25504947 0.814991295
    -0.417663962 0.304259956 0.557423234 0.0536132455 0.425799608
    0.735265851 -0.176251113 0.514758587 -0.0873428583 -0.0746644139
    1.540555 -0.35319826 -0.607764781 0.696306169 0.242014647
    0.879283428 0.831378579 0.0475818515 1.58658767 -0.499043405
    -0.450648844 0.577763379 0.527094781 1.68309176 0.143371761
    -0.714556575 -0.0256877542 1.15045738 -0.360589772 1.29208803
    -0.552567124 1.26035714 0.563973129 -0.121509552 0.378525436
    -0.433469176 1.18694615 1.17182779 0.802893519 0.277786136
    0.725520372 0.157055914 1.55454826 -0.605112553 1.01694202
    -0.388388366 -0.498528719 1.70114195 -0.54914391 -0.0347072482
    0.0906022191 1.07096076 0.483916819 0.406192243 -0.641420841
    1.17767823 0.422495067 0.716766119 1.43367696 1.31458318 0.361205101
    0.97083652 -0.0968422294 -0.197031617 1.12135434 -0.147841692
    1.39520276 1.25895214 1.404248 0.556898475 -0.550018072 0.961284637
    0.409114361 0.0662145019 1.74811995 0.451466322 1.76312196
    0.0614512563 0.333168685 -0.302648008 0.646563351 0.382416725
    0.727241874 0.629179418 -0.0288804173 0.580682516 -0.18152386
    -0.34758687 0.263217628 0.522522926 -0.637534976 0.447211385
    1.53458285 0.26149404 -0.48926723 1.71569061 1.46311831 0.452660859
    0.272315383 -0.59759599 1.37140226 0.150106668 0.641646147
    1.45823395 0.13081181 0.874122202 -0.158059478 1.69031072
    -0.705623627 1.02412534 1.62632191 -0.125007331 -0.478630483
    -0.807018816 1.5863688 1.38532889 1.42394233 0.339243293
    -0.655768752 -0.536936879 -0.372199625 1.49847984 -0.793439746
    0.513038695 1.39879656 -0.0149737597 1.45776439 1.26426482
    1.04934454 0.227546513 1.19974422 0.0395858288 0.943691254
    -0.718225181 1.03874695 0.78847748 0.709598303 1.62113416 0.19590193
    1.18239784 -0.00429528952 1.31549287 0.162837029 1.16134453
    -0.822524548 0.967686474 0.832159936 -0.48971805 -0.625220358
    0.8721084 0.343999922 0.652819574 0.204037726 0.478414357 1.23000085
    0.234903216 -0.435498118 -0.281604946 0.823167562 0.867381513
    -0.413156331 0.553652465 1.58657598 -0.494376332 1.17248559
    1.06271219 -0.699434698 1.77585793 -0.191543281 0.444531858
    1.18162251 0.973773003 1.63247013 -0.0174168348 0.747120917
    -0.13300854 0.354511321 0.909434676 0.581037939 -0.0443558693
    -0.60586226 1.29024351 1.14093149 0.524638295 -0.757129669
    1.30014801 -0.606379688 -0.246643662 0.106370807 -0.240598142
    -0.316277325 -0.523782969 1.72998786 1.80178523 1.53912675
    -0.418917835 0.836345136 0.695853293 0.858593345 0.187398911
    0.452381015 1.11840558 -0.803312719 -0.498705864 1.31642342
    1.18753445 1.31255364 1.52191949 0.443206191 1.73258233 0.155930042
    1.06401014 -0.158332646 0.289345145 1.47355151 -0.535293579
    1.29089713 0.766981721 -0.00353968143 0.878453374 1.08400905
    1.62800169 -0.0404767394 -0.462060988 -0.568156183 0.328876078
    0.327094138 -0.631965518 0.881510615 1.16465199 1.34031594
    -0.685760856 1.40244627 -0.419986963 1.41901946 -0.727748334
    1.6415956 1.28096378 -0.0268133879 0.399527788 -0.551662326
    1.41211879 1.61746097 0.761736989 -0.163564146 0.354011595
    0.651417971 1.45549917 1.63112116 1.53251469 0.219738305 1.11367774
    -0.631290793 0.059681356 1.42286372 -0.57902199 -0.5003286
    0.22443819 -0.355935454 0.619317949 0.689217031 -0.381432354
    1.22379196 0.92037636 -0.129285276 0.526593864 -0.652570426
    0.461338043 1.03027534 0.315821171 1.69073796 -0.531286001
    -0.178724885 -0.376007259 -0.0757147074 1.36209512 0.77269274
    0.875269771 0.171886265 -0.791108608 1.57094598 -0.0941460133
    0.777847052 1.58587956 0.356377244 0.689339638 1.4324075 -0.48666811
    -0.617652535 1.03251076 0.288386047 -0.409926474 1.07247305
    1.66714466 0.805981755 0.821831763 -0.322583914 1.60523498
    1.69617772 0.0635025501 0.0562930107 -0.000720322132 1.24684548
    0.72284919 0.936309159 -0.390685916 0.382123828 1.7850008
    -0.538837373 0.901243448 -0.171174288 0.230742693 1.46459675
    1.42206883 -0.810208917 1.33103633 0.97835207 1.12419641 1.06475949
    0.365399361 1.50841427 -0.560455322 -0.0237407684 -0.242142022
    1.10660362 0.913385928 1.33395636 -0.147384107 1.11102796
    0.290260315 1.54184127 0.411928415 -0.3905406 1.40753555 1.77152109
    -0.213861644 1.05146122 0.377803624 -0.256381273 -0.711155295
    0.606161535 -0.0218910575 1.58503211 0.329979658 1.24977922
    0.669209003 0.889909804 0.611084044 1.01182711 -0.570766985
    -0.173303008 -0.705563724 -0.302126706 -0.223563761 -0.116215348
    -0.632540703 0.0814328194 1.41318917 -0.376247942 -0.0745983124
    0.530974388 0.361765802 0.979752302 1.34465241 -0.450965643
    1.61285472 0.546610951 -0.665910661 -0.0515612364 0.59919095
    0.838458717 0.630683184 1.13314462 0.0667177439 -0.737783432
    1.61111712 1.09856701 0.607028544 0.894840002 -0.0526061654
    -0.536856294 0.75626266 1.05667758 1.64358914 -0.760733247
    1.71163404 0.0925741196 0.280133665 0.336388826 1.03355765
    0.249617219 -0.177179098 -0.0443983078 -0.0917696357 0.884843469
    -0.00289154053 0.841648221 0.904517114 -0.206641614 -0.561065257
    0.660205603 0.852049708 1.50812149 0.876917541 1.90114999
    -0.667274415 -0.687301874 0.0444811583 1.2649796 0.731250107
    0.353975177 -0.106227934 1.48198414 1.7412883 -0.497735888
    1.06684673 0.432171047 -0.599472761 -0.00921827555 0.339016974
    -0.471194476 1.52280664 0.98386091 -0.837441683 1.13111138
    -0.907412827 1.0480783 -0.893578529 1.56360054 1.13345718
    -0.256126165 1.74817443 -0.467184305 0.803445578 2.06625462
    1.36261833 -0.470424354 0.46838969 0.242746234 -0.0622053146
    -0.391113281 0.924339354 1.23179698 1.54637671 1.51570415 0.50910759
    1.03822529 1.18434763 1.05265534 -0.367062837 -0.152112544
    -0.665800452 0.140019834 1.40683377 0.671094298 0.334688246
    0.053180933 0.956075788 0.316861212 0.739783883 1.45267367
    1.31935632 1.39574981 -0.150007248 -0.320310712 0.0576031208
    1.15637493 0.976769924 0.959475875 1.35712266 -0.297873259
    1.70197141 -0.251686275 0.719121873 0.863313913 -0.151732326
    -0.0641736984 -0.184797972 0.52717483 0.354996979 -0.24529475
    -0.245433986 0.634114444 1.30063248 -0.804048836 1.31692314
    -0.653577089 0.632069111 0.767003953 0.77065742 -0.832640946
    1.19733453 0.654107213 1.50445676 0.037042439 1.09419155 0.840710878
    0.0725326538 0.181782782 1.61252844 -0.281601369 0.853938937
    1.76963472 1.03885746 1.20664668 -0.8188079 -0.423826158 1.94883966
    1.17213023 -0.101902306 -0.653811336 0.678391337 1.464957 1.42287874
    0.22561568 0.320056438 -0.33072865 -0.333326399 -0.231548905
    1.47717369 -0.670553088 1.43566287 0.0504387021 1.21966624
    -0.0268446207 0.822416067 1.57788074 -0.88276428 1.56089866
    0.0837798119 0.267715454 1.23624516 0.710321665 -0.301027834
    -0.461259156 0.686087012 0.936944902 -0.281476557 1.60124373
    -0.43253389 0.892359972 -0.665912569 1.3718946 1.23604941
    -0.166210353 -0.47132206 0.429290891 -0.731062889 1.15913379
    -0.0538011789 -0.101707995 0.315021574 1.30986118 -0.634358764
    0.64320153 -0.444114625 0.948904812 0.439083338 0.673131406
    1.07063174 0.564979255 1.47353339 -0.319003075 0.586480796
    0.699858427 -0.315332234 1.42762828 0.170672953 1.53873491
    1.21489692 0.553583443 0.227934718 0.583599746 0.604851902
    1.15847683 -0.536852241 1.65486121 1.71656263 -0.700023413
    0.351195574 -0.641567826 0.122605443 0.261392832 0.330136478
    -0.626921177 1.56614518 -0.181111813 1.16274834 1.19480109
    0.0170029402 0.114308715 -0.446692318 0.518972337 -0.179409802
    0.505740464 0.0915036201 0.353243291 -0.493898481 1.29204369
    0.603749216 1.30798066 -0.14973706 1.75443864 -0.615245342
    0.987528622 1.47112823 1.0851686 -0.591344595 -0.347908705
    1.04460835 0.884738922 0.0473844409 1.06452107 1.19841969 1.65255213
    -0.60282439 1.75527048 0.97811079 -0.519681454 -0.713063598
    -0.0928438902 1.86652994 -0.75532943 0.0462790132 0.259408891
    0.145717144 0.144310355 0.668179274 1.08779919 1.59017205
    0.873497725 1.01517844 -0.370668352 -0.241252661 1.47432089
    0.21826911 0.224525571 0.266072929 -0.646092415 0.353925467
    1.74393177 0.137448668 1.5536685 0.91148454 1.78613639 0.204986572
    0.0886998773 0.291805685 0.516220927 0.979986489 1.77643669
    -0.453926176 1.24463844 0.484982848 -0.330768406 -0.473083198
    1.44755733 -0.25004673 -0.757655203 -0.454762459 0.179714441
    0.0462985039 0.0888695121 1.1411345 1.25168395 1.07689416
    -0.0929185748 -0.722240925 0.325591087 1.66743279 0.189850092
    0.981380582 1.34078133 0.725275397 0.276728392 1.3313005 0.216571629
    1.46812987 1.01402771 -0.387880683 -0.851706088 -0.57541132
    1.06481099 -0.305462718 0.762062132 1.58008957 -0.235083878
    0.294203997 1.40370858 -0.336748958 0.899078488 -0.218281925
    0.365173042 1.15053558 0.94163841 -0.680519938 -0.308293045
    1.32301116 1.37025428 1.37032008 0.383666456 1.39777446 0.112627387
    -0.575117707 0.259336114 -0.217390925 0.421236575 1.01047873
    1.22748303 0.590947688 0.044598639 -0.642167687 1.54877877
    -0.560566902 1.66582179 0.738474071 -0.192865074 0.147917926
    -0.144483328 1.44279885 0.0653128028 1.32894945 0.281707942
    0.645188093 1.44231081 1.19989228 0.877664626 -0.88483572
    0.957643569 1.89629984 -0.621442199 0.165887594 0.0186057687
    -0.353042036 -0.400660396 0.202727735 1.307423 1.62436473 1.07165217
    0.567017794 1.33449042 -0.407518446 1.45939076 1.37704253
    -0.562460065 1.3417654 1.21624732 0.496332109 0.0822270513
    -0.00923216343 1.098037 0.573972702 0.435320437 0.969099164
    1.14966702 0.240936399 0.989818931 0.842636764 -0.900452316
    1.55240273 -0.638750792 1.68788922 0.506777883 -0.674516797
    -0.40360108 0.257311225 -0.611541867 0.512501717 0.873492837
    0.229308426 1.27033401 1.33144379 0.861904562 0.0270164013 1.4355545
    0.918444872 0.563479483 0.458123386 0.278052807 -0.294538081
    1.80677128 0.0297471285 1.16071463 -0.469318688 1.73981667
    0.583549976 0.621771932 0.972310007 0.216980398 0.0639873147
    0.639580429 -0.643198252 1.62857842 0.146841764 1.24003124
    -0.579652846 1.15340793 0.518081188 1.61484396 1.07324171 1.35299087
    1.19482565 -0.258177757 1.36045647 1.35386086 0.707878768
    0.918219388 -0.644148707 -0.574513555 1.4977473 0.743977904
    1.3363682 1.79798782 -0.669794261 0.0882788301 -0.560160279
    -0.220933139 0.270041168 0.147598386 -0.498824894 1.0709269
    1.52757978 -0.350486964 -0.340130478 0.0137934089 1.23961353
    -0.05773592 0.716131091 0.916311264 1.45343614 -0.5956496 1.24050725
    0.795744359 0.328824282 -0.525673032 0.417881608 1.19968343
    1.31606889 -0.896947205 0.77725178 1.75629258 0.527438164
    0.400608003 -0.494677275 1.66259861 1.8179611 -0.79557097 1.05104828
    0.351035357 -0.0261378884 0.710952878 1.46700323 1.17957401
    1.71983385 0.201839268 0.396398723 1.093009 0.759463966 -0.822973728
    0.832690954 -0.242826164 0.254862845 -0.580452144 0.0155213475
    1.26846433 0.0867656469 1.44794393 -0.0237987041 1.28748369
    0.46751219 1.43813252 -0.555787325 1.50164449 0.731873572
    -0.177976549 0.982343972 -0.193457901 1.51551819 1.18156433
    0.166070402 -0.103123367 1.50426579 1.61572289 0.760034025
    1.11166751 -0.221749306 0.819971085 1.68449903 0.899538398 1.3311367
    0.445937991 1.43064785 0.177950323 1.41905832 0.167812526
    0.767769277 0.12112397 -0.806684375 1.42066371 -0.246016264
    0.057929635 -0.391459852 0.176263034 0.906780958 1.5466516
    0.68348521 -0.358972788 -0.254754812 -0.589153409 -0.378890187
    1.11231589 1.31496155 0.913675427 0.392892897 -0.0297366381
    0.893694639 0.426246226 1.71622622 0.848379493 -0.236966848
    -0.849588335 0.720782995 0.485331178 0.567585826 1.36851883
    0.156696558 1.15736532 0.0476305485 0.70698607 1.29064178
    0.809598744 -0.621184111 -0.541470528 1.52726102 0.838051796
    0.839020073 1.51688159 1.32531714 1.65775192 0.122874975
    -0.482448161 -0.706898451 1.55670345 0.482809186 0.7670362
    2.10156775 2.13246846 1.45671439 -0.347506285 1.74223995 1.77597499
    1.50906181 -0.746605814 -0.383360118 1.83862042 -0.859507799
    1.0846622 -0.0624192953 -0.06867522 0.992122352 1.36182213
    0.813466311 -0.34727779 -0.00977891684 -0.118089199 -0.58038944
    1.42834663 1.25512731 0.688152134 0.422306359 -0.386452734
    0.750900388 -0.0975297093 -0.708692968 0.797945321 0.78812784
    1.50379765 -0.238235414 -0.378688097 -0.521577477 0.841344237
    0.867225289 0.967795193 0.981927872 0.973348677 -0.649453461
    0.286866724 0.103626847 0.715914309 1.12841773 0.735152185
    -0.470567107 -0.22301954 1.10903537 1.6505667 1.21467507
    -0.00944185257 1.04874563 0.129473507 1.44582868 0.660216331
    0.447583199 1.2548815 0.264384091 -0.539046407 0.221240044
    -0.4854289 1.59608042 0.80516839 0.45457536 0.0948174 0.104440093
    -0.507433057 0.992688656 1.3436203 -0.304280162 0.124271035
    1.25503635 1.69079137 -0.629073977 1.46828318 -0.234052837
    0.977899253 -0.294104695 0.635277748 -0.382854402 -0.0980407
    1.74214363 -0.651949525 -0.0655711293 1.03266144 1.30174208
    1.3343277 -0.361605763 -0.617215157 0.506567419 -0.541606307
    0.339261174 1.58638537 0.14535892 -0.28272438 0.868036389 1.19178057
    1.39541459 -0.110378087 -0.692812681 -0.614208937 1.06818581
    1.54693472 1.07472181 0.136881113 -0.106463253 1.49522138
    -0.451488793 0.618253112 -0.269252658 1.27213264 1.70271909
    -0.754641652 1.24820185 0.20144558 0.242482781 0.553450406
    1.16482258 0.41044575 0.495588839 0.492509127 1.42429638 0.55571866
    0.621990085 1.25935256 -0.393035799 0.778283 -0.427591324
    0.334184289 0.545831025 1.17473161 1.53204584 -0.705721438
    -0.225933611 -0.380906433 1.75400388 -0.710795641 -0.712803125
    -0.590447009 1.44753754 -0.725160956 0.595826626 1.03146648
    1.12487674 0.687731087 0.822125196 0.58133173 1.35165334 0.261115789
    0.74456507 0.799854457 0.354517639 0.50516355 0.8314749
    -0.0460156202 1.30160093 -0.426364988 0.124757767 0.03608042
    0.26435101 0.200569272 1.31980348 -0.185547352 -0.646176815
    1.48190093 0.763638079 -0.642461658 0.311775088 -0.439463854
    1.60803115 1.08049083 0.101727784 1.21410227 1.18611145 1.61435223
    -0.23283124 0.176241994 0.361023784 -0.0898314714 -0.559585094
    1.05725443 -0.717639804 1.76448798 0.453291416 1.04955745
    0.274020493 0.752216876 -0.192854464 0.152363718 -0.295533001
    1.57200837 0.0381500125 1.53768253 -0.860194027 -0.379066646
    0.703367531 1.42736816 -0.308127344 -0.696607471 1.45120597
    1.43217087 0.800406158 0.194623649 1.42182565 0.568920612 1.81106377
    0.922290146 -0.456942618 1.06836534 0.490558803 -0.0131033659
    1.56389546 0.151805103 1.61701226 1.39392567 0.607735991 -0.32555145
    1.34978199 0.908332765 -0.446911633 -0.277242929 1.60665202
    -0.618793011 0.477228701 1.87703443 1.53485394 1.06484306
    -0.754825115 1.68465948 -0.0656644106 0.25672549 1.23527372
    0.419715643 1.35591865 1.60228729 1.27737486 0.895199537 1.11355209
    0.620283842 0.742147326 1.43873954 0.256119132 0.176033378
    -0.313019305 0.975986719 1.5800972 0.872768044 0.519752383
    0.837121665 1.18936443 1.75734401 -0.140367985 1.254812 1.42910278
    0.848097146 0.939073741 1.2786231 0.173730969 0.00962734222
    0.311921954 0.00722551346 0.355168521 1.20587254 0.794328511
    0.846741915 -0.173845828 0.546305001 0.464870691 -0.597070932
    0.322709203 0.757967293 -0.230436027 -0.524525762 1.14128685
    0.347777367 0.166446805 0.846911669 -0.084364593 -0.0161076188
    0.94423157 1.02796388 -0.697291791 1.69483888 1.5555346 0.216938972
    0.140576363 -0.73069644 0.886272848 0.30400461 -0.582575917
    0.797100008 -0.565818071 -0.49908182 0.251683772 0.266479433
    1.07275283 0.395656586 -0.0438284874 0.6101138 0.373146415
    0.438003838 -0.397308767 1.22261631 -0.593667626 1.42965376
    0.77263236 1.47705233 1.35679424 -0.971486807 1.05358887
    -0.436367095 1.57781124 -0.712690711 0.417941749 -0.704275906
    0.618032277 0.441543519 0.540358663 0.238705933 -0.769088686
    1.77897763 1.00290728 0.49596101 1.37594557 -0.00604963303
    1.44440436 -0.116577625 1.17747021 0.563213706 1.11990404
    0.801095963 0.849034846 -0.481962204 -0.474979192 0.314068079
    0.458387434 1.21993685 1.27727509 1.20386958 0.0362899303
    -0.824662209 1.45886993 -0.610153317 0.374146163 -0.247225165
    1.21512318 1.31321669 0.545018196 0.851802826 1.54116595
    -0.598770022 1.39972925 1.39751947 -0.457109541 0.925824404
    1.81718719 1.20161438 0.435869038 1.52257991 0.156258583 0.848470747
    0.293861747 -0.186962545 -0.766981006 1.69636631 -0.143312454
    0.907325745 -0.751791418 -0.169291794 -0.12155807 0.845972836
    0.74973613 1.05802369 1.24192739 0.612006366 1.18794203 1.5103476
    -0.628325701 0.360682607 0.089374423 -0.16463396 -0.260853648
    -0.290044457 -0.1101861 1.36504841 -0.302514553 -0.768236399
    1.66578031 0.216568172 0.109863162 1.78362942 1.54437208
    -0.553664982 0.457654178 0.664562047 1.09291911 -0.182730258
    1.07524061 1.17012799 -0.429050446 0.681423247 -0.835245967
    -0.679537535 1.65608871 0.99110806 0.899658501 1.7714932
    0.0126202703 0.924919724 0.0153880715 1.15716863 0.848179162
    0.552658856 -0.412162513 1.31794918 1.85102773 0.969840229
    0.585196137 -0.53971684 0.419880509 -0.561838925 0.0556876659
    0.716296494 0.679779649 1.49917698 0.652700841 1.54946887
    0.199843228 1.74302375 0.669807136 0.573322892 0.101059318
    -0.421517402 1.79283762 0.471282184 0.217003822 -0.627054632
    0.0242600441 0.865971982 1.10099673 0.829533994 0.214419782
    -0.411347985 -0.425035655 1.10715938 0.910302997 1.23851061
    0.0750949979 0.926306069 -0.87059319 -0.267362952 1.55703413
    0.869687319 -0.905822992 1.30510306 -0.564718962 0.336321115
    0.937881589 1.47349548 0.105844855 0.502533317 -0.547647238
    -0.240429878 -0.121976852 -0.120447397 1.35827374 -0.0257605314
    1.43044329 1.689749 0.445167661 -0.380674899 1.65133929 0.376204431
    -0.612151682 -0.150867879 0.134718299 -0.29363066 -0.450220495
    0.378216743 -0.303646833 -0.613992214 -0.486516684 0.724928021
    0.548628211 1.02758527 1.27024579 0.54011631 0.980662823
    -0.804891825 0.265957415 -0.730076492 1.18553829 0.19625932
    -0.276805699 1.21980655 0.728398681 -0.170704186 0.669671416
    -0.165585041 0.261834025 -0.490979522 0.361914933 1.5380404
    -0.678135395 1.47726393 0.15302676 -0.7375139 0.0828511119
    1.42488551 -0.179307401 -0.159805 -0.0255382657 0.070730716
    -0.35432294 -0.296185523 0.951369166 1.70990133 1.02669036
    -0.37079972 -0.444860905 -0.445872873 1.1790899 -0.0451477766
    1.31897855 -0.0127860904 1.19545841 0.716123164 0.0400033593
    -0.308999032 0.151996136 -0.411731809 1.1430372 -0.651431739
    1.65177464 -0.580521286 0.658514977 0.674859345 -0.707931817
    0.595274508 1.39944863 1.41777205 -0.695386708 -0.102008939
    1.27145505 1.23494124 0.555615008 1.94562626 0.0694919825 0.7168957
    -0.357448608 0.858947337 -0.742950678 -0.0128134489 1.69118905
    1.36521184 0.360236466 -0.175355375 -0.477567405 0.588793635
    1.66106975 0.296939909 -0.561929822 0.117647409 -0.596115947
    -0.514059603 1.66184294 0.814333677 1.46187639 0.860414505
    -0.651794314 0.400237918 1.04831803 0.775856137 1.18142557
    -0.300128281 0.704528332 0.951003313 -0.22480768 -0.102512181
    -0.618467987 1.2364254 0.282378018 -0.475433767 0.926459432
    1.32976019 0.675461769 -0.396384031 1.30498946 1.12271893 0.06840837
    1.69967687 1.12419939 0.15506357 -0.644639015 0.735627413 1.68426061
    1.24977517 -0.212260604 -0.0676215887 1.08116913 0.420283914
    1.36827612 0.720526636 0.306802154 0.891015768 0.264564037
    0.710998297 1.56379378 1.65260518 -0.82459569 -0.246882796
    0.642011464 1.61697674 1.46267748 -0.820072889 1.40717268
    -0.0500238538 -0.604028881 -0.39459005 0.620866895 1.76877081
    -0.165382028 1.71467328 -0.67974025 0.461563051 0.23357892
    0.685936272 -0.579560518 -0.185380876 0.0688325167 -0.584427416
    1.51511681 0.0948433876 1.52989578 0.501550317 -0.537998796
    0.321511209 -0.144139916 1.19995129 0.701090455 0.198454499
    1.17160416 0.717902958 1.31608224 -0.275227487 1.55717325
    -0.128383994 0.677581608 1.11696851 0.755948722 0.00101870298
    0.63172394 -0.640259027 1.54224539 1.28625119 0.495412111
    0.608101368 0.278645098 1.5857842 -0.448470205 1.31377292
    0.490463376 -0.57365346 0.413186073 -0.688945889 -0.635597289
    1.63664985 -0.73868227 1.26965463 -0.679416656 0.781161726
    -0.406893075 1.07784212 1.20664954 0.745551109 1.74732435
    0.929068029 0.429344773 -0.145645261 -0.542172492 -0.582503557
    -0.870568573 1.22896075 -0.496931493 -0.32959348 -0.846698642
    1.25628567 0.132721305 0.374921679 0.143430531 1.48735487 0.44077009
    -0.0420763493 0.0891567469 1.75491142 -0.72644192 -0.0305851698
    -0.554559529 1.11376882 0.381126225 1.80498195 -0.173340797
    -0.570184112 -0.814164758 0.710765779 1.50960445 0.0470323563
    -0.278042614 1.70790839 1.28147984 0.701159239 0.255002618
    -0.497336149 0.483094633 -0.492953777 -0.303161561 -0.383714497
    1.15709293 1.24712014 1.32575512 0.890472174 0.777471066 1.11914456
    -0.283105016 -0.72240448 -0.228006363 -0.317318022 1.01058102
    1.23609447 0.721124291 -0.475995004 -0.0499210358 0.341678083
    -0.561005712 1.11725426 0.303911388 0.782314599 -0.217394769
    -0.544816852 -0.598578572 0.799036145 1.14267278 1.24174213
    1.70369673 0.0867750049 1.18024158 -0.0846313834 0.930834234
    -0.592925906 1.35787249 0.504482329 -0.367656231 0.928481936
    1.50169873 -0.0943465829 0.015378952 -0.154783845 0.841257215
    -0.172339797 0.0950619578 1.19486785 -0.658864141 1.34368432
    -0.602046371 -0.734687448 -0.138880193 1.12693691 1.91759014
    1.66659379 0.222575307 0.349232197 0.525286019 0.109602511
    -0.0831873417 1.00271678 0.313515842 0.94214648 0.0821502805
    0.426657498 -0.618846118 0.133155227 1.19147849 -0.0530267954
    0.2360636 0.754677773 0.795566678 -0.330538183 0.0341535211
    -0.287878454 1.06380415 0.0291169882 -0.544368505 0.975697935
    -0.2185238 -0.653275549 1.53174078 -0.208282113 -0.643703461
    0.430649519 0.396807313 -0.502616048 0.865153849 0.0141702294
    -0.53129071 1.57522345 -0.448091507 1.26015449 0.911503971
    1.07604933 1.76627088 0.958087683 0.851605356 -0.0986078978
    0.762444854 1.45589662 -0.650694311 1.75682068 -0.280882537
    1.09368169 1.26976943 0.35027951 1.48255062 -0.894349575 1.0272752
    1.56453419 0.0517483354 0.052847147 0.949648023 1.26770031
    -0.311293721 -0.122258663 -0.692089379 1.3724854 -0.280932665
    1.26585031 -0.753265977 1.42746043 0.3618837 0.389949858 0.310381472
    1.0083003 0.456858873 1.06064653 1.35587692 0.869317174 -0.498033822
    -0.665927351 1.02102709 -0.379218102 1.66084898 0.936607003
    -0.448607445 0.834496796 0.672287583 -0.688115716 0.892548025
    -0.256274581 0.534517169 0.754644096 0.340458632 1.53969002
    1.24136734 0.935984492 0.102046609 1.01486731 -0.500990033
    0.132095337 1.50989604 -0.340987206 -0.600861132 -0.569465399
    0.510084331 0.543803453 1.33779347 1.1078198 0.429055095
    -0.727227569 -0.373170584 1.28042531 0.319951534 -0.797128558
    1.89583516 0.198578417 0.219981372 1.36684394 0.138237238 1.16817045
    0.969785333 0.176868856 0.596969962 0.581446886 0.613681912
    1.26044822 -0.0340317488 0.0505106449 1.10244977 1.82069468
    0.135416508 -0.00712621212 1.35472846 0.579856396 0.866735578
    -0.390845329 1.03993368 0.680419981 -0.516714096 1.21049333
    0.907420158 -0.489619941 -0.239575505 -0.380879939 -0.241029203
    0.655847013 1.03755176 -0.421438962 1.28922951 0.392732978
    -0.217928827 1.54846525 -0.154070973 -0.532883883 0.564667523
    1.699296 1.12008023 0.238163054 1.18832922 -0.675619543 1.49997663
    -0.627011418 1.35568261 -0.0699722767 -0.413025945 0.897560418
    1.65175939 1.81879568 0.826922655 0.825268567 1.63918018 0.910096169
    0.549078524 1.32404506 1.20518994 0.785270393 1.0687058 -0.475417167
    0.191355348 0.995398462 0.174706995 1.88649845 -0.75246048
    0.114508986 1.6454699 0.545844078 0.577558815 1.03411531 1.1237011
    0.532857716 -0.327352911 0.526337922 -0.027363956 0.419258177
    1.2715106 1.38071251 0.80284369 0.742651463 -0.431681931 0.207028449
    1.52105069 0.777481079 0.666486681 0.585595727 0.362100363
    1.44529212 -0.134917855 0.260571897 -0.62008059 1.03301978
    1.42069304 0.0217853785 -0.640387416 1.11978126 0.638249815
    0.124699771 -0.359548241 1.64701343 -0.439717352 1.09630322
    0.35928607 0.794462204 1.73809958 1.06735384 -0.335317284 1.21296346
    0.949904203 1.6367532 -0.704577923 -0.375712395 0.805925369
    0.823973417 0.837730289 -0.460341275 -0.500802279 -0.423019409
    1.84143996 1.28872919 -0.590495825 1.35810757 1.23735023 1.0769074
    0.892331958 -0.0913316607 -0.192373276 -0.0317574739 -0.624254286
    1.41332364 1.13569713 -0.629130125 1.49471927 0.852298617 1.3462261
    1.06243443 -0.228370607 0.664621711 1.17571831 1.67400455
    -0.124139845 -0.671303391 1.8079567 -0.630829692 1.6184454
    -0.440806001 0.540222526 0.130313993 0.97480464 0.102591336
    0.778954387 0.94239372 1.09726596 -0.598458648 -0.0778089166
    -0.0568529367 1.64269817 0.739348412 -0.301024795 1.59336615
    0.394356549 -0.120227635 0.77348423 0.913319647 -0.227745175
    -0.447163254 0.193988681 0.127110839 0.722440422 -0.0735505223
    1.11362553 1.3020823 0.711190939 -0.0968664885 1.50424242
    -0.728987813 -0.17450279 0.150736034 0.749883115 0.415631175
    0.454581797 -0.238687396 0.38339901 0.213818669 1.87711668
    -0.414423823 -0.0705034137 0.284290075 -0.0043104887 1.46754229
    0.98309505 1.61715055 -0.0166882277 0.549717546 1.74334228
    1.33392465 0.820773244 1.63645101 1.40156901 -0.655324996 1.11430252
    0.051849544 1.63653076 1.82344437 0.499201655 -0.52386272
    0.792890072 -0.372090191 -0.180035353 1.68703866 -0.788320839
    -0.0873900056 0.166040659 0.675291359 -0.615513802 -0.430119842
    0.897800505 1.17192912 -0.242689967 0.998265088 0.696387291
    -0.456481367 -0.119666219 0.790128887 1.47755027 1.10165048
    -0.10980314 0.764866531 -0.475119889 0.562425315 -0.938494503
    1.62892187 1.04370117 1.67413926 -0.688223362 0.965070963
    0.261307776 0.0457789302 0.0533952117 0.608447969 0.0081422925
    0.827223241 0.280476034 0.942687094 -0.841748893 1.49649036
    0.333691537 1.41073632 0.108283162 -0.0632389784 0.930054903
    1.27990091 0.414268792 -0.761841953 1.27904177 0.399065614
    0.0391368866 0.302818239 0.509228706 0.222429156 0.354061306
    1.43386364 -0.382197142 -0.304172039 1.95435798 -0.468761504
    -0.382093042 -0.584563255 0.65397954 0.271527112 -0.893348038
    0.115230203 1.21668148 -0.278929889 -0.84016639 1.16272068
    0.640221417 0.594865024 0.285508454 0.304992199 -0.481277704
    0.909190714 -0.00715774298 1.60157418 -0.796647012 1.71032119
    1.68296814 0.223757744 -0.621567607 0.0257629156 1.71928453
    1.31248999 -0.103271902 -0.644596279 -0.790574729 1.44714761
    -0.67016983 -0.785992146 0.452947795 1.39246011 0.907925069
    -0.648728192 -0.730612993 -0.293512881 0.304785967 -0.168635249
    1.39593005 0.987779081 0.0527592897 0.0734931231 1.70475316
    0.255658925 1.82825971 0.743072927 -0.322773218 0.504256487
    -0.602109373 -0.58956188 1.40289676 -0.518968821 -0.688238859
    1.06589627 0.0780984759 0.237245083 -0.136936069 0.200567424
    -0.765402317 0.758341789 0.847808957 1.74892759 1.36550426
    0.333625197 0.213277757 0.923478484 0.875339746 0.767668188
    1.43666101 1.06213832 -0.683062851 -0.428204 0.377086103 1.76025605
    1.1048522 -0.618899584 -0.661377072 0.592210531 0.177690387
    1.55131698 1.30521512 -0.540491581 0.775888324 0.76079613 0.82824415
    0.155322254 1.79523921 -0.219235182 0.203841209 -0.65666616
    1.03738964 -0.487929821 0.96736002 1.28319037 -0.693178713
    0.419734716 0.817015707 1.14200568 -0.784593999 1.21256399
    1.29371643 0.73918879 1.4015739 1.12579107 0.0528716445 1.83370781
    -0.60654223 -0.485246062 -0.0815669298 0.430447698 1.67610884
    0.382561684 0.136052549 0.546202004 1.21772289 -0.0870687962
    -0.372223169 0.564736426 1.36486506 -0.482483923 -0.386735976
    -0.265011013 1.14647627 -0.244833171 0.404115677 1.4262588
    0.517511547 2.15789747 0.664958656 0.943965614 0.539240062
    0.637369812 1.74777007 0.716293693 1.46514344 0.0130841136
    -0.594006419 0.993647039 1.43532062 -0.160304606 0.167897701
    0.507159293 0.351773798 0.790704012 0.719703197 0.545792639
    1.42442179 -0.599112868 1.5944258 0.402150214 -0.0490077138
    1.49453855 1.61169624 -0.631657422 0.28587085 -0.600279212 1.6098423
    1.37428141 0.253792465 -0.666894555 0.823021531 -0.561629117
    -0.313703179 1.25957561 0.776762724 0.154542208 1.31730676
    1.10546708 -0.131027758 0.601110458 0.521686316 -0.307129264
    0.896574497 0.0355567932 0.890847683 -0.445915401 0.415321469
    1.04950285 0.901704729 -0.192796767 0.924239039 -0.359309137
    -0.0875659585 -0.824501812 1.74440384 1.5225594 -0.862714648
    -0.728251159 1.43287587 1.49937057 -0.524353266 -0.853114307
    0.683847547 0.675672114 0.788238764 0.869114637 -0.347007096
    0.184945405 1.27024186 -0.0782064795 1.32883656 1.81153536
    0.501770854 0.878536582 1.6347369 -0.378855199 0.202494204
    0.512969136 0.00153201818 1.60118902 1.29883099 1.2885344 1.44672489
    1.46721125 -0.840576291 1.47835517 0.634217083 1.62099552 1.01318991
    0.546552896 -0.9853881 1.13236368 0.557728708 1.59941745
    -0.0969690681 0.132144034 1.19922674 1.78001451 0.644682288
    -0.0802284479 1.70023334 0.631130219 0.0930226445 1.63940489
    0.466735005 0.450038254 1.01536679 1.10473633 -0.199850142
    1.37602663 0.330937922 1.42129362 -0.539429307 0.348545551
    1.97686052 0.369461954 0.195344627 1.15161228 1.66042936 0.750941396
    0.649470389 0.998220026 0.149827719 0.589394271 -0.185824037
    1.0417012 -0.174802899 1.79782915 1.52003169 0.155071855 0.627636969
    0.324566603 1.45757437 1.12525177 -0.196182787 0.883905113
    1.65333438 1.25197697 1.46341896 -0.0392993093 0.748851478
    1.08405972 -0.61190182 -0.759186506 -0.720243216 0.460561335
    1.56700933 0.407970786 1.64394128 -0.587371409 1.62616682
    -0.634026706 1.1125536 0.0898771286 1.02803421 -0.688333452
    0.363038898 1.51897919 -0.229749382 1.41298509 -0.431107044
    1.85157299 -0.648701191 1.38089263 -0.449279785 -0.309523821
    1.61042857 0.0305783749 -0.447770327 1.55508971 -0.759078562
    0.364997089 1.50295079 -0.588851631 0.194287598 0.871937633
    1.0036453 1.48309779 0.111944199 -0.156221926 0.995514989 0.17285043
    -0.00326567888 1.50621819 0.86215359 0.226263404 0.418692768
    0.133662701 0.214410543 0.131431699 1.58012021 0.177100599
    1.57143044 1.46604681 -0.789085686 -0.765249252 1.02852941
    1.82685053 -0.693490028 0.601615012 1.42706287 0.892087162
    0.718615592 0.53773421 -0.445757955 -0.738755167 1.2739284
    0.584632456 0.424685717 -0.492964327 1.39860058 0.916286528
    0.21153605 0.902589619 0.697890103 -0.508330941 1.7153945
    -0.171127737 0.832273781 0.738598883 -0.601123929 0.707724988
    1.52355599 1.01053107 0.725610256 0.833628118 0.866195142 1.01537347
    0.774001658 -0.695516944 0.779666126 -0.706630409 -0.0132462978
    0.618241191 1.02538276 -0.611045241 0.608796895 1.11549473
    1.63788962 0.404081225 0.762516916 0.736377835 0.250898778
    1.03850889 0.739769876 0.366724551 1.0897584 0.99795562 1.16061997
    1.11550701 -0.06026721 1.46228778 1.91607404 -0.0676842332
    0.902842224 0.144296229 0.849727333 -0.157640934 -0.0654920936
    0.154150426 1.77560282 -0.202260077 -0.604679823 -0.0512933135
    0.325207531 0.438005567 1.62917805 -0.243561506 0.726367831
    1.22996747 0.113069415 1.53427124 1.41242623 -0.752978504 1.58973575
    -0.00367587805 -0.412934244 1.05673039 0.447559357 1.57985604
    -0.21271348 -0.331576407 0.839509249 0.802575886 -0.511570692
    -0.223114014 -0.471136719 0.388614357 1.31628692 0.479388833
    0.0399418473 0.603708982 -0.631515741 -0.580566227 1.44719028
    0.6898247 1.4357667 -0.699827909 0.80520314 -0.163520277
    0.0485354066 -0.188191414 0.883940578 -0.489197999 -0.310214818
    0.313106239 0.824553668 -0.256178439 0.81825161 -0.102150261
    1.43464231 1.51854885 0.300273597 0.153922379 0.100300372
    0.219599783 -0.434520394 1.07083714 1.04963887 1.3578434
    -0.804952145 0.265808761 0.705842793 1.85280681 -0.442951888
    0.511429846 0.00378012657 1.06056404 -0.575093985 0.0414619446
    1.2436862 1.02812648 0.642769814 1.76423943 0.09937644 1.19093287
    -0.770599961 0.326011598 1.54391503 0.947573662 0.418298721
    -0.646782279 0.906752169 -0.0598469377 0.559971869 1.07316995
    1.75253534 0.605359852 -0.134052753 -0.456935763 0.350094616
    -0.798009694 1.22695029 -0.32454294 1.69547725 0.571122348
    -0.110783935 1.1051867 1.58049512 1.56819034 -0.320476472 1.06064487
    -0.775596201 0.943625033 0.829900324 1.82724857 0.353537858
    0.937408328 0.24002105 -0.590740919 0.384122372 -0.649325788
    0.250741065 0.130250692 0.769509256 1.43747044 -0.716803432
    -0.144764781 -0.207534611 -0.317034602 -0.00613862276 1.05097675
    -0.106263816 -0.216164649 1.64182389 1.70950758 1.55550504
    -0.0299565792 0.806357741 -0.220205009 -0.0490461588 1.65620923
    -0.03955549 1.52098906 1.52289939 0.808346152 0.185122609 1.24876547
    0.607159495 1.43279076 1.7803185 -0.207448184 0.00703972578
    0.190423131 0.827165067 -0.35502398 1.53684306 1.35092819
    0.846629858 0.436807156 1.34029031 1.05232286 0.809396684
    0.788740456 1.60205472 -0.373552501 0.554982781 -0.19650507
    -0.6549986 1.05455744 1.60387993 0.848103762 1.5707593 -0.49611479
    0.529986203 0.0988351703 0.136993587 -0.0251260996 -0.122948825
    0.953712225 -0.0239385962 -0.136801064 0.852905512 1.68166471
    0.752205074 1.47120321 1.72645354 -0.422235459 1.55379879
    -0.583342791 0.696523249 0.621144533 0.424979985 0.427462101
    0.925949693 -0.286018133 1.01887882 -0.855339706 -0.786766887
    1.69511271 -0.149719715 1.67035794 -0.253158927 -0.162288785
    -0.777749181 0.743540108 1.13845181 -0.0540485978 -0.680520713
    0.66354984 1.36410403 1.71392441 -0.330344021 0.417180598
    -0.129108608 1.2962718 1.50342321 -0.189097583 1.69021153
    0.471819758 1.35978389 -0.540191412 -0.485040396 1.15936399
    0.956898391 1.51064563 0.243014872 -0.550608754 -0.419560492
    -0.119558334 -0.72274369 0.746263325 0.528724372 1.25522757
    0.857624352 0.429157913 -0.559906721 0.505955815 1.85878134
    0.00246953964 1.05015123 -0.603326976 -0.565254927 -0.867573142
    0.731099606 1.11821628 1.57797766 1.66217208 -0.718699634
    0.963884115 0.349334538 0.144136727 -0.820911169 1.81674266
    -0.753505945 1.15454388 1.08991051 0.639636338 -0.3130337
    0.473300576 -0.528981864 1.91509044 -0.459641844 0.321607172
    1.46726131 0.172104657 -0.767898083 1.03512335 0.677722871
    1.25207472 1.6887846 -0.13962841 0.0628540516 0.455888927
    -0.478379339 0.560073972 1.61030853 0.474961221 1.06770253
    0.942978263 1.26918757 0.393543541 1.22408068 1.40692496 1.61565268
    -0.830209374 1.25553632 1.46478057 1.65897596 0.660378397 1.65266562
    -0.476453573 1.85189188 1.49603868 -0.362952113 1.12996483
    0.0713157654 1.10711884 0.0724591017 0.357068121 0.781217754
    1.25984883 0.518846333 0.567619622 0.0934567451 1.8687191
    -0.0591711998 -0.711760581 1.53848076 1.34609842 -0.150164068
    0.387891829 0.0116944313 0.634395242 0.35014385 -0.60739094
    -0.432992905 -0.599413633 1.28716803 1.45549774 0.826405704
    0.304918647 1.37233436 1.33024204 1.50005984 0.763649106 0.314248145
    1.01766133 -0.31524086 1.79887724 -0.646611273 -0.544294775
    0.00370889902 1.07853436 0.055229187 1.09525156 -0.125938773
    -0.65381217 0.334974408 1.54735923 0.768722236 0.13557446
    -0.710307539 -0.399182588 0.704855621 -0.0491227508 1.75006604
    0.611145496 0.598750353 0.530960023 1.63816428 -0.302153647
    0.361875474 -0.525349498 -0.551243067 1.12583995 -0.320415765
    -0.129931569 1.79542446 1.03654444 -0.499257356 0.735254169
    0.568832994 0.142690241 0.5376423 0.393320024 -0.682757199 1.7341609
    1.27155828 0.504314601 0.987233222 -0.543176413 0.615216851
    0.714040458 0.517619073 -0.553276002 0.150115669 0.116869926
    -0.443571806 -0.718335629 1.39430785 0.568522573 0.94084692
    0.305119574 0.505571306 1.60429907 0.0896987915 1.56355047
    1.01621294 -0.798170328 1.70217252 -0.457823575 1.03107965
    1.73194969 -0.28511858 1.05456746 0.363410056 -0.0956397653
    0.821418822 1.50362945 0.0428940654 0.0552372932 0.267782748
    0.35980469 0.773971617 -0.489435524 -0.206448615 -0.0793600082
    1.05222249 0.866385758 -0.670736611 1.14385176 -0.0923555493
    0.331634104 1.0786593 0.573982775 -0.678784847 0.501690388
    0.862146676 1.42265999 0.311742544 -0.750638664 1.10038185
    -0.464132756 0.398905933 1.24020481 -0.399829149 -0.193525076
    1.73360908 -0.0603184104 -0.0104436874 1.32128906 0.44903928
    -0.704604089 0.58923167 1.38077712 -0.434678674 0.339633644
    -0.728700459 0.72887373 0.709248722 0.834950805 1.03394318
    0.846485376 1.76600361 -0.806825876 1.5346899 1.67486775
    -0.771154821 -0.182730734 0.268853903 -0.424110979 1.66776204
    0.835863709 -0.243393242 1.55472946 0.807314754 0.850142121
    1.19622111 0.320577741 1.28363705 0.245024621 -0.448864609
    -0.35255754 -0.0534051657 0.661410809 1.29793763 0.371966898
    1.44112444 -0.170187533 -0.059086144 0.0440416336 1.20010805
    -0.552553773 0.86583519 0.00538176298 1.38792729 0.193289757
    1.32927537 0.285227954 -0.742870867 1.68512809 1.43677044 1.24769771
    0.743460894 0.161739349 -0.220452607 1.34560823 -0.20365423
    1.00273633 0.441839278 -0.117612839 -0.195503175 0.728111923
    -0.217750311 1.3629117 0.168501675 0.156204522 0.481851876
    1.39414978 0.831765056 0.279049098 0.747579098 -0.108969569
    0.572913349 0.636190414 0.602746248 1.70609856 -0.380707592
    -0.277329922 0.477193296 -0.74977237 0.898958445 0.459064066
    1.0334543 1.23568857 1.71406579 0.239029169 1.02555418 1.23266125
    0.922567546 0.969692767 0.742875397 -0.468580365 0.78842932
    0.820027471 -0.136589587 1.77479196 -0.650473952 1.53782094
    -0.761422276 -0.793313086 0.0555493236 0.790800095 0.0517689586
    0.873533309 0.357928038 0.39927429 0.653995454 1.22716987
    -0.374718547 1.81626058 0.577921212 0.601774693 0.87036097
    0.440114021 -0.610885024 0.819390476 -0.368760943 1.65661669
    0.108230412 1.3698411 0.705877066 0.85404855 1.57789803 1.48283982
    1.00800633 0.127079368 1.69045424 1.34112883 -0.0409197211
    0.696108997 0.380544662 1.51736546 -0.307550848 -0.282176077
    1.45240235 1.16220236 0.323209047 1.23973203 1.74493241 0.679537177
    -0.369233727 -0.408263862 1.79679966 1.21153545 -0.3863132
    -0.598791361 1.5379343 1.46462071 -0.00525712967 0.934990048
    0.564408243 -0.59789139 0.0511952639 -0.547137558 -0.236984342
    0.327639639 1.36005878 -0.370334208 0.0763647556 0.634987533
    1.43354487 -0.00114244223 0.129947066 0.269459844 -0.00186431408
    -0.242888629 0.169791102 -0.000337958336 -0.328107655 0.0248815417
    1.25802493 -0.76811707 -0.39872545 0.105564415 0.954094231 1.1216464
    1.35915041 -0.0847188234 0.735277355 -0.610848665 -0.0321185589
    1.32608175 0.869696498 1.32551098 -0.220187426 0.952001154
    1.41018641 -0.591659427 1.5251199 0.336575985 -0.749524713
    0.244447947 -0.30913651 0.395360172 0.825957298 -0.272734255
    -0.298836499 -0.446379483 -0.0646077991 0.385119379 0.0291506052
    1.74137783 1.08514881 1.2553103 1.71166182 1.27160764 0.340577006
    0.223093867 0.455634654 1.50735581 1.38066912 -0.24376905 1.15399015
    -0.0392925143 1.25601113 -0.534940004 -0.169302762 1.49203229
    0.410575926 -0.74746567 0.734149992 0.566104531 0.360355556
    0.0913764834 -0.146935165 0.718070388 1.23192656 1.56066239
    0.514303148 0.319430351 0.776548862 1.48966169 -0.871828616
    1.75056744 1.6501205 -0.014839828 0.402586997 0.6641348 1.18166733
    0.794822633 -0.0509231091 0.415482819 0.57516855 1.49537635
    0.854455233 1.62776768 1.39833474 1.18495166 0.987619281
    -0.191412866 -0.763609767 0.465698004 0.261069298 1.34570289
    0.00167167187 0.484949589 0.272019684 -0.679758966 0.326013803
    1.5979507 -0.645810783 0.219917536 0.533471227 0.370812118
    0.711883128 0.562254548 -0.087952435 -0.0659084916 -0.620670915
    -0.70115602 0.602917969 0.655863404 0.213260651 -0.60243392
    1.40795827 1.71911764 -0.707647204 0.358684123 0.15484339
    0.730360627 -0.687634766 -0.587091267 0.683529913 1.69704771
    1.58804178 0.73945266 0.369487047 1.23884821 1.42581248 1.74371803
    1.67088461 -0.69140321 1.4399426 0.937565148 -0.320393801
    -0.48290652 0.982765317 1.13934088 1.07313085 0.794201553
    0.616022766 0.174849868 0.256577671 -0.231692791 0.49076438
    0.238981783 0.807549357 0.111157238 -0.435267895 0.852859735
    0.0545201898 0.953935623 -0.565085411 1.49464536 -0.747411191
    1.16531444 0.549861908 0.252068996 0.850166321 1.79315519
    0.554629207 -0.073333621 0.0345081091 -0.302716196 1.65757251
    -0.651379347 1.08728218 -0.278475642 -0.0983576179 0.783864975
    1.17584133 -0.393665701 1.65950155 0.613972127 -0.374349564
    1.69819736 1.68821239 0.567946076 0.677927196 0.0677635372
    -0.543691039 -0.453553349 0.767329872 0.591602802 1.7257123
    1.74951768 -0.796848059 -0.32932198 0.0590340495 -0.409017384
    -0.021171689 1.7112391 -0.799959481 1.78417659 0.198954821
    0.709924221 -0.0660640597 -0.606418729 0.349399805 1.07374895
    1.31623626 -0.0431791544 -0.603950977 1.78678417 -0.567592978
    -0.834352911 -0.224734128 0.774842381 0.028668344 0.448099613
    1.15424728 -0.323475301 1.10182631 -0.268818319 0.835022449
    0.659807622 -0.707182705 0.880272567 -0.186037838 1.0127815
    -0.578193307 1.76277256 0.296886504 0.423141837 0.76360172
    1.55161667 -0.825327814 1.09001446 1.67164195 0.772594869
    0.786379099 -0.440997958 0.939808369 1.23565125 -0.490400344
    1.40826821 0.816039324 -0.672240078 -0.540377855 0.0843172669
    -0.284894109 1.01022685 1.27863324 -0.715135813 0.617363334
    -0.622170806 1.19084346 -0.242591679 1.25332713 1.45572007
    1.90594184 0.235738158 0.471725643 0.508528769 0.261072993
    -0.666536152 1.14554358 1.5547545 -0.843140423 0.555569351
    0.631974101 0.0854042172 0.22171092 0.0863081813 1.6052258
    -0.353949547 1.2515583 0.829952955 0.749391317 0.155350626
    1.17978895 1.22116566 -0.682857215 -0.217744648 -0.556326032
    1.90604925 1.56303036 1.36554337 1.13963461 -0.497460008
    -0.603136539 -0.322199166 0.975369692 0.365948558 0.951447725
    -0.174924254 0.342187524 0.316863358 0.202625215 1.28738797
    0.275448859 0.175411284 0.569261074 0.313127756 1.32026482
    -0.034650743 0.589217484 1.51876926 -0.763686061 0.75053978
    0.664298236 -0.54473716 0.687263668 0.177056134 1.52142143
    0.007612288 -0.851840019 0.446014822 1.44740558 0.440683603
    -0.571275592 1.39227557 0.601977348 -0.126392603 -0.192355514
    1.73394418 1.66535163 -0.215399683 -0.0363467932 1.59597015
    1.0798285 -0.282242715 1.06511784 0.0801942348 1.18479967
    0.810582578 0.849273324 0.461582005 1.57438087 0.965803027
    -0.716300189 0.730208755 1.22625744 -0.781867027 0.290998101
    0.461161077 0.894139588 -0.243868709 -0.449590385 1.04842794
    0.895211399 1.21434867 1.65211082 1.26367092 0.286438167 -0.03281039
    -0.0653294921 0.759150088 1.13810945 0.905207217 1.41945863
    0.693458796 0.354337752 0.792217195 0.484110475 1.37416387
    -0.776133597 0.590574145 -0.549635768 1.58915615 -0.502497554
    0.678487659 0.166297495 -0.215474308 0.184243381 -0.0669491887
    1.31937075 1.52719307 0.415072203 0.611060739 1.66456175
    -0.517771244 -0.0291528702 1.50122845 1.35446858 -0.505704641
    -0.248141885 0.393785834 -0.666208148 0.537840366 0.0542945862
    0.63210535 1.34545851 0.94931221 0.725683033 1.28584576 0.753824592
    0.218557477 -0.541452289 0.794265807 0.127815247 -0.307982206
    1.12230921 1.6284833 -0.867432952 0.777573287 0.276648104
    -0.387351751 1.15605271 0.396333218 0.52368623 1.6445682 1.30446625
    -0.220354319 1.57426739 1.2331059 -0.236803949 1.42503417
    0.227766752 0.472421229 0.169249058 1.15042615 0.955487072
    -0.0186994672 -0.148030162 1.210302 0.369643211 1.05542135
    1.64911628 0.60115248 1.49016976 -0.657467306 1.65499187 1.3299669
    1.80386257 -0.444222927 0.179552794 0.717040896 0.965608478
    0.256606638 0.318549514 -0.319991529 -0.511165202 -0.209235519
    2.11388612 0.200268209 1.69851089 -0.0998885036 0.602840364
    0.103347778 -0.162587225 -0.57293427 1.28177094 0.842563629
    1.34287596 0.391335487 1.53403974 1.68791723 0.403523862 1.32749748
    1.07344556 -0.0925360322 0.717644036 1.24924231 1.51576686
    0.175779104 0.415178478 0.640567601 1.38363254 -0.000254452229
    -0.14106679 0.421824336 -0.785543799 1.60422206 -0.858634412
    0.0364205241 1.36598313 -0.54655695 1.56096029 -0.013173461
    -0.0937603712 0.730680704 0.815607846 -0.170579791 0.502639413
    1.84972024 -0.171025872 -0.671504498 0.902484238 1.29765821
    1.58494377 0.482894003 0.118769228 -0.308112562 0.135234118
    -0.713721752 0.0407496691 1.77323246 0.119208634 0.566161335
    0.935503244 1.35043478 0.38871944 -0.201079965 1.53301227 0.9955585
    -0.25003475 1.44955683 0.453114629 0.876247346 1.0165565 1.49110544
    0.961370409 0.229464412 -0.176856577 1.47028947 -0.5582937
    0.498475015 1.10582876 0.689031959 -0.30153954 0.913341224
    0.130455434 0.0779248476 1.42045534 0.454402924 1.04674482
    1.46076417 0.565279365 1.79122591 0.357546151 -0.85916692 1.05540586
    1.57758498 0.773961902 -0.872787237 0.657947302 1.10611773
    0.708233595 -0.168948233 -0.137262523 0.752085268 -0.598270178
    -0.111792088 1.02793622 0.605220795 -0.358496696 0.573305964
    1.48862195 1.72931933 1.51152158 -0.0533210039 1.77940571 1.21840286
    1.43249846 -0.289740622 1.41545749 0.111476958 -0.56855917
    -0.3524203 0.308140934 -0.457030356 0.668170691 1.43917871
    -0.047755897 1.15519559 0.159332395 0.0559610724 1.24983299
    0.573954344 0.972558677 -0.859736145 1.44439006 1.01861441
    -0.670812309 0.613117754 0.375898421 0.399147689 1.3519218
    0.695557892 -0.67715013 0.642012 1.07129836 0.141520381 0.577422857
    0.0400338769 0.979516923 0.86056298 0.565918207 -0.269351184
    -0.405631036 -0.469457895 1.45829988 -0.797236979 0.373782456
    -0.671914518 0.598089516 0.810796201 -0.171466291 0.57718426
    -0.644164503 0.542067945 0.601309419 0.683521569 0.146724939
    -0.378460228 1.09821749 -0.847118378 -0.0151830316 -0.766939402
    1.26682162 1.7480762 -0.528431177 1.79593301 -0.303176999 1.01414537
    0.0294346213 0.844454765 1.26437807 1.33341813 0.551236153
    1.13566279 0.708217382 -0.498400986 0.778785765 -0.338665664
    0.589724302 1.34081984 0.502464175 1.82232499 0.403167486 1.49094272
    1.3137269 -0.715777755 0.494860947 1.37326872 1.29927146 -0.84211272
    1.55085099 0.972802758 -0.0812323093 1.22805595 1.55567169
    -0.619588733 -0.481829375 -0.312158585 1.35029387 0.192026913
    -0.622598767 -0.412554353 -0.606428266 -0.614218831 -0.0616039038
    0.443636179 1.24726295 0.165350378 0.0136383176 0.888789475
    0.930640519 0.232064664 -0.52184701 0.696099162 1.72423768
    0.466430545 0.668694377 -0.734247565 0.578963518 -0.613892019
    -0.543100476 -0.600125194 -0.355434775 0.84394145 1.23412609
    1.37898898 0.34714967 1.20742583 0.0623696446 -0.586258352
    0.729484797 0.0464090109 -0.620218992 0.612569332 -0.138273001
    -0.625257313 -0.636819005 1.47226548 -0.0452523232 0.146439016
    1.12688005 -0.804301381 0.774461448 1.21484232 -0.758799255
    0.700208664 1.05860186 1.649225 -0.311619103 1.52284515 -0.055676043
    0.0933299065 -0.0352994204 0.61419487 -0.593056858 -0.379624248
    0.683692575 0.769643724 0.0068872571 0.485577226 1.02602315
    1.33812821 1.5780381 1.09578145 1.03713703 -0.504927695 -0.779290676
    0.684319377 0.268858552 -0.425066501 1.60379791 0.00547963381
    0.407308757 0.109395027 -0.436501384 -0.6952492 0.84096849
    -0.172166169 0.699010551 0.79585129 1.52821708 1.0584116
    -0.105347574 0.662560463 0.605295837 1.06542897 1.32345283
    0.224759758 1.24153721 0.746801019 -0.510738969 -0.60644722
    -0.0345363617 -0.383510441 -0.449696541 -0.26026237 0.349330783
    0.228800774 0.306288958 0.779895544 -0.423595399 0.515521824
    0.665715516 0.827130556 -0.475104243 0.859853029 0.292706609
    0.209832251 1.30319285 0.827748179 0.86021167 1.4618485 0.535918593
    0.149251103 0.00219351053 0.199442983 -0.323617995 -0.0508272648
    0.646225035 -0.545755804 -0.717815995 0.682661831 0.990539372
    0.236832678 -0.600470126 0.784341514 0.907604277 0.506409168
    1.44673884 0.240083158 -0.283339798 1.52097702 0.126686573
    1.37227106 0.693730712 0.890084743 0.68193996 0.261665225
    0.536146522 0.601504803 1.42310131 0.0611627102 1.61640549
    1.46195686 1.61831808 -0.404756546 1.72902346 1.44768405
    -0.709749281 -0.404052138 -0.387507439 1.46914196 1.28613794
    -0.170678318 1.80938447 -0.530094683 -0.654980302 -0.534952402
    -0.17460829 0.398977101 -0.470317453 1.60519576 -0.629544497
    1.55954969 0.15614146 -0.646665633 1.11562872 -0.55930382 1.76052046
    1.82910585 0.188701332 1.3253783 1.19129622 0.327949703 -0.862232625
    0.692538083 0.875071108 -0.162450373 0.751142442 1.57045317
    0.0601016283 1.41896749 0.296839118 -0.441389471 -0.240199029
    0.876865506 0.894309223 0.945726991 -0.569057226 1.21965253
    0.0250114799 1.40387702 0.52806294 0.301645935 -0.177972674
    0.162338734 0.17627722 0.260361075 -0.150173068 1.77469873
    -0.682741642 1.1158818 1.29246306 0.937951684 0.962099254 1.03551686
    1.32810175 1.27210236 0.436386645 0.9066962 -0.0420221686 1.04190111
    -0.568952143 1.79645753 -0.103020072 0.207430899 0.577201009
    -0.978306472 1.63418555 1.53981245 -0.17239362 0.178221107
    0.284721792 -0.434789807 0.0729535222 1.70191455 0.477874398
    -0.243107557 1.3933835 1.64046168 1.68147826 0.102346063
    -0.363181591 1.37372041 1.02881861 -0.612092853 1.4729526
    -0.439024389 -0.430990726 1.01969349 0.982844055 0.216874719
    0.133119941 0.579836905 -0.384929597 -0.235771775 1.1082412
    0.801042676 0.759328246 0.900713801 1.70508242 1.76391506
    -0.746667325 1.02481747 0.65994972 0.103336751 0.948850334
    1.58281541 1.45204067 -0.231874704 1.86230326 -0.601379037
    -0.321506858 -0.344679832 -0.224218756 0.346837342 1.19112349
    -0.302230537 0.439837098 0.32647723 1.12333488 0.495230734
    0.0831799507 1.53443635 1.25142646 0.0523622632 1.75661349
    1.46068764 -0.57427752 -0.278709173 1.42110157 1.10265589 1.23854983
    -0.342325628 0.600677431 1.02029562 0.803626955 1.22804594
    -0.553442597 0.441761553 -0.305907279 0.0353704095 1.39678979
    0.897131324 0.057890296 -0.54165566 1.39112568 0.879910052
    0.0643129349 -0.0527657866 0.931596398 1.69280493 -0.708560288
    1.26151454 1.7261709 0.534862876 1.56871176 1.18892121 -0.292758465
    1.94686103 0.443801165 1.38102031 0.483820677 1.77913094
    -0.285255075 0.703433454 1.47120559 0.355069995 0.856360674
    0.394819438 -0.552369177 1.06187797 1.40039778 0.158223987
    1.39854336 1.68304181 1.77550149 1.41397214 1.14783967 1.43839884
    -0.229883909 0.847049832 0.634601235 0.38809967 1.27724588
    1.65297675 0.830106318 1.32677579 1.5863874 0.411616385 0.620665312
    1.02450585 1.42262995 -0.486329377 1.68492293 1.82339835 0.566071451
    0.699225426 0.151990533 0.697717607 0.893759966 0.687171459
    1.5052743 0.19841671 1.40674317 0.208628058 1.69448006 0.607121229
    -0.330765575 1.07529807 1.72063208 1.14298916 -0.280995905
    0.412888944 0.72622329 1.14838839 -0.40002358 0.278920472 1.43720162
    -0.761716723 0.0226225853 0.293127477 -0.0494125485 1.45014715
    1.43786657 0.790531814 1.57212806 -0.518934131 0.0205633044
    -0.340988964 1.54483461 0.291774213 0.605411172 0.773275852
    1.68787515 -0.217256665 0.831299424 1.77827692 -0.82943213
    -0.0357014537 1.02137518 0.013053298 1.36214292 -0.810803831
    0.478228152 1.18833351 1.07489896 -0.796144247 -0.842997134
    1.39906883 -0.296641707 1.77264798 1.04799914 1.77268529 0.530339241
    0.98174572 -0.240070939 0.928032219 0.98330766 -0.449601561
    0.279793441 -0.176385581 1.45389032 0.917638958 1.7373575
    -0.0118249655 1.25149059 -0.43958962 -0.129289389 0.482496321
    1.36415219 1.03519273 1.08830822 -0.468978226 1.17214799
    -0.583067477 -0.247181118 0.277890742 1.32707262 1.78851557
    1.8370738 -0.0669957399 -0.167775095 0.696375072 1.56895888
    0.267889917 -0.0832422972 -0.477593213 0.372718632 -0.256318867
    0.517778575 -0.124785244 -0.188134372 0.403611362 -0.204767317
    -0.592046142 -0.162476718 -0.679440022 -0.537494183 1.07133746
    0.500491917 -0.443231821 0.573285222 -0.0513349771 -0.237094313
    -0.223378152 -0.171156526 -0.0413697362 -0.678354561 1.71155906
    -0.642925978 0.0257692337 1.53345942 1.05563116 0.447748184
    0.803306282 0.198864996 0.919573784 0.158829868 0.47968626 1.0831188
    1.05235577 1.68130255 -0.102201521 1.12707961 1.61938477 0.382804334
    1.24891567 0.551619649 0.898088992 0.002610147 1.74434185
    0.510996521 -0.611002088 0.85094583 0.994873643 0.641475618
    1.20382857 0.757419467 -0.00559389591 1.49094915 0.846569121
    -0.423845053 -0.335653603 0.506204665 0.771371186 0.730993271
    -0.18772465 0.476472795 1.23290169 0.515569985 1.64643216
    -0.84851104 0.688445807 1.08381808 1.2071079 -0.182636201 0.54557395
    0.23451668 1.80483413 0.794918954 1.02432728 1.03505301 -0.546914041
    1.54817772 1.67110705 1.25461209 -0.549774289 -0.457321227
    0.521893263 -0.406190544 -0.607202828 1.62481666 0.323507845
    0.965657115 0.195433021 0.951094508 0.842782319 -0.284638286
    0.953593135 1.13504028 -0.216148615 -0.0787469745 1.56729174
    0.122442961 0.554799855 1.48134375 1.0550971 -0.0224283338
    -0.402686507 -0.591695428 -0.245643139 1.3303926 1.6591146
    0.709167898 -0.16261059 0.480139673 -0.343502164 0.431809604
    1.08050561 0.216289699 0.358676016 -0.544437289 0.589499533
    1.39981771 0.13498944 0.307003677 -0.77273041 1.18609953 1.21296024
    -0.790633261 -0.564603746 -0.710312665 1.09620428 2.14410543
    0.916798294 1.11695099 1.27806854 1.81206799 -0.761285782
    0.564014077 0.0542632937 -0.789684772 -0.300518572 1.17413402
    0.0697689056 0.304866135 0.355759025 -0.303046495 0.602786422
    -0.364196837 0.593246758 -0.746013045 -0.450904399 0.990337431
    0.402040184 -0.000510752201 0.806983948 0.845382452 -0.315941453
    1.30702603 1.63392174 -0.307351112 0.648053586 1.32700777
    -0.0816310048 0.56256336 1.6576345 -0.869472444 -0.263819873
    0.972533107 -0.252537787 -0.379650295 1.90447736 0.94775033
    0.285911679 0.314711332 0.28509903 -0.520511746 1.32966185
    1.62872887 -0.680253386 -0.329039574 -0.27891317 1.64242089
    -0.840467751 0.527944267 -0.0151326656 1.65806127 0.0844708085
    -0.645268321 0.0310904384 1.36956954 -0.32978493 0.779178143
    -0.214373469 1.34881294 0.740571856 0.00180578232 0.942077935
    -0.0795177817 -0.651342154 1.59590912 0.578167617 -0.564005077
    -0.575196922 0.908690333 0.936736107 -0.406496048 0.496241093
    0.596412241 0.246309996 -0.644633055 -0.47480002 -0.583053291
    0.61311233 1.47594333 0.736043096 -0.713243067 1.56976092
    0.417686999 0.19047457 1.49377406 0.0574662089 -0.481497943
    0.272221982 -0.729706824 -0.564445019 -0.660363615 -0.0197583437
    1.0359323 -0.511604667 -0.567918837 0.444385648 -0.493915707
    -0.555788875 0.32327956 1.17522168 1.09324241 -0.0551916361
    1.28919244 0.478835404 -0.39356643 1.33399761 1.36522841 1.56351674
    0.965364456 0.210359216 0.760798514 1.19914532 1.38668966
    -0.137224853 -0.339565337 -0.551867306 -0.291778415 -0.474993229
    -0.465129346 1.33878434 1.19622421 0.52993691 -0.65543443 1.29760289
    -0.689609885 1.05688596 -0.276937306 1.34989905 0.944809079
    0.654866755 0.411389947 1.16213524 -0.581596494 -0.188268125
    1.90398979 1.7005527 1.24513805 0.18484354 0.191872299 1.3113482
    0.510419905 1.45159864 -0.506860077 0.329864442 0.779099286
    1.56594884 0.455268204 1.44738674 0.876059592 -0.643698573
    0.93361932 0.819050074 0.158543348 -0.308642387 -0.790289164
    1.58790445 0.797765851 -0.237699866 0.276843786 -0.789821148
    1.22795272 0.17560786 1.36764348 0.407004178 -0.574314237
    0.466405332 0.635089636 0.164492071 -0.730020344 0.818851769
    0.380868733 1.53242481 1.26566839 -0.79178822 0.211409211 1.52377391
    -0.534451485 1.12520671 0.0521171689 0.319653988 1.34617591
    1.72869468 1.66346014 0.907789946 0.541235268 0.64280957 0.959252954
    1.35890651 0.498743236 0.29919827 0.489908159 0.989481688
    0.617427289 0.841151118 -0.0968554616 1.70049584 0.041831553
    1.53139663 -0.391185254 -0.768198729 -0.546811998 0.690729976
    -0.826008081 0.709238946 0.189858139 -0.338053107 1.35396814
    -0.0727926493 1.31932032 1.16502643 -0.620693326 -0.505931258
    0.928549886 0.158037424 0.917478621 0.80706358 0.122734308
    -0.393419564 0.770373702 0.961384952 1.00820971 0.0781310201
    1.07478631 0.212894022 0.10177207 0.996303856 -0.062373817 1.5855689
    -0.261637151 0.509717762 0.576263547 0.847723544 0.718215525
    0.532300115 0.957498968 0.720885694 -0.656741261 1.600986 1.10204101
    1.73095584 0.212081313 0.628887355 0.190963507 0.495275021
    0.286940634 -0.465135455 1.34488797 0.159160554 0.118341923
    1.00644767 1.9494288 -0.420521826 1.92403698 -0.299986541 0.18993926
    0.210813105 -0.358612925 -0.492228955 -0.260635912 1.35288107
    0.292235911 1.46175206 0.374962687 0.762458384 0.63972038
    0.694475114 -0.552357078 0.952521682 0.641703129 0.947157741
    0.505636275 -0.0354143381 -0.0497089028 -0.204347193 0.453617632
    0.131941319 0.147736967 1.19092977 -0.298829854 0.446096957
    0.61923933 -0.125759721 -0.559349239 -0.342694879 0.183441818
    0.879963398 -0.12897718 0.717489123 1.47248077 0.905727923
    0.222844422 -0.157217443 1.1153816 0.00233542919 -0.0190889239
    -0.613482893 0.0705708861 0.0338535905 -0.285339475 1.06505024
    1.16769886 -0.658213198 0.851163208 1.2114886 -0.172188222
    0.437687695 0.945298433 0.947127223 0.806252778 1.13504303
    0.666613042 1.65269089 0.406972528 -0.382727504 0.193557501
    0.773718417 -0.131073654 0.467645884 0.594321311 -0.669894516
    -0.403729051 0.0391333699 0.298876941 -0.4245103 0.280274212
    0.302620053 -0.521595716 0.56462127 1.69233704 1.84114408 1.70277691
    0.322198749 0.973305464 0.419806063 1.12388706 1.62851286
    -0.227084458 0.0614818931 0.348976731 -0.634381175 0.190816581
    0.0685557723 0.467499256 1.78129554 1.88111138 -0.573303401
    0.469725907 1.44237494 1.58296728 -0.351254165 1.53746152
    0.894509196 1.29180253 1.86954558 1.44781923 -0.443340242
    -0.473011017 1.52155113 0.657985687 -0.280067742 -0.0896041393
    -0.564134538 -0.420608819 1.12641954 -0.0217977762 1.63611615
    0.37180531 -0.376561642 0.740582287 0.711347103 -0.0214543939
    -0.199852586 0.976433277 -0.215098739 0.600727141 0.169611514
    0.0215979218 -0.226899862 0.207196712 1.72306275 1.59866703
    0.954068422 1.1650393 1.61357057 0.578154564 0.608947515
    -0.523737907 0.312413037 0.202875137 1.87001371 -0.563117862
    1.59456253 1.4049058 -0.591620922 0.554112375 -0.404582769
    -0.275311649 -0.315754294 1.119524 1.35286725 0.600249469 1.27076542
    0.163275301 0.578221083 -0.611745119 1.72046709 0.269182086
    -0.773166358 1.63283587 -0.0659842491 1.29765677 0.83170104
    0.28313154 0.231365025 0.446658432 0.450615346 1.76624775 1.26125276
    0.652911067 1.09983587 0.970333755 1.24409771 1.50411689 1.57990897
    -0.132859826 0.14036417 -0.0764241815 -0.527952015 0.216032684
    1.36771417 1.54253125 -0.878086269 0.790566504 0.102218509
    1.11466777 1.2616384 0.0855800509 1.47668111 -0.218180656
    0.522631824 0.259175301 -0.424275696 -0.487039059 0.0964915752
    0.346225023 -0.102747798 0.180310428 1.20925045 0.849346757
    0.6459952 -0.873397171 1.71042883 1.03878951 0.0138162971
    -0.303427994 1.00402677 0.481690943 0.99255085 1.01115227
    0.144740999 -0.608614683 0.68991822 1.37797439 -0.610936761
    -0.0826455355 -0.147664309 0.850809276 1.32598603 0.132703602
    0.836728871 0.118508101 -0.443959117 -0.251121312 0.0351940989
    0.369185507 1.68334699 0.766330838 1.59899008 0.0871341825
    -0.689279675 0.37338835 -0.144142091 1.43705595 0.0363889933
    0.510236144 1.34703016 0.0560477972 -0.485316336 0.313604176
    -0.386635691 0.108276486 0.368890822 1.12311184 0.374176383
    0.0961899757 0.688395858 0.230928481 0.314329505 0.830532253
    1.4096154 0.299140751 0.0884116888 0.197808027 -0.295415491
    1.16880393 0.495110095 0.00206249952 -0.399472654 1.33067322
    1.36530483 1.67152596 -0.180204034 -0.175412178 -0.0180817246
    1.35282707 -0.35677737 1.11723864 0.0951653123 -0.752147555
    1.69335437 0.237661362 -0.571726441 -0.0981908441 -0.692430854
    0.461372793 1.19708598 -0.029065907 0.194262981 0.112327635
    0.828395247 -0.114812672 -0.205895066 0.0998569727 1.39795756
    -0.655014694 -0.342597097 -0.0192683339 1.59002364 0.492327154
    1.17428708 0.789717555 1.53935933 -0.459899366 0.408300579
    -0.700048864 0.576322436 0.548317909 -0.280413806 -0.630508721
    0.0837605 1.42498183 1.38939524 1.28391242 -0.559556246 -0.365872473
    1.35937738 0.600129426 -0.478724569 0.572087467 1.57317472
    0.21173811 0.58225584 1.25609398 1.52392983 -0.164168417
    -0.333853126 -0.675401092 1.24433517 1.52593577 -0.505712152
    1.11980009 -0.170230389 1.52038991 1.63765383 1.69990563
    -0.265993118 1.63453746 0.682807684 0.845932841 0.432568848
    -0.176554263 1.3307426 -0.716723502 0.790274262 -0.702819765
    -0.62312758 -0.430900782 -0.458699286 0.787557006 1.67949307
    1.10097146 -0.649056435 -0.202043533 0.150633037 1.42218828
    -0.709527552 0.854087114 1.65983248 0.450965405 0.743233025
    1.53711951 -0.696326792 -0.663561404 1.03505778 0.167018592
    1.68362999 0.583790481 1.39400041 0.18655324 0.400846541
    -0.433555841 0.0235954523 -0.784752011 1.70954084 0.958620071
    1.50999713 1.41263366 1.77006817 -0.274658322 -0.476601958
    0.915715337 1.55759764 1.1188091 0.621142089 -0.150232792
    0.616477668 1.34378612 0.943638504 -0.520745039 0.914274573
    1.57292819 0.0119977593 -0.217139244 -0.357036024 -0.396274149
    1.55922008 1.16735661 -0.520409882 0.992938995 -0.62793386
    -0.34684819 1.61409283 0.515029132 0.532736182 1.29571247
    0.685093343 0.726478517 -0.446480185 -0.425678879 0.586739123
    0.399037302 -0.599568486 1.80778337 -0.29486841 -0.367271811
    1.85197067 -0.802563548 1.17029214 -0.855779767 0.184592783
    0.61047411 1.44008636 -0.0726056099 -0.0911554694 0.979616344
    1.61308992 -0.687094688 1.5412674 -0.624385715 0.461458147
    -0.0485860109 1.4635421 -0.692130387 -0.483709753 0.248564601
    -0.240120709 -0.593852043 -0.628343105 -0.230336249 1.74181306
    0.732579231 0.952557504 -0.114003837 1.59260392 -0.820704937
    -0.486443758 1.39729166 0.161065102 0.0498253107 1.01445651
    1.27266407 0.590858996 0.60486871 -0.700346112 0.370336771
    1.63571095 0.472583652 0.855704546 0.110523641 0.138579786
    1.20402527 1.64884949 -0.523737073 1.29146349 1.71299314
    -0.790116787 -0.842559338 -0.681844294 0.293452024 1.25404394
    -0.337814063 -0.56214726 1.25070524 1.20453954 -0.227520525
    1.24404526 1.17983317 0.789624453 1.26933432 -0.637472153
    -0.648761034 0.592179775 1.87969398 0.953068793 1.82111335
    -0.575200558 0.898637652 -0.0126336217 1.04003358 1.78190351
    0.893841922 0.298061252 0.35191834 -0.145838082 0.889912248
    0.946011007 0.990985453 1.60055637 1.36764407 -0.383719444
    -0.219960809 0.537312686 1.32957745 -0.190035403 0.320643365
    -0.558147848 1.81222105 1.67948437 -0.250585794 1.53160417
    -0.633395791 1.83622503 -0.389266878 0.709245205 0.61693418
    1.7605207 0.904258847 -0.672933221 1.8049351 -0.552877724
    -0.668534577 1.2203753 -0.485238373 1.66516471 1.3824054 0.921524584
    1.19470549 0.362762749 -0.56343919 1.31665778 0.907027304 1.18921912
    1.75124979 0.912927747 -0.295843482 1.56338453 -0.834399104
    1.84453738 -0.490334094 1.61255217 1.10942745 -0.502570808
    0.218019307 1.30777144 1.64798498 1.70103288 0.264932096
    -0.492134809 0.981073618 0.699311078 0.40124613 0.197779894
    1.43124461 -0.603003144 1.45981503 0.471833169 0.0791236162
    -0.602443695 0.504263699 1.43115258 1.85118246 1.66428614
    0.987828434 0.0970194936 0.101946056 0.0556674004 0.432265878
    1.7257185 1.24701142 0.867147923 0.899907649 -0.698651373
    -0.364377856 0.938532591 -0.307184756 0.227520883 1.21146381
    1.01447177 -0.45350486 0.173069239 0.833990693 0.926845431
    1.31770349 0.74836427 1.41975474 1.65977693 -0.177093267 0.111439705
    -0.0658137202 0.935008109 -0.271654844 0.548628926 0.196335316
    -0.556969404 -0.629850686 -0.499426007 0.887161553 1.04253316
    0.999732792 -0.341340482 1.71919584 -0.632514477 1.76646185
    1.48527122 -0.353636265 1.60060728 1.36517 -0.383575559 0.823033392
    -0.715797782 1.29933333 1.15474272 1.12822866 1.79410315
    -0.757262826 1.36907029 0.15109694 0.807906449 0.460110009
    -0.489998639 0.0760992765 0.00502341986 0.994843781 -0.094322145
    0.184500933 0.666122973 0.502555132 1.02529645 0.417860746
    0.492202163 0.0572081208 1.12534285 0.509581804 0.839574158
    0.214325786 0.483707011 0.0795031786 1.45383382 1.44290721
    -0.20563972 1.32628 -0.114419103 -0.381269813 0.744175792
    -0.256278217 0.843178034 0.774976373 1.57238817 0.476075649
    0.301122963 0.0359200835 -0.473939002 1.40060925 1.47702026
    0.762282014 0.34865582 0.953615248 1.46669745 0.810848296
    -0.566495776 -0.416099757 -0.556439519 0.807667196 -0.199489117
    0.0108736157 0.757174492 1.24289203 0.554644167 1.45636249
    -0.312670469 0.242549598 -0.356258392 1.87341821 0.632122159
    0.845459819 0.60928154 0.384843349 -0.293040216 1.06754827
    -0.531902075 0.0917233825 0.606906593 0.614085734 1.46272755
    0.597288132 0.0227182508 0.891237617 -0.0552217364 0.00172102451
    -0.228181481 1.53884125 1.68811476 1.36656499 0.178570986 1.68716455
    0.896024644 -0.449021637 -0.118450403 -0.082610786 0.918268263
    0.817174435 1.34203351 0.0645421147 0.443061948 1.44644737
    -0.621499419 1.29746997 1.27158177 0.67931515 0.409202576
    -0.387091458 -0.49771142 0.465402424 0.778002203 -0.39626044
    0.83231473 0.360219359 0.47215271 0.0215340853 0.148975551
    1.46150708 0.143587589 1.312549 0.401090622 0.386097014 0.248593628
    0.845527291 1.62108457 1.55256712 -0.18226248 0.232167423
    0.746015608 0.589680016 0.0283709168 0.750161588 -0.112839043
    0.738705277 0.873357534 0.423315346 -0.591788411 -0.227876723
    -0.64470464 -0.332920223 -0.612480879 0.442801952 -0.10821265
    0.337303877 -0.377316087 0.256636858 -0.790915191 0.647971272
    -0.465519577 1.59878731 -0.647717714 -0.292204201 1.61799729
    -0.172886789 1.26369166 0.328910232 1.16988349 0.260163009
    0.624184549 -0.46376881 0.63757652 0.676276386 -0.745500684
    -0.182639241 -0.799278796 0.860568523 0.955624402 1.0849483
    0.899771869 -0.788762569 0.358509183 0.878693342 -0.540382504
    0.8133111 0.850343525 0.692074239 0.566457868 -0.429200381
    1.68002474 1.88403177 1.62118912 1.41886067 -0.545232952 1.46916604
    1.48822093 0.251535952 -0.386394799 1.05243611 1.79239941 1.53708649
    0.0183170438 -0.268006355 0.976391137 1.39938736 0.578233719
    0.631597102 0.952388525 -0.299265504 0.469270349 1.34144413
    1.64312351 -0.590056479 -0.629823923 1.68503094 -0.779191971
    0.650997818 0.872290015 1.68681777 0.182829201 -0.0167711377
    -0.466507167 0.615928054 0.953713894 0.100711882 -0.13905555
    0.44498539 -0.162353337 0.546229303 -0.465294421 -0.547169268
    0.597271383 1.82965493 0.140477121 0.321174204 -0.538443685
    1.14580631 0.933075249 -0.505461037 1.31217766 1.26256669 0.53575027
    1.61646235 1.01703155 1.27554417 1.38434386 -0.497634888 0.174473047
    -0.78642118 0.65183115 1.78716981 -0.109744191 0.739726186
    0.823240459 1.26581717 0.709595978 0.885333538 -0.299296886
    0.451673925 1.04412782 0.720952034 1.52492094 -0.0165885091
    1.37466168 0.496897459 1.03429914 -0.436000854 1.34488869 1.75722146
    0.296354532 -0.887979805 0.87559855 0.358721077 -0.562428951
    -0.432580799 1.81117213 0.579190552 -0.534489274 -0.19050914
    0.0559111238 1.09137964 -0.645617425 -0.208639264 1.43429327
    -0.0513148308 0.247950077 0.857547581 0.883197606 0.166406453
    0.696046472 1.22374558 -0.180545151 0.913689852 0.402641296
    0.970321119 0.73521173 0.274620235 -0.619350553 0.867984772
    1.62914348 0.393006563 1.71075857 0.474656105 -0.356372535
    1.04571009 -0.706057668 1.58499789 0.771611392 -0.569455385
    -0.298897803 1.76846695 0.0282927155 0.138461888 0.423553705
    0.985478878 0.295924127 0.491867185 0.708392382 1.47759247
    1.67287612 -0.192971766 0.0101386309 0.617246687 -0.254022628
    0.701824546 1.52332783 1.74073637 0.475982845 1.39966261 0.927502275
    -0.0100762844 -0.140739977 -0.0308152437 1.63609219 -0.301096529
    0.50243181 -0.312295467 0.801698089 1.21968544 1.5145247 1.09211826
    0.740888536 -0.355335206 1.14506269 -0.468858927 1.36413801
    1.13468385 1.49817193 1.30787969 -0.532865882 0.669835091 1.34056377
    0.589351654 -0.699702978 -0.340805441 0.381039262 -0.260700583
    1.3237859 -0.546278834 1.63397288 0.362333655 0.245865345 1.42997551
    0.497767329 0.613801837 1.28682637 -0.194944501 -0.0292451382
    0.00354164839 0.164180696 0.362547874 0.129352808 -0.427773416
    -0.72187674 0.84091574 0.692204535 1.54890108 0.796680033
    0.777329922 1.01549697 1.12762856 -0.676455796 0.209271848
    0.320817232 -0.229807317 0.131144285 1.34705341 1.1966486 1.24893141
    1.01339507 -0.244288146 0.280514896 -0.383790702 0.0219277143
    1.27847195 0.29122448 -0.474473119 -0.0135071874 0.573808372
    0.375444531 1.01553965 0.701390564 0.648797989 -0.743991435
    1.57055616 0.130821288 -0.0482618213 0.648053646 0.276637733
    1.12037754 0.415423274 -0.541024864 0.588204026 1.47804248
    -0.712545633 1.12397623 -0.125693917 0.705241919 -0.89224577
    0.779188514 1.52753663 0.230893493 1.07371891 -0.155730486
    -0.401143461 1.59366322 0.371682227 0.275556505 1.15500689
    0.756986976 1.76150143 0.402753711 0.0484834313 -0.297367036
    1.24918461 1.24778593 0.139141977 1.15625739 1.6578424 -0.635567427
    0.428931177 -0.0807923675 0.85267055 -0.293958575 1.32374406
    0.0886203051 -0.429273635 0.730837405 0.4033162 1.61320353
    -0.629864156 1.25810194 -0.334699512 -0.240096211 -0.128902078
    1.36051321 1.66702569 -0.277107239 -0.574034035 -0.31720382
    0.666505516 1.6816237 -0.518892229 0.793161571 -0.822350621
    -0.506882787 -0.111912847 1.30132198 0.91101402 -0.480500907
    1.86774302 0.629778743 -0.860594273 1.81444514 -0.170949101
    1.09355283 0.742188513 0.291595101 -0.317865431 0.125256002
    1.31799555 0.638447702 -0.191781342 -0.0666890144 0.139522851
    1.52467906 -0.205174029 0.0521459579 -0.616453528 -0.828803599
    1.60608232 1.09818709 1.20019913 0.794161797 -0.381830752 1.43941879
    -0.702382922 0.77768755 1.20080066 0.400808871 0.352047861
    1.40653563 0.772305548 0.502762139 -0.843169808 1.12585115
    -0.844920695 0.714947045 1.76659012 -0.743299901 0.464498222
    -0.429669857 1.66365314 -0.440431803 0.552909851 0.934642434
    0.965719581 0.695360184 0.113019645 1.46609688 1.01426983 1.57413173
    -0.780044138 1.76275635 -0.319508374 -0.540255547 0.587475717
    0.187766075 1.4034934 0.826242447 0.238949835 0.601555288
    -0.669942021 1.72259104 0.245458364 -0.569262266 0.552850306
    -0.470576286 1.48441696 0.189537644 0.201028347 0.928684592
    0.928065002 0.0591438413 0.573878884 -0.111568809 1.14345264
    -0.496591717 0.280854106 0.302332342 0.960783899 -0.437128961
    1.84431028 -0.155520558 -0.525520205 -0.536455035 -0.725396335
    0.239579439 0.677806377 0.310942292 1.55671811 1.60395026 1.80121636
    -0.757909298 0.894019425 1.76764941 -0.762913525 0.240300417
    0.207813382 0.411294341 0.178999245 1.1247921 1.59782743 1.17019784
    0.41881907 1.53562999 -0.418413073 1.02991498 -0.434564024
    -0.0405755639 1.35828054 -0.748256207 1.61703074 -0.681468844
    1.3766799 0.40162468 1.09611297 0.596832454 0.620488524 0.316733003
    -0.434168816 -0.514411688 0.190761745 -0.681771874 -0.0973936915
    0.321913123 1.27181995 1.35021675 0.566881418 1.71767235 0.532632232
    -0.591953576 1.41196918 -0.566865027 -0.611619413 0.917937636
    -0.33605957 1.20132971 1.34705651 -0.71945256 0.0626239181
    -0.313949049 0.162889719 1.76732075 0.85115242 0.89440465 1.0747664
    -0.338790536 0.772679746 0.642782092 0.149430633 1.40950465
    -0.191589773 -0.37992084 0.786242366 -0.0530024767 0.357380569
    0.691737592 0.731254697 0.84340018 0.626022398 0.297312737
    0.157957315 0.713575482 -0.20089978 1.01561308 0.255693614
    0.668105304 0.0167423487 -0.0326198936 1.62943554 -0.231248975
    0.87062943 1.32768846 1.30256629 -0.0976029634 0.517158091
    -0.416362375 -0.105940461 -0.156645238 -0.137540698 0.386302888
    1.33704162 1.21254182 0.347286999 0.254044771 1.51616359
    -0.341535449 1.24191189 1.46730494 0.196596801 -0.641714692
    1.10268402 1.6710341 0.905602455 0.0898922086 -0.192106187
    -0.0196684003 1.35904694 1.57434559 0.636059582 0.330062807
    1.10590601 0.217831552 1.6393013 1.04657245 0.630683422
    0.00533032417 1.68875456 1.46581447 1.74322701 -0.494823664
    -0.0473213792 1.57509983 -0.255029202 0.0369403362 0.755359709
    0.439934552 0.553574264 -0.459226698 0.707229495 0.187858224
    1.4782002 -0.302188575 -0.419122308 -0.0193687081 0.415291131
    1.55675459 -0.363917083 1.49635887 0.981307626 1.80496585 1.57728171
    -0.06965065 0.0728771091 -0.0146581531 -0.174746633 1.46274006
    0.987741292 0.713539362 0.16813755 -0.795179725 1.77005446
    0.54590112 0.229982674 -0.402127385 -0.359031916 1.57134771
    0.0156195164 0.503931105 1.25604808 -0.374334633 0.528955638
    0.331180513 -0.646906972 0.136039972 1.02172518 0.623146057
    1.57322669 -0.81653899 0.789252579 1.8047173 1.12444258 0.327646017
    0.657155871 0.823227823 0.46681726 0.174934447 -0.604425132
    -0.600952208 1.69631469 0.543141186 0.582455754 1.42358339
    -0.532173753 1.03693223 1.70964003 -0.405792654 0.209855437
    0.873806715 -0.948516428 1.69581401 1.1949358 -0.352137685
    -0.566255987 0.69816637 -0.350333422 0.0410634875 -0.443685234
    0.00984060764 1.65366781 1.59544492 1.23595095 0.439079285
    0.109813213 1.43766057 1.02420342 1.6832546 -0.605088353 1.2015264
    0.604674757 1.62776458 -0.602813363 -0.619388819 1.52591872
    1.28017306 0.298117757 -0.102370858 -0.744234025 1.32209277
    0.119463503 0.731769741 1.51126397 1.30499506 1.07618594 0.715310454
    1.18745828 -0.77424562 1.58397412 1.10689807 1.17163301
    -0.0510561466 1.26984978 -0.560838938 1.27460194 0.466388226
    1.03240609 0.718394518 0.80829072 -0.325591743 1.58921361
    0.0952538848 0.311214209 -0.532939255 -0.56588304 -0.749419689
    -0.444330484 0.352226019 1.27969933 1.81793201 -0.0970498323
    -0.53489399 1.21094036 1.17480278 -0.216781259 1.57859516
    -0.213497341 0.520839274 -0.50051254 -0.182541907 1.18735695
    1.31590104 0.259792447 1.01050317 0.901778579 -0.43156147
    -0.395807445 0.785274863 0.0891726017 -0.877434611 1.49100733
    0.281795919 0.734112859 -0.195192814 0.440687239 1.32772541
    -0.666423738 -0.840096235 -0.0395243168 1.02107716 0.516183257
    -0.717980742 -0.134996414 -0.0768449903 0.635715425 0.336061895
    1.84905982 -0.315639168 1.20078802 -0.65814966 1.14625669
    0.166987121 0.035295248 -0.57784909 0.225995898 -0.698135018
    0.204687297 -0.727040172 0.765807033 0.501241624 0.260191739
    -0.0187679529 -0.799391985 1.54279041 0.876495123 -0.0877010822
    1.62686682 -0.161790311 -0.0274068117 -0.793330491 1.81728458
    -0.423973858 1.77079988 1.23555732 0.954015613 -0.746476173
    0.942547441 -0.267297804 0.629170358 -0.383932352 0.913808644
    1.10085058 1.19495153 1.63915777 1.20971203 1.71887457 1.41418087
    -0.653174818 -0.558753014 0.507299602 0.966053367 -0.039904952
    -0.533383667 1.52416515 -0.407542318 0.456648767 1.73976588
    -0.81925112 0.388177872 0.628518581 1.59166074 0.396360278
    1.43367124 0.407119691 -0.631012797 1.23296368 0.96968472
    -0.151472032 0.913124144 1.39432037 1.65286112 1.33474553
    0.387524366 -0.502912462 0.458735883 0.480298102 1.05296147
    1.76787686 0.567779124 -0.283533573 -0.642408073 1.47839856
    1.35305977 1.42631054 -0.262593627 1.44739056 0.701559842
    -0.711651623 1.46777868 0.786936283 1.01942444 -0.1261397
    0.654712319 0.555495262 1.58793044 -0.162509322 0.544497848
    -0.134307921 1.78660321 1.56817865 -0.380755663 1.21355057
    1.69194198 0.319815159 -0.0444273949 1.10845065 1.48448849
    0.582764745 0.365239382 0.0676025748 0.528336287 -0.06710428
    1.17994964 0.769707084 0.330224335 0.954767466 1.15262341
    -0.513127685 -0.343097985 0.0711157322 0.937937081 -0.590677142
    0.378991604 1.67071068 -0.0743194222 -0.674692154 0.644107163
    0.46670419 1.27766347 0.635314405 0.340800762 1.56608796
    -0.332960427 -0.166302264 0.875697672 1.5513773 1.46008563
    -0.0985938907 0.718028784 -0.518836439 1.31521535 -0.355389506
    1.0520221 1.63539052 0.32509762 0.535628319 1.14472866 0.19461149
    -0.428755045 -0.630858541 0.0233185887 1.22024977 -0.718890429
    1.32724237 1.23303413 -0.447584629 0.554311454 -0.530960917
    1.53521109 0.569161952 -0.67264837 0.8657974 0.552135944 1.55248439
    0.367898464 1.5022279 1.034307 1.5365057 0.167264223 0.583028018
    -0.769777358 0.684652627 -0.120812416 1.58563256 -0.168548942
    -0.0934770703 -0.781323016 0.916565776 -0.161931813 0.883696377
    1.37631428 -0.221281886 -0.522660732 0.0123913288 1.07964468
    -0.122842193 0.986629248 1.15230691 0.558852077 0.493089557
    1.48613596 -0.887127578 0.481672645 -0.0303962827 0.450578153
    -0.384873092 0.0325031877 1.33637404 0.285464227 0.432317913
    0.346740723 0.209502578 0.471601963 1.28459179 1.43511748 0.94692421
    -0.658343196 0.0953564048 0.416397452 -0.391081363 1.30942416
    1.3475697 0.482031763 1.36753023 1.05235958 1.47860634 0.854431152
    -0.755919516 1.12054312 1.63788128 0.220227301 1.43281436 1.76896501
    -0.568065166 -0.151369691 0.4372316 0.696192265 -0.0914179683
    1.37089837 1.68802333 -0.475342244 0.988907754 0.912268341
    0.209949672 0.432877123 -0.00468713045 0.249437928 1.24938524
    0.725615919 -0.485153884 0.0690853596 1.64092445 1.5736146
    0.625468612 1.10737526 -0.61867547 1.582551 0.73461467 -0.0696355104
    -0.773989439 0.256682932 1.35874081 0.862235665 0.566416025
    0.896995008 0.879889429 1.30025625 -0.477871388 1.81718016
    -0.58641839 1.68785632 -0.566614389 1.28934932 1.06618118 1.3802141
    -0.203300208 0.544024944 -0.527326226 1.50842929 1.72125018
    -0.452903122 1.64895725 1.55271769 0.145624638 0.929261625
    -0.106299698 -0.0491543412 1.74999237 1.63858283 0.0199469924
    1.28618026 0.349834442 -0.311178088 1.57997894 1.56642413
    -0.30771336 -0.490664601 -0.525677323 1.49889278 -0.284578145
    0.621798038 0.136568248 0.871014237 0.927326381 -0.258960664
    0.637999356 0.812265813 0.579967082 -0.842489839 1.24744678
    -0.841904104 -0.34659785 -0.526209474 1.46337938 1.05277216
    1.83277297 -0.174648821 0.366143942 -0.377885759 0.898308456
    0.781770349 0.261514246 1.75199103 -0.257939279 -0.513140678
    0.847231567 1.34138536 0.80526489 0.475770533 -0.436294019
    0.868207633 -0.354672134 0.860926449 -0.746124148 0.119638979
    -0.629166484 1.46228838 0.156872749 1.47218978 1.1740222 0.387710452
    -0.168792784 1.51549947 -0.616309285 0.550480366 0.265978456
    0.613302648 1.54668224 1.17674088 0.668722391 0.180373132
    0.142996371 1.26215613 0.797640383 0.379911065 -0.233787894
    0.860528708 -0.342948258 -0.795858562 1.38880301 0.968657434
    -0.0487530828 1.42730081 -0.3822577 -0.490758657 0.637953818
    0.0838920474 0.683268964 0.0123819113 0.35835427 0.653383613
    0.33406055 1.48664725 1.14819169 1.30859375 0.236786962 1.09295249
    -0.131025553 -0.553019881 0.140516698 0.862024188 0.51362592
    1.11679721 1.87521434 1.18916273 -0.681782722 -0.456930578
    -0.697474003 1.7689662 -0.263559103 -0.379851997 0.316846251
    0.192884445 -0.564193368 0.236523569 0.512631238 -0.456393242
    0.802663326 1.1796385 1.52792859 0.247460842 1.70331585 0.237611353
    0.563592732 0.952492476 -0.421222538 0.210114658 1.73326409
    -0.421373606 0.274795711 0.32485497 0.228507936 -0.269675374
    -0.44933936 -0.595789671 1.63652873 0.814624429 0.860903442
    -0.761148274 0.246877968 1.79386425 -0.228243172 -0.546041489
    1.00369334 0.92193377 1.38674498 0.182273984 0.990112901
    -0.0942494273 0.424480617 -0.461061418 1.4960289 1.0796771
    0.637669981 0.0654730201 0.972480774 1.08357894 0.285627723
    1.44915819 0.0265928507 1.74368322 0.32595855 -0.0662581325
    1.6448251 -0.791563392 0.28756994 -0.0389530659 0.424681485
    -0.278507471 1.29052591 1.42892575 -0.169465899 0.0232225657
    0.192445636 -0.104961932 1.43855155 1.13409543 -0.140393198
    1.78782523 -0.459932238 -0.184521198 -0.0646670461 0.453382492
    0.490294814 0.624008417 0.144050539 0.317463756 0.142797112
    -0.714286625 0.93430233 0.492980063 1.62621903 -0.510624647
    -0.00186061859 -0.294351757 -0.502768457 1.04515266 -0.52561897
    1.29232478 1.0160265 1.4961369 0.620190561 -0.143196642 0.0593509078
    1.16689992 -0.681561232 1.60812163 1.79062319 0.0519454479
    0.401239872 0.527489066 -0.635090947 1.20717144 0.14070183
    -0.366357863 0.645079136 1.65275145 -0.0428347588 0.624408424
    1.49398291 0.69946909 0.427385151 1.10050881 1.5378139 -0.739174783
    1.6439352 -0.4726533 0.969513178 0.869717062 0.475726247 1.48919082
    0.144968331 0.26279372 0.696847677 -0.152233422 1.60711694
    0.0371348262 0.389052093 -0.511226654 1.48571968 1.14353418
    0.674609959 1.28681803 0.0361815691 1.51208949 1.0615828 0.54763341
    0.233894527 -0.226505756 -0.105580568 0.279208302 -0.632659793
    0.477942705 1.17610192 -0.426380724 -0.819855213 1.59583402
    -0.502146482 1.73392475 1.60092735 1.07695413 1.20825982 0.154346764
    1.36383986 -0.554617643 -0.0489391088 0.774720907 1.26810813
    1.46414387 0.176420033 0.156281054 -0.315925896 0.308974564
    0.410102546 1.36705136 0.0920048952 0.591767311 0.413444281
    0.0306591988 -0.141990662 0.819309354 -0.348333687 -0.301948369
    0.962682247 0.653323829 1.23160422 0.450654209 1.62453914 1.30457711
    -0.75791657 0.420039237 0.24794358 0.0507944822 0.111956716
    0.559914708 -0.124800384 1.61440456 0.123909056 0.629748404
    -0.0346070528 0.062315166 0.630981386 -0.30604279 -0.180583894
    -0.602810919 1.67792106 0.676727533 -0.133491993 0.159964502
    1.73039007 0.32126534 0.985738575 -0.848838568 1.5540514 0.879451752
    0.456707418 0.955865026 1.30572653 -0.444624215 0.623734891
    1.27191162 1.32032633 -0.248759389 -0.234696686 -0.458247989
    1.2688508 -0.0130869746 1.78244162 1.5758636 1.16079485 -0.577805281
    -0.796717107 1.2548126 1.49673975 1.16233969 1.61383533 -0.477184266
    -0.452984393 0.0128472447 1.83787465 1.44348896 -0.795717299
    0.454490185 -0.481368482 -0.00816893578 0.0760392547 0.99867022
    0.119770527 1.02981925 1.39134955 -0.261348188 1.29045761 -0.1886428
    1.11338472 0.654605746 1.21105993 1.24283433 0.0932922363 0.65616852
    0.768779874 1.41144896 1.86625826 1.85612035 -0.312220693
    0.850143135 1.19261169 0.976653457 1.80329752 -0.62654233 1.37565756
    -0.0745036006 -0.297427535 0.897116661 -0.420125902 0.90536207
    1.68549514 0.312964737 -0.159577429 0.22006309 0.868392229
    1.32798433 0.00992554426 -0.426885366 0.149242818 -0.451877624
    -0.561764717 0.746114969 -0.665607631 0.880230665 -0.649318099
    0.162161827 0.732642293 1.62647581 1.55260205 0.927866578
    0.750542819 1.32619572 1.27758455 -0.412565529 1.66358805
    -0.495716423 1.0824542 0.438510716 1.58480978 -0.697617829
    -0.687892735 0.681979597 1.58314872 0.22505784 -0.812852085
    1.36943972 -0.0445203781 0.254631519 -0.204199612 -0.0617281795
    -0.200261533 0.718230784 1.09794259 1.30673182 1.53282499 1.47520065
    0.94065249 0.268233418 1.12038207 1.71541309 -0.278959036
    0.0365266204 1.67208862 0.13625443 1.56368399 1.59003758
    -0.717199922 -0.840864062 0.922250688 -0.500448585 0.999473929
    0.683611691 1.54967439 -0.27967453 0.706761181 -0.711860299
    -0.176325321 1.58968639 1.06547785 0.932239354 0.690973222
    0.484655738 0.593609393 0.78265202 0.345866382 0.247258723
    -0.558202505 0.701028526 0.0748378634 -0.572282553 -0.55681628
    1.11853874 0.29650408 0.890448868 -0.671248436 1.18249035
    0.477870941 0.0628402829 0.905483305 -0.434284896 1.14871478
    -0.599177718 0.634893835 0.654686034 1.53777385 -0.649534345
    0.715145707 -0.786178708 1.50906444 -0.749928653 1.39211035
    0.0760941505 0.369937539 0.560614705 -0.198977351 0.563280165
    0.614576161 -0.645710588 0.127347231 0.453984916 1.00168455
    1.13763714 0.564382315 0.158553541 -0.46581009 0.738471985
    1.06369829 -0.235963345 1.51223898 0.846707523 1.05210423
    0.725181162 0.0298720002 1.24084544 0.825839639 -0.462483376
    0.54271239 1.12470996 -0.380236328 0.723319054 -0.16238904
    -0.387030721 0.623827279 0.55594945 1.83037567 1.34074879 1.63549912
    -0.659837484 -0.733822227 0.941679716 0.27622503 1.68575025
    1.09320426 -0.636971593 0.0566295385 1.21522617 1.00633383
    0.574510515 -0.802087426 0.283182561 -0.109153152 -0.000763773918
    0.776938498 -0.495652735 1.67523026 -0.655822277 -0.124782324
    0.106148303 1.07995296 1.81707966 0.811416924 -0.631950319
    1.40895009 -0.657221675 -0.217896283 0.899025798 -0.163294494
    0.735393584 -0.230322182 1.63062668 1.31059468 -0.74018836
    0.676341653 0.159989834 1.19314313 1.472965 0.129369438 0.0599340796
    -0.848149836 1.57126522 0.707715571 1.26055002 -0.157608807
    -0.230369568 -0.00930023193 -0.494911373 1.42583036 1.14996886
    1.23601151 -0.439978063 0.926216304 0.0381014943 1.36091161
    1.24036372 0.281711102 -0.388864279 0.91391784 -0.356879294
    1.36294615 0.645822883 0.189969122 0.446235418 0.785368741
    -0.468443334 0.740350127 1.1517396 -0.158947408 0.0379680991
    -0.381780982 0.0325419903 -0.448163599 1.7985332 0.409504175
    1.3649652 0.924514294 -0.394204438 1.57318497 0.0689088106
    -0.695972741 0.426712453 0.458150268 1.01059175 -0.0178386569
    1.72263348 -0.612676263 1.54134369 1.71043658 -0.658477664
    -0.4097794 -0.509865761 1.10837591 0.266473353 -0.564593315
    1.43954515 -0.612386048 0.864300013 1.56638837 0.908345759
    -0.121927142 1.30804253 0.653874815 0.557405233 1.04541469
    1.22128761 0.173917174 0.345814228 0.329949975 1.01823044
    -0.468600333 1.15006256 -0.732997775 0.307116449 1.71610618
    1.15053618 0.449434757 0.535773814 1.43178153 0.749996722 1.04086161
    1.08315527 -0.244898319 1.83886981 -0.393860608 1.02618003
    1.71342504 -0.793225884 1.66414785 -0.301986039 1.83860481
    -0.187047243 0.0182858706 0.725474834 -0.0275742412 1.65749013
    1.5738709 1.13027024 -0.885223567 0.723895788 -0.125737309
    0.631610334 1.5035038 1.12795162 -0.980836809 0.6281479 1.41977835
    -0.401623011 0.119351625 1.33400416 0.077055335 0.035367012
    0.795537233 0.474229395 -0.233580112 1.6313045 0.610257626
    -0.348660827 0.625450611 0.692479849 1.56021667 1.60913944
    -0.30252248 -0.194096208 -0.379453421 1.65970266 -0.280718625
    0.635867 0.951898336 1.58897412 -0.0933043361 1.13156009 1.65493727
    -0.0139348507 1.73964691 0.0768907666 0.528044522 0.855051517
    1.63623238 0.923591375 0.160279155 -0.0282123089 1.55668712
    -0.0840930343 0.497659266 -0.0176949501 1.65239847 -0.734305143
    1.68688226 1.22553253 0.266057491 1.27681303 0.85245502 0.523549557
    1.52255988 0.142750144 0.0896464586 -0.340666711 0.392029464
    0.505273759 0.418610573 1.56230438 1.32069325 -0.38738358 1.69523323
    1.78039861 -0.158605635 1.05034029 0.833076119 1.49231219
    0.579845071 0.785882533 1.50950575 0.726097345 1.01735604
    -0.0310583711 1.62528789 -0.834991157 0.426698565 0.269173086
    1.75228953 1.26680195 0.399816871 0.651757061 -0.689026535
    0.331590891 1.56122303 0.945868611 0.554643393 0.800892711
    -0.642055273 1.50573421 0.905290306 0.902346492 -0.325703204
    0.473903 -0.143647075 1.51054263 1.38422275 0.586452246 1.19830465
    0.240744054 0.175443232 1.16328597 0.413433194 -0.649178267
    1.34618485 -0.324419498 1.60301316 1.84152985 -0.199058115
    -0.425906062 -0.699141204 1.26929593 1.7179141 0.388355076
    0.446689308 -0.733939171 0.301561534 0.0331255198 1.04286194
    0.357322216 -0.702232003 0.762036622 -0.409748137 0.248856843
    1.20567453 1.63278186 1.03426695 1.00749302 1.17818213 0.813729525
    -0.143371165 1.74428797 -0.0879049301 -0.121214926 1.42685926
    -0.595468104 -0.270202428 1.70106125 0.753263414 0.816232204
    1.61746156 1.51783872 1.40654993 1.4614985 -0.823295772
    -0.0381470919 -0.379444182 0.148781896 0.0776994824 1.41028285
    0.778590977 0.0420722961 -0.0316479802 1.73461819 1.63900566
    0.191583633 1.27717555 1.48127556 -0.321532011 1.23767614
    -0.263493359 0.788667858 1.51927364 -0.596294761 1.67812693
    1.41737425 0.780251503 -0.105959773 -0.554472268 -0.716729283
    1.2243042 1.13570499 0.173927724 -0.051795423 0.435122073 1.26000166
    -0.61688453 0.286453962 0.0871055126 0.833492994 1.10985124
    0.998476028 0.60080415 1.65085328 -0.257109642 -0.585392356
    0.585912526 -0.0675224066 1.33320117 1.49163055 -0.244843245
    0.152169585 0.770974815 0.0915302038 -0.0751307607 0.0863602757
    1.19211602 1.82634115 1.70216894 -0.413882345 -0.508678079
    1.09226418 0.0175933242 1.86239445 -0.069423914 1.12997746
    -0.577294171 -0.727431297 1.02031493 1.15655756 -0.0665476322
    1.11950827 0.445176661 -0.835168779 1.81352115 1.03858852 2.09098649
    0.210787058 0.947337747 0.0604023933 -0.326238751 1.47961259
    0.212110817 1.43707681 1.56605768 0.699828863 -0.693708181
    1.23213947 0.86429286 1.4018333 -0.0388838649 1.74717569
    -0.350398153 -0.696225703 -0.472303122 1.48337793 -0.560571074
    0.356309414 0.679898143 1.14463985 0.937426627 1.4793849 1.03714228
    0.480756521 1.8550961 1.47641063 0.251233697 -0.0259512663
    -0.642810464 1.27289546 -0.821421266 1.19254422 0.7394979
    -0.809197366 0.141393185 1.55598688 0.983022451 0.397190809
    1.04490054 1.18175375 1.36513329 0.314562261 1.58411479 1.36183453
    1.20866466 1.36088085 -0.194777429 -0.555617034 -0.480164498
    0.555313468 -0.326398671 1.22370696 0.290652394 -0.565217376
    0.620523989 1.29759097 0.322039485 -0.783619046 1.40104759
    1.09084749 0.340740383 -0.73464191 -0.481101006 -0.779101372
    -0.165986717 -0.268062472 1.19595003 1.05116451 -0.778322875
    -0.140092015 0.663720131 0.420518577 -0.0375832915 0.200384915
    1.26494932 1.35854793 1.02262104 1.53479636 1.27631378 0.373394608
    1.22656775 1.36564124 -0.420554817 -0.77656585 -0.53521955
    0.872030556 1.00499725 -0.555928349 0.601045609 1.07391596
    0.938010097 -0.413653433 1.18460059 0.357895792 1.11161828
    0.98679024 -0.385002136 -0.83273989 -0.229314148 0.0181722045
    0.620333254 -0.36137557 0.222032428 -0.724509716 0.775153458
    0.940296412 -0.762634635 1.79360831 -0.695146918 0.88196826
    -0.0300729275 1.61394107 1.1216011 1.60215664 0.86939311
    -0.735812724 0.452426136 -0.484324336 -0.380002499 0.436130345
    0.132716596 0.219347477 0.331457734 -0.23415029 1.69019258
    1.04283226 -0.145628035 0.621777534 -0.174720168 0.704465032
    1.47940254 -0.30022788 -0.755963802 -0.77224499 -0.655170083
    0.249737263 1.01140177 -0.205681562 1.23477983 -0.266663432
    1.62990558 1.6421051 1.34560466 0.887723148 0.497227311 0.362540126
    -0.703524351 1.89218497 0.0929893255 0.096606493 0.647140026
    1.87213397 -0.152331471 1.85436821 0.44978708 -0.664277911
    -0.604279399 0.0266564488 1.41214943 1.27550101 1.38331413 1.630826
    0.188460231 0.86888814 -0.33590734 1.32321036 -0.167887568
    -0.23792541 1.76721227 0.901995897 0.870763481 0.152408779
    0.471287012 0.202622056 0.698916554 0.824402511 -0.436334014
    0.260843575 1.4067266 0.0194601417 0.670582354 0.0836790204
    -0.111869872 0.836034477 0.31287533 -0.439323246 -0.518416524
    0.0854193568 1.15315747 0.693247676 0.552938163 -0.438498557
    0.275985658 0.17828685 0.533401549 1.54772019 0.309041262 1.34454775
    -0.0900591612 -0.760609686 0.818465114 0.948518157 -0.670018852
    0.721611381 0.319996655 0.317911208 1.4647429 1.60412252
    -0.832346797 0.319463968 0.0173484087 -0.529389024 1.53758097
    0.763782024 1.51359773 -0.671747029 1.37485909 0.374176681
    -0.310746074 -0.66122961 1.41038489 0.124180794 1.33828974
    -0.82999438 0.995528221 0.895556569 1.73325443 0.592104733
    -0.635353208 1.31662869 -0.0485396385 0.328082561 -0.636281133
    0.510620654 0.715405226 0.945397198 1.50561035 -0.154769301
    -0.284171402 0.995231926 -0.439512342 -0.0338289738 0.662094891
    -0.576928079 -0.68002373 1.19333124 0.605068088 0.442042232
    1.77744269 -0.105847061 0.438717425 1.13137126 1.09418035 1.69801164
    -0.666147828 0.838222682 1.77352476 -0.431982875 -0.808404207
    0.277403772 1.47469807 1.56660676 1.20168495 -0.405220389 0.84529233
    0.540039122 -0.319625646 0.125648558 1.39238095 -0.432225883
    -0.40474081 0.386812508 1.90752947 1.64014316 -0.509214163
    -0.0611741543 0.641700625 1.2000289 0.440085888 -0.418959409
    -0.601618648 0.140079141 1.39324665 -0.735653698 0.980891347
    0.549253821 1.2190721 0.221031308 0.770650983 -0.435180664
    1.43541336 0.864843309 1.42229533 -0.525610924 1.29633379 0.69673872
    -0.812486291 0.896057963 0.951173007 1.36173463 -0.683720589
    0.700899601 1.17949724 0.0730799437 -0.0248657465 1.88829851
    -0.49467805 1.512465 -0.474183947 -0.185203552 1.59498405 1.65471506
    0.9931494 -0.329005003 0.275052786 0.203192413 1.25524521 1.32569122
    1.07299447 -0.469838619 1.25843787 0.197755516 0.584976315
    0.950429916 1.21135616 0.418588102 1.2012825 -0.645372748
    -0.806582332 1.59853017 1.04434466 1.43262982 0.0770289302
    -0.696947932 -0.804300666 -0.288789749 -0.063726604 1.5202167
    0.00528651476 1.26195645 1.69764841 0.0150087476 0.103473127
    -0.655933797 -0.589970469 -0.57527554 0.472371399 1.36295617
    0.737992465 -0.378179461 -0.283421099 1.19373834 0.723834991
    0.273349583 1.42434859 0.300509691 0.685245991 1.14116168
    0.862116575 1.63785291 -0.555841982 -0.274443626 -0.5619995
    -0.28073746 1.68522453 0.717491984 0.407627881 0.68322885 1.2630229
    -0.871042848 -0.499470621 -0.787449658 1.67001629 1.21476448
    0.0626150966 1.62601113 0.434871912 1.30651903 1.65431476
    -0.273438632 -0.0132924318 0.587295175 1.60299087 1.64115429
    -0.227104425 -0.0460883379 0.736298859 -0.556195319 -0.764288962
    1.25718868 0.270760536 -0.764234126 -0.185134113 1.35662341
    1.23976314 0.273192942 0.760191917 -0.641236186 -0.0361387134
    0.364267468 0.549825668 0.264716983 1.96102488 0.257562697
    -0.405320168 -0.553090692 -0.401527673 -0.382907242 0.185004234
    1.54955113 0.201369822 -0.219035625 1.39532471 -0.12900579
    0.524263024 0.95327276 1.41655445 1.49727011 -0.450197011 1.7290107
    1.25435042 1.35886645 0.276197672 -0.0730796456 0.0470152497
    0.982505441 0.645317554 -0.268422663 0.0891566873 -0.298080206
    -0.0914672017 -0.487673581 0.315622628 1.12766767 0.630439222
    0.361291409 0.909127891 0.287414372 1.77047181 1.11444473
    0.880111456 0.468894601 1.13556957 1.22761285 -0.222854137
    0.880489469 -0.681240261 1.00277817 -0.605640113 1.66768217
    0.994649827 0.715301633 1.1808728 -0.0472980142 0.351039171
    1.43293166 1.54036069 1.47514462 1.67510307 0.0630054474 1.79349768
    0.263766229 0.721224546 1.5662744 0.0295487642 -0.418043733
    0.922864735 0.514467835 -0.243849993 1.40096521 1.47494388
    0.350541651 1.19113719 0.129233956 0.0691127777 1.14036012
    0.540540218 -0.253069818 1.48940206 1.17527163 0.327640474
    -0.338737309 0.780412614 0.0897037983 0.552827954 -0.532236099
    -0.260037661 0.579013646 -0.278652191 -0.429054767 1.1196059
    1.41319478 -0.0113821626 0.0608408451 -0.350138485 1.4795922
    0.697022378 1.92279804 0.274386466 -0.0333351493 1.566836 1.0527643
    0.311292052 1.22793198 -0.0856247544 0.389592052 1.23969603
    0.79644376 0.102501452 -0.172593057 1.88556314 -0.673392892
    0.102938175 1.00600266 0.671581864 0.0589228868 1.83581042
    -0.132091641 0.455523431 -0.506167412 0.0496426225 -0.720419526
    0.563898742 1.06791592 0.92677319 -0.331625015 -0.200861961
    -0.305230618 -0.722135782 -0.73433131 1.14103401 -0.113275707
    0.10545665 0.564181507 0.467220962 0.652929723 1.39931917 1.28105199
    -0.307558775 -0.78496629 0.232393742 0.727142215 0.0567239523
    0.887833118 1.68410659 1.12288427 0.0599253178 0.770869553
    -0.370757818 1.52143586 0.921644032 0.626027286 0.985182881
    0.659980774 0.546888411 0.477708995 -0.220595241 -0.26014936
    -0.358376414 0.56612277 -0.467373848 0.883299828 1.14467192
    1.12368202 1.07631493 -0.408650756 -0.0527867079 0.299849331
    -0.725408792 -0.00673365593 -0.46952945 0.628988028 -0.560203552
    0.0722258687 0.414368033 0.549181879 0.22557807 1.45652461
    1.05763602 -0.0226231813 1.59589708 1.47626925 0.0653591156
    0.295032024 1.75901234 -0.594995081 -0.126094401 1.5251863
    0.430116117 1.70001721 0.654364347 1.05270553 0.779949427
    -0.532472908 -0.400596768 0.897443414 0.327264786 1.31763577
    -0.41393587 1.57953668 0.372608185 1.73347068 0.487186909
    -0.545712173 0.374595463 1.30053723 -0.504118621 0.343555033
    -0.410916418 0.0735672116 -0.170903504 1.59547424 0.147282124
    -0.582983077 -0.274325281 0.127270699 -0.212361991 1.17145872
    1.61197507 0.648608506 -0.753596783 1.66392159 0.271564126
    -0.616149902 1.63453388 0.753400803 -0.675880551 0.240310013
    1.49618864 0.449723542 0.297804475 0.503052175 1.3042357
    -0.192682683 0.162276626 1.51641941 0.901052535 0.202927113
    1.18088996 0.304963231 1.61655867 1.21505153 1.15094471 -0.54916048
    1.51034057 1.17280126 -0.619379163 1.18828559 0.838114321 1.05585408
    1.60178852 -0.805440009 0.345939934 1.74939871 -0.519722223
    0.438041091 0.384555399 -0.284415156 -0.420195431 -0.389906675
    0.589311063 0.119723618 -0.0767220855 -0.0457333326 0.831415594
    -0.29647848 -0.474975705 0.380631983 1.17509842 1.29305291
    -0.440373272 -0.661468148 -0.732013643 -0.00411748886 -0.319790363
    -0.0235053301 0.0953855515 0.619921684 0.399088144 0.824969113
    1.01214242 1.14736295 1.45861053 -0.151916385 -0.0534835458
    0.485790908 0.814042687 1.77027845 0.584344983 0.294620574
    0.387853622 0.638992548 -0.290422976 0.533912957 1.60520983
    -0.152193964 1.55413246 1.57550645 0.163111985 0.216067791
    -0.234494328 1.83918381 0.0885033607 -0.686069608 0.00664246082
    1.73449624 -0.583659291 0.568217874 0.898577332 0.897177696
    -0.231401086 0.969300747 0.906413555 -0.776546836 1.55940819
    -0.291790724 1.29437399 0.230315745 -0.477857411 -0.106096685
    1.54698479 1.47402692 0.792201757 1.6436832 0.0494304299
    -0.646844149 -0.109810233 -0.805301666 0.490709424 -0.207353234
    1.44979548 1.77183151 1.45840406 -0.447027802 0.594167829 1.45452309
    -0.649552226 1.4949863 0.390955269 0.455633819 1.53455448
    0.695693195 0.0681462288 0.281738758 -0.452247143 -0.175553203
    1.1906271 0.120459497 0.524102151 1.62150884 1.31973219 1.71933317
    -0.375589401 0.524221838 -0.388203114 -0.0110565424 0.865626574
    0.722670197 1.37027001 1.15564597 -0.577893496 -0.5932284
    0.0309066772 0.151850402 -0.335488051 1.05057585 1.03534055
    -0.684938669 -0.289491415 1.23766732 -0.248033464 -0.510616302
    0.503483176 0.53478539 0.624698162 -0.736790895 1.35726929
    0.870975852 1.60158813 -0.178246915 -0.622343123 0.185600877
    -0.349042654 1.5688262 0.0389221907 1.1257987 1.57044268 0.304362297
    -0.51377368 0.0490896106 1.74122572 1.47222769 -0.241413772
    -0.266715527 1.45350337 1.74457252 1.18599629 -0.667895913
    0.0375959277 0.571741045 0.597043931 -0.710767806 0.108716905
    0.628165424 1.73702025 0.866117358 -0.648207724 -0.706080139
    -0.559367537 -0.745517373 1.5321002 1.05422306 1.7343452
    -0.524250746 -0.40054509 0.00791019201 0.200296879 0.508347094
    1.6014955 0.0803947449 0.519043863 -0.71142143 0.642915606
    0.0231220126 1.79439902 0.986126184 0.657403827 1.00956488
    1.30225778 0.277070642 -0.00874090195 1.45186222 1.17435527
    1.23392177 -0.0474396944 -0.682485819 -0.936664224 1.26015866
    0.692668855 0.298504531 -0.398068637 -0.524969816 -0.314192593
    1.21691716 0.569779932 0.121141613 -0.209970772 1.57650065
    1.23077452 0.499933898 0.781815469 -0.370864272 0.119356155
    -0.0398035645 0.276605904 -0.280834526 1.39660764 -0.289191604
    0.296715856 0.850067675 0.810611904 0.955426753 -0.562146127
    1.73431051 1.68775773 1.63623357 1.2081244 1.71126628 1.17040873
    -0.155960262 -0.352560341 1.55862689 1.3317219 0.282993555
    0.301116824 0.540071428 1.23452282 -0.549810767 1.53397942
    1.19586825 -0.175687075 0.805850506 1.00908923 -0.180897593
    1.56651962 0.533938289 -0.400510699 0.896009624 0.113327622
    -0.235843599 0.918543339 -0.221822441 0.817913115 -0.187620938
    0.995573103 1.49653447 1.1478709 1.44974709 1.56298828 0.823943794
    1.2512064 1.20530295 0.878423274 0.634377718 0.579798818
    -0.0824596882 0.0173464417 -0.345998585 0.894812584 0.956559777
    -0.199835658 0.0158411264 -0.171042621 0.0904117227 0.804885983
    0.0214394331 1.71860528 0.2303617 0.45239377 0.951863527 1.79888439
    1.40102053 -0.679058313 0.828444064 -0.365206808 -0.211819291
    -0.0647374988 0.00647735596 -0.441604525 0.532278001 0.475529373
    0.505019069 -0.464939982 -0.0749325156 -0.607410312 -0.578606963
    -0.445528299 1.71326911 0.7977615 0.386155188 -0.550483227 1.2925148
    0.783938587 1.32568836 0.713483274 0.380155802 0.641758621
    1.55400133 -0.523640096 0.601834357 -0.441557735 -0.0190461278
    0.530123889 1.32907045 -0.682226419 0.815674961 -0.593700647
    0.708257198 0.484366596 0.910016179 1.7734549 1.69409609 0.365027547
    1.07219446 0.929225087 -0.882300615 1.50618541 1.6747272 1.64467335
    0.539111018 0.943310797 -0.64579165 -0.4439345 1.44410408 0.29723388
    -0.423084408 -0.840221465 0.0474342704 0.76474613 0.92701292
    -0.163521409 1.71495461 0.739140034 1.48937654 1.50889182
    -0.184450209 -0.332997859 1.52116036 0.119185388 0.120493531
    -0.163466156 0.108432591 -0.644024014 0.605262816 -0.348361254
    -0.154908538 1.65045762 0.721401513 -0.430528313 -0.0529959798
    -0.694858968 0.354985774 1.23154831 0.299228907 1.06262612
    0.231501043 -0.852081776 0.120695174 1.24852085 -0.454317003
    0.108103931 1.17023897 0.991350591 -0.657574713 -0.657920778
    0.513864338 1.47430158 -0.374486625 1.64819479 2.06859875
    -0.359758437 1.58832848 0.696002662 0.317851305 1.7473352 1.08754969
    -0.101628363 -0.0235245824 -0.591500878 -0.222262621 1.18912745
    -0.578362167 0.899688542 -0.639594197 0.934468687 0.912104189
    -0.020229578 1.76738524 0.420873642 0.717487276 -0.207788706
    0.541262686 1.43814814 0.11999768 -0.454691559 -0.0465680361
    1.21401358 0.196669042 1.21182561 0.685567319 0.310727298
    -0.163877964 0.495582581 -0.558103085 1.71977222 0.583884656
    0.521825254 1.16198516 -0.55498898 0.715588808 -0.759805977
    -0.577516317 1.50868678 1.82502007 -0.280503154 0.679429054
    0.842686296 -0.756195784 0.845843196 1.04865193 1.62007213
    1.00910473 -0.163482368 1.79028249 -0.192889452 -0.0750991702
    1.87627053 1.22776973 -0.0287296772 0.860651493 -0.309509993
    1.72317648 1.36796343 0.622197151 -0.389344394 1.64903617
    -0.312233686 -0.15937829 -0.706741691 1.61799335 0.988364697
    1.61866939 1.59759629 1.28791499 1.32804668 0.380612135 1.6906209
    1.61633778 -0.522100091 -0.058293581 1.33276832 1.60140634
    1.08580971 1.70213509 0.692930043 -0.348136902 1.95008945
    -0.434108526 0.167216778 -0.0997740626 1.76627898 -0.739786625
    0.627194881 0.00657916069 1.0327208 0.879285753 0.548873186
    0.560213029 0.879962325 0.0567874908 0.106908739 1.67099941
    -0.464973062 0.263733625 -0.341557473 -0.299257219 0.165288746
    -0.524046063 0.644636452 -0.129753411 1.43696177 0.731673241
    0.714533865 -0.142940819 0.578322232 -0.624259353 -0.964652658
    0.977516353 1.14771616 0.51100105 -0.497901052 0.775321126
    0.691240251 1.19905901 0.21041131 -0.568233073 1.84414029 1.3378557
    0.911147833 -0.828642309 -0.352905214 -0.730280042 -0.723847628
    0.702340007 -0.435752213 -0.769640267 0.169384241 1.47962856
    0.515303016 1.05390358 1.66888189 1.74451506 1.21323228 -0.52134341
    0.308204412 0.165224969 1.23514628 1.47597623 1.05756164 1.13286531
    1.31124771 0.693134844 0.206719935 -0.017146945 1.51528525
    1.24407542 0.244188011 1.69161546 -0.0646206141 0.437280774
    0.96754992 1.85439444 -0.330438435 0.71189487 -0.266162574
    1.22819519 0.398864806 1.27406263 -0.528859973 0.934477508
    0.854908824 0.703816414 1.43871522 0.432452083 0.228540599
    0.805811405 -0.343141109 -0.269208312 0.766037822 -0.627224982
    -0.235608131 0.378432572 -0.0664495826 0.905160248 -0.585578442
    1.78075242 0.209780216 -0.04198879 1.75667858 0.548395872
    0.408275306 -0.305436939 0.781737566 -0.173551142 0.17769593
    -0.0271738768 -0.109621882 -0.0915622115 -0.051692307 1.65269363
    -0.428794563 0.494661212 1.47705972 -0.677901983 -0.31115526
    1.52779651 0.943373859 -0.292719722 0.321681738 0.672902882
    0.700513422 1.65838218 1.35920691 1.23362279 -0.148072064
    -0.0863220692 1.44646263 -0.590878606 -0.241841018 0.451545119
    -0.56851089 0.302854419 0.733259439 0.0807418823 -0.575387716
    1.58961499 0.873966277 1.24233282 0.133106828 0.0528301001
    -0.709217668 0.725495458 -0.704769313 1.01035523 0.625363469
    0.278056443 1.31568074 0.64374578 1.37936974 1.07481122 1.27055216
    0.611474872 0.683900237 -0.796082497 1.67961025 0.416250885
    1.71330237 1.24079573 -0.332287073 0.832210243 0.66014713
    0.563692391 0.554364264 0.936201334 1.67307305 1.52757668
    -0.0755521357 1.17986131 0.763108313 1.26822793 -0.712636828
    0.750478506 1.2488358 -0.672468662 1.2947197 0.207313418 1.57245874
    0.852540612 -0.0830933452 1.25825739 -0.181367338 0.523812711
    -0.381735414 -0.638120949 -0.481778234 0.0942373276 1.60501885
    0.912132442 0.754332662 0.490783334 0.0322904587 0.270535409
    0.376905799 0.882050216 -0.783623755 0.512282789 1.77598333
    0.704264402 0.896856129 -0.0251780748 0.815675795 -0.712373257
    -0.299996465 1.72351646 -0.694126308 -0.579133213 -0.0378024578
    0.803940594 1.0834496 0.606236756 1.1594038 0.0490891337 1.59084094
    -0.0127456188 -0.648341417 0.248946726 0.132105708 1.27523351
    1.24850106 1.65157247 1.01003766 -0.41910103 0.0624425411 0.42251116
    0.841296554 1.32259893 0.480150998 0.812279403 0.0926585793
    0.196807504 -0.0786253214 -0.612332225 1.53649974 1.18810856
    1.37408447 0.0675055981 1.44418526 -0.523522913 1.14638734
    0.0111219883 -0.769138038 1.38025248 -0.294258863 0.00435954332
    0.290378213 0.224711716 -0.362143487 -0.048690021 0.282893538
    0.336882949 1.07696962 -0.767108798 -0.430572242 -0.287752718
    0.0709859729 -0.44849214 0.781562865 0.0754620433 0.536101997
    1.74227309 -0.568028033 1.18823457 -0.136087477 0.402575016
    -0.673015475 -0.148547649 0.831263781 0.642772317 -0.200824022
    -0.346494198 0.989581466 0.138080239 -0.175512314 0.883953393
    -0.66028291 1.31168878 -0.317394972 1.24826384 0.409291625
    0.981304169 0.511564553 0.65879494 1.55722606 1.4402616 0.657465458
    0.407644868 0.534116387 0.262417972 0.229229927 0.0228811502
    0.737187982 -0.392288834 -0.276778102 0.457705438 0.334702313
    1.13440561 0.725520432 1.29896688 0.275823772 1.78555334 1.34378052
    -0.162573934 0.133837223 0.353704751 0.341488421 0.448889494
    -0.0720920563 -0.663384199 0.324613929 -0.0149083734 0.841606855
    -0.928487539 1.50951874 1.10657334 -0.902336061 -0.91579175
    0.195516884 1.53203297 -0.0340721011 1.57956219 0.850278735
    0.126786768 0.208737493 -0.599363267 0.149978757 0.694397748
    0.421458304 0.917140782 1.32455325 1.23494768 0.956156611
    0.767048419 -0.383790016 1.40492439 1.84735107 0.878446996
    1.40335917 1.37849963 1.68113482 -0.428029567 0.195746243
    0.974467278 1.39680982 -0.122227967 0.841394424 -0.693717182
    0.284241557 -0.47192204 -0.435847253 1.32329679 1.5110687
    -0.299158335 1.5424509 0.746552467 1.73845935 0.455287814
    0.0454711914 0.14744395 0.39583075 1.60125339 1.23132098 1.69132328
    0.537265778 0.668458223 -0.276733637 -0.100136161 1.31635022
    -0.721276999 -0.218715608 -0.523299634 1.6679033 0.935762763
    1.02791691 -0.114164233 1.69083667 0.70475775 0.444483101
    -0.702232718 0.214014649 0.506801844 1.31297648 -0.560340285
    0.0622204542 -0.0585375428 -0.383716553 1.49698663 -0.215992033
    -0.299833655 0.172702491 0.930265307 1.5277524 -0.355437696
    1.32531667 0.862325251 -0.305360019 1.24788475 -0.33180356
    1.43593192 1.70598531 0.797945142 1.72376156 1.10112357 -0.154363453
    1.02148271 0.744653225 0.419597447 1.5281682 1.26044917 1.3530364
    1.04628062 0.275384963 -0.43539694 -0.482371449 0.150537848
    1.21729112 -0.198866606 1.4533515 0.425377131 0.744746089
    0.626877069 0.704168856 1.03796887 2.11398625 0.641733944
    0.895698249 0.138332188 0.874754965 -0.51684016 0.542286038
    1.05578804 0.947163701 0.419750094 0.102009535 0.810604393
    1.13618076 -0.690440834 0.0554760695 0.675527751 -0.419853836
    1.07140636 1.63000011 -0.544312 1.05413675 0.502037346 0.366448462
    -0.649171948 1.44661999 1.22878063 1.0469799 0.527541578
    0.0742569566 1.63756251 -0.310838521 1.53259993 0.447810054
    0.933507681 0.84483844 0.43708545 -0.504684091 1.33215344 1.43661332
    0.206549406 0.812291801 -0.0857487321 -0.0385708213 1.23844028
    -0.267816365 0.974083781 -0.0744810104 1.84173369 1.30561411
    0.418275297 -0.35677284 -0.709343314 0.47833699 0.236871302
    0.378947377 -0.393399745 -0.103805482 -0.609469891 0.977228284
    0.201951921 0.745521665 1.47596741 -0.0972095728 -0.385882944
    0.711691618 1.19258881 -0.275438666 0.124425471 0.80275327
    -0.401406944 0.713488221 1.47967601 1.50034606 0.0603676438
    0.695138693 1.03281999 -0.0682637095 0.0530034304 1.6202352
    0.157086015 -0.412014097 1.48337626 -0.00168448687 0.458100736
    0.350678146 1.19961488 1.58870053 1.74617314 -0.786992073
    0.318432748 1.04309583 1.66392183 -0.409417152 1.23921347 1.28997946
    1.29800832 -0.157522023 0.834011436 0.0773681402 1.16776264
    0.0498198867 -0.432636529 1.1169982 0.0883273482 1.74252498
    -0.379883468 -0.307009399 1.1890794 0.101015866 0.0241144896
    -0.352235705 1.22983873 0.578450203 1.38048697 0.769361854
    -0.0818651915 1.01532781 1.3240428 1.07704043 0.679739237
    -0.768096805 1.43090665 -0.640217781 -0.330066741 1.59777546
    -0.357050866 -0.532567501 0.552841485 0.473836839 0.363002062
    -0.0899839401 0.241523623 0.501721025 -0.191755295 1.45665216
    -0.75387758 1.60877788 0.880560458 1.27249908 1.08730078 0.957977951
    0.0503085852 1.15357065 1.33925271 0.761691034 1.63370323 1.43113232
    0.79707253 0.905554771 1.75220037 0.669623435 -0.291111588
    1.29508483 0.918589115 0.244573474 1.41417313 1.02165151
    -0.310482264 -0.0128796101 1.64820457 -0.351201147 -0.844896495
    1.02951813 0.177707076 -0.0039794445 1.11675024 -0.430088758
    -0.523145914 -0.395000339 -0.347355843 1.33645308 0.569254637
    1.53196526 -0.392536551 0.241563499 0.750213087 1.64806676
    0.804968715 -0.468939006 1.40491295 0.25434798 -0.038053453
    1.46409798 1.27395952 -0.421993136 0.795599878 -0.461382002
    0.69691515 0.97752434 -0.440250009 0.932859004 -0.234162927
    0.482014537 0.578482985 -0.482985944 1.3608098 1.26463032
    0.343037128 0.0964759588 -0.331686556 1.84386611 0.883043945
    -0.382652938 0.443592727 0.676805317 0.0900924206 0.683074713
    -0.654173672 -0.357471138 0.671827078 0.308896542 1.13561702
    0.843012929 1.63200796 1.36843097 -0.285152793 1.55592406 1.55592215
    1.78457665 0.433890879 1.01612449 1.78458047 -0.0108250976
    0.121622682 0.0664451122 0.638966262 -0.751991153 0.825541794
    1.80243051 0.890474319 0.404583216 1.50016439 1.26889038 0.990444124
    0.484598517 0.33705467 -0.382717639 -0.742557645 1.45648575
    -0.76719594 -0.412974626 1.1241945 -0.231404424 0.288287878
    -0.311984777 1.12412453 1.50557113 -0.1653772 -0.00569903851
    1.41344428 1.09361088 1.07167256 0.057505846 1.74230945 -0.454855382
    0.619423389 1.49311423 0.308940709 1.06234622 0.423749685
    0.0431025624 0.780475497 0.987114251 0.166785359 0.0436407328
    1.53514016 1.03482985 0.226673841 0.20936811 1.28381371 0.711701572
    0.336195767 0.349745393 1.67836499 1.12687993 -0.55206883 0.62274617
    -0.00145351887 -0.369231731 1.48308921 1.76954556 -0.230636179
    -0.317421973 -0.433737934 -0.269200504 -0.669809282 -0.108531892
    1.58442307 0.138097644 0.560071886 0.319520116 1.11329842
    -0.218438566 -0.451016963 0.980500817 0.0283889771 -0.479962111
    1.65202057 1.80058503 0.344135821 -0.309529185 0.162630975
    0.923705041 -0.678450286 0.0742810965 0.0386395454 0.657169044
    1.48642468 1.69756269 0.718920469 0.632826447 -0.65765959
    -0.140168309 0.0328875184 0.0970366597 1.37464583 0.284178019
    0.506289244 0.606957674 0.571186066 -0.00297987461 1.36466277
    1.11319208 -0.370655477 -0.417020053 1.67086792 0.2076478 1.12048554
    -0.80836308 0.358834982 0.933989286 0.781104505 -0.551619768
    -0.700666368 0.887597263 0.559531212 -0.028652966 1.05701327
    -0.494290859 1.14219379 -0.26508373 -0.764056861 0.895536661
    1.55612564 0.267661393 0.650022209 0.0511034727 0.682841003
    -0.221017838 1.21869659 -0.417799681 -0.244763255 -0.263553917
    1.56022835 1.52149177 0.573087215 0.994186401 0.479946315
    -0.609242558 1.05268359 1.12403893 1.34725463 -0.0992104411
    -0.174819708 -0.670817673 -0.0309537053 0.914047122 0.780073643
    1.61697829 1.46680522 0.311861038 0.928696632 -0.906006157
    1.46061718 1.13458884 0.289983511 0.865156591 -0.705144703
    1.55800414 1.79645395 1.12311554 -0.767013252 1.57671547 0.598778367
    0.0523901582 1.45665097 1.70128465 -0.5894835 -0.307640731
    -0.696498036 1.16915917 0.916291833 1.10380316 0.511448264
    0.755448341 -0.741808951 -0.534626365 0.266927063 1.65023708
    -0.60574764 0.0893256068 0.739257455 1.25241268 -0.277075291
    1.20908332 -0.0556249022 0.871007025 0.995580792 0.762169421
    1.27579141 -0.235028982 0.000597178936 0.634463191 1.87439156
    0.134618878 0.472212791 -0.751547813 1.12635374 1.73897314
    -0.814797163 -0.143370807 1.41497302 1.69414186 0.202781975
    -0.3533476 1.52812457 0.374116898 -0.452780575 0.611337543
    -0.351168841 0.208682716 1.51025581 -0.0843855143 1.25445628
    0.351303518 -0.3968817 -0.772174716 1.23651314 -0.090895772
    0.668703318 -0.599562526 0.253575861 0.0325943828 -0.616312623
    0.544956267 1.13691473 0.414586961 0.231117129 1.21161294 1.05971599
    -0.357967019 0.900814056 0.951691687 -0.34176296 0.630201817
    0.0924138427 1.57377684 -0.319753408 1.24024963 -0.301210523
    -0.714233041 0.612287164 -0.315725803 1.55968547 0.660365641
    0.898386598 0.627534211 0.153953254 0.0626653433 1.7693224
    -0.294389188 0.680193305 0.640011728 0.655938685 -0.273908377
    1.44443345 -0.349779844 0.251033187 -0.240765095 0.536017656
    1.74474418 0.735918522 1.36428964 -0.448715925 0.424752414
    -0.734842896 -0.665118814 0.832293332 0.503530324 0.0551105738
    -0.558698773 0.785019994 1.75993562 1.84924829 0.45300132
    0.894610524 1.10471773 1.06733656 0.0274457932 1.18526149
    0.466904879 0.670803428 0.868137002 1.59707761 0.131500125
    1.48698246 0.098141551 -0.164963841 1.44799924 -0.743736207
    1.43485153 1.60950685 0.858781397 -0.248799682 1.05744147 1.69342422
    1.47151899 0.604821503 0.472955763 0.0686578751 -0.730671644
    0.100731075 -0.635976017 1.31950474 0.539913476 0.187603831
    0.173659682 -0.245782733 -0.251342535 1.85935879 -0.678317189
    0.46939981 1.675264 0.350138664 0.136956751 0.437964857 0.375215232
    1.56260729 -0.776347101 0.727927506 0.557839334 1.47531176
    -0.488143116 1.03606033 1.695629 -0.35314554 1.27816892 1.26245284
    0.37495476 0.175130308 0.0202192068 1.16737294 1.2952702
    -0.0621451735 0.498348176 -0.265107632 0.527991474 1.14592957
    1.29010534 -0.169407248 0.648548126 0.166967988 -0.762717783
    1.40533245 0.384560704 -0.257439494 0.103981137 -0.274312884
    -0.27292484 0.68200475 1.45356584 0.433995545 0.0678138733
    -0.213346303 0.93129468 -0.305318177 0.510488391 -0.6359514
    1.14008093 0.10983479 0.832654536 0.617977381 0.272015154
    0.544366181 -0.338944823 0.388079166 -0.32004261 0.350051045
    -0.0916919708 1.39495051 0.64819777 1.13984239 1.29995275 1.75703335
    -0.457827419 1.66784215 0.17220521 1.05964494 -0.0457311273
    1.7424376 0.720450521 1.51825857 1.27628362 0.855534256 0.319676161
    0.674071312 0.662283063 -0.0480467677 0.991955638 1.35788226
    -0.631908357 0.0550251007 0.586582363 1.40634894 0.448786497
    0.88764888 -0.767757237 1.39662385 0.999655485 0.48553735 1.8870362
    -0.465407193 0.369852781 0.479728699 -0.806969166 0.451850414
    0.980121315 -0.466954023 0.366083503 1.57105017 0.480533838
    1.58949697 1.54467285 0.0403403044 1.48139739 0.634158075 1.16482329
    1.46027613 0.414799392 0.585424066 1.67238998 0.233684003
    0.928354263 -0.551929355 1.109339 0.828609943 0.314833164
    0.171251476 0.238964558 0.150885105 -0.513686061 -0.394504219
    1.79269552 -0.238912761 0.460116506 0.56584692 0.858258545
    0.804579377 0.930377662 0.229754984 1.64480221 0.141567886
    -0.810369551 1.45393562 -0.267949164 0.952222943 -0.732222199
    -0.643084049 1.71261334 0.959318399 -0.0957998037 1.35247755
    1.31989717 1.61313224 -0.329498351 0.644839108 1.46486712
    0.593256593 1.42886257 -0.802296877 -0.319298267 0.779931724
    -0.59099704 1.32636857 -0.365124971 -0.31529969 1.14494574
    1.05138755 -0.108824611 0.355973899 1.00511384 1.03758764 1.43913317
    1.30590343 1.77545202 1.70616317 1.5546912 0.678629637 1.80407262
    0.743450284 -0.373408735 1.05476832 0.584815323 0.287755728
    0.911719978 1.71121252 -0.312743664 -0.379680753 0.33473295
    1.49684882 1.69993162 -0.30524677 0.23367703 1.60223055 1.39665079
    -0.0590451956 0.11143595 -0.538963377 1.76777756 -0.714507461
    1.45491242 1.02058077 -0.306279302 0.28637886 -0.276691139
    -0.381430298 -0.447840452 -0.20898062 -0.372939527 1.42305696
    -0.830285311 0.717606843 1.63831377 1.21062422 -0.715668797
    0.158840358 -0.771888673 -0.416470319 0.906191349 0.699800074
    0.958748579 1.11840534 1.80111563 -0.576314569 1.1485436 0.202009678
    -0.800097466 -0.225074112 0.339034379 -0.115603447 -0.749916494
    0.326505065 -0.644835055 1.02323771 -0.556463599 0.4534958
    0.976704597 0.159455717 1.50184965 0.536139488 0.976637304
    0.23476845 1.66390765 1.43121088 0.748805523 1.14090598 -0.764625192
    1.0956341 -0.304317862 -0.55812192 1.22661471 1.27585292 1.10083413
    1.08968866 1.74723637 0.833975494 1.81214285 0.753691912 1.61176312
    0.887890995 0.455183268 0.249931633 1.78200412 1.5856874 0.765647173
    -0.73519963 0.795444131 0.966090858 0.676623881 -0.710917234
    0.214710414 1.2023468 -0.448402137 -0.0337691903 1.28344631
    0.0851400495 0.898039937 1.02509856 0.212257802 0.986914337
    1.57310772 -0.287151814 0.235974073 0.409828961 -0.655023694
    1.29680228 1.56188798 0.80576545 0.0523347855 0.556098461
    -0.658726513 0.694166124 0.0759963989 1.24398208 0.283472538
    -0.53754729 1.46552372 -0.270849943 1.11140525 1.05866218
    -0.89009577 -0.0392189622 1.70973229 1.06896567 0.460576773
    0.543239176 0.60218066 -0.204853475 1.2615962 -0.548006058
    1.19279385 1.5869987 1.60480034 1.6801151 -0.890054882 0.638062537
    1.15482926 0.385879576 -0.517500699 0.910684466 0.266067624
    -0.0867989063 0.0624799132 1.85312653 0.00170326233 1.16783643
    0.93796128 0.546291649 -0.301727235 0.813580036 0.197860599
    1.28956187 -0.0538838506 0.122899711 0.209171236 0.629709125
    0.558861256 0.697067678 -0.264806092 1.04714632 -0.0601437688
    -0.250439167 1.24255776 0.292731166 0.0522953868 0.878421366
    -0.310519516 1.23840141 0.0572019815 0.157833815 1.50229263
    -0.0520601273 0.753379762 1.72828722 0.198584974 -0.386935025
    -0.607512593 0.135043263 1.45007062 0.683793843 1.59794343
    1.02767467 1.1364069 0.647707641 0.987069845 -0.851516485
    0.447330296 1.21228707 1.11593127 -0.356297731 1.18915057
    -0.0944017172 -0.123943925 -0.706256509 -0.0494815111 0.307605803
    1.8390975 0.678854704 -0.210056961 -0.323150873 -0.250408351
    -0.0837338567 1.51487899 0.944455683 1.0466913 1.87666702
    -0.517421305 -0.0469287038 -0.612274766 0.836529851 0.963485897
    0.690080166 -0.660171986 0.765592098 0.787059367 -0.641927004
    0.399632215 -0.0409262776 -0.382566243 1.63141513 0.764986277
    0.736939907 -0.342156678 1.19455647 -0.289577007 0.0756111145
    0.163478792 0.232371032 -0.215262651 0.668766975 0.53324455
    0.4540326 0.5617311 0.120180845 1.2331847 0.0232059956 1.38098598
    0.55116117 1.54073215 1.1143074 1.26286089 -0.316794455 0.0203356147
    0.314317167 1.32629609 0.137341321 -0.502637982 0.539044082
    1.42717338 -0.31887126 -0.788866341 1.28148413 -0.741821647
    0.00387847424 0.369265556 -0.701300859 -0.501948178 1.72546721
    0.273956656 1.48306715 0.317247868 0.078687489 0.409514546 0.1467067
    1.07681656 0.585683942 0.513942122 0.473694861 0.525018215
    -0.437745273 -0.360951811 1.40031505 0.7032637 0.285111308
    0.113393366 0.899148881 -0.273052394 1.16490483 1.44701672
    1.50970328 1.1001935 0.33020407 1.34733963 1.33757925 -0.913806677
    1.50832582 -0.192267179 1.59425664 0.295386314 -0.414750159
    0.748190999 -0.0815690756 1.88905597 0.544313908 0.271930814
    0.654943287 0.535662293 0.289723277 0.247776508 0.788557708
    1.43653274 -0.124777377 0.420548797 0.315609932 0.325781703
    0.25638026 0.64136517 -0.396671593 -0.107593 -0.646100402 1.25257349
    -0.15275532 -0.805613935 1.03929615 1.6399858 0.970374465
    -0.250632226 -0.643895149 -0.094058156 1.03010869 1.09765267
    1.66306186 -0.647523105 1.54561985 1.76091909 -0.0808585286
    0.485697806 0.567851663 -0.0266107321 -0.630498409 -0.430132776
    0.355413496 1.10378766 -0.51060909 1.67952001 0.456679344
    -0.163048029 1.24419284 0.616553187 -0.65300113 -0.296266794
    -0.267929018 0.282561779 0.57981652 1.73058212 1.0302887 0.755970597
    -0.334460557 -0.524729252 1.57527161 1.04313803 1.05345368
    0.629626393 0.649726689 0.791655064 -0.0599059463 -0.242992461
    0.988220394 1.504565 0.296790123 0.377515197 0.50921309 1.5427289
    1.17051196 1.57247925 -0.311899304 0.654053986 1.74909306
    -0.0223901272 1.38894963 0.297497511 -0.127683997 0.378488958
    1.34275842 1.39984035 1.10144043 1.33384204 0.780807674 1.79330468
    0.177369773 -0.0997794271 0.600979149 0.246058106 1.38197708
    0.20636034 0.215156436 0.111721575 1.24319601 1.64178109 1.00899696
    -0.439326108 0.317679286 0.241645336 0.655338824 0.727416813
    -0.0754207969 0.96042192 1.79698777 0.932314694 0.236758411
    -0.803766608 -0.15173161 0.357389033 1.78224421 -0.427628279
    1.67859519 1.36491048 -0.552125216 -0.243332505 -0.102805436
    0.917048156 -0.402937144 0.311000645 1.18574715 0.259378612
    -0.359208018 1.80405998 0.147530556 -0.657230794 -0.399034411
    0.733562827 1.5994792 -0.0992571115 -0.0801613927 -0.10838449
    0.618492365 0.943211615 -0.812765241 0.0470455885 1.10934818
    -0.297011971 0.934705913 1.34008861 1.20102096 -0.282441258
    1.04123902 0.225227237 0.147607744 0.217892289 0.568818808
    -0.753657103 1.66291785 1.01269412 -0.283317983 -0.311144829
    -0.341539741 -0.37214905 1.33082032 1.86093473 -0.128633499
    0.872822702 0.638541281 -0.596540809 -0.584451437 1.09868813
    1.61868846 0.281027675 1.4293499 1.63133633 -0.0733776689
    0.684256375 0.696769834 -0.00468635559 -0.41639927 0.73179841
    0.684104502 0.521395326 1.44016922 -0.468822062 0.56568861
    0.225192785 0.357426763 0.616880536 0.461148202 -0.355261564
    0.427849352 0.735857248 0.956247568 0.849563301 -0.0137040615
    0.159092665 0.598797321 0.564026177 -0.704226673 -0.101218879
    0.692250788 -0.4494057 1.31450903 1.52402985 1.62778139 0.985518813
    1.03390145 0.460682213 0.912195981 1.36732364 0.278757036
    -0.22742784 -0.14509204 -0.122707784 0.256238699 1.39927697
    -0.788892746 1.46572995 -0.341194749 1.18553591 1.13560677 1.0427773
    -0.770980775 1.28897202 -0.207967222 1.19326794 1.80589247
    1.28250134 -0.700921655 1.0815556 -0.718291521 0.956275821
    -0.466419935 1.79882431 0.159551859 1.60156155 0.17954421 1.47433794
    1.06349695 0.0848747492 -0.538191974 -0.542402089 1.60228074
    0.972004056 -0.177402139 0.508578837 0.204349458 -0.121516347
    -0.400533557 1.3475312 1.07569599 -0.714575648 -0.0746155977
    1.30639875 0.201378703 0.786660194 1.53260791 1.05104434
    -0.265296936 0.974421203 0.0372142196 0.0861799121 0.551248908
    1.67121935 1.00375187 1.22931635 -0.550323248 -0.745874286
    -0.170530558 0.701103091 0.0778633952 -0.655911267 0.848644912
    1.50810957 1.52715826 -0.783355057 1.08007824 1.66772628
    -0.425782382 0.678919852 -0.716808975 0.983764708 0.567134023
    0.509733319 -0.580587387 1.38206959 -0.209729195 1.09320366
    -0.766314924 0.371806741 0.119192004 0.965943098 1.43210101
    0.189616263 0.554001868 1.15593934 -0.157574654 1.24418044
    -0.0214754939 1.28677845 0.609589398 -0.694837809 -0.240123898
    -0.622117519 -0.664549291 0.905620277 1.00961447 1.12621903
    -0.089353025 1.35522628 1.06660414 0.522047937 1.03724051 1.55468714
    0.544173896 0.387007833 0.106555223 1.5188756 0.367355943
    0.871834874 -0.341318607 0.968697608 0.299704134 0.864267349
    0.244084716 1.29987049 1.06138229 -0.210468709 0.0110048652
    1.7054888 -0.758630872 0.584871411 1.06683838 1.46957743 1.25228298
    -0.375828445 -0.420099229 -0.0505439639 -0.00802111626 -0.567019343
    0.292396128 -0.0270884037 -0.0304163098 -0.151036084 0.810867965
    -0.642537177 -0.386281967 1.17609572 0.143096685 0.234269917
    0.974403203 0.27780211 1.24318981 -0.0533027649 0.227211893
    0.701179862 0.555438697 -0.0833700299 0.956021249 -0.513558686
    1.30964756 0.762627542 1.14591026 1.40911758 1.5633893 0.0137150288
    -0.773007989 0.645479381 0.422350585 1.63841629 1.59356356
    0.186806738 1.56758618 -0.733803272 0.382017374 0.913554788
    -0.297316432 1.41239572 0.0472599268 -0.686349154 -0.367737085
    1.89927304 0.0936174989 0.815243006 0.785283744 0.83525008
    1.75612926 -0.0190797448 0.717540801 0.110952735 1.7154758
    1.57889259 0.945016086 1.14187765 0.473314762 0.611612916 1.62953925
    1.39075828 1.42485356 -0.833032966 1.21771526 -0.583066463
    1.16257548 0.672950029 0.0456011891 0.162877858 0.883381128
    0.218169272 -0.849736631 -0.765585959 1.17610312 1.46752155
    0.370293856 -0.618600488 -0.713304579 1.76152515 0.276843727
    -0.621547401 -0.018214047 0.690032601 0.130817652 0.0473517776
    -0.000358998775 -0.0990834832 -0.700017929 1.57737648 1.41116595
    1.2522006 1.11635566 0.544500232 1.29269814 -0.387931496
    -0.420116603 1.636379 -0.459563494 -0.285615206 1.10793769
    1.32390833 -0.0927716494 1.40636623 -0.223452926 1.04059684
    1.40689683 1.10416889 0.13349539 0.884251535 -0.509760022
    0.531569302 -0.73546958 0.191762865 1.65764451 1.35204005
    -0.834135354 -0.657318592 1.64256883 0.275849223 0.542903185
    1.75457931 -0.622231483 -0.373386085 1.52507722 -0.711625636
    0.639048576 -0.387686551 0.970030189 -0.523968458 -0.434457362
    -0.353201061 -0.118461668 -0.622074544 1.30941796 0.755334079
    0.233606637 1.14788246 -0.355891943 0.721942663 -0.709935904
    -0.788413167 -0.244822741 0.369359612 0.744478345 1.26286507
    -0.812083662 1.61068273 0.0115349293 -0.119954407 0.457713127
    0.571918845 -0.194346666 0.109922826 1.23252654 0.268068731
    -0.400751889 1.46845007 0.780890584 1.29946768 -0.446223736
    1.77093935 0.0256227851 -0.213344753 1.21685886 1.22086453
    0.613199532 -0.144547284 -0.278027534 -0.807370067 0.00401616096
    -0.379569024 0.656609416 0.569579065 1.47728693 1.24908805
    -0.48774308 -0.233209312 1.48696303 0.544958353 1.59828424
    -0.500769377 0.636675239 -0.609032869 -0.163964629 0.463092148
    1.34429145 1.57567275 -0.316063821 1.47148943 0.601902187 1.27772856
    -0.203476012 0.162453771 0.221937478 0.981714964 0.992381036
    1.17827773 1.15609908 1.11424828 0.242611408 0.610207736 1.5674789
    0.935006142 0.780484319 1.5708704 -0.0922793746 -0.262785733
    -0.0482938886 1.5685401 -0.339865625 -0.238258243 1.39469159
    0.869440556 0.0274801254 1.8557725 0.815696239 1.50407386 1.21008945
    0.959886611 -0.52316618 -0.683594525 0.109326363 0.404431581
    -0.237507999 0.742781222 -0.0936377048 -0.5532372 0.85474205
    0.918815553 -0.368741155 0.58263123 0.30520308 1.16774905 1.51439273
    -0.537907243 -0.522725821 0.844604254 1.28100526 -0.224919677
    0.293103337 1.28034568 0.836546838 0.969977975 -0.674373627
    -0.705857038 0.555642962 0.0816589594 1.46248913 -0.53484714
    0.786075234 0.619347155 0.241805375 0.540322602 0.50746125
    -0.46246016 0.952744782 0.371546924 0.0704386234 1.77422023
    1.23384953 -0.760173798 1.54838967 -0.660315752 0.36688751
    1.43864727 0.896119833 -0.700464249 1.42171288 -0.45473218
    1.12907338 0.195351303 1.33233953 0.490535676 1.31546676 0.577876329
    -0.0615566373 0.682635069 0.0493093729 -0.536149144 0.0276912451
    1.4709878 -0.81148541 -0.388427407 1.24330366 -0.442972213
    0.469261527 0.118636906 1.43846703 0.497816265 0.645463705
    0.162837684 0.311059773 0.13523221 -0.151119053 0.682703376
    1.44893539 -0.124278963 1.26009631 0.917685926 -0.779792786
    -0.385392606 1.35650051 1.7640686 0.29929477 0.137318909 -0.50116384
    -0.191369355 -0.091087997 -0.481853843 1.90043366 -0.591941535
    0.170183241 1.59550226 1.35246325 0.68738842 -0.907735944 0.31443119
    1.57987499 0.465604484 -0.771619916 1.40037417 0.961826742
    -0.169132531 0.787190795 1.14018941 -0.348336458 1.47477531
    0.101417601 1.62541032 1.52943349 0.0762095451 -0.454558581
    0.410919547 1.40573382 1.44485283 1.9693799 1.03994882 0.370870829
    -0.213627696 0.214721024 -0.561823189 1.4526968 0.941054285
    -0.352949321 1.51209712 0.963638961 -0.0990587473 1.56978583
    0.734926879 1.67652202 -0.769485354 -0.500065327 -0.5616678
    1.71246982 1.30198002 1.6964767 -0.405562282 0.352843583 1.52259612
    1.39866114 0.722555995 -0.649842143 1.5682621 1.49115348 0.518538833
    0.545503914 1.14236379 0.00559973717 0.219993234 1.06443596
    -0.0952999592 1.5951395 0.743805289 0.819754541 0.12546438
    0.528822184 1.30952334 -0.82666266 1.6140424 -0.468994915
    0.912805676 1.33686399 1.60100889 0.495945871 1.40800714
    -0.497119188 -0.174765229 1.94182718 1.46909368 -0.0547186136
    1.31067884 -0.375458777 1.36039901 -0.17471391 1.61584532 0.50011158
    0.896512687 1.73350739 1.15555692 1.44401443 0.252173722 1.43920243
    -0.62398243 0.434565127 1.50055432 0.949023068 -0.14553529
    0.678468287 0.0456364751 0.00671988726 0.907197773 0.118828893
    0.976648808 -0.477236181 1.01449537 -0.255959392 1.74656606
    1.49542272 0.696454227 0.27174139 -0.237125933 -0.0736939311
    -0.0541779399 0.21929276 1.26055121 1.78200698 -0.638623655
    1.48839879 -0.713978648 1.41324484 0.308920622 0.0518371463
    1.26403105 1.22137213 1.738765 0.324917793 0.749684632 0.388117015
    0.645592988 1.11824119 1.07179308 -0.507089317 0.0118532777
    1.73804367 -0.0161657929 0.567042351 0.795229495 1.60568547
    1.27037406 1.6814959 1.11511326 0.28792721 -0.515106142 0.393169284
    -0.220280468 -0.448602587 1.68959582 1.61073363 1.30819297
    -0.0885331631 0.0507867336 -0.418579668 0.884347558 1.22509003
    1.05290496 1.56758726 1.15460014 1.10327363 0.943614304 0.360711098
    1.80386794 -0.603008211 -0.0915085077 1.5917995 0.850819349
    1.49417615 1.26605201 0.735561132 0.719908059 1.22158647 0.439087868
    0.974727929 0.722093642 -0.463957787 1.5825274 0.537945807
    0.526728153 0.505889952 0.445086837 1.04008389 0.712449551
    0.63185209 1.74330914 1.44032049 0.338537276 1.38503671 1.37481427
    0.675209165 -0.630328536 1.05259752 0.285442352 0.327789545
    -0.0335636139 -0.0700092912 1.31649601 0.277247846 0.057566762
    1.10698795 -0.196652234 0.374573827 0.421980381 -0.631606162
    0.210783601 1.53659129 0.75699991 1.52801287 0.83080399 0.644301951
    0.981194496 1.78985119 0.463656604 -0.225337327 0.261066496
    1.60804307 -0.168796301 1.50933552 1.6496309 -0.131505013 1.22117543
    1.42495167 0.847906232 -0.200741172 -0.30172202 1.74676454
    0.485424519 0.715982258 0.355894864 -0.626689672 1.19539654
    0.315091729 1.73479986 0.146269321 -0.443514854 0.561583042
    1.67179143 -0.69958514 1.02457106 0.334001303 0.913181007
    0.968847334 1.38888252 0.292063594 1.50871074 -0.471636176
    0.856934845 1.46414018 -0.539538026 -0.112622201 -0.864887297
    -0.837030053 1.14491248 0.402553916 -0.376954883 -0.327886701
    0.936653793 -0.754175067 -0.129516125 1.34737325 0.192057014
    -0.444905847 0.932270944 -0.928117871 0.219908774 0.76413995
    -0.380039692 0.50917995 0.557462811 0.437428057 1.11423421
    -0.590304613 1.80357981 0.910131216 1.23842621 1.3083154 0.616312027
    0.907414079 -0.749532759 0.960477114 1.12057781 -0.0176855326
    0.21325773 -0.413155407 -0.519056857 -0.526422143 -0.258933008
    1.49773943 0.510132074 0.780178308 1.83817017 0.499705255
    -0.507019401 1.05719161 -0.424951553 0.330504715 -0.570487618
    1.34107804 -0.225321531 0.323960185 0.483722091 -0.144557536
    0.586593568 -0.316850543 -0.216164887 1.29368496 0.604226708
    -0.775538683 -0.434039205 0.720776618 1.34910703 -0.258930504
    1.27053237 1.48379397 0.808540344 0.340534508 1.3462497 0.690089405
    0.846661985 1.37357152 1.16266418 -0.0987827182 0.694788098
    0.281573594 1.36008489 1.50230742 0.849616826 -0.175572634
    1.04295278 -0.0462091565 -0.183773875 0.882436395 -0.221992135
    1.47151208 0.10288614 -0.623102784 0.508689225 -0.287169218
    0.0703759193 0.137027979 1.18402052 0.251371682 0.522610247
    -0.177722216 1.36770391 1.25153005 0.599666595 1.38978195
    -0.824494064 1.12607646 0.625916421 1.08890438 0.75942421
    0.114528418 0.00304752588 -0.0209786296 0.426705062 0.0710043311
    -0.457949072 -0.376182467 -0.129534125 0.820565999 1.44437885
    0.132582843 0.784206986 -0.770754337 1.61374593 -0.382173538
    0.107756376 1.39103127 1.674564 0.195957482 1.15434337 0.74859345
    0.239694118 1.34235048 0.505223751 0.962533176 1.67861497
    0.484841049 0.399650633 -0.553069711 -0.712284148 1.71861672
    -0.768422246 -0.542021751 -0.163122237 0.425245702 -0.128512442
    0.939894915 0.167066693 -0.127591312 1.68916178 0.83559227
    -0.429480672 -0.365286827 0.999346972 -0.0673603415 0.251604855
    -0.515899539 -0.672710478 0.400214791 0.4742589 1.30835664
    -0.500990748 0.091448307 -0.712967038 1.19412899 1.60364413
    -0.0333970785 0.130566299 0.362330079 -0.165649414 -0.506205201
    -0.324896574 0.980534852 1.53264236 1.67684996 0.988720596
    1.59452772 -0.819900751 1.62563634 1.24244487 0.102088213 1.32504892
    -0.278027952 -0.614904404 -0.327344269 -0.215488732 1.15439284
    1.59745336 1.59022951 1.11393309 -0.796807885 0.0747017264
    0.886341035 1.27479124 1.34369743 -0.274780452 -0.308766544
    1.57841349 1.11278963 -0.358253121 -0.504703879 0.241758764
    -0.706939816 0.0581743121 -0.544557214 -0.105636299 0.452905476
    0.0477175713 -0.150699079 0.700862944 0.774452686 -0.72452122
    1.60842586 1.65829062 1.32289505 0.223742068 0.105278552 0.355508864
    0.336701155 0.361648381 -0.432615966 1.76585579 -0.136389017
    0.353606343 0.772137702 1.78778231 -0.303549528 0.711090028
    -0.00335097313 1.59547138 0.5199067 0.044970274 -0.576933265
    1.70289385 -0.760306537 1.40421057 -0.124911547 -0.0404766202
    1.51334715 0.313489556 -0.0468323231 0.877947867 1.73171079
    0.198523939 -0.247206509 -0.546193361 1.75524259 -0.133066237
    1.03612399 0.538933039 -0.00189775229 1.09338486 0.695801258
    0.238161206 0.301049411 1.00152612 0.0783789158 1.03621864
    1.51991177 0.70663774 1.25181568 1.45231652 1.68771863 0.957269311
    1.11099505 0.451837897 1.07229114 1.50308263 1.31444561 1.02286291
    -0.773591995 0.509500027 1.28702891 1.53548646 -0.271034896
    0.179258347 0.603681624 1.0727278 1.37642348 1.6273253 1.76328325
    -0.643569827 -0.294254631 -0.603324831 1.61375022 0.0476298928
    0.412741482 0.374689221 -0.044664979 0.249379456 -0.559988976
    0.0395259261 1.21646678 0.2178545 -0.486465991 0.167516291
    1.39909863 -0.590671659 1.02533841 1.0109036 0.516589463 1.14839864
    -0.491036803 0.962370872 -0.747777641 0.499813259 1.15177417
    -0.749425352 0.784605861 1.58396459 0.148959041 1.59283483
    0.363267362 -0.369644791 1.78719115 -0.689213276 -0.74332732
    1.0684104 0.404450655 -0.239711583 0.873324096 1.71697521
    -0.73923105 0.183324695 1.73624575 0.357933044 -0.668995619
    0.782143116 1.47614431 0.8900612 0.877860248 -0.509712219
    -0.320545495 0.506228924 1.23514485 -0.371592999 0.707276583
    1.40783083 -0.811461687 1.45188475 -0.436918676 1.2450093
    0.748818517 -0.743464112 0.683297276 1.36733723 -0.139313042
    -0.414654613 1.04853392 1.1845938 -0.481981635 -0.324044406
    0.689926386 0.770620167 -0.0127863884 0.327832699 1.25796676
    0.664326251 0.213372052 0.239878893 0.446882367 0.945473194
    0.620704591 0.342407405 0.107728183 -0.0666503906 0.76019311
    -0.542304635 1.78604209 -0.160489678 1.1360538 -0.0331629515
    0.355598271 0.186797857 1.15689802 0.953982532 -0.876841068
    1.45388889 0.769966424 0.24159354 1.14616299 0.365482688 0.51029402
    0.454237163 0.775704443 1.25699353 0.134242952 0.0323227644
    1.05999494 -0.550923705 0.98627764 -0.434762329 0.870846629
    1.19314146 0.0193066597 -0.347002327 1.67630541 -0.103562176
    0.146702707 0.445002973 0.558999658 0.81188339 -0.728197396
    1.30452728 1.34165561 0.877718329 1.62308407 0.563179374 0.241199791
    0.458807707 1.16838002 -0.194368064 1.56923866 0.20777297 1.67622471
    0.423472345 -0.167851388 1.43395877 0.848921418 0.218319297
    1.1924777 -0.666882992 -0.762712121 1.4787221 1.79041696 1.63508439
    0.00651365519 1.00255227 0.710499525 0.970216691 1.15482533
    1.71939051 0.391322255 -0.315998375 -0.2105335 1.50681138
    0.0548058152 1.62383103 0.975337744 -0.704140007 1.37316799
    1.18871427 0.978274167 -0.513177395 0.133830965 1.6892159
    -0.0801546574 -0.229795396 1.53459811 -0.740870893 0.486260295
    0.604731083 0.440624893 -0.215991318 1.10082746 1.14214683
    0.0625484586 1.62263119 0.758702755 0.854038835 1.73366475
    0.623100877 -0.659953713 0.681751132 -0.167001009 0.458855331
    -0.368621528 -0.520577431 0.777341425 1.77286065 1.01291609
    1.38936806 -0.62699753 0.00844269991 -0.575247884 1.01149678
    0.654827654 1.81245351 0.941900074 0.0338973403 -0.492817581
    -0.262727857 1.28587675 -0.585453331 0.554674327 -0.290679812
    0.235965788 -0.456639916 1.41810656 1.47790527 1.01862454 1.34630632
    -0.113955319 -0.0646052957 1.55975485 -0.0812840462 -0.298595071
    1.28314328 1.73015141 0.748027027 0.341165125 1.02249217 1.05649805
    -0.826798141 0.705170512 1.50668967 0.780786455 0.0307897925
    0.567487061 0.456568182 -0.747472823 -0.798241794 0.573281169
    1.28331423 -0.116439939 1.64542067 -0.588683784 1.10742283
    1.29024518 -0.00221765041 0.828952193 0.838057399 0.747517824
    -0.29273659 1.17878056 -0.736364007 0.290262818 -0.0722930431
    0.251842916 1.28948343 -0.539641023 1.20206594 1.35854244 1.62226677
    1.21978676 -0.295918524 0.518768907 -0.255281687 0.822085559
    -0.582710266 0.814515471 1.40025091 -0.399950117 1.51786578
    -0.108185887 0.0443005562 0.357840002 -0.0925222635 1.72891951
    1.01985526 0.409250736 -0.56653291 -0.630791485 0.065508008
    -0.0325279832 1.70152318 1.22037804 1.64964294 0.52545917
    0.499137521 0.364957213 -0.109762311 1.84101737 1.35038638
    0.473289013 -0.162003458 -0.724592924 1.64974606 1.66001964
    -0.208617926 0.570321262 0.912194908 1.11193514 0.513468444
    -0.353040099 0.55735147 -0.318977475 -0.601402402 1.56267881
    0.0647460222 0.282495439 -0.77548641 1.03837204 -0.103218853
    1.12242341 0.286534786 1.75551677 1.69823074 -0.553283751
    0.224306226 -0.546905875 0.36188221 1.65999746 -0.653417885
    1.08927441 0.44110769 1.56296766 1.04211307 -0.405665755 1.6717658
    0.912479877 0.493984044 0.742563128 0.918804467 1.82087338
    1.48759568 -0.340223193 1.38540852 -0.20122999 1.38708746 1.40289617
    -0.838203371 0.0341714025 1.64614844 -0.182151556 0.111255229
    -0.44296065 0.448860347 0.771554589 1.08419013 0.388688087
    -0.719268203 1.79085183 0.476657033 -0.515509486 0.75988847
    1.82269931 1.45795202 0.718940496 -0.311286241 0.426609457
    0.174697399 1.11661077 -0.354246318 0.953221023 -0.468798727
    -0.240999401 1.76070631 0.119072974 1.47843611 1.04441357 1.43443537
    0.257877827 -0.145165503 -0.185557306 -0.500772536 -0.401577771
    0.342934668 0.881406784 0.538710058 -0.706458092 1.17949057
    1.65646625 1.44075012 0.281434357 0.0277124047 0.486297011
    -0.0691251159 0.0344688296 -0.726370275 0.802572727 0.471748412
    0.31537497 1.47326994 1.00170469 0.328907251 -0.244634688
    0.531937182 1.79545093 0.872763932 1.6674006 0.892610371
    -0.301322341 1.10779798 0.771501184 -0.136710405 1.02216125
    1.36889172 -0.607304573 -0.69935286 -0.510837734 0.345208704
    -0.482353628 1.5781498 0.508033097 0.263956904 1.05928969 1.846035
    -0.238120317 0.521240413 1.58657897 -0.903486192 1.38046098
    0.271539867 0.165983081 0.366193652 1.14070618 -0.656923473
    0.832981288 0.0815380216 -0.11291641 -0.352511585 0.468011618
    0.957758427 0.120884299 0.78176713 0.848206162 -0.781804085
    -0.564830542 1.44640481 -0.495203286 -0.558862209 -0.750540555
    -0.19126749 0.408726752 1.19721711 1.09851432 -0.726723731
    0.623516023 0.432456493 1.45257831 0.039208591 1.53192592
    0.205542922 0.751788795 -0.588438153 -0.350308895 1.42635131
    -0.55414927 -0.36631161 1.09792888 0.151126862 1.02732706
    -0.557459831 1.5557704 -0.0469099283 -0.763216138 1.35345495
    0.570834816 0.509335101 -0.658847928 0.230950892 0.363551378
    -0.668920994 1.25861061 -0.204406023 1.85784817 -0.11810118
    -0.265129745 0.856533945 -0.108641744 0.158982933 -0.538931251
    0.125713885 1.59207499 1.47479928 1.41768575 -0.468501359
    0.391165316 1.08459318 -0.0843217969 0.98549664 -0.393609732
    -0.689952612 -0.222165883 0.456306219 -0.0659549236 -0.608117938
    1.56304145 0.126490712 0.601812601 0.609357059 0.913851738
    0.114689708 -0.17615217 0.845830739 1.11652172 1.12862718
    -0.187182963 1.71647942 -0.466950238 1.08623934 0.399800897
    1.64693713 -0.146991789 1.76085305 1.44252586 -0.253032565
    -0.240822971 1.22377586 1.55033469 -0.0935717225 0.196665347
    0.262682498 1.67222524 -0.0979238153 0.398575425 0.0770255923
    -0.661537349 0.68821758 -0.655946732 1.55953228 0.121617913
    1.0716362 0.0262824297 1.47625351 -0.671855032 1.31384873
    -0.15065223 0.10960263 1.05284357 0.486739039 0.578033626
    0.617650568 1.08966625 0.341335475 0.162361681 -0.600493014
    -0.369884312 -0.0448690653 0.323778629 0.113883495 -0.685029209
    -0.251517892 0.835062981 1.38706303 1.49272728 1.30207372
    0.955610335 -0.291831672 1.09039438 0.269201696 0.427071273
    1.18919706 1.22740328 0.501579881 -0.167627275 0.151086688
    0.859152317 -0.345805109 0.529160857 -0.685636342 -0.592185795
    1.04350471 -0.75929004 1.78274417 0.0375846624 1.31340492
    0.157482862 -0.829350889 0.493829191 0.545888424 0.443536818
    -0.167169154 1.41530442 1.66952777 0.922817588 -0.169832766
    1.29788637 -0.53038013 0.115778327 -0.800580323 1.49823189 1.3752284
    -0.328281403 -0.0666539073 0.7197873 0.130114257 1.22833633
    -0.727617979 0.567169666 0.706826985 1.8153038 0.220837831
    -0.609577537 -0.643735111 0.900978267 0.229514122 1.50785303
    1.5349257 -0.180916548 1.63528061 -0.709516883 0.513022363
    -0.307703108 -0.763422608 1.01928091 -0.694855213 0.734202147
    1.39429235 0.605212808 -0.362587273 0.747488439 -0.584885836
    0.324980617 -0.790341496 1.64237273 0.755652964 1.06693017
    0.223797143 0.813859761 0.43410188 -0.634687126 0.571828783
    1.51043677 0.140895903 -0.887244284 1.55926919 -0.272829235
    -0.154165983 0.571542144 -0.477183849 0.797386467 0.708274186
    0.365350187 -0.649953604 1.84150934 0.180454671 0.158501625
    1.40388477 -0.74000895 1.22428536 -0.179730594 0.744144022
    0.609174252 0.895157635 -0.652153313 1.22884035 1.64400196
    1.56583929 1.12003875 1.21594727 1.45110834 0.289623082 1.50340223
    0.778541803 -0.507087231 0.882777631 0.951885641 0.963656783
    -0.703538418 0.398418844 -0.301624 1.57327271 1.74040031
    -0.580050111 1.09413838 0.259642243 0.914567828 0.996460497
    1.2063266 0.523063064 1.22875297 1.71876287 0.710737467 0.652285993
    0.240285277 0.255233884 0.690576792 -0.634736538 -0.152040422
    1.50387621 -0.50175941 0.702872694 0.83523035 0.49071449
    -0.805652976 1.31872952 1.11135006 -0.0600383282 -0.833058119
    -0.309108377 1.28174233 1.33618164 0.684289575 1.71535945
    -0.147172809 0.968197525 0.490028083 -0.164289236 -0.517289042
    0.770752132 -0.0814231038 0.989670634 0.425458133 -0.514613032
    -0.394954592 0.466104627 -0.384096771 0.881907463 -0.226614773
    1.07721543 0.419022262 0.594446778 0.772862136 1.45565104 1.47682166
    0.951930344 0.611723781 1.84497225 0.907650828 -0.384153694
    -0.467153877 0.0436672568 0.155865431 0.551614523 -0.627564847
    0.571502149 -0.0288505554 0.972174108 -0.617525101 1.0793364
    0.984485269 0.210423887 0.244729638 0.651433647 1.46033788
    0.679825902 1.78008485 -0.557561755 -0.394167066 1.87481022
    1.45016241 0.270626426 0.729579389 0.209565461 0.288366199
    1.60910916 -0.508661211 0.236525536 0.16322422 1.11080956 1.65250874
    1.30685925 1.3931464 1.45910478 0.866620243 0.799281716 0.419916987
    1.756459 -0.387398064 -0.820526719 -0.84935379 1.30014086 1.31912696
    0.698768258 0.870158434 0.352967024 1.52918375 1.18124247
    0.597532809 0.848493099 0.668273449 -0.47333917 -0.172479987
    0.00922214985 1.75808716 0.155691981 0.33213973 -0.493943721
    1.31087601 -0.11945492 0.294550836 0.493508637 1.19598508 1.83087766
    0.248015702 0.849937081 -0.609040856 -0.653181434 0.185143471
    1.21465611 1.1194483 1.87538183 -0.591231465 0.419966161 0.463491619
    0.457270682 0.371477365 0.63836509 1.65885293 -0.136193514
    1.21082032 -0.363811463 -0.663207114 1.63210726 -0.495770693
    0.584401131 -0.589384913 0.980601847 0.854363203 0.0370060205
    1.72909045 1.57657337 1.45531464 0.24365139 0.211476088 1.50773787
    -0.451143593 1.47248578 1.5578258 1.48704934 1.31736374 1.57451642
    -0.38474685 0.378946364 1.20701277 0.215706766 1.03714824
    -0.326574624 0.307159483 0.405639529 0.775903344 0.53428942
    -0.519672513 1.10379601 1.39619899 -0.383495688 1.39881802
    1.10218751 0.856351376 1.22764051 0.944054604 1.06189942 -0.79873246
    0.980509996 1.01637506 -0.506670475 0.355637133 0.193051338
    1.68700612 0.946986198 0.557966888 -0.678094625 0.669325888
    0.35357666 1.31159461 -0.726157069 0.315350235 0.180246949
    -0.0656710863 1.37815857 1.48126161 -0.747155309 1.35009646
    1.74722826 0.204717517 1.12751889 1.63843703 0.332128346 1.68518806
    1.18322802 -0.654630661 0.682179451 0.671076477 -0.556806445
    -0.212123871 0.194243729 1.29161286 1.69728267 0.0346361399
    1.57375002 -0.368363917 0.444506645 1.56796193 1.66366768
    0.762383461 0.368181288 1.43714905 0.267711282 0.878107011
    -0.448045701 0.323551953 0.586726964 0.691177726 1.78415084
    -0.789502501 1.58011281 -0.438613534 -0.445870578 1.76876998
    -0.459684104 0.0251114368 -0.63613826 0.671259165 0.5177266
    -0.509788752 -0.144228697 0.868184209 1.09451723 -0.192842424
    0.808845043 0.57437253 1.09207582 0.533626556 1.29906273 1.21873415
    0.803780198 -0.307098031 2.1142168 0.906934679 0.0688925982
    0.301995695 0.54263401 0.297070444 1.28315306 -0.154492438
    1.07904232 -0.667532265 1.48879123 0.908098698 1.22464836
    -0.0750272274 -0.0784271359 -0.58987391 0.150471032 1.5481137
    0.614958704 -0.544911265 1.05383158 1.52463484 1.48940372 0.22653085
    0.296885908 1.39989352 0.365731299 0.52222836 1.61950111 1.37311387
    -0.192247868 1.22077203 -0.333948493 1.70311737 1.05031896
    1.47610593 0.942627192 0.540033281 1.06140327 -0.0871364474
    1.31126618 0.128353298 1.21665514 1.01293766 -0.0552846789
    1.12268209 -0.0785677433 -0.515271366 -0.24047488 -0.093670845
    0.599235296 1.70917773 -0.25208801 0.369629622 0.431892574
    1.45706606 -0.643536806 0.876811564 -0.29588896 1.52650714
    0.28618741 -0.445752859 1.73318779 0.494467974 -0.357219577
    0.816515088 0.248551607 0.448268354 0.176651716 -0.227624416
    1.06039691 -0.776790261 -0.0715057254 1.02750063 -0.0867013335
    1.26393259 1.2052691 1.23515439 -0.515190125 0.899327338
    -0.625368774 1.31784034 1.62165928 1.15236354 -0.0384446979
    1.79563391 -0.0988661647 0.0643540621 -0.479891866 -0.499740869
    1.38230872 1.30152965 -0.441267163 -0.37272352 -0.32749474
    -0.702076137 -0.155154705 1.61945271 -0.774963737 -0.775438845
    1.63710332 0.601582229 1.26430321 0.0549427271 -0.0839923024
    -0.56194073 0.551699698 0.798250616 -0.458704352 0.315050066
    0.67234385 1.53246284 -0.591460288 -0.045250833 0.6571033
    -0.0445782542 1.44501495 -0.609407485 0.27256459 -0.620711505
    -0.0603039861 1.53109288 -0.222460449 0.158064544 0.849934578
    1.82465911 0.285720408 -0.0528692603 1.10574651 0.722760379
    1.65502334 -0.555857897 -0.198705971 1.13463068 0.0781332254
    1.36330056 -0.63972348 0.0571216941 0.49400425 1.09343553
    -0.710766017 -0.00703835487 -0.208530664 -0.266344935 1.56687069
    -0.0287156105 0.304192483 0.15016675 0.874299049 -0.367437541
    0.535418451 1.41098619 1.31971037 0.193010926 -0.806195498
    1.56113517 1.02004743 0.205899239 0.0555248857 -0.676385045
    -0.537752271 1.23326826 1.21611762 0.245577216 -0.219626844
    -0.269289076 -0.296036005 1.14365315 -0.824006736 -0.107535362
    -0.179233193 -0.437857896 1.29407012 0.505305469 -0.512224674
    0.182665706 1.42736161 1.52349675 1.50180876 0.984313846 0.342967689
    -0.826352 1.23490417 0.519861281 -0.000208675861 -0.63178122
    0.3319543 -0.591479361 1.17055774 1.23667681 -0.133145809
    0.283402562 0.0336143374 1.06952643 1.17916882 0.602281094
    0.45150578 1.57116818 1.50471354 1.71923947 1.24429011 -0.649975598
    -0.744240165 1.552953 -0.790294051 1.43558168 0.863420308
    0.0540760756 -0.224298835 -0.239385426 -0.772051334 1.60315204
    1.57424617 0.00744307041 0.972570658 -0.648370385 -0.298958778
    0.889696956 0.0887207389 1.76775146 1.32519794 -0.763485074
    -0.165789485 1.32213998 -0.249762416 -0.11001122 1.48213696
    -0.38749215 1.04061532 1.78155494 0.357177734 -0.783416867
    -0.206143856 0.298236609 0.695291936 0.36904937 -0.710296094
    -0.117915928 1.27729726 0.352033794 -0.337608874 0.0242910981
    -0.158261597 1.5345608 0.034923315 -0.367163718 1.57252121
    -0.0915216804 1.30418968 -0.571773648 1.06366539 -0.78004092
    -0.0983411074 1.62234807 0.993792295 0.859149635 0.236794233
    -0.487785101 0.517911613 0.379827201 0.473079503 -0.25412786
    0.456227839 1.25827098 1.39103651 -0.0972663164 0.0394451618
    0.245143294 -0.0733931661 1.41852522 0.340730906 1.61516905
    -0.0662898421 1.08675218 0.131771386 -0.0940042734 -0.614977717
    0.332671881 1.53654301 1.33045101 0.822219789 -0.107054055
    0.638886571 1.6250087 0.579592347 -0.54719615 -0.30804801 1.52325034
    1.61092877 0.853373289 -0.826226711 0.329948902 1.20210814
    1.19372249 0.0955774188 1.55701554 0.97225821 1.44647264 1.75563431
    -0.53824079 1.25993669 -0.409079015 0.901045144 1.50930524
    1.55233455 -0.211080849 1.68660152 -0.298016012 1.0368154
    -0.686768413 -0.650876403 -0.5195508 -0.681815922 0.306419671
    0.174669266 -0.763027728 1.11290383 0.868799686 1.26075888
    -0.691066504 -0.274627298 0.5809623 0.82653904 -0.17815721
    -0.22676897 1.88705301 0.0364601612 0.279292166 0.916890323
    0.40198189 0.189492762 0.140845537 -0.183640778 1.72895873
    1.05386424 -0.381812364 1.47637713 -0.501762509 -0.763066173
    -0.485356599 0.800854087 0.136356592 -0.368250668 -0.0544109941
    -0.631395042 1.30378795 0.833172798 -0.777275681 1.07345212
    -0.398869902 1.82496905 1.09339154 0.0791250467 1.54845989
    1.76868677 0.76303345 0.291495442 1.42263436 -0.393361717
    0.493088007 0.00831949711 -0.705040216 0.619721353 0.256030202
    0.974587381 1.85832763 -0.145907044 0.797361553 0.124699295
    1.78816462 0.990666807 0.273320854 0.783498764 1.66195846
    0.855145156 -0.688495338 -0.488657057 1.30534112 -0.371447742
    0.277419806 1.45404124 -0.491191387 0.685050428 1.48405266
    0.259379566 0.650574446 -0.364724666 1.28510118 -0.73208487
    0.457935393 0.74273932 0.665888965 0.0243182182 -0.0850750804
    1.82738304 0.683070779 0.182462394 0.230110347 0.252413571
    1.90706015 -0.218984663 0.196295977 1.12222743 -0.611956179
    -0.501340568 1.11807775 0.992209017 0.411539793 -0.428996861
    0.523750603 1.37967038 -0.579566956 -0.197885334 0.418376088
    0.106058955 -0.299051106 1.76012731 1.01269853 1.73482382
    0.744419158 1.67860186 1.19531465 0.6955989 0.702546418 1.11066914
    0.857594252 0.470858395 0.355131805 1.49748623 -0.725325227
    1.00583196 -0.163463533 1.60614419 -0.619751811 1.46335995
    1.54724181 1.54152441 0.45436275 0.548409283 0.32729733 1.47115993
    1.69363165 0.890184343 1.25577641 1.45851314 0.89844811 -0.612629116
    0.200193167 1.60978007 0.570155442 0.70891118 -0.105745077
    1.54165697 -0.6071316 -0.856253266 1.33655357 1.5010829
    -0.0830645561 0.975591302 1.0560348 -0.0191543698 -0.479430348
    1.41517448 0.386414289 1.31480312 -0.493192762 1.36287069
    0.549553335 1.0685544 1.31334496 0.905583262 -0.826109469 1.61481512
    1.70941699 0.936431408 0.124716282 1.1564126 -0.546627283 1.75840235
    1.67570162 1.17636204 1.14061201 0.122252047 -0.41670993 0.686248422
    -0.0869693756 -0.271972179 -0.203125656 0.744558871 1.03753066
    0.938127398 0.366831779 0.790586174 -0.74455452 1.68646133
    -0.57153213 1.1911329 -0.809374154 1.67009854 0.657900214
    -0.0940468907 0.68427676 1.27438903 0.302360952 0.628905594
    -0.643326581 1.38937569 0.339633703 0.418062329 -0.0554379225
    1.01784289 0.586990535 0.868012905 0.452536285 0.857880652
    -0.29809168 -0.398020804 -0.532215476 0.557194054 0.298957765
    -0.275863826 1.1346755 0.863317907 0.620327175 -0.566598773
    0.773487329 1.3221519 1.6530261 -0.101942182 1.023278 1.67119288
    1.51295829 1.61033022 0.550916433 1.22798753 1.63140154 0.779961467
    -0.715089917 0.646841705 1.34547758 1.72196949 -0.668621182
    -0.204501569 -0.263885915 0.693229258 0.50311923 -0.273026288
    -0.52333796 1.68114758 0.129097164 0.311843932 0.61672461 1.65685368
    0.0419751406 1.15204 -0.449990928 -0.791539192 -0.373816282
    1.75245726 1.46646762 1.52230668 1.38280034 0.294899344 1.72353625
    0.983552992 -0.316389769 0.529425085 1.4503839 -0.814222157
    1.30460382 -0.0765918493 1.51582885 -0.105071843 -0.327013135
    0.0134078264 0.466862142 1.63439858 -0.18206352 -0.496705353
    0.850311935 -0.058244884 1.46152186 0.443133652 1.17610085
    -0.0262183547 0.333567679 0.262297928 0.959862769 -0.210702121
    1.56725311 0.656654119 0.564068675 0.611344397 0.864733875
    -0.389612734 1.1673342 0.340636849 0.227524102 1.30069995 1.55472136
    -0.367682248 -0.605317414 -0.546314716 1.29561496 0.187535644
    0.32472229 1.34927452 1.13105428 1.17009139 1.43954039 0.581671178
    1.18052435 -0.583897114 -0.33414799 -0.770301402 1.39769292
    0.264106572 0.280881524 0.163326263 1.0111506 0.0660374761 1.8282578
    0.0148052573 -0.267128259 0.707768381 1.21468067 1.00007391
    0.743935883 -0.741359591 0.190427601 0.71822983 1.46360493
    1.43140364 0.180985034 1.27830434 1.34951782 -0.767182708
    0.015408814 1.75319088 -0.180613816 0.303241491 1.21420288
    0.971026719 0.366615653 1.20590103 0.111795604 0.485511959
    1.75005221 0.963248134 0.344064236 -0.601390362 0.649842024
    1.85224807 -0.234187186 0.833671927 0.237935007 -0.52070713
    0.28737402 0.614479661 -0.132110178 1.46086359 0.35134083
    -0.82982856 0.693351328 -0.0729295015 0.42803669 0.771801174
    1.54680872 1.08283007 -0.0713213682 0.251196325 0.803959548
    1.65199912 -0.564294994 0.683790147 -0.0317469239 0.410090268
    0.91255945 0.113455713 1.34869218 0.4142856 1.31702125 -0.710895419
    0.409124851 0.880925715 1.59829092 0.447810471 -0.697701216
    -0.279525101 -0.468943745 1.04397202 0.212050378 0.0818070173
    0.0287501216 -0.443331897 0.275523663 -0.617527843 0.607677162
    1.36030459 -0.186952233 -0.117408574 -0.596356571 0.160905898
    -0.37027058 1.18151951 -0.747880816 0.225278378 1.44546664
    0.138141155 0.349433839 -0.715506434 1.7749685 -0.662654281
    1.13227081 1.14327693 1.56887817 0.435308278 0.807620406 0.423274815
    0.619104385 0.490054429 -0.325042367 1.46985674 0.165947974
    1.12345886 1.59308648 1.62999582 0.623909295 -0.104815245
    0.034651041 1.11680388 0.32866466 -0.649075985 -0.0424369574
    -0.326101303 -0.860449314 1.12290001 -0.114368379 -0.175011039
    -0.285017341 1.32740724 1.34580326 0.252664387 0.931300879
    -0.193905115 1.72831631 0.47739172 0.663550675 1.24952221
    0.318322837 1.64534497 1.66209674 -0.743238151 1.18588352 1.51064026
    0.82659173 -0.109143257 1.23198771 1.21650422 -0.0146709681
    1.52822018 -0.162744582 0.351736963 -0.197864592 0.272655606
    0.843088806 1.63257778 0.849269927 -0.312617421 0.688049734
    0.429010153 1.50028241 0.75018841 0.0170185566 1.04753423 1.71770477
    -0.626984954 -0.187985539 -0.309318542 0.719775915 1.22315097
    1.67592442 1.35720277 1.38283181 0.325326562 -0.494820029
    -0.0588359833 -0.578052759 0.947363257 0.0774368048 1.39138126
    -0.856827676 0.32189101 0.211643517 1.39466846 -0.273863316
    1.04032016 -0.0786771774 -0.38715151 1.6429714 -0.529115438
    -0.608519018 -0.682425737 -0.0558995008 1.1828593 -0.48785913
    -0.136603415 -0.126512587 1.75394535 0.053555429 0.831863821
    0.121767879 1.43984199 0.431591928 0.67079103 0.905253887
    -0.215730727 -0.788475215 -0.0246729851 1.56821597 -0.588220477
    0.60489887 -0.232829452 0.582762122 1.77170825 1.24659622 1.05617332
    -0.213413656 0.699791372 0.846612871 1.14341521 1.24693537
    0.0633600354 1.94430828 -0.157438934 0.694158614 0.0382574797
    -0.1310817 0.295874 1.57970262 -0.0195100307 -0.378155053 1.4208734
    0.409232914 1.35734749 0.246769547 0.919552982 0.351309657
    0.409942448 1.77365732 0.72523731 1.5433718 0.116152465 0.307375431
    -0.424543142 0.449519336 -0.617542148 1.54868412 0.403557062
    1.24037242 1.77355957 -0.69861877 0.751380563 -0.809542 -0.162623763
    -0.373331606 1.49287152 -0.0541958809 1.27183533 1.82679582
    0.981131256 0.222329974 -0.10890907 0.842971742 1.85913992
    -0.559255004 0.570564449 0.518829048 -0.274216056 -0.0643683076
    0.219598114 0.991571665 0.143045902 1.600353 -0.182388008
    -0.764867663 1.56342387 1.28910804 1.43134141 0.893125117
    0.190945745 -0.427248329 0.105066836 0.97736764 -0.106739283
    1.59462953 -0.662044644 0.804412603 0.870210886 0.19864434
    1.20809102 1.56641567 -0.487839818 1.02965379 0.689257622
    0.670548797 1.36660218 0.401209474 -0.685689092 0.765839219
    0.339852273 0.935600638 0.948512375 1.31917262 1.01535392
    -0.225729823 1.14557528 1.13113034 1.7814523 1.74388242 0.0707457662
    0.990547955 -0.311345994 1.23749804 -0.0824442506 -0.209174335
    -0.0191532373 0.274758697 1.03986335 0.163726509 0.0745918155
    0.993245721 0.11124599 1.03055096 -0.301321745 -0.594812751
    0.566169083 1.01278877 -0.689851582 -0.156410694 1.10808563
    -0.428051084 1.63344049 0.899822831 0.0578157306 0.626091182
    1.30784059 0.339969218 0.25634259 1.02023387 -0.0461344123
    -0.0768176913 0.0234999061 -0.12713331 0.688099325 1.61780691
    -0.676288843 0.0253776908 -0.158769488 1.59320736 0.224074125
    0.540341675 0.553980231 -0.594314098 0.658769906 -0.351145804
    1.72055948 0.125906587 -0.133231759 0.278254628 0.374840617
    -0.0822515488 0.503230274 -0.887542248 1.10848927 0.955728531
    -0.345048666 -0.663144231 0.481122255 0.642695308 1.5113883
    -0.371574521 -0.774376988 -0.515553594 1.22094822 0.17010951
    1.67985976 -0.755562663 0.447805703 0.556692958 0.565149009
    -0.381260514 1.27574611 1.07529998 0.645899773 -0.270754486
    -0.0500019789 0.637117505 1.84574366 0.425146461 -0.351779759
    -0.426278383 -0.0664946437 1.56357408 1.54769754 1.25831938
    -0.0587124228 1.60460722 -0.288131773 -0.117592633 0.158512294
    0.571723461 1.33251953 0.952109873 1.09838676 -0.614293456
    -0.630295157 1.22041941 0.796173692 0.883118987 0.990822256
    1.21603489 -0.37465176 0.901222348 0.325922638 1.19493842 1.02271903
    0.801802516 0.429303765 1.74793458 0.0549632907 -0.436624587
    1.70324039 -0.194049299 1.88109279 -0.819280922 -0.0167331696
    -0.224320233 0.861449242 -0.232493281 1.51061118 1.44632673
    0.561262608 1.3409605 -0.326973021 1.46431446 -0.198767722
    0.208687961 -0.137136221 0.815784037 -0.474875063 0.927223325
    0.932165205 -0.303767681 1.178213 1.7741394 -0.109486103
    -0.770928204 0.55130285 1.54924369 1.6174041 1.41085923 0.896812558
    1.64325666 0.145544648 -0.164440572 -0.121904314 0.435127735
    -0.550298929 1.39788318 0.136981308 0.637949824 -0.0641483068
    0.812958717 0.253649294 0.228458405 -0.0133736134 -0.664518476
    0.819670439 1.52426028 1.42046356 1.58883655 1.32351995 0.351041615
    1.19844401 -0.387854517 1.30091918 1.32209468 0.43569535 0.248606026
    -0.330250591 0.70498538 1.54669857 -0.696609497 -0.583355904
    0.0119063854 0.654142082 -0.672661006 0.250053942 -0.487838447
    1.0542531 -0.237717092 -0.33369419 -0.679737389 0.0883231759
    0.190634727 0.158628225 -0.128463686 -0.410671711 1.67655671
    1.71106553 -0.292812586 1.66892338 1.76084399 -0.143962622
    1.65616965 -0.665962517 -0.146965444 -0.45053795 1.5189507
    1.34746134 -0.763609052 0.536088049 1.12496543 -0.22038877
    -0.600361586 1.74867558 0.269800067 0.0324288011 -0.627637267
    0.171798348 0.677537382 1.01666152 -0.527873993 0.961939037
    -0.299504042 -0.746566951 0.442378461 -0.623681128 0.154301226
    -0.518567085 1.13529599 1.4582262 -0.329041302 0.506654322
    0.541747034 1.6523217 0.576808155 1.16466069 0.21175158 -0.337894171
    0.54196763 0.0731992722 -0.421489596 -0.600724816 0.0213284492
    0.385738671 0.355905771 0.800127745 0.979333758 -0.425981849
    0.290205956 -0.529496193 0.229891956 0.116382241 -0.677945733
    -0.346779555 -0.66345346 0.453670621 -0.568849683 1.31326294
    0.915966332 -0.220270216 -0.266056597 0.33273679 -0.699053884
    -0.714091361 1.5502491 -0.909713447 1.6670115 1.77665305
    -0.713035822 0.634546578 0.319925129 -0.573701024 1.38868666
    -0.100881338 -0.739926398 0.503778338 1.58613753 0.462685943
    1.42981601 0.85222578 0.299825311 1.32375109 -0.636069894 1.44837308
    0.657827854 0.936157763 1.32094669 0.252637208 -0.324968755
    -0.527317047 1.70222044 0.845836997 0.785694301 -0.389067739
    1.72095609 0.697025657 1.06779432 0.87365675 1.4251318 1.18520594
    1.10443044 0.515248716 0.50901103 0.643371999 0.313898504 1.40191102
    1.57873797 -0.601654291 0.137970507 1.34168553 1.44674695
    0.360882282 0.650799334 -0.518651009 1.03812075 1.66183257
    -0.875570059 1.07419157 0.124332786 0.524398863 1.44774604
    0.993664265 0.885082364 -0.478490084 0.188284993 0.616476715
    0.548033595 1.34535682 0.561348081 1.10296178 -0.10001266
    -0.0372441411 1.67812526 1.4365294 0.947502673 0.69775635
    0.688482404 -0.331056863 1.41325915 0.0519103408 -0.520009935
    -0.728541493 1.47432232 -0.524767876 1.43500614 -0.650747478
    -0.515879631 0.462631106 -0.705964744 -0.526071489 -0.311420798
    1.02081704 0.996824682 1.82133532 -0.653130591 -0.362084329
    0.0990823507 -0.333603173 0.133265376 0.540276229 -0.409693599
    -0.335579097 1.81566238 0.24596709 1.00932431 0.651598752
    -0.135611296 1.62728918 -0.199083626 -0.619630516 1.12187076
    1.35810483 0.453603446 0.0463662148 1.23396087 0.377019823
    -0.40503028 1.60709143 0.859378159 1.6771518 0.825122774 1.7040652
    0.245806038 1.26361537 -0.832387686 0.27682966 0.646317363
    0.329682589 1.76094198 -0.61123538 -0.737314522 1.88767219
    0.41392982 0.865785897 0.957368076 0.277605534 0.301581323
    1.45595837 -0.757710218 1.0474782 0.971242726 0.659182787
    0.257661641 -0.367899299 1.12439191 0.910958529 -0.112782061
    -0.35894689 -0.662155926 0.117805421 1.73191285 1.50510716
    0.959976196 0.985618234 1.53758299 -0.361702621 -0.356860191
    0.181138277 0.289673865 -0.578795731 1.84234691 1.81076789
    0.376988232 -0.561750174 1.33754003 0.791987658 -0.686389625
    1.75483632 -0.63387531 -0.619876087 -0.0114886165 1.01011753
    -0.496000051 0.638231039 1.17719078 0.694088757 1.29825842
    -0.188838482 1.40841699 1.73372912 -0.0500174761 -0.474048406
    1.08941388 -0.619518936 0.356928587 1.24174356 -0.552880704
    -0.508337557 0.253247321 0.443524837 1.03501737 -0.117263496
    -0.580415905 1.47530484 1.52255464 -0.827762365 1.45066309
    1.60397792 0.863152146 1.82993591 -0.0629017353 0.648544133
    1.71389043 0.441218078 -0.16327703 -0.314676374 1.30425215
    0.850576222 -0.17165637 -0.237062335 0.772762537 0.545751572
    -0.749486029 0.904288173 1.54928803 0.845674872 -0.186924934
    1.17974734 0.844056427 1.69519722 0.51419282 1.36129296 0.226674259
    0.212031603 1.73155475 -0.500061631 0.366571307 -0.00868052244
    0.31354326 -0.565403819 0.42920351 0.769039571 -0.605685115
    1.2180506 0.135634005 -0.341751426 0.197163105 -0.408172131
    1.45597851 0.930762589 0.0808442831 -0.524878025 1.01686287
    0.234149754 0.387173176 0.675293505 0.851526737 1.74249887
    0.159851372 1.85366273 0.84415549 1.10357893 1.80562377 0.304470479
    0.340479493 -0.237213671 -0.151933789 0.0932114124 0.118657351
    1.70365465 0.865243912 -0.377297938 1.49063993 1.4875772
    -0.758647323 0.874069273 0.673107028 0.319002748 -0.247989357
    1.23018575 0.126758337 1.82538855 -0.640625179 0.286403239
    -0.220961273 0.148937464 1.54122412 1.13149107 1.32934034
    0.829819977 0.902390003 -0.696885347 -0.621113062 -0.461757988
    -0.584944904 1.50404024 0.422998846 -0.230383158 1.08607256
    -0.749377787 0.831694186 0.445446253 -0.517033458 1.26362348
    0.972221136 0.618625104 -0.173553586 0.045494318 1.56319356
    -0.424576312 0.724183142 -0.647076011 -0.286074162 0.485588372
    1.08536243 0.263996243 0.699985445 -0.128270566 -0.0710583925
    1.58699703 1.54839969 -0.205104411 1.5140686 0.0194190145
    0.734330356 0.466074944 0.533117056 0.900654018 1.53349435
    -0.678807318 1.18630767 0.259431362 0.401663065 1.54039693
    0.710506797 1.28706944 -0.869234383 0.715816677 0.247985661
    -0.826624453 0.641628206 0.880289972 1.08904076 -0.732087791
    -0.471425533 0.258271992 -0.271577775 1.8373642 0.0314750075
    1.77465534 1.74456286 1.4553082 -0.250389516 1.45416188 0.35936594
    1.20230985 1.28748119 0.0409488678 -0.471583158 1.2985518
    -0.735837042 0.297108352 1.67339182 0.416257083 1.14738047
    -0.598451912 1.00967288 -0.562773049 0.0801207423 0.327837467
    0.487704515 0.168948412 1.50122261 1.80582321 0.284081221
    0.919058979 -0.331978142 1.61193573 0.495500326 -0.284215331
    1.20849824 -0.413759738 -0.60325247 0.737482667 0.7948668
    -0.634477317 -0.549526453 1.60783648 -0.557716489 1.03443575
    0.686060309 1.51480103 1.09613872 -0.566848278 1.7949785
    -0.560838044 1.10447693 1.37566519 -0.452065438 1.29923201
    1.50989652 0.789303362 0.263367712 0.583021224 -0.0771958828
    1.77847505 -0.298867285 1.54088497 1.53076088 1.68179786 1.03814042
    -0.0245680213 0.564004481 -0.218318522 1.80201232 0.069164753
    -0.63678956 0.528299809 1.82014346 1.47487175 -0.66253823
    -0.171036482 -0.221065193 0.541312218 1.25398445 0.106340885
    1.15115798 0.803535283 -0.486374021 -0.565220356 -0.783352375
    0.611334682 1.13697624 0.550784469 -0.296285748 1.51650286
    0.393660069 -0.561727703 0.0878531933 0.196558654 0.745343268
    0.513428509 -0.074569881 -0.068022728 1.8185904 0.376565397
    -0.0848562717 1.26470542 -0.314069241 1.63861704 1.22033691
    -0.458296776 -0.267196208 -0.0384978652 0.39607197 1.32355368
    1.32519746 0.674044013 0.946311355 0.638743937 0.529770255
    0.488288343 -0.136780977 1.14499259 -0.258245826 0.139049113
    -0.319803268 -0.281857938 -0.214787185 -0.490271449 0.688042641
    1.03301978 -0.187368691 0.784528732 -0.805337787 1.46352458
    1.82215118 -0.49377045 0.631010711 0.999112546 1.686589 1.38235831
    0.637591779 -0.419567257 0.223300159 1.1802367 0.445846975
    0.106271565 0.125921488 0.0613059998 1.82163954 -0.04103297
    -0.000534713268 0.962791622 0.753129363 0.721236289 0.899404347
    -0.463109314 1.73737669 -0.492427468 -0.441638708 1.71998668
    1.55266905 1.72174573 1.72251177 1.17674017 1.19119596 -0.223546028
    -0.373804659 0.892952442 0.824254692 1.62667096 0.237235844
    0.334182024 1.31973577 0.760650516 0.689929366 -0.358731478
    1.72172117 0.064601779 0.499798656 1.79240656 1.18429661 1.85953522
    0.881208301 -0.493741065 1.41650081 0.246038914 0.482838094
    0.294419587 0.00748181343 -0.707422316 0.385004282 1.39464152
    0.767860413 -0.671081424 -0.598340809 1.8886503 0.0606119633
    1.12345171 1.29679537 1.40340281 0.244822979 1.12830901 1.13506985
    1.12367833 1.19112277 0.839986622 1.83958423 0.378977776
    -0.142197907 0.00866305828 0.613995075 1.07362604 1.68410504
    -0.577820361 1.68716717 0.0710119009 0.258640468 -0.53522265
    -0.70508635 0.641783059 -0.192795038 1.04574513 0.742342055
    1.72967052 -0.118718624 -0.288313776 1.48488855 0.175402105
    1.82477486 -0.669211268 1.22986746 -0.017382741 0.726272345
    0.25036484 1.01798272 1.70453596 -0.423936218 0.853410065
    0.737812877 0.024713397 0.697864175 0.221182525 0.489156127
    -0.295338333 1.19513083 -0.042077601 1.57864201 1.25348902
    1.70281649 1.09293747 1.55901337 0.90252471 1.08815932 1.68643117
    0.859771729 -0.161201 -0.248230636 1.63596773 -0.592408776
    0.987654269 1.1434685 0.603518963 1.1108942 0.341037393 0.0968729258
    0.479479611 0.763199687 1.7688005 0.13291502 0.445854962
    -0.606078923 1.12219024 -0.305230975 -0.45710963 0.541817784
    0.0702159405 1.64908481 0.166900754 -0.353555351 1.85428309
    0.108880043 -0.324377239 1.12175179 1.46200633 0.819523513
    0.507955313 0.0896608233 1.07906556 1.0496254 0.565089822 1.54656076
    -0.424740285 0.748710752 -0.20025292 -0.24865669 -0.263943017
    2.02480388 0.862501979 0.335079193 -0.300325841 0.169871569
    -0.150748432 -0.125777543 0.688270092 -0.071667552 1.26120305
    -0.102420092 1.70711327 1.12561059 1.48884535 0.882280529
    0.0917339325 -0.0632901192 -0.386945069 -0.599299908 0.367756009
    1.58847821 -0.552628398 1.04982805 1.63378072 0.896777749
    0.402445972 -0.0178158879 0.156543434 1.64600194 1.49305797
    1.14562249 1.39196849 -0.474593908 1.96434617 -0.397679776
    -0.0476177931 0.808145225 0.115707815 0.285620928 1.85387397
    0.0549618006 0.844059944 0.235604584 1.37209058 1.83049536
    0.399587512 1.07377696 1.16234124 0.312702477 -0.0808215737
    0.741447151 0.60068804 0.48638922 -0.0691590607 1.35804057
    0.683455765 0.189001262 0.494651496 0.356909752 0.929074645
    1.36547709 0.568437874 -0.365071058 0.185813546 0.166787803
    1.57810485 -0.47136113 0.481764734 -0.0972851515 0.831521451
    1.70882773 1.81519473 0.854619145 0.904467106 1.06391323 1.5813117
    -0.68658638 0.400255561 -0.251939893 0.726446092 0.521276057
    1.16589189 0.388921201 1.93420696 1.06028652 0.386325359
    0.0680754185 -0.0292831659 0.296744287 -0.375080973 1.52357984
    0.514808536 1.05318916 1.4624573 0.85531503 0.727824032 0.258785248
    0.052200973 0.261683524 0.467530489 -0.726786256 1.85822487
    0.342120528 0.317349494 1.62158966 0.296628475 1.78216076
    0.346094429 -0.539598584 1.84328496 1.57193613 -0.339349687
    -0.0729144812 1.74156249 1.53627264 -0.453149348 -0.0697883964
    1.48318827 0.644679904 -0.44339633 1.40261769 1.09200585
    -0.101971328 1.65683246 1.18648338 0.128023803 0.473929882
    -0.171940625 1.14264488 -0.355214328 0.543766022 -0.151651263
    1.34834242 1.71483278 -0.523905396 0.652770102 0.42209667 1.23159492
    -0.46972546 -0.351385415 -0.415623188 1.28010976 1.27132249
    -0.166127861 1.7958076 1.20152307 1.52926707 1.84584177 0.835237145
    1.52438271 0.700366616 -0.468381047 1.85051179 -0.591028929
    0.0784003735 1.26193929 0.892922997 0.142935872 -0.0820429325
    1.05637455 -0.440159619 1.470855 -0.378464192 0.110421896
    0.521530926 -0.456180781 1.382007 0.429296076 1.48102331 0.944620192
    0.780094326 0.657657266 1.78808057 -0.234235644 0.696278155
    1.5121727 -0.250965029 -0.513312399 1.96602023 1.51973677
    -0.0693158507 1.93438935 0.124999821 0.216519833 -0.190765589
    -0.113727123 0.000395715237 0.374060273 0.901310325 0.08815974
    1.07619762 0.495833755 0.576282263 1.58320475 0.829155147
    0.807331264 1.60379457 -0.646892548 1.66558886 0.694473565
    1.20461822 0.556122065 1.25940335 1.77856064 1.63429034 0.354553759
    1.81409621 -0.43336609 -0.0470795631 1.58285069 0.162965417
    0.612010062 -0.0477873683 1.49409389 0.613589227 -0.325464696
    1.98311472 1.56263709 1.32591176 1.25291944 0.452932239 -0.621061683
    0.794089615 0.417360425 0.804981768 1.45421195 1.91027021
    0.377746403 1.65132523 -0.508345544 1.47525239 -0.329435408
    1.16521621 1.88000262 1.58922017 1.11937821 1.78835893 1.18525028
    -0.435687423 -0.518276453 1.36776745 0.332581997 0.597772479
    1.43834615 -0.0884875655 1.08839941 0.119601518 1.10136676
    1.60787153 0.348166704 1.47840989 0.635825992 1.34263635 1.55812931
    0.958680153 -0.121050298 1.09440887 1.42754912 1.41448116
    0.634487748 0.163186044 1.13442051 1.11137199 2.15421247 0.908850908
    0.983144641 -0.0727854669 0.165563166 -0.280035496 0.16880849
    0.575938582 0.889205635 0.643848062 1.72219753 0.598630786
    0.0165540576 1.23099136 2.09862089 0.336761475 1.99756193
    0.266617894 1.8521359 1.18455482 -0.470059633 0.90361762 1.40377772
    0.622471035 1.60122156 1.85538673 0.588462114 -0.177196115
    1.04637206 1.01747489 0.578207731 1.19302964 0.0445875525
    0.543650627 2.21594548 0.421802998 0.377428412 -0.103847682
    0.376680613 0.407881916 1.92791343 0.450777143 1.22088289 1.70978892
    -0.160719693 -0.188803539 0.261074454 0.925276399 1.75533867
    1.06362045 0.0793863535 0.946986079 -0.0898693204 2.07406211
    1.65516758 0.713385344 0.626259685 1.6814394 1.86347675 -0.219057977
    1.42650449 2.14013529 -0.309467971 1.77709997 0.909843564 1.58731103
    1.86112142 1.51472783 1.53197432 1.08802795 1.59139848 0.48585254
    1.14608979 -0.282783329 -0.269518346 0.267523021 0.0898714662
    1.14016557 2.2123847 1.09403563 0.87661612 0.862517297 0.112209618
    2.01827455 1.71907592 1.626194 1.95733964 -0.162626237 0.117501199
    1.84932995 1.64087713 0.830626965 1.36900806 1.8461802 0.801147044
    1.32496464 1.047521 0.317494035 1.13544393 -0.312330842 2.05964661
    -0.179481983 -0.354176253 1.51340318 1.62226725 -0.103593081
    0.81242907 0.994173884 0.661447048 -0.244959414 0.801638722
    0.274406999 1.31309021 -0.412968427 0.23158896 1.89807677 0.68466121
    -0.362150252 1.1210463 0.964285254 0.896832585 1.48809361
    0.879330277 0.128970474 1.29391885 0.668049574 0.23886624
    -0.390343308 0.436732054 0.388271779 1.16846764 1.98581231
    -0.434655547 -0.0872407258 2.04632092 1.47728896 0.757418811
    0.278417647 0.385318637 0.92896837 0.275123715 0.622267365
    0.0663394332 0.996272385 1.83913696 0.0654701293 0.433239579
    2.01194286 1.24558687 0.0732349157 1.40596247 0.0970600843 1.6126374
    0.561854661 0.910935402 1.79435718 0.0851234794 1.32803857
    -0.231684685 2.10251951 0.363794804 1.2155354 -0.0824751854
    0.948951423 0.626234174 -0.36808455 1.0681982 1.73594761 2.03076744
    0.505176723 2.1215384 -0.0731751919 0.161206782 0.203154087
    2.11346865 1.55140257 1.38791537 0.53363049 -0.0311635435 2.03812408
    0.932368279 1.55761218 1.19153905 1.28529143 0.576315939 0.611780107
    1.70080531 0.93261683 0.403255105 -0.418379307 1.04833174
    0.526281178 1.24166691 1.62102008 -0.507448971 1.20929742
    0.832872868 1.464221 -0.53233707 -0.276941895 -0.0612306595
    0.845711708 1.55565226 0.13517499 0.353989303 1.84346581 1.69553709
    1.15721095 0.0830879211 -0.36281693 0.629803956 -0.00436013937
    1.29582512 0.490366668 -0.0672877431 1.13198864 0.634942412
    0.812013745 0.46765554 0.738024831 -0.0281968713 0.13371557
    1.88715816 1.21645093 -0.0707396567 0.33112061 -0.181447268
    1.09117019 1.44351315 1.08261406 -0.132257611 0.441808105 1.34951353
    1.06651199 1.14254975 1.07462192 -0.0884049535 0.0794219375
    1.14847541 1.27634025</data></my_img>
<your_img type_id="opencv-matrix">
  <rows>128</rows>
  <cols>256</cols>
  <dt>f</dt>
  <data>
    0.545578659 1.00542176 0.811268806 0.56113559 1.01781595 0.668269396
    1.47497463 1.49779379 1.44541049 0.687367022 0.74268961 1.50390804
    0.927410424 1.17174494 0.775369287 0.851179302 0.402490079
    0.416557819 0.877720952 1.37633955 1.42375743 1.29755175 0.919831693
    0.686891556 1.06748009 0.742214739 0.662142932 1.23694479 1.23236334
    0.759415448 0.81785053 0.924041212 0.697902322 1.3717041 1.44576216
    1.51875365 1.1684165 1.26850724 0.588469863 1.1284076 0.739421248
    1.04559827 0.787449837 1.50618052 1.53184319 0.743813157 1.17880118
    0.907814264 1.49869061 0.921442986 0.999563873 1.4645164 1.00541556
    1.31421924 0.665117025 1.22518063 0.639677227 1.06068718 1.53539729
    1.56431389 1.38996184 1.36741889 1.46638381 1.53315163 1.26758623
    1.59796488 1.31110907 1.60379255 1.29013956 0.899929464 1.46824765
    0.719736874 1.08704615 1.33762372 1.58441031 1.14547825 1.17796516
    0.980479598 1.35217488 1.28545535 0.474612892 1.18960154 0.683878422
    0.50386858 1.26518488 0.805221915 1.61031604 0.98334986 1.41072285
    1.35486746 1.46321177 1.19653046 0.973373115 0.540853202 0.607103169
    0.523209929 0.810017109 0.90565598 0.417195797 0.450284064
    1.37799394 1.1093055 1.18024421 1.26030648 0.468352497 0.467695415
    1.35897541 1.23893118 1.02340388 0.651481211 1.26047051 1.03084207
    1.38494623 1.57696939 1.60510945 1.37415981 0.96884203 1.1944859
    1.49544764 1.61168218 1.30929184 1.14995062 1.47703195 1.43759799
    1.04817724 1.13487566 1.00418997 1.56454074 0.996578217 1.53994703
    1.16556561 0.64437145 1.13339686 1.39166963 1.43542314 1.20080256
    0.72235173 1.13367331 1.37890065 1.28098285 1.15669668 0.796280921
    0.878915191 1.4943012 1.2229445 1.54647195 1.16587138 0.968710542
    0.931097448 0.784776568 0.737373114 1.11725402 1.0900948 1.51512897
    0.715954125 0.586874604 1.45964742 1.17725742 1.31570876 1.50067174
    1.35791659 0.647368908 0.494321585 0.617682457 0.565147042
    1.00279653 0.907811105 0.71843338 1.34031045 0.978409231 0.829381883
    1.17055249 1.02930629 1.543805 1.47959173 0.896853566 1.23651922
    1.40824068 1.58599138 0.859903693 1.4338187 1.02096033 0.563174188
    1.39399445 0.712770343 1.00494528 1.02781653 1.37177622 0.616591394
    0.806719422 1.11796951 0.966573119 1.09840465 1.44275379 1.54818523
    1.50220978 0.898150027 1.55031312 1.08753264 1.13463354 0.796277344
    1.08286583 0.659656167 0.480435282 1.28724301 0.946039796 1.23478496
    0.971538007 1.39487243 0.961038589 1.33506572 0.451309413
    0.510546088 0.963685453 1.16351545 1.30948532 1.44399834 1.03585947
    1.32088482 1.09486353 1.04844904 1.05779648 1.04477799 0.86998719
    0.445875257 0.709742785 0.566078067 0.555060089 0.802780747
    0.870952666 0.459015518 0.822298944 1.18820751 1.15685785 1.04554737
    0.934132755 0.476173937 1.0274874 0.840752602 0.816996157 1.06845665
    1.1158222 0.815145254 1.07815838 0.904012084 0.940314472 1.1688385
    1.41566014 0.899840176 1.4451319 0.572973311 1.06357598 0.971885324
    0.83230871 0.702023447 1.18879366 1.02744138 1.00004613 1.01287425
    0.73989749 1.21947873 0.79965359 1.43817091 0.88620013 1.10203433
    0.811461091 0.910687208 1.61063552 1.65331244 1.58202732 1.63911605
    0.784518361 0.553415537 0.642436743 0.946260393 0.559432387
    1.07650065 0.733359993 1.13703167 1.17881918 1.36136281 1.6669476
    1.03607368 1.46908355 1.49803209 1.13596058 1.50356531 1.5837481
    1.12113082 1.00067711 0.77290076 0.922174811 0.906892598 1.0657233
    0.958514869 1.67666316 1.61711884 1.32690001 1.57690859 1.08161831
    1.43063843 1.38729286 1.58468449 0.822897911 0.858795881 1.70796561
    0.936405063 1.20957625 1.41963935 1.36500561 1.23389697 1.25211108
    0.9440943 1.60190499 1.75938964 1.51044691 1.12453783 1.19290602
    1.75198925 1.0787698 1.25424445 1.70288062 1.689942 1.4880358
    1.18716133 1.03384268 1.74242949 1.70374024 0.978521287 1.75582385
    1.24729848 1.66128349 1.08384538 0.752392054 1.20982671 0.710689425
    0.684779704 0.95836395 1.06396878 1.22044325 1.2716378 1.04661083
    1.7721616 1.66770244 1.69454956 1.81098127 1.36101365 0.933388829
    1.28309536 0.804947793 0.866287827 0.858434677 1.51711261
    0.762962282 0.752779365 0.965722203 0.83517772 1.07134712 1.5241189
    0.660535038 0.536165476 0.584656417 0.974922419 1.26781368
    1.31781042 0.685576022 1.26589096 0.721999884 1.17468822 1.66425872
    1.79414463 1.75019002 1.53005457 1.52573335 1.08204067 0.846437693
    1.44973028 1.65516973 1.67181146 1.51540959 1.21934199 1.66333067
    1.07225049 1.5829674 1.54525328 1.06384885 1.45109379 0.961273015
    1.0264796 1.42037702 1.46404028 0.944685102 1.68671489 0.747635186
    1.62911236 0.869901896 1.09616148 1.48564863 1.49616778 1.6943419
    1.21667337 0.766654909 0.856958151 1.66931701 0.936483383
    0.791885018 0.66561991 1.02321327 0.859748542 1.38047898 1.14501047
    1.64872551 0.993537009 1.12719822 1.50658154 1.68619347 1.78541219
    1.21047938 1.15738642 0.744481504 0.908813536 1.18723309 1.67090213
    1.49035072 1.00582409 1.104159 0.967864454 0.729541063 1.58591413
    1.55208981 1.70334899 1.46631634 1.68016565 0.836535275 1.57786357
    1.73548949 0.811550975 1.45139408 1.69716179 1.07819724 1.51578021
    0.74857688 1.19096935 0.946534812 0.64169848 0.77312243 0.794401288
    1.18918383 1.59790146 1.45046043 1.79809034 0.876898587 1.40445983
    0.936184824 1.53390217 0.938236535 1.26268196 1.31908846 0.776610196
    0.648056567 1.20438612 1.20857751 1.77091813 1.47488022 1.27537394
    0.933150053 1.55610526 0.675095677 0.904455602 1.64223027
    0.783206522 1.14382255 1.36433291 1.34357536 1.07203794 1.23364949
    1.19254541 1.24506974 0.968344688 1.63086879 1.41135192 1.08562195
    0.75404495 1.24355304 1.22043145 1.15569115 1.00308228 1.41409695
    0.913809001 1.20960867 0.628288984 1.16207552 0.916059017 1.53680193
    1.23796952 1.59664989 1.69899452 1.46096516 1.12920964 0.661935687
    0.897379518 1.02596796 0.992550671 1.07889128 1.60326433 0.980728805
    1.49386454 1.52432632 0.698323905 0.940014184 0.768380702 1.03816473
    1.09589493 1.11402535 1.18600607 1.62095189 1.06572187 1.12359619
    0.716349125 0.969677091 0.829865158 1.21279037 1.66435134 1.22856307
    1.08222151 1.81109893 1.60063565 1.50730872 1.51061928 0.694723427
    0.546985745 0.588747799 1.0364604 0.690465391 1.6481992 1.35284615
    0.912894428 1.7740159 0.810734689 1.34078479 1.05802822 0.970976233
    1.5446049 0.905368984 1.39891076 1.20007324 1.32005966 1.31541884
    1.55836153 0.866036177 1.21097505 1.29958928 1.6562773 1.21572852
    0.895760536 1.3105067 1.28269458 1.75602567 1.78191972 1.80459392
    0.985611677 1.26539612 1.63600063 1.45809865 0.815958202 1.37622905
    0.836715221 1.34492922 1.26203477 1.60425401 1.63042164 0.929648161
    0.964109063 1.72691095 0.952107072 0.793901145 1.2722764 0.918370128
    1.48028886 1.82705092 1.27143109 1.06659746 1.72626281 1.3919214
    1.78449333 1.83787787 0.894289374 1.08411467 1.01147652 1.3464874
    1.71550572 1.55812502 1.39260328 1.38024127 1.48772109 1.45495462
    1.10140038 1.82347643 1.1182133 1.30155146 1.92332387 1.10031605
    1.82796884 1.79202199 1.32409728 1.04519093 1.61158061 1.39830136
    1.5755235 1.0380224 0.845785141 0.913273036 1.46119034 1.5331825
    0.712872386 0.847840607 0.717042923 1.31536853 1.44686413 1.59322011
    0.747699618 0.931641877 0.941245914 1.46697068 1.27195776 1.03685379
    1.11542869 1.8618232 1.41349566 1.35732448 0.928720295 1.23628986
    1.76174831 1.81097221 1.42253017 1.74818528 1.13556576 0.981518328
    1.21653926 0.795056105 1.39920294 1.56352186 1.78991425 1.26685011
    1.7620548 1.56592286 0.97542876 1.49514401 0.886610508 1.76912332
    0.877593637 1.57041001 1.44943774 1.256194 1.4664613 1.20818365
    1.36420357 1.66154242 1.73669481 1.38487458 1.13077366 1.4966048
    0.963004708 1.21855104 1.42530715 1.02805948 1.38207388 1.42071855
    1.7927407 1.15339494 1.20693314 1.51527309 1.43836462 1.30871689
    1.23378444 1.16044748 0.901078343 1.34289217 1.14887476 1.20112455
    1.33953607 1.72375596 1.74094975 1.46710908 1.14741051 0.873016417
    1.3971175 1.32111311 1.48126245 1.2105335 1.80316043 0.846430659
    1.15120554 1.23623168 1.65873921 1.10343981 0.865322351 1.23984671
    1.64889622 0.94859314 1.55519688 0.866074443 1.46483171 1.41785824
    1.30164564 1.56479335 1.89441085 1.78486121 1.23023903 1.57278633
    1.63283277 1.0331043 0.902890742 1.19661665 0.695378244 1.69002831
    1.36295617 1.73451424 1.72103465 0.98488456 1.79692709 0.860161006
    1.2457242 0.997532725 1.56993246 1.34571564 1.36476421 0.897826195
    0.90560472 0.80511117 1.01558578 1.51214945 1.44728339 1.72566366
    1.18845356 0.896361768 0.964819908 1.44385374 1.21246552 1.40773356
    0.839300215 1.0472728 0.741021276 1.13315833 1.5634259 0.928707302
    0.845677733 1.58406043 1.43652022 1.28054011 1.00882244 1.53486979
    1.47825289 1.48424864 0.739676356 0.953930557 0.755661368 1.76162505
    1.4092648 1.35207582 1.66284728 1.84224606 1.03930688 1.14747941
    1.6490351 1.16391051 1.62475657 0.995629787 1.46482539 1.33986068
    0.875084698 1.13979304 0.928627491 1.23588336 0.740101874
    0.888128817 0.840737164 1.40797412 0.707363725 1.32589078
    0.980566502 1.04222131 0.891698122 0.911807716 1.34854364 1.20506501
    0.798387051 0.543451667 0.851293862 0.853599727 0.745848715
    0.961060405 1.3365972 1.42316353 1.4503442 0.986429214 0.876714289
    0.806131482 0.901545346 0.907616854 0.849539459 0.79532516
    0.777639389 1.19998133 1.56137359 1.76072145 1.71213698 1.09235477
    1.70278215 1.54477775 1.40880477 1.0183394 1.74767017 1.24314666
    1.75732243 1.08941793 1.34941685 1.58554602 1.57876098 1.41854751
    0.990380645 1.54767728 1.39279079 1.80127323 1.87957072 1.21147811
    1.74916911 1.79680479 1.432868 1.53341889 1.04167998 0.934769988
    0.880846202 1.32245135 1.86143863 1.68398917 1.62137222 1.01727855
    1.68766236 1.25939465 1.28023612 0.982458353 0.814803243 1.62833881
    1.30467713 1.49473822 1.1135484 1.25858426 1.85401034 1.34137118
    1.55303264 1.35487914 1.84879053 1.52286911 1.81041765 1.3160435
    1.48618746 1.34965515 1.54449344 1.06788313 1.53426349 0.795815885
    0.933618844 0.810213268 1.32503128 1.71503806 1.67683375 0.992514372
    1.2606777 0.731266141 0.649741232 0.797616482 1.1470232 0.918704331
    0.843281567 0.767945647 1.71175468 1.77049851 1.36581159 1.7596879
    1.65770483 1.42150652 1.45863843 1.24143708 1.56944394 1.58703744
    1.37641644 1.69342995 1.54373264 1.6272763 1.27490973 1.39991665
    1.63149166 1.25914681 1.01701331 1.14130199 0.945294857 0.852235734
    1.48141217 1.55873907 1.38517678 1.42993784 1.0734446 0.771923006
    1.74521291 0.987417638 1.25191975 1.70254922 1.58150768 1.49796247
    0.885590911 1.68616819 1.63518071 1.1157763 0.877827823 0.87337774
    1.30407917 1.19520926 1.27969205 0.729411125 1.29536021 1.18733156
    1.484182 1.19871151 1.5467875 1.10146463 1.09674692 1.7414571
    1.94283056 1.28286529 1.01112139 1.37059414 1.10985267 1.77711678
    1.41750932 1.28819287 1.2691319 1.2427417 1.44645762 1.49486768
    1.41879869 1.69542336 1.38804412 1.34185815 1.05497158 1.71071053
    1.30682278 1.61446857 1.21034276 1.43109119 1.22865963 1.2331965
    1.29616511 1.76844645 1.05183244 1.05804265 0.858799398 1.43208385
    0.869832873 1.03470314 1.54625869 1.07913685 1.90082383 1.79256487
    1.88642108 1.19767082 1.66837013 1.0195365 1.02403009 0.719480813
    1.67782426 1.31741071 1.5575906 1.13209212 1.03619075 1.86248171
    1.6960659 1.45208633 1.22697151 0.804647267 1.33040524 1.49985588
    1.57687795 1.48142254 1.14847016 1.45999646 1.61755896 1.93217218
    1.23579383 1.68404603 1.93638122 1.00746644 1.63163519 0.882952034
    1.79708862 1.32745278 1.16001761 0.925245702 1.574561 1.15550101
    1.04581892 0.922082245 1.09793055 1.28674459 1.25313747 1.3374964
    1.27785802 1.23561668 1.28095031 0.896379173 1.1964252 1.14900589
    0.901230454 1.82917309 1.67158914 1.9533509 1.34832382 1.91719484
    1.15498173 1.16994607 1.07539105 1.07179236 1.25954664 0.699038625
    0.867384791 0.684984803 0.734192729 1.17185521 0.702406526
    0.831564546 0.885607123 1.47877085 1.02287245 0.82703501 0.93715018
    1.04074526 1.41290808 1.73329723 1.65560639 1.37177217 1.14490771
    0.945411563 0.705824018 0.753297329 1.16144061 0.923056483
    0.879499018 1.34585071 1.2024976 0.958400428 0.962840319 1.59173119
    1.11813021 1.23159671 1.46102822 0.955492437 0.739357054 1.50624406
    0.839672267 0.83333981 1.53445542 1.11267793 1.69235468 1.00768065
    1.34531736 1.73620307 1.10421419 1.12917471 1.67306054 1.78709507
    1.51446187 1.35722506 1.44984162 1.87028003 1.6256814 1.69279087
    1.5987618 0.95070684 0.882675767 0.915513277 1.23274791 1.89200401
    0.905481994 1.55784118 1.35708487 1.74263906 1.32969046 1.0698688
    1.27190554 1.24695027 1.81560159 1.06450617 1.5946641 1.77531266
    1.78150988 1.47931898 1.34259927 1.75587082 0.829882205 0.876283109
    0.988163054 1.86862493 1.83630884 1.83341992 1.66353905 1.09668291
    1.41110468 1.83544445 0.970201135 1.47047555 1.32167172 1.37913144
    1.06247807 0.852417409 0.851207018 1.69385839 1.67875504 0.899209559
    0.975065887 1.52575123 1.28988135 1.25799119 1.56432974 1.00193274
    0.736776233 1.06280851 1.12926531 0.965185285 1.67077529 1.6692307
    0.851354063 0.937066495 1.70144248 0.887074947 1.67830586 1.39141381
    1.05008674 1.12683725 1.14237547 1.31309903 1.11760867 1.20549715
    1.37565804 1.48127902 1.4571389 1.16111803 1.56984031 1.1957587
    1.74381125 1.49924648 1.09741378 1.68412352 0.753790557 1.52582204
    1.03803635 0.906683505 1.40043533 1.72075629 1.02758586 0.857521594
    1.45015764 1.59557438 1.01102233 1.46103156 1.26179171 1.41997957
    0.871680796 1.62633812 0.864197195 0.818276048 1.04545033 1.18198049
    0.901233375 1.35246086 0.811334968 1.59573734 1.04759061 0.954408526
    0.831421673 0.820837915 1.07010841 1.33218443 1.85140121 1.94868112
    1.96045923 1.61783683 0.842982531 1.12794721 0.938116848 1.62617779
    1.52705348 1.19103432 1.70358467 1.23025012 1.6262598 1.33056307
    1.63566589 1.20014346 1.77386928 0.99968034 1.0311116 1.02192223
    0.886453331 0.961094737 1.35260594 1.60418594 1.65636981 1.6168704
    1.77577472 1.33974838 1.8453511 1.10721004 1.27297091 1.69360411
    1.69892585 1.78547955 1.32598186 1.76422238 1.3863126 1.42884946
    1.11493826 1.43267524 1.30874991 0.856792092 1.32112134 1.34010231
    1.13959908 0.847163856 1.07996321 1.65347362 1.44758284 1.45746374
    1.24366426 1.11941183 1.4199425 1.43250108 1.10205078 1.78522527
    1.2061882 1.22725272 0.952614307 1.40964186 1.63726783 1.79765892
    1.49707115 1.73852777 1.37941146 1.93602479 1.45001829 1.67992723
    0.891714871 1.81144702 1.17733335 1.52424765 1.28114986 1.07085395
    1.01538849 1.73839426 0.990214229 1.80888605 0.924191177 1.7290659
    1.91439521 1.77358115 1.6189394 1.36527872 1.22740149 1.20566595
    1.33017468 1.63645113 1.43851268 1.67126799 1.96177793 1.81060362
    1.26894522 1.85671926 1.69100225 1.10557353 1.64189637 1.10398424
    0.662624002 1.45286322 0.945994973 0.797266424 1.62566423 1.40550661
    0.942737997 0.979905069 0.965031147 1.06301892 0.922244728
    0.677182674 1.26057327 1.12616086 1.15210688 1.35623455 0.784797788
    0.794099331 0.678646922 0.822862506 0.675474942 1.23615301
    0.836709857 0.776759028 0.996860802 0.905766487 1.29348016
    1.19165647 1.58651447 1.14680696 1.27039003 1.19336426 1.63922679
    1.68455756 0.988831222 0.910827339 1.53746235 0.900141716 1.58666122
    1.52037406 1.86176574 1.10762298 1.80207121 1.73519599 1.8694464
    1.69192111 0.991958916 1.89484799 1.63930404 1.61050224 1.06929982
    1.19818568 1.52629018 1.20329821 1.42858136 1.51293552 1.87960482
    0.958354235 1.0584656 0.938512266 1.36570299 1.73372424 1.20470202
    1.59780288 0.828722537 1.68106949 1.41237283 1.16539311 1.54252529
    1.72369456 1.57336402 1.1925863 1.64272368 1.15400791 1.5744561
    1.82781363 1.34986663 1.76058531 1.31103158 1.32611454 1.56110668
    1.81313634 1.62145269 1.27026844 1.83737004 1.49927878 1.8677299
    1.36351967 0.810738921 1.17343211 1.00174296 1.35763144 0.851028085
    1.4651109 1.36717665 0.774202585 0.734311461 0.955749273 1.52143729
    0.943675399 0.796192706 1.42277694 0.909193575 1.67441761 0.95702374
    1.76542687 0.965763986 1.06996572 0.860607505 0.937766373 1.10499573
    1.62719667 1.58859551 1.79476607 1.67365098 1.34049213 1.03841364
    1.65039492 1.39288509 1.414801 1.9201932 1.17185569 0.948780477
    1.67244661 1.03413832 1.26774609 1.74626076 1.23697174 1.09981942
    0.905540049 0.98958385 0.82090497 1.05751312 1.22210479 1.20447969
    1.03383446 1.03065383 0.803296566 1.2903136 1.80741739 1.1390785
    0.88100493 1.31529176 1.1489681 1.62214673 1.82123423 1.48685074
    1.75422025 0.848021805 1.16248834 1.27825201 1.00016928 0.718428135
    0.975154877 0.965369999 0.981254876 0.92132926 1.48855007
    0.925119102 1.30969667 1.57954562 1.7526114 0.861826241 0.878886819
    0.996677995 1.16453314 1.80537903 1.08777344 1.20234823 1.40761888
    1.62844789 2.01332378 1.35714138 1.33092821 1.6230073 0.92354548
    1.66766131 1.22462571 1.00202382 1.15142059 1.35840464 1.76379097
    1.0893544 1.15193796 1.91002858 1.19639015 1.35363245 1.76950097
    1.38265097 1.50053632 1.1686759 1.61488068 1.40533137 1.44706714
    1.04528892 1.5270195 1.19380617 1.03239429 1.18061948 0.989018857
    1.42190504 1.13496745 1.01036227 1.38760042 1.42264867 0.813783586
    1.14008439 1.36243927 1.71889091 1.17068756 1.64834929 1.34428036
    0.812131524 1.74731016 1.25349379 1.26579535 1.78906763 1.45419085
    1.57164025 1.86912012 1.66412938 1.84336722 1.89241838 1.55291283
    1.66836894 1.25723767 1.51053703 1.76276135 1.43205214 1.1806134
    1.72479928 1.04432511 1.58516395 1.38230753 1.35633409 1.79249763
    1.73587561 1.03581047 1.47534716 1.44079196 1.76902342 1.81382501
    0.991001785 0.943196774 1.61392736 1.87985265 1.99377406 1.39107311
    1.50084162 1.14169931 1.2567966 1.68812811 1.57552671 1.68994856
    0.92394501 0.647586286 1.39456224 1.24032605 1.54622698 1.6623975
    0.852488637 1.08177948 0.88326937 0.838302433 1.17773235 0.843820691
    0.701808155 0.803813159 0.817626953 1.45180559 0.920847237 1.8355999
    1.50423968 1.57027376 1.06151211 1.13227248 1.53911769 1.73977637
    1.60946488 1.32048082 0.821610153 0.740422845 1.19575238 1.76610625
    0.867223561 1.11301303 1.21387875 1.21189857 1.71714675 1.8399359
    1.31943345 1.21183312 1.78718007 1.02395916 1.74308646 1.51448572
    1.5122931 1.324808 1.86562896 1.25667131 1.86920297 1.0571301
    1.88589585 1.92642045 1.07656264 0.960910201 1.77084517 1.31635463
    1.87665129 0.948726773 1.07065201 1.48051059 1.76526916 1.31227362
    1.25087678 0.835996032 1.05764151 1.0990634 0.899903119 1.55971587
    1.20193684 1.29545951 1.7232461 1.2627809 1.36600888 1.47082174
    1.91365385 1.64070773 1.89282978 1.43812346 0.985363901 1.44814265
    1.69732928 1.70186722 1.4385401 1.27683902 1.687397 1.72933578
    1.83840406 1.01711857 1.62369573 1.74644363 1.23942804 1.07231939
    1.03777754 1.43264627 0.909469128 1.05830491 0.998320222 1.21571779
    1.175403 1.39911616 0.735862613 0.852552414 1.21229851 1.60573578
    0.749419689 0.682321668 1.42470944 1.57360613 0.912984967 1.62458766
    1.71264553 1.50445569 1.4018476 1.80597913 1.01047587 1.4413774
    1.55245495 1.71391797 1.24778211 1.81214261 1.17497969 1.10852587
    1.31834209 1.81024551 1.42462683 1.66874373 1.86707783 1.44765878
    1.26434052 0.873042405 1.38458049 1.69591498 1.12890458 1.3413465
    1.18295074 1.52374423 1.60020995 1.03388178 1.29287302 0.909883261
    1.75817215 0.986931682 1.40277135 1.42922139 1.02732086 1.67759979
    1.56096804 1.2803905 1.04982269 1.31985843 1.39228582 1.48743522
    1.47337818 1.39742649 0.978595912 1.56490147 0.903607488 0.839249492
    1.29322767 1.62940407 0.868164957 1.53748345 1.77025688 1.64246368
    1.21692574 0.835857749 1.16853189 1.42777419 1.20464814 1.82109785
    0.919070423 1.6562165 1.28881276 1.81862164 1.88441825 1.93330562
    1.99934864 1.42143297 1.87595451 1.86224139 0.868228614 1.67442656
    0.945456803 1.54408121 1.37562966 1.74318516 1.43006098 1.75107181
    1.01365471 1.45863271 1.06055486 1.86007261 1.31410897 1.61421812
    1.53432381 1.14046621 1.08704281 1.61142957 1.47762358 1.86084604
    1.16839015 1.4392972 0.905771255 1.37270808 0.958028138 1.03521991
    1.74764073 0.942694604 1.49154949 1.70154357 0.836083591 1.32645977
    1.23666561 1.39550722 1.00822675 1.4595983 0.949353635 1.13790071
    1.12226379 1.77411747 1.17963314 1.02189362 1.13777077 1.27766359
    1.50162446 1.05330956 1.40605676 1.95630848 0.965589643 1.32824552
    1.53307617 1.14286995 1.20852888 1.52613103 1.12370622 1.74212086
    1.65978754 1.90254438 1.8759172 1.58981383 1.2323637 1.30245852
    1.2078656 1.64892542 1.14917171 1.35409617 0.896288276 1.32931328
    1.88065684 1.38871002 1.80034316 1.88294351 1.20186567 1.07754743
    1.60806322 1.69550383 1.25037158 1.27032554 1.45220292 1.35449135
    0.647218645 1.03996396 1.65119755 1.5126462 1.2308619 1.14409614
    0.796508491 1.29489076 1.58879137 0.792826176 1.46977663 1.49761271
    1.27056611 1.13376641 1.28907585 1.8214519 1.29402673 1.22893727
    1.22884941 0.796393335 0.865127385 1.86961961 1.84921372 1.35214019
    1.14332271 1.31214917 1.33488405 1.53982663 0.80487299 1.30476272
    0.938881874 0.970132709 1.28035212 1.84253442 1.12085974 1.63354969
    1.73646581 1.36612844 1.10174072 1.65328264 1.60187984 1.80615985
    1.69892144 1.07090282 0.941076219 1.58734238 0.895370543 1.583781
    1.57590497 1.51938224 1.36138117 1.2896663 1.7312969 1.84629762
    1.3806541 1.08678532 1.7022295 1.73873067 1.42922628 1.30672204
    1.15464723 1.44808495 1.1938802 1.73825824 0.915025651 0.870472431
    1.3681345 0.957941592 1.07756543 1.55161846 1.81904256 1.28079808
    0.940858126 1.30801153 1.68815291 1.29929125 1.03958344 1.51961207
    1.80087197 0.931376338 1.72566283 1.36452794 1.53055656 1.33777201
    1.26156008 1.40465879 1.15739536 0.945170522 1.28129768 0.935463488
    1.51665688 1.15834475 1.73867369 0.901250482 1.49128103 1.58798039
    0.74875468 0.803282142 1.31819987 0.871551931 1.05356526 0.818707466
    1.03902447 0.773508549 1.23950529 1.01018488 0.953569293 1.01117718
    1.78470242 1.08577681 0.87015599 1.49632895 1.90114856 1.29267502
    1.5353235 1.02331293 1.35491598 1.11058819 1.31628013 1.5002501
    1.51362598 0.988886476 1.29394233 1.18289638 1.32488811 1.75428486
    1.67414129 1.03458989 1.84616017 1.55138242 1.48956287 1.82190049
    1.5029645 1.04364765 1.79771948 1.68051171 0.909424365 1.52883351
    1.29114127 1.89920759 1.84839833 1.36534202 1.70327938 0.893592954
    1.33669043 1.80705178 0.988278687 0.921932995 0.794555664
    0.796158671 0.720627248 1.39004624 0.841024756 1.07034481
    0.882480323 1.65799832 1.82709503 0.929496765 1.40553892 1.82916081
    1.32053792 1.2081902 1.37549508 1.30623925 0.87274462 1.64765739
    1.41299307 1.71656561 1.9599421 1.42224097 1.2073642 1.75261343
    1.64011025 1.59405112 1.636729 1.18177879 1.40446079 1.76200986
    1.54165602 1.33535516 1.85307121 1.53813624 1.59287453 0.987610281
    1.56210864 1.85604739 0.938156128 1.76455939 1.81056011 1.3245331
    0.960965037 1.30865932 1.0811013 1.83991814 1.89936733 1.23496985
    1.47013664 0.851451576 0.7764045 1.31096029 1.76064694 1.49152362
    1.85435987 0.999985695 1.36353898 1.07219005 1.17236328 0.876752853
    1.76130486 1.20027792 1.08587921 1.60862851 1.15837276 1.05822754
    1.01534557 0.852634311 1.76242745 1.27889907 1.77452505 1.28652549
    1.36291802 0.940055847 1.5011586 1.80608189 1.81743658 1.73395574
    1.65358377 1.18410277 1.34177232 1.50109124 1.56761515 1.91523099
    1.47830379 1.77779388 1.52465761 1.85300386 1.30846167 1.55251539
    0.886569798 1.28400147 1.36726296 1.70639813 1.39215171 1.53336573
    1.59035218 1.46709549 1.13505614 1.89135504 1.22034311 0.95576036
    1.09835815 1.69183254 1.2635293 1.42970872 1.65466833 1.01198685
    0.631895304 1.34980714 1.28981423 1.0472585 1.20469892 1.19743752
    1.28140974 1.53307176 1.82537198 1.74854839 1.50835323 0.951566339
    0.827733517 1.66585827 1.55585182 1.74718535 1.08291066 1.14997005
    0.9202618 1.13032234 1.68097854 1.87855434 1.5939703 1.35837257
    0.749751151 0.745615304 0.804637015 1.66284263 1.54544222 1.04985154
    1.77948809 1.51570165 1.74506021 1.30836284 1.47190475 1.00220358
    1.35222721 1.11024725 1.5855639 1.2370311 1.32581723 1.83915949
    1.85958254 1.27066875 1.7951889 1.40001404 0.950101435 1.64497173
    1.15659916 1.6881777 1.21719098 1.87824428 1.15170205 0.95701462
    0.988135815 1.30381882 1.43541467 1.89888144 1.53651118 1.71480703
    1.25002861 1.84809804 0.915123522 1.84482384 1.49332714 1.50364614
    1.71250939 1.73162174 1.77603662 1.79862547 1.34896064 1.64100397
    1.78939676 1.07247186 1.06889522 1.38373363 1.90004182 1.34039938
    1.38639116 1.16276121 1.13895273 1.35217369 1.58182085 1.90782237
    1.06251991 1.55233252 1.23645627 1.10082328 1.47054315 1.33170116
    0.980002105 1.07178628 0.805111945 1.09981334 1.34487224 1.705827
    1.72776794 0.752666473 0.748858988 1.61403859 0.796595216 1.70468891
    1.31583142 1.08598137 0.896617889 1.5628593 1.20037746 1.61037719
    1.55812395 1.00528729 1.15885818 1.72794974 1.33713329 1.57150364
    1.45199931 1.23031271 1.4820447 0.881631672 1.79491687 1.31026196
    1.70433915 1.09343219 1.85650337 1.71041274 0.944990039 1.67425227
    1.03276038 1.10015523 1.18133676 1.51580918 1.00559461 1.46634734
    1.34266412 1.90612221 1.54294693 1.47699463 0.981581748 1.02137959
    1.60077918 1.55690241 1.72455156 1.19030464 0.961796403 1.76016164
    1.74581373 1.49294782 1.21087408 1.66570091 1.24445701 0.888753831
    0.733625829 0.804815173 0.779271841 0.996318221 1.66389859
    1.38663924 1.37683392 1.16939676 1.82192612 0.867017508 1.16974485
    1.13134146 0.880335212 1.31861269 1.11500239 0.859378874 1.2286936
    1.84423101 1.71451902 1.37515295 1.13751602 1.57166386 0.90384084
    1.23783648 1.59635413 1.22995317 1.19961894 1.68933213 1.73533487
    1.82198083 1.46875751 1.90427494 1.36507714 1.69182551 1.27341831
    1.09260511 1.11755562 1.31050456 1.73168778 0.768625319 0.975962639
    1.0709039 1.54665864 1.33466721 1.82622635 1.57832372 1.0556426
    1.5505389 1.55339086 1.27304065 1.82519805 1.91523314 1.44145358
    1.27803004 1.60116708 1.44117844 1.0744772 0.896799803 1.8272326
    1.68798673 1.23111999 1.57371867 1.07003307 1.43630028 0.937000155
    1.06196404 1.403602 0.956083775 1.24336302 1.3041414 0.771131158
    0.802310944 1.67339802 1.11287248 1.81454945 1.32727098 1.12853456
    1.11660671 1.66581261 1.91927457 1.38217163 1.84170854 1.61268246
    1.44786489 1.50773108 0.976074398 0.85969913 0.970582485 1.52491426
    1.75735164 1.887761 1.02526796 1.4973222 1.59038866 1.61465466
    1.22825181 1.1268034 1.74762213 1.19590986 0.917351007 1.2833004
    0.854796469 0.782947779 1.65547979 0.901550949 0.640390396
    0.564661384 0.770158887 1.09029365 1.17621183 1.43923497 1.33344412
    0.979166627 1.81167841 1.15421915 1.68711698 1.8519448 1.83236527
    0.911311865 1.46330261 1.28143728 0.943457901 1.16929364 1.50442433
    1.27024281 1.3819778 1.56902754 1.62526548 1.82635665 0.937779546
    1.1712476 0.719590366 0.728460908 1.46981525 1.16277671 0.927317023
    1.54867947 1.65550137 1.41457045 1.96461904 1.46834695 1.59765375
    1.28743827 1.25517833 1.1752305 1.65334737 1.69587255 1.71347392
    1.6999712 1.59509742 1.45575643 1.26596558 0.886260033 1.02087891
    1.45070624 1.78180921 1.46348953 1.42520714 1.90575969 1.38798225
    1.46492076 1.42302108 1.61434817 1.27690911 1.37320042 1.38887644
    1.06113589 1.87650108 0.954633117 1.48230088 0.970655918 1.77757108
    1.11448824 1.56895316 0.950601697 1.32554889 1.22419941 1.86499441
    1.65621352 1.20591986 1.03744638 1.29406273 1.98135483 1.88038909
    1.7241776 1.13161933 0.9637869 0.918913662 1.68434393 1.60953367
    1.51470995 1.18440509 1.83783758 1.77789259 0.991325855 1.18086815
    0.850629151 1.23102832 1.21232939 1.15696394 1.45127213 1.73741078
    1.13769853 1.20673668 1.32012951 1.2727896 1.13315225 1.0897156
    1.22141123 1.0535562 0.901655257 1.26371849 1.28934371 1.50431347
    1.35696566 1.53504288 0.940385878 1.76423848 1.10746813 1.05605698
    1.69497073 0.987344623 0.959922671 1.0826323 1.61535668 1.26491344
    1.19384646 1.76243794 1.7802695 1.11712027 0.992202878 1.41922605
    1.5749954 1.42602992 1.89063036 1.13777125 1.95624042 1.8775171
    1.39700031 1.91634572 1.40504718 1.83179212 0.9601807 1.62620747
    1.58460224 1.83321631 1.52209055 1.84410167 1.27489138 1.31806159
    1.35024798 1.32350791 1.85234153 1.45433569 0.803185999 1.14472401
    1.1686244 1.02871239 1.23785579 1.12267411 1.07900035 1.15444958
    1.77007675 1.22482955 1.47202492 0.919755995 1.31062686 1.13132048
    1.78676999 0.769176364 1.21014702 1.09714854 1.535218 1.13351631
    1.30415881 1.40200865 0.915762365 0.897868812 1.08683157 1.2652359
    1.82889223 1.67524445 1.30461657 1.21301627 1.42647624 1.76388168
    1.93751633 1.03537691 1.52563632 1.18444896 1.86692858 1.07987869
    1.64737976 1.2781688 1.04141092 0.860231757 0.841253459 1.02731907
    0.949082911 1.95635974 1.94826782 1.86130583 1.36957598 1.5771513
    0.986124873 1.05542684 1.35755718 1.26374817 1.2768501 1.29748261
    1.29114532 1.08067977 1.62572169 1.46820247 1.66233444 1.36135244
    1.57894385 1.13239253 1.18410456 1.03915751 1.83512831 1.86355233
    1.20777714 1.14201856 1.01352417 1.24037969 1.1053071 1.36540771
    0.811151326 1.27242029 1.19238019 0.874207973 1.06245768 1.05287516
    1.5220238 1.76712823 1.01850855 1.70583475 1.62970865 0.956032515
    1.1532588 1.16158211 1.13444781 1.81064808 0.959454417 1.68049502
    1.76558173 0.906312466 1.55588543 1.3563627 1.42238545 1.3558619
    1.15201008 1.27139091 0.862864316 1.31989706 1.02026415 0.723962486
    0.73071152 0.852629542 0.721571028 1.4179281 1.49427438 0.918808877
    1.52550507 1.75094426 1.79887652 0.999581635 1.29518378 1.42881095
    1.91601336 1.94356477 1.76885843 1.52960408 1.35316789 1.48330355
    1.07585931 1.00135994 1.37310052 1.04808152 1.22108734 1.466869
    1.86937797 1.19464815 1.39482641 1.65176582 1.25051808 1.64768481
    0.915506542 1.29985619 1.15610576 1.39495599 0.951785505 1.31932449
    1.47360432 1.83342612 1.52565753 1.75134146 1.93297207 1.49538755
    1.31483233 1.16704285 1.42476261 1.70041609 1.20224261 1.36408508
    1.1363343 1.6101383 1.24914694 1.41811955 1.57554388 1.87562335
    0.979411602 1.74293673 0.935459971 1.77102172 1.63848579 1.61801088
    1.56080639 0.955272317 1.84122241 1.16846097 1.74559009 1.59806144
    1.80282736 1.36711884 1.72409487 1.22772527 0.97659421 1.32814789
    1.58335805 1.26736271 1.865623 1.39710915 1.5844661 0.925843716
    0.866620243 1.56872737 1.8794446 1.8313235 1.79161775 1.23059177
    1.02672672 1.73950493 1.50441384 1.40601408 1.84456193 1.58673203
    1.81550479 1.11194956 1.51044631 1.49895763 0.826895297 0.965405524
    1.1779083 0.9516114 1.6434871 0.977277935 1.42406225 1.81021333
    0.965434074 1.34345508 1.0594064 1.74885571 1.39844596 0.98316288
    0.816210389 1.72336435 1.41159821 1.4060775 1.49161863 1.51494694
    1.00286055 1.68413639 1.2643609 1.35573697 0.956663609 1.04033327
    0.789113402 1.28852427 1.28287005 1.72244227 1.1084522 1.80577219
    1.57548487 1.6491195 0.876425982 0.875756502 1.62280762 1.87494826
    1.23956549 1.59812808 1.91008353 1.71770537 1.44382298 0.97941345
    1.83033776 1.51127815 1.77014267 1.90822542 1.55180025 1.02995515
    1.81821144 1.38781333 1.92834449 1.80141604 1.77575338 1.52964878
    1.04988599 1.35519075 1.22752094 0.861640036 1.17726088 1.47989082
    0.982853413 1.21568155 1.00688374 1.31292176 0.784166515 0.809497416
    0.955374062 0.999795377 1.08115816 1.42357826 1.79013455 1.1964767
    0.938045502 1.28464305 1.83548844 0.987630069 1.6960603 1.17348242
    1.62135327 1.56827068 1.79068768 1.71246016 1.21449673 1.53361189
    0.937845647 1.23376048 1.19731283 1.49167681 1.44060695 0.923324883
    0.930422485 1.72663474 0.969851255 1.77822673 1.1396147 1.59268463
    1.76657081 0.872761667 1.49392033 1.5442431 1.47470331 2.01446009
    2.05470586 1.17557228 1.4259572 1.28236365 1.26234353 1.61378407
    1.04698622 1.71619093 1.10219932 1.35269153 1.42668176 1.1432513
    0.919440031 1.51736987 1.51264584 1.11868668 1.4490869 1.43333793
    1.4544791 1.25731766 1.76669204 1.46069312 1.59401608 1.31212246
    1.02631068 1.34244633 1.67964184 1.14771068 0.875933528 1.59405565
    1.13660049 1.64953613 1.00877726 1.4063853 0.910063505 1.41153991
    1.38308024 1.43149436 1.2957859 1.23075676 0.905451536 1.53797507
    1.58484173 1.21019411 1.30526459 1.71169066 0.93181473 1.0820111
    1.27314043 1.15789962 1.27835464 1.07700622 0.799304068 1.40477204
    1.55745697 1.48406231 1.10145807 1.65535629 1.1981889 1.56900823
    1.16643727 1.26429558 1.42944169 1.48743832 1.6253643 1.32981884
    1.57365263 0.768952191 0.780887723 1.37290704 1.25851548 1.98668921
    1.9819386 1.68940628 1.0372932 1.72371554 1.08780873 1.39159322
    1.01919913 1.34655035 1.47036994 1.41915858 1.11761546 1.13803828
    1.33720374 0.974976778 1.52827394 1.54524159 1.55338466 0.851370573
    1.27114415 1.44269311 1.49421537 0.889440119 1.13391948 1.67080557
    1.62728262 1.15363228 1.97353411 1.16634727 0.956237495 0.831946015
    1.26635635 1.04452348 0.927540064 1.02416039 1.47209668 1.27089727
    0.875466168 1.38634241 0.895661712 1.70266879 1.70993793 0.965879619
    1.46922183 1.60594285 1.90886378 1.5175873 1.85909903 1.6396004
    1.55616379 1.38051641 1.23293436 1.02360606 1.04700863 0.989074707
    1.66867137 0.916659951 1.14552093 1.67600787 0.835042775 1.35036969
    1.36511886 1.63285482 1.07807159 0.795073211 1.26903844 1.61712956
    1.61646211 1.02186251 1.51185954 1.48713553 0.943122566 1.40085793
    1.03203344 1.21005476 1.6416887 1.00355661 1.45924878 1.42905116
    1.18733656 0.788035035 0.84263134 1.63902998 1.44641244 1.63300633
    1.8938024 1.59291863 1.80052674 1.45241976 1.91516805 1.92182207
    1.79647422 1.73525226 1.76490414 1.40685201 1.03233325 0.968335152
    1.7607373 0.961597621 1.51553547 0.772949457 1.22646201 1.4271735
    1.43476021 1.12191391 1.4592979 0.918145776 1.12532198 1.29097033
    0.859654307 1.74149501 1.83776093 1.09983623 0.994665205 1.24677181
    1.6389029 1.63095903 1.03423274 1.50090766 1.45821965 1.74556625
    1.48535919 1.30560207 1.05814373 0.976669908 1.77307582 1.67897701
    1.38737917 1.43944597 1.68008077 1.47068691 1.25827539 1.57420504
    1.05756176 1.60774374 1.70745897 1.35772741 1.52185786 1.39292967
    0.860253632 1.42394257 0.752076685 0.781192958 1.29574811 1.22242713
    1.61546719 1.05791986 1.46049309 0.953823864 1.68435693 1.10843217
    1.69363105 1.91261458 1.01638734 1.17808342 0.939469337 1.68271148
    1.71987438 1.36481273 1.42116451 1.20385587 1.7779212 1.51659405
    0.880436361 1.12390769 1.67448199 0.853066921 1.30291045 1.65286338
    1.2731638 0.900525331 1.52155507 1.34590113 1.49584842 1.03351176
    1.91943789 1.67976809 1.61001611 1.24496603 1.21283484 1.37254286
    1.14178765 1.88179719 1.6411407 2.00657749 1.88850152 1.23570049
    1.97157288 1.829041 0.94351536 1.47704482 1.14489579 0.92723161
    1.32097471 1.41965771 0.911820889 1.2625277 1.77745759 1.4988265
    1.91204154 1.82375598 1.72256052 1.93935347 1.35350311 1.6874944
    1.55478871 1.89400649 1.53571713 1.68960679 1.75496221 0.948275983
    1.0469532 0.815574765 0.79354167 1.70300972 0.899676561 1.54907489
    1.17638862 1.45136952 1.42889631 1.5485779 1.86433017 1.65107524
    1.01544964 1.52622712 1.29532373 1.20616674 1.50630784 1.0990603
    1.77668357 1.20934427 0.918670893 1.69480526 0.741719782 0.78327328
    0.798657417 0.743244588 1.36187696 1.03060579 0.987921715 1.67537713
    1.50262892 0.986840725 1.37133741 1.34861887 1.32470918 0.969333768
    1.56803107 1.78313673 1.75475883 1.57259345 0.762065709 1.02394056
    0.722819328 1.61445844 1.7630949 1.98734319 1.45742655 1.88669872
    1.17116106 0.83270067 1.22821999 1.08445466 1.81488657 1.41379201
    1.56417942 1.24668336 1.58159685 0.927586854 0.962257445 1.49403095
    1.76214218 1.48785019 1.26426125 1.81483924 1.34856045 1.83016157
    1.15759087 1.23585641 0.867576897 1.75465357 1.51748061 1.83526659
    1.76897824 1.88636553 1.25475526 1.12931573 1.1928997 1.26590002
    1.42456615 1.23760152 1.27957499 1.64112854 1.5667733 1.54364324
    1.07582116 1.70312345 1.84640849 0.961249411 1.85302186 1.86676717
    1.08422613 1.32218015 1.03261375 1.13055837 1.62890708 1.00128615
    0.788361728 0.866199434 1.29808295 1.18890178 1.1428318 1.72155821
    0.981341183 0.827353418 1.63764787 1.58499098 1.03127289 1.22206807
    0.698399901 0.805020213 0.697964787 1.47881329 1.26445878 1.86022019
    1.80144632 1.62044597 0.790390551 0.763604701 1.42494035 1.53048599
    1.26262224 0.949768603 1.20515049 1.81786835 1.41156602 0.805491388
    1.35308039 0.902402222 1.68633878 1.87161601 1.33737791 1.71239531
    1.39688826 1.4335916 1.78843355 1.18385768 1.66419625 1.09715307
    0.966657043 1.72876287 1.70911598 1.27812743 0.95793128 1.20013392
    1.02551055 1.13311303 0.871537328 0.802449167 0.793508947 1.36806619
    1.08470678 1.55471313 1.50084424 0.970614374 1.3640343 1.55060804
    0.937360525 1.44333005 1.36147952 1.30637717 1.27486193 0.928370118
    1.38907492 1.61648643 1.34101105 1.3378464 1.90095758 1.92440486
    1.53909528 1.64061916 1.76420689 1.38943517 1.33433676 1.86701286
    1.49967098 1.23707855 1.58637476 1.72285032 1.46156299 1.77161717
    1.24081922 1.79477489 1.7439822 1.05961096 1.5558176 1.6530441
    0.831656754 1.29512274 0.986052573 1.73906267 0.851043403
    0.869987249 1.23827004 1.7601788 1.45966184 1.89630771 1.90090048
    1.63844931 1.53441787 1.63970232 1.62002909 1.18642128 1.12381136
    0.813184619 0.802731097 1.20661163 1.41894996 1.63626611 1.16982865
    1.45066762 1.71518469 1.02083349 1.28604352 1.42759871 1.55465591
    0.97970736 1.13140249 1.10510159 1.85684764 1.40771389 1.80811632
    0.988224864 1.03943682 1.66404438 1.05986178 0.878626883 1.8602376
    1.22994566 1.00512326 1.3396492 1.78715765 1.52449417 1.84520543
    1.1961509 1.74510133 1.24065709 0.889858544 0.750334084 0.93065995
    1.40416598 1.18515384 1.81207323 0.983539522 1.82619107 1.50647569
    1.73954713 1.35490763 1.60958064 1.29956889 1.87556386 1.71639764
    1.52194512 1.89846015 1.94616807 1.30269873 1.43664646 1.47170293
    1.24351966 1.5701443 1.38193607 1.09240365 1.60470057 1.43963182
    1.49283648 1.88120043 1.69166219 1.36661029 1.31508672 1.47508121
    1.17320061 0.76113534 1.20302594 1.2067647 1.63065398 1.09275389
    1.42362285 1.52009463 1.23475802 1.26662827 1.06927097 0.898627877
    1.7371161 0.982018888 1.54396796 1.76346397 1.41726196 1.78662753
    1.60539579 1.35730743 1.15369689 1.62085664 0.896634281 0.752839386
    1.50911808 1.17215621 0.922717035 0.987822771 0.725198805 1.53829265
    0.804766119 1.86615241 1.44026339 1.38967121 1.23416221 0.879059136
    1.10004544 1.63988221 1.6176796 1.59169829 1.75244677 1.66796124
    1.5878582 1.36815846 1.5334543 1.2185638 1.47629035 1.84522045
    1.37287426 1.09885049 1.18293273 1.77526677 1.06129551 1.62806916
    1.03314614 1.49513066 1.28416896 1.7575593 1.97124541 1.042485
    1.88601649 1.39405262 1.06922078 1.34821713 1.09543252 1.22590673
    1.52597094 1.16490626 0.918541968 1.86861897 1.5963254 1.47963941
    0.983523786 1.02744102 1.23459899 0.91090703 1.74458659 0.990708649
    1.7001462 1.02639401 1.72065079 1.01283443 1.35091829 1.73102546
    0.793563545 1.38622415 0.953561544 1.26244044 1.39567339 1.46700788
    1.40870786 0.95242852 1.10442126 1.75954247 1.58539033 0.979059041
    0.797468126 0.999818206 0.855525851 1.12032449 1.10749161
    0.996030033 0.720369279 0.849457681 0.704199731 1.22774982
    1.53875315 1.5475986 1.01259673 1.43834043 1.39387262 1.60482168
    1.57860458 0.972607553 0.94226861 1.81983924 1.07484078 1.48854816
    1.37664044 1.486426 1.53491664 1.49936903 1.16727674 1.92188668
    1.39860594 1.89922988 1.67937696 1.29421055 1.65662646 1.23138022
    1.0932281 0.936616004 1.40228319 1.29697764 1.12694633 0.895754695
    1.41312671 1.71494973 1.82382131 0.96824038 0.936955154 1.2222122
    1.86378253 1.32190609 1.10078168 1.38450062 1.2218374 1.74025249
    1.26772869 1.21366239 1.49934053 0.930028141 1.83567131 1.49742007
    1.07570183 1.26917386 1.68609464 1.79249203 1.73933876 1.73833716
    1.28369796 1.43609273 1.33186388 1.29654491 1.44710338 1.92278063
    1.31725359 1.66436124 1.30211663 0.932658672 1.50306213 1.02301991
    1.21835864 1.34574521 1.32382488 1.65816963 1.87563014 1.21847963
    1.6143651 1.50512767 1.39824855 1.64417458 1.13175106 1.98293102
    1.82396781 1.27517712 0.986747324 0.868810475 1.03669655 1.0618782
    1.16026628 1.15548098 1.05561495 1.49375498 1.0350579 1.75001693
    1.59556639 1.00339258 1.43374634 1.10886002 1.72214949 1.69380927
    0.924350262 1.4222548 1.30130792 1.56880295 1.63490045 1.56357718
    1.70916772 1.02295673 1.53465998 1.82684433 1.12976432 1.86976421
    1.02769113 1.45910275 1.72636962 1.93909764 1.56173956 1.87011695
    1.52544928 0.917563379 0.968202531 0.804455936 0.74677062
    0.815571666 1.28277767 1.78843999 1.20199966 1.44375122 1.24052083
    1.23364758 1.33187175 1.48998821 1.74985027 1.76103437 1.80496979
    1.12852561 1.24180055 1.43276656 1.1667676 1.67304111 1.38173854
    1.29754782 1.58637989 1.37772834 0.878483534 1.18919456 1.30482447
    1.41652715 0.948718727 1.48737895 1.75781405 1.70209241 1.43690228
    1.71024787 1.11073339 1.1911757 1.61000383 0.801460266 1.38135493
    1.02638865 1.60603213 1.59280062 1.33801591 1.4000237 1.33240783
    1.44804776 1.92642736 1.20644212 1.86410022 1.18226218 1.00446081
    0.975710809 1.73643529 2.01209354 1.1261009 1.42524147 0.609706998
    0.986275256 1.11230087 1.40342677 1.07221329 1.24591768 0.933797657
    0.775331497 1.19868064 1.1456567 1.31752563 0.998817146 1.66178215
    1.23309159 1.21354592 0.901382804 1.37138164 1.88268411 1.3805902
    1.51798654 1.72330022 1.24280679 0.953815937 1.59847951 1.04661787
    0.929812551 1.15095079 1.5571934 1.82695329 1.7511121 1.72595227
    1.87413156 1.36601126 1.74966061 1.25967717 1.30051124 1.84038961
    1.31288254 1.33790636 1.22055507 1.64452803 1.43839073 1.48259568
    1.72223794 1.21270156 1.74065423 1.78628504 1.74148393 1.32445288
    0.918080807 1.37137449 1.33963943 0.945118189 1.60056126 1.40227687
    1.3644532 1.87373853 1.50427461 1.95462942 1.34421957 1.47353029
    1.75976157 0.879171669 1.28677726 0.987014413 0.946597874
    0.849011242 1.06656551 1.44067001 1.60575044 1.42304885 1.35113776
    1.10344982 1.06724775 0.888643861 0.715040922 1.38300729 0.804361105
    1.26453555 0.910505772 0.796822131 1.27178788 1.35127401 1.07446826
    1.03757584 1.58112025 1.76073444 1.65328801 1.45788395 0.90305835
    1.20104432 1.17242754 0.996743441 1.49168468 1.56295764 1.40216553
    0.882446468 1.6185931 1.18817198 1.6294347 1.63804412 1.59934723
    1.84031391 1.63365149 1.77248979 1.70812583 1.05679631 1.68905854
    1.42840171 0.826801598 1.067747 1.19241655 1.19643211 1.01234603
    1.5511179 1.29212511 1.54678309 0.913925648 1.20182335 1.00283217
    1.8245728 1.67703319 0.980590284 1.73371053 1.83781981 0.888555825
    1.73548019 1.61109805 1.81682146 1.16311443 1.48171484 1.81113994
    1.26488757 1.15000582 0.81124562 0.817177355 1.0298152 1.42972887
    0.776888132 1.18749857 1.06020308 1.51054001 1.70131791 1.54233134
    1.64360142 1.04074562 1.63972318 1.18182659 1.5181092 1.47853971
    0.931141257 1.59864223 1.23128092 1.12251103 1.49013984 1.62118113
    1.77863765 1.79641128 1.44821048 1.59274101 1.53394568 1.22208631
    1.5406456 1.44748461 1.45198858 1.25564337 1.48450279 1.5141753
    1.2634474 1.70964205 1.79466832 1.78872716 1.96730733 1.29491436
    0.988984227 1.80021083 1.48389912 1.85482192 1.02118134 1.19172001
    0.885070622 1.15338576 0.775878727 1.25057518 1.06374991 1.84557366
    1.36395705 1.7522558 1.7699101 1.80719137 1.00463367 1.78173554
    1.48294032 1.54869115 1.81728685 0.972376645 1.24067879 0.978890777
    1.86827254 1.44745302 1.54693735 1.48880398 1.8128413 1.75714254
    1.14192963 1.79467022 1.06235611 1.37138879 1.69458461 1.78210795
    1.18241894 1.20154393 1.4484359 1.04906774 0.972413421 1.6517874
    1.2869494 1.84337711 0.892505884 1.18128073 1.17025208 1.63212049
    1.70964193 1.49978971 1.09745276 1.72676218 1.05615771 1.40583169
    1.12623203 1.19426823 1.79470742 1.42772484 1.50024593 1.08579588
    1.47313547 0.798183441 0.957646489 1.31052458 1.58259678 1.63499641
    1.82507074 1.17877746 1.84331679 1.23649383 1.50772369 1.78847802
    2.00687885 1.6803813 1.97452962 1.18522871 1.80097699 1.08233118
    1.90170896 2.05244994 1.82800031 1.6737901 0.913627028 1.10479355
    1.57026148 1.81318128 1.1617763 1.53286743 1.13957024 1.54171598
    1.42008746 1.58673215 1.10624063 0.916974366 1.28967094 1.04021454
    1.70139813 1.69476461 1.59872794 1.18482137 0.968453407 1.08507454
    1.5878042 0.801522136 1.59305239 1.11927021 0.94088614 1.11250615
    1.45438492 1.70259368 1.61631215 0.938796043 1.5949322 1.58591592
    1.266747 1.6961292 1.03761876 1.69458401 1.13896477 1.45097589
    1.23493612 1.23910916 1.34813011 0.825134516 0.877829969 1.37478018
    0.924069107 1.4846983 1.33529449 1.50055528 1.80747318 1.58332586
    1.38698864 1.76942158 1.36261845 1.59417415 1.1477859 1.2160989
    1.54930449 1.81309462 1.84912026 1.83982468 1.29828346 1.78616405
    1.69095492 1.47161293 1.75427628 0.844654322 0.74919492 1.20699346
    1.49721575 1.74653053 1.92613626 1.25733006 1.21583343 0.948739767
    0.837481201 1.13032508 1.16566133 1.22206676 1.66833913 1.70620835
    0.972038627 1.28150022 0.901278257 0.876051486 1.67875242 1.14458835
    1.09497285 1.68739557 1.42711508 1.30788863 1.65732074 1.64399731
    1.27530277 0.987541497 0.992579758 1.59752691 0.817102134 1.49429357
    1.76193726 1.34023869 1.31795955 1.85104978 1.14420784 1.94977367
    1.16645086 1.91648555 0.94005549 1.52571154 0.823894858 1.26893246
    0.853969336 1.25580668 0.985572934 1.42566049 1.86588657 1.54670727
    1.56825507 1.02985156 1.86636472 1.5695231 1.74155259 1.55452144
    1.89023268 1.35060596 0.957305193 1.72981393 1.19419003 0.908095539
    1.51957297 1.73638606 1.2172116 1.8495363 1.23983049 1.37484741
    0.705794454 0.834852755 0.868236244 1.43197811 1.20235705
    0.713176847 0.763389468 1.80840814 1.2302742 1.83428001 1.40695751
    1.42048907 0.82975316 0.918845654 1.08097625 1.08634579 0.879962802
    1.52305067 1.69418597 1.55465794 1.16726446 1.54579139 1.51352453
    1.52417099 0.895546913 1.29520416 1.13855314 1.41115463 1.14248836
    1.87953651 1.07153821 0.883019209 1.47497416 1.7281189 1.40645611
    1.31859446 1.66227663 1.95677924 1.47339976 1.64893663 1.62926328
    1.19681621 1.82482541 1.47091281 1.16073322 1.70727217 1.57760441
    0.808278263 1.16486967 1.52397025 0.951968908 1.88397598 1.83482671
    1.73957193 1.20349205 1.53232014 1.23322105 1.35947382 1.30352867
    1.067384 1.09468949 1.29136002 0.845259368 0.880602002 1.77353752
    1.27448177 1.82184231 1.18497419 1.58155143 1.26730323 1.84623003
    0.924438417 0.946921587 1.17028236 1.03893602 0.934384167 1.57629812
    1.16648078 1.25123262 1.0137012 1.2819531 0.921310484 1.74554658
    1.1965369 1.41286743 1.58887529 1.43999219 0.993144035 0.805983841
    1.62503111 1.33220339 1.63995016 1.41147661 1.5107106 1.17832577
    1.31719208 1.53372645 1.80689001 1.07315016 1.61170042 1.54188251
    1.22988176 1.05461752 1.09203625 1.08633888 0.99643904 1.39287937
    1.25089109 1.30235565 1.61490226 1.88400137 1.40673459 1.65446043
    2.01713848 1.17932153 1.37367797 1.40262938 1.46968293 1.68773353
    1.91765416 1.96116197 1.82897222 1.13382268 1.36546731 1.42649031
    1.15948474 1.68515825 1.89755368 1.1405623 1.86373556 1.08316028
    0.885870636 1.22761953 1.53966379 1.18328726 1.19854867 1.08155441
    1.37150526 1.8628726 1.52015531 1.63125277 1.08006155 1.07352328
    0.757922649 0.986151934 1.03611887 1.00311768 1.25746834 1.70329571
    1.69568729 1.5865308 1.09254384 1.62423003 1.77194905 1.14722157
    1.03743863 1.32839346 1.14129436 1.14516842 1.72005641 1.82268119
    1.58176029 1.16511333 1.33735478 1.7440052 0.848811746 1.56100643
    0.847189605 1.57161629 1.06064737 1.30015981 1.48201978 1.53788209
    1.24868524 1.55221391 1.0933522 1.82549047 1.30730855 1.59273338
    1.94286811 1.44485307 1.61056709 1.08248925 1.34343803 1.33342934
    1.78258443 1.49635434 0.903574705 1.69495225 0.97413373 1.40476835
    1.87169719 1.41100776 1.55384731 1.25436854 1.6669004 1.27527916
    1.58929801 1.01148963 1.22756684 0.912800848 1.36003208 1.06202197
    1.25550675 1.69491863 1.26842546 1.49762297 0.871598184 1.52588379
    1.20539463 1.69117486 1.09094 1.56067598 0.965059936 1.67419887
    1.62181389 1.69831192 1.22223425 0.865201235 1.0583595 1.29972088
    1.79786575 1.17706168 1.4009676 1.03273153 1.93744075 1.58170152
    1.90859079 1.66373789 1.42660391 0.952168763 1.38074601 1.45995963
    1.14134467 1.49529672 1.57063317 1.47674596 1.74793744 1.87307703
    0.973272324 1.04373741 1.88311398 1.50550961 1.77808642 1.29166341
    1.30029202 1.32130432 1.07565439 1.21908522 1.64152229 1.740839
    1.25338757 1.67912245 1.25212669 1.105479 0.732994556 0.807387829
    0.949508607 0.935377419 1.57958221 0.863437831 0.908762395 1.124506
    1.20284665 1.76310778 1.13374531 0.817868352 0.885443151 1.24147153
    1.61688542 1.79886496 1.43637073 1.47089601 0.841812968 1.22583556
    1.53912151 1.06436777 1.0584532 1.64599526 1.03279579 0.786507368
    1.3972801 1.61049569 1.27098119 1.71994197 1.56076562 1.62000835
    1.39134622 1.51651645 1.90555763 1.68033314 0.984196365 1.3408072
    1.57827592 1.06317747 1.77483177 1.80089104 0.973096728 0.838938951
    1.2318095 1.57953858 1.74700105 1.13706338 0.893042445 1.32248986
    1.60446143 1.00619602 1.11811209 1.69187689 1.00456917 1.5631566
    0.989587426 1.53193295 1.90472794 1.91823232 1.25428426 0.830381691
    1.64986205 1.26832414 0.812299967 1.33377528 1.33339989 1.66864038
    1.3849901 1.7431097 1.93974531 1.72809112 1.86248302 1.50007069
    0.849996686 1.60415506 1.35219169 0.985033035 0.969008923
    0.749004722 1.16076553 1.57852852 1.52899718 1.57130241 1.6815058
    1.25860488 1.66995299 1.17221224 1.46412694 0.853803992 0.825097084
    1.41743577 1.09267521 1.44773996 1.32282031 1.20927048 1.62612903
    1.55891252 0.975256622 1.83752286 1.42523158 1.46551502 1.23010111
    1.70805848 0.900154412 1.11862969 1.35137904 1.91312516 1.69353056
    1.65826797 1.8025099 1.72638726 1.45126462 1.03508127 1.63656616
    1.50074196 1.86674213 1.84764791 1.63356936 1.81196892 1.43481123
    1.94498861 1.73783004 0.775223374 1.10441518 1.24942732 1.74997425
    1.65053165 1.83297288 1.66605794 1.51242626 1.88309848 1.39923751
    1.20993054 1.70287704 1.59623945 1.68276513 1.45216131 0.89184171
    1.44797266 1.39080453 1.387393 1.16116297 0.881423593 1.31813395
    1.36440337 1.65317178 1.46890318 1.60936785 1.84475136 1.00820088
    1.05630147 1.20241547 1.10920453 1.10665596 1.62431931 0.834281027
    1.16227603 1.43109834 1.20876658 1.61150706 1.47404754 1.40875161
    1.57155967 1.38592947 0.931263149 1.8067323 1.25780952 0.857844055
    1.44778419 1.44699895 0.843010545 1.66631687 1.32952571 1.1082238
    1.44436598 1.4633193 1.40835488 1.09947753 2.01455402 1.96965683
    2.0458374 1.17408812 1.71033812 1.41697705 1.54056823 0.963545263
    0.928880274 1.41963744 1.12317502 0.896218419 0.894106507 1.42589653
    1.08369613 1.65396225 1.19644034 1.08453715 1.77940452 1.52885795
    1.84096384 1.2444545 1.56645858 1.80543792 1.97421288 1.66141868
    1.97960806 1.93572295 1.69734299 0.901453078 1.36899304 1.89588702
    1.7805469 1.44595993 1.75482988 1.78615654 1.50335467 1.29314804
    0.957537055 1.22434592 0.958586574 1.70460689 0.965899229 1.25812972
    1.73463726 1.51805103 1.10043764 0.954337716 1.42466676 1.70450902
    1.7715174 1.85008287 1.62642527 1.27459991 1.80915344 1.84869337
    1.37374234 1.27957857 1.06787121 1.76949966 0.941743135 1.90055442
    1.83269477 1.88843656 1.85299563 0.878267944 0.88299799 0.887718439
    1.41723144 0.913452208 1.50668144 0.923059523 0.9571473 1.64236808
    1.13077378 1.47361946 1.60115111 1.67781556 1.32583451 1.20917344
    1.67168105 1.47072113 1.57704866 0.810229719 1.4221009 0.933726192
    1.0316205 1.3776933 1.35136306 1.78512728 1.18965149 1.59084082
    1.26319444 1.3104136 0.901311815 1.29462552 1.64294779 1.45442486
    1.63080931 1.3221302 1.16227818 0.810265183 1.34188271 1.25014102
    0.792131782 1.03123879 0.994408429 0.835852504 1.38338065 1.49687672
    1.96723008 1.91757202 1.912112 1.2705431 1.3136214 1.53840494
    0.940380454 1.69445825 1.30895138 1.056867 1.01068223 1.11872745
    1.51553702 1.71718574 1.02022707 1.67461133 1.05591619 1.72676158
    0.838864386 1.52538514 0.892527938 1.26139259 1.61260676 1.90640724
    1.87874377 1.02439451 1.67610645 1.52148986 1.50840938 0.964730203
    0.94587189 1.43343389 1.38808191 1.08705497 1.4981457 1.44746709
    1.42648029 1.18315721 1.79105246 0.96869123 1.72806609 1.05334592
    1.04942226 0.796292126 1.43665099 1.51654744 0.728110671 1.11383343
    1.07258987 1.8813988 1.22004235 1.14784145 0.943060815 1.42734599
    0.923392653 0.829930663 0.864721179 1.61922252 1.50224781 1.29027641
    0.863694012 0.850469768 1.51834655 0.950435698 1.03842497
    0.979377031 1.74383891 1.80532408 1.01769745 1.38856685 1.2586832
    1.83161962 1.92403531 1.83842099 1.6535486 1.12733841 1.53128481
    1.06621754 1.08804488 1.79462504 1.78574729 1.80569756 1.11034906
    0.989112794 1.65879273 1.75798106 1.21999598 1.47051561 1.00588524
    1.50055051 1.22627187 1.64642215 1.81762052 1.8220433 2.03610802
    2.12317157 2.07662416 1.89445448 1.82924306 1.70484924 1.68107975
    1.30693245 1.29717028 0.871335745 1.74595535 0.945288897 1.17734015
    1.84298813 0.974760234 1.21656668 1.05673921 1.00295043 1.73625124
    1.5057466 1.7096324 1.30996621 1.62770224 1.07936418 1.00896764
    1.58151889 1.61557758 1.50263345 0.729792356 1.42867041 0.857594252
    0.907910705 1.02015734 1.1148715 1.26253688 1.12695086 1.77693248
    1.78892505 1.83796668 1.85443401 1.70537007 1.04772937 0.846636474
    1.12045276 0.993609309 1.25701344 1.17508996 1.37099075 1.15719998
    1.45988846 0.952089548 1.63046038 1.8769201 2.02219892 1.4038918
    1.83476782 1.69022179 1.73239696 1.40830731 1.84517121 1.49984467
    1.59054661 1.04842377 1.08484399 1.83163238 1.83215845 1.5110811
    1.29080677 1.11897647 1.51678312 1.29782498 1.86275589 1.05464888
    1.08857381 1.50978363 1.50024104 1.93575144 1.96699345 1.2462846
    1.80952907 0.950557113 1.03278244 1.71360672 1.87273598 1.3275255
    1.39980686 0.960081279 1.28099465 1.75060701 1.89021528 1.8819865
    1.1601944 1.73260427 1.51438868 1.48389149 1.73842585 1.45042312
    1.26701748 1.63772249 1.71811152 1.0561986 1.91192698 1.17748702
    1.31001496 1.28536439 1.69094181 1.08908498 1.75871813 1.92634618
    1.47769856 1.06594002 1.64585507 1.62626874 1.38775814 1.49800658
    1.55107701 1.16190374 1.10608971 1.07639539 1.47416973 1.12755799
    1.69656658 0.879648745 1.00242019 1.72755075 1.31310987 0.979741871
    0.808477342 1.03854764 1.1584425 0.860606015 0.938318551 1.55515456
    1.33314133 1.05311668 1.01643908 1.70560622 1.41720939 1.79356992
    0.925487459 0.859592617 0.96922344 1.56926036 1.78528416 1.42707491
    1.54783165 1.75704336 1.00797427 1.52346253 1.7759577 1.91368747
    1.46391273 0.999912739 1.51593339 1.42512476 1.23876059 1.65505421
    1.2314533 1.37296593 1.12421179 1.32511556 1.08426154 1.30130076
    1.78976977 1.95994866 1.58251131 1.75926149 0.926649749 1.25526261
    1.72881067 1.01688874 1.3854754 0.911804259 0.829929888 1.3082875
    1.82950556 1.60834765 1.85673666 1.05001557 1.1267246 1.67389989
    0.89617759 1.28134751 1.70612645 1.28042138 1.35463166 1.62039626
    1.75293839 1.77494276 1.81422973 1.84600949 1.27251422 0.87522465
    1.02268386 1.50246692 1.40452349 1.34654927 1.03755188 1.43952739
    1.07300103 1.21884489 1.27491403 1.62623823 1.58362746 1.2712971
    1.20208967 1.61437535 0.851578295 1.39184904 0.89653641 0.903905571
    1.84937632 1.46833515 1.67390311 1.0279516 1.84644997 1.20002413
    1.15663111 1.23561561 1.78490436 1.49058592 0.970284641 0.936232388
    0.798784912 0.869914234 1.5610882 1.24419761 1.14846766 1.0331248
    1.10406685 1.40869462 1.11004806 1.7620492 1.99872684 1.69541299
    1.97431505 1.95489144 1.77621341 0.917156339 1.60944557 1.38249779
    1.76875174 1.72590029 1.76746392 1.20785666 1.3744154 0.858030856
    0.991572499 1.27211571 0.838237882 1.43888927 0.924373448 1.37250209
    0.90089339 1.44326878 1.60677922 1.97711098 1.41944754 1.62815201
    1.07203436 0.98139292 0.890263736 1.05694115 1.69749451 1.45362723
    1.25891423 1.50601828 1.82334292 1.3222028 1.42087567 0.985397518
    0.812795162 1.21582997 1.22613192 1.86862862 1.19322324 1.47502482
    1.55311978 1.37824619 1.44823408 1.30763412 1.69516778 0.820859134
    0.747383237 0.78717494 0.914049745 1.14356446 0.852553904 1.67087114
    1.66393864 1.14096963 1.32101119 1.62006664 1.09572864 1.48201323
    1.14161134 1.71142399 0.77273494 1.31218421 0.944366574 0.827943325
    0.870573103 1.11579883 1.22331345 1.05923295 0.970415115 1.34993863
    1.34035826 1.52604854 1.73420441 1.66913295 1.1930331 1.25273943
    1.61594486 0.936621606 1.11752331 1.73624456 1.48276412 1.75946093
    0.859436393 1.10228765 1.59296119 1.92429507 1.8798275 1.69069088
    1.87505186 1.72532165 1.53595054 0.913758039 1.59045744 1.58794725
    1.09967434 1.68161035 1.28705502 1.98197496 1.67765939 1.37823355
    0.983117044 0.92198348 1.19995844 1.4196533 1.66932857 1.47237527
    1.25533795 1.07409346 1.91421139 1.82989228 1.29036844 1.27977061
    1.09034181 1.02361012 1.40365958 1.11893439 1.21723509 1.66521716
    1.77446902 1.0351572 1.94583237 1.51925993 1.92860317 1.92388856
    1.47100568 1.11628616 1.78742492 1.53542936 1.70763826 1.2587955
    1.49826574 1.41878355 1.11069977 1.4887079 1.28215253 1.4461056
    1.78013039 1.32345641 1.83937776 1.07217658 1.11344302 1.17047083
    1.02690816 1.4346236 0.863897979 1.7443949 1.5266794 0.988657236
    0.702109694 0.950620234 1.38855314 0.82475394 1.58251452 0.991204083
    1.03953469 1.78545284 1.79834151 1.09518456 0.857442856 1.55059791
    0.915485859 1.21203709 1.80975306 1.63214636 1.41128957 1.68554151
    1.47454417 1.72062445 1.1129725 1.79567456 1.62444758 1.75465178
    1.58930111 1.28174043 0.91879648 0.792747736 0.749985337 1.4498266
    0.873800457 1.39854336 1.82256258 1.95905006 1.9925195 1.11619925
    1.59715688 1.1439414 0.978733897 0.863325357 0.951292694 1.26027179
    1.03681421 1.09744513 1.26750684 1.74668109 1.91786754 1.41335607
    0.989552081 1.12478507 1.30714953 1.73811078 1.15281594 1.12577856
    1.5510155 1.2955904 1.02966022 1.60808134 1.12697268 1.4201864
    1.21005988 1.45048106 1.51990604 1.64845407 0.796417117 1.39934385
    0.973660648 1.35822785 1.18905747 0.877762973 1.69516897 1.1625303
    0.925653994 0.877453327 1.11082017 1.31472206 1.32992232 0.854175448
    1.62409472 1.83947265 0.936029673 1.56140649 1.87807453 1.42088461
    1.90523136 1.41228735 1.56772065 1.84042609 1.40501678 1.10772049
    1.34597087 1.38750696 1.10706234 1.52613914 1.77038383 1.70637143
    1.56511211 1.59476638 1.2696557 0.899965107 0.906709135 1.5015291
    0.945983112 1.66908264 1.83928549 1.81665325 1.92451644 1.47722518
    1.82503927 1.32262087 1.70784986 0.893226504 0.871490479 0.929370463
    1.56148708 1.55149221 1.15877807 1.51561439 1.2510705 0.98686713
    1.31977761 1.09325349 1.21452594 1.07416916 1.54074669 1.7139045
    1.8373636 2.12950325 1.968472 1.71857095 1.69174051 1.81377506
    1.53014016 1.11839592 1.49128473 1.76319087 0.882750571 1.23801768
    1.18300545 1.80651784 1.24649084 1.79127455 1.32240415 0.999678493
    1.54994035 1.82690227 1.47111273 1.06970537 1.52279961 1.82182038
    0.916015923 1.74524546 1.53686142 1.43921137 0.957228601 1.37723017
    0.874012232 0.919492364 1.27860701 1.75252962 1.06649101 0.968283892
    1.22588682 1.05467188 1.81165648 1.36188579 0.854307592 0.903959453
    1.27205741 1.669397 1.44825423 1.53295112 0.848838389 1.33906603
    1.51259422 1.14771283 1.77375066 0.975756168 1.72042835 0.950682342
    1.18986893 1.42881155 1.27181542 1.44293296 1.2962662 0.987064958
    0.916658819 1.28713465 1.32968831 1.6613996 0.936254144 1.22855544
    1.19343996 1.43295443 1.43903446 1.53356147 1.59644365 1.04507458
    1.80947566 1.17492473 1.26306665 1.84751773 1.89984465 2.02381039
    1.9110533 1.3336184 1.86742365 1.56105971 1.18499577 1.80326343
    1.56863594 1.67141151 1.86300778 1.10341895 1.59541035 1.94306004
    1.95295763 1.38200152 1.26973295 1.7609725 1.51452994 1.30901265
    0.79116559 0.79343015 1.03144252 1.41451013 1.91754067 1.46864986
    1.6652261 1.9193306 1.84137273 1.31021702 1.11409438 1.11559105
    1.45990205 1.01441503 1.03938282 0.885109544 1.41873968 1.30467641
    1.66481745 1.24689615 1.07980061 1.11535549 1.31099343 0.905612826
    1.78710735 1.29596686 1.740749 1.71112216 1.87367404 1.91139317
    1.56807625 0.85787195 0.996470094 0.709697366 0.688533306
    0.767980874 1.15638971 1.33988845 1.76538062 1.3150419 1.33115518
    1.56460679 0.939153373 1.57486713 0.825438082 0.964001715 1.07221723
    1.12008655 1.08980572 1.92970002 1.01631832 1.08147037 1.63180077
    1.51313496 0.929867566 1.93023109 1.79310143 1.80534995 1.23375142
    1.29112387 1.31139719 0.821040809 1.09695899 0.795318484 1.0900414
    1.68561506 1.80111313 1.20645821 1.51022649 1.64033878 1.41046989
    1.29278231 1.28739178 0.838491797 0.953371346 1.31641066 0.920862317
    1.69955099 1.5310992 0.96706903 1.59193897 1.24073958 1.30312335
    1.38137996 1.38232315 0.735358655 1.08884943 0.769428432 1.68225884
    1.11802661 1.72343576 1.62074184 0.840892911 0.875112295 1.47383976
    1.10958755 1.62150478 1.4171232 0.772161603 1.52056706 1.75652564
    0.908650994 0.725779831 0.747647166 1.42650843 1.20915973 1.83002603
    1.46706188 1.00718629 1.28158975 1.17950368 0.865588307 1.85127115
    1.904199 1.80082285 0.9744156 1.91640341 1.40537488 1.39953113
    1.10818398 1.52234685 1.88123322 1.93490219 1.25139475 1.64629495
    1.22673869 1.78795707 1.03982627 1.87304938 1.88059008 1.20242751
    1.11306322 1.03853619 1.77168465 1.5512929 1.74789166 1.53778136
    1.68760061 1.69864631 1.98859322 1.04639935 1.42967534 1.56019413
    1.39152455 1.08119094 0.979931593 1.15213227 0.954723954 1.0902946
    1.03410435 1.34016252 0.84336549 1.52667522 1.02785611 1.58155644
    0.788131177 1.40505397 0.845981777 0.672292054 1.2757616 1.41804862
    2.10320282 2.1015563 1.84728968 1.06652522 1.12561047 1.25874829
    1.05253744 0.944351494 1.0875268 1.73807514 1.73557913 1.11135399
    0.935462177 1.65855753 1.89917696 1.43146431 1.25784922 1.81926775
    0.96559149 1.27497423 0.888305545 1.56793058 1.14244664 1.53134131
    1.25157332 1.25749052 1.62766075 0.869205713 1.1871773 1.37190378
    1.81523311 1.66265297 1.62056148 0.94084692 0.886690259 1.60219657
    1.546749 1.29456115 0.855321109 0.854731679 1.19470429 0.93552798
    0.967512548 1.67645311 1.13173687 1.69286382 1.29456091 1.77610767
    1.74192059 1.43570089 1.61237872 1.220608 0.899864256 1.8618083
    0.978364289 1.65315855 1.80403078 1.70882583 1.68509245 1.56994343
    1.06111801 1.44362259 0.851931334 1.20873988 0.788837075 1.69247305
    1.83299875 1.60783398 1.26229036 1.91339123 1.40147352 1.75770295
    1.17602992 1.52477384 1.31700468 1.76806164 1.72438204 1.54350996
    1.54683971 1.78169501 0.913917542 0.926618457 0.780176044 1.7591536
    1.42698741 1.09790015 1.56750166 1.41967046 1.36915636 1.8803494
    1.45559525 1.09633398 1.53596997 1.24212885 1.64369667 1.01984453
    1.38543463 1.35166609 1.17107368 1.60670567 0.974039972 1.43307698
    1.67477429 1.92046809 1.3247925 1.70120573 1.60032344 1.50340688
    1.51942575 1.58032537 1.84620595 1.42802382 1.38454819 0.840961874
    1.02310228 1.64690697 1.20983899 1.33654106 1.19515932 1.54841316
    1.8878926 1.16269112 1.83055127 1.17113507 1.36062753 1.90132451
    1.63032758 0.933986247 0.795838833 1.35541928 1.27600932 1.14368558
    1.05460095 1.06609535 1.22016716 1.32392371 1.5996803 1.96209955
    1.6020304 1.12219608 1.23609674 1.43815947 1.39388239 1.70237422
    1.83162975 0.985443413 1.74604154 1.40611279 1.04118884 0.988530815
    1.74880314 1.4711411 1.88373888 1.56731319 1.31841993 1.66703129
    1.57027841 0.953861117 1.30411232 1.86286247 1.33910775 1.30342138
    1.52033472 1.00356305 1.67986798 1.31238186 1.66280305 0.872715235
    1.69994545 1.14753091 1.5170989 0.872937262 1.2474339 1.23478949
    1.37765288 1.84352767 1.64117849 1.014171 1.57904112 1.02404773
    0.785208821 0.852144718 0.842313051 1.26756215 1.15025532 1.69601333
    1.01782453 1.27597749 1.74109292 1.18134284 1.61375594 0.960426927
    0.807470858 1.27892315 1.65794289 0.860123336 1.07826555 1.18877566
    1.41762912 0.811377585 1.60034645 1.40163636 1.6410526 1.82124901
    1.05233371 1.45917404 1.50971067 1.1916703 1.40096736 1.02798057
    1.12980413 1.76418865 1.4099468 1.60723627 1.29932415 1.11551881
    1.97101843 1.24237263 1.37503111 1.77045929 1.54126513 1.24679339
    1.44215524 1.14441609 1.34053898 1.81315041 1.14045787 1.8204056
    1.00146198 1.38083637 1.79339612 1.14514732 0.899961352 1.15982687
    1.5727123 1.83501816 1.63385916 1.11873758 1.32909441 0.841671228
    0.845543146 1.71045995 1.20203233 1.08109391 1.65266228 0.783799648
    0.958298266 1.59095776 1.35735178 0.860704422 1.49612725 1.12172031
    1.35591829 0.962605596 1.83042157 1.35570884 2.04625392 2.0426743
    1.19229794 1.10920918 1.54444408 1.672225 1.21599066 1.50882459
    0.758060992 0.917965353 0.768967032 1.13577652 1.77821147 1.41749632
    1.78461587 1.66526842 1.77818215 1.56839156 1.87150037 1.824839
    1.30427706 0.982173502 0.966316283 0.788817823 0.823942661
    1.19203329 1.15124083 0.783690751 1.61770749 1.43999553 0.962499142
    1.59461856 1.65715659 1.65080547 1.61486614 1.78690803 1.13773835
    1.40778279 1.24785197 0.825534701 1.27502656 0.915417433 1.03721166
    1.44389462 0.90844208 1.04591274 1.34985745 1.69974196 1.75139272
    1.70404339 0.890811324 1.20222723 1.03800535 1.31116199 1.86613154
    1.58064604 1.50108361 1.45427811 1.20750773 1.01105738 1.38850403
    0.753043711 1.46705341 0.928796351 1.12303054 0.893014312 1.54317772
    1.46641433 1.23874414 1.75031555 1.3514452 0.91738975 1.50655758
    1.61101568 1.22101402 1.97019875 1.76192558 1.46189642 1.40768373
    0.902052701 0.8560642 1.01609826 1.11699224 0.853616297 1.14462793
    1.3405695 1.27520823 0.943505406 1.77240837 1.25950551 1.27325034
    1.6024965 1.38526475 1.76326203 0.950628638 0.939003825 0.98336184
    0.970410228 1.64108109 1.43444812 1.44424653 1.71918035 1.67820477
    1.69346213 1.01221454 1.1328423 1.91340542 1.88173628 1.22456217
    1.04340518 1.71576357 1.54175115 1.7439729 0.866250038 0.951294422
    1.54152036 0.964040875 1.55715072 1.43525028 1.45492506 1.67972553
    1.66350627 1.969293 1.47323787 1.89882982 1.9847666 1.19693267
    1.47267616 1.10752273 0.987648606 0.964774847 1.73518991 1.75582159
    1.20322633 1.65146708 1.02483928 1.95132947 1.91633582 1.94047403
    1.22354138 1.17039621 0.775498986 1.42645872 1.14879143 1.12616813
    1.71077716 1.64129341 1.38350046 1.10777509 1.20942163 1.11266422
    1.79913235 1.20807958 1.74557769 1.91022694 1.9449532 1.47202063
    1.09177852 1.37043679 1.66424131 1.11700833 1.32223499 1.66016829
    1.64089596 1.79611862 1.22115815 1.55017269 1.82388675 1.65201068
    0.832315385 1.5747447 1.35012102 0.975179374 1.78961313 0.923351586
    0.849105179 1.18066788 1.13162029 1.62990475 1.58933651 0.771404922
    1.60081112 0.742376089 1.14063787 1.03175366 1.42023504 1.2898314
    0.938094199 1.03607798 0.954003632 1.46509886 1.04063678 1.00479865
    1.19878483 0.764579654 1.03412759 1.64615953 1.53249431 1.00157344
    0.82466042 0.910853267 1.2663219 1.04392946 1.60411239 1.77901316
    1.51730645 1.31564963 1.70422077 1.90766072 1.71027899 1.80675375
    0.968357921 1.28867137 1.3613199 0.908216 1.76096559 1.77407217
    1.90286195 0.962070823 1.67270112 1.22708154 1.02157748 1.33813894
    0.891258299 1.48906112 1.14270389 1.84467113 1.6883961 1.11448991
    0.947080791 1.01140916 1.26988721 1.47641945 0.992278755 1.71792197
    1.3285861 1.7943399 1.22561169 1.72366953 0.923743963 1.85121644
    1.74813676 1.13909364 1.19821489 1.18606663 1.12465823 1.65814805
    1.69046652 1.34395325 1.30248332 1.14722586 1.54243541 1.48904335
    1.10092354 1.58464301 1.50616026 1.96625888 1.53425848 1.24958897
    1.77143025 1.54933417 1.2755971 1.80428815 1.09793711 0.831423283
    1.3275398 0.982911229 0.841889501 1.67088377 1.711079 1.65072751
    1.84281909 1.54829133 1.63500178 1.75898111 1.12703013 1.43288851
    1.77411568 1.39577889 0.81975311 1.47356939 0.792826116 0.84453541
    0.906012118 1.51041853 0.972734749 1.03221798 1.51174796 0.98223722
    1.71517146 1.00426579 0.969256818 1.0923506 1.09469926 1.76088011
    1.31407666 1.65657198 1.83364332 1.77126777 0.98575747 1.72754157
    1.86880028 1.64546537 1.5163281 1.07629347 1.69092107 1.04522264
    1.68246555 1.59326279 1.47515988 1.77068305 1.569942 1.19571817
    0.876163006 1.55085945 1.51209927 1.30779731 0.962341428 0.828483403
    1.14932835 1.53519344 0.737441897 0.999719501 1.73514867 1.65821695
    0.905704975 1.53970838 1.87583792 1.51048863 1.09159589 1.89000106
    1.44096065 1.57829154 1.67084515 1.47132969 1.55378377 1.45915854
    1.14573741 0.98193711 1.3671478 0.855788946 1.56088722 0.842901707
    1.48720992 1.25575936 1.70990431 1.04954135 1.90042353 1.73592126
    1.74161005 1.37069428 1.38283849 1.15711069 1.24628174 1.71607614
    1.85216391 1.48785031 1.36549735 1.62596917 1.12027836 1.35998631
    1.78830767 1.2249949 1.83286595 1.16872513 1.53176248 1.85282505
    1.74845457 1.12938595 0.870972037 1.57072592 1.47434998 1.64766836
    1.17089665 1.62124324 1.30141211 1.77242279 1.05320597 1.85316479
    1.80654013 1.4080255 1.75056958 1.74716961 1.7138617 0.885213077
    1.2354697 1.17635655 1.11059403 1.3967731 1.75146067 1.38361847
    1.73971617 1.21866941 1.5219717 1.81567776 1.70123553 1.05868602
    0.981947005 1.35201323 1.42057645 1.43116653 1.61497211 1.53456116
    1.7334702 0.866165102 0.992562354 1.79806316 1.8467164 1.90646803
    1.85476136 1.63696849 1.50859761 1.61869943 1.31512082 1.67420769
    1.46546996 1.89815915 1.92835867 0.968476892 1.39006937 1.503227
    1.79963338 0.906307101 1.39077163 0.792245746 1.05416775 1.07008827
    1.27360642 1.27690578 1.58474267 1.77842367 1.05233395 1.38358998
    0.773566306 0.860541046 1.24542212 1.34509194 0.977367342 1.57743227
    1.19789183 1.0243386 1.33285415 1.3104794 0.997222841 0.892191768
    0.782252789 0.732518911 0.926616609 1.11680496 1.08096528 1.16929328
    1.11377883 1.41984427 0.844592273 1.01780605 1.68369472 1.46646369
    1.33995378 1.50788343 1.28715515 1.45404458 1.82661951 1.35921264
    1.78634858 1.22107708 1.48613846 1.34241116 1.50914943 1.83782792
    1.41120565 0.996941388 1.67353606 1.87344491 1.66175687 1.34418643
    0.941274941 1.49776471 1.35829699 1.0826211 1.02111101 1.71447217
    1.2526412 1.88318789 1.8063041 1.0716511 1.0143398 0.997413218
    1.36562002 0.833096087 1.81222546 1.83719516 1.40002859 1.81219792
    1.85930014 1.32198095 1.79229724 1.32068229 1.47270072 1.36148405
    1.81758785 1.40572393 1.09318328 0.857720733 1.67708945 1.836164
    1.67306471 1.22488797 0.982011318 0.698028445 1.49415576 1.68764067
    1.4126879 1.81264293 1.11509359 1.02292705 1.57726812 1.24018168
    1.24243605 1.58915401 1.72161663 1.16983223 1.15685022 1.6954658
    0.845294595 0.937949657 1.78332293 1.87352324 1.88393223 2.03882933
    1.76871681 1.81571019 1.33501613 1.52900398 0.946724951 1.50185037
    1.42540133 1.69856274 0.893882155 1.65020585 1.50136626 1.65324247
    1.65198123 1.1970793 1.2984482 1.24615371 1.56909788 1.61452973
    1.17324829 1.29037619 1.47783804 1.20542336 1.05335951 1.28326833
    1.26799929 1.87586522 1.87909424 1.24359643 1.29195726 1.3796196
    1.5642575 0.954756081 1.22106957 0.992553473 0.872155249 1.47128654
    1.90522635 1.90453613 1.02443004 1.1255163 0.903758526 0.783801734
    0.824391425 1.38780344 1.05284631 1.66370261 0.811624527 1.16742027
    0.777486503 0.9464674 0.77389276 0.947326064 0.876157701 1.49265623
    1.2650435 1.36173046 1.00750959 1.59538114 1.48289382 1.72816956
    1.50841093 0.977970362 0.987077296 1.38447261 1.33870327 1.62035203
    1.38729513 0.763625205 1.05315304 0.824866772 1.74697995 1.47073722
    1.32264221 1.48241246 1.90384519 1.31229532 0.845120907 0.82035476
    1.15040767 1.57350874 0.973966777 1.28572214 1.2191782 0.955360115
    0.934988022 1.32377172 1.3189013 1.11219895 1.19205618 1.59061384
    1.30288982 1.64325511 1.6757412 1.75427783 1.53965974 1.81944823
    1.50959444 0.912316799 1.77678847 1.81807268 1.75639033 1.05102789
    1.80287588 1.23709583 1.68567014 1.34026408 1.76253819 2.04109216
    1.83202457 1.66137838 1.62082303 1.77028048 0.901090145 1.43850052
    1.06586838 0.923780859 1.3352915 1.0659982 1.53076696 1.36380541
    1.52875817 0.983100533 1.4040122 1.74549067 1.16309154 0.748981595
    0.877811909 1.1849612 1.43659842 1.23687613 1.42761528 0.913148284
    1.60565674 1.53944242 1.2360357 1.09245062 1.34865403 1.74451327
    1.79464006 1.32703209 2.01356983 1.92046428 1.95218861 1.65274954
    1.85253179 1.4494065 1.66391015 1.52924132 1.59878373 0.797848523
    1.64346075 1.26652348 1.66899502 0.752489686 1.74203408 1.2727406
    1.69087613 1.23553145 1.5473218 1.38815498 1.41851497 0.810130775
    1.41175437 1.18741465 1.24799466 1.7676909 1.73179555 1.79114366
    1.56173837 1.31415868 1.09671032 1.18314004 0.904936075 1.62903821
    1.12151575 1.39198136 1.73690033 1.07679439 1.5597173 1.46788156
    1.32179451 1.39209127 1.08590531 0.856477499 0.916697979 1.48040736
    1.73230958 1.56844866 1.79242158 1.49556327 1.26586747 0.932210505
    1.28947604 1.72952402 1.60409665 1.1102556 1.4826597 0.938262522
    1.7096628 1.57399237 0.9801296 1.45112765 1.04805875 1.25169647
    0.954440355 1.07409513 0.947312891 1.23984373 0.906043351 1.20237887
    1.61764371 1.70536363 1.0084064 0.965072989 1.40035462 1.07696986
    1.18530095 0.927310169 1.26237702 1.48194671 1.6135273 1.32026017
    1.15737879 1.88333452 1.37147772 1.26534569 1.61297655 0.941701174
    1.25301981 1.35903931 0.846069098 1.29261351 1.57189453 1.1240828
    1.62755275 0.951051414 0.951779664 1.75513768 1.89479101 1.36139238
    1.53396082 1.00170326 1.70071864 0.944535196 1.71984982 1.30938578
    1.86740077 1.78101921 1.81214142 1.80687201 1.25749922 1.01944625
    1.32230198 1.72885954 1.4122684 1.93596303 1.59551299 1.80012071
    1.55844295 1.93416584 1.22632408 1.84910154 1.46881056 1.64221525
    0.917819977 1.53267455 1.59625983 0.920394063 1.26351988 1.01984179
    1.61335278 1.84785461 1.54743385 1.31516361 1.758726 1.16886687
    0.988825381 1.33792126 1.36399734 1.49675846 1.27361643 1.23333204
    1.89825857 0.990604281 1.42546535 0.915478766 1.56269431 1.40837562
    1.62835872 0.885222077 1.39927828 1.19563818 1.46152616 1.62493587
    0.880031705 1.84605777 1.38730311 1.00697076 1.0808866 0.981058061
    1.00083482 0.814019203 1.50669944 1.76042616 1.44507921 0.720214605
    1.21268082 0.87125355 1.57980847 1.26233983 1.88403511 1.52382529
    1.73666692 1.52490079 1.59279764 1.83952713 1.27840328 1.61120653
    1.94187951 1.82478094 1.56019926 1.51720619 1.6884625 1.18429124
    1.43049395 0.846607327 1.34841979 1.46980977 1.50458157 1.55392253
    1.78723657 1.23414063 1.48205662 0.785134435 1.67552853 1.43918324
    1.50414097 1.77691507 1.69451392 1.26783013 0.834674358 0.971440792
    0.833537936 1.78251624 1.53674507 1.80720532 1.4180336 1.01113296
    1.49918008 1.77583814 0.953035653 1.55313849 0.918902755 1.05058277
    1.41109908 1.63684213 1.19775581 1.49161339 1.76957047 1.56645346
    1.74720466 1.67837107 1.60942304 1.82887137 2.07952595 1.83999741
    1.80355453 1.5449841 1.63362336 0.852354109 1.76625907 1.41432214
    1.47702444 1.82633042 1.79916584 1.15499461 0.972558975 1.81641078
    1.04979134 1.47765577 0.841579497 1.27427495 1.00190294 1.35689342
    1.04443204 1.18653536 1.52843547 0.875517786 0.870809853 0.959733486
    0.851574719 1.19099772 1.8537339 1.36098397 1.21323228 1.83975768
    1.54568779 2.0157721 1.2508502 1.11592257 1.81240344 0.978185833
    0.74371022 0.773576379 0.854343057 1.0914427 0.878388286 0.85382092
    0.788152516 0.931676865 0.811187744 1.07367921 1.71210992 1.21388853
    1.00846779 0.774071395 1.57021737 0.880555332 1.16949224 1.76662397
    1.11865461 1.779392 0.919286549 1.08228493 1.81436682 1.77287579
    1.26312768 1.16637111 1.16115642 1.63183534 1.46711111 1.43037796
    1.358217 1.80202234 1.46022022 1.09070957 0.841411769 1.73458362
    1.06395602 1.185467 1.23889542 1.23200715 1.41215551 1.47751164
    1.67907536 1.51539445 1.17843378 1.51669049 1.62384713 1.16675317
    1.08512878 0.947008729 1.35838711 1.72792482 1.80090761 0.991606355
    1.62333596 1.51642537 1.6252799 1.46256542 1.70657444 0.892045677
    1.18282044 1.05163097 1.85866511 1.73501503 1.84440696 1.07130682
    1.62454033 1.24164534 0.903499067 1.78684151 1.19903171 1.37568831
    0.898826599 1.55648065 1.29506397 1.09400892 1.84590888 1.83241153
    1.64008927 1.7593677 1.69921768 1.41494548 1.0380224 0.838461876
    0.991970897 1.34246016 1.04652047 1.78273463 1.06691933 1.3355931
    1.4293797 0.950092733 1.1051569 1.46582556 1.45531094 1.02524269
    1.38227904 1.53982103 1.38748145 1.17000949 0.919551194 0.972676992
    1.58024108 1.85918486 1.49743664 1.14300573 1.46107924 0.986648858
    1.82603693 1.14736259 1.70757604 1.8854351 1.65791142 1.45768332
    1.23685288 1.56427491 0.90696013 1.70179844 1.04725301 0.92531532
    1.40763342 1.63842499 1.45496106 1.18809521 1.44031525 1.82997799
    1.94126439 1.37605596 1.35205662 1.7296567 1.3817842 1.63724113
    0.947208405 1.68898749 1.75459111 1.86266029 1.30762589 1.90508449
    1.62556756 1.3418318 1.22602713 0.833657146 0.888958991 0.752535045
    1.60902917 0.986000419 0.862509727 0.958426654 1.66892695 1.50396025
    1.29102397 1.71692336 1.84841955 1.8582834 0.984867573 1.23383784
    1.17062438 1.75352359 0.811910212 0.845523119 1.42235744 0.756414533
    0.944968164 1.52241898 1.77247155 1.51741874 1.73675716 1.15592587
    1.68557191 0.960845768 0.985366642 1.68986607 1.98577821 1.41429245
    1.51135683 1.20470679 1.24842119 1.48914897 1.68678129 1.38784146
    1.84303224 1.40469122 1.47618437 1.87143624 0.909591377 1.07149172
    0.767319858 1.00946081 0.947924078 0.998038352 1.03299546 1.33075714
    1.43844342 1.57145095 1.55703497 1.22932017 1.49732816 0.952795625
    1.16284502 1.38986981 1.26230812 1.71673286 0.899857879 1.0266825
    1.48952687 1.69151592 0.816870928 0.923656881 1.0736469 1.45654333
    0.927963138 1.73604143 1.61684799 1.76882648 1.27586412 1.38018227
    1.74677682 1.50913918 1.30310237 1.89263296 1.48688495 1.60543478
    0.908532977 1.25227773 0.961220443 1.57213378 1.79171741 1.86227274
    0.978130519 1.25442684 1.69602501 1.61633885 1.22557032 1.32446933
    0.767397702 1.31531811 0.832272291 1.23968196 1.39059055 1.06615412
    1.6075809 1.08511031 1.05541778 0.825181723 0.927519917 0.824622333
    0.905857325 1.225564 1.77059269 1.85460675 1.92885816 1.95627117
    1.04443038 1.79199505 1.00058317 0.925193012 1.17027998 0.643490195
    0.850184679 0.911073565 0.765821874 0.973949671 1.64492226
    1.33817327 0.873666167 1.24919152 0.773415864 1.06739092 1.49754012
    0.917823017 0.828733265 1.43352079 0.923449516 1.19709337
    0.860275507 1.63468051 1.0189625 1.47672927 1.19126022 0.914596796
    1.62809646 1.02865815 0.866682947 1.07950377 1.04607379 1.39298785
    1.49487066 1.00064254 1.20007455 1.60890841 0.841004729 1.7577163
    1.22168732 1.05871487 1.75734115 0.937000751 1.76662743 1.79891038
    1.63311851 1.38624549 1.05515385 1.86118853 1.6270889 1.0696826
    1.62197578 1.86879635 1.65680158 1.37321079 1.20611405 1.30658269
    0.855639994 1.80454016 1.09829342 1.73185742 1.86960578 1.67903519
    1.03704202 1.20922577 1.22091973 1.82708085 1.73641515 1.53160238
    1.27289534 1.61981702 1.57027304 1.00713193 1.49252725 1.06541014
    1.40978038 1.31071115 1.24166381 0.897990167 1.80433977 1.11995769
    1.35995114 0.862442136 1.02874637 0.876330197 0.938744426
    0.978254795 0.9965114 1.83968949 1.79720008 1.01395547 0.711327791
    1.19376194 1.29042888 1.54424489 1.28266823 1.64900589 1.12417579
    1.58958852 1.6384511 1.49550402 1.78308797 1.24832892 1.62932193
    1.20211744 1.98963773 1.46936989 1.59092486 1.54128158 1.04079711
    0.992260873 1.34023774 2.00088 1.24803579 1.76224315 1.99493408
    1.6087724 1.74941313 0.94662714 1.38526237 1.08526623 0.900277853
    1.23828125 1.34043443 1.00647461 1.84760571 1.19696486 1.64123714
    1.43372178 1.32855415 1.67418027 1.4830997 1.3378365 1.74800026
    1.74317873 1.90676284 1.2005235 1.32682467 1.46432996 1.69034338
    1.09119284 1.05178857 1.33844423 1.58571184 0.822588325 0.892674208
    1.5397712 0.866832793 1.29461765 1.70330322 1.36243296 1.09216678
    1.53814149 1.80837214 1.94537842 1.64016545 1.76598728 1.52400351
    1.58042884 1.33937323 1.23970509 1.18740451 1.53029108 1.68377841
    1.42933941 1.70214701 0.964518368 1.76701367 0.987679482 1.14048934
    1.10590494 1.67341125 1.32739913 1.58407342 1.4798851 1.94336176
    1.74911666 1.49575055 1.07108665 1.00141561 0.826434493 0.845178068
    0.895742357 1.0161953 1.81169248 1.4314934 1.7145822 0.898765624
    1.28982973 1.48724306 1.26002252 0.789742172 1.49939311 1.32233489
    1.83707952 1.73183715 1.55483758 1.2873286 1.59721887 1.20214963
    1.80398571 1.6110152 1.73329985 1.11883497 1.49049222 1.75823355
    1.44038641 1.75719094 1.09420037 1.32595313 1.12642658 1.34928739
    1.69029713 1.19888496 0.91414088 1.3725307 1.62375748 1.82765067
    1.68680441 0.983631313 0.956705272 1.48576379 1.55795336 1.70561969
    1.43148255 1.01935148 0.975425422 1.578192 0.968418419 0.836557508
    1.53963971 0.902948797 1.30217886 1.8383708 1.0644269 1.26607406
    1.49943662 0.987022281 0.921364605 1.0563159 0.669156432 0.7155779
    1.00270891 1.11247063 1.43906522 0.810654521 0.930324793 1.1490351
    1.26274407 1.55208683 1.88933742 1.02736092 1.16223848 1.5515877
    1.04219019 1.01409388 1.19006479 1.01193202 1.02245033 1.46399939
    0.679959774 0.707209289 1.57476521 1.67007649 1.70814216 1.34193277
    1.41561258 1.03367674 0.813327491 0.873444498 0.930278003 1.70030832
    1.74262178 1.08041894 1.41494966 1.39031422 0.995502949 1.40003729
    1.83359647 1.20253193 1.78426468 0.946560979 1.13551199 1.74584234
    1.0694313 0.768501341 1.69393432 1.23704684 1.55865169 1.75029993
    1.91587842 1.2268765 1.85247922 1.25129461 1.25283277 1.28772604
    1.50957549 1.5727576 1.79592359 1.57039237 1.62208033 1.08798492
    1.45008945 1.56833541 0.976890028 1.3138082 0.922885358 1.38049293
    1.75168848 1.76114893 1.45497501 0.965329945 0.824596524 1.16590917
    1.31376541 1.23576498 1.17465591 1.19314313 1.62551367 1.29977119
    1.24022949 1.04532683 1.85177743 1.60010374 1.40957832 1.12803733
    1.66169906 1.7395345 1.4243232 1.57479477 1.30402136 1.04517281
    0.917844117 0.908487141 1.51797152 0.850380719 1.79147375 1.1332432
    1.17931199 1.81346643 1.86884868 1.25863564 1.63565969 1.84794807
    1.7544663 1.24308479 1.337062 0.884830594 0.475898594 1.2729187
    1.30372906 1.86526167 1.55768442 1.27523935 0.84505558 1.25036955
    0.872551024 1.68490076 1.18683589 1.93306899 1.17808568 1.61779225
    1.64308548 1.84795201 0.946160018 1.09214628 1.37494612 1.04105687
    1.94929552 1.96660519 2.03472328 1.23765147 0.997705758 1.17196679
    1.52708519 1.01030838 1.47199237 1.83554959 1.45023465 1.66304457
    1.46314728 1.75515532 1.38201821 0.920978427 0.871850789 1.34035766
    1.08090162 1.80450535 0.906342328 1.63542604 1.58746815 1.62515128
    1.94254959 1.55379796 1.54635167 1.52548409 1.43464565 1.78355694
    1.25711071 1.15170193 1.16673434 0.968453109 1.61698151 0.848059118
    1.76660883 1.32824636 1.55747271 1.3283577 1.11132932 1.317487
    1.39286244 1.28552139 1.75041866 1.59438217 0.922618032 1.48741138
    1.25769579 1.49327397 1.48988414 1.61202621 1.0957154 0.897331059
    1.03741217 1.28230143 1.77324593 1.09229445 1.82856274 1.30520594
    1.67089808 0.950236201 1.64281809 1.85470331 1.11389196 1.91837084
    0.91536665 0.787639439 0.858381808 1.67163956 1.25381649 0.984182656
    1.01825249 1.74657142 1.40059471 1.03057134 1.37523329 1.5270983
    1.29559875 1.72389627 1.01172113 1.49558175 1.18731368 0.955935359
    1.67100334 1.35729063 1.4676975 1.87121153 1.46070004 1.03643119
    1.25804257 1.41835499 1.77446222 1.18061161 1.30909431 1.09531903
    1.77707183 1.66895151 1.67376947 1.98035967 1.64300084 1.02161562
    1.24654174 1.82689261 1.33379865 1.55426395 1.07386446 1.828583
    1.74978566 1.59040868 1.60001361 1.93460488 1.81604803 0.933157563
    1.3286736 1.11312008 1.01955914 1.57666278 1.59242749 1.10061324
    0.874479771 1.56099021 1.62979043 1.29648161 1.12415779 1.04433692
    1.50542688 0.81654954 0.770255327 0.874217391 1.49352968 1.21351254
    1.34592485 1.63598049 0.754915714 0.773924947 1.43458247 0.979281068
    1.80151272 1.47218156 1.11867619 1.15682077 1.81957304 0.962633908
    1.17169821 1.75156176 1.64409161 1.16163254 1.01916873 0.770995319
    1.7614392 1.38143265 1.09928012 1.85888267 1.72920966 0.923682034
    1.44284427 1.34378898 0.951743484 1.52702332 1.59302711 1.3796972
    1.00669372 0.844640613 1.21696472 1.69748545 1.65354908 0.905874014
    0.802917242 0.913788438 1.58164465 1.0146302 1.65070832 1.25054264
    1.31230259 1.25897264 1.51064277 1.30411446 1.04230773 1.70025289
    1.76296377 1.0506289 1.20353508 1.12058175 0.887363195 1.46686125
    1.4485116 1.57134581 1.78189588 1.5469172 1.32301962 1.88059044
    1.69821906 1.68815315 1.92217493 1.46087527 1.36129081 1.86473894
    1.02945089 1.79644608 1.00672781 1.73148394 0.877607942 1.32393217
    1.19184744 1.36708617 1.21227682 1.91023874 1.72497249 1.07114816
    1.82910764 1.84530902 1.61481166 1.64365935 1.00112236 1.14598227
    1.25816083 0.969499946 1.0142951 0.948236167 0.886349022 1.71405447
    1.31557584 0.944390595 0.954355061 1.21996951 1.41615796 0.996591628
    1.87093341 1.87999785 1.27265763 1.28167176 1.23487294 0.917928934
    1.64370859 1.57337916 0.754354596 0.776094794 1.31470954 1.43223214
    0.836358786 0.938290179 1.43524909 1.32065463 1.40228605 1.32156682
    1.2997725 1.78935277 1.95780277 2.02016163 1.92606843 1.89652324
    1.77688396 1.14217627 1.78008783 1.91262615 1.87303197 1.92617035
    1.97347915 1.32905209 1.19104195 1.19853175 1.2633245 0.802237272
    1.42599249 1.65515172 1.14267302 1.30600393 1.28599823 0.890189409
    1.14441049 0.973112345 0.882681131 1.06872499 0.867602289 1.48046911
    0.97790581 1.28819931 2.00314975 1.81392753 1.99564886 1.61198092
    1.48439312 1.83321691 1.31532943 1.5427829 1.6346308 1.19973421
    1.47653389 1.56531048 1.73601556 1.68179405 1.31072891 1.02280295
    1.09577644 1.0268482 1.10055864 0.840843439 0.973232388 1.74698079
    1.7518872 1.58269358 1.55849397 1.23986578 1.48702824 0.823565602
    0.95295465 1.15448833 0.803751588 0.840093911 1.41344821 1.07867515
    1.22101057 1.49249899 1.26510167 0.889688134 1.58618891 1.93595004
    1.10975587 1.12245727 1.87295008 1.62275815 1.72994697 1.41624606
    1.3124553 1.70347774 1.16134548 1.63069046 1.69573867 1.76900232
    1.96242273 1.32093513 1.5738194 1.7738291 1.54064131 1.17937469
    1.66831899 1.6055702 1.14782059 1.71153271 1.42061627 0.962317526
    1.90780973 1.13705575 1.13990641 1.65075314 1.13563323 1.70781672
    1.74576843 1.907565 1.4632901 0.99222064 1.58712733 1.76477683
    1.97419965 2.00107622 1.84770811 1.95086026 1.76241624 1.33185506
    0.96609509 1.33963716 1.41784859 0.950469255 1.56522036 1.26037467
    1.86664128 1.88987255 1.65082777 1.07742465 0.912710547 1.50603306
    1.58562171 0.87617749 1.02532566 1.3877182 1.05054748 0.969156802
    1.73193002 1.43627465 1.47702301 0.987840891 1.64553404 1.53455806
    0.75178647 0.763400674 1.53534305 1.42004561 1.19519103 0.895921409
    1.13328981 1.44639301 1.5284878 1.2119987 1.93165529 1.92421365
    1.85782743 1.94540787 1.34475291 1.31894171 1.34652948 1.56166673
    1.05366683 1.49412966 0.862158775 1.49122739 1.54507947 1.44575906
    1.11597264 1.64368522 1.33041453 1.30022013 1.03793371 1.44510877
    1.58804023 0.89015156 1.3781271 1.43988585 0.872696102 1.62215316
    1.68326497 1.33850372 1.33368862 0.952622414 1.0723958 1.62917507
    1.64998436 0.857220948 1.20800984 0.746768713 0.979278922 1.12355423
    1.49709058 1.65652502 1.39608181 1.24799764 1.19989502 0.899088442
    1.50515914 1.08785033 1.081756 1.24298596 1.06742978 1.80458128
    1.442765 1.89869833 1.56288373 1.02753472 1.4155879 1.6744293
    1.618981 1.04651177 1.27599561 1.38329709 0.860764742 0.833783329
    1.52222669 1.61174035 1.32266951 1.58291042 1.50340319 1.12272513
    1.2783736 1.78361964 1.85731411 1.14459991 1.9113462 1.1258651
    1.04182231 1.93838155 1.70685458 1.47683561 0.919340491 1.56528819
    0.861444056 1.20372713 0.847921669 1.3111645 1.47062385 0.820972741
    1.35088754 1.18767774 1.02968371 0.987895727 1.71939576 1.92282188
    2.00822735 1.80859041 1.7475239 1.35552585 1.38714838 1.03191543
    1.00647342 1.45475531 1.72951567 1.55415952 1.31964886 1.15633821
    1.41501665 0.755602241 1.01781464 1.31150639 1.93872225 1.50162899
    1.22923672 1.29255128 1.10757399 1.48674226 0.957679987 1.65225077
    1.07957327 1.38654757 1.00954592 1.57436466 1.5143528 1.28380513
    0.836864054 1.35618758 1.29030967 1.28516269 1.45693207 1.45505345
    0.944570422 1.58569586 1.18237102 1.19257677 1.23191631 1.10812342
    0.988113284 1.14146924 0.935943186 1.17344618 1.22521818 1.52876389
    1.55563593 1.8625772 1.11045194 1.88161099 1.46281624 1.54920244
    1.07866228 1.76260841 1.09224999 1.43063533 1.8774755 1.70660269
    1.3243314 1.66680038 1.33299017 1.28040922 1.76206517 1.70592976
    1.10006332 1.73580754 1.52794063 1.12795365 1.18809175 1.32260954
    1.24165535 1.08429253 1.05421102 1.11473513 1.4075762 1.51341987
    1.10449421 1.07224619 0.84398216 1.30109715 1.5562309 1.27661562
    1.35828936 1.71574068 0.943764389 1.67407322 1.97613347 1.8879261
    1.223037 1.0223453 1.87789845 1.56630838 1.15445805 1.50962067
    1.66843915 1.37674928 1.23639691 1.92885327 1.81767094 1.18860137
    1.78478801 1.89792478 1.84513104 1.384974 1.68583715 1.18572187
    1.24804842 1.25575173 1.44315195 1.82703865 1.93743515 1.2729758
    1.89191651 1.90401876 1.56310093 1.83972335 1.35277796 1.68843412
    1.18346429 1.15034199 1.79506457 1.86031902 1.52388215 1.88941216
    1.96567249 1.96119571 1.26502788 1.62192786 1.30970514 1.84498882
    1.52222455 1.37654197 1.80965567 1.25156403 1.13662207 1.75259721
    0.867434919 0.948278487 1.36329317 1.76203811 1.7603066 0.955558658
    1.22981799 1.43217182 1.2714591 1.54104853 1.24759817 0.913056493
    0.912638545 1.50409901 1.16589558 0.848638475 1.4106015 1.31457722
    1.15185916 1.20089924 1.21296668 1.39881086 1.11973083 1.36934233
    1.81573856 1.65403509 1.92571604 2.05717254 1.79158211 1.44906235
    1.03357685 1.46334612 1.66040742 1.41681242 1.64569342 0.975907147
    1.82107675 0.947207093 1.72787523 1.78547621 1.73736 1.62566519
    1.66975009 1.20378911 1.57713509 1.13516128 1.21119297 0.831583738
    0.8860811 1.16104484 1.4907949 1.67295623 1.21909726 1.73010933
    1.70783758 1.52463639 1.0134306 1.89740646 1.47924566 1.28904796
    1.28095901 1.25331867 0.852900565 1.27474868 1.65254045 1.62582695
    1.37785685 1.05782807 1.75537264 1.7267921 1.624089 1.05771077
    1.26163971 1.503986 1.08100855 1.30765939 1.69569218 1.02112222
    1.39792418 1.48229599 1.51089823 1.44588602 1.71204031 0.975138664
    1.5766468 1.07875299 1.23626602 1.33425391 1.61162186 1.23262131
    1.15985894 1.57216334 1.37641943 1.53800392 1.16128886 1.91728055
    1.11104929 1.46179926 1.02529097 1.51484239 1.60635567 1.78331172
    1.63255274 1.31662476 1.37474597 0.912077546 1.08401394 0.858968139
    1.8373456 1.23389363 1.45796013 0.84793061 1.4558568 1.24127519
    1.07277608 1.51306188 1.14625371 1.3545686 1.82514334 1.88053274
    1.55842853 1.82210207 1.38746786 0.80296284 1.1865406 1.51435077
    1.74434459 1.50925314 1.45328009 0.836356401 0.778618991 0.902096748
    1.62128329 1.24925709 1.96251392 2.02839923 1.99330258 1.25794733
    1.55956328 0.864979267 1.74541616 0.907398283 0.893175542 1.16917324
    1.58974683 1.87366748 1.41183341 1.17327166 1.12420046 1.27571297
    0.938963473 1.23826075 1.24774039 1.61063397 0.782102048 1.61585343
    1.26624405 1.1729511 1.3064388 0.940222681 1.33826494 1.44241941
    1.59945822 1.8221972 1.41300845 1.29692006 1.5540843 1.87133408
    1.89450109 1.26213813 1.71945965 1.38213098 1.44469237 1.00166583
    1.05069232 1.08934879 1.68964171 1.75624299 1.81690466 0.966846108
    1.28569686 1.80417705 1.65047288 1.04019403 1.35334277 1.23301971
    0.855125964 1.66181791 0.84237808 1.4847275 1.27249527 1.85272121
    1.01103902 1.63719487 1.71310067 1.60392618 1.64207172 1.60848379
    1.49656355 1.62900782 0.856905282 0.842740238 1.05431628 1.4851445
    1.69679606 1.94655335 1.21674895 1.54728198 1.28301549 1.85841763
    0.930437922 0.989996076 1.54051614 1.43769538 1.90915382 1.52688384
    1.12107623 1.84554207 1.0916754 1.40040243 1.22800589 1.17937589
    1.4212178 1.38846326 1.07552409 1.22558105 1.30817974 1.43176961
    1.47094882 1.36754441 1.72833836 1.67270136 1.20714092 1.95461595
    1.28392792 1.30600488 1.70506358 1.33626151 1.60304582 1.29504633
    1.31205893 1.60842383 1.52996004 1.76406193 1.11786139 1.549896
    1.70116794 1.47621369 0.994315386 1.39320135 1.70268774 1.03697741
    0.913014531 1.56538057 1.60004663 1.28733408 1.21370924 0.890405416
    0.925345004 1.47480035 1.39190137 1.68203199 1.75764322 1.55976033
    1.60297239 1.21046019 1.47766125 0.974676192 1.2380619 1.29765499
    1.79758835 1.38463902 1.49581778 1.01080406 0.812508702 1.26595318
    1.03300297 1.09679163 0.984487474 1.05689156 1.39333785 1.50828254
    1.19662404 1.90307057 1.97015929 1.56499171 1.87376428 0.949492514
    1.45527828 1.09969592 1.78966355 1.05924332 1.54341698 1.84368336
    1.08210945 1.94489968 1.25298047 1.63072336 0.975240827 0.839264154
    1.76033854 1.66846454 1.41096079 0.745004892 1.18820965 0.763654888
    0.82772696 0.995542884 1.28333151 1.40835476 1.65380931 1.33862209
    1.73770678 1.7078774 1.71737337 1.55176842 0.960432649 1.61782348
    0.920185387 1.31599081 1.64176583 1.67732477 1.11411762 1.78426445
    1.78703189 1.60463274 1.11808264 1.04416168 1.23434854 0.934561133
    1.36519122 1.16578484 1.04423881 1.5104785 1.14349568 1.50654411
    1.48333585 1.23644078 1.09191823 1.00925434 1.6557461 0.807257295
    0.731630504 1.43517256 1.26985908 1.85673141 1.82664824 0.937321603
    1.51053107 1.10107279 1.79242241 1.19270515 1.41912436 1.18685055
    1.59854865 1.41111183 1.74183726 1.43635762 1.08168709 1.53470802
    0.94494772 0.916688859 1.43394232 1.46541834 1.87828457 1.58041549
    1.94409955 1.39411247 1.30680835 1.18277895 1.66204321 1.54926777
    1.04636741 1.74707496 1.07516909 1.45645499 1.75762105 1.42294121
    0.93919456 1.48378253 1.42599785 1.57124424 1.24653232 1.0877403
    1.41279852 0.785227835 1.30934596 1.41319406 1.55769074 1.57654023
    1.62756884 1.89745855 1.94151735 1.8160702 1.29457772 1.21718454
    1.29643905 1.04334474 0.89180094 1.06883442 1.26276946 1.11195457
    1.50495398 1.0554564 1.45020044 1.00267053 1.43847167 0.928918958
    1.29142416 1.29357171 1.02607834 0.754277349 1.37314057 0.995526552
    1.45562935 1.69157577 0.85521698 1.42256391 1.82432556 1.78824675
    1.52432513 1.04529142 1.53419828 1.92933416 1.3845253 1.6689651
    1.17673802 1.83885384 1.02437246 1.62048185 1.13111424 1.0482316
    1.20290947 1.29621851 1.38774383 1.31044269 1.05926073 1.76466429
    1.28954017 0.82550776 1.15743363 0.695792615 0.649556994 1.2578007
    1.05042887 1.109303 1.49948835 1.77799475 0.922725737 1.55044055
    1.63304675 1.54074872 1.40464902 1.8343116 1.17629278 1.41999197
    0.909077525 1.08236718 1.67077971 1.83213925 1.63936305 0.995749176
    1.91613686 1.72114205 1.26349556 1.65580869 1.300753 1.49556613
    1.73638451 1.67480719 1.14151275 1.64681947 1.57476413 1.22295749
    0.991058707 1.49806082 1.10916269 1.22385097 1.11413229 1.00698447
    1.30315673 0.766354084 0.755012631 0.924660742 1.23129547 1.61958718
    1.45205557 1.47508013 1.17369854 1.73525417 0.985340536 1.77859521
    1.7234937 1.55805206 0.977269411 1.00417292 1.34471881 1.75205541
    1.39428329 1.11781621 1.58997428 1.8818208 1.37485862 1.33119476
    1.56162667 1.93047369 1.54092348 1.78222263 1.16520953 1.51873386
    1.57152367 0.952182412 1.05231023 1.09631431 0.968921006 1.57752335
    1.93107438 1.6200937 1.35036564 1.91922796 1.08878684 1.0370456
    0.993857563 1.50250006 1.20792353 1.30691016 1.53825402 1.16176999
    0.790862799 1.38279772 0.923585117 1.49083197 1.56532657 1.6234256
    1.10690737 1.50793409 1.6970799 1.01720202 1.72425973 1.77480626
    1.93319881 1.59204257 1.11779416 1.19198477 1.09782517 1.00048995
    1.68508339 1.27823341 1.90078843 1.11658931 1.44479835 1.69070125
    1.83000505 1.09796035 1.22194076 1.0071336 0.865624666 1.40269208
    0.751157939 1.11742246 0.865738392 1.22594774 1.49968219 0.803912163
    1.11758602 1.44439971 1.74634087 1.88185322 1.6638087 1.75574493
    0.955314457 1.4650892 1.76358747 1.0174464 1.2936759 1.08978808
    1.03180087 1.52903366 1.35390472 1.46889293 1.91737485 1.71409619
    0.897002041 0.942606628 1.08544219 0.795828342 1.40270758 1.03565395
    0.713164091 0.872487068 0.846298039 1.34065711 1.04031873 1.47898984
    1.41415894 1.52811587 0.773413837 1.16220927 0.850865066 1.01648033
    1.33647037 1.80582964 1.03755522 1.19914663 0.883198619 1.29628265
    1.68164456 1.62869096 1.21155655 1.87918663 1.17602479 1.64678216
    0.968586028 1.47221375 1.13331878 1.61086941 1.27518666 1.36917937
    1.08262992 1.73445213 1.96749771 1.8565079 1.64084351 1.33882666
    1.7262336 1.29427731 0.965902984 0.987226903 1.10593367 1.39456475
    1.05448484 1.09563446 1.22305906 1.38606405 1.62169719 1.3454541
    0.594573915 1.01892281 1.5624088 0.807752192 1.64401102 1.27227092
    0.813480258 1.78009045 1.24610209 1.4317522 1.01012576 1.5533967
    1.03708088 1.33073282 1.10546005 1.49061692 0.804891467 0.786736429
    1.06642711 1.2099297 0.868228555 1.5492059 1.60590708 1.52125442
    1.09342325 1.71508467 0.687821269 0.775824308 0.873423696
    0.751064599 1.494115 1.03927183 1.1036042 1.22474551 1.41414785
    1.06554711 0.881715715 1.61235535 1.3704735 1.86243606 1.53477633
    1.98970675 1.85714352 1.61308599 1.48105955 1.17875993 1.69869006
    1.21810591 1.70277882 0.931759655 1.30212772 0.949435711 1.51680636
    0.887375891 0.861976206 1.63258839 1.6166091 1.21838677 1.50758529
    0.826283753 1.05844748 1.12445223 0.802408576 0.828350604
    0.858509004 1.53990054 0.852341354 1.77234519 1.65781713 1.26127028
    1.24855363 1.39784956 0.997284353 1.48453474 0.973647535 0.97957474
    1.0300833 1.67963016 1.95657969 1.16180027 1.7752831 1.44420958
    1.62589788 1.11151195 1.34421206 1.10662317 1.36899018 1.73491406
    1.32748628 0.921845675 1.85033941 1.40409863 1.25272202 0.919146061
    1.6479845 0.966178894 1.20664692 1.27810419 1.49474907 0.685658753
    0.905623555 0.865426958 1.43625832 1.10705912 0.859243274 1.24203157
    0.905141592 1.53778267 1.77777004 1.09276903 1.2304306 1.26786542
    1.30012715 1.41082501 1.31780159 1.40005124 1.45809376 1.43869567
    1.1505909 1.04856181 0.974096477 1.30937266 1.22505534 1.87588644
    1.51246619 1.54898095 1.10889828 1.55585432 0.986673474 0.83312732
    1.49314845 1.3698833 1.36665499 0.889003277 1.637362 1.05972278
    1.93707097 1.94100368 1.25560701 1.55043042 1.83016336 1.6113323
    0.801013649 1.05705595 0.84687376 1.10284197 1.427755 1.31042361
    1.70347118 0.775179803 1.49003351 1.19096601 1.03353226 1.42083061
    1.48648167 1.8699497 1.78344905 1.08662271 1.9781692 1.54662287
    1.6824106 2.02820492 1.83095431 1.14799631 1.30353975 0.821241438
    1.49443781 1.20402312 1.92898464 1.2551192 1.65921104 1.06761622
    1.05111015 0.970975459 0.912648559 1.67445135 1.47114789 1.7657367
    1.03096032 0.963590503 1.03918469 1.69597352 1.36002541 1.46203971
    1.31716132 1.05933666 1.21479452 1.03656113 1.20241988 0.92454803
    1.01635921 1.67592371 1.3531388 1.70195162 1.34273291 1.12772036
    1.19978654 1.22921252 1.26433444 1.54971957 1.36983716 0.95573473
    0.928631783 0.872498274 1.37990367 1.28568268 1.18597412 1.55360782
    1.02332401 0.925516784 0.796826243 1.42368114 0.832656085
    0.835455656 1.57631886 1.01030362 0.745449483 1.44985592 0.912999392
    1.26021945 1.26782918 1.38797927 1.5212543 1.24523234 1.73671818
    1.48377192 1.52090871 1.47912443 1.16627944 1.74112988 1.31739676
    1.52858829 1.67096829 1.61246467 1.18647408 1.15936625 0.847321749
    1.74587393 1.0642792 1.40332735 1.68938577 1.45993114 1.82967925
    1.34540057 1.37185204 1.20799112 1.46242774 1.23807919 1.66776383
    1.8604387 1.89208448 1.66228783 1.4666791 1.92082262 1.27534103
    0.82237035 1.43776798 1.39810503 0.714534461 1.3911469 1.19183469
    1.66133654 0.987943411 1.04099083 1.06530619 1.33542097 1.66711187
    0.976444662 1.54945374 1.19520402 1.29232955 0.82097286 1.6000104
    1.02742136 1.00876558 0.916012585 1.66612291 1.1126436 1.24869883
    0.913272917 1.35027015 1.30433869 0.774925709 0.770532846
    0.939700305 0.685132563 1.31054199 1.22682571 1.5670445 1.23197865
    1.6663183 0.949689984 1.36777675 1.82490146 1.57110405 1.89073205
    1.67873514 1.5686357 1.45519674 1.55159271 0.895581245 1.26832759
    1.47725153 1.72601056 1.83011758 1.14240527 1.42180419 1.19938898
    1.25165606 1.49810123 1.28734958 1.33753133 1.49444354 1.11937463
    1.21487355 1.65973353 0.682200491 0.807528675 1.56552505 0.798892975
    1.41913366 1.25053835 1.30036318 1.70881867 1.01425374 1.07798171
    1.11708772 0.91246587 1.06575441 1.42222762 1.70249295 1.46886802
    1.12512338 1.92238057 2.01126552 2.01101828 1.83259189 1.74483216
    1.66423321 1.0294168 1.39102721 1.78439975 1.73504138 1.47827804
    0.859633863 1.10284567 1.70040894 1.45849729 0.994457304 1.20970833
    1.75016105 0.821391642 1.39237571 1.52289069 0.811650395 0.888368964
    0.670359731 1.39729786 0.769550622 1.62972534 1.02650523 0.8475703
    0.856933475 1.02994585 0.964470565 1.55752909 1.51510298 1.77484298
    1.50334048 1.57530212 1.46020091 1.26927996 1.05772567 1.84213817
    1.69006848 1.67313039 0.998588979 1.1051122 0.897244751 1.40658152
    1.59294701 1.32250011 1.16727936 0.992148876 0.999532104 1.44143152
    1.51784992 1.41681397 0.829127431 1.5788008 0.97822237 1.4549613
    1.8698957 1.38273072 1.32036459 1.82197082 1.63137102 1.07205009
    1.5007056 1.32127297 1.67163563 1.06612813 1.58994973 1.07407677
    0.883875668 1.33559966 0.827657461 1.35358214 0.987698555 1.13770127
    1.09332252 1.01596773 1.15081203 1.51335585 1.70037079 1.33135426
    1.89680982 1.75824964 1.80848062 1.78788793 1.00910127 1.35644782
    0.977409303 1.79236174 1.38500082 1.85183811 1.77769601 1.64917946
    1.61909294 0.992121041 1.40317571 1.30183816 1.65435171 0.990626395
    1.02841938 1.79547203 1.52865303 1.64330959 1.8837024 0.973375022
    0.9541682 1.65634155 1.53704524 1.01048625 1.89702427 1.70850897
    1.21762061 1.77657998 1.55847478 1.65734267 1.83351696 0.880443752
    1.78176808 1.84762418 1.33417726 1.65002501 1.59085798 1.00644696
    1.21161449 1.10497892 1.00742173 1.46844983 0.780762672 1.62588251
    1.02620804 1.44753921 0.94981128 0.785084128 1.28154159 0.828677297
    1.24452841 1.77003181 0.831565678 1.50295544 1.23952627 1.51410127
    1.43710852 1.22368145 1.07548988 1.01197267 1.18880129 1.34955609
    1.55041432 1.75360978 1.16082442 1.31500387 1.96701682 1.53711867
    0.981229544 0.945354462 1.16004312 1.28944206 0.941989422 1.59922433
    1.72339249 1.92815781 1.8366977 0.996475399 1.07070625 1.55375338
    1.63289952 0.846422434 1.78953886 0.880392075 1.14761531 1.65622675
    1.63060939 1.91441548 1.88813007 1.72123039 1.03445184 1.42762721
    0.926751435 0.671065688 1.04192901 1.0685612 1.39139879 0.822369218
    1.20269775 1.64990878 0.845740974 1.57189703 1.77028775 1.83044875
    1.10084176 0.847088575 0.708891392 0.711404264 0.96197921 1.68026161
    1.79860127 0.911702394 1.27193511 1.01601422 1.13248932 1.18905985
    0.751112223 1.01296592 0.833494842 1.31867921 1.67047942 1.41462576
    0.814039826 1.00047708 1.68158853 0.856740415 1.49475241 1.67368329
    0.914741099 0.820292652 1.08806276 1.63291359 1.62180603 1.94336259
    1.63525677 0.90277195 0.909967542 1.24073434 1.34097731 1.24075484
    1.44747031 1.41307902 1.40556598 1.4761728 1.46037197 1.52150905
    1.66424716 1.23834801 1.39536929 1.70531154 1.46903598 1.17507434
    1.48206663 0.76459986 0.875415444 0.819607913 0.790531993 1.53754294
    1.17763376 1.40727913 1.23990154 0.728869379 1.42154682 1.46459806
    1.31551325 1.54723322 1.585796 1.06265783 1.96246696 1.85017812
    1.17297614 1.4200443 1.76042104 2.00022459 1.28020477 1.66226971
    1.79986548 1.12841654 0.913563311 0.992286623 1.25764823 1.32313895
    1.55351579 1.69012058 1.22925472 1.03784978 0.789348722 1.77723897
    1.25851786 1.34024811 1.65928102 0.810769439 1.39947951 1.56110001
    1.53199267 0.841726899 1.34726107 1.20573401 0.84085238 0.706171334
    0.95616293 1.3459239 1.17583764 1.49261689 1.78596389 1.60936105
    1.2583245 1.34673548 1.48831344 0.940317452 1.48820543 1.03492332
    0.809393167 0.960409403 0.810551643 1.40905905 1.61791456 1.53166509
    1.12528658 1.22859561 1.7591362 1.01473594 1.41427147 0.925284684
    1.00112855 0.961602271 1.29286695 1.15526545 1.40469635 1.16514838
    1.14337409 1.26618099 1.33065689 1.56443143 1.6470263 1.04751217
    0.943544269 1.85270607 1.55603313 0.919000149 1.45005417 1.0722698
    1.35554576 1.83446789 1.32539666 1.79968286 1.89790404 1.28883314
    1.30247629 0.971781254 0.923238993 1.42023969 1.93154502 1.02782238
    1.18228424 1.12411475 0.835230052 0.927295327 0.973896742
    0.981475949 1.15513527 1.91822422 1.89579403 1.06021667 1.26942909
    0.808068633 1.48860633 1.66922402 1.21388757 1.3396312 1.35404432
    1.34983575 1.62326527 1.13662863 1.80270779 1.52639544 1.26672244
    1.83352256 1.25240278 1.1723336 1.41230667 1.85774648 1.64408267
    0.907616973 1.12615168 1.41423082 1.55091155 1.20404732 1.29653788
    1.50745738 0.894388437 1.59886765 1.27680945 1.56897426 1.38589299
    1.73535347 1.36822307 1.31597531 1.08393145 0.753743112 0.928963423
    0.724737227 0.928507805 1.6125766 1.41471493 0.91326952 1.5661298
    1.40550625 1.45754957 1.12707353 1.34307206 1.24714816 0.803438365
    0.993870974 0.826649547 1.02066481 1.85140908 1.89990973 1.17575192
    1.4353323 1.40775251 1.88757241 1.66128039 1.74651086 1.27653241
    1.3468883 0.995041251 1.40672386 1.19538629 0.996872902 1.5889622
    1.07570434 1.63231802 1.81305766 1.66601133 1.19418585 1.42797315
    0.906878471 0.9531371 1.64460945 1.36468291 1.90873182 1.10818303
    1.64308619 1.93564105 1.88151503 1.4125843 1.08197725 0.710826457
    0.740413487 1.73281789 1.16723847 1.00776315 1.70325613 0.883792579
    1.43816769 1.63049304 1.10547233 1.23408425 1.54639447 1.20262825
    1.64390743 0.896292031 0.885501325 1.27853441 1.59252143 1.09764516
    1.75933945 1.8226254 1.417207 1.21371996 0.964688361 1.75218582
    0.872802913 1.14739525 1.4753356 0.922370732 0.76203239 1.46270084
    1.21093726 1.29388201 1.26371598 1.73797047 1.44067478 0.76047188
    0.860731959 0.901561797 1.45351243 1.65278482 1.14171863 1.67458177
    1.82509851 0.911700726 1.27830982 1.45041299 1.08585763 0.903250396
    1.08405626 1.75054431 1.25350869 1.55362082 1.19829857 1.19366992
    1.18757129 1.67864251 1.53348279 0.862194896 0.944182515 1.082515
    1.06868851 1.79810905 1.80716193 1.49958241 0.795273006 0.864752233
    1.46582925 0.835974276 0.882818758 0.736130655 1.60059261 1.82483864
    1.52179921 1.56494117 2.00770855 2.04194212 2.10075831 1.87982142
    1.71452308 1.64115858 1.23034072 1.23169339 1.29216039 0.972970307
    1.44970381 1.07658982 0.719911456 1.22734606 1.30695474 1.79437351
    1.72612584 1.58897471 0.857732356 1.10379958 1.58766592 1.03160119
    0.97991991 1.06089115 1.14693749 0.84068495 0.936134815 0.945191264
    1.27834451 1.58332264 1.42299092 0.939088464 1.60716105 0.929041386
    1.22994995 0.858598471 0.864290953 1.38394845 1.0808183 1.4668808
    0.852768004 1.41715729 1.18134844 1.5892266 1.71160841 0.994556367
    1.01497912 1.63455999 0.855359375 1.55048037 0.993674934 1.54439664
    1.51475763 1.69379497 0.912966549 1.53499794 1.14243889 1.05123007
    1.75032902 1.52010608 1.5109148 1.10895967 1.17988455 1.80437493
    1.11120939 1.38566995 1.10371041 1.85317147 1.9076643 1.35275781
    1.60270619 1.40401244 1.63143349 1.08408332 0.901271343 0.976346314
    1.73958504 1.94752395 1.39661562 1.62589061 1.80203044 1.38731444
    1.18023849 1.70123303 1.67623961 1.30034602 1.09228599 1.45006454
    1.28868282 0.976101577 1.65950811 1.61875451 1.78749597 1.52921188
    1.55294549 1.60215807 1.31636083 0.992410541 1.147048 1.12920451
    1.02533436 1.63447559 1.18027961 1.2777456 1.72721767 1.59233928
    0.90113157 1.16662872 1.69536304 1.35524809 0.914910197 1.74176812
    1.86446977 1.81310618 0.998443902 1.45934606 1.01980102 1.65110278
    1.60643983 1.39822626 1.18058884 0.97480917 1.7188952 1.27717459
    1.20851457 1.77205896 1.1554414 1.35821569 0.96278286 1.64503217
    1.14084339 1.10541868 1.20112431 0.879766643 1.55766475 0.784135759
    1.33483887 1.65316391 1.76545167 1.38504243 0.950110137 1.42653823
    1.54674792 1.31855416 1.32430875 1.33571255 0.928024173 1.37774372
    1.02588212 1.77940094 1.8907901 1.50615311 1.72119212 1.79564524
    1.8520962 1.2982254 1.67513275 1.14367151 1.3856411 1.25119424
    0.86555922 1.50262988 0.903578401 0.84054184 1.15160978 1.32592714
    1.53517497 1.26667094 1.01316214 1.0561111 1.03217268 1.06349123
    1.9339453 1.86469722 1.30537295 1.12017095 1.42584562 1.61895347
    1.8786329 0.988602996 1.11615181 1.30446029 0.854948759 1.76462638
    1.6454612 1.68111241 1.72718 1.11237383 1.07654941 1.37189686
    1.67505646 0.986747444 1.76951993 0.988991439 1.43667316 1.05890822
    0.834845006 1.45768249 0.96053201 0.961813986 1.78998005 1.6188798
    1.5069325 1.57029891 1.42304838 0.920919001 1.36164713 1.72729468
    0.911023557 1.22089255 1.5041554 0.984587789 1.47841597 1.86008072
    0.882507443 0.990321517 1.16373456 1.41223514 1.05782294 1.56264544
    1.0248493 1.58467269 1.47359025 0.921894431 1.33616865 1.40900445
    1.45080566 1.05983651 1.19634652 1.61453915 1.46309197 1.86580825
    1.89502847 0.993919432 1.46601462 1.656721 1.78208482 1.31290174
    1.73505259 1.56769967 1.02145004 1.23907423 1.53101599 1.71061146
    1.36869907 1.00634468 0.790588737 1.39429712 1.19782174 1.05527389
    1.12401688 0.949959755 0.931599855 1.23314226 1.38037527 1.55180967
    1.82870626 2.03977704 1.92396247 1.61921096 1.8255192 1.77205098
    1.80899715 1.49731827 1.57300317 1.279814 0.73134315 0.78420198
    0.737220228 0.872632861 1.55083275 0.834046066 0.892380595
    1.67469811 1.02948177 1.25420439 1.21102631 1.73567545 1.07574034
    1.06194615 1.73025298 1.38505721 1.05603921 1.49278343 1.71442115
    1.81397164 1.18133545 1.04060984 1.71396875 1.60563219 0.957351506
    1.59802389 1.55261385 1.40905964 1.10429943 1.16355503 0.889239192
    1.35337102 1.69639504 1.35037863 1.53423643 0.99572593 0.949411392
    1.69479609 1.82675314 1.2974416 1.27159595 1.45813751 1.257792
    1.40423203 1.29119182 1.11396468 1.43042684 1.17234087 1.11260819
    1.8195883 1.36996841 1.22785068 1.5545578 1.47233546 1.10378778
    0.96858561 1.74251759 1.52508008 1.28890622 1.68363547 1.70138431
    1.35966444 1.06932485 0.908133686 1.29444206 1.1293633 1.48275948
    1.64755893 1.36080217 1.40225565 1.29233074 1.06690311 1.43360794
    1.51289678 1.64069581 1.08339262 1.39273655 1.83924854 1.20497262
    1.87025869 1.0575484 1.15661716 1.81234229 1.79646719 1.57957339
    1.10306203 1.41115296 0.887940884 1.59595001 0.941875637 1.2607466
    1.61657 1.42234719 1.54533112 1.49376428 1.53548133 1.3310746
    1.33485365 1.09124243 1.42060125 1.70248365 1.54277682 1.79322302
    1.59523797 1.86222959 1.22528517 1.37358415 1.70074999 0.878481567
    1.84487927 1.54721105 1.46750844 1.46871603 0.903393805 1.45584559
    1.49834526 1.48039579 1.76067567 1.65129638 0.943914771 1.18124008
    1.5701524 0.771673322 0.898538649 1.02283859 1.08580339 1.47735167
    1.83292806 1.29949212 1.18588972 1.22669899 1.28376424 1.8648808
    1.79358113 1.36089408 1.31585503 1.47494102 1.22177327 1.87832427
    1.23762679 1.34091675 1.72702277 1.77322376 0.964810491 1.3588444
    1.07928824 1.61484551 1.32665241 1.87091386 0.977401257 1.4261353
    1.14200759 1.1730814 1.00242329 1.13024938 1.22559011 1.75162816
    1.08749688 1.18400609 0.814711273 1.57016122 1.64520669 1.9683665
    1.74273121 1.53854883 1.63531983 1.46703887 1.62171245 1.17753363
    1.15490484 1.00227427 0.72321558 1.56643152 1.44542289 1.88992488
    1.01393235 1.15915978 1.23431396 0.787046969 1.47580481 1.79473591
    1.64582431 0.889462173 1.58353925 0.891550362 1.37832999 0.783183277
    0.923425734 1.27671301 1.79543304 1.28701854 1.27662838 1.75639534
    1.89414549 1.15527844 1.12076104 1.88524628 1.78949487 1.80031657
    1.06671464 1.60403478 1.47423506 1.87371004 1.16053426 1.55912828
    1.81338 1.41337752 0.78823483 1.10349989 1.21177912 0.76452136
    0.774147272 1.52718997 0.800027907 1.71041644 1.68782496 1.4843812
    1.46425819 1.10856354 1.52943897 1.40309417 1.07896554 1.39220452
    1.54874396 1.49117732 0.941209674 0.8893345 1.6859622 1.37353122
    0.890657902 1.14879441 1.16867554 0.98224777 1.33492327 1.64187741
    1.68531418 1.12425947 1.46918035 1.68873394 0.931156397 1.12156785
    1.66483772 1.47924376 1.28041744 1.49196351 1.46353471 1.99429202
    1.51062703 1.40431547 0.927350819 1.7807802 1.56534076 1.64955413
    1.57117426 1.47983241 1.3439976 1.32828772 1.04402637 1.42600965
    1.10103595 1.01221752 0.785930157 1.31864738 1.28530252 0.844849527
    1.55750561 1.48484039 1.57234776 0.822493672 1.15668595 0.961288095
    1.05904365 1.76407099 1.18836653 1.88498628 1.26058424 1.65989959
    1.12407112 1.2068857 1.40406024 1.44551289 1.65178037 1.71053183
    1.01955879 1.48925793 1.23473465 1.37723315 1.26200831 0.910688698
    1.85972536 1.18035305 1.66424584 1.9000448 1.55209529 1.61601555
    1.11513615 1.15237582 1.10739517 0.910535514 1.11930835 1.347983
    1.66977227 1.02220201 1.79805696 1.94325638 1.46408892 1.91612339
    1.46177661 0.904824317 1.18841362 1.3362242 1.86114609 1.40468264
    1.58806813 1.25483584 1.25647807 1.00983858 0.917966485 1.03204215
    1.43520975 1.73389935 1.01734257 1.69883382 1.94619966 1.26825047
    1.54189301 0.863331318 1.0591644 1.17758822 1.30887878 0.934425116
    1.3994168 1.52966428 1.80882025 1.08107436 1.92947745 1.48752928
    1.96611166 1.26110947 1.11255956 1.62876248 1.10210526 0.92749548
    0.985137999 0.724107087 0.767577767 1.32573473 1.80567098 1.64548993
    1.83717203 1.40826476 1.78008223 1.15417063 1.0320338 1.41156256
    1.62927365 1.04246926 0.977068007 1.34376633 1.78607774 1.8473053
    1.04172385 0.849343479 1.06690109 1.15182412 1.67372191 1.73791409
    1.7996105 0.966263473 1.26945019 1.82886839 1.72814202 1.49243808
    1.1495707 1.02730715 1.53414989 1.66898572 1.43777037 1.06415308
    1.46284437 0.878806353 1.64119709 1.68514347 1.6444546 1.04841995
    1.13543451 1.51539338 1.45395839 1.33871555 1.80331922 1.46951663
    1.83985484 1.69076133 1.20506322 1.89471912 1.27847528 1.25043726
    1.03626037 1.35826373 0.949317098 0.959911823 1.47075939 1.76469934
    1.75421393 1.6032418 1.45785201 1.75802672 1.68356013 0.863365293
    1.31688893 1.74660456 1.86396313 1.8709408 1.76654923 1.6752845
    1.28631234 0.873111308 1.67842793 1.88410127 2.02960563 1.97829437
    1.04089594 1.92210114 1.5964489 0.838701785 1.60025609 1.00812984
    0.737790585 1.2669363 1.79700327 1.2388742 1.68826687 0.840205312
    0.795190573 1.42477906 1.09037054 1.39389586 1.77310133 1.640481
    0.819710851 1.27647161 0.69015038 0.756174386 1.21554089 1.7114532
    1.34638369 1.88727784 1.90387392 1.96332002 1.20711374 0.914066315
    1.72877395 1.74559987 1.32027233 1.62845802 1.38850069 1.21330953
    1.51018775 1.75837898 1.56506526 1.74345446 1.18822896 0.868793845
    1.45014632 1.11483395 1.22760272 0.774951696 1.6832453 1.02060735
    1.1370697 0.970236063 1.06269681 1.15616667 1.62087071 1.51512766
    1.34448051 1.4779911 1.10924518 1.61621046 1.53263998 0.947453499
    0.884873986 0.889130652 0.820012331 1.47894526 1.00461042 1.38749516
    1.31479859 1.71865606 1.2224077 1.72682369 1.38153017 1.00206244
    0.852995932 1.43400013 1.62674236 0.94413209 1.2946614 1.33974373
    1.6584599 1.25452995 1.24150205 1.84983909 1.04472387 0.899328947
    1.10886669 0.978001952 0.883530974 1.24371696 1.15383768 0.901209593
    0.903659582 1.09937847 0.995681286 1.46153188 1.43836737 1.10030222
    0.909565508 0.930477083 1.61337769 1.21844161 0.982053161
    0.892436802 1.00852823 1.29470468 1.32293987 1.57615137 1.48613667
    1.05096436 0.932798564 1.24221599 1.32326734 1.27504361 1.17093587
    1.69433892 1.19061768 1.22927022 1.83615685 1.37731171 1.57104635
    1.15411711 1.43584633 1.1356802 0.938242614 1.82804704 1.86079812
    1.58045542 1.27437592 1.83717763 1.48689389 1.46604574 0.989320219
    1.78397262 1.38171196 1.50327766 1.17251229 1.71018803 1.4130013
    1.45727015 1.79769528 1.6421262 1.68609118 1.93931627 1.18237698
    0.817741215 0.77816391 1.78204441 1.18289232 1.57695282 1.93275487
    1.11822927 1.67116475 1.50905669 0.817216218 1.35073972 1.29800236
    1.90367854 1.69987977 1.85789382 1.41725755 1.20864975 1.18408012
    0.988142788 1.81608737 1.14539087 1.07381344 1.60279715 1.44186294
    1.94134784 1.69504929 1.73610246 1.92075431 1.59746802 1.1360364
    1.80849922 1.08084702 1.5071969 1.47057629 0.716191471 0.743990421
    0.718877137 0.998651147 1.57411027 1.47367883 1.34786391 1.71448505
    1.12378383 1.08763087 1.30284297 1.5771327 1.40053785 1.0065074
    0.892836273 1.76764071 1.2913965 1.95026374 1.58653152 1.4274199
    1.59735787 1.21965098 1.03680944 1.15494573 1.16728556 1.52470315
    1.24834931 1.04634678 1.4562248 1.0655849 0.895324707 1.15070057
    1.70565271 1.36880898 0.94836098 1.10927522 1.30982137 1.70004606
    1.52140832 1.69513369 1.62857568 1.20960379 1.16110361 0.980341852
    1.75716531 1.20220256 0.904374182 1.07328188 1.438779 1.06061387
    1.16910779 1.07613266 1.82631981 1.13233709 1.80592632 1.36559153
    1.39354897 1.68759477 0.759903491 1.05218458 0.807741046 1.23517942
    1.19500291 1.8028878 0.989034176 1.19533467 0.829970062 0.812569857
    1.26178753 1.89749372 1.34291077 1.94315755 1.10181403 1.09673142
    1.78825247 1.15737057 1.41417861 1.91361964 1.55702245 1.77017748
    1.66404676 1.31538105 0.780040681 0.986448884 0.741308272
    0.992494464 1.33890116 1.92359936 1.37046444 1.73267472 1.32302678
    1.63965309 0.744019628 1.42002821 0.904196858 1.01941562 1.80387139
    1.29915047 1.69824541 0.741990924 1.60394585 1.20692003 1.09900105
    1.35653508 1.67700469 1.24156082 1.76180112 1.88464236 1.13292325
    1.55888546 1.32030666 1.27769041 0.894384563 1.29698086 1.33054793
    1.12111831 1.61754179 1.29391706 1.71423399 1.21256268 0.810186684
    0.992574692 1.48839366 1.51494992 0.921569288 0.997607172 1.29886138
    0.78369844 0.806368768 1.09823442 1.43174696 1.87532949 1.81593335
    1.39750922 1.71307361 0.807193518 1.01580262 0.744622052 1.11330187
    1.19301093 1.24830854 1.51708972 1.55205381 1.38312149 1.59223545
    0.898989737 1.06949973 0.996051371 0.901337922 1.12925518
    0.898066223 1.48529446 1.16031003 1.05660403 1.55534542 1.37355971
    1.11750531 1.71616387 1.23229551 1.32447374 1.62635064 1.81273341
    1.40866077 1.27643299 1.56697237 1.29658031 1.81117666 0.994054854
    1.06664503 1.63823307 1.46042502 1.07990777 1.70274401 1.66381967
    1.62807071 1.54451919 1.49393535 1.79176641 1.32112372 1.25159085
    1.54826367 1.74018538 1.61757755 1.42273664 1.56951916 1.41962552
    0.950190187 1.23264599 1.71537519 1.35044837 1.23777509 1.73451555
    1.23278248 1.76624453 0.896140397 1.79571962 1.58750594 0.890619695
    1.12985301 1.20736563 1.60959971 1.28712237 1.68894589 1.72739971
    1.4142195 2.00308084 1.66485775 1.81300366 1.58065391 1.40476608
    1.83029723 1.7815938 1.610654 0.930355847 1.6487385 0.972283065
    1.92417276 1.52995729 1.79602361 1.61571527 1.39684582 1.30531096
    1.42352521 0.828173637 1.16821301 1.70816195 1.15171039 1.33756614
    1.6697799 1.12230229 1.02077329 1.25034368 1.49878287 1.14324796
    1.04948187 1.64478362 1.40472817 1.05488932 1.23067665 1.24267018
    1.74083781 1.70906723 1.2098583 1.94852257 1.99162996 2.04396749
    1.73217869 1.93898308 1.35976303 1.87974536 1.90420759 1.62680376
    1.70623314 1.9103601 1.52431846 1.15094459 0.975917935 0.678706884
    0.758787751 1.69468677 1.71418631 1.35629094 1.11775637 1.4880352
    0.841685474 1.00952673 0.9819085 1.79924715 1.17412519 0.909887791
    1.71763957 1.54216647 1.55019319 1.56323016 1.64162111 0.889411688
    1.23320472 0.767373025 1.24236774 0.945456862 1.30490828 1.68299592
    1.78056037 1.06029093 0.871297598 1.3241142 1.41366518 1.58816874
    1.84161162 1.91923952 1.37061191 1.78364515 1.90202248 1.06498158
    1.92770338 1.60184646 1.10884786 1.57635593 1.97963047 1.47675788
    1.42542756 1.5509069 1.18675268 1.35490203 1.65615547 1.72969711
    1.36332619 1.70388436 1.37217414 1.26678109 1.45035422 0.997775614
    1.06560814 1.77916741 0.803361118 1.39890814 1.15470123 1.09038365
    1.33308041 1.19295502 1.17125726 1.03844202 0.791480482 1.37675691
    1.68971765 1.23192835 1.80348349 1.45925105 1.46317375 1.64829755
    1.59939563 1.50116158 0.89819628 0.883345842 1.11730123 1.15996349
    1.07235456 1.48705399 1.01729798 0.699392796 1.35650086 1.39653134
    1.64017785 1.59085667 1.71926689 1.036991 1.32028568 0.866368353
    0.938811779 1.57689846 1.39304876 1.80157769 1.50622225 1.23004758
    0.762949467 0.874604762 1.00492263 1.51905298 0.860579252
    0.957016408 1.20427501 1.14195406 1.64104366 1.29391968 0.956182003
    1.3059051 1.01768935 0.948824942 1.38193905 0.853451073 1.1585263
    1.16137695 1.78344047 1.80491459 1.47173464 1.09563684 0.775709093
    1.62067008 0.811020911 1.31836808 0.808742404 0.919435143 1.00644195
    1.33429027 1.69285035 1.23389149 1.37061691 1.08115435 1.8374393
    1.33785212 1.00799918 1.53192484 1.47588873 1.05445945 0.707322061
    0.976781726 1.59366381 1.05536187 1.72038567 0.865497828 1.05417812
    0.791496754 1.05726087 0.688320339 1.41069674 0.687499046 0.88553375
    0.77150625 1.49405921 1.43013871 1.60342276 1.46822929 1.79336488
    0.981183052 1.55657792 1.52968168 1.77374077 0.906418025 0.990532458
    0.825046182 1.58043575 1.36042285 0.864073634 1.64790332 1.02252495
    1.13913131 0.866973519 1.40844214 1.84638071 0.988849342 1.23709857
    0.838549376 0.8718642 1.77569664 1.19500971 1.47983968 1.66056383
    1.55310464 1.50683856 1.24320555 0.918906868 1.74386954 1.7096889
    1.17276084 1.82050729 1.70659482 1.35963297 0.951610565 1.33389664
    1.37583685 1.60111117 1.29045403 1.73482466 1.64795268 1.03467309
    1.02508557 1.5190028 1.1946063 1.023224 1.86654603 1.77299023
    1.17740977 1.80120015 1.74709141 1.00521469 1.85998666 0.992283225
    0.795637488 0.782168984 0.823561907 0.958498001 1.48240364
    1.19567192 1.8667686 1.91661751 1.75636923 1.63269866 1.81178474
    1.81430757 1.01417065 1.44533277 1.0611372 1.15385664 1.79664707
    1.75927877 1.28379488 1.32132328 1.80422151 1.7741071 1.7266289
    1.79514408 1.81779397 1.88966823 1.79262757 1.42948031 1.77614903
    1.25285685 1.89044094 1.72587323 1.12430704 1.8784281 2.00515604
    2.05084419 1.32449472 1.9806329 1.93985116 1.13406348 1.40700722
    1.56813729 1.80731702 1.54445529 1.55067325 0.710910201 0.946932495
    1.34842122 1.34091926 1.04347074 0.913365304 0.960734487 1.22265947
    1.61546052 1.29695809 1.06207132 0.983231068 1.49925363 1.57672906
    0.958488822 1.57656491 1.10427666 1.78053415 1.65314996 1.2161727
    1.742957 1.25978661 1.09085798 1.46836805 0.993849754 1.36162674
    1.15416873 1.22965395 1.43810451 1.57797348 1.61702085 1.35559642
    1.62593889 1.3985852 1.60486507 1.6210295 1.50938833 1.54536104
    1.48091161 1.9432863 1.99153829 1.58310306 1.70222068 1.83871353
    1.99917531 1.50698054 1.39944971 0.951459706 1.36279082 1.87254071
    1.7941643 1.32460523 1.04096782 0.94807303 1.15591955 1.70631933
    1.75585282 1.19983649 0.862769306 1.33692336 1.30780339 1.33568645
    1.203403 1.28171098 1.48469436 1.3307122 1.44640136 1.02099419
    1.36693013 0.891138136 1.43337643 1.36903501 1.22758114 1.43046963
    1.39251745 0.920160532 0.939638138 1.72362339 1.49971163 1.1552062
    1.1242373 0.92227608 1.66296542 1.42098403 0.60478586 0.715889454
    1.61677885 1.66846299 1.93695807 1.88503683 1.3870337 1.75791705
    0.974678934 0.844286084 1.47614419 1.24701834 1.60259283 1.50615656
    1.61655688 0.754601717 0.736683726 1.4495492 0.791858613 1.10406435
    0.785900652 0.936282098 0.912906051 1.3378197 1.71665013 1.86188281
    1.57051229 1.76129067 1.58056688 1.10133958 1.54602003 1.07525706
    1.33996916 1.67817986 0.881992519 1.13569605 1.39832187 1.35322762
    1.4803251 1.73548436 1.05650675 1.49226534 1.66639876 1.70965981
    1.53324461 1.40229511 0.965319991 1.51276124 1.71960437 0.859330237
    0.933155656 0.75250566 0.684310615 0.671821713 0.946909726
    1.73190475 1.45654953 1.36415553 0.908998787 1.79172945 1.73472357
    0.770217776 0.668036044 0.682616353 1.21363378 1.0445683 1.35866404
    1.1763947 1.39225924 1.31053913 1.54376733 1.10895348 1.19619572
    1.70280731 1.30287802 1.37157154 0.869660616 1.80320275 1.07638228
    0.842543066 1.82957828 1.25459588 1.7460463 1.66505194 1.0979985
    1.73965061 1.034688 1.50003731 1.89534366 1.23856473 1.09624684
    1.244313 1.71507251 1.38580048 1.56324983 1.2246753 1.3162601
    0.866137087 1.36927998 1.61241293 1.41161144 1.59252143 1.68972242
    1.25874245 0.964144528 1.72444534 1.70656395 1.66858423 1.38885236
    1.01204216 0.918860376 1.27027357 1.24601769 1.87446761 0.903113127
    1.05531859 1.67273283 1.59454715 1.43383527 1.12457108 1.81994081
    1.91195202 1.35580611 1.94083488 1.5936197 1.35160971 0.835600853
    0.776427031 1.49124289 1.41057265 1.49139893 1.91205931 1.76602197
    0.950399578 1.02724826 1.25073862 1.53068113 1.27655733 1.5984056
    0.998257816 1.49617231 1.44560611 0.979608893 1.82197154 1.66205263
    1.24397326 0.971636593 1.31390822 0.9354828 1.55870819 1.24420679
    1.12424064 1.89997959 1.92071044 1.17121243 1.29313588 0.982967138
    1.43925476 1.24326468 1.6493988 1.51630974 1.84601593 1.22460401
    1.9179219 1.47939694 1.6123898 1.27006757 1.27841103 1.81731784
    1.01097536 0.973190248 0.999387264 1.66983807 0.744799435 1.72364843
    1.48294616 0.862123132 1.190027 1.46752155 1.33251905 1.30128968
    0.810260653 1.51242769 1.49268699 1.47033203 1.27885723 0.862835407
    0.995640218 0.797042072 1.130494 0.850786328 1.36528552 1.45786846
    1.24028003 1.49153829 0.987153649 1.46889389 1.47955048 1.21748185
    0.961052179 1.48802817 1.87442756 1.69539809 1.78333688 1.632442
    1.57569826 1.87093246 1.40711868 1.72998989 1.84638977 1.64829063
    0.993039608 1.57759166 1.86954391 1.42898536 1.97678506 1.91882873
    1.66248918 1.33844769 1.51227725 1.63280737 1.47658575 1.21032226
    1.07896852 1.016271 0.962740064 1.04667997 1.16828275 1.62582862
    1.72343075 0.861244202 0.949965894 1.20814037 1.70656919 1.12978864
    1.29090822 1.4551388 1.51496494 1.23179662 1.19072521 1.29364347
    0.954520583 0.883910418 1.36371887 1.31935406 0.939872563 1.24836469
    1.5878756 1.60853028 0.806161642 1.14454663 1.1140703 0.898732781
    1.02349162 0.89573127 0.849787056 0.933961213 0.999943137
    0.945406318 1.8664695 1.96302569 1.53953433 0.865115881 1.24711037
    1.34155309 0.997234881 0.992959797 1.51668775 1.8360039 1.17195761
    1.71797073 0.781096399 0.992545903 1.6589644 1.11782944 0.640732586
    1.25998342 0.830519676 1.75643802 1.22238076 1.86350596 1.82646668
    1.09015846 1.56435061 0.880124927 0.777718008 1.74693406 1.38544977
    1.629089 1.24085975 1.24264574 1.03433502 1.46698892 1.5033648
    0.926383555 1.17392802 0.844698429 0.79760325 1.17326999 1.68826997
    1.2710793 1.03563058 1.56128061 1.38734412 1.11318386 1.22375071
    1.17086613 0.830936193 0.716085434 1.30670106 0.938593626 1.80369759
    1.16086614 1.6195401 1.05376363 1.32618928 0.995496809 1.61109746
    0.731891215 1.23633361 0.913865805 0.707718313 0.752540231
    0.907464802 1.7862705 1.13969696 0.85988915 0.80839628 1.62952185
    1.32115936 1.34284842 1.15917134 1.30831397 1.38891327 1.52148807
    1.68739474 1.4693749 1.63864768 1.6176368 0.96401751 1.62821269
    1.02584553 1.72925639 1.8707273 1.57486355 1.79069412 1.44276106
    1.47811031 1.24096823 1.7256161 1.13058102 0.983244121 1.74798644
    1.25838172 1.54188776 0.941866577 1.7512871 1.62860537 1.34359193
    1.16084635 1.35393238 1.24113655 1.72542846 1.21858454 1.44410694
    1.05555201 1.76653779 1.6996994 1.7923367 1.73903465 1.37475371
    1.21351433 1.48729193 1.62195349 1.51837301 1.48757231 1.45290601
    1.6947062 1.54112065 2.00058699 1.60302162 1.3871398 0.822171688
    1.77026117 1.00038075 1.85668576 1.30199265 1.81145883 1.24937558
    1.4902401 1.86392772 1.19362462 1.67855036 1.24211478 0.786092043
    1.05999744 0.885819137 1.70648658 1.4937942 1.80742729 1.22496784
    1.21080053 1.844401 1.31339991 1.24409628 1.29362941 1.31977475
    1.42729092 1.37905169 1.67342246 1.40341794 0.911441803 1.08723342
    1.16301179 1.7573477 1.24305153 1.75128329 1.56641614 1.8468132
    0.964169025 1.66028988 1.43056571 1.7114085 1.72544074 1.17272758
    1.42189515 1.70347011 0.964563549 0.960328579 1.44430244 1.06982648
    1.33385038 1.31922138 1.30634665 0.981906056 1.52077544 1.38618028
    0.949738204 1.07721448 1.63957179 1.04690731 0.901517332 1.66923118
    0.981362581 0.967141986 1.67927492 1.0648613 1.28885424 0.788761497
    0.865111887 1.33164394 0.900037706 1.3343755 1.36614192 1.05901659
    0.966629088 1.46623981 1.86239529 2.01938152 1.70632017 1.96021307
    1.88235712 1.20450878 1.74632645 1.39416838 1.26309383 1.5469811
    1.02164328 1.57778072 1.90338063 1.85906911 1.85095739 1.40104508
    1.4911288 1.55076396 1.16634834 1.01100063 1.804021 1.47897387
    1.16806531 1.73395824 1.28963673 1.39114308 1.88829553 1.01057208
    1.30717123 1.78691268 0.948957264 1.62207663 1.10463607 0.836589217
    1.07343888 0.94118613 1.05181658 0.978740871 1.20638478 1.03526163
    1.29501581 1.66388357 1.00705552 1.24462557 1.50859332 1.75326264
    1.04789817 1.29411495 1.07411623 1.0126406 1.42504179 1.57132459
    1.83384407 1.21633852 1.35218287 1.16008294 1.01473677 1.50954401
    1.87190688 1.43449199 1.03087115 1.511289 0.79117471 0.779553711
    1.38651526 1.50056159 1.34477222 1.15075541 0.892719805 1.59751403
    1.17795241 1.20553422 0.817560375 1.253811 0.705367267 0.784157097
    0.864083827 1.69121444 1.03664494 1.00395083 0.97456485 1.77824306
    1.28903389 0.944075346 0.976491809 1.48285878 1.22758329 1.02688348
    0.923462033 1.7597549 1.45506752 1.62990344 1.28529119 1.13790023
    1.59539711 0.820043743 1.73868537 1.3217293 1.58961976 1.15519929
    1.2591238 1.01592958 1.25938106 1.77562869 0.788155437 1.43438399
    0.761852145 1.66304088 0.905685365 1.20746779 1.55613887 1.69067931
    1.53911793 1.22230351 1.80576384 1.54108357 1.44725311 0.852639139
    0.956025004 1.62951028 1.03453434 0.97998637 1.43964005 1.59551072
    1.3608166 0.766422391 0.703807414 0.874924064 1.15527916 1.13775146
    1.13956702 1.41543198 1.71146262 1.26257133 1.69240975 0.967245817
    1.61789191 1.61129665 0.995435238 0.951638699 1.21855307 1.93783522
    1.86135793 1.83347774 1.04413283 1.35618186 1.16452765 1.21109867
    0.833636105 0.981278062 1.43999803 0.830246925 1.64127922 1.31389511
    1.1517067 1.12655663 1.01024103 1.59248269 1.06959343 1.07949078
    0.886107266 0.868716538 0.874856949 1.33368051 1.50546229 1.61025679
    1.62343872 1.28543067 1.1455667 1.51752388 1.89917016 1.40067708
    1.21921098 1.7439996 0.945459127 1.1200043 1.22541773 1.95998538
    1.58946586 1.00692034 1.06505644 1.49095452 1.1853863 1.33237469
    1.76345932 1.85106325 1.11211288 0.932109356 1.86346114 1.3800205
    1.31811726 0.891446114 1.00616622 0.758697808 1.53900659 1.4460057
    1.63936579 1.12976623 0.991905808 1.8298732 0.891059637 1.45772743
    0.873327792 1.83852351 1.2483449 1.40898335 1.71017551 1.13157988
    0.893477321 1.06127107 1.08894587 1.39186609 1.25275469 1.443223
    0.967689693 1.42646968 1.20831847 1.44485068 1.60843658 0.98942554
    1.09527099 1.96471071 1.65672255 1.21366453 1.03665447 1.60505104
    1.35215533 1.42131138 1.29150975 0.99955076 1.43365049 1.25893772
    1.06221294 0.869956434 0.776933074 0.912162662 1.13662159 1.00447989
    1.10845876 1.13061023 1.34935403 0.896507323 0.770780146 1.5017463
    0.750549674 0.905257642 0.672440112 1.12323332 1.29249907 1.17507696
    1.45430887 1.72363245 1.35432696 1.07574415 1.22495854 1.83903122
    1.67445707 2.10354757 1.86151505 2.04279327 1.24103379 1.6901145
    1.154217 1.71950853 1.36572158 1.48344815 1.77523875 1.70438695
    1.11759293 1.05212188 1.81471932 1.96062398 1.52295887 1.13092661
    1.12496579 1.8238883 1.12525308 1.10431051 1.44494247 1.24294019
    1.77463913 1.79552948 1.10475576 1.66364157 1.15838242 1.28619409
    1.40062976 1.54814267 1.76572871 1.32355607 1.30596578 1.50865221
    1.53038728 1.57315445 1.55869675 1.60739601 0.918260992 1.1012224
    1.49513376 1.26323223 1.08528006 1.34058058 1.74535942 1.80182672
    1.83316803 1.68111467 1.38416779 1.76713264 1.9035871 1.6933682
    1.7422719 1.36017406 0.592070639 1.07565939 1.5806123 1.57599044
    1.13360202 0.808611989 1.5879823 1.11610401 1.40187788 0.84068656
    0.93366468 1.75196683 1.52344012 1.52193069 1.40297008 0.974168539
    0.796062589 0.943650842 1.31037199 1.52922285 0.938441455 1.49847639
    1.18011725 1.66191459 1.0792309 0.898041427 1.00700855 1.19368184
    1.37525356 1.82175004 1.05894971 1.33336306 1.33675528 1.77916586
    1.87341976 1.20608723 1.38834894 0.866417348 1.52412033 0.900195837
    0.755083561 0.824264348 1.33318639 1.79760432 0.985568702 1.25856459
    0.926541686 1.42953503 1.41941369 0.905660212 1.44828653 1.12462711
    1.44249821 1.00760555 1.42450535 1.26141071 1.33913231 1.77100408
    1.20873857 1.13027477 1.71259701 1.69271934 1.48249221 1.78193307
    1.81183147 1.52351689 0.877487838 1.6677196 1.70836413 1.52056825
    0.865944922 0.912660301 1.33979642 1.56284928 1.86808062 1.21837866
    1.7567606 1.30685103 1.22607577 0.876010299 1.33433139 1.26844013
    1.28788376 1.43475664 1.28243983 1.87514496 1.68832576 1.41920829
    1.35529613 1.56789935 1.22157347 1.4137044 1.6421169 1.64471292
    0.865799308 0.988998413 1.31736887 0.776514888 1.26345873 1.46692884
    1.68929613 1.71614587 1.21869409 1.18971169 1.63451147 0.91700536
    1.16680646 1.48030841 1.36761189 1.19352746 0.990424573 1.15390563
    0.981195211 0.931023002 1.79123342 1.69641197 1.48376644 1.67535889
    1.07904661 1.7506777 1.56494033 1.69858968 1.63516212 1.05754769
    1.55352736 1.30515778 1.02055669 1.09318376 1.80299592 1.01703262
    1.53491068 1.77621293 1.59145248 1.17834675 1.50994956 0.775767863
    0.797109187 0.929683566 0.718468189 1.16011286 0.836716771
    1.03823435 1.85294271 1.55904043 1.24121284 1.16575587 1.62859857
    1.81099236 0.960500121 1.80819058 0.9821105 1.0544765 1.03338659
    0.99588573 1.59330106 0.765842795 0.705821395 0.939915776 1.30424929
    1.05596781 1.69296002 1.24465787 1.29600632 1.81075573 0.94041729
    1.91758955 1.67508662 1.69212675 0.896694601 1.20888603 1.8432281
    1.58384025 1.52539301 0.901711106 1.34667504 0.903845131 1.51359475
    1.20466578 0.827082038 1.11445355 0.955468833 1.77032459 1.79567552
    1.63001728 1.18199456 1.35008085 1.14079332 1.57829511 1.00478971
    1.07402742 0.886009991 1.15739942 0.965148091 1.07264066 1.22459686
    1.27667189 1.68249834 1.41749239 1.6731813 1.39117277 1.99933231
    1.65544951 1.86402512 1.31021845 1.43754864 1.54877079 1.24039245
    1.82977581 2.02569818 1.74286962 1.83351231 1.15504026 1.2941395
    1.79151726 1.88012087 1.09020364 1.12815499 1.78729105 1.67614555
    1.32559729 1.26137972 1.41723371 1.42160404 1.23511457 1.62414253
    1.67027605 1.9489826 1.43976879 1.341102 1.84850049 1.78612149
    1.27361321 1.25634575 1.93349051 1.02102768 1.1970408 1.52744079
    1.39445472 1.17931628 1.584746 1.39597726 1.16846514 1.04577065
    1.52443957 1.36856365 1.12518823 1.19813156 1.33983111 0.89833647
    1.17474473 1.63440382 1.84790492 1.7764709 1.68068159 1.81780529
    1.40507722 1.61582828 0.82197839 1.28672028 1.83220994 1.01947105
    1.18281007 0.859586596 1.38131618 1.56279612 1.37473941 0.896694541
    1.00723267 0.932993889 0.929217637 1.68698072 1.63817453 1.70939076
    0.819368482 0.988916814 1.06551385 1.71134055 1.4211055 1.20151079
    1.10209429 1.74544668 1.40670741 1.58521771 1.07619596 1.15189886
    1.62832451 1.01585436 1.2366513 1.34403706 1.59146488 0.948177993
    1.70942545 1.2428956 0.742580831 0.84174186 1.54327774 0.838734388
    1.12122869 1.48695385 0.909782469 1.18007767 1.30996287 0.789090335
    1.47225928 0.815724134 0.983451366 1.59148407 1.29843199 1.82721663
    1.43466127 1.94270921 1.56277549 1.81283331 1.30114913 1.16551435
    1.51740396 1.88881958 1.91742933 1.81203306 1.69615173 1.53300917
    1.33557189 1.13429534 1.20627034 1.16108286 1.72078049 0.834843695
    0.707264423 1.09456813 1.43860292 1.48722184 1.04807818 1.83990824
    0.841644406 0.964550734 1.27375579 0.976662576 0.923326612
    0.891080797 1.89122272 1.75525308 1.3297025 1.0588069 1.85047162
    1.3632679 1.44439232 0.849426031 1.56341267 1.21406448 1.19466674
    0.842593253 1.21657884 1.01498795 1.13463902 0.767731488 1.19624197
    0.915576756 0.972922087 1.66458559 0.855734408 1.58345509
    0.827503145 1.39265883 1.78514862 0.945507944 1.65094733 1.0256927
    1.05594146 1.25864422 1.69709754 1.35775363 1.84324741 1.00637937
    1.1237967 1.53551209 1.69630957 1.62434375 1.91727054 1.56035829
    1.79789329 0.974392712 1.7849642 1.26565135 1.15885818 1.76724243
    1.17665613 1.03332579 1.44860566 1.42242312 0.895513773 1.44602442
    1.34346986 1.01872385 1.43059361 0.884399414 1.72514427 0.979402483
    1.16355324 1.12248278 1.63131905 1.51783133 1.05630243 1.04936182
    1.84503472 1.8481065 1.82543123 1.37470794 0.840616941 1.08479893
    1.4476676 1.46099913 0.65787822 0.955395281 0.693172395 1.07000661
    1.54112959 1.39638472 1.2062676 1.49636614 1.62103999 1.79351342
    1.81913245 1.23727202 1.38374996 1.80276537 1.03294134 0.920174181
    1.48318303 1.19785714 1.60307109 1.07384491 1.08114552 1.54595852
    1.27427578 1.11571825 1.35241079 1.62737536 1.15203416 1.49878538
    1.40497744 1.0886209 1.24667752 1.78902364 1.51100588 0.859112203
    1.13332272 1.15091074 0.839914501 1.34502828 1.76089251 1.84167171
    1.24850214 0.96961081 1.38363862 1.67301404 1.85956192 1.4989748
    1.79304075 1.76804423 1.65920377 1.53869581 1.0383296 1.9788214
    1.91268468 1.83311975 1.97012997 1.70945024 1.63373995 1.47828698
    1.98420238 1.59988749 1.42994583 1.56292951 1.09293342 1.34355557
    1.93546069 1.42950344 1.78402686 1.01669085 1.77236462 1.92120516
    2.05883241 1.93526292 1.94370246 1.03907943 1.1823287 1.66965425
    1.77774799 1.71239007 1.49028373 1.71878994 1.98482418 1.88502073
    1.87880087 1.25019705 1.01653135 1.15895939 1.64391124 1.49889183
    1.47005641 1.44667351 1.33929348 1.73508275 1.29589212 0.970421016
    0.98977828 0.955704391 1.41292739 1.93659091 1.79249883 2.02060103
    1.56454968 1.36805201 0.723805606 1.77445817 1.85899353 1.79774714
    1.84746909 1.73522353 1.34878314 1.92842698 1.5915637 1.66043305
    1.12542725 1.2926724 1.43703163 1.72922444 1.19204986 1.68556726
    0.821152866 0.706409514 1.12593019 1.29624653 1.80003846 1.74662566
    1.09408247 1.82466209 1.52836573 1.89146841 1.89520288 1.53698409
    1.83313525 1.03720057 1.20788693 1.022053 1.73771501 1.14745462
    1.28498292 0.957707107 1.16169727 0.815995455 1.31245983 1.56542313
    1.20277619 1.16555929 1.24866307 1.76680696 1.28348768 1.55373001
    0.846801698 1.59497523 1.00699627 1.62369907 1.47684705 1.9095391
    1.62597048 1.86481702 1.78559923 0.966438591 1.18573427 1.63703156
    1.73073733 1.01457965 0.961176038 1.19269049 1.10463357 1.72542405
    1.39015687 1.12980032 1.32305765 1.09027755 1.19995511 1.05719757
    1.18617964 0.976328611 1.6446166 1.85839593 1.75518715 1.32912195
    1.5345639 1.07714963 1.06327379 1.21140933 1.53757405 1.56886256
    1.91781187 1.81976509 1.35002446 1.89061618 1.87467647 1.04116309
    1.5236727 1.13784087 1.50758171 0.848521292 1.31626987 0.762708306
    1.60520661 1.33118784 1.6570034 0.906750977 1.01482379 1.22891462
    1.20611656 1.85533082 1.51628947 1.49316537 1.55577719 1.26576352
    1.74810648 1.5895921 1.00131214 1.25500858 1.06140065 1.63589299
    1.17782521 1.70796335 1.16049051 1.54017031 1.11433446 1.42890894
    1.10007179 1.37070334 1.66247809 1.7303443 1.73931992 1.54656792
    0.858567238 0.89169693 1.70429933 1.44497252 1.83306944 1.71352577
    0.888417482 1.39809871 1.50441921 1.44043982 1.81630039 1.62701952
    1.32913649 0.824152231 0.789096594 0.864479065 1.75424469 1.59955192
    0.981433868 0.954626322 1.3204273 1.09032297 1.67140102 1.07662308
    1.65764308 1.8641541 1.68738544 0.824304879 0.902253091 0.847655654
    1.25638032 1.21035683 1.59373736 0.835926354 1.54865301 1.59610188
    1.40946865 1.61610579 1.18533421 0.880518973 1.51666105 1.72352314
    1.20838344 1.37167358 1.753479 0.86474365 1.78545678 0.965016484
    1.87563646 1.36151338 1.6437124 1.72573805 1.40118742 1.84098256
    1.1248275 1.12801456 0.835837007 1.02229846 1.74996853 1.88015985
    1.01293516 1.87852895 1.15716493 1.16799939 1.26799881 1.11909485
    1.82825315 1.73862171 1.69462574 1.34930277 1.18459356 1.35421717
    1.81388879 1.1615901 1.40738559 1.23005259 1.59636235 1.45470321
    1.15897512 1.76005614 1.77976739 1.01359189 2.02478027 1.88407671
    1.97014403 1.55380332 1.92646456 1.35539913 1.41847563 1.47547817
    1.78003573 1.56839275 1.23371494 1.5918119 1.38051677 1.8516897
    1.86536169 1.9148159 1.14779615 2.0170579 1.86992574 1.3426168
    1.90231276 1.39063442 1.48424542 1.33946395 1.34804964 1.62335014
    1.75684452 1.35696638 1.98022568 1.98998535 1.63392401 1.24882805
    1.78235638 0.90677619 1.11678278 1.42456114 1.77566862 1.36528039
    1.69867575 1.67132688 0.982720017 1.68473744 1.24839354 1.8000648
    1.38821757 1.88735092 1.18383098 1.96876848 1.28763473 0.677503288
    0.948308289 1.15428209 1.33793449 1.31921506 1.06135035 1.60777426
    1.43679214 1.77952683 1.4432714 1.73309803 1.71690834 1.86976111
    1.42201281 1.110466 1.15830266 1.4931078 1.15083301 1.21156752
    1.42843139 0.947425902 1.31398618 1.70105839 1.90710413 1.2786423
    1.68007255 1.79700661 1.10847378 1.68583107 1.90791154 1.57178068
    1.41267586 1.75327325 1.69238639 1.78199148 1.52387285 1.21213114
    0.917454004 1.72384441 1.74406683 1.13956392 1.44843185 1.58354449
    1.61023974 1.6453228 1.58204114 1.81265438 1.16036284 1.20476234
    1.60392737 1.81032145 1.43419576 1.79718709 1.58102059 1.76089358
    1.45788634 1.19453657 1.20826817 1.37624431 1.25665164 1.42423272
    0.95695436 1.73800921 1.18404329 1.55356824 1.26078951 1.49266624
    1.5368427 1.37686634 1.46536541 1.69065607 1.32607639 0.940898716
    1.07536709 1.75489473 1.6292969 0.95161438 1.05545628 0.841377199
    1.74474299 1.46569824 1.39969921 1.46293271 1.43633378 1.9775666
    1.66772187 1.56859756 0.941199362 0.984136879 1.51174569 1.327999
    1.59252071 1.42645538 1.46895528 0.955278575 0.9685691 1.61950576
    1.62885523 0.735601902 1.10785353 0.838996947 1.41277361 1.88549578
    1.29762554 1.37923074 1.6229893 1.71416986 0.858778775 1.08289659
    0.965357602 1.36187291 1.62556148 1.02780807 1.81368828 1.0999552
    1.30864859 1.77035713 1.89211154 1.65068626 1.21282494 1.42841625
    0.982888579 1.31739867 1.03165817 1.17387938 0.831678808 1.43316674
    1.54236448 1.63510931 1.08914208 1.18868124 0.815881252 1.50032091
    0.971179366 1.13507485 0.886650681 1.21568394 0.957837224 1.80068326
    1.2885741 1.49079978 1.76232231 1.47184265 1.15032053 0.881238878
    1.48803306 1.13915646 1.58237433 1.69642687 1.03679228 1.2411952
    1.06592107 1.56976342 0.769687593 1.16896749 0.9512344 0.67319721
    0.753752351 1.3144964 1.25367248 1.78354383 0.950353086 0.971081257
    1.35245812 0.894403517 1.08875537 1.1854881 0.990302324 1.468032
    1.0337224 1.84987736 1.52886307 1.24865818 1.69503152 1.63849521
    1.26000631 1.48373151 1.60475171 1.29985988 1.67852485 1.8458885
    1.24722886 0.877045453 1.63507473 1.43327129 1.24579465 1.56203079
    1.2620877 1.37772369 1.76157868 1.43277991 1.20556879 1.76965427
    1.27551293 1.81273842 1.07075477 0.930463672 1.02669156 1.50787389
    1.15744793 1.12555814 1.42747235 1.55846357 1.93352365 1.46471274
    1.72027326 0.945817113 1.99135578 1.58607233 1.97590542 1.63663983
    2.02086663 1.70054507 1.59411168 1.68879354 1.77806473 1.16301465
    1.61337233 1.1607846 1.40555024 1.53170002 0.956850529 1.06007445
    1.37434494 1.23845327 1.94549644 1.1103034 1.10891318 1.44871616
    0.976188719 0.819482386 1.74262214 1.277336 0.926853895 1.28063381
    1.77389896 1.59954047 1.44528604 1.30476093 1.10809946 1.66717064
    0.894893169 1.78884315 1.02364981 1.6714288 1.73422992 1.23956931
    0.902607858 1.26876163 1.35479379 1.7100898 1.64979899 1.77493501
    1.91621947 1.55443668 1.30880141 1.39033437 1.48035443 0.998590529
    1.41776514 1.54383337 1.22714162 1.80600035 1.64065886 1.81866813
    1.07223606 1.57747042 1.37479353 1.42298317 1.58099687 1.96367526
    1.51630771 1.33971846 0.864335001 1.02981651 0.828820646 1.09568965
    0.853460133 1.34239459 1.37350452 1.93050826 1.8476299 1.52404487
    1.80778027 1.13802683 1.00015664 1.50421739 1.16785836 1.94036591
    1.9507761 2.04947686 1.97197855 1.59225512 1.58032978 1.17308772
    1.80670273 0.955409586 1.32585883 1.72091496 0.970439851 1.47931802
    0.835512459 1.40954566 1.41187179 1.61214709 1.61950994 1.74026847
    1.94796729 1.32532334 2.03055573 1.85781229 1.8745029 1.51037049
    0.926824212 1.09395909 1.56752765 0.961372375 1.42511296 1.90743077
    1.09673846 1.72154903 1.29938686 1.82901335 1.278548 1.31619596
    1.83253634 1.22760189 1.08954561 0.806002617 1.79753113 1.40401721
    1.60889578 0.960025609 0.884686232 1.09157181 1.45830524 1.14622629
    1.48141873 1.29404247 1.49803114 1.03311157 1.7029078 0.918373704
    1.20504272 1.69142401 1.59928715 1.32762766 1.63723314 1.67853284
    1.24285984 1.48679352 0.831020236 1.49310982 0.939586699 1.37057829
    1.36259949 1.15876412 1.28756928 1.21777916 1.25817657 1.29030502
    1.02981436 1.1370405 1.32920802 1.03333139 0.786961317 1.30933142
    1.0432837 1.61725473 1.63595128 1.40853107 1.70508313 1.07248211
    1.28628767 1.65647757 1.75978541 1.39714634 1.61628246 1.43027472
    1.36051822 1.0508846 0.867269874 1.62654924 1.1003449 1.59536135
    1.75974703 1.36387408 1.31990099 0.903670251 1.5453788 1.39740682
    1.61087823 1.60283351 1.23328447 1.46251166 1.56220973 1.69572639
    1.22931182 1.14269924 1.31850517 1.58433127 1.4904182 1.1146909
    1.69645584 1.14638174 0.9580791 1.70787239 1.72064281 1.33710527
    1.02157569 1.16567171 1.08389521 1.44727778 1.33064163 1.0948174
    1.8366375 1.87686789 1.78163242 0.877590656 0.94548142 1.49339402
    0.911616504 1.24928868 0.767884314 0.910379827 1.11989307
    0.939849675 1.83557546 1.58411646 1.93225992 1.24661922 0.867975116
    0.834239066 1.23542011 0.902118921 1.49093413 1.69623172 1.53291285
    1.19359827 1.71893179 1.04658663 1.87747204 1.82357335 1.73537755
    1.39340603 1.14584339 1.9359386 1.95377207 1.05462301 1.86457956
    1.10743392 1.68846226 1.53287208 1.66884184 1.17378712 1.39265728
    1.49108803 1.43582928 1.34904528 1.41104281 1.63820672 1.04272282
    1.00211859 1.89144123 1.44832027 1.9880476 1.68305874 1.82556164
    1.68193054 1.53937829 1.51020908 1.24714017 1.62727952 1.21849859
    1.87374377 1.87077296 1.79287183 0.954940319 1.32838893 1.34143579
    1.12969255 1.92895353 1.16642606 1.72734785 1.13693631 0.842335939
    0.71354413 1.18464959 0.85533917 1.25482738 1.03187954 1.8393985
    1.45088291 1.87456954 1.84251285 1.3445307 1.73601854 1.44211221
    1.07103741 1.7200557 1.27076662 1.18234336 1.426507 1.70678508
    1.56732869 1.85844028 1.54819572 1.89587367 1.64737928 1.68946385
    1.23957145 1.12181199 1.50028694 0.506628513 1.26245117 1.59658194
    1.80360413 1.47342241 1.2757138 1.37397969 1.49084485 1.01313663
    1.30268383 1.20813954 1.98283899 1.70555568 1.84056687 1.7255559
    1.08096743 1.11307847 1.75071061 1.27705586 1.09024501 1.58276367
    1.35777736 1.4883343 1.67367578 1.66689813 1.21888924 1.13202739
    1.47097027 1.54204285 1.22751772 1.91079712 2.00105238 2.07407475
    1.95744205 1.68234396 1.0244168 1.76927376 1.59422922 0.85471797
    1.72039187 1.59678352 1.59423816 1.26851952 1.23287618 0.877997041
    0.897046447 0.863225043 1.03024817 1.52531457 1.76183629 1.86978674
    1.91690278 1.43673551 1.59300578 1.79637623 0.949416578 1.64164543
    1.43391263 1.88628542 1.21846128 1.50023925 1.57054806 1.9281776
    1.30794823 0.921274543 1.3132267 1.43896508 1.49636793 1.65404952
    1.42707372 1.09913588 1.12447751 1.3140254 1.40237188 1.48801756
    1.39897335 1.09831858 1.53420079 1.58250797 1.21172965 1.55425358
    1.18836379 1.73341131 1.76008022 1.94027829 1.45943892 1.68367445
    1.05773008 1.12348282 1.44709289 1.12914562 1.1027317 1.26640952
    1.20156085 1.10780776 1.24371648 1.16961336 1.02781379 0.893006563
    1.84604323 1.59628892 1.86819744 1.9625839 1.14162755 1.958938
    1.44641542 1.77907586 0.903434038 1.52177858 0.788230956 0.944238365
    0.725041151 1.28390253 1.39567292 1.31411481 1.36583185 1.24076366
    1.18551886 1.55980158 1.28240478 1.82780778 1.5578661 1.68114805
    1.52821863 0.809342027 1.11569941 1.02878284 0.976368666 1.48275292
    1.24349737 1.7778784 1.82105005 0.85847789 0.920241714 1.4390409
    1.84443128 1.88501155 1.221789 1.0395118 1.70034778 1.40971959
    1.41204906 1.60031152 0.845327437 1.74072289 1.0629257 1.34243536
    0.945270658 1.3872571 1.84542084 1.51719701 1.44271231 0.682207167
    1.25007689 0.867281973 0.989101052 0.934678435 0.985908389 1.0507983
    1.32806396 1.17152047 1.36514401 0.923116565 1.12289762 1.36857378
    1.28974128 1.51596975 1.08467841 1.58574271 1.74411011 1.62724185
    1.28253508 1.92027712 1.85996532 1.22856021 1.01303625 1.26688433
    1.32612848 1.79460669 1.69988942 1.15579176 0.846396804 0.965654671
    1.0536201 1.77142119 1.94152701 1.04015362 1.69256341 1.93670797
    1.41746688 1.82680523 0.972441435 1.14895642 0.925932765 1.04610515
    1.01374781 1.59548664 1.81558192 0.999813437 1.08485878 0.862579346
    1.6652118 1.0833832 1.2202065 1.24921525 1.20015883 1.18529785
    0.932686925 1.18688822 1.29564893 1.98787105 1.40109456 1.71180487
    1.3937546 1.17296576 0.966672361 1.64963806 1.68811929 1.67460322
    1.63193417 0.923176348 1.62185311 0.863635182 1.38004351 1.64452124
    1.97484446 1.90203559 1.2396965 1.75742543 0.924685955 0.773943424
    0.995878756 0.995564759 1.72401083 1.29274929 0.966585219 1.09809208
    0.941331685 1.86283875 1.80698168 1.86867845 1.61622679 1.19060373
    1.44106877 1.35940254 1.83664048 1.48722172 0.997035205 1.76177275
    1.03926861 1.50847912 1.72761285 1.87491989 1.54540527 1.1089257
    1.29475093 0.701691568 1.08845353 1.31013155 1.03487027 0.974924922
    1.33352661 0.915577471 1.78429663 1.21576667 1.26314294 1.8272264
    1.85263789 1.59639359 1.5690496 2.04758739 1.86674929 1.51527297
    1.80270839 1.16200507 0.769693136 1.3584795 0.815483093 1.91717744
    1.95532107 1.67080855 1.76386499 1.64654553 1.59537446 0.888877869
    1.15488136 1.64905393 1.5277698 1.72522128 1.20388973 1.62287235
    1.44295323 1.4143889 1.0515238 1.08116674 1.0331496 1.23711586
    1.5446564 1.7181685 1.78695321 1.68060625 0.818885207 0.661927283
    1.00396335 0.850575626 1.31501639 1.68008792 1.57100832 1.59478104
    1.37833703 1.01484203 0.927894592 1.13572085 1.76794672 1.77268326
    1.15830135 1.75796914 1.12821376 1.62645948 1.81536496 1.16558993
    1.00164592 0.814657509 1.09391332 0.875285566 1.35388482 1.37992334
    0.877984703 1.34792578 0.84277159 1.62217021 1.81379437 1.05125451
    1.19605434 1.38981724 1.15984845 1.04195929 1.09707999 1.72875333
    1.99110341 1.12404096 1.66019869 0.985897899 0.968522072 1.36966932
    0.814341247 1.04186511 1.38307297 0.758547425 1.54656172 1.60730803
    0.77557236 1.37035501 0.975444198 1.23924041 1.24002957 1.86016762
    1.5334996 1.96492887 1.97550666 1.6392889 1.88729906 1.42303276
    1.626122 1.78078997 1.68356931 0.757154167 0.758842528 1.06385207
    0.98359561 0.871780515 1.44950414 0.842958391 1.01675808 1.62590289
    1.68042028 0.820709944 0.843624353 1.21573305 0.883728802 1.57464397
    1.68543947 1.32555735 1.65179074 1.16355085 0.969786406 1.79464471
    1.01439452 1.80374908 1.77458024 1.07569373 1.08534372 1.54041278
    1.70173132 1.40076399 1.15734673 1.41739678 1.84949374 1.38274825
    1.15921628 1.03678727 0.886253417 0.798157215 1.2423377 1.23759973
    1.55555463 0.845230341 0.744655192 0.720985055 1.23234642
    0.930501819 1.41309869 0.968999326 1.5863353 1.41063631 1.58920205
    0.88310343 1.19692051 1.55650258 1.79840171 1.18999219 1.36026371
    1.74645591 1.00585628 1.60179174 1.28150582 1.78521037 1.96942866
    1.74788129 1.55235708 1.06916964 1.06147635 1.34675539 1.61036408
    1.02214074 1.28600717 1.30369794 1.04998529 0.878869236 0.876233935
    1.28412843 1.47194159 2.00361061 1.79675877 1.73688436 1.78637123
    1.73795128 1.72802389 1.74595404 1.2085011 1.4626404 1.18290067
    1.26980758 1.33210933 1.80325949 1.30532324 1.13066578 1.09188426
    1.19117343 1.12142336 1.44242156 0.836768329 0.918711841 1.81463814
    1.34530604 1.63180697 1.42086148 1.86982095 1.86744511 1.91174519
    1.29095364 1.59106374 1.59162557 1.16922247 1.39114892 1.35968173
    0.880671024 1.68274152 1.72870743 1.24949527 1.15716052 1.71424305
    1.74466431 1.1547718 1.1877048 0.7272771 0.835226059 1.64950085
    1.67186737 1.64425075 1.58041787 1.24598527 1.63390732 1.03404737
    1.2859956 1.75773799 1.22843921 1.74290633 1.75527906 1.85290599
    1.84990013 1.45223629 1.96086264 2.00272894 1.70304632 1.38705599
    0.986020565 1.65799534 1.69463873 1.88609147 0.924903154 0.993509948
    1.32823205 0.946051478 1.7920208 1.4648751 1.47347462 1.55312109
    0.980276763 0.82328099 1.64080715 1.60059512 1.39133155 1.84787905
    2.09585357 1.78820074 1.77981973 1.69503856 1.66004014 1.53496885
    0.939119577 0.73556757 1.08250213 0.903092086 1.62734389 1.92086577
    1.9118011 1.0596869 1.13587189 1.08659112 0.887172937 0.874732435
    1.88566828 1.9436636 1.9687649 1.50452948 1.03783274 0.980965078
    0.83422333 1.0928371 1.1701982 0.911027789 1.22356868 1.03596258
    1.37687564 1.28760576 1.4251703 0.704826415 0.852313757 1.07917011
    1.42083037 0.830264688 0.860215127 1.50541508 1.37946308 1.3978467
    1.70903158 0.806951702 1.24660945 1.8124944 1.54742074 1.82146204
    0.947894216 1.32893288 1.91094244 1.56192708 0.948274493 0.909848273
    1.15560436 0.639426231 0.673685849 1.06938589 1.15853906 0.736668408
    0.790172338 0.960255802 0.860455155 1.72013247 0.94562304
    0.851200998 1.09186625 0.942479193 1.25849152 1.35277236 1.85564911
    1.81442106 1.89461267 1.8262912 1.1631757 1.75928509 1.46185088
    0.995725393 0.753826618 0.660536945 1.2381469 0.740612566 0.97830236
    1.06434572 1.51447105 1.6704973 1.38462615 0.908309877 1.22336864
    1.12452006 1.78794086 1.59455144 1.82351339 1.19038033 1.59621167
    1.00665891 1.69380379 0.801605821 0.880396485 0.664726198 1.2307595
    1.62794697 1.12210441 1.5762254 0.761943758 1.00061965 1.36366677
    1.09599876 1.3426621 1.30865312 1.20287156 0.722703755 0.961603343
    1.59167612 1.04713511 1.69894052 0.958872437 1.41906095 1.57930779
    1.43758595 1.46901882 1.33697534 1.44695306 1.36312425 1.18066716
    1.24552548 1.00971091 1.77789533 1.61253476 1.72556388 1.64664292
    0.937619448 0.964814544 1.38118434 1.33570564 1.65320659 1.4399097
    1.25013733 1.22196591 0.889163911 0.746303141 1.22693002 1.38894355
    0.982100427 1.43900359 1.59375346 1.66296542 1.31058514 1.74623501
    1.40615702 1.93888938 1.90485227 1.52348185 1.24535799 1.0800842
    1.86158466 1.59876478 1.30736351 1.21551085 1.80378616 1.39918375
    1.80981755 1.13826156 0.774885893 1.26451707 1.01674402 1.14190495
    0.936118484 1.63787377 1.02327895 1.52764976 1.28047621 1.30437589
    1.7111423 1.64335096 1.68489444 1.85636747 1.54579937 1.91350377
    1.1389271 1.1497823 1.3593595 1.52508545 1.93194723 1.96707499
    1.66795456 1.86949515 1.21745503 1.00657642 1.13353765 1.48671472
    1.04012263 0.779364347 1.43081975 1.31489944 0.839050114 1.4218086
    1.7969588 1.71815181 1.31607592 1.25859892 1.20823014 1.87778234
    1.73630381 0.991463602 1.06697142 1.83576727 1.48013067 1.40116012
    1.7078867 1.5981158 1.47540426 1.17854118 1.69169319 1.74861634
    1.73569143 1.79744673 1.16502821 0.829909682 1.01794505 1.24370182
    0.878388643 0.790768385 1.38897943 1.21117067 1.5891093 0.97335577
    0.96957761 1.85146332 1.79137123 1.47367156 1.22621083 1.50413311
    1.0163188 1.83559728 1.64259315 1.84100306 1.21035349 1.65421546
    1.04017699 1.75264847 1.94130301 1.57836771 1.53574347 1.16683543
    0.745284498 1.42046416 1.24584472 1.75338733 1.45505822 0.958959699
    1.62009299 1.33843243 1.29747093 1.05693102 1.59430921 1.91573226
    2.02236557 1.17627406 1.2613945 0.919789493 0.879479647 1.31353557
    1.517506 0.769490242 0.742559373 0.963080883 1.24528444 1.68416786
    1.73610938 1.81177533 1.41502988 1.77037954 1.10891831 1.60027266
    1.7688967 1.8947227 1.38630569 1.02423179 1.05260384 0.902712643
    1.07168651 1.71241152 1.50041807 1.66702652 1.26547194 1.72949421
    1.80641472 0.749810696 1.12703919 1.45097506 0.902117312 1.06962776
    0.715066671 1.08041537 1.43361306 0.844815612 0.955722094 1.01646864
    1.43628728 0.913115561 0.916373014 1.09498119 1.89714849 1.59007776
    1.08533418 1.4978888 0.898068666 1.15875435 1.46852839 0.654862046
    0.758429468 0.898902655 1.14121962 1.37327421 0.730016232 1.39882743
    1.71751177 1.27382803 1.18303442 1.02291572 1.60589397 1.13728487
    0.756927907 1.23561549 1.21353078 1.41492426 1.75314486 1.90847647
    1.58780777 1.12400568 1.58387399 1.00014842 1.37402987 0.80051744
    0.984961092 1.00730932 1.24023366 0.814796746 0.931379497
    0.861228883 1.41854 1.71252441 0.968176484 1.62434316 1.58455527
    0.980023205 1.14128721 1.70369279 1.57108676 0.927506268 0.897412181
    1.49798524 1.44531643 1.09605408 1.03867197 1.31750619 1.07502556
    0.952439725 1.62951243 1.63903403 0.755587876 1.17779481 1.25188911
    1.11757541 0.787528813 0.831106007 0.763947845 1.21528864 1.37272775
    1.45490408 1.72371495 1.50636578 1.43731391 1.68815684 1.92528093
    1.52504098 1.02537262 0.977046967 1.02736187 0.927174091 0.955201447
    1.09217775 0.922523439 1.59622729 1.74785316 1.80803943 1.56329131
    1.13733864 1.25922811 1.27941763 1.38954425 1.74704504 1.55612683
    1.76771617 1.16268468 1.66593373 0.97707814 1.04753458 1.67537177
    1.72240686 1.52609599 1.35915554 1.49614692 1.61526561 1.6147337
    1.0465647 1.86888433 0.97848326 1.44787729 1.35400987 1.29938984
    1.45886958 1.2241497 1.01085639 1.24373043 1.57668459 0.848163426
    0.732294798 1.27192366 1.38386285 1.04129863 0.812752068 1.79099596
    1.4903338 1.63676751 1.8096838 0.803063214 1.10882378 1.63304222
    1.09421957 1.73051536 1.91046214 1.63155079 1.20348012 1.68503523
    1.38297033 1.51534045 1.18709493 1.91672397 1.59448886 1.55985439
    1.23765504 1.73930621 1.81777382 1.47747004 1.51323366 1.04224908
    1.30320036 1.4010489 1.25029492 0.868580163 1.34928644 1.85592818
    0.949608147 1.08502412 1.43219829 1.8030144 0.999271572 0.998075545
    1.81011319 1.13166857 1.11483085 1.53450239 0.934406281 1.46443617
    1.01726472 1.76669335 1.1711514 1.68786371 1.59013474 1.16132975
    1.4399575 1.66266072 0.763505757 1.09694123 1.01645887 0.893992484
    1.30101323 0.938436329 0.812092721 0.726916432 1.49534094 1.14225852
    1.41918242 1.24506903 1.89930677 1.15505052 1.92079866 1.78187907
    1.85208666 1.11463594 1.45049787 1.54952812 1.51274252 1.82312703
    1.75256157 1.78870821 1.22464442 1.59829175 1.44879448 1.27149081
    1.26711023 0.95613867 1.54800463 1.83857477 1.35260952 1.13626361
    1.34990335 1.11663604 1.49346125 1.70728409 1.81138098 1.9667294
    1.96768498 1.78362656 1.54010201 1.14975786 1.42588329 1.18668771
    1.55795431 1.21643674 1.16542292 0.966698289 0.95856899 0.933759272
    1.37336612 1.773579 0.850936353 1.5062989 0.971696794 1.40055454
    1.16998196 1.14530933 1.44878161 1.0815239 0.891866863 1.04586089
    1.30577743 1.33307493 0.993078291 1.09115446 1.2357583 0.829768538
    1.4159323 0.998033166 1.00698912 0.838547468 0.764786601 1.30816483
    0.96093744 1.19637597 1.7613095 1.04463553 1.77849782 1.21214318
    0.959867656 1.69118094 1.79938149 1.55430233 1.75365973 1.14529324
    1.88587582 1.80804849 1.23658538 1.13010025 1.04029083 1.2739861
    0.894500315 1.22639334 1.40719187 0.892663121 1.68972456 1.43971252
    1.72430313 1.41022682 1.37294698 1.2273519 0.995370865 0.858586729
    0.766146719 0.703032792 1.28457773 1.31712306 0.988082528 1.79396963
    1.7736485 1.24234068 1.26242816 1.33744478 1.00932825 0.978099704
    0.806363821 1.57891119 1.75762641 0.904600501 1.12325001 1.61464477
    0.800286531 1.19609928 1.81997788 1.76393437 1.40171158 1.12803757
    1.269292 1.17931151 1.6984899 0.931964576 1.38626873 0.75494498
    0.976956546 0.693894804 1.00103366 0.915573716 1.58386612 1.55389178
    0.779777884 1.45076966 1.37109721 1.09425282 0.777938724 1.61447918
    1.27636576 1.19116402 0.856747568 1.23404384 1.63486707 1.23299122
    1.64540112 1.50247395 1.30167294 1.57124007 1.47585356 1.33202434
    1.32869875 1.40955007 1.64250398 1.4889555 1.78674114 1.53199732
    1.75845051 1.59452713 1.82981014 1.37555993 1.52247787 1.59211504
    1.78229308 1.01886654 1.37070763 1.79019737 1.69549346 1.2869941
    1.55820096 1.87005723 1.65177298 0.958661377 1.08118689 1.59595466
    1.26993048 1.14716971 1.06807733 1.79694939 1.44910359 1.65844941
    1.45369279 1.04865551 1.4424727 1.72815394 1.69212067 1.01909363
    0.812737942 1.64283359 1.03757226 1.06956935 0.813298702 1.50490904
    1.03185642 0.875053227 1.81815219 1.04747939 1.27210522 1.06108642
    1.73798931 1.04037249 0.893196464 1.59268451 1.4617821 1.60218894
    1.38952374 1.2036624 1.2051667 1.67116618 1.59252286 1.03857958
    0.89622426 1.02904093 1.61879992 1.53105545 1.44661462 1.02699304
    1.21261036 1.05355263 1.19676387 1.34280217 1.02384865 1.64815986
    0.862183452 1.20890617 1.89732158 1.57366216 1.27732563 1.48056519
    1.12142777 1.82161069 1.91516507 1.94485772 1.66914523 1.00157273
    1.72429037 0.996189773 1.54046977 1.23888576 1.36349714 0.984165251
    1.47951305 1.04900753 1.29617095 1.8823415 1.5407573 1.00774515
    1.5387435 1.28627169 0.887910724 0.961443007 0.805803001 1.28816855
    0.86391139 1.66198432 1.0598501 0.767643213 1.71912909 1.77990568
    1.40440404 1.71262074 1.20247769 1.73195791 1.37601185 0.916279197
    1.46272099 1.40110445 1.27756763 1.06693983 1.71972203 1.07243979
    0.809602022 1.22616768 1.58772135 1.13513243 1.76736915 1.83806491
    1.46742034 1.64853776 0.906769276 0.774738789 1.56170285 1.6219424
    1.46168852 1.7540921 1.04129815 1.40244913 1.31054056 1.75443888
    1.09989297 1.47595036 1.15785146 0.934333086 0.822417676 1.08393002
    1.64380944 1.10431314 1.83914173 1.22848547 1.88304746 1.481112
    1.37771142 0.847556114 1.46758485 1.54650116 0.893166363 1.43756437
    1.11111367 1.1773982 1.61285686 1.06983197 1.60838509 1.11646938
    1.59671819 1.56001163 1.58958602 1.36896479 0.774132192 1.12604773
    1.21814108 1.02553964 1.47246563 0.840776026 1.22454524 1.00132859
    1.02559495 1.60220289 1.35122561 1.50900471 1.37727714 1.67387676
    1.87352097 1.4022131 1.60342133 1.80402362 1.33813274 1.04959083
    1.39010847 1.34386241 1.44830692 1.0166558 0.659381211 1.02643001
    1.21721303 1.15480924 0.919870734 0.814373493 1.47257102 1.14096713
    1.47969377 1.5585258 1.23617387 0.889952123 0.738011539 0.957546592
    0.742396116 1.21794748 1.71584296 1.11690009 1.78310859 1.09678197
    1.33981955 1.69629061 1.34242082 1.84729767 1.75386775 0.994481027
    1.34378326 1.73873496 1.24788713 1.23517609 1.14635241 0.888550937
    1.01697791 1.4354558 1.69723427 1.53823948 0.895044982 0.855776191
    1.19818723 1.08712161 1.43487132 1.62735975 0.93201232 1.03120315
    1.30268586 0.983359993 1.04917777 0.881398082 0.807884216 1.1741482
    1.53497362 1.35882688 1.41621733 1.46893668 1.65046918 0.971167028
    1.23406458 1.55605197 0.904017627 0.918892264 1.67580342 0.992048919
    1.51655757 1.37970948 0.887906253 1.69359756 1.60240006 1.25367737
    0.999578595 1.70745873 1.82894433 1.26990819 1.29449761 1.70352006
    1.54831553 0.933918953 1.48707962 0.858774185 1.20048463 1.24284196
    1.7633878 1.47558701 1.45808792 1.06108558 0.936705589 1.78945172
    1.7751298 1.44870317 1.59106052 1.69328713 1.34045863 1.84686351
    1.23919415 1.42208302 1.95863342 1.9787569 1.95073748 0.97473228
    1.60222292 1.33451414 0.948003948 1.4838326 1.43036401 1.50273323
    1.19376743 0.83565563 1.30147636 0.729534388 1.72362983 1.50621307
    1.86023772 1.55576491 1.1494633 1.47404408 1.58005309 1.09899068
    0.914688647 1.140939 1.64804339 1.09186435 1.28015208 1.37519979
    0.84053129 0.856363416 1.08922017 1.1940707 1.04109693 1.40964353
    1.39232087 1.76642632 1.41952741 1.20291567 1.11838686 1.4327848
    1.45045292 1.09635079 0.76532799 1.26459467 1.35302162 1.84680521
    1.50236702 1.99611866 1.88164568 1.99145401 1.49977458 1.1800226
    1.58338726 1.79472744 1.41961086 0.842502832 1.28804493 1.10450077
    0.751897454 1.3450774 0.779831707 1.6629535 1.77136481 1.77171588
    1.37762594 0.921704531 1.22438109 1.43484759 1.68117702 1.47770751
    0.837169647 1.74263132 1.86622477 1.79043198 1.08120918 0.790366471
    1.47043657 0.754932463 1.15262914 1.47132957 1.21241832 1.01798391
    1.09074378 1.81397521 0.93492043 1.83069277 1.11929011 1.38026035
    1.1296556 0.834585965 1.47516358 1.296018 1.52920175 1.39674211
    1.08566213 1.31163442 1.76068556 1.49085081 1.02299356 1.75675941
    0.829473913 0.73800981 1.31270373 1.65287936 0.79983139 0.893975437
    0.98802346 1.57281911 0.906603992 1.44266737 0.826372325 1.0818603
    1.11203361 0.88932538 1.62554824 1.57663929 1.29469752 1.82693589
    0.9623698 1.77722108 1.43045521 1.70261073 1.32544458 0.876190066
    1.21337903 0.904648781 0.763737619 0.867620468 1.25713742
    0.812695205 1.44696522 1.26391101 1.10910153 1.54735124 1.56955409
    1.52370799 1.53494525 1.05326891 0.978048325 1.0973624 1.17834604
    0.975751579 0.884975255 1.60604155 0.883044004 1.52934527 1.33404696
    1.65967166 1.59909582 1.65083981 1.25752807 1.04818428 1.34608209
    0.900228322 1.20919454 1.87333739 1.53819239 1.9660852 1.79966974
    1.4485997 0.806363761 0.956485093 0.961352706 0.92386806 0.759642482
    0.904303372 1.45791185 0.797268808 1.22565806 1.18605363 0.938440382
    0.737392426 1.59371603 0.634043872 0.79134059 1.32562947 0.72785008
    0.713041186 0.951708555 1.40599215 1.31658018 1.77681196 1.04003036
    1.27747929 1.7375586 1.72909141 1.76695609 1.6124444 1.65938759
    0.942928076 1.33941793 1.74602258 1.02645028 1.2225076 0.97515893
    0.965554118 1.14469528 1.06246793 1.15286589 1.5950911 1.80008042
    1.43628037 1.739326 0.897742391 0.786651909 0.805556297 1.38807571
    1.31009018 1.4587214 0.870804846 1.20131373 1.29002726 1.69075561
    1.43741405 1.23420918 1.17097545 1.55707932 1.14877963 1.36571729
    0.865195453 1.2588315 0.969623685 1.18040752 1.49459124 1.53838336
    1.05704355 1.65448177 1.58600426 0.955748439 1.07509804 1.56188154
    0.984766543 1.81302917 0.897569358 1.3416661 1.36763704 1.62668371
    0.90759635 1.70141494 1.02867699 0.799685419 1.7935226 1.35764122
    1.52844727 1.78226542 1.10097742 1.38477468 1.89616513 1.46782553
    1.51959157 0.99005878 1.04978049 1.00886619 1.75627899 0.867966771
    0.933031619 1.37390625 1.55883181 1.71139538 1.83733523 1.39382136
    1.35508895 1.08435869 1.1836499 1.11194062 1.04868352 1.57818007
    0.762821615 0.868856311 1.11737287 1.06840467 1.22747254 1.49117768
    1.52365184 1.89895582 1.41059875 1.06679583 1.79990244 0.873780787
    1.15455294 1.25945055 1.59018254 1.83578503 1.68425357 1.14896035
    1.25179672 1.45269859 1.29726958 0.989266157 1.49140728 0.917382121
    0.937214613 1.20032907 1.03800511 1.49421024 0.873523355 1.40935123
    1.20524681 0.904595077 1.11229563 1.74011755 0.865803778 1.20193267
    1.25626099 1.77512515 1.93465555 1.26820862 1.64135778 1.94501781
    1.81854737 1.39361525 1.46785259 0.857125461 1.60271215 0.871821225
    1.15313733 1.24450564 0.785166025 1.31082141 1.22741711 1.32994521
    1.21738625 1.48089135 1.46947896 1.85399556 1.38979471 1.42413199
    0.990252972 1.8241421 1.64588594 1.34942305 1.27696812 0.928107321
    0.924586773 1.11262238 1.21971655 1.72038138 1.21799159 1.51776505
    1.88427532 1.3431468 1.42878842 0.919152915 0.796722353 0.883883417
    1.23664951 1.4582448 1.15621424 0.923252285 1.29665744 1.30264139
    0.828194916 1.12328875 1.16613281 1.65968943 1.26377594 1.28498638
    1.61758924 0.878200233 0.924194396 1.55142856 1.35269344 1.12490845
    1.36919081 0.909325778 1.5438 1.36968899 0.926171899 1.84406567
    1.53589678 1.75944304 1.33411276 1.06956255 1.54068065 1.19194651
    1.68408608 1.51792371 1.40130377 1.36346531 1.73918796 0.965826154
    1.46882701 1.0416491 0.80072242 0.730573535 1.56486559 1.11580396
    1.70967042 1.09755683 1.03874779 1.05065966 1.79093015 1.96759379
    1.68469691 1.63678324 1.56656682 1.01392961 1.58483064 1.85289109
    1.84117842 0.896786034 1.35438454 1.46826136 0.840913475 0.934317112
    1.50588107 1.40594792 1.46010888 1.46547413 0.85515362 1.19141161
    1.83166647 1.344787 1.88673115 1.66818631 1.68677866 1.07790232
    0.734763443 0.87866199 1.53452229 1.43984735 1.42639339 1.25432229
    0.907187462 1.00123286 1.26836848 0.985092163 1.04570258 1.47125363
    0.878432691 0.947293222 0.640458465 1.07704508 1.65304661
    0.935994446 1.06337965 1.45054865 0.840499818 1.23026609 1.00203705
    1.75477755 1.46057475 1.58240676 1.34505594 1.61766875 1.38300216
    1.25417984 1.23992479 1.75183487 1.47534478 0.885338128 1.33412731
    1.66319478 1.2468586 1.20085287 1.57980978 1.07475257 1.62684703
    1.07318139 1.74131119 1.57062292 0.982483447 1.78869808 1.58145356
    1.3302927 1.33637106 1.50242162 1.201141 1.22132182 1.6513164
    0.922816813 1.25853205 1.46551156 1.18470442 1.77349186 1.09657419
    1.15882647 1.33897102 1.04338789 1.70896113 0.955725431 0.826429665
    1.17458868 1.787256 1.16775882 0.885992765 1.74578273 1.70611298
    1.31794822 1.17279243 1.32661533 1.11752164 1.03797507 1.08154774
    0.77057451 0.883137047 1.62753177 0.925435424 1.4352963 1.59717619
    1.42382646 1.20523334 1.56740057 1.45872557 1.47963095 1.44403839
    1.89630449 1.64515865 0.901605844 1.43999839 1.1336571 1.27338421
    1.82806623 1.23612392 1.42328882 1.44389629 1.10094726 0.841074705
    1.13380754 1.60041547 1.55642819 1.52956319 1.10111332 1.08655906
    1.35074997 1.43216813 1.83966637 1.05863774 1.77447891 1.32918406
    1.0393405 1.12460232 1.7936883 1.18531752 1.63203919 0.855368614
    1.74104404 1.45027864 1.63135874 1.63223445 1.47807598 1.45669508
    1.75813091 0.90138346 1.82217622 1.23122764 1.64368057 0.860090613
    1.49067736 1.10132539 1.46773386 1.02735579 1.04979408 1.23737979
    1.1159848 0.77780515 1.18294406 1.13701594 1.63858294 1.65823174
    1.88353181 1.95637679 1.1072191 1.40480769 1.55242622 1.55621791
    1.01442504 1.30849349 1.05449665 0.752836585 1.5032382 1.16561925
    0.889001906 0.982724845 1.10335183 1.4828279 1.68345964 1.18774867
    1.80334103 1.71872401 1.84563291 1.3347584 1.64547896 1.44075286
    1.98744345 1.91345716 1.14107931 1.7640909 1.42401016 0.713305414
    0.852784514 1.04566026 1.27995384 1.50252986 1.44511652 1.68389118
    0.926855147 1.42874897 1.01242614 1.04270649 0.918964386 0.857385635
    1.76565075 1.30914509 1.55661237 0.69489634 1.35586309 1.03366184
    1.60624647 1.32378829 1.70503545 1.50603735 1.25107062 0.757021725
    0.789035499 0.879124045 1.40910757 1.11048841 1.51478434 1.76249003
    1.64613843 0.9064219 1.40015924 1.58871174 1.19821692 1.52883053
    1.84566021 0.994402528 1.7519232 0.911295414 1.1149013 1.13971949
    1.01207757 1.31027555 0.796049237 1.00285971 1.05355 0.966629982
    0.668336332 0.991554558 0.696129262 0.888269484 1.31790888
    1.36981738 1.10187685 1.92205846 1.7661835 1.99331737 1.47703683
    1.40616727 1.78332937 1.02560961 0.961231411 1.68985474 1.63454795
    0.989947915 0.940443337 1.6723491 1.37634778 0.998097241 0.955811739
    0.938539147 1.07611895 1.00740957 1.16848111 1.76377892 1.17926836
    1.65732729 1.21761465 1.72378325 1.04297328 1.19633889 1.45131838
    1.18137014 0.984736621 1.52117276 1.63609266 1.04060757 1.64294779
    0.991966546 1.54987013 1.46952438 0.932653248 0.771312475 1.68826258
    0.712747157 1.15702033 0.889894247 0.753204644 1.68788648 1.00381935
    1.43432677 1.18811405 1.62728095 1.29721451 1.66033566 1.81114995
    1.13077879 1.67360675 1.52908909 1.88318193 1.73414147 0.915719867
    1.22790587 1.07254362 1.06504261 0.829078555 1.25951731 1.57158184
    1.41622877 1.14210975 1.42708492 1.76110303 1.1885848 0.864541173
    1.50688398 1.76770842 1.35498321 1.09161901 1.13048828 1.49197292
    1.50361919 1.29005098 1.1360414 0.936390996 1.07234263 1.76671696
    1.58453798 0.970127165 1.40445566 0.947488546 1.40737617 1.32290387
    1.72894406 1.78768587 1.02139258 1.12792766 1.02169287 1.399822
    0.854395449 1.24156904 1.1120441 1.19762611 1.58915102 1.62376273
    1.376652 0.974002302 1.00767183 1.29279101 0.987501681 1.27945864
    1.46099007 1.76689076 0.91780746 0.862989187 1.1610527 1.3223933
    1.48426104 1.65954578 1.63024569 1.4418174 1.10209382 1.84162223
    1.75173378 1.24483562 1.02732146 1.6447736 1.22129142 0.97813803
    0.957212746 1.06060088 1.63591933 0.898290455 1.71611571 1.05236542
    1.41823316 1.77221525 1.90017676 1.62378228 1.74641764 1.63641036
    1.12139642 0.909651101 1.68173695 1.82163453 1.67254877 1.08239865
    0.952564359 1.52546883 1.22606373 0.854467928 1.20840144 1.73216653
    1.08584917 1.72183239 1.57369292 1.0550518 1.50983095 1.74215329
    1.34470129 1.74258518 1.16559541 1.5224756 1.44561994 1.40491116
    1.42266357 0.834893942 0.761167705 1.55579054 0.846462727
    0.625136316 1.05607831 0.699347615 1.39578736 1.04533064 1.21408904
    1.38294899 1.97855425 1.38396251 1.35569704 1.14152825 1.02385604
    1.13913691 0.933526397 1.20233047 0.838347197 1.42041087 1.27133167
    1.67943859 1.3194809 0.814415812 1.59853852 1.66641712 1.72434187
    1.00916207 1.6528883 1.93990064 1.58774602 1.7273047 1.79303885
    1.89747584 1.53857541 1.73971403 1.67354262 0.953936696 1.57092476
    0.999921441 0.915984988 1.48212826 1.33849406 1.58003128 1.25532174
    1.26297295 0.772100508 1.52072012 1.5737021 1.63031554 1.84378469
    1.73983037 1.25866115 1.30367219 0.548311234 1.42952096 0.990153074
    1.44756532 1.50617933 1.81179464 1.43914986 0.843666971 0.933303416
    1.49024284 1.13539302 0.766884327 1.07833469 0.914429963 1.75362182
    1.22065508 1.60579646 1.22431433 1.83837414 1.78591514 1.2396127
    1.78081119 0.925400376 1.36458755 1.22508657 1.16780043 1.54734278
    1.16172278 1.07206726 1.15498662 0.895577252 0.854567289 0.773158848
    1.37102914 0.991144419 1.06561005 1.71499693 1.22259283 1.83929539
    1.99253857 1.93859959 1.87167692 1.77480769 1.55669558 1.5203774
    1.02054739 1.54537225 1.78412366 1.16116714 1.83595693 1.9048003
    1.20829427 1.70916927 0.95498997 1.69230556 0.786419749 0.785861313
    0.761830807 0.893735647 1.00428772 1.57646573 1.33442426 1.53892922
    1.45017517 1.78134823 1.7463876 1.31904793 1.49209476 1.03538787
    1.57632589 0.868683279 1.36313415 1.62639582 1.47210205 0.856768191
    1.83586264 1.4866724 1.61815166 0.792333066 1.27994013 1.62102461
    1.38035834 0.737284124 0.852796555 1.63560724 0.987757266
    0.965986431 1.29337895 1.2637136 1.7183373 1.78910232 1.66273499
    1.30270481 1.85331047 1.37342978 1.63578153 1.10959005 1.12150919
    0.87856698 1.32613206 1.36892879 1.07352912 1.21225667 1.6916945
    0.943560541 1.77601194 1.92252529 1.74293041 1.69646466 0.873921156
    1.15208447 1.38390756 1.7067976 1.8159368 1.43191886 1.72397363
    0.922676265 1.16797543 1.72953689 0.985060692 1.26285434 1.51828754
    1.19877028 0.983092606 1.58659005 1.18047321 0.800275564 0.8750664
    1.27777016 1.67328608 1.25368679 1.01829517 0.863448799 1.69580257
    1.36546767 0.92418015 1.81879306 1.18339407 1.63469648 1.59079194
    1.42401695 1.24062216 1.17423153 1.24030674 1.73846745 1.15212369
    1.85549808 1.50824022 1.78129244 1.69003761 1.15620053 1.40986025
    1.86278427 1.18880785 1.43076229 1.85481524 1.08396673 1.94203699
    1.84312713 0.961442411 1.2594651 1.53477967 1.42681754 1.54713702
    1.06902492 1.1588279 1.83648634 1.83633053 1.41430724 1.70928323
    1.27961719 1.66331291 1.08227944 1.35687447 1.140679 1.7667166
    1.54072773 1.86097741 1.72998285 1.40898263 1.9067415 1.4378202
    1.48798466 1.84440136 1.34485233 1.56630909 1.17359352 1.17903578
    1.26908851 0.953351319 0.96976006 0.841361523 1.53445315 1.05235636
    1.38314497 1.51053452 1.29186571 1.16502202 1.39247763 1.43037307
    0.860575378 1.43823397 1.01902163 1.18411136 1.11047888 0.682073236
    1.22211623 0.915433645 0.989912868 1.2049619 1.5328182 1.75146329
    1.31526518 1.53810775 1.38981152 1.07378352 1.36913502 1.34623194
    1.66646004 1.13049924 1.75271404 1.7597326 1.35556149 1.7406435
    1.23706841 1.00486588 1.72807598 1.21310103 0.915955424 1.05287874
    1.0536257 1.71111453 1.61109698 1.15813959 0.980040193 1.09033239
    1.56599212 1.16371369 1.85539985 1.49354112 1.44809854 0.909646273
    0.786113501 1.72961485 1.74405968 1.80986154 0.844772995 1.27600312
    0.906757653 1.12216353 1.26911175 0.843482733 1.18483067 1.83284354
    1.22936022 0.994288504 0.733079851 0.792125762 1.12103856
    0.820640028 1.62569809 1.79806411 1.46696532 0.839834809 1.19940162
    1.23122859 0.906782806 1.67727053 0.931391895 1.34163332 0.987634301
    1.02324843 1.04984593 1.58804095 0.965348184 0.899219096 1.49187982
    1.04174447 1.22278976 1.51273608 1.8486284 1.33728397 1.20052946
    0.922933877 1.29785514 1.23592794 0.774494946 0.92611903 0.613884032
    0.844452858 0.768188834 1.0554806 1.25630403 1.69022524 1.65713096
    1.86542237 1.85493648 1.40118241 1.67558241 1.77555513 1.06602442
    1.81627834 1.08692169 1.25341225 0.910755813 1.31818616 1.21699095
    1.46627653 1.17486227 1.78859484 0.807643712 1.67131531 1.28594196
    1.10908377 1.54636383 1.29994595 1.36742878 0.848187506 1.42271233
    1.81279886 1.06044769 1.4401139 1.90087521 1.88713455 1.13545454
    1.47714186 0.817468584 1.63319516 1.72113037 0.981198549 1.51579046
    1.34882724 1.16603732 0.949614763 1.59944081 1.62111402 1.06598461
    1.53320026 0.795102835 1.43504667 1.25940275 1.52456772 1.88676894
    1.10209763 1.60338271 1.10811257 1.04742432 1.05143702 1.66523159
    1.38894188 1.84456432 1.62349832 1.40708327 1.45851934 1.69430459
    1.57831132 0.811713398 1.19140267 0.850382209 0.947419107 1.57344973
    0.952464104 1.79639721 1.43809021 1.13387525 1.29811418 1.5525943
    0.995775819 0.937222064 1.74439049 1.96133935 1.76554537 1.54970801
    1.79706407 1.80131817 1.70795536 0.927211344 1.73909676 1.04339051
    1.5900898 1.29570282 1.05947661 0.804187655 1.30243015 1.61097503
    1.77500582 0.973463833 1.63998163 0.99265188 1.39938343 1.46885943
    1.64839864 0.964059412 1.77035344 1.48368323 1.79555464 1.34943068
    1.41301525 0.814777553 0.947008789 1.23700321 1.8223387 1.31422138
    0.936097264 1.74161601 1.306602 1.65020049 1.32929122 1.22409689
    1.32873976 1.33899188 1.05440164 1.51020372 1.77503359 1.57837224
    1.59104657 1.16586983 1.22624171 1.12692821 1.03417253 1.71224725
    1.45478642 0.977329433 0.919788659 1.180004 1.20110321 1.15749061
    1.10700035 1.21252394 1.75596273 1.81276047 1.77675235 1.03736091
    1.16133583 1.13994825 1.87364936 1.20635033 0.952444077 1.85107756
    1.28458965 0.93686372 1.24492526 1.45191026 1.62231827 1.01088369
    0.903635979 0.964402616 1.27352166 1.55251324 0.919674993 1.32391214
    1.59964323 1.78791189 1.08492434 1.1615411 1.3028003 1.64728284
    0.832191646 1.55334795 1.17364478 0.756507099 0.715266943 1.53810692
    0.734022915 0.814116538 1.12192643 1.84036338 1.75090349 1.35689616
    1.45003808 1.72390807 1.52389634 1.0216316 1.53310597 1.42523646
    1.27568614 1.37082875 0.982993305 1.11706233 1.41034329 1.79926348
    1.07079649 1.0631063 0.86736691 0.971758783 0.970147669 1.64421761
    1.0643208 1.14869702 1.21458077 1.78772521 1.91630304 1.23579371
    1.85316515 1.14611733 1.7458142 1.08292723 0.873611271 1.4682281
    1.55108476 1.86057425 0.970480263 1.0298537 0.849887669 1.82045746
    1.50581455 1.72628236 1.3037039 1.21181059 1.07138169 1.05187321
    1.35268366 0.480322361 0.830142856 0.830706179 1.45348346 1.12765169
    1.47359943 1.67618155 1.07335973 1.03799105 1.68878937 1.12067306
    1.26959765 1.64146686 1.46561444 0.915202498 1.41238821 0.964690387
    1.72951889 1.23569655 1.39866555 1.19722104 1.37576675 1.16986167
    1.55658817 1.72346747 1.19507599 1.79654741 0.793814659 1.05475211
    0.803846359 1.19101381 1.50218475 1.13285017 0.846574962 0.908174634
    1.56036675 1.63199079 1.57153344 0.975987077 1.5799861 0.999844074
    1.9250015 1.45937729 1.49692547 1.15067184 1.63905907 1.39682698
    0.886386871 1.10149372 1.67422652 1.65510046 1.87752402 1.53284335
    1.32163477 0.865900755 0.807530522 1.4858011 0.83843863 1.70089841
    0.870259762 0.973886728 0.894627869 0.963848412 1.43884051
    1.07331038 1.40155435 1.52112007 1.4694097 1.51607585 1.04442906
    1.02974808 0.939178348 1.34306812 1.37151206 1.39343023 1.38808906
    1.3524034 1.32110155 1.09804785 0.926449358 0.943868458 1.21327686
    1.58165383 1.65756035 1.73548293 1.21852791 1.79748702 1.79219675
    0.867587507 1.42249775 1.70738542 0.953067422 0.961120903 1.1698941
    1.25055003 1.39870298 1.30688989 1.0077908 0.86810565 1.27482724
    1.45477951 1.76663816 1.84663177 1.29245281 1.25584495 1.32990181
    0.989736974 1.83494139 1.71266127 1.89452672 1.03329515 1.8547318
    1.28096724 1.28856242 1.60256624 1.2752589 1.67867887 1.2200129
    1.03614676 1.26080823 1.75747132 1.68231916 1.837062 1.58732045
    1.24014628 1.51718557 1.53393948 1.82868111 1.71656334 1.54100811
    1.88080609 1.02913177 1.79796219 1.61142695 1.64711189 0.84943676
    0.904444337 1.66230702 1.92486811 1.82030308 1.09038031 0.794813871
    1.01924479 1.67006278 1.45062721 1.66647303 1.32264221 1.78766263
    1.37313688 1.36243379 0.927238703 1.27195585 1.4221648 1.22536576
    1.63419545 1.59001935 1.31018806 1.06042123 1.38405049 1.60269201
    1.72589982 1.22416377 1.59403586 1.80474257 1.89989805 1.5161339
    1.405007 1.77880895 1.24679804 1.42168939 1.18713987 0.882252455
    1.19748867 1.05944037 1.79593801 1.56244814 1.27328289 0.805672526
    1.25136757 1.4302249 1.5354197 0.966195405 1.69525671 1.5831461
    1.31036389 1.01956654 0.97381115 1.33580601 1.37500453 1.28539109
    1.04525113 1.44157887 1.65396523 1.64248884 1.79079962 1.61315966
    1.97597837 1.4237802 1.80163205 1.47008967 1.38955629 1.02572644
    1.363783 1.16732883 0.966178119 0.981340408 0.710670412 0.963088453
    1.07324696 1.67038059 1.17952943 1.5774349 1.73556352 1.0224247
    1.60316157 1.16490805 1.88286209 1.64178443 0.932284951 0.907606244
    1.79689288 0.913812935 1.59615993 1.34345984 0.885635138 0.843423247
    1.30895603 1.65331018 1.48045611 1.2209028 1.51738763 1.64128387
    1.25389302 1.4127897 1.50865209 1.73880219 1.5584445 1.84072053
    0.99671942 0.774361372 1.10104477 0.761015356 1.01021469 0.949576855
    1.41014326 1.22365677 1.54466164 1.31256032 1.84466028 1.23717773
    1.53158641 1.22725439 0.916412652 1.77205777 1.50352478 1.48243141
    0.593074381 1.42246616 1.7101804 1.51584256 1.41333544 1.89895141
    1.94381642 1.71580994 1.59643137 1.06980097 1.70990407 1.30491388
    1.7638793 1.56629097 0.890605569 1.34380221 1.18183792 1.08745456
    1.21673024 0.934924543 1.74815309 1.75274408 1.83531559 0.988082707
    1.45734966 1.6786207 1.53815114 1.4495014 1.11457598 0.918339491
    0.854637206 1.14057255 0.715577066 1.0389992 1.2997334 1.79516864
    1.73046207 1.11209524 1.10145497 1.33711541 1.32817948 1.04483235
    1.52985466 1.54656208 0.911057353 1.13131773 1.67482293 0.961571097
    1.30981767 1.85482812 1.30792344 1.57897663 1.22834432 1.26838398
    1.002388 0.954810202 0.999787927 0.878741562 1.15859759 1.56345201
    1.06859827 1.53157449 1.78216994 1.32945633 1.30911934 1.80817258
    1.33843446 1.20656335 1.35956776 1.48780847 1.7856077 1.47533703
    1.44720423 1.84302747 1.90270782 1.73004246 0.970701516 1.03315485
    1.34307599 0.860082746 0.896705329 0.918665409 1.03259957 1.67629683
    1.91041017 1.84457791 1.50675821 1.1155653 0.87385726 1.17405272
    1.57575369 1.5950036 1.51826715 1.20051098 0.980959833 0.937112868
    1.5651933 0.778158426 1.50067067 0.842676103 0.848803699 1.78833854
    1.81977713 1.42755139 1.12812877 1.67564917 1.92794013 1.95962572
    1.86425149 1.50600743 1.98257005 1.50550485 1.65647984 1.63120818
    1.14793599 1.19277394 1.32846677 0.945293367 1.7998302 0.980281293
    1.1292634 1.67354333 1.3276751 1.48168373 0.852527261 0.85794878
    1.81266057 1.29544735 0.914087117 1.66441011 1.84043264 1.47672105
    1.03240907 1.19567275 1.38799477 0.781444848 0.788493514 0.907091737
    1.33495939 1.87905657 1.02432203 1.08028996 0.964310408 1.48657727
    1.76730907 1.58745062 1.12935889 1.01226258 0.874334037 1.3375479
    1.30296493 1.74853742 1.73280883 1.36419785 1.49385393 1.18705237
    1.72534943 1.36167002 1.34908712 1.31347227 1.45060778 1.30899
    0.889005899 1.69250453 1.46163368 1.38758874 1.60748577 1.94976711
    1.29177594 1.53495288 0.886715472 1.40997005 1.54415214 0.983274519
    1.04515254 1.17893183 1.52520287 1.13280511 0.872863114 1.48206389
    1.14794588 1.00298679 1.36182845 1.36455464 0.824846864 1.66405451
    1.03214586 1.06953597 1.53861701 1.19589794 0.994157434 1.43202937
    1.3563503 1.15087771 1.74527156 1.98540187 1.58838284 1.85215747
    1.78391778 1.22497833 0.901389122 1.72776103 0.784860611 1.0383364
    1.6920737 1.00957048 1.39176893 1.05799031 1.26663566 0.963357568
    1.02068543 1.37773907 1.18539143 1.08655059 1.32527804 0.902741015
    1.66671789 1.63256121 1.23910248 1.09034061 1.53754401 1.17145407
    1.6479193 1.16562486 1.61949313 1.64469969 1.78641307 1.32432675
    1.3865242 1.8063997 1.81661296 1.7955029 1.05614555 1.67694771
    1.27965796 0.996229827 1.00350296 1.06608152 1.17541003 0.997743905
    1.21449625 1.02179813 1.286569 1.41535544 1.77142787 1.68090093
    1.66910076 1.63947403 1.52795851 1.49899423 1.53383756 1.14889193
    1.6077857 0.913064241 1.57045162 1.28223646 1.53661466 0.954931319
    1.3187604 1.28180885 1.97594202 1.46859968 1.92961025 1.47745907
    1.48829389 1.06568062 1.60335219 1.24122024 1.01289642 1.1175648
    1.41949964 1.7740438 1.65597785 1.12598991 1.31895959 1.09861076
    0.858294129 1.53559721 1.67893934 1.25303924 1.1973505 1.26789796
    1.57516778 0.950268149 1.22925258 0.7523278 0.997036159 0.768779695
    1.56036294 1.38637662 1.34532547 1.81215322 1.73615563 1.5896014
    1.36506987 1.28985739 1.33652639 1.40986824 1.33024204 1.62401462
    1.57894671 1.0988313 1.6232717 1.80171168 1.39802754 1.55102336
    1.56311023 1.29975832 0.85121572 1.46957946 1.1981101 1.0820154
    1.59621561 0.712523639 0.821248651 1.17361116 1.38197756 1.10922372
    1.04570317 1.63010752 1.26496077 1.85804141 1.83026791 0.958439052
    0.888179481 0.887977183 1.51315415 1.67194724 1.25549531 0.95147711
    1.84414434 1.43328631 1.41043115 1.32583535 1.66968369 1.22405672
    1.30237234 1.58035982 1.36412215 1.64996231 1.25220311 1.71871912
    1.72687173 1.61118293 1.19919181 1.11326909 1.04117858 1.28873253
    1.40278268 1.26709199 1.6143353 1.51972234 1.52603114 0.985377014
    0.940692127 0.843752265 0.753015995 1.4263109 1.37268031 1.3205874
    1.16662097 1.34492898 1.79158771 1.22888792 1.55981076 1.12472069
    1.68835807 1.69678819 1.9000597 1.8356427 1.70926595 1.238603
    1.02375937 0.810639381 1.37940085 1.50034428 1.00394309 1.14787614
    0.94391942 1.69738448 0.950395465 1.25814641 1.18555903 1.33904994
    1.08320343 0.979233384 1.54943764 0.922559619 1.60388207 1.47317183
    1.7378819 0.771682739 1.0209111 1.14807618 1.1855557 1.84955776
    1.75933075 1.10198808 1.39206409 1.10590208 1.59632814 1.82403386
    1.166067 0.787629008 0.771369159 1.22315061 1.14434564 1.3812108
    1.86580193 1.418854 0.936346352 0.947424054 1.22186542 1.29189885
    0.858649313 0.877275109 0.942460954 0.925386488 1.68932998
    1.59875226 1.81495762 1.74667466 1.41897154 1.84478188 1.81150913
    1.49886358 0.830807745 1.23564613 1.45641756 1.42453778 0.981495917
    1.37523699 1.26273561 0.910161614 1.12197924 1.73135912 0.867007792
    1.04338467 0.975310028 0.98717916 1.20138311 0.867412865 1.84899199
    1.77946627 1.39238 1.54030144 1.09538853 1.64220083 1.2280786
    1.33176184 1.61274683 1.8253988 1.14580119 1.46223307 1.36174393
    1.31086957 1.47342706 1.13589239 1.00655913 1.55270147 1.53573394
    1.49738431 1.45862079 0.840690374 1.77957559 1.23398566 1.22113001
    0.877659023 1.43387663 1.22825336 1.38998032 1.55952406 1.70259762
    1.44868577 1.26917851 1.0848645 1.46635413 1.19316995 1.11144829
    1.68096459 1.91825175 1.31879306 1.39301813 1.0877986 1.73797143
    1.41291547 1.86025882 1.00215042 1.35347199 1.23969221 0.936234772
    0.993281186 1.1101433 0.837272823 1.54697847 1.49596918 1.78734839
    1.1348381 1.62151229 0.859654486 1.50284433 1.11982369 1.07833219
    1.56338418 1.54302251 1.25659811 1.65620816 1.52171648 0.986199617
    1.79922414 1.2698673 1.05121589 1.07685721 0.904224336 1.1172626
    1.09034264 1.63312757 1.86714602 1.86306477 1.21763682 1.84783804
    0.921064854 1.76958025 1.39910877 0.871478379 1.10584998 1.19795907
    0.980013669 1.42671239 1.02040768 1.05168605 1.60499418 1.04688692
    1.07145631 1.71367848 1.76522768 1.23095071 1.07007778 1.74439406
    1.74859095 1.08874857 1.04192567 1.02615941 1.23538065 0.772323012
    1.18565118 1.34235501 1.92902184 2.03567719 1.38400471 1.85879183
    1.12547517 0.912954569 1.42954063 1.6395123 1.36858118 1.91945696
    1.84342456 1.39585316 0.912194908 1.29068935 1.51231742 1.83661711
    0.936553419 1.61783421 0.997762144 1.19822574 1.28577995 1.40028727
    0.907849729 1.46851778 1.06707048 1.65632594 1.61560357 1.02036119
    1.03454542 1.2362411 1.35864878 1.1661377 0.958529055 1.13050735
    1.52904892 1.65141654 1.37717688 1.03344452 1.90202963 1.44689417
    1.52414179 1.51071548 1.5214287 1.19966137 0.766462147 1.28191113
    1.11561751 0.907247961 1.81437659 1.47653639 1.20696449 1.05027509
    1.46409094 1.23865366 1.34163284 1.48606908 1.24299622 1.82151628
    1.03668964 1.68057001 1.66616857 1.1107862 0.776031792 1.58919239
    1.5756557 1.25931942 1.24755228 1.51754236 1.10005665 1.52305233
    1.59159696 1.53491807 1.85170579 1.68389201 1.91487348 1.61398983
    1.19087684 1.62676084 1.41229129 1.21455526 1.47375345 1.84063745
    1.25420797 0.909963131 1.02894318 1.10424078 0.983368099 1.64905643
    1.68835378 0.822238266 1.76558208 1.01934481 1.69253957 1.53870666
    1.83237898 1.00853002 1.65921736 1.75831842 0.965149522 1.57422674
    1.14345896 1.58440268 0.780367017 1.2292825 1.3485471 1.86240149
    1.48029566 1.71482158 1.90228033 1.82452643 1.28902245 0.813717544
    1.65957022 1.26632977 1.8534807 1.50801361 1.35778928 1.50165069
    1.18124282 1.64926231 1.32202029 1.77996612 1.48794854 1.70912349
    1.09894574 1.80388033 1.48903251 1.66859853 1.02473068 1.33436263
    1.621068 0.988096297 1.55575001 1.68198895 1.20515299 1.51085448
    1.04280651 1.82447207 1.16223347 1.43676901 1.42707741 1.81225991
    1.6767149 0.916425109 1.77977562 1.64163935 1.45905948 1.70017278
    1.39726722 0.942989588 0.937049925 1.72522998 1.88445604 1.61343849
    1.70104516 1.06604278 1.09400177 1.66501987 1.84859037 1.27973795
    1.18909252 1.35632837 1.07059264 1.64895201 1.22146797 1.63842714
    1.56114495 0.781295121 0.939107001 1.28594732 1.83832991 1.71441197
    1.52638936 1.11678445 1.29772282 0.922555208 1.65195155 1.20735979
    0.832421124 1.01669836 0.909972966 1.14394546 1.28802955 1.30138516
    1.71366394 1.11093247 1.29775882 1.34362972 1.5359602 1.60454524
    1.8532387 1.21161604 2.0629909 2.03498077 1.81285822 1.85248208
    1.7231679 1.94219482 1.61806798 1.27245891 1.1651454 0.977521539
    1.71451521 1.67662787 0.973115683 1.59090447 1.41925597 1.46664393
    1.16150761 1.00458682 0.867344499 1.80400705 1.84568179 1.11517835
    1.07019448 1.73944461 1.27316833 1.6287818 1.676404 1.61605752
    0.838600993 1.03596902 1.49181592 1.05378902 0.959016263 1.5333817
    1.41190636 1.51772881 1.3684212 0.912174582 1.04702997 0.866482556
    1.71056688 0.906928539 1.50959635 1.47043204 1.07065022 1.85436356
    1.55482471 1.71936893 1.0450331 1.69912696 1.64531493 1.13395548
    0.88214922 1.56053543 1.10344267 1.16652083 1.75289857 1.48294795
    1.05407512 1.18730175 0.783649266 1.25952148 1.6761955 1.88065445
    1.64386034 1.9442395 1.58506107 1.49986696 0.936877131 1.39714217
    0.866698027 1.64103341 1.78443217 1.07966578 1.6002413 1.64940166
    1.44893622 0.953516662 1.54732323 0.974750876 1.23544586 1.11622488
    1.71978056 0.867772341 1.13555825 1.2899096 0.884312391 0.916254759
    1.38357139 1.70803142 1.27327371 1.68686736 1.8423568 1.67807913
    1.89075017 1.26722455 0.870000005 0.871588528 0.927880585
    0.877549291 1.9192735 1.84972095 1.44142103 1.55098093 1.10721338
    1.25939059 1.5688076 0.799034178 1.37252557 1.2509495 1.52309084
    1.57875884 1.21213222 1.0275476 1.52636135 1.8163501 1.26398575
    1.50563908 1.70401216 1.21858168 0.93034637 1.54372168 1.39237249
    1.16897285 1.22069943 1.65207803 1.04210591 0.854663372 0.879579902
    0.758945227 1.23085248 0.815246224 0.842913032 1.71174443 1.12346697
    1.6606338 1.02450347 1.87661576 0.87578696 1.49721539 0.830915809
    0.858500719 1.062693 1.43029094 1.18259001 1.3634131 1.88284242
    1.55256152 1.44837761 0.851397216 0.938001812 1.69705963 0.864283621
    0.923087001 1.53459704 0.912760615 1.66816533 1.47403491 0.932207644
    1.68910682 1.86594415 1.64644814 1.9342134 1.68976259 1.29957819
    0.842073143 1.46799731 0.938092887 1.42657053 1.03938508 1.37009382
    1.34686315 1.83810449 1.8023988 0.897191286 0.986307204 0.968913496
    1.21778178 1.64925754 1.59634173 1.12036502 1.94654226 1.42142415
    1.1131779 1.56893992 1.67781949 1.04994726 1.64283717 1.38616514
    1.60322702 1.05342722 1.68949413 0.932793021 1.05363548 1.10261607
    1.75075078 1.72706664 1.15056896 1.57605135 1.25072145 0.870239675
    1.64798081 0.952555001 1.89937258 1.68749249 1.7556963 1.4356879
    1.83582532 1.76506829 1.64738071 1.5446049 1.34488952 1.40070057
    1.78969598 1.78198552 1.8683486 1.89029598 1.69283187 1.22920156
    1.11775839 1.163517 1.58441997 1.47290003 1.38678598 1.46564293
    1.55518174 1.072191 1.65459478 0.829397619 1.50319982 1.30275631
    0.973575115 0.73152864 1.53082502 0.852003455 1.83994043 1.0445348
    1.81731212 1.53934026 0.943003893 1.05180025 0.79297936 1.48579216
    1.20935261 1.36356962 1.67072809 1.58828402 1.3521508 1.01410913
    1.18001533 1.72636318 0.98588115 0.974778056 1.51022303 1.96083498
    1.99942267 1.63404322 2.05926108 2.00040841 1.80703211 1.86342347
    1.74350023 1.66238236 1.84992182 1.07271922 1.62837756 1.2305038
    1.11989129 1.35826564 1.10943723 1.42896974 1.19552279 1.46415126
    0.903440356 1.757164 1.00479341 1.20125473 1.38456392 1.7058053
    1.87312865 1.21388829 1.45149338 1.57238638 0.847891331 0.761887491
    1.1373148 0.698126137 1.49854267 1.80210829 1.90195775 1.84005046
    0.91524142 1.39420557 1.44680274 1.3726064 0.864893854 0.823479414
    1.56709015 1.15317345 1.25214458 1.67607963 1.24561012 1.37921154
    1.63438022 1.58390093 1.83703732 1.18749058 0.892047763 0.914749682
    0.779683709 1.40692651 1.74816978 0.816557884 0.830294907 1.34767115
    1.54735625 1.07045805 1.82130408 1.09706295 1.41705024 1.83370304
    1.42789698 0.942423582 1.22740448 1.23518205 1.76459765 1.02002358
    1.12753618 1.83388603 1.11109567 1.29055989 1.57333481 1.42990458
    1.22967756 0.849625409 1.26112032 1.01304734 0.882377625 1.57070708
    1.41680682 0.920451641 1.07200491 1.73624253 0.99371177 1.51400495
    1.7190479 1.63551331 1.76703024 1.35666513 1.980111 1.63468146
    1.24002111 0.960833788 1.13829613 1.33519876 1.80060315 1.82045209
    1.50991297 1.34320819 1.58861542 1.79196954 1.3105576 1.42238784
    1.17061377 0.772951543 0.953295529 1.73073423 1.76821935 1.42190456
    1.6450423 1.16334128 1.64827693 1.76890337 1.525563 1.5740819
    1.74559963 1.36772132 1.80626178 1.69189501 1.29841435 1.28916383
    1.86307359 1.38428998 1.28977668 1.43722749 0.895965219 0.807294428
    0.81717962 0.899856508 1.13100338 1.41643786 1.46324921 1.10474682
    1.4139272 1.27353585 0.797969222 1.33790958 1.42316663 0.818024457
    1.43726349 1.87648618 1.90545738 1.59187591 1.0629729 1.63181186
    1.84222996 1.21902943 1.0361588 1.36462569 0.908967733 1.62787938
    1.27246511 1.49100482 1.03097832 1.38252544 1.42252898 1.78197634
    1.6521827 1.45206463 1.76217008 1.04719996 1.66903257 1.49500108
    1.7475822 1.36828673 0.955425858 0.917152286 1.47341776 1.64998829
    1.64701116 1.31208313 1.75376761 1.67990983 1.54817414 1.28116417
    1.91311443 1.72525382 1.68125665 1.12426817 1.53763461 0.953602314
    1.14998639 1.21376657 1.0402776 1.29830337 1.22339034 1.65314472
    1.55085409 1.47591102 1.57893384 1.92434072 1.81959164 1.52490115
    1.50758374 0.943767667 0.861359894 1.42227244 1.84171224 1.42552137
    1.54297376 1.39607 1.81203103 1.91952002 1.03197038 0.914805532
    1.6864835 1.26393378 0.939840376 1.16514862 1.88916123 1.17567182
    1.80444515 1.07677066 1.59074032 1.41718733 1.23527932 1.0114069
    0.782079697 0.778308451 1.24570763 1.67751026 0.995012045 1.18593597
    1.72530162 0.731749117 0.974607527 1.32166994 1.12482941 0.744625866
    0.694858134 0.973456204 1.03895843 1.29494917 1.32120407 1.55935848
    1.72178018 1.70903659 1.63201165 0.836646438 1.74970222 1.12958336
    0.835940838 1.30465221 0.812577963 1.361974 0.931619585 1.60344481
    1.48729026 1.94019151 1.29507422 2.0457077 2.0045929 1.90294302
    2.03944111 1.81073689 1.12336731 1.8543694 1.04680288 1.74496067
    1.11188924 1.7106595 1.54473209 1.5884136 1.07726765 0.976401389
    1.63821423 1.84182298 1.56259751 1.54915857 1.67664278 0.959128082
    1.75376391 1.40408099 1.5006721 0.927208662 1.53550017 0.906215191
    1.72981441 1.38854229 1.06940603 0.789028227 1.18144786 1.40387976
    0.894312799 1.80614734 0.981128454 1.41614211 1.26064122 0.854965448
    1.11209142 1.34744155 1.53094244 1.09015214 1.63291919 1.76209497
    0.982046306 1.72181547 1.8700031 1.67474103 1.51540899 1.66190135
    1.75084114 0.875431538 1.02473485 0.856360853 0.959356189 1.22503102
    0.972375333 1.08950651 1.26861858 1.3750422 0.938283622 1.01383591
    1.43733156 1.01177537 1.09229302 1.72763252 1.85581267 1.15232408
    0.907468796 1.78720021 0.941278815 0.938738525 1.18554151 1.78566098
    1.72598696 1.89381206 1.48337364 1.28685224 1.07303727 1.76506829
    1.78147399 0.942400694 0.974955797 1.45135653 0.879757643 1.43025863
    1.44174838 1.56406379 1.23407423 0.857648015 1.20537293 1.26211739
    1.97427547 1.83436286 1.57098067 1.5723933 1.70117795 1.17001605
    1.15547884 1.0786134 1.51263571 1.57458735 0.986608744 1.51271164
    1.29825342 1.74881864 1.48880792 1.64015543 1.16267514 0.925382733
    1.63846314 1.6289618 1.10901284 1.14169002 1.7781378 1.38817549
    1.71288908 1.53738451 1.77564752 1.15089774 1.65973794 1.79959416
    1.09817195 0.993751943 1.0194627 1.74396455 1.73798025 1.0546931
    1.19037914 1.48418617 1.49305201 1.18918943 0.940237939 1.46812403
    1.17173696 1.07908106 0.909383714 0.992358506 1.03879142 1.39842308
    0.957998216 0.937084973 0.944218397 1.23650444 1.33619201
    0.917636275 1.14143419 1.52003574 1.47389197 1.38078988 1.66358745
    1.55838048 1.74295652 1.7933979 1.47587931 1.36297512 1.02427578
    1.13345826 0.893902898 1.43518865 1.72796226 1.04554713 1.42789507
    2.02209425 1.95586157 1.73745692 0.945841908 1.39408123 1.54950345
    1.86473894 1.71812391 1.08326256 1.4895581 1.19622529 0.991003096
    1.52110779 1.71394062 0.931081891 1.94480932 1.5960182 1.80840635
    1.50807571 1.68523753 1.72823274 1.17924774 0.775973141 0.959505558
    1.19391012 1.32077217 0.825532556 1.44619012 1.14788282 1.79177904
    1.32317269 1.81092072 1.60654581 1.29980385 1.13449037 1.78102767
    0.908429384 1.46581101 1.8437736 1.17089295 1.45953417 1.87655675
    1.52411389 1.25951564 1.06713986 1.62289524 1.24854207 0.979917347
    1.72510421 0.944380283 1.18521821 1.22700012 1.81661463 1.40955079
    1.51014674 1.48257148 1.65900934 1.5042783 0.799784362 0.855660558
    0.867163599 0.872936726 0.921226084 1.01715195 0.806581736
    1.11872208 1.06668842 0.892368555 0.698087156 0.932837784
    0.660684526 1.03759837 0.877788723 1.46702623 1.41035378 1.7067827
    1.4299711 0.844886839 1.24504483 0.79632473 1.44840193 1.48130691
    1.04097426 0.810546577 1.1511277 1.41246557 0.781881034 1.56895876
    0.895355105 1.48455215 1.950773 1.96922147 1.3221246 1.31278491
    1.92633736 1.27280653 1.37689745 1.43296111 1.56062233 1.09267116
    1.72463965 1.93294919 1.30707252 0.892691672 1.6695857 1.58409083
    1.79412282 1.5653137 1.41324902 1.22016943 1.02855575 1.13961995
    1.77197123 1.95214677 1.7467339 1.86107337 1.76693773 1.01063895
    0.841229618 0.822111368 0.853933334 0.980293214 0.935001493
    0.693185866 0.865860343 1.45089233 1.08396184 0.880874753 1.5527575
    1.1379478 1.12819791 1.08295619 1.02791464 1.41466296 1.49038303
    1.48146832 1.70037532 1.87722945 1.64132524 0.995443642 1.7425667
    1.30625391 1.06376016 0.802164316 0.782127202 1.23875844 1.33771849
    1.39167452 1.44430315 1.35813773 1.17752504 0.907577157 1.60723567
    1.63575768 1.0388329 1.70359349 1.84685409 1.42142165 1.49420106
    1.27959073 1.72741497 1.25800061 1.48487973 1.35480452 1.21521688
    1.85370874 1.54714012 1.05532312 1.2003572 0.897212625 1.38155782
    1.58694148 1.13224816 1.64316475 1.54420102 1.70065844 1.31310689
    1.80356145 1.29277873 1.48325598 1.0972085 1.72170091 0.874459982
    0.961090147 1.21946383 1.67287755 1.76168811 1.80881679 1.37847376
    1.68448627 1.86167169 1.20736206 1.83210731 1.1918298 1.16500676
    1.49273849 1.25923598 1.08190072 1.7638706 1.62545407 0.826806724
    0.774476051 0.863110423 0.969169676 1.74378502 1.53460896 1.43413913
    1.27051961 1.88837039 1.1448853 0.924105823 1.17624605 1.32723773
    1.55996084 1.56580293 1.74338043 0.920633674 1.1018219 1.72796953
    1.37057877 1.42487442 1.88483429 1.05558002 1.00764704 1.19767177
    1.40973389 1.5316931 1.37874448 0.767626107 1.34771347 0.811833858
    1.48559511 1.06368077 1.18325675 1.65189219 1.12596929 1.13096893
    1.36503375 1.89989245 1.47300029 1.02980483 1.86888289 1.3156606
    0.862938464 1.23349035 1.3922261 1.84004831 1.28688955 1.4444797
    1.76797783 1.72455418 1.4855212 1.33931363 1.22918618 1.53358936
    1.24092662 1.8491056 1.74324775 1.74356616 1.30128646 1.20749545
    1.67647505 1.47310495 0.990437031 1.52574682 1.77666962 0.974056125
    0.99537313 1.73160505 1.26483774 1.04561162 1.56629646 1.86126876
    1.07310951 1.96946454 1.4026475 1.72614539 1.15863395 1.1854775
    1.13709414 1.58953023 1.05041838 1.67682874 1.50774944 0.889618754
    1.51107049 1.63358808 1.71647596 1.95434761 1.60417008 1.29764402
    1.42991447 1.18833041 1.64667284 1.89013934 1.84319854 1.67985046
    1.71206999 1.06797123 1.03956234 1.75900424 1.87308013 0.989575446
    0.910463572 1.44900775 0.861545146 1.2615422 1.23209167 1.82666004
    1.67494237 1.40855491 1.71747994 1.5807544 1.3630681 1.68912709
    1.57081449 1.68008757 1.59358191 0.919320822 1.31218171 1.1245718
    0.663121879 0.641528487 1.36006439 1.39857805 1.32408249 0.719961584
    1.49550378 1.15620089 1.78720951 1.82973933 1.13471258 1.59455287
    0.914400041 1.03395581 0.866207004 1.52121246 1.32160223 0.897016168
    1.52951062 1.49992359 1.13020313 1.74735332 1.03118575 1.47612655
    1.97318578 1.60278594 2.01062512 1.64227366 1.22751355 1.09895134
    1.84344876 0.943302155 1.30535626 1.54643559 1.29146695 1.78527045
    1.7550137 1.20906079 1.22967315 1.7193929 1.85918117 1.87118161
    1.15410209 1.1904918 1.91866243 1.60315871 1.52957451 1.95538807
    1.72648466 1.55692196 1.88930237 1.34450901 0.899601519 0.83571744
    1.44847977 1.3354528 0.798350871 0.971381247 0.977396786 0.536006451
    0.713341057 1.41508865 1.19736683 1.60797644 1.42890322 1.14552701
    0.889662802 1.74274564 1.17029452 1.88924372 1.84625387 1.45155573
    0.840101838 1.08428681 1.03835249 1.18583536 0.76823473 1.15809429
    1.14538336 1.2338016 1.07591271 1.06505823 1.03753138 1.60874498
    1.1958977 0.852308571 1.55080843 0.895528138 1.56542909 0.976516366
    1.49034345 1.57931507 0.959834635 0.856519163 1.51006699 0.996410549
    1.47931075 1.07427895 1.46781242 1.64443588 1.87122166 1.94707561
    1.29757333 1.09476781 1.62754357 1.52365232 1.68689597 1.10884678
    1.66896188 1.8564837 1.95558739 1.7285583 1.15051508 1.80438972
    1.05421925 1.10852063 0.869021952 0.990948558 1.64614749 1.36512101
    1.49307883 1.56409419 1.03558087 1.52479768 1.42225289 1.59420204
    1.03674042 1.17358649 1.06263268 1.50477123 1.71861506 1.32719111
    0.968830705 1.86831748 1.17227185 0.939468145 1.10323346 1.53441167
    1.28489113 1.64557588 0.914538205 1.31265545 1.33677661 1.290959
    1.69273734 1.77709591 1.14523923 1.11795759 0.843249798 0.828809738
    1.40829659 1.52411199 1.62971437 1.7457087 1.5424509 1.77482736
    1.47174203 1.29551327 1.68595743 1.7283479 1.89336717 1.84375596
    1.76021028 0.781606197 0.690259576 0.778078675 1.77972245 1.42816162
    1.60698521 1.27639163 1.44307065 1.62759233 1.14945388 1.60029709
    1.05306041 1.54493403 1.44587553 1.53767085 0.872928739 0.9721874
    1.77458107 1.37553465 0.921810985 1.23569322 1.66803169 1.42240131
    1.81818175 1.58419299 1.02311206 1.86149478 1.86511278 1.00428748
    1.70009947 1.04787111 1.09040284 1.26318634 1.85583186 1.26439035
    1.63536859 1.84090245 0.906953871 1.35068786 1.29690003 1.62666595
    1.75410879 1.82615173 1.00220394 1.34407723 1.31190217 1.74168849
    1.50225472 1.82261741 0.988415658 0.96791321 1.09698474 0.781363606
    1.30451357 1.22309244 1.00650883 1.75596178 1.35273945 1.05269873
    1.35758495 1.91011322 1.46301317 1.89147437 1.4515518 1.59543419
    1.57218766 1.35516381 1.40612936 1.75071514 1.00711036 1.86090636
    1.53398037 1.78754795 1.08064091 1.51118994 0.941993117 1.63039112
    1.46363425 1.14487708 1.53894842 0.984555006 1.64207721 0.95898062
    1.10094821 1.1626538 1.60441792 1.2582612 1.15339077 1.25959074
    1.579301 1.50610077 0.999095798 1.53312266 1.02276218 0.953147769
    1.16311729 1.04721928 0.95479852 1.34773612 1.62340784 1.01614118
    1.09076822 1.54137301 1.13245749 1.28772759 1.29948819 0.868779123
    0.890436769 1.0946281 1.35240066 1.07055128 1.82807434 1.2826606
    0.915757 0.886280239 1.41086638 1.53951895 1.50174046 1.39847875
    1.8898133 1.46109211 1.10123885 1.66519856 1.14180052 1.31173337
    1.33672178 0.926025212 1.30208099 1.43570197 0.873823881 1.43853009
    0.839618921 1.24386358 1.30505729 1.80900514 1.43215621 1.30247331
    1.6475848 1.846012 1.6185838 1.86397505 1.16329312 1.97194719
    1.41581523 1.17277324 0.935220599 1.3578949 1.18596768 1.22129238
    1.46437943 1.33543777 1.16044366 0.889017999 1.65631247 1.54247677
    0.882994413 1.77617478 1.36186552 1.19362414 1.62970054 1.51213396
    1.63263857 1.41681945 1.00008428 0.987380683 1.08525896 0.80957067
    0.938743055 0.727754951 1.26382732 1.24910975 1.34461927 0.835372567
    0.960202336 1.60505807 1.35308146 0.923570096 1.83067203 1.5596081
    1.39605546 1.86860621 0.906647742 1.40938747 1.06982923 1.35850155
    1.15615165 1.12093353 1.27494764 1.72379375 1.44216406 1.94382441
    1.63378251 1.89836264 1.66027093 1.45496213 1.369066 1.7373091
    1.84983695 1.50569987 1.34571338 1.67369127 2.01187801 1.81402326
    1.96189559 1.24980545 1.81134653 1.46918166 1.63408124 1.25215852
    0.947260499 1.65299523 1.04945743 1.14601505 1.29081821 1.71379697
    1.19256938 1.57287705 0.959271014 1.45521212 1.64382827 1.59526134
    0.885101795 1.05414736 1.41382325 1.30222011 1.74858785 0.932748079
    1.67168212 1.75875235 1.08011615 1.48365617 1.62146056 1.09822154
    0.984416008 1.87814295 1.61337197 1.47309911 1.5184679 1.20370555
    1.53045332 0.761776328 1.46941173 1.20354736 0.837860703 1.8455261
    1.47883964 0.906639338 0.965886116 1.62493265 1.8133111 1.68678796
    1.717924 1.59978652 1.9939357 1.7101928 0.960946679 1.00178826
    0.942619205 1.14137745 1.47760558 1.81438065 1.21243191 1.34293151
    1.81613243 1.64240074 1.74585617 1.93088114 1.87578094 1.54587448
    1.51014328 1.46397877 1.40839875 1.07259476 1.40228987 1.71113491
    1.24738073 1.29665029 1.01289117 1.44332135 1.39605808 1.66304457
    1.82209563 1.8486433 1.13547587 1.55196297 1.17147148 1.00958943
    1.13944638 1.3781718 1.1854701 0.977714241 1.72687447 1.99290204
    1.87273741 1.15193999 0.922354698 1.20638478 1.37790298 1.59063995
    1.76130199 0.880676389 1.32666075 0.786107421 1.57535279 1.024212
    1.13562262 0.812535942 1.33115041 1.74986327 1.05553055 1.3047365
    1.20137548 0.991904497 1.36230624 0.988595486 1.87889028 1.79503763
    1.01348829 1.09118307 0.933387816 1.76673281 0.998261452 1.62538671
    1.4755857 1.09444022 1.08513808 1.24521303 1.10921216 1.67259395
    1.40291703 1.31659555 1.69555151 1.48642051 0.963079393 0.978541493
    1.61439228 1.19764936 1.04105282 0.985523939 0.972808421 1.27838802
    1.61358786 1.03111708 1.14293003 0.980256438 1.62891006 0.839402199
    0.848926246 0.980810463 0.968432188 1.07184649 1.30996275
    0.756119847 1.24026155 1.57125282 1.8688699 1.54476655 1.70497799
    1.46977723 1.64526737 1.59674406 0.770895481 1.02765691 0.984790683
    1.00156176 0.909008145 1.60405135 1.89772189 1.79122853 1.09098744
    1.82013619 1.07033515 1.87531447 1.82557523 1.68087924 1.12748587
    1.24898148 1.15049255 1.05260968 1.71226418 0.972173631 1.15172052
    0.846192658 1.36369503 1.27354336 1.52417803 1.43253696 0.999690592
    0.815472364 0.880142808 0.854116857 1.03482533 1.64648068 1.12998521
    1.16351509 1.38066638 1.42295623 1.34040689 1.27830231 1.2695539
    1.48080373 1.26825118 1.35264897 1.46993291 0.810186982 1.60349953
    1.46543252 0.767837942 1.33700836 1.62266338 1.10429084 1.15746796
    0.873499274 1.32860804 1.53637862 1.00140727 1.36135852 0.9351753
    1.00110638 1.00308537 1.35800231 1.28474891 0.826304078 1.54780722
    0.884468913 0.819812357 1.54822469 1.66699374 1.69038725 1.09223926
    1.37165046 0.910590172 1.03307235 1.80261171 1.87794673 1.67193151
    1.90869844 1.53716135 1.18615711 1.68290198 0.92438215 1.81006587
    1.57236946 1.47676671 1.81507158 1.86009514 1.98543441 2.02145863
    1.54359066 0.999292076 1.80456913 1.48206937 1.45349586 1.56876707
    1.8067075 1.48730063 1.92834294 1.6911087 1.79989207 1.26435673
    1.80992448 0.900656104 1.70244741 0.832037985 1.38577008 0.847785354
    1.72697294 1.28531325 1.03062797 1.19397652 1.14219141 1.24932086
    1.22905433 1.12420344 1.25439298 1.65779233 1.24367189 1.60398507
    1.51136827 1.61510909 1.31089854 1.04229081 1.13414526 1.76610661
    0.840715647 1.42561114 1.45304465 1.68722475 1.44474494 1.04097414
    1.8728807 1.87266195 1.16204524 1.60151529 1.14210308 0.994864404
    0.905218899 0.82280618 1.70428896 1.06042254 1.79526889 1.17583382
    1.6102463 0.905745268 1.18260765 1.77630508 1.97326553 1.65054822
    1.60405231 1.84425366 1.18754542 1.29251564 1.65263307 1.05109191
    1.38169467 1.17848492 1.54530644 1.07075274 1.34230483 1.87356544
    1.29323208 1.93083549 1.45026147 1.9118607 1.71723461 1.52610207
    0.95979017 1.63446236 1.83269393 1.57079053 1.52230716 1.40339792
    1.32203329 1.01369095 1.04968703 1.4807061 1.76481378 1.50479186
    1.59678471 1.09063756 1.64693725 1.08059919 0.791694224 0.738871992
    0.881147385 1.53625882 1.65543318 1.98167872 1.99980688 1.16182923
    1.80910552 0.849620283 1.35095561 1.19875002 1.45816791 0.878679633
    1.00260484 0.946533561 0.939752102 1.10109401 0.88616246 1.70994484
    0.837553024 1.39200091 1.26165748 1.25602281 1.26990819 1.61260593
    1.82928348 1.577407 1.66718006 1.60369146 1.23339212 1.65019941
    1.36506629 1.16959524 1.48952138 1.21898746 0.935809553 0.820542514
    1.62999535 1.27778363 1.45440662 0.940507472 0.872429252 1.79424834
    1.67460692 1.02137339 1.42166281 1.85088158 1.27820277 1.05950022
    1.62951827 1.80836785 1.78139997 1.178617 1.18281984 1.76353443
    1.3394593 0.948147535 1.67800641 0.937455952 1.22140157 1.75444114
    1.70840418 1.09560859 0.742796719 0.731348455 1.38609803 0.890689254
    1.65400541 1.29794002 1.1708715 1.64700866 1.32139397 1.00604272
    0.847675383 1.22479331 1.18578982 1.45298111 1.10948527 1.43081939
    1.80435276 0.969558716 1.26891875 1.37832582 1.45471454 1.30121195
    1.06541252 1.6890887 0.974314153 1.4349649 1.60420704 0.860057175
    0.773821294 1.34452689 1.58766162 1.6629523 0.838691235 1.77768421
    1.78945315 1.48616183 1.08157718 0.980915725 1.26113915 1.26149011
    1.63485277 1.80709481 1.23448241 1.3158443 0.883598566 1.41388798
    1.17809522 1.50352561 1.81567085 1.71451449 1.8411274 0.999474645
    1.17136347 1.83225012 1.20001936 1.20601058 0.724268019 1.26971722
    0.990975618 1.17397952 1.51920843 1.77289522 1.07778001 1.6288501
    0.909408271 0.851728261 0.963586926 1.66714942 0.738970637
    1.30797029 0.800674975 1.20939147 1.21163487 0.966552794 1.52246034
    1.56907606 1.03616154 1.85216081 1.63298297 1.50987124 1.05535185
    0.84588033 1.71251583 1.46086705 1.77261758 1.71276975 1.74536455
    1.22973633 1.62367404 1.50348282 1.29663646 1.92866659 1.76737607
    1.31431508 1.24654984 1.61829352 1.27120793 1.45187223 1.77202058
    1.77139199 0.841293633 1.02015543 1.26133299 1.51430547 1.35640252
    1.75700629 1.56541908 1.58276117 1.29373801 1.02372909 1.20530164
    1.23681927 1.23827374 0.874081373 1.47307861 1.05193555 1.05491996
    0.877662122 1.50455141 0.923093975 1.55607343 1.40927458 0.927835047
    0.873532772 0.790500641 1.05164731 1.5379988 1.1063664 1.59742355
    0.826428235 1.4550792 0.926981986 0.826761603 1.20221829 0.8810063
    1.15569675 1.33452439 1.56303251 1.27678442 1.53537226 1.85938966
    0.899547935 1.32979417 0.894247353 1.25960028 1.20235062 0.811634779
    1.62703907 0.906205595 1.25305068 1.51771235 0.919761002 0.939388633
    1.00255394 1.35989714 1.65792322 1.87565351 1.39273417 1.54911852
    1.83444309 1.14665592 0.870841444 1.00535142 1.05771744 1.04222655
    1.34048438 1.40000379 1.24377 1.70675611 1.26728499 1.83335102
    1.12955773 1.3263588 1.10907972 1.32929635 1.01210511 1.39648557
    1.06765544 1.16691542 1.16596782 0.818268001 1.73600674 1.21498287
    0.99363476 1.17820132 0.924309254 1.01490116 1.34572566 1.49965501
    0.846326292 1.44335699 0.938125312 1.32570446 0.801698804 1.69836903
    1.56689668 1.11508584 1.74032295 1.79032147 1.13402939 0.98796618
    0.939974189 1.8203671 1.37318766 1.50719059 1.78783655 0.891095161
    0.785313964 0.990540624 0.817173183 0.931397736 0.902384758
    1.26560414 1.11071992 1.55518091 1.32922268 1.50597262 1.52530813
    1.63463569 1.39972186 1.1133697 1.28826571 1.44549346 1.75056267
    1.46439898 1.16390526 1.83405888 1.23878598 1.22331083 1.20160353
    1.42967236 1.25200093 1.47200453 1.66356921 1.34029484 1.16798151
    1.00556767 1.54181767 1.58844328 1.67914295 0.876719773 1.20532322
    1.58461833 1.37962139 1.70456803 1.46420622 1.08581793 1.19933081
    1.66195202 1.7399112 1.18199909 1.51307738 1.92589152 1.94085181
    1.32924688 1.69955003 1.56944954 1.35874188 1.28814435 0.774241567
    1.25221229 0.979135633 1.65372837 1.57165396 1.13774025 1.67952752
    1.35473084 1.54942608 0.960005701 1.57109261 0.95871067 0.950488329
    1.34741163 1.3964678 1.91737688 1.82955694 1.28579664 1.13378739
    0.990527809 1.81512356 1.73997629 1.74938357 1.62167585 1.39550769
    1.27159679 0.979047418 0.865740359 1.35122454 0.911550224
    0.912702322 0.875771523 1.08958423 1.62514222 1.67471981 1.40495574
    1.04703379 1.38351393 1.55829704 1.69449937 1.45255637 0.947376907
    1.54838586 1.43300176 1.17092526 1.9252491 1.80963075 1.47078729
    1.98152471 1.84505713 1.74381602 0.907329619 1.01825869 1.22509921
    0.792066276 0.652650833 0.928174078 0.90958792 1.59226823
    0.876443744 1.5467273 1.71679091 1.43496263 1.05022991 1.42310607
    1.49821043 0.853885889 1.22685099 0.776230872 1.66366303 1.62008727
    0.955040872 1.52325106 1.35857892 0.976955891 0.99598217 1.22855294
    1.5566144 1.83243072 1.37735355 1.98506391 1.48253846 1.73039818
    1.25708795 1.49483275 1.94263971 1.17742562 1.01011384 1.3500911
    1.57801175 1.89923012 1.32958913 1.72467577 1.48312855 1.28771651
    0.919060647 1.59622872 1.125332 0.893572152 0.750294328 1.12160647
    1.53125441 0.855401039 1.17879426 1.68546069 1.58378899 1.96642303
    1.9335922 1.32338178 1.52970827 0.869708419 1.28919673 1.75061762
    1.15529346 1.75551176 1.2909404 1.54912782 1.27656972 0.887753487
    1.11526239 1.02644324 0.787062168 1.2996788 1.24060619 1.26166463
    0.995068729 0.932515025 0.8238011 0.816362739 1.23032236 1.64891791
    1.47576451 1.32448769 0.89686954 1.19349813 1.31053483 1.14164758
    1.27402496 1.36671078 0.992308974 1.20726705 0.941713274 0.910009623
    1.51372516 0.850269854 0.821976483 1.36263394 1.20409226 1.4062469
    1.34801078 1.08334768 1.72601318 1.03633833 1.09378695 1.46225321
    1.42148101 1.80358422 1.16574991 0.79014343 1.02913237 1.49166679
    0.978310168 1.63315129 0.978079736 1.63495541 1.35635805 1.09085548
    1.28105009 1.02164841 1.67561257 1.70018315 1.5438695 1.30725753
    1.45441782 1.24697518 1.74966443 0.915118814 1.46328521 0.908413589
    0.836886823 1.61680639 0.766911924 0.966223955 1.06542277 1.47606504
    1.26730072 1.21483397 0.816271603 1.51785111 1.29219508 1.4729718
    1.8150264 1.83535349 1.53572166 1.7598989 1.31321943 1.18854403
    1.59273374 1.09835494 1.67948234 1.66898751 1.72645116 1.34984243
    0.854364932 1.35092235 1.15254354 1.07549214 1.75839376 1.32679248
    1.83122993 1.19834805 1.2725811 1.01557875 1.35952449 1.26826215
    1.38944864 1.33980155 1.10285878 1.35748839 1.12125313 1.08731413
    1.31443727 1.39495945 0.93923825 1.30531931 1.65776932 1.14163792
    0.840359092 1.65558136 1.57059622 1.19006419 1.11789155 0.830824494
    1.63183212 1.26112533 1.4811523 1.77592719 1.25985026 1.52313149
    1.15576112 1.84700608 0.957812786 1.55584323 1.71657491 1.01641333
    0.893938303 0.862988472 1.8678273 1.90053797 1.94378698 1.494712
    1.04605949 1.015185 1.03156114 1.67774177 0.79511857 1.27226567
    1.63676083 1.20128024 1.83103955 1.8042872 1.71908391 1.37550271
    1.68694592 1.20333564 1.48290992 0.831523657 1.47232223 1.41904604
    1.46142697 1.86172378 1.34650326 1.67015707 1.15798616 1.57879925
    1.13866925 1.53676164 0.858981133 1.54201472 1.45592117 0.89479816
    0.76667887 1.2842474 1.0985626 1.2453351 1.12393498 1.25642788
    1.55953681 1.22804129 1.02288651 1.11360669 1.53123152 1.54522741
    1.07126415 1.42409039 1.78168786 0.985686898 1.59965932 1.57644439
    0.947910607 1.87313533 1.17931986 1.46785796 1.78422487 1.74508989
    1.97306085 1.28870213 1.44717038 0.976086259 0.991131902 0.972697914
    0.880744755 0.850553513 0.777608931 1.5548805 1.52775097 1.28647768
    0.818750501 1.60441649 0.929662824 1.0571748 1.14184964 0.955357313
    0.902227402 0.864581943 1.74830294 1.79305887 1.67275035 0.931748509
    1.40799689 1.3778739 1.44862151 1.20874381 1.32594562 1.6076026
    0.957416713 1.15055525 1.89996564 1.89111519 1.91980064 1.94707072
    1.4901123 1.92680621 1.3482728 1.72040069 1.31117702 1.48256826
    1.88956368 1.10453868 1.72427738 1.46474743 1.10423982 1.34940505
    1.34869742 1.48141789 0.83642298 0.708758235 0.74620086 1.18754447
    1.29875958 1.03505743 1.6551764 1.77714586 1.81631255 1.00916576
    1.71332598 1.00679684 1.68071961 0.919073522 1.82596958 1.7011292
    1.20800936 1.33964634 0.966392577 1.6682539 1.71217251 1.36641312
    1.03292 1.28558886 1.47361088 1.79979479 1.82061613 1.69580531
    1.12138033 1.39271486 0.724185109 0.972865045 1.48026168 0.76055032
    0.828163981 1.13630867 0.949153066 1.31495798 1.32365036 0.913375854
    1.49520195 1.36615884 0.943532407 1.15046895 0.727570534 1.18239903
    1.46772635 1.26783347 1.78107238 0.931288242 1.02693605 0.97504741
    1.135831 1.70129156 1.47881174 1.47313774 1.19116485 0.829453945
    1.68865776 1.06240022 1.38499713 1.70767164 1.28504062 1.44439673
    1.73701131 1.00073791 0.901665986 1.4670788 1.18795645 0.980992019
    1.60401666 1.86913395 1.54142272 1.51666629 1.09149444 1.81571162
    1.83968282 1.19213927 1.12233877 1.05017686 1.46978855 1.24113274
    1.2917906 0.798393846 1.12581098 1.69341898 0.86274159 1.39501882
    1.01213467 1.21905172 1.75409484 1.80955362 1.03311539 1.85488772
    1.75701261 1.80505514 1.74171638 1.4247154 1.78058422 0.969330549
    1.1385864 1.07077622 1.58402288 1.48913336 1.60489619 1.03448582
    1.52101684 1.268659 1.78237307 1.40019774 1.10613382 1.73100936
    1.79708195 1.00584495 1.44493043 1.19309318 0.960659325 0.79959166
    1.31236672 1.12823176 1.77857041 1.35390306 1.69883132 1.46726322
    1.51952469 1.38423288 1.48428881 0.838194013 0.932267606 0.711500525
    0.860755563 0.893346071 0.945533156 0.803337216 1.15225339
    1.72763252 1.10505342 1.2201122 1.42609906 1.34358728 1.55247831
    1.67028975 1.00379694 1.7334621 1.28336549 0.783234894 1.03158402
    1.38517344 1.61062789 1.64649117 1.86221647 1.42742729 1.0644269
    1.87408674 1.6534791 1.43862224 1.50908911 1.1368866 0.967831612
    1.50243759 1.68622041 1.94561648 1.06245875 1.95143759 1.320104
    1.34426987 1.30931807 1.52429843 1.22337449 1.09502029 1.19670773
    1.21162236 1.55025101 1.15819883 1.38713765 1.34275973 0.912652194
    0.809929132 1.31765723 1.42270792 1.65451229 1.38154733 1.70754254
    0.733608663 0.738641024 1.05123031 1.55360949 1.38824821 1.27096856
    1.14625311 1.80048335 1.95262134 1.14438772 1.7080133 1.44490898
    1.02698886 1.19977856 1.29862905 1.009233 1.76907873 1.58248699
    0.894705117 1.62448549 0.91276139 1.67903745 1.00741649 1.91308403
    1.70622277 1.09881246 1.70764256 0.721934736 0.954313755 1.46374238
    1.39844131 0.847408235 1.26731944 1.204198 1.06686151 0.956735671
    1.49885452 1.67114377 1.79704714 1.73965955 1.29646516 1.44097662
    1.49661922 1.46044612 0.921598554 0.964721978 0.763396859 1.08756804
    1.59207129 1.34616339 1.24034953 1.15946746 1.52421629 1.33225441
    1.55017734 1.87841141 1.86880004 1.89226735 1.28266811 1.17249191
    1.28292239 1.70037067 1.67750418 1.71565318 1.86762738 1.2150439
    1.89541459 1.11128259 1.39363158 1.36170447 0.90441072 0.866665065
    0.762816548 1.00210655 0.980832398 0.86604178 1.01055336 1.46271062
    1.7920022 1.05684566 1.84729826 1.10432935 1.54010713 1.54368627
    1.50836778 0.889996409 1.63524425 1.44507444 1.77068508 1.23910797
    1.62717104 1.52784157 1.23527336 1.25666726 1.76377344 1.06810367
    1.53537226 1.93749559 1.69125271 1.71987784 0.895874202 0.951277852
    1.7437036 1.39080036 0.877486467 0.664171457 1.1933682 1.54953325
    1.5968107 1.19148076 1.22664964 0.960685074 0.948615372 0.99575901
    1.6222558 0.790644765 1.52025843 1.01605237 1.49913061 1.12785506
    1.5163008 1.8088361 0.884987414 1.76596904 1.23972595 1.33021104
    1.67283714 1.42775953 0.985767484 0.911934316 1.36760795 1.49485576
    1.05678499 1.74132311 0.992426932 1.49888945 0.966672838 1.74793243
    1.67756212 1.09953725 0.920719981 1.23368168 0.848364532 1.6189611
    1.21417737 1.19037783 1.32802737 1.71095741 1.02544713 1.50559127
    1.06187224 1.49048102 1.21708155 1.22908139 1.32535362 1.10966682
    1.44849253 0.834786057 1.23188484 1.32367754 0.966063201 1.62046432
    1.20692086 1.78860664 1.72562206 1.50051141 1.39072585 1.5513854
    1.56817889 1.75896144 1.11006367 1.87289429 1.83119559 0.877063453
    1.25581706 0.915986896 1.21176755 1.26651895 1.29863846 0.972145021
    1.81476438 1.19616723 1.71137989 1.71447027 1.22052431 1.16255879
    0.879248917 1.20728242 0.95961535 1.2389729 1.11675155 1.24915028
    0.981323719 1.68765986 1.4618926 1.71721983 1.15646994 1.83419752
    0.938185811 1.49622142 1.61727107 1.41623342 0.763256133 0.847228765
    1.36993015 1.33238137 1.07044399 1.51988125 1.63715768 1.83505058
    1.01865685 1.88438618 1.57254279 0.970943868 0.856925488 1.07940042
    1.78407145 0.783237934 1.04895866 1.16436172 1.23407769 1.3520664
    1.63781118 1.82508194 1.99889016 1.70285773 1.71939421 1.18453479
    1.21069813 1.81714559 1.3228581 1.30922461 1.34016502 1.04188883
    1.43277133 1.9469254 1.34466255 1.85117531 1.59023988 1.87072206
    1.25707817 1.21438789 1.31682014 1.43049848 1.58790553 1.80940795
    0.885540485 1.41872883 1.08197176 0.77787745 0.767953813 1.53699493
    0.950389028 0.777475238 0.888162374 1.1088407 1.05608273 1.08777881
    1.5132457 1.59848249 1.56306243 1.15718603 0.978785217 1.44804049
    2.00835729 1.48317206 1.759799 1.85179508 1.56454527 1.32671928
    1.66459715 1.2555635 1.74858737 1.60766089 1.08284307 0.909022033
    1.03430557 1.65957892 1.17232502 1.55713463 1.83665454 1.11642826
    1.21741545 1.46950901 0.581857979 1.07094038 0.855606437 1.1957885
    1.56004369 1.50096142 0.866275489 1.00279737 1.66049826 1.73804116
    1.74989474 1.33865738 1.63709819 1.0992415 0.818439126 1.10358918
    0.882251441 1.07459474 1.29040349 1.4113034 1.22959292 1.07281375
    0.849846184 1.68017685 0.923940122 1.77124345 1.46782231 1.16837585
    1.32638061 1.21889973 1.7735399 1.22930324 1.67399573 1.30291283
    1.48429859 1.82747948 1.74920511 1.59106851 0.887573242 1.51111829
    1.78885543 0.784992695 1.00594354 0.895824075 0.710265696 0.67759794
    0.957741439 1.49824154 1.78496516 1.71175408 1.58956194 1.87930119
    1.22096837 1.89748466 1.84888172 1.10862732 1.76861119 1.66401875
    1.34592736 1.17037833 1.15208018 1.59786654 1.4306556 1.38716054
    1.58083868 1.63419688 1.28663719 1.56567824 1.54845393 0.952486873
    1.87352145 1.05382347 1.87125504 1.36808085 0.843357623 0.851036966
    1.02292895 0.671989858 1.12579191 1.34033084 1.18648636 1.62531245
    1.65640891 1.45669782 1.13375437 1.66362894 1.46539128 1.28467762
    1.18659019 1.12413561 0.974682033 1.85153902 1.28502619 1.73404586
    1.13570487 1.94525015 1.53347182 1.54129183 1.61115432 1.24877739
    1.1202817 1.3336302 0.915747762 1.80607259 1.26304996 1.62738633
    0.925962389 1.5691433 1.38515747 1.83565009 1.6397202 1.69129217
    1.55805743 0.988968253 1.61394286 1.67328346 1.4728719 1.55512583
    0.983036935 1.04184914 1.85182261 1.59399915 1.76772249 1.83289814
    0.79869616 0.965091705 0.657130539 0.758636773 0.967099547
    0.989477098 0.834572732 1.48395383 1.6763593 0.979874194 1.00666702
    1.19432724 1.68130088 1.19393182 1.47152483 1.57349014 1.79775667
    1.05961406 1.74935436 1.56594992 1.33277106 0.945929646 1.27925134
    1.60486615 1.68906355 0.903012455 1.53694355 1.90863907 1.45530796
    1.40354598 1.08232319 1.87026882 1.86527991 0.802055836 1.4113735
    1.14347541 1.04036164 1.36233044 1.67808032 1.59304428 1.81158018
    1.27316797 1.35353136 1.59706831 1.45686078 0.87048763 1.48915601
    1.08886135 1.23881686 0.88547647 1.07278299 1.51378441 1.06723666
    1.57512534 1.05749142 1.58589029 1.32212818 1.70267439 0.999600589
    1.77654421 1.47515082 1.07619345 1.44274521 0.994938374 1.62013137
    1.4937439 1.11910534 1.06246257 1.74333036 1.86319411 1.60631871
    1.76977289 1.29925513 1.68476737 1.98387873 1.67770231 1.83193803
    1.49772191 1.83698499 1.3472482 1.78522539 1.32302654 1.53770971
    1.28710282 0.942558289 1.76708961 1.15355361 1.24719214 1.07319295
    1.30053222 1.5970397 1.84252644 1.46902883 0.967410803 0.871212721
    0.640861392 0.671302974 1.23913467 1.373487 1.28861165 1.14004374
    1.01933026 1.3912375 1.23982167 1.74124408 1.4476161 1.07850361
    0.881638408 1.47925544 1.41586697 1.49664783 1.87379634 1.4887718
    1.87779272 1.45909441 1.66661668 1.8180126 1.54743767 0.935304523
    0.937228203 1.72600889 1.5239737 1.55620205 1.82631302 1.77253067
    1.88978088 1.30533934 1.04945946 0.952414989 1.76779854 1.30976617
    1.27227807 1.51955462 1.51998639 1.46872044 0.936537921 1.79724669
    1.84211063 1.70697641 0.850973547 1.00755656 1.85777283 0.863536835
    1.53897214 1.05405188 0.998889327 1.35787499 1.45528865 1.19046605
    0.716213167 0.844341159 0.84918946 0.739145637 1.53904974 1.51229548
    1.31967318 1.23148608 0.941983342 1.38417912 1.10447919 0.907981098
    1.46089399 1.42541277 1.66351378 1.008219 0.972167909 0.959212542
    1.50182211 1.52042854 1.52578866 1.49808502 1.46496725 0.829809785
    1.13777661 1.03329563 1.2219007 1.3252964 1.1568625 0.76363194
    0.988593757 1.65015864 1.97000802 1.85796905 1.39136732 1.75268853
    1.40510774 1.88984621 1.59590137 1.47243118 1.68752468 1.23206675
    0.888213396 1.18525863 0.974226475 1.77701283 1.49532247 1.36672187
    1.22667122 1.22276819 0.994175196 1.57381201 1.7387743 1.14745653
    1.32280421 1.74272633 1.87220967 0.94043231 1.61789191 0.902554572
    1.295663 0.846231818 1.26548982 0.983625174 1.16049767 1.86521876
    0.964245498 1.15938461 1.5584631 1.63252974 1.5847199 0.900300622
    0.819566369 1.311867 1.03701425 1.46284556 1.97398984 1.46038914
    1.30261719 1.72757149 1.80908608 1.79471004 1.14984226 0.886315823
    0.932272911 1.60478652 1.81833398 1.62199414 1.20968139 1.0638243
    1.64713264 0.979874134 1.42743051 1.12164116 1.64957774 1.73619628
    0.790861666 1.54825592 1.2171067 1.27350473 1.41284621 1.66698027
    1.43777263 1.52017117 1.5365181 1.82063591 1.37351251 1.24698436
    1.34726322 0.664643049 1.08719981 0.697560132 1.06553948 1.23979306
    1.55044973 1.70949197 0.873537302 1.0513432 1.02878654 1.82954037
    0.890960336 0.869070113 0.934917629 1.71631813 0.949312568
    1.47001123 1.63271236 1.6208899 1.3978703 1.4414798 1.40160644
    1.74678588 1.38636613 1.57072353 1.57111013 1.36865914 1.3921535
    1.51630282 1.19312406 1.64222288 0.920466363 1.07270014 1.0571593
    1.2031765 1.24053514 1.67591739 1.11105359 0.926230609 1.70842397
    1.4386729 0.908557236 1.25909412 1.00636649 1.79933321 1.62790811
    1.25746274 1.63878071 1.59818757 1.71214378 0.986321867 1.11578083
    1.18507302 1.03451681 0.869841158 1.48028743 0.872559845 1.83096814
    1.34759092 1.50939453 1.15844023 1.31703031 0.975497961 1.12428677
    0.978412092 1.69987381 1.18789303 1.78401804 0.933852851 1.15089595
    1.59733784 1.88551664 1.22899914 1.06429398 1.85427976 1.85044289
    1.60503328 1.35506272 1.76820099 1.42570555 1.86005557 1.51585901
    1.01712322 1.60492754 1.4153012 1.22975481 1.81515479 1.31445956
    1.87118709 1.78038645 1.41729748 0.938602149 1.40476346 1.12541163
    0.580903351 0.672099054 1.43631291 0.681259692 1.13341498 1.69631219
    1.61785448 1.4868964 0.871902645 1.82738733 1.22822881 1.36909807
    1.72578609 1.42151177 1.78621304 1.93611252 1.86564982 1.74656534
    1.83331454 1.63472867 1.62980294 1.78881955 1.24151802 1.14463913
    0.964134455 1.50403929 1.79901373 1.59087789 1.48216391 1.5786103
    1.66461289 1.82170784 1.10408044 1.6103909 1.63283706 1.29419661
    1.09657431 1.16993856 0.957371235 1.03963983 1.25928116 1.19918394
    1.29779565 1.5661509 1.39457643 1.40826702 1.02443171 1.26299989
    1.19751859 0.776679039 1.09020555 1.20546019 0.772401154 0.619547844
    1.23976779 0.987579226 0.978788018 1.29247463 0.982660472 1.01488411
    1.36699736 1.39459574 0.77214849 1.68623102 1.6645447 1.15908587
    1.09355974 0.758253217 1.36064136 1.16785562 0.866968274 1.39258635
    0.883907378 0.881731331 1.15201986 1.16602302 1.47873354 1.24532485
    1.08460081 1.29874158 1.1467427 1.1243161 0.841531932 1.54486144
    1.01426518 1.85420048 1.65127742 1.89681387 1.8311249 0.976401687
    1.73997319 1.20732772 1.91472864 0.984202445 1.30180395 0.832214952
    1.33095217 1.30308461 1.35630691 1.24344683 0.870979607 1.80756259
    1.51220071 1.31233108 1.65432501 1.17480028 1.73356688 1.19605732
    1.71278226 1.4960562 1.65803325 1.46371877 1.39606082 0.833937585
    0.82851088 1.17355883 1.3102845 1.66434038 1.72436881 1.69581997
    1.24573159 0.905334115 1.7048043 0.879197657 1.19771492 1.00010014
    1.62937558 1.77875197 1.59789884 1.77372873 2.05303216 1.25701129
    1.96943665 1.89692652 1.10669589 1.54105067 1.85502017 1.65316582
    1.39746368 1.80617082 1.26103437 1.44616032 1.18107963 0.993494928
    0.823251903 1.77677929 1.12097013 1.47311187 0.79769361 0.975314081
    1.00440323 1.40584612 1.41171765 1.56808734 1.68708587 1.51815772
    1.78316808 1.91280246 1.05419374 1.28778696 1.0359751 0.813592553
    0.717917204 0.713742614 0.852484405 1.48922706 0.966611743
    0.868524671 1.79594398 1.25638962 1.20776415 1.84142637 1.7507081
    0.93880713 1.28294957 1.36364663 1.53705442 1.09531939 1.59290195
    1.640872 1.02360773 1.39200866 0.838091433 0.94756484 1.87501681
    1.66645122 1.61853349 1.89177752 1.17727649 1.46910548 1.13872671
    1.5744437 1.43540823 1.26454639 0.878619909 1.55128276 1.82405472
    1.5627979 1.42681396 0.979990959 1.30072987 0.928731561 1.15370786
    1.39431691 1.39043856 1.73059034 1.47023296 1.83748937 1.34474266
    1.89292514 1.46384621 1.36486256 1.11747754 0.880282044 1.68468976
    1.20249021 1.10294437 0.795499086 1.08037019 1.44089782 1.54001367
    1.39720285 1.12124753 0.882721543 0.897099078 1.48997486 1.43369377
    1.56635439 1.1676687 1.51872063 0.89698416 1.17480624 1.90552795
    1.67173541 0.987514734 1.76129198 1.05129337 1.37944269 1.59254324
    1.76862955 1.22197068 1.33471584 0.929365993 1.04350328 1.12089264
    1.16806746 1.74388373 1.22677016 1.74996865 1.84702754 1.38989007
    1.07665741 1.77189291 1.18642092 0.676225543 0.730529189 0.792267382
    0.66547358 0.677317739 1.04687333 0.838803351 0.764190376
    0.854969859 1.34488738 1.3553164 1.62434483 1.79577661 1.55350697
    1.68092608 0.969122052 1.33274865 0.992092848 1.73676443 1.40183663
    1.25536764 1.82071149 1.62041247 1.20831406 1.39868045 0.984734416
    1.0977782 0.863640904 1.26234102 1.77162778 0.98903811 1.76933193
    1.23867059 0.858907342 1.13866699 1.61969399 0.993402183 0.895975411
    0.735445559 0.692580342 0.724211156 0.888225794 1.46314585
    1.80872571 1.54140997 0.978112698 0.905899704 0.874122739 1.46007228
    0.995350778 1.48771894 0.987372875 1.41162455 1.18804634 0.88081646
    0.726098001 0.911105633 0.735048413 1.34981406 0.736566603
    1.60713923 0.780456662 1.2282815 1.2218765 0.71297133 1.21267426
    1.5325191 1.52538216 0.714998782 0.938930333 1.47110832 1.4854219
    1.24698722 1.75445282 1.04286993 1.26073301 0.881771028 1.37657928
    0.850195289 1.17950654 1.8333478 1.68474758 1.23211312 0.969936192
    0.854648948 1.30961585 1.79430926 1.35337222 1.08043277 1.34153414
    1.08427989 1.13238132 1.9573096 1.67438054 1.89946628 1.61982691
    0.983000696 1.31771815 1.54586196 1.44417953 1.57578254 1.01208472
    1.38210917 1.4737221 1.02551401 1.0423286 0.853765011 1.55969107
    1.2345593 1.00008738 1.57265341 1.76129246 1.51606035 1.07961118
    1.64085317 1.50337577 1.08797121 1.72004628 1.57033324 1.27585125
    1.02433324 1.54685783 1.88970351 1.70600617 1.11865628 1.1118325
    1.49922168 1.29195523 1.72886455 1.59694707 1.54740477 1.83613229
    1.63314831 1.77277088 2.02523923 1.95068073 0.923121393 1.07978451
    1.42022979 1.8069979 1.75158167 0.90064615 1.6911447 1.11200583
    0.870535493 0.942824841 1.34294879 1.78537726 1.08176875 1.74581099
    0.817047358 1.20992661 1.12850404 1.31859863 0.878602505 1.06684422
    1.2189095 1.04772103 1.87762022 1.3675456 1.83762515 1.34087336
    0.820296466 1.02452374 0.804410398 1.31340921 1.20151031 1.10256386
    1.54414237 1.44250488 1.69781327 1.11751699 1.78004599 1.15838253
    1.4470439 1.58114958 1.42662573 1.14023578 1.36661744 0.900099277
    1.71719837 1.63358104 1.33370316 1.35977459 1.25538599 1.78268504
    1.08391201 1.75191545 1.4182353 0.971115053 1.26870406 0.820665538
    0.847570658 1.70673895 0.821140349 1.51690733 0.777976871 1.35394514
    0.994868279 1.60778916 1.64958262 1.43298221 1.76319301 1.46107328
    1.29656303 1.10303807 0.97775209 0.99826932 0.935873806 1.74208283
    1.11298895 1.15650344 0.926884472 1.62499595 1.11558092 1.14239252
    1.04103136 1.55334127 1.17263901 0.995673716 1.0738802 1.72856867
    0.82699424 1.05719924 0.836934566 1.46167934 1.21958661 1.76727259
    1.04308975 0.894087493 0.82860589 1.4437362 1.80160034 1.32959127
    1.25894547 1.99223292 1.78354037 1.50158203 1.29323864 0.998337686
    1.35420895 0.982841432 1.01593709 0.949442565 1.50687671 1.56130493
    1.64969325 1.55255759 1.5355289 1.63344467 1.07724106 0.903049469
    1.08678532 1.05691075 1.5192982 1.51546514 1.19895351 0.658266246
    0.787145555 0.973157048 0.706820667 1.37516153 1.09773123 1.29320955
    0.954404473 0.865304053 0.923112273 1.55562103 1.79467964 1.86688137
    1.97478008 1.27480018 1.59579039 1.12230849 1.52466714 1.00052691
    1.76993918 1.50147367 1.1999706 1.63209105 1.73606634 1.02365351
    0.980353951 0.921473026 1.35709274 1.06232131 1.20560765 1.60757172
    0.898044467 1.60722589 0.871314883 0.802276492 0.989396214
    1.36407578 1.45916069 1.28442609 0.938897669 1.12254012 1.29669821
    1.2112776 1.13496172 1.49341488 1.18065476 1.36487114 1.03074396
    1.15863538 0.782072246 1.06098664 1.42840695 0.926841378 1.00146818
    1.20168865 1.25304115 0.866213024 1.02196729 0.928967535 1.42935228
    1.03213704 0.804019392 1.34134591 0.878232539 0.707601607 1.52444613
    0.884302199 0.721916616 1.14232111 1.15688741 0.841198146 1.34103441
    1.0099324 0.788836718 1.55670488 0.84344393 1.54030752 1.50263333
    1.64026093 1.92662072 1.59807384 1.47376692 1.05335391 1.34156942
    1.61144173 0.86953789 1.79769099 1.10526443 1.65811968 1.75921202
    1.44141686 1.87219322 1.02413738 1.74473345 1.93077135 1.33392525
    1.28789675 1.57767808 1.65325022 1.0299474 1.08091593 0.873869538
    1.6381284 1.0041436 1.52888393 0.763278782 1.57254851 1.20210063
    1.25174356 1.27329314 1.57980549 1.40369642 1.62077153 1.68951976
    1.45750618 0.9251315 0.87630266 1.53905034 1.07227695 1.86702979
    1.62420404 1.12847853 1.60249102 1.51094711 0.951450288 1.48850131
    1.08169556 1.44065511 1.61509514 1.55995107 2.07590866 1.9875015
    1.82620287 1.42604339 1.63755071 0.972532928 1.17184734 1.71185076
    1.06091237 0.95897305 0.967168868 1.36194539 1.37299883 1.66218507
    1.57893753 1.33201957 0.893702447 1.01859689 1.60934186 1.23197055
    0.799983144 1.77784276 1.13953686 1.14440966 1.59268558 1.18859255
    1.63598156 1.62418497 1.36645091 1.49587691 1.40271103 1.29677093
    1.43278182 0.90423131 0.935695946 1.37861955 1.71998835 1.17701936
    1.18969619 1.73443437 1.46434891 1.55172336 1.07421505 1.59154594
    1.44969451 1.00797367 1.64343917 1.5193795 0.984259665 1.05888772
    1.00212479 1.05237567 1.38152742 1.53910959 1.02807796 1.68861008
    1.35760725 1.10364795 1.72131383 1.04808998 0.876430988 1.27865624
    1.70686865 1.48623347 1.12617648 1.45984137 0.8050614 1.68600237
    0.965680897 1.68128085 1.09361613 0.92324692 1.4180584 1.74598515
    1.85529029 1.52633858 1.55641854 1.88153827 1.62809825 1.49565148
    1.76336658 1.6736517 1.4298259 1.42608249 0.77968663 1.01009881
    1.34522903 1.08004224 1.72629237 0.772365928 1.11891353 1.69456327
    1.27270019 1.27194655 1.45838344 1.52005196 1.31742334 1.00350237
    1.31713808 1.14047277 1.37004459 1.76025617 1.8710072 1.69303715
    1.65141332 1.14791203 1.29629958 1.72125447 1.42133725 1.3809433
    1.35450697 1.24299073 1.59948969 1.00162637 1.17827201 0.926901817
    1.60593939 1.764153 1.20331788 0.911095858 1.55534768 1.39365196
    1.22000182 1.02853298 1.69918716 0.822003126 1.31407273 1.03536475
    1.25171173 1.66473484 1.45051014 0.935332 1.50848448 1.43018305
    1.69917166 0.89760673 1.13474262 1.69057381 1.7344023 1.66075969
    1.04788828 0.91828084 0.91223973 1.76162922 1.59311843 0.957963824
    1.74739349 1.75994003 1.70029211 1.56037176 1.08882749 0.954638779
    0.980255365 0.797196627 1.61195099 1.54900682 0.896876335 1.67113876
    1.43356848 1.61503136 1.4944818 0.986938059 1.2243818 1.21245718
    1.31977654 0.851560235 0.77972585 1.79012692 0.952982366 1.7862401
    0.994379938 1.29105496 1.07816613 1.36811388 1.05805385 1.33139372
    1.39473033 1.4234792 0.761947453 0.950469375 1.00473273 1.69801593
    1.40223622 1.02713227 1.72927058 1.26982629 1.05652273 1.36983609
    1.39534938 0.932113767 0.806178749 1.0321486 1.0237087 1.26727092
    0.997715414 1.43660569 1.49369192 1.25914466 0.951763868 1.54251945
    0.729774594 0.975618124 1.16195703 1.47196054 1.41954601 1.46333969
    1.18159592 1.33655465 1.20563304 1.76817405 0.895507455 1.0154531
    1.17386067 1.14096522 1.7546134 1.62640238 1.87374187 1.26680589
    1.49261868 1.95949054 1.83829153 1.65507483 1.92572248 1.77896452
    0.955715597 1.56661439 1.16574574 1.76299691 1.8423177 1.33081305
    0.898044527 1.33798158 0.885963798 0.963261962 1.67479169 0.79570049
    1.10004222 1.24277818 1.45236838 0.960101902 1.00076389 1.47394955
    1.58170867 1.08395076 1.57883418 1.49955201 1.09584725 1.2509867
    1.61744893 1.86866999 1.68235219 1.17633498 1.49055159 1.07805073
    1.53905118 1.06905293 2.07293224 1.85577512 2.01414967 1.03367221
    1.5239464 1.18662727 1.10671854 1.16564727 1.41806829 1.19880927
    1.51018107 1.32728088 1.59724355 0.955553055 1.815961 1.36689246
    1.72909939 1.23370504 1.1629194 1.52389503 1.63453186 1.27551067
    0.791158795 1.50758433 1.18551743 1.08921039 1.25018406 1.39742017
    1.35703754 1.42285621 1.76470971 0.989055812 0.915233552 1.68668306
    0.775736153 0.84497124 0.839112401 1.37910092 1.31365323 0.940314054
    1.33774757 1.72211921 1.14356506 0.916584671 1.6542604 1.48244345
    1.4875778 1.38136876 1.36809826 1.03903627 1.52264416 1.16911983
    1.74962187 0.860025525 1.78603065 1.78662884 1.24624181 0.927064359
    1.16677976 1.77717113 1.60742927 1.07061768 0.863889396 0.795778871
    1.59282649 0.797121048 0.786208212 1.31990552 1.72453153 1.51514733
    0.858830631 0.771504641 0.940501273 1.22729445 1.12428415 1.75879014
    1.64222431 1.3055352 1.30783784 1.89304864 1.33122587 1.85580981
    1.36323357 0.866910219 1.09825623 0.680730581 0.746866345 1.55963588
    0.893516243 0.854923606 1.51807654 1.15265274 1.18995273 1.03477311
    1.17213166 0.837818563 1.41076231 1.45014369 1.78707719 1.67350698
    1.3548125 1.38002515 1.70543909 1.71224129 1.64260995 1.81207168
    1.58311594 0.883060694 0.956842661 1.2655611 1.79395306 1.5317291
    0.847573936 0.81014508 1.30342126 1.2220062 1.78906071 1.70347846
    0.97513479 1.42403269 1.43682611 1.50201011 1.28064549 1.87486255
    1.06571007 1.12340808 0.745458245 1.37553275 0.874971867 1.47302449
    1.60852015 0.863410354 1.26047862 1.41752875 1.54672158 0.887844324
    1.72951078 1.86775827 1.68804395 1.84154773 1.59267414 1.0730834
    1.68619955 0.794752777 0.868243754 1.06473351 1.32193184 1.85833418
    1.43021488 1.32620442 1.41694546 1.58331549 1.04353809 0.935446858
    1.3128773 1.63027143 0.942496955 0.977927208 1.04567099 1.58630037
    1.06830668 1.27496052 1.54529703 0.990077376 1.50319171 1.16338444
    1.4034344 1.34676349 1.44331169 1.861884 1.45311975 1.65781963
    1.05260289 0.80746305 1.41827619 1.61578631 1.02760243 1.11413527
    1.20748556 1.1663487 1.40087867 1.46861827 1.46034479 1.79380083
    1.03770113 1.81753421 1.35184562 1.17412794 1.72373486 1.71857035
    0.823780417 1.13595653 0.831349671 1.67891455 1.59844136 1.14835107
    0.769698501 1.30373454 0.803652346 0.917228281 1.51945245 1.37412119
    1.19053805 1.68889308 1.67245424 1.25252318 1.51423156 1.42581439
    1.05038619 1.42593634 1.05285597 1.33399439 0.856945515 1.24509585
    1.54973638 1.5413487 1.14417374 1.54658914 1.07844412 1.20264065
    0.974809349 1.95464134 1.8648392 0.933534861 0.926262319 1.69776404
    1.73167765 1.01447642 0.917862356 1.46742153 1.40067363 1.36907983
    1.34893441 0.888593495 1.08836102 1.4995507 1.03114247 1.60341668
    1.81767285 1.34008527 1.48125398 1.76487529 1.03385878 1.26570308
    1.40239835 1.22359455 1.81213868 1.72699678 1.77328122 1.86282158
    1.84974277 0.94446969 1.77904797 1.49686205 1.92529106 1.76364458
    1.61578596 1.01167858 1.69239175 1.36898804 1.65996122 1.00150919
    1.12977898 1.60849261 1.88659942 1.47926748 1.2266382 1.90902865
    1.54745424 1.36757505 1.92402136 1.45623374 1.40946591 1.60674739
    1.64067888 1.15808618 1.71091747 1.26125085 1.58132923 0.790070832
    1.0963794 1.72204697 1.19431663 1.21758401 1.6704874 1.91512394
    1.54695106 1.40915668 1.43389583 1.05678201 1.1982789 0.94391799
    1.46032405 1.0946461 1.90690088 1.87362194 1.40536904 1.5574466
    1.40680635 1.78861392 1.65813279 1.20291471 1.64910698 1.97321999
    1.82366574 1.85846806 1.25298727 1.50664055 1.59708226 0.941270173
    0.86336869 0.873217404 1.31024086 1.73161232 1.32927048 1.792521
    0.9624964 1.76592767 0.921058357 1.54743159 1.14624834 1.48304439
    0.884948254 1.35085428 1.82945085 1.14577436 1.65716159 0.899459898
    1.72356582 0.850347281 1.66990221 1.06136191 1.15396833 1.86409616
    1.25701988 1.03980529 1.73542249 0.817602932 1.15170431 1.49748862
    0.673101544 0.960748851 1.2824316 1.43978667 1.69572556 1.23420835
    1.14763772 1.554178 1.21177137 1.11268473 1.67266595 1.45167422
    1.22271204 1.29362011 1.18807328 1.23940086 1.25878453 1.84431362
    1.37544787 1.91040409 1.8485043 0.953698039 0.885204732 1.50419283
    1.78488255 0.869785726 1.37103915 1.66423488 1.42933774 1.35549235
    1.32833207 1.02615929 0.950237691 1.67311347 1.36421168 1.28119135
    0.985478818 1.75058258 1.61377037 1.3451587 1.53821313 1.36645424
    0.8620857 1.6862396 1.05120504 1.48413014 1.4658519 0.94334507
    1.3898809 1.67981851 1.4939208 1.43792331 1.57291746 1.67716515
    1.74202168 1.55989456 0.876368284 1.30979908 0.727080226 0.997044086
    1.25062811 1.42105043 0.856494427 1.37992764 1.65535021 1.89889002
    1.44595611 1.53112948 1.45737553 1.24309349 1.5311867 1.42010248
    1.26207459 1.52240884 1.51072741 1.59963858 1.5912497 1.12758362
    1.57105923 1.50245428 0.662472308 1.24889159 1.12278771 1.48359013
    1.17413688 1.21849823 1.26606309 1.78829706 0.993915975 0.835506201
    1.07902288 1.257581 1.29404593 1.69158649 0.962225795 1.33432364
    1.59313619 1.28712595 1.88868308 1.86955678 1.06862462 1.90445113
    1.29304612 1.13402557 1.66113997 1.39041328 1.74010837 1.05314827
    1.03224468 1.48770678 1.45581746 0.906182408 0.964962661 0.870461464
    1.2196871 1.59783328 1.31031144 1.16794252 1.39937198 0.993408263
    1.06914616 1.86460268 1.59818351 1.83054268 0.971591353 1.44613159
    1.01398408 1.03963113 0.95234406 1.39903378 0.946976304 1.04814839
    1.28826559 1.47539198 1.07483673 1.47517848 1.15529132 1.74545455
    1.78784359 1.32301056 1.24545252 1.22288847 1.29583716 1.10486901
    1.69942236 1.67638338 1.71652329 0.820876479 1.14087117 1.2739141
    1.68330956 0.827229559 1.19264209 1.05311763 1.48393452 0.90073055
    1.15109539 1.61357236 1.55028117 1.42299056 1.84638929 1.2163583
    1.58364666 0.864246011 1.31957066 1.82727993 1.62737346 1.4084748
    1.00188363 1.59691477 1.29499447 1.56735861 1.74657798 1.91591203
    1.36705625 0.990626693 0.818239331 1.13674235 0.798756421 1.64848077
    1.13753939 1.89297986 1.49366987 1.26901686 1.74867308 1.93091214
    1.89522338 1.15451956 1.63142443 0.953916192 1.58965111 1.53296816
    1.84974003 1.22168887 1.34426606 1.01157105 0.680099785 1.07099438
    0.766010225 1.20148385 1.27829039 1.59495103 1.82797599 0.943571627
    1.06242037 0.989120066 0.937241673 1.08293211 1.52091348 1.15566444
    1.18563414 1.93449974 1.99856865 1.924945 1.29699624 1.55664861
    1.15688503 1.25037193 1.9375236 1.37190688 1.96653879 1.93420672
    1.61666095 1.34252322 1.69233179 1.40849817 1.67403793 1.78789902
    1.06089652 1.1658361 1.26595032 1.51522803 1.07987821 1.77445149
    1.70294547 1.5005666 1.32793951 1.65486896 1.58766925 1.58011007
    1.62664163 1.89844608 1.0843991 1.34175122 1.01744986 0.856456697
    1.5254972 1.78202903 1.5494504 1.82828176 1.0388242 1.36235297
    1.14573526 1.09037173 0.966655254 0.88910979 1.25449991 0.887867868
    0.903713346 1.38603044 1.79916251 1.52766311 1.81068277 1.87445879
    1.02789271 1.7085489 0.917390645 1.40452766 1.37482798 1.28546333
    1.27480602 1.475384 1.06917214 1.58509135 0.925668061 0.964899004
    1.8638767 1.14159584 1.76231718 1.0359354 1.07198203 0.858152688
    1.43405795 1.57188487 1.11667991 0.904620349 1.45425773 1.75530553
    1.87663603 1.0654484 1.26881123 1.04335403 1.6248554 1.78984177
    1.22332871 1.92031145 1.42470813 1.66641116 0.902626812 0.912506759
    1.56640887 1.55471277 1.78543913 1.29145455 0.945156395 0.956526518
    1.06066525 0.88107419 1.50264168 1.49383938 1.75665128 1.52433801
    1.2473228 0.800390422 1.18380117 1.71184194 1.04447818 1.42363322
    0.815795422 0.886441588 0.879001081 1.55631864 1.74257755 1.89321303
    1.8697803 0.944806814 1.54654109 1.30815411 1.20450151 0.830637991
    1.80645227 0.877226412 1.59135854 1.53772342 1.24689126 0.653548241
    0.822873533 0.688704848 1.76246715 1.00484383 1.36852324 1.80794787
    1.29154658 0.868400812 1.48125863 1.35259962 1.61281121 1.81246734
    1.12552214 1.15106702 1.24154007 0.889301419 1.32245636 1.808339
    1.4810909 1.74750459 1.71774375 1.81772006 1.47330356 1.77046323
    1.82192016 1.85832024 0.902738988 1.66239834 1.76154983 1.84341657
    1.44391406 1.74502873 0.925722599 1.797315 1.70635355 1.05200708
    1.61178184 1.22728777 1.6198802 1.27829945 1.43618166 1.64348423
    1.85082626 1.55754602 1.51775873 1.26259542 1.83189142 1.05601549
    0.798961699 1.65925264 1.62726021 1.10506916 1.32724369 1.20447206
    1.43487096 1.31359577 0.935632586 0.983092666 0.928421736 1.63681245
    1.70588136 1.48962903 1.34447968 1.80848873 1.83810139 1.87955868
    1.52485383 1.24781179 1.42109382 0.893239915 1.65460646 0.736668646
    0.777975619 1.0155282 1.44476271 1.08935499 1.50626326 1.08428872
    0.908849061 1.28684568 1.7334677 1.41192639 1.11647391 0.784656882
    0.938460171 1.41624463 1.19514215 1.8744123 1.45922756 1.47430801
    1.49886966 1.94144666 1.19246578 1.32399285 0.853560984 0.753396094
    1.36205292 0.898305237 1.08009505 1.88483012 1.63627124 1.06243503
    1.53145218 1.50116098 1.37327433 1.51154137 1.41384864 0.971246541
    1.84307444 1.68268859 1.39268923 1.53215015 0.889976382 1.22335935
    1.18508768 1.06480324 0.672772765 0.989765406 1.06784916 0.967033088
    0.976171374 1.83041263 1.51944172 1.58550584 1.28495359 1.33082962
    1.73422241 1.19642305 1.76043677 1.58156371 0.948073506 1.91147244
    1.15142405 1.69697237 1.92097223 1.13191509 1.60431147 1.37381458
    1.25247991 1.64407516 1.92034876 1.3632648 1.32966375 1.37692034
    1.37653208 1.48404396 0.982194304 1.07427669 1.13359606 1.5812993
    1.54048979 0.983305991 1.64945912 1.1896956 1.34427357 1.60363841
    1.39666152 0.928390205 1.40433908 1.62608576 1.90178084 1.49430346
    1.04897368 1.65507901 1.01118279 1.29009521 1.5908134 1.01148689
    1.13521767 1.8815378 1.209952 1.17988122 1.61254442 1.22114027
    0.745623529 1.20140684 1.46652031 0.768333972 1.07378793 0.776296198
    1.42630458 1.5042963 1.57252169 1.60950327 1.48015952 1.77059209
    0.828425109 1.72172189 1.77857256 0.85315752 1.05500913 1.23406398
    1.00761008 1.79961681 1.50971532 1.11264408 1.75120699 1.44047773
    1.42561793 1.56510842 1.27429378 1.65521371 1.28311706 1.0236088
    1.06490171 1.21598768 1.53280938 1.77920878 1.38545203 1.68694162
    1.00347209 1.01657343 1.11567903 1.64562047 1.07013953 1.60989058
    1.26372874 1.70410872 1.20107746 1.59667706 1.24231184 0.922291517
    1.85653365 1.74778318 1.6219219 1.38926303 1.16850102 1.06627584
    1.70182204 1.17338789 1.5964123 1.31699014 1.02349222 0.942478895
    1.28936207 0.9754498 1.57498991 1.11549222 1.09378028 1.25655031
    1.68890047 1.56765544 1.41741621 1.58746815 1.235618 1.44664502
    1.45004499 1.42794514 1.8113116 1.01822054 1.03633523 1.31335795
    0.858741343 1.42849982 1.13659728 1.11062539 1.06146359 1.46977103
    1.10964441 1.53906465 1.70984197 1.62385666 1.60650682 1.45671737
    0.974287629 1.45106292 1.51256406 1.19395542 1.8840276 0.940693855
    1.68324924 0.804524899 0.809556425 1.19494689 1.55457401 1.33820868
    1.66709816 1.45931077 1.44990551 1.5274334 1.71667171 1.08826578
    1.8632828 1.41820586 1.45287073 1.56056058 1.37884879 0.950534642
    1.46936512 1.04900539 1.82815194 1.26924729 1.72437465 1.46842134
    1.52233839 1.82307827 1.83209169 1.70312023 1.42236376 2.01302361
    1.8597014 1.28657305 1.47063243 1.27913046 1.66626942 1.00548196
    1.04562557 1.71970892 1.65441191 1.38062501 1.73021591 1.89431572
    1.4418962 0.991282523 0.953062356 1.77550948 1.5764147 1.01381505
    0.994929135 1.8610543 1.87367141 1.30424583 1.57196462 1.33024776
    0.822948933 1.0342083 0.805754006 0.914945006 1.1273073 1.53034365
    0.90842855 1.08502698 1.32237983 1.64935672 1.13922799 1.19778216
    1.24523485 1.11401272 0.965323329 1.08913493 1.04836178 0.986743033
    1.18676162 1.68486965 0.960171819 1.11355388 1.33977222 1.67710757
    1.69254851 1.65220058 0.97459662 1.2057898 0.732770145 1.04489493
    1.65647697 1.55030537 1.70641291 1.10763073 1.55764365 1.7729553
    1.0717802 1.84033787 1.35618877 0.916896343 1.27506053 1.08272922
    1.32096243 1.41575754 0.91001147 0.804246068 0.705119908 0.841495216
    1.05379593 1.0117327 1.74263382 1.59361172 1.72975755 1.94290185
    1.77131104 1.38043058 1.3046155 1.37837064 1.76164389 1.71377444
    1.10465229 1.60818291 1.16815162 1.66186643 1.03148413 1.1744405
    1.76591921 1.34034503 0.906049013 1.47479367 1.44083595 1.39655805
    1.31731844 1.22137988 1.51704144 1.68503988 1.77905381 1.35791624
    1.26797712 1.44038582 1.72824836 0.891635418 1.88199437 1.84867465
    1.22285891 1.36300313 1.4458791 1.61503327 1.45201254 1.13266742
    1.33850586 1.48580754 1.91216159 1.71933055 1.99631274 1.85993707
    1.71624792 1.5745374 1.08959532 0.87217927 1.36486208 1.34344912
    1.75954449 1.24108601 1.37914491 1.24557364 0.859816492 1.21630204
    1.64902687 0.760345519 1.05193472 1.22336102 1.25543559 1.45933938
    1.42389905 1.14916432 1.10540974 0.871948183 0.872281075 1.40185666
    1.4369508 1.25425076 0.941358447 1.68991411 1.82242703 0.943086207
    1.35039794 1.26400626 1.43029034 0.853919804 0.855222285 1.34655166
    1.77957892 1.78776467 1.49451268 1.36374414 1.70262456 1.81245339
    1.95987391 1.90359104 0.941768706 1.61495411 1.34000218 0.85258013
    0.859932065 1.51252878 1.6468786 1.64807999 1.53452194 1.42366433
    1.20843673 1.20818436 1.04308224 1.35494637 1.3013351 1.50458169
    1.20923603 0.981302559 1.47176766 1.21987474 1.58373904 1.02740109
    1.73965168 0.846963227 1.49455333 1.23409235 1.12513816 1.36669314
    1.72573709 1.25814664 1.01908362 1.10571873 1.06230605 1.84877789
    1.03927326 1.68605351 1.16777992 1.20458496 1.51239192 1.65310276
    1.06647182 1.81055355 1.39046276 0.996568501 1.73047614 1.66984773
    1.12658608 0.943871319 0.606191218 0.602228642 0.817168474
    1.40887833 1.4419682 1.9001013 1.89955866 0.932266951 1.0998987
    1.26111662 1.12449741 1.28498197 1.90278924 0.935112834 1.83080244
    1.21161437 1.39666104 1.15340805 1.01963162 1.40978229 1.68450153
    1.74454904 1.21339631 0.989206314 1.85517085 0.965216577 0.858368456
    1.11164188 1.50425661 1.2378056 1.38404584 1.63531125 1.1029458
    1.64199317 1.15023053 1.54665041 1.45047522 0.911416292 1.47753537
    1.10433459 1.57535553 1.0261904 1.94654965 1.45903265 1.52645504
    1.61474347 1.81982803 0.856121778 1.5167768 1.73368287 1.43335104
    1.485618 1.09300041 1.65443301 1.78985894 1.14436054 1.78285146
    1.47631216 0.867620647 0.892265439 1.11873078 1.00055313 1.53370452
    1.70543993 1.00430238 1.47524464 0.955292106 1.53675413 0.945004046
    1.47964263 1.56254995 1.7446574 1.14695919 1.25509286 1.27438259
    1.17849898 0.852260053 1.54850054 1.72184587 0.855419755 1.38137388
    1.40197563 1.16099715 1.1814115 1.13053703 1.72137904 1.0554291
    1.69774044 1.57321191 1.55571544 1.364568 1.75825238 1.72730935
    0.902735293 0.935398996 0.742488563 1.67561913 1.64620221 1.66807473
    1.61869502 0.976549208 0.901113212 1.03324807 1.57821262 1.40830827
    1.62162662 1.17151368 1.33563495 1.32367027 1.28820598 1.65384972
    1.20152378 1.05327785 1.10609353 0.992418885 1.39332926 0.969672799
    1.30293465 1.73872626 0.964680314 1.5502454 1.52733707 1.06788731
    1.50078869 1.30940759 1.79991591 1.22730291 0.886034608 1.33077002
    1.66420352 1.27113473 0.903610647 1.65724039 1.37868094 1.0921874
    1.05369914 1.77549946 1.77841008 1.10027349 1.17738831 1.78736699
    1.58596873 1.0601927 1.53052783 1.13791633 1.52385485 1.39378262
    1.43824136 1.33811355 1.79281473 1.59525752 0.981891274 1.50734878
    1.67095959 0.900951505 1.26254416 1.3004142 1.44989622 1.04882848
    1.04327464 1.67866838 1.68465722 1.82613766 1.96853817 1.79505122
    1.38456774 1.21451294 1.17419684 1.49203753 1.67821157 1.61898756
    1.81825674 1.54657674 1.39915371 1.54746616 1.42329061 1.70525432
    0.824097812 1.25934231 0.849066615 1.69936705 0.988412976 1.44198883
    1.22884035 1.05411315 1.19716609 1.14831305 1.70896101 1.79860604
    1.3740772 1.44063568 1.82900035 1.03316343 1.23677135 1.82729685
    1.7635299 1.01996982 1.03876483 1.21302593 0.82563138 1.32883859
    1.20974219 1.45040858 1.7258966 1.59747052 1.5369072 1.74073648
    1.48056448 1.17297137 0.77970618 1.20113301 0.9524526 0.869547129
    1.50874889 1.76773453 0.878914058 1.49758863 1.29872167 1.01726437
    1.55574143 1.27765858 1.3481735 1.78553414 1.65417707 1.07488286
    1.74535108 1.67018127 1.18761671 1.8155514 1.33814037 1.34968233
    1.16832483 1.49065757 1.3961339 1.02133226 0.964583337 1.4599787
    1.14794278 1.41667736 1.70081294 1.38936806 1.76120818 0.99818629
    1.86214423 1.74351466 1.8956666 1.04853666 1.28009498 1.49342704
    1.59665442 1.30680025 1.2835536 0.985772431 0.831780314 0.803784609
    1.44476449 0.654599488 1.42034721 0.926089644 1.31084752 1.20910025
    1.15499878 1.03093958 1.74346685 1.61631632 1.82136321 1.47793722
    1.88173556 1.89936256 1.39173853 1.7001375 1.59662724 1.17165375
    1.49667323 1.72456896 1.81924117 1.29127395 1.32876074 1.38272226
    1.65568566 1.1581974 1.122118 1.35451031 0.946250737 1.84079492
    0.932656348 1.2597723 1.76327002 1.08316803 1.86416531 1.27817392
    1.21537566 1.46292889 1.42531896 1.00942063 1.25238764 1.75790334
    1.04322696 0.925932884 1.59305906 1.80017519 1.89681733 1.4157021
    1.192312 0.98575443 1.15220809 0.877153873 1.2142694 1.92039514
    1.36580467 1.56669021 1.71579301 1.82808328 1.38982594 1.09167659
    1.6670624 1.42639327 0.960273147 1.62660253 1.32184565 1.51263571
    1.55477071 1.68031538 1.40932786 1.08588588 0.921804845 1.54887986
    0.840533853 1.27540338 1.53929448 1.40136719 1.02578068 1.47115719
    1.19553423 1.19808424 1.7245965 1.39875543 1.63609326 1.76734138
    1.40147328 1.83050299 1.30492449 0.894433022 1.64275908 1.86322105
    1.57571685 0.989278197 1.56620646 1.69736207 1.45356965 1.00484943
    0.935814142 1.25864685 0.832569301 1.08852184 1.53147733 1.33598816
    0.946235955 1.32249081 1.73240614 1.88818502 1.82033253 1.22508919
    1.88994777 1.68793976 1.77628517 1.10994458 1.66790354 1.08316708
    0.747306526 0.816699445 1.09290373 0.879325688 1.37752151 1.73390687
    1.2314235 1.67115951 1.28947604 1.23854315 1.67897677 1.44923341
    1.59893799 0.904416442 1.71432805 1.50434875 0.82957226 1.27067327
    1.18670785 1.22331607 1.58454537 1.31924701 0.800187528 1.30903745
    1.50711966 1.18071175 1.34065425 1.13300967 1.45255995 1.37332416
    1.22542942 0.885820925 0.830105722 0.841425955 1.61113167
    0.842694163 1.33437324 0.98836267 1.47723293 1.56246817 1.18578196
    1.42340672 0.922151327 1.32318413 1.32898688 1.36231124 1.20918977
    1.07403946 1.67460406 0.994046807 1.31204367 1.05539107 1.80567706
    1.95731914 1.07747805 1.91289926 1.15297663 1.65533793 1.32294977
    1.65483069 1.82243049 1.8586843 1.5731889 1.75041091 1.4987818
    0.960776806 1.40568793 1.02490878 1.41071236 1.70306611 1.37932718
    1.84836173 1.33483827 1.77671778 1.74126184 0.989505649 1.4233706
    1.74601901 1.71475101 0.934379399 1.85770464 1.6951263 1.31750166
    1.75667524 1.79571974 0.904585481 0.923192441 1.01313162 1.67013729
    1.26374936 0.975109816 1.06651485 0.998140454 0.965795517 1.08046162
    1.14357269 1.33046925 0.879162192 0.845651627 1.25926948 1.38377035
    1.19451404 0.95551908 1.43823612 1.82995749 1.34533215 1.39590168
    0.879544854 1.37763202 0.948809505 0.968215585 0.941395581
    1.05655193 1.56892133 1.78602993 1.84554827 1.39849818 1.61380959
    1.11865318 0.856586277 1.33246863 1.04926848 0.75738287 1.17788112
    0.899713099 0.760519505 0.84371227 1.69948065 1.17229176 1.26047027
    1.6351589 0.93164283 1.49503314 1.63788915 0.909293711 1.4735353
    1.63648582 1.84123147 1.07144189 1.67323148 0.995383024 0.907628238
    0.645979643 0.856793523 0.625770867 0.85525316 1.339113 1.41759634
    1.16794229 1.3944335 1.66168487 1.83895826 1.94622564 1.7463659
    1.67074037 1.04455054 0.917650819 1.45746028 1.33170438 1.10521615
    1.87334657 1.28452277 1.39147949 1.21245575 0.946365595 0.831536472
    1.4249084 1.10525882 1.48775733 1.57917285 1.8869884 1.71135688
    1.26641166 1.53742027 1.53042328 1.7215147 1.80745995 1.38507044
    1.72242856 1.4745214 0.921496212 0.809952676 0.989694655 0.849268436
    0.846718192 0.983323812 1.303859 1.3374511 1.3746568 1.49143457
    0.968293905 1.27470315 1.34280586 1.45261645 1.03918266 1.59418917
    1.42946076 1.42671776 1.84881985 1.65267146 1.6034503 1.74750841
    1.31819391 1.10375869 1.01984453 1.11636364 0.979584038 1.11867201
    1.37440681 0.885932326 0.744066834 1.1979816 1.28270733 1.02704597
    0.783471048 1.37178195 1.48677039 1.37927556 1.72351444 1.25772285
    1.05389249 1.73051083 1.25484145 1.76530576 1.5542773 1.61320949
    1.49104786 1.29645407 1.38551426 1.43323219 1.7607975 1.27119279
    1.85030043 1.81347632 1.88602161 1.12447643 1.85613906 1.66074562
    0.778822958 0.851287425 0.893213034 1.63364613 1.58563972 1.02090728
    1.72963226 0.902080953 0.927670419 1.04482174 1.20002067 1.40061533
    1.0720042 1.84714365 1.04536664 1.84787726 1.29075754 0.915765464
    1.48821139 0.844553351 1.69982779 1.7487942 1.18190706 1.65047348
    1.64337778 1.32276309 0.868832111 1.43279517 1.50761902 1.15348816
    1.50543237 1.79617596 1.19648075 1.63772476 1.1683861 0.861675382
    0.93335861 1.36016738 1.3613286 1.34734607 0.771852672 1.45720744
    1.06725144 1.6022805 1.27373314 1.16442883 0.94233489 1.02178919
    0.981210709 0.982412398 0.836398602 1.59876692 0.772179782
    1.51773489 1.65869355 1.57906985 1.61891937 1.66685307 1.77186048
    1.71572781 1.34646082 1.47133029 1.09960186 1.49212849 0.92056334
    1.82362819 1.16439402 1.32486212 1.49745047 0.982919037 1.98426223
    1.94436932 1.26504064 1.34516919 1.3687644 1.0991919 1.31855488
    1.96351099 1.54391766 1.30545104 1.92996907 2.00713301 1.94898927
    1.27935898 1.06623399 1.7198174 1.6221441 1.02723682 1.78660429
    1.07237816 1.08755744 1.64528453 1.63131034 1.32571244 1.28140736
    1.45089602 1.09640121 1.16719365 1.71580052 1.67021787 1.68495917
    1.71091425 1.93629003 1.86994267 0.894367456 1.538818 1.41130996
    1.20416474 1.52256024 1.77237499 1.72321355 1.06062698 1.72907066
    0.687725306 0.682555735 0.632760644 0.714111865 1.02209663
    1.44131303 0.961366117 1.28074253 1.28184235 1.59703767 1.35223401
    1.18576896 1.73270893 1.64957869 1.22008014 1.84706843 1.73465002
    1.00398731 1.17597151 1.87139618 1.75100172 1.71597946 1.01987588
    1.30029905 1.45279562 1.38537097 1.51149607 0.785966814 1.09626436
    0.812617958 0.991201699 1.59181821 1.48769295 1.20701194 0.989629388
    1.70965803 1.5288353 1.21309245 1.1478616 1.49889195 1.79864836
    0.944568813 1.66977513 1.80720031 1.30553055 1.60794973 1.33997238
    0.584148765 1.40337837 1.06809795 1.54540932 1.26908302 1.75998366
    1.01570117 1.43529928 1.794783 1.4463104 1.64270937 1.43137789
    1.00810337 1.5390476 1.64684796 1.21325576 1.72522676 1.87339914
    1.9185518 1.76684678 1.6142652 1.64594924 0.969589233 1.3618027
    1.33240724 1.32327342 1.73964047 1.94635546 1.67268419 1.84344208
    1.91170764 1.45610142 1.53842437 1.696033 1.82666564 1.10737956
    1.88460457 1.87838113 1.32383657 1.28909671 1.03890753 1.2148962
    1.30072093 1.2807219 1.66476512 1.2517978 1.71067655 1.22681689
    1.71658182 1.29633498 0.980969489 1.56352985 1.87205374 1.71458328
    1.22021759 1.48688018 1.61176264 1.75736034 1.15079868 1.33856416
    1.67300057 0.777389407 1.0247072 1.13768625 1.05876744 1.64375818
    1.62979949 1.3307724 1.53284633 0.687068999 0.841940761 0.733296573
    1.51335311 1.14886093 1.3545059 1.48063171 1.83394337 1.10712123
    1.46629429 1.81493783 0.893848896 1.24993813 1.68440557 1.28896153
    1.72562957 0.876123071 1.33724391 1.61751866 1.58658016 0.895174444
    0.87834096 1.72090149 1.10494328 1.860829 1.57707393 1.8044337
    1.28474462 1.4036572 0.962642193 1.42699504 1.45923984 0.912163019
    1.17059755 1.03769803 1.70752811 1.5839721 1.91156352 1.25061655
    1.70018852 1.08571434 1.24225593 1.50127351 1.83456933 1.67054427
    1.62029743 0.990258336 1.53998709 0.848636568 0.950630248 1.16417444
    1.59561181 1.78780985 1.81130207 1.10799813 1.07626772 1.42301452
    1.77907991 1.31461692 1.16719782 0.977738857 1.24781859 0.984583437
    1.25170755 0.998478234 0.941661417 1.11456501 0.874100685
    0.763583481 0.984582245 0.828743458 0.869192243 1.41923964
    1.14806259 0.750181854 1.08478546 0.837725461 0.790101647
    0.861874044 0.973219037 1.1041379 0.940611959 1.86355662 1.01945972
    1.28614104 1.84424329 1.6431489 1.36281478 1.44878078 1.20804274
    1.46384883 1.18782222 1.31019425 1.56304288 1.60734773 1.89518166
    1.31270623 1.81376553 1.9969821 1.49550903 1.76411283 1.47839499
    1.57974482 1.25596535 1.92343378 1.49853408 1.11807311 1.69114077
    1.75542438 1.58435237 1.73227549 1.53517985 1.2664845 1.84782362
    1.62128317 1.14421868 1.16684902 1.47590542 1.56738734 1.52242672
    1.14629066 1.37906301 1.67037451 1.41721368 1.85573494 0.989816546
    1.6271385 1.80660868 1.83207011 1.26354504 1.46707928 1.30789101
    1.84996688 1.44750369 1.51047623 1.52016544 0.959519148 1.73749483
    1.74286437 1.48789048 0.696650088 0.628925025 0.952730477
    0.646547556 0.665035665 1.58920562 1.17727208 1.45327294 1.19765055
    1.48355186 1.43030572 1.01542687 1.50932145 1.62723041 1.16067076
    1.21766746 1.81397021 1.27754378 1.47118139 1.8603667 1.69785643
    1.22177196 0.981738865 0.860633731 0.999630392 1.60653532 1.70290697
    1.28154755 0.90168488 1.13114178 0.88230747 1.25984764 1.57297671
    1.28263998 1.33165956 1.00007808 1.42249203 1.70992076 1.2114265
    1.23595357 0.828878522 1.56490183 1.57666981 0.823003411 0.875322402
    0.773953557 1.33670592 1.52450061 1.06185019 1.3541069 1.52244341
    1.74308348 0.791674674 1.29996252 1.17015362 0.926087499 1.15508938
    1.7026515 1.24790812 1.25537324 1.20368612 0.944400012 1.31584835
    1.02453649 1.4205209 0.925847709 1.00733364 1.49088514 1.21406472
    1.01930761 1.32053518 1.38688016 1.03690028 1.7168889 1.89652324
    1.20632696 1.55364585 1.78098941 1.23945105 1.47342503 1.8739295
    0.926217318 1.14527106 1.59641731 1.09934723 0.967686951 1.72788703
    1.32137489 1.0538857 1.08097613 1.11813462 0.879183531 1.60471594
    1.72112644 0.841540098 0.936498165 0.960297585 1.72171175
    0.884993613 1.46489608 1.31939137 1.96191752 1.37526178 1.09501266
    1.32984018 1.80606091 1.13594449 1.46429861 1.01936245 1.5547688
    1.34039831 1.10687101 1.47173727 1.06512511 0.774320364 1.50631261
    1.0489676 0.574837029 0.596147537 1.23344195 1.34324229 0.941224158
    1.35020518 1.4238342 1.28311241 0.928074419 0.992297471 0.997404575
    1.50269282 1.84877276 1.52371144 0.905776978 1.69595289 1.2622714
    1.20366359 1.70128191 1.1736269 0.975117803 1.25549293 0.872744799
    0.909385145 0.877143741 1.12835646 1.50995815 0.920929193 0.90731281
    1.29694927 0.946869612 0.899846971 1.20874321 1.54744565 1.58293998
    1.23885942 1.76656687 1.44745982 1.09434378 1.73145103 1.79030466
    1.92660618 1.75865054 1.47397387 1.61432934 1.68929029 1.65397346
    0.995683372 0.852872312 0.765909314 0.901522756 0.877908349
    0.908583462 1.57841098 1.52189207 1.30153453 0.927540839 1.71312416
    1.0104326 1.64330256 1.12083459 1.68531978 1.49159658 1.33166218
    1.18094289 1.4062016 0.756276965 0.942216218 1.77679324 1.73070693
    1.53796029 1.08717847 1.01876938 1.38342559 1.05698001 1.40572393
    0.722000539 1.10948777 1.36837995 1.72730041 1.36729777 1.75129497
    1.55035686 0.996455491 1.57378018 1.51921213 1.24507999 1.05450535
    0.873843014 1.73947704 1.43056369 1.02549338 1.23255384 0.895982921
    1.70120263 1.3837533 1.86535454 1.51705277 1.12868834 1.487867
    1.53479803 1.32424009 0.964347482 1.52050543 1.3693428 1.8208977
    1.7583425 1.02393866 1.37967718 1.83430088 1.0637995 1.70666289
    1.35198891 1.46719098 1.83540583 1.9563148 1.91250455 1.60288322
    1.41811395 1.4093039 1.51266801 1.67905319 1.3854109 1.33919883
    1.46114635 1.70679522 1.58993876 1.64193368 1.24920559 1.87637472
    1.23718703 1.7385869 0.978760481 0.811320543 0.902692556 1.38647497
    0.836946845 1.37230706 1.10268092 0.8108145 1.34946465 0.784427702
    1.32389224 1.35061109 0.781804383 0.878444612 1.42201579 1.13052833
    1.39032769 1.33588862 1.10465562 0.978809059 1.48714161 1.60714221
    1.63697624 1.27544713 1.62157655 1.31318402 1.30093157 1.63221598
    1.18712342 1.7217499 1.00495565 1.29774427 1.3363477 1.40691364
    1.29792297 1.1940738 1.36140442 1.33281624 0.898423433 1.7853663
    1.62335408 1.84938931 1.29305756 1.45781326 1.29807448 1.37218368
    1.22515571 0.898396075 1.54344761 1.0973655 1.08136797 1.40762258
    1.73571873 0.778210938 1.45868576 0.640647888 1.03376091 1.13054359
    0.929711759 0.888380587 1.01149011 1.67055237 1.32857788 1.7839216
    1.37614918 1.47154868 1.3452183 1.28221726 0.796713471 1.39119303
    1.34281135 1.49336469 1.32403791 1.09867358 1.05852878 0.958991408
    1.16519129 1.04604661 1.09093356 1.53260434 1.03925502 1.36012363
    1.45844412 1.20178032 1.03474128 1.09597731 1.27376604 1.515674
    1.1371491 1.4612453 1.74981618 1.4991914 1.1579324 0.929647863
    1.34788024 0.936169386 0.970412493 0.807052195 1.09647799 1.09048331
    0.959735215 1.43781698 1.46178198 0.813900769 1.44298613 1.67058194
    1.24379241 1.52881575 1.74248981 1.7287879 1.64747071 1.74346161
    1.56040418 1.89861465 1.37791371 1.01951683 1.19263864 1.41386032
    1.11208248 1.33909297 1.33641922 0.772809267 0.76465255 0.845308185
    0.891818583 0.655012906 1.00547457 1.10475516 0.882546484 1.34955084
    1.80720949 1.86593199 1.80777967 1.3196733 1.61247957 1.45835006
    1.71118927 1.81017089 1.02554798 1.08657193 1.20143878 0.883429229
    1.22457278 1.19209921 1.33620179 1.80083215 1.79163444 0.832734406
    1.21830988 1.62820721 1.72569084 1.04020536 1.76073766 1.53063107
    1.65573275 1.82972097 1.64088857 0.94668293 0.995775521 1.82041276
    1.55176592 1.19535649 1.2255801 1.02834713 1.10913408 1.74945891
    1.41058874 2.05233574 1.53842187 1.1630137 1.45165217 1.32922816
    0.97294426 0.876752317 1.33566165 0.944391549 1.27899027 1.11545646
    1.03940105 0.968095899 1.22081375 1.90082812 1.94068825 1.72483087
    1.77636504 1.89066505 1.44000125 1.37205553 0.876429677 1.13011086
    1.09043181 1.74828875 0.899655163 1.70945215 1.60673845 0.80979085
    1.16580188 0.770213008 0.792433619 0.78531158 1.35930967 1.52625203
    1.33641851 1.63706851 1.26027942 1.41758192 0.979279935 1.83201146
    1.27770269 0.888221979 1.77776194 1.16800177 1.68483806 1.49538529
    1.25086033 1.18235171 1.25963616 1.29948795 1.82652009 1.69090915
    1.50242507 1.68799901 1.64546466 1.76141715 1.87150717 1.86925709
    1.18121505 1.23026574 1.13910568 0.987490177 1.29185581 1.73988378
    1.79996061 0.895923495 1.52151966 1.31984842 1.74663329 1.81651604
    1.35731053 1.83080614 1.17282331 1.4117949 1.26968491 0.974355698
    0.937397659 1.17378271 1.29719496 1.15988779 1.30771816 1.73567069
    1.6083287 1.49300528 0.892103851 1.83361447 1.57631838 1.15422606
    0.986743689 1.44710267 1.26961374 1.48350811 1.50208175 1.16386676
    0.839083493 1.25451434 1.43963969 0.665320098 0.876557291
    0.927132726 1.36963868 1.57117963 1.10519624 1.31623244 1.00902224
    0.798061371 0.914850771 1.10126412 1.30724609 1.83865452 1.51144826
    1.80180287 1.22477007 0.946990132 1.36516583 1.18758225 1.74480081
    1.1841861 1.33942497 1.64754486 1.1628716 0.919713855 1.16087353
    0.891763747 1.10503209 1.25793695 1.58258712 1.32731318 1.23267066
    1.45013428 1.30111265 1.36492908 1.58070719 1.75837564 1.25591278
    1.09101343 1.07022762 0.864532709 1.41283894 1.18556774 0.99815762
    0.7698735 1.2266171 1.29278636 1.61759305 1.0157994 1.02991438
    1.11680543 1.68033242 1.11200118 1.67900765 1.29516304 0.964492023
    1.82450557 1.21034992 0.818495631 0.958138704 0.777256012 1.26823056
    1.57607257 1.11898732 1.18250203 1.12684011 1.35456085 0.967663288
    0.91565007 1.04276454 1.55404878 0.832824886 0.990869164 1.16088045
    1.8003633 1.40379965 1.63105059 1.45115507 1.70141935 0.97336781
    1.32661855 0.935936093 1.35656965 1.23877943 0.830681562 0.654570758
    0.947630703 1.52444386 1.59101558 1.58182645 0.880952239 0.915732861
    1.53182518 1.25104868 0.891957939 1.36475432 1.83825076 1.42615736
    1.62127757 1.89305532 1.97631037 1.31575322 1.21772707 1.07615936
    1.76601303 1.83118176 1.03209174 1.59701169 1.12396121 1.77442706
    1.82016754 1.78668559 0.957996249 1.54778087 1.11746097 1.14462984
    1.03837597 0.909783185 1.54944885 0.857743919 1.45653439 0.932326078
    0.970594883 1.05479896 1.08414471 1.59402871 1.94331789 1.68591988
    0.932465255 0.997101724 1.1007328 1.60326016 0.883823216 1.51091123
    1.81573796 1.34970284 1.41272867 1.63739157 0.74505496 0.751055777
    1.44228792 1.20078194 1.82631373 1.46282148 1.7634598 1.28120661
    1.306831 0.947237492 1.09876144 0.849185824 1.86080551 1.65274167
    1.86552 1.79058218 1.87973535 1.1262114 1.11419356 1.73216271
    2.02902818 1.84095716 1.56403279 1.16049743 1.34189641 1.52832723
    1.34182215 0.814033866 1.38674009 1.65877235 1.06147802 0.936084211
    0.895459771 0.985134482 1.86190367 1.84373927 1.27273285 1.80750632
    1.13997924 1.15270412 1.77659512 1.28160393 1.22886264 1.51317608
    1.33123338 1.3843745 0.957537711 0.938892365 1.26775217 1.14531708
    0.739052176 1.59828162 0.818327665 0.820551693 1.70758653
    0.809181094 1.59047401 0.877668381 1.27036071 1.42465949 1.70846868
    1.11661792 1.10562599 1.52850652 1.81134176 0.993328929 1.79407418
    0.932807624 1.2647295 1.05525362 1.6227783 0.834562302 0.93379873
    1.23807931 1.10210502 1.01348603 1.05373418 1.24391699 1.95536637
    1.5171206 1.52780986 1.10824871 1.74221301 0.86979568 0.999523401
    1.68097615 1.21607101 1.19743574 1.6206193 1.77423167 1.53132606
    1.49088442 0.950019836 1.30932009 1.75834417 1.31072748 1.42736959
    1.14161921 1.16551983 1.58152723 1.75975549 0.986950874 1.69713986
    1.86126673 0.912983954 0.873977959 0.942861795 1.30277872 1.61749446
    0.982437909 0.877359688 1.55541289 1.55489314 1.03913939 1.57928801
    1.53752446 1.35884583 1.48684311 0.7483657 0.755210876 1.27083337
    1.79067039 1.43824601 1.69434416 0.733698785 1.23072016 0.909460783
    1.36452723 1.71956074 1.45659232 1.26605213 1.29550815 1.10752785
    1.48733008 1.52807903 1.57349575 1.81849861 1.7294693 1.0715605
    1.13428366 1.41412342 1.68352401 1.06668282 1.20063078 0.87318635
    1.7851795 1.78213441 1.08829093 1.7345432 0.925005376 1.84063816
    1.05835629 1.5256319 1.5413748 1.93358433 1.5151962 0.822051585
    1.64705896 0.73762244 0.703610897 1.43201971 0.799859583 1.5070225
    1.21780384 1.16784215 1.49212778 1.27603161 0.955874562 1.68513072
    1.58948588 1.73700249 1.93844521 1.60236979 1.14409661 1.81042504
    0.861639738 1.75170946 0.841686249 1.64986086 1.52833569 0.971549392
    1.2375108 1.62277627 1.72265351 1.70473742 1.13669956 0.826613426
    1.36277318 1.2770642 1.19877148 1.17205298 1.68887639 0.999354005
    1.77485156 1.36943221 1.15812469 0.864875376 1.29144967 1.67965937
    1.85334861 1.72471511 1.35826647 0.926517487 0.893170357 0.926318645
    1.16983354 1.74185658 1.60106468 1.44005847 1.41254604 0.807420909
    0.93649137 1.45606923 1.07709038 1.37140548 1.82036984 1.79584944
    1.26916635 1.4865278 1.69056404 1.67828465 1.78783786 1.55299401
    1.78609455 1.85742366 1.16507113 1.2769978 1.23270476 1.60273266
    1.10487127 1.31502759 1.08113933 0.735292315 0.698377311 0.811647236
    1.42347419 1.55634475 1.58559453 1.10593128 1.8635354 0.988152564
    1.88749158 1.82386863 1.18262661 1.8970871 1.75225389 1.0130229
    1.37986851 0.806448162 1.59821856 1.61743653 1.64940882 1.87351763
    0.877868235 1.59330297 1.07293546 1.26400661 1.14270854 0.865150452
    1.16552627 1.21923888 1.63200176 1.22295296 1.27899146 1.39852011
    1.28078997 1.44656682 1.25712442 1.36641431 1.2806375 1.6994319
    1.4403019 1.5105027 1.26183069 1.41210878 1.37149084 1.95582354
    1.95080888 1.27365243 1.74439752 1.13276172 0.961497724 1.33484435
    0.967999756 1.40651917 1.40103841 1.66259193 1.21188772 1.15432465
    1.15585268 1.12705374 1.95884562 2.05676937 1.77373981 1.53600883
    1.64529753 1.71590555 1.38064945 0.817782998 0.883794844 0.88518858
    1.43017006 1.07146382 1.13352561 1.37733495 1.51121569 1.21643567
    1.51074588 0.828635693 1.02885783 0.846254408 1.73873878 1.34791589
    1.48634017 1.43548691 1.35822773 1.07807958 1.53667939 0.934419215
    1.19782329 1.44747233 1.48880732 1.7803421 1.39147592 1.10723543
    1.39877057 1.03628945 1.0290035 0.932077646 1.60817027 1.72504556
    1.67960715 1.32263887 1.9454006 1.65511513 1.10372818 1.16137373
    1.14467716 1.50844014 1.46854842 1.63766313 1.12802112 1.24883115
    1.64644897 0.956457257 1.72550011 1.72515488 1.4579761 1.29879856
    0.977616847 0.939931691 1.30371916 1.41436875 0.971958995 1.42102242
    1.24576509 1.27487862 1.1193347 1.20448375 1.71764469 1.24757063
    1.69910157 1.39609909 1.3884846 1.28206658 1.43087411 1.66523552
    1.62428606 0.992066443 1.16948164 1.38376689 1.34436309 1.14032054
    1.3917371 1.05762005 1.37884176 1.45560312 1.29241729 0.874854386
    0.926324904 0.695151031 0.776531994 0.703521609 1.16281044
    1.02257264 1.2236445 0.973552704 1.22309065 0.850971222 1.39509237
    1.0093534 1.79728448 0.987105489 1.13158798 1.85357916 1.21789145
    1.75970078 1.39220643 1.64410901 1.24709284 1.36589861 0.989058018
    1.42279065 1.43881571 0.888795853 1.075616 0.850134432 1.50377119
    1.61557698 1.72930777 1.64308286 0.922913909 1.22776604 1.31591439
    0.741608202 1.24868214 1.2975992 1.23572457 1.09581506 0.536353588
    1.44088614 1.7448529 1.75255775 1.71101892 1.02109802 1.80940092
    1.83831823 1.35697258 1.08774531 1.62239826 1.90709221 1.76861584
    1.11321902 0.9456954 1.42870903 1.65259492 1.39425862 1.41889918
    1.51128197 1.00893807 1.24678075 1.53591001 1.62130392 0.787211716
    0.796788573 1.69368219 0.83787787 1.42007351 1.55435824 1.86455274
    1.25802684 1.10418713 0.887601674 1.30416036 1.47313225 1.16758466
    1.01224995 1.11598837 0.808958292 1.05766213 0.743228376 0.809619486
    1.31442142 1.81093562 1.19347215 1.25058675 0.940062523 1.57354677
    1.52455842 1.05287516 1.79057932 1.83046341 1.58477402 1.98522019
    1.75423944 1.81649852 1.80937564 1.06533253 1.28088343 0.932760775
    1.47998285 1.91012836 1.21972358 1.5447433 1.56984782 1.68894362
    1.41691124 1.40428853 0.923873544 1.2155633 1.50689638 1.47787488
    1.83872819 1.30322981 1.81481647 1.45836234 1.61720109 1.06675684
    1.7460556 1.92276502 1.37305224 0.899416566 1.49968255 1.26252294
    0.925264537 1.0134995 1.89813423 1.46625745 1.00309253 1.04221272
    1.04394579 1.36390734 0.709475875 0.911220491 1.60639429 1.15301526
    1.33887529 1.60191095 1.58923769 1.26644599 1.39768398 1.52783811
    0.96999228 1.38680208 1.25933826 1.53629434 1.48282075 1.29337776
    0.915680408 1.43712187 1.75766337 1.40686536 1.98319411 1.55939794
    1.2249192 1.68586683 0.981207907 1.75837564 1.41456962 0.914350331
    1.0316596 1.79661024 1.11493087 1.11933458 1.23832917 1.53823435
    1.42932546 1.6302712 1.77964747 2.04510951 2.0211587 1.19859266
    1.14049208 1.27692723 0.915386617 1.2921505 1.66260326 1.80070579
    1.36390364 1.6955837 1.48997545 1.09560609 1.00084376 0.997318089
    1.56402051 0.813984692 1.11292291 0.858692348 1.34305644 1.58032596
    1.75790167 1.62683952 1.47372425 1.0299437 1.56429648 0.990119934
    1.71347082 1.6581943 1.76988959 1.63658881 0.901325643 1.33131337
    1.56729364 1.24811399 0.731796563 0.863769472 1.18508136 1.03037441
    1.70831156 1.09829998 1.92421436 1.42177629 1.32978344 1.73099959
    1.36671901 1.38450718 1.58088696 0.974588871 1.01012564 1.05792439
    1.19910574 1.34437191 1.28251529 1.04441381 0.884347498 1.43026793
    1.37381256 1.70013475 1.42522871 1.4066143 1.47248483 1.49474347
    0.803668976 1.13630164 1.22063279 1.06707871 1.25476921 1.76255667
    1.76281631 1.7733922 1.60384989 1.03039181 1.13149655 0.843599617
    0.999873757 1.50813925 1.20202327 0.97930032 1.19569063 1.43534446
    1.36554611 1.59810853 1.47343493 1.42222619 0.852905035 1.62988389
    1.03739679 0.95235002 1.23901153 1.15761805 1.51293659 1.27755332
    0.941143811 1.38819504 1.74170196 0.942245841 1.62804008 1.17864418
    1.50136411 0.9374578 1.59144127 1.90772831 1.4515487 1.74588907
    1.23653257 1.07652509 1.77802432 1.33136261 1.30434668 1.62392974
    1.45309007 1.8040055 1.2999891 1.20168042 1.15152347 1.7926631
    1.7844553 1.28708506 1.54366982 1.62286031 0.728636503 1.13819027
    0.989882588 1.32876801 0.804289401 1.19761944 0.812203467
    0.840434849 1.37582028 1.29190433 1.77152348 0.984408498 1.69426894
    1.0757941 1.07331586 1.12672591 1.7122786 1.80674052 1.01506817
    0.842563033 0.95621407 1.39443159 1.82691646 1.03170848 1.48145044
    0.823727071 0.875415325 0.980672956 1.4806819 1.33429611 0.861548364
    1.78827012 1.3865546 0.87251842 1.88821077 1.15522873 1.57340503
    1.37225878 1.16174865 0.950899541 1.14474976 1.58012569 1.26277554
    0.863834918 0.859150231 0.949775398 1.52752519 0.966047943
    1.11468387 0.90393132 0.856487513 1.78270817 1.62768614 1.68678105
    1.55906427 1.15761292 1.85333765 1.07136464 1.59558153 1.72830021
    1.42105269 1.38029146 1.734725 1.45855391 1.3397634 0.876747906
    1.65070379 0.955477893 1.54281843 1.93263876 0.993833959 1.40560365
    1.03908646 1.76939082 0.978584588 1.37540698 1.57525599 1.64481044
    1.58401358 1.38617742 1.86773694 1.64020586 1.77630925 0.876305878
    1.82403553 1.08614635 1.0186224 1.4411397 1.29153419 1.72317791
    1.51299965 1.31907284 1.48848963 1.02547133 1.83454275 1.17384374
    0.765353382 1.12539899 0.773298264 1.57672036 1.2135216 1.31980538
    1.65569794 1.67754662 1.31321394 1.42423403 1.09224391 1.48095596
    0.828246951 1.11315715 1.16269124 1.45932794 0.975567877 1.80978906
    1.03557098 0.870110989 0.899269223 0.928770423 1.3808744 1.59851336
    1.46664298 1.9000864 1.87274563 1.88343418 0.904170334 1.5120877
    1.84063971 0.886602759 1.20893872 1.17473984 1.27661073 1.27902973
    1.74705648 2.01432347 1.90286505 1.59966898 1.91558421 1.05823338
    1.46775353 0.864768565 0.995165706 1.54840827 0.841595054 1.78198135
    0.973858058 1.72230387 1.32311213 1.52616501 1.29711556 1.26658225
    1.10496306 0.778617084 0.720877588 0.992024541 0.726586819
    1.02824605 1.27136064 1.66813457 1.69025004 1.37862849 1.78876281
    1.36352611 0.977118075 1.72576678 0.968565583 0.903060794 1.43898273
    0.991522729 1.56578279 1.58408093 0.764507115 1.02081048 0.903829277
    1.13735104 1.80879772 1.55410993 1.6172024 1.68342614 1.13180101
    1.49685037 1.40899158 1.18204713 1.58157182 0.927398384 0.840714872
    1.32276785 1.10749972 1.34576082 1.51046288 1.51195037 1.50907266
    1.38566089 1.23962438 1.17939341 1.38014007 1.02462065 1.44165325
    1.14254618 1.27901137 1.05349565 1.08146465 1.74447238 1.11660409
    1.59193754 1.82865143 1.81420755 1.20637643 1.30617535 0.848105431
    0.906885147 0.897332728 0.9631235 1.23860049 1.68333924 1.72190094
    1.45583916 1.43436158 1.88060558 1.15867686 1.69780087 1.73557031
    1.21020162 0.856716335 1.48421693 1.71003699 1.46669197 1.20405519
    1.12952483 1.21497297 1.75875819 1.86119926 1.51176202 1.38517582
    1.6653657 1.34887671 1.89778566 1.71551597 1.60167718 1.39566875
    2.00382924 1.86976409 1.90306997 1.03745854 1.19559693 1.79155803
    1.10949564 1.20063603 1.45466864 1.33377695 1.40054774 1.10039389
    1.60084963 1.40783322 1.80045903 1.02567637 0.880147874 0.988493443
    1.17744184 1.64328289 0.929815292 1.51125896 1.10702682 1.39297009
    1.51127553 1.00394976 1.09154737 1.09427059 1.07883632 1.6981256
    1.49194658 1.34745419 1.15300679 0.841831684 1.79832804 1.31229246
    1.15596747 0.947039366 1.04378688 1.82553935 1.28529692 1.43436277
    1.63656497 0.94665271 1.2131834 1.10998726 0.750967562 1.09122682
    1.48602176 1.38547873 1.74774158 0.861137927 1.43515801 1.77160144
    1.47934723 1.17574358 1.32867718 1.41426063 1.27073324 1.10530138
    0.747918606 0.721968234 1.59969389 1.24815893 1.3252722 1.66266024
    0.960291564 1.57186544 1.86262727 1.12600887 1.38776183 1.65886843
    0.998830616 1.95533502 1.72420681 1.08569813 0.957278907 1.40841103
    1.01588321 1.15484023 0.963701904 1.13861322 1.79686391 1.83123386
    1.729725 1.43822443 1.30721426 1.7785089 1.60443532 1.84252357
    0.99244374 1.66982591 1.48568559 1.90076959 1.1009953 1.10298717
    1.88692999 1.75785279 1.31315756 1.07967722 0.799310327 1.56981397
    1.17474699 1.44784153 1.77842879 1.73009181 1.64987278 1.52540922
    1.71887982 1.02485847 1.89378011 1.6270957 1.5084337 0.926752448
    1.35863137 0.73098284 1.51954138 1.35862517 1.68189323 1.63614011
    1.68429875 1.20673156 1.81649446 1.17782998 1.18985534 0.844193578
    0.830489397 0.784768939 0.922622681 1.22668803 1.56251276 1.74135923
    1.01698899 0.889335036 1.62209547 1.69936883 1.24738121 1.92549419
    1.25275481 1.48531747 1.0559144 1.15213931 1.66249239 1.70657933
    1.27774417 1.50402737 1.46139216 1.01536596 1.11591136 1.6393292
    1.42712748 1.07947123 1.91208231 1.3787576 1.42769766 0.989107788
    1.19686854 1.53733492 0.85183841 0.855805695 1.21961772 1.64934456
    1.44490373 0.943275332 1.10428393 1.08536148 1.31103289 1.15357077
    1.66094208 0.818607569 1.35819077 0.699212074 1.43506491 1.16342974
    1.1754353 0.96045202 1.25545597 0.917361796 1.26710165 0.942664564
    1.48414576 1.35062468 1.22225225 1.10898614 0.854162335 1.7423178
    1.48297501 1.08089912 1.66660142 0.988919377 1.04509246 0.796536863
    1.82266629 1.05769002 1.89649618 1.68908441 1.5410589 0.866536975
    1.43793762 0.927808702 1.20650923 0.832534492 1.3779639 1.54939389
    1.6800139 1.89330852 1.7309078 1.87507057 1.70570517 0.89608562
    0.902323484 1.28071511 1.42647564 1.02330923 0.837899089 1.60793614
    0.9279387 1.29266024 1.79669046 0.883088827 1.37156248 1.51635015
    1.87181747 1.35638571 1.63519704 1.16278195 0.733429074 1.42960775
    1.38495874 1.05074704 1.54427469 1.82383728 1.99305654 1.90064645
    1.52769756 1.1493063 1.45466042 1.42608202 1.5966748 1.82775617
    1.36739314 1.05781949 0.954214633 1.77803063 1.77091455 1.81953633
    1.22372007 1.86899245 1.58243322 1.03300261 1.81592548 1.57305539
    1.67964172 1.28365254 1.59890735 1.57354712 1.93262887 1.23587966
    1.44331038 1.16797864 1.86773336 1.77345943 1.03826416 1.61265433
    1.79114211 1.29268074 1.18925047 1.68659317 1.89135301 1.55864143
    1.40022838 1.1816504 1.26322818 1.01749134 1.51602411 1.41099942
    1.23976171 1.35588634 1.20084989 0.530269921 0.788361907 1.03136063
    1.37499237 0.842122555 1.24456441 1.7430495 1.07106245 0.798297882
    1.27164423 1.23595488 1.5641669 1.33851993 1.23329401 1.73082519
    1.11539626 1.24619269 1.66731679 1.88774514 1.77624261 1.10217226
    1.31242573 0.807578146 1.47652423 0.901185155 1.47561014 1.71876907
    1.22722042 1.27159846 1.45695722 1.08024478 0.855340481 0.834018707
    1.15001917 1.62473106 0.89414376 1.60011888 1.51141953 0.872018754
    1.2716397 0.946605861 1.76625991 1.42307925 0.965512335 1.5413866
    1.44972885 1.85632885 1.46855521 1.92424846 1.74954164 1.88229012
    1.29306567 1.35564411 0.796421945 1.32035851 1.03716815 1.69674742
    1.07706261 1.14181209 0.942719519 1.60770345 1.21747589 1.58572769
    1.74757886 1.13787854 1.01675928 1.23083723 1.64351237 1.22654903
    1.67407322 1.75820923 1.53710985 1.49024904 1.82228088 0.894873023
    1.3192631 1.05700171 1.1967032 0.899686277 1.10877943 1.64708829
    1.31003976 1.39898872 1.38570452 1.354877 1.47753453 1.80903387
    1.85879409 1.57896054 0.831261098 0.96571064 1.02087998 0.769225717
    1.51019073 1.66444016 1.46706462 1.87844181 1.78930163 1.89239883
    1.56376731 0.887168705 1.53195703 1.71594715 1.20215762 1.65242565
    1.76358974 0.874575973 1.01278889 1.22920561 1.33198118 1.08233285
    1.69213557 1.87986004 1.13201845 1.68737721 1.65759361 1.37268817
    1.41927564 1.24571812 1.3376224 1.68513072 1.43642735 0.941217601
    1.16476798 1.81484592 1.8851124 1.60211658 1.78671694 1.12473285
    1.87839234 1.48996544 1.10374284 0.784329593 1.16981888 1.61309659
    1.4935478 1.4485898 1.62983549 1.6496191 1.77858174 1.0737505
    1.86710286 0.940425456 1.73823762 0.859250546 1.4965266 1.36826706
    1.44916284 0.871379673 1.20265269 0.889847875 1.70269454 1.7965014
    1.00139558 1.8004986 1.80406046 1.31739056 1.59195328 1.15863717
    1.12977219 1.77836263 1.77212214 1.21240127 1.696087 1.33393776
    1.04619169 1.69560385 1.64568806 0.935991704 0.897947133 0.942976415
    1.7316097 1.07868719 1.38348424 1.1683898 1.39360273 1.35939693
    0.881924272 1.22260833 1.35678101 1.37322497 0.946457803 1.76633012
    0.989694595 1.12556553 0.99314332 1.66700351 1.4742415 1.74111831
    0.981790543 1.16228461 0.903698981 1.40876043 1.40989423 1.25919926
    1.81959748 1.07684183 0.985845566 1.50972724 1.68639886 1.44369137
    1.27409959 0.900999963 1.36761189 0.922827005 1.40066767 0.857274532
    1.25102937 1.0646795 1.91499376 1.47031677 1.94000208 1.78016496
    1.44147921 1.20423758 1.79427302 0.983342886 1.39708424 1.28849065
    1.43476951 1.81755483 1.72146821 1.54964435 1.3846935 1.37777996
    1.77968049 1.58018398 1.40417802 1.19565213 1.62791765 1.20379889
    1.03971362 1.81982672 1.61186302 1.17953622 1.70265281 1.04816854
    1.01284695 1.40991294 1.17528439 1.37834275 1.13879287 1.2859894
    1.42789066 1.3706044 1.85165715 1.72762334 1.72595489 1.25096822
    1.5122093 1.05655801 0.946095288 1.24137175 1.48060381 1.21831369
    1.19780326 1.45329642 1.41156161 0.814373076 0.909768105 0.834823132
    1.77387929 1.04580951 0.980442226 1.18426561 1.1034317 0.825900614
    1.15300834 1.29803228 0.982230186 1.51236737 1.73363137 1.91565108
    1.46118855 1.96402514 1.35748589 1.39575791 1.44923425 0.884626091
    1.09394503 1.67205024 0.90414089 1.16572046 1.16675651 1.08506799
    0.850234091 0.769135833 0.764517128 1.70531487 1.52376819 1.58931041
    0.97018671 1.29354966 1.8183192 1.05696309 0.967502534 1.60719562
    1.62475324 1.7986877 1.33899784 1.61505759 1.20905399 1.4254297
    1.15493906 1.91354489 1.73788536 1.49871898 1.19110656 1.44229448
    1.43290353 1.13326073 1.59104252 1.12820446 1.83359432 1.37820864
    1.28216529 1.91742909 0.991365433 1.3528378 1.20883107 1.36331594
    1.0993315 1.70205128 1.78367174 1.23343432 1.34973812 1.4320389
    1.30140007 1.81495214 1.64133775 1.1172328 1.77437878 0.908183813
    0.993743956 1.04999363 1.27897668 1.32712877 1.40701234 1.26051569
    1.3596977 1.33262324 1.04992771 1.68510008 1.50809932 1.82784462
    0.890230238 0.934770942 0.751128614 0.696165085 1.35298252
    0.888279319 1.67418659 1.67272139 1.90460241 1.55735874 1.19962454
    1.2102778 1.59442914 0.931512773 1.79777646 1.85488725 1.17324877
    1.24925292 1.2707274 0.852387369 1.55832756 1.20609629 1.06370294
    1.48141074 1.88972914 1.27945721 1.5374105 1.85186017 1.54089403
    1.42515957 1.64837754 1.76152992 0.85166955 1.68961751 0.948684871
    1.57671249 1.64880943 1.56351411 1.92639589 1.38592219 1.36177742
    1.45868134 1.08241701 1.69956982 1.14321089 1.32241261 1.05894887
    1.84884012 1.75966716 1.59375048 1.79038858 1.28867018 1.78828609
    1.58367348 1.34880519 1.18420243 0.970972896 0.973492086 1.07834387
    0.740178764 1.19995642 1.53856277 1.00665402 0.865832567 1.74861562
    0.997568667 1.87810159 1.88174725 1.68028951 1.66326213 1.20262992
    1.61916137 0.946424305 1.18807852 1.54017878 1.74061394 1.78456283
    1.25133181 1.17319787 0.948173583 1.17522538 1.24593568 1.63076925
    1.17089248 1.34718335 1.26585674 1.08895814 0.977839708 1.30269885
    0.884772718 0.967398822 1.53071284 1.51078057 1.76500738 1.4588511
    1.83829069 1.65063059 0.827774107 1.22134399 1.14214826 1.06933355
    1.09433973 1.28769374 1.07547772 1.75878692 1.24348855 1.43345511
    1.1735034 1.18169856 1.37285173 1.00305545 1.02863181 0.882279754
    1.75213838 1.41033614 1.12237573 1.23528826 1.82156754 1.32868433
    1.62804425 1.01577377 1.94327438 1.68697774 1.48563468 1.62525177
    1.72766304 1.05839312 1.43925595 1.67218268 1.68894446 1.12032974
    1.15084684 1.09312654 1.72898483 1.25193977 1.91275525 1.83375311
    1.67487955 1.03859675 0.999105632 1.79411924 1.88791859 1.72910929
    1.82083952 0.960657775 0.909613907 1.09874773 1.83474612 1.72413862
    0.885024607 1.3050983 0.931979537 1.10977912 1.15896404 1.51540947
    1.21928656 1.58597064 1.71790683 1.07664287 1.6198622 1.0703882
    1.57747197 1.4587779 1.69074476 1.65338278 1.07684374 1.03189623
    1.10085094 1.57253563 1.84288371 1.84513855 1.0391854 1.47886169
    1.62963772 1.54249859 1.80202961 0.851318598 1.5608871 1.04940629
    1.02490473 1.52484047 1.10342133 1.65190363 1.95892823 1.43745041
    1.22241998 1.32197309 1.51859665 1.62814772 1.09968793 0.915467203
    1.13007414 0.915257573 0.863029957 1.32625663 0.755978107 1.26846409
    0.686079025 1.05030549 1.40999949 1.88903439 1.92485821 1.66785872
    1.54698277 1.71709287 1.69730556 1.11342776 1.94010639 1.17617393
    1.75024974 1.48964286 1.87342727 1.00396049 1.0176369 1.56507266
    1.90763509 1.35263658 0.875121772 1.58808851 1.01007175 1.09692645
    0.937803566 1.02827919 1.05853796 1.50288188 1.73494244 1.85026085
    1.89762068 1.81394625 1.56933773 1.30131888 1.60371983 1.81618798
    1.09795654 1.24776614 1.90540504 1.40189993 1.95908713 1.94047666
    1.01038551 0.88775599 1.49183285 0.946800113 1.5054462 1.40288258
    1.74049342 1.08315039 1.45116544 0.928334177 1.14252985 1.83404303
    1.6813575 1.6574024 1.57604587 1.47477353 1.43353808 1.38314831
    1.09845376 0.980619907 0.674726367 1.18215871 1.02025354 0.871617615
    0.980092347 1.67701411 1.38913333 1.56648207 0.94435811 1.61389375
    1.3819083 1.25294375 1.54641807 1.00603414 1.53877044 0.873727798
    1.34771681 1.3897934 1.75180292 0.96724689 1.49441385 0.966458678
    1.831774 1.02083957 1.81914115 1.3251425 1.40488946 1.42394638
    1.07315922 1.27903581 1.26882231 0.859361768 1.25484383 1.48801744
    1.74814618 1.7915982 1.54273784 1.33848846 1.06130564 1.45782888
    1.55244422 1.08796012 1.7691797 1.57104337 1.67241347 1.56165087
    1.30093145 1.73082793 1.56396997 1.06788671 1.41220343 1.59218705
    0.999852955 1.37788081 1.01512825 0.889520109 1.24285281 1.24726403
    1.78795707 1.65972328 1.75818193 0.87749964 0.855614305 1.52960789
    1.34956765 1.87349081 1.58424449 0.856663346 1.07406449 1.54726934
    1.55483186 1.48393869 1.03427482 1.43062627 1.23379552 1.19923759
    1.42422366 0.924107671 1.72558451 0.876079679 1.08078539 1.1711458
    1.52174604 1.75893354 1.34570706 0.798592508 1.57622135 0.880411685
    1.13609731 1.63534117 1.27085364 1.56196856 1.1328733 1.74162543
    1.56476235 0.777222812 1.29816079 1.12757599 1.52864206 1.66364837
    1.20648205 1.21604729 0.908015192 1.80684245 1.4806273 1.6544646
    1.09496498 1.03214324 1.10740924 0.968042731 1.74151802 1.69764507
    1.74968624 1.11963439 1.58898139 1.23840594 1.73888278 1.73744881
    1.42017674 1.16460991 1.59688377 1.08320725 1.69891322 1.42335308
    1.25656164 1.35960627 1.49084699 1.03702295 1.49704504 1.65554631
    1.15315175 1.20176589 1.03259277 1.18797815 1.03343022 1.90739918
    1.46174669 1.8569417 1.67686367 1.11402428 1.72391784 1.05469215
    0.713351488 1.17243266 1.28878415 1.5690496 1.20102155 1.8048656
    0.905685127 1.69125271 1.75970423 0.873973548 0.950802445
    0.903236151 1.48416328 1.17072678 0.893875837 1.68993509 0.993453562
    1.58836162 1.85195053 1.53655624 0.992788017 1.26861918 1.08590317
    1.29756498 1.58658671 1.65718508 1.25356328 1.31731033 1.34366786
    1.61638653 1.04639864 1.58590949 0.838404238 1.22894704 1.79998112
    1.64130938 1.42019045 1.46749306 1.76995695 1.46975088 1.54132223
    1.55553281 1.07571411 1.83202124 0.99901861 1.51821506 1.78076565
    0.863378406 1.75627589 1.01191139 1.75278449 0.941778481 0.978608191
    1.28041351 1.1353699 1.89977348 1.93915677 1.75323689 0.955747008
    1.51762176 1.2260555 1.56817925 1.94650459 1.82416177 1.02777588
    1.59667444 1.85203815 1.15664029 1.35584116 1.81929755 1.32038736
    1.21041143 1.37668955 1.17297745 0.88787818 1.5885303 1.24318111
    0.92747879 1.36034822 1.49266052 1.91153193 1.96205556 1.19831586
    1.16043091 1.04966474 1.79061759 1.06259978 1.38195312 1.50130165
    1.76944065 1.21960711 1.75854683 1.9994967 1.35848701 1.92041206
    1.22358978 1.34411156 1.46095598 1.7821641 1.56757045 1.32819259
    1.27477586 1.84328687 1.20853066 1.41617584 1.2541666 1.89921653
    1.02289295 1.89614868 1.68685269 1.27158237 1.5590018 1.30737829
    1.11224115 1.45902908 0.968776524 0.986404121 0.892928421 1.25147915
    1.37442279 1.38255084 1.79073274 1.66835773 1.02313113 1.81505466
    1.8656776 1.12764812 1.53127754 1.41194713 1.64433265 1.32889438
    1.44069207 1.74344969 1.47383702 1.602332 1.24035013 1.87507534
    0.99237299 1.46313894 1.38485515 1.87962103 1.63413954 1.24347985
    1.27490389 0.77014333 1.21082294 1.77427936 1.64724755 1.55396175
    1.65234792 1.10784769 1.87893188 1.63304484 1.59045959 1.10340095
    1.38807738 1.16093588 1.77284956 1.71144116 1.40224516 1.62333798
    1.27656209 1.27675128 1.65619934 1.37459064 0.969945014 1.69127691
    1.06325209 1.7409097 1.77392244 0.975670695 0.889097214 0.836103261
    1.60013103 1.74224925 1.20240796 1.21634269 0.832369864 1.28230226
    1.19210303 1.49401307 1.14697921 0.722208202 1.3255589 1.00574386
    1.37035799 1.81003356 1.98332798 1.72216141 1.64519942 1.64717305
    1.46282721 1.08399403 1.77903676 1.11726725 1.11738753 1.66804361
    0.870944142 0.944871128 1.67171383 1.36298072 1.45741236 1.84184718
    1.87976563 1.8523376 1.81571054 0.89031285 1.11059034 0.946868539
    1.13182569 1.11261773 1.62355554 1.40561271 1.15549386 1.15871489
    1.83653319 1.81842911 1.29671729 1.71407437 1.79007268 1.10843325
    1.65539002 1.09763527 1.51907372 1.85155678 1.14014018 2.01143956
    1.89674199 1.59568369 1.20826912 1.02349555 0.987936974 1.73062921
    1.67932332 1.26539314 1.13339734 1.30484331 1.61672354 0.945707798
    1.30438542 1.24479079 1.52925253 1.63376462 1.58151758 1.40371144
    1.7569387 1.03142297 0.913618565 1.38371933 1.20813763 1.79578304
    1.88904035 1.21223855 1.25957513 1.35519278 0.980496764 0.857027113
    0.960636616 1.49074364 1.84379303 1.85701311 1.06854022 0.996164262
    1.56180036 1.15371764 1.80115128 1.04319084 1.43862259 0.775629759
    0.736326098 1.45514536 1.60381806 1.22996712 1.7042135 1.43306983
    0.87209481 1.68804288 1.16148961 1.59012115 1.14085221 1.52389419
    1.20949733 1.05065846 1.71274436 1.27942789 1.77355683 1.83257914
    1.46746945 0.887012839 1.58023167 1.4725883 1.70194817 1.18093967
    1.81847978 0.978562832 0.778145552 0.834735811 1.59083867 0.8934021
    1.26453745 1.40734053 1.5959214 1.54575765 1.76889288 1.60243082
    1.37978029 1.8398844 1.63393021 1.11994553 1.01951206 0.881284237
    1.70289469 1.00163627 1.74122179 1.53675067 0.946647167 1.33508825
    1.93232703 1.77315891 1.5622412 1.77706718 1.80078757 1.84231377
    1.45011389 1.93046403 1.83558583 1.70180953 1.63568461 0.941473663
    0.739880145 0.779303968 1.21219683 0.939663112 1.54059458 1.23691654
    0.995308042 1.51157463 1.78611028 1.36379504 0.881882846 1.65935612
    1.54410851 1.25855708 0.838844359 0.928292394 0.853959203 1.16391242
    1.229339 1.83306408 1.77089834 1.0272404 1.18319345 1.41920006
    1.30963326 1.16957355 1.32323694 1.78529787 1.85152781 1.71024847
    1.85223544 1.72712028 1.39934802 1.72056687 1.75306046 1.05289078
    0.876106441 0.919183612 1.37611639 1.35193574 0.71865803 1.13293588
    1.33140624 1.31497788 0.868341386 1.52110016 1.27422225 1.59076762
    1.5470444 1.02338016 0.847904921 1.08782327 1.18749082 1.3754375
    0.966098964 1.14735186 0.791401386 1.36456776 1.46063423 0.875512898
    1.85371113 0.971638799 1.586532 1.27622175 1.89907563 1.70523107
    1.83768606 1.49565387 0.846629381 1.24342644 0.86846298 0.916496515
    1.27886319 1.25921249 1.36566567 1.44699454 1.25694561 1.97744274
    1.75075889 1.31370747 1.56543422 1.22848558 1.51249671 1.75489891
    1.05203962 0.84028697 0.811575472 0.859694719 1.22413051 1.56473458
    1.16011202 1.69702899 1.13506258 1.8236053 1.81935251 1.67425871
    1.44376814 1.24115515 1.16337812 0.789325118 1.76292479 1.06777072
    1.02502954 1.22682297 1.73278391 1.05031669 1.79608083 1.21150267
    0.717945993 0.718616962 1.01633179 1.63658869 1.71022284 1.84351218
    1.96401274 1.41002226 1.61301458 1.121351 1.6809696 1.09763098
    1.07320237 1.84002161 1.53490424 1.47828126 1.13303602 1.19072521
    1.09837949 1.33781636 1.4610312 1.07833731 1.39698243 1.82742834
    1.26163411 1.43334842 1.17648935 1.09993517 1.46372247 1.27757895
    0.998168409 0.955262125 1.17234707 1.57905734 1.42187166 1.37712038
    1.03029609 1.34142959 1.35101306 1.50344634 1.86848426 1.40454721
    1.79878831 1.31617284 1.13904953 1.76403403 1.79415762 1.11610651
    1.54869008 1.35795557 1.3627485 1.7995609 1.82693291 0.870939314
    1.25054026 1.13756645 0.950128376 1.74062884 1.48398864 1.7733469
    0.970627844 1.71872401 1.33529139 1.0632689 0.915286839 1.66321468
    1.18658936 1.66221917 0.910403073 1.62830508 1.60797715 1.87844884
    1.36571252 0.791315675 1.39138484 0.816213429 0.974629521
    0.730874181 1.30111504 1.48770821 1.61114776 1.79343522 1.14824617
    1.07971585 1.51436615 0.933224201 1.01734626 1.23095822 0.796937168
    0.84871918 1.64850962 1.50180876 1.45409203 1.89789033 1.10592306
    1.15546691 1.18418479 1.16201818 1.62579513 0.869656861 1.44645536
    1.78121126 0.960457027 0.848019838 1.29638493 1.77095819 1.77579749
    1.56992412 0.938280642 1.40354156 1.30890501 0.989401817 1.11242425
    1.49382389 0.735835552 0.73025167 1.08082664 1.73076487 1.69713902
    0.943076253 1.13037634 1.42260003 1.67261374 1.41559553 1.0941118
    0.990201533 1.20376849 1.59667861 0.782718897 1.45616019 1.37246001
    1.68246424 1.33228302 1.51919758 1.06216574 1.78560352 1.64231968
    1.89525986 1.18095922 1.82998431 1.57852435 1.00215316 1.64372575
    1.68008828 1.80032372 0.944970727 1.32944596 1.40299892 0.95807606
    0.970772207 1.75762439 0.941640735 1.69227993 0.954377353 1.08671677
    1.79256392 1.8402617 1.55534613 1.01461089 1.21971107 1.1937592
    1.57552719 1.58578038 1.49738765 0.975019872 1.70368981 1.41306126
    1.6154052 1.75106883 1.80286181 1.44250011 1.65320754 0.918214619
    0.856239676 1.79933214 1.67712271 1.87741601 1.38343775 1.06072092
    0.989040434 1.16484642 1.22334099 1.75702536 1.13470101 1.54835701
    1.67268455 1.00853348 0.992560029 0.682607532 0.717313111
    0.763040662 1.18934429 1.56021333 1.36496019 0.978725851 1.03735006
    1.59686351 1.43072951 1.26677513 1.69970596 1.27009642 1.35052907
    1.45231318 1.31456065 1.60644686 0.830201685 0.98145169 0.931955457
    1.08511817 1.85653853 1.53507495 1.44202328 1.54611921 1.73233211
    0.884846151 0.948483407 0.809157073 1.71083939 1.54230309 1.13220382
    1.74985874 1.36931431 1.73664868 1.89903259 1.217152 1.33717966
    1.59386659 1.99821842 2.00844002 1.28926921 1.30480969 1.51901138
    0.96546948 0.835439265 1.56287134 1.21079338 0.864837825 1.14369106
    1.75554216 1.70474327 1.32694066 1.48633969 0.954518735 1.14017844
    1.2282784 1.24298131 1.10426378 1.73140979 1.10407972 0.830719709
    0.75176388 0.823372304 0.888766348 1.15321529 1.64924181 1.08947599
    0.871199131 1.45568621 0.936186552 1.24320543 1.48608899 1.7301023
    1.79524422 1.08000612 1.86549258 1.6698066 1.67557502 1.26005483
    1.15305054 1.2433449 1.60619617 1.4178586 0.9747715 1.03171182
    0.894692063 1.03180993 0.958336651 1.32002532 1.6639905 1.49014866
    1.35812247 1.52501786 1.29246736 1.86661458 1.65866697 1.57650602
    1.39707303 1.58915448 1.58015835 1.03669941 1.44748414 0.879320681
    1.53197408 1.01023853 1.92259598 1.71728861 1.61631966 1.77761841
    1.3237505 1.5103451 1.98078477 2.06551123 2.02267694 2.01080513
    1.3282969 1.91031551 1.33206308 1.49721348 1.78665447 1.18652928
    0.998658478 1.49934685 1.35476029 1.08484602 1.70081377 1.72760022
    1.30935419 1.6114974 1.21964383 1.20836091 1.61517525 1.38551688
    1.07871449 1.72304678 1.61642468 1.3095957 1.06249154 1.45412958
    1.14618003 1.23232126 0.726065278 0.739470541 1.0325979 0.802688181
    0.905200183 1.62975407 1.82356715 1.29777968 1.29285693 1.10986757
    1.74154508 1.39915657 1.78265941 1.13398969 1.0475508 1.72173524
    1.62455618 1.40183151 1.73322499 1.18569064 1.26555824 1.44054413
    1.05967629 0.730481327 0.876666784 1.76783431 0.856038451 1.13435674
    1.44950438 1.32639074 1.12689626 1.81768596 1.08281243 1.24453592
    0.851427555 1.0493201 0.778498173 1.24418879 1.38114536 1.24364483
    0.703636408 0.752587616 0.784219444 0.732245207 0.804984987
    1.53043497 1.07214606 1.17374301 1.4021033 1.42149246 1.50698638
    1.76224518 1.67354679 1.03014886 0.813407719 1.1860491 1.40079427
    1.19381642 1.52577126 1.81393802 1.5901252 1.21114469 1.51780021
    1.1375066 1.84589911 1.60854733 1.46958995 1.58803558 1.4908756
    1.47325003 1.41875339 1.06418347 0.941873252 0.834333718 1.17315733
    0.866598845 1.45410573 1.60376477 1.58215082 1.52390265 0.966714442
    1.12560892 1.29273796 0.912461162 1.15514696 0.970290124 1.36304295
    0.911028683 1.1368531 1.28473282 1.39680588 1.37195528 1.91397762
    1.81033719 1.41324973 1.98525417 1.88755131 1.27904201 1.279163
    1.7744714 0.924338877 1.16558647 1.84967768 1.48922896 1.9567095
    1.56194186 1.68971503 1.53821778 0.97114557 0.931249857 1.34712505
    1.09853566 1.43941188 0.784807324 1.52651989 1.11678767 1.6727587
    1.2556442 0.905951023 1.25821209 1.59908831 0.945963681 1.28834736
    1.0468322 1.24199915 1.14440179 1.74653995 1.1130507 0.749743104
    0.825856268 0.998908043 0.932770431 1.51358449 1.74955654 1.451841
    0.975448012 1.89231324 1.38470995 1.0470953 1.85030663 1.47774136
    0.895553589 1.21636951 1.68769741 1.30461097 1.25188005 1.34022713
    1.66083801 1.13313198 1.29829121 1.83506119 1.63124847 1.41043997
    1.81677985 1.5213896 2.00808883 1.82676876 1.73252475 1.03431368
    1.75885725 1.63266134 0.985297263 1.67275417 1.57951844 1.66684294
    1.82841754 0.899923384 1.30007517 1.8085345 0.945066392 1.25061977
    1.18957257 0.915786862 0.865445375 0.881400704 1.23096597 1.05854213
    1.01373649 1.07610786 1.42880106 0.979746521 0.848777354 1.11609685
    1.40136206 1.45474553 0.825058043 0.773163617 0.790633261 1.09860539
    1.00976157 1.12657094 1.17336023 1.36163819 1.2926681 1.49629915
    1.62408662 1.69294333 1.73940933 1.03264105 0.9895944 1.18782187
    1.35856211 1.76521873 1.36575615 1.28660107 1.33752108 1.42218661
    1.07577717 1.40261006 1.84555376 1.24736238 1.88436019 1.84735596
    1.23719442 1.18292415 0.997436464 1.77400279 1.15548944 0.918776751
    1.25249267 1.9573369 1.13626301 1.55864549 1.66564298 1.66240418
    1.28772187 1.80333436 1.82173491 1.17779076 1.94950449 1.17428935
    1.69956613 1.28781772 1.01923811 1.14732933 1.75759149 1.73484302
    1.49027109 1.79346609 1.18821132 0.916283548 1.10358894 0.841135621
    1.31312668 1.06626725 1.70998168 1.86106706 1.7426548 1.01763785
    1.38189328 1.6738956 0.870640814 1.64631009 1.24182975 1.26612639
    1.63457644 1.24863243 0.924212754 0.95872575 0.746755421 1.00008678
    1.67191589 1.38591456 1.55131745 1.92325938 1.76566827 1.86191404
    1.0395329 1.31714368 0.955975175 1.12397802 1.50910878 1.51652062
    1.78698802 1.6996541 1.00867033 0.926619351 1.03277957 0.859295309
    0.541914701 1.31409395 1.45698953 0.862278819 0.997548699 1.52729619
    0.947044492 0.84265399 1.24022925 1.26290238 1.27123332 0.747272432
    1.50974309 1.33691907 1.59097981 0.882980943 0.648852527 0.895227373
    0.717597604 1.49776757 1.03273797 1.5090642 1.6926744 1.20751238
    0.90524447 1.17048645 1.86557269 1.79995966 1.16579604 1.13455951
    1.73885632 1.80913818 1.5702678 0.878058732 1.14534795 1.35409594
    1.35216188 0.840680242 1.13225508 1.34300613 1.79430079 1.50668263
    0.959454179 0.922357261 0.96439606 0.914588988 1.7755146 1.57838237
    1.75588691 0.85354054 0.869795859 1.04753065 1.19896281 1.37957072
    1.79948986 1.19684982 1.30315781 0.835007429 1.36247945 1.18832433
    1.87655568 1.57857621 1.43564284 1.52763069 1.60628176 1.22370601
    1.15259469 1.76331782 1.75631535 1.85846376 1.42180192 1.19043803
    1.07986033 1.84525204 1.54810393 1.30246747 0.966637075 0.894292176
    1.00949419 1.65300262 1.49331427 1.37195742 1.27306592 1.91427732
    1.71441722 1.33525801 1.32833529 0.824703574 0.96366924 0.904052019
    1.04412091 0.880727947 1.55538237 0.992702723 1.24759114 1.46801889
    1.44862616 1.48376286 0.927342713 1.80903614 1.84014237 1.83678126
    1.65038717 1.75879598 1.43831909 0.839965582 0.727827013 1.47420585
    1.47616327 1.18803596 1.29296923 1.45127392 1.74189186 1.09217608
    1.85061014 1.71256042 1.1987884 1.54663181 1.58788347 1.12035298
    1.74971187 1.35084116 0.99093473 1.45805621 1.16639173 1.04925311
    1.51376939 1.13836443 1.5387857 1.18747294 1.66121197 1.88659728
    1.79129779 1.90273917 1.90274632 1.58749604 1.7404412 1.74525177
    1.64261365 1.55472326 1.53308952 1.25497377 1.22620475 1.0456115
    1.49047673 1.52867603 1.1023252 1.1500895 1.04506707 1.11777854
    1.38711762 1.11656821 1.75562286 1.22969818 1.34048462 1.55176985
    1.853971 1.64435208 0.805987954 1.32370412 0.880028725 0.930466652
    0.963689387 0.982528389 0.835599244 1.22974551 1.24439442 1.27406311
    0.936728835 1.10465384 0.949351311 1.01969337 1.11632204 1.91580391
    1.51009321 1.25790274 0.838014662 1.49905515 1.32669353 1.54479194
    1.32972538 1.23184216 1.36594057 1.72487152 0.980092347 1.42612994
    1.09246516 1.30370224 1.51634145 1.75807393 0.909632444 1.38170362
    0.851504803 1.36473238 1.33167529 1.54309404 1.91838276 1.92036259
    1.43824577 1.68698704 1.6161412 0.942186534 1.85829604 1.9863168
    2.01674461 1.59553182 1.66618085 0.996343672 1.02297533 1.71201158
    1.29224896 1.03399038 0.904055476 1.24715793 1.50633645 1.53531277
    1.09460628 1.75801206 1.38087678 1.64802659 1.6458962 1.03024685
    1.01572096 1.74620366 1.24099815 1.22952306 1.09841979 1.15360856
    0.828425109 1.26522934 0.938464642 1.0584023 1.74982381 1.36858988
    0.862895608 0.948784232 0.748040497 1.2635268 1.73803914 1.49764407
    1.79857039 1.45207286 0.987636089 1.28519583 1.65743482 0.99703455
    1.20098853 1.62239742 1.59656918 1.02311885 1.04806173 1.48640752
    1.81407452 1.0773319 1.70462596 1.62734318 0.561592996 1.55383837
    1.3840251 1.28569818 1.79372668 1.50077057 1.00868714 1.00856388
    0.81274122 0.976802528 1.50061131 0.839228272 1.36291564 0.778368711
    1.32635975 1.26517904 0.875300765 1.51657856 1.06044555 1.24515986
    0.994126439 1.33348727 1.66674161 1.14841735 0.920340121 1.1100359
    1.63129139 1.28637183 1.67490256 1.49173665 1.36478031 1.17394698
    1.37367547 0.946005404 1.75497258 1.3175106 1.26887035 1.46907353
    0.811051428 1.28065133 0.779951811 0.907003224 1.72070622 1.84267342
    1.05562568 1.41646254 1.4837327 0.873974025 1.41399336 1.45717251
    1.67734325 1.50058901 1.13732553 1.88070214 1.10891294 1.07973444
    1.74868011 1.52414095 1.11922824 1.52655077 1.15006912 1.90240908
    1.73083007 1.39327216 0.98096478 1.73469484 1.05173564 1.17868185
    1.06478035 1.99773538 1.80176449 2.03803968 2.00625801 1.84054649
    1.77168381 1.32474899 1.72231102 1.64958477 0.874126315 1.11061811
    1.70986092 1.87615979 1.72964168 1.94685256 1.50459266 1.01442587
    1.75497866 0.795201719 0.973913312 0.891411722 1.62975132
    0.767755806 1.33420384 1.16091573 1.56857371 1.50901544 1.36656833
    1.34068739 1.45368803 1.1776545 1.2371825 1.8197099 0.989483953
    1.17868471 0.843131661 0.756148338 0.884376824 0.666586459
    1.18608546 1.01260114 1.71428776 1.54909039 1.58879113 1.27826047
    1.52688766 1.07535696 0.966143191 1.69856226 1.73573053 1.44237888
    1.01443172 1.43820179 1.37758875 1.54092431 1.15450501 0.866988897
    1.79323196 1.65769279 1.51774085 0.880203068 1.0728966 0.963516116
    1.01010299 1.56389976 1.13508689 0.998945713 1.36272466 1.88071918
    1.54076004 1.72505188 1.9244411 1.90273416 1.64849734 0.982603431
    1.30240154 1.29593086 1.71770263 1.78703403 1.59285283 1.59456694
    1.67095947 1.47198188 1.3209933 1.26562667 1.84440625 1.73816836
    1.32380414 1.77876639 1.06437278 1.22411072 1.42864788 1.75947297
    0.937046349 1.30552673 0.94511199 1.51325274 1.22883475 1.56610537
    0.933809221 1.52226329 1.55110002 1.54792058 1.83237576 1.43664908
    1.30304039 1.44792283 0.963690758 0.94505322 1.29376948 0.75734812
    0.896677613 1.16233385 1.06757259 1.47915494 0.966576517 1.86579084
    1.32827187 1.28297162 1.9523145 1.45199132 1.29784882 0.970349252
    1.38194287 1.08287835 1.27573133 1.24596059 1.23758793 1.22913086
    1.22117376 1.82935905 1.03980756 1.3656466 1.74131978 0.995464027
    1.1763041 1.86365378 1.59888709 1.08519948 1.28792012 1.42639959
    1.45036638 1.8190304 1.73996878 1.70668495 1.17531681 1.15685451
    1.68257022 0.907888293 1.02384019 1.26532137 0.86796236 1.17754626
    1.3615135 1.16574657 0.953320086 1.76520801 1.48980927 1.58820701
    1.13222647 1.07941675 0.836974204 1.44190061 0.97139591 1.59096801
    1.38187039 1.19674301 1.59124732 1.43474174 1.82129693 1.79247868
    1.8833462 1.601053 1.55701983 0.946286261 1.82484508 1.35034192
    1.84571886 1.70458543 1.15624285 1.61535418 1.58051372 1.56257343
    1.54558825 1.6348114 1.77468097 1.4665978 0.721969545 1.46453464
    1.47480357 1.70465457 0.949198961 1.43403375 1.56201482 0.820452988
    1.5548085 1.18643856 1.70565689 1.43057168 1.04662216 1.49857199
    0.920989931 1.13554108 0.785248816 0.702059984 0.806249797
    1.07957411 1.70121086 1.48801172 1.42542505 1.30711865 1.12506557
    1.22594905 1.2821877 1.47734499 0.884109318 1.40347648 1.92388642
    1.54612982 1.58517003 1.19296694 1.44281256 0.830555499 0.94409132
    1.6594429 0.745384634 0.780567169 1.01866877 1.39890373 1.56074393
    1.40086293 1.59504604 1.17843151 1.7373569 1.11869252 0.845184505
    1.16861415 1.16147006 1.6452477 1.68713915 1.81343055 1.48471892
    0.858094573 0.994797587 1.17903805 1.43050683 1.70597053 1.45273745
    1.56820524 1.25022137 1.22261143 1.09054136 0.904949248 1.73482049
    1.66152287 1.80113828 1.38776278 1.93571985 1.21451795 1.79516947
    1.31411004 0.950393319 1.66157174 0.971925199 1.04513752 1.15971112
    1.1845448 1.03704858 1.212798 1.37517834 1.38724709 1.61082101
    0.861813545 0.919565201 0.918009281 1.01362026 0.839799643
    1.34585309 1.1425668 1.36101127 1.84436119 1.0036242 1.63138461
    1.11616182 1.2866019 0.880730867 1.08603144 1.46698916 1.39136684
    1.04236221 0.934982777 1.34774971 0.945950687 0.773115337 1.17032492
    0.666153491 1.50576198 1.05240941 1.76027763 1.52460361 1.75005245
    1.55508804 1.601946 1.96367192 1.95466268 1.64330745 1.46886909
    1.42835736 1.26218116 1.21502137 1.11348522 1.34300339 0.910319209
    0.977312922 1.30134368 1.28265405 1.57357633 1.41292381 1.62278378
    1.27755272 1.88058388 1.74400043 1.20674384 1.34351313 1.44969022
    1.44042349 1.44622719 1.21923316 0.969262004 1.31443346 1.20050347
    1.55939937 0.974373281 1.91407681 1.74794853 0.956493914 0.917099059
    1.33402741 1.85811472 1.31225228 1.92084897 1.63879466 1.3376168
    1.30724645 0.934884369 1.16083026 1.35016942 1.26961517 1.47334552
    1.62788475 1.58794844 1.47955382 1.40942669 0.980762124 1.63716793
    1.83615363 1.54241824 1.8003962 1.82479608 1.91097975 1.08516598
    1.27587926 1.53981078 1.65994632 1.03693819 1.32406807 0.710106492
    1.06483042 0.840694249 0.941451311 1.65119338 1.74917257 1.08816803
    1.79243827 1.53473425 1.90739346 1.39559996 1.16812813 1.17018855
    1.28906167 1.79137695 1.7138418 1.91302764 1.48260963 1.48445714
    1.09215856 1.13505864 1.63520658 0.854452252 1.01909602 0.923709273
    1.77085888 1.52884376 1.55271125 1.11331463 1.78561175 1.44822538
    1.37624848 0.974111676 1.34498286 1.46043217 1.72506237 0.990878463
    1.19151211 1.14088273 1.01642227 1.69167054 1.02546 0.95561558
    1.1286931 1.44100988 1.70162368 1.04111278 1.66992593 1.48441851
    1.02397954 1.58345604 1.04343855 1.77327871 1.92952752 1.58027601
    1.8595202 1.57335579 1.10274768 1.58827329 1.55483437 1.4897728
    1.91763723 1.79655981 1.7793293 1.61762214 1.31926596 1.07498884
    1.09238374 1.3627702 1.78805041 1.2999208 1.94041681 1.57496965
    1.66858006 1.55175793 1.42287886 1.27481544 1.56964517 1.30693495
    1.57141399 1.34752357 1.59928405 1.03264487 1.37152088 1.5291456
    1.49248183 1.32812417 1.23081267 1.48175871 1.55591154 0.82432735
    1.04545081 1.23443818 0.833592474 1.41238391 1.65953565 0.895737171
    1.51761925 1.33399153 1.28072774 0.907930732 1.68114543 1.58967948
    1.49869585 1.29115033 1.14614725 1.78297186 1.14896452 1.87989783
    1.46988797 1.59773362 1.49232328 1.27575886 0.882973135 1.54320395
    1.57892239 1.12480652 1.37473297 1.09558737 1.15426242 1.63157904
    1.0642786 1.51030326 1.10282588 1.77605236 1.5449127 1.2228936
    0.988517582 0.926104605 1.39786148 1.2533915 1.18213308 0.783427596
    0.857086658 0.746435404 1.45472336 1.27295732 1.52410376 1.78258157
    1.15821612 1.00594771 1.39766514 1.58795786 1.06471968 1.24140656
    1.53803968 1.14595008 1.58771324 1.86566818 1.82911205 1.23580229
    1.41227901 1.47851384 1.02714729 1.06731272 1.67661583 1.18548083
    1.02377033 1.75656199 1.22297156 1.37301767 1.30156267 1.59162366
    1.72646463 1.77603233 0.822746933 1.241027 1.54046798 1.79662192
    1.0476526 1.66460919 1.67459345 1.65376651 1.10532379 1.46394134
    1.1805588 1.57952321 1.16539299 0.97518909 1.5236491 1.12393188
    1.69074821 0.835703075 0.789087117 1.30862224 0.937950492 1.0078032
    1.02397728 1.76099324 1.61815917 1.93971062 1.69150841 1.36455798
    1.80251324 1.95951712 1.8550154 1.62380385 0.991836071 1.73321593
    0.938641846 1.0349263 1.70522583 0.950962305 0.894616127 1.3438499
    1.35060155 1.30246592 1.10137105 1.18896842 1.29876685 1.10142529
    1.76562905 0.987603784 1.87349153 1.58965111 1.6877588 1.56540203
    1.49396801 1.16920507 1.60930347 1.72733665 1.57860756 1.97332466
    1.93378246 1.67595124 1.65709949 1.92965817 1.53199637 1.20738542
    1.82045901 1.67086852 1.38462055 1.77327013 1.58061635 1.03773344
    1.11268866 1.71927822 1.00605631 0.85782069 1.57546723 1.27292132
    1.20923448 1.61781001 1.0158335 0.947059929 1.01099348 1.08407092
    1.7571125 1.481758 1.7873348 1.02842653 1.2544806 1.46568584
    1.79233313 1.4249953 0.883832932 1.53056657 1.11255884 1.06757987
    1.70318305 1.67359364 1.04624438 1.47409153 1.01084983 1.45892394
    1.57464814 1.0421443 1.51304173 1.07641733 1.37420297 1.45298362
    1.10131216 1.79943264 1.7575835 1.37104189 1.23191535 1.04992092
    1.82449377 1.42687356 0.907553077 1.18981254 1.28999412 1.105196
    1.34906614 0.881406784 1.02767789 1.44560802 1.3342247 1.65110397
    1.5641588 1.85745537 1.73123336 1.09385705 1.76946604 1.78608274
    1.8772409 1.3574965 1.52521956 1.74231184 1.04898298 1.11633241
    1.14086366 1.39732289 0.903003275 1.48726773 1.83553576 1.49775171
    1.3580147 1.82329619 1.7698859 1.63477767 1.3856467 1.28399777
    1.00779796 0.896644413 1.73337209 0.936488807 1.08275378 1.64897895
    1.13257253 1.31087279 1.11057162 1.690377 1.88356948 1.30321169
    1.38580644 1.94142032 1.85194159 1.85191321 1.43791139 1.95866382
    0.965617657 1.08312583 1.3353157 1.18438756 1.65630937 1.50744033
    1.36096156 1.57627761 1.59040797 1.24461603 1.19408715 1.77325737
    1.61832285 1.31925607 1.27506125 1.61732602 1.35348558 1.1783402
    1.19117856 1.71306765 1.54321969 0.944952011 1.38298023 1.1484499
    1.00375962 1.70033419 1.8151443 1.05744123 0.987146556 0.922192693
    1.00670576 0.921193898 1.21855056 1.90855324 1.38245595 1.49642444
    1.3404088 1.56937563 1.03904819 0.956328511 1.50614595 1.15933609
    0.967922151 1.76014125 1.81657827 1.2684257 1.02112281 1.18825269
    1.4459666 0.820132613 1.07421374 1.08045423 1.36854625 1.73765385
    1.83106279 1.40196347 1.249264 0.669792652 0.83720535 0.97985816
    1.12176037 1.68095171 1.31473696 1.39410794 1.41799474 1.39736927
    1.18935108 1.69506991 1.59097481 1.04222095 1.04508543 1.84223485
    1.31071448 1.62913704 0.876365304 1.26340497 1.44628668 1.36068785
    0.854650855 0.82966584 1.47257233 1.40589941 1.22051859 1.62424386
    1.03124297 1.59125233 1.04267597 0.867600501 1.52321959 1.80855393
    1.34177136 1.48484862 1.26305628 1.47803295 1.11836553 1.62835109
    1.00530672 1.06144714 1.07107019 1.76091874 1.74831283 1.38754094
    1.53611302 1.34037185 0.928473651 1.53889155 1.54532874 1.57121778
    0.959179521 0.871456623 0.687507153 0.998805523 1.48537409
    1.58392596 1.99035859 1.96195436 1.51190507 1.71895957 1.06971598
    1.9893682 1.87582862 1.50368834 1.63187921 0.990700841 1.80170453
    1.878214 1.58728504 0.847070277 1.70893788 1.38700938 1.21969295
    1.72619879 1.7679286 0.87286222 0.982720733 0.906928062 1.66731882
    1.61178553 1.66602373 1.38073683 1.38094759 0.764665127 0.844111681
    1.19846272 1.78334522 1.01828027 1.34016693 1.64080918 1.85303152
    1.26205719 1.75163722 1.24431705 1.58210444 1.65251911 1.58369827
    1.73992908 1.13216031 1.18552184 1.39946795 1.83473861 1.17269444
    1.29602945 0.873505473 1.60729527 1.87400162 0.962694108 1.23247612
    1.80962586 1.86274278 1.24851787 1.02814972 1.75012183 1.34679413
    1.01717865 1.34472096 0.948597908 1.17681181 1.71584272 1.1518892
    1.61570179 1.23953509 0.948272109 0.836437583 1.63700867 1.2039237
    1.49428856 0.996718466 1.26965511 1.16734982 0.930955052 1.37441397
    1.61032605 1.3447603 1.28736854 1.67261934 1.63177156 1.12418032
    1.60623848 1.64175546 1.14874637 1.4710989 1.24208117 1.74687552
    0.994987726 1.5055207 0.887585402 0.72161597 1.2321918 0.93095839
    1.67556453 1.39886522 1.53097916 1.4485724 1.26899815 1.23367631
    1.85753238 1.07930267 1.43561959 1.44372654 1.48449779 1.16040397
    1.7762028 1.06028163 1.19464123 0.955103874 1.24560404 1.73698425
    1.41617715 1.67466176 1.01707709 1.33710921 0.914217234 0.967108428
    1.55287099 1.42961633 1.21230507 0.92612648 1.39113009 1.74910736
    1.78569984 1.2614727 1.41631353 1.49836516 1.50015187 1.14091623
    1.60318649 1.4050231 1.56503367 1.70196915 1.99235642 1.44808197
    1.96456301 1.48066533 1.40052044 1.95653236 1.03003168 1.6331495
    1.41309309 1.06518507 0.948993266 1.65060067 2.0019784 1.92482817
    1.53867221 1.41437316 1.21327257 0.911421418 1.253461 1.02520013
    1.76114488 1.45178747 1.2821846 1.23136687 1.03447819 1.02525437
    1.8266505 0.923604608 1.36859584 1.80571806 1.29287708 1.19130754
    1.30717838 1.29523087 1.72687113 0.846766531 1.3949821 1.3545841
    1.7371577 1.07676256 1.69079733 1.94464684 1.15969574 1.71265173
    1.66405749 1.32243609 1.28029358 1.26384306 1.68267536 1.6823107
    1.13226283 1.30549681 1.00741637 1.30589426 1.53105032 1.55626023
    0.984780133 1.28057206 1.14531434 0.871767402 1.72786784 1.3561908
    1.06198382 1.10538554 0.888474464 0.869621456 1.27845645 1.64653885
    1.32226396 1.20395446 1.11141562 1.55924082 1.1376754 1.45498991
    1.01349568 1.62796795 1.22110236 1.48574483 1.4057523 1.26151061
    1.33754027 0.99014622 1.24803138 0.986299396 1.22441447 1.06221259
    1.65297222 1.44485569 1.68404019 1.7693702 1.92422438 1.05708826
    1.76523459 1.16328001 1.50430393 1.16751313 1.90938437 1.57349861
    1.87142193 1.7558428 1.54586244 1.28901088 1.37802684 1.35512161
    1.11134613 1.54040551 1.7088728 0.97787559 1.21643031 1.40949738
    1.7177316 1.36180449 1.52095568 0.898037136 1.65526235 1.4423393
    1.19076395 1.69700599 0.886359751 1.30206716 1.45987391 1.05808783
    1.53913176 1.71011007 1.1514523 1.47474003 1.95668066 1.57420111
    1.9520247 1.87383175 1.26750672 1.77640319 1.45339406 1.60870636
    1.67418599 1.28375387 1.38057184 1.81418204 1.27891636 1.50051033
    0.923924804 1.55622113 1.52606881 1.40272033 1.36003137 1.32525754
    1.17637289 0.810897112 0.795553148 1.63840485 0.986054599 1.33899331
    1.44074643 1.59627843 1.61452723 1.66938818 1.38478351 1.8533901
    1.26120198 0.905366898 1.76571918 1.14445841 1.55316436 0.879922509
    0.886491895 1.74895883 1.46299171 1.06302083 1.60558641 1.63449919
    1.79567301 1.13528216 1.54582703 1.89162421 1.58538365 1.84397602
    0.948989689 1.08947062 1.48972142 0.965624154 1.60812306 0.898484468
    0.87471807 1.44992495 1.49248314 1.11075437 1.28258705 1.51419604
    1.54434419 1.73039758 1.72283018 1.92220497 1.8870312 1.79844534
    1.4379369 1.82854879 1.42834115 1.02500772 1.57622886 1.41890848
    1.31808209 1.5548712 1.84395385 1.10034215 1.10335994 1.41052818
    1.85805202 1.91033709 1.12631154 1.26238394 1.70816326 1.57966721
    0.998796284 1.03641498 0.79855293 1.68048382 0.814649522 1.67078376
    1.55984616 1.09194326 1.29821324 1.07121408 1.02408803 1.00021851
    1.10491061 1.07953072 1.7796849 0.971762836 1.52757502 1.81245387
    1.5616895 0.784272015 1.10988438 0.813173831 0.993916214 1.50225461
    1.42867506 1.51959503 1.58627427 1.8595897 1.00012457 1.6197803
    1.22040474 0.803910673 0.997120321 1.20498633 1.02299511 0.752701998
    1.11284256 0.744294286 1.38842893 0.864317954 1.30935836 1.59408045
    1.38792312 1.94073081 1.57993662 1.70640111 1.43457878 2.00165606
    1.96135128 1.69317722 1.72021544 0.804547787 1.19745874 0.617425859
    0.81249541 1.69207084 1.82884431 1.76007688 1.67034411 1.82583249
    1.43883586 1.80501032 1.46840096 1.85019016 1.61882901 1.45638967
    1.35742259 1.88409281 1.76105285 1.43429148 0.898877978 1.50982928
    1.60923135 1.49662375 0.950086236 1.25230932 1.60135686 1.00019097
    1.17091739 1.67473793 1.24114525 1.54877603 1.60490596 1.32529879
    1.63066661 1.85057247 1.15034711 1.31987655 1.37143171 0.99904573
    1.78186035 1.92977846 1.6243403 1.2497859 1.33753681 0.834911406
    1.32661748 1.12095594 1.55435967 1.17274523 0.844722629 1.5985744
    1.0184772 1.59873223 1.62635911 0.912753999 1.19749367 1.79482448
    1.5101161 1.26668167 1.32248116 1.38538444 1.10288692 1.6396929
    0.986224413 1.67656016 1.88443768 1.91664255 1.9140259 0.909932554
    1.43456697 1.60927558 1.30237174 0.932326674 1.43990374 1.21336806
    1.11371517 1.18830645 1.83827758 1.14323437 1.59925914 1.57519865
    1.48818195 1.20608473 1.60171795 1.30676365 1.60554802 1.0335449
    1.1036787 1.21209955 1.46722102 1.50472987 1.56753135 1.17691767
    1.58982575 1.10648072 0.987666011 1.53300834 1.23147905 1.21366107
    1.56019342 1.12171102 1.67348218 1.23683035 1.28850162 1.78183651
    1.19261277 1.47000003 1.80004215 1.1965611 0.942543924 0.859281719
    1.17396259 1.72741175 1.5168047 1.88922668 1.67937195 1.70064247
    1.50110769 1.63031423 0.967484355 1.45849574 1.72183919 1.64002192
    1.05160141 1.59691775 1.11569679 1.07715559 0.828062356 1.06770241
    1.22908306 1.82838786 1.42441511 1.11375725 1.09607005 1.16930175
    1.29651558 1.92046642 1.66869533 1.59705627 1.75697255 0.749340236
    0.882961094 0.737533867 1.389642 1.53487682 1.48236346 1.00823748
    1.54869819 1.55598891 1.01074123 1.35389292 1.15759158 1.02306223
    1.78731155 1.4817251 1.43985999 1.00371623 1.5498184 0.988650918
    1.10573161 1.12383211 1.16102612 1.04645205 1.44072592 1.46505237
    1.50574255 1.60338998 1.46428132 1.83465087 1.32277107 1.77443862
    1.43098187 1.73432875 1.47272348 1.42386174 0.796771824 0.9669801
    1.16416609 1.60227466 1.18990433 0.969923019 1.39094889 1.7523663
    1.12686574 0.957189679 1.71192133 0.9550578 1.21840847 1.34084988
    0.930509627 0.994152606 1.81871915 1.28447127 1.72241282 1.2826606
    1.18524337 1.3200649 1.26896799 1.67417073 1.53420246 1.4983958
    1.4324429 1.37355673 0.95910579 0.960694134 1.59365988 1.31393659
    1.13857937 1.07264018 1.38052106 0.982230365 1.56117201 1.69928443
    1.71868157 1.55166709 1.27495372 1.68146205 1.71636033 0.923635662
    1.84553003 1.23309922 1.87346101 1.33686566 0.980691433 1.33953452
    1.03303528 1.80310488 1.34887815 1.25886786 1.39214838 1.34180439
    1.26626706 1.27801883 1.4965446 1.72454488 1.11853564 1.29220641
    1.23614907 1.22836149 1.17077494 1.26000357 0.821134269 0.904683709
    0.742197692 1.52321827 1.0947243 0.942702472 1.69839466 1.94847822
    1.66534626 1.15334916 1.00552702 1.26459432 1.75808847 1.8023243
    1.91180682 0.845721543 1.35047674 1.4064486 1.00587606 1.41513348
    1.54051638 1.29019535 0.951923311 0.920108795 1.15797067 1.45214891
    0.932477713 1.83285725 1.44495451 1.23718941 1.75340581 1.49561405
    0.980368376 1.08716249 1.12223911 1.38024437 1.52664411 1.94122124
    1.64693785 1.50604618 1.07600749 1.00367713 1.8044461 1.63966525
    1.64835906 1.46980345 1.4471246 1.48030686 1.15874791 1.0941273
    1.556054 1.75424206 1.32784402 1.40922892 1.54032576 1.96541905
    1.77221501 1.78714848 0.969967484 1.27474582 1.69136417 1.07468593
    1.60176504 1.17541027 1.00210142 1.22004139 1.64496553 1.72910178
    1.65668011 1.75378025 1.55083096 1.91488504 1.29879308 1.18358064
    1.4443171 1.3206197 1.7260772 1.2637229 1.26447058 1.26723361
    1.74818325 1.92703784 1.67085731 1.09017456 1.33363283 1.28495729
    1.40393734 1.38559628 1.08119345 1.5094229 1.88697457 1.59977841
    1.31796026 0.890921533 1.119941 1.34552205 1.92514861 1.15364778
    1.92776823 1.74340057 0.9203704 0.941105127 0.988116801 1.4363215
    1.04932749 1.38052249 1.71637976 1.33401346 1.02963984 1.75034273
    1.09493959 0.813918054 0.986709476 1.49928164 1.87189281 1.2461679
    1.22671354 1.20480347 1.48478508 1.5992471 0.9232319 1.20511127
    1.56630731 1.02992976 1.47356522 1.63704252 1.61779082 1.10940325
    1.63229918 1.33152568 1.28769279 1.29891038 1.41498542 0.918207765
    1.79909539 1.55358243 1.06231606 1.0210501 0.970468521 0.927995801
    1.5471195 1.73057497 0.978044987 1.35220146 1.2945168 0.876323044
    0.93813014 1.63403285 1.90391576 1.47573411 1.94492793 2.01299691
    1.29058242 1.42298639 1.27770436 0.919611394 0.760016441 1.26485586
    1.36440122 1.39230156 1.76531839 1.06982982 1.45422769 1.32994723
    1.37874091 1.45487833 1.36920238 1.04717267 1.33966029 1.4594382
    1.52647567 1.47319901 1.14337921 1.18234527 1.30759847 1.27123296
    0.810882568 1.08483028 1.45198894 1.1076901 1.82811248 1.95893216
    2.02335644 1.76241863 1.73049235 1.46775723 1.57036722 1.63957727
    1.10794926 0.81576848 0.812909603 0.876888454 1.10853827 1.60312974
    0.835490167 1.68965507 1.05761266 1.63996041 1.62604058 1.59260786
    0.933258832 1.71745563 1.18027341 1.69661641 1.90006649 1.6746906
    0.915086508 1.54665828 0.85194397 1.4444865 0.910393298 1.77087259
    1.22045863 1.81719494 1.34371758 1.83386672 1.65036261 1.22231793
    0.947531283 0.941728473 1.73721933 1.48394835 1.01833975 1.23620355
    1.10418355 0.989738047 0.927512705 1.61699688 1.53090608 0.874158144
    1.14180875 1.71321988 1.35955393 1.60691643 1.8932035 1.71488631
    1.20766175 1.60834122 1.16950715 1.11145687 1.26860845 1.71477318
    1.50477719 1.59752929 0.934850693 0.864283919 1.10539055 1.46621776
    1.26393163 0.996191084 1.54626775 1.78327966 1.77472615 0.89730978
    1.53785479 1.69416833 0.860993981 1.24255228 0.769801438 1.48828661
    1.42393267 1.46403909 1.08905363 1.79573703 1.14585805 1.56259131
    0.885123491 1.37356269 1.37367594 1.730685 1.82976043 1.16788399
    0.990570366 1.24011075 1.02545655 1.71974671 1.32427979 1.75494707
    1.36608148 0.757187068 0.858942807 0.733204663 0.801327586
    1.49024808 1.61244798 1.69688058 1.26242948 1.78023732 1.63871872
    1.42503142 1.65244007 1.90108132 1.55396271 1.47992468 1.35060477
    1.85120893 1.40168154 1.57183933 1.1352042 1.63347614 1.36509669
    1.51293349 1.21927083 1.56477153 1.45863056 1.00130546 1.11382675
    1.77495229 0.909517884 1.47405684 1.73654592 1.91375649 1.75669992
    1.01159096 0.878769934 0.98575604 1.04500759 0.896304667 1.2312597
    1.09536791 1.077546 1.06068552 1.47233343 0.980140746 1.09832203
    1.68907642 1.32978725 1.38304353 1.66440642 1.41383207 1.7719053
    1.28687346 1.35722709 1.47127807 1.37608469 1.14762235 1.5721395
    1.06231236 1.73515582 1.51705205 1.6414454 1.72148263 1.74581289
    1.1299659 0.836294055 1.42358696 1.42989743 1.91599846 1.86279726
    1.27667522 1.7450422 0.911433458 1.37511051 1.63163459 1.20363319
    1.78314567 1.17639029 0.812174261 0.912304521 1.80262911 1.21781707
    1.53778148 1.5304184 1.50251055 1.76543629 1.03402102 1.26791537
    1.07492793 1.75761259 1.81805062 1.65414953 1.73856461 1.46481562
    1.49013674 1.87049317 1.7800107 1.76378715 0.883952439 1.60016763
    0.926482081 1.57537889 1.41939175 1.21924186 1.28904486 1.57025671
    1.30601752 0.887907207 0.902519584 1.60235214 1.68879545 1.25574565
    0.875374317 0.831529915 1.72358429 1.13771415 0.765807152
    0.977347851 1.24852538 1.0513885 1.04266 1.05739307 1.05618107
    0.903448701 1.84234619 1.88013375 1.88483477 1.85341537 1.60384369
    1.75490654 0.97364819 0.829364896 1.52921033 0.782219589 0.93067205
    1.54020929 1.68639255 1.18919992 1.7489537 1.14981389 1.62586665
    1.78447664 1.68251503 1.31082273 1.56119502 1.03347504 1.41391242
    0.94616735 1.2964288 1.83819985 1.6974901 0.842158675 0.875810027
    1.72154462 1.25991046 1.42724645 1.9396596 1.11476457 1.2388494
    1.95865929 1.12164998 1.58683002 1.16063178 1.58315229 0.916719258
    0.817241967 0.760562241 0.834525585 0.706565738 1.49684405
    1.35742986 1.21059179 1.57283926 1.04740942 1.45697021 0.939589143
    0.9295578 1.16428244 1.43389893 1.59081161 1.77508414 0.972922564
    1.81642127 1.17610252 1.07910502 1.24318826 1.24518001 0.948244989
    1.08457792 1.54388273 1.24005318 1.04348183 1.7701242 1.52420974
    1.6866343 1.02675879 1.85402477 1.21767247 1.10201931 1.57651854
    1.53149247 1.27575529 0.991037071 0.973951936 0.816480398 1.12998641
    0.998007834 1.41847372 1.46174538 1.8571043 1.79966116 1.15912783
    1.24083972 1.85732126 1.46007359 1.75989056 0.898071408 1.27642024
    0.831750333 1.02893484 1.27995002 1.61907315 1.73191381 1.08818877
    1.8031857 1.51612794 1.77542305 1.23568773 1.37276912 1.37522411
    1.61396515 1.55630732 1.56516862 1.50975573 1.48381317 1.21383953
    1.44207382 1.87017965 1.65969408 1.57695663 1.80768979 1.1212306
    1.01559448 1.1270299 1.7973057 1.18090796 1.27028525 1.82362282
    1.44438791 0.822801232 1.54165339 1.41989613 1.84211898 1.80759799
    1.67617857 0.997552872 0.80076462 1.00450981 1.10359526 0.933926761
    1.40337086 1.18410087 1.06594896 1.60607207 1.61622071 1.1155839
    1.46545672 1.40892732 1.78069913 1.91821706 1.13938129 1.13394248
    1.64436781 1.79038727 1.2013799 1.37475896 1.72241771 1.50820279
    1.47172213 0.782784939 0.718370855 1.16613317 1.01363158 1.57126296
    0.889099896 1.43606508 1.45188785 1.39267945 1.52016592 1.42150295
    0.921281993 1.34045482 1.1202122 1.08523107 1.80000651 1.64266169
    0.903172314 1.73611379 0.929128587 1.33402336 1.74018264 1.53817296
    0.956186771 1.77103913 1.12093067 1.73895442 1.42495489 1.86092699
    1.54586768 1.80873001 1.44678974 1.13087547 1.37848794 1.16102195
    0.974724472 1.20369303 1.75310147 0.918642223 1.06429565 1.63906384
    0.978604436 1.30876935 1.23856616 1.80902278 1.49738538 1.51437902
    1.26558518 1.27065647 1.20683312 1.14908397 1.52882063 1.85675597
    1.26046789 1.70728266 1.50843 0.853969872 1.02209735 1.70766759
    1.88307142 1.33308613 1.22833812 0.922523916 0.963422596 0.961795926
    0.841716111 1.79896665 0.989856005 1.35601699 1.9084487 1.79710793
    1.52072573 0.940186918 1.40573549 1.85804307 1.39469707 0.876074374
    1.65102875 1.48513532 1.09408081 1.48724687 1.6514014 1.11885023
    1.76910663 1.23274469 1.76661408 1.70155799 1.13707066 0.911260784
    1.21259177 1.56538713 1.55447352 1.70753729 1.32509851 1.08094454
    0.912175775 1.11963081 0.877398551 1.65298808 1.47880304 1.04166865
    1.80020189 1.67544103 1.32907259 1.94744563 1.59942353 1.83714771
    0.801128268 0.804150224 0.755875051 1.63271165 1.54354572 1.74466968
    1.00853717 1.30887306 1.75032377 1.71286464 1.48454428 1.02370787
    1.88053501 1.86082041 1.4836551 1.47791958 1.69413221 1.28471911
    1.38321066 1.69887507 1.24068367 1.81239665 1.46259618 1.47788084
    1.25156724 1.45657992 1.79417479 1.03663945 1.94472885 1.18280578
    1.68418777 1.81972945 1.87908578 1.39928615 1.63357031 0.816895485
    0.873376489 1.65306246 1.52123475 1.00741851 1.55828214 0.985101342
    1.65735412 1.11966395 1.79491937 1.41030264 1.59572959 1.94911957
    1.77150917 1.87728703 1.41234612 1.80284619 0.988289297 1.32686353
    1.66797185 1.40937793 0.956685066 1.23713243 1.0136888 1.02055073
    1.38041043 1.12877464 1.50173271 1.01666605 1.58639562 1.13322294
    1.88549864 1.79291022 1.46252561 1.25560188 1.0370295 1.08764088
    1.10662675 1.24017847 1.64459801 1.82893169 0.924031138 1.72480798
    0.973636687 1.81240833 1.43161321 1.33472478 1.76000786 1.72576201
    1.87712514 1.2779125 1.33968866 1.13725269 1.22716856 1.43179238
    1.44968176 0.912459493 1.17129064 1.89668512 1.32154012 1.56726408
    1.64873338 1.94142139 1.80771399 1.9314481 1.67146742 1.30400741
    0.963777602 1.27900434 1.0665828 1.03936803 1.90903687 1.93159556
    1.81378949 1.24148679 1.20914924 0.963941336 1.42590404 1.60118222
    1.60590887 1.86759555 1.76331186 1.71405184 1.49297011 0.978405595
    1.5383805 0.89822793 1.24943793 1.96023035 1.68670607 1.8328104
    1.62521374 1.32726049 1.28253746 1.50880229 1.31295192 1.58934307
    1.54102492 1.11280155 1.83917344 1.42276943 1.41861033 1.45842957
    1.48421657 1.7035253 1.56137645 1.53250062 1.96572959 1.84434795
    1.38872921 1.73142731 1.68768573 1.37002075 0.807130456 1.3530935
    1.02078402 1.02073431 0.912192106 0.951393664 1.52226973 1.20211661
    1.20314777 1.6727066 1.21501482 1.34555984 1.2251451 0.73453021
    1.04217064 1.62164128 1.44355547 1.79938149 1.5591836 1.47093081
    1.5801276 1.87609613 1.37375855 1.09862876 1.2729708 1.79590511
    1.18574035 1.8463856 1.94365931 1.3219105 1.82944906 1.86480474
    1.54671025 1.05714965 0.972946227 1.73084319 1.29341257 1.41627669
    1.3323735 1.00420678 1.67123497 1.31894743 1.80850863 1.20939314
    1.03398764 1.46662939 1.89976394 0.984549701 1.55169702 1.24972391
    1.45655739 1.51851392 1.7524538 1.42181289 1.90261221 1.16043472
    1.61164117 1.806692 1.06347609 1.22930634 0.954475403 0.950001836
    1.64677012 1.31402183 0.954053342 0.917372882 1.37349021 0.791349232
    1.11573255 1.75233901 1.36527598 1.12289846 1.61612165 0.96036917
    1.42421699 1.62573028 1.14321256 1.37729585 1.33018708 1.25297332
    1.5218724 0.940616727 1.86742973 1.55926871 1.65898252 1.6516012
    1.35475659 1.42575705 0.795691609 1.41136467 1.45032966 0.995459199
    1.04013836 0.774856329 0.725325227 0.766377687 0.957158804
    1.68734658 1.37191939 1.48578835 1.85391581 1.35225654 1.00246286
    1.61758423 1.09506941 1.37100112 1.01796126 1.66494954 1.0140698
    1.16609108 1.2147541 1.00179088 1.29163122 0.9652704 1.01078737
    1.57805192 1.33287287 0.841955662 1.00376213 1.49059546 1.77774346
    1.21149647 1.77517366 1.8517431 1.61415195 1.46312082 1.85531616
    1.60850823 1.6279546 1.77014732 1.65516829 1.17320585 1.48556638
    1.37618017 1.81359196 1.88730276 1.64687753 1.27097261 1.71271944
    1.29776418 1.21936595 1.55899858 1.07517362 1.6126852 1.06586432
    0.797642052 1.23408055 0.957322538 1.11563051 1.18784404 1.60949755
    1.29006338 1.40436268 1.17814636 1.7895273 1.77857888 1.55041456
    1.82464099 0.976209998 1.65311217 1.42436469 1.55145013 1.38875103
    1.1081984 1.02818346 0.996427298 1.16023254 1.0276227 0.830619693
    0.877262831 1.02416611 1.44782436 1.72981524 1.28226614 1.53847373
    0.959277093 1.80435026 1.03520119 1.21684062 1.71800768 1.86297202
    1.3535043 1.70038128 1.50004995 1.25365293 1.63314366 1.35626328
    1.57105339 1.87484992 1.44405472 1.3878895 1.01668239 0.93437922
    1.78050697 0.777410984 0.777979016 0.892455161 1.124704 0.951145172
    1.40312338 1.21440673 1.22479022 1.98721838 1.70291901 1.21769273
    1.2126292 1.68613148 1.26203787 1.34143353 1.01984501 0.946567059
    1.3452791 1.39826572 1.75545239 1.14408422 1.38764954 1.06576121
    1.70068097 1.76193869 1.0884589 1.14422071 1.28473639 1.14906383
    1.08222187 1.18880987 1.64714491 1.70419121 1.47337127 1.23387086
    1.68415236 0.941420496 1.94328678 1.84330142 1.38486075 1.74712718
    1.05883765 0.880287528 1.00685728 1.11955035 1.67694902 1.85736215
    1.83672583 1.6116823 0.869202673 1.19125009 1.5356766 1.72026718
    1.74099255 1.1276933 1.12243402 1.84346151 1.66053271 1.06234837
    0.959518611 1.19945848 0.815550745 1.05558527 0.7845788 0.903358936
    1.08809578 0.954170763 0.924270868 1.28638971 1.36486542 0.887003839
    1.82926631 1.8828969 1.69462967 1.15449524 0.99604404 1.06439805
    1.1394769 1.26942098 1.07110846 1.91893959 1.19662857 1.34079933
    1.474334 1.83262658 1.03975797 1.39918423 1.14412618 1.76537967
    1.40542734 1.2849884 1.10993803 1.97611177 1.03228462 1.72321332
    1.04907548 1.02321947 1.5904727 1.17501283 1.10035002 1.53036904
    1.9154526 1.35412717 1.15296566 0.998490393 1.82155704 1.14705348
    1.61858571 1.44463873 1.1975354 1.52863526 1.33364284 1.1498456
    1.20404935 1.54499602 1.30575752 1.7366761 1.94978154 1.64078116
    1.81897032 1.87567532 1.95715928 1.69209599 1.74958968 1.49242854
    1.67258537 1.75349152 1.60306191 1.4437741 0.784354091 1.32587457
    1.69579053 1.83075178 1.17924297 1.36627531 1.58757651 1.81788075
    1.92549586 1.93688262 1.8638351 0.880686462 0.951055229 0.840757251
    1.69446552 1.14977753 1.29820681 1.26288044 1.08081126 1.15352476
    0.834425569 1.06264663 1.50030196 1.10357118 0.781794429 0.967980027
    1.40501785 0.705838859 1.39784837 1.52229607 1.43509054 1.70163143
    1.07969916 1.55660927 0.8759197 1.31748211 1.56112063 0.86413449
    1.42094469 1.71007264 1.17749143 1.71121132 1.26313925 0.996744633
    1.78495622 0.84610498 0.785006642 1.4264102 1.17351985 0.939958155
    1.38151383 1.74592328 0.907578409 1.3014673 1.90170419 1.4028486
    1.03426003 1.59622169 1.88098431 1.68737876 1.675668 1.12359107
    1.14577711 1.41426778 1.67095041 1.09044743 1.51615214 1.80380535
    1.00359464 1.84804785 1.15783441 1.77434123 1.58608985 1.01815128
    1.50777936 1.70519388 1.08679366 0.961791694 1.50315607 1.56178296
    0.953502476 1.02981472 1.44504035 1.50064027 1.21661294 1.33585489
    1.6910944 1.49434328 1.33652246 1.33892357 1.3965596 1.55756438
    1.41117501 1.27953029 1.16280639 1.0798285 1.37085092 0.877203822
    1.72394788 0.999542177 1.46395648 1.00624526 1.14109373 1.11787379
    1.54463828 1.53114676 0.898854077 1.77553082 1.51347375 1.29012322
    1.61366427 1.35414803 1.46074665 1.49633443 1.64861119 1.79447663
    1.2894572 1.14696288 1.45681179 0.865130782 1.47650421 1.01420557
    1.5288595 1.6328131 1.18786454 1.05152476 1.77871919 1.05195642
    1.05370855 1.11568189 1.14919806 1.25795186 0.742121994 1.59900784
    1.74607646 1.6791749 1.98724711 1.56685615 1.39933574 1.42918885
    1.66511977 1.15561116 1.81137359 1.32797778 1.88632166 1.4494946
    1.26865995 1.8941561 1.68497324 1.42116904 1.7123934 0.935427785
    0.82114476 1.63248944 1.79075301 1.78424478 1.23757648 1.63390017
    1.49321091 1.44146049 1.23874557 1.49642766 1.21378529 1.07914364
    1.20941472 1.90681469 1.37929058 1.91682684 1.61069703 0.944157481
    1.71891713 1.69150019 1.62478518 1.04921567 1.2377131 1.75048983
    1.06270838 1.0131911 1.70455265 0.895829678 1.33929157 1.37115276
    1.32143342 1.09738433 1.56757486 1.5302434 1.09373856 1.65657258
    1.34782445 1.39488125 1.7085278 1.27092624 0.777755558 1.2805171
    0.992061496 1.24564993 0.962463379 0.954090834 1.49401033 1.89704859
    1.57325482 1.59408951 0.730754137 0.914659262 0.754145443 1.44872189
    1.41393065 1.88789308 1.55090845 1.17499614 0.962266207 1.04809284
    1.61407638 0.901068211 1.30666387 1.00090551 1.21878302 1.01607144
    1.7642926 1.81524742 1.61228585 1.63650012 0.997110844 0.954740107
    1.53927183 0.95636338 0.953378439 1.66098499 1.93094587 1.5917263
    1.39963162 1.59398103 1.57010758 0.886351407 1.4792608 1.77292073
    1.44774401 1.09106255 1.23910356 1.18043256 0.757573962 0.816493869
    1.43381786 1.79624045 1.33602929 1.99034083 1.14422929 1.74895358
    1.82227802 1.38035882 1.72394621 1.7391001 1.66370451 1.19430077
    1.63822138 0.856593668 1.21641314 1.12219203 1.29990149 1.71884441
    1.07877338 1.77659035 1.92193198 2.07628036 1.90414178 1.24458885
    1.4149946 1.03179193 1.36167181 0.824920118 1.34270275 1.56273663
    0.8976354 1.5942204 0.990914106 1.03628159 1.15474296 1.01145232
    1.69222474 1.39388072 1.09901631 0.693168342 0.679510355 1.00461674
    1.08358788 1.84899831 1.74931276 1.921718 1.47572327 1.39741182
    1.27858114 1.05363572 1.74369407 1.54702771 1.21036613 0.980141282
    0.809794784 1.74818957 1.81130767 1.14726341 1.40986753 1.47539151
    1.46902955 1.19060612 0.846967697 1.18409967 0.904268503 0.866495967
    1.73430407 1.22698164 1.3303771 0.954831302 1.63279378 1.22974467
    1.6967423 1.4060936 1.95044482 1.90870345 1.05302 1.31436205
    1.02467322 1.36171806 1.84653735 1.00457609 1.66098571 1.44041121
    1.86718988 1.68176281 1.15605807 1.91683555 1.60710561 1.40349698
    1.44936979 1.50632 1.84935868 1.74674034 1.097803 1.76374364
    1.21126676 1.80287957 1.78309441 0.911102235 1.2049427 1.79241991
    1.10762703 1.20280755 0.988831222 1.30749381 1.41560388 1.51687181
    1.24566638 0.843827665 1.78797233 1.31756306 0.946572781 1.40210891
    1.77135587 1.59747767 1.30527639 0.951580524 1.28036118 1.24618351
    1.63843381 1.11623108 1.58703732 1.03708172 1.11957026 1.89033413
    1.33395875 1.88594592 1.75425613 1.86249149 1.32842886 1.0566566
    0.950506687 0.818165064 0.900522232 1.25718248 1.51110923 1.3846215
    0.924110711 1.63478708 1.81548738 1.68506253 1.17203963 1.0147326
    1.14976096 0.935058296 0.999373734 0.80894798 1.49463201 1.47430074
    1.45431471 1.856318 1.63094664 1.32204461 1.08910286 1.39269054
    1.89434755 1.59083188 1.90251589 1.64284897 1.24251103 1.79539335
    1.67678869 1.31643701 1.68511343 1.72764528 0.908824563 0.836110175
    0.928303778 1.28831494 1.03539598 1.80830979 1.35454047 1.09777534
    1.12448442 1.53658652 0.959077597 1.33985984 1.80215263 0.950156033
    1.8339771 1.43528199 1.37614906 1.42789984 1.71884096 1.06518447
    1.58529246 1.24102151 1.09088778 0.93773663 1.21267986 1.40810418
    1.13864577 1.40997982 1.43174529 0.833248615 0.935691357 1.68965173
    0.951023221 0.87993902 0.781536639 0.991170645 1.25165606 1.59238088
    1.57543874 0.89432174 1.3846575 1.32177246 1.70617175 1.18172824
    1.72201908 1.24119544 1.46794665 0.997337341 1.06629467 1.63784027
    0.802248359 0.801223993 1.35646582 1.08087742 1.48151731 0.945530891
    1.72493982 1.11148381 0.850163162 1.6571703 1.38108587 1.33021271
    0.860672772 1.16743374 1.2196188 0.873162389 1.61883378 1.09369218
    1.81812596 1.01279008 0.880746484 1.23910832 0.861043572 0.972098112
    0.793940604 1.17023075 1.83068812 1.83353496 1.78371382 1.03134882
    1.31263471 1.57998168 1.17631972 1.56869256 1.00426006 0.821094096
    0.951661229 1.19068992 1.01207542 0.871175826 1.76507545 1.32401597
    1.54783416 1.54745698 1.62632966 1.30071282 1.21053243 1.65817606
    1.83939779 1.88861811 1.37349463 1.98815501 1.07949603 1.57621825
    1.29971886 1.77653635 1.13908517 1.86012101 1.78515589 1.2350179
    1.3296982 1.90949547 1.98488796 1.27560651 1.27745879 1.2357235
    1.70503426 1.01822543 1.16801667 1.02095377 0.734306931 1.23865533
    0.768114686 1.59965777 1.08142078 1.44872975 1.06259787 1.55763602
    0.711105883 1.42973983 0.930005789 1.1044966 1.54886127 1.42605162
    1.50343907 1.52207184 1.67870605 1.3593806 1.23084724 0.876930714
    0.898291588 0.979643643 1.10223269 1.0377928 0.797018349 1.04556489
    1.53041983 1.77221942 1.77596486 1.62233257 1.39455283 0.865538895
    1.34975123 1.05019939 1.15870368 1.51189268 1.59831917 1.37983894
    1.16603518 1.30943525 1.57065916 1.1174345 1.42564642 0.98464644
    1.03705633 1.65063071 0.988155842 1.91186249 1.26522553 1.72877014
    1.29412937 0.926876783 1.41779721 1.44848144 1.41463804 1.19778109
    1.79472864 1.8873136 1.58183491 1.13171065 1.64528549 0.979486763
    1.24095356 0.943618298 1.85145605 1.86574078 1.27572691 1.36444604
    1.59921706 1.29089916 1.62235415 0.863469958 1.32018292 1.36127293
    1.7732662 1.19067168 0.888072014 0.870430171 1.42829001 1.19290304
    1.69834995 1.743119 1.11294997 1.76200318 0.872344613 1.29078317
    0.983156562 0.848666966 1.55531359 0.968144894 1.52947688 1.79273546
    1.49085617 1.11226404 1.51835024 1.04221535 1.39705193 1.00507522
    1.91801929 1.57143247 1.61731362 1.20635831 1.34017503 1.17842364
    0.827903628 1.35926616 1.76979542 1.27266419 0.893559217 1.80889297
    1.14466786 1.15695715 1.35823941 0.906170428 1.32445121 1.25739658
    1.12441432 0.807303309 1.81513333 1.28160405 1.30807793 1.75556445
    0.929211438 1.59861219 1.0585202 1.41707349 1.40709126 1.54730785
    0.987989128 1.70927286 1.91336894 1.9303062 1.782951 1.81202066
    1.86426067 1.37161088 1.73254776 1.4042381 0.926884949 1.47064185
    1.54428589 1.55391598 0.865504265 1.09155715 0.563790798 1.40538132
    1.64989674 0.879235148 1.54751849 1.29998958 1.5997771 1.67901659
    1.77567446 1.5220257 1.78766882 1.96445203 1.55388081 1.45822608
    1.2256242 1.17326343 1.3094461 0.836601734 1.04755032 1.68194389
    0.949990392 1.42046595 1.51475096 1.40199482 0.894737482 1.62761366
    1.52115107 1.09246719 0.849272251 1.09544826 1.70750368 1.73381937
    1.50207579 1.89676511 1.2070843 1.60330701 1.40432286 1.15198278
    1.02333224 1.51263869 1.2021687 1.55290782 1.26396906 0.832407117
    0.843611717 1.18355298 0.917130113 1.43279278 1.0453707 1.53229642
    1.31341004 1.41589916 1.496032 1.70598936 1.65277267 1.41559315
    1.27564621 1.74412358 1.40624499 0.929923952 0.868237317 1.01143003
    1.0091542 1.11236966 0.649988055 1.08898258 0.927957773 1.40326428
    0.920036972 1.60443091 1.56386614 1.23744154 1.22380328 1.38987899
    1.72338796 1.44847107 1.82586014 0.920429528 0.955976903 1.78484094
    1.62760222 1.22009313 1.44518495 1.31006253 1.36591768 1.83559465
    1.00389063 1.23177636 1.21565485 1.65075588 1.96355355 1.91382086
    1.93765998 1.88371253 1.57501745 1.48945093 1.3376019 1.84146786
    1.05495822 0.894758284 0.917877078 1.78189957 1.85653281 1.63444924
    1.63177919 1.34619808 1.71283996 1.5625124 1.33174992 1.39658332
    1.28357387 0.817964971 0.90717715 0.995224178 1.68459189 1.12103546
    1.19366431 0.884766877 1.53462815 0.967158139 1.09232271 1.18759537
    1.50745273 1.80950868 1.28339601 1.54663169 1.02360082 1.01188648
    1.32877588 1.70159626 1.62474585 1.82214665 0.825960994 1.14675212
    1.15638173 1.17829609 1.19693482 1.3711648 1.81858754 1.18689001
    1.63822925 0.96190232 0.753374577 1.54673994 0.752257526 1.16345191
    0.777957916 1.41961873 1.4420588 1.20038533 1.88013482 1.86578786
    1.81511021 1.33382154 1.28030634 1.75216722 1.04997361 1.78154898
    1.82466829 1.79219878 1.73754084 1.83996987 1.12224078 1.39910114
    1.69292009 1.31330121 1.5965879 1.08903766 1.32472873 1.35438168
    1.45646179 1.32732916 0.931887388 1.5569917 1.69849503 1.09413826
    1.83806038 1.82205248 1.79141998 1.92622316 1.7503134 1.66636276
    0.866231918 1.46021163 1.44791055 0.885164142 1.22229362 1.1852845
    1.75002921 1.4693327 1.29927468 0.839679778 1.37030768 1.30363345
    1.67357409 0.90373826 1.26908636 1.20451975 1.13621068 1.72318101
    1.81015599 1.01268911 1.79609287 1.95101476 1.37174261 1.69602585
    1.87691498 1.38958693 1.8689872 1.66213655 0.985331297 1.4922353
    1.48212504 0.98439306 1.05174482 1.17242861 1.60425866 1.82681012
    1.27560496 1.85418332 1.12672997 1.41723752 1.83246732 1.8536253
    1.48362255 1.28582859 1.62111604 1.13898897 1.33683956 0.875978649
    1.21158826 1.35073555 1.40745628 1.81181717 0.853535593 1.69508028
    0.930484712 0.93409723 1.77954507 0.978473008 1.15657759 0.931161642
    1.46825933 1.47294664 1.12752545 1.27835739 1.64445925 1.69036019
    1.14156413 1.43849349 1.32839656 1.53159809 1.36402798 1.65487039
    1.56059885 1.23362303 0.553617299 1.54103637 1.27794683 1.05495632
    1.18300951 1.32064259 1.29149997 1.72554433 1.23971152 1.70467985
    1.06379628 1.85451639 1.61925185 1.6946919 1.17237568 1.1419574
    0.932768106 1.21122348 1.74110472 1.40896213 0.99486506 1.62844229
    1.86737335 1.87618363 1.37748039 1.34442508 1.71332598 1.33003867
    1.4155246 1.84181321 1.74809539 1.17025208 1.70846093 1.15170705
    1.89265943 1.63880301 1.79357004 1.60670733 1.47013152 1.6832484
    1.2830596 1.78371727 1.28073716 1.5808574 1.42871583 1.01356232
    1.48204851 1.10023057 0.985214651 1.10893106 1.18417501 1.46078646
    1.86067021 1.0685612 1.21577251 1.18611586 1.54928899 0.786285043
    1.34972656 0.9168908 1.57029843 1.09389782 0.809463382 1.58359087
    1.09627175 0.760725498 1.22069287 1.07231259 1.21488726 1.17312849
    1.04210055 1.50065184 0.806780636 1.07969046 1.52027535 1.13967764
    1.6486032 1.62846267 1.63624775 0.977577627 1.47728992 0.907100558
    1.63962829 1.77366316 1.60989499 1.14889002 1.77303863 1.0200454
    1.0755527 0.947027326 1.05198205 1.8388648 1.82267964 1.1246798
    1.09118986 1.07848012 0.952079296 1.17505312 1.83479869 0.941473484
    0.949637115 1.87509692 1.51496506 1.72913039 1.20261586 1.06966352
    0.861667156 1.29226911 1.41154003 0.946486235 1.19598877 1.28226995
    1.57468677 0.821012378 1.07395434 1.3615787 1.09669173 1.62423921
    0.845927179 1.14474368 0.812715352 1.05979359 1.70474863 1.09934747
    1.25735521 1.51864421 1.87905753 1.32070816 1.22022104 1.66345656
    1.50143838 1.77600968 0.879199266 0.964124084 1.4608686 1.10307324
    1.61162996 0.911075056 1.19985402 1.36877203 1.53859317 0.780028045
    0.957847714 0.852992654 0.83913964 1.53490543 0.983670592 1.15020025
    1.15118372 1.48268604 1.09535408 1.47865999 1.79546344 1.72349119
    1.26462579 0.887278855 1.77090299 1.57565165 1.26884365 1.20774436
    0.965519249 1.05823469 1.74890673 1.74886608 1.37506807 1.17372489
    1.12062907 1.09264672 1.60861301 0.864644945 1.08671296 1.02712405
    0.943305969 1.62236059 1.36676407 1.03004861 1.3624624 1.91871417
    2.03339529 2.04727769 1.79623592 1.42354596 0.857461989 1.53985763
    1.25242007 1.07812774 0.886739194 1.28122175 0.95142442 1.57326615
    1.54179549 1.00748515 1.18765819 1.15522194 1.57059634 1.60606658
    1.38464475 1.32714462 1.77653003 1.81955314 1.95270705 1.79194081
    1.08458519 1.04848063 1.88428783 1.0021826 1.80911589 1.57999468
    1.23988903 1.09149492 1.08621287 0.938689172 1.86943483 1.86762643
    1.25149965 1.5655396 0.967645705 1.14776742 1.63973868 1.34886813
    1.9363066 1.73494601 0.951411664 1.17590284 1.71899807 1.10246301
    1.08784986 1.60708249 0.877072811 1.41524827 1.71533525 1.20378935
    0.790645003 1.02402592 1.23277354 1.37898755 1.2478987 0.845226347
    1.07605827 1.59507 1.23857021 0.984871209 1.16544724 1.16610277
    1.83257997 1.30514741 1.16259205 1.85491467 1.17652833 1.61534405
    0.890580952 1.49569881 0.85018152 1.12224221 1.71419311 1.32811761
    1.01215494 0.771081865 0.695185721 1.16961324 1.1657927 1.23773324
    1.02139318 1.35263121 1.69653773 1.75477231 1.20677865 1.26238644
    1.35173953 1.25043619 1.82205093 1.43815434 1.89289594 1.25404406
    1.66322589 1.30598629 1.23570728 1.09026361 1.50364244 1.96454525
    1.84800422 1.595119 1.21365714 1.49077618 1.87032425 1.46548462
    1.00346661 1.06606996 1.74796391 1.78826058 1.4914391 0.874414384
    1.34030771 1.71666014 1.75297987 1.37935448 1.95061111 1.73079562
    1.8441925 1.85081649 0.912264168 1.54308093 0.969872355 1.53301728
    1.81384563 1.84228027 1.18299592 1.87032342 1.09883404 1.50558925
    0.78616178 0.763223231 0.82116586 0.794924378 1.17435169 1.12791061
    0.763206244 1.44065928 1.34748006 1.47321892 0.728171706 0.848969042
    1.15560329 1.26233232 0.926851392 0.960726321 1.77222967 1.09190917
    1.16861689 1.39999616 1.23019004 1.18874729 1.21303058 1.13080525
    1.85099244 1.5834223 1.01673436 1.67607749 0.940117836 0.846036911
    0.949576259 1.40828824 1.12320638 0.89055866 0.988533795 0.820584834
    1.62414157 1.54092765 0.975230515 1.62701738 1.05360663 1.87175632
    1.63484478 1.29471064 1.85335827 1.92536843 1.53505337 1.34809041
    1.73792231 1.0109334 1.25633705 1.01338923 0.746840119 1.28513622
    1.21146655 1.49878323 1.8015033 1.01794457 1.34205556 1.1300298
    1.79766309 1.52684605 1.24241161 1.40259266 1.72138846 1.42937982
    0.882576644 0.992248237 1.68273187 1.06512344 1.28467929 1.70162559
    0.981429875 1.42952693 1.74891806 1.31481552 1.45368481 1.04083431
    1.60275555 0.835608959 1.28894353 1.42458355 1.41207147 1.17747498
    1.12848759 1.81847429 1.34774065 1.08504772 1.04274654 1.03909397
    1.66699624 0.90646255 1.08801651 1.45574844 0.855751097 0.948583961
    1.61137593 1.60757506 1.38953471 1.05565381 1.38318563 1.70137227
    0.975036502 1.0884465 1.27692163 1.14928544 1.04451799 1.8713963
    1.65458393 1.93890297 1.56709194 1.88911247 1.68148375 1.47665167
    1.45677495 1.58598554 1.44729972 1.27572584 1.25227761 1.71740854
    0.922445178 1.56575561 1.16555417 1.88213456 1.14141536 1.95892537
    1.96041739 1.84224033 1.30791306 1.2612288 1.16326725 1.62691462
    1.77627337 1.52899873 1.66103566 1.67825615 1.39123523 0.792941928
    1.11683321 1.69656289 1.35167301 1.40640056 1.1043148 1.71322954
    0.955991924 0.934057415 1.80206835 1.88180888 1.29009402 1.68154752
    1.69797349 1.27494872 1.08064115 1.75693393 1.33614993 1.63521993
    0.981984496 1.7434268 1.53279734 1.76326632 1.82668126 1.62320518
    0.962100029 1.89277041 1.96464109 1.66442156 1.30325329 1.61915362
    0.96785289 1.83620751 1.82605863 1.62411928 1.54444301 1.08926725
    0.848385215 1.26684511 1.00817823 0.949043512 0.980931997 1.36409509
    1.51546311 1.51006997 1.30894184 1.46329772 0.89847362 1.78393757
    0.922472358 1.5546658 0.847670376 1.82452416 1.4901253 1.2365818
    1.52813208 1.71681833 1.28803039 1.32884526 0.825810254 1.57942939
    1.23243582 1.29587281 1.09692752 1.35764289 0.940481067 0.955100119
    1.0139488 1.29656398 0.933626413 0.926227212 0.905292869 1.34923899
    1.27876544 1.06213677 1.58099616 1.5018158 1.46200812 1.09477675
    1.66823542 1.92045641 2.03044486 1.33926916 1.70943236 1.92622149
    1.87234724 1.94117224 1.58690786 1.83110535 1.92984533 1.55646455
    0.980909824 1.49736333 1.76827967 1.86598051 0.91330713 1.04001081
    1.00493121 1.34565234 1.25316131 0.993539393 0.985988557 1.89489734
    1.38052261 1.47614384 1.60604644 1.97373056 1.3135035 1.62802052
    0.967042089 0.83081466 1.04465461 1.90891016 1.83901608 1.83743489
    1.74091196 1.30329478 1.78430569 1.44090462 0.911127627 1.2311461
    1.62159669 0.847065747 1.65324438 1.13272285 1.68202841 1.05199301
    0.963807046 1.07888114 1.23038518 1.62344813 0.916327894 0.784617364
    1.29239845 0.993702888 1.58125198 1.21687722 1.47723973 1.01441252
    1.14655745 1.15101111 1.46266437 1.07933152 1.75310957 1.39247942
    1.32115543 1.32012236 1.41667891 0.962468565 1.54109764 1.23151731
    1.17251539 1.54469681 1.62639999 0.94679302 0.924400985 1.01901305
    1.71929467 1.27838409 1.29736948 1.67372906 1.62858307 1.67781341
    1.80339551 1.48989522 1.68742979 0.999526858 1.04133689 0.81959939
    1.5472753 1.08150864 1.10153103 1.12081349 1.50198948 1.17519343
    1.79710984 1.07602227 0.947815776 1.34503591 1.58437133 1.52433884
    1.40557957 0.841383815 1.21014106 1.45336807 1.77634823 1.78955185
    1.32324457 1.68753028 1.65867126 0.835246027 1.11020696 1.75941789
    1.06013393 1.2536726 1.60202992 1.51802647 1.29887617 1.61753321
    1.231372 1.38663661 1.85079944 1.53900194 1.27530861 0.893707395
    1.31074035 1.6934247 0.88529408 1.28291774 1.09117818 0.846205294
    1.17460191 1.31224382 1.05703652 1.67429781 1.31064045 0.899244249
    1.45617461 1.16584396 1.34808493 1.4914614 1.76461625 1.53839219
    1.04387188 1.13856733 1.38921428 1.76841128 1.00532544 1.48654687
    1.23405659 1.40258861 1.5840646 1.28126931 1.72283006 1.36673057
    1.66299665 0.890409768 1.32290363 1.53641987 1.81388772 1.35883379
    0.909707963 1.07043731 1.05818629 1.68062139 1.38210571 1.25821257
    1.12618136 0.876928627 1.13118446 0.858768106 1.39472425 1.72773826
    1.14338422 1.09114432 0.82554549 1.06828856 0.895993292 1.51483703
    0.82860893 1.18680847 1.63547158 1.15529382 1.26948857 0.944579363
    1.91975462 1.04440069 1.71097267 1.72892404 1.87831652 1.42627251
    1.52946544 1.36227 1.40514517 1.3310889 1.05915272 1.80420041
    1.40801954 1.79657888 1.9450866 1.91579437 1.53120911 1.2915405
    1.36730325 1.7267518 1.34979415 0.912944496 1.11639309 1.03756773
    0.869967103 1.59226203 1.06708229 0.955277681 0.869301856 1.47996414
    1.52870929 1.15254939 1.4193604 1.0393486 1.79271173 1.37856567
    1.47750843 1.70011127 1.34764957 1.80873275 1.77591527 0.859461784
    1.58754969 1.75402844 1.53111506 1.20115292 1.69102383 1.64035451
    1.10720003 1.60512376 0.963809252 1.17868221 1.03180337 1.24621248
    1.42831671 1.58096731 1.03610766 0.522184014 1.12367141 1.18622184
    1.66321015 1.41256404 1.13976765 1.51956737 1.75622833 0.873247743
    1.03810394 1.02892923 1.47534919 1.74995315 2.01675558 1.96331763
    1.96877956 1.52933943 1.17512488 1.30717218 1.11184824 1.68859828
    1.36523759 1.81357789 0.926375985 1.32089663 1.28081059 1.74557531
    1.14946151 1.5979805 1.12047315 0.960605264 1.68204939 0.85094732
    0.804079592 0.82856077 1.17477298 1.74532533 1.18439317 1.31612253
    1.29346478 1.93379033 1.2348994 1.45834565 1.17859626 1.69806206
    1.39486289 1.53362429 1.60452235 1.12076056 0.837334156 1.08229423
    1.64796257 0.832631409 1.28402388 1.03546953 1.41753805 1.92758965
    1.75389671 1.65057874 1.11726725 1.39502454 1.42756975 1.52697551
    1.55607247 1.08302975 1.72993505 0.931954503 1.25091112 1.02973282
    0.975526214 1.13916028 1.60350323 0.985206366 0.833328247 1.51326728
    1.18749642 1.57458746 1.17056525 1.38667285 1.14954221 1.18074441
    1.72260737 1.37488973 1.69542432 1.17752326 1.25426936 0.986959159
    1.31462944 0.949707925 1.79912937 1.4237051 1.72335148 1.85866475
    0.883141398 1.394117 0.838598549 1.10055137 1.04916763 1.75966203
    1.1887033 1.65337849 1.81829619 1.45947206 1.11916542 0.956463158
    1.32672381 1.77014625 0.942808926 1.36921668 1.30990231 0.958464265
    1.01187181 1.14443839 1.46837807 1.16702294 1.68433309 1.03189635
    0.867787719 1.80006993 1.75381505 1.81977415 1.59924912 1.28117728
    0.981678843 1.11641538 1.40493679 0.995045125 1.62269819 0.805308521
    1.38034856 1.45457888 1.25844252 1.66341829 1.80388916 1.03770685
    1.5755465 1.41841936 1.36946452 1.59249592 1.20151293 0.759379387
    1.27678204 1.13350201 1.39090455 1.4417398 1.6137259 1.51052964
    1.04817605 1.55410898 1.57126474 1.82375216 1.81376982 1.21089065
    1.57003748 1.12294614 1.68256855 1.12439609 0.982097745 1.00179398
    1.13496363 1.46024907 1.17218721 1.15936124 1.52909005 1.24278831
    1.60981786 1.1304729 1.02729237 1.46620822 1.6176002 0.977442682
    1.19101667 1.68249178 1.1081444 1.80690813 1.46033442 1.10496938
    1.34318376 1.66380978 1.34857106 1.28583038 1.48547375 1.03030646
    1.00808096 1.09835219 1.12266064 1.48105192 1.81876159 0.900302529
    1.08130956 0.984047234 1.6434437 1.15522563 1.27136505 1.26653528
    0.844181955 1.3212229 0.995569825 1.82548964 1.27995646 1.20211422
    1.36622381 1.4319073 1.26998305 1.45329952 0.899026453 1.60610092
    1.53359365 1.04834998 0.969689012 1.46160793 1.57288766 1.9034431
    1.18361568 1.0208683 1.13603151 1.82065034 1.45079625 1.94894278
    0.954182088 1.32620454 1.35501909 1.38262105 1.05227232 1.64669228
    1.4978807 1.24359465 0.853549778 0.948378503 1.25761294 1.75779903
    1.27191365 1.02394843 1.03135145 1.20510256 1.83682299 1.8341434
    1.70438516 1.17625141 1.74821484 1.02231228 1.09264755 1.22285676
    1.39294374 1.68095839 1.52893901 1.52556002 0.808781624 0.74249202
    1.42546225 1.31942964 1.42720473 1.51265574 1.5542978 0.814698696
    1.02956808 0.795005083 1.35595572 1.45971119 1.47180593 1.35951197
    1.81474495 1.14836454 0.923694193 1.68815529 1.0004288 1.81318545
    0.881274223 1.25117123 1.26070476 1.72212946 1.32839859 1.93675339
    1.8751359 1.52070379 1.79582965 1.17715311 1.80492389 1.1367352
    1.23327065 1.08894777 1.46329045 1.02418387 1.56847394 1.55262423
    1.05666494 1.57543778 1.77535021 1.05610037 0.812295854 1.36410427
    1.84605312 1.97134137 1.92718816 1.7028569 1.90052271 1.25598741
    1.06872213 1.05775559 1.29945791 1.00841022 1.79197741 1.33160651
    1.44081819 1.06893694 1.31069577 1.08486712 1.09334159 1.04211998
    0.864919603 1.4952656 1.82568395 1.83819675 1.90837634 1.7694118
    1.33888233 1.57643974 0.951437712 1.55614662 1.55617487 1.20061827
    1.09642196 0.879977882 1.2826848 1.61261761 0.780350506 0.821039081
    1.03065729 1.23434389 0.707823098 1.04141557 0.797304213 1.38486731
    0.900440454 0.829301178 0.686630249 1.01098561 1.12912405 1.19434619
    1.1253674 1.03531122 1.81867647 1.84501481 1.11947012 1.87271774
    1.94772661 1.26892412 1.89565587 0.948184252 1.04664636 0.884896159
    1.6096611 1.55426669 0.798096299 1.32126117 1.57365513 1.08236444
    0.927396655 1.76637495 1.17167711 1.04527235 0.822042108 1.19295394
    1.44390523 1.56804454 0.948540807 1.43926132 0.952352583 0.800009668
    1.25595796 0.860091865 1.12979925 0.900240183 1.56362402 1.74533188
    1.12248635 1.43310058 1.42484033 1.78371036 1.32087481 1.46940792
    1.06833613 0.840299308 1.16111898 1.0157758 0.894496262 0.913671732
    1.22181988 1.38869619 1.35706389 1.47817552 1.50614345 0.963961899
    1.20644367 0.891109765 1.15683126 1.09594333 0.801250756 0.939420581
    0.858235419 1.31521189 0.967875898 1.6571207 1.47944462 1.03635907
    1.03112805 1.26894724 0.910011292 0.936928928 1.8034426 0.93326205
    1.87072885 1.83264005 0.803433657 1.22862065 1.11246538 0.801735222
    1.5416342 1.0116924 0.822043777 1.34425485 1.79381692 1.40771902
    1.79265201 1.616593 1.43155468 1.81575811 1.10168445 1.86647534
    1.53418458 1.54976439 1.58829796 1.12287414 0.918288529 0.912257493
    1.80217397 1.49342251 1.42156553 0.943911254 1.70831609 1.36273932
    1.55076838 1.52397192 1.73698199 1.60409224 1.52744377 1.29448676
    1.29059494 1.31915367 1.16137147 1.54016662 1.61533773 0.848942161
    1.18320632 1.68806386 1.75383747 1.36383629 1.49297762 1.10813761
    1.70493114 1.90369332 0.917951703 1.60143566 1.244416 1.40489483
    1.78834367 1.67057514 1.64674938 1.13128054 1.35621452 1.53155804
    1.56068325 1.91784811 1.64772356 1.78198886 1.24491918 1.20436144
    1.83102119 1.75538123 1.56935716 1.44053125 1.35345209 0.88122648
    1.46979415 0.975688398 0.827254057 0.826921403 1.70464921 1.0185225
    1.77200818 1.02714264 1.08903873 1.43493211 0.96062845 0.970531166
    1.00414181 1.46938503 1.46388793 1.7876972 0.89380151 1.01456082
    1.17541909 0.954073608 1.03881919 1.13529742 0.790439904 0.878458261
    1.75554502 1.21950352 1.44663036 1.15182447 0.610602558 1.31672895
    0.875478208 0.873806357 1.60177088 1.70396662 1.31628036 1.09794939
    1.47742724 1.1425128 0.880937874 1.6743778 1.4395206 1.77513802
    1.51439297 1.89250958 1.38784254 1.76223731 0.983222127 1.37634456
    1.49631405 1.36561537 1.84691381 0.916310191 0.823852181 1.78527355
    1.26569843 1.46525419 1.52962089 1.28409708 1.28451586 1.71232545
    0.902883649 1.569978 1.56273222 1.50370944 1.44119048 1.28002739
    1.8392508 1.70515227 1.22055161 1.01745975 0.830037415 1.10255563
    1.75171268 1.75466526 1.61140275 1.5975076 1.69572341 0.870855629
    0.803243518 1.00698996 1.09948707 0.85350275 1.82519948 1.87442946
    1.36773705 1.02875257 1.72243273 1.48917806 0.887926817 1.71649361
    0.785087228 0.765854537 0.984351993 1.3435328 0.773154974 1.21494067
    1.45949984 1.31500244 1.5373801 0.985836923 1.56159592 1.6467073
    0.944597065 0.763431311 1.34955919 0.724200606 1.07451034 1.3753835
    0.715919375 0.798227966 1.18555689 1.35522401 1.61830056 1.19507158
    1.01734221 1.77250171 1.79110086 0.940313101 1.80958021 1.87599337
    1.55918348 1.82448995 1.02920938 1.22692919 1.59530461 1.1203506
    0.918189347 0.925197303 1.58974755 1.45998168 1.09667873 1.06404471
    1.39884007 1.27626848 0.815118372 1.50230074 1.80214548 1.53693116
    1.10492682 1.55645645 1.41660106 1.73174012 1.29257715 1.58497703
    1.14466393 1.15577316 1.75409234 0.967909336 1.30165946 1.15917206
    1.26724362 0.911503375 1.22311866 1.27668881 0.710540831 1.35636687
    0.968625486 0.849786162 1.14441586 1.0286659 1.79547381 1.60963821
    1.23368776 0.930929661 1.45039594 1.15352225 1.21636653 1.33463824
    1.40589273 1.73708963 1.16327274 1.79446673 1.43670619 1.55873334
    1.83551896 1.26731443 1.23886132 0.999174654 1.05119503 1.17610228
    1.22441614 1.84983075 1.5733099 1.14793289 1.81953359 1.73866522
    0.797929585 1.31844878 1.22547495 1.09452033 0.881443739 1.44143629
    1.08855128 1.79231453 0.944099188 1.32320273 1.17931592 1.36796904
    1.92316973 1.79152107 1.86523855 1.65019739 1.61088324 0.927076578
    0.850367844 0.836252272 0.78797394 1.61844087 1.29615152 1.08779192
    1.55169356 0.846437752 1.40972781 1.26848078 0.919911027 1.59631598
    1.51044559 1.37266839 1.07522297 1.15827775 1.70460379 0.912977874
    1.26752663 0.730531573 0.889940798 1.24053824 1.53177512 1.28163385
    1.45852709 1.16590869 1.22479713 1.89732349 1.91511333 1.23365986
    1.80924773 1.21543038 1.47756124 1.40132821 1.46477032 1.63170576
    1.86379075 1.03206515 1.70923722 1.40133095 1.51848638 2.00540066
    1.72092712 1.87865305 1.00691199 1.53870475 1.35978985 0.959472716
    1.46531558 1.49514139 1.49020064 0.738727093 0.789139807 1.06097007
    0.91887629 1.77404904 1.18620849 1.89651608 1.92243278 1.83347881
    1.19954121 1.79164505 1.32308674 1.56138289 1.53776717 1.04870594
    0.86570549 1.54700041 0.833066583 1.24398172 1.74588573 1.21582401
    1.39528263 0.700038373 1.29665232 0.771413028 1.08450198 1.20919561
    1.20488334 0.922479808 1.1741873 1.39141738 1.04597807 1.40926099
    1.00953257 1.72381258 1.24509144 0.879897535 1.37172687 0.767949522
    0.739795923 1.28402972 1.31605566 0.779716015 0.829968989 1.67283189
    0.92903775 1.54808247 1.44044924 1.73803163 1.56552339 0.934890747
    1.76545572 0.853908241 1.43004036 1.5171231 0.851773143 1.51791859
    1.62706208 1.39035201 1.22122467 1.37339735 1.16717994 1.87793958
    1.13976252 1.84810603 1.88743019 1.98175263 1.74674201 1.31186664
    1.43381405 1.04060793 1.70844626 1.03523803 0.803498685 1.30150175
    1.8241384 1.66913688 0.784017086 0.865172446 0.806171775 1.11301994
    1.44200647 1.09532368 1.54116964 1.43622255 0.939966261 0.884889603
    0.78642112 1.28012407 1.43662608 1.15873969 0.796911776 1.44898224
    1.04044867 0.683675647 0.922592521 0.996089578 1.25719607 1.22312593
    1.02160931 1.02400601 1.6996423 1.13476455 0.929431438 1.39940405
    0.815596402 1.53727531 1.38420808 0.765611887 0.866314173 1.03659308
    1.30764246 1.74521124 1.77653098 1.50453591 1.55297911 1.39372444
    1.32295573 1.29898918 1.08104098 1.56245983 1.02329075 1.11229897
    0.87130636 0.818136334 0.79753238 0.678947866 1.1376127 1.34824228
    0.9955042 1.42429447 0.873256505 1.70721948 1.80010355 0.901248097
    1.32374728 1.52366447 1.82765436 1.71027446 1.39535427 0.966505766
    1.19387102 1.54141819 1.25314081 1.09513068 1.07273436 1.04948246
    1.71489835 1.0468086 1.06761038 1.41788447 1.33520377 1.30537498
    1.32182777 0.746796727 1.50153017 0.662371159 0.712939262 1.59212172
    1.64755189 1.82243288 1.88796914 1.66852772 1.58290064 0.961355388
    0.853703022 1.32561362 1.32383907 1.64323449 1.14531088 1.19625175
    1.5738039 1.357862 1.32011056 0.938778758 1.71629584 1.09098601
    1.21396101 1.67611742 1.49435842 1.80519342 1.49757528 1.02690518
    1.75508773 1.34471679 1.40939486 1.26587391 1.05957592 0.716720283
    1.09140778 1.45136535 1.20206511 0.679452479 0.759100735 1.75149655
    1.13199043 1.55496585 1.66240442 1.75205147 1.3720808 1.71982121
    1.71578276 1.66870046 1.62555027 1.42529166 1.71957564 1.13029313
    0.93044281 1.02447724 1.30926502 1.51596355 1.73919392 0.893849373
    1.71146619 1.09196854 1.12711287 0.82433486 0.784750342 1.30443919
    1.02995133 1.50853431 1.37624061 1.65485108 0.881054282 0.785829306
    1.4838177 1.08896947 1.7698139 0.893281877 1.6024735 1.15850651
    1.47968733 1.36470079 1.6749357 1.88588548 1.03776276 1.46921301
    1.43111289 1.19628692 1.47665763 1.32328939 1.42513239 1.12995434
    1.66774082 1.22691453 1.86283326 1.79434586 1.98870814 1.73900402
    1.86733472 1.58896422 1.65292943 1.85579515 1.49162936 1.04559147
    0.949001908 1.59644914 0.747928202 1.32664835 1.41158819 1.26353455
    1.52016819 1.30991817 1.27054715 1.43892539 1.53829038 1.86317933
    1.18532777 1.22003293 0.766766012 1.3702594 0.857248902 0.852685511
    1.28583753 1.15677238 1.72682512 1.10004044 0.813232183 1.58166671
    0.941534877 0.824052393 1.41128755 1.549968 1.24488163 0.975727379
    0.603484452 1.06021273 1.24006355 1.16575122 1.56617332 0.823108435
    1.19205022 0.771143913 0.702918231 0.701364219 1.59177315 1.20214438
    0.992527544 0.720463634 0.890521765 0.816270113 0.895174623
    1.24549842 0.990616083 1.46511531 0.932004273 1.57619202 1.33400261
    1.44716179 1.19974685 0.892949462 0.832281113 0.721263647
    0.671203375 1.07375002 1.57631671 0.845233679 1.49080122 1.73974597
    1.48682106 1.30328226 1.15339792 1.2343204 1.79460871 1.72881567
    1.54424489 1.55762541 0.79181242 1.62770641 0.741621196 0.903940856
    1.25187802 0.981690049 0.982717931 1.50443339 0.830205917 1.15164614
    0.977589846 1.44420898 1.64134765 1.11402965 1.33747613 1.34409916
    1.01344812 0.851014853 1.12253749 1.01629376 0.932467818 0.727713645
    1.27823448 1.03827763 0.857625961 0.99402082 0.995216429 1.26622033
    1.45876575 1.16929412 0.800009012 0.977318347 0.952857971 1.45211208
    0.69101721 1.04469538 0.845858335 1.21522272 1.59147501 1.72340572
    1.46406949 1.55419695 1.62166548 1.75353932 0.830218136 1.14908481
    0.847617686 1.17193592 1.08724844 1.33065987 1.05069709 1.61408949
    1.2670747 0.971367955 0.803819835 0.742479146 0.885932565
    0.729554296 1.54285383 1.25893402 1.49856627 1.63588083 1.3609215
    1.26487589 1.09267223 1.06263471 1.17556095 1.25056493 0.785245419
    1.71215355 1.14087093 1.11833358 1.57373786 1.04870653 1.56521559
    1.02215576 0.696324885 1.58911145 1.50023377 0.793718338 0.887188792
    1.54353893 1.42189717 0.618579865 0.709439039 1.27689123 1.0079428
    0.687723637 1.47755551 1.46089625 1.06994951 1.69232285 1.43164194
    0.952479601 1.03888237 0.810474634 1.31873202 0.782198966 1.12058628
    0.875847399 1.43443656 1.54404187 0.689749241 1.12159789 1.05233693
    1.35128617 0.700248957 0.741357386 0.774570644 1.47911549 1.53208983
    1.02431643 1.75584376 1.5446589 1.64208639 1.70048356 1.2518599
    1.445122 1.11660302 0.671038449 1.50534546 0.610123277 0.902037442
    1.39920413 1.2998395 1.03937268 0.988311112 1.44401574 0.930445254
    1.64949155 0.955175102 1.09492576 1.19659889 0.803641319 1.44890225
    1.0739181 1.44857514 1.26216483 1.23534024 1.21926236 1.64969516
    0.915633142 1.25937772 1.53416932 0.829769552 0.698767841 1.62267721
    1.48906267 0.956305742 1.73125875 1.04479194 0.986365855 0.741681814
    0.741945744 0.83463347 1.06375301 1.32224047 1.05541515 1.42285609
    1.22236776 1.2925576 1.70741427 1.43739045 1.37836456 1.61537063
    0.759002388 1.62954807 1.30465972 1.51740956 1.29392278 1.56244528
    1.75406408 1.67581856 1.18393302 1.72185028 0.92478323 1.10581708
    1.71818817 1.18807328 1.34407854 1.10830069 1.65688062 1.26083314
    0.838706374 1.64137781 1.46503317 1.36916769 1.33099079 1.03448534
    0.657329619 1.22906566 1.15824831 1.35617566 1.6298846 1.79719436
    1.1903373 1.59748101 0.732610464 1.40395939 0.704708338 1.27586818
    1.60722208 1.57944679 1.45293689 1.67559171 1.36610663 0.682373524
    0.62107259 1.32889104 0.976729929 1.09893298 1.39710295 0.766135454
    1.07158375 0.5343678 0.919790328 1.25412321 0.866413355 1.30459309
    0.977022052 1.19043577 1.21824253 0.96110034 0.570416927 1.05911171
    1.20922899 1.17961419 0.847760022 0.661591709 1.05691946 1.11313868
    1.54452944 1.09910095 1.09753072 0.669105291 0.729114592 0.548062325
    0.70961076 0.852672279 0.959842741 0.863842666 1.26441157 0.8707726
    0.702394009 1.20966232 1.59207606 0.992581546 1.63102746 0.997362912
    1.56185782 1.29790664 0.691054642 1.21689248 1.41975975 1.11332989
    1.42800069 1.45692253 0.915672243 0.593577266 1.05060053 1.05952966
    0.897661388 1.09879577 0.65557909 0.846402347 1.4850868 0.846233726
    0.843448162 0.670698047 0.846154451 0.850336552 1.40253675
    0.846767247 1.11227036 1.25818038 0.518115997 0.474663168
    0.654218078 0.936443686 1.2616812 1.00727439 0.652544737 1.00800872
    0.679856539 1.51540029 1.36830497 0.997498989 0.947116852 1.33223557
    1.38522601 0.610827208 1.22102523 1.50518143 0.638442636 1.46431375
    1.22376871 1.54129171 1.68572521 1.55165899 1.49634361 1.24605775
    1.34515512 0.868034899 1.05998063 0.507275403 0.513250172
    0.735758901 0.701687336 1.10623837 1.48407674 1.03169835 0.922276795
    0.930324137 0.729948699 1.53313661 1.50360096 1.4997865 1.59669602
    0.760395825 0.820583403 1.46031058 1.4137466 1.13771057 1.34042728
    1.50656378 1.10427773 1.28248417 1.16113734 0.863740861 1.13327205
    0.571608007 1.42772079 0.595546126 0.543499112 1.25029957 1.29385924
    0.65081197 0.977309167 1.00639248 0.82669574 0.453260839 0.838737965
    0.67724371 1.11827457 0.557454884 0.865772188 1.51683378 1.05029523
    0.60533601 1.09669912 1.01673841 1.00125301 1.23183143 1.01066732
    0.730052471 1.16297042 0.925840259 0.734447658 0.472406119
    0.776754558 0.782118082 1.08275652 1.37260127 0.479549378
    0.658487439 1.52044094 1.36022258 1.10593653 0.926408231 0.965791583
    1.14887381 0.870616257 0.951772749 0.70886904 1.03682292 1.33690953
    0.665974677 0.807752907 1.42269754 1.17801535 0.760784626 1.25476921
    0.790039659 1.37015128 1.00903785 1.14407063 1.45678568 0.794357955
    1.22196269 0.640775144 1.49771023 0.8519997 1.15202022 0.666750968
    1.05668449 0.953765929 0.607212067 1.16689074 1.43470049 1.53001738
    0.918977261 1.47353518 0.655932307 0.763731062 0.829642832
    1.57179463 1.35181427 1.2152195 0.823489547 0.596180439 1.40482819
    1.07185268 1.35048628 1.23738301 1.27051365 1.015576 1.05479383
    1.47869122 1.18636346 0.940765858 0.594168484 1.12506676 0.957925379
    1.25525618 1.41281974 0.636913478 1.27953577 1.14008451 1.33812487
    0.557360709 0.624405444 0.719058335 1.09365225 1.38620889
    0.879449666 0.970791698 1.53850508 1.46950972 1.20631981 0.741671026
    0.540146351 0.900062561 0.668996751 1.13773942 0.825879633
    0.620656669 1.09509408 0.964975119 1.07500517 0.975756288 1.07456493
    0.763145566 0.785838485 1.39269483 1.1017307 0.599018633 0.764121115
    0.637241185 1.17792189 1.34450269 1.18336821 0.66042757 0.810166061
    1.1314832 1.04252148 1.08647633 1.06105793 0.605384231 0.613770843
    0.920519829 0.842226923</data></your_img>
</opencv_storage>
