<?xml version="1.0"?>
<opencv_storage>
<g>1.1000000000000001</g>
<r>4</r>
<filter-type>0</filter-type>
<circular>0</circular>
<L2_diff>111.69248293709092</L2_diff>
<test_img type_id="opencv-matrix">
  <rows>128</rows>
  <cols>256</cols>
  <dt>f</dt>
  <data>
    0.907379866 0.662518978 0.527849555 0.925081074 0.592572451
    0.832218349 0.201968133 0.301266968 0.19260183 0.290753961
    0.565032065 0.612358332 0.78191483 0.720720232 0.573984802
    0.485600352 0.102347821 0.427884609 0.859587431 0.309560239
    0.275124609 0.35485214 0.997849941 0.695681691 0.420030177
    0.0146530569 0.764723182 0.721951425 0.904465914 0.615293384
    0.948026419 0.710082769 0.722397685 0.486161619 0.393803298
    0.0690478981 0.123158187 0.728981018 0.798014283 0.319268256
    0.198041022 0.436160505 0.579071879 0.307107031 0.13713634
    0.431479454 0.742194891 0.467596859 0.587124586 0.293345034
    0.370444298 0.348423809 0.353599072 0.429466963 0.729847908
    0.864659607 0.675452232 0.377106249 0.612869263 0.674437881
    0.240880519 0.793032646 0.457521141 0.966114104 0.766798615
    0.0092625618 0.328198671 0.588041782 0.429193497 0.187200814
    0.393312305 0.829735994 0.698549271 0.591159165 0.743377864
    0.143035918 0.663608909 0.156616926 0.204780936 0.371415019
    0.213933825 0.860213757 0.0555362999 0.384418368 0.870119274
    0.76366967 0.956045032 0.424612403 0.334217846 0.802948713
    0.0387215912 0.522603035 0.304067254 0.204830885 0.582734883
    0.101555854 0.534326673 0.175462812 0.704498053 0.562020063
    0.455368131 0.757512927 0.393259317 0.596408904 0.925624073
    0.312018067 0.451740175 0.725970864 0.65615046 0.72010088
    0.802140713 0.340250045 0.808983684 0.776853561 0.811573684
    0.986489475 0.795456529 0.771968842 0.139506042 0.246682227
    0.973596692 0.150320888 0.93290782 0.78835535 0.865050256
    0.957759619 0.975965619 0.0393059552 0.512296736 0.831740081
    0.434726775 0.364290237 0.496768177 0.585185409 0.683769524
    0.0584947169 0.869158506 0.604658604 0.586430073 0.609742522
    0.53024745 0.719531476 0.97402668 0.521570623 0.717307091
    0.533979058 0.59299767 0.687095344 0.748279154 0.395419061
    0.488831103 0.285129607 0.268971294 0.164922297 0.316069305
    0.112115026 0.664937615 0.738541603 0.462119877 0.443800211
    0.775374532 0.178510398 0.221760809 0.403807312 0.159946382
    0.495360523 0.763112843 0.891668081 0.0477917194 0.664350808
    0.275815964 0.399027318 0.502488136 0.425128251 0.305047423
    0.84950614 0.151079893 0.571951807 0.685593486 0.884768128
    0.304571182 0.901264369 0.244282842 0.25190714 0.699236274
    0.681402802 0.703068376 0.483109415 0.870541573 0.0477054715
    0.572125435 0.643965065 0.411359966 0.97271347 0.537210703
    0.664414883 0.231919646 0.467705578 0.573014021 0.468548805
    0.650104284 0.88629818 0.593801677 0.365810156 0.0299014449
    0.28757143 0.546100855 0.689092755 0.70495975 0.825799108
    0.486107141 0.577478528 0.80488044 0.724270761 0.0802933574
    0.0895105004 0.207448006 0.788902879 0.111013442 0.860856414
    0.353254378 0.754984975 0.963929176 0.869883597 0.173128217
    0.292152792 0.676611781 0.852082968 0.877773285 0.970250666
    0.654812455 0.357977122 0.0757579803 0.224161059 0.988753438
    0.460171908 0.949462414 0.223900616 0.653554916 0.964809179
    0.197930276 0.345903993 0.806828022 0.965702534 0.272772789
    0.609375119 0.780436754 0.883757234 0.0795530975 0.448068559
    0.8549366 0.266727448 0.231507272 0.632090807 0.629401743 0.43826589
    0.358901292 0.344830751 0.192891687 0.012657702 0.174189836
    0.0374631286 0.379312485 0.633773923 0.884695649 0.68683219
    0.396969229 0.137869209 0.0369980335 0.645266473 0.24934727
    0.254153788 0.249503016 0.0793090165 0.587189138 0.254690737
    0.0369390249 0.176059723 0.802208662 0.0783384144 0.246355087
    0.480182737 0.260739923 0.413740724 0.0160284638 0.642237306
    0.363248765 0.204904735 0.362111688 0.00889673829 0.77643013
    0.992809534 0.940294623 0.0411828458 0.249919891 0.107113302
    0.496277243 0.150140077 0.239246905 0.657157779 0.134770185
    0.0771055818 0.138676226 0.9003793 0.943027139 0.493409455
    0.605885446 0.220168591 0.394697309 0.69856298 0.360699296
    0.299557358 0.903612375 0.107563168 0.564594865 0.793371558
    0.83964169 0.526873231 0.0852318704 0.901395142 0.0326156616
    0.0837943256 0.898846328 0.918043613 0.511867225 0.290399134
    0.884269118 0.550612092 0.618321002 0.665522635 0.199616015
    0.211674452 0.918536484 0.0204283893 0.744958162 0.157023937
    0.17397368 0.602776945 0.209219366 0.492550731 0.348727405
    0.95006305 0.201460004 0.764903188 0.00988817215 0.734511495
    0.200820237 0.0696715713 0.993512809 0.894677043 0.81189692
    0.466796726 0.381690919 0.356209099 0.288496256 0.4885346 0.16904828
    0.817995787 0.259723186 0.76403594 0.472023606 0.251410037
    0.743248582 0.607657552 0.312525839 0.460494369 0.654883087
    0.607317686 0.377976567 0.647883534 0.380557597 0.631551027
    0.671337426 0.045045644 0.343120724 0.740671217 0.24984017
    0.856039286 0.465551525 0.103492588 0.272816598 0.881385326
    0.635540426 0.820975482 0.187529713 0.177896678 0.429445833
    0.479342163 0.104058325 0.911914945 0.538274288 0.600603461
    0.650068104 0.113819182 0.140610605 0.190074205 0.529874861
    0.68267107 0.287949622 0.0522519946 0.000481814146 0.216493696
    0.08950302 0.203867137 0.668941379 0.918019533 0.533738077
    0.29278779 0.764009356 0.105226099 0.295409381 0.242893279
    0.370286286 0.325365007 0.820978045 0.985331357 0.386509448
    0.161003441 0.354978114 0.71775949 0.910778999 0.575431108
    0.469961166 0.471760273 0.624208868 0.778042674 0.0243690908
    0.79373467 0.600091159 0.340767562 0.109392911 0.753115654
    0.127856255 0.104965866 0.695136249 0.992349207 0.756383657
    0.332709134 0.504171431 0.879815936 0.299331129 0.773105741
    0.173369199 0.417265654 0.219755173 0.701277316 0.934842408
    0.835010588 0.383211881 0.668832898 0.571358204 0.164003491
    0.38306585 0.235232532 0.416013628 0.335427344 0.28409639
    0.404935539 0.860917985 0.29774937 0.696395993 0.797450542
    0.0495628417 0.908954561 0.382739753 0.190391183 0.768808365
    0.065852344 0.401497275 0.831358433 0.943634868 0.248308241
    0.537982404 0.82924962 0.74837929 0.69397974 0.637944281 0.877969861
    0.849635482 0.886294544 0.834801555 0.468706876 0.339019179
    0.379858941 0.877679467 0.0559909642 0.313065946 0.688115239
    0.696303308 0.601843238 0.621210694 0.643594325 0.386352092
    0.182119459 0.0836257637 0.270552516 0.55652976 0.0409323275
    0.832045913 0.343862653 0.565319538 0.0739222765 0.204287648
    0.0815740228 0.686810315 0.901898861 0.0965985358 0.235293865
    0.16666171 0.771070957 0.790907145 0.867762029 0.694282413
    0.278769314 0.91433692 0.553443313 0.243425429 0.965098977
    0.478544205 0.0838831961 0.145546287 0.979154229 0.550249875
    0.527757287 0.432207942 0.955874681 0.812924147 0.417017251
    0.0680451095 0.286968768 0.928813219 0.779213369 0.678300023
    0.426222175 0.860995412 0.201508254 0.508429229 0.288207948
    0.182235509 0.831724823 0.33144176 0.570470929 0.14205277
    0.801786244 0.754826427 0.00992706418 0.134230644 0.101041794
    0.478959739 0.271931887 0.409698665 0.486792892 0.839499474
    0.569935322 0.353003412 0.597717404 0.227970004 0.986418843
    0.091521889 0.671137571 0.244692147 0.574314237 0.0823937953
    0.783361554 0.347756207 0.907494783 0.668189406 0.0260623395
    0.0434309244 0.490525842 0.277500391 0.241310805 0.656386673
    0.660680413 0.479974061 0.796863914 0.00380179286 0.77877003
    0.48923856 0.284420371 0.227182269 0.00159791112 0.66865468
    0.587235272 0.323022664 0.411805838 0.566275895 0.201748937
    0.565627635 0.0168261826 0.30509007 0.492455035 0.57814312
    0.0929369926 0.454751253 0.0165300071 0.668801188 0.457652211
    0.932617664 0.443912268 0.274051011 0.385561824 0.227871686
    0.23516506 0.432275027 0.776827157 0.883078814 0.106201768
    0.0945063233 0.792575955 0.558669448 0.860914528 0.236485898
    0.336926937 0.693529546 0.142547101 0.523085773 0.874493837
    0.609678328 0.109424293 0.984221458 0.740932882 0.795426786
    0.584626079 0.995475173 0.748583734 0.775476277 0.682835221
    0.126694649 0.434680969 0.427129656 0.199051946 0.984886408
    0.351779044 0.0353375971 0.440283775 0.0828917325 0.234789968
    0.567207456 0.66774869 0.720592022 0.892605186 0.218569189
    0.474026442 0.533890665 0.886374354 0.827402294 0.429565966
    0.459816158 0.153009057 0.175061971 0.887834668 0.982807636
    0.945251167 0.12099424 0.402820706 0.0352707803 0.86404705
    0.702121437 0.384084344 0.617401361 0.723825872 0.985668123
    0.927247405 0.15151298 0.167646497 0.0753235221 0.641339958
    0.455437452 0.829289317 0.147278905 0.328077406 0.453431845
    0.413100511 0.889923096 0.196128935 0.0368706882 0.0571452379
    0.0374495685 0.449822187 0.325268984 0.127635986 0.969418824
    0.0200407803 0.195913404 0.792539716 0.93683207 0.743699312
    0.323959589 0.0596711338 0.286146611 0.671104789 0.729873776
    0.526581109 0.40828675 0.861636281 0.28063035 0.957636476 0.13193211
    0.871336341 0.815536261 0.860936403 0.660092413 0.992101371
    0.454164684 0.755086899 0.767768025 0.185574114 0.391060889
    0.593533158 0.425865263 0.787815273 0.549547493 0.382926792
    0.613604367 0.666010678 0.0959735215 0.530025423 0.892821908
    0.748053908 0.565976918 0.4800708 0.355908841 0.105498314
    0.105891883 0.736754775 0.855602264 0.795594454 0.600265622
    0.352180809 0.673253596 0.505374849 0.352978945 0.70957315
    0.700953603 0.544121504 0.681466579 0.0962884128 0.550533354
    0.373030245 0.33496058 0.126125664 0.21807161 0.0865584016
    0.598896265 0.793779612 0.698614955 0.415628731 0.178536177
    0.961389184 0.419289052 0.0373573899 0.364443779 0.669279933
    0.0755971968 0.277861983 0.966760874 0.29149878 0.26760906
    0.0727555156 0.0167615712 0.333179593 0.862403393 0.0364618301
    0.681604624 0.0241496563 0.808755517 0.606896579 0.899282396
    0.812388957 0.541106641 0.320008159 0.0184555054 0.685776412
    0.218727231 0.342451274 0.781834006 0.250407219 0.394284934
    0.218685567 0.833837271 0.557371855 0.447293341 0.119509727
    0.887622714 0.146857053 0.172475874 0.61923939 0.187515676
    0.914898157 0.490023196 0.313495517 0.810642242 0.700217366
    0.953710556 0.271297038 0.0239222348 0.280448496 0.487220287
    0.22613883 0.656001627 0.239685476 0.815065384 0.198128194
    0.432214975 0.945797741 0.00281575322 0.309045911 0.0427420437
    0.433936983 0.61873275 0.189183772 0.235575944 0.593371511 0.8283149
    0.286306441 0.580500364 0.291357189 0.706112862 0.964502215
    0.847736835 0.24747467 0.2352947 0.0533192158 0.800197423
    0.936764479 0.237635136 0.510111868 0.269997686 0.868063629
    0.525853872 0.209936142 0.50628525 0.671199083 0.0796971917
    0.432608783 0.12102595 0.449847817 0.755318701 0.273332685
    0.855981588 0.740817189 0.281810582 0.907337785 0.416099072
    0.535889924 0.296132833 0.632681489 0.7561059 0.115843683
    0.996702552 0.459985286 0.613837719 0.598702788 0.582710385
    0.415699065 0.513214588 0.640982032 0.61523068 0.605105639
    0.709881067 0.765865445 0.928334951 0.947887421 0.0847238004
    0.482665896 0.844372392 0.991127551 0.141795874 0.848599792
    0.3080042 0.37740007 0.490782917 0.187796503 0.894601583 0.864852905
    0.876016259 0.452177435 0.733204186 0.638115585 0.684093237
    0.669360816 0.324272394 0.96286869 0.674319029 0.670942545
    0.796469569 0.78625834 0.518428624 0.891358733 0.653233588
    0.28982532 0.992563248 0.996636987 0.674150884 0.181799412
    0.818228424 0.704553962 0.0700430274 0.161797017 0.419020176
    0.951915383 0.57568574 0.978778541 0.285650313 0.000759422779
    0.906551957 0.990894556 0.644719124 0.0821707845 0.951793075
    0.768634558 0.211406827 0.754308343 0.554548919 0.973325849
    0.177145153 0.0818654001 0.411145419 0.384203911 0.757586062
    0.768810987 0.750748396 0.306417823 0.914279521 0.103718013
    0.209835619 0.361746907 0.0945766866 0.642208576 0.758710384
    0.0793430805 0.679398477 0.739004016 0.756192565 0.959347367
    0.993448675 0.668245912 0.327452898 0.314863861 0.436346412
    0.851115286 0.264686257 0.90355134 0.985179424 0.137155414
    0.109959662 0.66656357 0.180602819 0.228684366 0.309819698
    0.667437971 0.710984826 0.158773899 0.610188365 0.169070363
    0.823683739 0.830925941 0.368676245 0.254462361 0.0976683497
    0.683297515 0.802681804 0.968924284 0.085596174 0.781793416
    0.202655137 0.996462882 0.347890198 0.306815445 0.57023108
    0.849308133 0.19564271 0.857146144 0.709094286 0.445026904
    0.453196198 0.530762017 0.259858578 0.251956105 0.152102798
    0.173607916 0.835683584 0.685145497 0.932947278 0.0640472174
    0.117478222 0.609903634 0.0818464756 0.00357463956 0.705809414
    0.343870521 0.280178845 0.635284066 0.134930491 0.930220842
    0.344540954 0.859946132 0.374656767 0.00877851248 0.0255349576
    0.41355145 0.822539687 0.113656044 0.157489359 0.319613814
    0.793491364 0.95294714 0.400733352 0.960380554 0.0315884054
    0.701687992 0.478045583 0.944014311 0.942922771 0.308531046
    0.958981991 0.290666103 0.249639124 0.915000081 0.341755539
    0.469750911 0.546765625 0.159009278 0.271900654 0.657262862
    0.574194908 0.292803764 0.40497005 0.655260563 0.454028696
    0.396585107 0.0092639029 0.32699281 0.079993099 0.121033221
    0.466462314 0.492467403 0.597183764 0.490708202 0.392828584
    0.0513463914 0.417623609 0.336649835 0.0874727368 0.0359658003
    0.027834028 0.512912214 0.5592134 0.137785673 0.266817272
    0.283749223 0.857778549 0.0609134734 0.148917228 0.407823235
    0.782074571 0.769909739 0.582022548 0.857018352 0.762480617
    0.292177558 0.249779433 0.900355101 0.00433516502 0.0257409513
    0.646145403 0.783987761 0.50943023 0.405398726 0.0365912318
    0.123267204 0.326731503 0.964253187 0.470152467 0.870725214
    0.605217218 0.41490525 0.0518959761 0.118564337 0.364965439
    0.604327023 0.5499475 0.032669127 0.299553871 0.948543549
    0.442894399 0.664938807 0.583437324 0.904699564 0.548018813
    0.746409535 0.453883708 0.609184921 0.027641505 0.245502025
    0.282782763 0.563195884 0.791185558 0.226975441 0.607280016
    0.237765372 0.995476604 0.17171368 0.738077998 0.44618386
    0.283719391 0.804603338 0.903299809 0.615789115 0.213494509
    0.972034812 0.20537293 0.0422208011 0.513166904 0.801832318
    0.845116138 0.333345115 0.233713508 0.640428424 0.470808089
    0.997351527 0.331392169 0.179995507 0.329875648 0.633467197
    0.413995087 0.0935628414 0.875173628 0.312169731 0.526505768
    0.757341802 0.0406232774 0.983047664 0.105091989 0.0648656487
    0.237713099 0.0776703656 0.662956595 0.91414398 0.850008667
    0.875909746 0.330433905 0.831997812 0.719880342 0.955419302
    0.965984464 0.615965784 0.295863926 0.27579838 0.632837236
    0.0935608149 0.668151975 0.829702735 0.25907591 0.817074299
    0.0398012698 0.501244009 0.635957241 0.558194518 0.789996982
    0.430003017 0.0778064132 0.0367058814 0.345625013 0.460893244
    0.748258352 0.613191128 0.130782723 0.271583617 0.648691058
    0.799853146 0.739495039 0.191807956 0.925732553 0.893150926
    0.60635972 0.41018334 0.665117621 0.488414347 0.170938522
    0.690212011 0.837598085 0.012017101 0.875642717 0.580013514
    0.703370869 0.160354853 0.440988809 0.665019035 0.978337228
    0.531071365 0.752029836 0.0665070415 0.895142794 0.721105754
    0.494197309 0.688704729 0.413187534 0.864919901 0.808678985
    0.284114182 0.290081322 0.00710311532 0.382927269 0.976910233
    0.168001801 0.818645954 0.198251873 0.459589958 0.964357495
    0.296012044 0.186529338 0.687385201 0.671721101 0.629528344
    0.116431206 0.638576388 0.989551842 0.288297027 0.332352459
    0.0174130797 0.819018364 0.141939282 0.421254605 0.993545294
    0.0598564148 0.464078724 0.34915629 0.655503511 0.698980629
    0.613891721 0.644416928 0.0895324051 0.567616642 0.698376119
    0.258533895 0.215763807 0.41492641 0.666183352 0.0641529262
    0.46938923 0.869864821 0.910647392 0.162578911 0.678172648
    0.211923748 0.624975085 0.76112771 0.747274637 0.94811523
    0.955170572 0.476206392 0.210112482 0.755171299 0.135063678
    0.319106579 0.594252825 0.905497313 0.352627754 0.635748625
    0.947443366 0.0208652318 0.0451597273 0.475502253 0.155543119
    0.204254389 0.997819901 0.41695255 0.0172411799 0.95974803
    0.347017974 0.70234561 0.213167131 0.450422615 0.867426634 0.5445382
    0.000630795956 0.218423665 0.625961065 0.19520703 0.165738881
    0.431239605 0.742661595 0.155687243 0.929869294 0.139321357
    0.800133586 0.43622458 0.277036548 0.480224669 0.208040804
    0.603180587 0.693314075 0.250890911 0.655032396 0.535374105
    0.272600055 0.296436489 0.798861384 0.0453017056 0.297513068
    0.638984025 0.896235824 0.617860675 0.292616516 0.747058392
    0.0894549489 0.237607032 0.0335680246 0.0975517035 0.634296358
    0.806426764 0.821635604 0.152946621 0.0702097118 0.447858125
    0.130785018 0.128573239 0.335295379 0.59732151 0.64822793
    0.0158314705 0.170481265 0.607307673 0.556210935 0.446004421
    0.814408123 0.605998874 0.363642782 0.35606885 0.0831396878
    0.978472829 0.599218249 0.0114033222 0.780928731 0.185362697
    0.543352187 0.103932112 0.488774002 0.0997400582 0.949944377
    0.160221815 0.0258109272 0.122815967 0.579283297 0.594516277
    0.756113648 0.389946699 0.606597126 0.313158929 0.393610656
    0.915914357 0.982474864 0.0455250442 0.859033823 0.813114285
    0.363312125 0.512117028 0.707141995 0.117950052 0.243485272
    0.441675484 0.582808256 0.254072666 0.918956757 0.289556086
    0.184004456 0.707459807 0.940608382 0.459176302 0.213584065
    0.271921098 0.0310290456 0.870464504 0.215835243 0.0966565609
    0.672670662 0.682355165 0.63290453 0.732320428 0.453405261
    0.131692499 0.343521357 0.46353209 0.565205574 0.313694954
    0.0359861255 0.0452282131 0.747344732 0.977750897 0.463270843
    0.110694587 0.102114439 0.65593195 0.605974555 0.0929519534
    0.53973794 0.478514731 0.83707118 0.0750207305 0.0938709676
    0.025529474 0.958004713 0.0416114032 0.183406919 0.894794941
    0.268128425 0.677794456 0.0487870574 0.970689356 0.164919168
    0.0255559683 0.816099346 0.0740356445 0.814742208 0.707068384
    0.769356012 0.952985048 0.492697328 0.811453938 0.0262919962
    0.719766915 0.70798111 0.708349109 0.558056116 0.0728791654
    0.954247534 0.30714941 0.549417257 0.718936861 0.793957233
    0.743727744 0.414779246 0.509722531 0.419249147 0.0694381297
    0.0957479179 0.402660519 0.603393078 0.862282753 0.989284337
    0.799898863 0.832705021 0.975098014 0.966522396 0.695830762
    0.678618789 0.0212483406 0.0850348473 0.952866316 0.145096987
    0.557951748 0.3930116 0.689762294 0.571984172 0.290059209
    0.394530326 0.0397909582 0.22688958 0.324817181 0.248843342
    0.658070505 0.691311359 0.261112392 0.0829382837 0.713735878
    0.194199741 0.516283572 0.478756428 0.185575575 0.420721054
    0.993014038 0.488050669 0.454659164 0.15283373 0.932237148
    0.588966727 0.436982036 0.152317613 0.447447985 0.743462205
    0.0908230245 0.781449795 0.0356354415 0.260757774 0.747334421
    0.810011148 0.810643911 0.144251108 0.897552431 0.149760872
    0.363572121 0.711738169 0.310323179 0.716913939 0.585688651
    0.335797429 0.829203784 0.144765884 0.992447019 0.874204636
    0.320133179 0.540133238 0.541071057 0.813876748 0.932512879
    0.00794801116 0.170360893 0.319839269 0.251294285 0.928525329
    0.0562306345 0.467801362 0.423621505 0.0970898271 0.807515502
    0.110235572 0.69199121 0.391961366 0.201935619 0.379870564
    0.786121011 0.879540563 0.150602818 0.134321034 0.154347807
    0.978786707 0.133398384 0.88249743 0.255240798 0.859874487
    0.302162349 0.688836515 0.199694753 0.352728903 0.22646004
    0.89969629 0.691226959 0.186277747 0.658192396 0.286959857
    0.846872449 0.795619369 0.69900322 0.3793993 0.911913991 0.172033668
    0.682044387 0.413022399 0.293529451 0.656776726 0.433896124
    0.239373922 0.03408131 0.19801724 0.487027317 0.585023642
    0.583597064 0.925992608 0.571539402 0.712520659 0.828393936
    0.211225063 0.890991986 0.145471931 0.299920946 0.176044673
    0.716666043 0.422156364 0.0213105381 0.0297564268 0.892679453
    0.517348111 0.14118886 0.508315027 0.54538703 0.100884289
    0.126632333 0.72815156 0.580909014 0.787333846 0.914379895
    0.202387184 0.7733109 0.849794149 0.430710644 0.399123132
    0.677007437 0.163902998 0.872796655 0.477048367 0.767034531
    0.0992178023 0.250155151 0.792635143 0.857888341 0.946900189
    0.934688091 0.63092947 0.0925839543 0.455196261 0.727049053
    0.377094388 0.480363727 0.965451181 0.775769591 0.783136368
    0.662760019 0.901544929 0.643573523 0.39147079 0.757785439
    0.530612767 0.34174484 0.348416775 0.683755755 0.817852616
    0.0137186646 0.694380999 0.715322018 0.467098832 0.423889905
    0.848255992 0.456676394 0.654581964 0.251087785 0.184799105
    0.83241725 0.548840106 0.912340879 0.715397298 0.947952986
    0.969816446 0.589581192 0.0034045279 0.471026003 0.926202714
    0.45291546 0.352681071 0.981674552 0.421607018 0.801828384
    0.783805132 0.841358066 0.186140746 0.592913985 0.107430011
    0.780700207 0.719446659 0.359552801 0.579722345 0.651314259
    0.85944289 0.717448235 0.916298747 0.157491088 0.824920177
    0.830280542 0.636412263 0.126532733 0.346146345 0.800877333
    0.586668313 0.687712848 0.139566958 0.944040179 0.956789672
    0.95797807 0.262579262 0.173627615 0.717025876 0.727136374
    0.615200698 0.293431342 0.355623782 0.753760099 0.0785162747
    0.656245172 0.475978702 0.644641638 0.853148639 0.4435184
    0.0839376748 0.907712758 0.814876437 0.422039866 0.534698308
    0.0938974321 0.165629357 0.0257619023 0.382794499 0.0928840339
    0.601416588 0.682388186 0.46842134 0.555106223 0.139647663
    0.586045325 0.714671552 0.430077016 0.0126511753 0.958338022
    0.419439554 0.417967081 0.397418112 0.74089247 0.0487341583
    0.917739928 0.77880621 0.183850735 0.0938788354 0.724070907
    0.688850164 0.792217374 0.185487568 0.257755995 0.225993544
    0.200544715 0.144395918 0.315768093 0.488738656 0.0218420625
    0.808780253 0.119793177 0.723579407 0.989704549 0.430485606
    0.369803965 0.794370651 0.394861758 0.1558837 0.667619586
    0.559800446 0.890557766 0.498280585 0.067525506 0.416572481
    0.110638022 0.323315322 0.68802166 0.485259861 0.102672845
    0.829414487 0.474801481 0.0371086597 0.616993248 0.945305824
    0.0636096895 0.159245878 0.368461281 0.0411069095 0.581122756
    0.852142394 0.619715691 0.152385384 0.57612139 0.462965667
    0.164829761 0.793315411 0.418748349 0.513943255 0.314493686
    0.410301596 0.0845848322 0.760561585 0.532513678 0.328082651
    0.95001626 0.473756492 0.748111665 0.480487019 0.284125984
    0.935710013 0.749408185 0.528847337 0.674878061 0.783979416
    0.592706323 0.0597416162 0.884717703 0.679448009 0.916990817
    0.0955257416 0.0347732008 0.318205833 0.114709884 0.50859797
    0.930099249 0.83702755 0.0541152358 0.481809825 0.465897441
    0.714681268 0.282172024 0.358508199 0.360511005 0.0286424756
    0.247202814 0.233881831 0.582675278 0.160699576 0.376217157
    0.108571112 0.177618802 0.655132532 0.744827628 0.456398159
    0.463094175 0.580875516 0.891787469 0.918007791 0.513408542
    0.106516629 0.94952333 0.142538637 0.672655523 0.652153969
    0.725803852 0.217468709 0.327544183 0.811530113 0.614793122
    0.251842976 0.299132973 0.668996692 0.419740796 0.835046887
    0.950349808 0.202036917 0.211849779 0.40163821 0.040533036
    0.0959720612 0.432540417 0.648051441 0.0907440484 0.855946124
    0.998544097 0.332791746 0.464571953 0.787851572 0.102622151
    0.594049037 0.681950927 0.420914471 0.528513789 0.153285563
    0.0924290121 0.313292265 0.242899835 0.171935499 0.34904182
    0.875816822 0.825824142 0.191634029 0.377024919 0.0747465491
    0.847276449 0.913519621 0.637267828 0.841071486 0.140747219
    0.164291233 0.371321023 0.15521273 0.445868194 0.0701611638
    0.69493854 0.232305765 0.0885994136 0.679327309 0.772536159
    0.917333007 0.173769504 0.926987827 0.495476037 0.668178439
    0.00998044014 0.175465792 0.272783101 0.919654846 0.584163904
    0.486522406 0.799968421 0.967052877 0.997556031 0.407149434
    0.312411845 0.0856217146 0.519106448 0.49042207 0.781659663
    0.81893158 0.860746741 0.633636475 0.642369151 0.938887596
    0.773481131 0.266861498 0.985136747 0.0831765532 0.520182788
    0.677296519 0.194329649 0.0760736465 0.716484308 0.709446013
    0.211546957 0.300712287 0.839329362 0.840704858 0.22368753
    0.178640008 0.73971802 0.089561373 0.724168003 0.181228131
    0.57379806 0.395112008 0.72342062 0.609444618 0.0136731565
    0.262192279 0.500311494 0.283229709 0.84085691 0.0258758962
    0.914515018 0.906245589 0.945858419 0.828510523 0.573117256
    0.0329546928 0.323534101 0.538235307 0.183901757 0.630083084
    0.919772089 0.882102966 0.0673103929 0.27196151 0.403294116
    0.78544575 0.602560639 0.156910717 0.105934948 0.408653229
    0.457850933 0.0761772692 0.249558866 0.276636779 0.187408924
    0.45461902 0.252101183 0.49664551 0.451799333 0.560752153 0.43002671
    0.369993985 0.764213622 0.295015037 0.759087086 0.787746489
    0.499940991 0.95361197 0.631991267 0.191403478 0.0284257829
    0.643484533 0.327490866 0.620203793 0.674365997 0.42175287
    0.302329838 0.911470532 0.70503813 0.0329782069 0.557581782
    0.824890018 0.418674171 0.519309044 0.938144088 0.0251248479
    0.910398066 0.825161755 0.437093824 0.613060057 0.0731753707
    0.148690075 0.342945874 0.79416883 0.983744204 0.862928033
    0.202694058 0.427404881 0.470382631 0.477378815 0.493083209
    0.647629201 0.390421778 0.40017423 0.118562847 0.480286419
    0.965451717 0.336582243 0.805732369 0.384648383 0.409325302
    0.0218792558 0.964725494 0.950682402 0.749516606 0.117828697
    0.524259031 0.0740784109 0.764343739 0.866151631 0.787367105
    0.717281342 0.436711758 0.935986519 0.995060086 0.28513062
    0.724221051 0.952610075 0.854931951 0.532983184 0.530700684
    0.826935649 0.163427413 0.650036931 0.587496698 0.42081368
    0.405147076 0.986450195 0.745140314 0.0134916902 0.683593869
    0.146056741 0.474928916 0.844043136 0.814772844 0.0551533997
    0.361321688 0.774348021 0.787907958 0.642657936 0.0972741544
    0.85740447 0.576203525 0.67872107 0.670895398 0.33821851 0.347668022
    0.145620137 0.380897462 0.866883457 0.236094207 0.26590988
    0.662050366 0.687131643 0.637615681 0.736973643 0.148693651
    0.570395291 0.513210058 0.913786232 0.792437315 0.244962573
    0.985491574 0.238672435 0.931420922 0.601731062 0.765145779
    0.694004774 0.865610957 0.240936041 0.562544703 0.757866979
    0.537891805 0.476632863 0.509851336 0.191503674 0.224781096
    0.871552348 0.680212796 0.616710067 0.863294363 0.961343169
    0.0534081459 0.356831193 0.498403102 0.622433007 0.0531896651
    0.0365009308 0.658864617 0.779269755 0.77061975 0.592078626
    0.909892917 0.708875299 0.733629346 0.025652051 0.99131757
    0.289209485 0.490525633 0.589320898 0.733601093 0.933965683
    0.419613421 0.447375238 0.498642266 0.377243638 0.563869119
    0.0357884467 0.589145124 0.651347458 0.544955432 0.484107107
    0.648622632 0.334819734 0.423300654 0.473328084 0.577320039
    0.683428466 0.136123449 0.908764958 0.711479247 0.364832014
    0.00641840696 0.789869785 0.228050679 0.425869465 0.374743223
    0.921214879 0.918044209 0.646214545 0.416120648 0.218499869
    0.410121262 0.0134189725 0.461690336 0.0430047512 0.870564461
    0.975116253 0.887479186 0.0782412589 0.520301223 0.240955025
    0.785709977 0.44401747 0.789628208 0.961395323 0.15312919
    0.224068701 0.0358252227 0.214263558 0.34468931 0.0917051435
    0.916633606 0.445986718 0.929404795 0.535839617 0.515814006
    0.905581951 0.815718472 0.610547006 0.405611157 0.538179755
    0.676025987 0.56447947 0.560785294 0.601999938 0.624949396
    0.540110767 0.73184669 0.793494582 0.119712234 0.250568718
    0.517406583 0.357093632 0.271476239 0.778187096 0.444115281
    0.497094542 0.151708066 0.312988073 0.224479854 0.0790513456
    0.863827109 0.802359819 0.400262952 0.957555056 0.894419968
    0.943650365 0.0501447916 0.119190753 0.414241731 0.184210122
    0.858198166 0.65111208 0.620840907 0.125534207 0.96612519
    0.377589852 0.0496123433 0.412281424 0.123534799 0.433335871
    0.904490829 0.171411455 0.260382831 0.260061383 0.73687166
    0.433303535 0.145280689 0.445173621 0.20505172 0.400799185
    0.654253125 0.914702892 0.576109946 0.904306948 0.356357336
    0.345906675 0.798517346 0.40393728 0.0471606255 0.034532845
    0.0149231851 0.477376461 0.755544901 0.594809473 0.710830212
    0.55679673 0.913811922 0.310182095 0.801630676 0.91250062
    0.301583111 0.786017299 0.849851489 0.760808706 0.0567752719
    0.492046267 0.473133951 0.740367174 0.886070609 0.266340435
    0.380288571 0.786727905 0.444614112 0.467072695 0.497089386
    0.544161141 0.595988214 0.293740392 0.0462758243 0.296522856
    0.906748474 0.175697297 0.567537904 0.757672668 0.65537554
    0.973124027 0.698799312 0.67730391 0.281864733 0.915323019
    0.595887482 0.626564384 0.695573092 0.738036096 0.00501230359
    0.541625321 0.138270259 0.155002117 0.126030147 0.893211007
    0.418683946 0.0723121166 0.231253833 0.627246857 0.779566288
    0.455538422 0.951232672 0.240319937 0.701467752 0.656303704
    0.410506815 0.678347886 0.983645976 0.575831175 0.343355417
    0.56466651 0.402266055 0.832404494 0.258119106 0.0205115378
    0.787348628 0.0528686941 0.177458256 0.0708169043 0.731901586
    0.289734244 0.366402775 0.185360253 0.716362715 0.759854198
    0.628651083 0.163982987 0.837888479 0.289364278 0.433741152
    0.291872472 0.503074527 0.561703384 0.857993722 0.0928620696
    0.455734044 0.440298051 0.396934807 0.452691019 0.785100937
    0.767868578 0.229088515 0.460610896 0.943841398 0.929508448
    0.694502473 0.642252326 0.86919868 0.816226721 0.0811696351
    0.707153141 0.0304609537 0.309686244 0.392529488 0.575115025
    0.735905588 0.768836617 0.261761099 0.725838423 0.142943501
    0.79766959 0.793563962 0.0599404275 0.0573736429 0.459427595
    0.168117344 0.0864136517 0.362925589 0.455950022 0.322069466
    0.979553699 0.414176494 0.80156821 0.734652996 0.358756542
    0.0517047644 0.354376078 0.373646408 0.487200379 0.223447293
    0.196467429 0.38709864 0.454975903 0.979810834 0.377103627
    0.496581554 0.345793873 0.250580549 0.976408184 0.821751595
    0.76737535 0.0879328847 0.0831142068 0.230059385 0.758670211
    0.151310831 0.70684123 0.108477175 0.696095228 0.44017747
    0.634990096 0.224189788 0.149857104 0.77298224 0.719054461
    0.143677503 0.345738202 0.887587368 0.534486294 0.722966015
    0.624914825 0.89779067 0.11055392 0.50953418 0.541129529 0.473364353
    0.418432593 0.424856752 0.595563829 0.411718726 0.501663744
    0.0257956982 0.129615813 0.306599438 0.73534137 0.802977443
    0.109741509 0.532288373 0.112256974 0.180438906 0.566195071
    0.800427437 0.543322325 0.470589608 0.0036868751 0.775170028
    0.703610659 0.102990299 0.481039226 0.867962718 0.0763801038
    0.580061853 0.309309304 0.674665451 0.910601139 0.259803057
    0.947319567 0.988448977 0.395264 0.547793508 0.881669879 0.698424935
    0.832729578 0.317241311 0.264067113 0.0870984197 0.521201074
    0.918426871 0.487185061 0.450364679 0.975259066 0.68360889
    0.932731628 0.959251404 0.338949412 0.0635504723 0.818647861
    0.989371896 0.641362488 0.392060667 0.23808682 0.998558223
    0.231651843 0.45336324 0.267716825 0.958727002 0.147788763
    0.981283426 0.533318996 0.14012301 0.730666101 0.216521621
    0.255411685 0.733442903 0.411364973 0.190073907 0.400987715
    0.722720623 0.193322539 0.00723382831 0.165658236 0.118308365
    0.225936025 0.0639585257 0.0872038305 0.7622931 0.577780306
    0.516953111 0.745067656 0.789659798 0.513575912 0.0441529751
    0.387934983 0.273528755 0.540681899 0.93985033 0.838204861
    0.48164624 0.826494813 0.947320759 0.701390743 0.347433388
    0.0720546544 0.905054688 0.225284189 0.413314164 0.422668695
    0.71080029 0.938758373 0.697826862 0.0288537741 0.57817471
    0.718586028 0.297881842 0.253420025 0.520361066 0.0647769868
    0.93567884 0.46059218 0.396550119 0.0335713327 0.205736727
    0.448317558 0.559024751 0.889953971 0.619943321 0.672622144
    0.425369829 0.984009981 0.182165056 0.474660337 0.261928797
    0.0475279391 0.882892132 0.627020776 0.611231506 0.837854743
    0.576654553 0.345104396 0.824671865 0.280615151 0.689005375
    0.433693111 0.353406608 0.723173201 0.093898356 0.730696142
    0.568919957 0.842654467 0.870301664 0.635627508 0.197689533
    0.403138846 0.369375348 0.696117878 0.509849131 0.452934384
    0.169168442 0.711487412 0.388484001 0.974726915 0.795152545
    0.639453053 0.871796846 0.154913962 0.235254407 0.824866652
    0.257608414 0.139507771 0.715794742 0.956560493 0.118173063
    0.443753988 0.453807086 0.625166535 0.480527282 0.180464089
    0.0189325213 0.709711075 0.874662399 0.655438542 0.319159865
    0.0613614023 0.591245353 0.313680887 0.384870827 0.174937189
    0.934710741 0.668735027 0.20569095 0.935251176 0.852581203
    0.618233562 0.271627009 0.165148526 0.737896681 0.220167816
    0.757420361 0.117190272 0.859757781 0.238640964 0.0740725696
    0.222756147 0.967013717 0.218273818 0.810981393 0.74934268
    0.623816609 0.616163254 0.0403875411 0.386138648 0.985029042
    0.747720659 0.355923712 0.0200152397 0.288953424 0.382792681
    0.0364127457 0.617991745 0.58076185 0.828373194 0.707619786
    0.924545646 0.319508165 0.536385357 0.749855459 0.894732833
    0.874949813 0.997315884 0.113106608 0.239508957 0.82347101
    0.316902757 0.953068614 0.167828888 0.644933462 0.887474716
    0.973034024 0.379492164 0.431376189 0.578316331 0.209010273
    0.568449497 0.809739828 0.811247468 0.630798578 0.992784679
    0.0296556652 0.864863038 0.00830855966 0.77501595 0.500512242
    0.863460183 0.960228562 0.148204446 0.87062192 0.923070669
    0.245081455 0.0208396018 0.621386707 0.377445728 0.733292401
    0.656267703 0.43172279 0.973752141 0.989989996 0.543445945
    0.276624262 0.0810092688 0.244324416 0.131340593 0.886039853
    0.577147961 0.914994121 0.873241901 0.445755482 0.575070381
    0.0581870973 0.60063988 0.714751601 0.705154061 0.676805854
    0.693270385 0.644813955 0.917428792 0.827293158 0.341924101
    0.127019703 0.145231426 0.230115235 0.521263838 0.695629358
    0.831925631 0.91890341 0.360589504 0.214233696 0.670096397
    0.61942327 0.284450322 0.927001894 0.432589084 0.593087435
    0.602318108 0.161606669 0.964451194 0.459381491 0.587853789
    0.851267159 0.308391571 0.928055286 0.526447177 0.409797579
    0.301599205 0.0590265095 0.0533607602 0.664170444 0.51378125
    0.59180063 0.43959716 0.579358101 0.372724056 0.17260325 0.12082535
    0.156415284 0.940653324 0.742765903 0.530399203 0.64311105
    0.0167137086 0.697417498 0.339557767 0.203047991 0.287017703
    0.191991061 0.371675879 0.448985904 0.96234262 0.21783796
    0.104956061 0.657699823 0.692489862 0.0871728063 0.400554001
    0.834550977 0.429791689 0.418632537 0.18610996 0.50700438
    0.183707952 0.116570622 0.958592772 0.84707427 0.171775192
    0.788048446 0.0845257044 0.049836576 0.737770319 0.308954239
    0.753966272 0.0399212539 0.535733223 0.284725577 0.347481251
    0.133405089 0.277950168 0.86917311 0.904644132 0.280605853
    0.322545737 0.0231207609 0.51695919 0.58537811 0.510361314
    0.261291653 0.489890903 0.454238176 0.290459454 0.434225976
    0.947667897 0.556691945 0.368086666 0.0173252821 0.951194167
    0.889512658 0.614607453 0.795064211 0.701069117 0.943029046
    0.218151212 0.254331529 0.577260792 0.775018632 0.344536781
    0.982752144 0.682863712 0.408986628 0.0279732049 0.394958615
    0.982744455 0.883569837 0.533175647 0.465912104 0.464001536
    0.609959602 0.402128369 0.879239202 0.769737601 0.315214753
    0.0903785229 0.184578568 0.354499638 0.938337386 0.821267962
    0.384538561 0.151006848 0.317785233 0.426939011 0.999412894
    0.822394907 0.60936749 0.709491789 0.421037614 0.500089288
    0.90970552 0.334693938 0.774421036 0.380330265 0.327014446
    0.592302561 0.612451375 0.833183467 0.502090633 0.474430054
    0.102461129 0.992962122 0.757765412 0.489986718 0.837525725
    0.682339489 0.734562457 0.07196486 0.686870217 0.825752258
    0.725923836 0.0851484835 0.301393956 0.11784336 0.272405803
    0.0680961311 0.885943711 0.855127513 0.588352323 0.871190786
    0.186855316 0.457939327 0.300855339 0.211051345 0.584008753
    0.161183655 0.575123727 0.936439216 0.14056921 0.78253603 0.34793365
    0.0280141532 0.260672957 0.488925487 0.933432221 0.963814855
    0.927961349 0.456745863 0.981683135 0.421901375 0.932740688
    0.67720598 0.451499969 0.291983962 0.786515951 0.848112464
    0.178547144 0.789343715 0.24818638 0.400936961 0.853264034
    0.0253179967 0.403960824 0.314652741 0.0967318714 0.0419973433
    0.832634091 0.437488526 0.412473798 0.675643921 0.568627954
    0.624465287 0.611628175 0.58919996 0.640921056 0.150779247
    0.238254428 0.879670024 0.0875420868 0.982694983 0.741565764
    0.349337637 0.0823358893 0.744428098 0.417506576 0.987805963
    0.268217504 0.570680678 0.889147282 0.303371906 0.241666496
    0.932335258 0.290110141 0.59629333 0.146867394 0.364905715
    0.561879635 0.924180269 0.235936373 0.874832869 0.588476658
    0.542333663 0.996549904 0.756573796 0.771329939 0.722008348
    0.676443219 0.859712362 0.529265225 0.226120085 0.884909272
    0.0960555971 0.693665743 0.595469356 0.491061211 0.467516869
    0.270378709 0.216210008 0.935287952 0.606766522 0.685377896
    0.81522274 0.371339142 0.725899041 0.912707686 0.223429203
    0.401751995 0.943625212 0.962637186 0.754249513 0.807415485
    0.0597244501 0.0572432578 0.519858897 0.836990833 0.342950702
    0.72827214 0.84693718 0.361483932 0.765134633 0.7019912 0.237694234
    0.056652844 0.254094303 0.0464074016 0.238380849 0.766895294
    0.951108456 0.898227751 0.418249995 0.81317991 0.310021013
    0.247461468 0.0490557253 0.297658801 0.189516246 0.94159162
    0.273420811 0.728215456 0.915517211 0.422873318 0.559422553 0.503959
    0.0022970736 0.191888988 0.253101766 0.693586826 0.401305705
    0.970832825 0.946157992 0.383316815 0.351378828 0.816923678
    0.282149017 0.06383425 0.307315707 0.382692575 0.202346176
    0.995688379 0.272156 0.11676383 0.23256892 0.00535130501 0.728669286
    0.677515626 0.134109378 0.449684292 0.101723403 0.269447625
    0.814341247 0.712865114 0.518032789 0.0523165166 0.739830136
    0.286709905 0.655845761 0.476989418 0.947219253 0.658925712
    0.548347652 0.0608198643 0.440167129 0.665814698 0.349753439
    0.2715078 0.633632958 0.223357797 0.953285217 0.659580708
    0.455588162 0.794335604 0.463036805 0.469003826 0.788716316
    0.511182845 0.802708864 0.216012061 0.822294354 0.807669401
    0.55813539 0.39428407 0.0176712871 0.805948019 0.459259748
    0.791855514 0.266572088 0.212619066 0.057251513 0.748763919
    0.0693102777 0.81877476 0.384853482 0.701870799 0.43769142
    0.163258046 0.855818391 0.146588266 0.113465667 0.651745677
    0.423976004 0.845434546 0.429062635 0.304620415 0.405020088
    0.986665964 0.138231546 0.918554127 0.60233736 0.240973979
    0.969038129 0.463044643 0.835743189 0.784766555 0.681784391
    0.317731112 0.571243584 0.893834949 0.812822819 0.185483605
    0.59802413 0.147159338 0.227224559 0.785811543 0.833422005
    0.161316454 0.0252711475 0.570373714 0.788806677 0.586938858
    0.64379406 0.740909815 0.0668134987 0.61285007 0.434098661
    0.770432055 0.0950799286 0.263083339 0.361006439 0.543393552
    0.899456024 0.718576133 0.326648355 0.0707054734 0.191736907
    0.102461129 0.355436176 0.959396899 0.397509336 0.164761394
    0.0613914728 0.631440938 0.76425457 0.439841211 0.504558027
    0.131878883 0.410924077 0.710066438 0.481602073 0.407985806
    0.840906262 0.373742044 0.121369809 0.248436958 0.261177659
    0.0844090283 0.519088924 0.359607518 0.715738058 0.124970406
    0.537478864 0.852044225 0.0142765343 0.427144706 0.976518273
    0.412861139 0.530432463 0.697411716 0.30723393 0.190885961
    0.277060598 0.726292551 0.266340584 0.452020764 0.463083744
    0.277380049 0.211428165 0.979738176 0.675874412 0.0640313625
    0.00393363833 0.437204093 0.188716382 0.826592326 0.174287975
    0.115317881 0.64020443 0.673502564 0.789693236 0.321616888
    0.571125031 0.65559119 0.262931794 0.582900405 0.667375624
    0.16269806 0.466496468 0.322339058 0.361952454 0.827804506
    0.124065906 0.422486842 0.777583361 0.0264810324 0.419646353
    0.276931524 0.942603588 0.618595719 0.624333084 0.32285738
    0.747025013 0.460666806 0.638318181 0.486670047 0.291782975
    0.927625656 0.507878542 0.341106981 0.885989189 0.2880615
    0.730053782 0.108506858 0.815234125 0.375695437 0.00210598111
    0.367119223 0.875873089 0.616064131 0.0325598419 0.956671596
    0.902440429 0.887701988 0.279913396 0.756090045 0.367082804
    0.228873909 0.692748189 0.334343135 0.889993429 0.897936821
    0.617449045 0.671487331 0.306957901 0.0522386432 0.614631951
    0.326830626 0.236076087 0.986444771 0.231501907 0.711787581
    0.905686021 0.387265295 0.506768405 0.11004284 0.739410639
    0.367829025 0.771298409 0.393627226 0.254926324 0.809359789
    0.0827857554 0.413628548 0.456572831 0.292032659 0.904331446
    0.78462255 0.807910323 0.488952458 0.0813857317 0.718200982
    0.471088052 0.102242112 0.680080593 0.472905695 0.265247464
    0.709272146 0.480005741 0.446023673 0.657684803 0.869039893
    0.301742494 0.295797586 0.719874084 0.979354262 0.374283254
    0.26511994 0.0142250955 0.540305316 0.502587497 0.895647407
    0.949007571 0.988991678 0.264076889 0.769679904 0.552549362
    0.0406774282 0.670999587 0.836473227 0.743565798 0.440101713
    0.732180953 0.9610008 0.743237317 0.285106122 0.653817475
    0.242851555 0.880892634 0.664909363 0.0237613916 0.621938884
    0.161734968 0.589773953 0.580578268 0.62995255 0.93377161
    0.121340871 0.367316663 0.213230431 0.292657256 0.503163159
    0.203287542 0.146068573 0.611659646 0.675676703 0.307906806
    0.261140943 0.0137664378 0.276129961 0.513164103 0.389221132
    0.54829675 0.19589892 0.77406621 0.189470053 0.843501806 0.794998407
    0.326222658 0.718526661 0.712226272 0.899923801 0.269770831
    0.710155785 0.533514738 0.379315227 0.47501722 0.623114467
    0.170635253 0.308257461 0.247709274 0.285299122 0.0689219832
    0.831317604 0.0393405855 0.836838126 0.57095474 0.473940969
    0.0806252062 0.719853401 0.578561664 0.235780329 0.0999031067
    0.816017509 0.697316766 0.877582252 0.6742208 0.0803448558
    0.760355175 0.525310576 0.699026823 0.651363969 0.421117634
    0.642077088 0.284770012 0.706328392 0.485379428 0.573057175
    0.660834551 0.492963135 0.086558491 0.357334137 0.515086949
    0.904018044 0.516633451 0.338356972 0.839323699 0.0841961205
    0.391857743 0.636505127 0.436969757 0.040379405 0.444576532
    0.234718263 0.171631962 0.474051207 0.730963945 0.30888164
    0.014438957 0.836610794 0.633704662 0.518990993 0.8054322
    0.538085759 0.411014408 0.802872539 0.921650767 0.15516755
    0.68931216 0.670900583 0.189609766 0.189398795 0.569170952
    0.0731099844 0.0285724401 0.85230875 0.451518774 0.581818759
    0.381901801 0.673811495 0.786239624 0.38365531 0.769533038
    0.903648496 0.768004894 0.556706011 0.389713168 0.601134241
    0.97532326 0.923652649 0.413740158 0.123586744 0.28237617
    0.256949693 0.357907981 0.528748453 0.334226668 0.0925529599
    0.534695029 0.522180021 0.530572951 0.77238673 0.750881076
    0.573395312 0.701064646 0.975335836 0.207310408 0.265153795
    0.127868116 0.479206473 0.533251882 0.669697344 0.911372066
    0.868466139 0.492680341 0.677554369 0.700420022 0.651922941
    0.0944408476 0.541030943 0.562509954 0.607001841 0.169787318
    0.896002531 0.977805018 0.832422972 0.300555736 0.0780127048
    0.721220374 0.12137863 0.594989002 0.00582882762 0.708738625
    0.402251244 0.868242204 0.47791326 0.602860987 0.721812427
    0.54270035 0.575299978 0.898246586 0.508303046 0.206089318
    0.405206501 0.365830928 0.472462356 0.0621284544 0.894334197
    0.318887264 0.358238071 0.129276574 0.62690413 0.290575087
    0.683420181 0.654954672 0.472941309 0.0926656723 0.195031464
    0.0260052085 0.588352203 0.387598634 0.141797125 0.796162426
    0.671581149 0.598141909 0.827387512 0.441870332 0.266166925
    0.62839663 0.811059356 0.16642338 0.523205757 0.270553142
    0.281157941 0.724696755 0.812783122 0.243033707 0.443275869
    0.108822584 0.221777588 0.914561033 0.42627418 0.397312045
    0.409123659 0.32666114 0.396028996 0.396304846 0.957399845
    0.975835919 0.188649446 0.288535893 0.0425815582 0.555979848
    0.0241065323 0.453893602 0.437142253 0.310270965 0.578298211
    0.514831364 0.505987823 0.115252107 0.335435152 0.853320241
    0.184076846 0.000665873289 0.827330828 0.301319778 0.150083184
    0.61906904 0.147414297 0.0427607298 0.8111763 0.797149062
    0.441169858 0.202252924 0.00820380449 0.96874702 0.178934515
    0.757221699 0.0803950727 0.507256508 0.0289134681 0.70219183
    0.42166853 0.485096931 0.470452547 0.184592992 0.887731552
    0.276739895 0.678322792 0.15732941 0.237557381 0.604191422 0.9111166
    0.662910759 0.371358633 0.755667329 0.859287441 0.124787152
    0.174286008 0.839174509 0.381175101 0.517970443 0.0689871013
    0.687167525 0.543992996 0.833126664 0.101439923 0.609435737
    0.880781293 0.492979854 0.722754836 0.562532544 0.263446927
    0.689121604 0.274340272 0.947418392 0.320935965 0.328538418
    0.781670809 0.661918759 0.509798348 0.010104835 0.620028853
    0.825708866 0.860936642 0.68665266 0.0729640722 0.278084427
    0.84424448 0.304674536 0.996331811 0.87398684 0.84990263 0.98434037
    0.641538858 0.199686855 0.376070857 0.065541923 0.16021058
    0.130593151 0.416241914 0.803907335 0.0184931159 0.454988837
    0.86745286 0.100807071 0.0301049352 0.80885762 0.397920728
    0.0797735155 0.468695432 0.46238181 0.796957016 0.592281997
    0.673396587 0.592440605 0.429725051 0.695280313 0.0423577726
    0.681622863 0.18999517 0.457773447 0.642570555 0.36496532
    0.888464451 0.0878197253 0.971761942 0.370946884 0.811371088
    0.923029244 0.617648721 0.502228141 0.79557848 0.658535063
    0.174391657 0.146380991 0.344503373 0.258792818 0.0722327232
    0.446082979 0.2341896 0.768300295 0.549868703 0.616317034 0.60645926
    0.460329533 0.368742585 0.0245062411 0.257655412 0.478769124
    0.12954694 0.122841895 0.629632711 0.324169576 0.110608459
    0.390696824 0.573663473 0.57012856 0.800235152 0.65639168
    0.121959507 0.505755663 0.252368748 0.618296266 0.926416993
    0.042414248 0.721441627 0.312948942 0.770725906 0.608180881
    0.43123731 0.941074133 0.983870268 0.0815608799 0.936070502
    0.159328878 0.00508478284 0.794868946 0.0779343545 0.906200945
    0.858853221 0.650948286 0.688889503 0.0194556117 0.790246606
    0.999643803 0.302819788 0.995994866 0.644503534 0.0490512848
    0.783868968 0.602462947 0.781744897 0.489209324 0.383495182
    0.866796911 0.595071197 0.0844059289 0.1477741 0.888839006
    0.738635957 0.212607563 0.848392725 0.738102376 0.309565395
    0.300599337 0.573558092 0.507203221 0.905372262 0.337417722
    0.577029109 0.232052863 0.992044926 0.500625789 0.766052306
    0.962978482 0.433998406 0.3665272 0.716765702 0.206694216
    0.879261672 0.867396235 0.679186702 0.0971942544 0.85857439
    0.446606427 0.674843192 0.0673032701 0.331438541 0.367013812
    0.821325183 0.71631968 0.911941886 0.55890429 0.777819991
    0.117528915 0.88808161 0.0605587661 0.286804885 0.76763773
    0.408454835 0.0675168335 0.423407644 0.423439622 0.790982008
    0.550774753 0.636155665 0.428247988 0.232681394 0.47807622
    0.78844595 0.959894896 0.0407555103 0.610212028 0.505879223
    0.497458607 0.431988806 0.849765658 0.861007333 0.521552563
    0.401040912 0.123777509 0.518444002 0.0421760678 0.837816238
    0.136596113 0.717940867 0.674394071 0.563764036 0.342810899
    0.283915609 0.729061067 0.0001770854 0.900901377 0.186276644
    0.372341663 0.888756514 0.783933878 0.297470868 0.443940759
    0.921128035 0.341834724 0.995599568 0.838746548 0.0132377148
    0.698654056 0.602389157 0.102928996 0.235982746 0.624266684
    0.484627813 0.13629511 0.695820212 0.202207178 0.431646347
    0.675909162 0.917850971 0.494011641 0.619637311 0.81222868
    0.79195106 0.609125555 0.833776832 0.0705216527 0.100075245
    0.617106557 0.158983856 0.100654781 0.195590854 0.0789049268
    0.56459856 0.181661665 0.404732823 0.838792086 0.975187421
    0.254736274 0.735463619 0.920909882 0.238939315 0.913039327
    0.033574909 0.198154032 0.981528103 0.694378078 0.216348708
    0.978113413 0.825868309 0.18873623 0.353112549 0.532189608
    0.458501935 0.264200091 0.112614185 0.879600406 0.759766936
    0.294610649 0.27122283 0.81377089 0.868525624 0.575034916
    0.871990263 0.207836121 0.28166604 0.615343213 0.250322193
    0.388413131 0.729542494 0.493349969 0.896768808 0.589191377
    0.0213849843 0.329872549 0.120344698 0.501343727 0.107916117
    0.277802467 0.944903493 0.883690119 0.404896796 0.347712398
    0.217730135 0.47175926 0.0485326946 0.540659487 0.774282336
    0.644228995 0.365578711 0.992111564 0.451792449 0.746336281
    0.570878923 0.492560565 0.857082248 0.895604134 0.835725307
    0.530396402 0.492169619 0.534590244 0.861091375 0.15856275
    0.433459818 0.92516923 0.892486334 0.568846226 0.200733632
    0.957978368 0.0736106336 0.889638186 0.466595471 0.963332176
    0.706027806 0.741422296 0.826021314 0.0753005743 0.587804019
    0.605535865 0.200094283 0.785674453 0.492713124 0.263190269
    0.981525898 0.357137859 0.295682997 0.753712296 0.284451187
    0.134024471 0.991187334 0.438682407 0.185214132 0.965243518
    0.288097769 0.564710557 0.509780645 0.437063128 0.124450564
    0.0846941769 0.109689355 0.120177925 0.15535441 0.0634985566
    0.584346473 0.920893788 0.33725208 0.104203343 0.0469321609
    0.764220953 0.526660025 0.479209423 0.994048476 0.518311739
    0.902911305 0.4180471 0.637306094 0.203196079 0.114349186
    0.257880628 0.200485945 0.248132437 0.929113865 0.691953063
    0.568785071 0.172886044 0.770550966 0.20602572 0.978485763 0.6007424
    0.517337799 0.415441841 0.880975246 0.158159703 0.814849615
    0.0326917171 0.369769067 0.649230599 0.608895302 0.921509743
    0.227902025 0.723909497 0.786419749 0.174961656 0.387893856
    0.886060238 0.32446593 0.418208301 0.602877498 0.397898138
    0.642069101 0.141082466 0.321951568 0.4869712 0.313251942
    0.758008897 0.301821649 0.974569917 0.120614737 0.657219052
    0.919693589 0.844295263 0.370809853 0.384049416 0.198944807
    0.387991577 0.191437691 0.402925998 0.104745269 0.364584595
    0.518995106 0.721388578 0.317165017 0.82940048 0.223086059
    0.46416539 0.918740034 0.104102999 0.372170657 0.247390926
    0.312443852 0.52850318 0.00202721357 0.214488328 0.304123014
    0.0539644063 0.492192417 0.932231665 0.708422244 0.861357808
    0.818501472 0.367334753 0.794456124 0.033361882 0.416893542
    0.741093636 0.0971063077 0.485294938 0.305740237 0.97312212
    0.502301216 0.341250002 0.736819744 0.0035289824 0.341765642
    0.223148435 0.354160428 0.616285801 0.0660195053 0.146913618
    0.0500380695 0.15929994 0.23716855 0.777728915 0.0438601375
    0.586852551 0.997742772 0.387806177 0.367507279 0.281357586
    0.415814877 0.922424912 0.523053229 0.412835211 0.352256536
    0.405383676 0.725313246 0.545347214 0.120502055 0.324834794
    0.162198871 0.562532604 0.936520457 0.584313333 0.914081097
    0.00608512759 0.90055114 0.144093454 0.190064847 0.0529488325
    0.958048582 0.971676946 0.13014105 0.450573742 0.587302983
    0.513922036 0.451707244 0.60387367 0.260509312 0.852231979
    0.364887893 0.485211909 0.620744169 0.251208305 0.930358768
    0.840484023 0.179158717 0.605246782 0.493775427 0.513596237
    0.921984076 0.851026058 0.922240496 0.58477813 0.723759711
    0.416683942 0.314712286 0.467766523 0.556832254 0.67396003
    0.0143920481 0.507221937 0.74503386 0.568568587 0.922454476
    0.272600472 0.770426691 0.260349095 0.967067599 0.780779362
    0.826688886 0.869134665 0.942874074 0.248160839 0.0883643329
    0.657526672 0.173330009 0.989446044 0.520689249 0.971662283
    0.125643879 0.869177639 0.605878174 0.98173964 0.0827102363
    0.744164944 0.241276145 0.430795103 0.482905179 0.128866971
    0.571197689 0.388644755 0.114471853 0.705905855 0.0143434703
    0.1028786 0.347364277 0.911187649 0.0428376198 0.870042861
    0.152276814 0.381795168 0.384844661 0.51212585 0.465741515
    0.769228935 0.671760917 0.0820673108 0.0442785919 0.463181317
    0.695171893 0.743268669 0.813297629 0.489584476 0.506638646
    0.177259177 0.418742269 0.44752118 0.635422468 0.571050882
    0.904358387 0.972635984 0.764094532 0.224582732 0.337578356
    0.546018124 0.940093279 0.109500915 0.236753166 0.656289101
    0.326931208 0.200700521 0.390142232 0.00298422575 0.534137845
    0.854382753 0.99985671 0.38866502 0.716506183 0.218040198
    0.657771587 0.403721303 0.168323994 0.933053911 0.530832291
    0.257095814 0.177787751 0.0284445584 0.718029499 0.301856935
    0.943903685 0.341054887 0.265463382 0.833231986 0.0498313904
    0.922839403 0.503622651 0.539836764 0.615759134 0.376305729
    0.338748097 0.33561945 0.21169734 0.130060583 0.901813805
    0.132238001 0.282292426 0.530439794 0.93869859 0.175147176
    0.449616492 0.883210063 0.413386524 0.501685739 0.268507361
    0.931022406 0.148533523 0.989781797 0.404828548 0.304295063
    0.405185133 0.573551178 0.974622846 0.74652499 0.0544293523
    0.152424067 0.0566872954 0.408207983 0.0129769742 0.830400944
    0.190114111 0.878785014 0.786022246 0.0186806321 0.947959185
    0.0747298002 0.822589993 0.127747625 0.880667031 0.093277663
    0.934965789 0.424977154 0.350002825 0.953237176 0.484665155
    0.487630695 0.156083971 0.256691456 0.973452568 0.504438341
    0.790333986 0.816203296 0.395784825 0.285401106 0.987745166
    0.455905437 0.296829581 0.964321733 0.731289566 0.176354766
    0.877184629 0.0651984215 0.729012072 0.194899827 0.956923962
    0.053894043 0.434553683 0.869341373 0.382442415 0.277431846
    0.755518556 0.627081752 0.638852894 0.455283761 0.891611934
    0.0235530436 0.883707345 0.00871706009 0.724310279 0.228738099
    0.0509356856 0.714527249 0.854560852 0.353536487 0.72241497
    0.945852757 0.245567054 0.129844964 0.405389518 0.472095668
    0.622757673 0.462055743 0.637369454 0.0266597867 0.760791481
    0.486693799 0.688785791 0.999922633 0.591979384 0.750187635
    0.36659506 0.31397444 0.863076448 0.0895725489 0.571214199
    0.906165242 0.20685634 0.245605737 0.806022525 0.733593225
    0.521482825 0.0964858532 0.222115606 0.707635283 0.314919472
    0.243072659 0.162674934 0.892131686 0.853774548 0.993239462
    0.260459363 0.738180637 0.878378868 0.708618462 0.168282419
    0.858032584 0.485574961 0.71638149 0.475175828 0.0394357741
    0.915944457 0.133107334 0.798126936 0.31914553 0.166877538
    0.12780574 0.447005987 0.392418653 0.831932008 0.816446066
    0.748117924 0.266230166 0.873830318 0.779855371 0.21267572
    0.812663078 0.794899821 0.0295810401 0.642605841 0.834039867
    0.361080289 0.880280852 0.599772573 0.279644489 0.376124531
    0.474743754 0.397791713 0.481049776 0.524338126 0.695930123
    0.492496222 0.264826477 0.105705112 0.962534487 0.200555205
    0.860397637 0.356121838 0.593482316 0.303407997 0.910712779
    0.661218643 0.474972606 0.0190735757 0.435642481 0.0481396616
    0.647075593 0.170404702 0.141241938 0.483071446 0.754782796
    0.0892994404 0.3662076 0.664778829 0.637854874 0.957011461
    0.638421774 0.574621201 0.207152486 0.57333529 0.227941394
    0.869461119 0.798821568 0.534634709 0.809192717 0.286353052
    0.794696629 0.133722842 0.876729608 0.262455523 0.492892474
    0.738593519 0.169854134 0.740190327 0.496469766 0.892147839
    0.00652962923 0.333419502 0.125352472 0.194775552 0.722181916
    0.0212109983 0.940866232 0.631968141 0.50266093 0.215549529
    0.148413718 0.642279685 0.357059211 0.0682569742 0.614559472
    0.222438753 0.479213029 0.588292003 0.34905076 0.211669356
    0.467926621 0.400714189 0.21749413 0.826461077 0.670559525
    0.347963572 0.916297197 0.547170103 0.720873415 0.084120363
    0.0858899653 0.461513877 0.866131425 0.0394810736 0.172007173
    0.0178861022 0.655872405 0.0780907869 0.367717147 0.193786919
    0.663091719 0.404428929 0.375579983 0.356983006 0.882623076
    0.637306333 0.795537233 0.843233705 0.958402276 0.0279025435
    0.848962307 0.308653891 0.848591447 0.986810803 0.607824683
    0.434018463 0.946855426 0.782300711 0.281233251 0.49311319
    0.487913966 0.513869405 0.627291024 0.590136826 0.177856982
    0.219117016 0.153437674 0.590094686 0.905240178 0.423701704
    0.55263257 0.698159039 0.345585674 0.410492957 0.625852227
    0.340965301 0.563849032 0.349094689 0.944703996 0.0386405885
    0.347281218 0.355129242 0.700120151 0.609061956 0.429764569
    0.0249049067 0.514161885 0.448417246 0.583739519 0.59833926
    0.289036006 0.0924681127 0.782941222 0.492237687 0.2099123
    0.219721019 0.986618936 0.928664923 0.662789643 0.196522176
    0.90518719 0.527556419 0.742672801 0.399802029 0.928209782
    0.987209618 0.260450035 0.770176649 0.395655215 0.0377524197
    0.465237916 0.262575448 0.0913535357 0.940762341 0.307562947
    0.328747272 0.530589461 0.205677062 0.532623231 0.0656191409
    0.539833307 0.861549973 0.968386352 0.962103963 0.282277882
    0.828047156 0.0163385272 0.447757065 0.657333553 0.404883593
    0.464739442 0.929875255 0.902693748 0.480308652 0.688812971
    0.721902132 0.875175953 0.637304723 0.164214939 0.403009385
    0.841755867 0.73210752 0.454590887 0.24387148 0.520179927
    0.194356114 0.163147926 0.259857476 0.58933115 0.24871853
    0.460057914 0.990835786 0.228670448 0.854462147 0.818286061
    0.212804496 0.980820477 0.900832057 0.474807888 0.995774686
    0.0367393792 0.631380141 0.457164288 0.0336953104 0.0715332329
    0.00614759326 0.36221081 0.884709597 0.507122636 0.867810369
    0.678289831 0.6858266 0.10036692 0.0200942755 0.486451894
    0.186894953 0.256961375 0.0691045225 0.275075823 0.12523818
    0.294442654 0.29745537 0.743395507 0.995211005 0.876721621
    0.282851279 0.433147669 0.398383915 0.761449158 0.131001621
    0.775540829 0.754273236 0.779085219 0.5527125 0.56422925 0.719673872
    0.839407086 0.128529787 0.275507927 0.800054133 0.483255625
    0.341575801 0.881494522 0.828655124 0.649249613 0.195290089
    0.377256483 0.902454257 0.889313042 0.217180669 0.692172647
    0.542970359 0.288570732 0.354873419 0.831156611 0.384872854
    0.0946433246 0.366523027 0.325881243 0.750571012 0.435159326
    0.094253093 0.283671945 0.581756532 0.535852909 0.0581510961
    0.857128739 0.330339134 0.728213012 0.0591671169 0.416424543
    0.942018688 0.459905624 0.485358596 0.312972039 0.912675619
    0.31137839 0.96099025 0.6322335 0.0102310777 0.196357399 0.677612543
    0.7127918 0.199404538 0.665579557 0.372584581 0.376735955 0.76915741
    0.795941174 0.835862398 0.409030527 0.41559729 0.467798293
    0.688674688 0.26491344 0.703670204 0.931924939 0.350674123
    0.794272304 0.742611289 0.953761816 0.800439715 0.563049853
    0.0580147505 0.154031247 0.268492192 0.365116835 0.725558639
    0.863659143 0.865533769 0.694452524 0.940514088 0.591438532
    0.0193027556 0.862889409 0.698309362 0.739439011 0.889761269
    0.38356176 0.951097369 0.229716569 0.0757786036 0.863286912
    0.3657085 0.972676814 0.580616653 0.186980963 0.218281597
    0.884497046 0.229885072 0.565807521 0.435693681 0.571807384
    0.282625675 0.558325946 0.840942621 0.345243633 0.244563013
    0.459404379 0.969405055 0.92902863 0.374843955 0.31643948
    0.400100589 0.101938099 0.973990202 0.425401479 0.239681393
    0.660123229 0.190783292 0.787266314 0.18067053 0.92713356
    0.685666442 0.570217669 0.716880739 0.645862401 0.644121826
    0.986752927 0.561833501 0.153497487 0.576380968 0.870513201
    0.336082876 0.582090199 0.404728651 0.439169347 0.303487122
    0.788440466 0.43890202 0.499748737 0.813431323 0.241040915
    0.628460705 0.26619643 0.433024675 0.904295444 0.552313387
    0.481199801 0.714851379 0.901018858 0.209521413 0.853037834
    0.845073879 0.984496474 0.416422784 0.960274696 0.603210747
    0.435664713 0.758592486 0.420594513 0.0340813994 0.289579868
    0.754910052 0.44675386 0.602578521 0.317937791 0.399102807
    0.770294905 0.684174538 0.715747118 0.559520364 0.772599101
    0.75184834 0.887353241 0.699384689 0.533814967 0.0678888559
    0.456560344 0.963726997 0.0126213729 0.370516568 0.328841209
    0.541846931 0.467509031 0.668725014 0.701429009 0.31487906
    0.0870065093 0.0664443672 0.319598854 0.708438754 0.0981186926
    0.419659048 0.0250242054 0.721640825 0.127664506 0.982174218
    0.907454371 0.620543659 0.290927529 0.188040674 0.95397675
    0.334811389 0.601806223 0.268390775 0.621281028 0.702740252
    0.359469533 0.173523813 0.575982869 0.319396436 0.638909817
    0.380735457 0.476068139 0.24050197 0.850218236 0.891909122
    0.41779533 0.470714867 0.859068394 0.201037675 0.665352643
    0.988331437 0.810552835 0.427685797 0.840342522 0.813613653
    0.0568132699 0.635016084 0.168922395 0.0775827467 0.888826132
    0.00753641129 0.443317264 0.569560647 0.164614826 0.852813363
    0.108577251 0.809315324 0.405253589 0.348736703 0.554353297
    0.550867796 0.886426449 0.376411676 0.688763499 0.437465429
    0.628863573 0.685528219 0.177247643 0.498956829 0.880120158
    0.947554946 0.409603953 0.88069737 0.819482028 0.585976541
    0.69701761 0.286572456 0.301495701 0.884664297 0.394945681
    0.717817962 0.118546188 0.370743394 0.965469956 0.484672159
    0.895904541 0.0342183709 0.0804869533 0.641284943 0.736692667
    0.0662437677 0.299982876 0.573422968 0.181472361 0.746036649
    0.143002421 0.572761774 0.710749567 0.706926405 0.902430296
    0.395918936 0.419625163 0.70380038 0.12708199 0.455986112 0.86809659
    0.0227613747 0.231641293 0.710652232 0.855529487 0.690220118
    0.23629868 0.593613386 0.729096115 0.254942089 0.507055581
    0.00569063425 0.218243301 0.226826161 0.893431842 0.955396295
    0.402674615 0.873784304 0.522878647 0.885120273 0.996256113
    0.155569971 0.072243154 0.769706964 0.386171043 0.537439048
    0.914525867 0.0397906303 0.942680478 0.0978634357 0.519466341
    0.965037882 0.130828768 0.312238753 0.801794231 0.281956583
    0.110771596 0.650210381 0.399329871 0.587889731 0.493172795
    0.419865191 0.660377741 0.848692179 0.11605829 0.557215154
    0.191470921 0.667359233 0.508724034 0.576478899 0.848245144
    0.68794769 0.110874444 0.983448148 0.799364924 0.0872578919
    0.444806486 0.0872303545 0.737773478 0.499897242 0.982078195
    0.528228343 0.220100641 0.959549904 0.384363413 0.426030904
    0.55804956 0.715313673 0.12844947 0.113804191 0.968462706
    0.724462867 0.177543849 0.102443635 0.455632329 0.244157583
    0.600400507 0.390411615 0.350376368 0.207135081 0.631939769
    0.112882107 0.401555717 0.320522606 0.810847402 0.689444423
    0.831657231 0.828615427 0.00218117237 0.25150454 0.83502543
    0.188500226 0.0024150908 0.779087007 0.977223098 0.317473531
    0.861821413 0.160740256 0.334471464 0.0745798945 0.622321725
    0.788356066 0.291531116 0.935108542 0.417137861 0.488391399
    0.392580271 0.343110472 0.943201423 0.520635605 0.627438784
    0.259330928 0.968500376 0.197835982 0.849070907 0.825008273
    0.766556621 0.993950486 0.763339996 0.848274887 0.668294132
    0.646499991 0.0463006794 0.556760073 0.237953514 0.5734635
    0.736964226 0.814153373 0.230178118 0.211471528 0.703852832
    0.816266418 0.00810295343 0.46448189 0.159526795 0.295440406
    0.0521354675 0.394946605 0.56734848 0.44108656 0.61702472
    0.222550631 0.50733459 0.104642898 0.0528880656 0.927142978
    0.288326263 0.0255651474 0.52050823 0.969171941 0.971992016
    0.0992385447 0.67533195 0.393337309 0.869872689 0.69977951
    0.681106746 0.272351682 0.519119263 0.662967086 0.0681055784
    0.569962621 0.643982649 0.448052853 0.734405935 0.815160871
    0.161997467 0.138567269 0.936195374 0.187939763 0.293647945
    0.434252799 0.432892382 0.56727016 0.186191112 0.461138636
    0.833219945 0.405074656 0.575280905 0.590429306 0.155273646
    0.559870541 0.849712372 0.085093379 0.631106019 0.250000149
    0.47360301 0.668202937 0.841252327 0.976246834 0.3991023 0.517341435
    0.445609897 0.455485553 0.305280209 0.626258731 0.904140115
    0.265835226 0.185981482 0.311883271 0.865377784 0.932923675
    0.130028486 0.629318595 0.51486814 0.0551821887 0.693980336
    0.780909896 0.820086598 0.706123888 0.103777915 0.972773552
    0.70094645 0.99991405 0.130353421 0.604937375 0.738063753
    0.140271991 0.243118346 0.237432569 0.988600254 0.700312436
    0.631573558 0.697217584 0.163909972 0.0754910111 0.225974739
    0.20726034 0.943322301 0.444929361 0.837529719 0.683756828
    0.294801354 0.168677092 0.244239956 0.874924004 0.365550995
    0.777351141 0.147568047 0.379787982 0.372555673 0.252784908
    0.539548874 0.379297465 0.693920851 0.952499747 0.964334488
    0.991173446 0.945567548 0.960689545 0.0794955194 0.0926758051
    0.178221881 0.967331827 0.307678342 0.505079269 0.704827189
    0.757926822 0.671606183 0.619054735 0.954739273 0.213694811
    0.0440986753 0.650809944 0.44927603 0.965003967 0.512655973
    0.560679615 0.0959023535 0.848120093 0.993642509 0.0442820787
    0.5608325 0.687884748 0.664149165 0.370723665 0.537306786
    0.616875947 0.842290878 0.8649652 0.920705318 0.705406547
    0.580413222 0.27534616 0.69328481 0.930311918 0.0460139215
    0.299653769 0.736763597 0.413815022 0.664320946 0.336401224
    0.202324152 0.462099522 0.305491567 0.21592328 0.532537043
    0.466740072 0.126331896 0.0886583328 0.154378384 0.198116779
    0.528601885 0.834137917 0.318435669 0.895543814 0.0346500278
    0.447949499 0.219137758 0.764911652 0.365961254 0.784906268
    0.00527793169 0.524468184 0.749528885 0.375362456 0.390419036
    0.0807704031 0.65314436 0.203878671 0.975661099 0.933092475
    0.816294193 0.31081903 0.674300015 0.0573293567 0.084692806
    0.986293077 0.138036609 0.00635510683 0.462054312 0.73238492
    0.802625895 0.0699018538 0.106696874 0.611979127 0.528906465
    0.556742191 0.423119128 0.667503476 0.904421329 0.504057884
    0.897500634 0.69401741 0.787034988 0.748081386 0.000287950039
    0.890545368 0.0292518139 0.633079052 0.142894447 0.74513185
    0.218608379 0.979870319 0.257650197 0.739767551 0.167500317
    0.667797565 0.431630433 0.987927079 0.986571014 0.568264186
    0.000840723515 0.882162869 0.167940468 0.5771963 0.206629455
    0.72312659 0.0485982299 0.297284484 0.590607285 0.658751607
    0.950432241 0.46874854 0.738999128 0.917874992 0.549968481
    0.284361839 0.0787664354 0.611751914 0.995084286 0.314630747
    0.788914442 0.131186128 0.32391274 0.515092432 0.92447859
    0.427145809 0.865811348 0.762497425 0.516977608 0.929423094
    0.591126025 0.477924496 0.584381521 0.487191647 0.515731037
    0.770338655 0.114021361 0.0733864903 0.740783751 0.650150597
    0.479450047 0.816178977 0.224238783 0.765325069 0.395559579
    0.538232148 0.343998134 0.298470974 0.0958622694 0.381004393
    0.0811716318 0.699672461 0.915610433 0.499283433 0.984141827
    0.348366141 0.361960232 0.195774287 0.397146285 0.506012499
    0.451024771 0.460111141 0.0849352479 0.751671851 0.0319261849
    0.373814851 0.0878463089 0.420655489 0.0173061788 0.0990212858
    0.956909895 0.768409312 0.213037938 0.436377466 0.63409698
    0.742294848 0.0799714029 0.910358548 0.565508723 0.154025227
    0.0263970196 0.453045785 0.62678802 0.630119979 0.34684673
    0.255894125 0.310199589 0.623046696 0.483294398 0.358090281
    0.260007381 0.744451046 0.129689187 0.137648165 0.291864753
    0.395370781 0.881895423 0.547039926 0.702280819 0.352717668
    0.888876319 0.420603305 0.0468814969 0.727949381 0.322696596
    0.78169328 0.12512514 0.353646159 0.123013765 0.999565721
    0.602793097 0.478824347 0.687201619 0.422717184 0.980410218
    0.472005427 0.214930147 0.585254729 0.858231008 0.287983716
    0.243541151 0.493285656 0.28934139 0.0778289735 0.407471836
    0.262224615 0.904383242 0.501809299 0.938881814 0.647775352
    0.189020574 0.47208783 0.00496974587 0.828899145 0.587519646
    0.652297616 0.641088486 0.549947977 0.537688732 0.078566879
    0.452021539 0.348446935 0.594949007 0.264785349 0.72302568
    0.822275996 0.0403388441 0.837174833 0.384560674 0.572296977
    0.788355887 0.436301619 0.842795908 0.462369382 0.595326662
    0.106803834 0.750764489 0.490855306 0.539966583 0.616453052
    0.966504097 0.724326968 0.847633362 0.204637587 0.732590854
    0.0294982493 0.23359105 0.370170414 0.485094249 0.00708094239
    0.0995937586 0.280871361 0.92215538 0.120890319 0.166358352
    0.141545862 0.985919476 0.0275502801 0.500013351 0.71534586
    0.898647964 0.956720173 0.569295585 0.0147565007 0.599607825
    0.785655558 0.726471663 0.937595367 0.987342954 0.793792367
    0.701371074 0.0340057015 0.16411227 0.531073093 0.412879735
    0.352561653 0.594424188 0.107048392 0.370905459 0.219834864
    0.554750323 0.900906682 0.701667905 0.0309145451 0.607774615
    0.310257435 0.0219607353 0.707372129 0.370194972 0.747130036
    0.848422527 0.999691188 0.693045855 0.833666325 0.939543724
    0.408748984 0.802667141 0.944617867 0.109921455 0.219315141
    0.521478891 0.255853772 0.791083574 0.791650891 0.927231193
    0.579862773 0.890877008 0.573477745 0.30677563 0.417816997
    0.695058703 0.949018002 0.274756879 0.0147164762 0.167717159
    0.568537533 0.423002243 0.431102186 0.199450433 0.291174352
    0.0809136331 0.00588065386 0.410564899 0.733672917 0.340593636
    0.0923673213 0.437103361 0.823414862 0.233684719 0.827290237
    0.785165548 0.147241354 0.386345237 0.136713624 0.158783853
    0.493517548 0.424091101 0.875749707 0.734686613 0.476907998
    0.887472868 0.766942382 0.00944197178 0.831933677 0.287825465
    0.677444518 0.28694725 0.648505151 0.68961513 0.0920741856
    0.751504004 0.118378431 0.974809647 0.783624768 0.911894202
    0.059012711 0.657067597 0.48509413 0.516867161 0.124302328
    0.975522161 0.874453545 0.392908007 0.0213061869 0.471321523
    0.295103699 0.604419351 0.3264575 0.645047188 0.285871327
    0.919483542 0.410152584 0.204596609 0.112230271 0.875747979
    0.432754755 0.488176137 0.999356508 0.922028184 0.399004996
    0.491919845 0.149674267 0.322006404 0.834958434 0.470370889
    0.66844964 0.646125913 0.134910315 0.337765008 0.894578338
    0.171797991 0.513398588 0.972309232 0.316709667 0.191087753
    0.463349581 0.767792702 0.349893987 0.82656014 0.47315681
    0.475497484 0.427067757 0.192391276 0.414423645 0.0962968171
    0.446807623 0.757163465 0.371542186 0.86203438 0.905047894
    0.000626862049 0.469018489 0.313032329 0.954241693 0.303690553
    0.969988227 0.649182737 0.638698876 0.122396082 0.0711733401
    0.294971049 0.263720632 0.401384443 0.0035380125 0.70966953
    0.616190314 0.416499764 0.898407578 0.89439863 0.245051861
    0.511412024 0.0750085115 0.836691022 0.064247638 0.959229171
    0.960419893 0.230704457 0.949425697 0.296361804 0.934291005
    0.482750237 0.99895668 0.769338369 0.584241986 0.854677618
    0.919260502 0.118451208 0.70474422 0.293602765 0.615571737
    0.156714261 0.224563092 0.740131497 0.767072797 0.742017031
    0.880578518 0.299066305 0.302922726 0.597298682 0.389789432
    0.692646384 0.341512412 0.486121178 0.811835408 0.874730825
    0.459881157 0.141663313 0.781795263 0.996683121 0.0204862058
    0.877759933 0.855745494 0.264180899 0.772368193 0.757285476
    0.961907864 0.970035076 0.330265522 0.711120605 0.332838088
    0.457119167 0.60939467 0.77728188 0.12063086 0.655696154 0.100687593
    0.136544824 0.574331999 0.0955764651 0.535448432 0.0372334123
    0.005181849 0.720129311 0.791258097 0.748022258 0.0478138626
    0.964541852 0.741537333 0.0128536224 0.0373187959 0.948928714
    0.149990618 0.990434885 0.0820807219 0.791874409 0.514056146
    0.943622112 0.345492661 0.927862287 0.669469476 0.822713792
    0.582308352 0.447249025 0.533923447 0.858103275 0.986161351
    0.111020386 0.322746813 0.943380296 0.65557611 0.889009297
    0.0926905572 0.48704496 0.653493166 0.826377928 0.563296318
    0.20358339 0.585974455 0.556730926 0.620554745 0.948122263
    0.256978869 0.964529812 0.625337124 0.596256912 0.180633664
    0.933351099 0.101130486 0.0211774707 0.454504788 0.737014949
    0.835250199 0.0471960306 0.53013432 0.550234079 0.933932185
    0.47881335 0.446995586 0.133389533 0.477009624 0.258872449
    0.153710723 0.876713395 0.0248035192 0.58983171 0.708112955
    0.160063505 0.332873762 0.0544240475 0.350396037 0.499444783
    0.491375357 0.135447681 0.714539051 0.932681978 0.763255239
    0.658306599 0.681539059 0.296658039 0.54507935 0.423019499
    0.0893242359 0.744661212 0.564375758 0.947450578 0.670260131
    0.050375551 0.910280108 0.171862662 0.998316288 0.475993186
    0.173307866 0.283742547 0.793750167 0.771988094 0.417083323
    0.831564426 0.557709515 0.431386173 0.862910748 0.530515552
    0.964048147 0.968582988 0.272339404 0.337024987 0.18988061
    0.802906871 0.296723366 0.129998714 0.971645832 0.43475756
    0.630854368 0.752676964 0.649976969 0.676633298 0.0696565509
    0.905048013 0.64061296 0.918767512 0.940578938 0.0444037616
    0.540672362 0.433980048 0.301003754 0.148810297 0.0133745372
    0.496991366 0.158762038 0.128619075 0.862160385 0.89373219
    0.498516768 0.538393021 0.000850647688 0.594230652 0.851892948
    0.0732003152 0.0332516134 0.3441284 0.799357891 0.185339957
    0.737870812 0.631117702 0.110755116 0.890086055 0.0668964386
    0.0588926375 0.674728692 0.463478327 0.760018706 0.108913422
    0.362086058 0.840021014 0.808090806 0.0489163399 0.514937282
    0.775350273 0.381423593 0.571104646 0.240660936 0.729448438
    0.990825534 0.268581539 0.942070842 0.15057838 0.0699301064
    0.415857822 0.846236467 0.187604547 0.00986212492 0.727059007
    0.170805246 0.639651179 0.942538381 0.239908695 0.0700275004
    0.270694435 0.275803626 0.580699384 0.0381614268 0.740239024
    0.995800972 0.15681535 0.652431726 0.335936606 0.565661311
    0.255067885 0.00836384296 0.868911743 0.559662998 0.348293245
    0.702163935 0.546753168 0.031293869 0.519051552 0.577933669
    0.547013164 0.175667584 0.878469169 0.378183275 0.937957168
    0.220741242 0.188416928 0.528871298 0.483703524 0.523758769
    0.0361266732 0.404936671 0.567882061 0.737886071 0.752340138
    0.297844827 0.279869974 0.350303471 0.977575064 0.222315192
    0.514522195 0.626520693 0.729223073 0.474119127 0.235831857
    0.506690681 0.757215619 0.11357221 0.989840329 0.278743863
    0.686271369 0.763133407 0.291202664 0.876492143 0.893076539
    0.244784772 0.234538913 0.29660514 0.998146772 0.220727146
    0.291861653 0.811787367 0.0588570535 0.78887701 0.412847251
    0.717749715 0.327394962 0.0522314608 0.374760389 0.051486522
    0.398246855 0.630049765 0.778351367 0.736875057 0.0190985501
    0.831774414 0.938982368 0.891309142 0.327600747 0.896319628
    0.597232044 0.290939271 0.366236776 0.879910946 0.728761911
    0.150291115 0.0154710412 0.965483189 0.502805054 0.488699704
    0.970078349 0.604313612 0.577032447 0.662911594 0.0878983736
    0.28743124 0.599522412 0.959611297 0.722841322 0.258888394
    0.35388124 0.111544281 0.758915424 0.0775596201 0.693721414
    0.808953404 0.732645571 0.0380038321 0.432032883 0.0834699869
    0.790327251 0.189030826 0.470922202 0.93244195 0.665415049
    0.814848125 0.305514634 0.502242744 0.0363178849 0.700135887
    0.0909074843 0.352742344 0.895989239 0.0294927955 0.674953461
    0.0947341025 0.0523427427 0.246588081 0.826643884 0.224334836
    0.336634159 0.506718218 0.944296122 0.707572699 0.48960036
    0.633101285 0.129654974 0.511411309 0.142592698 0.522687137
    0.533137798 0.493795931 0.287336409 0.296557277 0.737365067
    0.900341868 0.295537651 0.645834804 0.868987441 0.612532079
    0.205196321 0.918958902 0.395529658 0.0564097762 0.157954901
    0.788345218 0.13784498 0.219345212 0.524492204 0.316620171
    0.00825801492 0.760224462 0.156223625 0.629183292 0.86933744
    0.896139622 0.0540733635 0.263532341 0.287189424 0.721682489
    0.153598398 0.198474228 0.171897411 0.0863881409 0.755727053
    0.350679845 0.0300934017 0.379861444 0.372529328 0.781846166
    0.397311211 0.28679055 0.0902883112 0.377283871 0.24066782
    0.501928568 0.361129999 0.666424453 0.301528603 0.930286825
    0.788491786 0.777683139 0.629185498 0.692591131 0.194601387
    0.771199703 0.252387047 0.0122255683 0.217009962 0.0946990848
    0.231197804 0.386147976 0.739877105 0.695533872 0.353819191
    0.323955268 0.820418239 0.568302691 0.975560069 0.775756299
    0.0299378932 0.368085235 0.897114396 0.0516988635 0.605801642
    0.356423914 0.904401064 0.114904672 0.735263526 0.549165487
    0.402123362 0.596841991 0.244551212 0.0712766349 0.635300219
    0.36574316 0.489616156 0.583828568 0.77075392 0.851515293 0.26656273
    0.0337668061 0.00932389498 0.583904266 0.430202544 0.432083189
    0.745878994 0.229961872 0.440103322 0.312472939 0.761254072
    0.936794639 0.276672184 0.144498408 0.935685635 0.404811203
    0.47133708 0.0200139582 0.381528556 0.720241308 0.374321014
    0.780083537 0.619333386 0.246415764 0.822384596 0.164645255
    0.681345224 0.176626623 0.698758006 0.799209833 0.843223631
    0.719041109 0.959591091 0.718292534 0.947422624 0.485481977
    0.20687449 0.476972133 0.100080192 0.865288734 0.865612864
    0.452858746 0.66685015 0.272343874 0.401486725 0.720325351
    0.45544365 0.625848591 0.648052335 0.869138181 0.258544564
    0.218786776 0.68119818 0.755745411 0.855360627 0.174891055
    0.77298826 0.539452374 0.282516897 0.981666088 0.160708308
    0.703474402 0.0542174876 0.633427918 0.584006906 0.596862435
    0.741103053 0.97125423 0.480050445 0.251047254 0.763303578
    0.625915825 0.303553313 0.239678085 0.436495811 0.0379961729
    0.114965826 0.725811481 0.934406281 0.341904819 0.523690999
    0.644320607 0.723027408 0.00479710102 0.0661517978 0.749771357
    0.0425240099 0.364612162 0.187266678 0.599060059 0.887261689
    0.715187788 0.804824591 0.849953055 0.539148688 0.965937078
    0.914114475 0.791335344 0.947957754 0.36465618 0.558823109
    0.437109798 0.288958728 0.916950285 0.801729918 0.855346918
    0.363192737 0.873536468 0.33548373 0.264890105 0.394215584
    0.811241031 0.368729234 0.597782969 0.517166138 0.645383716
    0.782890141 0.404990852 0.395228446 0.193457752 0.777204573
    0.243209153 0.415021539 0.93155694 0.235238642 0.965346098
    0.0670709014 0.385081321 0.169700831 0.527127683 0.218916923
    0.55614084 0.733853221 0.394599736 0.929263413 0.471192658
    0.76344806 0.852803648 0.847145438 0.344790101 0.373133123
    0.894627869 0.597753644 0.231771588 0.867802382 0.110412717
    0.178169936 0.651045501 0.416273594 0.0633880496 0.1721012
    0.576669812 0.72499305 0.912682295 0.561806142 0.369757056
    0.0882245004 0.166735113 0.252478838 0.252521217 0.869995356
    0.64838773 0.0795472562 0.801790416 0.692782819 0.720116138
    0.0697820187 0.278134644 0.0230479836 0.482007861 0.55951643
    0.540460229 0.100427598 0.729005933 0.879835904 0.98249948
    0.93894732 0.62343955 0.0593373477 0.92751354 0.958150625
    0.355398148 0.362295598 0.442783833 0.820850253 0.54231751
    0.790501356 0.102072418 0.966298461 0.0253509879 0.472072721
    0.924980164 0.737621069 0.552444041 0.974803329 0.0149778426
    0.14076677 0.545356631 0.101204515 0.230866134 0.0172456503
    0.925042391 0.310291797 0.0133181214 0.599645853 0.0274386406
    0.723393381 0.549674273 0.525316 0.424461126 0.0691658258
    0.159108669 0.265418053 0.475017846 0.1724163 0.516864479
    0.980362058 0.139770299 0.657620668 0.999038815 0.744212508
    0.0800087452 0.523257554 0.718864501 0.966852605 0.725295186
    0.126074135 0.0575678349 0.978276014 0.49763003 0.728081942
    0.378017008 0.279099941 0.587203681 0.837767363 0.960153818
    0.135459095 0.160177797 0.955096066 0.933377028 0.896750093
    0.0599612594 0.665755749 0.161650985 0.303292543 0.274815351
    0.895340919 0.177999973 0.00258153677 0.569166243 0.361440539
    0.813397408 0.371777117 0.00295349956 0.331546426 0.772429466
    0.118253857 0.591570497 0.597695529 0.100426197 0.632680595
    0.916156054 0.917996526 0.617233694 0.700520515 0.481364489
    0.354485422 0.264535427 0.704176486 0.940066159 0.937724411
    0.836597443 0.432918519 0.533544004 0.531094432 0.472264022
    0.285911739 0.627431989 0.0193999112 0.917178988 0.387274057
    0.522834837 0.211045355 0.248077661 0.057946682 0.509020686
    0.343716949 0.861273289 0.698116124 0.125038415 0.948812068
    0.188946068 0.589575708 0.55603689 0.0865261853 0.5503847
    0.805827379 0.705597579 0.25491029 0.899823189 0.932357669
    0.753254652 0.249164224 0.0858196914 0.57417345 0.662111104
    0.358757555 0.16102913 0.894393086 0.623872578 0.807649434
    0.56813705 0.41673857 0.821208715 0.364386886 0.120068789
    0.582736254 0.499623954 0.593248844 0.846457124 0.753617346
    0.780182898 0.445133358 0.412826538 0.131045997 0.172381282
    0.321047306 0.374925673 0.373639286 0.645121276 0.106600732
    0.115411788 0.94873625 0.6816715 0.846708059 0.70450139 0.286120951
    0.520105183 0.193608284 0.708498657 0.604283631 0.867588878
    0.763970435 0.247119337 0.873358965 0.432044834 0.509376824
    0.874281883 0.56937027 0.697976947 0.988542557 0.108587742
    0.398944974 0.970567584 0.613237679 0.785736084 0.951837957
    0.804581642 0.116811126 0.405776441 0.273622572 0.957092583
    0.0898746848 0.0445018709 0.486151516 0.342767388 0.941552818
    0.22719115 0.199527621 0.589119852 0.128450453 0.348791122
    0.0747180283 0.400151223 0.359369367 0.991931915 0.860239565
    0.170999616 0.905765414 0.242699236 0.491851032 0.380430788
    0.973223209 0.634551585 0.474083066 0.463486075 0.966074407
    0.745208621 0.568663061 0.044052422 0.157070786 0.386345357
    0.942947567 0.864267647 0.238164842 0.179025501 0.443039179
    0.776481509 0.574069321 0.492768854 0.327709854 0.569042027
    0.00308778882 0.314257264 0.731255829 0.611541271 0.290371805
    0.391478747 0.469874829 0.33609277 0.506652594 0.389933288
    0.50349474 0.694429576 0.895461857 0.00433057547 0.0455940366
    0.301947027 0.303807676 0.457246244 0.962227225 0.563144863
    0.170431942 0.185039639 0.327438325 0.912532032 0.873322368
    0.867496669 0.679822743 0.679554939 0.255388498 0.227516025
    0.406502604 0.255105734 0.355055749 0.678541899 0.703010082
    0.290391922 0.381300032 0.0290525258 0.000173389912 0.448627532
    0.786382794 0.427226722 0.673274517 0.697467327 0.309101939
    0.374177456 0.236813158 0.430844694 0.123183519 0.766842008
    0.810331464 0.279623419 0.689225852 0.413013995 0.236111403
    0.0491737127 0.269269049 0.30096215 0.129202366 0.819322944
    0.154337317 0.671562314 0.617463052 0.90967685 0.864664197
    0.737060189 0.015747726 0.0378674269 0.790051699 0.496665657
    0.632319331 0.441558212 0.371133804 0.0286596119 0.323468328
    0.757567644 0.930774093 0.280187935 0.963504076 0.643595636
    0.891708255 0.399692357 0.0556352437 0.720492125 0.315776289
    0.972608566 0.298391044 0.669848323 0.413428754 0.56881839
    0.919628203 0.557879329 0.610221028 0.456926435 0.8843261
    0.690982282 0.543678641 0.57455802 0.742859244 0.074845612
    0.994031131 0.980963945 0.192651749 0.926018536 0.842699051
    0.638416231 0.0435001254 0.00727570057 0.236742377 0.892742515
    0.593271792 0.406172454 0.275956124 0.78475374 0.603724897
    0.379777908 0.213925362 0.828213751 0.822903931 0.628373742
    0.818391383 0.574106932 0.739856958 0.399301887 0.484855562
    0.713890612 0.941811085 0.490344763 0.98602128 0.425147116
    0.231757998 0.244487077 0.717596054 0.142693996 0.677346349
    0.615380108 0.536097288 0.633175552 0.874899745 0.118233442
    0.0988841653 0.228244394 0.95780921 0.337496519 0.812232912
    0.314293385 0.775819063 0.112050831 0.621245205 0.834069729
    0.998781741 0.0866153538 0.608730912 0.999582052 0.729187131
    0.0725074708 0.055627197 0.309655607 0.812198997 0.581098735
    0.297603488 0.0801207125 0.911270738 0.272110045 0.675896049
    0.593549073 0.842215776 0.193198085 0.548567951 0.183781117
    0.910942554 0.307960391 0.450876117 0.58718574 0.83530122
    0.699673295 0.264118552 0.472142339 0.300555557 0.68166393
    0.192277491 0.497569144 0.916949391 0.986452818 0.922079265
    0.762973487 0.312869638 0.068429023 0.6468364 0.190628201
    0.597776115 0.53343761 0.38164866 0.534464478 0.0645084977
    0.00512573123 0.868765116 0.784756005 0.587570667 0.195280939
    0.127050638 0.600854874 0.887967944 0.463701963 0.5553388
    0.741887569 0.149147242 0.544789314 0.407934546 0.176560014
    0.767363608 0.777620792 0.524389803 0.655022383 0.291133463
    0.938227892 0.939780593 0.16317597 0.268865496 0.699260771
    0.829553545 0.412881196 0.889353871 0.566485941 0.345199585
    0.937782049 0.695083022 0.266087174 0.546210289 0.877968431
    0.216511369 0.0524614453 0.499582678 0.247864008 0.768130124
    0.136810958 0.989048123 0.716784298 0.580591679 0.77040112
    0.702547789 0.534064114 0.664702773 0.462347209 0.676304936
    0.135445863 0.703307033 0.423867822 0.552318573 0.435821712
    0.962623656 0.847523808 0.972393155 0.36536783 0.3761518 0.746294796
    0.467300355 0.24425748 0.596970677 0.214342535 0.0253196359
    0.503343701 0.605709553 0.914279461 0.45317629 0.255462825
    0.591692269 0.163068354 0.488211155 0.99377507 0.125786752
    0.823683739 0.910752118 0.161725372 0.85536325 0.345403314
    0.804230869 0.979838848 0.0625047684 0.824000061 0.76313597
    0.855787575 0.141827464 0.858477652 0.658646345 0.365115225
    0.753677964 0.641139746 0.925646901 0.154474467 0.603874147
    0.0749163032 0.638540328 0.902688086 0.920925796 0.0620586574
    0.778813481 0.477717638 0.544198632 0.503759205 0.10453248
    0.968212605 0.674185514 0.741511703 0.0465037823 0.96780479
    0.319699705 0.196327686 0.243138224 0.171542704 0.1466856
    0.878334224 0.0759313107 0.3400428 0.182298541 0.391130954
    0.560481787 0.450387716 0.413880527 0.291159928 0.27693215
    0.931332111 0.614580691 0.0559993386 0.90833354 0.0167979896
    0.098313272 0.0533716381 0.588681519 0.46252501 0.602544069
    0.642187834 0.178286582 0.911332488 0.287070513 0.650503099
    0.983573556 0.861545324 0.872186363 0.892693639 0.361107707
    0.0480902791 0.735575736 0.346335292 0.542817533 0.091401726
    0.94822681 0.13581261 0.752896309 0.809108138 0.483007908
    0.939387083 0.881672859 0.763239741 0.261166036 0.723945022
    0.812524021 0.808661461 0.316981614 0.21724984 0.784896374
    0.309746265 0.975123465 0.396029115 0.42949146 0.930978298
    0.82802701 0.800830603 0.723690212 0.402660102 0.267773002
    0.822330236 0.942996144 0.148333967 0.476879418 0.0465371907
    0.463487089 0.365748286 0.283922404 0.522692442 0.521993697
    0.477530241 0.339949906 0.103355259 0.0931355953 0.0739862919
    0.308739394 0.710366964 0.349838018 0.299425215 0.619759262
    0.888849258 0.480218709 0.584584117 0.0697492361 0.933024883
    0.612033069 0.0479761362 0.968809605 0.415364265 0.333456874
    0.165132195 0.773732305 0.533527792 0.0587947071 0.251036286
    0.220117807 0.0898271501 0.624625385 0.0944704115 0.59983623
    0.838603258 0.541205823 0.272583127 0.742022336 0.528085947
    0.852726519 0.458343416 0.916873097 0.286603361 0.111851364
    0.899550796 0.147419363 0.211760342 0.576496243 0.0978441536
    0.216246396 0.205358714 0.224584758 0.305847704 0.757716894
    0.395036578 0.253521621 0.718471885 0.640524507 0.354640722
    0.58523345 0.870615125 0.664989352 0.330610335 0.415697664
    0.147204161 0.370485187 0.668703318 0.539033413 0.00901299715
    0.961378396 0.925596654 0.281790495 0.642980218 0.406535327
    0.926225662 0.0211176574 0.631616235 0.570683599 0.253053427
    0.770761728 0.783307314 0.725709796 0.258616745 0.565254509
    0.367711633 0.973382473 0.372097671 0.381922007 0.409860522
    0.176049531 0.762822211 0.744736373 0.962816 0.956329882
    0.0739431381 0.36432296 0.898336291 0.91623497 0.336357623
    0.688973784 0.52632153 0.802060604 0.396204472 0.414655417
    0.257930696 0.573389351 0.251233876 0.103629321 0.313711584
    0.46019721 0.734945953 0.703303993 0.618286788 0.235433757
    0.893591404 0.740336418 0.530300736 0.202339053 0.792295456
    0.435601622 0.428135425 0.194627583 0.760426402 0.610240638
    0.266787589 0.0705623925 0.0305127501 0.770908356 0.00749760866
    0.440965295 0.74444747 0.542388916 0.13117522 0.863992214
    0.301380694 0.0844923556 0.404985785 0.638603866 0.0485249162
    0.540081799 0.925041437 0.0419870913 0.320351094 0.128287852
    0.441452593 0.764307976 0.683025539 0.113533437 0.941047013
    0.799541235 0.547804296 0.0599205494 0.273750663 0.389668226
    0.784017086 0.136250615 0.239884257 0.133513778 0.589083254
    0.974420905 0.14449954 0.648573935 0.651673436 0.967459738
    0.460828424 0.689188659 0.568425238 0.865552843 0.429768771
    0.153737724 0.875041306 0.505132914 0.672180057 0.650980175
    0.792825997 0.743230581 0.47176671 0.175629526 0.528033733
    0.399531811 0.353702664 0.481344253 0.624509096 0.39483881
    0.0266475677 0.0694152117 0.0862990022 0.0286749899 0.777926445
    0.916674376 0.264583766 0.420361906 0.489967346 0.311270893
    0.451103777 0.198436528 0.789686799 0.787825763 0.480157703
    0.670596361 0.852323055 0.0161032975 0.0849836469 0.802304864
    0.295332015 0.345919728 0.509917974 0.915380359 0.227662921
    0.785758197 0.800771952 0.79782021 0.0976026058 0.890611529
    0.148832172 0.243502527 0.638452649 0.264558613 0.237310648
    0.655899763 0.697284222 0.738642216 0.448666304 0.690650403
    0.69635129 0.989536285 0.932073593 0.23883912 0.791433096
    0.487742931 0.512016654 0.922942936 0.2812289 0.251505971
    0.470765382 0.363330245 0.636413217 0.723579526 0.771906793
    0.313703686 0.178112507 0.796270669 0.689858198 0.664921165
    0.537195027 0.0365291238 0.0939479768 0.0748487115 0.754368663
    0.634290576 0.0279884636 0.51645416 0.93471235 0.77542454
    0.427409232 0.0396983624 0.754536152 0.315604448 0.945185542
    0.558100104 0.76179564 0.187586904 0.84822011 0.227901757 0.11599347
    0.171351433 0.248410821 0.614404678 0.97670275 0.718505442
    0.621602654 0.610633612 0.348111749 0.616111398 0.0242683887
    0.429915786 0.388689488 0.470549047 0.904983163 0.362617016
    0.578514397 0.358262807 0.530778766 0.744795501 0.63580668
    0.405459493 0.0749248564 0.917549074 0.699221313 0.451921523
    0.469840825 0.953039527 0.363113046 0.832253933 0.948364854
    0.643113375 0.563140631 0.489669532 0.898503959 0.553226829
    0.169764966 0.566031098 0.630818248 0.766793132 0.388988197
    0.820926666 0.587274671 0.109954655 0.0909196138 0.472207665
    0.808468938 0.0741876364 0.170391619 0.631424546 0.900387168
    0.831496239 0.739352643 0.783073545 0.774278343 0.622880101
    0.63985157 0.315347612 0.783043504 0.659723103 0.394806921
    0.105610162 0.530732989 0.978457689 0.231776357 0.256686628
    0.564887881 0.560340464 0.968795776 0.834593296 0.505135059
    0.0642144978 0.150381386 0.825014591 0.123840094 0.218288839
    0.359510064 0.22653389 0.383993775 0.463556617 0.9494735 0.433120489
    0.349601746 0.860938549 0.453153729 0.029012084 0.313479602
    0.374197066 0.249518037 0.320959061 0.839623451 0.459071457
    0.608136833 0.206177056 0.855396032 0.390879184 0.449614495
    0.496150494 0.919358253 0.203647971 0.969640136 0.630015731
    0.738026023 0.489877254 0.607339084 0.92712152 0.414986163
    0.913088441 0.985181212 0.0287945569 0.619030893 0.0747564435
    0.0639148057 0.744983196 0.798267245 0.810875654 0.395676553
    0.810645223 0.670290709 0.0299090445 0.0905634463 0.193836421
    0.576681316 0.593058467 0.620016336 0.00095769763 0.796528339
    0.853771329 0.772125483 0.6576401 0.00169187784 0.313507199
    0.504278839 0.347504616 0.52791971 0.475946128 0.568149626
    0.0651794076 0.383453488 0.681896567 0.252224535 0.801739395
    0.425855249 0.118201315 0.961431026 0.729900479 0.887889981
    0.485292077 0.49170202 0.0891221762 0.218448967 0.306609035
    0.0169911981 0.3988536 0.153253376 0.472660929 0.418822378
    0.818547606 0.861664295 0.200876325 0.704054475 0.211998045
    0.867040038 0.0440274775 0.186459422 0.124205142 0.327563465
    0.153072476 0.316801488 0.861057341 0.62616694 0.317810416
    0.317775726 0.00418296456 0.626149535 0.367931247 0.543575168
    0.208424687 0.090516448 0.616290629 0.290988564 0.763688087
    0.995234966 0.829943776 0.0717660487 0.407138109 0.430947185
    0.379536241 0.403254032 0.828997135 0.61301589 0.461787701
    0.904791832 0.0872698426 0.648749709 0.0208096206 0.135089874
    0.458981067 0.402392268 0.368549585 0.0410784781 0.0786275566
    0.8209939 0.396339476 0.740784943 0.337378591 0.379573137
    0.216599464 0.892692447 0.798214674 0.0483850539 0.752375126
    0.879819274 0.193917036 0.379834801 0.244980574 0.239616781
    0.747604072 0.679828644 0.745077491 0.407410443 0.270495951
    0.0145276189 0.53706938 0.0622219443 0.56964004 0.964929461
    0.423323929 0.593734503 0.776546478 0.338404834 0.311829925
    0.92421937 0.489560485 0.0447187722 0.271599114 0.76149559
    0.0167951882 0.620648682 0.135156453 0.464656413 0.0560906529
    0.4860982 0.750899613 0.362154305 0.785884261 0.859959841
    0.990700424 0.576793551 0.542705595 0.0718278885 0.444045484
    0.744911492 0.814255357 0.315944433 0.0995609164 0.637241244
    0.466529429 0.192582697 0.819071531 0.847666025 0.0439322591
    0.620074332 0.661973417 0.192198575 0.681786001 0.215126663
    0.203489423 0.777988017 0.104387343 0.770286322 0.258744091
    0.857418001 0.459261149 0.144340426 0.168225378 0.412119746
    0.581138015 0.536222219 0.642548561 0.71074456 0.646011114
    0.808241844 0.719731927 0.486865431 0.837445796 0.429073513
    0.728377938 0.765048921 0.336947471 0.810160637 0.133394599
    0.331176698 0.582024038 0.710540414 0.444787145 0.373441547
    0.37557593 0.822907031 0.367061436 0.708983898 0.643641353
    0.222790509 0.505191863 0.318008244 0.669571757 0.665204406
    0.283061266 0.934007823 0.223128557 0.956531882 0.366083324
    0.550219059 0.0419477522 0.295339316 0.788114905 0.493861318
    0.459400088 0.685756385 0.331254601 0.0421809554 0.686021924
    0.729574382 0.611325443 0.586688459 0.680240035 0.52622503
    0.498527646 0.125655442 0.687996626 0.0848490298 0.448679209
    0.937011838 0.759531558 0.402851224 0.824561715 0.546649277
    0.268361986 0.761948347 0.360058904 0.0333689749 0.612723827
    0.551057339 0.840961456 0.0356063545 0.000715643167 0.130007446
    0.0798606873 0.816350818 0.169063568 0.341727257 0.0748146176
    0.637148917 0.876164079 0.412148446 0.851487458 0.346527576
    0.0331601799 0.0859883726 0.268461645 0.0361923277 0.438663334
    0.903750896 0.433467805 0.705725253 0.536209404 0.529630899
    0.935927033 0.271558821 0.36722526 0.565167546 0.795429945
    0.957198858 0.951732397 0.189911783 0.560614526 0.518104196
    0.688175559 0.386520267 0.357570171 0.172888398 0.497542381
    0.237657338 0.741667449 0.464225322 0.752472103 0.350997537
    0.669890463 0.311177135 0.749958098 0.902685821 0.103837699
    0.632963061 0.0165709555 0.552551687 0.999254704 0.0435536504
    0.374003708 0.121317327 0.960640669 0.609530628 0.204564959
    0.885895669 0.752307296 0.134838372 0.340610147 0.0666243434
    0.026353389 0.334103793 0.259918123 0.328433901 0.761843443
    0.213619083 0.729844511 0.176468134 0.455699801 0.665327728
    0.582320511 0.924502015 0.526541114 0.81347537 0.186526358
    0.777979374 0.824495673 0.444319457 0.13610363 0.22778222
    0.972809911 0.290862322 0.102712631 0.703903556 0.541754901
    0.470583588 0.963114679 0.559427977 0.471047401 0.506985068
    0.631019592 0.485175669 0.973607183 0.473537982 0.323059618
    0.75339371 0.834843159 0.833650649 0.567939341 0.711652696
    0.233671874 0.420607924 0.0558131039 0.56237489 0.244653314
    0.275340885 0.455988795 0.547765553 0.36225605 0.0116557181
    0.701260865 0.243995816 0.535216808 0.928361952 0.101252675
    0.728319049 0.629748583 0.19479984 0.262409031 0.939330816
    0.746969581 0.570534468 0.0107056201 0.444132745 0.967331052
    0.380294085 0.157302588 0.738298655 0.848471761 0.875554919
    0.427428335 0.343442023 0.0985895097 0.564232409 0.162775189
    0.371623158 0.443677157 0.838272929 0.216272682 0.206000179
    0.100002229 0.00777193904 0.785909176 0.8624354 0.375443578
    0.0656384826 0.401446491 0.0238016844 0.445251465 0.762832999
    0.460227132 0.135716826 0.0770016909 0.352158636 0.0574559569
    0.805718243 0.282855213 0.129513472 0.84143889 0.880037904
    0.163524538 0.840712726 0.587985575 0.551828325 0.314664483
    0.020303309 0.0468797684 0.675370693 0.0421940982 0.436251104
    0.940242648 0.499767482 0.0199378431 0.944343269 0.243143439
    0.86516875 0.940943956 0.628068805 0.217468321 0.10719341
    0.245215088 0.845196009 0.80156064 0.862210274 0.217614532
    0.225369543 0.0444580317 0.562652707 0.955660224 0.568886578
    0.37374562 0.165456176 0.154119253 0.931797564 0.986776888
    0.0758339465 0.981821418 0.377586186 0.411833107 0.0518765152
    0.938785255 0.608233571 0.172166049 0.49921909 0.48778969
    0.837473333 0.249426752 0.925926089 0.948625803 0.562119186
    0.0035841465 0.905456901 0.175556421 0.807525516 0.479796708
    0.463898271 0.585918665 0.472870052 0.529458523 0.0418702662
    0.176771909 0.827732742 0.283023596 0.241214424 0.799987674
    0.217713743 0.758407116 0.241969019 0.820051312 0.236634493
    0.301265359 0.72458452 0.985138893 0.986575365 0.459026158
    0.815797925 0.508814871 0.130288631 0.618718386 0.0698521435
    0.576562881 0.271117151 0.808363438 0.948835969 0.993094683
    0.886557341 0.849915981 0.577834725 0.600016236 0.76749289
    0.666048646 0.698355794 0.678429306 0.855891049 0.994091272
    0.630998015 0.53183794 0.22340101 0.643389761 0.550784707
    0.538898647 0.032893151 0.365679026 0.394331008 0.122781813
    0.392108709 0.576690197 0.256510854 0.381204337 0.798199415
    0.950864077 0.500617623 0.346657038 0.523188412 0.119738549
    0.488405317 0.403135687 0.0423638821 0.263026714 0.600644231
    0.837136626 0.487663776 0.312982023 0.387407184 0.691417038
    0.274795651 0.528451204 0.174451977 0.383814782 0.947522521
    0.934409022 0.650580645 0.106759906 0.834960461 0.769056439
    0.672338545 0.771705389 0.215828806 0.501814127 0.846663237
    0.275933057 0.236701578 0.756509662 0.069797188 0.692951322
    0.990196884 0.2247971 0.158942908 0.73607713 0.184339553 0.722004652
    0.0275979638 0.0844655037 0.291964412 0.852773905 0.228069991
    0.288254321 0.516747236 0.112285823 0.280720621 0.711888731
    0.986292243 0.648505926 0.524077535 0.60061264 0.131527394
    0.922674716 0.0223570466 0.59771657 0.801589251 0.103204966
    0.50836879 0.300471306 0.273599565 0.0648085475 0.0764324665
    0.172781765 0.0476543009 0.961903095 0.29914552 0.870740294
    0.411881208 0.708026409 0.800205171 0.0624510348 0.493826926
    0.767182529 0.892343402 0.542478561 0.251841605 0.836254239
    0.0873581171 0.466939211 0.640666068 0.261364698 0.571610987
    0.986006379 0.208366692 0.630868137 0.180791765 0.495488942
    0.553057969 0.832231879 0.913732231 0.680182695 0.888982058
    0.656918824 0.543150604 0.190159768 0.993760228 0.362817883
    0.217141479 0.926446319 0.379527688 0.535467803 0.692683578
    0.291773885 0.790934563 0.629031956 0.694019437 0.128965408
    0.968065619 0.61349684 0.190009505 0.75900811 0.817981064 0.58321017
    0.584666491 0.422921985 0.499562025 0.933784187 0.479805619
    0.784304857 0.545982122 0.515728533 0.426604539 0.513164103
    0.961101532 0.64946723 0.0219543874 0.455736876 0.858892798
    0.681049526 0.0906082094 0.475095868 0.180369973 0.168558687
    0.691303372 0.663249671 0.342199624 0.277634114 0.41952461
    0.272528142 0.90494895 0.920204043 0.0533032715 0.292606384
    0.439863861 0.713120699 0.0700264275 0.302969694 0.336494148
    0.930626988 0.720240116 0.443223506 0.959766746 0.807548523
    0.639421701 0.163755387 0.248306304 0.0986197889 0.405378819
    0.753794491 0.536581159 0.828520656 0.96491468 0.45403707
    0.605823159 0.983228326 0.655964673 0.913011074 0.704481483
    0.833389878 0.528517127 0.753594518 0.54564929 0.556321323
    0.644443452 0.431230545 0.297034055 0.984501302 0.0345011055
    0.953770757 0.46516186 0.147019595 0.770239294 0.456577986
    0.359169602 0.0774746537 0.042373836 0.0233761668 0.353015065
    0.352681518 0.439008713 0.685755014 0.52171123 0.776803493
    0.213053972 0.172052324 0.685731173 0.376273453 0.87293452
    0.207570642 0.785844445 0.883309603 0.601116121 0.0872071385
    0.813280106 0.211615533 0.665927529 0.511213303 0.903609157
    0.00471043587 0.556754947 0.326219082 0.209244311 0.0294107795
    0.730534196 0.705797911 0.501983941 0.383614123 0.582554042
    0.25143379 0.551293671 0.729495645 0.483361751 0.769067049
    0.893602848 0.466856062 0.70806843 0.837639809 0.539848447
    0.320156395 0.265028179 0.107670516 0.336134732 0.441701531
    0.207129508 0.720848978 0.508886158 0.535144567 0.116290957
    0.144545019 0.647503614 0.588365614 0.305713892 0.391417623
    0.354547828 0.176781803 0.0530048311 0.0249432325 0.23700574
    0.102496296 0.0300187767 0.0792138278 0.253384113 0.520666957
    0.44165346 0.117963105 0.786897123 0.354046732 0.30939585 0.13265869
    0.608497143 0.75518918 0.0767548084 0.736495256 0.997587204
    0.133209497 0.603984356 0.812640786 0.934830308 0.557394564
    0.216498643 0.877935171 0.0327019691 0.229642272 0.00118196011
    0.639320493 0.91294992 0.61402756 0.415501773 0.759833634
    0.397044599 0.0325945914 0.612787366 0.856586874 0.834205627
    0.462155849 0.997114956 0.700690269 0.692235589 0.999493182
    0.876760006 0.223116249 0.892391086 0.463590264 0.213475078
    0.287590563 0.20530951 0.229647398 0.249942183 0.107443184
    0.259660423 0.860443354 0.232258707 0.673455238 0.338177115
    0.266034484 0.832797766 0.213916928 0.65670687 0.40593648
    0.616502941 0.170066506 0.655926824 0.684008837 0.231418073
    0.405723363 0.739119053 0.00833535194 0.224725187 0.5319888
    0.910609126 0.361078084 0.0953077376 0.941096902 0.755346835
    0.496782601 0.672154129 0.902436197 0.936992586 0.373221725
    0.685092986 0.97711432 0.409831703 0.493129849 0.545661032
    0.0226926804 0.615479887 0.758046508 0.346434951 0.800370097
    0.622771382 0.0929248631 0.987950563 0.00517079234 0.621154308
    0.981438994 0.0852226317 0.0852245986 0.507575393 0.296206594
    0.441664785 0.249407202 0.23749423 0.172986746 0.899013996
    0.24876669 0.916023791 0.595481157 0.280230522 0.338129997
    0.912733078 0.450253159 0.604888976 0.355769217 0.0887687504
    0.245428622 0.870784938 0.245212376 0.743597031 0.522903264
    0.564148843 0.0390684307 0.681709409 0.0463339984 0.971796572
    0.762572408 0.620272517 0.162842393 0.177274287 0.0968140066
    0.928061366 0.521092534 0.117157012 0.012773633 0.298063636
    0.523869574 0.879191995 0.844556689 0.933240056 0.302810788
    0.693330407 0.832324982 0.357143402 0.781914473 0.0528444946
    0.401642233 0.205333948 0.190724283 0.822320819 0.146382838
    0.708463192 0.323046148 0.355593085 0.418670148 0.716285467
    0.337667644 0.633577824 0.643925428 0.14809528 0.590877175
    0.696310759 0.88279748 0.0944279432 0.674582005 0.233632028
    0.76855588 0.373610437 0.397339374 0.703234911 0.229906708 0.3614856
    0.46445781 0.771293998 0.949911475 0.94912982 0.245462865
    0.197742969 0.12444064 0.95883733 0.717316568 0.692590714
    0.335517138 0.690310717 0.0599638522 0.53921181 0.0191860199
    0.0306676328 0.0606911182 0.898789644 0.119821429 0.236850411
    0.816163957 0.562251449 0.224379987 0.428362757 0.567790627
    0.453399092 0.618244112 0.282646179 0.477304727 0.991633058
    0.997442842 0.922987461 0.923508644 0.028259784 0.137650043
    0.59938705 0.837266326 0.361024618 0.742170155 0.825579226
    0.106802702 0.935103655 0.237892061 0.325183272 0.897132993
    0.687472463 0.00321882963 0.909750581 0.861195564 0.0975876749
    0.350982845 0.301705897 0.0957545638 0.932352543 0.984339833
    0.309347004 0.2542184 0.440927446 0.484669566 0.0410574973
    0.459577799 0.935781121 0.825743318 0.704753101 0.902230978
    0.498327762 0.632881224 0.80022192 0.352593929 0.683396578
    0.78132081 0.496299952 0.323119611 0.56657356 0.415358365
    0.580588341 0.458139837 0.292660475 0.71564436 0.613732159
    0.883315086 0.0591196716 0.411375374 0.319946349 0.548258603
    0.749720693 0.648794532 0.0801241398 0.339701772 0.818046272
    0.237463534 0.390880674 0.586276948 0.729239404 0.0668752491
    0.666703999 0.222910434 0.981961012 0.407700419 0.399858654
    0.858381987 0.624691963 0.53562963 0.965927184 0.263187289
    0.908747494 0.319394231 0.983246088 0.22906208 0.583450735
    0.314270973 0.392596453 0.70317477 0.511024237 0.297184736
    0.461474985 0.297475457 0.529940009 0.600076854 0.807176471
    0.735750675 0.98470664 0.583510876 0.85349977 0.236406237 0.28390041
    0.728206754 0.232267588 0.952502787 0.538190961 0.425650388
    0.329557687 0.0842243433 0.682902813 0.726935506 0.699800909
    0.646664023 0.122994572 0.250747561 0.88258177 0.24353525
    0.890764534 0.376150578 0.240444809 0.66355741 0.412569284
    0.0115966499 0.375532478 0.907433867 0.404593766 0.242257744
    0.873405099 0.249928415 0.170897543 0.138349831 0.0755856633
    0.397874892 0.959820271 0.631647289 0.146029383 0.833773732
    0.0804374516 0.810985923 0.735150099 0.667855442 0.68172878
    0.642501116 0.966264367 0.457785308 0.367228121 0.146268278
    0.704185486 0.18344757 0.496075392 0.436731875 0.349388808
    0.929634094 0.463664323 0.0817930996 0.192750067 0.0228912234
    0.74190259 0.575033247 0.0888077915 0.00336691737 0.746683776
    0.762498379 0.0326975584 0.249175698 0.414432555 0.047172904
    0.0526689887 0.919155717 0.536391616 0.875623584 0.149733365
    0.195082247 0.0710586905 0.915606976 0.828106582 0.432742149
    0.770031333 0.658892155 0.0671136081 0.648279905 0.079431653
    0.48234123 0.770928502 0.232313037 0.186393797 0.844467282
    0.219369441 0.437843442 0.15193662 0.515077233 0.649394631
    0.705763817 0.427863836 0.00298562646 0.238019913 0.504329801
    0.404515445 0.164656699 0.633251369 0.497839332 0.919577718
    0.499105245 0.0448199511 0.469153702 0.835105538 0.937702715
    0.456529289 0.0466076434 0.536782324 0.352596998 0.726016343
    0.395089537 0.766219497 0.512363791 0.666265011 0.407058209
    0.244399875 0.461828947 0.313934267 0.0690113604 0.475175261
    0.149603158 0.732015312 0.980110288 0.49731496 0.344251513
    0.403544903 0.744957924 0.842282295 0.911429882 0.637936711
    0.188094616 0.555336475 0.331504524 0.00220242143 0.130798548
    0.145670742 0.356261075 0.547862649 0.217690647 0.898099959
    0.842662454 0.218500346 0.987618327 0.426429212 0.308980703
    0.904133737 0.981912732 0.294288754 0.62846452 0.195500195
    0.71103245 0.629011869 0.691142261 0.98695296 0.0555568337
    0.684763551 0.0965234637 0.196561903 0.658659875 0.229060292
    0.961008191 0.963043153 0.00122585893 0.376455307 0.620959044
    0.761648178 0.101822078 0.0889773965 0.892437577 0.49233076
    0.890681863 0.764029026 0.332084 0.298925102 0.314001024 0.227934957
    0.513250351 0.265481621 0.463836789 0.579226851 0.532819808
    0.214071125 0.645979822 0.696727514 0.678018749 0.505390406
    0.925937355 0.967900932 0.771291554 0.801780641 0.0591926575
    0.616107285 0.507941902 0.606494784 0.9567433 0.689827204
    0.731505513 0.644511759 0.688843727 0.12981993 0.204550266
    0.0240299106 0.66617614 0.181806147 0.577208996 0.506358981
    0.0737663209 0.591546535 0.532834113 0.771672964 0.318206966
    0.0196489096 0.14048174 0.626072705 0.790207386 0.688763201
    0.240651011 0.192690194 0.0950242579 0.773577273 0.261993498
    0.444358647 0.0268395245 0.770823479 0.114975005 0.778923273
    0.127511889 0.620579183 0.444281399 0.236267745 0.788915038
    0.101944149 0.210389197 0.625752985 0.948557317 0.34963879
    0.791007519 0.427190691 0.970274329 0.60989821 0.891573071
    0.344710231 0.385969698 0.837535739 0.510881782 0.498858094
    0.92489326 0.575193584 0.929939628 0.635813832 0.720884144
    0.0438050032 0.860529006 0.986697316 0.81748724 0.399530977
    0.0784084797 0.612013578 0.83112818 0.041464746 0.889586687
    0.109052479 0.242968261 0.64767313 0.235725611 0.44026798
    0.994338274 0.275997281 0.90037483 0.565047204 0.27620852
    0.605078995 0.00453349948 0.159739017 0.174357414 0.260887206
    0.221593142 0.910354137 0.559099674 0.853993297 0.321956336
    0.109157205 0.309158146 0.0502324402 0.999356091 0.368432105
    0.441833586 0.838202 0.899689436 0.443807691 0.726354897 0.938975811
    0.0996295214 0.990455747 0.240073115 0.194022894 0.989738703
    0.795946836 0.541952908 0.525492787 0.627599478 0.501530528
    0.929555774 0.136474252 0.396852195 0.764269531 0.0300957561
    0.592273295 0.536502779 0.615782678 0.665566027 0.6924932
    0.653176188 0.987845898 0.571103156 0.610315621 0.0264904201
    0.16571337 0.960931659 0.759515882 0.7601825 0.23104611 0.907122612
    0.356855273 0.449519366 0.225733191 0.148833215 0.537501335
    0.278815269 0.0916951001 0.0384657383 0.353300124 0.205621928
    0.629604697 0.425788522 0.515925229 0.0437133908 0.546517909
    0.0327447057 0.683284342 0.504887044 0.724071801 0.284007549
    0.363883018 0.62196815 0.609349787 0.154817194 0.63136673
    0.827594876 0.438192189 0.20451951 0.4990035 0.115033209 0.424051046
    0.482918859 0.340675354 0.467697173 0.857692301 0.290019155
    0.524647176 0.127115309 0.239860177 0.697236836 0.642003 0.840788007
    0.353755355 0.12714231 0.208242506 0.24550879 0.0758857727
    0.0117644668 0.847048402 0.153118551 0.552972317 0.0566221774
    0.317815959 0.248985589 0.197807401 0.15155077 0.776958704
    0.34622547 0.884268999 0.56110853 0.642218351 0.426655978
    0.621737182 0.112132996 0.188951582 0.320302963 0.662234604
    0.815618515 0.68279177 0.602370977 0.568032384 0.575437665
    0.529561102 0.636879146 0.895985961 0.806547523 0.749337792
    0.46532023 0.683758557 0.748342633 0.757693768 0.752736807
    0.825942338 0.798380494 0.279588908 0.79888612 0.57171005
    0.967473984 0.0420590341 0.372774541 0.37364924 0.328178853
    0.187447846 0.311774313 0.187695146 0.941314101 0.541392267
    0.54540354 0.414036274 0.039960742 0.123256177 0.128736109
    0.0593107343 0.771710396 0.202192336 0.486872554 0.651827037
    0.0387312174 0.970583558 0.319235206 0.491721958 0.0850658715
    0.529739916 0.67075634 0.442517996 0.528607965 0.871934772
    0.521460414 0.522843599 0.498171508 0.531957448 0.179828376
    0.754181743 0.645936191 0.75966382 0.500119269 0.361419618
    0.927946687 0.0492803454 0.846875906 0.171826988 0.958575189
    0.736729026 0.256866217 0.632734656 0.158366919 0.159476131
    0.0794644654 0.102894127 0.455361545 0.498367816 0.892909408
    0.235735089 0.228296399 0.550475836 0.441117167 0.381083995
    0.154304802 0.873254001 0.156945944 0.976178885 0.743077159
    0.771297455 0.797835827 0.729542255 0.110598236 0.502574384
    0.428483993 0.829455256 0.545551479 0.707150757 0.394884646
    0.301022559 0.440909535 0.728416443 0.997872829 0.466676354
    0.554088593 0.927778721 0.635398448 0.372426808 0.269566298
    0.269646376 0.705373824 0.800628543 0.949367404 0.718981564
    0.130454093 0.0817226768 0.837166846 0.457605362 0.600848198
    0.72369343 0.914516091 0.677762806 0.0452814996 0.787756264
    0.0212895274 0.437980741 0.741853774 0.61371237 0.792059064
    0.289466977 0.61764431 0.507190168 0.598165512 0.685251594
    0.346609771 0.106559366 0.685265601 0.600812495 0.53823638
    0.243451357 0.720414102 0.988659978 0.150384158 0.355559587
    0.912877798 0.197103024 0.513006985 0.505433202 0.756264329
    0.945420027 0.574153006 0.717923045 0.608570218 0.43284452
    0.0306521058 0.477540135 0.905346274 0.23509562 0.628780425
    0.321285605 0.167453229 0.168204814 0.829790354 0.575879037
    0.265212685 0.846436858 0.763298392 0.115885228 0.55405587
    0.803230166 0.0851694345 0.258090913 0.389399767 0.705474377
    0.538824141 0.977515101 0.195403248 0.50039649 0.424276173
    0.878872693 0.571773529 0.10371384 0.0904442966 0.546009004
    0.332358599 0.984615386 0.467850208 0.176264167 0.0804776251
    0.180933774 0.394737363 0.656041563 0.178042352 0.273905158
    0.0849735439 0.537499905 0.642438591 0.213263929 0.0472172797
    0.168538988 0.273831844 0.0364570618 0.878500223 0.365171313
    0.903249383 0.110207051 0.0629195273 0.514565408 0.559589863
    0.651632905 0.11478141 0.806473374 0.0943470299 0.990299404
    0.707894385 0.311787009 0.249874324 0.772698283 0.345779598
    0.611290455 0.202176005 0.155106962 0.99768126 0.657464266
    0.150496244 0.0788235962 0.752738118 0.0981285572 0.896148503
    0.229641557 0.989020348 0.996926963 0.900807381 0.888450921
    0.495963007 0.806312323 0.588116407 0.0746072829 0.37022242
    0.790884852 0.357316166 0.123231441 0.286076009 0.234681785
    0.181531906 0.625504255 0.177854121 0.972695231 0.180262864
    0.279002547 0.476480484 0.681332886 0.562576115 0.735981464
    0.532504618 0.183099449 0.100604594 0.0693732202 0.174559623
    0.264621854 0.76887989 0.65146035 0.98588109 0.0368134677
    0.818718255 0.775246799 0.288025856 0.556230843 0.592852056
    0.959819257 0.215755761 0.850001216 0.217099309 0.581756294
    0.207663417 0.900613725 0.294499069 0.194803476 0.222243667
    0.0238398612 0.287083149 0.949028313 0.41530633 0.946411073
    0.0844511688 0.753754437 0.0178672671 0.492976576 0.0853345394
    0.792038321 0.850152731 0.399733901 0.414970577 0.0183699727
    0.888027906 0.662352026 0.301351964 0.997606575 0.0926769674
    0.502482653 0.499812126 0.565693796 0.0262444317 0.0750507116
    0.973359644 0.588040173 0.699922502 0.59582299 0.418265045
    0.890776277 0.720115066 0.89440304 0.483770907 0.036562115
    0.183674484 0.630854011 0.0807940066 0.787786603 0.173495829
    0.680899858 0.23765859 0.724832535 0.29589957 0.873097181
    0.786356926 0.619881511 0.498977542 0.866215169 0.446648002
    0.176740468 0.125444025 0.271885216 0.737290144 0.215018809
    0.216126472 0.500518799 0.133414805 0.663495958 0.0556718111
    0.334859967 0.53008759 0.0413396955 0.515451908 0.835550189
    0.394869924 0.509369433 0.34853211 0.629470885 0.204025954
    0.17825222 0.955491662 0.421520948 0.415896177 0.430127501
    0.35214591 0.776486754 0.244214952 0.0482860506 0.518008471
    0.113159269 0.502085447 0.145733267 0.544762254 0.200609744
    0.558911026 0.494020581 0.805988312 0.361370921 0.478389531
    0.417124569 0.678181708 0.487056553 0.0473092198 0.637245834
    0.364318252 0.67247653 0.312175393 0.213808745 0.142513186
    0.260179222 0.0776917338 0.875749707 0.579806149 0.79993701
    0.597306073 0.512199461 0.341435373 0.0407931805 0.983348012
    0.358715177 0.394456476 0.294867635 0.588253438 0.031776011
    0.649181545 0.597105801 0.262576878 0.252595663 0.895460129
    0.881860793 0.414426506 0.405659825 0.909125984 0.718136787
    0.424187988 0.576775074 0.4780716 0.0834807158 0.769262671
    0.0854325294 0.730181396 0.335738897 0.790961266 0.0286599994
    0.0668016076 0.494695663 0.0357388258 0.54234612 0.874874234
    0.329777658 0.335587025 0.716540813 0.965824962 0.763816714
    0.832409739 0.517753601 0.446477234 0.176722437 0.738247991
    0.252336085 0.129282981 0.747398913 0.498907119 0.838947654
    0.283185244 0.635626793 0.017147392 0.506156027 0.495652944
    0.274097025 0.435355574 0.568731189 0.424951673 0.932424068
    0.24783054 0.552019477 0.177071452 0.602628589 0.986031651
    0.00896760821 0.0852530599 0.847365499 0.517759264 0.681959629
    0.229389668 0.583091855 0.180255949 0.422619343 0.864235282
    0.377616674 0.251911581 0.427851975 0.954374909 0.780514061
    0.755626857 0.862406611 0.936579883 0.190163791 0.48228687
    0.849930882 0.0278182328 0.172104627 0.355503619 0.705422401
    0.079616487 0.389700532 0.70613724 0.789215326 0.693251073
    0.680556476 0.894452155 0.0183283389 0.917731524 0.233368546
    0.73846662 0.432102144 0.0564001799 0.905061245 0.198377252
    0.137504429 0.53164202 0.139873207 0.440585852 0.954714 0.57160008
    0.772612929 0.417890489 0.445715845 0.447258651 0.965710282
    0.381275952 0.225551397 0.434603333 0.564618111 0.950325668
    0.115363687 0.767338574 0.390413344 0.994963169 0.756727576
    0.743353605 0.950992644 0.655147195 0.891463578 0.0207873285
    0.221773922 0.632436872 0.0326999426 0.1786654 0.156696498
    0.346382618 0.0650040209 0.468990296 0.319544375 0.303330719
    0.959010363 0.021784693 0.763334155 0.0279281735 0.461711824
    0.316661388 0.985183954 0.600666404 0.554288328 0.481128305
    0.351883948 0.965510309 0.547852159 0.623024583 0.972771049
    0.112563014 0.0873631239 0.683108211 0.161060721 0.228241861
    0.283580124 0.186724663 0.683795452 0.864785433 0.871303856
    0.0384033918 0.0539399683 0.655250013 0.651611149 0.950859666
    0.313588738 0.935649514 0.0369824469 0.427926779 0.702834308
    0.860988736 0.91834867 0.932023764 0.508505404 0.0736902952
    0.0144203305 0.231321901 0.639475286 0.440098435 0.0439200401
    0.951023459 0.778018117 0.171284199 0.620932817 0.371571481
    0.184839845 0.216193825 0.871856987 0.425801307 0.255115151
    0.344608545 0.323094726 0.530262768 0.591515779 0.971085191
    0.154920518 0.721499741 0.295139104 0.863805771 0.982327938
    0.283355892 0.214776963 0.118788391 0.633375287 0.918585479
    0.414215177 0.316270351 0.767671824 0.217814773 0.385201246
    0.831518054 0.194292843 0.997115433 0.452061415 0.189061761
    0.375996649 0.696207345 0.836877704 0.135773897 0.492382884
    0.143052518 0.651410818 0.403960019 0.517217398 0.789373994
    0.781879187 0.704142213 0.249248862 0.942077875 0.955540895
    0.533171713 0.467656642 0.703265131 0.496694714 0.802675605
    0.736231446 0.920404732 0.124045551 0.683309615 0.730010509
    0.182818741 0.0155123472 0.0717920661 0.850355148 0.445964873
    0.328557253 0.115799993 0.93624711 0.692628443 0.430504054
    0.957723498 0.870030522 0.666101694 0.865383744 0.920455635
    0.190456063 0.778631449 0.836612284 0.113308847 0.0855230689
    0.387064219 0.0520275235 0.00996863842 0.278977334 0.787757754
    0.22805652 0.0841201246 0.345031947 0.110671282 0.416176707
    0.328714848 0.3627716 0.942250133 0.405054808 0.108092278
    0.828825116 0.135207742 0.548237503 0.645205498 0.809285879
    0.554222822 0.262076646 0.096152246 0.155852139 0.331691831
    0.378975391 0.833472252 0.650536537 0.205831736 0.304956287
    0.26016897 0.61954999 0.992266774 0.340273499 0.939378202 0.78821969
    0.378312469 0.503254235 0.839384556 0.289029121 0.819356441
    0.369127572 0.591903865 0.0286585391 0.535573184 0.0890727937
    0.634416819 0.11498937 0.018619746 0.218027979 0.858607531
    0.504687309 0.318586737 0.464635134 0.840996742 0.561552703
    0.634672284 0.96279937 0.464985371 0.604461551 0.0653845668
    0.129869044 0.475717157 0.855593681 0.922972023 0.354108751
    0.196116358 0.392429918 0.203614026 0.810366154 0.289108992
    0.066396147 0.808819354 0.743269801 0.898539484 0.0991620421
    0.410789043 0.244097054 0.0817857981 0.706785679 0.362741798
    0.900065184 0.974632978 0.461494684 0.483686417 0.184485495
    0.496422201 0.764508307 0.727313519 0.241044521 0.130707115
    0.247766167 0.633762479 0.75806278 0.629212379 0.373687476
    0.565515101 0.858799279 0.236749381 0.234686494 0.481843948
    0.244765311 0.963123202 0.991556287 0.160344452 0.907056928
    0.792351127 0.536770165 0.35303247 0.607424021 0.148308545
    0.87905848 0.574034989 0.334504724 0.761396885 0.280223787
    0.399196774 0.994107246 0.787859142 0.609046042 0.341083705
    0.475382686 0.989873767 0.0790705383 0.667952538 0.816630483
    0.740102947 0.861566544 0.660322011 0.343750805 0.041957736
    0.963299513 0.934495926 0.853613734 0.393137574 0.198050618
    0.370856762 0.166237891 0.974973798 0.189021468 0.0781575739
    0.385983318 0.581416667 0.884400785 0.943601012 0.145316064
    0.498553336 0.29366076 0.0929946601 0.373295039 0.663692236
    0.652777076 0.630998909 0.855704248 0.77110076 0.26490581
    0.180345058 0.192644924 0.949622095 0.450261235 0.948203623
    0.710563302 0.243578315 0.741010129 0.942965746 0.545342267
    0.509809554 0.113681495 0.400521189 0.219944477 0.0797481239
    0.148836106 0.739224315 0.603635013 0.37330085 0.331971645
    0.151713938 0.11866343 0.0128328502 0.507037878 0.473832726
    0.18632859 0.624134839 0.00550168753 0.452313632 0.968558967
    0.841221929 0.0522114038 0.765267909 0.562931716 0.544745922
    0.519151211 0.646045625 0.225316942 0.585138857 0.129904896
    0.854221225 0.473936409 0.233840376 0.743367076 0.889858246
    0.94049418 0.260561466 0.01470083 0.550656438 0.964233279
    0.958290458 0.63898921 0.657347322 0.81869036 0.0133403242
    0.0819005668 0.42941165 0.47498557 0.162506163 0.205256671
    0.72701174 0.526355505 0.127194792 0.87631321 0.758373201
    0.117868841 0.687800646 0.408414841 0.787935197 0.258239865
    0.0490094423 0.923726916 0.670543313 0.793576539 0.846197546
    0.717095852 0.336107492 0.632268548 0.600979626 0.921915472
    0.0622427166 0.747302234 0.153088272 0.49189508 0.0313411653
    0.909444749 0.152168483 0.852887571 0.367361993 0.195250034
    0.590901077 0.823656321 0.61491102 0.362007082 0.404193759
    0.582178116 0.721723974 0.802993238 0.743470967 0.922376275
    0.830760002 0.949789703 0.120902061 0.486809433 0.573322356
    0.406126231 0.905180931 0.00817590952 0.315018892 0.631779671
    0.484338343 0.285333216 0.596650839 0.364331424 0.565787911
    0.441152424 0.795039952 0.82221818 0.351971626 0.129499912
    0.700799227 0.235184997 0.411246449 0.406330615 0.786777854
    0.0839603543 0.605013072 0.940070868 0.554438055 0.458815455
    0.658281863 0.445221782 0.676482081 0.0270743072 0.313214928
    0.336707592 0.614613593 0.0691460371 0.350633591 0.404547006
    0.911132693 0.0440974236 0.188656569 0.399769127 0.711693764
    0.0344773531 0.896178722 0.46471253 0.70216316 0.22880286
    0.932459474 0.770242393 0.486699253 0.0186907053 0.683968723
    0.491480142 0.54201299 0.243350327 0.214019835 0.451949 0.357869387
    0.181647509 0.942506969 0.761531591 0.761868954 0.879736304
    0.420554101 0.278060883 0.649891973 0.130372554 0.959356546
    0.36566329 0.347650886 0.652027488 0.840153456 0.784297764
    0.275005728 0.57476759 0.181179017 0.0996018052 0.575543225
    0.520474076 0.537340283 0.431557834 0.97374022 0.982976437
    0.908033967 0.633504808 0.517542362 0.047762692 0.414440453
    0.961009562 0.713253379 0.381319344 0.359621882 0.374732941
    0.295862913 0.28682822 0.054959476 0.0862461925 0.638660491
    0.480298668 0.109689742 0.173132449 0.346911877 0.718186438
    0.706637859 0.984794736 0.755678594 0.43585366 0.269763529
    0.74549824 0.705812395 0.0788457394 0.884809852 0.67561245
    0.413705051 0.316945791 0.993386388 0.114408255 0.552077174
    0.334284842 0.838855624 0.397521317 0.300993323 0.781918764
    0.60796237 0.872363567 0.0771787465 0.881880999 0.714429438
    0.339257747 0.809099197 0.270254374 0.679427505 0.0797863901
    0.618026376 0.32989338 0.994591475 0.628796577 0.673535109
    0.577933908 0.414693266 0.692925334 0.852072358 0.243200064
    0.848995924 0.472131729 0.733471632 0.692567229 0.610458255
    0.449645042 0.424928486 0.52822727 0.193318635 0.359578371
    0.410517335 0.15211463 0.507903874 0.331991732 0.391335815
    0.873988867 0.410586953 0.975346863 0.456663638 0.246606767
    0.571000397 0.960663855 0.0610999763 0.246888399 0.694918036
    0.557344437 0.836919904 0.427899003 0.0650182664 0.0883507431
    0.812682629 0.888768613 0.0521247387 0.461978853 0.0962339938
    0.0617108345 0.200778961 0.102887928 0.975503325 0.451758206
    0.239583343 0.132582277 0.111232132 0.655413389 0.364769101
    0.15009889 0.956123948 0.99371171 0.131184995 0.241972893
    0.213962048 0.974307299 0.731219649 0.71045506 0.599200964
    0.401639283 0.538597167 0.078386277 0.603531361 0.263895035
    0.0446567833 0.149926335 0.797710061 0.0761891603 0.551689923
    0.759839773 0.0600315928 0.85893327 0.606135249 0.379220575
    0.408650041 0.84139204 0.140877396 0.236008257 0.515528083
    0.796581149 0.00463989377 0.744933486 0.181019157 0.945165277
    0.571673512 0.902184367 0.705901444 0.911011875 0.866354346
    0.307296544 0.494012296 0.90264076 0.636673272 0.425226539
    0.555397153 0.503515482 0.446705699 0.261697948 0.801452219
    0.443364143 0.384236127 0.708826065 0.76342237 0.936866522
    0.617818892 0.549623847 0.914847493 0.403888106 0.188698798
    0.630356908 0.00101843476 0.359614313 0.138830096 0.610151052
    0.909430623 0.0956459641 0.356478214 0.553859472 0.572517991
    0.406188726 0.853990018 0.79966867 0.26809603 0.679139078
    0.130577385 0.577352703 0.252561688 0.217954755 0.933714747
    0.34925735 0.0166539252 0.609771729 0.790019512 0.493979841
    0.732873797 0.0562497973 0.337981105 0.417252898 0.483435571
    0.823538244 0.941357195 0.811641634 0.718500853 0.365674853
    0.847960174 0.958732843 0.456265122 0.651508093 0.313799918
    0.759679914 0.874625325 0.0267159641 0.267694801 0.176095992
    0.1458368 0.592351675 0.341453433 0.260614961 0.296532094
    0.948276281 0.96798414 0.66079843 0.466598898 0.344104916
    0.784356713 0.403413117 0.657257617 0.577373624 0.790427744
    0.795504212 0.304427266 0.91261512 0.646934032 0.100324214
    0.393060088 0.461321265 0.847522497 0.101531446 0.0933663547
    0.189651698 0.789164901 0.0773234963 0.381071657 0.75861156
    0.505052865 0.782208562 0.423600316 0.620672822 0.747084618
    0.29252848 0.250014603 0.220433474 0.103912771 0.284068048
    0.835943341 0.549203932 0.0219250321 0.5631423 0.489124328
    0.905133963 0.00222310424 0.332099348 0.165050089 0.575443804
    0.853405476 0.428682089 0.660808146 0.540825486 0.311240613
    0.838898003 0.69351536 0.76123637 0.347670972 0.479830772
    0.401072949 0.412582994 0.735818148 0.770420969 0.332470953
    0.725613177 0.877074122 0.989787042 0.660285056 0.408586979
    0.327584177 0.0489447117 0.0919780135 0.0745316744 0.228171498
    0.111984938 0.51564151 0.321470499 0.2468054 0.522217572 0.30509913
    0.346619368 0.0861753821 0.251312971 0.870516777 0.547385216
    0.708096981 0.612028837 0.585689127 0.212256968 0.802474022
    0.783859611 0.608500659 0.753768325 0.643966794 0.161722571
    0.838092387 0.919802487 0.846870661 0.828399181 0.371002436
    0.411898851 0.728475094 0.463616908 0.976205111 0.650864303
    0.107651383 0.29099381 0.571157217 0.150212586 0.886026323
    0.420071781 0.359942794 0.670199275 0.704935849 0.120870948
    0.998242438 0.732169628 0.397398114 0.640335381 0.541474998
    0.350520074 0.300250113 0.348014265 0.658029497 0.192332238
    0.780684233 0.562774539 0.383137226 0.887280166 0.29362601
    0.780472457 0.287288725 0.187083721 0.654052019 0.896630704
    0.499230057 0.14464125 0.961432159 0.942555308 0.961936235
    0.164411366 0.455710292 0.0813639462 0.4891783 0.673189163
    0.557303071 0.253219068 0.697902083 0.991620123 0.539644301
    0.573210776 0.879631042 0.628785431 0.110516846 0.663680971
    0.782982469 0.935215116 0.523876965 0.506231606 0.164117455
    0.0144876242 0.167845428 0.322018743 0.624953985 0.606735766
    0.134418786 0.575960398 0.207616329 0.830824733 0.999579132
    0.331394196 0.569106102 0.361692429 0.922052264 0.902570248
    0.950707972 0.156039894 0.358274996 0.422534972 0.368333608
    0.0167658925 0.26967454 0.211980909 0.289669335 0.645045519
    0.86769104 0.0207202137 0.12164861 0.503629565 0.186263323
    0.677673221 0.825424552 0.299395651 0.752737403 0.765388429
    0.324112356 0.208374858 0.548172832 0.914022505 0.787336886
    0.350451559 0.611926615 0.472554743 0.238547534 0.909585714
    0.876943827 0.174273998 0.493788451 0.0156629086 0.368579566
    0.878915429 0.413249969 0.869146585 0.885258675 0.180588961
    0.206380695 0.867019296 0.662743747 0.722513914 0.937497258
    0.338889271 0.33084327 0.800914049 0.852889776 0.857020974
    0.102796197 0.881608129 0.89422977 0.856076002 0.732210636
    0.00342640281 0.329612643 0.299676001 0.185394138 0.869989574
    0.932344377 0.632887363 0.509755969 0.658269525 0.8447119
    0.966864228 0.737291455 0.27235648 0.110122472 0.797524691
    0.926248133 0.961322069 0.159469575 0.288446903 0.461202025
    0.867252171 0.815923035 0.201540053 0.015545249 0.708657861
    0.479646027 0.907862663 0.62159574 0.922670007 0.661576033
    0.370210648 0.580564559 0.955092072 0.596747518 0.293281168
    0.496349305 0.897721767 0.116598696 0.909529805 0.323532879
    0.253133535 0.612326562 0.109666824 0.490728974 0.332204759
    0.255600184 0.776532829 0.28002575 0.050537914 0.402135044
    0.00861680508 0.786436081 0.419278264 0.414597005 0.536590517
    0.374242544 0.661674738 0.113141805 0.33607614 0.717546821
    0.376028895 0.830532193 0.739360154 0.828950524 0.399369478
    0.688393414 0.235914022 0.462548971 0.67719239 0.814159811
    0.760135233 0.815505087 0.224087059 0.820008755 0.306881368
    0.542695284 0.671602368 0.106042147 0.346421361 0.95644033
    0.740455329 0.777804732 0.607221961 0.695525348 0.664921403
    0.0479179025 0.684749663 0.640756726 0.59854722 0.0853039324
    0.325970531 0.573139787 0.989564061 0.257073045 0.766321301
    0.0785007775 0.139720768 0.752133846 0.424562812 0.281231642
    0.823600292 0.862100661 0.318080842 0.628136098 0.671610236
    0.573930085 0.623146772 0.92535764 0.391665697 0.395779967
    0.605070055 0.952127576 0.499654919 0.914008975 0.0487684011
    0.214203715 0.610440552 0.750588536 0.655036211 0.686964035
    0.548013747 0.0668899119 0.31093964 0.702358127 0.174556434
    0.873167038 0.0373950601 0.836673737 0.616677165 0.521444023
    0.0614833832 0.814462781 0.0452817082 0.211560905 0.112365961
    0.705953002 0.322739303 0.350350231 0.203340888 0.999339938
    0.689839005 0.159317702 0.0664978921 0.0404721498 0.0841023028
    0.947546482 0.90708828 0.406925201 0.461588085 0.83863616
    0.111361355 0.451148391 0.518594742 0.30899471 0.665199995
    0.276857436 0.28594923 0.999769866 0.955210567 0.39468044
    0.913177788 0.73299396 0.0280413628 0.998850346 0.24108538
    0.428717643 0.793008089 0.292645454 0.793998718 0.660062909
    0.275891066 0.103245884 0.704850852 0.548973799 0.711666942
    0.756928921 0.483867913 0.912619829 0.502864242 0.731124163
    0.0194345117 0.479868799 0.0856954157 0.966164112 0.512864232
    0.844970345 0.508239448 0.595866263 0.264133751 0.542363703
    0.0200222433 0.867494583 0.610816002 0.683048606 0.305290341
    0.365069538 0.378217965 0.182801515 0.781423628 0.552054405
    0.515131772 0.562317848 0.668873012 0.41146183 0.789692879
    0.857098103 0.352158755 0.0662086606 0.362317264 0.287888199
    0.582678318 0.626940727 0.724738181 0.717402995 0.433551788
    0.4899306 0.615034103 0.616523385 0.785860181 0.4961752 0.514286399
    0.272653818 0.0409615636 0.976051807 0.187052161 0.487672955
    0.691949725 0.940387726 0.54334861 0.795426846 0.337134421
    0.969405949 0.317231059 0.446492523 0.492278278 0.077339381
    0.534141004 0.137058705 0.871621132 0.606494248 0.0816324055
    0.332020581 0.516616583 0.103148609 0.637005687 0.330861986
    0.445621341 0.451413214 0.284707785 0.173935503 0.62080586
    0.735305727 0.00894841552 0.900673389 0.0115992725 0.621007085
    0.523201883 0.0073851645 0.548901141 0.235151529 0.233091891
    0.365200281 0.401419878 0.332711965 0.0726067722 0.849924803
    0.530258775 0.482576489 0.654983103 0.232331097 0.553841829
    0.555404544 0.150890648 0.350964963 0.771080375 0.51851213
    0.589501321 0.0752688944 0.757074833 0.334806174 0.685534775
    0.0970229506 0.00512722135 0.273451507 0.154302776 0.503729522
    0.0261621475 0.892811358 0.13187775 0.811048329 0.183520973
    0.494935155 0.90588212 0.341073036 0.956748307 0.353727162
    0.150721312 0.740636647 0.363541871 0.987925947 0.186435014
    0.433306515 0.870629966 0.803899288 0.426794738 0.839489698
    0.32582739 0.436894625 0.633717835 0.30631882 0.253727794
    0.277711987 0.252911508 0.333581805 0.501747727 0.337558448
    0.326710641 0.993505955 0.369204551 0.787527084 0.387160271
    0.174138486 0.393109977 0.290393084 0.848515868 0.971716106
    0.334991008 0.0491191149 0.589955926 0.041933924 0.102835894
    0.145522088 0.379068315 0.242452115 0.89410311 0.437112361
    0.443463624 0.223052442 0.169505417 0.0204152167 0.480944723
    0.241164982 0.0585054755 0.496047199 0.106908172 0.358862072
    0.402267665 0.34844929 0.93141818 0.502723157 0.336623311
    0.350514472 0.824731588 0.38737312 0.0744397938 0.587300003
    0.0111925304 0.449522734 0.0928660333 0.252817869 0.588887274
    0.265139967 0.56968075 0.0632470548 0.398667872 0.206124187
    0.509854496 0.110812038 0.933077693 0.753300309 0.882312417
    0.13780576 0.0519526899 0.567780495 0.451788902 0.815674901
    0.986229897 0.150034308 0.731022835 0.563143075 0.726720452
    0.496159375 0.203011602 0.519643128 0.556851208 0.130201995
    0.316571951 0.284543276 0.0148610473 0.28814286 0.776571929
    0.496842772 0.893547833 0.29809469 0.0160974562 0.283587843
    0.831864655 0.979868233 0.552226365 0.293495774 0.438713968
    0.554246783 0.921776414 0.083997339 0.374805093 0.116454452
    0.956835866 0.442979008 0.300979078 0.435765564 0.502628744
    0.137577832 0.146539897 0.879889548 0.443838447 0.0486937165
    0.237371355 0.72241044 0.653170109 0.761818528 0.63263005 0.98285234
    0.855741382 0.889675379 0.513885677 0.584094584 0.400342762
    0.440363109 0.544811547 0.743488252 0.659150004 0.879633427
    0.256934345 0.329545975 0.964081526 0.731301367 0.804889679
    0.525418103 0.18264842 0.284589112 0.871924281 0.582554638
    0.112161279 0.580282092 0.427389324 0.848246574 0.518846273
    0.7088238 0.69961828 0.904247582 0.831296325 0.304986775 0.820796549
    0.102635831 0.905578017 0.892095804 0.789871573 0.217570961
    0.154655546 0.0812301934 0.11678654 0.293400764 0.730491996
    0.201899946 0.365163326 0.0371223986 0.73503387 0.756635427
    0.665738702 0.808224559 0.870852828 0.146800309 0.770732403
    0.559807539 0.937392354 0.0639267266 0.58768183 0.763399124
    0.711702943 0.428079844 0.390375733 0.914440513 0.181465745
    0.230518162 0.185611069 0.900634766 0.40712592 0.0840246081
    0.18663007 0.874312401 0.970909953 0.74109441 0.369353235
    0.373040646 0.910756111 0.314261734 0.239036351 0.970069587
    0.843149543 0.504762292 0.581336081 0.628005743 0.778893709
    0.269188762 0.547263861 0.785949111 0.188065469 0.225694031
    0.0977029204 0.600059271 0.921272397 0.0477178991 0.700529575
    0.65189147 0.178095996 0.84046948 0.851032376 0.754874349
    0.376340538 0.104565799 0.193259567 0.27006492 0.950724602
    0.744269729 0.521277785 0.91712153 0.63634032 0.653709829
    0.165282547 0.0305399597 0.0142226517 0.735062838 0.311369419
    0.312229097 0.98666209 0.405498296 0.849586368 0.887498975
    0.947378516 0.660144806 0.662128925 0.807785392 0.817457438
    0.603247225 0.863030076 0.250232637 0.359875321 0.156116068
    0.102682173 0.197846204 0.0504325032 0.856352746 0.181098044
    0.0329317153 0.0690484345 0.364385188 0.969215393 0.6247738
    0.481590539 0.262968898 0.730625033 0.612023234 0.0581195056
    0.760925889 0.200845897 0.599043489 0.550773799 0.457399487
    0.00539427996 0.319793671 0.310130715 0.0303789973 0.710120678
    0.791151047 0.642782032 0.823934615 0.608337581 0.766062379
    0.334623337 0.22591418 0.951797545 0.536959589 0.608880281
    0.142306358 0.941250265 0.856881678 0.111047983 0.262440532
    0.415179729 0.518413067 0.121939987 0.827087164 0.75090301
    0.564037859 0.883934736 0.416989863 0.424992412 0.0522193909
    0.390630126 0.295671493 0.968816876 0.1635212 0.122826338 0.82703805
    0.730613053 0.936838567 0.910176754 0.931406856 0.186864465
    0.918706179 0.714393198 0.710017145 0.335678011 0.388024986
    0.895969868 0.894920945 0.0312822759 0.365734816 0.0588332415
    0.165603012 0.398950517 0.0248387754 0.0384483337 0.92725271
    0.0847837329 0.55124855 0.888002634 0.978601396 0.52552098
    0.89562887 0.873917997 0.467688888 0.592299581 0.427847415
    0.979949355 0.634659708 0.213390648 0.478782654 0.171150953
    0.387233734 0.476335764 0.538859606 0.295589 0.15407142 0.900762379
    0.737697124 0.351097435 0.854133606 0.591338336 0.708918691
    0.739699006 0.769211471 0.210141689 0.0951951146 0.792398095
    0.16703856 0.945784926 0.478983432 0.5759691 0.0864157975
    0.703823686 0.890050054 0.447992265 0.371418536 0.572612703
    0.401018739 0.093191117 0.612985373 0.03441903 0.701364696
    0.591917396 0.435362935 0.18359524 0.978189468 0.128380716
    0.300813317 0.26740247 0.305598676 0.914016485 0.996245384
    0.377777487 0.356889367 0.381876886 0.232701987 0.739030719
    0.369175792 0.372186303 0.896420002 0.880443394 0.552962124
    0.177874386 0.604849339 0.527188182 0.292371482 0.482570708
    0.770011485 0.132291198 0.0227860808 0.968679905 0.17523241
    0.825668752 0.247713029 0.898958623 0.050614953 0.971845925
    0.41890651 0.585713923 0.695538104 0.297081083 0.752537191
    0.329939932 0.836950362 0.0336752832 0.213599086 0.284036219
    0.631743312 0.9320755 0.364337325 0.220914245 0.910570204
    0.340426743 0.665170968 0.60525924 0.172088861 0.453559518
    0.176763535 0.317325979 0.897245884 0.312551796 0.754304886
    0.807018161 0.977312088 0.415120959 0.740028977 0.499952108
    0.751887143 0.39117229 0.887431264 0.34740746 0.938645244
    0.665093601 0.310259104 0.950585246 0.610958457 0.118872225
    0.666952729 0.89024663 0.0140840411 0.278861701 0.376880795
    0.994946957 0.910529375 0.540847719 0.244498342 0.937798977
    0.613078117 0.61263752 0.42446366 0.767902374 0.967892408
    0.514027894 0.505290031 0.765859842 0.813123584 0.536608756
    0.917489588 0.0984012783 0.00204849243 0.525494814 0.764208198
    0.553700566 0.885347307 0.881583452 0.359945744 0.223434776
    0.319621503 0.223775178 0.897570431 0.307740092 0.226717055
    0.80189693 0.548500657 0.983774245 0.688811719 0.221728772
    0.931449294 0.359090775 0.414176375 0.977897704 0.567932189
    0.349579483 0.661291182 0.451111734 0.864329696 0.972234845
    0.223392397 0.138782978 0.561960518 0.972714543 0.928160429
    0.979434848 0.337508559 0.664370894 0.969350159 0.0882890821
    0.63514322 0.102582484 0.149384886 0.731500149 0.687245965
    0.819260061 0.650600076 0.867734313 0.697799265 0.0746153891
    0.60710454 0.289741457 0.691446185 0.620306015 0.275472552
    0.172644407 0.301911622 0.106730521 0.427601814 0.677448571
    0.287907779 0.045468986 0.463107765 0.303879797 0.944326162
    0.366348833 0.646786571 0.416534096 0.245041996 0.553921342
    0.237484545 0.748615503 0.861137033 0.0967511833 0.250183553
    0.350718319 0.762541175 0.848373055 0.231972009 0.531117082
    0.939272225 0.397207797 0.0864275694 0.64243269 0.835661411
    0.48363179 0.858296633 0.285027146 0.568348944 0.0823605657
    0.00901773572 0.746884346 0.260849357 0.54762882 0.0474380851
    0.563678801 0.174546778 0.839998007 0.139558703 0.463311702
    0.0909872651 0.118377984 0.809700847 0.987583399 0.724858701
    0.270124137 0.520989239 0.500200927 0.833301067 0.794035196
    0.415089488 0.94867909 0.184665233 0.175482124 0.164139688
    0.897656918 0.975619197 0.234738499 0.232336044 0.39403981
    0.593295395 0.367814809 0.87731576 0.890937686 0.1923168 0.421275467
    0.735086024 0.0217560828 0.362028509 0.631674767 0.231712103
    0.395260274 0.58025682 0.32306546 0.0945560336 0.0834585428
    0.983482242 0.433770537 0.277149081 0.925738335 0.596573889
    0.996224701 0.875140429 0.634923816 0.462675929 0.402131408
    0.15162158 0.0376109779 0.752857924 0.110878646 0.502542853
    0.141565204 0.539271533 0.804148197 0.924784064 0.407015502
    0.267160952 0.323905766 0.434238315 0.236332864 0.255983144
    0.000381529331 0.909548104 0.349362195 0.0458299518 0.716216147
    0.343317509 0.193758965 0.604885876 0.959038973 0.83214879
    0.692522109 0.843893051 0.857964158 0.283901334 0.0476880074
    0.968467057 0.73083657 0.684123993 0.524772167 0.586821258
    0.503102601 0.530892789 0.617454171 0.577299297 0.261649817
    0.989084363 0.623924494 0.409981281 0.180183977 0.271086633
    0.922790408 0.273736835 0.36010021 0.786122143 0.472679168
    0.224272698 0.046908021 0.509794593 0.96201241 0.00420930982
    0.934534371 0.0810090899 0.471939176 0.553804636 0.616036296
    0.390217602 0.864947855 0.158067375 0.651555657 0.467991918
    0.595998764 0.531817138 0.626585841 0.407169431 0.691698909
    0.186893791 0.81006068 0.0888031125 0.611922622 0.964411199
    0.175751805 0.997630477 0.0458209217 0.55881983 0.358242631
    0.455137193 0.669374824 0.773273706 0.194156706 0.136343569
    0.626802325 0.143212229 0.785024524 0.0442055166 0.431084245
    0.786886811 0.759457469 0.272987723 0.754737139 0.00552269816
    0.616781294 0.00745761395 0.60214746 0.182546586 0.537889719
    0.828601897 0.783527613 0.503790796 0.383545727 0.607685745
    0.746418357 0.645142615 0.23246792 0.710187435 0.610849321 0.4598279
    0.740916193 0.472330272 0.702967227 0.580600917 0.984358311
    0.212982923 0.288099885 0.35399729 0.16617471 0.80085659 0.759090304
    0.103179753 0.306297064 0.577426255 0.602091372 0.284739912
    0.0523404181 0.197537601 0.844538331 0.0744709969 0.895418763
    0.751488209 0.401207149 0.583222151 0.217650056 0.223894 0.944277287
    0.676672041 0.29827261 0.0257409811 0.935856342 0.706157446
    0.527457237 0.141330183 0.0134519041 0.153528959 0.537765622
    0.287591279 0.976231754 0.675064445 0.506824255 0.0309185982
    0.741161585 0.506620824 0.598644614 0.390998602 0.489167482
    0.033813715 0.422738791 0.771165967 0.784114718 0.628888249
    0.860575378 0.340804547 0.0621038079 0.293164968 0.605125308
    0.263295978 0.944728494 0.450539529 0.495569944 0.732409477
    0.91027391 0.296309263 0.148022443 0.861548007 0.747916102
    0.891939402 0.830036759 0.598071456 0.187504321 0.816473603
    0.273769528 0.582466543 0.0571728945 0.363711357 0.90535593
    0.721243083 0.533704877 0.458549231 0.559181154 0.194019198
    0.734360158 0.167947173 0.25981319 0.501028419 0.472120047
    0.0155465007 0.0482813716 0.55644697 0.0238932073 0.307123303
    0.770298839 0.698652864 0.747818589 0.313131332 0.222566903
    0.0826804936 0.331972778 0.728474021 0.0503529906 0.97570622
    0.223178834 0.154584408 0.570141137 0.942658424 0.819290519
    0.697628677 0.230143636 0.52522403 0.238501549 0.753067493
    0.155956209 0.590480566 0.990410447 0.0833792686 0.29734382
    0.753688872 0.887797296 0.329220295 0.96312952 0.289297342
    0.0412384868 0.335249126 0.947218657 0.747942746 0.0158256292
    0.818857312 0.449566841 0.95166564 0.440655798 0.700027227
    0.218943119 0.847679377 0.140140653 0.570174813 0.947924793
    0.561096609 0.276472926 0.0986769199 0.0339298546 0.502349973
    0.634243727 0.835658789 0.461276799 0.259917557 0.0369395316
    0.950656295 0.398183584 0.427056193 0.203186393 0.433732539
    0.217407137 0.115637898 0.437810302 0.41260016 0.7781775 0.230705678
    0.909837365 0.410256177 0.412210345 0.0542568564 0.652469814
    0.186183423 0.845647812 0.494437009 0.582461655 0.9372679
    0.751611292 0.322084993 0.463859439 0.783901036 0.124665082
    0.946314096 0.0967383981 0.433495462 0.354942471 0.125541657
    0.841264248 0.121758223 0.613907397 0.477325648 0.0714597404
    0.0499075651 0.350069582 0.878808498 0.529108942 0.77881515
    0.467883587 0.846789002 0.895477653 0.0446120501 0.297581464
    0.583317161 0.893666029 0.503729463 0.647612214 0.953793645
    0.714718521 0.83883667 0.327543944 0.151116312 0.260246396
    0.230350912 0.117741793 0.892311096 0.530451953 0.132505715
    0.950369239 0.696902812 0.569733083 0.609889209 0.990341187
    0.23114422 0.444487751 0.00712102652 0.332962155 0.163507879
    0.225747108 0.111201644 0.216947913 0.736736059 0.543103933
    0.149941206 0.271149278 0.641758204 0.969585061 0.304163277
    0.34617731 0.421544045 0.227535546 0.780719757 0.688953936
    0.777318537 0.445887893 0.537151992 0.477302283 0.784468055
    0.388425291 0.215171397 0.200781494 0.985556245 0.0289143324
    0.725996554 0.510963142 0.552504361 0.457040876 0.351023465
    0.303545564 0.692948461 0.206690192 0.961133718 0.272271097
    0.300629258 0.227426887 0.399408817 0.554646075 0.411640108
    0.901317596 0.699603081 0.708715558 0.735083163 0.630104125
    0.378297508 0.657325745 0.264670432 0.00679457188 0.510715187
    0.459036082 0.00319847465 0.618331969 0.148909748 0.994401634
    0.589214027 0.870834112 0.370162904 0.601318359 0.865999758
    0.731156945 0.520014942 0.0803523064 0.288894773 0.858581424
    0.916463733 0.759752154 0.92031908 0.493938535 0.540195584
    0.00523215532 0.702594936 0.949087024 0.893494964 0.509389877
    0.304983288 0.417424113 0.697370172 0.254260719 0.433693796
    0.0504938066 0.989028215 0.723046303 0.92335999 0.79411602
    0.920308948 0.733906269 0.420991123 0.513689816 0.498348922
    0.427746445 0.931223631 0.849247813 0.944537401 0.683085918
    0.388020098 0.108943373 0.727679491 0.259210765 0.680778503
    0.28657943 0.499127418 0.935049951 0.133920938 0.683671892
    0.622673392 0.705884516 0.0469419658 0.26173085 0.124022037
    0.638303876 0.0365202129 0.20667097 0.564166427 0.228116006
    0.916490376 0.796848178 0.512294352 0.752991557 0.700853586
    0.137378097 0.492721319 0.649926245 0.132675797 0.880209446
    0.0813139379 0.917325616 0.0710052252 0.395196408 0.117031038
    0.819856405 0.382000208 0.00660684705 0.792650998 0.150857806
    0.819583297 0.38071847 0.537429035 0.523583591 0.25876981
    0.0963355303 0.873698413 0.000429719687 0.425295055 0.682128429
    0.992260575 0.946857929 0.239189357 0.488285094 0.917387843
    0.296344072 0.847737372 0.25328964 0.783098936 0.596278727
    0.715441108 0.14525184 0.906910777 0.437691152 0.85285449
    0.829137862 0.159801602 0.44506526 0.0436894596 0.277725041
    0.125310868 0.676562667 0.753981888 0.0582547486 0.53255713
    0.239908814 0.0761553645 0.468018502 0.28680566 0.926713347
    0.775892735 0.570644677 0.00774240494 0.795633018 0.465690434
    0.937543094 0.586239159 0.277798802 0.788695514 0.579191983
    0.664489329 0.0736513436 0.720564365 0.733293772 0.349463582
    0.292555034 0.292910427 0.613954425 0.548703492 0.340657413
    0.396071166 0.955787897 0.744900823 0.870084167 0.573399484
    0.481448442 0.497616261 0.71644181 0.638451338 0.335096657
    0.21140489 0.831160188 0.67675215 0.271815598 0.100921124
    0.517153144 0.639927506 0.598312318 0.879651785 0.70119524
    0.651664257 0.64372468 0.322288543 0.384441316 0.515935421
    0.132087946 0.441466033 0.602244973 0.86883688 0.664540172
    0.105315775 0.933271289 0.701030254 0.120466322 0.0372939408
    0.2562536 0.191769361 0.0723437965 0.00559103489 0.50170356
    0.242727965 0.597032964 0.598658919 0.661602318 0.403219104
    0.855265141 0.418157279 0.469911724 0.506302774 0.477567405
    0.0698240399 0.574149311 0.668748617 0.493680865 0.840076864
    0.124586254 0.0264100134 0.796057224 0.536922991 0.184141129
    0.374415934 0.117552519 0.882906795 0.0896033645 0.724010527
    0.0991287827 0.228720307 0.869718194 0.75408572 0.482563674
    0.244623572 0.339572728 0.57703042 0.0751281679 0.1792714 0.14262113
    0.246272981 0.526575685 0.675149202 0.77137053 0.324600577
    0.828974843 0.542149782 0.97209692 0.0176497996 0.0763934851
    0.859624743 0.568399668 0.898477674 0.828791201 0.374486655
    0.889366627 0.485098392 0.384653211 0.669878602 0.554282248
    0.86724329 0.0413238704 0.46734044 0.286286503 0.893124163
    0.180384248 0.480305344 0.0652725101 0.0578943789 0.209807545
    0.391208291 0.00467967987 0.294372827 0.59518671 0.446970791
    0.301802784 0.519294262 0.693328857 0.908687234 0.226192415
    0.296840787 0.835721135 0.311250567 0.685536623 0.327978998
    0.60421741 0.321297944 0.546604753 0.152539462 0.776041508
    0.0545578897 0.714525938 0.680637956 0.0862400532 0.891490638
    0.577599287 0.423025787 0.393261671 0.534968317 0.502504408
    0.0313093066 0.394517303 0.868220568 0.0144377053 0.60326618
    0.487593055 0.574778736 0.448530585 0.0683519244 0.379566431
    0.464890152 0.156178504 0.844599724 0.338021189 0.030515492
    0.297629297 0.638029814 0.869985342 0.159388721 0.38497296
    0.053496778 0.0161147714 0.701758921 0.14189741 0.243258387
    0.56425333 0.573128402 0.654869437 0.0176748633 0.91627574
    0.364312083 0.922934175 0.861198366 0.473256797 0.836802483
    0.62380439 0.15660736 0.5763309 0.219135821 0.720444918 0.611451268
    0.879578352 0.181428939 0.694321454 0.215093106 0.0253610015
    0.55523324 0.416752905 0.145710438 0.508848429 0.548310637
    0.822163939 0.825148821 0.533744752 0.272271186 0.771729946
    0.779889226 0.998221695 0.599714756 0.395554245 0.0635750592
    0.797939718 0.498912126 0.112737685 0.810916066 0.937513232
    0.233648002 0.230909616 0.865685225 0.973873973 0.725337744
    0.467918962 0.325854957 0.379889905 0.0737381577 0.504507899
    0.725453973 0.114327967 0.43726185 0.801020741 0.810256481
    0.184438467 0.816177964 0.821060538 0.668040097 0.481161475
    0.618415952 0.794630885 0.652951598 0.291739225 0.0446664989
    0.140857011 0.751560748 0.520882607 0.212417722 0.470325977
    0.161976278 0.538347125 0.199706495 0.31808579 0.0504850745
    0.392149717 0.193245947 0.0910007656 0.39392513 0.546806455
    0.121511936 0.709838986 0.881486535 0.707211971 0.830585778
    0.322932303 0.306937605 0.829374731 0.127359629 0.800558925
    0.459469587 0.297548413 0.659042954 0.0488353372 0.481577665
    0.252749443 0.896355391 0.12124905 0.32021004 0.794423044 0.72099328
    0.229861259 0.216526002 0.604008436 0.744143844 0.00311371684
    0.587896585 0.521625042 0.980909467 0.479503185 0.784564853
    0.838142276 0.255000383 0.315546691 0.929248154 0.58169961
    0.156049758 0.950116038 0.133428633 0.514883161 0.184075803
    0.0681811869 0.979157865 0.249358922 0.350101888 0.0607964098
    0.20971477 0.20953998 0.160869211 0.272820413 0.297881901
    0.158938944 0.160189509 0.449208319 0.30218339 0.388992459 0.6804654
    0.349867404 0.977619648 0.66999805 0.114993304 0.0303220749
    0.786272526 0.650909066 0.024210602 0.502161145 0.608633637
    0.793092489 0.262784541 0.400509566 0.658272564 0.76497817
    0.874674261 0.587408304 0.531999767 0.639258385 0.973083317
    0.906763911 0.929169595 0.356757969 0.588234365 0.132751584
    0.285371065 0.697512031 0.0875727236 0.924259722 0.0487313569
    0.882080019 0.769597054 0.348335117 0.729101658 0.774479628
    0.427681983 0.625533104 0.714266896 0.509204328 0.853734016
    0.494797111 0.283058703 0.516091526 0.875910997 0.663246214
    0.31421411 0.86049366 0.0261642337 0.996461689 0.498525381
    0.0535356402 0.352019072 0.26700443 0.0316543281 0.519011736
    0.723256111 0.275981009 0.192759961 0.828430414 0.967562675
    0.123542428 0.786368489 0.68479073 0.774969935 0.609127164
    0.740899384 0.521298409 0.283011436 0.071924448 0.0699984431
    0.73281914 0.102154285 0.329562604 0.350016117 0.500578582
    0.191746622 0.392397821 0.259114325 0.730147064 0.216811329
    0.0403386354 0.324197948 0.0660130382 0.9669137 0.313934594
    0.254406631 0.472707659 0.00126376748 0.106517494 0.256474942
    0.46939683 0.0526264012 0.871090591 0.259704292 0.838220477
    0.87362349 0.358606815 0.443718553 0.970332146 0.678940296
    0.957469463 0.360328734 0.799543738 0.964796066 0.687380195
    0.20230782 0.927070737 0.66844511 0.934568286 0.855285883
    0.548175395 0.945426583 0.946697354 0.147330463 0.954004288
    0.0259460509 0.305202812 0.786862373 0.27009809 0.955121517
    0.101067752 0.378831804 0.584378362 0.603818595 0.905669808
    0.323684424 0.178025365 0.111652225 0.848896861 0.430101812
    0.660617352 0.384668082 0.64646858 0.251828015 0.303469539
    0.109733284 0.939655066 0.809524238 0.010011822 0.949091077
    0.871315718 0.487063944 0.360901713 0.779231429 0.789165556
    0.375375062 0.888154149 0.311394036 0.0566495955 0.435411841
    0.856030047 0.626788199 0.341092199 0.0185576081 0.944377363
    0.146394253 0.760653257 0.288425982 0.895913899 0.08529526
    0.225083888 0.0566980243 0.501803279 0.0784825087 0.325401664
    0.362158775 0.00754874945 0.8846668 0.98982656 0.0720026791
    0.34391883 0.802296877 0.789983869 0.0112561285 0.265194595
    0.3944031 0.837325454 0.849611521 0.00618883967 0.881318867
    0.146703511 0.911343157 0.451926857 0.592585504 0.81085968
    0.476702452 0.942863703 0.936430275 0.900850534 0.673826158
    0.227238506 0.357890487 0.738366723 0.353614748 0.472129852
    0.209937543 0.00236317515 0.196515173 0.081663996 0.772748232
    0.280612826 0.0452973545 0.386685282 0.866451025 0.171840817
    0.694454789 0.220571488 0.922755361 0.690925598 0.685330033
    0.800839484 0.505398154 0.231013 0.690200388 0.736019552
    0.0595377088 0.694556594 0.779356897 0.259268969 0.882537484
    0.734882832 0.232973993 0.449233145 0.044654578 0.773923993
    0.106610417 0.687432706 0.326385379 0.212382466 0.611401677
    0.224816561 0.392377734 0.606046855 0.0617395639 0.191493124
    0.720562339 0.976091862 0.87321651 0.601996124 0.929119706
    0.84480989 0.41521138 0.105138332 0.449041814 0.0791338086
    0.762854874 0.641104877 0.20610404 0.691077709 0.545143902
    0.0834724307 0.961636007 0.145797163 0.272841752 0.624351859
    0.864010453 0.571682394 0.898323834 0.400831163 0.861763895
    0.849207163 0.251520932 0.687201142 0.10032627 0.458336025
    0.304548562 0.370247245 0.201229036 0.643221378 0.0479260683
    0.646152735 0.381375283 0.36765033 0.527040243 0.840608001
    0.0822677016 0.807990551 0.114434123 0.774288893 0.283757001
    0.360838264 0.00793036819 0.810120761 0.711709023 0.0575290918
    0.693796575 0.110240191 0.164777189 0.335568607 0.653594017
    0.261026621 0.199729979 0.241458654 0.221335351 0.210011333
    0.808251143 0.831793964 0.160928488 0.000241935253 0.079290837
    0.88719511 0.484329611 0.956726313 0.185642928 0.436233908
    0.00804036856 0.474136889 0.445235312 0.583777547 0.625116408
    0.827030659 0.544959366 0.26560393 0.853189111 0.166776896
    0.778006792 0.428412288 0.378518611 0.436220527 0.971821666
    0.261211634 0.709406614 0.862919688 0.973815799 0.424270332
    0.619094789 0.163992822 0.0777851343 0.959819198 0.074337393
    0.000676959753 0.0177006721 0.616643369 0.457054913 0.967119873
    0.548381925 0.00775301456 0.637752414 0.232035697 0.225223839
    0.424709171 0.0348139703 0.756287336 0.518143415 0.378031522
    0.88347131 0.200856298 0.892658234 0.929574966 0.517769516
    0.987675905 0.751619101 0.107373655 0.521275759 0.641352594
    0.0463593006 0.55444181 0.0109197199 0.79595089 0.0375723243
    0.835469604 0.953561068 0.0148541927 0.917239547 0.0416956544
    0.165114343 8.37445259e-06 0.750438154 0.326812863 0.552542686
    0.907744765 0.0198423564 0.403597087 0.783225894 0.719992399
    0.553535581 0.593055248 0.315080404 0.33226037 0.342966497
    0.311723351 0.937750459 0.22000891 0.11093089 0.8897838 0.0962186456
    0.204142213 0.887847841 0.308413535 0.207293838 0.602550387
    0.793561816 0.866102815 0.297774702 0.509575307 0.360799193
    0.314863443 0.0382760465 0.292356908 0.0733701587 0.282605439
    0.620756149 0.066265732 0.825667024 0.145202398 0.686044931
    0.0139879882 0.337318152 0.694866121 0.0732942224 0.012219131
    0.75624609 0.549943864 0.653461337 0.996759534 0.722620606
    0.112229705 0.753960252 0.0570390522 0.533728123 0.319830358
    0.405018508 0.0468752384 0.928965926 0.185530305 0.649911165
    0.465947419 0.434558451 0.0759782791 0.961853504 0.408792615
    0.920390487 0.143743068 0.481813043 0.0446104407 0.542884707
    0.517167926 0.924773693 0.29173094 0.00962665677 0.574432731
    0.517746449 0.0577539802 0.29461813 0.0585683286 0.950814188
    0.752678871 0.823708653 0.319696128 0.959370553 0.494826138
    0.759138703 0.406071782 0.71854043 0.139822006 0.141138107
    0.851683021 0.235359311 0.586768389 0.927956223 0.796422482
    0.429569095 0.944510579 0.5443753 0.0681799352 0.160460621
    0.0775788724 0.756015062 0.16367799 0.846320271 0.0769794881
    0.687929809 0.716745853 0.311511576 0.651282191 0.813177228
    0.879633188 0.081430912 0.933696985 0.978349507 0.524355292
    0.637143135 0.384590268 0.0712583065 0.178329468 0.207973212
    0.253850877 0.880943894 0.366905808 0.239749372 0.420821965
    0.303324074 0.235952049 0.334321976 0.941611528 0.0519988835
    0.482688129 0.0165412724 0.735493004 0.882978857 0.227603048
    0.548621178 0.783288717 0.0758501291 0.433870733 0.104139745
    0.97707665 0.9018839 0.805936992 0.176666498 0.135524124 0.991676688
    0.852281928 0.660394847 0.848118246 0.954799354 0.234274894
    0.159690946 0.886101007 0.371450812 0.469219744 0.710794926
    0.885824323 0.438107133 0.506075501 0.266420901 0.431922495
    0.984170616 0.20935449 0.849742293 0.134401143 0.157144547
    0.0674682558 0.533074319 0.291172147 0.485312998 0.125893295
    0.470922321 0.638971448 0.914601266 0.390816838 0.2100721
    0.404527664 0.669278562 0.96531105 0.598761439 0.930888176
    0.649087548 0.542384624 0.577878177 0.564891458 0.760389686
    0.0825748742 0.521467805 0.00883293152 0.081823796 0.0852174163
    0.910811245 0.979567766 0.44814086 0.0409017801 0.37381658 0.5200243
    0.489353061 0.562186837 0.622142375 0.58124727 0.266676992
    0.854362488 0.402057171 0.352108806 0.101035357 0.887002349
    0.265094727 0.683668554 0.00379231572 0.359710634 0.0288829505
    0.54377687 0.744566441 0.707514286 0.275651753 0.712493181
    0.971618056 0.256311655 0.540253043 0.286295414 0.40473035
    0.299921989 0.881670117 0.169923931 0.0968946517 0.140428901
    0.380205631 0.456097454 0.214336962 0.0714266598 0.828368545
    0.0216525495 0.725385666 0.7420609 0.502035856 0.263733476
    0.477859914 0.0165374577 0.732011378 0.0535688996 0.59125942
    0.619097412 0.885429263 0.739613891 0.962801933 0.909598947
    0.491009623 0.712965727 0.921416521 0.9878124 0.345454395
    0.585034847 0.53913182 0.423520744 0.861274421 0.022416532
    0.345103949 0.308381498 0.867197275 0.681450784 0.8225438
    0.0631732941 0.505940914 0.296687841 0.420879841 0.598592401
    0.402564555 0.265985519 0.154644907 0.0215405524 0.762435079
    0.0662047267 0.478807092 0.849286318 0.212360173 0.786755443
    0.527858436 0.664814472 0.1039747 0.339945287 0.460878789
    0.729496956 0.48293975 0.635727406 0.319449663 0.746846497
    0.669176877 0.912806273 0.159945041 0.629145563 0.379261464
    0.107609212 0.149262369 0.725136757 0.928701103 0.369658351
    0.591213822 0.0509024262 0.629242063 0.514029503 0.800995648
    0.09457919 0.983707309 0.948000431 0.204426706 0.0168634653
    0.0759994686 0.0662333667 0.361382335 0.843608856 0.962383986
    0.564830959 0.41919899 0.702065289 0.103841335 0.450136811
    0.919557869 0.753456414 0.831133127 0.484902799 0.418810397
    0.97030437 0.272207826 0.597314 0.081322372 0.195242882 0.965656817
    0.0978063345 0.185443163 0.511682332 0.359300554 0.452131689
    0.830595374 0.0887187421 0.966644764 0.470113486 0.697801948
    0.256553829 0.0218290687 0.210732043 0.864013433 0.733868837
    0.20292452 0.635905027 0.790917754 0.683231652 0.0551502705
    0.448486269 0.924408793 0.206497371 0.972207546 0.972430468
    0.547550201 0.721893251 0.304635584 0.944705725 0.116841882
    0.729778886 0.893512964 0.948952436 0.164307714 0.706669569
    0.715282142 0.650931716 0.746436179 0.0816860795 0.407049537
    0.650333285 0.640416563 0.360496491 0.526347756 0.339535058
    0.275039673 0.851006031 0.821730971 0.969109774 0.406457305
    0.00711503625 0.864690542 0.116186172 0.7789011 0.990023971
    0.886341691 0.160245508 0.0230470002 0.0998422503 0.410043895
    0.0225838721 0.723366261 0.549592733 0.526479542 0.706943452
    0.268886983 0.155041039 0.455545306 0.550317109 0.106427014
    0.258341312 0.720943272 0.452636003 0.833126664 0.108372658
    0.431268692 0.730903506 0.614575505 0.320008218 0.15560773
    0.669899821 0.966069043 0.933469772 0.784370542 0.568692982
    0.0788969696 0.385946631 0.121379286 0.751260579 0.654233456
    0.548251688 0.472171962 0.936576962 0.224861264 0.957856417
    0.765784979 0.355670631 0.860931456 0.0566169024 0.128036648
    0.956735253 0.950601637 0.815751374 0.938468397 0.0190747976
    0.841208637 0.0945982337 0.920509696 0.110229105 0.420281649
    0.000765621662 0.817637742 0.33916074 0.142075688 0.326680541
    0.156443566 0.445798635 0.177592635 0.163772225 0.173492581
    0.884139717 0.401003897 0.742983341 0.723582506 0.139041573
    0.191636443 0.163000256 0.332059652 0.0230425298 0.0298594534
    0.789362431 0.732165217 0.0544406772 0.060308069 0.992691278
    0.99693799 0.108301342 0.845584869 0.159380853 0.556324601
    0.163361937 0.363282621 0.289971262 0.00377091765 0.0568021536
    0.820781887 0.828010559 0.479470938 0.834759116 0.475971371
    0.482134402 0.267719567 0.89259851 0.62035656 0.501445949
    0.0516029596 0.763823271 0.909874082 0.906130552 0.943977833
    0.883702636 0.216674 0.525705338 0.239861786 0.376749814 0.816935658
    0.0443992913 0.728601933 0.0395613611 0.685666502 0.655636311
    0.904483676 0.553252935 0.810906887 0.74966681 0.247625142
    0.00695204735 0.149695754 0.931618333 0.188752592 0.546357989
    0.0645861924 0.861916542 0.756587207 0.170862079 0.00121492147
    0.205038637 0.104183763 0.550876141 0.75052321 0.104440659
    0.771385789 0.609616637 0.977889657 0.426306665 0.889957726
    0.850766182 0.754819274 0.798401892 0.702451408 0.2728315
    0.423345268 0.777152658 0.801541686 0.477800339 0.512473226
    0.0195806623 0.00287553668 0.910740137 0.265400231 0.534732103
    0.819877505 0.380648077 0.176146984 0.0524709523 0.195027262
    0.226713955 0.907987475 0.46944949 0.685659289 0.203153729
    0.966032326 0.684321523 0.532357752 0.153495044 0.0622155964
    0.555207312 0.896412969 0.386961967 0.769881845 0.0135838687
    0.717511237 0.909359217 0.626899838 0.426114023 0.109317213
    0.195873857 0.684065938 0.841443896 0.127101421 0.763590097
    0.740792274 0.54459846 0.571849108 0.984921813 0.0914611816
    0.392511636 0.205143213 0.542482734 0.822276175 0.0293658972
    0.391934097 0.429514915 0.389176399 0.428341925 0.308788598
    0.208293289 0.412036061 0.98262006 0.359877497 0.177118987
    0.759466708 0.48441425 0.977008104 0.617115617 0.762439787
    0.145306498 0.794260621 0.222865492 0.653104901 0.369288862
    0.178515851 0.333080828 0.432999015 0.434446424 0.852858305
    0.612143636 0.399916291 0.187140644 0.345139265 0.720485687
    0.368648827 0.491344422 0.25870496 0.732770681 0.0764962733
    0.245025963 0.61844492 0.082688719 0.519950867 0.581014335
    0.768299103 0.598977029 0.780578971 0.778250992 0.91608274
    0.993581891 0.841026306 0.528493822 0.215328306 0.369329125
    0.314646751 0.968205929 0.685260534 0.877139866 0.725155532
    0.326604992 0.519845843 0.233430177 0.921923041 0.214891285
    0.0064009428 0.0363167822 0.971728384 0.461826593 0.482439041
    0.188947827 0.532520652 0.528909087 0.346029133 0.518164992
    0.943634272 0.97868216 0.358077854 0.478819311 0.618793607
    0.584471166 0.629991114 0.409169257 0.335490167 0.858749509
    0.901485562 0.343551904 0.866632164 0.116313308 0.255287498
    0.298415959 0.895081162 0.384044796 0.972196817 0.935761809
    0.158059627 0.0174399018 0.526480258 0.979800701 0.720331013
    0.39130947 0.930304289 0.91033709 0.615696847 0.0213507414
    0.0749038458 0.507251799 0.340997219 0.64695549 0.741030753
    0.129916102 0.736822724 0.900287569 0.459017158 0.374056101
    0.92603457 0.52882266 0.639859796 0.757017255 0.974457979
    0.561902821 0.224610358 0.57396853 0.618334353 0.245871693
    0.411407381 0.374061435 0.253158331 0.789461195 0.107664108
    0.0151730478 0.0534015298 0.015728116 0.337504923 0.625944972
    0.122227103 0.341656744 0.0528237522 0.385565013 0.956045866
    0.921442747 0.806323051 0.356958032 0.372812331 0.325446546
    0.398946404 0.579623818 0.126628518 0.616885185 0.5772174 0.8392272
    0.259682715 0.900443375 0.932879925 0.362089276 0.616695225
    0.991348505 0.521413445 0.887985706 0.961634457 0.153772026
    0.976971388 0.528896809 0.616980195 0.558103681 0.241932899
    0.455405205 0.456072241 0.460178018 0.0546836853 0.948893726
    0.522557914 0.595632195 0.26843071 0.601469636 0.00839135051
    0.200634569 0.377563059 0.22151801 0.673838854 0.279388726
    0.85390687 0.114363253 0.900366783 0.862509847 0.105760068
    0.377651751 0.805965066 0.746493995 0.80251807 0.495971441
    0.18437922 0.0280126929 0.338577688 0.69959569 0.0663248599
    0.617093921 0.964442134 0.262449145 0.0828817189 0.224447459
    0.345183253 0.183628559 0.847007036 0.451648802 0.0889691412
    0.3024441 0.458128452 0.337382197 0.450305909 0.752729416
    0.643150508 0.331834674 0.751625896 0.583906412 0.0644721985
    0.6876086 0.361454695 0.735768139 0.708397031 0.906999469
    0.873546481 0.974596381 0.40632987 0.509215355 0.150729179
    0.575939655 0.0266217887 0.27768293 0.204798609 0.0241506398
    0.0691447556 0.243232995 0.557742834 0.331277072 0.750308752
    0.247746646 0.475081652 0.00441676378 0.0381187201 0.560470045
    0.901921272 0.558743954 0.927398205 0.691553473 0.202808261
    0.398454428 0.697690189 0.777674913 0.343369007 0.332790047
    0.985143185 0.408595055 0.497909069 0.79187572 0.485064685
    0.390637428 0.442029327 0.571820259 0.0190471411 0.47449252
    0.637521923 0.290424347 0.925383925 0.567640543 0.828789949
    0.010052681 0.0946539938 0.656117439 0.816290975 0.674234748
    0.0257121027 0.911200285 0.132998258 0.371606946 0.46059528
    0.301059067 0.31275034 0.526358902 0.715826809 0.78810209 0.51713711
    0.757789254 0.466237247 0.428804874 0.655090511 0.999607682
    0.947460771 0.70397073 0.747500598 0.195715368 0.0740679502
    0.233340114 0.509954691 0.938528478 0.792869091 0.221490532
    0.992580056 0.788594007 0.391094208 0.954865038 0.410169035
    0.941270828 0.905075192 0.00202408433 0.518494785 0.730123401
    0.108599871 0.868404984 0.125097096 0.911316037 0.499505669
    0.0539626479 0.800603151 0.623316348 0.427209824 0.228957653
    0.119220883 0.32932657 0.00298166275 0.131646097 0.0264761448
    0.00647360086 0.229819268 0.419055998 0.677716255 0.943752229
    0.721006393 0.421798289 0.265472263 0.289194882 0.459226251
    0.621952653 0.326518029 0.648647308 0.0794603825 0.129783452
    0.230795383 0.685625911 0.158192575 0.2394526 0.78764677
    0.0550941825 0.673929572 0.881914794 0.621887863 0.528574765
    0.796128154 0.397906214 0.65382123 0.37731123 0.316015899
    0.645051479 0.0736885071 0.0524609387 0.0734102726 0.838862538
    0.292685419 0.434303164 0.930700541 0.844807982 0.0384757221
    0.313172638 0.76355648 0.302310616 0.966362655 0.97758323
    0.679029644 0.399561673 0.519931257 0.881167293 0.625405073
    0.719839931 0.572748661 0.918157458 0.2395899 0.549526572
    0.489721686 0.26643461 0.638419151 0.404014766 0.685514748
    0.364546835 0.710291564 0.000640839338 0.58712256 0.118465126
    0.503255308 0.863934398 0.359570026 0.820756614 0.138439775
    0.433843166 0.315762103 0.763990402 0.626045167 0.0928562284
    0.60279721 0.0147545934 0.829199374 0.540960431 0.143024296
    0.335766762 0.794542074 0.259754956 0.987952352 0.231036484
    0.896194935 0.275079548 0.0109195709 0.146962792 0.967875838
    0.349588811 0.526755512 0.134633452 0.492621481 0.635733426
    0.15657866 0.0329967439 0.545015335 0.967063785 0.27601546
    0.0926165283 0.579225898 0.572551727 0.120955944 0.894651294
    0.722530365 0.167574108 0.274875343 0.00974929333 0.703145385
    0.737411737 0.350334764 0.0478035808 0.624110579 0.0966181755
    0.915147662 0.539148986 0.810936928 0.528892875 0.722373128
    0.62831986 0.337586045 0.879237413 0.521930993 0.824707031
    0.596911252 0.0658093095 0.523917794 0.910497785 0.491392702
    0.342832178 0.941151738 0.0914331973 0.12848255 0.626076996
    0.513945043 0.518398046 0.151702344 0.898016095 0.0916501582
    0.249602318 0.371702343 0.472408116 0.990233064 0.606635809
    0.346624106 0.368006915 0.45694077 0.624403834 0.344402075
    0.979601026 0.822864234 0.0809130371 0.379198372 0.455171406
    0.69314754 0.719708383 0.961632013 0.29169324 0.102784753
    0.00522607565 0.962158024 0.260435462 0.569195151 0.157475531
    0.166259646 0.690292954 0.143841803 0.0535842776 0.357224464
    0.981489778 0.69987154 0.972951651 0.552597165 0.788697124
    0.956297517 0.152772486 0.246176332 0.651290655 0.275122732
    0.434439123 0.33853966 0.364676118 0.76143837 0.583308041
    0.881204009 0.509007037 0.745337903 0.967961192 0.926117539
    0.292341322 0.944700003 0.032015264 0.274844468 0.828899145
    0.822278142 0.601207376 0.29693085 0.0256520808 0.35920307
    0.0538482666 0.752881527 0.723948896 0.903821945 0.464896649
    0.198589683 0.719859004 0.967152834 0.0632202327 0.0577050447
    0.964523196 0.855762601 0.47284326 0.552596331 0.562715232
    0.459233135 0.575744152 0.789821506 0.559902072 0.750899434
    0.903555632 0.921500564 0.353527308 0.839195132 0.0479491353
    0.902911782 0.454236478 0.423587441 0.849574924 0.69799757
    0.445051968 0.228548706 0.0166897774 0.789831281 0.473577887
    0.675447106 0.462913811 0.782925785 0.842910171 0.762048364
    0.704508483 0.639401019 0.657048583 0.939455628 0.491990626
    0.644090295 0.487781048 0.318835348 0.8451612 0.453348041
    0.599578559 0.365049601 0.0227655768 0.68517065 0.71944809
    0.304290652 0.783189416 0.393617541 0.695536017 0.11285305
    0.966449022 0.146828502 0.0391447544 0.697911561 0.455378294
    0.924907088 0.914813519 0.182073265 0.91354692 0.850193143
    0.997382343 0.651158094 0.693528891 0.875021815 0.758257985
    0.31385237 0.783178806 0.0559927225 0.435593039 0.482306182
    0.159187227 0.767798245 0.720814347 0.555480957 0.92407012
    0.113334984 0.139454246 0.801335931 0.552364767 0.997867942
    0.387360811 0.413399816 0.477018446 0.386582106 0.0442954898
    0.350830078 0.0657975376 0.0501971841 0.183228642 0.649109781
    0.323429167 0.772278845 0.0525785387 0.97461915 0.0392314494
    0.54987359 0.0352438688 0.879226089 0.00010073185 0.745429635
    0.630025148 0.370312572 0.105875224 0.366006076 0.437613696
    0.566344261 0.623347759 0.264570862 0.651909649 0.0951607525
    0.235598445 0.123148799 0.165918767 0.51202023 0.222228825
    0.253854722 0.26030004 0.566788316 0.0491716266 0.895478964
    0.748073041 0.440752685 0.438714355 0.8508991 0.230713874 0.96614182
    0.681833267 0.0451614261 0.930933595 0.419167995 0.787691414
    0.624253511 0.267981052 0.759260774 0.76225245 0.728963375
    0.275427669 0.226483792 0.555212736 0.25264436 0.380975306
    0.706813812 0.710122287 0.164054096 0.251055002 0.465828836
    0.770143509 0.223938704 0.9711169 0.58621794 0.00823485851
    0.160907269 0.781041622 0.991317272 0.840925336 0.414592296
    0.958714008 0.222821087 0.346210599 0.297595829 0.51762867
    0.0723202229 0.0916582048 0.420671582 0.844060719 0.594979644
    0.985396028 0.485632539 0.783355176 0.549883783 0.244021863
    0.317913234 0.976256967 0.409750402 0.33316201 0.318486333
    0.266968548 0.940947413 0.291947663 0.862057805 0.805508137
    0.617643595 0.520869195 0.0416670144 0.0165370405 0.574457169
    0.982585907 0.849710464 0.0258906782 0.967074156 0.524768233
    0.702307642 0.783638 0.192655534 0.244268298 0.0899152756
    0.670753598 0.412868828 0.964323878 0.334970176 0.655429065
    0.637933135 0.26457715 0.423648089 0.119187355 0.966446996
    0.948385179 0.0215002894 0.637709737 0.656047285 0.939467788
    0.180790395 0.098493427 0.812391162 0.0464148819 0.643550277
    0.450541586 0.502953351 0.210868865 0.00992783904 0.0382575691
    0.634128034 0.391372621 0.760214329 0.706101656 0.0571346879
    0.799101949 0.481336445 0.861096561 0.135749668 0.896068037
    0.514894366 0.749238253 0.291200697 0.753955126 0.749523818
    0.464636326 0.937770188 0.900240302 0.87851429 0.489493996
    0.00770190358 0.622114956 0.903006911 0.465093046 0.691433668
    0.824255168 0.122274309 0.274369031 0.926362932 0.00739526749
    0.484268188 0.340327919 0.664850414 0.591311276 0.143663466
    0.940508842 0.690715313 0.727598429 0.41438958 0.351988405
    0.466437966 0.662651777 0.523866355 0.893021822 0.697669506
    0.186928272 0.417381257 0.585870147 0.0307367146 0.0991777182
    0.0211469233 0.495836049 0.598313212 0.63636297 0.733931899
    0.218095958 0.64289397 0.936581135 0.269186914 0.778820634
    0.720273137 0.225567549 0.741813779 0.89873445 0.835236788
    0.434338748 0.157191247 0.718871772 0.909190416 0.105455726
    0.0913958848 0.408233345 0.917355061 0.976755202 0.934266806
    0.345049322 0.0224080682 0.622037351 0.717966378 0.966642857
    0.642139316 0.739322424 0.61149466 0.12201336 0.811247289
    0.830746353 0.62234211 0.749615908 0.582518101 0.150479108
    0.819719195 0.460757375 0.612114191 0.275537729 0.012915194
    0.422594428 0.140517175 0.0356036723 0.45380792 0.605665088
    0.273402393 0.468568057 0.820494473 0.974667907 0.754056811
    0.764464796 0.924696445 0.242494375 0.460321665 0.453742981
    0.49484098 0.102820665 0.0490998328 0.932834685 0.240963966
    0.267933637 0.536955357 0.0945635736 0.127039135 0.16967091
    0.736944377 0.273630798 0.0527051687 0.0123468339 0.0785066187
    0.280856967 0.498783827 0.156431437 0.650374293 0.753611565
    0.968036056 0.744281471 0.349865258 0.127060026 0.0217530727
    0.814790368 0.783082962 0.72541827 0.0394773185 0.375876725
    0.856488943 0.0344435871 0.920457602 0.43384394 0.35352838
    0.308388025 0.957159758 0.387031555 0.818742156 0.0720078647
    0.687361121 0.0996274352 0.0493361652 0.651810527 0.998921871
    0.637478113 0.896831632 0.860678017 0.79402107 0.488718778
    0.910023808 0.292592585 0.616312325 0.763895631 0.439580709
    0.708763242 0.928965807 0.211701185 0.129533142 0.269431055
    0.428416044 0.423891246 0.109311253 0.736717522 0.465200782
    0.288135856 0.451465636 0.0822558999 0.194205254 0.142500132
    0.894550622 0.387220293 0.980183244 0.473702222 0.425227523
    0.603306592 0.583752453 0.538713574 0.462086469 0.649804592
    0.0743434727 0.16640088 0.855403781 0.357252896 0.686235666
    0.194786519 0.522565901 0.103324682 0.975660801 0.752979636
    0.0195319951 0.883611441 0.00410702825 0.724787652 0.746683538
    0.594787359 0.0514386594 0.544564068 0.0339698792 0.717612267
    0.833528578 0.116357714 0.93248415 0.596956611 0.904536843
    0.0215266943 0.618635595 0.920622468 0.146890849 0.870372891
    0.697454214 0.20950371 0.147913396 0.117196292 0.338043392
    0.983952403 0.179623961 0.184007168 0.68718946 0.107268214
    0.807669997 0.489554554 0.415468037 0.432150126 0.549037516
    0.319965601 0.810905635 0.931399107 0.623398364 0.561306298
    0.853680491 0.253955901 0.455940396 0.895754755 0.535485685
    0.990910888 0.189883888 0.842617035 0.374225616 0.486541688
    0.667647123 0.78407228 0.537931859 0.254639745 0.313870996
    0.611465752 0.711217701 0.255504936 0.288967729 0.0356751382
    0.444498926 0.152654082 0.883278966 0.869561911 0.557602763
    0.521210432 0.276941985 0.434530199 0.133598357 0.585527122
    0.00295031071 0.684298456 0.801594496 0.308844835 0.610823035
    0.360705853 0.450352907 0.859112978 0.0869790912 0.452982754
    0.933464289 0.75276649 0.366232336 0.243908525 0.16756615
    0.818053603 0.860397935 0.58328265 0.774003267 0.0377198458
    0.273084342 0.969599605 0.27008158 0.605647147 0.385116071
    0.713219881 0.0309324265 0.263860136 0.394223273 0.143623561
    0.189843923 0.395534456 0.00836125016 0.991378367 0.586577594
    0.957120895 0.400723428 0.0713118315 0.451049685 0.474881202
    0.0821028948 0.160053849 0.675717831 0.0491786301 0.367238462
    0.163071036 0.957868218 0.216173947 0.0741668046 0.360257417
    0.166169196 0.327426791 0.348069072 0.965476751 0.932580829
    0.425286472 0.323276907 0.80608511 0.399114758 0.617245972
    0.868192971 0.769683301 0.980644703 0.676425278 0.760447145
    0.911533475 0.527942538 0.855596662 0.532221794 0.776921451
    0.326994032 0.445395917 0.0971965492 0.256170809 0.387793392
    0.445610762 0.797665775 0.0869303048 0.971661687 0.625986159
    0.165990055 0.801391244 0.475968957 0.93725121 0.164199829
    0.623185754 0.127904475 0.139306396 0.389751136 0.616574526
    0.165209949 0.170085907 0.965130687 0.0444227159 0.726819038
    0.862200797 0.502065837 0.683270812 0.60225457 0.0578992665
    0.639791369 0.624558866 0.935908735 0.444410682 0.839482188
    0.812241256 0.0391423702 0.0742459297 0.550400853 0.411675841
    0.547689855 0.283601433 0.771676302 0.365691125 0.556914449
    0.0235597491 0.354806364 0.353698194 0.383076102 0.0974174738
    0.184471965 0.762773633 0.0733161867 0.410680771 0.565743983
    0.818205714 0.921744049 0.585634828 0.642308831 0.103466481
    0.11370936 0.368128657 0.843759418 0.413727939 0.10806939
    0.998523116 0.845626712 0.901896119 0.555945635 0.640631795
    0.554200232 0.378046721 0.117600381 0.954809904 0.657457411
    0.508546054 0.522611499 0.525225222 0.323465884 0.0866244733
    0.77619195 0.910615981 0.858474135 0.979161024 0.656929433
    0.674667716 0.565834761 0.508336961 0.530710757 0.343443632
    0.612868845 0.97046113 0.512708008 0.786340415 0.500797868
    0.851681471 0.750050783 0.544060707 0.812624931 0.43909511
    0.459127635 0.285258055 0.646504819 0.367472768 0.413212538
    0.939174414 0.294231474 0.550470889 0.163819432 0.153019696
    0.782687366 0.121200234 0.846143842 0.637892246 0.351583064
    0.17937848 0.0519969761 0.427170217 0.685861886 0.437656224
    0.299727082 0.882633805 0.905744553 0.699011087 0.74408251
    0.099753201 0.399404526 0.028575927 0.955772817 0.535837531
    0.721792221 0.0584374666 0.990611434 0.883734465 0.00376528502
    0.143066883 0.0031363368 0.3647829 0.838792086 0.571718097
    0.491403997 0.967739046 0.703415036 0.88915205 0.154310375
    0.0937094092 0.514247477 0.743426681 0.00633108616 0.204412341
    0.401298702 0.371937811 0.994241238 0.685560107 0.880422056
    0.613057971 0.19963026 0.945376992 0.659269571 0.859815478
    0.925761759 0.684330225 0.673246682 0.653719187 0.712325275
    0.381472826 0.121870816 0.500144541 0.0895042121 0.0386869013
    0.149300307 0.167346388 0.0477268398 0.111515075 0.104648143
    0.186414748 0.149493843 0.768450439 0.187318832 0.918227375
    0.430927604 0.0813393593 0.841569424 0.814317703 0.284006476
    0.993838847 0.773563564 0.185115069 0.0740255415 0.960611165
    0.756950378 0.439102113 0.499390364 0.240848124 0.0809375346
    0.0669766068 0.301591218 0.0932797492 0.431272656 0.725752473
    0.384763062 0.266809165 0.999050319 0.304408282 0.216197073
    0.207058758 0.898574352 0.154881209 0.659205317 0.264617324
    0.695420325 0.655725956 0.797003746 0.931679606 0.931740046
    0.500505924 0.649516344 0.391822994 0.314199626 0.945426226
    0.0235333443 0.16368413 0.518200517 0.948365986 0.767848313
    0.413032711 0.331521809 0.971808314 0.484191537 0.732414722
    0.808940411 0.611255646 0.443687111 0.724841535 0.159255326
    0.405802488 0.243603021 0.804523826 0.0432302952 0.987458348
    0.626843333 0.474854887 0.177242845 0.545495868 0.665579438
    0.579050243 0.194066077 0.708916485 0.981761813 0.139593899
    0.0248302519 0.77377975 0.398175776 0.365043521 0.480239034
    0.996462345 0.659165025 0.0947678387 0.515221834 0.766126215
    0.916442156 0.492676497 0.0543817282 0.370719284 0.716089189
    0.712028801 0.459840387 0.956537843 0.692573309 0.540724814
    0.683681965 0.893348038 0.781310081 0.00986844301 0.00315380096
    0.964902043 0.676219285 0.598459065 0.306291699 0.350636721
    0.26971063 0.399982601 0.438069135 0.821383476 0.788794875
    0.319371521 0.102803469 0.263214588 0.565684438 0.196045011
    0.580518842 0.204966664 0.592099726 0.377588719 0.800054431
    0.370035052 0.239000708 0.534428596 0.47097525 0.363254845
    0.172068685 0.285474926 0.216906995 0.924254775 0.619597673
    0.419390678 0.113310277 0.624123096 0.884638906 0.713279963
    0.523089826 0.147288948 0.601173341 0.56277442 0.378738344
    0.272041023 0.737103105 0.105647951 0.662515283 0.639815092
    0.423863381 0.499089092 0.494121999 0.806233346 0.387952 0.129043788
    0.665473521 0.304319233 0.637791753 0.607123673 0.650168121
    0.905438721 0.254098237 0.937536597 0.850362122 0.832649827
    0.260648906 0.359922886 0.20855397 0.937314451 0.193132073
    0.660549104 0.252176225 0.400041223 0.0616810918 0.66929847
    0.544885159 0.722666383 0.0479685366 0.959365726 0.540721953
    0.541881442 0.40431717 0.15081057 0.245020807 0.93890065 0.309489548
    0.780723155 0.637643337 0.443890065 0.815725029 0.337481499
    0.214763045 0.535876393 0.322532564 0.00487324595 0.112257034
    0.887653232 0.333518803 0.704985499 0.897241116 0.818173349
    0.642291963 0.0421068072 0.179041803 0.971540928 0.820709705
    0.4394719 0.790606022 0.672191501 0.947811723 0.836278915
    0.119294405 0.156617641 0.0412178636 0.41413787 0.564093113
    0.996322989 0.601145625 0.22017312 0.541857064 0.667623401
    0.0796242654 0.0894533098 0.449473023 0.785342813 0.938709259
    0.194522679 0.621544242 0.965126932 0.819192052 0.797143817
    0.597804606 0.537325621 0.564106405 0.605568528 0.653991878
    0.590162933 0.381511509 0.00185886025 0.25614351 0.135866284
    0.928912044 0.0728756785 0.617670655 0.587138891 0.868072987
    0.648808777 0.430373639 0.821118474 0.963942647 0.3772614
    0.620997667 0.300628543 0.199321449 0.347505033 0.266924381
    0.310107172 0.116586983 0.169858664 0.954997301 0.175475478
    0.18205905 0.444973707 0.106102705 0.482657403 0.337130427
    0.468915969 0.787750959 0.181937993 0.243869871 0.812044144
    0.574717283 0.0900956392 0.334671676 0.802672148 0.760445833
    0.771683872 0.185748994 0.869164526 0.858627677 0.282829523
    0.587550521 0.139874637 0.407037735 0.135218292 0.360313952
    0.350559592 0.195151478 0.0103855133 0.286695987 0.0412149429
    0.587994814 0.795256913 0.429055184 0.396189958 0.882267594
    0.320030034 0.915476322 0.141762763 0.625692785 0.254567325
    0.771587789 0.131357521 0.172056317 0.197377115 0.101892948
    0.397672862 0.969892621 0.00791585445 0.0476885438 0.749590635
    0.128938049 0.0381636918 0.742097616 0.631493509 0.177324176
    0.310769439 0.0446766913 0.0145675838 0.155521631 0.496355623
    0.465170085 0.752478242 0.37337184 0.491614223 0.561303973
    0.037007153 0.333782375 0.666792929 0.332303464 0.0684835613
    0.859496593 0.670972168 0.884293675 0.0843203664 0.596965075
    0.0858741999 0.102585465 0.482857913 0.549371004 0.173165381
    0.667206228 0.25175041 0.545565605 0.404690474 0.388810933
    0.850357831 0.472983539 0.0130979419 0.618137658 0.450844407
    0.0416645706 0.253074527 0.606425107 0.167872339 0.357897878
    0.869006634 0.573582113 0.415900677 0.270423114 0.724040747
    0.475076437 0.0148358047 0.522022486 0.150953352 0.49685809
    0.89106822 0.171775997 0.448593646 0.0372837484 0.962785602
    0.990432501 0.482206464 0.273755133 0.733599961 0.804334044
    0.173123628 0.253186435 0.611559331 0.12296173 0.27222991 0.665353
    0.542329669 0.151126087 0.196873486 0.580041409 0.375851393
    0.178187609 0.537301481 0.875849664 0.228075266 0.94912219
    0.66567862 0.352517724 0.627252698 0.774111032 0.865925789
    0.677512527 0.243676245 0.826747596 0.537341356 0.546835899
    0.638003945 0.56157726 0.693335176 0.192477047 0.00779247284
    0.540223658 0.882534087 0.500837862 0.0279966593 0.372160047
    0.767462432 0.223786294 0.419327319 0.979648054 0.498768955
    0.541814625 0.192143887 0.90184921 0.633184671 0.504808307
    0.771693587 0.235561132 0.659357786 0.171935052 0.652252972
    0.422582686 0.0744997561 0.347977966 0.708256721 0.572003424
    0.105372161 0.0771670341 0.0288307071 0.0320571065 0.628019929
    0.328312188 0.599637747 0.93183136 0.355242103 0.530931056
    0.43312043 0.270166397 0.00131830573 0.832047343 0.79238987
    0.40659225 0.259304821 0.879407406 0.888596773 0.727956831
    0.153447896 0.0942030549 0.329822689 0.372231364 0.048280865
    0.252597958 0.462707162 0.199676961 0.768455267 0.772502244
    0.719520688 0.153523207 0.539885223 0.153804421 0.53496933
    0.993722677 0.73967886 0.052752167 0.246555597 0.0344161391
    0.459657431 0.4873133 0.969835103 0.0369217098 0.515677929
    0.839478254 0.844921827 0.906451941 0.932012439 0.120918125
    0.0759742856 0.218924522 0.990442932 0.786241412 0.117511541
    0.90310061 0.545891464 0.689994693 0.498062283 0.654450536
    0.985820174 0.710217714 0.881780624 0.568839908 0.06468907
    0.613950551 0.506283462 0.152308613 0.793190181 0.732327104
    0.370208174 0.342616379 0.551553726 0.0302072167 0.166359156
    0.881468475 0.122931391 0.472087026 0.476415902 0.283757985
    0.765127003 0.35914591 0.923423111 0.747746527 0.694837451
    0.130374789 0.0748119354 0.532903492 0.78759855 0.480815023
    0.802365303 0.720329404 0.168516248 0.222335488 0.160586089
    0.103077024 0.22035253 0.471618474 0.905985475 0.848506212
    0.396764398 0.520644426 0.988018036 0.829890728 0.878044546
    0.74237287 0.823105097 0.575954497 0.970215023 0.0823843181
    0.191760033 0.909964561 0.763491154 0.359915763 0.503055096
    0.788003802 0.588263869 0.600588858 0.188076764 0.966420293
    0.331093729 0.270804226 0.312480301 0.569971442 0.618008196
    0.194203347 0.405558705 0.935906827 0.883388758 0.0209389627
    0.969563603 0.0751568675 0.0852045715 0.727172732 0.800615311
    0.247805208 0.0097271204 0.172167808 0.677425444 0.639710546
    0.445378482 0.822573066 0.258877844 0.897058964 0.676519156
    0.783020318 0.44669193 0.00354847312 0.421591759 0.315705299
    0.631159782 0.754745841 0.902192295 0.0295411944 0.677639067
    0.462024271 0.257994711 0.210607558 0.332113326 0.492389888
    0.274948001 0.151843399 0.162845403 0.227081269 0.195958257
    0.588592649 0.480351239 0.752881825 0.766566038 0.376032263
    0.200858265 0.634118795 0.834497571 0.557300091 0.242709428
    0.0381420851 0.155521184 0.873490691 0.760839701 0.19233188
    0.181435972 0.942444742 0.324310839 0.358180821 0.0064701438
    0.796714664 0.59702462 0.286805987 0.202996165 0.550336838 0.1242688
    0.0330128074 0.181988865 0.663132668 0.434363008 0.736572981
    0.246182084 0.595148087 0.561216295 0.672245145 0.026751399
    0.150796652 0.456805468 0.107567936 0.605937243 0.563824296
    0.907208085 0.110474467 0.128803611 0.519438028 0.444583416
    0.296975434 0.475962102 0.338268518 0.99072063 0.0129910111
    0.947169781 0.75742209 0.187756479 0.18992725 0.771102548
    0.650423944 0.934377134 0.76935178 0.0773145258 0.128929615
    0.803049564 0.517378986 0.794831276 0.150277466 0.258206844
    0.591956913 0.351417959 0.542290926 0.990311265 0.749440134
    0.720680475 0.418260396 0.0930095017 0.32945478 0.151219338
    0.64029187 0.341817617 0.41838032 0.0575577617 0.536286592
    0.122892499 0.937843442 0.909638643 0.154392272 0.262901306
    0.841283143 0.112465173 0.394506067 0.275386155 0.900205612
    0.945062935 0.648832858 0.0239665806 0.106908649 0.185412854
    0.0682934225 0.192326397 0.670307338 0.843207479 0.311399549
    0.88423717 0.122585028 0.24863717 0.0879007876 0.941982627
    0.948653102 0.0143859684 0.215729892 0.563491344 0.167217404
    0.270170391 0.425184369 0.44277072 0.225709647 0.520024061
    0.231508851 0.349735796 0.313682467 0.136165529 0.814899564
    0.622785091 0.753328562 0.372132927 0.90141809 0.394474685
    0.73766607 0.645306826 0.647539794 0.642054737 0.530006349
    0.458650857 0.843193173 0.374125838 0.725177526 0.564442754
    0.262146831 0.994021058 0.102703065 0.766302705 0.285051078
    0.893202662 0.908194005 0.307889462 0.434907526 0.052141726
    0.225883782 0.671882689 0.19546771 0.927556932 0.13392657
    0.197541893 0.843395472 0.0998384953 0.638723314 0.164950103
    0.0901568532 0.6818555 0.884799004 0.0468470752 0.065756619
    0.683094144 0.185186416 0.187075675 0.5819453 0.665671766
    0.307238042 0.970301211 0.435962945 0.308842629 0.306859672
    0.465894789 0.466710359 0.176390201 0.0626967251 0.757500052
    0.555414379 0.265102148 0.37197274 0.776314735 0.254221231
    0.745170534 0.903727055 0.239139557 0.786494136 0.357818782
    0.319728196 0.628212512 0.345036685 0.535529196 0.511323333
    0.189705729 0.285641044 0.97660768 0.68509531 0.131980389
    0.621312976 0.284719139 0.506100595 0.997978628 0.873042464
    0.619390249 0.36866498 0.828702629 0.315418243 0.0482889712
    0.326022595 0.939311385 0.724040747 0.946019113 0.31527549
    0.904560804 0.229681253 0.537356198 0.714338899 0.285563171
    0.653683186 0.356351882 0.0856280327 0.686711073 0.613946497
    0.635056913 0.714933515 0.488115489 0.697662711 0.444850624
    0.0595749915 0.0777997077 0.579674423 0.786889672 0.636504531
    0.614530921 0.781030059 0.909980178 0.385775208 0.178137928
    0.409779966 0.00788196921 0.376385242 0.327517003 0.209183633
    0.636370957 0.323672116 0.545529425 0.510662675 0.898039937
    0.0328273475 0.69250828 0.38349843 0.165401578 0.59969008
    0.717440367 0.619834185 0.686397791 0.721608877 0.175214827
    0.512999773 0.920354545 0.607224882 0.631287456 0.0472205877
    0.52662313 0.124107122 0.290698111 0.128029138 0.136248201
    0.545477569 0.820409834 0.267831862 0.345660567 0.561743498
    0.0406609476 0.701666892 0.741833508 0.318327844 0.281659305
    0.864258945 0.0212824047 0.529029131 0.463437587 0.95477438
    0.147048891 0.759833455 0.516373158 0.208475977 0.552170634
    0.732659936 0.0970648527 0.995317578 0.421217263 0.454975039
    0.454242676 0.952779412 0.703056097 0.740312696 0.105593741
    0.651943386 0.93466264 0.221236616 0.270354807 0.899775922
    0.0178840756 0.793622971 0.823022664 0.217599362 0.686712265
    0.751247108 0.759867311 0.19814074 0.0446241796 0.159050733
    0.631493747 0.478550941 0.134753585 0.915641606 0.721414328
    0.273469031 0.370877951 0.264941394 0.975800395 0.767578721
    0.344016731 0.412899554 0.529436111 0.403062999 0.00810042024
    0.722944975 0.347190678 0.483476132 0.400187671 0.0740019083
    0.691641569 0.212928325 0.562159777 0.00400298834 0.824925661
    0.192559212 0.791286826 0.942744374 0.98791647 0.956284583
    0.977739155 0.464413851 0.396161735 0.220694304 0.186921716
    0.871053517 0.259180456 0.00486955047 0.942245722 0.334868938
    0.865672648 0.101914555 0.0764115751 0.240191042 0.558813274
    0.519488692 0.26322335 0.0332348943 0.500498772 0.76079309
    0.809207439 0.940641403 0.282094717 0.857275844 0.363344669
    0.717637777 0.610375702 0.116451323 0.216962636 0.961486816
    0.0644370615 0.544869125 0.35336405 0.251012743 0.490493387
    0.264883459 0.968195856 0.976133049 0.694910765 0.298294157
    0.977249563 0.818128228 0.613357544 0.510266602 0.840125561
    0.951405883 0.996535838 0.747433245 0.656861901 0.0918882489
    0.528030217 0.527268887 0.0187574327 0.281130731 0.631891489
    0.171040326 0.46407786 0.108295739 0.8426826 0.935787439 0.86733216
    0.925394773 0.0949907899 0.63693738 0.627557755 0.531057656
    0.458723754 0.573570013 0.209143907 0.0575745404 0.156651229
    0.688462257 0.286441982 0.802071691 0.399141788 0.0549558103
    0.694908023 0.746646166 0.767733693 0.134304971 0.476825923
    0.443414539 0.599800408 0.395342886 0.452127904 0.77923739
    0.27005747 0.628234267 0.646406949 0.920060933 0.820545733
    0.958415091 0.087551862 0.273929298 0.851939917 0.357833117
    0.235682189 0.809270084 0.0855396092 0.77299571 0.980136216
    0.181977749 0.584945083 0.307833374 0.791395783 0.492037803
    0.995320082 0.633607507 0.617882609 0.00916182995 0.0947929919
    0.0114725828 0.796769977 0.351672649 0.665405869 0.911860943
    0.143528372 0.175158918 0.00313046575 0.734936595 0.753499269
    0.0171910822 0.446674317 0.396471143 0.640666842 0.290763974
    0.445748776 0.549684763 0.985299468 0.866754413 0.451274425
    0.992174387 0.267597228 0.6625247 0.0402437449 0.446840942
    0.568893671 0.948310316 0.827848673 0.350979567 0.664792418
    0.680004776 0.57904309 0.829905033 0.938264847 0.761996984
    0.425399363 0.426496208 0.736655116 0.620561481 0.0979520082
    0.0269505382 0.235762954 0.266349673 0.0988288224 0.653028727
    0.869759381 0.165721178 0.729722083 0.551423669 0.858341157
    0.315014988 0.782496691 0.799665928 0.445545793 0.218139797
    0.536591351 0.134728819 0.699720323 0.611301184 0.814803481
    0.284115851 0.895848751 0.689814329 0.583458602 0.537777781
    0.759001374 0.356885672 0.31053561 0.0192714036 0.411514193
    0.4990291 0.843121409 0.391089559 0.300877512 0.346121788
    0.986311376 0.894137263 0.396813333 0.99864918 0.989155531
    0.492406875 0.8731848 0.465678573 0.375296712 0.401230991
    0.442773819 0.53418529 0.642945528 0.456351697 0.537255168
    0.910616755 0.812015653 0.685070395 0.50377959 0.679774404
    0.185446143 0.517508507 0.363321066 0.0660513043 0.090375036
    0.609483957 0.664322495 0.934926689 0.0936259627 0.319440514
    0.820122838 0.706925273 0.671397567 0.736897409 0.403184563
    0.137706429 0.98527652 0.531680584 0.132770509 0.966905653
    0.94799304 0.456838727 0.012575686 0.483447999 0.419476926
    0.873328984 0.961700976 0.466701418 0.727748752 0.569374859
    0.896012306 0.241712421 0.709946513 0.529331148 0.720002592
    0.466749758 0.877705932 0.203997105 0.516265213 0.589988887
    0.390864849 0.917131007 0.576906204 0.267060339 0.0792304277
    0.592644453 0.299142659 0.81132555 0.837958455 0.542764783
    0.497639835 0.0966739357 0.274870843 0.880756378 0.338563442
    0.105331004 0.123165101 0.548910558 0.499292761 0.0758959055
    0.350039601 0.175679475 0.539560974 0.841548085 0.137571007
    0.85054642 0.681079745 0.0435272157 0.465308905 0.922759891
    0.7811867 0.191946089 0.152728617 0.4487454 0.604757249 0.0571513176
    0.69376719 0.344121277 0.579868257 0.257164061 0.491430521
    0.906818271 0.464203268 0.236883014 0.921808481 0.564424753
    0.497098088 0.334648252 0.343507439 0.603655517 0.313082755
    0.0141804218 0.763295531 0.909653783 0.0624952614 0.443977207
    0.740311384 0.195071667 0.90451479 0.383371443 0.545111775
    0.961278439 0.298774004 0.609613776 0.877481699 0.00206252933
    0.106759518 0.59531337 0.638907194 0.844526768 0.796882868
    0.547932446 0.107863337 0.492741913 0.41175124 0.0774561465
    0.182406217 0.798261046 0.877812147 0.538193345 0.560915947
    0.116619587 0.246665061 0.791919231 0.019998014 0.941931009
    0.0269363821 0.551500201 0.189791411 0.134273291 0.527661026
    0.843312204 0.941117704 0.865217805 0.430290669 0.152881622
    0.555701196 0.243403196 0.975365281 0.566221833 0.749250174
    0.646648407 0.324721038 0.602858782 0.652134418 0.533872426
    0.836391449 0.957811058 0.417945296 0.145322472 0.364087433
    0.708612025 0.078974992 0.483779609 0.155225903 0.15448758
    0.08627823 0.88207382 0.450102419 0.260399699 0.390538663
    0.880837679 0.998866439 0.130705744 0.922995746 0.469826251
    0.234495431 0.00947576761 0.64505744 0.748239636 0.797549605
    0.0728642941 0.713213027 0.19233197 0.689023614 0.387748182
    0.664648116 0.477352083 0.570072889 0.656449318 0.183358967
    0.413949728 0.774796247 0.792662442 0.0126464665 0.204060733
    0.844289541 0.818594515 0.19724974 0.871588111 0.0341302752
    0.673475623 0.0712128282 0.716906309 0.901978076 0.496278942
    0.614950001 0.581843853 0.201358885 0.376960218 0.21680212
    0.231568277 0.765765727 0.189112157 0.515392542 0.028519392
    0.942392826 0.0269069672 0.873704731 0.0883816481 0.072906673
    0.556508482 0.302217066 0.0271234512 0.918213725 0.483865589
    0.13921383 0.204420298 0.0995600224 0.115844309 0.264054418
    0.727983415 0.404260278 0.568377495 0.107596666 0.908978164
    0.58143115 0.799823523 0.798304081 0.00104856491 0.9290483
    0.391052395 0.606158257 0.564262271 0.854471862 0.712632895
    0.526609898 0.469959199 0.556281567 0.87678194 0.15555191
    0.417274773 0.240122527 0.448474526 0.99182272 0.966947854
    0.87403512 0.954800665 0.221523643 0.813294291 0.516780138
    0.181575447 0.410426319 0.522657514 0.123529613 0.0606386364
    0.245211959 0.344544947 0.392873347 0.5547719 0.429157674
    0.738697886 0.238382578 0.377170801 0.829070568 0.997763038
    0.204725236 0.224874943 0.133404672 0.214510232 0.940486729
    0.531241536 0.203544825 0.20439896 0.33833608 0.506738067
    0.850638628 0.267650306 0.0161617398 0.477050304 0.65105933
    0.211688638 0.557500303 0.432687134 0.606178164 0.391536295
    0.475986838 0.336772978 0.998088777 0.827242494 0.1329422
    0.266974747 0.270344079 0.950608134 0.351066887 0.194670379
    0.950582087 0.16449517 0.547667444 0.157754034 0.290232152
    0.0862106681 0.202064574 0.111169517 0.826421976 0.95890367
    0.738101482 0.734273732 0.0297422707 0.98985219 0.924414873
    0.832422674 0.102273732 0.504703104 0.533583641 0.0137417912
    0.428213894 0.213058352 0.849283814 0.00949236751 0.685739517
    0.335569948 0.516576648 0.00262278318 0.482388824 0.408343256
    0.0341505408 0.650206506 0.201759189 0.59846431 0.665051579
    0.478776395 0.308452785 0.222541809 0.320977598 0.152387202
    0.23205772 0.821300566 0.29498446 0.21505329 0.451314867 0.088968724
    0.659066081 0.492004126 0.849728465 0.266299307 0.922915101
    0.0460363626 0.272820532 0.380244136 0.568906486 0.57504338
    0.256824911 0.76457262 0.810808718 0.271674633 0.341009498
    0.426470906 0.425381482 0.483858854 0.319219053 0.0405898392
    0.0448149443 0.195423484 0.112736821 0.652465045 0.828171492
    0.936501265 0.356706738 0.50633049 0.535050452 0.330607057
    0.00386348367 0.809084415 0.0834076107 0.613404393 0.962392569
    0.26391536 0.0352523923 0.705941796 0.003726542 0.331593841
    0.713982522 0.900205016 0.954225421 0.583093286 0.524836421
    0.285204589 0.669134736 0.374811143 0.817111969 0.336210221
    0.356619567 0.892803311 0.296867073 0.764780164 0.0424167216
    0.176087677 0.295639634 0.778642654 0.637086868 0.801908433
    0.311578333 0.142276257 0.673009157 0.389335871 0.251344919
    0.973610401 0.223112315 0.309934497 0.490637392 0.504000723
    0.226784945 0.437561989 0.179789066 0.124239504 0.793480754
    0.901784897 0.595643163 0.165204614 0.898295522 0.397642851
    0.377908885 0.591279268 0.750130534 0.28148973 0.0897868872
    0.607345283 0.382247508 0.960786223 0.540830135 0.37290293
    0.348491609 0.643906593 0.50266701 0.301136225 0.303471506
    0.450311184 0.42090559 0.502932847 0.312856883 0.525972486
    0.918897033 0.0290867984 0.318972945 0.392101705 0.522610486
    0.505850613 0.712872326 0.784740865 0.302475005 0.274410725
    0.299444824 0.159396112 0.414262414 0.837957621 0.304258227
    0.592013597 0.62613523 0.60228157 0.16687575 0.792521834 0.960962534
    0.657665908 0.00341662765 0.195869029 0.0112304389 0.453851998
    0.0499637425 0.15046379 0.00192651153 0.760233402 0.560702622
    0.363069952 0.160862327 0.218339443 0.309867322 0.79727006
    0.0150788426 0.685303211 0.841684341 0.600669861 0.686709583
    0.95154655 0.927615464 0.410198003 0.252195656 0.845539808
    0.902258515 0.143466175 0.670937359 0.435896784 0.783355594
    0.415250003 0.101890296 0.620809793 0.732153535 0.512500644
    0.441067874 0.667803645 0.985574245 0.440858126 0.683544159
    0.150791436 0.943081677 0.139361501 0.453091562 0.502601445
    0.569607913 0.0553631186 0.474404126 0.413339943 0.448561013
    0.58735013 0.244363874 0.688249588 0.765565217 0.0206327736
    0.362170935 0.192471594 0.000519633293 0.155658007 0.152306139
    0.482407928 0.244664043 0.220931351 0.978277445 0.961959124
    0.129280418 0.849084616 0.132297933 0.410600901 0.801334321
    0.948269486 0.595930398 0.0848349631 0.74226445 0.63019985
    0.371947706 0.0447542667 0.726100802 0.589412689 0.452715695
    0.664574027 0.255243093 0.909464359 0.465926915 0.358061433
    0.0093536973 0.883226037 0.913949728 0.14730224 0.286952734
    0.0352051258 0.106333911 0.0597690046 0.884728014 0.818629503
    0.550963819 0.0941978991 0.356033236 0.604674101 0.587266088
    0.241796494 0.47632587 0.811545372 0.69103086 0.938706517
    0.412413925 0.6228562 0.299510598 0.12438184 0.431830525 0.154695779
    0.39073509 0.216746122 0.105252832 0.0281934738 0.126578659
    0.385894239 0.126504153 0.923059344 0.386370003 0.859749436
    0.923818827 0.445954263 0.721792042 0.0454288125 0.848027349
    0.181502789 0.0519347489 0.444453001 0.84170115 0.376081824
    0.489690334 0.647386134 0.95690757 0.825939059 0.652643919
    0.791587651 0.687767148 0.238180012 0.0240015984 0.602571726
    0.318295836 0.245316982 0.452394366 0.217309505 0.406721711
    0.0763347447 0.432864159 0.586230874 0.703755558 0.847445488
    0.281597376 0.874866962 0.745316803 0.853616238 0.184468955
    0.234284103 0.0323847532 0.518074334 0.00205156207 0.895426393
    0.22461918 0.602156997 0.195630193 0.0746785104 0.878891945
    0.0610918999 0.495988697 0.60195291 0.598144352 0.454090446
    0.100870162 0.598653674 0.205523968 0.293495536 0.809930682
    0.592375875 0.694081903 0.490572035 0.652218282 0.745275676
    0.185963154 0.668560624 0.31725812 0.41533044 0.3668468 0.961479664
    0.283203363 0.0256900191 0.733804882 0.859937549 0.425453514
    0.953103781 0.0821346939 0.204232991 0.673058033 0.974020243
    0.527863443 0.497150719 0.417568296 0.0527787805 0.9124403
    0.873376846 0.201283455 0.920568109 0.685521483 0.330011249
    0.757425308 0.412193835 0.89384985 0.224716872 0.727995634
    0.246931016 0.774181008 0.129460722 0.7938146 0.741595626
    0.641559839 0.669670582 0.66408062 0.788378954 0.227964371
    0.681788921 0.139522552 0.289563477 0.918542027 0.368154228
    0.0573939085 0.214537948 0.851673007 0.196098089 0.378348589
    0.250218362 0.285654008 0.130294681 0.352522731 0.481604099
    0.206625342 0.969645619 0.747674048 0.771149039 0.959092855
    0.795980155 0.0142595172 0.228654295 0.231808305 0.791609406
    0.863460839 0.357837975 0.244294375 0.152641296 0.0314460099
    0.663358092 0.249175489 0.250893772 0.502390385 0.391032845
    0.615266204 0.781867981 0.655801713 0.975747108 0.785091639
    0.442073405 0.634242713 0.932652354 0.777804077 0.703879237
    0.269099683 0.154350489 0.616436541 0.0329335332 0.314364582
    0.480755299 0.303851724 0.45929575 0.584482849 0.370625854
    0.169250667 0.597734213 0.718961358 0.939562857 0.872231483
    0.828599274 0.243408829 0.304222196 0.581865311 0.828520417
    0.408744842 0.939367056 0.974444509 0.990652084 0.0592091382
    0.111286163 0.494409412 0.897464156 0.848261714 0.778838158
    0.256029665 0.691285908 0.627782762 0.0199624896 0.423520416
    0.69450736 0.0365777314 0.835903525 0.696443558 0.571621001
    0.399220407 0.69497937 0.309544683 0.547831535 0.138583094
    0.747971535 0.371970206 0.843149424 0.461851388 0.450264663
    0.438608706 0.435898006 0.96707499 0.114948124 0.422526658
    0.260375321 0.456760347 0.0783611536 0.46284306 0.11713317
    0.579187453 0.923408985 0.827177048 0.160656154 0.41479364
    0.952219009 0.565785646 0.537675858 0.523075163 0.911427855
    0.424634606 0.766064048 0.640523195 0.40705651 0.97966373 0.81561625
    0.101769626 0.853928983 0.895081639 0.411704272 0.385181338
    0.227961153 0.283526599 0.199250698 0.665420651 0.776410103
    0.309713155 0.513851583 0.726100922 0.692931831 0.112708241
    0.560407996 0.248432875 0.482382357 0.902701855 0.241460383
    0.294875026 0.960541725 0.507319391 0.0134620667 0.482819378
    0.0249458551 0.487189412 0.293706298 0.766308665 0.228095531
    0.846890092 0.272537768 0.247009039 0.203818381 0.342048794
    0.450781256 0.224495262 0.88611263 0.931911945 0.363337517
    0.351966411 0.414092898 0.44316411 0.440017015 0.987895668
    0.932181239 0.926624537 0.0214256644 0.708042264 0.34773165
    0.306402862 0.464133501 0.316893816 0.763356686 0.278849542
    0.68223083 0.722109854 0.803718686 0.219418019 0.711183727
    0.284921229 0.645649195 0.756262362 0.909090281 0.413643658
    0.1172297 0.982630372 0.483695239 0.272805661 0.755333126
    0.507246196 0.543589771 0.310233295 0.708655417 0.890158534
    0.492067188 0.584967375 0.36153245 0.454548955 0.996584892
    0.618547142 0.419715524 0.74238956 0.981926918 0.00552332401
    0.559410095 0.229346305 0.452103883 0.0151630044 0.0589824021
    0.91198504 0.582480431 0.400972664 0.369674832 0.876685977
    0.816460967 0.994918227 0.960921288 0.484352976 0.633121252
    0.13079226 0.542975545 0.710449457 0.717163742 0.0185540915
    0.00386318564 0.330357671 0.452357173 0.18862018 0.966612339
    0.142433196 0.310644865 0.640265465 0.717902601 0.865308404
    0.149424583 0.740097463 0.857532084 0.325132072 0.986371577
    0.0469829738 0.462649435 0.802538216 0.425340742 0.186584324
    0.593107939 0.265990645 0.572879612 0.528731704 0.481835991
    0.140196651 0.231948704 0.242824018 0.682625115 0.923130155
    0.811811686 0.42062223 0.162100434 0.312526464 0.535430253
    0.84722656 0.753505766 0.990551591 0.35270533 0.551463723
    0.152484804 0.0298273265 0.759971619 0.624893785 0.131439328
    0.473276526 0.237132519 0.981036305 0.0148098469 0.089181453
    0.271682441 0.7423715 0.935870886 0.0865719318 0.199125797
    0.042182833 0.419351995 0.251434445 0.269438088 0.0695111156
    0.687844932 0.633503675 0.964256108 0.867991805 0.587499022
    0.168966383 0.0990839005 0.214997828 0.530479372 0.250185311
    0.832728326 0.682203531 0.185912699 0.496322751 0.575105011
    0.178355753 0.920634866 0.0124686658 0.873289824 0.105206132
    0.879011631 0.945017219 0.384832293 0.527511895 0.245547473
    0.537355244 0.371697545 0.817911625 0.657662332 0.613387823
    0.10770008 0.638757885 0.574813604 0.774462342 0.0829566121
    0.652895212 0.12906304 0.202293366 0.949115992 0.469808906
    0.964517236 0.675919175 0.329704672 0.738396227 0.862461388
    0.285802543 0.361228824 0.897032261 0.303655595 0.695534289
    0.842400074 0.157191902 0.262857437 0.543506026 0.245494246
    0.320499033 0.578998208 0.820763588 0.440799624 0.194618702
    0.72882092 0.466593087 0.572079062 0.564250112 0.884716749
    0.634965181 0.0372636616 0.185164392 0.67775929 0.788553476
    0.35370791 0.344326586 0.78963083 0.607260048 0.0187507272
    0.896149397 0.260418296 0.46883601 0.732996523 0.15198499
    0.00593528152 0.229074419 0.73988533 0.192552179 0.552669108
    0.404596299 0.755893648 0.233278811 0.844539285 0.617903113
    0.477323681 0.0241660774 0.403873324 0.311298758 0.213119149
    0.658371627 0.709039927 0.0388593972 0.956121087 0.302962542
    0.969687641 0.16100049 0.968213797 0.981199503 0.574633121
    0.905122221 0.732258856 0.697851419 0.35398984 0.310069084
    0.132188648 0.873919964 0.627122164 0.0504558384 0.574034631
    0.0130784214 0.989563525 0.515810013 0.361688942 0.83905369
    0.154832542 0.551159918 0.708783388 0.0311404467 0.15929535
    0.182875782 0.934172273 0.603860617 0.293568134 0.810671866
    0.1638529 0.314398408 0.487589717 0.671710789 0.478325039
    0.627796292 0.173863262 0.430323124 0.273752302 0.862154126
    0.977386832 0.268042743 0.463688552 0.881011486 0.568403721
    0.634555459 0.541242421 0.615631998 0.208664507 0.520103753
    0.899426103 0.131763905 0.800461233 0.0328772664 0.905142426
    0.356304109 0.541649163 0.0619937479 0.830447674 0.0873948634
    0.0478689075 0.0786225498 0.361204386 0.269606382 0.379427254
    0.289806724 0.0496721566 0.464293778 0.877691627 0.349125326
    0.972904921 0.146069854 0.500448704 0.609494328 0.0880156159
    0.00138711929 0.968920112 0.820798337 0.780936003 0.334809452
    0.719955027 0.963904321 0.193638533 0.283571124 0.490938544
    0.835637927 0.300518751 0.684511185 0.217570722 0.546590567
    0.457753479 0.67797792 0.96440798 0.534692168 0.117865294
    0.192639709 0.617944002 0.883868933 0.328699648 0.311637461
    0.882897019 0.160463721 0.228942662 0.37525624 0.8648597 0.568413675
    0.724656343 0.725305617 0.70593816 0.47546041 0.703076482
    0.531716287 0.964514971 0.145266324 0.197321057 0.567504883
    0.18086341 0.0841609836 0.518332601 0.927249551 0.217764318
    0.550002038 0.823348165 0.941432297 0.764099717 0.223819882
    0.820333719 0.0658653677 0.523532391 0.500493288 0.885887802
    0.264570236 0.610810697 0.0029784143 0.971368909 0.332587302
    0.0630051792 0.749859452 0.301104933 0.520288229 0.965715289
    0.37538147 0.706506312 0.973559678 0.467471391 0.0276561379
    0.804250777 0.766784608 0.636854529 0.717767656 0.132275611
    0.342553347 0.115181208 0.408580333 0.101521134 0.710926294
    0.791689396 0.315781206 0.801502407 0.799497843 0.433957875
    0.320477128 0.734643221 0.985530972 0.108529538 0.609775126
    0.99059242 0.0999490023 0.445390224 0.5322451 0.462552816
    0.692139864 0.0504190028 0.950325012 0.378941685 0.957185626
    0.248446882 0.206393301 0.754846692 0.497121602 0.955864847
    0.352827668 0.970618486 0.418170005 0.23545599 0.146367639
    0.425398588 0.368382901 0.698001504 0.500052869 0.710618913
    0.887001276 0.495519996 0.0267536938 0.392418891 0.202846438
    0.15493685 0.606303096 0.954131305 0.934170246 0.109545708
    0.639252305 0.032499373 0.87409997 0.654832602 0.593826652
    0.278172016 0.20349595 0.376494884 0.80351007 0.756087184
    0.0450081229 0.102400243 0.799485266 0.660789132 0.215907782
    0.347702205 0.452420503 0.13430205 0.310963094 0.0475333631
    0.0385343134 0.0871374309 0.299382776 0.767450154 0.45008564
    0.661764383 0.861777186 0.379379511 0.0169917345 0.242287546
    0.148609817 0.83430475 0.119385779 0.0366121531 0.239783347
    0.780451536 0.355348408 0.0804444253 0.25559628 0.91992712
    0.232638836 0.345948994 0.41683799 0.760910988 0.702682853
    0.259929061 0.940333724 0.881152809 0.287025392 0.211889416
    0.172973931 0.576547861 0.606596351 0.87756139 0.743480444
    0.0953377783 0.43793276 0.643743634 0.248420656 0.834459126
    0.058126688 0.0263394415 0.598948777 0.663379908 0.0555098057
    0.952108741 0.451022446 0.0524044037 0.466879368 0.980434179
    0.965853095 0.645664692 0.945946693 0.760629058 0.713171422
    0.242982447 0.678954899 0.916698337 0.701130986 0.980079293
    0.737723649 0.638498187 0.670409441 0.334330052 0.581610203
    0.866199017 0.239460975 0.745899558 0.00930505991 0.184051931
    0.501637161 0.221794397 0.453859061 0.141097844 0.567280471
    0.226088077 0.92895931 0.692132413 0.583699048 0.410077602
    0.573629916 0.825268626 0.73178196 0.774676204 0.427807093
    0.439396113 0.248779893 0.254926622 0.696947575 0.545855582
    0.703104377 0.421877414 0.823241591 0.736114621 0.333789796
    0.716638029 0.413437814 0.160633296 0.785869598 0.722101331
    0.893724203 0.302761346 0.238412529 0.254132152 0.722358048
    0.508514941 0.302800357 0.467409104 0.508220613 0.627182722
    0.717386246 0.0318288803 0.0662302971 0.750593841 0.345844954
    0.300012499 0.690909982 0.361026287 0.592414975 0.474314123
    0.658956587 0.956795216 0.0459071398 0.862169385 0.781254947
    0.245196909 0.856863618 0.985137939 0.940521836 0.843976736
    0.802402258 0.859449923 0.0207813084 0.0594934821 0.976600647
    0.938236117 0.86482358 0.799200773 0.79026103 0.130419731
    0.225551695 0.00340598822 0.246911049 0.154820919 0.847398043
    0.383855641 0.727638423 0.44211936 0.995430052 0.474925369
    0.874633908 0.469604462 0.27347818 0.013592571 0.478649169
    0.708343923 0.191720188 0.842302382 0.873710155 0.65072757
    0.698972106 0.595426559 0.779078066 0.86777699 0.922506452
    0.0503194332 0.397537708 0.991763234 0.0231160223 0.784144044
    0.245952576 0.390438229 0.38058275 0.47685346 0.561589062
    0.773491979 0.814346313 0.820101619 0.373254538 0.545164943
    0.87566328 0.125717521 0.329295754 0.0863589644 0.493080586
    0.88797164 0.838508725 0.148754358 0.27713713 0.0651230812
    0.931528211 0.824223161 0.636832833 0.671534956 0.491894215
    0.640987873 0.104776293 0.807600737 0.891298652 0.859311223
    0.715578437 0.221282154 0.987840414 0.492426723 0.506059945
    0.820005298 0.738041759 0.739664435 0.39588052 0.558588624
    0.26698482 0.286745489 0.59285742 0.799909234 0.255662799
    0.128446937 0.144861758 0.0996387601 0.114634722 0.27876693
    0.93256861 0.215672731 0.878239512 0.664916158 0.0987442136
    0.745304942 0.922463775 0.0690238774 0.365815431 0.495956123
    0.308121622 0.0897639096 0.332202345 0.0507558584 0.699159205
    0.121809989 0.27875644 0.666551828 0.0183480382 0.773104191
    0.611908615 0.409204215 0.839092374 0.438283086 0.782291591
    0.754423738 0.659067392 0.946006656 0.40997988 0.492099106
    0.620940804 0.803842425 0.847062349 0.708690464 0.818082929
    0.45238027 0.578217387 0.295315027 0.104957491 0.735915422
    0.288867384 0.023973912 0.243537545 0.076141417 0.987552822
    0.505637705 0.386352837 0.840574682 0.593226731 0.738931775
    0.18240279 0.203087628 0.399583668 0.637282014 0.512939811
    0.398296416 0.203320682 0.319062352 0.331902057 0.74844265
    0.775826633 0.710345328 0.1348252 0.0637460351 0.196299374
    0.0191831291 0.657012343 0.921341896 0.4409329 0.96713835
    0.502267182 0.741032183 0.688530564 0.0350478888 0.222333938
    0.92720902 0.584292471 0.762127876 0.214992672 0.968262315
    0.0375731289 0.316282839 0.670687914 0.773044288 0.0414484739
    0.326618731 0.262898743 0.783236146 0.687752068 0.196355671
    0.578031421 0.641348124 0.531691611 0.514659762 0.276323438
    0.451396167 0.941455007 0.560542464 0.923435152 0.353591561
    0.332594275 0.9781394 0.88834846 0.782595396 0.205760956 0.341553152
    0.433671087 0.950400293 0.382808238 0.909716845 0.297526538
    0.374043405 0.391634345 0.407633662 0.63097775 0.541199505
    0.278692752 0.415150672 0.12891227 0.380437851 0.810382009
    0.505195856 0.930912614 0.0434374213 0.69002676 0.370370567
    0.992843509 0.376530945 0.129031867 0.0109382868 0.936329603
    0.641612411 0.849740028 0.110958427 0.470647991 0.871218145
    0.630542994 0.228660345 0.960665226 0.391754866 0.725916564
    0.5460006 0.673561096 0.145907789 0.910365582 0.694752574
    0.575462818 0.197630346 0.715994835 0.52762574 0.0392606556
    0.776628375 0.530095577 0.650799096 0.703034282 0.643030703
    0.262548268 0.234098673 0.809049845 0.790645599 0.745774388
    0.877532959 0.223113388 0.00810229778 0.832525849 0.00227418542
    0.61056 0.958076358 0.745570242 0.295044422 0.991953373 0.994212508
    0.0287154317 0.840679884 0.936741948 0.317485273 0.11822328
    0.311420262 0.982338667 0.0487217009 0.00876027346 0.488776386
    0.701005042 0.409444451 0.0197736323 0.371295154 0.582795501
    0.167410254 0.353524566 0.0189368129 0.551670909 0.290370882
    0.8602736 0.628853679 0.596760571 0.90024966 0.118315339 0.361637086
    0.64226377 0.542812288 0.682651281 0.522944808 0.360258758
    0.144189388 0.883499146 0.816926479 0.494150758 0.735923648
    0.112980068 0.683414936 0.569698215 0.20147863 0.561297119
    0.220521003 0.527801216 0.719791055 0.475650191 0.244139612
    0.935296416 0.370464265 0.918598771 0.348229647 0.523288369
    0.536488533 0.219218165 0.0825162232 0.746406317 0.814174294
    0.843178153 0.416619062 0.761094749 0.951457024 0.609225035
    0.0897270441 0.875527918 0.617459238 0.626144946 0.319676846
    0.818329155 0.928591013 0.496381789 0.912741065 0.144168139
    0.299494267 0.481982678 0.51598525 0.342887044 0.190202266
    0.826426744 0.510161817 0.092326194 0.844958305 0.531796932
    0.168177992 0.731251001 0.0188714862 0.300653458 0.477698714
    0.98141712 0.0468093753 0.669771075 0.0331706405 0.884397507
    0.735122144 0.249589175 0.33889541 0.379725844 0.0375712216
    0.337017477 0.0977746844 0.460329443 0.504054904 0.814731479
    0.950851321 0.92620182 0.475345314 0.581504166 0.9093889 0.498788804
    0.350095987 0.27430588 0.265401423 0.989465714 0.499972403
    0.879969954 0.195336729 0.988482416 0.118197441 0.381746888
    0.883290887 0.282270968 0.39283824 0.840094566 0.0769407451
    0.980259061 0.85312283 0.977977633 0.914721489 0.0492610037
    0.0609450042 0.166214228 0.617537856 0.919598818 0.866982341
    0.930132985 0.811491132 0.20291689 0.198769957 0.923741579
    0.938569903 0.432326436 0.624537945 0.979468584 0.828104913
    0.742759764 0.284012377 0.680269659 0.445800453 0.66079855
    0.485053301 0.607587576 0.252787948 0.488836348 0.0269031823
    0.894668102 0.365745693 0.32690981 0.998489976 0.656681299
    0.611777067 0.527983069 0.753930092 0.3531183 0.367155552
    0.858937502 0.182418942 0.997113824 0.967192531 0.268604934
    0.347032875 0.114402682 0.0790641606 0.172512174 0.587186217
    0.0919647515 0.898045063 0.52315259 0.115721643 0.920098901
    0.240270555 0.955189168 0.556686342 0.221644521 0.722189188
    0.433429778 0.708439469 0.996729732 0.028673768 0.524987161
    0.0031029582 0.712962985 0.544984818 0.186474681 0.784216046
    0.478209287 0.980902195 0.987334013 0.695042849 0.577801824
    0.469063848 0.360673606 0.907697082 0.510887504 0.762934148
    0.677216828 0.321324497 0.25985232 0.808745027 0.862643361
    0.715273917 0.995422602 0.577207744 0.91326797 0.111680746
    0.162649572 0.196158201 0.874040961 0.624053299 0.949462295
    0.248331487 0.230701298 0.6829319 0.761433661 0.213341773
    0.625543058 0.703029394 0.253031015 0.101124704 0.0113347471
    0.430408716 0.433946878 0.0970841646 0.414184064 0.118440062
    0.00435042381 0.624093056 0.226334572 0.439581513 0.137139589
    0.174208403 0.408253491 0.870502949 0.223602563 0.944496334
    0.504176795 0.725905001 0.349780798 0.737527728 0.815316737
    0.166818678 0.706038952 0.451519221 0.0843682885 0.131893486
    0.606109977 0.56922859 0.971769869 0.825796425 0.420249403 0.7410447
    0.727838397 0.233947217 0.185543448 0.5721668 0.91763556
    0.00130152702 0.516848981 0.437805772 0.0126311481 0.586863816
    0.854310751 0.51889205 0.785137832 0.436656654 0.605804384
    0.395436794 0.13427949 0.842056751 0.435939878 0.481823146
    0.389184505 0.788612366 0.791080832 0.036239624 0.754443169
    0.347992003 0.317189038 0.22049433 0.0948545933 0.508478522
    0.530131936 0.157253772 0.730402529 0.231789201 0.798972607
    0.679700434 0.0741413534 0.992913723 0.465762436 0.415341973
    0.15120545 0.669563174 0.761496305 0.189599335 0.159697205
    0.567418993 0.918324411 0.658807635 0.380954713 0.794088244
    0.893290758 0.0631351471 0.89471972 0.646420062 0.286839813
    0.916124582 0.785305381 0.0487279594 0.845830083 0.476565003
    0.122189939 0.512276053 0.540952444 0.719201922 0.310328096
    0.453721523 0.332732975 0.0716322958 0.93604672 0.0787673593
    0.232992858 0.362990856 0.817044556 0.284198999 0.0330689251
    0.215557069 0.710906863 0.279244065 0.0118294358 0.416850537
    0.135131389 0.573100686 0.402589887 0.200831234 0.733745694
    0.00729742646 0.792698562 0.619827151 0.720348597 0.751255512
    0.674502552 0.722968578 0.102873147 0.711786568 0.902775407
    0.213747114 0.995188892 0.927632689 0.280227751 0.633120298
    0.2760005 0.0721776485 0.707399249 0.0225921869 0.673740864
    0.596624315 0.617332578 0.802125692 0.329334915 0.29761523
    0.399508476 0.373946548 0.527469933 0.981660843 0.97239995
    0.630224884 0.831462204 0.00208410621 0.755696893 0.381170481
    0.642647922 0.558125675 0.421076328 0.294531465 0.304422557
    0.288644314 0.581236303 0.565661192 0.696237028 0.752030969
    0.83831346 0.890672624 0.600969136 0.987696648 0.697335124
    0.634827971 0.626661956 0.485955209 0.180083096 0.062042892
    0.44776088 0.488473952 0.989757061 0.829003215 0.19186303
    0.345276952 0.600352883 0.045777142 0.24782756 0.0380935967
    0.977442384 0.354557574 0.53330344 0.00233533978 0.272245765
    0.68451345 0.266699731 0.809472382 0.669237614 0.433074474
    0.654273152 0.6607517 0.0400945246 0.86891681 0.883124173
    0.746684432 0.158239871 0.95556736 0.86509645 0.256686926
    0.416386276 0.867005169 0.940414786 0.427917629 0.0876890123
    0.559089482 0.410960168 0.352642715 0.123337209 0.0488972068
    0.492192596 0.184940279 0.910923719 0.0632438362 0.389191687
    0.281008422 0.874766827 0.586037934 0.66328001 0.786525011
    0.873066604 0.72263062 0.101385176 0.137690008 0.0824363232
    0.388828546 0.91844511 0.463726312 0.308230489 0.431447625
    0.203866869 0.461013854 0.793527365 0.823825836 0.0901055336
    0.980821013 0.798981726 0.351510525 0.941115975 0.0570191443
    0.683382452 0.84260273 0.698797226 0.612684071 0.585573256
    0.780661047 0.718627214 0.314719319 0.100418925 0.846972108
    0.304731607 0.928650141 0.475724667 0.342550933 0.752671421
    0.316198647 0.622116387 0.779951572 0.0855209827 0.579324841
    0.437833101 0.752173781 0.24624911 0.709618092 0.65165472
    0.761217117 0.602551222 0.463401735 0.546592653 0.815220118
    0.157102317 0.510863304 0.811616778 0.38355124 0.505485713
    0.317129999 0.364765525 0.330490857 0.710898101 0.0802765489
    0.887880981 0.281954825 0.161114365 0.0161489248 0.350652397
    0.383008897 0.253643155 0.147371888 0.517467499 0.0979855657
    0.146877766 0.024182111 0.627268851 0.555328488 0.851526856
    0.24510619 0.677908361 0.8328197 0.614153624 0.932121038 0.366728246
    0.765698791 0.501396656 0.452851772 0.768509269 0.0176701248
    0.160850525 0.583735168 0.0942400098 0.625552177 0.687080741
    0.599820137 0.679054558 0.499160081 0.183522403 0.285089225
    0.855814457 0.136117518 0.832244933 0.251716435 0.480595231
    0.118267328 0.0250338614 0.237217009 0.739722371 0.161629289
    0.398893356 0.869982958 0.988337755 0.591562629 0.180198759
    0.126413703 0.287220329 0.0311210752 0.55209738 0.191603363
    0.718832254 0.629721701 0.637559652 0.564565718 0.928333163
    0.842681229 0.880656719 0.826431632 0.541876674 0.111900687
    0.13171944 0.383377254 0.482293278 0.0801218748 0.648122728
    0.461246014 0.855649233 0.459445387 0.0656164885 0.298368752
    0.880565882 0.528681874 0.450677902 0.27044481 0.704275727
    0.174443334 0.804344416 0.22630012 0.679064989 0.379643261
    0.766336441 0.241770238 0.246875167 0.57003957 0.0217758119
    0.0387605727 0.638836384 0.543136597 0.0466912985 0.407549888
    0.894692183 0.432825297 0.789954245 0.986981273 0.493861616
    0.49659279 0.952191114 0.465159059 0.0834274888 0.432859004
    0.328028917 0.272105366 0.402117133 0.182243586 0.948235035
    0.996373415 0.352600694 0.976771712 0.638743997 0.636097431
    0.421136767 0.532426059 0.442927539 0.869885921 0.448300153
    0.932026505 0.443187535 0.765825331 0.0585190952 0.18754214
    0.580308139 0.674242675 0.0304961205 0.365370303 0.768666863
    0.14879781 0.349369287 0.467609018 0.111952037 0.310813576
    0.122785568 0.517224789 0.00841835141 0.586818457 0.000890672207
    0.575481534 0.942300498 0.865131199 0.294689119 0.922710836
    0.16995737 0.952898026 0.833494306 0.30610919 0.713640332
    0.800676107 0.029335618 0.0728577971 0.313767761 0.917833686
    0.665832639 0.187964439 0.0554038286 0.340308756 0.0666000843
    0.555003524 0.9409343 0.215291739 0.43833825 0.305494785 0.837430537
    0.471979827 0.336938858 0.323757589 0.865776777 0.715577722
    0.735474408 0.823572397 0.362897992 0.73899442 0.402512372
    0.503524542 0.965356171 0.115913004 0.9232651 0.323761493
    0.802551031 0.796935916 0.540533543 0.402244508 0.784331799
    0.988527715 0.171290457 0.975003004 0.0957275033 0.0211917162
    0.901400924 0.113334686 0.787930489 0.263228416 0.0068590045
    0.168281794 0.304459214 0.0812141597 0.685932815 0.447922826
    0.805213153 0.519583404 0.192722112 0.865785122 0.257212549
    0.225611836 0.0809012055 0.984893024 0.812205851 0.680844247
    0.201647639 0.629824162 0.225218982 0.0559415221 0.990552068
    0.725016713 0.944977701 0.738961816 0.31573689 0.869394422
    0.965415239 0.78398788 0.644681036 0.998406351 0.00102463365
    0.496381789 0.528739333 0.584279418 0.484683782 0.627529144
    0.683777094 0.243894577 0.294338167 0.664508581 0.350536525
    0.0290702283 0.145622909 0.798225999 0.734947324 0.785240531
    0.325416625 0.861914277 0.575590074 0.542090833 0.0900074542
    0.272978067 0.449132949 0.979962468 0.249524385 0.700932503
    0.480135977 0.0604435503 0.51441139 0.138964802 0.679259062
    0.735645771 0.0752547085 0.634365261 0.440772802 0.531732559
    0.938242018 0.885085642 0.420092404 0.940168321 0.570626974
    0.419727862 0.676267803 0.256843179 0.209899157 0.3952277
    0.395072222 0.728852749 0.54424274 0.976299882 0.994314373
    0.627336323 0.32865876 0.448128909 0.250768781 0.890996218
    0.215341359 0.187268227 0.134301066 0.726096034 0.474841982
    0.12192443 0.919012606 0.43780461 0.515757203 0.236659259
    0.705688477 0.0246672332 0.0323005021 0.568783522 0.553061545
    0.69837141 0.563831747 0.94813168 0.719238043 0.207360357
    0.630904138 0.824063838 0.617701232 0.365205973 0.63063246
    0.850606918 0.779075027 0.792875707 0.855180621 0.692171931
    0.190390348 0.240342736 0.125471622 0.186640292 0.439321578
    0.625832796 0.652373254 0.0733115077 0.594088674 0.73211813
    0.319058299 0.157626659 0.150716275 0.991248548 0.379772007
    0.256515324 0.789568901 0.142756104 0.964829683 0.515314758
    0.99071157 0.996284544 0.186507046 0.793144822 0.274873763
    0.204254836 0.880393505 0.42575711 0.0290399492 0.374009401
    0.237374246 0.441727489 0.731342971 0.27936998 0.461866826
    0.853550971 0.812447488 0.464475751 0.041190058 0.657194853
    0.319732666 0.33480984 0.942716002 0.780154347 0.569481432
    0.513764203 0.473647028 0.144976169 0.955047965 0.432535321
    0.825027168 0.669708967 0.991419673 0.878037155 0.527769506
    0.268828094 0.77288115 0.292747706 0.451288074 0.470198244
    0.897301614 0.272930294 0.110378176 0.29459548 0.383773118
    0.0177713931 0.255955398 0.647454679 0.502905488 0.72778064
    0.830209255 0.953100801 0.675768554 0.956666589 0.0577932596
    0.133513749 0.260424703 0.710222483 0.683921516 0.482896328
    0.906482816 0.115539014 0.480793953 0.440605372 0.011207968
    0.496854395 0.980755568 0.625320375 0.487234205 0.679822385
    0.0707795918 0.856286049 0.737195551 0.52780962 0.983041167
    0.3173742 0.173889458 0.679806769 0.620541871 0.947524011
    0.743760884 0.445371956 0.114892304 0.578326046 0.291334867
    0.278104663 0.298249483 0.628414214 0.886303186 0.339299351
    0.561104298 0.628654718 0.770323277 0.52714783 0.823604465
    0.924120426 0.989872575 0.957799673 0.217671394 0.865644872
    0.361421674 0.00780686736 0.257721305 0.0667308867 0.601752877
    0.918126941 0.497980148 0.100657821 0.092276901 0.375720233
    0.365941286 0.609915257 0.422721356 0.418840796 0.583550692
    0.426999509 0.181826711 0.373976648 0.962543964 0.465830982
    0.132938623 0.393988401 0.451096535 0.0425639451 0.756994128
    0.412700087 0.289605319 0.518944263 0.469923049 0.589751303
    0.119985819 0.0436468422 0.803140104 0.244462311 0.482660085
    0.281748533 0.0496391356 0.405795157 0.380403221 0.615406752
    0.107259542 0.257964373 0.353804916 0.565960884 0.284052253
    0.21644488 0.394989938 0.826340914 0.850761771 0.702804327
    0.486130089 0.271980703 0.325582504 0.0275304914 0.745005012
    0.992058277 0.517447531 0.515186906 0.444892824 0.0954249203
    0.479958415 0.859413862 0.0881263614 0.595257759 0.576457739
    0.551877618 0.40924266 0.729680419 0.0171985626 0.770545125
    0.489609569 0.280909061 0.183046669 0.573483348 0.0143748522
    0.279250979 4.29153442e-06 0.628968775 0.615854979 0.037486732
    0.555673599 0.552304685 0.628080964 0.743684113 0.400767237
    0.277279913 0.869824171 0.647124827 0.854973197 0.730799496
    0.834319711 0.136955202 0.227636486 0.914607644 0.638419211
    0.738413095 0.811409235 0.560842216 0.181727767 0.783685923
    0.792515874 0.402917564 0.802932382 0.718493342 0.582962692
    0.614068806 0.500045359 0.251308948 0.528903425 0.218418628
    0.0648703873 0.0335383415 0.106629729 0.194812715 0.05477193
    0.0297901332 0.0978176892 0.0523190498 0.918120444 0.067091763
    0.213003516 0.461601853 0.909903228 0.815024376 0.131771803
    0.162879884 0.416139811 0.0216878355 0.90778029 0.111912876
    0.758364558 0.292867661 0.619070768 0.467086673 0.00284057856
    0.39692691 0.189872354 0.17135939 0.16333586 0.391593039 0.857331216
    0.498547614 0.395734131 0.723787606 0.504829586 0.949026465
    0.223249972 0.919120491 0.851796627 0.984077692 0.203355938
    0.922818542 0.745826244 0.329839855 0.343966782 0.524402082
    0.272074223 0.76537472 0.787731647 0.639086425 0.878740072
    0.981495798 0.517859399 0.546776712 0.595966637 0.938495517
    0.462866247 0.844257295 0.478669494 0.22102806 0.520295024
    0.661455452 0.772346258 0.939064026 0.047141701 0.42473799
    0.519895852 0.46684131 0.0957354605 0.796996772 0.692079067
    0.244300008 0.176922232 0.363961488 0.217518479 0.512823105
    0.786376595 0.223754317 0.809583902 0.229595125 0.594178081
    0.143711299 0.525810897 0.587990999 0.14124018 0.189321399
    0.552975655 0.925988376 0.539269269 0.66929996 0.501630485
    0.717661381 0.919175148 0.927408814 0.418917328 0.997731328
    0.931740165 0.569900036 0.742518783 0.569065213 0.784900367
    0.267384082 0.0557834506 0.199369818 0.403562427 0.822947145
    0.428690255 0.794747055 0.322259784 0.366325527 0.987086177
    0.285082817 0.168924123 0.768712163 0.803628445 0.12281999
    0.108115017 0.530571461 0.513179481 0.946672559 0.271600872
    0.243310153 0.492011905 0.730063796 0.32520321 0.138363808
    0.956140161 0.0280548334 0.536687136 0.000991255045 0.694695115
    0.881976128 0.278124273 0.817563057 0.814675093 0.686789036
    0.946617186 0.445222259 0.330601871 0.526537418 0.949289203
    0.624422252 0.361390322 0.291414589 0.876654863 0.373654068
    0.993933737 0.229967088 0.134769052 0.930077791 0.605937421
    0.58809799 0.337411642 0.772061706 0.251889765 0.670791328
    0.757455945 0.827906489 0.0418975055 0.0456107259 0.242472112
    0.218250602 0.668250024 0.416206837 0.488628685 0.288744509
    0.466333508 0.914546609 0.0478538573 0.632349133 0.602183819
    0.952014327 0.0487560332 0.781511486 0.996776342 0.851754665
    0.864613414 0.0478933454 0.713066518 0.676909387 0.458326608
    0.104144335 0.459382802 0.260138631 0.916729808 0.127946377
    0.247990012 0.208707809 0.595696628 0.536208391 0.396682262
    0.89636153 0.643003523 0.482258677 0.687383652 0.154033154
    0.742263198 0.0763104856 0.0133060813 0.538911581 0.874568045
    0.833977818 0.952382922 0.0952409208 0.919713378 0.0445996523
    0.910098612 0.84641397 0.0378066897 0.0142252445 0.332564473
    0.392992884 0.752188146 0.722814023 0.95616436 0.0295706391
    0.197576165 0.689092636 0.90673697 0.25782001 0.215193063
    0.411647201 0.946954548 0.77326709 0.251056612 0.799821496
    0.393143892 0.330112517 0.0362793803 0.821336746 0.220988154
    0.384556323 0.263001144 0.618427455 0.730222106 0.054962188
    0.115349531 0.214708716 0.660830855 0.0665037334 0.0949127078
    0.621911407 0.719445229 0.17086935 0.113773644 0.990253866
    0.526255786 0.382287025 0.830929637 0.687166095 0.277773559
    0.0548100173 0.267910838 0.798285246 0.608807027 0.999702215
    0.299223781 0.28592822 0.709089875 0.9283939 0.895941615 0.419568986
    0.940128088 0.257741809 0.966566086 0.283994377 0.93756628
    0.733052015 0.51841718 0.663671494 0.568414152 0.723715663
    0.811750531 0.457096368 0.486035913 0.727018476 0.8721807
    0.692007303 0.0487460494 0.298476517 0.354959726 0.160773903
    0.221618205 0.385402679 0.404209912 0.586683393 0.311175436
    0.246464401 0.297333598 0.932108283 0.679699004 0.323295236
    0.676512957 0.442761123 0.727494597 0.269384354 0.0413970053
    0.698212028 0.785610735 0.289376736 0.738808155 0.14307487
    0.500641406 0.842236161 0.329092592 0.82032007 0.923326075
    0.246151924 0.216923475 0.986837864 0.0438786447 0.63935262
    0.597130597 0.79979825 0.0732882321 0.442321926 0.33156544
    0.429410398 0.306741714 0.874075651 0.540560842 0.882794082
    0.251199335 0.0094383955 0.0804987848 0.980156302 0.288439393
    0.179941535 0.900229931 0.182169735 0.70860827 0.209265888
    0.699439287 0.0175251961 0.828413963 0.486943156 0.849995255
    0.870991707 0.439320117 0.526634216 0.439060986 0.367388785
    0.971256375 0.0899941325 0.169744074 0.240437388 0.183009118
    0.0572482646 0.0728303194 0.770318806 0.233414859 0.0451422036
    0.0990704596 0.469979584 0.21693176 0.924473405 0.596382201
    0.818558097 0.852580011 0.6142084 0.773459852 0.530097902
    0.453730643 0.247042775 0.948562026 0.482623696 0.923493266
    0.0865507126 0.34124732 0.706243336 0.62981534 0.612085938
    0.349270821 0.814233422 0.724144578 0.574535608 0.967803359
    0.825317323 0.619923353 0.967110634 0.0556712449 0.700992286
    0.457569718 0.431978285 0.320119888 0.501715004 0.602693021
    0.626698256 0.944057643 0.734494209 0.603420377 0.0433874428
    0.23954463 0.279878259 0.105203241 0.747635603 0.955803871
    0.297878504 0.467497855 0.794901848 0.203617781 0.316573858
    0.85513562 0.165409774 0.0408264101 0.275044978 0.871398032
    0.19784376 0.401803553 0.125389636 0.0674120784 0.68102634
    0.155510098 0.805776417 0.860693693 0.522333562 0.831177473
    0.818662882 0.306558669 0.646713316 0.539914966 0.248170882
    0.327528536 0.419704199 0.232207835 0.611728489 0.563250065
    0.305550992 0.751535058 0.0819764435 0.981644511 0.00347143412
    0.667327702 0.193312287 0.245668709 0.355916947 0.765117347
    0.740406454 0.706281662 0.103077561 0.584291279 0.767256141
    0.741918683 0.724234998 0.971733868 0.090934217 0.00072145462
    0.175733566 0.99184072 0.41793263 0.501700699 0.81744206 0.244657069
    0.69783771 0.176277637 0.564382911 0.198387891 0.580670178
    0.152131945 0.995155215 0.786709428 0.435403109 0.107489467
    0.160338849 0.742609024 0.985927701 0.898356795 0.391628355
    0.940921903 0.82824403 0.79840374 0.847089887 0.917885423
    0.440564752 0.17680335 0.735124946 0.0144847631 0.535030544
    0.755245984 0.943430722 0.882557869 0.87125206 0.3747859
    0.0905042589 0.0199315548 0.273735762 0.936176836 0.134177238
    0.779795468 0.926979065 0.411339015 0.121827304 0.415423125
    0.415703952 0.988379002 0.949922442 0.26270932 0.712397218
    0.225559324 0.473842651 0.685358942 0.406193823 0.283048958
    0.0988412499 0.536452293 0.900411487 0.704331994 0.675167084
    0.530065179 0.786681533 0.0796651542 0.275895923 0.3265526
    0.590839744 0.0732885003 0.596843779 0.200405926 0.441044539
    0.881389856 0.617319226 0.310591757 0.272766292 0.9212569
    0.230578214 0.667830646 0.91355437 0.699159384 0.522270024
    0.238441527 0.320485801 0.69470489 0.863582492 0.203648388
    0.435472995 0.949756384 0.931397378 0.459040403 0.272988558
    0.384796768 0.638388455 0.85416019 0.449151307 0.0790872872
    0.962862492 0.2314004 0.321825683 0.935693443 0.467928767
    0.473504812 0.374309421 0.533066928 0.191204727 0.717696548
    0.614899397 0.0947475135 0.12985158 0.684058547 0.191529363
    0.898805857 0.380597472 0.521261394 0.748313069 0.788054228
    0.326171935 0.120429903 0.963861763 0.731474459 0.519058883
    0.864403486 0.753433585 0.218827695 0.98916024 0.661722064
    0.340067476 0.228523105 0.538268745 0.36221534 0.341160834
    0.939680874 0.096147716 0.0864753723 0.0830898285 0.444743037
    0.234489083 0.280776858 0.869635999 0.203232229 0.36197716
    0.282661796 0.434410095 0.520637393 0.198142737 0.927044034
    0.857844651 0.885626495 0.110928297 0.917846084 0.576624513
    0.721954465 0.833773553 0.534049153 0.190869719 0.23796913
    0.0615394711 0.142169207 0.851818442 0.551912129 0.127717137
    0.211176008 0.0995357633 0.833034515 0.849559903 0.913244843
    0.790918827 0.380115122 0.250829369 0.789370954 0.686396599
    0.569183111 0.884773612 0.369694024 0.25633198 0.389182597
    0.343762815 0.306700706 0.378239423 0.505582571 0.335602701
    0.976177335 0.146151662 0.249254078 0.974235296 0.53617698
    0.786741078 0.862905204 0.0894419551 0.281882495 0.162493706
    0.238280594 0.800921559 0.299809277 0.711093962 0.802909732
    0.563388824 0.340598673 0.0315563083 0.796351194 0.361538231
    0.49618423 0.131109625 0.540565431 0.528066099 0.478797317
    0.812413573 0.79255712 0.321173429 0.848531485 0.213854492
    0.607922256 0.260068357 0.0463389754 0.659894288 0.831489563
    0.987701535 0.984890938 0.661310613 0.875248075 0.601844966
    0.370960355 0.562124729 0.349542707 0.70103085 0.518995941
    0.545066416 0.366595626 0.0117345154 0.313782901 0.324927986
    0.905285954 0.814375043 0.717457354 0.939187825 0.0318421125
    0.127818644 0.104231745 0.432595342 0.58110714 0.660098791
    0.487690449 0.156507254 0.0164251029 0.049090296 0.0492284298
    0.179294318 0.0786850452 0.799628973 0.0972223282 0.990984678
    0.027295351 0.89082551 0.797446609 0.322139263 0.76959604
    0.382083476 0.405760914 0.543907702 0.480465382 0.842777491
    0.0861095786 0.0421170294 0.618761361 0.994059384 0.903445184
    0.162262231 0.812224805 0.499705225 0.817499876 0.659798026
    0.942878723 0.298453152 0.31094715 0.853257358 0.662542462
    0.578148603 0.279125124 0.212676227 0.490968496 0.403036296
    0.710662127 0.61335808 0.514036238 0.221199185 0.730608761
    0.0675466955 0.300033569 0.555718601 0.870449305 0.525471628
    0.291986585 0.390140384 0.719247699 0.658475637 0.963004708
    0.241574794 0.116276741 0.230707854 0.216049373 0.116909981
    0.820345879 0.353142738 0.588206172 0.554515839 0.391497493
    0.506933331 0.480018437 0.686842084 0.0214653611 0.926186681
    0.291437358 0.131243736 0.847536862 0.847922742 0.991317332
    0.0968274772 0.0685159564 0.750208735 0.993662775 0.318056613
    0.831082463 0.597799063 0.240146667 0.329505861 0.370893419
    0.391741067 0.833455026 0.225543737 0.6009413 0.196383029
    0.508590341 0.134834528 0.920438051 0.529413223 0.633228064
    0.219705045 0.735488832 0.415199697 0.25857839 0.747987211
    0.181807399 0.611981034 0.979343176 0.34027195 0.612919331
    0.171313077 0.607136548 0.0761682093 0.516774297 0.140919298
    0.624786377 0.471454889 0.200584233 0.3608163 0.0192926526
    0.337098539 0.33961457 0.700042069 0.141998738 0.867875934
    0.178217351 0.568636417 0.572549045 0.0290292799 0.982419729
    0.817125082 0.488691837 0.862233818 0.83931303 0.696882129
    0.0316483676 0.810645819 0.672204792 0.640733182 0.172089964
    0.221400678 0.306474507 0.44799003 0.218168974 0.558560133
    0.100871116 0.599070072 0.734227479 0.147143662 0.663156271
    0.818872273 0.922645271 0.191005021 0.858431816 0.539042413
    0.915124416 0.339669496 0.337023795 0.820551217 0.445903838
    0.692272782 0.0405991375 0.092176199 0.504365265 0.647273064
    0.870173156 0.639470816 0.125169694 0.482139528 0.554678977
    0.712225795 0.878657997 0.311693609 0.417816937 0.118444234
    0.85436058 0.211151898 0.466936648 0.991230607 0.463488579
    0.533859134 0.469169378 0.975199461 0.850608706 0.148348063
    0.368487597 0.19805336 0.132461488 0.510807574 0.973582983
    0.366457194 0.882219315 0.579093277 0.50870961 0.297938883
    0.949289799 0.001262784 0.756398439 0.261524081 0.474686772
    0.605261147 0.487440675 0.726699114 0.234413475 0.196753293
    0.607654691 0.320832819 0.0933749974 0.123335332 0.999260068
    0.426589608 0.13803786 0.359141767 0.4385539 0.462120801 0.808409333
    0.491058528 0.13744086 0.95540756 0.529484808 0.0689822733
    0.0642865598 0.688832104 0.0109841824 0.316698253 0.328383684
    0.360466242 0.171903104 0.525019705 0.392200708 0.417557627
    0.781131983 0.609324217 0.149199665 0.882647991 0.0847694576
    0.599613667 0.999039471 0.807296515 0.623347163 0.598217726
    0.790021956 0.638586283 0.652316928 0.400478005 0.47493735
    0.853649557 0.726461887 0.275184631 0.433779627 0.652218163
    0.194993168 0.420520872 0.724363327 0.176184475 0.736292779
    0.855465531 0.334444284 0.598807812 0.498876274 0.136662871
    0.251249522 0.859464169 0.149098426 0.596457303 0.684859633
    0.276392579 0.718407154 0.396976978 0.629010916 0.182655424
    0.844025373 0.0808523297 0.154162914 0.795766592 0.395550787
    0.286278129 0.519535422 0.0956268013 0.433291256 0.575393617
    0.809167504 0.132731587 0.761258245 0.28388685 0.66610837
    0.601448178 0.0705346465 0.822381973 0.161373049 0.540107727
    0.927000642 0.933038592 0.361516088 0.824516416 0.449926198
    0.131555706 0.5409922 0.925814509 0.265965879 0.28819263 0.554900646
    0.125426769 0.594230235 0.301363051 0.38175118 0.676487803
    0.161565125 0.486664027 0.307893902 0.955901623 0.187195927
    0.994807184 0.846673727 0.450930774 0.589301825 0.643980682
    0.933784723 0.938476086 0.136475652 0.738358736 0.296957195
    0.266934454 0.440107912 0.414576113 0.89171207 0.722165942
    0.639068067 0.219051749 0.807022572 0.689519227 0.817782283
    0.325965255 0.883201122 0.512789249 0.642869294 0.744177103
    0.993725002 0.264030755 0.58226794 0.119497985 0.817040324
    0.437844366 0.265889585 0.0919545889 0.944536686 0.640348375
    0.839283347 0.298913181 0.134101599 0.921512902 0.921500206
    0.492970318 0.417323411 0.127115011 0.775294781 0.641210914
    0.102414042 0.120806545 0.119063079 0.599454284 0.904996634
    0.56813997 0.976891875 0.871293187 0.308347225 0.0631585419
    0.78364861 0.945366621 0.748661757 0.358596802 0.0586852729
    0.600483835 0.694741488 0.37519452 0.498319089 0.610757589
    0.191000402 0.791231036 0.543706656 0.499011248 0.572696626
    0.00179380178 0.394701481 0.455755293 0.853421211 0.287320673
    0.608688295 0.668126941 0.883574307 0.706274033 0.307547569
    0.0645255446 0.662669897 0.339458644 0.158028066 0.997250676
    0.143050313 0.888757646 0.783559203 0.674964905 0.0606195629
    0.970985949 0.440401703 0.452004671 0.444086581 0.775298357
    0.864111662 0.39221704 0.89497304 0.983814716 0.662035823
    0.426601231 0.460058957 0.828861535 0.700581133 0.620629728
    0.391631275 0.471137822 0.262495637 0.129398137 0.646188557
    0.605411172 0.390924037 0.592505991 0.628376126 0.590017557
    0.718700647 0.697981834 0.797680259 0.957914472 0.979029655
    0.785075903 0.288857222 0.82471621 0.712704301 0.853288352
    0.289236903 0.800050974 0.893655777 0.0343296528 0.0223317444
    0.263903588 0.949801147 0.959283352 0.980915487 0.942960143
    0.079824537 0.916797757 0.586147666 0.910177886 0.35439238
    0.774666846 0.85408771 0.949241519 0.553249002 0.786262274
    0.29472968 0.854881644 0.913094699 0.198297262 0.950946271
    0.882273674 0.23682797 0.72393012 0.981868982 0.134566844
    0.719927788 0.797956347 0.367252588 0.996845365 0.907385468
    0.828724384 0.0938419402 0.837676167 0.131994486 0.389081091
    0.583551645 0.637708247 0.0122897029 0.224250048 0.267643094
    0.599954963 0.841280282 0.461421669 0.614329338 0.631873608
    0.179036945 0.181946397 0.75025773 0.788357854 0.0267742574
    0.311413884 0.885787964 0.40413177 0.0365102291 0.292443216
    0.453570515 0.977925181 0.476806313 0.799453676 0.579241991
    0.779549658 0.689927459 0.876477718 0.816905975 0.375138342
    0.552599251 0.418915689 0.522307515 0.654317319 0.0684772134
    0.0460959077 0.0754994154 0.176110446 0.821969151 0.353759527
    0.866535723 0.713356137 0.277124524 0.879447579 0.519746721
    0.913627505 0.640734196 0.916978419 0.0729622543 0.917865396
    0.52622968 0.646464646 0.471134067 0.637953937 0.1372706 0.361362457
    0.912947416 0.163736165 0.508865535 0.779829741 0.754692495
    0.527424634 0.930843532 0.183689147 0.0145316124 0.618465006
    0.238143265 0.731627762 0.382745028 0.323814511 0.644147933
    0.943068147 0.956540704 0.108775049 0.162354797 0.301590294
    0.409793884 0.640527487 0.67782104 0.443372667 0.548724353
    0.68422991 0.00908893347 0.126945734 0.000290006399 0.465193778
    0.693073273 0.9424299 0.983785391 0.158957362 0.728264928
    0.316641927 0.247894049 0.958337486 0.150575727 0.916537046
    0.0216393173 0.904482961 0.537893832 0.853677511 0.733879924
    0.426450759 0.17777732 0.439846277 0.134344876 0.538052082
    0.103702426 0.400466323 0.0469661057 0.0019748807 0.682816148
    0.114748538 0.555786431 0.91679728 0.976007998 0.59380877
    0.615634143 0.688225269 0.801273942 0.0269232988 0.671468377
    0.0558333993 0.692506135 0.857426047 0.122190058 0.800104737
    0.676335096 0.0801918209 0.883905232 0.0805098712 0.578501999
    0.580862224 0.0899530649 0.311813802 0.311136127 0.321717739
    0.842683196 0.553555667 0.39716655 0.493557483 0.187188715
    0.100402832 0.507236898 0.191269517 0.263206065 0.517842114
    0.770917833 0.00467982888 0.100567192 0.858686745 0.00621297956
    0.838355541 0.461070895 0.366086721 0.124682993 0.490199298
    0.489091247 0.473541409 0.909472764 0.622868896 0.640502572
    0.598882854 0.77057755 0.719161987 0.483586907 0.995957613
    0.129929572 0.731440306 0.223739892 0.0795074105 0.775233865
    0.626271904 0.263592124 0.586856723 0.0855872333 0.635947943
    0.104791164 0.12524277 0.437159449 0.486838728 0.244064867
    0.905096173 0.0831927955 0.520575166 0.420545667 0.983186126
    0.32606709 0.654725194 0.661586404 0.254877508 0.220839351
    0.234543264 0.894305468 0.474933565 0.487808198 0.726215839
    0.231748611 0.811869383 0.162578851 0.638944626 0.128787965
    0.824289262 0.874932647 0.0151229501 0.291116863 0.118796647
    0.0612567961 0.151726395 0.392269313 0.230581492 0.985114932
    0.335064888 0.150832325 0.825555623 0.511420548 0.772898018
    0.900355816 0.214333683 0.186786473 0.411942989 0.779516101
    0.884504259 0.21818158 0.109379113 0.19322896 0.369841218
    0.0468609631 0.470329851 0.884444118 0.235693634 0.22348085
    0.778132081 0.673821449 0.582401514 0.552357912 0.520300627
    0.405693322 0.227686167 0.977238178 0.490731806 0.0255879462
    0.758794665 0.709938347 0.349801004 0.204550534 0.47136721
    0.445705712 0.677481174 0.112112582 0.408023804 0.0891773701
    0.964593709 0.0176077187 0.258007884 0.138288796 0.765322328
    0.770969987 0.294690847 0.736728668 0.314495683 0.195655435
    0.534632564 0.947119832 0.530714273 0.0431855619 0.107728571
    0.41004619 0.018600136 0.94926393 0.451524615 0.638296604
    0.633495212 0.85049063 0.342504293 0.275021851 0.851618886
    0.000807195902 0.303770304 0.249354899 0.253041208 0.515777588
    0.436897129 0.339123398 0.498275369 0.988486767 0.607588112
    0.422326982 0.866448164 0.171286494 0.514024794 0.615754783
    0.24783361 0.146006078 0.800122976 0.43693459 0.475505978
    0.494621187 0.960816383 0.301975071 0.265491962 0.158523381
    0.312148869 0.0769676864 0.901221097 0.717276096 0.967189193
    0.854811251 0.360379517 0.629142761 0.453003794 0.379905939
    0.468993932 0.0922066569 0.293175191 0.765457511 0.00737589598
    0.915851355 0.499149948 0.138607383 0.416755438 0.932469368
    0.658580005 0.0934655964 0.658989191 0.906265199 0.764424741
    0.800886035 0.931293368 0.943187833 0.369204074 0.848073602
    0.731114507 0.874117136 0.859844148 0.0523985922 0.235308439
    0.664550126 0.266964257 0.358793318 0.855635643 0.937113643
    0.755943656 0.398720413 0.656429172 0.807234704 0.974997044
    0.465388805 0.983409524 0.0585190654 0.700029552 0.507643521
    0.934484839 0.175535858 0.0162812769 0.0207183957 0.0785168111
    0.537908018 0.0156600177 0.735632896 0.255913496 0.461654186
    0.650834203 0.897946179 0.927068949 0.617383301 0.376140952
    0.443385661 0.11293146 0.568066418 0.603051007 0.200811297
    0.103607267 0.194733113 0.103531361 0.289877176 0.907446563
    0.543243527 0.0239483118 0.266344309 0.760395527 0.363854468
    0.754363894 0.0805391073 0.0552012324 0.778938413 0.171185732
    0.699552298 0.981365204 0.172056466 0.428009212 0.332051694
    0.9818331 0.00253304839 0.255127817 0.460032791 0.690119863
    0.23181513 0.4687379 0.604398489 0.49664557 0.405094355 0.931594133
    0.787669599 0.589260578 0.349997759 0.278770864 0.715379357
    0.290334761 0.816997528 0.97655946 0.12686646 0.441493213 0.23250106
    0.27057904 0.763975501 0.952866137 0.483285934 0.09405756
    0.245949924 0.580361664 0.804257035 0.875979304 0.940238833
    0.0511823595 0.996503055 0.480427921 0.329502851 0.189360231
    0.0488370061 0.414634854 0.345287383 0.269714445 0.0900991559
    0.525131345 0.0473606586 0.751597524 0.842427313 0.943067908
    0.579683602 0.0592799485 0.200573534 0.364617795 0.315240204
    0.908704281 0.94845438 0.831887364 0.444614112 0.753126979
    0.886871099 0.825388968 0.708369434 0.169774532 0.790851235
    0.9060781 0.361483842 0.753905177 0.0811189413 0.241059721
    0.370134503 0.553942621 0.936126471 0.478523195 0.472877324
    0.421141624 0.160277158 0.717060804 0.0200086534 0.611916244
    0.0675187707 0.214295 0.593366444 0.974571466 0.14856261 0.560407579
    0.673101366 0.414392889 0.706770897 0.373432517 0.451920092
    0.15016526 0.383368611 0.113603562 0.959042907 0.391504556
    0.87700516 0.24674809 0.0796025395 0.429313153 0.185087174
    0.103338182 0.305631995 0.923834205 0.611005068 0.201200396
    0.356744051 0.127116114 0.600737631 0.758882403 0.291946143
    0.373583108 0.227924615 0.641181469 0.798521042 0.768565297
    0.0692535043 0.448488116 0.615174592 0.570910513 0.291171461
    0.280869991 0.868594944 0.957607031 0.712338448 0.670068502
    0.439974189 0.121396005 0.318078429 0.185356647 0.630171359
    0.898686409 0.156036854 0.620077789 0.37403354 0.878545523
    0.0586708784 0.55101794 0.636136293 0.925919175 0.905612171
    0.142798662 0.0476657152 0.0160682797 0.171222329 0.989901066
    0.341280758 0.791451693 0.203893125 0.94267267 0.156527936
    0.134290129 0.593218267 0.412944734 0.181774706 0.8707726
    0.0793364048 0.145823628 0.0813204646 0.622086465 0.317062199
    0.704051614 0.650938809 0.895705283 0.0300925076 0.529421687
    0.535405755 0.291912526 0.385874003 0.438928246 0.936430514
    0.797607422 0.829188883 0.661734521 0.721731067 0.739475548
    0.813445687 0.991551876 0.691764235 0.551913679 0.836869359
    0.631311238 0.819358587 0.254100978 0.940395951 0.771433473
    0.963146448 0.825282156 0.831973255 0.0344153643 0.98884356
    0.38033247 0.242753297 0.226923257 0.75221765 0.824739456
    0.455424547 0.218962967 0.761445463 0.484375 0.808589876 0.779958606
    0.458125561 0.397251248 0.671633303 0.0500243604 0.0238188505
    0.171103656 0.227241009 0.210570484 0.263054878 0.182398349
    0.173920453 0.456250399 0.277793467 0.441433072 0.727811337
    0.312764019 0.0670198798 0.621381283 0.254904807 0.494077921
    0.919145226 0.203594804 0.22760275 0.924331069 0.359024942
    0.594477892 0.928838372 0.387012661 0.632947087 0.564971328
    0.877658546 0.872580469 0.0420723855 0.563238204 0.812868118
    0.499582231 0.339517921 0.880292296 0.335671067 0.281202644
    0.218354404 0.120500177 0.60319978 0.942211628 0.225141674
    0.668134093 0.860177159 0.949054122 0.422919035 0.443719476
    0.325483501 0.46463871 0.885679364 0.413129032 0.788057268
    0.661945581 0.572829247 0.471848756 0.473895162 0.217582703
    0.505294919 0.361379057 0.620818555 0.200685352 0.47863701
    0.833267689 0.69105196 0.00293397903 0.428727269 0.0670815706
    0.276850164 0.437572062 0.922831297 0.294190943 0.281705588
    0.772330642 0.908956766 0.669630826 0.496318936 0.501620531
    0.320352733 0.593782783 0.50792557 0.0116272569 0.1575737 0.2775383
    0.03180632 0.770476341 0.827541769 0.987347126 0.358540356
    0.837186754 0.426766753 0.712085903 0.141906887 0.893671751
    0.36190623 0.272000343 0.821907461 0.901057005 0.239430547
    0.893509865 0.480202943 0.0982578993 0.0254914165 0.109418094
    0.182284176 0.435463428 0.765150785 0.907630324 0.913989782
    0.536564589 0.603926122 0.0541382432 0.558071315 0.789725542
    0.412240684 0.816556096 0.4858118 0.0802522302 0.678403199
    0.623165607 0.0578567386 0.843179703 0.300627351 0.917585611
    0.69726181 0.714578569 0.640243173 0.868072391 0.767342031
    0.573599994 0.872685432 0.142292708 0.918820679 0.351261795
    0.830081403 0.198779494 0.420585692 0.150517493 0.240752101
    0.396787107 0.0271924436 0.733799458 0.904715538 0.117198855
    0.626089215 0.383152306 0.256951869 0.91717267 0.189809114
    0.604255855 0.741769254 0.366278768 0.178078502 0.921731114
    0.751425743 0.333065808 0.226711124 0.64266777 0.77395612
    0.783532977 0.134933561 0.733452141 0.123539954 0.919679999
    0.660865605 0.528448701 0.395023555 0.26395762 0.917858243
    0.786197841 0.169693679 0.840107858 0.562989235 0.705522299
    0.478053868 0.971814334 0.0570112169 0.053567946 0.974352837
    0.109938204 0.308334261 0.86512351 0.467671037 0.0337433815
    0.0766192973 0.926645219 0.957278371 0.116796494 0.372485816
    0.227360636 0.347685665 0.208058149 0.22420463 0.540904403
    0.323157609 0.18478024 0.26145196 0.16895923 0.918232739 0.788419366
    0.408481389 0.0336236656 0.31097123 0.87111634 0.808681846
    0.782152891 0.120549798 0.2501086 0.890087962 0.363644242
    0.545126975 0.960283756 0.514718354 0.511577487 0.382395566
    0.950272918 0.412584543 0.614599705 0.872723699 0.477549821
    0.685847282 0.701494455 0.141170025 0.292969465 0.326196462
    0.774047136 0.356113434 0.112921804 0.19040361 0.16307953
    0.219506562 0.816273808 0.0301281214 0.274563909 0.410391212
    0.86502111 0.575649679 0.273872197 0.66812861 0.550398588
    0.333651721 0.0801051855 0.568268239 0.353974879 0.853199005
    0.112633795 0.0628749132 0.335347623 0.407283783 0.195809811
    0.799674153 0.376550138 0.668507814 0.548032641 0.269892991
    0.412007809 0.251637816 0.817247868 0.426986039 0.662371993
    0.799264073 0.187020779 0.738908947 0.774766922 0.957033873
    0.202430099 0.998732626 0.448947042 0.314336956 0.574846506
    0.262277424 0.991783142 0.195662886 0.111747801 0.0842637122
    0.501297176 0.176638246 0.231757671 0.00640559196 0.790486693
    0.853264451 0.955944717 0.156397313 0.823704839 0.316709459
    0.483194113 0.40444082 0.568038166 0.579540789 0.191845924
    0.82676065 0.167477876 0.861329377 0.521483719 0.358387411
    0.759878337 0.681323111 0.621182442 0.565221608 0.801097631
    0.55472368 0.876663566 0.924050212 0.267819345 0.750611782
    0.978240132 0.382706493 0.0926717818 0.0307928622 0.89707917
    0.935175955 0.651220798 0.750904977 0.897571862 0.124151796
    0.957790494 0.936828256 0.779340148 0.464302212 0.92619741
    0.408217639 0.696283102 0.330436975 0.741909385 0.281260729
    0.267391562 0.612203717 0.507497728 0.236518532 0.829141021
    0.776041627 0.261102974 0.891436219 0.499464691 0.322413683
    0.729118466 0.664792001 0.374691248 0.605432987 0.750398278
    0.505104423 0.378502339 0.79196763 0.93119812 0.589571714
    0.413733572 0.896187186 0.382726192 0.846544981 0.332818508
    0.946047485 0.310671926 0.406236172 0.0852992833 0.674881876
    0.229528159 0.00749844313 0.139518976 0.446951538 0.882862091
    0.67501986 0.629722953 0.64269644 0.714322925 0.216621846
    0.919756889 0.101637304 0.72880429 0.261019945 0.752886057
    0.919178486 0.493666321 0.818057358 0.925814033 0.791388512
    0.917788148 0.685582578 0.393615216 0.490049392 0.114237934
    0.139783353 0.286810756 0.80892545 0.996677339 0.302993864
    0.366352141 0.947312295 0.247359067 0.435133606 0.887203693
    0.971039772 0.403944284 0.00387850404 0.882975936 0.536914468
    0.0163384676 0.402360439 0.413428068 0.25199759 0.967188954
    0.022865653 0.605473042 0.617399573 0.601877511 0.918219805
    0.872961938 0.450360894 0.898315489 0.952934742 0.725333691
    0.854741931 0.523998201 0.780812263 0.622071981 0.52654016
    0.956207633 0.447696358 0.443648338 0.347790837 0.409610718
    0.310075462 0.405975729 0.478984803 0.899502873 0.367140979
    0.666997254 0.729848981 0.520935535 0.160096586 0.359473497
    0.0524775684 0.644973814 0.827469945 0.407473445 0.158355266
    0.444085032 0.477439344 0.181634575 0.936505497 0.46044755
    0.432487428 0.243400365 0.822101772 0.125410616 0.720775485
    0.648861766 0.499199986 0.168698967 0.314807057 0.433327079
    0.720987916 0.352990985 0.239691526 0.0145248175 0.476088107
    0.440036416 0.280792713 0.509256363 0.982859254 0.639976621
    0.504373729 0.430573791 0.291283369 0.689996362 0.270944893
    0.250496805 0.809540153 0.994668186 0.458681762 0.524876893
    0.772189498 0.178929985 0.687405646 0.164221346 0.312057137
    0.138245702 0.980373204 0.679066062 0.927156866 0.467035592
    0.830260158 0.54456228 0.970720291 0.668801546 0.866573274
    0.583356023 0.0931733251 0.850103557 0.418988317 0.426605493
    0.381032914 0.851928234 0.534104526 0.234823823 0.311266363
    0.0808778703 0.94958055 0.575513661 0.866428375 0.902338147
    0.11670661 0.41544497 0.522687614 0.683711708 0.36950174
    0.0448077619 0.8583377 0.945841789 0.457337677 0.107341111
    0.649250388 0.864762425 0.0759164393 0.519827902 0.919487238
    0.559898317 0.0951610208 0.503525972 0.699344218 0.854138792
    0.134221405 0.72194761 0.838680327 0.80950141 0.0208307505
    0.734491229 0.450369895 0.910125613 0.707773983 0.82841146
    0.213126093 0.943234205 0.487806171 0.246290892 0.236984879
    0.505324483 0.462130755 0.616863608 0.268894076 0.139671534
    0.535522819 0.728265226 0.314172924 0.101057261 0.662675738
    0.642174244 0.173002183 0.0261134505 0.642235518 0.277322233
    0.997025788 0.195940733 0.935040832 0.106434077 0.366279334
    0.309242189 0.878815889 0.641433001 0.017159462 0.408861876
    0.538242638 0.664162159 0.687352657 0.423096061 0.213966906
    0.66352886 0.815065026 0.762116551 0.880361378 0.960554719
    0.753469408 0.365582049 0.875077128 0.155081809 0.435457945
    0.443639994 0.307834297 0.00571858883 0.120165646 0.957728624
    0.161938101 0.965767086 0.347344875 0.0630162656 0.39540261
    0.726943731 0.529258907 0.971709013 0.616969705 0.503887594
    0.304885268 0.0736398101 0.00604727864 0.82612443 0.965055466
    0.264360726 0.899879575 0.0203989744 0.109188467 0.461578399
    0.859866858 0.594164968 0.00591981411 0.978412628 0.0832666159
    0.917979121 0.876984715 0.677362204 0.764392853 0.414421558
    0.19544667 0.638736367 0.00129720569 0.384548336 0.265241683
    0.969970107 0.584254324 0.608293056 0.724812329 0.202419162
    0.126720369 0.780741215 0.0291361511 0.322376162 0.16144076
    0.274587274 0.419848621 0.401583612 0.921944439 0.0521489084
    0.805779755 0.443976074 0.634793818 0.380195081 0.563654482
    0.598203242 0.961145639 0.689732254 0.360961169 0.751072288
    0.123759836 0.928195477 0.564876556 0.680042386 0.205411285
    0.0928664804 0.96331656 0.287414998 0.76342988 0.575696588
    0.948281765 0.986065388 0.609027624 0.324845403 0.315270364
    0.339278132 0.950844407 0.831147432 0.53214258 0.351766258
    0.999178529 0.622349143 0.192902565 0.317596614 0.558257043
    0.917394459 0.608089507 0.931146502 0.804332316 0.182808191
    0.565000236 0.52555275 0.92558074 0.0784084797 0.395346045
    0.977404356 0.0331865847 0.781772435 0.752622247 0.618768334
    0.0787921548 0.293049872 0.315089703 0.547251344 0.89665401
    0.512701154 0.421226174 0.305408359 0.126078606 0.130588293
    0.322466493 0.626945853 0.254965067 0.103311211 0.877904773
    0.309295207 0.557663977 0.328776002 0.996911407 0.486918241
    0.424333751 0.416929096 0.90743649 0.335348308 0.0723911226
    0.864296317 0.94419837 0.107315958 0.0264160335 0.301551163
    0.575233102 0.943144202 0.382079095 0.495551914 0.704954386
    0.774960101 0.653397381 0.17411077 0.212147474 0.977663517
    0.86455214 0.421440214 0.189714104 0.107440948 0.855504394
    0.0432782769 0.268712252 0.961010933 0.389987171 0.504434645
    0.268041611 0.965450108 0.232783347 0.648436189 0.639331222
    0.564407051 0.319103003 0.488075048 0.829992652 0.0756210983
    0.422474891 0.0239086747 0.704577804 0.796673715 0.080534935
    0.216788381 0.0542072952 0.12452668 0.451400012 0.188734531
    0.874012709 0.227160335 0.424425423 0.07299155 0.381667167
    0.546012759 0.242822438 0.24528569 0.0528207123 0.512177289
    0.58459568 0.648907423 0.368997991 0.0741901696 0.782915473
    0.839607298 0.862651289 0.101956874 0.084987253 0.105917901
    0.798436046 0.197115511 0.51686579 0.42067194 0.834205627
    0.404170811 0.22830838 0.269761682 0.173315465 0.350561559
    0.27562815 0.0705175698 0.203544557 0.52026999 0.0710355639
    0.978523433 0.714584231 0.525639772 0.569878519 0.0837867856
    0.944393694 0.871712089 0.567669988 0.368813187 0.993387341
    0.0644831359 0.337835968 0.509815574 0.769146681 0.779388189
    0.867962122 0.438073963 0.0882633328 0.606848598 0.632341683
    0.25018847 0.541097343 0.301207602 0.848352849 0.45284909
    0.933788061 0.711194634 0.352603912 0.28220889 0.301813245
    0.752959967 0.749303401 0.0621009767 0.957004547 0.872734725
    0.738303483 0.174949557 0.0787622035 0.44184348 0.237105012
    0.984359026 0.334337652 0.546534061 0.9000386 0.873794198
    0.0463719964 0.43018955 0.206159264 0.165763617 0.0465071797
    0.188528687 0.710073411 0.354850173 0.036683917 0.189484477
    0.201600999 0.919269145 0.659748971 0.259339869 0.169524193
    0.0518359244 0.720103025 0.974484384 0.0347453058 0.471784085
    0.756963015 0.88396132 0.76534605 0.097396642 0.533373117
    0.476380348 0.284100175 0.870859146 0.943904221 0.605127692
    0.460742176 0.869074941 0.458218157 0.288729966 0.264162302
    0.664942563 0.0112340748 0.135758251 0.818573117 0.345443308
    0.031950444 0.150121242 0.302881718 0.707638919 0.104134202
    0.730099976 0.821994662 0.624971569 0.0448555052 0.194718897
    0.325885057 0.855314374 0.773350954 0.0571864545 0.0310268402
    0.775397539 0.231954902 0.304874301 0.644304514 0.200583011
    0.453865409 0.793953478 0.368756115 0.887465119 0.32868436
    0.957868397 0.515266716 0.92916584 0.772347689 0.413063854
    0.406651855 0.890776157 0.241255045 0.799677312 0.244193584
    0.81986928 0.964380145 0.0986618102 0.448621631 0.461181074
    0.231693119 0.430316925 0.912025213 0.310838342 0.293301195
    0.535498083 0.30354619 0.623770595 0.217868745 0.302544117
    0.097211957 0.213709265 0.77155149 0.783501387 0.838064909
    0.136603832 0.812640071 0.420163244 0.178701729 0.173772395
    0.432212561 0.650580406 0.992744923 0.41580826 0.281535655
    0.0896377265 0.248507112 0.903714061 0.472798973 0.44690901
    0.298311532 0.398130327 0.862924814 0.292425334 0.943854094
    0.112597495 0.481827199 0.12341544 0.974658787 0.705327928
    0.556589961 0.573172331 0.67872417 0.817962885 0.377515614
    0.059709549 0.556087971 0.770829678 0.470629036 0.195350856
    0.667590797 0.973255336 0.520834982 0.654935539 0.560204685
    0.195703924 0.0474589765 0.341062486 0.60240519 0.726631403
    0.670975208 0.137703776 0.316049427 0.903808713 0.704031587
    0.657915711 0.222413629 0.579054356 0.549574435 0.888624191
    0.307732224 0.262308925 0.136404872 0.536962986 0.871765256
    0.734714985 0.543651998 0.422738999 0.79840374 0.514430285
    0.434864521 0.303284705 0.251579463 0.216374815 0.181395978
    0.761593878 0.894798636 0.728743613 0.816224813 0.841915727
    0.266555309 0.137741894 0.630645871 0.58407861 0.945460141
    0.443007052 0.181092918 0.215609372 0.733461976 0.90651381
    0.837214947 0.411744893 0.948716879 0.0721220672 0.922354877
    0.287555128 0.206377566 0.758838177 0.0911203623 0.821651936
    0.700077891 0.325168014 0.44497937 0.797632575 0.0465494096
    0.442696571 0.354773879 0.600784957 0.519427061 0.0111829937
    0.130304128 0.905788064 0.353021026 0.0893314481 0.212356448
    0.452036947 0.545302153 0.789281547 0.474989951 0.0765080452
    0.926647305 0.0183562934 0.104628026 0.742048383 0.265759289
    0.820998192 0.708189845 0.157361627 0.825126886 0.161451995
    0.889223516 0.414929926 0.744909406 0.420672148 0.496666074
    0.372089535 0.72855556 0.145959318 0.504048288 0.17580846
    0.565950394 0.012821883 0.684961677 0.278358281 0.693329096
    0.482434899 0.507054746 0.0613170862 0.829904079 0.897828817
    0.565202117 0.676579833 0.946359813 0.457439423 0.799803495
    0.843520761 0.452328712 0.486490339 0.733866751 0.110094488
    0.477716595 0.714725137 0.227392614 0.15623188 0.34454146
    0.941492796 0.25811106 0.42641297 0.371474028 0.557102919
    0.472213656 0.146837503 0.0996401012 0.324936658 0.753765583
    0.612428784 0.99806428 0.390143007 0.450643688 0.193215311
    0.150648087 0.310768425 0.508699536 0.0707014203 0.590367317
    0.0350104272 0.0827951431 0.17465046 0.931101501 0.444940865
    0.949219465 0.214886725 0.031860888 0.634330928 0.565585196
    0.687998414 0.00150671601 0.370098323 0.145892829 0.438966721
    0.2884565 0.505786419 0.0864700377 0.0168511271 0.584920049
    0.00153967738 0.952757597 0.521516919 0.117411584 0.865770698
    0.201211751 0.771205068 0.513629198 0.508231521 0.376052588
    0.899115622 0.760893106 0.34444347 0.677258372 0.222955316
    0.105624586 0.194306821 0.113638431 0.139419109 0.958966017
    0.065361917 0.0486367643 0.736717224 0.0162570477 0.912819028
    0.0626896024 0.79398942 0.174089611 0.357202768 0.608748138
    0.758577108 0.550934255 0.741379619 0.327899605 0.969685555
    0.156282872 0.315031171 0.206651539 0.779910088 0.688702285
    0.905845046 0.910356224 0.0745080709 0.211127013 0.758918166
    0.294749141 0.369226903 0.900559485 0.494044274 0.651113153
    0.326252908 0.633530915 0.952783942 0.331498921 0.838866472
    0.00201040506 0.599336267 0.807536423 0.357873082 0.150519758
    0.166971684 0.845018744 0.499263465 0.514450133 0.719703615
    0.979948759 0.713505328 0.355648577 0.891566038 0.758307099
    0.481525838 0.708783984 0.317865729 0.0555039346 0.135116696
    0.674600601 0.498894393 0.875746489 0.404938072 0.927579522
    0.848228574 0.406882823 0.693161845 0.552315891 0.703479946
    0.978706717 0.653917432 0.362959325 0.996593833 0.640193224
    0.887508988 0.824481905 0.324170023 0.0644102693 0.265026301
    0.0897276103 0.865052521 0.416731834 0.40231663 0.511221826
    0.0897810459 0.657017827 0.88524735 0.80880928 0.0554781258
    0.580607355 0.0951419771 0.322972804 0.477946103 0.354361922
    0.163165063 0.118256629 0.695416212 0.582472265 0.994533181
    0.200594425 0.997859597 0.142624587 0.703320205 0.213427901
    0.723094702 0.831467509 0.737310708 0.241266519 0.919803262
    0.00245821476 0.0557318926 0.159850717 0.659003258 0.373125732
    0.192146391 0.742665231 0.815089941 0.219272494 0.43628031
    0.530575991 0.320948541 0.533028364 0.726399302 0.309497714
    0.61900413 0.808267951 0.59809202 0.592111588 0.369315088
    0.0372754037 0.674118817 0.949837565 0.161857039 0.2772623
    0.260237455 0.606276035 0.977367043 0.603085101 0.378503948
    0.0884583592 0.744818091 0.955643535 0.898666143 0.61974287
    0.982897997 0.26505053 0.0577823222 0.299875677 0.911904097
    0.779178619 0.0975638032 0.0444272161 0.0938390493 0.583096266
    0.376920283 0.208463073 0.932932496 0.349853694 0.0323723853
    0.615507185 0.017090112 0.113646299 0.802838504 0.885455072
    0.128069818 0.643485904 0.726690948 0.646217465 0.213127166
    0.374860942 0.944699228 0.497491598 0.723836482 0.306467056
    0.0464911461 0.0220632851 0.849614024 0.342478514 0.245589495
    0.0398896635 0.175512999 0.132374644 0.75879693 0.859754324
    0.493051648 0.820079505 0.989603281 0.448213935 0.495194227
    0.0451020002 0.0997747481 0.262404799 0.93545568 0.987978101
    0.243293315 0.81232971 0.514436901 0.204397291 0.404046446
    0.413769603 0.513277709 0.731638968 0.560003459 0.23391977
    0.151450217 0.767285347 0.406356305 0.516664565 0.01404199
    0.505169928 0.540708303 0.248488754 0.322393358 0.717335105
    0.0839036703 0.582161486 0.416856825 0.750618339 0.452830285
    0.0823720992 0.204238057 0.900739372 0.240442604 0.52701956
    0.800332785 0.369880378 0.037494123 0.837131202 0.0131678581
    0.0188747346 0.492462844 0.402399391 0.0187580287 0.210797578
    0.91966325 0.834706783 0.295029223 0.302517772 0.51732558 0.33427611
    0.32038492 0.838698983 0.252228677 0.677813828 0.746577322
    0.89255935 0.564339161 0.452425718 0.980198205 0.743005991
    0.0150699615 0.921239257 0.987768829 0.100450695 0.897713661
    0.515326798 0.940495491 0.102418721 0.0613329709 0.365015119
    0.0480314195 0.169562966 0.913289189 0.64709419 0.900714397
    0.413274348 0.129098207 0.632231951 0.676289201 0.354430586
    0.354160458 0.108989358 0.81158936 0.940809608 0.203308731
    0.231969446 0.349421948 0.824060559 0.272228062 0.487769902
    0.534306467 0.616572499 0.127077788 0.460339874 0.984470844
    0.820809126 0.218170643 0.157859683 0.760335445 0.699792862
    0.309608489 0.190992087 0.625198007 0.873583972 0.443516791
    0.0846415162 0.994552135 0.185676962 0.279309034 0.334691614
    0.960762978 0.5660519 0.416316003 0.878688753 0.727006137
    0.934810162 0.995186329 0.524268806 0.649873674 0.775687814
    0.454263479 0.646294773 0.48559913 0.278263003 0.18932572
    0.394278944 0.273151219 0.24993214 0.336676598 0.554398954
    0.629203916 0.834589243 0.340024889 0.756287813 0.311094582
    0.111504853 0.897792161 0.864716828 0.780672669 0.609403551
    0.561553776 0.443690568 0.250380278 0.148268938 0.0915110409
    0.943675876 0.848124623 0.690946937 0.737390637 0.77786386
    0.379122645 0.0939974189 0.824334145 0.102031469 0.803646564
    0.895644903 0.479483247 0.544910491 0.25790593 0.151611567
    0.481147677 0.947154999 0.139816493 0.731915295 0.490822434
    0.090016216 0.956306458 0.736457884 0.931293547 0.226510227
    0.307515413 0.048029542 0.194452554 0.239950269 0.108289629
    0.852824688 0.558485806 0.108335853 0.14774695 0.432813585
    0.836547554 0.182465851 0.656810045 0.339020789 0.400349498
    0.27292043 0.0139145851 0.315351963 0.890501976 0.98951453
    0.502269804 0.384136319 0.0915342867 0.346664488 0.741999865
    0.464831233 0.385398209 0.615443408 0.755890131 0.190437913
    0.254955649 0.4063555 0.220937222 0.0699196756 0.516610444
    0.256828487 0.685338318 0.341400743 0.286966681 0.55866766
    0.758099556 0.203517646 0.181408256 0.725466311 0.116474062
    0.577883005 0.543662965 0.223646432 0.288100362 0.163480848
    0.349637091 0.942013264 0.680724144 0.436471403 0.675772667
    0.998005807 0.277216077 0.507655919 0.420652449 0.0704303086
    0.154670238 0.912603974 0.774956465 0.90226984 0.908652127
    0.952874422 0.408072174 0.169687212 0.487162858 0.824559808
    0.494404882 0.315582871 0.760445237 0.819288373 0.913989425
    0.480743468 0.281490594 0.206182271 0.323203832 0.817947924
    0.67393887 0.42907086 0.397984028 0.97012198 0.122566819 0.597087741
    0.487345874 0.510066092 0.714926004 0.838244557 0.563452661
    0.136490971 0.828139424 0.170125395 0.556762218 0.179623216
    0.977519393 0.460654467 0.093464911 0.802632689 0.644342184
    0.380250424 0.473456949 0.100440502 0.574002683 0.196544886
    0.0960154533 0.992324948 0.977561235 0.734320879 0.660565495
    0.539238214 0.594095588 0.694799662 0.303991854 0.847367108
    0.746983171 0.728651047 0.871831536 0.406063229 0.38602066
    0.599944651 0.633217931 0.374281764 0.92037034 0.179539859
    0.931436658 0.698785007 0.573744953 0.16117546 0.791365206
    0.0888823867 0.152664155 0.503466308 0.265928328 0.495832771
    0.337204367 0.211025923 0.98679179 0.00425001979 0.163603604
    0.772544503 0.320177495 0.295585155 0.639716208 0.719372153
    0.808814526 0.839951873 0.808886468 0.721886754 0.264952928
    0.349539638 0.116112232 0.00626221299 0.5175035 0.179434448
    0.62110424 0.857422471 0.527759671 0.754740477 0.0881747305
    0.608216643 0.753623188 0.419431686 0.444747716 0.300463319
    0.0631224513 0.154692203 0.236792326 0.799865901 0.783777952
    0.751229286 0.908953667 0.741423965 0.345410377 0.701151907
    0.336770326 0.19934985 0.85084343 0.705944657 0.344543338
    0.548663795 0.753209591 0.991231084 0.746872306 0.715261996
    0.0876155794 0.453967541 0.499938965 0.908544004 0.347420931
    0.677582085 0.485224843 0.988025308 0.487874269 0.391046852
    0.879205108 0.460058242 0.326114655 0.79342854 0.16130656
    0.610183597 0.241997838 0.11876896 0.818086028 0.992701173
    0.501749814 0.158367008 0.980574012 0.337957889 0.145332485
    0.551713705 0.890476704 0.266499162 0.576892853 0.475446969
    0.10774833 0.335558534 0.541741133 0.767235458 0.871246576
    0.781451941 0.197407335 0.470814586 0.888462722 0.375984401
    0.369808912 0.810878634 0.81802249 0.354900122 0.665276229
    0.860049605 0.587130487 0.735234261 0.16050747 0.220805168
    0.0507345498 0.85904479 0.960198939 0.384411216 0.21648702
    0.700434804 0.548948348 0.738469541 0.872104287 0.582383335
    0.526613772 0.131809682 0.478421509 0.156378418 0.174031675
    0.369033426 0.42183885 0.994710565 0.70589304 0.0251989961
    0.465499282 0.72496587 0.651412249 0.762027919 0.107117176
    0.633625984 0.393653154 0.00994431973 0.739513218 0.516700566
    0.527783811 0.192879558 0.801792026 0.639431179 0.67677325
    0.40560782 0.463309407 0.724004447 0.511310637 0.453590184
    0.445561588 0.921819329 0.131712258 0.272473127 0.904771805
    0.464153796 0.54174763 0.211985022 0.911458969 0.397029877
    0.746652961 0.77175045 0.565424263 0.13710168 0.76091969 0.828679919
    0.692080855 0.550423026 0.212032467 0.920572877 0.864396691
    0.732122183 0.174052477 0.0399829745 0.125393182 0.0836469233
    0.965228677 0.0837313235 0.023534596 0.61930424 0.403666019
    0.326001465 0.0543920398 0.561561763 0.386711925 0.924034595
    0.862309456 0.681482673 0.472164631 0.733497202 0.217957526
    0.428524554 0.928173542 0.558752179 0.240800649 0.163408518
    0.651443005 0.106108963 0.40818274 0.352948457 0.391346753
    0.996043682 0.704520702 0.109853089 0.468785137 0.711061954
    0.671126604 0.0721740127 0.40994823 0.833380818 0.397640109
    0.227291584 0.795605719 0.578344524 0.829437256 0.732477307
    0.399487257 0.499529153 0.175223559 0.571772814 0.451449215
    0.718176246 0.195683002 0.475003839 0.312637955 0.864151716
    0.551426709 0.129357189 0.518262506 0.723064303 0.577996492
    0.143773496 0.945131421 0.28961128 0.704232454 0.129663885
    0.505146861 0.858654022 0.768913627 0.983580768 0.178165495
    0.234901845 0.112625301 0.847150981 0.895882726 0.344354033
    0.673256099 0.412668973 0.201540947 0.00680229068 0.877066255
    0.338346601 0.981774986 0.926238179 0.213922471 0.107022464
    0.807905734 0.828190863 0.712934077 0.344187379 0.221309334
    0.867335677 0.905818582 0.453142226 0.740352154 0.473571956
    0.475964725 0.493648499 0.414946079 0.553775489 0.393095732
    0.42305246 0.623891413 0.865628958 0.611860156 0.256655157
    0.138809621 0.789778948 0.346253276 0.101589829 0.589247584
    0.131438673 0.202251166 0.342940062 0.311615288 0.181335121
    0.71750468 0.0481316149 0.190903842 0.338245094 0.0408138931
    0.506836891 0.789667845 0.622388482 0.0402780175 0.266636014
    0.799200952 0.653514385 0.0315152705 0.806804061 0.184203565
    0.365052044 0.589408278 0.661373138 0.837678432 0.149222255
    0.522410035 0.0606853664 0.211219847 0.451482296 0.818245173
    0.788667023 0.657917738 0.544029474 0.856480718 0.964782 0.852243423
    0.162691981 0.965432405 0.200944036 0.600064933 0.152186096
    0.871558189 0.601889908 0.846875787 0.816812277 0.500427544
    0.84802562 0.111071616 0.459504515 0.785348654 0.247345537
    0.708353877 0.737402558 0.288125426 0.838129401 0.958478928
    0.0156410336 0.222056121 0.9427737 0.834275723 0.63966018
    0.188917875 0.780964017 0.757277012 0.413322687 0.558040977
    0.321088195 0.391930282 0.715606928 0.117886066 0.355578601
    0.929917097 0.433160245 0.390965998 0.647183418 0.330052525
    0.461235911 0.276009202 0.0861062706 0.902518213 0.316723317
    0.279857218 0.107934594 0.151669949 0.0464789867 0.937917292
    0.917580962 0.127871484 0.495233268 0.186922699 0.798133731
    0.508116782 0.315209568 0.901371956 0.120329559 0.770198822
    0.638699234 0.269799709 0.29898113 0.822577715 0.187171012
    0.42654258 0.749963999 0.00930270553 0.648523808 0.979295015
    0.335167766 0.0584539473 0.805923045 0.327699661 0.624447823
    0.984493911 0.496234477 0.313437313 0.0297481418 0.790487945
    0.618691206 0.259775221 0.334222555 0.959629714 0.00512498617
    0.611434698 0.138424546 0.634012699 0.583540618 0.945837021
    0.777476907 0.644623876 0.021451205 0.744621098 0.707666278
    0.761220336 0.389592648 0.321906984 0.155379742 0.339815378
    0.550871968 0.888933957 0.957914352 0.657147884 0.155212551
    0.64778161 0.642255306 0.329946995 0.0711966455 0.340729177
    0.258712053 0.23407203 0.15619275 0.223653078 0.399854243
    0.750816941 0.151926249 0.856440067 0.417141318 0.562549412
    0.490864247 0.0426185727 0.393733978 0.61312753 0.865708351
    0.598944366 0.367210269 0.397342563 0.519935191 0.128759176
    0.236816287 0.7971071 0.208249032 0.462170869 0.847798944
    0.342774451 0.328605622 0.252663732 0.906057477 0.194551706
    0.417765617 0.547100008 0.143511295 0.641026616 0.86492449
    0.370417297 0.798210144 0.242762893 0.526161015 0.81145066
    0.838152409 0.344301283 0.637625039 0.278504819 0.961611807
    0.232601941 0.937868416 0.335208327 0.723437428 0.195594341
    0.984686136 0.0619612634 0.133664966 0.648909569 0.356302023
    0.0509610176 0.219749302 0.382270992 0.808173656 0.927345216
    0.0232587159 0.0337238908 0.224599183 0.272459626 0.155251175
    0.662863135 0.104175031 0.719373226 0.897794366 0.012576431
    0.490637094 0.220552832 0.0430586338 0.621696949 0.00247967243
    0.965006471 0.20692113 0.935791492 0.0610173345 0.132466674
    0.98078686 0.113828421 0.234428197 0.303955466 0.843760967
    0.217193276 0.623441935 0.898909569 0.208112538 0.970144868
    0.322915733 0.550195575 0.383832991 0.651708961 0.131881744
    0.409042299 0.240571767 0.398194611 0.970020771 0.720489085
    0.0301959217 0.952792168 0.921930313 0.363205075 0.707139075
    0.203629911 0.95152235 0.717565536 0.444912761 0.390084714
    0.635455072 0.227147549 0.99031055 0.893200517 0.379496485
    0.366553724 0.179899246 0.874960542 0.0231017172 0.638695061
    0.424290866 0.744779408 0.527788699 0.747941554 0.990108609
    0.42041406 0.454858154 0.353699207 0.146295667 0.222618073
    0.823539138 0.035779804 0.150878906 0.887868643 0.88421154
    0.370221674 0.388725966 0.341246068 0.0721087456 0.235832423
    0.92267561 0.925087214 0.354951054 0.0453822017 0.137089044
    0.0658653975 0.226375282 0.799803078 0.766423583 0.736511827
    0.833662152 0.0799831748 0.599447548 0.887739003 0.445952028
    0.763676465 0.620274901 0.280759066 0.848464251 0.571430743
    0.401561618 0.702035844 0.800167561 0.880477309 0.134870738
    0.458150029 0.0501435399 0.992443025 0.437848598 0.257527709
    0.657831609 0.420159578 0.223499298 0.804064035 0.757431865
    0.590958476 0.146842539 0.0788465738 0.0192127526 0.998464346
    0.890838027 0.530279756 0.251232773 0.028227061 0.278728873
    0.481129438 0.606798947 0.60829556 0.542430401 0.0307105482
    0.237342119 0.134272605 0.482048839 0.076148212 0.868430912
    0.683996439 0.0251666903 0.998776078 0.690891445 0.819501877
    0.974167705 0.760034144 0.88056314 0.674047589 0.725568354
    0.223355293 0.433051914 0.927372813 0.819410503 0.0510372519
    0.327305973 0.944809675 0.502302229 0.4921287 0.949828863
    0.407086968 0.898592234 0.118873537 0.30166918 0.617224514
    0.302131921 0.170994937 0.685306609 0.108365387 0.473795474
    0.260608196 0.473784626 0.858276486 0.133429021 0.793662548
    0.588364124 0.107244283 0.268160641 0.109306425 0.682450235
    0.686749995 0.939303756 0.438970774 0.804129958 0.0906837881
    0.132251441 0.0601039231 0.0198009908 0.714163661 0.830423057
    0.549812615 0.469641507 0.935828209 0.505326748 0.762115002
    0.991527557 0.923325419 0.7807042 0.374715865 0.79365021 0.751148522
    0.0813549161 0.38331297 0.0274365842 0.184555531 0.746226132
    0.585675418 0.242502004 0.372096539 0.152380526 0.792802572
    0.621874452 0.940351963 0.123727411 0.596338451 0.629787326
    0.707883894 0.471895278 0.437912643 0.926746607 0.389490694
    0.652633727 0.152377248 0.113460511 0.269812584 0.303271413
    0.148831278 0.869025826 0.46370706 0.950792909 0.69134599
    0.523919046 0.349395275 0.517261922 0.73032546 0.0306586325
    0.514694929 0.695696414 0.806437314 0.160161525 0.555357516
    0.167887092 0.28777796 0.571885765 0.529075861 0.760941863
    0.710172117 0.124781966 0.51700139 0.168637842 0.473742157 0.866696
    0.153598994 0.634117067 0.157222629 0.245664328 0.152905792
    0.50659883 0.480941445 0.456410348 0.174189836 0.19523257
    0.249667794 0.0106257498 0.373278737 0.984990597 0.667321324
    0.347881198 0.264844954 0.816528618 0.647225142 0.583683014
    0.69889313 0.815222144 0.970296741 0.0204059482 0.723295152
    0.731464863 0.479272008 0.299664736 0.138838679 0.689653277
    0.66533339 0.789242029 0.00132769346 0.575448394 0.847732663
    0.148185462 0.082383424 0.953762293 0.625569761 0.28882283
    0.0152900517 0.610733569 0.906846881 0.303803444 0.739091873
    0.210277706 0.070237577 0.0770779848 0.58774817 0.1761114
    0.312003493 0.276358992 0.861726463 0.838241458 0.286594748
    0.165834934 0.0204553306 0.78241694 0.939358234 0.965146542
    0.283916354 0.760723412 0.698743463 0.55299139 0.0878513753
    0.214865565 0.17568326 0.0089289248 0.148911536 0.983683825
    0.893897891 0.196421444 0.312174827 0.369639933 0.939000666
    0.638255119 0.316239476 0.303599119 0.61814028 0.960277677
    0.628635049 0.844117343 0.86928153 0.420469224 0.979275227
    0.825668275 0.258547038 0.662883282 0.562378466 0.537555873
    0.907941818 0.651900113 0.282615185 0.332735658 0.352094591
    0.769384742 0.290804446 0.572541833 0.828357041 0.717830539
    0.907950819 0.0300295651 0.765620708 0.238351017 0.0824657381
    0.982319951 0.533650875 0.476476014 0.931266904 0.750558972
    0.673566163 0.968070269 0.454792917 0.699438632 0.437774837
    0.834795833 0.413103312 0.80699122 0.119335562 0.645204067
    0.753681064 0.123987019 0.434123635 0.680796087 0.165214121
    0.775354147 0.565247715 0.219879031 0.218487293 0.946227372
    0.442643732 0.118413061 0.896513581 0.918574452 0.133007795
    0.148969769 0.286602318 0.699001193 0.16106075 0.518202126
    0.690386057 0.456731021 0.703989387 0.0465345383 0.181441694
    0.934532881 0.545271397 0.646421015 0.882041752 0.507929921
    0.278142393 0.0908150673 0.639019489 0.263014436 0.204226851
    0.769107878 0.230319291 0.0441115797 0.607184708 0.0802004635
    0.720904708 0.350018322 0.192867458 0.487400591 0.90263468
    0.948592663 0.902122557 0.00423204899 0.700478375 0.830215096
    0.494072139 0.643052101 0.887527823 0.982246399 0.496592253
    0.319140613 0.295650542 0.350871325 0.529710591 0.926508069
    0.503536403 0.351192266 0.353917718 0.550924182 0.377929181
    0.444421709 0.28901881 0.840953946 0.795256853 0.00412556529
    0.826617777 0.748883486 0.391144574 0.475664169 0.564850926
    0.225989282 0.703068674 0.701467514 0.269372344 0.850544453
    0.185687482 0.65890646 0.833473146 0.179151773 0.691904068
    0.460330069 0.770225048 0.158186674 0.80793041 0.0222003162
    0.620500207 0.4486112 0.57578212 0.654630899 0.888519287 0.199572027
    0.211596251 0.545302927 0.987634003 0.382255852 0.116052985
    0.311659813 0.557499409 0.44949159 0.520243824 0.674191356 0.4835504
    0.597802877 0.69129467 0.837653875 0.83588779 0.717883945
    0.796914697 0.767975688 0.790988982 0.186433405 0.618232667
    0.879959106 0.00431740284 0.158449262 0.707198262 0.632540286
    0.397529334 0.88898623 0.324167669 0.981835902 0.844300747
    0.302243412 0.899677396 0.66628176 0.239842862 0.26055032
    0.156940967 0.100023419 0.499239177 0.951553702 0.0324555337
    0.731048465 0.406456351 0.996280193 0.7574296 0.764712691
    0.747304261 0.249515235 0.104564011 0.0687563419 0.62108463
    0.016184777 0.581002355 0.996382713 0.931701958 0.46280399
    0.00163495541 0.208254486 0.742322028 0.3925246 0.0853862762
    0.373476565 0.130914986 0.959740698 0.213818163 0.526656091
    0.359948605 0.188920885 0.831409097 0.257607937 0.287479132
    0.0168431401 0.539543152 0.379756093 0.800146878 0.375153035
    0.387939394 0.76719439 0.425108582 0.247110754 0.495967388
    0.322793126 0.826859891 0.193334818 0.660600603 0.458280057
    0.314506739 0.158520311 0.334810615 0.703090131 0.520822167
    0.277011633 0.185851395 0.531874061 0.78111428 0.456720322
    0.075669229 0.484037638 0.851554155 0.760745525 0.836085439
    0.665746927 0.0574252009 0.0132047832 0.89565146 0.674308062
    0.868757248 0.844673455 0.530347288 0.592146695 0.200841188
    0.934480786 0.950038254 0.704575837 0.646928251 0.0639356375
    0.869382143 0.687004685 0.0457468629 0.822413325 0.981200457
    0.704433501 0.457721055 0.375533819 0.306172073 0.584971488
    0.572176516 0.240618199 0.378756046 0.952557445 0.884075642
    0.86000669 0.887121916 0.910627484 0.236324549 0.631294966
    0.522384346 0.506255567 0.0948784053 0.0678314567 0.0725261271
    0.612493575 0.754594564 0.790455341 0.396478206 0.256663591
    0.0865161121 0.383887351 0.867054045 0.519009709 0.05355528
    0.503477514 0.508910537 0.382807314 0.614772499 0.137841135
    0.958041668 0.842622936 0.420033485 0.354129851 0.238099396
    0.0253949761 0.316693783 0.346023023 0.629371345 0.216106832
    0.0129914284 0.476341903 0.83134377 0.131667167 0.841965556
    0.809787989 0.9892115 0.478553057 0.392746121 0.264773428
    0.0362356305 0.592639923 0.408521801 0.931919575 0.777345419
    0.684446335 0.16462335 0.401345074 0.425594956 0.19745031
    0.286188841 0.382908434 0.398719311 0.562584639 0.109695196
    0.484821856 0.44206062 0.443112403 0.123403698 0.706031799
    0.0326050818 0.610687137 0.883947968 0.368627727 0.452608317
    0.963498116 0.931170344 0.828238964 0.891268075 0.801418185
    0.792564631 0.629200041 0.70067811 0.250679553 0.712857664
    0.507347703 0.0229118466 0.99150461 0.906874716 0.671963334
    0.565866768 0.0146715939 0.0627018213 0.135632485 0.481901407
    0.35270232 0.492932677 0.989074469 0.505520225 0.539469063
    0.718603849 0.540502548 0.690829873 0.32529524 0.554467559
    0.609479785 0.0875126123 0.371547341 0.326996237 0.910185695
    0.4142012 0.94193238 0.349717677 0.21854651 0.945201218 0.613702416
    0.369345367 0.356342673 0.766245246 0.201212436 0.401019484
    0.767534375 0.989834785 0.035050869 0.651831925 0.508519411
    0.197790891 0.484206676 0.661518574 0.616563559 0.383573383
    0.0909402668 0.441812843 0.46381855 0.195746005 0.310859382
    0.820901453 0.92135036 0.366087824 0.968015492 0.882878423
    0.179486185 0.685881376 0.949645817 0.83873117 0.112202317
    0.909708142 0.454820693 0.66336453 0.432684004 0.0420187116
    0.682530642 0.882861614 0.199845165 0.82491672 0.755197644
    0.933721781 0.212087333 0.759729326 0.193927258 0.545936465
    0.671501398 0.883026838 0.0609166324 0.116770864 0.123313487
    0.123313367 0.634447932 0.490837276 0.252789378 0.166726738
    0.59327966 0.507797003 0.9897964 0.17817387 0.816111803 0.791108668
    0.515400112 0.0594521165 0.0726363659 0.15607658 0.51464206
    0.0376260877 0.994543076 0.654208779 0.756896436 0.514393747
    0.798473597 0.0675393045 0.632544696 0.676049471 0.757433772
    0.75290513 0.333992004 0.550403178 0.0469367802 0.691124916
    0.00406256318 0.67474705 0.0979330242 0.6715554 0.0808496177
    0.537857413 0.711793184 0.503906965 0.046808809 0.431850642
    0.463783383 0.431598365 0.425201774 0.202788234 0.096981734
    0.348448306 0.793493271 0.536866844 0.880550206 0.942679465
    0.644648135 0.0786711574 0.651117504 0.0309072733 0.170588046
    0.236506611 0.74051398 0.327947408 0.790959179 0.987530112
    0.168151557 0.724442184 0.635962546 0.264381856 0.14606902
    0.468711197 0.803532362 0.782878995 0.223267585 0.167534232
    0.599254668 0.177210182 0.674443483 0.122896165 0.876898587
    0.63265574 0.873421311 0.709852397 0.594956398 0.0140986443
    0.323955357 0.830106497 0.324477971 0.23074168 0.388005883
    0.556615174 0.215675592 0.793053508 0.578674555 0.510828495
    0.800151289 0.218700022 0.906888008 0.200370133 0.842270255
    0.756132126 0.0802347362 0.540357172 0.771607041 0.0511183739
    0.815063715 0.474673003 0.00652429461 0.311697125 0.754824281
    0.648511887 0.9712708 0.795142055 0.604721248 0.989069045
    0.199663609 0.117525101 0.541281164 0.606584013 0.470007062
    0.218359321 0.761947393 0.990504444 0.145308703 0.360502839
    0.779555559 0.504175782 0.0262352526 0.276571512 0.510299504
    0.859704614 0.0597116947 0.209998906 0.964653075 0.537337184
    0.25736922 0.799332798 0.10244754 0.731626749 0.0102556646
    0.218477577 0.866531491 0.0654551387 0.730647385 0.271685243
    0.396857411 0.257324725 0.278906167 0.141692162 0.902014017
    0.00468742847 0.464883745 0.175118029 0.123301178 0.0481324494
    0.262860745 0.969180942 0.108493239 0.801827908 0.16421935
    0.309276938 0.0978035033 0.151097953 0.260326087 0.0648576617
    0.301364839 0.991059244 0.556445062 0.923246026 0.361942887
    0.488220453 0.722821295 0.483369291 0.14585647 0.72175771 0.13329047
    0.740140557 0.165776342 0.792039633 0.743536115 0.907375932
    0.602897882 0.284612656 0.719347715 0.40067029 0.616387069
    0.39627862 0.346698731 0.347802162 0.662700713 0.445563257
    0.813938439 0.539003313 0.534636855 0.137242705 0.501845479
    0.0073300004 0.370463103 0.343186587 0.0527302325 0.892853141
    0.274480641 0.708249748 0.474392176 0.553741455 0.851651669
    0.8751055 0.945980251 0.933147132 0.266560853 0.678099334
    0.848161221 0.794637084 0.0196644068 0.282603383 0.721474051
    0.577412486 0.987641692 0.959421694 0.315728098 0.893220723
    0.569238305 0.672364593 0.479148477 0.0494433939 0.0674964488
    0.849947214 0.89531219 0.780458689 0.40212965 0.580729246
    0.906586409 0.911234021 0.400814056 0.843276262 0.244447112
    0.200617731 0.052411586 0.151304424 0.585465193 0.514294505
    0.578605533 0.60747999 0.565953732 0.450716764 0.381632388
    0.100355268 0.530320525 0.365967125 0.643680453 0.227502882
    0.519251704 0.132157594 0.559773088 0.0247951448 0.886999965
    0.98346889 0.263605714 0.627427936 0.0960591137 0.718228281
    0.707362652 0.978348136 0.182662517 0.00916463137 0.493218392
    0.184280574 0.967246652 0.368264914 0.149975955 0.0300053954
    0.141593158 0.782478213 0.74948597 0.473786056 0.367052913
    0.174236804 0.526125848 0.0860357881 0.139540792 0.419741124
    0.108746529 0.921908021 0.175378352 0.67834723 0.759438097
    0.181313545 0.880826294 0.623892069 0.607232153 0.338961184
    0.959286332 0.833394349 0.742993772 0.5356493 0.425556153
    0.984104812 0.302875817 0.336586177 0.384685516 0.967346489
    0.477941275 0.287949085 0.95638454 0.716197193 0.821029484
    0.504327118 0.822971582 0.828453064 0.521169841 0.650066614
    0.452990562 0.0987829566 0.18086502 0.0121394396 0.326859266
    0.323187053 0.202554077 0.311561704 0.385766774 0.258242786
    0.305802822 0.646643996 0.335015297 0.602632046 0.620076001
    0.41190967 0.36521709 0.519218504 0.594668925 0.692387164
    0.309174299 0.384971321 0.357991397 0.451259792 0.470204502
    0.98731184 0.884793997 0.0886586308 0.612421632 0.0954124033
    0.64670682 0.374500811 0.0324475467 0.840323091 0.773694456
    0.777421713 0.376524508 0.389441192 0.724744081 0.420607269
    0.897872329 0.283318758 0.996783972 0.246452332 0.15528512
    0.859315515 0.498303831 0.148924291 0.929558694 0.503230155
    0.400761068 0.296530187 0.0396882892 0.297856569 0.158337146
    0.853230596 0.398486227 0.334816992 0.641500115 0.658891141
    0.429026663 0.995621324 0.600602984 0.172623366 0.909147382
    0.53508985 0.779780984 0.297822416 0.816675425 0.406433165
    0.84915936 0.499334186 0.632864892 0.0779004693 0.347737432
    0.382585764 0.655911267 0.203962833 0.56627363 0.92766118 0.88569653
    0.298166066 0.726074815 0.00051638484 0.754004598 0.923873365
    0.204783678 0.505265236 0.738198698 0.441568345 0.142692029
    0.269664258 0.47082302 0.0255848467 0.380173624 0.774540663
    0.883075118 0.0546367466 0.0362948775 0.0546290278 0.543990731
    0.933889091 0.154879749 0.109650165 0.327407241 0.500788331
    0.883371174 0.917589903 0.428369462 0.428009868 0.0303766429
    0.468660861 0.286789477 0.0343629718 0.118232101 0.924669027
    0.714207828 0.604456902 0.781225085 0.37249881 0.517108202
    0.209804356 0.195973843 0.685934544 0.803655982 0.678973675
    0.151793867 0.280769527 0.878456652 0.271079957 0.235561699
    0.25293839 0.68866688 0.22529757 0.0626713932 0.210090041
    0.585799217 0.998116374 0.767721176 0.0433315337 0.267878473
    0.913698673 0.942635298 0.380538255 0.630130887 0.664028764
    0.545027792 0.662202895 0.33731097 0.0940443575 0.653571784
    0.277155548 0.00402218103 0.520281434 0.754158616 0.360262245
    0.00270241499 0.769652784 0.973276794 0.758929729 0.522756457
    0.970247924 0.465808392 0.751033306 0.90478611 0.806320012
    0.227092087 0.306673944 0.878492475 0.803288817 0.981834531
    0.155081868 0.906382918 0.477282047 0.413074493 0.589885354
    0.415623665 0.149143934 0.940571904 0.507998765 0.437763691
    0.832217097 0.0674618185 0.870994329 0.577773809 0.328589886
    0.354430139 0.704375625 0.519028544 0.656451344 0.0376217961
    0.212984234 0.937805831 0.571896911 0.462883413 0.615958214
    0.392450273 0.561514139 0.270505488 0.994074404 0.327583969
    0.294507027 0.483077884 0.190501034 0.204064131 0.43440482
    0.682794333 0.757916093 0.287315756 0.271697998 0.438270748
    0.64474082 0.673821867 0.666134417 0.485772938 0.89095974
    0.576546788 0.119163066 0.79306829 0.138053417 0.856229603
    0.198730171 0.58378315 0.817031682 0.683189511 0.961861134
    0.294703841 0.0840897858 0.0160075426 0.504074395 0.683799624
    0.746467113 0.588249743 0.45464173 0.129041702 0.638675094
    0.218636811 0.317984819 0.50556612 0.028382659 0.653858662
    0.903230309 0.184174418 0.590373635 0.0580628514 0.694239497
    0.974416435 0.0731143355 0.768585801 0.393847644 0.0165918767
    0.260303289 0.0128778815 0.13456735 0.884254873 0.100781262
    0.468050838 0.87797451 0.117869735 0.579087973 0.972259223
    0.0967563689 0.901576161 0.534880877 0.0657752752 0.989814043
    0.0695548952 0.615647078 0.421593249 0.797231853 0.590334833
    0.341926694 0.394840181 0.294787169 0.71426183 0.627244711
    0.790414095 0.83816427 0.536724448 0.664142489 0.0690934062
    0.826046586 0.829792917 0.0102235079 0.641279042 0.368980587
    0.918224454 0.623855293 0.68953687 0.0207444727 0.14940542
    0.133080214 0.908680856 0.763883471 0.758776188 0.215430498
    0.0191683471 0.332101613 0.167179644 0.126808316 0.177209139
    0.822651625 0.549479604 0.029922545 0.480562568 0.972070515
    0.41900593 0.743097067 0.235219568 0.215225548 0.242921531
    0.234661162 0.0430712104 0.244755119 0.287369072 0.165203005
    0.155617297 0.683003068 0.540264726 0.139790416 0.403850466
    0.2556054 0.723423004 0.163710445 0.635619283 0.645838439
    0.818148732 0.171273351 0.47594884 0.730591774 0.507575452
    0.681103587 0.996526837 0.339896798 0.415237278 0.0188443065
    0.813131928 0.815363526 0.640314698 0.755314827 0.334761739
    0.731600165 0.406704396 0.858455896 0.117733836 0.38356331
    0.39791587 0.184725642 0.13412106 0.167944402 0.586743474
    0.911468565 0.810542881 0.399468839 0.701902628 0.128493696
    0.0955614746 0.79884392 0.212074101 0.417703271 0.448165983
    0.408639163 0.0527861714 0.243403822 0.481876254 0.665086389
    0.905117929 0.326193929 0.450770646 0.379034579 0.303197652
    0.450591624 0.34010458 0.765537024 0.539605737 0.791503191
    0.960838199 0.218626857 0.250079781 0.87318188 0.767607093
    0.0378936529 0.0716514289 0.586907625 0.232968956 0.0809592605
    0.493042976 0.977112591 0.55585748 0.234616101 0.642368674
    0.26895088 0.677695155 0.658170879 0.61635834 0.302391142
    0.489345372 0.198124021 0.269871414 0.953837276 0.596587658
    0.973282814 0.505687356 0.778197885 0.520686805 0.0719209015
    0.902427197 0.151622087 0.355521351 0.803615153 0.776775956
    0.69925046 0.514035344 0.166456878 0.208806396 0.873549819
    0.467588305 0.00282797217 0.75508225 0.649511218 0.796901345
    0.993895173 0.109544724 0.975748062 0.579782009 0.374633431
    0.951168239 0.225680113 0.56836313 0.805382192 0.993471026
    0.36813426 0.821000099 0.00403648615 0.22991854 0.773816705
    0.536759377 0.791105568 0.460565209 0.760865867 0.736092567
    0.989904881 0.523115635 0.534299731 0.337040246 0.500339985
    0.952579439 0.613143802 0.127588719 0.198662311 0.554994464
    0.467332155 0.702425659 0.319552839 0.415053576 0.183438599
    0.586422622 0.610044003 0.857596934 0.927666545 0.518552899
    0.0149653852 0.614448607 0.295084506 0.680634499 0.199284762
    0.103167146 0.483838528 0.300255835 0.733232558 0.319807827
    0.338250577 0.0369873941 0.552580535 0.0718360543 0.283985555
    0.9991014 0.583093047 0.339010358 0.331106544 0.867846787
    0.372282743 0.153567761 0.256924152 0.678694665 0.948168933
    0.766090989 0.643024683 0.529576898 0.710743904 0.327613413
    0.185863733 0.926019847 0.494069695 0.827082157 0.432742 0.66483295
    0.285421312 0.00436469913 0.0275092721 0.0129336417 0.845428944
    0.425829351 0.0324554145 0.906395674 0.288605392 0.415700227
    0.935181558 0.247306645 0.623184025 0.876536608 0.472063929
    0.501869917 0.7019732 0.0589630008 0.376256555 0.37263447
    0.976134181 0.669129372 0.912452221 0.0276812017 0.626189828
    0.283143342 0.395306885 0.136750817 0.612407386 0.0553096831
    0.719752133 0.873175263 0.0720158815 0.287279606 0.857448101
    0.493818492 0.804830074 0.932423115 0.714423418 0.263711303
    0.181092083 0.818203807 0.204761595 0.211581677 0.494777977
    0.424092054 0.687905312 0.227140218 0.192085266 0.381383359
    0.931380272 0.452913374 0.0549215674 0.436764777 0.903699279
    0.947163939 0.754889488 0.450735092 0.00686952472 0.779841661
    0.725654662 0.188376069 0.194441795 0.258723378 0.528163254
    0.434852421 0.779580712 0.0662374198 0.577966928 0.0904536843
    0.0945309401 0.433835536 0.245968729 0.909421504 0.279552251
    0.326014489 0.852689505 0.801867366 0.674560905 0.357670695
    0.976748347 0.163229465 0.409039736 0.350743711 0.303450465
    0.0319620967 0.849949479 0.785985708 0.99956584 0.00810086727
    0.128138483 0.821641922 0.166619986 0.0767520368 0.985897243
    0.0623081326 0.191067666 0.257635295 0.922864377 0.843287349
    0.343623996 0.894058704 0.101806968 0.389621496 0.948560894
    0.615565956 0.527887404 0.684076488 0.623417318 0.364683956
    0.749156117 0.248055786 0.255165309 0.714857101 0.511803806
    0.219726086 0.205994964 0.740744472 0.331186324 0.402113825
    0.193296194 0.256944358 0.687589824 0.887648106 0.207064688
    0.336464435 0.769276261 0.906486511 0.166042328 0.798325598
    0.168868244 0.0761911869 0.11886552 0.718115687 0.3071931
    0.0241845846 0.0583355129 0.572519422 0.991992354 0.617552638
    0.27781558 0.124846697 0.360124588 0.640294671 0.42008543
    0.976607203 0.44028452 0.0591007173 0.668008745 0.0148676932
    0.661625981 0.801831841 0.770652175 0.278104961 0.760817647
    0.429772496 0.10552898 0.722355604 0.638570905 0.732897758
    0.940295577 0.62969017 0.320859849 0.79793942 0.631511986
    0.533436894 0.323307812 0.17300421 0.197373301 0.469409496
    0.459288061 0.136429369 0.82606101 0.881399751 0.852841854
    0.0417055488 0.719898701 0.478332549 0.964934707 0.7323457
    0.336595029 0.387454897 0.92075479 0.938178778 0.491556853
    0.152620554 0.800528884 0.384895504 0.00408408046 0.792798877
    0.42805317 0.0285192132 0.507891953 0.661530852 0.074788481
    0.040715307 0.0155723989 0.486175895 0.978821397 0.199878037
    0.776273012 0.250389934 0.915895104 0.836904407 0.149359941
    0.489131302 0.201117992 0.288088799 0.345862269 0.0216827393
    0.277065694 0.066216439 0.0851353407 0.1872361 0.127005696
    0.261634827 0.31139636 0.893049359 0.0641535521 0.715199828
    0.659452081 0.560084939 0.487825871 0.0412965119 0.812126875
    0.871606827 0.234278738 0.474165022 0.501880348 0.272467315
    0.121578097 0.346553445 0.814857006 0.945339799 0.935402513
    0.906397581 0.755124748 0.463071078 0.92363143 0.439860851
    0.909830689 0.184149265 0.199662447 0.0241590142 0.579448938
    0.983385086 0.652424693 0.615925908 0.194666743 0.105520964
    0.0697025955 0.0197432041 0.246497869 0.318796039 0.620541036
    0.765579164 0.774073362 0.757990479 0.904307127 0.792355835
    0.185076565 0.320469499 0.196878552 0.578031421 0.0328601599
    0.113351256 0.598175406 0.983808041 0.885400057 0.215745896
    0.100705981 0.308029085 0.210260332 0.807823837 0.386635989
    0.442234963 0.591758072 0.823201776 0.562634706 0.539109707
    0.05583179 0.48380962 0.861113906 0.0411147773 0.925076663
    0.85837543 0.536736429 0.24036029 0.0781639516 0.565437496
    0.370252341 0.958888531 0.0709737837 0.429536879 0.0767677128
    0.907384336 0.169445813 0.170573652 0.303041011 0.208813846
    0.441143274 0.592927694 0.635627627 0.877499223 0.488702327
    0.316889167 0.716924369 0.94920069 0.5429672 0.836707652 0.295657218
    0.462722212 0.973665774 0.512331963 0.801130414 0.474855334
    0.931411982 0.202820718 0.987478733 0.0378724635 0.502893806
    0.485621601 0.728539228 0.07918185 0.99983865 0.0688800216
    0.844925761 0.95335567 0.113760412 0.72151196 0.646843016
    0.368650764 0.195883811 0.891899228 0.0751957297 0.41871506
    0.559143782 0.149339855 0.774905026 0.388185263 0.374580055
    0.8830446 0.833147645 0.404807597 0.999463081 0.3455486 0.480404139
    0.0236751437 0.340331733 0.155771613 0.570310771 0.597260594
    0.215523809 0.760663629 0.341199577 0.843996286 0.428979814
    0.52800256 0.116861999 0.255764186 0.640796125 0.238436759
    0.324865222 0.283885479 0.999586821 0.561697304 0.781603575 0.224886
    0.168625027 0.773040533 0.105554849 0.42426762 0.117424935
    0.418011248 0.760190368 0.891241431 0.271329105 0.811423182
    0.83748883 0.392789334 0.762378693 0.923374891 0.948149681
    0.787366569 0.780999005 0.107680708 0.723355651 0.229324877
    0.506918848 0.487860799 0.330516398 0.112026125 0.313571155
    0.563945651 0.0831887722 0.597551644 0.0404653549 0.493239313
    0.639451861 0.870525062 0.645024061 0.867874265 0.339394331
    0.73635006 0.995727301 0.322614253 0.186413139 0.462210029
    0.228538454 0.597355843 0.253341496 0.470092028 0.595766544
    0.926138878 0.756360233 0.354096323 0.0441854 0.689459801
    0.911063254 0.0133463144 0.571250558 0.174772501 0.679429114
    0.0682098866 0.197444826 0.312051266 0.0862053037 0.728132129
    0.18454513 0.643262982 0.977137983 0.48407194 0.342845321
    0.923956156 0.183615297 0.680877268 0.342620373 0.865638971
    0.814942062 0.664536297 0.355077863 0.450488031 0.72187531
    0.859107673 0.22525996 0.0820689797 0.332926214 0.20427236
    0.429720134 0.194285154 0.634825945 0.236420065 0.817693114
    0.56307745 0.11152482 0.845542192 0.997814298 0.372280657
    0.282986253 0.736276805 0.0268646479 0.027054131 0.960504889
    0.232414573 0.802563429 0.607871473 0.74771595 0.545851588
    0.798741221 0.1787889 0.209574968 0.292630404 0.102991611
    0.135469705 0.644251406 0.176017791 0.501860619 0.969546378
    0.955400348 0.255059779 0.592229605 0.897488356 0.109345883
    0.236154914 0.53527391 0.764258206 0.179279894 0.184770614
    0.982983112 0.814815044 0.823973536 0.459200323 0.189446241
    0.589036405 0.470386058 0.659421682 0.955307186 0.251260191
    0.278102368 0.272355288 0.0458503366 0.716783762 0.195917338
    0.569184482 0.712388873 0.796157062 0.182041317 0.597697079
    0.142363489 0.834471047 0.0523153841 0.12954402 0.335064471
    0.679451942 0.540874481 0.438646406 0.680330992 0.317357183
    0.279976666 0.187770277 0.501731753 0.473970234 0.801519871
    0.803311706 0.0447262824 0.774074793 0.245084226 0.632916808
    0.285299361 0.223575979 0.248695225 0.718467474 0.161662847
    0.687026203 0.048347801 0.496437937 0.241130978 0.0268758535
    0.611443818 0.134592772 0.704819143 0.487464607 0.417665035
    0.632365286 0.785189867 0.882851005 0.768130541 0.0295581222
    0.0175257623 0.866180003 0.618297338 0.580178678 0.684303999
    0.483459949 0.229131013 0.575074017 0.317422569 0.526674271
    0.832523227 0.399212122 0.801432133 0.226692289 0.642369688
    0.498162955 0.0553179085 0.655985773 0.878673553 0.00585538149
    0.65523839 0.20088312 0.730845869 0.597109973 0.00722652674
    0.0735277236 0.27729255 0.226443976 0.309653342 0.0250996351
    0.323112428 0.183063567 0.92954427 0.374339223 0.234692544
    0.535191715 0.375489533 0.501655281 0.949218273 0.257886589
    0.679053307 0.636769652 0.587643743 0.702305973 0.608174622
    0.577679574 0.03490448 0.499090195 0.365190864 0.44359082
    0.905032396 0.161005139 0.761790633 0.796395183 0.621095181
    0.544528544 0.500343919 0.43581441 0.518713355 0.752791286
    0.327761471 0.791513383 0.219660878 0.53483206 0.403395623
    0.55886364 0.479320407 0.217805654 0.224025577 0.473161072
    0.29080081 0.333467424 0.87175554 0.32785064 0.690637112 0.939995527
    0.394250244 0.932714939 0.772556067 0.374574423 0.00852021575
    0.484243959 0.385836482 0.908855319 0.0811644495 0.344857365
    0.538412809 0.422758043 0.933392763 0.440741122 0.462595254
    0.0206096172 0.601969123 0.665405154 0.727740586 0.262804389
    0.364963472 0.513337433 0.146544784 0.213430911 0.32316944
    0.835780382 0.217195064 0.679790676 0.384568274 0.596303523
    0.516345203 0.198385477 0.688450694 0.349443257 0.391149521
    0.851511836 0.600602686 0.946934938 0.0705075264 0.283831656
    0.470478773 0.755246639 0.755234599 0.710344255 0.565783262
    0.948692203 0.772937536 0.788638353 0.180211365 0.353528887
    0.104509324 0.504867673 0.0868894756 0.109279215 0.533563495
    0.369115621 0.0959324241 0.638292551 0.661509752 0.39232561
    0.467354387 0.171876878 0.986649394 0.137197882 0.742570937
    0.86704874 0.107209295 0.0738274753 0.155663282 0.925121784
    0.682298779 0.00814193487 0.449915826 0.618029237 0.544237673
    0.033054173 0.793151259 0.536296964 0.89253062 0.679718792
    0.245498985 0.318878472 0.511482477 0.844616592 0.938471198
    0.413957655 0.771612763 0.731577456 0.76671505 0.670616388
    0.989689231 0.32202673 0.538406491 0.969456434 0.0850716829
    0.89356482 0.950733244 0.768419325 0.500519097 0.514666855
    0.375303835 0.976295829 0.812992573 0.297651768 0.953191876
    0.342302203 0.750847578 0.392681152 0.578175545 0.0250611901
    0.878299832 0.484936535 0.668857396 0.708856344 0.916266978
    0.119821697 0.0658607483 0.230889887 0.623268425 0.650945783
    0.12159586 0.893526793 0.0734128654 0.669540405 0.677003324
    0.0668400228 0.281514764 0.207291096 0.367666662 0.201988548
    0.684431255 0.476105303 0.583586693 0.976031661 0.723277688
    0.0829528272 0.0627098382 0.0195214152 0.750223875 0.625833809
    0.283608317 0.686086297 0.770730376 0.330414951 0.265505135
    0.0279307365 0.747103214 0.454342574 0.282549948 0.19608739
    0.320803106 0.383658767 0.439020365 0.152847856 0.992457449
    0.216250032 0.206398547 0.755124211 0.832377315 0.722710013
    0.720996857 0.0159500241 0.605525255 0.752902627 0.177612305
    0.684019029 0.655131221 0.936658263 0.375044882 0.211490721
    0.421717763 0.652088821 0.728438199 0.219750941 0.271660149
    0.0547535419 0.748461127 0.239002466 0.236024171 0.297248542
    0.226304024 0.616762459 0.613654554 0.528228402 0.747045398
    0.156349003 0.421163321 0.952594757 0.168837696 0.297292829
    0.283055961 0.177002162 0.560934603 0.356901228 0.500432909
    0.169010133 0.0595274568 0.679798305 0.0159593523 0.13338691
    0.375051737 0.997964144 0.368647158 0.00850999355 0.650850952
    0.492433161 0.920611858 0.889592826 0.522782326 0.98547554
    0.568564594 0.811015844 0.117186904 0.800918519 0.0686690211
    0.0718871355 0.769254088 0.68627739 0.553058267 0.284214675
    0.866232395 0.670418024 0.270848513 0.856284618 0.533109069
    0.382852554 0.0832116008 0.134849042 0.103913844 0.110870957
    0.872312188 0.675802946 0.688495576 0.444646448 0.728459954
    0.632658541 0.848096788 0.850012898 0.726261616 0.711980343
    0.892318726 0.430726975 0.769313097 0.168509722 0.703517973
    0.668672264 0.00987195969 0.898299694 0.913140297 0.810281515
    0.802055955 0.424954027 0.574350119 0.950657308 0.434771359
    0.538710535 0.991923809 0.417100817 0.808413625 0.486938983
    0.0756295323 0.580154419 0.777860522 0.93280381 0.0812917352
    0.220002085 0.140951216 0.957739949 0.412073672 0.643273652
    0.702097654 0.164303333 0.359173596 0.0518085659 0.768805146
    0.618692517 0.501690209 0.677914143 0.073707372 0.359784067
    0.385590136 0.618535995 0.951057315 0.0650343895 0.876305461
    0.0249249041 0.622966647 0.735758126 0.939728498 0.887865186
    0.716050625 0.95186758 0.85790801 0.598969877 0.761201978 0.20889768
    0.625671625 0.938052833 0.290664792 0.68985045 0.770662189
    0.769820273 0.609734535 0.831846535 0.993277967 0.463213056
    0.526310802 0.867503405 0.53666383 0.0324278772 0.226703107
    0.716491044 0.0771375 0.659969509 0.187408805 0.180387288
    0.758260667 0.147205949 0.0399750173 0.0144816935 0.956526279
    0.136492997 0.20391947 0.809508562 0.118556023 0.981366098
    0.264166772 0.907644033 0.622252882 0.702637374 0.447814405
    0.853941023 0.51872766 0.0416965783 0.554646254 0.532358825
    0.667668462 0.747631907 0.909469366 0.0773361921 0.692500532
    0.630354464 0.459559023 0.208840251 0.280585825 0.181334615
    0.703236043 0.297639281 0.489661723 0.145562261 0.578025937
    0.418091834 0.000375777483 0.719962239 0.325250536 0.667013526
    0.40918535 0.67697072 0.0999040902 0.754624069 0.0724976063
    0.406503379 0.807503104 0.366695106 0.975825667 0.573536813
    0.795956016 0.50977838 0.465632319 0.758974791 0.520663679
    0.195200413 0.911921859 0.949145675 0.64691776 0.41645813
    0.885287225 0.921764493 0.972864628 0.899122953 0.311853766
    0.450046152 0.179671198 0.224979877 0.684541583 0.813857079
    0.821584344 0.00589802861 0.850076079 0.79746151 0.668390155
    0.699469805 0.50836587 0.595290124 0.00616961718 0.511555791
    0.824944139 0.593027592 0.537483871 0.92104423 0.518620491
    0.761624634 0.105769128 0.160042316 0.452660024 0.438074082
    0.938485324 0.941694379 0.5052737 0.550129831 0.212132066
    0.185665756 0.727919042 0.00573036075 0.792903423 0.634572744
    0.199654639 0.205720752 0.161727726 0.891512811 0.940877378
    0.1723876 0.230682135 0.306451291 0.95495832 0.557316244
    0.0331699252 0.501260579 0.919284821 0.740668535 0.424738437
    0.260769755 0.650322318 0.517297149 0.356006742 0.680004656
    0.785066247 0.305499524 0.342110276 0.832774639 0.370379508
    0.969185591 0.891340375 0.103895068 0.45454517 0.237149298
    0.0889648795 0.391353011 0.495645583 0.796872497 0.0617797375
    0.657966971 0.539881885 0.415704072 0.179651827 0.174973488
    0.466565162 0.696962774 0.133949459 0.355730087 0.506060719
    0.206469446 0.71434772 0.944010139 0.292627573 0.843306184
    0.405611396 0.781921685 0.328583807 0.479053855 0.249513149
    0.450140506 0.927133679 0.0491775572 0.547159851 0.261007786
    0.21473968 0.523706436 0.0779909194 0.80139184 0.627093315
    0.0491398871 0.800817549 0.770513892 0.562390387 0.101686954
    0.938688874 0.0370429754 0.389192551 0.753688931 0.682718396
    0.651090741 0.385473847 0.0377151966 0.0373752117 0.665584207
    0.443143576 0.593957722 0.5871647 0.327902317 0.875522733
    0.459539503 0.961613536 0.682218075 0.789075732 0.356602073
    0.930438876 0.723760664 0.0157167017 0.419798702 0.386381209
    0.0129787922 0.513268411 0.355220467 0.184542865 0.0254050493
    0.0191499889 0.7946527 0.269288063 0.102034211 0.231946021
    0.972745419 0.108438879 0.474747837 0.7956568 0.770161629 0.24165082
    0.658559442 0.0927055478 0.021415323 0.605468631 0.20438078
    0.0551564097 0.303747594 0.51032424 0.188544661 0.577873528
    0.665649176 0.827072203 0.0720742643 0.831534803 0.769803822
    0.541772604 0.347711802 0.815181375 0.932839036 0.91026628
    0.556974769 0.247664928 0.701398194 0.530073106 0.807483554
    0.329988182 0.146759629 0.406603396 0.0887721777 0.260799497
    0.909023166 0.398531049 0.224461049 0.801042497 0.0698930621
    0.553146124 0.260536492 0.833371997 0.574263871 0.791111708
    0.27078715 0.516916871 0.934502244 0.42461291 0.114473909
    0.0415616035 0.793631434 0.342338204 0.663658261 0.551163852
    0.512509763 0.14778325 0.916996837 0.316185504 0.276086688 0.9866575
    0.549133837 0.531728745 0.895111442 0.331045985 0.534294903
    0.849851131 0.207433492 0.145564079 0.404057413 0.128679186
    0.777349591 0.787642956 0.00586861372 0.928943276 0.991973639
    0.640518308 0.502210915 0.0768878758 0.997387528 0.74973768
    0.589836776 0.15669173 0.997270882 0.140403569 0.110718101
    0.286819011 0.468372285 0.697460294 0.343921542 0.826921582
    0.184806734 0.629339099 0.775046527 0.00094923377 0.0305566192
    0.635826945 0.471907794 0.213666707 0.739298761 0.95472008
    0.662063956 0.358780086 0.150004774 0.981406927 0.66313833
    0.794613361 0.774653554 0.0374585986 0.840119362 0.735321045
    0.222161561 0.0495247543 0.919533968 0.0793915391 0.681276202
    0.701182365 0.854156494 0.221104771 0.823212147 0.437216043
    0.870242953 0.136924416 0.58648634 0.530531526 0.264769495
    0.252547652 0.784896851 0.474225372 0.948499799 0.264575332
    0.961546779 0.0484542549 0.46963948 0.636739373 0.0851055682
    0.0907485783 0.429517508 0.383402973 0.400636584 0.0257414579
    0.0152923763 0.862134457 0.770177841 0.778468609 0.065145582
    0.706856012 0.854911923 0.556315839 0.194966704 0.937343717
    0.446491927 0.224554002 0.835413933 0.964026034 0.551548421
    0.834212303 0.470812768 0.621589065 0.5833987 0.841274917
    0.647448003 0.338743716 0.428532898 0.012157321 0.45484063
    0.646470249 0.1336869 0.275115609 0.857188225 0.290435195
    0.565895498 0.960675895 0.859705448 0.442768872 0.153014988
    0.311368167 0.760750353 0.94563657 0.0707866251 0.936424673
    0.538053215 0.344392836 0.363678098 0.840613723 0.930181265
    0.469746053 0.544558942 0.99684 0.883720458 0.909479618 0.0100051463
    0.646706164 0.600979388 0.851976335 0.902383566 0.69283849
    0.139931411 0.868342817 0.78704375 0.251820862 0.120200247
    0.688130856 0.539203644 0.524753273 0.471658438 0.521790206
    0.377900183 0.56067425 0.526027262 0.406681448 0.269962966
    0.539208293 0.155216098 0.206011266 0.884006619 0.407513738
    0.261694103 0.58161509 0.187546939 0.95719403 0.0377173722
    0.782780826 0.829349637 0.950754642 0.562709689 0.906249285
    0.379505903 0.924751043 0.250715166 0.966296375 0.772524595
    0.580868423 0.573439062 0.0662660599 0.928294957 0.339188904
    0.304629683 0.606457174 0.702551007 0.834597826 0.799063444
    0.131033778 0.877416492 0.77994132 0.049867183 0.010850966
    0.481680334 0.320457578 0.688958466 0.665114939 0.707372308
    0.583937943 0.0961019993 0.585566103 0.143167466 0.884555936
    0.514867902 0.100290745 0.96092397 0.789323568 0.495417535
    0.906088591 0.282731146 0.505332172 0.386298895 0.454956084
    0.77151525 0.684934855 0.712304831 0.299539566 0.333820045
    0.801390052 0.169806302 0.551673889 0.699795723 0.965360522
    0.625668883 0.887435317 0.257187426 0.882448792 0.297342509
    0.504542351 0.175749421 0.101730943 0.265938729 0.0697316527
    0.763596416 0.113650829 0.891141891 0.712769866 0.530102372
    0.814504862 0.187016696 0.218042821 0.0995005965 0.328136474
    0.96531862 0.589310467 0.0448436737 0.768289566 0.863270998
    0.802252054 0.912309468 0.319900602 0.422506213 0.165220886
    0.688615322 0.98955214 0.633407533 0.77983582 0.250297248
    0.289307415 0.435490906 0.16556859 0.0764975846 0.262772918
    0.817658663 0.385452628 0.716756821 0.483320504 0.111917347
    0.310139537 0.626414537 0.603811383 0.954613626 0.428673297
    0.47948122 0.250887752 0.47535792 0.596583128 0.333264798
    0.616892219 0.36104697 0.411282569 0.758687377 0.279893279
    0.153151214 0.327788025 0.701744795 0.973734915 0.177856594
    0.737400532 0.0832469463 0.518381357 0.951750159 0.190608472
    0.26865536 0.308694005 0.498705328 0.752570868 0.634243846
    0.574180067 0.797874212 0.571365356 0.582448661 0.489561617
    0.870698452 0.900311589 0.187268585 0.679170191 0.274378479
    0.0731716454 0.61683166 0.842341185 0.14300245 0.699104011
    0.293793559 0.285115272 0.680256188 0.00161939859 0.914688826
    0.0791660845 0.658554792 0.951057673 0.984483063 0.505919635
    0.798464 0.0105541646 0.229731411 0.0892315507 0.621016741
    0.710487723 0.482016921 0.801527858 0.323958725 0.0100011528
    0.217506468 0.33774659 0.04011181 0.906223655 0.339361429
    0.793436646 0.431146741 0.432067573 0.298252583 0.0501883924
    0.281255931 0.755934238 0.0657662451 0.570889711 0.74261868
    0.40453428 0.699464321 0.353047878 0.49719432 0.797041953
    0.0681051016 0.264895678 0.104301512 0.903945208 0.847847044
    0.617993236 0.374715388 0.504280686 0.206415653 0.856798947
    0.753056049 0.210701555 0.224648863 0.45808804 0.0513294041
    0.36840117 0.500063062 0.427285463 0.500499964 0.734955609
    0.884673595 0.772093296 0.683439553 0.561886728 0.394563198
    0.463849366 0.251875281 0.0821067393 0.581210792 0.450350404
    0.400986671 0.582130551 0.0962290764 0.387420774 0.174751312
    0.932510436 0.54320842 0.119415402 0.146442115 0.391113698
    0.205463529 0.110985309 0.0318648815 0.454215914 0.0953072011
    0.409293294 0.0802612305 0.173580676 0.94499445 0.353254229
    0.943014085 0.09808743 0.172670156 0.760129452 0.687896013
    0.105652153 0.951152921 0.843839884 0.367599905 0.563599944
    0.422457427 0.555178761 0.279573321 0.148796916 0.191962957
    0.825009942 0.244651407 0.939774454 0.68112433 0.0633514225
    0.0320817828 0.957971692 0.176306307 0.732931316 0.106272966
    0.49972257 0.973991871 0.0705114305 0.378116161 0.502688706
    0.474430293 0.396288931 0.467991263 0.0474310219 0.538940668
    0.195796281 0.357623219 0.659855723 0.508975089 0.360856712
    0.982532144 0.78608799 0.533730686 0.890469551 0.293534666
    0.390855879 0.455287427 0.302789479 0.501100123 0.866426051
    0.140630215 0.13899374 0.559290886 0.448999137 0.870984077
    0.171327889 0.116678774 0.378548354 0.840219259 0.207425892
    0.262427151 0.800192952 0.448036432 0.760898173 0.561773479
    0.898441434 0.552427053 0.200612485 0.228717297 0.462742269
    0.350290924 0.698949873 0.160082966 0.107779741 0.273295999
    0.0707932115 0.401863039 0.56685251 0.643013239 0.370255768
    0.998855472 0.923522234 0.0166827738 0.581487358 0.636676311
    0.652139068 0.246585906 0.24889645 0.109388262 0.563486695
    0.298002481 0.772947907 0.360045135 0.12050125 0.166538507
    0.860957384 0.607648313 0.409958124 0.78884244 0.506496966
    0.0611962974 0.572706759 0.881393075 0.81283462 0.501361907
    0.206098318 0.603125215 0.117987454 0.1506733 0.55142808 0.316767156
    0.386630267 0.135406494 0.305286944 0.749475598 0.777035236
    0.183262914 0.575378716 0.637189865 0.219912171 0.713681817
    0.898731828 0.457760721 0.193639308 0.13275069 0.885823011
    0.398639977 0.276080042 0.669305205 0.427989066 0.184329361
    0.235546768 0.356418192 0.564637959 0.146600813 0.557604253
    0.343377501 0.525558174 0.485651433 0.0408641696 0.686932921
    0.123268157 0.129034549 0.150498629 0.168434709 0.127863824
    0.316264242 0.141433597 0.827229798 0.927100301 0.785681486
    0.1418764 0.346716881 0.61794734 0.807642102 0.563893557 0.581520081
    0.798946738 0.194891632 0.707180619 0.713926792 0.116500288
    0.481927425 0.112224936 0.682543695 0.418023944 0.593143821
    0.033803761 0.446750075 0.118492723 0.553323328 0.287818372
    0.667063832 0.109883636 0.419520497 0.0540620685 0.0329550803
    0.431633115 0.727180243 0.606656134 0.283236265 0.331273586
    0.876757622 0.676944017 0.809992433 0.0247085392 0.753302395
    0.33451432 0.951049089 0.584502935 0.562238395 0.196202338
    0.401026994 0.505324185 0.0507374406 0.206357747 0.927327752
    0.40688771 0.282781154 0.307573199 0.00486499071 0.200142682
    0.771897912 0.0940069854 0.915529311 0.223760337 0.610484183
    0.824994206 0.677131712 0.709429502 0.709277272 0.963169277
    0.780074835 0.130872995 0.219155282 0.101883203 0.967665851
    0.719697773 0.611734152 0.285236269 0.263924241 0.940635026
    0.712499022 0.85413897 0.407939404 0.866990328 0.43066895
    0.761214972 0.02023682 0.549112856 0.830634356 0.664840341
    0.856801391 0.0156233609 0.980462551 0.716662169 0.0769407749
    0.166731685 0.457157493 0.749160051 0.587472677 0.794702768
    0.83885473 0.887659669 0.085616529 0.0184911191 0.675663054
    0.759954333 0.809125066 0.415318519 0.0199975073 0.321346462
    0.138178438 0.870004892 0.730343044 0.0265151858 0.463461757
    0.933193028 0.243166596 0.595311463 0.846488953 0.64088738
    0.0202819109 0.805483818 0.0517457724 0.109509081 0.390039563
    0.172737777 0.101820648 0.576049447 0.159726053 0.177981883
    0.68822968 0.301959217 0.71227634 0.0924699306 0.744648337
    0.872774005 0.15562126 0.501766324 0.480305582 0.729399979
    0.830195069 0.929166019 0.60857451 0.0971797109 0.0709929466
    0.561645329 0.241476893 0.338742703 0.188964844 0.0554465353
    0.839749813 0.517803967 0.769972086 0.101223767 0.54755044
    0.351345837 0.59372437 0.581617534 0.54286617 0.637088656
    0.909236908 0.887481213 0.699460506 0.879796624 0.236417949
    0.356785297 0.532183051 0.410553068 0.850185871 0.544077039
    0.781767666 0.623344481 0.672832966 0.146199882 0.874504924
    0.632507861 0.350531727 0.127072245 0.50753665 0.0860562623
    0.0526891947 0.289957047 0.61985153 0.143208295 0.0426802039
    0.775309622 0.0884993076 0.384965271 0.497955352 0.0658361912
    0.249212325 0.569536567 0.639150143 0.754544675 0.574287176
    0.0410172939 0.141919881 0.615151763 0.653571308 0.409301966
    0.70937556 0.304494709 0.0540115833 0.290854663 0.304987192
    0.119468451 0.10215801 0.422075838 0.820253849 0.135687858
    0.726718724 0.989949584 0.491631031 0.833732188 0.472186208
    0.786679029 0.409479499 0.149482995 0.981221914 0.52010864
    0.469006568 0.870494723 0.693078399 0.690049887 0.0138390362
    0.24461633 0.438981116 0.695597172 0.227149636 0.9577353 0.912600577
    0.623251855 0.294131577 0.771663904 0.875405073 0.935962737
    0.41143626 0.552283168 0.859220743 0.340793967 0.595433354
    0.872695744 0.151205868 0.875248909 0.4854801 0.244478077
    0.090092361 0.789168358 0.890296578 0.471475035 0.268995881
    0.908635795 0.918308377 0.839533091 0.244575739 0.559455514
    0.95177567 0.475238115 0.741678238 0.783655524 0.659961283
    0.18690303 0.0658698678 0.692971408 0.186999738 0.352413297
    0.933874071 0.754349053 0.493800014 0.91502738 0.258816957
    0.545436561 0.86159879 0.971595466 0.982578874 0.291984946
    0.841236115 0.721787632 0.0447395444 0.028719008 0.502376854
    0.117333651 0.589577317 0.143647879 0.978817046 0.0328190923
    0.598014712 0.212647498 0.303861439 0.982875586 0.857264161
    0.99885869 0.407064289 0.913476706 0.905863762 0.423376977
    0.32683301 0.623036385 0.456460238 0.436207294 0.0178670883
    0.806292057 0.0612769425 0.418032706 0.510419786 0.33059299
    0.487980217 0.416441053 0.580360413 0.407155246 0.292264462
    0.0929482281 0.334922731 0.748506427 0.415913016 0.756179452
    0.239523947 0.538022101 0.873045802 0.399294913 0.0984719098
    0.212923378 0.949880421 0.406148702 0.618743718 0.813734829
    0.675727606 0.38313064 0.938624024 0.791290283 0.843604028
    0.410780132 0.827253819 0.00137093663 0.129248679 0.371437013
    0.292938381 0.574914455 0.841627717 0.482889175 0.832677603
    0.95510757 0.220520556 0.657636821 0.572633684 0.655156493
    0.118650824 0.224763453 0.45060575 0.00765600801 0.684982419
    0.466152877 0.719955802 0.914455056 0.0358046293 0.608772457
    0.284702063 0.133161426 0.00730261207 0.0863800943 0.199728996
    0.378959626 0.637283325 0.0963383317 0.0598796904 0.889436841
    0.466328084 0.843865216 0.556198001 0.182708234 0.0592333674
    0.131309688 0.810574949 0.247415662 0.0690060258 0.0696654618
    0.453895003 0.874075651 0.346140265 0.784883499 0.219931185
    0.629571855 0.159406394 0.839925289 0.653141797 0.231129438
    0.832599282 0.202625334 0.0608825386 0.764364123 0.0780084133
    0.0715484917 0.315526783 0.321166813 0.992644072 0.358743578
    0.629499793 0.909996152 0.930743217 0.532689273 0.725361466
    0.465739965 0.477044612 0.77385956 0.593060732 0.55065155
    0.856742501 0.359363049 0.249135494 0.753274441 0.883664727
    0.710408151 0.334159702 0.0865354836 0.872088552 0.0966202617
    0.942921162 0.954213977 0.872382879 0.272892594 0.477408558
    0.764935613 0.641471088 0.0387920141 0.516938865 0.316691786
    0.316603512 0.873707473 0.940162778 0.740313292 0.962315917
    0.244882375 0.816047072 0.471611291 0.372693717 0.975958109
    0.275067389 0.998141944 0.359158039 0.505373895 0.390211344
    0.670270264 0.178228408 0.0654736757 0.673320532 0.164592326
    0.209343344 0.631723344 0.453732014 0.403898448 0.761574388
    0.052222997 0.907763839 0.250784129 0.0660437047 0.228580415
    0.192636341 0.310331017 0.893380582 0.762322903 0.132411897
    0.747829676 0.156346947 0.760424852 0.716773629 0.492512554
    0.189365119 0.509849727 0.319785118 0.450361788 0.349177897
    0.852576256 0.133299053 0.248231858 0.204159319 0.3408131
    0.746234655 0.143375605 0.252273828 0.957984984 0.332524836
    0.165010065 0.552051842 0.694330454 0.935898721 0.822918892
    0.699279666 0.28089422 0.338386655 0.403188944 0.343905061
    0.897091746 0.544019639 0.476522595 0.991028666 0.100630701
    0.00231897831 0.887115836 0.702075243 0.53954941 0.52861923
    0.885833263 0.670731306 0.488910615 0.373940468 0.2393305
    0.626674056 0.0654181838 0.436548501 0.175762534 0.11454457
    0.699328005 0.462164581 0.594023407 0.619032025 0.0857684314
    0.930668473 0.843785465 0.861778259 0.921929479 0.98549974
    0.936814785 0.665791214 0.912278891 0.740261912 0.804627061
    0.97763145 0.684531152 0.669092596 0.0707308948 0.307690144
    0.751593769 0.917048216 0.912564874 0.935311377 0.711248875
    0.762109518 0.105389863 0.436129808 0.608607531 0.823175907
    0.415236056 0.2285541 0.729804754 0.856741667 0.585435867
    0.892868936 0.649300694 0.877638817 0.786468387 0.0688635707
    0.0870666802 0.329514712 0.899602532 0.0380074084 0.782674789
    0.52276063 0.508653939 0.677445829 0.373024613 0.0889754295
    0.40975821 0.333627343 0.342185438 0.179425716 0.0571722388
    0.794979215 0.71511066 0.224997699 0.0256717503 0.997751474
    0.146694183 0.486052185 0.718008339 0.574634433 0.22168082
    0.926697969 0.52983439 0.274551392 0.991441727 0.505699039
    0.991266131 0.0400150418 0.734986961 0.133255333 0.758223176
    0.175612986 0.791273832 0.550077558 0.401149392 0.79047364
    0.766300917 0.184723884 0.611630738 0.475342333 0.108190477
    0.340973407 0.979069114 0.651070178 0.33798182 0.453183889
    0.0522672236 0.968203604 0.200195521 0.0867352486 0.64945519
    0.738578916 0.112700909 0.756253421 0.281819046 0.386375397
    0.614558697 0.55832839 0.437094271 0.210676581 0.113212377
    0.518593013 0.890928864 0.0172253847 0.592743278 0.224962413
    0.566464543 0.145859092 0.787803531 0.617634356 0.671356916
    0.0299928486 0.829835653 0.981013358 0.262987942 0.475456744
    0.682441115 0.216814518 0.576057255 0.130111605 0.23660934
    0.387856901 0.673024416 0.892551959 0.969691098 0.789659917
    0.258225501 0.679377377 0.804733753 0.105872065 0.391663462
    0.314588845 0.169094115 0.208282679 0.992244065 0.511116564
    0.692965865 0.165538669 0.907351255 0.869729877 0.669526279
    0.975469112 0.665342689 0.448511422 0.674311399 0.0547666848
    0.432986081 0.556081772 0.834792137 0.480483264 0.739453673
    0.466218591 0.85010457 0.930791259 0.101440609 0.794530034
    0.114516199 0.7731722 0.921606481 0.916285694 0.0424700677
    0.381688297 0.384560078 0.71578759 0.937173486 0.192112118
    0.161042392 0.976313114 0.651586473 0.149423897 0.927652836
    0.818110585 0.820618629 0.258470088 0.757712901 0.672051728
    0.55681771 0.308372319 0.575937927 0.758688211 0.596525729
    0.343458056 0.322543979 0.567743599 0.532885492 0.423662663
    0.283513963 0.289781481 0.249377668 0.0668354332 0.163982093
    0.518446088 0.564972401 0.491384715 0.769474864 0.345000774
    0.21730864 0.89400506 0.0722782016 0.22757861 0.880373359
    0.693323433 0.0585549772 0.145142674 0.872937679 0.167067975
    0.155702889 0.851198792 0.739024162 0.76668632 0.632400513
    0.522081435 0.180225283 0.0904969871 0.108649433 0.464120448
    0.629099667 0.957836032 0.209680974 0.867760062 0.383652598
    0.038136363 0.462221712 0.676558733 0.312131941 0.805930972
    0.507827401 0.321123362 0.068777293 0.562071443 0.247435927
    0.377777785 0.536337852 0.950394988 0.0518476665 0.710414886
    0.721544385 0.442013025 0.807351232 0.591852725 0.735337615
    0.724745393 0.992694378 0.300726026 0.216192037 0.856909275
    0.896296263 0.385146916 0.524313629 0.683205128 0.609738469
    0.756003499 0.710267067 0.402622491 0.287900001 0.224254996
    0.419230074 0.952702522 0.895971775 0.270334125 0.0617853403
    0.602601647 0.136485249 0.397518396 0.153470784 0.217471749
    0.58142513 0.42531985 0.0372160673 0.66297853 0.688043058
    0.0365950465 0.425099015 0.889555156 0.979895532 0.707748592
    0.444632262 0.726967335 0.0841419399 0.45158416 0.156734139
    0.248789251 0.824521303 0.527096093 0.0156162381 0.102230936
    0.628770351 0.591470957 0.838727951 0.793892622 0.572564304
    0.665953875 0.755532801 0.908879995 0.0745950937 0.592482746
    0.999955535 0.905992329 0.590481162 0.225401491 0.00249955058
    0.39923054 0.385347247 0.423620641 0.910717487 0.129942775
    0.160170764 0.943004727 0.216564685 0.566551983 0.618466854
    0.0272452533 0.357716739 0.0794492066 0.785125494 0.38956067
    0.688724101 0.120451301 0.295130432 0.104357898 0.52962023
    0.497356474 0.697373152 0.19387418 0.749648213 0.278736472
    0.537689745 0.116369039 0.568080902 0.076551348 0.65899694
    0.0475581288 0.0755310655 0.958593369 0.766516209 0.489585489
    0.548759401 0.898807764 0.955867767 0.448362589 0.836516321
    0.452541709 0.172909975 0.493177295 0.741909862 0.301452696
    0.041955471 0.514629245 0.539143562 0.707462907 0.0696026981
    0.982930422 0.214020908 0.415378064 0.0425382853 0.493148535
    0.571384847 0.915989399 0.433272541 0.987015247 0.222246349
    0.328628898 0.402233601 0.964307427 0.380698293 0.92472291
    0.256521463 0.00168979168 0.926586628 0.0656449497 0.377079129
    0.179572284 0.92200613 0.166562796 0.475980699 0.160391033
    0.575261235 0.552000344 0.314884722 0.286217093 0.774031341
    0.91601181 0.848377347 0.236631989 0.203205794 0.843823552
    0.739979923 0.496171772 0.748653054 0.0465605855 0.0633938611
    0.318461835 0.150215924 0.629328191 0.0327789783 0.560401559
    0.0365792513 0.806470156 0.46948725 0.535142839 0.291217476
    0.701382935 0.578443944 0.622020185 0.18786037 0.815110564
    0.835108161 0.926207066 0.486790538 0.802900553 0.945507169
    0.771922767 0.554598808 0.601160586 0.421857625 0.549151123
    0.699959993 0.757880688 0.0805403888 0.320217073 0.336394519
    0.771487534 0.619358122 0.239742547 0.950799346 0.336631268
    0.627637267 0.668672979 0.302560747 0.522630453 0.304783612
    0.468434572 0.398833573 0.668302298 0.403091073 0.0352420211
    0.819540024 0.201231331 0.0962242484 0.324779689 0.803238094
    0.18596971 0.962649703 0.533391774 0.691315174 0.411554009
    0.792433441 0.694567144 0.347088158 0.816342533 0.0380519629
    0.757033348 0.180978507 0.122598022 0.724918902 0.754611075
    0.913349986 0.412104368 0.752724171 0.329672813 0.467353135
    0.275478423 0.657010555 0.374994218 0.261439443 0.0542099774
    0.0684545636 0.615868866 0.792895079 0.990173221 0.383932769
    0.871236324 0.369464159 0.566632152 0.914543271 0.920518339
    0.203076005 0.255669892 0.316838592 0.883995354 0.0534283221
    0.429217488 0.966382265 0.685815513 0.869633913 0.228652358
    0.496639341 0.346369028 0.575323164 0.0564753413 0.605582476
    0.0104469955 0.786392689 0.433843642 0.925600708 0.426339746
    0.076308161 0.506601334 0.806071997 0.0418938398 0.52485466
    0.285919309 0.0946457982 0.0616474748 0.117626697 0.510675013
    0.221847981 0.0904383957 0.268137455 0.619924545 0.345948935
    0.84828639 0.507546663 0.71751076 0.283721209 0.984394372
    0.786663651 0.359877348 0.942121744 0.782595515 0.0512689054
    0.485172153 0.861282051 0.958669066 0.169811934 0.588051915
    0.910198569 0.907761693 0.719431877 0.322336435 0.256364405
    0.948176682 0.6649912 0.751805425 0.386965036 0.53472662 0.885558963
    0.138033897 0.551797152 0.232198656 0.185365289 0.17639938
    0.649826884 0.976270378 0.534246325 0.498463452 0.826946616
    0.0252587199 0.741625249 0.258774102 0.347979218 0.753544271
    0.671878338 0.784736276 0.527579486 0.567451179 0.104882568
    0.790650845 0.639520884 0.188976735 0.199216783 0.745738208
    0.464045137 0.124807894 0.896975398 0.370056927 0.417992234
    0.13965112 0.693708181 0.0845623612 0.659366488 0.933571637
    0.250166655 0.148554206 0.279418111 0.351876378 0.719089746
    0.283174098 0.188322663 0.728946507 0.0726352036 0.310778558
    0.099930793 0.446341574 0.647944212 0.149321347 0.00995713472
    0.251787812 0.887995481 0.250161856 0.717248738 0.957711458
    0.617081106 0.930217206 0.76875335 0.0299075544 0.118387014
    0.628020167 0.706611276 0.462204933 0.685225725 0.0287597775
    0.910558939 0.872895777 0.0253786743 0.545419216 0.126606941
    0.193648785 0.453359932 0.730383515 0.834436536 0.136118442
    0.315612793 0.0438123941 0.92761606 0.216646105 0.388340294
    0.943924308 0.0969054103 0.857567549 0.666985989 0.591117918
    0.762474537 0.621198356 0.755777121 0.317718446 0.299485445
    0.126541406 0.168412 0.949504554 0.998354912 0.492400259 0.580318928
    0.994340301 0.981122017 0.506207645 0.583791316 0.36684984
    0.661176085 0.0701242685 0.665867269 0.893304169 0.46554637
    0.811312079 0.827285409 0.10493046 0.964259744 0.790435433
    0.56528908 0.676670313 0.049038142 0.520994484 0.289697945
    0.612052679 0.25089395 0.173802286 0.736006916 0.278504312
    0.829905391 0.64459312 0.948742867 0.0719875395 0.986455262
    0.831217527 0.505181611 0.19615376 0.911044121 0.660776317
    0.153593123 0.863647342 0.856471777 0.408524573 0.366946459
    0.496809214 0.216530025 0.0923508108 0.971815646 0.221145958
    0.396401227 0.468538791 0.27488178 0.860571742 0.769813061
    0.00525858998 0.19230333 0.0269861519 0.786699653 0.98152256
    0.235835552 0.682679296 0.841192722 0.329427838 0.414210528
    0.371201098 0.761462092 0.411628366 0.355310738 0.506325483
    0.88562572 0.15617761 0.325872362 0.226825118 0.180189997 0.8586483
    0.199195951 0.34305495 0.355245322 0.603865564 0.825803876
    0.25236243 0.199337065 0.83942312 0.107887119 0.569786906
    0.868925214 0.42753613 0.797483623 0.420912713 0.640365005
    0.531761646 0.90445137 0.74404186 0.945857048 0.977640212
    0.825738072 0.352455199 0.80125761 0.464552045 0.781663299
    0.0787768364 0.392576486 0.951107502 0.842770934 0.243383974
    0.917283297 0.368075788 0.0882422626 0.0718480349 0.602306902
    0.106418192 0.601320505 0.402889609 0.186634213 0.785074949
    0.402021706 0.140325665 0.279200912 0.436797321 0.949437022
    0.778076887 0.948855817 0.200860351 0.369909108 0.558838904
    0.482146591 0.621235371 0.0662612617 0.648100019 0.378851175
    0.584455431 0.788677096 0.910382271 0.0727422833 0.640816689
    0.426108479 0.246964753 0.899059653 0.801540434 0.760372758
    0.233841568 0.428806186 0.0890212059 0.926624656 0.669393897
    0.736617565 0.654998779 0.324904412 0.307736933 0.125706315
    0.925338387 0.14686808 0.501828492 0.361071497 0.309610248
    0.831760466 0.494449675 0.882222295 0.627212703 0.352814883
    0.994227648 0.937867582 0.0602065921 0.0892632902 0.337888539
    0.648880363 0.713768125 0.571484208 0.406888813 0.0358842611
    0.764729738 0.101552814 0.899924517 0.100420445 0.72905004
    0.621643603 0.512823224 0.0684856176 0.00154799223 0.751928329
    0.848807573 0.23360458 0.764004588 0.842422366 0.617202163
    0.068167001 0.318439901 0.944032907 0.559714258 0.635959089
    0.958205163 0.236872703 0.201130182 0.101976126 0.540366232
    0.187050372 0.301918 0.765845537 0.710200608 0.637460589 0.794049978
    0.51141578 0.900327206 0.141336679 0.30474171 0.608437121
    0.158565342 0.806523085 0.942174792 0.524905503 0.0315269828
    0.427314103 0.959105372 0.790707588 0.796798229 0.49834007
    0.177209854 0.337224364 0.217115968 0.927370131 0.615865052
    0.68689847 0.110276222 0.471228659 0.461428225 0.371566832
    0.86905992 0.101097792 0.149512798 0.635408103 0.0621764064
    0.73506546 0.190588266 0.756387591 0.802968025 0.128361225
    0.588701069 0.413890541 0.629910588 0.209962755 0.921213627
    0.530270159 0.386006147 0.883490682 0.588687241 0.458870262
    0.576239824 0.0796730518 0.907764196 0.527448654 0.316987455
    0.663413703 0.20839265 0.302756876 0.548552573 0.617249131
    0.80372566 0.757074416 0.583852768 0.0738721788 0.958871603
    0.676405847 0.749572754 0.00421994925 0.895731568 0.115562618
    0.369853139 0.611667514 0.758236706 0.937381029 0.0263674557
    0.644214153 0.470533073 0.0355655849 0.463408232 0.623660386
    0.914032996 0.892586589 0.942091107 0.273818195 0.935636103
    0.195782691 0.198192805 0.174903661 0.928130805 0.236296237
    0.886498868 0.879113853 0.464962751 0.282676935 0.60830301
    0.661265731 0.759361148 0.625865698 0.547810555 0.954598427
    0.41546309 0.757861495 0.287839264 0.622001588 0.986417294
    0.246535867 0.919994414 0.560551345 0.703580379 0.168774515
    0.593887329 0.447400838 0.468213528 0.235552847 0.522015095
    0.724539697 0.122068137 0.0452060401 0.356375515 0.0626192093
    0.740747452 0.664584756 0.644529641 0.237882316 0.347349286
    0.284929395 0.183762431 0.789536357 0.0259661973 0.744677782
    0.576708019 0.0555793047 0.63534987 0.0320883989 0.78548795
    0.122953027 0.562443733 0.625938892 0.354521424 0.0186968446
    0.17956847 0.696808159 0.505792558 0.106230557 0.0782459974
    0.415019482 0.834873915 0.146551222 0.539111853 0.685254931
    0.672701359 0.887478709 0.047074765 0.223489523 0.805447936
    0.765983105 0.400202513 0.243184924 0.609996915 0.463256121
    0.716113985 0.532884121 0.87663275 0.105755359 0.377648413
    0.15339765 0.931332469 0.0429860055 0.606304407 0.625990629
    0.958777964 0.499619216 0.333873749 0.0592059195 0.37694177
    0.113441855 0.0175050497 0.267523438 0.81769377 0.285942972
    0.221543103 0.493573308 0.420887917 0.796901703 0.530370235
    0.389876693 0.0911323726 0.994206548 0.303160995 0.951776981
    0.373189747 0.312939405 0.119721264 0.113686025 0.476829737
    0.027875483 0.998933375 0.394901246 0.875730872 0.640901208
    0.0979784429 0.375620008 0.14284724 0.362053394 0.427000284
    0.852123022 0.874843955 0.452506691 0.986425161 0.461197883
    0.970819354 0.379292667 0.120701581 0.0523837209 0.105839282
    0.145586729 0.394091249 0.190923244 0.814902663 0.859513402
    0.306897372 0.548797369 0.326887697 0.102576315 0.861292362
    0.540442646 0.262758434 0.886232257 0.577737093 0.241998434
    0.533071876 0.100640833 0.894004822 0.789030313 0.275324792
    0.342519224 0.0141949952 0.816447318 0.368163764 0.30531162
    0.0596812367 0.964559972 0.570045352 0.61294198 0.819129586
    0.451479822 0.496868819 0.11544919 0.669687271 0.205404818
    0.0649364591 0.00649890304 0.40637365 0.436950058 0.408402562
    0.659189224 0.505038679 0.334527314 0.746748209 0.743263125
    0.10592398 0.327087075 0.335685253 0.434473068 0.256882429
    0.630956233 0.308441669 0.191119164 0.0642803311 0.991781354
    0.910626888 0.0770836174 0.801357388 0.693575442 0.219790161
    0.951277018 0.19351238 0.125234723 0.885879636 0.219054043
    0.548868418 0.231403232 0.106899112 0.468280911 0.367199183
    0.336575627 0.406331062 0.329810977 0.0790935457 0.663293004
    0.756671786 0.482450038 0.792583525 0.172055453 0.612368703
    0.935673356 0.939399242 0.860990584 0.639803529 0.428215235
    0.694100797 0.157271147 0.189388245 0.0751261413 0.112921983
    0.691690922 0.477557868 0.784885287 0.811143517 0.147029281
    0.946538687 0.460670471 0.303093433 0.744553804 0.588858068
    0.721718431 0.179224521 0.724829197 0.133098066 0.867964566
    0.387785882 0.142812073 0.801728308 0.689191461 0.748414636
    0.571608126 0.783244789 0.583665907 0.585135996 0.805011034
    0.570627093 0.810149312 0.738345444 0.823835373 0.226758838
    0.267121017 0.496710658 0.43036738 0.645489931 0.566040397
    0.263601899 0.801217258 0.145507187 0.214289129 0.552449107
    0.515744865 0.701931179 0.599093676 0.550349116 0.331294179
    0.379801631 0.435287714 0.137709975 0.110293001 0.852784276
    0.108220577 0.232017994 0.596344054 0.132800043 0.445326537
    0.513002455 0.353457123 0.796703637 0.370850921 0.726409018
    0.540788054 0.155488282 0.470326483 0.695937693 0.280962855
    0.847276449 0.871896565 0.327007115 0.918403447 0.385799944
    0.0641660988 0.920197606 0.532270789 0.49197948 0.888545394
    0.671178997 0.706015527 0.635193527 0.921788394 0.141067058
    0.284488559 0.664443135 0.381887406 0.534711003 0.553892016
    0.848820031 0.941081643 0.24924764 0.185453027 0.60554105 0.80446589
    0.782078445 0.462846845 0.672533572 0.303771615 0.321105123
    0.25452739 0.582232237 0.700720191 0.768638611 0.532529652
    0.539960742 0.418522358 0.0803553462 0.999357879 0.979209304
    0.680001855 0.753966451 0.571181357 0.150385976 0.743601561
    0.0638899803 0.114023566 0.30678463 0.754302561 0.539843917
    0.786094546 0.581921339 0.438812643 0.0158368051 0.340031654
    0.639530599 0.598141193 0.399753213 0.000923424959 0.512907803
    0.879242957 0.447328061 0.842555404 0.659568548 0.444457769
    0.120203704 0.32620281 0.642663538 0.195626974 0.258765519
    0.859904408 0.2082614 0.963666022 0.742502928 0.300633252
    0.242000848 0.566241443 0.833238602 0.916500688 0.948095679
    0.717803717 0.568206668 0.715246499 0.357375979 0.0658896267
    0.909713268 0.46835351 0.667317271 0.673969567 0.860124826
    0.499658257 0.994834065 0.303370416 0.306110471 0.159015477
    0.33587563 0.635892749 0.549158335 0.804477572 0.377772033
    0.607258379 0.625859499 0.562556028 0.573760748 0.916265249
    0.110433221 0.853512049 0.419548512 0.575468004 0.232133448
    0.176404536 0.808176875 0.828507304 0.883901 0.199935853 0.556212842
    0.0645084083 0.867455423 0.309935093 0.0457595587 0.0741533935
    0.818332672 0.961410165 0.986014903 0.1156708 0.649104238
    0.897544622 0.505235195 0.97713232 0.315616071 0.838353395
    0.848661304 0.112774163 0.74554646 0.593449593 0.808482409
    0.303230017 0.0130354464 0.478327692 0.916640162 0.815185189
    0.51028198 0.797459245 0.474319637 0.486034542 0.865105748
    0.367181957 0.681694865 0.191161931 0.84053123 0.568151355
    0.174640954 0.970001101 0.946816087 0.550999522 0.926885843
    0.996537924 0.424119323 0.757906199 0.299446762 0.404201925
    0.232080966 0.328598529 0.528249621 0.434957147 0.580663323
    0.0873272419 0.109126329 0.308122098 0.727774382 0.704036474
    0.763208032 0.363066912 0.000591486692 0.68774271 0.230989069
    0.877588272 0.652739763 0.507937133 0.0752151608 0.945960522
    0.713039875 0.016435504 0.73527056 0.00150367618 0.51487267
    0.358544171 0.923577905 0.955617785 0.743941545 0.306598723
    0.541500747 0.541332603 0.271504581 0.935938358 0.494158953
    0.89701438 0.725775599 0.240906268 0.960910678 0.52941227
    0.739742756 0.368136823 0.736776471 0.234774232 0.319440007
    0.460681677 0.911607981 0.505207181 0.619107068 0.0687405765
    0.56997025 0.0365417898 0.529806435 0.859995604 0.700369 0.5142591
    0.675248861 0.54495436 0.16818738 0.013669461 0.72571981 0.532543421
    0.0315386355 0.598561466 0.822199821 0.086820662 0.403650761
    0.969197631 0.179398328 0.0407930911 0.11969617 0.548860371
    0.314707458 0.693355441 0.17105794 0.843697667 0.582081139
    0.565847993 0.930611253 0.424191266 0.189108729 0.524252892
    0.123745233 0.348523855 0.872723937 0.452213734 0.762362599
    0.0334713757 0.266377568 0.902250707 0.270730138 0.0321346819
    0.819633007 0.882585287 0.101058304 0.577244699 0.651914954
    0.128373027 0.0756649077 0.762035131 0.177230924 0.940260649
    0.844929814 0.459799886 0.563291192 0.36837551 0.977956295
    0.0133875608 0.796389937 0.410950184 0.622397065 0.207012892
    0.821017563 0.94514662 0.756509185 0.134667546 0.496872157
    0.642490566 0.355938613 0.457155436 0.391601592 0.551766753
    0.0158546269 0.817228675 0.917775393 0.996390343 0.163023949
    0.474184036 0.327251315 0.211207807 0.936702847 0.097856462
    0.66568774 0.0418544412 0.0233312547 0.298980355 0.877512515
    0.771165609 0.250287294 0.112567157 0.594635487 0.542410433
    0.64517355 0.296681702 0.413974613 0.71400249 0.322098851
    0.842794538 0.0813376904 0.0664302409 0.692958117 0.576623738
    0.435758352 0.872294307 0.0431405604 0.497882992 0.384196311
    0.0291336179 0.688509464 0.571418405 0.206873596 0.511785269
    0.812829614 0.0453087389 0.649575472 0.941269517 0.872287154
    0.698280692 0.590665698 0.0631970763 0.953667164 0.24974516
    0.532350898 0.138380021 0.26397115 0.603436589 0.878437519
    0.799953759 0.13211444 0.38561812 0.285566807 0.500053346 0.77870965
    0.114345223 0.655067205 0.213571906 0.100545049 0.591483355
    0.765762687 0.486983448 0.929271698 0.00881963968 0.0480555892
    0.590693533 0.277497023 0.925473332 0.956543446 0.600669146
    0.946626425 0.49487859 0.970925808 0.87468183 0.751096606
    0.648088932 0.205746263 0.389143139 0.472405404 0.588370085
    0.737909079 0.104794532 0.122280598 0.941949785 0.306053996
    0.445096582 0.179455817 0.226422012 0.606952369 0.726767063
    0.621970952 0.204333961 0.185117364 0.417550683 0.309714198
    0.710925937 0.391491622 0.178669393 0.668193102 0.156676054
    0.500909865 0.340738237 0.40288344 0.398345292 0.830509245
    0.887330651 0.0874666572 0.281977654 0.67522192 0.306739151
    0.466765404 0.291564167 0.223706007 0.252922237 0.483372509
    0.0615232885 0.335086048 0.124021977 0.611243188 0.941227078
    0.0834665 0.951960683 0.399117261 0.1877276 0.513137579 0.150236517
    0.787580013 0.0460296571 0.438774705 0.0490299165 0.421642184
    0.864561379 0.172849476 0.513781488 0.375651926 0.806075096
    0.182040989 0.00322508812 0.752592802 0.215169251 0.51834321
    0.12797451 0.669978261 0.725506842 0.932010889 0.684745431
    0.551391661 0.758007824 0.0132913589 0.61624378 0.386619121
    0.972271502 0.220902681 0.523960948 0.384784251 0.217828542
    0.576052785 0.802317023 0.57976079 0.145927817 0.65261662
    0.0305868089 0.802809954 0.628094673 0.359704703 0.178614497
    0.745276749 0.515365839 0.0667794943 0.743162394 0.328600228
    0.745481372 0.115288854 0.215470016 0.678391337 0.939149201
    0.485375524 0.822964549 0.808008075 0.753698826 0.187936336
    0.999855757 0.504836738 0.0188431442 0.799843907 0.723007321
    0.925384521 0.5809654 0.148987293 0.032997638 0.343912393 0.65974319
    0.500024557 0.728717327 0.545114756 0.827828526 0.389978617
    0.148804128 0.381024778 0.238035619 0.478890836 0.112202853
    0.607512712 0.774252832 0.174882263 0.659132361 0.334661782
    0.495650411 0.161293805 0.456427097 0.898130715 0.838331819
    0.842439234 0.337524951 0.319393873 0.0931024551 0.917281508
    0.675736368 0.971652269 0.918620288 0.523909509 0.743016422
    0.931079507 0.661481023 0.364942253 0.659721196 0.0370608568
    0.247413009 0.180031776 0.854828119 0.241966665 0.0403044224
    0.857943952 0.294686794 0.621205449 0.432032138 0.0694238544
    0.018066138 0.387298107 0.409475148 0.444103748 0.0456227064
    0.582125545 0.228025794 0.426051706 0.668497682 0.960104167
    0.507738173 0.593346 0.725636959 0.649882019 0.36511153 0.848580837
    0.906641364 0.340286314 0.606220961 0.899266899 0.0111512542
    0.800410807 0.775894284 0.427647233 0.696500957 0.590363145
    0.643289924 0.473815113 0.758846402 0.342254698 0.825549603
    0.567145586 0.830315948 0.673101962 0.730221689 0.378753215
    0.423836142 0.271492302 0.968126655 0.32947579 0.340483785
    0.879265249 0.0956945717 0.732933044 0.393682301 0.881576836
    0.368735701 0.320483744 0.339915514 0.445724815 0.90740186
    0.0505447686 0.756960869 0.740724981 0.202807099 0.648122787
    0.646791995 0.285731792 0.792757273 0.445607185 0.215608358
    0.448238701 0.0181778073 0.583315611 0.0618597269 0.0994674861
    0.117316842 0.161621362 0.470199168 0.910529196 0.262232184
    0.0506847203 0.932416201 0.627004504 0.244129032 0.58843118
    0.766545653 0.290061742 0.864816427 0.94258368 0.72620672
    0.907652259 0.53927505 0.913466632 0.554896355 0.0582934618
    0.706019759 0.528636456 0.423400879 0.524501443 0.195426315
    0.673579335 0.877233088 0.634884417 0.371192157 0.258667529
    0.362600565 0.190176904 0.186802268 0.429128557 0.274095833
    0.566821218 0.255966276 0.278271317 0.720186949 0.642829597
    0.0430580676 0.31554535 0.302022755 0.84553349 0.248204887
    0.914143682 0.637758017 0.478029191 0.154715955 0.158299595
    0.63177973 0.853182852 0.194238693 0.553537071 0.759207368
    0.307578206 0.780488312 0.134124458 0.0428490341 0.411063313
    0.269860327 0.137422889 0.119629025 0.593770564 0.431795478
    0.744269192 0.00560507178 0.556434751 0.830482721 0.73462379
    0.366529107 0.869745016 0.668006957 0.949523091 0.247706354
    0.772498608 0.44708848 0.522500515 0.668779731 0.782233357
    0.253592134 0.859872162 0.611683726 0.549681127 0.494544894
    0.0674379468 0.620689034 0.719308019 0.578731656 0.710782051
    0.0840525031 0.269366443 0.224795192 0.325938404 0.368457794
    0.355135322 0.279189944 0.873808622 0.664215028 0.880624056
    0.847388566 0.442605525 0.369017452 0.141784042 0.428853869
    0.780896425 0.753677011 0.024756223 0.509452343 0.710962355
    0.173307747 0.531861603 0.743628323 0.760525048 0.506879449
    0.64159137 0.845709324 0.712651789 0.0681169927 0.427502215
    0.437196136 0.818743706 0.954730034 0.241882116 0.303212881
    0.396293283 0.953830004 0.0268505514 0.768957436 0.982916474
    0.378597736 0.547726393 0.335529387 0.798050761 0.473974198
    0.947604299 0.0629520416 0.122567803 0.742305875 0.57188046
    0.23582536 0.126689881 0.799134195 0.230526865 0.449707329
    0.864925563 0.094687283 0.774479508 0.559531808 0.313147724
    0.436846972 0.357755959 0.944469392 0.350758076 0.952375889
    0.650195122 0.403281927 0.363592356 0.897668898 0.39387545
    0.526347995 0.5480268 0.19652313 0.423136234 0.320252538 0.56760788
    0.0692696571 0.627107263 0.217517048 0.55493921 0.774115562
    0.85804534 0.0315773785 0.160262197 0.12787807 0.36479497
    0.0674756765 0.500021338 0.328807473 0.220858961 0.766932607
    0.420686364 0.330880135 0.357016385 0.648804069 0.344385922
    0.141239733 0.8537938 0.637838364 0.916452646 0.123769552
    0.325710297 0.0193966925 0.0735649765 0.102095783 0.847027183
    0.213809758 0.990915895 0.770953894 0.0813997388 0.086645633
    0.0185957551 0.165482342 0.538587272 0.443460703 0.853696883
    0.659010768 0.366652846 0.946798325 0.664167106 0.243743271
    0.124459594 0.439663768 0.307908177 0.970787406 0.0568021238
    0.484633595 0.815008402 0.511995733 0.754245996 0.492521793
    0.723600149 0.732324958 0.0585073531 0.710656524 0.0609542131
    0.366043866 0.221516281 0.33004266 0.372665197 0.239236921
    0.0666694641 0.212927639 0.500997126 0.253018141 0.453488439
    0.442565292 0.0643374622 0.717722654 0.243673652 0.91189158
    0.519663095 0.797583818 0.493939102 0.89522326 0.768363118
    0.289653361 0.432771713 0.818352699 0.659858108 0.766431332
    0.944203496 0.515749991 0.677341521 0.705817938 0.982788384
    0.60730648 0.847397387 0.187161148 0.924894929 0.632505119
    0.67645669 0.909999549 0.364309788 0.565753579 0.848950267
    0.60403806 0.236055791 0.79234916 0.198981792 0.877718091
    0.693338513 0.397876441 0.573303699 0.398912013 0.0703695714
    0.763562083 0.734735608 0.655801892 0.1883322 0.829551518
    0.801684022 0.873176336 0.184396982 0.0293285549 0.164335668
    0.397201121 0.817852914 0.123277009 0.239310443 0.639235497
    0.822265685 0.998288751 0.894902587 0.596295834 0.58165288
    0.222355038 0.320730984 0.988818645 0.526502252 0.229433835
    0.574511349 0.198712945 0.236617774 0.215934873 0.715763271
    0.0826036334 0.400495261 0.875323772 0.0824513137 0.256978154
    0.882604718 0.0653530061 0.0787766874 0.412724197 0.728905082
    0.598466098 0.118522704 0.305640697 0.72482264 0.322635531
    0.681410849 0.249735117 0.365205705 0.917992592 0.375642926
    0.719515085 0.761685431 0.644998133 0.902756333 0.829218507
    0.882597327 0.306917816 0.560251236 0.51024884 0.822654366
    0.0179965198 0.824937642 0.79102695 0.301148057 0.855819523
    0.714923143 0.378669828 0.068883121 0.482755005 0.211083263
    0.776150584 0.652375996 0.971631408 0.751707971 0.51642108
    0.429074585 0.964144707 0.534013748 0.815316081 0.000879436731
    0.728511512 0.867153883 0.989199281 0.986475468 0.690355539
    0.649885058 0.229961306 0.784125209 0.689225078 0.619468808
    0.567381382 0.371040702 0.452948779 0.590236187 0.461441517
    0.975423098 0.645636201 0.443964273 0.000142455101 0.615206659
    0.55959332 0.382191777 0.0707262158 0.0790158212 0.0822719336
    0.044426024 0.704287469 0.312827408 0.58473736 0.89213568
    0.460915595 0.798306406 0.573931038 0.373907149 0.756514907
    0.566122234 0.393448889 0.0698228776 0.754461884 0.127849817
    0.212185293 0.826842785 0.0510626733 0.0894451737 0.289252102
    0.715416491 0.347080767 0.0763182342 0.334879637 0.288694739
    0.418350995 0.425326943 0.614612877 0.181818634 0.611759305
    0.769084454 0.136397749 0.165717721 0.686427772 0.94700563
    0.35898155 0.784677267 0.828706861 0.0881412923 0.196180582
    0.566809833 0.283541799 0.696719468 0.896546841 0.70283699
    0.426690519 0.955618441 0.565135956 0.0754750967 0.503856719
    0.215584725 0.38858512 0.493765414 0.523496807 0.824728847
    0.165956497 0.713650703 0.0811424255 0.394987464 0.539325178
    0.834467888 0.770438135 0.315072328 0.438323379 0.202191234
    0.674405813 0.931991577 0.477758825 0.789105296 0.576721311
    0.706909597 0.1625112 0.504191041 0.538863778 0.500863075
    0.858264744 0.139246792 0.584544122 0.776531696 0.926800251
    0.1107544 0.114038795 0.886508226 0.814231634 0.965038776
    0.129406601 0.215484589 0.353294849 0.584036171 0.38043648
    0.951153398 0.151040435 0.967344999 0.641295373 0.777485013
    0.0814742446 0.628801644 0.775929689 0.578843594 0.403086305
    0.082200855 0.878448904 0.555432558 0.0829319656 0.147360981
    0.0408849716 0.1660285 0.939879537 0.406318486 0.365365863
    0.839955807 0.594988465 0.713791788 0.155513585 0.17035839
    0.124760956 0.775353193 0.352360606 0.47154218 0.432750046
    0.292488337 0.212201387 0.748320222 0.230564326 0.382211208
    0.682859659 0.354223251 0.489948422 0.814922929 0.878926396
    0.493567675 0.417432129 0.880283713 0.239299715 0.835374653
    0.352410614 0.633706093 0.872177482 0.746327817 0.212972432
    0.478803605 0.234841645 0.594352901 0.76516974 0.916543722
    0.958372891 0.722241521 0.515393257 0.942726254 0.420188725
    0.33833611 0.993880868 0.903224409 0.75941366 0.789160669
    0.144066393 0.851089716 0.45456323 0.350082904 0.944030762
    0.249989837 0.851211846 0.56807965 0.740182936 0.238850027
    0.46081686 0.038128227 0.314344406 0.369351566 0.63259846
    0.0984253883 0.608780503 0.0479812324 0.376806855 0.223421395
    0.535341918 0.992624581 0.0821301043 0.118412524 0.833280087
    0.0266014338 0.333527952 0.451408476 0.733676434 0.896709323
    0.834282875 0.608411133 0.384530187 0.489208966 0.905687928
    0.635869145 0.385930538 0.775857687 0.236528188 0.383075535
    0.177974463 0.773833632 0.655452549 0.43950212 0.773062706
    0.143497884 0.998283029 0.523839474 0.124690354 0.859662414
    0.865988493 0.0954941511 0.632216513 0.452783108 0.0790734887
    0.433187276 0.553248167 0.483584106 0.923753977 0.0200878084
    0.995138764 0.806889296 0.0968886018 0.173962653 0.0107569098
    0.456754327 0.0717982948 0.000204414129 0.488927066 0.970505655
    0.410655707 0.953814447 0.687759161 0.855038643 0.36590749
    0.836120188 0.88015902 0.774179339 0.963323355 0.779382169
    0.657151997 0.975313306 0.205321163 0.454728842 0.572469532
    0.371951759 0.00894227624 0.53087157 0.779578686 0.106844842
    0.190137386 0.140092492 0.986860037 0.869781256 0.0313619673
    0.0857005119 0.820591688 0.595837176 0.554106832 0.549606144
    0.890430808 0.179997593 0.810703993 0.327094615 0.887576699
    0.861339808 0.36694479 0.698809266 0.865473449 0.169680774
    0.00567615032 0.752693295 0.163375914 0.283958554 0.803691864
    0.827877998 0.574135005 0.949039757 0.293048918 0.377665401
    0.176983386 0.869094253 0.0133851171 0.267143577 0.342724562
    0.732156992 0.14901495 0.885282636 0.628456295 0.630062461
    0.833631277 0.985923052 0.768290579 0.557838023 0.116154969
    0.587596059 0.386696935 0.860331714 0.655251324 0.335802078
    0.238794386 0.0505770743 0.370390117 0.888679326 0.833453536
    0.00517299771 0.359506696 0.758313894 0.0976895392 0.892628551
    0.916603386 0.112232804 0.242153883 0.410789222 0.00511023402
    0.948399484 0.544750154 0.199685544 0.380662024 0.303654373
    0.936534762 0.271270484 0.244344413 0.477486849 0.421952575
    0.651286304 0.583728671 0.698674798 0.92979157 0.732431233
    0.886184216 0.4339692 0.0241871476 0.312810719 0.926949024
    0.381579399 0.413071662 0.889262438 0.132325351 0.773141205
    0.608253002 0.398314208 0.114981532 0.381027937 0.872722924
    0.579948306 0.0576262474 0.553793609 0.952441454 0.215216249
    0.796573877 0.172505707 0.93263638 0.0957213044 0.774949729
    0.4033086 0.925733566 0.184396476 0.215910822 0.636723995
    0.562635124 0.0632344186 0.929197788 0.898184299 0.618433833
    0.68915534 0.248848408 0.573940754 0.595709682 0.176434278
    0.959219158 0.805353403 0.873479664 0.0995497406 0.993556142
    0.567063868 0.891555309 0.726869166 0.709480345 0.174520761
    0.0222798586 0.343583137 0.0921642184 0.877494097 0.939546704
    0.289078921 0.971463561 0.935187459 0.539390445 0.424513668
    0.135279983 0.0420769453 0.304852605 0.818497062 0.722904623
    0.380013883 0.0800782144 0.814241529 0.288125396 0.821125269
    0.355796158 0.00392198563 0.190227866 0.298969179 0.797124147
    0.865550041 0.774517536 0.00914531946 0.842473507 0.573193312
    0.778452098 0.709506273 0.539693415 0.0818663836 0.908762217
    0.454072684 0.919965386 0.872685611 0.343450874 0.177901655
    0.497922271 0.566085815 0.915950596 0.815345407 0.921016216
    0.835021317 0.664149642 0.829358459 0.0290125012 0.441141546
    0.60075295 0.424661607 0.659461856 0.854608893 0.469386756
    0.362780929 0.70837599 0.562709868 0.751811028 0.0451691151
    0.607389867 0.762146473 0.244538575 0.891404152 0.580100715
    0.476188868 0.291467398 0.335694253 0.665815115 0.103478074
    0.295001894 0.246916831 0.301850736 0.160768092 0.119481713
    0.2663908 0.590565383 0.742863417 0.0290395617 0.404523432
    0.640562654 0.363960385 0.692082524 0.579141498 0.0620431006
    0.641454279 0.107957631 0.0811729133 0.00199910998 0.336455226
    0.740080357 0.0967369676 0.685999811 0.228538573 0.156161159
    0.925086021 0.331113577 0.652224779 0.883750975 0.621588111
    0.960919142 0.115029812 0.637364328 0.727222919 0.906277061
    0.319299102 0.558390856 0.42746523 0.395540655 0.808006406
    0.37666449 0.829182208 0.248569697 0.211733371 0.996061921
    0.80893451 0.35068804 0.975958467 0.650512993 0.208934188
    0.267224789 0.95401597 0.248823911 0.761643887 0.969289422
    0.723745346 0.0568566024 0.496114016 0.670476317 0.460600317
    0.724141359 0.285570204 0.850292027 0.652925193 0.872701287
    0.749693871 0.20472759 0.31047225 0.513556778 0.495965689
    0.918773055 0.281815708 0.797223091 0.418917984 0.685323119
    0.118388653 0.738945961 0.439946562 0.181023479 0.419745266
    0.204768538 0.427570075 0.346164495 0.881519079 0.878637195
    0.452732056 0.36617732 0.139695376 0.308452994 0.395617306
    0.536543787 0.83920002 0.191912919 0.387874275 0.686065793 0.4864223
    0.0172966421 0.575616896 0.296699286 0.815284133 0.26646921
    0.171994507 0.986674249 0.145652682 0.466077298 0.0837830901
    0.159785092 0.678793073 0.195528746 0.0295050144 0.936419725
    0.551129699 0.657771051 0.0480442941 0.482552081 0.399461448
    0.256201565 0.568869889 0.971733868 0.303667486 0.317914039
    0.225349426 0.727793694 0.635799885 0.493781477 0.704743147
    0.992037177 0.465524733 0.178534299 0.969291091 0.024657011
    0.399709702 0.0249556899 0.141620398 0.116083413 0.0250691473
    0.0595015585 0.559510827 0.732079268 0.0247794092 0.929975092
    0.908876002 0.71078068 0.285325795 0.232347757 0.855876565
    0.754901528 0.803710043 0.895590425 0.464087546 0.229743809
    0.518059611 0.310223848 0.410231948 0.723758519 0.781852365
    0.523110449 0.914718032 0.128620535 0.539746642 0.234794319
    0.935979545 0.888038397 0.430136681 0.973441362 0.733896017
    0.273461878 0.216811627 0.140339404 0.0816958547 0.0927429795
    0.26076743 0.459139556 0.936819613 0.668286145 0.253141284
    0.227469355 0.985880375 0.193482339 0.546916187 0.646082819
    0.911157489 0.0390546322 0.48367694 0.645907342 0.780349493
    0.91337651 0.833920717 0.175463557 0.877434254 0.0642152727
    0.730938733 0.41481486 0.621649206 0.0576760173 0.89147222
    0.372408628 0.484231085 0.257368326 0.455048203 0.321967721
    0.16291666 0.283995271 0.903278708 0.491742551 0.291122794
    0.823332906 0.300182164 0.296588659 0.0855571926 0.469383061
    0.932399631 0.746604443 0.0143460929 0.614339828 0.899945378
    0.963267326 0.246191174 0.181726426 0.028582871 0.168041736
    0.731794834 0.200740367 0.0031695962 0.524383247 0.847170711
    0.675038755 0.967426836 0.350635111 0.317674696 0.769555092
    0.72938776 0.0455001891 0.634217262 0.0919773877 0.495802462
    0.170547456 0.978160977 0.0936649442 0.690025389 0.208687544
    0.745805562 0.812598944 0.162822187 0.546156347 0.754566193
    0.291457862 0.77686739 0.36306715 0.459166825 0.0124655366
    0.576613903 0.469482958 0.182529598 0.508716643 0.521775305
    0.054345727 0.817258 0.024349153 0.49442941 0.733212054 0.664435863
    0.696057856 0.274740994 0.601664305 0.688990891 0.604624689
    0.0715864897 0.763874292 0.360289037 0.824695826 0.737680972
    0.629294753 0.850821018 0.480315566 0.846547604 0.592612743
    0.503752828 0.961244941 0.710332394 0.737100482 0.241704017
    0.885141253 0.490874946 0.377241611 0.502497315 0.0486388803
    0.0730580688 0.828259587 0.338119477 0.558189571 0.707036257
    0.241856843 0.170030475 0.220412076 0.588406324 0.614074945
    0.826938868 0.556382954 0.0302625895 0.650297523 0.35200572
    0.777194262 0.409882724 0.673074067 0.139900476 0.159834892
    0.942942381 0.370854855 0.453077137 0.987711668 0.106461883
    0.379981637 0.317372501 0.716050923 0.791428924 0.376561284
    0.630198061 0.0723591149 0.973702967 0.639956892 0.475014031
    0.326169521 0.699355602 0.612643838 0.212503701 0.273894608
    0.291644454 0.166888982 0.216664046 0.269925535 0.828075767
    0.399166465 0.315415472 0.540752888 0.243380338 0.761435032
    0.416774869 0.740179658 0.351387203 0.316874444 0.97310245
    0.835077882 0.0275535285 0.848210335 0.190951586 0.143512964
    0.713127136 0.826146305 0.214910716 0.299632788 0.895011604
    0.638869703 0.419237018 0.596419871 0.237583756 0.623461783
    0.495606542 0.689285576 0.35656783 0.131711304 0.42954883
    0.750178814 0.0224650502 0.029409647 0.418954223 0.333166718
    0.49519527 0.385753304 0.17543295 0.783548892 0.599820912
    0.659023046 0.00395336747 0.302528799 0.374425888 0.0372941196
    0.0656441748 0.568397462 0.421399236 0.462134033 0.124805838
    0.654910922 0.127296925 0.0298227966 0.432376593 0.708545148
    0.0289283693 0.0112738013 0.729411066 0.126394838 0.936018229
    0.474537611 0.718750298 0.869215071 0.52486062 0.724213243
    0.567133009 0.430174053 0.211392164 0.695636749 0.203502864
    0.109817356 0.0592376292 0.127106935 4.67896461e-05 0.508297622
    0.320516407 0.495215476 0.523549139 0.981032968 0.0053870976
    0.44541356 0.771567345 0.419539452 0.979177713 0.403920859
    0.763583899 0.28792733 0.221625775 0.711606085 0.208860874
    0.560379863 0.411564112 0.361959815 0.492205232 0.677279532
    0.930891216 0.59467566 0.191417783 0.689977229 0.602728844
    0.165602148 0.0622226298 0.0568789244 0.461552709 0.485077262
    0.77121079 0.886743307 0.434123039 0.155716091 0.106748551
    0.336414069 0.68806392 0.899804652 0.435426801 0.549285531
    0.0623169839 0.235522985 0.351535141 0.866883099 0.206515938
    0.379817218 0.426380306 0.466858923 0.201934278 0.427146375
    0.456161439 0.580598354 0.368554592 0.529516101 0.491172433
    0.858386815 0.13463977 0.72455442 0.663255692 0.992876053
    0.121396422 0.254360884 0.340036929 0.571891487 0.561808586
    0.310885429 0.0481415987 0.965598583 0.258422941 0.830794632
    0.557436526 0.307710648 0.491185188 0.782175064 0.735343695
    0.617917001 0.0640597343 0.0822438598 0.648910522 0.0238517225
    0.458742291 0.99468416 0.47797364 0.490742564 0.87007755 0.663761139
    0.424418569 0.111980259 0.147824675 0.00972777605 0.375578314
    0.433636099 0.214652985 0.670814991 0.931005597 0.926705062
    0.169198006 0.86184305 0.260283351 0.129134625 0.134569645
    0.377700448 0.37209326 0.84557271 0.394974291 0.0760520399
    0.456412733 0.292083949 0.816167772 0.644226968 0.168655813
    0.401426256 0.880116582 0.000686824322 0.14309755 0.360619932
    0.410014749 0.953705847 0.158548594 0.988299727 0.657158911
    0.809231937 0.60311538 0.911273956 0.00586730242 0.084710151
    0.897250533 0.757550657 0.370000124 0.615413547 0.11215803
    0.178240865 0.878688574 0.0292099416 0.831174374 0.310928851
    0.778412938 0.41933459 0.240760267 0.397647291 0.822126389 0.7504884
    0.398108155 0.223311663 0.474328756 0.783886433 0.4090316 0.12491256
    0.971059084 0.740671635 0.926443934 0.533438146 0.628651619
    0.143920988 0.39058122 0.589450538 0.266997397 0.467133164
    0.338392824 0.481443703 0.0110940337 0.574009597 0.560202837
    0.0484662056 0.544216156 0.0367842317 0.515565276 0.351819247
    0.831373036 0.0115842223 0.699105024 0.468491346 0.717128158
    0.265250623 0.795949101 0.126594037 0.708317757 0.814628422
    0.553413868 0.436874568 0.900070429 0.958892524 0.176283717
    0.981722593 0.459431976 0.0830783546 0.717154741 0.261422664
    0.50217855 0.139312357 0.604036152 0.169639051 0.218035698
    0.674884677 0.994342685 0.00730553269 0.143638462 0.201077193
    0.830852628 0.356886894 0.880071878 0.650119245 0.98129952
    0.929001331 0.0149222016 0.682567239 0.0387845337 0.118305922
    0.0708962977 0.606154442 0.465645671 0.830752134 0.0659647584
    0.597281039 0.774749756 0.384994268 0.0182521939 0.653447509
    0.400878191 0.501432359 0.995169401 0.906003535 0.10395515
    0.207319766 0.292804956 0.45421046 0.781335831 0.421565086
    0.175200462 0.335930109 0.385817945 0.122614026 0.768882155
    0.926080763 0.719367445 0.254505396 0.872743189 0.945773602
    0.454823673 0.987070024 0.302909255 0.367646605 0.279803604
    0.0719195306 0.276752323 0.24097392 0.25429377 0.136658251
    0.521860838 0.492541134 0.391154051 0.654836297 0.415780187
    0.360867918 0.317422718 0.968917966 0.0647420585 0.0318796635
    0.90692085 0.479158551 0.758074522 0.168623745 0.268735975
    0.234992981 0.30325377 0.735151231 0.516599774 0.335024536
    0.0982257724 0.72846055 0.262645423 0.307380497 0.296118826
    0.133076519 0.397283375 0.995865524 0.76577282 0.911398411
    0.131149918 0.839638233 0.555235922 0.162891269 0.879069924
    0.732649863 0.597104669 0.459329873 0.895243585 0.382078469
    0.273208797 0.332314432 0.909682155 0.262934834 0.486765057
    0.216407031 0.72446835 0.0785088837 0.865594685 0.379698366
    0.856673062 0.857603669 0.662331343 0.98619312 0.771489263
    0.792748749 0.41896385 0.365087569 0.329721451 0.351090699
    0.720745921 0.752148628 0.850269914 0.0918501616 0.918631315
    0.391495436 0.681712449 0.952704906 0.997477591 0.242272556
    0.767524958 0.650405765 0.867638588 0.947176337 0.250033081
    0.643746912 0.681145072 0.976438582 0.489530921 0.52555573
    0.202362359 0.358973563 0.6722067 0.489491314 0.907012939
    0.863590121 0.558540344 0.642361701 0.885161996 0.0472635031
    0.20113492 0.390724063 0.182982922 0.318699956 0.509924531
    0.462648869 0.807029366 0.275840342 0.0507465303 0.530933261
    0.696912885 0.340681016 0.891515613 0.264648825 0.749637365
    0.557144821 0.934831381 0.82508719 0.678027391 0.561530232
    0.734553933 0.366942793 0.342329919 0.106681466 0.323847651
    0.742645442 0.312659442 0.083786428 0.150772035 0.556093752
    0.874144971 0.986528516 0.369828701 0.304286808 0.926543415
    0.178588718 0.843744278 0.400835484 0.367188752 0.486729473
    0.558572471 0.736658037 0.12487939 0.648682237 0.67961365 0.62821883
    0.609043002 0.0712284744 0.803478122 0.438971817 0.944271088
    0.131648928 0.00198885798 0.555086136 0.578244984 0.491587579
    0.171401501 0.145224899 0.191359848 0.642675579 0.352947921
    0.268494785 0.26625669 0.686461091 0.091614753 0.997386694
    0.811688721 0.197724521 0.253097773 0.594237566 0.791065931
    0.919565916 0.815563083 0.299657464 0.501405835 0.166378021
    0.222180635 0.0934579372 0.267153084 0.459790558 0.648513675
    0.750594795 0.0552070439 0.266691327 0.834016681 0.254258573
    0.926304221 0.0983377993 0.098659873 0.258816183 0.321611166
    0.196067125 0.416590959 0.659715831 0.497867107 0.511519611
    0.366927266 0.139095664 0.365591735 0.544730306 0.301868618
    0.70010215 0.234956354 0.508407533 0.100251436 0.658516288
    0.229340255 0.933115721 0.842211008 0.685805082 0.508534372
    0.530995727 0.628838658 0.760539353 0.790475011 0.0237047672
    0.791529417 0.740523815 0.813166022 0.351198345 0.183090359
    0.195982039 0.825507879 0.0445996821 0.942548454 0.47916919
    0.778797984 0.89591068 0.402128816 0.710072398 0.985964775
    0.305060446 0.828154802 0.213667929 0.341020525 0.44968468
    0.425272793 0.0612829328 0.236346632 0.121351838 0.979783773
    0.185350448 0.701950788 0.259552836 0.146590173 0.153784215
    0.973906279 0.57133311 0.068069309 0.147260189 0.50883919
    0.899166405 0.757573485 0.903735638 0.750193298 0.555443585
    0.67129153 0.43655017 0.635661781 0.179543763 0.479798824
    0.642906427 0.394038707 0.531204045 0.319790423 0.59875977
    0.338354737 0.541592717 0.199959278 0.564640701 0.205015093
    0.51280725 0.973899961 0.217112154 0.424166739 0.911936402
    0.860670805 0.548310876 0.181363523 0.141442746 0.643211007
    0.962576926 0.835490823 0.97097826 0.278378606 0.858219624
    0.790036142 0.485582381 0.506877422 0.74442631 0.916518092
    0.256142676 0.948698282 0.574962795 0.135078549 0.529453695
    0.693263352 0.466234833 0.700957596 0.0524379313 0.380715579
    0.876858115 0.668047309 0.764676213 0.822225809 0.773032904
    0.164386928 0.998757124 0.875536919 0.463352174 0.807318866
    0.741093397 0.638706088 0.652242064 0.653022528 0.92403543
    0.918132186 0.77809763 0.753252149 0.0905042589 0.841846526
    0.183626473 0.207546413 0.736533463 0.0485095978 0.668794453
    0.296654791 0.462209076 0.555459023 0.461148918 0.660231888
    0.666930676 0.135821283 0.690341353 0.260406107 0.118569523
    0.410953462 0.948105216 0.66733849 0.861266255 0.793215811
    0.435709089 0.224175453 0.133735746 0.503330171 0.386723191
    0.0888641477 0.717939734 0.041405201 0.331616342 0.220059216
    0.622206926 0.349099994 0.0960309207 0.697244763 0.31018734
    0.894998431 0.836890936 0.442918867 0.835780203 0.981508255
    0.921474814 0.585572898 0.169844031 0.773507953 0.434544414
    0.00469341874 0.894533873 0.402710497 0.872954607 0.0730961561
    0.939370155 0.648220897 0.0689024925 0.306605726 0.22074616
    0.214905977 0.908843398 0.788093269 0.57491672 0.398333728
    0.144334018 0.310580224 0.113187313 0.466632366 0.60100311
    0.16623795 0.748583615 0.536038518 0.896393776 0.248569489
    0.775021434 0.721794724 0.350665599 0.273843616 0.0242008269
    0.527964175 0.663758099 0.497098356 0.757175386 0.548294723
    0.801030934 0.257708341 0.256402433 0.796240687 0.615491271
    0.345140308 0.468283743 0.815039158 0.507240653 0.242450863
    0.455296278 0.200761199 0.302594781 0.605409265 0.103425741
    0.23360917 0.560351431 0.72300607 0.947014272 0.842930317
    0.278535604 0.17113173 0.127801776 0.986736774 0.95886755 0.18407315
    0.266984344 0.878826916 0.926187992 0.417395234 0.0329968631
    0.324094206 0.313093841 0.586964846 0.92760849 0.208006978
    0.640993595 0.115705848 0.965481162 0.0905872285 0.503117681
    0.17759943 0.262621403 0.0482973456 0.881625533 0.570665359
    0.331356645 0.92045778 0.706175089 0.559996963 0.0668682158
    0.103503883 0.231306732 0.1942541 0.804962873 0.580343604
    0.200237781 0.445574135 0.282844871 0.610837817 0.0463562608
    0.987846255 0.255641848 0.94243288 0.671310723 0.963910818
    0.679163218 0.904303312 0.501797378 0.419146687 0.702696919
    0.519375145 0.780529618 0.932420492 0.645494282 0.311752707
    0.630804598 0.787727118 0.325884819 0.227965236 0.187633783
    0.0112959146 0.16804415 0.168327272 0.353737473 0.798543751
    0.218990803 0.573611438 0.0318394303 0.327593684 0.872434676
    0.866249979 0.286961406 0.941268325 0.170203567 0.945468605
    0.110054284 0.280352384 0.823879242 0.170636326 0.930216908
    0.0102940798 0.0839707851 0.334994316 0.324676931 0.467979491
    0.590814292 0.3323659 0.056176424 0.541564584 0.454465359
    0.210031539 0.759089708 0.748029828 0.554634333 0.14854753
    0.42028594 0.0485136509 0.926048517 0.307453752 0.910821438
    0.23135972 0.827397108 0.645763457 0.0312111974 0.218593925
    0.696938992 0.245845139 0.361983776 0.8687011 0.415053278
    0.630014062 0.725543439 0.49741137 0.507578015 0.647088349
    0.787092924 0.797891855 0.311830819 0.235280335 0.228946596
    0.638320982 0.745315075 0.68862319 0.843594313 0.985234499
    0.930575371 0.893151343 0.439146012 0.324299455 0.969247699
    0.333551705 0.491665304 0.660915792 0.503925145 0.0640805662
    0.50897181 0.709940434 0.713819623 0.562053859 0.856423199
    0.315345466 0.808068514 0.78245461 0.922256351 0.0474256277
    0.359888196 0.683717847 0.470010221 0.0218763947 0.289280474
    0.0226617754 0.0449216962 0.637864888 0.0470793545 0.0470170677
    0.302973449 0.911958814 0.994028807 0.744460523 0.393704444
    0.970184207 0.317844898 0.467556804 0.937169611 0.126281649
    0.81585896 0.732296467 0.0357286334 0.161093026 0.741124988
    0.725203037 0.895253599 0.964321554 0.174432606 0.00176107883
    0.19249928 0.662195086 0.350567043 0.952651262 0.226902634
    0.980611384 0.498646557 0.600090444 0.476364434 0.541766882
    0.142335683 0.000640571117 0.346102715 0.916486979 0.0413768589
    0.211948723 0.907361507 0.04654333 0.172264963 0.885262489
    0.144223899 0.817780972 0.504626811 0.994245648 0.013863802
    0.176533461 0.438604027 0.823646843 0.398860753 0.31496644
    0.723919153 0.649741411 0.836032391 0.825623095 0.586491525
    0.952653885 0.139657289 0.294870377 0.00354385376 0.0829794407
    0.43586421 0.41323179 0.103029966 0.0424600542 0.754499257
    0.50171119 0.208150923 0.831929088 0.900127053 0.0861838162
    0.731977642 0.369703799 0.775943041 0.161176205 0.020601064
    0.232607096 0.655831039 0.571597576 0.899672151 0.472020656
    0.884898424 0.0927159786 0.299891889 0.14425233 0.750714302
    0.228156328 0.146571159 0.319051027 0.503136992 0.802179158
    0.469662577 0.132199198 0.915992975 0.681987882 0.161346614
    0.954556227 0.46384117 0.71894449 0.0726332664 0.677209258
    0.994785428 0.0362159908 0.259799004 0.927161336 0.234489977
    0.826722026 0.576444387 0.403668433 0.887813807 0.754732728
    0.398758113 0.326629341 0.168932378 0.283317327 0.0721827447
    0.431145072 0.980745077 0.0456959307 0.255601883 0.887884736
    0.929284692 0.916546464 0.410487592 0.653481185 0.862409592
    0.425080538 0.084236145 0.861881852 0.582710385 0.577388644
    0.660347581 0.806184411 0.778270602 0.795955181 0.42420733
    0.271925658 0.996692836 0.15887931 0.715393543 0.25613758 0.64600873
    0.340736181 0.699724674 0.556461036 0.603852868 0.37058109
    0.813413203 0.389633238 0.20481649 0.628183663 0.787145376
    0.577074528 0.920522273 0.0946198106 0.296640694 0.255331337
    0.557788014 0.360016346 0.165908724 0.233593136 0.0165420175
    0.103810877 0.895174026 0.991481662 0.940953553 0.739426494
    0.703387737 0.416092932 0.561591506 0.86771071 0.189847708
    0.426933229 0.101265937 0.639011383 0.479077935 0.490762383
    0.684992135 0.388426453 0.128033698 0.235366046 0.501000822
    0.901501417 0.278842181 0.96376586 0.214150399 0.560845196
    0.317250311 0.482953548 0.010756284 0.188154399 0.538527906
    0.696146786 0.520693302 0.101091355 0.949228168 0.753887236
    0.73163271 0.886989236 0.0434488952 0.00856158137 0.607316017
    0.914479434 0.469552219 0.710991144 0.605347753 0.241671264
    0.18430984 0.176224351 0.434353411 0.974715292 0.525046051
    0.671994328 0.55250001 0.810578227 0.605231524 0.60274601
    0.731438577 0.442464203 0.094355613 0.746670485 0.243151426
    0.247559488 0.414843827 0.155143023 0.581622183 0.671680331
    0.376482934 0.188761711 0.921208501 0.877230644 0.515238464
    0.394699901 0.7548455 0.514311254 0.197385192 0.682764053
    0.683517814 0.398886442 0.924432814 0.0623286068 0.761147022
    0.2682513 0.440741241 0.917794108 0.415556669 0.552817047
    0.541770577 0.325050831 0.258508086 0.610510707 0.680173993
    0.596699655 0.870128989 0.689854205 0.113388211 0.749017179
    0.261820793 0.378161341 0.16078949 0.477340579 0.625489116
    0.481527239 0.0339755416 0.17762053 0.522413254 0.699818552
    0.797967315 0.850507438 0.144899428 0.286171854 0.402475715
    0.847258329 0.474889785 0.274845779 0.0710684657 0.814152479
    0.0836882591 0.467637867 0.0585137308 0.311777592 0.466287792
    0.63019681 0.20259431 0.0467900932 0.664248347 0.825608134
    0.326953948 0.188244522 0.767613649 0.580629408 0.857130527
    0.786630154 0.10741663 0.0770715475 0.700100362 0.347223282
    0.0822687149 0.660630286 0.53338021 0.574390054 0.0439792275
    0.435500979 0.34961763 0.0303315222 0.652855277 0.815303802
    0.534125984 0.730104804 0.871008277 0.520634413 0.999676704
    0.266407251 0.176752567 0.849740386 0.266936809 0.000145465136
    0.826459646 0.731256604 0.845243931 0.467739671 0.494310051
    0.726571321 0.104817897 0.263949156 0.354736626 0.100309253
    0.625750542 0.961216748 0.382382929 0.559596658 0.535768569
    0.73686856 0.522375405 0.224289179 0.950880885 0.197321355
    0.800063252 0.564877391 0.722771108 0.833396673 0.866738796
    0.249773741 0.296435177 0.393321812 0.913179159 0.156049073
    0.181838006 0.578130543 0.636591196 0.884624243 0.839488983
    0.856427193 0.537973106 0.853143871 0.835178554 0.690052867
    0.620729208 0.845422089 0.0554555655 0.351873636 0.505089402
    0.386286438 0.461684763 0.404930353 0.764709413 0.512657881
    0.381325632 0.681101203 0.177206337 0.99727416 0.928648412
    0.628965557 0.571671546 0.0612026453 0.067737788 0.534989536
    0.396107525 0.850153685 0.705595195 0.909170866 0.275167733
    0.383997113 0.195566893 0.90665102 0.791440487 0.958142996
    0.343638539 0.753490865 0.903799951 0.158929914 0.175040722
    0.108266115 0.411213964 0.489962608 0.618472993 0.305540562
    0.0213103592 0.65904969 0.487778574 0.997170091 0.000389605761
    0.330844522 0.27869302 0.296441019 0.472669005 0.924446583
    0.0876938403 0.793088675 0.0872565806 0.870279789 0.398815304
    0.832610011 0.148777992 0.901695848 0.685250819 0.361518204
    0.617806613 0.01869753 0.132927299 0.976685286 0.396518558
    0.640521288 0.0331588984 0.836260676 0.796327353 0.408725798
    0.858927846 0.621526301 0.202784061 0.135374516 0.254657447
    0.00994074345 0.232953399 0.624691129 0.612749577 0.0252453983
    0.558933914 0.493786484 0.550821066 0.281441212 0.0109564066
    0.811610818 0.441782027 0.909303188 0.396869212 0.0541667342
    0.955388665 0.745978653 0.972514629 0.27815944 0.720412493
    0.0657734275 0.918600202 0.843203068 0.321590006 0.103253037
    0.825823188 0.387266517 0.080598861 0.891580701 0.430687666
    0.747003078 0.506501913 0.661348879 0.466586113 0.38345173
    0.584436476 0.596510231 0.37122938 0.487363279 0.529796183
    0.194971114 0.354857981 0.731168568 0.157242 0.238021225 0.587084532
    0.830930471 0.227093101 0.08491382 0.361646593 0.437312216
    0.298664749 0.695853651 0.172526151 0.247994334 0.323760986
    0.376197815 0.494923949 0.0275152326 0.097720027 0.258527637
    0.935600281 0.790990472 0.14342621 0.936917543 0.111852527
    0.814046025 0.170641512 0.644678116 0.120244324 0.0518326461
    0.903964043 0.677410722 0.307375669 0.189415336 0.151486337
    0.986721158 0.266090393 0.229967833 0.311381549 0.967110157
    0.385295987 0.0966014862 0.354174495 0.71636349 0.752751529
    0.00418812037 0.434832036 0.893402517 0.516488731 0.868656516
    0.353693396 0.859652877 0.559439182 0.100813478 0.892707288
    0.614120185 0.20494023 0.38858974 0.977659583 0.0887354314
    0.346461952 0.225528926 0.23613596 0.757477641 0.260072798
    0.606316864 0.252162814 0.120858639 0.45837009 0.860980093
    0.202526569 0.532426357 0.408396721 0.72741425 0.981377125
    0.785308301 0.186085761 0.0617469251 0.698577166 0.662982106
    0.639248312 0.40360254 0.465023696 0.785663843 0.615370154
    0.351670802 0.872307479 0.896279931 0.92171514 0.689392567
    0.886908293 0.907025635 0.354227066 0.767359078 0.615787029
    0.0244916081 0.952461839 0.687672853 0.350683123 0.642270982
    0.76493609 0.144906431 0.479807824 0.361729234 0.154816091
    0.266130507 0.576872706 0.4172104 0.26560387 0.178208023 0.626766264
    0.715915084 0.254645199 0.567613602 0.804672956 0.109320074
    0.266310602 0.853524208 0.906432271 0.356521517 0.105305314
    0.815847456 0.196742028 0.0726503432 0.383524179 0.315677047
    0.290056586 0.252702057 0.652706444 0.0977896452 0.189853609
    0.0418052673 0.198296934 0.562517822 0.0500184894 0.830410838
    0.0848602653 0.382783681 0.360637516 0.200715005 0.530936837
    0.0909785032 0.36139828 0.132215917 0.628261566 0.731446028
    0.905691624 0.256568313 0.814053535 0.932491899 0.37132147
    0.0902980864 0.825542688 0.663879752 0.116450697 0.607760906
    0.288640171 0.666175723 0.218640357 0.681468308 0.989487052
    0.367659867 0.25101012 0.304238558 0.315872908 0.0281266868
    0.374648511 0.667266548 0.416366309 0.196356446 0.565346956
    0.162945986 0.674090624 0.315943569 0.163392633 0.406479716
    0.656371772 0.436416984 0.468360335 0.498556703 0.142361045
    0.55691433 0.0715239346 0.249873072 0.642166853 0.191483527
    0.0569552779 0.918271303 0.278571367 0.108663172 0.660881996
    0.956492066 0.878326833 0.0962975621 0.262934089 0.631897032
    0.817263007 0.655105114 0.492425203 0.899756968 0.34343636
    0.611519456 0.745788693 0.556321383 0.329725087 0.549587965
    0.215230495 0.160883397 0.058910042 0.765027285 0.382523298
    0.810818732 0.650910974 0.758724988 0.44549942 0.148766518
    0.922917604 0.30519554 0.326398402 0.670860469 0.112702399
    0.213152736 0.748257637 0.518149674 0.156786829 0.832067728
    0.111912638 0.815656066 0.688693166 0.118849903 0.197305977
    0.776032984 0.506090522 0.506040215 0.145217538 0.722668409
    0.832703531 0.317073703 0.514352322 0.555724442 0.795802951 0.61868
    0.803372741 0.0528507829 0.970737159 0.807940483 0.470347881
    0.341949284 0.0622068346 0.187275022 0.366187483 0.463653028
    0.917096078 0.035504669 0.116717786 0.819763899 0.436574489
    0.863029838 0.458241731 0.422611564 0.850301981 0.104227483
    0.582862198 0.49653393 0.589158058 0.73556608 0.397623509
    0.901242971 0.805056632 0.443703204 0.522516608 0.393031865
    0.779187441 0.604668617 0.130439907 0.58597976 0.554262877
    0.798128009 0.488600254 0.672662318 0.0330052674 0.725525856
    0.751881957 0.27959466 0.891272902 0.29176873 0.534061909
    0.685027361 0.670762241 0.164556652 0.195651412 0.888546228
    0.186743945 0.824889898 0.562520742 0.395267844 0.983484864
    0.0251000524 0.647871971 0.338785768 0.962165892 0.0853849649
    0.96375078 0.867687702 0.218294561 0.397334546 0.375489056
    0.0816338062 0.473821282 0.175091356 0.631573617 0.802239299
    0.727109432 0.416995347 0.838590086 0.731381416 0.126487494
    0.0821111202 0.354421496 0.41323036 0.415312946 0.757572412
    0.338367373 0.158233911 0.191459328 0.909314752 0.375861973
    0.265674412 0.301055998 0.707190692 0.872091532 0.561917603
    0.624895215 0.820668697 0.693212569 0.604831755 0.285615563
    0.314056516 0.16054672 0.0426166356 0.026925832 0.550512671
    0.0530663431 0.0374805629 0.98846966 0.644548118 0.00533503294
    0.562299669 0.806413651 0.668395936 0.272926271 0.144786358
    0.293341458 0.207002342 0.434253186 0.59557724 0.618476152
    0.166958779 0.145235211 0.323535264 0.565593064 0.0677987039
    0.894016385 0.822161078 0.0949862003 0.591043055 0.155393362
    0.754576921 0.662451088 0.509699166 0.571330428 0.383512199
    0.425669432 0.379530251 0.424992085 0.562550664 0.151087761
    0.219136208 0.311855733 0.143311918 0.598253548 0.62030071
    0.634120345 0.804773152 0.3042413 0.421720386 0.969092011
    0.477213919 0.0690676272 0.281082213 0.40211302 0.922505677
    0.715006709 0.887659192 0.0149620175 0.770049334 0.516323686
    0.0729932189 0.374774426 0.501716793 0.90080905 0.0982459784
    0.00321549177 0.837886453 0.109240592 0.177861452 0.44428727
    0.772754669 0.765931845 0.699437857 0.0354345441 0.0223672688
    0.958666086 0.367058516 0.284697115 0.647043884 0.0689684749
    0.525293052 0.507265806 0.234120429 0.451116443 0.64749366
    0.901020885 0.71218276 0.660380483 0.461420476 0.304443747
    0.293015987 0.588120103 0.56296587 0.946444631 0.904451549
    0.980498195 0.410092026 0.425240636 0.561141193 0.947849035
    0.574547231 0.16821301 0.089210391 0.449618787 0.0298389792
    0.180329859 0.0360741019 0.835073709 0.696372807 0.48402828
    0.0330555141 0.758783102 0.263867676 0.8776384 0.952017784
    0.277938187 0.983910441 0.897623301 0.757970512 0.713058472
    0.118506283 0.352340877 0.299298197 0.673175514 0.576112688
    0.329128087 0.0722463131 0.119634569 0.61906296 0.466501415
    0.223244309 0.169662535 0.920607269 0.422169298 0.100767463
    0.277453184 0.702327967 0.551143229 0.818792343 0.320187151
    0.145602137 0.728295147 0.776839912 0.883048713 0.825447321
    0.0836488605 0.0236876011 0.462766916 0.687537551 0.817219138
    0.40856868 0.252393842 0.0106768012 0.297493994 0.0373721123
    0.949853897 0.388153553 0.572787523 0.674231172 0.960896134
    0.593233049 0.679780364 0.427699298 0.674923837 0.482447028
    0.422575563 0.138010114 0.852875173 0.123008907 0.634979248
    0.971649766 0.454748631 0.369694233 0.12923798 0.708809733
    0.583540618 0.169115186 0.936879814 0.0730484128 0.335335255
    0.400508761 0.868480444 0.361913681 0.531971216 0.302338272
    0.72067529 0.869028568 0.652328312 0.343120843 0.430429459
    0.862316012 0.865334153 0.375941306 0.936649561 0.143027455
    0.722073257 0.58517319 0.170845121 0.332148999 0.129260689
    0.373954952 0.936111748 0.541907012 0.767333746 0.264848471
    0.70883733 0.476607114 0.164516687 0.534671962 0.554191709
    0.564289689 0.370588362 0.376530319 0.834252 0.0249732435
    0.937575817 0.00181052089 0.382753015 0.0697122514 0.673797369
    0.316602409 0.094216764 0.406895846 0.153181493 0.77735424
    0.969169736 0.271655828 0.950581193 0.763998032 0.359034896
    0.788361609 0.606566012 0.690643072 0.485574722 0.746673584
    0.0094499588 0.716795444 0.387029052 0.608203828 0.564761639
    0.0183168352 0.475152314 0.166875958 0.536527634 0.243894607
    0.0936535895 0.597936869 0.958783865 0.0472078919 0.529639006
    0.257808208 0.0659936666 0.0392476022 0.316135645 0.787888646
    0.275136918 0.829325438 0.899248838 0.295378804 0.171216428
    0.142873585 0.606570423 0.844382942 0.144663692 0.183620572
    0.231899768 0.909739494 0.513620257 0.290514112 0.634408712
    0.150194734 0.97203958 0.984005809 0.469445199 0.961432934
    0.658752441 0.651359677 0.186436981 0.580724239 0.623391926
    0.419348896 0.0633871257 0.0639934242 0.598121524 0.189232528
    0.695217788 0.404649287 0.559362948 0.334226966 0.269416809
    0.481610537 0.230765969 0.773182273 0.485898852 0.604679346
    0.200275928 0.359642565 0.726422429 0.183142245 0.130916953
    0.0672653019 0.62604636 0.00593575835 0.275275499 0.358922243
    0.250204563 0.885700703 0.84910208 0.0190548003 0.743647993
    0.217819989 0.14847064 0.924859464 0.933581591 0.674616694
    0.790738344 0.342981458 0.814315438 0.270397305 0.505099416
    0.446662903 0.272892118 0.928987741 0.515984178 0.867227793
    0.992959201 0.761073589 0.455160022 0.832143307 0.550051093
    0.621968329 0.929710507 0.548561037 0.0526791215 0.409359753
    0.907149613 0.696822226 0.405185789 0.70946461 0.254608929
    0.681089163 0.675398111 0.28360498 0.385750324 0.0738587976
    0.99575305 0.256528914 0.232501507 0.0108222365 0.405374348
    0.493295223 0.883375168 0.43661958 0.0238885581 0.0304868519
    0.989876151 0.915907383 0.681083262 0.229073703 0.695873439
    0.188760132 0.426465154 0.749260426 0.219641447 0.744356871
    0.84374845 0.376005739 0.393653572 0.131302476 0.748704493
    0.643696666 0.404781699 0.503936589 0.145212561 0.106179416
    0.646917939 0.311551332 0.432585478 0.80419445 0.777746558
    0.0651459992 0.895635962 0.222914875 0.316751689 0.45118311
    0.0371707976 0.693320155 0.895826817 0.571651638 0.465838611
    0.173438489 0.383367836 0.766561329 0.15342012 0.838572621
    0.535192251 0.0663925111 0.216092706 0.269876719 0.977153182
    0.535140038 0.843916357 0.0673192441 0.641543031 0.34195888
    0.272978365 0.144126803 0.54043442 0.000809878111 0.690658748
    0.080169946 0.572530687 0.38253808 0.0914164782 0.466703027
    0.871313095 0.608522296 0.0529548228 0.277080238 0.421304852
    0.461236149 0.626795292 0.574658692 0.422590852 0.133115143
    0.694062769 0.047213912 0.433117747 0.931419253 0.129226238
    0.262698442 0.0624262691 0.242812276 0.0751721263 0.5856359
    0.459959626 0.530432999 0.943249345 0.201305211 0.696580231
    0.92974627 0.758598447 0.773995519 0.957179666 0.268056214
    0.0979842842 0.762541473 0.480595112 0.45285964 0.340677023
    0.582131207 0.761400342 0.979633927 0.421986938 0.94305557
    0.102783233 0.714609504 0.481231779 0.105973393 0.97544986
    0.114172399 0.610418737 0.759627163 0.790939927 0.00978121161
    0.401697338 0.379865229 0.181246817 0.895696998 0.858044982
    0.362354994 0.394009322 0.279412866 0.409656405 0.3654176
    0.309393525 0.332338452 0.821756482 0.26271683 0.84623605 0.63764137
    0.911160409 0.893638313 0.717621744 0.153477699 0.703631639
    0.955893636 0.143611342 0.218417436 0.0419746339 0.0371016264
    0.0727394521 0.972179949 0.867845237 0.708963156 0.629621089
    0.335024416 0.197807103 0.754696965 0.684145868 0.207620859
    0.843891978 0.60175395 0.366230369 0.230000883 0.94770509
    0.529703856 0.281641006 0.903095365 0.78867197 0.777270913
    0.193414241 0.637646973 0.249478936 0.237753719 0.908629119
    0.551935911 0.490660757 0.921619356 0.611530364 0.523316145
    0.751103044 0.323248565 0.265410304 0.840553522 0.0876520276
    0.501376987 0.241120249 0.70570159 0.114419848 0.553401411
    0.162517607 0.579856873 0.42444995 0.121418625 0.0557937622
    0.744073272 0.305884957 0.80393374 0.297650158 0.897015333
    0.617360473 0.090336293 0.0198409557 0.883741498 0.793918133
    0.317927301 0.700006962 0.918917418 0.332991391 0.255666077
    0.748851538 0.549187124 0.540168464 0.185900718 0.012614131
    0.501290977 0.0870359242 0.0755328834 0.76080668 0.48831737
    0.684330702 0.863156438 0.796479225 0.35853672 0.0952896476
    0.30600059 0.104472369 0.0668343306 0.625805497 0.97693634
    0.459488213 0.147296697 0.0908690691 0.901465416 0.329734266
    0.861359596 0.18292594 0.397846401 0.616552114 0.408039153
    0.489369482 0.972256839 0.773781121 0.802517653 0.029456377
    0.0244651437 0.537462473 0.206303656 0.819605589 0.519260287
    0.546480775 0.723860621 0.424675792 0.375044912 0.324007541
    0.839142501 0.746196032 0.636177123 0.544895291 0.0269903243
    0.673609138 0.155658662 0.106043816 0.325466871 0.663730443
    0.714189053 0.992462397 0.0662029684 0.729297101 0.878092945
    0.336664498 0.596233428 0.0441895425 0.0103426576 0.446113467
    0.945245147 0.0440216362 0.846263409 0.47259599 0.506264448
    0.906783581 0.859025836 0.594364166 0.412056297 0.568964005
    0.968643606 0.24989599 0.839363337 0.296329916 0.179211438
    0.540409148 0.777113438 0.145078033 0.922354877 0.0850888193
    0.822337806 0.396710813 0.594908178 0.15442425 0.373139203
    0.63329047 0.0992512703 0.878104627 0.952775836 0.624517024
    0.755175352 0.55508554 0.193295419 0.124517858 0.87883991
    0.311008692 0.0984787643 0.784246445 0.546940565 0.0957117677
    0.449692875 0.931583226 0.370466083 0.316203386 0.996645689
    0.889374733 0.672511518 0.860615432 0.44053334 0.999515295
    0.615921378 0.896969318 0.925705791 0.949421942 0.642413199
    0.192893982 0.498237669 0.23654446 0.5599401 0.521459758 0.680342615
    0.320576727 0.481874228 0.563615799 0.180205673 0.487042904
    0.619945884 0.501627684 0.848668218 0.118084341 0.0833004713
    0.0860504508 0.743413925 0.965028346 0.3987571 0.169858277
    0.891735435 0.539327264 0.921113372 0.435333937 0.438018173
    0.24493438 0.312676698 0.554662466 0.628876209 0.597596109
    0.494912177 0.00778523088 0.355152667 0.224079221 0.480433315
    0.1993635 0.661410332 0.660780549 0.702783287 0.953907609
    0.645159483 0.59739542 0.49367401 0.20680061 0.304679722 0.344450533
    0.214658886 0.914857328 0.0233989954 0.152910501 0.308102012
    0.0554817617 0.411613226 0.111490935 0.239404976 0.905991435
    0.500945568 0.779084563 0.461602718 0.10767588 0.326010883
    0.706585407 0.677167535 0.37824741 0.77135098 0.0948060453
    0.519154906 0.65208745 0.521686792 0.954241991 0.202967882
    0.435791641 0.736093998 0.0694324076 0.270195365 0.16702193
    0.207532018 0.0462992787 0.553295255 0.204199225 0.861737251
    0.192425132 0.445935965 0.451396465 0.738300204 0.572724402
    0.254357129 0.0258349478 0.0594675243 0.694628716 0.593277454
    0.766144872 0.220611155 0.380370915 0.0522421896 0.145772189
    0.915715575 0.917678237 0.951377511 0.48966381 0.0499975085
    0.270372033 0.29155761 0.433987975 0.0218440592 0.687728286
    0.90256238 0.00800594687 0.0858896375 0.902742445 0.170457274
    0.444303781 0.987421155 0.32590428 0.83867085 0.0555939674
    0.889714122 0.257905662 0.401366174 0.502656817 0.844619155
    0.754616141 0.804637969 0.367832363 0.970302403 0.0215268731
    0.0302125514 0.780741155 0.234371811 0.899406612 0.552078784
    0.657710671 0.0138221681 0.0502026379 0.154078633 0.289229333
    0.406310797 0.794714212 0.203332454 0.513940156 0.257754385
    0.738702238 0.996586263 0.743762791 0.778365254 0.540437281
    0.837330103 0.515054584 0.557256043 0.375493556 0.447698355
    0.842843413 0.419567049 0.933660448 0.0405448079 0.513863981
    0.906351149 0.943936348 0.339548349 0.0762510598 0.459143013
    0.997179985 0.743270516 0.507365346 0.432986408 0.569449127
    0.0364512801 0.115865231 0.232663274 0.903243542 0.688145697
    0.557158887 0.641748905 0.770637155 0.513770938 0.97717607
    0.277918041 0.863586426 0.048558861 0.406553805 0.28703779
    0.530047655 0.402466297 0.841700852 0.826132298 0.638284147
    0.698891401 0.841043234 0.168193609 0.237412184 0.537873924
    0.963662028 0.594400108 0.149757832 0.806475997 0.568640888
    0.843003094 0.265563428 0.47000578 0.261331081 0.45408994
    0.245655268 0.257734507 0.0227488875 0.282665431 0.481234878
    0.865395904 0.0399528146 0.0830610096 0.165817201 0.0993743241
    0.907400489 0.869022369 0.777651072 0.311437517 0.969656348
    0.809878945 0.443406343 0.301711738 0.874625027 0.223460346
    0.769368052 0.710869074 0.895301104 0.201399207 0.18501693
    0.0792056322 0.267157257 0.594617248 0.804736137 0.592095375
    0.367889822 0.759547114 0.447580665 0.804453552 0.890148878
    0.348489463 0.563485146 0.00128555298 0.086501807 0.470124304
    0.995925307 0.577197492 0.265803516 0.9277789 0.648423433
    0.204686403 0.148187548 0.42847997 0.954161763 0.743447304
    0.0147291124 0.327114522 0.877666116 0.303076029 0.451923937
    0.0834102631 0.195300221 0.465819001 0.34778583 0.721137762
    0.410471737 0.662302434 0.557044864 0.0102891922 0.0550986528
    0.763030171 0.00436419249 0.961385608 0.823395252 0.794863939
    0.253675878 0.363421321 0.947314978 0.0576367378 0.156734437
    0.497137129 0.271302909 0.818182468 0.315884173 0.502203226
    0.395081341 0.594349504 0.142855883 0.53744489 0.669984818
    0.237324566 0.0767876804 0.72855413 0.0428868234 0.241585702
    0.837223709 0.646068215 0.441279858 0.464954197 0.842932284
    0.587693393 0.978804588 0.229455054 0.433029771 0.917092323
    0.286232591 0.822802842 0.831004143 0.372276783 0.903102279
    0.298582494 0.482967764 0.742942452 0.855876923 0.82985127
    0.598497689 0.207453012 0.2340433 0.275699764 0.517463744
    0.741774321 0.116557479 0.844302177 0.379411399 0.165874869
    0.764194012 0.760181546 0.549119651 0.107580513 0.0612349212
    0.695789933 0.12810725 0.166794807 0.418273538 0.45495221
    0.647633195 0.365601659 0.506357074 0.369835079 0.117736846
    0.989830971 0.891323924 0.900733113 0.455293894 0.269356549
    0.604836822 0.979579329 0.462679863 0.80640018 0.316253096
    0.406444967 0.995998204 0.549635351 0.980488062 0.121919066
    0.245362699 0.0538423061 0.821426392 0.633884847 0.4387061
    0.654714286 0.189231724 0.286298573 0.854959249 0.470952928
    0.309412628 0.248314917 0.471022159 0.161557764 0.253297418
    0.397860557 0.128914177 0.469394833 0.360281348 0.450018555
    0.979209244 0.508688092 0.451291591 0.925566673 0.968639612
    0.851413906 0.767600954 0.878870368 0.218492806 0.305689573
    0.554341853 0.514061034 0.346661508 0.0460316241 0.242070109
    0.0962183177 0.759973884 0.186440021 0.0110746622 0.723473608
    0.203766644 0.123232901 0.718973398 0.0104414523 0.020501852
    0.433163345 0.568248868 0.376809239 0.0278123021 0.016050756
    0.718167961 0.505789816 0.586368918 0.167008877 0.650701284
    0.0285220742 0.0347985625 0.244415164 0.610180497 0.391240656
    0.569879711 0.149154991 0.2019068 0.368853778 0.0766534507
    0.280667126 0.573009491 0.768685758 0.0811822116 0.510687768
    0.14635843 0.649307907 0.142214954 0.579730272 0.250887275
    0.25995636 0.69131124 0.653057277 0.104305029 0.888377309
    0.111808896 0.549755454 0.594842911 0.598019838 0.0772867203
    0.485352129 0.318395615 0.0160368085 0.516634881 0.963540137
    0.978718281 0.42198348 0.853624701 0.0920656621 0.715016246
    0.158078492 0.746391892 0.906480908 0.811757684 0.283018231
    0.365235239 0.971639216 0.0898743272 0.451847017 0.706517398
    0.861974478 0.51135838 0.738598943 0.868555427 0.273003966
    0.546199799 0.242964864 0.26025939 0.0853210986 0.399005651
    0.890733361 0.604220867 0.590156376 0.00785651803 0.611999273
    0.213718355 0.969273508 0.654588342 0.212278485 0.192778319
    0.484564096 0.482406467 0.409022391 0.578262806 0.899975061
    0.141368479 0.0375882983 0.833389282 0.230083406 0.180845678
    0.0951479673 0.364706397 0.793932557 0.738350928 0.589102268
    0.454742044 0.941878319 0.688191891 0.518087387 0.256495118
    0.318055093 0.379020333 0.573622942 0.184089512 0.589759648
    0.298195124 0.330220968 0.581905246 0.625924528 0.732882977
    0.920351624 0.841223478 0.626225471 0.201052487 0.970062792
    0.124440074 0.720251143 0.436750501 0.943327785 0.296380639
    0.901005387 0.725873113 0.413342476 0.184007406 0.873299539
    0.142628044 0.641460061 0.113603383 0.52706933 0.241777599
    0.50188297 0.642914772 0.689144373 0.622425854 0.0120869875
    0.379489154 0.117945313 0.272110462 0.49108693 0.874361932
    0.722378075 0.427697897 0.0206495523 0.0691117346 0.0976372957
    0.896384358 0.308851182 0.345884323 0.29493168 0.954746187
    0.802592099 0.252900124 0.851510763 0.585023522 0.624197662
    0.880561352 0.268928707 0.524410784 0.622846544 0.597603679
    0.722248375 0.946287334 0.627401352 0.388153553 0.292385995
    0.760019064 0.846580684 0.378121942 0.636331677 0.0426088572
    0.6583758 0.902984381 0.269639909 0.819868445 0.849686623
    0.610127747 0.0887144208 0.952239633 0.798432469 0.67231077
    0.385327011 0.991942227 0.841533661 0.0751354098 0.216940194
    0.607971728 0.13724041 0.314049184 0.438787133 0.540224314
    0.179552585 0.214483202 0.637155056 0.723555088 0.741118193
    0.438677937 0.796972275 0.0120580792 0.00476363301 0.437372506
    0.827635884 0.543727279 0.995655954 0.692782342 0.77385366 0.4145118
    0.80599463 0.56401825 0.383807957 0.458379894 0.179426432
    0.200337529 0.151831448 0.385133058 0.659533381 0.0949863791
    0.479650825 0.607032537 0.304502666 0.647305131 0.248556942
    0.170368105 0.725342333 0.180958331 0.215016574 0.543537498
    0.964807093 0.126917571 0.840867996 0.923478365 0.1396963
    0.111381352 0.116717845 0.898685455 0.207921058 0.903035045
    0.176584125 0.432627022 0.497573823 0.647575915 0.308481783
    0.0580252111 0.423077166 0.386803806 0.0172214806 0.461132318
    0.119077206 0.459101409 0.180827856 0.0424191058 0.875407755
    0.975345194 0.309583545 0.986935616 0.538987935 0.214658022
    0.451330304 0.36901778 0.663485885 0.681830943 0.00356087089
    0.724812686 0.46569109 0.955915511 0.604873478 0.316745698
    0.147251904 0.180145025 0.328934848 0.0431499183 0.268248945
    0.145787716 0.840257764 0.995087624 0.038033545 0.844390154
    0.00578299165 0.994606614 0.630121589 0.724642873 0.949557185
    0.171591014 0.183094382 0.826665163 0.827610672 0.877495468
    0.347635984 0.249121875 0.346532375 0.260772347 0.98190707
    0.725982726 0.991412282 0.471185505 0.808958828 0.653220832
    0.739268899 0.816067755 0.170774102 0.443885863 0.725147009
    0.799785435 0.808274984 0.19875738 0.174603641 0.156842679
    0.473827899 0.215362966 0.32755363 0.326752603 0.692044437
    0.171405315 0.337743193 0.609378517 0.0450997949 0.837137938
    0.876769722 0.277212203 0.235870689 0.114239007 0.258675069
    0.616485834 0.904073715 0.666688383 0.464415133 0.813717008
    0.764732778 0.45540458 0.546888351 0.603000522 0.581335068
    0.817480326 0.0722886026 0.724499226 0.0749925971 0.0539305508
    0.99310565 0.972410083 0.125840217 0.934903264 0.895966053
    0.00314724445 0.58695209 0.76205194 0.165192485 0.216476887
    0.757068217 0.838844061 0.198768616 0.908065975 0.445238978
    0.474533767 0.151849568 0.50097996 0.823661685 0.718640208
    0.460106403 0.538052738 0.296671033 0.506287575 0.899097085
    0.608826756 0.449049115 0.475886226 0.767804146 0.752126157
    0.151147544 0.205661625 0.792723238 0.472722083 0.0513398051
    0.864207268 0.156718254 0.266513705 0.0979339778 0.146515578
    0.242579132 0.193644464 0.282017231 0.700018048 0.633787155
    0.371296644 0.371010423 0.90343833 0.416620553 0.553408861
    0.769581079 0.460174412 0.104717374 0.602208614 0.988449097
    0.888924599 0.420751452 0.925317168 0.402066886 0.0517337024
    0.638200879 0.558613539 0.817142725 0.609048486 0.583853126
    0.660224557 0.906549096 0.503756285 0.202135473 0.193591923
    0.0382505655 0.35525322 0.963199854 0.49107331 0.149820894
    0.490635693 0.140580297 0.25401023 0.576157093 0.874216437
    0.73426044 0.276935041 0.22044462 0.461761653 0.289120078
    0.206163377 0.476434469 0.00408807397 0.592229724 0.36130628
    0.56182158 0.0838921666 0.976041675 0.0812833309 0.0158518553
    0.119239151 0.375654221 0.956271768 0.331314743 0.742903233
    0.788087845 0.573779225 0.410653412 0.0356429815 0.76830864
    0.268299192 0.821567655 0.027007252 0.230762869 0.697814107
    0.535196722 0.679962277 0.333654463 0.476446092 0.561432958
    0.0514246821 0.32705617 0.716629028 0.136350244 0.591995955
    0.748282909 0.931927383 0.753712058 0.334299743 0.996191502
    0.37573874 0.699197888 0.256376982 0.803207278 0.830651045
    0.722483933 0.888800383 0.516148865 0.0812422633 0.455256671
    0.390471071 0.590593576 0.377350628 0.740556657 0.930043101
    0.5172593 0.912910819 0.309735119 0.708287656 0.194645762
    0.279732168 0.966573298 0.232565582 0.0866827071 0.507247925
    0.0750641525 0.00217172503 0.759242654 0.475513041 0.481468081
    0.655419707 0.243132651 0.798778534 0.278286636 0.729623675
    0.169612616 0.648816586 0.0405724943 0.340333372 0.767978668
    0.846942365 0.944291353 0.687345505 0.709601104 0.877375126
    0.0442247987 0.106037229 0.159218907 0.761365294 0.549842417
    0.267059326 0.358509272 0.256987244 0.180601895 0.628904998
    0.402767003 0.680659771 0.132791072 0.444906086 0.756816268
    0.679765344 0.492705256 0.29426828 0.830556273 0.477830946
    0.444164753 0.322276175 0.78127563 0.702477634 0.322872341
    0.304092526 0.963367939 0.744025111 0.76044035 0.482249707
    0.26483947 0.710258007 0.0178322494 0.133625835 0.751964331
    0.378871351 0.531073987 0.425390363 0.721364379 0.399289817
    0.629745305 0.0730933547 0.67108047 0.111444622 0.556198061
    0.417912245 0.549098253 0.431251317 0.739172697 0.629954815
    0.950793982 0.399629265 0.508267522 0.969650626 0.474937439
    0.86784184 0.899312377 0.582450688 0.437458038 0.429745942
    0.18045342 0.952563643 0.686960459 0.495040685 0.779336452
    0.382893056 0.17654857 0.869816184 0.249247313 0.815083981
    0.551666081 0.404757351 0.0251341164 0.0478178263 0.24408251
    0.0113666654 0.736869812 0.39525491 0.786337852 0.768835127
    0.452317059 0.157373846 0.274119496 0.239741892 0.982541442
    0.811826587 0.193772137 0.446793914 0.540486872 0.52313149
    0.995034337 0.247200668 0.986688197 0.279274642 0.878651321
    0.554441392 0.901740432 0.98765552 0.202137142 0.474645197
    0.418581814 0.486828357 0.627310395 0.431876302 0.25658232
    0.786019444 0.903024673 0.958075583 0.990006983 0.613138258
    0.376879841 0.207342952 0.816566646 0.0176747739 0.277041912
    0.693243086 0.85207808 0.376310647 0.115115851 0.125502378
    0.436359704 0.430489391 0.192069948 0.944098234 0.44681707
    0.916862249 0.0908589065 0.250050724 0.619906425 0.90775764
    0.928561091 0.862117767 0.028914392 0.187011838 0.306052446
    0.911229789 0.420877934 0.968337417 0.4314605 0.206861079
    0.743084133 0.724516153 0.62065804 0.148331553 0.741957307
    0.815001428 0.794417262 0.724202633 0.692273676 0.814568639
    0.767451167 0.974586606 0.11885637 0.49109453 0.0840702653
    0.176390141 0.444706887 0.00113803148 0.150364876 0.569613338
    0.547337413 0.441443086 0.9791677 0.554981709 0.207123905
    0.890278339 0.0188057125 0.132604271 0.0796725452 0.130658686
    0.0926070809 0.344297707 0.755531013 0.987786651 0.42721954
    0.365291536 0.398323357 0.917022705 0.595734775 0.840330243
    0.152315229 0.147698224 0.35989362 0.67639935 0.115887433
    0.814204454 0.858319402 0.403333634 0.122463316 0.11239028
    0.219756275 0.653215587 0.560368776 0.88079071 0.835521579
    0.171974391 0.394441545 0.512029111 0.0987158716 0.49816072
    0.818982124 0.33885774 0.293455541 0.555367768 0.428953409
    0.559114516 0.191553444 0.993084192 0.640977263 0.397977233
    0.705714941 0.57461822 0.223934591 0.364327133 0.6816324 0.669441879
    0.70191443 0.83869791 0.472149909 0.0290171504 0.165675282
    0.59039104 0.883860826 0.867296696 0.609315693 0.0984578729
    0.0167697072 0.763173044 0.507918298 0.363093972 0.409953177
    0.210457742 0.973641515 0.216601282 0.596095264 0.160479546
    0.749174476 0.494061589 0.980648875 0.351160586 0.367959857
    0.703338325 0.884210229 0.618164182 0.968318582 0.22752133
    0.0741195977 0.0870990157 0.601075768 0.96376586 0.863743544
    0.0705565512 0.374387383 0.0695145726 0.697797835 0.0552208424
    0.262162089 0.522361934 0.474128544 0.277283072 0.6710186
    0.265881062 0.518216848 0.891228855 0.121139139 0.914045691
    0.420357347 0.268162429 0.596152902 0.00720724463 0.850594044
    2.67326832e-05 0.678824902 0.894927621 0.100898653 0.381314874
    0.22505343 0.394324362 0.0137318373 0.912859678 0.196701616
    0.806033015 0.89924705 0.90587616 0.0648286641 0.680197239
    0.601860762 0.159190089 0.313861042 0.351241797 0.808581948
    0.26515466 0.120842367 0.300775349 0.779326975 0.427637726
    0.177222639 0.257461488 0.225800186 0.452937931 0.35433948
    0.673382103 0.133799106 0.0232171416 0.105502784 0.929688334
    0.459506005 0.67845118 0.706608593 0.794180036 0.698420644
    0.680072725 0.516585231 0.443378747 0.22411865 0.993947089
    0.458959728 0.834925413 0.8479743 0.913785517 0.599378407 0.38234669
    0.452248961 0.137513518 0.717944205 0.662960768 0.37951234
    0.00687506795 0.557676494 0.0917868316 0.00953164697 0.819358587
    0.953978539 0.377163738 0.000110983849 0.997371435 0.698142469
    0.727357328 0.283462763 0.922564089 0.736005366 0.296320736
    0.884581745 0.152217865 0.968824148 0.628565252 0.421129286
    0.998460293 0.717994392 0.553918958 0.27710849 0.756377101
    0.642172694 0.796521902 0.339888006 0.153798431 0.215802789
    0.185109258 0.421286076 0.588465512 0.678593874 0.931062579
    0.699151158 0.184726745 0.734380782 0.0112833679 0.638622165
    0.774989247 0.210989177 0.12491551 0.519984484 0.0591837466
    0.113254935 0.704720378 0.280867159 0.325352162 0.256268829
    0.493246555 0.934059262 0.19821173 0.202571958 0.835254312
    0.798048198 0.310216874 0.498645425 0.335683525 0.936435282
    0.443985343 0.537277937 0.42048502 0.759169936 0.619399667
    0.535246372 0.344719589 0.94536382 0.384766936 0.363448948
    0.0822682381 0.029971242 0.744716167 0.252173036 0.0221464038
    0.911569118 0.973289132 0.996691167 0.664469957 0.401237637
    0.419988722 0.882597327 0.726380408 0.976677537 0.208649397
    0.376237631 0.510202706 0.543059647 0.202708244 0.198618919
    0.884895682 0.918282866 0.659889638 0.425074697 0.40857935
    0.439015061 0.866958857 0.721374452 0.761570573 0.207200021
    0.705444098 0.636713386 0.600266457 0.453268915 0.880490363
    0.0831946433 0.0822879374 0.801621199 0.867408395 0.179883093
    0.925255716 0.405251324 0.83886224 0.858305931 0.199984163
    0.366631925 0.4079611 0.0675442815 0.506249189 0.310159087
    0.0125899315 0.274531335 0.502564847 0.72839582 0.236264437
    0.776591897 0.849776566 0.38775596 0.556272328 0.478196055
    0.638141334 0.31197226 0.979395092 0.953532696 0.475486279
    0.979101539 0.989411712 0.742832661 0.501566887 0.318584144
    0.447195202 0.0839095414 0.646722198 0.733291328 0.40260607
    0.336653382 0.867306709 0.798112512 0.935690999 0.321075529
    0.415969431 0.761026263 0.542901516 0.15561682 0.401534796
    0.210357726 0.48501265 0.941474795 0.126425654 0.214660913
    0.00087249279 0.2105546 0.813219905 0.435247749 0.871984065
    0.714374065 0.036108762 0.940221488 0.335782051 0.350816846
    0.77249521 0.400639355 0.401206523 0.763609171 0.725378394
    0.314308733 0.994295955 0.533351898 0.286260307 0.437581927
    0.333201826 0.565231323 0.605563104 0.150642276 0.842357934
    0.0579500198 0.435039461 0.792515397 0.837052226 0.514659524
    0.306132704 0.629710138 0.837265134 0.259972483 0.237743139
    0.332316935 0.304981887 0.849620163 0.274894178 0.122950822
    0.0882929862 0.0304970145 0.754169464 0.733427167 0.7675668
    0.732725739 0.0232108235 0.682428122 0.319863558 0.160350263
    0.487369627 0.877596557 0.22893399 0.0757681429 0.195876926
    0.889048934 0.973107576 0.653001845 0.499293387 0.231596887
    0.555639744 0.283280432 0.818315506 0.946158051 0.633101344
    0.0359782875 0.0977370143 0.621502399 0.746418893 0.612436891
    0.633597016 0.459479749 0.533318222 0.480496794 0.410506427
    0.746350765 0.731804013 0.255427122 0.757151484 0.541829348
    0.718252778 0.204763561 0.437035203 0.281321168 0.526374578
    0.503295362 0.771827459 0.414745778 0.142053604 0.358173132
    0.704991281 0.880268455 0.492669463 0.349011183 0.252331823
    0.561550081 0.745924056 0.301264584 0.241181344 0.458821267
    0.556561232 0.382881045 0.371614635 0.282561541 0.00315329432
    0.0950801075 0.202624857 0.971181512 0.84486258 0.792363584
    0.618237793 0.519304752 0.151357174 0.715708315 0.940850139
    0.966232896 0.624679327 0.935982168 0.43328023 0.85659492
    0.993953049 0.863062263 0.664892316 0.76749146 0.213071287
    0.273961723 0.279754847 0.83455354 0.111078173 0.742216587
    0.377957761 0.17547366 0.888845682 0.373450458 0.851408839
    0.751005173 0.103666216 0.913740754 0.439752311 0.679153204
    0.980080247 0.34498018 0.356541693 0.284956008 0.716675401
    0.584781647 0.380049884 0.34812364 0.241939574 0.43844983
    0.880118608 0.665802002 0.762643397 0.0696450472 0.625989735
    0.813808382 0.013967216 0.385532707 0.322798073 0.574477434
    0.494208157 0.216276407 0.409566313 0.53447926 0.768821836
    0.838092685 0.205458581 0.779901147 0.305873871 0.14687869
    0.974139214 0.630139232 0.446768045 0.744010925 0.692228317
    0.072619319 0.378629327 0.441385716 0.52673924 0.0810688138
    0.782992959 0.00995355844 0.949406564 0.508249879 0.846979976
    0.505199015 0.905097425 0.479564697 0.392791152 0.11999467
    0.227644563 0.418350846 0.717498124 0.223120302 0.788405061
    0.253336251 0.745655417 0.34962976 0.140659839 0.546101689
    0.495620757 0.485020131 0.807329953 0.0885062218 0.137524188
    0.777353942 0.232104868 0.404000998 0.884113789 0.216528237
    0.0687248409 0.900716424 0.41906327 0.68751663 0.955008566
    0.534025848 0.222346485 0.926266015 0.289371878 0.331337899
    0.503375709 0.502266228 0.450765282 0.930881619 0.596794963
    0.516774356 0.378577501 0.0950477421 0.905203998 0.102341413
    0.0348830521 0.447452545 0.238253087 0.839177608 0.505702674
    0.799441099 0.515365064 0.232881963 0.0258114338 0.692929924
    0.540549338 0.188581467 0.836360633 0.516353607 0.249953508
    0.733238637 0.616915941 0.565558851 0.621388555 0.822350025
    0.521034837 0.272474021 0.0266618729 0.528029621 0.808942616
    0.904883027 0.623571515 0.708892226 0.444013953 0.0142596662
    0.232478231 0.60029 0.0752128363 0.956299543 0.632526219
    0.0845195949 0.397048116 0.623030424 0.42827037 0.802609921
    0.44514513 0.60709691 0.714688182 0.652740002 0.552369535
    0.872813106 0.855604053 0.658509433 0.882259488 0.782338262
    0.728536665 0.659334004 0.76408416 0.202233493 0.783817172
    0.185943127 0.359252334 0.247130424 0.0199452639 0.980416894
    0.880430639 0.463252425 0.47476846 0.781428874 0.41243726
    0.377402842 0.500696361 0.511325181 0.255640745 0.991834402
    0.794383883 0.603632152 0.69249779 0.147231907 0.141944945
    0.805755377 0.50288403 0.893578053 0.691596031 0.804537177
    0.669291914 0.178109676 0.562219381 0.663381934 0.716349304
    0.150892675 0.0783543289 0.572539151 0.57230109 0.753892183
    0.920671403 0.229285896 0.91535759 0.760101438 0.00881847739
    0.055043608 0.037184298 0.0579231679 0.0785965025 0.925321639
    0.4003869 0.51774627 0.90857631 0.868740797 0.212058812 0.458666503
    0.984751642 0.433589041 0.0480450988 0.364895761 0.540647566
    0.288194478 0.803185225 0.797432542 0.953794956 0.459392935
    0.14662087 0.926699221 0.174230546 0.644340515 0.53577888
    0.775168657 0.52333957 0.701726675 0.103434443 0.296305895
    0.740664899 0.65615654 0.230315417 0.597327709 0.569888651
    0.185582489 0.989675105 0.0771200061 0.737347901 0.925081074
    0.886574984 0.556885362 0.607265711 0.770434976 0.695135117
    0.936510801 0.357965559 0.223381728 0.463421047 0.161987811
    0.291798294 0.638924897 0.932789087 0.39646399 0.946558535
    0.247189373 0.0791049302 0.420812249 0.967628181 0.694044113
    0.780728102 0.833642006 0.674644232 0.296627879 0.703186631
    0.445748627 0.208806694 0.986728907 0.595826268 0.585868776
    0.204032242 0.137163252 0.0632670224 0.471334338 0.965873539
    0.900791943 0.00453594327 0.0235953629 0.792069912 0.717419505
    0.960949779 0.812025964 0.475350887 0.864112616 0.277015299
    0.26059112 0.707534194 0.418214172 0.304204643 0.254337996
    0.951141834 0.207380176 0.334514797 0.704658687 0.889172435
    0.717287123 0.218669504 0.993560612 0.558448076 0.597707689
    0.428973764 0.460763991 0.474422693 0.602300406 0.0193288028
    0.621214926 0.354509085 0.820453525 0.00371706486 0.164296597
    0.00674432516 0.0464558303 0.42182216 0.837703466 0.160619795
    0.809931099 0.435014099 0.742519975 0.57406354 0.958297253
    0.723185122 0.653702855 0.338278472 0.481489807 0.10812974
    0.976240754 0.0428048372 0.537747204 0.788745522 0.965511322
    0.602724373 0.0447843969 0.145817757 0.871373057 0.474791765
    0.140142709 0.0228278935 0.0668571591 0.288487077 0.592923403
    0.964200318 0.767564178 0.668215573 0.984629154 0.596607387
    0.568045378 0.603622079 0.989832044 0.211725205 0.581684649
    0.279122651 0.365793824 0.0357441604 0.911770821 0.183840692
    0.379581153 0.704357624 0.975358605 0.700745404 0.312055498
    0.153549284 0.231005162 0.608592331 0.700315356 0.454946637
    0.0439504087 0.574394226 0.47375232 0.71773833 0.760796368
    0.0351570547 0.930985093 0.16380319</data></test_img>
<my_img type_id="opencv-matrix">
  <rows>128</rows>
  <cols>256</cols>
  <dt>f</dt>
  <data>
    1.74015129 1.18281507 0.876480401 1.68679309 0.961175203 1.47254717
    0.159468263 0.38337779 0.149104834 0.328904629 0.911611974
    1.01052988 1.36738098 1.25274551 0.938740551 0.748885036
    -0.051160261 0.641204834 1.55039883 0.407276034 0.324400097
    0.492904842 1.82370102 1.19516671 0.618548989 -0.245019659
    1.32766318 1.24908936 1.61233246 1.01905906 1.70312488 1.20629764
    1.22924387 0.731159508 0.543442249 -0.138993725 -0.0149075091
    1.2798841 1.41233802 0.409231097 0.167869702 0.67122519 0.977352023
    0.396197349 0.0316607356 0.635715067 1.27981031 0.692955911
    0.943776011 0.307106584 0.475096881 0.43530637 0.441571116
    0.603145123 1.23902595 1.52190077 1.13652563 0.493048459 0.997744322
    1.10675883 0.189080149 1.35321605 0.650981545 1.70915425 1.29750061
    -0.282892287 0.401377201 0.940326273 0.617073894 0.0942285657
    0.525235653 1.45059633 1.17236614 0.957379997 1.26334763
    0.0149047673 1.10846364 0.0527529716 0.167105138 0.522797167
    0.16880995 1.52308178 -0.192798674 0.491406828 1.51801324 1.29248655
    1.7035656 0.584373236 0.379242897 1.36940694 -0.236201763
    0.788415968 0.349251539 0.120925844 0.912878275 -0.117788523
    0.803276956 0.0481737256 1.17146552 0.892167747 0.654294908
    1.28374946 0.513092637 0.935119033 1.62936425 0.313302785
    0.610844254 1.18446541 1.022493 1.16176379 1.32023704 0.337336779
    1.3209635 1.25445426 1.34529376 1.71650195 1.29888093 1.24818945
    -0.0817838609 0.153021961 1.70220375 -0.0297792554 1.6043216
    1.30392921 1.46360147 1.65842891 1.72101164 -0.235700518 0.766331077
    1.41913486 0.586565137 0.45032835 0.71153897 0.919005394 1.14708185
    -0.183695495 1.50869322 0.935630083 0.907584488 0.968798399
    0.82264185 1.22576427 1.74274516 0.776810527 1.18465209 0.80947262
    0.927238107 1.12892413 1.25483036 0.506741524 0.710209489
    0.293255478 0.265737623 0.0508217514 0.365964264 -0.0458513647
    1.11775112 1.28010929 0.681806922 0.650740623 1.34111476
    0.0882965624 0.174804896 0.545887113 0.0254711509 0.733653545
    1.28890753 1.5681076 -0.213153735 1.06980181 0.260706961 0.504380286
    0.733964205 0.593031585 0.344092131 1.47754598 0.00941702724
    0.883237898 1.14176273 1.54033399 0.348080933 1.59253001 0.193516254
    0.207220286 1.15076494 1.10280526 1.14502585 0.659747243 1.50074077
    -0.247993827 0.844623089 0.999719262 0.522286654 1.71226978
    0.807106853 1.08071709 0.187444866 0.662066281 0.89706713
    0.691618204 1.08516324 1.5580337 0.932914913 0.440980911
    -0.264713883 0.278244585 0.828438401 1.14229143 1.18810666
    1.42401552 0.710629225 0.908101737 1.40007102 1.23415208
    -0.123679191 -0.119838133 0.129332036 1.33271432 -0.101045385
    1.47173715 0.402432621 1.2474668 1.68427455 1.47360086 0.019508034
    0.260852128 1.07783759 1.47560287 1.55065012 1.74625278 1.05943012
    0.445086867 -0.131510958 0.183893085 1.79295373 0.683543086
    1.70129371 0.171415418 1.08288705 1.74670172 0.12655744 0.442347854
    1.40321922 1.74062002 0.283109695 0.987369359 1.34195495 1.553895
    -0.116995871 0.667780042 1.50783229 0.278800756 0.227838397
    1.10226011 1.12631273 0.759068251 0.565388441 0.480084121
    0.135591179 -0.277639747 0.0283038914 -0.251817822 0.472241521
    1.0250237 1.54777718 1.0986433 0.505875111 -0.0457057357
    -0.253157288 1.0403018 0.202747375 0.204265684 0.201494157
    -0.143024385 0.926879823 0.231803477 -0.23553136 0.060995698
    1.34996581 -0.161331654 0.201375782 0.68029654 0.219717741
    0.552329898 -0.301683515 1.02457666 0.425923884 0.105447501 0.4278
    -0.314489365 1.30227578 1.75299406 1.6536696 -0.209753126
    0.227021873 -0.0708503574 0.75231576 0.0272607803 0.216117352
    1.07438791 -0.0339004099 -0.165888861 -0.0410301089 1.54743373
    1.62583327 0.66201371 0.911693811 0.103592485 0.474042058 1.11526215
    0.414356202 0.283926308 1.5641768 -0.124089807 0.851231933
    1.31118762 1.41008413 0.752537251 -0.173264697 1.52194881
    -0.294237018 -0.18321231 1.55154824 1.58197165 0.727242351
    0.235824317 1.4883728 0.79297179 0.931648195 1.04166663 0.0508540273
    0.0831016302 1.57161093 -0.296311736 1.24575281 0.00955489278
    0.0300881267 0.926221609 0.0746945441 0.667699456 0.372300684
    1.6219511 0.0540463328 1.23719072 -0.359420687 1.17114651
    0.0503216684 -0.215622723 1.74539077 1.51837897 1.34640169
    0.59914124 0.425621182 0.368155688 0.236909419 0.684051991
    -0.00413683057 1.34724045 0.174018651 1.23726559 0.634913802
    0.143932462 1.17379773 0.882290304 0.250325978 0.570942998
    0.964116812 0.847330332 0.364226431 0.925279558 0.385473102
    0.918354869 0.990726948 -0.325624555 0.299571574 1.14006126
    0.139641643 1.40832758 0.574149847 -0.180149034 0.176207334
    1.4546957 0.950864017 1.34865785 0.039835602 -0.00893858075
    0.521958113 0.639507353 -0.171542555 1.54550314 0.769628406
    0.889310598 0.974401057 -0.169345021 -0.101540565 0.00598165393
    0.741790891 1.07031262 0.233396947 -0.277362287 -0.386764914
    0.0802280605 -0.202032194 0.0412058234 1.0147965 1.53476477
    0.735732675 0.235852391 1.24384832 -0.133138716 0.265973032
    0.173746616 0.443019181 0.35313946 1.37088013 1.71904075 0.448034406
    -0.0371143818 0.357765615 1.10464358 1.50958216 0.819719553
    0.591701269 0.613605917 0.928358078 1.24749553 -0.324632257
    1.27764678 0.888588309 0.360462695 -0.121579394 1.23018789
    -0.0867313445 -0.140613526 1.11502206 1.71945286 1.25430727
    0.358796954 0.695180297 1.47962987 0.260835141 1.24316192
    -0.018702656 0.473338336 0.0818551183 1.06919098 1.5459646 1.3481679
    0.400405914 1.01036382 0.815627217 -0.0328846872 0.441751152
    0.114161074 0.513049006 0.353307992 0.259383082 0.499127418
    1.44366372 0.242791981 1.07072306 1.28890669 -0.276468068 1.54102421
    0.454142541 0.0231751502 1.23714495 -0.233056992 0.489268988
    1.40178728 1.62278724 0.157309443 0.755682707 1.34273648 1.16803491
    1.04878724 0.930160522 1.43251538 1.36293459 1.43789363 1.33850396
    0.570231915 0.315968603 0.422745734 1.49583793 -0.227312639
    0.29344213 1.10140181 1.12380087 0.930008769 0.969043255 1.01474905
    0.474648207 0.0351660252 -0.166796044 0.229739517 0.819866359
    -0.248700559 1.40496993 0.379654616 0.845867515 -0.197914183
    0.0729017258 -0.190831274 1.10594356 1.56121373 -0.145175427
    0.14959836 0.0417630076 1.34603024 1.42937052 1.62837279 1.23354018
    0.301309466 1.59907973 0.795659006 0.10185492 1.62229681 0.606541514
    -0.196782663 -0.0782047808 1.64208055 0.757236242 0.705112636
    0.513749182 1.63578653 1.3341558 0.503870964 -0.226253226
    0.247692913 1.59660578 1.27702749 1.05621052 0.527436972 1.40651906
    0.0280204415 0.673016071 0.203072518 -0.0153466761 1.36542594
    0.298856586 0.814068079 -0.0890000463 1.319332 1.20367992
    -0.356072456 -0.0900318027 -0.166236699 0.633332014 0.231647909
    0.523398638 0.677718997 1.41683984 0.854018867 0.394802302
    0.888528347 0.0971857011 1.67490149 -0.21330075 0.989079118
    0.0830773711 0.761324286 -0.259388745 1.22048664 0.301986724
    1.48969436 1.00390399 -0.35150969 -0.309530854 0.609140038
    0.16687426 0.0736854076 0.952295184 0.964813709 0.57844913
    1.22346461 -0.429474086 1.20004797 0.617507279 0.179556251
    0.0571651757 -0.453882962 0.949799478 0.788654804 0.225126147
    0.421783358 0.742231965 -0.010546267 0.759047747 -0.377437294
    0.260525733 0.651766241 0.812252045 -0.207086653 0.529116452
    -0.400017738 0.974911809 0.518740654 1.52802658 0.499335617
    0.129672617 0.374964356 0.0376953781 0.0585205853 0.492044508
    1.18917859 1.41505086 -0.235577375 -0.258822739 1.20189619
    0.722945929 1.3923229 0.0601391792 0.266800702 1.01709831
    -0.138412267 0.660213411 1.37434638 0.819764197 -0.232843727
    1.5862298 1.08876824 1.18900549 0.732441187 1.59553611 1.07106698
    1.141904 0.948761702 -0.230992734 0.414039284 0.395914793
    -0.0811745226 1.60555768 0.275844365 -0.402040809 0.456147164
    -0.290495872 0.029227674 0.738129497 0.955928326 1.08394611
    1.41478157 0.00429213047 0.554658055 0.655511498 1.41725874
    1.30009854 0.461423993 0.508921385 -0.141053587 -0.0885460675
    1.40781927 1.63047326 1.55754316 -0.179065555 0.399820834
    -0.380216837 1.37275136 1.01246262 0.349308789 0.841398001
    1.06829858 1.6373626 1.52161908 -0.089114219 -0.0446163714
    -0.236968517 0.969093561 0.580168366 1.36909091 -0.0918869376
    0.281453133 0.530574799 0.435382485 1.41939604 -0.0489637554
    -0.383123279 -0.324037373 -0.380094707 0.511311114 0.241601884
    -0.182076901 1.59392881 -0.401414067 -0.0186256468 1.24706483
    1.54856205 1.15047538 0.262308836 -0.28911522 0.210613936
    0.999845624 1.15062916 0.721116662 0.458069175 1.40547442
    0.186477453 1.58926439 -0.157503963 1.37198067 1.27502811 1.34000826
    0.90579772 1.61304641 0.486311585 1.12242663 1.15674961
    -0.0522509515 0.398805231 0.806221843 0.482652038 1.25320888
    0.759490073 0.398045272 0.875649214 0.968315125 -0.237670764
    0.680220366 1.44456053 1.14198244 0.781317055 0.581059694
    0.321199447 -0.197820857 -0.176150888 1.15334678 1.38023388
    1.25523508 0.840115666 0.289106786 0.958410025 0.595086455
    0.268974304 1.0170356 0.996157289 0.667628765 0.965719938
    -0.265132248 0.705918491 0.351958543 0.297553271 -0.139351726
    0.0314519703 -0.226623833 0.856203258 1.25847387 1.0571425
    0.461621284 -0.0408747494 1.5947777 0.459626734 -0.329092145
    0.341874361 0.990849495 -0.263298213 0.170207292 1.62475812
    0.199703932 0.155672997 -0.258411646 -0.362039983 0.306669742
    1.41127336 -0.313780427 1.07860887 -0.266566455 1.42711139
    1.04237247 1.63441122 1.39189267 0.781921208 0.268893987
    -0.415046006 0.995400012 0.02520293 0.312844872 1.22709048
    0.0768019259 0.38507393 0.00858515501 1.30658114 0.748365402
    0.505837679 -0.188746035 1.42151082 -0.118925095 -0.0680839419
    0.872880042 -0.0455753803 1.47995019 0.551802933 0.196676582
    1.24916506 1.00574529 1.53530133 0.128552824 -0.409035832
    0.142969161 0.576956213 0.0500933528 0.925816059 0.0577928424
    1.27923751 -0.0199441016 0.480448723 1.59480596 -0.379804611
    0.2526007 -0.298092484 0.527962565 0.901557386 -0.0223113
    0.0593845248 0.785579741 1.26995182 0.114727676 0.721608281
    0.0959643126 0.98371768 1.5456574 1.29998541 0.0537459254
    0.0523195267 -0.337717116 1.23955917 1.50348878 0.0349060595
    0.594491482 0.0941635966 1.35384393 0.621070504 -0.0719170272
    0.556588531 0.898314476 -0.308381736 0.433883548 -0.225071639
    0.431145489 1.0704577 0.0786765218 1.29652548 1.07039213 0.112758577
    1.4317801 0.397367388 0.657511234 0.186378181 0.884370744 1.1183269
    -0.226266116 1.60294986 0.465794384 0.799565494 0.753025949
    0.735825002 0.378444254 0.571997523 0.845024049 0.780353427
    0.759206235 0.996967912 1.09065139 1.4400208 1.46316755 -0.352169037
    0.478024662 1.25130534 1.59909558 -0.208578944 1.26293683
    0.119776964 0.270486414 0.501366615 -0.149243474 1.34063482
    1.27857935 1.28998804 0.421061158 1.00003779 0.787338436 0.884954453
    0.857313991 0.136722207 1.47482538 0.863172174 0.854555368
    1.10688305 1.09582698 0.569664598 1.35304165 0.835912168
    0.0865883827 1.56781101 1.57186449 0.907709002 -0.113081932
    1.23488784 0.971767128 -0.364677489 -0.150647461 0.357606053
    1.49573469 0.707764983 1.53997588 0.0641561151 -0.533447921
    1.37436545 1.55513716 0.849233747 -0.322316825 1.4980371 1.10132074
    -0.0667029023 1.09001815 0.645249009 1.52313161 -0.14759779
    -0.343909502 0.373891801 0.331195682 1.13936865 1.17343807
    1.13733697 0.2233904 1.50949144 -0.186844915 0.00595331192
    0.313324302 -0.262441695 0.875691295 1.09822571 -0.341473132
    0.91230464 1.05252433 1.06978905 1.5145632 1.57798374 0.87959367
    0.171222866 0.146377325 0.419585168 1.30501461 0.0715558529
    1.42255068 1.58879626 -0.187410623 -0.211546466 0.934345722
    -0.0657783151 0.0325331688 0.189454556 0.9290694 1.02437007
    -0.152093023 0.776075363 -0.169772148 1.22515821 1.20837533
    0.219724774 -0.0108479261 -0.32697463 0.9106915 1.17148614
    1.53615713 -0.31231612 1.13256752 -0.0466367602 1.63095284
    0.277531385 0.174243867 0.715920746 1.28045762 -0.0956646204
    1.30779958 1.00946701 0.452590466 0.484135449 0.62898618
    0.0565097034 0.0482289195 -0.137383342 -0.0825321376 1.27746749
    0.951054752 1.46285343 -0.38035658 -0.275649846 0.757601321
    -0.362555712 -0.53391695 0.927603364 0.171710849 0.0546046495
    0.795815289 -0.249703884 1.44244993 0.22923407 1.31067657
    0.269438505 -0.477349341 -0.432709455 0.369841427 1.23772264
    -0.247497544 -0.164155483 0.172087342 1.17792416 1.52433288
    0.34588784 1.53698993 -0.418940842 0.997253656 0.537845731 1.5058924
    1.5043875 0.172025651 1.56042099 0.160792857 0.0573531389 1.46459055
    0.300349951 0.611069918 0.830268741 0.0662100017 0.277791679
    1.02241707 0.802974224 0.16135478 0.341051936 0.865282595
    0.461739451 0.373143166 -0.448463023 0.184254825 -0.332381606
    -0.259214342 0.472322464 0.546721399 0.760065794 0.521025717
    0.305547774 -0.390728652 0.371443272 0.209576696 -0.328171432
    -0.444466025 -0.500097275 0.531693399 0.638060391 -0.250975788
    0.0128981471 0.0778662562 1.26116276 -0.39277786 -0.20695594
    0.365945101 1.13125598 1.11186981 0.724488139 1.29763007 1.10647976
    0.148926169 0.0712891817 1.42889822 -0.448366582 -0.40426892
    0.895217657 1.17161262 0.57874155 0.336241007 -0.444673657
    -0.286975801 0.121861815 1.43935585 0.417000711 1.27789938
    0.706901431 0.326577306 -0.407669425 -0.273091912 0.251260519
    0.730731726 0.62005192 -0.474960983 0.08298558 1.45794499
    0.378218949 0.821127295 0.65614903 1.32732368 0.619034767 1.0359304
    0.414261818 0.708310366 -0.515732884 -0.0366068482 0.0286148787
    0.63191402 1.12396944 -0.060398072 0.732342362 -0.0312013626
    1.59680879 -0.146831095 1.02062988 0.409666479 0.0520955324
    1.12524092 1.34305859 0.725416124 -0.103715986 1.47968161
    -0.136380762 -0.471370518 0.506537139 1.11735511 1.22667217
    0.127294183 -0.0770251751 0.76375109 0.400757015 1.5033108
    0.108005226 -0.170083374 0.110447705 0.733984053 0.276346147
    -0.382574111 1.25216067 0.0596700907 0.51395458 1.00855184
    -0.515009761 1.48988295 -0.364569128 -0.467255026 -0.107174426
    -0.451778173 0.773248911 1.29418325 1.14953709 1.20754266
    0.047640264 1.11626768 0.916762412 1.4104476 1.41937876 0.701915979
    0.0335277319 -0.0183787942 0.750150919 -0.363404453 0.855344951
    1.17296338 -0.0248359442 1.16622639 -0.496658474 0.494607985
    0.788333952 0.6081236 1.07501245 0.325644851 -0.415200442
    -0.505068779 0.169858575 0.414750218 1.0069685 0.700488985
    -0.306844711 0.00689488649 0.768994331 1.09411502 0.967854679
    -0.181918949 1.3902086 1.34610987 0.76761359 0.361693531 0.899830699
    0.547928095 -0.108355612 0.99373126 1.26975226 -0.469507158
    1.32756686 0.704440057 0.936492026 -0.222079754 0.364538848
    0.845682383 1.48791957 0.573650777 1.02291405 -0.441033781
    1.30210376 0.935943544 0.478575289 0.898731053 0.313388705
    1.26870394 1.15022707 0.0617004633 0.119426012 -0.496463418
    0.315181017 1.5566473 -0.160479009 1.19777274 -0.10812673
    0.420291185 1.45008373 0.0148692131 -0.19241491 0.826977074
    0.77269268 0.692685723 -0.364887178 0.745190263 1.4901135
    0.0338722467 0.13326323 -0.544761479 1.18110561 -0.229309827
    0.370127499 1.54933548 -0.42297557 0.403401792 0.160600424
    0.826280653 0.93314743 0.753263295 0.830125749 -0.349517256
    0.649515986 0.928886473 0.0277872086 -0.0574611127 0.324920237
    0.833707571 -0.438942313 0.393417537 1.22121179 1.30521131
    -0.276126206 0.798507631 -0.180640578 0.693080902 1.00296795
    0.971088946 1.40879643 1.44161892 0.455329061 -0.0959124565 1.033463
    -0.255656719 0.13705349 0.698268235 1.35007453 0.190931916
    0.779381752 1.42649519 -0.513217628 -0.456719249 0.423363924
    -0.229940414 -0.131590545 1.54913211 0.337352395 -0.514307261
    1.47115207 0.189575851 0.956731975 -0.0540674925 0.432296038
    1.32168496 0.69086051 -0.40395245 0.122184724 1.03174818 0.134737581
    0.00920188427 0.515958846 1.12111139 -0.176149964 1.44588876
    -0.198497683 1.2234031 0.444703579 0.0797364116 0.503654897
    -0.0698203146 0.759445548 0.977108598 0.0477241278 0.877253175
    0.604762018 0.0643771887 0.11570394 1.18602383 -0.423374742
    0.0905142426 0.770170927 1.31832552 0.745294988 0.0624411106
    1.02705765 -0.33489874 -0.0397401154 -0.439235926 -0.291414917
    0.85712111 1.18857443 1.22565269 -0.161401451 -0.356791615
    0.444357395 -0.205719352 -0.204274416 0.22458142 0.787169218
    0.901159883 -0.421898097 -0.112313449 0.797287822 0.662993848
    0.430707455 1.17437553 0.714099526 0.177713692 0.177379131
    -0.377001941 1.49306047 0.713220954 -0.487660736 1.12480223
    -0.110168517 0.627345443 -0.285909951 0.520536184 -0.308709443
    1.47533464 -0.203540832 -0.509147525 -0.299379289 0.644771636
    0.703581691 1.04310179 0.268137932 0.700811982 0.0937560797
    0.27824986 1.36568713 1.50999784 -0.432294101 1.2779572 1.17170763
    0.234326422 0.574443638 0.966472685 -0.283054948 -0.0237678885
    0.39454031 0.669971466 -0.0129238963 1.37618101 0.057775259
    -0.172519207 0.909416378 1.40661931 0.384920835 -0.143203944
    -0.00251835585 -0.528835177 1.23903823 -0.140171677 -0.395256102
    0.822723389 0.849979877 0.791323125 0.980255246 0.373950779
    -0.299862713 0.163536191 0.411048532 0.622042358 0.103017211
    -0.478388309 -0.483655661 1.0113554 1.49484253 0.414340615
    -0.337061584 -0.364347667 0.786836386 0.663741052 -0.419065446
    0.523686409 0.382334828 1.15252161 -0.422604203 -0.383600414
    -0.531575859 1.43137145 -0.492512375 -0.20001781 1.31010568
    0.00121319294 0.86437571 -0.484125078 1.45672369 -0.228645355
    -0.528967857 1.16100955 -0.396932125 1.14484274 0.906942487
    1.04363203 1.4353261 0.454603493 1.14969563 -0.504288077 0.946817219
    0.901951015 0.903509259 0.601526856 -0.442383945 1.41286504
    0.0501262546 0.561637461 0.944001436 1.11656392 1.03264391
    0.359199047 0.557644725 0.384295017 -0.331904531 -0.262631953
    0.349372178 0.769250929 1.29070425 1.5602324 1.13528419 1.19965291
    1.48801541 1.47845638 0.905418873 0.897361279 -0.494664133
    -0.374569237 1.45301259 -0.241415054 0.629755437 0.304157913
    0.916471601 0.674064517 0.0718944073 0.304390848 -0.395354629
    -0.0292040408 0.194286644 0.0390550196 0.876877189 0.93146944
    0.0283638835 -0.370182395 0.913913131 -0.212299466 0.489421546
    0.384659231 -0.259316802 0.252265573 1.47637081 0.424850583
    0.371308208 -0.247421712 1.39633179 0.669588208 0.380897403
    -0.205242604 0.417803526 1.01975799 -0.362610638 1.07556558
    -0.488856465 0.0118592381 1.03880692 1.17640471 1.20342028
    -0.203003287 1.36702085 -0.20978564 0.247707188 0.988137007
    0.100076914 0.93217653 0.643154383 0.0954170227 1.12415159
    -0.297142804 1.47382522 1.21845758 0.0541906953 0.52696681
    0.558664441 1.13493514 1.39389944 -0.538163126 -0.197056949
    0.131196558 -0.0148203373 1.41601181 -0.398161441 0.438573062
    0.336647987 -0.343219519 1.13238883 -0.334950954 0.903954864
    0.278383672 -0.14204669 0.237429678 1.09716892 1.31228626
    -0.213317066 -0.254220992 -0.195700854 1.52289081 -0.246750683
    1.34404445 0.0128188133 1.29640341 0.166598439 1.02722383
    0.072375536 0.441147625 0.185572386 1.52323437 1.0382005
    -0.0684459209 0.863811255 0.0796375871 1.27660251 1.20346653
    0.988049984 0.292689502 1.41218328 -0.152450293 0.914517999
    0.372346818 0.120223284 0.864208043 0.370803595 -0.0264825225
    -0.457250953 -0.0972837806 0.488716006 0.673519313 0.624810159
    1.34904468 0.613580227 0.921003699 1.169523 -0.1059286 1.30827045
    -0.230358273 0.11248821 -0.108000487 1.01182437 0.399499089
    -0.441301793 -0.441629827 1.37452936 0.599341393 -0.18825528
    0.579137444 0.660361409 -0.281967402 -0.231949806 1.02787209
    0.720411181 1.13761508 1.41600037 -0.106149942 1.07448208 1.20747137
    0.344175041 0.300923645 0.874931991 -0.205060154 1.31404567
    0.478619993 1.10673654 -0.319803774 -0.00512731075 1.13404489
    1.26489043 1.44565403 1.4116689 0.755267322 -0.378682137 0.368818521
    0.974776089 0.246186733 0.45352453 1.45489383 1.06469417 1.08970678
    0.828987777 1.33351946 0.814537644 0.274869978 1.03268313
    0.562344491 0.191902936 0.186481833 0.888071299 1.15807939
    -0.525112152 0.882872462 0.930276692 0.416022241 0.324819565
    1.19332433 0.368906498 0.79934293 -0.0584757924 -0.204788536
    1.16995096 0.562826455 1.32132971 0.905766606 1.38976502 1.43759263
    0.633921444 -0.545171559 0.418871045 1.36056495 0.370580733
    0.181006253 1.49579 0.322670996 1.12939465 1.09399617 1.18524885
    -0.172591835 0.675097406 -0.343573332 1.05881333 0.920291841
    0.154190183 0.593120992 0.729725063 1.17393541 0.866919637
    1.30569553 -0.261040986 1.14494324 1.15972877 0.761303067
    -0.316433698 0.144839823 1.11192441 0.662004709 0.870630145
    -0.300120264 1.38395798 1.42057788 1.4163363 -0.010866642
    -0.195077121 0.918911457 0.931906104 0.711013138 0.0251994729
    0.143485785 0.990396917 -0.437741846 0.7725811 0.372863412
    0.746640146 1.20892262 0.320600927 -0.425494373 1.3064177 1.12226593
    0.324035168 0.578224003 -0.321883917 -0.159404993 -0.456779271
    0.312011689 -0.280233651 0.794351578 0.932507575 0.494894028
    0.659377992 -0.209741414 0.701301694 0.960376501 0.357328176
    -0.500459611 1.4801476 0.378171563 0.359202623 0.302497983
    1.01828051 -0.436165422 1.3909657 1.11009789 -0.157583147
    -0.328191072 0.991961122 0.927904308 1.18694186 -0.0970478058
    0.0742172301 0.00875809789 -0.0713743269 -0.199273169 0.145563483
    0.488209963 -0.522824645 1.09591782 -0.334054857 0.904302716
    1.44460547 0.292123318 0.184983611 1.09166956 0.26474297
    -0.233245462 0.839140236 0.599049687 1.33315396 0.513473332
    -0.373648524 0.342148542 -0.317892432 0.118164957 0.88670516
    0.49274236 -0.294495493 1.22670746 0.507599354 -0.429277062
    0.778017521 1.46667969 -0.374735355 -0.16792351 0.22849077
    -0.483888328 0.637612402 1.18663454 0.691430867 -0.270118713
    0.620074272 0.366843641 -0.264223546 1.0687685 0.309401155
    0.506309867 0.0935892463 0.314542651 -0.374404609 1.04643977
    0.563378096 0.150140285 1.47228634 0.442175865 1.01053953
    0.453892589 0.0119015574 1.36318636 1.00136292 0.549681902
    0.838641226 1.07083726 0.669636369 -0.433550656 1.30995679
    0.886758029 1.40895545 -0.338472515 -0.47513026 0.131897986
    -0.303154707 0.549982071 1.4865706 1.33562469 -0.246339068
    0.702223718 0.684918582 1.13917184 0.18571195 0.292860359
    0.231961906 -0.471275687 0.0125091076 0.0196918249 0.741142809
    -0.162491053 0.284116685 -0.291873753 -0.154473066 0.872052133
    1.05987918 0.444293439 0.432159245 0.680806816 1.33640599 1.40800142
    0.541224122 -0.321474433 1.40727091 -0.274460733 0.830537081
    0.795097351 0.954312444 -0.0953652263 0.128614962 1.16305292
    0.76383245 0.0410190821 0.113051295 0.90494442 0.38410157 1.2381345
    1.4947257 -0.0743239522 -0.0452261865 0.359756708 -0.394141525
    -0.278409928 0.411392957 0.858869612 -0.312900245 1.26984084
    1.57155991 0.151354134 0.394103885 1.04893708 -0.377079159
    0.685821712 0.854750395 0.308523834 0.56465888 -0.222904652
    -0.330923021 0.120236218 -0.0380766392 -0.179602504 0.184311748
    1.30077207 1.19763422 -0.150725156 0.234392047 -0.425840735
    1.23149037 1.38078535 0.777315617 1.19053519 -0.278932959
    -0.230540037 0.19197917 -0.252361953 0.387599885 -0.420374215
    0.888073802 -0.0854788125 -0.362088203 0.855104566 1.06144667
    1.351053 -0.196126223 1.35593212 0.458522975 0.819036007
    -0.560541034 -0.232716978 -0.0233432055 1.33984601 0.636781216
    0.410976648 1.09062982 1.43562341 1.49730206 0.263587594 0.061203897
    -0.423034281 0.485644758 0.463803768 1.05766606 1.12407231
    1.20780015 0.743510783 0.760785699 1.38487673 1.05670142
    -0.00130748749 1.48439264 -0.376316726 0.534371436 0.868537605
    -0.153802752 -0.416655034 0.921624541 0.879571378 -0.183950603
    0.00547248125 1.11005211 1.12792778 -0.146152705 -0.238090634
    0.939455748 -0.413270056 0.916976988 -0.224478215 0.605426311
    0.235127091 0.922384262 0.678533912 -0.560773253 -0.0255713463
    0.456585586 0.0269390941 1.19372427 -0.534223497 1.33592439
    1.33889115 1.39286387 1.12589896 0.601333857 -0.529728889
    0.0890643597 0.528270125 -0.19883132 0.751043022 1.33003318
    1.27475476 -0.445553422 -0.00662469864 0.285278857 1.10454202
    0.746221066 -0.167083383 -0.285485506 0.368800104 0.478038013
    -0.314647079 0.0258459747 0.0918305218 -0.127488792 0.435598135
    -0.0268667936 0.489094317 0.383773506 0.631396055 0.358341277
    0.243063688 1.05743682 0.0709021688 1.04082346 1.10845995
    0.507148564 1.47238946 0.781116664 -0.119399548 -0.455936879
    0.851593494 0.227941036 0.839695692 0.970407963 0.440739304
    0.159214944 1.43974698 0.9897964 -0.42820102 0.644764721 1.17073929
    0.322530091 0.503750801 1.37135077 -0.524229765 1.34654117
    1.17682636 0.362921119 0.728845894 -0.411071002 -0.2648938
    0.186845124 1.13186574 1.54722619 1.2773416 -0.117444575 0.346131384
    0.445859194 0.487447143 0.534743786 0.842074752 0.315102041
    0.329316437 -0.269728571 0.480752409 1.50940251 0.18398118 1.1388942
    0.229502916 0.267371476 -0.554978549 1.4183383 1.41059124
    0.986706436 -0.361580729 0.489782214 -0.447188497 1.03555739
    1.25346351 1.08487594 0.953522265 0.349248767 1.40626276 1.53104115
    0.0592343211 0.996171534 1.4455955 1.23545742 0.570903242
    0.532341182 1.14371026 -0.236254483 0.795113027 0.65536505
    0.306664705 0.263038874 1.49522161 0.988315701 -0.540032446
    0.895647526 -0.257741779 0.428833783 1.1957798 1.12846839
    -0.432012737 0.26326564 1.18737221 1.28165543 1.01859546
    -0.091768831 1.4375037 0.802763224 0.966457188 0.884865046
    0.164114714 0.208655715 -0.173071265 0.320266366 1.32247746
    -0.0112474263 0.0293399692 0.854063094 0.931621253 0.829042137
    1.02716041 -0.24496612 0.649469495 0.538289368 1.39728332 1.1360811
    -0.0265396237 1.4891088 -0.0610465407 1.38232803 0.706713855
    1.04852688 0.912118971 1.26183867 -0.0376836658 0.663158715
    1.11138129 0.620202601 0.509838879 0.575052619 -0.119467556
    -0.0345845222 1.33047521 0.938055873 0.798324943 1.31637633
    1.52093256 -0.399013937 0.241252661 0.544294 0.782193899
    -0.402823478 -0.452706486 0.830868661 1.05564761 1.05530798
    0.698527873 1.34732866 0.935159743 1.01433611 -0.486777186
    1.55291176 0.0637875199 0.480091989 0.692241669 0.9980793 1.43513441
    0.335532844 0.382104039 0.487400055 0.208775163 0.637612402
    -0.458002269 0.680346489 0.792802036 0.568196595 0.460414946
    0.791109681 0.15081948 0.359190822 0.444993615 0.66765362
    0.883017182 -0.237642109 1.3541342 0.942137778 0.200372458
    -0.543696284 1.08112979 -0.0970960557 0.307100713 0.215641022
    1.34102941 1.34911895 0.784552097 0.303811789 -0.119771898
    0.297388077 -0.544629276 0.405828178 -0.465656698 1.26506639
    1.4701066 1.27472687 -0.390995264 0.510686696 -0.0908126235
    1.05898666 0.346043944 1.0682894 1.43441606 -0.245128334
    -0.0842764378 -0.494254291 -0.0913492143 0.183606148 -0.346164584
    1.3826828 0.372562706 1.38469386 0.544223547 0.484521925 1.30076301
    1.08898008 0.676109076 0.264725447 0.539376795 0.827195942
    0.598504722 0.578514993 0.666312277 0.717646599 0.536711693
    0.934822559 1.06013584 -0.34864974 -0.0527323484 0.485826433
    0.170392334 -0.00661718845 1.04825461 0.362236977 0.490585983
    -0.265251338 0.0645729899 -0.121235818 -0.42017293 1.2428627
    1.09684873 0.265245914 1.43520629 1.27594411 1.39836836 -0.489588737
    -0.321656883 0.315314889 -0.150241405 1.29133439 0.873310685
    0.806201577 -0.223321885 1.54372776 0.309440225 -0.406236172
    0.365257978 -0.276614606 0.372752786 1.33867335 -0.193466455
    -0.00333297253 0.0296575427 1.02949286 0.396884799 -0.221554965
    0.410156369 -0.110575348 0.307237983 0.848140895 1.39263463
    0.648440778 1.37152708 0.227643609 0.224648118 1.20930791
    0.388193101 -0.35474658 -0.400539577 -0.469686627 0.513318062
    1.0777936 0.738505721 0.954989433 0.593619764 1.33592391
    0.0398780107 1.07562196 1.33856797 0.056740284 1.08312368 1.21331286
    1.02291775 -0.454628587 0.449274004 0.452892482 1.01782191
    1.33204699 0.0357750654 0.267868161 1.11235285 0.396334887
    0.46349442 0.550524116 0.631878197 0.741836727 0.105023086
    -0.427241743 0.0940618515 1.3978653 -0.147173822 0.643281758
    1.01967001 0.790024757 1.44927502 0.873984814 0.843773007
    0.0038895607 1.30290473 0.636558175 0.71908915 0.895200968
    0.991140962 -0.556918979 0.575648606 -0.293586314 -0.25248763
    -0.314837128 1.3139956 0.322710037 -0.439874381 -0.105709523
    0.749612749 1.0370059 0.365958929 1.42061818 -0.0555949211
    0.909139514 0.835018218 0.312539339 0.88448292 1.52062213
    0.671538532 0.19803375 0.653314054 0.29691726 1.1879189
    -0.0315849781 -0.496554047 1.16247308 -0.324842215 0.00640961528
    -0.172526211 1.22812438 0.231144458 0.346961886 -0.0889274478
    0.952299535 1.02761388 0.769695044 -0.161637902 1.25474119
    0.0801685452 0.376047432 0.0547553897 0.493855238 0.65010488
    1.27581596 -0.336283863 0.380143404 0.353319883 0.266852617
    0.396964431 1.09741676 1.04621458 -0.129228294 0.372234106
    1.38914466 1.38165843 0.892150462 0.802837968 1.27738786 1.17251968
    -0.33847636 1.03059769 -0.41861257 0.170302033 0.34128204
    0.701175809 1.0433805 1.10996068 0.0518384874 1.01444674
    -0.216039568 1.15468991 1.12880921 -0.405966997 -0.405040979
    0.429323196 -0.161410689 -0.334260046 0.221540332 0.383511662
    0.116846979 1.52075815 0.311563313 1.13071859 1.0142827 0.195140362
    -0.457517445 0.169202268 0.202162266 0.456239343 -0.0914570987
    -0.128590196 0.24964273 0.382715821 1.49699664 0.220265746
    0.502527237 0.199247003 -0.0314791799 1.47793937 1.16242492
    1.06915689 -0.375822127 -0.375707358 -0.0459696352 1.04010725
    -0.227307767 0.931720912 -0.308664173 0.893186688 0.370908022
    0.771678805 -0.0820339918 -0.255625278 1.05609131 0.917580724
    -0.2761693 0.139546812 1.28634214 0.537454128 0.923412919 0.71994853
    1.30083036 -0.349098384 0.505908072 0.584976792 0.423631191
    0.286804318 0.288255692 0.683286369 0.27397877 0.443389654
    -0.550522864 -0.321941495 0.0465208888 0.963708043 1.12419891
    -0.324945271 0.547285676 -0.324553549 -0.175554514 0.635572016
    1.12548339 0.563025236 0.401099026 -0.580844641 1.03680551
    0.895527959 -0.375010014 0.445202351 1.26355171 -0.4068304
    0.653275847 0.0921823978 0.839258432 1.33901823 -0.0382868648
    1.39822352 1.4666574 0.230497539 0.563539803 1.2892971 0.885905445
    1.18918407 0.101255238 -0.0241825581 -0.38691175 0.545814574
    1.34283996 0.424707115 0.338376999 1.43953383 0.839294255 1.35499048
    1.43673337 0.137103319 -0.457295477 1.15081167 1.49260688
    0.788830876 0.290520191 -0.0079549253 1.6059432 0.00631311536
    0.475022674 0.0817998648 1.53877759 -0.156312138 1.56900692
    0.631953716 -0.241430432 0.993964553 -0.095472753 -0.00876891613
    1.01325703 0.35757637 -0.100212902 0.347046196 1.01307261
    -0.0845749378 -0.48985818 -0.156393141 -0.246361375 -0.0301353335
    -0.397405535 -0.338038504 1.08553135 0.729488134 0.621835351
    1.11764693 1.21348155 0.608154297 -0.396799505 0.341050744
    0.0841282904 0.639215469 1.44018257 1.20358419 0.441827476
    1.13244843 1.40305889 0.899262607 0.157033741 -0.410359263 1.3472985
    -0.0943642259 0.2956146 0.310527623 0.957846105 1.43308496
    0.934430838 -0.463529199 0.68977952 0.971075892 0.10315156
    0.0227947235 0.595795751 -0.372369587 1.45231819 0.4525249
    0.294269204 -0.465129644 -0.0889486074 0.400092542 0.613793671
    1.29584765 0.714793384 0.818807304 0.303191721 1.49447238
    -0.197256744 0.389103591 -0.0472283959 -0.479720503 1.29705703
    0.760437727 0.725370288 1.20394468 0.636669636 0.142621279
    1.15427136 0.0289178491 0.883500338 0.319366574 0.14929831
    0.943343461 -0.405050099 0.93192786 0.601777554 1.18961096
    1.24833822 0.774685204 -0.153598964 0.294536889 0.214178145
    0.900653601 0.527859509 0.40619576 -0.210611552 0.908594429
    0.218184292 1.48934317 1.16033125 0.892447233 1.45895708
    0.00393912196 0.187352806 1.36355913 0.117242098 -0.17697224
    0.964867413 1.4467603 -0.295605272 0.43412295 0.459070057
    0.797526121 0.47260648 -0.170153767 -0.525165915 0.948739409
    1.30405068 0.838646233 0.0851551294 -0.457672179 0.662641048
    0.106149375 0.25685215 -0.198130846 1.35581195 0.814360678
    -0.167282045 1.3827858 1.2087059 0.726970196 -0.00633192062
    -0.218890548 1.00875998 -0.0300313234 1.07373381 -0.258449554
    1.29960072 -0.017547667 -0.347544968 -0.0377028584 1.52467155
    -0.0590278208 1.18802059 1.04985404 0.767023146 0.764525175
    -0.436104417 0.277498424 1.55477738 1.05275083 0.224749565
    -0.508349001 0.0633262396 0.291964769 -0.46112898 0.76467073
    0.699589252 1.18737209 0.921800733 1.36091292 0.0768768191
    0.549810588 0.996320486 1.31854272 1.24832535 1.51189625
    -0.336212665 -0.0683130026 1.17916489 0.125311911 1.44358182
    -0.217919588 0.781051278 1.32637572 1.4765383 0.247606337
    0.380613446 0.670204282 -0.0938413143 0.637814105 1.15447557
    1.13731217 0.757054925 1.52277541 -0.500397503 1.21808314
    -0.570841014 1.01268661 0.457253575 1.2187326 1.42483127 -0.28965044
    1.20656705 1.32223952 -0.0865139961 -0.562284887 0.71794951
    0.228357553 0.962300599 0.780117631 0.296051741 1.47143221
    1.48078489 0.525116086 -0.0271068811 -0.432117939 -0.106983006
    -0.332097054 1.27812278 0.646052599 1.33230126 1.25831008
    0.364189208 0.638163686 -0.45481509 0.663225293 0.891015828
    0.874820232 0.80240041 0.850773811 0.729950786 1.33454657 1.14098263
    0.123960614 -0.318724424 -0.276021183 -0.124287039 0.499883413
    0.865635216 1.15343261 1.30611062 0.153193653 -0.153972954
    0.83093816 0.707410157 0.0340176225 1.37910533 0.324253857
    0.680074871 0.721309066 -0.238461137 1.45506406 0.385805547
    0.657265067 1.20405483 0.0611524582 1.37816107 0.532308817
    0.287954748 0.0832028389 -0.452230036 -0.448356718 0.86410737
    0.580318689 0.749661326 0.439919978 0.734489799 0.287243694
    -0.131426066 -0.225319922 -0.162781388 1.49104941 1.03660798
    0.604372263 0.834860325 -0.467780292 0.973742664 0.234899104
    -0.0459171832 0.126657724 -0.0884168446 0.292244583 0.43691051
    1.51319492 -0.0467498004 -0.283831298 0.846287727 0.917049766
    -0.345177352 0.337985873 1.270455 0.432612866 0.405862004
    -0.11965993 0.544264317 -0.114071578 -0.265333891 1.50171065
    1.23220003 -0.208262682 1.07508564 -0.421121806 -0.47010392
    0.977030396 0.0912468433 1.03666306 -0.466107905 0.556996822
    0.0254224539 0.144640028 -0.276976198 0.0287104845 1.26741219
    1.34457016 0.043795228 0.127451539 -0.472296417 0.580707729
    0.747279048 0.588788629 0.0564661026 0.552450776 0.449947
    0.098423183 0.407057464 1.45715797 0.618005455 0.188964009
    -0.552396178 1.40431952 1.27509546 0.721857131 1.08863521 0.87027806
    1.39742303 -0.121518791 -0.0213891864 0.649020433 1.06154656
    0.161691129 1.47308171 0.844269454 0.276286542 -0.527028441
    0.254427493 1.4671979 1.26139832 0.538760126 0.356155694 0.354658723
    0.666819096 0.248262763 1.25971055 1.04173923 0.0798272491
    -0.373333335 -0.187336117 0.184151471 1.42251921 1.17937279
    0.23603332 -0.267392486 0.0783491135 0.346906066 1.58917809 1.284621
    0.910566449 1.17997575 0.578076661 0.681280732 1.49494398
    0.245614797 1.10951221 0.254406512 0.154115021 0.754260778
    0.814177632 1.24501228 0.527215838 0.446741045 -0.356447995
    1.52460241 1.03061652 0.451904356 1.13610768 0.805210054 0.931540966
    -0.42605567 0.863733411 1.15064669 0.908226907 -0.418822616
    0.0354958177 -0.332983196 -0.00826990604 -0.438786268 1.27668285
    1.2205987 0.671680093 1.29603875 -0.153300524 0.425252914
    0.0904843807 -0.106373578 0.702476144 -0.203436166 0.670622349
    1.42330527 -0.23178333 1.11220491 0.18244499 -0.468613267
    0.0290755033 0.497812152 1.4597249 1.52444708 1.44044161 0.418269157
    1.52976203 0.380078435 1.43575084 0.890803933 0.425091982
    0.0607498884 1.09363794 1.22253418 -0.182075173 1.11568797
    -0.0167423487 0.320828795 1.25030208 -0.485641629 0.315353632
    0.131997168 -0.306290388 -0.422239304 1.21533155 0.379615784
    0.314057291 0.899041772 0.6502105 0.784559906 0.765942931
    0.691934586 0.819521904 -0.22718671 -0.0418087244 1.2956543
    -0.370309889 1.513978 1.00350845 0.157559991 -0.399537921
    0.962656617 0.279663265 1.47346818 -0.0365639329 0.594092667
    1.24549282 0.0304298401 -0.091491878 1.37103844 0.0383447409
    0.705121219 -0.248231858 0.185002446 0.587370276 1.37985325
    -0.0951217711 1.23017645 0.629826069 0.534332275 1.48614979
    0.99307251 1.04921281 0.955239832 0.843248904 1.24700546 0.553828001
    -0.0847254097 1.29718769 -0.386157483 0.865775526 0.662866354
    0.435166121 0.399915636 -0.0422075987 -0.127191067 1.37401652
    0.68126905 0.861763954 1.13595045 0.184804022 0.93806082 1.33906364
    -0.0975894332 0.255697787 1.4102602 1.44893146 1.02921629 1.1278975
    -0.416891396 -0.431287944 0.515638232 1.19752955 0.173640251
    0.959438741 1.21742296 0.199611902 1.0507741 0.911636591
    -0.057351768 -0.419596732 -0.014220655 -0.451348901 -0.0348449945
    1.03987801 1.43103111 1.33063304 0.357560754 1.18760848 0.133320928
    0.0125597119 -0.413746953 0.117726028 -0.0960121453 1.47502232
    0.0943047404 1.00158453 1.41317677 0.382687747 0.676952362
    0.573619485 -0.473567307 -0.0490863621 0.073228389 0.989440918
    0.391552478 1.56902647 1.49778438 0.325904816 0.259324223 1.20650661
    0.0692703724 -0.380409062 0.14342922 0.31145975 -0.0649571717
    1.60421658 0.0393675566 -0.302782297 -0.0307357311 -0.523642182
    0.998034418 0.867845833 -0.291283727 0.373983264 -0.369580954
    -0.00188165903 1.14353728 0.936342537 0.55382812 -0.430008501
    0.988675594 0.0295659304 0.794300616 0.43198967 1.4201653
    0.825276732 0.599549651 -0.428654194 0.367977738 0.866385818
    0.212567806 0.0710466206 0.84332639 -0.022814244 1.51395679
    0.865647078 0.433402479 1.14246941 0.418459177 0.426566601
    1.05400133 0.466274083 1.07747364 -0.16013819 1.13975954 1.09288168
    0.551673651 0.220898688 -0.572756052 1.1098007 0.376871586
    1.07291484 -0.0204388499 -0.149112254 -0.468047559 0.992291331
    -0.433386385 1.14269352 0.22200942 0.885951281 0.34834069
    -0.268591315 1.17563808 -0.310819834 -0.373521507 0.766788006
    0.314979136 1.19487596 0.332143843 0.0534642935 0.273809373
    1.50201762 -0.280106544 1.35427964 0.677568436 -0.0991377234
    1.45108891 0.436211467 1.28794074 1.26330853 1.11170745 0.363847911
    0.832058668 1.45856977 1.24453759 -0.126045763 0.700166345
    -0.229663223 -0.0189635754 1.17034984 1.23581386 -0.187214911
    -0.496515155 0.632468641 1.09852171 0.68881464 0.792431355
    0.951315701 -0.475987583 0.694601238 0.344369769 1.0633086
    -0.361324668 -0.0435851216 0.166607201 0.537714481 1.30614758
    0.936900556 0.109627008 -0.432309389 -0.175039411 -0.356704473
    0.208110154 1.47195792 0.297402799 -0.208131731 -0.432542503
    0.785153747 1.04159534 0.355211198 0.49527967 -0.276676118
    0.307263553 0.937953115 0.488244116 0.341361523 1.25459337
    0.302248836 -0.2234568 0.0230402648 0.0195965171 -0.347757339
    0.580928385 0.219455957 0.956767261 -0.285219997 0.547213137
    1.20323801 -0.543811023 0.333052516 1.50659633 0.323164999
    0.591453016 0.921611667 0.111742735 -0.111357242 0.0763751864
    1.03194082 0.045933485 0.40908283 0.425812602 0.0235843062
    -0.0854326785 1.50098336 0.873508513 -0.404799163 -0.551689029
    0.385697544 -0.141078919 1.20389009 -0.167766422 -0.295960546
    0.812626302 0.873886883 1.08767831 0.0989550352 0.602154732
    0.776700556 -0.0562707782 0.62022841 0.798820734 -0.277027965
    0.383381128 0.0966617465 0.187258959 1.16966534 -0.292158604
    0.340879142 1.06214023 -0.51522404 0.337086678 0.0148732662
    1.39913344 0.734263062 0.745594025 0.116640151 1.00926483
    0.418204308 0.798138261 0.451779604 0.052159071 1.38448739
    0.501515269 0.148236632 1.26134539 0.0084182024 0.94418633
    -0.381232619 1.12142313 0.178886354 -0.576920629 0.168998003
    1.23996353 0.708522677 -0.527687728 1.39993358 1.30267406 1.27139592
    -0.00468492508 0.979128361 0.172977865 -0.11263743 0.880294442
    0.120902061 1.32010221 1.32614148 0.734383285 0.86119628 0.106231809
    -0.444313467 0.739515781 0.136121035 -0.046685636 1.5133611
    -0.0654650927 0.944710553 1.34536886 0.249352455 0.525523007
    -0.342079461 0.988607049 0.205750346 1.08812976 0.297777832
    0.00794482231 1.17714238 -0.352730483 0.333833754 0.434524894
    0.0787429214 1.40039039 1.09939981 1.16224051 0.502543807
    -0.338869303 1.01435041 0.512626231 -0.228964403 0.982263982
    0.530844688 0.109405249 1.02266347 0.516808093 0.452190429
    0.899920166 1.30238652 0.104081571 0.0976913571 0.996765375
    1.55333829 0.293498933 0.073628217 -0.503604174 0.581353426
    0.548167169 1.35330677 1.46411347 1.5403564 -0.0041975975 1.06123996
    0.59288156 -0.462715179 0.856450438 1.19741499 1.01826811
    0.370447278 0.951417446 1.438416 0.960574269 0.00885397196
    0.785574973 -0.0618277788 1.2930361 0.837338567 -0.49481082
    0.779211581 -0.187279701 0.733674169 0.734808445 0.844896674
    1.48614693 -0.257790923 0.254776597 -0.0826953351 0.0580365658
    0.495809674 -0.174914718 -0.297477812 0.662781656 0.78875196
    0.0441001654 -0.0627564788 -0.594392657 -0.0210089684 0.470546842
    0.23290801 0.563705981 -0.160896182 1.06409717 -0.175098181
    1.21045578 1.1208148 0.129558861 0.958334148 0.945501924 1.32974267
    0.0109385252 0.902954817 0.511458635 0.184826851 0.393503845
    0.72264123 -0.213760942 0.0627498031 -0.0580031276 0.0140191317
    -0.430575609 1.19358778 -0.478680044 1.18902969 0.620617509
    0.415369689 -0.391128063 1.00342679 0.769585848 0.12661761
    -0.104474127 1.41249478 1.09498096 1.41952562 0.947724283
    -0.355199635 1.04126787 0.549388707 0.950721323 0.868085563
    0.352278173 0.813532889 0.0418812037 0.912461042 0.454265237
    0.647332251 0.830202639 0.440582275 -0.425278842 0.172250926
    0.520407081 1.35111833 0.539096653 0.139671445 1.20057249
    -0.393706799 0.265818 0.796509624 0.367443681 -0.467629105
    0.383402109 -0.0555725098 -0.159764558 0.457453966 1.0002563
    0.111965537 -0.521020174 1.23732114 0.796576321 0.543651104
    1.14544988 0.59800142 0.336864293 1.1505506 1.41928267 -0.184925854
    0.933650196 0.922878385 -0.0806953609 -0.0966621339 0.666603327
    -0.364542246 -0.438311636 1.27462578 0.416845381 0.693749189
    0.240016341 0.862586975 1.10979986 0.279013991 1.10147786 1.388327
    1.11378694 0.659561515 0.307641149 0.770341754 1.55004406 1.44868362
    0.348891914 -0.290934026 0.0234128833 -0.0329816937 0.201246202
    0.541239262 0.13798666 -0.37137711 0.54177767 0.55101192 0.558423758
    1.06959391 1.02415252 0.648577094 0.918516695 1.48617435 -0.14134407
    -0.0252697468 -0.331744552 0.41381216 0.530341268 0.812090337
    1.31228995 1.20752025 0.435771048 0.838367462 0.897890449 0.80028075
    -0.364516526 0.581228375 0.599951863 0.711375773 -0.187426448
    1.33223271 1.49636519 1.19531667 0.0647355318 -0.398807675
    0.948439062 -0.292209178 0.697572291 -0.554403722 0.919279873
    0.268871188 1.25204384 0.44150877 0.682205141 0.942043781
    0.574590683 0.631141126 1.31540895 0.47546196 -0.136287183
    0.26284492 0.172872007 0.410613179 -0.46908313 1.26460409
    0.0684373975 0.14505595 -0.332191408 0.694571197 -0.00642549992
    0.830463886 0.792409658 0.408655941 -0.356587589 -0.161147267
    -0.50698185 0.685997784 0.272263229 -0.250093281 1.12736607
    0.867028177 0.723791063 1.1844157 0.391762972 0.0119032264
    0.765258372 1.14202976 -0.193149924 0.523525119 -0.00266027451
    0.0143344402 0.975806773 1.16437399 -0.0254073143 0.396354377
    -0.308200836 -0.0896067023 1.36417246 0.332235456 0.304399967
    0.282272041 0.114645302 0.277628362 0.298244596 1.49486828
    1.55790424 -0.0560559034 0.151072115 -0.3765257 0.722609043
    -0.401172936 0.482952327 0.446191847 0.185934514 0.707671165
    0.561638296 0.543684065 -0.286554396 0.171045065 1.26500237
    -0.140331894 -0.559653044 1.15601921 0.0995300412 -0.220773935
    0.768337369 -0.206207871 -0.428709298 1.18068087 1.14588916
    0.409844518 -0.0963502526 -0.520279288 1.5061872 -0.160053879
    1.01459837 -0.398238868 0.485678196 -0.508048534 0.915455461
    0.34519881 0.504263163 0.468769193 -0.126132578 1.35943818
    0.0588806868 0.920936704 -0.158785492 0.0160508156 0.776920617
    1.38721418 0.859046519 0.234258771 1.02329922 1.24651313
    -0.332174718 -0.234720558 1.13819075 0.182227969 0.496002316
    -0.456687212 0.83414495 0.548693001 1.14305842 -0.381753445
    0.681010425 1.26429784 0.461416781 0.921063781 0.58700794
    -0.0321244597 0.85865432 0.000379025936 1.4258846 0.11515826
    0.128557444 1.04463589 0.786803782 0.476230621 -0.560827553
    0.742192984 1.1866225 1.24922037 0.885339439 -0.404736727
    0.035540998 1.24269783 0.0885261297 1.53539097 1.25607288 1.20367324
    1.49738157 0.825858116 -0.036721915 0.406529814 -0.19404614
    0.0241214335 -0.100227058 0.44110924 1.20410538 -0.489809126
    0.399394155 1.26628232 -0.311246097 -0.436407447 1.16793847
    0.302712381 -0.386045396 0.418100476 0.394569457 1.09889722
    0.671522319 0.815506816 0.633038878 0.315406501 0.886013448
    -0.464051157 0.884114921 -0.163848817 0.411252737 0.791941404
    0.215520144 1.31795764 -0.365239799 1.48577392 0.225131929
    1.15346766 1.41442156 0.757465601 0.515361309 1.12314749 0.830894113
    -0.166814715 -0.237104207 0.175327182 -0.0169816613 -0.40633449
    0.380520582 -0.0821836591 1.06291056 0.601196766 0.751514137
    0.759249389 0.450578153 0.254284322 -0.496487707 0.00960248709
    0.505833626 -0.242668539 -0.272082359 0.794332147 0.114540219
    -0.328839183 0.264704704 0.667318463 0.668520331 1.15650415
    0.867438972 -0.254744649 0.546496809 0.0244061947 0.79028511
    1.45565295 -0.425023377 0.967594624 0.0885075927 1.03630483
    0.718279123 0.328268528 1.41456521 1.50082695 -0.41667369 1.41071284
    -0.230386049 -0.556948721 1.10571253 -0.406469345 1.33691847
    1.22174573 0.762893021 0.84283483 -0.57950145 1.05286384 1.49856329
    0.0437833071 1.48496819 0.732598484 -0.492269546 1.07622063
    0.697324634 1.0726862 0.463587105 0.247372985 1.23183537 0.677421629
    -0.378905296 -0.254326403 1.28965569 0.986912012 -0.136261374
    1.19890416 0.958548844 0.0737063885 0.0543662906 0.614088476
    0.468041897 1.30044174 0.0959342122 0.615653455 -0.124372363
    1.48345983 0.461377621 1.02208424 1.43942022 0.311113179 0.189721406
    0.920177877 -0.152543157 1.26813316 1.23652792 0.830654204
    -0.394934475 1.20068157 0.342976391 0.80515945 -0.467100978
    0.0862597227 0.180919588 1.13130474 0.94087404 1.33588994
    0.610235512 1.08161259 -0.28764677 1.32700753 -0.395990729
    0.0880175233 1.10356832 0.32420224 -0.364283174 0.378293812
    0.374319077 1.12626266 0.640358925 0.788634658 0.35527426
    -0.0594116747 0.491273284 1.13638127 1.48026657 -0.44814375
    0.753099918 0.512838066 0.48319459 0.334760904 1.24401641 1.22510517
    0.515262425 0.282852829 -0.283698499 0.567591667 -0.412796378
    1.2959727 -0.184043586 1.02682698 0.946664751 0.707946897
    0.222117811 0.0945310593 1.03022337 -0.53572911 1.34573054
    -0.139943689 0.24260205 1.31286299 1.09579229 0.082565248
    0.353684664 1.33499551 0.176597178 1.54626155 1.22204757
    -0.481718779 0.965203404 0.76911974 -0.288029552 0.0115205944
    0.821557224 0.495309711 -0.220515013 0.936585009 -0.144319326
    0.353287756 0.841995478 1.36627948 0.479001045 0.759766817
    1.19012988 1.13966644 0.754813612 1.23171306 -0.389490664
    -0.302950531 0.785311878 -0.17818293 -0.308143437 -0.141483366
    -0.393627912 0.621922195 -0.203981489 0.268116534 1.15406322
    1.43595612 -0.0891891122 0.919457376 1.33880258 -0.0971619487
    1.30604386 -0.523566902 -0.193439215 1.46147418 0.867565632
    -0.121426404 1.48977876 1.15660536 -0.18410027 0.171645761
    0.550207257 0.40016073 0.00478309393 -0.312306404 1.2950995
    1.01636207 0.0211005211 -0.0236421227 1.13077092 1.25603807
    0.668792903 1.27376914 -0.124424875 0.0294846296 0.744029462
    -0.0050458312 0.268181086 0.98058629 0.472204745 1.31361175
    0.670559168 -0.467836559 0.243308246 -0.130371302 0.725636601
    -0.0726561993 0.222810566 1.55382681 1.37473547 0.319021463
    0.173152924 -0.108906478 0.44248265 -0.423766404 0.580681801
    1.06959927 0.790864825 0.189587116 1.48915088 0.362300396
    0.980237544 0.60039717 0.420645177 1.20114207 1.3008585 1.191082
    0.560377359 0.48389101 0.585144103 1.26681185 -0.209026396
    0.378062665 1.40551329 1.32889366 0.644389272 -0.126864374
    1.48373675 -0.402544916 1.31695795 0.427568138 1.46027184
    0.945816934 1.00275111 1.18328905 -0.39882943 0.665379465
    0.705335319 -0.152053088 1.10117137 0.490538418 0.00638431311
    1.54180419 0.221522987 0.0749655962 1.02716184 0.0586581826
    -0.231507838 1.55310893 0.378843606 -0.146913707 1.46123314
    0.0611022115 0.65302515 0.552696168 0.424891472 -0.232720077
    -0.309961319 -0.254457414 -0.235636771 -0.149642974 -0.356225938
    0.762815535 1.44672108 0.188282311 -0.322816849 -0.452180326
    1.06641996 0.546438396 0.451216161 1.5309906 0.5143345 1.35659063
    0.318895638 0.774831891 -0.12247768 -0.322984993 -0.0137624741
    -0.143973798 -0.0658899546 1.36430621 0.842062891 0.605782449
    -0.213398725 1.03115797 -0.162036479 1.44437718 0.673673034
    0.527200043 0.307998836 1.28822136 -0.234861135 1.15226293
    -0.514502645 0.21348089 0.808628261 0.716600239 1.34776366
    -0.0988820195 0.920444369 1.05024552 -0.247443557 0.210473537
    1.25461066 0.0658344626 0.26288873 0.658831477 0.222087622
    0.755357742 -0.311811149 0.0760706663 0.447309256 0.0954387784
    1.03629375 0.0439634919 1.47674906 -0.331128478 0.797678709
    1.36318791 1.21105289 0.203882575 0.217110097 -0.173057377
    0.241449296 -0.184900761 0.262954116 -0.358293444 0.207042575
    0.512509644 0.964765608 0.104760647 1.20528913 -0.06396088
    0.44905138 1.41339135 -0.29869771 0.275240958 0.0188781023
    0.122205079 0.596412838 -0.522906303 -0.0801819265 0.0933885574
    -0.417573333 0.476960897 1.39425194 0.926703036 1.28224981
    1.18201089 0.220741034 1.12604582 -0.466822922 0.318912983
    0.990691423 -0.36701709 0.47266829 0.0597637892 1.47508681
    0.504082084 0.17391634 1.02414918 -0.506286681 0.236799151
    -0.0116271675 0.254551589 0.804419398 -0.351841271 -0.199452519
    -0.40159148 -0.169353068 -0.0361009836 1.08534741 -0.459271967
    0.67457372 1.53320646 0.244063675 0.204345167 -0.00195324421
    0.263615549 1.37340927 0.544166565 0.324080825 0.22600162 0.34352386
    1.01653171 0.643395782 -0.245518029 0.175505698 -0.185972661
    0.65860492 1.41866112 0.630905569 1.3431499 -0.568536341 1.30817556
    -0.274736136 -0.174792647 -0.43468228 1.46258676 1.49598801
    -0.257099718 0.398577988 0.702255309 0.550570965 0.420008004
    0.74964571 -0.0112836957 1.22726822 0.201741457 0.440890849
    0.735071123 -0.0739402771 1.36197448 1.16279984 -0.22763589
    0.697924614 0.458398759 0.49293071 1.35660434 1.18255329 1.34918499
    0.652134955 0.961115718 0.319555461 0.094927907 0.418469012
    0.618388474 0.866030335 -0.520687521 0.517327428 1.00552702
    0.623908162 1.34355474 -0.0321290493 1.01468134 -0.0494605899
    1.4364835 1.08160722 1.17206562 1.26448965 1.42051852 -0.0305202603
    -0.362089097 0.806197941 -0.202718347 1.51994765 0.528587043
    1.4761405 -0.248081714 1.38173079 0.902200699 1.75151086
    -0.126164541 1.19326687 0.071144104 0.419018 0.477176666
    -0.282402098 0.639350355 0.268323481 -0.295141578 0.920898736
    -0.526199758 -0.355587065 0.143087506 1.31336999 -0.498404771
    1.22789979 -0.293241084 0.191038907 0.216187 0.494904697 0.417789161
    1.05638325 0.853237033 -0.381008923 -0.450156152 0.439781547
    0.931235552 1.0259099 1.17003345 0.491405487 0.539305091
    -0.130365759 0.354702473 0.41023761 0.792848706 0.650559723
    1.36153817 1.50148416 1.06056571 -0.083491236 0.134133816
    0.571005762 1.39960909 -0.3045941 -0.0356916189 0.849454463
    0.182795405 -0.0895695388 0.304921329 -0.510601282 0.623458743
    1.31040168 1.58546412 0.282909155 0.98008132 -0.103283644 0.84419167
    0.314446867 -0.166996896 1.45894444 0.627837896 0.0592273474
    -0.113369972 -0.438729316 1.03031802 0.144570351 1.51112533
    0.226098329 0.0362572074 1.20420921 -0.448783159 1.40117908
    0.511908472 0.57188338 0.719251215 0.202757478 0.147520304
    0.134649932 -0.134851575 -0.286861688 1.31669271 -0.285299569
    0.0258235931 0.541594625 1.38815081 -0.226291418 0.361153722
    1.28777528 0.280472457 0.472488225 -0.0505841374 1.36240363
    -0.268315017 1.5076952 0.273295105 0.0652462244 0.27871114
    0.622907162 1.47665024 1.02210474 -0.423823774 -0.23538518
    -0.429917186 0.287234426 -0.551670492 1.15756655 -0.190628141
    1.25099921 1.04821968 -0.572263777 1.38621712 -0.460807443
    1.13570786 -0.34574312 1.24369526 -0.381310165 1.40927911
    0.332698166 0.144186974 1.42919421 0.430735946 0.439342976
    -0.238454908 -0.0278612375 1.4649142 0.464581132 1.07428527
    1.14585161 0.250576496 0.0270748138 1.50387263 0.403909683
    0.0585860014 1.48672998 0.980154514 -0.158374786 1.30865479
    -0.385255158 1.02144802 -0.102763444 1.50820017 -0.382876635
    0.380534172 1.31740022 0.273649335 0.055649519 1.04536808
    0.780113101 0.786844015 0.397135854 1.31442904 -0.474295706
    1.31682301 -0.53894037 0.978211939 -0.059918642 -0.445617914
    0.944569826 1.23467684 0.212717056 0.957380712 1.44304681
    -0.00502163172 -0.256092638 0.338511467 0.490944445 0.835382104
    0.502149582 0.850082695 -0.430448532 1.10946155 0.511258304
    0.945284188 1.60629117 0.715826154 1.02131319 0.213000357
    0.0999193788 1.24322176 -0.389197826 0.620618403 1.30318856
    -0.181628674 -0.0550964475 1.1329776 0.986903906 0.57341224
    -0.304141432 -0.0337973833 0.994033992 0.162540972 -0.000240266323
    -0.188205183 1.34836912 1.2436465 1.4988389 -0.0282998085
    0.968772948 1.25667429 0.916823566 -0.210749209 1.26975584
    0.477431715 0.966560185 0.458469927 -0.469264328 1.38810205
    -0.250777841 1.14595032 0.149307728 -0.214977205 -0.292150527
    0.378678143 0.261576593 1.18673825 1.12525272 1.00850081
    -0.0162323117 1.25649953 1.07946467 -0.111974329 1.13136292
    1.09448218 -0.532907665 0.76076448 1.16519535 0.1859653 1.27075458
    0.685502708 0.00775098801 0.231816947 0.437276185 0.274148822
    0.46107024 0.537319064 0.881169975 0.442737401 -0.0526813865
    -0.38166672 1.427912 -0.176283717 1.24484229 0.180055022 0.675712407
    0.0808202028 1.35549879 0.836619377 0.423309565 -0.526622891
    0.365380347 -0.451633334 0.802940845 -0.13682273 -0.136221975
    0.658284307 1.29188597 -0.120182574 0.389873594 0.95241487
    0.845672131 1.47027302 0.79392314 0.660262227 -0.102399111
    0.683287024 -0.0695620179 1.29096866 1.13220012 0.57088834
    1.11558723 0.0326026082 1.08630788 -0.313811749 1.23394966
    -0.0448905826 0.441296577 0.97825563 -0.218894005 0.991919339
    0.470838606 1.30109417 -0.560014725 0.132252038 -0.306295782
    -0.148049116 0.956664622 -0.512335002 1.4371047 0.775589347
    0.513222575 -0.0863690972 -0.223259389 0.828395188 0.211475015
    -0.403752387 0.734386802 -0.0988384187 0.438914776 0.667581916
    0.202046633 -0.0928291082 0.449145794 0.325945437 -0.0679779947
    1.20181203 0.867115319 0.195511103 1.39711809 0.596188426
    0.937438667 -0.396583825 -0.408685654 0.411264837 1.27353656
    -0.443850279 -0.142483473 -0.455277205 0.875880539 -0.330816209
    0.264206588 -0.0935459435 0.879703164 0.352739364 0.260547698
    0.197383046 1.29047084 0.776953876 1.12167144 1.21961641 1.44386339
    -0.519007027 1.19314229 0.0863082409 1.22105503 1.50566959
    0.733704865 0.348212898 1.44420159 1.1054759 0.0401597619 0.47139585
    0.457770944 0.506716311 0.747582793 0.646114707 -0.207820922
    -0.148318201 -0.272658914 0.65822953 1.33749056 0.302838743
    0.581412017 0.890225172 0.138819218 0.284934103 0.760613501
    0.163381398 0.621287584 0.169074297 1.41511691 -0.494455457
    0.143649518 0.167136431 0.88574183 0.68121624 0.301332951
    -0.554842353 0.459828854 0.3436746 0.609915018 0.65279901
    0.0134369135 -0.369705498 1.07030535 0.426460028 -0.14637211
    -0.1250588 1.49298859 1.39563537 0.833693922 -0.145065635 1.32065535
    0.537533402 1.00694847 0.278387547 1.3929534 1.52354383
    0.00269371271 1.06950414 0.301124036 -0.476767063 0.444385886
    0.0161804557 -0.334569335 1.46393931 0.119745672 0.176780641
    0.608605087 -0.111042917 0.610325515 -0.387809396 0.616997302
    1.27465975 1.5002563 1.4686774 0.0287601352 1.17665815 -0.491383225
    0.400607884 0.818545818 0.296567142 0.43304503 1.39360452 1.33930945
    0.458919823 0.918772519 0.963874698 1.30796146 0.830510676
    -0.171293497 0.346455723 1.26783919 1.05845213 0.485578328
    0.0240371525 0.606799126 -0.0854442418 -0.168926716 0.0356871486
    0.734784961 -0.00155508518 0.421586692 1.52957571 -0.0770495832
    1.22637677 1.14487696 -0.116124004 1.4882884 1.30814695 0.451958537
    1.55201888 -0.463203877 0.818519175 0.466017008 -0.407779753
    -0.333459854 -0.475705534 0.251978159 1.33217382 0.552664697
    1.28155708 0.853510082 0.869479418 -0.371061862 -0.549421132
    0.431346774 -0.186994642 -0.0172437429 -0.433341086 0.0189309716
    -0.303156555 0.0575762987 0.0684825182 1.01743126 1.55640221
    1.31020403 0.0243804455 0.342038751 0.253292382 1.01852202
    -0.306865692 1.02048326 0.997951448 1.02822232 0.554800034
    0.603248954 0.930897832 1.17124319 -0.329007089 -0.0370473266
    1.06670582 0.40351522 0.139710128 1.26140547 1.15202737 0.781616867
    -0.144074887 0.233377755 1.32275796 1.30935681 -0.114031643
    0.853234887 0.54012084 -0.0134578347 0.120773196 1.12228096
    0.189902723 -0.388672173 0.192317426 0.102183819 1.01506746
    0.35455513 -0.353234321 0.0270308256 0.677361131 0.594013274
    -0.411993235 1.24394488 0.200251937 1.09406471 -0.240723103
    0.573360562 1.68874466 0.602295399 0.596385121 0.1802136 1.40169418
    0.116191149 1.48606384 0.793902755 -0.499681354 -0.142931283
    0.882295251 0.938451052 -0.143437594 0.791027844 0.193353832
    0.181858659 1.00170088 1.04600215 1.14719296 0.253011823 0.282227814
    0.383514762 0.872745931 -0.0247021317 0.892350674 1.36630559
    0.141506493 1.0708096 0.974673033 1.4253751 1.10895681 0.608536839
    -0.456314534 -0.241668016 0.00578296185 0.220092475 0.99684459
    1.26332498 1.26568258 0.913777113 1.42934918 0.68629849 -0.513324559
    1.29845691 0.938996136 1.02460587 1.35363173 0.265807271 1.44186687
    -0.0719507635 -0.387302071 1.27847445 0.21292603 1.46743155
    0.651880205 -0.176442146 -0.0708007812 1.34357834 -0.0138085783
    0.717820644 0.457176358 0.733801067 0.1402632 0.704947233 1.29547751
    0.230731905 0.0203989744 0.432837784 1.47309995 1.37465835
    0.199910641 0.0853399634 0.260909796 -0.377720594 1.456424
    0.296517789 -0.0629167557 0.831800461 -0.159085989 1.12406111
    -0.18176198 1.39423549 0.901055396 0.646101892 0.941367388
    0.792730689 0.780807853 1.49752855 0.58289957 -0.249143839
    0.613630354 1.23481774 0.117289841 0.647530913 0.254302442
    0.326045334 0.0585116744 1.06665945 0.34605962 0.502444148
    1.15599442 -0.0465403199 0.764407873 -0.00777024031 0.329253316
    1.29972839 0.569713593 0.406724811 0.879563987 1.27500248
    -0.189973325 1.16232872 1.17012548 1.46002913 0.2816782 1.43020284
    0.715839863 0.354438722 1.00776958 0.320092797 -0.497199774
    0.0386321545 1.03196573 0.372863293 0.708221436 0.0785552859
    0.258397818 1.05921209 0.876701057 0.94406116 0.622275531 1.07482696
    1.03116035 1.32202649 0.905542672 0.582291901 -0.39845565
    0.427922726 1.51321077 -0.49067229 0.268912733 0.198435396
    0.617819667 0.486922354 0.889456332 0.961889803 0.121694505
    -0.358358681 -0.413773835 0.107819498 0.921862841 -0.337788045
    0.322162509 -0.516101897 0.94494468 -0.285099477 1.49843931
    1.33724463 0.739692569 0.0695748925 -0.149576485 1.49492335
    0.208224595 0.762834549 0.063370645 0.804141939 0.996668518
    0.294313014 -0.115846604 0.715291262 0.172403216 0.822132528
    0.27960676 0.498665631 -0.0256740451 1.24170899 1.31494546
    0.307582498 0.422771454 1.21774077 -0.156114519 0.820854902
    1.47997522 1.1425631 0.348137021 1.22242618 1.20087075 -0.390862703
    0.844285071 -0.132863164 -0.335995317 1.35264587 -0.510175884
    0.412126422 0.6381194 -0.237496316 1.21115828 -0.354442149
    1.10698485 0.257372737 0.153904855 0.603758216 0.575677752
    1.30520856 0.222250938 0.879909039 0.360019565 0.775555611
    0.906449676 -0.15998584 0.488597155 1.28440094 1.40742159
    0.283161283 1.27971411 1.10921645 0.636121392 0.850950718
    -0.0123588443 0.0453724861 1.26222432 0.22338295 0.901530862
    -0.373758584 0.170256972 1.41820168 0.442816913 1.30264175
    -0.519972563 -0.393875241 0.80892092 0.994818509 -0.429300994
    0.0745022297 0.64894563 -0.209899485 0.978222251 -0.294385374
    0.594173253 0.890370131 0.879288077 1.3234024 0.265397131 0.29556644
    0.919747889 -0.289809465 0.402567506 1.25260651 -0.492238224
    -0.0337863266 0.958944499 1.23209572 0.956125498 0.0597419143
    0.872891188 1.22187841 0.237826586 0.686257958 -0.422396272
    -0.0366627276 -0.0651293993 1.32161975 1.45737004 0.295283079
    1.28647852 0.518309891 1.3079102 1.5232389 -0.23187995 -0.445035577
    1.03224564 0.205127835 0.515195608 1.30110705 -0.512879431
    1.37839746 -0.375937432 0.487686992 1.4605372 -0.30883652
    0.0683009028 1.097399 0.00221312046 -0.353206396 0.793184161
    0.272355497 0.680962026 0.478365362 0.322922289 0.830296636
    1.24111688 -0.29162094 0.645941198 -0.141872525 0.849418402
    0.521561146 0.659401596 1.22633862 0.903110445 -0.279344112
    1.54026818 1.14692044 -0.345601112 0.385354877 -0.385713577
    0.976819873 0.482852459 1.50324893 0.530899286 -0.13029179
    1.44040585 0.233654439 0.354965687 0.657617807 0.998324633
    -0.214283317 -0.234496847 1.56188583 1.06192756 -0.109447628
    -0.258820415 0.462562412 0.0144220293 0.73730576 0.273400247
    0.186223388 -0.122091711 0.778971136 -0.303985119 0.280751169
    0.102836549 1.12387681 0.882009447 1.20114017 1.19190717
    -0.517193496 -0.0270272493 1.202582 -0.133225799 -0.516799152
    1.10543537 1.53639734 0.135073543 1.2675724 -0.226449579 0.167416036
    -0.401816964 0.745162189 1.08868217 0.0665814877 1.39701962
    0.302586317 0.464550853 0.25477308 0.162175596 1.44976687
    0.554835141 0.77660948 -0.0159527659 1.45445991 -0.176745385
    1.18070912 1.13398075 0.997756124 1.46633196 0.987853169 1.16625583
    0.799229622 0.78760463 -0.471051544 0.607720077 -0.0569874048
    0.687234461 1.00502682 1.14632499 -0.0715589523 -0.121428162
    0.907611966 1.16345179 -0.548232198 0.426579654 -0.258393914
    0.0444158912 -0.456734419 0.272572994 0.636728704 0.381882489
    0.751906931 -0.0680029392 0.526161849 -0.322835267 -0.414540499
    1.42531788 0.0881531835 -0.445531279 0.572811127 1.5150671 1.5377028
    -0.310998976 0.920270085 0.316576421 1.32210124 0.929981709
    0.887992799 0.0345069766 0.555560529 0.849300027 -0.390222251
    0.635188401 0.783388019 0.374017894 0.994206548 1.16269231
    -0.220136136 -0.266263634 1.43102133 -0.144093782 0.115268826
    0.421873212 0.402477205 0.692949414 -0.115819871 0.487770319
    1.27788234 0.364060849 0.710619926 0.732034504 -0.203041852
    0.645572484 1.25872207 -0.372303724 0.753661335 -0.0589312911
    0.400673151 0.819011271 1.17597604 1.46846008 0.265234709
    0.496406555 0.379810214 0.416846156 0.107623875 0.806456804
    1.38381612 0.0590968132 -0.115667045 0.135418952 1.28799272
    1.42018437 -0.263286859 0.752360225 0.488454998 -0.469700724
    0.871521473 1.0543294 1.14230704 0.916959822 -0.334023684 1.46198392
    0.921447217 1.53581667 -0.301145196 0.697335303 0.978078902
    -0.275343448 -0.0604562163 -0.0960908532 1.48594165 0.859043777
    0.725908995 0.884315193 -0.265548497 -0.422240198 -0.108220786
    -0.154244363 1.40579271 0.359026432 1.17062974 0.842673779
    0.00577974319 -0.240107894 -0.083470881 1.2590313 0.20163542
    1.06461573 -0.236636817 0.267221332 0.243282795 -0.0272713304
    0.569804847 0.223972142 0.858048558 1.39562821 1.40836573 1.45084214
    1.35804725 1.38572681 -0.431062222 -0.393322766 -0.224079877
    1.45419002 0.0676040649 0.488991499 0.895043015 1.03539002
    0.874971569 0.748690963 1.42652881 -0.0598357022 -0.356591105
    0.984478831 0.625168562 1.72459602 0.687748492 0.730267167
    -0.305352837 1.22584569 1.52465892 -0.454926133 0.626856983
    0.882868409 0.815301299 0.226936162 0.570471823 0.74937284
    1.19092762 1.2588439 1.35618353 0.897145092 0.633611441 0.0069745779
    0.881468296 1.39507651 -0.494428605 0.0652858019 0.962260544
    0.278493226 0.804448247 0.105629742 -0.168296188 0.394013047
    0.0661584139 -0.0962526798 0.581302524 0.441318929 -0.274262428
    -0.330318093 -0.178403974 -0.0801613331 0.594632089 1.21820962
    0.138714671 1.3372041 -0.472815454 0.415159404 -0.0448815227
    1.09035182 0.244052649 1.12342048 -0.523278177 0.546394646
    1.01029444 0.220477402 0.261008382 -0.409804821 0.784827352
    -0.138820022 1.48634255 1.42436874 1.20171952 0.145714104
    0.925778866 -0.382711351 -0.335672617 1.56224251 -0.230618179
    -0.505164623 0.425542951 0.985218525 1.12136674 -0.428827107
    -0.348067045 0.723540604 0.55489552 0.619590819 0.318074644
    0.84344393 1.33286726 0.488716066 1.32777572 0.897475541 1.10322082
    1.00411606 -0.565425217 1.33377409 -0.475074023 0.795167089
    -0.205772161 1.05031753 -0.057289362 1.53632212 0.0337742567
    1.02686596 -0.186168015 0.861931801 0.373193502 1.5170356 1.5146445
    0.650696218 -0.547402263 1.31380892 -0.162759691 0.700470686
    -0.0947706997 0.980397165 -0.451110482 0.041282177 0.636585712
    0.781682909 1.38238955 0.35337013 0.911824703 1.2929635 0.532824695
    0.00956338644 -0.414254904 0.713589549 1.51962066 0.128525853
    1.10514021 -0.281158745 0.137597382 0.515584826 1.37023878
    0.349128962 1.25074363 1.03677738 0.473407269 1.35240722 0.643168092
    0.419613242 0.658966064 0.462370157 0.52143538 1.07291067
    -0.292893052 -0.370117247 1.04429388 0.855985463 0.495322764
    1.21909261 -0.0429204106 1.08385611 0.324756861 0.598277688
    0.199727833 0.101430953 -0.309186876 0.253555775 -0.383841187
    0.919968963 1.38221788 0.502535105 1.52996731 0.17580235 0.192288458
    -0.170135081 0.268270314 0.489349842 0.367292941 0.393550634
    -0.378882647 1.0254395 -0.454554856 0.270364821 -0.332493663
    0.373182535 -0.472034991 -0.287772655 1.52208793 1.11140919
    -0.0679611862 0.390797794 0.794532776 1.00684166 -0.373420894
    1.35380769 0.607546508 -0.265543312 -0.545020282 0.35733968
    0.730802894 0.740530431 0.160198569 -0.0512196422 0.087053597
    0.76557821 0.470626712 0.228068888 0.0188350677 1.04157329
    -0.256284505 -0.243814915 0.0781366825 0.294027925 1.30864477
    0.581598997 0.883627355 0.150567591 1.27026939 0.289168119
    -0.485420406 0.955870152 0.106760979 1.05502486 -0.298302531
    0.171779513 -0.320332348 1.52016401 0.691789985 0.424497664
    0.865672708 0.294444621 1.46804118 0.387517869 -0.129422545
    0.664518416 1.22167993 0.0527584553 -0.0478256345 0.468368411
    0.0483621359 -0.39204967 0.283855736 -0.0297704935 1.30803251
    0.469481051 1.37829614 0.786727369 -0.168856144 0.420566142
    -0.547019184 1.19962347 0.682013869 0.796636939 0.769287169
    0.57142514 0.513379157 -0.443331957 0.337153137 0.10877943
    0.628635883 -0.0674540997 0.918358684 1.13114893 -0.514963806
    1.18626308 0.232522428 0.622502387 1.07673573 0.363886356 1.24144673
    0.439757764 0.70214057 -0.261271596 1.15359902 0.665044904
    0.838016033 0.999276638 1.64820242 1.08362246 1.28337562
    -0.127290308 0.97449398 -0.497452438 -0.0780098438 0.195323884
    0.422814965 -0.558504522 -0.374240607 0.0113012195 1.33684385
    -0.324484497 -0.252753735 -0.304662794 1.4687767 -0.526965022
    0.46559602 0.930401504 1.28289056 1.43086982 0.604249775
    -0.551079392 0.681428432 1.0555532 0.92498982 1.38514376 1.49690819
    1.12355101 0.952142239 -0.449980855 -0.182816833 0.612299323
    0.380766422 0.265147209 0.755872607 -0.279089361 0.272195458
    -0.0682838261 0.626957297 1.36566281 0.956218541 -0.457122445
    0.745933592 0.122849941 -0.492777824 0.938721657 0.216213107
    1.00371683 1.2309804 1.54394841 0.888436615 1.1940223 1.41844225
    0.319144666 1.15589046 1.46045446 -0.280818015 -0.0579283237
    0.558350146 0.0134100914 1.13578701 1.13254213 1.39734054
    0.662321925 1.31826246 0.649777234 0.0938607454 0.341253459
    0.914345503 1.45288885 0.0170570016 -0.525230944 -0.2111983
    0.62694782 0.326288581 0.33096689 -0.141832441 0.0413883924
    -0.406758577 -0.527775168 0.33116138 1.0143286 0.213751674
    -0.311733663 0.421308577 1.2199235 0.00495758653 1.23517144
    1.13516474 -0.213252246 0.295477152 -0.255854756 -0.213633478
    0.485546172 0.337167561 1.2846539 1.0121634 0.466016352 1.31745899
    1.05205035 -0.547686398 1.16158724 0.00341689587 0.824340522
    -0.0194073319 0.734932065 0.80741024 -0.441396892 0.948442459
    -0.346233487 1.45493472 1.06112909 1.33759916 -0.410595238
    0.821142673 0.459301531 0.534707189 -0.296830982 1.47276616
    1.28195214 0.258952141 -0.527905822 0.367840707 0.0121079087
    0.668640614 0.0974459052 0.779789805 0.0475764871 1.36303353
    0.306031168 -0.11407429 -0.294476449 1.30896044 0.386213064
    0.504319131 1.59723186 1.41558015 0.311901093 0.521550715
    -0.216781557 0.161901295 1.24322653 0.486111939 0.872831166
    0.809815347 -0.266616225 0.16403085 1.33353496 -0.187826097
    0.498625994 1.45191419 0.0699204206 -0.187095582 0.379815876
    1.01186502 0.14918679 1.15269184 0.422459483 0.469215035 0.379947066
    -0.124850929 0.356695175 -0.318507493 0.432145715 1.09484076
    0.282590777 1.30150008 1.38474417 -0.522308111 0.451756656
    0.119341254 1.46527028 0.0652479529 1.45965862 0.775524199
    0.759495199 -0.327670902 -0.441734016 0.0373029709 -0.0340915918
    0.265140235 -0.549535751 0.928086996 0.753673315 0.332321465
    1.35283971 1.33902931 -0.021538794 0.539455712 -0.369057685
    1.23159814 -0.405856073 1.44677985 1.44198251 -0.0944405198
    1.42003119 0.0574003458 1.40260994 0.442011654 1.52102327 1.05174184
    0.655647635 1.2145443 1.34245539 -0.340217531 0.881419659
    0.0188957453 0.693095684 -0.267844021 -0.130516857 0.963392794
    1.04170895 0.978307307 1.29226232 0.0709606409 0.0794078112
    0.695450783 0.261107266 0.880568326 0.141076207 0.442325354
    1.13599753 1.26943541 0.416256905 -0.259415656 1.0829699 1.54001236
    -0.492349923 1.30727839 1.23139429 -0.024051249 1.0288918
    0.965408146 1.40055931 1.4287709 0.0732722282 0.873321116
    0.0701786876 0.358095229 0.689119995 1.04182911 -0.323432922
    0.806267142 -0.385263681 -0.310866773 0.632529318 -0.352390587
    0.563664556 -0.498849094 -0.503000557 1.06957865 1.27424181
    1.26537168 -0.200794071 1.63738394 1.11725628 -0.476774216
    -0.489909202 1.42210364 -0.232918829 1.52559054 -0.395515949
    1.08149827 0.523388863 1.40863502 0.154108405 1.36408949 0.835739613
    1.11985815 0.613917947 0.319933414 0.521998942 1.19869208 1.49313676
    -0.378648758 0.0867543817 1.37815595 0.782543838 1.27103066
    -0.422315359 0.395350158 0.767748475 1.12954271 0.612425208
    -0.123398364 0.690170705 0.622714937 0.782524765 1.50631332
    0.0625742674 1.52590704 0.795984507 0.737894654 -0.154409409
    1.41112995 -0.318270802 -0.478907645 0.416046619 1.01218081
    1.21543479 -0.445181429 0.567772985 0.594314337 1.39415288
    0.439970255 0.365094125 -0.291849643 0.421983123 -0.0355947018
    -0.252517223 1.2770524 -0.514262319 0.683484375 0.932466388
    -0.230894029 0.130752206 -0.452414066 0.175468802 0.483715296
    0.461881042 -0.270026475 0.947262108 1.41235578 1.07153177
    0.846191406 0.905382514 0.0786324739 0.606888711 0.342491627
    -0.371231735 1.01445115 0.623565197 1.44534314 0.846444666
    -0.457331955 1.38519883 -0.157721311 1.58132148 0.517010331
    -0.135494173 0.106013834 1.1645987 1.15862989 0.395130128 1.24957669
    0.663853049 0.39857316 1.27886653 0.590401232 1.48798859 1.49084401
    0.0218984485 0.181531608 -0.131880224 1.1447475 0.0744930506
    -0.284721881 1.4620297 0.32469219 0.731525064 0.964229941
    0.736847401 0.782705128 -0.490006626 1.25582218 0.72343874 1.307024
    1.35741878 -0.511115313 0.571674943 0.333139539 0.057071805
    -0.251514554 -0.532222152 0.475268424 -0.207051069 -0.276806235
    1.25363123 1.27436149 0.455973923 0.53033936 -0.587509513
    0.672292888 1.22670555 -0.433713853 -0.512290597 0.154607177
    1.12793577 -0.168583989 1.00796366 0.779372275 -0.298366606
    1.32968521 -0.41137889 -0.41015622 0.867371559 0.434028804
    1.07496929 -0.283893615 0.22463727 1.20216548 1.1348989 -0.440512896
    0.547107339 1.08964479 0.235827565 0.624539256 -0.0753997564
    0.960031927 1.51998806 -0.000803291798 1.43323374 -0.230295449
    -0.383290887 0.38457498 1.29269671 -0.100409538 -0.461410373
    1.0328958 -0.13735646 0.846610665 1.4748534 -0.00920540094
    -0.389571726 0.0217015743 0.0342549682 0.660394788 -0.472230077
    0.984283388 1.52110207 -0.243988365 0.800725281 0.148097813
    0.636201978 -0.0222769976 -0.528718591 1.28033268 0.644302309
    0.187350571 0.938254416 0.602471292 -0.468818218 0.536777675
    0.670594037 0.597575784 -0.168952495 1.29779041 0.235422134
    1.40051436 -0.120184392 -0.198911369 0.522452712 0.427696764
    0.520112038 -0.518305421 0.263512611 0.629279852 0.983170986
    1.01580071 0.0506364107 0.0162923932 0.154371142 1.4737848
    -0.118294895 0.499334514 0.720750511 0.93982935 0.427250564
    -0.0803967714 0.516717613 1.05340886 -0.306871504 1.53060353
    0.0468848944 0.881240964 1.03105986 0.0427039266 1.28198862
    1.31369519 -0.0460060835 -0.0627653599 0.0729389787 1.54553902
    -0.0633852184 0.0922147632 1.14299703 -0.459774554 1.05702817
    0.249092937 0.890228927 0.0660168529 -0.528212011 0.149078131
    -0.532851994 0.229053617 0.723943114 1.02795386 0.945772886
    -0.561438084 1.13088727 1.36188912 1.27886558 0.108364463 1.28771496
    0.648747087 0.074950397 0.30943954 1.44915831 1.21388483
    0.0241283178 -0.349502832 1.60334325 0.575102985 0.476848662
    1.47614741 0.73465699 0.669861257 0.832337022 -0.39179343
    0.0490171909 0.672989905 1.4267869 0.92875737 -0.0270940065
    0.135114253 -0.375181377 0.983336329 -0.434277385 0.857963741
    1.13634431 0.950562119 -0.491121233 0.324136674 -0.388724893
    1.10108674 -0.185661912 0.397086322 1.39283085 0.81523627 1.15225542
    0.101691723 0.529404819 -0.462008536 0.96192044 -0.280226529
    0.277218312 1.40396774 -0.427739441 0.941129208 -0.29714942
    -0.406029731 0.0198992193 1.23785281 -0.0439892113 0.18675369
    0.527018189 1.45522761 0.948165178 0.479184389 0.772184372
    -0.285604537 0.5040645 -0.258763552 0.534525752 0.557843387
    0.472187161 0.0475949049 0.0517256856 0.985815525 1.33313131
    0.0462084413 0.765980482 1.23554158 0.716204405 -0.137382418
    1.35088038 0.269668758 -0.439425111 -0.231804937 1.11411798
    -0.256798893 -0.0728815794 0.548678398 0.10360986 -0.539963603
    1.02641523 -0.222762406 0.766453028 1.28801894 1.34119487
    -0.418183327 0.0594076514 0.134434879 1.04216039 -0.126263142
    -0.0507089198 -0.0916424096 -0.288114429 1.15153313 0.274276048
    -0.419225425 0.285045505 0.27259016 1.1160512 0.311537921
    0.0599722266 -0.354205787 0.24535352 -0.0243973732 0.518442154
    0.226223469 0.860640049 0.0799295902 1.38855076 1.08300245
    1.04424989 0.70265162 0.841522217 -0.214971781 0.993875206
    -0.0949664116 -0.570957661 -0.145742327 -0.392490447 -0.0875754654
    0.268689752 0.980790079 0.893735647 0.180208623 0.110194504
    1.13602018 0.624977946 1.47390175 1.04605341 -0.553632975 0.17478472
    1.27017069 -0.484508514 0.702720106 0.204573929 1.33971429
    -0.32785064 0.986789882 0.612839222 0.292234778 0.722031295
    -0.0349280834 -0.394427121 0.775693595 0.196728885 0.491643071
    0.680387735 1.08077407 1.26332521 0.03649652 -0.459918082
    -0.541054487 0.661037445 0.345141709 0.353033483 1.00586915
    -0.101201713 0.347856522 0.0736903548 1.01223958 1.38982844
    0.0168946385 -0.237742245 1.42343783 0.325842381 0.509983122
    -0.435336351 0.314811707 1.03108764 0.298704028 1.13417423
    0.80334568 0.00776362419 1.20479023 -0.203251779 0.871228755
    -0.176560193 0.915965319 1.12965703 1.21508241 0.948927522
    1.45458913 0.959896982 1.45103908 0.478111804 -0.114124775
    0.475465238 -0.319898784 1.29281735 1.28170586 0.4132002 0.846075773
    0.0230659246 0.273115158 0.941790164 0.360923648 0.747694254
    0.780878365 1.23602271 -0.053339541 -0.148073524 0.816814721
    0.983969927 1.20002711 -0.214332432 1.02155304 0.541585565
    0.0338611603 1.50904167 -0.219129741 0.905910254 -0.442095459
    0.773344278 0.668861747 0.691351891 1.00012326 1.46053004
    0.423162341 -0.037222445 1.03111053 0.763286889 0.087441504
    -0.0531991124 0.350348055 -0.477080822 -0.323136091 0.948591471
    1.39484131 0.162446499 0.535359383 0.790349483 0.963671505
    -0.544154406 -0.422880292 1.02562809 -0.45115599 0.193377554
    -0.207244843 0.649771392 1.24237227 0.884181082 1.08938694
    1.17519331 0.520959675 1.40923154 1.3218677 1.08284152 1.39832675
    0.165780127 0.571684122 0.29800719 -0.000870466232 1.34158373
    1.11509395 1.21354568 0.171360135 1.31240308 0.264701456 0.174706101
    0.523035407 1.39450347 0.380114943 0.819437742 0.596229076
    0.795551002 1.07605982 0.306998372 0.297407925 -0.147971749
    1.05271006 -0.0474667549 0.274275422 1.34782696 -0.101923883
    1.4433403 -0.470525384 0.189492762 -0.260695338 0.517008722
    -0.145984977 0.604601264 0.958221793 0.245551527 1.36510658
    0.418092072 1.03956938 1.20640492 1.18167758 0.159801602 0.212571979
    1.3317492 0.722605407 -0.0353896022 1.27337313 -0.280984759
    -0.0989630222 0.904004335 0.406432539 -0.353473634 -0.117440909
    0.727993369 1.03250265 1.44697213 0.697708845 0.272521079
    -0.325632155 -0.183466554 0.0154495239 0.00467002392 1.27756369
    0.794838548 -0.3976264 1.109393 0.900776803 0.960883915 -0.406871259
    0.0172139406 -0.495876789 0.467386186 0.633566678 0.595687389
    -0.349251837 0.940156519 1.25651824 1.48949087 1.40041411
    0.710512042 -0.455885977 1.37335062 1.4401269 0.20128274 0.228219688
    0.409646749 1.18819761 0.595611691 1.12546015 -0.341875255
    1.50450575 -0.48519367 0.46529609 1.40755844 1.02844524 0.68078202
    1.59366894 -0.424156964 -0.140376091 0.666791797 -0.247925967
    0.0221561491 -0.397179365 1.47894216 0.165124357 -0.490940452
    0.739131987 -0.476443917 1.00711155 0.620431662 0.565360188
    0.346715271 -0.376238942 -0.192825496 0.0380238891 0.483147562
    -0.157674462 0.560298145 1.54038 -0.247882456 0.818831682 1.5273782
    0.976722598 -0.423006088 0.503032088 0.932414234 1.43458533
    0.938520312 -0.309038252 -0.434801221 1.47616065 0.482750237
    0.96514976 0.225477338 -0.0026460886 0.658383906 1.15844131
    1.41411471 -0.338104278 -0.269018948 1.37989306 1.36037064 1.3031671
    -0.432239115 0.824506938 -0.229797333 0.0730759501 0.0218493938
    1.31017816 -0.175825685 -0.556979001 0.638813019 0.205426037
    1.14167142 0.256106853 -0.519819319 0.189731479 1.12309277
    -0.2434268 0.738845348 0.711888671 -0.339564323 0.788120329
    1.37018239 1.36335671 0.703932762 0.884037733 0.412286043
    0.146230459 -0.0320020318 0.894675314 1.41650546 1.42139506
    1.2287997 0.41846624 0.641055942 0.626165032 0.494906366 0.112395197
    0.819623947 -0.458984286 1.41436315 0.292285502 0.552214921
    -0.110972315 -0.0284467936 -0.420647711 0.520748496 0.174920201
    1.26491177 0.916978419 -0.271665066 1.4737612 -0.130027473
    0.707557917 0.655720115 -0.3292045 0.636723936 1.15350032
    0.935372055 -0.03066504 1.33139586 1.36837173 0.997834921
    -0.0894922018 -0.416788131 0.606201589 0.787584841 0.15949285
    -0.26386553 1.25747085 0.713151813 1.10670781 0.62976557 0.298020065
    1.1500566 0.228006423 -0.295143187 0.661767364 0.479156315
    0.694205999 1.22675419 1.02206874 1.07711482 0.380718827 0.273266554
    -0.316550463 -0.213960409 0.0984731913 0.224313676 0.228340507
    0.797740936 -0.350056291 -0.324930727 1.42609596 0.856742024
    1.22216058 0.937529624 0.0442100763 0.521690607 -0.164432466
    0.91945982 0.695542991 1.26231778 1.05323899 -0.0532368422
    1.22743845 0.312549293 0.473822057 1.24685073 0.618804336
    0.877613485 1.47947454 -0.373354912 0.24716419 1.45914066
    0.687699854 1.04542494 1.39287043 1.07571161 -0.350609452
    0.291085541 0.0239115953 1.4515934 -0.369720757 -0.400364757
    0.599468946 0.35581395 1.68908572 0.180808425 0.0391966105
    0.810654521 -0.214611679 0.182804465 -0.394453526 0.31268394
    0.238630295 1.55294979 1.25382566 -0.174486697 1.34107018
    -0.0585988164 0.473102152 0.239135802 1.44935024 0.735631168
    0.388510287 0.384277165 1.42369151 0.98829335 0.594073296
    -0.506457746 -0.273770392 0.225174963 1.3876375 1.2036438
    -0.118035197 -0.204370379 0.34564656 1.07179344 0.651054919
    0.492143154 0.116337657 0.671053708 -0.480174661 0.188769639
    1.04621124 0.774829805 0.11169827 0.329630435 0.495651305
    0.241226733 0.566919446 0.311227918 0.539936006 0.931356549
    1.37081027 -0.520180345 -0.453029215 0.053956151 0.0598413348
    0.396709919 1.47739875 0.640249491 -0.181151956 -0.159945905
    0.166483581 1.39746952 1.31933236 1.30338931 0.873926282 0.843847334
    -0.0458884239 -0.103926688 0.271627426 -0.0755063295 0.14370364
    0.834075928 0.89392525 0.0564996004 0.253394783 -0.477823317
    -0.53543216 0.411445141 1.13111472 0.361429513 0.91173178
    0.948148489 0.139495671 0.268432379 -0.0176418126 0.423214793
    -0.206700981 1.15173435 1.25140667 0.0992973149 0.963982403
    0.391328096 0.0483678579 -0.360129118 0.0787681937 0.112727761
    -0.263306767 1.17939162 -0.199377716 0.87799871 0.759881198
    1.36738896 1.29018092 1.01498353 -0.486740917 -0.426116824
    1.15378332 0.539404213 0.829399705 0.41288507 0.242239416
    -0.491471112 0.111503363 1.01479995 1.37720346 0.0232198238
    1.44052243 0.768432915 1.28537834 0.269291997 -0.454598278
    0.957622051 0.106373727 1.48141456 0.0484170914 0.83793515
    0.280807555 0.606132865 1.32535791 0.572404146 0.667800963
    0.376147628 1.28754735 0.894441128 0.571120441 0.641222835
    1.00905538 -0.379042864 1.53620672 1.53380072 -0.142529428 1.3997643
    1.23125339 0.788522542 -0.420558333 -0.496749312 -0.00859433413
    1.37396801 0.748225093 0.353862107 0.0573105812 1.11897349
    0.749736786 0.262078524 -0.100201368 1.17203951 1.16164732
    0.729722917 1.12314582 0.607282639 0.951288879 0.256032288
    0.45070529 0.955335021 1.46584558 0.52651757 1.57581615 0.395843625
    -0.0101112127 0.0133465528 1.01589251 -0.20305419 0.902785718
    0.748923659 0.57672888 0.766491294 1.27408063 -0.306205451
    -0.339486659 -0.0759680569 1.4473834 0.153528512 1.16662014
    0.123376131 1.1012404 -0.274262547 0.781949639 1.2179091 1.54375744
    -0.37364009 0.713313282 1.53330243 0.927301645 -0.445706606
    -0.510910511 0.0473861694 1.10426831 0.623993576 0.0258694291
    -0.439217925 1.29679823 -0.016404748 0.827846289 0.678177118
    1.18518949 -0.180576771 0.593271673 -0.171881109 1.34812474
    0.0651869774 0.390841424 0.678271115 1.1925652 0.910369754
    0.00561082363 0.405038595 0.0438768268 0.856836915 -0.162555158
    0.470139205 1.36381245 1.51294017 1.36062121 1.03328156 0.0940704346
    -0.418379009 0.800418437 -0.141947031 0.704503119 0.555232465
    0.230310917 0.547889352 -0.445469081 -0.562400222 1.25464356
    1.06500304 0.611024618 -0.193106174 -0.338681072 0.668349683
    1.28693581 0.380520999 0.555303335 0.941068709 -0.298534304
    0.54607147 0.236402929 -0.258752495 0.98305279 0.994626582
    0.481428623 0.79339087 0.0369394422 1.39264905 1.39593863
    -0.172849834 0.125965327 1.08484674 1.43748868 0.589365005
    1.51142192 0.781759024 0.260702044 1.43952811 0.921573877
    0.0366351604 0.63030076 1.30171299 -0.112639248 -0.44819212
    0.465817153 -0.0767096877 1.03639221 -0.294376582 1.46537495
    0.904075801 0.623591661 1.04543734 0.888443887 0.559074342
    0.819016457 0.388866365 0.840261042 -0.270388991 0.912810028
    0.307000637 0.569360971 0.353806674 1.45164025 1.23033321 1.49563479
    0.225673735 0.207765937 1.01907599 0.456609428 -0.000550270081
    0.735016704 -0.0772857666 -0.455504984 0.547001362 0.767889977
    1.44804156 0.445806563 0.0216294527 0.719860375 -0.182523578
    0.518351257 1.56571162 -0.274164557 1.17302966 1.36619771
    -0.181412637 1.29861617 0.236380249 1.19280434 1.54654598
    -0.357979029 1.24350584 1.11002326 1.28662705 -0.245837867
    1.23104906 0.806628168 0.199130297 1.01046944 0.744752407 1.35319197
    -0.25429213 0.702886283 -0.389341772 0.797696412 1.36097193
    1.40117109 -0.384145856 1.12641454 0.480640948 0.639886677
    0.534263492 -0.296743542 1.5154357 0.891374469 1.05167294
    -0.391399711 1.5541985 0.190970272 -0.0946527719 0.0154475868
    -0.122683436 -0.156828076 1.36936617 -0.333554953 0.181397021
    -0.167470932 0.275897682 0.646705329 0.407062829 0.330793858
    0.0810094476 0.0611786842 1.43616164 0.778620601 -0.385646284
    1.39509821 -0.475247592 -0.30214566 -0.422049761 0.679009736
    0.394279003 0.676719129 0.76674515 -0.20576638 1.34686494
    0.0231705904 0.782834113 1.48737359 1.23158514 1.26915419 1.32237959
    0.200595617 -0.473707676 0.955293179 0.147121727 0.541807771
    -0.416890025 1.37485969 -0.333254278 0.95239377 1.0959053
    0.427909911 1.39616096 1.26079273 1.01790059 -0.015753448
    0.977751195 1.15833747 1.16088414 0.106556654 -0.0890196562
    1.11267376 0.0995548368 1.53576648 0.327770054 0.398860395
    1.45077491 1.2476542 1.19398737 1.00048673 0.323652685 0.0610724092
    1.20973778 1.44019341 -0.254681528 0.434569955 -0.490829796
    0.383641541 0.182650328 0.00119525194 0.51793623 0.531373739
    0.463820815 0.201446474 -0.288294613 -0.301142365 -0.358732134
    0.134699464 0.981678367 0.226520598 0.113500297 0.771125317
    1.33126545 0.46504122 0.671729028 -0.403902948 1.41251898
    0.737677515 -0.46002534 1.45264626 0.290974319 0.12071228
    -0.233747065 1.04540753 0.563014627 -0.447168648 -0.0451390743
    -0.118262857 -0.389798582 0.730204165 -0.379986763 0.650621712
    1.16013563 0.504729092 -0.023237884 0.960471213 0.514083028
    1.19629216 0.366435468 1.32846785 0.0489337444 -0.312018603
    1.36847568 -0.226096541 -0.0884240866 0.694955468 -0.304652929
    -0.0774137378 -0.116990447 -0.0642832816 0.091155231 1.03513336
    0.267872989 -0.0186663866 0.929297626 0.754358709 0.16914773
    0.663172722 1.24851346 0.842469454 0.13409698 0.296742857
    -0.268815368 0.216610372 0.850362837 0.583741188 -0.51278168
    1.4975121 1.39203548 0.0406188369 0.800927341 0.297566593 1.38745153
    -0.501689017 0.775219142 0.602862537 -0.059697926 1.03405392
    1.06249082 0.952248394 -0.0438213944 0.579065502 0.145675778
    1.42171657 0.167277634 0.168106318 0.22153008 -0.265440345
    0.961406827 0.934070051 1.42365015 1.42594981 -0.425641418
    0.194612265 1.37772942 1.48894906 0.330958366 1.14602077 0.821023822
    1.33202624 0.429405153 0.424908102 0.0280851126 0.699768007
    0.0406587422 -0.258083403 0.164201349 0.456366599 1.03489876
    0.951758862 0.743415236 -0.0366635025 1.33415627 0.985652566
    0.548422396 -0.144775599 1.11518979 0.351346791 0.345898688
    -0.145824492 1.02894044 0.708162844 -0.00160688162 -0.424465179
    -0.514098763 1.02084732 -0.548522234 0.362396002 1.01825857
    0.608148634 -0.255094677 1.25184739 0.103569806 -0.335404992
    0.355080485 0.8452667 -0.414072931 0.617169082 1.41489005
    -0.420962781 0.188798338 -0.260177046 0.388510108 1.05549347
    0.871070385 -0.296367139 1.43238389 1.11879337 0.571602583
    -0.440820634 0.0417422056 0.319546998 1.1594032 -0.202245653
    0.00296759605 -0.201996595 0.76289475 1.55445039 -0.205793262
    0.823484778 0.788491368 1.44885933 0.388085365 0.864062488
    0.592576861 1.23278332 0.33836925 -0.233283103 1.30112767
    0.532619298 0.884224772 0.850818992 1.16445851 1.0693326 0.47589165
    -0.13092795 0.604748309 0.327557325 0.232831836 0.502816856
    0.805602551 0.32672447 -0.443198413 -0.34691456 -0.337420583
    -0.459676951 1.13842523 1.44371307 0.0686457157 0.391575515
    0.511200428 0.123137355 0.415185332 -0.102897704 1.12638068
    1.13050222 0.483779609 0.891135216 1.27136767 -0.48921454
    -0.331261218 1.17602646 0.121488482 0.240687639 0.544863522
    1.39153409 -0.0686953068 1.09707284 1.14336443 1.12866187
    -0.34272176 1.30572581 -0.260440111 -0.0540599227 0.754688978
    -0.0201053619 -0.0833523273 0.786582112 0.869800866 0.955835581
    0.353257358 0.847196698 0.840928197 1.46221614 1.34277296
    -0.116724908 1.0634675 0.436074615 0.485758305 1.33175159
    -0.0124148726 -0.0376862884 0.442555249 0.218376994 0.790351033
    0.954129755 1.07300532 0.128876984 -0.157055795 1.17276359
    0.94401741 0.893310845 0.61140579 -0.418668747 -0.290789366
    -0.370749295 1.04778075 0.807163119 -0.473790348 0.540518999
    1.40350556 1.071064 0.323624969 -0.489211619 1.00831032 0.0778636336
    1.42483377 0.6211707 1.0607065 -0.123966604 1.263129 -0.032610327
    -0.27426219 -0.153655231 0.00196498632 0.757529557 1.51680315
    0.967830777 0.751443505 0.726208508 0.170940459 0.725206017
    -0.510044873 0.351000905 0.262327671 0.407847404 1.31163645
    0.175965548 0.623468041 0.154981017 0.549417615 0.992034018
    0.747443557 0.250054181 -0.440707326 1.33896291 0.877720177
    0.344135404 0.386285901 1.37575829 0.169899404 1.16731286 1.41169286
    0.777627409 0.609056652 0.45028317 1.33961606 0.627412438
    -0.159805745 0.657181919 0.791944385 1.0953542 0.303501964
    1.19206476 0.684828579 -0.309632778 -0.373510897 0.415404797
    1.1194706 -0.408432424 -0.231499225 0.7234146 1.29322696 1.17214727
    0.963816762 1.09329617 1.06895292 0.729648054 0.769719839 0.10600096
    1.09073186 0.843946099 0.292452097 -0.295248657 0.560977161
    1.50330782 -0.0567097664 -0.0192127228 0.62465179 0.624939382
    1.4799614 1.16305876 0.468520761 -0.454012871 -0.270026684
    1.14965534 -0.341636181 -0.163041413 0.123170733 -0.169486523
    0.172972918 0.329687953 1.34759593 0.266806126 0.0897656679
    1.17586851 0.348988056 -0.525639534 0.0894114375 0.227101982
    0.0228082538 0.24522981 1.39451623 0.667033911 0.985529661
    0.0745426714 1.39498305 0.378503412 0.43880403 0.545341015
    1.45122826 -0.0503422022 1.55418754 0.832422733 1.05203223
    0.508405209 0.719224393 1.41236711 0.32297343 1.35711074 1.51495123
    -0.502960563 0.73957026 -0.410267919 -0.428682089 1.00307393
    1.093297 1.12235856 0.252954662 1.11713398 0.808662713 -0.543392837
    -0.389088213 -0.169899613 0.655133247 0.706621528 0.763875961
    -0.565047562 1.12685573 1.26996207 1.11116314 0.873535216
    -0.525360227 0.129916728 0.514961123 0.199417591 0.594376326
    0.451028049 0.628584683 -0.43024683 0.232470036 0.883415818
    -0.0272088051 1.10726023 0.3045699 -0.321419835 1.48021293
    1.03311682 1.36793327 0.516537786 0.528433263 -0.30712986
    -0.00924912095 0.166839957 -0.463893265 0.30598855 -0.253649682
    0.419832587 0.307282627 1.13353682 1.21607065 -0.160731286
    0.906158507 -0.120680362 1.27390695 -0.449680746 -0.151567459
    -0.269960731 0.185944915 -0.166637808 0.163255155 1.31871295
    0.816815257 0.15844655 0.170884639 -0.493422329 0.81772244
    0.263990879 0.617384613 -0.0899096429 -0.363305777 0.740713179
    0.0789673924 1.07657826 1.57201719 1.2225076 -0.393201441
    0.305824459 0.351415932 0.257804334 0.305652738 1.20798588
    0.757717013 0.444925666 1.38044739 -0.324804097 0.869359374
    -0.446053147 -0.185097516 0.508564413 0.357560903 0.27200985
    -0.434964299 -0.37279588 1.18619704 0.287931919 1.01413405
    0.139475346 0.21921891 -0.122872502 1.28556979 1.10631979
    -0.467159063 1.00727344 1.26800776 -0.183203042 0.210571647
    -0.0857756138 -0.108403087 0.961026728 0.815196455 0.947492361
    0.248413622 -0.0212092996 -0.549637198 0.530199885 -0.461655617
    0.638653576 1.48803973 0.349974513 0.696752787 1.067361 0.159939766
    0.127730608 1.42689562 0.537444174 -0.404413342 0.0726825297
    1.08548212 -0.454131365 0.817575812 -0.240576088 0.434999704
    -0.420167953 0.471260309 1.01851332 0.195424139 1.09111452
    1.22565746 1.51610756 0.635552526 0.553798914 -0.419933617 0.3762604
    1.02298355 1.18280411 0.140267313 -0.29974249 0.813906312
    0.474359751 -0.112385392 1.20757341 1.26030409 -0.438848794
    0.762702525 0.847992063 -0.140361696 0.883069932 -0.101210147
    -0.111756235 1.08330131 -0.349848092 1.04277372 -0.0354094505
    1.22086847 0.384474814 -0.243448734 -0.19420734 0.298026502
    0.643871009 0.550239801 0.779490113 0.928622007 0.76209414 1.1033318
    0.88735944 0.417801499 1.1658957 0.312631726 0.953629136 1.03498888
    0.126801193 1.15472448 -0.265167058 0.16884017 0.691183567
    0.964115202 0.417054713 0.271618545 0.256858826 1.18384051
    0.232705414 0.932498813 0.790064692 -0.0989362299 0.50987345
    0.090423882 0.81225884 0.811138451 0.0210424662 1.37001777
    -0.0958091915 1.43144298 0.180015206 0.569782555 -0.475156873
    0.0624501109 1.11026812 0.499817193 0.447830319 0.899496973
    0.151012659 -0.454164088 0.876274288 0.960202336 0.718903661
    0.664432228 0.827708364 0.50540024 0.445166528 -0.325941682
    0.867492735 -0.409333229 0.342264414 1.35128474 0.956915975
    0.21789366 1.08871055 0.509429336 -0.0721186399 0.961004436
    0.12910682 -0.52191329 0.709595084 0.604296684 1.22422624
    -0.40347746 -0.408052295 -0.077981323 -0.121465415 1.42908192
    0.00921776891 0.334125191 -0.263926148 0.84805727 1.3544836
    0.387145221 1.31346154 0.25923869 -0.403767169 -0.303746134
    0.0490530133 -0.478827804 0.395776033 1.35541761 0.36340791
    0.936200798 0.56891799 0.553164721 1.40350652 0.0185240507
    0.221395254 0.623657286 1.12174892 1.45875072 1.43522739
    -0.179156005 0.592510283 0.520928919 0.875812232 0.256957412
    0.193373263 -0.198302656 0.458797455 -0.0684549212 1.00086057
    0.434570611 1.04261923 0.184093237 0.856017053 0.0932180882
    1.01558852 1.35366178 -0.355867267 0.733855665 -0.56350553
    0.562489569 1.5202136 -0.487495482 0.188671827 -0.337495297
    1.4323647 0.736437738 -0.0678884983 1.36298168 1.07752383
    -0.219381273 0.207877278 -0.333167672 -0.436278939 0.204263419
    0.0231482983 0.126389563 1.04227006 -0.102460712 0.977727234
    -0.178951114 0.414046884 0.858410299 0.688460469 1.41280794
    0.587942362 1.18867004 -0.117084652 1.14283776 1.24592626
    0.439265519 -0.185100496 -0.00863867998 1.5503521 0.1185866
    -0.290146172 0.963100195 0.611474216 0.443401039 1.46365404
    0.596033692 0.404981256 0.490190506 0.762212098 0.466318965
    1.4962734 0.423224747 0.106790543 1.01302147 1.18403912 1.18058491
    0.644687772 0.947401702 -0.0497508943 0.345383704 -0.405519605
    0.671299338 0.00349521637 0.0935083032 0.496928424 0.647095144
    0.251382351 -0.491706848 0.941202998 -0.0237696767 0.580198348
    1.40625358 -0.357366979 0.950168252 0.754308224 -0.175115287
    -0.0197254419 1.40356827 1.0037185 0.646711349 -0.536072135
    0.373883188 1.46771252 0.223913848 -0.23738414 0.971244633
    1.20565391 1.25973344 0.328445256 0.154315233 -0.36945039
    0.596129835 -0.220146269 0.234104753 0.387378812 1.19926953
    -0.112054914 -0.133159161 -0.333346069 -0.514645875 1.14901876
    1.30711281 0.288844079 -0.378586531 0.350130409 -0.434439987
    0.426635444 1.08065367 0.449037313 -0.243438125 -0.373739153
    0.191146731 -0.41738236 1.13496661 0.0463505983 -0.286575943
    1.20571661 1.3007282 -0.184946686 1.25434816 0.74120748 0.666116714
    0.176604539 -0.453404188 -0.380712152 0.926293492 -0.40397799
    0.41302824 1.45344448 0.51273787 -0.494654536 1.44627404
    -0.0340331197 1.25641084 1.43373775 0.759948194 -0.115099698
    -0.346186757 -0.0598217845 1.197716 1.10599685 1.26521993
    -0.087043196 -0.0932871401 -0.47157079 0.613883972 1.43491435
    0.620782673 0.178762257 -0.259144098 -0.314810038 1.33539581
    1.46020555 -0.455121279 1.45761847 0.194839358 0.26340276
    -0.447819382 1.41129005 0.731110036 -0.187193722 0.506895363
    0.498726368 1.24312687 -0.00173437595 1.41973293 1.46799862
    0.647048891 -0.53595978 1.35297251 -0.173312306 1.12393355
    0.417365253 0.393339097 0.653636396 0.397172689 0.54237473
    -0.476940423 -0.195234776 1.17862749 0.0610592365 -0.0319043398
    1.14571571 -0.0663335323 1.0957936 -0.0102239847 1.19447267
    -0.0363650322 0.0816986561 0.95380348 1.5139451 1.52070665
    0.37769407 1.12324166 0.482902646 -0.310112357 0.727407575
    -0.43724528 0.621911466 -0.0300763249 1.07203245 1.38632154
    1.45232069 1.2251215 1.15049553 0.582063496 0.635582924 1.01278806
    0.813307464 0.907518506 0.878253877 1.32437992 1.68011904
    0.985483289 0.836078644 0.174487263 0.993817031 0.759618759
    0.696012974 -0.427221656 0.284021974 0.345223099 -0.212389082
    0.359810919 0.737550735 0.0510334373 0.286918283 1.12231278
    1.4689641 0.496286571 0.185391665 0.545846581 -0.302423 0.464245439
    0.284377694 -0.464275479 0.00919592381 0.701684654 1.20307302
    0.455260277 0.0760208368 0.21538502 0.855168343 0.00281769037
    0.532858551 -0.198670328 0.226820529 1.41047454 1.35920727
    0.781722963 -0.345180005 1.20541906 1.06312895 0.842152059
    1.04772592 -0.124111086 0.478411913 1.22312832 0.00565159321
    -0.110985607 0.973797143 -0.464722991 0.859249771 1.48188293
    -0.136390924 -0.26091212 0.952051103 -0.181114167 1.00104666
    -0.454375118 -0.330875307 0.120934546 1.29582334 0.0170286894
    0.11731571 0.597274244 -0.277308106 0.0294778347 0.940344334
    1.52036536 0.793944836 0.539398074 0.703875303 -0.279687077
    1.37603605 -0.511348248 0.720602989 1.14017415 -0.319102108
    0.556056857 0.127390802 0.0630543828 -0.355129004 -0.333855748
    -0.137209147 -0.396483779 1.52249837 0.122087359 1.30581999
    0.317609429 0.926460505 1.09840941 -0.465694755 0.459314167
    1.03308952 1.2977947 0.56675303 -0.0589639544 1.17318177
    -0.393802375 0.418543816 0.785863698 0.00647437572 0.658395767
    1.53998208 -0.0966221988 0.801003873 -0.129626453 0.531687498
    0.666700959 1.28017044 1.408113 0.924084067 1.3521781 0.866766572
    0.628598154 -0.11811769 1.56260049 0.216293931 -0.0927451253
    1.41415071 0.249212682 0.584013879 0.91013366 0.0710223913
    1.13145339 0.796566248 0.941541851 -0.2596668 1.48953414 0.745758057
    -0.142468989 1.05580223 1.17269158 0.68650341 0.675200045
    0.330820501 0.485507727 1.42424726 0.485946596 1.12129927
    0.601967931 0.52969408 0.330118358 0.540654361 1.48558855
    0.863674581 -0.454638928 0.451790094 1.28147554 0.933244109
    -0.291309357 0.495223105 -0.125208944 -0.150973409 0.935890257
    0.864251554 0.181162 0.0520066023 0.318177164 0.0146428943 1.3378799
    1.36205339 -0.437844157 0.0866433382 0.410434067 1.00589669
    -0.339929402 0.170286238 0.227738947 1.50028777 1.04070926
    0.457592994 1.51884675 1.19562268 0.826369524 -0.179054499
    -0.0138335824 -0.32934621 0.286893845 1.04070187 0.564718843
    1.17878532 1.45684922 0.388774931 0.717964649 1.51970577 0.851273119
    1.39274812 0.941582263 1.21092296 0.549223185 1.01386476 0.565858006
    0.551290452 0.72758311 0.256759882 -0.0133045912 1.43608212
    -0.564254224 1.3922801 0.371302366 -0.289364815 1.06108272
    0.408569694 0.219051242 -0.356142938 -0.4407098 -0.460084051
    0.230985224 0.234688222 0.40862149 0.930750966 0.572258651
    1.09861803 -0.100227475 -0.180052996 0.869628966 0.213125229
    1.26842427 -0.123588562 1.06974709 1.30122948 0.697702169
    -0.374070048 1.16222668 -0.0749461055 0.866689682 0.537665725
    1.37819958 -0.496525586 0.633197725 0.15470767 -0.101561576
    -0.490338862 0.95437938 0.907794833 0.474717557 0.19023186
    0.622475624 -0.0555881262 0.575222731 0.959626734 0.425112724
    1.03278673 1.28496504 0.373868406 0.894938827 1.13739693 0.500555634
    0.0332900286 -0.0761457682 -0.390372396 0.102175474 0.341852784
    -0.124480039 0.975756943 0.600988626 0.724611402 -0.0803960115
    0.0334458351 1.08154655 0.90233779 0.263644516 0.411639005
    0.280964881 -0.0861237347 -0.346937448 -0.398214132 0.0439968705
    -0.249223486 -0.428253949 -0.336820543 -0.0168339014 0.568253815
    0.387465596 -0.28344804 1.11279631 0.214145362 0.108215272
    -0.25427267 0.736551881 1.05973351 -0.381500125 1.00113368
    1.54332376 -0.279551357 0.698298931 1.1432097 1.42019725 0.631170034
    -0.075650543 1.28949523 -0.487683117 -0.100608885 -0.570828378
    0.765986681 1.35640025 0.730117381 0.301587999 1.01936936
    0.251952291 -0.506052554 0.730586112 1.23107028 1.16864693
    0.380960166 1.49966002 0.893249452 0.864038229 1.50751257 1.25748444
    -0.107212067 1.33180654 0.461921275 -0.0548228621 0.110611409
    -0.0429935455 0.00790932775 0.0913343132 -0.231619939 0.0787242949
    1.3090719 -0.0392612517 0.886756122 0.171560943 -0.00205242634
    1.19647408 -0.114323437 0.819429815 0.297021985 0.728835166
    -0.186177552 0.83051151 0.903636217 -0.0193812251 0.350573719
    1.05506265 -0.463397503 -0.00918096304 0.63710016 1.43803656
    0.281583548 -0.286796927 1.4584837 1.0501498 0.482956409 0.833393395
    1.28039932 1.36660814 0.167164385 0.818385541 1.44155192 0.24717474
    0.424723923 0.543829679 -0.53937006 0.722559392 1.04641879
    0.180634618 1.1554637 0.768993318 -0.335925519 1.5564146
    -0.506236911 0.802000701 1.58557534 -0.340260386 -0.326548338
    0.541227698 0.108211219 0.414653361 0.0225787759 -0.00702834129
    -0.167926699 1.36334276 0.017927587 1.3952539 0.732685924
    0.0615354776 0.188842416 1.3900727 0.430886328 0.76177454
    0.210514665 -0.36098218 -0.0171854496 1.30114782 -0.00560975075
    1.02955317 0.572889328 0.632833779 -0.472340882 0.880859613
    -0.434660405 1.51213515 1.07200301 0.75717622 -0.203519046
    -0.183114231 -0.31668818 1.44223213 0.613371611 -0.233026847
    -0.447740823 0.120371044 0.60942328 1.3734777 1.28439665 1.46321774
    0.127452493 0.929752231 1.21428537 0.199782193 1.1031692
    -0.445935756 0.280648351 -0.13220346 -0.170957863 1.16797972
    -0.230800658 0.949102283 0.167191446 0.242644191 0.389586836
    0.992713094 0.221138686 0.835158467 0.867688179 -0.190273315
    0.733531952 0.951341927 1.33073616 -0.340503335 0.88534236
    -0.0764808953 1.05441999 0.193907917 0.246071458 0.88718605
    -0.112622231 0.176638842 0.401121795 1.06542969 1.45289612
    1.44272232 -0.022231102 -0.135014623 -0.291128874 1.44862843
    0.910016239 0.849075437 0.0866533518 0.833269954 -0.471835792
    0.523429096 -0.555844009 -0.528775394 -0.463812053 1.3272717
    -0.295238435 -0.0491728187 1.17771757 0.616922975 -0.0751191974
    0.345796645 0.652922869 0.415680289 0.764634848 0.0521534681
    0.460650921 1.5369091 1.56545043 1.38799858 1.38879418 -0.49502182
    -0.259105474 0.696603358 1.21151853 0.195123076 0.996407688
    1.17356229 -0.311733425 1.43006015 -0.0328501761 0.161027431
    1.36764574 0.901762724 -0.542137146 1.35822201 1.25601506
    -0.372311115 0.160438478 0.055826664 -0.407888621 1.37252426
    1.49364054 0.0840589404 -0.0123103857 0.352017164 0.448468387
    -0.496733665 0.364732146 1.37392426 1.11461866 0.863909304
    1.28657985 0.430440366 0.730352819 1.09856749 0.172735035
    0.896698177 1.12480402 0.592282653 0.287473321 0.86500442
    0.605344415 0.937734962 0.631747663 0.233926773 1.07914233
    0.810514212 1.38167346 -0.349624872 0.412317514 0.218578607
    0.678602815 1.07816851 0.856049836 -0.371799111 0.198652864
    1.19201529 -0.0214670002 0.280048013 0.698348999 0.998141885
    -0.387314737 0.862153232 -0.0602751076 1.51041985 0.295747221
    0.26619935 1.2233932 0.727792859 0.538426399 1.44490123
    -0.0175488591 1.34945798 0.0861515999 1.4770571 -0.124941498
    0.62305665 0.0426134467 0.239194334 0.895348668 0.470151544
    0.0172903538 0.370927393 0.0445185304 0.550883651 0.691500902
    1.12447011 0.966501236 1.48802876 0.658569753 1.21270204
    -0.0984597802 -0.00158309937 0.934492469 -0.0774182975 1.44666743
    0.581238389 0.362629056 0.179212928 -0.326795995 0.986637473
    1.06444991 1.01090229 0.885736704 -0.228496879 0.0349321067
    1.35075319 -0.00301390886 1.36441994 0.270251274 -0.0152419209
    0.876329482 0.33549428 -0.490677953 0.2698192 1.3991425 0.365571141
    0.0249712169 1.34673989 0.047922641 -0.125129998 -0.200457484
    -0.326922894 0.346177608 1.51413846 0.794068396 -0.242159814
    1.18166673 -0.421198905 1.08178926 0.94085145 0.787898839
    0.811399817 0.729107618 1.41614485 0.343485892 0.156792641
    -0.282978624 0.907550931 -0.175222218 0.476431429 0.37543124
    0.188276052 1.40510631 0.447949708 -0.343452454 -0.0978577733
    -0.430269688 1.05636621 0.733001232 -0.308636665 -0.475767732
    1.08468556 1.12200725 -0.417961717 0.00149941444 0.348692417
    -0.411473334 -0.438032568 1.39751267 0.582033634 1.31346273
    -0.207630336 -0.0957589447 -0.341188669 1.39936697 1.21047103
    0.402582824 1.1138829 0.899319768 -0.370537102 0.848501563
    -0.374237418 0.462278366 1.07980585 -0.0408334434 -0.128764093
    1.24948645 -0.0898807049 0.385711312 -0.224314362 0.572285771
    0.868775249 1.00163603 0.417296737 -0.485144526 -0.0135120749
    0.563366771 0.35192889 -0.170755029 0.811196506 0.528650641
    1.41168904 0.518265247 -0.446851403 0.443619192 1.19994879
    1.41941309 0.409890711 -0.469106704 0.57242161 0.200433612
    0.990467131 0.312281191 1.09292519 0.57271415 0.875087261
    0.354590476 0.00743603706 0.470003128 0.142633259 -0.369639933
    0.478847921 -0.208946496 0.993025184 1.51665127 0.476439953
    0.160918832 0.245166063 0.962153614 1.15785313 1.31433463
    0.757080257 -0.188019246 0.607034087 0.144261777 -0.556902587
    -0.272373229 -0.253199041 0.191899359 0.576567233 -0.1396586
    1.28791809 1.15503097 -0.161493599 1.47518206 0.298955083
    0.0728906393 1.32174194 1.48117542 0.0635093451 0.788156033
    -0.116766334 0.983380616 0.778212965 0.905341327 1.51588058
    -0.426129282 0.91072917 -0.328050166 -0.137802482 0.831838787
    -0.0740416944 1.48614764 1.47906637 -0.540147305 0.251316249
    0.769989371 1.05782628 -0.318297982 -0.356602192 1.32426286
    0.479023159 1.33940208 1.07277441 0.160488486 0.0911527872
    0.118825555 -0.0727680027 0.51707828 0.00749349594 0.438337028
    0.662618876 0.559472561 -0.117667079 0.768516302 0.89925456
    0.866685748 0.513169944 1.4084518 1.45689201 1.0436269 1.11356759
    -0.459732592 0.717491686 0.470493972 0.672921717 1.40210998
    0.834289312 0.935524106 0.765519738 0.859400332 -0.278325945
    -0.106139272 -0.424758881 0.989616871 0.0497477949 0.934437513
    0.785135448 -0.168592349 0.870821834 0.695156276 1.14250112
    0.195076227 -0.417414367 -0.152137756 0.867310882 1.19246924
    0.949327469 -0.000798761845 -0.123577744 -0.303523242 1.11255419
    0.0293304324 0.386879265 -0.469185233 1.10122943 -0.266363502
    1.11250782 -0.238897473 0.770224929 0.374086976 -0.0713763535
    1.08235216 -0.370763123 -0.156063765 0.722824275 1.4151392
    0.157731891 1.0642277 0.306630492 1.42670417 0.670689046 1.24444866
    0.129042268 0.211271763 1.13318133 0.450755477 0.429211974 1.3409735
    0.625881732 1.38272834 0.754505873 0.935738325 -0.489764839
    1.24037457 1.49727035 1.13098431 0.252481341 -0.419131309
    0.723927438 1.20030653 -0.46712184 1.33182192 -0.296211779
    -0.0208825469 0.872874022 -0.0126076341 0.414916098 1.57259858
    0.0589240193 1.36514616 0.659610808 0.0425406098 0.757764637
    -0.510095596 -0.185859531 -0.149806023 0.00924563408 -0.0685161054
    1.37852633 0.653186262 1.30678189 0.17166549 -0.282023758
    0.149786502 -0.389410019 1.5916785 0.282289326 0.430616677 1.2425673
    1.33595622 0.371466398 0.953384221 1.38450074 -0.412293106
    1.47602344 -0.119012475 -0.218790442 1.45255482 1.06015027
    0.526103079 0.496611059 0.732455075 0.494220376 1.40552974
    -0.25807929 0.300438583 1.07354856 -0.471338809 0.723645151
    0.608642161 0.789880037 0.896265864 0.937939882 0.87496537
    1.57625103 0.704068899 0.776926458 -0.448699027 -0.147188962
    1.48908842 1.07135403 1.08185172 -0.054639101 1.37381887 0.213685095
    0.431093872 -0.0311253965 -0.190492541 0.638069272 0.0676220059
    -0.339746535 -0.43983233 0.221006811 -0.0708411038 0.793008387
    0.357504129 0.529418588 -0.46968329 0.597136557 -0.465783328
    0.904832125 0.53057307 0.970477045 0.0682522058 0.230916381
    0.794634283 0.784804165 -0.161506414 0.841930091 1.23847926
    0.391255021 -0.0981446505 0.512254298 -0.309149504 0.346087813
    0.473300815 0.177673995 0.435188234 1.25710309 0.0738845468
    0.561890185 -0.264902353 -0.0241444111 0.924226522 0.818471849
    1.24477267 0.226220667 -0.230714977 -0.0613557398 0.0403149724
    -0.336966813 -0.463004529 1.27025533 -0.185423166 0.641490936
    -0.395315528 0.136686623 -0.019035995 -0.144521475 -0.251390517
    1.04591036 0.150131285 1.24836612 0.56580472 0.722264707 0.282845199
    0.717475653 -0.36611867 -0.16847235 0.117993057 0.827557504
    1.15731812 0.872707307 0.715001881 0.625043929 0.618343771
    0.525439799 0.731359661 1.27178073 1.10180354 0.993335128
    0.411765099 0.860806882 0.992292643 1.03771389 1.04585564 1.20220912
    1.15460777 0.0386372209 1.10931063 0.63448447 1.4767046 -0.448925763
    0.237891495 0.217915177 0.12524271 -0.170555204 0.10993731
    -0.14988637 1.42739534 0.601936817 0.618358552 0.343383431
    -0.433905959 -0.271616429 -0.264048785 -0.418093085 1.09694004
    -0.104042083 0.478775084 0.823304772 -0.472027481 1.47719717
    0.108019471 0.480197489 -0.354519725 0.560172915 0.849953175
    0.360483766 0.53168416 1.27522898 0.544147551 0.549238861
    0.514552951 0.545216322 -0.184326589 1.03891039 0.802751422
    1.04977298 0.476568639 0.180027485 1.36781287 -0.48860693 1.21076691
    -0.212461352 1.4289639 0.99811995 -0.0151890516 0.842965662
    -0.0816560686 -0.007086128 -0.126449868 -0.0691486448 0.627718091
    0.666056037 1.44564986 0.0106188059 -0.00460419059 0.686042786
    0.462012261 0.334447563 -0.151383847 1.33656943 -0.177663714
    1.52578735 1.06196487 1.11608124 1.17470574 1.00244474 -0.276764154
    0.551608622 0.40072313 1.23386192 0.656684995 0.969308615
    0.291375875 0.0699541569 0.374145269 0.965810537 1.51850605
    0.393877268 0.589289308 1.3543241 0.721058965 0.168556809
    -0.0656170845 -0.0733632445 0.831162393 1.05377328 1.37373567
    0.871036947 -0.358431131 -0.455788612 1.1479578 0.37565279
    0.690435469 0.930034101 1.34123981 0.830904007 -0.486093462
    1.06673288 -0.561162174 0.323502421 0.958223224 0.705274343
    1.10353327 0.0314381123 0.746820807 0.522930443 0.714174569
    0.94271791 0.204607368 -0.297704339 0.920437634 0.730739772
    0.600428402 -0.016792357 0.970977545 1.55894065 -0.200817585
    0.232183874 1.40706468 -0.121069074 0.559977055 0.549377024
    1.07406569 1.50765133 0.721441388 1.00870693 0.779716134 0.417330593
    -0.444664717 0.507211208 1.4052037 -0.00998330116 0.782501638
    0.112340629 -0.222022295 -0.230930924 1.12484562 0.613273501
    -0.0711132884 1.13510704 0.96406877 -0.378298879 0.548949778
    1.08085227 -0.409926206 -0.0183961391 0.265466392 0.943459332
    0.609348536 1.52268696 -0.123788536 0.531556726 0.375363886
    1.34075141 0.688712716 -0.311868489 -0.324457347 0.637300193
    0.186640382 1.54974782 0.46067524 -0.148601532 -0.377885461
    -0.156113297 0.313642144 0.831499219 -0.180176347 0.0305088758
    -0.340046883 0.617263436 0.835579574 -0.0375104845 -0.405113608
    -0.161449343 0.0710946321 -0.415451407 1.36261034 0.247666836
    1.36659265 -0.312371314 -0.427507013 0.524580359 0.61861223
    0.820122123 -0.312541842 1.12057543 -0.341078401 1.54784989
    0.975860596 0.153863966 0.0342541635 1.13475108 0.223271251
    0.751470268 -0.0972494483 -0.216040462 1.52924931 0.824314833
    -0.240969658 -0.38843137 1.01974916 -0.356995672 1.33687401
    -0.0731649101 1.52502441 1.54789698 1.34022164 1.33629656
    0.514630437 1.17038608 0.727356076 -0.360455334 0.279247314
    1.14483273 0.242734075 -0.279598355 0.0542755723 -0.0579819977
    -0.159887314 0.776390195 -0.162033886 1.50058031 -0.16947341
    0.0209012032 0.447347701 0.861689448 0.608633876 0.964678466
    0.538365901 -0.183600783 -0.378349155 -0.403234303 -0.17049399
    0.0141090751 1.06905246 0.803198576 1.50618219 -0.493746996
    1.13015127 1.03324938 -0.00852096081 0.544741392 0.636045039
    1.42139709 -0.118837476 1.20502901 -0.147140026 0.637450278
    -0.118392199 1.34013486 0.0761756897 -0.150262535 -0.111371696
    -0.528348684 0.0383959413 1.46372914 0.334325552 1.4351728
    -0.383423775 1.02895117 -0.500214517 0.495952368 -0.366591841
    1.13220382 1.24274182 0.304428518 0.334215105 -0.51118046 1.31407642
    0.827033639 0.0968290567 1.55491245 -0.357177794 0.513296783
    0.492049217 0.626486063 -0.4941082 -0.383821428 1.52593756
    0.691901803 0.92494899 0.693199575 0.309657812 1.31977272
    0.965151489 1.32688522 0.478255928 -0.50333035 -0.184522897
    0.778447509 -0.379397094 1.12070298 -0.184735328 0.875771642
    -0.0571972132 0.962771356 0.0860855579 1.29030859 1.09377265
    0.774638653 0.503677964 1.34220278 0.531381547 0.0353395045
    -0.0297673345 0.270362318 1.20224953 0.0519847274 0.00480604172
    0.552193165 -0.207269609 0.91184485 -0.360740244 0.229974747
    0.653698981 -0.393386573 0.5956707 1.24732256 0.33050859 0.562391281
    0.226162553 0.786263108 -0.0981475711 -0.162237316 1.47415066
    0.346526682 0.357298255 0.371920705 0.188240767 1.06080317
    -0.038688302 -0.453798145 0.524834752 -0.328814685 0.496179163
    -0.262706101 0.55626291 -0.166606992 0.572069287 0.424298167
    1.06870866 0.155174673 0.401009262 0.253662109 0.79911375
    0.403316319 -0.504509687 0.739752054 0.179367423 0.817540884
    0.0672641397 -0.153311044 -0.286165625 -0.0546324253 -0.458659768
    1.22205377 0.603065968 1.08652282 0.682616353 0.483659387
    0.153826475 -0.481001049 1.49791181 0.235309362 0.29226023
    0.0920963287 0.707119882 -0.48309952 0.818814337 0.710164487
    0.00662475824 0.0102351904 1.3560462 1.32200313 0.343289435
    0.294997334 1.3645556 0.965447962 0.33985126 0.68959713 0.484213889
    -0.359035879 1.09305429 -0.344108224 0.996705294 0.186849058
    1.15301836 -0.444483846 -0.410254329 0.459607065 -0.511688709
    0.539574027 1.21795368 0.088318646 0.0703101158 0.841401279
    1.37069845 0.97908771 1.13393354 0.477371216 0.338730097
    -0.205138743 0.997945666 -0.0141795278 -0.24465251 1.03648448
    0.508688331 1.24022532 0.0810517073 0.83664906 -0.468343943
    0.526967764 0.521835506 0.0709371567 0.410591185 0.671945333
    0.377261937 1.43855762 -0.0313878655 0.623155475 -0.142226428
    0.735335112 1.52496982 -0.51076448 -0.316841602 1.2822026 0.59970057
    0.97171402 0.00128912926 0.748297036 -0.0982410908 0.423030883
    1.35539496 0.29776001 0.0277388692 0.376640081 1.47372687 1.11025429
    1.04373956 1.2796433 1.42357528 -0.160435975 0.484899342 1.25165606
    -0.454409122 -0.142233223 0.25342828 0.985599101 -0.348835349
    0.269403875 0.932544708 1.09584498 0.873200357 0.85970211 1.29617155
    -0.547028124 1.34490538 -0.0821320117 1.00398302 0.349697173
    -0.448717058 1.33959591 -0.150505364 -0.260794163 0.576340437
    -0.249342531 0.393687129 1.46605885 0.694622695 1.11414027
    0.383074731 0.405759513 0.407711327 1.48163152 0.269031525
    -0.0543832481 0.384636939 0.647776484 1.45064175 -0.321021378
    1.05908203 0.256865859 1.53461123 1.02572393 0.99962461 1.44853258
    0.80297786 1.33436918 -0.479261965 -0.0569830537 0.792127907
    -0.489448518 -0.188564658 -0.242819965 0.146775484 -0.456303835
    0.374361694 0.0431193709 0.01694417 1.41698527 -0.525563955
    1.0308522 -0.548432946 0.369067371 0.0904951096 1.49925077
    0.696651459 0.587099791 0.413943648 0.143159389 1.44454217
    0.61347276 0.764006019 1.50332773 -0.320353299 -0.352390528
    0.91534549 -0.176837802 -0.0500790775 0.0801554322 -0.138000906
    0.924091995 1.2964983 1.31003118 -0.453481913 -0.432086766
    0.845187187 0.836362302 1.44729233 0.121214509 1.396034 -0.494527578
    0.33619225 0.925000668 1.28193235 1.38701344 1.40237033 0.5013147
    -0.419249356 -0.525984704 -0.0691123605 0.790104628 0.38010335
    -0.489427239 1.4268868 1.09419346 -0.176807344 0.771139979
    0.23038882 -0.166460812 -0.109937966 1.26432347 0.347672284
    -0.0269676447 0.147013187 0.126933157 0.541676581 0.745135248
    1.61168289 -0.0360955596 1.20309567 0.325558633 1.46357548
    1.65273201 0.124249846 -0.0732861757 -0.272070825 0.813265085
    1.40587461 0.355487168 0.155188143 1.09083903 -0.0718680918
    0.276765406 1.22617912 -0.114794701 1.57516074 0.404617786
    -0.139068305 0.242286742 0.92357707 1.2248373 -0.235216141
    0.496027112 -0.257154435 0.800438464 0.308089852 0.53753227
    1.11524332 1.08620381 0.921345592 -0.0505234003 1.38688731
    1.42212415 0.515164733 0.35670191 0.844684482 0.417755842 1.06158447
    0.910094142 1.31184554 -0.343110383 0.833498478 0.946280599
    -0.18445617 -0.546700895 -0.416074932 1.21572566 0.374262393
    0.111751497 -0.373483956 1.35981679 0.837552249 0.301483214
    1.43232703 1.22327638 0.818867743 1.23334265 1.34444952 -0.130508482
    1.09259975 1.22306681 -0.290847898 -0.370224237 0.270645678
    -0.428953409 -0.510612965 0.0799334645 1.14207006 -0.0429470241
    -0.34058851 0.178253472 -0.311005145 0.343994021 0.140833139
    0.238229394 1.4596467 0.321892321 -0.288547695 1.2226975
    -0.242258549 0.655104995 0.861288369 1.22564971 0.648916066
    0.00509220362 -0.35723263 -0.245776623 0.115542829 0.220129609
    1.13871264 0.728768885 -0.211910695 0.0260311365 -0.0594924688
    0.697607517 1.50079024 0.142282248 1.42295384 1.11876333 0.279288232
    0.537583172 1.24922132 0.106735706 1.225968 0.292648166 0.748013973
    -0.45891583 0.610794961 -0.310506344 0.822989166 -0.296250999
    -0.491689026 -0.0721977949 1.2374655 0.51984036 0.141365111
    0.447043598 1.21385658 0.653179288 0.839494109 1.51780462
    0.475035131 0.797874212 -0.364044487 -0.213254303 0.506153941
    1.32256043 1.45971358 0.236229777 -0.0941189826 0.314912796
    -0.090415746 1.19507885 0.0781412125 -0.381086886 1.15493751
    1.01196456 1.36047745 -0.324035525 0.338798702 -0.00919651985
    -0.337965548 0.974664927 0.232233286 1.34797668 1.49904871
    0.415316582 0.455199897 -0.154316634 0.497972131 1.05001235
    0.976835549 -0.0418314338 -0.259601414 -0.0229979157 0.775709093
    1.03944993 0.76345557 0.234052718 0.653177023 1.27287638
    -0.0146924555 -0.0158236921 0.535036325 0.032151252 1.55052745
    1.56718588 -0.172783226 1.37478518 1.14408314 0.60509342 0.217279673
    0.741801977 -0.228589088 1.29384875 0.664465964 0.149265587
    1.06009293 0.0391132236 0.308269083 1.57042372 1.11143494
    0.770905554 0.21246618 0.503780842 1.57551944 -0.365436256
    0.857421637 1.14961791 0.973954499 1.22098637 0.775945783
    0.0891307592 -0.553111374 1.39539623 1.36338902 1.19166124
    0.195772231 -0.208532095 0.170086503 -0.244244397 1.46536136
    -0.188448459 -0.432967365 0.214045107 0.646551311 1.33865929
    1.46751702 -0.198348105 0.528939962 0.107143402 -0.298358083
    0.295682669 0.899174809 0.881265402 0.804278493 1.28848386
    1.09862006 0.0364016294 -0.148143291 -0.139468282 1.46782804
    0.414713979 1.44775736 0.963492513 -0.0467168689 0.994302452
    1.42025352 0.598314404 0.55603689 -0.291577876 0.294597149
    -0.0965695679 -0.395003796 -0.235102624 1.00562525 0.715821207
    0.239433706 0.119771302 -0.260178149 -0.302435279 -0.519542158
    0.518971324 0.43004626 -0.169766515 0.747426808 -0.548347592
    0.406420171 1.47425854 1.18738818 -0.440400481 1.03808534
    0.687344253 0.713175356 0.726785898 1.04075694 0.171495914
    0.879069626 -0.147699714 1.31039906 0.461102307 -0.0355349183
    1.04726148 1.35280871 1.45939302 0.026052475 -0.509069622
    0.610412836 1.47238994 1.47305632 0.798914552 0.836631596 1.14898705
    -0.536764622 -0.396374881 0.343219995 0.457162738 -0.170244634
    -0.0950267017 0.985604167 0.557949424 -0.248913735 1.33230662
    1.09203947 -0.265531361 0.919220388 0.30424577 1.07010281
    -0.0450772643 -0.500086904 1.31157947 0.762150109 1.0170927
    1.1286664 0.851975858 0.0657874346 0.713128388 0.660248995 1.3494401
    -0.438474 1.00194263 -0.226925105 0.479550481 -0.48141396 1.34649205
    -0.271735758 1.2107321 0.166298985 -0.184959531 0.651543796
    1.11961269 0.708560467 0.172921538 0.263858199 0.682296395
    0.948739827 1.13474107 1.01992893 1.38772643 1.19528747 1.43710947
    -0.288669944 0.499020338 0.665455222 0.317013323 1.37837577
    -0.52669239 0.111515522 0.792921066 0.473861635 0.0692798495
    0.722414434 0.234023273 0.661706686 0.389897585 1.11886072
    1.20766759 0.233253062 -0.218423069 0.954742551 -0.0493177176
    0.306882083 0.290834665 1.07662308 -0.387848496 0.670968831
    1.3416512 0.528126478 0.359123349 0.78196907 0.340488791 0.846124709
    -0.51187861 0.114205718 0.174202561 0.765451074 -0.395933151
    0.182931304 0.317984581 1.38169038 -0.438508987 -0.146891415
    0.263632417 0.936061919 -0.463244587 1.3461132 0.424479306
    0.926934242 -0.0631971657 1.38967609 1.08759904 0.517518282
    -0.472183645 0.903497815 0.511965871 0.650564432 0.0193685293
    -0.0373103619 0.491962284 0.260349482 -0.105665445 1.4826411
    1.1219089 1.12888837 1.34657907 0.375969231 0.0736591816 0.852279425
    -0.229265213 1.49471474 0.250377297 0.187386513 0.822933257
    1.23584986 1.11333835 0.0394217372 0.662542522 -0.146895289
    -0.331042469 0.651019394 0.526818573 0.561455607 0.334481299
    1.46393704 1.51160192 1.35556364 0.770033479 0.544570863
    -0.429868728 0.343163133 1.47400165 0.939251363 0.247614324
    0.197242856 0.23800236 0.0892078876 0.0720866919 -0.399132907
    -0.329468608 0.869389653 0.537276626 -0.239327058 -0.152319968
    0.202867746 0.95334816 0.936194599 1.52075768 1.03968573 0.350080848
    -0.00707775354 0.997002006 0.935405254 -0.386224926 1.31347418
    0.870098829 0.334725022 0.151405334 1.5498116 -0.264978468
    0.656028807 0.207761735 1.25253582 0.318108797 0.0984464288
    1.07973528 0.700362861 1.24669063 -0.450151831 1.21361685
    0.853557289 0.0849756598 1.09180236 -0.0562574863 0.784246147
    -0.464100182 0.686159134 0.115494192 1.51770592 0.742074013
    0.822360098 0.618106842 0.314903021 0.944872797 1.28100705
    0.0183350444 1.25333452 0.47198379 1.0326699 0.958485723 0.771996558
    0.430803239 0.367594361 0.58973819 -0.124249458 0.234801412
    0.335729063 -0.226639092 0.540955126 0.169684052 0.278199434
    1.29324532 0.29589045 1.46856141 0.385428965 -0.0389837027
    0.678794563 1.48724556 -0.411881208 -0.0297392607 0.916241825
    0.651549637 1.23667121 0.38001585 -0.379642278 -0.359227777
    1.1542145 1.3372848 -0.413891375 0.44506079 -0.347761333
    -0.409937769 -0.123044848 -0.330252826 1.51173115 0.388113499
    -0.0758666992 -0.280386686 -0.34806332 0.863794923 0.313896447
    -0.075746119 1.67267251 1.79043925 -0.0750547945 0.0852920115
    -0.0348979831 1.50647581 1.00744677 0.981984496 0.745296776
    0.317809284 0.596615911 -0.385198653 0.710980535 -0.0123081207
    -0.463990301 -0.248451442 1.10426033 -0.431205213 0.572786748
    1.01368189 -0.440268576 1.25714469 0.759122372 0.26585114 0.30407393
    1.22071159 -0.224576235 -0.00697034597 0.581166625 1.15331566
    -0.510377824 1.01596308 -0.178412139 1.42593729 0.613537908
    1.28898382 0.855615139 1.27702618 1.18602133 -0.00224298239
    0.404203236 1.27986348 0.733366191 0.306779802 0.590042055
    0.49486959 0.397090197 0.000660538673 1.13502097 0.359747529
    0.208776057 0.900742412 0.998306096 1.36247206 0.692534566
    0.53526181 1.33123386 0.249294519 -0.19452244 0.771044016
    -0.567211509 0.193090081 -0.254338086 0.724321365 1.34205246
    -0.381377876 0.178010702 0.607220352 0.630904973 0.277338803
    1.23268151 1.10613394 -0.0243157744 0.860931396 -0.288051158
    0.667828202 -0.00823432207 -0.0800926387 1.41964293 0.185068369
    -0.524579763 0.763780236 1.16078138 0.560154557 1.03088689
    -0.410215884 0.170588017 0.329102516 0.461516619 1.17729688
    1.38433623 1.07759595 0.864465714 0.168106019 1.18259907 1.40955949
    0.380298197 0.795700967 0.105681837 1.05660343 1.29705751
    -0.50016886 -0.00230234861 -0.172304094 -0.223307163 0.717477679
    0.16815418 -0.0308600664 0.0558128357 1.44500375 1.49090147
    0.833367348 0.423535526 0.17072916 1.08053708 0.318895519
    0.879113197 0.700636148 1.12660527 1.14558959 0.132002234 1.40372634
    0.8412444 -0.286442012 0.292747855 0.443502009 1.25512779
    -0.280661255 -0.290558755 -0.106527865 1.14052844 -0.349611342
    0.288118243 1.10621142 0.554293215 1.13751209 0.350230515
    0.767245054 1.03790832 0.0864056349 0.000555217266 -0.0724625587
    -0.309721112 0.0548123717 1.18538809 0.583502471 -0.524704814
    0.613565028 0.44207865 1.33618295 -0.556229115 0.127851963
    -0.21253252 0.66938746 1.25996566 0.347923517 0.821131945 0.57683301
    0.0798422694 1.19511795 0.902350605 1.05735779 0.20674932
    0.481312394 0.353252113 0.377872825 1.06023026 1.09326398
    0.165873528 0.957939088 1.28335631 1.52470922 0.834932864
    0.300258458 0.118334711 -0.466586083 -0.355183452 -0.39305684
    -0.0600700974 -0.312512308 0.538572073 0.145431697 -0.0384455919
    0.570749044 0.12706548 0.232735425 -0.32821095 0.0115065575
    1.2945075 0.603223264 0.936241806 0.724969625 0.64457494
    -0.167120576 1.05684149 1.02963507 0.694150329 0.992822468
    0.735359013 -0.270750314 1.17068911 1.37761831 1.23650837 1.18721068
    0.212004483 0.287472546 0.989561319 0.479594201 1.5453316
    0.868801355 -0.299283683 0.0805880427 0.684905052 -0.192452133
    1.32666755 0.334556222 0.191033959 0.852255464 0.926285446
    -0.297129929 1.54091346 0.970479071 0.289503276 0.820416212
    0.600662589 0.201423943 0.0648981929 0.14512372 0.805503964
    -0.150530636 1.11549544 0.662973344 0.268039227 1.32880902
    0.0859102607 1.14638352 0.108863801 -0.104243457 0.881280243
    1.36851525 0.516264915 -0.216802835 1.49843967 1.45390821 1.46741092
    -0.208206683 0.407017529 -0.375498831 0.473053992 0.835814476
    0.575016618 -0.0496393442 0.863199115 1.54904389 0.669667244
    0.792159498 1.48205078 1.01995027 -0.132933348 0.95540607 1.14499474
    1.4120605 0.563554347 0.544995427 -0.17646721 -0.499217391
    -0.18620348 0.136575758 0.774900794 0.735437751 -0.255859226
    0.661197603 -0.113524526 1.17510045 1.53286707 0.137237966
    0.645866394 0.217950284 1.4189775 1.36488187 1.46003616 -0.209159881
    0.243922949 0.394897074 0.280432016 -0.477216095 0.0556846261
    -0.100167751 0.0617180467 0.796117842 1.24980414 -0.547176719
    -0.372232765 0.417922795 -0.244498014 0.780680776 1.11160398
    0.0224056244 0.992824316 1.02527046 0.0971543789 -0.112728715
    0.62208271 1.38206863 1.1194427 0.17579788 0.703285933 0.412770867
    -0.0981451869 1.31742859 1.24529815 -0.243752956 0.463426054
    -0.564620852 0.19611609 1.29573166 0.307942927 1.27087593 1.32288671
    -0.169664562 -0.130113751 1.23773289 0.831468523 0.955030322
    1.38922071 0.12674576 0.129433453 1.11012208 1.2038908 1.23910999
    -0.33953467 1.30580854 1.33830404 1.25390923 0.996127069
    -0.542879462 0.130118728 0.110618353 -0.119182229 1.32965004
    1.44318604 0.80526334 0.538498402 0.836336315 1.22851467 1.48373044
    0.963982344 -0.038677752 -0.388734162 1.08086276 1.34429741
    1.42066264 -0.241227835 0.038837254 0.41954118 1.27595043 1.16436136
    -0.134720206 -0.517427921 0.95408076 0.473203599 1.37641692
    0.745094359 1.3616724 0.834918618 0.242097676 0.677654922 1.43350291
    0.686460197 0.0639998317 0.477468133 1.34975064 -0.282378376
    1.36695743 0.123243213 -0.0172058344 0.765756249 -0.294944912
    0.491953552 0.167095661 -0.0195941329 1.08076847 0.0471752882
    -0.406718403 0.339504838 -0.506463647 1.12251115 0.358980596
    0.354602039 0.636880159 0.274567246 0.872815311 -0.308371931
    0.168303192 0.967513263 0.249703705 1.20415258 1.00338292 1.18935907
    0.281671464 0.86163342 -0.0886849761 0.378236651 0.839302123
    1.11583161 1.01931882 1.14464188 -0.104747802 1.16475058 0.110760152
    0.617215753 0.875756443 -0.322015822 0.192583799 1.47090602
    1.01675916 1.1166749 0.77412498 0.968792081 0.893301845 -0.367452741
    0.958615303 0.855349481 0.724233568 -0.357711613 0.119525671
    0.637170613 1.5183022 -0.0225220919 1.04964542 -0.404932112
    -0.262161463 1.05173206 0.359177768 0.046903193 1.16591763
    1.24378991 0.11985743 0.738632917 0.871976197 0.675310731
    0.790392935 1.41937745 0.300066233 0.304342508 0.741762817
    1.46345496 0.501402497 1.33931565 -0.509875417 -0.1773175
    0.670904636 0.999173701 0.788711786 0.819206357 0.538629055
    -0.459748268 0.0838534832 0.910390258 -0.200616658 1.2405858
    -0.513338089 1.19269395 0.791427076 0.570808649 -0.386499465
    1.16673994 -0.437660992 -0.0691993535 -0.262047946 0.9473297
    0.130975366 0.16408509 -0.124720544 1.55470181 0.927377701
    -0.209806919 -0.425198674 -0.461788118 -0.343310535 1.46060538
    1.3747654 0.302381516 0.398571849 1.19057703 -0.305595398
    0.439575016 0.585053563 0.126482785 0.888665617 0.084687382
    0.121863604 1.61697876 1.51390862 0.338544756 1.40545034 0.999241829
    -0.474758118 1.55622756 -0.042257905 0.3263098 1.10070229
    0.0541818738 1.12335646 0.832334936 0.0192270875 -0.355443835
    0.913969159 0.562137425 0.979457259 1.13411593 0.61486268 1.55454612
    0.76065141 1.16535497 -0.400673449 0.495473683 -0.386719823
    1.47791243 0.529349148 1.22819352 0.517579556 0.687956095
    -0.00476306677 0.577748299 -0.510799527 1.26108551 0.708895504
    0.872567952 0.0540450811 0.179253876 0.219290972 -0.174777389
    1.10103524 0.635076463 0.547989666 0.65366596 0.864085078
    0.347988844 1.14894843 1.28666568 0.194558442 -0.408638954
    0.18796736 0.0478031635 0.650122762 0.744850218 0.937127292
    0.898175538 0.294636071 0.41844213 0.671204805 0.697216213
    1.06288719 0.46808815 0.497460902 -0.0161980987 -0.478453696
    1.49813366 -0.148898572 0.481812179 0.883203685 1.37541914
    0.549179196 1.06664836 0.106895208 1.43495166 0.0562060475
    0.357485592 0.4336586 -0.425003886 0.564673305 -0.28103444
    1.27092445 0.734323919 -0.386108011 0.13289237 0.506468415
    -0.34416008 0.78308171 0.122160137 0.364854813 0.397110164
    0.0492502451 -0.194907159 0.756272376 0.99895215 -0.523857415
    1.35246837 -0.523218274 0.753577054 0.529780924 -0.574401498
    0.602871776 -0.0425214767 -0.0332485735 0.242795229 0.30762291
    0.164726257 -0.394960284 1.2573185 0.585814595 0.453547597
    0.787618995 -0.11555177 0.574961424 0.571379185 -0.286406606
    0.149109364 1.03852916 0.532037497 0.68124944 -0.406241775 1.0139513
    0.128569365 0.882972538 -0.346956998 -0.527022123 -0.00639104843
    -0.28029865 0.468944728 -0.500555336 1.3141315 -0.300395906
    1.12411165 -0.173541069 0.471303642 1.36675775 0.1817801 1.46692991
    0.176211596 -0.243458003 1.01281011 0.220813155 1.51068759
    -0.173138201 0.325004578 1.26138043 1.11940444 0.355301023
    1.23148632 0.143921316 0.379757166 0.814088225 0.136076093
    0.0458201468 0.0727899075 0.0322251022 0.171686828 0.522853613
    0.177863896 0.149764776 1.53241992 0.20494771 1.09115124 0.254672289
    -0.219581842 0.247120857 0.0444155335 1.22122073 1.47334528
    0.160607457 -0.428800702 0.685639381 -0.460498542 -0.314692497
    -0.221202701 0.245431006 -0.0484725237 1.3180697 0.359781742
    0.375970364 -0.05379951 -0.146348476 -0.447562337 0.51583755
    0.0517357588 -0.341675729 0.57319808 -0.287678063 0.231416762
    0.293366611 0.182678401 1.40523934 0.504822731 0.152466178
    0.179500103 1.19854283 0.303172648 -0.340871215 0.722358644
    -0.506359518 0.401566267 -0.341872811 -0.0311655998 0.70044297
    0.0100362897 0.661172807 -0.427713752 0.27243346 -0.143380523
    0.501798987 -0.339068532 1.38154006 0.965943992 1.21913779
    -0.36848864 -0.530836523 0.591047406 0.349263608 1.08819246
    1.46692848 -0.28331852 0.975465655 0.625926554 0.984667182
    0.480827391 -0.125763357 0.559869111 0.685998857 -0.228967339
    0.155788958 0.0574833751 -0.504741013 0.084207952 1.12262249
    0.493503332 1.31358445 0.0359893441 -0.544712901 0.0334266424
    1.21585679 1.51136172 0.593671441 0.0728415251 0.389778078
    0.62504524 1.4089911 -0.361631691 0.236408889 -0.301701248
    1.49259496 0.437476784 0.127413213 0.394535661 0.544902861
    -0.217544943 -0.194297493 1.34385228 0.414279997 -0.422398299
    -0.0398544073 0.96586442 0.825057566 1.04238331 0.773867428
    1.49422777 1.22696137 1.2976172 0.527398348 0.656454206 0.26056385
    0.345605493 0.570606172 0.960609913 0.854751885 1.38093424
    0.131451547 0.326977789 1.73685646 1.16319013 1.24582207 0.599211395
    -0.182083368 0.0436276197 1.28446317 0.669113457 -0.318293303
    0.665070415 0.359756649 1.25567365 0.56058383 0.958049774
    0.927776575 1.36201763 1.18351841 0.0725576282 1.1545676
    -0.342655838 1.35122859 1.33791685 1.11496389 -0.0675083101
    -0.211481214 -0.343106806 -0.261451662 0.111917853 1.01309538
    -0.0952330828 0.219328284 -0.451700151 0.991647124 1.04178166
    0.845722139 1.12522328 1.24837327 -0.278563857 1.02342439
    0.607202709 1.39633512 -0.437913597 0.652490079 1.00959849
    0.924675703 0.335233688 0.278169036 1.3765161 -0.185787857
    -0.0910200179 -0.163852721 1.32068431 0.285519123 -0.384466052
    -0.180580407 1.28490019 1.45896649 0.986452699 0.226652265
    0.211479247 1.34316993 0.0973547697 -0.0943990946 1.44823956
    1.15543962 0.45887512 0.623984933 0.6962533 1.01935995 -0.0312288404
    0.571381927 1.07500124 -0.171802074 -0.0922321081 -0.344221354
    0.710281789 1.3903513 -0.437222689 0.930730939 0.805472016
    -0.152362615 1.24779797 1.28827274 1.07458544 0.27416563
    -0.297463536 -0.133229196 0.0302869678 1.458323 0.98864007
    0.492130518 1.32301545 0.745592475 0.782459438 -0.253312409
    -0.519556522 -0.537689149 1.00823462 0.112497389 0.120021582
    1.51079261 0.295214415 1.23658752 1.31481707 1.44607151 0.803490222
    0.77085501 1.09178257 1.13123572 0.692043245 1.22372174 -0.071585834
    0.189765811 -0.237391025 -0.319002986 -0.113444805 -0.416785836
    1.26052248 -0.159050524 -0.459675372 -0.376821339 0.210930288
    1.48417926 0.751679957 0.468945503 -0.00498688221 0.993035555
    0.751044095 -0.409825593 1.07221937 -0.0772538781 0.762912035
    0.677777886 0.4664267 -0.47158283 0.162990689 0.134537935
    -0.458039314 0.958054841 1.10989952 0.780120909 1.161641 0.704120219
    1.00995445 0.10703361 -0.0980623364 1.43272495 0.564715385
    0.733644724 -0.241455764 1.40488863 1.23872542 -0.303952485
    0.0294106007 0.32646513 0.533829749 -0.301586717 1.18836164
    1.03403139 0.682385683 1.36008489 0.39238441 0.406071037
    -0.343567044 0.358967155 0.149756253 1.51217437 -0.188581645
    -0.299462885 1.19070411 0.985765755 1.41348517 1.35848022 1.39841557
    -0.151032001 1.41743302 1.01520622 0.988305926 0.177196026
    0.268237233 1.33954263 1.3181541 -0.473036945 0.235771716
    -0.395130217 -0.206454933 0.290542901 -0.498580366 -0.463646024
    1.38942981 -0.384344727 0.562859833 1.24468434 1.40280735
    0.465238273 1.26760077 1.21224368 0.344513595 0.635805428
    0.286097288 1.48594189 0.761089146 -0.0996778011 0.451758206
    -0.186300546 0.301284134 0.528694987 0.640938044 0.12374413
    -0.199489534 1.37851977 1.05214798 0.253457278 1.27768135
    0.704412639 0.928309679 0.998865843 1.07742739 -0.0773875117
    -0.336019874 1.10778344 -0.194212615 1.44681096 0.474080503
    0.685619175 -0.346022189 0.934456348 1.3299365 0.431836843
    0.284292251 0.694385469 0.31717521 -0.323833585 0.77608037
    -0.441445678 0.952021778 0.710318089 0.369589508 -0.168661743
    1.48486304 -0.290515423 0.054698348 -0.0204146504 0.0437927842
    1.3355093 1.50986397 0.222113788 0.168112338 0.217605054
    -0.102373064 0.965234756 0.174985349 0.259738207 1.41715467
    1.44101965 0.807024002 0.0914957821 0.893193483 0.664910436
    0.119404882 0.469291508 1.09508598 -0.245475233 -0.472587854
    1.51449728 -0.147974193 1.25034404 0.0487965941 1.41075063
    -0.38812691 1.53065562 0.373238921 0.694638491 0.899099708
    0.0458695889 1.01503372 0.13526994 1.20102477 -0.487151384
    -0.0758119226 0.0584461689 0.810574651 1.45410466 0.277776986
    -0.0503690541 1.38461328 0.170126498 0.864113629 0.708861828
    -0.186538994 0.399354994 -0.205062091 0.0708903074 1.27977037
    0.0595926046 1.00469565 1.12271583 1.47576582 0.278623283
    0.947211385 0.475138426 1.0155009 0.284174085 1.31099153 0.158948839
    1.38208342 0.831561327 0.0747311115 1.41780436 0.709105968
    -0.336274713 0.834645748 1.28442228 -0.537088871 0.0471944809
    0.228837013 1.53061283 1.36111248 0.550136685 -0.0582886934
    1.36515069 0.698622644 0.695133746 0.268210769 1.00124097 1.44326782
    0.50825721 0.495643437 1.04536152 1.15824819 0.583577275 1.38125491
    -0.323317826 -0.529621243 0.552976549 1.03332186 0.625032902
    1.32499051 1.32875228 0.233658314 -0.0560072958 0.142860055
    -0.071726054 1.35915208 0.12192142 -0.0750901103 1.10828638
    0.583911359 1.49840093 0.879941821 -0.123615503 1.38610053
    0.194530487 0.340973496 1.51921833 0.66400367 0.169677436
    0.833206058 0.398892283 1.28025377 1.50598145 -0.0976820588
    -0.312586248 0.595358968 1.46911943 1.39900541 1.49278593 0.13204366
    0.835292757 1.48072767 -0.354091614 0.798219919 -0.332448721
    -0.24255228 0.964495063 0.874766648 1.15739179 0.785418451
    1.23899519 0.880731165 -0.408889592 0.698304772 0.0461055636
    0.897464871 0.747554839 0.0474517345 -0.159834623 0.122194409
    -0.268012494 0.392020464 0.940786779 0.0915179849 -0.415317655
    0.465026915 0.101673961 1.43589783 0.194342017 0.7825526 0.29697454
    -0.0838221908 0.578982472 -0.0622839332 1.01983917 1.26767242
    -0.327388614 0.00696349144 0.192676723 1.07326841 1.25779867
    -0.0291354358 0.573833883 1.41303158 0.262131333 -0.3791053
    0.788223684 1.22393656 0.478199661 1.28185368 0.0712687969
    0.694959223 -0.315889955 -0.468086839 1.03786278 0.0130342841
    0.593044996 -0.438427329 0.644139647 -0.161084533 1.2276063
    -0.248848706 0.438448906 -0.309123755 -0.225275531 1.22022533
    1.56010866 0.998631716 0.0408338904 0.56419754 0.540189207 1.2412231
    1.1650728 0.339776576 1.46173882 -0.1507653 -0.168879092
    -0.196683019 1.33364558 1.46533048 -0.115652502 -0.152319789
    0.194879055 0.627699673 0.156761169 1.21194685 1.26301491
    -0.208353996 0.304094791 0.970211446 -0.504966438 0.201573372
    0.770442843 -0.0357768238 0.350166142 0.72230041 0.174151599
    -0.325113714 -0.337923467 1.57450533 0.441566408 0.0893971324
    1.43143129 0.708919287 1.5472579 1.31647062 0.827016771 0.441904724
    0.301053941 -0.224753976 -0.448226631 1.0512408 -0.290161639
    0.528946161 -0.249296784 0.585000455 1.17813087 1.43525505
    0.33695519 0.026704669 0.154006302 0.39038384 -0.0285228491
    0.00250518322 -0.537999034 1.35661495 0.170794487 -0.478619397
    0.918182433 0.123100698 -0.194159836 0.66433835 1.42629838
    1.15436375 0.873383701 1.17713511 1.20367312 0.005217731
    -0.488353789 1.44286549 1.01345706 0.968635499 0.696462035
    0.881732643 0.751794755 0.719495893 0.844300508 0.709624052
    0.00160801411 1.54810476 0.782355428 0.346209228 -0.131746262
    0.0543622375 1.45195305 0.0906535685 0.263370544 1.14006782
    0.470920503 -0.0502533317 -0.453111321 0.494614124 1.43430424
    -0.571431756 1.39206147 -0.399866045 0.409874558 0.61909008
    0.751628399 0.291378915 1.31020117 -0.158306301 0.86131537
    0.469754994 0.72636354 0.614140868 0.785458446 0.338955402
    0.928103209 -0.154629707 1.13635182 -0.384249091 0.710128665
    1.46798825 -0.183343858 1.53661406 -0.490783036 0.581257164
    0.19178158 0.40106982 0.878180027 1.09391141 -0.135750175
    -0.278046042 0.77381438 -0.236243486 1.11093771 -0.44594714
    0.364410877 1.11245632 1.02117205 0.00954985619 1.05824244
    -0.53195107 0.735067964 -0.540677309 0.668499172 -0.199208826
    0.525074244 1.16885614 1.07635736 0.446463764 0.195779562
    0.692554891 1.0003438 0.794900656 -0.0750956237 0.943249583
    0.731639862 0.397562623 1.00822926 0.444529414 0.919727921
    0.64195168 1.5248065 -0.0959791541 0.0662863255 0.195878565
    -0.185779929 1.14584064 1.04802966 -0.305557728 0.117578089
    0.673375666 0.718725741 0.0720529556 -0.408437997 -0.109929323
    1.21889567 -0.383307546 1.34262204 1.07417417 0.321748316
    0.695604086 -0.111562073 -0.0858248472 1.42925704 0.880697548
    0.0884990096 -0.514021575 1.37126791 0.903146267 0.53218013
    -0.253893346 -0.548432231 -0.261517406 0.571609795 0.0471333861
    1.50963306 0.878358006 0.523412645 -0.467789829 0.99525851
    0.518690407 0.713536322 0.251869619 0.453141153 -0.517783999
    0.316528559 1.04080355 1.07467186 0.760906398 1.2479701 0.184934497
    -0.391949058 0.108153224 0.797079802 0.062941283 1.50375795
    0.429556131 0.526361585 1.01829612 1.36282754 0.071187973
    -0.270275921 1.21203399 0.976509929 1.26923645 1.15772939
    0.697636843 -0.151200593 1.17201161 0.0394138694 0.705371022
    -0.4130795 0.239952385 1.37213588 0.992981493 0.579664707
    0.406690419 0.621330082 -0.133532882 0.994673014 -0.158050269
    0.0319616199 0.561351478 0.503304601 -0.43795532 -0.356121838
    0.709381461 -0.443501949 0.148966342 1.09107089 0.961230636
    1.0618763 0.142402589 -0.0562978089 -0.369249523 0.147070885
    0.997969747 -0.401301146 1.53266394 -0.0784496069 -0.235856622
    0.643341959 1.42430151 1.1934278 0.950683296 -0.0170023441
    0.571104884 -0.0207172632 1.04753149 -0.200275958 0.70571214
    1.54493082 -0.39888227 0.0343877077 0.958378196 1.24842691
    0.0918244123 1.42902005 -0.00370258093 -0.492711604 0.120259702
    1.43905962 1.02227211 -0.489049137 1.19695067 0.428087652 1.49927878
    0.463438123 0.981041789 -0.0444909632 1.25767088 -0.221542358
    0.692975521 1.50203693 0.658205211 0.0516851544 -0.33504352
    -0.470133662 0.541540325 0.835241616 1.23058844 0.430044711
    0.00210988522 -0.458110154 1.45994473 0.29655242 0.36384362
    -0.1220842 0.355385363 -0.0469333231 -0.25831008 0.418575883
    0.351738334 1.1188519 -0.023194015 1.39458644 0.324375808
    0.319821119 -0.444393039 0.81005007 -0.190923989 1.18349469
    0.438686371 0.611580908 1.35414922 0.993492663 0.100747645
    0.398750663 1.05410445 -0.324595481 1.41690469 -0.360194504
    0.356522918 0.255501717 -0.179685473 1.38105345 -0.0749331713
    0.999078274 0.628488064 -0.283918053 -0.389291167 0.19300276
    1.31173289 0.575225472 1.12397444 0.468057454 1.25323761 1.3721596
    -0.419259995 0.113429904 0.70959568 1.35824215 0.540380716
    0.798022985 1.41787338 0.906176805 1.17786694 0.122328818
    -0.245334864 -0.044844985 -0.0730296671 -0.308062851 1.33317423
    0.582454324 -0.240046412 1.46270621 0.933577895 0.646034658
    0.747503221 1.52279449 -0.060113579 0.39291209 -0.529973924
    0.141789019 -0.218929142 -0.0941253901 -0.313642293 -0.0738890767
    1.00873137 0.586252511 -0.253752798 0.0228970647 0.809293151
    1.52288139 0.110750139 0.186895967 0.326935589 -0.0699094236
    1.09141457 0.892656922 1.07476354 0.375479162 0.562355816
    0.419519961 1.08022952 0.284113288 -0.0845966637 -0.118713468
    1.53693223 -0.512336552 0.967371047 0.502624273 0.611881733
    0.412439823 0.149961531 0.0544007421 0.880558133 -0.116685957
    1.48689461 0.0302813053 0.105404556 -0.0554718375 0.288047612
    0.621514082 0.316445947 1.3452127 0.909336269 0.958624244 1.01960588
    0.800741076 0.269250035 0.868396163 0.05685395 -0.499682039
    0.568146408 0.450949609 -0.518351018 0.769619226 -0.201287627
    1.58027756 0.713746071 1.27847242 0.257742763 0.75763768 1.33497298
    1.03315544 0.575817347 -0.372249186 0.0756626725 1.29222775
    1.41685569 1.07538724 1.3826102 0.47559917 0.585169733 -0.533793807
    0.940901875 1.44681263 1.30414033 0.528560579 0.09761554 0.342422903
    0.917337596 -0.0273109674 0.353935838 -0.48121646 1.48516726
    0.931778133 1.32199419 1.04607081 1.30113971 0.926389098 0.271692157
    0.478428602 0.464537442 0.328934014 1.41089416 1.2477529 1.46035957
    0.950687766 0.323260874 -0.250898123 1.01221645 0.0316417217
    0.91419661 0.0659006238 0.517454624 1.41537547 -0.290867925
    0.872135699 0.737793148 0.92425108 -0.426214427 0.0247642398
    -0.259891599 0.815071881 -0.427933633 -0.0773744285 0.669551015
    -0.051181376 1.40952826 1.13202453 0.53317982 1.036093 0.943799019
    -0.25533396 0.521605492 0.854403019 -0.200231671 1.37248647
    -0.289940298 1.46712899 -0.31472078 0.339620978 -0.248012602
    1.20859337 0.301477492 -0.49808535 1.13864636 -0.212284714
    1.16872954 0.243059397 0.590910614 0.595246851 0.0276437402
    -0.328573942 1.29849899 -0.531166077 0.354740322 0.929477453
    1.59487152 1.50331044 -0.00692588091 0.519644618 1.40012407
    0.0896021128 1.23563099 -0.0111356378 1.06927347 0.656932056
    0.879788637 -0.321377218 1.29364729 0.315918744 1.17608094
    1.16761088 -0.234811634 0.386959374 -0.443473637 0.0707278252
    -0.253237367 0.910864472 1.08659065 -0.339350104 0.621963024
    -0.0191521049 -0.365487128 0.459081769 0.080770731 1.43735695
    1.10032654 0.663294315 -0.534965396 1.11871135 0.45558244 1.44895852
    0.682388663 0.0368121266 1.1041429 0.654466331 0.83606106
    -0.407612175 0.967928886 0.973271966 0.168109357 0.0993747711
    0.0845711827 0.757760346 0.625120342 0.187046945 0.31499809
    1.48357868 1.02522993 1.27611864 0.649482548 0.457398117 0.475706637
    0.919311583 0.7417171 0.103240609 -0.157369584 1.16571116
    0.841685772 -0.0200297832 -0.388148636 0.504077077 0.770603299
    0.698388219 1.2943728 0.978325486 0.928675294 0.979480624
    0.363029599 0.512575269 0.712496638 -0.147012651 0.444219142
    0.733247101 1.30902648 0.873959482 -0.270419776 1.45728898
    0.964847922 -0.244391143 -0.422482491 0.0377731323 -0.105794221
    -0.361626863 -0.503620505 0.499130547 -0.0643748641 0.661502242
    0.674427569 0.821692109 0.284758806 1.21183181 0.328031898
    0.439099431 0.511269271 0.455666304 -0.381640077 0.666063488
    0.870001316 0.478037357 1.22184086 -0.30442524 -0.491054207
    1.13559532 0.595119119 -0.163400203 0.224979758 -0.325043708
    1.29560018 -0.35372147 0.982672751 -0.356123954 -0.100265324
    1.26094294 1.0285939 0.494330764 -0.0228648782 0.175727367
    0.657034576 -0.395092368 -0.165945977 -0.235999376 -0.0301617384
    0.557815671 0.857854128 1.05078959 0.131052315 1.22020221
    0.612278938 1.51570582 -0.48864463 -0.39890635 1.25811386
    0.629394352 1.33348262 1.18403864 0.194862545 1.28437328 0.444505811
    0.258232951 0.891637444 0.629273772 1.30459166 -0.426928461
    0.447366774 0.0688353777 1.32187653 -0.178214818 0.433011174
    -0.416944921 -0.419303745 -0.098417908 0.280069411 -0.514472008
    0.119446635 0.754627764 0.443283498 0.132560432 0.57499522
    0.930407345 1.39707458 -0.0328170657 0.100049675 1.19440413
    0.108170033 0.920102 0.198304564 0.757663071 0.147840858 0.585671842
    -0.24492234 1.0713439 -0.432682395 0.941495001 0.8457582
    -0.421260476 1.28317976 0.64139539 0.336087704 0.282731116
    0.559611738 0.522669435 -0.469226956 0.287857771 1.27203369
    -0.540192783 0.708948493 0.441213369 0.611851573 0.355754614
    -0.468798548 0.186096549 0.371330023 -0.266595423 1.1824162
    0.12690264 -0.498828679 0.0715818405 0.814265668 1.29798007
    -0.185812771 0.322162569 -0.380337298 -0.446437865 0.951109946
    -0.226308495 -0.0182399154 0.626719058 0.646720529 0.801018357
    -0.571953893 1.33734381 0.183263421 1.36186767 1.25609374
    0.444252491 1.21213698 0.768829048 -0.184103459 0.688934207
    -0.073119998 0.962035894 0.749079227 1.29696226 -0.171319366
    0.911183298 -0.0815022886 -0.494258851 0.647356153 0.353945553
    -0.191107631 0.578270674 0.66729641 1.23936594 1.23697031 0.6114977
    0.0614465475 1.09706986 1.12475371 1.58053517 0.725821972
    0.302991569 -0.415411949 1.11299992 0.490827858 -0.297234625
    1.16236305 1.42586207 -0.0692780912 -0.0693256259 1.25569868
    1.51509464 1.01222169 0.477363646 0.153161526 0.267451525
    -0.392452776 0.51817441 0.973040164 -0.314545125 0.3329252 1.0897975
    1.08803439 -0.216130465 1.12351966 1.13652825 0.800307214
    0.457151771 0.756373703 1.14201117 0.853374004 0.116957009
    -0.421896994 -0.21245563 1.06965375 0.608682871 -0.0872966051
    0.43518728 -0.208251595 0.590721846 -0.128165424 0.136960268
    -0.441602111 0.286059797 -0.132197738 -0.339765489 0.309957147
    0.635177135 -0.293785155 0.958647609 1.31480503 0.932988107
    1.18434501 0.114253938 0.0985919833 1.17605376 -0.290063202
    1.17583132 0.427486897 0.0908626914 0.863970578 -0.417079985
    0.487167239 -0.00760966539 1.33355069 -0.312746584 0.0958800912
    1.09436858 0.925581157 -0.122168779 -0.152966648 0.67105031
    0.973047078 -0.568443239 0.658204973 0.505267859 1.46567535
    0.433450699 1.08322227 1.2020731 -0.0273608565 0.154838562
    1.50568819 0.846640468 0.0158537626 1.7210958 -0.0728508532
    0.68404901 -0.0684291124 -0.366075218 1.55591929 0.00622045994
    0.236039907 -0.382683188 -0.0661349297 -0.0508714318 -0.161907822
    0.0763025284 0.122027099 -0.172383398 -0.173499435 0.39628619
    0.0739943385 0.239427865 0.849219024 0.166690767 1.4849261
    0.818644285 -0.326500058 -0.494059384 1.07808828 0.790945113
    -0.513870478 0.497005641 0.728482068 1.08962274 -0.00399202108
    0.276178122 0.821676493 1.0647136 1.30577087 0.698917508 0.561468244
    0.774067819 1.49850118 1.37553191 1.41596079 0.201528549 0.675653338
    -0.274750531 0.0406863093 0.939705491 -0.360125661 1.38872695
    -0.475664109 1.27273965 1.04207408 0.167478442 0.972032666
    1.06699252 0.325979531 0.741711736 0.946865737 0.551913202
    1.28731656 0.536176026 0.0913521647 0.547772288 1.32620955
    0.876161993 0.14416194 1.28849745 -0.487883776 1.54618204
    0.511229992 -0.407888234 0.2408351 0.0348873734 -0.461914062
    0.570040703 0.983472764 0.0348623395 -0.153138071 1.17977071
    1.46578097 -0.283480883 1.11517262 0.905257225 1.08765447
    0.753446221 1.05517054 0.593646407 0.093546927 -0.368958771
    -0.382237494 0.996229708 -0.317623883 0.161244869 0.184734464
    0.463228583 -0.176464826 0.272573948 0.0287946463 1.00077772
    -0.0772453547 -0.463890493 0.139274359 -0.396611243 1.51319706
    0.137336433 -0.0135172009 0.427462518 -0.55122447 -0.316500366
    0.0080832243 0.454531133 -0.443959862 1.29906416 0.00978702307
    1.21537828 1.26379156 0.148914516 0.341600299 1.43370819 0.80848676
    1.40528882 0.120897233 1.0477469 1.4057318 0.845716238 -0.153097749
    1.36692047 0.843038142 1.41292834 1.27098978 0.626501739 1.46922004
    1.50149322 -0.188261181 1.51956975 -0.46564275 0.114448369 1.1320256
    0.0287300348 1.47631574 -0.337810189 0.206419706 0.667281866
    0.704557717 1.34846401 0.139295459 -0.168880641 -0.297218621
    1.24297142 0.390376031 0.864770532 0.268049061 0.791017652
    -0.0261907578 0.0723094344 -0.339415669 1.40317619 1.1550411
    -0.538959384 1.46669173 1.30487537 0.533977985 0.28928557 1.17825258
    1.19231498 0.313259304 1.37837851 0.170808643 -0.36874634
    0.441866904 1.32369196 0.823565245 0.230318964 -0.469221801
    1.45455933 -0.228167117 1.08492351 0.0870723128 1.34925866
    -0.377049327 -0.0995109081 -0.465630025 0.504795194 -0.37513715
    0.151412487 0.205789328 -0.557076693 1.27377057 1.51187921
    -0.407622963 0.160965502 1.10387433 1.08946097 -0.564304948
    -0.0227122307 0.264468551 1.2020613 1.20359302 -0.522830248
    1.33177567 -0.213820606 1.38956094 0.446534574 0.724785626
    1.18899918 0.48158741 1.49380171 1.43308997 1.33471203 0.875994444
    -0.0465357304 0.222685099 1.03058839 0.217791677 0.469116211
    -0.0942721367 -0.521856606 -0.107863307 -0.35296461 1.05522394
    0.0370411277 -0.469744056 0.234807193 1.2531054 -0.201640785
    0.906956375 -0.106196135 1.37191427 0.941867352 0.894643247
    1.13935924 0.530215144 -0.0616184175 0.895590484 0.969165087
    -0.455896676 0.866106272 1.03378177 -0.0568906665 1.25030541
    0.920263827 -0.119779199 0.337081134 -0.496468723 1.05313015
    -0.359052271 0.851435125 0.0946418643 -0.124766022 0.732251525
    -0.0775851309 0.28417182 0.789865911 -0.295556068 0.0554430187
    1.22799492 1.79291081 1.49922276 0.874485493 1.49418032 1.27028918
    0.375222385 -0.293621063 0.436891615 -0.348184437 1.08684015
    0.849931479 -0.0567685068 0.98046267 0.66598165 -0.310209692
    1.53097749 -0.21533674 0.0348250866 0.759586751 1.24992716
    0.635036767 1.3148818 0.249038875 1.23677588 1.21018219
    -0.0580493212 0.852828681 -0.363324851 0.401386738 0.0957728028
    0.212830305 -0.126152009 0.791760623 -0.443549722 0.826541483
    0.279309809 0.241637588 0.568555057 1.21445203 -0.360427976
    1.18117177 -0.277749807 1.07940376 0.0417945981 0.211462557
    -0.528508663 1.17393041 0.942642808 -0.435871899 0.872343123
    -0.362695515 -0.228851974 0.141661465 0.808708191 -0.0215346813
    -0.163612872 -0.0634331107 -0.086956799 -0.0731832087 1.19954038
    1.25853038 -0.15473488 -0.511955142 -0.324374825 1.3710202
    0.526206255 1.50816655 -0.132810354 0.400706291 -0.493758351
    0.496964157 0.455425829 0.720092893 0.7974841 1.22868299 0.624135077
    0.0233470201 1.24961185 -0.193195164 1.08140624 0.365987301
    0.258778036 0.391409636 1.50227571 0.0253821611 0.994351864
    1.31518054 1.53525805 0.376503766 0.779094994 -0.179816455
    -0.34425199 1.50555515 -0.370364696 -0.552837133 -0.516816616
    0.765943944 0.463543922 1.52016234 0.643483639 -0.508421183
    0.826785922 -0.0326795876 -0.0440801382 0.380857348 -0.446510255
    1.05906796 0.560476899 0.275069535 1.34914458 -0.085876286
    1.35404944 1.4580853 0.566594779 1.53784585 1.0013454 -0.376003623
    0.507159233 0.740384817 -0.518057704 0.549729645 -0.620987058
    1.03521061 -0.547757685 1.15959442 1.42010713 -0.562206566
    1.34620953 -0.489499152 -0.201812565 -0.541289568 1.05253386
    0.183356643 0.63808471 1.39828587 -0.481815219 0.313074648
    1.12713253 0.985492706 0.635291576 0.696611762 0.07145226 0.13936305
    0.168197691 0.0981581211 1.43022823 -0.0905766785 -0.30518347
    1.32232189 -0.326422215 -0.0931344628 1.33109725 0.0796983242
    -0.125671893 0.696178198 1.09442925 1.24344969 0.0871423483
    0.528723478 0.238416314 0.133438945 -0.418183386 0.151878387
    -0.295185208 0.137182832 0.833288014 -0.346191615 1.24589694
    -0.184243977 0.961546957 -0.450559437 0.195442021 0.942620397
    -0.384952128 -0.521003962 1.03406405 0.621280551 0.837753832
    1.55364394 0.967583299 -0.318155527 1.02136934 -0.399508327
    0.589783907 0.137587965 0.290953517 -0.483625978 1.35744309
    -0.193999827 0.77362293 0.394483626 0.308244467 -0.4301323
    1.41704476 0.275766194 1.36549878 -0.25330478 0.438260198
    -0.42586273 0.627121866 0.56463486 1.41537929 0.106044412
    -0.502258182 0.68570447 0.543758929 -0.393779278 0.0694420338
    -0.451822847 1.43332243 1.04781985 1.19337702 0.144557953 1.49409342
    0.533646703 1.07120109 0.323367298 0.984894931 -0.238229543
    -0.286994606 1.21655869 -0.100802749 0.620416045 1.34195876
    1.07886779 0.328532279 1.39404011 0.563189268 -0.379380405
    -0.214975893 -0.379326761 1.04815078 -0.212869644 1.21202183
    -0.434587896 0.839957952 0.893065393 0.0276269317 0.732928038
    1.06778824 1.19872999 -0.458560497 1.33345854 1.44754934 0.52733165
    0.754608333 0.209864616 -0.432794899 -0.185695946 -0.104134917
    0.00247484446 1.32518983 0.299985439 0.0855531096 0.544796526
    0.370387316 0.233107835 0.373934448 1.5894165 -0.342461139
    0.517060995 -0.457615584 1.03776324 1.34920669 -0.0453794301
    0.642064452 1.135746 -0.346921772 0.407226562 -0.297063619
    1.53886509 1.3598305 1.13652635 -0.197202444 -0.309440792 1.48828435
    1.20550466 0.808096647 1.19271183 1.42459393 -0.0778467059
    -0.251145303 1.26897216 0.214400232 0.432460964 0.949305296
    1.29909992 0.354252279 0.500735223 0.00880277157 0.373191535
    1.55401599 -0.0858456194 1.25333583 -0.256394416 -0.185983598
    -0.343332142 0.623613 0.0961830616 0.494568229 -0.25834024
    0.454186916 0.824124753 1.37307334 0.271664143 -0.149563104
    0.257710516 0.82886821 1.46413207 0.690326989 1.40213752 0.784125984
    0.580555141 0.656054735 0.677388608 1.09738815 -0.318584323
    0.606845677 -0.480703384 -0.309487432 -0.295713872 1.43810272
    1.58712697 0.45503056 -0.392160058 0.31519863 0.63182205 0.573210239
    0.694623053 0.808582783 0.732171476 0.048586309 1.27350509
    0.306149662 0.192622542 -0.347046793 1.31774402 0.0145860314
    0.904231429 -0.548070073 0.218937159 -0.460744649 0.627036631
    1.03520489 0.945462823 0.0420039892 0.954919338 1.51365089
    0.0231058002 0.603060842 0.0402384996 0.297090054 0.107552469
    1.36170316 -0.144723833 -0.293195188 -0.225075155 0.276066601
    0.439969718 -0.0532231927 -0.356452703 1.21344829 -0.49812305
    0.975317657 1.00729847 0.525914311 0.0401172042 0.469453216
    -0.480364561 0.99831301 -0.421605051 0.679168224 0.713407159
    1.28961885 0.956852257 1.40189886 1.28096342 0.375757217 0.857394278
    1.30017018 1.46863127 0.134596646 0.625775337 0.549180984
    0.320059121 1.26354373 -0.48495242 0.197688878 0.132575512
    1.28991365 0.920347273 1.20827579 -0.395267904 0.550687969
    0.108422875 0.360292792 0.728327155 0.274454176 0.0133324265
    -0.217868924 -0.512199342 1.06460047 -0.417470455 0.470356584
    1.24288988 -0.0836451054 1.12839639 0.579420924 0.82958442
    -0.340302438 0.148133218 0.398288965 0.957262814 0.467168093
    0.774166405 0.137872875 1.01721108 0.883270502 1.42497897
    -0.147885144 0.843005776 0.300783396 -0.268890321 -0.18209222
    1.02306378 1.46286762 0.291088283 0.745554566 -0.394323051
    0.793434024 0.542953968 1.12044454 -0.339938074 1.54143918
    1.46740019 -0.103180885 -0.519308209 -0.398106933 -0.3895275
    0.224049032 1.23388183 1.46369064 0.597536266 0.271067142
    0.869649053 -0.388129652 0.340817213 1.30774951 0.976775706
    1.1386168 0.419729769 0.285391331 1.47127855 -0.0100669265
    0.718179762 -0.349165261 -0.108575165 1.49797797 -0.302393436
    -0.123421252 0.569612741 0.222642183 0.439139128 1.21649027
    -0.376370013 1.47456408 0.455960095 0.920329213 -0.00393402576
    -0.488500714 -0.0795765817 1.28517342 0.993821383 -0.121863723
    0.779302955 1.06666923 0.853675842 -0.478675187 0.331514955
    1.34198928 -0.160510302 1.46684611 1.45469356 0.56955111 0.993476212
    0.0848014951 1.43290424 -0.302345037 0.957128465 1.28704917
    1.38483024 -0.276222676 0.858973742 0.850379467 0.714635551
    0.921032548 -0.485029727 0.214173436 0.741241455 0.744343758
    0.193376601 0.533200562 0.119188547 -0.00972628593 1.21159327
    1.17038083 1.50109315 0.312378705 -0.48136887 1.37598681
    -0.117274642 1.35871398 1.79603124 1.51346564 -0.0752586126
    -0.42494157 -0.312422782 0.351611614 -0.464118809 1.00779092
    0.629980147 0.591260076 0.978590846 0.0723872185 -0.163453341
    0.47062102 0.678036571 -0.280150771 0.0238027573 0.983561397
    0.391838789 1.17426538 -0.356071532 0.326386869 0.931793451
    0.675375879 0.0718295574 -0.283094019 0.794811606 1.44735181
    1.41170645 1.12224412 0.64304471 -0.390166342 0.270028651
    -0.288905174 1.04924965 0.864805698 0.628575981 0.451119959
    1.42004406 -0.0439569652 1.53299475 1.12558317 0.259332299
    1.30664492 -0.377750933 -0.243552864 1.50660753 1.45764947
    1.17093027 1.38926303 -0.545865953 1.19344211 -0.362784296
    1.36502087 -0.323692918 0.310717523 -0.549594879 1.16930389
    0.207228124 -0.204167873 0.184989035 -0.161468416 0.437161326
    -0.111791164 -0.137686849 -0.116535068 1.38053596 0.353643656
    1.08479738 1.05465853 -0.171755612 -0.0656689107 -0.150236368
    0.187386155 -0.449821204 -0.461604476 1.12340069 0.981052101
    -0.449634254 -0.447196782 1.53176236 1.54227805 -0.316162437
    1.20133972 -0.215468854 0.62846607 -0.183137536 0.214826643
    0.0599203706 -0.529683471 -0.418572903 1.20859623 1.2453078
    0.499323368 1.22644508 0.480815351 0.527269483 0.0935054719
    1.39387512 0.824370503 0.556531549 -0.388057709 1.1050204 1.41682768
    1.39417887 1.45809138 1.32633507 -0.0741008818 0.577350974
    -0.0116115212 0.284584939 1.19028211 -0.411685735 1.0073601
    -0.438797593 0.885763705 0.786948562 1.33405924 0.576179743
    1.10523009 0.967389047 -0.118297577 -0.608076274 -0.296498597
    1.37280035 -0.159708828 0.568835557 -0.420360267 1.26294899
    1.0584414 -0.160680234 -0.513242006 -0.0760497451 -0.301589608
    0.636170149 1.05005789 -0.31621021 1.08516932 0.756453753 1.53396857
    0.380878389 1.30515015 1.23789024 1.04687107 1.12496924 0.934680045
    0.0214937925 0.349188745 1.07671332 1.13774967 0.472610235
    0.549440503 -0.516442418 -0.55131048 1.34615588 -0.0159870386
    0.548995972 1.16923547 0.234698713 -0.176904112 -0.454026967
    -0.137681395 -0.0476480722 1.4009645 0.487069964 0.922546983
    -0.0866449177 1.50791955 0.908634782 0.6053617 -0.180019677
    -0.371380776 0.658474088 1.34241462 0.261766553 1.05521846
    -0.512091637 0.988702416 1.39589429 0.793421149 0.347540081
    -0.323848307 -0.107293844 0.922532141 1.24036562 -0.269195676
    1.03188634 0.966773272 0.556653559 0.610151887 1.48143339
    -0.409217805 0.233175457 -0.154235482 0.552268922 1.14979148
    -0.4982723 0.236890078 0.356052399 0.286528766 0.371987939
    0.116528153 -0.0881817937 0.330567777 1.53107381 0.186976254
    -0.157338172 1.05480695 0.444966793 1.48769689 0.747595251
    1.04419279 -0.24385792 1.13786829 -0.0312078893 0.861918032
    0.249491751 -0.14311862 0.169000447 0.350053847 0.358902872
    1.22488785 0.694628 0.250142694 -0.191174746 0.156017721 0.925380349
    0.197471678 0.506479323 -0.00583189726 1.00415397 -0.362589031
    -0.0260734558 0.735959888 -0.402019918 0.50679338 0.629763842
    1.00034225 0.648059607 1.02109337 0.999164701 1.29147577 1.47353315
    1.17047179 0.541344166 -0.126333833 0.168691576 0.0604355335
    1.4456259 0.869062066 1.29625571 0.966078341 0.17701298 0.643189549
    0.117044151 1.64742351 0.147501439 -0.347802669 -0.345925719
    1.55698287 0.446632981 0.513941884 -0.108706415 0.612562597
    0.595623851 0.213174641 0.568139493 1.47018576 1.54284215
    0.230225742 0.483303607 0.761547029 0.685251117 0.770577013
    0.29888767 0.135462224 1.22613978 1.32896423 0.140820205 1.21962178
    -0.339709163 -0.0588561893 0.0208623409 1.29931152 0.25097537
    1.50391221 1.40651453 -0.236872137 -0.510605395 0.540217996
    1.50394475 0.983965695 0.264948606 1.39603698 1.35593736 0.753401995
    -0.449445575 -0.332261801 0.580985367 0.215396881 0.861629605
    1.05349112 -0.228556752 1.00714803 1.34839249 0.374273539
    0.194478035 1.37042129 0.55520606 0.78554225 1.04985571 1.48876059
    0.647539794 -0.0667184293 0.704601884 0.797375798 0.0163413882
    0.385547101 0.300948113 0.0492782891 1.18542123 -0.242583334
    -0.428161263 -0.355659544 -0.429448754 0.254799038 0.842848897
    -0.226756662 0.214740872 -0.405138165 0.289710104 1.46755195
    1.38130116 1.11572504 0.156082749 0.188551366 0.110104382
    0.260754585 0.63305825 -0.344096571 0.702869415 0.634070694
    1.20447373 -0.0254995823 1.314394 1.3918643 0.206177413 0.76384902
    1.57387137 0.579646468 1.32986057 1.48965645 -0.18214193 1.55880129
    0.612294793 0.782493293 0.648562551 -0.00843757391 0.437075734
    0.44937712 0.448503315 -0.414325416 1.45903802 0.564175904
    0.729761183 0.048407197 0.756791949 -0.503501296 -0.0842087865
    0.263409376 -0.0656320155 0.862426877 -0.00128430128 1.23060846
    -0.341574848 1.29072905 1.19700861 -0.414715648 0.16779393
    1.06922305 0.963113606 1.10317755 0.447240591 -0.187191248
    -0.498804599 0.161635399 0.916216731 -0.40283072 0.775965989
    1.48695409 0.00957638025 -0.375614196 -0.0776109993 0.172086239
    -0.136436433 1.26141429 0.44143784 -0.36569646 0.101077378
    0.444633901 0.1663059 0.407733262 1.03819489 0.808198094 0.145095348
    1.03992438 0.706577897 -0.376487464 0.903857052 0.212169051
    0.980181038 0.904802322 1.32259536 1.27335823 1.45926201 0.273076177
    0.474207103 -0.267380983 0.657588243 -0.474520743 0.0657616854
    -0.10227561 -0.468458712 -0.369034231 -0.0110544562 0.665426254
    0.211755604 1.09884071 0.0427362323 0.496310055 -0.492587328
    -0.439116985 0.672851503 1.42359209 0.710372567 1.47223377
    0.941865861 -0.0912994146 0.348033071 0.959406197 1.10875475
    0.192660987 0.113230884 1.45857799 0.250772059 0.450716853
    1.06276202 0.400824964 0.22832942 0.348812759 0.61673367
    -0.514890432 0.473041356 0.785579741 0.0896143317 1.44350708
    0.686710238 1.23052025 -0.481337696 -0.326731443 0.849575639
    1.13898373 0.879871607 -0.504996955 1.32976472 -0.296500146
    0.217001557 0.385023832 0.0609404445 0.0966875553 0.571628869
    0.943632603 1.09133148 0.531251907 1.03670371 0.400950372 0.32651794
    0.800555706 1.51379681 1.40539932 0.908577442 1.0083549 -0.173977375
    -0.418323427 -0.0520519018 0.513488472 1.41757858 1.11527395
    -0.103364378 1.49410748 1.05797791 0.22298795 1.39480662 0.24039185
    1.35631192 1.28800321 -0.639998674 0.453579605 0.919620931
    -0.358304143 1.25595248 -0.311019301 1.31555033 0.460876107
    -0.476908803 1.12131238 0.779789925 0.35810262 -0.0212500691
    -0.190430254 0.324503273 -0.27979517 -0.0431075096 -0.317093194
    -0.417945474 -0.0126177371 0.335644722 0.890861928 1.44297087
    0.974381924 0.339383006 0.0196239352 0.0510643721 0.410522223
    0.746656239 0.121173084 0.804702401 -0.402491421 -0.309858471
    -0.104003996 0.857820868 -0.249458671 -0.0956020951 1.07706857
    -0.471761286 0.806355715 1.26156485 0.716498673 0.512362659
    1.08833194 0.269671679 0.835829973 0.238831699 0.109669387
    0.830445588 -0.390093148 -0.421500921 -0.352607429 1.23868155
    0.101201773 0.401920259 1.45163584 1.30283618 -0.389512241
    0.195339859 1.1134665 0.150857925 1.52846503 1.5568459 0.898872614
    0.305013657 0.515048146 1.2764591 0.75820148 0.980670273 0.65900445
    1.40154934 -0.0447749496 0.628450632 0.500417411 0.0670615733
    0.849764466 0.359695703 0.966664314 0.299023956 1.0214442
    -0.458562285 0.773113251 -0.204144657 0.594840765 1.3435173
    0.282717288 1.24457371 -0.209556013 0.399743378 0.127556384
    1.06691885 0.767426908 -0.374542534 0.687059939 -0.562399089
    1.14078999 0.552688956 -0.27976954 0.126105845 1.06167507
    -0.060013473 1.49265087 -0.0829369426 1.30236113 -0.00761842728
    -0.546049595 -0.256198496 1.48373091 0.203082144 0.582390726
    -0.262093991 0.489434183 0.809908211 -0.184223324 -0.454362363
    0.618194938 1.49051499 0.0500091314 -0.344957471 0.682293534
    0.65859884 -0.301826507 1.32133555 0.959274411 -0.199255615
    0.0394800901 -0.496216506 0.959608912 1.04860759 0.217892408
    -0.407571673 0.776102185 -0.362904221 1.37303102 0.575431347
    1.12723613 0.506524324 0.889069557 0.708220065 0.0943877101
    1.25716305 0.526084781 1.14964199 0.692115605 -0.406383336
    0.569198012 1.39318919 0.509959817 0.212437749 1.44942474
    -0.336242229 -0.257012784 0.769737601 0.52374649 0.569120169
    -0.201420456 1.3850565 -0.352785558 -0.00535571575 0.260071278
    0.439601898 1.53373194 0.717632473 0.162111163 0.197061718
    0.391215384 0.76600194 0.178577542 1.495924 1.16740298 -0.403346092
    0.216418147 0.389571428 0.902852833 0.94048202 1.46199203
    0.050326705 -0.346585333 -0.521993458 1.50729561 0.026940167
    0.643190205 -0.195741177 -0.176190585 0.915029407 -0.22170648
    -0.37454316 0.26533258 1.58330011 0.980787337 1.5707922 0.65243125
    1.163867 1.54726887 -0.129454255 0.0459002554 0.861047626
    0.0585160255 0.412956923 0.186002195 0.245051503 1.07119322
    0.63525039 1.23855639 0.469767511 0.976191223 1.43077636 1.32656527
    0.021012187 1.40156984 -0.529093564 0.0167125463 1.20678473
    1.15794992 0.7352705 0.126586318 -0.434488475 0.262054086
    -0.372672558 1.09402704 1.04228687 1.38016987 0.495761782
    -0.0938165188 0.972793341 1.48986971 -0.396514535 -0.444123745
    1.45675635 1.2176981 0.433857322 0.574930668 0.595579922 0.378123641
    0.627370954 1.06183815 0.59196645 1.00426006 1.32195151 1.36092305
    0.189964771 1.22653759 -0.44810313 1.3600769 0.442847669 0.362776518
    1.25480771 0.940880954 0.396803796 -0.078967452 -0.536966443
    1.09556746 0.41746217 0.825062156 0.375935197 1.04977894 1.14958489
    0.97737813 0.877021492 0.764146507 0.803828239 1.3914088 0.432518661
    0.759829879 0.433018208 0.0935040116 1.23719859 0.397372842
    0.741534233 0.316461474 -0.332413584 1.13753986 1.22972751
    0.301345944 1.24619544 0.363085508 0.943558514 -0.275054932
    1.49762297 -0.229644984 -0.45839268 0.9234308 0.394166946 1.39705384
    1.37011993 -0.173813999 1.37045801 1.23522854 1.5308671 0.792728424
    0.889174342 1.2836597 1.01087248 0.0975044966 1.08628154
    -0.474172294 0.338729739 0.439243913 -0.258967459 1.03382742
    0.947379649 0.627361059 1.38380694 -0.336580962 -0.247757882
    1.12078238 0.61517787 1.57290149 0.282897353 0.342544079 0.481529891
    0.305378199 -0.372374505 0.264925182 -0.325457573 -0.379738092
    -0.0864507556 0.867920637 0.187086135 1.0962677 -0.427002311
    1.46231985 -0.489803761 0.587574065 -0.482366592 1.2773329
    -0.558854997 0.989073932 0.76880163 0.216686547 -0.303372443
    0.233839512 0.401324093 0.692389071 0.824598432 0.0680842102
    0.887800574 -0.283349276 0.0318409503 -0.211361349 -0.124200553
    0.597914457 -0.00558310747 0.0375853181 0.0383626223 0.669810176
    -0.420026779 1.33834016 1.00684965 0.354042888 0.336819828
    1.18536186 -0.107224315 1.44997549 0.84673512 -0.504679203
    1.35635257 0.312122583 1.0955441 0.732792795 -0.0099439621
    1.03938365 1.03743887 0.974777281 0.0370238423 -0.0501483083
    0.625823796 0.00382602215 0.289519012 0.978052735 0.973107636
    -0.176304221 0.000887036324 0.448927045 1.07738876 -0.0736446381
    1.48385477 0.672614336 -0.554983735 -0.223385781 1.10447288
    1.55360031 1.2669282 0.367255092 1.52295685 -0.0395880342
    0.232913703 0.107859492 0.538928986 -0.391579926 -0.349535882
    0.318895459 1.18018198 0.636433065 1.45760036 0.410946608 1.05913162
    0.581386566 -0.0771787167 0.091008544 1.48694003 0.316706955
    0.174564779 0.150008798 0.0451437831 1.45179939 0.0840953588
    1.29703307 1.16443551 0.757891357 0.576938152 -0.44649747
    -0.488278121 0.650734663 1.52147269 1.25337768 -0.516978204
    1.45578313 0.524693668 0.894784451 1.06005216 -0.17174986
    -0.0499228239 -0.373551667 0.829478264 0.284312367 1.43403244
    0.101752996 0.791931212 0.764128447 -0.0344176888 0.310610712
    -0.342373848 1.43677771 1.42978656 -0.485325128 0.799283624
    0.811156034 1.43776751 -0.15883553 -0.332070142 1.17944479
    -0.397189975 0.869569778 0.461779624 0.570245206 -0.0345062912
    -0.49037075 -0.415774763 0.867695689 0.373763084 1.13385224
    0.971854031 -0.401662707 1.16208839 0.471052468 1.27328372
    -0.243285358 1.28719258 0.469195247 0.972170413 0.0334303975
    0.986568153 0.972158968 0.393002808 1.39643002 1.28497338 1.26716924
    0.467381537 -0.574874997 0.743088007 1.36231875 0.444959164
    0.925708354 1.20985937 -0.261115491 0.0616264939 1.4038887
    -0.487695634 0.49110502 0.164818287 0.854322195 0.710017502
    -0.267065316 1.4122467 0.892672718 0.980047822 0.286687493
    0.157733083 0.402139425 0.816351175 0.505532742 1.29535222
    0.900842607 -0.181021005 0.31293422 0.694138944 -0.465840429
    -0.345516413 -0.492181808 0.531852961 0.741683006 0.805341423
    1.01561689 -0.0832167566 0.781035542 1.3977083 0.0137972236
    1.06591141 0.915017903 -0.129212469 0.978115499 1.28222847
    1.14716637 0.329349399 -0.243420482 0.930039287 1.32389903
    -0.379384875 -0.401933134 0.25310427 1.33653188 1.49652171
    1.39105916 0.20006156 -0.400216788 0.926502943 1.21261179 1.76287699
    1.0171001 1.16381156 0.832131028 -0.25665471 1.19863081 1.22513664
    0.763265431 1.02486563 0.662325621 -0.247158766 1.1833868
    0.430895627 0.741421819 0.0319527388 -0.518795311 0.344763815
    -0.25705573 -0.456639349 0.433068991 0.7157498 0.0203981996
    0.446826398 1.16215038 1.49441576 1.026618 1.04298568 1.39257169
    -0.031535387 0.44460243 0.421813667 0.489712059 -0.301207691
    -0.435590625 1.42951214 -0.0185866356 0.0251621008 0.595862865
    -0.324635208 -0.237508804 -0.116814464 1.0672754 0.0954022706
    -0.373344839 -0.433622688 -0.323420346 0.0988747776 0.53042388
    -0.198900014 0.801473498 1.03091145 1.49851346 1.02299309
    0.176059425 -0.272533387 -0.502648771 1.17040038 1.08869934
    0.986756265 -0.471306801 0.243709445 1.28984118 -0.419116616
    1.43236828 0.398798823 0.240545094 0.171328217 1.53786659
    0.350140274 1.25301158 -0.326239407 0.933803201 -0.310439587
    -0.418210596 0.844626546 1.54802442 0.77843982 1.30769062 1.2223835
    1.06528306 0.444610417 1.33344591 0.0365837812 0.695848346
    1.00704062 0.348111689 0.934118211 1.37413931 -0.119097322
    -0.276133984 0.0164631605 0.345132709 0.344165862 -0.294935346
    1.00859451 0.445563674 0.0875445008 0.437092304 -0.348538369
    -0.12245366 -0.240297347 1.35180533 0.260936499 1.50835943
    0.440011203 0.341496766 0.688182473 0.648129165 0.585345447
    0.449469209 0.858882904 -0.336486459 -0.133567512 1.29571843
    0.261392385 0.948513746 -0.102844924 0.593625426 -0.287425339
    1.53716183 1.04750764 -0.524524748 1.28457212 -0.566477656
    0.960606992 1.01329768 0.669483662 -0.468797028 0.567347229
    -0.494052351 0.967200279 1.22137284 -0.283825457 1.41606212
    0.706143439 1.36868846 -0.493681252 0.754701197 1.39827681
    -0.243500233 1.2727176 0.888822496 -0.128856659 -0.252032608
    -0.345387995 0.111180961 1.47341216 -0.204431713 -0.201554418
    0.873261034 -0.345596254 1.14143085 0.469713271 0.298276246
    0.335272908 0.555787683 0.0957525373 1.14362466 1.38654113
    0.748855114 0.608312607 1.21923816 -0.01216501 0.435583651
    1.36140549 0.575010836 1.55094886 -0.133868188 1.23381841
    0.257243216 0.523551404 0.93117398 1.16864026 0.649860084
    0.0693422556 0.16578421 0.791922331 1.03951895 0.0930504203
    0.145913482 -0.440159142 0.422344327 -0.194379985 1.29914522
    1.27943623 0.631768942 0.496918678 -0.0227311254 0.320901752
    -0.282228827 0.63787061 -0.589451492 0.877667904 1.12736654
    0.0640681982 0.716589689 0.20121181 0.361952901 1.23890495
    -0.356885552 0.408634007 1.4055016 1.02917314 0.232060432
    -0.0233263373 -0.202585667 1.20273805 1.27661574 0.665744066
    1.07133198 -0.46774444 -0.000777959824 1.45924973 0.00494003296
    0.712042809 0.20861727 0.90007478 -0.527522743 -0.0254244208
    0.250345409 -0.275294393 -0.155318141 0.272269964 -0.534401238
    1.55944765 0.704428971 1.47408438 0.322375238 -0.344738275
    0.458122611 0.489258349 -0.341189563 -0.189546406 0.861456752
    -0.452526271 0.231125772 -0.217829823 1.41440928 -0.144034594
    -0.417654037 0.164576232 -0.241670102 0.117901444 0.173347712
    1.46308494 1.39372849 0.3139714 0.103078067 1.09376061 0.259481668
    0.747831285 1.26504779 1.10519719 1.62133586 1.04574895 1.3058877
    1.63681293 0.76555419 1.38406277 0.643310606 1.09519553 0.16104877
    0.394080102 -0.352249324 -0.0164337754 0.253810227 0.380045652
    1.15073204 -0.349694133 1.50818133 0.77454859 -0.189447224
    1.14708149 0.452407479 1.43723881 -0.176289707 0.757844687
    -0.281836629 -0.238657206 0.268037498 0.755565703 -0.200048178
    -0.185899734 1.48769498 -0.443068683 1.00696051 1.29461598
    0.510051668 0.923097193 0.717906356 -0.406667352 0.811284721
    0.782495439 1.44131708 0.414161026 1.26167333 1.23603487
    -0.407899231 -0.325692147 0.672336161 0.416019857 0.666602433
    0.111931622 1.11615539 0.241672456 0.616545677 -0.491573483
    0.216560543 0.188383996 0.232424319 -0.34468624 -0.171089262
    1.04622936 -0.411228836 0.311067939 0.616919458 1.15258837
    1.41581607 0.725881398 0.833600104 -0.312580705 -0.277119756
    0.284329265 1.28004277 0.391566128 -0.247429207 1.61297536
    1.24331117 1.35563183 0.633515596 0.804899693 0.600455046
    0.227073193 -0.319632351 1.42392373 0.793588579 0.501710832
    0.534278572 0.527606189 0.0801907778 -0.425201178 1.02799916
    1.3078593 1.18696022 1.44785762 0.799239814 0.839159548 0.608573556
    0.507260323 0.588809907 0.193786919 0.783117652 1.53809273
    0.576818585 1.14697742 0.538625777 1.27630031 1.07840943 0.625211775
    1.19456267 0.401877463 0.445100129 0.047504127 0.796117485
    0.229625583 0.344255805 1.45381963 0.103677928 0.649502575
    -0.169726282 -0.168973565 1.15341401 -0.24403885 1.28566766
    0.844738245 0.239191353 -0.138037145 -0.438979238 0.326984346
    0.849200428 0.345936656 0.0599129796 1.2522707 1.29716539 0.85943687
    0.953429699 -0.37695241 0.266064346 -0.511551142 1.41964197
    0.525601387 0.955715895 -0.435665011 1.52682471 1.32859969
    -0.525915384 -0.231487185 -0.526775599 0.23677665 1.2432797
    0.640652776 0.46434164 1.46025205 0.89951098 1.27577448 -0.260132372
    -0.391788125 0.506514728 0.980869651 -0.578651607 -0.156564653
    0.238848269 0.202399015 1.52045739 0.869906902 1.28582525
    0.718773782 -0.144951701 1.43911195 0.862517655 1.28313279
    1.39861083 0.913459897 0.883158267 0.837053597 0.973023117
    0.299227238 -0.212084651 0.568801284 -0.293083549 -0.387238979
    -0.182484746 -0.143578619 -0.367587477 -0.228437498 -0.253812104
    -0.136275947 -0.209486723 1.09242868 -0.173235655 1.38098454
    0.367726743 -0.413238943 1.17385769 1.1211437 0.0350643992
    1.49651456 1.02734125 -0.184300214 -0.423727453 1.40975189
    1.00552726 0.353672922 0.459411442 -0.0715683699 -0.377489984
    -0.410072982 0.0760959387 -0.354482979 0.380404115 1.00168025
    0.265419841 0.0511270761 1.59190047 0.0993101001 -0.0797646344
    -0.0900140405 1.33933425 -0.234049171 0.828133225 -0.0102313161
    0.850106478 0.758838654 1.0629288 1.35797524 1.36221683 0.45431906
    0.789811611 0.251392782 0.0957616568 1.45217097 -0.489765614
    -0.201119512 0.54721576 1.47424436 1.09570193 0.321440995
    0.139308929 1.48184204 0.435167074 0.957568526 1.13524878
    0.717341125 0.34522301 0.947924376 -0.195787847 0.312523186
    -0.0348141789 1.15261245 -0.430114478 1.54701138 0.782023489
    0.436589539 -0.189790547 0.54633075 0.80923003 0.660856426
    -0.141029119 0.985153913 1.62801039 -0.0790860057 -0.236652181
    1.33251059 0.480717778 0.331975102 0.510084629 1.53142846 0.83556962
    -0.366805017 0.518014967 1.0510627 1.36995745 0.483089149
    -0.394732624 0.26031816 0.989519715 0.977353334 0.452879846
    1.48843014 0.913843751 0.605776072 0.913158655 1.31024146 1.07566345
    -0.53617835 -0.565157652 1.465976 0.861480057 0.708687663
    0.0947523713 0.183898211 0.0437560678 0.329911053 0.38683331
    1.21276379 1.11248255 0.143033206 -0.323346168 0.0195955634
    0.662252903 -0.107997656 0.714983344 -0.031965971 0.768086731
    0.315515548 1.19258499 0.336375475 0.0302803516 0.650546849
    0.497582257 0.243785262 -0.193277627 0.0598198771 -0.0530359447
    1.40348577 0.730927825 0.337361813 -0.31330055 0.749781013 1.2885859
    0.948790133 0.521677136 -0.268344343 0.725961626 0.652534544
    0.243157923 -0.000454068184 0.996513307 -0.305424571 0.854353905
    0.819398999 0.357292473 0.511574388 0.472060621 1.12785602
    0.271694005 -0.277484685 0.826797783 0.0656484962 0.764136851
    0.69165802 0.778791189 1.33635235 -0.0292359591 1.39297819 1.1808629
    1.13943994 -0.0504670143 0.160774231 -0.161476582 1.38801217
    -0.158883393 0.833032429 -0.0222931504 0.315562606 -0.355464399
    0.913874149 0.685332894 1.05846822 -0.367219985 1.545982 0.645421624
    0.641427875 0.356852859 -0.198305726 0.0110051632 1.45430195
    0.121981442 1.0757618 0.76393944 0.382418394 1.1765008 0.182836771
    -0.0658956468 0.604031563 0.153901875 -0.487186283 -0.250419348
    1.37711489 0.209228396 0.985498548 1.39787054 1.20547378 0.81154269
    -0.477684706 -0.206876725 1.46232033 1.14056301 0.324344754
    1.05997205 0.797999501 1.37926972 1.16724241 -0.329564631
    -0.255026042 -0.506963134 0.257802546 0.61336571 1.52073503
    0.685926139 -0.0885936618 0.575590312 0.839163482 -0.383976161
    -0.352506816 0.425057828 1.07814646 1.39257193 -0.16565913
    0.71881026 1.43647981 1.14282906 1.09044719 0.686803579 0.562066674
    0.611878514 0.707641244 0.792383313 0.68941462 0.255057812
    -0.538278341 -0.0123654604 -0.275603294 1.37441492 -0.406326354
    0.75410974 0.691978157 1.26538348 0.823653758 0.352179289 1.16862333
    1.47265315 0.265843809 0.810021639 0.130372763 -0.0736951232
    0.238642633 0.0494611859 0.141633868 -0.234177619 -0.110812992
    1.53409541 -0.15381074 -0.138313979 0.400131524 -0.350756586
    0.454288661 0.164325535 0.406081676 1.06221151 -0.202536374
    -0.0471770763 1.12503552 0.625053763 -0.363650531 0.140625894
    1.08811963 1.02612853 1.07079649 -0.185472846 1.2487973 1.25041342
    0.0361874104 0.669012725 -0.254938632 0.333594859 -0.23977384
    0.201984227 0.209832788 -0.0947635174 -0.521721542 0.069958806
    -0.44352442 0.680362463 1.10544109 0.336445153 0.268602908
    1.24821877 0.057677865 1.32439375 -0.286759943 0.737919033
    -0.0388175249 1.0751996 -0.27589485 -0.195709616 -0.108629107
    -0.323351681 0.301122725 1.50520349 -0.491328031 -0.412905216
    1.0230211 -0.28392911 -0.461896896 0.990863323 0.774686575
    -0.167202681 0.105724573 -0.471438706 -0.52661854 -0.186149776
    0.526385963 0.450873315 1.06562257 0.281858623 0.506110311
    0.657351375 -0.466351986 0.154209256 0.81641978 0.121172547
    -0.40882051 1.25277972 0.895457566 1.42444623 -0.203713566
    0.948803186 -0.112221718 -0.140835181 0.585898519 0.663847685
    -0.184642464 0.856672704 -0.0344771147 0.581040263 0.287408173
    0.259607375 1.22877026 0.467323542 -0.516236365 0.749476254
    0.400966883 -0.45674935 -0.0195770264 0.708907366 -0.212465465
    0.194813848 1.23902202 0.628580332 0.314080596 0.000713467598
    0.964236617 0.442796826 -0.524264395 0.538575232 -0.236142308
    0.500152111 1.33149302 -0.207466274 0.39591819 -0.49473536
    1.47363114 1.53866434 0.494285464 0.0541003346 1.03472829 1.20799685
    -0.0760885775 0.0763900578 0.840036631 -0.196247876 0.146397978
    0.926401794 0.681263447 -0.153454989 -0.0798410177 0.695827186
    0.278577626 -0.119378775 0.606450975 1.29433167 -0.0336132646
    1.46529388 0.848932505 0.180727005 0.777594626 1.06175399 1.24885321
    0.894734204 -0.018948257 1.18453538 0.558946848 0.604853511
    0.819431663 0.641868234 0.920445323 -0.138077915 -0.526136279
    0.573724747 1.28956962 0.50201261 -0.500558436 0.203899622 1.02844
    -0.107712746 0.298915923 1.47240722 0.478763759 0.586042702
    -0.156155586 1.32040489 0.735877812 0.470271289 1.02576005
    -0.0984441638 0.806316495 -0.207259119 0.788777292 0.303719163
    -0.403332055 0.213261247 0.969264507 0.731101811 -0.244883612
    -0.3164258 -0.422650963 -0.418821394 0.829349279 0.19411391
    0.75096494 1.47661555 0.240437031 0.589696407 0.34729749
    0.0047339797 -0.534948945 1.22097838 1.14287722 0.338517904
    0.0121501684 1.32593894 1.37600839 1.05920005 -0.144754291
    -0.281990379 0.216897458 0.324637294 -0.378175646 0.0350665152
    0.440301001 -0.130356044 1.04943812 1.05239248 0.926687241
    -0.262140632 0.53520447 -0.271291554 0.538982332 1.50291109
    0.969168603 -0.475732714 -0.0945813656 -0.500877798 0.393331766
    0.44097501 1.46978879 -0.495720595 0.517276168 1.21679711 1.25009036
    1.40685105 1.41338611 -0.307775438 -0.395817101 -0.11355117
    1.51276553 1.09897316 -0.330504 1.32723212 0.583437383 0.874585271
    0.491515756 0.810480416 1.53636134 0.950760186 1.31027031
    0.654656708 -0.411889493 0.723279536 0.508130729 -0.23745808
    1.10206509 0.960839391 0.214903355 0.145585597 0.580996275
    -0.508804142 -0.19877407 1.34578311 -0.238183469 0.508166909
    0.522418141 0.0972313583 1.11688578 0.292009413 1.48595619 1.1050595
    0.936402202 -0.253715485 -0.381244868 0.553480089 1.1074357
    0.475399673 1.12404871 0.935819864 -0.208611637 -0.0579692125
    -0.214274883 -0.343441516 -0.070019722 0.455757201 1.33350909
    1.23210025 0.294728041 0.52076149 1.48536563 1.1912508 1.28806818
    0.994766235 1.17642856 0.673847556 1.49649048 -0.37915808
    -0.114128709 1.41575503 1.06913805 0.233999372 0.528821647
    1.10412216 0.682738543 0.70655179 -0.166867942 1.43350339
    0.100422382 -0.0137323141 0.0954130292 0.651178002 0.752793968
    -0.107577562 0.320338011 1.43966126 1.35848045 -0.469924688
    1.52588177 -0.353898108 -0.318499565 1.01642823 1.12445486
    -0.0211989284 -0.518006563 -0.197211057 0.880155146 0.807632506
    0.396933019 1.17661929 0.00952625275 1.39855695 0.931864798
    1.14512491 0.436860681 -0.482226253 0.378932416 0.155818343
    0.804608524 1.06040144 1.33988726 -0.489242077 0.894079864
    0.447110951 0.0574124455 0.0323351026 0.337611467 0.73883003
    0.302259952 -0.0292613208 -0.0650757849 0.000778526068 -0.133936733
    0.693589628 0.445246756 1.00725329 1.03564167 0.21273154
    -0.136943579 0.791086137 1.20268583 0.633493721 -0.0253540277
    -0.444279075 -0.204550624 1.28843033 1.06380141 -0.138491005
    -0.194583297 1.4117831 0.119610608 0.183924437 -0.553300679
    1.1094954 0.694233954 0.0307616591 -0.143954456 0.608372569
    -0.281112522 -0.490641892 -0.15955767 0.832399309 0.37527436
    1.01326036 0.00135397911 0.73944664 0.671728969 0.919603467
    -0.409111053 -0.153259397 0.495034218 -0.240755737 0.836072803
    0.718692601 1.45468569 -0.228304625 -0.206448048 0.60174787
    0.434283882 0.139030278 0.48551923 0.166083395 1.55713356
    -0.510460079 1.42432988 1.01294947 -0.171991587 -0.175951242
    1.04051852 0.81457603 1.41290164 1.04680562 -0.431309819
    -0.293061614 1.14777219 0.524846554 1.10700965 -0.256701171
    -0.0286639333 0.663116693 0.163945317 0.580382109 1.50621748
    0.99478811 0.933612227 0.316670775 -0.35789448 0.140919447
    -0.223842978 0.804635584 0.179173648 0.339786708 -0.449023068
    0.563154459 -0.320209473 1.39166188 1.34468961 -0.23988837
    -0.0210702419 1.17824924 -0.3359707 0.300940156 0.0536830425
    1.41193557 1.50100529 0.873564243 -0.430276036 -0.257101417
    -0.0745183229 -0.318313181 -0.0735239685 0.949648499 1.29574776
    0.162645668 1.33055568 -0.280471653 0.00951212645 -0.33142674
    1.45464599 1.47950137 -0.500955224 -0.0769312084 0.683752179
    -0.13438347 0.0904096067 0.405615807 0.456395715 0.0221529305
    0.611914933 -0.00905272365 0.199162543 0.0981848836 -0.285000265
    1.13709474 0.720436275 0.983754694 0.170728207 1.29830444
    0.245120943 0.980674386 0.798317909 0.804085255 0.765595973
    0.557897031 0.403778613 1.19787312 0.228422582 0.961077094
    0.612616897 -0.00653898716 1.54952884 -0.289530694 1.07448387
    0.0509054065 1.34136081 1.3344543 0.0863432288 0.375311255
    -0.444743037 -0.0729722381 0.860579491 -0.153729588 1.4049232
    -0.276862115 -0.108830601 1.24152517 -0.306636393 0.808306694
    -0.192111999 -0.359499753 0.887945056 1.30943775 -0.462256104
    -0.425084472 0.870653093 -0.199219048 -0.187178433 0.638956904
    0.832525074 0.115377367 1.51789832 0.412554264 0.147860765
    0.141293347 0.485051811 0.499953151 -0.093431294 -0.349125266
    1.06849742 0.642903626 0.0298746228 0.219331563 1.08057702
    -0.00603055954 1.01382685 1.33522987 -0.0457023978 1.13166022
    0.215232074 0.123244643 0.801777959 0.19784379 0.564418435
    0.534980834 -0.144414991 0.0353539586 1.46993625 0.884527981
    -0.287535518 0.745155573 0.0441305637 0.523809791 1.54069328
    1.27288043 0.768224835 0.253293335 1.19171894 0.133100271
    -0.436477453 0.136046171 1.41782367 0.969111621 1.43640685
    0.0828841329 1.33080506 -0.0768538117 0.588168323 0.96914947
    0.0718411207 0.880853653 0.235752046 -0.341648579 0.949459851
    0.773789346 0.813492835 0.981802106 0.507449508 0.928137362
    0.364906669 -0.42493391 -0.369823873 0.65888679 1.10674381
    0.804339945 0.764986098 1.12154472 1.41655719 0.345177799
    -0.0885908306 0.388976336 -0.461405814 0.328559041 0.201177418
    -0.0551226139 0.823395431 0.156955242 0.593601823 0.511741877
    1.33844495 -0.470204353 0.957958341 0.386284947 -0.0234441459
    0.948840797 1.2390995 0.971694589 1.05957198 1.06639707 -0.14433381
    0.567117691 1.39647126 0.728304386 0.776238024 -0.446181953
    0.562162161 -0.284535587 0.048080802 -0.295999348 -0.281442076
    0.596531272 1.16134572 -0.0253203511 0.150675118 0.600430846
    -0.514466286 0.884787321 0.993967772 0.111661196 0.0305719972
    1.25105417 -0.512928069 0.53665787 0.399733841 1.44572854
    -0.237881422 1.02449799 0.518306732 -0.145440906 0.606333137
    0.984436929 -0.335695207 1.56022525 0.365169227 0.437909484
    0.456156671 1.49417996 0.979507685 1.05118394 -0.244773418
    0.878153622 1.48846817 -0.0108392239 0.0885477364 1.40106344
    -0.466212839 1.17436433 1.21543157 -0.0762110353 0.936093211
    1.05276477 1.03566909 -0.150977433 -0.468234897 -0.225089848
    0.758966208 0.462561011 -0.265932918 1.35080779 0.916193724
    0.0103632212 0.223937511 -0.0171918273 1.47075164 1.01894665
    0.12838614 0.273428261 0.519401312 0.273151815 -0.564787745
    0.93609786 0.143757582 0.459278882 0.301310658 -0.37627998
    0.928781152 -0.0671797693 0.667025983 -0.513506353 1.17883146
    -0.141991735 1.08713102 1.40333128 1.50940251 1.43176544 1.47113657
    0.377049148 0.239599705 -0.0800739825 -0.145769924 1.33283317
    0.0414069891 -0.490264356 1.49143219 0.221278518 1.35374081
    -0.237863198 -0.312165022 0.0589016378 0.717239261 0.625880599
    0.0461791754 -0.448814511 0.542356193 1.09125984 1.18544757
    1.47180545 0.0555215478 1.27095127 0.258129299 1.01834071
    0.807647705 -0.243241519 -0.0252302587 1.54544961 -0.366679758
    0.647001386 0.201079011 -0.0397714972 0.448346376 -0.0387299061
    1.43615997 1.44437432 0.851688743 0.0410108566 1.46666598 1.15026999
    0.733185768 0.513281763 1.19348943 1.44256568 1.53366351 0.996436298
    0.815656662 -0.373225689 0.518633306 0.533409417 -0.504418373
    0.0628226399 0.772259235 -0.208077908 0.420755744 -0.36065805
    1.18822575 1.41668856 1.25658917 1.37832189 -0.362581909 0.763536453
    0.767403185 0.555113673 0.433848143 0.672787189 -0.0747855306
    -0.409126043 -0.200056374 0.909384906 0.0857924223 1.16145527
    0.299599528 -0.426098436 0.920033634 1.00509048 1.05759501
    -0.288528711 0.437322378 0.380683601 0.719130814 0.308538914
    0.434568346 1.11448359 0.041780293 0.80469507 0.864749193 1.44448066
    1.21014404 1.49815905 -0.330571055 0.0147906542 1.24815655
    0.227080286 -0.0376132727 1.14382529 -0.375708044 1.09740186
    1.50890112 -0.187095761 0.699700892 0.0972553492 1.09271002
    0.481094658 1.53895092 0.767017722 0.71638006 -0.532390416
    -0.360036612 -0.535904169 1.13025069 0.2044366 0.858334899
    1.38255191 -0.212618262 -0.147853076 -0.533054233 1.01596022
    1.05435252 -0.503512084 0.392574191 0.277635455 0.776303649
    0.0104527473 0.340402663 0.565413773 1.50434875 1.26025152
    0.400893748 1.56494784 0.0339930058 0.866039336 -0.412496269
    0.432899475 0.679919958 1.48029459 1.23221016 0.203852415
    0.823475122 0.862425506 0.664626002 1.1819725 1.42169106 1.06711936
    0.367619038 0.374467969 1.04803443 0.838488519 -0.244491324
    -0.403944552 0.0118492246 0.086238265 -0.276973903 0.881642461
    1.32506657 -0.16210252 1.00471473 0.61914885 1.27723813 0.158364594
    1.18649721 1.29114747 0.59169507 0.168958992 0.878618479
    -0.035143584 1.10405242 0.84063679 1.19533348 0.0773940682
    1.33547008 0.890503943 0.663717031 0.569673955 1.04065454
    0.183500648 0.0821112394 -0.517663062 0.30735743 0.505266368
    1.20576477 0.23697269 0.0449603796 0.142101407 1.47817874 1.2825557
    0.253934503 1.52079964 1.49377823 0.455076218 1.2620492 0.391684353
    0.204558194 0.270854831 0.369958341 0.546089351 0.77858901
    0.379424095 0.577844262 1.36712933 1.18322825 0.918033063
    0.541259527 0.923704863 -0.104719728 0.586122751 0.272014469
    -0.362133205 -0.28330183 0.778564215 0.905788898 1.46909273
    -0.304831266 0.170362294 1.2038486 0.969751835 0.873539567
    0.988397896 0.315875173 -0.256178319 1.49858177 0.555092216
    -0.286404729 1.47450614 1.42845249 0.413743258 -0.518985629
    0.457198918 0.301671088 1.27816987 1.47144914 0.421482801
    0.966389179 0.621510863 1.32031131 -0.0602084994 0.909694135
    0.542143166 0.955253661 0.415633202 1.27408504 -0.113932043
    0.559675694 0.711126864 0.305575609 1.42088532 0.720370173
    0.0471420884 -0.371233433 0.707176328 0.0542514324 1.12966383
    1.19665051 0.562147915 0.459332585 -0.403536558 -0.0129643679
    1.30225992 0.171919107 -0.273495466 -0.231536299 0.672689557
    0.591646671 -0.289739072 0.299179733 -0.0623335838 0.668383837
    1.33755291 -0.152347058 1.32122946 0.933746219 -0.422510415
    0.4805426 1.43405545 1.12182379 -0.0910720527 -0.222804844
    0.418139935 0.778605402 -0.369349509 0.973582745 0.214896619
    0.724639773 0.0672156811 0.524307609 1.41111159 0.428870857
    -0.079780519 1.35147119 0.598163664 0.449891508 0.100722671
    0.102025747 0.676083446 0.0642930269 -0.538952708 1.04182661
    1.34115148 -0.443973243 0.372316718 0.994734883 -0.168400407
    1.32533598 0.233616114 0.549185455 1.44117558 0.0906795859
    0.758390665 1.31557894 -0.539657116 -0.296477914 0.696929634
    0.79727298 1.25450611 1.13918543 0.597766042 -0.332027078
    0.453530908 0.317150474 -0.386959493 -0.137711287 1.14870131
    1.34688878 0.616968632 0.672694087 -0.266033173 0.0321692526
    1.16208291 -0.484027267 1.45612025 -0.463322401 0.596836865
    -0.154881954 -0.290788949 0.531145215 1.20186424 1.41277659
    1.27079988 0.349497199 -0.253081799 0.589696169 -0.0504004955
    1.51929665 0.668075919 1.02847457 0.818038583 0.14451462 0.689704537
    0.833282113 0.606957495 1.24204183 1.46486759 0.332092702
    -0.220265418 0.217452466 0.924910188 -0.356694937 0.461238265
    -0.253448665 -0.258362532 -0.40046221 1.26499319 0.342633545
    -0.0259939432 0.247846484 1.27525961 1.53394747 -0.26573962
    1.40179193 0.449615359 -0.037640214 -0.503574193 0.802869081
    1.02087224 1.1283468 -0.393806517 0.936595261 -0.164638728
    0.881575704 0.232173681 0.823075652 0.433064878 0.654915214
    0.84186542 -0.13815257 0.368374705 1.11317372 1.1382544 -0.468101621
    -0.0805135965 1.25143528 1.19842494 -0.0921036005 1.29007208
    -0.504670918 0.8521384 -0.393762529 0.94917804 1.35435009
    0.526183486 0.784555852 0.708686173 -0.0624818206 0.330834061
    0.0157867372 0.0355200768 1.12598467 -0.0835087597 0.592719018
    -0.435818195 1.46415603 -0.467162579 1.30503881 -0.36452049
    -0.38054508 0.655827582 0.171722829 -0.340434551 1.57599282
    0.724198222 0.0485531092 0.11944142 -0.159763157 -0.199678779
    0.0465056896 1.01617575 0.310607851 0.63515985 -0.341513932
    1.33919072 0.657938302 1.11861038 1.11874473 -0.547584355 1.40267158
    0.286873817 0.734083951 0.627294481 1.2257123 0.91930151 0.530025601
    0.401853263 0.600633562 1.27640927 -0.248536229 0.290916383
    -0.0819782615 0.357332051 1.51019907 1.46732676 1.27268612
    1.41359162 -0.128732324 1.11404479 0.529081404 -0.159597874
    0.331560493 0.563935459 -0.276050061 -0.378257215 0.0206761062
    0.221548617 0.333144814 0.66502583 0.425005913 1.05541897
    0.0187014341 0.302975446 1.24732637 1.61562645 -0.060341686
    -0.0276181996 -0.240620494 -0.0887524784 1.46154284 0.589876354
    -0.123954445 -0.120253474 0.155622244 0.51067698 1.23748755
    0.0370761752 -0.495674551 0.45995909 0.806100905 -0.0902736485
    0.64206177 0.358079851 0.733094215 0.268550575 0.445337117
    0.147023678 1.5185895 1.172822 -0.281696916 -0.0144615769
    0.00223869085 1.45034826 0.218968809 -0.105205685 1.49918413
    -0.144415528 0.663862944 -0.171444386 0.0927454829 -0.349976927
    -0.138231277 -0.347573072 1.16643953 1.4274652 0.965060771
    0.939781487 -0.515853286 1.52418196 1.40805078 1.2602756 -0.25960362
    0.583191395 0.655446529 -0.434869856 0.450252086 -0.0121183395
    1.30371714 -0.426392585 0.97235465 0.210936993 0.562333167
    -0.533690989 0.493828952 0.327003777 -0.476640582 0.837653399
    -0.15466553 0.693682969 0.874050081 0.491883397 0.161620587
    -0.0342580676 0.185182005 -0.1401456 0.00234088302 1.25931382
    0.106798947 -0.09099105 0.392524302 -0.378716707 0.808808684
    0.452245891 1.18108332 -0.0340490341 1.32971358 -0.488406837
    -0.00446814299 0.218777597 0.605015993 0.633547783 -0.0310438871
    1.01642609 1.11974168 -0.00507026911 0.118792772 0.311332583
    0.345720172 0.48256737 0.135084808 -0.457550675 -0.41887778
    -0.128509879 -0.298570216 0.86435473 1.22030473 1.43649518
    0.212774813 0.495080948 0.5760625 0.141619027 -0.519058168
    1.17396069 -0.331131995 0.768110335 1.5106374 0.0415209532
    -0.407725334 0.991459489 -0.503630817 0.202223063 1.00026608
    1.36065316 1.46914363 0.653086424 0.529067397 0.0214939713
    0.825099587 0.220918298 1.12427688 0.0968756676 0.124210656
    1.26180291 0.0483462214 1.02461791 -0.501950383 -0.206044853
    0.0423898101 1.02508283 0.759050012 1.13004887 0.109434843
    -0.267367423 0.856506109 0.279168308 -0.0285241008 1.4873085
    -0.0470894873 0.109663963 0.473879397 0.50393945 -0.0927846432
    0.347500801 -0.223518968 -0.318821818 1.07703125 1.30799186
    0.676872671 -0.212489218 1.32260537 0.272846103 0.225509048
    0.689320445 0.996787131 0.0135801435 -0.394980401 0.693514287
    0.205265999 1.42702508 0.552350938 0.189314365 0.151457906
    0.77366215 0.504898846 0.0894778967 0.105168939 0.438908696
    0.350203216 0.516162932 0.142700613 0.562228739 1.38012004
    -0.491628736 0.123019993 0.253514051 0.500696778 0.483146608
    0.931600273 1.06900764 0.0720710754 0.0319187641 0.102283001
    -0.181359857 0.370907694 1.27499413 0.172302663 0.766292214
    0.811872184 0.77027595 -0.145496905 1.15282464 1.47078347
    0.827496171 -0.546984375 -0.152239114 -0.5342803 0.423630893
    -0.370455265 -0.101498306 -0.361834228 1.30212092 0.909156322
    0.429557562 -0.0542833507 -0.00417912006 0.120417237 1.13950562
    -0.511026442 0.884494841 1.20465612 0.70639497 0.89676559 1.4519583
    1.39228559 0.321478307 -0.0129342079 1.23483658 1.35521519
    -0.257599384 0.825147271 0.321182251 1.06030297 0.287019491
    -0.362821966 0.745150983 0.970318496 0.494479775 0.348534167
    0.834008276 1.5127337 0.36478436 0.888010323 -0.252538264 1.40119755
    -0.28593415 0.403124511 0.524710834 0.667044759 -0.425293267
    0.460776329 0.338402569 0.418874204 0.706718802 -0.00267392397
    0.913948774 1.0862807 -0.491173327 0.240802765 -0.125825584
    -0.522941709 -0.173350692 -0.191659302 0.495926499 -0.0102691054
    -0.0652699769 1.55785942 1.52682364 -0.245397478 1.27098846
    -0.249477327 0.33450979 1.15601504 1.48071706 0.737905741
    -0.347969621 1.00786591 0.794445157 0.249052525 -0.456062973
    0.994859636 0.697246313 0.408104658 0.835745573 -0.0460285544
    1.33024883 0.412236154 0.190783799 -0.529697537 1.32286298
    1.40625834 -0.195580781 0.12238133 -0.405270815 -0.242017254
    -0.367020726 1.33854473 1.1832118 0.588307381 -0.389903247
    0.165275037 0.661999941 0.639700413 -0.112066865 0.412111163
    1.13702559 0.894656837 1.44428277 0.367320687 0.813888848
    0.156666398 -0.214433223 0.446805239 -0.142098546 0.334625334
    0.00637662411 -0.246270865 -0.437812626 -0.252936363 0.269723892
    -0.266265869 1.40401649 0.254112422 1.27583766 1.36241162
    0.369362414 0.977260411 -0.44667232 1.26467121 -0.1424402
    -0.405744195 0.437534481 1.24708724 0.289419055 0.498480797
    0.804297626 1.44924474 1.16258836 0.7888937 1.08069396 0.856742501
    -0.0874801874 -0.548924506 0.678967953 0.0879122615 -0.0699432492
    0.35894233 -0.117876172 0.275043428 -0.437459201 0.320385098
    0.655423701 0.896089017 1.21716535 0.0541185737 1.30776072
    1.03596556 1.26741838 -0.119156927 -0.0380133092 -0.466766387
    0.578037798 -0.526419401 1.35361695 -0.0519603193 0.709284663
    -0.130094767 -0.378666461 1.32374859 -0.391524196 0.533383131
    0.747823834 0.746958554 0.441381395 -0.267170995 0.760189772
    -0.0912730098 0.113856554 1.18720627 0.703838527 0.911188245
    0.449321508 0.779801667 0.959497809 -0.211549431 0.808472157
    0.0632019639 0.268979132 0.146530986 1.41050196 0.0136236548
    -0.534756839 0.950133741 1.23246884 0.321893036 1.38511562
    -0.420831323 -0.146078765 0.835253 1.45036972 0.529935718
    0.485419869 0.296825588 -0.456721425 1.39920449 1.2901324
    -0.124229461 1.4045155 0.910913885 0.16564852 1.03460932 0.337559402
    1.33699715 -0.069067806 0.99427551 0.00311547518 1.09892011
    -0.268689036 1.11424649 1.01553249 0.780170202 0.835011661
    0.810258627 1.08354759 -0.122054458 0.835695028 -0.292827249
    0.0189239979 1.35110521 0.182284772 -0.446920276 -0.100240231
    1.25323999 -0.102313221 0.262313485 -0.014124155 0.0737401843
    -0.270043194 0.201547086 0.464264214 -0.116346598 1.45147991
    0.963948548 1.02911782 1.43279684 1.08965087 -0.546612024
    -0.0764086246 -0.0393725038 1.16250956 1.327353 0.272364974
    0.0426190197 -0.155093163 -0.443884939 0.892546296 0.020424068
    0.00146967173 0.481645525 0.243389606 0.719731629 1.06443453
    0.800162613 1.49629486 1.15266895 0.486258894 0.942224145 1.6430825
    1.34711504 1.12828875 0.157913566 -0.146016151 0.755939484
    -0.472688735 0.122193217 0.456546962 0.0819044709 0.425374866
    0.69033438 0.238664687 -0.203252941 0.718519807 0.969315171
    1.43482876 1.29093385 1.18819284 -0.0785403848 0.0403035283
    0.629247904 1.15515006 0.279411316 1.41834021 1.47955227 1.51179814
    -0.457080871 -0.337180853 0.47531116 1.31707513 1.2144388 1.04747796
    -0.0684320927 0.843839288 0.735410035 -0.514458299 0.337668657
    0.901353836 -0.477541268 1.20825434 0.914626718 0.658444643
    0.310445607 0.915049434 0.107795835 0.593522966 -0.247392178
    1.02799559 0.244759679 1.26530695 0.448449194 0.408183694
    0.376459241 0.366903424 1.52189994 -0.26478672 0.3670488
    0.0367196202 0.43056637 -0.365989029 0.442215741 -0.276487768
    0.701213062 1.41394937 1.18359351 -0.213105053 0.314709306
    1.42465007 0.626031637 0.564132929 0.544024706 1.34047437
    0.292251468 1.01304269 0.765817285 0.280853927 1.48937893 1.17609906
    -0.302218139 1.28739166 1.38081944 0.368512034 0.324300349
    -0.0261920989 0.0691951513 -0.124324024 0.812964022 1.03022265
    0.0468984842 0.461907983 0.911648214 0.828230202 -0.358456254
    0.594907999 -0.0466388464 0.474501133 1.38520241 0.00435656309
    0.138228327 1.54185271 0.606136382 -0.445144743 0.530773938
    -0.390216857 0.556125402 0.117060125 1.08775949 -0.0593366623
    1.24491787 0.0192145705 -0.0475190878 -0.122844666 0.109507442
    0.362815261 -0.0827939808 1.30623496 1.42035699 0.217498362
    0.211502969 0.352802694 0.391888738 0.413024664 1.52371836
    1.38328171 1.36074877 -0.543299913 0.893536329 0.132376313
    0.0478728414 0.382095397 0.0629993081 1.0212512 0.0116179585
    0.857379675 0.922643006 1.11055672 -0.124864489 0.883049369
    -0.000305593014 0.770547271 1.00206232 1.34083569 0.325424552
    -0.27877599 1.52997851 0.49462533 0.0722448826 1.05478084
    0.527939677 0.620676816 0.112713039 0.945359945 1.3250221
    0.476238787 0.684324205 0.225791514 0.437246859 1.57875156
    0.80037415 0.381049514 1.07410347 1.56723917 -0.453875542
    0.686645389 -0.0345297456 0.462840587 -0.46230942 -0.40807569
    1.37672997 0.642791092 0.257577538 0.164233923 1.23749816 1.11323667
    1.46624804 1.38977003 0.376691997 0.695617974 -0.322410583
    0.541484833 0.899031579 0.924733341 -0.539905727 -0.605864644
    0.101816595 0.37628001 -0.187204421 1.42838573 -0.283143997
    0.084685564 0.75450635 0.940058708 1.29474664 -0.235255122
    1.01466608 1.28588498 0.156866848 1.54215527 -0.46288088 0.444087088
    1.1442132 0.36214149 -0.124134749 0.729120672 0.0347537994
    0.673073769 0.56213516 0.47511375 -0.266545951 -0.0740431249
    -0.0681034923 0.860709012 1.35144365 1.11718369 0.314192116
    -0.224613279 0.105568349 0.565388918 1.22913265 1.04440987
    1.55662251 0.229429841 0.636215746 -0.218788505 -0.465411723
    1.05751777 0.776011825 -0.271800369 0.435602427 -0.0879941285
    1.46222305 -0.557659745 -0.392833054 -0.0088340044 0.988313794
    1.40510404 -0.349439174 -0.0727840066 -0.4057495 0.380941153
    0.0366240442 0.0637161136 -0.394094586 0.91037184 0.795383275
    1.47757566 1.23328209 0.645374775 -0.222366542 -0.379391849
    -0.127873093 0.562889874 0.0272890925 1.30863583 1.04448044
    0.0659315884 0.773228526 0.87712419 -0.0119843781 1.48823202
    -0.479218006 1.31772411 -0.301322311 1.30988598 1.4404099
    0.277921855 0.577593625 -0.0188798308 0.57617414 0.243036211
    1.17331994 0.849078953 0.745497346 -0.330235839 0.751366258
    0.602324665 1.02252102 -0.425469875 0.775173187 -0.297463715
    -0.169626594 1.41718709 0.385164201 1.43201947 0.842982769 0.1108495
    0.971622229 1.22106516 -0.0137370825 0.162067413 1.29868937
    0.0887469649 0.916411459 1.21828115 -0.20705682 0.0243136883
    0.599953175 -0.00786244869 0.156009614 0.675470471 1.17772675
    0.371002495 -0.140565395 0.982605398 0.433196247 0.687557757
    0.651808262 1.30594766 0.78915 -0.461661577 -0.118734032 0.927783906
    1.13630557 0.23122108 0.187554717 1.12240005 0.736004055
    -0.505560875 1.34254742 -0.00890392065 0.406046033 0.964898705
    -0.263755232 -0.58247906 -0.0984728932 0.977580547 -0.158854783
    0.584608614 0.248787582 0.981827617 -0.0982269645 1.19089115
    0.723236859 0.456765711 -0.474467158 0.338500857 0.145846248
    -0.0510196984 0.903692842 0.999708056 -0.415568292 1.49659252
    0.0906768441 1.46602559 -0.238723397 1.44193029 1.4690702
    0.600870311 1.31688488 0.945613503 0.884070933 0.176558971
    0.126648962 -0.247023165 1.32448721 0.818058968 -0.377811491
    0.699828565 -0.485373557 1.59962606 0.591573 0.228300095 1.2260015
    -0.209015727 0.630437672 0.950927377 -0.482276559 -0.18134594
    -0.188480407 1.40932846 0.740187228 0.0920382738 1.17690992
    -0.192977339 0.1258654 0.494878709 0.847139835 0.466639817
    0.751726925 -0.211243629 0.315534592 -0.00661998987 1.22532272
    1.47182536 -0.00409424305 0.416015983 1.29735827 0.656450033
    0.794571161 0.587919652 0.734581411 -0.116385698 0.520754516
    1.29078054 -0.323110104 1.08888137 -0.531176627 1.30653811
    0.176854372 0.569801331 -0.430498362 1.20145178 -0.338838935
    -0.431796134 -0.376189351 0.231495023 0.0347281098 0.259100556
    0.0760219097 -0.441406488 0.432806075 1.30609047 0.197607696
    1.50960541 -0.205665499 0.535392761 0.78470093 -0.32953459
    -0.479165971 1.53789628 1.20388782 1.14756393 0.202658892
    0.970677674 1.47416878 -0.190545052 0.00774103403 0.413146198
    1.13769829 0.0179055333 0.812968135 -0.16279608 0.522322178
    0.350081682 0.84665221 1.44508934 0.544404805 -0.310944915
    -0.153787613 0.713100433 1.28179741 0.133312762 0.0891841054
    1.27957082 -0.220005959 -0.0582773685 0.234321058 1.29034364
    0.707170129 1.01329732 1.01569986 0.986564279 0.483194113
    0.945802748 0.553256512 1.47956681 -0.256793171 -0.140448451
    0.646126866 -0.166862637 -0.384548187 0.538724899 1.39842486
    -0.090208292 0.595942497 1.16262579 1.39108884 1.02458358
    -0.123727351 1.13954067 -0.425188839 0.539853156 0.507957995
    1.31584847 0.0154958963 0.760901034 -0.502913415 1.55062163
    0.205273062 -0.379229367 1.06741965 0.122726858 0.577154696
    1.50608182 0.244788408 0.921673119 1.47633719 0.423990011
    -0.498755962 1.13701224 1.06696916 0.806771815 0.99982214
    -0.192046553 0.237458199 -0.259732485 0.344819188 -0.315172732
    0.921096802 1.08518577 0.0816323161 1.10365963 1.07536495
    0.313386679 0.0943810344 0.974894106 1.50968254 -0.306922257
    0.807682753 1.66285455 -0.161518782 0.617701948 0.851890802
    0.640668631 1.07291186 -0.327576488 1.50028419 0.298864007
    1.51089966 0.00192707777 -0.103727728 1.05792391 0.515248418
    1.47170925 0.189990938 1.50130534 0.33325386 -0.0333732665
    -0.228118598 0.353828847 0.210125327 0.900411606 0.483442783
    0.922514498 1.30025005 0.494680226 -0.521459699 0.258909643
    -0.176355302 -0.272815108 0.69164449 1.41603708 1.37867141
    -0.356593072 0.744618058 -0.503715098 1.2703402 0.848645687
    0.722045124 0.0387865901 -0.108493358 0.253694594 1.12354088
    1.03744197 -0.453283966 -0.349228799 1.10868168 0.80257076
    -0.114912212 0.166142702 0.403384745 -0.219870895 0.128356874
    -0.453979015 -0.453113496 -0.339610338 0.138124377 1.1391257
    0.457443327 0.901590705 1.28884208 0.280263245 -0.472853035
    -0.0135574341 -0.194022238 1.23652554 -0.288770676 -0.46669215
    -0.0490447283 1.06722236 0.193214774 -0.390104473 -0.00668758154
    1.35607743 -0.109864593 0.11214453 0.275850654 1.00164247
    0.901020825 0.00580972433 1.46397328 1.33896887 0.0916889906
    -0.0518900752 -0.109233558 0.736960411 0.805501461 1.35536337
    1.02202535 -0.369032741 0.350528538 0.784015536 -0.0585632324
    1.14941788 -0.468192428 -0.55062145 0.657760441 0.804996133
    -0.432830989 1.44332504 0.399505377 -0.417577982 0.469329536
    1.533535 1.48880231 0.854781508 1.47467101 1.05925417 0.963337004
    -0.0328277946 0.883221209 1.37619209 0.906195641 1.51500463
    0.957482815 0.766847193 0.856814325 0.158007503 0.678898036
    1.28100932 -0.0374711156 1.03344226 -0.522725701 -0.131862819
    0.517447174 -0.0830667615 0.384626746 -0.257845402 0.615978122
    -0.0984791517 1.39935982 0.899447858 0.668677807 0.319990098
    0.668165803 1.17983735 0.973097444 1.06948376 0.335704088
    0.330242753 -0.0714481473 -0.0406495929 0.874961734 0.544853747
    0.897295594 0.307236969 1.16550684 0.995735109 0.164183199
    0.954007268 0.293501854 -0.228456676 1.09552407 0.961053371
    1.32383347 0.0681827664 -0.0577660799 -0.0185303688 0.967787623
    0.526339352 0.121641099 0.460334599 0.567551434 0.81534183
    1.03253996 -0.43057701 -0.387476861 1.0699017 0.21636492
    0.0797245502 0.895040631 0.164006114 0.651574373 0.373476863
    0.766707242 1.39352655 -0.511962533 1.2024231 1.03058672
    -0.0778210759 1.233814 1.50180268 1.41109037 1.22414494 1.15730858
    1.24539304 -0.504037082 -0.414272696 1.48759627 1.39795184
    1.25038648 1.12467182 1.08833718 -0.283412695 -0.056677103
    -0.536364734 -0.0154554248 -0.191342443 1.2460376 0.263909936
    0.965535641 0.377536535 1.52618456 0.446027815 1.28483546
    0.424012184 0.00472211838 -0.531402051 0.452033758 0.927950919
    -0.149162114 1.20343685 1.25492704 0.797445536 0.887538433
    0.675864398 1.08386278 1.27186608 1.39774513 -0.437860787
    0.313043892 1.5793494 -0.453125417 1.16168988 0.0308522582
    0.313395381 0.284164369 0.500138283 0.658835113 1.08523321 1.138973
    1.14469695 0.210567951 0.573397458 1.26784039 -0.297903419
    0.120347142 -0.373340547 0.506311297 1.38054955 1.26851797
    -0.203326672 0.0605354905 -0.405744344 1.37702942 1.15442419
    0.764836133 0.830622494 0.426068425 0.741542339 -0.363174289
    1.10939527 1.30850887 1.26558232 1.02636302 0.0399990678 1.70449126
    0.721259475 0.761863708 1.35263705 1.13358104 1.08106184 0.294902086
    0.653476119 0.0339340568 0.0716407895 0.713005245 1.16251683
    0.031183362 -0.246515334 -0.226032168 -0.300906122 -0.281562984
    0.0823332667 1.43869543 -0.0811758041 1.29830384 0.842000902
    -0.349778414 1.00770223 1.37365794 -0.411860824 0.187319875
    0.483123779 0.0568714738 -0.393526793 0.11924088 -0.47044301
    0.890450716 -0.322623193 -0.00759416819 0.822062552 -0.544115484
    1.07137489 0.716212511 0.280814409 1.18715525 0.349680483 1.0454843
    1.01466608 0.823522449 1.41623759 0.293487787 0.471563697
    0.757499874 1.14093447 1.24286342 0.996462822 1.19859886 0.394022584
    0.670509756 0.0715881586 -0.30564186 1.04319382 0.102930129
    -0.454716474 -0.0285063982 -0.377159059 1.54696321 0.528834581
    0.305852413 1.24638939 0.706003666 0.998441875 -0.180125713
    -0.150673896 0.28769362 0.786310077 0.540327907 0.258202255
    -0.180115789 0.0446614027 0.0793118477 0.962474167 1.0561043
    0.939229727 -0.243040383 -0.40460068 -0.124006957 -0.480282128
    0.878980398 1.43499947 0.440512747 1.52507734 0.510050952
    0.983926415 0.872877717 -0.483157963 -0.0924464762 1.3666749
    0.656509757 1.00671697 -0.149548709 1.42591155 -0.498900831
    0.0812063217 0.833661377 1.0520637 -0.466140389 0.131980836
    -0.0121232867 1.12202799 0.92155081 -0.135926962 0.673150897
    0.796233654 0.579575241 0.536138833 0.0179383755 0.403312385
    1.3831799 0.599956512 1.3883419 0.20119983 0.151926875 1.51663423
    1.31365228 1.09149575 -0.1230717 0.183395863 0.364714622 1.44667125
    0.240074217 1.35823846 0.05400455 0.219380081 0.278859258
    0.302713633 0.778914988 0.610690236 0.050619185 0.32621485
    -0.27885896 0.246915638 1.15482306 0.487091362 1.3831557
    -0.470534742 0.870332181 0.190706432 1.50885963 0.205632925
    -0.300899714 -0.533737063 1.42851686 0.796338797 1.20469892
    -0.343358159 0.42659086 1.27222323 0.7698403 -0.0758016407
    1.45568621 0.256174088 0.965503752 0.598599494 0.890884042
    -0.216546148 1.40306449 0.94544816 0.720596015 -0.083172828
    0.986522198 0.605543792 -0.418605 1.08900189 0.566276908 0.782568693
    0.905530035 0.741688609 -0.0536274314 -0.112807125 1.10537863
    1.07198834 0.982454777 1.26145828 -0.084662199 -0.531955481
    1.2026701 -0.524026632 0.765209079 1.45127416 1.01388896
    0.0771991611 1.51440287 1.5188508 -0.520738244 1.18965936 1.36577153
    0.088532269 -0.294803798 0.0875526667 1.49828005 -0.444754988
    -0.550383151 0.462172985 0.89887166 0.294453502 -0.540707588
    0.210330367 0.654607296 -0.223462343 0.170563638 -0.526708126
    0.588648915 0.0326911211 1.24369109 0.752730668 0.677404284
    1.33589387 -0.312376678 0.208199203 0.830444515 0.632588327
    0.935155153 0.603154838 0.266426533 -0.169432104 1.38155019
    1.2559936 0.571552515 1.04164314 -0.276215792 0.935822964
    0.673811078 -0.104720771 0.61027801 -0.103932798 0.538540125
    0.943163574 0.437196851 -0.0465537906 1.39808607 0.232961655
    1.4045589 0.26011008 0.616721809 0.630133867 -0.05100137
    -0.350793004 1.01855373 1.15711665 1.20915782 0.294514239
    0.982012749 1.37154722 0.660437524 -0.435814142 1.23098779
    0.70340693 0.785164356 0.200048923 1.31216669 1.60373282 0.733347058
    1.53962278 -0.131805658 0.139079928 0.457588911 0.54322356
    0.174385011 -0.14206019 1.20120096 0.544059753 -0.32510525
    1.25538707 0.588885069 -0.1551705 1.02235198 -0.459782571
    0.109990776 0.45577848 1.50959444 -0.455882013 0.852384508
    -0.489905775 1.29733586 0.986762345 -0.0498895645 0.162681818
    0.230619371 -0.483390749 0.156283975 -0.352726281 0.402739227
    0.493019223 1.12937689 1.42416322 1.36315322 0.443638682 0.651766479
    1.32074356 0.468531191 0.1718027 -0.0148704052 -0.0149014592
    1.51469922 0.472057104 1.26249146 -0.17619583 1.4943732 -0.341327757
    0.214151323 1.2981379 0.0213348866 0.224654675 1.17426968
    -0.422571957 1.49568689 1.264884 1.54178452 1.42011273 -0.41906625
    -0.402306318 -0.172148526 0.77561748 1.43433356 1.31500566
    1.42117763 1.15249562 -0.14168334 -0.168404788 1.38233805 1.41935182
    0.378470719 0.737722814 1.45173311 1.11827183 0.951324403
    -0.00877583027 0.8581177 0.384379387 0.848542392 0.461256802
    0.722183406 0.0103514791 0.526929855 -0.449660301 1.38372278
    0.2515378 0.144820273 1.52276063 0.800639689 0.725282729 0.532518983
    0.992399216 0.160499334 0.172637522 1.19303966 -0.24504441
    1.50422549 1.43894577 -0.0281770229 0.141315699 -0.347830713
    -0.426629007 -0.242099613 0.671592653 -0.368053198 1.30276251
    0.525568426 -0.332129121 1.38193929 -0.0443547368 1.44153595
    0.611886382 -0.122619987 0.953573108 0.366352558 0.955809474
    1.5572052 -0.476319522 0.554585218 -0.536091983 0.968687415
    0.625086367 -0.133546025 1.12328601 0.464108706 1.51937032
    1.51445174 0.902885795 0.665133536 0.412141919 0.187306464 1.3504529
    0.50202316 1.01103699 0.836405635 0.0934855938 -0.0248326063
    1.118191 1.23304701 0.949319959 1.52511454 0.651434004 1.3706919
    -0.32536608 -0.216610163 -0.139538705 1.28626728 0.762257218
    1.40048039 -0.0691781044 -0.107782036 0.851899624 1.03564334
    -0.118579686 0.741316736 0.904790938 -0.0430371165 -0.339963317
    -0.521320522 0.374324203 0.386457384 -0.345046937 0.3634938
    -0.254896671 -0.505294859 0.816897035 -0.023208648 0.395169795
    -0.262948096 -0.204043269 0.309852958 1.22853947 -0.141437531
    1.37765026 0.463365912 0.930370033 0.142005563 0.970221102
    1.15542936 -0.201730281 0.933462501 0.421425343 -0.338664442
    -0.281430811 0.732710123 0.669097543 1.4890511 1.17216051
    0.308859706 1.00313985 0.952664852 -0.0603686869 -0.128640652
    0.659322262 1.39407325 -0.517614543 0.553376079 0.390164375
    -0.514456928 0.688029289 1.22659659 0.531291366 1.08645117
    0.340622127 0.70680666 0.276378751 -0.270787328 1.19984126
    0.366122782 0.449814856 0.248607397 1.1091218 1.11020243
    -0.477912426 1.04350662 0.192786634 0.135938704 -0.0594021678
    -0.32200399 0.566203475 0.601204932 -0.178623259 1.0237323
    -0.0520730019 1.12720609 0.895401061 -0.399512917 1.53689146
    0.396136701 0.301462233 -0.259505063 0.826451421 1.0311985
    -0.155753434 -0.221771568 0.659013689 1.41247272 0.911228836
    0.310727328 1.17669153 1.37559986 -0.382870436 1.33472252
    0.795289874 0.0277531743 1.33630133 1.02856028 -0.51617825
    1.16505456 0.387479246 -0.332097501 0.501845717 0.63293159
    1.06659794 0.266683429 0.628107071 0.390554398 -0.236826271
    1.52081871 -0.339378536 -0.0886343718 0.201591372 1.14913428
    0.032361865 -0.486272126 -0.0981695652 0.962999821 0.0585709214
    -0.496401757 0.387345135 -0.213287681 0.713618755 0.345681757
    -0.106339931 1.00756276 -0.521664977 1.13564825 0.769664168
    0.974889457 1.03209651 0.858379841 0.991194665 -0.328899175
    0.964226604 1.36922634 -0.0876094699 1.53322053 1.39013124
    0.0208188295 0.770849407 -0.00913864374 -0.409653366 0.904895186
    -0.546023607 0.824349523 0.683353007 0.6903072 1.10875726
    0.121720195 0.0583416224 0.267799616 0.220342875 0.552377224
    1.49427009 1.47518539 0.801654696 1.21516204 -0.559801579 1.02906156
    0.236752748 0.794576943 0.637928426 0.363883555 0.0997686982
    0.0908831954 0.0435259342 0.676954389 0.640267968 0.940635264
    1.05724239 1.21718574 1.3190248 0.703694105 1.50323367 0.913649201
    0.785278022 0.795488119 0.457331061 -0.219251603 -0.474601984
    0.329795778 0.416481912 1.50487971 1.18118763 -0.141755879
    0.151813626 0.69424361 -0.443748593 0.00284934044 -0.428631157
    1.55071092 0.215935588 0.570722282 -0.581727803 -0.0194787383
    0.874610126 -0.0163139105 1.10696101 0.829372585 0.313194692
    0.757928848 0.766097844 -0.497766405 1.23636723 1.26288426
    0.977073669 -0.267029673 1.39368272 1.20870864 -0.0177367926
    0.308619201 1.23343945 1.40618992 0.325126648 -0.356787264
    0.636369288 0.309053957 0.185032308 -0.325822979 -0.458924115
    0.48364836 -0.153037041 1.36830425 -0.418967217 0.263380349
    0.0498272777 1.31783819 0.714284778 0.879353225 1.14266562
    1.30984569 0.993835211 -0.332301259 -0.250645846 -0.37705785
    0.242805719 1.36393738 0.425252378 0.0868102312 0.333594739
    -0.147624612 0.401453674 1.10193086 1.17639661 -0.374281704 1.512398
    1.11299753 0.174968421 1.41235495 -0.441429198 0.883820653
    1.22920334 0.909261823 0.735653758 0.647688091 1.05240119 0.92843765
    0.0951529741 -0.341231585 1.22229075 0.0785697103 1.39662206
    0.446714938 0.18367213 1.04593682 0.141995966 0.795348227 1.10289276
    -0.328528911 0.692837179 0.387265444 1.0626893 -0.0117185712
    0.936297476 0.79096365 1.00003409 0.686321199 0.359015405
    0.538994908 1.10675311 -0.265919864 0.485793591 1.12449145
    0.235364914 0.501961112 0.0982749462 0.193469942 0.144684792
    0.958143294 -0.400901318 1.30246711 0.0468652844 -0.231104672
    -0.536984563 0.171765029 0.261301935 -0.0336127877 -0.228935301
    0.563224912 -0.330358952 -0.223744869 -0.470288873 0.79520905
    0.640089631 1.2432034 -0.0355532169 0.844028294 1.19386077
    0.730105877 1.38106418 0.200444043 1.03577161 0.478759289
    0.366471827 1.05739546 -0.52451992 -0.235667318 0.668388784
    -0.35472104 0.764913321 0.922117889 0.749842286 0.926968336
    0.541859984 -0.123744279 0.106232226 1.28800106 -0.216206044
    1.24465561 -0.0225769281 0.438951552 -0.308625102 -0.51397711
    -0.0688323975 0.946102142 -0.252617061 0.239483535 1.23355556
    1.49268723 0.666614234 -0.202262372 -0.29873848 0.0578533411
    -0.43300119 0.641421139 -0.121307015 0.977190256 0.786655843
    0.792970479 0.630948722 1.3700422 1.1740253 1.22225285 1.12323093
    0.525900722 -0.377984643 -0.312255174 0.216517746 0.491498888
    -0.283306122 0.973225117 0.644592047 1.49117589 0.586769462
    -0.303546667 0.127097368 1.27871346 0.552330077 0.382033646
    0.00286006927 0.91010648 -0.187628537 1.14877629 -0.0587042272
    0.90228337 0.292598307 1.09452295 -0.00223571062 0.01578933
    0.662558973 -0.488063812 -0.458331257 0.801085413 0.603387058
    -0.427841485 0.334545851 1.34496069 0.399955511 1.14443088
    1.56855011 0.540923715 0.546786547 1.48010516 0.449135065
    -0.37185812 0.376514018 0.114586473 0.0103656054 0.259424865
    -0.214427412 1.38901353 1.50274134 0.11740303 1.45083487 0.733441532
    0.74887675 0.304126382 0.555636525 0.381229401 1.27449298
    0.390621603 1.44891357 0.418244183 1.07497597 -0.412000418
    -0.156694025 0.662176907 0.874538124 -0.46093291 0.239652693
    1.05959702 -0.261782497 0.169187784 0.412055373 -0.304889023
    0.116485655 -0.301779926 0.520722151 -0.553123236 0.649847507
    -0.55601269 0.660592377 1.45024335 1.25795579 0.0341828465
    1.34098864 -0.257736206 1.38397837 1.15907431 0.0685075521
    0.938778877 1.11046529 -0.514771581 -0.399656951 0.135336995
    1.42330146 0.897290826 -0.119960964 -0.411897898 0.151247561
    -0.434048623 0.627668083 1.42523861 -0.1121746 0.366485834
    0.070620358 1.16777062 0.383672357 0.122149169 0.0900319815
    1.20857382 0.901664257 0.930799842 1.10664058 0.160380363
    0.989172816 0.272257268 0.469193459 1.44124401 -0.342877567
    1.3651911 0.115213096 1.10621023 1.07845116 0.523813367 0.253141284
    1.06818593 1.51771355 -0.190747589 1.50564408 -0.343226075
    -0.491333783 1.37542069 -0.290345132 1.13842607 0.044346869
    -0.504597783 -0.165287256 0.103376687 -0.362442732 0.899864554
    0.381319523 1.14964521 0.564790547 -0.127197742 1.28260326
    -0.00213927031 -0.0615444183 -0.365704298 1.5442245 1.17684829
    0.909326732 -0.114761382 0.77840966 -0.0932365656 -0.450745523
    1.50400436 0.957738757 1.39842486 0.967268944 0.0509767532
    1.19744432 1.41135132 1.06626582 0.787430763 1.53511071 -0.57440865
    0.480106652 0.548774302 0.679028809 0.4705773 0.782266617
    0.898307085 -0.0391415954 0.0942838788 0.864494741 0.196214318
    -0.466025114 -0.227579266 1.13269019 0.976676881 1.06154788
    0.108495653 1.19435 0.600600064 0.533012211 -0.402481526
    0.00269132853 0.37913996 1.49306619 -0.0381324887 0.903296351
    0.448196709 -0.411242157 0.547945678 -0.271469116 0.847469687
    0.979366601 -0.422196478 0.768299997 0.371577501 0.58439678
    1.41436362 1.34090889 0.374803782 1.46720743 0.697187006 0.394112676
    0.91870451 0.0224350691 -0.0958882272 0.279197514 0.241962016
    0.974207759 0.581035614 1.46112037 1.49344826 0.734696269
    0.123997748 0.357315123 -0.0294312239 1.31952906 -0.126820922
    -0.171867371 -0.266175032 0.99402225 0.483073056 -0.255961657
    1.41719079 0.419907063 0.570376933 0.00953808427 0.982030272
    -0.44223547 -0.440201461 0.645659208 0.587049544 0.923400998
    0.62441057 1.43535471 0.91302669 -0.149152637 0.739821494 1.15601277
    0.723760426 0.201352179 0.743452847 1.21787632 1.08315098 1.16256642
    1.27565157 0.928536057 -0.138422847 -0.0288906693 -0.269307047
    -0.144922405 0.365742564 0.749363542 0.782004952 -0.429843545
    0.661538661 0.956327498 0.107466996 -0.241054982 -0.189302623
    1.64147973 0.415709823 0.211907089 1.34966218 -0.0875862837
    1.5770936 0.568886578 1.49859536 1.52266121 -0.192624867 1.08885193
    0.00955080986 -0.119930506 1.32165337 0.368842423 -0.448967457
    0.290387511 -0.0022867918 0.435406685 1.04344416 0.0676229
    0.444462657 1.2551558 1.15881586 0.435056806 -0.449631244 0.83971405
    0.112922132 0.181024134 1.4525888 1.10887647 0.681405067 0.567732811
    0.468632698 -0.213234812 1.47499013 0.391460955 1.15651131
    0.831881106 1.50237584 1.25324917 0.514584422 -0.0361559987
    0.980223656 -0.00185823441 0.325812101 0.398683488 1.30038047
    -0.00325232744 -0.336910486 0.040702641 0.231944978 -0.499183387
    -0.0101510882 0.791110337 0.477371335 0.94639796 1.1633029
    1.44105434 0.886301041 1.47566116 -0.444087982 -0.296070278
    -0.0273253322 0.90988636 0.873965204 0.455431461 1.311028
    -0.353130937 0.40539813 0.329477251 -0.557309628 0.47935003
    1.52128196 0.748752534 0.432733655 0.834052801 -0.459437102
    1.2020762 0.971518278 0.553239405 1.51598191 0.109987915
    -0.190853357 0.895972073 0.803881824 1.50047135 1.06312013
    0.422218442 -0.285043955 0.662590742 0.0409637094 0.0423073173
    0.0719479918 0.747243524 1.30465877 0.152716756 0.598184228
    0.71769768 1.04291272 0.54039377 1.15162361 1.36705256 1.49506855
    1.4200002 -0.114083171 1.27529895 0.218379617 -0.539100587
    -0.0223063827 -0.429121196 0.705509782 1.37718368 0.476735294
    -0.38539958 -0.411465704 0.201755583 0.186377287 0.722021163
    0.32456553 0.322220743 0.666094422 0.341533482 -0.147366911
    0.242486835 1.4821403 0.450713813 -0.254849374 0.301198959
    0.408439934 -0.449967891 1.04959416 0.313688457 0.0835258961
    0.581087291 0.475670338 0.718928874 -0.278022587 -0.4350546
    1.16188526 0.00121456385 0.488351405 0.0714979172 -0.432837814
    0.314203918 0.243477881 0.739806414 -0.334700644 -0.00827670097
    0.173351526 0.627858043 0.0113341212 -0.150274694 0.220283628
    1.16124177 1.22678113 0.923735082 0.450473845 0.00958818197
    0.120305002 -0.500887513 1.01776147 1.54913568 0.537034869
    0.516642809 0.393255889 -0.349962741 0.453711271 1.26058006
    -0.362089366 0.679007232 0.628638685 0.577044785 0.285654783
    0.928001285 -0.551016927 1.02973592 0.456988573 0.043145299
    -0.13913247 0.679484367 -0.494286478 0.0610275269 -0.529082477
    0.798416495 0.779260159 -0.466124594 0.605938852 0.603878438
    0.741465271 0.982906997 0.275122821 0.0298821926 1.26254439
    0.829762459 1.27553821 1.01085877 1.22993135 -0.222574145
    -0.0304725468 1.39895439 0.810116887 1.00369287 1.11420655
    0.609549344 -0.197158962 1.04460168 1.05531859 0.24555707 1.09700775
    0.906449258 0.654116273 0.737776697 0.474579155 -0.0225275755
    0.583605528 -0.0454234183 -0.359951317 -0.417254299 -0.280830443
    -0.0773883164 -0.389648736 -0.423540354 -0.306335926 -0.405140162
    1.40157151 -0.410136104 -0.133556932 0.433213532 1.35527778
    1.16419053 -0.294804484 -0.215801299 0.307977438 -0.518317759
    1.3282373 -0.335556209 1.0114677 0.0438855886 0.73176229 0.440801084
    -0.542954147 0.293971419 -0.139666677 -0.166376561 -0.185394287
    0.286286116 1.23786378 0.48591727 0.268379629 0.959914207
    0.493863285 1.41998076 -0.0809119642 1.38031816 1.30159283
    1.65039206 0.0665339231 1.62293148 1.26594758 0.311946958
    0.271565378 0.580556571 -0.014081955 1.0426861 1.06440854 0.75849247
    1.26451147 1.48981714 0.538974941 0.601716399 0.728032291 1.45215011
    0.448705018 1.25954866 0.489885032 -0.0736781061 0.567065179
    0.842453182 1.066818 1.42329204 -0.447265178 0.318177283 0.499564826
    0.42412591 -0.360970706 1.0932467 0.891724169 -0.0378873348
    -0.20071274 0.21248138 -0.091088146 0.551077902 1.07408154
    -0.111403972 1.1286571 -0.0924151838 0.669899523 -0.273140579
    0.47884351 0.628079176 -0.321562082 -0.19214347 0.576787829
    1.36130929 0.561888576 0.820236742 0.46543926 0.953194439 1.36551261
    1.36344552 0.279306769 1.49325657 1.36052132 0.610599518 1.00631225
    0.63719964 1.05784154 -0.0388258696 -0.473112106 -0.173146725
    0.269626319 1.14134681 0.282635927 1.04579985 0.0465980172
    0.148203552 1.46338689 -0.00733476877 -0.222608477 1.0148685
    1.06989312 -0.356580615 -0.41117847 0.481446803 0.471387327
    1.39833593 -0.0106252432 -0.0679494143 0.452457666 0.980927348
    0.157965899 -0.216860652 1.49916458 -0.474327385 0.59186095
    -0.553049088 0.880241096 1.31151319 0.0234581828 1.14088476
    1.1544857 0.886913002 1.42848098 0.35381484 0.128745437 0.540386498
    1.40699756 0.736182988 0.17617178 0.0213600993 1.26696181
    0.231828094 1.54087126 -0.0647258759 -0.279113948 1.39071393
    0.731337726 0.697895646 0.159499407 1.03836679 -0.0624223351
    0.830830872 1.01942158 1.19898438 -0.463199943 -0.469151497
    -0.0666049123 -0.111842275 0.865291834 0.330963612 0.481232464
    0.0651424527 0.435937345 1.39651346 -0.421419412 0.815693736
    0.736415029 1.46131063 -0.423877776 1.12938976 1.59002149 1.26762438
    1.28485751 -0.446335554 0.948243558 0.884820879 0.424377084
    -0.311679244 0.41654259 -0.0186284781 1.3542099 -0.304948241
    -0.0387615561 -0.115380257 0.679075897 0.560245037 0.251728177
    1.27933049 0.754320025 0.443717241 0.885902464 -0.231224239
    0.998163939 -0.391919732 -0.526554823 0.57978034 1.30671358
    1.2295258 1.46557617 -0.352925479 1.38532019 -0.461634874 1.36347806
    1.23536599 -0.461191893 -0.537175357 0.116522551 0.239628911
    1.01125956 0.932902992 1.4410671 -0.500855446 -0.132542849
    0.913879871 1.39602602 0.0248721242 -0.066513896 0.35243088
    1.4716742 1.10330629 0.0149582624 1.13401437 0.268414974 0.138139427
    -0.475258589 1.1691339 -0.095808357 0.25416857 -0.00911062956
    0.756937206 0.998217463 -0.421423554 -0.284204394 -0.0777640045
    0.867595196 -0.38840121 -0.322943509 0.766215205 0.928915739
    -0.200565994 -0.331755251 1.47029948 0.488252163 0.195928395
    1.14963746 0.83010006 -0.00886428356 -0.44973278 -0.025064826
    1.12063026 0.754283965 1.59518242 0.134858131 0.106780589
    0.978286088 1.47636211 1.38019907 0.407683998 1.46226954
    0.0275277495 1.51564479 0.0529655218 1.40793574 1.01898217
    0.534599125 0.855341852 0.623301983 0.966046154 1.1516192
    0.406051695 0.459670603 0.971996129 1.27121854 0.907345235
    -0.450403035 0.102227569 0.224161685 -0.185048282 -0.0484000146
    0.296400964 0.335670769 0.715622902 0.116910577 -0.0154297948
    0.0939570665 1.42278993 0.88324821 0.112620652 0.885758042
    0.395184398 1.04782987 0.150227308 -0.267450094 1.15213966
    1.33911371 0.213667154 1.08904302 -0.230416477 0.456418276
    1.19675112 0.0889679193 1.1348989 1.3694756 -0.0542048812
    -0.0813568234 1.53441596 -0.42613852 0.828344762 0.746644974
    1.17283964 -0.350299954 0.38947612 0.181821764 0.354371011
    0.0886668563 1.28399968 0.58239454 1.2606101 -0.070949316
    -0.552494943 -0.40831688 1.4566288 0.0306364894 -0.182395339
    1.32259822 -0.165658951 0.952462971 -0.072034657 0.912752807
    -0.52379179 1.18034148 0.459116042 1.22464919 1.26742744 0.326180398
    0.523100615 0.33215636 0.203541815 1.4751668 -0.358687341
    -0.180136889 -0.0617575049 -0.185761362 -0.436338395 -0.413983941
    1.03196228 -0.0995719433 -0.481482446 -0.379748881 0.396133661
    -0.0968827605 1.38653207 0.684244156 1.14659643 1.2314378
    0.723179817 1.05549324 0.544861436 0.374412537 -0.0623027682
    1.39372873 0.415033519 1.35149455 -0.410414457 0.153052449
    0.907486439 0.725156546 0.681028962 0.111847281 1.09329748
    0.92861253 0.623929024 1.45816135 1.15041351 0.722551644 1.48000526
    -0.403244436 0.968858242 0.467790127 0.38613385 0.157540202
    0.521815419 0.719334722 0.796223521 1.44814014 0.988220274
    0.728148401 -0.445775867 -0.0321348906 0.0213502645 -0.347877145
    0.992356241 1.41550541 0.0505847931 0.396346271 1.08443904
    -0.15531069 0.0975139141 1.24132395 -0.202398986 -0.470940918
    0.0217499733 1.28817391 -0.119707346 0.290585279 -0.312499404
    -0.427970588 0.867305398 -0.224218458 1.16564453 1.27157354
    0.548627138 1.17720318 1.15307379 0.105053723 0.805745721
    0.593781412 -0.012881279 0.157003403 0.367828429 -0.0215111375
    0.797507644 0.678377151 0.130604982 1.07975101 -0.33160758
    1.56324077 -0.500881672 0.890004158 -0.11894989 -0.000274002552
    0.238350153 1.09500933 1.03674507 0.946588933 -0.338556141
    0.661937833 1.03621185 0.999358416 0.952627003 1.46043515
    -0.380518079 -0.573913455 -0.215915561 1.50323868 0.324435949
    0.511002719 1.16494775 -0.0533081889 0.901808858 -0.196462274
    0.613546252 -0.142468363 0.663545907 -0.262570381 1.48354912
    1.04721773 0.313723147 -0.373886257 -0.269463718 0.956125379
    1.44745946 1.25984359 0.212368786 1.38519967 1.14787292 1.10225868
    1.21647453 1.38655496 0.396745801 -0.128031373 1.03090811
    -0.503753543 0.586512029 1.0397408 1.42580247 1.32026935 1.2665391
    0.219197273 -0.382504225 -0.516772211 0.0247613192 1.42536521
    -0.247557223 1.11100912 1.42715001 0.346138418 -0.259774297
    0.363711715 0.35371846 1.56129014 1.46484041 0.0230660439
    0.945537031 -0.11654228 0.434187949 0.858722866 0.243265808
    -0.0189278126 -0.390024543 0.548702121 1.30240774 0.917385459
    0.869457245 0.540931165 1.12202597 -0.333705783 0.0878721774
    0.196142316 0.745008588 -0.362181067 0.769402146 -0.0799585283
    0.451204836 1.33429086 0.77322489 0.134685576 0.0372979641
    1.38675237 -0.036945045 0.84826833 1.38628411 0.907326102
    0.544322133 -0.0479007959 0.126268446 0.901565969 1.26285768
    -0.121257156 0.37617898 1.44508076 1.42348468 0.449048936
    0.0628924966 0.299405158 0.83703649 1.28729916 0.4212659
    -0.364383012 1.49413967 -0.0337223709 0.14786166 1.4194802
    0.417641222 0.449883878 0.247193456 0.647889614 -0.0153557658
    1.15089679 0.976799011 -0.13607046 -0.141472578 0.951494932
    -0.153900862 1.26329923 0.19722271 0.478334963 0.965868354
    1.07388687 0.11392194 -0.287531495 1.48571634 1.02485204 0.579313278
    1.30967188 1.05552852 -0.0598809123 1.53476334 0.877138257
    0.173377514 -0.064738214 0.582312763 0.207372904 0.122529209
    1.39314055 -0.362344325 -0.393846363 -0.430961281 0.344058692
    -0.0812473595 0.00387525558 1.26030743 -0.120210946 0.22112149
    0.0253553987 0.342859566 0.527172148 -0.145018667 1.37426496
    1.23216712 1.26610041 -0.352543652 1.34986115 0.650738418 0.96753943
    1.21604776 0.604706109 -0.140688777 -0.0405231714 -0.404566884
    -0.23826161 1.22820461 0.587349474 -0.304559231 -0.146524042
    -0.395521224 1.18784809 1.22356689 1.35631633 1.09717476 0.246273637
    -0.0227025151 1.10399938 0.903707683 0.657022059 1.3181262
    0.219654202 -0.017683506 0.261562705 0.151787698 0.0935655832
    0.239389122 0.483512878 0.120802104 1.44039524 -0.309243321
    -0.0692344308 1.45997477 0.560395896 1.07208025 1.23401892
    -0.376112461 0.0555557609 -0.178738356 -0.00850689411 1.14247954
    0.10057199 0.954103589 1.13786495 0.651795745 0.174232066
    -0.501021922 1.12085891 0.22470516 0.515303433 -0.27461347
    0.569246352 0.537602961 0.436886787 1.15005732 1.09862113
    0.114533484 1.22575498 -0.100795001 0.724506557 0.000142037868
    -0.46309638 0.819422066 1.19981742 1.53431582 1.51490617 0.789866269
    1.25482416 0.684922516 0.219623089 0.643103957 0.194188595
    0.925030708 0.523266792 0.580880702 0.253810227 -0.514778554
    0.142023861 0.168801606 1.39978766 1.21320939 1.0161171 1.49956143
    -0.432917774 -0.253663898 -0.286245167 0.396804512 0.717840314
    0.880972326 0.514853537 -0.194960743 -0.479008794 -0.404713035
    -0.399259895 -0.143064916 -0.372430354 1.12103057 -0.372858644
    1.49296153 -0.523231924 1.28555894 1.08197618 0.0867371559
    1.02089667 0.206164896 0.251183689 0.571388125 0.447338939
    1.19396913 -0.414624393 -0.498138636 0.709138632 1.50744212
    1.31954074 -0.220303714 1.11202717 0.437140584 1.10962915
    0.790444076 1.38060498 0.0294899344 0.050324142 1.16737676
    0.759574294 0.608947575 -0.00568932295 -0.136836141 0.468663156
    0.300356627 0.967799723 0.780270576 0.606496632 -0.0211874545
    1.02887166 -0.364557534 0.116468132 0.631416082 1.30406952
    0.541821599 0.0491447449 0.245939255 0.948971093 0.817893803
    1.46653342 -0.0469120741 -0.306200385 -0.0633680522 -0.0846474469
    -0.295161754 1.1911757 0.197556019 0.701462328 0.624114096
    0.281004369 0.50345093 0.423843086 0.886614561 -0.53402406
    1.33709574 0.00828570127 -0.324706644 1.19324064 1.19112945
    1.51650858 -0.346152157 -0.431028724 1.04230666 1.58936167
    0.171961427 1.25373232 0.751057804 -0.0185738802 0.198705643
    0.26880163 0.334373266 1.21948218 -0.0738178194 0.7120381
    -0.152067184 0.502475619 -0.265775502 1.35413384 0.556955576
    0.755689621 -0.0956180096 0.989365578 0.327988029 -0.00831091404
    1.01293635 -0.17196852 0.745581388 1.5010283 0.177017629 0.768863678
    -0.146248728 0.771779299 -0.328117251 0.613324761 -0.188863546
    0.811195612 0.480280399 -0.0929317176 0.228742242 -0.505486608
    0.135322332 0.15559417 0.916083932 -0.189236492 1.39475584
    0.0146667063 0.881274462 0.874031067 -0.352709889 1.57979417
    1.15389442 0.39987272 1.18969059 1.13380063 0.835898459 -0.525812089
    1.12081218 0.866165102 0.791911185 -0.157293022 -0.0613679588
    0.123497725 0.389769733 -0.0681990981 0.625151277 -0.309303999
    0.70900321 0.999673903 -0.243166149 0.837941051 1.13665771
    1.36761379 -0.155216873 1.23465145 0.531362236 1.3325963 0.133398294
    0.120065808 1.1595912 0.381892502 0.902742147 -0.48889333
    -0.385020614 0.488925219 0.799348712 1.26044583 0.780268669
    -0.329753101 0.42729944 0.589091957 0.929314852 1.28258705
    0.115668893 0.349344552 -0.297631532 1.23963737 -0.101819396
    0.439038694 1.52777672 0.401587725 0.553603232 0.399870872
    1.44649601 1.21470594 -0.243789196 0.210685194 -0.152635008
    -0.287525505 0.506949008 1.47250521 0.203189373 1.28363574
    0.655817866 0.496826947 0.0611444116 1.42402112 -0.57139951
    1.03865433 0.00168675184 0.427076817 0.699107766 0.431089222
    0.91748172 -0.0933349431 -0.170970082 0.699545264 0.0887777209
    -0.387425005 -0.312207431 1.54954886 0.34944886 -0.247743726
    0.183422387 0.377248764 0.414629221 1.12695599 0.464717627
    -0.275953501 1.43290591 0.551678836 -0.394119203 -0.384696603
    0.896425307 -0.532758355 0.115111887 0.155336082 0.22213906
    -0.196796924 0.564473927 0.294471323 0.344908834 1.11602163
    0.75928843 -0.224251837 1.30963135 -0.340368181 0.757745028
    1.58488095 1.1397779 0.760543585 0.706733823 1.12326241 0.819260299
    0.850142777 0.300755262 0.43439424 1.21840763 0.986357868
    0.0243276358 0.369391084 0.831896901 -0.113960266 0.349006355
    1.00774622 -0.125228494 1.02841711 1.25677955 0.178587437
    0.729907274 0.522294581 -0.236126423 0.00911831856 1.26781404
    -0.213117033 0.739185929 0.929769933 0.0474036336 0.971446753
    0.294987559 0.766781032 -0.175541639 1.22247672 -0.384909213
    -0.230317205 1.12824631 0.29522723 0.0579947829 0.527015448
    -0.340322018 0.368239403 0.65158236 1.12424636 -0.292666286
    1.01821446 0.0212355852 0.816888213 0.713039696 -0.433584422
    1.12443304 -0.262579501 0.550882101 1.35073543 1.3695755 0.16081053
    1.12316453 0.325880766 -0.318236828 0.556856573 1.36954141
    -0.00293540955 0.0652837753 0.633783638 -0.23966372 0.771848619
    0.130249202 0.271585822 0.890866935 -0.194614619 0.469695091
    0.0984370708 1.4297322 -0.191462904 1.49245894 1.21307003
    0.395067036 0.700197339 0.826878786 1.4407618 1.45894027
    -0.207468659 1.0444932 0.124182612 0.0309426785 0.397619247
    0.331555009 1.32989931 0.955229878 0.763095677 -0.0987883806
    1.11644292 0.853108346 1.12641692 0.103599608 1.28004217 0.491626978
    0.779305935 0.999350786 1.49436963 0.000419199467 0.705843031
    -0.261712581 1.19718826 0.388178527 0.0100852251 -0.325811982
    1.43849647 0.818736136 1.20310259 0.0550599694 -0.281350911
    1.35890245 1.36354208 0.477203131 0.290158987 -0.286548227
    1.06761527 0.792768955 -0.349250734 -0.305667758 -0.313141793
    0.690290511 1.34809971 0.656459689 1.49792171 1.28068936 0.123721123
    -0.375852793 1.1366595 1.48873663 1.09928358 0.250920117
    -0.397370964 0.739785254 0.932380974 0.243992388 0.484289765
    0.699734807 -0.172244817 1.08457923 0.641613007 0.609873831
    0.826410532 -0.31798473 0.505599976 0.549347401 1.30935621
    0.046916604 0.649039209 0.774315715 1.22771049 0.85160166
    0.0352452993 -0.466210186 0.822794914 0.146201849 -0.204241574
    1.55961287 -0.219403118 1.32490873 1.13234878 0.889601231
    -0.383300126 1.50322509 0.386611819 0.395093441 0.385129869
    1.0443213 1.24051857 0.255270064 1.30789912 1.46224713 0.798087358
    0.316487789 0.384221077 1.16948581 0.91377008 0.742453754
    0.239213288 0.397155702 -0.0205475688 -0.287798107 0.795529127
    0.716590226 0.240855932 0.659048796 0.741759896 0.671750128
    0.939790726 0.913029611 1.1283555 1.4390676 1.46640635 1.07158244
    0.0542837977 1.1708765 0.920580924 1.24046755 0.0365142822
    1.09181786 1.32160878 -0.46385631 -0.492291003 -0.00328481197
    1.44292593 1.45429623 1.47474122 1.39949107 -0.417910278 1.34291387
    0.641230941 1.318295 0.142858922 1.0190618 1.20707667 1.41828918
    0.573185742 1.06048441 0.0203924179 1.17856884 1.32279587
    -0.168167382 1.42211807 1.28646088 -0.0671015084 0.959086001
    1.52546406 -0.259836763 0.973947048 1.10371876 0.224508703
    1.53397942 1.33520389 1.16646695 -0.372310281 1.18730044 -0.27190572
    0.296316564 0.731987 0.823499143 -0.498510331 -0.0520923734
    0.0559517145 0.76530385 1.23987365 0.451988935 0.774595857
    0.796020329 -0.156020463 -0.136394769 1.03551364 1.10756493
    -0.483203292 0.138045132 1.33588398 0.296337128 -0.461428225
    0.0733126998 0.419353902 1.53090692 0.474244833 1.13620412
    0.656947374 1.06507564 0.90167743 1.27578998 1.16543746 0.234575033
    0.621961772 0.333559632 0.572669387 0.861788273 -0.395641506
    -0.456813097 -0.382799089 -0.17944333 1.18859625 0.209739149
    1.29232621 0.948994339 0.0319087505 1.3129096 0.550788641 1.36202061
    0.774668574 1.34107733 -0.455240488 1.32060289 0.515297115
    0.766379833 0.399331093 0.772386551 -0.266197622 0.206336319
    1.34877276 -0.194232076 0.530436337 1.08107257 1.01585007 0.54817313
    1.37615979 -0.199000001 -0.554761291 0.741742253 -0.0897240639
    0.927923203 0.193278909 0.0978971124 0.74849081 1.38177252 1.4061017
    -0.380158126 -0.2825225 0.0336333513 0.279369652 0.769044578
    0.843090236 0.37630409 0.61020869 0.920825601 -0.487894088
    -0.261447638 -0.547082841 0.414636075 0.888440311 1.40019953
    1.49926758 -0.261170566 0.929834247 0.0542671084 -0.0531533957
    1.44283223 -0.220904708 1.4004283 -0.465363741 1.38720298
    0.634905934 1.29229093 1.05833673 0.381993413 -0.127379179
    0.407521486 -0.239592344 0.585617006 -0.33616519 0.311415553
    -0.4540959 -0.566512585 0.87112689 -0.311199486 0.61357677
    1.36560059 1.49734426 0.695833564 0.696718514 0.884672821 1.15463817
    -0.474358201 0.854073048 -0.457833827 0.863639176 1.24085259
    -0.324403405 1.12196136 0.823196352 -0.437920839 1.27057576
    -0.416616797 0.632860124 0.642157078 -0.418400049 0.0623289943
    0.0640957952 0.0960438251 1.17741728 0.567628205 0.235834479
    0.442463934 -0.18074432 -0.335618675 0.515512466 -0.156268835
    0.0234800577 0.567325652 1.10332251 -0.489886969 -0.265210211
    1.30171287 -0.512603402 1.23302066 0.44070977 0.229523003
    -0.280464441 0.471882045 0.475830615 0.44082427 1.43315792 0.8937428
    0.992878914 0.965324998 1.29435873 1.1060462 0.53526926 1.53822947
    -0.341325909 0.925321162 -0.134881854 -0.439039886 1.03229403
    0.729699016 -0.00724697113 0.680576146 -0.338292807 0.801425993
    -0.29219225 -0.273058861 0.422250599 0.515273988 0.0118324757
    1.37635612 -0.36064744 0.541715562 0.343569875 1.48193419 0.11691612
    0.804881334 0.816761255 -0.0610390902 -0.121198237 -0.0753134787
    1.30222726 0.435076773 0.475617588 0.960940897 -0.0992753208
    1.1065352 -0.23825717 0.776974261 -0.308932573 1.15335906 1.23467612
    -0.573729813 0.0217952132 -0.332498252 -0.453173161 -0.245413929
    0.275517225 -0.0673390329 1.4995805 0.153993249 -0.208224386
    1.19426191 0.52022934 1.0891881 1.33928156 -0.129244208 -0.168729812
    0.328711867 1.08029795 1.28008127 -0.114696681 -0.342914224
    -0.195341736 0.174134851 -0.497374803 0.398172677 1.25710773
    -0.103254706 -0.134421259 1.01440024 0.801108539 0.634431779
    0.560594022 0.486178279 0.229189754 -0.15524143 1.44412935
    0.426562905 -0.52557379 1.02343273 0.920749247 0.160415471
    -0.119404614 0.439859092 0.393411517 0.849284589 -0.317762434
    0.291151524 -0.375255048 1.46198606 -0.503043473 -0.00258988142
    -0.227197826 1.11139429 1.15542006 0.148493856 1.05698824
    0.166014194 -0.0674788356 0.645336568 1.4750334 0.60680002
    -0.418078214 -0.300416857 0.322195172 -0.475878954 1.4608115
    0.402015567 0.792782784 0.81389761 1.27465844 0.190898716
    0.0492139459 1.24925518 -0.535103917 0.104161918 -0.0136687756
    -0.0169978142 0.508046627 0.321508884 0.137296259 0.460258007
    1.50554788 0.707270503 0.342308164 1.27926397 -0.164672434
    0.57923919 0.774037242 -0.017703712 -0.211972266 1.15863681
    0.410856783 0.486720085 0.52421236 1.48513198 0.0880966783
    0.0135852695 -0.20819819 0.0871614814 -0.422698975 1.29029298
    0.886395454 1.41665411 1.20099998 0.165079892 0.742398739
    0.390729725 0.263564467 0.460894823 -0.344107807 0.104385734
    1.07742953 -0.52451539 1.37560809 0.512816608 -0.259370536
    0.303884506 1.39514494 0.841545343 -0.364816725 0.820340157
    1.32597005 1.04174519 1.08537841 1.36136198 1.38808155 0.165985167
    1.16072464 0.926246643 1.24205101 1.2325573 -0.457259417
    -0.046274066 0.859373391 0.0507929921 0.255827636 1.2818861
    1.43462372 1.04525709 0.285411239 0.812961519 1.13779974 1.47609448
    0.401735604 1.47504616 -0.432679296 0.913348079 0.534914136
    1.43471789 -0.151476711 -0.482287914 -0.469476908 -0.365032911
    0.612732351 -0.513900399 1.01205444 -0.00956821442 0.42027539
    0.807674766 1.3118856 1.39587808 0.732809305 0.218068123 0.366291285
    -0.32082358 0.627162814 0.705017507 -0.137889832 -0.328126311
    -0.183774829 -0.341549575 0.0759056211 1.37031722 0.59525311
    -0.507525921 -0.0128087997 1.04793561 0.187403738 1.04068804
    -0.411189914 -0.472461164 1.06214964 -0.214935064 0.903112352
    1.49441934 -0.220247805 0.321963608 0.122689486 1.49967217
    -0.567993522 -0.0396482348 0.380670905 0.859623849 -0.0844569802
    0.432585239 0.723790526 0.489872932 0.319692969 1.4379791 1.14647174
    0.746444702 0.270394772 0.0938438773 0.986939132 0.0909605622
    1.20115066 1.53397322 -0.256469578 0.375705838 -0.0575857162
    0.0218012333 1.13463736 1.59348989 0.668608129 -0.0958089828
    0.184770733 0.811663866 1.20638585 1.2832979 1.35706711 -0.511741042
    1.48416376 0.401095748 0.088214457 -0.19065398 -0.46151787
    0.316845477 0.206541777 0.0362426043 -0.320877254 0.573326826
    -0.387574732 1.09547806 1.29107022 1.47663021 0.702682614
    -0.41693449 -0.122534662 0.190214813 0.103621364 1.34374678
    1.42266154 1.14179003 0.336579263 1.00163102 1.29339767 1.17759323
    0.948632836 -0.198584467 1.08683562 1.31767344 0.201687276
    1.03788424 -0.39065522 -0.0691806078 0.195860744 0.559166193
    1.37052536 0.404990911 0.376185656 0.280679286 -0.252248198
    0.911095023 -0.563358843 0.680191875 -0.428556919 -0.134818703
    0.646084785 1.48568952 -0.259658068 0.586723626 0.851811707
    0.335740626 0.93778187 0.222028017 0.398281872 -0.228902429
    0.229857206 -0.341982007 1.44491887 0.247986019 1.25764906
    -0.0553066134 -0.416734397 0.297205389 -0.212629199 -0.358554244
    0.0562316775 1.33987463 0.680269778 -0.185402095 0.16241163
    -0.309486777 0.699386001 1.05127335 0.0638101101 0.237053156
    -0.0447476506 0.80586499 1.13663554 1.0427655 -0.401091456
    0.400095224 0.745910764 0.646050453 0.0680257082 0.0433050394
    1.30467415 1.52013445 1.03453851 0.924728811 0.415967882
    -0.250795752 0.175238729 -0.0997578204 0.802041054 1.3786912
    -0.197415382 0.752714872 0.234742701 1.31942415 -0.426636666
    0.588686585 0.766632676 1.40024257 1.35573697 -0.247877449
    -0.429851472 -0.509999573 -0.178757578 1.54837036 0.189274728
    1.1366334 -0.121255696 1.40588462 -0.237304956 -0.309540659
    0.667725861 0.288097918 -0.174337119 1.2738905 -0.373108059
    -0.214812785 -0.34872216 0.765648127 0.145125091 0.947281003
    0.846169293 1.35394907 -0.459021151 0.568521619 0.573754609
    0.0503244996 0.262257397 0.35667485 1.40041423 1.09448469 1.14514506
    0.790722311 0.922911048 0.949828327 1.13065016 1.5221827 0.909736693
    0.621853173 1.19750094 0.794704437 1.17945111 -0.00175237656
    1.43357253 1.07675815 1.45119905 1.1505022 1.16744542 -0.471407562
    1.49874306 0.216764927 -0.083255291 -0.0925079584 0.993062198
    1.15094995 0.37247777 -0.131790102 0.9964028 0.437428653 1.14733911
    1.10038209 0.424850821 0.314751387 0.894176245 -0.381009459
    -0.422192425 -0.134493053 -0.0284513235 -0.0735833347 0.0291916728
    -0.156318039 -0.174934089 0.403808832 0.0240166783 0.345423102
    0.978856504 0.111260653 -0.385678768 0.771288455 0.0162283182
    0.523746014 1.43068671 -0.0844017565 -0.0293622613 1.41333151
    0.218848228 0.695722401 1.40328169 0.253340006 0.757680893
    0.630250692 1.26079285 1.25988019 -0.481939673 0.635141611 1.15028
    0.508084714 0.165722311 1.31810808 0.126120567 0.0495666862
    -0.0724219084 -0.275847137 0.712253988 1.40620387 -0.120172799
    0.840763569 1.20765781 1.42998695 0.288434625 0.321620584
    0.0837417245 0.389511943 1.28790689 0.296354651 1.06614041
    0.809296608 0.633243084 0.441582322 0.441154838 -0.109003544
    0.488803864 0.189679861 0.748453617 -0.114930689 0.479252577
    1.21666992 0.940734804 -0.488076061 0.414533496 -0.332924247
    0.116722554 0.425147176 1.43085432 0.11224252 0.0879307389
    1.10660219 1.38607359 0.865747094 0.504354239 0.533197343
    0.230166227 0.859964252 0.737170339 -0.256478131 -0.00874638557
    0.170058131 -0.414791077 1.06425905 1.12594187 1.45466745
    0.147128165 1.16439366 0.317966759 0.934340417 -0.233229578
    1.35238147 0.271249384 0.0810340047 1.261868 1.41170061 0.0468033254
    1.41680026 0.555942416 -0.286873341 -0.443858087 -0.305346429
    -0.17364943 0.319467127 1.02524567 1.31911302 1.32115984 0.496293783
    0.646503091 -0.499017537 0.58171767 1.09056115 0.325924218 1.1586833
    0.453871548 -0.391659856 0.896353126 0.790405273 -0.402075738
    1.22573161 0.0860482454 1.35398221 0.904166102 0.934138417
    0.745287776 1.21603537 1.0223366 0.598832011 1.22387481 -0.329792351
    1.33560753 0.121427119 1.12256718 -0.158111602 0.309467673
    -0.272177845 -0.0629546046 0.291287899 -0.477526516 0.988874555
    1.36588156 -0.282907724 0.74663949 0.224861801 -0.0306771994
    1.35812271 -0.186061859 0.679205358 0.960910261 0.141366482
    -0.244586051 1.34388733 0.971861541 0.0906513929 -0.130357563
    0.750924349 1.05584717 1.07834935 -0.265765667 0.99011004
    -0.301520199 1.38094819 0.852391183 0.549400806 0.261754513
    -0.0435780883 1.3548764 1.08245385 -0.198803127 1.21530795
    0.639175951 0.931171536 0.478533566 1.54503167 -0.353793025
    -0.377552986 1.53965807 -0.288474619 0.142106295 1.31085658
    0.443853617 -0.455422699 -0.387897551 1.37432325 1.44045794
    -0.303224623 0.216628909 -0.106183767 0.1633569 -0.0951856077
    -0.0539710522 0.609578371 0.173775196 -0.12915194 0.0360220671
    -0.146305591 1.42165327 1.12817109 0.294988573 -0.516669333
    0.0819978714 1.24344611 1.12715173 1.07654548 -0.300361693
    -0.0234922767 1.34715402 0.263447762 0.642431021 1.4840709
    0.562543035 0.528642356 0.259807944 1.44161594 0.315537035
    0.711525917 1.23959887 0.398504198 0.853128195 0.866058707
    -0.299875021 0.0175574422 0.0892167687 1.0245899 0.165894091
    -0.342352092 -0.15957737 -0.201174855 -0.0629897118 1.20120716
    -0.489834636 0.0399107933 0.320734262 1.27954531 0.67145735
    0.0341040492 0.837622643 0.574324548 0.119588554 -0.366859853
    0.640218914 0.179832101 1.20478761 -0.325085461 -0.43569234
    0.146355927 0.291404307 -0.173835069 1.07779229 0.200140476
    0.855862319 0.62292397 0.0237623453 0.325507641 -0.0108585358
    1.19912779 0.404286355 0.885282815 1.16832471 -0.141207516
    1.00548446 1.07462573 1.47493815 -0.117717415 1.56707513 0.387975574
    0.129319549 0.66310811 0.0292670131 1.56180167 -0.09670192
    -0.272270024 -0.316910565 0.537895679 -0.144135356 -0.0424233079
    -0.515686572 1.11458266 1.24218583 1.45260847 -0.244259 1.15491414
    0.0722488165 0.440011024 0.281031609 0.650122702 0.666365743
    -0.124954104 1.20129919 -0.164318085 1.26627851 0.591413677
    0.258682519 1.08875179 0.890895367 0.744618416 0.608102381
    1.11487484 0.562183499 1.2591424 1.32254505 -0.0670222044
    0.972024798 1.46471334 0.22486043 -0.383910984 -0.522087574
    1.30168271 1.39757037 0.820039392 1.02102494 1.3095274 -0.312165022
    1.44340909 1.41880643 1.1082902 0.456368089 1.41382098 0.344112217
    0.97015965 0.210610449 1.08239639 0.126500368 0.0636586845
    0.764677703 0.551941276 -0.0140174031 1.22269297 1.0937525
    -0.0013486743 1.32715535 0.527323961 0.232626379 1.15178096
    1.07076311 0.513423443 0.932456136 1.17496228 0.591062725
    0.262326598 1.07262254 1.36691892 0.668993354 0.314103425 1.34195733
    0.269796669 1.25524831 0.185375154 1.49830103 0.162985921
    0.382209092 -0.308019012 0.944757223 0.00504344702 -0.444848806
    -0.200181574 0.439583033 1.31333637 0.86049968 0.723994911
    0.763227105 0.914129913 -0.148857057 1.29338157 -0.412209988
    0.910676181 -0.0505720973 0.987682343 1.37642717 0.472168028
    1.14559245 1.39399099 1.14526129 1.41020513 0.918775976 0.288160861
    0.508189678 -0.311671644 -0.256031424 0.0318974257 1.09434927
    1.47959507 0.0514110327 0.17151159 1.38456893 -0.107006252
    0.322752893 1.26120329 1.44081426 0.286497414 -0.551532269
    1.27064264 0.55463016 -0.500317097 0.320144355 0.314298749
    -0.0142862201 1.49715209 -0.518602312 0.68860352 0.731085718
    0.7032125 1.35327756 1.24125624 0.349696517 1.26075006 1.38528717
    0.925725639 1.19003987 0.48831439 1.03785408 0.695903659 0.523023903
    1.42915475 0.378665566 0.359601557 0.140303373 0.271399856
    0.0772861838 0.247505188 0.402505577 1.26241815 0.16678977
    0.805294871 0.958176732 0.534885645 -0.212902635 0.205274045
    -0.415066838 0.858060718 1.25999546 0.36473459 -0.19023031
    0.396040797 0.476723909 -0.139046013 1.41727877 0.428856373
    0.338180244 -0.0772820711 1.13632083 -0.295884967 0.942316771
    0.785755634 0.493329763 -0.168259442 0.147705257 0.401948452
    1.02559185 0.243013024 0.00461685658 -0.457423806 0.507369637
    0.396877706 0.024777174 0.480124354 1.48425841 0.749072194
    0.486136436 0.339265347 0.060710609 0.899298191 0.0451165438
    0.0257290602 1.19648135 1.55976641 0.45134455 0.559297442 1.07423472
    -0.194831997 0.877174854 -0.241857141 0.0574813485 -0.312837124
    1.48292327 0.829069853 1.3620038 0.395892799 1.16571653 0.563213408
    1.47702694 0.828877032 1.26608777 0.674210012 -0.335214853
    1.26782084 0.336111844 0.369529307 0.26666832 1.25190473 0.587147892
    -0.0481927395 0.0912787914 -0.39995715 1.4198575 0.670292258
    1.26781237 1.33423364 -0.334218144 0.323770225 0.545043528
    0.895632684 0.221677482 -0.469235182 1.2280941 1.41338301
    0.426745772 -0.292342812 0.833099902 1.28565085 -0.371241629
    0.580240965 1.43409181 0.667124093 -0.31582427 0.525272369
    0.926515579 1.24811685 -0.237892449 0.992958903 1.25754595
    1.17628729 -0.460153222 1.03442347 0.444849014 1.41706419
    0.989827633 1.23521936 -0.0469324291 1.45946527 0.509975135
    -0.00342720747 -0.0302087963 0.513528049 0.416447699 0.742725253
    -0.00752365589 -0.281261384 0.541823506 0.953921735 0.0805563927
    -0.334343195 0.853901803 0.828240037 -0.164331824 -0.462876439
    0.810170472 0.0750972033 1.59670854 -0.0993046761 1.41824222
    -0.351479113 0.187509954 0.081038177 1.24127269 0.76993674
    -0.574864626 0.235493481 0.534256995 0.803655267 0.862724245
    0.303572118 -0.142947376 0.807449222 1.13001633 1.03377366
    1.28351092 1.42811894 1.01072276 0.212510228 1.29409945 -0.205111921
    0.408419549 0.420176923 0.161256969 -0.464852124 -0.212098271
    1.55431795 -0.119980276 1.53287649 0.215790868 -0.380307615
    0.309663534 0.991977215 0.560280621 1.48021626 0.7294873 0.509245098
    0.176629931 -0.240706027 -0.327906191 1.45085669 1.68233156
    0.149425596 1.42214906 -0.490539491 -0.360324323 0.374369085
    1.23542476 0.68256408 -0.536751747 1.51426768 -0.353845119
    1.41108358 1.35685158 0.940434277 1.14759946 0.405496418 -0.03340137
    0.885816216 -0.433258802 0.346564114 0.081423521 1.51686907
    0.69308275 0.712766111 0.960058928 -0.144785106 -0.31946376
    1.01393318 -0.560574055 0.0646520257 -0.252620131 -0.0129953027
    0.33039099 0.276858985 1.37334919 -0.426166028 1.18341613
    0.424301744 0.814675331 0.268777788 0.66823864 0.705898345
    1.48047972 0.890313029 0.175332963 1.00167274 -0.286189467
    1.39987373 0.621946216 0.841564536 -0.125246525 -0.379102945
    1.4474957 0.0512465239 1.03396332 0.612982154 1.40833497 1.52859926
    0.749425352 0.137955666 0.123379111 0.183486223 1.43382323
    1.17762613 0.563241422 0.188313246 1.53758621 0.731632173
    -0.187254727 0.0572780371 0.565080941 1.34819138 0.687972426
    1.36019659 1.10239041 -0.216798186 0.604409099 0.535625875 1.3896687
    -0.395120054 0.248921692 1.48108649 -0.479553461 1.05612922
    0.995394886 0.698598206 -0.419298828 0.0349496007 0.0996926427
    0.604479134 1.34108043 0.527457595 0.353830755 0.13586849
    -0.229293615 -0.225530922 0.154404998 0.781756461 0.00584924221
    -0.31088683 1.28210711 0.102568626 0.600767016 0.103185415 1.493173
    0.445372283 0.303988338 0.27935195 1.33020842 0.164403856
    -0.383978665 1.28588557 1.47108555 -0.2827335 -0.447429895
    0.150043517 0.723610163 1.46462703 0.259638011 0.481179118
    0.92317754 1.0568006 0.811736465 -0.19448176 -0.117526084 1.48711896
    1.27578378 0.358823359 -0.124155849 -0.317964911 1.27864003
    -0.451197267 0.0110075474 1.45094883 0.269248545 0.496093631
    -0.00848680735 1.4453243 -0.0777818859 0.77823472 0.76564014
    0.62162137 0.117441118 0.461649656 1.18731976 -0.412097096
    0.344358206 -0.489059627 0.947521031 1.15726268 -0.371688426
    -0.0735271275 -0.417917788 -0.27318728 0.4122172 -0.153662145
    1.26374483 -0.0921452641 0.317748368 -0.396917731 0.239473879
    0.5782516 -0.0625132322 -0.0316407681 -0.44528839 0.535039306
    0.659941196 0.785463035 0.201802194 -0.422520548 1.09577203
    1.2205112 1.25988591 -0.33556509 -0.377970815 -0.315253735
    1.15205038 -0.119462073 0.562142789 0.347923696 1.21522999
    0.307233036 -0.0328758955 0.0759947598 -0.108038068 0.251691073
    0.0995306969 -0.336584449 -0.0509246886 0.618514299 -0.320950478
    1.56867862 1.00481856 0.587132394 0.671840906 -0.346691728
    1.43738818 1.25813556 0.599981904 0.183060169 1.48812592
    -0.465391397 0.106992364 0.490532458 1.0354706 1.09678173 1.29363346
    0.414988637 -0.314291239 0.771605372 0.811082184 0.0253424048
    0.648002028 0.128114522 1.23014867 0.38057524 1.39018047 0.916935265
    0.138174832 0.00788038969 0.0214874148 0.950717568 0.95846349
    -0.468181252 1.41248024 1.22344041 0.945192814 -0.230823427
    -0.419362128 0.362605453 -0.0775785446 1.46729398 0.123008966
    0.58407104 1.33359694 1.28875494 -0.420433462 0.368443966
    -0.0807718635 -0.145977944 -0.379552901 -0.0743803978 1.01676679
    0.236388206 -0.46100691 -0.143413484 -0.109785408 1.39086366
    0.8280617 -0.0240379572 -0.21893087 -0.444456756 1.0496645
    1.66380894 -0.259136528 0.7117939 1.26248634 1.46433616 1.14383793
    -0.32646057 0.541921794 0.409584403 0.0157490373 1.24486923
    1.40913641 0.714951575 0.416479886 1.28495073 0.455616117
    0.0899636149 0.0621222556 0.910092533 -0.445607722 -0.19085139
    1.25516689 0.254958928 -0.408689409 -0.204379171 0.103306592
    0.920767605 -0.350304127 0.963279784 1.14053249 0.690294027
    -0.526855052 -0.199542582 0.0975419283 1.22241044 1.09102333
    -0.423166096 -0.476382464 1.11388206 0.0090905726 0.1552625
    0.855222225 -0.0881363451 0.443622887 1.11670113 0.228618562
    1.30100703 0.111313641 1.42217541 0.517766237 1.3951261 1.04577971
    0.283099473 0.315481603 1.31266165 -0.0617085099 1.11858368
    -0.0499839783 1.14393759 1.45168972 -0.322771728 0.413247645
    0.411576509 -0.0697974265 0.360900879 1.34894049 0.0646246672
    0.0263376832 0.535668075 0.0466005802 0.702765048 -0.155816257
    0.0136680007 -0.409123451 -0.148924023 1.02539384 1.04952383
    1.16287208 -0.327616692 1.11398971 0.302314639 -0.193149567
    -0.21693489 0.315700054 0.778598189 1.51570606 0.280164838
    -0.0150063038 -0.431737065 -0.0852737427 1.29891872 0.405795217
    0.365043104 0.0580466986 0.270272255 1.26258242 0.0939464569
    1.47033811 -0.281352878 0.479034603 -0.272875428 1.51179278
    0.946013808 0.599314928 0.63690424 0.848208964 1.12747169
    0.189632952 -0.458955705 0.576883852 1.02878952 0.421862602
    -0.122071832 0.881545305 1.52362001 0.592041135 0.878783703
    0.687294602 -0.0705574751 -0.391795814 0.19563961 0.725096822
    0.979223013 0.8591699 -0.271143407 0.11026907 1.33321369 0.924292207
    0.825272083 -0.0748047233 0.688218892 0.626117349 1.31747663
    0.122584343 0.0122429729 -0.264185637 0.559851587 1.2808255
    0.977156341 0.55706048 0.301967859 1.10986757 0.501177967
    0.336488605 0.0711011291 -0.0281957984 -0.104208738 -0.156205833
    1.04611349 1.33531117 0.99182421 1.17988205 1.23411298 0.0216400623
    -0.240168899 0.790066183 0.681629181 1.4486053 0.382420719
    -0.199018747 -0.129695505 0.978379726 1.35303473 1.19847083
    0.300942719 1.43498707 -0.384258568 1.40506709 0.10226959
    -0.0911853313 1.04703808 -0.363586515 1.15830874 0.937580109
    0.143266141 0.38136059 1.12167156 -0.455927193 0.395993531
    0.226668239 0.752585053 0.606432796 -0.469805241 -0.214703679
    1.41589677 0.275880694 -0.269932151 0.00251492858 0.496505886
    0.687544763 1.18531942 0.51634115 -0.324305356 1.45730424
    -0.472854853 -0.29414469 1.0203855 0.00614321232 1.18577707
    0.935020983 -0.24150908 1.15394914 -0.235807329 1.28840196
    0.281442344 0.977914631 0.324949265 0.468211889 0.23619175
    0.990823209 -0.220088601 0.540376663 -0.142949432 0.661042869
    -0.49170211 0.919561446 0.0661821365 0.889680803 0.430041015
    0.47711122 -0.470650434 1.11596334 1.27905142 0.554119527
    0.787225902 1.3517592 0.34497118 1.06075978 1.16145873 0.3346017
    0.414072275 0.952907085 -0.333399296 0.416514933 0.90594542
    -0.0927297771 -0.219849199 0.166616023 1.44388056 0.0449348688
    0.384341657 0.291360915 0.702582717 0.54311192 -0.143533319
    -0.238617614 0.20906198 1.0698297 0.765178502 1.57214642 0.288034201
    0.406980634 -0.147968858 -0.232051462 0.104312778 0.60723573
    -0.22214736 0.913832903 -0.195762053 -0.137923285 -0.0107243359
    1.51676583 0.430620313 1.4354533 -0.120205998 -0.497583628
    0.747859776 0.60613209 0.87148428 -0.567721307 0.206603587
    -0.237729281 0.37633884 0.0940455198 0.571825504 -0.280469477
    -0.43987906 0.764235377 -0.469169825 1.52728605 0.581802666
    -0.280926049 1.25481439 -0.155288607 1.04361033 0.490699351
    0.45478791 0.186717391 1.29088616 1.02496362 0.172346056 0.897089005
    -0.0655179024 -0.321707904 -0.109215438 -0.241061822 -0.201818496
    1.52177727 -0.37062031 -0.414437175 0.993569672 -0.517664015
    1.35184836 -0.461147189 1.06417477 -0.213460982 0.164956093
    0.681419611 0.997428238 0.602454185 0.995023966 0.123851299
    1.48595166 -0.229256213 0.0944216251 -0.126144826 1.11257887
    0.916161418 1.35162163 1.35501516 -0.401015699 -0.124144047
    1.00953817 0.032499969 0.193697751 1.30956185 0.425887942
    0.744947314 0.0564568639 0.714369237 1.39491224 0.0870323181
    1.14199042 -0.61947608 0.617983401 1.08213353 0.157884836
    -0.27692312 -0.251836717 1.16571736 0.448156416 0.499014199
    0.898103714 1.43800759 0.8707214 0.134072483 1.26652074 1.00337756
    0.439870119 0.922007203 0.117004871 -0.408906937 -0.228100598
    0.905709147 0.521892488 1.31451392 0.331854999 1.41881013 1.2461102
    0.274522722 0.880264759 0.580789864 0.898162127 1.47360051
    0.809823811 0.185181081 1.508582 0.782054603 1.34238672 1.21631598
    0.180074811 -0.355928153 0.0753571689 -0.30038926 1.33484757
    0.391555578 0.327130795 0.53534168 -0.36105606 0.804585457
    1.27683973 1.10261154 -0.488882661 0.612237513 -0.405785739
    0.0973013043 0.435117006 0.178629875 -0.221297175 -0.296164095
    0.906158268 0.664568961 1.51879215 -0.143663675 1.51673722
    -0.294573218 0.893217564 -0.120859772 0.941736102 1.18305707
    1.00352836 -0.0244211555 1.41807532 -0.484363109 -0.385142416
    -0.161311895 0.881891012 0.294606119 -0.0981960893 1.05073786
    1.21880877 -0.0398269892 0.412006676 0.616177082 0.151136816
    0.56883961 0.961645901 0.106441081 0.764720142 1.15253723
    0.708072722 0.698109806 0.243085027 -0.442439318 0.923652291
    1.48507905 -0.186117232 0.0453255773 -0.0160218477 0.730507851
    1.48502016 0.681964934 0.208255351 -0.407967776 0.978455186
    1.44108534 1.32863879 0.774543524 1.53627765 0.0392434001
    -0.385615796 0.152930707 1.45301187 1.19456482 -0.250959754
    -0.369619787 -0.28848666 0.737099767 0.301323563 -0.0596222579
    1.43536425 0.207711279 -0.479766548 0.733137608 -0.504956245
    -0.31025362 1.11206031 1.29441786 -0.278482825 0.793293357
    0.964241564 0.795873761 -0.0852242708 0.229824483 1.4589088
    0.517665982 0.994226515 0.113984108 -0.430722117 -0.495178938
    1.25807095 0.18597883 -0.0105771422 -0.483546376 -0.207596362
    -0.298428833 1.01152229 1.20104921 0.442769468 1.09900033 1.45656991
    0.328533053 0.439598501 -0.508628547 -0.388412297 -0.0596949458
    1.36565804 1.49442518 -0.0447189808 1.13729405 0.495072901
    -0.133635104 0.307241797 0.321887732 0.557530165 1.05454671
    0.679354787 0.0178129971 -0.138193548 1.172364 0.406370163
    0.63636446 -0.440880865 0.554295599 0.61821574 0.00298130512
    0.144408822 0.958087862 -0.390736997 0.672600806 0.316806674
    1.09808159 0.561884522 -0.17170012 0.142059386 1.5760392 0.128091782
    0.662997305 1.18309808 0.222976804 -0.482643366 1.2062254
    -0.52918613 -0.531178653 0.464966595 0.281126738 -0.506359637
    -0.0929714739 1.39609742 1.25570464 0.135151565 0.16561994
    0.612076044 0.245072246 0.198286802 1.28161478 0.0232805014
    0.911741972 1.01352024 1.31107402 0.623077214 0.380851924 1.47361588
    0.982058644 -0.550537646 1.3621645 1.51237822 -0.321860492
    1.34597707 0.529601753 1.45364666 -0.278039426 -0.364113271
    0.287181765 -0.380121469 -0.135497421 1.39013267 0.841635466
    1.37124443 0.316470444 -0.302691221 0.771778464 0.849305868
    0.161089003 0.160858452 -0.319903314 1.13394499 1.39069891
    -0.156951338 -0.0983472466 0.131465673 1.13583529 0.00279855728
    0.455750704 0.537833154 0.70719409 -0.313175321 0.376788199
    1.47049284 1.13340843 -0.128218859 -0.26091674 0.983358264
    0.850296855 0.0217101574 -0.221550554 0.703066051 1.22723007
    0.308263779 -0.451040149 1.45971775 -0.232220888 -0.0127359033
    0.113431752 1.41991806 0.58345437 0.261868894 1.2508924 0.906320989
    1.32006395 1.45622492 0.473214984 0.745473862 1.02738738 0.38653475
    0.792270184 0.461909533 0.0585992336 -0.111757934 0.309015393
    0.0530097485 -0.00266772509 0.182783425 0.615886092 0.784518123
    1.18072391 0.130721509 1.0090282 0.0700209737 -0.368912935
    1.30576873 1.23091948 1.05259418 0.700121939 0.640778542 0.400490046
    -0.00157910585 -0.191165805 -0.291466326 1.49435675 1.29772437
    0.953911185 1.02681923 1.0932045 0.246605933 -0.375892252 1.14413905
    -0.376697093 1.07854092 1.27592456 0.422174871 0.576334655
    -0.0123872161 -0.22661525 0.476916909 1.4798677 -0.237553835
    1.01228476 0.494919896 -0.349530101 1.45654655 0.964763105
    1.37138152 -0.0942537785 0.0646377802 -0.471539259 -0.158124804
    -0.0588495135 -0.33030057 1.24958253 0.634123206 -0.30166319
    -0.228576064 0.382931054 1.22901881 -0.151296914 0.863832951
    0.203198671 0.34113273 0.0723891854 -0.496465445 0.110856414
    1.30547261 1.52930021 0.509896398 0.256095946 -0.372439086
    0.158623099 1.00197327 0.440122664 0.297794819 0.768434286
    1.04466367 -0.150284886 -0.0392536521 0.297072887 -0.103868484
    -0.438565314 0.49067241 -0.0510187149 0.844053447 0.147569835
    0.0463869572 0.657514036 1.07534003 -0.074151814 -0.109357744
    1.06381464 -0.208681494 0.782081962 0.693705618 0.0144828856
    0.114999861 -0.146592975 0.221662462 1.458004 0.886292398
    0.366041481 0.856299281 1.52539086 0.0362845063 0.506467044
    0.30965054 -0.414166003 -0.219687551 1.35392141 1.0615871 1.32452905
    1.35262299 1.41577888 0.302682579 -0.195486784 0.474951744
    1.17546177 0.499523401 0.121577084 1.07189202 1.19565785 1.40612328
    0.459235251 0.0302830338 -0.127577275 0.111886621 1.12419391
    0.827536881 0.280103445 0.215306222 1.41707635 -0.335792243
    0.661506891 0.439301133 0.479311705 0.927123308 1.19525361
    0.654222727 -0.254169106 1.18506432 -0.188521028 0.636117876
    -0.16155535 1.55146241 0.49630931 -0.279663533 1.22893524
    0.910253167 0.367449373 0.553459167 -0.237030879 0.744794309
    -0.084384203 -0.316295266 1.56951571 1.52676344 1.00382543
    0.843661308 0.607625782 0.719429612 1.00004613 0.260796875
    1.45279753 1.29305696 1.22642601 1.47452259 0.437280864 0.339625955
    0.739708424 0.795234799 0.262198985 1.39885402 -0.162287533
    1.40949523 0.919639111 0.661860764 -0.187939972 1.12078428
    -0.31326893 -0.180035412 0.571986198 0.0738057494 0.582573414
    0.233683795 -0.0316656828 1.56854224 -0.492770821 -0.188262969
    1.08273804 0.133476317 0.0642493963 0.773548901 0.949276984
    1.12913537 1.20242083 1.14972377 0.987893403 0.0394443274
    0.213555098 -0.249611914 -0.463720977 0.593936086 -0.10715875
    0.814624786 1.30202615 0.582640886 1.04955304 -0.370286107
    0.700766265 0.980804205 0.312178373 0.360163927 0.0520173907
    -0.444141269 -0.239670724 -0.0816302598 1.09186709 1.04989362
    0.985748529 1.29654801 0.947600365 0.143290281 0.882840395
    0.11618942 -0.179008871 1.19513965 0.88775003 0.121280313
    0.548831284 0.995802939 1.48860669 0.96024251 0.889592469
    -0.427285403 0.361402154 0.477398813 1.33704782 0.151852727
    0.825880527 0.418148696 1.47921038 0.451405883 0.251102567
    1.25202739 0.356241882 0.0804758072 1.07528615 -0.271406263
    0.652662396 -0.113668442 -0.370617867 1.09931028 1.4792372
    0.48597604 -0.237718105 1.50016844 0.182428837 -0.208656281
    0.638174832 1.34155703 0.0421987176 0.714120209 0.473319232
    -0.301718652 0.148655355 0.558684945 1.0334388 1.24135399 1.03935051
    -0.176490575 0.386876523 1.26809311 0.208808959 0.226851225
    1.16065216 1.17038631 0.224468946 0.898609519 1.30531609 0.736667991
    1.03921914 -0.189269185 -0.0788490474 -0.435405999 1.24498522
    1.45444322 0.234643877 -0.137115002 0.887202621 0.590436578
    0.997030199 1.29668653 0.699023306 0.587523699 -0.220781207
    0.484081089 -0.192023546 -0.181765884 0.215214968 0.313450694
    1.4814024 0.865734994 -0.537007987 0.369954169 0.937271953
    0.796983957 1.04865336 -0.316078007 0.796632171 0.292863011
    -0.502411604 1.01538527 0.567441165 0.589901924 -0.11413151
    1.17535806 0.832949817 0.927115679 0.356760383 0.457377315
    0.985471666 0.523135662 0.401350796 0.379149735 1.37960684
    -0.291370779 0.00185257196 1.34278202 0.443347991 0.634740412
    -0.0788614154 1.37291312 0.284878254 0.998944402 1.06634402
    0.618978262 -0.293326586 1.00385547 1.13805187 0.848977447
    0.588213205 -0.099150151 1.41374469 1.29309261 1.04713655
    -0.115597427 -0.375703514 -0.17911914 -0.241873309 1.58954537
    -0.273701787 -0.420309633 0.836212039 0.35659498 0.184035659
    -0.40203923 0.647405148 0.264119625 1.37528682 1.27238309
    0.863370299 0.397940934 0.956414878 -0.108393967 0.306428552
    1.34340239 0.574962497 -0.0754413009 -0.274908304 0.781792521
    -0.348031223 0.288423896 0.168103635 0.265428364 1.55287385
    0.939546764 -0.310708463 0.449988663 0.939406753 0.840569079
    -0.422540188 0.274371862 1.14444375 0.222193956 -0.150484145
    1.05290222 0.606645703 1.15921962 0.960468173 0.275525987
    0.488296211 -0.162549704 0.684512675 0.457426786 1.00006342
    -0.11194554 0.470366776 0.134928465 1.28092313 0.652384162
    -0.213833541 0.606704116 1.05327582 0.776523769 -0.132031173
    1.53823733 0.15429908 1.01805353 -0.227983952 0.551364422 1.28619242
    1.0884409 1.50835848 -0.188726842 -0.0472538471 -0.298777759
    1.30997777 1.49741757 0.377841026 1.11981249 0.572968364
    0.0741656125 -0.383334577 1.38941884 0.199363708 1.53019142
    1.43058491 -0.0809726417 -0.296362638 1.17147636 1.22024548
    0.97530663 0.21810627 -0.0410837233 1.33953023 1.41707253
    0.466831446 1.06538081 0.526953101 0.518794 0.55368197 0.360498548
    0.649527013 0.300113797 0.347655892 0.778407097 1.25955319
    0.704401374 -0.0368528366 -0.297684312 1.07880282 0.157652676
    -0.33370319 0.710814834 -0.256321102 -0.07750386 0.248823285
    0.169522107 -0.0859170556 1.0373925 -0.378532827 -0.106232852
    0.183544397 -0.454807192 0.504083872 1.0676856 0.73843658
    -0.493018389 -0.0210933089 1.09643745 0.800100029 -0.505555511
    1.11718893 -0.188438684 0.201296926 0.650955021 0.800299108
    1.18684638 -0.257002443 0.527598381 -0.458412409 -0.141830623
    0.355917156 1.11143351 1.05610585 0.799509764 0.552735567 1.20339
    1.41542649 1.19156313 -0.228367925 1.4729625 -0.131645799
    0.696471632 -0.26097995 1.23908377 0.663353324 1.20298874 1.13442993
    0.444000542 1.16299987 -0.37634474 0.365172625 1.0318439
    -0.112870932 0.858929813 0.932125151 -0.005666852 1.14868975
    1.43359113 -0.547768354 -0.0997146666 1.44198155 1.23047149
    0.823880553 -0.142350703 1.10869575 1.0808171 0.337525725
    0.630817294 0.119318604 0.244360805 0.934081674 -0.331596911
    0.156127036 1.37773371 0.317913651 0.237431049 0.80623138
    0.157083094 0.440017045 0.0423206091 -0.336968839 1.41203606
    0.174759537 0.115113527 -0.254539371 -0.181819856 -0.411585093
    1.45365834 1.3931284 -0.261401415 0.496179283 -0.167743266
    1.12072384 0.524551868 0.126257956 1.37062573 -0.248458713
    1.12006748 0.860053658 0.0471438766 0.105812252 1.18378365
    -0.16915524 0.315028429 0.966128886 -0.600103736 0.771906495
    1.44769502 0.132173598 -0.44320479 1.13501585 0.135985076 0.76533711
    1.52186012 0.500490785 0.0972983837 -0.482697785 1.101331
    0.750974417 0.0102241039 0.179980338 1.50473595 -0.512875319
    0.742165446 -0.270101309 0.768140495 0.661750138 1.41904128
    1.06364727 0.772328436 -0.528519869 1.00521588 0.96108681 1.09546232
    0.292582512 0.14072156 -0.219801605 0.141185164 0.58511132
    1.26250398 1.40507114 0.752810359 -0.30524227 0.717668056
    0.749959528 0.118870437 -0.395742953 0.175107777 0.0348673463
    -0.0231557786 -0.159275085 -0.00705891848 0.387988865 1.09198046
    -0.184985995 1.29361272 0.389456391 0.6746912 0.518537521
    -0.447389901 0.292877018 0.746420503 1.25709271 0.7217834
    0.201295495 0.219347954 0.492140472 -0.302886188 -0.0841401219
    1.08134699 -0.148025155 0.406072557 1.17965508 0.142876327
    0.139977336 -0.0213920474 1.34437323 -0.14010641 0.342014074
    0.609831035 -0.234183669 0.830765963 1.27933371 0.227031291
    1.11930752 -0.0518223047 0.519579649 1.09466219 1.14402628
    0.116257191 0.744382203 0.0103942752 1.43920922 -0.0811574757
    1.393435 0.17315799 1.01310277 -0.0742709637 1.56108749 -0.393264353
    -0.240977138 0.860537708 0.242040336 -0.380106688 -0.0283130407
    0.315102726 1.22572517 1.50724125 -0.401539087 -0.389333487
    -0.000433117151 0.0990306139 -0.170692742 0.886675358 -0.29031229
    0.979140639 1.31995475 -0.527297974 0.486061215 -0.0787673593
    -0.392037302 0.900723457 -0.35200116 1.72066176 0.134856999
    1.60924602 -0.2782498 -0.184544951 1.54688883 -0.292482227
    -0.0285702944 0.103041589 1.25546038 -0.0614902973 0.789206445
    1.366014 -0.0769514441 1.50845969 0.16953063 0.635954261 0.281662881
    0.833089411 -0.238786221 0.347736061 -0.00864607096 0.315200984
    1.52525187 0.993407667 -0.467157155 1.48434138 1.39900494
    0.213591337 0.938610017 -0.139077991 1.42706931 0.941636026
    0.382133424 0.288119256 0.803036571 -0.0278120935 1.59569001
    1.3732698 0.321454614 0.302580506 -0.102379948 1.3418777
    -0.464599669 0.809820533 0.342614591 0.991614938 0.553798437
    1.01708865 1.50988245 0.318840384 0.396772921 0.183992088
    -0.253538042 -0.0991184115 1.16934323 -0.502672791 -0.280243695
    1.28937888 1.27802634 0.1970523 0.210246623 0.112333953 -0.448426694
    -0.123470426 1.32090402 1.35272765 0.1363976 -0.523314059
    -0.341464221 -0.462399483 -0.0902849734 1.12528551 1.06809044
    0.993166387 1.17520511 -0.409021944 0.673515797 1.29894471
    0.366808653 0.989292502 0.675049484 -0.0396875739 1.15921092
    0.567829967 0.194214821 0.83376056 1.04510367 1.211676 -0.346688658
    0.365888357 -0.486974895 1.51587892 0.376234829 0.0145460367
    0.859589875 0.354654431 -0.050601393 1.18544769 1.0665319
    0.709156632 -0.242589414 -0.410124272 -0.524523497 1.51503301
    1.27438903 0.528635204 -0.0701388121 -0.520294428 0.034579277
    0.486412764 0.758177578 0.757598102 0.636348128 -0.413220763
    0.0139953494 -0.174593031 0.548520207 -0.327002853 1.31959903
    0.923887253 -0.472331494 1.5880723 0.932096481 1.19058239 1.50664568
    1.06081641 1.31797194 0.898561358 1.02970791 -0.0276688635
    0.429327905 1.44011784 1.21549869 -0.421949744 0.141166449
    1.41984344 0.460039914 0.425451696 1.41173446 0.245290637 1.30488849
    -0.331549942 0.0689104795 0.736347437 0.0910795927 -0.171557665
    0.905102551 -0.323997259 0.464433193 0.00791013241 0.468456924
    1.29058194 -0.217248529 1.17169428 0.721801043 -0.299694598
    0.0220388174 -0.314410388 0.893541515 0.884123504 1.40941679
    0.343519032 1.11233807 -0.371537626 -0.255689859 -0.384065926
    -0.491240472 0.951092899 1.19301772 0.584751248 0.41893965
    1.37009525 0.457039237 0.985073745 1.4677037 1.29776776 1.02757347
    0.204583406 1.10373461 1.00677288 -0.370186448 0.259009719
    -0.469051778 -0.135801136 1.08239913 0.720534623 -0.0207659006
    0.242147803 -0.200834453 1.13534272 0.766139567 1.41988039
    -0.287867427 0.688192427 0.747374415 0.935785472 0.416325331
    0.310385346 1.34848452 0.24980098 0.79538852 -0.277056783
    -0.343630672 -0.00247079134 0.0334211588 -0.273611277 1.26755393
    0.401581407 1.43247998 0.892382979 0.557612836 0.184065104
    0.543186784 1.00122356 -0.476575762 0.529993176 0.916750252
    1.13151288 -0.241885096 0.569533527 -0.245347798 0.0240095854
    0.643684745 0.568715096 1.04605019 0.937188327 -0.29170087
    0.574882388 -0.137093753 0.513786674 1.30391562 -0.209849805
    0.797148526 -0.191830814 -0.00411218405 -0.176474333 0.553245604
    0.504468322 0.465539336 -0.08968243 -0.0571222901 0.0477335453
    -0.455607772 0.299941182 1.5571208 0.887237608 0.214379847
    0.0251899362 1.14576364 0.790445745 0.669246435 0.903561234
    1.2150842 1.61624336 -0.332377583 1.19321799 1.24689364 0.663582683
    0.227490485 -0.17023471 0.941617072 0.873740673 1.1501348
    -0.53295815 0.678546906 1.24812889 -0.232398689 -0.362290472
    1.47991419 0.767367363 0.0868934989 -0.499427944 0.751405776
    1.37909603 0.122736216 1.04768157 -0.0658105314 -0.365395784
    -0.344737083 0.717662156 -0.163054466 0.140381396 0.048727572
    1.26190627 1.22376347 0.0385219455 -0.226400435 -0.527781129
    1.07334495 1.42843294 1.48494267 0.0684008002 1.09028053 0.934867144
    0.65057081 -0.312612832 -0.0571187437 -0.146535605 -0.51011759
    -0.248507917 1.48767066 1.29429674 -0.155253381 0.104368329
    0.20025754 1.41236544 0.777394772 0.103385448 0.082002461
    0.748467445 1.46033323 0.74931699 1.17955196 1.26044393 0.31217587
    1.49711108 1.14660788 -0.0400370359 0.814535975 0.583137155
    0.532465994 1.33900154 0.786260724 -0.00172334909 0.0858103633
    0.154666722 1.05956066 0.0613072515 0.677987695 1.20338333
    0.94673574 1.34135342 -0.502783775 1.06769943 -0.0403777361
    -0.408808857 1.46853995 0.524704576 0.409027278 1.36165476
    0.966808081 0.810416162 1.43059826 0.34131068 0.851620615
    0.329355061 1.16195607 0.297934651 1.14646685 -0.284849048
    0.818628073 1.04651535 -0.263770908 0.423893362 0.917866468
    -0.176854044 1.09307933 0.620735705 -0.0895734429 -0.104832828
    1.40506005 0.359461069 -0.333758414 1.32114458 1.39328265
    -0.233120024 -0.190966904 0.103423059 0.980620027 -0.134097338
    0.60472995 0.980370402 0.482675105 0.993591785 -0.395659626
    -0.130246192 1.43410707 0.630410194 0.838620543 1.3268342
    0.540765405 0.0615827441 -0.342974812 0.81325227 0.0523080826
    -0.0698037148 1.13406324 -0.0145727694 -0.406628937 0.75129652
    -0.37304908 0.95871067 0.152862966 -0.186731875 0.438051879
    1.29627728 1.40845919 1.30292225 -0.577743828 0.899299502 1.19284368
    0.49036932 0.807490528 1.32310796 1.52980423 0.49711889 0.148104608
    0.122893482 0.24328655 0.623419642 1.43828845 0.53145045 0.18797332
    0.198574841 0.625378668 0.246309757 0.376543343 0.0326849222
    1.19231844 1.10469675 -0.530693412 1.21003366 1.02139986 0.265220582
    0.43410182 0.608649313 -0.100240588 0.868193984 0.86927706
    -0.0435333848 1.18626106 -0.226724863 0.784812927 1.17397523
    -0.186069191 0.898974597 0.443402231 1.07934129 -0.199587345
    1.15451682 -0.461480856 0.76134479 0.385777295 0.65346086
    0.816953182 1.29645729 -0.152450293 -0.14274779 0.565474629
    1.47741902 0.204071879 -0.323818892 0.0611058474 0.550318539
    0.339161754 0.50880599 0.83462429 0.426816344 0.672754109
    0.877418816 1.14577508 1.14711726 0.924428225 1.07884645 1.0256567
    1.07489848 -0.181529254 0.721127272 1.2752285 -0.546115458
    -0.222176373 0.926922977 0.777552187 0.285469055 1.30442441
    0.0994437337 1.46863389 1.1918931 0.0691847205 1.34909117
    0.852093399 -0.051877439 -0.0171210766 -0.1856215 -0.282626688
    0.575838149 1.50340903 -0.442467362 1.01558042 0.344374835
    1.58837366 1.10198236 1.10940599 1.07823849 0.0399998128
    -0.236225799 -0.317807972 0.829877019 -0.453188241 0.723554432
    1.58154154 1.43114007 0.441448092 -0.542484343 -0.139027655
    0.977894187 0.246639132 -0.404445142 0.268453956 -0.173078865
    1.61595452 0.100356311 0.817851305 0.408692092 -0.00704324245
    1.27849424 0.028850019 0.0733059049 -0.474295914 0.589093506
    0.252312958 1.15117598 0.251604378 0.284495652 1.09540033
    0.347806096 -0.00442773104 0.496867478 0.144316435 1.20864356
    -0.121386766 0.872290313 0.455668032 0.152334392 -0.162185162
    0.196890414 0.959113419 0.582740247 0.0690579414 -0.135950625
    0.598786056 1.09090936 0.400942326 -0.391976655 0.467188179
    1.25453949 1.07148135 1.23127615 0.887641311 -0.411850363
    -0.487671554 1.37523782 0.887675345 1.28029585 1.23026824
    0.551455379 0.658418298 -0.164519161 1.38912272 1.44055402
    0.906010389 0.801870167 -0.417805016 1.27298832 0.894444048
    -0.448922068 1.17389917 1.50068879 0.895339966 0.387727082
    0.209341407 0.0781766176 0.638615668 0.612913847 -0.0773869157
    0.192361534 1.39923573 1.28327107 1.22730017 1.27968514 1.31416798
    -0.0832551718 0.772147775 0.56430465 0.556288302 -0.323855907
    -0.408106863 -0.392255962 0.735192358 1.0552454 1.14181149
    0.271430671 -0.0383769274 -0.394255936 0.234366715 1.24349082
    0.495847881 -0.471036255 0.477680266 0.472652555 0.209441364
    0.713019907 -0.299352765 1.43247414 1.21918535 0.339023113
    0.195535481 -0.0457746983 -0.472564667 0.163424313 0.219372511
    0.809355021 -0.0619806647 -0.523267746 0.462192357 1.20492399
    -0.292905807 1.20659924 1.13619661 1.51497209 0.460423529
    0.299574733 0.0433309078 -0.428476274 0.749627531 0.381642997
    1.47056031 1.16095781 0.959899902 -0.129463941 0.363383204
    0.401007265 -0.096182853 0.101503551 0.302509844 0.322805285
    0.663374782 -0.278694034 0.494465649 0.410349965 0.438479125
    -0.23745209 0.990581989 -0.432001352 0.779233456 1.3403374
    0.245331168 0.409724891 1.4474206 1.36305285 1.15987277 1.29023397
    1.11029398 1.07870483 0.723273993 0.884496152 -0.0377834439
    0.951786339 0.519792497 -0.495019704 1.53747535 1.342592 0.881703079
    0.681050777 -0.46618256 -0.361822546 -0.230995208 0.48014468
    0.18349731 0.482428789 1.53683043 0.51132679 0.578604102 0.929756224
    0.551609814 0.870586336 0.126628697 0.619049072 0.712954283
    -0.392551541 0.18037343 0.0801938176 1.31218767 0.245409727
    1.35885668 0.113420188 -0.146077096 1.36750627 0.685506701
    0.192105651 0.185490906 1.04521728 -0.115893394 0.284878373
    1.05634356 1.50642419 -0.466705233 0.796380758 0.489994168
    -0.168627799 0.442804694 0.800451934 0.717975259 0.223765016
    -0.386539787 0.336282909 0.388766825 -0.147899121 0.0688300729
    1.11852169 1.35851836 0.217333496 1.48653889 1.29641032 -0.175015152
    0.892251313 1.41975272 1.18274927 -0.334430337 1.32538414
    0.370057881 0.812256992 0.351334155 -0.473649085 0.882333338
    1.31336129 -0.104778439 1.21967387 1.07566047 1.45119739
    -0.077398628 1.04860711 -0.154635251 0.59990859 0.87579453
    1.33583784 -0.401679337 -0.295091748 -0.292468637 -0.2527937
    0.836148679 0.563076556 0.0311394036 -0.15611732 0.732448757
    0.559213758 1.58194804 -0.110872954 1.21303427 1.16917109
    0.581976771 -0.345801771 -0.334579706 -0.185354531 0.562741816
    -0.453639865 1.55136132 0.836020589 1.05992675 0.546337605
    1.11100149 -0.429692745 0.774520397 0.859784484 1.09768128
    1.14854622 0.311068833 0.809376538 -0.159244657 1.13464904
    -0.370072931 0.97666347 -0.287163317 0.891076267 -0.340835989
    0.584631741 0.944610953 0.528347552 -0.445457995 0.376110673
    0.460949779 0.367490649 0.368624091 -0.125921905 -0.342343032
    0.205720305 1.1284883 0.608000994 1.33588076 1.45874214 0.848448813
    -0.343958795 0.853049159 -0.439595461 -0.155893803 -0.0166848898
    1.05368638 0.148398638 1.11707461 1.52816749 -0.203159481
    0.981766284 0.799428463 0.0239778161 -0.216664612 0.437773764
    1.16326356 1.12570786 -0.0588049293 -0.170803905 0.729991913
    -0.170463413 0.84530139 -0.321367174 1.2721628 0.778010488
    1.26712239 0.940132678 0.692553937 -0.515558183 0.141615987
    1.2009995 0.130890846 -0.0746838152 0.22555232 0.594844401
    -0.12563017 1.09452963 0.614080191 0.466355085 1.09196258
    -0.148563802 1.30828142 -0.151123732 1.18955135 1.00076127
    -0.419215113 0.559985876 1.08035278 -0.425805181 1.21932244
    0.47644186 -0.529538691 0.122060537 1.04263365 0.830919743
    1.53091598 1.10942113 0.696503222 1.4948473 -0.157985568
    -0.324849635 0.549346447 0.696893752 0.415196478 -0.127239883
    1.00896788 1.49987435 -0.286123723 0.177782893 1.08229446
    0.501129627 -0.497790784 0.0302316546 0.535161674 1.3001883
    -0.373791009 -0.0563269556 1.52672887 0.593741596 0.0118547678
    1.14731073 -0.343563169 0.98658514 -0.523197174 -0.0838467181
    1.28757739 -0.370996624 1.04818308 0.0919514596 0.360584617
    0.0798592567 0.111471713 -0.170814037 1.41865325 -0.453443438
    0.503536284 -0.124751657 -0.242216706 -0.393960953 0.0612235367
    1.53980267 -0.272698611 1.18691349 -0.181821257 0.125167608
    -0.30476743 -0.211740106 0.0193416476 -0.402332067 0.0954828262
    1.53397071 0.609896779 1.37119508 0.164361656 0.427838981
    0.952816427 0.450844646 -0.243363649 0.945202351 -0.310686737
    0.987082005 -0.19548437 1.13392782 1.01808691 1.35795546 0.716703176
    0.0347791314 0.971440017 0.32511735 0.784356833 0.329719245
    0.204673827 0.203116 0.841351032 0.391260564 1.17008698 0.591371536
    0.579143167 -0.288781106 0.466409028 -0.556889415 0.222436666
    0.169675469 -0.449952334 1.30753565 -0.019302547 0.89237082
    0.421807766 0.571878016 1.19416022 1.24730778 1.41695309 1.37654519
    -0.0078522563 0.865732729 1.2364161 1.10966611 -0.510447204
    0.0302789807 0.943873107 0.617646933 1.49846721 1.40025902
    0.0493808389 1.25797081 0.592028499 0.800745964 0.397188127
    -0.493362725 -0.438753128 1.19561982 1.30993056 1.09674621
    0.284510791 0.640648484 1.36293149 1.38884187 0.308038175 1.22506034
    -0.0387153029 -0.142114788 -0.47713834 -0.275255591 0.644557059
    0.484976351 0.628925622 0.692568898 0.62803787 0.389710903
    0.256273568 -0.328399956 0.593155086 0.250840306 0.827890754
    -0.0386119187 0.571454704 -0.262120157 0.630706847 -0.473471493
    1.35833871 1.56842268 0.0456694961 0.791487455 -0.337172776
    0.999792516 0.976931632 1.56916475 -0.121959388 -0.497004181
    0.508127451 -0.124358147 1.54456007 0.286495775 -0.191401184
    -0.427313149 -0.206248999 1.16778433 1.07557797 0.479703128
    0.248774588 -0.180628777 0.569258451 -0.347813487 -0.229344994
    0.357952118 -0.332260698 1.38539016 -0.168145597 0.878756166
    1.11856794 -0.0450637043 1.46751046 0.972301483 1.00764799
    0.397999823 1.649611 1.32189167 1.07175934 0.618802726 0.40120244
    1.5483731 0.102893353 0.199923456 0.283639073 1.51487625 0.506267905
    0.0883567333 1.49853325 0.967228413 1.18889773 0.545748711
    1.20279765 1.22497213 0.583043516 0.85149467 0.456036627
    -0.281063497 -0.125521541 -0.465011567 0.187949002 0.183519632
    -0.0583029985 0.128704607 0.275748312 -0.00258153677 0.0785861015
    0.815472305 0.157167852 0.719129026 0.750812531 0.281699598
    0.210503936 0.540082455 0.691144407 0.905683756 0.0971331
    0.239524007 0.152415752 0.358937502 0.417750359 1.51435876
    1.28606343 -0.373240143 0.717573643 -0.359908968 0.818933487
    0.24936384 -0.489717126 1.20337105 1.02923059 1.03940201 0.20787245
    0.245341063 0.930085242 0.279256165 1.29616904 0.0023997426
    1.51808751 -0.0174344182 -0.208002269 1.26541543 0.506873429
    -0.218100876 1.45654464 0.568056226 0.385270715 0.134535909
    -0.431683838 0.12376821 -0.183418185 1.2736299 0.339846343
    0.156378984 0.782878339 0.809162378 0.323528469 1.51083326
    0.667443395 -0.213063955 1.34356761 0.539389014 1.05324864
    0.0563998818 1.13976526 0.281999052 1.24036157 0.501173913
    0.772019029 -0.3837412 0.19740355 0.293360114 0.873805404
    -0.082775712 0.678218722 1.4113636 1.32605362 0.0911850333
    0.962794483 -0.552475393 1.03997445 1.39999413 -0.101989329
    0.566935539 1.06849909 0.446506768 -0.178179622 0.0922366679
    0.490854353 -0.434204817 0.302311599 1.13927281 1.35109377
    -0.405756533 -0.440623283 -0.391364396 0.639807701 1.47717381
    -0.174235195 -0.262254834 0.176965773 0.532783687 1.34601891
    1.39961314 0.374554336 0.368288636 -0.475581557 0.428237438
    0.0370138288 -0.496655315 -0.342034727 1.35050607 0.944010854
    0.712210774 1.09750497 0.227625012 0.518460691 -0.109698027
    -0.131180316 0.91813904 1.15827489 0.878378987 -0.230815172
    0.0370985866 1.29404461 0.04409343 -0.0342745781 0.0251531005
    0.919602573 -0.0566004217 -0.41504395 -0.100861937 0.676290333
    1.55472732 1.06441855 -0.47937566 -0.0313743353 1.3378861 1.40625334
    0.233262599 0.749864519 0.834527254 0.565465212 0.817242682
    0.152761757 -0.36174798 0.80805999 0.0196685791 -0.540659785
    0.527682126 1.02454519 0.184972107 -0.553770423 1.03833377
    1.45943451 1.00654662 0.508111894 1.43802476 0.392861784 0.950082421
    1.29061747 1.07390475 -0.124051958 0.0425024629 1.24808478
    1.09828877 1.47811997 -0.266660452 1.32957232 0.448327601
    0.300164104 0.65947032 0.321926057 -0.239306808 1.42229915
    0.498219609 0.345743895 1.15792716 -0.467066884 1.20487547
    0.594608784 0.0699601769 0.128372669 0.867923498 0.506803632
    0.796653628 -0.483862996 -0.116291225 1.43541646 0.674457908
    0.437387943 0.771166742 0.296261072 0.62184453 0.0218520164
    1.55317974 0.185633898 0.120215923 0.508735418 -0.131280035
    -0.102431476 0.398835182 0.921761274 1.09063935 0.0924438238
    0.0413412452 0.382910907 0.820025027 0.917191148 0.905000389
    0.503174484 1.37736511 0.701416194 -0.23962003 1.15406132
    -0.233044982 1.27020836 -0.132388711 0.685649812 1.18528342
    0.911059082 1.49625826 0.0509275198 -0.383930326 -0.518998265
    0.510263026 0.952430725 1.12501311 0.845478058 0.609056711
    0.00279226899 1.0178225 0.0833667517 0.22917363 0.57388252
    -0.455477357 0.871393859 1.38533354 -0.137366802 0.746705949
    -0.380343676 0.966089606 1.57621849 -0.351150006 1.12185264
    0.308446705 -0.49762693 0.0300332904 -0.507124186 -0.24009487
    1.3362987 -0.309648693 0.486941844 1.3581835 -0.257304817
    0.726943374 1.55075026 -0.283230603 1.42157447 0.608982921
    -0.389867693 1.53098106 -0.412327468 0.763712525 0.362856925
    1.14627576 0.701389074 0.153275251 0.28795892 0.0898494124
    0.967556119 0.785467625 1.11587286 1.19496751 0.548002541
    0.827031076 -0.418979377 1.18753874 1.17474723 -0.531974792
    0.791152835 0.22043699 1.39216328 0.769989848 0.896874785
    -0.500060976 -0.270556599 -0.296027392 1.3430773 1.03867555
    1.01466775 -0.128145665 -0.526196718 0.109821379 -0.228149056
    -0.280409038 -0.187108129 1.16786909 0.592706203 -0.486337602
    0.488070667 1.52182877 0.39827916 1.06296945 -0.0137374997
    -0.0334952772 0.00581228733 -0.0144857764 -0.39026314 -0.0207999349
    0.0480082631 -0.210186034 -0.245119661 0.859483838 0.542590141
    -0.274167985 0.292836905 -0.0327317715 0.958137274 -0.206692606
    0.771990299 0.794311166 1.17707968 -0.181518972 0.445332766
    0.987406373 0.511943519 0.885895193 1.55368686 0.168959677
    0.337208986 -0.521228194 1.14968824 1.14245486 0.74605 1.01190209
    0.143698633 0.985622823 0.306367517 1.27623582 -0.266178936
    0.285894573 0.321795642 -0.121703923 -0.253711343 -0.172964454
    0.697210908 1.39414668 1.17934632 0.311610818 0.961700082
    -0.225579798 -0.287064135 1.21198058 -0.0246779919 0.420547366
    0.456739277 0.369678706 -0.375511259 -0.00767165422 0.49788022
    0.88577354 1.3790673 0.136126101 0.391821325 0.243442714
    0.0586795211 0.365451515 0.176954389 1.06997144 0.597346842
    1.09806538 1.45300579 -0.103384495 -0.0223910809 1.29860735
    1.06565011 -0.485127926 -0.429744363 0.654709458 -0.0811018348
    -0.393400013 0.474132597 1.49866676 0.604802489 -0.0685447156
    0.771930337 0.00461524725 0.851639211 0.818911493 0.726161957
    0.0412833095 0.408165038 -0.20058316 -0.0381560922 1.40588737
    0.640703678 1.44910932 0.463655412 1.05756664 0.545784652
    -0.37775439 1.36653924 -0.210512012 0.238937378 1.16943812
    1.11248183 0.935528219 0.551614404 -0.211010486 -0.131797194
    1.26494956 0.399715781 -0.590985239 0.991747499 0.736370027
    1.05499983 1.46289706 -0.373195201 1.43900084 0.604007125
    0.191595852 1.40960324 -0.112849146 0.623462677 1.14117289
    1.51722181 0.189598203 1.16749537 -0.552449763 -0.0855008066
    1.03094733 0.538695514 1.05378461 0.354869127 0.971153378
    0.937980056 1.46722817 0.501906693 0.53656882 0.149391174
    0.491601884 1.45751357 0.740094781 -0.256710321 -0.101093471
    0.634053826 0.459788322 0.943395793 0.121374071 0.330880046
    -0.144670725 0.723860025 0.778160691 1.28305888 1.40713882
    0.550661802 -0.491076589 0.761250257 0.0919591188 0.893686295
    -0.142475873 -0.352334857 0.453846633 0.109337151 1.00803733
    0.111149549 0.165052116 -0.490412682 0.611951292 -0.401559412
    0.0450118184 1.5457617 0.6440534 0.150600255 0.15131247 1.30297899
    0.272296071 -0.231898725 -0.0105833411 0.867195249 1.43866193
    1.12674248 0.909247637 0.726096451 1.14285624 0.417184174
    0.0660460889 1.56620884 0.589264631 1.2368505 0.389688432
    0.883865178 0.0752090216 -0.511372209 -0.437275857 -0.487684071
    1.26615429 0.414600402 -0.434156299 1.40515912 0.081656456
    0.342525303 1.43248534 -0.0329375863 0.782022834 1.32236505
    0.473537326 0.543666065 0.971605718 -0.38909331 0.290894598
    0.289339662 1.55614436 0.9239043 1.4050591 -0.462429792 0.774531186
    0.0447163582 0.304184914 -0.228916347 0.758811355 -0.412913084
    0.95045352 1.27478778 -0.410583824 0.0561183095 1.26134062
    0.473105133 1.10028982 1.3537904 0.912195981 -0.0210012197
    -0.170350015 1.15646732 -0.119411111 -0.106945276 0.499325812
    0.370631576 0.939749241 -0.0427763462 -0.110153168 0.254134834
    1.41810942 0.423111975 -0.419423044 0.365194321 1.3538388 1.45227015
    1.02754271 0.392931819 -0.517152905 1.09010494 0.969209552
    -0.165555328 -0.132885635 0.0187885761 0.590049684 0.428919494
    1.14224195 -0.363899827 0.723862469 -0.306072295 -0.296967804
    0.439318508 0.00132620335 1.36910868 0.0589237213 0.136945367
    1.24059272 1.13702488 0.876316786 0.22438252 1.50523806 -0.194851905
    0.317708433 0.183131993 0.0873630643 -0.468057126 1.23734879
    1.09539175 1.54736924 -0.529791057 -0.27057907 1.19625509
    -0.196404755 -0.375259131 1.51452279 -0.421570837 -0.16321376
    -0.0429992676 1.35706377 1.19049966 0.148999155 1.31563866
    -0.342132092 0.274550974 1.4541626 0.76085031 0.579004645
    0.892972291 0.778041244 0.240089417 1.06274295 0.0264576674
    0.05141747 1.01869261 0.608778358 -0.00137713552 -0.00298842788
    1.11041164 0.257177144 0.37744382 -0.0812384188 0.0329458117
    0.913701653 1.33060932 -0.0867803693 0.173121035 1.05886006
    1.34362841 -0.201525748 1.11719811 -0.192237079 -0.350800306
    -0.252056003 1.00190425 0.101715922 -0.47990793 -0.409020424
    0.677084148 1.56109071 0.757808208 0.0214281678 -0.324882329
    0.164214015 0.769571722 0.309775352 1.47511172 0.351544619
    -0.461040527 0.819965065 -0.556338787 0.82502228 1.12349844
    1.06853414 0.0134782791 1.01219678 0.300793827 -0.379383266
    0.932569623 0.760453701 0.944708049 1.3856051 0.72429955 0.102598369
    1.13551641 0.793268323 0.589364767 0.147775173 -0.14588207
    -0.0959021151 0.47202307 0.440701306 -0.232043058 1.17908692
    1.28341722 1.2343936 -0.493620634 0.918527782 0.410546601 1.40192628
    0.912042022 0.0776928067 0.197304666 1.32597876 1.35061979
    0.427510023 -0.279081881 1.08305168 0.228848875 -0.540820241
    1.09948981 0.319728255 -0.493292183 0.507906497 0.831014156
    -0.425644994 -0.494295299 -0.556972146 0.418081343 1.44025064
    -0.178028256 1.02687275 -0.0609115958 1.34807229 1.20725405
    -0.234527975 0.487652183 -0.122737527 0.0896036029 0.215941072
    -0.473430187 0.0772117376 -0.380233288 -0.34693566 -0.120645225
    -0.243895411 0.0622929037 0.163315505 1.36796975 -0.41278708
    0.958083868 0.858798206 0.639225066 0.472413242 -0.463324606
    1.13245678 1.24998808 -0.0633079708 0.479632437 0.514786482
    0.00667160749 -0.295151711 0.150024652 1.15536833 1.43021905
    1.41367352 1.33681512 0.996091783 0.402113974 1.39282775 0.387171984
    1.39567804 -0.182851017 -0.155712426 -0.525901675 0.650566459
    1.57225716 0.926536083 0.900834262 0.058986634 -0.0664460212
    -0.191882372 -0.357111305 0.0479046404 0.151991963 0.779749572
    1.09192896 1.10825193 1.07539558 1.42313671 1.1681416 -0.100370139
    0.208804667 -0.0767520368 0.719816923 -0.451075733 -0.293522656
    0.715395451 1.49842 1.3060503 -0.0834642351 -0.314384133 0.120290101
    -0.0896101892 1.15525663 0.289098859 0.415000558 0.721535742
    1.22687066 0.646511614 0.585154474 -0.435299039 0.467826426
    1.28497255 -0.432435572 1.41630864 1.28917229 0.591178894
    -0.0293747187 -0.371204615 0.66032064 0.244760096 1.45668364
    -0.420990646 0.321653366 -0.405741692 1.33432674 -0.192058206
    -0.195696652 0.0823827982 -0.103170067 0.403913081 0.740145266
    0.8322348 1.31315708 0.510163784 0.117702425 0.952622175 1.45354736
    0.58263588 1.18638945 0.0568615794 0.42357105 1.48361111 0.521256745
    1.14301801 0.454296529 1.40999818 -0.123129159 1.52965307
    -0.451772064 0.518332481 0.517401338 1.01993084 -0.341311693
    1.59682322 -0.361295015 1.26631737 1.5179677 -0.281691074
    0.980861068 0.829006076 0.226861477 -0.138535291 1.32115114
    -0.382829696 0.356853366 0.639588416 -0.210056037 1.08931267
    0.275938749 0.238788307 1.30623794 1.18728232 0.274377763 1.52453542
    0.148900151 0.417951822 -0.520343304 0.121392131 -0.257621855
    0.607950985 0.679809511 -0.118399262 1.00446939 0.129623055
    1.19788456 0.323334634 0.54234916 -0.3121714 -0.00994575024
    0.81002748 -0.0441044569 0.137426078 0.0413850546 1.5629847
    0.652688801 1.13078117 -0.0206703842 -0.134210527 1.12624097
    -0.262800992 0.423338652 -0.200528905 0.419569314 1.13850653
    1.38809419 0.0693500638 1.18293214 1.21732163 0.284956396 1.06149232
    1.39894009 1.42951107 1.10483146 1.10456729 -0.317146778 0.994413853
    -0.00940576196 0.589839101 0.550381422 0.172260046 -0.275074542
    0.134158134 0.66429925 -0.343377262 0.718992829 -0.477058917
    0.439949512 0.732005358 1.23326576 0.757465363 1.23167515
    0.125928998 0.958051503 1.51033187 0.0934101343 -0.157934695
    0.431653202 -0.046645999 0.70468992 -0.0386527777 0.400739789
    0.653797567 1.36197281 1.01229775 0.144747436 -0.498320162
    0.860202551 1.34950924 -0.509869456 0.665183067 -0.16764918
    0.888788104 -0.373674989 -0.0945659578 0.138515711 -0.366002649
    0.994808435 -0.172213465 0.774348676 1.49541235 0.435665965
    0.128368914 1.34538412 -0.227782339 0.820281982 0.104822695
    1.20461738 1.10925758 0.781311691 0.143700182 0.344512939
    0.913363755 1.21431208 -0.0848522484 -0.394884467 0.135201573
    -0.11242497 0.35196501 -0.132058293 0.775875151 -0.0642014146
    1.15381575 0.602632344 -0.359441072 1.19471097 1.50909114
    0.210566938 0.0248670578 0.99912554 -0.484010845 -0.472596198
    1.49185562 -0.0226839781 1.18357444 0.768993139 1.08048701
    0.645490944 1.1716001 -0.127395332 -0.0748479068 0.108234465
    -0.289523482 -0.24515906 0.784238935 -0.206991076 0.482754588
    1.45773482 1.41841888 -0.0343952775 0.661285698 1.30374336
    -0.327664733 -0.0171467066 0.587659776 1.04913819 -0.171538293
    -0.18720147 1.50172448 1.14906681 1.17772543 0.397784829
    -0.202736497 0.661898494 0.433319807 0.840056241 1.49427176
    -0.0321475267 0.0267102718 0.00130224228 -0.467508256 1.02080667
    -0.0211910605 0.819568992 1.16534805 1.37954128 0.0442136526
    0.857329845 -0.175042123 1.23570263 -0.410754591 -0.244695127
    0.189724207 0.907076359 0.663343072 0.426188499 0.932435691
    0.200466722 0.0878733993 -0.10498932 0.535313308 0.467998087
    1.15239906 1.12618077 -0.464271963 1.09954834 -0.00426948071
    0.813395679 0.0690582991 -0.0738321543 -0.00914311409 0.984167874
    -0.188025057 0.943777084 -0.440330505 0.490291595 -0.0515940189
    -0.489160955 0.764840662 -0.217802465 0.972073078 0.518243253
    0.34610492 0.801950157 1.11568022 1.3254354 1.07110167 -0.501630127
    -0.549205422 1.2235043 0.723470628 0.647381604 0.887066066
    0.463367462 -0.0628132224 0.683768511 0.154492617 0.61440742
    1.25490463 0.315158248 1.16674733 -0.0704547465 0.806122661
    0.52015388 -0.428944349 0.833654344 1.30522823 -0.503109217
    0.851197958 -0.094812274 1.03469229 0.754376173 -0.497986972
    -0.361263216 0.0637666583 -0.0441988707 0.115995884 -0.442420691
    0.174497485 -0.115128696 1.45721126 0.285133958 -0.00647106767
    0.644595325 0.279371917 0.52930665 1.4669311 0.00129556656
    0.880255818 0.787891328 0.702775478 0.95853734 0.74311018
    0.697408974 -0.452364087 0.520385921 0.218778193 0.386683047
    1.33551955 -0.243207872 1.01723742 1.09523201 0.717959762
    0.570379496 0.458456159 0.33570838 0.504855096 1.00374484
    0.117575824 1.07791328 -0.118592083 0.554381907 0.271718442
    0.60371691 0.449196339 -0.103562951 -0.0816299021 0.435055971
    0.0356522799 0.119365633 1.26040196 0.128236651 0.904441714
    1.44392037 0.313414156 1.44368362 1.12402797 0.31177333 -0.440662891
    0.539653778 0.33759281 1.41572177 -0.340381861 0.18404454
    0.581240892 0.3348611 1.41462851 0.38014406 0.411378562 -0.50136435
    0.725010812 0.849219382 1.01316214 0.0585032701 0.28910923 0.5970819
    -0.218447417 -0.0548652112 0.170245528 1.2611959 -0.027495116
    0.923397958 0.276299417 0.682997823 0.502954006 -0.158875257
    0.852271438 0.144494414 0.22981751 1.19459748 0.669428408 1.39951038
    -0.407464325 0.055907011 0.461580694 1.04521513 1.00966799
    0.89728713 0.590931714 1.41243613 1.04422593 1.05410814 -0.21922031
    0.156598747 -0.338381201 0.546050191 -0.319182336 -0.291230381
    0.593129516 0.275669545 -0.280497342 0.840990961 0.860887766
    0.311111569 0.431520164 -0.201512247 1.54556453 -0.258312762
    1.00552416 1.25316978 -0.354441643 -0.418946624 -0.267105252
    1.34212375 0.842744648 -0.590390444 0.345530808 0.690280497
    0.541960239 -0.506834388 1.11761236 0.576058924 1.34287465 0.9041906
    -0.0222756267 0.142026186 0.528903902 1.22291505 1.40616083
    0.29371357 1.0316242 0.955585659 1.02873659 0.843701005 1.51817179
    0.137445927 0.598657966 1.52255249 -0.335271329 1.38110101
    1.50713634 1.12287211 0.577930748 0.596563935 0.301834792 1.55643666
    1.20100141 0.123001993 1.49671745 0.188589334 1.00981259 0.245891094
    0.629367888 -0.536046445 1.24613428 0.434818745 0.815499842
    0.895042121 1.35454071 -0.28674981 -0.413045287 -0.0730240941
    0.76067239 0.797620058 -0.304018259 1.31374371 -0.397302091
    0.834601581 0.827790201 -0.437226951 0.043839395 -0.106309533
    0.267767966 -0.128395706 0.881816387 0.441848338 0.685546815
    1.5848279 1.11008692 -0.189481869 -0.188876465 -0.246774048
    1.24474788 0.91663146 0.127213359 0.926213801 1.10560274 0.189187527
    0.0599502921 -0.44999814 1.10879159 0.469181627 0.118463516
    -0.0309489369 0.203053981 0.345025271 0.451022655 -0.168635041
    1.59284174 -0.0745643675 -0.0947676003 1.07970989 1.23065543
    0.996142089 0.961848319 -0.547435343 0.697167158 1.00054264
    -0.202459037 0.892408192 0.802093089 1.38537979 0.203417718
    -0.122318655 0.354168773 0.866916656 1.01928234 -0.0496760607
    0.0304006934 -0.428867638 1.0227623 -0.0418313146 -0.0658291578
    0.0454028249 -0.121312737 0.695644319 0.703413069 0.526856184
    1.00981796 -0.230557203 0.329803407 1.4695158 -0.161544949
    0.127044916 0.0950101316 -0.152535945 0.658464491 0.197112739
    0.50037396 -0.163071275 -0.407907814 0.891070426 -0.510334015
    -0.24841851 0.258574784 1.58682561 0.28105104 -0.457617849
    0.86167866 0.518420279 1.41402531 1.34892035 0.564324677 1.567945
    0.680530488 1.19041204 -0.276801884 1.16630495 -0.36728093
    -0.339048028 1.11336231 0.93558538 0.654717803 0.0837683678
    1.30604351 0.903841555 0.0759853125 1.32410741 0.623982549
    0.316607565 -0.319917887 -0.215035766 -0.322177202 -0.301137
    1.26765978 0.839477479 0.856047869 0.34428674 0.929273605
    0.739538193 1.1770705 1.21354926 0.938501239 0.924415469 1.31508124
    0.339547217 1.06465578 -0.18727544 0.924796283 0.84588778
    -0.531681299 1.33701694 1.36566937 1.13232088 1.10100508 0.301716089
    0.61954838 1.40900898 0.337210357 0.56690979 1.5359931 0.331674993
    1.16965365 0.512663007 -0.338203907 0.710955679 1.14766037
    1.45934176 -0.347327769 -0.0948240161 -0.264614463 1.4425118
    0.298705041 0.779928923 0.899181008 -0.217025876 0.209561169
    -0.432366043 1.1162107 0.816906929 0.596159697 0.972822011
    -0.339336008 0.283426911 0.333465487 0.825378299 1.52703631
    -0.346745282 1.32713461 -0.505095363 0.729767263 0.975282669
    1.37842071 1.26857746 0.904706955 1.39410233 1.19797838 0.661837935
    1.03798246 -0.0967496037 0.799095511 1.44687486 0.0564596653
    0.889309168 1.06044269 1.06433642 0.735388756 1.17699289 1.50529611
    0.397753 0.542001665 1.29228163 0.599252522 -0.477314472
    -0.0693735778 0.966623008 -0.349824488 0.875669539 -0.149281621
    -0.14327082 1.0432744 -0.242714554 -0.429648638 -0.499750376
    1.48588884 -0.253328383 -0.139371037 1.13901472 -0.327241421
    1.48355985 -0.0265207291 1.30091929 0.69723922 0.85627681
    0.328301907 1.2086761 0.530831218 -0.470851183 0.610776365
    0.58445847 0.852998972 1.03167915 1.3624332 -0.384504825 0.893260896
    0.747110724 0.373750925 -0.136374652 0.0063367486 -0.196694732
    0.900884151 0.0714024305 0.475010276 -0.229293704 0.687452495
    0.362222314 -0.515412152 0.992450237 0.204126358 0.922814369
    0.364482939 0.923202693 -0.296695173 1.07061112 -0.364375651
    0.317360044 1.12589264 0.177849293 1.44369054 0.594672203 1.04367244
    0.455452621 0.37218523 0.983266532 0.506480277 -0.136392355
    1.35658646 1.43588161 0.816934824 0.319854677 1.31933343 1.3821969
    1.51617765 1.34021544 0.0874189734 0.392596185 -0.161095202
    -0.0719321072 0.920095801 1.14642882 1.162835 -0.567552805
    1.22247672 1.1769582 0.962074935 1.08466148 0.737883329 0.961654484
    -0.32901594 0.673445106 1.26740503 0.72974658 0.620954931 1.42862821
    0.597613931 1.10383737 -0.236091152 -0.129897207 0.490685254
    0.481301516 1.50206566 1.50977778 0.580429137 0.66091466
    -0.0618731081 -0.155786604 0.983462274 -0.514803231 1.13626993
    0.806497216 -0.136255205 -0.139919162 -0.238352478 1.28573382
    1.40824604 -0.19247207 -0.102352947 0.038138628 1.40237367
    0.586036861 -0.478875935 0.540476799 1.41760206 1.03927541
    0.359402537 0.0129936337 0.836453676 0.553103149 0.195915997
    0.852291167 1.05386877 0.0483061075 0.125004053 1.16462398
    0.219694316 1.47880006 1.33196282 -0.293952644 0.453249216
    0.0055167377 -0.321911395 0.308882713 0.527648568 1.13182282
    -0.415260375 0.861068487 0.60144192 0.342684805 -0.156043708
    -0.146187186 0.463662088 0.972174525 -0.212473035 0.269961506
    0.557616234 -0.0873064399 0.983719826 1.47186017 0.0970506668
    1.26786792 0.329985201 1.13229096 0.172292769 0.491547883
    0.00588685274 0.438481569 1.42433345 -0.419689655 0.626023293
    0.0222189426 -0.0824891627 0.573925912 -0.34949106 1.19530869
    0.816431999 -0.377439141 1.18139982 1.12626123 0.652654767
    -0.29784891 1.43355894 -0.474442124 0.25740701 1.01424277
    0.831797302 0.78328383 0.209034979 -0.498908073 -0.513467968
    0.814855456 0.359058678 0.667302191 0.67420435 0.141575396
    1.28205848 0.400942862 1.45464396 0.856801867 1.07325554 0.151719868
    1.35646868 0.910053432 -0.558589637 0.285596371 0.213747501
    -0.561798692 0.523466349 0.198139369 -0.152207345 -0.482118756
    -0.476512998 1.131284 0.051817894 -0.299656749 -0.0376198292
    1.47165251 -0.34919548 0.409691989 1.0901401 1.02031696
    -0.0878161192 0.801405847 -0.374629915 -0.514374435 0.75269115
    -0.0598657727 -0.345226496 0.179682165 0.579889536 -0.065556407
    0.74794805 0.929690242 1.27418447 -0.321317583 1.22810984 1.05857182
    0.568368733 0.16394496 1.1149044 1.35782552 1.3157804 0.570619166
    -0.0722271204 0.901476026 0.57650882 1.17090642 0.183917701
    -0.20969367 0.311479628 -0.355674326 0.00159627199 1.35982716
    0.293151498 -0.0926193595 1.10703874 -0.407207668 0.613443434
    0.0300272703 1.2280724 0.672121644 1.13645673 0.0515455008
    0.587745547 1.46487033 0.363532722 -0.260022223 -0.453184366
    1.1297915 0.218167722 0.873574317 0.644541681 0.53736639
    -0.246823668 1.36363482 0.0850241184 0.0210098624 1.50109744
    0.554903984 0.509424031 1.26479352 0.0971595049 0.547105908
    1.23618841 -0.110988051 -0.24634093 0.317146361 -0.276389658
    1.09689641 1.10160708 -0.537217796 1.39627218 1.51633024 0.764499605
    0.488043129 -0.404938132 1.53709888 1.02548409 0.713837802
    -0.203092933 1.57488513 -0.219709933 -0.274291277 0.102198005
    0.467282236 0.972962141 0.221837461 1.21483266 -0.132175863
    0.791899323 1.09000015 -0.551443577 -0.51382792 0.723755419
    0.362113059 -0.196376562 0.899788976 1.34144092 0.739639521
    0.113932908 -0.325358212 1.4381628 0.805119157 1.07095909 1.02738404
    -0.494882584 1.17962539 0.974240959 -0.123458445 -0.452357054
    1.37003851 -0.406447411 0.865089059 0.925900757 1.23582745
    -0.0702193975 1.14780807 0.342022419 1.24133146 -0.281594098
    0.732313395 0.68052417 0.184204429 0.215987235 1.36238289
    0.655424476 1.59237957 0.0907930136 1.50265026 -0.412159026
    0.479864061 0.839624286 -0.315626502 -0.270876646 0.435302347
    0.338926315 0.400143206 -0.403735667 -0.429705769 1.3466233
    1.13827074 1.13600266 -0.400962472 0.952155888 1.27541196
    0.641694546 -0.125436246 1.41411424 0.362671375 -0.115819395
    1.16169655 1.45013928 0.592559695 1.1607101 0.380505264 0.695744634
    0.627745211 1.20718718 0.838706315 0.180440724 0.368635774
    -0.520869911 0.411869705 0.829679966 -0.240701646 0.0409463644
    1.22969139 0.0172044635 0.611584246 1.44111657 1.22468996
    0.378972948 -0.232776433 0.108893156 1.0769639 1.48240006
    -0.348946214 1.45651698 0.614548683 0.210288346 0.216733932
    1.21666551 1.43857241 0.475670278 0.632793963 1.57265055 1.35631573
    1.40881824 -0.44829762 0.883053601 0.798918784 1.28444529 1.36332297
    0.930151403 -0.212606251 1.29637468 1.12613988 -0.018342793
    -0.278204948 0.899000525 0.602453113 0.566937387 0.467906296
    0.565223455 0.271782041 0.667672575 0.587052763 0.329542458
    0.0474388599 0.618082047 -0.163080066 -0.0787279904 1.35552299
    0.335805297 0.0444638729 0.698292673 -0.115091294 1.47164369
    -0.471633017 1.08265018 1.17743993 1.40105343 0.586875141 1.27895558
    0.174118161 1.31150281 -0.0777920485 1.42754924 1.03070807
    0.646105886 0.638998985 -0.423074245 1.38796771 0.157065809
    0.0728412867 0.690291882 0.875550866 1.14993906 1.06000221
    -0.320440292 1.24024034 1.02647054 -0.504672587 -0.552687645
    0.450582385 0.127053857 0.892127812 0.858116984 0.925069094
    0.697599292 -0.32273671 0.697782755 -0.277341485 1.26674318
    0.481961966 -0.386740208 1.42173958 1.05424142 0.435509861
    1.30543315 0.0179485679 0.519774675 0.291708469 0.455390096
    1.13503146 0.921369016 1.01781034 0.151545107 0.222836822 1.20571566
    -0.122206837 0.646568418 0.937384963 1.484375 0.758797109 1.27850294
    -0.0521848798 1.26881504 0.0420062542 0.486584723 -0.193699449
    -0.317327201 0.0383384228 -0.362229407 1.08505011 -0.289986163
    1.35248303 0.968625963 0.580753326 1.19396329 -0.15405947
    -0.104273558 -0.324689746 0.156673491 1.51320267 0.710927129
    -0.440045714 1.08662438 1.28716278 1.18174887 1.41348696 0.150760055
    0.386948347 -0.184090346 0.92441237 1.59415293 0.822879553
    1.14236689 -0.00402361155 0.0662789941 0.368019819 -0.198764443
    -0.375747085 0.00485312939 1.13598919 0.211441517 0.89697367
    0.434452891 -0.337238073 0.0941616297 0.757479548 0.700197816
    1.44253802 0.312950373 0.434713602 -0.0602863431 0.407523751
    0.67399621 0.10338676 0.682515025 0.17531234 0.2833969 1.02907372
    0.029746592 -0.218432069 0.137399971 0.922691822 1.50678694
    -0.159211874 1.01183569 -0.383367717 0.547202587 1.45401454
    -0.155943632 0.0182806253 0.0971099138 0.492710233 1.01900601
    0.755149305 0.604655147 1.06222832 0.581017971 0.596074641
    0.380172312 1.20026076 1.27036643 -0.243138343 0.791122437
    -0.0272536874 -0.449802816 0.682666063 1.19080591 -0.276546508
    0.908142745 0.0387936831 0.0639340878 0.899577737 -0.520697653
    1.40041161 -0.343970239 0.84216243 1.47008276 1.48832512 0.486322463
    1.08859289 -0.555406392 -0.0374502838 -0.267896652 0.916460156
    1.16950202 0.689374328 1.3062073 0.25162676 -0.462551266
    -0.073700875 0.199445844 -0.412979096 1.41262984 0.238218814
    1.23314917 0.461739898 0.454307675 0.181689709 -0.360991806
    0.126165748 1.12310958 -0.329781622 0.699416935 1.01945543
    0.313463211 0.95698446 0.230241418 0.529515386 1.12760782
    -0.42655471 -0.0293964148 -0.357951045 1.33134305 1.23144293
    0.718363464 0.188149691 0.459105492 -0.144437075 1.2531842
    1.07832789 -0.0752557218 -0.0422455668 0.424693465 -0.42441389
    0.25135833 0.52309078 0.332349896 0.460386813 0.918760777 1.24521673
    1.01639795 0.827356279 0.591487229 0.247288287 0.416352212
    0.0124410987 -0.33381635 0.723895669 0.449332088 0.338054776
    0.729212165 -0.315428108 0.293920338 -0.1273458 1.46849525
    0.646180987 -0.243418306 -0.181191951 0.341115266 -0.0231452584
    -0.22504434 -0.395324528 0.452118099 -0.339993834 0.338141978
    -0.338421345 -0.155183554 1.45569193 0.200584888 1.4581821
    -0.330007643 -0.151307315 1.08547068 0.94266665 -0.294209361
    1.49369097 1.27709961 0.264580309 0.65587002 0.365040541 0.640449226
    0.0866370201 -0.210812092 -0.104017884 1.20294738 0.00108855963
    1.44444835 0.92242074 -0.3883515 -0.469398975 1.46514344
    -0.188116908 0.956225753 -0.359805316 0.440756977 1.43401814
    -0.476723522 0.193958163 0.4640553 0.409855783 0.263797283
    0.410593271 -0.463942587 0.558747411 -0.161942214 0.159263492
    0.780334294 0.441800475 0.127970517 1.41701376 1.02663302
    0.486142755 1.2297585 -0.0165590644 0.222546399 0.360801518
    0.0681005716 0.485755503 1.27554584 -0.264629871 -0.235696018
    0.65742141 0.417590797 1.27355099 -0.199589819 -0.330407292
    0.220171332 1.18607879 -0.144782782 -0.0370182991 1.09919333
    0.381339073 1.06375909 0.664190888 1.38221192 0.668877363
    -0.0963186622 -0.000314354897 0.484568536 0.250428468 0.981655419
    -0.145997852 -0.290652722 0.049760282 -0.397269785 0.286495924
    0.608074367 0.764498472 0.197500706 1.51985979 1.36718643
    -0.519919395 0.685380101 0.814394772 0.853453279 -0.00987279415
    -0.0084168911 -0.293329179 0.649258673 0.0924470425 1.10280001
    0.206899405 -0.303440481 -0.172289729 1.28853416 0.767545223
    0.331319451 1.1159215 0.52076447 -0.418682933 0.680614769 1.32630694
    1.16287875 0.515278339 -0.126179248 0.734113514 -0.239502698
    -0.192947388 0.666496277 0.147786856 0.279783487 -0.25417003
    0.101570725 1.04554784 1.08682835 -0.185445249 0.619087458
    0.735104501 -0.123112649 0.926748157 1.32593155 0.402767122
    -0.168664396 -0.296512812 1.26293111 0.26043433 -0.0216750503
    0.815137088 0.32406348 -0.199246436 -0.102368236 0.19464457
    0.635842502 -0.242544681 0.635967195 0.215430915 0.583448887
    0.49304086 -0.423813403 0.931611955 -0.261285931 -0.276740789
    -0.209317446 -0.194339603 -0.302311599 0.093349874 -0.282927811
    1.14012718 1.35325968 1.04353356 -0.324223161 0.085209012
    0.664382219 1.0680095 0.527469754 0.579111099 1.04936171
    -0.235386133 0.834063411 0.868271351 -0.372465432 0.380833566
    -0.359239459 0.849539042 0.310590804 0.668771029 -0.46958524
    0.410298347 -0.253356934 0.660148919 0.106900603 0.857238472
    -0.304782629 0.305922151 -0.473254263 -0.52115941 0.320476949
    0.988353789 0.798839867 0.192314178 0.367904782 1.51474226
    1.03453946 1.25630879 -0.44452855 1.03709769 0.169647694 1.48262286
    0.728300095 0.698917687 -0.0315608084 0.395279795 0.605517328
    -0.342436135 -0.0306616426 1.49564338 0.390634626 0.12930268
    0.149996698 -0.527866304 -0.114175886 1.1170646 -0.30760327
    1.41393018 -0.0869550407 0.716067493 1.13917208 0.839822471
    0.924061477 0.937315106 1.44602966 1.03838444 -0.330276638
    -0.110747784 -0.32515043 1.54306626 1.00945532 0.792756438
    0.0883740783 0.0291535854 1.45625925 0.970774233 1.22367477
    0.26287818 1.19541931 0.290625513 0.977295637 -0.580785632
    0.556855679 1.17013526 0.84534061 1.28530383 -0.467847377 1.55589485
    1.01112461 -0.329284191 -0.136906236 0.452725232 1.0576154
    0.742702425 1.19347739 1.27301049 1.37752318 -0.303134561
    -0.444912016 0.954339147 1.13131607 1.22127569 0.351703823
    -0.529172838 0.114325345 -0.259201348 1.26209426 0.965655446
    -0.513895392 0.425893843 1.40986872 -0.0183394551 0.731297612
    1.27043843 0.831802011 -0.466336399 1.18524122 -0.406481087
    -0.310706973 0.284027815 -0.17803514 -0.2955091 0.67665416
    -0.188927472 -0.162199438 0.922727287 0.0916082263 0.983471096
    -0.339094996 1.02026391 1.27279401 -0.24417752 0.470642865
    0.422706187 0.929470837 1.14176273 1.32635462 0.687387228
    -0.379224509 -0.424384207 0.622534037 -0.0657727718 0.134136319
    -0.184946269 -0.477305412 1.14476526 0.455136716 0.969310701
    -0.444642723 0.484721005 0.103907406 0.613142252 0.575594306
    0.510448337 0.744938552 1.31424999 1.29661846 0.917059124 1.30248368
    -0.0662041008 0.219928265 0.599274993 0.345037758 1.23722482
    0.586531818 1.06753707 0.729975879 0.851065397 -0.259340316
    1.25067329 0.751758158 0.17004025 -0.277546465 0.542619348
    -0.332915872 -0.388945341 0.0668703914 0.801075459 -0.196287185
    -0.405920118 1.12892962 -0.299398124 0.294861495 0.527871072
    -0.404797614 -0.0238942504 0.625696719 0.776175261 1.01920795
    0.643635809 -0.476103276 -0.245045364 0.77383554 0.863016605
    0.362953007 0.981137514 0.117987096 -0.391201824 0.0911131501
    0.1254071 -0.265321076 -0.338392258 0.31678772 1.1725955
    -0.273193508 0.971970975 1.48886454 0.443605065 1.15880334
    0.401536942 1.08319438 0.300893366 -0.247866869 1.49982297
    0.516984344 0.454586685 1.32800221 0.931244791 0.94464004
    -0.485468209 -0.0157299042 0.376650333 0.923532844 -0.0447436571
    1.46927834 1.34993219 0.73269695 0.032219708 1.04984522 1.28285861
    1.41238308 0.309572577 0.579713285 1.22818589 0.135415494
    0.683466613 1.23953784 -0.271382302 1.27101171 0.450738192
    -0.0515131354 -0.330164492 1.12969029 1.33463144 0.472645879
    0.0762808621 1.41058946 1.42186713 1.26791978 0.00499927998
    0.655379415 1.46516895 0.491203904 1.03070617 1.09301376 0.821709871
    -0.187734067 -0.457170784 0.870482266 -0.203414351 0.128325701
    1.31746244 0.954304576 0.41487062 1.28276205 -0.0834249258
    0.525292099 1.16598201 1.39093971 1.42414784 -0.0093998313
    1.12147331 0.892382741 -0.517573833 -0.524114728 0.467715383
    -0.306027174 0.695019424 -0.21883744 1.5357368 -0.436371803
    0.712281287 -0.0906612575 0.054407239 1.48076272 1.20961285
    1.51066172 0.317889154 1.44772458 1.49558592 0.560995579 0.362367809
    0.931095004 0.517764449 0.415657401 -0.519280314 1.16433644
    -0.389355719 0.357794285 0.570602119 0.229093015 0.541218281
    0.390832841 0.748921275 0.390257627 0.147633314 -0.284598231
    0.237977773 1.08097601 0.34480381 1.0719074 0.00417336822
    0.631856441 1.31764758 0.279494643 -0.356443256 -0.148982167
    1.41945231 0.287999868 0.736965477 1.13115358 0.825340986 0.21164155
    1.40178037 1.11204875 1.26126945 0.332291424 1.22360969 -0.520932734
    -0.264365166 0.232295275 0.05697155 0.613623917 1.16266894
    0.391674995 1.13017213 1.37963283 -0.162518203 0.782259285
    0.637364626 0.829238176 -0.258024812 -0.0299062431 0.440455317
    -0.479861408 0.936247408 0.478453219 0.991493881 1.38421607
    -0.438277125 0.781229734 0.0909029841 -0.229763567 -0.492084742
    -0.321386158 -0.0645357072 0.316847295 0.855687618 -0.310114682
    -0.438566893 1.31368458 0.445186257 1.22018266 0.624138713
    -0.163573951 -0.413413525 -0.266705275 1.17298675 -0.00334084034
    -0.370960593 -0.372397482 0.443118215 1.31459689 0.201688468
    1.11117601 -0.0786323249 0.777039528 -0.179276735 1.22326946
    0.820169747 -0.074631691 1.21618843 -0.127555847 -0.402552843
    1.07016063 -0.378664345 -0.40252462 0.104905009 0.111197412
    1.51618922 0.1682446 0.729996681 1.30393207 1.37196302 0.548247278
    0.956119955 0.425257564 0.435463309 1.05801249 0.670076013
    0.582956195 1.19050229 0.131685972 -0.119751751 0.930286407
    1.19913507 0.866859078 0.0765373111 -0.459600121 1.20194376
    -0.394846678 1.37584853 1.43223643 1.27844441 0.0198486447
    0.42466563 1.06143332 0.81742382 -0.450199962 0.532663763
    0.116133451 0.0857296586 1.2456398 1.40791392 1.00014758 1.45086622
    -0.0454440713 1.16406035 0.452021658 0.25528264 1.53857517
    0.0893906057 1.57540083 0.263522208 0.571779609 0.325437546
    0.909089565 -0.100040108 -0.349270135 0.924361944 -0.16358006
    -0.0805761814 0.794925153 0.424751043 0.322655737 1.07641912
    -0.407008141 1.40708351 0.0435752869 -0.342668355 0.018324405
    -0.0697173178 0.166689128 1.40604079 1.12924063 -0.198230535
    1.080549 -0.190122873 1.05452955 0.973273814 0.484777093
    -0.151685178 0.476127684 0.0702303648 0.341500521 0.127318799
    1.20703876 -0.296587259 -0.0644908547 -0.167756885 0.117477059
    1.01985872 -0.218696505 -0.0150902867 1.49351883 0.171074152
    -0.192788601 0.610212743 0.930360258 1.44657111 1.19765782
    0.919243813 0.0381898284 0.148901641 0.29859972 0.190299392
    1.36022317 0.622945726 0.456204295 1.53062785 -0.351177692
    -0.548469961 1.2840414 0.89736402 0.57214731 0.540596426 1.28407931
    0.871249795 0.488287032 0.241190314 -0.019002974 0.821515679
    -0.368028849 0.408212721 -0.127248317 -0.268775403 0.946281791
    0.439618647 0.739190757 0.773689032 -0.375143856 1.38769543
    1.19240212 1.20896506 1.35596347 1.47564471 1.35446107 0.75086391
    1.27519703 0.934280694 1.05939913 1.43638277 0.844995797 0.789755046
    -0.46104008 0.0367601514 0.992268443 1.32434595 1.33377326
    1.39479697 0.952996492 1.04096067 -0.315739632 0.38144362
    0.768913686 1.2230829 0.380417109 -0.0627907515 0.998570681
    1.21450424 0.649134398 1.29803741 0.79300952 1.32525444 1.19695926
    -0.254033267 -0.130015746 0.381134033 1.51921868 -0.34888494
    1.15405977 0.551035762 0.53674984 0.908481956 0.269792438
    -0.318117976 0.39436543 0.233809054 0.253634751 -0.071069777
    -0.325007021 1.22470403 1.04882002 0.0226522982 -0.412089586
    1.58007312 -0.213891983 0.510584116 0.994331002 0.686088502
    -0.0884881914 1.38575745 0.520801783 -0.000719606876 1.52703083
    0.523565054 1.51358914 -0.503349125 0.960735083 -0.286999851
    1.04259849 -0.135528833 1.13325119 0.637486279 0.310987294
    1.12681484 1.07736301 -0.169167697 0.694166958 0.410416842
    -0.380131036 0.124916553 1.46041226 0.764854968 0.138692498
    0.408688664 -0.419155121 1.53724575 -0.0799676478 -0.320753723
    0.86116308 1.03513169 -0.278732002 1.04397678 0.0205394626
    0.264267325 0.765208662 0.63720578 0.379807889 -0.0899303854
    -0.284736395 0.592025995 1.38634956 -0.436479867 0.741917491
    -0.0823954046 0.648413181 -0.216746986 1.10945225 0.756691277
    0.858131409 -0.481467038 1.19000602 1.52563286 0.0212370157
    0.472687364 0.897897482 -0.0676451027 0.67259407 -0.261417747
    -0.0486051738 0.253320277 0.852477312 1.34675622 1.48017883
    1.09356475 -0.0310535431 0.874732852 1.11147022 -0.332424819
    0.270719171 0.104034245 -0.210018933 -0.138591975 1.50340366
    0.48638308 0.857090175 -0.24713999 1.29244423 1.24229479 0.837282062
    1.48015404 0.855519652 0.391709149 0.867434084 -0.44283092
    0.357019424 0.587853432 1.15065086 0.381493568 0.921688914
    0.325464487 1.16895604 1.33729124 -0.423432887 1.03434229
    -0.372452259 1.01371133 1.35312271 1.34681892 -0.478341579
    0.207194746 0.238641918 0.959413707 1.42820287 -0.150875181
    -0.216491729 1.46393847 0.7708565 -0.263230473 1.37537289 1.13325489
    1.14436412 -0.0388790369 1.01950145 0.84701395 0.619803727
    0.131260753 0.666496158 1.07686186 0.738762796 0.211480618
    0.17495501 0.710029125 0.634386957 0.411798388 0.102788091
    0.0993692875 0.00125509501 -0.371109903 -0.168405086 0.577861667
    0.679635286 0.528045058 1.12201297 0.219561398 -0.0255466402
    1.4003576 -0.340205908 -0.00866615772 1.35924375 0.958735228
    -0.378968477 -0.228723407 1.28929627 -0.175327212 -0.2275545
    1.22155809 0.943430364 0.995848715 0.71840632 0.484273016
    -0.216780782 -0.394077718 -0.368826896 0.374623001 0.72620219
    1.46938872 -0.085408479 1.27801847 0.286830604 -0.434663534
    0.442705214 0.878698409 0.129016221 1.18439746 0.55157876
    0.149687529 -0.387633443 0.636669457 -0.0234513879 0.254211068
    0.592358232 1.47587824 -0.436529398 0.927291512 0.948361993
    0.380864739 1.12279141 0.685609698 0.994442701 0.971351266
    1.52455211 0.108760595 -0.066814065 1.26530182 1.35000539 0.29529649
    0.566794515 0.90802145 0.762228072 1.05013359 0.946710289
    0.287754059 0.0694640875 -0.0702076256 0.312492728 1.41592109
    1.28715253 -0.0547683835 -0.47307536 0.644370317 -0.332768977
    0.183196425 -0.327820778 -0.169380426 0.598541856 0.286421418
    -0.494827092 0.799693108 0.845079243 -0.529964328 0.302317619
    1.26757932 1.47063851 0.916773379 0.382347584 0.959963143
    -0.362453163 0.419560194 -0.186223865 0.0123006105 1.23705089
    0.57646507 -0.494714111 -0.36053592 0.746465445 0.667277873
    1.1947813 1.16161048 0.760807991 1.00968146 1.27932358 1.59648669
    -0.226142153 0.802184641 1.59239817 1.33474064 0.677806735
    -0.0706674457 -0.53398174 0.301040053 0.298772037 0.379223764
    1.4120543 -0.195576906 -0.122096688 1.52076018 -0.00870296359
    0.730344713 0.824617803 -0.462236404 0.241909564 -0.343902886
    1.12243712 0.28260529 0.899533629 -0.302582979 0.0316340923
    -0.347118467 0.567275286 0.505051076 0.905046284 -0.173470557
    0.987277508 0.00382864475 0.558593392 -0.282328844 0.641426206
    -0.376643181 0.836951673 -0.448298216 -0.386411965 1.45153236
    1.02680087 0.468022585 0.572477043 1.31268668 1.42401099 0.352183521
    1.20207381 0.426714838 -0.142852902 0.554952502 1.05546069
    0.122227073 -0.410188913 0.586177945 0.631704271 0.946224153
    -0.408046663 1.53274 -0.0520530641 0.361262321 -0.416668564
    0.526452959 0.687599957 1.44535148 0.451597571 1.60763741
    -0.0261425078 0.139958382 0.305748105 1.49522269 0.249303579
    1.3952235 -0.0176737905 -0.557443559 1.38199282 -0.417185783
    0.235897005 -0.167173058 1.38989401 -0.182098985 0.45710814
    -0.217282802 0.645692945 0.584851503 0.0967285037 0.0629964471
    1.06910133 1.3517288 1.20308232 -0.0702807605 -0.153068185 1.2220993
    1.00892329 0.492855132 1.03085947 -0.466507673 -0.425506771
    0.105139554 -0.245360345 0.759821236 -0.506537735 0.627120018
    -0.475111842 1.14009988 0.467820823 0.59441781 0.0815253854
    0.933924794 0.683935225 0.749597549 -0.196616262 1.11177313
    1.14286292 1.29572678 0.402158499 1.06807375 1.34042525 0.983942986
    0.544567943 0.652766347 0.301707506 0.561938465 0.907947659
    1.0066992 -0.394512534 0.140085578 0.171186805 1.06805253
    0.749189496 -0.076074779 1.41950226 0.137692511 0.759919941
    0.838474631 0.0679954886 0.534555614 0.0816616416 0.432195127
    0.29328233 0.884777009 0.312075078 -0.449911952 1.20264769
    -0.0887822509 -0.302444667 0.201188475 1.2145524 -0.0804124177
    1.5381825 0.608043969 0.94241488 0.354219139 1.1467309 0.934352815
    0.203409553 1.18759918 -0.435125202 1.0764178 -0.105434954
    -0.233479917 1.01834774 1.09377968 1.42191613 0.363764942 1.07091284
    0.157254159 0.430820465 0.0385738015 0.826560497 0.236774087
    -0.0377430916 -0.47464633 -0.443210244 0.704647422 1.09357309
    1.51359189 0.242121041 1.25239444 0.19895035 0.656785905 1.39748764
    1.39916444 -0.0935622454 0.0201940536 0.136827946 1.30936372
    -0.421649277 0.383165896 1.50135112 0.90904963 1.28358459
    -0.0616052151 0.509651184 0.198975503 0.681318164 -0.387963951
    0.732343554 -0.535911679 1.09782529 0.375244856 1.37495661
    0.327126741 -0.407936156 0.499052107 1.11768925 -0.457071126
    0.564736128 0.0443955064 -0.339648068 -0.387004137 -0.281437814
    0.544616997 -0.0595387816 -0.346561819 0.0274523497 0.752013087
    0.194392502 1.22813702 0.495673001 0.917631984 0.0127359033
    1.46936131 1.06236815 0.148007214 1.3726902 1.00728428 -0.511109591
    0.417348862 1.21228409 1.42755795 -0.216316938 0.638065934
    1.31309605 1.29002738 0.914527118 0.049228251 -0.0858654976
    1.38241994 0.797112167 0.985336065 0.247092068 0.567022085
    1.33300984 -0.231009036 0.668249726 -0.0217107236 -0.12881884
    -0.187617183 0.793388724 1.48826742 0.572326303 0.553240299
    1.30369329 -0.332543314 1.24417007 0.224336624 0.339953035
    1.12874103 0.894415379 1.07037449 0.546030045 0.643719435
    -0.315108001 1.12677908 0.831907451 -0.11472562 -0.0747769773
    1.09187615 0.506732702 -0.206211567 1.4162848 0.310419589
    0.399716616 -0.225729614 0.956462324 -0.331163824 0.870892704
    1.4367274 -0.00719493628 -0.224025697 0.0245584846 0.194749594
    0.980893314 0.0658053756 -0.1526016 0.966183484 -0.412987828
    0.0772209167 -0.357379258 0.397227943 0.803343534 -0.222855657
    -0.521594226 -0.0126149058 1.31999767 -0.0265846848 0.940354049
    1.46810091 0.7396487 1.40085089 1.05869818 -0.510881186 -0.293184787
    0.810646415 0.988057673 0.492887616 0.93327409 -0.461611986
    1.39577067 1.30905962 -0.467510253 0.594627559 -0.307243526
    -0.151296794 0.419774234 0.993726552 1.22301245 -0.247370541
    0.134743333 -0.410853982 1.45255148 -0.047341466 0.28908819
    1.41037488 -0.352553248 1.26146913 0.838502944 0.676898122
    1.04149854 0.744753301 1.0257411 0.12625128 0.0844296217 -0.2709108
    -0.189400584 1.47670078 1.57586932 0.48839891 0.654822528 1.51385331
    1.48393226 0.504064441 0.65068233 0.188741505 0.783323109
    -0.457617104 0.79902035 1.30877376 0.419497192 1.13038254 1.17826748
    -0.352974117 1.45108032 1.09423518 0.628531694 0.84837687
    -0.479302913 0.536273658 0.0488716364 0.727383673 -0.0062302947
    -0.180229723 1.00501466 0.0378525853 1.20770144 0.802305341
    1.40774965 -0.426801383 1.48379445 1.11815464 0.461580217
    -0.187029988 1.28462243 0.758336425 -0.294454247 1.19738674
    1.20022619 0.252567887 0.199956119 0.450580359 -0.127645493
    -0.366669118 1.4753933 -0.113928944 0.256973267 0.374006271
    -0.0316899419 1.20249748 1.02502191 -0.574187219 -0.162584692
    -0.492945492 1.09385729 1.51694524 -0.0269308388 0.928273678
    1.24975514 0.17790854 0.34995687 0.260582924 1.08264232 0.380740404
    0.273391753 0.588786006 1.38418603 -0.176182479 0.198615402
    -0.0112369955 -0.12045604 1.29233909 -0.0919848382 0.202028036
    0.230138302 0.742174149 1.23314166 0.00654679537 -0.11410898
    1.24460006 -0.299044818 0.653497875 1.28978419 0.341472805
    1.10517073 0.32727319 0.779788911 0.548799038 1.29416847 0.967718482
    1.40373659 1.45938909 1.15177047 0.16906929 1.09860992 0.373949528
    1.04491889 -0.387243241 0.275784254 1.43524718 1.21048045
    -0.0308070779 1.37800097 0.20639348 -0.354470253 -0.372112274
    0.730472565 -0.315779924 0.721076787 0.31610918 -0.137233615
    1.11420524 0.320491195 -0.21055916 0.0430311561 0.356902719
    1.44303524 1.08745551 1.40566432 -0.161561668 0.19459641 0.590954065
    0.419566035 0.746772826 -0.403223097 0.795677602 0.253899097
    0.72117126 1.13716745 1.39605713 -0.360886872 0.806284189
    0.355842412 -0.0378351808 1.33987689 1.11692667 1.01486087
    -0.107222438 0.300224602 -0.423001051 1.35093284 0.792630672
    0.929959416 0.734471798 0.0594729185 0.0216495395 -0.356121004
    1.35125422 -0.279583395 0.444630444 0.145169616 0.0235002637
    1.1474601 0.403090119 1.21916485 0.694501221 0.115312099 1.48020029
    1.38938367 -0.433371544 -0.346303523 0.178439915 0.859982848
    0.981647491 0.679033756 0.302941501 -0.494903088 1.04115188
    -0.341772497 1.39191067 -0.226278961 1.14413929 0.998179317
    0.764850616 -0.244090781 -0.441134661 1.07767344 1.22556281
    -0.0642152727 1.05235171 1.234303 0.759321213 -0.376474917
    0.16114229 1.48183489 0.689905941 0.85454154 1.53111124 0.0224512219
    -0.047552675 -0.260663182 0.630903602 -0.103629172 0.132429659
    1.11075413 0.981947601 0.82429415 1.15028977 0.530014157 1.36388707
    -0.226661295 0.10973084 0.728108644 -0.241624147 1.12023258
    1.39806461 0.525114894 -0.498976856 0.325474262 1.46843779 1.1219399
    1.13592052 0.508142233 -0.172132194 0.150651157 -0.0830863118
    1.40195549 0.743708551 0.89968878 -0.324536204 0.464437664
    0.481288999 0.304746091 1.3618784 -0.270832896 -0.190724909
    0.834785581 -0.388487637 1.01910233 -0.146025419 1.01794267
    1.12542892 -0.267362565 0.69165194 0.341067851 0.800293267
    -0.0737186074 1.43642366 0.619489431 0.297289371 1.3203578
    0.660993874 0.399095297 0.659698844 -0.415300071 1.31631207
    0.538943887 0.100589693 0.834569633 -0.113100708 0.0799148679
    0.607869267 0.745502472 1.16163731 1.05602086 0.66114825
    -0.436326206 1.39781308 0.8105914 0.985629022 -0.593793452
    1.27348292 -0.39347136 0.148658633 0.672025442 1.01502514 1.40815568
    -0.518714607 0.797899127 0.42888236 -0.482155859 0.434814692
    0.776416719 1.35036445 1.30156732 1.42602324 0.0192161798 1.40221143
    -0.141394496 -0.143660456 -0.198881239 1.38696969 -0.0547533929
    1.28669631 1.24445069 0.387492239 -0.00770020485 0.643676996
    0.777958035 0.995006204 0.688738704 0.53941083 1.41495216
    0.279702663 1.01742661 0.0264137387 0.763455033 1.50914609
    -0.0422737002 1.38332272 0.627962172 0.914769471 -0.200710207
    0.660588264 0.362912536 0.406206071 -0.0760128498 0.538930297
    0.974829912 -0.286588937 -0.464111507 0.206624925 -0.401984841
    1.02714658 0.866448939 0.819539785 -0.0477422178 0.186647475
    0.0622876883 -0.117897093 1.16904819 -0.421638966 1.09948242
    0.705903947 -0.361981183 0.845588267 -0.428978622 1.14975023
    -0.235626608 0.68112278 0.811180174 0.215695739 -0.463007271
    -0.152649879 0.928453445 0.540373027 -0.321022689 -0.399499178
    0.304972589 1.17156363 -0.273052156 0.568794072 0.872950852
    0.856633663 1.2780807 -0.474738866 -0.0991044044 1.11646581
    1.03716147 0.269284546 -0.0740154386 0.68919003 0.380149186
    0.950308502 0.573432207 1.28972828 -0.324492276 0.261557519
    -0.202534765 1.42246819 -0.419317991 0.777907014 0.815552473
    1.51689839 0.553974152 0.217395246 -0.358884156 0.301676214
    -0.260219336 -0.44771865 0.0431016088 1.16968071 0.0565921068
    -0.0849129856 0.440596163 0.289114356 1.07114363 0.521917522
    0.211512446 -0.390919924 1.53097534 0.0603626966 1.45175791
    0.26281625 0.127425253 -0.273210287 -0.283001572 0.455332458
    -0.475803822 1.54038262 0.267135382 1.25284898 0.755845904
    -0.408999413 0.167234659 -0.325700939 0.151570797 0.271792769
    1.16144013 1.18898475 0.326332629 1.4479773 0.36626035 1.48041844
    0.226281762 -0.336000174 -0.48644644 -0.390247226 -0.284307778
    0.195465922 -0.243614554 1.07532418 1.15521753 0.0301101804
    0.55924511 0.109686017 -0.332155257 1.27553093 0.638938069
    0.0519414246 1.35192418 0.665464997 -0.0650746822 0.561010122
    -0.331632435 1.39032102 1.22976673 0.196614444 0.416841179
    -0.29285574 1.3242929 0.324041277 0.13780576 -0.436363667 1.46931469
    0.649716377 0.751792729 1.18672109 0.441433072 0.532526016
    -0.258752018 0.921022177 -0.042100817 -0.344849706 -0.460476726
    0.392190605 0.447908133 0.358879447 0.902019978 0.564849436
    0.206873745 1.06396556 1.04904687 -0.291047752 0.146287203
    0.177179158 0.382396221 0.00214344263 0.775717258 0.0734050274
    -0.17835629 -0.441177458 1.49967825 1.33056104 -0.4206146 1.12289369
    0.900267065 -0.0856367648 1.44493461 -0.152083516 -0.304511547
    1.32030296 -0.0747311413 0.613902867 -0.0403824449 -0.319472611
    0.452920496 0.279056549 0.21840477 0.372935146 0.183430016
    -0.364489973 0.863895595 1.04262185 0.466901243 1.09868872
    -0.236166954 0.691770017 1.38291514 1.38369 1.23504806 0.772798121
    0.327815413 0.89671731 -0.214294553 -0.153174996 -0.396168411
    -0.349333942 0.879125774 0.429108441 1.03729677 1.09808993
    -0.264298081 1.40649486 0.38470912 0.0573361516 0.99062562
    0.682860911 0.977221847 -0.128113151 1.00401449 -0.275169522
    1.2524178 0.223090947 -0.289491951 1.10517526 0.845996261
    0.951674402 0.549504399 0.996447146 0.590600073 0.62876302
    1.10478926 0.613705993 1.13736272 0.984650671 1.18248856
    -0.0415527225 0.0582150221 0.509025037 0.364219189 0.847799182
    0.671738505 0.0319385529 1.17549348 -0.214630634 -0.0913935006
    0.620424509 0.556261957 0.923222125 0.682879388 0.589600682
    0.104913056 0.171527028 0.301685572 -0.306564569 -0.389277041
    1.19327092 -0.349540412 -0.101640314 0.686381698 -0.283630461
    0.39734441 0.520920455 0.184563518 1.11633229 0.215051711
    0.958870947 0.581104755 -0.255859852 0.414045155 0.903440714
    0.0401819944 1.238168 1.3201462 0.169503272 1.39603376 0.291149259
    -0.386605203 1.41204143 0.590902209 0.500343204 1.32088447
    0.864322186 0.94323355 0.804506302 1.42375302 -0.207045019
    0.109653383 0.868818581 0.302297443 0.623822272 0.646074295
    1.26303148 1.46398973 0.00359141827 -0.132829219 0.727781832
    1.16907644 1.09638166 0.42402178 0.871412635 0.0798713565
    0.101742506 -0.0366172194 0.63982892 0.890054703 1.04879725
    0.550880194 0.559748828 0.294585705 -0.414132237 1.51897025
    1.45739865 0.836511552 0.991568267 0.58915484 -0.306999683
    0.953578472 -0.440785676 -0.325960815 0.0785533786 1.03905177
    0.610949695 1.1439358 0.722343802 0.441042602 -0.441408455
    0.232819259 0.867211819 0.78575176 0.370015144 -0.473353624
    0.595653415 1.34884202 0.454239994 1.25818372 0.84774971 0.407791972
    -0.280302793 0.117994726 0.778306663 -0.175706476 -0.0324100256
    1.21908784 -0.127994031 1.47489929 0.984451056 0.0730705261
    -0.0382612944 0.63866055 1.19529057 1.37795317 1.42312014
    0.943853617 0.616462529 0.925219536 0.160779834 -0.440427333
    1.30994773 0.391490102 0.80135411 0.837198555 1.21318507 0.446974218
    1.47052813 0.0434395671 0.0362656116 -0.26300022 0.1424101
    0.756254792 0.553061843 1.08672726 0.17866087 0.687286198
    0.680757403 0.534366608 0.572392762 1.27372408 -0.372062504
    1.20343947 0.301876664 0.656394541 -0.0495369136 -0.126475334
    1.21273613 1.24949801 1.33866334 -0.128846496 0.639685094
    -0.37990576 1.36231279 0.243021309 -0.267810345 -0.14067249
    1.40121639 1.63989019 1.64029574 -0.247923225 0.814788461 1.3391583
    0.515491545 1.51567042 0.115320921 1.23567343 1.2498374 -0.288924932
    1.05843353 0.738102317 1.18578506 0.130197525 -0.464899838
    0.520000398 1.42453253 1.22602546 0.569860995 1.17491341 0.497458965
    0.512511551 1.31504631 0.246139109 0.906342924 -0.120327026
    1.22557783 0.638059437 -0.210550189 1.45872211 1.41192961
    0.573273718 1.36888933 1.52388763 0.331995547 1.0422895 0.0962158442
    0.297517598 -0.0781360865 0.126164854 0.574997783 0.38397491
    0.683039963 -0.336780906 -0.29125002 0.130028903 1.04974949
    1.01312792 1.13052893 0.24713093 -0.541266143 0.90222466
    -0.0801695883 1.2610811 0.770396233 0.439419568 -0.476983666
    1.35932302 0.864747286 -0.571453393 0.935543776 -0.59963119
    0.490596652 0.189139843 1.37130213 1.44337773 0.980644286
    0.0880068541 0.57015723 0.536413968 -0.0233388543 1.40936565
    0.471173763 1.31906009 0.957738698 -0.0609028339 1.45807076
    0.559894383 1.0404458 0.243050933 0.985179067 -0.0888356566
    0.0689133406 0.371053874 1.32838011 0.456958771 0.685470521
    -0.498756438 0.552251935 -0.562280655 0.506507933 1.21772802
    0.880809724 0.512516856 0.838856041 0.592755556 -0.167195171
    -0.46403721 1.00130725 0.600033283 -0.420351654 0.769984365
    1.22413278 -0.291104078 0.348293126 1.51085639 -0.154760331
    -0.435638517 -0.309884667 0.565624237 0.0835498571 0.863037646
    -0.270084947 1.15687048 0.620153129 0.566575289 1.36505651
    0.326738477 -0.175623715 0.546243846 -0.293540061 0.201762676
    1.29027438 0.404379666 1.05598664 -0.482035846 -0.00321233273
    1.33981264 -0.00482219458 -0.486924291 1.17895722 1.32702732
    -0.306509554 0.720961154 0.865347564 -0.236747503 -0.327822268
    1.09702826 -0.136955321 1.46204472 1.24690795 0.431147218
    0.645130992 0.236009777 1.51792371 -0.50569284 1.14290738
    0.338209093 0.743593335 -0.0957491994 1.19517446 1.43877006
    1.0438199 -0.251944155 0.510443151 0.822013378 0.201079249
    0.439735413 0.273053408 0.604235411 -0.515196264 1.15104771
    1.34471822 1.51253045 -0.244418681 0.414929211 0.126278043
    -0.125737369 1.39657903 -0.382155359 0.811649203 -0.498645067
    -0.55730927 0.0209351182 1.24898553 0.999518514 -0.101443172
    -0.383007884 0.67224282 0.56584388 0.787401199 0.0712935328
    0.345483899 0.98441577 0.165241122 1.26763582 -0.317957759
    -0.365170211 0.956518173 0.716104984 0.436880022 1.33340502
    -0.415548384 0.524420083 0.301384687 -0.474188566 0.899672866
    0.681046486 -0.0819040835 0.524784625 1.15767813 -0.481122166
    0.808563471 1.41307473 1.28078163 0.926039457 0.667871654
    -0.421999633 1.45724964 -0.0116316676 0.581952035 -0.251193285
    -0.00972890854 0.719570577 1.28592038 1.12581944 -0.303477943
    0.226105928 -0.00303184986 0.460705638 1.04516983 -0.334746689
    0.772423208 -0.168450594 -0.424725384 0.627774596 0.986045182
    0.400884449 1.35528529 -0.596749842 -0.515695453 0.631106317
    -0.0325238705 1.34282351 1.37143624 0.60590601 1.35185695
    0.389763176 1.43317032 1.2338841 0.979235291 0.774265528
    -0.143079221 0.283644974 0.471276164 0.716149509 1.01244366
    -0.344353616 -0.282764554 1.45674837 0.189692587 0.54313463
    0.0297064483 0.199076861 0.964434505 1.15206528 0.883176804
    -0.0625717938 -0.165353686 0.326576412 0.0993117094 0.952421665
    0.261782408 -0.168985099 0.861970425 -0.214163184 0.541767657
    0.213800609 0.335524023 0.338547617 1.25480914 1.39566231
    -0.296520591 0.119586587 0.927180171 0.152671546 0.481396258
    0.105401516 -0.0295625031 0.00970047712 0.479101181 -0.395667791
    0.154784381 -0.289682299 0.708108842 1.41185486 -0.389569193
    1.42391467 0.268458188 -0.169789404 0.524334848 -0.215201259
    1.12816119 -0.445300937 0.360925198 -0.451415986 0.35938406
    1.29338431 -0.153254896 0.562665522 0.26087904 1.17183757
    -0.103381246 -0.476028681 1.09098864 -0.0763998628 0.53339082
    -0.294663697 0.828727841 0.931439519 1.35159266 0.792737305
    0.507732272 0.951181054 -0.620930493 0.670353413 0.200321496
    1.43322849 -0.140516877 0.522056222 0.24107796 -0.108441979
    0.625347793 1.12981105 0.647534907 -0.303993106 0.762186646
    -0.502902627 1.10478806 0.737997532 0.174046874 -0.214775294
    0.971465468 0.508369148 -0.395002753 1.0110445 0.110313535
    0.965427637 -0.370386988 -0.147174031 0.838253975 1.36932135
    0.410538197 1.08775198 1.05823088 0.960405707 -0.197865069
    1.51445615 0.471037447 -0.527196825 1.10428798 0.949110448
    1.40681076 0.705936611 -0.229832292 -0.461759269 0.226701498
    0.887684405 0.537572622 1.05556071 0.658715963 1.21910191
    0.301518619 -0.192703843 0.257591069 -0.0677353442 0.450870693
    -0.323753953 0.682996929 1.03851569 -0.194533348 0.797839224
    0.144143164 0.50995791 -0.202387333 0.43406409 1.35765028 1.23904455
    1.24422169 0.174370944 0.139793932 -0.342729867 1.36957777
    0.87399441 1.47989297 1.37443888 0.568803251 1.04162717 1.44805241
    0.902304113 0.261234164 0.877234519 -0.424876094 -0.00336128473
    -0.145258427 1.26436019 -0.0461652279 -0.469371647 1.24588823
    0.0755425096 0.76957792 0.391195595 -0.358395517 -0.447978944
    0.291705966 0.374766201 0.449176461 -0.413919032 0.699129224
    -0.0468921065 0.360698283 0.877047002 1.4589169 0.535367012
    0.686034679 0.94599092 0.803176641 0.193805993 1.19551432 1.3270818
    0.123688579 0.683159828 1.30643058 -0.567792594 1.0863111 1.0285157
    0.301445961 0.871113956 0.622870386 0.726834178 0.392201841
    0.973710775 0.100459814 1.12612915 0.617894709 1.17010617
    0.854581594 0.990603626 0.289725006 0.398307323 0.0795993805
    1.55166531 0.22458756 0.23492524 1.36126447 -0.28605485 1.06261194
    0.327147096 1.32487488 0.246475577 0.157441974 0.172437966
    0.375346661 1.36945057 -0.436986446 1.02808571 0.983893812
    -0.154252648 0.785443366 0.770931125 0.0138711929 1.09491801
    0.339922726 -0.122861624 0.361012638 -0.521267354 0.661617279
    -0.432877451 -0.362522662 -0.297976196 -0.219425708 0.435648918
    1.34496665 -0.0143811107 -0.476996362 1.39448285 0.761544645
    -0.0422307253 0.643348277 1.00773501 0.00384962559 1.21691239
    1.36876988 0.913122594 1.31997156 0.525129795 1.31925833 0.580795825
    -0.466606677 0.901696146 0.508760273 0.271940768 0.50017029
    -0.210436225 0.81882751 1.24806917 0.741656899 0.188377559
    -0.0501637459 0.207726657 -0.135071218 -0.130561352 0.35776341
    0.0251153111 0.6490345 0.0244069695 0.147506475 1.14449167
    1.01825178 -0.175172269 0.355154604 0.262524903 1.35253978
    0.02690503 1.36313653 0.796157658 0.45435816 -0.211603254
    -0.219697088 0.782250762 1.24962151 -0.128295332 0.659744501
    1.10479665 0.134637594 1.15306187 -0.2036874 -0.377137065
    0.387373209 0.0932095051 -0.210114747 -0.250492513 0.728357911
    0.390894592 1.04841077 -0.527124941 0.621081769 1.19382882
    0.968753338 0.189047098 1.2193104 0.813294888 1.39332891
    -0.101626217 1.01034665 0.326654792 0.499747396 0.835017681
    1.09512389 -0.0293764472 1.22896302 0.728675604 0.62827909
    0.520731807 -0.36170572 0.804682076 1.00202215 0.705883324
    1.01287115 -0.297280192 0.0894524753 -0.0391768813 0.144818187
    0.211672306 0.161930561 -0.0145372748 1.22843921 0.760406613
    1.1978904 1.12183726 0.261263251 0.135852516 -0.321495593
    0.296091318 1.0409224 0.996684313 -0.519764185 0.497761011
    0.915300965 -0.174299598 0.564424634 0.968153417 0.996233642
    0.503690958 0.769488633 1.19405913 0.91833365 -0.445436835
    0.300563931 0.339963138 1.18333888 1.46599054 -0.0561053157
    0.0634013414 0.24617672 1.43687749 -0.503343284 1.04369783
    1.48458791 0.180690765 0.539478898 0.109992027 1.10502875
    0.433491409 1.42259765 -0.41320473 -0.29758808 1.0055182 0.673291743
    -0.0241586864 -0.277911633 1.13964117 -0.0218816996 0.439107299
    1.29283571 -0.291297734 1.13445902 0.664710641 0.145435154
    0.414230168 0.224477172 1.43051994 0.187927485 1.45655274
    0.790765226 0.264502108 0.20485431 1.3228817 0.287601829 0.582733631
    0.625743449 -0.0926389694 0.370916367 0.168262482 0.68781358
    -0.374969184 0.794126093 -0.0799475312 0.618916035 1.08591056
    1.24411511 -0.482616246 -0.202512354 -0.243920803 0.27739051
    -0.335068047 0.565395236 0.204417467 -0.0155240893 1.10771942
    0.385014892 0.203622282 0.224533141 0.82033664 0.190274835
    -0.215512097 1.27626514 0.841570616 1.4321847 -0.221491665
    0.158845663 -0.456741631 -0.338970035 -0.316834509 1.22253871
    -0.0964724422 1.52503395 1.07321715 -0.392717063 -0.357208192
    -0.513189197 -0.210039049 0.600568414 0.392878354 1.2367878
    0.839002013 0.217854261 1.42749226 0.851898253 -0.0403093696
    -0.30142197 0.353906989 0.0690310597 1.47018528 -0.480570138
    0.417286992 1.13143897 0.46369195 0.977292776 0.439458549
    0.951336861 0.985265017 -0.422208726 0.959436774 -0.386103988
    0.270536005 -0.0285795629 0.197175652 0.294223249 0.00381433964
    -0.361404002 -0.0497099757 0.569338858 0.0344149172 0.423906684
    0.401540935 -0.374567032 0.985215962 -0.0285852551 1.38989282
    0.552733898 1.11665606 0.474224925 1.30638456 1.051615 0.0318825245
    0.325989544 1.14966273 0.799947858 1.04154956 1.4188056 0.536824405
    0.879432917 0.938249707 1.51401007 0.751839221 1.24077368
    -0.149587542 1.38298678 0.769058943 0.850807071 1.36064243
    0.216599345 0.626133025 1.18347979 0.659592748 -0.107123017
    1.06686032 -0.192405999 1.22510386 0.867107034 0.223681748
    0.612681866 0.259162068 -0.432618648 1.0238272 0.955464005
    0.776807249 -0.198810816 1.11747098 1.08962786 1.24582028
    -0.197914124 -0.516593993 -0.236635298 0.272160947 1.17660141
    -0.2665281 -0.0358338356 0.785560548 1.17556167 1.57941866
    1.43112946 0.873721778 0.892202854 0.199879438 0.379654169
    1.71246874 0.687978566 -0.00825437903 0.660252571 -0.131228209
    -0.0580052137 -0.0722970068 0.963174284 -0.363926113 0.319967389
    1.31697476 -0.316032112 0.0578869879 1.36188316 -0.331248462
    -0.320493996 0.394902498 1.05398977 0.777676463 -0.24831292
    0.151192516 1.02455902 0.178532451 0.933278799 0.0047134757
    0.237014771 1.38529062 0.223249674 0.935981452 0.983350873
    0.73908639 1.28515184 1.12059975 1.245929 0.0331511497 0.579729021
    0.495159507 1.17835116 -0.507848382 1.17488265 1.1205647 0.102250457
    1.2788403 0.996660471 0.297058433 -0.350943029 0.511806846
    -0.0483294129 1.146299 0.870452225 1.52259851 1.02632344 0.513715625
    0.314522028 1.41270113 0.502537966 1.07008338 -0.659673035
    0.862264931 1.13990748 1.43442702 1.44886065 0.840392292 0.765267789
    -0.0985690951 1.08712804 0.88607192 0.750522614 0.676007748
    0.240903854 0.380342662 0.652689576 0.421577275 1.48440146
    0.788146436 0.373411238 -0.570915043 0.711078823 0.611276686
    0.275791049 -0.37106216 -0.383010894 -0.387570828 -0.480800241
    0.915664434 0.0874175429 0.650984108 1.29152966 0.347564518
    1.05208361 0.59306854 0.198572874 1.00788224 0.608588278 0.275353611
    -0.410618126 1.04093599 -0.244399458 -0.0555790663 1.22496188
    -0.405413628 -0.30242458 0.123601913 1.00605166 0.260798752
    -0.319083393 0.208038449 0.102129102 0.368698657 0.361127198
    0.739748359 -0.157084703 0.739594996 1.0452044 -0.280581802
    -0.197722316 0.89993304 1.47240818 0.256727546 1.16430879 1.26167333
    -0.303104073 -0.0673482716 0.709028006 0.0866312981 0.952501595
    1.35988569 0.939050734 0.34426266 1.44740391 0.641293406
    -0.381831408 0.529507041 -0.0512675047 0.316449612 0.537859619
    0.610486329 1.26244223 -0.148602962 0.993219078 -0.334236294
    0.28914386 0.588339388 1.21073031 1.08667672 0.12301445 0.384490192
    -0.102914006 0.900862396 1.41362858 0.49537766 1.14983749
    0.682779253 0.935283959 -0.200464338 0.514648199 0.595823705
    0.504265547 1.26498413 -0.263306826 0.66336149 1.09542179 1.39053226
    -0.332706392 -0.301232636 1.3078022 1.15134215 1.48376346
    -0.275052845 -0.0983526707 0.184632897 0.673484981 0.241910338
    1.40142488 -0.274479091 1.46297145 0.753846467 1.05231297
    -0.407549918 0.762347519 1.08588195 0.693477869 0.322311223
    -0.336621225 1.33918428 0.679137826 -0.328219295 -0.185646087
    -0.421970516 -0.169090778 1.44488668 0.343580663 0.24297291
    1.21093869 0.684535205 0.95610863 -0.223405391 -0.215759575
    -0.282223284 1.0795424 0.181773543 0.421281517 0.342769444
    0.0535241365 -0.121049821 0.989602447 -0.084490478 0.202471554
    0.839190185 0.146630943 0.44763869 1.12879217 1.27025867 0.454773605
    0.331731677 1.28740299 -0.0602731705 1.17705965 0.170596659
    0.754477739 1.27304244 1.0128814 -0.134870976 0.381922305
    -0.128538728 0.640355945 1.01076388 1.30164146 1.37617123
    0.901282072 0.434557796 1.35545444 0.260311127 0.0880245566
    1.46718454 1.2740798 0.971902668 1.04790163 -0.340371221 1.1812005
    0.354063392 0.144007623 1.39715505 -0.0725972652 1.21097279
    0.639396787 1.01704359 -0.0338210464 0.420869052 -0.459936827
    0.156710982 0.3377361 0.964396 -0.110780746 1.01865923 -0.203952789
    0.424883813 0.0447830856 0.632156789 1.53723812 -0.367772311
    -0.311245561 1.20517087 -0.500071883 0.150826156 0.397130311
    0.989231288 1.35976553 1.23962402 0.758057117 0.315818369
    0.530458152 1.42268896 0.864106834 0.348479539 1.14368081
    0.00782129169 0.303706288 -0.127819926 1.11684179 0.849725842
    0.375368357 1.05232739 -0.299520582 1.50341964 0.479636371
    -0.366291493 1.18934178 1.2022078 -0.414984375 0.719938457
    0.35491097 -0.404596746 0.360442698 0.608384907 0.453832448
    1.38725162 -0.499200761 1.56525159 1.17637718 -0.304556549
    -0.137693346 -0.485418797 0.463012069 -0.331758887 -0.493898243
    0.515610158 1.50081587 0.30250591 1.43655014 0.848337471 1.19196391
    0.152130902 1.12510979 1.20376468 0.963478565 1.38140535 1.0137645
    0.760343611 1.43390822 -0.159672737 0.380497038 0.630124927
    0.229618669 -0.500763178 0.586899221 1.08118248 -0.341099739
    -0.115063637 -0.247158289 1.53023112 1.2736063 -0.498254269
    -0.389069289 1.17541313 0.745322227 0.660823345 0.620755792
    1.32881951 -0.179789007 1.16641164 0.141797006 1.3169347 1.2515552
    0.177558839 0.874845743 1.23327792 -0.195896387 -0.533591926
    1.03657675 -0.182579309 0.0618807077 1.15732384 1.23245835
    0.70603776 1.47827721 0.0962927341 0.285525858 -0.138610601
    1.3044095 -0.461276472 0.0659462214 0.209559917 1.01650429
    -0.210746557 1.31219637 0.763795257 0.777280867 1.20270419
    1.48984241 1.03184938 0.605681777 -0.318187356 0.693713188
    0.284728289 1.28330886 0.867540121 0.185787678 -0.00570160151
    -0.392631888 0.260104358 1.34711325 1.22809839 -0.515498459
    0.222312331 1.04974318 -0.313914478 1.35339403 1.41919184
    -0.243378341 0.0363188088 0.384700209 -0.463806778 1.54005837
    0.676638067 -0.0634523928 0.319879115 0.111859262 1.43399096
    0.0324723125 -0.0166137815 0.466028631 0.345556021 0.824192524
    0.697326243 0.918183684 1.4448781 1.02884197 1.33424807 0.371266186
    -0.478901297 0.131561279 1.42991602 0.274217129 0.341971755
    1.32114649 -0.278418601 1.09555745 0.731525838 0.282996297
    -0.298604131 0.243656516 1.26335645 0.666426897 -0.424363792
    0.621594489 1.45382047 -0.0977317691 1.10899663 -0.237123162
    1.36628318 -0.376126289 1.02215838 0.239812434 1.33423579
    -0.203340054 -0.114290535 0.791342378 0.633568585 -0.400308669
    1.42918801 1.38666356 0.788590312 0.940153182 0.00719958544
    0.674570084 0.714188576 -0.148266107 1.48365188 1.13222408
    1.25958478 -0.345973015 1.5192678 0.597642779 1.30293465 0.945133924
    0.903743863 -0.237347782 -0.547664106 0.138054371 -0.403762698
    1.23018432 1.37397456 -0.0187821984 1.43824911 1.35947585
    0.557386994 0.315521359 -0.286314547 -0.475612074 0.114053905
    1.18759274 0.984236062 0.240042806 -0.380613327 1.14975047
    0.0555119514 1.19088972 0.176542878 -0.595036864 -0.209711641
    0.0314632654 1.08352208 1.19571364 0.987748206 -0.601916969
    1.10639334 0.575112402 1.01354408 0.86876905 0.522889018
    -0.436741173 1.30301166 0.367600322 1.32135344 1.25672305
    0.139389396 -0.198500127 0.488390923 0.614611506 1.36854112
    1.17382991 1.39634418 1.22014308 0.842567265 1.18969238 -0.472181439
    0.44885242 0.855342925 0.53363502 1.0890106 1.51118279 0.640559852
    0.360088676 1.01959372 0.661776185 1.06138372 -0.450258315
    0.743309796 1.06737232 -0.0169417858 1.3482511 0.684235394
    0.482245386 0.100679219 0.194729924 0.922283173 -0.261694044
    0.161462784 0.0635643601 0.178547174 -0.123657137 -0.208279997
    0.0916544497 0.754991114 1.06710303 -0.455963939 0.294967473
    0.775438011 0.175511777 0.870123088 0.616091967 -0.474988163
    0.762553453 -0.366237402 -0.422209412 -0.57862711 0.126754642
    0.991491199 -0.348922849 0.876474321 -0.0937730074 -0.240885437
    1.37550688 0.145685554 0.838448286 1.33844697 0.799570382 1.51163292
    -0.258660376 0.856615543 1.03866422 1.41176331 0.154750168
    0.621664166 0.326327682 0.231215 1.0962708 0.184496224 1.10896552
    -0.137113094 -0.232013971 1.43799806 1.07023644 0.122006893
    1.43587148 0.772194862 -0.134242207 -0.00294500589 1.46861458
    0.0152702928 1.08644581 1.49736857 0.980070353 -0.383548826
    0.519995034 0.882738054 0.435773611 0.983746707 0.067057848
    1.26151431 0.882048965 1.34018505 1.06097305 -0.105672777
    0.100137949 0.540724099 0.499649644 1.37367582 0.039124608
    1.08987236 0.295676827 0.867949724 -0.284774184 1.02786708
    0.395364285 -0.136742353 0.354895175 -0.0933492482 0.385760128
    0.218630135 1.32162535 1.30000639 0.406785607 0.234675109
    -0.254161656 0.126103461 0.294290304 0.584353685 1.20166731
    -0.157713801 0.236719251 0.863545895 0.445267081 -0.535453439
    0.622875452 0.0448239446 1.15519571 0.0195757747 -0.158202171
    1.56736851 -0.196713239 0.497038513 -0.317383766 -0.1550726
    0.939126372 -0.0966097116 -0.459582686 1.43904233 0.624144495
    0.850468218 -0.454656661 0.485244453 0.313714385 0.0197054148
    0.70122242 1.55990291 0.156938463 0.203555524 0.0293783844
    1.08205688 0.86836493 0.5653404 0.980268478 1.5773778 0.472982347
    -0.125096917 1.52250695 -0.479497522 0.304304898 -0.4636648
    -0.227921337 -0.252845883 -0.438885272 -0.39136368 0.646574676
    1.00758243 -0.463720798 1.44112015 1.37253165 0.960570514
    0.0596631765 -0.0636101365 1.27678907 1.04784036 1.14148819
    1.34289074 0.428205967 -0.0767452121 0.538226068 0.0920368433
    0.293523252 0.94149065 1.05966592 0.515776157 1.30554748 -0.34387067
    0.542537212 -0.130998284 1.34532571 1.24302363 0.29953295 1.45931983
    0.964206934 0.00038588047 -0.105434448 -0.266719788 -0.359630942
    -0.345285416 0.0149831772 0.436015904 1.42647743 0.864065289
    0.000379443169 -0.0714606643 1.50687063 -0.181620985 0.577658415
    0.77276963 1.29884505 -0.520335734 0.409739196 0.757868469 1.0343796
    1.32450867 1.18022764 -0.217966914 1.25759268 -0.434318423
    0.949502826 0.302728832 0.7295385 -0.424200952 1.32259154
    0.227752984 0.463763475 0.0124356151 0.410369992 0.13219583
    -0.222948492 0.0264049768 1.31862187 0.457277238 0.0461099148
    1.14245844 0.0195194483 0.0119018555 -0.418149233 0.377555072
    1.31711805 0.908622801 -0.599579453 0.637261868 1.26769102
    1.40324032 -0.0992391109 -0.223020226 -0.530908585 -0.217223763
    0.982492268 -0.158756167 -0.553514838 0.534447551 1.22507524
    0.881817877 1.47284567 0.197789311 0.138807833 1.08678126 1.00801015
    -0.43863073 0.784925044 -0.340216488 0.560088992 -0.0492148101
    1.69399619 -0.0999326259 1.16335857 0.0906068385 1.15497637
    1.23323572 -0.182174772 0.620780468 1.02798104 0.0641877651
    1.07562518 0.205853164 0.407257497 -0.530601263 0.673371434
    0.465708137 -0.128253996 0.588697791 0.625835299 -0.327633947
    1.28666162 -0.377646148 0.596303225 1.0931592 0.923418999
    0.960945964 0.073936522 0.724624515 0.870939314 0.67504096
    -0.458169341 1.01761341 0.154882669 1.12333989 0.971981466
    0.722364783 1.20038736 0.417501032 1.19206727 0.673576415
    0.488696396 1.43665981 0.905770779 0.972644627 -0.0550917387
    1.31347585 0.506916225 0.271046042 0.557580233 -0.409339577
    -0.355753303 1.24884117 0.204041243 0.66605866 0.953056753
    -0.0422644019 -0.208866715 -0.142777026 0.638094544 0.693105042
    1.10741401 0.5263381 -0.607839942 0.713549197 0.103773475 1.00336742
    0.233598769 0.811851144 -0.288337886 -0.230560392 1.43825948
    0.272096932 0.44477725 1.53784442 -0.301073045 0.311546683
    0.153753698 0.978501916 1.11934328 0.242160618 0.775261343
    -0.394294947 1.53411412 0.827371538 0.458648741 0.130635858
    0.902445197 0.74820751 -0.100713015 0.0184168816 0.0520816445
    -0.229488134 -0.123334527 -0.00945085287 1.20436704 0.314481437
    0.140880406 0.624812722 -0.011618197 1.07870615 0.355442047
    1.03600991 0.213333607 0.115435123 1.49670208 1.21587706
    -0.495500386 1.24768817 -0.14102146 -0.25290674 0.929478049
    1.16247749 -0.132270008 0.047098875 1.28739202 0.763870537
    0.298539579 0.687467754 -0.0346953571 0.78136307 0.534722984
    0.950015664 0.251831442 -0.201961607 0.403881431 1.07217669
    -0.457573295 -0.458052814 0.359023452 0.185341299 0.519643128
    0.294377327 -0.161046058 1.14442599 0.767600834 0.905309439
    -0.454714984 0.174118519 0.304179609 -0.377712607 -0.311355531
    0.733631253 0.408784151 0.489553869 -0.252269596 0.863156736
    -0.241720438 -0.439085752 0.381275654 0.951248527 -0.472735941
    -0.507102668 0.989706993 -0.256640524 1.43667841 0.452883422
    0.973639071 1.29107094 0.579102576 1.00049257 0.657785177
    0.373280287 -0.0785326362 0.942430615 -0.0663220584 -0.290550888
    -0.405290842 -0.256929219 -0.53401804 0.524343073 0.137572646
    0.487704098 0.528696597 1.47554922 -0.579037189 0.354535162
    1.00834036 0.276633441 1.47622323 0.245890677 1.01081252
    0.0124943256 -0.111416966 0.93660605 -0.119127005 0.628282785
    0.313567162 0.2019912 0.506685078 0.870502234 1.41145492 0.716497421
    -0.140953839 0.902130783 0.725325704 -0.21106866 -0.434917688
    -0.475189626 0.397688508 0.435276747 1.00050545 1.24976981
    0.301204503 -0.273513734 -0.374759138 0.120359361 0.877174735
    1.30304337 0.322960436 0.56874752 -0.468742162 -0.0899174213
    0.135918438 1.24732494 -0.153821528 0.211747468 0.322904885
    0.430077016 -0.137739331 0.350148857 0.396745801 0.658193588
    0.205073059 0.548487484 0.466287076 1.22003865 -0.310305417
    0.938691497 0.811698198 1.48834252 -0.362084776 -0.0931014419
    0.106520414 0.586331844 0.586867034 0.0585425496 -0.491346359
    1.44240952 -0.0292314291 1.19405961 0.637258053 0.0930845737
    0.482370436 1.08651853 0.996017694 0.756864905 -0.427601546
    -0.377715468 0.810373127 -0.509194911 0.41636765 1.5393405
    0.445028722 0.484847009 1.34161091 0.984135509 0.536656618
    -0.0529660732 0.0298645794 -0.318168163 0.39261955 0.44576937
    -0.0738968849 0.88800925 1.40876281 1.39559305 -0.205421031
    1.23857629 -0.0284579396 -0.301537216 -0.273816019 0.259949505
    0.261068523 1.27810431 0.342688113 -0.309216559 0.506697774
    0.161000162 1.24039841 0.883106112 -0.133888274 0.326930761
    1.34610927 -0.532000065 -0.261396646 0.178838313 0.274881661
    1.43445897 -0.248741776 1.48194408 0.815510154 1.10041273
    0.691849053 1.32797813 -0.567769706 -0.39423126 1.31388855 1.0022105
    0.182927728 0.709310412 -0.326671898 -0.183033675 1.32426071
    -0.462218642 1.24271941 0.13464731 1.11613727 0.376823545
    -0.0248994231 0.296492279 1.16714096 0.988401592 0.236552119
    -0.162960947 0.372380495 1.03540349 0.219046533 -0.384739608
    1.37171626 0.910902917 1.31482077 0.490152001 0.691300869
    -0.298437387 0.232739627 0.676825643 0.0217883587 0.466208041
    0.192073047 0.47169888 -0.492015034 0.725648046 0.671705186
    -0.412833452 0.602670312 -0.46229887 0.540270686 0.198518753
    1.23761415 -0.488367617 0.9211303 0.42255652 0.932590842
    0.0124062896 1.11206913 -0.302022666 0.924285769 1.1318475
    0.586023927 0.350544274 1.36027408 1.49596965 -0.142090559
    1.56576228 0.457491159 -0.334893167 0.982718706 0.0218025446
    0.53316021 -0.251789957 0.732128263 -0.173516393 -0.0986744165
    0.892488837 1.54474425 -0.518245637 -0.25890854 -0.142363459
    1.16903377 0.172122598 1.25232148 0.794983745 1.48205793 1.39374578
    -0.498880476 0.916807532 -0.428315073 -0.251311868 -0.354795456
    0.79545027 0.475041151 1.22843707 -0.375939816 0.716421127
    1.09048629 0.28366369 -0.491079092 0.846661925 0.306844294
    0.547029793 1.5990485 1.41934264 -0.245528772 -0.0270253122
    0.132903069 0.494614363 1.19114757 0.428677142 -0.108937353
    0.221433222 0.295865536 -0.254041076 1.11511958 1.44226623 0.9804461
    -0.0197152495 1.27035439 1.42437422 0.396791935 1.5256784
    0.0807842016 0.196439326 0.030874908 -0.40855664 0.0407050252
    -0.0277489424 -0.00901305676 -0.263374776 0.564199865 0.506743133
    0.308454275 0.841515779 0.344825923 0.235726237 0.126665413
    1.49156296 -0.402246833 -0.483454645 1.33167613 0.425276339
    0.99988699 -0.227437407 -0.0366823673 -0.0948644876 0.0704455376
    0.964435339 0.50875932 0.134627998 -0.35420081 0.988133013
    -0.00130611658 0.0969860554 0.0741112828 -0.2753748 0.299573481
    1.52828622 1.05515003 1.3792789 -0.26812011 1.21556127 0.612725616
    -0.223520458 1.26543617 0.943972111 0.682222188 0.383165836
    1.2587769 0.195652962 -0.0146099925 0.120973945 1.32391119
    -0.00508368015 0.478834569 -0.0953553319 0.957592547 -0.386801004
    1.24677444 0.237110198 1.22952271 1.26699018 0.845799565 1.51888871
    1.07586646 1.14162278 0.350939035 0.253119051 0.151973844
    0.197435617 0.96260041 1.02714503 1.22532058 -0.38442862 1.34430277
    0.238160431 0.84397316 1.40730405 1.48284626 -0.120918334
    0.998164773 0.759264171 1.24091458 1.41092396 -0.0587293506
    0.781823874 0.873820901 1.52117276 0.524639428 0.574965358
    -0.1148763 0.202805281 0.866616905 0.494215012 1.33528197 1.24849391
    0.598046362 0.777293682 1.31660771 -0.43741256 -0.127250522
    0.274352491 -0.097871542 0.269551933 0.73091042 0.697627425
    1.4144479 0.231774151 -0.307379663 0.622656226 0.911769867
    0.157851756 1.27496552 -0.0349972844 0.969169319 0.546478808
    1.35666263 1.12544394 0.834241927 0.613273144 1.001616 0.256979764
    0.208698332 -0.261395395 0.221614063 1.09110785 0.184646428
    -0.288377285 -0.167551249 0.663308501 1.35008693 1.5564034
    0.235861421 0.082031548 1.38335705 -0.174828231 1.2235719
    0.282929599 0.228390872 0.436914206 0.61713624 0.978304803
    -0.306001961 0.805471659 0.874982357 0.744657516 0.70383209
    -0.409377784 1.15208459 0.382847548 1.4830544 -0.21818769
    -0.469439924 0.683906853 0.728469193 0.562151432 -0.143609881
    -0.192214549 -0.11172691 0.812372684 0.181417644 -0.033982873
    -0.0304387212 0.870898664 -0.402173102 1.49910522 1.07563913
    -0.201915532 -0.0708460808 0.647209644 1.05481553 1.34498358
    1.13505507 0.0614526272 0.505395234 -0.168235958 -0.0406612754
    -0.334076136 0.0533815026 0.494744331 0.862551868 1.05737984
    -0.42324841 0.0200583339 1.20082724 -0.0227153301 1.4159863
    -0.319674224 -0.355139792 -0.0299101472 0.10514313 -0.131356597
    0.328016281 0.831830621 0.500596404 0.521409512 0.218183935
    -0.249766707 0.255628526 0.638425171 0.13021785 0.975259304
    -0.00798180699 0.563158929 -0.318150759 0.843365967 -0.0414477587
    1.42246795 1.22424722 0.908182859 0.510620058 0.582610071
    0.762538075 1.04749513 1.08935201 -0.52731967 1.07190394 0.965396643
    1.09204507 0.147665322 -0.209830552 -0.153819412 1.20105755
    -0.425251544 1.45616686 0.489401996 1.12417936 1.40389323
    0.346252799 0.990340412 1.57033539 0.115281165 1.21600068
    -0.057564646 0.197826207 0.430410385 0.369703054 -0.380186975
    -0.00619679689 -0.236622214 1.58700478 -0.0811106563 0.992121339
    0.0860643983 -0.144052267 -0.131609142 1.57768738 0.731504202
    -0.36515671 -0.201523811 0.570198238 1.38659716 1.07270753
    1.35698473 1.02496529 0.622474194 0.860010445 0.375919402
    0.791838408 -0.187101752 0.455115616 0.793496907 0.283861458
    0.571773469 0.122536898 0.700662673 0.172094703 0.595629394
    -0.100114465 0.656003118 -0.0841687918 0.571706057 1.52177632
    -0.0882048607 0.359615326 1.38478422 1.26129389 0.585965991
    -0.204532295 -0.285919994 0.756347477 1.43262339 1.20248532
    1.46918678 0.0155460835 1.23607767 1.09634566 0.480946779
    0.507256746 0.995832026 1.36441588 -0.0431340933 1.42564178
    0.613552034 -0.300313175 0.55825299 0.890295386 0.414640605
    0.910629034 -0.464083493 0.210000277 1.24224651 0.825133204
    1.01559258 1.09605551 0.997597218 -0.262739271 1.49767447 1.23476028
    0.399190128 1.13710451 0.997532785 0.766708076 0.80876565
    0.797191501 1.3813237 1.36539841 1.09829235 1.05258977 -0.354705691
    1.23109627 -0.13107878 -0.0832536817 1.04183102 -0.435840338
    0.865936935 0.0821259618 0.414865375 0.615322471 0.397416294
    0.826331317 0.838233352 -0.28058216 0.87692976 -0.0372030139
    -0.359682143 0.266949475 1.40683448 0.849880159 1.25553942
    1.10764825 0.368041098 -0.058573544 -0.226823062 0.583585382
    0.328942358 -0.328430474 0.976730764 -0.439362913 0.182239115
    -0.0904359221 0.751618981 0.159560263 -0.375485003 0.900148213
    0.101024926 1.30282784 1.18454981 0.415277421 1.32906401 1.70046496
    1.64750385 0.964076579 0.0242638588 1.22660041 0.434313238
    -0.536209345 1.33469462 0.257783949 1.2483108 -0.449505031
    1.35283351 0.764363647 -0.452821553 0.0699185729 -0.0719171464
    -0.0630980432 1.41986537 1.17895257 0.754189014 0.403510481
    -0.151430547 0.202545315 -0.211442336 0.499349743 0.769873738
    -0.127181977 1.06923246 0.593042254 1.32548499 -0.0303430557
    1.08213913 0.971264839 0.189361513 0.035941124 -0.52944082
    0.544610381 0.825561464 0.48689872 1.04810524 0.608335614 1.12598705
    -0.0158175826 -0.0106499195 1.14287972 0.757303298 0.223658979
    0.471747875 1.20618045 0.559021294 0.0028643012 0.463084489
    -0.0970887244 0.13132453 0.754381776 -0.319156915 -0.0552158952
    0.604312718 0.957952023 1.44590759 1.20709157 0.0172858834
    -0.229481906 -0.305516899 1.50306273 1.45159304 -0.18351385
    -0.00451678038 1.27755249 1.38322484 0.330292404 -0.456826836
    0.163720965 0.123109162 0.721472502 1.46757197 -0.0738132
    0.829408348 -0.29323715 1.49916434 -0.346543729 0.518087029
    -0.144827098 0.0287343264 -0.459277362 1.29032171 0.635712981
    0.160198212 1.398458 0.941198707 0.631565928 -0.418288946
    -0.341769993 -0.0687554777 -0.121610731 1.16719174 0.700067103
    -0.0999899507 0.410100579 0.072298646 0.753595054 -0.444297254
    1.57178187 0.0195855498 1.45252419 0.88524729 1.47997439 0.897190094
    1.35432053 0.51175642 0.32585746 0.90286386 0.507407427 1.05995762
    1.35392809 0.766037107 0.0629464984 0.745888472 1.12014246
    0.163012445 -0.0457993746 -0.130523205 -0.509071946 -0.139776736
    -0.138180912 0.260594159 1.19140351 -0.0623398721 0.687737525
    -0.434599698 0.179953694 1.34236062 1.31952584 0.105941653
    1.47268963 -0.134561181 1.51762855 -0.240763783 0.106945336
    1.26698947 -0.110856205 1.48216927 -0.469674915 -0.309591949
    0.191328585 0.164679766 0.474479318 0.72523886 0.174613357
    -0.412422568 0.606387138 0.445482552 -0.0703692734 1.07278514
    1.04687524 0.624954224 -0.216949731 0.338176966 -0.434737176
    1.39071465 0.0830943584 1.33616519 -0.060993433 1.18426597
    0.823012292 -0.473017037 -0.0508264899 0.951348722 -0.0124127269
    0.212819099 1.28873861 0.347135842 0.779614985 0.962295294
    0.462042809 0.477434278 0.771285772 1.0845952 1.13432217
    0.0890074968 -0.0762606263 -0.0789964497 0.776155174 1.02862525
    0.89375782 1.20397449 1.50529146 1.37021446 1.31097913 0.322929025
    0.0885173082 1.4768405 0.136083901 0.47088778 0.823249638
    0.487221479 -0.446095288 0.492791533 0.944669247 0.939985991
    0.575590909 1.17950082 0.0600707531 1.10124588 1.0375762 1.36851263
    -0.466734767 0.189812303 0.862157762 0.434285402 -0.509239197
    0.056753099 -0.498067796 -0.438392222 0.813827157 -0.43439281
    -0.427993089 0.116502643 1.39743078 1.58597159 1.04417443
    0.309284925 1.51566398 0.109157741 0.423936486 1.3839705
    -0.298611552 1.14621973 0.954037428 -0.518156826 -0.270506978
    0.93741858 0.92668128 1.3024838 1.47364366 -0.181005925 -0.55633682
    -0.129224062 0.883142114 0.25020349 1.54501295 0.0111528635
    1.55924714 0.551012814 0.76454103 0.518455267 0.623270392
    -0.227766305 -0.534309864 0.186908424 1.40378165 -0.420762539
    -0.104961753 1.36141968 -0.38771677 -0.04562217 1.51521802
    0.02438429 1.46013081 0.737697482 1.68968582 -0.443295985
    -0.161668599 0.390746891 1.16084385 0.271794856 0.0727303028
    0.904335499 0.772052586 1.16934204 1.15280414 0.678871632 1.45902109
    -0.227174699 0.103870034 -0.488439202 -0.301090211 0.415461212
    0.38134402 -0.258051068 -0.409696937 1.08421052 0.576526344
    -0.0598418415 1.22352576 1.33995295 -0.360106677 0.99640733
    0.231562495 1.0744015 -0.215210259 -0.550471187 -0.0959656835
    0.79281497 0.632220685 1.32430553 0.437385619 1.29949117
    -0.353868634 0.0985414386 -0.203523517 1.08025312 0.00706580281
    -0.167737216 0.206308872 0.582807779 1.21205652 0.516556799
    -0.218418509 1.43710566 0.921943724 -0.195027202 1.45811021
    0.395767748 0.940990508 -0.400333971 0.858865142 1.51625443
    -0.514128387 -0.0229311585 1.38113058 -0.0719008446 1.17228913
    0.643266559 0.275176525 1.2977643 1.03445137 0.293136299 0.144071937
    -0.198344678 0.0672816038 -0.337413073 0.394610107 1.54193997
    -0.448782623 0.00771433115 1.3343215 1.42060971 1.41302121
    0.344309568 0.810430229 1.2577095 0.341322303 -0.349517345
    1.28054237 0.692619681 0.680923522 0.850415945 1.15773058 1.09131813
    1.14594328 0.371219218 0.0640919805 1.57332134 -0.197819471
    0.976012051 0.00259310007 0.80508852 0.211838007 0.94977349
    0.632338345 0.732851923 0.233277738 1.17002583 0.261902511
    -0.122580528 0.763458014 1.06956196 0.61861074 1.3473115
    -0.412159324 0.027097106 -0.0521399379 0.600404859 0.223577261
    -0.175677925 -0.0365719795 -0.499874592 -0.31504792 1.37320268
    1.57217693 1.4830029 1.05325556 0.951572776 0.344409943 0.669511914
    1.31188536 -0.104566425 0.398343921 -0.27201882 0.835248649
    0.512250125 0.544164896 0.959403753 0.340043962 -0.182033539
    0.0460813046 0.596652746 1.4087621 0.103789777 1.52591586
    -0.0533088446 0.681783199 0.151939452 0.488227248 -0.522093415
    -0.149935454 0.60022682 0.944231212 0.555828929 -0.324500382
    1.45140004 1.06143546 0.997030973 1.33246088 -0.454238296
    -0.519641519 0.721762478 1.39900064 0.466743112 0.981052458
    0.745107889 0.0174818933 -0.10615012 -0.137100309 0.382398248
    1.52240992 0.58986032 0.884717405 0.618248522 1.14568889 0.705442488
    0.711073101 1.00151074 0.416404784 -0.336768538 1.03046429
    -0.0309613943 -0.0368198156 0.329831183 -0.242924333 0.620962203
    0.808044553 0.174103975 -0.198798925 1.30001664 1.2174629
    0.499355733 0.254308879 1.01506901 0.512745976 -0.156004399
    0.848310292 0.851276219 0.277708888 1.37347531 -0.471934974
    0.974991977 -0.0257689357 0.342886209 1.33337343 0.30659163
    0.607394576 0.58788681 0.126125634 -0.0035366416 0.734010875
    0.868377924 0.705722213 1.28939807 0.930113971 -0.299019277
    1.03940392 0.0196503997 0.275456131 -0.169255376 0.484778881
    0.795623124 0.486347497 -0.500835896 -0.208580792 0.488709927
    0.892466486 1.08812809 1.17345631 -0.311715424 -0.0210923553
    0.230098367 1.19802618 0.447202623 0.0437842607 -0.400112391
    1.14736986 -0.353080362 0.468319416 -0.374181271 0.176849872
    0.488570184 0.806923151 -0.0810343623 -0.40208149 0.913486838
    1.23241842 0.165268064 -0.13802135 1.07057023 0.691562116 1.26668882
    1.08566451 -0.332166016 -0.342786163 1.03687179 0.37162739
    -0.120849192 1.13058293 0.799301684 0.806942344 -0.385446757
    0.380213261 0.195944667 -0.510649443 0.789317727 1.10529292
    0.498093605 0.928055644 1.23593414 0.50731957 1.53729308
    0.0174885392 -0.153411359 1.26723528 0.0706016123 -0.466937035
    1.25684118 1.06031787 1.31823468 0.500281513 0.555289984 1.05687618
    -0.265547752 0.0415341854 0.208955288 -0.326799572 0.781112254
    1.48474145 0.257504582 0.625900447 0.550543487 0.983525753
    0.532318771 -0.0861079693 1.44752085 -0.120812565 1.14461994
    0.663795054 1.0176363 1.27700067 1.34418511 0.0642192364 0.158500314
    0.363996059 1.44162107 -0.154208362 -0.0951346159 0.704989851
    0.833090663 1.34696341 1.23403502 1.25301087 0.560862601 1.23387361
    1.21494007 0.890313387 0.743136048 1.18989849 -0.44778496
    0.173950136 0.493116319 0.250081062 0.404957771 0.265865266
    1.03765082 0.508970737 0.250295997 0.879552126 -0.183951735 1.577757
    1.45905018 0.81103456 0.684498847 -0.414117575 -0.372323155
    0.604316056 0.308063924 1.2763989 0.957078159 1.34068429
    0.0126204491 0.253198743 -0.127845407 1.36033988 1.11760306
    1.47395396 0.177078843 1.0352242 1.34269905 -0.197954059
    -0.161332577 -0.288278371 0.339781702 0.487870932 0.759771883
    0.110299706 -0.492119908 0.888626337 0.521531522 1.56533647
    -0.525115907 0.156465232 0.055977881 0.062612772 0.419246614
    1.36622345 -0.40526104 1.04788339 -0.413298368 1.20227146 0.22884196
    1.15271521 -0.25517714 1.36273456 0.909830689 0.219319105
    0.766522646 -0.505612731 -0.236157835 1.52563 0.322345555
    0.827846587 -0.471266299 1.21261978 1.15372312 0.325457633 1.2892735
    0.790547252 -0.0763131976 -0.239838779 0.0206750035 -0.493534386
    -0.0153906345 0.816356301 0.816445112 -0.420798063 0.710482061
    0.543782234 0.651460886 0.0715747476 -0.485103965 1.18666601
    0.375420928 1.35067344 0.251617491 -0.469301045 1.43489182
    1.02177811 1.476336 0.00825309753 0.941881239 -0.401707023
    1.37400889 1.23093176 0.119785428 -0.328573227 1.16585708
    0.269025207 -0.370071024 1.33679342 0.355095804 1.05413592
    0.549916923 0.85358119 0.433357835 0.258165419 0.70486927
    0.728464067 0.250915647 0.484225988 0.554791272 -0.132647753
    0.226210475 1.02259231 -0.191007286 -0.0381170809 0.683231533
    1.17530465 -0.0790125132 -0.394914865 0.151214957 0.310571134
    0.0144458413 0.863393188 -0.255980372 -0.0860334039 0.114718139
    0.225650847 0.475057125 -0.508081615 -0.370344639 -0.0466607213
    1.37978435 1.08813214 -0.288994193 1.33788574 -0.407902807
    1.10816491 -0.226302207 0.763234913 -0.316053003 -0.445720792
    1.3514328 0.8756091 0.124886572 -0.129033625 -0.222172797 1.53945804
    0.026646018 -0.0290145278 0.118091762 1.49752831 0.284910083
    -0.320299059 0.23275423 0.976458371 1.05658686 -0.525035262
    0.344604909 1.30493987 0.491348803 1.25024831 0.148292422 1.19006753
    0.560598016 -0.417452335 1.26440299 0.70168674 -0.117552966
    0.280848265 1.51802027 -0.352153897 0.222140908 -0.0235933363
    0.0257171988 1.14036298 0.0883386731 0.769594014 0.0285262465
    -0.246366322 0.481230587 1.31080413 -0.0828177929 0.588397384
    0.312181234 1.00233531 1.5431366 1.11013377 -0.145532846
    -0.353512883 1.04970574 1.0466789 1.06233168 0.561721981 0.632088423
    1.23563671 0.806184769 0.197881579 1.3000977 1.31795442 1.37350011
    0.861877918 1.25056887 1.30852199 0.156391501 1.01640248 0.716691792
    -0.512522936 1.46552324 0.914194942 0.238355666 0.877383232
    1.11938536 -0.184241027 0.535402238 0.256652176 -0.173561513
    0.0632159114 0.712690711 0.346802711 0.0111753345 -0.166696995
    0.778053761 0.975348115 0.00742286444 0.660893381 1.14147758
    -0.310657978 0.0228678584 1.26025891 1.37097549 0.230291069
    -0.302840412 1.2073524 -0.080031544 -0.316288322 0.317742318
    0.184564739 0.125902325 0.0438250899 0.869402587 -0.29362309
    -0.0987116694 -0.432741374 -0.104942501 0.659546316 -0.436881125
    1.19199705 -0.394234419 0.245030403 0.210959673 -0.141862571
    0.556887805 -0.381401986 0.195394576 -0.289386839 0.745832682
    0.97199887 1.3321867 -0.0440196395 1.13994336 1.38007426 0.211966336
    -0.368605316 1.16796494 0.865600049 -0.266305566 0.748178124
    0.0592132807 0.82795769 -0.0923574269 0.888297498 1.53311563
    0.254865348 -0.00811845064 0.075067997 0.0931071639 -0.492230713
    0.245003164 0.864004493 0.321995974 -0.124651164 0.647770166
    -0.201130748 0.859000444 0.13834393 -0.178529769 0.341626167
    0.856072605 0.377744794 0.435201406 0.49832201 -0.251559794
    0.657044888 -0.362038553 -0.00251370668 0.82509315 -0.131431937
    -0.40408659 1.37528658 0.0209556222 -0.325538844 0.829599559
    1.42834377 1.27555239 -0.40687713 -0.0396977663 0.748130798
    1.15446162 0.83637476 0.48776418 1.32813716 0.156289101 0.702825189
    1.0236249 0.617798209 0.153784394 0.617666125 -0.0917394757
    -0.206337839 -0.394563347 1.08001614 0.298663378 1.19360876
    0.867252588 1.07228804 0.427111208 -0.203007579 1.42179501
    0.128141522 0.189303815 0.913036585 -0.241441712 -0.0541484952
    1.06286788 0.567293346 -0.180068702 1.23403311 -0.306505978
    1.17130053 0.887904048 -0.312205851 -0.14784357 1.08878267
    0.499581814 0.489008665 -0.271721333 0.967378676 1.1755538
    0.10255003 0.506818175 0.610799611 1.10246372 0.749719143 1.14249015
    -0.425840557 1.49415445 1.19208002 0.477699339 0.184465408
    -0.40675348 -0.151651233 0.243955612 0.440401912 1.3926034
    -0.47571975 -0.327336788 1.17130184 0.390166998 1.27998769
    0.430548251 0.340326369 1.23382139 -0.355483472 0.660649776
    0.462239683 0.627092659 0.935687363 0.229738057 1.29453933
    1.09006619 0.340449691 0.552027702 0.293140411 1.10540462
    0.725085676 -0.283343375 0.661843181 0.595013559 1.10452819
    0.43085289 0.785539329 -0.581859648 0.909471154 0.981217921
    -0.0181055665 1.2723794 0.0403751135 0.554031372 0.887355626
    0.87959981 -0.188420177 -0.128995746 1.33387673 -0.135422081
    1.23797274 0.658215165 0.317232192 1.55184102 -0.46509099
    0.864606202 0.19694376 1.50664294 -0.336651206 1.46527123 1.25803041
    -0.123020083 0.286655366 0.222990692 -0.422502398 0.409082353
    -0.219764024 0.754686952 1.13768005 1.02095854 0.381260514
    1.26103354 1.03162885 -0.201015174 -0.303767353 0.278373152
    0.411413938 0.411560476 1.09316051 0.214714378 -0.174821287
    -0.0854104161 1.40170979 0.277630508 0.0291035175 0.0825346112
    0.950191259 1.28631544 0.615447104 0.759069443 1.22088516 1.01803279
    0.907808721 0.305736661 0.370400906 -0.00853085518 -0.317761064
    -0.430563539 0.618218958 -0.424403518 -0.472886801 1.53904963
    0.798830807 -0.565995991 0.6218521 1.13825154 0.84713906
    0.0280147195 -0.233651042 0.0950878263 -0.0889662802 0.408095062
    0.758860826 0.78117907 -0.171495229 -0.196065724 0.144110382
    0.659614205 -0.371092856 1.35843968 1.18641448 -0.346648782
    0.710693359 -0.198378801 1.0732944 0.887167811 0.560624659
    0.67303741 0.291231751 0.384894669 0.298106581 0.380028248
    0.690476418 -0.179769099 -0.0115554333 0.190799922 -0.152555317
    0.791773736 0.849244833 0.863732219 1.22272587 0.140416652
    0.384070098 1.52807784 0.482340395 -0.367336571 0.0706551075
    0.298042178 1.37992907 0.93395257 1.32513666 -0.49547863 1.0717566
    0.546840549 -0.394773066 0.252292216 0.514973462 1.35362673
    -0.328208476 -0.542225957 1.19179189 -0.324210584 -0.199970186
    0.365779698 1.06570911 1.04410625 0.930510163 -0.443870127
    -0.489589274 1.46556211 0.204881549 0.0489339828 0.80896008
    -0.409831107 0.573008776 0.523589849 -0.0753743649 0.37660563
    0.799668491 1.33015537 0.944093823 0.817268908 0.416075885
    0.0838771462 0.0596339107 0.660011768 0.627577662 1.43857062
    1.36392093 1.51802254 0.303369701 0.333294213 0.626007318 1.43398893
    0.683926642 -0.159752578 -0.338037431 0.423625171 -0.464957863
    -0.136087388 -0.472416759 1.19574237 0.924948692 0.478654563
    -0.500301778 1.03102827 -0.0437991023 1.25583363 1.43662119
    0.0342717767 1.53014934 1.33535647 1.03028929 0.949034214
    -0.303610712 0.220671654 0.106529772 0.894070268 0.681212306
    0.162063479 -0.375870049 -0.263499767 0.770093203 0.46400249
    -0.0368905067 -0.148089737 1.41122246 0.378188133 -0.313931882
    0.0468415022 0.953561664 0.651037931 1.20816016 0.16524595
    -0.220008492 1.0052557 1.10385227 1.35417306 1.2354877 -0.347443789
    -0.467198372 0.442231178 0.912426174 1.17425668 0.324343622
    -0.0311364532 -0.562135816 0.0394827127 -0.49264437 1.40247822
    0.229514122 0.608520031 0.836071014 1.43519258 0.675555229
    0.862480342 0.344004571 0.864890158 0.487946689 0.372414052
    -0.247217089 1.26623845 -0.28235957 0.820757985 1.52434731
    0.435554862 0.241497219 -0.274792641 0.95771867 0.721740782
    -0.151064515 1.46945059 -0.358416915 0.184046805 0.296658158
    1.28608179 0.21304059 0.543756962 0.0566728115 0.924800575
    1.24586439 0.789731979 0.156900346 0.371428311 1.28802133 1.29156721
    0.240651727 1.40752161 -0.262859643 0.946231782 0.653085411
    -0.239742845 0.082836628 -0.363442034 0.18013531 1.37676835
    0.539132178 1.01938581 -0.00252085924 0.938343406 0.461486757
    -0.169702053 0.606046736 0.640658855 0.674935997 0.262726724
    0.304063439 1.23046732 -0.471877396 1.44376624 -0.528272748
    0.28534013 -0.394576967 0.869243443 0.130582154 -0.382643968
    0.260021746 -0.270868421 1.07337928 1.44893253 -0.0338718295
    1.41177273 1.02440608 0.190448284 1.12937713 0.801245332 0.975385785
    0.530566335 1.07802427 -0.436934769 1.02070212 0.344963521
    0.815110445 0.70988512 -0.486049145 0.481863976 -0.177542299
    0.613488913 -0.0217513442 -0.332886457 0.700598001 1.44071448
    -0.456582308 0.559731662 -0.0207894444 -0.393657029 -0.391028345
    0.256282449 1.32375622 0.314050823 1.45514143 1.54932368 0.220953166
    -0.116575241 -0.229227901 0.751103222 1.23663282 -0.220988005
    -0.160529494 -0.0795560479 1.34804153 0.529236257 0.0556570292
    0.786846995 -0.229505301 1.51463687 1.54117846 0.468524635
    1.52158117 0.86626488 0.835492909 -0.114788264 0.684216857
    0.780868053 0.365777671 -0.380162239 -0.385294318 0.726374626
    -0.109082907 0.95348525 0.35794118 0.692434549 0.214800715
    0.072206676 0.516246915 -0.0118178129 1.13714683 0.506897748
    0.787339091 -0.0681909323 0.287569612 1.06250465 -0.0754454136
    -0.194095492 -0.310980558 0.844970167 -0.450316399 0.0717390776
    0.23890847 0.00367367268 1.32524705 1.2589252 -0.48369053 1.02020812
    -0.0835039914 -0.233965605 1.42485011 1.44343007 0.896936357
    1.14908135 0.195430219 1.18332338 0.0283004045 0.516667128
    0.388467968 0.0163006186 1.38900304 0.515991449 1.22891688
    1.49746788 1.02864099 0.380891919 1.19272625 0.637156367 0.759682536
    1.38992357 0.567127585 -0.456777275 0.28033936 1.32586324 0.90112251
    0.273676574 0.887913883 -0.0553283691 0.851734638 0.83896172
    0.0199559927 0.227193236 -0.413991064 1.53053057 -0.0140560269
    -0.0942405462 -0.541336536 0.294556975 0.50157702 1.32302117
    0.376421213 -0.497272223 -0.472709447 1.53420472 1.41413069
    0.934478402 -0.0174472034 0.974003136 -0.0941028297 0.410259575
    1.05431688 -0.0782631636 1.05272508 1.25760913 0.231825531
    0.269492686 -0.318942189 0.982373834 0.780478597 0.288645625
    0.507832527 -0.272990286 -0.363204211 0.795629978 0.0822505355
    0.356149733 1.14362049 1.08301306 -0.421639204 1.33454192
    -0.0653044581 0.136888444 0.410455585 -0.442667961 0.957982719
    1.36859131 0.683523357 0.48157683 -0.165173918 0.26780647 1.09152544
    -0.197309256 1.23056221 0.589711487 -0.403389812 -0.0878018439
    0.0234251022 1.5336045 0.596610844 1.2197125 -0.402560234
    0.801154852 0.175286412 0.0171376467 -0.245949596 0.561213255
    -0.599385679 0.859611034 -0.402712226 0.614035249 0.218824923
    -0.39337036 0.41937238 1.26464796 0.722002208 -0.422572345
    0.0523380041 0.348855019 0.462525785 0.819977999 0.684347868
    0.367388666 -0.253726065 0.951947093 -0.418352485 0.393676221
    1.43866992 -0.264400631 0.0204792023 -0.385485053 -0.00381582975
    -0.351192415 0.711473823 0.451632142 0.575646341 1.4448818
    -0.117476404 0.904117644 1.39434934 1.0258007 1.06231952 1.44188857
    0.0067101717 -0.319759488 1.08074141 0.486917138 0.404350102
    0.164698899 0.669379532 1.05168891 1.50686061 0.314356625 1.39102912
    -0.393454254 0.909685373 0.4402619 -0.354320705 1.47295141
    -0.311015755 0.73834461 1.0488224 1.13653326 -0.505509853
    0.316194654 0.275301099 -0.150550395 1.37767136 1.27981508
    0.244772732 0.320314527 0.0802494884 0.358104825 0.24878931
    0.136009872 0.183679581 1.1693989 -0.0265718699 1.19083476
    0.774297595 1.31977558 1.27231526 0.932522655 -0.240398288
    0.93326968 1.48983073 -0.173310757 -0.0141789019 -0.392348111
    -0.404539227 -0.292797565 1.56532311 1.35006905 1.03550196
    0.860560715 0.197322905 -0.0974593759 1.05146599 0.912918866
    -0.111960053 1.21516418 0.677507162 0.167788327 -0.109986275
    1.3942647 0.519719183 0.0288454294 1.39253473 1.21917391 1.27656484
    0.124156028 1.0590446 0.192066699 0.108328819 1.43316603 0.628230393
    0.499457717 1.38946164 0.744479656 0.551562011 1.01929069
    0.123909533 0.0131042004 1.22588944 -0.350285709 0.521707952
    -0.00529098511 0.965308487 -0.282086849 0.64952904 -0.189479679
    0.676458895 0.365312696 -0.285692126 -0.414247304 1.03751707
    0.124729633 1.17375481 0.112436771 1.384727 0.782717466 -0.311027586
    -0.457419783 1.3477335 1.15404761 0.157580495 0.964763999 1.42754769
    0.172122598 0.0464556813 1.09209538 0.692548513 0.678681254
    -0.060765326 -0.441161692 0.596690059 -0.29269734 -0.303649068
    1.10377336 0.51547271 0.914902925 1.28523993 1.15617585 0.237172425
    -0.344320327 0.104729533 -0.314166874 -0.381323069 0.787784398
    1.53773832 0.452169538 -0.220952809 -0.342119038 1.347996
    0.145195663 1.25364649 -0.172425091 0.284014761 0.729865611
    0.261883199 0.434882581 1.46799779 1.0582552 1.12408781 -0.471121281
    -0.502367079 0.566343427 -0.148617983 1.16718864 0.530036747
    0.594758451 0.974976838 0.33614248 0.210787177 0.111416161
    1.18795586 0.992153823 0.764858603 0.561978519 -0.513510764
    0.848591924 -0.235127449 -0.365086615 0.110990822 0.837628424
    0.963464856 1.54190636 -0.413754523 0.970205128 1.29638064
    0.163098276 0.740462899 -0.402333617 -0.478090346 0.438883841
    1.4890945 -0.3883982 1.26721263 0.477009058 0.571768284 1.41025913
    1.26067066 0.705788672 0.287942588 0.612993538 1.46277857
    -0.0461108685 1.18856764 0.0316258669 -0.226319909 0.563771486
    1.05694389 -0.241328806 1.40454292 -0.355289996 1.18492532
    0.304794729 0.717374623 -0.205044866 0.240509748 0.794696212
    -0.313114882 1.30540085 1.45991778 0.787857115 1.02781987
    0.607554197 -0.127051473 -0.271546394 1.31220818 0.113825858
    -0.341645479 1.08845186 0.586211085 -0.342162907 0.389675915
    1.37709117 0.207769156 0.0888900757 1.52645397 1.29601836
    0.855475783 1.23712218 0.346225023 1.53184986 0.73569864 1.31272578
    1.37982607 1.42473507 0.80476892 -0.146523863 0.50113529
    -0.0376782417 0.640788615 0.553005815 0.914700329 0.154581964
    0.482340991 0.657757461 -0.149537504 0.516300201 0.786842108
    0.542812765 1.27673674 -0.278109252 -0.341940939 -0.336828887
    1.03646278 1.50328863 0.300997674 -0.181250513 1.31226206
    0.569654346 1.36181974 0.324598908 0.338846624 -0.0769386888
    0.0696317554 0.584235251 0.761077106 0.728022158 0.525271595
    -0.48332715 0.223748684 -0.0522455275 0.483376443 -0.100430399
    0.853513002 0.823350906 0.903351068 1.4011209 0.769039392
    0.691586256 0.465744913 -0.126994908 0.105958402 0.210935891
    -0.0650920272 1.41602993 -0.447629005 -0.187647104 0.142414808
    -0.409070551 0.361990929 -0.303314447 -0.0289357901 1.38860905
    0.541849911 1.11799479 0.439128101 -0.307972252 0.156762004
    0.922223926 0.857574046 0.217885733 1.0593282 -0.395385027
    0.49770391 0.800353885 0.534642637 1.46213531 -0.0883888304
    0.427488327 1.06473088 -0.349770188 0.0663914084 -0.115536124
    -0.0510839522 -0.383000553 0.696956754 -0.0487398505 1.30193281
    -0.124304831 0.387346804 0.420331717 0.995223939 0.637733161
    -0.0475729704 -0.540887833 -0.471590042 0.851126432 0.645775199
    1.03473091 -0.0572746396 0.346847832 -0.264725894 -0.00226420164
    1.64443898 1.58970523 1.59349597 0.547425032 -0.420909822
    0.0361115932 0.0617601871 0.368416011 -0.495830476 0.908709049
    1.36039972 -0.500192106 -0.335736156 1.37517416 -0.166514993
    0.429599643 1.55484033 0.165157974 1.24235964 -0.413488865
    1.32608998 0.0040846467 0.279701471 0.513568461 1.23390841
    1.06301188 1.16936159 0.244696856 1.5222156 -0.476489007
    -0.433349311 1.1601243 -0.00444713235 1.39887667 0.66440624
    0.88993001 -0.450036466 -0.388437688 -0.137694389 0.159309506
    0.415133387 1.23420548 -0.0116474926 0.625002921 0.0912826061
    1.07941651 1.62788308 1.07164323 1.12053776 0.623736918 1.25250411
    0.578139663 0.677666008 0.277043879 0.44271791 1.28015482
    0.405905515 1.46866369 -0.403592736 0.584951043 1.38953519
    1.44954801 0.16665107 -0.393605173 0.398219407 1.51845837 1.00698614
    0.493683636 0.314031959 0.618785977 -0.46852529 -0.295639426
    -0.0557774305 1.3769846 0.906356692 0.619596243 0.788549662
    1.08795619 0.540634751 1.50903583 0.0480337143 1.27948391
    -0.437437057 0.315423727 0.0640851855 0.560765624 0.29379487
    1.19895315 1.17645168 0.775917709 0.899283886 1.16071808 -0.23148948
    -0.0817169249 0.571589351 1.44812608 0.658105731 -0.28264004
    1.12243295 0.627054691 1.2342732 0.0364525914 0.460478246
    0.0236160755 0.448893309 0.02992028 0.0351720452 -0.469263345
    0.117493093 0.527827263 1.28170276 -0.448197782 -0.377842128
    -0.220148385 -0.354889423 1.33776128 1.25043035 1.0195663
    0.0375003815 1.45434511 1.11469316 0.360241652 0.0787119269
    1.28710532 -0.0870289803 1.07476425 0.957695067 1.33956218
    -0.134664118 -0.16469723 -0.380198717 -0.0084297657 0.678533077
    1.14346671 0.661808491 0.197286367 1.05067325 0.396895349 1.14742684
    1.31754065 0.18007803 0.621177316 -0.567197382 -0.361212611
    0.419859469 1.50095212 0.638424456 -0.00352632999 1.40446818
    0.820107579 -0.101005614 -0.232495993 0.349793613 1.47337401
    1.03574204 -0.510488629 0.133338213 1.2862885 0.104778767
    0.405207634 -0.365831375 -0.125091344 0.444594741 0.193606734
    0.993660092 0.345984399 0.86626488 0.638957262 -0.509560466
    -0.394504666 1.07631052 -0.514521122 1.49567628 1.18969655
    1.13538444 0.00427776575 0.239117742 1.46339154 -0.41910848
    -0.203332484 0.482505441 -0.000549674034 1.13731635 0.0604285598
    0.451372743 0.203923345 0.626850545 -0.315724522 0.516404927
    0.832306266 -0.0558315814 -0.368728697 0.987632871 -0.451732576
    -0.0258534551 1.2278049 0.811751187 0.359101832 0.40510112
    1.16694665 0.636199594 1.47751987 -0.103932351 0.317074418 1.3712697
    0.0618156791 1.19654512 1.21695256 0.262911856 1.36318254
    0.109351993 0.480290115 1.0460161 1.24140167 1.20731544 0.732090235
    -0.0861747563 -0.0407365263 0.0427925587 0.53893733 1.01892292
    -0.318939626 1.22417891 0.229388952 -0.203613043 1.03628683
    1.03991556 0.61565882 -0.312356114 -0.387304366 0.963808417
    -0.21897015 -0.134044021 0.378044963 0.441470027 0.87109077
    0.266244709 0.563241839 0.270435154 -0.262457192 1.54401422
    1.30798423 1.30851269 0.38955009 -0.0178376436 0.680146456
    1.46977186 0.375917077 1.08751202 0.0527045131 0.264711618
    1.52846754 0.645986319 1.61385179 -0.118900716 0.196854472
    -0.173786283 1.38375843 0.933001876 0.453718513 0.868805468
    -0.103657603 0.0872656107 1.28578949 0.485429823 0.16628769
    0.0315214097 0.509015799 -0.143595457 0.0309925079 0.324247718
    -0.209137231 0.476672292 0.241487086 0.422124565 1.5161767
    0.512291014 0.395508468 1.36821103 1.47455621 1.21885526 1.06676722
    1.30226028 -0.0924831033 0.113115847 0.637239158 0.56897217
    0.234893709 -0.397835672 0.0233142674 -0.279010653 1.11161566
    -0.0798598528 -0.473388731 1.04284751 -0.0281073749 -0.186932892
    1.05057061 -0.442266703 -0.435184956 0.436966896 0.696909666
    0.299521685 -0.453719944 -0.497271508 0.98376739 0.561359763
    0.7239995 -0.15615043 0.838341355 -0.459852338 -0.421174109
    0.0266600251 0.77252382 0.316174269 0.676940203 -0.219115943
    -0.11330089 0.231587052 -0.373745799 0.0361293554 0.64026916
    1.06472147 -0.39212513 0.490337849 -0.260551065 0.822843194
    -0.245583951 0.655587077 -0.0166582465 0.000402808189 0.914311707
    0.817414999 -0.318821847 1.32160652 -0.322658122 0.605804563
    0.703682244 0.713155508 -0.387998849 0.449004292 0.0859420896
    -0.542589486 0.494489729 1.44443059 1.46857429 0.300416291
    1.17022061 -0.406250209 0.913040817 -0.231995612 0.978551865
    1.30322707 1.09942114 0.0210975409 0.1942361 1.48641002 -0.358517051
    0.404840887 0.941424131 1.29076564 0.570125878 1.03707242 1.30913877
    0.0953424573 0.667758346 -0.0125989914 0.0255709887 -0.357268155
    0.298169851 1.3476696 0.734803319 0.684994102 -0.573242188
    0.693222225 -0.115882277 1.46102309 0.811133564 -0.115867317
    -0.174446851 0.426970184 0.439421833 0.290739775 0.646865427
    1.30801797 -0.288545668 -0.510349512 1.14894176 -0.113004804
    -0.188448697 -0.394847929 0.176965356 1.09785271 0.992465079
    0.68454653 0.399240494 1.42766154 0.880255401 0.519746661
    -0.0101661682 0.0882585049 0.202906549 0.617849529 -0.184250295
    0.686155736 0.0559017658 0.149570644 0.665726066 0.754487991
    1.0045867 1.40147269 1.22689736 0.765992403 -0.120103657 1.52604842
    -0.265809357 0.983697414 0.389711678 1.46156609 0.0925970078
    1.36416888 1.00222301 0.330781102 -0.14378196 1.29485071
    -0.225660205 0.818211019 -0.291252255 0.589596868 -0.0214251876
    0.519974232 0.829225481 0.913435578 0.782504916 -0.503507674
    0.26228404 -0.314900786 -0.00508636236 0.450536132 1.2405268
    0.917317152 0.28712523 -0.56763047 -0.461618483 -0.38588351
    1.3187592 0.11387825 0.208376825 0.0914325714 1.46767271 1.15708077
    -0.00564032793 1.23672676 0.652275562 0.741853654 1.24949861
    -0.0260281563 0.524043322 0.734079957 0.670697927 0.980753243
    1.45577705 0.796490371 0.295713246 0.09866184 1.068856 1.26756859
    0.263653815 0.826409996 -0.454048574 0.861142933 1.38803411
    0.0559868813 1.19836092 1.26496398 0.753580749 -0.341682076 1.447083
    1.12378395 0.839830279 0.237800241 1.50500619 1.19843745
    -0.394924164 -0.0987847447 0.756147385 -0.210138083 0.174339741
    0.434979826 0.633564472 -0.144409895 -0.0438816547 0.834201932
    1.00819182 1.03517056 0.395574808 1.13374281 -0.53034699
    -0.569393098 0.354172409 1.15505457 0.548169196 1.51205182
    0.875027895 1.03466821 0.270352662 1.11885476 0.636707842
    0.315925986 0.536854804 0.0164503157 0.112418771 0.0104341209
    0.438267678 0.946930408 -0.301678479 0.472639501 0.747649014
    0.101098716 0.834664702 0.00814783573 -0.140513718 1.01852834
    -0.106256396 -0.0412004292 0.628315389 1.50287986 -0.218373388
    1.24103749 1.40506649 -0.240678877 -0.307439089 -0.317517579
    1.3320719 -0.144283026 1.32665706 -0.216012537 0.348721027
    0.494936943 0.800239861 0.103407919 -0.416917801 0.355954587
    0.290775001 -0.487469494 0.450308204 -0.257762641 0.443320155
    -0.129374087 -0.446772248 1.32598376 1.56326258 0.186726719
    1.60942543 0.66555202 -0.0360963941 0.474238753 0.284129083
    0.909425378 0.923517823 -0.524255335 0.990559697 0.467234135
    1.49875259 0.768480539 0.132129192 -0.219878167 -0.123566151
    0.20018658 -0.417735189 0.0556067228 -0.216117978 1.21269584
    1.52494109 -0.47953558 1.21223569 -0.565003872 1.50115323
    0.747590184 0.937797904 1.39266479 -0.216643453 -0.163409203
    1.18935156 1.17607832 1.29052806 0.183113933 -0.0286815166
    0.155455053 -0.00917851925 1.5020957 0.964276433 1.5332129
    0.460352838 1.17822075 0.841413617 1.01290965 1.15671825
    -0.206564039 0.355468869 0.953352094 1.09383583 1.10787463
    -0.193197161 -0.224033743 -0.251039356 0.451073468 -0.106830537
    0.109124303 0.0904701352 0.885105371 -0.210033625 0.133158863
    0.70984143 -0.47862184 1.18679142 1.28986526 0.0489416122
    -0.0465466082 -0.288888454 0.046733737 0.810880661 1.37518644
    0.887435734 0.448378563 1.18413377 1.10644543 0.450990379
    0.614494681 0.692135811 0.634044468 1.1503191 -0.424729466
    0.946835041 -0.429211318 -0.506659508 1.45372069 1.42815447
    -0.338991046 1.36527109 1.28225994 -0.594640017 0.623953581
    0.980354428 -0.256085515 -0.12149173 0.993604541 1.17435026
    -0.150043815 1.33726192 0.370182753 0.437250137 -0.226163536
    0.480166137 1.1561718 0.944030106 0.370267332 0.532575488
    0.0273501277 0.477676928 1.31187487 0.685719311 0.383271515
    0.442994475 1.05447888 1.03841925 -0.231773049 -0.104860485
    1.13095927 0.472010553 -0.386865348 1.30157697 -0.20236221
    0.0299866796 -0.320511043 -0.217972666 -0.0292354226 -0.134887308
    0.044608593 0.935429811 0.792914987 0.248898208 0.252147377
    1.38252425 0.357684374 0.635546684 1.07692289 0.43432194
    -0.335108072 0.721445441 1.53620911 1.31604385 0.299404263
    1.35567689 0.255597472 -0.477643788 0.744532824 0.575120687
    1.11443591 0.696582615 0.660979211 0.863412678 1.40760028 0.57891953
    -0.0764535069 -0.0998497903 -0.424654424 0.227962494 1.47322881
    0.458977818 -0.268622935 0.415657461 -0.319915384 -0.0596916676
    0.619933069 1.24273992 0.995289207 0.0513979793 -0.0614142716
    0.446970761 0.0798858404 -0.0977335572 0.481467605 -0.519792676
    0.7232458 0.209412694 0.64467448 -0.337284148 1.54327631
    -0.343461931 -0.482553661 -0.284494698 0.243062794 1.45361757
    0.132471383 0.983472586 1.07281697 0.609369814 0.275996923
    -0.487561822 1.06187892 0.0482956171 1.23349524 -0.412577003
    0.00654530525 0.973017693 0.617383897 0.94940573 0.194273114
    0.482142031 0.645935476 -0.42952466 0.135583341 0.933571279
    -0.312891543 0.662788749 0.97426039 1.36162543 1.00233698
    0.113702357 1.47806573 0.169058144 0.879760325 -0.0212580562
    1.17790318 1.29981863 1.13867319 1.5429256 0.80725193 -0.159914404
    0.569404781 0.372259498 0.761533022 0.313117474 1.06475508
    1.47932124 0.624949694 1.47802806 0.198757499 1.05587316
    -0.0178427398 0.144342214 1.58651412 0.0800041258 -0.264364302
    0.60795629 -0.300161541 -0.454108357 1.10694981 0.506072879
    0.487322628 0.858887911 -0.0304137468 1.16408157 0.0838397145
    1.02165604 -0.143028527 0.866896808 -0.398472935 0.244284183
    1.14259505 1.3180126 1.53146076 0.976131022 1.03183579 1.36274755
    -0.364559829 -0.212106198 -0.0810813606 1.18168724 0.727787852
    0.108914405 0.316437095 0.0845012963 -0.0668315887 0.85921669
    0.359401673 0.952348173 -0.182890117 0.476534247 1.14728343
    0.96199739 0.578864574 0.188093662 1.31871939 0.57102263 0.494530708
    0.227909833 1.16628504 0.979057848 0.187161237 0.143991619
    1.51334429 1.05117869 1.09678328 0.506805122 0.0372316837
    0.998435378 -0.421841025 -0.177402556 1.10629189 0.321426541
    0.638417363 0.413549721 1.01795149 0.351259261 0.834272027
    -0.340064108 0.923866987 -0.230029762 0.715632498 0.415154248
    0.670123696 0.409235626 1.04568613 0.7983495 1.47603595 0.298588812
    0.520466924 1.47643161 0.458110988 1.29282403 1.38224745 0.711669266
    0.396820009 0.372754872 -0.125631303 1.49675441 0.923437595
    0.526516616 1.12991047 0.302081347 -0.114729226 1.35829997
    0.0422912538 1.24586797 0.71732986 0.429169983 -0.404717594
    -0.351001352 0.050731957 -0.443886578 1.0948323 0.375254154
    1.16680181 1.09394312 0.417414844 -0.179775923 0.0506317019
    -0.0143197775 1.53453207 1.14567268 -0.166787416 0.378726721
    0.589673877 0.559701681 1.54665589 -0.0203337073 1.51538599
    0.0206875205 1.30245209 0.644464016 1.36452973 1.55182052
    -0.0892676711 0.47595185 0.360415161 0.520195842 0.831492364
    0.395287097 0.0243745446 1.14192021 1.35416532 1.47119868 1.53895342
    0.761335373 0.261231661 -0.109271705 1.19281137 -0.474635631
    0.0649747849 0.952458918 1.28050613 0.303702831 -0.240891054
    -0.205317676 0.467893094 0.441618741 -0.0787856877 1.50556922
    0.471361071 1.4583739 -0.299254209 0.0333211422 0.803853214
    1.42347932 1.47066414 1.33383775 -0.416983724 -0.0796570778
    0.165364265 1.42605662 0.382259786 1.54468286 0.395592749
    -0.064083457 1.06662226 1.02235818 0.782558501 -0.205638051
    1.04921246 1.21010923 1.15487194 0.999269664 0.926168799 1.2059257
    1.12097597 1.59001422 -0.182509691 0.616203547 -0.260211825
    -0.0697045326 0.506649137 -0.446893781 -0.161760956 0.696260691
    0.635323286 0.3868559 1.50683165 0.63304776 -0.0897520185 1.33968878
    -0.445209801 -0.193990231 -0.300705791 -0.190993428 -0.276522428
    0.258719534 1.13057256 1.60401142 0.427814811 0.274302542
    0.357356369 1.46736097 0.801754653 1.30665541 -0.147946477
    -0.170125306 0.267879397 0.932378769 -0.246860161 1.21105397
    1.29603457 0.332207799 -0.246606976 -0.245414704 -0.0176291764
    0.920982659 0.73747015 1.42171288 1.3213402 -0.0767427981
    0.376373261 0.646890461 -0.246354058 0.580206752 1.24893165
    0.245014727 0.137783736 0.665942073 0.368980944 0.656489253
    -0.137546927 1.55569983 0.835745931 0.311153054 0.934766412
    0.661297202 -0.0446052551 0.273579389 0.985764503 1.02132452
    1.14265227 1.47769189 0.749965072 -0.227812842 0.0155739188
    0.85468626 1.44709575 1.41324663 0.861393213 -0.194388062
    -0.35438323 1.22896886 0.680477917 0.387260735 0.491876006
    0.050886184 1.65069282 0.093631804 0.856824994 -0.0744850636
    1.16170084 0.619040012 1.6189127 0.286512971 0.29989934 1.00698781
    1.37329459 0.842746258 1.58632421 0.0192790031 -0.28028214
    -0.248751462 0.842706084 1.61620331 1.41484904 -0.248909459
    0.393238783 -0.253794789 1.08175659 -0.29373455 0.154893398
    0.71981442 0.63516897 0.20875746 1.02240443 0.153446555 0.6952914
    1.46171236 -0.142013431 1.51599383 0.459020883 0.143269598
    0.850309134 -0.38210088 1.39532483 -0.412478387 1.02666473
    1.50094533 -0.170910731 0.407354772 0.0843608975 0.429497331
    -0.384992003 1.48300171 -0.0187514424 1.25221848 1.43214345
    1.44916439 -0.293933362 0.990828872 0.819730818 -0.0953502655
    0.261124492 0.342792094 1.28281879 0.145840496 -0.159444034
    0.209700942 1.1968379 0.46282357 -0.0592987537 0.107903719
    0.0536700189 0.559329689 0.361461908 1.0217216 -0.138978779
    -0.385292798 -0.226330653 1.48282683 0.49938795 0.936789393
    0.989223063 1.16502166 0.978003383 0.958624005 0.641412497
    0.484968394 0.0208143592 1.62576449 0.518546104 1.30538774
    1.31659901 1.46061182 0.808318138 0.351746768 0.517357588
    -0.122202307 1.09495378 1.00273943 0.431674659 -0.335625082
    0.796935678 -0.183450982 -0.361628562 1.3302418 1.61822534
    0.40040049 -0.418655068 1.6358633 1.00044131 1.07198358 0.132820696
    1.47616363 1.07741785 0.12338531 1.34191608 -0.183832765 1.54461002
    0.835939586 0.408065587 1.62123549 1.01992083 0.665691733
    0.107991129 1.13393164 0.888174772 1.22205281 0.261034548
    -0.139089525 -0.00773751736 -0.064686656 0.446137697 0.781447053
    0.971261263 1.49953258 0.988363743 -0.0797605217 1.07369435
    -0.426744074 0.891389132 1.17075086 0.00477725267 -0.158601433
    0.67426008 -0.280601084 -0.175911799 1.08196068 0.190862894
    0.295272857 0.164638758 0.647062421 1.55010366 0.0017015636
    0.0145908892 1.34207177 1.24074543 0.214420199 0.609161973
    0.281288654 1.55080843 0.511732459 0.703330278 0.458011836 1.1667279
    0.87368834 0.681709588 0.288249314 1.53325129 0.363779485
    0.334554404 -0.256415784 -0.383157283 1.11472654 0.0797634423
    -0.393671215 1.46833944 1.58580554 1.62829661 0.941166222
    0.401286453 0.471812338 1.47099805 1.15841687 1.66382599
    0.0480357409 0.414288014 0.679799616 0.72921133 -0.00463694334
    -0.0237213671 1.38765454 1.44995189 0.920028508 0.428560197
    0.391616374 0.488088876 1.39232862 1.08711374 1.16821623
    0.00119891763 1.05157948 0.914081633 0.832633495 0.519312024
    1.40327597 -0.253165931 -0.237055823 1.28631616 1.4197253
    -0.0261661112 1.5285188 0.427075535 1.33198035 1.36711824
    -0.0213221908 0.326599687 0.413565695 -0.297135949 0.64321214
    0.238599449 -0.367480755 0.196443915 0.681888878 1.14478922
    0.100223511 1.21540117 1.39268911 0.402943581 0.737171412
    0.573324084 0.916014314 0.226930946 1.61162114 1.52864456
    0.531753957 1.5652225 1.59463656 1.101735 0.585132599 0.175098926
    0.442155272 -0.297279775 0.906512558 1.13380086 0.499714315
    0.404915988 1.55902541 1.47963309 1.72502053 0.394692183 0.547072291
    1.24811125 0.787888646 -0.0357078016 0.484928936 0.0895236731
    0.693784595 1.63854218 -0.0600726902 0.138948083 -0.327927798
    0.111575156 1.39839375 0.582881927 1.485847 1.14798379 -0.278785765
    1.6033268 0.320368052 0.336550355 1.21847463 0.436475009 0.454024196
    1.22023129 1.13372779 0.289420575 1.72241163 0.763785005 0.254745275
    0.576405883 0.346646637 0.83981204 0.921225727 -0.0230362713
    1.41109669 -0.231561482 0.578309774 1.34022236 1.43055773
    0.753187597 0.30512026 1.00321507 1.42399788 0.225724608 0.176179796
    0.355145544 0.303198963 1.46124697 0.256610394 -0.0605598986
    -0.15284425 -0.26733759 1.26844668 1.22580659 1.29214263 1.2236433
    -0.281714857 1.08218563 0.308469474 -0.0269152224 0.657538891
    1.46009266 0.0964258909 -0.214444295 0.0272347033 1.4784286
    1.67551005 1.03075707 0.708609879 0.127884477 0.817178845
    0.242239535 1.36987424 1.62272274 0.97840488 -0.283410996
    -0.158840895 0.949653149 1.23913133 0.96195817 1.00111794
    0.605844438 0.751707196 0.624707818 0.466858119 1.17283821
    1.11923277 0.112250656 1.16539168 0.723932981 1.10438824
    0.0544570982 0.537748218 0.207067579 0.711312532 0.682259858
    1.23973548 0.46675241 -0.10482794 0.358450651 1.07532084 1.45833528
    0.660849035 0.365564167 0.179948211 0.851062417 1.24957144
    0.289677888 0.170307308 0.63340205 0.836611748 0.474859178
    0.446101815 0.242301375 -0.379290998 -0.191440344 0.0551227629
    1.6528194 1.38742638 1.26929915 0.88086915 0.645859361 -0.123101056
    1.07066011 1.54886174 1.60610449 0.897510648 1.53650308 0.466500551
    1.3772192 1.68849099 1.41610467 1.02070546 1.23518097 0.0611398816
    0.179241627 0.192048341 1.37336695 -0.158488736 1.16920686
    0.395035386 -0.053824991 1.46049643 0.372475266 1.39624906
    1.19076717 -0.169080526 1.54707384 0.561435699 1.06822681 1.71231341
    0.365053296 0.408485025 0.256269336 1.17070496 0.901537061
    0.45099771 0.370880336 0.145903468 0.559383154 1.4891845 1.0099287
    1.21103168 -0.237513155 0.938890576 1.34958375 -0.333625078
    0.447566032 0.310220599 0.833595634 0.678233206 0.0793541372
    0.483675152 0.736333489 1.22686291 1.38780379 0.0522767901 1.2450633
    0.246955633 -0.0923502147 1.65567553 0.932668626 0.537790477
    1.15488601 1.04660821 -0.236058384 0.431473613 0.588885188
    0.786900163 -0.162388742 1.30741477 -0.304435283 1.66082525
    0.721746564 1.41736794 0.691664755 1.504246 0.603896022 0.429487348
    -0.136560977 0.0921713114 0.518820286 1.1568706 0.109952092
    1.29718351 0.174908519 1.21201551 0.394580692 -0.0522119105
    0.786121368 0.665033102 0.652130604 1.34996796 -0.143275157
    -0.0535877943 1.28780913 0.126071453 0.47174412 1.4818635
    0.0813851058 -0.231253639 1.50832403 0.48778525 1.06357718
    1.63465178 0.75487721 0.122593224 1.61047232 0.278040826 0.352332592
    0.707937658 0.690288663 0.597886682 1.59833109 0.886931896
    0.725553513 0.442149788 -0.162528142 1.52515101 -0.183099419
    -0.316494197 0.535130501 0.0944269598 1.37469804 0.665750146
    1.25811219 0.668182969 0.0918751657 -0.331058115 1.10910058
    0.838502765 0.138777703 1.53333163 0.9232831 0.322885215 1.30203617
    1.0224719 0.897437334 1.01598978 1.41992724 0.789162695 0.269487828
    -0.224683508 0.817209125 1.41797733 1.62794292 1.01776564 1.19801903
    0.672921896 -0.250820935 0.197191656 0.971843719 -0.125479504
    1.71809006 1.02857995 -0.130582169 0.518983185 0.983297288
    0.591279209 1.38340628 0.618649602 0.965158224 1.18784285 1.05798984
    0.855449915 1.53183126 1.48113036 1.07543206 1.53781009 1.33601308
    1.21369851 1.06982577 1.30675626 0.133644879 1.35696375 0.106049478
    0.450390577 0.230967611 -0.253124624 1.77501214 1.56999898
    0.676275074 0.708869934 1.35983491 0.582595825 0.513875842
    0.761357784 0.786116779 0.266121984 1.80711007 1.38758039
    0.987841129 1.1597358 -0.00243937969 -0.021410197 1.37433743
    0.731810451 1.53454137 1.10886562 1.36289597 1.06525373 0.0361355841
    0.862919807 1.09857893 1.20940006 0.0111446977 -0.137900189
    0.906979918 0.903241634 1.27449656 1.63803935 0.182986557 1.61613321
    1.29588497 -0.259200513 -0.159137279 -0.206966698 -0.18147558
    -0.141434252 1.61826682 0.508504987 0.755867362 1.5566721 1.46424973
    0.0946557224 0.628543973 1.74122751 0.602734566 -0.212157682
    0.451150209 0.809831977 0.295520216 1.37800694 1.34438443 1.66845298
    0.638642669 -0.0216748118 1.63016963 0.0606794655 1.05638683
    0.84321636 1.35925484 0.835450172 1.18910646 -0.0623279661
    0.344972312 1.2724812 1.09888291 0.199121565 0.962687016 0.877960682
    0.0631863773 1.76302147 -0.171241462 1.2136507 1.60545886 1.5013721
    0.791093051 0.889378071 1.23227823 1.08798742 1.59932184 0.388920844
    0.0862921178 0.57544446 -0.0328786969 0.260348082 0.99787873
    1.64141607 0.515624166 1.6672852 0.193421572 -0.156723469
    0.576469779 1.70659113 1.13213253 1.29944074 1.38874984 1.06235325
    0.257966369 1.13266754 0.602430582 0.110050112 1.76603603
    0.958512068 0.947654843 0.152659327 0.00780850649 -0.131015569
    0.725918889 1.76970696 1.64370251 -0.267511398 -0.239747018
    1.37341237 1.22033775 1.72337341 1.39161205 0.67448616 1.50041759
    0.264325321 0.249241263 1.17532694 0.565616608 0.323711604
    0.220699757 1.693784 0.114889354 0.376726717 1.14442897 1.52685559
    1.18475401 0.135719985 1.75052762 0.830590367 0.899447381
    0.556659102 0.618984044 0.648440123 0.910367608 -0.315378845
    0.959225476 0.427209795 1.43640733 -0.256812543 0.0776486099
    -0.250829428 -0.159599036 0.628843427 1.48849952 0.0540283024
    1.40511155 0.587796688 1.23320162 0.88854599 1.70283663 1.20856309
    1.08082867 0.43494755 0.731341302 -0.0559047759 1.76902378
    -0.197184592 0.852503598 1.37538683 1.73189092 0.962123334
    -0.198974058 0.0309715867 1.56699431 0.72521317 0.0304690003
    -0.232417554 -0.162295178 0.314819217 0.95588094 1.72279215
    1.29691219 1.08626449 1.75170481 0.939622879 0.880760431 0.979817748
    1.78947449 0.151980639 0.922690868 0.288516402 0.457014948
    -0.216245785 1.62216854 0.0779029131 0.488351107 1.18069267
    1.74885607 1.15725052 0.32245791 -0.00279375911 0.149644136
    0.935998559 1.15772843 0.64139843 -0.246909857 0.868638098
    0.669249475 1.18273437 1.30295801 -0.181992337 1.73302484
    0.145214975</data></my_img>
<your_img type_id="opencv-matrix">
  <rows>128</rows>
  <cols>256</cols>
  <dt>f</dt>
  <data>
    1.07272625 0.870993674 0.759853125 1.18095827 0.875799417 1.10732961
    0.466632962 0.550549805 0.447960794 0.572432697 0.839987397
    0.887780905 1.05655503 0.981487215 0.840612352 0.756476104
    0.368438542 0.685237527 1.11432219 0.552360713 0.528486192
    0.607136846 1.26963401 0.961446583 0.683544576 0.290444165
    1.04297864 0.988960028 1.19151187 0.888350427 1.23575711 0.994959056
    1.01018894 0.775941432 0.677347958 0.353042215 0.396697849
    0.979957104 1.06150627 0.580500484 0.446057439 0.680872381
    0.817770779 0.555834413 0.393461913 0.701871216 1.02099383
    0.75659436 0.876310229 0.602263093 0.673280478 0.644807518
    0.654586077 0.728202522 1.02350259 1.15854394 0.957376182
    0.675980926 0.902150452 0.983998716 0.557649374 1.10518515
    0.767333925 1.28579938 1.07957506 0.311606228 0.61603868 0.882603228
    0.713425934 0.486093938 0.69403249 1.12158525 0.993136704
    0.875213385 1.04112375 0.428506523 0.948723912 0.432759494
    0.46771574 0.628589392 0.494384885 1.14358079 0.364961207
    0.700290143 1.17935646 1.07488942 1.26017404 0.731925249 0.656832457
    1.11973417 0.356238723 0.831653416 0.593356967 0.514049888
    0.893599868 0.432611704 0.853135824 0.495761037 1.01247847
    0.850094557 0.757346332 1.06454074 0.706011295 0.913748503
    1.24007034 0.653953195 0.789550245 1.06604421 1.01157343 1.07054889
    1.16639912 0.7174384 1.18688595 1.15379179 1.17058468 1.34161532
    1.16703427 1.14491379 0.514252663 0.611692965 1.31594598 0.495774031
    1.28769267 1.13997233 1.21805429 1.31062603 1.30448186 0.357549012
    0.821788847 1.1592592 0.761087835 0.67897141 0.828442335 0.895069361
    0.972603619 0.365029156 1.18569803 0.938811421 0.910348713
    0.921403408 0.821125269 1.00478327 1.27673745 0.840058446 1.03899992
    0.845862448 0.911054611 1.00107145 1.06483507 0.71905756 0.8051669
    0.590646267 0.568073392 0.460437417 0.613850594 0.393407941
    0.943555415 1.00936973 0.750764668 0.725040019 1.06254625
    0.465085715 0.512653649 0.705915511 0.470362633 0.801964104
    1.07674241 1.1960634 0.361308098 0.989685714 0.594322503 0.732604444
    0.823749065 0.724865973 0.60155493 1.15592301 0.458930612
    0.889812708 0.983577013 1.20244706 0.59608978 1.20138955 0.563760579
    0.573691845 1.01686752 1.00954342 1.03448606 0.837891996 1.1979382
    0.395880818 0.928965807 0.996572495 0.75292933 1.30314207
    0.858246267 0.978969097 0.531506062 0.787821054 0.879276395
    0.760883093 0.930159986 1.18949068 0.907870293 0.693030655
    0.357408375 0.613226891 0.864474177 0.993896127 0.997268617
    1.13596165 0.796302915 0.882081747 1.09505832 1.0110873 0.372588634
    0.397320688 0.513756812 1.11288464 0.445187092 1.19691777
    0.692655921 1.09298646 1.30390596 1.2230382 0.517189503 0.644821525
    1.01965892 1.16585433 1.17044711 1.2615242 0.970488489 0.664642274
    0.366360724 0.511006236 1.27218187 0.742989838 1.2420398 0.522676528
    0.943133295 1.24420667 0.487026453 0.629954576 1.09794772 1.25305784
    0.562485933 0.901693523 1.07739913 1.18575239 0.363610506
    0.721232474 1.14247108 0.548054397 0.489834189 0.857221484
    0.824832678 0.599556029 0.547205508 0.588891208 0.462373018
    0.316878587 0.511684537 0.367953479 0.703627169 0.93967551
    1.19477916 1.03053653 0.724729538 0.473100275 0.367851228
    0.960024357 0.570229173 0.583611071 0.571965218 0.388882309
    0.89340651 0.557737768 0.350042373 0.484789491 1.13688099
    0.404180765 0.562325001 0.808270037 0.588576078 0.730266333
    0.351371765 0.966359019 0.700147271 0.529757142 0.694746256
    0.342069209 1.10465765 1.32471538 1.26124358 0.337419927 0.54772979
    0.40290159 0.786143661 0.438173473 0.525548041 0.962801218
    0.451687992 0.404916167 0.470926404 1.24374211 1.2975508 0.867555678
    0.966551125 0.578930199 0.749519587 1.05028307 0.703811646
    0.64470154 1.23702157 0.457535684 0.899012208 1.14826417 1.19280505
    0.88076973 0.43748349 1.27237606 0.395345628 0.442974716 1.23487532
    1.26396358 0.859546006 0.664412975 1.2528615 0.913925707 0.985146821
    1.02145362 0.567955613 0.573089123 1.27585208 0.359639704 1.06361747
    0.477219313 0.509230196 0.942386925 0.5738855 0.859207809
    0.708754301 1.32324445 0.570479751 1.13400924 0.390074044 1.10583925
    0.57222116 0.431604564 1.33449888 1.25512004 1.1704787 0.847928643
    0.757620692 0.736092508 0.65742898 0.830405295 0.5281865 1.18854666
    0.631123245 1.13124573 0.828359306 0.635438681 1.13027287 1.00144815
    0.718504071 0.856589496 1.06602073 1.0353545 0.807500899 1.08315945
    0.794255495 1.03945327 1.09041905 0.465266049 0.764102697 1.15601957
    0.634862959 1.24539423 0.86906004 0.500976086 0.669524133 1.27759898
    1.01931131 1.19636607 0.541506529 0.560418248 0.809323967
    0.846453309 0.494123369 1.28143322 0.899021864 0.972560167
    1.04081011 0.522184432 0.537433445 0.583248377 0.900821149 1.0459677
    0.659246922 0.439343482 0.388258547 0.590902388 0.479491562
    0.590782344 1.05892181 1.31109583 0.918855309 0.671789706 1.12458086
    0.459339678 0.649796188 0.57922256 0.704868317 0.655492127
    1.17415178 1.33548629 0.750144899 0.53622514 0.742666543 1.12041092
    1.31383276 0.964116991 0.865178406 0.848850965 1.00668943 1.16443682
    0.400176436 1.18293071 0.97169435 0.695916831 0.460697442 1.10447061
    0.483085722 0.466007739 1.0399003 1.35682976 1.090482 0.672601283
    0.867751122 1.24779952 0.66709131 1.15346587 0.556147099 0.820185244
    0.599385977 1.10476875 1.35204697 1.24036503 0.787550986 1.0630182
    0.955583215 0.541295528 0.74575305 0.615059793 0.776593328
    0.686516821 0.621315718 0.756172776 1.22518206 0.680231094
    1.08810437 1.18318999 0.430112779 1.27673495 0.732350707 0.567037523
    1.14616096 0.437199295 0.755372584 1.17542386 1.30248082 0.612446129
    0.912062764 1.22793746 1.15194094 1.10254991 1.04746675 1.28919113
    1.27093542 1.30961955 1.24938071 0.882759392 0.734990835 0.754817009
    1.22496843 0.400884628 0.677062333 1.03175545 1.03473949 0.935705304
    0.956709921 0.98039341 0.723043263 0.529404283 0.426035911
    0.608973324 0.905375957 0.375590801 1.17437243 0.686319649
    0.906623065 0.42707327 0.560390055 0.443710804 1.02316844 1.23467278
    0.444630891 0.579812706 0.474888325 1.04428971 1.02244163 1.0616895
    0.918735266 0.56287539 1.23536456 0.920015275 0.652763903 1.36950994
    0.876945436 0.456820577 0.529398263 1.39329755 0.948538303
    0.930934906 0.826095402 1.327425 1.18590891 0.788882494 0.437192976
    0.641910195 1.2827152 1.13853395 1.0465194 0.793851793 1.26256657
    0.59665513 0.903114378 0.690372109 0.580276787 1.2129209 0.72861284
    0.954391778 0.529363632 1.16620529 1.13628197 0.386846364
    0.506146848 0.479466289 0.851443231 0.611341 0.746667325 0.831339002
    1.18560851 0.912780702 0.699508309 0.964395642 0.609521329
    1.38299692 0.497018605 1.09144735 0.675468326 1.01905 0.514809549
    1.20793414 0.776057541 1.32353961 1.06748319 0.432303011 0.44416675
    0.911490142 0.693377018 0.674378037 1.08250356 1.08329558
    0.909470499 1.24681354 0.441259712 1.2141391 0.899132252 0.702146888
    0.647099853 0.458836466 1.12302995 1.03177452 0.776244044
    0.854814768 1.01322341 0.63596797 0.994397938 0.429598421
    0.685253441 0.874844372 0.979991615 0.495191336 0.880612433
    0.451260686 1.09837186 0.899981201 1.36308825 0.876792431
    0.719885588 0.820277333 0.668706834 0.670491099 0.848008096
    1.21898568 1.32249343 0.564802885 0.551792324 1.25508928 1.00892937
    1.27651215 0.672967136 0.777672827 1.13284338 0.580308318
    0.961352468 1.33658457 1.07023859 0.572059095 1.46485651 1.20812368
    1.27681744 1.07989955 1.49043691 1.24954271 1.26207256 1.16802752
    0.623746157 0.933471739 0.928187191 0.698235691 1.44759011
    0.814670742 0.511587441 0.908732593 0.547460318 0.698621273
    1.02021372 1.11409259 1.14988911 1.35229468 0.673272371 0.91482389
    0.999549627 1.33050179 1.26484859 0.870230496 0.916508794
    0.615381658 0.631238222 1.34446824 1.41623032 1.3727355 0.55414772
    0.848923385 0.489556253 1.30579448 1.16411376 0.841352642 1.07254624
    1.17556155 1.4182086 1.35284781 0.558804393 0.564320505 0.470471531
    1.01906037 0.831687689 1.20170593 0.548451602 0.735586882
    0.875063896 0.845229208 1.3393656 0.656963527 0.497422427
    0.501187682 0.496188402 0.883137643 0.766732037 0.577748477
    1.41126943 0.463540554 0.625957251 1.20980835 1.3556174 1.15499258
    0.74196595 0.474095792 0.676440537 1.08057928 1.11197948 0.911284685
    0.80761975 1.26559806 0.683476627 1.37940872 0.566493511 1.329162
    1.25313425 1.32889462 1.14048886 1.46246803 0.921598971 1.2183429
    1.22333133 0.627530754 0.813483596 1.0337311 0.837530375 1.18901849
    0.944107234 0.789027929 1.02652442 1.09631801 0.535188675
    0.962858498 1.32318723 1.17698467 0.973211408 0.907159746
    0.782117963 0.524865687 0.504415751 1.13059306 1.27213311 1.21110773
    1.02070785 0.80265379 1.12867618 0.971575677 0.825260401 1.18264115
    1.17679894 1.01914787 1.14682651 0.563626289 1.00073481 0.804435134
    0.740824461 0.530341268 0.644569993 0.494954854 1.00037515
    1.20224297 1.10856402 0.826827824 0.594336927 1.3855288 0.840169311
    0.444900066 0.787901402 1.08391845 0.49764958 0.691164911 1.37220073
    0.703942299 0.673915148 0.483953834 0.414000869 0.72618711
    1.26217711 0.426812202 1.03436553 0.341430426 1.08003068 0.83900696
    1.15336418 1.12651289 0.895509303 0.723131239 0.472257972 1.13050675
    0.652851403 0.748754084 1.19659483 0.699460447 0.837209284
    0.669340074 1.27831435 0.9794873 0.880771637 0.559226155 1.33011961
    0.574181855 0.602759123 1.04676211 0.62687397 1.35623407 0.967268944
    0.775159538 1.26382589 1.16492856 1.42120135 0.712467968 0.483194768
    0.726421118 0.933426678 0.650937021 1.10778892 0.685232162
    1.24746513 0.634141624 0.859417737 1.33716714 0.388533562
    0.705441654 0.430592895 0.817242205 1.01651418 0.60878104
    0.670900941 1.05387199 1.29782438 0.77282232 1.07794297 0.807243109
    1.20523226 1.44429958 1.32799876 0.713425636 0.677094102 0.503006816
    1.24105287 1.40048122 0.701762855 0.986855328 0.742829263 1.33715343
    1.00907648 0.722719133 1.01289582 1.18240273 0.555443048 0.907203674
    0.600252151 0.963382721 1.27103019 0.768654823 1.3570174 1.2261411
    0.760854304 1.38096702 0.89253968 1.00374746 0.731633484 1.07694185
    1.22560132 0.585381508 1.48682797 0.960159898 1.10333133 1.1029526
    1.07057726 0.910222828 1.01896775 1.14202034 1.12686169 1.11662114
    1.20366335 1.28353143 1.43781757 1.4752835 0.614812851 1.01823974
    1.36624908 1.47339988 0.648146152 1.36772239 0.835036039 0.899453759
    1.02006042 0.73141253 1.43263006 1.40246463 1.42566228 0.98068881
    1.2728951 1.19081974 1.23573458 1.21770465 0.868522286 1.51006734
    1.22721684 1.22536659 1.36217284 1.34157395 1.03746414 1.41017044
    1.18911207 0.811870217 1.50913513 1.51771033 1.18215883 0.67666012
    1.30162036 1.21235025 0.581810951 0.652218342 0.941356599 1.45520306
    1.0768609 1.49423754 0.821359932 0.535802126 1.43594575 1.51663601
    1.14939559 0.577046275 1.45252144 1.28144634 0.722064078 1.24833775
    1.07385254 1.4941783 0.69674778 0.597692192 0.900658965 0.85983634
    1.20914817 1.20987606 1.18998325 0.726504922 1.32477498 0.508370817
    0.644537151 0.808091164 0.555629432 1.11515546 1.25377643
    0.587436736 1.19383073 1.2383883 1.27440798 1.45941365 1.5017072
    1.19196868 0.843881249 0.829700768 0.933088779 1.33344293
    0.748971641 1.37845862 1.46526003 0.612592459 0.552421451 1.13200128
    0.625647068 0.676388323 0.770986497 1.13998842 1.17968285
    0.644292176 1.11550856 0.693890333 1.32826149 1.36749518 0.923171639
    0.799681365 0.629746497 1.20753086 1.31682742 1.46750808 0.577664256
    1.29099214 0.674867749 1.45808208 0.800928235 0.776884019 1.05179548
    1.35239756 0.702157021 1.34935331 1.18872511 0.926992893 0.920772791
    1.01637602 0.749051869 0.732835054 0.608901978 0.620716691
    1.31315172 1.17289639 1.42928326 0.578903019 0.639832377 1.13309991
    0.61627984 0.544998348 1.2604059 0.894287765 0.813949704 1.17356527
    0.66798836 1.44123471 0.838842809 1.35515642 0.891997516 0.504562676
    0.511867821 0.912168086 1.31215048 0.599831343 0.652372539
    0.818715513 1.28189898 1.42980325 0.89638555 1.44018984 0.516864896
    1.17797911 0.944095612 1.42055202 1.41867316 0.78442055 1.41242313
    0.740272045 0.716528058 1.37190974 0.759092271 0.845157921
    0.864704669 0.426718801 0.565100372 1.01509786 0.977029979
    0.746336818 0.914355159 1.16602504 0.945749462 0.856270671
    0.477181107 0.829422891 0.580360174 0.634417295 0.973710775
    0.979927599 1.09120381 1.00016963 0.912220836 0.549902439
    0.923189878 0.834037781 0.599336922 0.55596 0.586382747 1.05833447
    1.09550107 0.678111255 0.81423533 0.801756263 1.39795065 0.581609488
    0.668599308 0.898306906 1.29317522 1.27485049 1.07978189 1.35912693
    1.25721025 0.756824434 0.703027189 1.36220276 0.461805731
    0.484066039 1.10783315 1.2587496 1.00049222 0.920495093 0.558106482
    0.669104159 0.891005933 1.54982924 1.04047203 1.42134869 1.16927195
    0.959629059 0.568546951 0.640641451 0.880132377 1.14268208
    1.08478534 0.576235294 0.84563148 1.48254013 0.994753718 1.24018312
    1.15250683 1.47724509 1.07982361 1.2779392 0.992777705 1.18016291
    0.601421654 0.797663093 0.848011732 1.11399317 1.32870579
    0.764021933 1.15022564 0.76827395 1.48916852 0.679143429 1.26741183
    0.973503411 0.82743448 1.3690294 1.45717072 1.18353009 0.765549004
    1.53362632 0.773036778 0.602254927 1.08428025 1.36832511 1.39318788
    0.906075716 0.801537037 1.22157693 1.05874813 1.58847904 0.91931051
    0.728069365 0.912166834 1.22976434 1.00703859 0.672618866 1.46087754
    0.90805608 1.1182133 1.33920777 0.640941858 1.55756485 0.690354228
    0.668338478 0.844084978 0.692556441 1.2819165 1.5396632 1.48548985
    1.50777757 0.976705074 1.46292555 1.31486666 1.55135226 1.57517314
    1.20757794 0.883650482 0.873353899 1.21164453 0.653443038 1.21592629
    1.39911509 0.82797122 1.36670411 0.620042503 1.05924857 1.1831336
    1.12227952 1.37397826 1.00736451 0.656400502 0.618857145 0.901578963
    1.01401877 1.31263256 1.20040357 0.712271154 0.835014284 1.24194801
    1.38542962 1.32457995 0.77652359 1.47956228 1.42265797 1.11210155
    0.909874916 1.16203403 0.966156483 0.638265073 1.14592612 1.3268019
    0.50676018 1.38692558 1.09360194 1.24395764 0.719179869 1.0025264
    1.21587658 1.54492581 1.07267058 1.30837846 0.64720577 1.472839
    1.29948437 1.05343652 1.23625362 0.967492819 1.41254795 1.35667789
    0.819053531 0.779826164 0.518483102 0.871893525 1.47177446
    0.681284547 1.34002972 0.72270745 1.00443769 1.53942454 0.902768195
    0.77065599 1.30391717 1.30964279 1.25885224 0.725823939 1.23439658
    1.57749724 0.859848559 0.8970294 0.598742008 1.35785139 0.669321597
    0.93576175 1.53065491 0.608530402 1.03524232 0.921783984 1.20578015
    1.23369229 1.14980102 1.16756678 0.627067745 1.11009562 1.23607945
    0.773667872 0.726328969 0.961351693 1.23146093 0.637816548
    1.06168914 1.47536933 1.51779568 0.78012085 1.30382752 0.837604225
    1.24434185 1.35652792 1.34546232 1.5303607 1.51940978 1.02091062
    0.747261107 1.30756807 0.674354017 0.852176905 1.14391541 1.45696712
    0.90221411 1.19143891 1.51057911 0.577899754 0.596714377 1.05069304
    0.712124169 0.76477921 1.5441097 0.955200434 0.567754924 1.50406694
    0.886179864 1.22053933 0.714885533 0.964013994 1.36733758 0.99720788
    0.405907869 0.554928541 0.908731103 0.470404208 0.504588664
    0.820883989 1.18113959 0.658780396 1.43670607 0.630393922 1.25701106
    0.907592595 0.779076815 0.985041618 0.714746833 1.11041439
    1.17216504 0.730037689 1.15334725 1.05489767 0.780682981 0.803249121
    1.29044652 0.563809991 0.831776142 1.21067953 1.4600054 1.17007303
    0.844669878 1.28882325 0.612209022 0.776321828 0.543296754
    0.593825161 1.10919762 1.31134856 1.32141769 0.635536075 0.57444185
    0.944002926 0.611153007 0.60285157 0.814834356 1.06452763 1.1083467
    0.470975727 0.640805483 1.08536601 1.0612601 0.951906204 1.35028958
    1.16449714 0.949578941 0.926434338 0.634734929 1.54020524 1.14435565
    0.523011088 1.29607689 0.684792995 1.05704641 0.60809958 0.994663179
    0.617903709 1.46949291 0.700228572 0.589161515 0.680108845 1.1510067
    1.13941872 1.30085051 0.940696895 1.1796391 0.877036631 0.941943169
    1.47364736 1.5356741 0.573421776 1.38504767 1.34894669 0.89194119
    1.01311922 1.22566748 0.648700118 0.778572202 0.974653661 1.13673401
    0.80054909 1.47258496 0.839848518 0.742932975 1.28370905 1.50926685
    1.0385257 0.8053146 0.845473766 0.625025272 1.45940185 0.809260905
    0.694891512 1.26255572 1.26532114 1.17068088 1.28993809 1.03160548
    0.708109379 0.901379883 1.02590084 1.13009477 0.869437039
    0.589945316 0.623863041 1.30541325 1.53618503 1.02179897 0.680214763
    0.680902362 1.24655259 1.21477997 0.707216442 1.1495012 1.10106087
    1.44239902 0.655168414 0.674600422 0.610717297 1.53844309
    0.621507823 0.768579304 1.46375859 0.829985023 1.2367872 0.635365129
    1.55241334 0.739894927 0.60819155 1.36889863 0.62644273 1.38085818
    1.28496957 1.34137177 1.51892757 1.07275832 1.36581159 0.585793316
    1.28446007 1.29279041 1.29237282 1.12844706 0.668309271 1.54530227
    0.902036846 1.14155602 1.2847029 1.34470367 1.27291214 0.926616669
    1.02249515 0.915377438 0.54716289 0.559450567 0.898875535 1.1012677
    1.38237226 1.50654888 1.34440243 1.38173282 1.53478849 1.51776302
    1.25165653 1.20635712 0.56053406 0.638177335 1.50087309 0.691215813
    1.09989512 0.914178252 1.22179174 1.09908664 0.827289343 0.918653309
    0.51870662 0.732561707 0.812646687 0.73235935 1.16314137 1.21159565
    0.781084538 0.627291083 1.29866815 0.814318776 1.11105752 1.09948575
    0.834601045 1.05196977 1.60197258 1.08810627 1.03813517 0.721206188
    1.49360323 1.15620863 0.973746896 0.677427173 0.96928525 1.28497481
    0.644161999 1.34692883 0.599326313 0.796489835 1.27792978 1.33462989
    1.3095758 0.65018183 1.4153918 0.674044371 0.879366398 1.21825123
    0.861925066 1.29025674 1.17248034 0.945555151 1.44638026 0.745917082
    1.60276043 1.49157679 0.93822211 1.14744627 1.1186558 1.38808286
    1.49689043 0.562802076 0.725175679 0.860305071 0.793832481
    1.46241653 0.572476327 1.0116111 0.976578593 0.644197881 1.37090909
    0.676681161 1.24121773 0.93669647 0.768047154 0.940168917 1.3398062
    1.41428936 0.680185735 0.670616031 0.674178898 1.51134789
    0.660285592 1.39169741 0.778427601 1.36920738 0.770104766 1.10816932
    0.546678185 0.652311981 0.516453743 1.26582408 1.10460305
    0.645906866 1.1765852 0.809937954 1.34870207 1.26295352 1.17885995
    0.883448303 1.41474998 0.685754716 1.19981968 0.908022702
    0.789718151 1.1717999 0.974274457 0.768541694 0.562903047
    0.711137176 1.02106869 1.14005387 1.18434072 1.52153242 1.1581918
    1.28781021 1.39849806 0.760726213 1.45380461 0.681321263 0.817266643
    0.653738976 1.20984042 0.909185648 0.507364511 0.53387481 1.39277709
    1.00443792 0.62594074 0.996639252 1.03033853 0.594708741 0.624510109
    1.22939789 1.0804069 1.3031199 1.41857719 0.733550251 1.32278168
    1.42689037 0.991028011 0.936358094 1.223791 0.713159442 1.39162397
    1.00023007 1.2710706 0.627379 0.780608356 1.32312417 1.39456344
    1.48973656 1.48586404 1.20061398 0.665692329 1.04228997 1.2790761
    0.922805846 1.03560293 1.53800476 1.34019172 1.33801603 1.22556818
    1.46126997 1.18054032 0.93868953 1.31645179 1.08255506 0.867506087
    0.89361012 1.23157167 1.37726367 0.567639947 1.26970851 1.28722155
    1.03198397 0.989239097 1.43626916 1.04679024 1.22986102 0.836847842
    0.777665794 1.41054249 1.13857782 1.50692701 1.31196499 1.54888928
    1.56883824 1.1937803 0.555725574 1.04130948 1.51066339 1.03345704
    0.912304997 1.54740095 0.984310627 1.35627329 1.33579957 1.42296112
    0.749628007 1.16293597 0.676606357 1.36135721 1.30999279 0.960423529
    1.20401824 1.28934908 1.49033749 1.35716987 1.53483033 0.749263287
    1.41230929 1.41414094 1.21157503 0.708685219 0.928213954 1.37079537
    1.15666711 1.2612797 0.732777953 1.54256666 1.54547024 1.55339599
    0.82486248 0.733322799 1.30386877 1.32221675 1.19610918 0.88443774
    0.958948016 1.34625936 0.68114233 1.26177883 1.10267055 1.25174904
    1.4358381 1.05430615 0.685701132 1.50749171 1.40385103 0.984288573
    1.0793407 0.612966061 0.672856033 0.536641181 0.874651313
    0.568174243 1.07003987 1.1828959 0.957212269 1.06145132 0.642649233
    1.11543882 1.25510538 0.975910664 0.539678335 1.49070036 0.922091186
    0.936495423 0.929498374 1.27848625 0.587241471 1.45402813 1.30420148
    0.727520645 0.619215548 1.25265884 1.20753121 1.26893198 0.672059238
    0.724826396 0.691821873 0.693062901 0.646900415 0.833317578
    1.02687991 0.590534925 1.4113009 0.70541352 1.33879328 1.62347841
    1.04238188 0.961408496 1.37087929 0.959328353 0.716484845 1.23048043
    1.13633168 1.42757499 1.03119636 0.582977474 0.949226141 0.660870254
    0.884112537 1.24616194 1.01156318 0.612781286 1.3444773 0.964285195
    0.544313908 1.13466144 1.46376836 0.571925342 0.661585748
    0.913739204 0.61131978 1.16386819 1.45500696 1.22968781 0.742513537
    1.16590226 1.06835008 0.775196016 1.39050937 0.988718748 1.0869143
    0.881341159 0.957392335 0.636617601 1.31130111 1.08741426
    0.866915822 1.4727639 1.02646923 1.30860651 1.03561699 0.868888974
    1.53751457 1.32180226 1.08974469 1.25348079 1.35949898 1.1677531
    0.618749559 1.43266797 1.21953058 1.43371594 0.634602189 0.582927048
    0.854539931 0.658755183 1.02667153 1.3967371 1.25916076 0.414096326
    0.791386783 0.759363472 1.0763402 0.689021349 0.818515062
    0.885622263 0.560067356 0.753819644 0.705341876 1.06515062
    0.66065973 0.88215661 0.628444254 0.705091476 1.1588589 1.24908662
    0.970540941 1.00343275 1.11990738 1.4281354 1.43782282 1.05034244
    0.651675999 1.53625131 0.716330469 1.25469494 1.2265799 1.29567933
    0.769518137 0.886772037 1.35269034 1.14202619 0.739694059 0.8142609
    1.16894531 0.917094946 1.35051095 1.4513588 0.700638413 0.701960444
    0.885321677 0.519793868 0.575923264 0.929482222 1.15008986
    0.59420675 1.38359213 1.52392673 0.880300283 1.04606915 1.39340281
    0.695207834 1.15573025 1.25929749 0.996311069 1.07373393 0.698089898
    0.617452979 0.850969851 0.79106617 0.712602615 0.897717953
    1.41426003 1.36242056 0.744790733 0.93438524 0.657555044 1.39506662
    1.4511255 1.19821477 1.41678643 0.71524936 0.739842892 0.959116042
    0.733521402 0.994591475 0.637873828 1.26623571 0.80562675
    0.636746347 1.25081015 1.33341539 1.49267948 0.734811664 1.51773024
    1.07745278 1.25231719 0.591480374 0.77666086 0.868970752 1.51108396
    1.17412686 1.09724283 1.38927221 1.56224048 1.59512162 0.998575628
    0.907272875 0.688461661 1.12358522 1.05650461 1.36547899 1.41461551
    1.4605149 1.22076237 1.23055863 1.5256747 1.34109008 0.828578115
    1.5695312 0.634164035 1.07819521 1.23108172 0.756224692 0.652483344
    1.29947686 1.31971121 0.839746177 0.92673558 1.49186885 1.4782573
    0.839584053 0.791874766 1.35367012 0.690910399 1.3279438 0.7862854
    1.17334771 0.989720225 1.32021964 1.21074438 0.603160083 0.838367522
    1.09438026 0.851073265 1.41293228 0.614438891 1.49907219 1.47047031
    1.53929734 1.44248366 1.17532969 0.631888449 0.913891315 1.14025927
    0.768926859 1.20221448 1.52126026 1.45976448 0.654215634 0.849705398
    0.964933038 1.33033991 1.12171686 0.653506637 0.613883853
    0.898024917 0.941299856 0.550796628 0.747786462 0.765743494
    0.708456516 0.973720849 0.808380544 1.05050683 1.01680458 1.10693574
    0.974741638 0.903917909 1.3116256 0.843644679 1.3123467 1.33355427
    1.04266858 1.48380768 1.17805636 0.712750316 0.544056773 1.1432085
    0.78728056 1.08293605 1.12012649 0.86669457 0.778007448 1.38581157
    1.19582164 0.530433357 1.0837388 1.38641965 0.975359797 1.10610723
    1.53689575 0.602116644 1.47569275 1.38117504 0.992069602 1.17164016
    0.637914598 0.725832999 0.876287103 1.3300575 1.50238085 1.39773524
    0.745796084 0.978823721 1.01232684 0.992427111 0.99381417 1.16557574
    0.895205438 0.91122371 0.637273371 1.00813544 1.48349798 0.859423816
    1.35887611 0.962907076 1.00153697 0.622804224 1.57231057 1.53652418
    1.33679497 0.726849675 1.13542068 0.676831603 1.3339082 1.43160653
    1.35596204 1.27004993 1.00455773 1.49529529 1.55364501 0.824670494
    1.24891376 1.50749564 1.41483152 1.0813446 1.11283088 1.41979015
    0.74287957 1.22000134 1.16587484 0.997857809 0.992916942 1.5627737
    1.32161915 0.581856608 1.22349346 0.710517585 1.04344583 1.42075396
    1.39732742 0.602988243 0.856831551 1.21310663 1.16085923 0.973644257
    0.393318743 1.22045028 0.983467817 1.13757813 1.19491076 0.884362638
    0.869115114 0.624493718 0.860515893 1.36486149 0.743139505
    0.794980705 1.19829309 1.19848704 1.14756668 1.25745797 0.705916584
    1.11875594 1.0526619 1.43545401 1.32047474 0.7859236 1.56591511
    0.800931096 1.50507677 1.15865254 1.32342505 1.23929572 1.42155528
    0.784585476 1.08072984 1.23800635 1.04726195 0.967723012 1.00548661
    0.713128924 0.731405914 1.37133694 1.17060375 1.11347616 1.3598361
    1.45923138 0.564579129 0.864923954 1.00075555 1.1473484 0.567711413
    0.565859258 1.21161163 1.36008847 1.33361328 1.13691592 1.47333944
    1.26235378 1.25991476 0.566298544 1.5201726 0.832761884 1.04053748
    1.13465309 1.27608407 1.4601593 0.965268791 1.00475919 1.05839097
    0.960680068 1.11038184 0.568946421 1.14600325 1.22637498 1.12116516
    1.04031706 1.21962035 0.887121618 0.953041196 1.02232349 1.1220386
    1.23561096 0.659624875 1.46303713 1.26344788 0.930606782 0.563593447
    1.36746645 0.804053187 1.01309454 0.946063042 1.51473665 1.49681807
    1.21871305 0.986162245 0.797121525 0.973987818 0.586228013
    1.02541196 0.598971546 1.43368363 1.55275381 1.47645879 0.633543313
    1.10224712 0.837773144 1.37671423 1.03041017 1.37955797 1.5459094
    0.719828904 0.778889358 0.605312526 0.755566239 0.88493073
    0.630450547 1.45888126 1.00999618 1.49646091 1.11687922 1.11450136
    1.50654089 1.4397471 1.21658647 0.992669106 1.12898052 1.26848459
    1.15138161 1.15991938 1.19988739 1.21969652 1.13763165 1.33390212
    1.39969742 0.719757676 0.82949543 1.11813414 0.936598122 0.848193705
    1.36412549 1.01452041 1.05040729 0.73554635 0.905690014 0.817123294
    0.665232062 1.43500125 1.39046657 0.975569308 1.53321445 1.49675775
    1.52694786 0.645037651 0.691148221 0.968834519 0.721292794
    1.36908007 1.14513671 1.1184051 0.612477899 1.45126033 0.861088336
    0.560034394 0.912814438 0.659572542 0.970588446 1.46524835
    0.724842012 0.810519874 0.776532948 1.2548095 0.946356237
    0.671925187 0.969881892 0.746235669 0.935239494 1.18004382
    1.44294429 1.13750005 1.43182456 0.877064109 0.847662508 1.266096
    0.86401242 0.500944495 0.507591426 0.515948534 0.9665488 1.26439559
    1.10540366 1.24858427 1.1324501 1.49689305 0.921686411 1.40943313
    1.49018395 0.878167212 1.35352981 1.42122674 1.33558929 0.630631804
    1.07606936 1.01382279 1.27731633 1.4147718 0.789880276 0.911026359
    1.32650352 0.98196888 0.984430969 0.990453064 1.05502117 1.1057266
    0.805572152 0.570696831 0.825158954 1.41305494 0.691835403
    1.11608565 1.32911527 1.24163949 1.56740952 1.29229307 1.25586903
    0.869891107 1.5345968 1.21069312 1.22326052 1.26107562 1.29677105
    0.572457135 1.10338986 0.722224116 0.732994199 0.705530584
    1.45495844 0.975210071 0.664041996 0.822596431 1.19485235 1.37964976
    1.04621029 1.52820313 0.8005867 1.26541054 1.19952321 0.960031748
    1.21839547 1.52868044 1.11353803 0.866367936 1.09715211 0.950107396
    1.39253497 0.831754148 0.560139835 1.27830768 0.488735169
    0.543710947 0.392058611 1.04077065 0.667031705 0.788886786
    0.663544238 1.26842487 1.32793415 1.17912328 0.669985235 1.34271324
    0.816860855 0.968550265 0.850049436 1.06567609 1.09117579 1.38396478
    0.624156356 1.03263223 1.01160419 0.963645339 1.00637794 1.33639622
    1.33417797 0.839402854 1.05565977 1.53676379 1.49981773 1.26080716
    1.18814433 1.41712821 1.3577832 0.590102255 1.16157699 0.513041496
    0.789725244 0.87555927 1.08168066 1.23792672 1.27343273 0.759620845
    1.23565221 0.659164369 1.31808579 1.33123899 0.591782212 0.582899153
    0.994902313 0.682574391 0.602142274 0.903528929 1.02993333
    0.881568193 1.51585841 0.972383797 1.3541429 1.26314175 0.917004943
    0.617802203 0.929363549 0.956141591 1.05408192 0.784143806
    0.737639308 0.9503631 1.02770948 1.54041684 0.948755503 1.03687561
    0.872713983 0.808278859 1.548926 1.385005 1.30970657 0.648414016
    0.63336128 0.759153664 1.31177056 0.696371377 1.25948679 0.644943476
    1.26470852 0.993642211 1.19679046 0.777022481 0.720182359 1.34015369
    1.31148815 0.721569538 0.932241559 1.46517873 1.11945343 1.31778169
    1.21728754 1.48232079 0.691815615 1.07364798 1.09252477 1.04379833
    1.01033688 1.02880049 1.16296148 1.00234926 1.11176801 0.630489588
    0.723750591 0.90393734 1.31585014 1.365031 0.665143847 1.10280824
    0.672550023 0.734915018 1.1196326 1.35584152 1.12127388 1.05772877
    0.59227401 1.36622155 1.28566504 0.69427985 1.0460192 1.42713284
    0.643608809 1.14491582 0.86667639 1.2522043 1.48384523 0.843676329
    1.53846717 1.59753454 0.994820952 1.13461995 1.44387937 1.27921164
    1.39227772 0.88219285 0.842790604 0.656916976 1.06990874 1.50428355
    1.08556664 1.05775356 1.5837692 1.2798934 1.53647768 1.53694606
    0.913639963 0.654302061 1.38699687 1.5744462 1.1993928 0.924867809
    0.746024013 1.48958719 0.711807609 0.930403292 0.748122156
    1.43327594 0.61445725 1.47297168 1.02133501 0.675811708 1.27110028
    0.766689718 0.800545156 1.26041591 0.91765511 0.689442039
    0.896015704 1.22736132 0.683874786 0.512283027 0.669933677
    0.613117278 0.730536938 0.595676899 0.608370304 1.27757716
    1.06163073 0.980719328 1.19206285 1.23446381 0.983931005 0.533673704
    0.861547709 0.763810813 1.03689849 1.47335351 1.39485097 1.05127585
    1.42968559 1.53363538 1.27504861 0.920009732 0.633728743 1.45837104
    0.792745173 0.985659301 0.999745309 1.24563468 1.47706604 1.22883248
    0.552975893 1.10256207 1.25654089 0.820282161 0.76280731 1.01732349
    0.573178232 1.44828618 0.975310802 0.935036182 0.569200754
    0.726732433 0.989691913 1.11918306 1.4630096 1.20703077 1.26632118
    1.01545453 1.55595851 0.761968315 1.08234322 0.85920763 0.627057016
    1.43990862 1.1833266 1.16944742 1.39340508 1.15095949 0.927202225
    1.40221143 0.840989053 1.25241637 1.02508199 0.946262121 1.2984935
    0.696134984 1.33323014 1.16187441 1.42261803 1.44959688 1.19576013
    0.766436517 0.95519352 0.930885434 1.25731182 1.05267274 0.997900844
    0.735033691 1.2970165 0.986116052 1.53231013 1.3046416 1.08985722
    1.24361312 0.47629416 0.541935802 1.19352746 0.681343973 0.609446347
    1.25409627 1.51857734 0.661941767 0.941514432 0.947731972 1.14049029
    1.01702821 0.729592562 0.58385694 1.25136507 1.40740287 1.19321334
    0.904240489 0.647892714 1.17021966 0.866261482 0.936247587
    0.740436196 1.54179144 1.25871801 0.80492413 1.51649296 1.43429601
    1.18955398 0.848375678 0.730850995 1.27871978 0.712551534 1.27426922
    0.621739388 1.36564827 0.75733453 0.577169776 0.728246868 1.4730711
    0.735676646 1.32602167 1.27310824 1.16680825 1.14558077 0.561305761
    0.919531286 1.49881268 1.26518321 0.878613889 0.570396185 0.83242929
    0.89469254 0.574008465 1.15110373 1.1007725 1.38058496 1.27182066
    1.50517869 0.913598716 1.11298418 1.32823145 1.45512927 1.46401906
    1.57978308 0.686843157 0.810790718 1.37359524 0.857086658 1.5109309
    0.738189161 1.21824229 1.42479587 1.53986716 0.928819299 0.956652641
    1.12257624 0.741773069 1.12437928 1.35571778 1.37755489 1.19842064
    1.55485725 0.592330098 1.46299231 0.596597552 1.3898629 1.0943346
    1.45799398 1.5518775 0.749084413 1.49236107 1.53927982 0.846266687
    0.626887858 1.20834935 0.94172436 1.31090593 1.2543124 1.04228914
    1.54719949 1.58818424 1.1595664 0.884642065 0.683246672 0.864388585
    0.739252806 1.46860075 1.1431061 1.50418043 1.44873965 1.01765275
    1.14455462 0.635195076 1.19875824 1.32471406 1.31115723 1.29569769
    1.29836428 1.2689724 1.50948262 1.42362618 0.936003983 0.712485433
    0.726238549 0.837644219 1.11603451 1.29081583 1.42553687 1.54249001
    0.964633882 0.818097413 1.24636078 1.21280205 0.84777838 1.49460053
    1.01677227 1.15849626 1.14587712 0.739441872 1.53473485 1.03827715
    1.16508174 1.43487358 0.89486146 1.49881029 1.09967744 0.982417703
    0.851754785 0.635212243 0.613775074 1.194821 1.01240325 1.08492064
    0.922831237 1.06152022 0.868200839 0.666496098 0.59987849
    0.647668719 1.42497587 1.2659663 1.03986514 1.15878379 0.519592702
    1.1882515 0.81772989 0.675365925 0.763097107 0.683589101 0.859950602
    0.954945683 1.47006714 0.722047448 0.609194994 1.19258177 1.22966874
    0.615412951 0.903731406 1.31665301 0.899741411 0.89189887
    0.696600735 1.02744925 0.683566272 0.626702845 1.46992707 1.39373016
    0.74076587 1.36786461 0.683151484 0.624597311 1.31005764 0.866511345
    1.30063248 0.589863837 1.10377622 0.857226849 0.93255192 0.690531969
    0.832935035 1.42702436 1.45982671 0.826082885 0.872440219
    0.543970764 1.02186584 1.06739318 0.993331492 0.753538013
    0.966211081 0.958191395 0.802001059 0.939042985 1.4806124 1.10773945
    0.952104747 0.606104612 1.54438245 1.48239374 1.18342578 1.3760637
    1.30303609 1.52596688 0.797787488 0.809816957 1.14048791 1.34101105
    0.906372905 1.57345009 1.27260804 0.991571963 0.613745272
    0.969944179 1.57930994 1.47766817 1.11408424 1.08817184 1.08374608
    1.22405577 0.998335123 1.46593094 1.34444749 0.89733851 0.653506815
    0.759529769 0.914797485 1.48632658 1.36655796 0.95603627 0.735513628
    0.906785131 0.976604939 1.50900197 1.26480329 0.97847271 1.01944876
    0.72713989 0.868995965 1.32514298 0.791936278 1.29119289 0.924617171
    0.859629631 1.08187699 1.08442163 1.33785653 1.02926505 1.02399206
    0.67407757 1.55358005 1.31845641 1.06705451 1.46022236 1.3100425
    1.34560275 0.649146795 1.2655642 1.40918553 1.34213722 0.682783067
    0.898825586 0.698297679 0.85272795 0.649884284 1.46974277 1.43029654
    1.15221202 1.4046526 0.732551932 0.994358957 0.842167139 0.760632694
    1.10795093 0.703105509 1.1122613 1.47965634 0.667547941 1.31365681
    0.896149337 0.555457175 0.779010773 1.01785696 1.43391514 1.46337891
    1.43623853 0.997642994 1.51345563 0.927815855 1.45574534 1.20853472
    0.974557996 0.844400525 1.34456146 1.40661454 0.735571384 1.33127761
    0.786120176 0.922075868 1.3948164 0.564127386 0.936924934
    0.843426347 0.606159091 0.552431047 1.365834 0.976598561 0.964611292
    1.19545424 1.11253619 1.15128231 1.1301043 1.13458526 1.16733336
    0.694602311 0.780397475 1.43132281 0.641690254 1.53237641 1.29534543
    0.925386667 0.654779315 1.3450706 1.01460719 1.58873034 0.868038177
    1.17501748 1.51086366 0.910023153 0.840658009 1.51920104 0.860996783
    1.14338815 0.703520834 0.946205437 1.15445673 1.48510575 0.826524675
    1.48180544 1.19445157 1.14690197 1.60315502 1.35230625 1.34191
    1.28298593 1.25372517 1.41810298 1.08689427 0.785697639 1.44603109
    0.683929801 1.28458822 1.18308866 1.08712375 1.04938662 0.880381584
    0.797442079 1.52537608 1.19970739 1.26290762 1.39124 0.966347456
    1.31222618 1.49033022 0.790219903 0.989733398 1.51497769 1.53524363
    1.3089571 1.37509048 0.602037191 0.608741999 1.09592426 1.39714205
    0.889507055 1.2982049 1.40808249 0.920988381 1.32114339 1.26453626
    0.794203997 0.595220625 0.801913142 0.595211864 0.773825705
    1.33749747 1.51740515 1.45387304 0.939014137 1.33324921 0.827744246
    0.754570842 0.565819681 0.805016279 0.683512449 1.44391167
    0.753299773 1.25588334 1.42492664 0.928219497 1.05725753 0.988653243
    0.480688184 0.643942237 0.711387038 1.16067827 0.852495134
    1.44055533 1.43530536 0.862377286 0.829950094 1.3259567 0.80539149
    0.578295231 0.809249461 0.874887228 0.692230344 1.48241723
    0.804316044 0.664750218 0.751699448 0.540231287 1.26084042
    1.23245263 0.707022965 1.02003825 0.684923589 0.83716929 1.38092065
    1.27353954 1.05207348 0.592189729 1.30479789 0.85923475 1.23882127
    1.04667759 1.51621437 1.21739304 1.10032809 0.617195785 0.996540368
    1.1976397 0.871667862 0.770627618 1.12093592 0.715223432 1.44122744
    1.17905307 0.978920817 1.31997085 1.0169549 1.02734518 1.39101911
    1.11839259 1.41092384 0.829775453 1.4093529 1.41089332 1.17854607
    1.00138199 0.627537131 1.38863814 1.04683363 1.38183749 0.846812487
    0.808231473 0.645527244 1.32887685 0.648248076 1.39550805
    0.971036196 1.28984809 1.0085026 0.774691105 1.47739887 0.765243411
    0.725265086 1.25362372 0.999346495 1.42597127 0.997950494
    0.890859187 0.981752932 1.55664694 0.708624303 1.49323809 1.18967724
    0.846157074 1.55292928 0.999226868 1.30286312 1.16946769 1.00182414
    0.621118486 0.938796401 1.31231856 1.275213 0.701044858 1.15370834
    0.685857058 0.723359644 1.26566577 1.34779429 0.687295914
    0.574855745 1.13568997 1.34677911 1.13069582 1.20333028 1.34550476
    0.683109462 1.20523381 1.00133598 1.32503057 0.656072378 0.859143376
    0.952512562 1.14680541 1.48216605 1.29068542 0.90298295 0.651496351
    0.769423723 0.67433399 0.893742025 1.50217247 0.934876144
    0.718892038 0.622856081 1.17231321 1.3275938 1.00829673 1.0688504
    0.68550086 0.966601312 1.26325285 1.00472236 0.923394561 1.35221601
    0.856351554 0.599703193 0.747114241 0.790054202 0.609425306
    1.02824724 0.89532733 1.26202071 0.672628284 1.11897135 1.43809903
    0.588068306 0.99109602 1.52061021 0.956704497 1.05288756 1.24036455
    0.840682387 0.703103662 0.782512605 1.21956599 0.779722154
    0.99218148 1.00974703 0.836293757 0.740859985 1.53620481 1.22170222
    0.603296399 0.563883364 0.969635069 0.72609961 1.35854602
    0.708059013 0.653445899 1.17200732 1.21397114 1.36037087 0.898057401
    1.16833293 1.25563228 0.871359348 1.18676281 1.27004373 0.781391978
    1.06275797 0.902589381 0.934793591 1.39652884 0.676762998
    0.968830168 1.34836817 0.597315371 0.96381712 0.843614519 1.52293789
    1.18338382 1.18983853 0.884217739 1.30651271 1.0098629 1.18064809
    1.05689752 0.852368176 1.49115205 1.07290804 0.909194946 1.48522115
    0.884572387 1.31898046 0.717603862 1.40580273 0.985769451
    0.583449304 0.969071567 1.47524309 1.20127618 0.628623247 1.56574821
    1.49489117 1.48048019 0.872416437 1.36475074 0.964978755 0.822146475
    1.26722479 0.915561676 1.43887746 1.45746255 1.17970884 1.22041452
    0.845337749 0.606253386 1.16584349 0.877054155 0.778521717
    1.54461777 0.783121228 1.26183116 1.46225798 0.951170027 1.04545903
    0.683212221 1.30356586 0.934519649 1.30289531 0.922466457
    0.782326698 1.33187282 0.609366298 0.948414743 0.980850875
    0.826558352 1.40303707 1.33293009 1.34228158 1.01320875 0.591165006
    1.21207285 0.947746813 0.545915067 1.12598598 0.935163021
    0.712861896 1.17608023 0.971209764 0.930483043 1.13890266 1.39163721
    0.831320047 0.819281161 1.23484433 1.48265994 0.866779089 0.74824357
    0.547701955 1.09359312 1.00985408 1.42320025 1.47780991 1.52551794
    0.822836041 1.32476771 1.12002158 0.588815212 1.22364831 1.39565206
    1.28678572 0.993868053 1.3183434 1.54068649 1.34346139 0.874975026
    1.2412591 0.814667463 1.43773091 1.22388041 0.568471193 1.14879894
    0.688658178 1.09462512 1.06498408 1.10795617 1.40854514 0.63394767
    0.883905113 0.743709683 0.849200845 1.0639962 0.805105925
    0.750290275 1.23336315 1.30584574 0.910410881 0.872293353 0.63706851
    0.877011836 1.12026191 0.973677516 1.13601398 0.768182874 1.33550811
    0.762455344 1.40439975 1.34368014 0.881731272 1.2690984 1.26239944
    1.4600209 0.82535094 1.29852808 1.14243698 0.991050243 1.07904947
    1.2090137 0.7427302 0.892848372 0.825901866 0.870408177 0.644233823
    1.38349676 0.600635767 1.40516853 1.14934218 1.05384731 0.641066194
    1.22811866 1.02395535 0.604301393 0.414173782 1.11715949 1.06670094
    1.30097926 1.14236009 0.604268551 1.31583309 1.07907391 1.21626174
    1.15114272 0.953186452 1.17690599 0.840905786 1.27715671 1.05041087
    1.12914479 1.21838439 1.08760321 0.693609953 0.935484767 1.07636237
    1.45133746 1.06246698 0.90923512 1.40133095 0.654714763 0.948940992
    1.17665625 0.98716265 0.592805266 0.99478519 0.783199131 0.691823602
    1.01210475 1.26573193 0.845567584 0.565781057 1.35617244 1.16790831
    1.06522107 1.35139024 1.07006466 0.937280536 1.33835447 1.43783486
    0.665945232 1.20321751 1.1569134 0.668485641 0.683798432 1.0978266
    0.591183126 0.526886165 1.36753118 0.98286283 1.10988903 0.943879247
    1.22622871 1.32754302 0.910317421 1.28407443 1.4129833 1.26702833
    1.06622708 0.900469661 1.09317434 1.47345805 1.41463959 0.933702528
    0.674052835 0.851953268 0.829525709 0.908268511 1.09788084
    0.898115933 0.65829128 1.11577678 1.06774592 1.08635235 1.32480478
    1.30357873 1.12894833 1.25478375 1.53736687 0.784006417 0.847246528
    0.728135824 1.07172799 1.12273967 1.26397133 1.51296329 1.48472488
    1.09153807 1.26205122 1.27341163 1.22068048 0.657283127 1.09596765
    1.14382911 1.17033005 0.71376729 1.44537532 1.53483033 1.38519466
    0.866987348 0.640647113 1.2873441 0.668482959 1.14689362 0.572473049
    1.27780998 0.97810775 1.43950689 1.04002237 1.18666399 1.29557478
    1.10778034 1.15228891 1.46915543 1.10027754 0.775164068 0.993295312
    0.961203933 1.05402017 0.661681473 1.50783193 0.920113146
    0.965482116 0.73294878 1.24883151 0.907208264 1.28813851 1.23794985
    1.0574621 0.643851161 0.765744805 0.587597966 1.13789415 0.929292619
    0.689664483 1.34073746 1.21487355 1.13044906 1.38048577 0.978035152
    0.813214302 1.18277121 1.37225437 0.709062397 1.09841263 0.841374993
    0.857255161 1.27075315 1.35525358 0.778811812 0.977800846
    0.645550847 0.777117252 1.4709667 0.98921442 0.927267373 0.986011326
    0.898004353 0.95006156 0.930300474 1.47307146 1.46718717 0.64086926
    0.743389189 0.50852859 1.00092852 0.475903183 0.924117863
    0.908949196 0.77590543 1.08505332 1.03433895 1.02487814 0.643835902
    0.868803918 1.38029039 0.710970223 0.561717391 1.40870631
    0.834561288 0.686031818 1.15077662 0.663192153 0.561267614
    1.33396566 1.32527304 0.95778203 0.723334312 0.5457111 1.49692857
    0.714750767 1.33278906 0.64746356 1.08681715 0.59768033 1.26133919
    0.961973608 0.999537349 0.989633739 0.698370874 1.39252961
    0.799013019 1.18186402 0.646506667 0.720377028 1.09607279 1.43724728
    1.19597685 0.916952968 1.31926942 1.41727805 0.719014943 0.775007188
    1.46325028 0.999414861 1.10970616 0.670547247 1.29607439 1.13768518
    1.4396342 0.696217299 1.20824039 1.46612418 1.06682074 1.31947625
    1.15684295 0.848809958 1.27762246 0.850075781 1.51111233 0.879743218
    0.889911652 1.37854362 1.26514435 1.10414433 0.592152596 1.17989647
    1.37307501 1.41968322 1.24328375 0.630925357 0.826520741 1.3744601
    0.855964899 1.55323756 1.45328641 1.43102491 1.55407345 1.16291237
    0.655751169 0.759289861 0.397226155 0.472531348 0.505065799
    0.849240661 1.28800726 0.547137618 1.01107121 1.4228214 0.623747945
    0.529732645 1.3395201 0.930841744 0.633343279 1.03485537 1.03881419
    1.37166953 1.16455185 1.2720226 1.20352685 1.01674104 1.26935542
    0.595360219 1.22891593 0.752833843 1.00784492 1.20002723 0.915872335
    1.43628216 0.637480974 1.52668786 0.924803436 1.36178267 1.44696903
    1.1572454 1.04154599 1.34314597 1.21056461 0.707428873 0.690885246
    0.892633319 0.819239378 0.630255997 1.00233674 0.80817157 1.31882048
    1.10339618 1.1590687 1.12077439 0.97644341 0.888817728 0.572457075
    0.789129257 0.978350639 0.644264042 0.652892292 1.15752923
    0.890385449 0.671725333 0.946455359 1.11103833 1.09887803 1.32422483
    1.16737509 0.632819057 1.02134573 0.757936776 1.12643325 1.41623974
    0.556507468 1.26887441 0.881634057 1.35294557 1.16708159 1.00856709
    1.5027647 1.54917097 0.669512331 1.49110579 0.724305749 0.572711587
    1.35838115 0.648065865 1.47230434 1.44069922 1.25504661 1.29272246
    0.63981384 1.39690065 1.60033238 0.894958079 1.60261583 1.26536262
    0.644328594 1.35377312 1.17031062 1.35072315 1.05296183 0.941462159
    1.45523512 1.16729927 0.640563726 0.712426245 1.46574521 1.30285954
    0.795344889 1.43111324 1.32956851 0.885946274 0.877491593 1.1639415
    1.1042881 1.50621223 0.950060666 1.17313683 0.843736291 1.59187949
    1.09056234 1.35267794 1.54581308 1.03428197 0.946512997 1.30179584
    0.793295324 1.45757818 1.45240057 1.2748245 0.69623667 1.460899
    1.04150343 1.28685439 0.675741017 0.94119966 0.95682317 1.41480339
    1.27971697 1.49112999 1.12236786 1.32962954 0.65198642 1.42604542
    0.583722949 0.801077724 1.27610874 0.94200778 0.573585451
    0.934269965 0.938343883 1.32578158 1.06704283 1.18344784 0.97229445
    0.780723929 0.99076283 1.30780101 1.49540746 0.574485719 1.13855731
    1.0553875 1.05892706 1.00440443 1.39025712 1.44401765 1.1015507
    0.960374057 0.667408824 1.03958476 0.543542325 1.30125773
    0.607491553 1.19878972 1.1439569 1.03972173 0.840595901 0.785607338
    1.22986603 0.536278009 1.44706368 0.717401326 0.911657155 1.44228232
    1.33440292 0.839594543 1.02253187 1.52050149 0.883090556 1.54009712
    1.3780669 0.522755742 1.20062423 1.09828663 0.607109427 0.720025837
    1.1136694 1.00703657 0.643029749 1.22045755 0.771161437 0.984815836
    1.25332296 1.4790585 1.05243516 1.16110885 1.32777905 1.31538188
    1.13347566 1.35299504 0.608107865 0.613183796 1.12771845 0.671032846
    0.620173216 0.747815013 0.638233244 1.12833345 0.76713264
    0.986555338 1.44619226 1.58712482 0.878871739 1.36047995 1.51601803
    0.837873876 1.52437806 0.627649069 0.807716668 1.58126283 1.2850064
    0.792107403 1.54237258 1.40358639 0.769182563 0.923003078 1.09958053
    1.02119529 0.814237297 0.661410332 1.43166173 1.33891559 0.892192602
    0.864432931 1.39191866 1.43639123 1.11381531 1.42940068 0.768716812
    0.843680024 1.1635344 0.781044602 0.935899615 1.28099549 1.05718005
    1.46637154 1.15593398 0.534129977 0.779296637 0.503439903 0.828529
    0.407196164 0.63837707 1.37537384 1.36470377 0.936158478 0.904755414
    0.783869863 1.01997101 0.574217677 1.09536266 1.33067596 1.20624495
    0.94370681 1.58639503 1.03825617 1.33340502 1.16932738 1.10629249
    1.45581281 1.47551417 1.39966643 1.08385146 1.04183483 1.07208574
    1.40257132 0.700570881 0.965662837 1.4625113 1.437814 1.11903405
    0.749138594 1.48599601 0.630737901 1.44092059 1.01887786 1.52605808
    1.24286926 1.29565811 1.37737703 0.632261276 1.15681314 1.17182589
    0.772345364 1.33441961 1.03687227 0.809505463 1.50092614 0.885604501
    0.841651797 1.30934632 0.823140562 0.646983624 1.51957166 0.98107183
    0.721077502 1.53102171 0.832000792 1.09757745 1.02762365 0.93000412
    0.618516803 0.572513223 0.594494402 0.608188331 0.631241739
    0.553071499 1.04865861 1.40804982 0.857199192 0.645847261
    0.597670138 1.302665 1.08620763 1.03433323 1.55055976 1.0924319
    1.44243455 0.977050483 1.20081699 0.752385616 0.677467525
    0.813192546 0.76548028 0.835100532 1.51594675 1.30299163 1.15745127
    0.749345481 1.35755002 0.800716281 1.5889287 1.18862832 1.07654703
    0.979870915 1.44280183 0.725156307 1.37377083 0.615846992
    0.932803214 1.20398653 1.17097521 1.5089165 0.805378258 1.32367504
    1.38765562 0.789824605 0.991997242 1.49217594 0.940009952 1.03355694
    1.21008885 1.01139653 1.2350564 0.749166727 0.921979189 1.0623014
    0.87564224 1.31353378 0.891683578 1.54441762 0.705034137 1.23970032
    1.48786223 1.4062624 0.945628047 0.973443031 0.789786339 0.961324751
    0.778357744 0.986116588 0.683003843 0.923169553 1.09637523
    1.27153897 0.87845099 1.36585236 0.755527675 0.989861369 1.43470275
    0.621417046 0.878488183 0.748033822 0.846370935 1.04194713
    0.529190719 0.745095789 0.849392831 0.584863007 1.04883552
    1.49566627 1.26940584 1.38795924 1.35534358 0.917996585 1.33676815
    0.57024467 0.973456979 1.30669868 0.668046534 1.03174603 0.888030946
    1.54159176 1.05305183 0.883958638 1.25999212 0.517226517 0.822674334
    0.703387201 0.843345761 1.10606658 0.556501746 0.654884696
    0.556709468 0.663182914 0.771323502 1.32561219 0.595238447
    1.14466929 1.55979621 0.958135545 0.934927464 0.874161899 1.02541077
    1.48610795 1.0772984 0.955708325 0.865993619 0.91316551 1.23193944
    1.04718041 0.619074404 0.831482112 0.688789189 1.08524621 1.48455226
    1.18046582 1.49050152 0.587400198 1.48353291 0.721425831 0.763993621
    0.598823726 1.50736403 1.51621068 0.660537004 0.998200655 1.118384
    1.0425874 0.980284452 1.12236261 0.818862557 1.41465104 0.929411054
    1.06326604 1.18923569 0.852685928 1.52213776 1.44270051 0.783027828
    1.17834044 1.07230496 1.09921741 1.50154614 1.4556272 1.50976038
    1.16067719 1.28253937 0.972164631 0.880680084 1.03160715 1.10779154
    1.22324574 0.565302849 1.05506063 1.30407798 1.13865447 1.51605427
    0.87719065 1.37364161 0.856542826 1.56142616 1.33880877 1.39066982
    1.42982769 1.50239098 0.799818754 0.636018455 1.23213458 0.740041316
    1.54733515 1.08554959 1.53601265 0.637577772 1.31271994 0.976021647
    1.29188192 0.382566333 1.11364448 0.676811874 0.916446805 1.01982927
    0.681889713 1.13136244 0.936475277 0.650004327 1.26740944
    0.570664406 0.674510717 0.933741748 1.51131189 0.631201327
    1.46923316 0.765299082 0.992526054 0.976831377 1.09268546 1.02600956
    1.32822645 1.22922194 0.63541764 0.587419748 0.996080399 1.22379732
    1.27822304 1.35118937 1.02630639 1.03127468 0.679869235 0.943398476
    0.97707808 1.17696106 1.11969793 1.44197285 1.51368737 1.3081274
    0.779697776 0.912359178 1.12165046 1.51468003 0.644046903
    0.769626319 1.18504167 0.830691338 0.71174109 0.904519618 0.5198524
    1.03236854 1.33818483 1.51409173 0.921952486 1.24108779 0.779208302
    1.19490016 0.937089145 0.688801229 1.43352258 1.01774204 0.737769604
    0.664512038 0.526907444 1.19557345 0.791186213 1.41497612 0.83117193
    0.786679387 1.37881005 0.603260517 1.4596231 1.04932189 1.10161078
    1.18960226 0.963790476 0.902598917 0.905770421 0.791113377
    0.690049648 1.47893012 0.695237458 0.849282861 1.10276866 1.52181482
    0.769247711 1.0326575 1.45017588 1.0010258 1.08273745 0.882957101
    1.52376592 0.728768945 1.56062841 0.981673241 0.878068447
    0.977362752 1.15510154 1.54468024 1.29212272 0.592554748 0.707899809
    0.605647683 0.97821033 0.591899037 1.41667628 0.779981732 1.4732343
    1.38844919 0.630173683 1.55245638 0.692469835 1.41432106 0.74176079
    1.48637259 0.670471013 1.489115 0.984731078 0.940821826 1.52584124
    1.0717262 1.07231236 0.722315252 0.823604822 1.55278897 1.09917796
    1.37575006 1.38437855 0.976356447 0.857668579 1.55813718 1.00939727
    0.861585736 1.50266743 1.28684318 0.705074608 1.41061759 0.587370217
    1.23848939 0.706952751 1.45826411 0.549948156 0.966582179 1.37755799
    0.911922157 0.804389238 1.29673946 1.16384029 1.19360006 1.01424372
    1.44956791 0.547310114 1.42266953 0.565963149 1.26714993 0.76900661
    0.603518426 1.27046466 1.41446185 0.883246064 1.2821058 1.48909676
    0.766279519 0.658611953 0.918195963 0.972552001 1.09516656
    0.930223167 1.12576246 0.51309377 1.24899197 0.997492373 1.18995166
    1.493469 1.1193099 1.3042686 0.923444271 0.873401344 1.43231523
    0.66687268 1.15014553 1.50592363 0.822883368 0.816474259 1.36569226
    1.28723514 1.04318452 0.603247583 0.722355723 1.19963551 0.813709438
    0.753765583 0.692497432 1.41723907 1.40305471 1.58020341 0.835723817
    1.31958699 1.46630025 1.27989364 0.732424736 1.3901453 1.02785087
    1.25422251 1.01457524 0.591515243 1.45132577 0.663410604 1.32824302
    0.840043366 0.732297659 0.688348293 1.00704038 0.954921186 1.3922509
    1.40573001 1.31066465 0.841545641 1.45237446 1.33808696 0.771269023
    1.3878926 1.36970723 0.624608874 1.23131371 1.42032814 0.933383524
    1.45811605 1.17379224 0.859146953 0.934169173 1.03442943 0.959005535
    1.03018415 1.08812916 1.27621329 1.08400083 0.873643339 0.709352493
    1.55594492 0.798004746 1.42239046 0.923922658 1.16408277 0.859744549
    1.46771085 1.21315825 1.04910564 0.585751057 0.985111415 0.600866318
    1.20299363 0.665077388 0.574072003 0.839237273 1.04794073
    0.397010893 0.74537003 1.10839951 1.13167799 1.49646258 1.18518424
    1.12106335 0.744571805 1.09405231 0.776180327 1.40436089 1.34414673
    1.08647919 1.39291012 0.85509181 1.37725163 0.728352547 1.48391199
    0.858502626 1.08667004 1.3113842 0.745441794 1.30267084 1.06821775
    1.4645642 0.580256581 0.901348472 0.694888532 0.751853287 1.28209925
    0.578089118 1.47958064 1.18351185 1.04502642 0.75457263 0.68334198
    1.1626718 0.895408571 0.615348995 1.17074752 0.788398564 1.04664564
    1.15612316 0.880010724 0.749004006 1.0014267 0.916268468 0.742209673
    1.36021733 1.21161914 0.883176029 1.44340324 1.10003901 1.29726899
    0.657356977 0.67494452 1.01942813 1.41147089 0.566241562 0.675705612
    0.510724068 1.15732396 0.572897673 0.875716567 0.694285452
    1.17588115 0.900990307 0.903750241 0.909264266 1.44566059 1.19869566
    1.34449399 1.39440811 1.52718377 0.605505049 1.43864095 0.870518923
    1.40957856 1.55344379 1.15055168 0.997244358 1.49105024 1.31965613
    0.83166337 1.05725503 1.05476248 1.08627892 1.19701934 1.18330944
    0.759177566 0.827581108 0.748315632 1.1710639 1.46875381 1.01063645
    1.13174891 1.27406776 0.932496428 0.987594187 1.17952836 0.893610954
    1.12664437 0.913119137 1.5134654 0.614241123 0.932922006 0.93376404
    1.28463042 1.20687568 1.03093719 0.632047534 1.1340729 1.04641879
    1.19967747 1.20205271 0.882574797 0.656356692 1.3568126 1.09947693
    0.797100246 0.806193948 1.56553006 1.48322594 1.22095382 0.754284322
    1.48542488 1.09789133 1.2953372 0.960998714 1.48449695 1.53680599
    0.804701567 1.31804371 0.925407231 0.593799651 0.997851729
    0.797803521 0.617765307 1.45242393 0.833699405 0.84233582 1.03622234
    0.748641849 1.04080653 0.591228783 1.05648601 1.39614511 1.50174129
    1.51384497 0.846301317 1.390288 0.542032599 0.987439036 1.21918821
    0.95857203 1.00764716 1.48900878 1.459041 1.03003693 1.21654773
    1.27402174 1.40508389 1.14513397 0.680359781 0.902873278 1.34160399
    1.21108127 0.923653424 0.73196435 1.00575864 0.687948048 0.67468518
    0.769870818 1.09214151 0.772582352 1.00459278 1.54201519 0.785927832
    1.42245591 1.3918097 0.775817871 1.5522548 1.48443234 1.01994586
    1.53488278 0.577095926 1.13875926 0.95119226 0.512235284 0.555212915
    0.494763106 0.870875359 1.4104259 1.01941538 1.40865505 1.24918854
    1.25658309 0.682199299 0.611713409 1.0766542 0.766369045 0.813824058
    0.647565186 0.833804131 0.691394866 0.85519594 0.853629112
    1.28709483 1.52875209 1.40763307 0.852458537 1.00071907 0.981697738
    1.34197021 0.712970674 1.3836931 1.34029555 1.38694167 1.15860868
    1.14586163 1.30009115 1.43091881 0.727449358 0.891121864 1.41346192
    1.09457707 0.91917479 1.47122753 1.41680336 1.23105681 0.749474168
    0.936117291 1.4748503 1.4475137 0.787291765 1.29250038 1.14308739
    0.908027172 0.979334474 1.45430458 1.00320315 0.682066381
    0.943903983 0.908047974 1.31170273 0.994438767 0.645418882
    0.852352262 1.12608409 1.06713068 0.592261672 1.41315436 0.823799372
    1.16339564 0.424141198 0.717555404 1.23151326 0.82341212 0.90822655
    0.789999843 1.42760026 0.849081933 1.49300587 1.16602111 0.5313977
    0.751639247 1.21830368 1.27120352 0.761591554 1.27226889 0.961658359
    0.98602283 1.38268709 1.42141557 1.44398034 1.01498282 1.00612378
    1.06665993 1.26214564 0.845933855 1.28902698 1.52266157 0.945583403
    1.39143443 1.32742202 1.5312866 1.37240648 1.13691759 0.636160195
    0.719164848 0.826542735 0.911769688 1.25238729 1.41401839 1.41747212
    1.23902571 1.48624444 1.14716113 0.573163092 1.37650025 1.22576272
    1.2676549 1.40462816 0.923234224 1.50653481 0.784072042 0.622215748
    1.39771497 0.920770288 1.54786658 1.14803135 0.756083071 0.747473717
    1.39836252 0.726452231 1.03618276 0.893474102 1.03880191 0.735876381
    1.02586329 1.31144464 0.839523375 0.737746358 0.991315842 1.53205574
    1.50533056 0.962105751 0.895622432 0.979402065 0.693728864
    1.56294572 1.02222681 0.805929124 1.21458161 0.750514269 1.31646454
    0.74184072 1.47987866 1.22451055 1.12157285 1.28096282 1.20944273
    1.21596992 1.56140542 1.15878427 0.724986076 1.17315054 1.46377301
    0.924567103 1.1569488 1.00035644 1.03537965 0.88229841 1.37750602
    1.01453662 1.04677677 1.36564267 0.793766975 1.18382025 0.832979083
    1.01312315 1.5035876 1.14245796 1.08499455 1.33647525 1.51815605
    0.839489758 1.4820888 1.44960356 1.59191 1.0092324 1.5466485
    1.15411341 0.996121824 1.34386718 0.983750045 0.602852046
    0.859065294 1.30825543 1.01207364 1.15977204 0.907051682 0.978820801
    1.32870221 1.24423993 1.274755 1.11223781 1.32023036 1.29956961
    1.42876852 1.26255 1.07253456 0.608911216 0.98741436 1.47434282
    0.529798567 0.87968874 0.820972383 1.06190586 0.962355614 1.18359125
    1.21254015 0.854430616 0.628078938 0.619751394 0.882937014
    1.27429748 0.641956091 0.978780508 0.593677044 1.29214191
    0.680859506 1.54630065 1.47586393 1.18399286 0.832300484 0.73250258
    1.46240449 0.829690695 1.10276473 0.768640816 1.12182927 1.18182623
    0.820042491 0.653770328 1.07025552 0.817725599 1.1584878 0.900673091
    0.977145493 0.771230042 1.39396751 1.44997287 0.987582862 1.03644443
    1.44537115 0.779331207 1.24173832 1.58385229 1.3701508 0.977689028
    1.38263559 1.32133174 0.566983998 1.12426484 0.656522632 0.576501966
    1.40271521 0.533538818 0.96215713 1.12751865 0.747802377 1.43256319
    0.691031635 1.40189278 0.998913407 0.927178919 1.11473703 1.13201225
    1.44271338 0.944625199 1.25525796 0.996123314 1.17392159 1.21868801
    0.709453583 1.05816913 1.44397151 1.52999878 0.986611009 1.45044756
    1.43117774 1.18040586 1.30980384 0.900733411 0.889264226 1.48023498
    1.00094867 1.32370484 0.741251826 0.979047477 1.57475483 1.05966663
    1.47466207 0.62604928 0.643384635 1.17906225 1.28892875 0.634656549
    0.85544467 1.12866557 0.772463739 1.33449125 0.737692773 1.18138814
    1.31295347 1.31218386 1.47413146 0.961951554 1.00527143 1.26203334
    0.683763623 1.01098955 1.43849289 0.5627985 0.751874328 1.24407732
    1.42004573 1.18355691 0.67278403 0.96731019 1.03831947 0.552493989
    0.885614336 0.44003737 0.71321708 0.768290579 1.44801903 1.50435841
    0.953008294 1.42225277 1.10261393 1.43596268 1.56515503 0.714146912
    0.668989301 1.35384607 0.992002487 1.15086544 1.53392315 0.636230409
    1.54391205 0.679314077 1.12265861 1.53108025 0.714405715 0.899639189
    1.38816309 0.871852338 0.696598411 1.22246802 0.965567112 1.14149618
    1.05047035 0.978659809 1.21687448 1.38982892 0.651401639 1.08142579
    0.735432446 1.2193954 1.05548346 1.12768316 1.40322137 1.22952735
    0.623054862 1.50842106 1.33111084 0.61610043 0.993545175 0.656127572
    1.31027782 1.06682909 1.54119337 1.10660863 0.812603891 1.53419888
    0.957872152 0.965730071 1.07233584 1.2191478 0.612476766 0.587289929
    1.44034886 1.18390751 0.65983367 0.57639569 0.949897826 0.74246645
    1.12393582 0.93687588 0.899943352 0.764210403 1.18004215 0.653919637
    0.964071572 0.890783548 1.38975024 1.25526845 1.37699735 1.37680089
    0.523955226 0.806691408 1.38599694 0.717576504 0.524285972
    1.30973434 1.49299419 0.849094331 1.40407383 0.72474426 0.869445324
    0.6330145 1.18403518 1.35522151 0.837164938 1.50181675 0.990540981
    1.04946244 0.962225735 0.901466966 1.47415757 1.0591352 1.16845071
    0.819878638 1.54789102 0.790036917 1.45141077 1.42354476 1.37856936
    1.61491466 1.37850082 1.46339631 1.27248216 1.21654534 0.614583671
    1.11823618 0.794643342 1.09050226 1.27956212 1.37755024 0.78511107
    0.776989818 1.27433181 1.36697412 0.573351443 1.01331425 0.752926886
    0.871449411 0.61835438 0.951761425 1.1220516 0.985485911 1.16086984
    0.757910013 1.04657555 0.64722842 0.578493655 1.4488256 0.805658221
    0.524783254 1.04076457 1.48936605 1.47547245 0.618638575 1.17325902
    0.902769208 1.37450397 1.23933482 1.22343814 0.80978322 1.05370915
    1.20589805 0.601349592 1.13169587 1.21295834 1.0149461 1.28245199
    1.36430633 0.722328365 0.695822179 1.47118449 0.726707041
    0.795039833 0.924310446 0.939489186 1.06558812 0.693012238
    0.941759348 1.30509961 0.891670525 1.07275081 1.09829628 0.684390068
    1.09002602 1.375386 0.63609308 1.20276725 0.833931684 1.06749594
    1.2524178 1.4319061 1.55790496 0.97198236 1.10735178 1.0015806
    0.995159149 0.838744879 1.13494539 1.41901839 0.764992476
    0.692209601 0.83141917 1.39467847 1.47187889 0.66637516 1.19852746
    1.10763633 0.640765548 1.27981758 1.36649144 1.39996135 1.27202439
    0.655735135 1.55361426 1.25148666 1.5639168 0.705240786 1.17797053
    1.30991888 0.71018672 0.814123154 0.832131922 1.57871926 1.31192493
    1.23196912 1.27705944 0.773669422 0.656262398 0.808742523 0.79675144
    1.51850641 1.02025461 1.42571247 1.27697241 0.908104479 0.763006806
    0.840614736 1.453233 0.931572616 1.34517264 0.694097698 0.910121381
    0.91163975 0.810904503 1.10279667 0.951849937 1.29310608 1.5571208
    1.58107114 1.62179565 1.57321227 1.5924108 0.677498281 0.680617869
    0.776567698 1.54453874 0.886198878 1.07675433 1.2899214 1.31418324
    1.20700765 1.17037868 1.53316283 0.722289562 0.493296951 1.03303182
    0.767587066 1.26691639 0.901485026 1.00783968 0.602650225 1.40332663
    1.55563283 0.592200577 1.11172378 1.2495743 1.24356127 0.922307312
    1.09517932 1.16294265 1.420174 1.42254817 1.49800301 1.28961515
    1.16566944 0.846598506 1.26771462 1.48889041 0.637071788 0.863641024
    1.32170665 1.00433338 1.25494683 0.937214196 0.795501113 1.03849554
    0.880865455 0.765614867 1.06956232 1.0055753 0.665891409 0.605158985
    0.656976998 0.694323361 1.04403377 1.36761808 0.848435938 1.43898177
    0.580230594 0.97348398 0.724208534 1.28087413 0.890427232 1.30978894
    0.539639831 1.07945669 1.31324494 0.94314611 0.949290574 0.660193026
    1.23992026 0.770843983 1.53820682 1.46821785 1.32879245 0.8178249
    1.16455126 0.560432494 0.598220348 1.49526596 0.658531666
    0.524865448 1.00682533 1.28517473 1.36677337 0.645522952 0.678827465
    1.17359459 1.08471453 1.10631001 0.993594706 1.22581685 1.47083902
    1.07386351 1.45447636 1.25397849 1.33658767 1.3149364 0.566317856
    1.4269166 0.565754592 1.16737783 0.648744881 1.25959122 0.734975219
    1.50127566 0.764941156 1.26641333 0.705418944 1.20824063 0.964860916
    1.54553843 1.54372549 1.11092281 0.550008595 1.42089605 0.683375239
    1.08883774 0.735321939 1.2612952 0.601764858 0.880299568 1.19429684
    1.26044703 1.5639503 1.0997504 1.37907243 1.55244899 1.17207754
    0.871958315 0.658430994 1.1828413 1.56514072 0.846829355 1.34049439
    0.687835634 0.866531968 1.08120155 1.49564481 0.975022912 1.43327153
    1.32696462 1.12922323 1.5288043 1.18932259 1.06195271 1.15261686
    1.04792392 1.07733107 1.31513929 0.646359324 0.597615421 1.25213575
    1.15948153 0.990972579 1.31106246 0.738060772 1.2886517 0.901477873
    1.07024205 0.866666436 0.823829055 0.606359959 0.927557886
    0.635473311 1.24901569 1.45617449 1.0452435 1.52087235 0.904132724
    0.929788291 0.777035475 0.962883234 1.07928908 1.03088391 1.03279388
    0.642182112 1.30474317 0.553525984 0.888461113 0.604817152
    0.930849314 0.525684118 0.594738543 1.4443326 1.27065969 0.728378713
    0.961972237 1.17116785 1.29427254 0.621332228 1.4683038 1.14553034
    0.743021429 0.626850963 1.04710221 1.21223998 1.21284139 0.915026307
    0.844491541 0.874565303 1.16586661 1.02758598 0.882010996
    0.787187815 1.26622486 0.658320904 0.67052412 0.826643944
    0.931621492 1.4252311 1.11422467 1.29344308 0.942857146 1.48524725
    1.01470208 0.630752981 1.30077291 0.893598437 1.36822438 0.686190426
    0.924523532 0.701674938 1.57848966 1.1768688 1.05985785 1.26465237
    1.01597881 1.57123065 1.07569909 0.795706153 1.14977133 1.43883622
    0.839991033 0.802803218 1.06081712 0.848596156 0.633319616
    0.979306936 0.842666745 1.49555552 1.08612776 1.53223741 1.22137618
    0.75481987 1.04290605 0.562425315 1.36996388 1.13929701 1.22548568
    1.21808708 1.13341355 1.15345573 0.686889291 1.0641135 0.971406102
    1.21570599 0.888288677 1.32302105 1.41790676 0.64001435 1.40897906
    0.959615767 1.15161836 1.36716759 0.988648713 1.37122047 0.993587255
    1.14337194 0.592363417 1.1737709 0.856606483 0.835880339 0.911727726
    1.34796011 1.16179109 1.34428775 0.761666894 1.29653776 0.58889699
    0.802142143 0.952204406 1.08097732 0.580455482 0.682981253
    0.859399974 1.52183771 0.69924438 0.768464744 0.743454933 1.58757389
    0.612370849 1.08444536 1.28717077 1.50291812 1.53496277 1.16056657
    0.596824527 1.17735589 1.37997913 1.3270725 1.52140188 1.56385493
    1.33720541 1.22210824 0.555398583 0.691564977 1.03402734 0.899160802
    0.827793896 1.08684242 0.610939443 0.877611518 0.749771953
    1.09276867 1.42714787 1.21895206 0.552957535 1.13816762 0.838948071
    0.560856044 1.25413191 0.931391239 1.31238616 1.39912927 1.55509424
    1.26000559 1.39034331 1.49414313 0.947977185 1.33237767 1.46786094
    0.621574521 0.737805247 1.05823445 0.779736578 1.31657219 1.32157564
    1.47707617 1.13525271 1.44345629 1.12800384 0.85714376 0.953979254
    1.24033654 1.48906696 0.834689319 0.570852041 0.73112154 1.13551867
    0.985018492 1.00544989 0.760128915 0.861252308 0.657590926
    0.546005189 0.941589773 1.26005733 0.842088521 0.59807235
    0.933711827 1.33266246 0.719464958 1.3294282 1.29884839 0.669700444
    0.902193189 0.679666996 0.705863357 1.04435825 0.977514923
    1.43017006 1.26536524 1.01239836 1.43370676 1.32547081 0.576956511
    1.41740704 0.888841927 1.27573752 0.908943772 1.2754339 1.33039665
    0.726826847 1.38121986 0.71320647 1.56697512 1.36810744 1.48927271
    0.59353447 1.21576679 1.0444901 1.06758082 0.682168126 1.5513525
    1.42885375 0.959062636 0.59395498 1.093256 0.902713597 1.20505929
    0.914572358 1.21985662 0.838624656 1.4873656 0.965441942 0.748323858
    0.64239037 1.4058584 0.955326796 1.00902689 1.50077331 1.4427073
    0.925014436 1.0034008 0.680771768 0.836318612 1.34514463 0.972037792
    1.19936264 1.19317508 0.684838235 0.883040667 1.43965793 0.720399797
    1.09290969 1.56224442 0.911879659 0.779467523 1.05656779 1.36829221
    0.935484409 1.4096446 1.04432654 1.00482714 0.943962932 0.721263826
    0.928017974 0.617027462 0.952957869 1.25236595 0.869189978
    1.37080646 1.42090416 0.524251342 1.0022006 0.85105902 1.49287879
    0.876192629 1.54730487 1.23694205 1.22047114 0.707098722 0.662371337
    0.877107263 0.851625562 0.979151547 0.560503662 1.27188861
    1.15651667 0.958827734 1.4322238 1.43360639 0.781199455 1.04592156
    0.601584017 1.36214399 0.605023682 1.52683055 1.53531921 0.809624434
    1.52318847 0.861321211 1.49369216 1.05451405 1.5757426 1.33320713
    1.15550268 1.43495655 1.50725245 0.707416475 1.30328763 0.891273141
    1.21517694 0.753658473 0.82666266 1.33101499 1.33621669 1.32194555
    1.43753111 0.856144845 0.859652519 1.15617514 0.947239995 1.26663542
    0.917612314 1.0646503 1.38069224 1.44223011 1.00937462 0.698571861
    1.34059536 1.54970527 0.555857301 1.41377735 1.42141676 0.843012094
    1.36544955 1.38217676 1.58135486 1.57833779 0.950550914 1.3311528
    0.961619437 1.05897427 1.20000362 1.36774492 0.697388709 1.22639096
    0.697395384 0.734155774 1.14789987 0.648677647 1.09622562
    0.614272594 0.519064188 1.16282213 1.17865813 1.05349731 0.349017024
    1.35269582 1.18150938 0.516620398 0.605597496 1.51957548 0.697889745
    1.54475749 0.64996624 1.37331247 1.07018518 1.51659358 0.916918814
    1.51228368 1.2396158 1.43055451 1.19123805 1.06653857 1.13316369
    1.46142793 1.56396329 0.722811878 0.913760602 1.54632282 1.24974203
    1.48489809 0.709656 1.1144892 1.25808036 1.43222892 1.13379347
    0.754507005 1.12635016 1.10315108 1.14119506 1.43286574 0.734060228
    1.46413553 1.1425606 1.11050177 0.714373767 1.48225856 0.63177532
    0.544557869 0.992918193 1.2725656 1.37384093 0.591489136 1.07564342
    1.11141133 1.50103688 1.04435122 1.02059221 0.705357194 1.05674672
    0.838099241 0.729020417 1.44075906 0.591153145 1.1449939 1.26268375
    0.727090836 0.901156485 0.621128678 0.910758972 1.06456363
    1.06138265 0.689914346 1.26780903 1.47895837 1.29455948 1.1945591
    1.20738864 0.841007471 1.08285737 0.968868971 0.648136973 1.29399872
    1.12599969 1.4917537 1.23136175 0.613496184 1.43666947 0.690495491
    1.51345885 0.958568513 0.672748566 0.773588061 1.29602671 1.23453319
    0.897828162 1.32827306 1.06504655 0.938723981 1.39615679 1.05419695
    1.50056052 1.51176322 0.822353661 0.863245845 0.720510125 1.34426367
    0.845349312 0.687717795 1.55007219 1.02305627 1.22412336 1.36906862
    1.27808118 1.31485808 0.705941796 1.54982638 1.26246142 1.54115534
    1.55837584 0.648766935 1.10440922 1.01219845 0.876039684 0.712826431
    0.573683202 1.06540477 0.699213386 0.675525367 1.41906607 1.49620843
    1.08942807 1.13867903 0.590146542 1.16982222 1.41416264 0.660634935
    0.615370572 0.912190855 1.3500737 0.743137956 1.27943599 1.17709267
    0.64170748 1.42958152 0.618757844 0.59272337 1.22428739 1.00275409
    1.28108871 0.621525228 0.897829473 1.4018997 1.37018263 0.59215343
    1.04919815 1.31394088 0.946585536 1.14588499 0.821448565 1.30125833
    1.55157101 0.833406031 1.4871856 0.697088361 0.600074172 0.904584289
    1.33063626 0.681983531 0.491982907 1.22098696 0.666852713 1.13630795
    1.44701552 0.752922356 0.606656909 0.817451239 0.820736289
    1.13977349 0.590530574 1.31045783 1.56588089 0.730115891 1.22181308
    0.893305659 1.11734807 0.812987506 0.554646432 1.4132936 1.09065282
    0.892358422 1.23845363 1.09246349 0.565829158 1.0722822 1.12100017
    1.09816504 0.713522017 1.42546403 0.936945975 1.50715292 0.804482102
    0.783003688 1.11704814 1.07178402 1.10354018 0.630297959 0.99179095
    1.13115442 1.30427575 1.31645393 0.872682571 0.851304591 0.931569636
    1.55669796 0.807471871 1.09568429 1.22146356 1.32076228 1.04251885
    0.811475575 1.0540235 1.2939595 0.658945322 1.53790152 0.817221105
    1.24620032 1.33465374 0.860024333 1.43513715 1.45484209 0.804839015
    0.789835989 0.846536934 1.54871607 0.747639418 0.812556386
    1.37354374 0.642231405 1.38849056 1.03073347 1.33479512 0.948907614
    0.690129519 1.01267898 0.69246012 1.00551164 1.22921121 1.38493538
    1.33853996 0.620643616 1.44761336 1.54895639 1.48419273 0.907197952
    1.49087572 1.20267224 0.826961339 0.825894415 1.27856553 1.04527712
    0.44177416 0.397463083 1.38965464 0.983592629 1.03812051 1.5310955
    1.13871527 1.1189394 1.22268903 0.664278388 0.842019677 1.18552947
    1.54800797 1.31205058 0.829648018 0.9619174 0.720968425 1.3693012
    0.674712062 1.2925725 1.3714112 1.32063913 0.608933151 1.01516533
    0.647481859 1.34892786 0.771657467 1.06277251 1.49773932 1.24755049
    1.37377381 0.845403671 1.02754784 0.574594021 1.20850086 0.562039793
    0.816282928 1.37359881 0.519167066 1.1512264 0.590825081 0.568292201
    0.744523764 1.32474327 0.739427209 0.856812179 1.04380834 1.47209036
    1.24531019 1.03857672 1.19042957 0.687534988 1.08131051 0.700800776
    1.08580446 1.09488368 1.05858028 0.843147874 0.867601991 1.30001616
    1.45792842 0.869958282 1.23610747 1.45831954 1.18264508 0.773490965
    1.49789238 0.956473231 0.614295483 0.72146517 1.32975221 0.68411833
    0.752851725 1.0772475 0.877912641 0.56556356 1.33028054 0.707055569
    1.18401515 1.40692699 1.43683791 0.585810602 0.757542551 0.755852282
    1.19505525 0.602418244 0.665979028 0.624524355 0.55591768 1.19122088
    0.812831521 0.512515068 0.892525017 0.882250726 1.3076719
    0.920126915 0.829078555 0.634099662 0.924226463 0.770467758
    1.03753638 0.893279552 1.20527577 0.854809165 1.49533844 1.36132205
    1.36656785 1.24782336 1.30551016 0.818235934 1.39684379 0.877366185
    0.608856857 0.818473101 0.686057568 0.804288626 0.928368926
    1.31282878 1.26241922 0.916630805 0.894066751 1.40727639 1.13676023
    1.55033445 1.35879111 0.646440506 0.966279387 1.51088393 0.644774973
    1.17526507 0.900340259 1.46392918 0.684055269 1.2925272 1.08957374
    0.95434773 1.12817883 0.793036878 0.615384698 1.19373703 0.9370749
    1.02616692 1.12948084 1.30856311 1.37637222 0.789847851 0.564595103
    0.569958508 1.14906561 0.988486052 0.986424267 1.3063556 0.814083457
    1.01646364 0.894975722 1.34764791 1.51423466 0.84078902 0.685687184
    1.47718763 0.92907232 0.951161802 0.497379661 0.867926836 1.20166039
    0.861691058 1.2840848 1.11658788 0.756125152 1.34460199 0.713652015
    1.24094152 0.724102736 1.25018454 1.3478936 1.398911 1.28009987
    1.52014315 1.26680982 1.48597109 1.02688229 0.755435646 1.00314832
    0.630147338 1.38957763 1.40169406 0.99066186 1.22115958 0.821200073
    0.971493721 1.29121852 1.05095172 1.19243646 1.22808397 1.45830572
    0.854827762 0.826312542 1.2948997 1.35884094 1.4515909 0.756494761
    1.37471056 1.1307168 0.841941237 1.5341233 0.717325568 1.27486038
    0.610169768 1.19028246 1.14155972 1.1589216 1.29729617 1.55035818
    1.0649941 0.815468907 1.33513045 1.17705202 0.853573799 0.79620111
    1.0027889 0.594868898 0.679530263 1.30142426 1.50181818 0.897458494
    1.08808279 1.20704436 1.27771342 0.559025407 0.627950728 1.29866314
    0.582980394 0.936920047 0.787771583 1.20731485 1.5081389 1.33290112
    1.40556943 1.45966125 1.15040135 1.58517361 1.51188731 1.37029815
    1.54034245 0.964654326 1.16066778 1.05703342 0.896642685 1.50096226
    1.37026882 1.43802977 0.954537332 1.39556003 0.775298119 0.646453261
    0.699032903 1.12034369 0.762945652 1.0336895 1.0069859 1.20513844
    1.3508997 0.948473275 0.927800298 0.747690797 1.35662401 0.801415086
    1.01229119 1.53999937 0.831163466 1.5492326 0.678444922 1.00425911
    0.786767602 1.11708689 0.824627221 1.11943531 1.31672323 0.977707624
    1.5156101 1.04260528 1.32711971 1.43728662 1.44447339 0.909047842
    0.944140792 1.44159722 1.13043094 0.753881574 1.41681433 0.623264253
    0.65128988 1.11423683 0.884015679 0.549976647 0.650954664 1.05968308
    1.21497595 1.38234305 1.04389012 0.873725832 0.599128067 0.700345337
    0.767234802 0.778145671 1.41942179 1.21516335 0.644222915 1.3761574
    1.24684978 1.27147603 0.623195529 0.845003426 0.567325473 1.02683806
    1.10093415 1.07973933 0.660577416 1.31976175 1.47097313 1.55625749
    1.51032257 1.22215056 0.639831662 1.50194144 1.53014016 0.900451422
    0.894896626 0.962983191 1.35643828 1.0855726 1.3250941 0.658299804
    1.49101949 0.563781738 0.998129368 1.45987999 1.2581799 1.03179455
    1.42822134 0.470588326 0.576753139 1.02381372 0.561659932
    0.693528831 0.450640887 1.38868928 0.796780229 0.532226741
    1.11977005 0.561503708 1.23540795 1.08355856 1.06311953 0.969114304
    0.590653062 0.686062396 0.784772217 0.989407778 0.692165017
    1.04198182 1.49874258 0.681170404 1.21979249 1.56964207 1.33033621
    0.671033323 1.11906624 1.29606569 1.56265759 1.3098948 0.699868202
    0.613261521 1.55649507 1.05990279 1.29190409 0.946375251 0.867855906
    1.16194737 1.4386375 1.56236219 0.758027315 0.765570164 1.58090472
    1.5330981 1.47675824 0.618119121 1.23933589 0.730915546 0.867130995
    0.830078244 1.46537864 0.727625608 0.564981759 1.12560236
    0.915039599 1.37986052 0.896402121 0.52897507 0.838062346 1.2714386
    0.610013723 1.09502316 1.14096737 0.650885463 1.1731894 1.4699012
    1.48243237 1.20949149 1.28757572 1.07994378 0.95267421 0.852061749
    1.28827167 1.49769962 1.48555052 1.3646524 0.923581243 1.01293051
    1.02022767 0.969112217 0.773931205 1.12541521 0.519124091 1.4288919
    0.90826416 1.06857312 0.765213072 0.797487617 0.600282431 1.05721569
    0.890602469 1.40503538 1.24718153 0.659284115 1.46755612 0.715760231
    1.12012672 1.06799424 0.597435594 1.0694685 1.34456456 1.25198042
    0.82088697 1.45805597 1.52193701 1.33725452 0.861901224 0.682829142
    1.17373621 1.26495957 0.952655613 0.763055742 1.51514769 1.22085321
    1.39700544 1.13145936 0.993869662 1.39569056 0.901593089 0.66735661
    1.14471519 1.06967807 1.14486539 1.39726281 1.31414509 1.34145212
    0.999194503 1.00649571 0.722792923 0.748342395 0.896773458
    0.937955856 0.929941118 1.20213485 0.680518448 0.68270725 1.5149864
    1.25643969 1.40263438 1.24642467 0.842764854 1.09063542 0.764618158
    1.27688611 1.17773616 1.42720759 1.31506932 0.819306791 1.47997427
    1.02678967 1.10524607 1.46342313 1.14624357 1.28611517 1.58500755
    0.709976971 0.989565253 1.54961884 1.21333694 1.3903569 1.55782723
    1.41849148 0.71272403 0.966821551 0.824318349 1.51539361 0.648332298
    0.538320482 0.907600641 0.706764936 1.22972798 0.52348417
    0.579339027 1.01561701 0.612808049 0.89844805 0.62607944 0.92778486
    0.875414729 1.52203906 1.41291702 0.704585493 1.4668026 0.810966492
    1.05163598 0.940199554 1.5676415 1.23147857 1.08114719 1.05252969
    1.57113898 1.32185328 1.16878211 0.643020332 0.760689855 0.972495794
    1.53550005 1.47558594 0.85634625 0.759349346 1.02777493 1.33529925
    1.12856007 1.03544033 0.899562895 1.09297657 0.489746869 0.785427988
    1.22068191 1.1209482 0.788454413 0.883953631 0.960960686 0.800660849
    1.00370359 0.897565305 1.02089763 1.22137511 1.40512145 0.533605158
    0.594370723 0.882079661 0.881962538 1.0207535 1.50550556 1.10549951
    0.709490955 0.733568728 0.848575175 1.43137956 1.38796687 1.38585031
    1.2335242 1.26277292 0.837592721 0.809226274 0.988530576 0.866334021
    0.956969142 1.26940393 1.28540587 0.84371531 0.92863524 0.567886055
    0.535969615 0.979300141 1.30667186 0.962973356 1.17541921 1.21400023
    0.818720281 0.891517699 0.751762509 0.912403584 0.58856982
    1.22547591 1.26062083 0.76753521 1.17261779 0.889015257 0.683577418
    0.512567639 0.755965948 0.820255041 0.663834214 1.36050963
    0.677823484 1.20384455 1.15425444 1.4526093 1.39027822 1.26990318
    0.535558939 0.543505907 1.2953769 1.00025928 1.13079023 0.955945313
    0.908275366 0.580315948 0.891248405 1.33365977 1.50819635
    0.845362782 1.54634023 1.22671354 1.47891724 0.969754279 0.627067566
    1.27590358 0.872532845 1.53367209 0.87659514 1.23859477 1.00082159
    1.15720415 1.52548957 1.15702176 1.22388434 1.04032445 1.45386374
    1.24760413 1.11428356 1.13990724 1.29380846 0.611064315 1.54528964
    1.50718749 0.739749849 1.47089326 1.38111365 1.19056773 0.555408657
    0.519303977 0.742495656 1.39353383 1.09091747 0.905272424
    0.798153281 1.3137629 1.12181032 0.915232956 0.763369799 1.39542305
    1.38935471 1.21823561 1.41386735 1.17244899 1.34226763 0.981803477
    1.05234694 1.25772583 1.45376873 0.993551254 1.48084986 0.922112465
    0.728561103 0.74456346 1.20865536 0.64540565 1.19698799 1.15875471
    1.08517277 1.19635284 1.43810856 0.672729194 0.646027565 0.783525705
    1.52182508 0.892710686 1.35130179 0.850933254 1.30379868 0.621620059
    1.14391041 1.36770689 1.55246592 0.642147601 1.17375243 1.56540203
    1.3331784 0.670479715 0.683354735 0.912546217 1.41354871 1.17741239
    0.896701276 0.68759203 1.52814102 0.859945834 1.2674315 1.16182518
    1.42567956 0.779490888 1.10728908 0.741602719 1.4757973 0.889490306
    1.00687444 1.14200461 1.39686859 1.2586174 0.813156724 1.05860269
    0.887845457 1.25632131 0.758615375 1.07232511 1.47873056 1.5450635
    1.49782443 1.33193624 0.875825405 0.630509019 1.20477438 0.732894421
    1.14860272 1.09842408 0.952799797 1.10895038 0.645445347 0.578289866
    1.43852818 1.36774051 1.21044433 0.798476994 0.732537985 1.19430041
    1.46576476 1.05695498 1.16624689 1.35878265 0.760890782 1.14277542
    1.02819431 0.806088686 1.39577448 1.41599798 1.14417994 1.23717868
    0.8655743 1.51585746 1.51738119 0.678695321 0.707517624 1.08286166
    1.13412726 0.690566719 1.24557495 0.974347413 0.809416652 1.46759641
    1.2331835 0.788235068 1.06295109 1.41998911 0.783824503 0.610822618
    1.0828892 0.845088184 1.3448112 0.718490422 1.60067415 1.31795549
    1.17624259 1.34280598 1.28945434 1.09652448 1.24156225 1.04441011
    1.25628436 0.690271258 1.26744187 1.00698972 1.14282656 0.997240722
    1.53249311 1.39699054 1.51878393 0.906966567 0.958304644 1.29443789
    0.99202168 0.757748544 1.11559248 0.741747677 0.533995926 1.0133642
    1.10980976 1.38622487 0.959040105 0.770305395 1.1143856 0.688035488
    0.9951033 1.51499116 0.664103508 1.38038993 1.45713377 0.682761252
    1.35300994 0.834370017 1.30031145 1.4909544 0.551743805 1.31089425
    1.2556982 1.36631441 0.685502946 1.43023157 1.23517549 0.93272692
    1.32593215 1.2427808 1.51631343 0.73316288 1.16912353 0.62158227
    1.18177855 1.43736112 1.45369887 0.576527596 1.28790712 1.00028372
    1.04712903 1.02739 0.620794177 1.48602331 1.19860053 1.24701333
    0.535561442 1.4459964 0.800098896 0.703268528 0.738280833
    0.654465795 0.611553431 1.35346973 0.56894201 0.872735679
    0.732596397 0.936608374 1.09078825 0.98913914 0.952235878 0.82158637
    0.797311068 1.45096803 1.12657964 0.559244215 1.42073572 0.527321398
    0.606916785 0.587501884 1.14590311 1.03954864 1.19116759 1.22403729
    0.758454859 1.47826588 0.866747975 1.23372555 1.56170452 1.43920541
    1.4346236 1.44497061 0.918838263 0.622787595 1.3249917 0.926517725
    1.1409266 0.700235486 1.5646435 0.754273474 1.38158476 1.41233015
    1.06941473 1.51593912 1.47239327 1.34814274 0.825368226 1.2664783
    1.36048698 1.34596634 0.876086473 0.762494147 1.3205049 0.860658586
    1.48711622 0.899920225 0.932563066 1.43525779 1.3192296 1.28858745
    1.24295282 0.924593627 0.769023895 1.339486 1.48309457 0.714516878
    1.04375613 0.635095119 1.05316842 0.951169252 0.878964007 1.1024102
    1.08680665 1.01652288 0.852398336 0.608695984 0.589862704
    0.588089705 0.822392702 1.22045934 0.857977271 0.814717889
    1.15012836 1.42416728 1.02363682 1.14048171 0.620125532 1.47985804
    1.15962505 0.608751297 1.55066347 0.996654868 0.913003981
    0.745656848 1.35316253 1.09092164 0.629432261 0.823351562
    0.800628126 0.66826272 1.20613468 0.672845066 1.20887065 1.43953454
    1.17300892 0.868245602 1.33979809 1.12298346 1.44716001 1.05442905
    1.51383877 0.839536607 0.658757806 1.4201318 0.683096588 0.744881153
    1.09218287 0.60796988 0.747777581 0.753602505 0.76049602 0.856972575
    1.31378913 0.956740499 0.80458343 1.29796541 1.23126733 0.930238485
    1.15105093 1.45039344 1.21899772 0.890794992 0.991919994 0.72514832
    0.931893766 1.22261739 1.08726239 0.540721893 1.48276079 1.47731411
    0.832931638 1.19231117 0.962692916 1.48384798 0.567153752 1.18279111
    1.16625655 0.844163597 1.35530746 1.36576176 1.29745197 0.845533133
    1.1732235 0.99423027 1.59576893 0.986225069 1.01585186 1.04903758
    0.811193943 1.40334213 1.37461281 1.5610795 1.5386728 0.654865205
    0.934788942 1.40711308 1.35137928 0.711750209 0.98979795 0.810572863
    1.15436172 0.798828721 0.860523641 0.771500111 1.077739 0.738166213
    0.579334259 0.808304548 0.970244765 1.24343371 1.22848356 1.17327392
    0.766508102 1.4359771 1.30939019 1.09550977 0.772026598 1.34092617
    0.999018192 0.981321216 0.749170065 1.32838154 1.18358314
    0.828648448 0.643208623 0.608688414 1.36896873 0.571764767
    1.00459635 1.28952873 1.07325709 0.661737978 1.42652845 0.830710411
    0.597331285 0.900375485 1.13440537 0.564500213 1.05708456 1.4527384
    0.551122963 0.804290235 0.657869577 0.979993045 1.31386137 1.2463088
    0.648320794 1.48486173 1.35978448 1.12659061 0.626574397 0.806884766
    0.888424456 1.27104974 0.624622524 0.740673602 0.615889311
    1.06326342 1.46625447 0.653741837 1.18709433 1.23169613 1.55026579
    1.04048264 1.27242231 1.16954136 1.45043039 0.99391377 0.709869921
    1.41150022 1.03329265 1.19953334 1.1672194 1.29330194 1.23468208
    0.986585081 0.675379515 1.03215635 0.910991311 0.863646448
    0.989350319 1.13037562 0.897275865 0.525805831 0.562101722
    0.604947448 0.548569322 1.27314663 1.39797735 0.751563847 0.91154629
    1.0076983 0.841802359 0.983236313 0.718050838 1.32164824 1.31175756
    1.00470924 1.18771338 1.37083375 0.539134741 0.594710469 1.31111848
    0.79404068 0.831663489 1.03588212 1.44614506 0.774450302 1.33877742
    1.3390286 1.34458077 0.645289779 1.45517004 0.721819818 0.808917701
    1.22451425 0.840237081 0.819015265 1.2467072 1.29178023 1.33395529
    1.03760815 1.29381955 1.31776083 1.60534656 1.54665518 0.857126296
    1.38997519 1.07592857 1.10149336 1.52937162 0.884224594 0.817354918
    1.01681733 0.907946706 1.18252993 1.28896666 1.31990576 0.843604445
    0.709204555 1.2956754 1.19454288 1.16794479 1.05389893 0.531909168
    0.582028151 0.602780342 1.29076207 1.15913773 0.560554624 1.06048882
    1.4941026 1.33275199 1.00134361 0.612276554 1.33075178 0.900510073
    1.50524127 1.10893953 1.30085993 0.705486 1.36635339 0.739105761
    0.633841991 0.684844732 0.768108547 1.14712501 1.51097536 1.25953615
    1.17552471 1.1667558 0.908205867 1.18473935 0.585276902 0.981738091
    0.942609668 1.05085456 1.49381137 0.948147118 1.16992664 0.955633759
    1.09599662 1.31683218 1.22355711 1.00687027 0.672974467 1.50543916
    1.28986585 1.05682135 1.07022071 1.5786643 0.955751002 1.41267419
    1.52823818 1.21602416 1.13667941 1.0676924 1.4457463 1.08759069
    0.686077118 1.09751439 1.16359222 1.28170455 0.902361453 1.352808
    1.13572299 0.650492251 0.655361772 1.04843903 1.38678312 0.638414145
    0.759713292 1.23400164 1.49797344 1.40549135 1.3281765 1.33423185
    1.33131003 1.20128036 1.21381998 0.871576667 1.33670282 1.20119536
    0.931449294 0.622640073 1.08429503 1.52991092 0.775216401
    0.814941227 1.12650049 1.1121161 1.52330542 1.42418051 1.09739792
    0.6530779 0.736208975 1.40788984 0.725540459 0.839736819 0.991310537
    0.871741652 1.01740789 1.10733771 1.59577203 1.07586741 0.99399972
    1.49304104 1.05578852 0.615576982 0.882375419 0.932908893
    0.750697672 0.749743283 1.20831656 0.756087542 0.899694562
    0.56460619 1.2567445 0.833221972 0.955000877 0.992725372 1.39878225
    0.681650817 1.45169699 1.12062609 1.23584831 1.01021421 1.16352677
    1.46170962 0.963483691 1.47346354 1.53911054 0.592223823 1.17942548
    0.642012894 0.626818001 1.30637407 1.38133144 1.39135599 0.973642766
    1.39586616 1.26923859 0.636110961 0.669834793 0.770792544 1.13257873
    1.13185966 1.15817463 0.56801641 1.34238207 1.37672901 1.28242588
    1.16514909 0.530605197 0.841955662 1.04830337 0.877846837 1.04217482
    1.024405 1.13267922 0.632302999 0.956235766 1.2304635 0.809104919
    1.37813187 1.01558137 0.6878438 1.50022304 1.22957456 1.38452554
    0.987867594 0.995843053 0.583408713 0.686441064 0.783648133
    0.516566038 0.930457652 0.728735268 1.04541636 0.991066813
    1.40396094 1.45508862 0.783447742 1.27641034 0.777874172 1.41391706
    0.586165905 0.729591668 0.654996634 0.829501748 0.641162515
    0.818829477 1.35056484 1.12430227 0.826765776 0.81422013 0.506389618
    1.1233412 0.876595974 1.06769848 0.736026227 0.643906772 1.16978776
    0.823097229 1.29085481 1.51321125 1.35031807 0.615676224 0.956303656
    0.984520316 0.918757915 0.944434643 1.3619051 1.14263225 0.986616075
    1.42440712 0.59534055 1.14176476 0.510562897 0.603876054 0.914276838
    0.889855087 0.870493889 0.562307596 0.616541326 1.3588841
    0.940720379 1.28229916 0.906398296 0.95745784 0.794330895 1.48177695
    1.3681457 0.61715275 1.32508934 1.45943201 0.784345925 0.966916203
    0.84521538 0.851215124 1.35654604 1.29227245 1.36224794 1.01455891
    0.859746814 0.594672859 1.1347152 0.654543579 1.12723053 1.50324166
    0.962329566 1.1438241 1.33993292 0.889115155 0.83894217 1.43818438
    0.980193317 0.543041587 0.769274771 1.27515435 0.506196558
    1.10643518 0.659561157 1.00543523 0.594048977 1.03564405 1.30927539
    0.92725414 1.34512675 1.44021809 1.55506361 1.15250742 1.12858844
    0.642599881 1.0002805 1.28624201 1.34138751 0.839160442 0.608381331
    1.1615417 0.971881509 0.709391773 1.33154833 1.36746061 0.575038731
    1.1595279 1.20412564 0.736177146 1.23046672 0.768102765 0.74257338
    1.32846153 0.673448801 1.34511387 0.837516189 1.43712735 1.03923476
    0.690904081 0.71570605 0.979544759 1.15765691 1.1120491 1.21241045
    1.2746861 1.24054027 1.40221798 1.3438096 1.09148145 1.43018627
    1.01749635 1.30434251 1.33666277 0.917735994 1.3567735 0.678690314
    0.857807517 1.11309099 1.23856008 0.961785436 0.886050284
    0.907426596 1.36717129 0.905185044 1.26535141 1.20522368 0.789586842
    1.05622149 0.895401835 1.26341367 1.25099528 0.856447637 1.52540648
    0.787507653 1.53380585 0.954843044 1.13589633 0.605194807 0.85310173
    1.33288801 1.03115284 0.976309836 1.22634768 0.875876486 0.584924877
    1.25039351 1.30147803 1.17620516 1.15430188 1.28103566 1.12589741
    1.10026908 0.715473592 1.2652967 0.672365189 1.04864109 1.5534519
    1.39763188 1.03094506 1.46743071 1.18518353 0.904040754 1.40103543
    0.987075865 0.625357151 1.18984878 1.1039809 1.38275433 0.513857126
    0.410270721 0.481004417 0.369033605 1.10160565 0.514879286
    0.725229263 0.495851398 1.12710428 1.36162496 0.89051491 1.32614946
    0.814996779 0.506563663 0.570310056 0.783178031 0.591023982
    0.964080274 1.44621015 0.980342269 1.25154746 1.0933311 1.08869112
    1.49786735 0.823308408 0.917003155 1.12836218 1.34408402 1.50856578
    1.51514316 0.767882586 1.1453948 1.08519411 1.25753212 0.94125545
    0.915094256 0.734256685 1.08358383 0.805192709 1.29830849 1.00452793
    1.29004419 0.903999209 1.2206434 0.871431112 1.30928147 1.44466436
    0.677764297 1.2283299 0.614875555 1.15042067 1.57747591 0.622511744
    0.970739484 0.71357888 1.54562128 1.15310717 0.702039897 1.38329494
    1.2546289 0.637380242 0.848014295 0.53970319 0.517974436 0.83145839
    0.782597899 0.891755462 1.31944466 0.76467979 1.28479064 0.726002276
    0.998622417 1.2041055 1.11673307 1.45314813 1.04433513 1.33310354
    0.695316255 1.26889813 1.31001019 0.938124776 0.607021868
    0.714763641 1.46535861 0.783086658 0.608555377 1.21900094 1.0679661
    1.01540816 1.5220015 1.13819301 1.05526555 1.08146322 1.19394875
    1.03772569 1.52190888 1.04474294 0.894694269 1.32249892 1.40397441
    1.40373206 1.11592412 1.25872159 0.774133503 0.958500743 0.578540146
    1.07206273 0.754930019 0.760048449 0.916636825 1.05097806
    0.871611476 0.527839661 1.23270571 0.780156732 1.07897377 1.47166836
    0.671250284 1.30762076 1.19791234 0.778994739 0.833193302 1.50835717
    1.31188715 1.12194526 0.569259405 1.00292814 1.53101361 0.954997778
    0.725022137 1.31748128 1.42460859 1.45448697 0.996582568 0.910354912
    0.675077796 1.15299046 0.724749267 0.917926908 0.988020241
    1.39937639 0.782500088 0.771759748 0.643352926 0.538738787
    1.28729963 1.36643684 0.875031054 0.58206594 0.894353747 0.508225322
    0.953644156 1.28412879 0.977666795 0.664160371 0.61244452
    0.900545001 0.59549582 1.36275983 0.830500484 0.688067555 1.40274382
    1.42738914 0.691872656 1.35186124 1.08154774 1.04455101 0.798855364
    0.516344547 0.526039481 1.16735566 0.534779727 0.939350128
    1.46130764 1.03654122 0.556461811 1.48119009 0.787777662 1.42561221
    1.48318851 1.18706501 0.789251566 0.678486466 0.819988728 1.42239165
    1.37884128 1.40763175 0.761648297 0.791932821 0.609390676 1.13033926
    1.52763224 1.14276576 0.979849041 0.772058129 0.792579651 1.5531764
    1.59880269 0.690206409 1.58602774 0.975677729 1.0132798 0.608636558
    1.49894428 1.15441394 0.720908463 1.04068375 1.01342165 1.35304058
    0.774957299 1.45063794 1.47274148 1.09552073 0.547070742 1.45394397
    0.717537344 1.37939548 1.0700047 1.04474556 1.1627115 1.06872451
    1.09894669 0.60673821 0.74322772 1.387344 0.816313922 0.779669046
    1.33424604 0.741246045 1.25526845 0.760327876 1.34768629 0.769931793
    0.852223873 1.29240847 1.53998542 1.53767705 1.04528689 1.40573192
    1.09442341 0.71400708 1.19061947 0.653786898 1.16543341 0.870539486
    1.43389416 1.55506992 1.62627268 1.523206 1.48424387 1.2092241
    1.2244674 1.36643982 1.25144327 1.25738442 1.224877 1.32888222
    1.40156388 0.970610619 0.81261909 0.518055856 1.00069118 0.947813869
    0.974572778 0.529190421 0.84958303 0.877202988 0.593012631
    0.855726004 1.05018878 0.744150162 0.894815087 1.35210526 1.47871447
    1.05562794 0.889245212 1.07603753 0.673612535 1.04981112 0.965342999
    0.595603585 0.806186974 1.16031265 1.3920505 1.05649757 0.894223571
    0.985577345 1.28822458 0.849048972 1.10534024 0.739471495
    0.963005304 1.52684522 1.5374608 1.23507714 0.676135778 1.38295853
    1.3209461 1.2420975 1.34456074 0.793180466 1.07721198 1.40152776
    0.849740863 0.844760537 1.37138283 0.681094289 1.2888993 1.58772743
    0.833261907 0.753635168 1.32978797 0.752566814 1.2371676 0.539928794
    0.592718422 0.784155071 1.34777582 0.689988256 0.776272655
    1.00464213 0.625394046 0.840755999 1.26651073 1.53714049 1.21642339
    1.08524227 1.15802372 0.687421799 1.48425543 0.580654979 1.13231826
    1.34475243 0.639037371 1.01988637 0.804070175 0.785104275
    0.556035638 0.57079649 0.672832668 0.544212162 1.45940113
    0.805263758 1.39347494 0.959222317 1.26842141 1.38222659 0.659292996
    1.0715493 1.34517622 1.46846986 1.11493051 0.839672923 1.41920626
    0.664612412 1.02896774 1.20020103 0.803756058 1.11359823 1.51663756
    0.742558837 1.15468729 0.690080822 1.00432813 1.04777873 1.29974842
    1.42445683 1.18448234 1.40366626 1.16968167 1.05516875 0.707612991
    1.51805604 0.908441484 0.765883684 1.45783281 0.927323043 1.0759362
    1.23718536 0.833476543 1.32044363 1.15343261 1.20991826 0.659459472
    1.51146913 1.15608203 0.73149842 1.29712284 1.36304963 1.12144804
    1.13726604 0.980237603 1.06313443 1.47048366 1.00145078 1.31004572
    1.09057653 1.06906414 0.992355645 1.05015433 1.49382615 1.14967394
    0.522697508 0.960994303 1.38109219 1.17800951 0.572194815 0.97757411
    0.684355855 0.673505306 1.2071501 1.19182253 0.879656911 0.808659136
    0.982349098 0.830194294 1.46746171 1.49057913 0.603084266
    0.820436358 0.953143835 1.20477748 0.557011366 0.768919885
    0.815393031 1.38465595 1.19203508 0.916399896 1.45643008 1.30777764
    1.15583766 0.686696172 0.783583045 0.635067463 0.969780445
    1.29606092 1.09868276 1.38962889 1.53438652 1.01874006 1.16008711
    1.52830195 1.18221736 1.43758619 1.24231029 1.37258565 1.08917975
    1.32227826 1.12565482 1.17330563 1.27019155 1.08005488 0.934110105
    1.61587203 0.671207726 1.56440914 1.07069945 0.745125592 1.32665908
    1.00682199 0.894374609 0.59631443 0.572068751 0.532550275
    0.863361478 0.858624458 0.952305496 1.19508958 1.04504621 1.30947292
    0.760694861 0.713415384 1.25613773 0.95332247 1.43767285 0.767057776
    1.3663708 1.43703043 1.16575789 0.64441222 1.35894167 0.730954289
    1.1976856 1.04709554 1.42298877 0.511127949 1.09274256 0.856571376
    0.750218749 0.581512153 1.31027651 1.28017855 1.08143258 0.998971939
    1.183442 0.83503294 1.13378763 1.30180991 1.07330871 1.3513211
    1.48520386 1.07338548 1.30007327 1.45928645 1.17297447 0.959194839
    0.897733033 0.724150956 0.939842224 1.02742183 0.766581357
    1.25887489 0.976558447 0.934336841 0.440897971 0.414643735
    0.925714612 0.921595693 0.68406862 0.801755667 0.818133414
    0.634147286 0.511252463 0.475538194 0.690720916 0.566962004
    0.521312177 0.582383335 0.802324653 1.0458138 0.981660187
    0.649133742 1.32658494 0.883399546 0.850911915 0.665514708
    1.14978933 1.281353 0.619440138 1.28200173 1.54919672 0.692500889
    1.1740526 1.37597668 1.47777665 1.09675312 0.74679637 1.43210375
    0.589059234 0.8125 0.574492455 1.21590686 1.47374463 1.1733681
    0.98646754 1.33611512 0.978886008 0.607095838 1.16905463 1.42434907
    1.41739047 1.051723 1.59139633 1.27889049 1.28189206 1.59091628
    1.46047163 0.798872471 1.43460584 0.975208461 0.716595709
    0.780919373 0.679453015 0.703997612 0.683486342 0.564693749
    0.726222932 1.35830235 0.759263158 1.20095503 0.876787961
    0.826759219 1.38519871 0.777465761 1.21636128 0.961381018 1.18232381
    0.713383615 1.20286155 1.21679103 0.736777186 0.907168686 1.23620641
    0.489237159 0.705829084 1.01206529 1.38485181 0.837758541
    0.582251012 1.45891666 1.29142547 1.05706966 1.25028443 1.51715267
    1.53806889 0.989823043 1.30540276 1.58750236 1.02330363 1.10397863
    1.1477195 0.609717309 1.18542814 1.30352545 0.893313766 1.32568359
    1.16159785 0.623992562 1.50623202 0.522266269 1.12357759 1.45688534
    0.604450464 0.590744555 1.03225601 0.810029209 0.95450747 0.75058347
    0.743260384 0.704185545 1.42360067 0.753249049 1.44441962 1.11330557
    0.807178974 0.859360337 1.43939972 0.964898348 1.11338115
    0.892369866 0.636165261 0.778014123 1.39828539 0.765768111
    1.27559769 1.04811072 1.11602759 0.59345305 1.23243952 0.578295708
    1.50043428 1.29197133 1.16566849 0.708330393 0.732664526 0.616811633
    1.43475795 1.00201523 0.59621352 0.48733905 0.80362618 1.01457238
    1.35201764 1.33372915 1.42982626 0.811260939 1.21957195 1.36592197
    0.907362282 1.3207655 0.609753549 0.964442432 0.768738568
    0.762203097 1.38121474 0.684587419 1.24713373 0.834251642
    0.859694481 0.908290744 1.227772 0.825631022 1.12893283 1.12848079
    0.649368644 1.09818733 1.20722151 1.40593612 0.633229911 1.20586169
    0.800740123 1.32810295 0.964284301 0.985680521 1.29284203
    0.825332999 0.943966389 1.03869736 1.32558167 1.49182963 1.49958014
    0.783165991 0.748017788 0.676894784 1.52376723 1.31366515 1.29795575
    0.953449726 1.3066932 0.657723784 1.14812756 0.615320742 0.623844981
    0.651954532 1.45897615 0.666684866 0.783409119 1.35239065 1.12605655
    0.770697176 0.982127905 1.10722804 0.989856839 1.15192199
    0.824049711 1.01899385 1.53715348 1.52662241 1.47326267 1.47408259
    0.582627118 0.685820639 1.16149652 1.38400722 0.924053311 1.30431986
    1.38573337 0.642821848 1.46876121 0.770315647 0.847040832 1.41346657
    1.22940195 0.55211556 1.4620049 1.41369116 0.674832821 0.927608311
    0.879461527 0.704727769 1.51776862 1.55781293 0.874916732
    0.800387442 1.01485777 1.05400705 0.624011755 1.05995893 1.52699709
    1.44518554 1.32082522 1.51033592 1.11437559 1.23157871 1.38212037
    0.920306146 1.2218312 1.29729044 0.94624722 0.714197516 0.891373515
    0.682266533 0.862088978 0.788485885 0.67332077 1.1393553 1.09205544
    1.35660338 0.532895923 0.862946153 0.77325505 1.02099884 1.24596548
    1.15521312 0.620183885 0.85442251 1.3439281 0.757603765 0.931681991
    1.11910951 1.26250017 0.594628036 1.20462918 0.751297414 1.53365934
    0.968124092 0.973362565 1.43759096 1.20875216 1.12202549 1.54947305
    0.833429456 1.46765935 0.90397054 1.57100558 0.835033953 1.18564057
    0.931626558 0.977854669 1.28449309 1.11402369 0.903982341 1.05964518
    0.877655387 1.09193039 1.16873729 1.37777698 1.31432581 1.56456184
    1.15031385 1.43314731 0.831319034 0.881674349 1.32294846 0.79744792
    1.50609112 1.08715343 0.956887126 0.842415869 0.587891459 1.1303612
    1.1890502 1.15848053 1.11892176 0.609780014 0.742385268 1.38525021
    0.757973075 1.39694989 0.895815432 0.760620654 1.18069839
    0.943470418 0.526627481 0.894331336 1.4139024 0.888669491
    0.726027727 1.36081588 0.726855457 0.654912353 0.62934202
    0.561238468 0.887234628 1.46130443 1.16403818 0.694850981 1.40303195
    0.670555115 1.43226719 1.33811402 1.28245318 1.30195951 1.26264596
    1.57927489 1.07564878 0.981614709 0.736410439 1.27542424 0.743909776
    1.06140232 0.978437662 0.894829214 1.47675931 0.989409566
    0.597010911 0.695382893 0.501232386 1.24353182 1.04960179
    0.583940864 0.486205161 1.23003411 1.2417376 0.519324064 0.770945191
    0.936048329 0.557709217 0.60130626 1.45186985 1.08078015 1.40097022
    0.671803653 0.70051378 0.561470509 1.43901455 1.35665929 0.938917816
    1.27321422 1.14324605 0.57858938 1.16116619 0.620475471 1.03297937
    1.31007254 0.761003852 0.70658493 1.36836207 0.769925952 0.971603334
    0.695317924 1.02445364 1.14434814 1.18623185 0.909081161 0.494399965
    0.751373887 1.00005567 0.902068973 0.681190729 1.15188277 1.0146513
    1.4390018 1.02896094 0.585793257 1.01075721 1.38887835 1.48746538
    1.00535011 0.613590479 1.09160376 0.892617226 1.26018369 0.912496448
    1.28235543 1.01561379 1.19033444 0.907289982 0.75020355 0.961666584
    0.83056289 0.58357513 0.994195342 0.67271626 1.27622223 1.52169049
    1.06523645 0.906260788 1.00582314 1.34721589 1.45322204 1.51109791
    1.22052336 0.771112442 1.11450887 0.883402169 0.563730001
    0.677848637 0.704778254 0.912509918 1.12180686 0.814499676
    1.49619186 1.4572227 0.838844717 1.58643472 1.02297556 0.884949565
    1.48107266 1.56275392 0.848785818 1.16008389 0.722816944 1.22081995
    1.17172384 1.23719966 1.54367363 0.598355532 1.2120378 0.627272904
    0.747144401 1.21000683 0.784128666 1.49297786 1.50636733 0.543947518
    0.91569519 1.15498364 1.3032831 0.633946598 0.632432282 1.44229376
    1.04720223 1.4217118 1.29571569 0.868972003 0.835515082 0.85457772
    0.779366434 1.07399786 0.815499604 0.999557018 1.1329844 1.09226882
    0.781287611 1.23402107 1.26060069 1.23517227 1.05354023 1.461954
    1.54360092 1.34737694 1.3719523 0.643229961 1.19244087 1.10412598
    1.20721221 1.56379437 1.30417502 1.33214307 1.2324667 1.27601516
    0.680767834 0.740245163 0.499251604 1.07552922 0.513851285
    0.854910374 0.784577429 0.397267908 0.962972343 0.956629455
    1.24968505 0.791365385 0.478325963 0.587631106 1.07351446 1.25717366
    1.18583834 0.746816874 0.720917344 0.598098338 1.28553534
    0.782849312 0.990632474 0.552387714 1.2883234 0.622785985 1.3021543
    0.634184301 1.15357065 1.00318539 0.803806424 1.36328435 0.68678993
    0.808270216 1.21701002 1.52538848 0.926148355 1.38789546 1.0176605
    1.58114624 1.2199955 1.51942801 0.939559519 0.98523438 1.46317947
    1.1329782 1.1172483 1.52619576 1.15721846 1.50008452 1.21651709
    1.29900265 0.625560343 1.42726529 1.56149137 1.40322602 0.986064851
    0.662197649 1.17331469 1.37619078 0.595662534 1.42589688 0.634274483
    0.774084151 1.13491273 0.743357003 0.949914694 1.50985026
    0.796667576 1.42601573 1.09203553 0.813705742 1.11798024 0.524149358
    0.68105042 0.690313995 0.799504638 0.755454719 1.44357145 1.08002269
    1.34059739 0.826399088 0.620411098 0.808603764 0.54513061 1.50632548
    0.859850287 0.939067483 1.35585904 1.45308101 1.00433755 1.298316
    1.52632415 0.721144676 1.59438944 0.863239169 0.820261478 1.61563516
    1.40728509 1.15395117 1.13241673 1.21310353 1.06052434 1.47609329
    0.681149662 0.929803312 1.29568696 0.564635575 1.11240208 1.05451643
    1.11904609 1.16698873 1.20878887 1.14988077 1.48607135 1.06635082
    1.11505187 0.530819237 0.660900295 1.48979974 1.28314507 1.27471387
    0.770881891 1.43826115 0.892566204 0.962416112 0.730898201
    0.651875436 1.02818489 0.796705306 0.624001324 0.55907613 0.87422359
    0.708269119 1.15876627 0.962440312 1.06994963 0.605194867 1.09706891
    0.567291856 1.21334922 1.03457677 1.27414548 0.812171161 0.897120953
    1.13346696 1.10418022 0.641439676 1.11530674 1.32706487 0.967140734
    0.732155144 1.03465652 0.665752411 0.968470395 1.02374768
    0.878419518 1.01467299 1.40174294 0.825174809 1.06451607 0.658959806
    0.767711103 1.23720789 1.17173743 1.36167014 0.870421052 0.624856234
    0.70690763 0.720762312 0.572212756 0.499474347 1.35559464
    0.660090685 1.07272327 0.570844114 0.84854275 0.790891171
    0.757724345 0.721197724 1.36266148 0.923167467 1.49286759 1.17363155
    1.26861203 1.03978825 1.20990956 0.713730752 0.754222095 0.874946117
    1.22536981 1.37109923 1.24394715 1.15234816 1.13585651 1.16551292
    1.11619961 1.24296582 1.50577581 1.39849377 1.32961202 1.03072751
    1.25884461 1.32756937 1.31113672 1.28762829 1.35821211 1.32037163
    0.828088343 1.36723626 1.13781667 1.52246475 0.579308748 0.917709589
    0.940397501 0.892111838 0.751643538 0.856563091 0.731741369
    1.49067843 1.0763793 1.07239258 0.940129161 0.557784379 0.653710663
    0.66313082 0.601956487 1.29536235 0.730838478 1.03052998 1.19735909
    0.592094362 1.53161204 0.881609678 1.0441407 0.618223965 1.08202088
    1.22939134 1.0113219 1.10700047 1.42776871 1.07237983 1.07157624
    1.02977884 1.1038518 0.741794586 1.29905319 1.19965088 1.30518484
    1.07380116 0.940373361 1.50882185 0.641376078 1.4145484 0.745125055
    1.54261923 1.28574002 0.811474264 1.11851168 0.57259351 0.501462102
    0.372789711 0.388120443 0.783902645 0.878884256 1.32236922
    0.720159948 0.71232301 1.02043235 0.90545094 0.846912801 0.629728675
    1.37051797 0.664196134 1.50036716 1.24157429 1.27494085 1.29858518
    1.25913608 0.619618595 1.00637186 0.927577138 1.33744931 1.03452456
    1.22285867 0.932766497 0.863215685 0.992674232 1.29228044 1.57489967
    1.05281937 1.12838531 1.52178991 1.2486763 0.985966206 0.901272714
    0.909267068 1.35549641 1.42817533 1.56930339 1.35780597 0.7628389
    0.709128976 1.44725931 1.04292381 1.172194 1.31341553 1.49376011
    1.27016079 0.626466155 1.37531185 0.627159774 1.03423786 1.34152353
    1.19723392 1.35184968 0.865909398 1.16787648 1.04935908 1.14013863
    1.18156207 0.869883001 0.628038466 1.20388579 1.13177907 1.06810439
    0.771491647 1.26230621 1.50590515 0.66700846 0.870050907 1.42285657
    0.732088387 1.03034449 1.01746583 1.27035367 1.42315078 1.05843282
    1.21685457 1.10685158 0.924487412 0.539686203 0.973163307 1.40136981
    0.738779783 1.16671765 0.883644819 0.741127372 0.752365887
    1.44750452 1.17195141 0.893272579 1.48884737 1.40215623 0.737543166
    1.16862357 1.40916145 0.673951566 0.818478107 0.941672862 1.2435112
    1.06100631 1.50760984 0.7295385 1.01967239 0.939892113 1.38375378
    1.08378518 0.633381367 0.604834616 1.05532777 0.843671262 1.50255978
    0.989660323 0.695020378 0.627366066 0.717007935 0.910043597
    1.20222962 0.73210758 0.818597138 0.603464842 1.04898632 1.15598011
    0.698628724 0.551487207 0.683920205 0.777784109 0.528468311
    1.36074042 0.884364247 1.4334805 0.654013216 0.622557521 1.07057238
    1.11611629 1.19993985 0.668364286 1.37949204 0.63355422 1.52207828
    1.21861196 0.812675834 0.740356266 1.26061356 0.848645568 1.14353025
    0.72399503 0.696872056 1.56356251 1.21382439 0.707508028 0.632784486
    1.31373906 0.661194265 1.44118643 0.785053849 1.54093862 1.54257667
    1.45228136 1.4179014 1.0228548 1.32918227 1.09580481 0.591737926
    0.868442237 1.30691028 0.864946008 0.661615789 0.832560003
    0.78549546 0.722636104 1.16267288 0.713381529 1.5147748 0.728288233
    0.844006598 1.02974176 1.25044227 1.13535202 1.31686401 1.11239839
    0.75120908 0.690223277 0.618291259 0.711628795 0.806218684
    1.31447518 1.2163285 1.55004907 0.60786885 1.4078753 1.37001574
    0.901401103 1.17957413 1.20179617 1.55404246 0.787680268 1.42997479
    0.820147872 1.16599429 0.762148738 1.45176768 0.836771369
    0.754153371 0.800327063 0.602252245 0.851561666 1.47825861
    0.953123987 1.49870145 0.645222425 1.30768764 0.555603027 1.03227508
    0.631128967 1.32311499 1.39273167 0.934746683 0.952193737
    0.568127453 1.43881011 1.22625768 0.837362051 1.53766799 0.644476533
    1.0443995 1.0573684 1.12716472 0.575466096 0.616478741 1.49147725
    1.13102281 1.24481082 1.15385175 0.986963749 1.4416337 1.26720512
    1.44576418 1.02143383 0.616673052 0.75391376 1.17719996 0.629858613
    1.32143545 0.722572505 1.2350179 0.793938875 1.28420949 0.831203163
    1.41629279 1.34393382 1.14699399 1.04315245 1.34306431 0.853227258
    0.512555897 0.418643773 0.572481871 1.08334994 0.614573538
    0.665185988 0.999415159 0.62085551 1.14499271 0.533322871
    0.808091164 0.989572585 0.521539629 1.00223017 1.34288299
    0.893588126 1.0166539 0.854286909 1.1650964 0.730627894 0.714819133
    1.48787344 0.96018821 0.931979835 0.961474538 0.903411567 1.34630573
    0.795754671 0.603484929 1.08099151 0.679608464 1.06028569
    0.714479208 1.13250005 0.78849721 1.16055501 1.10716558 1.42985511
    0.965075254 1.08199847 1.03942418 1.30324972 1.10655916 0.651168287
    1.23571014 0.950019181 1.26713645 0.900479674 0.81611824 0.727956593
    0.861188114 0.699504137 1.4927702 1.19433308 1.39328182 1.16903234
    1.10415888 0.90462321 0.607459903 1.55046701 0.876707673 0.930554926
    0.82199353 1.11646605 0.581605196 1.19364858 1.14086366 0.807363629
    0.772811413 1.41988015 1.41176546 0.941432774 0.962548077 1.45373499
    1.26077604 0.975131333 1.0984056 0.997808099 0.617826045 1.29165983
    0.608949006 1.26685703 0.853941441 1.29896152 0.533329904
    0.617339313 1.07394946 0.622479081 1.14169896 1.49415648 0.933992088
    0.970009804 1.37987518 1.62335873 1.38874412 1.44653666 1.12766492
    1.04534936 0.752978384 1.29062319 0.796421409 0.64542973 1.28045225
    1.03792369 1.36051226 0.796822369 1.13379383 0.521500826 1.04211581
    1.01468861 0.778763533 0.939011037 1.09112132 0.940088272 1.45195699
    0.79966259 1.08810496 0.691147923 1.13281357 1.53172827 0.538564026
    0.581126153 1.34463048 1.00535333 1.14236093 0.7098189 1.05928779
    0.657034516 0.887089014 1.32373428 0.87285167 0.75318706 0.949701011
    1.48483539 1.3093394 1.29870367 1.39381719 1.4798224 0.749943733
    1.01019001 1.38312984 0.540645659 0.675757587 0.848632991 1.20121038
    0.595646501 0.938667834 1.25648081 1.35072255 1.27587795 1.25002301
    1.47662997 0.603845894 1.50006223 0.805574477 1.28526366 0.989819467
    0.623557627 1.46609402 0.765474856 0.687057853 1.07174981
    0.682949424 0.972128987 1.49355471 1.0773375 1.28095984 0.912385702
    0.975959539 0.978790462 1.51207018 0.912923813 0.753592491
    0.962633193 1.10253942 1.49536777 0.67864871 1.31966734 0.953415453
    1.54977465 1.32013142 1.30477154 1.4995445 1.22797835 1.42916775
    0.543702722 0.744482219 1.16842639 0.590818405 0.742427409
    0.728579104 0.927010655 0.65781641 1.0795083 0.947468162 0.923380971
    1.55594671 0.593096495 1.33548379 0.635010421 1.06223929 0.891155183
    1.55481935 1.16541433 1.131194 1.07755399 0.947680771 1.54853976
    1.08486891 1.16737008 1.51226246 0.669298649 0.623216212 1.20229006
    0.676126003 0.757628798 0.798942804 0.716847301 1.19567382
    1.38433647 1.39101076 0.572532415 0.599300623 1.18608797 1.18363225
    1.50037277 0.850910723 1.50447965 0.609173238 0.990380883 1.25378561
    1.38713288 1.4598676 1.48690331 1.0750519 0.647689283 0.570687652
    0.786210179 1.19226885 0.984201729 0.625579357 1.52128601 1.3176626
    0.707788348 1.15375173 0.921482801 0.739464283 0.780138731
    1.43843317 0.972311795 0.817824662 0.921273351 0.874660552
    1.10213816 1.08856368 1.39868128 0.516349196 1.03355348 0.589372635
    1.21422243 1.39248455 0.75415343 0.739094794 0.640314877 1.15019834
    1.44174039 0.928579867 0.82525003 1.28894365 0.747093916 0.917358398
    1.35152686 0.717102468 1.51589704 0.996772528 0.725159764
    0.923302889 1.23466563 1.36948359 0.656115234 1.03035986 0.700617135
    1.21893501 0.944186211 1.06584156 1.3318162 1.33762169 1.26149523
    0.823194921 1.53355408 1.54005265 1.13766754 1.09303367 1.33543742
    1.12199771 1.42671001 1.37222338 1.54140902 0.727651656 1.28476143
    1.31675196 0.751194298 0.594789147 0.63863039 1.42037535 1.00822878
    0.906776071 0.732464015 1.54254937 1.30959594 1.03307939 1.53661585
    1.47381818 1.24604762 1.44934714 1.50896311 0.720922291 1.32115769
    1.37043142 0.64210546 0.635345936 0.929253459 0.59023881 0.541515887
    0.784896374 1.29997921 0.749922454 0.601361036 0.89134568
    0.654086113 0.94615382 0.878182948 0.886362553 1.46132863
    0.933777571 0.623633802 1.34666038 0.661402524 1.04443121 1.13884878
    1.28313661 1.06917477 0.80734545 0.655304611 0.728918254 0.912701845
    0.954694092 1.44505131 1.28789425 0.849988997 0.91933322 0.866016209
    1.22299731 1.5752368 0.912565589 1.4891187 1.32471776 0.89348042
    1.02250493 1.3528707 0.789254427 1.31403685 0.851647198 1.08688807
    0.547757208 1.04948187 0.586632073 1.14370298 0.652718127
    0.549410343 0.748084545 1.4242177 1.04469025 0.846253812 0.993325233
    1.3932333 1.08763421 1.12799001 1.46687341 0.966419458 1.07595646
    0.566736639 0.615848362 0.968569279 1.32977998 1.40149963
    0.861507237 0.702079654 0.901619971 0.721619189 1.31705618
    0.818096578 0.586914837 1.35240245 1.29217184 1.42499495 0.631437838
    0.934647381 0.765897453 0.591501534 1.21637082 0.892266393
    1.44222534 1.52231371 1.01531708 1.04422796 0.72622174 1.04093671
    1.31996346 1.27783656 0.789069533 0.664793491 0.791073143 1.18895447
    1.31054449 1.18710291 0.924378395 1.09991968 1.3894012 0.748615444
    0.743351817 0.958679855 0.726621151 1.43515432 1.50663853
    0.669851005 1.43709123 1.3122052 1.05889392 0.877120852 1.14121234
    0.688345432 1.43123245 1.11504233 0.887698948 1.3002373 0.829580426
    0.929240882 1.51130891 1.33092833 1.11713719 0.844893336 0.969905555
    1.4930892 0.610554934 1.21323121 1.38193655 1.32036448 1.44986999
    1.27105248 0.976496637 0.683180273 1.59083211 1.53354836 1.45454121
    1.02295423 0.822489023 0.979569435 0.759581804 1.5570575 0.774414957
    0.675255895 0.982503116 1.15584028 1.40298307 1.45764613 0.64882791
    1.01657546 0.803204954 0.58664149 0.861531913 1.15827107 1.14234352
    1.15181804 1.3641994 1.29179227 0.784806371 0.707212985 0.736667514
    1.47600055 0.98109591 1.49167395 1.23925388 0.801809728 1.30282903
    1.50294042 1.09224665 1.0243727 0.643990457 0.947018445 0.778397441
    0.64222306 0.69649446 1.28597009 1.15544724 0.917798817 0.909340799
    0.73049134 0.670291781 0.559323907 1.05284607 1.03883517 0.747385085
    1.18739116 0.565402865 0.995752037 1.5282743 1.42039967 0.602255702
    1.3342452 1.05774391 0.975537002 0.882582903 0.961984456 0.526986659
    0.934860885 0.550405025 1.33768702 1.00810063 0.760440111 1.25717652
    1.40575194 1.45613897 0.781688094 0.5546422 1.09662211 1.51673329
    1.49764395 1.181952 1.20114505 1.38895297 0.578119576 0.650266588
    0.987956166 1.01529253 0.674013734 0.731322348 1.26813233 1.07375264
    0.643217623 1.38426435 1.25891757 0.630924821 1.21296167 0.961840272
    1.37249637 0.845620871 0.652016103 1.55197406 1.31653416 1.44299448
    1.49454582 1.37102127 0.976145744 1.24690402 1.20278776 1.50849795
    0.631426573 1.3146944 0.701498866 1.04532444 0.578571618 1.47278678
    0.743458152 1.43321943 0.972523212 0.790234745 1.18024969 1.43372202
    1.19766378 0.949300408 0.989142537 1.12245572 1.28860462 1.35453808
    1.28483117 1.47164011 1.38006866 1.50723863 0.663466513 1.01008892
    1.11184418 0.941978097 1.42768514 0.552037835 0.865043104 1.16559601
    1.02758729 0.815253139 1.12720323 0.895404279 1.0922358 0.977674961
    1.34576309 1.34120882 0.857858956 0.619872808 1.21773505 0.778391302
    0.967981935 0.968790293 1.36238825 0.648125648 1.20457172 1.57256854
    1.19063151 1.06320465 1.25870478 1.03969872 1.25096989 0.595809042
    0.856760442 0.869591057 1.13985109 0.610285819 0.904032886
    0.936110914 1.44282091 0.575210989 0.731726825 0.975651741
    1.27018893 0.570124388 1.43204081 1.01612949 1.24977148 0.772485971
    1.50094819 1.3001523 0.991249263 0.530124784 1.21680522 1.01162255
    1.02967572 0.735017419 0.700771809 0.909079552 0.849045575
    0.668772697 1.43913043 1.23883891 1.23290539 1.38060331 0.927748501
    0.788329601 1.1623857 0.633420169 1.47929037 0.88317883 0.890331209
    1.19835198 1.368626 1.31798482 0.813095927 1.11923707 0.708550274
    0.639808118 1.13316476 1.08665097 1.10429931 1.00334811 1.55465758
    1.53562498 1.45934176 1.19383144 1.05981052 0.577933133 0.941602349
    1.50512803 1.27183402 0.93447566 0.917584836 0.923669696 0.827967107
    0.817080677 0.569507182 0.596831799 1.11045778 0.951649249
    0.579365253 0.689030468 0.872559011 1.27302969 1.25438273 1.53210592
    1.30291784 1.00106537 0.843344629 1.31404233 1.25261307 0.630646527
    1.42943633 1.22429979 0.947760701 0.83112669 1.52968621 0.619644046
    1.0554105 0.828521311 1.3479166 0.914207339 0.834632933 1.34421289
    1.18432057 1.45763659 0.689405978 1.5202142 1.36117399 0.966723323
    1.4164052 0.894046009 1.32197905 0.711437881 1.2297225 0.907175243
    1.56552756 1.20719528 1.26559865 1.17348826 0.970646024 1.20319569
    1.36041725 0.735585213 1.37855268 0.991624594 1.24109221 1.18847275
    1.12042415 0.96309638 0.949684024 1.04776633 0.723537207 0.879891515
    0.936874688 0.698194504 1.03354692 0.859490395 0.934941709
    1.41612029 0.976929188 1.5550139 1.03022814 0.803464651 1.09130669
    1.49081242 0.60129112 0.795093238 1.23800409 1.07621813 1.35778046
    0.946470976 0.581198871 0.633114994 1.36510158 1.41789782
    0.575478017 0.98707366 0.646086693 0.601241291 0.745459557
    0.649205267 1.5123291 1.01233697 0.818574965 0.691391647 0.692882895
    1.16798663 0.816887736 0.541052699 1.29131162 1.2900672 0.481728315
    0.664824069 0.698180497 1.51387691 1.25933421 1.22042632 1.11222625
    0.927272618 1.07303536 0.628196061 1.15996659 0.830382705
    0.602426231 0.7132231 1.36864078 0.667391598 1.13745201 1.34182143
    0.626366436 1.40554845 1.11989689 0.90973264 0.962741137 1.38760376
    0.661296248 0.738596022 1.0169704 1.31608605 0.524761558 1.29333091
    0.739571691 1.50407517 1.15865004 1.50778759 1.33267927 1.54711068
    1.49967718 0.954862237 1.12723494 1.51832283 1.24032092 1.0114224
    1.13168919 1.06602848 0.987697542 0.810603082 1.34948087 1.01468134
    0.982356012 1.29661834 1.3683033 1.54181433 1.22270405 1.16857219
    1.50479352 1.00275874 0.779488802 1.18306243 0.570368707 0.921714365
    0.684711456 1.16714692 1.47718263 0.677880406 0.92707181 1.10974395
    1.14390087 0.981846333 1.41468763 1.37283897 0.855413556 1.24439979
    0.692841053 1.12196517 0.791175544 0.755752385 1.47487283 0.89762938
    0.576206923 1.12651217 1.28827906 0.971183062 1.24102199 0.584590316
    0.877153397 0.964381516 1.03713369 1.37567174 1.53387129 1.43849301
    1.36288691 0.96548605 1.44607759 1.5625124 1.03412378 1.22397423
    0.867097974 1.29840434 1.41428101 0.582988322 0.832156122
    0.718201518 0.675401151 1.11881244 0.890351415 0.838766396
    0.863436639 1.49465275 1.50984919 1.2151078 1.02292109 0.895996094
    1.35096872 0.93168503 1.1583854 1.08922195 1.32372081 1.32047355
    0.811722279 1.42538059 1.16425109 0.597446978 0.925738335
    0.986593902 1.37219191 0.595408678 0.57999438 0.694448054 1.30588269
    0.589314163 0.893203914 1.24548447 1.01137066 1.28733444 0.962930441
    1.15684068 1.278054 0.820432663 0.774490058 0.755806327 0.631850779
    0.825798631 1.40603626 1.11902988 0.592672467 1.13217628 1.07420683
    1.4697324 0.563120782 0.901656032 0.724187851 1.11448836 1.38559139
    0.980991006 1.22737324 1.09972596 0.885003626 1.40546584 1.24754691
    1.30247486 0.871030688 1.00616312 0.890074074 0.901134431 1.220806
    1.29504097 0.864786446 1.29146171 1.43557334 1.54363048 1.21195066
    0.966360986 0.897176087 0.618314624 0.640315235 0.624105036
    0.767401755 0.659665704 1.0599165 0.85112685 0.803542376 1.04812539
    0.818741798 0.841784656 0.595354617 0.767563641 1.40409434
    1.09367085 1.2588588 1.17231965 1.1710614 0.825117111 1.43082798
    1.40032947 1.1922015 1.3438592 1.26093793 0.772090197 1.42739713
    1.47376943 1.38879061 1.38082683 0.93810302 0.989413857 1.26871145
    0.957618177 1.48090422 1.1488781 0.633002996 0.821492791 1.08568227
    0.658111155 1.42001414 0.967666268 0.924788654 1.2253623 1.25901568
    0.67182982 1.55363822 1.29924667 0.942430973 1.16462362 1.07790995
    0.885188341 0.865877211 0.933720589 1.2343874 0.746760666 1.30462563
    1.08162785 0.919686198 1.42175949 0.82433033 1.27308106 0.781731188
    0.684202909 1.146281 1.41103971 1.03134823 0.665190637 1.48199987
    1.46801329 1.51459122 0.717881858 1.00568426 0.627726972 1.04339862
    1.25107181 1.15262282 0.83461839 1.30029738 1.5249784 1.00323009
    0.984793961 1.24480546 0.929284573 0.475535601 1.102005 1.282251
    1.48710656 1.06046438 1.02432263 0.685231388 0.544129014 0.706524312
    0.861682296 1.16245639 1.14544296 0.672557354 1.12427962 0.757135093
    1.40045607 1.56582808 0.890084028 1.11836255 0.903296292 1.43938458
    1.43308592 1.48715866 0.692883551 0.866729617 0.914961457
    0.861402273 0.529190481 0.780306578 0.757308722 0.836256981
    1.2035234 1.4400382 0.611409485 0.749343455 1.14332902 0.821914375
    1.32010627 1.44721222 0.90572089 1.34066153 1.34743369 0.907593966
    0.758690834 1.07725322 1.45140135 1.3213017 0.910602093 1.19368672
    1.05214882 0.83764255 1.50228727 1.47322786 0.784002423 1.0673182
    0.613175929 0.946480751 1.42890632 0.973131955 1.42347848 1.42141521
    0.72949034 0.769893885 1.45002699 1.22303712 1.28476286 1.51702082
    0.923811078 0.89618063 1.37271142 1.44006753 1.41765487 0.658202887
    1.42717659 1.43380821 1.39992654 1.27372599 0.553501368 0.89168036
    0.818377256 0.693904161 1.36731768 1.44708157 1.1566875 1.04174507
    1.20429921 1.39009213 1.51354861 1.32162118 0.88298291 0.730113804
    1.39146388 1.52707171 1.55943584 0.735583484 0.85534817 1.01018512
    1.41253126 1.36500001 0.759494305 0.565618157 1.24275851 1.01369894
    1.43795717 1.18185246 1.49860454 1.21596706 0.905555189 1.12209511
    1.52728248 1.16345704 0.84517175 1.06121457 1.43318689 0.643834293
    1.45258486 0.879708707 0.801919818 1.13245618 0.634912014 1.02930617
    0.862739027 0.811954558 1.32648325 0.820904493 0.563385844
    0.907113731 0.533175707 1.31544054 0.940782011 0.930648625
    1.02655041 0.885584652 1.17837632 0.65911144 0.873532832 1.25688195
    0.915985942 1.37049723 1.28863358 1.38038754 0.95637399 1.27238607
    0.82001853 1.05566514 1.25999439 1.40806389 1.33710063 1.38342392
    0.799417734 1.37727666 0.840572119 1.06513977 1.20621097 0.650746465
    0.881322443 1.49405897 1.27865231 1.29451978 1.10826313 1.18733656
    1.16795444 0.515998244 1.16410863 1.13099635 1.13126278 0.622153759
    0.890982985 1.13956249 1.54934609 0.819448531 1.3259505 0.648284376
    0.695295751 1.27988279 0.956966937 0.824914813 1.38724327 1.4287219
    0.866193175 1.20858896 1.21001554 1.10387242 1.14136195 1.44923127
    0.914097488 0.922575414 1.13395441 1.48814046 1.04752767 1.49411213
    0.661057413 0.841349006 1.22146106 1.32765067 1.24190044 1.31038201
    1.16021335 0.667107046 0.880059421 1.26691985 0.741741538 1.46623206
    0.629262626 1.40099454 1.12027216 1.04566789 0.577098012 1.35809481
    0.578034401 0.725038171 0.610382438 1.24112463 0.869516611
    0.922000647 0.755077422 1.54325223 1.21112335 0.7036919 0.631342232
    0.587251902 0.604027689 1.47678876 1.43720829 0.959086597 1.03235114
    1.40919518 0.650815547 0.958984971 1.02259004 0.831400752 1.17345428
    0.773570597 0.764578998 1.48230767 1.44724405 0.884964585 1.42540073
    1.27303946 0.561686277 1.54020846 0.789622545 1.00271475 1.35762262
    0.85301888 1.33803952 1.21386003 0.836035192 0.675506115 1.27106857
    1.13968146 1.22671044 1.21236384 0.885127842 1.27457547 0.798227668
    1.10112989 0.460920483 0.99211973 0.652375758 1.51719654 1.06053007
    1.39121449 1.05796266 1.15922928 0.823577702 1.10357928 0.572868407
    1.42814755 1.18463421 1.2448827 0.892354965 0.95246172 0.953184724
    0.741462111 1.32137799 1.07629228 1.04891884 1.08951938 1.2094214
    0.927542984 1.29909968 1.37033844 0.897133827 0.613885939
    0.935216367 0.844650388 1.15618014 1.19866621 1.30956101 1.32577384
    1.04937446 1.10034263 1.23540103 1.21400619 1.37327933 1.07005501
    1.09682715 0.861425102 0.605434656 1.52762711 0.728760362 1.02997398
    1.26184058 1.53978288 1.13520145 1.39917493 0.938221633 1.570207
    0.927210271 1.02664137 1.09240413 0.664756 1.09116387 0.705916464
    1.43110108 1.14580822 0.639168441 0.896371365 1.09504282 0.66392076
    1.19163585 0.903511882 1.01657128 1.0022707 0.833343744 0.734107137
    1.16822577 1.28049552 0.551597536 1.43961918 0.559176028 1.17154479
    1.09214497 0.597295463 1.09872186 0.771491289 0.755833447
    0.889325678 0.936778784 0.866680801 0.620041311 1.37744832
    1.05798757 1.04243946 1.24282885 0.835778356 1.14194822 1.15037489
    0.754167676 0.938882113 1.35181999 1.07535017 1.14620459 0.639575243
    1.33298051 0.909329772 1.24218524 0.647728086 0.542916417 0.85409081
    0.758637309 1.09261668 0.581657827 1.4535836 0.709216774 1.39013815
    0.742455959 1.06299543 1.44147682 0.875546396 1.49898994 0.920342624
    0.710694075 1.28316355 0.906166613 1.55188286 0.751086652 1.01824558
    1.43757224 1.37268341 0.96776253 1.37093163 0.866143465 0.97461611
    1.15043712 0.813512206 0.740736067 0.78811723 0.751800597
    0.862416804 1.03256428 0.868567348 0.863038301 1.54744864
    0.939586401 1.35018277 0.945524573 0.759411216 0.971520066
    0.855803013 1.4091785 1.53897464 0.877864718 0.581070065 1.14322412
    0.590493739 0.633483768 0.672321141 0.929680765 0.800073981 1.45365
    0.995266616 0.99876678 0.745262027 0.671815217 0.510849476
    0.97509104 0.695875704 0.523042619 0.96454823 0.619093359
    0.881055593 0.953663111 0.897514343 1.48215687 1.05361903
    0.891065955 0.907094598 1.35812497 0.897683918 0.571634531
    1.09827137 0.541056275 0.991954148 0.629757524 0.814900935
    1.12510753 0.811897635 1.10483754 0.623779535 0.963437021
    0.782365501 1.0787499 0.682585835 1.51100063 1.36928689 1.51603067
    0.795686483 0.691889763 1.16907203 1.05128193 1.44039977 1.59038413
    0.748424828 1.29070508 1.1198169 1.26816618 1.05726659 0.755099356
    1.05102456 1.04024005 0.632593632 0.825584233 0.824600875
    0.550810337 0.809035003 1.28475058 1.04670918 1.45641398 0.88810432
    0.594615042 0.845695674 1.36292386 1.52622998 1.11823046 0.836995423
    0.970235288 1.09311986 1.44851577 0.622023344 0.925486863
    0.662709951 1.47359622 0.935758114 0.805621982 0.956337571 1.0132463
    0.644036233 0.648571193 1.38380527 0.961619198 0.57334882
    0.775705516 1.27360797 1.19976985 1.31925416 1.18728578 1.55261433
    1.42583692 1.4603765 1.06564724 1.15423906 0.980498791 1.01952028
    1.11830974 1.34420371 1.18861318 1.34592938 0.665044904 0.694614649
    1.25179613 1.10384405 1.24933577 1.02958477 0.748293579 0.838598669
    1.41850209 1.13680589 0.665993214 1.13380396 0.965150237 1.37389064
    1.04783964 1.23930383 1.24104011 1.44114983 1.39350033 0.87290132
    1.38990176 0.660826921 1.45606327 1.42758024 1.33363795 0.741978407
    0.690913439 0.594920576 0.623489976 0.797624588 1.25142992
    0.72112298 0.912678063 0.566779733 1.28695786 1.3037883 1.21806788
    1.38027287 1.45127046 0.733644724 1.36584604 1.12820077 1.50958121
    0.636086464 1.16932356 1.35693896 1.28160346 0.991813898 0.931995809
    1.45824957 0.748331785 0.805626452 0.739247203 1.47128367
    0.976571441 0.644942403 0.759133697 1.42546833 1.55085433 1.31094015
    0.918342829 0.944946885 1.48017406 0.876856565 0.835411668
    1.55897605 1.45832372 1.10588777 1.17815685 1.25056434 1.39521039
    0.865713954 1.1251359 1.3614409 0.754804969 0.791883588 0.647100449
    1.14990199 1.4655931 0.585148275 1.24091089 1.21539152 0.704460323
    1.35765767 1.34992766 1.26552498 0.892490029 0.621617496 0.732333899
    0.80691427 1.48892331 1.31859612 1.12383056 1.52006125 1.22706246
    1.24404109 0.765688241 0.614230454 0.581779301 1.27046001
    0.852747619 0.847888529 1.54785979 0.961830199 1.39713001 1.43642962
    1.49080193 1.24295866 1.28174448 1.4123522 1.40288222 1.1780231
    1.45167148 0.847306967 0.92584765 0.721350789 0.637317717
    0.726768136 0.573126674 1.39417112 0.720454514 0.561763704
    0.590871513 0.91866374 1.52038836 1.18511879 1.02398515 0.82019037
    1.27190197 1.14622784 0.58999598 1.28665078 0.69987613 1.09412277
    1.02962101 0.951511741 0.488305122 0.828369737 0.826867342
    0.552214205 1.24331927 1.34266877 1.21250343 1.39255619 1.18172646
    1.36483908 0.930298805 0.79839623 1.5178473 1.09985936 1.15388417
    0.682605505 1.51298738 1.41760778 0.648201168 0.784155011
    0.960591972 1.07325065 0.679600596 1.37560844 1.29376781 1.06613159
    1.38011265 0.900284171 0.911405444 0.505447149 0.851986229
    0.766825318 1.49115789 0.695497274 0.680224419 1.37311387 1.27913463
    1.49071431 1.46306765 1.48894548 0.730311751 1.43055606 1.19941258
    1.21274734 0.863405704 0.934640229 1.43796396 1.45610082 0.570011914
    0.898006201 0.577513218 0.719824255 0.946203709 0.575580537
    0.582835853 1.48505366 0.647174299 1.14601064 1.50812376 1.63085699
    1.16387677 1.50884879 1.49690223 1.105322 1.20032334 1.04022968
    1.55190122 1.20635605 0.761188805 1.03246796 0.716868579 0.899140537
    0.947946012 1.02952683 0.792581916 0.677111089 1.41384375 1.23471332
    0.834944904 1.37013292 1.12873638 1.26933837 1.29420114 1.30712831
    0.728826761 0.631124735 1.34865081 0.71203208 1.48512232 1.01076818
    1.09988499 0.613911152 1.24739695 1.42921853 0.956939101 0.867105186
    1.08071387 0.925982952 0.612726033 1.12417424 0.548144698 1.22220874
    1.1246258 0.980035603 0.737806976 1.54752433 0.688495696 0.877822995
    0.849362254 0.903563201 1.49794197 1.57849693 0.948996365
    0.938244641 0.966213346 0.823749244 1.3257606 0.969459593
    0.894039392 1.36174738 1.28835464 0.907158494 0.459914774
    0.981839359 0.969372869 0.786946654 1.02667773 1.29194951
    0.655577898 0.543224573 1.48841035 0.691194534 1.30922914
    0.719113767 1.37602103 0.545033157 1.48206675 0.92537123 1.12107456
    1.2570684 0.875081897 1.31783175 0.887543857 1.39352155 0.591544807
    0.7379691 0.822066128 1.14782965 1.43532956 0.851668775 0.735203207
    1.43815446 0.885196447 1.19791639 1.16744173 0.720014453 1.00667953
    0.753029108 0.91282028 1.50169182 0.909317911 1.33364964 1.37904048
    1.55390155 1.00825167 1.34687853 1.07471311 1.31534934 0.928460002
    1.44004536 0.918014407 1.52771688 1.2302289 0.887072086 1.52901006
    1.18486536 0.704778671 1.23290777 1.47534227 0.580749452 0.817276835
    0.939493477 1.55372274 1.46152854 1.12649131 0.816233516 1.54202616
    1.20191944 1.20404255 1.0476265 1.37925637 1.55719852 1.08522928
    1.0707556 1.3288039 1.36243498 1.07990992 1.46296287 0.628361821
    0.535971701 1.07605743 1.3357234 1.09143889 1.41958606 1.40415657
    0.882173538 0.748655081 0.847966611 0.76542908 1.42331636
    0.832072914 0.777912974 1.37759423 1.11644077 1.55129933 1.25537455
    0.810974598 1.50139213 0.918650806 0.942973197 1.51226461 1.09658599
    0.914018869 1.21679652 0.999554038 1.39916813 1.50794649 0.790198505
    0.742813408 1.14671862 1.54629564 1.47829187 1.54346216 0.91423279
    1.22425699 1.52425778 0.627787769 1.17072415 0.650454462 0.705645442
    1.30315542 1.25569582 1.38231444 1.23144162 1.45098102 1.28244638
    0.640197337 1.18371916 0.852092862 1.24601829 1.1753937 0.806513131
    0.695032239 0.81373167 0.598877072 0.933545053 1.15930367
    0.800996065 0.556271553 0.970607162 0.840353429 1.49151325
    0.941339433 1.2224859 0.994281411 0.843452513 1.13817382 0.798486054
    1.30086875 1.40185225 0.62731725 0.768605411 0.894550025 1.29060912
    1.37215781 0.748248637 1.07262897 1.49871218 0.96921277 0.647030711
    1.20331752 1.36661363 1.0210588 1.37886572 0.812315285 1.06692255
    0.571207643 0.496041775 1.27747869 0.795598626 1.10460424 0.58548528
    1.10326457 0.702179492 1.37638736 0.681480646 0.997817218
    0.591184139 0.592247248 1.28984725 1.50139976 1.24843025 0.79655093
    1.05086899 1.01043367 1.34201014 1.29643631 0.947000802 1.47916651
    0.723227501 0.712873697 0.7055161 1.44909084 1.55908895 0.843341947
    0.872561634 1.02664447 1.21151614 0.983464718 1.50773203 1.49889195
    0.804536045 1.00185907 1.30855525 0.572410226 0.920715034 1.18774903
    0.754084408 0.875140786 1.07649577 0.827351391 0.618237555
    0.596645057 1.47428966 0.903122365 0.769765139 1.43835771 1.1404599
    1.54103863 1.39646482 1.14124715 0.992390692 0.945553422 0.694780827
    0.564820528 1.28261876 0.633885324 1.02893662 0.688148797 1.08674121
    1.31472838 1.43157542 0.924792767 0.80149436 0.850101531 0.955754936
    0.761154771 0.791042507 0.539181769 1.4629842 0.912228286
    0.620692194 1.30208766 0.941183567 0.79481262 1.21080792 1.54672253
    1.42529762 1.27343488 1.43893337 1.45601559 0.87487638 0.6361866
    1.55938232 1.25213635 1.15214884 0.930331588 0.937413156 0.8078233
    0.926271677 1.06980741 1.08000386 0.809506416 1.51805675 1.15181041
    0.924732566 0.690316439 0.786006212 1.40869713 0.757930517
    0.852940142 1.29691076 0.994384885 0.745498717 0.598526239
    1.08574915 1.54793406 0.584480643 1.50499511 0.650994182 1.05313683
    1.09770429 1.15808415 0.918295741 1.37113726 0.648315251 1.15850711
    0.981019914 1.12123263 1.03449225 1.15695775 0.923269868 1.21616328
    0.734000564 1.37483633 0.659538746 1.18683136 1.52168655 0.728174508
    1.55604064 0.632827818 1.1510843 0.918770671 1.00985563 1.19688201
    1.30323708 0.737636089 0.700711191 1.1692729 0.680201411 1.32263839
    0.582984388 0.971950412 1.32689285 1.33314621 0.836712003 1.28144276
    0.549071491 1.17695415 0.563795924 1.19815779 0.765103221 1.14238381
    1.39980972 1.35257816 1.11528742 0.993212104 1.19127083 1.31355309
    1.20504141 0.795746148 1.25833142 1.16199315 1.02790403 1.28861094
    1.01969445 1.25947058 1.15791118 1.52670431 0.756226182 0.826823294
    0.90151298 0.700921535 1.33681464 1.30515027 0.625414968 0.831942797
    1.11664569 1.14775741 0.810640693 0.570693195 0.722295761 1.39917302
    0.614167511 1.43317604 1.25543916 0.921993732 1.11238444 0.786277175
    0.77989614 1.49800241 1.21698582 0.836145937 0.593818545 1.5298866
    1.28594184 1.10293722 0.6920169 0.590133071 0.737457216 1.09546351
    0.844399571 1.51668549 1.21434188 1.04774261 0.563637614 1.30234241
    1.05183411 1.14226198 0.96022594 1.06327796 0.622606516 0.993961632
    1.34981072 1.35608363 1.18864715 1.41981351 0.87155956 0.584470868
    0.800658166 1.07880867 0.75327611 1.42490029 0.967116416 1.00990522
    1.25217319 1.45902157 0.847370684 0.729145467 1.45876479 1.34203017
    1.49577582 1.41538465 1.15638459 0.732463896 1.35905647 0.809271634
    1.10027516 0.590315402 0.887552738 1.43446743 1.24287212 1.07482028
    1.01481211 1.11213136 0.734992206 1.28184342 0.67868644 0.773459256
    0.991836607 0.960267544 0.48614949 0.505794048 1.01560426
    0.517570913 0.803115904 1.29685557 1.20459318 1.25636125 0.82830441
    0.746255159 0.625558972 0.882044494 1.26029956 0.557395279
    1.49202526 0.770303965 0.715068221 1.12409556 1.49793959 1.34637272
    1.21196556 0.73044759 1.05708957 0.760072052 1.28697777 0.683740199
    1.12477756 1.52534139 0.65735805 0.887378156 1.37805736 1.50374472
    0.928758562 1.55668151 0.900524318 0.620550871 0.919012547
    1.49731815 1.29635036 0.538108587 1.34150684 0.965569615 1.4508847
    0.902594924 1.18904257 0.723214686 1.37013531 0.655978441 1.07456636
    1.43652999 1.0811944 0.805381 0.640942097 0.57531631 1.01574469
    1.13091397 1.35995364 0.999913275 0.803634465 0.572622657 1.48708975
    0.93781662 0.960030496 0.751961946 0.989185393 0.72089541
    0.616787553 0.938636065 0.927322149 1.29349828 0.738381624 1.4259094
    0.947418332 0.958030939 0.612589359 1.21260643 0.768092573
    1.43801367 1.09406829 1.19405019 1.55138123 1.33650231 0.897715986
    1.03921366 1.37598884 0.711057365 1.51666903 0.660083473 0.987313032
    0.844819903 0.568864524 1.22686577 0.452383667 0.904034615
    0.851221383 0.505443275 0.544004619 0.892212927 1.41257334
    1.06501222 1.29035246 0.982381463 1.37180829 1.40382111 0.557557285
    0.809072614 1.09868741 1.41212249 1.02118051 1.20957494 1.53888679
    1.30945063 1.42252648 0.893057466 0.713795304 0.851608694
    0.787117481 0.673062384 1.43299007 1.06194663 0.650814176 1.48343849
    1.22682071 1.12013793 1.14315331 1.54726326 0.776660681 0.985000014
    0.5520491 0.890393734 0.725803614 0.793941557 0.658367455
    0.746427655 1.27515054 1.09736967 0.71857059 0.817665756 1.18015742
    1.48283231 0.832156181 0.886253774 0.979851007 0.775269628
    1.32881665 1.24310029 1.33492398 1.00677335 1.10281539 1.06011724
    1.35162151 0.920005202 0.751628101 0.741136193 1.51829219
    0.601970971 1.28321838 1.08136153 1.1008817 1.00438678 0.938211262
    0.8865906 1.26758206 0.757425547 1.49261999 0.813759089 0.826546192
    0.760495305 0.950119853 1.09788883 0.959638476 1.44887197 1.25943327
    1.23839414 1.25915194 1.15258181 0.903472185 1.16931355 0.76362431
    0.520745099 1.01507056 0.97206223 0.528266191 1.14720976 0.66290772
    1.50236738 1.11281741 1.42111337 0.889762104 1.10644913 1.34962618
    1.2334311 1.0362289 0.621341288 0.819911063 1.36937463 1.42418206
    1.2798444 1.47037899 1.0556103 1.08943665 0.550013602 1.23714244
    1.49535716 1.46569419 1.05054808 0.847832739 0.951591909 1.24450994
    0.815519214 0.990514994 0.637747288 1.58081996 1.30966544 1.54042184
    1.41568887 1.55181801 1.34872031 1.03338027 1.11400974 1.08034408
    0.997079909 1.4758991 1.38491535 1.46770644 1.16687858 0.879601419
    0.58862257 1.24358988 0.771911621 1.19621658 0.82249558 1.02984035
    1.48327947 0.706022799 1.24724722 1.19249427 1.26399076 0.571734428
    0.786601365 0.644359827 1.16367006 0.541146219 0.718054414 1.0793649
    0.758340955 1.43159199 1.33820474 1.05493271 1.29818082 1.22884703
    0.681206048 1.00583065 1.16036844 0.611526668 1.35616291 0.542013586
    1.37658036 0.534837008 0.885487974 0.610808909 1.33296144
    0.882723212 0.518566549 1.31857181 0.67994386 1.37197864 0.937167823
    1.07511926 1.02786231 0.77454263 0.627214015 1.40996599 0.532498181
    0.963674426 1.1851207 1.48113608 1.43194902 0.748412728 0.994039118
    1.44377816 0.829064429 1.39235497 0.796333492 1.35833335 1.19153214
    1.33807874 0.771657944 1.51777613 1.04092383 1.46776783 1.4027164
    0.730196536 0.992742896 0.578910947 0.790219843 0.641701102
    1.18647993 1.25075328 0.51993978 1.02896404 0.762869477 0.601568818
    0.991775632 0.80832684 1.43545449 1.30494094 1.10570419 0.558966994
    1.34775102 0.988057911 1.45742512 1.13495278 0.824364066 1.34081316
    1.14102876 1.22385573 0.635931313 1.2658205 1.29993856 0.915227711
    0.807545781 0.823451102 1.14549839 1.0758605 0.868991017 0.912822604
    1.4793638 1.28396261 1.42114246 1.12805581 1.03509212 1.06690371
    1.30165803 1.23748207 0.935558975 0.81272471 1.41088545 1.25624597
    0.862658203 0.701004148 1.09909773 1.21317196 1.15637982 1.43254757
    1.19537961 1.09148395 1.01606584 0.636064887 0.679192781 0.886903226
    0.556485295 0.924325585 1.13371241 1.38436782 1.18611503 0.596898556
    1.43585193 1.20834577 0.617836773 0.538093626 0.756612957
    0.700279176 0.585892618 0.520952642 1.05615044 0.81683147 1.18929982
    1.18141496 1.22927511 0.965220332 1.43949008 0.968255639 1.01762688
    1.05826938 1.02479255 0.598094523 1.11379921 1.20311928 1.05237317
    1.38239741 0.690642536 0.57292521 1.33218205 1.06934214 0.734237731
    0.935709715 0.689456582 1.44141102 0.631491959 1.26175988 0.66342324
    0.809298396 1.43518353 1.3090719 1.00161672 0.781198084 0.876948178
    1.13175976 0.627989769 0.721687436 0.678124964 0.793608069
    1.07456899 1.23510849 1.34045911 0.875209451 1.34961975 1.06838536
    1.49779463 0.543358982 0.635726094 1.40672302 1.13264453 1.4517982
    1.38521397 0.966046035 1.47266328 1.05929935 0.934192002 1.18498623
    1.0890013 1.3838625 0.555032492 1.00138867 0.818652809 1.44680846
    0.737406015 1.0559355 0.619289696 0.598776281 0.748821259
    0.932676256 0.528978944 0.793109 1.09045088 0.94232589 0.803028107
    1.03481686 1.21891201 1.41985571 0.734013498 0.820156693 1.39633143
    0.856706738 1.20506144 0.818430245 1.1154108 0.848182678 1.1088028
    0.717794776 1.33438492 0.601811945 1.27353549 1.2642194 0.688604653
    1.48044145 1.14916253 0.975292385 0.936380148 1.09879005 1.03509414
    0.566285849 0.935145855 1.41945004 0.584949672 1.16117668 1.07032514
    1.16996264 1.03469026 0.680689633 0.990559459 1.06982946 0.750748813
    1.43584299 0.92096293 0.593426645 0.851069033 1.16362667 1.39897454
    0.679917812 0.87125355 0.546177387 0.496393651 1.22434258
    0.666190445 0.772340834 1.12246621 1.12997758 1.22907686 0.626746058
    1.50311089 0.94610393 1.49922836 1.41362131 1.02284348 1.38195062
    1.16496444 0.669586182 1.09769142 0.752440989 1.27134323 1.14641964
    1.42973065 0.733749032 1.24121308 0.748290837 0.572877884 1.07386684
    0.93798846 0.642809987 0.999159575 1.03246653 1.30934238 1.32099116
    1.04311121 0.782594323 1.29529297 1.29290295 1.51395214 1.13329375
    0.923226595 0.612494588 1.36061311 1.0557996 0.646721363 1.35147679
    1.48042893 0.793586969 0.785145462 1.42792547 1.50391459 1.23632526
    0.973185062 0.856988788 0.910207152 0.621041059 1.04580009
    1.27586722 0.668961823 1.02258658 1.39336693 1.42376065 0.787889719
    1.40663207 1.40875947 1.27061725 1.03444886 1.16071582 1.32134461
    1.17077601 0.787434578 0.560363114 0.649112403 1.26018465 1.00605321
    0.745791614 1.02282333 0.71037811 1.07815421 0.747255623 0.849105775
    0.598105967 0.929604411 0.73126024 0.621867955 0.911210835
    1.05992281 0.670472085 1.24185324 1.41780305 1.25936878 1.39047086
    0.886835992 0.852914572 1.39500785 0.684877932 1.30590153
    0.996868908 0.831537485 1.1790626 0.568469644 1.0057236 0.791132987
    1.44515097 0.68861866 0.896771014 1.36834288 1.30949807 0.834738731
    0.824197352 1.20137584 1.33379877 0.578095853 1.16427445 1.1117698
    1.57514393 1.05300903 1.34892881 1.39616787 0.817862034 0.823356152
    1.37498116 0.956628263 0.467900515 1.22426391 0.48647964 0.912088811
    0.639064133 0.577436864 1.47947013 0.766792178 0.849276006
    0.571152031 0.716250658 0.700445414 0.660602391 0.76944077
    0.801406741 0.665094018 0.670086861 0.99625957 0.862774193
    0.966448724 1.26022375 0.917898178 1.54569471 1.25834978 0.682979405
    0.588057756 1.3593564 1.2268728 0.588923216 1.05969369 1.15828204
    1.36896384 0.81862402 0.96540159 1.21896851 1.30671883 1.4057194
    1.12204838 1.08773112 1.20763338 1.51805711 1.43543637 1.46446514
    0.90442127 1.1478734 0.686280549 0.84396404 1.22258186 0.631601214
    1.4764781 0.626731336 1.46170831 1.34367692 0.912360549 1.2881825
    1.33389437 0.999834597 1.19744074 1.26736164 1.02662027 1.35925889
    0.997695029 0.786129832 1.05211139 1.3891145 1.17990136 0.829901814
    1.37903285 0.568992972 1.5428493 1.03419864 0.573848665 0.850423992
    0.792826295 0.560042441 1.03889573 1.2586211 0.820678771 0.750693917
    1.38836372 1.53366327 0.666462421 1.32256961 1.21759403 1.31475234
    1.134848 1.24161744 1.02237868 0.783788502 0.591924489 0.599232614
    1.27550948 0.63430208 0.860399067 0.900315464 1.08856487 0.770879388
    0.94385922 0.774459779 1.26267815 0.749360383 0.588940263
    0.865739346 0.601251662 1.48423541 0.835860848 0.802177846 1.0379312
    0.555142224 0.646704674 0.786989093 1.00059903 0.607101679
    1.40131664 0.795296311 1.38310516 1.44444108 0.962766588 1.0339272
    1.57432151 1.29622817 1.56286657 0.996121764 1.4308387 1.58513606
    1.28516233 0.78025198 1.50699878 1.22914171 1.48423338 1.38039649
    1.072842 1.46160245 1.43326867 0.644985616 1.43784344 0.546075463
    0.831680298 1.30724764 0.808574021 1.48456097 0.651120245
    0.967958927 1.14429092 1.16727996 1.45911241 0.864126205 0.720759213
    0.643340528 1.38860869 0.94293952 1.18314326 0.924422085 1.21303487
    0.806857586 0.868446112 0.679588735 1.50975454 1.35448408
    0.569996059 1.47549069 1.39620352 0.97592032 0.829509854 1.23736489
    1.2540983 0.850403368 1.37489939 0.794512928 0.544360101 0.90790987
    1.33000124 1.11947823 0.827066898 0.526750505 1.47301054 0.681989372
    1.27310169 0.807048321 1.42807448 0.64146471 0.797270894 0.6413939
    1.05079496 0.618432999 0.857332647 0.916902781 0.580477774
    1.46869636 1.55658293 0.630831301 0.905182719 1.38324594 1.35948884
    0.599198937 0.844815433 0.958181024 1.39364767 1.43020272
    0.542015672 1.40031278 0.668601513 1.4356029 0.954438627 1.11222947
    1.3246659 0.99619025 1.42907584 1.46984398 1.4579246 1.21286666
    0.750975251 0.886775553 1.25834858 0.878414094 0.994486451
    0.745078623 0.529182553 0.717060447 0.606122971 1.34029543
    0.832858622 0.610165834 0.963917077 1.43289268 0.734347284
    1.24585354 0.789967835 1.48862731 1.20000207 1.22987998 1.34324336
    1.03651929 0.777758896 1.24403071 1.31249571 0.64046371 1.28701925
    1.38222468 0.860624552 1.48556089 1.35787296 0.841998577 1.05554152
    0.634897947 1.34603429 0.689544559 1.2796061 0.917152762 0.783151567
    1.16309369 0.774516463 0.932199121 1.08887935 0.486948758
    0.538185716 1.00574839 1.23297405 1.20774841 0.991702497 1.38609076
    1.34862161 0.911932945 0.61954993 0.955138028 0.593499243 1.27801001
    1.13749373 0.695690989 1.16187823 1.02396441 0.568974257 1.45009422
    0.667307973 0.810984373 1.17590404 1.42850506 1.13717854 1.46992207
    0.993537664 1.43469214 1.42235994 0.837764025 1.27749467 0.674336076
    1.01945484 0.848327637 0.934936106 0.749962091 1.20222569
    0.592120588 1.17653203 0.902953684 0.898078561 1.06526971 1.39143288
    0.615457892 1.3235991 0.632495642 1.32089186 0.837852061 0.907136142
    0.553092837 1.33744407 1.2636553 0.614212155 1.27842641 0.704440117
    0.739661276 0.898601234 1.21743333 0.830717266 0.782775819
    0.811954975 0.773096442 0.724218309 1.30603802 1.32003081 0.65361315
    0.512705147 0.570176423 1.37928462 0.975215673 1.45768499
    0.708303452 0.951618791 0.518683493 0.972860217 0.924803674
    1.08961749 1.14037681 1.33511198 1.06523895 0.800025165 1.39527452
    0.710203528 1.33041477 0.96209079 0.914629638 0.960874021 1.51037157
    0.784373879 1.20480859 1.35987055 1.48357105 0.938734233 1.14009893
    0.688194215 0.585385978 1.46988416 0.600810587 0.554935753
    0.571688652 1.14565039 0.953326225 1.47790921 1.0565002 0.532455444
    1.15024662 0.751990378 0.742274165 0.935741186 0.554433584
    1.28542292 1.04576778 0.896828234 1.38961649 0.708530724 1.41319108
    1.42359698 1.03849077 1.52394938 1.32867384 0.708861947 1.10879564
    1.24780834 0.661771536 1.16903996 0.654838204 1.43223703 0.664231956
    1.43036139 1.53593218 0.608254611 1.49723291 0.618755698 0.713667035
    0.541315556 1.27382445 0.829763234 1.07479763 1.41572297 0.543326557
    0.938076377 1.3008678 1.2464838 1.08066881 1.14185953 0.905296922
    0.890643954 0.894998372 0.868184268 1.47679818 0.772604287
    0.64906925 1.43600786 0.62470001 0.725975335 1.42123127 0.876383662
    0.768282831 1.17172801 1.36561239 1.44146919 0.835959315 1.05096006
    0.880061328 0.842637837 0.536839187 0.754428089 0.522632658
    0.738893986 1.09105611 0.551615357 1.31367087 0.63437134 1.16519225
    0.493922204 0.850244284 1.21146464 0.612164259 0.558883309
    1.31029892 1.08354545 1.18797636 1.53631067 1.27254057 0.666067779
    1.31590748 0.57632941 1.06477344 0.853886187 0.964603841 0.628939271
    1.52235126 0.76914376 1.24110162 1.04995334 1.03888667 0.665664971
    1.5647012 0.991490901 1.48771179 0.698908269 1.05536032 0.564155102
    1.05582082 1.03858578 1.45141912 0.798321486 0.532100797 1.09503698
    1.06125498 0.57281661 0.843874156 0.633384705 1.51420152 1.28548455
    1.36011982 0.846500099 1.47995532 1.00031435 1.28212893 0.935455143
    1.24258029 0.671677589 0.724522591 1.42365861 0.83041656 1.19856584
    1.53470564 1.39004207 1.00313199 1.5339427 1.12437427 0.590738237
    0.712403834 0.61982137 1.29549599 0.720271468 1.41157103 0.67322439
    1.29262447 1.32884681 0.938058972 1.28604674 1.4530611 1.52813292
    0.710996389 1.56100214 1.58533406 1.09816968 1.22053528 0.982365131
    0.653695643 0.738517344 0.748851895 0.784462869 1.40573633
    0.83742255 0.657670021 0.759751558 0.569917321 0.498343527
    0.662463665 1.32957935 0.503657699 0.979272246 0.50889349 1.24226499
    1.38802779 0.750948906 1.05866122 1.29244912 0.582057178 0.937772632
    0.61989677 1.49007261 1.43600965 1.3618784 0.744868577 0.729565561
    1.5859133 1.43656945 1.23912728 1.43645465 1.5352838 0.804098725
    0.746187031 1.4779408 0.937097192 1.02212024 1.25415885 1.44695532
    1.0038799 1.0680989 0.817102015 0.965768218 1.49691308 0.734844625
    1.38086534 0.673037946 0.673131764 0.552483797 1.02891743
    0.806450546 1.009902 0.648609519 1.00567234 1.15668678 1.46219063
    0.939868152 0.800786614 0.996325374 1.2458955 1.52833235 1.16583359
    1.48361599 1.22804546 1.10083711 1.13536751 1.07377481 1.25981987
    0.574566364 1.00970447 0.50808543 0.563141108 0.559887767 1.38541222
    1.44953299 0.934206128 0.518955588 0.843632758 0.98025322
    0.943784297 1.04815602 1.12005854 1.069695 0.778112292 1.37501848
    0.940227449 0.898914754 0.660256326 1.43196321 0.807207525
    1.21514106 0.559826195 0.896165729 0.550281763 1.05867159 1.27295125
    1.24783134 0.812516451 1.25380957 1.49836504 0.771460295 1.07172346
    0.847277224 0.95757395 0.822205722 1.37147403 0.671488047
    0.593568742 0.660404742 0.902570903 0.973932445 0.717667758
    0.577875376 1.35449421 0.565245926 1.27337778 1.29309022 1.0303967
    0.777456403 1.01191247 0.531630576 1.27092218 0.587668538 1.15373576
    1.20579469 1.45521188 1.33595073 1.58278692 1.53879344 1.14637244
    1.35279953 1.55622101 1.59358716 0.93631196 1.18783283 1.12212777
    0.992855251 1.406407 0.554443717 0.872133374 0.823407173 1.39839792
    1.19215012 1.34161007 0.591105163 1.01772892 0.811309457 0.944434762
    1.12730932 0.97349596 0.811222553 0.697268128 0.578975022 1.29894829
    0.622705102 1.01394546 1.38989782 0.741961718 1.31054544 1.05694032
    1.23134053 0.662624061 0.905697227 1.03043532 1.30417776 1.02994525
    1.19658864 0.852421224 1.29801321 1.19117785 1.40472054 0.643714786
    1.10734558 0.874927163 0.602478862 0.644805551 1.22486019 1.41610575
    0.854852617 1.08720827 0.552120566 1.15721631 1.05053747 1.36264205
    0.633133709 1.50805366 1.47140121 0.736903667 0.571585 0.633705318
    0.594851017 0.8962363 1.38130569 1.51969969 1.15343988 1.02844977
    1.3067534 0.710037768 1.05460691 1.54287982 1.35893917 1.43789589
    1.08346891 1.01292086 1.53666508 0.853911221 1.13349366 0.601264715
    0.713828206 1.49555814 0.605593085 0.698294997 1.0166024 0.891189516
    0.962469101 1.3583554 0.651398122 1.52203476 1.00139177 1.24285686
    0.799250901 0.556170821 0.732845843 1.39326811 1.28117204
    0.750929654 1.19200265 1.38517582 1.26434219 0.649640977 1.05879235
    1.52367795 0.800652146 1.54699707 1.55984092 1.12785435 1.24439287
    0.859568954 1.49568367 0.664554954 1.30518627 1.48284101 1.55692232
    0.785576582 1.33170187 1.3669951 1.3032527 1.39291966 0.738256574
    1.04768002 1.2747916 1.24094748 0.924162567 1.09847736 0.933370173
    0.862349391 1.42652547 1.37698531 1.50314713 0.947638988 0.503425479
    1.30455387 0.477451742 1.05587947 1.27304304 1.23419344 0.572019696
    0.496387333 0.621933877 0.919524491 0.534128785 1.23464453
    1.07375729 1.04082656 1.2129339 0.76116246 0.64408052 0.941569448
    1.02794647 0.610074699 0.777055383 1.2513628 1.01133287 1.40842724
    0.692026794 1.01054597 1.33400726 1.22980809 0.920195818 0.765477896
    1.28187788 1.54746199 1.4820497 1.30930471 1.11990356 0.634746969
    0.926405907 0.665181041 1.2796582 1.16331804 1.07100439 1.01261318
    1.48334455 0.741026938 1.43636012 1.24835026 0.843246698 1.36224258
    0.553263366 0.640466452 1.45927179 1.48921561 1.35789907 1.51998901
    0.604997814 1.41430461 0.656038821 1.48855913 0.665403187
    0.992155552 0.551968217 1.36537302 0.844170094 0.644602358
    0.827720523 0.646443367 0.944814324 0.662328243 0.645380616
    0.654361963 1.3602972 0.889468431 1.21845102 1.18844724 0.602784455
    0.659741998 0.655537248 0.841998875 0.521253049 0.554168761
    1.32362282 1.28866005 0.618400276 0.634151816 1.54558063 1.54822969
    0.651896536 1.41997325 0.709549367 1.09614003 0.689559519
    0.911349475 0.83899045 0.541373253 0.594659507 1.33582771 1.32152498
    0.987036526 1.36130822 0.994695902 0.967347205 0.736425221
    1.37318039 1.09873497 0.997950912 0.548026979 1.26283169 1.40378213
    1.4148258 1.4682399 1.41314304 0.745790124 1.0523355 0.755182922
    0.883339405 1.3422184 0.549323499 1.25130594 0.561437726 1.23980236
    1.24552393 1.46984029 1.13890433 1.40858126 1.35657799 0.885935485
    0.629627705 0.760555565 1.51521635 0.744841933 1.12487423
    0.620577574 1.40899241 1.28697896 0.690352678 0.517008245
    0.711669564 0.624559224 1.07154584 1.276564 0.639976263 1.30612671
    1.13335788 1.49748945 0.940672278 1.4537189 1.39948487 1.29306865
    1.35007668 1.24291933 0.824283838 0.963181615 1.33246005 1.34702957
    1.00857079 1.03922653 0.577142537 0.560224712 1.47713852 0.838727772
    1.10867357 1.37238467 0.945310354 0.722959816 0.616687 0.74226594
    0.7504614 1.41379678 0.968223512 1.20299685 0.716421485 1.48678064
    1.21276188 1.04494727 0.655854344 0.564249158 1.06266868 1.43646574
    0.937815547 1.33141541 0.554201722 1.23558259 1.42311943 1.1499685
    0.973413408 0.662731707 0.714502871 1.19807231 1.36811054
    0.663210154 1.33524299 1.32968283 1.13160169 1.16258049 1.57182431
    0.692747533 0.98361063 0.790179551 1.12942779 1.39926481 0.589306772
    0.978105783 0.9754439 0.91991818 0.955872059 0.840716481 0.73389101
    0.946744025 1.51504827 0.928644001 0.706407011 1.29953992 1.0567174
    1.54102838 1.16546321 1.31937063 0.694308102 1.32433963 0.72209084
    1.16270709 0.895303726 0.696517706 0.863550067 0.992243171
    0.987881005 1.41897273 1.20301735 0.989597738 0.771310747
    0.913914025 1.30812526 0.945339739 1.01668847 0.8078174 1.26743531
    0.599727571 0.785654008 1.18121946 0.658355117 1.10505426 1.17138076
    1.38138497 1.20876908 1.39870143 1.41341317 1.54838073 1.60657072
    1.43670976 1.09698665 0.793851554 0.976228595 0.914969325 1.55581248
    1.25524557 1.42287779 1.28190386 0.835462511 0.968332469 0.606589437
    1.21053791 0.518661559 0.367645562 0.458507746 1.45537508
    0.985029459 0.98161906 0.694444597 1.0382514 1.04399431 0.859515667
    1.03817189 1.45508051 1.49107254 0.879815578 1.00103629 1.15671325
    1.12660956 1.18239546 0.969537079 0.904557347 1.43598366 1.46564102
    0.92419064 1.4669379 0.700280368 0.850247383 0.904227078 1.47543991
    0.939563394 1.50989795 1.4943471 0.726857007 0.564669073 1.09187078
    1.53343749 1.24906039 0.948110819 1.48790634 1.46610749 1.1552583
    0.515632927 0.564463735 0.991495311 0.841694593 1.14393246
    1.24370432 0.631296813 1.27700257 1.44249904 1.04867959 0.965095818
    1.50028586 1.08414412 1.19802308 1.29689765 1.53205895 1.09435892
    0.763010442 1.07470059 1.11946058 0.745860815 0.889815807 0.85864228
    0.735512495 1.26190841 0.576342106 0.475197732 0.521204352
    0.478205919 0.791466177 1.09758055 0.605660737 0.844395161
    0.568891823 0.90554148 1.49619043 1.47517133 1.38387644 0.950487077
    0.967166781 0.898779809 0.975979149 1.16377556 0.736644804
    1.20947456 1.15530312 1.39713049 0.830515742 1.47698045 1.50006342
    0.916299284 1.14790606 1.49930906 1.03673506 1.42289507 1.49141026
    0.658835173 1.46981001 1.02728522 1.13014531 1.08155882 0.758429587
    0.974680364 0.964446843 0.978048563 0.583844781 1.4825325 1.05575359
    1.1166985 0.783727944 1.10776389 0.529514492 0.706175923 0.907036126
    0.752337873 1.22647357 0.867389321 1.41650283 0.69610095 1.50040805
    1.47677207 0.74257201 1.00292659 1.42926872 1.35101783 1.38462865
    1.090271 0.75876689 0.585644007 0.887955546 1.25252998 0.608437896
    1.13702524 1.50281644 0.804015994 0.632547557 0.773398221
    0.897981882 0.7056849 1.36430752 0.958673418 0.64150089 0.836499274
    0.975564241 0.879578888 0.98821497 1.29526627 1.18556857 0.883592129
    1.29011583 1.10353196 0.576351285 1.22772956 0.908340454 1.30070019
    1.29122829 1.48910284 1.43463588 1.56198668 0.986546457 1.10436058
    0.734641433 1.12782478 0.55704844 0.795055509 0.737151325
    0.543325722 0.583382964 0.765076697 1.06357658 0.815203309
    1.22711647 0.725278378 0.976443052 0.50627923 0.557285011 1.06460559
    1.37236381 1.02173364 1.40270078 1.20194995 0.720005095 0.887175679
    1.20343351 1.30203748 0.871782959 0.918418288 1.59536576 1.0158726
    1.09280121 1.39205265 1.10287547 0.982646704 1.02147818 1.1559093
    0.573936582 0.997885466 1.1907382 0.810701251 1.42518318 1.07297552
    1.33872867 0.512501121 0.620158851 1.1843884 1.39151824 1.21025622
    0.584704638 1.49495614 0.708794773 0.934980035 1.04282176
    0.872342706 0.872838438 1.06008375 1.27543056 1.35178483 1.07187295
    1.3124429 1.04438496 1.0027771 1.23022473 1.58498693 1.53172898
    1.27373183 1.30889702 0.780695081 0.647934198 0.775406361 1.06737125
    1.49185979 1.34262025 0.789985061 1.58289075 1.38666368 0.989404142
    1.56527507 1.03113222 1.56162763 1.51772988 0.646273315 1.15375412
    1.34376156 0.694963694 1.43610299 0.698820233 1.50952923 1.08759141
    0.644192934 1.36055744 1.15249074 0.966247737 0.731018782
    0.560014963 0.696409047 0.28903833 0.451210409 0.399169207
    0.438013613 0.725057542 0.963428855 1.21005857 1.48266101 1.2607379
    0.968191624 0.803340137 0.845439792 1.01307917 1.18139696
    0.891032755 1.2061044 0.648818731 0.712187231 0.81946981 1.26761961
    0.739855647 0.837905169 1.36463642 0.642553329 1.28282595 1.47237098
    1.21135366 1.12621915 1.37966537 0.963837624 1.19101584 0.930833042
    0.869979858 1.16921389 0.618527532 0.58412987 0.580179155 1.36179233
    0.806123018 0.944419622 1.43353593 1.31606865 0.508787036 0.77549541
    1.25355875 0.78630507 1.46725929 1.47366238 1.2061193 0.933627605
    1.0967387 1.45515954 1.18055427 1.25083351 1.11651635 1.44473875
    0.78750366 1.07508171 1.01771986 0.758885741 1.12933505 0.892750144
    1.15843153 0.831071317 1.18045974 0.460548967 1.04696667 0.571386516
    0.965250671 1.33467937 0.83194977 1.29977179 0.63871932 0.945170522
    0.8513062 1.30145144 1.17331314 0.662396789 1.18161142 0.608138263
    1.42972815 1.1242882 0.72314471 0.91477102 1.4014051 0.865253508
    1.57000113 0.799149871 1.47584307 0.860364914 0.579900205
    0.711783111 1.51668429 0.880643189 1.05055141 0.679457664 1.03769243
    1.16086531 0.669617116 0.556652188 1.0713526 1.50738275 0.80563879
    0.632068694 1.11330676 1.11631143 0.67678988 1.45208335 1.28056967
    0.718735218 0.812633395 0.526439309 1.22014177 1.23736882
    0.868145347 0.555762827 1.15864074 0.66242069 1.46392691 1.09593058
    1.38666821 1.13304353 1.35028708 1.23957145 0.952128947 1.46847296
    1.09190142 1.40694988 1.15830934 0.610392213 1.05494726 1.42935407
    1.01335764 0.850341976 1.46814573 0.619685113 0.655308723 1.17110121
    1.06948316 1.0379138 0.671697676 1.39879334 0.636900961 0.779122829
    0.892205894 1.02486324 1.5359906 1.16293836 0.912423551 0.94375968
    1.02530086 1.16964984 0.889068842 1.54083896 1.38347602 0.654176474
    0.959096789 1.02145982 1.24590445 1.29061389 1.51906729 0.853922367
    0.665218174 0.538194299 1.47539425 0.780409753 1.12131476
    0.683915257 0.691595376 1.22487879 0.66761601 0.540654421
    0.842063248 1.45931828 1.1888144 1.44535804 1.06061983 1.28109407
    1.41725338 0.603048921 0.717246354 1.15795326 0.794364393
    0.933804393 0.863470852 0.885444462 1.28926575 1.17300463 1.49317622
    1.10815442 1.33435631 1.56990337 1.54439902 0.88524574 1.52700007
    0.6283409 0.835305274 1.36280262 1.39111245 1.12847245 0.793899357
    0.514010012 0.851475537 0.53960228 1.23990583 1.20195472 1.42167819
    0.945417881 0.709444582 1.25876975 1.508304 0.592497289 0.623009384
    1.53326547 1.43516588 1.03195667 1.13811791 1.14883733 1.04549909
    1.15743601 1.3866086 1.14373004 1.32352829 1.4790709 1.49572873
    0.905969918 1.37496734 0.596745551 1.4389497 0.96528554 0.950344682
    1.37887466 1.2229116 0.982857347 0.787468433 0.588704705 1.35290933
    1.05062914 1.26882386 1.05909753 1.37729084 1.46343648 1.38497174
    1.30695486 1.21799648 1.23302233 1.52090359 1.09265232 1.2368499
    1.07910299 0.894885421 1.38280118 1.0080061 1.11715925 0.815192223
    0.402986854 0.986489177 1.00056159 0.641955078 1.18169177
    0.857128918 1.21260321 0.624899328 1.49836898 0.68481338 0.579741478
    1.24009514 1.01750576 1.4701581 1.46580195 0.738241136 1.46153748
    1.40037012 1.56101835 1.22586167 1.26076508 1.42890799 1.33972728
    0.875437796 1.34157264 0.647749722 1.01160872 1.0559051 0.752447844
    1.34634697 1.28714478 1.09462988 1.4808104 0.687919319 0.680066049
    1.36335897 1.09715295 1.5204891 0.917921126 0.938995361 0.997227371
    0.893026292 0.509690523 0.822648108 0.529429972 0.535349429
    0.654459655 1.14431977 0.815544367 1.29779661 0.589995742 1.55899954
    0.611421108 1.11703384 0.591622531 1.44826794 0.559167266 1.32175791
    1.18427622 0.931282461 0.631585717 0.900779366 0.955278456 1.0632782
    1.10777962 0.752085507 1.13311934 0.578347683 0.698514223
    0.593122602 0.638548732 0.989348352 0.694492519 0.749364376
    0.768567562 1.08723366 0.572458863 1.43764472 1.31217694 1.01229048
    1.02319479 1.45242548 0.822437286 1.54506409 1.26694787 0.644679546
    1.52954149 0.987298071 1.34629917 1.20239305 0.840685308 1.31432474
    1.32554376 1.28500915 0.816801906 0.752247989 1.0953356 0.7793715
    0.891504467 1.21307003 1.22827148 0.684871912 0.777383447
    0.995142281 1.31005609 0.767854631 1.52660763 1.14466107 0.580511749
    0.722198188 1.31675613 1.51948321 1.33994031 0.917980969 1.44905663
    0.730333447 0.840339184 0.814687669 1.06571996 0.615772724
    0.63367635 0.985186517 1.43640625 1.20800388 1.59712732 1.09451437
    1.36926961 1.12325323 0.833646595 0.894522429 1.53945649 0.953519285
    0.858237445 0.83729887 0.782458723 1.4651376 0.820942342 1.37534618
    1.33263981 1.15680397 1.03775644 0.575665176 0.539542913 1.13008249
    1.52454352 1.38072479 0.597239256 1.54214668 1.10208786 1.28236926
    1.3692255 0.768981934 0.807154417 0.652288973 1.24985778 0.995580971
    1.55537152 0.936654568 1.23989904 1.21346426 0.854606926 1.00269854
    0.711854637 1.55920792 1.51020753 0.551975965 1.17761672 1.22259045
    1.47458255 0.719285727 0.637399852 1.3389678 0.541076064 1.12543595
    0.934899211 0.988910198 0.688199759 0.521147072 0.534373283
    1.09810114 0.839492023 1.22281218 1.21706104 0.578780174 1.31512761
    1.02109051 1.39611554 0.66410929 1.49061823 1.12697732 1.35046816
    0.869291902 1.35069275 1.35136485 1.04736972 1.51065755 1.50577152
    1.45622516 1.0500499 0.598751068 1.18546844 1.43700278 0.996829271
    1.21773612 1.34533155 0.640165925 0.788917601 1.46783662 0.510621011
    1.01012659 0.89019841 1.20671415 1.12304747 0.712422192 1.50333059
    1.24854481 1.27550733 0.997920215 0.933431149 1.04381847 1.23786938
    1.11845303 1.47301543 1.26193297 0.760498822 0.980947793 1.12205863
    0.561124325 0.652967453 0.55773741 1.00523889 1.11308813 1.16738391
    1.25957203 0.759314358 1.21193588 1.5056932 0.820682347 1.34843254
    1.31782877 0.82847178 1.32150722 1.50384831 1.44206762 1.01710081
    0.730713367 1.29846323 1.49459124 0.706297636 0.685260415 1.01241899
    1.50726879 1.53141928 1.50516796 0.869591355 0.469681829 1.00181293
    1.01308405 1.23371577 0.973531783 1.128088 1.06350243 0.634896159
    1.3162359 1.35017705 1.16599512 1.29894364 1.14348054 0.713643968
    1.35774279 0.997452319 1.15613234 0.822214305 0.558832467
    0.965278864 0.692658901 0.567010641 0.973735452 1.16181183
    0.827149093 1.00573456 1.38138247 1.52705455 1.31095815 1.3268553
    1.47398734 0.783267975 0.982394814 0.98478961 1.04429507 0.619951785
    0.587800026 1.46227527 0.765574813 0.805432022 1.06869864
    0.617782295 0.631330073 0.642794251 1.21725225 0.752853215
    0.536730945 0.4718979 0.566790819 0.771781862 1.01580596 0.683837414
    1.21468687 1.30528438 1.50239837 1.28427947 0.908522785 0.666419506
    0.57008332 1.35544991 1.33885789 1.2620405 0.593686581 0.921508491
    1.36527467 0.52589184 1.42105031 0.946117342 0.855392933 0.784674704
    1.42932868 0.849657595 1.28508925 0.549463868 1.19701624 0.619284749
    0.571152747 1.17598605 1.54863346 1.19774222 1.47248745 1.44571829
    1.3961823 1.07041776 1.48762763 0.870453119 1.21471977 1.36103582
    1.01458848 1.26304781 1.50565469 0.775370896 0.677686751 0.818773091
    0.982957006 0.969897032 0.633800149 1.27522969 0.996558666
    0.805676699 0.96245116 0.603531599 0.724489868 0.682047725
    1.42130148 0.939446449 1.53020871 1.02846563 0.976708412 1.18206787
    1.16150331 1.08466661 0.982998788 1.15551138 0.566951275 0.649410248
    1.35603344 0.846091688 1.17881691 0.706683218 1.0263288 0.607731819
    1.4873867 1.28672922 0.585073948 1.45462322 0.579209328 1.28623462
    1.30142128 1.17435706 0.628256917 1.12080133 0.599358976 1.25739777
    1.36256576 0.644534409 1.4746387 1.14442217 1.43537581 0.560414016
    1.16306925 1.45565295 0.698861897 1.4254384 1.27328551 0.778318167
    0.710564137 0.708696604 0.936753571 1.5768404 0.761265934
    0.771976531 1.25702608 0.678127468 1.36234605 1.0479058 0.989674568
    1.0043925 1.14622843 0.896140695 1.37018275 1.50079608 1.1836797
    1.13173687 1.42717123 0.799428344 0.977831662 1.41543436 1.08499479
    1.52087474 0.722508252 1.37829435 0.902856112 0.9847278 1.13853204
    1.26198387 1.01772869 0.720040977 0.807215869 1.1036216 1.1652559
    0.699014783 0.749886334 0.550752044 0.955602288 0.667607605
    1.43901956 1.41620564 1.09679961 1.11883354 0.881251276 1.02614188
    0.696383774 1.1772635 0.598597407 1.24365711 1.35757637 0.89335084
    1.17696166 0.916976333 1.03414118 1.42434525 0.626520753 0.995612562
    1.48823774 1.30440295 0.903259814 0.779442728 0.722040713 1.33322811
    1.39061785 1.14243221 1.32807827 0.584676027 0.847339511 1.54650915
    0.832312942 1.16546345 0.985242605 1.31090689 0.623413384
    0.843391001 0.971746862 0.720527589 0.743834496 0.953887045
    0.560321271 1.51382554 1.11396158 1.49299061 0.919867456 0.565805018
    0.940131485 0.98287344 0.595708609 0.685713351 1.23326862
    0.604980111 0.907313466 0.723350167 1.5549823 0.814173996
    0.647571146 0.95222187 0.756794572 0.897121489 0.905666411 1.5298928
    1.49727201 1.00441658 0.899080396 1.40510321 0.977774143 1.16563118
    1.42635036 1.28082108 1.41866267 1.05116951 1.05149853 1.18894088
    0.871067643 1.26828682 1.00657701 1.31326103 0.852632701 0.986647248
    0.653558671 0.810563266 0.948349237 1.00134778 1.32203186
    0.619178057 1.50396979 1.16600847 0.704016328 1.3372314 1.0230962
    1.4682399 0.685309112 1.17403114 0.678340435 0.670506954 0.940190971
    1.15581524 0.712198913 0.713165998 1.50421 0.580779135 1.24617851
    1.37820649 1.04635239 1.19504237 1.14908278 0.586154997 1.17206848
    1.15363705 1.46000004 0.963512063 1.34072149 1.28191292 0.529240549
    0.555854499 1.03390658 0.860175133 1.03123605 0.767232716 1.27604103
    0.891970038 1.10988915 0.564608693 0.883339167 0.908080339
    0.955111623 0.646680534 0.742952466 1.31836891 0.638509154
    0.962042511 1.13688684 1.38384938 1.44159067 1.08958673 1.15755737
    0.633326888 0.629618883 0.856869578 1.33561158 0.890990555
    0.58244437 1.48244643 1.37813163 1.44024622 1.08991599 1.181059
    1.11756575 0.944871664 0.684193611 1.53598702 1.24452937 1.07478178
    1.08581698 1.10059202 0.92255342 0.69373697 1.37819576 1.51505017
    1.47430944 1.58754158 1.23724139 1.25231028 1.14551425 1.0685842
    1.05639338 0.870888293 1.11677575 1.47033679 1.01257622 1.29067791
    1.01384759 1.36391211 1.24674785 1.06137633 1.32457447 0.959317386
    0.978195488 0.836795807 1.20804739 0.909539998 0.936703086 1.4576211
    0.808439672 1.05695713 0.677566528 0.643334687 1.27291691
    0.619759619 1.33737826 1.13272774 0.850716114 0.694110513
    0.600169897 0.997243285 1.27697146 1.01079762 0.869241118 1.48389423
    1.51064289 1.3074975 1.35322618 0.686187327 0.972089708 0.600136578
    1.54325402 1.13549495 1.28183985 0.616821289 1.54407096 1.41097724
    0.537587821 0.674994588 0.536498368 0.89405036 1.35697579 1.13167334
    1.05901074 1.53973901 1.28107536 1.48059678 0.738494396 0.682287097
    1.08765244 1.32375312 0.598277867 0.790242851 1.00517762 0.950608194
    1.56169057 1.25532961 1.44348311 1.18170583 0.763805509 1.49155688
    1.18121803 1.38229525 1.47125065 1.20796382 1.20390642 1.18947577
    1.23518527 0.883338511 0.589884162 0.981646836 0.570546567
    0.507168412 0.645315707 0.662352383 0.515540719 0.574134231
    0.578221321 0.714161575 0.672917604 1.28976774 0.753924072
    1.46552038 0.968148828 0.665390968 1.43500745 1.40324104 0.84535563
    1.58438587 1.37070572 0.758156955 0.653206587 1.56814277 1.34101903
    1.00754368 1.08869874 0.818197608 0.628396273 0.617700338 0.85883671
    0.643650115 0.956541002 1.24815238 0.927345574 0.775981367
    1.50515556 0.844355524 0.749975622 0.731896222 1.44624639
    0.714180887 1.21540344 0.830545068 1.30569661 1.27391183 1.40778279
    1.53023171 1.52617729 1.09724927 1.2236892 0.963258743 0.878257394
    1.47865033 0.562718987 0.70854044 1.05920589 1.46569026 1.28462768
    0.958960354 0.888408542 1.53076363 1.06582654 1.31291699 1.37246644
    1.17755127 1.03020704 1.29908442 0.689479351 0.945464551 0.789983511
    1.34141147 0.56412828 1.51410937 1.16119075 1.03546047 0.739243269
    1.14470625 1.25406611 1.13419938 0.742633998 1.21248722 1.41545141
    0.511827171 0.313625902 1.06620657 0.753627121 0.799659789
    0.978656411 1.55760503 1.20784199 0.660585344 1.07917273 1.32392848
    1.47101331 1.04420805 0.563316047 0.888911724 1.23035681 1.229936
    0.972625315 1.47683716 1.23313355 1.07047081 1.20625544 1.45913744
    1.34639764 0.566770554 0.574934244 1.52522039 1.23479962 1.14653552
    0.854751885 0.903075695 0.792346954 0.910034955 0.971181035
    1.33352494 1.33278167 0.84701848 0.642036796 0.796369553 1.09136868
    0.715737164 1.08462489 0.667362571 1.06742239 0.855009437 1.28758371
    0.81073314 0.710621774 1.00618172 0.962440908 0.882304668 0.72669059
    0.825152338 0.725447595 1.46170402 1.18982494 0.962749362
    0.664562285 1.18500054 1.45379472 1.26237786 1.09990144 0.72494024
    1.13767576 1.09206617 0.930931032 0.843781233 1.28850639 0.632933319
    1.19944358 1.16402793 0.956684113 1.03560197 1.05971766 1.37146759
    0.930957258 0.677520514 1.23617017 0.877741098 1.21301758 1.19042528
    1.23672986 1.47050762 0.816940427 1.5133853 1.45525956 1.44177437
    0.858478546 0.954986632 0.807993829 1.51766241 0.757592857 1.2146697
    0.804039478 0.924565136 0.546675682 1.16095102 1.003811 1.1817975
    0.515922427 1.42805183 1.03081632 1.03840458 0.89653039 0.665818453
    0.748559356 1.45629013 0.83743608 1.34447992 1.21275485 0.993640661
    1.35224676 0.863355875 0.731661081 1.05718529 0.845949113
    0.502293408 0.598416269 1.37461019 0.82468003 1.19995654 1.38357699
    1.33086371 1.17956245 0.608215809 0.761906266 1.54945648 1.40363705
    1.03801811 1.39090657 1.28579402 1.55894649 1.42522228 0.699377239
    0.740540683 0.634738386 1.02602482 1.13532305 1.56786633 1.17762542
    0.771130383 1.10416663 1.23046899 0.630811393 0.629812002
    0.968308568 1.35641623 1.51742661 0.76867938 1.2079767 1.55541337
    1.39666617 1.38069856 1.16639066 1.10364258 1.13685131 1.16962111
    1.23499143 1.14009047 0.927627802 0.544040799 0.806410313
    0.696788788 1.50521255 0.632240951 1.16066933 1.12815249 1.42564273
    1.18765342 0.981979012 1.37684405 1.51556909 0.903666556 1.11507118
    0.80157572 0.69159162 0.838622987 0.778004408 0.819698393
    0.595597327 0.637374878 1.42639625 0.697784781 0.702697098
    0.979287148 0.679675221 1.04194939 0.880778909 1.04755783 1.37981641
    0.766544163 0.803173661 1.39230132 1.15656984 0.642947018
    0.896856368 1.40016401 1.33125353 1.32142353 0.761294723 1.44561279
    1.41133237 0.840584099 1.15239382 0.688550055 0.92822212 0.658950567
    0.914989054 0.876901984 0.699733138 0.553916693 0.81879884
    0.571290851 1.1424216 1.35985541 0.993625998 0.959586084 1.48681104
    0.93441534 1.51358283 0.726224601 1.20172858 0.827976286 1.31672263
    0.683103263 0.729084194 0.720498264 0.63921988 0.931663215
    1.50146353 0.515867174 0.560739696 1.30070972 0.683637023
    0.580204308 1.30963933 1.18294334 0.71690762 0.857660711 0.609936357
    0.571778059 0.668266833 1.01231647 0.991153896 1.2670598 0.87559402
    1.01789379 1.08269083 0.581074119 0.880516052 1.25063813 0.908968151
    0.621119559 1.41165984 1.18455625 1.31686425 0.465106696 0.901788592
    0.378431797 0.458850145 0.910961092 1.03920257 0.721455216 1.2116667
    0.814903498 1.11021328 0.96713239 0.945706546 1.4073391 0.998925447
    0.556840003 1.16675043 0.996650755 0.585909486 0.804108024
    1.17101049 0.732869625 0.914669573 1.4548986 1.14952421 0.975211561
    0.837598205 1.28028965 1.02994013 0.570255399 1.07969451 0.704097688
    1.04010797 1.43081844 0.739971995 0.994722068 0.610315025 1.51100433
    1.53167641 1.00055456 0.794540524 1.23943162 1.28543878 0.612771869
    0.708487868 1.05579734 0.577429295 0.697514832 1.13619268
    0.999958634 0.621945977 0.69014883 1.10230112 0.886561751
    0.671760321 1.0591836 1.42080224 0.740646601 1.47698486 1.21467125
    0.912077904 1.16688883 1.33799016 1.4355166 1.20555472 0.774344623
    1.37838209 1.1068114 1.09033787 1.15838063 1.09902132 1.22889388
    0.734756827 0.550293148 1.10096872 1.4462862 1.05058491 0.587348223
    0.949796438 1.35069346 0.801450193 1.00099874 1.56450164 1.06741989
    1.09358251 0.751801431 1.47532749 1.22699463 1.09463441 1.36649001
    0.828683496 1.23769248 0.740257621 1.23320675 1.0062871 0.634281278
    0.86547029 1.22633123 1.04210865 0.571537256 0.555643559 0.512026131
    0.518198311 1.11751235 0.823653758 1.10791218 1.41206181 0.860813498
    1.05618978 0.995375752 0.832781792 0.539035618 1.35836828 1.31353128
    0.921918035 0.79169476 1.40022397 1.37864161 1.19746602 0.620442748
    0.574019849 0.805552959 0.829279959 0.527846396 0.747987151
    0.994091153 0.749354601 1.33277309 1.34236443 1.30382693 0.738062501
    1.13843977 0.74808526 1.11942255 1.57762933 1.32383585 0.639264524
    0.858903766 0.607567906 1.03160632 1.06969643 1.53670001 0.610177934
    1.08132553 1.38558543 1.36916733 1.40314984 1.47585249 0.682621598
    0.631337225 0.792217135 1.55760741 1.33837521 0.694789648 1.4723798
    1.10882604 1.26439834 1.05247736 1.2183162 1.51968122 1.25091481
    1.4232496 1.10874701 0.612425506 1.17996716 1.06134796 0.709614813
    1.35682452 1.30937457 0.93274194 0.916525126 1.12882018 0.602446437
    0.714487433 1.38676906 0.619270802 0.955302835 0.954471171
    0.78241843 1.25500798 0.821342945 1.37665546 1.21295476 1.21759391
    0.657877386 0.613161981 1.09852087 1.33411992 1.01512694 1.36328375
    1.29720128 0.731012046 0.747209251 0.712091804 0.662980378
    0.753112614 1.00626004 1.47504604 1.39826918 0.93524158 1.09323621
    1.57749033 1.38141036 1.43386984 1.30658972 1.37519717 1.11161137
    1.51117611 0.634549499 0.708584845 1.40513515 1.29768467 0.881739497
    1.03064919 1.33868992 1.14087963 1.15527368 0.749905884 1.56239951
    0.92596817 0.85322535 0.873276055 1.1157335 1.16303146 0.709607959
    0.936894059 1.46165001 1.38002467 0.534835458 1.4797653 0.586884379
    0.582633793 1.23780727 1.35745251 0.789395094 0.548160613
    0.730931282 1.21986377 1.17547011 0.98374027 1.37335706 0.792994976
    1.38232577 1.16534448 1.28223813 0.947884321 0.493226528 0.928002059
    0.822868109 1.15198684 1.2793107 1.45690894 0.580819786 1.20660126
    0.985164285 0.742371142 0.620548308 0.691939771 0.787578583
    0.550078809 0.49997589 0.569896579 0.703173399 0.741407394
    1.13104761 1.04384208 1.32668042 1.3407129 0.952968419 0.759604096
    1.17468202 1.3842566 1.09413648 0.777753234 0.56251955 0.68666631
    1.4193908 1.29480171 0.734719932 0.757034838 1.50979567 0.885753036
    0.926436245 0.573358178 1.36031997 1.15654242 0.858336985
    0.773242593 1.09767163 0.666345775 0.592981637 0.723723173
    1.22331202 0.971250951 1.27011585 0.761810482 1.10551238 1.06804144
    1.16435647 0.492040426 0.620729029 0.921062708 0.574216366
    1.04233265 1.02916276 1.35765946 0.570775509 0.605739295 1.00850999
    0.943924725 0.781593561 0.989963353 0.882549047 1.51410043
    0.550732195 1.51189649 1.33505905 0.754036784 0.764725804 1.34989941
    1.20173824 1.48366749 1.33818483 0.670984805 0.69274348 1.3416816
    1.07902837 1.35696757 0.722561479 0.829105377 1.17194998 0.925450683
    1.10071993 1.56374753 1.32847631 1.30049741 0.979936481 0.646223962
    0.880390406 0.6926229 1.18026912 0.880460858 0.957192242 0.627452075
    1.09933388 0.701176167 1.51565266 1.47519016 0.718504369 0.836064339
    1.42972839 0.68461287 0.922028601 0.8000139 1.37870169 1.4286896
    1.1378175 0.504572451 0.588518202 0.649298072 0.53002274 0.66973573
    1.12830436 1.31819546 0.80269295 1.41057944 0.660485208 0.761263013
    0.603919089 1.4655 1.46132326 0.545551658 0.745693743 1.06307089
    0.652757347 0.747118592 0.912455738 0.916193485 0.677546918
    1.00015962 0.726730168 0.885018408 0.874230802 0.707113385
    1.38909376 1.21019745 1.35156393 0.982883871 1.4960916 0.977750659
    1.30609047 1.2021333 1.2032882 1.22477388 1.0851227 1.01803911
    1.41602564 0.931367517 1.28697324 1.13715565 0.819194078 1.53193653
    0.607910156 1.30105436 0.832752824 1.42756736 1.48094702 0.868114054
    0.97290206 0.60638243 0.773212016 1.2222569 0.759679496 1.47050333
    0.692034483 0.72121042 1.37300074 0.616135597 1.17173553 0.703457296
    0.638985991 1.22580707 1.43343914 0.607482135 0.628929973 1.24693871
    0.773296833 0.76711303 1.16507351 1.23105729 0.83706069 1.49003541
    0.938930869 0.809551418 0.809971631 0.959222019 0.946848989
    0.640240908 0.543485165 1.27975273 1.07888091 0.791942 0.933783948
    1.32599866 0.794116318 1.29620171 1.46632385 0.787034988 1.30647159
    0.894006133 0.86791271 1.1456809 0.871769965 1.09572196 1.05012143
    0.732502639 0.850133181 1.55754769 1.23926747 0.696674645 1.18091464
    0.838498771 1.045102 1.55304039 1.43355107 1.15188503 0.88956809
    1.37725925 0.844696343 0.586173356 0.874624014 1.4940418 1.27541471
    1.49625242 0.894469857 1.4733336 0.788865745 1.07763588 1.24530113
    0.813404799 1.1455642 0.868938804 0.60709548 1.17934442 1.12944484
    1.15518355 1.23449183 1.00570858 1.23461711 1.01413035 0.609616339
    0.611002982 1.13810396 1.33261418 1.1688242 1.14005983 1.29964852
    1.40438139 0.850725412 0.640818477 0.881341577 0.485839993
    0.838235319 0.814125299 0.703591883 1.14935458 0.846428275
    1.09753931 1.07131231 1.44547868 0.571968973 1.18881714 0.802560091
    0.53618902 0.91019839 0.984965622 0.949791491 1.06826115 1.1705904
    0.687499762 1.02318156 1.45662761 1.15409267 1.18075299 0.592565715
    1.07036948 0.669267595 0.853083313 0.69288969 0.703811526 1.09444928
    1.38192487 0.855599165 0.920872688 1.14097416 0.640515327 1.29038012
    1.30571616 0.87515521 0.842571855 1.42814863 0.578903556 1.10333252
    1.03692281 1.51407206 0.693732917 1.33098567 1.08245003 0.791716456
    1.10539579 1.28680885 0.636596262 1.52525902 0.94060421 0.97251308
    0.951995611 1.45943642 1.19996619 1.2437855 0.572113991 1.1428709
    1.40898609 0.696672797 0.74955225 1.38824201 0.521653473 1.28586698
    1.33593869 0.750769138 1.19271481 1.27610135 1.31991959 0.765213847
    0.606569946 0.718147218 1.19866455 1.02094686 0.683669031 1.48768115
    1.32019067 0.83739084 0.925784111 0.838510156 1.55422974 1.36054742
    0.938065946 1.00656044 1.12185073 0.976343513 0.589899123 1.30503166
    0.932533622 1.03949726 0.939271212 0.60568589 1.21530771 0.72725755
    1.07566929 0.525915563 1.378438 0.738925278 1.3658582 1.51917624
    1.55313849 1.53271675 1.55985487 1.06263375 0.988501608 0.764226258
    0.725227237 1.36743271 0.762052417 0.505359948 1.42952955
    0.816815197 1.32984436 0.553798378 0.549040914 0.685690641
    1.01508188 0.984534264 0.76981318 0.55184263 1.00918984 1.26719868
    1.3230952 1.44418275 0.818971932 1.38660371 0.868239105 1.20633638
    1.08451688 0.604240716 0.697814405 1.43515944 0.566434562 1.0420928
    0.894349515 0.817911029 1.07218301 0.859868646 1.56524706 1.5816381
    1.30253458 0.883701086 1.5628078 1.38592768 1.16822278 1.06854475
    1.41089976 1.50679243 1.55559754 1.32060671 1.22061527 0.658079207
    1.11826026 1.10112393 0.56256634 0.808682621 1.18660426 0.738302886
    1.01788557 0.696374774 1.42409027 1.48425245 1.43214059 1.49040198
    0.657053351 1.21096945 1.17802596 1.09116495 0.988195479 1.1052798
    0.723131597 0.587607145 0.685675204 1.22484815 0.802177727
    1.32496691 0.937740088 0.596461475 1.23418128 1.3095125 1.32237947
    0.704874158 1.040838 0.99390161 1.14025056 0.917024136 0.967028201
    1.30115235 0.795397878 1.14283121 1.13911235 1.40770817 1.33354759
    1.47292769 0.601981759 0.834390044 1.39285707 0.882202268
    0.768227875 1.36491179 0.640880764 1.29888475 1.52952099 0.751226723
    1.11362898 0.857028127 1.36061668 1.04422247 1.54654145 1.19716549
    1.19905603 0.560792089 0.653894961 0.571469128 1.3397361 0.885748565
    1.20442331 1.44421697 0.657556295 0.690845788 0.542758703 1.26234329
    1.28149533 0.556804538 0.992116272 0.951425135 1.20976365
    0.890915692 1.04141867 1.13860905 1.5500797 1.42668712 0.998056948
    1.51079261 0.795558453 1.18778729 0.537251949 0.952307522 1.08365059
    1.45946753 1.33412087 0.884184301 1.23738158 1.24558938 1.13040769
    1.39073324 1.48693013 1.29507136 0.951119006 0.9476704 1.2355963
    1.08525217 0.548142552 0.48749125 0.719015956 0.739445746
    0.583343267 1.14274657 1.37118745 0.675838172 1.25742364 1.09026444
    1.38361943 0.818181753 1.23924255 1.18781686 0.789496899 0.507274449
    0.784814656 0.452802896 1.06508052 1.05439699 1.33055735 0.803365111
    1.441661 1.24792051 1.14500451 1.09743714 1.31224966 0.922844887
    0.880549192 0.57740438 0.968336582 1.04172385 1.40791166 0.975404859
    0.887759864 0.930876017 1.57938623 1.48926985 0.976186872 1.5750128
    1.57260406 1.07138503 1.4448235 1.05191922 0.958861589 0.972961247
    1.00264049 1.10988498 1.21454203 1.03526616 1.0876466 1.45578265
    1.33402026 1.20568514 1.02045715 1.18359578 0.679602742 1.01815367
    0.854280829 0.566892266 0.563464403 1.11083603 1.15361083 1.42917991
    0.595071793 0.819903255 1.33853221 1.22171664 1.207793 1.29598415
    0.933996975 0.683068275 1.55577528 1.09311759 0.697993338 1.5229013
    1.51032579 1.00245678 0.557970166 1.04148984 0.998707473 1.4291501
    1.50982392 1.02529156 1.28963208 1.14355111 1.45732713 0.809517086
    1.29114008 1.09878349 1.27675438 1.03129101 1.44680333 0.746323109
    1.04074645 1.11783874 0.906105399 1.42222071 1.06803906 0.780744851
    0.616847754 1.13002145 0.873090684 1.38544548 1.40102077 1.12042296
    1.08335102 0.703225732 0.865064085 1.42808497 0.877627552
    0.600021601 0.613348067 1.02893317 0.956160903 0.525016367
    0.785942972 0.606939912 1.00425529 1.27124619 0.578817129 1.31546426
    1.17760086 0.557444632 0.961914837 1.42650008 1.29985511 0.686104834
    0.696263492 0.972970724 1.09614205 0.546518564 1.17709553
    0.851879358 1.07295179 0.729992867 0.99912703 1.40002501 1.01015925
    0.814117908 1.50613511 1.15155315 1.09111249 0.936686933 0.962847412
    1.19524872 0.90626353 0.582912207 1.3243897 1.47877526 0.637708664
    1.00401258 1.30023038 0.773122609 1.47865987 0.954835296 1.14066112
    1.53878748 0.835519791 1.13141203 1.40461433 0.546051025 0.627432466
    1.14854181 1.18333936 1.36352694 1.33115149 1.10082459 0.666403532
    1.07396901 0.959278464 0.627073586 0.703170657 1.32590806 1.37432885
    1.05143082 1.0661453 0.62755394 0.732492507 1.29286683 0.546021223
    1.46386611 0.54682529 1.11281395 0.743235409 0.707036138 1.10460401
    1.41240382 1.50468838 1.4113754 0.984403908 0.727014899 1.13297749
    0.804950476 1.50433564 1.08721161 1.2942009 1.18657136 0.862120569
    1.1791575 1.18833447 1.04804695 1.35077167 1.50434673 0.963537693
    0.670765042 0.911218524 1.27178705 0.60151732 1.03847849 0.734649062
    0.737274051 0.667924643 1.46943545 1.05268383 0.833232999
    0.962823391 1.45533717 1.5625385 0.670927346 1.45949483 1.00684607
    0.764576018 0.53294903 1.19680893 1.29867077 1.34405708 0.619685948
    1.27436507 0.760867894 1.25439751 0.969845831 1.23733354 1.04672658
    1.11231077 1.19312739 0.70656538 0.914869487 1.28869474 1.31899905
    0.507305741 0.713101923 1.36586225 1.33921814 0.703577876 1.41185117
    0.610474885 1.235636 0.614522398 1.27323163 1.44178188 1.0122813
    1.1217891 1.09502971 0.686694324 0.837742567 0.65629977 0.682341456
    1.24788904 0.669756413 1.00499785 0.524228334 1.45726168 0.550574183
    1.40344596 0.638503611 0.60655582 1.06934869 0.76515007 0.424517244
    1.2704699 0.775785089 0.383009732 0.514261484 0.468399197
    0.558796048 0.772062957 1.24057293 0.942598939 1.12681043 0.67506361
    1.47864151 1.14449823 1.36084259 1.35599804 0.550834954 1.47737813
    0.925388634 1.14500666 1.12191868 1.42315042 1.28986049 1.10246491
    1.05502009 1.12383926 1.44161463 0.730746925 1.00263524 0.82635808
    1.03293896 1.56445158 1.53021157 1.43682277 1.54629052 0.815455616
    1.40716767 1.07293713 0.722481728 0.940761089 1.05630291 0.658991873
    0.566236973 0.739480913 0.84654057 0.884762526 1.05476689
    0.905382872 1.23454452 0.720284522 0.866254032 1.32279241 1.47743893
    0.694990039 0.72473067 0.654175103 0.753734291 1.45396602 1.0569725
    0.754943371 0.753890336 0.893219769 1.06021106 1.39949226
    0.792639792 0.54577601 1.01889694 1.21218312 0.746508598 1.08618927
    0.98325026 1.1460582 0.945212007 1.03022206 0.896972537 1.57548559
    1.3916297 0.693817675 0.842083275 0.835827827 1.49653697 0.869338334
    0.70868367 1.44762027 0.654350519 1.03390622 0.66048193 0.806974232
    0.617230058 0.764631391 0.692198575 1.39546871 1.54513609 1.32305384
    1.33646703 0.608054459 1.5443598 1.45763528 1.32023478 0.576652229
    0.98138833 0.99866277 0.477469444 0.877210975 0.672599137 1.32906258
    0.455818892 1.15343773 0.829329789 1.03905439 0.54182148 1.00157642
    0.938860238 0.582507253 1.17798686 0.780119002 1.16155624 1.18760979
    0.992323399 0.794583082 0.724137664 0.809848607 0.612545848
    0.717038035 1.28671789 0.807652831 0.757656217 1.00655186
    0.654519796 1.23429608 1.07296681 1.45307493 0.859577 1.53132343
    0.631119609 0.850211799 0.959979236 1.15859413 1.14908659 0.82720089
    1.35374904 1.39376521 0.847261548 0.938336611 1.01072729 0.972962499
    1.01739514 0.854494333 0.583379328 0.557804167 0.734322727
    0.648054421 1.15828693 1.34702694 1.46665895 0.893016219 1.07454371
    1.08259392 0.883262992 0.531035006 1.33420098 0.589695632 1.13344336
    1.47277963 0.776616693 0.517007828 1.19696021 0.51518321 0.825717866
    1.21307981 1.42998254 1.48895526 1.15450287 1.09792566 0.862640381
    1.24921811 0.940996349 1.40877032 0.945376039 0.98131001 1.50588751
    0.871941686 1.34620059 0.633442104 0.751916587 0.874093056
    1.38870931 1.21591914 1.35586715 0.856457949 0.708423793 1.22982228
    0.92777288 0.807693362 1.53088379 0.738737643 0.851132989 1.04709649
    1.05846286 0.795817971 1.00894129 0.780865073 0.703964293 1.38275909
    1.4875412 1.16962099 0.724623501 1.46211064 0.959846735 0.946008444
    1.14364529 1.32861757 0.859038115 0.673319757 1.18925607 0.979701221
    1.55141211 1.12422228 0.966684639 0.928866029 1.22244823 1.05336893
    0.844044328 0.835592687 0.957055986 0.954604149 1.04292893
    0.827155769 1.06828606 1.46846092 0.581797838 0.865796268
    0.962001443 1.11939573 1.08499038 1.2783041 1.36368906 0.86560148
    0.818754554 0.825995862 0.675487757 0.913305759 1.32267439
    0.770897806 1.06894982 1.12914693 1.09679675 0.662811637 1.30399299
    1.50820029 1.21126795 0.557575762 0.759433031 0.569094718
    0.983310223 0.525342882 0.567936063 0.367806435 1.05460262
    0.829021692 0.69595921 0.552956522 0.681031346 0.840171456
    1.33203161 0.557770789 1.23994505 1.40456533 1.15568161 1.23203409
    1.49783611 1.4833225 0.950135589 0.794740796 1.38633692 1.44178629
    0.702344596 1.25475848 1.03009772 1.36809933 1.00025547 0.67868185
    1.1793592 1.29935741 1.09427214 1.01877618 1.23618293 1.54254663
    1.00187588 1.23097658 0.719991744 1.52235568 0.717954814 1.00145936
    1.03335369 1.09873986 0.59691906 1.00987649 0.942951262 0.971664965
    1.1140666 0.760201931 1.219625 1.28697145 0.555134892 0.881927073
    0.722487509 0.524552584 0.655890524 0.663808405 0.999538183
    0.768727779 0.750157297 1.47480059 1.45524979 0.646166801 1.36117411
    0.659601033 0.938353062 1.32812142 1.45891833 1.10947859 0.610958159
    1.29315412 1.15917444 0.903985381 0.594801188 1.25605297 1.129933
    0.995313942 1.2244339 0.837282062 1.48909044 1.03213727 0.9192065
    0.558693945 1.41513777 1.42698574 0.652217686 0.767172158
    0.514406681 0.571652353 0.552304685 1.4041121 1.35453963 1.11968052
    0.681916714 0.938428044 1.21248984 1.1808244 0.861636043 1.06449902
    1.37876499 1.24753881 1.46570742 0.911162496 1.11696553 0.771816492
    0.600016952 0.891869307 0.621655405 0.876653433 0.665536284
    0.572554588 0.525212348 0.645330131 0.926548183 0.658428609
    1.45746744 0.94363457 1.38938558 1.5014267 1.01309574 1.2602948
    0.587501526 1.36421359 0.705098808 0.566741765 0.940269709
    1.36218619 0.876434505 1.01955914 1.20259929 1.51716876 1.39782274
    1.2343024 1.37322772 1.27533567 0.825838387 0.62332952 1.18900454
    0.898804843 0.830425918 1.04348016 0.791535556 0.98579371
    0.674096823 1.02149379 1.16189206 1.28555322 1.4099158 0.818833411
    1.40432703 1.27451658 1.37879193 0.691010773 0.764294147 0.567159116
    1.02799261 0.532779276 1.42220485 0.74827987 1.15740204 0.736548424
    0.610169947 1.40081656 0.580909252 1.00418198 1.11823034 1.10728896
    0.966298997 0.579868555 1.09563673 0.72839731 0.795979619 1.32357883
    1.13252664 1.24046564 1.0714519 1.24207509 1.3508569 0.788035214
    1.26406574 0.920298278 1.01854527 0.990694106 1.57008493 0.864306748
    0.614395916 1.32466137 1.43333745 0.997012734 1.56950605 0.675448716
    0.779200971 1.2512269 1.56909311 1.10644102 1.05574727 0.99763602
    0.620335519 1.42936039 1.41733587 0.748208165 1.44924569 1.21420276
    0.85738641 1.31340921 0.940241516 1.43393743 0.765690088 1.2625109
    0.762370646 1.30104113 0.670017302 1.34657872 1.28341401 1.20866525
    1.24096715 1.24839139 1.36042726 0.828744113 1.27785075 0.725347221
    0.878722847 1.4963752 0.958993375 0.624841452 0.765307903 1.38694632
    0.710217297 0.910567224 0.789801121 0.811787307 0.673956752
    0.891273439 1.0287087 0.75688529 1.55442178 1.35384107 1.36144435
    1.54039109 1.37788773 0.590816498 0.785236955 0.757978261 1.29147959
    1.34937549 0.836932659 0.714693546 0.628281116 0.54136759 1.16386378
    0.752019942 0.776301026 1.07576478 0.968812108 1.18759358 1.35935616
    1.23282266 1.52852118 1.28111517 0.884168684 1.02392828 1.24813986
    1.0640775 1.05373681 0.67629534 0.624502599 1.15501368 0.57478267
    0.852336943 1.0337944 0.860035956 0.998442054 1.1215626 0.910275698
    0.727930129 1.13445628 1.25946498 1.4778161 1.41298389 1.38046491
    0.83310771 0.902785301 1.17453456 1.4132632 0.987697601 1.49369764
    1.54122579 1.55922329 0.640629113 0.682168007 1.05735803 1.46506369
    1.41517258 1.36692035 0.862124085 1.29914701 1.21071649 0.576342046
    0.975244641 1.2516191 0.59093231 1.38304675 1.24434841 1.11358035
    0.927137673 1.23938668 0.851792693 1.10475492 0.676999748 1.29071605
    0.908347905 1.34845638 0.983290136 0.987636864 0.983227849
    0.984380424 1.4760325 0.621125817 0.942783892 0.770443857
    0.985390782 0.608908594 0.992597759 0.639600635 1.09426808
    1.44861865 1.38065541 0.711139262 0.971150994 1.52722871 1.12790382
    1.10266209 1.07750821 1.48495185 1.0241158 1.36175573 1.21980453
    0.981021225 1.54757857 1.35231113 0.617704034 1.3597883 1.39393365
    0.90777123 0.869761765 0.732871652 0.809737265 0.742001176 1.2498399
    1.37664866 0.91321218 1.13103187 1.33926463 1.31985843 0.707851768
    1.14235675 0.816780746 1.02088428 1.41317332 0.744170666 0.77588433
    1.43582666 0.966553748 0.486877143 0.965966105 0.467549026
    0.954161823 0.793429375 1.28779745 0.766432762 1.38044131 0.82565248
    0.813247085 0.754681706 0.950843811 1.03460658 0.77872926 1.44071424
    1.46857011 0.908847868 0.879592896 0.930885255 0.981919944
    0.951027989 1.53875816 1.5064801 1.51178718 0.609719217 1.30139458
    0.945591688 0.90197593 1.05671835 0.919371426 1.34515452 0.852815568
    1.25753593 1.31589758 1.38097119 0.805060267 1.32162011 0.883561373
    1.23096538 1.3423512 1.47734416 0.956870794 0.642188072 1.51617563
    1.00482988 0.773452759 1.28675187 1.0445236 1.06445158 0.849010348
    1.251472 1.43446958 1.04916966 1.12907469 0.894959211 0.971854985
    1.5106616 1.11712205 0.920068622 1.22730422 1.4767344 0.47099784
    1.04752588 0.745503306 0.938681424 0.509314775 0.590921104
    1.45042372 1.1628983 0.985437751 0.981758118 1.48022842 1.41779244
    1.6179986 1.58908629 1.12480223 1.2670579 0.72786653 1.14173937
    1.30336165 1.29847419 0.597423434 0.617840528 0.922292113 1.02602732
    0.771926999 1.56811261 0.72468698 0.878313661 1.23031664 1.28543925
    1.38770938 0.698471427 1.27963614 1.37246454 0.851042628 1.51559663
    0.608528197 0.990126193 1.34365535 0.956414759 0.70254612 1.109514
    0.789817274 1.10285306 1.07693303 1.01857781 0.701155603 0.793084085
    0.820858002 1.25542867 1.51025975 1.3994323 0.989736736 0.727124453
    0.863263667 1.09444475 1.39726961 1.29145789 1.51408732 0.86395663
    1.07332182 0.691491365 0.557876468 1.2983942 1.16115892 0.67926228
    1.03155482 0.823105097 1.57898951 0.603570461 0.66929549 0.851049542
    1.31303787 1.49609554 0.617812097 0.690073967 0.536516309
    0.919050157 0.742822826 0.771542072 0.609579027 1.22194755
    1.16847813 1.51161838 1.45749247 1.17587221 0.746162355 0.686551988
    0.79436636 1.08159626 0.748285353 1.2728219 1.07035041 0.510397792
    0.765372038 0.90570128 0.564887226 1.36573589 0.517870843 1.38947451
    0.627461433 1.41505015 1.48914361 0.915058374 1.05769336 0.7800771
    1.08962715 0.909226239 1.3622061 1.18967426 1.15600491 0.664106131
    1.22878313 1.1795975 1.37831223 0.682635367 1.24880195 0.697559178
    0.796736002 1.52507234 1.07124352 1.55798399 1.25236642 0.911234856
    1.31740606 1.45256507 0.89972508 0.957741916 1.48211062 0.852585495
    1.2397449 1.39315915 0.694351792 0.79054445 1.08491564 0.768894672
    0.837537408 1.11942399 1.36664045 0.995476305 0.743883312 1.27673936
    1.01324224 1.08588731 1.09736705 1.43667424 1.17924201 0.577178836
    0.69274354 1.17326999 1.30821037 0.865273476 0.879857719 1.32545555
    1.14650214 0.563688219 1.43551576 0.816200733 1.04734552 1.30739057
    0.7349087 0.600878417 0.808603525 1.316064 0.755766571 1.12866545
    1.00546086 1.3614428 0.821391225 1.42718065 1.19226289 1.02293777
    0.549382091 0.913506448 0.819179952 0.711689115 1.13725924
    1.19831574 0.536032438 1.46738279 0.848506987 1.54000604 0.737824798
    1.5595324 1.57264829 1.1804924 1.48899412 1.32438886 1.27926838
    0.920809507 0.834565222 0.656808078 1.38466465 1.12601984
    0.534224689 1.07967889 0.525916755 1.46802104 1.00743806 0.892935634
    1.37506497 0.688996613 1.07815802 1.24630117 0.578811944 0.675161541
    0.755395353 1.48660564 1.13178062 0.818023026 1.33617294 0.700921357
    0.848769665 1.01664937 1.23516345 1.01616776 1.19444156 0.750219584
    1.01846695 0.855252087 1.44735491 1.55807388 0.835026622 1.02141833
    1.43377709 1.10560143 1.1725508 1.08993173 1.17387784 0.763245583
    1.09156704 1.49744034 0.731578231 1.39254856 0.633096218 1.49940336
    0.92768842 1.1093111 0.622679114 1.37293613 0.609763086 0.580189824
    0.61991936 0.888238549 0.801051676 0.917123973 0.822379053
    0.59539026 1.00650465 1.41475356 0.884680748 1.50639987 0.658482075
    1.01599836 1.10473144 0.602383018 0.483466059 1.4657563 1.34058714
    1.27333772 0.835250378 1.2611829 1.51393449 0.790824533 0.871329486
    1.10876334 1.45277929 0.913702607 1.30901659 0.837265313 1.17210841
    1.06895399 1.25507927 1.54457557 1.11314082 0.676327348 0.750970781
    1.20252597 1.45819628 0.885656118 0.876891971 1.45740986 0.717443526
    0.767999589 0.928973317 1.39072132 1.05491221 1.23313725 1.23274755
    1.20184398 0.990733147 1.23373425 1.09506392 1.51042962 0.707118809
    0.752143741 1.11313832 0.727539241 0.645447135 1.06810617 1.47604871
    0.765277743 1.10906386 1.38975358 1.52735126 1.34412563 0.817568898
    1.40349364 0.629371405 1.08309722 1.04357111 1.43040383 0.804671824
    1.13261211 0.512146413 1.46062207 0.82574755 0.574545383 1.25714469
    0.81069839 1.03573871 1.48763549 0.918894172 1.26849639 1.54169774
    1.0251714 0.584489942 1.35616505 1.31006324 1.16747725 1.22525764
    0.602101028 0.824457407 0.616794407 0.92177999 0.629888415
    1.28277493 1.36905158 0.897289574 1.38099813 1.40307832 1.03188276
    0.899098217 1.30249989 1.54546356 0.643363833 1.08262014 1.40798187
    0.471360624 0.76300776 0.798069119 0.793245137 1.07272184
    0.483875394 1.4457233 0.875855267 1.45637596 0.768258274 0.743546963
    1.2821008 1.02582848 1.49147177 0.903774858 1.50761187 0.963073134
    0.763286769 0.681858182 0.964906752 0.931861699 1.26339316 1.0667212
    1.28040409 1.44945395 1.04143167 0.604396164 0.957588911 0.805179238
    0.75311929 1.18789506 1.54176998 1.51725626 0.696184754 1.23706412
    0.6044631 1.43936968 1.18133533 1.11881757 0.823546708 0.739330828
    0.913439572 1.36734021 1.30642831 0.5928092 0.666669607 1.36972284
    1.2458756 0.784226418 0.911734104 0.999118865 0.636207283
    0.835628808 0.601332545 0.572569966 0.609736383 0.789962232
    1.23996985 0.937822223 1.14987886 1.38266718 0.895813227 0.525527418
    0.764648855 0.654712737 1.3498193 0.658866704 0.580189884 0.79237324
    1.35217738 0.908365369 0.63948226 0.799036026 1.49569678 0.831044972
    0.960297287 1.01634717 1.35718155 1.27729595 0.799970329 1.45106125
    1.39260495 0.798089802 0.708747268 0.645452738 1.05033791 1.07494724
    1.3650769 1.28276408 0.664579749 1.00706291 1.21158957 0.828667223
    1.43740535 0.648385167 0.632273734 1.19898081 1.25148153 0.604911387
    1.50821209 0.99866426 0.580031693 0.977996647 1.5058111 1.50534225
    1.14677918 1.45776391 1.29869592 1.24749446 0.786073446 1.22153914
    1.46557271 1.26731038 1.52324116 1.32946062 1.21249723 1.22145498
    0.878415644 1.12409353 1.40420759 0.779800117 1.27884626 0.55157125
    0.702423751 1.03762794 0.770629287 1.02233624 0.695248485 1.14259124
    0.799352169 1.48041391 1.24616253 1.14078903 0.951250255 1.11008692
    1.37849557 1.29542661 1.33201265 0.990497947 1.03188515 0.842665851
    0.830922186 1.28557587 1.14729869 1.28232801 1.00058305 1.38654196
    1.28622031 0.870565116 1.26757073 0.988155425 0.726419866 1.34067166
    1.27746081 1.44671166 0.870377421 0.7968449 0.806340039 1.27152228
    1.05005693 0.817039967 0.988633573 1.00793242 1.12892449 1.19135737
    0.529246569 0.592790723 1.25693917 0.855754495 0.85031414 1.24678028
    0.9551754 1.1849122 1.09689689 1.27605832 1.57253861 0.654274762
    1.4703021 1.39130378 0.837931514 1.42246318 1.55212498 1.50452745
    1.39218307 1.33013844 1.41890168 0.568459094 0.59870249 1.53986561
    1.51057994 1.43056667 1.35285056 1.36147201 0.687713802 0.75588727
    0.54692322 0.780879676 0.671287298 1.38089633 0.926042557 1.29014349
    0.993033409 1.55964851 1.02624083 1.42652965 1.03176177 0.843060374
    0.573539138 1.03177881 1.26791537 0.743494749 1.40770054 1.45357442
    1.21981001 1.27927506 1.169958 1.33127928 1.41824257 1.46202481
    0.59385097 0.919323027 1.49511671 0.524785101 1.26915669 0.731600761
    0.896963179 0.895642281 0.978107452 1.08209097 1.31259191 1.38550043
    1.39761794 0.946521103 1.11661386 1.44671583 0.687627733 0.90046972
    0.641053379 1.02223861 1.37216282 1.33085918 0.664465427 0.798589766
    0.607626081 1.51070797 1.40066791 1.20934582 1.25113606 1.09880364
    1.24552011 0.68798089 1.39416707 1.45451713 1.39828241 1.19193017
    0.64597559 1.35781395 0.80526334 0.806922197 1.18937945 1.15434837
    1.21189797 0.932327509 1.0781486 0.793718874 0.817270219 1.12485266
    1.31720173 0.761371255 0.644700766 0.675103545 0.609786272
    0.636930525 0.781844139 1.45226729 0.749761343 1.4242388 1.21923923
    0.655885518 1.30274308 1.48597968 0.625834763 0.946707845 1.05434012
    0.898305476 0.671794772 0.910586238 0.627785981 1.27694273
    0.700234115 0.871739149 1.24424815 0.600994349 1.32524812 1.18070412
    0.987718701 1.41403115 1.00899708 1.37961972 1.32404745 1.21958649
    1.51638305 0.977449834 1.05394351 1.16741669 1.35097718 1.38302982
    1.2004776 1.33745825 1.00835645 1.12196422 0.843888402 0.631010056
    1.23814404 0.792558908 0.529035628 0.783472776 0.613197386
    1.51445055 1.03864229 0.891841412 1.35939229 1.1329993 1.2922467
    0.745574474 0.780245602 0.95101583 1.1892643 1.04978549 0.976516604
    0.810409784 0.944431722 0.949584365 1.35769796 1.34895837 1.26284075
    0.660998464 0.602213323 0.732535064 0.539749861 1.15775788
    1.42116046 0.926379323 1.47305155 1.04697716 1.31327319 1.26156688
    0.591806352 0.781681538 1.50767291 1.15479684 1.35587943 0.816025972
    1.57570171 0.615377545 0.899270475 1.24547124 1.3443737 0.594630718
    0.880537271 0.827109516 1.30600417 1.21048069 0.744629562 1.11874664
    1.19194567 1.06866872 1.05930662 0.838664293 0.996015668 1.53533077
    1.13772511 1.47430718 0.894933999 0.879115403 1.5155977 1.44022799
    1.33455014 0.760930538 0.875418901 0.979665697 1.49956965
    0.946631193 1.46188366 0.868327618 0.940154433 0.935207069
    0.960950673 1.17711592 1.06702828 0.813328445 0.960752249
    0.678487062 0.932441711 1.3573612 1.07901573 1.50267339 0.605190754
    1.26875067 0.957442343 1.56895518 0.96161288 0.700898409 0.567645669
    1.47410476 1.19265974 1.42949522 0.687329173 1.03241789 1.4285531
    1.18484306 0.784648716 1.52237582 0.95826596 1.2848376 1.09400225
    1.19715524 0.668860257 1.41906881 1.20828474 1.06333876 0.695826948
    1.23306179 1.03009617 0.540313125 1.31854606 1.07701945 1.23490846
    1.27387631 1.2517066 0.867527068 0.838513017 1.40267587 1.37901294
    1.32944584 1.4588939 0.776313782 0.55707258 1.37816012 0.53107661
    1.12752688 1.51876247 1.29737878 0.837438464 1.56065226 1.56320786
    0.609755933 1.41644812 1.53812838 0.895672083 0.66129595 0.877850115
    1.54696989 0.595792234 0.57754004 1.05303371 1.27424395 0.97482425
    0.602006018 0.940684617 1.15205872 0.742434144 0.925362587
    0.585412323 1.12153089 0.867458701 1.4231571 1.19671583 1.17255354
    1.45488012 0.679154158 0.912875652 1.16057324 1.05012977 1.18106377
    1.01797414 0.850375652 0.616419196 1.35729718 1.27647853 0.96031487
    1.23972034 0.626453996 1.18276334 1.09225345 0.729304492 1.12974298
    0.787547886 1.09764361 1.28818858 1.03731871 0.803386569 1.50133276
    0.915477633 1.44309747 0.81940186 1.00547218 1.03298068 0.730577767
    0.60659343 1.29530585 1.36682367 1.40469456 0.997004926 1.37738097
    1.57796955 1.22816002 0.713967919 1.48314869 1.21071672 1.15588498
    0.790949285 1.22465372 1.27489924 0.805436552 1.28987455 0.578726947
    0.789352298 1.03655744 1.0563308 0.888564825 0.731687188 1.36072195
    1.03744185 0.611316383 1.36398363 1.05968535 0.676522195 1.24452603
    0.518284082 0.822034895 1.02508736 1.53279853 0.600991011 1.22390592
    0.592734754 1.44429624 1.29211617 0.823615909 0.887893915
    0.946530581 0.599861443 0.888470113 0.655827761 1.0242821 1.06955099
    1.39629054 1.52347577 1.50807226 1.02993178 1.15089655 1.49836206
    1.0777142 0.913495004 0.865218639 0.837645948 1.55264461 1.07785738
    1.46541548 0.781739712 1.56992221 0.70773977 0.96926403 1.44006395
    0.853705168 0.993143916 1.43002343 0.661088109 1.54311597 1.37979662
    1.48994637 1.41552377 0.571775317 0.591235816 0.68741262 1.13874984
    1.41642272 1.37263966 1.46223462 1.36312699 0.770725846 0.784591734
    1.48126101 1.49021494 0.961741269 1.19834471 1.5846194 1.44885337
    1.35123074 0.889214098 1.25071836 0.997601926 1.19993305 1.04240835
    1.16133809 0.773291171 0.988462925 0.533060253 1.38974833
    0.882273793 0.868600249 1.57255828 1.23507226 1.17122614 1.1042285
    1.34478402 0.934167325 0.965544701 1.46966672 0.81054312 1.58682728
    1.55935121 0.860852361 0.93448627 0.702479124 0.671727955
    0.776887476 1.14868474 0.653143883 1.48117721 1.09620452 0.690866172
    1.47036731 0.789193511 1.51955044 1.1138413 0.809718072 1.28521335
    0.977279782 1.24035287 1.53265715 0.565208256 1.07287502 0.545711219
    1.24149787 1.06436658 0.711617589 1.30778372 1.01834011 1.52142644
    1.54628384 1.25174713 1.12605214 1.04195607 0.930781782 1.46340811
    1.08172822 1.35405898 1.26296663 0.902620375 0.830374658 1.38891852
    1.44114733 1.26802909 1.56069529 1.13790989 1.46043873 0.671576262
    0.720823765 0.747629166 1.42325985 1.17230809 1.54285276 0.839005709
    0.822956085 1.26518929 1.32480109 0.779939234 1.1978668 1.27460015
    0.827433228 0.653449774 0.556458175 0.959942818 0.958777905
    0.646007776 0.920476794 0.622060895 0.518781245 1.11779153
    0.724845946 0.967532992 0.688080907 0.744089544 0.955732942
    1.4700197 0.834605515 1.55028832 1.0995822 1.31993532 0.942314863
    1.31611478 1.37205255 0.718868196 1.25525832 0.978284359 0.600206196
    0.690300643 1.14623082 1.0955112 1.52343535 1.38780832 0.993913472
    1.29409862 1.30363417 0.785605073 0.703825414 1.11439478 1.45059705
    0.521649301 1.04885578 0.967033565 0.553613544 1.13124859 1.42176676
    1.07727396 1.34747612 1.01301348 1.17118704 0.949475348 0.68705374
    1.41053462 0.985290885 1.04383695 0.957864523 1.33557653 1.34214818
    0.590255201 1.29526722 0.885988533 0.84734726 0.742934525
    0.616053164 1.01007998 1.04220414 0.66610992 1.24051547 0.770619512
    1.34960902 1.21167028 0.62935102 1.54114103 1.04772687 0.986097813
    0.728241861 1.24919438 1.32944 0.74351126 0.716832817 1.09998524
    1.43433297 1.13107502 0.870232463 1.2849822 1.39360166 0.578589559
    1.4389087 1.20861232 0.861450255 1.503685 1.40588653 0.667234957
    1.45701873 1.08987236 0.71088624 1.08621001 1.04402113 1.16292799
    0.695333719 0.778429627 0.640917778 0.458886415 1.38092601
    0.583557367 0.810912251 0.923680246 1.38370383 0.848654926
    0.588785648 0.766396523 1.24081147 0.807085693 0.533073068
    0.90489161 0.632194996 1.06299353 0.902346909 0.728916705 1.26704884
    0.544286966 1.32171738 1.15180004 1.25819099 1.29679549 1.23257804
    1.25000799 0.647805929 1.24231172 1.42937744 0.750225544 1.55186498
    1.48553002 0.847887218 1.1918236 0.864740312 0.633404255 1.28804266
    0.616059542 1.2642473 1.1661824 1.22342384 1.37783253 0.899217904
    0.864265561 0.970676661 0.938891411 1.08277965 1.54887843 1.53925443
    1.15204251 1.36237085 0.566262245 1.31359875 0.944875777 1.19763148
    1.0922612 0.94145298 0.813278735 0.852826655 0.851271451 1.12487805
    1.11328173 1.21769953 1.27405357 1.38158607 1.44206035 1.15931022
    1.55862594 1.24808967 1.18268859 1.14716399 1.04913008 0.777509153
    0.666934848 1.05826283 1.09778726 1.56336701 1.3887223 0.736531317
    0.918544948 1.16685033 0.585657835 0.765416265 0.546721399
    1.47936058 0.883192897 1.08251834 0.588967383 0.863440633 1.24738169
    0.843083084 1.40240347 1.24526405 1.02933621 1.27031791 1.2822324
    0.622059345 1.45727491 1.47480059 1.33764803 0.757573247 1.5685761
    1.47309041 0.813466191 0.982178152 1.45427668 1.50909591 1.00141788
    0.628623188 1.09680808 0.964922607 0.90816009 0.708168268
    0.610505521 1.04214871 0.726351917 1.45555925 0.615023077
    0.943113804 0.821298778 1.3939389 1.10243273 1.17681491 1.29556203
    1.39666069 1.24631965 0.646595299 0.67748493 0.63261044 0.96256274
    1.48324251 1.01229918 0.868704259 1.0038929 0.779611886 1.02768934
    1.35800385 1.37746346 0.653608799 1.52814698 1.36384571 0.914714158
    1.50510442 0.61818856 1.23466492 1.38286519 1.25700974 1.16366696
    1.16758895 1.36764824 1.29930687 0.880477071 0.652530253 1.40332282
    0.866098166 1.48219335 1.02803147 0.878235698 1.28734446 0.838219881
    1.13321257 1.31495714 0.593644023 1.1030699 0.970017195 1.26904953
    0.775090873 1.26351881 1.22916615 1.35973895 1.1815877 1.07753003
    1.15544236 1.42042923 0.752937078 1.09788263 1.39152074 0.953643978
    1.06504452 0.884827971 0.937303185 0.879836917 1.24564099
    0.649758756 1.44996405 0.82719475 0.730559349 0.587046385
    0.915257454 0.926025689 0.819906712 0.685788155 1.04092431
    0.634114206 0.679065943 0.545253336 1.1493243 1.08142865 1.39652979
    0.79538244 1.25748765 1.38788033 1.17377031 1.50851107 0.936413527
    1.33789456 1.07557034 1.03736866 1.32498312 0.579297304 0.734303951
    1.14119029 0.64686507 1.17429841 1.20783246 1.10960031 1.17810082
    1.00553632 0.692663789 0.77754432 1.36502373 0.638170362 1.33530366
    0.802897871 1.05089343 0.675253749 0.591581941 0.804204941
    1.34703708 0.753667831 0.99708575 1.46339142 1.5711596 1.16722989
    0.760878503 0.690621018 0.832529783 0.529476702 1.07008088
    0.715277612 1.25118983 1.16548157 1.18346465 1.119205 1.50779068
    1.43828654 1.50778294 1.43870711 1.15391695 0.724876821 0.720585465
    0.971951783 1.00361037 0.531683981 1.03595531 0.785270572 1.16133666
    0.837511241 0.506957769 0.797845662 1.45104063 1.08658361 1.01506782
    0.835518777 1.27314806 0.728402853 1.3446914 0.760234594 1.20281816
    0.884295821 1.28112006 0.751723409 0.74952364 1.10456359 0.555568814
    0.578489006 1.17930734 1.08033633 0.57258451 0.928858817 1.42858505
    0.941803038 1.30442739 1.49109185 0.990047336 0.992651165 1.47168732
    0.992857993 0.630483329 0.965348899 0.902303159 0.833160996
    0.987138271 0.779382527 1.55051506 1.5860163 0.975659192 1.5771575
    1.24666488 1.22302532 1.00139761 1.09488416 0.991845965 1.42215335
    0.999108851 1.44036853 0.955637157 1.29908264 0.593409657
    0.738074601 1.13677835 1.21561408 0.555470824 0.892995179 1.32327008
    0.723055661 0.913857102 1.03753281 0.651940346 0.847036421
    0.682415187 1.08267474 0.579220116 1.16928971 0.558773756 1.12340045
    1.47088826 1.42395103 0.879353404 1.5194149 0.784604073 1.57000542
    1.42475808 0.880431056 1.27350628 1.37163079 0.605712116 0.625516117
    0.837343097 1.42198312 1.16679037 0.702650726 0.583649695 0.90370959
    0.64050889 1.09284294 1.49165773 0.779578984 0.992362738 0.876413465
    1.42826402 1.07946503 0.922361195 0.9136163 1.47533405 1.31662643
    1.34917068 1.44643378 0.964603305 1.30170977 0.975530982 1.0917325
    1.55136013 0.702207863 1.49693072 0.888447523 1.38169813 1.39205039
    1.15184057 0.993816674 1.36324251 1.54672229 0.721747994 1.51686513
    0.639981329 0.557028174 1.41892219 0.641682684 1.30415845
    0.771661341 0.525860846 0.686960936 0.840446889 0.614206731
    1.22652733 1.00724137 1.34651566 1.04591799 0.724636316 1.40133059
    0.799498141 0.760941088 0.616497993 1.50894392 1.34098983 1.20129049
    0.739869058 1.17404521 0.791415393 0.624164283 1.56670713 1.28981316
    1.5310061 1.32351267 0.927807629 1.4976784 1.5814358 1.36409664
    1.21108067 1.55994892 0.577584982 1.05867696 1.09031773 1.13223732
    1.03194237 1.16307378 1.22140193 0.795214713 0.818164468 1.1954819
    0.890449047 0.556142986 0.679010391 1.34181046 1.30165982 1.37269783
    0.900295973 1.47758436 1.18372917 1.14746952 0.681504667 0.843540668
    1.01317227 1.54481745 0.811658144 1.26959455 1.04022479 0.598617256
    1.04672968 0.702260077 1.25823343 1.3011353 0.655486047 1.19823229
    0.994818211 1.06397426 1.49418664 1.40285659 0.927482665 1.44731426
    1.0717566 0.907043576 1.17772567 0.773778737 0.746575534 0.946008325
    0.982761741 1.28523576 1.10611689 1.5654093 1.5889262 1.21004641
    0.894844353 1.03188455 0.806814373 1.44255912 0.794379175
    0.752398849 0.682508349 1.25687563 0.988937199 0.633927524
    1.43174851 0.937287331 1.0284704 0.724105597 1.20560396 0.518703878
    0.540332973 1.11756968 1.12744117 1.24155021 1.12346768 1.50385332
    1.31661117 0.791969717 1.21598125 1.39858508 1.19111323 0.930786371
    1.2115078 1.41900516 1.33198166 1.29534817 1.37540853 1.21719694
    0.728632987 0.773953199 0.658269167 0.723507285 0.996154249
    1.19071817 1.24035215 0.657109201 1.18013632 1.31323862 0.881613731
    0.729697645 0.656523108 1.43139064 0.761583328 0.583290339
    1.09800148 0.530130148 1.41387844 1.02858913 1.57261062 1.56582105
    0.770796657 1.36989689 0.842557788 0.753120363 1.40756643
    0.951004565 0.538991332 0.869041622 0.738146961 0.933948576
    1.22371912 0.798423946 0.987324476 1.39085209 1.35977137 1.00481808
    0.577320457 1.19759011 0.878249168 0.856886506 1.46983087 1.30960214
    1.08398747 1.02493632 0.999673128 0.662660956 1.48565841 0.949398458
    1.40107274 1.2442168 1.57102537 1.46866596 1.12150097 0.869523168
    1.41570807 0.909376204 1.07318103 1.05893111 1.48125458 0.849336267
    0.67908287 0.872543395 0.957751751 0.554274738 0.803612769
    1.21599913 1.08163571 1.30972195 1.41034555 1.51355779 1.20858145
    1.49000525 0.623247027 0.709962964 0.834641874 1.29180336 1.2461915
    1.04154718 1.49906874 0.711301923 1.0850631 1.03639936 0.592054427
    1.06089854 1.51906037 1.18974054 1.07769227 1.27339649 0.678853691
    1.4524107 1.31378794 1.0829705 1.53144574 0.873872161 0.729910672
    1.211429 1.11979806 1.43685317 1.24253869 0.958434701 0.641210079
    1.13021994 0.862174392 0.819817126 0.85262537 1.20084047 1.44288111
    0.899111152 1.14123893 1.23113179 1.34508932 1.09376454 1.40155017
    1.49772072 1.57353663 1.54917872 0.788864374 1.40820014 0.902027547
    0.563301802 0.821242392 0.635986805 1.15992403 1.46900988 1.06700313
    0.697438836 0.697524011 0.962977052 0.948040664 1.16871607
    0.985870719 0.976185739 1.14291263 0.982165039 0.711029708
    0.916840792 1.50174594 0.993362308 0.666959167 0.920165181
    0.989959359 0.581916094 1.29708779 0.965681732 0.814250588
    1.02763987 0.981091082 1.10930002 0.649978578 0.570359766 1.32784903
    0.756618619 1.00789475 0.80192256 0.586719096 0.943761051 0.93577224
    1.16795456 0.667205334 0.807966292 0.923443675 1.12662077
    0.869227946 0.821253896 1.00418532 1.40041506 1.4105804 1.25495839
    1.0565294 0.833552122 0.889000773 0.586231887 1.29175401 1.52624488
    1.06705248 1.08043659 0.985911906 0.645780087 1.03415978 1.40360308
    0.635281146 1.16629195 1.15838039 1.13377595 0.982997417 1.33400798
    0.604332387 1.35895383 1.06080115 0.82767278 0.706577182 1.09831405
    0.538848579 0.804650545 0.529095829 1.15138674 1.12989044
    0.582333624 1.11664951 1.10826623 1.20558572 1.3225137 0.967255712
    0.82968545 1.43391049 1.17632449 1.37487876 1.2546196 1.35645962
    0.647135258 0.736145556 1.43632936 1.16898274 1.28538764 1.40116203
    1.12906158 0.760514975 1.38482451 1.40148056 1.00348735 1.39208245
    1.32088017 1.15306807 1.16583645 1.07556129 0.801585317 1.05599499
    0.722521186 0.561049521 0.521223187 0.611382604 0.681307733
    0.559441686 0.515889764 0.609570742 0.567329228 1.44460189
    0.618120551 0.793867826 0.99775219 1.46542227 1.36238515 0.703297079
    0.720728874 0.982055902 0.58555007 1.48588145 0.682486117 1.33946252
    0.864004076 1.18735719 1.00716758 0.551760077 0.936502099
    0.728271008 0.697590709 0.691735446 0.927652299 1.4198631 1.05958033
    0.958396137 1.2838273 1.07110846 1.52200127 0.772986889 1.4689554
    1.33897674 1.40024877 0.563869476 1.23780596 1.04611385 0.710556626
    0.794731557 1.04508972 0.857512057 1.32997549 1.37755954 1.22267532
    1.45958281 1.55281985 1.06638908 1.0932914 1.11946428 1.45718598
    0.986180425 1.35764909 0.993990481 0.758865058 1.04584944 1.20805883
    1.32745552 1.48780644 0.593404531 0.99851054 1.1121124 1.02308226
    0.657750726 1.37744319 1.253721 0.795217395 0.749171674 0.915799201
    0.765395403 1.03867352 1.36368585 0.805042326 1.38105285 0.804159939
    1.17205238 0.718645394 1.15117013 1.19469285 0.759406507 0.779039741
    1.13743675 1.50925469 1.10984623 1.25459325 1.08961535 1.27155578
    1.48393023 1.5115217 1.01933682 1.59971046 1.52787304 1.1560905
    1.29549599 1.12690246 1.37534964 0.86771667 0.646040916 0.791193187
    0.981417179 1.40978932 1.04630399 1.41791606 0.95240736 0.987405598
    1.59658039 0.891091526 0.74627316 1.36813903 1.42135501 0.737322509
    0.74633503 1.16332483 1.11946905 1.53634918 0.852588117 0.822211087
    1.07277942 1.28227055 0.850164115 0.645788491 1.46486986 0.561297357
    1.07186913 0.556121886 1.27331364 1.42261267 0.838726938 1.39356065
    1.37100697 1.2421329 1.50603223 1.0263741 0.89612031 1.09187949
    1.53579891 1.19952595 0.944138288 0.882025182 1.4506681 0.926499486
    1.54032338 0.777623773 0.696897864 1.49252713 1.14706814 1.12520802
    0.886476636 1.35502434 0.843280554 1.24862218 1.32869172 1.3675257
    0.59308213 0.610544682 0.818268418 0.788419127 1.20628309
    0.959277451 1.03351629 0.829965413 1.00969648 1.43858099 0.569766343
    1.14458847 1.13035476 1.48993385 0.575021505 1.29329586 1.49998498
    1.37281513 1.39544392 0.594804883 1.2622627 1.21359813 0.996435285
    0.63452667 1.00754404 0.825058162 1.48765254 0.701581955 0.807530582
    0.76237452 1.1675837 1.10200095 0.977986693 1.49939036 1.2389909
    1.05128479 1.24498689 0.708727002 1.30285215 0.628482282 0.567803681
    1.09084558 1.40444732 1.35580552 1.4868108 0.648172379 1.46579146
    0.599893987 1.45782769 1.3885175 0.578392625 0.581273675 0.9144274
    0.97864902 1.32052374 1.30782032 1.52304232 0.592524409 0.745028973
    1.22230732 1.41485858 0.774369955 0.733612478 0.923675478 1.46388495
    1.29382157 0.763317347 1.3454324 0.950331151 0.885209441 0.587724626
    1.37700999 0.780871689 0.937955976 0.824414194 1.16018796 1.2654711
    0.591806233 0.641787946 0.743361056 1.18098044 0.594562709
    0.617172837 1.16171014 1.30136454 0.730260968 0.684453547 1.59948754
    1.14314067 0.989161253 1.42624438 1.30011487 0.869962335 0.619643927
    0.855588436 1.35405397 1.1330179 1.50389457 0.792735577 0.779596925
    1.21989262 1.40165901 1.3972199 0.892979801 1.4521277 0.771471918
    1.48071003 0.827417135 1.49851978 1.25347924 1.07249427 1.20203984
    1.13878179 1.27747238 1.36480749 1.01094699 1.04704082 1.28176105
    1.43254173 1.23787749 0.60151577 0.823049605 0.876213551 0.683447421
    0.735416532 0.898347378 0.917380035 1.10309565 0.847733259
    0.77946949 0.827777147 1.46674573 1.22381866 0.889594555 1.2114321
    0.97737509 1.20740342 0.684864283 0.395780921 1.01231766 1.09627962
    0.68340075 1.20126224 0.673948526 1.09556985 1.41418076 0.931218863
    1.40809309 1.49283504 0.817275703 0.753819644 1.52478147 0.56216228
    1.15364838 1.10445988 1.30653501 0.577493429 0.981721878 0.84603107
    0.976801217 0.862232447 1.42563486 1.09334397 1.47605157 0.84966737
    0.581754088 0.6578632 1.58185577 0.863525629 0.74021399 1.46811461
    0.730385125 1.24422264 0.720758855 1.2555089 0.578119755 1.38774168
    1.05040753 1.41033602 1.43264675 1.03571165 1.10946524 1.02893269
    0.935363352 1.53572786 0.637669086 0.706343591 0.807113409
    0.753089666 0.613808036 0.639757872 1.35602593 0.823157907
    0.621423125 0.686867237 1.06080306 0.769371271 1.47933543 1.16454065
    1.39093363 1.41156018 1.18086612 1.34223223 1.09844196 1.03215241
    0.828135312 1.54681361 1.08109975 1.51133454 0.678721666 0.904814243
    1.28186798 1.2272712 1.2164377 0.97089237 1.43082631 1.31623578
    1.15713155 1.54202926 1.40807033 1.19921064 1.5180378 0.575825393
    1.20421791 0.950676084 0.952998817 0.834831417 1.03350103 1.14901352
    1.146541 1.4784385 1.28871167 1.14245462 0.580276787 0.774723172
    0.84627223 0.674007118 1.32531416 1.54748654 0.872838497 1.05289698
    1.37975681 0.786525846 0.883865118 1.40959656 0.715169311
    0.597502768 0.830889583 1.41315985 0.733022988 0.955005705
    0.70120728 0.636947989 1.24387622 0.706299722 1.33226228 1.39657688
    1.07060683 1.39944696 1.384781 0.845278084 1.19906545 1.07995498
    0.782211065 0.858335078 0.9332546 0.741355419 1.09885061 1.067698
    0.816603184 1.25000775 0.585734606 1.47985744 0.511643052 1.17871177
    0.718217969 0.761847079 0.86499238 1.2768544 1.25851488 1.24288416
    0.658096552 1.14936507 1.34228206 1.30058944 1.29250133 1.55193961
    0.662414014 0.576149881 0.760689557 1.57146752 0.971155226
    1.04426944 1.36912251 0.811745107 1.26148808 0.742922902 1.13604069
    0.757470727 1.13653159 0.734179378 1.60143209 1.39158154 1.03602648
    0.707103729 0.766514182 1.34596264 1.60891652 1.52506244 1.00167906
    1.53165829 1.41968346 1.37279284 1.40950394 1.45888972 0.969004869
    0.676121771 1.2479794 0.548656344 1.07208264 1.30152166 1.49883282
    1.41566002 1.43434238 0.942638993 0.66306746 0.578560054 0.823819399
    1.47678292 0.663506627 1.30635679 1.44648492 0.929012477 0.637438953
    0.924099982 0.934963882 1.50268471 1.47991908 0.791332841 1.26289427
    0.815776229 1.03472424 1.26588988 1.01593506 0.896379471 0.696432412
    1.11430001 1.48886788 1.26604366 1.22356081 1.10227084 1.31668687
    0.580667853 0.767405272 0.816170752 1.0865947 0.589375496 1.08081365
    0.701216936 0.916033208 1.39801776 1.14046478 0.828148901
    0.808277607 1.46914399 0.751737654 1.2220068 1.4457345 1.26006806
    1.0747149 0.787069499 0.867237568 1.25201917 1.41424799 0.752567112
    0.973787248 1.49916399 1.46384728 0.973976374 0.783372104
    0.893464923 1.14196777 1.36059749 0.971103191 0.609553695 1.49073422
    0.751063645 0.849798024 1.48116958 1.032938 1.01798117 0.913165808
    1.00461793 0.60809058 1.07396257 0.929389119 0.429787725 0.544012427
    1.16908658 0.747641861 1.52299893 0.982629418 1.13757539 1.3539021
    1.36908126 0.897211075 0.660864174 1.50225508 1.24271882 1.0297693
    1.36997902 1.2801156 0.738246739 1.53163326 1.17420018 0.880831718
    0.773159802 1.0863204 0.915494561 0.935069382 1.51987004 0.660402298
    0.661920011 0.688539743 1.03464472 0.808163643 0.866533041
    1.43556404 0.750230789 0.901007771 0.85089606 1.00381172 1.08680379
    0.759261072 1.49957144 1.42715132 1.47934163 0.696421385 1.49546182
    1.13679767 1.2705195 1.36865044 1.05084634 0.73238492 0.778227508
    0.595339239 0.678986013 1.41243255 1.12357795 0.700482488
    0.801169753 0.704082131 1.39455879 1.41006863 1.47474277 1.3546735
    0.93208313 0.800273478 1.34305048 1.22412181 1.10744548 1.42467201
    0.926397264 0.812312663 0.944903374 0.91387701 0.857206523
    0.933153212 1.08379316 0.919566274 1.58575428 0.762313485
    0.841922104 1.56015468 1.10175276 1.36681712 1.44098723 0.65338254
    0.818279982 0.682468891 0.747176707 1.34037733 0.828836679
    1.25028765 1.35115516 1.09470952 0.881623745 0.598846376 1.34782958
    0.896063209 1.02286768 0.68105334 1.10650647 1.09940207 1.04738486
    1.36842489 1.35830581 0.88110429 1.40469265 0.763744056 1.16005242
    0.806069911 0.60674727 1.22625017 1.37780023 1.52755892 1.53825557
    1.26019657 1.45844471 1.18079686 0.930353999 1.09948266 0.889393747
    1.24816489 1.08562052 1.10882521 0.882636189 0.551155448 0.83070308
    0.838475168 1.40659881 1.31135333 1.20800066 1.41192091 0.53162837
    0.649901688 0.609363616 0.944241107 1.08359182 1.16533387
    0.996986806 0.680133224 0.529926598 0.556892931 0.551867962
    0.698877215 0.616353929 1.3578192 0.674247742 1.57909083 0.607847393
    1.47600019 1.39010823 0.9118945 1.364851 0.978293836 1.00667524
    1.11472559 1.04210353 1.41864097 0.681564093 0.628701389 1.20902145
    1.57414186 1.4811393 0.723316789 1.40586984 1.11194575 1.42462063
    1.25493002 1.54231918 0.895714819 0.913612008 1.4777211 1.29430735
    1.18331301 0.870977163 0.796132445 1.05333924 0.94905591 1.23525286
    1.12113941 0.987015665 0.706904948 1.23601556 0.573952317
    0.813635886 1.09131157 1.39432335 1.08714056 0.856013715 0.96349597
    1.28069675 1.22338057 1.51878119 0.795793831 0.666658223 0.778562307
    0.754400492 0.65758276 1.35189652 0.897186458 1.12197673 1.09488511
    0.93263787 1.0680424 1.06421399 1.24259591 0.600566626 1.53408289
    0.895170093 0.731562257 1.43412352 1.4374311 1.55657506 0.646317363
    0.643428206 1.28334057 1.49099302 0.814014077 1.32262325 1.10211933
    0.763028502 0.822762489 0.880967975 0.880024016 1.36422849
    0.773003459 1.15087998 0.760854602 1.0741545 0.68376267 1.49922419
    1.08422542 1.20731735 0.776703656 1.29064989 0.959131062 0.8099038
    1.3058238 0.735571325 1.15155971 1.53493536 0.877825439 1.13118625
    0.677319229 1.11034393 0.564238727 0.988675594 0.625713408
    1.12564218 0.981229901 0.714742899 0.88978833 0.565293849
    0.909683228 0.897211075 1.25404668 0.629432678 1.29565954
    0.537807107 0.881498516 0.900870979 0.442700654 1.46570706
    1.37919343 1.11507201 1.48323441 1.46806991 1.32443631 0.62392211
    1.39218974 1.21766984 1.19436181 0.690771997 0.747710168 0.826573312
    0.998999417 0.74452287 1.10638511 0.622004449 1.14811397 1.27643132
    0.699311495 1.21784341 1.40184641 1.49258673 0.747332454 1.42648709
    1.1396693 1.50428939 0.919577241 0.924707949 1.38411748 1.00040936
    1.24330342 0.614750624 0.670767009 1.07460725 1.2071979 1.43709099
    1.20209086 0.71777916 1.06733322 1.13041294 1.2785852 1.44125283
    0.850581288 0.945887923 0.664808691 1.40888047 0.756390214
    1.00846493 1.5450381 1.03522682 1.10136008 1.0545541 1.57662213
    1.42218089 0.703668237 0.93162626 0.76660037 0.698156059 1.0765543
    1.54560196 0.93282789 1.45124412 1.13937128 1.0801729 0.862466156
    1.51877737 0.575314224 1.30618083 0.809037983 1.04445219 1.17720175
    1.0799768 1.33528543 0.820016682 0.780905366 1.18418443 0.905804217
    0.676887691 0.694547236 1.54815757 0.97297895 0.675661087
    0.929917097 0.982268214 1.01794517 1.37911272 1.05756366 0.702020109
    1.52885723 1.08972394 0.607964218 0.583984971 1.23895431 0.566809297
    0.866652846 0.862653434 0.895306349 0.729696691 1.06308722
    0.921350956 0.949519873 1.30548751 1.12961662 0.686770856 1.42657757
    0.603153527 1.10105729 1.51214147 1.36284125 1.1718328 1.14774108
    1.32580566 1.16035712 1.17203963 0.940726638 1.03791153 1.42790592
    1.265674 0.828744709 0.975325763 1.18997943 0.718439043 0.954608381
    1.23777997 0.671400309 1.25409055 1.39516354 0.858189821 1.12639678
    1.0242219 0.659781337 0.769755185 1.39652491 0.675322115 1.10983169
    1.19329488 0.809413314 1.25561547 0.93564105 1.18315291 0.741773427
    1.39400196 0.635551453 0.70822227 1.33863008 0.930980265 0.829467356
    1.08354437 0.636765063 0.974963427 1.13213778 1.38417304 0.704134226
    1.34168613 0.858813643 1.24804771 1.1514498 0.652241886 1.42495108
    0.76283586 1.12345183 1.52296627 1.52284408 0.959889114 1.43283629
    1.06889045 0.726059437 1.12021923 1.50048375 0.827429652 0.828113377
    1.08640826 0.628486812 1.07026517 0.803976297 0.911842942 1.2062453
    0.695466459 1.03896344 0.856033981 1.53356266 0.771770239 1.59144342
    1.41161835 1.00281823 1.12663829 1.16946125 1.45397067 1.4503355
    0.630543232 1.24441898 0.796384811 0.796554208 0.966715336
    0.953630924 1.43440807 1.28348446 1.21801531 0.77784884 1.3853271
    1.28440118 1.40870833 0.906892717 1.45788121 1.09801984 1.21358895
    1.30759823 1.58617783 0.818076193 1.09918773 0.632156432 1.33563685
    0.969139099 0.814172626 0.610871315 1.4895674 1.16634393 1.39867592
    0.871571064 0.697066009 1.49778771 1.49310851 1.05100489 1.0035435
    0.680604756 1.33579862 1.19498479 0.666734159 0.680167973
    0.682237267 1.16801775 1.45738971 1.10477412 1.53044295 1.42031956
    0.832155228 0.571644247 1.29265106 1.4418999 1.22156787 0.860729992
    0.579295337 1.12171459 1.22131753 0.919110477 1.06049943 1.19361377
    0.764346063 1.36823702 1.04387772 0.937061071 0.948949039
    0.323545575 0.717974603 0.863493979 1.33624947 0.843777418
    1.23789454 1.29687786 1.51136994 1.33784795 0.918152213 0.66623944
    1.23148179 0.906120002 0.694128633 1.53186429 0.662859082 1.43023992
    1.29668474 1.20279002 0.571220756 1.50683141 0.978633404 1.00612104
    0.991538584 1.35910368 1.43822753 0.96060282 1.46651733 1.58757854
    1.25422359 1.00597596 1.04196167 1.39998496 1.25803149 1.18149841
    0.97484374 1.06337154 0.834284067 0.688932419 1.20765543 1.1601845
    0.971008658 1.17771995 1.2062062 1.15730441 1.2881813 1.25071418
    1.34445333 1.53046727 1.56858575 1.36215281 0.84117353 1.38574362
    1.28880239 1.40472627 0.860120058 1.38834 1.44872403 0.570278168
    0.561519325 0.82138592 1.50145757 1.51948237 1.56609678 1.52368534
    0.665366411 1.49915934 1.17582691 1.50325668 0.955757618 1.38240564
    1.44059527 1.52435946 1.14188623 1.37692869 0.893269658 1.47156441
    1.50779784 0.782889009 1.52581561 1.44858766 0.80126822 1.28509748
    1.51832986 0.676993906 1.25782907 1.36994588 0.913974285 1.55624104
    1.47769094 1.40257835 0.663220286 1.40949571 0.681088626 0.909834862
    1.07702303 1.15339637 0.536608458 0.747267544 0.773741901 1.09455657
    1.36809516 0.978418291 1.12982512 1.16278791 0.711035073 0.700428724
    1.29028559 1.33634448 0.566203654 0.82733804 1.41005886 0.956471384
    0.574610114 0.833261371 0.98671478 1.50066125 1.00385487 1.34210229
    1.13870287 1.35152829 1.23709786 1.44129109 1.36697114 0.928353906
    1.09109604 0.965079069 1.04648399 1.16659546 0.607920885 0.599710405
    0.616847277 0.725385666 1.35950828 0.886915386 1.39393449 1.26240957
    0.827177286 1.413378 1.06042612 1.47022462 1.21160746 1.5015558
    0.681423426 1.5247798 1.11601484 1.23766065 1.06118453 1.20527077
    0.691736579 0.913887322 1.48136425 0.701814115 1.04704666 1.33639967
    1.32369661 1.08684325 1.5094552 0.768436372 0.599809408 1.17549944
    0.827968299 1.34012306 0.99323076 0.905927956 1.24836779 1.54173887
    1.55917442 0.717360795 0.785822392 0.901296735 0.990991473
    1.21659064 1.25815511 0.998151243 1.09083676 1.20028722 0.516069889
    0.654979467 0.547981977 1.02746463 1.26008677 1.52133322 1.55046737
    0.753938317 1.32778692 0.927322865 0.821624935 1.52801394
    0.687689483 1.44083655 0.532445669 1.41669428 1.032565 1.35410953
    1.21669114 0.94000411 0.67848897 0.956002116 0.65606159 1.08234453
    0.657642722 0.930030107 0.599690855 0.572634697 1.2456032
    0.666920006 1.10936129 1.47647107 1.52828085 1.14497375 1.21174729
    1.24882555 1.32931113 0.557820559 1.2274791 0.630917549 1.28312993
    1.41716826 0.703192711 1.35836339 1.27344263 0.68651551 1.46953046
    0.666197419 1.16049612 1.15851569 0.697254479 0.904293716
    0.900426149 0.901281178 1.43490076 1.14839423 0.995381773 1.08756423
    0.761029184 0.646867394 1.05692184 0.749204278 0.792458594
    1.03798473 1.28652275 0.504394412 0.576968491 1.36021602 0.53186363
    1.36588168 0.98860997 0.905345798 0.666981697 1.04773569 1.04035223
    1.02715409 1.38620758 1.03715074 0.992679 0.891211808 1.09443152
    1.12335598 0.963850081 1.54923916 0.744107485 1.34214389 0.828475535
    0.685512841 1.37093079 1.21174383 0.824382663 1.13867974 0.603613198
    1.17001259 0.617044747 0.661311328 0.932943642 0.993925989 0.7447685
    1.42944205 0.618545055 1.07206738 0.960121751 1.56594276 0.893891871
    1.22476685 1.23415661 0.851159394 0.805800259 0.802397609 1.4701196
    1.03721714 1.03658795 1.29032826 0.817695916 1.41025972 0.742251635
    1.20375431 0.708175361 1.40193772 1.47761524 0.620611072 0.88066709
    0.700767994 0.643069327 0.715765834 0.940517724 0.782141685
    1.55427575 0.884707868 0.675804555 1.36496043 1.06517446 1.30679584
    1.45182145 0.793678522 0.747767925 0.948311448 1.33620214 1.461882
    0.791059673 0.681989551 0.794351578 0.972372949 0.642643809
    1.05984998 1.48466921 0.833905041 0.827211916 1.39780915 1.28773785
    1.17101288 1.15171552 1.12675357 1.02845943 0.861068487 1.58530891
    1.09470558 0.604896367 1.32883072 1.28005958 0.9239676 0.75351125
    1.02137923 0.988276184 1.25090694 0.665311456 0.973722279
    0.651704848 1.52825427 0.55762738 0.802414238 0.655893087 1.26110494
    1.23458672 0.765047669 1.22687066 0.808922291 0.674010694 1.01202428
    1.46103811 1.03841424 0.551953495 0.634375334 0.948948085
    0.533539474 1.48190677 0.997710884 1.18593681 1.14993763 1.36186266
    0.870864749 0.803353965 1.39076352 0.537606299 0.837526143
    0.786669075 0.801425755 1.09086394 1.03287232 0.913986325 1.08439589
    1.55876112 1.17625284 0.966905594 1.40672553 0.69566071 1.01423776
    1.13480282 0.785987973 0.664591193 1.32174444 0.943640471
    0.987348437 1.00911331 1.4933989 0.848026037 0.809439838 0.699620664
    0.880500019 0.661298811 1.50349247 1.33716047 1.58163249 1.448915
    0.952096641 1.20794392 1.01358211 0.91414392 0.992986321 0.629948318
    0.804457247 1.29548848 0.547380626 1.46353114 1.03454828 0.689053476
    0.988057435 1.49551022 1.20005286 0.654560268 1.22252643 1.4834522
    1.3279717 1.39736843 1.52564776 1.53580081 0.978547513 1.46830356
    1.34020829 1.46771228 1.43295968 0.619695067 0.775730312 1.20073211
    0.776796281 0.856431782 1.37058437 1.47042871 1.2981683 0.950622082
    1.22196901 1.36462784 1.54639626 1.04096961 1.5735234 0.614088356
    1.25674343 1.03878081 1.46218514 0.695637882 0.532759905 0.533703983
    0.608435094 1.05478251 0.562446475 1.2684077 0.802900136 1.01085258
    1.20991135 1.47174764 1.47803581 1.18107903 0.94796896 1.00820446
    0.670911074 1.13384318 1.16444063 0.760404944 0.64930886 0.787447453
    0.662496924 0.822713673 1.44276702 1.08880186 0.581765652
    0.838476181 1.30929041 0.940545022 1.29783988 0.660861075
    0.643585026 1.35255945 0.745610833 1.26549971 1.5478127 0.75362289
    1.00486493 0.906670749 1.54401052 0.575845897 0.830544412 1.04543066
    1.27974749 0.803083718 1.02050209 1.14984465 1.04972816 0.93609947
    1.44996262 1.29530406 1.08026314 0.814598203 0.770345747 1.23073685
    0.809077144 1.33154154 1.49336088 0.649755478 0.992923021 0.77833885
    0.816993713 1.23368669 1.36039531 0.82957828 0.387387425 0.57767415
    0.987457335 1.28681099 1.43223786 1.55767322 0.670406342 1.60499573
    1.08823073 0.933244348 0.777670741 0.612912595 0.968522608
    0.863849103 0.79987216 0.600184619 1.05458033 0.534392834 1.23447442
    1.32045448 1.44688034 1.09433663 0.600702405 0.744312704 0.940100312
    0.873623252 1.47323656 1.51754689 1.43706083 1.04172444 1.33306265
    1.4559027 1.38111258 1.24731243 0.724885523 1.36480331 1.4911685
    0.918912709 1.29922187 0.642123997 0.816465795 0.951556265 1.1580559
    1.53146672 1.07843101 1.08973396 1.02485979 0.749107361 1.31179333
    0.625385582 1.21674836 0.637865067 0.799133241 1.19335115 1.53548205
    0.720202088 1.15053976 1.2348026 0.948877394 1.25320792 0.935612857
    1.00267041 0.694414735 0.958585501 0.694153011 1.5281142 0.965678155
    1.46106684 0.820225716 0.663502216 1.0336653 0.786399424 0.678902566
    0.891227424 1.52401137 1.21384585 0.809123278 0.943494976
    0.703546703 1.16290057 1.30126214 0.841222942 0.921054363
    0.751313925 1.1817975 1.33877969 1.33978689 0.615777373 0.990217924
    1.16113055 1.12377214 0.834605932 0.827391982 1.38797021 1.44844747
    1.1737107 1.15248358 0.947952092 0.627123356 0.810804367 0.674363434
    1.15149021 1.4072367 0.681129634 1.16952634 0.924761295 1.40406704
    0.608516514 1.11946917 1.2053901 1.47010696 1.45166087 0.690553486
    0.577615321 0.559811354 0.709546924 1.52032304 0.868695736
    1.31686699 0.753324389 1.51640069 0.72254163 0.725840092 1.17125094
    0.992030859 0.737838745 1.4255048 0.619051039 0.666866183
    0.600815654 1.16281998 0.837767839 1.23527896 1.17174101 1.42273736
    0.552307904 1.07268572 1.0860033 0.854604363 0.933952034 1.00400281
    1.50252056 1.37809849 1.42534053 1.26065469 1.31445527 1.34254587
    1.3910315 1.55162823 1.23473239 1.08907914 1.39679396 1.16236031
    1.36056054 0.789465427 1.48165488 1.31468558 1.53455496 1.40787256
    1.41167188 0.578095317 1.56667209 0.96226573 0.835790575 0.795970142
    1.33881247 1.40574241 1.03933835 0.810575187 1.36407816 1.06413388
    1.35928941 1.31748962 0.99533844 0.916727602 1.18788719 0.536085069
    0.496030986 0.664914548 0.732898593 0.726351976 0.786278605
    0.721753061 0.714087605 1.01056743 0.837143123 1.02301943 1.27735865
    0.858307838 0.593440413 1.15499341 0.773976564 1.00789559 1.4186635
    0.715545654 0.734930873 1.45209479 0.894129097 1.1471591 1.47611737
    0.946399331 1.20445514 1.12116051 1.45994866 1.44511938 0.612364113
    1.11089671 1.36961114 1.04062021 0.886783242 1.41079807 0.914459825
    0.822161496 0.749320567 0.649397731 1.15766537 1.51465225
    0.818112016 1.2304523 1.45889139 1.51208079 1.02261436 1.05390978
    0.925257146 1.05086792 1.45769906 0.984345317 1.37683702 1.24273467
    1.14252758 1.0211488 1.02792013 0.78350991 1.07761037 0.93059516
    1.1760838 0.737055182 1.00452209 1.36645997 1.20152617 0.497171402
    0.914520979 0.540877163 0.741512954 0.931326151 1.42992258
    0.799749315 0.785356522 1.28762269 1.43169236 1.2101084 1.0342344
    1.02182627 0.762927234 0.980762303 0.837398887 0.292522669
    0.497224838 0.690310597 0.513390601 1.32421744 1.43943751 1.60610843
    0.964346826 1.43088508 1.00501001 1.27312577 0.673140824 1.41800094
    0.850659907 0.762167096 1.28604507 1.38157606 0.695431411 1.35308039
    0.932686806 0.591472924 0.522881508 0.644542575 0.738730311
    1.03046966 1.34672189 1.49454105 1.51220834 1.16705632 1.22566783
    0.666846037 1.14830339 1.35758805 0.952021956 1.37264073 1.05214512
    0.640441775 1.20669687 1.14140821 0.581431746 1.38812554 0.845896542
    1.49053323 1.25734556 1.28105509 1.23946607 1.47498918 1.35642374
    1.17932808 1.48145008 0.770899773 1.51273656 0.967484474 1.45068526
    0.774328053 0.994348049 0.738782167 0.809286177 0.938752174
    0.561823189 1.28590381 1.43873656 0.646224082 1.19423711 0.962910295
    0.82722801 1.48511255 0.774470031 1.19398785 1.33857429 0.99409771
    0.79662931 1.51347899 1.35755825 0.94185245 0.83316195 1.24134576
    1.34341669 1.35060287 0.684059739 1.28359151 0.684494019 1.47005987
    1.19629216 1.08879018 0.962818563 0.861846864 1.49048424 1.35475957
    0.724853575 1.38902664 1.10609078 1.25594771 1.00343347 1.46759272
    0.53052783 0.543613672 1.48083568 0.629283071 0.813729942 1.37102628
    1.00592661 0.560027182 0.625417411 1.49827695 1.52710509 0.665293813
    0.938077271 0.811001897 0.914468765 0.740165949 0.749005497
    1.06722546 0.82801348 0.701970875 0.774479091 0.67007935 1.42486823
    1.31592917 0.971303821 0.620902896 0.882013023 1.45701468 1.37976217
    1.34812844 0.674066126 0.798829019 1.41211879 0.863849521 1.0474627
    1.4928087 1.03308392 1.05724776 0.925618291 1.50423026 0.963475049
    1.19373322 1.46584463 1.08190024 1.27299833 1.30857408 0.737502217
    0.890647948 0.921992302 1.37495637 0.938057542 0.692409635
    0.749828517 0.706721425 0.74346 1.32924163 0.583231688 0.811237276
    0.951478362 1.4020201 1.11305666 0.814899683 1.23357606 1.13191104
    0.914731801 0.615186036 1.12141275 0.917490125 1.44012928
    0.674250245 0.630604506 0.893221676 0.971175432 0.780845523
    1.40119767 0.967164874 1.21651185 1.07597709 0.812905908 0.951716602
    0.790935814 1.33434069 0.919370532 1.16807055 1.30939388 0.720972061
    1.28513336 1.32715189 1.49186695 0.745250762 1.52899599 1.00376022
    0.84512502 1.11891603 0.783792973 1.51272607 0.703256905 0.618688285
    0.578128099 1.01612568 0.691713989 0.760872126 0.535543978
    1.33592606 1.40293396 1.51082015 0.729090691 1.3985709 0.909550548
    1.05789077 0.972734809 1.1107955 1.13021076 0.719676495 1.36165881
    0.683499455 1.40384245 1.02518582 0.852318466 1.26687098 1.22120631
    1.18104732 1.14408469 1.36852789 1.15746009 1.45851481 1.54201078
    0.897262275 1.35487187 1.56783104 0.961529613 0.67119348 0.617545426
    1.47926271 1.5014751 1.19874525 1.30678046 1.47294533 0.697035551
    1.52574134 1.4853611 1.30766428 0.982968807 1.45739102 0.921362519
    1.18831801 0.813744187 1.21752286 0.745407879 0.765255153 1.1331538
    1.02130151 0.747224748 1.34764409 1.31197655 0.810767829 1.43629694
    1.02101648 0.766856015 1.10848618 0.990092099 0.648119509
    0.944386125 1.15127242 0.97476089 0.911030591 1.38247705 1.5197953
    1.15867889 0.968470573 1.43622279 0.916654527 1.36904097 0.846362233
    1.4344461 0.800097048 0.877122998 0.572446883 1.14737654 0.706493855
    0.468093991 0.63269031 0.945966661 1.42353606 1.23206186 1.2281462
    1.22913194 1.30027115 0.820384741 1.55786479 0.727285624 1.3486172
    0.859733939 1.34626448 1.47302616 1.05819762 1.39038527 1.4760325
    1.30804312 1.43493807 1.20652997 0.932046294 1.01096356 0.665809333
    0.689359844 0.857215881 1.41331959 1.61010456 0.887869895
    0.964179933 1.55209911 0.873819411 1.02616131 1.48912799 1.56940901
    0.965729892 0.563555658 1.46658266 1.10980463 0.550966382
    0.927173018 0.96732825 0.795478761 1.50113344 0.589485884 1.18836296
    1.18285286 1.16260767 1.49320376 1.46492577 1.04642224 1.52402806
    1.56881046 1.32280874 1.45966017 1.13608003 1.38266397 1.23251951
    1.10925055 1.5350889 1.00919294 1.01570809 0.937848151 0.998393357
    0.88394779 1.01101959 1.08234739 1.52604079 0.971347392 1.26239657
    1.30435514 1.08001459 0.70920217 0.909093797 0.577747345 1.14135814
    1.30516148 0.898433208 0.68113178 0.980622888 1.0033381 0.702113271
    1.48588824 0.998531044 1.00253093 0.83182323 1.41219461 0.684657812
    1.2920872 1.22571576 1.05419004 0.691226363 0.828196704 0.9413656
    1.20947063 0.851259172 0.738427043 0.502450824 0.968503594
    0.967235327 0.845680237 1.09857035 1.56260538 1.23485541 1.07742226
    0.995513439 0.842267811 1.23969066 0.79481262 0.75081104 1.31309319
    1.52370501 0.970568836 1.06782091 1.31955266 0.749514937 1.25378275
    0.750943363 0.909895897 0.741398871 1.55623376 1.27603495 1.51218247
    1.05191755 1.40809 1.12492967 1.53220594 1.24440765 1.42028928
    1.13419366 0.624052167 1.36750007 0.962751865 0.952947676
    0.914533675 1.38907278 1.0685761 0.776146591 0.873646855 0.650678515
    1.52384222 1.11380017 1.41811574 1.4630146 0.696008563 0.964109123
    1.07528806 1.22387362 0.923777878 0.608139277 1.43275273 1.51872659
    0.991000891 0.625100195 1.1795764 1.39511275 0.606582761 1.03122556
    1.41631877 1.06856084 0.610823572 1.03565824 1.2414515 1.39971352
    0.653978825 1.24507892 1.34236312 1.33316708 0.524728596 1.24249935
    0.951297641 1.40432525 1.20427167 1.33285606 0.707623184 1.46456063
    1.00222397 0.766928911 0.764861822 1.0529778 1.01615763 1.16955185
    0.84109515 0.714243054 1.1182971 1.30370021 0.893379569 0.647620559
    1.20039296 1.16250002 0.700638592 0.54382813 1.18075955 0.784601748
    1.49407136 0.706720889 1.48038447 0.681424797 0.947956085 0.87761271
    1.48305655 1.21850574 0.62805897 1.03197825 1.13429523 1.25524759
    1.26806903 1.00802565 0.806244731 1.24949014 1.39668512 1.32878768
    1.44560945 1.54960072 1.32503235 0.920794189 1.41863966 0.685865521
    0.941500068 0.955107033 0.793029368 0.482579738 0.584611773
    1.4146409 0.621988416 1.46100163 0.860978246 0.575658083 0.916084588
    1.26154852 1.08042204 1.5320816 1.18311894 1.05280638 0.768514335
    0.468989402 0.346652716 1.11012888 1.3093406 0.670092642 1.36747766
    0.553776264 0.698808551 1.05652404 1.43016255 1.1593473 0.555103064
    1.51881146 0.611971557 1.43465173 1.36180103 1.15938854 1.22201848
    0.879210413 0.639286101 1.09426665 0.437280148 0.845535755
    0.740825772 1.49003839 1.11810565 1.17294228 1.28685939 0.772284627
    0.712296903 1.40636456 0.650896192 0.934714079 0.753086686
    0.86421603 0.971139669 0.968050241 1.48467851 0.587827682 1.31450117
    0.952024162 1.15318561 0.909826994 1.07909036 1.14853168 1.49907184
    1.24785686 0.94364661 1.32665133 0.669844985 1.47753227 1.12917113
    1.26656687 0.762021542 0.666988969 1.5387857 0.839739978 1.33266926
    1.17167723 1.53133857 1.52820349 1.1385603 0.869065046 0.853959024
    0.86827594 1.51379442 1.39893091 1.08640063 0.902162194 1.55986726
    1.19765007 0.78525269 0.927271485 1.1655159 1.49573147 1.19710505
    1.52635753 1.39103985 0.783503592 1.14709163 1.09358764 1.47963154
    0.638186276 0.976651132 1.54886711 0.582431912 1.36736536 1.3377341
    1.21958363 0.66355443 0.873504996 0.877085507 1.09200013 1.43854702
    1.06191611 0.951970398 0.81089741 0.620137393 0.630354822
    0.845241308 1.16177571 0.784542501 0.631151676 1.43939757
    0.856246412 1.1279912 0.916020155 1.59725225 1.06407428 1.01144624
    1.01312816 1.48284471 0.875175953 0.608391166 1.39343297 1.45592928
    0.61541301 0.529319704 0.784765124 1.05961251 1.45912015 0.924807191
    1.0550319 1.26218104 1.34557581 1.2137953 0.734225214 0.77518326
    1.54363799 1.40432787 0.947641253 0.712269545 0.651031852 1.37342346
    0.585359871 0.822000384 1.52818501 0.93971175 1.06765366 0.839415789
    1.54757106 0.799410284 1.2319175 1.21628678 1.12804055 0.87177819
    1.05138302 1.38565743 0.646522462 0.965313971 0.563176632 1.23667026
    1.31242585 0.621346653 0.745571136 0.585960448 0.65922004
    0.987122893 0.738739192 1.44569468 0.796342313 0.997970462
    0.623191595 0.943694293 1.11438799 0.815262735 0.792026341
    0.609032571 1.05271018 1.15230536 1.22614992 0.942091465 0.652510047
    1.33126593 1.38227153 1.41433311 0.651631534 0.641431391 0.643599272
    1.3231014 0.730520248 1.04014111 0.956159294 1.37080729 0.945696473
    0.740631878 0.760266483 0.645316005 0.835049808 0.754916549
    0.555189013 0.68191278 0.994322538 0.541160583 1.46474385 1.21039248
    1.04235089 1.09478247 0.60643065 1.49023211 1.44417191 1.15979493
    0.96026057 1.59137475 0.665289044 0.940299034 1.08989549 1.34888399
    1.31932163 1.39704895 0.943040609 0.587907612 1.10962534 1.14917707
    0.750241876 1.02939963 0.805628955 1.39974523 1.02325702 1.50456262
    1.28776813 0.954897344 0.866967261 0.914133668 1.3834585 1.36437714
    0.660694301 1.55423379 1.48203731 1.34354794 0.773167074 0.663525045
    1.00710928 0.81260407 1.5842191 0.913437724 1.11018455 1.4565227
    1.42000723 0.564186633 0.965143621 0.719865561 0.659845173
    0.523725271 0.658819437 1.18446088 0.863647401 0.574727118
    0.730815351 0.734748542 1.45887089 1.21716022 0.827991605
    0.744455874 0.605147958 1.18265486 1.35709262 0.366846949
    0.750736773 1.08409917 1.27594399 1.22873485 0.628390074 1.11153483
    1.06719458 0.864961386 1.45479405 1.51696646 1.16094422 1.01182079
    1.40918159 0.964860201 0.805099308 0.756780922 1.15122938
    0.480433345 0.611702025 1.28240979 0.815915346 0.507735729
    0.669754982 0.835626662 1.27291298 0.673120081 1.30003011 1.40765083
    1.24711776 0.665907025 0.803171158 0.912701726 1.42906415 1.30636466
    0.600444138 0.572565675 1.28985035 0.70996964 0.789847791 1.14212191
    0.709943712 0.963359833 1.34455454 0.91452539 1.45013475 0.907607973
    1.54721689 1.07956052 1.48528814 1.34849823 0.997398496 0.945139289
    1.44874442 0.80959928 1.36041617 0.806984186 1.39765716 1.53788877
    0.628623307 0.977479398 1.01808488 0.788046241 0.973081708
    1.47833765 0.898974299 0.882896185 1.12437606 0.894392788 1.23092401
    0.83120954 0.924218953 0.71048063 0.811422765 1.36641574 1.37933052
    1.43512917 0.75108856 1.4051944 1.00019133 0.747124851 0.755629241
    1.02415895 1.23820102 1.56180322 1.0088408 0.887766778 0.709613919
    0.855645776 1.50259483 1.05988157 1.02037477 0.866719127 0.963931859
    1.41248465 0.812572122 1.45560956 0.630405307 1.01462984 0.655463398
    1.50964952 1.24050283 1.12611401 1.13993001 1.25583589 1.40821314
    0.980665386 0.644055307 1.14698875 1.36078238 1.03708744 0.727659523
    1.18798614 1.49347138 1.02254725 1.15151656 1.04933989 0.677239597
    0.538918614 0.861654043 1.14235926 1.27333426 1.22085321 0.698025167
    0.869484246 1.46859348 1.25820565 1.21426666 0.764286935 1.10684967
    1.07756329 1.43725836 0.831385493 0.800914705 0.687040746 1.10473371
    1.42164683 1.30046022 1.12826073 1.00852299 1.36518419 1.09355593
    1.01159143 0.869081438 0.808092117 0.774970651 0.718533337
    1.31482744 1.43856454 1.26728094 1.35041475 1.37582564 0.804681361
    0.667168736 1.16493607 1.12901461 1.48232114 0.990901053 0.760406911
    0.798084557 1.29535222 1.45715809 1.39689553 0.97546649 1.50603509
    0.607836962 1.45423293 0.789151311 0.730955839 1.30536032
    0.646059632 1.3888123 1.23266137 0.864754677 0.998075485 1.35098946
    0.600230455 0.976365864 0.873130798 1.10984838 1.00379109
    0.504472494 0.618646443 1.39204633 0.818484545 0.546859622
    0.655790091 0.9048087 1.0028919 1.26145327 0.956127644 0.561480224
    1.41530228 0.529759288 0.618491471 1.27996433 0.817710578 1.3593173
    1.26036751 0.729330003 1.40394425 0.736308455 1.46819079 1.00484037
    1.33130443 0.979134381 1.07145286 0.91728574 1.267699 0.67256242
    1.02217305 0.687955618 1.09340334 0.531449914 1.20381975 0.796728432
    1.2596395 1.06550729 1.09475851 0.660733521 1.45673943 1.50421798
    1.19800723 1.31017172 1.58195639 1.07309115 1.41863108 1.45345569
    1.06761742 1.09404778 1.32208002 0.674692392 1.06440651 1.30970263
    0.79764694 0.704168141 0.901462495 1.47474718 0.755209446
    0.937538624 0.860208631 1.02443647 0.920750439 0.59872961
    0.547501981 0.798241615 1.26684368 1.13335073 1.52185273 0.92140919
    0.990014911 0.746936321 0.6990605 0.859069288 0.969732821 0.44132176
    0.91630578 0.304294407 0.394588321 0.552140892 1.36964905
    0.948696375 1.50712705 0.786354899 0.596352398 1.21856606 1.14718199
    1.2613107 0.572392106 0.940701246 0.689997077 0.984458029
    0.800169706 0.996112347 0.548526585 0.492117554 1.04901671
    0.473942757 1.42626262 1.03489971 0.644901931 1.42907476 0.779044986
    1.34712529 1.10155106 1.1207298 0.97904557 1.49637222 1.33380497
    0.895428658 1.20241189 0.756679177 0.649144053 0.711566508
    0.593340874 0.634017646 1.4510175 0.573242188 0.565211058 1.29025364
    0.568060875 1.47789061 0.655484974 1.3971926 0.7531389 0.942372561
    1.20569956 1.3541609 1.10544205 1.30325282 0.892637491 1.52007365
    0.713733077 0.882175088 0.7667647 1.30514252 1.21881568 1.45649815
    1.46708918 0.63199079 0.778638005 1.3431083 0.881222486 0.9509058
    1.48217273 1.10564935 1.27350342 0.954927206 1.24957657 1.55871797
    0.940614343 1.4584955 0.625708282 1.239959 1.42122936 0.951521635
    0.743534267 0.769448936 1.45384085 1.09956038 1.09578133 1.33297765
    1.59983361 1.34114528 0.968438148 1.497334 1.34737444 1.0528599
    1.27522326 0.868379056 0.580969155 0.646962404 1.18555272 1.02468026
    1.40030015 0.923453033 1.4566865 1.38339841 0.986813962 1.26853693
    1.13138938 1.28262579 1.56039023 1.2173202 0.939992785 1.58085883
    1.20254433 1.40889096 1.33957803 0.824852228 0.555599928 0.746224403
    0.578544855 1.34681523 0.90031302 0.920050681 1.04944599 0.639377236
    1.23216975 1.46742713 1.4046973 0.66086477 1.18764532 0.700725973
    0.903914273 1.04651582 0.919892132 0.727108717 0.662759602
    1.24963188 1.14109504 1.56426072 0.765506387 1.57662749 0.736709356
    1.28707504 0.78248626 1.2998575 1.39449227 1.28213477 0.772347391
    1.4333148 0.491983593 0.557911336 0.656849146 1.16101909 0.862083614
    0.693849862 1.25152433 1.30796993 0.71957159 0.940462112 1.02860832
    0.843803585 1.08354831 1.29019189 0.853001833 1.15419269 1.35309339
    1.14601254 1.13743615 0.901791751 0.557993174 1.166116 1.45941758
    0.687874019 0.814187527 0.8227579 1.14894783 1.54481769 1.18759882
    0.965106785 0.68218869 1.33048093 1.52140975 1.45722628 1.14665937
    1.51070607 0.782413244 0.564740956 0.776683986 1.37389088 1.22088897
    0.553407609 0.507344246 0.579387784 1.07049859 0.867129147
    0.705857754 1.45672643 0.876835167 0.580120921 1.17493463
    0.557935536 0.662557006 1.37673891 1.45049286 0.675499082 1.20151269
    1.28850031 1.2074002 0.745918453 0.93224442 1.46965885 1.02455795
    1.24966657 0.836063743 0.574844718 0.563575089 1.37573254
    0.875704467 0.771904469 0.607204318 0.751686573 0.708790243
    1.34074807 1.46418905 1.0856905 1.44324601 1.61120033 1.06093013
    1.09550369 0.648444772 0.697713971 0.873149812 1.53425443 1.56830692
    0.79892832 1.38092816 1.0996815 0.76726687 0.945302248 0.960798085
    1.03363085 1.21353412 1.056656 0.707338333 0.607689321 1.20622075
    0.853334486 0.965295851 0.48441112 1.01173127 1.05798006 0.767333984
    0.855010629 1.26565099 0.650838375 1.13209975 0.975449443 1.22883523
    0.841889441 0.42705369 0.491078585 1.2162528 0.617280424 0.970763445
    1.29793358 0.923652411 0.598875225 1.38888144 0.570006549
    0.589690328 1.06166828 0.966311455 0.56450963 0.746444046 1.45485866
    1.33188641 0.779439032 0.772185147 0.991633236 0.79118371
    0.794906437 1.3183521 0.758628428 1.18948078 1.30086935 1.4558599
    1.12637413 1.02166772 1.56499851 1.32125986 0.597254455 1.49367738
    1.54970515 0.633257568 1.43693519 1.06791103 1.46188915 0.595537424
    0.554245472 0.84436512 0.529018879 0.661142647 1.44106376 1.16435659
    1.4209702 0.964680135 0.70289588 1.18814063 1.24719059 0.937645793
    0.937039018 0.657770395 1.38198197 1.52581108 0.787208498 0.81745255
    0.95174253 1.41875243 0.841108501 1.05633605 1.11851692 1.2041806
    0.707116425 1.05026543 1.58136678 1.41110003 0.804547906 0.750281811
    1.37368166 1.31906104 0.938076138 0.813626051 1.2350477 1.48088014
    1.06663811 0.713428736 1.62339354 0.807819307 0.878593862 0.92411238
    1.55844736 1.17130673 1.02871072 1.47304273 1.34739804 1.5778476
    1.62885261 1.15201831 1.26913452 1.37724483 1.02168202 1.21124363
    1.04344797 0.804016054 0.698667705 0.913249314 0.793759048
    0.777457356 0.860914052 1.10275066 1.16601396 1.40650272 0.923355579
    1.335464 0.894372165 0.714577854 1.47738695 1.44970274 1.36749113
    1.1890291 1.10003817 0.974950731 0.777757943 0.650799453 0.575150549
    1.4310385 1.33146191 1.18802428 1.25909162 1.31817353 0.928674102
    0.66728425 1.41129684 0.692994654 1.4127636 1.50057447 1.06422329
    1.11288774 0.81189543 0.696611106 1.01464081 1.45631278 0.670984864
    1.25665259 1.02662957 0.628580332 1.50800347 1.31825626 1.51562846
    0.796435475 0.888659894 0.620430827 0.760927737 0.802695334
    0.665998518 1.3941741 1.09718287 0.63750428 0.686591566 0.958791018
    1.36427855 0.716941059 1.17227805 0.847765625 0.899950624
    0.773664117 0.53960067 0.866734624 1.45508349 1.53819489 1.04714
    0.934726715 0.656195343 0.916036963 1.29822648 1.00085425
    0.896939754 1.1394403 1.29859579 0.740642488 0.829616249 0.962629199
    0.788773954 0.655316472 1.11082006 0.847187042 1.28049529
    0.910772324 0.843209743 1.07435548 1.27476859 0.705056548
    0.671723306 1.18513083 0.569751084 1.00935531 0.991649628
    0.678821146 0.778111279 0.653383613 0.862212539 1.462237 1.22395241
    0.987019897 1.23859596 1.56842709 0.823085189 1.06726635 0.99437201
    0.632499874 0.699165106 1.47515094 1.34077787 1.47250748 1.46419859
    1.53813171 0.962341189 0.721517205 1.03525305 1.38067365 1.03313172
    0.856729805 1.28548813 1.344136 1.42724383 1.0310694 0.842337728
    0.766742229 0.890045226 1.41144478 1.26167369 1.05001628 1.0184443
    1.59030211 0.715749562 1.18946528 1.0714711 1.10189319 1.28914726
    1.40330458 1.09248042 0.677291155 1.38216805 0.715909779 1.08984494
    0.718387365 1.47884762 0.931719542 0.569404781 1.25922608 1.08720767
    0.81132704 0.914257467 0.548396587 1.03461409 0.693673432
    0.613943219 1.50669158 1.50367653 1.2725693 1.20409167 1.06401265
    1.12226677 1.15383279 0.681577921 1.17404044 1.02259088 1.03239226
    1.22815514 0.821515203 0.8570382 1.12012005 1.16774094 0.898074567
    1.45429409 0.718861163 1.47795844 1.24659443 1.11674857 0.687584043
    1.33244801 0.588804424 0.653294325 0.988759398 0.750572085
    0.954508185 0.81164968 0.685845971 1.49051213 0.505945802
    0.695434093 1.31214988 0.859073877 0.852064669 1.20957136 1.28077674
    1.37818956 1.40143001 1.35782433 1.24995542 0.781909645 0.870017648
    0.609559774 0.483133852 1.01032472 0.663405597 1.11079848 1.3559835
    1.05341423 1.29014254 0.643627882 1.1847055 1.35542786 0.988059998
    1.01855409 0.879419088 0.639821053 0.719216585 0.815686405
    1.38771713 1.37981808 1.34306228 1.52120841 1.3508141 0.927482069
    1.29073071 0.927798688 0.796993434 1.44247496 1.30067837 0.946804106
    1.15202653 1.33914685 1.58420956 1.35506177 1.32771969 0.698893726
    1.04589725 1.07241201 1.47943854 0.925152183 1.27462387 1.08604825
    1.58366823 1.06100452 0.961142778 1.4735086 1.06993866 0.930479765
    1.38434231 0.771456659 1.23890686 0.86386174 0.738801539 1.43675625
    1.59813631 1.06944823 0.728655934 1.53961122 0.865240633 0.659187019
    1.07213759 1.41892076 0.78394866 1.0742476 1.00056636 0.635738492
    0.891576171 1.1207124 1.34499109 1.45951056 1.38315058 0.7884534
    1.07264876 1.48614144 0.956742704 0.919556439 1.35307157 1.3654834
    0.875721395 1.16374671 1.3608377 1.08343661 1.24000692 0.686842322
    0.763345063 0.592683077 1.41805363 1.5221734 0.957030833 0.808224678
    1.28414512 1.11130321 1.29222536 1.40683663 1.10636497 1.04497898
    0.629391193 0.999025464 0.676796615 0.721264064 0.928788662
    0.994249642 1.60220051 1.32253349 0.615124881 1.07309365 1.31012225
    1.22239399 1.3136332 0.648141265 1.16760838 0.927461743 0.533239007
    1.27710581 1.03433049 1.04622781 0.712058067 1.31019711 1.14928687
    1.17088139 0.900623858 0.978881776 1.25894213 1.06192732 1.00477886
    1.00209117 1.47803307 0.699678779 0.842814088 1.46201062 0.995528817
    1.04467726 0.736014903 1.45260966 0.945914388 1.31567979 1.32608259
    1.13383698 0.718341827 1.35499561 1.43085587 1.29647326 1.11809802
    0.756450772 1.44003105 1.38653708 1.22244227 0.655160189 0.499650806
    0.567838013 0.501178741 1.40266347 0.533268869 0.493266881
    1.08363104 0.894769669 0.826568902 0.570654631 1.09343636
    0.934687316 1.4892205 1.40077627 1.24922585 1.06576931 1.31742632
    0.784062147 1.02199733 1.53393543 1.1571691 0.821923375 0.781474769
    1.23768079 0.676969051 0.976942539 0.926036537 0.947746575
    1.53486168 1.24446738 0.651252866 1.00324512 1.26488519 1.23992324
    0.646279573 0.99646759 1.43903661 1.0104903 0.855087996 1.41347539
    1.18622243 1.4120357 1.3102113 0.962884486 1.0602442 0.705742776
    1.08798313 0.942065716 1.22628295 0.718562841 1.00214517 0.834249198
    1.39794719 1.05703866 0.614840806 0.999909759 1.1882236 1.01526546
    0.577729106 1.39167011 0.743496001 1.1650672 0.629942179 1.01459098
    1.37563515 1.29519153 1.5407418 0.741039932 0.775449634 0.647916198
    1.31619036 1.27981901 0.689656436 0.967281342 0.706305444
    0.550611317 0.404421657 1.32948661 0.849510789 1.51331115 1.44075346
    0.7441324 0.628132343 1.33303142 1.34714627 1.23478913 0.848874748
    0.727142751 1.3492105 1.39096522 0.937909424 1.22971094 0.941119909
    0.95669657 0.976628423 0.925834239 1.06717694 0.9184829 0.963806689
    1.15565622 1.42389643 1.19236505 0.832483828 0.727994025 1.36951196
    0.915732324 0.648631573 1.11585271 0.663780987 0.704482555
    0.814290941 0.796485305 0.648055971 1.18687212 0.527740896
    0.698034823 0.865015447 0.581330359 1.06711054 1.38028467 1.19096768
    0.617880166 0.847664952 1.3810854 1.22579455 0.603252947 1.38390362
    0.759469867 0.93036449 1.17621076 1.2499578 1.40995681 0.719591439
    1.09187269 0.646537066 0.796612084 1.04367793 1.42512643 1.38876188
    1.24003518 1.1337558 1.45170021 1.57539773 1.45039153 0.732712924
    1.51987803 0.754572213 1.16372967 0.732756853 1.46274674 1.20250535
    1.42232621 1.39768827 1.10732484 1.46587944 0.720666707 1.05929136
    1.4027369 0.87964201 1.33696699 1.35382271 0.898855567 1.44951129
    1.5376935 0.596255541 0.78808856 1.48061693 1.35578322 1.15906608
    0.727996111 1.3122927 1.26674163 0.943774641 1.09910989 0.876055002
    0.970623195 1.28429997 0.697043836 0.946166694 1.50500929 1.02488303
    0.974563479 1.20003736 0.866079807 0.989814341 0.813307941
    0.603898168 1.38577032 0.807082713 0.75244379 0.589136541
    0.651996672 0.555669963 1.4538852 1.4513725 0.657802999 1.03904366
    0.747203529 1.35349059 1.05060995 0.85089165 1.42362714 0.621480346
    1.2675488 1.11991394 0.789235234 0.821029186 1.36620724 0.749385417
    1.00725353 1.3587594 0.628942013 1.23851728 1.58811939 0.906846464
    0.62441206 1.36334562 0.879883885 1.17045116 1.53007114 1.03783619
    0.874357343 0.574917018 1.34918153 1.16696835 0.795078993 0.8561095
    1.47011602 0.528762698 1.15328217 0.699217498 1.19729888 1.14722586
    1.51305354 1.34653115 1.22600567 0.595018625 1.30310941 1.23267865
    1.26432061 0.915154636 0.857190013 0.701478779 0.912242532
    1.12259185 1.49319124 1.56446326 1.28434801 0.786401033 1.29045498
    1.24103189 0.903965116 0.616452515 0.88115263 0.767140031
    0.748779058 0.643472672 0.700383484 0.851559281 1.23555207
    0.655957401 1.36135149 0.903681695 1.06921208 1.00314164 0.57950747
    0.927698314 1.15427482 1.4266032 1.13494408 0.937056363 1.01241398
    1.11965859 0.702039599 0.818270564 1.38968503 0.793597162 1.02665734
    1.44852161 0.919724524 0.878700197 0.804649591 1.46440506
    0.743216693 0.953059316 1.08617902 0.679068625 1.15641642 1.40193212
    0.921262145 1.3551439 0.804387331 1.11151958 1.4208349 1.45424628
    0.951076925 1.23225558 0.852970779 1.54178751 0.802223444 1.51395702
    0.865987778 1.22955322 0.680613399 1.49143958 0.585344315
    0.655338585 1.15108192 0.862495899 0.538085759 0.709535837
    0.869937301 1.27961314 1.36752915 0.473641157 0.49387759 0.696690679
    0.745594382 0.651971459 1.16820049 0.613255024 1.25091648 1.46320772
    0.566284895 1.03491378 0.762481153 0.525519073 1.02653706
    0.359688133 1.27085829 0.506598473 1.29170752 0.467403471
    0.595191538 1.4935503 0.645350456 0.75529772 0.839220345 1.36019874
    0.73478961 1.14346361 1.42060578 0.722100437 1.49898946 0.83150816
    1.06965208 0.908219337 1.18720841 0.647619605 0.920295119
    0.754418552 0.919202387 1.4818126 1.24010849 0.560764551 1.46931434
    1.45897901 0.912344456 1.25352108 0.770330667 1.52264988 1.28281713
    0.997096121 0.921143472 1.16687417 0.731969595 1.47427261 1.39565194
    0.854984522 0.833736122 0.660067737 1.37049997 0.536215007
    1.17013419 0.972687066 1.31720114 1.08234644 1.30153024 1.5594542
    0.984443188 1.01328731 0.912475407 0.707054555 0.789234459
    1.38362813 0.613590121 0.747968137 1.46301389 1.46302938 0.950634956
    0.994803846 0.945528865 0.671963871 0.854551017 1.53939044
    1.51504266 0.963950634 0.663998842 0.766440272 0.666582167
    0.792048216 1.35410392 1.3078227 1.29002023 1.4091475 0.656969786
    1.18477142 1.45304632 1.01564264 1.37810433 1.24780262 0.910040498
    1.47102809 1.20360518 1.05062616 1.3425504 1.43541574 1.51780367
    0.764787972 1.05437672 0.642419875 1.56069434 0.981095731
    0.783789873 1.1796881 0.947840273 0.743449152 1.30715084 1.28150678
    1.12281477 0.697801411 0.654548705 0.58408314 1.58020639 1.48720896
    1.11523211 0.848960578 0.607798278 0.829480171 1.00508845 1.12289917
    1.12811816 1.04518616 0.508423448 0.721765161 0.590838075 0.94583106
    0.563062251 1.37253678 1.19650161 0.550348103 1.50813341 1.20966697
    1.34987342 1.51327407 1.2952894 1.41177368 1.19098604 1.21955395
    0.720070243 0.913133025 1.43473792 1.32467377 0.580165148
    0.873481989 1.50906658 1.09709692 1.10014725 1.53273499 1.01667893
    1.48074746 0.700057924 0.866263926 1.17704844 0.845529258
    0.701641977 1.21934795 0.659929872 1.00433278 0.799975276 1.00027537
    1.37007511 0.630878568 1.28865957 1.10212779 0.632151902 0.809259176
    0.65326035 1.22205424 1.2448014 1.50242484 1.01729023 1.38046479
    0.65265733 0.665669203 0.570387959 0.55262351 1.26281452 1.38129377
    1.11966777 1.03694904 1.53097224 1.10947359 1.37748277 1.60603178
    1.5645411 1.3926096 0.957035601 1.35658097 1.3217876 0.622386634
    0.929260492 0.554105163 0.707923234 1.23090184 1.09505916
    0.772522032 0.911351383 0.673214078 1.32234526 1.16167128 1.49521065
    0.671422362 1.1604569 1.20496631 1.25865459 1.04655004 1.04714406
    1.52443004 0.957620025 1.22777593 0.749426186 0.695358276
    0.838889897 0.906720281 0.734988391 1.42642617 1.03591037 1.51497793
    1.25078952 1.06653607 0.89906013 1.06032503 1.2627852 0.571617365
    1.06556094 1.23990858 1.36844277 0.738385737 1.15207481 0.765797853
    0.868102074 1.12916124 1.07142007 1.31286955 1.26434517 0.678524852
    1.0278219 0.659871042 0.954813957 1.38284194 0.686006665 1.16861439
    0.679220915 0.765671551 0.650482297 1.01721084 0.986450076
    0.949332833 0.629670918 0.662343264 0.726236582 0.488547593
    0.857222855 1.49634993 1.18145847 0.864051878 0.795829356 1.38547516
    1.21595228 1.14017105 1.26300752 1.31210458 1.39167643 0.395636022
    1.04899704 1.02064741 0.822160542 0.701470137 0.600634634 1.19630814
    1.18879294 1.29651558 0.537074089 1.10534322 1.37984252 0.691773772
    0.617679179 1.47674906 1.17189896 0.808457136 0.546826959 1.14186823
    1.43212938 0.819054484 1.24350333 0.717671514 0.583132386
    0.583678901 1.10435724 0.708999932 0.826829493 0.807985306
    1.40944588 1.37478507 0.849921823 0.740488887 0.591192782 1.3521477
    1.48357773 1.50701177 0.811739981 1.2679621 1.23123765 1.0637027
    0.584952176 0.72320199 0.691153705 0.537797272 0.710133731
    1.56174934 1.47678673 0.764159977 0.863373637 0.945626318 1.49853647
    1.20119607 0.87695688 0.85915494 1.16776741 1.51652765 1.19945157
    1.43721175 1.43432868 0.991278648 1.53864205 1.41296387 0.841532707
    1.2404021 1.160236 1.13395727 1.47561812 1.23462951 0.877830386
    0.945670009 0.936826408 1.32553196 0.840186417 1.096892 1.36452353
    1.27853894 1.47329414 0.595875263 1.30572474 0.779265881 0.664452553
    1.57665181 1.12961304 1.06804824 1.52527249 1.35992467 1.27763879
    1.57041943 1.06854737 1.31663918 1.02774692 1.42591095 0.982685447
    1.35520577 0.654789269 1.18150449 1.28989601 0.648130655 0.921889961
    1.19260144 0.689017832 1.31051862 1.13153219 0.771198392 0.782143474
    1.52824473 1.01273453 0.700838923 1.45804751 1.45429814 0.645444214
    0.652773142 0.785044134 1.18628371 0.633385658 1.00169659 1.1598264
    0.933191061 1.1887753 0.539916754 0.692715406 1.46294498 1.05993116
    1.16528463 1.40749526 1.03381729 0.800658703 0.624501526 1.16770816
    0.763036668 0.702907085 1.2501713 0.728562653 0.543374956 1.13097608
    0.621670544 1.27609408 0.932193875 0.784621 1.07288992 1.5018903
    1.53217804 1.49365771 0.590863109 1.27218354 1.38082325 1.0412544
    1.1859709 1.42822826 1.51515973 1.04231715 0.841231287 0.793623209
    0.844414532 1.01868308 1.43388653 1.02951241 0.900722742 0.898570001
    1.08248627 0.925270677 1.00116396 0.863273323 1.41463864 1.3605994
    0.543482602 1.35248137 1.30013883 0.947327673 1.04045713 1.14238858
    0.800807357 1.31131899 1.30527222 0.878587663 1.4504267 0.802356124
    1.25779712 1.40979147 0.741439641 1.24592793 0.983620942 1.3083564
    0.689965904 1.35006738 0.53030175 1.1622057 1.00491738 1.13146365
    1.21240258 1.4579525 0.771123528 0.79869616 1.12496436 1.58424628
    0.980921209 0.683583081 0.905039549 1.17792964 1.05426216 1.1039499
    1.25536895 1.07218993 1.1804347 1.26559472 1.45095205 1.44413495
    1.30101192 1.39158893 1.35506785 1.37716711 0.759472668 1.19539392
    1.45264459 0.559499264 0.713368952 1.26539171 1.18332267 0.946871758
    1.45143282 0.905476034 1.57505727 1.42543924 0.867769837 1.43990874
    1.2133801 0.795390308 0.824827015 0.672138393 0.59269917 0.971803248
    1.44640744 0.543079495 1.25066972 0.915639818 1.50009477 1.24604952
    1.26120353 1.23840463 0.733497441 0.56037426 0.530952632 1.09548545
    0.503361046 1.0775528 1.50724483 1.45713592 0.993244231 0.547552705
    0.78461659 1.32330406 0.970187068 0.669142604 0.889323413
    0.578915298 1.35924172 0.562479913 0.8147825 0.707148671 0.592698038
    1.2988739 0.769734621 0.817879498 0.526509702 1.08349037 0.924931049
    1.32927954 0.911370039 0.91811645 1.28290224 0.970030546 0.770471036
    1.04063141 0.856342256 1.35462213 0.720724702 1.17557156 0.965000212
    0.822636604 0.653598249 0.841022491 1.22046614 1.03180838
    0.789678097 0.712090015 1.05002356 1.33054495 1.01489079 0.62655139
    1.03332853 1.38527858 1.28682995 1.36058879 1.17617416 0.589868546
    0.528606355 1.40128171 1.20267963 1.41285145 1.38821948 1.09262133
    1.17723644 0.787126839 1.50776744 1.50456452 1.27817452 1.20360744
    0.616005421 1.42209637 1.23527038 0.590737343 1.3755821 1.54103243
    1.28840387 1.03120804 0.954813361 0.870956779 1.17479599 1.16083324
    0.823303282 0.981782138 1.55369234 1.45736337 1.43872058 1.47039258
    1.50877702 0.815861106 1.18486655 1.05508673 1.01310396 0.61797899
    0.618384361 0.617087066 1.16353774 1.28399777 1.30860007 0.957651734
    0.834034145 0.662455857 0.955684006 1.44437671 1.11308217
    0.637057543 1.08309996 1.1049701 0.977261305 1.19277489 0.726660252
    1.53745508 1.39294553 0.963080585 0.902266979 0.783882797
    0.551289082 0.818326473 0.853298962 1.1416961 0.731911898
    0.563541234 1.0144676 1.37224174 0.701074064 1.403494 1.37414598
    1.55158365 1.02309096 0.917938352 0.777466774 0.54080677 1.08755624
    0.884774625 1.41839051 1.24881303 1.16188371 0.639796317 0.880786538
    0.918337166 0.708278835 0.785681844 0.884506345 0.913224638
    1.08063757 0.618749261 1.00848222 0.960038066 0.935169399 0.6200037
    1.19811666 0.533077121 1.11389685 1.39990127 0.897414863 0.993360877
    1.53942358 1.52357531 1.40766799 1.47269714 1.37410235 1.37824559
    1.22724617 1.287606 0.814890087 1.25807238 1.05298543 0.566046536
    1.53618896 1.4687196 1.20138335 1.07313621 0.51166451 0.55619812
    0.651455939 1.01374972 0.909879923 1.04566252 1.52930045 1.05578578
    1.09374988 1.29791582 1.12394798 1.2709862 0.881786466 1.09980023
    1.17643297 0.663840592 0.971423328 0.933494568 1.50938797 1.03861392
    1.56113362 0.970704556 0.823571324 1.56261754 1.2169708 0.952864945
    0.919171274 1.33014274 0.739651859 0.958281934 1.32301283 1.56206369
    0.575362861 1.22429812 1.08641589 0.781779408 1.058236 1.25025547
    1.19337165 0.965312362 0.668454528 1.03333688 1.0490706 0.754711688
    0.894833922 1.42627275 1.49766779 0.917538643 1.51430917 1.44051254
    0.731422246 1.23398089 1.52414918 1.41731715 0.682257414 1.49471092
    1.03988612 1.24417293 0.989986241 0.603907108 1.23351169 1.42350972
    0.724298418 1.33756781 1.26545215 1.44334018 0.734869361 1.30655372
    0.755809665 1.09249449 1.20585978 1.40154541 0.590520859 0.657081306
    0.674740374 0.635065019 1.13063991 0.958518863 0.752507567
    0.672970176 1.10671818 1.01495695 1.48642087 0.663211942 1.31691229
    1.28326583 1.01576352 0.530103326 0.559752464 0.669191897 1.03264856
    0.570280671 1.53172219 1.1920265 1.28645217 1.04828298 1.36426663
    0.63906461 1.18636811 1.23596883 1.25036335 1.18545973 0.724306345
    0.896873355 0.304748744 1.00783825 0.382666916 1.11505246
    0.590755761 1.19074559 0.591469884 1.08272636 1.26194787 1.03376412
    0.590565264 0.962626219 0.976778626 0.97046423 0.949501276
    0.754565299 0.642986298 0.874469459 1.33134079 1.05628633 1.39382493
    1.46356428 1.14996052 0.587839484 1.16541529 0.53540808 0.684716821
    0.749855399 1.24190688 0.868238389 1.33489895 1.53317595 0.724429309
    1.26400459 1.17205548 0.795605898 0.669478536 1.01523101 1.32768691
    1.30121696 0.750934482 0.690159976 1.12769759 0.719815016 1.24547338
    0.702345312 1.4462229 1.18322217 1.44048369 1.26040971 1.151811
    0.559263945 0.862645566 1.37233067 0.874990821 0.789982975
    0.977265835 1.13066268 0.794224501 1.36393642 1.179811 1.11721325
    1.38850653 0.826533854 1.50307143 0.772271097 1.42148638 1.34324813
    0.667942703 1.11512113 1.31162894 0.584272087 1.30737507 0.99504447
    0.549764097 0.844200611 1.29732156 1.17946708 1.48002326 1.35551941
    1.17813277 1.57126665 0.776942849 0.689177454 1.12862515 1.18351662
    1.04182541 0.804153621 1.35306907 1.57068944 0.73658061 0.939775825
    1.33432782 1.06181514 0.57912004 0.827139974 1.04676664 1.36489594
    0.558897197 0.707323492 1.46369553 1.07200372 0.785989821 1.33062112
    0.661150575 1.28145778 0.554989755 0.761127234 1.3986702 0.573907673
    1.21682382 0.75027281 0.869673371 0.717847407 0.753137469
    0.610059738 1.37759018 0.467974454 0.937603354 0.667617619
    0.624450445 0.543171585 0.753644884 1.46465826 0.609027863
    1.29875326 0.690901458 0.833591104 0.607958436 0.680143952
    0.787669301 0.603390932 0.838748217 1.53831303 1.11508298 1.49086773
    0.957661271 1.08564436 1.28792953 1.04760027 0.695518672 1.29224658
    0.723887324 1.30735373 0.709391177 1.32139504 1.28687501 1.45491004
    1.15228033 0.847520113 1.25853801 0.916960537 1.12644315 0.898744464
    0.870092273 0.875070751 1.21302128 0.989985585 1.35312223 1.07953894
    1.0782311 0.714233577 1.08931196 0.579612553 0.925998986 0.894202948
    0.613416016 1.46030915 0.870192587 1.30320346 1.04880798 1.14472055
    1.44595993 1.46551919 1.51558566 1.51621079 0.834190786 1.23637509
    1.39288354 1.35370874 0.571406722 0.845791459 1.29269624 1.17233169
    1.56322193 1.57394814 0.929376245 1.51101351 1.17261028 1.28358412
    1.08817208 0.646637142 0.647992074 1.43921649 1.46553719 1.32267559
    0.962091029 1.15961218 1.4474864 1.43598354 0.934485316 1.3890959
    0.796501279 0.764029682 0.639614284 0.744299293 1.170385 1.10933673
    1.16475153 1.19061911 1.12641859 1.00751102 0.92678684 0.639501274
    1.05083859 0.883657694 1.1675185 0.743870795 1.03822553 0.67180872
    1.1045897 0.550336361 1.39136124 1.48033094 0.771508276 1.15353918
    0.634956062 1.22671521 1.21589267 1.46371448 0.68821317 0.525414407
    1.02084959 0.695627868 1.45390463 0.855125487 0.656326652
    0.520329952 0.645187855 1.25789809 1.24782848 0.989033639
    0.889089465 0.720762849 1.06173158 0.614524424 0.661921382
    0.943245292 0.669374883 1.47252464 0.711818516 1.22412026 1.23569024
    0.607135653 1.26305103 0.961763978 0.874771714 0.652779877
    1.32417667 1.26163077 1.23152137 1.04171014 0.918021679 1.50235188
    0.836021662 0.8434937 0.908885956 1.48389781 0.975350022 0.804285347
    1.46625876 1.25298285 1.35629368 1.01766527 1.34841418 1.34323239
    1.03258312 1.16371191 0.9482342 0.587290823 0.686203182 0.502643943
    0.82531482 0.818360329 0.686220706 0.837136745 0.920128703
    0.803134203 0.869402647 1.18912399 0.881379604 1.14903033 1.17142296
    0.995220423 0.921669066 1.06949496 1.15232933 1.24071646 0.861307263
    0.953887105 0.957357585 1.03996778 1.03988349 1.54630792 1.45679808
    0.648081899 1.18093324 0.655687451 1.18585777 0.911588728
    0.590304613 1.40163064 1.36922228 1.37060547 0.959353626 0.961926699
    1.31662154 1.02462649 1.48723519 0.875888467 1.57194304 0.781436682
    0.689386129 1.39846265 1.0378685 0.679766238 1.42508733 0.991957247
    0.857088685 0.784707725 0.5547176 0.799587131 0.674263358 1.37138498
    0.895460844 0.88155365 1.20577204 1.23340011 1.00645411 1.57559276
    1.19442582 0.748196363 1.47478926 1.11938965 1.36407256 0.866849542
    1.39192855 0.977943659 1.39203227 1.04676187 1.18986213 0.625232518
    0.880582333 0.892655611 1.15951943 0.715060472 1.0772295 1.46438611
    1.41960573 0.833129883 1.28803742 0.554076135 1.29743993 1.46401322
    0.73681879 0.999386728 1.21991694 0.922355235 0.620525002
    0.743722677 0.968697071 0.513517916 0.876226723 1.26180327
    1.38643909 0.575130522 0.553137481 0.560714424 1.04656363 1.41788244
    0.654362559 0.602170527 0.837996781 1.01966023 1.39243174 1.44491553
    0.953391016 0.95854193 0.569749177 1.02461123 0.852033496
    0.603180528 0.708554268 1.51596785 1.27003336 1.16160548 1.32429278
    0.927121282 1.0845747 0.760091603 0.738699317 1.20825815 1.33305895
    1.22643948 0.701376259 0.833286941 1.42917109 0.796254635
    0.764515936 0.758955956 1.21526492 0.755023062 0.609325469
    0.752141237 1.1396873 1.53943348 1.31551731 0.613703489 0.86179769
    1.49457979 1.51591623 0.946406066 1.20354128 1.22396195 1.12412095
    1.23558629 0.892902136 0.653285384 1.21801245 0.8395136 0.553128421
    1.08519018 1.31334651 0.931840777 0.562147856 1.34758985 1.5577234
    1.34613538 1.11243308 1.56974387 1.05114424 1.37812078 1.5142194
    1.42568707 0.828037381 0.908186734 1.4752419 1.39190638 1.56556702
    0.747414172 1.48021472 1.03124666 0.980366766 1.16917419 0.966507316
    0.701652944 1.49347365 1.07657635 1.01132357 1.42194581 0.676198483
    1.49520683 1.19648993 0.948668361 0.970360696 1.31564093 1.10218501
    1.2383455 0.60049063 0.776542306 1.47178161 1.09842229 0.997550547
    1.13830352 0.920334637 1.11884928 0.816715002 1.52845097 0.829876423
    0.792755902 0.988806069 0.721833289 0.735030413 0.94781971
    1.19490111 1.2589004 0.798234999 0.800922513 0.975728393 1.17867148
    1.17165661 1.1600163 1.00272155 1.38460994 1.08587873 0.609025538
    1.30445051 0.661010623 1.3841033 0.748452246 1.12407804 1.34751487
    1.20682847 1.4855113 0.862654448 0.644608736 0.568621635 1.05236757
    1.16734815 1.18903494 0.978096187 0.800332665 0.397237033
    0.962070465 0.59440738 0.75657928 0.99337256 0.543463528 1.15556788
    1.41468036 0.708307505 1.08345222 0.560338497 1.18605268 1.44447231
    0.577804327 1.26076329 0.91248101 0.549061716 0.776906848
    0.547045588 0.657253742 1.40489149 0.62207073 0.964015901 1.36353755
    0.622701049 1.06822932 1.4632535 0.583175302 1.37331164 1.04914784
    0.593770981 1.53744233 0.627947688 1.14479339 0.944082141 1.3251431
    1.128649 0.906697571 0.936045766 0.823990822 1.24665558 1.1589911
    1.33441079 1.40334165 1.1158433 1.23181069 0.633168817 1.37320566
    1.39761078 0.563667655 1.19681215 0.923402905 1.45433247 1.16396153
    1.2406894 0.564368784 0.733713508 0.708576143 1.47383344 1.32936323
    1.3375386 0.795980275 0.585618556 0.919693708 0.746406078
    0.673514843 0.736456573 1.38235092 1.11068058 0.579097629 1.00167334
    1.49158967 0.900639176 1.24063146 0.742918134 0.700694442
    0.747244358 0.741935372 0.523783863 0.779540777 0.842835784
    0.722315252 0.72753334 1.25782573 1.13223064 0.70751828 0.959099531
    0.825108528 1.28447402 0.714195013 1.19842947 1.20778799 1.35918128
    0.712466359 1.03010869 1.27742803 1.06154037 1.22552586 1.53554654
    0.884720445 0.950026572 0.579645514 1.37102067 1.38517201 1.23892558
    1.32957387 0.894062817 1.28233778 0.954416215 1.38497758 0.631153882
    0.903151751 0.911743581 0.694353402 0.669486582 0.693592072
    1.12169385 1.4314059 1.33333671 0.926742733 1.21419823 0.623910308
    0.583304763 1.26443565 0.682107747 0.874332845 0.932575285
    0.897102714 0.53914839 0.762223482 0.995936155 1.17599416 1.42679822
    0.875075102 1.00556755 0.931564391 0.881233037 1.03138244
    0.877369642 1.30319321 1.07543087 1.3555944 1.52559257 0.781127751
    0.797638416 1.40825653 1.31393206 0.602598429 0.651863873 1.16470432
    0.803305745 0.644373655 1.05430067 1.53038228 1.11835587 0.795854807
    1.2194128 0.829132617 1.24921584 1.22141838 1.18454909 0.89612931
    1.10880566 0.814767599 0.874757588 1.55100811 1.2087183 1.56806743
    1.10397542 1.35484684 1.06834447 0.60070914 1.43098497 0.680540383
    0.86317873 1.32176864 1.29552352 1.23214829 1.04189515 0.72702688
    0.77909714 1.44305491 1.04980803 0.599752128 1.34900749 1.27711487
    1.41539431 1.61817801 0.712784052 1.58581817 1.19331717 0.969767928
    1.53901839 0.812457561 1.13846302 1.3555119 1.56253839 0.951617956
    1.37760484 0.564962804 0.798248231 1.36788428 1.12525845 1.39864254
    1.07288289 1.38753092 1.34390688 1.60147703 1.11975181 1.11976039
    0.895433664 1.05945206 1.49548244 1.16065085 0.65223527 0.716946483
    1.08642888 0.988941193 1.23412359 0.869239688 0.95578599 0.713330448
    1.09405017 1.11297572 1.37549162 1.46862757 1.05685222 0.537469268
    1.14354038 0.822802901 1.2162807 0.760258615 0.672153056 1.04605293
    0.821455956 1.26498365 0.880254686 0.883524656 0.605073571
    1.10104835 0.624251187 0.835343421 1.55145276 1.16353488 0.900331795
    0.875117779 1.38734603 0.881780386 0.707958698 0.807048142
    1.23675811 1.50066173 1.24813962 1.08412886 0.915591896 1.06044984
    0.598417401 0.510131538 1.30445278 0.94235158 1.32710421 0.95181179
    1.17711699 0.809597075 0.524902821 0.522554576 0.527778268
    1.35467529 0.90547061 0.534768045 1.40466738 0.813020289 0.946145296
    1.46657753 0.799588263 1.14984775 1.39489853 0.989860892 1.01213074
    1.20451128 0.571878612 0.875500798 0.865827203 1.46987152 1.15039682
    1.42354274 0.548241556 1.16665721 0.833027959 0.921266496
    0.652843893 1.13965166 0.584373176 1.28077817 1.43205547 0.63383317
    0.834448516 1.39674854 1.05773211 1.39468336 1.53672123 1.30251658
    0.838506281 0.731735468 1.37996447 0.754172146 0.762848437
    1.03448606 0.944053888 1.19275737 0.746911049 0.705617428
    0.928153574 1.46916914 0.98091954 0.589679897 0.988776505 1.44762897
    1.48393822 1.31261468 1.00434697 0.538448453 1.32740426 1.28031993
    0.749521196 0.735655248 0.783253908 1.04725635 0.919122994
    1.27445817 0.569235742 1.06783497 0.58647871 0.590013683 0.90557164
    0.761176825 1.4500978 0.807688177 0.873699546 1.40274489 1.34876394
    1.21482205 0.884396672 1.52268183 0.700863242 0.95031476 0.904173434
    0.853333294 0.567139626 1.39749455 1.34116399 1.55128479 0.554903746
    0.667808294 1.35083485 0.712926686 0.613190413 1.54175866
    0.614726067 0.755523682 0.841668785 1.50381601 1.42369115
    0.916235209 1.45594335 0.657733679 0.933275521 1.48637617 1.14740407
    1.05744624 1.22766471 1.15455234 0.890430748 1.25964093 0.742515266
    0.739595056 1.19736445 0.977813482 0.682528019 0.641572893
    1.18589628 0.769500434 0.869109035 0.680456579 0.763581634
    1.21782672 1.42109978 0.728680909 0.869918704 1.32589626 1.46647966
    0.716256917 1.35761118 0.715728521 0.58699286 0.62053901 1.22425437
    0.8505826 0.554880142 0.589860559 1.09772611 1.51408577 1.15660512
    0.839800179 0.711907089 0.95217222 1.21534181 0.992489576 1.55237091
    1.01333749 0.644252837 1.25086212 0.602428794 1.22601819 1.36218035
    1.32048774 0.848647177 1.34633791 1.03150094 0.70652318 1.30673289
    1.21911621 1.32727504 1.5293113 1.22773993 0.892067134 1.33809566
    1.16441882 1.06428945 0.854478896 0.682195127 0.70775938 0.98314631
    0.983091772 0.654974163 1.3817023 1.44892204 1.40941632 0.622907817
    1.31315827 1.07228434 1.58937144 1.35822976 0.965751886 1.00380564
    1.5283612 1.55773449 1.09631622 0.75220561 1.3985877 0.964327157
    0.553480923 1.35818672 1.00723648 0.581701756 1.06655872 1.21973145
    0.657489181 0.620512843 0.605246603 1.08906388 1.59409547
    0.797650158 1.37957358 0.837120414 1.49120247 1.38714957 0.697543681
    1.02865469 0.746203184 0.803471446 0.856231809 0.540646553
    0.781691909 0.585504293 0.610855281 0.701077104 0.637613118
    0.748775065 0.802013278 1.40048325 0.611663222 1.25903571 1.18550324
    1.09703815 1.03984702 0.591343701 1.38513637 1.45199299 0.789572001
    0.990279078 1.04104257 0.837976992 0.672043741 0.924291015
    1.37068832 1.50033426 1.48607421 1.47301722 1.34479487 1.03340626
    1.47042966 0.97639662 1.42479706 0.753713727 0.774665952 0.600794733
    1.14572525 1.47623658 1.09598053 1.00853598 0.544480264 0.393561035
    0.407960474 0.418315262 0.716238797 0.836275756 1.14392769
    1.28136635 1.29137552 1.27437472 1.38021541 1.2881614 0.674107492
    0.784650862 0.687075555 1.07208049 0.552942336 0.644911468
    1.13894832 1.55138505 1.43868971 0.75227648 0.626572609 0.834599972
    0.74141717 1.34899724 0.909472704 0.955927789 1.11291432 1.32505488
    1.09765601 1.08608568 0.608377576 1.03198338 1.3844806 0.559891462
    1.45142913 1.37179172 1.07270408 0.774491727 0.613512874 1.09253561
    0.90302217 1.51587093 0.64100939 1.00991094 0.643721521 1.47856462
    0.717340231 0.724475026 0.857044399 0.750493109 0.963631213
    1.09793067 1.13821089 1.40709054 1.00481343 0.864654064 1.26984346
    1.48897469 1.10056245 1.40740418 0.859675705 1.01086783 1.53475285
    1.06697237 1.34048617 1.01775491 1.47737896 0.751873374 1.5315311
    0.569176614 1.04063833 0.988025606 1.23854077 0.586775362 1.50267637
    0.574822962 1.35295248 1.43743479 0.634348273 1.25582588 1.17620718
    0.915955901 0.745775223 1.44373655 0.615936518 0.941163361
    1.09375739 0.673009574 1.31289291 0.927435637 0.922409892 1.43120039
    1.39547539 0.980525792 1.57380009 0.922300518 1.07130098 0.593736231
    0.933636248 0.740513861 1.16001225 1.17169821 0.786522925 1.35358775
    0.92809546 1.41850388 1.00650263 1.09445882 0.674443543 0.802814662
    1.17644048 0.783258319 0.869656026 0.838659883 1.53573442 1.08857286
    1.29218984 0.717817008 0.656948209 1.27018464 0.590021014
    0.891891003 0.564546227 0.876265526 1.21808362 1.37475431 0.77177012
    1.33247972 1.37889373 0.932690442 1.30188155 1.46352208 1.50975299
    1.33600485 1.31652951 0.650956929 1.24798858 0.720312834 0.981609225
    0.961987078 0.852340817 0.62235564 0.83791256 1.08393228 0.60126251
    1.13341737 0.60250169 1.08909249 1.25029552 1.46536183 1.24210906
    1.45873511 0.926193416 1.3246336 1.57642281 0.906694233 0.735815525
    1.00119793 0.75511533 1.14711332 0.824011505 1.0565455 1.19307876
    1.50905776 1.33241892 0.952951133 0.635294914 1.27712274 1.47478664
    0.551242948 1.1056937 0.709443927 1.21744204 0.585125625 0.706644952
    0.828843176 0.63323909 1.26240122 0.744303346 1.21976662 1.53371537
    1.0649569 0.93445158 1.51888001 0.796989858 1.2904377 0.957300663
    1.47886372 1.417063 1.27875078 0.957041264 1.05200005 1.32444978
    1.4489218 0.783158123 0.64929831 0.896869779 0.745669425 0.980167568
    0.734342396 1.19208527 0.797103703 1.38103294 1.14290774 0.705168009
    1.4264698 1.58413315 0.943503022 0.85239023 1.28333247 0.567291141
    0.556463778 1.48570931 0.74316901 1.30437207 1.11540842 1.23743248
    1.04664898 1.30449772 0.681640983 0.724530339 0.798919737
    0.608797431 0.665115178 1.21294045 0.752646148 1.07301319 1.54785895
    1.54332221 0.825080514 1.17462611 1.47847056 0.666637003 0.749226868
    1.07168925 1.32006204 0.727305949 0.759990335 1.54552317 1.37685978
    1.37659252 1.02573609 0.790019751 1.16411436 1.02487707 1.20415103
    1.46718037 0.811054111 0.835406959 0.842999041 0.609644234 1.2012229
    0.628534734 0.944902897 1.04305744 1.08854568 0.520114541
    0.995531261 0.616369009 1.35115767 0.572932303 0.6462816 0.848975658
    1.19922471 1.01336777 0.933615386 1.17659044 0.783340573 0.780054331
    0.687077224 1.02005517 1.00130963 1.33231246 1.36408544 0.602923393
    1.3000834 0.764030457 1.14864635 0.815369666 0.766917586 0.780098259
    1.24308121 0.689179838 1.18600404 0.590208769 1.04866612 0.799100161
    0.572476149 1.13063526 0.635040164 1.21286631 0.992897093
    0.948656738 1.15838218 1.31840849 1.4114027 1.31010306 0.593260169
    0.603535116 1.46165359 1.19325101 1.15117216 1.23427629 1.03535855
    0.77311945 1.09896111 0.829517484 1.01828289 1.32591748 0.922399342
    1.31769228 0.77320087 1.18522334 1.02415121 0.600429773 1.19990158
    1.41865981 0.521260858 1.18004107 0.71754986 1.23092985 1.09666467
    0.520389199 0.589199126 0.795840204 0.74617517 0.843929529
    0.520229459 0.827151 0.682625651 1.42437589 0.875317574 0.734017909
    1.01449907 0.8846457 1.02582479 1.47564566 0.798152983 1.22480953
    1.18609464 1.11892021 1.21861124 1.14223123 1.09339774 0.560567915
    1.0267936 0.913313508 0.988448501 1.47008085 0.742323935 1.3443135
    1.37359321 1.20743525 1.11765909 1.09261 1.01531625 1.10315621
    1.32990801 0.898484528 1.3757782 0.799540818 1.10359752 0.978807986
    1.12876034 1.03669691 0.778760314 0.77610904 1.03174329 0.865830183
    0.914383292 1.44204009 0.888100266 1.23653328 1.47006571 0.90876168
    1.44773269 1.27089584 0.849407375 0.467075527 0.961502492
    0.858500183 1.40172958 0.591991544 0.885013103 1.08783865
    0.975688815 1.47888899 0.986153364 1.02266669 0.565254152 1.14109349
    1.2135365 1.24283361 0.7561903 0.842277467 0.994264185 0.672736347
    0.716501117 0.831579804 1.32972324 0.700799882 1.18395329
    0.915862262 1.16554332 1.09771621 0.773870289 1.28192568 0.938779652
    0.982746005 1.44508934 1.19243991 1.53598797 0.626037776 0.823971152
    0.996903539 1.29604948 1.3315593 1.30478013 1.16299641 1.52850974
    1.35188043 1.39067078 0.777875483 0.939340711 0.662359953 1.01903963
    0.58853966 0.629995942 1.06091738 0.868588924 0.577887952 1.13771605
    1.18979251 0.905097902 1.01727855 0.734330654 1.51304865 0.683626175
    1.29644585 1.43468142 0.686790526 0.64781189 0.749661565 1.52575397
    1.27238178 0.615630746 1.04920852 1.22561026 1.14517677 0.609302461
    1.34115672 1.08646166 1.42397034 1.2029376 0.783322453 0.846497118
    1.05669188 1.39539659 1.50309992 0.98955524 1.3603754 1.31230438
    1.34808004 1.2352097 1.54986477 0.860836864 1.07040203 1.48276258
    0.59899348 1.38894975 1.44013667 1.25922775 0.97367841 0.998903334
    0.861607015 1.47008038 1.31927562 0.799718499 1.45817745 0.872547507
    1.31781495 0.971420586 1.16297626 0.613736153 1.47659516 1.06848454
    1.25795805 1.30241263 1.48588693 0.658197045 0.617213488 0.788782656
    1.17145967 1.220312 0.680965424 1.45618927 0.624881864 1.24097359
    1.27092016 0.644431055 0.828856289 0.748911858 0.871998549
    0.754560113 1.23992038 1.034078 1.12357175 1.44087005 1.132074
    0.446635604 0.383276969 0.307290494 1.08094609 1.02345335
    0.751972556 1.20065379 1.2836616 0.835098803 0.763115644 0.536583424
    1.20722854 0.939280391 0.757441401 0.638819933 0.791435659
    0.844316959 0.909940541 0.642463326 1.48377621 0.744939446
    0.734602988 1.26117504 1.34971404 1.24425888 1.27324188 0.596880376
    1.17996109 1.33345532 0.753057122 1.22805083 1.22881389 1.51826084
    0.959221482 0.777939916 0.953156352 1.15455878 1.2388761 0.730903983
    0.811745703 0.598603606 1.29746723 0.782738984 0.797503948
    0.876067579 0.822855115 1.21631932 1.19891608 1.11065197 1.30602276
    0.715239167 0.975802958 1.48352802 0.684941947 0.794562995
    0.782463372 0.701242626 1.08043277 0.909281015 1.05096805
    0.687002599 0.59244287 1.21630418 0.559807897 0.661917865
    0.904085517 1.506863 0.861755192 0.483998895 1.15595937 1.00812244
    1.43987143 1.40881729 1.05630052 1.48702908 1.08201969 1.32373703
    0.640081227 1.31654239 0.580154896 0.561898172 1.27132535 1.19187462
    1.05976295 0.79729718 1.37927699 1.17445445 0.763645113 1.33037496
    1.02865553 0.870235264 0.577873707 0.633067667 0.644310057
    0.644836843 1.43650782 1.25551164 1.27828836 1.03411722 1.32895219
    1.22170317 1.45202947 1.42149055 1.3129096 1.28272343 1.45110679
    0.99570632 1.32021463 0.709655464 1.25610936 1.22699606 0.562284172
    1.44771194 1.46506548 1.37955177 1.38536823 1.01564133 1.16093707
    1.53802872 1.0105809 1.10309291 1.53897083 0.961337566 1.3364284
    0.996847808 0.572655439 1.08752298 1.26370728 1.43235004 0.599332094
    0.776830494 0.701563239 1.52648199 0.978723347 1.21421933 1.27732158
    0.726366222 0.90387702 0.592972636 1.26708531 1.10103989 0.959079921
    1.12871182 0.567828894 0.831903756 0.86186403 1.09208333 1.42124152
    0.548351943 1.38941228 0.582362592 1.20142937 1.30556762 1.53473759
    1.48380458 1.31505001 1.55668724 1.46153641 1.19496858 1.32174373
    0.744332433 1.1404866 1.46108902 0.844601214 1.24922717 1.32861006
    1.32210636 1.15478826 1.40173125 1.57386529 1.03820741 1.08956182
    1.39697886 1.06440532 0.577840924 0.772153258 1.25449932 0.588950753
    1.17023611 0.730248928 0.702471435 1.30733371 0.699052989
    0.553571165 0.544643521 1.47934258 0.67645669 0.771521389 1.37046182
    0.694765151 1.55867505 0.845437765 1.51277733 1.23174489 1.32189906
    1.0599227 1.43854129 1.07722461 0.60011065 1.1086272 1.06585407
    1.21677339 1.28597975 1.45692205 0.624247134 1.25349092 1.20698822
    1.0508821 0.783779562 0.863479376 0.758832097 1.27914762 0.851279318
    1.04294097 0.680536628 1.10442781 0.933862209 0.516576946 1.23943257
    0.804150224 1.1449275 0.90399158 1.17540646 0.606397867 1.26872349
    0.589118242 0.942800462 1.37736702 0.958905518 1.58136904 1.18329191
    1.42379117 1.12486029 1.071275 1.36955547 1.10757709 0.74151355
    1.47037125 1.50646996 1.18851018 0.971165419 1.42505693 1.47527289
    1.49970245 1.44706559 0.879327714 1.00254691 0.718075752 0.769369543
    1.20198286 1.37652802 1.38407636 0.585836649 1.41275918 1.29517233
    1.10993445 1.08369493 0.838050842 0.883744955 0.34814176 0.912377834
    1.28992176 1.108639 1.04524505 1.42660892 1.01010954 1.25719893
    0.563975453 0.626028478 0.91256094 0.876728117 1.40723884 1.40947485
    0.985919297 1.04448771 0.719482481 0.731350362 1.27308667
    0.532567263 1.32173061 1.16067815 0.755184591 0.777653515
    0.739708424 1.47795594 1.50847363 0.726873636 0.81746757 0.911860347
    1.55799711 1.14164352 0.581702769 1.01343107 1.43218088 1.25679696
    0.957286596 0.795392632 1.17954552 1.05051792 0.90770489 1.25572324
    1.37983656 0.898742378 0.935537875 1.41697741 0.928482175 1.5256753
    1.4311924 0.616027474 0.955840945 0.729646206 0.597702622
    0.904311657 1.00885284 1.33848178 0.606777489 1.17862916 1.07219183
    0.945997775 0.712964296 0.688604951 0.982689857 1.18841004
    0.627716303 0.8328017 1.01117194 0.727361739 1.23075795 1.45457113
    0.810094714 1.34638107 0.927410007 1.29166603 0.846316874
    0.993519068 0.767603934 0.956954002 1.44978094 0.572140098
    1.07017231 0.786905289 0.748182237 1.04956412 0.591262877 1.28900599
    1.12755716 0.529772699 1.30113435 1.26233172 1.09075534 0.613078356
    1.47637653 0.58927536 0.949089944 1.32219303 1.28462994 1.23509741
    0.9859339 0.615825117 0.629330993 1.24845541 1.01468635 1.17396653
    1.14600599 0.874921739 1.43206191 1.02362943 1.52635801 1.25807393
    1.37287915 0.953746498 1.52789176 1.33360445 0.607311368 1.01577961
    0.98403424 0.602032959 1.0676657 0.903044045 0.724290192 0.560874403
    0.535877943 1.33213937 0.782975078 0.615962803 0.756652474
    1.54385841 0.685355902 1.06202638 1.37639594 1.36718404 0.836933732
    1.24012864 0.662017226 0.580762029 1.12426162 0.693446219
    0.516211331 0.761935413 1.00211561 0.650044858 1.04345989 1.13382232
    1.28973949 0.544747889 1.34964812 1.32782018 1.11112654 0.913961709
    1.41215777 1.53397548 1.50604534 1.15600264 0.83998847 1.27285826
    1.06671786 1.33229268 0.839045644 0.664648533 0.948990822
    0.630868018 0.806882143 1.45814466 0.942294717 0.788448513
    1.37619293 0.623876095 1.10130954 0.777635813 1.35538089 1.10809636
    1.31598973 0.787894726 1.01469672 1.43208659 0.952767313 0.61489141
    0.582025349 1.33046579 0.84308064 1.18376625 1.06406629 1.05141377
    0.704951763 1.4790554 0.8951509 0.834858954 1.55754089 1.14741111
    1.13893521 1.51005208 0.929083169 1.10920835 1.39835024 0.754031897
    0.697589636 0.935431659 0.675295174 1.31288731 1.34008622
    0.555410504 1.48345196 1.55878818 1.22110736 1.06881082 0.643290699
    1.55480266 1.29870284 1.11465621 0.68883723 1.51665437 0.654960871
    0.617517292 0.786940873 0.984671772 1.18916464 0.844319284
    1.34862423 0.705076635 1.1590519 1.312644 0.554386139 0.608553469
    1.24730814 1.10080123 0.85874331 1.39203715 1.61819148 1.3127588
    0.998285413 0.790372968 1.60419869 1.25060964 1.39234233 1.37404168
    0.611004114 1.42474461 1.30525422 0.8121593 0.605883658 1.48051667
    0.652561247 1.24686718 1.24776435 1.41205752 0.755644083 1.40414929
    1.01334727 1.45642161 0.706059575 1.08579409 0.964123547 0.636581063
    0.566910565 1.07079732 0.814674139 1.34796965 0.729390502 1.47814476
    0.562367201 0.97601831 1.13426781 0.579453826 0.552197278
    0.896201968 0.849622905 0.841830313 0.483534276 0.477112234
    1.32599354 1.24928057 1.27725005 0.602913737 1.23909783 1.37481499
    1.08288455 0.729833007 1.49165118 1.02145362 0.811936736 1.42808664
    1.53834128 1.11724043 1.42534816 1.0790143 1.2311815 1.18079066
    1.40076518 1.16838253 0.869664848 0.959816217 0.55855763 0.998136222
    1.17437792 0.655131042 0.811912 1.42759216 0.883144677 1.14269185
    1.53697872 1.4403969 0.99361068 0.707123041 0.856348217 1.2813623
    1.44907343 0.568384767 1.44639957 1.05341637 0.857329488 0.910668194
    1.38923705 1.44498944 0.980542421 1.05533862 1.51755333 1.38321757
    1.41056848 0.479313433 1.12173533 1.06411719 1.35668135 1.43406594
    1.21764779 0.646393478 1.3954879 1.31369555 0.79898721 0.650825441
    1.23420501 1.06907809 1.05979776 0.99423486 1.05232608 0.899708509
    1.07041764 1.04363179 0.931170046 0.789446354 1.0534637 0.644249976
    0.71736294 1.38489747 0.927487254 0.766787767 1.10471416 0.696486831
    1.4956578 0.588556945 1.34397042 1.39354384 1.54628599 1.15752482
    1.53041708 1.00235009 1.55522537 0.85500896 1.56796956 1.36411822
    1.15458632 1.13866222 0.628499031 1.48974657 0.894419909 0.871510744
    1.1897254 1.3023572 1.43731415 1.41709447 0.726644993 1.47975075
    1.39134741 0.659260809 0.586325586 1.04262674 0.866364598 1.2436434
    1.20373929 1.26778507 1.11260843 0.620652914 1.11747217 0.721160769
    1.47538018 1.11412871 0.697641671 1.55712473 1.39266193 1.10028458
    1.50344157 0.858517945 1.04675508 0.905818105 0.954973757 1.25666571
    1.20192897 1.19033468 0.777027547 0.812005281 1.27859354 0.64860642
    1.06362081 1.23198187 1.50824273 1.18077648 1.4725467 0.849466026
    1.46677637 0.879755676 1.07749653 0.738522649 0.632693172
    0.786071599 0.578397572 1.28209877 0.642303765 1.41005683 1.24096072
    1.06256402 1.33100176 0.733811259 0.780206263 0.633141577
    0.860549629 1.479285 1.11593521 0.579061151 1.29507327 1.38897717
    1.30523252 1.41467249 0.840931833 0.922820985 0.696275115 1.21029508
    1.47345877 1.14068377 1.27512419 0.779945016 0.830573916 0.982001901
    0.712027013 0.612889528 0.809742868 1.39875269 0.983461618
    1.32497251 1.06384075 0.68418175 0.867270827 1.18440545 1.17161751
    1.51676404 1.01593685 1.05167818 0.838038445 1.06608582 1.17541146
    0.92973429 1.22985101 0.943933189 0.991579115 1.32285714 0.837922513
    0.693200767 0.878742874 1.25271702 1.51179135 0.710567236 1.27410591
    0.641433239 1.05977964 1.49641085 0.746829808 0.814550877
    0.859841466 1.05327618 1.31396377 1.21100664 1.17530298 1.41118181
    1.19021451 1.20951617 1.13746858 1.49890447 1.5205996 0.823670983
    1.31430507 0.877826989 0.676634908 1.22951198 1.42045176 0.719854116
    1.25907958 0.871966302 0.819923162 1.20921636 0.525717735 1.43512368
    0.589385033 1.19935739 1.47819602 1.56357229 1.08202827 1.38664544
    0.588124275 0.749617696 0.544514477 1.00869191 1.03300989
    0.804878056 1.17852902 0.752645254 0.493554741 0.747970819
    0.847568452 0.537325621 1.39666355 0.813801587 1.22650445
    0.874814987 0.885101795 0.742893398 0.516575933 0.745727718
    1.22028673 0.533656955 1.07034111 1.28266263 0.940593004 1.21135485
    0.86420697 1.01178694 1.34322214 0.63768059 0.850573003 0.681285739
    1.47088695 1.39688277 1.19741547 0.973468065 1.1041646 0.7843256
    1.40289247 1.25614572 0.72843051 0.738656998 0.995379448 0.583535016
    0.89068538 1.02710474 0.992235005 1.09116316 1.35960162 1.4972713
    1.37709129 1.2913065 1.15036166 0.975857615 1.02158082 0.768372297
    0.588347256 1.07785785 0.946754098 0.905003905 1.07539237 0.61373812
    0.907084048 0.669074774 1.42228687 1.03776491 0.613605917
    0.635162354 0.871337116 0.660082042 0.569098651 0.494105488
    0.955951095 0.635446012 0.930667102 0.5872311 0.693283558 1.47379088
    0.894503176 1.46516144 0.634078622 0.686584771 1.27093053 1.18981099
    0.621730983 1.4548831 1.33880401 0.874979377 1.09128976 0.944577456
    1.08060491 0.780040205 0.672082484 0.699103057 1.35458338
    0.757330716 1.4688524 1.1890645 0.584740818 0.568852484 1.5045687
    0.734666467 1.31586134 0.689251542 1.10838306 1.58535671 0.695308983
    0.978201985 1.09427977 1.06087828 0.964698434 1.04017961 0.610978782
    1.11196876 0.768910646 0.949368536 1.2652185 1.13602245 0.990685403
    1.62883604 1.41023982 1.16842234 1.53069723 0.926516533 0.989106834
    1.05058956 0.870546818 1.06765485 1.41037488 0.700583518 0.666576624
    1.07638037 0.974306583 1.42649961 0.730706275 0.692111492
    0.953328609 1.41860092 0.787803113 0.850542486 1.38140476 1.00757384
    1.29502535 1.07730687 1.40295637 1.04364634 0.718217432 0.70933795
    0.949932516 0.835473418 1.18508923 0.642255068 0.624769986
    0.797457397 0.616728842 0.959279478 1.14916849 1.22884262
    0.950292349 1.57659209 1.49573243 0.571635962 1.11723077 1.15930188
    1.16817784 0.774289131 0.779995918 0.632432759 1.09755003
    0.831360638 1.29333854 0.909240544 0.676994443 0.688559115
    1.38043356 1.11616445 0.939550698 1.32949007 1.04937601 0.608391404
    1.09477603 1.40601158 1.35690856 1.03894365 0.765084088 1.1355747
    0.605263829 0.660034597 1.04293084 0.834191322 0.918770373
    0.673930228 0.844818771 1.27782655 1.32198083 0.753560245 1.16458642
    1.24018395 0.804840326 1.28566551 1.46013701 1.01629114 0.768946171
    0.70803988 1.48312008 0.975349545 0.877523065 1.259709 1.00270259
    0.770667374 0.832563162 0.910251796 1.11453521 0.697007179
    1.09260595 0.849039316 1.04578137 1.01247859 0.550492287 1.19788003
    0.64341706 0.676747739 0.675863147 0.716487169 0.698689461
    0.887069166 0.721371949 1.42428517 1.52075124 1.392079 0.764040053
    0.989613414 1.25125456 1.43568099 1.22060013 1.2236011 1.42737317
    0.839550138 1.35819638 1.34490156 0.733616292 1.11314154 0.70713675
    1.26634645 0.985283315 1.1699748 0.574376822 0.974626839 0.620684445
    1.05515337 0.785336316 1.21065938 0.645421803 0.994591355 0.64084661
    0.623320162 1.01758564 1.26590502 1.08179414 0.685718298 0.659043372
    1.20320642 1.06398702 1.25466776 0.521124959 1.29813969 0.867346585
    1.46562922 1.08365905 1.04402137 0.639788091 0.847903907 0.960987687
    0.499722183 0.670370698 1.37907267 0.870717227 0.747318864
    0.803480208 0.54294765 0.734618187 1.27581882 0.599024892 1.42421079
    0.780611992 1.17643332 1.41830981 1.25928581 1.27517009 1.26144445
    1.53979516 1.37984753 0.735982835 0.790129125 0.64098835 1.45669794
    1.2216078 1.10361946 0.795858383 0.789011598 1.45970941 1.23797286
    1.42415607 1.00173402 1.4922508 1.04444826 1.38247085 0.643519819
    1.14539421 1.40483117 1.21566427 1.37078047 0.516279757 1.4835391
    1.21052814 0.567800522 0.653774381 0.964462817 1.26478064 1.07846272
    1.27010095 1.32743895 1.37422156 0.56854558 0.50223434 1.14021611
    1.22454214 1.28701174 0.935783386 0.591164887 0.881848454
    0.687554359 1.43492079 1.29840791 0.596092284 1.01083755 1.4830296
    0.772155941 1.11416793 1.35367739 1.15494871 0.529210329 1.31175876
    0.566892982 0.650185168 0.925094903 0.713522255 0.611153066
    1.10909903 0.684078276 0.713943243 1.21078467 0.844465315 1.22458565
    0.625751853 1.28814602 1.43280542 0.726603448 1.08483279 1.06624115
    1.33166909 1.43184209 1.55406022 1.19919384 0.680481613 0.644462466
    1.11856651 0.814351201 0.915965974 0.77073729 0.649189532 1.45845914
    1.15005553 1.41760278 0.758436382 1.21268523 0.98526454 1.22740316
    1.22741997 1.17243671 1.23003626 1.5043844 1.45457327 1.25126851
    1.42488587 0.799099684 0.886106014 1.05049253 0.927676678 1.39835143
    1.10010695 1.35594273 1.20239186 1.23471665 0.712559879 1.46029198
    1.2090162 0.916608036 0.671470344 1.03074419 0.599690259 0.552281797
    0.831996381 1.12046421 0.640232861 0.53822875 1.27453017 0.573745966
    0.8985309 1.01579046 0.608889818 0.796452522 1.13986671 1.2051903
    1.31988072 1.13665438 0.603256881 0.684997022 1.13313496 1.16305435
    0.905883074 1.21792674 0.825946569 0.558637798 0.810536325
    0.820053279 0.635673285 0.655082107 0.991647422 1.37019145
    0.693825722 1.28085697 1.57997906 1.08045113 1.42576635 1.06224024
    1.35551059 0.968493104 0.711264193 1.54196501 1.09535253 0.99933368
    1.37053156 1.21729827 1.19451463 0.528369248 0.77404058 0.984191179
    1.23281837 0.748907506 1.49970102 1.47912979 1.19938385 0.879588127
    1.34231293 1.43089712 1.48910129 0.965879858 1.13236451 1.43539834
    0.92104578 1.16237664 1.465819 0.740120471 1.44225979 1.05425012
    0.809395134 0.609450817 1.31673157 1.42528784 0.988926709
    0.757606328 1.40618157 1.42488897 1.33463264 0.753185511 1.07893252
    1.48533559 0.982034206 1.26849639 1.33631837 1.22417009 0.767133474
    0.661367357 1.27772915 0.78311348 0.964155555 1.57754731 1.38417745
    1.11590946 1.55382288 0.885757446 1.1655612 1.50497413 1.62100601
    1.62184644 0.914552987 1.48635852 1.34515882 0.656266391 0.613143682
    1.0896529 0.669761479 1.13267028 0.664145887 1.49859607 0.538110971
    1.14156437 0.749868512 0.887563229 1.56615162 1.4479059 1.58580029
    0.944010198 1.38405323 1.31259179 0.751473129 0.650814533 1.00031769
    0.897262156 0.936585009 0.574668169 1.33516884 0.579314113
    0.938106954 1.01169908 0.795745194 0.971520424 0.900134385
    1.05019593 0.871923625 0.758386493 0.572737694 0.800282657
    1.23939395 0.944526494 1.27224874 0.738350749 1.03601205 1.38879442
    0.958319604 0.66170615 0.809044719 1.52517688 0.971061051 1.18113995
    1.39142442 1.26941454 0.97606349 1.50795412 1.34095109 1.35390306
    0.941127002 1.34087729 0.525182664 0.665036142 0.919159412 0.8511374
    1.16861081 1.44637692 1.10528147 1.45112848 1.5812006 0.84613204
    1.25641489 1.13779974 1.20174682 0.625842273 0.726672888 0.956422448
    0.503594995 1.18719804 0.966620624 1.24036908 1.45059443 0.549271405
    1.10596466 0.791673303 0.642563879 0.514722824 0.589164436
    0.683695614 0.857927561 1.11989069 0.608763456 0.624193788
    1.44356966 1.00043082 1.39579928 1.10007524 0.729969501 0.597037017
    0.673765302 1.33979571 0.770329475 0.584879339 0.588360429
    0.963956296 1.39503765 0.871346414 1.32196283 0.760419011 1.17463326
    0.673436522 1.38049889 1.20456982 0.791132987 1.36486936 0.755694389
    0.591288686 1.29936814 0.620490551 0.624324977 0.873228073
    0.88441968 1.56100738 0.94386065 1.22145283 1.51705611 1.51334107
    1.10308957 1.2925005 1.01853621 1.04337502 1.34095204 1.16841209
    1.12406349 1.46539938 0.982339263 0.892071605 1.40486407 1.54022551
    1.33540618 0.959357619 0.727860034 1.50153077 0.694369376 1.547207
    1.52582669 1.42594254 0.82611841 1.05530095 1.30986702 1.1711365
    0.570455194 1.06984687 0.865611017 0.895741105 1.46285319 1.50659049
    1.29482341 1.53231299 0.804579318 1.36568546 1.00997317 0.900067747
    1.48689485 0.763318241 1.51883924 0.849867702 0.994879365 0.88421756
    1.16874814 0.652548194 0.552238464 1.16293168 0.673816264
    0.729540527 1.16341722 0.98181814 0.929429412 1.2844615 0.568899453
    1.40698457 0.733855546 0.547403932 0.690274954 0.666889966
    0.795337081 1.36343908 1.23396039 0.608707488 1.23772287 0.674798369
    1.30278742 1.24872446 1.04201174 0.73871696 1.10440636 0.921103418
    1.05462086 0.955132663 1.43594766 0.70981437 0.834009588 0.800650775
    0.939043641 1.29346871 0.66316098 0.797139287 1.47623479 0.859752893
    0.704319835 1.10114801 1.22206426 1.45471489 1.35339057 1.24852312
    0.832582176 0.900096893 0.951285958 0.875806212 1.42076111
    1.06351519 1.02101588 1.54156113 0.663132846 0.555658817 1.4660176
    1.27906919 1.10045588 1.09812331 1.46200395 1.20801723 1.02733588
    0.918025136 0.760927558 1.12117386 0.570825219 0.945087671
    0.672112167 0.623863578 1.22163498 0.993091524 1.10228169 1.14531016
    0.641025901 1.4973768 1.42333281 1.46254766 1.50201786 1.57940447
    1.54966474 1.31308901 1.55286741 1.36053133 1.43494475 1.59427464
    1.27705073 1.28443193 0.680305779 0.91707921 1.33767235 1.51850355
    1.49517787 1.50466824 1.25187504 1.32157886 0.642448246 0.970558763
    1.11776972 1.32876241 0.906814694 0.771308422 1.26382411 1.44139481
    1.16571689 1.46985626 1.21982265 1.39542603 1.2410928 0.467510432
    0.39992249 0.640361607 1.26954913 0.466707855 1.27223194 1.06952202
    1.04007733 1.19160008 0.886583865 0.593941867 0.87588501 0.800435722
    0.807140112 0.627289474 0.502240896 1.23973155 1.16802287 0.67484051
    0.49167192 1.5129565 0.668643832 0.996177614 1.23149478 1.09527814
    0.775698721 1.48700619 1.12168479 0.851828814 1.54643846 1.04410195
    1.55933571 0.627395749 1.31772447 0.700091422 1.3078934 0.679929078
    1.31969774 1.06775415 0.932575822 1.32365346 1.29816985 0.741811812
    1.2018882 1.06314433 0.715521455 0.932100952 1.57470202 1.25346255
    0.909051061 0.99618125 0.581183493 1.46418548 0.700573802
    0.589633107 1.15214789 1.25446296 0.628104806 1.30040872 0.853099585
    0.933496296 1.13992321 1.09361219 0.975184321 0.743027806
    0.635694802 1.01561224 1.37552989 0.489878535 1.09558666 0.779778898
    1.10762691 0.668910205 1.33273888 1.15797532 1.22307515 0.57444495
    1.38248467 1.51550865 0.794025779 1.00122869 1.21766996 0.739770114
    1.11318338 0.664763689 0.782094061 0.949036062 1.2338984 1.42015481
    1.52586329 1.35438097 0.831552505 1.23133695 1.38320434 0.66062814
    0.943437517 0.871191084 0.73421067 0.784268379 1.57255292 1.09807837
    1.2911042 0.760309935 1.52034461 1.45386767 1.2382493 1.54380023
    1.20704269 0.998676181 1.22293115 0.612607539 0.985237241 1.13600004
    1.4372046 1.10800445 1.37061739 1.11981308 1.46636796 1.54816151
    0.737898648 1.42870057 0.727452338 1.38312232 1.50385737 1.49366677
    0.609998822 0.976038873 0.95349431 1.2595278 1.47703505 0.746422768
    0.715723097 1.56263208 1.24906147 0.726444542 1.50035083 1.40288782
    1.39955354 0.840136051 1.32940841 1.23634624 1.10633123 0.824693441
    1.1189115 1.27507162 1.11046696 0.853239298 0.824931324 1.04997599
    1.0175581 0.901555777 0.776105165 0.798953295 0.771815658
    0.578299761 0.676749527 1.02932119 1.07177913 0.995247662 1.26335907
    0.849941075 0.699203372 1.37105823 0.56426841 0.714159966 1.36991382
    1.19056749 0.560488999 0.678665757 1.41681051 0.69323802 0.71023345
    1.41715813 1.34754455 1.38087893 1.24203527 1.13417947 0.775479198
    0.674618423 0.705640137 1.06415045 1.22400689 1.49990332 0.735419631
    1.41203785 0.902492464 0.552886248 0.990182102 1.21863377
    0.838592768 1.31398845 1.02268612 0.845794916 0.600843012 1.10575199
    0.790502787 0.916900039 1.07028913 1.47034621 0.597257197 1.27499461
    1.28842556 0.989375651 1.37999725 1.14913368 1.28510392 1.27535939
    1.5528003 0.823490024 0.737009346 1.39111698 1.42851305 0.898658991
    1.05857778 1.20991445 1.12796116 1.29347718 1.25511754 0.960375488
    0.823025823 0.765398085 0.98712045 1.53745651 1.49035978 0.892804027
    0.664609849 1.2236948 0.755873203 1.04911065 0.803580105 0.843542755
    1.2038759 1.03207016 0.610196888 1.25554037 1.28785419 0.643409014
    1.01548934 1.49004173 1.56703758 1.27724731 0.996012449 1.29363561
    0.623293221 0.980350673 0.67209971 0.75894618 1.3189652 1.05753279
    0.543124437 0.677451849 1.20272279 1.16628206 1.40527546 1.2994566
    1.01414132 1.0547756 1.06282818 1.22104132 0.457386911 1.03451192
    1.50746405 1.47383547 1.15268493 0.7694121 0.541730464 0.936574697
    0.895804405 0.934000254 1.41116989 0.59839952 0.618626118 1.40255451
    0.680053473 1.02596641 1.09262943 0.546696663 0.867012322
    0.590195417 1.31145179 0.925032675 1.23551095 0.675981879
    0.883270204 0.670627892 1.07454741 1.03675401 1.25681043 0.774480462
    1.33663177 0.860254407 1.1082449 0.643072903 1.11962461 0.613952398
    1.20593894 0.595728457 0.620558381 1.52010715 1.34939933 1.04969251
    1.12867725 1.47361743 1.53917909 1.03774035 1.39112675 0.976164401
    0.678873837 0.973897099 1.24445999 0.812276423 0.540250897
    1.00917268 1.03964067 1.24691081 0.623815 1.51434433 0.715517819
    0.926409602 0.548537195 1.00230742 1.08369303 1.3942157 0.891547322
    1.45210969 0.715106189 0.878791213 0.941176057 1.49413037
    0.930861115 1.47141743 0.81289041 0.562681973 1.49042583 0.62068516
    0.933048368 0.723847091 1.46832502 0.698443592 1.01843202
    0.714494944 1.13761687 1.12634945 0.879414141 0.824276447 1.33039594
    1.48790777 1.42688739 0.803840041 0.783006132 1.39375353 1.28501439
    1.04527736 1.28996503 0.610845447 0.622027814 0.882092178
    0.711029768 1.19109619 0.608152628 1.11012471 0.588507473 1.35995746
    0.987589538 1.06452489 0.82124877 1.24036217 1.10924089 1.17866504
    0.778983355 1.41506946 1.44597232 1.57551515 1.10689223 1.42091811
    1.59064698 1.40901756 1.17468822 1.2108314 1.00605118 1.14043009
    1.26192832 1.342731 0.644187748 0.852587342 0.871636271 1.32355905
    1.17082071 0.819276631 1.52797568 0.905864358 1.18575537 1.2344116
    0.869942784 1.08559871 0.863167405 1.01995206 0.943101704 1.1869601
    0.937507212 0.55916214 1.33792639 0.712599277 0.600739777
    0.805628538 1.27548575 0.656918526 1.44603181 1.04547048 1.20066214
    0.921598196 1.30981266 1.21880531 0.87256372 1.34306276 0.553086281
    1.27038562 0.666468322 0.613533914 1.22890103 1.24551475 1.40946901
    0.913758636 1.26253223 0.86473161 1.01797426 0.815409303 1.21017206
    0.925708055 0.848205447 0.642697215 0.655419469 1.20454609 1.3644017
    1.55594528 0.948070586 1.44843841 0.946388602 1.09977388 1.43759644
    1.4544425 0.72309792 0.772382617 0.845371664 1.43102193 0.587277055
    0.947408319 1.49443388 1.21697843 1.41228056 0.770427525 1.02993083
    0.874768496 1.1021837 0.563037634 1.14496207 0.568297446 1.33999217
    0.969670415 1.49440551 0.994526446 0.644491434 1.07141209 1.38113391
    0.586942077 1.06231332 0.84195435 0.633050025 0.578111351
    0.646080613 1.03847551 0.747267485 0.626920879 0.803773761
    1.16975296 0.878049195 1.40155077 1.07772148 1.30665135 0.866799772
    1.5822612 1.37628913 0.967612565 1.54788721 1.41876185 0.670043111
    1.08668482 1.45769024 1.54431617 0.742734015 1.18489516 1.50851965
    1.52403402 1.31571162 0.95001477 0.880595148 1.55692768 1.26436055
    1.34526074 0.952499568 1.09063041 1.41222298 0.658914208 1.04232144
    0.741526544 0.703451216 0.734455287 1.22107446 1.53817081 1.08383739
    0.991996348 1.25984108 0.41084528 1.05486822 0.577863097 0.738782525
    1.20724618 1.18840742 1.36230791 1.08946633 1.11537933 0.640244007
    1.32423854 1.15060723 0.700553536 0.692349017 1.21991229 0.93180716
    0.593115985 1.36433899 0.836756766 0.896059275 0.658648014
    1.19403303 0.593307078 1.17314339 1.45734465 0.782711506 0.684543669
    0.841637671 0.896067262 1.24828482 0.812034249 0.736401916
    1.29355085 0.63815695 0.88619256 0.667164624 0.986430883 1.2052834
    0.685751796 0.552461386 0.79315716 1.43278849 0.802086473 1.28311718
    1.50080454 1.17330277 1.48282254 1.32443714 0.603594601 0.660184443
    1.13621604 1.20243728 0.939947784 1.19092572 0.550767422 1.42696214
    1.39691722 0.546184123 1.09617209 0.699724913 0.751608014
    0.985641479 1.27046227 1.3637408 0.66933769 0.843656301 0.546672404
    1.42305839 0.71894443 0.914766788 1.51579022 0.652960002 1.39699042
    1.22915363 1.15556753 1.32217264 1.18096149 1.317168 0.858675897
    0.843975246 0.663189054 0.711477757 1.46676314 1.51903069 1.03804183
    1.14416611 1.56860173 1.55754578 1.06517935 1.15907085 0.948493004
    1.26632273 0.675002396 1.26516819 1.46046913 1.02369654 1.3846848
    1.38631725 0.678258479 1.53812492 1.35611451 1.12386441 1.24930108
    0.631321073 1.07880914 0.849191904 1.16997957 0.78400141 0.719016731
    1.27660668 0.82551074 1.36500514 1.19593334 1.53335321 0.649962723
    1.57421708 1.45861983 1.10448289 0.795106769 1.53961444 1.29007006
    0.770592988 1.47992003 1.45483637 1.01385832 0.937578022 1.0895282
    0.798888683 0.652956665 1.5372355 0.799481452 0.971870542 1.07846403
    0.883823395 1.46527481 1.36139846 0.590488732 0.758725166
    0.576602519 1.34491158 1.5257746 0.758020937 1.18803215 1.35794234
    0.843317628 0.93409574 0.890140355 1.27789021 0.895307541
    0.828071475 0.98082298 1.36125386 0.660333097 0.811588943
    0.714394867 0.679045022 1.36947048 0.709492326 0.861442327
    0.871122241 1.12980914 1.3268503 0.775776923 0.732053995 1.35761166
    0.633494973 1.11284161 1.40388405 0.983889222 1.36702847 0.977556169
    1.20534241 1.09966195 1.5096308 1.33881128 1.52842021 1.57129574
    1.40801752 0.923541903 1.38528883 1.06616187 1.37823737 0.631451547
    0.941202879 1.51318622 1.40210962 0.785297453 1.46557724 0.93464148
    0.62802124 0.594841182 1.13667881 0.645676315 1.14301682 0.932848632
    0.715799689 1.31952727 0.925776184 0.645568788 0.822491705
    0.997168958 1.50021958 1.3245827 1.53578877 0.784228981 0.952121913
    1.14144659 1.07508838 1.17905688 0.608632922 1.21343255 0.920539498
    1.09064066 1.30773151 1.42612791 0.586387992 1.18024755 0.965093851
    0.803425908 1.44720805 1.36784875 1.34229457 0.832131267 1.02907455
    0.698966742 1.52160335 1.28249025 1.35355496 1.29602432 0.94773072
    0.932335019 0.745810688 1.51729476 0.734874606 1.11103785
    0.974152029 0.936291575 1.43099737 1.12970376 1.51572442 1.24985802
    0.978413939 1.60190535 1.51800585 0.620011985 0.623019695
    0.869014502 1.15154612 1.23103368 1.09256732 0.958413899 0.606144249
    1.32951045 0.65658617 1.39785528 0.537582338 1.11591589 0.928915858
    0.824901402 0.456396133 0.445933431 1.25330436 1.4057405 0.788389444
    1.31606257 1.37720644 1.15400553 0.587792635 0.826021433 1.4446671
    1.04520822 1.11693144 1.43932462 0.711854041 0.671056151 0.576789081
    1.04423165 0.68348521 0.80351603 1.26336706 1.21967423 1.15183353
    1.31126511 1.05537462 1.42712724 0.664804876 0.834968448 1.15804636
    0.733176649 1.37998891 1.5226773 1.10209227 0.596710443 0.99919945
    1.50478888 1.32925379 1.33415401 1.03671205 0.721482754 0.894744396
    0.756145775 1.47289193 1.1654731 1.22969651 0.666392565 0.99637121
    0.949138522 0.847111166 1.33220744 0.584236085 0.65421474 1.13497961
    0.581234515 1.25960064 0.73684895 1.32685876 1.3637718 0.665282309
    1.13332117 0.94199276 1.15242946 0.724603117 1.41933846 1.02434814
    0.899329722 1.41846347 1.16393673 1.02340269 1.12664461 0.66228658
    1.49775696 1.09614706 0.882071435 1.22201288 0.759117961 0.858631432
    1.09264362 1.1679697 1.32991207 1.29090977 1.14879513 0.665329933
    1.57468891 1.28626668 1.33804631 0.6068753 1.50328481 0.751715302
    0.997886062 1.22414374 1.33550847 1.49772549 0.600453675 1.19916475
    1.02977026 0.592409134 1.00175083 1.15693033 1.48313785 1.465451
    1.49445903 0.829620183 1.49826026 0.748320639 0.758058071 0.74108243
    1.49023581 0.787271619 1.4614501 1.48080218 1.05389225 0.883998632
    1.24206233 1.27196574 1.35901332 1.25144494 1.15880191 1.54430318
    1.00823307 1.33194423 0.865888059 1.16474998 1.54874742 0.806535006
    1.46866 1.10974717 1.26632977 0.723911345 1.18046272 1.02403021
    1.0452559 0.80622679 1.07931662 1.27124333 0.665000141 0.604250252
    0.898139179 0.596104383 1.26917052 1.19376385 1.1785022 0.78517741
    0.890135288 0.820993423 0.687560618 1.2785145 0.502134144 1.20901859
    1.08189094 0.534276962 1.12399626 0.528452516 1.28526223 0.616780877
    1.06245267 1.12923038 0.88332063 0.520967484 0.709312201 1.2316519
    1.02758408 0.650337458 0.64206183 0.981587768 1.41654551 0.727360904
    1.10245275 1.25133944 1.22874057 1.47310317 0.620670676 0.791921973
    1.38042283 1.33738613 0.971343219 0.827888787 1.20180047 1.05594492
    1.26964498 1.07850862 1.4278332 0.652333915 0.909152567 0.678067446
    1.46466243 0.552574575 1.10163653 1.12501848 1.45531321 0.99484539
    0.817613363 0.542422533 0.866843343 0.611889184 0.501984298
    0.786221087 1.36517 0.829831064 0.771696687 1.089481 1.01563823
    1.3992517 1.12223005 0.997105181 0.673430264 1.55106473 0.879436374
    1.49875081 0.894071996 0.842686951 0.644346297 0.635428309
    1.02283978 0.562217951 1.55631113 0.957058549 1.4619168 1.23094785
    0.712732553 0.997187316 0.768527389 0.970794737 1.05190814
    1.48014128 1.52303135 1.07643807 1.60994077 1.0634532 1.52912152
    0.949525595 0.710175037 0.648836017 0.71834904 0.735626698
    1.02621698 0.835476696 1.45087409 1.50927424 0.921271741 1.14202678
    0.903665841 0.650141776 1.39447522 1.03643405 0.762609601 1.39539576
    1.12551999 0.815269828 1.09151268 0.643619001 1.38109398 1.21622729
    0.656892478 0.64496845 0.33686024 1.20669389 0.817266345 0.808660269
    0.621375501 1.52082121 1.11742437 1.14832747 1.35258067 0.958154321
    1.00776732 0.616644561 1.15500832 0.678855777 0.546152711
    0.480623275 0.867567658 0.906636953 0.907168388 1.14146638
    1.00077033 0.830160916 1.25095379 1.25506866 0.619411945 0.867682636
    0.863445044 0.964470208 0.794192016 1.18024695 0.882764101
    0.770825744 0.640446603 1.57484388 1.49238229 0.659573913 1.36131418
    1.24981666 0.766986191 1.50402415 0.751971841 0.692739248 1.42592394
    0.753798664 1.08758914 0.757732391 0.650859892 0.998750389
    0.859260976 0.824979722 0.886691093 0.838984013 0.609679937
    1.19231272 1.30306065 1.02869403 1.35832024 0.769538701 1.20657289
    1.5176723 1.52844763 1.43402267 1.21059275 0.99965179 1.25499511
    0.701835036 0.740278542 0.629059434 0.69939214 1.2651161 1.05132103
    1.39584768 1.41645491 0.720088899 1.52777505 1.04336941 0.882253408
    1.31749105 1.14259899 1.26010513 0.683709085 1.24295592 0.687773466
    1.43827212 0.979045212 0.732209325 1.38018239 1.29049718 1.36841106
    1.22248065 1.43161166 1.21876419 1.18515861 1.39074492 1.15523803
    1.37409997 1.30422008 1.37140095 0.744504988 0.769860029 1.03077793
    0.969919682 1.15321946 1.08298659 0.785227239 1.30827987 0.66570282
    0.75568974 1.09216774 1.04254711 1.25276458 1.17431092 1.11648154
    0.922098756 1.00585783 1.04770625 0.733465493 0.731185317 1.4503603
    0.685024202 0.820896089 1.16228485 0.695310652 0.983167887 1.0693872
    0.911153674 1.35344911 0.934586227 1.29299712 1.09533823 0.737873733
    1.04396713 1.25396621 0.830802858 1.38838899 1.38273323 0.84421885
    1.45101678 0.904830515 0.585520029 1.44057107 1.05913723 1.02479315
    1.43360627 1.21633267 1.24541461 1.16459358 1.43379104 0.644352853
    0.772261143 1.19095504 0.881553471 1.03378177 1.0709908 1.36831057
    1.4533633 0.769076169 0.707733512 1.14939547 1.32476771 1.32806146
    1.01080358 1.21344161 0.861820698 0.893683374 0.825652122 1.16509104
    1.28217793 1.33398259 1.09996176 1.11412942 1.0028336 0.663233817
    1.5790391 1.57815003 1.27149403 1.34572768 1.18150735 0.773196101
    1.35158634 0.638844669 0.679433882 0.872478962 1.29928601 1.06256628
    1.29295719 1.08161223 0.919276476 0.490502536 0.821278811 1.11533308
    1.06848598 0.869219899 0.476216286 0.994360805 1.37681115
    0.932476997 1.35373807 1.19691277 0.970027149 0.652934253
    0.893234015 1.21395028 0.78215009 0.834583104 1.44661593 0.773604274
    1.51246524 1.31730807 0.85889262 0.78846401 1.11668801 1.3877492
    1.4631989 1.51597655 1.28133798 1.14497817 1.29204464 0.947085738
    0.644685268 1.51016343 1.06040597 1.26732957 1.25210726 1.45320189
    1.10196638 1.61345768 0.897008717 0.912676811 0.755948186
    0.898804367 1.21501267 1.14932895 1.40715313 0.992432356 1.19521475
    1.25940692 1.20955706 1.20626545 1.56669819 0.714405417 1.44244778
    0.998723686 1.1275562 0.769150436 0.673329234 1.29261196 1.31887448
    1.40142977 0.748647511 1.08457458 0.579881787 1.32679892 0.71777755
    0.409665018 0.37054804 1.13561499 1.34048152 1.41635036 0.606502652
    1.19743478 1.44323015 1.05073762 1.51343989 0.863088965 1.36322224
    1.3810128 0.63852495 1.25276053 1.10159147 1.32051039 0.809815526
    0.505309701 0.962815344 1.41705191 1.30104852 1.01201308 1.29721022
    0.972931862 0.994195461 1.36678135 0.892124891 1.20691109
    0.712928891 1.38006902 1.12320971 0.751937151 1.54828119 1.52320004
    1.13482487 1.50445652 1.56537974 0.982774317 1.30721962 0.832069039
    0.955508292 0.797586977 0.892490625 1.06257594 0.964392185
    1.11701632 0.607495368 0.629541636 0.825149596 1.20635104 1.16938519
    1.23541594 0.878376544 0.543099821 1.22977781 0.796235621 1.4594425
    1.25309694 1.1351856 0.71015054 1.57315445 1.34567618 0.622403324
    1.34379494 0.604292452 1.10550845 0.92234695 1.49178922 1.51903737
    1.3255744 0.86244911 1.108495 1.14171708 0.865002811 1.49204326
    1.06071901 1.46168447 1.29216576 0.807712317 1.52075231 1.08128357
    1.25275671 0.898173153 1.29882789 0.816635668 0.921350539 1.05705929
    1.49760449 1.10918343 1.23376131 0.711852074 1.21465588 0.675560057
    1.1358918 1.44825828 1.29033399 1.08168626 1.25441539 1.09660292
    0.688575983 0.506412446 1.24842405 1.05085123 0.518121362 1.08555603
    1.32468653 0.560248077 0.903024197 1.49365628 0.710895181
    0.562097132 0.680942893 1.1358428 0.892043412 1.2863642 0.800364554
    1.4585923 1.18429828 1.18755352 1.51983833 0.988254309 0.761860788
    1.07894003 0.677150249 0.878661275 1.41516995 0.997482955 1.3073374
    0.585797191 0.82898283 1.45716465 0.844085634 0.586541712 1.3619051
    1.40898705 0.619790316 1.06849742 1.15558875 0.634703755 0.562383473
    1.2652806 0.686371267 1.45276332 1.37237453 0.994232476 1.10107172
    0.905954361 1.5137409 0.547194302 1.32590139 0.935736477 1.18583751
    0.737489164 1.34998 1.49118447 1.30135846 0.669413567 1.0298605
    1.16970742 0.902330577 0.977446496 0.940911531 1.10624158
    0.564345598 1.38236117 1.50038552 1.57627952 0.749792933 1.05504131
    0.888201118 0.780481577 1.50719965 0.685510278 1.25198269 0.62839365
    0.629636049 0.905903876 1.47130334 1.3910948 0.877333701 0.731966019
    1.17112708 1.11562824 1.21263671 0.848419547 0.937837243 1.22899199
    0.833265245 1.34502733 0.570104539 0.57110399 1.19165206 1.07142866
    0.913970828 1.37070739 0.549284101 1.01901722 0.889623821
    0.564502835 1.23470652 1.09035039 0.723212123 1.0617497 1.36209369
    0.621579289 1.20512044 1.50486064 1.42330861 1.23863053 1.16319203
    0.617910624 1.49911857 0.785841763 1.06833577 0.680171371
    0.828039527 1.15108299 1.43723607 1.35403728 0.713032722 0.969310284
    0.888288975 1.08945978 1.36883008 0.689216852 1.25828505 0.830523431
    0.736415029 1.20582378 1.38781905 1.10876417 1.52545691 0.624090672
    0.664667726 1.20004356 0.892764568 1.52614379 1.59384835 1.25616837
    1.58268487 1.1443603 1.57669973 1.47762954 1.34916413 1.23480999
    0.780892611 0.922698677 0.993180454 1.10779762 1.27507436
    0.669216692 0.661834419 1.46329594 0.759074807 0.836664796
    0.526606619 0.502831399 0.917118013 1.10091269 1.0449332 0.696007192
    0.739217639 0.967830777 0.860802412 1.25144875 0.951841712
    0.722860277 1.20942831 0.699859023 1.01105309 0.842487931
    0.913414717 0.896322727 1.31976974 1.35506284 0.567667186
    0.754544139 1.16600776 0.79821986 0.96557653 0.79844743 0.723051131
    0.774358392 1.01935363 0.586389959 0.883982301 0.674150407
    1.18674505 1.50594902 0.64831531 1.52716351 0.968805373 0.751744807
    1.06639147 0.680934429 1.31333673 0.587992728 0.99927634 0.603408754
    0.94770664 1.38675606 0.689088285 1.03005707 0.903641939 1.32699525
    0.667708278 0.486026496 1.2420491 0.743424594 1.07347322 0.691384733
    1.24820459 1.3176316 1.53764105 1.32997334 1.20158172 1.39864314
    0.662133634 1.24000239 0.998197734 1.58081329 0.825315237 1.10222268
    0.951753139 0.783710361 1.16041577 1.35737169 1.14972353 0.756369352
    1.2609247 0.597721756 1.38392282 1.20909607 0.941037774 0.768480301
    1.33889246 1.08926487 0.602019191 1.29275894 0.90834713 1.34556448
    0.727782309 0.815130949 1.26475906 1.54204106 1.09412575 1.46343803
    1.446594 1.37606049 0.78046757 1.5850966 1.09395647 0.585610569
    1.37522817 1.29221201 1.46188116 1.09505606 0.69169277 0.564051807
    0.839426756 1.15751934 1.01250339 1.20346284 1.03113961 1.34716654
    0.907415032 0.653996706 0.923585832 0.805645764 1.03369093
    0.671582878 1.20029259 1.36166811 0.736668289 1.245471 0.893308222
    1.02655816 0.702398062 0.980859876 1.42655492 1.35978413 1.36733985
    0.871956408 0.850327075 0.631347537 1.47399509 1.22078836 1.53222907
    1.47328401 1.05531609 1.26172364 1.43829405 1.14828706 0.870086968
    1.16790116 0.539764762 0.770341694 0.703356981 1.385607 0.796261966
    0.59431535 1.41373801 0.837986588 1.15615904 0.948104143 0.573609471
    0.503984034 0.908918202 0.894606829 0.927545249 0.555349529
    1.10546005 0.75377214 0.960062027 1.19529581 1.51740587 1.03862143
    1.15333796 1.30348361 1.21145773 0.93803978 1.43508625 1.48350644
    0.931198955 1.19612515 1.4812969 0.60236156 1.39496231 1.37675655
    1.02426052 1.28803909 1.20725536 1.26736474 1.07662511 1.37871313
    0.960529804 1.43307459 1.14025652 1.40387321 1.23203433 1.27308357
    0.884409904 0.915584743 0.762026727 1.4495275 0.796787381
    0.820574522 1.36445773 0.582708061 1.20948052 0.893267989 1.40801322
    0.896605015 0.836057544 0.881300092 1.00640011 1.44349515
    0.593675137 1.31849289 1.31235349 0.782954633 1.22373736 1.23412395
    0.87189734 1.36262965 1.04145956 0.791247547 1.02852738 0.577618539
    1.14666116 0.624642611 0.670871913 0.661658406 0.720452011
    1.02196848 1.47767389 0.827300906 0.634119034 1.4960072 1.18216944
    0.799030602 1.18078828 1.36855638 0.895341635 1.46401846 1.55323935
    1.3381182 1.49375045 1.14662278 1.51248813 1.13938284 0.647316456
    1.28696513 1.13001275 1.04060209 1.12578428 0.816257834 1.26926839
    1.47135341 1.22648478 0.962318063 0.852032959 0.916334987
    0.724619567 0.709648311 0.972535074 0.824581683 1.10811126
    0.769088447 0.715134621 1.08808792 0.974520028 0.308652312
    0.623035967 0.673745632 1.26861405 0.742530227 1.47070897 1.18089223
    1.02753246 0.691222727 0.710425854 1.17626643 1.39524543 0.730435371
    1.05622053 1.24874616 0.818854928 1.26645207 0.619473338 0.509969175
    0.886923194 0.743357539 0.636125684 0.62134248 1.11233091
    0.947671413 1.25882363 0.544500709 1.10386598 1.38066769 1.3085804
    0.947193205 1.47689915 1.25752676 1.55019271 0.869515896 1.38439906
    1.05931938 1.12000418 1.23819947 1.32979953 0.815512002 1.43664074
    1.16754413 1.07573247 1.01235747 0.57076335 1.11945391 1.22783267
    1.08818483 1.19055319 0.55784297 0.745583415 0.736042082 0.86559087
    0.93054688 0.938988864 0.880026162 1.48036754 1.29866004 1.53204417
    1.50506735 1.11081398 1.0081017 0.761026084 1.03335571 1.37985647
    1.33971429 0.596508384 1.08154118 1.28868222 0.711553514 1.08434618
    1.33709443 1.36139405 1.0676353 1.21944463 1.42763972 1.29088688
    0.656599462 1.02469289 1.01534486 1.35476661 1.49367261 0.805939853
    0.876558602 0.982332528 1.51999545 0.586580038 1.34007013 1.56245327
    0.992962241 1.1584729 0.930149078 1.36892855 1.03582859 1.51497555
    0.608355999 0.67754817 1.29562986 1.09953761 0.755217254 0.670650184
    1.33767474 0.736514926 0.95498538 1.38843346 0.584828317 1.2664274
    1.06983793 0.825322807 0.939995527 0.884566426 1.49733508
    0.899422646 1.49581254 1.22483969 0.985671878 0.9222821 1.4598918
    0.933412015 1.04894507 1.07313955 0.701860607 0.940806031
    0.824520469 1.07177091 0.589705169 1.14990652 0.754250407 1.10139561
    1.31384754 1.41582537 0.580506086 0.699325144 0.640342772
    0.853473842 0.54424274 0.984670937 0.814885736 0.700186908
    1.26977181 0.919112861 0.822106183 0.882217646 1.19095588
    0.877321541 0.653355241 1.37049556 1.13572836 1.40881848 0.605177283
    0.850856245 0.516871512 0.567021608 0.633331537 1.40324569
    0.759282768 1.54680538 1.31674004 0.645056307 0.625809789
    0.570836186 0.723034441 1.06905222 0.981849849 1.4096725 1.20393133
    0.918769538 1.50758255 1.20701981 0.795913458 0.68724674 1.00905085
    0.885484397 1.53925586 0.656656802 1.08507729 1.39508724 1.12349486
    1.36086977 1.08735907 1.29182374 1.28494227 0.603581548 1.24359846
    0.575062096 0.864199996 0.715280056 0.825956702 0.861038864
    0.737820208 0.568079412 0.70978564 0.983752131 0.749941289
    0.981907368 0.97041142 0.574013054 1.23972416 0.783973515 1.43697095
    1.0582217 1.35585368 1.05698621 1.46880746 1.33031058 0.866042912
    1.01560271 1.38723063 1.24561214 1.33438754 1.5082252 1.06200051
    1.22032571 1.24978578 1.5326339 1.13081086 1.38615823 0.729787111
    1.48418736 1.1917069 1.24620867 1.46035612 0.912760973 1.12770295
    1.44826603 1.2129252 0.838896036 1.38942218 0.80924964 1.49582219
    1.28224218 1.00973523 1.16455972 0.977465212 0.650764406 1.34321535
    1.32221639 1.25617874 0.782640755 1.45413876 1.39559269 1.46102631
    0.769544721 0.607512355 0.746075809 0.959162533 1.35874259
    0.648686826 0.777696192 1.1960696 1.37346196 1.51527667 1.34306848
    0.974795282 0.910921097 0.489421219 0.614611864 1.35286915
    0.944178462 0.719499409 1.12073278 0.747238457 0.791520417
    0.741695106 1.25569189 0.619997501 0.921567976 1.39652896
    0.571631134 0.738745272 1.3741914 0.533842802 0.564701736
    0.884542465 1.205616 1.07756853 0.615733325 0.796293676 1.22239125
    0.82163775 1.17909491 0.769465506 0.895123065 1.46048653 0.94124347
    1.29451549 1.37787402 1.26040816 1.51339293 1.44997787 1.4901228
    0.918294191 1.15704989 1.08661199 1.37187731 0.563637495 1.38242424
    1.33161891 0.831308603 1.37420022 1.21960127 0.876818061 0.564480722
    0.984733641 0.702687502 1.25976777 1.15191329 1.4894588 1.30397117
    1.08718967 1.01560926 1.57614768 1.15290475 1.45739675 0.662399411
    1.39612091 1.54826951 1.63209069 1.60921359 1.29970992 1.24937594
    0.811449051 1.34366 1.25052571 1.16983056 1.08287442 0.909322202
    1.02379847 1.17704248 1.00889134 1.53941011 1.21332574 1.00287795
    0.571356595 1.19606185 1.12346268 0.909003496 0.590313494
    0.627960086 0.642613888 0.618520975 1.26762676 0.882347465
    1.16170168 1.47409105 1.08127379 1.42266619 1.18611753 0.960539281
    1.33731389 1.14639056 0.944337904 0.627068877 1.29789579 0.640733838
    0.713353455 1.33825076 0.563707948 0.579704583 0.773079515
    1.21173942 0.815151632 0.555669904 0.830088556 0.792824626
    0.928189397 0.957386434 1.16555166 0.720722616 1.15685892 1.33895743
    0.703414857 0.711447299 1.22799301 1.46330929 0.856115222 1.26819074
    1.30731785 0.576342106 0.675508082 1.04808259 0.792348385 1.2073288
    1.41940939 1.23974383 0.978477895 1.51501346 1.11062801 0.615804136
    1.03244877 0.719580114 0.888164341 0.99281323 1.0123539 1.29421735
    0.663068175 1.21909821 0.585777819 0.935317338 1.08356869 1.37612009
    1.3016814 0.853709817 0.974312305 0.729706824 1.18979573 1.47554541
    0.985674679 1.2963891 1.10505688 1.25613594 0.704249084 1.04834414
    1.0746541 1.04840994 1.39563668 0.694971919 1.14872515 1.31182647
    1.48254836 0.67604506 0.654752851 1.44037318 1.37277579 1.50785685
    0.676213264 0.766354978 0.910581112 1.13702714 0.937442839
    1.54715049 0.742704451 1.53579819 1.23416936 1.35789061 0.660120189
    1.18693757 1.31950009 1.10093737 0.927256465 0.591443896 1.38400722
    1.04270315 0.585308433 0.642465174 0.548713982 0.68377918 1.46873987
    0.916006625 0.889661252 1.39292419 1.15992892 1.2566458 0.705497444
    0.743870497 0.668982148 1.32405245 0.910544276 1.04049921
    0.998755574 0.853189707 0.778874159 1.33019006 0.799239874
    0.982383132 1.27767467 0.951461136 1.07120144 1.39746881 1.45441318
    1.07528615 0.96230793 1.4414767 0.802102327 1.41260183 0.921876252
    1.21001124 1.43070781 1.30073476 0.795085371 1.10236883 0.856547832
    1.20213783 1.36126232 1.53964412 1.59478462 1.33766663 1.16316128
    1.56699693 1.042274 0.960817575 1.6138463 1.52591598 1.38227987
    1.39849663 0.786977291 1.45717776 1.0550828 0.94124949 1.52934027
    0.847565711 1.42778397 1.12165022 1.27752352 0.774256229 1.00766325
    0.578134358 0.817756653 0.807253778 0.996659219 0.415899426
    0.868560374 0.352694541 0.743217468 0.647823215 1.02740312
    1.53989804 0.622375667 0.678324342 1.37799728 0.58253628 0.883110404
    1.00223589 1.28516555 1.42003334 1.34665275 1.12801731 0.876225233
    0.986089706 1.38494349 1.10708761 0.847905219 1.26147819 0.725416303
    0.883827984 0.679540873 1.28204262 1.18217719 0.987088382 1.34416711
    0.744364083 1.59125769 1.14426601 0.752831638 1.47561157 1.48235643
    0.711016178 1.23993278 1.04871678 0.649724603 0.982437849 1.10668445
    1.04527831 1.47638571 0.561473072 1.51967847 1.32497966 0.604911208
    0.676977575 0.518765152 0.952926219 0.554333508 0.49453184
    1.00006366 1.50775146 0.970526755 1.52027452 1.28371596 1.45865583
    0.982182503 1.4668628 1.52472842 1.43647742 1.60489702 1.40232003
    1.27682745 1.58956289 0.796168149 1.02916217 1.14453053 0.923431695
    0.528484166 1.05880249 1.33551145 0.672318697 0.70448947 0.681445003
    1.52903485 1.42271554 0.595476329 0.65474087 1.36842108 1.10177302
    1.05690777 1.08302331 1.43151617 0.737781644 1.34677088 0.872196376
    1.43455315 1.41859829 0.959969938 1.29146302 1.44968987 0.721906841
    0.551187992 1.29677248 0.689044654 0.818390787 1.33412087 1.33396327
    1.07378066 1.46374583 0.812158823 0.885236859 0.687259018 1.38978267
    0.502770424 0.762198985 0.85288626 1.25318241 0.672693014 1.43218005
    1.18441927 1.17591298 1.38155282 1.56651914 1.34985149 1.1236161
    0.678267777 1.12783456 0.914032221 1.38371956 1.16373909 0.855198801
    0.745964229 0.549420953 0.888105094 1.40779257 1.35560763
    0.531534672 0.892158449 1.30102992 0.616752148 1.41375458 1.42227876
    0.59130013 0.71435827 0.8887465 0.47964859 1.39998007 1.01208746
    0.682477593 0.860173166 0.829469323 1.46926677 0.808466196
    0.774081469 1.01418066 0.962496936 1.19479513 1.11223269 1.24770832
    1.4374758 1.24169481 1.41292286 0.974038363 0.553881407 0.838151872
    1.44362593 0.908679008 0.938550353 1.43556714 0.688627243 1.30118036
    1.15405858 0.951777756 0.655046821 0.937530041 1.44208455 1.13141274
    0.603005171 1.09516573 1.49874806 0.764902234 1.36038244 0.771890938
    1.52488971 0.672862411 1.38018572 1.01044428 1.53553832 0.77496922
    0.783614039 1.18250203 1.11060035 0.596335411 1.4513253 1.39770794
    1.12855458 1.19622838 0.764230609 1.10464621 1.1325115 0.695212364
    1.48992753 1.3643713 1.44820201 0.654577076 1.56075633 1.16025531
    1.46088684 1.30816054 1.29564524 0.778362215 0.616731644 0.927053332
    0.689471781 1.49004745 1.53862023 0.914926887 1.57328796 1.53960514
    1.11472344 1.000471 0.705682397 0.60605067 0.830989242 1.34974825
    1.25676835 0.938000321 0.628855765 1.37439811 0.837676704 1.35459864
    0.926425159 0.60719496 0.799418032 0.895341218 1.38756263 1.48749149
    1.41325617 0.630267441 1.50527465 1.20178688 1.39965749 1.33070052
    1.15016079 0.690527141 1.51415157 1.04002523 1.53053951 1.44860244
    0.925308347 0.749995351 1.05516815 1.14025474 1.47090578 1.35374093
    1.45880604 1.3684231 1.21629667 1.38131881 0.562120259 0.91868639
    1.00699127 0.782815874 0.955321193 1.1381048 0.814539015 0.764532208
    1.17637181 1.08262444 1.26923048 0.5902825 1.13959873 1.29528165
    0.775011301 1.41510165 1.11407661 0.993939996 0.802869558
    0.845922172 1.14174366 0.582476139 0.753043175 0.701877892
    0.757190228 0.622038245 0.578673422 0.734157085 1.07576156
    1.23577356 0.545986652 0.959055245 1.21030617 0.952765465 1.27533281
    1.17924678 0.66732198 1.22595489 0.700906157 0.67384553 0.584824383
    0.916256487 1.30275786 0.648807406 1.25012505 0.802242577
    0.724985063 1.49225986 0.880766511 1.18344855 1.4011811 1.12735283
    1.46721661 0.615252733 1.11921394 1.21572673 1.39769542 0.835076869
    1.10934734 0.998814464 0.994960964 1.40854907 0.983163655 1.46149921
    0.907679081 0.888387322 1.64979374 1.4374603 0.965125918 1.58959961
    1.24439538 0.781938016 0.831341743 1.48883474 0.756083846 1.27465022
    1.50742841 1.26354015 0.559804201 1.0179584 1.19573843 0.992087364
    1.26109159 0.818209767 1.37439108 1.14201915 1.36518908 1.26307809
    0.740328431 0.862326086 1.05130196 1.03784406 1.47452068 0.834504068
    1.3815192 1.00296891 1.25655198 0.651779056 1.2628653 0.968470097
    0.697915137 0.946315229 0.728131771 0.93970716 0.85447979 1.41108382
    1.423769 0.996683836 0.900474668 0.687217355 0.830100894 0.932123423
    1.07893217 1.39985299 0.752644002 0.965691209 1.26325822 1.06264222
    0.589073122 1.16153705 0.874943972 1.37218511 0.806478798
    0.691385269 1.49132192 0.648236632 0.947801173 0.577111423
    0.65040642 1.16513228 0.702748954 0.551048219 1.46385884 1.0843575
    1.188622 0.603594005 1.01066709 0.924616158 0.774519503 1.06227434
    1.45247197 0.784430742 0.781977892 0.669204772 1.17410362 1.10261476
    0.96538204 1.20443511 1.49793744 0.970144272 0.678553224 1.48229527
    0.55593425 0.934795201 0.541027427 0.666944563 0.612704456
    0.516599536 0.575818479 1.08790886 1.26186335 0.54053694 1.44180262
    1.44498384 1.24284959 0.824846804 0.783888221 1.37642825 1.29235435
    1.3500129 1.43343949 1.01046538 0.78895098 1.0677588 0.869657218
    0.978195846 1.30216074 1.36407638 1.10586619 1.53007841 0.742594361
    1.13067746 0.858860791 1.55621099 1.50989532 1.03389072 1.55834842
    1.31087065 0.847346067 0.777550519 0.701771975 0.612888157
    0.632788777 0.793395936 0.987316728 1.4776634 1.20762181 0.784358561
    0.77661556 1.54935849 0.781416297 1.11778188 1.23008716 1.52574301
    0.641405046 1.08965933 1.24444425 1.38470387 1.5069586 1.40492654
    0.761904001 1.4624536 0.633385718 1.31640732 0.983197153 1.1975739
    0.602996528 1.44097233 0.926713765 1.03735292 0.785406232 1.00027955
    0.865904152 0.72799015 0.853980362 1.48154223 1.06712472 0.856370747
    1.40987349 0.911045253 0.907522917 0.683376431 1.07753253 1.57332087
    1.40585101 0.644052386 1.26719177 1.52213979 1.5828886 0.862431765
    0.786372185 0.619515419 0.73815316 1.28607178 0.781051397
    0.563340664 1.09114063 1.40115404 1.21080232 1.52617764 0.889179587
    0.845983803 1.29883969 1.25309205 0.579681396 1.18114853 0.625346422
    0.976898611 0.577911913 1.33830273 0.390293956 0.975720108
    0.556324482 1.15702081 1.28582084 0.686923563 1.07230413 1.31117415
    0.839331508 1.33266377 0.919655025 1.01615953 0.569244385 1.11413169
    0.989688933 0.694095731 0.988323748 0.991668224 0.496105731
    1.24683833 0.453128546 0.936427951 1.17979825 1.13633204 1.19683337
    0.777760565 1.14053488 1.26493239 1.19929552 0.680087328 1.35039699
    0.962013364 1.43321729 1.31482959 1.22844911 1.43715787 1.07147729
    1.43223035 1.16352308 1.07293725 1.5431993 1.29625976 1.31236696
    0.804374278 1.430462 1.01479614 0.898402989 1.00016141 0.560120106
    0.58223325 1.31876349 0.844129205 1.06432903 1.23875558 0.792020559
    0.735961139 0.826054513 1.18596506 1.21052718 1.45609653 1.19844913
    0.701653898 1.30237293 0.987444162 1.40593469 1.03703749 1.27467823
    0.72202915 0.72604841 1.48486185 0.877553225 0.959761858 1.52406168
    0.631104827 0.866396427 0.830101073 1.241256 1.33408654 0.925179362
    1.17835259 0.618608236 1.48436499 1.15649486 1.01389468 0.880489707
    1.26555729 1.15098846 0.759474516 0.830656409 0.852016151
    0.746843934 0.794993103 0.846220076 1.3626678 0.922934532
    0.836907506 1.05152118 0.766097307 1.28174257 0.936560094 1.25854707
    0.875966787 0.866875708 1.51991558 1.37286437 0.580916286 1.38176394
    0.732971489 0.697797 1.28121614 1.39857602 0.798493266 0.881762803
    1.48714399 1.21662569 1.00109518 1.16143382 0.771205068 1.15136862
    1.00165749 1.18676972 0.853529036 0.610266745 0.927719891 1.25337768
    0.527214944 0.549222708 0.939734638 0.847475469 1.01546228
    0.901457965 0.704888225 1.28457558 1.09184396 1.13766205 0.466970414
    0.76372081 0.85654062 0.49332428 0.514852405 1.02840078 0.897553444
    0.943061471 0.639167666 1.16706705 0.636340916 0.5315364 0.959091783
    1.2452414 0.562413871 0.542051435 1.27146721 0.648464441 1.46497786
    1.01818311 1.25448668 1.40349555 1.04796529 1.24456835 1.10032725
    0.960259259 0.733848274 1.21404338 0.697180867 0.630984664
    0.588927448 0.650960684 0.534163177 1.05137956 0.856028259
    1.04746401 1.09430563 1.56565297 0.595737219 1.02624691 1.38351858
    1.02393878 1.55922782 1.00626397 1.35629761 0.880080402 0.798456848
    1.2693727 0.766595662 1.10889482 0.962281525 0.920084178 1.01915109
    1.22906423 1.47430778 1.12699711 0.734349072 1.23679876 1.14313388
    0.724435329 0.627807796 0.651514173 1.03312492 1.06846273 1.39024782
    1.49913442 1.044577 0.756233692 0.705679715 0.922524452 1.25582349
    1.48635125 1.02686274 1.13403761 0.661924839 0.820038676 0.953840554
    1.44001269 0.79402101 0.965686083 0.998874128 1.01718569 0.763735652
    0.974004984 1.01735461 1.14166129 0.937446117 1.09301245 1.05634725
    1.44096053 0.72768867 1.30742717 1.2443943 1.58957314 0.738413513
    0.881620049 0.947593927 1.18653166 1.1547395 0.90520227 0.640585184
    1.55094588 0.830342352 1.38140368 1.09079516 0.860818446 1.04030371
    1.33822417 1.28354776 1.15867782 0.626186788 0.632671475 1.2012496
    0.583135307 1.00573349 1.54418027 1.03668964 1.03645492 1.35562956
    1.073524 0.779040992 0.40010488 0.428391933 0.348324239 0.771673262
    0.898502529 0.739321113 1.191517 1.47735453 1.47719264 0.729934752
    1.43313706 0.835336208 0.701854527 0.690981865 0.910921872
    0.89242053 1.34317112 0.881732225 0.544977903 0.908181727
    0.744460106 1.28972161 1.11399758 0.656721294 0.917490721 1.3822521
    0.534129202 0.70499897 0.939083397 0.996164083 1.52202916
    0.740242362 1.58178496 1.22168243 1.40820622 1.17780852 1.49697101
    0.585958302 0.656832755 1.46758807 1.34619653 0.964072645 1.19847155
    0.674361825 0.735580444 1.39967394 0.552769482 1.33392119
    0.829232156 1.29694283 0.923113823 0.771256328 0.936214387
    1.38145077 1.33811224 0.997582972 0.855226994 1.09803843 1.39464438
    1.04895115 0.771968246 1.63856685 1.38517892 1.55715549 1.16350603
    1.25751901 0.744592428 0.978062034 1.15047109 0.805903554
    0.981904745 0.85694474 1.02077663 0.526406527 1.05378175 1.06492364
    0.563078701 1.08439982 0.576329947 1.05798173 0.892120898 1.33964217
    0.524278641 1.2460953 1.02976668 1.2905066 0.80987072 1.35537302
    0.694464266 1.27149928 1.3935008 1.12955916 1.00376701 1.42994416
    1.47659707 0.688570082 1.47757769 0.966747999 0.592436135 1.24046099
    0.788607717 1.02359331 0.683658302 1.14038384 0.699397445
    0.774585009 1.19965351 1.53771806 0.54089272 0.704187691 0.765702546
    1.4066093 0.934226692 1.47590137 1.22038591 1.55997074 1.48615837
    0.545139372 1.19915104 0.548547208 0.618060291 0.574574113
    1.08362854 0.968460441 1.3468945 0.580430448 1.13515007 1.31123793
    0.90981853 0.547660887 1.17902541 0.935878098 1.00741053 1.48597658
    1.38926828 0.567789733 0.669716537 0.774792194 0.913437963
    1.23099339 0.878174603 0.65205878 0.819950044 0.900170088
    0.634144545 1.26841509 1.42858422 1.2495929 0.808681905 1.43514943
    1.50752378 1.0131613 1.53423858 0.858234346 0.94326508 0.836516142
    0.631507099 0.817227066 0.774768054 0.797323704 0.687015295
    1.05356872 1.02013433 0.904123366 1.18847668 0.944092631 0.882964432
    0.857345164 1.51208293 0.602947295 0.582281649 1.47977853 1.06011522
    1.35014403 0.750171065 0.869763911 0.82334286 0.869641125 1.31453347
    1.0927 0.903948009 0.658700645 1.27009463 0.815506995 0.855893493
    0.84385711 0.687912107 0.932005107 1.55889702 1.31874585 1.44605625
    0.674684882 1.38731742 1.10850585 0.728483379 1.45968056 1.32724249
    1.1688025 1.04075682 1.51647818 0.988790333 0.861557305 0.909200907
    1.49610353 0.820181727 1.03013718 0.766217232 1.28825939 0.63017863
    1.43656921 0.939954758 1.42616379 1.39158142 1.20742774 1.53831005
    1.31575036 1.3158983 0.947848916 0.878652394 0.870162666 0.890945554
    1.27171195 1.3045156 1.41051614 0.669164062 1.50345421 0.975475371
    1.26933539 1.54608083 1.60933411 0.871963143 1.38116252 1.25699341
    1.44876492 1.52532256 0.833831787 1.21379149 1.23772871 1.5057869
    0.992906332 1.05425739 0.7421996 0.910012782 1.21722388 1.02320814
    1.47645807 1.42863536 1.13342869 1.21402752 1.42739451 0.58392936
    0.750768781 0.936892092 0.665118575 0.718418002 0.849855661
    0.736584067 1.08734322 0.623330832 0.464693844 1.02323687 1.24865997
    0.898259342 1.48873281 0.855408549 1.35470653 1.18067014 1.54131472
    1.43232632 1.26764297 1.12747061 1.27550101 0.880542815 0.85252434
    0.592107892 0.782313585 1.21109295 0.784597814 0.548115134
    0.634944499 1.06058204 1.35976243 1.50183499 0.910607457 0.861257493
    1.4889276 0.728453219 1.39203525 0.959660232 0.909894109 1.0719471
    1.11443841 1.30533516 0.69312793 1.20544314 1.23181999 1.20282078
    1.18420124 0.630186021 1.33869755 0.977965117 1.44418609 0.626299441
    0.475605547 1.03686035 1.06409037 0.961770177 0.674954593
    0.642411888 0.704942524 1.17992151 0.912720799 0.866316736
    0.855834484 1.25713074 0.686178744 1.59279346 1.44059587 0.814861476
    0.8554492 1.19492686 1.39748883 1.50567067 1.3931905 0.867485464
    1.04896295 0.684007943 0.729421318 0.623795867 0.774793148
    0.930606484 1.14784062 1.26946414 0.594390273 0.806684852 1.38462448
    0.810916901 1.45555675 0.624521375 0.660985351 0.832240283
    0.891851485 0.73916471 0.963415623 1.21328843 1.0427916 1.06430137
    0.919290662 0.680963278 0.877705812 1.05023873 0.805574894
    1.19505727 0.736346483 1.01290441 0.628930211 1.19803452 0.752402484
    1.47019076 1.38660693 1.2178129 1.06583643 1.06347668 1.18686163
    1.31017673 1.36112022 0.600804389 1.38183725 1.33022714 1.42876959
    0.941049516 0.777410626 0.761363864 1.35801685 0.563510597
    1.46573353 0.996022522 1.29009449 1.37342978 0.900346458 1.21088398
    1.48615551 0.830406189 1.35127926 0.719935238 0.859337449
    0.963612139 0.948642492 0.570164084 0.738871336 0.612812936
    1.45032477 0.655697048 1.18392599 0.718549311 0.598481774
    0.608340204 1.4414221 1.03962851 0.576171517 0.65803045 1.00720322
    1.40081871 1.27577019 1.44459558 1.30063391 1.09940076 1.22099328
    0.977386057 1.17871308 0.743687272 1.03226078 1.19951308 0.937658548
    1.07495904 0.868813455 1.15549254 0.876804948 1.0833081 0.719988286
    1.09438312 0.719715595 1.01799643 1.4973135 0.761252522 0.955301523
    1.44221866 1.40678561 1.11379766 0.766759336 0.724392533 1.23760664
    1.55136514 1.38753617 1.54084575 0.847427607 1.42440307 1.35276639
    1.02435875 1.06406331 1.31188953 1.47679007 0.837176502 1.51532292
    1.16883266 0.719056666 1.08305347 1.25882113 1.03068733 1.26233959
    0.626641095 0.970218062 1.47601366 1.24581361 1.3549037 1.4528445
    1.39880478 0.772338748 1.59847248 1.47940421 1.03720176 1.3655839
    1.29985678 1.21328092 1.21318471 1.22717845 1.48318624 1.48081136
    1.31381047 1.28249192 0.635268986 1.37862802 0.70032078 0.726647556
    1.24142253 0.586220026 1.2073257 0.837503791 1.01798272 1.1066004
    1.03214526 1.22038758 1.22925162 0.701628208 1.2631284 0.844461858
    0.727247596 1.00700617 1.53229165 1.21886909 1.41438591 1.35132074
    0.982657194 0.753517449 0.641403913 0.976738095 0.869899511
    0.603909314 1.24888241 0.567718983 0.845771492 0.772619426
    1.17722237 0.922649741 0.673180759 1.26131046 0.860555768 1.47166729
    1.40981197 0.957771122 1.26185453 1.34221053 1.20906806 0.851199389
    0.502252638 1.1712743 0.912774503 0.550758898 1.43836021 0.990618527
    1.45784831 0.676103055 1.55921388 1.24512112 0.666419148 0.880559027
    0.756230116 0.729306459 1.39754903 1.26413643 1.02805269 0.831323922
    0.598865867 0.760253251 0.562322915 0.947210491 1.09323573
    0.642519534 1.25137663 1.06867707 1.45333564 0.800908327 1.32042718
    1.26629865 0.89770174 0.812973976 0.604463339 1.09207845 1.23208869
    1.05410624 1.29913855 1.09137809 1.35720885 0.814713538 0.805497527
    1.32546639 1.15071976 0.846276164 0.979931831 1.32044101 1.01342475
    0.748733521 0.948334038 0.719448566 0.806719422 1.12238705
    0.639776707 0.779404342 1.13277662 1.2833668 1.48983669 1.40599251
    0.846174538 0.759990335 0.701702476 1.55582118 1.52089632
    0.754140675 0.832168281 1.44681096 1.48795795 0.963632941
    0.559117198 0.840971231 0.847481847 1.09811866 1.4080143 0.718634963
    1.15767181 0.651925325 1.49382722 0.627364159 1.04157782 0.695385337
    0.785392046 0.608999133 1.44271755 1.13334966 0.867007375 1.45496106
    1.24794412 1.10442472 0.62558037 0.662632048 0.785806298 0.723798394
    1.32819307 1.09899807 0.720727026 0.971179247 0.804520488 1.14000225
    0.588001668 1.4905417 0.772904217 1.46901762 1.19581592 1.50814927
    1.20821583 1.44901967 1.04381537 0.973497152 1.27549648 1.10265541
    1.35968423 1.53657532 1.23499525 0.903486848 1.20960581 1.32181156
    0.847230554 0.752491593 0.712187886 0.544089198 0.660713553
    0.659995317 0.835991919 1.28408206 0.741211295 1.0904578 0.53330189
    0.835586727 1.36218679 1.36584902 0.783638656 1.44524217 0.662192225
    1.41332424 0.581932127 0.762147069 1.28703618 0.639828801 1.40150309
    0.501586556 0.569901347 0.847153783 0.84181881 0.976257086
    1.10628545 0.855720937 0.586569488 1.07246304 0.963360012
    0.721467018 1.28039289 1.27201724 1.09441209 0.677447081 0.96470952
    0.585129499 1.48003578 0.870012403 1.4873811 0.778208613 1.38066518
    1.17885447 0.569771767 0.728467703 1.20916224 0.774532735
    0.909330547 1.40423477 0.9395293 1.17342865 1.28688943 1.07993257
    1.09605753 1.23468816 1.35539293 1.33914256 0.877668023 0.805629611
    0.7887308 1.20263982 1.28185141 1.24097407 1.41116786 1.54893541
    1.51456916 1.45779002 1.03842354 0.91681087 1.52782738 0.89792645
    1.05327475 1.22558928 1.0749464 0.644745111 1.08502114 1.25614607
    1.27285492 1.16677618 1.47541118 0.917500198 1.40376651 1.38803315
    1.49048209 0.613754272 0.925841153 1.25736761 1.02274621 0.577055991
    0.840016425 0.56831938 0.577649593 1.16355407 0.580338776
    0.573745966 0.822715044 1.42964137 1.49551773 1.26365328 0.911198795
    1.491907 0.876161397 1.02548957 1.52125525 0.690084755 1.38294315
    1.31608176 0.628915668 0.769895375 1.36006892 1.32144809 1.4728024
    1.51575303 0.721746981 0.561796188 0.725971818 1.16966271
    0.836554348 1.40820599 0.692245364 1.48064828 0.994791508 1.09573936
    0.958274424 1.05620694 0.669006884 0.536295712 0.886009991
    1.43732798 0.549030781 0.762002826 1.45140111 0.532001078
    0.579643488 1.2290957 0.422709793 1.07499015 0.826645732 1.39247584
    0.486273766 0.708922386 0.968925536 1.3924613 0.9646734 0.903665602
    1.33981383 1.2421459 1.42235839 1.40662742 1.13925207 1.49420595
    0.660112202 0.810228109 0.499425054 0.558326423 0.935717702
    0.899674475 0.577443838 0.541323066 1.25473714 0.978778243
    0.705109656 1.35545444 1.45044076 0.62727648 1.2727232 0.914519191
    1.3310219 0.714856446 0.614334464 0.817047656 1.2402612 1.13973176
    1.46467817 1.02587855 1.44369411 0.641288221 0.831123531 0.650705814
    1.24696124 0.700218976 0.622107923 0.782749414 0.976916909
    1.27469897 0.939397156 0.628235996 1.4024725 1.19221866 0.695201695
    1.50101411 1.04213989 1.28773737 0.625497162 1.24048352 1.56758034
    0.626397908 0.828307986 1.49306965 0.79881984 1.3905493 1.14371121
    0.976195693 1.45445859 1.30522025 0.943013966 0.868479133 0.72203511
    0.811002195 0.561179638 0.941939592 1.49836981 0.590440035
    0.784651518 1.41812122 1.46017265 1.42827284 0.928202033 1.21536148
    1.41576028 0.976427376 0.610649407 1.39129138 1.11378253 1.10898125
    1.19666159 1.34144104 1.32132065 1.32151771 0.943823516 0.778877556
    1.51642656 0.690345287 1.24170804 0.791433454 1.1975385 0.844444036
    1.21937299 1.09269071 1.13909185 0.915523529 1.35155499 0.945960462
    0.757511616 1.18391132 1.37058854 1.17032027 1.5063076 0.705480814
    0.892489016 0.843666971 1.12873793 0.892473459 0.689994991
    0.760710597 0.551154792 0.636861563 1.40183663 1.50141609 1.43395305
    1.23896646 1.22892904 0.945477962 1.07142162 1.37801778 0.693094254
    0.925149024 0.585943222 1.14568663 0.97289151 0.977198541 1.16407192
    0.864078045 0.578938007 0.683553457 0.956449866 1.38589227
    0.760620952 1.46175838 0.717175126 1.05683696 0.831536591 1.00892878
    0.555437863 0.733213961 1.06920958 1.2138238 1.05832028 0.637883604
    1.49120724 1.27561498 1.27103043 1.41720557 0.588929832 0.546182454
    1.16091728 1.43588567 0.988868833 1.2230202 1.13147008 0.731699049
    0.677510619 0.683395743 0.964097321 1.49920762 1.03778255 1.19846499
    1.09450161 1.36710358 1.17077541 1.15743959 1.26594889 0.95523423
    0.629270911 1.28421414 0.784730792 0.804254174 0.956184566
    0.723867655 1.18206656 1.27416444 0.992993295 0.783960104 1.55572975
    1.50195193 1.09788334 0.969260871 1.32495213 1.08161902 0.76789856
    1.26825833 1.26762903 0.958839059 1.49226642 0.665153682 1.3845638
    0.857347965 1.02341163 1.51178837 0.981633961 1.10633838 1.09160197
    0.881531954 0.804911733 1.15857244 1.24016142 1.14404678 1.4080019
    1.2084341 0.650522709 1.28254926 0.791993976 0.89684397 0.667702734
    0.994976759 1.14339304 1.00638688 0.606160104 0.759204507 1.13077128
    1.27697098 1.38557076 1.46311677 0.760903597 0.908225119 1.01757646
    1.42847455 1.02495563 0.808237553 0.620424628 1.37650287 0.612514019
    0.981357992 0.555573881 0.789660752 0.956922054 1.14668703
    0.709076822 0.547130883 1.14568305 1.32696676 0.848289192
    0.721579373 1.30903208 1.10838902 1.39041567 1.35288882 0.665157557
    0.581707895 1.1334393 0.704764724 0.375882238 0.917370975
    0.854177058 0.973666787 0.521782458 0.969839752 0.887869954
    0.604677022 1.23453343 1.4221487 1.15769684 1.33526909 1.46419144
    1.10664713 1.56170464 0.808373868 0.701344311 1.36695993 0.756902456
    0.467387944 1.30518377 1.20657754 1.3020215 0.949711442 0.977071106
    1.19549477 0.590483189 0.776708126 0.890728176 0.637758136
    1.15871441 1.49503028 0.927882433 1.10884917 1.11033893 1.30076671
    1.08704495 0.781404555 1.50021005 0.732508838 1.3355763 1.08732498
    1.22295427 1.30652905 1.34270513 0.710079491 0.760448933 0.855301619
    1.38923442 0.637960553 0.658832431 1.08721471 1.140342 1.39537179
    1.36838067 1.4019134 1.10685396 1.41087234 1.37411344 1.24885046
    1.18112445 1.43090987 0.619697213 0.916858077 1.0726608 0.947407007
    1.02626503 0.989418864 1.33294821 1.08026862 0.931813359 1.23186159
    0.733291507 1.51379299 1.41975999 1.13875878 1.08768296 0.603845835
    0.582310379 1.05415154 0.919869423 1.35907757 1.23026693 1.47774541
    0.840399563 0.937192321 0.734102786 1.45027828 1.3358624 1.49628925
    0.888200641 1.30059743 1.45908058 0.690636814 0.703958869
    0.623903394 0.934981585 1.03101313 1.15749443 0.836876035
    0.558182001 1.15442765 0.990581989 1.52589071 0.526323617
    0.869152606 0.807970345 0.856354237 1.0460273 1.49956083 0.677111924
    1.4106915 0.683793783 1.49559605 1.00748551 1.42837572 0.716389
    1.43252254 1.21444678 0.901387274 1.14867771 0.56357491 0.6482324
    1.50209439 0.906861901 1.15776932 0.57405889 1.37978816 1.31489158
    0.941592336 1.37340283 1.13618433 0.704943776 0.659499764
    0.768763006 0.524350703 0.737546206 1.12018621 1.0830785 0.499058723
    1.0222131 0.986955941 1.05608428 0.800892889 0.519068718 1.32932746
    0.994103372 1.46816635 0.978677094 0.637217879 1.52681303 1.29075575
    1.5384593 0.854041159 1.29139757 0.605604649 1.47365177 1.38299787
    0.877143681 0.64865768 1.39419484 0.931500971 0.619927526 1.42710674
    0.980035901 1.26157367 1.02023911 1.19660032 1.01305914 0.930534959
    1.10688388 1.12071764 0.89989543 1.02660024 1.08757699 0.737058222
    0.873849273 1.24403036 0.678457439 0.775982916 1.13673055 1.40057993
    0.783001125 0.658147693 0.969889402 1.04509676 0.911414862
    1.29375315 0.790811419 0.854815841 0.88894093 0.940562248 1.05920708
    0.593378782 0.673276722 0.848096311 1.5205766 1.36393833 0.733615398
    1.5665586 0.754645646 1.41537774 0.755290985 1.23526716 0.688810349
    0.606402099 1.45085561 1.22436404 0.827978015 0.716221154
    0.691780388 1.51937759 0.798234224 0.741914809 0.847191036
    1.50051308 0.909507394 0.619763672 0.865186632 1.24426842 1.27694297
    0.538018465 1.00337446 1.46460795 1.10976624 1.44258702 0.948157072
    1.47485638 1.1736635 0.729974031 1.50298953 1.20208573 0.752867639
    0.923779905 1.51272452 0.627233863 0.851891339 0.72273314
    0.706304371 1.20781779 0.717887163 1.10998845 0.753178656
    0.621028185 0.939716756 1.35823417 0.710650265 1.06212437 0.9538486
    1.25264871 1.49913239 1.32432187 0.722398639 0.544928312 1.11588335
    1.00856566 0.919338048 0.689445913 0.809485018 1.19992125 1.10146284
    0.892297983 1.40405548 1.46051335 1.48381686 1.27523887 1.49884677
    1.50325739 0.941712379 1.36241066 1.19224811 0.588446975 1.48710835
    1.21759093 0.848762095 1.11365688 1.25191653 0.633450925 0.952001989
    0.864708424 0.653491318 0.761788607 1.07561457 0.946549475
    0.812196553 0.719141781 1.16492164 1.24398863 0.781977296 1.09870887
    1.35300851 0.6495502 0.802694917 1.38566613 1.43896449 0.874925673
    0.629286945 1.32177472 0.68993187 0.541504383 0.871182621
    0.794034064 0.77327317 0.739551365 1.15398753 0.596771002
    0.687257886 0.562337756 0.719662964 1.08425903 0.591938376
    1.38227654 0.657301188 0.941598892 0.907016575 0.764079094
    1.08901632 0.6634354 0.924940109 0.699256241 1.20177817 1.29548383
    1.47545731 0.839381576 1.38362265 1.51065075 0.939130187 0.64852941
    1.39121723 1.19242728 0.627302766 1.13588071 0.835571229 1.23718715
    0.770142555 1.22425437 1.53429437 0.884880245 0.786249757
    0.868071616 0.886098862 0.579423487 0.916407228 1.20452178
    0.968739629 0.733356118 1.10480535 0.706263304 1.23068035
    0.841081202 0.68504709 0.918461084 1.17867994 0.975147903 1.01671576
    1.04720378 0.692879081 1.06938958 0.583762705 0.777120173 1.16562414
    0.72503078 0.580647945 1.47135448 0.842615664 0.662394702 1.21913457
    1.53678167 1.44726086 0.705399513 0.854793429 1.2107501 1.37905371
    1.19445109 1.03875399 1.46110952 0.908363581 1.19288504 1.28832006
    1.10679793 0.868363321 1.08605647 0.758953929 0.705076277
    0.577184319 1.2915684 0.887158871 1.31992948 1.15057147 1.27975941
    0.953936994 0.664183795 1.43924952 0.817964673 0.822531283
    1.16663086 0.59081918 0.714922011 1.25673079 1.03897059 0.666107893
    1.34537697 0.653435111 1.35723329 1.2470448 0.680640399 0.75949204
    1.31691968 1.06929886 1.07971597 0.721895814 1.27289331 1.40582728
    0.880378485 1.08767414 1.11194623 1.36452544 1.16818881 1.34796548
    0.589677989 1.51513076 1.31253552 0.980379105 0.875577331
    0.599594593 0.732203782 0.891225636 0.996922493 1.45039427
    0.585784256 0.689161897 1.36996627 0.963213861 1.39540482
    0.990001023 0.969769478 1.40211475 0.678588569 1.14622295 1.0770154
    1.19929731 1.34456742 1.00289464 1.49931371 1.40560925 1.03503025
    1.0677737 0.925258219 1.31007636 1.149387 0.687707067 1.15469396
    1.12320125 1.3696686 1.08380795 1.29971385 0.684176087 1.33965898
    1.34961605 0.884849012 1.49056673 0.864107966 1.10156047 1.23622918
    1.19976306 0.698545694 0.735515058 1.42061651 0.714328289 1.31918597
    1.08559906 0.908098042 1.49696207 0.542901218 1.14379692 0.853292108
    1.47607136 0.601344705 1.52235627 1.43180144 0.799733281 0.945081711
    0.941025436 0.675567269 1.05976355 0.762547135 1.20319116 1.34926164
    1.23308074 0.911424994 1.33859575 1.23565364 0.593126476 0.558311939
    0.82033366 0.869600356 0.875909805 1.25531411 0.834224641
    0.665346563 0.678934455 1.41716599 0.887541711 0.794487238
    0.850739002 1.2421 1.41716826 1.12649751 1.17810571 1.32318783
    1.13092625 0.967169702 0.579671562 0.60317421 0.506225705
    0.449872613 0.514033675 1.08837044 0.588909209 0.589076459
    1.52520645 1.19926834 0.582534552 1.12127674 1.36163068 1.22488832
    0.818056643 0.682488799 0.814270735 0.730673611 0.938089848
    1.08742857 1.13609695 0.689067423 0.646294832 0.85884887 1.09372425
    0.581268787 1.41301095 1.3622849 0.641106009 1.12154007 0.680098176
    1.26589406 1.16643047 1.0194428 1.09808695 0.897656143 0.934680581
    0.878437221 0.93744725 1.05343068 0.648141205 0.690877736
    0.775952876 0.596822321 1.06281221 1.07368731 1.10204089 1.272071
    0.802731395 0.923263133 1.4761076 0.997022688 0.58144623 0.80069989
    0.948508263 1.47983861 1.2825681 1.42660677 0.541860819 1.31539619
    1.05376291 0.621052086 0.909508467 1.04034853 1.43888128 0.632771075
    0.552194059 1.40565622 0.66285634 0.751340568 1.01151073 1.32983041
    1.33028245 1.23774731 0.553717256 0.558927774 1.50630283 0.932999909
    0.833627105 1.19687605 0.623633325 1.05539978 1.0489341 0.801147699
    1.02185535 1.20756173 1.46300924 1.26367271 1.22991049 1.01432753
    0.859898448 0.848715603 1.16316044 1.11761665 1.49540782 1.43987894
    1.52152205 0.967915595 0.984951794 1.1135304 1.50434327 1.09716976
    0.681212902 0.614589632 0.970193088 0.557458699 0.695109963
    0.584246516 1.39298642 1.23380709 1.02183318 0.602773964 1.32119942
    0.861788988 1.4648453 1.51463389 0.827336729 1.51997316 1.44727588
    1.31941938 1.26144707 0.670980275 0.871585131 0.821294665 1.19277382
    1.10473704 0.858233571 0.599833548 0.63436681 1.14900196 0.982151926
    0.728947997 0.674043596 1.44266009 0.930536687 0.626311064
    0.813263416 1.22365499 1.05750608 1.33009613 0.827334285 0.671375155
    1.25245929 1.30435145 1.38327801 1.32339895 0.606755197 0.540629923
    0.992346227 1.21894014 1.35912251 0.942219257 0.813557506
    0.595234036 0.882748723 0.608497977 1.54206884 0.973761976
    1.16712129 1.25404561 1.54358554 1.16346717 1.24483871 0.98186326
    1.22737372 1.00763905 0.937570095 0.675048351 1.37767458 0.66368711
    1.14767766 1.48776674 0.974165797 0.904554904 0.675430357 1.23959136
    1.08723497 0.675321519 1.4348768 0.584866941 0.855492473 0.944918931
    1.40620732 0.908891797 1.10535371 0.880575716 1.30929279 1.44812405
    1.23248577 0.906774282 0.962903023 1.3851583 1.39096856 0.924766243
    1.49609208 0.706244648 1.2921952 1.1609515 0.769362688 0.946825266
    0.764150143 0.979124963 1.52517784 1.14077961 1.35934877 0.823551118
    1.25905228 1.01599538 0.679703832 1.05143631 1.07733548 1.07436192
    0.886097193 0.863180578 1.35571373 0.549294412 1.46271896
    0.533885479 0.901194274 0.61068505 1.21952844 0.850885391
    0.674715996 1.00135541 0.745731175 1.33641887 1.55549359 0.876004934
    1.53502905 1.34398794 0.922559917 1.31454408 1.07910931 1.16560781
    0.974715531 1.23666394 0.466229707 1.20136404 0.85482657 1.07032132
    1.04087603 0.54283154 0.991108298 0.694857895 1.04974687 0.777824759
    0.623212636 1.15300632 1.5315156 0.60292685 1.08214927 0.819994867
    0.598237276 0.512695789 0.723738015 1.1186986 0.538873672 1.11576748
    1.23834777 0.694721043 0.647346139 0.672136068 1.12926507 1.38095438
    0.669445455 0.729753315 0.798445344 1.4721508 1.06298661 0.844936728
    1.17982006 0.695109069 1.49868584 1.50923967 0.98675549 1.45886099
    1.1758678 1.18372202 0.692742944 1.11602819 1.15164685 0.934203863
    0.576662302 0.583673894 1.12780213 0.695703685 1.20168984 0.89647162
    1.04159069 0.82130295 0.762985408 0.976745784 0.727192402 1.25971818
    0.999388754 1.08716691 0.689046323 0.827322364 1.18940485
    0.643186331 0.599938035 0.519502997 1.09577358 0.468717277
    0.781615078 0.873750567 0.771960616 1.4204253 1.37329125 0.542760432
    1.2851007 0.758745968 0.694224536 1.44221413 1.45067286 1.1943754
    1.30220759 0.867812395 1.34105444 0.809931219 1.04914093 0.996186972
    0.829664946 1.49085891 1.08355951 1.45948923 1.58070564 1.33068717
    1.03010416 1.38691807 1.0680021 1.16841936 1.49217927 1.13341153
    0.620082617 0.988675892 1.48630059 1.25902641 0.982399344 1.3114264
    0.844615996 1.25964177 1.25477231 0.859219432 0.968632817
    0.642953336 1.55630386 0.809295654 0.814995229 0.574885488
    0.962103486 1.0276382 1.41544187 0.977099538 0.571326792 0.567218721
    1.53441143 1.42518234 1.17687964 0.727575779 1.18320465 0.67925936
    0.911782503 1.26839054 0.759151757 1.25478125 1.35801125 0.933792353
    0.950833499 0.725979984 1.33861017 1.21498108 0.966177702 1.054371
    0.72314924 0.69236052 1.20981562 0.883558571 0.984865248 1.34938228
    1.32800126 0.6235919 1.44192958 0.756340623 0.845041752 0.988212109
    0.557897508 1.19130981 1.40847182 1.0885967 0.962522924 0.702833176
    0.920633733 1.2848146 0.672911525 1.36901283 1.06938446 0.609206557
    0.757689238 0.813192725 1.49557042 1.06232333 1.39642835 0.611249924
    1.18762851 0.884786129 0.829095304 0.692742765 1.11413348
    0.601896465 1.2814312 0.651239157 1.16081011 0.967043161 0.676761508
    1.02740705 1.43642247 1.16441691 0.586732328 0.806610823 0.957189977
    0.967306256 1.12308729 1.09709406 0.942642868 0.666382968 1.19964743
    0.564715445 0.948988676 1.44872963 0.665001869 0.793885827
    0.579006374 0.756533802 0.584225893 1.10399735 0.974242568 1.0686959
    1.47919118 0.741522491 1.25528109 1.48786414 1.32585442 1.33706653
    1.52536833 0.82426405 0.623510718 1.2831372 1.00292766 0.999514639
    0.891399801 1.13522708 1.30865216 1.5300045 0.993802786 1.53244305
    0.712082267 1.3056041 1.05155659 0.682838261 1.55094326 0.664950192
    1.15395355 1.30602193 1.31538045 0.53583163 0.929067075 0.902281225
    0.712415576 1.39898944 1.38012433 0.87852782 0.901114464 0.785930514
    0.911830127 0.884005368 0.823110104 0.846569657 1.37804615
    0.840994239 1.43249702 1.20239067 1.50482178 1.49796367 1.29210484
    0.716179252 1.24798858 1.47343957 0.618506014 0.691272974 0.52246958
    0.519554317 0.518289983 1.44843471 1.34025121 1.16228378 1.09126461
    0.841252923 0.710661471 1.28809464 1.20793343 0.755584776 1.40090108
    1.18793011 0.96752578 0.822988987 1.54362106 1.12236285 0.844241679
    1.40706086 1.2257092 1.13297498 0.475428134 0.917660952 0.581317961
    0.628707767 1.38358414 1.08277082 1.02159059 1.46755826 1.15126443
    1.07071781 1.30912876 0.878160954 0.809667766 1.37982643 0.622006953
    1.03256083 0.752763867 1.22236633 0.636788368 1.06601536 0.693284273
    1.12109733 0.95048207 0.662089825 0.587207913 1.26910996 0.823513687
    1.3184396 0.810278654 1.39602041 1.13110006 0.591070175 0.51892674
    1.39186513 1.30709863 0.827994227 1.20525753 1.42109644 0.860150695
    0.746109128 1.22934437 1.00993168 0.995841026 0.637057602
    0.480265468 0.957311928 0.562508643 0.537801087 1.25472748
    0.998311222 1.20652223 1.39054501 1.31290972 0.87429142 0.639718294
    0.843872309 0.638031185 0.5885095 1.15221274 1.49076438 0.972243965
    0.677572668 0.623813152 1.44654679 0.876980484 1.41656828
    0.739495456 0.949309111 1.18144584 1.00303817 1.08216274 1.54599845
    1.34046638 1.36371684 0.562436044 0.578209102 1.09979033 0.788159311
    1.37358868 1.07967007 1.09933197 1.26899099 0.980352402 0.951851964
    0.893007159 1.41338587 1.32105398 1.20729041 1.12719691 0.597180784
    1.23959637 0.717669368 0.693822443 0.89795661 1.21993589 1.25052118
    1.5347271 0.618983746 1.29061592 1.42570758 0.880561769 1.1078608
    0.539321244 0.510152578 0.944067895 1.44116545 0.524865329
    1.35620403 0.988038599 0.997651577 1.40077007 1.40230954 1.13674045
    0.989432037 1.15079498 1.54001653 0.820788503 1.41345859 0.886996806
    0.781875372 1.11149681 1.35210776 0.691070676 1.45475709 0.619065285
    1.36432195 0.925008714 1.12684071 0.683759987 0.916221797 1.16850424
    0.620793879 1.41672349 1.49368715 1.14814568 1.3132236 1.11321092
    0.726267219 0.657551765 1.41219544 0.850301147 0.646929681
    1.34271228 1.10930467 0.638869464 1.004372 1.51081705 0.940675735
    0.891340435 1.5631479 1.46104348 1.22931004 1.43078578 1.01942849
    1.56664777 1.17365777 1.46787918 1.48986197 1.51847303 1.18671203
    0.744495273 1.04340148 0.770966113 1.09502578 1.06351936 1.19436181
    0.839205861 1.01146901 1.08945143 0.708175004 0.993532658 1.1349901
    1.01223302 1.35413456 0.644170642 0.600172281 0.603585243 1.26812029
    1.48829925 0.935149193 0.707810998 1.45211768 1.10225999 1.4936316
    1.0249362 1.01900971 0.836235225 0.899665773 1.13521838 1.18843913
    1.12452567 1.00895607 0.50746125 0.877224445 0.746891022 1.00596678
    0.718457162 1.196859 1.22506881 1.27527702 1.5559926 1.230955
    1.16033959 1.06464446 0.768076837 0.83854872 0.856860816 0.730534613
    1.42002785 0.52016592 0.661669672 0.812701464 0.581064105
    0.914010167 0.64893645 0.771091223 1.41996455 1.01108158 1.29716754
    0.991840422 0.641767561 0.853871822 1.26819098 1.24164522
    0.954681277 1.33185971 0.689283788 1.11167634 1.22111738 1.08258665
    1.49601507 0.717589378 0.923465848 1.21716046 0.565010726
    0.771214247 0.633304119 0.694433212 0.526528358 1.01825857
    0.68175751 1.36945283 0.720822811 0.995054722 0.97899735 1.29350662
    1.13771248 0.836080015 0.62097615 0.655939281 1.30222261 1.193385
    1.34031832 0.741169214 0.832301974 0.42667672 0.454158008 1.19427943
    1.25509739 1.35577428 0.970532715 0.575902045 0.80204165 0.842068315
    0.976946652 0.563546836 1.22324848 1.43754339 0.525010526
    0.601993978 1.42332745 0.69493258 0.947742105 1.50616527 0.845145345
    1.3575201 0.585830152 1.43202376 0.795422852 0.964533627 1.0446676
    1.38441098 1.27629805 1.32501602 0.895583391 1.48572183 0.543222308
    0.527008235 1.26017332 0.730999768 1.38928378 1.04703796 1.14897311
    0.492885321 0.544065952 0.615338147 0.737301469 0.844430089
    1.22940862 0.641978204 0.968211591 0.707756042 1.21056032 1.46153438
    1.23402143 1.29239464 1.0516187 1.34321928 1.01852953 1.04982769
    0.886986256 0.945147038 1.33265984 0.894752383 1.42568374
    0.529281676 1.00802732 1.42015338 1.47665465 0.885948777 0.629983485
    1.02512383 1.57279956 1.29715228 1.07914889 1.0282259 1.14650619
    0.581524253 0.654821694 0.777033567 1.42307055 1.22689497 1.1075964
    1.20087194 1.30101907 1.05205512 1.52020991 0.813512266 1.39763403
    0.587969601 0.944893062 0.825731993 1.08238208 0.953850627
    1.41031957 1.38455844 1.20276332 1.26727951 1.4465158 0.752889693
    0.817694604 1.09581983 1.53922629 1.18453467 0.746889532 1.37764275
    1.13573217 1.37903643 0.786794066 0.996539712 0.786510229
    0.958785474 0.731611013 0.763805032 0.539785028 0.75876981 0.964001
    1.4010247 0.572051585 0.635331333 0.734181881 0.662949979 1.47518027
    1.44353902 1.39115202 0.927955866 1.55158949 1.3959316 1.01431799
    0.856594443 1.42423236 0.779756129 1.31027687 1.2459991 1.43587136
    0.759001732 0.738249779 0.625736177 0.836617351 1.16478038
    1.35121524 1.17368722 0.943172216 1.30392265 0.990604758 1.34637916
    1.44192088 0.900239348 1.1256268 0.571182668 0.629368365 1.03752589
    1.58641624 1.15088785 0.827517271 1.47164655 1.19000518 0.735533655
    0.691877544 0.978494406 1.48452759 1.26894486 0.556148946 0.88071692
    1.43447661 0.83475703 0.995756626 0.624403238 0.730522096
    0.999444246 0.884529352 1.24186695 0.926477969 1.18687272 1.0878818
    0.541456938 0.565310538 1.289083 0.528050125 1.48461902 1.36282873
    1.32869375 0.782117426 0.887488365 1.47328484 0.597782314
    0.689209163 1.05861962 0.841588616 1.39904928 0.918812513 1.10545731
    1.02082884 1.21563292 0.758577764 1.14967406 1.24464655 0.791537642
    0.606770396 1.27088487 0.58468163 0.774769068 1.36758852 1.19106019
    1.00886559 1.03625679 1.44614327 1.18564987 1.55677426 0.815243006
    1.02531779 1.47171664 0.825505435 1.35414386 1.3591603 0.891146302
    1.43643463 0.816253841 1.01691008 1.25710559 1.41181684 1.36522365
    1.12325263 0.72927922 0.766270757 0.811876714 1.06520021 1.28057742
    0.680267751 1.39315784 0.946786284 0.717825174 1.33271456 1.31664717
    1.08661222 0.645855844 0.577132702 1.19314051 0.616102695
    0.651107967 0.918603063 0.968881845 1.136572 0.867120504 1.00646508
    0.876053512 0.627441406 1.52446187 1.45511997 1.48376 1.02186096
    0.852842927 1.19484782 1.56692398 1.0583905 1.41232872 0.927680194
    0.995267987 1.55912673 1.05788338 1.42566097 0.496849835 0.563769877
    0.340697467 1.16266346 1.03204107 0.906270385 1.1608088 0.690275908
    0.800259948 1.36458421 0.97452426 0.792891443 0.738254726
    0.951152921 0.644424498 0.754229546 0.909119964 0.608771205
    0.978451729 0.875385165 0.972932994 1.51937211 1.06464195 1.00349545
    1.50104558 1.52822649 1.42052782 1.31279552 1.42223775 0.769810677
    0.83452177 1.08122063 1.02461708 0.839756906 0.540533662 0.727103055
    0.577287376 1.24430335 0.65782392 0.507720172 1.19992065 0.659783959
    0.568954885 1.17824697 0.474635243 0.498740762 0.905839503
    1.06466186 0.868587017 0.539938211 0.547028959 1.24255335 1.00658858
    1.09374416 0.673877954 1.17883265 0.548270762 0.529049695
    0.731027007 1.1190356 0.896671653 1.08968687 0.681496322 0.739211917
    0.911859572 0.611371338 0.833938539 1.13606012 1.31820416
    0.643789947 1.09279418 0.714262187 1.19001138 0.686450362 1.14157689
    0.794408977 0.805461943 1.22875321 1.2070626 0.642167509 1.43236327
    0.669265687 1.09843743 1.14033079 1.14070594 0.627587736 1.05558741
    0.901084363 0.592303634 1.10707867 1.54254413 1.56545246 1.00773263
    1.47601604 0.691653788 1.30350947 0.722038984 1.33526313 1.50686383
    1.41702783 0.856259167 0.937993288 1.52567172 0.637127399
    0.995884836 1.24877989 1.38135529 1.0150851 1.25258446 1.38338315
    0.750969946 1.0254612 0.765790105 0.781233251 0.621763647
    0.938747704 1.41360378 1.13828135 1.1444906 0.597597241 1.20397544
    0.778409123 1.54372466 1.21809018 0.773930609 0.772059679 1.07517862
    1.05603814 0.977229595 1.14574933 1.48190486 0.726787984 0.626873255
    1.43456507 0.826263428 0.749070287 0.6898067 0.953624547 1.36333823
    1.29642272 1.14167047 1.0104599 1.49216127 1.25313938 1.08632421
    0.80530107 0.89771235 0.972056508 1.16038167 0.754927874 1.14209926
    0.868503213 0.874114513 1.13818038 1.18587816 1.26735067 1.45161736
    1.3808955 1.17530656 0.74336642 1.48114622 0.651573658 1.24908113
    0.964214981 1.46275008 0.826183021 1.42894793 1.24798369 0.950580597
    0.714204967 1.41237795 0.667807221 1.17031527 0.643422842 1.04431808
    0.770935833 1.03586304 1.16381037 1.22291195 1.14701521 0.540977359
    0.914132297 0.680531204 0.848628819 1.07183337 1.46999526 1.32205486
    1.03873813 0.63164407 0.675864756 0.688559055 1.46003222 0.843560398
    0.863864601 0.822855651 1.4920404 1.33095467 0.789630711 1.40295672
    1.1612972 1.19315898 1.48024154 0.859707117 1.10163009 1.19674444
    1.18187356 1.25821686 1.4777137 1.14845383 0.907562852 0.807734847
    1.28720319 1.35683155 0.908524275 1.1462183 0.586136103 1.17982209
    1.41121757 0.779896915 1.34323132 1.36906457 1.13781524 0.616696775
    1.50485981 1.35135674 1.24433303 0.956713498 1.5700146 1.41031694
    0.627843916 0.771299422 1.12856507 0.635583341 0.799212694
    0.925260305 1.0411309 0.701022923 0.708779693 1.14097881 1.23482907
    1.26229584 0.964326799 1.33687139 0.567727029 0.584160328 1.00168228
    1.41061664 1.13738537 1.57448161 1.27259731 1.36427808 1.01463389
    1.37972844 1.1117487 0.873878717 0.884122849 0.539771676 0.508627534
    0.460243404 0.755644798 1.09762311 0.596136212 1.01427805 1.13415182
    0.842859566 1.1719811 0.762378633 0.668654799 1.2300328 0.667227268
    0.70775187 1.05665088 1.48802209 0.611817896 1.36565328 1.45771646
    0.673737347 0.652721226 0.679342806 1.45385289 0.788838148 1.4727515
    0.763423145 0.99242276 1.04754186 1.20724535 0.852885664 0.596795917
    0.955584586 0.908316791 0.540856063 0.979201972 0.626901984
    0.979894221 0.689940453 0.578271508 1.38778019 1.4603076 0.77298224
    1.45007515 1.00531065 0.701536298 0.924885213 0.859826028 1.14738083
    1.19015801 0.535294056 1.2563597 0.976408243 1.46458554 1.10662735
    0.849782467 0.676359117 0.682015836 0.819511473 0.551499963
    0.775964975 0.668059945 1.3921032 1.55983043 0.597439528 1.40537381
    0.582931042 1.58212721 1.20578659 1.30859482 1.55096245 0.748575509
    0.731001735 1.37331045 1.3895148 1.429708 0.894557655 0.800959408
    0.918795407 0.817572892 1.54181635 1.28627014 1.54016519 1.00032222
    1.3295517 1.18357098 1.27882397 1.37309182 0.735963762 1.02057731
    1.29460359 1.385499 1.3977778 0.809345067 0.765305102 0.737251639
    1.01779306 0.774455786 0.906292081 0.922463059 1.26023245
    0.741390109 0.913845062 1.179232 0.61843127 1.40833616 1.42812097
    0.810416281 0.777745843 0.643029392 0.75515902 1.10022545 1.42744219
    1.17929828 0.991308391 1.33838904 1.26422608 0.960763812 1.08085918
    1.17716575 1.16809416 1.38386989 0.648824096 1.29911268 0.661688447
    0.673844218 1.62490702 1.58631682 0.729095876 1.53292906 1.49523485
    0.604396403 1.19559789 1.38200665 0.768182099 0.792569995 1.35330677
    1.42606616 0.766226411 1.47774255 1.01005805 1.03380454 0.696897089
    1.07287169 1.39717937 1.28375435 1.05606234 1.1353879 0.892329991
    1.09181452 1.47532618 1.20164371 1.00878084 1.03225291 1.32571411
    1.29317188 0.700330496 0.742411554 1.32648253 0.993427873 0.54601872
    1.37746561 0.688188851 0.796205878 0.624106467 0.672171116
    0.781230807 0.735185266 0.829644918 1.23462629 1.17182529
    0.902121484 0.897985101 1.41813469 0.933839381 1.0800209 1.30877852
    0.992218852 0.659731984 1.14540136 1.52798319 1.4396224 1.00492525
    1.51280642 0.990809858 0.63801825 1.23388994 1.15658128 1.41870642
    1.19146776 1.1489656 1.18328333 1.40270185 0.982724905 0.703073502
    0.699984789 0.543231249 0.873322546 1.51269066 1.06334949
    0.733067811 1.1053133 0.755714417 0.847123504 1.16615403 1.46733117
    1.28091824 0.807100773 0.74479264 0.984490454 0.816386402
    0.736840129 0.995479286 0.532465756 1.11266637 0.910636842
    1.09697247 0.597350001 1.48245311 0.595440328 0.531694472
    0.654136062 0.921465278 1.5108248 0.894604266 1.31952727 1.37025523
    1.16934574 0.997028589 0.598055124 1.31987798 0.783431888 1.31336451
    0.496299475 0.708819568 1.19020605 1.04172599 1.15847743 0.840055764
    0.99484092 1.09450674 0.588941097 0.878290772 1.28797865 0.735577226
    1.17239845 1.34541655 1.52734923 1.33417034 0.922626615 1.61012757
    0.995731711 1.28775311 0.816026747 1.31203949 1.27519965 1.10102701
    1.21235561 0.792809606 0.411765486 0.841890931 0.838200867
    1.06930709 0.856669426 1.23097062 1.40381241 0.978554189 1.35199559
    0.761421263 1.13981867 0.621244669 0.722827554 1.40986311 0.64094907
    0.533080637 0.96451211 0.532860339 0.460840613 1.24670231
    0.968017459 1.00522828 1.17291307 0.784124851 1.31213176 0.778848827
    1.24017739 0.668827593 1.14443457 0.524247646 0.810749233 1.23813879
    1.30750871 1.39584243 1.15464008 1.16792774 1.35711539 0.501656711
    0.540821671 0.574660003 1.17854524 0.976723611 0.718969464
    0.794941604 0.712159097 0.626697421 1.09038877 0.889175951 1.1576972
    0.594542444 0.902674615 1.19884717 1.14527524 0.948521912
    0.724138021 1.25600517 0.910253346 0.882380068 0.771146297
    1.25566947 1.1986227 0.813742876 0.798695147 1.47309613 1.25529909
    1.26058173 0.988168955 0.783770621 1.20336437 0.477120996
    0.591642678 1.22479761 0.853074729 1.00791204 0.905160546 1.21827817
    0.88653928 1.11793852 0.56665355 1.15648246 0.575508118 1.00858164
    0.880373716 1.03208089 0.927643538 1.24574924 1.1545105 1.47142541
    0.9402619 1.05516243 1.52948534 1.0141952 1.39748573 1.40562105
    1.09392798 0.959299982 0.959457636 0.685036898 1.45619285 1.2061398
    1.00810945 1.28603244 0.884887099 0.662029862 1.33813024 0.730375469
    1.28089237 0.992835045 0.825577796 0.482633382 0.499236643
    0.705923855 0.479123265 1.18946409 0.850036025 1.27084553 1.28944576
    0.984767914 0.667634785 0.799138725 0.757519603 1.51134646 1.3709898
    0.767481089 1.0063343 1.08583534 1.06200588 1.53795052 0.786655724
    1.54334748 0.845063806 1.42136693 1.07430422 1.43086553 1.50991154
    0.715892792 0.995448172 0.937188387 0.988972008 1.11316979
    0.943529308 0.771030664 1.29474008 1.44521117 1.49883568 1.5300684
    1.13939333 0.907095909 0.752034903 1.3385452 0.529427409 0.793855131
    1.1965946 1.36093593 0.862860084 0.597750187 0.594375014 0.884821951
    0.892898381 0.674202561 1.42113531 0.913771927 1.38389921
    0.580916882 0.74183619 1.11785674 1.39056945 1.40787542 1.33872747
    0.50661844 0.659393907 0.78339839 1.39875591 0.922461927 1.4571631
    0.941934884 0.705352843 1.23693848 1.22364187 1.1414814 0.665465951
    1.25085521 1.31639528 1.30782163 1.24575841 1.21987963 1.31923723
    1.2581228 1.4312042 0.550964415 0.906189501 0.520829737 0.616513968
    0.871942282 0.450421721 0.627892137 1.06954074 1.06142282
    0.981617749 1.52858841 1.08739555 0.7318362 1.42017424 0.503507614
    0.605063498 0.54769063 0.596035421 0.563604414 0.808603406 1.2115736
    1.45812738 0.896565795 0.858101308 0.877446175 1.37540948 1.0450232
    1.29836833 0.620123744 0.627989769 0.847790778 1.16445923
    0.606111169 1.3129797 1.36475539 0.918126464 0.626243174 0.593824506
    0.69887358 1.10398567 0.999673009 1.30873835 1.26877677 0.60986346
    0.846395552 0.940399766 0.55237323 0.964091539 1.28991294
    0.805444241 0.77192843 1.05569792 0.960774541 1.07676566 0.731362522
    1.52286112 1.1512835 0.922576249 1.25294983 1.1200192 0.738802493
    0.855834782 1.12729597 1.05394542 1.03328252 1.12227178 0.713699698
    0.31776607 0.498019516 0.975526094 1.29287279 1.27537322 1.02748549
    0.499607503 0.406369358 1.13686752 0.894068837 0.738330603
    0.778978765 0.601532757 1.36759579 0.577832103 0.991070211
    0.571971536 1.1607399 0.912550867 1.42109871 0.802084804 0.840776145
    1.17336094 1.36775696 1.07356262 1.41546333 0.686037064 0.510052919
    0.518758416 1.02062869 1.37147093 1.26275587 0.467634737 0.767362177
    0.469289958 1.08141661 0.46491918 0.657809079 0.899507642
    0.834629595 0.650820136 1.05775321 0.670784712 0.911180794
    1.30109704 0.517544746 1.3175478 0.844086885 0.688033998 0.997764826
    0.404443383 1.24151671 0.412561327 1.07769263 1.27333033 0.48369661
    0.774721324 0.613304734 0.792908192 0.427560627 1.34686315
    0.62852633 1.24648392 1.35552227 1.35905159 0.494902194 1.11778247
    1.04603744 0.588839471 0.711844683 0.746057451 1.22378528
    0.676138997 0.534055412 0.722702682 1.21907592 0.862853467
    0.60868901 0.690226912 0.646310627 0.844777942 0.736990511 1.065763
    0.553755999 0.457265973 0.553389311 1.399207 0.925080717 1.16640925
    1.20126355 1.29693639 1.18710077 1.14960146 0.960001826 0.889505804
    0.673953474 1.4554714 0.904229045 1.28288102 1.31212127 1.37212312
    1.04975486 0.833527923 0.88461417 0.54849416 1.13067329 1.05243897
    0.744813621 0.356937855 0.93186146 0.46799019 0.391176641 1.20976985
    1.33910811 0.768807054 0.418998986 1.45598805 1.16380024 1.18282413
    0.745913863 1.38378501 1.20419884 0.795208991 1.40028727 0.655708194
    1.45874476 1.11261272 0.897435188 1.47399139 1.20586169 1.05145693
    0.751045167 1.21083724 1.10256052 1.24716496 0.792618155 0.615864515
    0.676726043 0.638525307 0.859849095 1.04279602 1.13237965 1.38676143
    1.17900479 0.652413428 1.2028861 0.461722553 1.08833957 1.23171592
    0.649289191 0.545839489 0.937691867 0.464070678 0.527002037
    1.10267246 0.679825306 0.713318825 0.629794657 0.882001877
    1.34548008 0.612754881 0.61338228 1.2472167 1.23320401 0.747252226
    0.936638892 0.759330392 1.35214102 0.864622116 0.962231338
    0.845491827 1.18669891 1.04645061 0.977554262 0.780381501 1.39737666
    0.828998029 0.792137325 0.51144731 0.476068139 1.19389343
    0.701973021 0.462325066 1.35752487 1.43139076 1.46144605 1.11869073
    0.842550278 0.83015275 1.26505363 1.09336245 1.36387444 0.598777413
    0.752048671 0.901828825 0.954273641 0.63303262 0.639440119
    1.35552216 1.39672518 1.12562954 0.889171481 0.874979615 0.872857869
    1.29524386 1.14914703 1.19265246 0.641121209 1.13529718 1.05972993
    1.02819264 0.885821581 1.32624424 0.511069357 0.492148429 1.19870961
    1.26924074 0.583803713 1.33977389 0.829203606 1.2684927 1.29363012
    0.641273081 0.809959173 0.851113617 0.506523192 0.926160395
    0.722893715 0.406509578 0.654603243 0.876062214 1.11323786
    0.632196248 1.19203365 1.24161828 0.799099922 0.987272859
    0.909083605 1.06222379 0.740182996 1.42450368 1.42730689 0.94225353
    1.46999228 1.47253966 1.20104623 0.969724655 0.812511981 0.944149911
    0.557399333 1.09832633 1.13940215 0.748364508 0.638709605 1.12962556
    0.994515657 1.17562151 0.600641966 0.742433012 1.11107028
    0.895106077 0.518119991 0.759828925 0.562585235 0.80975461
    1.28002954 0.451992184 0.526500762 0.330632538 0.541144133
    1.12258792 0.766386151 1.21730351 1.06657565 0.390722901 1.31135976
    0.720556259 0.750981808 1.17626059 0.805506945 0.789715946
    1.14695704 1.11494517 0.684936404 1.35990572 0.88960582 0.632661641
    0.780098081 0.686278999 0.912405014 0.956019878 0.490027368
    1.20021296 0.411206573 0.770312667 1.11657536 1.16430426 0.842256963
    0.643891096 0.948886216 1.17152405 0.580190063 0.560823917
    0.675036907 0.642244935 1.17257547 0.595561624 0.441707522
    0.426552564 0.361878365 1.06947851 1.04781759 1.08731449 1.0478065
    0.353668451 1.03334153 0.683107555 0.524001002 0.853306949
    1.26045656 0.613269508 0.449325532 0.579983711 1.27762306 1.34112346
    0.993548632 0.839199662 0.590065897 0.905304313 0.635929823
    1.16690385 1.31036735 0.984209299 0.394943714 0.461825639
    0.977004349 1.07476735 0.936596215 0.963032842 0.818542838
    0.90157932 0.864832282 0.805711865 1.14084923 1.14935982 0.679573536
    1.18177807 0.955738068 1.12219536 0.580309927 0.817060828
    0.665027976 0.920448601 0.877955735 1.15292966 0.818959415
    0.54519403 0.751885951 1.11015213 1.27049685 0.866426349 0.716370583
    0.602280498 0.889742732 1.06279302 0.644242287 0.577354789
    0.788943827 0.888728023 0.712072074 0.70590353 0.633639336
    0.38906616 0.48618862 0.573014259 1.35784328 1.23164749 1.18702793
    1.0356679 0.963985264 0.592308223 1.14803565 1.36777353 1.38921738
    1.03899527 1.36504173 0.876668155 1.27822506 1.3927635 1.25938821
    1.04046082 1.14404249 0.599381089 0.670039713 0.675191641 1.21374893
    0.502830982 1.1316644 0.77663362 0.597793281 1.29492521 0.785221159
    1.24311852 1.13734889 0.490445793 1.28552234 0.801796436 1.03714812
    1.32593524 0.704385281 0.696794271 0.627094209 1.05098879
    0.911285996 0.727156997 0.708303034 0.604109228 0.799811363
    1.23918331 1.0540576 1.15316296 0.45341289 1.00167763 1.1732223
    0.376923472 0.747585356 0.69045341 0.94728446 0.853812099
    0.591102719 0.785980403 0.920552313 1.15648472 1.21028364
    0.584644794 1.17263019 0.701253355 0.547674119 1.36415613 1.02076304
    0.84719044 1.15154791 1.09929955 0.461178303 0.742277384 0.779410541
    0.845991492 0.41370216 1.11986339 0.335291386 1.28233516 0.853828132
    1.20827019 0.874452353 1.30155623 0.882754683 0.788165331
    0.508544564 0.613526881 0.77806735 1.06737351 0.581720889 1.14687216
    0.610433877 1.09951627 0.689271569 0.488257349 0.906793833
    0.871391296 0.851431787 1.1527549 0.417644411 0.479912788 1.12198806
    0.593453646 0.780658901 1.2588892 0.589852452 0.444300681 1.28389692
    0.811310887 1.06772447 1.32587481 0.900602877 0.566680849 1.26095223
    0.619011998 0.674814939 0.852527022 0.866736591 0.799485683
    1.28740191 0.963132501 0.876447082 0.731440485 0.457176149
    1.28098142 0.500357866 0.424631685 0.851972401 0.644157588
    1.22675252 0.901928127 1.22015536 0.929448783 0.630058885
    0.411073565 1.03898215 0.837200224 0.445824862 1.05938637
    0.677413106 0.451970637 0.971003652 0.889967561 0.855795145
    0.910314739 1.12935781 0.826045334 0.575181663 0.307335317
    0.819682658 1.08974469 1.17719448 0.915306151 0.999546826
    0.703521371 0.295025885 0.523490846 0.889055252 0.35863927
    1.24643838 0.932251275 0.392592847 0.711865902 0.948096991
    0.736358881 1.10468435 0.761300206 0.916842282 1.02769065 0.96550411
    0.856895685 1.1738894 1.17124224 0.96594727 1.19719434 1.08923566
    1.04476523 0.97410965 1.06190467 0.49327895 1.07286954 0.470374227
    0.663291633 0.5351367 0.314954996 1.26428032 1.15933597 0.759807467
    0.762912273 1.06259465 0.695959687 0.656072974 0.790800929
    0.798991323 0.526364326 1.26757681 1.07500958 0.883418441 0.98700738
    0.458858311 0.46143955 1.12350416 0.827130139 1.23555076 1.03508198
    1.13116932 1.00955129 0.516004384 0.879960239 0.957905114 1.01128268
    0.45662266 0.380798638 0.86789149 0.87089175 1.06256926 1.21604192
    0.527799726 1.22147536 1.06042945 0.286537796 0.329772502
    0.322238028 0.361037463 0.385083437 1.25023043 0.732694507
    0.849146187 1.25991464 1.22884691 0.562726676 0.793322206 1.3115027
    0.74139148 0.361097455 0.68002665 0.866175473 0.597882688 1.11186731
    1.12765634 1.28831148 0.785475373 0.476199508 1.24259806 0.479435205
    0.941068709 0.817698181 1.04376805 0.786902428 0.986246288
    0.382974774 0.573576033 1.02358007 0.935202301 0.514856279
    0.889028847 0.888694048 0.512119412 1.30497122 0.410313487
    1.07212782 1.2622925 1.24701035 0.935251534 0.993145645 1.15607023
    1.06693149 1.30386162 0.720772386 0.606191218 0.861160755
    0.535040915 0.644226611 0.982788444 1.25023007 0.713414192
    1.26704621 0.572865486 0.40194875 0.728048205 1.29305625 1.01940417
    1.12081635 1.19554043 1.02904391 0.661580086 1.04721105 0.779390156
    0.537250638 1.29282355 0.888549328 0.86853826 0.479840636
    0.417397618 0.327143341 0.735217571 1.22450089 1.14875245
    0.281572789 0.312892646 1.08200431 1.00366271 1.25557089 1.12566841
    0.799101591 1.17833161 0.594422102 0.558591187 1.01802909
    0.730847359 0.619322836 0.56774801 1.25475574 0.527989209
    0.660269201 1.04001307 1.22957897 1.03883612 0.542155504 1.32951021
    0.900598645 0.953446507 0.773159623 0.809384346 0.822270274
    0.956763685 0.375298172 0.966540873 0.671768367 1.10699844
    0.268335402 0.431670815 0.27173683 0.303612143 0.678805232
    1.10838127 0.443893105 1.10567486 0.760747075 1.06861031 0.891050994
    1.26788485 1.03331077 0.94565028 0.613715649 0.76127702 0.391106963
    1.25732255 0.329879522 0.81451273 1.06972432 1.26119411 0.906322181
    0.337805718 0.421063483 1.13426232 0.746641219 0.40397346
    0.303184032 0.369552374 0.579490781 0.882181644 1.2662288 1.08253694
    0.985203803 1.30064547 0.909860134 0.88018024 0.891410708 1.27900505
    0.504367471 0.88053149 0.576763809 0.676945925 0.327052653
    1.20432091 0.492003232 0.688350499 1.00281596 1.2747556 1.01506019
    0.644914031 0.478796512 0.566471815 0.950637579 1.01324916
    0.768936157 0.383156151 0.911984086 0.799382687 1.04225457
    1.05551076 0.290979266 1.15302896 0.362574905</data></your_img>
</opencv_storage>
