<?xml version="1.0"?>
<opencv_storage>
<g>1.02</g>
<r>4</r>
<L2_diff>106.76543091410663</L2_diff>
<filter-type>0</filter-type>
<circular>1</circular>
<test_img type_id="opencv-matrix">
  <rows>128</rows>
  <cols>256</cols>
  <dt>f</dt>
  <data>
    0.577082753 0.255015373 0.425890148 0.409327358 0.3929317
    0.448816955 0.237526506 0.293700874 0.202130407 0.00537666678
    0.752237737 0.899358034 0.769018888 0.68175602 0.260799676
    0.984602332 0.0551786423 0.388714969 0.805533409 0.299897134
    0.895930171 0.298898458 0.606647253 0.578436434 0.364213854
    0.269128382 0.682700992 0.361739457 0.542603791 0.924389124
    0.582783341 0.767714977 0.497318834 0.960733533 0.955330431
    0.625527382 0.729740739 0.314627707 0.631207824 0.566233814
    0.272957802 0.209774047 0.596514106 0.863980174 0.887838602
    0.482658625 0.111197263 0.781921864 0.154636413 0.933313847
    0.809344769 0.799755931 0.415645301 0.445241302 0.712848544
    0.391169995 0.830923438 0.452324957 0.934391499 0.798478007
    0.617224753 0.653184712 0.172956496 0.582030356 0.228532732
    0.00203302503 0.246782809 0.671663702 0.243210822 0.398365408
    0.27196303 0.190332294 0.392408907 0.674324393 0.434491098
    0.880113006 0.510898769 0.413728476 0.25532794 0.0726544559
    0.251865625 0.318876505 0.496102929 0.718623817 0.049097836
    0.476817757 0.984665453 0.81008935 0.565392792 0.315054953
    0.640016258 0.211934805 0.0657891929 0.886751413 0.330819309
    0.463213891 0.926423728 0.231443733 0.234067351 0.601244152
    0.858183384 0.617199242 0.76777494 0.259898484 0.344164848
    0.854872823 0.742796063 0.285094321 0.416962415 0.214540303
    0.496224314 0.137505949 0.285142183 0.0814169049 0.410968453
    0.518505275 0.127781302 0.907223582 0.492225528 0.941484809
    0.185964167 0.552637041 0.792391837 0.275656551 0.0304959416
    0.326220125 0.212369889 0.215179592 0.31666708 0.0586131215
    0.774782419 0.791754723 0.266886175 0.753575325 0.504580021
    0.315148771 0.248024911 0.877756357 0.794800997 0.898115575
    0.244514614 0.636137724 0.994508028 0.707448184 0.775374293
    0.930950522 0.569545209 0.596639812 0.835689247 0.679072082
    0.766676664 0.917169154 0.257101744 0.159504443 0.453789711
    0.355041742 0.291033626 0.153946877 0.79831326 0.117561966
    0.236526549 0.934910476 0.665348291 0.773560643 0.0347532332
    0.0563235581 0.496106237 0.298949182 0.477851033 0.370862007
    0.137289494 0.560846806 0.537713885 0.336836874 0.310109198
    0.146037966 0.0566244721 0.244016349 0.604356766 0.959927678
    0.592066228 0.322429091 0.762898326 0.803676307 0.972249329
    0.394483805 0.959786057 0.742699325 0.702328026 0.64625299
    0.276869297 0.0261568129 0.148115277 0.274594128 0.576666355
    0.885249853 0.340275735 0.758062482 0.715583384 0.733541727
    0.776304662 0.426490903 0.0394241512 0.466637731 0.813252807
    0.331902325 0.919266582 0.469530284 0.201993763 0.114866138
    0.219778746 0.0652577579 0.735007703 0.868684292 0.591458321
    0.183444053 0.1710774 0.97893405 0.741233885 0.650288343 0.906275034
    0.188851118 0.782508492 0.790615201 0.71338129 0.364362836
    0.623713851 0.739948332 0.418828219 0.585957706 0.459671557
    0.0376403332 0.785045624 0.28515029 0.0787912309 0.525334001
    0.683971882 0.591704428 0.699009061 0.084220469 0.947511196
    0.294780135 0.972912669 0.861396015 0.821384132 0.319304496
    0.612440825 0.65219295 0.179104924 0.837376714 0.431025714
    0.165699422 0.473552108 0.315514207 0.224086463 0.373248994
    0.999834657 0.402451366 0.573709667 0.446428776 0.412003398
    0.705048144 0.419483602 0.880540252 0.659850478 0.377565861
    0.636703908 0.850558639 0.558050752 0.0165157616 0.0456274748
    0.581539273 0.452472508 0.00271454453 0.125550091 0.597038865
    0.271802008 0.869846106 0.912522197 0.751789927 0.0686799288
    0.941610932 0.712027907 0.660294652 0.762044191 0.495899856
    0.832800031 0.394239485 0.348048747 0.80561316 0.218121588
    0.878376365 0.323046267 0.532381773 0.314080745 0.233623505
    0.980510831 0.948335588 0.877728105 0.50149101 0.550432742
    0.0497059524 0.65546906 0.171129078 0.777059674 0.721182108
    0.474142581 0.53812176 0.675442934 0.37552008 0.108574033
    0.794110835 0.803883672 0.53731817 0.842271209 0.133400738
    0.89457345 0.124257118 0.925096512 0.270322561 0.325206339
    0.600957155 0.429161519 0.663156509 0.41320914 0.049851805
    0.956175625 0.657515287 0.175219238 0.925028563 0.959231615
    0.914651275 0.655260444 0.87568891 0.640713215 0.424419612
    0.150172114 0.802324891 0.431348205 0.98007524 0.794393897
    0.370892406 0.359385729 0.02397421 0.309686363 0.487772822
    0.703941643 0.620588124 0.0518161356 0.772297621 0.902547121
    0.735429227 0.137950867 0.734758258 0.898096442 0.670806289
    0.440756112 0.50955677 0.130912721 0.256748736 0.563637435
    0.723372638 0.389635444 0.249939233 0.519612372 0.290433586
    0.309610277 0.434157908 0.233653694 0.389071614 0.46302104
    0.160539687 0.606290579 0.204783946 0.615017891 0.291617602
    0.677096248 0.138459623 0.412540555 0.854646504 0.137569338
    0.871079147 0.0152366161 0.713648558 0.140335709 0.240926385
    0.655712008 0.235014319 0.806281567 0.690035164 0.295626849
    0.58972019 0.158756465 0.977294922 0.750141025 0.595679879
    0.875254989 0.777856588 0.182539374 0.324785709 0.745630503
    0.221531957 0.302765131 0.94609797 0.54735744 0.334238231
    0.632490039 0.518192351 0.871431947 0.624349475 0.89832592
    0.874479115 0.572866201 0.557086527 0.636039138 0.0348846614
    0.469293565 0.0741221905 0.667070985 0.0701644421 0.010904938
    0.342930615 0.790495872 0.4897888 0.910957932 0.150332749
    0.992804527 0.443491638 0.984169006 0.720275104 0.988001943
    0.594094217 0.557526171 0.416817367 0.56864351 0.479558438
    0.127902299 0.295557976 0.483497828 0.176166117 0.51293695
    0.154283136 0.148122817 0.0257000625 0.65602684 0.14561075
    0.198279291 0.159462452 0.89915216 0.603247821 0.597993791
    0.913685322 0.410239816 0.296296835 0.614204049 0.491302848
    0.124803096 0.0214906633 0.246545762 0.723987162 0.493667543
    0.645448864 0.333101213 0.232911855 0.538432896 0.936769485
    0.686423659 0.429603994 0.235177457 0.0691657066 0.238084763
    0.538082063 0.325639665 0.00860992074 0.870953441 0.6583547
    0.328634977 0.140071839 0.175964475 0.77256918 0.325144768
    0.674122155 0.369416177 0.326702356 0.0931690335 0.469500959
    0.793252468 0.87795198 0.0565361381 0.154620081 0.0853096247
    0.389679253 0.710361362 0.639320314 0.466165632 0.3603113
    0.897329748 0.217611849 0.963784575 0.085766077 6.01410866e-05
    0.839537024 0.665779591 0.71400404 0.45891729 0.783531308
    0.138758242 0.745423555 0.477826536 0.463469505 0.710896969
    0.99326551 0.0534015 0.0806576014 0.522622466 0.484572291
    0.815658569 0.629837334 0.448481619 0.925575256 0.588075697
    0.803521514 0.288099051 0.0934505761 0.902608156 0.834601045
    0.690162897 0.0327152312 0.927681684 0.00465646386 0.858994186
    0.45396632 0.535449803 0.685340285 0.0261465013 0.709893107
    0.526809096 0.688550711 0.815275967 0.937221289 0.619497776
    0.718586385 0.551038206 0.0081821084 0.905549467 0.892892241
    0.557943404 0.699735522 0.891092181 0.907041788 0.492184192
    0.560375154 0.401399553 0.182202637 0.993005693 0.20038715
    0.374067694 0.0470498502 0.831738174 0.180673271 0.512836754
    0.150692195 0.908951402 0.480878085 0.673450112 0.38076368
    0.931542873 0.823136985 0.438696712 0.476391822 0.825296164
    0.610362887 0.0140611231 0.0462742746 0.0418258607 0.969307065
    0.558389962 0.979653358 0.578946233 0.396344572 0.676959574
    0.606298089 0.959681749 0.03308478 0.885587096 0.157733679
    0.819228172 0.21422416 0.618514955 0.590971649 0.759105802
    0.696226239 0.824297667 0.214352936 0.816890478 0.989040673
    0.424312711 0.527572095 0.517597795 0.697506368 0.792966485
    0.484101415 0.181615531 0.104388624 0.395017087 0.714387476
    0.798174858 0.508984208 0.681374967 0.430813134 0.842465103
    0.583931267 0.436117679 0.323656738 0.981395304 0.305633008
    0.742323458 0.942945242 0.129580766 0.635205686 0.84527564
    0.947689772 0.131147861 0.120479703 0.102266878 0.159387499
    0.353289604 0.406622291 0.627072513 0.463503569 0.179496944
    0.516325176 0.535695434 0.0653107166 0.0686527491 0.0948427022
    0.11679399 0.591668248 0.818502665 0.729475498 0.147523552
    0.222374141 0.773283124 0.150815278 0.162937909 0.205496013
    0.258385003 0.0382394195 0.237086684 0.362933874 0.564240813
    0.815939367 0.903547287 0.132168442 0.450109035 0.411031097
    0.0482861996 0.905109048 0.048915267 0.788066864 0.471313924
    0.711273849 0.937512875 0.862705231 0.0331226289 0.021368593
    0.97249037 0.34536168 0.479214013 0.792306542 0.640155911 0.9915272
    0.470843732 0.526051164 0.882375658 0.869237661 0.313165724
    0.0899147093 0.626244128 0.521279216 0.628065109 0.849341512
    0.733484387 0.744992375 0.213328242 0.737050831 0.478537858
    0.28150034 0.446528733 0.604433596 0.587646961 0.469583333
    0.582615018 0.543831587 0.916667461 0.764301181 0.101251453
    0.220779538 0.885863185 0.581729829 0.645689487 0.941182971
    0.0755662918 0.189974546 0.410731226 0.368657529 0.977901757
    0.817174852 0.507670403 0.261677027 0.406137347 0.781299353
    0.630064607 0.710588634 0.171858817 0.865770221 0.152039289
    0.581013381 0.119410008 0.289660275 0.708011389 0.252947718
    0.381511331 0.903093457 0.659331083 0.347805262 0.751143336
    0.746657133 0.779930949 0.870086193 0.305160999 0.152150333
    0.265535176 0.315524489 0.674995601 0.123315811 0.441690505
    0.347254038 0.989523053 0.384318739 0.116100937 0.027330786
    0.275206506 0.566944957 0.679297209 0.380924106 0.608909488
    0.501797557 0.240242302 0.912256122 0.198080331 0.487695128
    0.418015003 0.262783051 0.485276252 0.0246075392 0.0232183337
    0.769352555 0.869525909 0.0794305205 0.598716617 0.417990297
    0.952167094 0.904959917 0.114970833 0.882149339 0.494242728
    0.943814754 0.796173751 0.857648492 0.589951277 0.81829071
    0.17864269 0.367690027 0.872628689 0.136516899 0.53194952 0.10697341
    0.126103133 0.796655416 0.115184158 0.499053121 0.976505041
    0.576858521 0.907552719 0.17271167 0.486465484 0.786819458
    0.265819132 0.915377021 0.66883266 0.00346830487 0.0322850347
    0.537668049 0.324546218 0.242197961 0.0543242097 0.827643573
    0.291677028 0.989032269 0.00337180495 0.892971396 0.260218948
    0.471408218 0.518126488 0.0235634744 0.852401197 0.450345576
    0.729093611 0.0483793318 0.794139266 0.18619138 0.191039681
    0.0976204574 0.127450496 0.322472811 0.263038009 0.248989314
    0.31783855 0.488453388 0.0463795066 0.587186515 0.937802732
    0.394423306 0.516493559 0.56258899 0.816544235 0.0507161617
    0.625984251 0.741914988 0.663031578 0.494220138 0.708021402
    0.987713814 0.992248058 0.672109008 0.00516811013 0.171986014
    0.629939497 0.674122989 0.797004104 0.249445558 0.582757831
    0.897358418 0.922983646 0.765754163 0.974972188 0.691372275
    0.95513916 0.165383756 0.241934091 0.934493184 0.00652718544
    0.0100315213 0.882053256 0.0769216716 0.029620409 0.700094163
    0.48839137 0.813706994 0.344433904 0.77456069 0.830371082 0.302506
    0.891544759 0.430928648 0.720994592 0.955947578 0.18571642
    0.0951277316 0.0349985063 0.839297235 0.975218177 0.539538741
    0.836930931 0.486757278 0.612654626 0.457445323 0.442669511
    0.492653847 0.96131444 0.0192942321 0.904902637 0.683931112
    0.414949387 0.0880308151 0.133028835 0.656614184 0.179308712
    0.584740102 0.217061281 0.686338186 0.845862389 0.755007148
    0.396581769 0.857873201 0.825264275 0.26603356 0.376409173 0.5955652
    0.209730804 0.908555627 0.85977 0.82228601 0.133969963 0.109611928
    0.772708476 0.00512370467 0.288363934 0.465724021 0.757050872
    0.576595426 0.733469486 0.791243792 0.693149686 0.929767311
    0.922237277 0.65052104 0.521608949 0.129066676 0.147267312
    0.428660154 0.0687379539 0.0054795444 0.0812404156 0.860338807
    0.913548589 0.107079357 0.704822063 0.624378324 0.611186981
    0.84343195 0.12738058 0.755151987 0.988252521 0.798115969
    0.408719629 0.203265429 0.284558833 0.499599129 0.962649643
    0.408889681 0.296595991 0.887978077 0.538053274 0.699103594
    0.702051878 0.179627568 0.739329934 0.176178873 0.202726364
    0.14504084 0.221920818 0.0352645218 0.355657518 0.467461079
    0.288643062 0.690379381 0.291055679 0.820421934 0.949140728
    0.550731122 0.116059244 0.441936135 0.599819422 0.438455582
    0.271786213 0.132367581 0.784179151 0.58356142 0.444355816
    0.275941312 0.715237975 0.911384702 0.371258587 0.269882023
    0.0742816329 0.697187185 0.164600611 0.375028938 0.651775956
    0.613690853 0.321319759 0.998847783 0.0581622124 0.393580616
    0.178564638 0.506494284 0.054630816 0.885013402 0.951880813
    0.0479508936 0.831338942 0.540451288 0.588002801 0.484716266
    0.637747526 0.331050187 0.226735085 0.027831316 0.61491096
    0.24848935 0.203509331 0.721710801 0.868511498 0.0732594728
    0.403619498 0.964775503 0.183895886 0.078576386 0.54070121
    0.857018709 0.841975629 0.0878714323 0.815505326 0.352625072
    0.225229442 0.907361984 0.491832197 0.600099623 0.265139163
    0.723746836 0.593769073 0.253457338 0.0199763775 0.660971522
    0.407085299 0.0193218589 0.646498561 0.0202200115 0.219593614
    0.576670885 0.0738513768 0.719470739 0.557105184 0.281229854
    0.67739737 0.452634603 0.18549794 0.0406679809 0.312606573
    0.319880784 0.148919225 0.40728873 0.597189784 0.326697826
    0.97992444 0.856000602 0.868908763 0.399065882 0.581529319
    0.169962019 0.3894777 0.0916302502 0.844425678 0.390057623
    0.787904739 0.109312803 0.557719588 0.514344394 0.587080777
    0.591289163 0.0830039382 0.590423107 0.260098457 0.827615261
    0.00333124399 0.302496493 0.414193302 0.818868518 0.323703259
    0.24550578 0.897114515 0.849329233 0.922522843 0.154078752
    0.116203547 0.751181006 0.487589628 0.178768605 0.295526981
    0.958602428 0.923975468 0.609722674 0.528251946 0.331875503
    0.340456963 0.551541567 0.512693167 0.0891959667 0.349125624
    0.446311891 0.854864717 0.868085623 0.70217222 0.226968437
    0.548509896 0.626000524 0.668040335 0.493739963 0.976320446
    0.220311642 0.792518139 0.534130692 0.661142111 0.914476275
    0.275550425 0.0446430445 0.239697993 0.794636369 0.36885488
    0.322305977 0.0262047648 0.178391695 0.694151521 0.803861141
    0.303289652 0.798556209 0.827324629 0.258223057 0.506203592
    0.892228603 0.580595613 0.2178877 0.301215917 0.317418218
    0.276795208 0.753278196 0.141531408 0.542479932 0.304854095
    0.855260611 0.383662403 0.393638909 0.830890179 0.535413802
    0.70876199 0.250158608 0.684243083 0.594347417 0.996678233
    0.898501039 0.704265952 0.630507767 0.763179541 0.0913441479
    0.155211598 0.743756235 0.392144948 0.752961993 0.71171385
    0.87774241 0.490589738 0.428889781 0.451877564 0.720164299
    0.995840073 0.138908118 0.00823226571 0.257819533 0.0898448527
    0.531635404 0.338296145 0.0209215581 0.715700865 0.620813489
    0.380063146 0.961697459 0.16903615 0.37240836 0.668782234
    0.671365857 0.428977132 0.825367928 0.978916407 0.542889535
    0.658208191 0.458732337 0.59491539 0.783095717 0.100645542
    0.240336329 0.513094664 0.140327334 0.561443865 0.525057197
    0.543751597 0.695451379 0.960213125 0.307167739 0.0557871461
    0.0443663299 0.277604163 0.437337756 0.830702841 0.32710138
    0.463707685 0.448422879 0.267261088 0.765029311 0.488994032
    0.0188158453 0.68356663 0.3301965 0.282817364 0.197643816
    0.301421165 0.712840974 0.681404114 0.526296079 0.28071481
    0.121955693 0.660134494 0.388768762 0.250663459 0.16404444
    0.814636588 0.73151654 0.817393899 0.0992050171 0.551785648
    0.980156779 0.629435241 0.930450201 0.761397958 0.409199268
    0.494743764 0.944048762 0.315712392 0.666023135 0.317617297
    0.418494701 0.398664236 0.384809732 0.00801479816 0.92785871
    0.245654553 0.59448272 0.876906872 0.568952858 0.423455626
    0.806393802 0.0234084725 0.47882244 0.0512573421 0.216468185
    0.526541114 0.0959321856 0.830813646 0.749911964 0.458182365
    0.426495671 0.569615602 0.315611124 0.468673944 0.0943730772
    0.805534124 0.740794659 0.579651535 0.955156088 0.527602732
    0.118285954 0.0831083953 0.39255771 0.0499241054 0.735883236
    0.350461245 0.705654144 0.484279662 0.0138404369 0.105388612
    0.329119325 0.0361502767 0.691717148 0.868778408 0.909393191
    0.695769548 0.299965262 0.834252834 0.448146939 0.611939311
    0.643599272 0.170836002 0.777791142 0.839175403 0.651531756
    0.289117604 0.811752677 0.676225007 0.855962873 0.172905505
    0.0724147558 0.822911859 0.2515499 0.240645915 0.961217999
    0.755738378 0.824008882 0.444972873 0.474790365 0.545212746
    0.73767525 0.919973612 0.257287443 0.243720949 0.728628576
    0.0367372036 0.910783648 0.863490224 0.694733381 0.289071679
    0.892990708 0.793562353 0.224110663 0.94248116 0.620709121
    0.526869178 0.309672296 0.782261252 0.386132538 0.325595498
    0.0851575136 0.183078706 0.28896445 0.407734632 0.126979321
    0.274319887 0.476467252 0.678206742 0.631539822 0.293115079
    0.791497231 0.902753234 0.764047861 0.160996586 0.550676107
    0.113890827 0.180205256 0.926029325 0.309342802 0.075302124
    0.920180917 0.785713017 0.727188647 0.404064834 0.975086331
    0.352064371 0.0981599391 0.446328193 0.331457257 0.0888438821
    0.843388081 0.685092688 0.770390987 0.0078574419 0.928148568
    0.436629474 0.686541498 0.697883129 0.252153277 0.109668404
    0.339600861 0.378275156 0.0668441951 0.111533135 0.634687304
    0.528514981 0.37324968 0.718542278 0.541485429 0.75989908
    0.328900397 0.428443551 0.417473018 0.826220274 0.422627181
    0.321900606 0.876047134 3.87430191e-06 0.837183118 0.00880676508
    0.960607708 0.302335799 0.829106927 0.394860983 0.817953944
    0.781142592 0.829684854 0.0884906948 0.778571784 0.18732366
    0.13679406 0.928329945 0.841876805 0.145468086 0.82552743
    0.539815903 0.722422957 0.790749073 0.473709255 0.24493289
    0.945183277 0.198372006 0.115297139 0.0724039674 0.404123247
    0.536751866 0.474640608 0.192956358 0.45547846 0.169992 0.598558962
    0.618285298 0.306462258 0.283813894 0.668742418 0.184668988
    0.71578294 0.704029143 0.962390304 0.762445927 0.556138575
    0.42663914 0.62147963 0.485606521 0.198809683 0.55969125 0.367401302
    0.208411157 0.985895455 0.0337085426 0.855383396 0.149997145
    0.708970428 0.354632497 0.753998518 0.406571269 0.703070164
    0.491999894 0.403295815 0.720448077 0.248879611 0.195870697
    0.0610679984 0.544059753 0.698302329 0.427529335 0.89025408
    0.612736344 0.0728693902 0.855634987 0.423389614 0.619632006
    0.49358806 0.575011075 0.889711618 0.0606925189 0.913929582
    0.8159554 0.422419786 0.771802425 0.828761697 0.872225165
    0.201814115 0.28589952 0.512634337 0.0208697617 0.685093403
    0.972987533 0.353525966 0.105363846 0.596958041 0.892233551
    0.00983789563 0.42515254 0.243818492 0.308916926 0.27693516
    0.121494919 0.423811585 0.553868711 0.261515737 0.916422904
    0.722779393 0.345785201 0.381504625 0.0164296329 0.479595691
    0.406080484 0.322571397 0.888811946 0.91610527 0.962006569
    0.316629291 0.439217746 0.364136577 0.325598717 0.855783582
    0.524354935 0.245306462 0.585207701 0.74068433 0.868175864
    0.891330838 0.117272347 0.75861913 0.97028923 0.833199501
    0.482439548 0.379835904 0.953375876 0.0530767441 0.574644923
    0.0348959267 0.297277719 0.990967274 0.49735111 0.102564692
    0.16825214 0.366545677 0.880824447 0.946064115 0.228031844
    0.366450816 0.150038809 0.0388381481 0.0210787058 0.144288361
    0.884333491 0.244245023 0.768080056 0.358445168 0.233050674
    0.567418456 0.521420777 0.724331677 0.219750971 0.0886525214
    0.0711979866 0.527107358 0.809899092 0.917384982 0.903541446
    0.301037312 0.275621831 0.414308757 0.705787241 0.0287988484
    0.0828034878 0.833322227 0.505027235 0.960562289 0.712865293
    0.948398829 0.751015782 0.965903759 0.165970534 0.13324067
    0.385797054 0.323554337 0.64078635 0.698963106 0.316564202
    0.251755297 0.0549073517 0.399893463 0.359167218 0.57455343
    0.256090581 0.182069451 0.943529367 0.234088928 0.500804484
    0.347398698 0.622709751 0.628800035 0.0999656618 0.815617263
    0.819385767 0.458482295 0.289973497 0.473457932 0.733650208
    0.911340356 0.960374475 0.238739967 0.502053201 0.978777945
    0.193107605 0.361746252 0.113773912 0.622015715 0.534957707
    0.710544944 0.919638216 0.506263614 0.326057047 0.287775964
    0.762274623 0.617055774 0.931879342 0.450532436 0.623774767
    0.749977946 0.442952126 0.338361621 0.714328289 0.41859743
    0.10789749 0.273916274 0.892451108 0.364524662 0.951992214
    0.712585568 0.264428467 0.513008893 0.251148582 0.75398922
    0.43290928 0.558524489 0.0300270021 0.598065674 0.15378055
    0.305135608 0.433398336 0.632498085 0.585442483 0.218797207
    0.965672255 0.980459809 0.493046165 0.824362099 0.437367439
    0.787304282 0.717520416 0.214773089 0.899056435 0.584023476
    0.718910396 0.618365407 0.540693521 0.253049254 0.224964082
    0.381975979 0.0804709196 0.222029418 0.0490005612 0.115268588
    0.384674847 0.251748741 0.341322362 0.266644776 0.789215446
    0.582584321 0.216763496 0.800582886 0.563880146 0.0445860922
    0.900464892 0.500694811 0.341895074 0.044996351 0.739540339
    0.241233528 0.297911346 0.748657703 0.191763729 0.180782169
    0.326413453 0.921058178 0.795922995 0.399743795 0.857148051
    0.710578024 0.741005063 0.808317959 0.364113212 0.230701953
    0.792075038 0.277521789 0.547713578 0.914937377 0.728423476
    0.191742748 0.761282444 0.16821605 0.352385879 0.170124382
    0.976979733 0.819112062 0.522773087 0.266482085 0.310448676
    0.31323415 0.0111959577 0.510554671 0.0830824077 0.332657456
    0.967777908 0.986578047 0.949143589 0.991238117 0.67106986
    0.438234091 0.847816229 0.638474524 0.693315268 0.899429858
    0.108151197 0.0650703609 0.186361879 0.695485651 0.0484029353
    0.356870294 0.498448133 0.264731586 0.530026495 0.908370852
    0.020265907 0.0687939823 0.721514344 0.117099792 0.110678792
    0.395376176 0.355372429 0.306795686 0.82821548 0.612988174
    0.782301545 0.697158933 0.763645649 0.940952003 0.233510494
    0.856837749 0.451348841 0.360956311 0.764062107 0.420853019
    0.11677447 0.118671894 0.714897513 0.134479702 0.127466291
    0.215126365 0.549730182 0.347132444 0.497638851 0.216495931
    0.584245861 0.867141485 0.0709173083 0.704579949 0.759376705
    0.20458737 0.918691754 0.231797516 0.977362394 0.679822266
    0.262834907 0.368123233 0.546497643 0.769301355 0.197764784
    0.10441947 0.575862288 0.406100333 0.0204582512 0.449542016
    0.442316562 0.472543836 0.00596293807 0.790688038 0.713981509
    0.862899125 0.762511373 0.543896198 0.00569987297 0.327906579
    0.0140857399 0.850857973 0.0387614071 0.9402318 0.205631971
    0.860301495 0.915672362 0.0969691575 0.854994178 0.840780258
    0.433552206 0.314527124 0.996468663 0.535289526 0.975029707
    0.893875122 0.481133372 0.879691005 0.052715838 0.647461951
    0.0923386812 0.880955935 0.959953189 0.193933457 0.490345597
    0.182170719 0.821913004 0.600950718 0.166818887 0.759126008
    0.862279415 0.394886523 0.493940085 0.469071478 0.245332271
    0.897298336 0.983026743 0.901343286 0.731168032 0.822127104
    0.979260564 0.27071923 0.157829374 0.569720984 0.972742796
    0.631547093 0.816152573 0.225148857 0.807585657 0.575949073
    0.906302631 0.483981609 0.939983964 0.153146803 0.190212101
    0.648665786 0.00965309143 0.552332163 0.971271873 0.861946821
    0.542941213 0.585686922 0.408504695 0.285175323 0.920386195
    0.0152827203 0.314854354 0.761100888 0.959070086 0.202474862
    0.0422173142 0.874052048 0.112684906 0.769084215 0.174820811
    0.100854963 0.0364929438 0.737332761 0.475876272 0.0613897145
    0.961898565 0.704463601 0.451232255 0.745133102 0.263739079
    0.685634375 0.77600646 0.245655924 0.992732644 0.710355937
    0.540645659 0.0349484682 0.407622367 0.425853521 0.465294689
    0.574838042 0.250762016 0.66977787 0.669892728 0.603330076
    0.0422509611 0.247751266 0.129932493 0.62305975 0.503023267
    0.608811915 0.835959911 0.729244828 0.478991151 0.580907941
    0.449551523 0.692101538 0.800206661 0.301037312 0.449965 0.600111127
    0.25589633 0.926486433 0.753091037 0.839048147 0.295808315
    0.142913222 0.809318781 0.861539066 0.733634114 0.770778298
    0.0875222385 0.0323064923 0.0275060534 0.761545122 0.233653784
    0.197747558 0.088391006 0.804203033 0.949012041 0.41346249
    0.621881247 0.0450669527 0.996302247 0.109666467 0.499913841
    0.75293076 0.277853847 0.0670994818 0.808383107 0.429684788
    0.768659949 0.156545699 0.720876336 0.533804893 0.456137747
    0.957557142 0.554210961 0.55509299 0.707443058 0.388349593
    0.196311623 0.973847151 0.0470083058 0.379786968 0.51999861
    0.415344357 0.834117055 0.945220828 0.340890616 0.473777592
    0.778639495 0.719721198 0.525872052 0.916707873 0.897601128
    0.0123895407 0.942045867 0.21689716 0.435581803 0.75282228
    0.307896852 0.0464866459 0.663053393 0.868563652 0.63977313
    0.130750418 0.791973233 0.0277168453 0.274301052 0.925061882
    0.25651294 0.293683946 0.872452199 0.872157335 0.715331495
    0.434643805 0.0402036607 0.49954161 0.909368753 0.967752934
    0.709831297 0.127125204 0.582426369 0.667164326 0.278830856
    0.87394619 0.376387566 0.853563011 0.138768405 0.0602639616
    0.148950517 0.481251776 0.326750159 0.628051162 0.420316815
    0.256058097 0.661166549 0.31627804 0.768492222 0.705482781
    0.117557794 0.511999428 0.672354281 0.676828682 0.0123125613
    0.644652963 0.0191654563 0.040309608 0.274370223 0.586332262
    0.969706714 0.760894418 0.980669498 0.0329584479 0.500889778
    0.262418211 0.550348699 0.180731028 0.684656084 0.422091722
    0.553532481 0.0646562874 0.293240607 0.547093093 0.723204613
    0.283676267 0.173972338 0.425691634 0.379570782 0.34014523
    0.864078283 0.741430044 0.559604049 0.0708153844 0.00186347961
    0.477351755 0.655712426 0.680703878 0.516906679 0.171917468
    0.137539953 0.289855063 0.198778331 0.826159716 0.670853198
    0.0550773144 0.0631726384 0.492302686 0.525155902 0.663277805
    0.505537331 0.679839969 0.28407526 0.659462154 0.381599456
    0.71368283 0.538688004 0.819793582 0.489489287 0.510430455
    0.692227483 0.531056762 0.80936408 0.875951648 0.905072927
    0.500747144 0.407074064 0.734167993 0.69979161 0.17938453
    0.339868128 0.85796237 0.334036648 0.592923284 0.513160586
    0.0278303325 0.29103756 0.268752635 0.499390066 0.383390576
    0.723630071 0.0123686492 0.958187461 0.217293829 0.170768231
    0.412921935 0.882189155 0.576296926 0.453467846 0.966276109
    0.933527172 0.926661491 0.381053329 0.202107579 0.315943927
    0.160381764 0.463256657 0.085267812 0.812388897 0.871538162
    0.0232267976 0.992135525 0.866312563 0.540333688 0.429761946
    0.793097734 0.600678861 0.390002072 0.450600088 0.374209464
    0.489307165 0.00589039922 0.442084908 0.72562623 0.150294125
    0.305837244 0.261955023 0.707535505 0.777333319 0.143151373
    0.581236303 0.880151749 0.501572788 0.210905761 0.943620324
    0.922194481 0.584100008 0.511371136 0.637630939 0.525440931
    0.182928354 0.494445533 0.56063658 0.518101692 0.319071174
    0.707312584 0.512258649 0.501538754 0.862055004 0.61090982
    0.227629393 0.817702413 0.273111761 0.504451096 0.916967511
    0.0800001323 0.729498863 0.401015431 0.685615301 0.465560436
    0.923553467 0.304437399 0.675389051 0.55227828 0.388949573
    0.106327832 0.903496504 0.218080044 0.846876025 0.405430138
    0.879246891 0.896344543 0.575157881 0.73629123 0.564368844
    0.033457756 0.829087734 0.128774107 0.684117675 0.697486758
    0.340328038 0.487285405 0.00327450037 0.950384855 0.379513651
    0.186478466 0.588933527 0.159898669 0.79954803 0.0825178027
    0.992492795 0.915893435 0.0206106901 0.952003658 0.191117078
    0.173593581 0.599070668 0.916736007 0.478740603 0.985528827
    0.12962997 0.649104536 0.937794149 0.283208013 0.861667275
    0.244361162 0.869930446 0.97172296 0.0436434448 0.817093492
    0.956707239 0.276076287 0.763441563 0.643036187 0.647876859
    0.726140976 0.818423748 0.661496937 0.908642888 0.189209133
    0.355141133 0.731378317 0.720987082 0.321618199 0.254636645
    0.745460629 0.301663816 0.76002878 0.0651087165 0.364274025
    0.760177433 0.683559179 0.611958623 0.277588367 0.0366437435
    0.379561335 0.89985621 0.165819585 0.221595943 0.666242719
    0.492558986 0.0232973993 0.397239983 0.844307184 0.112625659
    0.378641307 0.0664141774 0.341232896 0.765646935 0.305286407
    0.134857237 0.72767216 0.374687135 0.245884269 0.631765842
    0.579936683 0.481767684 0.798621058 0.430894226 0.155160069
    0.109378934 0.26683417 0.179665446 0.0323056877 0.562212288
    0.847694099 0.901983023 0.354679406 0.714090526 0.0706539452
    0.0896617472 0.95061183 0.590600967 0.771619439 0.0552476645
    0.967962503 0.184752196 0.418208748 0.384997487 0.0734592378
    0.448345363 0.573740542 0.201208204 0.724572301 0.76302886
    0.446513891 0.238050163 0.653844953 0.581365347 0.047123313
    0.296727479 0.934083462 0.445747316 0.77409035 0.563688815
    0.719758511 0.0712023377 0.881153464 0.0763521791 0.923037291
    0.511919737 0.375319034 0.687603474 0.826442122 0.995712757
    0.0892216563 0.292996168 0.776215672 0.354686737 0.171345085
    0.898635149 0.772837758 0.15653196 0.501904547 0.887081325
    0.36701113 0.610258758 0.519921482 0.930507898 0.484882623
    0.701562583 0.685554504 0.230223477 0.788027048 0.734878063
    0.513957262 0.742976785 0.869114161 0.778440475 0.621981204
    0.540336609 0.690202117 0.916363358 0.781122804 0.990807056
    0.951488674 0.705897868 0.344119698 0.664035141 0.0669083893
    0.393634498 0.89813292 0.271267414 0.150618315 0.740062594
    0.524591923 0.309610814 0.374194682 0.827428102 0.874637425
    0.265372336 0.345382065 0.263096154 0.599205434 0.32221359
    0.340750933 0.272952139 0.620061576 0.988779187 0.0516912043
    0.239510268 0.150659114 0.829469442 0.271362245 0.450165778
    0.387736529 0.0558676124 0.42015022 0.192415178 0.150881082
    0.623767853 0.46668312 0.355709642 0.111526608 0.649979532
    0.607057035 0.900868058 0.0910573602 0.786689699 0.361181259
    0.396972775 0.583522558 0.872031689 0.605013967 0.0529547334
    0.994454741 0.262267947 0.0907282233 0.437895298 0.625876188
    0.99491477 0.867926121 0.00616502762 0.769583225 0.354749739
    0.489018589 0.422227174 0.0763878524 0.0659284294 0.705600441
    0.60482043 0.79777503 0.160451591 0.636988759 0.185746968
    0.532626867 0.121916234 0.564635575 0.986722231 0.457396269
    0.0258543789 0.49172017 0.949797034 0.730729163 0.785366058
    0.326482207 0.147941351 0.449545532 0.508410692 0.855364561
    0.0353795886 0.275469601 0.77227664 0.816408277 0.981933534
    0.656307101 0.980330467 0.439370126 0.737289906 0.838582516
    0.688329875 0.0164248347 0.843593955 0.756246209 0.0303777456
    0.0634855926 0.668972075 0.417574435 0.631192207 0.642815769
    0.693435073 0.926739335 0.520985544 0.180436045 0.650877416
    0.988766253 0.928004861 0.507115543 0.598888874 0.075961858
    0.208867341 0.354881644 0.226180136 0.0263959169 0.759291351
    0.43020314 0.77538079 0.0750015974 0.705604196 0.0929362178
    0.480619043 0.852864444 0.735602617 0.707733512 0.445220947
    0.711540759 0.231670976 0.443584234 0.566621065 0.569837272
    0.475391239 0.772627592 0.635103583 0.195736229 0.292366385
    0.323374331 0.811466515 0.716407239 0.846724391 0.920399249
    0.0591949522 0.778064728 0.478636503 0.865228891 0.212024689
    0.642855704 0.0302066803 0.298996657 0.423776865 0.194610149
    0.575345218 0.551428914 0.376077265 0.721338212 0.710784197
    0.256582618 0.899494171 0.240739733 0.743716538 0.934904695
    0.233017117 0.331148952 0.540316939 0.547124326 0.678186059
    0.325556397 0.0895873308 0.639703631 0.120211542 0.01569134
    0.0546545386 0.620735645 0.305715919 0.689962327 0.964405954
    0.311445057 0.23118946 0.14361459 0.980515003 0.619362652
    0.469057947 0.03949821 0.00366875529 0.268255949 0.777126551
    0.264078438 0.27383709 0.283069521 0.878730655 0.484392643
    0.881618261 0.787084222 0.51026535 0.627858162 0.973189712
    0.0509345829 0.944587827 0.0745786726 0.471838772 0.216076761
    0.0956057608 0.340792775 0.690863967 0.33637917 0.189598978
    0.383622974 0.594056666 0.163353235 0.703788877 0.2738446
    0.0900546312 0.570230186 0.651156127 0.77323401 0.390709937
    0.325254083 0.898530602 0.349762321 0.174997687 0.159140468
    0.860974312 0.801824868 0.990843475 0.832903385 0.770971179
    0.343275338 0.21575281 0.480206817 0.535347998 0.740938365
    0.172757447 0.366382957 0.653761864 0.759807765 0.409796536
    0.58848238 0.105054677 0.347761512 0.349807829 0.50627017
    0.162110776 0.446558565 0.354379416 0.896301806 0.712449551
    0.387203455 0.096788317 0.594921827 0.929182887 0.328828931
    0.077639997 0.809230328 0.628356993 0.864075005 0.885161996
    0.594705582 0.959573865 0.890476525 0.462947965 0.323998868
    0.230303913 0.0937939584 0.815584183 0.245237738 0.7128703
    0.571700096 0.320050597 0.128207564 0.0680179 0.764594078
    0.770849764 0.479088128 0.778028607 0.568666518 0.0110040009
    0.256945521 0.277881384 0.162660867 0.55301553 0.061997205
    0.0201933086 0.421604156 0.378101468 0.353615463 0.672078431
    0.758871615 0.271414727 0.0640999973 0.304213732 0.157232881
    0.726452947 0.273408771 0.229507774 0.0294686556 0.568282545
    0.153354943 0.615719199 0.0442990661 0.156113237 0.794499874
    0.32965523 0.465734392 0.941589355 0.0354267657 0.641909719
    0.938841939 0.102956682 0.998712659 0.525285661 0.945429921
    0.974079132 0.877264321 0.0360156894 0.917934 0.149939448 0.81480664
    0.805035591 0.406901956 0.524811625 0.657108843 0.220861852
    0.792640686 0.101009816 0.942920566 0.0275112391 0.79120338
    0.466181278 0.353820205 0.704508841 0.608701587 0.686940074
    0.810464919 0.830587089 0.536589146 0.0511026084 0.854054749
    0.655821085 0.456128389 0.170947999 0.299970686 0.917941868
    0.0890888572 0.644564152 0.434094459 0.890793681 0.610820413
    0.152879983 0.890009046 0.286299467 0.21763888 0.814195395
    0.562629163 0.990310192 0.342555881 0.804221749 0.820972681
    0.864415646 0.524663568 0.65501976 0.643717527 0.976340055
    0.22012201 0.613378167 0.025647074 0.563086748 0.996114731
    0.432792574 0.740531623 0.355117351 0.594090581 0.321089715
    0.166109562 0.377644151 0.327140123 0.937314093 0.821829438
    0.312862664 0.640914202 0.919039607 0.834918082 0.689300358
    0.0330735445 0.616746783 0.518149137 0.100970447 0.194894612
    0.744367898 0.899214983 0.446899474 0.972553015 0.869026661
    0.913989663 0.0894258618 0.113349915 0.111531347 0.281918526
    0.981579542 0.188150078 0.375842243 0.880982101 0.931448102
    0.466900706 0.597234845 0.242751777 0.426158547 0.150618225
    0.123843759 0.0955162048 0.558669746 0.874559164 0.0811288953
    0.798269868 0.759583116 0.873236895 0.926203132 0.304971576
    0.410837263 0.210333616 0.792734325 0.681854606 0.276652902
    0.918203294 0.970342636 0.10920316 0.447662026 0.336279392
    0.738932848 0.84169656 0.535495996 0.015743345 0.370896995
    0.456582129 0.270646155 0.120912492 0.490876436 0.310136825
    0.394760966 0.744053721 0.99686712 0.00797522068 0.565925658
    0.127632082 0.0735073686 0.80800879 0.904009342 0.595136762
    0.971146822 0.603254676 0.0818137228 0.786784172 0.983778715
    0.792411923 0.710653067 0.442496657 0.98595202 0.719671607
    0.745182693 0.288451016 0.144203573 0.138191998 0.937507749
    0.957059979 0.628185451 0.884860039 0.934628248 0.0689016879
    0.121209502 0.293820143 0.457360387 0.235847861 0.367384851
    0.250572592 0.791336179 0.318740845 0.835062981 0.0355208814
    0.172404468 0.668545783 0.320701897 0.286778271 0.738166451
    0.573564231 0.249127328 0.12995705 0.546791792 0.46952337
    0.422118276 0.773390412 0.0018312335 0.387396514 0.188195378
    0.373103321 0.576230824 0.855090618 0.411549419 0.794818521
    0.573661804 0.302286208 0.021920085 0.409764051 0.0493646264
    0.78958261 0.885678113 0.833359838 0.0640733242 0.0472548306
    0.257925153 0.884353578 0.769034863 0.726515949 0.799115956
    0.256380618 0.0329495668 0.0271934569 0.0451740623 0.759423733
    0.864902854 0.78431952 0.73805517 0.295045495 0.258522868
    0.713564813 0.162173331 0.902664065 0.765031576 0.512808323
    0.457035989 0.919409573 0.809839249 0.0651468039 0.663100123
    0.311112344 0.138526261 0.577831745 0.50230962 0.566066742
    0.173811913 0.241816968 0.0368497372 0.160488129 0.89359808
    0.883273363 0.891913414 0.0654275119 0.867891908 0.615513265
    0.0547350645 0.595571399 0.411794633 0.46386987 0.203098744
    0.0635007024 0.119796842 0.108778894 0.322805822 0.614545643
    0.0552097857 0.221762627 0.350999534 0.723899543 0.888870895
    0.189262897 0.283306718 0.260475993 0.100581586 0.509659708
    0.382529914 0.200753093 0.800018966 0.901211143 0.700333714
    0.579078019 0.463607311 0.180247873 0.604866266 0.849300146
    0.177305222 0.692752659 0.280003279 0.136362255 0.456005126
    0.953260541 0.468243062 0.443301588 0.834308505 0.698767066
    0.0123645365 0.243678898 0.261396527 0.892890215 0.695757329
    0.650082111 0.0271937549 0.608429968 0.205105662 0.580372632
    0.021135509 0.939784348 0.233690768 0.0410891473 0.300760061
    0.463860214 0.529180169 0.540919304 0.674224496 0.591245294
    0.476011723 0.0266387165 0.955501199 0.926250875 0.837453723
    0.516739845 0.00507506728 0.268375158 0.684926867 0.105901361
    0.0937888622 0.736703873 0.266089976 0.528835595 0.548481107
    0.0213640332 0.28686446 0.239740759 0.443823516 0.312705874
    0.73617661 0.132560611 0.980722606 0.225380957 0.533250988
    0.890512764 0.0173138082 0.641761959 0.260648131 0.258778989
    0.183171153 0.371499479 0.503457427 0.706127942 0.394951642
    0.274901986 0.696345866 0.266305566 0.77203095 0.782835782
    0.0149016678 0.695826888 0.269820154 0.709512651 0.993769765
    0.269922674 0.999438047 0.524158359 0.115875155 0.53681612
    0.782167733 0.540836334 0.310664386 0.420058221 0.533107996
    0.291635215 0.400205135 0.438229024 0.992305994 0.390671283
    0.452399611 0.784105539 0.25585404 0.340340614 0.485371172
    0.350827277 0.0983451307 0.814991832 0.854325294 0.760711551
    0.795458078 0.811063945 0.576372743 0.948344111 0.411485195
    0.516191781 0.288301289 0.211685121 0.96176374 0.674254537
    0.973945022 0.0811713636 0.554111183 0.244816065 0.504101515
    0.17092678 0.471000373 0.649467111 0.26413238 0.351665556
    0.834653139 0.690454304 0.814372063 0.861012697 0.1983082
    0.183203131 0.636113286 0.906884432 0.324218094 0.383480757
    0.423006773 0.127521157 0.656881928 0.140927166 0.535355031
    0.237646252 0.936458707 0.780135393 0.0706358552 0.943030298
    0.86908257 0.681905985 0.543239772 0.997484446 0.0788516104
    0.161058664 0.219040155 0.670183063 0.704274058 0.870731831
    0.0458585024 0.340719223 0.552336812 0.880048394 0.886278272
    0.482788622 0.01431638 0.68383944 0.763841748 0.00328421593
    0.881003737 0.507333517 0.648324609 0.364130378 0.990772009
    0.0435809493 0.526590049 0.334424496 0.409489214 0.040918529
    0.761249185 0.55155319 0.721189737 0.312294185 0.982678056
    0.541506886 0.547500134 0.801707983 0.317223787 0.137300462
    0.554007053 0.158664286 0.869501352 0.955842912 0.898131132
    0.659511089 0.25940156 0.561564684 0.594354033 0.299964845
    0.69851011 0.856545806 0.649285853 0.249344647 0.455616951
    0.11152029 0.833177805 0.649278283 0.385173857 0.596564889
    0.200804353 0.677301586 0.384619117 0.46647957 0.249347776
    0.581103027 0.610973001 0.538248599 0.951088786 0.117612392
    0.10140714 0.306895316 0.78608489 0.725208044 0.409901023
    0.121243626 0.833245873 0.271496713 0.0512993634 0.788233757
    0.618120551 0.96219182 0.643801093 0.502546191 0.769828796
    0.881718278 0.818890631 0.850492299 0.638256848 0.713783383
    0.0691849291 0.829347372 0.576566696 0.945846736 0.281069815
    0.781458497 0.675277531 0.808531165 0.107142508 0.941114426
    0.862172067 0.000216722488 0.475972176 0.925350785 0.197000295
    0.989254713 0.249180138 0.121703237 0.382577449 0.0465753675
    0.629243135 0.750736356 0.64206928 0.594118953 0.342859447
    0.169960856 0.510767519 0.861004055 0.0630787909 0.599497795
    0.327784359 0.877254367 0.691862702 0.152038604 0.595865786
    0.183481455 0.910193324 0.549183786 0.194139749 0.871106625
    0.0329509079 0.405727297 0.374450147 0.48929745 0.16332531
    0.0851357579 0.0752046108 0.741502166 0.548710465 0.618491769
    0.418639332 0.534828424 0.552343249 0.143394351 0.966298699
    0.778621495 0.876205206 0.484940559 0.622423768 0.0846562982
    0.210011542 0.603561938 0.933032095 0.0885457098 0.752619505
    0.890484571 0.598082781 0.717695653 0.261091799 0.198282063
    0.874590039 0.628301501 0.561317205 0.838368893 0.705807626
    0.604104698 0.891988635 0.391975641 0.818397105 0.813452125
    0.323559463 0.622730851 0.197275162 0.011292994 0.741254449
    0.350314349 0.186931282 0.403566837 0.680078745 0.148581445
    0.246792734 0.738508821 0.0529316366 0.782638431 0.771416545
    0.363214254 0.573888123 0.434152812 0.0155403018 0.776022732
    0.0129845142 0.629568815 0.752829015 0.562879801 0.13996765
    0.0438767374 0.501760602 0.571585476 0.0598288178 0.960223615
    0.693226755 0.277801871 0.127287984 0.94801569 0.969453931
    0.409300655 0.234604508 0.0974860787 0.00352975726 0.576595962
    0.930387378 0.0939110219 0.0934486389 0.366314828 0.774354458
    0.807967067 0.017226398 0.508262992 0.267378688 0.895417154
    0.492811054 0.942974567 0.313587904 0.763025939 0.220831156
    0.0147314072 0.92848897 0.90626204 0.388560385 0.49965018
    0.077257514 0.758696556 0.81326741 0.182810366 0.366980165
    0.813346148 0.190608799 0.920228958 0.800909162 0.516499817
    0.833487749 0.374502718 0.290348649 0.695211709 0.761136413
    0.0249392986 0.247986794 0.252959371 0.434372514 0.286054909
    0.487227201 0.224961013 0.404500365 0.706604719 0.101759523
    0.386168361 0.596749306 0.4752343 0.460504651 0.916861594
    0.741867363 0.137679487 0.849164605 0.576385558 0.157789677
    0.507649362 0.824030519 0.296978951 0.877238393 0.734496593
    0.748322487 0.695128918 0.010066241 0.172703505 0.75684607
    0.880503416 0.418698132 0.384983271 0.109662116 0.588346779
    0.936670244 0.899855614 0.715200543 0.744602144 0.399097532
    0.363850981 0.190993816 0.34420225 0.886290312 0.0944932699
    0.415737569 0.32770437 0.867436171 0.894923806 0.64638871 0.71638608
    0.663080156 0.392649829 0.892799437 0.330335259 0.0029270947
    0.117167026 0.469991863 0.0304594636 0.343824655 0.879943728
    0.524362862 0.957933068 0.480878115 0.694672704 0.428892374
    0.327744484 0.274736822 0.821976304 0.189606696 0.887739539
    0.914241314 0.495739192 0.710612416 0.225652039 0.348423749
    0.571910262 0.566173613 0.104157299 0.146166712 0.683636308
    0.0566459298 0.113766432 0.253067076 0.181300312 0.512335479
    0.673071444 0.889722466 0.0651340783 0.179731876 0.884632468
    0.74965018 0.484269708 0.676192045 0.161280125 0.623797119
    0.900059462 0.191171408 0.784198523 0.229990542 0.212525427
    0.396433771 0.622208059 0.220620811 0.777424335 0.403042912
    0.653623521 0.981096387 0.585877717 0.0548301339 0.195262074
    0.00187665224 0.834870458 0.634439945 0.454019397 0.173979372
    0.809597969 0.947206736 0.140507787 0.0317396522 0.355658829
    0.941635013 0.927867293 0.255684316 0.0928325653 0.338824511
    0.821404576 0.313095212 0.278269112 0.400886923 0.835702062
    0.0594290495 0.982740223 0.00786340237 0.895231724 0.551767707
    0.434962302 0.110811502 0.298898041 0.262147665 0.0831917524
    0.898456454 0.42555964 0.124311477 0.31629765 0.798773348
    0.563338101 0.170519471 0.671320856 0.611045241 0.719614148
    0.817583382 0.342310399 0.54256171 0.69942683 0.83221662 0.24817732
    0.746658981 0.875098228 0.811379671 0.976848006 0.111506313
    0.244309396 0.491249651 0.26320228 0.539396763 0.0149975717
    0.552654684 0.554279029 0.869429231 0.402354091 0.659444213
    0.603808165 0.917467237 0.731655538 0.422740042 0.0708707571
    0.712460935 0.818083882 0.597409308 0.47111094 0.520992875
    0.892523885 0.932454109 0.00962164998 0.276472539 0.164445937
    0.858130097 0.837460101 0.00230762362 0.370316863 0.898761749
    0.0544185042 0.386025131 0.494206965 0.294079006 0.834987581
    0.27718401 0.563397348 0.177070171 0.289487302 0.24125728
    0.379316568 0.095164746 0.590407908 0.314321399 0.509082973
    0.0696437359 0.870897412 0.0583847463 0.644083977 0.0647775829
    0.197258323 0.34147203 0.800464034 0.144209921 0.791981339
    0.261470079 0.151481301 0.55793339 0.714249551 0.786286354
    0.0296869278 0.170697123 0.382694095 0.930217326 0.278936505
    0.494028211 0.229263514 0.223809421 0.331546932 0.335505247
    0.185939729 0.144144207 0.332722545 0.863852024 0.944908261
    0.686352372 0.297949851 0.923129082 0.650121033 0.330738425
    0.051445663 0.291246444 0.779658794 0.439564198 0.320505798
    0.899301946 0.113161087 0.000492483377 0.808826804 0.0539417565
    0.860106766 0.78058219 0.192832917 0.870086312 0.318561137
    0.471300244 0.492547601 0.389627993 0.588955283 0.33769697
    0.812932372 0.201028019 0.446708024 0.0818774998 0.23851341
    0.172575921 0.766629934 0.702068746 0.861736894 0.764961064
    0.0409702659 0.574160695 0.931313753 0.731327116 0.25393486
    0.901788592 0.33376357 0.355736732 0.882482886 0.628603935
    0.369475603 0.960345745 0.85288322 0.890199184 0.673532724
    0.199099153 0.295342445 0.335447818 0.12920481 0.974952936 0.372244
    0.195742577 0.0150552094 0.230118334 0.696450591 0.261464477
    0.511431515 0.540937066 0.716506124 0.422927499 0.287270546
    0.0792570114 0.407451063 0.790246248 0.132522166 0.751910806
    0.00293347239 0.352818191 0.766867638 0.201655358 0.930835247
    0.786476791 0.760872006 0.706860125 0.372050166 0.329406381
    0.0341344178 0.0534299314 0.472123563 0.615490317 0.0691588819
    0.227832764 0.0895511508 0.793815136 0.810208201 0.041387558
    0.494082004 0.764550269 0.859247088 0.446276963 0.0996106863
    0.695470452 0.276583046 0.828566968 0.283545524 0.365962446
    0.57504797 0.608798027 0.546957076 0.54043138 0.97690326 0.468747258
    0.562292933 0.493085593 0.876432896 0.12292695 0.200995088
    0.0384231508 0.150529921 0.771014392 0.102314621 0.0605666935
    0.0330023468 0.332433552 0.0919834375 0.334393859 0.594620824
    0.905927837 0.471880138 0.526318312 0.255830556 0.867113948
    0.179259717 0.410332799 0.75767833 0.783140481 0.576541781
    0.399491996 0.273837328 0.0394052267 0.400534421 0.146502793
    0.605779648 0.630553782 0.789762497 0.356325954 0.599606752
    0.446676731 0.171615332 0.810452819 0.943257213 0.03890872
    0.984171152 0.270002156 0.0798363388 0.1978181 0.0402746201
    0.921800852 0.831080675 0.728835464 0.0115291476 0.631654918
    0.648681343 0.00272619724 0.145879358 0.333973348 0.736621857
    0.855800986 0.526409209 0.437678158 0.90167284 0.41816467
    0.0678514838 0.30741021 0.660098433 0.25279516 0.228080571
    0.0809530318 0.128391147 0.641153455 0.296049178 0.585916519
    0.547739089 0.1276851 0.241259038 0.920436978 0.208011806
    0.296365261 0.969425678 0.0505721867 0.292767406 0.190617621
    0.54547447 0.120809227 0.751495481 0.648552537 0.259924471
    0.882825851 0.831377208 0.251866579 0.135430127 0.926014185
    0.23019433 0.880475283 0.070069313 0.707210004 0.567277372
    0.931216955 0.315366268 0.414526016 0.0820651948 0.793545365
    0.297625124 0.439281762 0.75729841 0.548879147 0.171495855
    0.917848468 0.328912675 0.0424746871 0.062720865 0.818806291
    0.783446312 0.704559326 0.383330286 0.287798345 0.611113608
    0.111010969 0.655107319 0.12302947 0.685884714 0.279591322 0.8086465
    0.532213449 0.276006043 0.671149015 0.200662822 0.780684352
    0.671718657 0.993493199 0.500983298 0.23515445 0.68266201
    0.399153441 0.0108189285 0.460842609 0.842245698 0.119273156
    0.982749522 0.963479519 0.0377548337 0.286798179 0.252023578
    0.526278198 0.524952948 0.0568922162 0.337489426 0.169443637
    0.427605897 0.789383292 0.684749603 0.838282704 0.81967169 0.8168571
    0.861356854 0.0212031007 0.66318047 0.101894975 0.603053451
    0.658298075 0.996879518 0.36675173 0.442747146 0.180716783
    0.947148561 0.712135196 0.566583216 0.597763062 0.158380359
    0.717553258 0.824587226 0.435073942 0.259934247 0.162563056
    0.669436455 0.42558533 0.376369268 0.282923996 0.965440512
    0.349861383 0.215580463 0.294571429 0.425103962 0.295251667
    0.662889004 0.125118166 0.086961776 0.812640548 0.802431345
    0.656947017 0.299817771 0.794621408 0.881959915 0.0547530353
    0.628645599 0.854662657 0.748232603 0.481261283 0.854450464
    0.0750733018 0.164525568 0.855405211 0.573837817 0.204056919
    0.452255875 0.534717143 0.698810637 0.357014567 0.728189766
    0.794314384 0.520117581 0.852463126 0.3771227 0.457936823
    0.328882515 0.188582063 0.776046097 0.0911867023 0.786059678
    0.35851106 0.58276391 0.291113913 0.74591279 0.84800303 0.478561401
    0.192386419 0.921159625 0.546520233 0.632397175 0.468980372
    0.249184251 0.946192741 0.853516817 0.948215604 0.995343447
    0.742105722 0.0239865184 0.932373226 0.441327721 0.59765619
    0.50717622 0.670839071 0.636746109 0.59268415 0.0495140851
    0.473022491 0.318896472 0.842594266 0.397423327 0.72591126
    0.78653276 0.545070231 0.0764008462 0.221496165 0.422596991
    0.931233168 0.372204006 0.707586527 0.558878243 0.894429505
    0.659033775 0.312776148 0.813230515 0.63299793 0.793645382
    0.706683636 0.458173692 0.295484722 0.285284698 0.590528607
    0.143674105 0.98715806 0.534023941 0.148466766 0.468940169
    0.617609322 0.457576603 0.0995722711 0.972277582 0.378616035
    0.0379945934 0.982499719 0.354613662 0.441628963 0.645539165
    0.161899894 0.372207403 0.0447510779 0.359023631 0.870933414
    0.868128657 0.609003246 0.182979196 0.207140416 0.842903733
    0.185810924 0.562513173 0.540355146 0.880609632 0.95829165
    0.416477531 0.782648325 0.835372567 0.0643886924 0.338394374
    0.620808601 0.285948396 0.382978827 0.00231581926 0.76396966
    0.947590113 0.476752788 0.783503294 0.75143671 0.761008978
    0.881740808 0.915815592 0.477222055 0.66206497 0.92065841
    0.556033075 0.714282393 0.213444322 0.463032752 0.340443164
    0.811083555 0.144264549 0.703283668 0.431170493 0.105404198
    0.028268218 0.866283178 0.597640038 1.37686729e-05 0.21605736
    0.920853436 0.136902809 0.304726601 0.381368876 0.995070577
    0.83791852 0.616977692 0.370181739 0.358059824 0.837497592
    0.865892649 0.616376519 0.71850574 0.0573066771 0.337829351
    0.775107265 0.206753165 0.15092656 0.680724144 0.034070164
    0.687267065 0.673977077 0.228442371 0.511422753 0.290678203
    0.594916582 0.482717305 0.68575114 0.712703526 0.411489904
    0.332336217 0.513775885 0.652457595 0.779917002 0.0544959009
    0.968860328 0.648988128 0.721530318 0.947006583 0.927402318
    0.242313802 0.737376869 0.966376185 0.359532475 0.474725574
    0.770671248 0.345907509 0.575237989 0.775624871 0.431861639
    0.37112391 0.827987432 0.69815439 0.117050052 0.734227121
    0.135528654 0.803904295 0.667524576 0.0819220543 0.688101411
    0.968577027 0.363380134 0.515920341 0.739485443 0.0487347543
    0.331859589 0.705037236 0.391448021 0.352754116 0.909048319
    0.673501015 0.581716061 0.819719791 0.507734537 0.749657571
    0.0916749537 0.62420994 0.0770007074 0.317753434 0.196023285
    0.178266227 0.438394099 0.701406419 0.943741798 0.501287103
    0.471684486 0.310064256 0.098800689 0.340682983 0.211270303
    0.624768198 0.263758779 0.433306396 0.753230155 0.299741179
    0.0796686709 0.533525646 0.137524098 0.74730891 0.0177439153
    0.945781946 0.83349818 0.513994694 0.127224386 0.164253801
    0.346145809 0.972404897 0.322237104 0.0496973097 0.0765540004
    0.75077337 0.838518381 0.485098362 0.000230550766 0.88911581
    0.840423822 0.784935951 0.716086984 0.256481647 0.795602202
    0.240219951 0.95162487 0.302482069 0.0210275054 0.40512237
    0.420086265 0.698215187 0.430648535 0.339275837 0.408806264
    0.772601962 0.58158505 0.830182314 0.105867267 0.119412422
    0.282866627 0.154890567 0.783372998 0.748902798 0.575889766
    0.269808173 0.368363917 0.686944485 0.388704479 0.600102544
    0.39263317 0.383210778 0.900754571 0.704008043 0.33885628
    0.477699429 0.624993443 0.64591372 0.593482554 0.122605652
    0.182428211 0.208943635 0.969189286 0.998124123 0.23863399
    0.994201899 0.79922992 0.845807195 0.640175819 0.139146209
    0.0228681564 0.86680007 0.219017684 0.310308397 0.890977144
    0.222521186 0.728682816 0.0648213029 0.201701581 0.479011893
    0.811909199 0.529926598 0.32791698 0.761122465 0.180775791
    0.0220733583 0.18846494 0.327777922 0.737332344 0.452403814
    0.274926633 0.953679323 0.935525417 0.294228077 0.977871776
    0.200369179 0.16140452 0.973845601 0.641337395 0.0121791661
    0.166826367 0.292222321 0.987554193 0.50026989 0.762679458
    0.832597077 0.254534721 0.470408678 0.0891547501 0.453348875
    0.426455319 0.846185803 0.524351597 0.736186087 0.0703802705
    0.959673047 0.880549788 0.682016194 0.132344216 0.877241492
    0.902544141 0.366098464 0.480375975 0.899510026 0.597229123
    0.796660542 0.105661213 0.996074438 0.15402016 0.69966197
    0.983819783 0.671811104 0.677350283 0.677706599 0.350758255
    0.616867363 0.762010574 0.0225767493 0.173720866 0.37640053
    0.757413149 0.943761766 0.325571686 0.28242141 0.113109976
    0.23244831 0.821745098 0.113561958 0.524259269 0.84637773
    0.355416298 0.0130131841 0.470434368 0.723433733 0.63809979
    0.998069167 0.598180473 0.887488484 0.489173204 0.376861483
    0.793183923 0.433411807 0.427214921 0.274258494 0.614700198
    0.960968494 0.640069962 0.86979717 0.92405951 0.495862842
    0.558332324 0.20967868 0.129927814 0.148482412 0.862073064
    0.90184474 0.53476429 0.232575327 0.179641336 0.632231593
    0.417361736 0.654516876 0.129165113 0.712562978 0.0778107643
    0.11466217 0.463387102 0.620905459 0.337927788 0.544736028
    0.349282771 0.484567165 0.840736985 0.00697025657 0.975823045
    0.754713893 0.0612396002 0.153992414 0.563307643 0.350901663
    0.153300792 0.971284747 0.137365192 0.420365214 0.381222069
    0.104093879 0.452562958 0.492911041 0.205308378 0.813768566
    0.450173706 0.874124885 0.0808880627 0.530344129 0.942410648
    0.0931780338 0.0309546888 0.870504618 0.154729813 0.594240367
    0.937430501 0.438689232 0.99932909 0.884907126 0.0841526985
    0.904428959 0.939311028 0.252207816 0.567882776 0.626282215
    0.0838831663 0.134725124 0.242324173 0.539164305 0.36700213
    0.885195553 0.84472084 0.329666764 0.48656106 0.822838664
    0.924027801 0.697540641 0.290070415 0.491980851 0.500007689
    0.947404027 0.893248498 0.233924448 0.579818428 0.183503181
    0.48175633 0.668070138 0.883134007 0.435686499 0.075412184
    0.758740425 0.529918611 0.734567106 0.993749082 0.13637197
    0.961320281 0.541404963 0.90964967 0.732298672 0.347960621
    0.535352826 0.548903704 0.0913164616 0.905970693 0.315283686
    0.668477893 0.00989961624 0.148873389 0.637910068 0.802164674
    0.551475286 0.200405389 0.743978322 0.528217196 0.868779182
    0.818295002 0.828353047 0.666765571 0.648413658 0.86384511
    0.166805476 0.0586760342 0.491308272 0.148432761 0.290683836
    0.761383772 0.498770475 0.432107151 0.743243217 0.770313025
    0.321421623 0.579491496 0.154443473 0.48200047 0.983249307
    0.812635303 0.639409542 0.532136858 0.393086612 0.455940157
    0.82827276 0.370206594 0.753661633 0.31512022 0.70775938 0.983219743
    0.86077565 0.758223414 0.0538863838 0.242267638 0.302631766
    0.433950782 0.0708385706 0.501175106 0.405098796 0.200859696
    0.574541509 0.125338435 0.845081031 0.265978396 0.116766304
    0.411336124 0.690034926 0.558828056 0.636958063 0.270820618
    0.337054372 0.0180650949 0.859495282 0.534157813 0.238275796
    0.290364325 0.0775603354 0.332417965 0.357546329 0.833504379
    0.602304935 0.0993403196 0.255737245 0.0987010002 0.137076765
    0.445392907 0.467541844 0.0627547204 0.0516509116 0.323964804
    0.0526787639 0.978480279 0.187189847 0.60824585 0.512523115
    0.849013686 0.184464663 0.736041903 0.0286387205 0.528391838
    0.294927239 0.200632185 0.662378311 0.251853824 0.379766047
    0.992330134 0.491523206 0.401845872 0.66527915 0.220581651
    0.627920926 0.905500352 0.619453251 0.546555221 0.200753391
    0.500597715 0.951489449 0.17217806 0.756099284 0.882306457
    0.923777997 0.73662734 0.9644714 0.014970243 0.0759220719
    0.971972346 0.58396554 0.658006549 0.757444263 0.706891119
    0.278061688 0.149761617 0.526796162 0.897625089 0.0476793647
    0.024946779 0.479144484 0.984848022 0.471290648 0.12150833
    0.324066639 0.940190196 0.168838441 0.926084161 0.307536453
    0.161254257 0.623385549 0.307538569 0.505616724 0.296102434
    0.536104023 0.364828944 0.629120708 0.390574753 0.617441714
    0.660174072 0.702906668 0.256676257 0.816687942 0.731644154
    0.914672136 0.699955523 0.720317841 0.278110057 0.911847234
    0.997844219 0.0647102594 0.567668498 0.240704536 0.394907206
    0.538234234 0.189232588 0.217859745 0.916106522 0.121407688
    0.43283236 0.290427119 0.693430126 0.909339428 0.0992103517
    0.620562375 0.226171643 0.879860044 0.411510199 0.651839972
    0.269298285 0.972888231 0.0723803937 0.368545532 0.309217334
    0.203779936 0.545088291 0.89765805 0.263508976 0.741921186
    0.604200661 0.357021004 0.074953258 0.582466483 0.528595269
    0.604905188 0.900085211 0.317890227 0.975034714 0.204656512
    0.259399176 0.369035333 0.700525224 0.195818692 0.858047724
    0.582296371 0.591783524 0.657395244 0.963763356 0.0627035201
    0.537351608 0.424266219 0.322417021 0.912412524 0.690369844
    0.365314662 0.724231601 0.217167139 0.264529586 0.278118432
    0.34853977 0.254079401 0.00225105882 0.827489674 0.954773068
    0.144951224 0.132704407 0.390988559 0.679293931 0.892847419
    0.569574535 0.261538476 0.485799581 0.59999156 0.5674721 0.297760189
    0.199388236 0.511539459 0.774874568 0.421919227 0.827980995
    0.974456668 0.427674085 0.709636211 0.857232988 0.421532393
    0.19588083 0.0777386129 0.704782665 0.838862896 0.116687089
    0.112519413 0.620031357 0.2369214 0.92419219 0.0850967169
    0.904322624 0.548748851 0.89819777 0.787608325 0.747093022
    0.944085479 0.99890542 0.0631170273 0.997771502 0.103725523
    0.428459346 0.87700218 0.87405622 0.580302417 0.203825563
    0.410131335 0.906329572 0.210347235 0.515842319 0.779013991
    0.737063169 0.550527096 0.993875623 0.107105225 0.726460934
    0.0101882815 0.567931235 0.176950425 0.278798103 0.735328197
    0.569460154 0.285298705 0.496280611 0.735901356 0.965029955
    0.19860518 0.552523077 0.719068944 0.522528172 0.970638633
    0.520147204 0.476792306 0.533100665 0.856950641 0.707008123
    0.57518512 0.348771453 0.465174794 0.107586622 0.207259417
    0.687146544 0.554084003 0.744882822 0.609657705 0.222239435
    0.11805588 0.577581048 0.845327556 0.0402604342 0.922547936
    0.702049971 0.745491624 0.00224679708 0.329055965 0.460175574
    0.626960576 0.576545537 0.545662284 0.997119546 0.936095119
    0.40019691 0.468392819 0.167213351 0.582408547 0.487117678
    0.297956049 0.0562174022 0.0986689031 0.397012949 0.154809266
    0.43276614 0.68727386 0.986073256 0.862089515 0.958854198
    0.745759487 0.715447068 0.930239201 0.743844807 0.148586959
    0.544530094 0.569386423 0.0269183815 0.564283669 0.519405663
    0.296915948 0.320970297 0.891565084 0.306754172 0.375836551
    0.954708338 0.194980204 0.1027008 0.0972778797 0.507616818
    0.601318955 0.0527173877 0.72506845 0.16596213 0.985394716
    0.107490093 0.443605632 0.244867384 0.465022713 0.334941924
    0.746596336 0.548058271 0.903261542 0.706116915 0.426632583
    0.71139884 0.669560194 0.409001887 0.763333917 0.147132605
    0.63886112 0.0685057342 0.781961381 0.938212574 0.872116983
    0.664010227 0.593512416 0.79589802 0.793885112 0.696199179
    0.652673841 0.846345425 0.311672419 0.422815144 0.67614609
    0.468799323 0.523966491 0.443127513 0.0622043908 0.34623307
    0.184083909 0.213516682 0.480085641 0.0621028244 0.855550289
    0.445828795 0.416854322 0.188055009 0.0813298523 0.326374769
    0.27773717 0.99702239 0.654226124 0.269926846 0.000520944595
    0.373913318 0.980332851 0.37255457 0.0424721837 0.100644559
    0.0449862182 0.805759788 0.155588061 0.431302667 0.698204577
    0.760849774 0.841317356 0.265675217 0.457808822 0.520095766
    0.779595613 0.507721901 0.489705145 4.24981117e-05 0.788759768
    0.683577955 0.456214339 0.637234032 0.885803401 0.394861698
    0.479463875 0.345416009 0.571245372 0.107235938 0.345270544
    0.0218858421 0.352471977 0.510566652 0.095112592 0.94354248
    0.957304358 0.326534867 0.256025046 0.0626269877 0.773519397
    0.291347682 0.824253678 0.124895573 0.866857409 0.963500023
    0.677521467 0.57256031 0.870722175 0.168854624 0.263829231
    0.597700059 0.238529414 0.699133813 0.188910812 0.223567307
    0.429527462 0.558065355 0.452480257 0.200215518 0.567915082
    0.0462942421 0.647034526 0.390435845 0.229381531 0.65440011
    0.0697776973 0.98983562 0.253527641 0.635135472 0.223582 0.382723689
    0.734333992 0.892615914 0.890969515 0.15432471 0.705699563
    0.58073324 0.7898283 0.152428389 0.965442181 0.796202242 0.748602331
    0.499873132 0.318891495 0.646523356 0.797572851 0.416362613
    0.183188379 0.71674931 0.965821028 0.874329567 0.486302108
    0.814264417 0.182974696 0.711342931 0.875659108 0.865002871
    0.166856498 0.00898191333 0.384301662 0.0433980823 0.589944899
    0.837126732 0.224785715 0.8707093 0.40349406 0.0181541443
    0.513299525 0.547462344 0.882986844 0.0722501576 0.023588866
    0.11239019 0.843984723 0.48191005 0.760627031 0.967752934
    0.564258277 0.0731647015 0.932159066 0.961497426 0.286568999
    0.0488034785 0.562213659 0.224160135 0.0465600193 0.627163768
    0.836158156 0.192313522 0.902631283 0.916359067 0.856733441
    0.41716221 0.438555121 0.230224699 0.381479084 0.715460122
    0.499649882 0.913302779 0.727952361 0.969091117 0.816499829
    0.738281786 0.235140115 0.759459853 0.127340645 0.900862336
    0.219184905 0.937838316 0.095985949 0.510105193 0.97692275
    0.0104835629 0.870437622 0.49846074 0.098910749 0.967538834
    0.495259374 0.23949039 0.30669868 0.768375278 0.37910673 0.610208809
    0.464651704 0.0488166213 0.575396538 0.480802089 0.805746198
    0.607463002 0.00348186493 0.575448751 0.64095068 0.376805961
    0.65906477 0.327822566 0.373916507 0.243096292 0.0628115833
    0.836492538 0.435698718 0.242775261 0.765973091 0.008662045
    0.343970537 0.750162065 0.33019653 0.653563142 0.576492608
    0.0925934315 0.196892321 0.100896984 0.254000187 0.938705504
    0.175013095 0.462919623 0.137638241 0.479625583 0.333447725
    0.0693390667 0.310726464 0.690661848 0.892766118 0.691335618
    0.291533411 0.193456203 0.722777486 0.149319082 0.310809851
    0.621141613 0.898018956 0.710467458 0.0481313169 0.187649399
    0.800257325 0.154951423 0.242515802 0.75815475 0.428079009
    0.119697481 0.129465103 0.085570544 0.67998451 0.225349486
    0.932160497 0.721821189 0.0210345685 0.879738271 0.14299199
    0.645426273 0.965727031 0.122158647 0.782038093 0.23454091
    0.749629617 0.337967396 0.596070588 0.858559251 0.556192756
    0.621703267 0.139877379 0.831320286 0.67900461 0.14317888
    0.635113835 0.631651998 0.455185175 0.195936769 0.791128755
    0.179189503 0.0826254785 0.537209988 0.228372782 0.603495121
    0.717445314 0.0838878155 0.991892457 0.52385968 0.329121947
    0.398468614 0.933193147 0.0993106663 0.211437762 0.369968504
    0.00595253706 0.969344854 0.293172002 0.12556988 0.507508337
    0.291879386 0.629894614 0.253665596 0.126194119 0.878271282
    0.765577197 0.733239412 0.427305847 0.924324512 0.887500286
    0.80227685 0.0296515524 0.020008564 0.392219454 0.800269365
    0.998790085 0.173443496 0.577866077 0.852466345 0.47268334
    0.984349012 0.510905802 0.185100138 0.338700235 0.986966372
    0.700789392 0.0254940391 0.497473359 0.125245482 0.266340673
    0.815287828 0.465403169 0.441435814 0.176433444 0.463610947
    0.619818628 0.934486568 0.0994609892 0.397868067 0.54135561
    0.435861111 0.527359068 0.709778547 0.782987833 0.446060508
    0.969357371 0.105996668 0.0463488698 0.432551563 0.751981378
    0.270449907 0.984314859 0.409539461 0.612758756 0.433634281
    0.377224177 0.295082569 0.79911232 0.458225042 0.789644599
    0.430599689 0.303687185 0.352059603 0.216071874 0.434252113
    0.844654799 0.062887609 0.846292198 0.0531386733 0.731696129
    0.655806184 0.105126321 0.912416935 0.860988915 0.922961533
    0.356907427 0.784109831 0.111942381 0.777602673 0.828218579
    0.485411584 0.516397715 0.86743331 0.523303986 0.00265094638
    0.99973774 0.434061944 0.410300612 0.964304149 0.433798015
    0.617088556 0.491917759 0.0300940275 0.663100362 0.7547369
    0.759466588 0.368969262 0.137967676 0.719471514 0.291050673
    0.837168455 0.89368999 0.290428996 0.0919699371 0.848410785
    0.830458641 0.53044194 0.382040113 0.647559881 0.708502889
    0.0194528401 0.414762855 0.746297777 0.187150598 0.850031734
    0.119191796 0.494713515 0.880836368 0.256229699 0.238322139
    0.0498569906 0.751507998 0.517561913 0.950658798 0.203762203
    0.656709433 0.800172687 0.640683293 0.991595984 0.780855715
    0.669042706 0.494822681 0.0249985754 0.930048704 0.368111014
    0.100041896 0.67353344 0.070351094 0.756852388 0.875295103
    0.967302561 0.255518615 0.846494198 0.974815488 0.30006808
    0.375496924 0.733069658 0.959607363 0.118075937 0.823002338
    0.519553542 0.943897963 0.570102692 0.428160965 0.42311576
    0.765782833 0.433477342 0.825336337 0.45115602 0.236827105
    0.717599392 0.360530674 0.783002377 0.857446909 0.539908946
    0.0184586942 0.0557031035 0.550549567 0.801352501 0.720619023
    0.673073113 0.115485966 0.279708982 0.208085328 0.398593932
    0.858169436 0.996599078 0.428458452 0.723931134 0.92340672
    0.977165222 0.0666226149 0.583551168 0.463302642 0.612366557
    0.763238609 0.148781508 0.626150608 0.327766001 0.973881185
    0.770900607 0.527015686 0.732540369 0.863637686 0.276935279
    0.606197655 0.240279078 0.93583715 0.300520301 0.251023591
    0.53296876 0.900208235 0.153368413 0.0497330427 0.867451668
    0.63526094 0.602073729 0.687027514 0.19460839 0.0700320005
    0.525928915 0.716481626 0.639393568 0.113718152 0.28709209
    0.810864925 0.693812966 0.296189934 0.17240867 0.922561407
    0.217552662 0.512868404 0.662688315 0.499477625 0.436526477
    0.772863865 0.255583376 0.046136409 0.836956859 0.870542049
    0.346069217 0.149809092 0.0510264337 0.584263146 0.634589851
    6.01112843e-05 0.552102029 0.897961617 0.659520686 0.821476698
    0.316937268 0.373640001 0.531869233 0.20737052 0.81593442
    0.580309153 0.00836518407 0.0589112937 0.815496385 0.304260373
    0.453728497 0.812105298 0.125747532 0.38966924 0.303354383
    0.11153236 0.764298439 0.627841711 0.39937377 0.622424662
    0.900123239 0.0975393355 0.91555047 0.0986694396 0.67007947
    0.734641969 0.514511466 0.430636406 0.65105772 0.601141691
    0.721793294 0.0907895863 0.00613281131 0.215779096 0.165367246
    0.815253615 0.547068357 0.260033429 0.676834643 0.371638894
    0.704224646 0.684111953 0.486769944 0.746740222 0.92581296
    0.48333171 0.0750202537 0.163680285 0.172981024 0.389801532
    0.514035761 0.506761849 0.42305851 0.592806518 0.477453172
    0.982851863 0.451878846 0.00414896011 0.52850908 0.0355989337
    0.295533836 0.992847204 0.835829496 0.373602957 0.814115047
    0.426900506 0.285641968 0.499406278 0.959630966 0.15369904
    0.784750938 0.608813524 0.853052258 0.186298043 0.365534902
    0.591351986 0.575931132 0.652047038 0.519547641 0.0263048708
    0.736340702 0.571870089 0.963744283 0.715228498 0.814157486
    0.414306641 0.983128548 0.43511197 0.0235850513 0.859808087
    0.302148134 0.784398139 0.508744001 0.846945405 0.504460573
    0.78605485 0.611083627 0.772996664 0.536950469 0.218823373
    0.161651343 0.294958711 0.976099491 0.0690990686 0.680643439
    0.237344116 0.361450136 0.388977468 0.132177711 0.788808346
    0.60708791 0.839955449 0.562418461 0.156361729 0.288820148
    0.0217198431 0.476305753 0.213821799 0.131481022 0.15386346
    0.209954947 0.842303097 0.650672734 0.0233612657 0.0113686323
    0.905776024 0.34862569 0.510739923 0.753881335 0.971889138
    0.00548145175 0.33464241 0.753573418 0.314482599 0.285323441
    0.460662991 0.64804399 0.378705978 0.296904564 0.0427289605
    0.799660265 0.144475043 0.927447557 0.818210125 0.958655238
    0.985184431 0.569455624 0.799123883 0.34036839 0.486951917
    0.504117489 0.491315901 0.666829109 0.268476903 0.533408701
    0.823166847 0.0401381552 0.48456049 0.412850291 0.353997827
    0.543203473 0.737335742 0.862965822 0.462774873 0.737024188
    0.0416784883 0.740023911 0.484404862 0.50613004 0.902146935
    0.512488842 0.399101168 0.453313589 0.749863744 0.595996201
    0.550480247 0.723434031 0.498168886 0.529026985 0.711279392
    0.654675245 0.602737308 0.715901315 0.790330887 0.0273444951
    0.209936202 0.209911466 0.905461431 0.530062914 0.0848701
    0.188612878 0.308928221 0.7804811 0.538626194 0.968808651
    0.262587368 0.553574204 0.689036012 0.690786719 0.751096785
    0.00126588345 0.316530854 0.889461577 0.439649642 0.0349239111
    0.689447165 0.0497750044 0.336463481 0.655738175 0.08212924
    0.0190913677 0.873929501 0.256711185 0.958578587 0.29591924
    0.93120265 0.0489893258 0.220278293 0.0567983091 0.273527682
    0.554043174 0.579634547 0.753070533 0.26535815 0.238284677
    0.226340383 0.326068401 0.396387398 0.759866953 0.453235269
    0.625647783 0.282415211 0.137707144 0.26338309 0.822368503
    0.419274122 0.332412362 0.987414837 0.517700732 0.852055669
    0.928259313 0.729917109 0.391750246 0.645881951 0.817814708
    0.0473270714 0.478400826 0.487973809 0.883009017 0.428441942
    0.48144719 0.551020443 0.509423018 0.884839058 0.691461384
    0.578911066 0.0622361004 0.262976617 0.993800938 0.672091842
    0.181636244 0.572342098 0.78894496 0.817050457 0.149580032
    0.356872052 0.0812689364 0.377238512 0.443152279 0.405439049
    0.444793701 0.676183701 0.15213722 0.0607134998 0.478105932
    0.536618173 0.657643259 0.985224545 0.791898847 0.574775696
    0.448878616 0.683000267 0.671068728 0.590924978 0.874814034
    0.142452151 0.717743397 0.877623856 0.187180966 0.556070268
    0.993708134 0.885612428 0.959987223 0.795535445 0.273084223
    0.664166272 0.758564591 0.45888865 0.822273493 0.229371071
    0.376226574 0.537674427 0.119517326 0.668034673 0.659148216
    0.311739802 0.521426678 0.412578583 0.712124348 0.650986969
    0.14737165 0.215186715 0.933946848 0.731623054 0.618484378
    0.768526673 0.270296633 0.0405907035 0.0116051435 0.81266582
    0.0463052392 0.0533501506 0.45768711 0.702856064 0.873987675
    0.457078427 0.44325611 0.0839251876 0.0046030283 0.123502403
    0.555552363 0.129013389 0.488232344 0.439894378 0.797028601
    0.367999017 0.843117595 0.477875203 0.392545789 0.426550508
    0.698215365 0.9933604 0.892427921 0.926882565 0.105701476
    0.0450612009 0.812518477 0.698447347 0.958659232 0.914826512
    0.949755788 0.857616067 0.796179295 0.0738671422 0.845800996
    0.0983533263 0.429504156 0.532253027 0.865136504 0.449376345
    0.953899384 0.263563037 0.921257496 0.149273962 0.00441867113
    0.646204114 0.142066717 0.541575193 0.758177817 0.476631403
    0.898071527 0.224448264 0.3256042 0.318953395 0.615956962
    0.963661849 0.957586408 0.86734134 0.0171328485 0.677299738
    0.501140773 0.975718677 0.922557414 0.341763079 0.920906663
    0.275849104 0.223323256 0.877663612 0.591039658 0.470446676
    0.777775049 0.183520287 0.00822079182 0.578562617 0.901053786
    0.68800962 0.636958957 0.290525794 0.287257016 0.317907095
    0.666953087 0.633456528 0.331398904 0.350236058 0.925761223
    0.44759801 0.563769698 0.764482379 0.597933054 0.0371288657
    0.887126982 0.521816492 0.425480008 0.504600465 0.71818769
    0.212672979 0.574346185 0.737991154 0.559376836 0.595700741
    0.170976967 0.0129244626 0.339247584 0.456613481 0.2082901
    0.126821965 0.829766989 0.895890474 0.600980043 0.242564023
    0.200266093 0.0332103372 0.698747098 0.832284689 0.523857892
    0.684965134 0.832178712 0.820631981 0.977219224 0.291716933
    0.420410663 0.905727208 0.863293767 0.465401769 0.0938982964
    0.352921277 0.270231307 0.720109105 0.442640543 0.652944386
    0.871079564 0.426597059 0.661531806 0.92668426 0.0401773453
    0.690039814 0.925807536 0.56051439 0.859692097 0.892037392
    0.242586643 0.449929714 0.840827227 0.692547381 0.778252184
    0.873664737 0.735943019 0.796526551 0.412230998 0.555725753
    0.718788683 0.196234554 0.263525188 0.199645668 0.580694318
    0.676293075 0.0663335621 0.927186608 0.0360636711 0.0763627291
    0.386531353 0.153922647 0.875438988 0.616494834 0.164390981
    0.318700224 0.787814736 0.306695729 0.225345761 0.941448092
    0.740960419 0.845283031 0.780869246 0.70520848 0.958340645
    0.353043288 0.895296097 0.571735382 0.651793718 0.166093439
    0.600726843 0.104650825 0.135478228 0.0540383458 0.876959324
    0.877347112 0.383281589 0.738805056 0.993948579 0.452347696
    0.706524134 0.594884038 0.0866671801 0.448349059 0.060523212
    0.407624364 0.561719894 0.7766366 0.531983256 0.0275402367
    0.368669569 0.653468668 0.822143674 0.592023373 0.828404009
    0.667070925 0.947008014 0.971864402 0.440037936 0.501444757
    0.896366239 0.972275138 0.242407441 0.951325059 0.0636030734
    0.378103673 0.0460404158 0.643546462 0.120939404 0.919339418
    0.176677883 0.264827996 0.568287015 0.800545454 0.0757290721
    0.202860713 0.116940379 0.875445426 0.170554876 0.720219374
    0.746945083 0.714884043 0.268861502 0.463699937 0.353379399
    0.598805249 0.326469839 0.557381213 0.557392716 0.44860661
    0.782114029 0.0294449925 0.348737359 0.367153943 0.803958178
    0.844149232 0.327591121 0.743258119 0.536581695 0.861044288
    0.677708745 0.777782559 0.947460771 0.0991936922 0.3301422
    0.513413668 0.258446425 0.0994059741 0.689444721 0.0473421812
    0.273858905 0.573847413 0.232643664 0.733241141 0.364268005
    0.913447142 0.783762097 0.725904822 0.423842698 0.785447598
    0.74981153 0.803474486 0.173463613 0.53184998 0.673458397
    0.301524162 0.97706604 0.533078849 0.779222608 0.126225621
    0.912023306 0.675316036 0.977463067 0.317368984 0.228497088
    0.436689854 0.590313613 0.0865294933 0.235518515 0.773691356
    0.921129942 0.316420317 0.779088795 0.133827448 0.922449708
    0.620003819 0.201532125 0.228544891 0.962773681 0.535112977
    0.356752098 0.573423743 0.970862269 0.946060181 0.582410336
    0.823945343 0.148302972 0.849113703 0.435541987 0.361455947
    0.3276456 0.160826415 0.790683985 0.331848979 0.109239638
    0.333128124 0.961492538 0.702227831 0.544291854 0.186281592
    0.152448684 0.597479522 0.109939009 0.833302259 0.160386056
    0.066386342 0.497400016 0.760201573 0.908964753 0.382692605
    0.333537161 0.719908416 0.0919890404 0.288497448 0.913205743
    0.208994091 0.638166368 0.562487066 0.529372513 0.0777374208
    0.137977183 0.323727429 0.715834558 0.0817447603 0.628320694
    0.577171385 0.459691465 0.910875559 0.721107483 0.875701427
    0.795796752 0.353069186 0.0178686678 0.77239573 0.946884274
    0.891336799 0.133787066 0.763458729 0.569684684 0.524341702
    0.394580871 0.994395554 0.542124033 0.200116932 0.480291456
    0.817077458 0.197687745 0.453772932 0.842016935 0.318029255
    0.457976282 0.216348976 0.195535809 0.9814834 0.171146929 0.94806087
    0.094232291 0.276059866 0.0739744306 0.698596239 0.853205562
    0.744598746 0.574193358 0.0931832492 0.065441817 0.0932466984
    0.905320764 0.553067744 0.715068281 0.275723964 0.541153133
    0.387046069 0.431926191 0.300568998 0.296556532 0.656470478
    0.363646567 0.0370790064 0.902442455 0.563268721 0.484163344
    0.310614079 0.658387303 0.893405676 0.707594693 0.0157918036
    0.932805538 0.61703217 0.0436760783 0.58395642 0.211379528
    0.960168719 0.884859145 0.33250761 0.747575223 0.564373672
    0.706058145 0.898944974 0.125317931 0.0427822471 0.234371811
    0.0633318424 0.653635263 0.706403196 0.583299994 0.0391071439
    0.882431805 0.610634983 0.721251249 0.80639565 0.325057685
    0.897506654 0.681289077 0.250408322 0.514751017 0.568614781
    0.168367088 0.747950912 0.547837198 0.204644859 0.136207402
    0.439005256 0.324724346 0.992833138 0.430699676 0.190496236
    0.583797991 0.429729581 0.837987602 0.0725275576 0.392026961
    0.0595456958 0.844877958 0.368460327 0.168923616 0.653406382
    0.427015066 0.148343951 0.903929591 0.199751377 0.117133409
    0.648929119 0.436907977 0.804223895 0.0698443055 0.0160366595
    0.444618434 0.0963749588 0.359411627 0.34079209 0.523183048
    0.765031695 0.973139644 0.866678774 0.110320926 0.865432501
    0.161291003 0.691717386 0.129959852 0.552178979 0.381114542
    0.0976472795 0.157963216 0.673390269 0.624323368 0.832015038
    0.502139628 0.431877464 0.90360117 0.296473265 0.6385957 0.752212107
    0.22362709 0.324887127 0.14388597 0.871695936 0.753027141
    0.867532849 0.886328459 0.132391155 0.33882606 0.05790326
    0.701995671 0.517264247 0.66627264 0.77681005 0.620734632
    0.826333106 0.936915457 0.506256342 0.655155301 0.740126431
    0.654346466 0.450712413 0.726632237 0.109473318 0.663205624
    0.432522029 0.236602426 0.0787289143 0.82057941 0.525227189
    0.755762935 0.318276137 0.712509632 0.076705873 0.65569675
    0.567764401 0.0883859098 0.508933246 0.259215832 0.912094116
    0.197901964 0.55929178 0.736341119 0.0622102618 0.837291837
    0.821051002 0.491672158 0.334342539 0.704817235 0.488600463
    0.235479474 0.679505706 0.694471955 0.325921059 0.436419904
    0.79536736 0.4278512 0.0821476281 0.548298895 0.899412513
    0.913145542 0.264147699 0.366305649 0.295915544 0.397698134
    0.962184191 0.583200514 0.701343179 0.100745291 0.0750641227
    0.151733756 0.894691288 0.624098957 0.360342741 0.0867269933
    0.0276080668 0.195873082 0.628896832 0.976880908 0.948272884
    0.271316886 0.68107903 0.0543333888 0.8992064 0.456424564
    0.815937519 0.640720785 0.600328863 0.427677244 0.500184059
    0.214363992 0.707193971 0.403626621 0.806248248 0.626065552
    0.270310402 0.101194352 0.233362675 0.498337328 0.330521047
    0.0686400831 0.431802809 0.0861317515 0.389909536 0.939269066
    0.139884502 0.696444333 0.0879324973 0.0112226009 0.306609809
    0.248219997 0.189681888 0.41181007 0.440884709 0.618867815
    0.0890811682 0.869083762 0.715735614 0.253231645 0.0679053962
    0.43860662 0.126398683 0.958986819 0.742753267 0.390371084
    0.236836821 0.501453698 0.897957802 0.793303251 0.0705005825
    0.895197511 0.996722341 0.781976879 0.487488687 0.677642167
    0.509016931 0.983475566 0.75396347 0.417972863 0.707874954
    0.793307304 0.180224836 0.377344429 0.986042619 0.234030902
    0.92188704 0.56855458 0.451875299 0.810004473 0.459265172
    0.509537816 0.893003225 0.0676319301 0.988857269 0.667852461
    0.453985006 0.368597388 0.0356886983 0.396937281 0.122625232
    0.725078225 0.751454711 0.0510833561 0.935263336 0.972474158
    0.759895682 0.601068199 0.804960668 0.205795139 0.879496694
    0.445451081 0.456249863 0.404840708 0.330619365 0.615681708
    0.92891711 0.34232074 0.729781091 0.517145455 0.51667577 0.425608277
    0.587097168 0.807917595 0.476267427 0.491669416 0.610171497
    0.423686385 0.420043588 0.946536601 0.210657299 0.566918612
    0.990939617 0.17628926 0.374507487 0.339650244 0.623726845
    0.509498656 0.0731938481 0.744570911 0.123714358 0.606293321
    0.497000992 0.420435369 0.433557421 0.994301558 0.956142485
    0.90500325 0.366559446 0.763064742 0.642057002 0.689631522
    0.568192005 0.0166968107 0.973181725 0.85792768 0.963212609
    0.175296366 0.804659367 0.300559044 0.124940544 0.115735203
    0.924641132 0.169112206 0.554959655 0.715577662 0.827078223
    0.580830753 0.717378557 0.745683312 0.621517301 0.0337228179
    0.71057713 0.559548199 0.944195092 0.190852016 0.490028262
    0.838158727 0.821825624 0.460840523 0.204113573 0.752434194
    0.713520408 0.811366558 0.857871234 0.146037042 0.141594619
    0.840854406 0.972978175 0.41794309 0.119777709 0.123375446
    0.358841896 0.99696368 0.937506258 0.720164895 0.331145912
    0.566555977 0.43757087 0.249661207 0.612731457 0.937424302
    0.769608617 0.98045367 0.558681667 0.859347343 0.140151322
    0.567664146 0.66532892 0.00839060545 0.0759817064 0.331634879
    0.686031342 0.0456739068 0.783273697 0.218625665 0.246924192
    0.080881536 0.507232904 0.551188171 0.384983242 0.0531041026
    0.0960999131 0.193321854 0.37243858 0.50059551 0.31798178 0.36444822
    0.78165257 0.957232952 0.606041789 0.260907173 0.406839669
    0.826012254 0.14517796 0.59230262 0.201205164 0.26613301
    0.0502126515 0.0872314572 0.695562065 0.622767806 0.677411675
    0.121512473 0.215679914 0.869580686 0.48316136 0.730894506
    0.583381712 0.682015061 0.593254924 0.792503297 0.307383984
    0.446235627 0.882033944 0.84794116 0.537375629 0.0923250616
    0.0141039789 0.238784075 0.963527322 0.53477937 0.848269343
    0.751835942 0.372057617 0.291354775 0.0823048651 0.718967855
    0.0652899742 0.896814525 0.814558148 0.0824924707 0.622188091
    0.939575672 0.501320362 0.899753928 0.0257011354 0.843789339
    0.0751995444 0.701968908 0.75575459 0.431294024 0.378811896
    0.598222077 0.752524734 0.513137043 0.199611515 0.190035313
    0.265775323 0.254163146 0.232265145 0.764970005 0.450174391
    0.919194877 0.385007024 0.448613822 0.392784953 0.339064568
    0.160913646 0.868129373 0.557965875 0.746910572 0.801260173
    0.615874767 0.255324185 0.545763791 0.694668531 0.281264484
    0.821362019 0.164504528 0.992844403 0.255034924 0.801895797
    0.477790296 0.579400241 0.707398355 0.555446506 0.552459836
    0.110633552 0.671399951 0.458541453 0.501389563 0.418795556
    0.243142545 0.430817723 0.571263075 0.182300478 0.873822331
    0.402277619 0.290028512 0.109085202 0.655922711 0.752778888
    0.81090796 0.949805021 0.189701587 0.622762501 0.878818631
    0.183873504 0.502746701 0.0246729851 0.456838548 0.101188451
    0.841452837 0.397788614 0.687314808 0.996201158 0.0959348977
    0.432481527 0.438267946 0.587848902 0.281584263 0.178318381
    0.294837117 0.241524369 0.994541824 0.652228117 0.96900773
    0.0408931673 0.312639952 0.949265242 0.397284567 0.647920847
    0.132119358 0.876910686 0.751990318 0.906670034 0.829802036
    0.79026854 0.690095127 0.282517672 0.982550144 0.735093832
    0.913439512 0.596661806 0.046870321 0.897372067 0.136479974
    0.891454041 0.777897537 0.422655135 0.857347846 0.00479876995
    0.30903697 0.752506137 0.701404274 0.425411165 0.573882759
    0.421998799 0.0975285769 0.242397606 0.94542098 0.189608842
    0.0733065307 0.16816327 0.521894634 0.431918859 0.763943613
    0.0679614842 0.598350883 0.191641092 0.709608197 0.0440375805
    0.336615384 0.824180365 0.762758911 0.325917542 0.804433227
    0.458004296 0.333566844 0.00736072659 0.695558667 0.00987705588
    0.428375125 0.615347147 0.974107265 0.824404597 0.48049131
    0.913788855 0.200418144 0.567975283 0.797734976 0.555827379
    0.40916416 0.153245419 0.306265116 0.878763318 0.160117507
    0.950254679 0.857216239 0.229282767 0.946747303 0.523211658
    0.115511417 0.77019012 0.573882461 0.0647379756 0.597018361
    0.491632789 0.514116347 0.913181782 0.55546999 0.764613569
    0.206357419 0.0773972571 0.167828947 0.285647184 0.610118926
    0.37874192 0.384225816 0.841452241 0.592552781 0.79788518 0.39276129
    0.984911144 0.65907681 0.809913278 0.373023212 0.218353629
    0.869544446 0.91231966 0.276037306 0.998062015 0.9005512 0.136981159
    0.336472392 0.483365119 0.37762627 0.837155342 0.590724885
    0.341474921 0.703660131 0.436812967 0.416575968 0.983247876
    0.782400489 0.382610112 0.313552856 0.570016503 0.172464043
    0.606117845 0.289754748 0.936679602 0.879965305 0.551233351
    0.610685885 0.764542937 0.457679123 0.609126329 0.301861703
    0.0713226497 0.296150953 0.726637483 0.476284295 0.97158426
    0.239560246 0.962955117 0.890582561 0.290575802 0.151300013
    0.0696905255 0.86423254 0.489458323 0.225571632 0.722526848
    0.332686484 0.474304587 0.941712856 0.658603907 0.238603175
    0.653863609 0.509554267 0.0902399421 0.54074049 0.188744396
    0.969552398 0.114777446 0.165178269 0.565302014 0.768339038
    0.271763086 0.474386245 0.222569197 0.225417465 0.578565121
    0.393289626 0.482087225 0.057464838 0.551639199 0.120036811
    0.499626726 0.0215857029 0.475367159 0.32970348 0.229092509
    0.322419465 0.664308906 0.780667424 0.68372184 0.559096038
    0.102355063 0.431076229 0.117116153 0.283795178 0.860305548
    0.157710016 0.0702458918 0.536044359 0.503884733 0.00625792146
    0.795433879 0.430709839 0.33818835 0.403351784 0.439090282
    0.885114968 0.516105235 0.345640659 0.681151927 0.767586827
    0.273649782 0.46007669 0.919728041 0.0999006033 0.293159962
    0.236636698 0.074180305 0.0400018692 0.126979023 0.711316705
    0.0265880227 0.412624389 0.152625889 0.614089489 0.790351868
    0.724841714 0.0552046001 0.756135941 0.592355371 0.922721028
    0.951808333 0.965259373 0.952960432 0.0867029428 0.178200483
    0.161537528 0.272854179 0.447615623 0.340832144 0.363314569
    0.84455049 0.383247375 0.247972429 0.564226508 0.583431005
    0.560242891 0.386906117 0.893616199 0.0752557516 0.908659339
    0.835221291 0.369499743 0.199790776 0.509368241 0.479806334
    0.829193592 0.760264337 0.658583403 0.88921237 0.142639726
    0.49029237 0.231839418 0.173317641 0.712759018 0.0976801217
    0.576790214 0.205194503 0.938003778 0.923672616 0.691279292
    0.700875819 0.342670828 0.0297294855 0.559408486 0.897924781
    0.519595146 0.727025926 0.638690054 0.733375907 0.923953891
    0.0658215582 0.512565553 0.649369836 0.123621345 0.306786597
    0.390151113 0.210977226 0.320250869 0.00497549772 0.696002781
    0.274224818 0.401833832 0.529874206 0.895825207 0.913524926
    0.844323039 0.846268892 0.599685073 0.364221066 0.0675698221
    0.50199616 0.370314002 0.136889875 0.3434093 0.155603766 0.589587748
    0.599137366 0.301244944 0.210175514 0.398812711 0.179417133
    0.548485756 0.17807889 0.25427863 0.123440862 0.539883673
    0.536825597 0.0490539074 0.966410995 0.20584482 0.840091944
    0.0016593039 0.750360727 0.628997207 0.784835935 0.303142667
    0.00523164868 0.0632470548 0.426017106 0.502148747 0.40358749
    0.0527486205 0.00444626808 0.194369018 0.118761122 0.880071402
    0.64767313 0.762019277 0.655680895 0.640613079 0.322908044
    0.922201812 0.771373987 0.472353548 0.178644031 0.604676247
    0.479773641 0.170189172 0.18453899 0.812219739 0.266244888
    0.245831579 0.94731319 0.635254502 0.666303158 0.0579783618
    0.273022681 0.204632849 0.249191672 0.485718042 0.804527223
    0.600804687 0.88318944 0.373202741 0.862921476 0.52751267
    0.565965533 0.0941229761 0.585380077 0.605740011 0.820793748
    0.968827546 0.601689577 0.137255967 0.840669394 0.158690095
    0.270252526 0.284783602 0.495532453 0.344960362 0.407937825
    0.41935879 0.804800212 0.507970095 0.298963189 0.161047339
    0.0564353466 0.032640487 0.211529613 0.620972157 0.67979753
    0.915574789 0.136356324 0.131472021 0.296049833 0.11548087
    0.925575137 0.804239035 0.553166687 0.24895072 0.971469998
    0.481521994 0.914688528 0.640957475 0.296132237 0.954354048
    0.173409581 0.527754366 0.451614887 0.711129665 0.965336323
    0.50205189 0.205778927 0.903431475 0.0247517824 0.359515816
    0.0235852897 0.86710155 0.664861917 0.281564027 0.736871302
    0.212123275 0.327540874 0.942471981 0.0117979944 0.3878088
    0.0341608822 0.681271732 0.605095565 0.141330302 0.493100643
    0.625078619 0.5159567 0.518148661 0.75051558 0.313360393 0.741452217
    0.832450688 0.753427744 0.676286519 0.027572602 0.956763864
    0.343509316 0.278365463 0.564012289 0.294024825 0.707965732
    0.323905647 0.639029562 0.699682653 0.768076956 0.348591745
    0.670346081 0.665423572 0.939252257 0.249343991 0.286360741
    0.829448819 0.455751896 0.674324155 0.745754898 0.676111042
    0.950648427 0.78905344 0.58334446 0.471169233 0.179150581 0.50893569
    0.258776665 0.465186119 0.885567427 0.230504483 0.919916153
    0.350839972 0.257585198 0.358832777 0.0611847937 0.673374176
    0.706081927 0.254603684 0.434997797 0.119989842 0.910410702
    0.864984393 0.803738356 0.830685019 0.677468657 0.0604246557
    0.337460816 0.563412011 0.603256464 0.603774786 0.844145536
    0.57065028 0.530491889 0.319565356 0.760844648 0.511224508
    0.701474309 0.61112839 0.492228687 0.412690163 0.47352013
    0.108637333 0.632969856 0.825567961 0.867120862 0.75407654
    0.924921036 0.570658922 0.0256810188 0.622869909 0.298926026
    0.374628127 0.855290532 0.89976263 0.797832847 0.652894318
    0.225340515 0.125867933 0.560081482 0.671213329 0.948729038
    0.897715271 0.477492899 0.489601701 0.70788765 0.57501334
    0.690210581 0.958481193 0.678205788 0.894347429 0.551499844
    0.788235188 0.413093269 0.646727443 0.359222293 0.539667964
    0.257799625 0.816283584 0.73771292 0.488813162 0.693618894
    0.573480546 0.933953404 0.650059462 0.169625074 0.803620934
    0.00719931722 0.0597532988 0.212911844 0.454347432 0.914725184
    0.405799687 0.307811111 0.256348193 0.647441626 0.00926065445
    0.651822984 0.615310371 0.845822632 0.926626325 0.818069696
    0.842820942 0.706198871 0.8887555 0.0215311646 0.143421829
    0.205109805 0.185241789 0.0823581517 0.126989812 0.840098679
    0.817044139 0.440254331 0.82489717 0.319655746 0.207490653
    0.810706258 0.434975713 0.437087446 0.650110185 0.0678567588
    0.141875535 0.725911558 0.656285167 0.183464438 0.127486855
    0.898988485 0.222373009 0.283357531 0.498283923 0.0707103312
    0.597209573 0.11230886 0.663053811 0.93817246 0.848794222
    0.0362021029 0.730435252 0.443873882 0.317565084 0.879166722
    0.815414906 0.233350277 0.355317831 0.434375763 0.333358347
    0.984075069 0.692213833 0.926763058 0.822979808 0.439200252
    0.820370078 0.681153297 0.889232397 0.145811707 0.919734716
    0.0450552702 0.0560547709 0.6596241 0.658911347 0.533427954
    0.299980879 0.335345507 0.998647153 0.178537369 0.329441011
    0.128258377 0.159689814 0.0168993175 0.0275700688 0.794133723
    0.0458985567 0.595744491 0.932572126 0.71045655 0.681084394
    0.615878999 0.116423547 0.565839946 0.750892401 0.657637954
    0.699922562 0.27097249 0.961787343 0.936062694 0.517419159
    0.567301273 0.851061225 0.480192572 0.0034455359 0.0213302672
    0.581636965 0.735971868 0.687924385 0.154169589 0.450657338
    0.998367965 0.931986988 0.906021416 0.203712612 0.120231628
    0.762564003 0.610317826 0.1898368 0.44166705 0.765891194 0.812614024
    0.885585904 0.96422863 0.478687018 0.436054289 0.862767458
    0.954918146 0.419678777 0.752555549 0.31948176 0.136181146
    0.268397391 0.867222786 0.470863849 0.457379639 0.960642993
    0.137767851 0.499070942 0.245604962 0.445228755 0.91297251
    0.69539392 0.0510247052 0.266560674 0.229285628 0.13721782
    0.163778484 0.194095284 0.448953509 0.276738286 0.505596757
    0.896615565 0.0100349784 0.712599039 0.340669304 0.43605113
    0.848128438 0.558884144 0.180881321 0.998572469 0.383380592
    0.219056487 0.728197575 0.971646488 0.408056468 0.276425093
    0.942454457 0.443590015 0.334127367 0.866832376 0.540378213
    0.726289988 0.967522502 0.777357876 0.228150189 0.27542004
    0.258712679 0.798872113 0.608564794 0.342015982 0.871851146
    0.738104105 0.753116369 0.704113126 0.903605402 0.927770078
    0.832019806 0.754872739 0.337455392 0.0997903347 0.415734768
    0.359625578 0.0354983211 0.387896955 0.474196702 0.859877586
    0.477455169 0.416138321 0.741600752 0.268523306 0.669878006
    0.658784509 0.734858632 0.824830532 0.0205740333 0.465512931
    0.848648608 0.438664824 0.607847035 0.545025945 0.842455864
    0.555506706 0.611025751 0.794568539 0.95248282 0.680890501
    0.995273471 0.491817743 0.431168556 0.579967678 0.984601021
    0.60853374 0.488982469 0.558483005 0.992272377 0.522968471
    0.688465714 0.792110264 0.267937779 0.975793004 0.186596304
    0.469526589 0.897072732 0.558721602 0.191965342 0.794276774
    0.0938407779 0.642864108 0.132733345 0.116984934 0.0429000854
    0.316682339 0.704384685 0.174269557 0.244614094 0.217183083
    0.215461463 0.550718725 0.691453159 0.964960217 0.574816763
    0.550967216 0.0318171382 0.672430694 0.337258548 0.7277354
    0.824250698 0.649005473 0.0300248265 0.132750094 0.827154458
    0.977620959 0.191139251 0.30614692 0.977430761 0.393426359
    0.387470424 0.538860023 0.21118772 0.970907211 0.737837493
    0.738789439 0.405368686 0.22116819 0.598104417 0.157891154
    0.893800795 0.321027011 0.188966721 0.563942969 0.151909292
    0.685854197 0.048661381 0.448524147 0.454104841 0.965027571
    0.53929019 0.102360457 0.82078743 0.750708461 0.162004173
    0.0534243286 0.805778921 0.736481011 0.76587069 0.864497542
    0.474484652 0.441071332 0.234289259 0.213853568 0.415998518
    0.487606943 0.085139215 0.506488323 0.533309519 0.678584695
    0.715461493 0.239074469 0.886196017 0.586323977 0.994500399
    0.541748226 0.869210243 0.175417393 0.0507604778 0.493576825
    0.289932668 0.199580163 0.913739085 0.509642124 0.429089963
    0.324844807 0.816146016 0.664244413 0.0783240497 0.862395406
    0.851185203 0.332441688 0.0468608439 0.334532738 0.804882228
    0.765417099 0.984802961 0.226428926 0.656513393 0.267054677
    0.147426933 0.224609762 0.907974005 0.323650777 0.315740198
    0.479277432 0.33639726 0.831034839 0.905022264 0.719756305
    0.272433996 0.195560873 0.457921892 0.885512531 0.361650974
    0.230266988 0.162988424 0.098803401 0.947943807 0.548900545
    0.76069051 0.00454884768 0.403363377 0.87904048 0.555466771
    0.906596065 0.544499218 0.438744754 0.170138836 0.830379128
    0.869177341 0.507492602 0.40165928 0.521799922 0.971122503
    0.758920908 0.75466907 0.138499528 0.259289145 0.0740324259
    0.572350502 0.204559237 0.080432564 0.896550715 0.59721905
    0.375181973 0.495551884 0.242020756 0.879275203 0.624791265
    0.246124893 0.910454273 0.500669599 0.311185509 0.373023808
    0.874996305 0.868212938 0.393254519 0.0427663028 0.502128422
    0.935099006 0.577932715 0.746519685 0.513782442 0.287305593
    0.150753558 0.963624001 0.302925169 0.849780679 0.618163884
    0.878603578 0.550822437 0.5588274 0.778974533 0.315161705
    0.457702875 0.236273259 0.643488169 0.540763021 0.381817162
    0.0369505584 0.605241537 0.17296043 0.936028838 0.719850838
    0.761715591 0.510813177 0.493919224 0.949364364 0.21900174
    0.519437432 0.208082229 0.119665861 0.0448849201 0.776634872
    0.430971146 0.244089395 0.133372456 0.400655121 0.940508842
    0.997151017 0.298672616 0.407787025 0.536892951 0.892926872
    0.910861373 0.602914214 0.859208107 0.992494345 0.619596541
    0.84363848 0.693066955 0.758456409 0.232643187 0.356046855
    0.61815393 0.531645417 0.841917157 0.541440189 0.4904553 0.781852245
    0.0768788159 0.631937921 0.403000444 0.669377506 0.652291894
    0.0761966109 0.121037364 0.88263768 0.219129503 0.741066635
    0.0154978931 0.356950819 0.252726138 0.66247201 0.297786027
    0.0831738412 0.285460889 0.759836793 0.912151575 0.52396059
    0.842683375 0.0691976845 0.970085979 0.526221752 0.797929585
    0.974499881 0.881182551 0.877038479 0.802333951 0.954522491
    0.699412286 0.359177142 0.756114602 0.0937987566 0.650680184
    0.460791886 0.17419526 0.489270985 0.366308242 0.768894315
    0.342033297 0.712970138 0.0667650402 0.799062133 0.363102913
    0.983103573 0.398719162 0.0410670936 0.45127368 0.944347382
    0.108885556 0.30165416 0.817411184 0.488468081 0.626681328
    0.450244486 0.422776043 0.866188705 0.101034939 0.228320599
    0.339811713 0.426184803 0.830869675 0.662743092 0.0526492298
    0.193443894 0.664865434 0.179105341 0.734314144 0.0630166829
    0.411704063 0.833495259 0.651467323 0.625312388 0.169213384
    0.058650136 0.0310844779 0.694008231 0.14746663 0.787139416
    0.596687675 0.142020106 0.018556416 0.951984048 0.880508602
    0.214131415 0.133402795 0.555949569 0.540834188 0.754226685
    0.961363673 0.0355746448 0.908440709 0.889228702 0.379437506
    0.206174195 0.564883769 0.913143158 0.100791186 0.482032299
    0.394536018 0.417982966 0.32837376 0.0810429454 0.13208276
    0.933688819 0.499931246 0.0646290481 0.510419965 0.0638170242
    0.546879649 0.647651494 0.347670913 0.54470402 0.0933717191
    0.692538977 0.505192876 0.161841303 0.204490811 0.764296412
    0.908411264 0.129619002 0.711512804 0.678433836 0.992126286
    0.849695444 0.48126629 0.721375108 0.654299259 0.692789257
    0.0432113111 0.0189291239 0.0391725004 0.986078858 0.0858578682
    0.544638932 0.907770276 0.141188741 0.150109679 0.130518377
    0.0881769359 0.618523419 0.0828885734 0.285904408 0.219064057
    0.0182705224 0.296622813 0.839238644 0.443568707 0.291302741
    0.387526929 0.926406741 0.772997975 0.569925249 0.476230592
    0.819059432 0.493519127 0.170993567 0.81125468 0.581259072
    0.900472701 0.0656936169 0.64100641 0.210766375 0.114515811
    0.506805837 0.311856776 0.208931059 0.515604198 0.594465256
    0.832688928 0.350510716 0.950260162 0.423149616 0.851126552
    0.382338434 0.0699749291 0.960665286 0.122086346 0.91683042
    0.0650426745 0.98832798 0.508615136 0.208623201 0.645724952
    0.26705566 0.466712981 0.997986495 0.731350541 0.385745794
    0.751969159 0.56089884 0.985412121 0.969474733 0.378512263
    0.498785168 0.851856172 0.266943157 0.858654261 0.129992217
    0.0114753544 0.891627908 0.682109356 0.693403602 0.195131063
    0.870589197 0.2118074 0.397825867 0.134672076 0.0275938213
    0.881746888 0.464991629 0.311069816 0.221043795 0.663580537
    0.254506588 0.195371926 0.290532291 0.451636165 0.42249018
    0.44630456 0.0136835873 0.859488547 0.369518906 0.433975607
    0.839209497 0.645340621 0.0182284415 0.963453531 0.0564963818
    0.295663834 0.736715078 0.0708152056 0.580206692 0.467837542
    0.65323931 0.86385715 0.154734045 0.43828845 0.648038149 0.488069922
    0.0379720926 0.375501961 0.64446044 0.0642289519 0.209228575
    0.679520667 0.879095912 0.524513721 0.856592059 0.593065143
    0.136678606 0.226440281 0.185183227 0.0128602087 0.101759404
    0.126706243 0.18178162 0.407562315 0.682277679 0.307671666
    0.463947028 0.626757622 0.481953859 0.723996282 0.760927558
    0.96319741 0.426492095 0.203039408 0.414044172 0.608474255
    0.248570949 0.56080687 0.62716347 0.549045742 0.710177183
    0.903155684 0.484306961 0.54787004 0.44255802 0.554378748
    0.913590908 0.189958483 0.614970922 0.86303544 0.0944776833
    0.129013062 0.800424099 0.805269897 0.610284925 0.646827817
    0.938493252 0.259287238 0.199654192 0.348156214 0.505587637
    0.139537424 0.926419854 0.0392327905 0.226995349 0.456358194
    0.970760584 0.055741787 0.352668554 0.417788744 0.528225303
    0.379492581 0.0966657996 0.119293362 0.923950553 0.421424657
    0.320257545 0.727491021 0.778817177 0.11044538 0.353438377
    0.414111912 0.670834601 0.130212843 0.977067828 0.313250899
    0.869894326 0.384261191 0.847319484 0.746191442 0.153897196
    0.738481522 0.804708362 0.349692255 0.389775902 0.125747502
    0.161158055 0.449292779 0.0368928015 0.619662583 0.259270787
    0.037368238 0.910649478 0.144601107 0.537214518 0.378994197
    0.242318541 0.346416295 0.315380752 0.804129779 0.740825534
    0.926507115 0.776193678 0.966842055 0.376764864 0.88873744
    0.0701092184 0.487414598 0.729834259 0.581373036 0.241545379
    0.582098305 0.990000725 0.823394775 0.599510312 0.761962175
    0.461313337 0.969629049 0.467303634 0.201568544 0.669931173
    0.764322042 0.464495301 0.633577824 0.615498424 0.11264661
    0.159624368 0.587085068 0.195999742 0.54529953 0.951878607
    0.680943251 0.279167891 0.304703236 0.912420988 0.164204895
    0.43355003 0.770269513 0.422898918 0.735959232 0.921944976 0.2750718
    0.178351462 0.529584825 0.403582335 0.0269213021 0.0522871017
    0.646580935 0.244253725 0.140758663 0.912385046 0.097781539
    0.645594001 0.32287389 0.597815752 0.560575545 0.735741973
    0.507739246 0.983413696 0.978360534 0.716602862 0.375518262
    0.173244774 0.459179282 0.820759594 0.948391676 0.0192443132
    0.554162621 0.83823514 0.137230337 0.177292824 0.805244744
    0.971637785 0.818973541 0.116605669 0.378988266 0.833691418
    0.243420064 0.317142636 0.541655362 0.595909238 0.547173262
    0.590477347 0.604768038 0.34420079 0.252831042 0.188579261
    0.51910615 0.776863873 0.552505136 0.509127021 0.977188826
    0.655889511 0.404079199 0.668255925 0.592488706 0.455930769
    0.721026301 0.982586682 0.454971492 0.537994087 0.952568531
    0.12463367 0.49892199 0.13494736 0.0815053582 0.0435346067
    0.526341498 0.275912583 0.418864429 0.37295875 0.234069169
    0.713048577 0.146655709 0.86548996 0.401852489 0.358654976
    0.777165949 0.773021042 0.791412592 0.557094812 0.116315007
    0.589241922 0.351368845 0.78704679 0.469203979 0.1667144 0.791842818
    0.6656515 0.171673328 0.0319411755 0.449426293 0.274835885
    0.306677401 0.255595684 0.149119765 0.836485982 0.462540239
    0.864318609 0.382367611 0.316349059 0.608965993 0.197633088
    0.259443074 0.359888673 0.446195424 0.679800987 0.772732377
    0.63899684 0.985140443 0.885731041 0.92715621 0.334792554
    0.274066478 0.107940555 0.634006023 0.248186141 0.68517828
    0.207518905 0.802458882 0.582772195 0.408581853 0.503481805
    0.861104548 0.21382305 0.00849488378 0.643343687 0.675209522
    0.976303577 0.116107792 0.34716931 0.0990203023 0.827908397
    0.26018399 0.765379429 0.48707211 0.969409883 0.440494627
    0.406052977 0.774035811 0.027885884 0.827984393 0.405682236
    0.561709285 0.456135631 0.617263615 0.00458100438 0.360630929
    0.110223085 0.626325846 0.913193703 0.431544006 0.228305966
    0.542185605 0.900045991 0.728682041 0.561526358 0.992179751
    0.0512980521 0.919319868 0.196876675 0.814100146 0.536649048
    0.238828182 0.152832925 0.804234266 0.903911829 0.564307034
    0.0945381522 0.00495412946 0.317068607 0.6639117 0.553619504
    0.226362973 0.0205621123 0.788134575 0.179974139 0.309234142
    0.665158391 0.147330999 0.726403415 0.0807885826 0.984329224
    0.350656867 0.982422948 0.68538475 0.0228105485 0.512259841
    0.1249789 0.351992905 0.304593325 0.641745329 0.0940489173
    0.557456195 0.57612747 0.44191578 0.305159301 0.559741199
    0.812078059 0.523315251 0.380245805 0.166042358 0.806835413
    0.793792188 0.996830106 0.084883064 0.798821032 0.90809691
    0.651889622 0.643058062 0.500906169 0.975022972 0.756701469
    0.153914362 0.392014265 0.794289887 0.974239469 0.785388887
    0.940410614 0.529897094 0.254801393 0.325555295 0.977200866
    0.128683001 0.0284405649 0.140776813 0.885504305 0.462668955
    0.221100658 0.846033335 0.523078322 0.0353574753 0.666508734
    0.313026547 0.524417281 0.168022126 0.0554115474 0.688641429
    0.183297187 0.286476374 0.211888283 0.013037473 0.595005691
    0.864094257 0.0721549094 0.30224967 0.242287636 0.311444312
    0.859168053 0.592526615 0.875557721 0.542786539 0.67032212
    0.742503762 0.426083535 0.872304618 0.234814852 0.740074396
    0.875620067 0.37916851 0.841945887 0.103235722 0.0674000382
    0.764471292 0.246439278 0.644622147 0.992172301 0.846810281
    0.288729727 0.317456186 0.264267027 0.281818211 0.683077097
    0.669865251 0.867352605 0.0778822601 0.993040442 0.72413063
    0.417360693 0.0464847386 0.937359631 0.477604926 0.355821311
    0.830328465 0.286862493 0.672882557 0.949706197 0.0739157796
    0.315547526 0.916621089 0.635724843 0.247069627 0.246455252
    0.985544443 0.258733392 0.682299495 0.487946332 0.842659712
    0.428935379 0.0899537802 0.742071033 0.792987108 0.475186914
    0.107679695 0.125335962 0.389963984 0.558766842 0.324879885
    0.687033415 0.50193727 0.369598269 0.984576166 0.460766703
    0.370742083 0.514903665 0.53041333 0.529820859 0.380444318
    0.640329659 0.786576271 0.641671658 0.825861514 0.301738143
    0.208379179 0.962360859 0.120373279 0.839256346 0.412980348
    0.668492913 0.714404404 0.747240841 0.506784081 0.21716556
    0.220258117 0.343699396 0.542465091 0.998677254 0.8741346
    0.604322553 0.354197383 0.258733571 0.207898289 0.364254951
    0.815132082 0.813509405 0.908711433 0.535903394 0.158512443
    0.290274143 0.708345056 0.194061786 0.733525336 0.816484809
    0.807898879 0.493168145 0.805884778 0.72763133 0.385041654
    0.90802145 0.576116562 0.528718233 0.983165741 0.750065506
    0.677240312 0.623607695 0.754074872 0.905253589 0.355066895
    0.730925679 0.287670851 0.623988152 0.535973728 0.842956305
    0.345840454 0.574271798 0.795562625 0.196583271 0.193758875
    0.000339329243 0.242064208 0.0834405124 0.894913912 0.999696732
    0.677214146 0.318513244 0.274448574 0.452634692 0.437368512
    0.520329654 0.665825129 0.302112103 0.890808225 0.590943933
    0.825610518 0.408340782 0.544278681 0.51571095 0.866012335
    0.257518977 0.0115492344 0.677382588 0.937838674 0.93842864
    0.503099144 0.812256813 0.154809684 0.994632602 0.365671456
    0.51705426 0.480075955 0.724961638 0.509554029 0.649950624
    0.356860876 0.86600709 0.4643206 0.699199796 0.0516522229
    0.0566707253 0.444020927 0.989512444 0.732239366 0.665455043
    0.495770216 0.228617311 0.603610635 0.514873445 0.583237827
    0.208389252 0.747464538 0.247247696 0.499274492 0.951676011
    0.847338676 0.723062396 0.304187834 0.0611361265 0.026302278
    0.551945746 0.18771252 0.565043092 0.774265766 0.047008872
    0.809038281 0.756890357 0.74260664 0.0282836258 0.0338277519
    0.924055636 0.652119517 0.337777317 0.920894682 0.111712992
    0.429163396 0.0798006356 0.15858379 0.381874084 0.826927364
    0.0858742595 0.0886641741 0.893904448 0.625617385 0.7623142
    0.963358939 0.43662715 0.67041558 0.945379496 0.824045181
    0.785024703 0.384666771 0.0479219556 0.947959542 0.314834595
    0.737236917 0.173712105 0.82423842 0.133415878 0.253272891
    0.936037064 0.387168676 0.502996504 0.960500836 0.462462217
    0.899292231 0.406684518 0.382912368 0.130038947 0.158961922
    0.782922328 0.12650919 0.110220611 0.306720257 0.24707076
    0.329080284 0.172650158 0.490037531 0.900456846 0.0537479222
    0.405169159 0.00341099501 0.218570709 0.744657278 0.345777094
    0.667211175 0.306129158 0.559286296 0.912223458 0.884513855
    0.850547552 0.201413691 0.459703714 0.975075483 0.918623209
    0.328097373 0.544093311 0.629382968 0.870840669 0.219031245
    0.0979304612 0.371982515 0.797460794 0.928683519 0.51812619
    0.106499523 0.650546134 0.456121683 0.825749397 0.864061832
    0.715933681 0.0726183951 0.079883039 0.61055851 0.0269111097
    0.882263422 0.693491042 0.53753227 0.193493456 0.563684523
    0.630678415 0.548152745 0.42708984 0.907634437 0.218670517
    0.508559287 0.849428296 0.463539034 0.204598755 0.71304965
    0.511730254 0.125015706 0.640554428 0.195976734 0.960399389
    0.284842104 0.765094876 0.419267029 0.508386433 0.688723862
    0.365722179 0.475322306 0.067468524 0.138871491 0.136419475
    0.655853391 0.449312776 0.710540354 0.709103227 0.263244569
    0.576454937 0.862359166 0.573089719 0.763132215 0.318861872
    0.569596946 0.376435995 0.0106782913 0.819883466 0.394705296
    0.306432664 0.889544249 0.0719283819 0.998755872 0.0680273473
    0.763318539 0.172657847 0.700084686 0.683202386 0.542440057
    0.242964953 0.204061836 0.771459818 0.538423836 0.886290729
    0.11159122 0.690075457 0.640872955 0.127228677 0.388060331
    0.00810259581 0.20021981 0.995502591 0.422845423 0.698631644
    0.933747411 0.598422647 0.418797374 0.948418617 0.457386613
    0.998505116 0.80134213 0.196215451 0.441096753 0.384932488
    0.840176225 0.135996222 0.942977548 0.864637733 0.158512145
    0.219614655 0.056766063 0.622761071 0.3820948 0.5216313 0.44474718
    0.715545774 0.947382808 0.378850669 0.648901701 0.611386359
    0.407984614 0.501856983 0.968118906 0.0903379917 0.930858612
    0.402559459 0.387014568 0.500206172 0.641363204 0.946862102
    0.32211417 0.823542118 0.42700541 0.533098102 0.434870809
    0.504944563 0.298838615 0.360906214 0.595044672 0.710449517
    0.892126322 0.256602764 0.279295146 0.406013191 0.402636409
    0.536074281 0.609762907 0.343343914 0.534595788 0.347018898
    0.733600974 0.930578351 0.0287184119 0.370532811 0.0577307045
    0.886750221 0.883041739 0.477055699 0.868318796 0.964428425
    0.649775863 0.856492877 0.183727205 0.827559471 0.987991989
    0.103166759 0.0934711099 0.659793437 0.322600186 0.123720169
    0.640745401 0.366946757 0.293133289 0.722656369 0.203534812
    0.396703094 0.324345291 0.97224766 0.331175566 0.508615315
    0.921845436 0.550312042 0.512851954 0.920948744 0.10278821
    0.036411792 0.686279416 0.0476621687 0.416251302 0.904302299
    0.129746795 0.0571003556 0.258350134 0.834788501 0.877888799
    0.0272230506 0.164453208 0.218578607 0.0712063909 0.776043057
    0.105914176 0.720709264 0.419039369 0.796738744 0.577935815
    0.396291435 0.907873154 0.147518724 0.916743636 0.370905071
    0.124368548 0.285155505 0.55913341 0.632397175 0.754424572
    0.763527334 0.017436564 0.00680792332 0.0359729826 0.574030817
    0.0937542021 0.268267006 0.43047604 0.2014938 0.198156834
    0.902926564 0.611582935 0.893437386 0.931136489 0.0278272033
    0.514730692 0.827964306 0.013622582 0.110739172 0.389404953
    0.892905235 0.339475423 0.598232329 0.727728426 0.717203259
    0.106554002 0.547542155 0.878858805 0.329788953 0.988714695
    0.375107288 0.805862606 0.775975525 0.465596557 0.514696598
    0.380841672 0.01028952 0.761533976 0.402693748 0.199273169
    0.856174052 0.459316939 0.780251265 0.73868227 0.404850662
    0.44038862 0.886166334 0.32686162 0.891912222 0.696900785
    0.762034535 0.121239781 0.507023454 0.357062697 0.938130379
    0.0713991821 0.868210912 0.803750873 0.250141084 0.649388134
    0.854253411 0.11367169 0.33796379 0.84785682 0.100324869 0.645331562
    0.967256784 0.0536017418 0.702623487 0.298614025 0.212357223
    0.451222986 0.978672028 0.33215639 0.736771345 0.995369017
    0.212501287 0.950139403 0.640322387 0.857332706 0.353827983
    0.27312851 0.418304324 0.688293219 0.754443049 0.487760961
    0.285800695 0.383354843 0.320261717 0.599630415 0.557458758
    0.498761177 0.425618172 0.613587379 0.591564476 0.887562752
    0.938647628 0.424865246 0.294220239 0.345914066 0.107499212
    0.708385706 0.643817663 0.518572688 0.458032817 0.476109356
    0.3223131 0.689389765 0.578043938 0.691199899 0.736259937
    0.134524524 0.771743238 0.982016921 0.463912934 0.135833651
    0.689805329 0.607519507 0.137370914 0.958823681 0.212018281
    0.447189629 0.647141874 0.409567982 0.249297291 0.258082628
    0.343446612 0.847872674 0.757250965 0.576327264 0.699690819
    0.292703986 0.912149727 0.244473726 0.157469213 0.42354852
    0.663772106 0.312470078 0.698767006 0.894662559 0.77735436
    0.215692878 0.48010537 0.868039489 0.780027032 0.583243608
    0.997334599 0.609811902 0.324589521 0.378861785 0.617638707
    0.805539191 0.596796632 0.0852365792 0.348296583 0.899342179
    0.455159247 0.261499912 0.749141216 0.66937834 0.547271967
    0.635647833 0.829871655 0.550360858 0.152233005 0.627234221
    0.362767398 0.745296597 0.662539005 0.168927789 0.451956064
    0.986438572 0.0842720568 0.680416584 0.353416741 0.601027548
    0.0570081472 0.183948368 0.335602641 0.0822318196 0.198855042
    0.838841259 0.351801366 0.863369465 0.262087047 0.664904833
    0.308900058 0.0350200832 0.982421577 0.348610103 0.260324836
    0.36018008 0.62366873 0.780118346 0.589572012 0.534200966
    0.118719578 0.779029191 0.913856208 0.0109820962 0.717320204
    0.604797006 0.227175176 0.969080687 0.120481879 0.891840458
    0.621986032 0.191497296 0.566575646 0.288342118 0.235342085
    0.755864739 0.618015826 0.430628687 0.747150123 0.288666308
    0.222704113 0.0139700174 0.781537175 0.925717831 0.0629968345
    0.297607392 0.248072088 0.626093864 0.643556416 0.759575784
    0.568622172 0.29449743 0.425786853 0.0460473001 0.379675478
    0.19294858 0.112174451 0.43797943 0.593988895 0.62931931 0.631206751
    0.38288784 0.0653099716 0.00577163696 0.465385079 0.29634726
    0.17243135 0.832907915 0.729412138 0.0146399438 0.895139337
    0.949666917 0.268515468 0.401770771 0.588566363 0.00295209885
    0.872464418 0.473718047 0.0881685317 0.434041739 0.0418268144
    0.309014797 0.587849259 0.824239671 0.371990383 0.30676204
    0.0100934207 0.372186959 0.665542603 0.633382797 0.560834587
    0.317660362 0.727890551 0.0807140768 0.114834428 0.37699759
    0.533961236 0.986846507 0.044059664 0.857237756 0.857053757
    0.957968831 0.180770218 0.333771646 0.327489078 0.528327346
    0.796617508 0.571556211 0.986369133 0.556764603 0.387483627
    0.782010794 0.842487276 0.730713129 0.953771055 0.682479024
    0.433954746 0.632368147 0.959905386 0.621295691 0.95102483
    0.910356522 0.540712595 0.773126364 0.867447555 0.948509455
    0.120619833 0.197184324 0.508865237 0.181231707 0.798689783
    0.53246212 0.307891607 0.498472303 0.0739561021 0.988393724
    0.715716839 0.830277443 0.802464724 0.214370966 0.576425433
    0.0109162927 0.0645079613 0.11757338 0.243453979 0.116260082
    0.935425878 0.649431825 0.437853038 0.705252409 0.378442347
    0.195615202 0.796401262 0.786020458 0.785859108 0.0569109023
    0.304164261 0.517676234 0.694396436 0.876123548 0.0626633763
    0.751654387 0.37590009 0.820225656 0.187076658 0.920510054
    0.865230083 0.233229816 0.236917973 0.0392734408 0.544755936
    0.395002007 0.770575762 0.241381049 0.302379966 0.0012845695
    0.536509931 0.663102686 0.963644207 0.741181612 0.731507659
    0.976825953 0.480113328 0.116296023 0.529943049 0.0549086034
    0.112291366 0.466453314 0.31029126 0.219708413 0.623991609
    0.769923985 0.69449079 0.657438338 0.448483557 0.726956606
    0.0950235724 0.566006482 0.147410899 0.727075875 0.679889858
    0.528942943 0.434055597 0.219772577 0.56597054 0.142280847
    0.196591765 0.236308664 0.135191232 0.0236949027 0.784458995
    0.652388573 0.315184474 0.434187025 0.404728949 0.655568957
    0.773869395 0.318838149 0.214929163 0.562555552 0.526209831
    0.425501704 0.00179764628 0.978218555 0.60094738 0.542025685
    0.813476086 0.594757199 0.286344528 0.148961872 0.385375172
    0.882365227 0.367662847 0.76964283 0.430062115 0.467544168
    0.916461468 0.604835153 0.949365437 0.0869440138 0.0968568623
    0.838154435 0.674904287 0.906970263 0.423786163 0.773272991
    0.741147518 0.735831857 0.0395135581 0.112159014 0.431381911
    0.513782442 0.86458683 0.413479149 0.561900437 0.26361692
    0.0698516965 0.617439985 0.0804423094 0.235249996 0.308083773
    0.456385195 0.882000208 0.290081263 0.946937859 0.11334461
    0.664638996 0.207235038 0.564558029 0.510769486 0.807624102
    0.317864597 0.993282497 0.30025214 0.362269402 0.35494566
    0.999174654 0.439593285 0.454110324 0.797257483 0.851076007
    0.16711098 0.842719674 0.821413755 0.60245645 0.0734772384
    0.648566246 0.121611178 0.192584813 0.0605916381 0.0170980096
    0.383193165 0.704438329 0.147808343 0.224340707 0.430838317
    0.374427199 0.668257236 0.0143830478 0.476067662 0.603579521
    0.0218489468 0.517849207 0.484381855 0.956093073 0.0598347783
    0.578776419 0.233920842 0.990605414 0.319682956 0.0357864797
    0.395372808 0.746641517 0.652613521 0.557289898 0.722544968
    0.0507394075 0.072489053 0.525732398 0.758299351 0.749082208
    0.506741464 0.758109093 0.833195388 0.71075654 0.479019493
    0.875181794 0.941612601 0.607406795 0.403491914 0.000460416079
    0.302852899 0.844841242 0.04945755 0.10716331 0.315665066
    0.0408191383 0.0628659129 0.75823015 0.410246909 0.278765142
    0.429022014 0.194691539 0.0484063327 0.802360117 0.0602076352
    0.109249532 0.838358641 0.468063921 0.0643050373 0.530540049
    0.591874063 0.929125905 0.342980683 0.0903698802 0.764361084
    0.872425854 0.82662046 0.581698716 0.491198093 0.169816434
    0.465518683 0.947148502 0.13905862 0.768542826 0.388188422
    0.0668467879 0.620084941 0.759881496 0.875126481 0.740056455
    0.878601551 0.253126204 0.0895195007 0.613318563 0.476398021
    0.715263665 0.458114415 0.638710499 0.883632421 0.240665227
    0.494672567 0.0454334021 0.875064731 0.862945318 0.115393311
    0.439444572 0.581775069 0.268761516 0.521045744 0.624067307
    0.185328841 0.448124439 0.20696044 0.244844705 0.325349927
    0.603708148 0.325004399 0.249265432 0.680479288 0.601497412
    0.851773918 0.91462189 0.541038454 0.433612525 0.750834227
    0.806402206 0.615231216 0.477817982 0.0771166086 0.128176033
    0.757229567 0.925673127 0.0631555021 0.300852776 0.848098397
    0.821248651 0.496982336 0.249657959 0.44975394 0.0556511283
    0.481212586 0.374109626 0.11578849 0.767366767 0.57254684
    0.937223196 0.851900518 0.75811708 0.588562012 0.426762134
    0.675281644 0.823199511 0.866571903 0.70638907 0.474811792
    0.540152788 0.205651104 0.407774031 0.499088556 0.583185911
    0.102526456 0.653828502 0.691022873 0.00104439259 0.583516657
    0.975869298 0.885224104 0.646255791 0.940246224 0.231274694
    0.0694022179 0.0356373191 0.67198956 0.000308692455 0.952335417
    0.737019181 0.867007136 0.511814654 0.308905602 0.763081551
    0.932235301 0.0473995805 0.285990238 0.0991945267 0.94386065
    0.463924646 0.419430196 0.943415105 0.77592659 0.894018531
    0.757737875 0.917042851 0.691302419 0.705943704 0.260440588
    0.341553867 0.883249223 0.981719971 0.676332653 0.714166462
    0.556744933 0.235527545 0.925519943 0.943950891 0.17076388
    0.405136973 0.86377573 0.533679366 0.985233545 0.940911114
    0.561098516 0.558427572 0.157654345 0.546089709 0.8659693
    0.450284004 0.786627471 0.269174755 0.549293101 0.407495826
    0.833984435 0.680110395 0.833557963 0.934588909 0.99288404
    0.0783858597 0.553756475 0.411850572 0.40423432 0.0348433256
    0.52846092 0.182247847 0.502630472 0.920867443 0.751375258
    0.306658298 0.907406211 0.537945867 0.836622298 0.841607571
    0.229893476 0.528033257 0.0803077519 0.120441884 0.220828295
    0.657982171 0.532555938 0.899658322 0.687649071 0.566330552
    0.159599304 0.514129937 0.527656615 0.801388979 0.0213469267
    0.197610945 0.885402799 0.87413609 0.202081293 0.753722131
    0.808244586 0.725477934 0.888836622 0.603954911 0.4149037
    0.219266504 0.740622401 0.554584503 0.813173294 0.715145528
    0.636636317 0.334653854 0.177645981 0.630151629 0.754940033
    0.956245363 0.827082276 0.742864251 0.939514399 0.38326478
    0.430734634 0.548490524 0.590237498 0.940165818 0.851018488
    0.765250385 0.178295165 0.92938149 0.0111421943 0.797978818
    0.998056054 0.370973766 0.538327098 0.0287487209 0.534559667
    0.0539066195 0.845000684 0.211900145 0.67595458 0.0432936847
    0.00963509083 0.612551749 0.508804619 0.647303224 0.0717425346
    0.158196479 0.86161685 0.800080121 0.219360352 0.785789251
    0.280768514 0.711266696 0.374588132 0.233343303 0.775027037
    0.831150293 0.14916119 0.418161362 0.172093272 0.566615641
    0.865364254 0.369962364 0.257895947 0.236920029 0.849161983
    0.684482634 0.0250216722 0.696160436 0.602475762 0.627596557
    0.689808249 0.488911092 0.554976165 0.794632375 0.537291229
    0.948809505 0.7573331 0.934416413 0.556164443 0.964444458
    0.709880233 0.55500114 0.754722953 0.347678363 0.661055028
    0.104613692 0.81428659 0.164154589 0.87460351 0.368894011
    0.195441872 0.601822197 0.0344595015 0.965725541 0.00979793072
    0.843354046 0.89489758 0.0402442515 0.231061012 0.896912456
    0.668469548 0.308238685 0.433411181 0.600701094 0.24377498
    0.302229285 0.635628104 0.421022773 0.655030251 0.816190124
    0.0869677663 0.0629203916 0.627392173 0.369422019 0.787600875
    0.583198071 0.381578714 0.654896796 0.32852003 0.72072196
    0.222012222 0.175932497 0.497156352 0.474964082 0.936994076
    0.605064213 0.694186747 0.250655532 0.528753042 0.809944153
    0.321650386 0.80665493 0.470063418 0.402403712 0.00829473138
    0.306168199 0.737515152 0.31973654 0.721671462 0.561941385
    0.968580365 0.863988519 0.367574781 0.429624826 0.432301402
    0.228435576 0.412157416 0.154810637 0.324730784 0.670560658
    0.625151396 0.376432091 0.603494942 0.421033978 0.144656718
    0.076523751 0.0622056127 0.460309178 0.0732305646 0.677107751
    0.625599563 0.335833251 0.949700177 0.0115168393 0.109749854
    0.581572473 0.308152437 0.609182 0.569979787 0.42234534 0.0317427516
    0.688120067 0.329423308 0.0527838767 0.785877466 0.542300105
    0.878560901 0.437701702 0.31899932 0.23040548 0.462717891
    0.323091328 0.683394194 0.665480614 0.609033406 0.185068041
    0.402745545 0.323119462 0.615913153 0.191366851 0.313824743
    0.227626234 0.831845462 0.620093465 0.819043458 0.729136407
    0.460826367 0.156637788 0.124787092 0.275592387 0.0173909962
    0.662943602 0.908090234 0.0911986828 0.623473406 0.632615864
    0.827866435 0.342593491 0.76296401 0.0190169811 0.22098887
    0.727870941 0.825760603 0.132225037 0.356465697 0.835885882
    0.115929008 0.914251983 0.0106958747 0.808837056 0.105464399
    0.869857907 0.716439426 0.974758506 0.491215616 0.893927097
    0.497538418 0.86547482 0.941964269 0.0446706712 0.92137444
    0.256768286 0.331943333 0.215707481 0.224871159 0.511319518
    0.166875571 0.17414692 0.578324497 0.48710686 0.715752184 0.65777272
    0.502010643 0.415482104 0.274012983 0.718467116 0.757142723
    0.74032414 0.999020398 0.285529792 0.606076896 0.237558365
    0.548122764 0.987772584 0.310134649 0.900261879 0.207714498
    0.587959051 0.633325756 0.645439863 0.234265566 0.169420302
    0.210470408 0.446628511 0.390329301 0.773610234 0.868246317
    0.617937684 0.809033036 0.183507323 0.487280011 0.202694446
    0.7028476 0.315397739 0.90155077 0.726102293 0.125862479 0.117279261
    0.740510821 0.272299826 0.00565072894 0.824727595 0.914322853
    0.494678974 0.528204203 0.196240455 0.590268135 0.901825249
    0.48205623 0.28054285 0.526748657 0.864316761 0.7392627 0.600961864
    0.298619568 0.139700383 0.283352733 0.124525011 0.225191951
    0.0631090403 0.491714031 0.510891259 0.9599967 0.620990455
    0.783049226 0.452974021 0.546307504 0.872612834 0.598218322
    0.63159138 0.0876775682 0.0953107178 0.814629555 0.41919893
    0.274738699 0.253304482 0.850138187 0.191828907 0.460514843
    0.680995464 0.851373553 0.495376199 0.221932709 0.559534132
    0.67285049 0.428611368 0.822224021 0.658273816 0.946327925
    0.00398492813 0.175158888 0.622879148 0.00567948818 0.905296087
    0.352704823 0.484611154 0.605467558 0.0136279166 0.752796769
    0.223284215 0.613157034 0.690841138 0.649333596 0.236535668
    0.36575684 0.778188765 0.590278864 0.0936065316 0.632075429
    0.158686042 0.956956863 0.0351715982 0.114193678 0.670296431
    0.454396367 0.549752057 0.809565783 0.36666286 0.508063853
    0.0532099009 0.866350055 0.40298 0.665359616 0.425816685 0.271398723
    0.29081592 0.815493405 0.96719718 0.223975092 0.993260026
    0.804239392 0.376976877 0.00834938884 0.304982543 0.895724416
    0.505578458 0.451181829 0.593276858 0.20409885 0.480170995
    0.198654801 0.214149177 0.409223497 0.190191209 0.655201733
    0.828701735 0.333445251 0.0124425888 0.88652873 0.43958202
    0.396790922 0.337260723 0.225478858 0.540534079 0.832939446
    0.950934887 0.569877803 0.280009538 0.864983678 0.92234695
    0.490343183 0.405615002 0.450698435 0.510913312 0.624909043
    0.551343143 0.81576246 0.513640225 0.237227142 0.60786891
    0.917883039 0.5453161 0.148964137 0.924361944 0.233301848
    0.523525059 0.0567023456 0.0763454139 0.68794632 0.784559965
    0.345660925 0.549121261 0.031560272 0.343158185 0.68042618
    0.287833691 0.306334108 0.218347907 0.973564684 0.519699991
    0.243991047 0.672555804 0.840536475 0.789246678 0.0624568462
    0.0183607936 0.629007578 0.520325005 0.144129276 0.481859356
    0.525559843 0.613444328 0.557691991 0.666941464 0.43226552
    0.248962015 0.351411998 0.69278425 0.466822326 0.0674280226
    0.396526247 0.881536305 0.999448717 0.164658755 0.752539754
    0.121754229 0.786923051 0.732772589 0.207913756 0.896398544
    0.371378124 0.129937261 0.36897552 0.10273242 0.288663626
    0.971053004 0.608799696 0.320822239 0.719309092 0.501237094
    0.631941497 0.245511174 0.301439941 0.54217571 0.657896996
    0.165418088 0.330555707 0.366032511 0.133846343 0.193037331
    0.0717239976 0.255629301 0.541535199 0.392926216 0.555769742
    0.222557485 0.711861849 0.954551458 0.709438086 0.387809664
    0.117246211 0.909551322 0.832688212 0.535385013 0.756584764
    0.250176847 0.317376226 0.759988129 0.761519969 0.151830584
    0.795962512 0.971324086 0.510950267 0.337345004 0.145439684
    0.474974662 0.0626208484 0.635944545 0.0296027958 0.741142213
    0.187148333 0.223396242 0.318376422 0.881800652 0.565162241
    0.892183542 0.749906659 0.571700156 0.754316449 0.127971977
    0.286081791 0.741485178 0.00475743413 0.241712242 0.861271977
    0.81410563 0.109991938 0.218738437 0.546484172 0.484021246
    0.064664036 0.0228071511 0.340607822 0.271109223 0.469735593
    0.933295131 0.303705603 0.410699964 0.246078372 0.780948758
    0.334986806 0.136101276 0.854836106 0.381771088 0.730226457
    0.0224339962 0.855124474 0.998668551 0.116513431 0.778900564
    0.36888817 0.0796127915 0.196374267 0.361521065 0.331600904
    0.616113544 0.343324125 0.638733268 0.297517538 0.0593658984
    0.0332112312 0.00364309549 0.668889284 0.0721848011 0.436924905
    0.321825206 0.366133928 0.695771813 0.153198957 0.0323677063
    0.715940535 0.556313396 0.392924815 0.357039571 0.999690235
    0.225248933 0.926950872 0.152784318 0.761648297 0.83887136
    0.11708501 0.00215053558 0.746142745 0.735565722 0.242582053
    0.566392601 0.364316612 0.0981281102 0.358956486 0.660585523
    0.879306614 0.668576121 0.613833547 0.0137196183 0.820277512
    0.676143646 0.251519054 0.567740321 0.270365179 0.0767882764
    0.539471805 0.449085563 0.545855343 0.0517085195 0.163869023
    0.55489409 0.164001554 0.926262617 0.214166075 0.946743906
    0.787410378 0.160290867 0.900248885 0.872546256 0.907777488
    0.628675282 0.532882869 0.408437401 0.689299166 0.0920355022
    0.571049869 0.171481401 0.925426304 0.344677329 0.922553182
    0.87533021 0.605252624 0.710703731 0.088619858 0.346290052
    0.435522377 0.411825329 0.18795082 0.505234659 0.788037181
    0.46180582 0.104160398 0.374659628 0.463078529 0.446078718
    0.423584104 0.915220499 0.457761437 0.0301420689 0.10806489
    0.387955904 0.973638892 0.829219997 0.416673928 0.0306563377
    0.73898387 0.318825513 0.415634304 0.264140099 0.463637769
    0.917127967 0.656896412 0.59144026 0.285539985 0.52234149
    0.446496129 0.882589579 0.111868918 0.185171872 0.369618803
    0.827235818 0.946500957 0.204638153 0.484207422 0.611806571
    0.229353994 0.959429622 0.872586131 0.829542696 0.123845488
    0.358384073 0.752001584 0.624475777 0.913680911 0.381022692
    0.0120837092 0.40398857 0.136636198 0.689123631 0.600889206
    0.815892696 0.733957887 0.413194716 0.0473612249 0.298125803
    0.655972004 0.399902612 0.435252607 0.833352447 0.898664176
    0.721864104 0.835494339 0.768871307 0.280724108 0.77425158
    0.597052097 0.985617816 0.189114779 0.926701188 0.383062363
    0.579455793 0.928457737 0.715561032 0.0119570196 0.2932944
    0.0187015831 0.776511073 0.492791712 0.176362038 0.791813791
    0.850461721 0.591987967 0.323604882 0.686609924 0.50500387
    0.212723613 0.950967073 0.40191257 0.453312069 0.711876333
    0.378611237 0.640631914 0.477759212 0.113997579 0.691789925
    0.26592499 0.204915971 0.91032064 0.423226297 0.509602964
    0.460668802 0.581053317 0.281734407 0.827404976 0.892607808
    0.310285747 0.183072448 0.660167694 0.726058722 0.165103972
    0.216989368 0.453837574 0.935413599 0.850368023 0.370426446
    0.822407365 0.935238004 0.579845905 0.131267428 0.943194151
    0.926372945 0.100851178 0.102268368 0.783383787 0.93766427
    0.46091181 0.604733467 0.48587954 0.125138581 0.568599582
    0.321515262 0.341673404 0.179119825 0.832514048 0.231174409
    0.794203818 0.306981862 0.921750486 0.315753311 0.866136134
    0.0342999399 0.352590322 0.595839202 0.431337476 0.182669312
    0.980233788 0.182455689 0.00479307771 0.221623391 0.471613854
    0.0818943381 0.179449528 0.419451714 0.99171406 0.799884319
    0.142897308 0.337014437 0.874217987 0.971039414 0.539657176
    0.582351923 0.865159512 0.864834607 0.805129707 0.0333193243
    0.183056176 0.915896177 0.408192337 0.0941287875 0.302659452
    0.696481109 0.0456537604 0.193108916 0.542131066 0.0354934633
    0.112525761 0.69924587 0.74508822 0.0590382814 0.0220070183
    0.516369402 0.745137453 0.551476717 0.665668666 0.553647876
    0.603505969 0.18448326 0.204292357 0.386853516 0.82575047
    0.828485906 0.617083311 0.204544067 0.319658518 0.84567368
    0.510388017 0.891632378 0.732279003 0.0428057015 0.135043263
    0.00530928373 0.104882121 0.753224134 0.154189855 0.606816292
    0.828158617 0.384622008 0.349731803 0.298588783 0.0390638709
    0.147297114 0.114918828 0.959348023 0.9465065 0.08880198 0.980512202
    0.774691224 0.428850114 0.00616845489 0.217027843 0.914737701
    0.293840826 0.0246503949 0.381026089 0.352971315 0.684910536
    0.673278749 0.135627508 0.21594125 0.899583101 0.598991454
    0.644588888 0.353509486 0.991026163 0.244816512 0.998805761
    0.296668589 0.89012897 0.671498239 0.849467158 0.1514979 0.296751261
    0.465617448 0.229869336 0.548971534 0.385835111 0.972544909
    0.984122157 0.79616487 0.0614896119 0.925300479 0.274058998
    0.546913028 0.845422029 0.525625885 0.43343097 0.37974748
    0.312674642 0.68744415 0.0676985681 0.973933101 0.671165943
    0.440863132 0.236036271 0.72518599 0.22771436 0.496388763
    0.262099922 0.365079641 0.790569782 0.99433136 0.0146460235
    0.983115673 0.660404682 0.253768533 0.891355813 0.323842555
    0.514361978 0.463648945 0.373056233 0.962206721 0.846479297
    0.581171751 0.525798082 0.596775055 0.1230748 0.477985978
    0.323715061 0.577335894 0.0392092764 0.0569094718 0.185367435
    0.0419962406 0.944217324 0.317502677 0.879696488 0.522951066
    0.217415392 0.799606085 0.361420602 0.638960302 0.200787634
    0.113138378 0.256848514 0.0054962635 0.989392579 0.771758676
    0.936676443 0.799682617 0.92444706 0.203279734 0.785233498
    0.386494309 0.590111196 0.898175955 0.777002275 0.0694710016
    0.420765221 0.96269685 0.558710933 0.873747706 0.971840858
    0.622928739 0.875748038 0.236826241 0.992635608 0.722707748
    0.618827343 0.84625715 0.877388239 0.624227047 0.721184611
    0.359949708 0.925964177 0.339947701 0.801452518 0.580247164
    0.726083755 0.688681006 0.700270295 0.55990994 0.13393259
    0.756945848 0.969558597 0.684558988 0.201934993 0.0940381289
    0.284182847 0.201396376 0.67841953 0.524504125 0.798928797
    0.763257146 0.663942337 0.437613368 0.554664254 0.875350535
    0.710077226 0.442296207 0.500536263 0.995178103 0.750628173
    0.111387908 0.674485803 0.0719083846 0.720079482 0.555384398
    0.588661492 0.358386964 0.14968127 0.346666366 0.992286563
    0.701122284 0.725363612 0.243362337 0.527816772 0.457685262
    0.336454451 0.235647619 0.329072416 0.600184262 0.737310827
    0.813021541 0.305058599 0.864899278 0.912042856 0.842301369
    0.788229704 0.581653059 0.699720979 0.919759929 0.589632928
    0.998441339 0.289087355 0.58082056 0.00464087725 0.0141971707
    0.343349725 0.190065831 0.271087408 0.336273491 0.0211918056
    0.413885951 0.466243088 0.298701406 0.879163623 0.855756044
    0.75717473 0.168429673 0.582236648 0.369298935 0.288143694
    0.494561911 0.172595561 0.389449209 0.467132926 0.587179959
    0.651687264 0.773564816 0.754208088 0.23912859 0.809644163
    0.42037499 0.519893646 0.723850131 0.395124972 0.177250773
    0.946066856 0.815129459 0.242825061 0.825498223 0.189331383
    0.204483986 0.89509511 0.686093509 0.720248222 0.303661883
    0.58452642 0.21693179 0.946038723 0.436971039 0.300652742
    0.123857021 0.270543158 0.874312639 0.554837942 0.90787375
    0.600291669 0.362270117 0.739625573 0.107857853 0.867354631
    0.957473278 0.664303899 0.897829533 0.34225443 0.603839219
    0.157828271 0.858487248 0.809771657 0.709233761 0.125147253
    0.813048244 0.824161649 0.961997211 0.318532765 0.884164155
    0.484314919 0.555769444 0.255518436 0.191804558 0.130281627
    0.03669554 0.649029076 0.802410305 0.308387935 0.749163508
    0.0781771541 0.389193088 0.0233578384 0.581755161 0.832773447
    0.530204654 0.366086602 0.390346169 0.434602022 0.0651336014
    0.999816418 0.2423594 0.197117895 0.033241272 0.444934011 0.99698633
    0.989747286 0.19675532 0.578322589 0.61795795 0.322572529 0.31491065
    0.256421983 0.703413963 0.261968553 0.995236278 0.670931399
    0.38091296 0.479697257 0.738286316 0.332837999 0.170616806 0.3950378
    0.00370043516 0.122884303 0.680534124 0.151709855 0.859123766
    0.496086627 0.645687342 0.636183977 0.0148531795 0.916332304
    0.911390543 0.557669044 0.294842362 0.183305621 0.0315537453
    0.815111041 0.512292862 0.489061028 0.26207599 0.884682178
    0.572969198 0.761472821 0.87468797 0.868265569 0.663411438
    0.0614426732 0.534443438 0.196696579 0.786998272 0.134170115
    0.502586365 0.919115782 0.230106562 0.214907467 0.622851968
    0.19291842 0.694476962 0.261881113 0.994350433 0.246357232
    0.190717876 0.731096148 0.00662469864 0.531125009 0.532414019
    0.957340956 0.418225914 0.415473282 0.213451952 0.320949972
    0.530084729 0.175766647 0.199142545 0.828138828 0.476942301
    0.717015386 0.349272132 0.696405292 0.565971792 0.351945698
    0.324934959 0.486111552 0.415217251 0.298473358 0.281770706
    0.95046258 0.343419671 0.449091077 0.379662931 0.161449403
    0.475121707 0.0703434348 0.927572012 0.206412911 0.392918736
    0.579663932 0.122319102 0.991185665 0.369922161 0.946398377
    0.266961634 0.643968225 0.961948514 0.0907975733 0.630060434
    0.711988747 0.803515017 0.0532534719 0.940772653 0.591468334
    0.154479414 0.468301982 0.276140511 0.23559159 0.582482338
    0.181893051 0.714734197 0.578485787 0.452317744 0.608266354
    0.457866728 0.945627153 0.292096972 0.908395648 0.495722175
    0.712233663 0.115672767 0.796840131 0.913377523 0.331073642
    0.74621135 0.0182291865 0.671139121 0.82199192 0.0568366051
    0.882645011 0.549046874 0.236453772 0.239644706 0.983856678
    0.643276811 0.135362834 0.334937692 0.27292949 0.496257961
    0.634687424 0.610782266 0.00804927945 0.508927882 0.958766341
    0.828584433 0.523608267 0.805966258 0.774221659 0.447305322
    0.551964998 0.662551045 0.909476876 0.618352294 0.644737184
    0.809119642 0.891334057 0.940805316 0.366239578 0.450358629
    0.452859104 0.872935414 0.298071682 0.117764354 0.49476409
    0.972265959 0.355069458 0.230942667 0.340281188 0.872275889
    0.532136381 0.792814493 0.538067102 0.354001909 0.990297794
    0.905615985 0.930814385 0.9225021 0.248264849 0.655418336
    0.866499722 0.116698265 0.139287859 0.43497321 0.142994881
    0.585696459 0.242452443 0.911878824 0.0761063993 0.348766178
    0.553362548 0.919710875 0.367995083 0.135632247 0.455086768
    0.674872935 0.0819754899 0.0990419388 0.239368528 0.695462167
    0.601342022 0.389103413 0.12947154 0.998641729 0.989932775
    0.471134484 0.795771837 0.585012436 0.726266801 0.296793461
    0.662410975 0.336120307 0.571377277 0.803078175 0.768532515
    0.286621034 0.444776624 0.200185388 0.760863483 0.276571184
    0.346714169 0.270557642 0.351279676 0.333528936 0.672043264
    0.892722189 0.796747923 0.77476269 0.0374889374 0.144365847
    0.697190046 0.423100084 0.968460083 0.792656183 0.0215631127
    0.58546567 0.427883953 0.786117256 0.477065384 0.464378357
    0.977367759 0.553868234 0.359887898 0.816335738 0.187559307
    0.775484562 0.526275516 0.553220928 0.178124934 0.259825975
    0.53131479 0.817713559 0.170553863 0.181070507 0.913840771
    0.545710862 0.429082841 0.740077257 0.00894120336 0.825971782
    0.879154921 0.342540145 0.236537457 0.83084929 0.530737817
    0.799638033 0.659404397 0.224214673 0.306343108 0.484439731
    0.782405734 0.92973876 0.831306279 0.0424610674 0.0946326852
    0.229334623 0.532061279 0.971767187 0.258529663 0.596759677
    0.0417164862 0.118394375 0.0968858302 0.505490422 0.657832265
    0.592240453 0.748515248 0.429433316 0.0955356658 0.575559795
    0.714772999 0.603970408 0.529882729 0.832461417 0.541118145
    0.886972427 0.332256347 0.214487582 0.438441426 0.939194202
    0.58945334 0.980852723 0.673267841 0.567812145 0.590420246
    0.0551629961 0.525641441 0.108299136 0.348307848 0.507065415
    0.49346742 0.192938417 0.853124142 0.694094777 0.711957157
    0.455284864 0.362833172 0.355724812 0.572711349 0.990990341
    0.679749787 0.125174463 0.723940134 0.231639922 0.605502605
    0.327083379 0.377778977 0.0192467272 0.211195409 0.711565614
    0.380473584 0.754002571 0.601878226 0.841584623 0.309616983
    0.46011591 0.270346582 0.449799776 0.512879372 0.962023616
    0.339612156 0.671050012 0.597485483 0.374667913 0.661382556
    0.660177231 0.534801543 0.329374373 0.800792217 0.0201275051
    0.631397545 0.803606868 0.86679858 0.693137407 0.0583123565
    0.268947512 0.968895435 0.301258624 0.0609652698 0.687785387
    0.660863876 0.0644703507 0.873166442 0.792378545 0.159260273
    0.841477513 0.33129397 0.55323416 0.106093138 0.179485232
    0.970939815 0.635543227 0.965871394 0.358896703 0.276069015
    0.642149985 0.660823941 0.604739487 0.294830829 0.439856499
    0.436888933 0.612159193 0.348894656 0.360391974 0.675337255
    0.985584378 0.298745513 0.731583953 0.114744216 0.349557221
    0.649855971 0.916178048 0.665613413 0.893644512 0.169861495
    0.832484961 0.663518071 0.325140804 0.013130486 0.759267569
    0.622290134 0.735149264 0.412080705 0.129334331 0.365398318
    0.360645086 0.690252423 0.504718363 0.611759186 0.492808402
    0.37760824 0.765449286 0.733395219 0.513813734 0.177005202
    0.897750139 0.763747931 0.936745763 0.00142380595 0.829411507
    0.875239074 0.258045554 0.516852915 0.754153967 0.286012471
    0.0510182977 0.645718932 0.647873044 0.425779253 0.969834685
    0.968132019 0.931062937 0.0449311137 0.580444038 0.285917073
    0.831079245 0.444905221 0.269648969 0.34272325 0.532878757
    0.893652558 0.343346477 0.18702817 0.787166297 0.362785161
    0.776178122 0.464187771 0.642727256 0.140941203 0.983344674
    0.202286482 0.571494699 0.728961349 0.431618869 0.00987175107
    0.0750205517 0.336259186 0.769931853 0.824778616 0.120785743
    0.618066669 0.323310047 0.0860154927 0.45101124 0.906403244
    0.0461293459 0.461993814 0.573045194 0.567398846 0.477930397
    0.862284958 0.272602797 0.701783657 0.605595946 0.985940933
    0.617338896 0.153234065 0.309106886 0.700465202 0.524955511
    0.236211389 0.635519385 0.609089434 0.206174612 0.400352597
    0.354669631 0.319612026 0.0107934177 0.376498133 0.172347188
    0.0804397762 0.402891606 0.917063653 0.279481709 0.988784194
    0.336541951 0.0214384794 0.492695749 0.0424219668 0.0648732781
    0.233770072 0.933908224 0.883009136 0.264565945 0.23403573
    0.338158697 0.269421697 0.21432519 0.988423169 0.775012136
    0.937339127 0.310122252 0.651014984 0.256347716 0.422036111
    0.0911425948 0.0656846464 0.47184214 0.317596018 0.0794869363
    0.905458033 0.0767896771 0.763405085 0.249991655 0.377417982
    0.0524668396 0.701140344 0.139133513 0.826653361 0.0660326183
    0.914851606 0.140815228 0.78271842 0.293917298 0.423722327
    0.236796439 0.358806938 0.00910416245 0.892749608 0.141681671
    0.221622497 0.406425744 0.688238144 0.960610271 0.697050571
    0.120497793 0.647057891 0.977780938 0.736300528 0.730584562
    0.374547273 0.456302792 0.0565444231 0.615736127 0.334135354
    0.181880295 0.608244121 0.658605397 0.107360452 0.0112057626
    0.253911853 0.810322165 0.638372779 0.355333745 0.819866955
    0.0797789395 0.924055576 0.0513909161 0.682361484 0.615018606
    0.577249706 0.738484383 0.0666570365 0.557281375 0.414379865
    0.614572167 0.481638104 0.479113549 0.828548074 0.0154443979
    0.27689147 0.00869080424 0.822284937 0.39218992 0.586494029
    0.0205997825 0.865292966 0.492294461 0.163783252 0.375763655
    0.267738461 0.94510901 0.00886270404 0.746021748 0.711652637
    0.309502631 0.97088033 0.772330403 0.67768991 0.0226232409
    0.0724132359 0.484385133 0.687509656 0.469859004 0.550929785
    0.46239835 0.922193408 0.748738527 0.762122273 0.672961593
    0.491160899 0.571787775 0.0594152212 0.617580056 0.21253404
    0.309609085 0.831144989 0.391789407 0.753617883 0.598679066
    0.988448679 0.486045778 0.310414612 0.900115192 0.545329392
    0.104711652 0.337331533 0.401775777 0.877406955 0.240653992
    0.21144715 0.16969952 0.578331649 0.741816044 0.25479269 0.319498241
    0.054363817 0.374201745 0.980996966 0.638937831 0.69812727
    0.513056815 0.780396342 0.608689427 0.91333431 0.725868583
    0.126135051 0.563973367 0.0081230402 0.874014378 0.133032143
    0.402466089 0.104230374 0.670232952 0.0792243481 0.0610119998
    0.140526474 0.0388005674 0.0490050614 0.783177316 0.909866035
    0.529846549 0.949335575 0.721207976 0.495433062 0.734805763
    0.188227803 0.0127494931 0.752524495 0.0458227098 0.963268459
    0.513433039 0.434862196 0.949219763 0.381236851 0.569390774
    0.761368036 0.52178967 0.580470204 0.415964544 0.161196947
    0.716920733 0.0294345617 0.682104111 0.430808485 0.589214742
    0.96045357 0.649573267 0.511896551 0.338230371 0.707131267
    0.406711102 0.0523445606 0.796237588 0.874597549 0.432650864
    0.912940145 0.294265866 0.664973855 0.154832274 0.542010188
    0.246509582 0.32620573 0.502775908 0.969646156 0.868956864
    0.56740433 0.967829168 0.457982749 0.226417422 0.0550603271
    0.70272243 0.956871808 0.469369531 0.600616097 0.863523245
    0.747470975 0.383619845 0.166056842 0.856315076 0.776599526
    0.510550857 0.554630518 0.347426504 0.39393425 0.800157905
    0.286668956 0.971792758 0.45107159 0.312635303 0.73301053
    0.668199301 0.745303273 0.267186463 0.566977024 0.21610257
    0.73258841 0.036219418 0.880101919 0.0338709354 0.77648294
    0.424642444 0.0135619342 0.20353353 0.0531323254 0.768755853
    0.971132517 0.380046099 0.911014438 0.107867658 0.189197302
    0.217050284 0.982382894 0.165286899 0.485655874 0.379667401
    0.432165176 0.974009395 0.714018524 0.621656239 0.264380515
    0.317486227 0.97366035 0.569568396 0.0795228183 0.209325314
    0.254383564 0.548144341 0.602796316 0.558480561 0.770474911
    0.573437452 0.8662889 0.137971282 0.0896473527 0.855229974
    0.961910903 0.364430815 0.286460519 0.55423069 0.556731462
    0.240172565 0.509978354 0.00339892507 0.482360482 0.277922541
    0.381425917 0.19824031 0.363640189 0.494005889 0.462878972
    0.124806583 0.962674916 0.668562531 0.359872639 0.450504899
    0.464283913 0.289099813 0.991970181 0.385750085 0.286495924
    0.926802874 0.801386237 0.811272681 0.786896944 0.798353553
    0.653384924 0.236713976 0.80739665 0.464770377 0.582910776
    0.791612983 0.396010935 0.520043969 0.432493687 0.815188766
    0.386294246 0.655557275 0.133235544 0.871362031 0.445695758
    0.867415428 0.358289123 0.310220391 0.803363323 0.782893717
    0.202504843 0.356776297 0.626422346 0.816080391 0.676732361
    0.262987614 0.637533963 0.162093192 0.620562911 0.150197893
    0.687999964 0.88501364 0.40641129 0.742245436 0.865873218
    0.383502096 0.197160602 0.914182186 0.056542933 0.962477446
    0.373954624 0.290752798 0.609768212 0.812521815 0.237069726
    0.0947829485 0.266776145 0.910765171 0.272464812 0.847462714
    0.298735738 0.112897336 0.0393507779 0.238360494 0.961361885
    0.835971832 0.960848033 0.264643192 0.416865289 0.299792647
    0.107471943 0.383721143 0.682521641 0.886432052 0.867790401
    0.161018103 0.612042844 0.271959335 0.741867542 0.736974955
    0.787946105 0.916838408 0.496127486 0.130027026 0.898501515
    0.685939014 0.0842287242 0.411157191 0.682820618 0.41569066
    0.24508673 0.411581218 0.481565624 0.586971521 0.791784048
    0.93535322 0.291012883 0.607383132 0.229156762 0.934470654
    0.486301005 0.655285895 0.857859254 0.981151104 0.0826162696
    0.967734694 0.532000601 0.808315516 0.401307166 0.118793935
    0.84018302 0.107554525 0.601701856 0.00786328316 0.455149293
    0.503233492 0.265512943 0.993824244 0.611895621 0.855333745
    0.187200099 0.167063326 0.177543998 0.390912175 0.0549536645
    0.620399237 0.39895004 0.30199036 0.958101392 0.0743658841
    0.142205447 0.196096301 0.203654557 0.142769009 0.275010884
    0.369160026 0.58345437 0.344053209 0.525660098 0.85784471
    0.746673882 0.399163157 0.493067414 0.773433685 0.806229234
    0.0316437483 0.332284719 0.821065426 0.0777807534 0.702860236
    0.50415504 0.360707343 0.932719052 0.552226484 0.526997805
    0.72419095 0.722018003 0.0435607135 0.233703613 0.288613558
    0.0197058916 0.2144728 0.273746699 0.771649837 0.93901217
    0.661096454 0.00241491199 0.85795027 0.41188705 0.296692431
    0.274125427 0.315031409 0.0690829754 0.732679367 0.316206932
    0.414164126 0.841512382 0.274634212 0.430294484 0.336719811
    0.21328494 0.0631255507 0.702681899 0.411619037 0.122170746
    0.236640871 0.513929725 0.506946683 0.305185676 0.492163897
    0.99836123 0.505679429 0.99352324 0.887273669 0.232368499
    0.332243204 0.347541034 0.498317659 0.824454784 0.65123409
    0.403866708 0.223246604 0.429736227 0.733582735 0.0962641239
    0.519015193 0.41620332 0.311928809 0.319387615 0.7662642 0.964989126
    0.738442242 0.0541684628 0.528395355 0.954652667 0.116841763
    0.425911427 0.549179792 0.890724659 0.421164602 0.01718539
    0.509747803 0.50472939 0.758446932 0.563027322 0.452899277
    0.380743384 0.499028265 0.286915123 0.41075924 0.956792116
    0.922421575 0.240999997 0.752005458 0.119108856 0.552513838
    0.869533896 0.109457165 0.33677268 0.860879183 0.435161829
    0.480833858 0.703770697 0.696799397 0.947297692 0.721550345
    0.702760577 0.283672184 0.555932879 0.630375445 0.722998381
    0.345754445 0.314726532 0.152612776 0.741900146 0.910412908
    0.142917037 0.796451688 0.843322515 0.767553926 0.939339638
    0.455054045 0.187340289 0.81267488 0.462336332 0.934717655
    0.124516696 0.9828282 0.110615343 0.0214593112 0.051805377
    0.861341357 0.722334743 0.98230207 0.690956295 0.590738416
    0.0433048308 0.624140143 0.874703944 0.455280513 0.928678036
    0.890508056 0.624655247 0.252099723 0.139633328 0.41077742
    0.364435673 0.932489455 0.448401511 0.468938261 0.441347688
    0.974787831 0.322649866 0.141025692 0.7142331 0.497275054
    0.496597707 0.291394711 0.128683686 0.4537898 0.545815647
    0.0302316546 0.162687808 0.230310023 0.651323259 0.852403045
    0.218038052 0.0258525908 0.768892348 0.0818503797 0.0420954525
    0.921735644 0.00957202911 0.920961261 0.369529545 0.296729088
    0.297457397 0.984488249 0.780476928 0.708631158 0.842818022
    0.708357811 0.0228350461 0.452260077 0.935596645 0.179784596
    0.735327542 0.053286165 0.655023396 0.865222931 0.384985954
    0.472908825 0.855883002 0.973112106 0.284732372 0.483105898
    0.43222183 0.998876691 0.801876009 0.207572937 0.0357459486
    0.702633381 0.0189941823 0.393020093 0.782608628 0.207874686
    0.00172793865 0.314305097 0.00695991516 0.869264841 0.675620377
    0.116108239 0.126611859 0.113899857 0.16133976 0.140412092
    0.950541615 0.987440109 0.195136666 0.703801274 0.288351893
    0.158658952 0.845590651 0.985636353 0.25424248 0.0961891115
    0.718557179 0.596012235 0.367452115 0.961468875 0.71222508
    0.579089522 0.653902054 0.213157862 0.778407037 0.536416292
    0.125126302 0.157408863 0.788148165 0.431494862 0.502510607
    0.258594573 0.691337585 0.515755177 0.369444937 0.915072501
    0.906294346 0.699908733 0.312012583 0.786981821 0.871397972
    0.689602911 0.666991174 0.423445791 0.925512612 0.455448925
    0.647013366 0.91705215 0.608656764 0.572981238 0.331651866
    0.308765322 0.910652339 0.535080254 0.431648284 0.894449353
    0.806413651 0.77984333 0.101482481 0.135732293 0.527699828
    0.85453105 0.547573447 0.685637116 0.654389143 0.316964149
    0.820886493 0.175439179 0.291535735 0.740781248 0.0955524147
    0.152314633 0.191019237 0.468709081 0.514058292 0.510399997
    0.582255423 0.965683758 0.0291537046 0.119888425 0.974076629
    0.495617151 0.617774248 0.908547223 0.528192401 0.812718987
    0.35431999 0.632820606 0.726529002 0.316473365 0.383427709
    0.926613331 0.0270655751 0.887967646 0.945815921 0.0854128301
    0.914529324 0.481355488 0.265847564 0.181641936 0.61202693
    0.514543355 0.841624856 0.0541154146 0.65370965 0.891496062
    0.689551234 0.0472646952 0.206477284 0.618186653 0.199264854
    0.491962135 0.359161139 0.498975843 0.981275558 0.281531811
    0.302063793 0.49988088 0.500483572 0.533625841 0.165223479
    0.841066718 0.752133608 0.808750987 0.0715664625 0.97852993
    0.646813929 0.299466103 0.30983898 0.351758122 0.0454267859
    0.978446126 0.455929279 0.693859994 0.889029741 0.274305016
    0.347153276 0.525559783 0.900766134 0.942650199 0.967078805
    0.241092712 0.338511586 0.40316391 0.290710449 0.656202435
    0.0278551579 0.01279369 0.105242461 0.414042443 0.878852963
    0.0884627402 0.277566165 0.691162825 0.948732138 0.0953467786
    0.177400529 0.792459249 0.832536697 0.487193435 0.852077484
    0.520089984 0.146246463 0.654963255 0.33260119 0.267109394
    0.0445020795 0.826796532 0.145354748 0.686564922 0.0572914481
    0.921987891 0.131454825 0.442160785 0.290104657 0.856781125
    0.802329302 0.0712583363 0.887581766 0.29694736 0.0440151393
    0.835648179 0.237193644 0.736519575 0.720416129 0.825467825
    0.552284539 0.865447879 0.415393353 0.336993873 0.413924336
    0.838407159 0.556884944 0.0702520013 0.332255125 0.227470279
    0.0196030736 0.0379501283 0.375963628 0.468704581 0.148637593
    0.618140578 0.171836078 0.921150863 0.943626285 0.254971594
    0.885203362 0.471822262 0.231877565 0.532404661 0.548242271
    0.414144546 0.455076665 0.523003042 0.445975304 0.463118553
    0.115080237 0.113632441 0.450837761 0.944483519 0.969312787
    0.446051687 0.0812135935 0.561838627 0.780719221 0.299496174
    0.386677504 0.101328373 0.935893953 0.741637349 0.286513209
    0.317611933 0.161710203 0.112639338 0.54071939 0.982266545
    0.78819561 0.0261056721 0.381260812 0.150194138 0.825881124
    0.924452126 0.547652125 0.140425533 0.645267785 0.249858171
    0.935236692 0.123083949 0.207236677 0.211265057 0.431577384
    0.480295509 0.332908273 0.453017503 0.132632852 0.440631658
    0.263060033 0.640957594 0.496564507 0.907768488 0.998864055
    0.374421358 0.288241327 0.892763615 0.899689436 0.0135279596
    0.227871776 0.668428302 0.19301936 0.513260901 0.453382164
    0.668846607 0.828136802 0.149124354 0.972746611 0.0717408061
    0.777765155 0.244229048 0.365837932 0.985984206 0.50476563
    0.91883409 0.839170158 0.394746304 0.83143729 0.789668083
    0.167837769 0.803580225 0.951839805 0.773523569 0.551220715
    0.984264135 0.0568229556 0.246281773 0.812358558 0.479937464
    0.428639293 0.304968834 0.507561982 0.612475276 0.132784516
    0.807793736 0.273669749 0.841073871 0.0853670537 0.502266884
    0.796013415 0.036998719 0.0717073977 0.177283555 0.420162708
    0.272907436 0.690515995 0.208334655 0.317222297 0.159792423
    0.148594409 0.079531312 0.567996264 0.320646048 0.912210941
    0.438067406 0.502285182 0.518822432 0.362303287 0.0571072996
    0.814367414 0.812526703 0.280163646 0.0386587083 0.00372183323
    0.849177003 0.521687031 0.684880257 0.752070189 0.572342873
    0.59258759 0.591799557 0.542984486 0.656959832 0.103602111
    0.826897979 0.836293578 0.122839957 0.541696429 0.432607025
    0.626745939 0.923660874 0.126744181 0.0961655676 0.00160217285
    0.153844386 0.00250181556 0.193738788 0.581241131 0.470402002
    0.21863386 0.897025943 0.403777063 0.701668262 0.183211833
    0.456252038 0.217739046 0.561668217 0.734627783 0.116007745
    0.810704291 0.689438939 0.870832682 0.124478936 0.0914110541
    0.80620569 0.0185514092 0.857136846 0.605491877 0.878884256
    0.873045444 0.30810976 0.5770576 0.652993798 0.294222325 0.506520987
    0.608618379 0.989161253 0.851977825 0.980402708 0.119342804
    0.776236415 0.870966971 0.338521004 0.924236774 0.812086463
    0.0912331939 0.985168517 0.917932212 0.30708608 0.735417366
    0.863842487 0.146579862 0.147713184 0.927805364 0.498793483
    0.864842296 0.060459435 0.875526905 0.711568594 0.555681705
    0.605700254 0.337322205 0.10579741 0.175911993 0.663262188
    0.0534416735 0.647062719 0.330815583 0.693572044 0.00940111279
    0.936732411 0.290932983 0.847680867 0.247325033 0.530121028
    0.319754779 0.466702908 0.93264097 0.382687062 0.815094888
    0.659663022 0.475352585 0.621691227 0.737111568 0.184662789
    0.000214636326 0.000724166632 0.77707845 0.0932530463 0.421581358
    0.740049183 0.0190056264 0.423030406 0.162099808 0.531977117
    0.171232045 0.48573491 0.892650008 0.738188207 0.0550477505
    0.256507576 0.893024206 0.0950008333 0.0228202641 0.935970306
    0.152967602 0.428210706 0.979403317 0.630080581 0.262827933
    0.589697838 0.757609725 0.204016626 0.553001285 0.952125192
    0.36126399 0.599824071 0.705032229 0.00656592846 0.304784685
    0.273473322 0.764807642 0.832510114 0.486813158 0.312728703
    0.884447217 0.565314829 0.582434416 0.726727366 0.446350843
    0.877459526 0.281790018 0.433764368 0.606198549 0.680470884
    0.215682477 0.420015842 0.212842554 0.72066474 0.772463799
    0.754659057 0.190604448 0.0916523039 0.20484677 0.241676927
    0.833884239 0.719991803 0.430105925 0.0167061985 0.260350764
    0.897901416 0.652971745 0.0823609531 0.852591991 0.635949492
    0.161827654 0.56985271 0.335009158 0.29873544 0.590584874
    0.255859971 0.334464669 0.909570158 0.106136918 0.0584351718
    0.495411664 0.292769045 0.76423341 0.939117134 0.962802052
    0.781970918 0.694099009 0.556021988 0.135228723 0.866606236
    0.689995289 0.890770435 0.262084484 0.677729845 0.336982727
    0.152204871 0.218998641 0.112554431 0.399141788 0.263852298
    0.94696331 0.75867188 0.719546199 0.600229681 0.850174129
    0.711575985 0.748252153 0.316009939 0.699172378 0.25314638
    0.0339685678 0.107505828 0.37389487 0.329877615 0.93055737
    0.511223435 0.682371199 0.5107162 0.0488901734 0.891381383
    0.408264548 0.67904371 0.645649076 0.00663328171 0.43715924
    0.746798217 0.434611022 0.97883445 0.252895474 0.254318953
    0.67247206 0.392872393 0.00327304006 0.700325251 0.212644815
    0.412264168 0.174029887 0.129123479 0.384070337 0.297211766
    0.0827953219 0.777382374 0.0752905011 0.210874051 0.89391768
    0.565021873 0.0674512982 0.0919786096 0.990483165 0.490992695
    0.744135261 0.540565431 0.212040335 0.263094187 0.751176178
    0.759733438 0.441379279 0.913371623 0.715080023 0.73774153
    0.573500991 0.630026758 0.738178372 0.520263255 0.490990311
    0.928378761 0.70126915 0.457864195 0.572500288 0.925839484
    0.16346398 0.893854737 0.896789312 0.484783381 0.407264262
    0.160581082 0.483588487 0.0171594322 0.676417351 0.470719278
    0.372728318 0.831574976 0.158412158 0.859169602 0.2096259 0.9265306
    0.246070832 0.898564816 0.0887213349 0.0739135444 0.770822525
    0.229226828 0.0920327604 0.704798579 0.144279093 0.167242974
    0.630605996 0.143989414 0.642977595 0.981273293 0.0397955179
    0.615177453 0.12019819 0.0438707769 0.266515672 0.280598879
    0.492366016 0.453548729 0.58066237 0.720385075 0.457492173
    0.799911857 0.988064706 0.820636511 0.73104322 0.743589818 0.8218413
    0.486570239 0.250244617 0.672565579 0.119368702 0.6677351
    0.683640122 0.70996201 0.546478987 0.660331666 0.848049402
    0.121080488 0.471149504 0.197600514 0.901870072 0.120520949
    0.00992149115 0.125139177 0.281612277 0.892643213 0.338888824
    0.704191029 0.0630505383 0.719953835 0.414497167 0.663879931
    0.369151443 0.851190329 0.300911218 0.568631947 0.547785342
    0.129243106 0.295330375 0.45947662 0.601046503 0.141833454
    0.587266147 0.526437283 0.585899174 0.961703241 0.962361455
    0.356549203 0.14109695 0.39478159 0.916336894 0.924776077
    0.608618617 0.689333797 0.959604144 0.734611332 0.647447109
    0.613419712 0.689585745 0.71425426 0.385231555 0.733521104
    0.000624984503 0.686162055 0.599911869 0.50061208 0.0120249391
    0.444028914 0.245747447 0.26124239 0.464651078 0.443676442
    0.382518828 0.476588398 0.161354065 0.0384404659 0.0103814006
    0.443664253 0.275839508 0.835567951 0.067253381 0.0905254185
    0.138285965 0.748823941 0.642180443 0.436091989 0.479369134
    0.998332977 0.006719172 0.971595407 0.418118626 0.132697552
    0.909435272 0.182758182 0.0158664584 0.426615864 0.559243143
    0.551754296 0.369083881 0.777399659 0.765341163 0.812253714
    0.054469943 0.228152812 0.591508508 0.650011361 0.80903095
    0.550439358 0.472029626 0.47767812 0.752169549 0.187456131
    0.0801179409 0.140749663 0.51628387 0.573433578 0.6808936
    0.836939692 0.995485723 0.575069785 0.238354951 0.574727178
    0.513069093 0.178824514 0.118115544 0.508515358 0.571221948
    0.620862484 0.433456123 0.414969802 0.859817863 0.354803294
    0.412308514 0.83347404 0.802838683 0.322292328 0.53352946
    0.889746666 0.155941844 0.836908638 0.298539847 0.804519117
    0.443527102 0.88427794 0.0700893104 0.569716275 0.93185544
    0.114367217 0.593766928 0.593999565 0.582195759 0.712327182
    0.175576508 0.757618666 0.00508221984 0.7596457 0.693603873
    0.284906954 0.840684175 0.826361299 0.631414652 0.674994588
    0.340151012 0.0161557496 0.42079404 0.386402786 0.0985123515
    0.0503128767 0.907708287 0.756987691 0.447740048 0.623770356
    0.456788868 0.213891447 0.652941167 0.18573755 0.305380374
    0.283796132 0.913699627 0.225917429 0.58251369 0.0493305326
    0.568654776 0.0726205111 0.999585509 0.878570199 0.716154337
    0.659038782 0.94072032 0.81336695 0.618020892 0.110856056
    0.0443143547 0.630118847 0.835255265 0.477155149 0.952201128
    0.436952829 0.361819088 0.317179799 0.735337436 0.105912626
    0.362634897 0.327394128 0.486334622 0.896823227 0.344230324
    0.282864809 0.699149847 0.203704327 0.0785753429 0.500035882
    0.23970744 0.0866138339 0.134089947 0.824347019 0.7763322
    0.908708513 0.945253074 0.638051569 0.720392466 0.158264965
    0.109861135 0.848931015 0.308681875 0.796264887 0.431391388
    0.00127100945 0.482898682 0.239551902 0.854655862 0.328323662
    0.87637496 0.926398158 0.59192723 0.843515396 0.209898591
    0.430857718 0.774142146 0.354572177 0.331819355 0.504199505
    0.138834298 0.992524862 0.0635164678 0.861355186 0.603338122
    0.503171861 0.385011315 0.600869417 0.406321585 0.97264576
    0.952258825 0.992722154 0.484644026 0.779574394 0.872401714
    0.138738334 0.342855692 0.916610181 0.472296238 0.944479108
    0.309303075 0.00324991345 0.821104884 0.881170273 0.169897139
    0.101473421 0.997147024 0.351090342 0.731584072 0.812127829
    0.56123215 0.985166132 0.440552473 0.691001117 0.780472159
    0.950080752 0.94215095 0.926292896 0.600659788 0.101874352
    0.476763606 0.6937235 0.621983349 0.131037205 0.914037347
    0.700020015 0.811308086 0.553970695 0.499350935 0.985512137
    0.361976802 0.828167439 0.363430202 0.368602157 0.512675464
    0.340835243 0.877903342 0.265999913 0.777585387 0.325588107
    0.880200148 0.76647985 0.86039722 0.720103383 0.246861339
    0.467736274 0.649818897 0.326656431 0.493937761 0.503383756
    0.360493332 0.118987471 0.532335758 0.844704211 0.421182305
    0.753495812 0.442030609 0.276812077 0.00421667099 0.153460681
    0.776190162 0.337303162 0.858509779 0.764192462 0.992776752
    0.288782954 0.812499523 0.711216748 0.276791841 0.022336185
    0.218138456 0.131794721 0.394502521 0.501737118 0.506650627
    0.288081408 0.334138632 0.967613518 0.6399436 0.256540656
    0.304255247 0.922503829 0.974641204 0.981175125 0.889814734
    0.959223092 0.989136815 0.795728087 0.102352858 0.983015537
    0.884900928 0.377314419 0.93904531 0.734416366 0.501022577
    0.547268689 0.341313183 0.0896078348 0.286001325 0.861537576
    0.916912436 0.0632434487 0.603869975 0.77589941 0.286819458
    0.18175903 0.112217516 0.0182209909 0.131792754 0.0889051855
    0.401658207 0.447019577 0.628053546 0.0454629958 0.454411954
    0.662256181 0.427917898 0.689245999 0.428325206 0.874700904
    0.457848817 0.282557905 0.283697546 0.202208102 0.112143189
    0.335891426 0.298607767 0.131422341 0.288631588 0.428015769
    0.529561102 0.551147997 0.790761888 0.450504631 0.314328194
    0.663619399 0.0862319767 0.415362954 0.847264469 0.992701769
    0.456997067 0.426182449 0.343803406 0.357241809 0.894677639
    0.938813984 0.983085513 0.390272379 0.681668699 0.331272721
    0.431925744 0.479627967 0.370940208 0.0889122486 0.489559591
    0.610813081 0.520365059 0.732341766 0.927621782 0.563553274
    0.0585454702 0.466412455 0.583530724 0.832301736 0.839485049
    0.496715575 0.595172942 0.50700444 0.313180834 0.808002114
    0.920143962 0.193125308 0.269525409 0.146583796 0.762575269
    0.887452483 0.941104829 0.575427055 0.601665378 0.802857697
    0.0275969207 0.920631588 0.457310319 0.765325546 0.393104553
    0.334296763 0.147128284 0.786263824 0.640128791 0.661189914
    0.111254811 0.624633133 0.665952623 0.761073589 0.719439685
    0.0672437847 0.0522808731 0.841246188 0.0896480978 0.663888276
    0.205363154 0.92421186 0.242647231 0.4447909 0.852608919 0.2506558
    0.0395302773 0.186384648 0.680443048 0.236292422 0.10242188
    0.772727847 0.377581328 0.787672162 0.427161038 0.329995215
    0.963721931 0.446451426 0.0328417122 0.443535089 0.43483007
    0.299894929 0.25393784 0.134879142 0.0367649198 0.0177497566
    0.614893734 0.0476105213 0.0718728304 0.173563063 0.254785061
    0.41013211 0.204893231 0.0444437265 0.664698362 0.905045271
    0.253101557 0.4889144 0.690537453 0.0677243173 0.912663102
    0.530756474 0.283805549 0.619232357 0.833822131 0.962611318
    0.49672246 0.949550748 0.933352053 0.385150731 0.892157614
    0.597312331 0.053055048 0.919459581 0.0658067167 0.702488899
    0.702960491 0.854043484 0.0706481338 0.476233006 0.907993197
    0.177993417 0.354345292 0.517965078 0.304948777 0.758968472
    0.727714717 0.739561558 0.14483273 0.563538313 0.637143135
    0.573332906 0.497781932 0.23419109 0.0388405621 0.767958045
    0.948501706 0.138993323 0.12560612 0.870199621 0.161054701
    0.947324097 0.0753976107 0.988015056 0.837517738 0.990227699
    0.252950668 0.548901498 0.109656543 0.143330514 0.262586266
    0.871577561 0.850121439 0.09058097 0.663939357 0.950817525
    0.387292445 0.0916650593 0.837283134 0.574150622 0.0729235709
    0.981312573 0.293947875 0.332818717 0.550014913 0.267512798
    0.499984801 0.862073779 0.578691483 0.534175575 0.81215322
    0.725714862 0.635839164 0.209196389 0.557421982 0.38150841
    0.822773814 0.342447519 0.830376744 0.891810536 0.0160294175
    0.673165202 0.737640262 0.697932601 0.510998607 0.579703569
    0.0711476505 0.113541424 0.10414052 0.581148803 0.324609995
    0.885893703 0.215231955 0.492760986 0.840305984 0.462942272
    0.417093813 0.261765391 0.484182209 0.415495664 0.436108112
    0.114225507 0.218909949 0.54801929 0.188701063 0.936182022
    0.0133017898 0.241690427 0.790562391 0.569346189 0.101865202
    0.467983127 0.359525144 0.175292253 0.9830966 0.367946088
    0.816562414 0.140555531 0.509174645 0.986116111 0.869436085
    0.904012203 0.294808596 0.950122714 0.668634415 0.445817918
    0.653348327 0.559905648 0.990332305 0.0183248818 0.67856729
    0.615933061 0.235441595 0.571825325 0.832851291 0.98484534
    0.42646125 0.6046049 0.764240026 0.481395155 0.356124133 0.91016221
    0.0441825986 0.983593702 0.723805606 0.24726674 0.646016479
    0.914455891 0.458185405 0.182959348 0.457689911 0.4969244
    0.647705197 0.0858036876 0.629458189 0.392428309 0.0892451406
    0.32356739 0.911145329 0.611908197 0.59918642 0.920747757 0.74374789
    0.714069068 0.580694199 0.375764787 0.924280167 0.830069125
    0.476612717 0.587894678 0.178557426 0.67348969 0.220075727
    0.631819248 0.892148376 0.794191122 0.298930347 0.00559315085
    0.238191754 0.0498157144 0.34751159 0.66399157 0.830040634
    0.292323887 0.822091937 0.591246128 0.270906746 0.598713815
    0.691686094 0.134898633 0.27733475 0.924051046 0.548121393
    0.957226515 0.600617409 0.569264889 0.456375718 0.40135327
    0.904941201 0.0132389069 0.321934968 0.586712778 0.816115618
    0.426334381 0.868056178 0.516859412 0.549283981 0.856304109
    0.3762604 0.448793054 0.871870875 0.0398181379 0.171009094
    0.508325338 0.866208792 0.927023768 0.234485477 0.861204207
    0.252639711 0.42507875 0.00288158655 0.253498077 0.717263222
    0.859079599 0.692368209 0.0418495238 0.108322263 0.133593649
    0.0401804745 0.100587994 0.366475463 0.0154280066 0.466236562
    0.0727790594 0.619659364 0.806277931 0.627354085 0.598817945
    0.388564199 0.805303991 0.931786299 0.75900209 0.0143857002
    0.281661034 0.20363912 0.370604962 0.105915517 0.109972447
    0.685633719 0.630028665 0.770274282 0.725320697 0.759628177
    0.109643281 0.64991498 0.782163084 0.761949778 0.168888181
    0.772594094 0.239782065 0.291102409 0.716407299 0.76808095
    0.471153587 0.0901117921 0.820382476 0.45146066 0.0451689661
    0.273163497 0.582903028 0.510682583 0.27228263 0.410650849
    0.672303915 0.167984754 0.706907988 0.562671602 0.877511859
    0.122187972 0.457572103 0.503023088 0.947783172 0.733672559
    0.37658149 0.935565531 0.252285242 0.989786625 0.166428655
    0.974289358 0.880146623 0.101500034 0.211222738 0.77177912
    0.295611024 0.779791892 0.530721962 0.157747477 0.976687968
    0.929543257 0.0827208757 0.314994752 0.483285874 0.499107242
    0.250285149 0.873067498 0.884417772 0.0973309278 0.907294035
    0.920455575 0.316602945 0.744214773 0.97930944 0.0515452921
    0.122985125 0.760706425 0.730336666 0.149575293 0.434771895
    0.505139649 0.167378008 0.231749654 0.420677036 0.758898854
    6.3598156e-05 0.430750072 0.427043289 0.778369844 0.629998565
    0.245656818 0.381520599 0.549341679 0.222302884 0.000449866056
    0.39258796 0.721473098 0.266809404 0.590532303 0.0493001342
    0.0879217088 0.416430742 0.265241444 0.404143453 0.904763341
    0.28452459 0.1138331 0.813875914 0.570557773 0.278796971 0.382238835
    0.0705744028 0.308749318 0.447424948 0.25640288 0.56670773
    0.345379472 0.5738464 0.727316976 0.0518474281 0.505008101
    0.634049296 0.911913633 0.0248585939 0.956712723 0.109131753
    0.86292541 0.946476936 0.518350303 0.361357093 0.269917339
    0.649491251 0.353156924 0.170142859 0.400820583 0.934543312
    0.183731347 0.079505235 0.214330882 0.268167585 0.784580112
    0.836377621 0.358223319 0.379817367 0.82777679 0.2177279 0.378886789
    0.747690022 0.647927165 0.201229006 0.605657518 0.763002694
    0.393029034 0.614548624 0.473939776 0.991106331 0.513414025
    0.319784105 0.42489478 0.532436669 0.428071707 0.0523954332
    0.663265288 0.170513809 0.276700765 0.521012425 0.645216942
    0.384940058 0.301581204 0.743414462 0.799492359 0.896125197
    0.948817313 0.0906484127 0.31767416 0.86637336 0.323566854
    0.587041378 0.956060529 0.0276395977 0.808592677 0.763843954
    0.347544611 0.347183734 0.727707267 0.96499908 0.146605402
    0.374817252 0.206058472 0.16980803 0.700672746 0.583321273
    0.734022439 0.765132308 0.774055004 0.948133826 0.899442971
    0.887575626 0.993088365 0.584364891 0.786509514 0.236885488
    0.267030358 0.566266358 0.233251333 0.847207963 0.480273396
    0.509112895 0.497312635 0.411952466 0.388594866 0.987905264
    0.748051465 0.202213705 0.715502977 0.903548896 0.904475689
    0.675825953 0.838288903 0.800857961 0.108436525 0.769931793
    0.934962332 0.0511595309 0.00526684523 0.757749856 0.850079
    0.382636458 0.759343505 0.00938114524 0.961332321 0.256773174
    0.884274483 0.740550101 0.854630232 0.981289089 0.890637577
    0.692985237 0.096696943 0.464444518 0.147870243 0.555334508
    0.456648618 0.895768344 0.989436924 0.275121212 0.752582312
    0.292030394 0.0845483243 0.685670137 0.43843472 0.814430118
    0.662730813 0.731263578 0.470550597 0.523498297 0.505813062
    0.421112269 0.580548286 0.980998218 0.766194761 0.508168757
    0.680960834 0.0114875436 0.999893904 0.892425835 0.144577563
    0.078306824 0.316105604 0.21522671 0.0581387579 0.898975492
    0.936983466 0.852370858 0.78769809 0.111208171 0.966809273
    0.977151632 0.0787376761 0.693702579 0.449802279 0.172745228
    0.294762433 0.53151989 0.948457658 0.901365876 0.0211135745
    0.46487233 0.835261285 0.0504657328 0.908577919 0.947527409
    0.80411458 0.878112793 0.495605171 0.0286633968 0.34878248
    0.38006413 0.963747382 0.159755588 0.998601913 0.320361316
    0.0356607735 0.407133043 0.561492741 0.362942338 0.702946067
    5.7309866e-05 0.830208659 0.256557852 0.589012742 0.934801519
    0.474794805 0.0125361085 0.0292615592 0.0537585914 0.153522342
    0.0321348906 0.116346568 0.30747211 0.967349172 0.361589372
    0.563310266 0.0544898808 0.0528715849 0.686945081 0.707558453
    0.755620837 0.75260812 0.0920606554 0.604258537 0.0630851388
    0.783025265 0.00603112578 0.806758165 0.0777046084 0.403256923
    0.0909047723 0.345921516 0.496232331 0.386747569 0.293182433
    0.651225448 0.715421021 0.423218161 0.55080682 0.91562748
    0.348303825 0.847819805 0.0461755395 0.298365414 0.723958254
    0.365996659 0.730358899 0.125474304 0.985737622 0.721295476
    0.736935318 0.84015286 0.629507899 0.414495885 0.646342456
    0.0787703097 0.846449673 0.543688953 0.106734663 0.355127275
    0.449311614 0.618903577 0.932109892 0.794657111 0.0191196203
    0.869068384 0.706581473 0.380666494 0.63678205 0.736888945
    0.422359496 0.120908052 0.616052389 0.643410087 0.304941207
    0.0713904202 0.432307422 0.129409939 0.534481168 0.450791091
    0.113837868 0.844070315 0.431711137 0.0815395713 0.912807524
    0.396798849 0.60715276 0.797461748 0.508748829 0.521939337
    0.314501166 0.948724151 0.0348829031 0.740708232 0.441743314
    0.657728672 0.740754247 0.679282665 0.0995684266 0.732892573
    0.999786019 0.521851301 0.289445102 0.789428055 0.74703598
    0.833812237 0.49425301 0.215121776 0.263118505 0.59462595
    0.128834516 0.525520444 0.114360124 0.0968037546 0.368510962
    0.29872942 0.191011459 0.721533239 0.452509642 0.213998437 0.1286529
    0.248509943 0.823246956 0.971571863 0.741072237 0.168763667
    0.293594867 0.105131775 0.550807297 0.768374443 0.818914115
    0.146191329 0.333435744 0.673908174 0.8067348 0.119119465
    0.861634433 0.958401084 0.757864654 0.631899536 0.362167925
    0.674853027 0.869188368 0.617169082 0.215785176 0.105122358
    0.323486477 0.953546345 0.451464921 0.937285244 0.0396845043
    0.347706378 0.160307318 0.751597643 0.628192484 0.843107939
    0.982246161 0.971894681 0.258199573 0.694359183 0.664095938
    0.568595231 0.159993947 0.1833556 0.579454303 0.667141378
    0.494462729 0.374038458 0.822086334 0.123742044 0.965177655
    0.83564353 0.817941248 0.16522342 0.355027646 0.692890346
    0.0544186234 0.771778584 0.792643905 0.606224656 0.266142458
    0.477710277 0.648868263 0.556600332 0.633972824 0.949657679
    0.00255289674 0.858745098 0.527072608 0.522729695 0.270625651
    0.278822422 0.391411811 0.42924881 0.440823197 0.138404012
    0.532718301 0.99287343 0.678905725 0.521865189 0.245612144
    0.880439878 0.615329683 0.593685508 0.91598022 0.0545271337
    0.966268778 0.791767836 0.200882852 0.74835068 0.386339664
    0.660071552 0.0531710088 0.664161444 0.189152092 0.91985178
    0.929662704 0.622302234 0.22676155 0.337048978 0.231976628
    0.131810337 0.704381883 0.721623898 0.135531664 0.358302653
    0.623127162 0.37468946 0.256008625 0.347729206 0.201446921
    0.770286202 0.192768693 0.0973695517 0.773452997 0.313412547
    0.146830976 0.653210878 0.776109934 0.423836052 0.195227951
    0.546634972 0.325746238 0.764866114 0.210970104 0.54773128
    0.325839102 0.56408149 0.598114789 0.576355517 0.908124208
    0.387664884 0.968301177 0.218827337 0.864640832 0.852567434
    0.742683709 0.303231657 0.698468149 0.0592893362 0.0712807775
    0.450878501 0.355391741 0.495113581 0.883670211 0.481984317
    0.314898551 0.934550822 0.721260428 0.857990921 0.795857608
    0.477015316 0.728582323 0.242644191 0.201937586 0.619354248
    0.558159769 0.116705745 0.0358397365 0.433579564 0.455183536
    0.709533393 0.919427991 0.236188918 0.762490153 0.909927726
    0.569614053 0.77263701 0.722919583 0.270406008 0.745821714
    0.183370322 0.60946393 0.230797082 0.599194705 0.540301919
    0.866178989 0.581511497 0.895879626 0.905133605 0.395555615
    0.296921521 0.13861987 0.336153835 0.615790069 0.658824682
    0.99144721 0.59275192 0.79985702 0.566925406 0.0914229751
    0.483701736 0.064417094 0.13455689 0.965422153 0.248489112
    0.672781706 0.451420277 0.0891077816 0.745513439 0.9424389
    0.30319187 0.827170968 0.12448892 0.522903442 0.73688674 0.33357811
    0.349017262 0.596027076 0.332967877 0.505992591 0.901378512
    0.0304130912 0.369082063 0.691615343 0.704969347 0.173830479
    0.777337432 0.925001919 0.894646764 0.562451124 0.322212994
    0.921244025 0.644440889 0.804310322 0.628065109 0.880871415
    0.34533146 0.733520508 0.455600739 0.383897126 0.620864511
    0.489343971 0.960781574 0.512525022 0.991097808 0.205889672
    0.488260478 0.746044517 0.00389233232 0.354905009 0.481567532
    0.00246429443 0.521744549 0.316740394 0.545941532 0.320206583
    0.812880337 0.689817607 0.393821001 0.28840062 0.0308597684
    0.172865778 0.699833512 0.548621714 0.0766549408 0.462750763
    0.820319653 0.260472029 0.792876363 0.380768418 0.21713984
    0.863507152 0.343908966 0.865759134 0.353868306 0.724825978
    0.384023398 0.643033683 0.789691567 0.873939157 0.170535117
    0.758175731 0.0556417108 0.0826689303 0.677825928 0.0855514705
    0.736555696 0.22829929 0.863274336 0.752819419 0.746083081
    0.521418393 0.234313875 0.611180604 0.912886262 0.509365141
    0.297184706 0.516424775 0.430004001 0.443758756 0.806854546
    0.0907186568 0.709917903 0.622706711 0.624365211 0.57060194
    0.903415799 0.773896098 0.609338999 0.85371381 0.503069758 0.4475438
    0.017059505 0.13806209 0.491633117 0.309086829 0.617361426
    0.362763643 0.712650836 0.609169602 0.675714612 0.601889551
    0.629582047 0.595030785 0.675379574 0.0429264605 0.54449594
    0.59061569 0.110933691 0.190764546 0.594257653 0.987122416
    0.960419178 0.957389593 0.786738276 0.937424719 0.973740876
    0.0148142874 0.499729812 0.515064299 0.950210929 0.0650249422
    0.115957916 0.893085599 0.719277382 0.36461845 0.632739305
    0.302830517 0.816086709 0.486599356 0.654599965 0.814542055
    0.35900116 0.93589437 0.787978768 0.677459955 0.716604829
    0.375824779 0.93602705 0.00323039293 0.610768676 0.911499381
    0.0299760401 0.876047611 0.821561813 0.715793848 0.571442604
    0.730665147 0.885079741 0.284622133 0.177805871 0.873472929
    0.0580708385 0.997085094 0.291040272 0.959206343 0.34630692
    0.0787375271 0.0692728758 0.401910424 0.776055455 0.930440068
    0.504566789 0.248481184 0.356323093 0.402325988 0.507651091
    0.148853749 0.0192765594 0.400680751 0.0281262398 0.295687318
    0.202991664 0.744310915 0.954456806 0.389465094 0.213376343
    0.360911608 0.0428866744 0.175883412 0.604465842 0.187968075
    0.220261693 0.807622731 0.12725693 0.0659283996 0.11631909
    0.680213213 0.255524337 0.822700143 0.571545422 0.0417455733
    0.803368151 0.275723398 0.970368266 0.779292822 0.290824085
    0.654514313 0.0290064216 0.530693114 0.498045862 0.892464161
    0.504526675 0.0250836909 0.0657764077 0.808276474 0.496739268
    0.835801721 0.659350455 0.450001776 0.447292536 0.156580895
    0.682542324 0.768793762 0.21099034 0.311265856 0.317853093
    0.148823828 0.992442966 0.102235377 0.0225860178 0.0351620317
    0.861197352 0.979793191 0.239026904 0.82496953 0.31859988
    0.827023089 0.252797067 0.886678815 0.078725785 0.6623528
    0.828274131 0.417364538 0.481388301 0.696595907 0.439913601
    0.245360225 0.751486778 0.616335452 0.704914808 0.819506168
    0.147099078 0.142993629 0.986372352 0.873238266 0.958830774
    0.843498707 0.269254863 0.53492713 0.867269158 0.755655348
    0.696720302 0.399545193 0.831382871 0.277413458 0.896247983
    0.504771769 0.698520422 0.100785822 0.624732792 0.0759310424
    0.434140652 0.294462591 0.29906559 0.853477001 0.799436748
    0.868961453 0.408701807 0.420445234 0.297606945 0.524343491
    0.103313833 0.00546482205 0.955006957 0.975314856 0.806079388
    0.109916419 0.405282557 0.703035414 0.198288351 0.305678785
    0.991463363 0.201835632 0.726354063 0.509739161 0.624148667
    0.401412785 0.118827701 0.805670857 0.826859713 0.982011557
    0.601649523 0.00243368745 0.0684130788 0.868542671 0.848297834
    0.524185538 0.543397903 0.860310972 0.639343023 0.346081853
    0.512051761 0.956671953 0.455358535 0.123064488 0.960770369
    0.820251226 0.521856129 0.567029178 0.269487321 0.655656278
    0.2036376 0.539811313 0.384890556 0.501541853 0.070915401
    0.426692814 0.118554622 0.669627309 0.062597245 0.652004838
    0.564025462 0.955091238 0.26698935 0.880891144 0.707500219
    0.430657178 0.189766377 0.842642844 0.587729812 0.84186697
    0.171674609 0.193216413 0.281125546 0.622828841 0.401723027
    0.842834592 0.823636532 0.892621875 0.499808937 0.061882019
    0.955857754 0.219508082 0.111618459 0.713094056 0.433023542
    0.69306314 0.941524267 0.0872348845 0.552901983 0.24216485
    0.216398567 0.0245422125 0.600087464 0.120893687 0.418429375
    0.741338849 0.201003969 0.378498167 0.831617832 0.131412357
    0.875423431 0.359439373 0.66052407 0.57277894 0.133160114
    0.537854195 0.693343699 0.121405005 0.83032608 0.0315438211
    0.246593863 0.0368039012 0.998495936 0.197090656 0.824993372
    0.593133032 0.429585546 0.721618772 0.573026359 0.363344908
    0.101976663 0.624621093 0.0364320874 0.684833169 0.945464134
    0.527258635 0.564286649 0.870035052 0.192737222 0.61008954
    0.462327361 0.990530729 0.320429385 0.0369711518 0.60603255
    0.504551172 0.998159647 0.483093023 0.430060089 0.348479599
    0.291456878 0.329214752 0.844114304 0.465214878 0.012088269
    0.76252532 0.443761468 0.425614923 0.63981998 0.194248497
    0.501611471 0.509934783 0.168177694 0.562874496 0.352478981
    0.0695262551 0.237409055 0.504167199 0.843387842 0.0704753101
    0.262755513 0.752095342 0.531165838 0.0430691838 0.962965786
    0.688887894 0.880288243 0.775422215 0.107708901 0.955560088
    0.999962628 0.148360372 0.58451426 0.891370058 0.608176291
    0.601105452 0.349706203 0.676990986 0.293155015 0.580821037
    0.445002645 0.310656011 0.235133141 0.58698231 0.854505658
    0.638149083 0.411957681 0.280781507 0.234454364 0.166436374
    0.67006731 0.897938609 0.954798758 0.108029187 0.210831195
    0.686382592 0.153438985 0.0362775326 0.0973941088 0.0595738292
    0.792104959 0.862175167 0.489583433 0.0681995749 0.540414751
    0.249161571 0.981467485 0.0231100321 0.103176236 0.284735739
    0.267136812 0.139968574 0.110441953 0.740916133 0.0709556639
    0.370214701 0.0273321271 0.516028047 0.199181259 0.401480764
    0.707184911 0.708863258 0.763786972 0.296889603 0.9032408
    0.900346279 0.300643444 0.765128493 0.141685039 0.66425544
    0.896759987 0.200902581 0.141853541 0.398515314 0.809316635
    0.259526759 0.589753389 0.312260866 0.534894228 0.408053458
    0.350183755 0.209925711 0.217713177 0.591704369 0.904409647
    0.270052612 0.477627277 0.53096956 0.0517013371 0.313035578
    0.892618775 0.941504955 0.329283446 0.74768436 0.1109761 0.150616676
    0.230398506 0.935976982 0.571208537 0.687655509 0.323609829
    0.544575572 0.965194106 0.0961754918 0.830244422 0.848172426
    0.346504927 0.698463917 0.885360956 0.751779497 0.832603335
    0.847474337 0.121540934 0.339418769 0.715689838 0.87981683
    0.52268225 0.698160172 0.171114951 0.0459004939 0.826774359
    0.0666105151 0.327323854 0.574511886 0.946710229 0.297932267
    0.645609379 0.187733054 0.0749089122 0.95794791 0.452402174
    0.648106277 0.634695888 0.885651112 0.395647019 0.709702969
    0.386000246 0.42346698 0.857625306 0.878580809 0.257165104
    0.993052959 0.985207796 0.931160927 0.516394794 0.193984449
    0.037014097 0.702433705 0.482353866 0.0792967081 0.774079323
    0.610056996 0.685010612 0.0772799551 0.798319995 0.746693611
    0.238787055 0.539372921 0.256170124 0.212052494 0.528339207
    0.474208087 0.288615406 0.171611339 0.217055768 0.593572438
    0.518314958 0.369087845 0.576100171 0.222242057 0.254681706
    0.0800428391 0.0117025375 0.618466854 0.912489414 0.119990468
    0.124040872 0.469476461 0.420274019 0.957858443 0.342230499
    0.338836908 0.141123831 0.62348628 0.0761926174 0.744498014
    0.123384118 0.234764457 0.118076295 0.242345929 0.777033269
    0.371116161 0.883212328 0.952889085 0.322503746 0.447990626
    0.952692628 0.0953177512 0.112430036 0.919982553 0.403387666
    0.573591948 0.365627289 0.359603196 0.857825994 0.140514195
    0.623165011 0.304472715 0.75492543 0.372891963 0.36151886
    0.948380947 0.00768810511 0.138896525 0.767703712 0.151075691
    0.580898941 0.565526605 0.935671329 0.662446201 0.712809622
    0.760333478 0.766816854 0.788144946 0.894710302 0.466145217
    0.37930733 0.54146421 0.374417543 0.844557524 0.912892342
    0.572764814 0.665226221 0.390647948 0.43880713 0.595121264
    0.322434247 0.879526794 0.93217665 0.699396372 0.623329639
    0.276437193 0.324168384 0.964084148 0.745843232 0.908991933
    0.39375788 0.469643116 0.529731095 0.215120137 0.457434982
    0.340642035 0.727645397 0.277811378 0.109233975 0.90766561
    0.983878434 0.153408974 0.140856415 0.685124159 0.459826916
    0.818975985 0.0413034558 0.100358576 0.428901523 0.215035558
    0.796900153 0.619141757 0.363503039 0.405396461 0.877767205
    0.0444647968 0.0272481441 0.264179826 0.965644717 0.656581759
    0.71089679 0.951854527 0.353541911 0.287580788 0.520605087
    0.550372422 0.945589542 0.595973909 0.44085294 0.0366550982
    0.100972027 0.530439854 0.31263417 0.163375199 0.765502691
    0.169055492 0.592535496 0.373364449 0.845478714 0.67690599
    0.113191515 0.550560057 0.195315152 0.793787956 0.729020476
    0.876294851 0.991467297 0.702755511 0.95323509 0.431771189
    0.619119167 0.321234345 0.639101446 0.855107367 0.445191413
    0.591485739 0.0923479199 0.751870513 0.277519464 0.397223175
    0.781705499 0.0795475543 0.138812989 0.941493809 0.144762397
    0.343233109 0.785376906 0.526292801 0.246454865 0.615261197
    0.723723412 0.774615049 0.0448544025 0.0633024871 0.918755293
    0.833044648 0.885558069 0.503935277 0.042989254 0.56452167
    0.85889411 0.114053786 0.886644602 0.913120985 0.665818691
    0.152984023 0.0476296246 0.525097311 0.47165975 0.546809614
    0.684017062 0.117400795 0.267416656 0.906308413 0.230085641
    0.353042543 0.699688494 0.237890482 0.657832325 0.402659416
    0.657944679 0.931067228 0.0844986439 0.139263213 0.775497198
    0.54439652 0.448000342 0.951434493 0.951861501 0.647424817
    0.523997188 0.0703322589 0.0947943926 0.131101817 0.169322133
    0.817855477 0.912038088 0.653838515 0.132216632 0.944338918
    0.336757362 0.247313797 0.0892562866 0.819422424 0.516364276
    0.494919419 0.437643647 0.68955797 0.217781276 0.458289832
    0.371180475 0.799109697 0.156214416 0.138042897 0.716745973
    0.0608393252 0.326691866 0.880348504 0.538832188 0.395406365
    0.243041098 0.921915293 0.701119184 0.839559436 0.324612498
    0.81177187 0.229468048 0.158089519 0.778970361 0.235492915
    0.826285124 0.906895757 0.192184478 0.966372848 0.178954929
    0.955300093 0.714028656 0.726640522 0.392904371 0.0782300532
    0.0663429201 0.0980796516 0.342541814 0.293594509 0.152079016
    0.661198378 0.73999548 0.579911828 0.308505237 0.0609030128
    0.557285726 0.422061384 0.762485027 0.884321451 0.857132792
    0.695415497 0.416558474 0.321034968 0.477276027 0.836683095
    0.732848942 0.648772478 0.0535782278 0.471362352 0.693537951
    0.546601713 0.493313074 0.874517322 0.776441693 0.77806747
    0.0202368796 0.689925313 0.711572826 0.528355002 0.600861192
    0.134912372 0.170020968 0.262324035 0.34676373 0.927623928
    0.559675753 0.457262784 0.374966949 0.184148401 0.63581419
    0.177808106 0.619679511 0.474134654 0.842010975 0.304732621
    0.254254878 0.759380341 0.995604813 0.27581495 0.87369132
    0.222287029 0.692982972 0.765716434 0.985038936 0.672470033
    0.863256335 0.803187251 0.564340591 0.458357573 0.536251605
    0.231344551 0.56983757 0.451529562 0.00260150433 0.11652264
    0.15814504 0.647249818 0.603103638 0.671187401 0.401415765
    0.152349591 0.768498421 0.329721272 0.270679712 0.974194527
    0.13258785 0.033891499 0.32323724 0.251761377 0.167674392
    0.444000959 0.269954264 0.998442173 0.902472138 0.956209719
    0.873429835 0.974873006 0.295931041 0.580446243 0.449105263
    0.386744052 0.940949559 0.870972037 0.422201484 0.0325300097
    0.296635985 0.877259612 0.63926965 0.406718671 0.980130315
    0.523209214 0.477265418 0.0801821053 0.362872899 0.687580466
    0.2038984 0.238843292 0.812000871 0.141080409 0.822567046
    0.740374506 0.530922234 0.286193073 0.591733754 0.315948397
    0.109249264 0.790435791 0.161902785 0.884950519 0.833332777
    0.258372486 0.619737864 0.835054398 0.245657295 0.228763551
    0.496462792 0.0616982579 0.375190496 0.805713952 0.0366232395
    0.38247472 0.0957814753 0.0459122062 0.134217232 0.878393888
    0.03754282 0.867100835 0.950735211 0.0315127075 0.415724397
    0.786860228 0.434546858 0.683584571 0.0794004202 0.499029338
    0.543103278 0.318912983 0.7373873 0.218775153 0.16473192
    0.0833527446 0.949065685 0.586522579 0.802000523 0.873451412
    0.882290602 0.658512235 0.273694038 0.322123766 0.368269801
    0.887894094 0.0962206125 0.947978854 0.438272685 0.347703397
    0.348273575 0.213614672 0.70186758 0.265031368 0.0275160372
    0.914628386 0.910376012 0.55841583 0.169746965 0.461920291
    0.757386088 0.705553293 0.451429069 0.246271849 0.696910739
    0.970499992 0.486884713 0.301957637 0.228710055 0.750227988
    0.644224286 0.507579684 0.57098043 0.237790793 0.533511579
    0.129298776 0.817740202 0.947995722 0.056730628 0.400477439
    0.362775326 0.24488762 0.811919689 0.42512092 0.483476251
    0.547676623 0.172945499 0.674802065 0.558823109 0.374470055
    0.549795389 0.770485282 0.923495829 0.405049205 0.845989704
    0.241305977 0.122711122 0.373583913 0.438767821 0.252816021
    0.370359242 0.522593498 0.858121276 0.720255911 0.289053977
    0.74179107 0.410826713 0.656432033 0.91599232 0.406125247 0.24350819
    0.0477002561 0.3888264 0.152011126 0.701874971 0.816792965
    0.108197242 0.167588264 0.819103956 0.54947722 0.97153759
    0.221197307 0.374031365 0.667478204 0.755858064 0.45271647
    0.891426086 0.504922152 0.520301878 0.740427256 0.643422008
    0.492301017 0.184509605 0.0539931953 0.758088171 0.0312404335
    0.260942042 0.306009442 0.185191989 0.214736849 0.505918264
    0.477576971 0.205060244 0.352535427 0.568511963 0.134091765
    0.782369971 0.936840057 0.153161794 0.549992979 0.0661850572
    0.894934535 0.232326508 0.0533874035 0.0876832008 0.567888677
    0.79726696 0.783504665 0.966467321 0.723050654 0.761326075
    0.174535513 0.113858014 0.964498997 0.2311849 0.471050948
    0.921177566 0.646665275 0.809916735 0.871486068 0.763499498
    0.773982525 0.320499629 0.233085662 0.330982506 0.710506916
    0.626069069 0.120607764 0.683937192 0.361682296 0.120922804
    0.233785927 0.669484675 0.0177128911 0.508072674 0.544062316
    0.747165561 0.862797499 0.565654159 0.905303121 0.661537349
    0.354918778 0.863806009 0.875964046 0.578826904 0.955382228
    0.116398811 0.0777676404 0.514154017 0.212171227 0.583644152
    0.83991158 0.0238740146 0.732741356 0.719630599 0.240275085
    0.36678952 0.630705595 0.267756164 0.0957347155 0.0230180621
    0.0370534956 0.444454014 0.248534501 0.960366189 0.996550798
    0.149902403 0.338334799 0.0395366549 0.248996705 0.834403992
    0.207791865 0.27739948 0.802213907 0.630732119 0.843921781
    0.148981661 0.58582598 0.203668863 0.916273475 0.405558765
    0.401862234 0.36644879 0.566925526 0.292155474 0.290887892
    0.635585785 0.887050927 0.977852523 0.374208689 0.692883432
    0.505595863 0.94613862 0.216288656 0.39685303 0.520783842
    0.467894942 0.675137043 0.202385932 0.613485992 0.595392466
    0.823209882 0.601824462 0.355033576 0.209209353 0.625728309
    0.196694881 0.0610396266 0.383402824 0.0602434576 0.241686791
    0.125855923 0.773044825 0.162180126 0.0661777854 0.0997481942
    0.155191034 0.601405382 0.647984445 0.947849035 0.688375592
    0.431739092 0.845977187 0.272816032 0.371605039 0.795954704
    0.296621978 0.976824641 0.700600624 0.582193375 0.817313969
    0.124784559 0.422665328 0.230683625 0.649093509 0.652160168
    0.210273892 0.743540764 0.295692831 0.0135160387 0.908525229
    0.427925497 0.133629203 0.321016133 0.355425119 0.937784314
    0.86972177 0.083992213 0.273229867 0.965286911 0.689093471
    0.870063901 0.184183061 0.857279301 0.453131974 0.0736101568
    0.601604819 0.991853952 0.49905318 0.044616878 0.150192976
    0.126044601 0.326428115 0.381784439 0.802463651 0.0809757113
    0.2611278 0.710284233 0.747770727 0.801786184 0.795775652
    0.598283708 0.298856497 0.127252758 0.664180517 0.339826524
    0.954720676 0.871869683 0.187988341 0.272247851 0.0152428746
    0.43496871 0.815059543 0.820718765 0.348311007 0.257737249
    0.087497443 0.77206248 0.35154289 0.361837268 0.540555775
    0.00252786279 0.498228908 0.440030128 0.937676787 0.847110987
    0.613582671 0.712046087 0.439759046 0.371411413 0.672339559
    0.445308328 0.758283079 0.744498432 0.396254748 0.605966032
    0.827972531 0.62896347 0.65846014 0.195335388 0.384933412
    0.165185541 0.913283706 0.991001904 0.559511781 0.627333403
    0.0772077441 0.709743023 0.708668172 0.748221815 0.191413999
    0.87369585 0.991373539 0.274849862 0.349151552 0.18108651
    0.143668681 0.997497499 0.0952258408 0.985626698 0.113771826
    0.532550275 0.726321697 0.203252405 0.976718307 0.972979486
    0.90481782 0.751393914 0.339878559 0.0456788838 0.333929718
    0.905424535 0.986503839 0.498028755 0.300793529 0.178077579
    0.53716296 0.959280372 0.65810585 0.1803644 0.769667506 0.579201758
    0.617981195 0.432448655 0.329132974 0.416901141 0.205200464
    0.936461747 0.739918947 0.138049424 0.0617395937 0.316380143
    0.364139557 0.405032516 0.457370788 0.550759017 0.00416597724
    0.46635887 0.813470066 0.637082696 0.564567029 0.464692712
    0.871581197 0.120395511 0.83533299 0.0966632664 0.0381185412
    0.36268568 0.95121038 0.667820692 0.538218737 0.109544426
    0.750087798 0.494897634 0.859842837 0.448665351 0.301410973
    0.52563107 0.0538498461 0.0814571381 0.10872072 0.348631561
    0.550869882 0.443956733 0.0108446777 0.922540784 0.839130044
    0.307960093 0.868664861 0.211186826 0.970994234 0.426790953
    0.218711436 0.960517287 0.371671498 0.479130834 0.770281851
    0.841122925 0.375442475 0.676926911 0.383700013 0.489054233
    0.152673513 0.58380276 0.0184170902 0.542546451 0.332249135
    0.194171697 0.86219573 0.970077038 0.643660188 0.961408734
    0.875448465 0.829283237 0.93613857 0.861926794 0.0141144097
    0.649059951 0.372996211 0.440408468 0.00557014346 0.16526562
    0.870237827 0.944579363 0.343101084 0.0277959704 0.927623093
    0.267086744 0.987863302 0.312319815 0.376297146 0.147120327
    0.772397161 0.89027071 0.115787566 0.582101882 0.631497264
    0.835269451 0.52626586 0.439293087 0.751413703 0.694281042
    0.043064028 0.0350869 0.957360029 0.678345442 0.911232531
    0.899847984 0.0273802876 0.852840662 0.110702723 0.823055148
    0.197906315 0.217004448 0.190268606 0.560560882 0.0689926445
    0.695164502 0.897592425 0.400960743 0.913324356 0.661597192
    0.0475958586 0.69019711 0.94188714 0.532436788 0.756393075
    0.585017502 0.311211407 0.492081463 0.900314808 0.615412295
    0.217400759 0.738854587 0.866698802 0.289710999 0.112877935
    0.766290069 0.135107905 0.021822989 0.685843289 0.0657153726
    0.810024858 0.676184952 0.223491251 0.626333714 0.979432464
    0.175580919 0.399968326 0.741904736 0.885420799 0.908773184
    0.849165618 0.443900049 0.0390960872 0.148974955 0.0103794932
    0.205536932 0.453981459 0.127220988 0.750312507 0.0426591039
    0.470944315 0.408347219 0.30575043 0.269236624 0.308244973
    0.653116763 0.843263149 0.46358043 0.190552056 0.76961112
    0.959770918 0.0371155739 0.445391208 0.830009341 0.0258348584
    0.246947765 0.0632876158 0.60916692 0.45021835 0.981760502
    0.870054543 0.59333992 0.998964548 0.836986721 0.327793062
    0.862864494 0.200428724 0.981278598 0.13268277 0.171308577
    0.174722821 0.942474127 0.266585946 0.322510958 0.230535418
    0.123150438 0.182792991 0.644048929 0.106502295 0.497598201
    0.358160317 0.14981547 0.678949594 0.274703205 0.785222292
    0.119336456 0.126189381 0.577554822 0.0288286507 0.91235137 0.757321
    0.877516508 0.564900279 0.571350992 0.923991859 0.0833016336
    0.452919513 0.614037573 0.115466148 0.225585043 0.736531198
    0.141537964 0.972762406 0.5908553 0.838297248 0.842740178
    0.557534635 0.574240863 0.00734049082 0.229116261 0.95427835
    0.315669656 0.960149765 0.405036271 0.876039565 0.60651195
    0.680482805 0.403868854 0.682199299 0.888595462 0.569929183
    0.446398318 0.24559319 0.58301878 0.148423404 0.688669801
    0.681217849 0.434509695 0.0164125264 0.771198273 0.678826213
    0.54429704 0.041670531 0.800030231 0.0873714089 0.980162501
    0.712241769 0.199152738 0.414268583 0.16984576 0.91040206
    0.253540576 0.199540108 0.972436428 0.225667179 0.374852777
    0.6729213 0.0697761178 0.385030985 0.221344173 0.601762354
    0.194317549 0.950330496 0.50811553 0.838466167 0.657344759
    0.0589459836 0.157904834 0.349726796 0.855960965 0.208152115
    0.521894693 0.290335655 0.131467074 0.4392443 0.674958587
    0.934846938 0.0823760033 0.677135825 0.830444455 0.620075405
    0.913175702 0.495365649 0.00020673871 0.252097726 0.814033747
    0.725979209 0.889490187 0.293406248 0.590560198 0.256375819
    0.958407402 0.963487267 0.66304785 0.306574047 0.405503511
    0.461183637 0.836894274 0.498449981 0.495485753 0.0678049922
    0.432880789 0.0224706829 0.636532664 0.443315983 0.583457232
    0.696681738 0.14994067 0.281144321 0.242649376 0.856107235
    0.301609516 0.875241399 0.2507388 0.365532398 0.82847017 0.712242424
    0.440594465 0.86337316 0.51666677 0.676497102 0.646224618
    0.817819357 0.354168445 0.130419314 0.403876781 0.867606401
    0.611761868 0.744668365 0.904719651 0.32960549 0.0674033165
    0.237529933 0.856959462 0.460267276 0.291097641 0.699194849
    0.0895326138 0.668382049 0.914744437 0.04666996 0.397871673
    0.348464668 0.0541702509 0.123466641 0.344134629 0.579195321
    0.191453129 0.414530039 0.373747468 0.964740872 0.329397202
    0.629126012 0.149459988 0.103224665 0.40593338 0.505815744
    0.871286631 0.345116436 0.642727971 0.0290215611 0.289793938
    0.0541900396 0.362269759 0.813276529 0.0736210942 0.326456696
    0.391976118 0.402244806 0.453670979 0.998613 0.564376652 0.513442338
    0.549286544 0.772549152 0.52351141 0.939983726 0.053652674
    0.923512757 0.516262889 0.450092971 0.176422566 0.0714522302
    0.681022108 0.72955358 0.620309889 0.834047019 0.386501849
    0.747495174 0.0825954378 0.811545968 0.66080308 0.472664535
    0.164315462 0.314322919 0.713316202 0.759465456 0.74811101
    0.429569125 0.172210723 0.301567018 0.487349719 0.768720031
    0.979966998 0.0166887343 0.883247614 0.372363627 0.502219796
    0.407833517 0.141366184 0.967661262 0.176927418 0.0303406715
    0.886433184 0.546177328 0.18791756 0.470611304 0.878100753
    0.523398638 0.513177395 0.848248482 0.824884176 0.675510824
    0.551184654 0.423329055 0.456263363 0.132802755 0.179834038
    0.102901578 0.806808233 0.973441601 0.0256759524 0.938085973
    0.224450201 0.715064049 0.773452878 0.44747442 0.189540893
    0.0791832805 0.66127646 0.845441341 0.0106133819 0.0884554386
    0.0118269324 0.802816033 0.0123485923 0.929219604 0.0456266403
    0.879003167 0.392890394 0.586573243 0.81640172 0.448851079
    0.918159008 0.680308104 0.370934516 0.0309172571 0.0389430523
    0.267013669 0.590017915 0.0402825773 0.995328903 0.205796838
    0.151792258 0.408465028 0.448044389 0.193365663 0.459777325
    0.759404421 0.677544713 0.604132235 0.0440928936 0.344852865
    0.413944811 0.594838262 0.763465166 0.398055911 0.967880249
    0.919184804 0.767915249 0.900021911 0.488539219 0.0409528315
    0.184484988 0.537158847 0.123681247 0.0423003435 0.862776399
    0.204368204 0.94089663 0.390939534 0.0515251756 0.864625454
    0.742342114 0.925466418 0.116440862 0.553032517 0.00988700986
    0.850170493 0.214233071 0.81754446 0.377502441 0.369556904
    0.239378273 0.501094878 0.53451252 0.235132813 0.744392633
    0.632394314 0.900292575 0.912302494 0.206267923 0.774199963
    0.133907497 0.72305584 0.619413018 0.964406192 0.717976809
    0.748640537 0.234323025 0.233228296 0.796382427 0.333723783
    0.854072928 0.150577366 0.714747071 0.633107841 0.675378263
    0.238864839 0.353103518 0.0693156123 0.141498685 0.790017962
    0.633776724 0.00924214721 0.364889205 0.386936754 0.24500829
    0.717259288 0.17580843 0.922115266 0.864055812 0.501790941
    0.853432536 0.315004557 0.0531913638 0.280316353 0.0908684134
    0.549064577 0.0382799506 0.255069852 0.970744908 0.586357653
    0.545996606 0.644532084 0.364201725 0.822477162 0.386753321
    0.987951636 0.741648078 0.328511775 0.0263658464 0.0945682824
    0.859593272 0.308850825 0.974655867 0.87430346 0.713454843
    0.806344807 0.0761714876 0.326887488 0.23055169 0.482623488
    0.812847376 0.314110458 0.875438035 0.02079615 0.183543712
    0.553302109 0.0824002922 0.357582897 0.6191715 0.978895843
    0.282617509 0.0924397111 0.642872453 0.276587725 0.668125689
    0.210412413 0.800623536 0.701528311 0.948650002 0.294756502
    0.101475775 0.112604499 0.242398828 0.762061357 0.8571347
    0.595739841 0.708214581 0.726604223 0.834097385 0.409606576
    0.482929528 0.0423014164 0.394154251 0.475436389 0.49546954
    0.697605371 0.890607536 0.928485036 0.994402111 0.418873191
    0.348492742 0.635909319 0.999226332 0.265090883 0.638941348
    0.916089535 0.478465587 0.656719267 0.0707871318 0.882029951
    0.712632835 0.940331519 0.917837024 0.746291876 0.162098587
    0.134276718 0.0099696815 0.055216223 0.437396884 0.843496084
    0.441694677 0.952678084 0.0389977098 0.425926685 0.739433229
    0.181315005 0.624253154 0.00996956229 0.67175138 0.0567739606
    0.897810936 0.261449575 0.0753264129 0.196052969 0.675080657
    0.888846159 0.691360712 0.64988631 0.734803915 0.0579296052
    0.31539768 0.419562757 0.108769357 0.994695902 0.371686935
    0.0672554374 0.425993532 0.667784333 0.86741066 0.79553771
    0.442221612 0.978338838 0.602003932 0.102579981 0.930487871
    0.374778092 0.652465761 0.565673172 0.926248312 0.595762908
    0.534452379 0.490183979 0.859634697 0.837835431 0.231468499
    0.69491446 0.414216191 0.00716483593 0.111560673 0.454166472
    0.449155957 0.429688632 0.148569256 0.792728662 0.0389232934
    0.619877577 0.98067987 0.16851899 0.896916568 0.511535287
    0.781146646 0.821921527 0.949352503 0.0779792368 0.258947819
    0.712497652 0.0715505481 0.13872683 0.53690356 0.311354458
    0.576212108 0.986018896 0.571929216 0.713531554 0.816657424
    0.642516494 0.617798209 0.617141545 0.731930852 0.125014871
    0.450186312 0.121772707 0.343449265 0.158738554 0.391751558
    0.115350455 0.591155708 0.209760398 0.478087485 0.0184673965
    0.871530235 0.106568217 0.0544758439 0.815134525 0.031647563
    0.521416724 0.818550467 0.691437006 0.944709897 0.249572337
    0.137487948 0.422009379 0.713075399 0.870934844 0.0301754475
    0.137892365 0.328079551 0.540472925 0.343979716 0.944794595
    0.846803188 0.743506014 0.0424399674 0.236202031 0.415435076
    0.354443222 0.169499457 0.297817767 0.880736947 0.212294787
    0.950339973 0.107385367 0.0648589432 0.264582813 0.693227947
    0.462474465 0.885659337 0.762855411 0.228359997 0.498394758
    0.681075215 0.396198452 0.0759170353 0.571785867 0.217911869
    0.424609452 0.482454956 0.595826566 0.941882014 0.296975225
    0.366132349 0.89949882 0.240207195 0.305839181 0.942064762
    0.386578768 0.688610733 0.748954892 0.832175493 0.598189414
    0.532249272 0.457879901 0.441863477 0.158729345 0.47514841
    0.327173471 0.717590332 0.725344777 0.226806283 0.0215680599
    0.890123487 0.688308537 0.453442097 0.35047701 0.440090567
    0.291129649 0.279434621 0.563238025 0.152152628 0.411313832
    0.697468877 0.852857709 0.360200733 0.995382309 0.759078145
    0.659270465 0.239815354 0.196706861 0.00116947293 0.401031256
    0.0522388518 0.633039474 0.547515273 0.928201497 0.226831198
    0.384046823 0.680850863 0.938162804 0.173332095 0.201638341
    0.148580551 0.673086584 0.0941980183 0.637224793 0.217213631
    0.250797838 0.618092656 0.165559232 0.257123113 0.834977865
    0.305029035 0.771299601 0.675165534 0.153936535 0.181735992
    0.315657705 0.0204484165 0.20352307 0.0896633863 0.132191896
    0.125044495 0.897326708 0.418174922 0.256679177 0.0379511714
    0.726299942 0.981085896 0.738090277 0.295563281 0.718373299
    0.140007704 0.948592186 0.641334832 0.584942758 0.249435812
    0.89170289 0.36829266 0.33683157 0.413807929 0.172899008 0.080670774
    0.359866619 0.0836263001 0.550230503 0.853955925 0.0657097697
    0.0312904716 0.242588192 0.596732378 0.531667054 0.76164484
    0.509410381 0.29133302 0.203079075 0.762590826 0.445334077
    0.356904715 0.964739799 0.550675869 0.0286805332 0.771645665
    0.673851013 0.357892036 0.00286000967 0.947688937 0.5079844
    0.315622926 0.739523768 0.431896627 0.831645131 0.0155700147
    0.652451277 0.356171012 0.181405544 0.517958224 0.81342113
    0.132900625 0.640624285 0.035253197 0.0518521667 0.153099775
    0.240534425 0.388884962 0.579934359 0.65422076 0.126112789
    0.802060843 0.576579452 0.145772517 0.150730908 0.434329659
    0.946304142 0.777122259 0.092032373 0.0499611795 0.0920219421
    0.497808367 0.642159343 0.41671735 0.502023399 0.227083594
    0.665983319 0.923071206 0.123670608 0.520532012 0.768507421
    0.651144862 0.29197073 0.194844991 0.55485183 0.852094531
    0.524522305 0.605986834 0.820730805 0.288246542 0.931762159
    0.28041923 0.187874049 0.521841407 0.487872779 0.324896991
    0.318853706 0.980489969 0.669403255 0.755015373 0.272484779
    0.794839263 0.971401513 0.0585314929 0.949291468 0.732327163
    0.254379749 0.724065661 0.660909474 0.181669086 0.416461647
    0.0441562533 0.1865834 0.50605315 0.295789838 0.880765975
    0.645204067 0.736986935 0.00789839029 0.969417214 0.704455435
    0.623484254 0.535671175 0.240586072 0.913894415 0.595300674
    0.923336506 0.481282651 0.397623658 0.365856349 0.13052848
    0.386895329 0.235121101 0.674992502 0.92963016 0.951619744
    0.915243268 0.528627932 0.247725517 0.0299115181 0.957068563
    0.648790359 0.794760108 0.878974319 0.428612679 0.712345243
    0.989047825 0.914398193 0.714209557 0.596683443 0.341935694
    0.518136919 0.622557104 0.498356193 0.833306849 0.328742474
    0.44132334 0.904856265 0.880475402 0.192566872 0.329949617
    0.0452198386 0.850232124 0.605141699 0.495840311 0.656398535
    0.0880384743 0.0942237973 0.613951206 0.0768816769 0.960483432
    0.53662169 0.458221763 0.94711256 0.495080829 0.79288733 0.623831749
    0.613955438 0.653593242 0.102142483 0.43893218 0.849801481
    0.347217828 0.0271596014 0.0750337839 0.0198337138 0.541968882
    0.526693225 0.940062881 0.239526719 0.139787376 0.697013736
    0.366563857 0.490464896 0.505618393 0.86267364 0.116472602
    0.370065093 0.762031078 0.589952707 0.427161276 0.855470181
    0.561844587 0.681695104 0.0675215423 0.945670009 0.76118207
    0.450695932 0.850648403 0.973937154 0.387339115 0.171805501
    0.735888839 0.647995353 0.298452497 0.30133903 0.127096653
    0.672370493 0.955628395 0.122454822 0.75792861 0.0195433795
    0.272475362 0.991005421 0.422999382 0.1374349 0.614773154
    0.411574334 0.788777113 0.922377467 0.517955124 0.292434752
    0.670350194 0.330312818 0.0767484605 0.470031798 0.582428634
    0.6792171 0.186898291 0.128070444 0.596218348 0.436779082
    0.760944009 0.963083029 0.843944073 0.315116405 0.280365109
    0.976572335 0.63357985 0.38323018 0.822673082 0.220160276
    0.882330477 0.947275519 0.524545252 0.180950582 0.559109449
    0.0560526848 0.430036247 0.556602716 0.902675033 0.159068733
    0.483190358 0.19755131 0.909323096 0.434130609 0.712955475
    0.638928056 0.432637215 0.377214253 0.553081393 0.296832204
    0.437030286 0.336868286 0.85237354 0.623196006 0.230542898
    0.369357616 0.684574425 0.810829461 0.45147562 0.0333377421
    0.0465505123 0.555451632 0.0529017746 0.281823695 0.199207306
    0.406686127 0.149103194 0.632677197 0.700465441 0.250434905
    0.691948593 0.824810624 0.101214886 0.283629298 0.791883409
    0.883200347 0.171028316 0.968125343 0.23831892 0.187829465
    0.817591608 0.177143872 0.304512501 0.0246885121 0.703799844
    0.15159905 0.888216496 0.299833119 0.413772702 0.0447483063
    0.7040025 0.513796687 0.305870831 0.139848143 0.589623749
    0.288672447 0.815521896 0.985846043 0.875396132 0.909394264
    0.463239789 0.557695925 0.287840307 0.971628368 0.830255866
    0.332123011 0.0854825675 0.291779786 0.776246309 0.532279313
    0.998820782 0.278712541 0.245459408 0.337953717 0.585324049
    0.277218938 0.840427935 0.459344059 0.880151331 0.501394391
    0.186468124 0.292751998 0.0130186975 0.739757538 0.541950881
    0.479734391 0.0628287494 0.135268152 0.602324665 0.772500932
    0.11044398 0.438416123 0.306701928 0.183870316 0.247515589
    0.207612038 0.624870777 0.29750967 0.846592426 0.614277303
    0.544752538 0.931294143 0.304680377 0.133384734 0.526599824
    0.820082784 0.643079996 0.871478438 0.815427542 0.105813473
    0.549438417 0.605825484 0.638146758 0.213390112 0.677010715
    0.205720007 0.892959595 0.855950952 0.620489001 0.523679674
    0.415283084 0.389294147 0.589770138 0.0743240118 0.720072746
    0.819960177 0.141881555 0.949868917 0.702917218 0.90743196
    0.645955801 0.949687123 0.389588386 0.65083313 0.159193814
    0.0479724705 0.029433012 0.87023294 0.299276829 0.135123193
    0.71823597 0.139190644 0.385238767 0.287486881 0.299639523
    0.308812499 0.586395025 0.971394181 0.798671961 0.721056819
    0.57188046 0.426531494 0.188962936 0.824209452 0.145969868
    0.513732851 0.489637643 0.776279688 0.835832715 0.143924713
    0.368958831 0.150299281 0.315899014 0.11717692 0.088557899
    0.809333682 0.165648878 0.264401019 0.932268739 0.983678341
    0.359736264 0.145734966 0.55498153 0.533648133 0.00536084175
    0.607142806 0.0355619192 0.0640120506 0.342034966 0.175020069
    0.82381618 0.497451544 0.82240051 0.82410419 0.794686317 0.307394087
    0.842021227 0.82528317 0.466219455 0.462373465 0.646671712
    0.682383776 0.550928533 0.472122133 0.547076941 0.85628885
    0.592904687 0.338214159 0.77358526 0.0712285638 0.817634106
    0.30291909 0.995591998 0.115587652 0.186894476 0.705844283
    0.856404483 0.434944868 0.101565957 0.26786983 0.189916313
    0.897803247 0.570650518 0.120706111 0.480551094 0.456714511
    0.945551634 0.483971328 0.0831553042 0.216597676 0.147487015
    0.972798347 0.450848192 0.623975873 0.474271357 0.638654411
    0.388887227 0.769998848 0.549191892 0.340125501 0.767823279
    0.617813945 0.166262537 0.932884455 0.743335366 0.324412584
    0.494335383 0.152805954 0.28396973 0.218705326 0.443847716
    0.817252398 0.305546701 0.445504338 0.68181175 0.575517476
    0.605568051 0.257587254 0.329915047 0.193895072 0.331608057
    0.405750692 0.15317595 0.597567976 0.67754519 0.0363635421
    0.0193906128 0.143597573 0.902215481 0.451736271 0.140067875
    0.102820635 0.489751577 0.251412511 0.855016947 0.20757547
    0.731619835 0.418971092 0.752538919 0.233670801 0.185063332
    0.295593083 0.557946205 0.301712304 0.308328509 0.612788498
    0.951599836 0.362179697 0.794668674 0.352401435 0.736280978
    0.426525414 0.121625602 0.593506217 0.91336596 0.463263005
    0.306509614 0.0689469278 0.747109294 0.841339469 0.626597285
    0.15395233 0.325327635 0.696660042 0.528490067 0.991696239
    0.357596099 0.345431447 0.310877025 0.015529424 0.712171733
    0.115248799 0.400291145 0.591433048 0.715782344 0.197798669
    0.0279240012 0.308409572 0.0294796526 0.418759584 0.506672502
    0.19843474 0.082313031 0.338094682 0.316358954 0.789589286
    0.940915823 0.17710492 0.0994493067 0.437012255 0.881566882
    0.306325644 0.0897735655 0.958608389 0.636363387 0.124053806
    0.884190083 0.641827762 0.0331965089 0.077596873 0.712132573
    0.799798369 0.644392133 0.449843556 0.409670353 0.441302121
    0.20002681 0.246744066 0.25421223 0.782053471 0.544833422
    0.276961029 0.143933237 0.598582804 0.000399142504 0.559786558
    0.428450823 0.939353704 0.625564456 0.478935301 0.657546341
    0.355231911 0.470928848 0.550817609 0.47222513 0.380739391
    0.019084543 0.238690883 0.325188458 0.109100282 0.304459423
    0.282782853 0.781131387 0.188952684 0.791996479 0.648089945
    0.572484016 0.181038171 0.341298759 0.205738813 0.262821615
    0.903800607 0.011762172 0.934735894 0.450032055 0.468714148
    0.114477515 0.217177391 0.716872334 0.059437871 0.634842992
    0.704690099 0.185034007 0.477131188 0.661339343 0.729126215
    0.752130032 0.45356515 0.411121726 0.686402678 0.729304314
    0.444386989 0.0654141605 0.69786036 0.636104465 0.273225427
    0.810511708 0.645214021 0.987271011 0.200836092 0.784021556
    0.252967656 0.429159224 0.124021083 0.929163098 0.551551044
    0.788543344 0.312828004 0.474934191 0.313147724 0.747151852
    0.656111419 0.743755698 0.0161640942 0.174043834 0.895892262
    0.515061975 0.497421682 0.836969554 0.046015501 0.378329039
    0.495907664 0.472328484 0.280159473 0.953791559 0.361112177
    0.103005171 0.774269819 0.707977712 0.464686006 0.69884491
    0.240004092 0.548753381 0.226727158 0.0349362493 0.252675921
    0.377627969 0.822943211 0.602696717 0.958599448 0.351059794
    0.312133908 0.479556233 0.383330435 0.204096705 0.239668906
    0.208218396 0.078623414 0.956223965 0.158596754 0.359717786
    0.769796431 0.502358913 0.189082354 0.30539757 0.719068885
    0.275540173 0.0867378712 0.284026027 0.653467178 0.852099359
    0.371989936 0.720338821 0.0235046148 0.113958925 0.103429973
    0.336326063 0.520740271 0.438917756 0.306374013 0.923734188
    0.611776888 0.289067566 0.455258548 0.968935847 0.449610919
    0.139838427 0.248270303 0.824855447 0.174738407 0.0833339691
    0.992151976 0.594009578 0.53920728 0.352349281 0.561665177
    0.963427544 0.511922479 0.89583087 0.144039959 0.112112164
    0.946190178 0.560110271 0.14873749 0.449771374 0.0787436366
    0.669576526 0.425282896 0.485819966 0.773454368 0.958383441
    0.953986704 0.281777024 0.653226078 0.65389514 0.230430394
    0.498995394 0.0109743178 0.940673232 0.543382466 0.437995762
    0.825616717 0.521741331 0.166920722 0.683113694 0.0474809706
    0.118043453 0.0240738392 0.431878239 0.203967392 0.623915613
    0.420385659 0.0560903847 0.450744748 0.896814048 0.904672623
    0.209677339 0.561557472 0.680122197 0.958557665 0.76621449
    0.774091005 0.0806271434 0.633448482 0.186747611 0.198231161
    0.621069074 0.909183264 0.298018813 0.10134694 0.887350857
    0.436928809 0.269865453 0.303782582 0.367477864 0.552585781
    0.786543369 0.0603403747 0.388372421 0.614154398 0.144624382
    0.483192056 0.483883888 0.247565776 0.102385223 0.477658451
    0.955957472 0.385284305 0.494647563 0.13369298 0.109716266
    0.233212441 0.0845053792 0.170025289 0.376115292 0.172038972
    0.502808928 0.421933144 0.988241076 0.754473269 0.372237682
    0.796378791 0.428525358 0.738893747 0.292982996 0.231274456
    0.0273609161 0.854030609 0.0176728368 0.750734687 0.174642116
    0.489491761 0.281553209 0.414530933 0.720951676 0.87645036
    0.649217486 0.658758759 0.839658976 0.721259356 0.57695365
    0.897460341 0.289561093 0.656476855 0.333115518 0.730031133
    0.851665497 0.402231812 0.165822864 0.0544861853 0.0130853653
    0.302779913 0.876782358 0.312522292 0.838227689 0.676402509
    0.343412906 0.384330273 0.281322241 0.811023951 0.386444628
    0.842705011 0.38915056 0.703578293 0.338393867 0.712708294
    0.184541166 0.315325588 0.368965 0.368918419 0.948603034 0.531737566
    0.0801004171 0.769593596 0.299066395 0.414624393 0.436095506
    0.624466896 0.0506512225 0.706399202 0.563128531 0.106201857
    0.548660934 0.545531213 0.54799217 0.357307881 0.893895209
    0.598872244 0.73263669 0.151120603 0.754510164 0.373699725
    0.0260844827 0.530456781 0.984451771 0.588637531 0.38801071
    0.717412829 0.385132045 0.0276501179 0.139594585 0.22028181
    0.35900867 0.769167423 0.862245381 0.115707874 0.842199683
    0.301113307 0.428612709 0.972290218 0.463825822 0.918632746
    0.389226615 0.87255758 0.608587861 0.510472715 0.0581481755
    0.671594501 0.164960295 0.342686296 0.581834972 0.620908856
    0.99423784 0.841787934 0.81372118 0.768524528 0.752479315
    0.392967373 0.215411901 0.108192086 0.924326777 0.108837903
    0.140372634 0.712596893 0.101042777 0.00215873122 0.898736
    0.306769103 0.347936511 0.513594449 0.196991682 0.690586567
    0.30033344 0.436516792 0.344611168 0.999945283 0.377729416
    0.850104332 0.823611259 0.856603742 0.474244148 0.469177097
    0.375241339 0.287425965 0.934841514 0.508305609 0.648330748
    0.957229495 0.593515754 0.701850057 0.168675184 0.231078446
    0.931767106 0.803806007 0.19628796 0.956419587 0.463297755
    0.91326648 0.932895124 0.119446307 0.726474047 0.343834221
    0.933420241 0.693796992 0.42096436 0.542427659 0.733104587
    0.15876323 0.765259027 0.468953371 0.787010431 0.453349948
    0.860891819 0.311003268 0.489792317 0.23570767 0.848253965
    0.371767104 0.470738649 0.367888838 0.132424414 0.968038917
    0.724116027 0.424400359 0.739169836 0.409169197 0.102909297
    0.67075026 0.25809896 0.477437705 0.375176549 0.393104047
    0.880267501 0.744022906 0.941096127 0.135937542 0.515346706
    0.691202879 0.845733583 0.380561262 0.929316044 0.576621294
    0.632950604 0.300304651 0.422698379 0.576043189 0.109639555
    0.93601352 0.264230072 0.727954865 0.833938062 0.354869246
    0.179075062 0.771513879 0.0885589123 0.10604614 0.371234655
    0.621963382 0.628388226 0.57689178 0.489283115 0.628945291
    0.536631703 0.221553832 0.0336870849 0.763752937 0.292010248
    0.283770949 0.499615759 0.256318569 0.378757775 0.814547777
    0.741125643 0.2352736 0.96937573 0.924999356 0.826864481 0.997640014
    0.843775749 0.779759645 0.5589028 0.400286496 0.646563411
    0.0227743983 0.786058903 0.591452539 0.872991681 0.145280361
    0.0245269537 0.963222623 0.816025019 0.222585678 0.534291089
    0.447054684 0.354400516 0.577888072 0.365896702 0.0853100419
    0.297509789 0.0904582739 0.372673929 0.887359023 0.290812373
    0.407092273 0.142957181 0.282965094 0.0387618244 0.577012956
    0.933679342 0.620760202 0.803966999 0.0673856437 0.222088367
    0.311299384 0.938851416 0.579513848 0.90586257 0.597663045
    0.490108997 0.372650325 0.920512676 0.793063402 0.822172642
    0.0291146338 0.643381596 0.410886526 0.184000164 0.0884068608
    0.169936091 0.353206396 0.822887719 0.212208658 0.590259016
    0.758533597 0.418654054 0.889621615 0.782641351 0.987289846
    0.849816203 0.70027864 0.865385413 0.0648942888 0.949836731
    0.25602597 0.657680154 0.797571063 0.39671582 0.310478687
    0.502300858 0.453302324 0.597022116 0.675515771 0.246164232
    0.166940808 0.375566453 0.828175306 0.550999045 0.950793624
    0.777536869 0.982956529 0.0473284721 0.730471253 0.0107342005
    0.446270823 0.260009766 0.00937634706 0.181526512 0.301600158
    0.377391964 0.113793164 0.342382252 0.891625524 0.886149406
    0.532800555 0.138279676 0.995484054 0.964628041 0.850040078
    0.59838593 0.0256131589 0.48029384 0.217610419 0.649144769
    0.335487902 0.29079634 0.447226375 0.6149261 0.853012443
    0.0606463253 0.923927426 0.652545452 0.300117731 0.801111996
    0.606383324 0.433063805 0.0910044611 0.370997012 0.710540712
    0.995654225 0.132249027 0.0900293291 0.0197829604 0.0546601713
    0.568462968 0.980844021 0.750193 0.425146222 0.381848633 0.963752866
    0.368441194 0.28752923 0.205343455 0.362415135 0.930266261
    0.425156832 0.417505383 0.423275918 0.0699939728 0.080534786
    0.0445161164 0.259001553 0.714895964 0.0428067446 0.328806698
    0.105051458 0.785179138 0.593303561 0.485957265 0.446508229
    0.566692829 0.536302328 0.0468896627 0.611946762 0.89761126
    0.594383001 0.720921874 0.703282654 0.629666567 0.498374462
    0.12479946 0.834264636 0.39758867 0.059202522 0.991465569 0.45865348
    0.760669708 0.864291549 0.505751371 0.539675355 0.223370552
    0.486242145 0.515045762 0.115019649 0.534104645 0.34588027
    0.220648557 0.133637667 0.641979218 0.103527099 0.503013372
    0.575957417 0.455342174 0.787651539 0.979323626 0.293522418
    0.200522304 0.928715765 0.22799772 0.171157777 0.614607453
    0.612602711 0.253948152 0.092079699 0.504366875 0.211382389
    0.0109578967 0.476884544 0.935470998 0.193164796 0.23116219
    0.598230183 0.0716421604 0.565802097 0.570497572 0.990841627
    0.450306237 0.565863013 0.717424929 0.671328306 0.517972231
    0.142563999 0.974147439 0.644694388 0.070278883 0.66328609
    0.999004364 0.3292045 0.428041399 0.402434319 0.597887874
    0.968526185 0.0419187546 0.695404828 0.487774909 0.3491413
    0.647427619 0.636192381 0.68323952 0.559351027 0.933309197
    0.552834153 0.829917312 0.88852191 0.780979753 0.656666994
    0.670830429 0.00145664811 0.546307564 0.83245194 0.0700639486
    0.738919735 0.8984707 0.815058112 0.418513775 0.449744552
    0.766033769 0.123812258 0.439394355 0.860956073 0.825286686
    0.338207543 0.33308208 0.878407478 0.168174624 0.260049224
    0.227558881 0.953800321 0.922685385 0.564309537 0.482536823
    0.302577496 0.314806283 0.801867843 0.170099288 0.624065638
    0.7956146 0.73177278 0.64971298 0.00996011496 0.693315387
    0.605465293 0.16707769 0.378406584 0.0831467509 0.403223842
    0.129667819 0.97914052 0.556095064 0.428233117 0.256475002
    0.543782473 0.964916706 0.0197816491 0.910654008 0.491282642
    0.806635141 0.274956822 0.892799139 0.946563065 0.940815687
    0.0145285726 0.421314567 0.0218223035 0.78415066 0.605714619
    0.0809231997 0.507070422 0.670271397 0.660260975 0.762845039
    0.682257414 0.316428602 0.72294575 0.46803093 0.023501724
    0.892069221 0.926651239 0.785082936 0.754939795 0.268814623
    0.730286121 0.648345113 0.659580946 0.844803095 0.744504273
    0.291867286 0.0205324888 0.882167578 0.475283086 0.766673684
    0.520999908 0.306341618 0.431367218 0.94000566 0.929508924
    0.825707853 0.103842169 0.370951027 0.1789473 0.714756429
    0.688015819 0.232827723 0.387522101 0.811696768 0.547806203
    0.240668386 0.778607488 0.957102656 0.0910279751 0.106419384
    0.604717612 0.339766711 0.819151223 0.885483027 0.662958324
    0.0880138874 0.477676094 0.445070863 0.0514315665 0.23655057
    0.868231416 0.56330061 0.0104936063 0.675970495 0.263343692
    0.91704011 0.0999391675 0.671327651 0.651108563 0.345076025
    0.825595617 0.599784195 0.56547451 0.576859236 0.414988518
    0.203750908 0.730259359 0.105122626 0.72395587 0.791218102
    0.454047561 0.229175836 0.806720316 0.850955367 0.872421741
    0.342660666 0.464626312 0.218138784 0.922518373 0.518723845
    0.807905316 0.556091249 0.570886552 0.817812145 0.717926323
    0.2518121 0.26156956 0.302981883 0.52084589 0.0151763856
    0.0770189762 0.799781978 0.425677568 0.460140944 0.257850647
    0.567216933 0.786087632 0.463665873 0.74438411 0.994926035
    0.232422382 0.0615488589 0.831744671 0.697814226 0.157611459
    0.893543482 0.6234321 0.275331616 0.927048564 0.236533791
    0.350980699 0.524669051 0.876224399 0.0630007684 0.500024378
    0.981268525 0.421877801 0.913058281 0.94734925 0.626367033
    0.0635989904 0.375259042 0.249772429 0.888004899 0.276940286
    0.946790755 0.588253856 0.669069171 0.637666821 0.0393809378
    0.733191252 0.0526323318 0.428476483 0.951982737 0.286951274
    0.506265819 0.0602849424 0.358771414 0.508308232 0.137073785
    0.977823138 0.574355483 0.319660336 0.727290511 0.415847629
    0.991159201 0.32428056 0.619425893 0.545572102 0.659324706
    0.0497983098 0.27287674 0.269051611 0.254306436 0.629194856
    0.935908794 0.0269506276 0.421087146 0.297787607 0.594330609
    0.404984593 0.150620669 0.135319114 0.722146988 0.895992041
    0.294350207 0.798254371 0.0103441179 0.243664771 0.637625933
    0.193811327 0.137363762 0.178158551 0.86982435 0.0811726749
    0.598960519 0.528352857 0.367236495 0.246126741 0.306837976
    0.27687043 0.856424332 0.712341964 0.269487858 0.325837702
    0.326136887 0.777662575 0.452955067 0.984401464 0.692983568
    0.0709821582 0.201108694 0.286510408 0.915091872 0.389669359
    0.837885857 0.647887528 0.568821907 0.122412562 0.0119436681
    0.801689506 0.734178901 0.513961315 0.703906775 0.706229985
    0.00183686614 0.600475907 0.919465899 0.509665787 0.948465824
    0.00935870409 0.132769406 0.212819964 0.510989845 0.164257675
    0.902793109 0.770571113 0.514795005 0.320298076 0.0709509254
    0.731981218 0.365983307 0.274626493 0.205814898 0.870895743
    0.410910666 0.595790923 0.0779474974 0.823518455 0.495381415
    0.799790084 0.414130002 0.434809178 0.121778309 0.663302362
    0.88535881 0.628217638 0.0381550789 0.0819430053 0.355202377
    0.616168499 0.961485386 0.6012187 0.474862576 0.547676682
    0.536000133 0.698882461 0.143530697 0.263833642 0.200074136
    0.126567036 0.722507715 0.269625545 0.667228758 0.457445472
    0.720259309 0.0442776084 0.331011534 0.381576657 0.262987763
    0.211923361 0.0987912416 0.726246119 0.424519777 0.694650531
    0.2968117 0.79321593 0.868750215 0.165885717 0.514797747 0.762362659
    0.160068393 0.840501904 0.0737391114 0.943133473 0.721221924
    0.61067766 0.0317758322 0.592997611 0.708897233 0.364597023
    0.366425782 0.742624521 0.32280606 0.70547682 0.200755954
    0.362953693 0.614731371 0.329056323 0.0249347091 0.399347574
    0.216728359 0.902697682 0.191251159 0.718140125 0.289766937
    0.376361579 0.846784413 0.20072937 0.916085362 0.873925805
    0.0475789607 0.488776267 0.66739738 0.112122715 0.70240134
    0.557929754 0.387513429 0.979300022 0.523495615 0.220326215
    0.801971912 0.0912519991 0.911026835 0.847130775 0.521379054
    0.459449828 0.369735718 0.286492169 0.279206485 0.365540475
    0.346650928 0.829660356 0.840950012 0.672099292 0.591026306
    0.624562562 0.756939292 0.394488335 0.540694356 0.776302099
    0.622084916 0.0970233083 0.0355522931 0.45933938 0.873303652
    0.704340935 0.729059458 0.145160079 0.914635897 0.407719076
    0.290504277 0.254939437 0.699931026 0.468340099 0.662589848
    0.685438812 0.438441992 0.233991235 0.0350590348 0.114638597
    0.978022814 0.755355597 0.867951155 0.79822886 0.412623882
    0.129367858 0.613435745 0.911391139 0.864464998 0.573365092
    0.549371898 0.761691093 0.243405879 0.134308308 0.682172537
    0.722441912 0.0628537536 0.239573479 0.169841528 0.310455084
    0.656692922 0.617883384 0.340593278 0.494454443 0.789699316
    0.22467193 0.418715 0.395255059 0.914465427 0.381577402 0.255610228
    0.273969829 0.174306422 0.820158839 0.455367893 0.501271605
    0.192174852 0.88699007 0.352193832 0.206397831 0.582580984
    0.514507592 0.0367756784 0.228656679 0.855013311 0.357490063
    0.755939126 0.411680579 0.249901861 0.263728976 0.477285057
    0.172133684 0.922739387 0.776358843 0.866573632 0.356986254
    0.702472627 0.385827422 0.241590351 0.818080664 0.436351299
    0.581467092 0.0409800112 0.212746114 0.94091928 0.21840921
    0.161127836 0.610422075 0.276026815 0.429660618 0.243623167
    0.365388453 0.430949807 0.807038963 0.773050904 0.96131742
    0.0294992924 0.667346835 0.213217914 0.617509425 0.0413104594
    0.180273294 0.282732695 0.147709519 0.104674816 0.326227784
    0.73747921 0.155860931 0.869006515 0.0614789128 0.215730637
    0.765453696 0.503507376 0.674633443 0.131712437 0.0797511935
    0.208608061 0.0952566564 0.291624546 0.139516711 0.252251357
    0.000847011805 0.850125551 0.876719356 0.0622744858 0.222012043
    0.974303007 0.879849792 0.610165298 0.683798134 0.691507399
    0.443475902 0.353899896 0.424831539 0.463641763 0.690765262
    0.273609102 0.881720304 0.026140511 0.317519367 0.713156223
    0.251401573 0.452444732 0.328275084 0.808759809 0.885458589
    0.861632526 0.838739991 0.251101494 0.250621259 0.850032568
    0.735387027 0.115821302 0.911433578 0.0400491953 0.141541272
    0.403508782 0.0448671281 0.0206686854 0.391047835 0.146900564
    0.624260724 0.997801065 0.251298994 0.0256176889 0.294805825
    0.584697545 0.718140423 0.909323454 0.189000577 0.258569658
    0.79893291 0.801430225 0.420407861 0.85341996 0.475962788
    0.967581868 0.235998988 0.785678267 0.800210953 0.579392195
    0.380737394 0.28381747 0.0230288506 0.157070607 0.71399188
    0.366023302 0.218417466 0.562482715 0.896426082 0.260118067
    0.889213443 0.421103001 0.994856238 0.788479805 0.894009173
    0.650997639 0.282979608 0.337366313 0.324020326 0.430681109
    0.141112685 0.743531287 0.583552122 0.870080352 0.936283827
    0.496487826 0.105272174 0.706505299 0.288362592 0.392389476
    0.352995008 0.816075921 0.746357322 0.299068928 0.339261949
    0.0434960127 0.178196102 0.740312934 0.735122681 0.0617604256
    0.647291064 0.639627039 0.154866368 0.086238116 0.88224107
    0.349394113 0.125948876 0.684324443 0.483625054 0.581435263
    0.0461314023 0.899214149 0.610840678 0.407299519 0.0143714845
    0.370681435 0.115026325 0.246331602 0.171382517 0.530406773
    0.172803581 0.38317591 0.0526598394 0.420653701 0.497141987
    0.616854191 0.454473406 0.679428756 0.792577446 0.289727151
    0.990533054 0.537104547 0.942851663 0.0939207971 0.529717505
    0.00583845377 0.571744502 0.768354297 0.57536912 0.159802407
    0.0255052745 0.466044009 0.678564847 0.865336299 0.561768353
    0.0367970169 0.432539463 0.295878172 0.6112957 0.823227286
    0.156819403 0.988443136 0.364083529 0.157997072 0.872871161
    0.824111581 0.572920263 0.450009882 0.341918647 0.801811457
    0.31880784 0.637727618 0.958638906 0.208001286 0.692367136
    0.830463648 0.59856081 0.30057478 0.352692068 0.609915257 0.31902501
    0.903832614 0.788535893 0.706492066 0.771320939 0.620875359
    0.38805604 0.356414795 0.629996359 0.461780816 0.958155334
    0.94975394 0.621562064 0.638520718 0.124163479 0.72034651
    0.452346325 0.837809443 0.244810075 0.44066757 0.76514405
    0.0827261508 0.370105803 0.663805127 0.342948645 0.807983577
    0.306591511 0.278673351 0.469096124 0.510750651 0.108490199
    0.608963609 0.516497076 0.378657609 0.330095261 0.49067238
    0.809103966 0.561930895 0.898182392 0.764224648 0.281016469
    0.543314159 0.222717315 0.864479721 0.0639728904 0.0138105154
    0.582481444 0.586532176 0.582126558 0.536544681 0.611668885
    0.676028013 0.573126495 0.414605647 0.890660048 0.578044057
    0.380917221 0.1552791 0.133688658 0.980678737 0.29271549 0.762410998
    0.354655683 0.427648365 0.510659635 0.278342247 0.827721119
    0.371094823 0.0764720738 0.699797094 0.834734201 0.951158524
    0.160824299 0.151097 0.632304132 0.576182961 0.187470227 0.375851214
    0.113251805 0.225184947 0.414171219 0.0971066058 0.892157793
    0.45848915 0.0161418915 0.512484252 0.80278039 0.249045908
    0.183078051 0.481305003 0.987222135 0.339596987 0.105316341
    0.152780116 0.53902787 0.147672981 0.99599129 0.0327690244
    0.566599548 0.422676384 0.830767155 0.963835001 0.0915856361
    0.250769377 0.902172029 0.688916564 0.741634429 0.0933971405
    0.5462538 0.125015557 0.390134275 0.0580284595 0.755800962
    0.205930024 0.98150301 0.644595921 0.941155732 0.00721332431
    0.473142087 0.309888721 0.570478082 0.106293499 0.491353571
    0.557414949 0.82874012 0.694214463 0.96926415 0.641565979 0.99941206
    0.385027409 0.963702261 0.336604178 0.800864398 0.39489904
    0.553226829 0.0145213306 0.0213573575 0.70420754 0.946030617
    0.236550957 0.164142907 0.631040335 0.437703818 0.233011961
    0.400892317 0.986081839 0.180265576 0.802275598 0.961764991
    0.810725927 0.0820164382 0.244544268 0.150022 0.458080679
    0.126536161 0.0168243647 0.297061235 0.884853244 0.96060276
    0.595966101 0.959263206 0.36994046 0.202044487 0.580707908
    0.85599947 0.231529146 0.0455935001 0.504464626 0.115313798
    0.72556138 0.470165998 0.420962065 0.672314286 0.295537591
    0.784767032 0.774048328 0.32626608 0.745318115 0.163281918
    0.987475276 0.884712279 0.28996563 0.322720468 0.79530704
    0.618234515 0.597718835 0.0616235137 0.825338721 0.387102246
    0.803976953 0.494996488 0.170592308 0.330399215 0.648272753
    0.225800693 0.573830843 0.926565409 0.808206201 0.497390121
    0.103919715 0.275481522 0.817315459 0.382214159 0.992145002
    0.251175523 0.892462492 0.238673478 0.38427195 0.837061763
    0.467703104 0.489212692 0.887615085 0.961339235 0.856195807
    0.512884736 0.821588635 0.0926981866 0.510781467 0.545282125
    0.983421445 0.443003207 0.701626182 0.0507539213 0.434861392
    0.45937708 0.0543618798 0.916257381 0.950519145 0.969427109
    0.99216485 0.848432779 0.981448591 0.95937413 0.35890168 0.671570241
    0.439790398 0.966717601 0.265362501 0.671370625 0.846171379
    0.231117725 0.638620496 0.326436818 0.362273872 0.557701349
    0.747591853 0.0139439404 0.418934703 0.773968875 0.0096154809
    0.768885612 0.0301851928 0.947640181 0.334076613 0.548937023
    0.942582369 0.823173285 0.75229466 0.790402949 0.62968719
    0.919728398 0.117405117 0.569816887 0.994819045 0.398912042
    0.392946631 0.67640847 0.972269416 0.897643805 0.863560498
    0.184287488 0.168345422 0.612451494 0.644061923 0.167921424
    0.386597276 0.305780798 0.918350935 0.0718237758 0.146863818
    0.0599183142 0.447683752 0.268619895 0.173799515 0.300798535
    0.239192814 0.739689171 0.551074862 0.245802313 0.103721291
    0.027125299 0.674695849 0.429634899 0.181684971 0.17958203
    0.0329085886 0.0264663994 0.63929373 0.431063741 0.64409107
    0.102473497 0.596081376 0.931220353 0.0617690682 0.071277678
    0.307283223 0.808597565 0.337958604 0.193421543 0.0587219298
    0.414536804 0.710257232 0.702537239 0.830023587 0.15062061
    0.237980545 0.648836315 0.333319813 0.328077942 0.408709526
    0.052968353 0.957202792 0.241907358 0.469809622 0.644328535
    0.0544766188 0.888585269 0.351560503 0.128627092 0.652812779
    0.702060342 0.9608652 0.688615143 0.899159551 0.303916752
    0.942817688 0.706020236 0.0307646692 0.949409962 0.97302103
    0.189791858 0.250656128 0.757276773 0.0936900675 0.658958852
    0.299514174 0.228336573 0.193239331 0.5987432 0.383458823
    0.147299647 0.36643976 0.412907511 0.697291493 0.61863029
    0.329772949 0.557261169 0.246919662 0.440538645 0.196312308
    0.417003125 0.303872138 0.385207474 0.700175643 0.793055892
    0.712442338 0.205752045 0.52845937 0.00110024214 0.552860498
    0.397616088 0.201415449 0.811362982 0.99083662 0.459097773 0.8623873
    0.148469388 0.138223618 0.448828578 0.97067219 0.574391127
    0.618751109 0.317172498 0.774011612 0.717576444 0.951219082
    0.519004703 0.36530152 0.930878043 0.660292625 0.765674114
    0.066971153 0.733028889 0.394818753 0.752244413 0.646037221
    0.421927005 0.653435469 0.292268574 0.205869168 0.877415538
    0.525434017 0.603094995 0.166483551 0.946977496 0.284059644
    0.347501099 0.463414043 0.0353475213 0.229674727 0.097864449
    0.281602681 0.666680694 0.464176089 0.97502166 0.517372489
    0.306432813 0.626841307 0.00220754743 0.195075691 0.447856069
    0.982043505 0.4322384 0.0746233761 0.0125079155 0.0402025878
    0.662914753 0.0268383026 0.0279904902 0.557277858 0.61544162
    0.250817746 0.250077993 0.871260881 0.225297481 0.717582345
    0.781934857 0.0765885115 0.0677100718 0.472830147 0.649094224
    0.0365910232 0.0360522866 0.0426551402 0.826723337 0.717264771
    0.699925482 0.312694371 0.196764588 0.879254699 0.162534863
    0.0323898494 0.286279559 0.987424433 0.640860319 0.890366197
    0.620439172 0.377604216 0.750585079 0.823897004 0.926380754
    0.303625196 0.808854818 0.689942598 0.645810723 0.397400022
    0.148175478 0.292319626 0.243137449 0.530287862 0.32970801
    0.00881126523 0.557687223 0.575049043 0.285228163 0.765386403
    0.78530252 0.259778529 0.542027593 0.861575246 0.22622931
    0.580530822 0.759904921 0.751845598 0.815654457 0.684478641
    0.16273728 0.617793202 0.931118608 0.240117252 0.82107079
    0.151052326 0.269343138 0.535454273 0.559869528 0.946526587
    0.4161717 0.370723784 0.304852724 0.265668869 0.233214557 0.66098243
    0.138222218 0.338416308 0.325841308 0.523156762 0.799673736
    0.601362765 0.810772657 0.861500025 0.216005713 0.0241836905
    0.0431876481 0.0713992715 0.764785528 0.353157341 0.348291188
    0.628433287 0.230987728 0.250298798 0.891981184 0.282631278
    0.143003017 0.599439263 0.55870378 0.624526501 0.802124262
    0.722227693 0.67859745 0.37264955 0.0371782482 0.476269424
    0.888290405 0.739684939 0.659125507 0.712620974 0.359940588
    0.458726972 0.564987838 0.0490206182 0.435137272 0.741548002
    0.486323476 0.571679771 0.119976968 0.167272389 0.586775422
    0.380141616 0.810447514 0.747904539 0.957769036 0.349349082
    0.617494583 0.3702721 0.243165106 0.25165385 0.834627151
    0.0320501328 0.833977699 0.733020723 6.35385513e-05 0.0369194746
    0.894407749 0.0489459932 0.570131421 0.600405097 0.618011117
    0.206948251 0.561056018 0.906666994 0.62512362 0.648772478
    0.284897178 0.675188482 0.859429598 0.58659327 0.82547152
    0.383017093 0.880229592 0.684113324 0.108093351 0.374625623
    0.875148475 0.032856375 0.404674649 0.274308413 0.113415688
    0.128551185 0.674331784 0.820406139 0.465235233 0.515243411
    0.242229402 0.276160955 0.520909429 0.71940726 0.168869257
    0.754705191 0.981658459 0.59405452 0.587237358 0.61469537
    0.690988421 0.662389994 0.680557489 0.710416496 0.0771148205
    0.350208759 0.0627878904 0.850498021 0.70541054 0.981401443
    0.416725338 0.829696655 0.393491834 0.0269536972 0.496005744
    0.322635472 0.878807485 0.562427163 0.705752254 0.131144583
    0.843636453 0.347931564 0.330909967 0.393779278 0.709069371
    0.710799217 0.824169278 0.917002439 0.00335749984 0.0338695645
    0.958161592 0.867768884 0.633870959 0.883872151 0.164379597
    0.438181669 0.253455877 0.347201347 0.592423558 0.359620988
    0.868041158 0.594794691 0.534351468 0.600872278 0.586255968
    0.532993615 0.175735295 0.477894276 0.161327451 0.0305153131
    0.172159761 0.422327667 0.625441492 0.228418797 0.0217853189
    0.231427789 0.27390945 0.995918334 0.418479204 0.92139554
    0.998869777 0.365685105 0.494577646 0.585217059 0.160550177
    0.212411851 0.852947474 0.0541211665 0.527618051 0.243074507
    0.772809029 0.875741005 0.285245061 0.587426841 0.35990876
    0.327583849 0.701814532 0.248723894 0.0366143584 0.556203425
    0.118326664 0.406063855 0.163002133 0.219086677 0.896793187
    0.22960338 0.0332676768 0.0732517242 0.646618068 0.551424563
    0.972346008 0.249650717 0.188776731 0.649578273 0.503175497
    0.712111771 0.070233345 0.772450805 0.113087833 0.511081517
    0.552876413 0.0363016129 0.122797638 0.633961678 0.555966854
    0.709208071 0.616865516 0.312052608 0.397815049 0.594408154
    0.726224422 0.169928819 0.795521617 0.275914073 0.234746397
    0.846670508 0.0700056255 0.926157951 0.782937884 0.223491281
    0.337513208 0.943014503 0.452664375 0.847203493 0.150280982
    0.0993828475 0.846270859 0.74811095 0.264805138 0.0461154282
    0.629721403 0.47063759 0.622114599 0.445006043 0.221919835
    0.363130808 0.999734998 0.576161623 0.23363927 0.332492411
    0.373825133 0.760060012 0.183582842 0.396876693 0.485412061
    0.475305468 0.992200792 0.522987366 0.328581095 0.990214109
    0.523483694 0.833051205 0.34512639 0.288790524 0.237284034
    0.730104148 0.102431089 0.0226959586 0.168674499 0.120713741
    0.571536303 0.0555018187 0.804444313 0.890246868 0.013361603
    0.638447046 0.738908708 0.61377573 0.420580417 0.306796253
    0.0922820568 0.599101663 0.320591927 0.238864064 0.397188067
    0.361141026 0.888585448 0.12254715 0.961131275 0.00925758481
    0.357107043 0.430602878 0.857232928 0.511003375 0.813118756
    0.659430385 0.949454367 0.324233085 0.878439486 0.759399056
    0.924887657 0.639151454 0.0269616842 0.72959131 0.717328548
    0.0269055665 0.202136338 0.563048124 0.293946505 0.537137628
    0.265492439 0.24694097 0.189852715 0.5322631 0.206772178 0.113400221
    0.142682135 0.212403119 0.075632602 0.0353052318 0.933647096
    0.264972657 0.633930087 0.43559286 0.209078699 0.467901856
    0.488723576 0.464746743 0.82797724 0.903402567 0.600265205
    0.631305456 0.781545997 0.0171439648 0.651297569 0.53093636
    0.333093375 0.531531215 0.702135444 0.705718279 0.130455792
    0.792491794 0.315107077 0.359830439 0.802101374 0.629506171
    0.862606287 0.382431328 0.913549066 0.71867156 0.661677957
    0.518319905 0.805314183 0.824692249 0.527582467 0.381457478
    0.457656682 0.650978446 0.101427019 0.672910929 0.628514469
    0.538807333 0.258646399 0.202085614 0.68226862 0.143358737
    0.905392051 0.709590316 0.573812068 0.155874372 0.152874798
    0.847977996 0.212224394 0.620242715 0.520510316 0.0323215425
    0.846504807 0.868354678 0.137949079 0.920034051 0.540521443
    0.803564906 0.82950747 0.568294108 0.844066381 0.230988592
    0.231370687 0.726129591 0.605838835 0.122921377 0.122645229
    0.92450273 0.296311498 0.780785143 0.74168855 0.371186435
    0.016787529 0.121425271 0.874753952 0.79720068 0.627898395
    0.447357118 0.670304596 0.0956986845 0.917203069 0.949913979
    0.22082299 0.27341181 0.941748261 0.0256692767 0.629838109
    0.927555799 0.488590777 0.368415475 0.774569571 0.716483593
    0.358303487 0.713521361 0.300002247 0.460065812 0.0595362484
    0.907063782 0.86834234 0.610003233 0.587485731 0.825349867
    0.475052863 0.305776268 0.156535417 0.621386766 0.300391883
    0.873536706 0.356520742 0.581328392 0.362183779 0.245804131
    0.533067405 0.0757099688 0.313545883 0.51193738 0.831088901
    0.0439558625 0.745746374 0.989096999 0.132707804 0.899095178
    0.174458414 0.516189456 0.979903042 0.75522697 0.446741313
    0.0580812991 0.0688982904 0.218289316 0.440489233 0.632154703
    0.534452677 0.706939936 0.638978541 0.93890202 0.68792367
    0.258563697 0.462352812 0.468486816 0.215993971 0.56206578
    0.655075312 0.383910894 0.43233338 0.295379817 0.624896944
    0.322126448 0.729929566 0.16440919 0.374844968 0.904054821
    0.457733929 0.355946332 0.615382016 0.876579523 0.320121706
    0.877144635 0.0892908573 0.61643368 0.963674545 0.663616776
    0.968034863 0.282289147 0.209181488 0.920996308 0.605717123
    0.461619377 0.993064761 0.72406137 0.363963723 0.0635577142
    0.866342545 0.728260517 0.287497342 0.327871919 0.972618818
    0.749431908 0.869820476 0.664626002 0.263744563 0.0843941867
    0.382081151 0.631808937 0.0332276225 0.86076057 0.43720907
    0.848028302 0.648904264 0.832497239 0.253136992 0.136526644
    0.111133903 0.304761797 0.476264477 0.474759609 0.933193207
    0.542695343 0.645012558 0.698976755 0.600244045 0.595208466
    0.30042094 0.313309848 0.00219789147 0.809317052 0.547880113
    0.417929292 0.356720328 0.729939699 0.502111435 0.73121959
    0.309785068 0.0526716709 0.863132477 0.403154194 0.893408954
    0.833430171 0.978895426 0.545841396 0.229564577 0.622574031
    0.810210347 0.789110899 0.445181519 0.0919527113 0.0166826546
    0.249607325 0.914789796 0.188419521 0.548091173 0.375043362
    0.702460706 0.882344484 0.481006444 0.289570481 0.889026523
    0.56748116 0.725465536 0.967827439 0.764491916 0.582277119
    0.339620978 0.312399626 0.776595473 0.0531171262 0.39650923
    0.297572106 0.201992184 0.751980722 0.690618336 0.63026607
    0.227950603 0.875471592 0.0965790451 0.182277352 0.737798214
    0.376406252 0.375309825 0.42436111 0.0206133723 0.0125917196
    0.634550214 0.154462814 0.126801401 0.747532725 0.399932534
    0.184459329 0.232099771 0.0518447757 0.793719053 0.213150382
    0.35570991 0.827812076 0.809444547 0.643072128 0.66583848
    0.703621149 0.815034688 0.739116311 0.954189777 0.626315594
    0.600461721 0.325177848 0.566592813 0.907898009 0.382904887
    0.843143344 0.85068357 0.88966167 0.742203355 0.00990799069
    0.677088916 0.442824244 0.971327186 0.169770181 0.607957661
    0.0820215642 0.432791919 0.554424286 0.194110245 0.340677291
    0.597521603 0.375454456 0.753723145 0.701127231 0.317781925
    0.3710742 0.699345231 0.0305056274 0.275713295 0.162355691
    0.722637951 0.899225891 0.0127528012 0.18607071 0.0352627933
    0.110734105 0.515381634 0.0371536613 0.628376782 0.168145925
    0.492303193 0.36686334 0.140843689 0.905319571 0.524657249
    0.658534706 0.518896699 0.636600494 0.395664603 0.994848371
    0.447356731 0.175115496 0.431679904 0.384344578 0.0034198463
    0.695169091 0.993107438 0.809731722 0.734473825 0.372311652
    0.872383475 0.245894969 0.923543334 0.874109507 0.653166652
    0.306241095 0.641313195 0.780616641 0.645432711 0.663164496
    0.0186508596 0.300219655 0.741651773 0.373836339 0.645329058
    0.773846984 0.273345828 0.439893216 0.00194710493 0.196073264
    0.75999701 0.295435846 0.146215945 0.723935187 0.514460504
    0.382893562 0.843307018 0.413855284 0.144588083 0.589718223
    0.596394062 0.159001321 0.112681419 0.803444028 0.422498375
    0.0444532335 0.21528846 0.496490121 0.212114692 0.92651999
    0.413723499 0.831266522 0.507351756 0.126954406 0.0846918523
    0.759019434 0.853648186 0.578236461 0.949639022 0.202548474
    0.615229011 0.638015032 0.0444807708 0.12260446 0.547206283
    0.274374008 0.4387362 0.982537031 0.105986357 0.618482232 0.37252754
    0.585091829 0.399535239 0.89058423 0.253865659 0.403824866
    0.68745029 0.806807041 0.0747173429 0.149589658 0.411237866
    0.546413183 0.926594019 0.323832065 0.970726848 0.62806499
    0.912435532 0.80387342 0.76117748 0.275890172 0.761772513
    0.301445067 0.339501649 0.152565151 0.445032328 0.203977734
    0.35253498 0.194281816 0.967980862 0.0731085539 0.199573189
    0.218224645 0.126462519 0.233025312 0.835133791 0.352034509
    0.335648805 0.562367857 0.602124572 0.459316671 0.359107196
    0.382821113 0.788719654 0.993999302 0.635868251 0.0892681777
    0.260958195 0.856902122 0.406804144 0.831398964 0.892192006
    0.13903904 0.498818159 0.728881419 0.137847632 0.6040622 0.011534512
    0.463332057 0.523268163 0.554600835 0.145337403 0.0377918482
    0.164599478 0.457738012 0.720287323 0.963985682 0.687543571
    0.368587613 0.380411357 0.407686561 0.00744429231 0.908260763
    0.463688552 0.801998496 0.940756321 0.320361108 0.0833345056
    0.603403986 0.0796543062 0.941212773 0.207356274 0.0978640914
    0.62091285 0.444227278 0.411949813 0.381265193 0.389540315
    0.375936568 0.425940126 0.446178764 0.297337472 0.0370651484
    0.604433119 0.0307179391 0.153232664 0.0729477108 0.883435249
    0.799843132 0.189135164 0.517631233 0.732617438 0.18945542
    0.592329979 0.865206242 0.663693309 0.829611421 0.680346131
    0.711946547 0.609195292 0.450666308 0.251923203 0.687470317
    0.527005851 0.436094999 0.447106212 0.493364573 0.466463268
    0.300395489 0.0977493227 0.737128317 0.887518048 0.189039409
    0.00696969032 0.717732668 0.875857949 0.429795623 0.711103737
    0.71586746 0.861450791 0.753686368 0.338908672 0.839531362
    0.469223738 0.966212988 0.28224051 0.859602273 0.211632609
    0.61738348 0.878758907 0.569684207 0.293920606 0.957879364
    0.73737371 0.02173388 0.494122744 0.61942476 0.0959572196
    0.00648656487 0.242792577 0.460698098 0.324994981 0.718459845
    0.450032294 0.0380957425 0.600774407 0.446157604 0.808040977
    0.0326220095 0.0913187861 0.637290239 0.0214375257 0.821321428
    0.356800795 0.961857796 0.593506515 0.0576945841 0.236058921
    0.839187801 0.961148381 0.980804682 0.736649394 0.357056528
    0.927364826 0.687114358 0.51141119 0.701432526 0.528091908
    0.694993675 0.252713919 0.684834003 0.86659956 0.248938441
    0.177939802 0.147331089 0.747813463 0.182985783 0.94369036
    0.500515819 0.581164539 0.653401732 0.481298536 0.850041568
    0.103162795 0.979828298 0.404506207 0.460301191 0.67967397
    0.656371236 0.534794688 0.576563954 0.721288264 0.717737198
    0.171871603 0.254509151 0.0344595909 0.848255813 0.244040161
    0.108502537 0.81586957 0.72884202 0.989059091 0.125417233 0.79212296
    0.730335891 0.934900045 0.0529256761 0.363331914 0.25301078
    0.225971311 0.868237972 0.422855377 0.135894209 0.0349399447
    0.364019752 0.871427894 0.059663564 0.947914004 0.0402379632
    0.00806626678 0.0385519564 0.947594881 0.611982822 0.512815177
    0.933939219 0.392043233 0.764240146 0.381478876 0.909773469
    0.55190587 0.610690475 0.0414214432 0.880329251 0.954021454
    0.468265653 0.529251754 0.947702885 0.473472923 0.675729096
    0.062935859 0.120037824 0.567450047 0.973569632 0.496951759
    0.52676475 0.777434766 0.998498738 0.586348534 0.899994075
    0.831697762 0.8880229 0.01362288 0.314151943 0.313677222 0.797614813
    0.103996426 0.567984581 0.298321605 0.907872438 0.264288545
    0.569519341 0.793106675 0.546509504 0.849815369 0.202056646
    0.0419886112 0.449997872 0.995230019 0.91464299 0.789221525
    0.222400069 0.892397285 0.995154381 0.83278656 0.590549111
    0.665668607 0.766555548 0.558900774 0.182228595 0.858572423
    0.996043921 0.934034288 0.0920518041 0.344631732 0.330551624
    0.97188735 0.322911143 0.4244017 0.949505627 0.885178685 0.789617538
    0.821638703 0.979150534 0.190142423 0.634053349 0.196783483
    0.742221951 0.497909695 0.140546322 0.824073136 0.465071797
    0.859195113 0.938837767 0.166350305 0.600905001 0.801131845
    0.440696239 0.826566637 0.184085816 0.72446233 0.311609983
    0.910141647 0.57463181 0.878106475 0.664219737 0.992677808
    0.140650153 0.268315852 0.0873971879 0.826242983 0.739527822
    0.369847238 0.675566375 0.54531306 0.471168131 0.0474393368
    0.416692674 0.326676637 0.53839767 0.600975752 0.672659755
    0.281648934 0.850715756 0.754367292 0.695087135 0.351994812
    0.358172536 0.737356663 0.594216883 0.129089504 0.777165532
    0.849458992 0.420929849 0.694161713 0.44474414 0.346514463
    0.771965325 0.610941529 0.77259016 0.0593184829 0.161421061
    0.458599567 0.905553102 0.255882919 0.966471136 0.422185898
    0.315872908 0.32286337 0.0892747939 0.441583216 0.868234992
    0.12788716 0.175147027 0.770465493 0.747684777 0.0863289535
    0.562809885 0.626395345 0.0924195647 0.496405035 0.880475402
    0.432423353 0.537271261 0.767697513 0.452691466 0.761414289
    0.938411832 0.10706231 0.42805168 0.900879323 0.714811444
    0.802331328 0.597090304 0.156264454 0.958592117 0.94926405
    0.831985116 0.520215094 0.575705767 0.330125153 0.0380085111
    0.115298212 0.799080849 0.340490341 0.539577186 0.927295387
    0.583347678 0.395845145 0.212531477 0.628604293 0.69197011
    0.369616061 0.474616498 0.481664628 0.25372529 0.139855474
    0.297296047 0.686852992 0.12303105 0.58036077 0.576641858
    0.0527223647 0.830395162 0.847580671 0.666298151 0.555905938
    0.474306911 0.0853078961 0.669887185 0.0375769138 0.961170435
    0.540086329 0.874296248 0.0592992604 0.589810193 0.35617125
    0.536375999 0.579653502 0.385472745 0.810372829 0.533666611
    0.0994025767 0.265470833 0.367821574 0.330807269 0.304517746
    0.507358015 0.581724405 0.0534294844 0.7827003 0.266371906
    0.834441781 0.533957541 0.0453081429 0.207262337 0.791015863
    0.16246146 0.961409509 0.627686381 0.934290648 0.626582146
    0.809340537 0.830844104 0.784153819 0.330935597 0.410061598
    0.332447767 0.301432669 0.115845859 0.926490068 0.26761058
    0.364501983 0.678142071 0.596360445 0.172255248 0.877791226
    0.0258085728 0.00864422321 0.593003213 0.174648166 0.0754324496
    0.268672109 0.258526027 0.0829305947 0.377178729 0.55055666
    0.335153729 0.783967853 0.781010509 0.56303966 0.366281867
    0.304178715 0.0725267529 0.32174018 0.743720949 0.064342469
    0.626211047 0.622151136 0.434271187 0.714956164 0.35501796
    0.352894306 0.601991892 0.906502962 0.46392557 0.888637841
    0.0453419685 0.128921479 0.187950373 0.433758438 0.119433194
    0.132085711 0.349829137 0.604589283 0.332234859 0.528987229
    0.519656837 0.853716016 0.155531526 0.867426395 0.210930914
    0.241264611 0.48734045 0.722479045 0.554439127 0.339973152
    0.803101897 0.207368851 0.996603847 0.24036625 0.587429821
    0.152882636 0.00888240337 0.416883409 0.504715681 0.23673135
    0.142905086 0.710354924 0.869994521 0.115086943 0.725803614
    0.311233729 0.661495447 0.709876895 0.370407969 0.201176435
    0.584900856 0.936676502 0.986551762 0.236662298 0.152804971
    0.856433749 0.895982742 0.771919847 0.404881418 0.38752836
    0.431971371 0.348994553 0.627829432 0.167045385 0.440464169
    0.0715658069 0.201904893 0.520333648 0.783426762 0.892525792
    0.775185406 0.0559415519 0.73717922 0.272002429 0.639342606
    0.765802085 0.0172435939 0.96197325 0.120653033 0.852325797
    0.839020252 0.179803044 0.668421268 0.838839769 0.673582315
    0.213853329 0.944420516 0.782800317 0.859119415 0.335063517
    0.726746559 0.209818751 0.287379265 0.868121445 0.779424071
    0.901665926 0.33488819 0.863291442 0.434281111 0.539750099
    0.078658253 0.669040143 0.620450258 0.731643915 0.458740711
    0.758120775 0.227708906 0.870468318 0.0709123611 0.336287141
    0.470721573 0.877849519 0.684872985 0.464346468 0.255315691
    0.147402823 0.178816468 0.338187903 0.906369448 0.8159163
    0.471423268 0.21252054 0.965557992 0.616477489 0.473284364
    0.268203288 0.01795578 0.775401771 0.376608789 0.652986348
    0.575853288 0.674843311 0.959055603 0.0423388481 0.564428031
    0.959706426 0.593790531 0.711575449 0.754376888 0.396948397
    0.603531659 0.357261002 0.205779076 0.443271101 0.536176145
    0.867955446 0.745019495 0.58002764 0.437437862 0.914607525
    0.283420384 0.0273979008 0.816024065 0.348746061 0.0662552118
    0.827999234 0.334781587 0.130066812 0.50354898 0.825520873
    0.891433597 0.788110614 0.183781028 0.134549439 0.583456874
    0.724596262 0.856602073 0.867244184 0.294164538 0.146461129
    0.245730698 0.637952626 0.383206785 0.367415547 0.942312896
    0.195481777 0.747704446 0.299629629 0.408403158 0.6985811
    0.800652862 0.695732772 0.244564027 0.583269417 0.780550003
    0.431012422 0.106665701 0.523319066 0.452732563 0.0953108072
    0.17597574 0.830665827 0.401150703 0.781751454 0.13485986
    0.812449694 0.199474037 0.377425969 0.757249773 0.198310465
    0.370439947 0.213390917 0.759410024 0.379707813 0.242689103
    0.0389580131 0.0142274201 0.128999859 0.998567462 0.775179744
    0.756763458 0.802398443 0.292221189 0.626839876 0.679174423
    0.736168444 0.0525793135 0.672606468 0.605670571 0.296850473
    0.378281265 0.921040535 0.164812893 0.316727102 0.831161618
    0.0585217774 0.12191391 0.144798309 0.275554717 0.825006247
    0.0300946832 0.254179031 0.808748245 0.657779574 0.0391501784
    0.543076932 0.554699838 0.828068018 0.99947542 0.252481818
    0.835971951 0.520371914 0.395638287 0.263722539 0.180767596
    0.189221829 0.239087403 0.22663337 0.188131303 0.860173106
    0.861768126 0.174748212 0.789580107 0.823842645 0.123525679
    0.281316966 0.859060705 0.927592039 0.977471411 0.0450038314
    0.823301375 0.351702243 0.657282293 0.796761453 0.630313039
    0.89983809 0.317429245 0.999322414 0.791297197 0.502173543
    0.370466769 0.655738354 0.463573575 0.200356394 0.974038839
    0.686955094 0.808795214 0.306619734 0.0352193415 0.11795637
    0.321893573 0.968872428 0.7178545 0.909843326 0.676103473
    0.0858927369 0.516914725 0.204153866 0.125866205 0.419557989
    0.723571658 0.820536554 0.0620060563 0.715839803 0.799550653
    0.0297138393 0.915968537 0.550430298 0.0885166526 0.885494709
    0.96821177 0.570016503 0.899482131 0.256601453 0.56857723
    0.564848483 0.955644608 0.24827984 0.897637188 0.374516129
    0.186139643 0.649698079 0.247833639 0.121695042 0.396154463
    0.317822397 0.289957285 0.652724802 0.333009362 0.864414811
    0.893178225 0.374600321 0.589384019 0.195567667 0.8704409
    0.990046024 0.438200772 0.0171663463 0.0820350051 0.420930475
    0.398415685 0.934360623 0.209608883 0.185759991 0.158640981
    0.879225135 0.889543414 0.127283633 0.193524301 0.755003452
    0.923958659 0.350101173 0.98730582 0.15189898 0.685364246
    0.734493852 0.385745555 0.0674253702 0.81562686 0.833927155
    0.221697122 0.442519277 0.599686623 0.566516042 0.894168317
    0.236851573 0.516489506 0.722061813 0.619151771 0.315195739
    0.929421544 0.0748497844 0.900299907 0.374146581 0.369038761
    0.837771595 0.815744042 0.376983464 0.560883403 0.160320699
    0.726662934 0.528801143 0.240826219 0.144247562 0.702675462
    0.172907203 0.102309853 0.975670338 0.333164692 0.131958902
    0.290994585 0.360019147 0.2411322 0.880309463 0.214045137
    0.360291958 0.306368291 0.0498011708 0.57204926 0.65975678
    0.117958635 0.123859614 0.623270869 0.184152871 0.476586193
    0.138718635 0.368515402 0.90707618 0.668462038 0.299562156
    0.771529317 0.574674606 0.7030828 0.603510797 0.175419062
    0.938025773 0.561855793 0.497188061 0.697509408 0.248278499
    0.591682553 0.373200834 0.413285285 0.418467462 0.0654239655
    0.039013505 0.967541933 0.341581345 0.259917229 0.590659916
    0.408447236 0.932588935 0.558732867 0.084310174 0.306210935
    0.981263697 0.728364229 0.318420947 0.421899199 0.221032053
    0.811846495 0.701808035 0.668146968 0.833360732 0.96421957
    0.157485515 0.295030743 0.322456986 0.686424971 0.215295672
    0.928475916 0.423694491 0.0692056715 0.62305522 0.869755983
    0.994892955 0.811442435 0.244335711 0.426348925 0.0616460443
    0.858823538 0.192920685 0.665402174 0.314224482 0.614073396
    0.362921953 0.98485899 0.306235135 0.835731685 0.0858738422
    0.787258387 0.087579757 0.863945127 0.772981167 0.193551779
    0.224208862 0.803294182 0.41448921 0.264806509 0.478744298
    0.0702465177 0.809934616 0.293856084 0.311228096 0.570078373
    0.578508675 0.788697124 0.250630379 0.826942027 0.474414647
    0.168661207 0.736521959 0.982116818 0.931824684 0.359111607
    0.344816715 0.729376495 0.958752275 0.910413146 0.950613678
    0.785031736 0.904481709 0.595943093 0.416166127 0.274036705
    0.112489492 0.83764863 0.546606898 0.933765054 0.226596296
    0.669118643 0.103914589 0.391580582 0.0173173547 0.0411804318
    0.0852973461 0.151252836 0.467338622 0.115483671 0.303815514
    0.291392297 0.85384059 0.0322111249 0.573725164 0.551533043
    0.636886418 0.246229559 0.292544603 0.258281171 0.673669696
    0.341602981 0.52043283 0.44970119 0.672355771 0.352967113
    0.147874296 0.434448957 0.948165059 0.890496492 0.127003163
    0.633702695 0.992351294 0.395270586 0.487299472 0.82510376
    0.17174831 0.522198319 0.677198708 0.147744149 0.952672124
    0.297615826 0.267371595 0.0424577296 0.316500366 0.493448853
    0.818631709 0.968856096 0.929826617 0.680338264 0.158225566
    0.192825526 0.565564096 0.514185309 0.433537245 0.0589519143
    0.909344077 0.731225073 0.606809258 0.0182518363 0.139985293
    0.444085926 0.689175487 0.857768059 0.876923919 0.121138901
    0.940704703 0.024910897 0.409403741 0.0985476375 0.504011154
    0.752143145 0.188209683 0.212561816 0.975663185 0.792054534
    0.914663553 0.136375457 0.461036414 0.686818361 0.0276477337
    0.830774307 0.865398765 0.626671255 0.638078511 0.116923362
    0.513413906 0.13295266 0.841948271 0.284817755 0.473987222 0.2797212
    0.920404077 0.0492212772 0.430754036 0.727127373 0.704314411
    0.131222546 0.0735992193 0.823649645 0.256380141 0.016002804
    0.773905158 0.924501896 0.883335471 0.319932401 0.704974294
    0.703068674 0.74198842 0.545505404 0.768784165 0.392729163
    0.345532805 0.24577716 0.810119867 0.257225752 0.0174678862
    0.569679201 0.358402371 0.0180298984 0.33635354 0.766180336
    0.56896764 0.324430525 0.396761745 0.782038689 0.915644526
    0.661434412 0.54253 0.798520207 0.297947884 0.861604214 0.532859385
    0.985771894 0.364728987 0.711847603 0.189379364 0.293805927
    0.440066457 0.534875631 0.162115067 0.696199536 0.949624538
    0.996850729 0.810455799 0.582667172 0.43854636 0.691963196
    0.552650273 0.704276562 0.613080084 0.950159192 0.294852674
    0.645170629 0.350607753 0.324215055 0.45645529 0.382575482
    0.71503377 0.384393573 0.717958927 0.274106443 0.530251861
    0.653590024 0.133494526 0.410204411 0.553898692 0.518402159
    0.608967304 0.355684191 0.0982223451 0.329512298 0.608538508
    0.993236244 0.468949199 0.766584635 0.0190009773 0.408120036
    0.938132226 0.163396955 0.0204167366 0.0614930391 0.317477912
    0.536848545 0.343659759 0.46337527 0.2983706 0.2751441 0.252263129
    0.64067173 0.879824996 0.643025756 0.0947525799 0.172597706
    0.06693995 0.507765591 0.656464338 0.70242238 0.796507359
    0.892520905 0.0892507434 0.660759211 0.109024763 0.338335097
    0.782344162 0.653409839 0.836521626 0.933155179 0.313874424
    0.993915379 0.363910079 0.5400002 0.744201899 0.715272427
    0.384276658 0.889635265 0.236859202 0.599205673 0.439940631
    0.0158123076 0.0593412519 0.709829688 0.982176483 0.244372189
    0.762758434 0.144885689 0.8872087 0.733332217 0.0352357328
    0.199153364 0.0554561913 0.569293678 0.0377331376 0.412948221
    0.704710484 0.160222143 0.117544383 0.817223668 0.314427346
    0.332050025 0.789341331 0.156392276 0.0423549116 0.393810958
    0.941111565 0.561955929 0.139405906 0.518924356 0.74601233
    0.0873548388 0.639357984 0.835560083 0.159867108 0.779794693
    0.370968521 0.96206522 0.308152914 0.232872874 0.399563283
    0.440844387 0.888917089 0.871197283 0.0116818845 0.0757346749
    0.681134522 0.203868538 0.758545399 0.556943893 0.780600548
    0.704934835 0.0489273071 0.731956542 0.291080356 0.335574031
    0.551054478 0.897142172 0.736844003 0.343416452 0.689576566
    0.440390348 0.889907718 0.245655775 0.118775278 0.128993005
    0.716894388 0.888585865 0.984775543 0.08018291 0.924468279
    0.261263609 0.757382333 0.153454721 0.352374911 0.566881359
    0.254798472 0.380190164 0.010686934 0.513596714 0.581771612
    0.552281797 0.148454666 0.831164122 0.174290389 0.995002747
    0.195770174 0.258050919 0.233255535 0.247406423 0.707108438
    0.187782377 0.423334897 0.762828946 0.20482111 0.17879501
    0.0420965552 0.899264336 0.479978919 0.53980267 0.385414183
    0.773730278 0.17782405 0.381423891 0.502910972 0.520672441
    0.947137713 0.0685405433 0.136444598 0.65098536 0.907130122
    0.240858942 0.144086063 0.180444896 0.146245152 0.545183599
    0.307964563 0.215893567 0.164425135 0.506383598 0.905386627
    0.343198299 0.894723356 0.748692095 0.0349157155 0.276558876
    0.115976989 0.331134975 0.969780207 0.933483124 0.461457819
    0.664840221 0.733720779 0.657554626 0.352502823 0.354071856
    0.0107193291 0.212982386 0.6296404 0.502031505 0.109169781
    0.910124719 0.75501591 0.372303367 0.928787231 0.0286653638
    0.728498697 0.996148348 0.643418789 0.670434475 0.662291169
    0.134931207 0.230497628 0.810292125 0.0919706225 0.261221468
    0.22716248 0.0481335819 0.553263724 0.494160384 0.861455917
    0.77549386 0.804135859 0.473662287 0.843040824 0.971309304
    0.54959023 0.00477999449 0.985419869 0.0414657891 0.523706853
    0.882790029 0.822344899 0.0934952199 0.878130913 0.924997687
    0.137218803 0.501280904 0.149312735 0.392313331 0.75273335
    0.445652872 0.630221069 0.349478334 0.323418796 0.825087368
    0.0399245918 0.591709912 0.426823974 0.569154382 0.533069372
    0.714317441 0.663768411 0.273876458 0.788441181 0.773120463
    0.655348122 0.424265951 0.352232903 0.181869239 0.543658435
    0.263909966 0.615961254 0.980773032 0.591903329 0.88120079
    0.393611073 0.379014581 0.905093372 0.186953098 0.504397631
    0.643586218 0.383482337 0.173771769 0.0289362073 0.902001739
    0.554276645 0.211814404 0.486835808 0.376089603 0.579818368
    0.863114357 0.731272638 0.239587367 0.661389887 0.315705359
    0.506313086 0.343383253 0.552064061 0.962769985 0.584168613
    0.726398528 0.564183831 0.639746368 0.389080942 0.0329559147
    0.554751277 0.229128003 0.109872878 0.242252409 0.669227004
    0.085231781 0.457386702 0.89759469 0.366724879 0.105263054
    0.849861741 0.652430534 0.240932167 0.98828423 0.235953987
    0.105598748 0.961007357 0.347903728 0.600560009 0.231983781
    0.313920498 0.951539516 0.039891094 0.771653414 0.809463024
    0.552790523 0.557173789 0.141860366 0.307413638 0.453676373
    0.950173855 0.750273407 0.261754513 0.591086566 0.129970223
    0.0822820961 0.19002077 0.615256071 0.704742789 0.863794446
    0.207442462 0.664559245 0.760776281 0.54004693 0.406096458
    0.983588755 0.00406524539 0.343507946 0.446955621 0.22331059
    0.913393617 0.17267552 0.0774551332 0.224474967 0.123084664
    0.0969177186 0.949748397 0.123872429 0.118513554 0.32258144
    0.272828013 0.329161644 0.360103011 0.537867486 0.736980915
    0.107022375 0.216930002 0.449189991 0.279244095 0.641581655
    0.450393856 0.419127256 0.296356797 0.80293107 0.832068205
    0.238811791 0.0148296058 0.0574713945 0.607622862 0.418958724
    0.46824947 0.0891396999 0.809869945 0.475085139 0.430087715
    0.376157701 0.201483101 0.972269297 0.242715001 0.502764285
    0.697899401 0.970921576 0.280958146 0.0073826015 0.908574224
    0.82678616 0.143594205 0.908127666 0.962364197 0.905068338
    0.0304287672 0.856159687 0.294352829 0.89517355 0.131509036
    0.705059171 0.926122844 0.314501554 0.343108594 0.645307243
    0.969218254 0.17657125 0.773206592 0.699769497 0.445311248
    0.854956627 0.607397079 0.0803139508 0.676441491 0.934439421
    0.209996015 0.592739046 0.347418129 0.61077255 0.341590464
    0.0996717513 0.26457414 0.611619055 0.625185728 0.513773322
    0.682433724 0.0664303005 0.279190421 0.998645186 0.0755857825
    0.0597709715 0.631530762 0.904034972 0.252189338 0.261327982
    0.489210337 0.87681067 0.556568801 0.17347765 0.0273499191
    0.386077255 0.575877547 0.856791854 0.00572511554 0.857427061
    0.453511536 0.884747028 0.668953836 0.932706475 0.635437667
    0.14985913 0.589677393 0.17713955 0.405353129 0.719855368 0.24945572
    0.813437104 0.859920442 0.775163114 0.874308109 0.438178718
    0.502407491 0.725452125 0.497102797 0.231952667 0.721541584
    0.125955701 0.365020245 0.344158679 0.26712814 0.048602581
    0.447736263 0.729397118 0.154500335 0.571962595 0.0182132125
    0.627893031 0.468745977 0.265741974 0.172487527 0.565922022
    0.422182798 0.504233658 0.589967251 0.709906697 0.343119979
    0.439746827 0.799729586 0.679081678 0.776566625 0.928613544
    0.65955615 0.658008575 0.585764468 0.38093549 0.235384613
    0.268867314 0.140873104 0.973059177 0.77672708 0.863116384 0.5527668
    0.0913729966 0.520097077 0.296192706 0.667662621 0.00973287225
    0.927431881 0.357466131 0.713595152 0.59187603 0.0959046781
    0.717330098 0.271425664 0.610741675 0.282407582 0.854443669
    0.657278776 0.191728622 0.798603535 0.139127433 0.758310437
    0.00875627995 0.435930103 0.583353877 0.553819895 0.86868608
    0.930747807 0.0117866695 0.575761974 0.296958029 0.608017325
    0.210678577 0.239279449 0.302518636 0.265515566 0.878174186
    0.795787752 0.787423849 0.433548629 0.646747351 0.532691002
    0.0497941077 0.118554652 0.217300773 0.111691982 0.466125727
    0.410914749 0.042419672 0.815503359 0.103963912 0.0935310721
    0.783448696 0.478815734 0.38763243 0.823273301 0.700626016
    0.0610824227 0.924984336 0.946640849 0.730442286 0.0259813666
    0.430291951 0.936447144 0.14489904 0.0945231915 0.509298265
    0.597312212 0.16030401 0.553729236 0.761113226 0.567405999
    0.889710069 0.826900363 0.715441942 0.689287782 0.853596568
    0.877411008 0.881994963 0.240227491 0.688536882 0.611167312
    0.771381855 0.788685322 0.932029605 0.0397281647 0.470317423
    0.948396087 0.611177027 0.928739369 0.948992729 0.430013984
    0.155362427 0.787283182 0.101403505 0.0959816873 0.0551426709
    0.823526323 0.156454891 0.610484242 0.614991307 0.162368894
    0.591310263 0.961921513 0.394166887 0.889075637 0.362291455
    0.387025744 0.553977966 0.44980821 0.308548987 0.678120077
    0.875044942 0.508543432 0.230664194 0.709656239 0.500735521
    0.786531925 0.404666424 0.56112659 0.0823165476 0.237930626
    0.395138294 0.316965699 0.611535847 0.0201257467 0.929542899
    0.489802957 0.457629561 0.97264868 0.254451931 0.956801951
    0.052297473 0.692799747 0.948401153 0.205786973 0.915016294
    0.983564138 0.0590327382 0.892888665 0.883434951 0.871068835
    0.2339634 0.671651542 0.115714192 0.750086546 0.727138877
    0.527854323 0.0686864853 0.870154619 0.0146988332 0.84835875
    0.354129732 0.127293229 0.839548469 0.352917701 0.0757697225
    0.664322495 0.051977843 0.868472993 0.592130899 0.522406518
    0.271825701 0.615459859 0.800359488 0.656548023 0.379930228
    0.0485870242 0.416750908 0.540669441 0.118653506 0.953138947
    0.0236372948 0.266101539 0.962906599 0.217802852 0.994300604
    0.0604585707 0.681334496 0.872098088 0.316477478 0.762748659
    0.971654356 0.186650217 0.970631123 0.68804431 0.714328587
    0.690884173 0.091596514 0.41558513 0.285838276 0.641611099
    0.86048305 0.722201169 0.247483283 0.770011425 0.230087519
    0.17317906 0.728689373 0.524061382 0.544467986 0.900168538
    0.956116199 0.500803053 0.773934543 0.801654875 0.221600711
    0.00103986263 0.885705531 0.512738883 0.32758522 0.574545741
    0.740669727 0.465161771 0.387935489 0.149823964 0.474719793
    0.549631536 0.266219735 0.654649138 0.603055954 0.804365814
    0.564402223 0.152595997 0.587380588 0.330081761 0.157643557
    0.720139503 0.797030926 0.44442606 0.980567515 0.715257823
    0.0451231003 0.361012012 0.0907574594 0.772573292 0.42011258
    0.887606561 0.97201395 0.293523848 0.710658491 0.0957562923
    0.205969155 0.801254749 0.318335921 0.952323079 0.095351249
    0.204829276 0.635107517 0.172096074 0.110261887 0.302558243
    0.308508039 0.522233725 0.554056168 0.73879391 0.373566091
    0.668530464 0.667980254 0.798429966 0.573959708 0.260703951
    0.105363578 0.909535527 0.783893824 0.353046 0.536580443 0.94983387
    0.981139421 0.394963026 0.894031644 0.642077804 0.44474861
    0.138257593 0.445003748 0.160026401 0.700710654 0.230287641
    0.165770054 0.356331468 0.808457255 0.730735958 0.0246830583
    0.824655175 0.697732925 0.786298931 0.106236577 0.630236745
    0.598695457 0.869989038 0.800521493 0.595514238 0.438903898
    0.112889111 0.762858748 0.828726411 0.82383132 0.173769355
    0.459567517 0.958941102 0.333852708 0.611533523 0.987567008
    0.138498843 0.0623041093 0.7777946 0.675733864 0.74248004
    0.399362326 0.770814419 0.752752662 0.490275025 0.558451772
    0.521736503 0.456164211 0.457832217 0.192593366 0.00879201293
    0.174439937 0.591144025 0.525843263 0.227772832 0.232501626
    0.445860654 0.641384602 0.904808521 0.651384115 0.97870338
    0.855980992 0.772423506 0.986773849 0.900424361 0.4985511
    0.497118056 0.914269507 0.781857371 0.71731329 0.507017314
    0.15522179 0.578139186 0.57673794 0.101596475 0.817053914
    0.0527748764 0.689362407 0.118227035 0.361329287 0.34457922
    0.697300911 0.618065059 0.0186750293 0.601737618 0.995455503
    0.147054404 0.219552994 0.291326284 0.67209655 0.638603389
    0.660485685 0.838129282 0.915201545 0.151656598 0.790414095
    0.98931241 0.384431988 0.475151837 0.450883865 0.848446965
    0.963249803 0.000705480576 0.571317971 0.386763632 0.882217467
    0.560305119 0.417155892 0.873358548 0.286320925 0.579539359
    0.0669890344 0.169134885 0.66242063 0.508032322 0.265468001
    0.942943215 0.490191519 0.910894275 0.345225871 0.890177727
    0.322684288 0.295111656 0.11986649 0.598545551 0.041592747
    0.547793984 0.520884216 0.700823486 0.903410077 0.374363303
    0.907309771 0.643651128 0.992709994 0.675304353 0.375722468
    0.186216444 0.327141106 0.200558811 0.527841926 0.24058789
    0.882212877 0.198888302 0.989479542 0.786305964 0.908026457
    0.673866034 0.369115531 0.49651739 0.337727547 0.0494728386
    0.975334167 0.485087156 0.25005883 0.825214446 0.679541588
    0.808394551 0.934473574 0.87914896 0.564124882 0.786096215
    0.934085846 0.339970589 0.58680737 0.689166665 0.839164138
    0.163264453 0.226060748 0.222280592 0.263062537 0.315155566
    0.727315605 0.742682755 0.6131019 0.18752864 0.732076049 0.569278002
    0.573089123 0.458454341 0.135718018 0.755504608 0.124802619
    0.326466858 0.175065428 0.689005017 0.176817179 0.11890161
    0.436337888 0.34576118 0.0470587313 0.638198853 0.0782848299
    0.731374145 0.816003501 0.186402768 0.463717669 0.754866242
    0.778049946 0.357540011 0.656121433 0.932626128 0.759983301
    0.935403466 0.262371063 0.662601769 0.160117775 0.0977917016
    0.253217578 0.730406761 0.843566179 0.362845659 0.667389512
    0.36671567 0.567831933 0.621134758 0.0966457725 0.703439593
    0.693622589 0.284529328 0.686532974 0.0520305037 0.225707233
    0.4475618 0.463562667 0.445180684 0.0661954582 0.970747948
    0.905918002 0.256346256 0.726032972 0.652745128 0.763878167
    0.320999265 0.65145278 0.590257585 0.638304651 0.554084003
    0.482201248 0.2457515 0.983314633 0.47940141 0.730208039 0.121980727
    0.362646729 0.765774429 0.919452429 0.5967834 0.863336444
    0.900536537 0.187029928 0.359952211 0.536184251 0.948631108
    0.192742527 0.330138981 0.474388123 0.260430455 0.602878392
    0.870795727 0.767055154 0.430915236 0.827924073 0.887170196
    0.745038211 0.410524607 0.705428302 0.489774197 0.86108613
    0.05465734 0.0792985857 0.310304999 0.372800052 0.455947906
    0.844496489 0.478090346 0.943647265 0.855802536 0.797493935
    0.669197857 0.116196692 0.807748139 0.866060972 0.190685064
    0.539639294 0.997713089 0.523281157 0.932889938 0.958712101
    0.586077809 0.878265917 0.836906791 0.32657513 0.487276524
    0.735408068 0.0185252726 0.456635684 0.61532259 0.413560748
    0.717345893 0.651691437 0.62915206 0.728601336 0.0443829894
    0.346275628 0.353763461 0.411393285 0.797644615 0.245502263
    0.898756742 0.709271729 0.694874346 0.996477842 0.971378803
    0.674977243 0.862376451 0.506354928 0.121487588 0.221155822
    0.764428437 0.7309618 0.0643525124 0.244426697 0.973691702
    0.192507565 0.17453292 0.607748628 0.343015254 0.512739897
    0.462851971 0.827177405 0.142449409 0.948610187 0.388116121
    0.712269187 0.189541012 0.860784233 0.674645245 0.928580165
    0.204100281 0.443675995 0.122074872 0.144549489 0.224152625
    0.353805423 0.8800776 0.597568929 0.922825933 0.25641191 0.387115031
    0.848068774 0.874845386 0.360143811 0.735658169 0.997094512
    0.762190342 0.192807645 0.142294377 0.0397209525 0.0477924645
    0.447404772 0.977755785 0.658385754 0.707603395 0.0593451858
    0.660030127 0.345128059 0.0546158552 0.81994617 0.580618978
    0.729091048 0.527694166 0.21294868 0.20119983 0.041786015 0.65819025
    0.0789797008 0.449918985 0.445723683 0.341866016 0.769461393
    0.426991284 0.951695561 0.44257611 0.337680519 0.272785425
    0.611751914 0.938294172 0.256304979 0.531916261 0.852258086
    0.0521074533 0.438769221 0.727505207 0.247681081 0.846579194
    0.749069154 0.0330817997 0.998944044 0.11090818 0.096994549
    0.616885185 0.035676837 0.757994294 0.276583701 0.612852097
    0.990844905 0.532274663 0.382265031 0.86554575 0.0271852016
    0.588884056 0.738240957 0.257608354 0.293760717 0.94079268
    0.714461744 0.753030121 0.005127877 0.0874894857 0.10844633
    0.203527212 0.989865363 0.388339877 0.747846186 0.413055956
    0.486389369 0.1634579 0.818997383 0.828460217 0.108112961
    0.613241673 0.872042537 0.846011758 0.855756521 0.520830631
    0.706759036 0.598270774 0.572438538 0.634097576 0.322005957
    0.358829975 0.607352495 0.511827886 0.572510242 0.755496621
    0.00857988 0.313861251 0.647182941 0.0940818787 0.791103363
    0.143122464 0.535795748 0.211255968 0.082613498 0.950453341
    0.350903749 0.832838595 0.121604472 0.971295774 0.0636257827
    0.767247975 0.373702109 0.458110482 0.662736654 0.831382036
    0.945701897 0.333293378 0.470040411 0.428425521 0.229877561
    0.472415119 0.156930506 0.3366611 0.422036707 0.0400855243
    0.856740236 0.423651218 0.874375582 0.20243302 0.74839282
    0.595300138 0.685148239 0.907974958 0.277012616 0.857405961
    0.762265563 0.598053455 0.469556004 0.186960548 0.00238752365
    0.92785418 0.632196307 0.0499761105 0.428224862 0.199849814
    0.789419055 0.936689734 0.276981473 0.0271317065 0.277878523
    0.540628433 0.207142949 0.530568779 0.0167501867 0.728178501
    0.574831545 0.179625958 0.263738781 0.263288885 0.300770938
    0.351094306 0.734005928 0.956701338 0.137522936 0.815233231
    0.41387406 0.324908286 0.531630456 0.925516307 0.699218035
    0.567493558 0.985343635 0.206554174 0.755899668 0.473294646
    0.175157756 0.282634139 0.606806159 0.530765295 0.299635112
    0.00663754344 0.0469731092 0.653090298 0.258954167 0.245777488
    0.0563719273 0.873096824 0.824855089 0.0164580643 0.379814774
    0.424052835 0.774154782 0.776989341 0.973326385 0.772708058
    0.476180345 0.19319874 0.737578452 0.13504377 0.178696543
    0.417556345 0.188685298 0.592037022 0.065076232 0.317896426
    0.673298419 0.218824804 0.538549602 0.0371284783 0.554555893
    0.794739008 0.0189791024 0.595349908 0.939281702 0.556139946
    0.502342343 0.0838106275 0.073638767 0.0945191383 0.179766983
    0.932145953 0.537891567 0.506471753 0.0183752179 0.190622151
    0.157266855 0.6293329 0.724211156 0.365661323 0.647838056 0.29594782
    0.841645956 0.346222758 0.680971384 0.194664389 0.386197031
    0.63341552 0.341531187 0.817924619 0.905780911 0.039352119
    0.579680741 0.178765178 0.148211598 0.764185965 0.767953277
    0.752635956 0.188445091 0.18941918 0.763079643 0.342575431
    0.375677794 0.948527157 0.668945372 0.257941246 0.523590863
    0.981568575 0.373990655 0.713922679 0.530967772 0.670995355
    0.940604091 0.567311347 0.501014352 0.184788108 0.119113922
    0.775682569 0.490796417 0.566362202 0.267919481 0.562463343
    0.531377137 0.772202253 0.808634758 0.175169766 0.166441381
    0.593091965 0.0700235069 0.780051589 0.58171314 0.70088768
    0.0549011827 0.450573206 0.771757245 0.750210404 0.794918597
    0.513681173 0.808822274 0.339268118 0.649451256 0.0951106846
    0.366174102 0.846862555 0.403945565 0.662546039 0.238332242
    0.532038331 0.777718544 0.607258558 0.815739393 0.10546267
    0.817806244 0.175660789 0.00360840559 0.761500359 0.165630519
    0.563345969 0.635417461 0.0978662074 0.161101639 0.611249089
    0.88441968 0.581764162 0.327319264 0.797838926 0.478630781
    0.50666815 0.397984684 0.587995112 0.223826587 0.383989513
    0.394450545 0.258055538 0.82728374 0.154971272 0.538145065
    0.0267291963 0.970939994 0.655522704 0.758856773 0.664960682
    0.67200923 0.648649156 0.274611115 0.872388184 0.0483952761
    0.347784072 0.769745946 0.00830346346 0.330857933 0.329259694
    0.272970855 0.873688698 0.26434496 0.502798438 0.990196228
    0.168005258 0.161667049 0.550821543 0.150195062 0.404892772
    0.649881423 0.516797364 0.971951365 0.977008581 0.0121663511
    0.469244361 0.985299468 0.82170403 0.455104738 0.843655348
    0.0889508724 0.760038972 0.959027648 0.543315709 0.198130041
    0.359923899 0.421117485 0.953765392 0.770942152 0.93475306
    0.862516999 0.22043708 0.0696401894 0.89011538 0.848002136
    0.357228935 0.260989487 0.410179913 0.30490011 0.818103194
    0.302397132 0.991235495 0.547641218 0.742063761 0.245663017
    0.211493671 0.642880321 0.351776183 0.696183205 0.534715056
    0.544393778 0.129512757 0.670223713 0.603172362 0.820601463
    0.953125775 0.925736547 0.00696358085 0.901197553 0.420135498
    0.157215267 0.127174318 0.496996343 0.065261513 0.389627993
    0.721034527 0.176621974 0.0916151702 0.872160375 0.432576239
    0.847925782 0.426084399 0.93020314 0.300182521 0.0958284438
    0.353373975 0.0740833879 0.972155988 0.573546648 0.371332616
    0.164814681 0.0617364943 0.10348314 0.75630641 0.48320806
    0.346328527 0.374621868 0.75065434 0.236483365 0.947721362
    0.614666998 0.0581251979 0.653361857 0.724059224 0.667195141
    0.823621988 0.970907509 0.301880002 0.859496176 0.857231081
    0.823856354 0.0757011175 0.00588473678 0.184753686 0.0993486643
    0.241645038 0.95876044 0.330384791 0.188007534 0.325213581
    0.81711781 0.222961873 0.356663823 0.355791003 0.50109309
    0.341717809 0.485848635 0.154469907 0.963069201 0.540941834
    0.234741569 0.593428314 0.797709823 0.365094662 0.283120096
    0.486001104 0.985289812 0.359883964 0.894100547 0.512969553
    0.502372563 0.882496834 0.709693491 0.762798071 0.524627745
    0.535918772 0.848502278 0.911295235 0.634789109 0.244958699
    0.738962471 0.603501201 0.985758245 0.764648438 0.29549858
    0.968268633 0.695546031 0.147273064 0.448572934 0.0313626826
    0.192261696 0.890254796 0.414414972 0.200746387 0.128797203
    0.0513436496 0.287234694 0.41914162 0.963017166 0.883396745
    0.499506772 0.48711735 0.492343962 0.555451095 0.0144883096
    0.75951463 0.705932677 0.883061886 0.718979478 0.942401648
    0.492071271 0.0817610323 0.887693763 0.590485394 0.453831166
    0.618164062 0.566563189 0.342987448 0.419994652 0.947329879
    0.255332947 0.0221814513 0.111341476 0.779666245 0.490944475
    0.500497818 0.913190842 0.910348415 0.613094568 0.746631265
    0.243401617 0.902477622 0.668576598 0.373544604 0.0346856415
    0.00685635209 0.475332707 0.65399164 0.231856614 0.616014063
    0.177612066 0.743888438 0.997361779 0.186928391 0.779248834
    0.770364642 0.56625104 0.574062943 0.943916082 0.287879586
    0.975406408 0.756934643 0.390569687 0.573831797 0.349516481
    0.736583352 0.824545622 0.471843868 0.537516296 0.0174428821
    0.791505218 0.450433314 0.873342395 0.249931037 0.0358403325
    0.857123375 0.267187238 0.35118863 0.0208229423 0.306713074
    0.293031245 0.67369628 0.683980942 0.34191376 0.544061065
    0.685822904 0.497563869 0.421275973 0.378661752 0.868926346
    0.70576638 0.231870264 0.549454927 0.13494727 0.487891078
    0.965111613 0.0820536315 0.716721177 0.700051725 0.224678069
    0.0181260705 0.686341047 0.781587839 0.194698453 0.0821887851
    0.565313101 0.652205884 0.285637617 0.459026009 0.606586874
    0.0922487378 0.600436687 0.509034634 0.752114475 0.249177605
    0.00714313984 0.639612019 0.198218018 0.828053594 0.464181066
    0.684055626 0.992753863 0.556060612 0.993988752 0.308959305
    0.474142551 0.532058477 0.273575157 0.503476202 0.756811738
    0.0639878511 0.0589173138 0.877536178 0.447206736 0.870606661
    0.126303613 0.264283419 0.731574535 0.932797432 0.210900992
    0.00829866529 0.79683888 0.184255958 0.514293492 0.67943716
    0.884685278 0.762969136 0.749207079 0.486604184 0.281686544
    0.789900482 0.196576416 0.227168947 0.243593454 0.800522208
    0.19893834 0.350672662 0.200193346 0.965798974 0.274386346
    0.61302036 0.949922085 0.386811942 0.146496683 0.636255026
    0.64027369 0.89763844 0.711413443 0.758568764 0.592786849
    0.185348451 0.244554281 0.728063583 0.113205701 0.0752406716
    0.267566502 0.889400244 0.846916735 0.501720011 0.425825953
    0.766700745 0.256434739 0.00985771418 0.683684707 0.523451865
    0.0402037799 0.384366035 0.0327960253 0.714586556 0.872804642
    0.489609957 0.385851741 0.0586678088 0.200457335 0.0215361714
    0.214218825 0.685670495 0.744309008 0.347078025 0.0758973956
    0.603870213 0.504709184 0.277700394 0.458257765 0.098017782
    0.100974202 0.324697644 0.676112533 0.609999299 0.873445749
    0.351989448 0.428379744 0.0160209537 0.122425258 0.215073019
    0.300454974 0.932777524 0.18028748 0.319447935 0.457097471
    0.135759413 0.108178467 0.0277571082 0.0487292409 0.102286369
    0.600388408 0.565737247 0.596176863 0.654609442 0.0147744715
    0.90927285 0.923585534 0.337857604 0.072090745 0.727724075
    0.28391397 0.0193006694 0.5034917 0.436625779 0.408429056
    0.233421862 0.638384521 0.97109741 0.536096752 0.750343919
    0.653089285 0.0392432213 0.475175649 0.458291471 0.400301844
    0.186146468 0.267733872 0.0314335823 0.0900999904 0.701305866
    0.565309823 0.876563609 0.0668523014 0.451372027 0.366799772
    0.363566339 0.389047503 0.250426173 0.964419723 0.780474186
    0.180882066 0.0951989889 0.102613181 0.567644 0.331457466
    0.104721725 0.97651124 0.697780132 0.336178362 0.441805124
    0.0311311781 0.730940461 0.743637741 0.47217536 0.0881153345
    0.139614224 0.773903966 0.395766437 0.494857103 0.146209955
    0.548493624 0.313589722 0.479536206 0.340887487 0.900467634
    0.450396955 0.0314919949 0.373672426 0.618391037 0.432447761
    0.131599039 0.594754696 0.73917985 0.142384082 0.48890236
    0.113395542 0.586938143 0.0189123154 0.255305111 0.190870941
    0.042232424 0.296212137 0.378397763 0.802426696 0.377576649
    0.0766538978 0.296241403 0.713937879 0.929285765 0.780129671
    0.0493375063 0.943382621 0.986474514 0.650624931 0.735397816
    0.984552622 0.831166148 0.913770497 0.915418267 0.642470121
    0.895207882 0.817667603 0.465913057 0.245980173 0.904640198
    0.669471383 0.996766806 0.248779684 0.685871005 0.362878501
    0.551129878 0.0261099935 0.0105501115 0.156432718 0.106756121
    0.148336709 0.418517172 0.704048991 0.615111947 0.495732307
    0.308028251 0.460633188 0.98804152 0.80923897 0.808253229
    0.136275589 0.0408179462 0.541797578 0.628876984 0.952728033
    0.0459161699 0.613307893 0.44794035 0.320671529 0.0405899882
    0.451920658 0.240214854 0.568589747 0.908058882 0.369152725
    0.0158019066 0.601933599 0.455583662 0.559066772 0.459836781
    0.221783817 0.705705345 0.207585812 0.941971302 0.527899384
    0.831096768 0.472080588 0.238767266 0.130796254 0.234621197
    0.672949195 0.119082361 0.810456157 0.368523866 0.0817703307
    0.908402145 0.368215352 0.361465812 0.51218915 0.826175094
    0.555362105 0.693610609 0.459179282 0.718375802 0.605225682
    0.546870053 0.640708089 0.479088366 0.490166098 0.644252956
    0.109116077 0.833497941 0.409417629 0.361958146 0.711269975
    0.797711492 0.954057932 0.892774105 0.459599316 0.815323055
    0.807651162 0.114027143 0.12658295 0.933292627 0.878370941
    0.907131493 0.576224983 0.469050229 0.448966891 0.283431351
    0.559798896 0.928860724 0.265143961 0.579072118 0.709065795
    0.999225378 0.400628358 0.483712465 0.661275506 0.670384943
    0.163478285 0.253692567 0.865227699 0.0417933464 0.119578153
    0.413128495 0.513883173 0.174808681 0.284074783 0.00518465042
    0.960990369 0.345329583 0.527132094 0.954924822 0.34210676
    0.46216768 0.334389806 0.936763883 0.821352124 0.0052318871
    0.0716588497 0.563749969 0.989777625 0.355995744 0.971203983
    0.585594833 0.0924289525 0.758785844 0.888961375 0.0894348621
    0.720359683 0.318392366 0.477579683 0.0469767451 0.0333127975
    0.941442132 0.426177859 0.0811064243 0.500919282 0.903849185
    0.191443115 0.767656803 0.30663988 0.987965405 0.864714861
    0.757049084 0.535354733 0.835340858 0.731341302 0.605657756
    0.540694535 0.209084123 0.677913547 0.706253171 0.175167143
    0.990177035 0.57573837 0.466030747 0.755968988 0.174681693
    0.662670612 0.904066682 0.831206203 0.592324018 0.751966596
    0.0549777746 0.368991107 0.536479235 0.441883057 0.423101515
    0.510654092 0.668626785 0.388123155 0.933366954 0.529986799
    0.283782274 0.897128224 0.568386257 0.346194923 0.84636879
    0.0756212473 0.269347042 0.742333949 0.30720672 0.899285018
    0.234028429 0.441687226 0.927189231 0.563207269 0.406466007
    0.732878804 0.859048188 0.126174062 0.841418624 0.212596893
    0.655721068 0.0191839039 0.139689267 0.653691888 0.548920751
    0.690652788 0.396276176 0.35575676 0.534718692 0.435303599
    0.0310611725 0.184480339 0.48826015 0.819033742 0.335873395
    0.717524648 0.477428764 0.497580022 0.775048137 0.528899312
    0.184641659 0.992064297 0.982155144 0.906432688 0.817476451
    0.107514828 0.522693694 0.520349741 0.70958662 0.00100377202
    0.554570198 0.487728089 0.0216985345 0.271546006 1.29640102e-05
    0.315576762 0.930462956 0.353658378 0.965809703 0.907260001
    0.95423615 0.489935815 0.817003727 0.190238535 0.104553878
    0.281823963 0.483980954 0.00310227275 0.2180821 0.880848765
    0.065849334 0.370823115 0.054392755 0.121375948 0.201811105
    0.447413653 0.654853225 0.00346168876 0.0783323646 0.5215891
    0.697792649 0.497731328 0.0797035098 0.388053745 0.843262374
    0.565724075 0.0833869278 0.914735854 0.913787723 0.223185271
    0.987291336 0.313058078 0.845456362 0.437459826 0.233399451
    0.65658164 0.90062803 0.18529743 0.4727588 0.532725811 0.849107265
    0.404104769 0.745710135 0.585211933 0.141001195 0.202535182
    0.794864774 0.245896161 0.708955288 0.829846799 0.367506176
    0.129320145 0.483040065 0.772215843 0.727829933 0.6796422
    0.553350031 0.395606011 0.458539456 0.818049908 0.0319785178
    0.138171017 0.853429854 0.60819304 0.109023422 0.414088905
    0.981438935 0.183916539 0.312479407 0.649841428 0.920856714
    0.445697665 0.597175717 0.655958652 0.622063816 0.816030025
    0.930166245 0.322668374 0.584085405 0.632180631 0.959905028
    0.13548407 0.875466824 0.259080946 0.422014296 0.742920637
    0.0528883338 0.236355096 0.365968525 0.66319412 0.352408051
    0.275303721 0.753489256 0.488650292 0.402228296 0.931226969
    0.573256314 0.766667366 0.613477826 0.919213235 0.139473319
    0.99876368 0.0563055873 0.839259863 0.963552833 0.54289943
    0.413959146 0.123234421 0.267010093 0.485019356 0.577421606
    0.372033507 0.877168417 0.573289931 0.0586153269 0.54841125
    0.340744555 0.848490238 0.277862221 0.403172612 0.806849718
    0.844613194 0.745346069 0.18366617 0.170957476 0.163354486
    0.584722817 0.27368319 0.88296926 0.160980046 0.863434076
    0.968691468 0.212826073 0.00393483043 0.805469513 0.492909819
    0.228695959 0.104277998 0.519789755 0.115082383 0.0507478118
    0.0626116097 0.512016177 0.589075983 0.587229371 0.73095876
    0.993456721 0.936680913 0.917482436 0.0772579908 0.568674564
    0.849641323 0.15581584 0.756799102 0.418970883 0.244784653
    0.159785092 0.198980421 0.11448586 0.0133157074 0.441666096
    0.451339424 0.351580083 0.85915339 0.0221175551 0.0214226842
    0.509907901 0.0905849338 0.132201612 0.787707686 0.216681659
    0.796949267 0.803318858 0.118287057 0.962785423 0.235319555
    0.11803475 0.237595856 0.727535248 0.604576111 0.0653146803
    0.47937876 0.809350431 0.577875435 0.587361813 0.717303276
    0.933424652 0.0765637159 0.179995835 0.534104109 0.730209172
    0.0928364694 0.65237546 0.478916317 0.943162799 0.385339737
    0.177482277 0.754729867 0.0112706125 0.762408495 0.835742593
    0.206006616 0.777163446 0.165021181 0.615125775 0.572133005
    0.0936070979 0.602664888 0.425977528 0.524017751 0.00742700696
    0.581025958 0.585214913 0.903303564 0.152235508 0.642110348
    0.672794044 0.297325641 0.108567744 0.71709162 0.6485219
    0.0161719322 0.399484664 0.305308998 0.0440211594 0.880137444
    0.466589242 0.0807358325 0.693504095 0.499236554 0.0267877579
    0.0530072153 0.570374846 0.674950302 0.251239896 0.211551964
    0.744711816 0.656588197 0.756137371 0.721698999 0.527363777
    0.821633577 0.191220462 0.972227216 0.846948326 0.570408463
    0.122328877 0.467625886 0.447849333 0.238031805 0.120265216
    0.138209939 0.654700875 0.790370405 0.19199115 0.717053413
    0.260905027 0.752124786 0.0844800472 0.470727831 0.573627174
    0.311889172 0.482298821 0.613433599 0.765150368 0.951296449
    0.778694212 0.48480624 0.27953279 0.554425359 0.684746206
    0.374490082 0.534063041 0.375550538 0.437715441 0.0555801392
    0.390994996 0.285943806 0.183387101 0.986109376 0.0922997892
    0.221813053 0.556604147 0.820966363 0.198476851 0.0151664317
    0.293251634 0.122320414 0.675563395 0.200250208 0.0410790741
    0.482322812 0.192852199 0.771914005 0.546601832 0.0638577938
    0.671217561 0.772936344 0.994097471 0.486507773 0.471702307
    0.783191442 0.69463706 0.658287942 0.536600113 0.171457618
    0.189154506 0.407500476 0.950020969 0.752175093 0.764273167
    0.0559379756 0.385774791 0.647006571 0.742317319 0.743058085
    0.582806051 0.95965004 0.892789364 0.123770744 0.0448868573
    0.860063195 0.405170768 0.804421425 0.597919106 0.527301371
    0.789641976 0.629909337 0.285786152 0.561164379 0.432441741
    0.188467115 0.580935895 0.78241837 0.667647421 0.249783844
    0.0704111457 0.353696585 0.847921669 0.0548747182 0.596651852
    0.320521295 0.0372509062 0.257509172 0.0212905109 0.796625555
    0.505208671 0.664776683 0.856196463 0.858776987 0.82485801
    0.318915427 0.922154427 0.801758766 0.0908664167 0.610539436
    0.435236573 0.281128556 0.784862041 0.961206079 0.975128293
    0.630189121 0.572620511 0.14810136 0.0795981586 0.164971501
    0.407195807 0.930392265 0.537411571 0.904036403 0.624925315
    0.52804929 0.342325777 0.992462873 0.655489862 0.257875323
    0.263770461 0.213085443 0.287510693 0.837568283 0.125862509
    0.742848516 0.319116771 0.00660267472 0.763385534 0.845034361
    0.585388184 0.979907811 0.631395221 0.925646842 0.595927775
    0.987249911 0.349470377 0.765786827 0.925319076 0.722581625
    0.52858907 0.352586389 0.945879519 0.338119835 0.702967703
    0.401011676 0.697381198 0.529120922 0.219398379 0.678036273
    0.92788887 0.912289262 0.538606882 0.900227785 0.341646254
    0.473056197 0.25939694 0.34478873 0.806108952 0.735174596
    0.547227204 0.474241167 0.0607983172 0.102039725 0.933229327
    0.378614604 0.9647578 0.314138353 0.357449889 0.858500123
    0.00750660896 0.400114834 0.858816326 0.772250533 0.0179558694
    0.940423906 0.336057961 0.120057374 0.865033388 0.17559287
    0.843648672 0.423264861 0.249683321 0.582767963 0.56647408
    0.869365036 0.958282113 0.426721007 0.944784403 0.710392058
    0.541423321 0.624486268 0.622399926 0.241894454 0.963297307
    0.0308989882 0.480183005 0.648552001 0.339749485 0.485519707
    0.290981352 0.432410538 0.397450238 0.790016174 0.0931061804
    0.183408886 0.933329582 0.902129054 0.679551542 0.111878216
    0.858922958 0.82008481 0.233162135 0.672303796 0.560558736 0.3164846
    0.926302373 0.421024233 0.640498102 0.0737048388 0.681162298
    0.49429822 0.754330158 0.88159287 0.77977562 0.168356508 0.941602349
    0.182517976 0.38141042 0.819282055 0.508279085 0.744401455
    0.060282737 0.0972046256 0.463475645 0.207170755 0.569792807
    0.990897894 0.276887923 0.463036031 0.625894547 0.797099054
    0.520264447 0.319864929 0.4880355 0.484938741 0.633491874
    0.590297222 0.428268433 0.511727035 0.995669127 0.894584835
    0.311524212 0.344267815 0.186936677 0.835567832 0.48449719
    0.229053736 0.223130494 0.472836763 0.708586216 0.155180991
    0.681013227 0.951228797 0.573284388 0.646925688 0.105906278
    0.240750164 0.912021279 0.488934755 0.130197197 0.167098492
    0.937319994 0.424459666 0.341805935 0.494810492 0.526697755
    0.225781858 0.273333788 0.195049763 0.123742729 0.0841232538
    0.909359217 0.106212258 0.697129309 0.923891783 0.656226099
    0.850852966 0.950148106 0.349102437 0.296638668 0.96374321
    0.443680942 0.226893425 0.596148133 0.374109387 0.872094452
    0.613828659 0.0265952945 0.404095381 0.283434629 0.375486076
    0.500086427 0.798798323 0.667735338 0.787824273 0.71552974
    0.399785995 0.115123898 0.451802611 0.113888592 0.25471729
    0.553540885 0.240613222 0.444075614 0.253924876 0.694494307
    0.522827923 0.668994009 0.193613708 0.174286693 0.389980376
    0.485621303 0.0492452085 0.666797459 0.783511996 0.0188075304
    0.490842015 0.613600075 0.123461425 0.554967344 0.370755434
    0.587242842 0.755191803 0.8343063 0.476435155 0.157838255
    0.844711781 0.962773025 0.649892688 0.887408257 0.536915779
    0.951802731 0.409790218 0.226376683 0.163341343 0.28383106
    0.0555045307 0.791477561 0.601309359 0.704509199 0.00388646126
    0.260652542 0.659491897 0.486465901 0.0842774212 0.599826932
    0.532115817 0.983771563 0.227203876 0.829579532 0.728520155
    0.846691728 0.634961069 0.853078365 0.447310269 0.634555578
    0.373267829 0.581145227 0.0637357533 0.856681347 0.298071206
    0.816331387 0.140629143 0.905403972 0.709122181 0.913366437
    0.465369105 0.425318182 0.353125513 0.676920712 0.0963349044
    0.254039645 0.667740285 0.748873413 0.543253005 0.698283494
    0.607536793 0.892470479 0.609223366 0.549822628 0.973237991
    0.65708375 0.142140538 0.211543739 0.501717269 0.0255212486
    0.397330165 0.836171031 0.933298171 0.984737515 0.24175334
    0.533864021 0.826962113 0.101764232 0.731230438 0.470189989
    0.543703675 0.899627984 0.426604748 0.447891831 0.859053612
    0.170557439 0.987276077 0.699466348 0.513065696 0.215918094
    0.374557793 0.810244501 0.0056309104 0.805751026 0.809675097
    0.840209484 0.803631604 0.0992288291 0.941148758 0.264982462
    0.734947205 0.379258782 0.85533607 0.129002362 0.396645904
    0.0384983718 0.332530677 0.296392441 0.755775988 0.415378392
    0.899432003 0.116471171 0.220928758 0.0212493241 0.544322252
    0.747899115 0.227548659 0.994911432 0.126583546 0.0818541646
    0.839992821 0.419196129 0.478200257 0.0219318569 0.875340223
    0.93586266 0.501606226 0.0797994435 0.730975389 0.556902945
    0.289867103 0.895525813 0.233585984 0.0404154658 0.593446553
    0.134125799 0.30944851 0.52563554 0.146156102 0.0469463766
    0.888970494 0.975208998 0.724413276 0.784413278 0.598571479
    0.0577256382 0.0305104554 0.709525943 0.829539597 0.181113333
    0.638735533 0.0357358754 0.486811638 0.288725436 0.535813689
    0.671568453 0.36489284 0.464883953 0.389697105 0.90368557
    0.199316561 0.141496599 0.100497782 0.139234096 0.321178377
    0.126927316 0.155719608 0.751994967 0.243953913 0.790668428
    0.241804868 0.0683900714 0.161086798 0.200906277 0.416572988
    0.859429359 0.979324698 0.423000574 0.0163059831 0.741533697
    0.869634509 0.734460592 0.0933617949 0.7714535 0.93734473
    0.915316701 0.258604288 0.93711257 0.026937604 0.470647722
    0.52276969 0.512259185 0.644548774 0.842573225 0.492361099
    0.176751077 0.0610921681 0.870103002 0.277270198 0.9377262
    0.379759431 0.235182375 0.963047743 0.242499083 0.0293567777
    0.672941446 0.427892566 0.79927218 0.240908951 0.598364174
    0.967599332 0.542226613 0.815750778 0.187541604 0.114443392
    0.0675417483 0.96961844 0.5548594 0.0169501305 0.310974032
    0.613512278 0.834584594 0.403961778 0.756260514 0.601284623
    0.763551474 0.241129488 0.397936434 0.832376301 0.651579082
    0.489194691 0.319505811 0.455620885 0.734131932 0.702933609
    0.97329402 0.675357521 0.643815517 0.42201978 0.531599879
    0.331450045 0.697860599 0.976020098 0.951477289 0.123793721
    0.704258144 0.0526729822 0.327572078 0.713213623 0.733679414
    0.256953776 0.425377429 0.603468657 0.519640684 0.853943288
    0.969088256 0.598059535 0.163409621 0.064435333 0.740494251
    0.841785252 0.973867655 0.30395329 0.584460318 0.95508194
    0.573589206 0.964360356 0.328558505 0.367298603 0.78220886
    0.0118993521 0.800119221 0.795285344 0.771271825 0.49812305
    0.774856508 0.752672672 0.476200432 0.585025191 0.887692511
    0.0881132483 0.936940193 0.117818922 0.524087191 0.228283674
    0.207362264 0.441569656 0.894878983 0.397209764 0.274908125
    0.714651108 0.172914863 0.476251304 0.445846736 0.244357824
    0.6620574 0.0403748453 0.630219638 0.227269292 0.537348092
    0.0976223052 0.865144849 0.39177826 0.15201661 0.301361918
    0.0963528454 0.177354127 0.941452503 0.772255957 0.994870663
    0.508985221 0.99055028 0.825036883 0.875934362 0.751437426
    0.821232796 0.721356511 0.580475032 0.33104378 0.100089043
    0.221239656 0.210706711 0.157717586 0.523423731 0.995066762
    0.0387731791 0.315165073 0.578851342 0.99350661 0.36564368
    0.313744903 0.0938346684 0.161436439 0.160168737 0.191582263
    0.868311048 0.710933924 0.501239598 0.628884375 0.0114260018
    0.751508772 0.423275024 0.771324515 0.595541418 0.377017736
    0.508225083 0.652320087 0.155533195 0.271289796 0.801851153
    0.798510075 0.362384379 0.739971936 0.51913923 0.761929989
    0.31797564 0.779443085 0.901257992 0.970784068 0.251498073
    0.0605714023 0.253935754 0.478891551 0.827671587 0.653094411
    0.135711163 0.0746673644 0.185548067 0.183803976 0.304108739
    0.209348053 0.296856523 0.852651596 0.962387502 0.784609556
    0.703961074 0.657269716 0.0740661323 0.128297985 0.0229249299
    0.944276512 0.171408147 0.525937438 0.706154823 0.721861482
    0.693630636 0.695441902 0.886442065 0.0849452019 0.939748526
    0.641072214 0.810582757 0.938400686 0.310194224 0.970155239
    0.146451533 0.610888362 0.397912055 0.0126907527 0.729853094
    0.850722611 0.571385682 0.548175693 0.790356517 0.333497882
    0.397128463 0.545114994 0.0424590707 0.0674319565 0.811466336
    0.362674952 0.0683404505 0.571789145 0.891406894 0.894929051
    0.822264075 0.351596832 0.645762622 0.466075689 0.791230202
    0.979920983 0.522754133 0.438440561 0.0112470984 0.834768057
    0.618249118 0.997041464 0.829014063 0.419119447 0.530756533
    0.993582845 0.274295211 0.0499660969 0.120134145 0.169690877
    0.494211912 0.0298523009 0.472434133 0.829151273 0.469732553
    0.151416183 0.220512927 0.458728582 0.35737887 0.674566686
    0.186586648 0.24778229 0.785556495 0.0764905512 0.221305072
    0.570879698 0.655199587 0.587578893 0.842785537 0.434953034
    0.376972437 0.445938468 0.0889936686 0.216633052 0.529319465
    0.252805769 0.0518112779 0.932352185 0.579232097 0.684868097
    0.843553305 0.0493285656 0.440849394 0.257257253 0.274338752
    0.45496434 0.137930095 0.445668906 0.762238503 0.812406182
    0.78435123 0.199007213 0.562325299 0.862039566 0.118881583
    0.0273402035 0.733266175 0.614177227 0.433574826 0.543392122
    0.510496676 0.830944061 0.274313927 0.0372273624 0.31588757
    0.649072409 0.837024391 0.0502082407 0.258169413 0.998999357
    0.74252677 0.471070528 0.754598141 0.90662837 0.637331843
    0.581761539 0.193763286 0.90860033 0.585639536 0.646600902
    0.281152368 0.574898899 0.541084468 0.556703448 0.674732745
    0.149416596 0.0733995438 0.545684993 0.637394071 0.575912297
    0.513423204 0.113568455 0.428198576 0.221143782 0.196394354
    0.275418282 0.832055807 0.371511966 0.156010717 0.595323384
    0.61674422 0.687568426 0.524059176 0.191126734 0.384752631
    0.448454916 0.336928397 0.149101436 0.0803243518 0.377189696
    0.984876275 0.126178771 0.223404169 0.433643878 0.895010531
    0.766175032 0.107486844 0.404110998 0.839365721 0.802979767
    0.563045859 0.194393039 0.779024661 0.77491653 0.845789909
    0.930286169 0.714415669 0.949190974 0.0321823657 0.710931599
    0.368283927 0.401546627 0.747867227 0.921264231 0.325728059
    0.428942621 0.88399142 0.881443143 0.0153550506 0.501451254
    0.534718692 0.334323704 0.866116583 0.504768312 0.853971541
    0.136387795 0.900008321 0.753978968 0.807844043 0.91520977
    0.169307023 0.658945501 0.36423856 0.463314742 0.905765831
    0.899342656 0.943632364 0.45924753 0.802958846 0.921702027
    0.160094649 0.490298331 0.10211426 0.402356505 0.366658121
    0.882165194 0.181277066 0.828991115 0.511458397 0.550473273
    0.00745725632 0.357049018 0.597402036 0.00193533301 0.0524873435
    0.330104291 0.717482448 0.0780056119 0.296469092 0.505653858
    0.422130913 0.756257117 0.113747656 0.481685877 0.84050858
    0.729707479 0.297626317 0.569067359 0.0229934454 0.932373285
    0.296296835 0.847312927 0.54414016 0.778657913 0.630998254
    0.62151891 0.187892675 0.531991482 0.504979312 0.900798798
    0.544974029 0.793717861 0.950558662 0.954796791 0.169120818
    0.817361593 0.197863281 0.530878305 0.876899481 0.67978847
    0.406665832 0.971861482 0.630665898 0.401167989 0.574944973
    0.846128464 0.799467444 0.984048843 0.257920504 0.602726161
    0.850007296 0.97252804 0.23956573 0.0147366822 0.313937545
    0.740259588 0.475627452 0.861923635 0.92567122 0.966771603
    0.553824782 0.273558408 0.432112515 0.962715626 0.351295948
    0.0537884235 0.545507669 0.143012971 0.417031705 0.464628488
    0.570101321 0.114405602 0.12318936 0.756890655 0.981773436
    0.317001909 0.207414478 0.0971087217 0.75551939 0.159615576
    0.445827127 0.413375616 0.944864511 0.177033037 0.068397969
    0.0876311958 0.215336651 0.12065202 0.0394783318 0.182409167
    0.260809332 0.370119274 0.188226312 0.439367622 0.538145781
    0.336341888 0.499713451 0.858624101 0.0978834629 0.96700263
    0.249963641 0.778560281 0.404734343 0.428713679 0.666332126
    0.254271299 0.444993377 0.551988482 0.00468623638 0.747395992
    0.0940262079 0.411260247 0.044905901 0.398711681 0.116087317
    0.584684253 0.725942016 0.0687353015 0.0936411321 0.133553684
    0.00814977288 0.930747569 0.913676977 0.459894449 0.184693635
    0.138839692 0.486623764 0.754821241 0.919078529 0.750546336
    0.16415143 0.748292327 0.582065225 0.996073186 0.451250583
    0.167106837 0.51966995 0.156915873 0.261687219 0.983162582
    0.307492137 0.78786552 0.0708901286 0.203696966 0.132390082
    0.127793163 0.26109907 0.107262313 0.215369701 0.377412438
    0.0818120837 0.544661403 0.466905802 0.753775835 0.306534439
    0.0528358519 0.0985035002 0.501264453 0.103238553 0.469991922
    0.355406165 0.432714343 0.229223639 0.820125699 0.476867348
    0.496746123 0.0805158913 0.725976229 0.126372933 0.785780489
    0.277191699 0.0314262509 0.400262564 0.599867404 0.718706071
    0.149404734 0.843320787 0.503312051 0.950317264 0.176568002
    0.7745471 0.0582354367 0.328490496 0.634897351 0.540397525
    0.878137231 0.276057005 0.252597928 0.0160284936 0.183146447
    0.746104002 0.759879947 0.259443641 0.863012195 0.421367496
    0.83761692 0.452732116 0.695135415 0.772266209 0.800312281
    0.286188364 0.959730744 0.192717701 0.848037064 0.808411121
    0.142023176 0.126938075 0.279674172 0.529713273 0.0918744802
    0.994001806 0.540562987 0.636983037 0.572959065 0.00580704212
    0.00472825766 0.263780296 0.975173414 0.9668836 0.212281585
    0.616008282 0.262079298 0.384463727 0.860512495 0.00300943851
    0.908861458 0.761671424 0.397845566 0.501325965 0.288573474
    0.46272403 0.732063234 0.903232098 0.38599962 0.526758671
    0.990176916 0.723632872 0.421913475 0.189243227 0.242650241
    0.68903625 0.320468336 0.189055145 0.826806426 0.688111365
    0.252913058 0.593909144 0.789015532 0.25051713 0.0460400879
    0.914398313 0.173837513 0.137912571 0.618122041 0.18523851
    0.773741722 0.765458226 0.958788753 0.390796661 0.195042431
    0.661106467 0.0360334218 0.58211118 0.66839689 0.562186122
    0.0957141221 0.336389095 0.416075379 0.527638614 0.533924222
    0.547931492 0.437614262 0.459068984 0.306756794 0.882006764
    0.13659665 0.595561564 0.723867059 0.031242013 0.940702796
    0.895917535 0.792107344 0.393690467 0.0129212737 0.64212954
    0.329066813 0.0216500759 0.209196061 0.995684743 0.296694517
    0.474799454 0.40411219 0.663797557 0.504131913 0.890042841
    0.840572715 0.275428861 0.953701913 0.745340526 0.568356633
    0.195894212 0.473652929 0.560267687 0.434196681 0.0572228134
    0.22703281 0.972393513 0.274237037 0.881778955 0.124945819
    0.440979689 0.0210032165 0.668681502 0.120471716 0.324661523
    0.192168236 0.0505481362 0.749571323 0.610216677 0.0541791022
    0.147297353 0.45377475 0.801349401 0.540004849 0.243326306
    0.973697066 0.110490471 0.462565154 0.507770181 0.469752669
    0.467009097 0.084705472 0.877155006 0.640772045 0.719091058
    0.500497758 0.159368724 0.954540491 0.0349821746 0.343063474
    0.209170401 0.956357121 0.222705275 0.188913673 0.55575633
    0.0121133327 0.150577784 0.449822336 0.358147323 0.309304029
    0.790029645 0.42059353 0.252965361 0.485383511 0.185879618
    0.186866879 0.979490876 0.337048829 0.767525673 0.414082766
    0.326664448 0.0823479295 0.556280077 0.641891718 0.363058954
    0.493907452 0.542713702 0.997502327 0.0839470029 0.226716131
    0.807569563 0.390349478 0.665356874 0.720912278 0.39490369
    0.364256263 0.476069957 0.232050836 0.264262587 0.599679589
    0.686404109 0.0693221688 0.851998448 0.759737253 0.959235787
    0.812832355 0.16652289 0.297763705 0.904466391 0.551523626
    0.108572364 0.123361677 0.395494521 0.289491653 0.164836109
    0.966076434 0.177667201 0.633418918 0.68076539 0.142741054
    0.277833581 0.896023273 0.00283828378 0.0977182984 0.479348689
    0.895120263 0.920444489 0.00934734941 0.241682053 0.150979578
    0.960548401 0.283905804 0.2316778 0.381671369 0.27717483 0.417270958
    0.11499694 0.554704845 0.635059834 0.609768093 0.708418846
    0.889418125 0.348603934 0.90708518 0.703724861 0.340533584
    0.0548968613 0.42298457 0.667554021 0.0253839195 0.802422047
    0.0282327533 0.308086932 0.863892794 0.794283867 0.819406271
    0.58762753 0.469627649 0.555089474 0.650663376 0.897809207
    0.324367404 0.957563519 0.31250301 0.724171937 0.0737926066
    0.692389965 0.839188218 0.321931124 0.902990103 0.499477476
    0.0202560425 0.17685023 0.614608347 0.211733967 0.825729847
    0.413981557 0.435733855 0.160915822 0.484645039 0.576586068
    0.111476302 0.975756288 0.240339935 0.584067464 0.930398703
    0.450263411 0.905910134 0.977587402 0.559746981 0.756373525
    0.726175547 0.41271615 0.0182055533 0.354070783 0.22898829
    0.227068722 0.564547539 0.312918544 0.218251288 0.643918037
    0.312204033 0.979272366 0.227316141 0.916625261 0.911460102
    0.728267312 0.435747951 0.932742476 0.900792241 0.754187584
    0.427989334 0.895671129 0.966531754 0.460502535 0.906132817
    0.730163813 0.0591739118 0.49253282 0.645851612 0.0346958637
    0.00838181376 0.00394690037 0.534574687 0.456590146 0.187144905
    0.954441488 0.0626135468 0.678435028 0.97919482 0.56752336
    0.0263709426 0.283251315 0.743056893 0.277726531 0.47681269
    0.553624809 0.476783782 0.612296224 0.325899363 0.167959392
    0.470657974 0.853898883 0.513783336 0.289875567 0.0438999832
    0.726537526 0.395159364 0.745094359 0.810558677 0.0371491909
    0.525939345 0.73957938 0.163413674 0.250119001 0.320417136
    0.162279814 0.564866126 0.243726045 0.954187334 0.573503494
    0.0925874114 0.790880203 0.380557209 0.645977616 0.058178246
    0.628852904 0.906257391 0.181826264 0.892171323 0.349955142
    0.716654599 0.505556583 0.0397795439 0.947817564 0.63838315
    0.363289148 0.589470506 0.735957026 0.255867183 0.67723 0.0328316391
    0.0946308672 0.608815432 0.0156736374 0.111586154 0.281922162
    0.117821902 0.0248874724 0.180889428 0.122735798 0.852400064
    0.26865074 0.458899707 0.552465379 0.320824414 0.491618097
    0.543437243 0.397417903 0.602269292 0.972083569 0.848688245
    0.134291291 0.820169747 0.366215467 0.175163925 0.926374912
    0.893107772 0.79990387 0.203811705 0.357755929 0.383376867
    0.577244997 0.105814666 0.210002482 0.533214986 0.203740597
    0.40292275 0.229196459 0.488359749 0.306798458 0.015896827
    0.247388214 0.519904077 0.705274224 0.204560935 0.719646573
    0.811671734 0.426220119 0.17541185 0.866468668 0.344208896
    0.816152811 0.575541914 0.977992773 0.198086739 0.200593382
    0.862162113 0.419955254 0.93531388 0.207002819 0.491198689
    0.100152463 0.736712396 0.254476279 0.207749873 0.156871527
    0.468572974 0.467345089 0.651058972 0.715979695 0.891293824
    0.3247931 0.162881315 0.366141796 0.89305377 0.92987597 0.617065251
    0.188378423 0.960385323 0.206095368 0.126916498 0.952406347
    0.629498184 0.527134061 0.0373905599 0.381649971 0.500748396
    0.191390097 0.00967881083 0.373738229 0.983403862 0.994265914
    0.967326403 0.47410652 0.977143228 0.472668558 0.578087449
    0.17544049 0.0182060599 0.25823766 0.656681418 0.811775088
    0.979375601 0.653740704 0.151646346 0.768455803 0.624599218
    0.601729751 0.717478395 0.469978005 0.498011142 0.966420591
    0.990130663 0.821487486 0.124262691 0.64389807 0.0903656185
    0.927116036 0.255810201 0.972559214 0.0106815398 0.196588665
    0.416936576 0.790626407 0.784143269 0.161693186 0.509763598
    0.0481975377 0.414583713 0.142536461 0.388879269 0.32382232
    0.298994362 0.54043895 0.154668808 0.878766537 0.352829516
    0.963949442 0.307544082 0.406883895 0.989133716 0.447893918
    0.102339923 0.431580245 0.0147736669 0.746010363 0.272086442
    0.497027785 0.000437349081 0.511204422 0.456648111 0.477122933
    0.146915704 0.447976649 0.26481542 0.829652429 0.826125205
    0.82783103 0.483843505 0.375161618 0.947641432 0.955151916
    0.303828418 0.592980504 0.241861135 0.826420665 0.965428591
    0.478373021 0.0233055651 0.760273695 0.810309589 0.308043957
    0.462498993 0.0704761147 0.0550391376 0.375856191 0.175988913
    0.398786068 0.13507086 0.809912205 0.220289052 0.182543278
    0.970609725 0.916345656 0.0607897937 0.122578084 0.906307697
    0.510714233 0.0641306937 0.840844631 0.46766758 0.648443818
    0.502643883 0.322986275 0.438153744 0.706492901 0.842128098
    0.135046363 0.111461759 0.79953301 0.213133663 0.754737318
    0.571168363 0.599213421 0.496526212 0.206392407 0.312957466
    0.283772051 0.0696698725 0.592584133 0.29102242 0.257185608
    0.508547485 0.799760342 0.658704042 0.590764344 0.934172571
    0.172849506 0.372644216 0.505228996 0.71921438 0.329955786
    0.637274861 0.132511288 0.628312945 0.55755049 0.319408566
    0.553736567 0.428704739 0.945293665 0.731667876 0.247038633
    0.525680482 0.596748233 0.0028860867 0.234607249 0.638965428
    0.674669564 0.191214561 0.46890381 0.257307589 0.161007375
    0.0857562721 0.338494539 0.709388494 0.906211436 0.0792741776
    0.25530982 0.325672507 0.377384603 0.981882334 0.140896946
    0.707136333 0.932671845 0.270223945 0.791934729 0.758588016
    0.342442393 0.745984852 0.615574777 0.824899077 0.141816437
    0.899806857 0.0664371252 0.71961832 0.316983759 0.587768793
    0.353951216 0.422191292 0.614008129 0.129537374 0.938683152
    0.322920412 0.651845038 0.718345046 0.696787179 0.873308837
    0.205020726 0.21213299 0.991712451 0.274231881 0.818465352
    0.144391119 0.559485316 0.838804781 0.438480914 0.795542836
    0.465711594 0.352026045 0.425835699 0.28664875 0.42779237
    0.413376719 0.993260324 0.222591043 0.568650544 0.601451695
    0.559113145 0.601344764 0.555195689 0.192805976 0.76569891
    0.430267841 0.436989546 0.10580194 0.756092191 0.652438164
    0.903335631 0.763341248 0.593375742 0.708738863 0.749778092
    0.307895243 0.74987334 0.44118005 0.464571774 0.148139179
    0.716778934 0.268721282 0.884673953 0.507454574 0.0214269459
    0.865999401 0.591012418 0.815802276 0.408470988 0.123652458
    0.473721325 0.92040801 0.733359575 0.0538911819 0.209586442
    0.503028035 0.892454565 0.523159385 0.424775839 0.96705389
    0.11755836 0.69326973 0.102963179 0.870649576 0.279372066
    0.0511491001 0.797733903 0.840692878 0.0526956916 0.464924395
    0.299571097 0.744515181 0.228272706 0.742673635 0.850599647
    0.225675523 0.28345862 0.773287535 0.962787032 0.97710669
    0.0139600337 0.130110919 0.570863962 0.622347236 0.882478952
    0.786807537 0.367770195 0.186892539 0.29490149 0.235904098
    0.248422503 0.811896086 0.922072411 0.54375869 0.270886242
    0.22180295 0.336781621 0.866969764 0.0267975628 0.50535053 0.8869735
    0.20803532 0.732094646 0.145408899 0.937518954 0.115440845
    0.766076505 0.058512181 0.253630102 0.639500499 0.89847517
    0.863059521 0.728903234 0.295505285 0.576517165 0.483408123
    0.470700085 0.0644242167 0.981951952 0.768137038 0.329250187
    0.265249252 0.545209646 0.992799938 0.395431191 0.295922339
    0.987354159 0.545598328 0.991243303 0.459319264 0.839701295
    0.171296626 0.306383491 0.699628413 0.517325759 0.647211909
    0.416086763 0.759539545 0.0781023502 0.261346042 0.648195684
    0.55471468 0.641534269 0.68987751 0.132556021 0.992042184
    0.831281185 0.343040407 0.673040807 0.791715682 0.470161825
    0.516158879 0.364431739 0.0561454296 0.0287209153 0.800189734
    0.000817596912 0.613046944 0.54107964 0.202579826 0.245938897
    0.910297275 0.853430808 0.440415561 0.875881255 0.334472597
    0.868238568 0.973837852 0.0708770752 0.0367509425 0.982501864
    0.718757033 0.191079587 0.687075675 0.313779175 0.567076623
    0.855097532 0.217032492 0.689088345 0.608179271 0.75691843
    0.80236876 0.530856371 0.86328578 0.735110402 0.54111892 0.556524277
    0.889045358 0.981343031 0.252106398 0.610952199 0.0762911737
    0.571114123 0.0736995339 0.72711575 0.532017291 0.271106392
    0.134371638 0.031573087 0.114802629 0.352558613 0.950733364
    0.831190288 0.737695396 0.49476099 0.0324118435 0.0655258298
    0.337679029 0.41353336 0.460980803 0.759788632 0.586238384
    0.519829988 0.624951422 0.669021964 0.662971735 0.983569384
    0.663087785 0.827699006 0.336988628 0.661781549 0.178791732
    0.109875947 0.0971780121 0.923663378 0.0711837411 0.491019875
    0.640076041 0.242488265 0.349901557 0.552350223 0.236008734
    0.803863883 0.737380862 0.5823071 0.404386938 0.618616402
    0.624322951 0.047000736 0.0485906899 0.837084174 0.21070388
    0.0838572979 0.331074059 0.463066518 0.691773474 0.720362186
    0.760147929 0.979881048 0.473483324 0.307007909 0.146555424
    0.967905939 0.541783512 0.0897790194 0.904023767 0.391092777
    0.303305507 0.170360208 0.152471721 0.463056445 0.521926463
    0.72428292 0.103338063 0.911333799 0.358205169 0.722345114
    0.18265444 0.69696939 0.463918775 0.002238065 0.265739262
    0.999171138 0.801621795 0.441215873 0.749296844 0.191476017
    0.0218453109 0.377715886 0.72424382 0.263427317 0.385905385
    0.685139775 0.54501605 0.301511765 0.863484263 0.194004893
    0.635206878 0.465503991 0.909579635 0.900550783 0.442413747
    0.114316821 0.526217818 0.718331814 0.210314214 0.615296066
    0.174188882 0.842537045 0.165325344 0.720801711 0.148560375
    0.998853683 0.733297706 0.59785974 0.147280931 0.915901363
    0.673538029 0.683488488 0.473441094 0.287976652 0.166489571
    0.0418440104 0.663958669 0.946536541 0.748678267 0.216180801
    0.921255887 0.571409941 0.239712477 0.927032113 0.38183707
    0.112248898 0.182578504 0.748137951 0.874438047 0.0979462862
    0.563627839 0.794492364 0.221771985 0.790460229 0.58174938
    0.0704324841 0.559781671 0.649669349 0.778038859 0.536119223
    0.307887256 0.607217193 0.494010031 0.0590389073 0.863576829
    0.245121419 0.34633857 0.986313105 0.74511987 0.755083799
    0.143503398 0.278652102 0.859415233 0.556879759 0.274443179
    0.640262485 0.484245628 0.72007519 0.128345162 0.748497307
    0.481441855 0.792255402 0.256485224 0.391315609 0.621758699
    0.130144894 0.538685501 0.27780956 0.979032874 0.770783186
    0.570534766 0.722057939 0.667418122 0.11319533 0.932499766
    0.921300888 0.417094469 0.339717686 0.830043375 0.610628545
    0.231273055 0.518674076 0.565135896 0.371871352 0.739801168
    0.748438001 0.800291836 0.390469134 0.575190783 0.473441541
    0.10056138 0.383748382 0.377715826 0.555037379 0.368777484
    0.544631302 0.460407346 0.739434838 0.595921993 0.000306934118
    0.453093708 0.00832369924 0.298328221 0.121188194 0.603847265
    0.372798294 0.0122952759 0.815598726 0.698943019 0.769996166
    0.708970547 0.661710083 0.207580447 0.67409122 0.537122905
    0.866703689 0.762424707 0.257419586 0.696706712 0.641490579
    0.662233233 0.644144952 0.980502963 0.330794692 0.474972159
    0.114163697 0.552816272 0.299178272 0.473740637 0.43509084
    0.146670818 0.242677271 0.664727867 0.179212809 0.166602582
    0.881917834 0.759113073 0.00847789645 0.149795771 0.202919453
    0.508957565 0.662981033 0.0899977088 0.424274206 0.279655278
    0.325267494 0.836402774 0.193475336 0.459127873 0.310041308
    0.0944943726 0.377065361 0.13193205 0.546601892 0.962070704
    0.4721075 0.705843151 0.518666625 0.775225103 0.29548341 0.417302996
    0.311936557 0.0272461772 0.0800427794 0.210438699 0.392521054
    0.170225084 0.737498343 0.666137695 0.134843677 0.716515362
    0.195254087 0.0701146126 0.616189778 0.536917031 0.76469928
    0.00404876471 0.0305317938 0.571929753 0.650026977 0.270205587
    0.680146515 0.699522734 0.421255499 0.582096577 0.590048373
    0.719212055 0.145282269 0.344521165 0.229043156 0.745171189
    0.906461835 0.941713929 0.021091789 0.702223301 0.877628565
    0.520943701 0.675516248 0.0650523603 0.89794451 0.850046337
    0.376154453 0.0530201197 0.243759602 0.376248389 0.781368494
    0.221192598 0.599213898 0.563951015 0.186379552 0.351868927
    0.313518703 0.659889281 0.081117332 0.61463517 0.603036165
    0.136755675 0.0548841953 0.912150264 0.271247625 0.537406802
    0.725661278 0.288023561 0.761372685 0.470614195 0.595112741
    0.00900483131 0.881231785 0.792922795 0.321240366 0.575484574
    0.817565501 0.526711464 0.424668252 0.105435729 0.762727618
    0.427023023 0.944888473 0.119804233 0.696106553 0.953018308
    0.886729479 0.467565089 0.814400911 0.662698746 0.550046206
    0.275178999 0.559205532 0.103600651 0.0884057283 0.387476951
    0.0200380087 0.391176373 0.53236109 0.373047352 0.622226238
    0.901825309 0.0378714502 0.391578764 0.432941139 0.189885378
    0.491000533 0.225674778 0.779789388 0.303753853 0.364952207
    0.633241415 0.794278383 0.361840934 0.744015396 0.905696869
    0.874293804 0.410777152 0.294401288 0.0978909135 0.704265356
    0.622358501 0.0487702191 0.543902278 0.903725743 0.0482275784
    0.77188313 0.0245175362 0.570396662 0.570897579 0.00600352883
    0.111369014 0.581431687 0.196250796 0.723812222 0.209512472
    0.14877975 0.239088237 0.472856581 0.266027212 0.178884149
    0.637606204 0.995391011 0.785399616 0.378401577 0.217037737
    0.0153972507 0.193100363 0.980810344 0.0930439532 0.657528877
    0.218788326 0.625624776 0.902174473 0.327358574 0.888546228
    0.0695289969 0.145735443 0.0128077567 0.322549939 0.61459446
    0.387851417 0.0176438093 0.805902541 0.324664384 0.469335526
    0.516940951 0.187055856 0.151042998 0.267076373 0.514929593
    0.988636732 0.234439373 0.518973351 0.764462113 0.372143984
    0.44725588 0.319501996 0.324636251 0.128788352 0.370525837
    0.732082963 0.0146677196 0.737221122 0.416729569 0.92926538
    0.873592257 0.369449466 0.534292579 0.717693985 0.811384559
    0.399027139 0.188842773 0.624590576 0.678032219 0.997812688
    0.646308303 0.614695251 0.950900495 0.51979214 0.0192908943
    0.822184443 0.791753411 0.863540053 0.81665051 0.942671537
    0.894820929 0.722578108 0.407132506 0.787184 0.482299566 0.804668069
    0.601183355 0.00919234753 0.669977546 0.787804782 0.904297531
    0.318257779 0.380901396 0.557917655 0.72242856 0.961370468
    0.565484166 0.8880862 0.440735519 0.811351061 0.218059331
    0.199319959 0.378136516 0.215643108 0.100567847 0.574936569
    0.729840338 0.862721205 0.555266976 0.795121968 0.908519864
    0.932365894 0.0220217109 0.218181103 0.957728863 0.614137888
    0.623635292 0.274752736 0.974499047 0.846146047 0.0217464864
    0.817305326 0.984088719 0.768855333 0.701290727 0.632005751
    0.536685586 0.755915284 0.147115469 0.838247776 0.775845885
    0.012090385 0.79249239 0.853397727 0.0272209346 0.440240234
    0.0178962946 0.469747066 0.351706147 0.259346932 0.788707018
    0.862529159 0.012850225 0.284761578 0.514295518 0.859686017
    0.442768931 0.977309823 0.198671609 0.0948711336 0.532141149
    0.0876078904 0.00224074721 0.438059568 0.57529372 0.739691019
    0.0688948035 0.818326592 0.160188794 0.480761826 0.569248676
    0.96265173 0.934631348 0.861035824 0.176344275 0.271110356
    0.134068429 0.648146451 0.423728943 0.91303587 0.239346415
    0.804392517 0.715440392 0.138884038 0.764483154 0.772179246
    0.730374277 0.947195888 0.212226748 0.800347924 0.534993947
    0.977061272 0.741773009 0.233387738 0.479668051 0.875118852
    0.559574306 0.52778554 0.324150622 0.694754064 0.745553613
    0.900016427 0.597017288 0.663030505 0.962061346 0.101367861
    0.198365092 0.332596421 0.4399001 0.0837396383 0.417732894
    0.68487829 0.513254285 0.808252871 0.0298457742 0.241597801
    0.331983745 0.863848209 0.190993696 0.362795413 0.210740417
    0.135233909 0.7080158 0.370074481 0.274880767 0.493903518 0.81044662
    0.0822456777 0.108346403 0.99586457 0.282979548 0.181254596
    0.809361994 0.0509297848 0.42956239 0.243567944 0.626181304
    0.358863056 0.0821460783 0.708556533 0.195167542 0.723018348
    0.0234713256 0.617872 0.884901643 0.026774317 0.439991623 0.04383412
    0.846664429 0.78058213 0.144172221 0.495003343 0.733462095
    0.764173031 0.516358256 0.46152091 0.743212223 0.893507481
    0.882165492 0.352820277 0.133566082 0.547997952 0.553544283
    0.0624547303 0.604807913 0.265907526 0.087120384 0.704850197
    0.838629127 0.738197982 0.942987919 0.470633775 0.593984246
    0.617671251 0.507950962 0.967414141 0.297335446 0.366209567
    0.46010226 0.714536548 0.483367324 0.723928571 0.146606833
    0.839968204 0.462731361 0.358777493 0.123323411 0.827148438
    0.926088452 0.866320372 0.397729754 0.353606999 0.591104865
    0.871707916 0.739982486 0.0833838284 0.662500858 0.277203411
    0.0204976499 0.476623595 0.868946612 0.228712559 0.486140311
    0.0342350602 0.346300662 0.455800653 0.112734169 0.00900313258
    0.0532236695 0.974829257 0.605768263 0.682998776 0.848401845
    0.475491941 0.705125391 0.195388943 0.327874541 0.141311824
    0.708997488 0.00446629524 0.633005023 0.0201219618 0.80348748
    0.443753719 0.942244649 0.218067318 0.627782047 0.225085527
    0.270094335 0.145022571 0.457559973 0.682645857 0.299895048
    0.537888408 0.768300414 0.19217357 0.368851751 0.376100987
    0.848804176 0.934032917 0.587467372 0.661250889 0.90783006
    0.934493363 0.121192098 0.19527483 0.661351085 0.719176114
    0.636753798 0.188257396 0.490806848 0.903635859 0.67102015
    0.76123023 0.0917514265 0.13090694 0.957048655 0.466620803
    0.989602387 0.454621375 0.68993485 0.991192043 0.810427904
    0.542634785 0.807905316 0.0321843326 0.381494761 0.127379894
    0.764577866 0.419297725 0.691331923 0.6336447 0.137437344
    0.788478613 0.652207196 0.735371292 0.404193759 0.368862748
    0.416898668 0.329511046 0.932510972 0.707075417 0.950866103
    0.345629483 0.342369497 0.00918292999 0.693096399 0.600570202
    0.543778777 0.765387058 0.672168851 0.774907351 0.457587719
    0.614133239 0.556246459 0.752637982 0.223360598 0.34272635
    0.604377031 0.391415298 0.863770425 0.819313228 0.716359377
    0.662816525 0.0205399394 0.525614917 0.890514612 0.137233555
    0.445907623 0.480018079 0.504092515 0.52746731 0.575304925
    0.890264511 0.815028667 0.30434674 0.0814569294 0.849075794
    0.836067498 0.435622752 0.00428009033 0.84999454 0.976775765
    0.382172197 0.742699683 0.899713039 0.678648353 0.99739778
    0.615830064 0.410690337 0.621114373 0.599814296 0.983066499
    0.163063556 0.237693816 0.983175278 0.299299538 0.0693334639
    0.124544561 0.717275143 0.831065297 0.0131512582 0.0852922499
    0.348859817 0.973631144 0.970062733 0.504218936 0.264989287
    0.935898244 0.881317139 0.113984019 0.571968317 0.53568542
    0.125286907 0.114966214 0.08811602 0.763814151 0.574525595
    0.259226829 0.050489217 0.361921579 0.335097373 0.0955377519
    0.0910244882 0.785386801 0.41509676 0.0249637663 0.737297177
    0.557690024 0.705592632 0.521637082 0.626719773 0.221234143
    0.30445838 0.818175197 0.231745929 0.12421754 0.569815755
    0.0270569623 0.670873284 0.692764401 0.415671885 0.0458498299
    0.871581495 0.831130028 0.2394678 0.306259155 0.264447093
    0.433637857 0.865475535 0.427299291 0.846292675 0.870543718
    0.861430883 0.239245355 0.909179568 0.0950643122 0.678545475
    0.188730001 0.154503196 0.870137691 0.202065468 0.313554227
    0.877206087 0.303744614 0.20311594 0.735933542 0.538170993
    0.542524457 0.348231941 0.844143391 0.410402834 0.0038163662
    0.517463684 0.383268952 0.92784977 0.106742173 0.501253486
    0.918646634 0.93511343 0.659309208 0.718476892 0.105386019
    0.515482187 0.590131521 0.150384128 0.723498166 0.807681024
    0.986226141 0.236334771 0.442736834 0.915762186 0.800447226
    0.270852596 0.304706335 0.720585763 0.299773037 0.936621904
    0.0829347968 0.0958781242 0.307461381 0.165291399 0.768277943
    0.420550704 0.934695721 0.870513558 0.44840005 0.98045969
    0.981420994 0.779414296 0.886841178 0.281309903 0.953240991
    0.993560791 0.407265872 0.0970230401 0.0757419467 0.152726114
    0.330995798 0.72802496 0.444847882 0.516824782 0.551615715
    0.252727389 0.80534476 0.889314711 0.481245726 0.336081266
    0.125600457 0.720544159 0.632270932 0.667997062 0.254090369
    0.207130075 0.800318003 0.810402989 0.86000073 0.541711807
    0.0907592177 0.55430764 0.905172348 0.642158389 0.484668702
    0.738106608 0.868583679 0.17903164 0.406264722 0.529473603
    0.625345349 0.399083734 0.713672876 0.5703426 0.937363386
    0.189031988 0.169925183 0.534755349 0.0772439837 0.404046714
    0.102529079 0.222650915 0.482643723 0.444448382 0.464994133
    0.589250386 0.911963224 0.508230448 0.151349336 0.598490357
    0.730693579 0.172294766 0.199763954 0.804384232 0.560790777
    0.403652668 0.834694743 0.74415195 0.2954337 0.674652934 0.232545793
    0.839680433 0.233093709 0.472423255 0.413036883 0.0436121225
    0.827141166 0.978102803 0.436664343 0.40152365 0.785085917
    0.322467059 0.94698137 0.472415864 0.312109649 0.549470901
    0.116645843 0.366119802 0.0580268502 0.681114793 0.713977814
    0.894335628 0.2582452 0.676225781 0.450572461 0.158741027
    0.347945571 0.612995446 0.520374417 0.243040681 0.251302123
    0.626085043 0.786502779 0.0570543408 0.802745938 0.423199087
    0.432181001 0.208915412 0.697214425 0.937155008 0.716050684
    0.52248615 0.708370745 0.200886875 0.351867139 0.114756405
    0.0405140221 0.588863492 0.597326696 0.0986316502 0.0468330979
    0.0879502296 0.0740436316 0.257426143 0.599496543 0.287594944
    0.717372775 0.593724132 0.853288412 0.24177146 0.649358153
    0.33045426 0.169402778 0.445317119 0.882489681 0.667221308
    0.643548489 0.0240859985 0.63391161 0.653769612 0.665461481
    0.00893130898 0.68080622 0.843738556 0.299464405 0.444726467
    0.246737123 0.0391994417 0.184330642 0.272885948 0.0797719657
    0.180927426 0.479701698 0.143008679 0.828488946 0.370222688
    0.333999097 0.585738301 0.309595674 0.0276883245 0.0227235258
    0.0966810286 0.0384005904 0.847038269 0.176952183 0.794569612
    0.408395737 0.442562997 0.186326802 0.92406857 0.408479124
    0.96748805 0.383783579 0.184856236 0.441200793 0.236610621
    0.255294561 0.179550111 0.0575877726 0.943506479 0.426746219
    0.303295553 0.429609865 0.312638432 0.286164671 0.1829786
    0.963786721 0.271459639 0.591557205 0.166960865 0.269829929
    0.165266603 0.2422598 0.456241876 0.845704794 0.707591653
    0.131706059 0.494845331 0.0473951697 0.0558891296 0.142397434
    0.925086856 0.264753908 0.218231142 0.634188235 0.6482476
    0.969861031 0.625926256 0.321252882 0.37896958 0.499500632
    0.434088558 0.327412039 0.14261356 0.459572136 0.329425395
    0.889671504 0.364094913 0.200679749 0.833021879 0.510611117
    0.272411376 0.661935389 0.519034088 0.851866364 0.507900417
    0.197894394 0.965105474 0.332484901 0.248976141 0.0884439945
    0.429604918 0.0995069146 0.204045236 0.732925177 0.144667834
    0.285418868 0.922853231 0.114526749 0.753971219 0.582287073
    0.255489051 0.541947126 0.954772711 0.893894255 0.884121835
    0.180825651 0.959406376 0.71984297 0.282226443 0.424844205
    0.917342186 0.876255155 0.963679433 0.794550419 0.628871083
    0.867299736 0.84049058 0.807461798 0.499458492 0.792893767
    0.789365351 0.33085525 0.795034885 0.78997016 0.596822977
    0.452304125 0.775100529 0.765030503 0.239053249 0.544633687
    0.420506954 0.00472599268 0.317498803 0.51093924 0.534342766
    0.611493468 0.82373476 0.840398371 0.753287554 0.862203419
    0.573097467 0.222836316 0.357807219 0.770062327 0.642301202
    0.191857874 0.837915421 0.751986384 0.31494838 0.949862361
    0.846176386 0.358555257 0.784564972 0.942186117 0.157550901
    0.958213687 0.11856097 0.252821058 0.892288208 0.881958127
    0.899670839 0.510041416 0.121783942 0.589835405 0.576287866
    0.324036479 0.275449455 0.544746041 0.858719289 0.839896321
    0.873464942 0.276780009 0.454712182 0.891086102 0.711885035
    0.528826356 0.874551654 0.851960063 0.68930763 0.466713548
    0.00262883306 0.233496845 0.155879617 0.641049504 0.527255714
    0.229299009 0.827254891 0.375126868 0.0178064406 0.112504035
    0.185818434 0.629834294 0.877418637 0.661272407 0.331463456
    0.200277269 0.786943316 0.783962369 0.887693286 0.557117045
    0.198931932 0.405588418 0.0391249359 0.983577728 0.510848522
    0.445288002 0.531782448 0.734403133 0.559078097 0.563844621
    0.328683317 0.0384159684 0.437285155 0.571899951 0.757454991
    0.102105469 0.838198066 0.959783316 0.932558775 0.29112041
    0.679711998 0.770449281 0.765284657 0.443406343 0.500730276
    0.97869873 0.431659579 0.0956966579 0.388347238 0.732513845
    0.878069282 0.524469137 0.73993367 0.44205004 0.314654648 0.30129236
    0.994238853 0.922163606 0.373813212 0.294070095 0.337235928
    0.515211284 0.113939226 0.29323101 0.57639879 0.496145397
    0.297373295 0.501759171 0.663574457 0.907621086 0.0134284794
    0.892694116 0.9621014 0.593482733 0.89614892 0.379992872 0.332722604
    0.795073271 0.972827077 0.56915307 0.189933926 0.631778896
    0.720217645 0.621985078 0.913313925 0.543055713 0.131888866
    0.104452372 0.219537526 0.63379997 0.414314955 0.500539482
    0.913417578 0.131455153 0.402001023 0.405879319 0.703700304
    0.385682046 0.395501822 0.0591768026 0.662038684 0.141789377
    0.511588216 0.653558552 0.654522598 0.494350821 0.937051952
    0.439958841 0.985409141 0.383103967 0.888611436 0.972468615
    0.657111824 0.0365464985 0.719523907 0.595871568 0.596710324
    0.594193101 0.649223566 0.975869775 0.198986977 0.0212723315
    0.764783382 0.750823975 0.361800253 0.500175774 0.732723832
    0.691147745 0.475508273 0.48657468 0.420199424 0.341089487
    0.705616415 0.440423697 0.318641424 0.639104009 0.50027436
    0.0247687995 0.568936825 0.869587779 0.0760608017 0.464661896
    0.204404026 0.607685089 0.395472914 0.608671844 0.588786483
    0.00173613429 0.518720746 0.282478869 0.476122051 0.801752687
    0.554716408 0.00126793981 0.243841797 0.892439425 0.10627982
    0.947274685 0.757764459 0.00615695119 0.0833375156 0.318240941
    0.544215381 0.349398673 0.527292073 0.893325567 0.21934697
    0.321182311 0.15620476 0.925977468 0.753960013 0.364521444
    0.870985866 0.886961341 0.693802059 0.664596856 0.985948682
    0.950708032 0.905118346 0.243549019 0.38257879 0.522527874
    0.524773359 0.595533252 0.611064434 0.862784624 0.467144996
    0.733280838 0.708554983 0.693686426 0.0168276131 0.736519217
    0.0816591978 0.665691912 0.27098605 0.25872314 0.280194581
    0.859192848 0.712628305 0.768433452 0.134366214 0.739525437
    0.275241494 0.964413166 0.0814636052 0.190627038 0.85583055
    0.200016856 0.116325468 0.150555044 0.301563561 0.924232841
    0.830000222 0.546050429 0.680060446 0.121947318 0.591999829
    0.0399506688 0.995681524 0.790185452 0.993792057 0.230297625
    0.25892216 0.388732314 0.0278728902 0.565979064 0.363034725
    0.921624541 0.301278591 0.567109764 0.450771064 0.374836683
    0.945015669 0.637221456 0.14543739 0.930150926 0.976005614
    0.308883071 0.769952297 0.757685542 0.275103003 0.792347789
    0.78753382 0.623433292 0.127970695 0.530823946 0.755138874
    0.994562984 0.993493319 0.976818085 0.23200652 0.958382249
    0.661872029 0.311927885 0.267501354 0.516306818 0.148729175
    0.805836082 0.613837361 0.235135287 0.853991151 0.764919937
    0.186700284 0.243521273 0.849763751 0.517300606 0.818980336
    0.298005193 0.73963666 0.467463225 0.454309672 0.484850883
    0.208443791 0.81492126 0.551208436 0.593158126 0.256371856
    0.343782485 0.37474668 0.473243415 0.353140056 0.169957042
    0.40080601 0.455514491 0.23044619 0.405795127 0.00663766265
    0.464099318 0.35853678 0.204280347 0.421641052 0.613443971
    0.339358687 0.84581399 0.757646739 0.219067872 0.444243997
    0.0212249756 0.370648265 0.964111567 0.869561076 0.659385324
    0.603521347 0.23367247 0.124911487 0.585715473 0.456502348
    0.394826382 0.115626276 0.962827086 0.730566323 0.79347235
    0.971794307 0.623854697 0.417516649 0.958385527 0.125591099
    0.542207658 0.56368959 0.897462606 0.629128814 0.940740705
    0.618010759 0.866979718 0.439563602 0.291858435 0.16947183
    0.47089079 0.575736403 0.0943339467 0.90178442 0.211377352
    0.0477582812 0.12855798 0.110173941 0.403067887 0.0855030119
    0.499723554 0.94781661 0.269458473 0.638350606 0.544779599
    0.0025639236 0.334279954 0.638982415 0.794316769 0.40171504
    0.405437022 0.290206015 0.933980048 0.513032019 0.637372613
    0.9845047 0.777505159 0.860502958 0.340055645 0.36054346 0.649955988
    0.98534137 0.544420004 0.962245047 0.498531193 0.373818904
    0.771803081 0.960196972 0.85429889 0.575912952 0.476361364
    0.977309704 0.519382477 0.439000309 0.145083606 0.0483729839
    0.37269336 0.0186734498 0.0425236821 0.929097414 0.790206552
    0.515474141 0.217880458 0.910465121 0.235892057 0.0397858918
    0.0865309536 0.191943079 0.854594827 0.644490659 0.668851614
    0.963689089 0.313091457 0.454406291 0.854885936 0.804645061
    0.170983285 0.917913139 0.619081736 0.323679447 0.680678844
    0.837449312 0.889928699 0.274166882 0.767113924 0.350237191
    0.233804852 0.809259534 0.890239596 0.241530269 0.297452897
    0.993188083 0.163704872 0.0509822369 0.847241759 0.151117265
    0.847016931 0.951180339 0.79414922 0.653944731 0.0379679799
    0.0579346418 0.894058585 0.9022609 0.250803053 0.735181987
    0.560339332 0.247741818 0.447510123 0.874661207 0.751906395
    0.762556672 0.101899266 0.919986308 0.626223803 0.0153873265
    0.878475785 0.736522973 0.877717137 0.64860177 0.38788271
    0.831248999 0.114399523 0.546684861 0.30835411 0.772048593
    0.298381209 0.740337968 0.937938035 0.787906826 0.09279266
    0.839806914 0.759576678 0.265699476 0.698855042 0.135880709
    0.189106107 0.985325515 0.628281236 0.0543769002 0.0538746119
    0.71832031 0.907957792 0.847535908 0.821133018 0.418018967
    0.113087177 0.715605617 0.0973499119 0.423411131 0.662711203
    0.764245868 0.926163197 0.845037043 0.127722293 0.246364564
    0.0486747026 0.271872878 0.651547849 0.379688084 0.239411592
    0.527751207 0.0278257728 0.454922676 0.0955560207 0.915778697
    0.689633429 0.424540639 0.838363528 0.559267759 0.571270645
    0.14770332 0.483480245 0.868192732 0.650884151 0.516597092
    0.537716269 0.953192115 0.78150326 0.0683996081 0.968793273
    0.13850227 0.73696202 0.41200918 0.0973168015 0.00840884447
    0.052031368 0.794997096 0.690790892 0.789181292 0.900921822
    0.877219677 0.541240394 0.918239236 0.377959132 0.584166825
    0.547448158 0.809078693 0.421837807 0.966544151 0.534469604
    0.197596103 0.761636376 0.874804735 0.316222191 0.787442923
    0.80307591 0.0213047862 0.867987096 0.934620738 0.126859128
    0.187676072 0.407278299 0.42570287 0.00747039914 0.772386432
    0.251864046 0.586633205 0.648443043 0.42942512 0.16479066
    0.362215579 0.604015589 0.0529271662 0.325443566 0.464234173
    0.691559732 0.869983554 0.539550602 0.00693571568 0.498171777
    0.205792785 0.37897861 0.656759202 0.872311592 0.999652207
    0.055108726 0.840884745 0.704720378 0.532220423 0.114057571
    0.68578732 0.7469455 0.990102589 0.959775984 0.839771032 0.809318244
    0.312188506 0.788648427 0.158702254 0.639036 0.0977860093 0.22410816
    0.563534856 0.0494340956 0.49133423 0.51785934 0.490742922
    0.0309917033 0.260976434 0.325247675 0.306605965 0.91465807
    0.463347286 0.813525438 0.717738032 0.0306130052 0.444076151
    0.156929731 0.149545699 0.731551945 0.734986305 0.413306653
    0.0215377808 0.530583501 0.995192289 0.381979376 0.151501477
    0.427173108 0.579214394 0.384434968 0.1548931 0.647338986
    0.866901219 0.0990502834 0.970051169 0.531914473 0.994442105
    0.509687126 0.358250171 0.12319687 0.0993926525 0.944700122
    0.28022179 0.131436646 0.847408235 0.728572369 0.97991395
    0.210318029 0.231149912 0.245515257 0.570229888 0.864040732
    0.274242818 0.616031528 0.221211672 0.0984355509 0.57724452
    0.75781405 0.923202395 0.705390573 0.407736152 0.329914093
    0.922240019 0.525905311 0.885659933 0.698098361 0.940451026
    0.0508754253 0.255760014 0.790886045 0.534201384 0.835192502
    0.473080546 0.0373755395 0.933449686 0.44226253 0.547125578
    0.054014802 0.56102407 0.136958301 0.897973001 0.850321651
    0.912774682 0.314948261 0.00358006358 0.855576992 0.735387444
    0.641785145 0.337877393 0.667890787 0.853018522 0.160408854
    0.0373352766 0.221677959 0.399500132 0.274891436 0.326916039
    0.120220155 0.460342854 0.995343566 0.0637058318 0.596582174
    0.910498023 0.157264471 0.334365398 0.579303265 0.804549575
    0.38933292 0.48718524 0.589259684 0.621758342 0.835797071
    0.195518941 0.874696612 0.0720921159 0.490981936 0.403789461
    0.447027624 0.541315377 0.777478099 0.139879018 0.821797132
    0.88344264 0.710216701 0.028128624 0.83315897 0.77948451 0.244029373
    0.0416147113 0.173230588 0.144171923 0.122928977 0.18402648
    0.218278259 0.77148807 0.976861477 0.938693225 0.959541678
    0.118346602 0.80474925 0.0892004073 0.290219128 0.374293327
    0.894999266 0.82377398 0.160517752 0.199549198 0.855303168
    0.88578856 0.0442066789 0.266913116 0.069244504 0.875169754
    0.0441867113 0.00478863716 0.126831949 0.37746945 0.285683155
    0.0909262002 0.214275092 0.885723531 0.860277891 0.0976396501
    0.170107216 0.569128156 0.367556572 0.0454667509 0.95233041
    0.556029975 0.776685178 0.691245735 0.335769057 0.980084181
    0.475721419 0.171169639 0.281635046 0.82587254 0.427748144
    0.182435811 0.529388487 0.764498174 0.819854736 0.198720187
    0.954214633 0.538590968 0.0726198554 0.398859292 0.944320083
    0.596421838 0.0395286977 0.536189198 0.61308223 0.0650021136
    0.227545828 0.389093935 0.760531068 0.745888174 0.0739723146
    0.455736816 0.206820756 0.928087115 0.41074875 0.364134908
    0.394667745 0.8733567 0.893591225 0.647076964 0.022285521
    0.689029992 0.230722278 0.477876842 0.971225619 0.00634336472
    0.158055127 0.0263121426 0.533035457 0.903672814 0.799082875
    0.552506685 0.391025752 0.834812522 0.819627285 0.0456321239
    0.946730673 0.867657125 0.848667145 0.654082179 0.85390389
    0.553707004 0.559577763 0.365883291 0.111503184 0.623638511
    0.64119643 0.360713124 0.475632817 0.717752218 0.757404923
    0.533924937 0.168629885 0.132730126 0.256160885 0.80301559
    0.836366057 0.308450818 0.396335244 0.968641937 0.935572863
    0.431237757 0.509933174 0.623241425 0.788107634 0.669268131
    0.583782673 0.777005434 0.46437037 0.303142339 0.543287218
    0.0884730816 0.576509714 0.608576775 0.590821981 0.287947148
    0.625677049 0.299823254 0.0594305992 0.932436883 0.310142934
    0.234745055 0.55168128 0.765940428 0.0742661059 0.253170729
    0.240168482 0.588448644 0.28268078 0.849315882 0.53341186
    0.816314459 0.114273041 0.3257761 0.456918806 0.521382928
    0.114811748 0.137058109 0.807243943 0.849455953 0.456179261
    0.507193089 0.60718751 0.466180801 0.495361596 0.516963005
    0.0697292387 0.00930061936 0.929038346 0.898946881 0.143773437
    0.131224364 0.536894202 0.613799751 0.521621048 0.808836102
    0.0954832435 0.538298965 0.226503164 0.00919243693 0.861083508
    0.243107677 0.616462648 0.812908232 0.373037338 0.509290695
    0.846856236 0.180145413 0.677351117 0.609505177 0.807521701
    0.629927337 0.535401762 0.589865744 0.861568809 0.860386252
    0.915213466 0.997060716 0.545627952 0.395438284 0.508311868
    0.791340709 0.718427539 0.00586333871 0.252280116 0.673747957
    0.377867311 0.852399111 0.190983176 0.195842415 0.272770375
    0.590561569 0.812151432 0.715637863 0.427371085 0.941842079
    0.632637858 0.866219997 0.60331589 0.755557179 0.123244852
    0.747435927 0.22745654 0.470397532 0.941796839 0.107589036
    0.546035171 0.229261041 0.423262298 0.58359623 0.695668817
    0.380227566 0.719474316 0.894201636 0.133471668 0.201164812
    0.921425104 0.326318681 0.672159731 0.738788247 0.17760095
    0.745184064 0.58017683 0.860384881 0.614317894 0.901892841
    0.260462135 0.132948428 0.954802752 0.836610079 0.63690114
    0.923362613 0.0930618346 0.610765517 0.637291908 0.401534408
    0.825083971 0.302348167 0.410831928 0.50138706 0.247670829
    0.918791056 0.0257122815 0.769366622 0.638491452 0.237876177
    0.657153487 0.70289886 0.784542501 0.655816853 0.839719176
    0.162147999 0.549957335 0.581834614 0.912314296 0.554500878
    0.682750165 0.309582651 0.564499736 0.268660545 0.00358659029
    0.864204884 0.171922714 0.598672211 0.250622213 0.691176295
    0.608781338 0.724522352 0.0885891616 0.780563533 0.217537552
    0.24191466 0.933405757 0.275543094 0.092113167 0.524545729
    0.726868749 0.529501677 0.163835496 0.105821908 0.409258693
    0.357110322 0.224116594 0.790543199 0.70437777 0.33623147
    0.426285684 0.503123224 0.471163899 0.152693748 0.749471366
    0.380885452 0.0136217773 0.453659713 0.732235909 0.357443213
    0.0469878316 0.667174518 0.221855074 0.919169188 0.659176648
    0.362013698 0.0227863193 0.395180792 0.682295918 0.547309399
    0.903166234 0.330807924 0.669772148 0.822016954 0.225950927
    0.95042634 0.564441919 0.469014704 0.801743865 0.786500692
    0.411141634 0.255740643 0.637677789 0.68775028 0.0792946517
    0.459831536 0.450492531 0.0930047333 0.85447365 0.137369424
    0.857429087 0.820044875 0.332379222 0.314011574 0.453187674
    0.78222096 0.240535736 0.142100304 0.279245824 0.94829464
    0.637510002 0.773975492 0.673436701 0.860348225 0.516544282
    0.99810791 0.0291898847 0.234229922 0.716709673 0.695799887
    0.81360513 0.476183563 0.60352546 0.535773218 0.123605072
    0.632092714 0.385556996 0.36498332 0.934080362 0.905683994
    0.694390178 0.135399997 0.250724375 0.303734541 0.476485759
    0.526171446 0.611895025 0.349752188 0.531652808 0.344556928
    0.167360842 0.857983589 0.590005577 0.509206593 0.506285727
    0.308311343 0.835382998 0.719966292 0.975448251 0.477811873
    0.198330194 0.966527462 0.86921221 0.972947896 0.963611603
    0.752473474 0.289916337 0.122351289 0.840853214 0.516357958
    0.509833694 0.606512845 0.256095499 0.306024373 0.268105268
    0.670061827 0.308388025 0.385238886 0.431962967 0.373240769
    0.335426539 0.779488444 0.525920868 0.185755879 0.501762629
    0.0961185098 0.00160655379 0.140784204 0.0786418617 0.311253667
    0.00787100196 0.206721336 0.852761745 0.874921918 0.956360459
    0.586099267 0.22441721 0.264489949 0.203887373 0.35408935
    0.235834002 0.3330217 0.680754721 0.258274406 0.644132137
    0.444557846 0.226981401 0.485219836 0.0268015265 0.630506277
    0.827261567 0.408431411 0.303111583 0.149506658 0.571590841
    0.306184828 0.427439868 0.402050555 0.331496537 0.460509956
    0.66223681 0.0510621071 0.789556324 0.664586961 0.977714539
    0.524351001 0.203981757 0.811679602 0.245965302 0.189951837
    0.207527369 0.208921492 0.825918913 0.746295214 0.366140336
    0.0297529697 0.411736876 0.925408185 0.426878691 0.950508296
    0.0976536274 0.381535321 0.140955806 0.634873629 0.781482577
    0.569587946 0.680963218 0.216839939 0.450687319 0.363511771
    0.30285567 0.193718344 0.853147626 0.103132963 0.298149288
    0.296694249 0.653882146 0.724448144 0.380952299 0.132567763
    0.805096805 0.826982975 0.545335948 0.545556843 0.350685358
    0.274169564 0.568788409 0.573066771 0.906941652 0.72292161
    0.941679239 0.040515095 0.605371833 0.775319397 0.392779469 0.543109
    0.832539916 0.19944936 0.162332654 0.948696256 0.0687638819
    0.945382655 0.329386622 0.446489453 0.813643336 0.741233706
    0.200762302 0.465396523 0.631242454 0.329327762 0.298847497
    0.990895689 0.823816657 0.272799015 0.902495801 0.398295224
    0.295869768 0.906714916 0.0466809869 0.80399555 0.237272471
    0.0415942669 0.390256703 0.0106401443 0.943483829 0.174208969
    0.512143791 0.943328857 0.523552299 0.23380807 0.893752396
    0.916121125 0.533568859 0.584045947 0.43501088 0.0310080647
    0.115265399 0.0617994368 0.345249683 0.953361392 0.704124153
    0.935655832 0.0272147655 0.711864471 0.809821129 0.25886631
    0.215394557 0.68418014 0.389280647 0.858179927 0.326450884
    0.494481176 0.523984611 0.978864551 0.562435091 0.400461316
    0.32892853 0.252262503 0.940893471 0.316323727 0.494508386
    0.546499014 0.981117606 0.865617156 0.902202368 0.229231387
    0.161214024 0.11193952 0.531461656 0.137003481 0.614435732
    0.870188653 0.0468203127 0.452999771 0.375095606 0.756465077
    0.996821225 0.0021289587 0.693695188 0.972654343 0.397513449
    0.898966491 0.120661259 0.505802631 0.27497822 0.52154237
    0.642387569 0.307168484 0.448971987 0.0537462831 0.581511199
    0.839074254 0.212331265 0.0814525187 0.709624469 0.503058791
    0.23503229 0.28086558 0.823831201 0.877415538 0.0930640101
    0.603123248 0.325943947 0.215497136 0.392180681 0.22697106
    0.809413552 0.336126626 0.81131196 0.597579896 0.44707492
    0.900950074 0.272952914 0.232082546 0.398794383 0.000900268555
    0.742075562 0.0737050772 0.0722436905 0.311106533 0.0923033655
    0.939692259 0.509432733 0.136157691 0.474283844 0.645172834
    0.867685795 0.89315331 0.970412552 0.408412844 0.553907275
    0.595739067 0.678494155 0.121637881 0.875418305 0.243641019
    0.503096282 0.073777616 0.598368645 0.0737415552 0.799570799
    0.54910928 0.274492383 0.575717211 0.476576209 0.286855817
    0.506570458 0.625065207 0.455843329 0.364717007 0.246336192
    0.355959594 0.0179662704 0.985400558 0.197644204 0.833755016
    0.895333886 0.317591429 0.57531786 0.841648877 0.234300733
    0.144457489 0.124431938 0.393446892 0.377024621 0.788825154
    0.852153003 0.80329597 0.972384334 0.403731406 0.383221269
    0.522277057 0.149456918 0.731812477 0.440834224 0.480318457
    0.821210742 0.693196297 0.100049973 0.630763352 0.87840867
    0.836238861 0.147316128 0.177433103 0.885755897 0.757237256
    0.543457687 0.465704739 0.480921894 0.35507533 0.265366077
    0.662003398 0.6055094 0.247264653 0.0481612384 0.247478426
    0.511283815 0.111678869 0.489425272 0.988209784 0.978728294
    0.347036123 0.994664192 0.333809525 0.713290095 0.688776851
    0.715518475 0.0225425661 0.55181545 0.801150799 0.768746853
    0.185682178 0.723772824 0.138037115 0.159922689 0.511168778
    0.0919634402 0.922110677 0.474237323 0.332009971 0.703852832
    0.265597492 0.356782854 0.257929206 0.296862364 0.590342999
    0.414528817 0.502291441 0.857243776 0.219997913 0.771701574
    0.137773216 0.540400386 0.611545205 0.0205933154 0.93493402
    0.588351667 0.708114922 0.0873298347 0.096386224 0.0814908147
    0.471401781 0.573191643 0.938584626 0.826191843 0.482603699
    0.185601085 0.36775887 0.801878929 0.058649838 0.0714520812
    0.85495162 0.17216146 0.309489846 0.883554935 0.0396330953
    0.0997134149 0.0462965667 0.0629202425 0.938657403 0.111278474
    0.102021307 0.502529025 0.99278754 0.00295621157 0.0786456764
    0.541128278 0.794586658 0.338308513 0.289879054 0.601559699
    0.0990606248 0.913801074 0.652125359 0.718258142 0.113645315
    0.669836402 0.955546737 0.111837715 0.938215613 0.216872454
    0.344031572 0.0136922896 0.669710994 0.689131379 0.969348967
    0.615110159 0.17276746 0.44698751 0.406601995 0.500626028 0.21770519
    0.662249684 0.848715782 0.890216768 0.141590416 0.923315823
    0.331029177 0.827893019 0.699276745 0.394668907 0.875900269
    0.424838156 0.755478024 0.700139523 0.890188813 0.29741472
    0.760013103 0.73357743 0.380365163 0.412197173 0.910229325
    0.537688136 0.893326163 0.979358673 0.474913061 0.575206339
    0.0248034894 0.929386735 0.285470843 0.32346186 0.989381313
    0.19190836 0.561444998 0.126820922 0.718009293 0.974645972
    0.381294489 0.207742572 0.432765663 0.81899786 0.342329651
    0.520337403 0.855829597 0.196005374 0.930694282 0.373610556
    0.777900398 0.290056467 0.569779396 0.0263776481 0.717706442
    0.253992349 0.582439125 0.198940098 0.777318835 0.0546526313
    0.404989362 0.830694914 0.998875082 0.286293775 0.888913512
    0.678657413 0.532699585 0.706905782 0.576600492 0.700314403
    0.195709437 0.480461478 0.105969399 0.476018548 0.0286259949
    0.806258798 0.479505002 0.258670747 0.383391857 0.601727605
    0.692931294 0.155997217 0.218160689 0.889937818 0.40444231
    0.787859499 0.0686257184 0.446760774 0.719150603 0.183862567
    0.367312372 0.445633411 0.0500566959 0.219869733 0.394015223
    0.261793494 0.964613914 0.93804419 0.925263226 0.823203564
    0.191722512 0.520096898 0.892950773 0.124935448 0.913639367
    0.984841228 0.144843727 0.575354815 0.129981577 0.144924462
    0.461087972 0.813506424 0.397787839 0.230038434 0.303214133
    0.799831271 0.685539365 0.617555141 0.594034553 0.948710918
    0.915693104 0.531594098 0.578508854 0.370390654 0.174158812
    0.992506206 0.322200418 0.82041502 0.0465223193 0.836815834
    0.124407798 0.0876553059 0.0927484334 0.225896567 0.368950844
    0.0830096304 0.535231769 0.860531807 0.946590424 0.591155589
    0.306635141 0.679975867 0.0248633921 0.239371598 0.254054546
    0.614167273 0.920337975 0.415570557 0.0662120283 0.535288393
    0.400067985 0.0546042621 0.86613822 0.808623075 0.184586972
    0.146326363 0.120942712 0.118018746 0.827781677 0.72037077
    0.818361998 0.234015316 0.282462925 0.479849458 0.114746094
    0.0564163625 0.428387582 0.0169065297 0.430028588 0.00556749105
    0.680533707 0.306046605 0.0639541447 0.965923429 0.933469653
    0.682027876 0.805751026 0.194379389 0.462921143 0.771836996
    0.356450111 0.494782567 0.539307475 0.966603458 0.0752210617
    0.692984879 0.0908854008 0.607500076 0.899938047 0.801380515
    0.921625018 0.673567832 0.581702411 0.298608422 0.789280534
    0.112655967 0.655697584 0.701694846 0.223379731 0.351228744
    0.0713939667 0.786397457 0.0906983912 0.17261675 0.959480047
    0.565917075 0.0318140388 0.809466124 0.744435728 0.269627005
    0.694248855 0.355713636 0.0428649187 0.523152888 0.613308489
    0.476287395 0.0709239841 0.693256915 0.914857328 0.063544631
    0.111829013 0.317912757 0.56506747 0.136664599 0.525595188
    0.259861887 0.53611517 0.693715811 0.098551333 0.826389909
    0.641676068 0.580913305 0.376281559 0.052557677 0.23170352
    0.755274057 0.75508523 0.550111175 0.738705516 0.446124375
    0.780895352 0.738829851 0.296346039 0.0568622649 0.754875422
    0.0321588516 0.904910326 0.516983449 0.0326534212 0.297560304
    0.0353512168 0.510531962 0.0751811564 0.963724375 0.137842268
    0.303080678 0.867998123 0.950209916 0.438913167 0.809337497
    0.265270829 0.551572323 0.993302524 0.901844442 0.270577431
    0.153677762 0.661025405 0.280778885 0.55107832 0.920950413
    0.377627462 0.819244504 0.364071518 0.797357976 0.40743351
    0.263442844 0.00374177098 0.345924914 0.042670697 0.0872225165
    0.484934509 0.332421124 0.0553405285 0.462683409 0.852621555
    0.117642343 0.911941886 0.645913661 0.652415752 0.783867776
    0.4777188 0.832974195 0.971839786 0.920531511 0.951055646
    0.633586049 0.771617174 0.0230565071 0.580036104 0.381767839
    0.605216146 0.0875178277 0.244159043 0.673148751 0.317062855
    0.417992264 0.879621387 0.189240903 0.605276883 0.971358478
    0.770145476 0.555351794 0.228913307 0.692276776 0.968809605
    0.649148703 0.981907368 0.82648313 0.812346458 0.265956581
    0.581400931 0.733408451 0.517624438 0.698996127 0.854807854
    0.383172661 0.370954454 0.537026107 0.0107111037 0.464508981
    0.635944009 0.342289865 0.0967948139 0.419846296 0.209855825
    0.363455296 0.707209766 0.954210877 0.883471966 0.296870351
    0.709118724 0.964176416 0.88947022 0.42731595 0.831550837
    0.232827693 0.52470696 0.149563015 0.956868947 0.230287552
    0.0131487548 0.647721589 0.40721935 0.627779722 0.994178176
    0.26775682 0.203473389 0.466886491 0.532689452 0.559449792
    0.856767535 0.635861397 0.847018063 0.364662647 0.112095982
    0.99661684 0.220716476 0.272584945 0.103653073 0.00499513745
    0.162648916 0.734445691 0.176772565 0.132141322 0.509710431
    0.00449678302 0.119308084 0.840917587 0.256541908 0.122806519
    0.861803532 0.602969229 0.531380832 0.889108658 0.667165756
    0.429900199 0.809845448 0.64353776 0.225428849 0.248383522
    0.0504547954 0.933576107 0.774489403 0.963304937 0.119669974
    0.651336133 0.288351715 0.364967734 0.422895133 0.255954385
    0.955496013 0.544421136 0.214506567 0.505027294 0.218421698
    0.883553624 0.441444397 0.0862901211 0.19347021 0.650350988
    0.0332134068 0.612977147 0.68497324 0.259763896 0.899979711
    0.452536851 0.813720107 0.598389626 0.950228095 0.758217335
    0.187083542 0.24543786 0.679338634 0.909003139 0.549229264
    0.448685497 0.569551051 0.0907700956 0.0720380545 0.424300045
    0.447578341 0.0340767503 0.0328419805 0.278333962 0.765586078
    0.163737506 0.332090378 0.36062175 0.811457276 0.644298613
    0.876105666 0.399482131 0.61532259 0.209395319 0.797970176
    0.830004394 0.181921542 0.82607758 0.121752769 0.91504693
    0.808969498 0.680814147 0.489108622 0.230243474 0.759176791
    0.821981072 0.950962782 0.194109559 0.696721435 0.407417119
    0.288471222 0.785700679 0.677348495 0.572645664 0.622562706
    0.945876598 0.797716618 0.263607532 0.453494102 0.216900289
    0.505507946 0.0848798752 0.134073824 0.421563089 0.10202688
    0.803067684 0.524945259 0.837833166 0.77581346 0.680651605
    0.96900785 0.867829442 0.391395509 0.856501698 0.762406588
    0.184925079 0.67029494 0.820725501 0.189294934 0.335177064
    0.552019417 0.617152452 0.705972075 0.228193194 0.400272846
    0.65327847 0.354337901 0.97234565 0.421488643 0.0796020329
    0.706767201 0.305599332 0.124964088 0.499957591 0.842920959
    0.666873753 0.914140105 0.727865934 0.489128083 0.511232555
    0.740186214 0.588682353 0.865552068 0.381961823 0.045558989
    0.892054379 0.90139544 0.874004722 0.251978427 0.748255849
    0.524666071 0.701527357 0.936691999 0.808712721 0.443568558
    0.156828463 0.95340848 0.247791976 0.552316427 0.59356153
    0.953669786 0.990442276 0.865262508 0.632081091 0.395823956
    0.719412684 0.487439632 0.170528322 0.0056682229 0.91156745
    0.658973873 0.396891385 0.587354779 0.386982977 0.387539864
    0.44663924 0.494324058 0.680629551 0.203336447 0.115977675
    0.713242948 0.862940013 0.83144933 0.0485750139 0.50728637
    0.682080269 0.761354804 0.959581614 0.539545655 0.575562358
    0.850912809 0.437698096 0.645198703 0.991270959 0.746767879
    0.817880273 0.809441566 0.799618721 0.911628246 0.626560211
    0.762256563 0.107647538 0.305357814 0.912882447 0.400375456
    0.509952784 0.296942115 0.767453611 0.383512199 0.948296368
    0.0712447166 0.390828222 0.654520452 0.29618293 0.860361457
    0.54564774 0.40315488 0.00836870074 0.374683559 0.388569623
    0.211525142 0.578782678 0.0464283228 0.644276619 0.921428859
    0.777080297 0.967997253 0.694666386 0.900735199 0.658888221
    0.186378002 0.491394609 0.806262016 0.423398167 0.64882493
    0.888131022 0.690204263 0.500515103 0.610364437 0.655658901
    0.309014976 0.987141132 0.612802804 0.339879334 0.192718327
    0.210202187 0.277823865 0.904659927 0.533792078 0.551369965
    0.875090957 0.141653538 0.365905166 0.487744719 0.284593701
    0.112232625 0.611919701 0.0960823596 0.544342995 0.649208724
    0.0316303372 0.681549191 0.62771821 0.462669432 0.0737597942
    0.769546986 0.511081159 0.944085181 0.833508074 0.855032563
    0.104797006 0.148069888 0.436277628 0.347585469 0.398679972
    0.836508512 0.6060552 0.428325564 0.0979623795 0.288529366
    0.812949836 0.640371025 0.225527614 0.769003987 0.281174839
    0.79773736 0.301038325 0.566674292 0.752818882 0.108221203
    0.039095521 0.563398302 0.785404325 0.457714081 0.242677063
    0.856136501 0.603129625 0.585247815 0.939128995 0.307558596
    0.7062428 0.580681682 0.338846385 0.831724226 0.978313208
    0.573480606 0.454292148 0.215088964 0.917833865 0.316963941
    0.93652308 0.845787644 0.501655996 0.226455778 0.0658097565
    0.841356933 0.0303276181 0.668647885 0.660006106 0.671328127
    0.870223463 0.156864136 0.860875428 0.327809989 0.933295071
    0.0732260644 0.0768661797 0.817915082 0.701228917 0.216057837
    0.885837138 0.463961452 0.380361557 0.141698331 0.414863765
    0.208791703 0.139040023 0.920927286 0.264723003 0.345830083
    0.262060016 0.145395339 0.152924091 0.971184611 0.70908618
    0.182828873 0.843800068 0.0736828148 0.87212956 0.587119639
    0.68351239 0.714188755 0.621538699 0.136294961 0.211576134
    0.0976271033 0.542671382 0.90454483 0.788564265 0.295269281
    0.0305284262 0.77447015 0.597060382 0.58528471 0.712185979
    0.177780092 0.80459702 0.0645749271 0.102349311 0.996417999
    0.28593576 0.797379851 0.897187233 0.647585571 0.775712013
    0.65055716 0.0351219475 0.350156218 0.969600677 0.560782194
    0.029881984 0.936445713 0.869986176 0.399761915 0.929000914
    0.356370419 0.0535892844 0.271953702 0.529111028 0.980313897
    0.0552148819 0.715728402 0.836918831 0.815758944 0.119305789
    0.701144874 0.236576647 0.00847473741 0.30804044 0.0473058224
    0.471966773 0.495999902 0.428319991 0.690765083 0.553768575
    0.572321296 0.854134679 0.809178233 0.0937245488 0.76639688
    0.640933633 0.264430106 0.130864352 0.966483951 0.536020994
    0.70751524 0.55324769 0.346809298 0.77627939 0.431693316 0.407879293
    0.505466819 0.574062824 0.0566518903 0.798290491 0.31564945
    0.777950406 0.729483545 0.380784392 0.151739806 0.322389752
    0.855395079 0.359528571 0.453143656 0.4250018 0.116678953
    0.820929289 0.698347986 0.511496842 0.279067844 0.443268359
    0.520912826 0.756681859 0.493116587 0.63848865 0.516258597
    0.922851324 0.992393672 0.35739696 0.00773522258 0.874911487
    0.532841682 0.614086509 0.838035345 0.884371817 0.612837017
    0.96712172 0.614791512 0.44350788 0.876641333 0.0685449243
    0.722625613 0.254539192 0.177070141 0.109109908 0.601934791
    0.102485567 0.450941533 0.80194068 0.327619016 0.277288318
    0.409699082 0.526714146 0.417645961 0.345988691 0.804645777
    0.985206366 0.507119119 0.781197786 0.14290455 0.525363982
    0.0781264603 0.948208451 0.832330465 0.563653171 0.861214757
    0.790258944 0.400579482 0.487932086 0.0587732792 0.495663941
    0.79659152 0.0666379035 0.677525043 0.462296844 0.553390861
    0.0667893887 0.578296721 0.542172968 0.202094942 0.343992949
    0.0971023142 0.329657912 0.929675937 0.387687474 0.589887977
    0.19210428 0.748745203 0.336999238 0.506153047 0.0325619876
    0.73224926 0.77667129 0.28929919 0.139165193 0.970761299 0.901110649
    0.922747016 0.688832223 0.245806128 0.931275129 0.941293478
    0.800444603 0.611636102 0.477327585 0.722074509 0.292754292
    0.974348307 0.396094441 0.137561232 0.721187294 0.424589097
    0.0486646593 0.420435518 0.255752504 0.890463591 0.530680358
    0.464412779 0.688116312 0.575840592 0.724785805 0.716197848
    0.5024634 0.642854452 0.65923959 0.200849473 0.749742985 0.883209229
    0.506492972 0.109598607 0.853470445 0.472680777 0.852448761
    0.991436303 0.410909444 0.878373921 0.872331977 0.599972367
    0.454426885 0.496226996 0.0278268456 0.730496347 0.28940469
    0.0234036148 0.73711884 0.995331287 0.513184488 0.254069686
    0.134743243 0.831348479 0.120946556 0.359140515 0.495488852
    0.231463701 0.0383946598 0.917086124 0.452120423 0.787466168
    0.594983101 0.257313609 0.626484394 0.322982073 0.314741284
    0.231062382 0.435387731 0.866948843 0.213742316 0.967014074
    0.664212108 0.0819616616 0.401421636 0.303167164 0.578762531
    0.899058461 0.777514815 0.0450697541 0.0558656752 0.767485976
    0.144990921 0.0376930833 0.730084956 0.936487198 0.24743852
    0.451105595 0.384325057 0.0224792361 0.392637312 0.365403175
    0.00775882602 0.722262263 0.945798397 0.647012055 0.245399892
    0.520771265 0.108666629 0.770307302 0.148632377 0.639519572
    0.0888083279 0.325295717 0.709254324 0.806510806 0.681543827
    0.763578951 0.160684049 0.747720957 0.460120618 0.197413802
    0.661627173 0.113313884 0.44478035 0.11175704 0.886971593
    0.721305251 0.950221479 0.0285303295 0.647483468 0.0256444514
    0.550794542 0.160076857 0.552315652 0.5009498 0.833707094
    0.180969924 0.389752954 0.633554757 0.0253968239 0.983586907
    0.872298896 0.702530861 0.128029794 0.442296535 0.874650896
    0.730162621 0.620300651 0.698798001 0.856237411 0.0239912868
    0.184556663 0.719256818 0.31373021 0.188800067 0.344230115
    0.305038214 0.0927992761 0.400134683 0.573673069 0.141520023
    0.408875942 0.214072585 0.351184309 0.0166210532 0.0857807994
    0.723862886 0.200544238 0.856324673 0.371614188 0.186123013
    0.836975753 0.828838825 0.33625108 0.978728771 0.368560016
    0.0822449625 0.890278459 0.944019079 0.881863356 0.29490006
    0.513736069 0.27393198 0.196797639 0.500009954 0.434877634
    0.487845004 0.584107399 0.639773369 0.539828897 0.00269785523
    0.395678043 0.155832022 0.297733426 0.0212637186 0.0223919451
    0.756876111 0.74029398 0.470390141 0.76503551 0.0102578402
    0.713750601 0.372995287 0.181406289 0.537818909 0.701075673
    0.896498203 0.14860487 0.642943263 0.884102941 0.900273979
    0.630426288 0.718189836 0.520344496 0.894606948 0.525664628
    0.393403769 0.866176248 0.714119196 0.119559675 0.578764439
    0.400104225 0.580685377 0.215128809 0.775631189 0.570378482
    0.933836043 0.872614086 0.837265849 0.2205109 0.25099802 0.504061222
    0.707787335 0.714456022 0.0275457501 0.205477893 0.915748775
    0.195705622 0.540493965 0.831479192 0.30346036 0.0857565403
    0.621138811 0.495921582 0.402413726 0.388741791 0.809421659
    0.107376158 0.187380433 0.0571092367 0.116530091 0.858127117
    0.413418263 0.355286151 0.493479431 0.968438983 0.569468439
    0.809980631 0.896039963 0.700853944 0.915809691 0.212212592
    0.327126205 0.87161994 0.355517656 0.757293105 0.912663043
    0.737187326 0.685539186 0.600010276 0.356372833 0.156238854
    0.743560433 0.919311047 0.100841403 0.033296138 0.605722964
    0.984547794 0.557231843 0.152406812 0.468281686 0.358316004
    0.0459194779 0.264832288 0.481025428 0.857103586 0.103704959
    0.474661678 0.0887314975 0.245558977 0.686305583 0.55604744
    0.795094132 0.338323116 0.833792329 0.339964181 0.386156797
    0.641630888 0.709706187 0.964252591 0.0290300548 0.459994793
    0.379772872 0.908330142 0.066537559 0.305645049 0.263046116
    0.512602389 0.890105963 0.392217457 0.864058852 0.644740343
    0.259961426 0.999863982 0.230026364 0.930084467 0.767184019
    0.926801801 0.72245127 0.38536641 0.858193159 0.103918254
    0.348392844 0.586163282 0.745626628 0.503806114 0.345330179
    0.40709269 0.355689198 0.883642852 0.48145175 0.26933074 0.446867168
    0.766175508 0.922960281 0.909839988 0.524595261 0.247940987
    0.421449423 0.515635669 0.782239437 0.417350888 0.250685692
    0.368720144 0.750690877 0.256202608 0.0588497818 0.132491529
    0.503168762 0.811370492 0.760233343 0.12831223 0.0475967824
    0.343381435 0.736316442 0.955380797 0.025775522 0.908729434
    0.942400396 0.205161303 0.375908315 0.0660909116 0.936905563
    0.877923787 0.923936963 0.0013024807 0.695950747 0.260270238
    0.736767948 0.693049014 0.549018681 0.693187952 0.86790967
    0.219851524 0.75709939 0.763472974 0.505793512 0.803452253
    0.763882995 0.194041103 0.291749507 0.250276357 0.424137414
    0.453560174 0.570796549 0.200951904 0.202727556 0.514171481
    0.907877922 0.496856719 0.930156827 0.43399483 0.780561566
    0.685683072 0.996398032 0.634734869 0.126092851 0.656475902
    0.155023843 0.880553246 0.413568169 0.771080136 0.526230574
    0.252488673 0.397387505 0.61563617 0.0677349865 0.737359941
    0.174445748 0.348952562 0.788989782 0.164757341 0.117350906
    0.42967993 0.79962182 0.177230597 0.614213884 0.838988841
    0.248437315 0.866654098 0.95967418 0.567848504 0.0888794661
    0.742039382 0.800904334 0.349605322 0.738100767 0.414429396
    0.246814817 0.521298707 0.83327353 0.396727383 0.348177135
    0.152461946 0.876192331 0.670954466 0.236002892 0.412663072
    0.0217071772 0.981678724 0.919531763 0.636229813 0.0796288252
    0.821097076 0.641452432 0.411869377 0.640259862 0.480629325
    0.458195984 0.167061508 0.979898095 0.776614428 0.438781112
    0.0708608031 0.49845022 0.924766541 0.589263439 0.824894547
    0.965213776 0.531218588 0.412415087 0.934873819 0.951864719
    0.335144579 0.166428775 0.0459933877 0.350508511 0.569758773
    0.991057277 0.73726362 0.333190441 0.137326688 0.728322685
    0.253157794 0.298893839 0.551692605 0.780906081 0.290299594
    0.733712196 0.726082385 0.232764989 0.972958684 0.647461295
    0.747587562 0.971935928 0.0704557598 0.537043214 0.326360077
    0.140603662 0.30727005 0.274254322 0.226605564 0.533487618
    0.704390526 0.380590051 0.960824966 0.881469846 0.13267526
    0.87562871 0.812678695 0.25171572 0.946607351 0.106603503
    0.255845308 0.440846115 0.203976125 0.876456618 0.451918125
    0.617070794 0.575134397 0.789322495 0.941641271 0.803833008
    0.675744236 0.333515227 0.825560331 0.610085905 0.54678911
    0.457774878 0.628251016 0.222402811 0.0958470106 0.831523538
    0.877058208 0.58828789 0.199870497 0.34741503 0.811256111 0.08719787
    0.937775493 0.816007376 0.662573338 0.222019106 0.01941064
    0.971805811 0.299602151 0.0861524343 0.847524822 0.999305487
    0.653754473 0.460571766 0.135429919 0.898388386 0.222145051
    0.771156549 0.044719547 0.519266427 0.385881215 0.832245529
    0.485441566 0.188735396 0.253697425 0.92011416 0.0987249315
    0.316527426 0.233211905 0.481903821 0.14355284 0.218363971
    0.424120098 0.979231834 0.813719928 0.881795287 0.00398859382
    0.732626498 0.994211435 0.170941859 0.105800182 0.316221476
    0.190929741 0.72766453 0.977888286 0.871473551 0.290731549
    0.518222511 0.83080709 0.342152238 0.776533902 0.789895535
    0.761164844 0.890546143 0.168984205 0.545966506 0.802274466
    0.190609276 0.800151765 0.555239081 0.615732133 0.771282256
    0.743721187 0.580871582 0.819317222 0.881481886 0.650265872
    0.547128916 0.243396342 0.401633114 0.96280092 0.402851611
    0.750235438 0.160060734 0.133302748 0.777449429 0.406642407
    0.877608776 0.458098888 0.38522622 0.962420464 0.655236542
    0.542907357 0.866078973 0.0423392653 0.328632891 0.483528793
    0.928532124 0.537345707 0.872782469 0.872906983 0.751794994
    0.681006789 0.0266946852 0.230056912 0.245320678 0.0514461696
    0.765963793 0.838701308 0.250727326 0.758994699 0.107180685
    0.907350063 0.194818377 0.809961438 0.95401454 0.955072641
    0.875608087 0.392427385 0.732326269 0.970021784 0.0148635209
    0.441784501 0.593986452 0.115140736 0.588525057 0.13676393
    0.182018608 0.680677891 0.705444753 0.0308193564 0.0651749372
    0.443436593 0.32992816 0.30345434 0.590624452 0.0631419718
    0.647823989 0.933214545 0.687543094 0.693022788 0.55843854
    0.872508824 0.173251182 0.164309323 0.00452196598 0.578493834
    0.341697097 0.849954724 0.997377038 0.254030585 0.176750988
    0.368390977 0.734143555 0.871698737 0.989119291 0.312009573
    0.259219885 0.858428121 0.804116488 0.477483064 0.0891082287
    0.386897534 0.265490562 0.724985361 0.548086762 0.452129662
    0.990107715 0.453107625 0.117688686 0.00777262449 0.225222409
    0.325283796 0.713552594 0.196685016 0.168250293 0.0848897099
    0.239225268 0.261042237 0.243780226 0.0965396762 0.934451222
    0.486399174 0.550159037 0.520262539 0.549384713 0.702334166
    0.355780303 0.421486974 0.73046571 0.797870874 0.310614228
    0.12736541 0.3158575 0.484661192 0.645416915 0.486306727 0.355706215
    0.891934752 0.863971472 0.81134063 0.632723629 0.437561005
    0.426719457 0.425394326 0.26826486 0.868577182 0.948459744
    0.894389987 0.41647622 0.848745584 0.396474779 0.86392355
    0.374951661 0.826225996 0.874250293 0.191750377 0.475665569
    0.249441564 0.952159286 0.789789438 0.650209606 0.32277748
    0.918226361 0.716393292 0.46426326 0.235672444 0.215750039
    0.196010053 0.868786991 0.1733253 0.695417762 0.737820387
    0.199709058 0.673339486 0.553292036 0.379013687 0.466995478
    0.538775027 0.510457635 0.859864831 0.530497909 0.456041515
    0.952534437 0.958208978 0.330013454 0.791566014 0.733895123
    0.0848665535 0.320666313 0.690633655 0.0854125917 0.101281732
    0.498522013 0.953521252 0.838425875 0.126253903 0.913567781
    0.305720478 0.429178387 0.720275283 0.0721695423 0.704871476
    0.342238605 0.85997057 0.949022412 0.00104027987 0.989887238
    0.184138566 0.740687013 0.136951029 0.412150949 0.0804943442
    0.680505633 0.215014249 0.462211818 0.292081803 0.664414465
    0.139180213 0.00151023269 0.62895745 0.968051553 0.785374761
    0.00643163919 0.832868993 0.642805398 0.169801801 0.976261854
    0.783714414 0.312507212 0.466647387 0.158452243 0.112484604
    0.907817543 0.37435174 0.147429764 0.42367202 0.176719099
    0.0635704696 0.641948164 0.670000851 0.276174158 0.0830546618
    0.692513347 0.961148024 0.627490759 0.625645399 0.851358652
    0.663595438 0.91705358 0.479078829 0.0215529799 0.582216322
    0.791573167 0.265761793 0.145964891 0.99502182 0.430838764
    0.373819113 0.664961994 0.866404116 0.303369164 0.589524806
    0.820013165 0.0788754821 0.12446785 0.786391616 0.425307781
    0.488978446 0.0900938511 0.912892938 0.649640977 0.0195663869
    0.19789362 0.182514459 0.172661424 0.326277673 0.0500993729
    0.722394943 0.395102501 0.129591852 0.88459605 0.0819513202
    0.0796292126 0.527638972 0.450366199 0.570009053 0.326902032
    0.913066745 0.465389729 0.0344445407 0.897893369 0.616231143
    0.417733699 0.938255668 0.77957201 0.829365909 0.0908924937
    0.842016399 0.133372962 0.691441119 0.060860604 0.877487302
    0.170088738 0.931881726 0.0437662601 0.455019712 0.121718168
    0.121367306 0.54607439 0.163350701 0.134048551 0.482869148
    0.921642363 0.481651753 0.203873426 0.807477355 0.0823891461
    0.877973199 0.33287096 0.20267278 0.487475872 0.153358459
    0.934073031 0.490658313 0.171331316 0.711942971 0.683923841
    0.533499002 0.320612937 0.636359751 0.0340752006 0.656378448
    0.652960837 0.539114475 0.558811426 0.741265297 0.306078434
    0.104307532 0.828847766 0.580811262 0.995200753 0.19491148
    0.290047526 0.80179882 0.389256656 0.128873408 0.644344926
    0.570296943 0.566120744 0.267679632 0.652751565 0.853436649
    0.697550297 0.696347117 0.180022776 0.841251731 0.3343032
    0.683762908 0.633886576 0.303390861 0.156474203 0.0865109861
    0.236302882 0.37549147 0.650651813 0.754862547 0.669716597
    0.437122226 0.872051179 0.610232115 0.542895019 0.232427359
    0.841975927 0.779449224 0.428176939 0.530011714 0.478470415
    0.0960728526 0.0726889074 0.274337083 0.434562385 0.6587286
    0.557374418 0.501209676 0.0947728753 0.557882428 0.291458726
    0.692554951 0.901326895 0.570106387 0.224247307 0.237042338
    0.750508845 0.0344619155 0.714619458 0.367325515 0.526929736
    0.265210479 0.21362704 0.121149361 0.90224421 0.352938086
    0.332272828 0.431275785 0.594043195 0.917062044 0.56886673
    0.760727882 0.305178285 0.247223675 0.103883803 0.427607447
    0.709295988 0.2258614 0.213008314 0.0322879851 0.724763274
    0.412063777 0.253694355 0.323790371 0.845317721 0.208541811
    0.896597028 0.0835638344 0.490522146 0.330307037 0.24941361
    0.623907924 0.705779552 0.322628558 0.0282776356 0.258411795
    0.619729757 0.979120374 0.249321759 0.906467855 0.950835109
    0.274268627 0.48918882 0.623762131 0.480914593 0.235967904
    0.367452055 0.910480857 0.0797525048 0.291306913 0.275559545
    0.384470433 0.153770179 0.195773423 0.999332905 0.952310681
    0.888495803 0.567151427 0.038182795 0.644227862 0.429129303
    0.05699718 0.00303220749 0.867525518 0.615457535 0.33175683
    0.503431916 0.359552562 0.348878682 0.5756073 0.572811604
    0.857463956 0.851614833 0.696187377 0.0496047139 0.603168309
    0.41258955 0.652864456 0.866248012 0.0235399008 0.291831434
    0.14475143 0.153262705 0.0672792494 0.404912889 0.167771071
    0.41974929 0.693940938 0.645911932 0.652145267 0.336897701
    0.223074406 0.215744764 0.632811904 0.650465548 0.872138679
    0.0898933709 0.679129362 0.99584496 0.982103109 0.386234254
    0.602350652 0.940013885 0.566959977 0.476158023 0.567781508
    0.859785199 0.324930906 0.352078438 0.416604698 0.155824691
    0.347140193 0.667701006 0.123059452 0.0307476521 0.96476233
    0.343212634 0.135898352 0.712012291 0.339590907 0.853943527
    0.814525723 0.0383189023 0.77457583 0.760301709 0.520154893
    0.94399178 0.115866721 0.667574227 0.485956728 0.0471549034
    0.435507953 0.564072728 0.850955009 0.0337003767 0.953395069
    0.568021297 0.223365992 0.874777734 0.662156582 0.602462828
    0.626089394 0.447793394 0.375825912 0.076354593 0.551861942
    0.164900094 0.539240062 0.182870537 0.605558276 0.876607835
    0.707635641 0.287814617 0.523089528 0.70933044 0.919982791
    0.00358274579 0.0710410476 0.319041073 0.716471255 0.0856329203
    0.97480309 0.151931107 0.708357811 0.32125169 0.780686319
    0.145323366 0.794647336 0.710178137 0.591530859 0.153670013
    0.145003915 0.511196136 0.698560953 0.571244478 0.312988758
    0.659129739 0.337047756 0.274525285 0.622724056 0.258541703
    0.610271752 0.453852862 0.0690546334 0.039619267 0.0478908718
    0.516986132 0.674249768 0.89032799 0.547697067 0.80081141
    0.451173067 0.027397424 0.663410604 0.321987808 0.687379479
    0.0922306776 0.896072507 0.798132062 0.388658434 0.0993081629
    0.465681285 0.405020893 0.848910034 0.619652033 0.951412916
    0.726244032 0.190803677 0.290020883 0.149346203 0.914811432
    0.516887605 0.163342923 0.824248195 0.215099812 0.0082475543
    0.630398154 0.927741647 0.33972168 0.854193926 0.939878464
    0.435725987 0.016646564 0.506749213 0.68806982 0.849750519
    0.762762308 0.982343018 0.801817298 0.873350024 0.0674554408
    0.841109395 0.664594293 0.448159605 0.881777048 0.280062079
    0.976973534 0.478299797 0.943984032 0.525243461 0.349119425
    0.357829213 0.531298876 0.649473429 0.507497847 0.918615639
    0.4597992 0.757673502 0.259631336 0.0224850476 0.199888647
    0.831064939 0.721639276 0.864575386 0.593034565 0.939372301
    0.190663218 0.953023195 0.824669898 0.242247403 0.957904935
    0.156732947 0.149735779 0.131618649 0.631223917 0.939279735
    0.905824065 0.722516596 0.952046394 0.888384938 0.323818147
    0.330562651 0.727672219 0.631709874 0.696149826 0.57068181
    0.767688274 0.587506115 0.747335196 0.55704093 0.476270556
    0.551814258 0.197523087 0.613786221 0.653088987 0.180932224
    0.99813962 0.766032934 0.735556841 0.280552924 0.196524054
    0.787656188 0.04286623 0.722434998 0.808240652 0.866014481
    0.605714977 0.612983644 0.868357003 0.628658831 0.671828628
    0.403353244 0.0402603745 0.45966807 0.873499393 0.481317639
    0.209554046 0.162514955 0.0160216093 0.922712564 0.0513255596
    0.849770904 0.497762978 0.340587318 0.526626587 0.648546815
    0.751638412 0.336969763 0.159151196 0.131357759 0.932647228
    0.330567181 0.832545877 0.753840566 0.163747609 0.591902375
    0.823074162 0.0119081736 0.545847595 0.799178839 0.21357429
    0.266958088 0.475389242 0.0630229414 0.705567479 0.860824704
    0.512800097 0.590418994 0.168177396 0.372613758 0.642117739
    0.742931843 0.365157366 0.6175735 0.637868166 0.794700265
    0.302611768 0.20301944 0.801161408 0.169083089 0.145746857 0.8884238
    0.798009038 0.0164206624 0.860534251 0.839559793 0.448018909
    0.456786901 0.0239123404 0.72129035 0.267947346 0.255374074
    0.00082308054 0.37852639 0.0291965902 0.851695418 0.0822147131
    0.850009084 0.041331619 0.153413355 0.8201617 0.0482685864
    0.164197534 0.863603652 0.315756261 0.671851873 0.723757327
    0.292758614 0.654127181 0.442282975 0.69196111 0.00989541411
    0.745778203 0.207402736 0.127730608 0.0175184309 0.746895373
    0.897653759 0.268253744 0.632065952 0.744871736 0.0277698636
    0.200030386 0.428151906 0.700840533 0.325010568 0.639463186
    0.782617152 0.0952916145 0.34311229 0.964604616 0.544610977
    0.056468308 0.23728314 0.608378232 0.972914815 0.688271284
    0.65681994 0.207149833 0.242283136 0.676463366 0.751214564
    0.679416299 0.394799262 0.975025952 0.943207741 0.745606184
    0.979429126 0.334514976 0.378507376 0.186438054 0.6518929
    0.986153126 0.257712424 0.488375008 0.448109269 0.274053931
    0.24705863 0.667530179 0.634441435 0.330456823 0.771000683
    0.205851614 0.148774803 0.986486137 0.0143058002 0.618081868
    0.180963367 0.308172524 0.906508207 0.0321456194 0.841386437
    0.105895787 0.155679435 0.149348885 0.441569179 0.493053466
    0.269337595 0.448163956 0.329386592 0.204586774 0.693898201
    0.477873981 0.231841087 0.822337031 0.988379359 0.34534663
    0.580023766 0.985160351 0.987519264 0.43843931 0.749429524
    0.568082094 0.281818122 0.0618618727 0.358153284 0.419707924
    0.282973677 0.629804015 0.822244108 0.660976529 0.227473289
    0.602161825 0.160212636 0.253231794 0.784156263 0.709971249
    0.354496062 0.894349694 0.734758735 0.395106912 0.313602567
    0.932594836 0.497798681 0.159569085 0.246401906 0.112552196
    0.291942954 0.499959886 0.508687317 0.524092674 0.0545294583
    0.453486294 0.092042774 0.578463197 0.677765012 0.666805983
    0.465394348 0.168058544 0.0728307962 0.250953853 0.825007796
    0.0200087726 0.00116029382 0.795023561 0.909840345 0.978346705
    0.651808143 0.935703039 0.648311079 0.841070652 0.744216442
    0.302374035 0.12541154 0.206745327 0.840389073 0.557554722
    0.709335268 0.159484863 0.978056073 0.813004375 0.171056718
    0.853538632 0.76341188 0.506068885 0.161628038 0.637497067
    0.0668706298 0.752416313 0.813751221 0.562271535 0.93478775
    0.643121183 0.0191792548 0.0282666683 0.43378517 0.440039396
    0.742486 0.988528371 0.373180926 0.917025924 0.758989513 0.634293318
    0.180035502 0.947565317 0.844266772 0.954486609 0.833967388
    0.273049623 0.632972956 0.947968841 0.361136347 0.802664816
    0.696095228 0.356941193 0.135822803 0.461403549 0.778788686
    0.0120494366 0.752635598 0.640030742 0.0149149597 0.744306743
    0.681322455 0.673119545 0.171624154 0.644622624 0.0848305821
    0.379205406 0.887668014 0.0649908781 0.882181525 0.945821047
    0.801795125 0.457009315 0.456988245 0.563337386 0.593276381
    0.0581375062 0.0968230665 0.508385003 0.949000537 0.124193341
    0.707450807 0.250660598 0.890197635 0.99093914 0.90261513
    0.738596916 0.618083239 0.548620164 0.587930501 0.816038728
    0.626771688 0.896097422 0.486925602 0.785990477 0.91217798
    0.604387105 0.424800277 0.775837541 0.312532783 0.349096596
    0.651968718 0.581927598 0.153852493 0.664155722 0.510697484
    0.978435457 0.373841792 0.499846101 0.606729865 0.622674704
    0.772414684 0.178234607 0.156368017 0.130110562 0.828985453
    0.425897777 0.23405695 0.0369848609 0.0171760321 0.443583518
    0.810653329 0.757754982 0.0455665588 0.491654277 0.30085209
    0.383877635 0.473695338 0.549430549 0.733621001 0.964078128
    0.0715580583 0.337984324 0.563174725 0.338628799 0.510194957
    0.866373539 0.249733359 0.0881388783 0.0623164177 0.34457773
    0.246833801 0.710756063 0.926903486 0.599283218 0.817854702
    0.929753065 0.378382921 0.0673092306 0.53190738 0.0746666789
    0.540592492 0.854368627 0.413251579 0.0764353573 0.00337070227
    0.00269162655 0.454988241 0.225334078 0.646192789 0.275723219
    0.166653901 0.950734138 0.505050659 0.112628669 0.067848891
    0.574089229 0.807146668 0.785600126 0.926984429 0.186607361
    0.11065492 0.205473691 0.23803097 0.357526422 0.438264579
    0.283888519 0.497814417 0.292562634 0.613393486 0.0654845238
    0.946096182 0.73903501 0.379059106 0.805954695 0.756110787
    0.164853513 0.536850631 0.70641017 0.833509207 0.635216475
    0.40161252 0.398892194 0.121652335 0.739336133 0.358071744
    0.050912559 0.193176568 0.15424031 0.328221679 0.907798529
    0.658804893 0.0368099213 0.952751517 0.271065414 0.585827887
    0.065721184 0.673493505 0.0186077654 0.352410853 0.83209306
    0.322411507 0.194453776 0.308712006 0.719593704 0.591895282
    0.32239145 0.340298653 0.902218938 0.792257011 0.835046649
    0.98070848 0.468482554 0.953663886 0.0823785961 0.40563336
    0.499782294 0.12353617 0.0314044356 0.416530788 0.484264135
    0.83937043 0.71203959 0.126681209 0.38715443 0.479329884 0.328969717
    0.939917445 0.165554166 0.190337181 0.471030623 0.296191573
    0.492964238 0.585527062 0.589688957 0.632974207 0.547575593
    0.47808814 0.552896261 0.364577055 0.903423905 0.279336274
    0.670029581 0.998259544 0.512359381 0.147222996 0.979266286
    0.116456032 0.862929404 0.27123487 0.897225738 0.72344923
    0.674859345 0.345192164 0.396416456 0.63858217 0.218174487
    0.980618536 0.71691829 0.370745897 0.761430085 0.93117702
    0.452891201 0.702746809 0.251696348 0.944431365 0.581441104
    0.547626019 0.231688529 0.357045442 0.0191105902 0.509265244
    0.410929859 0.274735153 0.0296012759 0.321210444 0.386171579
    0.390866697 0.244493663 0.385652751 0.162179828 0.390590996
    0.637662172 0.579950988 0.30902493 0.505349696 0.148426563
    0.00829330087 0.511707127 0.372210145 0.255647004 0.884400725
    0.711866677 0.501608372 0.320787907 0.812538683 0.420050949
    0.0232900083 0.656198144 0.123339981 0.161054641 0.035374254
    0.835884988 0.906118512 0.856693983 0.672437489 0.818363845
    0.98308301 0.388868719 0.677564979 0.308706909 0.441809416
    0.832717001 0.187142491 0.897500753 0.456614316 0.124591112
    0.895597935 0.702935576 0.477856219 0.122549802 0.671441555
    0.0284894109 0.761733532 0.365475982 0.875709534 0.605727792
    0.769943535 0.376401484 0.0247148573 0.488787681 0.212322801
    0.643769681 0.0486449301 0.52298528 0.0233091712 0.361011982
    0.158449024 0.0922862291 0.545332074 0.466240793 0.682064056
    0.527086675 0.5735237 0.0990252495 0.811935544 0.111639082
    0.625120878 0.999460161 0.910403728 0.804599404 0.0163289607
    0.594241738 0.832581401 0.880243301 0.612292588 0.371643513
    0.104234964 0.343200445 0.485185653 0.0169218779 0.243385464
    0.304563969 0.318435848 0.27690351 0.408890545 0.70440942
    0.0513648093 0.383120894 0.151248991 0.0884508491 0.993108571
    0.565158784 0.396102518 0.868612647 0.0299805403 0.466065437
    0.424344748 0.957357168 0.660644412 0.824086666 0.265259892
    0.342343092 0.0888296962 0.440105408 0.540296197 0.306559771
    0.320861787 0.864198685 0.212530315 0.0128834248 0.811339378
    0.0586073399 0.933964968 0.0347275138 0.886470675 0.289948076
    0.525894225 0.911824822 0.47043252 0.222100794 0.0545633435
    0.713418901 0.977511406 0.830170512 0.760838091 0.225398391
    0.927510142 0.524514258 0.558615327 0.832219899 0.394788891
    0.161069274 0.538528383 0.409794897 0.0486242473 0.558869421
    0.730350792 0.821263373 0.573513389 0.819175959 0.141425103
    0.84950757 0.871694803 0.18636021 0.575694799 0.35755384 0.390774518
    0.0217816234 0.0050727427 0.0396279395 0.163115233 0.84424907
    0.323341876 0.344035834 0.15580681 0.965664148 0.57487309
    0.204564333 0.464415073 0.570888638 0.94351536 0.27322042
    0.826607108 0.0249903202 0.472637624 0.723831892 0.035086602
    0.287303448 0.742492378 0.610701203 0.797133803 0.044262439
    0.631688714 0.193570346 0.611154079 0.416621476 0.229651779
    0.139012545 0.433208376 0.383325666 0.169058323 0.255712867
    0.838650107 0.0349829793 0.967025995 0.188881278 0.916885197
    0.348339379 0.210955411 0.412689686 0.431904435 0.524328649
    0.247464985 0.956414938 0.102878809 0.550815821 0.720125794
    0.287716687 0.236385167 0.237178117 0.350146711 0.369050175
    0.806222618 0.242196262 0.76750052 0.617488146 0.821776986
    0.837806582 0.871432424 0.248903185 0.813801527 0.662260413
    0.692158818 0.0436915755 0.791169047 0.987884879 0.580670834
    0.821736515 0.373500764 0.493046135 0.959231377 0.415150046
    0.675518274 0.0163021386 0.106064737 0.704661608 0.52707088
    0.194103956 0.222111106 0.985655427 0.519171417 0.10453856
    0.570639789 0.598869562 0.15314436 0.404128224 0.956951141
    0.620896399 0.606553078 0.554373503 0.282714903 0.842660904
    0.577698052 0.382555038 0.752687633 0.458608478 0.313492358
    0.807193995 0.22275418 0.900646567 0.134481162 0.829489589
    0.0632770061 0.464445144 0.987191796 0.262704939 0.822118163
    0.991230428 0.487722754 0.647884548 0.515903652 0.80911839
    0.20063284 0.247378618 0.80369556 0.0880228877 0.213813066
    0.450546086 0.750789762 0.505865812 0.133305788 0.982898176
    0.0496308804 0.307231724 0.431620777 0.343911082 0.629936218
    0.43521595 0.808313012 0.149639368 0.778577447 0.463593155
    0.416112423 0.658608198 0.984443069 0.743612051 0.513064742
    0.692727327 0.128550798 0.322504342 0.854123592 0.297751874
    0.331478298 0.6528157 0.0603591502 0.40634048 0.244109333 0.90373385
    0.648442984 0.0929705203 0.799380004 0.864463687 0.623760402
    0.268601298 0.726397634 0.0891885459 0.880954206 0.773683071
    0.131265402 0.835059345 0.0230327547 0.697097242 0.451398253
    0.317820549 0.091733247 0.969430804 0.93218112 0.90003705 0.81337285
    0.786629915 0.497855395 0.979546666 0.914346874 0.520459414
    0.075525701 0.495452613 0.230921358 0.41388312 0.758975089
    0.104854077 0.895081878 0.918663502 0.176573545 0.256974012
    0.763995886 0.412598968 0.233902156 0.14406997 0.895730972
    0.771120965 0.692706704 0.254567802 0.242706805 0.427335411
    0.0164439976 0.0138030052 0.611379087 0.103794873 0.263277352
    0.960896611 0.631809175 0.401902378 0.713189423 0.367655218
    0.669892132 0.41034779 0.747028708 0.0773767531 0.332986414
    0.946959496 0.370667398 0.435190499 0.919755518 0.101861894
    0.400819689 0.304333925 0.384825885 0.653425574 0.788469613
    0.854400516 0.664698184 0.856143177 0.804024696 0.313029885
    0.399844468 0.625952482 0.259773433 0.246225655 0.163636118
    0.198168308 0.621687472 0.447920561 0.455723643 0.850750744
    0.295565009 0.401174605 0.703860402 0.413769126 0.975922346
    0.054079324 0.132346213 0.413676202 0.192925572 0.842841625
    0.590943098 0.585839927 0.149852902 0.668198347 0.0377647877
    0.137173086 0.0307348073 0.0751559138 0.425774068 0.993960142
    0.152541161 0.691218257 0.343709767 0.869779944 0.0189409256
    0.927059233 0.795056641 0.86372757 0.210372001 0.68884021 0.188979
    0.837728024 0.280516744 0.178412199 0.66196084 0.851038456
    0.713007689 0.918885231 0.759379983 0.397408694 0.677168846
    0.00759610534 0.637066603 0.351711899 0.406994998 0.0225306749
    0.187219292 0.452340275 0.854476333 0.416735053 0.670544863
    0.679101348 0.300367206 0.329531312 0.217176437 0.994017065
    0.259585679 0.376959145 0.149486989 0.841379166 0.652491331
    0.633683205 0.780035913 0.885730743 0.0379995704 0.0887066722
    0.724934578 0.994601786 0.546709538 0.337914497 0.225928873
    0.595936894 0.100097179 0.305136085 0.935549974 0.46525535
    0.468125045 0.288950264 0.452674747 0.782738388 0.906722188
    0.0920087397 0.393943697 0.0421278775 0.436954796 0.71016705
    0.94387728 0.107897937 0.520530879 0.203471154 0.821163774
    0.950629354 0.605275989 0.507083774 0.430945963 0.854127526
    0.410390973 0.588695884 0.812636852 0.456278056 0.270396769
    0.25989908 0.0034519732 0.396294594 0.624595642 0.68336159
    0.00580185652 0.872315526 0.321333885 0.567956209 0.531321585
    0.340807617 0.73473537 0.67738533 0.790697813 0.93999958 0.32174021
    0.346001029 0.0863356888 0.790593565 0.580979168 0.0642792583
    0.0643598437 0.0849624574 0.643170059 0.564272046 0.501584232
    0.352561295 0.588488996 0.593601704 0.632231832 0.384579152
    0.252230853 0.758884192 0.468983531 0.0406621993 0.872653604
    0.0147724748 0.159726262 0.37852031 0.747887909 0.576263964
    0.459588617 0.364798546 0.278393149 0.506983042 0.967068553
    0.740697324 0.730495214 0.942414522 0.351975799 0.822002053
    0.291753262 0.305584133 0.401554763 0.787304163 0.737347364
    0.90212512 0.267371982 0.9668836 0.254037082 0.43761453 0.955853939
    0.436320096 0.338134229 0.762508333 0.558583319 0.947726011
    0.546367288 0.0602178574 0.324592739 0.913083375 0.396861106
    0.201860309 0.47584942 0.330541998 0.536224127 0.234723151
    0.928172827 0.856473207 0.201635718 0.824231684 0.82041049
    0.624524891 0.612166166 0.377494842 0.750843167 0.622187138
    0.173101187 0.79405576 0.170316368 0.666989863 0.019669205
    0.393181533 0.573395848 0.58397758 0.321325123 0.771292269
    0.35802412 0.211911052 0.211938053 0.0838854313 0.413794458
    0.242771208 0.663996458 0.906941175 0.0691811442 0.353638202
    0.135299951 0.587900758 0.797787905 0.383118957 0.314435005
    0.882414639 0.748423815 0.00927239656 0.923605204 0.390069216
    0.267450452 0.29219383 0.970216155 0.84348613 0.245623648
    0.766096711 0.148444176 0.550878465 0.267004609 0.571626782
    0.184168041 0.564436734 0.703143239 0.543887496 0.708959639
    0.0116120577 0.729396641 0.781694114 0.0149258375 0.370410919
    0.9950279 0.454627365 0.428081214 0.317852736 0.228042454 0.89084518
    0.853167415 0.432896852 0.513588488 0.0666441321 0.55102402
    0.357155681 0.243210018 0.962694049 0.992697239 0.386892378
    0.239362091 0.777681768 0.734881461 0.558846235 0.803613603
    0.717243373 0.907796085 0.672262788 0.225939691 0.556297898
    0.0586179793 0.943363309 0.344166636 0.065584898 0.0764122307
    0.868050575 0.960561395 0.166452736 0.341748983 0.719972789
    0.515319109 0.282674074 0.0742561817 0.920370042 0.285178065
    0.0172231793 0.267243803 0.089876771 0.921254158 0.176202685
    0.477686495 0.0115364492 0.356994122 0.345204353 0.115733296
    0.610555649 0.414224923 0.682677209 0.0431747735 0.620287538
    0.255357921 0.0598508418 0.961242735 0.456274778 0.767282128
    0.21081844 0.276975363 0.06419608 0.845159054 0.925908566
    0.00367054343 0.465123922 0.169552565 0.0810693502 0.029796809
    0.492349267 0.146817982 0.241854727 0.443124563 0.259644777
    0.159372926 0.420061469 0.184364498 0.160036206 0.269829631
    0.677596629 0.643230319 0.19703877 0.242523283 0.63112855
    0.967057049 0.561188638 0.629379869 0.923783064 0.0196356177
    0.147082627 0.119890958 0.977042377 0.910367429 0.267320395
    0.612880349 0.438132286 0.730692685 0.117014557 0.59023571
    0.395767272 0.116998911 0.271152616 0.143916547 0.810653508
    0.302161694 0.52243948 0.222350895 0.117334664 0.467418045
    0.0451571941 0.598636389 0.164361209 0.986763299 0.302332342
    0.159603894 0.264478743 0.92441386 0.52672267 0.83842355 0.393571764
    0.589819133 0.520241559 0.155679226 0.805660844 0.391434789
    0.0876840055 0.329214483 0.744269431 0.86359632 0.996220708
    0.179814756 0.565417647 0.803723812 0.117232144 0.120360702
    0.262268603 0.662595272 0.199356407 0.403347731 0.465989202
    0.736260116 0.842648983 0.830293953 0.635931075 0.876539707
    0.964203417 0.674451947 0.196040571 0.904308319 0.866411924
    0.911152482 0.332763225 0.20501405 0.288643301 0.155090392
    0.278967977 0.537694216 0.0490238369 0.687822163 0.514400065
    0.613556147 0.995892406 0.859986901 0.637286365 0.612607658
    0.702682197 0.848039746 0.293074161 0.231943339 0.500969172
    0.415938377 0.688351154 0.185252666 0.860003114 0.203752816
    0.508447886 0.668272078 0.25088802 0.711420596 0.236340374
    0.784230709 0.164841473 0.0916704237 0.146274418 0.910001159
    0.9917624 0.0832060874 0.519032121 0.726022482 0.693063378
    0.487947553 0.564938068 0.267311811 0.259402871 0.0854647756
    0.794368505 0.870240211 0.275129586 0.241792679 0.17550993
    0.0314174592 0.173603803 0.271184564 0.460827261 0.42596069
    0.406453967 0.248471081 0.987976074 0.0650239587 0.763601661
    0.477702737 0.266148031 0.56604594 0.894062281 0.202738494
    0.0760457218 0.356982678 0.049303323 0.168875903 0.893876553
    0.402988106 0.366995811 0.960590839 0.42405498 0.00885972381
    0.528055489 0.222619921 0.807590902 0.879544735 0.503770173
    0.110168278 0.154265255 0.690044343 0.885368586 0.895967245
    0.724847376 0.984924793 0.170507491 0.25164479 0.581121266
    0.710759521 0.914315939 0.14651078 0.251449466 0.94573319
    0.429751456 0.333865762 0.842003465 0.969817877 0.127867043
    0.403481901 0.271586716 0.302730024 0.458139777 0.562964141
    0.0947661996 0.764879405 0.503716707 0.441743195 0.355327398
    0.864251018 0.525988281 0.192711979 0.870000243 0.894664764
    0.134400874 0.268181026 0.631503165 0.890996993 0.74618417
    0.169475079 0.102433145 0.172829598 0.22875917 0.378957272
    0.73495996 0.23565039 0.895362437 0.585311532 0.0945856571
    0.184116036 0.460852891 0.419323623 0.0114451647 0.486401439
    0.549953282 0.817536533 0.256788135 0.411826313 0.676151991
    0.578694224 0.839903474 0.133486867 0.621555805 0.668757796
    0.362645984 0.0811359286 0.336880326 0.431275755 0.111983031
    0.271757513 0.0192850828 0.288762867 0.122786343 0.714706421
    0.253043294 0.817578793 0.979707122 0.656493783 0.987726033
    0.18582359 0.2584396 0.734463334 0.955744386 0.232575387
    0.0178425312 0.11105597 0.353994489 0.992997408 0.130915314
    0.95261085 0.589973927 0.092448473 0.186101645 0.16461277
    0.118288457 0.40440017 0.862403393 0.377402931 0.823251247
    0.0715261698 0.643252432 0.133646578 0.887031078 0.221692115
    0.603681684 0.0180068016 0.413965523 0.682673633 0.974645734
    0.172240943 0.728580713 0.987216532 0.727808952 0.182086796
    0.15184781 0.488415688 0.18375814 0.098069489 0.936258912
    0.824352801 0.302684963 0.259721875 0.514192998 0.137895197
    0.772658587 0.517987788 0.380529404 0.510238886 0.0264683366
    0.11704424 0.701138496 0.0145330131 0.362920374 0.68919313
    0.498096466 0.111366689 0.311848462 0.770434499 0.187565356
    0.620615065 0.559370279 0.21104309 0.207628727 0.584446907
    0.609473705 0.798308492 0.475680411 0.21805501 0.802658796
    0.880352497 0.22518909 0.336304307 0.141868353 0.544843316
    0.848099649 0.620280385 0.0191479027 0.552590132 0.947883487
    0.800385475 0.932666719 0.126519859 0.302838445 0.257325351
    0.362291753 0.800451875 0.657660842 0.101501226 0.677032113
    0.656295061 0.302394331 0.836839616 0.987887383 0.685245752
    0.246595711 0.829652905 0.822918892 0.0195425451 0.74656117
    0.546952844 0.0637872815 0.210460514 0.455085158 0.97258836
    0.887738347 0.692465603 0.7167207 0.885844231 0.476355046
    0.366843224 0.496801198 0.608730555 0.847811759 0.416467816
    0.7708143 0.274130225 0.102007329 0.777445674 0.0227832794
    0.261695325 0.889425159 0.614647806 0.275466621 0.407996625
    0.431236207 0.682403326 0.19171676 0.184849769 0.328578055
    0.370245069 0.0362034738 0.747309089 0.331199199 0.0728491545
    0.186959028 0.242534012 0.252149165 0.520128965 0.55669564
    0.549936354 0.290675163 0.125541806 0.0951276124 0.935678124
    0.885496736 0.00165078044 0.205183685 0.197049677 0.402663648
    0.520526707 0.338659674 0.879624963 0.26809749 0.883561313
    0.431992173 0.72866416 0.976902783 0.51769048 0.674427748
    0.630445004 0.0344948769 0.249856919 0.385517776 0.828660488
    0.999833167 0.318833351 0.986375034 0.582992017 0.904122055
    0.898081779 0.0769691765 0.387657166 0.855210423 0.458422869
    0.0998363197 0.589885354 0.93084228 0.924090743 0.0577992499
    0.865760207 0.319329143 0.766913593 0.0127115846 0.445254803
    0.373691052 0.33427465 0.295139521 0.220873892 0.124057442
    0.553567231 0.0701126456 0.00466790795 0.658396602 0.553538561
    0.611412942 0.902077317 0.476555586 0.934685946 0.0746778846
    0.509186685 0.548767209 0.0835243165 0.0503629446 0.700316787
    0.160304755 0.87047559 0.36410141 0.111776531 0.531961739
    0.601741433 0.61713624 0.678182721 0.833069324 0.91445744
    0.320900857 0.516480446 0.0780982375 0.152884364 0.178039998
    0.974638164 0.904615402 0.675893426 0.155525357 0.521448851
    0.669630945 0.525575221 0.946149111 0.421796381 0.0140121579
    0.305192292 0.0104442239 0.285631776 0.389047414 0.562517524
    0.389308333 0.871836126 0.87070179 0.596472323 0.4775666 0.420919657
    0.873286545 0.394483298 0.609767437 0.0859193802 0.618535578
    0.201107502 0.621117234 0.00973922014 0.981683254 0.727239311
    0.240686417 0.853109121 0.224817693 0.119280457 0.654393911
    0.636053443 0.762409747 0.886243224 0.074477613 0.26726231
    0.450030625 0.183097988 0.650810719 0.557329118 0.434220612
    0.80221355 0.602673769 0.880459368 0.171332568 0.288308382
    0.405497074 0.581003666 0.152989894 0.779099107 0.0263240039
    0.440279216 0.950006604 0.10849306 0.342579484 0.938106 0.364967763
    0.812046349 0.760012031 0.137793034 0.525273204 0.0307040513
    0.534591138 0.185568988 0.903204441 0.0871459842 0.487484157
    0.731633425 0.71837306 0.0286979079 0.62525183 0.0901737511
    0.959496737 0.121528268 0.470603526 0.168830991 0.821589351
    0.303024709 0.120824546 0.516261101 0.212612808 0.724816918
    0.125898153 0.881642461 0.0848542452 0.816702962 0.413715303
    0.195235342 0.661792159 0.691723824 0.201887667 0.0800194144
    0.863067269 0.793438792 0.362904787 0.333087116 0.703845263
    0.549601853 0.146843731 0.0810221434 0.965875864 0.847118139
    0.563499808 0.456201583 0.171271592 0.698816955 0.00643575191
    0.197736442 0.296051264 0.45737204 0.584216714 0.449860781
    0.151414782 0.897333741 0.297739118 0.537331104 0.900035024
    0.16198945 0.675073028 0.798985004 0.0346846581 0.635423541
    0.960716248 0.0435539186 0.0248921216 0.784783483 0.251591802
    0.661636233 0.770187616 0.857478023 0.712701976 0.079053849
    0.221865565 0.109029263 0.607575178 0.564007819 0.619601369
    0.544695616 0.473046482 0.975556731 0.242801398 0.498195499
    0.376304299 0.312508255 0.101165891 0.104144722 0.540773451
    0.248237759 0.201030791 0.959838629 0.60957408 0.43192324
    0.501506925 0.170091957 0.271733761 0.405723125 0.151855379
    0.272909343 0.56767571 0.345573246 0.689276218 0.33643043
    0.464112252 0.46985358 0.0142250955 0.253646553 0.0546529293
    0.802757263 0.799592495 0.600242555 0.32229203 0.856113553
    0.990363717 0.796719074 0.636303127 0.179529488 0.966383934
    0.858481169 0.371757388 0.785264611 0.949072838 0.492578536
    0.39152813 0.474229783 0.494798928 0.133887649 0.0918461084
    0.327575535 0.839075565 0.417401671 0.0532523096 0.526743352
    0.761152506 0.321905017 0.527088463 0.0184850991 0.853402078
    0.349811792 0.373483837 0.110614181 0.81425029 0.71366322
    0.553429544 0.400510848 0.808713078 0.0155779719 0.383316576
    0.912801385 0.43039149 0.962258935 0.351122409 0.666961908
    0.824005008 0.171710104 0.624652684 0.122706324 0.175179899
    0.958190322 0.620935321 0.201613575 0.399937689 0.194700718
    0.696457803 0.401971161 0.603527427 0.877702236 0.285281479
    0.542852283 0.175248176 0.844352245 0.178894848 0.553996623
    0.627203345 0.25072971 0.579231322 0.924818039 0.080810219
    0.148186356 0.657080233 0.609578252 0.990830898 0.709333479
    0.151491284 0.587197244 0.362356067 0.164293826 0.780994058
    0.709334016 0.994088948 0.532128811 0.916678607 0.11965397
    0.305217296 0.106304854 0.735982418 0.752909064 0.864426255
    0.115064234 0.444145322 0.706185758 0.847363591 0.736944973
    0.346285105 0.148940861 0.0725694597 0.670342207 0.939375877
    0.418077379 0.789767742 0.973810673 0.849998236 0.18228057
    0.777836561 0.918933868 0.262910008 0.611198366 0.940211535
    0.118800074 0.413173109 0.482720137 0.936968684 0.554825425
    0.851794004 0.191773474 0.735260069 0.505548656 0.853148103
    0.265896529 0.341328204 0.816860259 0.941182077 0.373393744
    0.882743835 0.50818634 0.350917339 0.703143835 0.781933069
    0.394847214 0.787440956 0.316683233 0.077216357 0.459295094
    0.368510902 0.0984749496 0.600948811 0.4194628 0.456976324
    0.279815435 0.732756853 0.921153486 0.807474077 0.582298279
    0.22183454 0.141272604 0.289092451 0.252276838 0.147094518
    0.106739253 0.550932765 0.520805955 0.117361099 0.901412606
    0.705546677 0.530901909 0.242417783 0.996919155 0.470689595
    0.134656787 0.708708405 0.231051147 0.141884774 0.0220070183
    0.354444742 0.0420143604 0.441317618 0.857402205 0.561405301
    0.0792337954 0.655776858 0.103017479 0.646014214 0.308359742
    0.72061342 0.951761246 0.131066054 0.92255044 0.398822576
    0.153004825 0.928971291 0.333301902 0.2233845 0.378429949
    0.228510141 0.509409785 0.482661575 0.272551417 0.717814445
    0.966538429 0.780864835 0.134627491 0.401830316 0.238717556
    0.436996907 0.378802299 0.797246993 0.683431268 0.16918838
    0.366524756 0.00333982706 0.298504621 0.176465571 0.907219529
    0.154536247 0.470814615 0.183339775 0.0495598912 0.512572467
    0.536137819 0.268251747 0.291562736 0.573877215 0.295224637
    0.88236618 0.428293347 0.0515648425 0.562825322 0.12005353
    0.933384359 0.0848248005 0.126733392 0.193019956 0.645716488
    0.422459126 0.117512703 0.0738001466 0.607159257 0.407945246
    0.680796981 0.668867052 0.252384633 0.0680231154 0.307515115
    0.808398843 0.760657191 0.270307511 0.706726193 0.619498551
    0.230746865 0.881278098 0.850582659 0.612306178 0.0713619888
    0.440431088 0.617253661 0.972433388 0.940308928 0.840291917
    0.460829496 0.961527824 0.593237936 0.315775216 0.237565488
    0.0673852265 0.363563448 0.725797832 0.897897482 0.978382468
    0.115697384 0.436911404 0.919437408 0.515362978 0.681067169
    0.228912562 0.627606869 0.435094029 0.907472432 0.446778208
    0.926764488 0.168109298 0.293288946 0.364860237 0.751663029
    0.598609328 0.440824389 0.890673816 0.743657351 0.756662488
    0.723362148 0.0878538787 0.112596333 0.641755462 0.209350824
    0.199142635 0.17087999 0.4729352 0.183843315 0.487263173 0.890555978
    0.244724631 0.186036497 0.80051291 0.938705266 0.712552547
    0.348934263 0.235510945 0.00828164816 0.524497688 0.831039548
    0.584314108 0.973432541 0.629542351 0.928615928 0.177584797
    0.25294435 0.724717379 0.453403115 0.178922445 0.512490153
    0.595322132 0.641592979 0.585189402 0.987110913 0.589161873
    0.784791887 0.314058661 0.285840273 0.533094049 0.310764551
    0.450794816 0.554570973 0.841938317 0.157935232 0.56790179
    0.911185861 0.280786037 0.506259203 0.293603063 0.0534629226
    0.983727455 0.807248235 0.106370479 0.32040292 0.664936423
    0.923182249 0.231014043 0.186157405 0.508801103 0.806157231
    0.421956509 0.0393862426 0.834068179 0.726272345 0.139606416
    0.83468616 0.201722771 0.0378168523 0.543134749 0.6656515
    0.811369121 0.18992731 0.774849415 0.107946634 0.011269033
    0.210286498 0.43127805 0.976255894 0.248496562 0.814937115
    0.150141329 0.324002028 0.506278515 0.411444545 0.0398972929
    0.18119514 0.55940789 0.117183357 0.430758178 0.788929105
    0.611531794 0.096236676 0.986232698 0.903444529 0.402738601
    0.870935082 0.686702251 0.97420305 0.366813511 0.307570636
    0.558466792 0.922713101 0.167846531 0.662969172 0.152717501
    0.183423817 0.834483027 0.0989858508 0.397441745 0.244882077
    0.27318421 0.820629716 0.263751417 0.284950018 0.286818445
    0.828167558 0.5501737 0.520908415 0.32560277 0.272911757
    0.00442156196 0.412213027 0.800264239 0.816335142 0.259013474
    0.0449009538 0.549117029 0.248800457 0.422312498 0.654682457
    0.979894161 0.783738613 0.536143064 0.988000333 0.212725341
    0.326000273 0.0389332473 0.245435089 0.869962037 0.294244826
    0.642703295 0.409333259 0.266816944 0.275426775 0.700864434
    0.374317795 0.906768441 0.741219044 0.895053029 0.093972832
    0.825534284 0.450979382 0.641398609 0.61642158 0.750062287
    0.313659698 0.151251495 0.573919177 0.685038149 0.588480473
    0.840942979 0.73631233 0.894883215 0.812076569 0.843219995
    0.322783887 0.420097768 0.315948069 0.429569602 0.463432968
    0.153466642 0.648885965 0.0843464434 0.27256757 0.824180067
    0.340158969 0.792795181 0.00876656175 0.969915509 0.379318684
    0.289573371 0.829541802 0.721946597 0.367564768 0.360471457
    0.782480359 0.540400624 0.499693811 0.985474467 0.42106092
    0.46212849 0.581072807 0.460617721 0.0296115577 0.0605710149
    0.761779189 0.973145247 0.223897338 0.997013927 0.448789805
    0.79632318 0.459046483 0.125166208 0.339099407 0.202542752 0.7073434
    0.502542734 0.164191812 0.412913203 0.419319719 0.262307227
    0.188539505 0.192082703 0.15117991 0.838861525 0.642004609
    0.570606172 0.56237489 0.864988208 0.889000773 0.437348127
    0.656259298 0.0197929442 0.440300614 0.166299045 0.63010025
    0.733082771 0.440669984 0.720873535 0.838780999 0.616232276
    0.822643399 0.565463662 0.277963042 0.406759083 0.536214888
    0.959477425 0.598591208 0.399382979 0.668666124 0.572357714
    0.892132759 0.558529913 0.248990357 0.90585053 0.691582918
    0.135372907 0.649643779 0.810841203 0.770486355 0.967304349
    0.708506525 0.130589604 0.516930699 0.0605378449 0.655492485
    0.460769683 0.672798932 0.246058255 0.800209641 0.211788684
    0.0957578719 0.737980008 0.945234656 0.052739203 0.833400965
    0.376997769 0.578570485 0.611411393 0.943531871 0.410560012
    0.761945605 0.388013572 0.285318553 0.624039829 0.084063679
    0.308354199 0.453917682 0.713569999 0.407422781 0.492167115
    0.500456691 0.672605693 0.790169835 0.653245628 0.0598290265
    0.0870572329 0.316961169 0.615938067 0.502574146 0.713449955
    0.0231375396 0.47636044 0.057638824 0.000818490982 0.817700922
    0.559549451 0.186545789 0.281912625 0.0865209699 0.891672254
    0.183621079 0.605351508 0.11874041 0.628890932 0.422814339
    0.611476362 0.9208287 0.888088942 0.535869956 0.0800466537
    0.948728859 0.974644303 0.462779909 0.92135787 0.734515786 0.9102422
    0.538219988 0.118366361 0.688544393 0.326493025 0.328799456
    0.0229305923 0.175317675 0.864533305 0.49507767 0.227019936
    0.42912367 0.252418518 0.447549134 0.783229232 0.350603759
    0.0812074542 0.239182621 0.36732766 0.222599417 0.59742099
    0.819912553 0.277424455 0.327314556 0.517964065 0.0990671515
    0.794066787 0.208270967 0.912296534 0.227612287 0.926205873
    0.550580084 0.269826174 0.967770875 0.739214063 0.0802576244
    0.695774674 0.913100004 0.747071981 0.50713861 0.758025348
    0.130967617 0.815747619 0.876985192 0.621635318 0.572966754
    0.933300376 0.318853647 0.867954493 0.452135295 0.517261505
    0.034150362 0.801699758 0.439290434 0.788106203 0.0578333735
    0.69904846 0.352526844 0.541168332 0.45004335 0.856792092
    0.452833623 0.354036629 0.139541656 0.0861979425 0.101428747
    0.488142133 0.176500618 0.893478274 0.00284293294 0.407102108
    0.355802 0.413481355 0.110111266 0.625568986 0.736380041 0.967276454
    0.488138318 0.413676023 0.672661602 0.988422513 0.91843766
    0.213669807 0.441441 0.809069514 0.307003736 0.653103352 0.221122622
    0.907733798 0.294565797 0.0610212088 0.300150454 0.800569296
    0.315279961 0.395121515 0.175699413 0.375520408 0.501266718
    0.512317181 0.905386925 0.130063832 0.553491831 0.641671896
    0.588919699 0.675102055 0.127712399 0.796786726 0.555527568
    0.743953109 0.104066133 0.484299958 0.680731297 0.276580989
    0.240284383 0.653044105 0.252406061 0.580136538 0.453143001
    0.491983205 0.923730612 0.757777572 0.243103236 0.251411855
    0.0422614515 0.544861913 0.307754338 0.304538786 0.192384183
    0.132774323 0.817044854 0.780164421 0.809666157 0.0676612556
    0.335343063 0.743358254 0.308462441 0.561500907 0.919266284
    0.852502227 0.951447368 0.163236499 0.48142758 0.0444597006
    0.655050755 0.261741757 0.450719148 0.264044434 0.698013186
    0.0519142449 0.162889928 0.183272034 0.227452666 0.889560819
    0.526692748 0.112588853 0.749283791 0.0692687631 0.0892070234
    0.818232179 0.241489828 0.892542243 0.283131301 0.181812704
    0.684572458 0.910238445 0.622805834 0.589017332 0.504283547
    0.723893285 0.158119291 0.178030312 0.804473162 0.420566708
    0.300314248 0.0205800235 0.932027936 0.125692278 0.643045902
    0.783394039 0.896702349 0.609218061 0.580989122 0.936265588
    0.840704262 0.629659057 0.158192366 0.742522359 0.148589998
    0.443646044 0.13127476 0.510795474 0.52292037 0.919836879
    0.0465827584 0.0342775881 0.190517664 0.576759517 0.446220189
    0.528373241 0.871740699 0.13375929 0.784500837 0.482950777
    0.768529415 0.225867897 0.954557896 0.979497671 0.313800812
    0.700295389 0.133241475 0.0971975923 0.31683898 0.0665413737
    0.548500896 0.0511310995 0.159546196 0.125294328 0.244592965
    0.0909025073 0.630991817 0.818242371 0.747930527 0.283818811
    0.889648497 0.988618314 0.844946027 0.730773628 0.668204486
    0.0445073545 0.945752442 0.963217854 0.865998387 0.0830192864
    0.977150023 0.716738284 0.782081366 0.450521469 0.646654129
    0.811125875 0.998466253 0.310919285 0.564103067 0.489857525
    0.0581479371 0.0535243452 0.972885728 0.681722105 0.871423841
    0.862382352 0.84835422 0.869633913 0.876136184 0.970448494
    0.306700677 0.833197713 0.869714022 0.274444938 0.612031102
    0.572822332 0.369494677 0.717886925 0.0876192451 0.0482797325
    0.424192101 0.37667495 0.396187097 0.00566512346 0.438634604
    0.286959887 0.910515547 0.111795157 0.135552943 0.16191411
    0.144764632 0.176611066 0.129571348 0.618411779 0.0587712228
    0.0192554295 0.931041956 0.69596374 0.265543193 0.751393557
    0.169760585 0.773214817 0.407740682 0.424973547 0.464966774
    0.0112020671 0.915402412 0.537580311 0.100086451 0.34654206
    0.0781763196 0.108335495 0.863909841 0.513128459 0.289114952
    0.0824109316 0.450296462 0.593870819 0.0416378677 0.858421206
    0.562776864 0.0834953487 0.51729089 0.411475778 0.977275193
    0.336784422 0.753140688 0.676226079 0.590461612 0.0310944915
    0.291873932 0.302077472 0.15221718 0.739535034 0.27941829
    0.850807965 0.612718821 0.782512367 0.477666527 0.590588331
    0.274985254 0.274052739 0.793967247 0.0883078873 0.00772950053
    0.266517878 0.0731572509 0.0555399358 0.0582097769 0.188732922
    0.110891044 0.912911654 0.109597236 0.885110259 0.544949412
    0.0956978202 0.720847309 0.802336216 0.847988605 0.275088847
    0.25610134 0.735116005 0.591917753 0.0162910521 0.667644203
    0.441688091 0.937278032 0.255706549 0.973418236 0.979881525
    0.635526955 0.987381577 0.773203254 0.678042412 0.240111828
    0.741446435 0.501476228 0.682474852 0.512262881 0.514986873
    0.231997252 0.0369114578 0.909301758 0.608833849 0.468358189
    0.389247835 0.916397214 0.344221652 0.972495556 0.441664398
    0.961337566 0.493481994 0.898987412 0.850521564 0.472998857
    0.134261191 0.477250636 0.237083167 0.181293249 0.278113961
    0.788967848 0.461293221 0.309345335 0.0570022762 0.815505743
    0.0532541871 0.680729687 0.0541266799 0.567570627 0.755938888
    0.686880708 0.428877711 0.803710938 0.745084524 0.746262848
    0.109466732 0.895930409 0.498998851 0.894942343 0.327875078
    0.956609249 0.377050519 0.587516069 0.631047249 0.689559877
    0.238506377 0.210691392 0.632169127 0.296588153 0.876885891
    0.151410609 0.374091625 0.441897511 0.249270171 0.992567062
    0.409683704 0.551566184 0.84134233 0.871779203 0.270263433
    0.892307341 0.956107259 0.141791135 0.432873189 0.282320797
    0.954479933 0.802883983 0.0763213634 0.504263222 0.459651172
    0.0951567888 0.614382446 0.770926118 0.604231834 0.942442656
    0.733015239 0.145225853 0.695642352 0.231842488 0.276186585
    0.737374485 0.0331232846 0.653102875 0.307807028 0.173164308
    0.247277588 0.115588367 0.282422364 0.779648781 0.595117688
    0.855886221 0.766451836 0.493436128 0.542711079 0.771319509
    0.578097105 0.422298849 0.878125668 0.154450566 0.267532766
    0.942931712 0.795283675 0.0670010746 0.94030714 0.808010459
    0.0388890803 0.0854868889 0.927835226 0.520158052 0.380261242
    0.566547811 0.44419077 0.822988391 0.260959804 0.493328303
    0.952778339 0.0458133519 0.494122237 0.599366248 0.31390059
    0.821053088 0.256628126 0.960631371 0.147323221 0.368705511
    0.926008344 0.524229527 0.0497279167 0.688789129 0.261038423
    0.742831647 0.0422116816 0.150790036 0.0798303783 0.049842149
    0.156826645 0.746440768 0.760978103 0.799888253 0.353260458
    0.497327805 0.00507408381 0.920471072 0.08753407 0.84119153
    0.916662335 0.246492922 0.788087904 0.586275876 0.44421351
    0.69575429 0.189456046 0.580394387 0.442338049 0.889971077
    0.572754681 0.606713414 0.47620371 0.790549636 0.417622179
    0.020768255 0.132344961 0.363366336 0.111249119 0.38672626
    0.220053256 0.643274069 0.889740407 0.505436122 0.892842531
    0.0348053575 0.249629974 0.992635846 0.515567541 0.987202525
    0.519115269 0.918719292 0.329981744 0.784500003 0.663006902
    0.426078498 0.751464367 0.26748687 0.259050786 0.938676953
    0.330194831 0.143689066 0.427976876 0.705636203 0.550503194
    0.00892317295 0.254440308 0.709677339 0.538675368 0.838464081
    0.351912558 0.922149897 0.98148942 0.15640381 0.352224767
    0.124040842 0.601158381 0.0556017756 0.158213824 0.960243464
    0.813787878 0.921063721 0.0844884515 0.878626168 0.753791332
    0.718348801 0.213730156 0.403017193 0.688747883 0.626389503
    0.102006793 0.285604894 0.202341616 0.141457617 0.957803845
    0.265708447 0.216860056 0.311855793 0.750099659 0.664314091
    0.40191415 0.979133725 0.744544864 0.523633182 0.311524481
    0.494451731 0.860214055 0.653761208 0.940992236 0.652646542
    0.947853506 0.808359265 0.36291182 0.836819053 0.258129686
    0.580329776 0.59034127 0.323832124 0.64933157 0.978214979
    0.0414669216 0.0698005855 0.475770831 0.340989411 0.967529893
    0.829521179 0.341989577 0.790124774 0.356602311 0.195756793
    0.172799289 0.80714339 0.20548749 0.262256771 0.353296041
    0.944884777 0.908113718 0.954580486 0.722288609 0.606835008
    0.672771275 0.254730165 0.941565275 0.254651397 0.113387793
    0.504913926 0.565388799 0.490821779 0.74796474 0.121846765
    0.796855927 0.139668614 0.279582322 0.769490242 0.601741493
    0.364282727 0.791606724 0.0953015387 0.27456075 0.199781656
    0.441560417 0.68978703 0.31722945 0.0357652605 0.0639288723
    0.627805114 0.446498305 0.387169898 0.528143227 0.185782969
    0.0410426855 0.154715717 0.41235131 0.876056671 0.891549468
    0.0607069731 0.566907585 0.524471819 0.094557941 0.990145087
    0.506759763 0.581301808 0.135288149 0.722988963 0.958725989
    0.712432444 0.872308016 0.531787932 0.715501189 0.159055024
    0.714600325 0.16237238 0.0819450319 0.709858775 0.868941188
    0.406021833 0.603933454 0.440185964 0.221667528 0.155786544
    0.752829194 0.210989088 0.186260998 0.645784795 0.779523253
    0.79357779 0.216154099 0.0391066074 0.750865698 0.947953403
    0.707830548 0.329402596 0.362282515 0.612707853 0.299232125
    0.393651634 0.311852455 0.725220025 0.108297288 0.683724105
    0.52805537 0.0783418119 0.456044912 0.899431229 0.150356829
    0.529508591 0.689015925 0.830232143 0.447387576 0.696812391
    0.316506803 0.533542156 0.320498377 0.194566339 0.211663336
    0.613514543 0.692360282 0.383060873 0.374734581 0.553023458
    0.0154089928 0.812565088 0.330398589 0.639334202 0.580358028
    0.416939855 0.538784921 0.62223649 0.256253958 0.275578678
    0.770439684 0.634128213 0.0535053611 0.457262456 0.490679026
    0.0841285586 0.180226654 0.120461881 0.206155121 0.504788399
    0.263192832 0.670531869 0.703072309 0.601848066 0.745678246
    0.249080211 0.108887881 0.646761 0.279453486 0.244788855 0.601106107
    0.842776775 0.597902179 0.307921767 0.393798143 0.4178105
    0.366545498 0.775690317 0.94899565 0.141030103 0.0373873711
    0.246900797 0.901211381 0.639577866 0.644478917 0.413629442
    0.534301937 0.481098294 0.0564107597 0.44821319 0.6466133 0.31861341
    0.828776896 0.720768988 0.673761904 0.561087191 0.345273197
    0.816196263 0.201057643 0.238999605 0.575893402 0.24130705
    0.013519913 0.252937168 0.608759046 0.422751814 0.278303683
    0.815943122 0.555821359 0.815734744 0.655554354 0.480932772
    0.241889596 0.857621193 0.129895598 0.612540603 0.596507549
    0.684892893 0.318213463 0.76968503 0.0208725929 0.603411674
    0.44665271 0.481352091 0.243078947 0.720272243 0.474496335
    0.861401916 0.241290063 0.115975529 0.231280357 0.885416389
    0.725447416 0.246487349 0.300185204 0.999000072 0.971184134
    0.725722849 0.42336154 0.934283972 0.511652768 0.513660014
    0.75283134 0.957664251 0.304854989 0.973950028 0.247894645
    0.194256991 0.131381631 0.890216529 0.878182769 0.600440741
    0.320953459 0.451478392 0.100206822 0.331559479 0.307543904
    0.263476938 0.931261897 0.895939112 0.598982453 0.342218131
    0.825445592 0.0428700745 0.941579938 0.382652164 0.606789589
    0.793573856 0.462457716 0.862216353 0.935178876 0.871856093
    0.170015752 0.431979895 0.211132646 0.685930789 0.733382523
    0.700184643 0.883766294 0.0589739084 0.772737026 0.830007434
    0.386954695 0.589197576 0.0626072884 0.596271932 0.36517486
    0.905817866 0.44850266 0.93353337 0.0846357644 0.786494315
    0.554461062 0.339648485 0.341134787 0.109439135 0.832356453
    0.679105699 0.14210403 0.634754777 0.968112946 0.464725107
    0.956001282 0.78635186 0.774316192 0.554388225 0.661718607
    0.953053296 0.198833704 0.675316989 0.854541779 0.289229214
    0.223619372 0.9315449 0.937906325 0.641157746 0.0310744047
    0.352403164 0.35738343 0.908252954 0.639992952</data></test_img>
<my_img type_id="opencv-matrix">
  <rows>128</rows>
  <cols>256</cols>
  <dt>f</dt>
  <data>
    0.657082438 0.0237390697 0.374819547 0.360115469 0.333576351
    0.456285864 0.0226266086 0.135950267 -0.0586671531 -0.449539065
    1.03986001 1.3361783 1.07323897 0.90981698 0.0501696467 1.49265206
    -0.389849424 0.282074809 1.10843873 0.0782845616 1.28347087
    0.0635747313 0.659608543 0.60094291 0.179123461 -0.012239635
    0.81261909 0.168163359 0.548235416 1.31639171 0.632208109 1.00109398
    0.458134711 1.39252198 1.37908006 0.718567789 0.919514298
    0.0772493482 0.714828432 0.579060972 -0.000261545181 -0.112289816
    0.674437523 1.2399466 1.29058456 0.483007938 -0.274531513 1.08622432
    -0.159420431 1.43141103 1.1541723 1.1243794 0.328489184 0.385604799
    0.895714343 0.270979822 1.14932942 0.371286452 1.31881499 1.0570662
    0.688041508 0.764945507 -0.204875618 0.648278475 -0.0694442391
    -0.513035357 -0.0392257273 0.846004844 -0.0148050785 0.303163111
    0.0455579758 -0.110071719 0.292021573 0.849984229 0.338206887
    1.25661874 0.485199749 0.279316247 -0.0406455398 -0.4257465
    -0.0519576073 0.104553342 0.448605835 0.936152816 -0.416536003
    0.454021335 1.4901154 1.14237773 0.688629985 0.16246891 0.788662553
    -0.0540218949 -0.380575001 1.27816653 0.147203028 0.401948869
    1.34961414 -0.059081763 -0.0391994715 0.732025921 1.23335576
    0.740766168 1.03261781 0.00983202457 0.175858557 1.20161891
    0.949150443 0.00965130329 0.276716173 -0.12189734 0.455954552
    -0.249693006 0.048532486 -0.349809527 0.307481647 0.526301146
    -0.251788527 1.34122169 0.516245902 1.43280244 -0.0885975659
    0.655504584 1.1521796 0.102174133 -0.382911146 0.229114354
    -0.024225831 -0.0181545913 0.188663065 -0.341148913 1.12529171
    1.14262307 0.118553817 1.11354733 0.574974358 0.189704001 0.03522259
    1.29858518 1.12414408 1.30098438 -0.0192845166 0.723079562
    1.43708158 0.863741159 0.981561542 1.29501629 0.557507753
    0.611457169 1.11657393 0.81800282 0.995673776 1.29966509
    -0.000314474106 -0.172142446 0.407791436 0.235773921 0.110542089
    -0.185459256 1.08164835 -0.288324594 -0.0289035439 1.37545609
    0.821187615 1.05742979 -0.44514966 -0.39298439 0.491803765
    0.10543105 0.466476768 0.233807921 -0.259314567 0.589236379
    0.549630284 0.144401908 0.0737225413 -0.241265893 -0.414489508
    -0.00462147593 0.728353679 1.4548223 0.727082014 0.187319636
    1.08077931 1.18961871 1.5349437 0.369879216 1.51281452 1.07899666
    0.985356092 0.856811047 0.0901887119 -0.44246155 -0.215655327
    0.029376924 0.637643099 1.21464038 0.0880847573 0.937419415
    0.877490103 0.908014178 1.00529861 0.302496195 -0.476242572
    0.396966338 1.13028741 0.17520079 1.36621714 0.440686762
    -0.0832296312 -0.262723625 -0.0564803183 -0.382511437 0.963730752
    1.2181437 0.649443626 -0.174106747 -0.176511943 1.46591163
    0.98249191 0.818832219 1.33885729 -0.110285759 1.07958817 1.09720349
    0.940391719 0.225907266 0.742630661 0.996070266 0.32191515
    0.678058147 0.422190428 -0.428728104 1.07818663 0.0689581633
    -0.346080482 0.550532758 0.876896143 0.711404324 0.90916878
    -0.324375808 1.43258488 0.119018018 1.47492552 1.25448668 1.18691945
    0.147710145 0.727647483 0.811366379 -0.157728761 1.17325544
    0.336898983 -0.189953774 0.413051307 0.100850224 -0.0731121898
    0.239909291 1.50638318 0.306384265 0.65307641 0.404284179
    0.345155507 0.941376805 0.364409208 1.29498315 0.838329852
    0.283741355 0.794870138 1.22264647 0.634713531 -0.442586899
    -0.380029589 0.682244897 0.416355908 -0.494555533 -0.275473148
    0.661965311 0.0159709454 1.21261883 1.27777624 0.943434298
    -0.425377309 1.33626604 0.877709448 0.779010653 0.993923962
    0.450696707 1.1319232 0.240534365 0.153764606 1.077775 -0.111927539
    1.22310305 0.103030384 0.534605265 0.090254426 -0.0639050603
    1.45721078 1.40702224 1.27350414 0.54437387 0.644497037 -0.358990043
    0.856733739 -0.124893427 1.10793161 1.00052857 0.480808735
    0.593764782 0.853994429 0.245149136 -0.330351561 1.07302952
    1.09139848 0.542226315 1.14285338 -0.290988505 1.25022578
    -0.316117883 1.30384052 0.0160697699 0.130766869 0.702460408
    0.345618725 0.837516665 0.340746731 -0.395928562 1.44106436
    0.83637774 -0.150207222 1.34698021 1.38410258 1.3068521 0.7679317
    1.21282554 0.745211661 0.298622668 -0.236421257 1.0949626
    0.328640401 1.48183751 1.10077286 0.24910748 0.222634614
    -0.453320533 0.152303547 0.486963838 0.900185525 0.758239627
    -0.42677924 1.02422917 1.27827644 0.937971056 -0.25660947 0.94430095
    1.29176152 0.859749794 0.375988662 0.508268714 -0.259662747
    -0.00270324945 0.617967784 0.9237656 0.237604737 -0.0466606021
    0.495429158 0.0434160829 0.101020932 0.370878398 -0.0348953605
    0.27899158 0.42747575 -0.193383515 0.708711565 -0.089546144
    0.751155615 0.108956963 0.896631241 -0.190201879 0.382063329
    1.26740575 -0.1658912 1.33353245 -0.404744267 1.00021899
    -0.170268714 0.0198253691 0.878930271 0.0126255155 1.2135483
    0.98188591 0.140707642 0.724286079 -0.166990697 1.48553205
    1.01629364 0.676859856 1.23925591 0.994957209 -0.212084293
    0.0852888227 0.931163728 -0.123077333 0.0311339498 1.33062458
    0.553352952 0.144376278 0.740315199 0.509595931 1.25425458
    0.772323132 1.31918752 1.30063367 0.69559288 0.643640995 0.769681633
    -0.431265324 0.464144945 -0.339286208 0.842344761 -0.35171634
    -0.486542463 0.203606397 1.08545029 0.491829157 1.32873046
    -0.222526699 1.45866632 0.34655869 1.45190263 0.914513588 1.42110789
    0.647662222 0.569273412 0.315452397 0.617868662 0.456415653
    -0.24173981 0.0955622792 0.49018085 -0.0990639627 0.579388857
    -0.131202608 -0.130386323 -0.359558612 0.887812376 -0.149851769
    -0.0594829023 -0.158945143 1.326774 0.728661299 0.716731668
    1.30499244 0.254552722 0.0398129821 0.694022954 0.439223111
    -0.300224423 -0.51680547 -0.0546886325 0.919993401 0.48191154
    0.809773445 0.169460714 -0.0480365753 0.577492356 1.38174534
    0.880272567 0.341077745 -0.0594886839 -0.411999047 -0.0795866847
    0.54143846 0.135926664 -0.487411916 1.2448554 0.82773006 0.16740942
    -0.219759017 -0.157519996 1.04103911 0.127980769 0.832649469
    0.200444221 0.143382311 -0.353521645 0.431132555 1.09568405
    1.26907134 -0.389225036 -0.185611606 -0.328839064 0.291657031
    0.931496263 0.802333236 0.427365124 0.211036384 1.32026303
    -0.0352804661 1.46612406 -0.302026689 -0.471054554 1.21318173
    0.852284312 0.956123352 0.438974559 1.09116089 -0.230728358
    0.986845851 0.426482201 0.404901326 0.911260068 1.49190164
    -0.39834097 -0.347985625 0.541505694 0.472249627 1.14739323
    0.770100653 0.398167849 1.36462355 0.680945814 1.12721992
    0.0850395858 -0.320996165 1.31171894 1.19072509 0.899204791
    -0.444007128 1.34928703 -0.52260232 1.18695271 0.358139694
    0.544717669 0.842564166 -0.506052554 0.877814591 0.521278977
    0.842050672 1.10823262 1.35466313 0.715409756 0.908146024
    0.571626425 -0.534168363 1.28089499 1.25924838 0.585926235
    0.867808163 1.26403916 1.30593681 0.466843784 0.615254104
    0.306232333 -0.120142937 1.51393056 -0.0656300187 0.276271582
    -0.378954887 1.19694149 -0.12248081 0.553333938 -0.175192624
    1.33336926 0.459176719 0.835785031 0.249703884 1.32197917 1.11664248
    0.345216036 0.414953232 1.10856438 0.66658318 -0.533445537
    -0.470901191 -0.479233474 1.42912877 0.60369879 1.46051788
    0.633811772 0.279672444 0.865112901 0.716592193 1.42075562
    -0.451472014 1.24995339 -0.241666406 1.07023752 -0.130219668
    0.682185948 0.614707649 0.969932675 0.847885191 1.13880002
    -0.0686739683 1.14580905 1.53042305 0.386292487 0.596592784
    0.5826689 0.940199018 1.15624261 0.493677914 -0.13881439
    -0.279569954 0.277317464 0.911929488 1.07149661 0.482281923
    0.840328991 0.328223288 1.17227769 0.666401267 0.358908236
    0.127802551 1.46120453 0.101447105 0.992776573 1.39353824
    -0.249868035 0.788504899 1.21632719 1.43601131 -0.193279684
    -0.204600587 -0.250426471 -0.144892663 0.239664197 0.326092213
    0.756313443 0.439718425 -0.135265321 0.547982156 0.596703053
    -0.35052532 -0.328819007 -0.284974366 -0.216678172 0.758279204
    1.20625567 1.02635181 -0.162312597 -0.0342716873 1.09190655
    -0.175431103 -0.114609897 -0.0419070721 0.0308681428 -0.425023079
    -0.0450853109 0.217045248 0.614835799 1.11047792 1.28058398
    -0.321271628 0.321855664 0.248287141 -0.485333502 1.25577915
    -0.493345976 1.00975657 0.380539715 0.879594922 1.34053385
    1.19600797 -0.446629465 -0.458044887 1.45753121 0.224574208
    0.496429771 1.12673879 0.78980124 1.49728835 0.454868078 0.554170072
    1.26458251 1.24292696 0.102298319 -0.328214467 0.72501713
    0.520960569 0.736493468 1.17710018 0.929339588 0.946788907
    -0.109810472 0.951198101 0.395751536 0.0277990699 0.366910279
    0.709973574 0.672015071 0.455040097 0.695911765 0.612935185
    1.37352729 1.09425104 -0.257007718 -0.00417631865 1.34685814
    0.742080331 0.834350348 1.42642784 -0.34601295 -0.135367274
    0.307651639 0.216245949 1.45216036 1.09331048 0.441030979
    -0.033831358 0.269053578 1.03634012 0.730882466 0.880241036
    -0.184100688 1.22730994 -0.187940538 0.697642624 -0.236339822
    0.100309432 0.946638227 0.0300854146 0.304341614 1.33038199
    0.820765197 0.176196814 0.978033066 0.983685315 1.05905044
    1.25550413 0.102786124 -0.206985712 0.0326676965 0.131893396
    0.844408035 -0.267727077 0.364741921 0.178792179 1.47354066
    0.280537158 -0.275722802 -0.43487978 0.0896686912 0.678620756
    0.899914503 0.289221108 0.743718386 0.517169476 -0.0168004036
    1.3478446 -0.11049208 0.455875754 0.342225075 0.0380556285
    0.498482972 -0.433191955 -0.430994987 1.06193852 1.25138891
    -0.349004418 0.706175745 0.335607111 1.40389144 1.2956053
    -0.306532443 1.25299048 0.483866155 1.40253663 1.08746362 1.20059609
    0.672019362 1.1376518 -0.145278603 0.243048579 1.26981688
    -0.218916476 0.575025797 -0.282564998 -0.23929137 1.092978
    -0.287983507 0.508240461 1.46677828 0.639048278 1.30121267
    -0.188988119 0.422761142 1.01642966 -0.0137219429 1.29545522
    0.779557168 -0.552493751 -0.478423953 0.525370419 0.102507412
    -0.0542353392 -0.430603623 1.12043405 0.0428389907 1.44190168
    -0.565596521 1.23715973 -0.0381313562 0.398307383 0.50777477
    -0.480333716 1.196419 0.400555551 0.967888772 -0.387913495
    1.11557913 -0.0957759619 -0.0975156128 -0.290060461 -0.249449521
    0.141438603 0.0219109058 -0.000178456306 0.120892048 0.458545625
    -0.429626375 0.663514137 1.33596992 0.258545399 0.514860272
    0.610085189 1.12278509 -0.427971154 0.729579389 0.953582883
    0.796007991 0.486208081 0.920721352 1.48651338 1.47923899
    0.834271491 -0.504819274 -0.160993695 0.74585402 0.83068496
    1.05745804 -0.0599741936 0.591774464 1.23998845 1.29598665
    0.979996979 1.40704012 0.842876613 1.411165 -0.163497537
    -0.00685486197 1.42386627 -0.44146806 -0.43901667 1.32224083
    -0.303435028 -0.37748307 0.930547953 0.487724066 1.1462692
    0.171736956 1.01143253 1.11229897 0.0398677588 1.23051071
    0.292438924 0.905623853 1.39186454 -0.168294668 -0.365028888
    -0.470998436 1.16540956 1.45336986 0.564094901 1.17135358
    0.476673245 0.738552868 0.446765572 0.450195819 0.554859281
    1.5000726 -0.414162248 1.38358366 0.910005927 0.348994166
    -0.297563076 -0.217665732 0.841223955 -0.111935169 0.708043933
    -0.0256411433 0.899228692 1.25105584 1.08453918 0.34297511
    1.27226603 1.18626642 0.0452869534 0.274996936 0.718294322
    -0.0222485363 1.36612153 1.2384789 1.15637636 -0.249593198
    -0.287651479 1.04281819 -0.525887072 0.044162035 0.367631197
    0.96473062 0.604291379 0.913663387 1.02853441 0.816651583 1.2937305
    1.2892561 0.741764724 0.483995557 -0.305783063 -0.251321644
    0.339603007 -0.387415171 -0.484829873 -0.323437691 1.25115037
    1.34044981 -0.281390548 0.933641493 0.763616681 0.718064785
    1.2009325 -0.276179373 1.00894308 1.46333861 1.07809913 0.287938237
    -0.129705161 0.0273581147 0.4609465 1.40778518 0.298769832
    0.0416116714 1.26001167 0.556755185 0.886901915 0.886100113
    -0.146813989 0.992270052 -0.14630723 -0.082600981 -0.183465302
    -0.0432612896 -0.406661808 0.26561752 0.510676742 0.122042745
    0.937599301 0.105889708 1.15092993 1.41724014 0.614456475
    -0.257129997 0.368208587 0.654291213 0.342978477 0.0227648616
    -0.253758132 1.06899464 0.644240797 0.386482954 0.0554046631
    0.965239644 1.3896395 0.302852243 0.0752550066 -0.328052998
    0.927230597 -0.136819303 0.265306294 0.811940789 0.716888011
    0.108741939 1.48541451 -0.405913711 0.294164538 -0.144952804
    0.52660352 -0.387703538 1.28133798 1.4045825 -0.41425398 1.1651572
    0.592267513 0.691687703 0.513553143 0.798769474 0.202310055
    0.0140333176 -0.390367419 0.788347244 0.0314745009 -0.0712296665
    0.963339627 1.24508536 -0.338603854 0.310528457 1.4291203
    -0.114502698 -0.327009678 0.612504482 1.26169288 1.23586655
    -0.299448609 1.14550519 0.203267634 -0.0453998148 1.3152535
    0.464829803 0.666963458 -0.0281720161 0.897755563 0.657612801
    -0.0199786425 -0.493745208 0.787354648 0.281954348 -0.498155504
    0.776786447 -0.484748513 -0.0824898779 0.639759779 -0.375616223
    0.925165892 0.61138624 0.0427628756 0.843166828 0.400014579
    -0.1408149 -0.43857646 0.106577814 0.124605715 -0.231684029
    0.279145241 0.676606238 0.128413141 1.43208516 1.1897223 1.22392333
    0.263457894 0.632005453 -0.190386117 0.244980574 -0.367918849
    1.1498661 0.226827502 1.00403988 -0.367147207 0.536631167
    0.463158369 0.62879169 0.654469609 -0.370641381 0.682764411
    0.0241656899 1.19682741 -0.457989544 0.151758611 0.355388224
    1.15994334 0.138906837 -0.0228280425 1.28713894 1.19164717 1.3264904
    -0.234673262 -0.303607553 0.988619328 0.429171026 -0.181234777
    0.0751855373 1.41996694 1.36043429 0.715648472 0.543635309
    0.144136429 0.156971395 0.601754725 0.529294014 -0.330122888
    0.169519305 0.357498765 1.19164956 1.2245028 0.867890954
    -0.102262497 0.540780723 0.687747955 0.752107739 0.417682588
    1.40085709 -0.124257356 1.03912795 0.52387023 0.81494987 1.34140861
    0.0599739552 -0.385321379 0.0193816125 1.13432384 0.265653372
    0.172191799 -0.409012705 -0.142989606 0.879374921 1.09472895
    0.063410759 1.03738964 1.08287859 -0.0599272847 0.438754797
    1.21859944 0.615573406 -0.102410913 0.056586206 0.0812200904
    0.0091740489 0.980562091 -0.247566998 0.550594926 0.0752394199
    1.20715845 0.260651827 0.320450366 1.22767234 0.626652241
    0.977916002 0.0487607419 0.946753979 0.735942841 1.52721739
    1.34777021 0.932730198 0.790521562 1.07340455 -0.274415255
    -0.150075108 1.00660586 0.338608295 1.08053613 0.979948997
    1.31632876 0.518188238 0.377632767 0.420696944 0.966565967 1.5647769
    -0.206302136 -0.504483342 -0.00726145506 -0.36983031 0.531424761
    0.140226483 -0.52127248 0.894966602 0.665055335 0.189371288
    1.37654686 -0.235056102 0.172988057 0.757058203 0.7604357
    0.285102606 1.07314205 1.38622761 0.512481451 0.766678214
    0.381476641 0.660035193 1.06998277 -0.29271543 -0.0114614069
    0.532697499 -0.217847347 0.643160105 0.557329535 0.581349254
    0.905060887 1.40557814 0.09787184 -0.410853803 -0.434686065
    0.0372134447 0.359852016 1.15794945 0.136357725 0.423517227
    0.416010737 0.0265116692 1.03690004 0.486296594 -0.458091944
    0.876314044 0.173272312 0.0895670056 -0.0765471458 0.13983959
    0.974389195 0.903553367 0.591199577 0.118076861 -0.188440531
    0.871152759 0.327144921 0.0217382908 -0.177785873 1.15076232
    0.990930915 1.17096579 -0.29747802 0.585062206 1.46472931
    0.769694984 1.37834895 1.03923321 0.316240311 0.515293121 1.4239012
    0.163669884 0.894684076 0.206147432 0.385514438 0.342395127
    0.315420628 -0.448922247 1.38517869 0.00936761498 0.69552505
    1.26040912 0.630130053 0.345936477 1.13448966 -0.449379325
    0.481214941 -0.388380378 -0.0673196018 0.555719733 -0.31667462
    1.17175293 1.01968288 0.429059386 0.388565421 0.664001942 0.16024071
    0.498426706 -0.265875936 1.16766918 1.02884293 0.698184609
    1.44957006 0.564145207 -0.240400627 -0.312035888 0.283806026
    -0.371090114 1.02398324 0.236466438 0.956023574 0.523823738
    -0.427440375 -0.277685791 0.154488683 -0.424613386 0.876292944
    1.21401966 1.28912222 0.84910357 0.035994947 1.13026977 0.359598339
    0.67550689 0.72719866 -0.221103311 1.00321102 1.13070536 0.749015749
    0.0245530605 1.08139944 0.810866296 1.17362249 -0.200327128
    -0.407891691 1.10730982 -0.0281540751 -0.0418471396 1.40876913
    0.993229985 1.12877989 0.357654274 0.421388566 0.572352767
    0.964304924 1.32083845 -0.0117628574 -0.037561357 0.92487067
    -0.461235642 1.31440759 1.20838189 0.865531087 0.0544220805
    1.26801133 1.04663634 -0.10434705 1.3396287 0.706276655 0.530528724
    0.106763005 1.05553174 0.283260822 0.17155844 -0.292405367
    -0.0798248351 0.148557127 0.359519809 -0.211063027 0.0673545897
    0.479044169 0.873567343 0.779025555 0.0819961429 1.07640624
    1.30328059 1.03769314 -0.215457112 0.588277936 -0.274880618
    -0.135434002 1.36853909 0.111755967 -0.363519073 1.32870126
    1.04783237 0.953461051 0.298805654 1.44267797 0.148776889
    -0.37217629 0.345150888 0.115847945 -0.382196486 1.13686085
    0.804434717 0.973873138 -0.58175534 1.29602766 0.315609276
    0.811560452 0.847425044 -0.046240449 -0.30618903 0.171178818
    0.265112787 -0.342134356 -0.238505945 0.814884424 0.605588913
    0.28477028 0.987021267 0.59165746 1.0083617 0.122342348 0.309968054
    0.263907075 1.07529116 0.255878448 0.0640565157 1.19894195
    -0.546214342 1.15828943 -0.534109652 1.3731308 0.0531892776
    1.12767136 0.257260263 1.08193445 1.00550175 1.12523651 -0.365878433
    1.0672648 -0.100789875 -0.198296577 1.39683414 1.22962201
    -0.149872661 1.20080554 0.594319582 0.984377861 1.1116271
    0.474395901 0.0136117339 1.43587685 -0.0925315917 -0.294448316
    -0.346150219 0.343172103 0.605653226 0.483274221 -0.102506608
    0.428835779 -0.146082282 0.731115699 0.809344172 0.15304783
    0.0744238198 0.848047972 -0.161514908 0.916931689 0.886639178
    1.39133048 1.00583386 0.56025815 0.303446829 0.710103035 0.418461204
    -0.159287423 0.561485469 0.169778287 -0.14184618 1.4113884
    -0.5098418 1.15311372 -0.25899455 0.87740016 0.163121164 0.985885918
    0.300346971 0.905088544 0.474721074 0.294796884 0.943165362
    -0.0225647688 -0.130435914 -0.384850323 0.567282379 0.890284121
    0.334894419 1.26660359 0.70996666 -0.383197486 1.20382953
    0.319118083 0.716129184 0.484249532 0.621197402 1.26762033
    -0.395607591 1.33115745 1.13250375 0.35660395 1.07945251 1.21192849
    1.31739807 -0.0302988291 0.139235467 0.601623356 -0.365881503
    0.97973609 1.52853906 0.272444099 -0.261027992 0.703706264
    1.31459141 -0.459369481 0.374852091 -0.0105054379 0.100677133
    0.0572893023 -0.237596124 0.38106811 0.639382601 0.0367584229
    1.38631392 1.00185013 0.239370346 0.326387912 -0.409028053
    0.492622107 0.341391534 0.176292509 1.31122029 1.33590996 1.41878343
    0.11655587 0.36661756 0.220543861 0.171706259 1.25295448 0.579351187
    0.03685835 0.722472191 1.03336775 1.27657807 1.32465518 -0.244032085
    1.05656147 1.48937321 1.22810435 0.50186944 0.291195959 1.47506046
    -0.349612653 0.690992236 -0.400718302 0.126812249 1.51533329
    0.504258156 -0.279007405 -0.140974879 0.234618962 1.30880117
    1.45242119 -0.00501969457 0.272221208 -0.15349701 -0.378974557
    -0.44038409 -0.213563502 1.29139507 -0.0311520696 1.00502086
    0.162913442 -0.102615595 0.558287799 0.481635988 0.892757416
    -0.0782009363 -0.358020127 -0.386736631 0.525684595 1.09195042
    1.29503345 1.28079367 0.0652583241 0.0132318735 0.285985529
    0.876940131 -0.498836666 -0.392566323 1.13198447 0.467717469
    1.37618923 0.863491118 1.341326 0.946733654 1.39010048 -0.216221839
    -0.26626718 0.241730332 0.136816859 0.779821157 0.887963176
    0.133748353 0.010592401 -0.399394035 0.298067689 0.206491888
    0.641576827 -0.0332038403 -0.184493631 1.3512938 -0.0718989968
    0.486173153 0.19763279 0.751472592 0.804178655 -0.251835287
    1.21654809 1.24288988 0.522243142 0.154517978 0.512376904 1.01141417
    1.37558031 1.46077907 -0.00112554431 0.514258265 1.46798444
    -0.10740155 0.252919167 -0.279046774 0.761379957 0.602212787
    0.958722651 1.38543415 0.540521026 0.167378008 0.0700853467
    1.00648069 0.74144125 1.37281084 0.376192927 0.700482965 0.933367074
    0.329394817 0.120657384 0.870254874 0.274680257 -0.365709871
    -0.030868113 1.22063625 0.15735966 1.35254431 0.869459391
    -0.0237834454 0.489311755 -0.00502377748 1.01050973 0.381525815
    0.639359951 -0.406378925 0.742103577 -0.152165174 0.150925606
    0.402490139 0.761800587 0.650282741 -0.109941244 1.38814473
    1.39305735 0.408683121 1.06848514 0.292334139 1.02360797 0.90453136
    -0.100875854 1.25878096 0.623726308 0.900259852 0.694578469
    0.542080462 -0.0702608228 -0.127765685 0.205841362 -0.397220224
    -0.0654723346 -0.401133478 -0.26456207 0.273349941 0.0152017772
    0.225043327 0.0425132513 1.07213879 0.671735704 -0.0832042098
    1.10637867 0.624084115 -0.404097348 1.29913092 0.468536198
    0.184045374 -0.403591633 1.00162899 -0.00517737865 0.0955582857
    1.01888418 -0.112794936 -0.110618502 0.210517943 1.39879715
    1.12030268 0.310434192 1.21610403 0.921672046 0.966102302 1.07877278
    0.195245266 -0.0979509652 1.02865934 0.0100861788 0.547164381
    1.28521013 0.897110879 -0.185789227 0.985986471 -0.23438555
    0.137820661 -0.223718971 1.41959965 1.1079421 0.515671313
    0.0123069882 0.115730584 0.120389163 -0.485681415 0.511702061
    -0.355165482 0.128165364 1.40716136 1.45953059 1.36961818 1.4725281
    0.829738498 0.357129991 1.20400321 0.788149238 0.917748928 1.3175199
    -0.285916716 -0.362063318 -0.149080068 0.881333828 -0.42232731
    0.199717999 0.483008087 0.0121548772 0.570692837 1.34529138
    -0.435613662 -0.327602416 0.990999877 -0.224372134 -0.21936439
    0.354913145 0.25230974 0.153824866 1.18738782 0.740452468 1.09970355
    0.935778499 1.06932163 1.41750741 -0.0266491473 1.24000895
    0.423178554 0.254726827 1.05793357 0.357342958 -0.229192257
    -0.227458343 0.969080925 -0.180797219 -0.187415242 -0.0370253623
    0.629059196 0.215274394 0.494508266 -0.110314786 0.625086546
    1.19710994 -0.414579988 0.873822093 1.01046169 -0.103737772
    1.34407246 -0.00489020348 1.49565554 0.892742753 0.038310796
    0.246716857 0.592119992 1.05754662 -0.0813879371 -0.247337297
    0.674241543 0.334596604 -0.419075787 0.446614861 0.425065607
    0.499340147 -0.455323875 1.1127162 0.945571423 1.25995696 1.07163858
    0.606097698 -0.456766248 0.210296184 -0.429427832 1.27048671
    -0.36371085 1.45123267 -0.056084305 1.23583508 1.36627674
    -0.306819469 1.20565009 1.16485572 0.333935916 0.080780983
    1.47343171 0.545905948 1.44012737 1.26902819 0.436609805 1.24303818
    -0.430581063 0.763526857 -0.341870844 1.241943 1.41529632
    -0.132590026 0.469648957 -0.177220434 1.10774231 0.654027522
    -0.223451436 0.971313119 1.18297791 0.238629997 0.432685137
    0.38567692 -0.0502665639 1.27957022 1.46063757 1.3237865 0.984285712
    1.15238333 1.48463297 0.0501132309 -0.187884629 0.653769851
    1.46104169 0.768092692 1.10244656 -0.0870920718 1.08485317
    0.625066221 1.32626116 0.487760603 1.40798974 -0.146893144
    -0.0545018017 0.890866041 -0.381802112 0.725194335 1.53618145
    1.29003 0.62428391 0.714914799 0.345312804 0.086506784 1.36661768
    -0.478093088 0.138794273 1.06483531 1.4507314 -0.0571407378
    -0.370734096 1.31305718 -0.221143559 1.08831275 -0.11775443
    -0.277925253 -0.427315593 1.00472355 0.462452501 -0.39252454
    1.41014838 0.868758202 0.378868699 0.964315832 -0.0219999552
    0.829329431 1.0009439 -0.0721185505 1.43452883 0.86022073
    0.533311605 -0.497135937 0.274801433 0.31885159 0.436085939
    0.657364547 0.0292271376 0.886056662 0.910882711 0.767020643
    -0.367210776 0.038315624 -0.214495957 0.735836148 0.488872468
    0.683314085 1.12977374 0.879188895 0.381633282 0.580825329
    0.330480814 0.846778929 1.09661698 0.0850821733 0.369061291
    0.6684196 -0.0183244944 1.33932114 1.00115144 1.14442813
    0.0448846221 -0.262590379 1.08578467 1.22254968 0.976453543
    1.06029081 -0.337792307 -0.451649606 -0.446821719 1.0092628
    -0.0710684061 -0.121961892 -0.361166358 1.09644783 1.38031185
    0.321603596 0.729745865 -0.447666109 1.50506997 -0.277986497
    0.521237314 1.03874564 0.0619389415 -0.352606416 1.13384295
    0.38508743 1.08488774 -0.157705009 0.954380393 0.559845328
    0.396950662 1.40857732 0.580521524 0.56693542 0.887937903
    0.235747516 -0.166988611 1.42509913 -0.453923792 0.208877861
    0.490218222 0.285135984 1.14114034 1.33530176 0.120076895
    0.396447718 1.0273447 0.915645838 0.520456493 1.33033824 1.29218709
    -0.487579763 1.41361368 -0.0703803599 0.366496384 0.978196442
    0.0784311295 -0.429496914 0.793781757 1.24047089 0.786437273
    -0.249858111 1.09133387 -0.435179949 0.0877489448 1.37540245
    0.0210061073 0.109098107 1.24044931 1.23913622 0.92802918
    0.366375923 -0.436666965 0.492165983 1.3402462 1.45869088 0.95132786
    -0.221658468 0.699610829 0.87558049 0.109860688 1.31012404
    0.276275694 1.24470377 -0.21140334 -0.376787484 -0.17637074
    0.500203848 0.180765182 0.789785266 0.357313544 0.0407565534
    0.864019036 0.187909603 1.07245135 0.937070489 -0.231798127
    0.556913853 0.871726513 0.902205825 -0.436543375 0.815214992
    -0.460338801 -0.414018422 0.0395051837 0.649301946 1.42500925
    1.00654626 1.44339776 -0.460445642 0.502324879 0.0170167685
    0.612015367 -0.110503018 0.888751805 0.350726366 0.600557089
    -0.396071792 0.0523010492 0.587210834 0.96508348 0.0909338295
    -0.151395947 0.359565198 0.303030193 0.218740553 1.27392268
    1.03932524 0.652883887 -0.352219284 -0.497316092 0.471754581
    0.849167943 0.868890703 0.549482942 -0.123960793 -0.196829379
    0.125562847 -0.0571734011 1.20374143 0.877258182 -0.386429787
    -0.355461895 0.51346004 0.554420888 0.823499024 0.493545294
    0.828097224 0.0404652357 0.793536842 0.24987936 0.909742415
    0.560034811 1.1241281 0.454648972 0.488075852 0.855028272 0.52321142
    1.0858264 1.22243094 1.29923797 0.451342285 0.258759797 0.91079396
    0.838801801 -0.205633074 0.119014502 1.18359685 0.123939455
    0.639725924 0.484337151 -0.488514155 0.0518994927 0.0332412124
    0.502415538 0.259178877 0.951745212 -0.484373689 1.41448307
    -0.058476001 -0.162301272 0.323037148 1.23141801 0.618464947
    0.373336792 1.42030525 1.38073516 1.37602878 0.273916066
    -0.0477914214 0.192432076 -0.0992495418 0.532838523 -0.235236332
    1.19199932 1.2779026 -0.452622712 1.5038414 1.22805715 0.564277291
    0.341594219 1.05242872 0.679827034 0.28145051 0.40824914 0.26868993
    0.512113988 -0.454360753 0.439031869 0.990200639 -0.171469957
    0.135756999 0.0407856107 0.944402218 1.07027793 -0.226943105
    0.646140337 1.22060466 0.488685548 -0.116422951 1.35170484
    1.30614734 0.62245208 0.493633449 0.74842149 0.515203953 -0.15365985
    0.453711033 0.614598334 0.541327953 0.160732299 0.927459836
    0.561203778 0.539032936 1.28886271 0.765970647 -0.00627079606
    1.18569553 0.0580111146 0.493324578 1.33182859 -0.391516477
    0.923454404 0.223109245 0.816852868 0.375153184 1.30458581
    0.0785209537 0.850249767 0.608855367 0.276516438 -0.309641719
    1.31838119 -0.0734296739 1.20434165 0.283666551 1.24215984
    1.28408432 0.627963424 0.963837326 0.631730676 -0.433027357
    1.1552856 -0.264070064 0.872253776 0.874634147 0.125293314
    0.450095415 -0.543093026 1.3788116 0.217616022 -0.146130741
    0.655628681 -0.213993609 1.10804963 -0.327474087 1.51302266
    1.36839259 -0.460905969 1.43239999 -0.116410077 -0.131879926
    0.725729465 1.35304964 0.450654209 1.45226681 -0.278451294
    0.781616271 1.34783792 0.0134612322 1.19666791 -0.04441154
    1.21344686 1.4447149 -0.420531392 1.13017154 1.41048348 0.0334992409
    1.01735139 0.737806201 0.741863549 0.902333438 1.09481072
    0.777690887 1.28575993 -0.159584105 0.183668733 0.960662425
    0.968069553 0.158580333 0.0190950632 0.982918024 0.0960620046
    1.02869797 -0.394229829 0.241308421 1.05036259 0.875943542
    0.726678252 0.0732435882 -0.3901667 0.27390644 1.3297472 -0.13487494
    -0.061904043 0.834663868 0.503283858 -0.441597164 0.300299883
    1.19521737 -0.269926637 0.255246341 -0.362244874 0.194455206
    1.04968202 0.113238573 -0.210203886 0.993333697 0.269043237
    0.0175671577 0.780551672 0.662092805 0.493110687 1.14028096
    0.395757794 -0.168436587 -0.274851799 0.0543286204 -0.122584015
    -0.396222115 0.657711744 1.22351158 1.34727526 0.228106707
    0.943339825 -0.330531389 -0.295192301 1.4133513 0.679450512
    1.04952455 -0.415790498 1.42233014 -0.160095841 0.325738668
    0.243607461 -0.370038092 0.404407263 0.657733679 -0.0781112909
    0.998010993 1.05058098 0.409133941 -0.0273908675 0.801860631
    0.637228012 -0.412972331 0.103270739 1.38681459 0.389663041
    1.04918671 0.652169347 0.966523051 -0.341391057 1.3008467
    -0.350780517 1.35300684 0.525832117 0.251541376 0.900022566
    1.15723479 1.51060557 -0.300703347 0.124710232 1.11690164
    0.254297584 -0.124542564 1.33019185 1.05716264 -0.174550951
    0.52438283 1.28585064 0.215349495 0.699304342 0.515110016 1.35126734
    0.452192724 0.892941713 0.832781434 -0.0835870504 1.03046393
    0.914215624 0.474105954 0.925087154 1.17312312 1.00277317 0.69582969
    0.556321919 0.83339572 1.28824472 1.00673056 1.41889763 1.34355509
    0.850015402 0.124128461 0.771744668 -0.431381226 0.241690993
    1.26336122 0.0178158283 -0.203848958 0.990441084 0.539719284
    0.117058754 0.243278682 1.14599514 1.25169659 0.0163565278
    0.17439419 -0.0167714953 0.672563732 0.121447563 0.174306035
    0.0619536042 0.774881482 1.51912248 -0.33859241 0.039922744
    -0.113063455 1.28139007 0.141095966 0.456584841 0.301407874
    -0.390940428 0.350497931 -0.132874131 -0.217962235 0.732182145
    0.382330239 0.1831218 -0.275399268 0.818712354 0.743499577
    1.35188913 -0.273120046 1.14542365 0.259293675 0.333818376
    0.696599007 1.26736903 0.728055418 -0.39132148 1.49087954
    0.00647759438 -0.371448636 0.368641078 0.733987927 1.47022939
    1.21217704 -0.520591497 1.02716136 0.186644793 0.445463061
    0.341521025 -0.373337895 -0.365769416 0.932752073 0.745250106
    1.11210597 -0.146233499 0.811267734 -0.074113965 0.595770001
    -0.233584926 0.660373092 1.49202943 0.396301806 -0.467671663
    0.440597534 1.37843466 0.909714997 1.04505968 0.109668136
    -0.243319452 0.393613696 0.523776174 1.22528124 -0.433356076
    0.0316677094 1.03891659 1.12650371 1.46561909 0.777318001 1.4368453
    0.356000364 0.946528196 1.16191375 0.874416471 -0.474829137
    1.1778183 1.00113106 -0.443775296 -0.400290191 0.800401986
    0.31991744 0.731076062 0.773260415 0.868989646 1.3666172 0.534795225
    -0.15756461 0.815688968 1.50547469 1.38138509 0.545982599
    0.708577096 -0.332965344 -0.0876854062 0.222122014 -0.0520872772
    -0.467126846 0.995579362 0.303608835 0.996480405 -0.407076895
    0.850256622 -0.380537808 0.415678144 1.17402816 0.938998163
    0.914441407 0.398700237 0.937437773 -0.0338374376 0.391426146
    0.633880794 0.607990623 0.421346068 1.0185138 0.742028058
    -0.140324831 0.0574172735 0.117489874 1.1167649 0.936331451
    1.23559666 1.38000166 -0.355365545 1.0629735 0.468328208 1.24500847
    -0.0879637897 0.810690761 -0.410547405 0.1039083 0.353008509
    -0.103455812 0.696098626 0.626926064 0.284244716 0.988366365
    0.923033178 0.00155097246 1.32706618 -0.00694397092 0.992010295
    1.37544322 -0.0348837078 0.155772507 0.600973368 0.614944696
    0.877903759 0.160218865 -0.291942596 0.831137776 -0.235580638
    -0.443052441 -0.382933378 0.743567228 0.134509802 0.917882025
    1.4717505 0.155285686 -0.0127233863 -0.182549149 1.51053989
    0.81124264 0.486303449 -0.380642384 -0.439080536 0.0730937123
    1.08350682 0.0611148179 0.0727070272 0.0693420172 1.25018358
    0.468860805 1.25115824 1.05160475 0.497430742 0.747617662 1.43217039
    -0.409601808 1.40161133 -0.350815207 0.470445454 -0.0341700912
    -0.29530704 0.197247475 0.883153915 0.154917538 -0.158054888
    0.268186629 0.706876278 -0.183198631 0.900498748 0.0261239409
    -0.320984006 0.658959687 0.832244515 1.07781482 0.268859982
    0.131741703 1.2921176 0.182840705 -0.165444881 -0.216257185
    1.20865774 1.10326958 1.50560236 1.21203816 1.06370687 0.206758738
    -0.0552796125 0.478057653 0.608126163 1.01611602 -0.137441039
    0.235823333 0.795496821 1.02695191 0.322570026 0.672245145
    -0.305725068 0.166860163 0.16748786 0.483551502 -0.225863189
    0.364719391 0.165531814 1.24788308 0.890958667 0.224942565
    -0.346228719 0.643179774 1.30845273 0.0940538645 -0.434029579
    1.05567813 0.707805514 1.18438172 1.24075258 0.666343153 1.41413975
    1.28457856 0.426469088 0.167649508 -0.0131983459 -0.30808565
    1.15220046 -0.0075480938 0.926258802 0.652801216 0.134907544
    -0.242330343 -0.393927217 1.01352787 1.03728712 0.466950238
    1.09141994 0.670086861 -0.463027805 0.0572035313 0.0935128629
    -0.114422023 0.694267213 -0.320786238 -0.441553056 0.349214911
    0.248388827 0.217086077 0.847355843 1.03059018 0.0475866795
    -0.394456059 0.11781621 -0.150237888 1.00805187 0.0975936949
    0.00527378917 -0.384010464 0.712693453 -0.147392213 0.776459575
    -0.379085541 -0.167084038 1.10676396 0.162911534 0.425535977
    1.37182117 -0.486137629 0.77996546 1.37588239 -0.333589762
    1.47909534 0.53662467 1.39390564 1.45661163 1.24817753 -0.431584239
    1.32761192 -0.205140322 1.13498509 1.12817621 0.299075007
    0.570861518 0.832391858 -0.0117678046 1.12296736 -0.278000593
    1.42144263 -0.441389382 1.07897687 0.437024355 0.171173334
    0.892410517 0.675314903 0.8478176 1.0921967 1.13616633 0.579233766
    -0.397010446 1.22224736 0.822100818 0.404190004 -0.171404988
    0.0940031409 1.34372401 -0.343496859 0.779435217 0.367991447
    1.28378367 0.736179173 -0.187839657 1.3066963 0.0720228553
    -0.0587880015 1.15903878 0.629488707 1.47026014 0.185213685
    1.09241724 1.14827037 1.22451687 0.557600796 0.807899654 0.778766155
    1.46454275 -0.0526572764 0.7316975 -0.445518494 0.624171019
    1.51730001 0.349893153 0.986669242 0.188624501 0.673743308
    0.102036357 -0.224283934 0.199435234 0.107043445 1.32110989
    1.10950541 0.0850889683 0.761685133 1.31872225 1.17566586
    0.886789441 -0.42563653 0.737279654 0.54178828 -0.312431097
    -0.143075466 0.966396153 1.27405047 0.362843335 1.43814635
    1.22388828 1.32066679 -0.330578506 -0.277135015 -0.252004683
    0.0857362449 1.50701821 -0.127124399 0.256868958 1.27817869
    1.36850166 0.44920817 0.734855175 -0.0137450099 0.356941104
    -0.196621418 -0.214567035 -0.288724691 0.646377265 1.30327654
    -0.337385654 1.10101342 1.06104434 1.29006755 1.37894452 0.119075745
    0.33779192 -0.0672516823 1.11414242 0.887930572 0.0844601095
    1.36700392 1.49795353 -0.226420969 0.439150691 0.209329277
    0.995618463 1.18533087 0.58567524 -0.475925952 0.242037714
    0.415430546 0.0375060439 -0.263476461 0.498150289 0.165037453
    0.321642011 1.03360331 1.56351435 -0.46348986 0.645224929
    -0.234927326 -0.344413608 1.1235559 1.30161297 0.686797976
    1.42706347 0.67870754 -0.361662269 1.08122802 1.4704566 1.09976327
    0.934908748 0.392316222 1.5218147 1.00440931 1.03461134 0.111436874
    -0.195026487 -0.218446016 1.38584542 1.45953536 0.813424945
    1.29589045 1.37889385 -0.376864702 -0.257517755 0.0940169692
    0.43761149 -0.0219950378 0.195121765 -0.0523152351 1.05685246
    0.103634894 1.15660679 -0.468443334 -0.194983155 0.809005678
    0.131196856 0.0929114521 0.990696251 0.654441595 -0.00134110451
    -0.249507099 0.601571918 0.447665036 0.348643422 1.04703045
    -0.527578771 0.263184786 -0.13401103 0.229233325 0.644332767
    1.19587028 0.306637466 1.07520914 0.608657122 0.0753001571
    -0.502790868 0.264136553 -0.44765836 1.02840638 1.2358104 1.11057544
    -0.446698874 -0.473356187 -0.0667659044 1.2137208 0.994081736
    0.8991431 1.05618954 -0.0235283971 -0.471900761 -0.473339409
    -0.44386512 1.02001822 1.23233068 1.05728292 0.974014401
    0.0825845599 -0.00850611925 0.924333632 -0.201012045 1.30654716
    0.998897493 0.492003918 0.394427001 1.35733998 1.14847577
    -0.34654361 0.855000257 0.167229742 -0.190577298 0.723389387
    0.59451282 0.702305138 -0.125173718 -0.0135893524 -0.447171867
    -0.175523639 1.28477931 1.2758801 1.29377985 -0.392723799 1.25161982
    0.769645691 -0.348276973 0.750202775 0.375238895 0.499411553
    -0.0160102546 -0.315633774 -0.205798998 -0.23520197 0.179218113
    0.762655497 -0.378513932 -0.0567737222 0.195058465 0.916126609
    1.28768802 -0.141125023 0.045104444 -0.00077354908 -0.317853302
    0.521909714 0.265807569 -0.113527924 1.11996174 1.30165136
    0.91882503 0.66025722 0.433439493 -0.168396592 0.714769423
    1.20575285 -0.123171538 0.894665301 0.0647190809 -0.231269985
    0.405096412 1.40243268 0.442233384 0.373452544 1.17342198
    0.878442883 -0.488042653 -0.0396519303 0.00282549858 1.30881441
    0.904248536 0.804147422 -0.4633542 0.695173681 -0.125814199
    0.631783664 -0.49727577 1.34370637 -0.0847158134 -0.460851192
    0.0553200841 0.403277993 0.536837757 0.572774768 0.837673962
    0.692901075 0.464624673 -0.456725866 1.40636837 1.37391019
    1.16756821 0.550881624 -0.491649806 0.0467527509 0.864968598
    -0.310300738 -0.327462316 0.979251921 0.0186543465 0.551388323
    0.563759089 -0.479236215 0.0327892303 -0.0397275388 0.367065132
    0.107805669 0.944932997 -0.27725935 1.43673003 -0.0701642334
    0.53073138 1.26810741 -0.492349833 0.781509161 0.0132080317
    0.0244968534 -0.127729982 0.263315231 0.506753027 0.915464222
    0.288479805 0.0254328251 0.869570613 -0.0162252784 1.01611018
    1.03965497 -0.51822108 0.865081608 0.0110820532 0.88877058
    1.49706423 0.0332232118 1.52105939 0.534311056 -0.274837315
    0.580235839 1.07320476 0.616482973 0.180360705 0.36554417
    0.587659597 0.0935234129 0.334573835 0.399257571 1.51357484
    0.313542306 0.395657659 1.05144238 0.0223072767 0.198497981
    0.471010327 0.196985781 -0.312855721 1.13554335 1.21793425
    1.03124595 1.11714005 1.12856698 0.683332562 1.4580555 0.360564977
    0.566108465 0.0858302712 -0.082129389 1.44459939 0.866168559
    1.47098589 -0.334519655 0.627833247 0.00599777699 0.541825891
    -0.10252589 0.48400116 0.847202718 0.0737117827 0.220032305
    1.17676449 0.888190508 1.13749528 1.2168262 -0.134185135
    -0.148161411 0.75306946 1.29890823 0.143881857 0.280997485
    0.353862703 -0.227940053 0.844498158 -0.189799339 0.622465432
    0.0402778089 1.43157053 1.11751842 -0.331905276 1.41116107
    1.24527967 0.89953661 0.628941536 1.52379537 -0.34739536
    -0.193345755 -0.0766569674 0.847044826 0.92999053 1.25936055
    -0.456810087 0.125532329 0.561970234 1.22336745 1.2477138
    0.427454293 -0.535179138 0.832821369 1.01646662 -0.483793318
    1.28008747 0.520471513 0.817237198 0.244010061 1.51589847
    -0.395294249 0.567639649 0.176202178 0.303230464 -0.435124159
    1.0278579 0.584373295 0.94819963 0.111287355 1.4668287 0.582268059
    0.579392731 1.09448719 0.0950014591 -0.291719645 0.570551157
    -0.242225349 1.19929075 1.36167574 1.24017024 0.759138465
    -0.0675076842 0.557778656 0.641513467 0.0412746072 0.870253503
    1.21200323 0.787642539 -0.00754523277 0.404987872 -0.27372998
    1.17616606 0.789987087 0.268176615 0.69655329 -0.119981408
    0.859636903 0.255797803 0.429144919 -0.0238274336 0.654497564
    0.741825819 0.61273241 1.4478358 -0.227945045 -0.273630351
    0.161264598 1.12665772 1.03022337 0.426621586 -0.183481783
    1.22126651 0.0586903393 -0.397708237 1.11607993 0.741001666
    1.44313943 0.800231516 0.481571138 1.03785408 1.29965901 1.182446
    1.24798739 0.820854545 0.99961257 -0.292164326 1.21420527
    0.709161997 1.44112146 0.0730118752 1.09442997 0.866783381
    1.12747145 -0.300116897 1.35880065 1.23992336 -0.520033538
    0.449315071 1.36373067 -0.112572819 1.49079943 -0.0151668787
    -0.278732777 0.26275444 -0.441931307 0.760060787 0.991000354
    0.766975403 0.64601934 0.165060282 -0.181723386 0.520608544
    1.21581328 -0.390537798 0.683924437 0.125433087 1.23178768
    0.874253511 -0.222192138 0.680578053 -0.163597107 1.3282944
    0.584270418 -0.120582134 1.2732147 -0.435532779 0.319707721
    0.250289619 0.477960229 -0.185098052 -0.361822963 -0.374126226
    0.960427046 0.569435835 0.737206638 0.318511784 0.560265183
    0.57935369 -0.233742476 1.42306924 1.0530026 1.24030709 0.441722274
    0.708204746 -0.357178032 -0.12304163 0.707036853 1.37113595
    -0.324923933 0.992523193 1.2768569 0.682089686 0.913737297
    -0.00984281301 -0.138723999 1.21195626 0.727477372 0.581451178
    1.1654408 0.885178804 0.69811523 1.27619886 0.264077008 1.12871742
    1.13022017 0.11352998 0.73699224 -0.123270839 -0.477065861
    0.998785317 0.219495535 -0.112080276 0.342845857 0.87608099
    -0.19088909 0.00215581059 0.981732786 -0.407580197 1.04346442
    1.03397059 0.207820952 0.629009187 0.352782547 -0.486782223
    1.04274845 -0.471324265 0.764827311 1.03182852 0.62578541
    -0.205552787 -0.408860117 0.521552086 0.690063357 -0.32920289
    1.46813643 0.915924609 0.0700287819 -0.214098901 1.42401636
    1.47429025 0.359367818 -0.0443136692 -0.324418783 -0.478289366
    0.692991376 1.38793528 -0.319284081 -0.322969973 0.228499472
    1.04271543 1.12265706 -0.461711407 0.509714782 0.0454493761
    1.33371603 0.518578649 1.42876291 0.127445936 1.03328097
    -0.0554133952 -0.478373706 1.36743617 1.32442975 0.285299897
    0.509710729 -0.341763139 1.06887436 1.15847003 -0.104273736
    0.268272012 1.13212991 -0.14526251 1.32516861 1.0870297 0.506260157
    1.13523126 0.220806718 0.0418040156 0.86974895 1.02476001
    -0.445617259 0.00243538618 0.0161759257 0.391347408 0.0890882015
    0.512668729 -0.0154282153 0.321938574 0.93966496 -0.292622924
    0.261692464 0.681837738 0.455778778 0.443135381 1.33796883
    0.990325093 -0.229152411 1.20412004 0.653924346 -0.181138664
    0.521149755 1.11524975 0.0384400487 1.21923804 0.911423445
    0.934953034 0.818531275 -0.578067303 -0.227529615 0.97733891
    1.26425898 0.314988136 0.250843287 -0.282249659 0.693002284
    1.40751946 1.34406888 0.953013659 1.00139868 0.289696574 0.237742215
    -0.103737026 0.184105575 1.30606127 -0.315674007 0.335875094
    0.155150294 1.23307383 1.2947247 0.771133304 0.886057258 0.790284574
    0.241325855 1.26095843 0.101968348 -0.570869625 -0.343110442
    0.34940964 -0.520080447 0.131424844 1.20806301 0.511202991
    1.40670609 0.448669195 0.90208596 0.361694098 0.168782383
    0.0508633256 1.13832092 -0.121591002 1.28725123 1.3290329
    0.499785244 0.916599452 -0.0481514037 0.194415092 0.664054573
    0.674045682 -0.246278852 -0.159295499 0.930177927 -0.344656348
    -0.210265741 0.0655218363 -0.0599424541 0.623333395 0.938272059
    1.35428107 -0.334647238 -0.109437108 1.33916438 1.03983927
    0.50927788 0.901747167 -0.163775533 0.781136513 1.3550384
    -0.0695680678 1.12784517 0.000987917185 -0.0166137815 0.36204803
    0.783570766 -0.0132665038 1.08714092 0.321483105 0.843636036
    1.4884671 0.685686946 -0.383872151 -0.127764404 -0.476291895
    1.17949963 0.787455618 0.4299106 -0.154966295 1.12885034 1.39557934
    -0.247473866 -0.450291038 0.179501474 1.38126636 1.34347439
    -0.0213572383 -0.372228295 0.147670567 1.12671542 0.105485141
    0.0275372863 0.288671136 1.15219247 -0.42782414 1.42911911
    -0.52066195 1.27154851 0.591097832 0.354645967 -0.280497849
    0.0697124004 0.0233428478 -0.312632114 1.32710946 0.365339041
    -0.241651982 0.137286067 1.1123358 0.615551233 -0.160719275
    0.832844317 0.711744964 0.950913608 1.14606464 0.186083913
    0.572972536 0.900883973 1.16175127 -0.0125415325 0.979085922
    1.2341181 1.09278619 1.43938434 -0.326871157 -0.026968807
    0.465149641 0.00858777761 0.541956544 -0.50088346 0.565207779
    0.570001006 1.2022531 0.247811615 0.759619355 0.664870083 1.29891515
    0.954378307 0.310016096 -0.367781401 0.925368547 1.13773739
    0.714945197 0.462211728 0.538767874 1.30890357 1.37038124
    -0.457666039 0.0811437964 -0.143178135 1.26302564 1.23218822
    -0.477815121 0.270673335 1.3273406 -0.37360242 0.289557099
    0.479377031 0.0895706415 1.1844368 0.0481604934 0.633131504
    -0.153105736 0.071056962 -0.00721880794 0.264137924 -0.296836853
    0.677233338 0.142092407 0.525805235 -0.353403836 1.28994703
    -0.340740889 0.823123574 -0.361895859 -0.101240784 0.212375045
    1.11541355 -0.201654404 1.11256909 -0.00435215235 -0.229043931
    0.627025962 0.947788596 1.07581532 -0.470140338 -0.187484473
    0.237309992 1.33753955 0.0373157859 0.48821646 -0.0679393411
    -0.0501838326 0.194495082 0.203248024 -0.0861438513 -0.200671673
    0.171059608 1.24998903 1.4067893 0.882099569 0.0868178606 1.34923005
    0.798398316 0.153041184 -0.373656452 0.101609558 1.09317374
    0.402395844 0.136217475 1.29506564 -0.292218059 -0.525040984
    1.09522951 -0.449276149 1.19034636 1.02286339 -0.161517739
    1.21925497 0.125677705 0.433303177 0.484785378 0.282886982
    0.696968317 0.208338946 1.17450905 -0.0726332963 0.419733644
    -0.329817772 -0.034783721 -0.174751937 1.04403067 0.923754454
    1.21735144 1.01629126 -0.45100835 0.633320034 1.35198116 0.96327424
    -0.00485831499 1.25799417 0.100638032 0.159273088 1.21337295
    0.696146429 0.161931336 1.34547567 1.14093351 1.24338782 0.845689356
    -0.133452445 0.0534918308 0.168825626 -0.242527664 1.48598218
    0.277002871 -0.0837545991 -0.458660543 -0.0377084613 0.930177629
    0.0702317357 0.547958493 0.628697515 0.950737715 0.358246207
    0.0872274637 -0.349134743 0.321620643 1.06643581 -0.285802543
    0.979129434 -0.533358097 0.19010514 0.999896109 -0.155646831
    1.31348479 1.00294638 0.974496484 0.884105623 0.19858861 0.12717694
    -0.458750099 -0.415595531 0.453878582 0.742434621 -0.354813159
    -0.0448486209 -0.33398363 1.09517193 1.12596977 -0.437391073
    0.499053389 1.02427602 1.22651672 0.38498795 -0.296307862 0.92398113
    0.0871470869 1.1999985 0.105772376 0.260970443 0.70372802
    0.766142011 0.663934231 0.661740661 1.53266871 0.497653455
    0.669028401 0.531999826 1.32694387 -0.227285624 -0.0734284818
    -0.39845717 -0.198783606 1.0625931 -0.281371683 -0.357063353
    -0.42396903 0.176225632 -0.287139475 0.224520445 0.725588322
    1.36678851 0.469705403 0.577689528 0.0461925864 1.26342678
    -0.129586428 0.347643018 1.01681221 1.10069954 0.671351075
    0.323796183 0.0770803094 -0.415024459 0.320334494 -0.216368973
    0.696848691 0.760087192 1.06823468 0.198822618 0.681964159
    0.362740874 -0.210049063 1.09523332 1.37624025 -0.450733393
    1.45275807 0.00984317064 -0.388297737 -0.163328618 -0.482143462
    1.31579769 1.14239407 0.942814708 -0.502901673 0.76908052
    0.777752936 -0.506980598 -0.200716943 0.170339525 0.977151573
    1.21953321 0.550967336 0.371507168 1.28589106 0.332830489
    -0.377085149 0.112527132 0.836869061 0.0151362419 -0.0331415236
    -0.3478567 -0.248674273 0.790968299 0.0965343118 0.663427949
    0.58905375 -0.268420577 -0.0246180892 1.32642436 -0.0807294846
    0.101776212 1.46768737 -0.40732199 0.0902867317 -0.144041449
    0.573880255 -0.291727006 0.96975857 0.744898736 -0.0340255499
    1.22537446 1.14821243 -0.027385354 -0.238113761 1.36537242
    -0.0480577052 1.28597999 -0.33799547 0.92785126 0.661370397
    1.37303841 0.158307642 0.36068368 -0.316649139 1.13073206
    0.149804324 0.407850504 1.05780661 0.622694254 -0.140390813
    1.35067189 0.13831389 -0.420850396 -0.374018967 1.14005423
    1.08963311 0.919701159 0.27516818 0.108490914 0.766003728
    -0.228819251 0.835967183 -0.232622579 0.890823662 0.0704418421
    1.16921616 0.609391391 0.0742907524 0.8475492 -0.103750437
    1.09201837 0.850554883 1.51224673 0.516811132 -0.0687130392
    0.844879985 0.303566158 -0.473578393 0.414271355 1.1671319
    -0.280394167 1.45887768 1.41408277 -0.437890321 0.0677620769
    -0.0257493854 0.55391103 0.581716537 -0.365392864 0.21175456
    -0.149827302 0.362425625 1.10026836 0.875502944 1.19471121
    1.15267313 1.14239526 1.23290527 -0.477382332 0.839767456
    -0.300275683 0.716385245 0.829410374 1.47476149 0.192901313
    0.348222077 -0.183045 1.36166835 0.872164547 0.592364073 0.655361295
    -0.231381208 0.916468561 1.14775729 0.359487593 0.00901865959
    -0.192515254 0.839091837 0.366389304 0.258910298 0.0666387677
    1.4354372 0.180131555 -0.124956906 0.0408965349 0.337659299
    0.0885082483 0.806261361 -0.278820187 -0.361622304 1.11774874
    1.09101558 0.827472687 0.0996858478 1.04578161 1.21107531
    -0.45254463 0.705207288 1.17035556 0.951574743 0.408228576
    1.16662335 -0.391679734 -0.172897667 1.20641899 0.638872027
    -0.0925145745 0.394430637 0.576651931 0.926486254 0.231659979
    0.982965589 1.10877621 0.582619548 1.26358116 0.289423376
    0.434941232 0.144625068 -0.149203807 1.0493685 -0.342073858
    1.07061315 0.178467393 0.612428904 0.0385181308 0.959623575
    1.18026876 0.411720812 -0.188569665 1.27787542 0.508378327
    0.70663178 0.407240868 -0.0514879227 1.38162768 1.2054038 1.40457749
    1.52061546 1.00441492 -0.445073575 1.37940133 0.368125618
    0.693366885 0.494642317 0.817247808 0.775302768 0.676261604
    -0.411600053 0.438625157 0.147721767 1.2156086 0.325518012
    0.993730426 1.12427688 0.615443587 -0.323577464 -0.0323927402
    0.389581114 1.42522764 0.290664226 0.95713973 0.648336172 1.33163548
    0.877647161 0.155967891 1.15428114 0.799176574 1.1005981 0.926469922
    0.431386769 0.108790815 0.0707365274 0.688522279 -0.20249176
    1.52659667 0.591852605 -0.173326761 0.465072423 0.771799684
    0.449222654 -0.27810961 1.48360515 0.302106082 -0.406587601
    1.52734339 0.256354809 0.445970535 0.858667016 -0.136250377
    0.291422814 -0.401374638 0.227195412 1.26894712 1.25065541
    0.725014329 -0.151740283 -0.124116302 1.15478325 -0.159901142
    0.625073373 0.562569201 1.25092065 1.40711784 0.290860772 1.02019978
    1.14081073 -0.393333316 0.178471804 0.748290122 0.0887650549
    0.284987837 -0.510823786 1.06089807 1.44009042 0.474299818
    1.07602763 1.00316286 1.0169915 1.25499594 1.31454921 0.452328682
    0.818870723 1.3466866 0.622099161 0.94373405 -0.0707996488
    0.424759328 0.178833425 1.13479686 -0.208767772 0.90050602
    0.361546695 -0.300709307 -0.434602737 1.24066472 0.72730875
    -0.461226851 -0.0264028907 1.38069761 -0.203914404 0.102776229
    0.26503849 1.48575258 1.16024697 0.691509247 0.190294921 0.163232923
    1.15445435 1.21619582 0.738050759 0.951099157 -0.387214065
    0.197431415 1.09993958 -0.0665943027 -0.148634762 0.897973418
    -0.383850932 0.944396734 0.895525992 -0.000774413347 0.58464992
    0.108148903 0.724774361 0.471639872 0.882393599 0.933615625
    0.307536542 0.167808533 0.539969683 0.802493632 1.07834113
    -0.392189682 1.45635891 0.833150625 0.972230315 1.43711483
    1.37058759 0.00482201576 0.993129373 1.45121455 0.251964986
    0.486885369 1.0679791 0.190008819 0.647789598 1.06830871 0.353792131
    0.259524226 1.19043946 0.88190937 -0.285516053 0.99685061
    -0.211271852 1.12006795 0.83494401 -0.342745155 0.872067988
    1.42996001 0.217353165 0.529426992 0.956740558 -0.401826829
    0.202554584 0.948922932 0.325763345 0.215123206 1.32783568
    0.859016418 0.662836909 1.15120721 0.508021295 0.9818694 -0.34030962
    0.728051007 -0.354553521 0.128230333 -0.111861795 -0.14415729
    0.345992982 0.868833661 1.37195539 0.474204063 0.41524595
    0.0711344481 -0.343056381 0.159450412 -0.100868434 0.746118128
    0.0251615047 0.36741364 1.01458931 0.0947440863 -0.340055525
    0.586349487 -0.237073153 0.997994125 -0.482590199 1.38758171
    1.13011551 0.491001666 -0.269759744 -0.179290384 0.163427532
    1.4343555 0.105186641 -0.43454054 -0.384944975 0.997819185 1.1640079
    0.402242184 -0.588879526 1.22288346 1.12207651 1.02375901
    0.875529289 -0.0616722703 1.03385437 -0.06450966 1.4006176
    0.0737159252 -0.494803995 0.297784448 0.314805984 0.890307903
    0.374780595 0.179391026 0.314695716 1.05158567 0.693506122
    1.19993877 -0.273698747 -0.249839917 0.0575405955 -0.210243255
    1.07256377 0.988613665 0.646696866 -0.000967442989 0.183332503
    0.830845594 0.225199521 0.661246598 0.22125715 0.175325871
    1.22465324 0.814906061 0.105813444 0.397762537 0.683725655
    0.759933293 0.670905471 -0.261027813 -0.118851751 -0.0724030733
    1.45210814 1.49721456 -0.0466964543 1.48306823 1.08154893 1.17146528
    0.770233512 -0.258556932 -0.472277582 1.23550272 -0.0583465099
    0.134216011 1.32329345 -0.0335562229 0.994024336 -0.368599147
    -0.0764115155 0.463552296 1.1492846 0.591085196 0.174221724
    1.04827368 -0.127529472 -0.444136918 -0.0891720355 0.179028273
    1.00897753 0.438779682 0.0571162403 1.43285787 1.39374673
    0.104202569 1.46455598 -0.0999430716 -0.181365699 1.47122502
    0.781577945 -0.477784485 -0.176788956 0.078352809 1.47931957
    0.503918707 1.02898264 1.1892966 0.0032826066 0.4618451 -0.301702023
    0.451070726 0.403152198 1.23404157 0.578075409 0.981792927
    -0.369061232 1.43439794 1.26906991 0.861263037 -0.254523307 1.221035
    1.27393258 0.201679409 0.449379086 1.27462375 0.680163801 1.08878231
    -0.334153116 1.44899309 -0.227079123 0.884925783 1.47749114
    0.853979349 0.892275691 0.882883072 0.190439522 0.765412569
    1.06842077 -0.448780417 -0.154310286 0.24293077 1.01432252
    1.37157702 0.11159426 0.0453634858 -0.304900378 -0.0620523989
    1.14922559 -0.279146731 0.555311561 1.19313121 0.201564789
    -0.481527597 0.455849975 0.958126843 0.801952004 1.51627398
    0.727050662 1.29832757 0.512001753 0.303878903 1.14316821
    0.385541171 0.366000891 0.021052599 0.717054665 1.4031657
    0.731012404 1.17652416 1.29740667 0.437430263 0.584769607
    -0.109277338 -0.249573678 -0.202428907 1.24496245 1.34585762
    0.629542172 -0.00129288435 -0.0923845768 0.801265121 0.382775337
    0.871996105 -0.210170984 0.966087222 -0.305686623 -0.258579016
    0.440946966 0.739478707 0.177467644 0.587114334 0.176733017
    0.468440592 1.18965685 -0.492726684 1.47853088 1.04166305
    -0.35357523 -0.155466855 0.669000268 0.255374074 -0.168246746
    1.50158095 -0.209605873 0.35233736 0.287517428 -0.278933048
    0.410925031 0.479019105 -0.110005319 1.1401701 0.394057095
    1.28075242 -0.31382072 0.550001025 1.39223504 -0.287632525
    -0.414234042 1.2572844 -0.19796434 0.697343946 1.38616371
    0.379034817 1.52990806 1.29630697 -0.343303442 1.34507895 1.44204223
    0.0494895875 0.69237268 0.780278683 -0.344240993 -0.23773241
    -0.030634433 0.57929188 0.211032867 1.25411844 1.17614567
    0.119362116 0.45024699 1.13935268 1.34666729 0.909460127
    0.0539506674 0.45725131 0.473655522 1.36883163 1.2655648
    -0.0822187066 0.619198084 -0.169758767 0.425192356 0.809141874
    1.25452709 0.357141972 -0.372100055 1.00438511 0.556517839
    0.978063822 1.48244429 -0.246254265 1.41765904 0.571080625
    1.29794335 0.946669996 0.179431021 0.572049856 0.583596051
    -0.333145797 1.3018291 0.113298357 0.820636511 -0.502353668
    -0.226524204 0.724319518 1.04153419 0.549699187 -0.162816525
    0.951900899 0.505272806 1.19018459 1.10242045 1.14903522 0.852075934
    0.802244186 1.23157787 -0.158362806 -0.39526698 0.492038727
    -0.187888861 0.0870631933 1.02395594 0.498457789 0.389766544
    1.03385401 1.07545602 0.14389205 0.656160057 -0.206479937
    0.463924766 1.47159684 1.13594222 0.763194203 0.52552712 0.260786891
    0.37824142 1.12583685 0.176447749 0.925638914 0.0380730033
    0.819358706 1.40039158 1.16461778 0.93319279 -0.452694893
    -0.0552375615 0.0980474353 0.391027063 -0.351693988 0.514674723
    0.297185302 -0.123832673 0.638115942 -0.277466744 1.17309129
    0.0067871213 -0.310924828 0.308279634 0.878734112 0.624102831
    0.781927645 0.055562079 0.182290256 -0.448110372 1.23364079
    0.586100817 -0.0282308459 0.074729681 -0.342177212 0.169470072
    0.223225683 1.18807423 0.721494436 -0.27769196 0.031303674
    -0.282222182 -0.19489938 0.421391249 0.475370944 -0.339904696
    -0.372443527 0.161642164 -0.372191966 1.50264442 -0.086741358
    0.745463967 0.554996431 1.21590364 -0.132946074 0.993047476
    -0.428582072 0.561028063 0.0955097079 -0.101306796 0.852400005
    0.0292621553 0.304365277 1.55120134 0.513860941 0.324630946
    0.844960928 -0.0545935035 0.770734191 1.33469176 0.74216342
    0.59076643 -0.143619269 0.474832535 1.38610935 -0.167994946
    0.990277171 1.26464379 1.35221028 0.94867444 1.39472747 -0.499920785
    -0.365985394 1.47744977 0.693083882 0.875263572 1.05110705
    0.907254398 0.0825217664 -0.168746829 0.574991047 1.30444217
    -0.430904597 -0.47569102 0.417385221 1.43584657 0.416690707
    -0.296916634 0.11197859 1.3690629 -0.183271408 1.35845602
    0.100048661 -0.201087356 0.74461925 0.122199178 0.509819269
    0.103055298 0.591279984 0.255931795 0.774342775 0.31264928
    0.790248156 0.867973804 0.924362361 0.0211677849 1.12763596
    0.953200579 1.31311893 0.861184359 0.88066119 -4.25577164e-05
    1.2857008 1.48762012 -0.382978439 0.655315936 0.00843983889
    0.329523742 0.628709555 -0.0582264364 -0.0176658332 1.4101795
    -0.217157766 0.420716971 0.135812223 0.923187375 1.34555864
    -0.278527558 0.746158779 -0.0520253479 1.24738765 0.305458724
    0.783542991 -0.0121124983 1.43238461 -0.37485534 0.215007663
    0.121481836 -0.0834542215 0.605029821 1.32245541 0.027803123
    1.01147926 0.714173794 0.224026889 -0.358991742 0.65384829
    0.549943686 0.701577842 1.3003819 0.127912402 1.45462584
    -0.0896691978 0.00979697704 0.255155414 0.93027401 -0.119935811
    1.22112703 0.685470462 0.701043963 0.812599599 1.425951 -0.388616204
    0.568241894 0.333132267 0.14712894 1.34993064 0.898067236
    0.263838381 1.01733613 -0.00784283876 0.0964671075 0.0980849564
    0.218179643 0.0224429071 -0.501487076 1.16399193 1.41639376
    -0.223450989 -0.251206279 0.262728035 0.860315979 1.29797339
    0.650289059 0.0530942976 0.46965313 0.690744579 0.616332173
    0.0659282207 -0.1296902 0.477887988 1.00475109 0.29328078 1.10240817
    1.41490006 0.310247838 0.88383764 1.17297125 0.28262955 -0.158971459
    -0.388056934 0.862791002 1.14156628 -0.329280019 -0.324858248
    0.692121208 -0.0629064739 1.33177018 -0.34101975 1.30275416
    0.595910788 1.27937818 1.07380772 0.984976292 1.38701129 1.49767053
    -0.417868346 1.44972587 -0.34281078 0.301994622 1.23666394
    1.21841311 0.619579077 -0.132508248 0.292312562 1.3168273
    -0.100150883 0.528102338 1.08740008 0.980538309 0.602875173
    1.50282848 -0.299832731 0.940836489 -0.499560863 0.656039119
    -0.121104777 0.0684008002 0.983352602 0.646686256 0.0725497603
    0.515443683 0.991170764 1.4489069 -0.117901862 0.577991664
    0.930250168 0.516587138 1.41769385 0.469761789 0.344232023
    0.46210593 1.11303234 0.832577527 0.582138836 0.105783641
    0.375707567 -0.335010946 -0.0913152397 0.908598781 0.619487107
    1.0056181 0.713801265 -0.0804589391 -0.279176474 0.640706897
    1.17672944 -0.448857188 1.3175087 0.899618089 0.99071002
    -0.501059651 0.156861663 0.427494705 0.763317168 0.672176242
    0.586866498 1.50973129 1.37880301 0.290650785 0.438872099
    -0.165298194 0.676542163 0.485379577 0.111771554 -0.363356739
    -0.287917316 0.30930391 -0.169708222 0.38799262 0.900486946
    1.49930191 1.23837566 1.42461514 1.0151099 0.967461646 1.4073416
    1.01641989 -0.183557123 0.602362037 0.649624527 -0.439356357
    0.63514781 0.53627634 0.0858402252 0.126141131 1.29219794
    0.112238467 0.272791445 1.45496511 -0.104790688 -0.29374069
    -0.323370755 0.50683254 0.696772337 -0.411386728 0.926916361
    -0.202163488 1.41545439 -0.345427692 0.342687726 -0.0345903635
    0.385224998 0.154734671 0.989751637 0.579414904 1.27285361
    0.906044006 0.358279407 0.963240206 0.872291744 0.370369941
    1.05958784 -0.215168089 0.806740463 -0.338689923 1.08579183
    1.38561857 1.22504449 0.803562343 0.643780589 1.04521775 1.05750799
    0.847825766 0.767956078 1.16302419 0.0878050923 0.329029918
    0.840005159 0.421923459 0.555233419 0.416709453 -0.356771946
    0.223067701 -0.103447616 -0.0381582081 0.487424225 -0.356370091
    1.26352942 0.416481644 0.320884109 -0.139847934 -0.369563341
    0.134483755 0.0343700051 1.47377014 0.767537773 -0.00326061249
    -0.531324208 0.253335893 1.48795426 0.275482148 -0.385429025
    -0.263939142 -0.365501821 1.18196058 -0.151602834 0.410632193
    0.9265607 1.06186509 1.21936941 0.0323865414 0.405261576 0.539998233
    1.047647 0.511347711 0.452986002 -0.527494729 1.05098772 0.832683325
    0.393938303 0.768535137 1.25532746 0.293665648 0.465609729
    0.204237044 0.649589419 -0.289031535 0.196019709 -0.473661453
    0.198522329 0.516399682 -0.344000667 1.37413311 1.39021754
    0.131638587 -0.0166928172 -0.396928906 1.04702544 0.0622501969
    1.16454375 -0.233024418 1.24227989 1.43434834 0.863583624
    0.653868377 1.23457551 -0.189596951 0.0111449361 0.67133075
    -0.0724496245 0.864669323 -0.142244399 -0.0689109266 0.364167333
    0.650880396 0.449560493 -0.0435378551 0.687077522 -0.38147366
    0.839249134 0.307964623 -0.0221208632 0.832416832 -0.361295432
    1.48452675 -0.0174377561 0.759273052 -0.0646552145 0.249722421
    0.969644606 1.26599491 1.25101399 -0.235546112 0.878729403
    0.623120666 1.02807045 -0.271785825 1.38436389 1.03621125
    0.945071995 0.44361341 0.0799623728 0.734093845 1.03589535
    0.274013638 -0.18169421 0.876010239 1.38478088 1.189569 0.42834264
    1.0834167 -0.172346115 0.893214881 1.24854755 1.22520792 -0.16733849
    -0.51002121 0.272508025 -0.428253472 0.676099181 1.16626906
    -0.0888036191 1.19344997 0.255639195 -0.53136313 0.506886721
    0.5619753 1.23252845 -0.394429266 -0.481330156 -0.284089327
    1.19341755 0.474774122 1.05487084 1.43870854 0.613847136
    -0.369812012 1.35532498 1.40648079 0.0656155944 -0.395432115
    0.645164967 -0.0555159152 -0.398736626 0.769911468 1.18646264
    -0.106581837 1.32560122 1.34477675 1.19344127 0.300152957
    0.356511056 -0.0809071362 0.22895503 0.86682415 0.404530048
    1.23760962 0.867283404 1.38012791 1.07583487 0.896859467
    -0.0781983137 0.978223801 -0.262244493 1.32433224 -0.0724745393
    1.37787557 -0.350526839 0.473923028 1.43687844 -0.519812346
    1.21540427 0.458389461 -0.362361789 1.42305446 0.472087562
    -0.0280779302 0.107254565 1.04270375 0.239847064 0.721538365
    0.419542193 -0.400803238 0.649044573 0.456097364 1.12704825
    0.733156204 -0.488468975 0.66984868 0.808359742 0.283118933
    0.834065199 0.1630418 0.250623703 -0.018671304 -0.384181082
    1.17657804 0.355145335 -0.0448008776 1.03560305 -0.47922045
    0.210423619 1.03009892 0.194728345 0.82419014 0.663536072
    -0.302012861 -0.0926569104 -0.296371251 0.0133354068 1.38070631
    -0.154183358 0.420310736 -0.213029921 0.495483786 0.182036251
    -0.36181742 0.104057789 0.874142945 1.2867589 0.877044618
    0.0472441912 -0.141167462 0.887667656 -0.26505971 0.0673626065
    0.721467197 1.24954486 0.899095714 -0.429701686 -0.156797677
    1.05862164 -0.223033547 -0.0291593075 1.04581177 0.360883236
    -0.23251994 -0.233500659 -0.345389128 0.894600391 -0.0236677527
    1.39327669 0.955752492 -0.481401682 1.25310147 -0.256579638
    0.74651891 1.39658689 -0.330978334 1.00134921 -0.104321897
    0.941888928 0.119520426 0.650611162 1.19019258 0.594243944
    0.75445652 -0.212613493 1.20138955 0.899904072 -0.173430681
    0.798279524 0.789862871 0.445759743 -0.0900042057 1.07518506
    -0.169592619 -0.372433037 0.555016756 -0.0684514642 0.687435269
    0.904099286 -0.370623887 1.48359716 0.569990158 0.196579337
    0.334145546 1.4281981 -0.256961524 -0.0158729553 0.3149966
    -0.445017666 1.50304747 0.126234233 -0.214631408 0.566662669
    0.105526567 0.770034313 0.0109853745 -0.25959298 1.26928306
    1.00914061 0.942065775 0.310617447 1.31227446 1.25357044 1.09092641
    -0.48399511 -0.472461641 0.288732767 1.13903689 1.52289462
    -0.144264966 0.662098885 1.20404541 0.439356446 1.46687341
    0.491156876 -0.168348163 0.124307752 1.46195364 0.885618985
    -0.456596404 0.49287796 -0.271960169 0.0408804119 1.14914584
    0.428570867 0.382988214 -0.150274515 0.427246213 0.722328007
    1.35165834 -0.331484526 0.258319676 0.537155151 0.321430802
    0.517995238 0.885036945 1.03923666 0.377235711 1.45843673
    -0.263432294 -0.382237911 0.38876316 1.05126643 0.0791434348
    1.51967072 0.359828949 0.755081296 0.374367356 0.250605583
    0.0849459171 1.11217797 0.408975661 1.07537127 0.338259876
    0.0747823715 0.183158457 -0.0930737555 0.339694142 1.1496973
    -0.44432202 1.15939403 -0.45146057 0.905131876 0.752488375
    -0.360674649 1.26218963 1.15289426 1.29344106 0.160053551
    0.992187977 -0.353068769 0.989315391 1.10561252 0.407543182
    0.494254708 1.19838428 0.516372323 -0.534403861 1.50839746
    0.341513872 0.324321806 1.44366848 0.357987642 0.719128251
    0.45587945 -0.490270257 0.800875902 0.981268585 1.01939487
    0.204602778 -0.269090861 0.933838248 0.0814727545 1.20379078
    1.30831051 0.0938540995 -0.306239307 1.20328903 1.16443658
    0.566383958 0.249858081 0.774879873 0.916534305 -0.447283953
    0.353084743 1.01401579 -0.125021666 1.20824385 -0.276545227
    0.490848839 1.26576936 0.00152653456 -0.0543368757 -0.430453956
    0.995122552 0.516435504 1.39114046 -0.142873228 0.743935168
    1.03977156 0.72718066 1.45341384 1.03708696 0.794529676 0.48680687
    -0.467500746 1.39789367 0.28880614 -0.269427657 0.881891191
    -0.360422075 1.00428581 1.2661016 1.42891479 -0.0139964819
    1.16709971 1.41997194 0.0821138024 0.243866086 0.977583528
    1.43204689 -0.275279462 1.14226508 0.546226978 1.39502406
    0.644540787 0.352516115 0.32867384 1.03630853 0.372632802 1.16435814
    0.413359195 -0.010833919 0.965848207 0.23006013 1.07402253 1.2179147
    0.566340744 -0.48160854 -0.409193575 0.5768736 1.07547116
    0.928584933 0.846827984 -0.26559633 0.066057682 -0.0637944937
    0.297954381 1.21779048 1.50895846 0.356128812 0.948974729 1.35345244
    1.44771111 -0.377788603 0.663548112 0.437566102 0.758242309
    1.04671335 -0.194475383 0.747918904 0.138011396 1.43708158
    1.02569199 0.503359318 0.933696032 1.15845752 -0.0170474052
    0.65030688 -0.0573591888 1.33208752 0.0868794322 -0.0179142356
    0.550439715 1.26435053 -0.221043885 -0.420556575 1.25296307
    0.767843068 0.726399004 0.874534011 -0.128812581 -0.339355111
    0.587271214 0.97009927 0.803039193 -0.271703154 0.0774046779
    1.11132836 0.867840469 0.0683060884 -0.208657205 1.29975104
    -0.132036239 0.479911983 0.780821264 0.466958046 0.347830892
    1.0323509 0.00610870123 -0.403717577 1.20805669 1.27217972
    0.203810185 -0.200094193 -0.416242331 0.67121309 0.761840343
    -0.546694458 0.564662039 1.25602674 0.789463341 1.1180526
    0.0983812809 0.208061695 0.540972531 -0.0831068754 1.17190003
    0.698165715 -0.447558612 -0.329789311 1.19830561 0.170018911
    0.474925697 1.16978872 -0.223018914 0.294944853 0.131684482
    -0.258936346 1.03891587 0.746289313 0.293792844 0.740958989
    1.30659664 -0.352384388 1.30386209 -0.360069871 0.79749155
    0.934844315 0.507482469 0.31497407 0.795680225 0.719693422
    0.996706724 -0.304942369 -0.47753185 -0.0543012917 -0.157606602
    1.1571126 0.609111428 -0.00475716591 0.823836446 0.194232106
    0.901708484 0.857964337 0.47783649 0.997154474 1.33415365
    0.470573902 -0.358013064 -0.187814772 -0.174208522 0.26677388
    0.517502546 0.478887618 0.306902528 0.66927278 0.428862453
    1.44137299 0.366697729 -0.524547637 0.536123753 -0.453421831
    0.0968490839 1.52718699 1.2269752 0.295299083 1.18975544 0.429463118
    0.144396722 0.575714827 1.49990642 -0.153758317 1.09786928
    0.724679887 1.20630038 -0.135975242 0.211841881 0.66738987
    0.616766751 0.770817041 0.507620513 -0.486389548 0.946833909
    0.609361768 1.38712001 0.894455791 1.08606148 0.263975143 1.41104627
    0.313480079 -0.536641955 1.15113497 0.0238084793 1.01033592
    0.427910089 1.12095749 0.423266768 1.00486469 0.640560746 1.00210118
    0.510379255 -0.116268992 -0.235575676 0.0697603226 1.42999649
    -0.368985653 0.861664593 -0.0460837781 0.195481658 0.252502203
    -0.268009454 1.07324958 0.693149686 1.18676519 0.606867731
    -0.220154256 0.0744147301 -0.45593223 0.469750434 -0.0729899108
    -0.24328813 -0.194297969 -0.107155859 1.17569017 0.801510572
    -0.480701566 -0.517619491 1.30966663 0.20587948 0.535915077
    1.01872933 1.46134758 -0.495087475 0.1599949 1.01551986 0.129364669
    0.0664542317 0.406809032 0.79079622 0.251549304 0.0789711475
    -0.435554236 1.06811106 -0.280957043 1.2979008 1.09266448 1.38993311
    1.45097542 0.589072585 1.09092641 0.160390258 0.497506142
    0.553681135 0.516325951 0.870613933 0.0421380401 0.568671405
    1.17365694 -0.436247408 0.454665005 0.287164629 0.159395814
    0.568809032 0.963758409 1.23152471 0.410188258 0.961310804
    -0.443207324 0.987921953 0.47059083 0.519081652 1.31675935
    0.505862772 0.286757946 0.407527268 1.01325655 0.707556248
    0.613420546 0.96031189 0.493880212 0.54888612 0.915140271
    0.796687722 0.698640108 0.917360246 1.06511283 -0.4780384
    -0.0873791575 -0.081687361 1.32650399 0.576040447 -0.315913796
    -0.121243596 0.122623801 1.07243443 0.574899852 1.43855715
    0.0254859328 0.601932526 0.893195271 0.894196808 1.02560425
    -0.485841453 0.14858675 1.31455171 0.383098185 -0.448417991
    0.868866742 -0.422552407 0.126361489 0.781995833 -0.405523419
    -0.537724555 1.18422174 -0.0350639224 1.37944937 0.0656884313
    1.33400273 -0.441924751 -0.119467258 -0.418445319 0.0293413997
    0.620328546 0.659830153 1.02657938 0.0233239532 -0.048186779
    -0.0274193585 0.184445649 0.318870664 1.03979063 0.403017759
    0.747838855 0.0282247066 -0.256970644 0.00754517317 1.09978771
    0.281260908 0.0992745757 1.44056892 0.491172075 1.19186473 1.3546325
    0.961692393 0.298879981 0.839548647 1.19012356 -0.369341999
    0.500195742 0.507801473 1.28126907 0.374295086 0.456231236
    0.57632035 0.483622551 1.24832737 0.871478081 0.645934939
    -0.391692817 0.00806075335 1.48763394 0.863067031 -0.103473842
    0.683970511 1.12446082 1.18979907 -0.172601402 0.249864191
    -0.298661232 0.287081867 0.42014423 0.32190749 0.411613375
    0.861148357 -0.218896687 -0.407841444 0.43567121 0.550637066
    0.7964257 1.41901171 1.03781128 0.585699141 0.349992573 0.838127017
    0.820692718 0.633827984 1.24256659 -0.220114291 0.978199661
    1.28203261 -0.113901019 0.627926707 1.50428653 1.29012632 1.44451714
    1.07377887 0.00541591644 0.783160865 0.998965144 0.389491737
    1.13305497 -0.0710681081 0.211480856 0.565401018 -0.289245188
    0.814214885 0.789355338 0.0847871304 0.509989619 0.277274966
    0.891320765 0.785188913 -0.241629988 -0.101631135 1.35307074
    0.957949162 0.734248221 1.04538822 0.0561771393 -0.405096084
    -0.45854032 1.16729081 -0.376309872 -0.3406187 0.486007333
    0.978991508 1.31930745 0.454224348 0.414446026 -0.320554972
    -0.49853614 -0.25789693 0.597166777 -0.269250125 0.447827518
    0.350050151 1.08091927 0.209225535 1.1661427 0.42332679 0.24867034
    0.319524884 0.845532 1.42578566 1.22267318 1.30649924 -0.362653762
    -0.491055906 1.07144141 0.843015075 1.35694373 1.29179621 1.34310985
    1.163445 1.02401567 -0.409293592 1.14454246 -0.355764568 0.313230276
    0.547320426 1.19049358 0.397881329 1.42192173 0.0110770464
    1.33042324 -0.226613581 -0.523153365 0.794647336 -0.227016836
    0.616693139 1.03181398 0.450375974 1.33901644 -0.0102010965
    0.194833875 0.16809389 0.757531047 1.45388114 1.41773653 1.24089646
    -0.464324236 0.845009506 0.481191158 1.45792794 1.36833239
    0.188569605 1.35583687 0.056038022 -0.0474773943 1.26658225
    0.703698516 0.46496892 1.08531678 -0.125080794 -0.469781101
    0.685958028 1.31768847 0.884242952 0.765868366 0.0410745144
    0.0260615945 0.0985862613 0.811842084 0.742282569 0.106320322
    0.181196988 1.33577156 0.397116423 0.649244964 1.04832983
    0.716070592 -0.429549068 1.28643048 0.572250128 0.348240316
    0.509080052 0.926202059 -0.0989968777 0.650934875 0.979993224
    0.614578009 0.682284117 -0.181185633 -0.501052797 0.162273943
    0.385522246 -0.125553161 -0.295570463 1.11570382 1.27345204
    0.678081989 -0.0366406441 -0.116905332 -0.451154202 0.902797341
    1.16436887 0.537481189 0.84914583 1.13403893 1.1116811 1.42359853
    0.0381674767 0.295182407 1.30181861 1.22584128 0.421120942
    -0.314386725 0.217045218 0.0420444012 0.944033146 0.375420272
    0.793607175 1.21830094 0.328277767 0.810393751 1.35903132
    -0.429951489 0.898307443 1.37390113 0.648194373 1.26655018
    1.31939256 -0.00498220325 0.389195323 1.1771102 0.848403215
    1.0238843 1.20313323 0.917459726 1.03119802 0.279932678 0.574452579
    0.929899871 -0.146495551 -0.00697624683 -0.15088737 0.642766953
    0.843164682 -0.357588351 1.36604714 -0.42362988 -0.348470926
    0.276796937 -0.14824459 1.3046577 0.774720192 -0.145857632
    0.140387475 1.07515764 0.072617352 -0.0873644054 1.35401142
    0.91569072 1.12988281 0.991840661 0.851382256 1.362082 0.179071069
    1.2900852 0.647787929 0.835490704 -0.122033864 0.761034966
    -0.240170211 -0.177367508 -0.346225142 1.28325391 1.30392611
    0.281999111 0.992501616 1.50085855 0.414375097 0.939340949
    0.71165812 -0.305503011 0.413262725 -0.367751777 0.346248984
    0.668789923 1.09601915 0.601026773 -0.409589767 0.276808053
    0.842028797 1.19983637 0.714325428 1.20621657 0.87261045 1.45019996
    1.4902904 0.383617938 0.495574951 1.29311824 1.44404995 -0.032215625
    1.36078691 -0.445190549 0.172703028 -0.487832576 0.742889285
    -0.309783846 1.28768587 -0.175984114 0.0304639339 0.668872356
    1.13075328 -0.331693918 -0.0807566643 -0.26364404 1.27270639
    -0.141676664 0.929489791 0.973146677 0.898201287 0.0183624625
    0.404475868 0.197004199 0.678991675 0.121653497 0.601751983
    0.592050731 0.35920763 1.03749561 -0.489430904 0.161797464
    0.179908454 1.07173204 1.16809118 0.125626624 0.961491168
    0.552781403 1.21014881 0.850977182 1.059304 1.42430615 -0.280258179
    0.182199121 0.55341661 0.0544428527 -0.254419446 0.947635829
    -0.347200543 0.115874141 0.707459092 0.00766050816 1.0097003
    0.240926534 1.35094285 1.07873154 0.957430243 0.33556366 1.05251408
    0.981037974 1.0833776 -0.179508299 0.544855595 0.822097123
    0.064882338 1.40942287 0.497152209 0.990796268 -0.314864963
    1.26596117 0.779488623 1.39453602 0.0530822873 -0.134070396
    0.307542145 0.597300828 -0.403574497 -0.109878421 1.00737596
    1.2952466 0.0923017263 1.0435636 -0.232203126 1.34107769 0.773769021
    -0.0667032897 -0.0342057645 1.43363857 0.582355797 0.219016612
    0.671913087 1.46960986 1.44526017 0.695142388 1.165784 -0.162868679
    1.26411748 0.424124449 0.256333351 0.1798715 -0.172043025 1.07807374
    0.152921379 -0.285597026 0.140385926 1.40135157 0.885828376
    0.587248921 -0.143866926 -0.206032008 0.696754992 -0.280103654
    1.16908133 -0.172257662 -0.348187357 0.518048167 1.03583121
    1.35447001 0.295276225 0.171328843 0.950413287 -0.325653404
    0.0415787697 1.290344 -0.125865996 0.74026829 0.577353656 0.48497802
    -0.382046103 -0.270429105 0.136027992 0.944634676 -0.348124325
    0.770613372 0.66213876 0.424637616 1.36543024 0.952289224 1.27123129
    1.08262992 0.182572663 -0.462926865 1.05776 1.41230106 1.29374492
    -0.248743027 1.01993728 0.618629634 0.519024491 0.253537834
    1.4602077 0.534566402 -0.141702712 0.422296762 1.10083079
    -0.149012506 0.372173488 1.17005193 0.101151109 0.382873714
    -0.116002232 -0.162299812 1.4363687 -0.191699773 1.3848877
    -0.330062628 0.0560006499 -0.345086277 0.905942559 1.22200322
    1.00190294 0.645878971 -0.332922816 -0.406639814 -0.357636839
    1.27205837 0.565840125 0.905070245 0.0321896076 0.567730665
    0.271003962 0.362396359 0.113561153 0.104221523 0.81679076
    0.209625185 -0.468992919 1.280123 0.569410682 0.409430325
    0.0377334952 0.72438848 1.19913483 0.847264171 -0.531872809
    1.33912516 0.685409129 -0.465035617 0.619521558 -0.107957423
    1.42610288 1.29605532 0.168133318 1.00723886 0.633073092 0.922425508
    1.35529184 -0.215727776 -0.382336974 -0.00911727548 -0.361744821
    0.827086329 0.913828135 0.673328638 -0.44327873 1.22789431
    0.686788023 0.899643898 1.08255434 0.105181515 1.28577876
    0.855756521 -0.0165964365 0.541974843 0.669899344 -0.147961229
    1.02287173 0.615150809 -0.082932204 -0.246010274 0.387359977
    0.142708063 1.49607313 0.368742704 -0.101427346 0.695801258
    0.382453501 1.2059145 -0.344388902 0.307030827 -0.363176167
    1.2277925 0.242632866 -0.156923205 0.838084698 0.387272775
    -0.180386126 1.35597801 -0.0809244215 -0.221996218 0.843172252
    0.435692877 1.17184043 -0.344975233 -0.464119762 0.39424634
    -0.304408371 0.216967404 0.132535577 0.491077781 0.969163895
    1.38929963 1.19833755 -0.331437737 1.18223166 -0.221063823
    0.879933178 -0.227525562 0.619708717 0.267373264 -0.318067908
    -0.202841312 0.842525542 0.75053221 1.1375246 0.449895978
    0.303146183 1.2706573 0.0431106091 0.750759006 0.973675013
    -0.0902447701 0.134434879 -0.239692688 1.23117769 0.993255377
    1.22465014 1.25528276 -0.275996506 0.144787788 -0.418166459
    0.884462059 0.51380533 0.826011837 1.04859924 0.747336805 1.17352211
    1.40723443 0.54078424 0.833077669 1.0000571 0.844420075 0.432551712
    1.00739789 -0.244084403 0.879500329 0.409691393 -0.00312641263
    -0.330078214 1.15460324 0.555967569 1.00887537 0.120553136
    0.917562187 -0.369759619 0.795502484 0.622001171 -0.332703501
    0.519986272 0.00329345465 1.31641746 -0.152739108 0.553216398
    0.900290251 -0.441863775 1.11384916 1.07583213 0.41633141
    0.0904041529 0.840297103 0.420268238 -0.112425983 0.797482491
    0.824524522 0.107383907 0.305408239 1.03324556 0.302234054
    -0.371082783 0.565253973 1.32144547 1.36272657 0.0189784169
    0.207728744 0.0895881653 0.294121265 1.46372545 0.689722359
    0.944806814 -0.289253145 -0.366841555 -0.172672778 1.35408628
    0.811037302 0.269533783 -0.301525891 -0.420835137 -0.0906760097
    0.787872791 1.49995148 1.41929293 0.0261074901 0.855346024
    -0.390978694 1.30321383 0.40746671 1.12858307 0.788898945
    0.711348474 0.379063547 0.537710309 -0.0443776846 0.934772372
    0.330238134 1.15163255 0.770343542 0.0431299806 -0.308047235
    -0.0573862493 0.462403476 0.125727713 -0.3992818 0.316910446
    -0.406427503 0.244349599 1.35503125 -0.23715058 0.893939972
    -0.340894163 -0.481525034 0.109568655 -0.00100815296 -0.0996477902
    0.322671831 0.374581158 0.700295031 -0.378600359 1.22414184
    0.915620267 -0.0101184249 -0.387194037 0.35370934 -0.27672562
    1.40153027 0.969568491 0.257823408 -0.0634102225 0.460544646
    1.26837325 1.05576551 -0.402291834 1.25395346 1.45721245 1.02555156
    0.423950136 0.817729831 0.459111989 1.41206408 0.960131705
    0.283623755 0.874337852 1.0636909 -0.152174801 0.250824869
    1.46028161 -0.0572401583 1.32392764 0.591477156 0.353146851
    1.06968307 0.341380775 0.433939755 1.21122408 -0.440295249
    1.43428683 0.789572597 0.372295797 0.201500893 -0.451117516
    0.283982873 -0.281429231 0.920812368 0.953939438 -0.456588149
    1.31108296 1.3886379 0.949506223 0.60581094 1.02019954 -0.167078823
    1.22511673 0.367132902 0.372432053 0.282176256 0.129930437
    0.719528437 1.37183583 0.20419687 0.973660648 0.525955021
    0.527444124 0.354605019 0.716559291 1.15462375 0.483584493
    0.500951767 0.74083817 0.354066551 0.345641971 1.41410875
    -0.0928329825 0.586553097 1.45348728 -0.193292677 0.213758826
    0.139370143 0.740971684 0.511181176 -0.3675192 1.00381446
    -0.224434778 0.734566212 0.507540524 0.354373366 0.37560153
    1.48685622 1.41759586 1.29732144 0.224369764 1.03528118 0.814357162
    0.90500927 0.669767261 -0.446955323 1.47922802 1.25552619 1.47184491
    -0.115683019 1.12466276 0.0979722142 -0.23480922 -0.24724938
    1.37459362 -0.14761278 0.621217668 0.959311485 1.17747927
    0.706175923 0.979605258 1.01374388 0.745343626 -0.439822048
    0.94422245 0.637700796 1.37953806 -0.152501851 0.435109854 1.1366936
    1.11320233 0.380372107 -0.152911365 0.964819908 0.906819284
    1.13582563 1.22787237 -0.20200187 -0.218271643 1.19365966 1.45481849
    0.34672612 -0.280053258 -0.294167101 0.164116204 1.45565104
    1.33058608 0.904741824 0.107658744 0.595622718 0.350828111
    -0.0390505791 0.696484685 1.36029482 1.01703906 1.43540287
    0.574240446 1.19235468 -0.2524997 0.617115974 0.813700199
    -0.498233765 -0.356296182 0.180581301 0.901527166 -0.385226607
    1.10415339 -0.0553604662 -4.85777855e-06 -0.313503981 0.547606587
    0.639963269 0.304304689 -0.356576979 -0.260525167 -0.0747438669
    0.282689214 0.517255604 0.1379022 0.221416295 1.06290197 1.41243458
    0.702855587 -0.0172507167 0.280929267 1.13843536 -0.2251046
    0.669380188 -0.140324354 -0.0282009244 -0.47702679 -0.41140461
    0.839903474 0.679424167 0.781356394 -0.334739029 -0.143279612
    1.19393563 0.424294114 0.905888438 0.621413291 0.813940883
    0.666729152 1.05286252 0.0665636063 0.360346198 1.25487304
    1.18132448 0.595671892 -0.306452751 -0.483929902 -0.0471681654
    1.44498551 0.572548211 1.21684921 1.02331531 0.275822878
    0.0930747986 -0.344353855 0.975335658 -0.332936764 1.34963799
    1.18797588 -0.295175642 0.783688903 1.41628897 0.528855979
    1.33582473 -0.454852879 1.18265498 -0.372131228 0.905728877
    1.00338316 0.350899339 0.254820645 0.704732001 1.0147233 0.547982514
    -0.0709840655 -0.0914831161 0.0540436804 0.0325054526 -0.00489103794
    1.04622066 0.408257186 1.35619128 0.262871146 0.37256676 0.262899816
    0.146275878 -0.211559445 1.19679928 0.598410666 0.982473433
    1.10637975 0.748714089 0.0150714517 0.616729975 0.904895484
    0.0738835931 1.18755805 -0.160135627 1.49671912 -0.0275189281
    1.06505418 0.422188282 0.626210153 0.901365101 0.586069763
    0.56343478 -0.330006272 0.80808413 0.39033848 0.470141172
    0.305238068 -0.062938571 0.320479512 0.604571342 -0.182886064
    1.21739674 0.263496399 0.0354425907 -0.342669308 0.760401249
    0.948949695 1.07331896 1.36067247 -0.161521405 0.70160377 1.23610425
    -0.148722738 0.510252833 -0.465592623 0.411750257 -0.319183469
    1.16499329 0.262496948 0.849151433 1.44420671 -0.384711236
    0.300923109 0.321373284 0.631418586 0.00395691395 -0.1998128
    0.0282145143 -0.0592193604 1.47261739 0.767721713 1.3883574
    -0.49573037 0.0484018922 1.33063936 0.217246234 0.726759315
    -0.337652266 1.16674781 0.944926679 1.28993452 1.14472127 1.04603148
    0.86090219 0.0383823514 1.4632473 0.977638245 1.35561204 0.700780988
    -0.428692997 1.29126477 -0.219587564 1.32875729 1.08676505
    0.369120091 1.23802829 -0.482978344 0.117993653 1.01250505
    0.918566823 0.33749795 0.603581309 0.314788401 -0.350853324
    -0.0510258079 1.3695997 -0.128076136 -0.36059925 -0.159113586
    0.56210351 0.403260618 1.05267727 -0.357634485 0.713648319
    -0.12361294 0.907908797 -0.420320839 0.152919769 1.15900004
    1.04594064 0.186367482 1.14984298 0.461157769 0.225006402
    -0.449348003 0.928371489 -0.462930501 0.393482715 0.734895229
    1.45529282 1.1764065 0.476510793 1.33404267 -0.105943322 0.627129972
    1.11169112 0.612694919 0.343637079 -0.178280056 0.117119551
    1.26166177 -0.185721606 1.43075287 1.25546813 -0.0447227061
    1.39377463 0.51725775 -0.302372575 1.02627063 0.633592248
    -0.415795952 0.666745543 0.46473062 0.530978322 1.33378875
    0.63128984 1.03911448 -0.0937311649 -0.359981716 -0.158277869
    0.0610292554 0.695209801 0.220536172 0.233434021 1.14390039
    0.648206413 1.04091311 0.228474557 1.42990422 0.760661066 1.07045114
    0.192875862 -0.119296819 1.19654131 1.2852726 0.0239995718
    1.48748708 1.29595447 -0.246719122 0.17550844 0.483711064
    0.292764902 1.21747541 0.735702813 0.228812546 0.949146509
    0.419142425 0.409849375 1.54394341 1.13523614 0.322318435
    0.201283276 0.710012197 -0.110557288 0.760472059 0.0923048258
    1.37816715 1.26221669 0.590792656 0.700805306 1.00544333 0.372760713
    0.695390701 0.0874043107 -0.365231633 0.0932556987 0.94192028
    0.415367842 1.41234672 -0.0780673623 1.40726542 1.23537946
    0.0189882517 -0.263704658 -0.433682799 1.18550777 0.447938919
    -0.106254727 0.904441833 0.10835892 0.422759593 1.35579717
    0.771597385 -0.0659054518 0.790519357 0.485834181 -0.323836058
    0.588181555 -0.145453393 1.42095292 -0.283273101 -0.178641289
    0.633399487 1.03566217 0.0438836813 0.433150291 -0.0900437832
    -0.057097286 0.668558717 0.283308804 0.478532612 -0.370440185
    0.614309609 -0.262561798 0.503495455 -0.454493105 0.441594362
    0.140573561 -0.0614069998 0.130824327 0.799931347 1.04930186
    0.886240423 0.639486909 -0.288369656 0.392486602 -0.227603808
    0.101982266 1.25757158 -0.159237057 -0.330963969 0.592950821
    0.536367416 -0.470094621 1.11772859 0.362337947 0.176768482
    0.299570024 0.375311255 1.25378084 0.535939395 0.188538373
    0.873246074 1.06272995 0.0610000491 0.447671831 1.36526179
    -0.298307121 0.123047709 -0.0161251724 -0.364228189 -0.456514448
    -0.293382347 0.900299966 -0.486286849 0.320739388 -0.203665555
    0.707196295 1.06126344 0.932999253 -0.417921096 0.98410064
    0.65836972 1.32459497 1.38375568 1.41680169 1.39738011 -0.344275296
    -0.15401113 -0.18010813 0.032903254 0.381799221 0.158451974
    0.198666811 1.16517138 0.235088706 -0.053070724 0.590907693
    0.641249061 0.610080838 0.243339539 1.26931834 -0.385089457
    1.29579175 1.14303482 0.20232594 -0.164193183 0.452400684
    0.402037024 1.11100149 0.975902975 0.76226759 1.22185946
    -0.290919244 0.432477832 -0.0888304412 -0.214744925 0.858940721
    -0.394976914 0.559716165 -0.195552289 1.2873857 1.26386988
    0.771466136 0.810225844 0.110355318 -0.499456972 0.588558018
    1.2552073 0.511365175 0.94051522 0.776359439 0.972533524 1.36830318
    -0.377887726 0.508077681 0.785748303 -0.237102389 0.154195964
    0.311919868 -0.0618817508 0.154990077 -0.483738512 0.901332974
    0.0446726084 0.316185653 0.554457963 1.25666404 1.30633593
    1.17446423 1.18604732 0.690171123 0.239582807 -0.347257972
    0.527289152 0.25661546 -0.189090788 0.206343144 -0.192239583
    0.689075589 0.693700492 0.0848382711 -0.0792455673 0.297158539
    -0.114623964 0.630680323 -0.0964684784 0.0711108446 -0.186743319
    0.668119311 0.642134786 -0.359554946 1.49146903 -0.0431316495
    1.20931852 -0.497762561 1.02150488 0.768077016 1.0600071
    0.0809931755 -0.53157115 -0.410446584 0.314366519 0.494714618
    0.297329128 -0.419526666 -0.513549924 -0.118314117 -0.249299437
    1.29271364 0.801830947 1.02100277 0.786973774 0.761700034
    0.121076941 1.33264852 1.00703347 0.408308446 -0.168251693
    0.716648042 0.465589046 -0.130654573 -0.107111722 1.15577197
    0.0465471148 0.0244142413 1.42378104 0.77279669 0.823060811
    -0.406435668 -0.000566244125 -0.14020142 -0.0653504729 0.411049724
    1.0562458 0.637175024 1.20449877 0.185398936 1.17994165 0.502754629
    0.580944955 -0.339690596 0.667600214 0.715212584 1.15866244
    1.48499155 0.738370419 -0.184176087 1.24009776 -0.12259388
    0.081078887 0.0893012285 0.523980856 0.249420881 0.357792944
    0.382107615 1.14847624 0.560565233 0.131900012 -0.156133682
    -0.379816473 -0.462376446 -0.12126109 0.714111447 0.82637006
    1.30941474 -0.262303859 -0.2895585 0.0515177846 -0.29335326
    1.37292528 1.13332891 0.603359818 -0.0278081298 1.41583848
    0.414043784 1.31960356 0.753019094 0.0576996207 1.37925553
    -0.203379601 0.53228128 0.398244262 0.908861816 1.41725111
    0.46997112 -0.10505867 1.28757691 -0.506620526 0.18095988
    -0.491959333 1.20434785 0.825192809 0.0524579287 0.946888566
    -0.128159642 0.128859341 1.37399507 -0.504666746 0.257125556
    -0.448951453 0.845115781 0.689208508 -0.215039939 0.520434737
    0.78277564 0.586875439 0.592903316 1.04332554 0.158574313 1.02091968
    1.21547961 1.03396106 0.864505112 -0.44419834 1.42862654 0.174940944
    0.056512773 0.638194382 0.103746504 0.926595151 0.162217259
    0.818916559 0.941966176 1.07859635 0.235492915 0.88766551
    0.860177815 1.41686356 0.034129709 0.113154531 1.18865347
    0.427611351 0.865850329 1.00258303 0.838430285 1.42823935 1.09807348
    0.682958424 0.474395633 -0.119715303 0.562402368 0.0381360054
    0.452126324 1.32461464 -0.0344245136 1.33652449 0.161134601
    -0.0444204807 0.170082569 -0.435536802 0.826812923 0.896986127
    -0.0369312763 0.329638779 -0.300406635 1.30656433 1.20008087
    1.07948232 1.12567604 0.818020582 -0.416465819 0.15695399
    0.620670319 0.702582777 0.716266155 1.19350612 0.651267946
    0.564073086 0.137093782 1.01596141 0.515836537 0.880796313
    0.702746809 0.464431584 0.307129085 0.411062777 -0.321676493
    0.73725152 1.12583387 1.20024931 0.97885257 1.31622767 0.588499308
    -0.489359021 0.715219021 0.0654023886 0.212358475 1.18148029
    1.26321125 1.07222617 0.770017505 -0.0956563652 -0.322572142
    0.549665332 0.763174355 1.32127059 1.20746744 0.368064225
    0.381266952 0.84071368 0.58755219 0.836405158 1.38622582 0.812550783
    1.26276255 0.593093753 1.07743549 0.312503576 0.796717167
    0.211681426 0.569692135 0.0069347024 1.16508377 1.02253985
    0.509472251 0.913930535 0.67522037 1.39894629 0.817912459
    -0.160060257 1.13005972 -0.488664061 -0.409539998 -0.0914346278
    0.416308284 1.35546744 0.33032763 0.153431922 0.0641433895
    0.844018579 -0.462234765 0.852772117 0.758403957 1.19880342
    1.36156702 1.13200593 1.18440223 0.923293293 1.29225278 -0.429346502
    -0.180157006 -0.0428821146 -0.0808547437 -0.283554077 -0.185289413
    1.22843003 1.16435373 0.393117934 1.17960536 0.133558571
    -0.101698011 1.12954807 0.36591655 0.344900191 0.770992935
    -0.401334167 -0.237259239 0.925815821 0.818107307 -0.123747617
    -0.238890737 1.32337713 -0.0333774388 0.108278483 0.527492464
    -0.357569009 0.701220751 -0.303987473 0.800078273 1.35241032
    1.17707598 -0.470894486 0.927057445 0.375256956 0.140775919
    1.28373384 1.18287182 0.00495126843 0.248087883 0.404482573
    0.209725767 1.51705384 0.90715003 1.36734152 1.14531279 0.335567713
    1.10265017 0.804957747 1.21629953 -0.288782865 1.25760913
    -0.511198461 -0.473823011 0.753652036 0.755908072 0.501520514
    0.0706927776 0.166575968 1.51683283 -0.117463529 0.216809601
    -0.206631154 -0.13364011 -0.415219396 -0.378258258 1.14098406
    -0.396442413 0.716300249 1.41461015 0.939584732 0.89469105
    0.75398767 -0.250587344 0.657752514 1.03347504 0.824938595
    0.88318789 0.00686478615 1.41329145 1.35931563 0.517412961
    0.619747162 1.17685676 0.426870286 -0.512856483 -0.447456777
    0.691156387 0.979609907 0.858471036 -0.224021167 0.371763051
    1.49900413 1.34370935 1.29182303 -0.127299517 -0.316014528
    0.995875299 0.712787449 -0.145188898 0.35708946 1.00762486
    1.12782943 1.26603746 1.39848638 0.43352139 0.358307421 1.20863867
    1.41484523 0.332605958 0.975563943 0.0965950489 -0.252080083
    0.0213589072 1.23838091 0.433725059 0.417665541 1.41530943
    -0.248001575 0.515152991 0.0124105513 0.414595425 1.37503099
    0.930985332 -0.385785073 0.0483990908 -0.0249483585 -0.200461924
    -0.170592427 -0.113743633 0.388067007 0.0352866054 0.490531027
    1.30375266 -0.495666742 0.936269522 0.184120774 0.388779968
    1.23837948 0.645376086 -0.115447998 1.53234255 0.297756374
    -0.0354450643 0.993744969 1.48919415 0.350804418 0.0605672002
    1.39653385 0.378293335 0.157772422 1.21234572 0.570514977
    0.946399868 1.43082404 1.05861712 -0.047632426 0.0698072016
    0.0271313488 1.11892319 0.755547643 0.180169761 1.22403753
    0.939631402 0.956261873 0.860508144 1.26416826 1.33755064 1.14273345
    0.968985558 0.142537653 -0.332793534 0.308327019 0.181852341
    -0.457543731 0.24374795 0.424154043 1.21851802 0.450633645
    0.32601738 0.986782968 0.0427646935 0.848243713 0.822419882
    0.975959718 1.14493406 -0.491842777 0.409339607 1.16804528
    0.345961213 0.694799602 0.564983428 1.14488077 0.554099917
    0.671153784 1.05302751 1.37121344 0.825388908 1.4440192 0.411164463
    0.305918932 0.613559961 1.43681049 0.672390759 0.419581592
    0.55196929 1.43728006 0.493146002 0.823864341 1.01420283
    -0.0599828959 1.3700912 -0.223255724 0.344012439 1.2180531
    0.538143992 -0.193832517 1.03050208 -0.370853543 0.749500275
    -0.28171432 -0.29882437 -0.436148822 0.125611842 0.899953008
    -0.154437959 0.000260025263 -0.0653229058 -0.0700481534 0.620252013
    0.908855081 1.45774603 0.666463196 0.624787748 -0.434261262
    0.852751791 0.173492014 0.98248136 1.18477154 0.805954456
    -0.438291073 -0.219640791 1.18803525 1.50738132 -0.0734947622
    0.16682148 1.51851404 0.307436913 0.319701731 0.599436283
    -0.0824015737 1.45106697 0.971626878 0.975434899 0.324201792
    -0.0466181636 0.743839383 -0.140916973 1.35328853 0.186728448
    -0.0817483366 0.678315818 -0.183028102 0.868467331 -0.436675012
    0.386935174 0.371339321 1.40285182 0.561358333 -0.328955859
    1.1007719 0.957386613 -0.211274415 -0.416701078 1.07425892
    0.966672957 1.03471708 1.22575486 0.448040009 0.379833281
    -0.0100092888 -0.0672414601 0.331314564 0.482197583 -0.356180429
    0.492064178 0.557727039 0.855699003 0.932234049 -0.0383241177
    1.28753793 0.689001322 1.51979339 0.639296651 1.30355692
    -0.102184594 -0.352381945 0.549564838 0.12980783 -0.0724641979
    1.3663379 0.536307991 0.324501157 0.0963438749 1.0662837 0.754724741
    -0.429072976 1.13732195 1.10318196 0.064994216 -0.505509615
    0.0875938535 1.04166269 1.00804412 1.47725296 -0.0462784171
    0.846298814 0.0990443528 -0.159940153 0.0185001194 1.40596712
    0.247988969 0.192438662 0.486513048 0.189179659 1.21333909
    1.34077871 0.976419926 0.0575839579 -0.095279634 0.430593371
    1.3037138 0.228652954 -0.0543974042 -0.214556992 -0.336316466
    1.3834157 0.570136428 1.00395656 -0.540556192 0.26225841 1.24151206
    0.619758129 1.34310222 0.581348717 0.350839555 -0.183462501
    1.14717031 1.24166465 0.494355619 0.28099972 0.516444266 1.40585387
    0.997318208 1.00370812 -0.25232175 -0.00930285454 -0.37639612
    0.650058746 -0.0999474227 -0.369110405 1.29567385 0.696252644
    0.23790741 0.498073757 -0.0301321447 1.22892952 0.709129691
    -0.0280134678 1.30872202 0.482005298 0.102616072 0.238352299
    1.23980999 1.23153448 0.290431619 -0.406588107 0.505341411 1.4085021
    0.688973546 1.02236533 0.544696331 0.0862458944 -0.185951203
    1.45063734 0.115370631 1.22032189 0.735040903 1.24930751 0.591798306
    0.615359902 1.06822598 0.141011149 0.4342812 0.0144475698 0.83309418
    0.617910743 0.292445272 -0.405923247 0.73766613 -0.132819444
    1.40054846 0.957229435 1.00272858 0.473466754 0.43967551 1.36360931
    -0.124139369 0.502090275 -0.133569181 -0.308477998 -0.449853003
    1.02760744 0.36217463 -0.023203969 -0.238394707 0.312625676
    1.37605321 1.47695422 0.0472305417 0.254540682 0.520660162
    1.23416567 1.29608142 0.667202473 1.17350388 1.45000744 0.693185449
    1.16124463 0.850379348 1.00003242 -0.063085556 0.194618106
    0.739479363 0.563778222 1.19758511 0.595869184 0.501315117
    1.08919287 -0.334299684 0.782945931 0.307697475 0.829554617
    0.800490677 -0.379456818 -0.287121624 1.25977159 -0.0825712979
    0.951620817 -0.522597134 0.16484946 -0.0335540175 0.802994728
    0.0597703457 -0.373800188 0.009739995 0.975601017 1.29404628
    0.506445169 1.15074015 -0.431376755 1.37150335 0.493289411
    1.02762556 1.3811723 1.18371284 1.15448821 1.01326346 1.31695867
    0.797157526 0.13204509 0.938395917 -0.382882953 0.751085818
    0.379578471 -0.187119246 0.450404525 0.217625439 1.05311584
    0.193750232 0.93130368 -0.353750825 1.13220572 0.244793802
    1.49585581 0.315986127 -0.402017176 0.421794385 1.40435314
    -0.26766482 0.112280935 1.15043092 0.489628613 0.786431074
    0.436103493 0.35768488 1.2677319 -0.257263064 -0.0153822005
    0.221360505 0.406369299 1.22551906 0.888130367 -0.364578277
    -0.0628332794 0.867417574 -0.133955479 1.00211143 -0.366286963
    0.341062933 1.21288872 0.840203166 0.817316294 -0.106550485
    -0.325823069 -0.384790063 0.955019832 -0.145798475 1.11714268
    0.696546793 -0.245187879 -0.482756764 1.39879012 1.24795079
    -0.0891127884 -0.260608941 0.5833112 0.550676525 1.01446271
    1.46172023 -0.441951275 1.33479929 1.30068874 0.25828284
    -0.0778887272 0.634877503 1.36006975 -0.292946547 0.469443321
    0.303378105 0.323950887 0.147562504 -0.334430546 -0.237300366
    1.38983762 0.510143757 -0.365985155 0.53228426 -0.356378049
    0.654957294 0.852888107 0.232601166 0.625911593 -0.273401916
    0.933347225 0.544533014 -0.148317039 -0.0864738822 1.00286877
    1.2802484 -0.309871852 0.872109294 0.79822588 1.41217566 1.11063409
    0.377316833 0.861767113 0.740873218 0.819098234 -0.452552855
    -0.490213424 -0.438154101 1.49761307 -0.287239581 0.614935875
    1.38224053 -0.170039028 -0.135913432 -0.203151286 -0.317549229
    0.736476481 -0.32353127 0.0654212236 -0.0660100281 -0.485285252
    0.0854074955 1.17832208 0.389132977 0.0669270158 0.257848144
    1.32784867 1.02650642 0.621809602 0.428126752 1.12101829 0.44942081
    -0.208928227 1.09317648 0.644725561 1.28894496 -0.420926869
    0.735923588 -0.127835423 -0.325001717 0.481837213 0.0762847662
    -0.120099157 0.50394845 0.658036768 1.15609419 0.193120897
    1.39368343 0.333592296 1.20990801 0.281658143 -0.359368145
    1.41196978 -0.273234934 1.33281183 -0.39942944 1.48970664
    0.503916323 -0.125577778 0.750905156 0.0131723881 0.413996875
    1.4893831 0.958046734 0.265640199 0.984694242 0.607331216 1.47993135
    1.45388365 0.244705737 0.519014716 1.24680758 0.0493941307
    1.24654293 -0.2296938 -0.46968025 1.31032038 0.888121009 0.912333012
    -0.110775471 1.22860777 -0.0851796865 0.29577744 -0.236936659
    -0.444641054 1.28222442 0.45877701 0.153253496 -0.0444708169
    0.847218037 0.0188042223 -0.102879345 0.0969383419 0.420861691
    0.352631271 0.3672207 -0.537822425 1.18354511 0.193288743
    0.305034339 1.1360333 0.740636706 -0.52658385 1.39508915
    -0.431049168 0.0849403739 0.966021776 -0.381614804 0.664223552
    0.421711504 0.786089003 1.194134 -0.245995522 0.329518139
    0.742188513 0.440041304 -0.470166951 0.19595778 0.736399531
    -0.446015477 -0.131696612 0.809614897 1.22438669 0.51681447
    1.19273806 0.678461015 -0.247020692 -0.0576295853 -0.123434573
    -0.464956433 -0.277909219 -0.229869992 -0.117085695 0.338224113
    0.873488963 0.131846935 0.433256745 0.750662267 0.461820185
    0.940903485 1.00227237 1.3954463 0.308917761 -0.127648443 0.2952227
    0.684735179 -0.0333886147 0.574414432 0.710744381 0.555896044
    0.873261333 1.26069474 0.400895715 0.521696389 0.315236092
    0.526274562 1.25266826 -0.215032607 0.634048045 1.13866019
    -0.413823634 -0.35702005 1.02258539 1.05594194 0.677689552
    0.762712896 1.36715114 0.00493878126 -0.10243535 0.209698856
    0.549842954 -0.193314582 1.38490665 -0.388205409 -0.00588363409
    0.448199511 1.48762763 -0.354549378 0.24055329 0.365192831
    0.579241514 0.28518784 -0.298915207 -0.254752815 1.3761313
    0.374760002 0.167700022 0.979918361 1.10291839 -0.232541338
    0.238438666 0.372980505 0.896067679 -0.189455718 1.52280343
    0.170765042 1.29960179 0.300831169 1.21904659 1.02842569
    -0.177840054 1.01795197 1.15957141 0.233587384 0.339426458
    -0.193869352 -0.130797803 0.458288491 -0.3786681 0.79995811
    0.03998667 -0.430171072 1.32223451 -0.213582337 0.580483139
    0.253882349 -0.0194378197 0.199460208 0.134587288 1.11358583
    1.00519252 1.39513624 1.05976963 1.45235205 0.275749505 1.30461669
    -0.339933336 0.491498798 1.00229383 0.685815573 0.004909724
    0.69593215 1.48511147 1.14584434 0.705349267 1.02836156 0.429145455
    1.45291686 0.451970339 -0.100785434 0.850904584 1.08220255
    0.474187106 0.795328557 0.746001065 -0.269120514 -0.179550409
    0.6728158 -0.10727486 0.582430959 1.3674686 0.808204949
    -0.0199536085 0.0372567773 1.25808668 -0.270390272 0.261553109
    0.93958503 0.251393378 0.906916916 1.27792454 0.0154690146
    -0.16572094 0.557047784 0.33098954 -0.395675242 -0.357161671
    0.862456203 0.0336011648 -0.159880102 1.37146342 -0.291780144
    0.797035992 0.164262086 0.703709185 0.629392624 0.977708995
    0.531261563 1.49417973 1.49466312 0.945558667 0.254365861
    -0.17171219 0.41135329 1.14420605 1.38693964 -0.500743389 0.56878227
    1.13817859 -0.271022975 -0.169275135 1.08571756 1.40625048
    1.09669507 -0.311739922 0.21610707 1.14452982 -0.0656024814
    0.0906324983 0.545129061 0.663641989 0.574398637 0.670263052
    0.696157813 0.181497693 0.0101763606 -0.0957753956 0.572969317
    1.06026006 0.608124137 0.507711291 1.44532907 0.80575341 0.271515548
    0.782749891 0.627022266 0.368702888 0.912614584 1.44610965
    0.394318104 0.568241179 1.39491653 -0.260479033 0.500622213
    -0.238470435 -0.365373194 -0.415354729 0.564233422 0.0503028035
    0.334603965 0.236377776 -0.0480702817 0.930336237 -0.207780689
    1.24905038 0.297636449 0.200554669 1.06132078 1.04591763 1.08217978
    0.626526833 -0.255729198 0.716400087 0.236686051 1.0989871
    0.455158591 -0.156671554 1.10202551 0.848628521 -0.158780694
    -0.449259967 0.373599887 -0.00888347626 0.0648958683 -0.0248632431
    -0.265974015 1.13364244 0.378944874 1.19035709 0.220079839
    0.0886616111 0.713850439 -0.12979725 -0.026622355 0.192766845
    0.354967237 0.812667608 0.980956376 0.699722588 1.40169716
    1.18675959 1.3033787 0.115876436 -0.020477891 -0.359211683
    0.698372364 -0.052223444 0.83385849 -0.116832852 1.08745766
    0.642529666 0.309858799 0.497012317 1.22768903 -0.0690789819
    -0.484552115 0.806454957 0.86730969 1.48746908 -0.253310144
    0.199486077 -0.280624092 1.17928922 0.0331154168 1.04774427
    0.479951441 1.43812823 0.355290651 0.278151333 1.03375554
    -0.48198545 1.13399446 0.283722639 0.5904333 0.37036413 0.698214293
    -0.549138367 0.172002673 -0.361750007 0.677687883 1.25493264
    0.264981151 -0.15719837 0.481893122 1.19833088 0.852446616
    0.517584443 1.38833594 -0.500122547 1.28685093 -0.145208716
    1.12670267 0.580757916 -0.00885847211 -0.167481184 1.16904402
    1.3871392 0.706223369 -0.256041646 -0.433736116 0.197678655
    0.879050136 0.648433805 -0.00307005644 -0.439709306 1.10854483
    -0.138588101 0.129747987 0.842164636 -0.200739026 0.974575162
    -0.304285407 1.52461267 0.243232429 1.53124058 0.947094083
    -0.416174591 0.580674529 -0.204375774 0.265107244 0.159704745
    0.817292929 -0.289097786 0.631421208 0.652442157 0.390218616
    0.10188365 0.630860686 1.13623238 0.542085648 0.273985595
    -0.155058116 1.14022815 1.1246388 1.53786767 -0.294173747 1.12435555
    1.32800233 0.816431463 0.823415995 0.535873055 1.47849047 1.0399971
    -0.175149232 0.304575056 1.10538173 1.4872936 1.11165357 1.38461518
    0.554406047 0.0110161901 0.162338793 1.49382281 -0.23247844
    -0.423017979 -0.203915745 1.30900192 0.461287409 -0.0546271205
    1.20495129 0.548985541 -0.441397011 0.84338367 0.126047552
    0.553456664 -0.176883876 -0.407072663 0.912160039 -0.0954523087
    0.0978309214 -0.0682515502 -0.483484238 0.684604347 1.21817505
    -0.380167067 0.0800589919 -0.0731160641 0.045085609 1.13683867
    0.603961229 1.18203747 0.494155943 0.752227366 0.890898466
    0.267036796 1.18574572 -0.108764529 0.964720309 1.25582004
    0.25784415 1.23280752 -0.233855858 -0.318380773 1.10330057
    0.0447103679 0.866887093 1.53290343 1.22066832 0.0837105215
    0.155960917 0.0377721488 0.0720486641 0.868955672 0.845473766
    1.23586261 -0.349224031 1.48095775 0.935100377 0.287197828
    -0.463211358 1.34306848 0.406627595 0.170175672 1.12711656
    0.0191875696 0.805015862 1.39139152 -0.387353778 0.0924296379
    1.30952668 0.752566516 -0.038369894 -0.0287978351 1.45165515
    -0.0105514526 0.845085025 0.46852082 1.19218087 0.353824019
    -0.333827525 0.979545832 1.09127474 0.467492044 -0.272352755
    -0.279557705 0.246199965 0.575664401 0.101248384 0.838921309
    0.457959473 0.166129887 1.40938318 0.35948658 0.195337355
    0.498439908 0.536454737 0.550979555 0.241674721 0.768605828
    1.06942689 0.775569797 1.12770295 0.0948296785 -0.0792147219
    1.45172477 -0.259693772 1.1867733 0.327651918 0.854322433
    0.944334984 1.02648854 0.523748159 -0.0865510404 -0.0703321397
    0.186517656 0.592009962 1.5365653 1.2879107 0.755164325 0.253141463
    0.0426710844 -0.0677391589 0.247308612 1.14747095 1.13468432
    1.30878222 0.555487037 -0.224667728 0.0162524581 0.869081497
    -0.15473029 0.914025128 1.08509958 1.0736357 0.438206077 1.06685925
    0.904757023 0.239910722 1.29124331 0.597671509 0.517522752
    1.42221677 0.926695406 0.76127696 0.649507225 0.917771459 1.20687068
    0.11255759 0.893118024 -0.0114809275 0.679340184 0.511104226
    1.16195536 0.149538577 0.61961484 1.06713128 -0.13874647
    -0.135952264 -0.522547841 -0.0325036943 -0.34423244 1.28976774
    1.52892494 0.878093719 0.17540732 0.0887516439 0.434241772
    0.410647154 0.567676544 0.850654244 0.112350851 1.28662348
    0.665290296 1.12495065 0.278130114 0.576576054 0.513422668
    1.22377396 0.00293302536 -0.50557518 0.832178354 1.3630209
    1.35079336 0.474561989 1.06132019 -0.273678869 1.41243386
    0.137617946 0.443219662 0.374291956 0.854854882 0.420707881
    0.700312436 0.109802425 1.15501571 0.381094038 0.875577092
    -0.410770029 -0.382097572 0.417925924 1.52950418 1.02898812
    0.909285426 0.570830882 0.0160053074 0.7838642 0.600875556
    0.712185264 -0.0567416549 1.04033303 0.0134756863 0.521164596
    1.41489768 1.21703053 0.944583714 0.0935300589 -0.397653282
    -0.444424182 0.626197398 -0.110457212 0.659408927 1.10368752
    -0.396831453 1.14499426 1.04712939 1.03931856 -0.39798516
    -0.407189965 1.39778435 0.840709329 0.192179739 1.38353622
    -0.250920117 0.403199375 -0.312962234 -0.179029763 0.28086561
    1.17459333 -0.312835276 -0.303227425 1.31923938 0.795290351
    1.04023802 1.43346596 0.380762219 0.885713756 1.44261467 1.17226076
    1.086905 0.28510502 -0.400106937 1.4181459 0.153745264 1.00229204
    -0.170309067 1.13976932 -0.241230965 0.0144733191 1.40117967
    0.283500314 0.51597333 1.43790269 0.453635663 1.33778536 0.309517801
    0.260337055 -0.254062295 -0.195862174 1.06631064 -0.254862398
    -0.296956658 0.0831102133 -0.0487742424 0.157952785 -0.141659349
    0.48795414 1.31164575 -0.409344256 0.296521366 -0.51611346
    -0.0710759759 0.993912756 0.158055246 0.789574683 0.0393163562
    0.549411714 1.26280451 1.19510818 1.12296629 -0.209421813
    0.331163108 1.40203166 1.26305008 0.125790298 0.576861262
    0.754410326 1.2667824 -0.0231613517 -0.266235858 0.289804429
    1.12963927 1.42509758 0.562674642 -0.277667105 0.822082043
    0.444484711 1.18558204 1.25513983 0.950648546 -0.343833864
    -0.346024513 0.744889379 -0.457285762 1.26462293 0.866438329
    0.552145004 -0.135572761 0.591783643 0.725302815 0.560454667
    0.303916812 1.27997732 -0.0965157449 0.476107121 1.15430737
    0.383490443 -0.111020982 0.920008481 0.523232341 -0.27623418
    0.77276051 -0.123692751 1.43333101 0.0708778501 1.03189111
    0.330591261 0.510980189 0.887065768 0.255075097 0.48100239
    -0.368960321 -0.230807036 -0.243692577 0.800397396 0.37975955
    0.889419913 0.867046714 -0.031096518 0.608908534 1.20537376
    0.627688408 1.02258945 0.139300406 0.638975143 0.262240201
    -0.480008602 1.14982581 0.268214226 0.100009561 1.2943449
    -0.360313833 1.50197423 -0.381167591 1.02109432 -0.160601288
    0.908717155 0.889121532 0.592012584 -0.0367383063 -0.107402384
    1.06018353 0.58938092 1.31052852 -0.253009439 0.933885217 0.83241725
    -0.221065223 0.30519706 -0.454729885 -0.0840216279 1.51771903
    0.341195107 0.893110156 1.35642362 0.66361475 0.306978405 1.39166248
    0.37548393 1.46732187 1.06479836 -0.153775692 0.344541013
    0.224288046 1.1712147 -0.252355576 1.3481071 1.21431684 -0.218022704
    -0.113507301 -0.46080032 0.676752388 0.191032171 0.456536233
    0.314137459 0.880686283 1.32556772 0.186359525 0.738399148
    0.687551796 0.271642566 0.464511216 1.40796471 -0.360412568
    1.35192251 0.292221725 0.263073087 0.496994436 0.785711229
    1.40994883 0.153638721 1.1830951 0.378954798 0.583854735 0.39045766
    0.529555917 0.108135045 0.230685472 0.706923366 0.930392563
    1.28969812 0.0186828673 0.080191642 0.334750324 0.32158643
    0.600747049 0.734312057 0.182667434 0.571744382 0.17639482
    0.947135925 1.30772614 -0.522887826 0.158735931 -0.476898551
    1.19554627 1.19190824 0.352985919 1.14399624 1.32817054 0.702143013
    1.13283277 -0.188327283 1.12112904 1.4660666 -0.30334878 -0.30287832
    0.850893617 0.195137441 -0.205446422 0.841277003 0.267838746
    0.132311344 1.00408173 -0.063721776 0.318093836 0.174915224
    1.46640849 0.173813939 0.515426159 1.37569261 0.615942001
    0.527796924 1.34286749 -0.289308846 -0.4126243 0.903572917
    -0.379712641 0.388586432 1.34524751 -0.228209674 -0.372806311
    0.0585266054 1.22608709 1.29830825 -0.415712416 -0.142455131
    -0.0463468432 -0.341391802 1.09072006 -0.245173365 0.995235682
    0.362733185 1.13052678 0.685767233 0.323829591 1.3602078
    -0.186058581 1.37578166 0.243601918 -0.271698654 0.0589811802
    0.637286484 0.788226068 1.02233255 1.03847778 -0.464080989
    -0.48145768 -0.416567117 0.686003208 -0.284483254 0.0435551107
    0.364605367 -0.0974519849 -0.0994674265 1.34027624 0.741274357
    1.29733264 1.36270607 -0.439070165 0.540859699 1.14135659
    -0.508055568 -0.296337724 0.272520006 1.29269743 0.192275196
    0.707413375 0.948582172 0.912274361 -0.282298535 0.637259722
    1.27693474 0.165975153 1.48038399 0.226845145 1.09225571 1.05183005
    0.436380327 0.498038828 0.20982182 -0.543059886 0.960703969
    0.236201823 -0.190972567 1.14621615 0.324328899 0.991656899
    0.943447471 0.24207747 0.353095174 1.26933765 0.142644882 1.32727623
    0.943537831 1.0673579 -0.23089613 0.530500174 0.263670862 1.41889644
    -0.339201242 1.26595402 1.13976336 0.0160135329 0.816781163
    1.22748697 -0.259553075 0.167816401 1.19898009 -0.327465802
    0.777524233 1.41341472 -0.427196741 0.889077246 0.0613093376
    -0.113234311 0.379179537 1.44713283 0.138235331 0.9612481 1.47481239
    -0.103634149 1.39126825 0.784940481 1.22453618 0.219064355
    0.0400040746 0.346287996 0.892807364 1.02435291 0.470795035
    0.0621922612 0.248685241 0.109428763 0.68269068 0.613672078
    0.495990515 0.330695033 0.708200216 0.666154861 1.25281858
    1.35753214 0.320751905 0.030913651 0.127773821 -0.347722769
    0.894342721 0.774668753 0.530573666 0.418771088 0.457453251
    0.162571281 0.900612414 0.678094745 0.888204813 0.976892591
    -0.219955117 1.06995118 1.48610091 0.437927872 -0.233905911
    0.906255722 0.739110172 -0.198738754 1.45020103 -0.0861971676
    0.383383572 0.801772714 0.325475693 0.026027143 0.0397307277
    0.229335189 1.25151062 1.04190719 0.685493112 0.948435903
    0.118486553 1.35575354 -0.0185103416 -0.18749994 0.342779338
    0.804588616 0.101796985 0.892454982 1.25810194 1.01602757
    -0.127975136 0.410143733 1.18081033 1.00140345 0.635352194
    1.47727656 0.665326357 0.111908436 0.218977869 0.699162245
    1.06620586 0.652884185 -0.37636894 0.13698858 1.25981462 0.387541354
    -0.0212572813 0.974159539 0.804938912 0.57778579 0.748957098
    1.13721836 0.576258421 -0.218620658 0.750795126 0.229602396
    1.00060701 0.849266052 -0.14146933 0.438599497 1.52546215
    -0.286647856 0.904218316 0.240569949 0.734324932 -0.369016111
    -0.131949127 0.167006195 -0.345028788 -0.123604566 1.15873873
    0.187440276 1.22223318 0.0188537836 0.836381018 0.132633775
    -0.434479117 1.46304703 0.190800011 -0.00284969807 0.198011518
    0.706910729 1.01692891 0.620757282 0.51742065 -0.321036696
    1.02611685 1.27263451 -0.537742674 0.873847425 0.652282417
    -0.111958951 1.41453063 -0.305112481 1.26505351 0.731927633
    -0.117985666 0.649675369 0.111887962 0.00252214074 1.06612444
    0.781563997 0.415866762 1.0544697 0.110968888 -0.0163300037
    -0.447865874 1.08581555 1.38818562 -0.369975507 0.123745769
    0.0225117505 0.78278327 0.803629994 1.04680765 0.675060153
    0.128269583 0.386249036 -0.356695235 0.291061074 -0.10733965
    -0.270134389 0.412822008 0.735641122 0.792942405 0.788116634
    0.290749371 -0.369539887 -0.490233809 0.463500559 0.141840577
    -0.112937421 1.19233871 0.990620196 -0.446681291 1.3350631
    1.45127177 0.0624779165 0.332603186 0.692628503 -0.501130283
    1.26674652 0.481345773 -0.289102912 0.397503316 -0.400044501
    0.153355867 0.720919609 1.19488728 0.298564792 0.164518476
    -0.457307249 0.259086072 0.858613729 0.787236571 0.650767088
    0.144404113 0.952057302 -0.367549539 -0.27455461 0.245567143
    0.538368881 1.44333351 -0.441468596 1.20479774 1.2117238 1.44074464
    -0.139570862 0.141390502 0.119825542 0.555408716 1.13142443
    0.649566591 1.47733402 0.592751622 0.236860871 1.03728819 1.18675685
    0.976215124 1.39871049 0.829942226 0.33757323 0.735091746 1.3997606
    0.703203201 1.36853027 1.26332641 0.5218364 1.01476169 1.18303967
    1.36571145 -0.298980057 -0.143313587 0.517198086 -0.136316985
    1.10185134 0.564336717 0.108869731 0.513388038 -0.350969523 1.484128
    0.924805939 1.15849352 1.10121953 -0.0909775496 0.639538765
    -0.496720493 -0.400713503 -0.28953284 -0.0407994688 -0.285914153
    1.36623621 0.790245831 0.366480589 0.909144104 0.247520387
    -0.113682657 1.09337163 1.07021356 1.06307697 -0.426475465
    0.0856337547 0.528029799 0.893348575 1.25330257 -0.386743248
    0.999000072 0.254294991 1.16450596 -0.11089623 1.35526085 1.24187446
    -0.0480354428 -0.0460776389 -0.440160871 0.595940709 0.287520885
    1.03184056 -0.0398567319 0.0718310475 -0.542400122 0.546265364
    0.803717434 1.3937608 0.930018187 0.921635449 1.44295692 0.448927641
    -0.259075731 0.580383062 -0.384271801 -0.257959843 0.461010933
    0.149522156 -0.052857697 0.751862168 1.05458343 0.901841938
    0.826703787 0.412878305 0.971181929 -0.291066408 0.655642748
    -0.178919315 0.994572759 0.878266335 0.556637466 0.379354775
    -0.0637120306 0.65582788 -0.205640078 -0.0833795667 -0.00350823998
    -0.232198149 -0.448347032 1.08727598 0.812641621 0.112241685
    0.332625389 0.269246042 0.779114664 1.00239372 0.0988033414
    -0.102988154 0.573957801 0.485043108 0.285316229 -0.564281225
    1.40354323 0.634278238 0.547495306 1.10398817 0.640996158
    0.0315319896 -0.242177695 0.233745039 1.21706557 0.179167747
    0.999787271 0.292265058 0.367435277 1.29524374 0.656505287
    1.37107575 -0.384662896 -0.337866545 1.16412044 0.82124418
    1.29703188 0.334343016 1.04199219 0.986488163 0.962922037
    -0.429861218 -0.283713281 0.368479908 0.542582452 1.25657296
    0.336223364 0.647990584 0.0438908935 -0.346675873 0.753662169
    -0.333636522 -0.0293530226 0.103595972 0.395087779 1.26183259
    0.060523808 1.39390194 -0.286948085 0.83928889 -0.101684779
    0.601474166 0.51306802 1.10473204 0.113222241 1.45720959
    0.0517456532 0.166269243 0.157447577 1.45972323 0.342728436
    0.346621394 1.05475998 1.15657377 -0.221338928 1.15426445 1.13220191
    0.678333759 -0.385019541 0.796566308 -0.263389409 -0.104623705
    -0.356381029 -0.448850304 0.294216603 0.953686237 -0.168171793
    -0.0049802959 0.397591531 0.302596539 0.873846054 -0.459652036
    0.48796311 0.73611033 -0.436282992 0.57006681 0.504348457 1.44314027
    -0.371961832 0.683661938 -0.00777190924 1.51537764 0.168635964
    -0.422412813 0.282584846 0.995689809 0.827553749 0.651434422
    0.983217001 -0.380135089 -0.327589989 0.579797328 1.05157161
    1.06693864 0.581428766 1.0837723 1.21166432 0.959083796 0.495181262
    1.29559803 1.43468177 0.747854531 0.32685715 -0.499504417
    0.0953179598 1.19343519 -0.388069689 -0.259914994 0.154233009
    -0.401965499 -0.347446561 1.06841111 0.366528094 0.123934567
    0.436255038 -0.0661765933 -0.378645957 1.14169896 -0.370221138
    -0.25984472 1.20409274 0.443081021 -0.377943039 0.578821659
    0.710688293 1.36612916 0.176071167 -0.311633825 1.0491066 1.27374172
    1.20312035 0.692950487 0.490504682 -0.179543853 0.438996255
    1.44506848 -0.220502406 1.03547955 0.247172475 -0.413104653
    0.709766328 1.00492668 1.25743055 0.978187323 1.23366785
    -0.0141733885 -0.339573383 0.716925085 0.423430562 0.908261895
    0.365905762 0.730466783 1.23603106 -0.0816528201 0.437213659
    -0.466103256 1.20947576 1.20769095 -0.312386364 0.343997717
    0.627601981 0.00115019083 0.530008078 0.745081961 -0.146647274
    0.382472515 -0.100208431 -0.015201211 0.14006567 0.709979296
    0.150799453 -0.0242406726 0.851466179 0.685661435 1.20198154
    1.31845832 0.566920698 0.359390378 1.00148749 1.10188901 0.742589355
    0.456120968 -0.357071757 -0.266122252 0.99566555 1.34842491
    -0.388334543 0.100110114 1.20835602 1.15088236 0.486809671
    -0.00541377068 0.422967821 -0.37940672 0.458350182 0.239262581
    -0.298245788 1.01463461 0.623830497 1.37914133 1.21356583
    0.998495579 0.655744851 0.32360816 0.821259797 1.13047826 1.22165012
    0.88690412 0.405830085 0.5408746 -0.0936812758 0.330360919
    0.544575691 0.718674779 -0.266432762 0.846616387 0.91450876
    -0.480052799 0.680170774 1.44391692 1.26629484 0.780196905
    1.37191319 -0.0316082239 -0.35752663 -0.402578473 0.878615141
    -0.474980563 1.44850826 0.989326715 1.24476051 0.53192538
    0.0996487737 1.04000807 1.37850177 -0.406085163 0.0756821036
    -0.316741168 1.39847624 0.426340818 0.32237345 1.35949707
    0.987748623 1.2193172 0.947262824 1.26073551 0.806129873 0.848729849
    -0.0677028298 0.0753529668 1.17744279 1.38564265 0.763025641
    0.841422141 0.542076647 -0.087664485 1.28279531 1.33727288
    -0.210826516 0.266836464 1.18091655 0.518902481 1.44142723
    1.32819569 0.55192554 0.562392354 -0.251077354 0.550348282
    1.18690276 0.37593621 1.05935276 -0.001042068 0.580767035
    0.304986179 1.16542006 0.860489488 1.15771413 1.37032104 1.47519922
    -0.362524092 0.600586712 0.316412985 0.292658985 -0.425065309
    0.565524518 -0.123203069 0.513387561 1.36126208 1.01399207
    0.10238272 1.31846452 0.5860762 1.17011261 1.18598557 -0.0593316853
    0.556046784 -0.365601242 -0.309873551 -0.0790342391 0.796024859
    0.541015446 1.2629447 0.829771161 0.576413631 -0.23086974
    0.484500289 0.530568302 1.04446518 -0.523119807 -0.180101752
    1.21905768 1.20480537 -0.137283206 0.949474037 1.07510138
    0.930878282 1.28236473 0.721663594 0.355233073 -0.0444072783
    1.02205741 0.663969636 1.20208561 1.00122571 0.828068614 0.228476703
    -0.1191549 0.784095526 1.04190147 1.44119096 1.17393255 1.0134027
    1.41826177 0.28266266 0.381843954 0.629632413 0.722104073 1.42546523
    1.24310899 1.0526886 -0.163488686 1.35463357 -0.487728268 1.11362004
    1.51937842 0.240526617 0.595084429 -0.430660009 0.59364903
    -0.347344428 1.25554395 -0.0257975459 0.893460572 -0.378808826
    -0.447523177 0.76988399 0.55957973 0.837323904 -0.328184545
    -0.161242664 1.24425602 1.11966705 -0.0400421619 1.12931275
    0.107321084 0.9748106 0.303222477 0.0288024545 1.11958432 1.25423467
    -0.123822182 0.403269202 -0.123440176 0.652558923 1.23540819
    0.242949724 0.00881928205 -0.0505017042 1.19081557 0.874123752
    -0.470714629 0.867941618 0.686718822 0.762989521 0.879828095
    0.467427433 0.632264793 1.08345032 0.545719028 1.36154985
    0.993473589 1.3870734 0.602650285 1.42050886 0.893347383 0.557610571
    0.975242794 0.169660628 0.833197773 -0.288037509 1.12258482
    -0.18318826 1.2554208 0.235367715 -0.118492633 0.702721417
    -0.463804483 1.42083907 -0.513252854 1.15264964 1.26024175
    -0.460444927 -0.0699364543 1.28195405 0.808089674 0.0883935094
    0.330513418 0.677944422 -0.0314174592 0.0941751003 0.762052894
    0.322542846 0.814296126 1.15105569 -0.346811563 -0.383429855
    0.767828763 0.220704675 1.0671128 0.657293022 0.262079537
    0.803003311 0.157342255 0.961570859 -0.045658797 -0.15252316
    0.521939814 0.467666507 1.39106727 0.715157092 0.873422325
    -0.0272890329 0.550339401 1.11962402 0.141223311 1.12875867
    0.44429332 0.310411334 -0.474345207 0.135544419 0.992206693
    0.138934851 0.927365422 0.585682929 1.39805579 1.20378017
    0.212167799 0.318828464 0.321785033 -0.0994263589 0.279274106
    -0.222435653 0.12689358 0.823902607 0.724178731 0.220332503
    0.720577002 0.363234103 -0.153425217 -0.301981241 -0.337255239
    0.474636465 -0.324671298 0.902417779 0.777999878 0.16536814
    1.40468752 -0.497280449 -0.292788684 0.688318372 0.138016015
    0.771890879 0.676989555 0.38715598 -0.407159626 0.898279905
    0.153242528 -0.396001786 1.06201339 0.590771258 1.26352406
    0.382811368 0.145169586 -0.0402730703 0.439104289 0.155615658
    0.856154501 0.802283049 0.661971748 -0.201938659 0.247711241
    0.0786985159 0.675804079 -0.181909621 0.0532876253 -0.127438754
    1.09916782 0.687346935 1.08060169 0.895757496 0.368581533
    -0.229965627 -0.311739594 -0.00167542696 -0.505366325 0.808795393
    1.27723265 -0.363794863 0.72273767 0.713052988 1.09162831
    0.135489643 0.983448863 -0.507136166 -0.105169147 0.9470855
    1.14988899 -0.27814129 0.190547645 1.16567969 -0.294766247
    1.33210611 -0.512950897 1.10109997 -0.33571434 1.21723151
    0.915723145 1.44933605 0.467205524 1.29782116 0.490823805 1.24610305
    1.39986372 -0.404959857 1.35813141 0.0115856528 0.16070509
    -0.0621910095 -0.0581051707 0.524787009 -0.179268837 -0.15789479
    0.649241507 0.44914633 0.931802869 0.813177884 0.497173488
    0.304420173 0.0141695738 0.906972706 0.990037501 0.948402047
    1.48160195 0.0035520792 0.648978949 -0.101904184 0.53013587
    1.4131614 0.0512130857 1.22604346 -0.154059023 0.637291193
    0.744696558 0.778861165 -0.0364408195 -0.164768815 -0.059250474
    0.43299073 0.336018056 1.1079303 1.28639269 0.795903802 1.16660786
    -0.104557097 0.513530195 -0.0805359483 0.925423026 0.143672585
    1.32928514 0.965505123 -0.246148258 -0.270575851 0.988764167
    0.0378528237 -0.486617446 1.14922142 1.29222369 0.460049689
    0.544052482 -0.113079518 0.705066681 1.31783128 0.490838557
    0.0706822872 0.579524815 1.30224037 1.0477879 0.748983681
    0.117826879 -0.197731465 0.099838376 -0.222728133 0.00146096945
    -0.32475704 0.5431602 0.573905289 1.47899246 0.802418232 1.1367867
    0.48108384 0.666137993 1.31009078 0.759328246 0.827029109
    -0.277009487 -0.245170921 1.19727647 0.386558592 0.07474944
    0.00726610422 1.19663286 -0.121947229 0.42394489 0.853732824
    1.19978309 0.499935746 -0.0750660598 0.598616362 0.836484015
    0.363418281 1.14287198 0.791250408 1.39601588 -0.543259561
    -0.207846433 0.692997932 -0.549593866 1.30612767 0.160198808
    0.417153597 0.665577948 -0.549948394 0.967962682 -0.096747756
    0.712825835 0.886266112 0.7785604 -0.031909287 0.237853348
    1.05884933 0.688719451 -0.315444052 0.755358636 -0.198552251
    1.41087961 -0.460143834 -0.304713547 0.817258775 0.393226683
    0.590560913 1.10135937 0.216813803 0.487767994 -0.428341568
    1.22376728 0.299204469 0.832497239 0.344778657 0.0420864224
    0.0828823447 1.11924529 1.43197584 -0.0543733537 1.47383618
    1.0966152 0.233145237 -0.506880939 0.0794375539 1.29224706
    0.519971311 0.430222541 0.700530529 -0.0662236214 0.477545291
    -0.094771862 -0.0710690916 0.313438535 -0.125266284 0.825437248
    1.16864872 0.170501709 -0.465165496 1.2916398 0.393243343
    0.327163815 0.205798328 -0.039940834 0.583757401 1.14855051
    1.36405611 0.575581551 0.00343501568 1.19607413 1.29214787
    0.421322644 0.23819977 0.33574307 0.471102536 0.719478667
    0.574440181 1.11219621 0.499721944 -0.0194586217 0.74041611
    1.40691328 0.651447654 -0.151685923 1.42138815 0.00843000412
    0.591928422 -0.371133924 -0.36418879 0.872219861 1.06248808
    0.179637969 0.616020918 -0.430604398 0.225643218 0.892499804
    0.10605976 0.139411449 -0.057236433 1.4521153 0.557093263
    -0.0112526417 0.861864865 1.19815075 1.09977782 -0.378056288
    -0.4708305 0.767166257 0.552540064 -0.234741867 0.426247716
    0.494408309 0.664167702 0.572365284 0.794062614 0.32630831
    -0.0477679372 0.141235828 0.81238246 0.363996863 -0.428111672
    0.230004251 1.215644 1.45855904 -0.221723884 0.940406859 -0.32645458
    1.04260564 0.942703664 -0.148435324 1.2548238 0.20614785
    -0.307650596 0.166579068 -0.330031753 0.0393884182 1.42226732
    0.691503108 0.135283172 0.947625935 0.466972589 0.75414598
    -0.0155505538 0.0802550912 0.590579569 0.800014675 -0.197321594
    0.131614268 0.203225136 -0.258341998 -0.131761998 -0.386177093
    0.00560611486 0.574915111 0.296116859 0.625302553 -0.0432844162
    0.933646142 1.41538477 0.920086563 0.279785037 -0.27395016
    1.32870281 1.16247118 0.554596722 0.994280815 -0.0390463471
    0.123010337 1.00845444 1.00501728 -0.243682444 1.06401372 1.41114759
    0.496397972 0.140084445 -0.234402567 0.405393243 -0.426110327
    0.739036024 -0.484397173 0.93183428 -0.183325857 -0.128327042
    0.0787962079 1.22909522 0.594926715 1.26564217 0.989095509
    0.625823677 1.01530766 -0.234980196 0.103117049 1.02320814
    -0.476454675 0.0216506422 1.2648021 1.15789366 -0.254888058
    -0.0364141464 0.621245444 0.484202325 -0.359834075 -0.458520532
    0.174162865 0.0212494135 0.426521897 1.34834027 0.0794285536
    0.283744335 -0.0736190677 1.0159924 0.140798807 -0.244523406
    1.21951151 0.251720071 0.982109547 -0.461220294 1.23298287
    1.55857658 -0.220735013 1.09699214 0.261957258 -0.317089051
    -0.0702906549 0.260066837 0.21369347 0.787045777 0.244803965
    0.839124024 0.156131357 -0.326454788 -0.371918857 -0.431029558
    0.904484153 -0.305272222 0.436958998 0.195526987 0.266685933
    0.945664644 -0.164150864 -0.405857444 0.956951857 0.622881174
    0.274308741 0.209845424 1.51109219 -0.060068965 1.34505498
    -0.202551126 1.00352788 1.15804136 -0.300776601 -0.512591183
    0.983901083 0.945477366 -0.0365816951 0.598315537 0.192168832
    -0.352369845 0.179729223 0.836649418 1.25325549 0.819495618
    0.717031538 -0.507472634 1.13551331 0.839852214 0.00159269571
    0.649285316 0.0223788619 -0.346094072 0.594910979 0.404372692
    0.614246011 -0.384725779 -0.177250057 0.625645578 -0.166696578
    1.36878729 -0.0730360746 1.40706313 1.07736707 -0.194431573
    1.2856133 1.25325441 1.29461932 0.740064204 0.553963006 0.310646772
    0.881726801 -0.312851965 0.664795876 -0.130197227 1.36065245
    0.201423556 1.37450039 1.25758934 0.710553586 0.924001813
    -0.337890625 0.173212767 0.364990354 0.345159292 -0.0945688188
    0.538612008 1.12290418 0.453072399 -0.274583936 0.274378896
    0.448798209 0.427267611 0.373915613 1.37058377 0.44715941
    -0.40216887 -0.255112857 0.299576372 1.49398291 1.19737995
    0.339159012 -0.45080027 0.94768095 0.0663990378 0.241841197
    -0.0465618372 0.386377096 1.29064393 0.765425324 0.623243868
    0.0137895942 0.501905382 0.378211379 1.26764083 -0.283956349
    -0.152972728 0.252674341 1.18668079 1.46480727 -0.0270581543
    0.539176702 0.804753363 0.00031748414 1.47095859 1.28498769
    1.16389179 -0.25935486 0.212833583 1.00782454 0.772538662 1.35296559
    0.307350993 -0.459106356 0.340838909 -0.200619131 0.902660489
    0.703219891 1.16537809 0.993202806 0.360826641 -0.391351342
    0.124190927 0.830990434 0.315113842 0.387688279 1.19394875
    1.30434775 0.921659231 1.11677492 0.982969761 0.0141582489
    1.01053691 0.646312952 1.4334662 -0.17347756 1.29652262 0.20615238
    0.629204094 1.32336509 0.898457706 -0.524995685 0.053465426
    -0.531814992 0.995307267 0.438778818 -0.19242838 1.02379441
    1.15199637 0.644096732 0.0882518291 0.812508166 0.488275528
    -0.108817995 1.39490914 0.284104109 0.398645163 0.93437922
    0.213652492 0.76306808 0.454019487 -0.302028 0.891268194
    0.00516080856 -0.117058903 1.31332552 0.327666581 0.516648769
    0.413674355 0.639572382 0.0575660467 1.15131867 1.3008393
    0.124969602 -0.137020767 0.81501472 0.936174035 -0.189954609
    -0.078641206 0.381332159 1.35919213 1.18144143 0.202603817
    1.11651492 1.32881641 0.648547113 -0.262402833 1.38034737 1.33335662
    -0.322066009 -0.318361849 1.07488918 1.38501585 0.445288956
    0.69479382 0.454549611 -0.277684063 0.625705183 0.0954549909
    0.125515103 -0.221552342 1.10628366 -0.100436181 1.0493679
    0.0817716718 1.3329047 0.109162807 1.24094379 -0.429758906
    0.229396731 0.722346365 0.377846777 -0.110825807 1.48112798
    -0.137423038 -0.483862519 -0.0461422205 0.472794771 -0.322110832
    -0.126372129 0.340169191 1.48112798 1.08126867 -0.243699998
    0.125143826 1.21068859 1.38761902 0.500093699 0.595148861 1.18793583
    1.21059489 1.09415662 -0.470929146 -0.143746465 1.32661223
    0.314523876 -0.285434514 0.136593908 0.922951519 -0.394155324
    -0.0871435106 0.624580801 -0.402200073 -0.238481134 0.949802518
    1.05038786 -0.341654807 -0.421719491 0.570240378 1.04360926
    0.651645839 0.879772723 0.65466094 0.754466951 -0.116817713
    -0.0925018191 0.297917485 1.17704654 1.19130409 0.748773932
    -0.0980558693 0.113500714 1.17151296 0.507051647 1.27825522
    0.945292175 -0.440084696 -0.278868794 -0.534020185 -0.327858955
    1.00429344 -0.206358463 0.695489407 1.14915204 0.240416527
    0.177264154 0.0727812648 -0.446820945 -0.183167428 -0.264158666
    1.43945467 1.41493535 -0.318247437 1.48426342 1.07068121 0.390071362
    -0.452305764 -0.0594419539 1.37320042 0.12979278 -0.416874558
    0.314471602 0.258541703 0.908816993 0.886455715 -0.212539613
    -0.0476323664 1.31006265 0.700696647 0.788636744 0.192586839
    1.47011566 -0.0225514174 1.4818697 0.0756101608 1.28014278
    0.859435081 1.21157694 -0.186609507 0.114608407 0.454822391
    -0.0581690371 0.593922377 0.266031206 1.43371153 1.45390177
    1.08536386 -0.407025605 1.33419609 0.0365630984 0.632926583
    1.25503135 0.610853612 0.428988189 0.306145221 0.163646162
    0.927948594 -0.333936989 1.50544679 0.884348869 0.416665345
    0.000640690327 1.00576377 -0.00798627734 0.529393315 0.059613198
    0.255158007 1.08780313 1.48090816 -0.534392297 1.38452244
    0.708631217 -0.0934318304 1.20825911 0.0516730547 0.446668804
    0.346031725 0.179201543 1.3866601 1.18960869 0.663176775 0.552353621
    0.687207937 -0.238491982 0.477480143 0.201158941 0.708808184
    -0.381110549 -0.34043318 -0.109031409 -0.400466174 1.4187839
    0.12081337 1.26953137 0.537984788 -0.0736924708 1.12493861
    0.233212888 0.831139684 -0.0752103031 -0.241738439 0.0476656854
    -0.471047014 1.49719191 1.06477797 1.39558816 1.12336981 1.35251021
    -0.0988073051 1.06461811 0.258293688 0.675543249 1.30469441
    1.04584062 -0.401483744 0.277869642 1.37704241 0.583594799
    1.20707655 1.40902185 0.695062339 1.21487069 -0.0901065767
    1.45122528 0.938520432 0.711729825 1.16563606 1.22096634 0.719333589
    0.901095867 0.160046697 1.32217312 0.140654206 1.03595495
    0.603847802 0.91626507 0.847151518 0.85341537 0.604432106
    -0.262371689 0.999470234 1.42814851 0.859661698 -0.0986927152
    -0.353168666 0.0390816331 -0.109720558 0.835173965 0.549462616
    1.07659316 1.00970888 0.822889388 0.362379372 0.602883399 1.24207878
    0.896892667 0.367475748 0.475661755 1.491009 0.994647622
    -0.304418534 0.816978455 -0.405751199 0.907690823 0.579721391
    0.640815854 0.176362932 -0.247679621 0.138004541 1.44267702
    0.852391779 0.928510189 -0.0373709202 0.540763557 0.396999955
    0.169126213 -0.0340133905 0.178807378 0.72418654 1.00788224
    1.12644339 0.104977787 1.2409091 1.32994342 1.16136622 1.04294002
    0.59486264 0.838876426 1.29335475 0.631902099 1.47423494
    0.0452281833 0.636567891 -0.507691264 -0.476703227 0.214733213
    -0.0935200453 0.060172677 0.215993434 -0.453876615 0.32797426
    0.442516088 0.107957393 1.28607464 1.22371578 1.0205195 -0.173580498
    0.643871546 0.197829902 0.0443220735 0.441868305 -0.213253766
    0.214072704 0.354665279 0.606863797 0.7408849 1.00805259 0.983463228
    -0.0581411719 1.12190151 0.329642415 0.551911891 1.00725007
    0.352921695 -0.0893191099 1.46378565 1.20731151 0.0541225076
    1.21351314 -0.070715487 -0.0403395295 1.35360014 0.919992507
    0.985525012 0.128623337 0.704712987 -0.0393148065 1.43630755
    0.410586059 0.12739709 -0.253548354 0.0276005864 1.27506447
    0.622904658 1.34415162 0.712024868 0.226065695 0.961635172
    -0.318760812 1.23363698 1.42434549 0.803512156 1.2854538 0.139010012
    0.665116787 -0.22623226 1.22040367 1.1229074 0.899616539
    -0.283709615 1.10503817 1.13670826 1.42371464 0.128218293 1.29993701
    0.480109364 0.623538017 0.028367281 -0.0910432935 -0.210747838
    -0.40074262 0.8362692 1.15648663 0.139202237 1.04859424 -0.30528003
    0.320862204 -0.406285107 0.711491227 1.1997807 0.596019745
    0.263939917 0.314748406 0.373627782 -0.372633576 1.50492334
    -0.0412920415 -0.137282848 -0.447075427 0.369358897 1.4862299
    1.46345949 -0.121087492 0.647402227 0.7370736 0.153112739
    0.131154537 -0.0277280807 0.890176058 0.00611531734 1.47996163
    0.831535876 0.255177498 0.448836505 0.966297626 0.164803922
    -0.118373156 0.339999437 -0.457134932 -0.210157111 0.904278517
    -0.178672969 1.25641298 0.518414855 0.841999769 0.813279748
    -0.444722354 1.37981308 1.37500787 0.643354535 0.110456616
    -0.121169448 -0.442966133 1.10940552 0.483871818 0.413833857
    -0.0881576538 1.16066384 0.54790324 0.954510391 1.19346237
    1.19696283 0.778158724 -0.426336467 0.53602618 -0.113391846
    1.08035946 -0.22458002 0.503475308 1.35621965 -0.0442872047
    -0.0407248139 0.77057457 -0.095744431 0.937552214 0.0473182201
    1.52230704 0.0158909857 -0.127613872 0.969763935 -0.507053018
    0.572047472 0.585503995 1.43608057 0.382480949 0.35463807
    -0.0465981364 0.172591448 0.584817469 -0.148006469 -0.0776006281
    1.18253589 0.48283112 0.951968908 0.215233266 0.901217878
    0.640380502 0.215076804 0.168189019 0.48465997 0.337131321
    0.0783545971 0.0365316272 1.41011047 0.166615129 0.389191449
    0.241390169 -0.196449131 0.419549942 -0.396839738 1.35317874
    -0.116756231 0.254291296 0.633121133 -0.288025051 1.44346333
    0.176841617 1.36665177 0.0104187131 0.739808023 1.39195108
    -0.355775982 0.739033818 0.888102889 1.10185122 -0.418142855
    1.37216008 0.656062603 -0.225706905 0.429028451 0.0131510496
    -0.0514746606 0.670464993 -0.13857007 0.952684581 0.650067687
    0.401475132 0.742803216 0.431747049 1.42170095 0.0742811561
    1.30277121 0.478541613 0.918265462 -0.265307784 1.11510611
    1.34264827 0.152418315 0.977069616 -0.480228812 0.843328834
    1.12917244 -0.424088359 1.23129296 0.531678081 -0.100741595
    -0.0848771036 1.44702935 0.76600796 -0.256845772 0.141184032
    0.0310971737 0.493377507 0.793268263 0.739012599 -0.480578423
    0.50146383 1.41609979 1.16831195 0.551950812 1.10064065 1.0293808
    0.350531697 0.564175427 0.792478085 1.29709363 0.720053136
    0.768557191 1.1025871 1.28867006 1.38972533 0.242565751 0.416598767
    0.41651994 1.29125416 0.0999243259 -0.27089572 0.502915621
    1.46053517 0.222837359 -0.0345464647 0.186260164 1.26289797
    0.549917817 1.06471801 0.553744435 0.159270704 1.43654549 1.25723934
    1.30341005 1.29602885 -0.0700311661 0.763746083 1.20157933
    -0.318928093 -0.243735552 0.356305003 -0.214302897 0.710346282
    0.0201775432 1.3685354 -0.304026067 0.261163235 0.683766901
    1.39987087 0.291933089 -0.172199279 0.469098359 0.902926564
    -0.293403208 -0.272083074 0.00633764267 0.924359441 0.74295342
    0.311475366 -0.229227781 1.50227916 1.46950066 0.445375443
    1.08862329 0.679226577 0.955471396 0.0721143484 0.795300126
    0.1341784 0.620985091 1.10767531 1.00616598 0.0430179238 0.342975378
    -0.147943199 1.00218618 0.0483952761 0.189723372 0.038544476
    0.191745639 0.159546912 0.849045634 1.30960655 1.12251019 1.10716605
    -0.390791476 -0.17379415 0.946782112 0.396140963 1.49969661
    1.1438235 -0.418026388 0.723455548 0.38273561 1.11925638 0.496660054
    0.466690391 1.51038694 0.647270322 0.248508453 1.15893579
    -0.115339756 1.08543813 0.555175662 0.610768914 -0.154111445
    -0.000636339188 0.540060699 1.12452495 -0.189298183 -0.159246445
    1.3091557 0.581973672 0.334409177 0.956261992 -0.507435858
    1.14077234 1.21805358 0.154530048 -0.0526396036 1.13662243
    0.537193656 1.10901356 0.832404792 -0.0502881408 0.12670061
    0.530177355 1.14314771 1.43189907 1.23610294 -0.371211886
    -0.285041809 -0.00808423758 0.59532547 1.51375222 0.0538116395
    0.724336505 -0.393956184 -0.235076547 -0.29251641 0.527114987
    0.836830914 0.692175627 0.983780265 0.332438648 -0.35975495
    0.561949074 0.842497468 0.627785444 0.504832506 1.10893178
    0.534213126 1.22502017 0.110436559 -0.123461604 0.375001311
    1.37885427 0.687677264 1.45231056 0.842894971 0.622582078
    0.688935697 -0.404099435 0.550059915 -0.279883087 0.200512052
    0.50735569 0.487098396 -0.136356086 1.20732737 0.883542895
    0.948537171 0.44310528 0.244257063 0.261327058 0.690046549
    1.54763079 0.912165999 -0.212059021 0.985658228 -0.021110028
    0.718294263 0.171035349 0.265722334 -0.463992953 -0.0826596916
    0.926159024 0.271091521 1.02985787 0.710615396 1.19586718
    0.107685328 0.401681542 0.0420792699 0.376577079 0.508221865
    1.40818977 0.167417288 0.821953952 0.672350585 0.232570052
    0.794263422 0.790054023 0.535860598 0.124328136 1.05860567
    -0.54214865 0.721653163 1.09632123 1.19721937 0.851489365
    -0.421371549 0.0210872889 1.41752875 0.0972148776 -0.389793903
    0.858105958 0.784266412 -0.414358735 1.24141049 1.05919194
    -0.213976979 1.19597578 0.157004356 0.628534019 -0.288522661
    -0.125369668 1.49291646 0.820384204 1.48855364 0.252168298
    0.0683367252 0.810963988 0.848112106 0.744516253 0.1083318
    0.389428109 0.363107324 0.693828046 0.160681248 0.182058871
    0.811291218 1.42271066 0.0373246074 0.896129608 -0.348257184
    0.13309139 0.766118586 1.32743669 0.819690943 1.27920866 -0.16259402
    1.18099976 0.861155331 0.161629021 -0.466965675 1.01834464
    0.733781159 0.986016989 0.316835582 -0.281311601 0.193743467
    0.160647273 0.829073846 0.451060653 0.667949259 0.438591778
    0.19892782 0.998838842 0.957343161 0.510788143 -0.149320364
    1.31820345 1.04974115 1.42450762 -0.480999053 1.17453647 1.28064632
    0.0248296857 0.555431843 1.01849413 0.0736216903 -0.395839661
    0.783885717 0.7774418 0.344851851 1.41606784 1.40398955 1.32019854
    -0.466231197 0.634957492 0.0371482968 1.15306628 0.375771165
    0.0164684057 0.188669562 0.579634964 1.32517409 0.235735148
    -0.0871818662 1.11786354 0.266361922 1.10691452 0.481830806
    0.826685429 -0.17040357 1.53618324 -0.0374894738 0.696245193
    1.01221085 0.409625322 -0.437834799 -0.311684489 0.21305415
    1.06720233 1.17357302 -0.281134546 0.704035282 0.136708319
    -0.355043411 0.395482302 1.30369091 -0.447205573 0.393676579
    0.612059236 0.620149791 0.470257998 1.2217257 0.0399543047
    0.893449545 0.706765115 1.50484085 0.76437366 -0.181384802
    0.132368922 0.905711174 0.552052498 -0.0267689526 0.790617704
    0.740008652 -0.0552660525 0.338825434 0.244660586 0.175462961
    -0.435962498 0.306060553 -0.115946829 -0.300499082 0.353884727
    1.37120509 0.0870194435 1.52433455 0.203826606 -0.427572429
    0.501913905 -0.409654051 -0.378209531 -0.0421331525 1.37997317
    1.2596513 0.0068655014 -0.0552153885 0.129663289 -0.00917392969
    -0.111451477 1.44034362 1.01513946 1.33904815 0.0803009272
    0.763366878 -0.0367993116 0.313752592 -0.35515812 -0.429261923
    0.417761505 0.106426001 -0.390511483 1.29387903 -0.344494522
    1.03547573 -0.000278353691 0.262155116 -0.360386938 0.956379294
    -0.174793035 1.22241306 -0.334234357 1.36313593 -0.187927008
    1.10214198 0.140834779 0.396466166 0.0016618073 0.250986248
    -0.460788578 1.3158648 -0.214489013 -0.0468481481 0.32035929
    0.869558871 1.40061617 0.857393861 -0.353212655 0.716392696
    1.39111674 0.926292598 0.905282795 0.201650918 0.370480478
    -0.429308593 0.708918929 0.180532098 -0.136543989 0.754050553
    0.834933519 -0.270949185 -0.475399315 0.0294001698 1.14152217
    0.782156765 0.217493594 1.16106248 -0.352431536 1.35178542
    -0.421499252 0.858338594 0.711514056 0.670299232 1.01779866
    -0.351529807 0.657805622 0.361851752 0.778674126 0.505402386
    0.491439164 1.19215322 -0.452478796 0.0565873981 -0.475978196
    1.15341842 0.283900261 0.668849766 -0.467093766 1.244012 0.488413393
    -0.184186906 0.253281653 0.0230915546 1.37834215 -0.49852246
    0.964136779 0.896568894 0.0697347522 1.42641985 1.01512718
    0.823442042 -0.490283012 -0.396433353 0.433128655 0.850162089
    0.413832963 0.562700629 0.360395491 1.31485558 0.986812115
    0.995660365 0.812111318 0.451249719 0.627024233 -0.423323959
    0.743420303 -0.0723942816 0.09814924 1.1314466 0.250025809
    0.997931719 0.671613216 1.46776295 0.477440119 0.110378683
    1.31985235 0.588596702 -0.287076414 0.197000474 0.330852449
    1.29919744 0.000625342131 -0.0690391064 -0.151053727 0.672302961
    1.01818204 0.0218265355 0.139021337 -0.415905863 0.205810666
    1.43475533 0.73701787 0.851346016 0.454816699 0.997373044
    0.639222801 1.26654446 0.902149379 -0.280075133 0.629737139
    -0.489106745 1.25897539 -0.219596118 0.325486094 -0.264789611
    0.857635021 -0.344864607 -0.410433292 -0.275562942 -0.459363163
    -0.46105358 1.01298451 1.27736306 0.50438267 1.35865545 0.907981515
    0.44999069 0.946686268 -0.168184817 -0.498477817 1.0106492
    -0.434758991 1.43454957 0.534466982 0.368185401 1.43738878
    0.280109853 0.644862533 1.03863001 0.53411293 0.669744432
    0.315663993 -0.202446908 0.938892663 -0.470287114 0.832286537
    0.344438791 0.645944834 1.40127397 0.763367832 0.494533956
    0.16679877 0.910461366 0.305012941 -0.394563735 1.11231446
    1.28076041 0.39554587 1.38621414 0.152587622 0.883198977
    -0.164303869 0.627855778 0.027574569 0.185430348 0.540826797
    1.49201751 1.28094172 0.670886219 1.46622252 0.435264468
    -0.0376374424 -0.381980926 0.915311992 1.41631508 0.417612672
    0.682876885 1.17516398 0.933041513 0.227964938 -0.21780929
    1.18430376 1.02600646 0.471710384 0.559757054 0.135336697
    0.264524162 1.12428725 0.0562560558 1.45166516 0.394398808
    0.115177155 1.00089467 0.870365679 1.02462256 0.0436711907
    0.625385463 -0.0812435746 0.974662542 -0.424992502 1.285707
    -0.404185474 1.10170484 0.392136782 -0.425035298 -0.0325109363
    -0.328085184 1.09873879 1.51038885 0.316654831 1.36743867
    -0.263516217 -0.0987717211 -0.0482548177 1.50510454 -0.158358842
    0.487251401 0.268783689 0.369607508 1.46949005 0.942533016
    0.752784252 0.037106812 0.116222799 1.4248625 0.613082767
    -0.397606343 -0.141439319 -0.053878665 0.539756656 0.6512025
    0.548947036 1.00530744 0.615132153 1.18821692 -0.255864352
    -0.350798011 1.17892528 1.40912271 0.232908428 0.06897825
    0.604974806 0.611011088 0.0107060969 0.563336968 -0.446964294
    0.535193741 0.101606935 0.290844947 -0.0604757369 0.268153101
    0.550309777 0.472702146 -0.232079357 1.46774781 0.865703762
    0.240920842 0.402960479 0.436704814 0.074154675 1.48409271
    0.241792858 0.0322118998 1.28181303 1.03557897 1.06157374 1.03829324
    1.04403174 0.757875085 -0.0750076175 1.08758605 0.403232038
    0.665674746 1.07562733 0.309287012 0.536665559 0.366992414
    1.13476849 0.271045566 0.807855248 -0.254318208 1.25210929
    0.395412028 1.2197907 0.205698967 0.103307843 1.11023152 1.06184983
    -0.0798135698 0.250811309 0.780433297 1.19049668 0.908160269
    0.0744866431 0.820634186 -0.146670759 0.779421091 -0.190123588
    0.888132215 1.30232501 0.333046019 1.01071954 1.25868535 0.294983208
    -0.0670231581 1.3809067 -0.368353963 1.46703053 0.268268138
    0.0849949718 0.746083856 1.11820912 -0.0507380068 -0.355802238
    0.0123131871 1.3142103 0.0200247169 1.18786931 0.066067934
    -0.311413348 -0.451132357 -0.052934736 1.38734019 1.11082244
    1.38880587 0.00605863333 0.298236728 0.0632863045 -0.329165012
    0.245252371 0.840159416 1.29066968 1.25440335 -0.203186482
    0.693534672 0.0156897306 0.978676975 0.964451253 1.06595898
    1.34377646 0.480888307 -0.24176079 1.296978 0.87348175 -0.331176013
    0.33925578 0.903027415 0.361156017 0.0105423629 0.344736397
    0.488791615 0.717853904 1.11169481 1.38560259 0.06390661 0.670970261
    -0.0940669775 1.3277812 0.426394641 0.742775023 1.15592432
    1.39353406 -0.399714082 1.40352225 0.546977878 1.12006688
    0.310259759 -0.260439575 1.20847571 -0.269771278 0.748094082
    -0.486382395 0.406767368 0.474511564 -0.0194938183 1.45711422
    0.66910094 1.15113163 -0.194939077 -0.23931998 -0.204319 0.230569839
    -0.442114621 0.703088522 0.252418876 0.0776138306 1.42452717
    -0.382321537 -0.218392313 -0.100304604 -0.0975455642 -0.200030625
    0.0655131042 0.233395934 0.661451817 0.159748375 0.550522625
    1.19638705 0.964631617 0.293477714 0.468951106 1.02855444 1.12085485
    -0.452077985 0.161788702 1.14490795 -0.357436419 0.919696689
    0.509411693 0.224779427 1.3803978 0.607499778 0.556013346
    0.965502024 0.971637487 -0.38580513 -0.0129825473 0.0820701122
    -0.464871347 -0.0648032725 0.0656829476 1.07089245 1.40072
    0.836798668 -0.484337628 1.23683476 0.342538834 0.11095801
    0.0671325326 0.132712901 -0.37946251 0.958343387 0.121455312
    0.27986294 1.13733983 0.0213754773 0.336170554 0.151944697
    -0.0967757404 -0.410958856 0.87496233 0.264242649 -0.296708107
    -0.0329655111 0.494826794 0.488638043 0.0734571815 0.452536106
    1.51682568 0.529507399 1.51927757 1.29761243 -0.0575028658
    0.144164324 0.179287195 0.493226767 1.1649313 0.820019484
    0.331028074 -0.0266681314 0.398559928 1.02699471 -0.251318604
    0.598661363 0.395367712 0.168340594 0.175137252 1.05312359
    1.45170403 0.994823456 -0.378775179 0.562831879 1.42337823
    -0.280027956 0.347384751 0.589696467 1.29062033 0.331170678
    -0.479398042 0.492549479 0.477319241 0.985016525 0.578926742
    0.344322801 0.203002095 0.4416219 0.0134910941 0.245143533
    1.37699223 1.31948161 -0.0725426674 0.987663865 -0.286559224
    0.57374841 1.2193923 -0.283340812 0.17868799 1.22768235 0.353378654
    0.477762192 0.922186375 0.926524103 1.43904984 0.977015734
    0.927188456 0.0910615325 0.632771671 0.813815594 0.984722137
    0.206176549 0.146925092 -0.184148967 0.997667849 1.31468916
    -0.230931461 1.08734155 1.16841841 1.00482702 1.35007954 0.334705651
    -0.201168001 1.06685388 0.379923344 1.32912016 -0.303181589
    1.43332708 -0.321495712 -0.500161231 -0.416407943 1.21193576
    0.957322955 1.46753943 0.872456491 0.659550667 -0.44349283
    0.72593683 1.23173189 0.394828498 1.35988474 1.25648975 0.727825344
    -0.0177195668 -0.224006355 0.32499069 0.255826056 1.41428185
    0.420423567 0.473533988 0.419808209 1.50696373 0.177051216
    -0.202040672 0.948272109 0.519583225 0.518876135 0.130213618
    -0.19394663 0.465037018 0.646489441 -0.388619393 -0.106677622
    0.0212479234 0.851563811 1.26377285 -0.0223914683 -0.432047248
    1.07933331 -0.358706206 -0.441497386 1.31366169 -0.512820899
    1.33088386 0.214160323 0.0605275631 0.0503367186 1.437078 1.04302859
    0.887836039 1.14546704 0.855706096 -0.49910742 0.389701843 1.360466
    -0.16647467 0.942117453 -0.410311759 0.806099832 1.26438046
    0.294207513 0.435952067 1.18983269 1.43284917 0.0667763948
    0.478493363 0.370520711 1.53199589 1.12260461 -0.0550067127
    -0.413309872 0.940200686 -0.428707004 0.326868504 1.12427282
    -0.0424442589 -0.46514973 0.161523849 -0.45664385 1.29845119
    0.892381132 -0.254724443 -0.246873379 -0.302607149 -0.211065382
    -0.260936409 1.38742375 1.4339571 -0.161727369 0.844071269
    0.0265801549 -0.226348162 1.18518519 1.48249698 0.0119302869
    -0.318129897 0.952404201 0.712220788 0.272337615 1.44103336
    0.930004835 0.627318799 0.764439702 -0.111509144 1.01894689
    0.524292052 -0.305839926 -0.237312645 1.04318714 0.332608521
    0.477120876 -0.0176455379 0.84851402 0.507835031 0.218179405
    1.29379606 1.29595399 0.888652503 0.0849223137 1.06425095 1.24119925
    0.858425021 0.816799462 0.31072855 1.35508204 0.375350893
    0.747823596 1.32939243 0.697719395 0.621476889 0.151803374
    0.0914812088 1.31448388 0.550717473 0.348320842 1.29851151
    1.11783099 1.06421196 -0.308192372 -0.240112782 0.55494374
    1.22796834 0.626004398 0.91637671 0.844085455 0.138842583 1.16030049
    -0.142943054 0.105732739 1.01168418 -0.297934562 -0.192890137
    -0.0989675224 0.45209837 0.559170604 0.549052477 0.702450991
    1.44696248 -0.458892316 -0.272868335 1.45025122 0.445870936
    0.70178479 1.30970645 0.545353651 1.12207532 0.216438234 0.770123482
    0.951633632 0.105685353 0.255322635 1.38145757 -0.480323285
    1.27105904 1.39169002 -0.351227939 1.35913217 0.494871348
    0.0696644187 -0.0959871709 0.741283357 0.565345645 1.22343862
    -0.361344308 0.86171037 1.35116231 0.945894837 -0.356250793
    -0.0313450694 0.820969343 -0.0315797925 0.555372953 0.28289938
    0.545364261 1.5027082 0.0725623369 0.114889592 0.509624481
    0.510967612 0.563188434 -0.184542 1.16053438 0.99157238 1.09874535
    -0.395108402 1.42259407 0.752372265 0.0316980481 0.062235713
    0.138026774 -0.474349141 1.39080489 0.343870282 0.826656699
    1.22800803 -0.023755908 0.139091849 0.509886503 1.26533794
    1.36973953 1.42657852 -0.0505541265 0.153311789 0.307027519
    0.0830129981 0.812691152 -0.487691909 -0.488626719 -0.310420483
    0.337444127 1.28889894 -0.310280859 0.063067615 0.904250562
    1.4332912 -0.252882659 -0.0996814966 1.12236583 1.20023644
    0.481236577 1.2110163 0.514941514 -0.230964959 0.781206965
    0.125674188 -0.0167421699 -0.453664929 1.0881331 -0.271198213
    0.834387839 -0.417559743 1.31589711 -0.2754637 0.353878319
    0.0395078063 1.17844033 1.10151863 -0.391851902 1.27509332
    0.0783335567 -0.43840754 1.15800214 -0.0598580837 0.955442309
    0.919285774 1.12684131 0.592243373 1.1904819 0.284758985 0.141976178
    0.31793046 1.18013239 0.629108667 -0.340342224 0.170813501
    -0.0327600837 -0.439577937 -0.385509908 0.282177091 0.453380764
    -0.193027407 0.762718201 -0.137817591 1.40786839 1.46268892
    0.0689693391 1.34560061 0.509875059 0.0433981419 0.636540413
    0.652690411 0.378462076 0.451103598 0.56523788 0.419244438
    0.402376235 -0.301826328 -0.317271113 0.382471204 1.37899375
    1.43274593 0.358530939 -0.379274487 0.596205711 1.05760968
    0.0762729645 0.23553735 -0.352641702 1.36169243 0.991468251
    0.0733764768 0.129166424 -0.210586488 -0.276300877 0.594167352
    1.50247121 1.09908199 -0.480721861 0.210491896 -0.251264632
    1.12646317 1.34957731 0.572234988 -0.235921502 0.778071225
    0.0128109157 1.39733243 -0.240150392 -0.0450146496 -0.0316631496
    0.418897986 0.501551688 0.20355919 0.450147092 -0.205350012
    0.430018455 0.0562384725 0.791216314 0.496929049 1.28735411
    1.48002577 0.210190475 0.0389596224 1.22905016 1.25109363
    -0.55060488 -0.09696275 0.790178359 -0.139265567 0.525210321
    0.407369852 0.839722812 1.18231463 -0.186218381 1.49410987
    -0.350352526 1.06934869 -0.0388724506 0.187992096 1.451617
    0.465096831 1.30031538 1.13754737 0.239862084 1.12777293 1.05699754
    -0.187617898 1.09750807 1.39421105 1.04608655 0.593782485 1.44315732
    -0.407728881 -0.0161291659 1.10761094 0.458651423 0.358185828
    0.0855296254 0.494935572 0.705586076 -0.237853646 1.09801161
    0.00654536486 1.18247986 -0.360618144 0.486951709 1.11181378
    -0.429339468 -0.363116026 -0.155112356 0.342849433 0.0516629815
    0.891472399 -0.0858176649 0.112719715 -0.207413882 -0.227733195
    -0.346544564 0.652727008 0.160238385 1.34776533 0.375416875
    0.505965233 0.540450335 0.232226342 -0.381946236 1.12742114
    1.12415195 0.0663556159 -0.425032556 -0.48854658 1.21205354
    0.566527188 0.866901755 0.994998753 0.645216227 0.69300884
    0.656838596 0.565145612 0.812190652 -0.295231342 1.17283213
    1.21624064 -0.234675601 0.612225652 0.366587222 0.769948721
    1.40083003 -0.242845327 -0.289310336 -0.483693779 -0.193645447
    -0.47571969 -0.091183126 0.702917695 0.483581334 -0.0611245334
    1.32669497 0.325445175 0.93487972 -0.0875667334 0.477235466
    0.0123024881 0.707339704 1.05055118 -0.177260622 1.21518946
    0.966412306 1.3267827 -0.202560782 -0.28279686 1.13068831
    -0.473180413 1.23242188 0.717418849 1.26600218 1.25284612
    0.0930522084 0.635113716 0.774526 0.0534973741 0.473006427
    0.667397261 1.42614067 1.15993643 1.4070394 -0.324860811 0.995839
    1.19334686 0.116351545 1.31559491 1.07798028 -0.368267298 1.43924022
    1.30657065 0.0977922678 0.966593146 1.21131802 -0.237789035
    -0.219978839 1.36160839 0.499026656 1.20591545 -0.396154284
    1.22635698 0.909085214 0.621264815 0.734669149 0.176083684
    -0.280157804 -0.147600859 0.871314526 -0.37227571 0.811611056
    0.174479902 0.886835754 -0.506593704 1.34694052 0.0428089499
    1.16539383 -0.0484872758 0.509872556 0.109057248 0.369935036
    1.31711781 0.22027576 1.10841489 0.776663482 0.410648406 0.720239818
    0.947546959 -0.176445812 -0.508423209 -0.517548919 1.06254995
    -0.318680912 0.352056175 0.983866572 -0.49707216 0.334261
    -0.198811442 0.534149349 -0.178057432 0.422620118 1.25526094
    0.956060171 -0.40174371 0.0168023705 1.32103884 -0.270675063
    -0.432147861 1.41778219 -0.149936587 0.411220372 1.50974 0.787540674
    0.0467316508 0.715291262 1.04811633 -0.0341502428 0.686740339
    1.48072612 0.288847834 0.770612717 1.0015552 -0.419781059
    0.171142161 0.113305956 1.09361219 1.20891452 0.520890534
    0.118571997 1.26355636 0.611368358 0.661601305 0.953243911
    0.385701418 1.23991847 0.0288920403 0.339449763 0.702892303
    0.84349215 -0.111899614 0.291288793 -0.101683259 0.946248472
    1.05606067 1.01668024 -0.15070045 -0.317366809 -0.0751600862
    0.0110383928 1.20004976 0.938870609 0.324019194 -0.513739705
    -0.0107278824 1.3075887 0.790643752 -0.354038596 1.20368421
    0.789824963 -0.170441806 0.666694343 0.213243067 0.144001544
    0.74025619 0.0573192537 0.214056671 1.36533988 -0.265466869
    -0.348935485 0.515729249 0.0799997449 1.03437996 1.35581732
    1.40785265 1.04343355 0.873687208 0.562531769 -0.283040643
    1.19033623 0.861000478 1.2625612 0.00381785631 0.864798307
    0.16894573 -0.202198535 -0.0481252074 -0.261477679 0.331112176
    0.0306776166 1.39535201 0.993734419 0.891135573 0.659560919
    1.15135288 0.876003563 0.948131263 0.0653449893 0.846172094
    -0.0294328332 -0.455330312 -0.295945823 0.237861514 0.160664797
    1.36917639 0.500369906 0.864850104 0.522595942 -0.435251296 1.274544
    0.291475773 0.824340105 0.746788621 -0.548012376 0.349793255
    0.958367705 0.319133222 1.4500916 -0.018804431 0.000813663006
    0.869142234 0.304831684 -0.484999537 0.911042213 -0.0715713501
    0.3363536 -0.154877871 -0.259683758 0.228443623 0.0523738265
    -0.388769478 1.03611302 -0.364362478 -0.0794288218 1.28610766
    0.619303346 -0.378584504 -0.324982464 1.49397087 0.497902691
    0.988742411 0.580094695 -0.0780091286 0.0252109766 1.00384474
    1.01257277 0.382283807 1.30375409 0.889767945 0.944538116 0.61421895
    0.705634832 0.94285512 0.519970179 0.470896721 1.35773921
    0.928928554 0.433496982 0.67190963 1.3602668 -0.160589069 1.33535314
    1.32068408 0.501186728 0.338880777 -0.176901639 0.499552339
    -0.445759535 0.894137263 0.478113085 0.245404959 1.17309105
    -0.193709821 1.23399758 -0.0524795651 1.40602493 0.0404909253
    1.35315645 -0.29240191 -0.296784937 1.11745882 0.0250304341
    -0.24449423 0.9690516 -0.188157111 -0.16884914 0.754019737
    -0.217061877 0.770895898 1.44247186 -0.451356351 0.675168335
    -0.321537554 -0.476085693 -0.0184431672 0.00606125593 0.423071802
    0.342347383 0.622105479 0.879953504 0.359434307 1.05020642
    1.42821765 1.07809317 0.907907963 0.916561663 1.08385515 0.397468209
    -0.0678031445 0.808917105 -0.310084373 0.790185034 0.825038552
    0.899654865 0.588716328 0.821587682 1.17094696 -0.28549552
    0.404206395 -0.130143315 1.31781793 -0.23984772 -0.478428334
    -0.251419812 0.0574955344 1.32286382 0.207139522 0.928261042
    -0.366069674 0.945774078 0.32407856 0.818462908 0.228880525
    1.19897795 0.0873495936 0.616010427 0.605523765 -0.276197016
    0.0563803911 0.391049922 0.674706459 -0.260684758 0.645015657
    0.536570191 0.637013614 1.38770294 1.42028356 0.189744055
    -0.231717616 0.298646271 1.35679018 1.36397004 0.704859316
    0.882620752 1.41779232 0.949560702 0.794088066 0.693423629
    0.844630897 0.908504128 0.257955432 0.974079609 -0.483749449
    0.916515708 0.73644042 0.534794629 -0.430159748 0.454211324
    0.0403975546 0.0638417304 0.470749646 0.396626234 0.270566165
    0.484409332 -0.12681368 -0.395384908 -0.442968309 0.441120505
    0.128606558 1.25529218 -0.312875569 -0.264962494 -0.17384088
    1.0317415 0.832347393 0.370992661 0.44887799 1.48301101 -0.519008398
    1.43867552 0.328948855 -0.265019894 1.29139495 -0.172222525
    -0.484332323 0.336195529 0.603284717 0.588703632 0.244954646
    1.09051526 1.06329536 1.15814888 -0.400897861 -0.0351511538
    0.713866115 0.833163917 1.14484012 0.591992736 0.404430985
    0.425190508 0.980134487 -0.120876402 -0.354750991 -0.23403722
    0.525075436 0.660559773 0.876450896 1.20049167 1.53296077
    0.685337067 0.00170749426 0.682543635 0.553461909 -0.133491278
    -0.269541621 0.52794838 0.644455552 0.729636908 0.364854693
    0.299811542 1.20010948 0.193797112 0.333378762 1.16620851 1.10809338
    0.128436387 0.568837345 1.28839564 -0.188545793 1.20862246
    0.105532259 1.11750841 0.391717315 1.27730846 -0.358721197
    0.629150689 1.33944726 -0.329202116 0.613954127 0.622045517
    0.597146332 0.880750835 -0.199127346 0.96639055 -0.542815268
    0.996787608 0.874706089 0.0492294431 1.17541385 1.1499908
    0.743431926 0.812966764 0.153279245 -0.493119717 0.318244457
    0.261826813 -0.322615623 -0.438707948 1.27145875 0.974564195
    0.373011589 0.721238256 0.366827011 -0.10095346 0.782408118
    -0.144091547 0.115900695 0.0835620165 1.34475923 -0.0557977855
    0.653955877 -0.406328768 0.641903281 -0.37750712 1.47538114
    1.23358655 0.900140226 0.798020124 1.39327526 1.1445272 0.721289575
    -0.318291605 -0.433522671 0.757235706 1.17652631 0.473905146
    1.41744077 0.366805196 0.222661197 0.144493967 0.991883218
    -0.300502747 0.224945307 0.126275539 0.419849873 1.26678109
    0.15039748 0.0147596002 0.872108638 -0.114400327 -0.351369411
    0.50219053 0.0029425025 -0.302989185 -0.203171372 1.18001175
    1.09119582 1.37133968 1.42420042 0.818256259 0.977719784
    -0.179199517 -0.257857502 1.22125816 0.141160131 1.12067473
    0.354588509 -0.518200874 0.442707896 -0.0344912708 1.22986269
    0.179258466 1.29643571 1.39087033 0.717922091 1.2436254
    -0.0240541697 0.422026724 1.12072456 0.256905288 0.194802701
    0.516837418 -0.244594932 1.49417233 -0.394571692 1.20606399
    0.698596716 0.466980278 0.230586588 0.657003582 0.281266391
    1.42901397 1.37377429 1.44516277 0.436671615 1.00881958 1.20161605
    -0.282990575 0.13017261 1.27943897 0.391998231 1.32697749
    0.0517485142 -0.566762149 1.09757352 1.24365819 -0.195412755
    -0.345977008 1.46099901 0.164974213 0.956773579 1.11871314
    0.577278912 1.43305635 0.309080362 0.829846025 1.03722763 1.3981688
    1.38047457 1.34184372 0.695500016 -0.280335784 0.485485435
    0.907433569 0.769924641 -0.237972915 1.3423121 0.891321063
    1.11402154 0.585782886 0.475527465 1.44818234 0.232572675 1.14574552
    0.204811037 0.213581502 0.515217543 0.172917366 1.26395285
    0.042488575 1.05123222 0.117880106 1.26440907 1.02813029 1.22904921
    0.955961227 -0.00883853436 0.42745018 0.772755504 0.140163243
    0.474528909 0.473623514 0.212130308 -0.298733443 0.528245986
    1.17491031 0.332169414 1.01280975 0.401863754 0.0797305405
    -0.4687047 -0.175206512 1.10596693 0.22317344 1.26354408 1.05543149
    1.51397395 0.0729432702 1.13020706 0.953065395 0.106107682
    -0.423288405 -0.0137913525 -0.179752648 0.380329341 0.59051311
    0.586985588 0.151724488 0.229324698 1.47417378 0.817147017
    -0.000347912312 0.0884014964 1.32559681 1.43124807 1.44830751
    1.25904679 1.3837322 1.45015001 1.06834829 -0.307561994 1.46327698
    1.26078224 0.236587167 1.39178371 1.00573862 0.534731328 0.619839787
    0.170992792 -0.328348726 0.0841050148 1.23903251 1.34750712
    -0.400720358 0.661541343 1.02003717 0.0349516869 -0.144821584
    -0.291714489 -0.48319602 -0.251828939 -0.320631266 0.307299316
    0.404524267 0.772571802 -0.40195334 0.428173214 0.841802418
    0.370024741 0.90019536 0.358302176 1.27998102 0.425314814
    0.0733077228 0.0860471129 -0.101958454 -0.279615223 0.179920316
    0.116800189 -0.227884799 0.0921393633 0.376428425 0.583714008
    0.622657299 1.11741698 0.446673363 0.149590194 0.84579432
    -0.329922915 0.325427711 1.19910717 1.47691619 0.382355511
    0.293040693 0.103777826 0.134274125 1.21941996 1.33039236 1.41338468
    0.201893091 0.802666664 0.101132333 0.327270031 0.425713778
    0.209957838 -0.352237284 0.440767825 0.675378501 0.505154967
    0.933711827 1.32586884 0.589905441 -0.42934075 0.385672092
    0.596993804 1.11239529 1.15357685 0.464472294 0.655816257
    0.497446597 0.0986616015 1.12098026 1.35475421 -0.0994596779
    0.0435346961 -0.221154124 1.00971031 1.27117872 1.38290632
    0.631161034 0.658141673 1.07007933 -0.499594927 1.32099807
    0.408047736 1.037184 0.255123258 0.12740922 -0.227006495 1.06937742
    0.775708139 0.839489102 -0.292074203 0.737301946 0.824532032
    1.03643417 0.943908811 -0.395536363 -0.416961282 1.16055703
    -0.385267496 0.786211133 -0.143074304 1.29455757 -0.0763975382
    0.34120065 1.17558217 -0.0357415676 -0.443167329 -0.149823695
    0.855568469 -0.0405112207 -0.29255715 1.07637727 0.271746099
    1.11992216 0.384370923 0.178788334 1.47418964 0.419047832
    -0.41467011 0.403162479 0.367446423 0.0838323236 -0.0275934935
    -0.263993621 -0.451312423 -0.465280652 0.742432714 -0.399729818
    -0.346504986 -0.137006879 0.0465169847 0.363516033 -0.038277477
    -0.374775767 0.850977838 1.31833291 -0.0276067853 0.463384807
    0.869190693 -0.407618433 1.32475281 0.514962316 0.014678359
    0.683478117 1.1387409 1.41035104 0.463527799 1.36541128 1.34962225
    0.202726483 1.23667705 0.643975139 -0.441357106 1.30361676
    -0.422605753 0.846039653 0.855433941 1.16722834 -0.386933655
    0.457496107 1.3269937 -0.166047841 0.174809873 0.518839836
    0.110328972 1.02966249 0.941381752 0.961019099 -0.260606587
    0.599558532 0.777649403 0.671391964 0.523454189 -0.0182483494
    -0.403152525 1.08334279 1.45583928 -0.195811659 -0.222050309
    1.27111876 -0.159994066 1.40828562 -0.359021842 1.46946681
    1.17087948 1.46582961 0.0248141587 0.604587913 -0.299059629
    -0.232080311 0.00827044249 1.243595 1.21031868 -0.307401091
    0.826973081 1.38253736 0.265739739 -0.331515431 1.17961359
    0.66923964 -0.349624336 1.47167087 0.0690618157 0.172230184
    0.609442532 0.0197044015 0.503932118 1.22130251 0.639303088
    0.573940814 1.14697886 0.96626991 0.798188269 -0.0539987683
    0.650374949 0.289155394 1.20569682 0.229028076 1.19124615 1.30160868
    -0.46658051 0.817212343 0.952197373 0.89521718 0.547724247
    0.678669453 -0.330994725 -0.23919569 -0.230232969 0.72570914
    0.201419234 1.33987975 -0.0337919295 0.496148139 1.19129133
    0.38823247 0.286274612 -0.0360241532 0.416410387 0.276575983
    0.315325201 -0.334614098 -0.11762625 0.573438942 -0.139650136
    1.3602376 -0.502298653 -0.0316537023 1.09607887 0.675187588
    -0.269786477 0.468506455 0.21225965 -0.144581288 1.5042944
    0.252360702 1.15262723 -0.237326413 0.479460537 1.45707297
    1.22584462 1.32960033 0.0858064294 1.40378785 0.825910568
    0.398777902 0.818121374 0.627031624 1.49040174 -0.479433775
    0.843363106 0.730606318 -0.0336058736 0.653131664 1.15574074
    1.47439671 0.340606391 0.696634948 1.03098404 0.448706329
    0.186409473 1.32260156 -0.40675801 1.48120797 0.962483883
    0.00788396597 0.820258617 1.34666419 0.436666608 -0.0944476724
    0.427848339 0.495028675 0.802385211 -0.33637321 0.753372192
    0.25459379 -0.357420444 0.0874581933 1.24654341 0.640981734
    0.622109294 1.28888154 0.920644164 0.84748888 0.605682254
    0.195881307 1.33024573 1.14693332 0.453643322 0.679176927
    -0.16579628 0.820047557 -0.0726969242 0.749167383 1.27109194
    1.06942296 0.0760400891 -0.540879548 -0.0961441994 -0.459659547
    0.175977111 0.815727413 1.14665186 0.0767499804 1.14611959
    0.689450383 0.0495517254 0.72536248 0.904746771 -0.23277244
    0.0259692073 1.33986139 0.593027771 1.40171623 0.660662889
    0.607702672 0.372380257 0.276929796 1.31146979 -0.472904921
    0.122487843 0.652196586 1.13112044 0.348045707 1.23907709 0.55107981
    0.596932232 1.20775115 0.239527822 0.415360838 1.24187732
    -0.457541883 -0.180183232 0.486895919 1.19175982 1.32684541
    -0.0788873136 1.18448746 -0.0555071235 0.320316076 -0.512872815
    -0.00243264437 0.946647167 1.232898 0.888819277 -0.418331534
    -0.267888755 -0.203941584 -0.402342558 -0.265084386 0.263231337
    -0.453025103 0.470943153 -0.326192796 0.77525878 1.12800145
    0.757580996 0.684862673 0.246327758 1.08308959 1.35181212 1.01529336
    -0.486730516 0.0639523268 -0.0865876079 0.253570914 -0.262129188
    -0.259530544 0.921569824 0.801985741 1.06544209 0.960590184
    0.986599147 -0.303878903 0.795386612 1.04459584 1.02721119
    -0.20053795 1.01568651 -0.0706635416 0.0498060584 0.926935017
    1.0193094 0.402600527 -0.349450856 1.09871554 0.364533186
    -0.456273139 0.0107693672 0.639425457 0.501722634 0.00664740801
    0.294849157 0.831185997 -0.174967676 0.927002013 0.628456771
    1.25073969 -0.297123879 0.373963952 0.473890603 1.37237608
    0.915937424 0.18807292 1.29638195 -0.060905993 1.46730053
    -0.179562151 1.4674058 1.28192043 -0.279707372 -0.0458729565
    1.11212885 0.137146175 1.10594213 0.584579527 -0.161143899
    1.47441685 1.36811149 -0.354032606 0.111747265 0.427740812
    0.497524321 -0.00397449732 1.23646164 1.25627112 -0.332296968
    1.321715 1.35892749 0.162451833 1.00628209 1.46142793 -0.40699333
    -0.252109051 1.04032552 1.00454855 -0.188594371 0.375078976
    0.508597732 -0.14292112 -0.00542971492 0.365211725 1.0572114
    -0.484639108 0.375762492 0.392344564 1.10728347 0.792180777
    0.0197037756 0.297335237 0.630639791 -0.0426985323 -0.474630386
    0.300056338 0.950044692 0.00937920809 0.659012258 -0.434851259
    -0.343117774 0.338787019 0.0481931567 0.323549181 1.35349226
    0.116180688 -0.20538637 1.19630647 0.70333606 0.111183524
    0.298337787 -0.357227862 0.114080846 0.357553959 -0.0283868313
    0.592520237 0.134905636 0.600806177 0.909845889 -0.451967478
    0.476868153 0.759862363 1.32517695 -0.488679349 1.39664328
    -0.30121997 1.23741913 1.4278636 0.569207907 0.247180969
    0.0307093859 0.803882658 0.225641102 -0.157804757 0.305887282
    1.36937857 -0.178165436 -0.387331694 -0.107339352 0.0269412398
    1.06585073 1.15608561 0.178034306 0.238353789 1.13683772
    -0.0924639404 0.231077313 0.960542798 0.74886632 -0.143570542
    0.686830282 1.02727842 0.259121418 0.72490716 0.441705287 1.4848609
    0.528891146 0.139229774 0.348746479 0.579664648 0.383199573
    -0.384798527 0.841347814 -0.156156063 0.0654780865 0.548707366
    0.809224963 0.298049361 0.106587172 0.980661631 1.09935856
    1.28611755 1.38718557 -0.364099532 0.091588378 1.16590703
    0.0527393222 0.578994751 1.34567189 -0.510415792 1.06043935
    0.96459502 0.153608441 0.165144384 0.958635747 1.45231581
    -0.192012966 0.253413737 -0.0994667411 -0.183399916 0.905149758
    0.657173812 0.955329835 1.01780248 1.02948642 1.37409568 1.25764072
    1.24656689 1.48929 0.663634717 1.06907129 -0.0269543231 0.0291312933
    0.646414161 -0.0219568908 1.22681153 0.471272022 0.52328372
    0.471223533 0.299652159 0.263925612 1.44807243 0.94448334
    -0.153109759 0.890509784 1.28651786 1.30993533 0.8596524 1.16656268
    1.08699369 -0.276338995 1.06850183 1.39458907 -0.383168876
    -0.5042575 0.999724865 1.1930449 0.278102338 1.01066065 -0.525697052
    1.4084636 -0.0269213319 1.22851503 0.962555945 1.18419886 1.44082904
    1.2437644 0.874306858 -0.317579091 0.425032973 -0.199654311
    0.62838304 0.417709589 1.30419636 1.50361359 0.0740542412 1.01940584
    0.105889231 -0.323610783 0.883930922 0.381885409 1.1449548
    0.842115521 0.955662847 0.412490964 0.509826481 0.451217771
    0.276268303 0.6172297 1.4423157 1.01305389 0.504566252 0.86087954
    -0.486864835 1.52564204 1.31671798 -0.182165831 -0.324469596
    0.144966155 -0.0783569813 -0.437757969 1.278826 1.36858106
    1.19169939 1.07889652 -0.31784761 1.40217769 1.41044474 -0.38177079
    0.885647774 0.380722225 -0.188200027 0.0763933659 0.528013468
    1.38950503 1.30273843 -0.470113844 0.424466848 1.17357278
    -0.418118447 1.32438707 1.40790582 1.12686515 1.27875781 0.503340006
    -0.448332727 0.180712163 0.236396849 1.42260766 -0.207708895
    1.46299505 0.092875421 -0.50141108 0.261510134 0.608625174
    0.223409593 0.915766001 -0.500496387 1.18169761 0.0294451118
    0.719825923 1.42017627 0.478048742 -0.4720833 -0.444431335
    -0.402988642 -0.213943928 -0.460507959 -0.280088395 0.0845038295
    1.45343256 0.240061283 0.622555792 -0.393886685 -0.393158615
    0.904704988 0.940910935 1.04231572 1.02650499 -0.339632124
    0.697269619 -0.382347822 1.06152809 -0.489958555 1.09943748
    -0.377181053 0.27047807 -0.337394208 0.19440341 0.48944068
    0.270394981 0.0737931728 0.798802197 0.95673883 0.373023182
    0.627525449 1.36610854 0.22024706 1.22081447 -0.396939635
    0.137794733 0.978466034 0.238065779 0.952970266 -0.26740545
    1.44806373 0.924512446 0.983083665 1.2102524 0.774099946 0.36616978
    0.84499979 -0.278451651 1.26278663 0.639358521 -0.249938384
    0.240806907 0.405301154 0.744262695 1.34472966 1.05880785
    -0.512197137 1.18933868 0.874069571 0.224191904 0.735540986
    0.947974563 0.336840749 -0.281710982 0.709616423 0.774665236
    0.108134747 -0.351694942 0.388702452 -0.225178301 0.591436088
    0.394432425 -0.269849777 1.21510792 0.350510836 -0.354988635
    1.31959462 0.248101711 0.674800217 1.0719161 0.50805676 0.51651305
    0.0849841833 1.36306942 -0.465528786 0.950534463 0.352736235
    0.794924915 0.943179488 0.802675903 -0.356002659 0.942317843
    1.49822831 0.514496744 0.0658208132 1.0860436 0.996339321 1.18167937
    0.508158684 -0.0548037589 0.0534891188 0.751637697 -0.198330075
    0.585079432 -0.260139078 -0.285718501 0.250790089 0.112418413
    -0.0861287117 0.961130738 0.385564685 -0.0911151171 -0.266003966
    -0.0217340589 1.11512375 1.41353464 0.918527842 -0.249550551
    -0.0105099082 -0.356268764 0.559376001 0.978235602 1.06726158
    -0.263346225 0.11800921 0.841507137 1.11310148 -0.254473031
    1.21833277 1.39224076 0.98790592 0.751464486 0.208943129 0.848867953
    1.23060644 0.722110629 -0.096347183 -0.328829288 0.137540102
    1.43164015 0.41310823 1.38858724 -0.413465917 0.198106229
    -0.165301174 1.02079368 0.770589054 1.17778468 1.4516027 1.40615988
    -0.0395312905 0.843819022 0.762456834 0.5386765 -0.280289233
    -0.209796906 0.616259038 0.81417942 0.471642315 0.213681042
    1.11491716 -0.260039687 1.45357025 1.19256639 1.14837456
    -0.199181497 0.178987384 0.872001708 -0.384877533 1.04749286
    1.0746007 0.715099096 0.00979471207 0.432668149 0.803066075
    0.606433272 0.774885058 1.38964128 -0.497047275 1.23849666
    0.57111311 0.572335958 0.0732160807 0.0857434571 0.307720006
    0.377576977 0.412040293 -0.226405233 0.584918737 1.49814916
    0.862039983 0.527058959 -0.0335011482 1.24702621 0.694728434
    0.631459951 1.28368437 -0.480406404 1.36606836 1.03013349
    -0.14432168 0.973874867 0.265632451 0.824306905 -0.39184922
    0.846604288 -0.107445031 1.37482214 1.3921566 0.763545156
    -0.0564640462 0.119906604 -0.0779342353 -0.268171847 0.888361931
    0.946658492 -0.270005167 0.175897181 0.699918926 0.21636349
    0.00122362375 0.173169792 -0.133399576 1.03509235 -0.159350961
    -0.327664018 1.04434907 0.124898195 -0.216064125 0.802547276
    1.04750419 0.34318459 -0.107207745 0.618103266 0.166738391
    1.04778528 -0.0810350776 0.578706503 0.126614034 0.617455721
    0.685241938 0.616310954 1.27439606 0.203540862 1.38871002
    -0.0997913182 1.23173571 1.21186924 0.993098438 0.103323221
    0.906897902 -0.360512555 -0.327608824 0.430969387 0.229160666
    0.49755168 1.27650213 0.449478507 0.114869535 1.36733198 0.912506044
    1.22477281 1.10515952 0.436494768 0.960136652 -0.0108247399
    -0.0704568028 0.780575097 0.665039897 -0.231122196 -0.426384866
    0.390255123 0.446888655 0.95161128 1.38874793 -0.0213202238
    1.03507447 1.32618618 0.659076929 1.08466554 0.966183066
    0.0574862659 1.00598717 -0.132995129 0.76048851 -0.00846931338
    0.73309803 0.616041064 1.27577543 0.683049202 1.31169295 1.34849572
    0.302523226 0.0890572667 -0.251841247 0.142193317 0.703379989
    0.797566175 1.48172045 0.6917063 1.08996749 0.646579623 -0.300380409
    0.514713526 -0.333561242 -0.200909555 1.47744989 0.0295213759
    0.859626532 0.398898363 -0.355307609 0.968730748 1.36059952
    0.0491349101 1.11469531 -0.303890675 0.491483331 0.931159496
    0.146798015 0.161678851 0.654634058 0.143943965 0.509496868
    1.31927609 -0.42676276 0.253308207 0.910120487 0.917888403
    -0.131862074 1.08676958 1.34074032 1.28924632 0.61837709 0.103900075
    1.31415653 0.758792102 1.09946728 0.722446144 1.22860718 0.160051525
    0.951541364 0.379086435 0.246437252 0.731858432 0.443002224
    1.36696553 0.472648501 1.45126867 -0.123644412 0.43361026
    0.979675233 -0.506434679 0.200285435 0.474174619 -0.467168331
    0.580661297 0.176340997 0.666129827 0.199026316 1.17260039
    0.906309485 0.309221208 0.0884206295 -0.430620849 -0.113494754
    0.927583277 0.592178404 -0.355048776 0.416738212 1.14502811
    0.00316977501 1.06942093 0.207097471 -0.156005323 1.14730692
    0.12274915 1.19053125 0.143947184 0.871989906 0.205852211
    0.739205778 1.07054675 1.25321066 -0.156830907 1.00177884
    -0.437085688 -0.376772106 0.837260485 -0.355918229 0.971507847
    -0.061709255 1.22565365 1.00384212 0.986668825 0.551824093
    -0.00529378653 0.757854939 1.35786867 0.547596931 0.104335278
    0.550080419 0.367454708 0.388627112 1.10479498 -0.365035892
    0.872975945 0.70648706 0.71817404 0.588835776 1.24100971 0.98075819
    0.673571348 1.17910862 0.492926061 0.383112669 -0.502476811
    -0.275923193 0.48192054 0.124851197 0.740801156 0.218319178
    0.902795255 0.687915981 0.822083592 0.691082656 0.738550007
    0.65299511 0.832961142 -0.461273849 0.552472234 0.672278523
    -0.304913163 -0.124705434 0.674543083 1.49065149 1.4276464
    1.43411219 1.10815549 1.4263438 1.49712038 -0.440572381 0.532589555
    0.56374526 1.41008902 -0.35021466 -0.280761063 1.28276074
    0.907460511 0.17401129 0.721236169 0.0381339192 1.06905913
    0.413093388 0.725964546 1.06188369 0.166404963 1.35411334 1.07323122
    0.870787859 0.958688736 0.272331089 1.40753651 -0.46978575
    0.76406467 1.37393558 -0.420676678 1.28150678 1.11813951 0.90755111
    0.634497762 0.958565772 1.29342628 0.0553985834 -0.175013006
    1.23399198 -0.399938732 1.52567649 0.0953924954 1.42216802
    0.202683091 -0.366118312 -0.366573572 0.310549855 1.06505728
    1.36481738 0.506287634 -0.0133906007 0.219064295 0.318559647
    0.547172785 -0.192899376 -0.464076877 0.303135753 -0.466578573
    0.0703383088 -0.117638737 0.982382596 1.38911605 0.236598015
    -0.125907421 0.190661609 -0.426812202 -0.135959834 0.726765811
    -0.106629401 -0.0492023528 1.13481247 -0.21232602 -0.332565278
    -0.234408423 0.896924257 0.0331082046 1.18601489 0.666209459
    -0.392491817 1.14441299 0.0483152866 1.49225605 1.107476
    0.0990593135 0.843506336 -0.419405341 0.607246399 0.542720854
    1.35689688 0.566420317 -0.433957964 -0.343159825 1.15644979
    0.526751876 1.21498823 0.833865047 0.400838792 0.37868607
    -0.18848151 0.885191321 1.05066884 -0.0694502294 0.118095875
    0.139677346 -0.172262162 1.52511966 -0.268180609 -0.428759366
    -0.404415369 1.24787426 1.48950863 0.0180203617 1.17666912
    0.13916111 1.14642632 -0.0216711164 1.23621225 -0.396628439
    0.779838026 1.13111031 0.287452519 0.452761114 0.904456615
    0.397382796 0.00271499157 1.02970839 0.765313506 0.955756783
    1.16764641 -0.191554099 -0.215307802 1.48481536 1.26479137
    1.42697525 1.20042896 0.0304919481 0.558068693 1.22792244 1.02183914
    0.886997879 0.287245333 1.16713309 0.0576025248 1.30994749
    0.530753732 0.917037606 -0.278792828 0.774509907 -0.323662341
    0.389163464 0.0641924739 0.0799273849 1.20677209 1.07857668
    1.20850337 0.272368968 0.299038172 0.0328309536 0.494587719
    -0.340457857 -0.534959137 1.36693025 1.41750526 1.08955145
    -0.337402463 0.23418957 0.854898393 -0.161085933 0.0633658171
    1.43450856 -0.135941505 0.935373366 0.494422853 0.737182021
    0.307579756 -0.275353432 1.12748885 1.20096362 1.51408792
    0.729415596 -0.501932979 -0.367516309 1.24801707 1.21469247
    0.59120965 0.60543704 1.21690178 0.775176466 0.170569777 0.510481298
    1.4017731 0.386327028 -0.305344254 1.36852598 1.07293582 0.49951452
    0.592824399 -0.0111330152 0.755124569 -0.141182214 0.539731979
    0.246207833 0.479196072 -0.377029419 0.305591881 -0.320951879
    0.800448596 -0.416738033 0.776027858 0.607072353 1.40083003
    0.0269216895 1.27716458 0.924319386 0.370977879 -0.103653282
    1.22840643 0.711473703 1.22988451 -0.147158653 -0.111147314
    0.0598191023 0.748642504 0.299685359 1.16729152 1.10609627
    1.26160109 0.480887592 -0.412464201 1.37802982 -0.108939439
    -0.308392704 0.906495392 0.369218051 0.902616382 1.37794232
    -0.364860415 0.606099963 -0.00907412171 -0.0750131905 -0.461880386
    0.679691374 -0.296297967 0.300620735 0.979232788 -0.131868094
    0.216567636 1.14332521 -0.274921328 1.21409917 0.199284077
    0.799520493 0.638552904 -0.274608791 0.571972132 0.884936333
    -0.251652896 1.18878841 -0.399219513 0.0310483575 -0.388969123
    1.55501735 -0.067805171 1.17374682 0.727014422 0.350742519
    0.937378764 0.600922287 0.160911739 -0.365315974 0.65809983
    -0.532649994 0.779340088 1.2756238 0.444217622 0.536979556
    1.17738843 -0.172871232 0.689547658 0.41095084 1.47736514
    0.141305506 -0.41783157 0.747291207 0.552228153 1.53955913
    0.482503802 0.326452732 0.158642292 0.0613341928 0.129260123
    1.18644691 0.398231447 -0.529361427 0.996224642 0.383922338
    0.37198934 0.81719768 -0.0928857028 0.538914025 0.528388023
    -0.148057699 0.656844318 0.223966718 -0.359359622 -0.0293563306
    0.498009443 1.19910431 -0.344930351 0.054384023 1.02635264
    0.56452924 -0.419593483 1.41526377 0.86841476 1.24744439 1.03704047
    -0.331329346 1.37383652 1.46713781 -0.234425634 0.657748044
    1.29971254 0.726324737 0.715194106 0.19923389 0.859552145
    0.113561064 0.694129705 0.412094176 0.154256105 0.00277745724
    0.725665569 1.26548755 0.836862981 0.3682428 0.0691333413
    0.00655126572 -0.12546587 0.870555758 1.32494724 1.4315083
    -0.262769729 -0.056493789 0.925280571 -0.148239464 -0.407581031
    -0.288589984 -0.370725632 1.11710906 1.26036823 0.473784804
    -0.383184016 0.565097928 -0.00858211517 1.4864589 -0.441302627
    -0.275942147 0.0831448734 0.0587897897 -0.170483142 -0.232371077
    1.03814805 -0.318037987 0.281921059 -0.428035378 0.561498284
    -0.0729314983 0.304778934 0.912820101 0.900154114 1.0060668
    0.0595566034 1.28775322 1.27515459 0.0741699934 1.00104737
    -0.22472176 0.859869599 1.33453405 -0.0776472688 -0.191001177
    0.337740481 1.18160129 0.0509181619 0.706799805 0.13555938
    0.574250579 0.321506202 0.183504164 -0.0936905444 -0.0935958922
    0.652751386 1.28770924 0.0301402211 0.443412244 0.5481112
    -0.40856874 0.131673694 1.29186869 1.40017486 0.156862259 1.00787699
    -0.277122825 -0.204895586 -0.0501044989 1.33679032 0.622142375
    0.879954219 0.132324457 0.5684582 1.42266703 -0.334405243 1.14476013
    1.18633568 0.198509812 0.895463467 1.25478685 0.994483352 1.17000771
    1.1795938 -0.311454058 0.151525497 0.905180216 1.24018157
    0.520541966 0.891190588 -0.159021884 -0.413825661 1.16089702
    -0.354911983 0.152676225 0.667851806 1.44075453 0.1323722
    0.819616199 -0.13577646 -0.358205914 1.4372015 0.421114862
    0.844958305 0.79304564 1.27227736 0.267200053 0.882769883
    0.243424058 0.308430672 1.18667364 1.21839428 -0.0571103096
    1.42698157 1.43819153 1.34014106 0.506535888 -0.1601744 -0.463525236
    0.877330244 0.437133133 -0.379747361 1.02793097 0.66767019
    0.823482335 -0.39384836 1.0707469 0.962589502 -0.0625149906
    0.549971163 0.000837028027 -0.075063765 0.560809195 0.446030915
    0.090270251 -0.137353033 -0.0366509259 0.729741931 0.559052706
    0.245132327 0.656312943 -0.0523045659 0.00951111317 -0.367664933
    -0.520447671 0.713982463 1.32838523 -0.280609488 -0.284033716
    0.415215611 0.324018538 1.41900945 0.197744101 0.196878493
    -0.225026637 0.729412377 -0.349783361 1.01229215 -0.251541257
    -0.02141276 -0.2761783 -0.0461481214 1.02642751 0.233674943
    1.25562644 1.3999306 0.132924259 0.380925775 1.37428808 -0.33239615
    -0.303997219 1.33673882 0.269480348 0.634458959 0.205708265
    0.215369463 1.22604442 -0.197370917 0.760499001 0.119055122
    1.03852344 0.254365861 0.207904518 1.40135837 -0.549601197 -0.284217
    0.962281644 -0.288690537 0.590308368 0.525612354 1.28339601
    0.734376729 0.816399634 0.928192258 0.959731698 1.01822329
    1.24468422 0.393302083 0.23803097 0.565620065 0.248572052 1.21845412
    1.37279844 0.690971494 0.868496597 0.30816862 0.36747992 0.67204988
    0.133814335 1.24210811 1.35226607 0.862941384 0.70058018
    0.0101934671 0.122355461 1.44058716 1.02460337 1.33885765
    0.304054588 0.436846554 0.566666186 -0.070350796 0.414471745
    0.183569074 0.94944936 0.0233666897 -0.295483947 1.34946668
    1.50742233 -0.179042816 -0.214062959 0.886585891 0.40918529
    1.14206243 -0.427152455 -0.305230319 0.342362165 -0.0921123028
    1.08720326 0.757558942 0.247953564 0.343996316 1.29468703
    -0.393249899 -0.436758816 0.0349380672 1.48417902 0.86156714
    0.960264683 1.45455313 0.24870649 0.128039956 0.60451889 0.670669734
    1.46280563 0.72833693 0.4297885 -0.376149654 -0.250132322 0.61091435
    0.168964475 -0.115642518 1.08784235 -0.111690551 0.743303657
    0.28919816 1.22006166 0.865208626 -0.269899487 0.612428188
    -0.154444993 1.05941904 0.932442844 1.239254 1.48993015 0.919499397
    1.43082702 0.375404626 0.75620085 0.190728784 0.829284489 1.26044846
    0.421559274 0.704627693 -0.314633012 1.02064657 0.0714142621
    0.286723673 1.05255497 -0.376166165 -0.25729984 1.32943225
    -0.269617617 0.12857157 1.02337933 0.493159115 -0.0231904089
    0.751642346 0.980042458 1.07292795 -0.399431825 -0.355623603
    1.38003087 1.19994271 1.30090237 0.508407891 -0.423838615
    0.631292999 1.21068883 -0.289587617 1.25644803 1.30362272
    0.803822815 -0.221251309 -0.433799565 0.530329406 0.436737418
    0.599259079 0.870654881 -0.263332069 0.0423754752 1.32939839
    -0.0336182117 0.215992987 0.89537257 -0.0788549185 0.786501467
    0.285551786 0.787301362 1.33378577 -0.360192358 -0.247556031
    1.02231538 0.572960317 0.409265012 1.4277705 1.41483688 0.807539165
    0.558255672 -0.373080939 -0.350905061 -0.251684219 -0.184918463
    1.12712646 1.31069422 0.799729526 -0.245122463 1.39960217 0.1656124
    0.0109474659 -0.325182885 1.16174424 0.571405888 0.523450613
    0.405758321 0.890295029 -0.0605982244 0.435616016 0.272234112
    1.16567707 -0.150127083 -0.224899083 0.931177735 -0.407755673
    0.140596092 1.25183201 0.564041376 0.246813178 -0.0815345049
    1.28243518 0.86367631 1.15275908 0.104264081 1.07915246
    -0.0842211545 -0.233849883 1.02979016 -0.0753282607 1.1331495
    1.27072656 -0.156616598 1.41748571 -0.166179627 1.40812588
    0.919665873 0.956442833 0.305502087 -0.319321513 -0.339900643
    -0.285037041 0.222783208 0.132243156 -0.163362175 0.876364589
    1.01643097 0.683125377 0.121959686 -0.376504242 0.621550381
    0.334401429 1.00434518 1.25778818 1.21495128 0.887521863 0.310868442
    0.126252174 0.453045428 1.18847036 0.987183273 0.822535992
    -0.391144127 0.433018327 0.896499276 0.60965991 0.492511392
    1.26029658 1.04850936 1.03269553 -0.50213623 0.870216846 0.91189599
    0.553102672 0.716312885 -0.226312876 -0.174325675 0.0304193199
    0.204803288 1.38474131 0.620010018 0.430082142 0.247021914
    -0.117424756 0.789477706 -0.118823409 0.759084642 0.459227771
    1.20773613 0.120958805 -0.00641059875 1.03432858 1.45310724
    0.00735348463 1.20150161 -0.128508806 0.839108229 0.953715384
    1.39806771 0.775350094 1.13120699 1.02575946 0.549139917 0.338555038
    0.521186352 -0.0684863627 0.637613356 0.389630556 -0.504493475
    -0.263027996 -0.174449205 0.824974895 0.737392545 0.870561779
    0.28254962 -0.233881176 1.0392673 0.137881875 0.0290224552
    1.43900299 -0.266682804 -0.457494497 0.129698813 0.0107722878
    -0.125277191 0.415052831 0.0553182662 1.5116266 1.33785164 1.4320364
    1.26826203 1.48497045 0.0994617939 0.650299728 0.400519967
    0.307145029 1.42903113 1.27291381 0.374911338 -0.419996142
    0.0906581283 1.25667834 0.769593537 0.301272929 1.45300603
    0.52094686 0.432275116 -0.357204139 0.231578588 0.894194603
    -0.0781518221 0.000355929136 1.1503886 -0.220753878 1.18274069
    1.00286782 0.57149452 0.0707898736 0.68591702 0.131264389
    -0.277187109 1.10414362 -0.165080994 1.27321506 1.18798423
    0.048206389 0.776048362 1.21159339 0.025375843 -0.0110952854
    0.518548489 -0.351189792 0.295137495 1.16096926 -0.413696408
    0.268254995 -0.313355267 -0.417301506 -0.28544569 1.23028636
    -0.463625133 1.20761013 1.40054631 -0.451831877 0.339367986
    1.09101772 0.396930605 0.936962903 -0.285398662 0.557209969
    0.642288327 0.171675742 0.998259544 -0.0510058701 -0.156297028
    -0.366351992 1.3700285 0.615768671 1.04848194 1.21820402 1.23604739
    0.784041882 0.0116829276 0.111005187 0.248420626 1.30997324
    -0.290754855 1.41467404 0.375740767 0.210797012 0.224844873
    -0.0657401681 0.916343033 0.0145615935 -0.45910573 1.33639812
    1.31425953 0.610715806 -0.197800189 0.374300003 0.979919672
    0.880770206 0.359173656 -0.0530421734 0.876784801 1.4437027
    0.462405562 0.0998583436 -0.0371407568 1.01880085 0.797745824
    0.541818261 0.64600563 -0.0746761262 0.542348087 -0.264507681
    1.11657095 1.36336946 -0.422864348 0.270956337 0.176817775
    -0.0387360752 1.14170778 0.362449676 0.478226274 0.60993731
    -0.135794759 0.866759121 0.610914469 0.252498507 0.59487021
    1.04248428 1.33886647 0.293839991 1.19380879 -0.0346266031
    -0.280283511 0.254289031 0.377747715 0.0102760792 0.269649297
    0.569824338 1.2494601 0.946665466 0.0900812745 1.00876153
    0.359301388 0.87001121 1.38183939 0.32430318 -0.0148240924
    -0.417733759 0.28326869 -0.215303749 0.890432477 1.08763635
    -0.348409057 -0.22900185 1.10115504 0.559191823 1.39203703
    -0.118604153 0.209374845 0.810795248 1.00900638 0.388045251
    1.27679515 0.46817112 0.519527972 0.987315118 0.793301761
    0.491847932 -0.140840828 -0.396506727 1.05201685 -0.406862557
    0.0757999122 0.146988481 -0.0904407203 -0.0260220468 0.561067283
    0.517444015 -0.0492894351 0.231632888 0.663019061 -0.221570909
    1.09724784 1.39204156 -0.207731515 0.596126795 -0.373153448
    1.29991961 -0.0500729084 -0.405669808 -0.328374714 0.647086859
    1.11692107 1.09968114 1.45601511 0.956718504 1.04239762 -0.143394023
    -0.271761805 1.43909216 -0.0540806651 0.413034379 1.31083393
    0.77335465 1.09404826 1.23410249 1.04511988 1.06302929 0.143886447
    -0.0236885846 0.180056423 0.956976235 0.774597645 -0.23753868
    0.875800908 0.240061432 -0.252743274 -0.0157179832 0.856802225
    -0.464123338 0.533430636 0.604977012 0.999034405 1.25246298
    0.594967127 1.29150081 0.780464172 0.150819838 1.18477845 1.18076086
    0.582724988 1.3531611 -0.361053169 -0.419336289 0.465142608
    -0.142528474 0.627831459 1.17887199 -0.449580878 0.968970478
    0.948704839 -0.0119493008 0.245609403 0.790862203 0.0587061644
    -0.282128453 -0.470552176 -0.463293552 0.386403799 -0.0203680992
    1.42989707 1.49015141 -0.232904553 0.161795437 -0.446758389
    -0.00533181429 1.21131349 -0.0661952198 0.0661602616 1.11000621
    0.789374173 1.22043216 -0.174929082 0.720186114 -0.0641585588
    1.35096836 0.333801836 0.361136585 0.288152337 0.664438486
    0.107081741 0.0968874991 0.767665267 1.28287387 1.4540484 0.23383832
    0.864213943 0.486810029 1.38859963 -0.066162616 0.312091798
    0.574511707 0.461264282 0.894757628 -0.0709164441 0.751655102
    0.733556509 1.18077087 0.725820005 0.224945277 -0.0665557683
    0.780245066 -0.073094219 -0.342499048 0.305256456 -0.363585711
    0.0220908523 -0.20254758 1.10127783 -0.138242453 -0.340049595
    -0.285175562 -0.179621726 0.726640105 0.828746021 1.43721998
    0.901979327 0.362381577 1.19917965 0.0520613194 0.211994827
    1.0802424 0.0731155872 1.45139945 0.904443502 0.669963539 1.16295362
    -0.238039017 0.374628246 0.032618314 0.871487498 0.890545368
    -0.00446674228 1.06394434 0.138077617 -0.437361866 1.37034011
    0.360458791 -0.247259766 0.115391791 0.176804543 1.37345374
    1.2313714 -0.355240226 0.0222239494 1.41336679 0.900676012
    1.28296757 -0.104473889 1.24205756 0.405714512 -0.352279693
    0.73454988 1.51911259 0.523873627 -0.415203094 -0.207343429
    -0.254526764 0.134097695 0.251736104 1.08294713 -0.390562713
    -0.0296789408 0.883379996 0.956790268 1.0608449 1.06252289
    0.683334291 0.0752401948 -0.26245445 0.83547157 0.190622896
    1.4352622 1.28624344 -0.111788779 0.0157181621 -0.489157468
    0.371819437 1.13584971 1.12462425 0.171521664 -0.00860768557
    -0.379680693 1.02129018 0.212240547 0.232469231 0.594534874
    -0.490566611 0.528127193 0.409289777 1.38826776 1.22854114
    0.745740354 0.935220122 0.373396099 0.224543989 0.843992054
    0.362959683 0.985040724 0.97738719 0.266190886 0.707291365
    1.17775333 0.766612768 0.826076627 -0.144096404 0.265359879
    -0.170081973 1.36330485 1.5323472 0.649965644 0.760689795
    -0.359062225 0.915331423 0.920180798 0.98028487 -0.150545895
    1.20393682 1.42841256 -0.0259394646 0.138292789 -0.199764818
    -0.283330262 1.45727611 -0.360582739 1.44350648 -0.316775233
    0.521665215 0.918912172 -0.16584903 1.42124856 1.42888236 1.29147553
    1.00101733 0.164611101 -0.418230355 0.188623905 1.35343826
    1.54867172 0.546513617 0.151157022 -0.093485713 0.624600351
    1.48438835 0.873646319 -0.100276262 1.08116674 0.688897312
    0.76645112 0.381831735 0.163114429 0.341313243 -0.0741938353
    1.39366722 0.98364985 -0.229570478 -0.390587658 0.133917689
    0.237117529 0.317866027 0.415921807 0.599758327 -0.488733441
    0.453363419 1.1525085 0.797727823 0.635005772 0.419658303 1.24367023
    -0.268327653 1.16478622 -0.318410635 -0.4199121 0.2223019 1.41308415
    0.86131829 0.603537202 -0.254221886 1.04062629 0.532828927
    1.24935806 0.430567384 0.140546679 0.59107399 -0.374905258
    -0.330839962 -0.28261885 0.195302129 0.59076035 0.391889095
    -0.533164799 1.30911493 1.13393629 0.0506507158 1.20078003
    -0.144860476 1.38563669 0.302203655 -0.139634281 1.38814926
    0.211598337 0.416735351 1.02897239 1.197119 0.274546921 0.883993149
    0.278094381 0.497592092 -0.184359133 0.698402703 -0.43617326
    0.627797842 0.173330158 -0.12896353 1.23580265 1.45471001
    0.806674123 1.44280767 1.24716747 1.17580462 1.37640786 1.22350216
    -0.462376654 0.814649343 0.252544582 0.373479486 -0.49170047
    -0.166554689 1.25345588 1.42383063 0.202875257 -0.45867461
    1.36599779 0.0630410016 1.51145506 0.122822642 0.248573303
    -0.2137613 1.02214408 1.27511728 -0.294926882 0.654598176
    0.727351785 1.14332318 0.526645243 0.367675245 1.00663519
    0.908074796 -0.42205894 -0.422818363 1.42336071 0.867134929
    1.35175335 1.31965816 -0.440505952 1.22311568 -0.276863098
    1.16614521 -0.0739053488 -0.0172762573 -0.0759483576 0.664745212
    -0.311874837 0.961171985 1.37446892 0.370320618 1.40862668
    0.873014331 -0.391094983 0.915817022 1.42854142 0.604638457
    1.04982042 0.680781662 0.117274046 0.479672968 1.27877641
    0.719816864 -0.0900098979 0.971613824 1.23444438 0.0662466884
    -0.266341954 1.0567832 -0.206684858 -0.397634804 0.939537287
    -0.291351259 1.20599723 0.942970574 0.00281879306 0.806399703
    1.51779783 -0.136957943 0.311239094 0.988805652 1.26225591
    1.34093797 1.20840824 0.379100442 -0.448735923 -0.246772915
    -0.485081851 -0.07217291 0.421438754 -0.24576351 1.00085056
    -0.416881561 0.473860621 0.348261297 0.14466396 0.0510642529
    0.129230678 0.831526935 1.19688535 0.440993786 -0.129020602
    1.02117538 1.39736724 -0.462950647 0.361279547 1.13552189
    -0.468939543 -0.0141430497 -0.393370032 0.714975774 0.41266039
    1.49934077 1.27524948 0.726707995 1.53548408 1.16238117 0.157415152
    1.25332677 -0.0828309953 1.47114134 -0.250433564 -0.16943863
    -0.189384878 1.37549233 0.0484673381 0.149242222 -0.0372063518
    -0.245866537 -0.11613372 0.814417481 -0.289630234 0.513801992
    0.215395808 -0.213081509 0.855249405 0.0240408182 1.05314958
    -0.302776337 -0.2906968 0.646641433 -0.46476534 1.3278079 1.02461672
    1.2616713 0.638094187 0.624701738 1.35546219 -0.326272547
    0.431791991 0.76700294 -0.235473305 -0.032270968 0.983881831
    -0.236661941 1.45169759 0.659404993 1.14492679 1.13013613
    0.548144042 0.577907324 -0.550980628 -0.102603287 1.36519814
    0.0917304158 1.39178872 0.277893662 1.22788262 0.679368019
    0.82398057 0.239187241 0.829990268 1.26081347 0.60607779 0.386167645
    -0.0265164673 0.669935226 -0.18816179 0.916747808 0.934389353
    0.425014257 -0.420282215 1.10698152 0.904125571 0.643810272
    -0.373504043 1.15820837 -0.284150153 1.51596129 0.975027323
    -0.0766645074 0.365142912 -0.121264189 1.37042308 0.0304562747
    -0.0994236171 1.46488166 -0.0553608835 0.245325208 0.870456815
    -0.364298463 0.267691255 -0.0579266548 0.732801139 -0.0833746195
    1.42975485 0.536206067 1.18507028 0.793097496 -0.408509672
    -0.207708955 0.169629216 1.19202256 -0.0966640413 0.530179441
    0.0548549294 -0.239373326 0.3937563 0.873180628 1.40488851
    -0.320222139 0.862037718 1.1772666 0.761196136 1.35891294
    0.503868103 -0.506193161 -0.00693577528 1.12554073 0.949855387
    1.29728901 0.0373271704 0.637788057 -0.0463585258 1.36658096
    1.40020776 0.778246701 0.0461441875 0.266412914 0.358058095
    1.15776086 0.478547394 0.467827857 -0.374237925 0.37648657
    -0.423999161 0.811037421 0.404615372 0.696233153 0.919996381
    -0.170108885 0.0948197842 0.013751328 1.22924495 0.0815831423
    1.25205708 -0.0135210156 0.234956801 1.15854132 0.904111385
    0.376861274 1.22127199 0.518710494 0.86523658 0.812372863 1.15156531
    0.186842382 -0.246407539 0.310579717 1.24695396 0.74390161
    0.99758929 1.30394471 0.147435904 -0.351634502 0.00183287263
    1.23346949 0.437085181 0.096170038 0.892556548 -0.308200479
    0.861608028 1.36435592 -0.418281019 0.293083668 0.203120053
    -0.377521098 -0.233069271 0.242062479 0.683559418 -0.0919733644
    0.338160187 0.26579982 1.46174145 0.167803168 0.777631283
    -0.189025283 -0.290478259 0.331861496 0.55074358 1.30503416
    0.235323399 0.842463851 -0.383307874 0.140124798 -0.342333049
    0.284146309 1.19917583 -0.328138411 0.154108405 0.29377684
    0.318198442 0.433238417 1.52664602 0.623509347 0.505845129
    0.576090157 1.01683223 0.532113016 1.36727118 -0.429847836
    1.32072687 0.496055424 0.394218147 -0.145143658 -0.354937315
    0.90922761 1.00689745 0.812401354 1.24039078 0.347383469 1.06202054
    -0.283671111 1.18705988 0.869062722 0.47431317 -0.152294874
    0.135378152 0.973256946 1.05009115 1.00612593 0.353122234
    -0.18344602 0.12157622 0.510069489 1.06044269 1.4766767 -0.48025763
    1.27597952 0.269900382 0.537188947 0.343152672 -0.220925897
    1.45036817 -0.133875281 -0.445707232 1.28170025 0.581925571
    -0.158962995 0.396063149 1.2277472 0.524922609 0.508014739
    1.19930065 1.15739918 0.848638952 0.603678703 0.364238441 0.45248735
    -0.190545231 -0.0922312438 -0.268289477 1.10177755 1.46669173
    -0.432084024 1.41671252 -0.0430576503 0.934755504 1.05034304
    0.368615806 -0.132397801 -0.301835477 0.865188479 1.2387991
    -0.43857044 -0.273103535 -0.419993877 1.15448678 -0.427629232
    1.39521766 -0.415088177 1.26334834 0.267893195 0.653916538
    1.10679877 0.363676846 1.33288407 0.851014853 0.232349336
    -0.441655934 -0.428225636 0.0460808575 0.67772913 -0.41998896
    1.52745628 -0.0513446927 -0.158600092 0.376454324 0.4412148
    -0.0928835273 0.424237132 1.02711058 0.848742187 0.682963073
    -0.465987563 0.132926464 0.262824953 0.644798696 0.983401179
    0.244430304 1.41578817 1.30837965 1.0025773 1.26110673 0.426968098
    -0.478631824 -0.208155096 0.530366778 -0.283788592 -0.465240389
    1.21792698 -0.121949226 1.38652873 0.294610679 -0.379356861
    1.28290761 1.02648044 1.38758218 -0.231134087 0.643854737
    -0.44707185 1.24298096 -0.04469648 1.1625948 0.284267336 0.27599737
    -0.00411042571 0.523000479 0.59515214 -0.0120666623 1.0143249
    0.775557816 1.32467604 1.32282066 -0.108764827 1.05838406
    -0.240670025 0.93684411 0.739334524 1.45203626 0.957969069
    1.01640594 -0.0213415921 -0.0404642522 1.07876849 0.144643843
    1.20372033 -0.221626133 0.91312319 0.767075002 0.849082112
    -0.0321029723 0.228046 -0.341151178 -0.189169079 1.13213491
    0.799525857 -0.47604087 0.250519067 0.30102402 0.0131657124
    0.950893939 -0.134389579 1.35757685 1.22491026 0.50218159 1.22533584
    0.0786300898 -0.448857963 0.0155472159 -0.366345137 0.576467156
    -0.463894337 -0.0273953676 1.44582891 0.650954366 0.610114396
    0.807911098 0.227649987 1.16068971 0.294031441 1.54371238 1.04076779
    0.182031125 -0.416686833 -0.277558029 1.27596819 0.158860326
    1.51224995 1.28817487 0.927683949 1.11869025 -0.361297965
    0.151825607 -0.0484722555 0.454042792 1.1455251 0.122094035
    1.25050068 -0.452934563 -0.109897763 0.629879236 -0.343357623
    0.223953217 0.742743611 1.45880246 0.0675854683 -0.326556891
    0.761068106 0.0182170272 0.848098934 -0.0660977066 1.11364722
    0.913324952 1.41843247 0.0700666308 -0.306129962 -0.273358345
    0.00607720017 1.01691854 1.21590424 0.697117329 0.949732006
    0.991835594 1.23922694 0.360421866 0.515750051 -0.392249435
    0.33884871 0.493825257 0.50641048 0.922759414 1.31984711 1.39088678
    1.52603817 0.37351808 0.229857028 0.797537446 1.54294705
    0.0832647085 0.830760777 1.38602173 0.493516624 0.865859509
    -0.343411088 1.27557731 0.943480074 1.40643442 1.37367702 1.01805139
    -0.186779708 -0.249160886 -0.495855182 -0.410536438 0.381448507
    1.20281363 0.385769844 1.41000903 -0.434556395 0.382587373
    1.03480041 -0.107058793 0.815512061 -0.431886166 0.928691149
    -0.314562261 1.39572883 0.103561252 -0.282899678 -0.0485224724
    0.910514235 1.33000803 0.941249371 0.837093949 1.0352571
    -0.349975675 0.138595104 0.336930096 -0.312533438 1.50794673
    0.265074372 -0.355656147 0.360800326 0.851907849 1.25941718
    1.14076328 0.42927146 1.51567268 0.729002416 -0.273454428 1.40119529
    0.263408214 0.805139959 0.61049515 1.32084084 0.634974241 0.50799644
    0.440999031 1.1821537 1.15127242 -0.0662835836 0.861392915
    0.309915364 -0.484307498 -0.248070776 0.466885448 0.456365496
    0.400419474 -0.210649699 1.10715592 -0.398756802 0.786559522
    1.49244738 -0.161555201 1.30109918 0.50524044 1.0701642 1.19992328
    1.45004666 -0.304833442 0.0569411814 0.979130507 -0.30345419
    -0.186004847 0.629408121 0.136745185 0.649807096 1.48383904
    0.630361199 0.915863812 1.11809587 0.760344148 0.723148286
    0.721696854 0.969908834 -0.252776444 0.402489781 -0.242959931
    0.189841568 -0.180557609 0.304608464 -0.238267437 0.713044524
    -0.0456983745 0.494664192 -0.460565388 1.24409902 -0.303958714
    -0.412334144 1.10590363 -0.489020586 0.497668862 1.09451199
    0.843168676 1.35711455 -0.0401294231 -0.248767704 0.317876458
    0.910894275 1.20984674 -0.479920387 -0.273347795 0.101570189
    0.558677077 0.171685398 1.3671844 1.17858052 0.954228342
    -0.442549497 -0.0462172031 0.333104014 0.22264725 -0.16407904
    0.0966490507 1.29354167 -0.0564968288 1.43759573 -0.268242151
    -0.359164536 0.0349658728 0.911661685 0.454768509 1.28902245
    1.03894758 -0.0299630165 0.514457703 0.895826936 0.320591569
    -0.318571717 0.654911995 -0.0607184172 0.370344281 0.482016027
    0.697611511 1.41866708 0.129902065 0.266960502 1.33813345
    0.0113269985 0.125704885 1.38918722 0.267341137 0.874580085
    0.979414582 1.12786639 0.671370625 0.544092596 0.393569946
    0.388121247 -0.180867046 0.45757997 0.178814173 0.948870063
    0.958340108 -0.0418170094 -0.447723359 1.30420077 0.869645417
    0.410153329 0.200737953 0.35795778 0.0810859799 0.0612695813
    0.575317681 -0.254041076 0.277405679 0.868901491 1.19971871
    0.187287211 1.47931349 1.02331316 0.809511662 0.00683674216
    -0.0920865238 -0.504541218 0.296486855 -0.39792791 0.800322771
    0.624581218 1.37185168 -0.0253368914 0.287057787 0.89447552
    1.41360652 -0.113491088 -0.0716931522 -0.205519646 0.845667958
    -0.335069388 0.757800519 -0.0926769972 -0.0279282331 0.731832504
    -0.197637707 -0.0133339167 1.18343663 0.141766518 1.08132958
    0.873268127 -0.174314588 -0.1229963 0.138962567 -0.4460783
    -0.0916124582 -0.346322596 -0.276847839 -0.25907582 1.30417633
    0.339197993 0.00995624065 -0.427250683 0.950508535 1.47300935
    0.988956928 0.110532135 0.926650941 -0.226285219 1.40933323
    0.804654241 0.706941128 0.0489516854 1.33587921 0.284614921
    0.210062504 0.388181478 -0.11056751 -0.329004288 0.244331658
    -0.308396757 0.629844189 1.2412113 -0.33567211 -0.4057841
    0.0133094788 0.746187687 0.640292287 1.09517097 0.570834339
    0.118012965 -0.0569981039 1.03920925 0.368997037 0.191195488
    1.4053185 0.57402581 -0.487480551 0.997649968 0.788440287 0.17272377
    -0.54694432 1.38449025 0.49932009 0.122843266 0.985579967
    0.367068529 1.19481111 -0.423580408 0.837937951 0.263600349
    -0.0840974152 0.62075305 1.20597672 -0.162466109 0.868144214
    -0.349674761 -0.323710144 -0.118210673 0.0431996882 0.347215891
    0.71472615 0.880559742 -0.204357237 1.13685274 0.65634656
    -0.223569632 -0.187074989 0.397481948 1.42431438 1.07149601
    -0.313172758 -0.402001798 -0.30548501 0.530947447 0.827152371
    0.352230191 0.517944038 -0.0409175754 0.830820739 1.34244335
    -0.290126622 0.502504945 0.98759675 0.753209472 0.0517543554
    -0.14076674 0.596288145 1.21161437 0.533595562 0.712943971
    1.17873883 0.11381048 1.42235959 0.0914525688 -0.111869276
    0.530138373 0.461167276 0.152276635 0.147625446 1.45913935
    0.82745713 0.990131974 0.0099285841 1.08878422 1.48556685
    -0.352745324 1.44717693 1.00872862 0.0532573462 1.01980925
    0.885576963 -0.0778133571 0.360141546 -0.418652683 -0.13576299
    0.485356748 0.0688108802 1.23454213 0.749648511 0.941846251
    -0.518177629 1.445665 0.924015641 0.772662878 0.621320844
    0.0121678114 1.38820517 0.74848336 1.41751647 0.50111258 0.338000208
    0.260196537 -0.250814617 0.247684181 -0.0747401416 0.805215776
    1.31167126 1.35608125 1.29012501 0.501200616 -0.0491266251
    -0.480693966 1.40129042 0.797472656 1.09291637 1.25855064
    0.323052168 0.906243682 1.45362091 1.29108381 0.908871412
    0.679152548 0.156330347 0.502579629 0.693840921 0.46618408
    1.14337111 0.145862162 0.393141448 1.31832361 1.26129615
    -0.118765265 0.169322103 -0.396458745 1.22212434 0.727981925
    0.4937343 0.82755208 -0.313892186 -0.312653184 0.737764537
    -0.342736244 1.43998384 0.604691625 0.448407352 1.45476973
    0.518063128 1.12266028 0.80419457 0.779553831 0.850903153
    -0.234519854 0.448912293 1.26701605 0.242241293 -0.407215476
    -0.325365543 -0.457227141 0.601572573 0.566182375 1.37842131
    -0.0578985214 -0.247716427 0.878842592 0.211638153 0.485324562
    0.506600499 1.22477198 -0.260076523 0.22750175 1.02187729
    0.676502049 0.350834548 1.21233511 0.594987929 0.861968994
    -0.378635317 1.37556219 1.04334903 0.415063232 1.17961025 1.44242525
    0.270561874 -0.150019705 0.998470545 0.797306359 0.0944965482
    0.111717284 -0.252754897 0.885045052 1.4337343 -0.265649617
    1.00473511 -0.476664573 0.067110002 1.5165391 0.346170664
    -0.210513473 0.749414802 0.344337612 1.10188103 1.39523888
    0.568858743 0.0849635005 0.839290619 0.146724761 -0.374562591
    0.420917869 0.654135168 0.859970748 -0.16184172 -0.282986075
    0.692224324 0.401121259 1.04570353 1.44804382 1.21121895 0.134039283
    0.0568347573 1.48761487 0.771255672 0.234577894 1.10376036
    -0.0762552917 1.26665211 1.4036212 0.547532022 -0.134709895
    0.612258494 -0.3921206 0.383083642 0.649264991 1.30908692
    -0.182617217 0.469593406 -0.0947851837 1.35059524 0.407747328
    0.956605911 0.806108832 0.383138984 0.292848498 0.64064908
    0.093041718 0.380847454 0.188096642 1.22336626 0.75140518
    -0.0341322422 0.242693722 0.879751861 1.14207363 0.439989597
    -0.410596669 -0.407503545 0.609829187 -0.387603223 0.0557742715
    -0.139171958 0.280008793 -0.239030153 0.744201481 0.871003628
    -0.0464256406 0.833216071 1.12644124 -0.340454876 0.0566623807
    1.08324432 1.27184892 -0.163387686 1.44986105 -0.00354242325
    -0.0720492601 1.1713866 -0.102548987 0.152796179 -0.389562428
    0.977877259 -0.124481976 1.37221277 0.192159742 0.406867445
    -0.340280205 0.983021379 0.61022073 0.175380945 -0.152941316
    0.749921978 0.122318983 1.15352643 1.48285842 1.28366542 1.34815395
    0.437393963 0.621174157 0.0813752413 1.44560993 1.17371917
    0.179814547 -0.317937732 0.0807981491 1.06685162 0.567478299
    1.48938417 0.0203071237 -0.0590762794 0.123229086 0.616303086
    0.00177294016 1.16321063 0.383743286 1.24773049 0.496956706
    -0.152339548 0.0839128494 -0.46207723 1.01097202 0.610295951
    0.460796118 -0.387214363 -0.263528377 0.689305723 1.04300332
    -0.299272716 0.345136404 0.0783889294 -0.17117998 -0.0415721834
    -0.111171484 0.759727538 0.0951590538 1.22325659 0.764679074
    0.639626741 1.44032693 0.164085388 -0.176886439 0.596473932
    1.16338921 0.808537662 1.24153769 1.12568998 -0.333545923
    0.562832057 0.693236709 0.770192266 -0.0716468096 0.877586126
    -0.0739330649 1.33713901 1.26548624 0.811259925 0.61255765
    0.393741637 0.323070884 0.73372066 -0.313317657 0.96679455 1.1485424
    -0.239219874 1.37521303 0.86930114 1.27591395 0.742907524 1.35870838
    0.232878685 0.77159059 -0.220571607 -0.436060309 -0.46091795
    1.22987509 0.0600526333 -0.244167387 0.916220188 -0.256500512
    0.256389081 0.0699914694 0.0809123516 0.0865300894 0.629022121
    1.42880225 1.06749845 0.929645002 0.643823624 0.346049666
    -0.141192466 1.15274155 -0.204910934 0.542902291 0.483473182
    1.0677681 1.17596173 -0.205915064 0.245774269 -0.193685591
    0.154473186 -0.253401846 -0.314945996 1.16137791 -0.137718052
    0.0776710808 1.39758742 1.50953448 0.251275271 -0.200701565
    0.632907212 0.630151749 -0.435425729 0.764047563 -0.389068574
    -0.340134978 0.208187044 -0.142469168 1.16764772 0.498129547
    1.13206971 1.11944139 1.07035208 0.0785788298 1.17171502 1.15251732
    0.425639391 0.420136511 0.805173993 0.843806863 0.578945875
    0.42253679 0.574754298 1.18573785 0.639052629 0.137613773 1.01566648
    -0.411430538 1.14056659 0.103243351 1.46449113 -0.295573056
    -0.12484464 0.928167224 1.24681342 0.384836853 -0.28459242 0.06171
    -0.108341813 1.36509645 0.67117393 -0.259626985 0.461407542
    0.42125535 1.43252397 0.489079237 -0.348932445 -0.0634897947
    -0.218940407 1.45530093 0.405494094 0.786670208 0.482537359
    0.798465252 0.293104231 1.0597682 0.617067933 0.204039574 1.07645011
    0.774213076 -0.174431533 1.37076449 1.00688887 0.181515515
    0.515547037 -0.183584005 0.0739198923 -0.063070029 0.392634332
    1.16708994 0.116280138 0.371860087 0.840216517 0.653786004
    0.720328033 0.0325868428 0.171099812 -0.0977482796 0.173038274
    0.331257105 -0.158248991 0.742192149 0.874094605 -0.414066762
    -0.458096355 -0.193055779 1.34651101 0.451569319 -0.199944198
    -0.276680827 0.503360927 0.0512949228 1.25556159 -0.0798521638
    0.984573245 0.352517903 1.01167297 -0.0446456075 -0.138488531
    0.0903544426 0.613628507 0.101340473 0.144703954 0.755647421
    1.41597414 0.229128838 1.12487805 0.208252549 0.950131416 0.31871438
    -0.287907481 0.671199203 1.31637573 0.408409178 0.0715523362
    -0.389844 0.98089534 1.19393909 0.762033403 -0.183609992 0.153878152
    0.894091249 0.579056621 1.54578161 0.237513423 0.234839708
    0.161246508 -0.402952284 0.993107319 -0.196101695 0.387710452
    0.781247735 1.02442157 -0.0180507898 -0.367370486 0.21314162
    -0.375438869 0.423496127 0.586678803 -0.0616972744 -0.328321934
    0.159735501 0.131712317 1.0756669 1.37641144 -0.167696744
    -0.325597644 0.34174639 1.25587225 0.113956153 -0.303487033
    1.42843676 0.789379716 -0.249790102 1.27311027 0.765428185
    -0.472751021 -0.381870985 0.883092344 1.05879235 0.770016193
    0.374772847 0.302814424 0.381717265 -0.107992768 0.00661814213
    0.0370821953 1.11243808 0.634387791 0.075717777 -0.212362647
    0.697205007 -0.517676413 0.62124759 0.337617934 1.35174251
    0.713270307 0.417252719 0.770143926 0.170174778 0.419288397
    0.589773893 0.440728307 0.278503597 -0.443811238 0.0233712792
    0.18793267 -0.243237555 0.143574119 0.0773453712 1.0797677
    -0.132243872 1.07007432 0.767021775 0.615688324 -0.155107588
    0.186941564 -0.0799330175 0.0560124516 1.34423113 -0.44468382
    1.44096529 0.469488859 0.498022288 -0.216928944 -0.0370852053
    0.986679077 -0.353722841 0.793006659 0.92339474 -0.147240937
    0.42692703 0.79646486 0.910437465 0.960492611 0.351840973
    0.275419474 0.844704509 0.935718894 0.369239688 -0.376859725
    0.894835949 0.760328054 0.053933382 1.12305522 0.777978539
    1.47958922 -0.107562155 1.04962492 -0.0381182432 0.297646165
    -0.297156125 1.31521082 0.58191371 1.08073819 0.116253316
    0.430199504 0.118119359 1.00460792 0.827660799 1.00014234
    -0.464450002 -0.164893836 1.29957843 0.53713131 0.506924152
    1.19944572 -0.397285819 0.269323856 0.527633667 0.489331603
    0.103616506 1.43718874 0.234366745 -0.282228529 1.05740142
    0.934035838 0.481703162 0.951069713 -0.00155344605 0.628556788
    -0.0307381451 -0.428485304 0.00825041533 0.263881296 1.1408
    0.669330299 1.37396634 0.162193537 0.0889590979 0.453133762
    0.271326363 -0.0992624462 -0.0199020207 -0.0670768917 -0.355368018
    1.42060852 -0.195603132 0.203306735 1.00891376 0.465609729
    -0.146936864 0.0806991458 0.911638618 0.0513141751 -0.324739575
    0.0469217896 0.818469584 1.24035096 0.271597564 0.985003114
    -0.430272371 -0.249002501 -0.247026548 0.202477723 0.607364893
    0.39886114 0.115014791 1.35595703 0.734793007 0.108987391 0.42972064
    1.43458176 0.39489603 -0.240371525 -0.0171222091 1.16014194
    -0.127723068 -0.31854564 1.5030793 0.700789511 0.585588157
    0.223578811 0.660668552 1.49364376 0.572148085 1.32436895
    -0.194942445 -0.253858 1.45477295 0.671140671 -0.167988122 0.4314394
    -0.323066354 0.869031608 0.37930271 0.472877979 1.04322934
    1.40358388 1.41845226 0.0628214478 0.824159622 0.818102479
    -0.0174132288 0.525308013 -0.439237416 1.44930947 0.64355433
    0.39963311 1.18201494 0.564354479 -0.144692957 0.892797649
    -0.376515716 -0.255961776 -0.44506821 0.392660618 -0.038677305
    0.801313758 0.357521236 -0.36758101 0.441330194 1.33370757
    1.33511186 -0.0775985122 0.634719253 0.866172314 1.42610884
    1.06529665 1.06577241 -0.371391833 0.740983486 -0.137138247
    -0.125256032 0.699679077 1.27934074 0.059538424 -0.327521175
    1.26464844 0.366800308 0.0207276344 0.099934876 0.236657977
    0.626853108 1.10158634 -0.36197412 0.278238654 0.723540306
    -0.207879722 0.503886223 0.493549645 0.0237852037 -0.273923934
    0.514578998 1.47628999 0.358172983 0.593557358 -0.129777342
    -0.18747814 0.0684022009 -0.229981378 -0.0490114987 0.335148066
    -0.0488235056 0.600964546 0.413665116 1.52414858 1.02629733
    0.252509117 1.0923357 0.339074969 0.970328808 0.0740238428
    -0.074105382 -0.468808174 1.20664907 -0.473390639 0.992082894
    -0.155511796 0.466343582 0.0265141726 0.285705388 0.906039655
    1.21733522 0.760436475 0.792345941 1.18344605 0.940449297
    0.668250978 1.33349419 0.0898262858 0.848430753 0.197829217
    1.00318074 1.24133718 0.3067922 -0.191894829 -0.43357107
    -0.516972423 0.092279315 1.23599851 0.0851589441 1.13682914
    0.809349418 0.141710818 0.223692 0.0257164836 1.09327996 0.248633444
    1.18255997 0.285714626 0.940849543 0.200672895 0.953489125
    -0.112411499 0.146521926 0.258114934 0.244440556 1.41463733
    0.547486365 -0.367931366 1.03785849 0.106256574 0.348027676
    0.404080063 0.78809911 -0.377538204 0.959503591 0.685931206
    -0.240372598 0.650633693 0.619958341 0.648916602 0.250001609
    1.30678678 0.704081893 0.960005581 -0.233538121 0.991763771
    0.209736884 -0.484472007 0.525336385 1.46391082 0.68251282
    0.296843946 0.967983186 0.309912324 -0.429533571 -0.218637586
    -0.0388810337 0.210193932 1.02535653 1.2092849 -0.302859426
    1.13600159 0.0332035422 0.280271769 1.40831041 0.378644824
    1.32807279 0.271274984 1.25207567 0.710648537 0.530963361
    -0.370647848 0.865107775 -0.174548239 0.187697768 0.660489798
    0.749043643 1.50714934 1.19324934 1.152349 1.05918729 1.03515887
    0.332773983 -0.0203536749 -0.24402611 1.37628675 -0.269740164
    -0.192427695 0.940096319 -0.278175831 -0.450788409 1.34692061
    0.134034544 0.227804482 0.552038372 -0.105603248 0.885736763
    0.105239987 0.353123963 0.144973278 1.45666027 0.198775709 1.1557703
    1.12817395 1.21319127 0.422302425 0.416147113 0.238866925
    0.0332503319 1.34815478 0.480858505 0.767254114 1.37108231
    0.637893081 0.883446634 -0.202723503 -0.088165164 1.36600637
    1.11148047 -0.135541707 1.42085648 0.441105962 1.35022032 1.40100026
    -0.251406372 0.987477779 0.238419682 1.41729248 0.966783524
    0.384073704 0.616441011 0.989250839 -0.169430524 1.08209133
    0.46897164 1.07130337 0.407407045 1.22237539 0.104103267 0.482763708
    -0.0086311698 1.2282747 0.246566892 0.449073613 0.253177673
    -0.215593398 1.49055827 1.01282001 0.38687852 1.00458622 0.328504086
    -0.279293716 0.888842583 0.0425851941 0.477153003 0.254653752
    0.299046278 1.28797662 1.0133059 1.3891232 -0.244771838 0.510224462
    0.89465338 1.21003962 0.282807946 1.36873877 0.672758341 0.799332619
    0.151662737 0.405962288 0.70506382 -0.267547786 1.41243458
    0.0510227382 1.003268 1.21192741 0.250470161 -0.124036759 1.07981491
    -0.279161632 -0.211927846 0.307305306 0.79066813 0.820666313
    0.728115797 0.540131927 0.812665462 0.615001202 -0.0215203464
    -0.419946849 1.05357444 0.128570229 0.0903880298 0.496411681
    0.00984328985 0.271236867 1.15033054 0.973098159 -0.0534376204
    1.43367922 1.3353014 1.14208519 1.497087 1.16982317 1.04879308
    0.602233171 0.295157492 0.79654187 -0.44363451 1.08517027
    0.688875675 1.26287341 -0.172639519 -0.436827004 1.46746743
    1.1578095 -0.00811395049 0.605851531 0.471505135 0.295693189
    0.76969111 0.328331053 -0.211668953 0.220429927 -0.173464403
    0.361159593 1.36728358 0.152764499 0.362392187 -0.219064325
    0.0375860333 -0.461286545 0.624698997 1.34278977 0.727310896
    1.12058353 -0.392016351 -0.0727675855 0.133050233 1.41163516
    0.672407508 1.3434056 0.712379932 0.472395301 0.207966864 1.32120275
    1.07228708 1.12290037 -0.476387501 0.797561705 0.324617267
    -0.124922663 -0.307018965 -0.148228437 0.240953624 1.19324625
    -0.0444547236 0.716842413 1.01533556 0.301227689 1.24529576
    1.03336525 1.47068024 1.16743588 0.859586596 1.20189536 -0.407973409
    1.39115524 -0.0126165748 0.804186404 1.08035421 0.272929251
    0.118387938 0.512320757 0.421067387 0.711583018 0.865127921
    0.011639744 -0.158845335 0.267170012 1.17870712 0.618713081
    1.40637875 1.04956985 1.46736538 -0.400799453 0.97449559
    -0.467417121 0.413734585 0.022048533 -0.470211625 -0.107354969
    0.135949671 0.285535067 -0.26829648 0.213182956 1.30230594
    1.27331519 0.556662619 -0.256749034 1.4574573 1.40762007 1.16537619
    0.661239624 -0.503966212 0.447793305 -0.0645410419 0.828092217
    0.191645771 0.110065579 0.397781909 0.716601074 1.20787394
    -0.408912987 1.31956553 0.771339715 0.0489730239 1.03394639
    0.628062546 0.273407459 -0.389143467 0.183435321 0.90020752
    1.48531055 -0.251208633 -0.348988891 -0.479639769 -0.398826897
    0.632999599 1.45159507 0.984602153 0.309629917 0.23326093 1.39922523
    0.203968585 0.0602894425 -0.101100087 0.227077961 1.39491534
    0.38377142 0.361735225 0.350148737 -0.352740735 -0.324157596
    -0.417903602 0.0459612012 0.993004501 -0.375976354 0.19393599
    -0.250285476 1.11807621 0.702582836 0.489577204 0.423128515
    0.622376382 0.536136925 -0.462578624 0.658131719 1.24083936
    0.638485014 0.922525823 0.864058256 0.709142506 0.456817865
    -0.315172434 1.1291312 0.242772996 -0.442166388 1.42298698
    0.342006683 0.978238046 1.18744874 0.450258732 0.554369748
    -0.0768455565 0.447741807 0.526718974 -0.248015419 0.605077744
    0.242143035 -0.0220629275 -0.179847956 0.865637541 -0.236779213
    0.594469666 0.715914369 0.447608232 1.10739934 1.49006796
    0.138262182 -0.0631973445 1.37618756 -0.0305324495 -0.150983572
    0.740087271 0.761731744 0.0436482728 -0.282717764 0.521027923
    -0.0664263368 -0.465549588 0.472952783 1.41969013 -0.0566221178
    -0.0085542202 0.721190929 -0.350347459 0.663581073 0.693844795
    1.52871561 0.429292858 0.638041973 0.933435977 0.844977319
    0.534788847 -0.246923536 1.42696619 0.747612596 -0.386931002
    0.831343174 1.52849531 0.168517023 0.382668346 0.346085727
    0.763124704 1.51856542 -0.359288484 0.940692186 0.518428087
    0.236066252 0.840415478 0.810057998 0.904310942 0.631926537
    1.38283491 0.626859784 1.21339691 1.31538332 1.07115173 0.842959285
    0.884709358 -0.478809536 0.620189548 1.19626427 -0.333645374
    1.0013814 1.32872462 1.18466413 0.368442506 0.408061206 1.0582186
    -0.224388152 0.411642283 1.2210288 1.14628696 0.166850567 0.15413934
    1.25042713 -0.168499231 0.00189524889 -0.0622538328 1.41063285
    1.36516058 0.640067935 0.484520853 0.112200826 0.137055188
    1.11901677 -0.124276847 0.777557731 1.12689126 0.986840367
    0.841384292 -0.46294874 0.944743097 0.781964302 -0.0801397264
    0.335697681 -0.236944348 0.404222965 -0.126630664 1.55896378
    0.674512863 0.399461895 0.0239443481 0.566240132 1.40008187
    -0.521251202 1.27498841 0.414691687 1.07048035 0.0264518261
    1.25720155 1.37591195 1.37925744 -0.483025432 0.339275241
    -0.45036304 1.09352314 0.703560054 -0.380953252 0.482224584
    0.823930442 0.795859694 1.00984871 0.87902534 0.140665203
    0.976527929 0.47471121 -0.420218378 1.35716689 1.42417228 1.13973927
    1.06319797 0.0351507068 0.938133001 0.759889007 0.794419169
    1.18904305 0.958698332 0.0422604084 -0.490979582 1.26257849
    0.466437072 1.06133115 0.560933828 0.121290475 0.377063811
    1.42164969 1.40674996 1.19540358 -0.263160408 0.254991829
    -0.126881719 0.952198327 0.892272234 -0.0295944512 0.286766887
    1.13243926 0.595849633 -0.0135308802 1.10580039 1.46331203
    -0.275159925 -0.242515624 0.743105352 0.22480002 1.20454609
    1.33212996 0.871322513 -0.313254595 0.490455925 0.399212807
    -0.40869531 -0.0396848321 1.22142041 0.587486088 -0.516559422
    0.807332337 -0.0260466337 1.29120612 -0.322276473 0.848958492
    0.825543404 0.20475167 1.19278502 0.722539485 0.649230003
    0.683015227 0.335636497 -0.0998215377 0.962127745 -0.309341908
    0.916602135 1.02385259 0.326053202 -0.097587496 1.07947206 1.1911422
    1.23857021 0.168454528 0.40443188 -0.0909752846 1.34370363
    0.525961459 1.08662999 0.566032648 0.581972003 1.08849216
    0.885737121 -0.0448228717 -0.00112390518 0.096365869 0.546882153
    -0.454786241 -0.311478972 1.14897895 0.376492172 0.453033417
    0.0494329035 0.653363824 1.12353492 0.495275676 1.04974234
    1.53907633 0.000274986029 -0.35571757 1.17586064 0.898732185
    -0.182576567 1.26632214 0.70383811 -0.000991463661 1.29784632
    -0.0816667974 0.157703698 0.53210479 1.23392975 -0.409756392
    0.471590817 1.42947674 0.310688555 1.30289972 1.35816669 0.698727846
    -0.440025568 0.205579877 -0.0501189232 1.23959661 0.0380267501
    1.38973665 0.656124115 0.845195532 0.806495249 -0.400164336
    1.01909816 -0.366344929 0.408184648 1.48081803 0.13060987
    0.590739012 -0.337582886 0.250518709 0.550104141 -0.201741964
    1.52774668 0.694619298 0.147371531 0.977647185 0.3464517 1.50585961
    0.179844141 0.778117359 0.627821207 0.830924273 -0.399516195
    0.065258801 0.0445171893 0.0330450535 0.821689785 1.41693473
    -0.432070255 0.369861841 0.137220293 0.756599307 0.347494841
    -0.156021565 -0.203075111 0.957457542 1.31073356 0.0912911892
    1.08180165 -0.515707731 -0.0588829219 0.761838138 -0.127313524
    -0.227367014 -0.151021779 1.25655055 -0.305978924 0.751937687
    0.607699513 0.282428533 0.0291885436 0.154340386 0.103151053
    1.28775692 0.98761034 0.0766758919 0.172193617 0.170496315
    1.09554172 0.460871279 1.5201596 0.895737588 -0.343436122
    -0.06924963 0.0937178731 1.36347628 0.301226586 1.20696425
    0.798225999 0.638043106 -0.245963052 -0.490485996 1.08772314
    0.967057109 0.535255432 0.916466594 0.886249959 -0.540403664
    0.678123057 1.32796741 0.496618271 1.40043306 -0.508740842
    -0.251997828 -0.0905865729 0.534267604 -0.163986176 1.3347373
    1.05858004 0.54359448 0.145243287 -0.333932817 0.97904557
    0.244405448 0.0444719791 -0.0761082768 1.25977719 0.358386487
    0.745473146 -0.281256676 1.21426713 0.571294546 1.18220854
    0.426406443 0.448876262 -0.203916639 0.878938913 1.3057096
    0.740766823 -0.4578318 -0.375275463 0.172699809 0.691640139
    1.39834929 0.691393793 0.412955523 0.570967793 0.573752165
    0.922468662 -0.197453201 0.0534411073 -0.0730634928 -0.24144417
    0.939634621 0.036650598 0.83734858 0.405231893 0.927186251
    -0.414754927 0.168928236 0.278324544 0.0467357635 -0.0491687059
    -0.258584261 1.00283158 0.390087336 0.926329017 0.0935173035
    1.05964124 1.20005429 -0.209573984 0.505818844 0.973377168
    -0.236929476 1.15041161 -0.385720372 1.39975441 0.9668504
    0.750291526 -0.418780029 0.724975348 0.976565003 0.284231335
    0.29466182 1.06125283 0.191663831 0.972027183 -0.0617445111
    0.248045266 0.756950557 0.190503597 -0.435813576 0.311723113
    -0.0601857603 1.35847509 -0.0827697814 1.00454581 0.146269768
    0.29403162 1.25996757 -0.0223011374 1.40707541 1.31904864
    -0.382326782 0.51845181 0.855528235 -0.275200009 0.917907357
    0.605728805 0.247452557 1.45742154 0.518979907 -0.0956411362
    1.07199264 -0.33514291 1.33328629 1.21161139 0.550884902 0.438146681
    0.237807274 0.0600811243 0.0500552058 0.215988517 0.17222172
    1.14373469 1.16674864 0.809406579 0.620724916 0.681147099
    0.979441881 0.259304464 0.579850256 1.05625033 0.749902308
    -0.330350727 -0.456227213 0.410738707 1.24322319 0.878934562
    0.914709032 -0.281823784 1.27768207 0.245830536 0.0306771994
    -0.0301034451 0.871776998 0.424371004 0.836518347 0.9066751
    0.397896767 -0.025724858 -0.412561834 -0.253912032 1.47799516
    1.05867386 1.30206788 1.15091002 0.357973158 -0.200916052
    0.768995643 1.34379089 1.24449885 0.67776525 0.588288009 1.00109196
    -0.0470302403 -0.285147041 0.835647762 0.926595569 -0.381399274
    -0.0290087759 -0.177743345 0.110911846 0.801021695 0.727420807
    0.169462383 0.461940408 1.04107952 -0.0974873602 0.306023359
    0.255223393 1.29764771 0.23987335 -0.0116603374 0.0121702552
    -0.159569412 1.15922165 0.412233055 0.515076876 -0.118497849
    1.31217909 0.247259855 -0.0576589108 0.725929081 0.568947673
    -0.402124912 -0.0134689808 1.25503755 0.276472449 1.06551087
    0.348299116 0.032505393 0.0563113987 0.482226133 -0.109004229
    1.41897488 1.13217437 1.29305565 0.253263414 0.966458976 0.306776762
    0.0366246998 1.23261857 0.432300925 0.705574393 -0.390324742
    -0.0376226008 1.44711542 -0.0453933775 -0.142572343 0.736601412
    0.0349297523 0.349570215 -0.0298605859 0.196088612 0.325992763
    1.07514489 1.02693284 1.41477656 -0.45240137 0.822557092
    -0.081766367 0.763319492 -0.399517655 -0.127592027 0.0812397301
    -0.193802923 -0.284112334 0.1710715 1.01251316 -0.178423315
    1.24011087 -0.397811294 -0.0800958276 1.04976583 0.53909409
    0.882095933 -0.249325126 -0.33736974 -0.0648369193 -0.29236269
    0.101455659 -0.209217668 0.0213080645 -0.507966816 1.19453144
    1.27430391 -0.384191453 -0.0681897402 1.45806718 1.27791417
    0.735045016 0.847909451 0.86454767 0.37037468 0.182067931
    0.326993048 0.414490819 0.867493868 0.0252524018 1.247334
    -0.461716861 0.119613051 0.94206059 0.011903584 0.407227993
    0.148214579 1.14086258 1.28909516 1.24180055 1.17985785 0.0128368139
    -0.00561660528 1.22920048 1.01617908 -0.209960684 1.37735474
    -0.379770339 -0.163202375 0.386011213 -0.348284781 -0.438884258
    0.296048254 -0.215461403 0.718231916 1.46514452 -0.0545261502
    -0.507704616 0.0341485739 0.628480494 0.910743654 1.28873277
    -0.155113161 -0.00474065542 1.1143223 1.13095951 0.360637009
    1.22962487 0.463305831 1.43732631 -0.0388852358 1.06873 1.09495258
    0.628510773 0.248209417 0.0595281124 -0.453963816 -0.18143332
    0.955222189 0.266744673 -0.0381224155 0.656088889 1.32151234
    0.0144100785 1.24799597 0.299892306 1.47093785 1.06115413 1.24712777
    0.769168973 0.0349600911 0.156586766 0.159247518 0.384849638
    -0.206170142 1.00360203 0.682702661 1.27301097 1.40418327
    0.528821945 -0.240276247 0.9480142 0.121688187 0.31974417
    0.226291031 1.16365099 1.03782392 0.114869118 0.179098904
    -0.422209918 -0.122417659 1.01038039 1.0256424 -0.329166025
    0.826261461 0.828111053 -0.11552757 -0.267417252 1.32964432
    0.231630236 -0.22290197 0.882269263 0.472566307 0.675492287
    -0.420360744 1.28647733 0.718922019 0.287532032 -0.508066356
    0.205801308 -0.286341935 -0.0112036467 -0.157127768 0.556769967
    -0.156442493 0.256534994 -0.408488631 0.325328708 0.479068577
    0.712950528 0.372648954 0.823836505 1.04816651 0.0156234503
    1.41838026 0.51831919 1.3613708 -0.330690593 0.549879372
    -0.497259796 0.632210612 1.01237404 0.626185417 -0.205784142
    -0.493142426 0.378536344 0.801078916 1.17610145 0.555448353
    -0.486219823 0.330182612 0.0512984395 0.707453549 1.15647197
    -0.164080411 1.50174594 0.2430861 -0.157587886 1.28583992 1.17362845
    0.702431619 0.455333889 0.216723979 1.1274817 0.160162181
    0.799974501 1.42882919 -0.0871290863 0.913911343 1.15173531
    0.674704432 0.0743405223 0.162438333 0.688976109 0.103284836
    1.30173445 1.06354403 0.889338434 1.01952028 0.7039814 0.236844599
    0.174357176 0.715815306 0.361258388 1.35966372 1.34421968
    0.678911388 0.720578671 -0.288441986 0.926309526 0.373737335
    1.1789217 -0.0114499032 0.377383947 1.04717898 -0.343028784
    0.257027388 0.855360746 0.195715725 1.16179073 0.12608695
    0.0626504421 0.454355597 0.54470396 -0.239392713 0.755457342
    0.547261655 0.280919611 0.174197465 0.507336617 1.18713486
    0.694347084 1.37987423 1.08957887 0.113141686 0.653110445
    -0.00602099299 1.31500816 -0.287157774 -0.415471643 0.71838963
    0.723245859 0.726349175 0.639673352 0.763404965 0.905285537
    0.674026251 0.335826457 1.30161369 0.67385757 0.259741068
    -0.196409047 -0.253163487 1.47797704 0.0942305326 1.04330289
    0.207469821 0.359644294 0.543184459 0.0758988559 1.16559863
    0.239632607 -0.361432374 0.885211468 1.16964245 1.41008925
    -0.202894479 -0.250558645 0.716261983 0.607393861 -0.161185354
    0.235690534 -0.2881971 -0.0794704854 0.317104697 -0.307932347
    1.30471241 0.432754874 -0.456885576 0.567248702 1.13330126
    0.000761449337 -0.117800802 0.475392967 1.48947883 0.198293269
    -0.279982507 -0.191757888 0.551046193 -0.23316139 1.48088884
    -0.468649358 0.614280879 0.33727473 1.14991546 1.41430116
    -0.341662884 -0.0026730299 1.30645275 0.909036279 1.01427603
    -0.304452091 0.59059 -0.235149503 0.31009376 -0.36442405 1.02844119
    -0.0733833015 1.46587539 0.804369986 1.4138639 -0.446568757
    0.470642269 0.133337617 0.669523597 -0.255679905 0.514614046
    0.644462764 1.18601108 0.895705879 1.41433859 0.74858129 1.4644959
    0.223662257 1.37692952 0.119591534 1.05403757 0.219588935 0.54331696
    -0.525608003 -0.487908274 0.903991163 1.39454365 -0.0309750736
    -0.180812478 0.759192526 0.373026311 -0.032787323 0.300029039
    1.46781087 -0.134142578 1.13119113 1.46814513 1.1635958 -0.300083458
    0.0427524745 -0.159013838 0.454895049 -0.231837153 -0.476428181
    0.0501577854 1.22953081 1.39661932 0.667087436 1.36922145
    0.194304526 -0.12510407 0.657970667 1.24423409 0.00258183479
    -0.375634313 0.538045049 -0.245282501 0.999432147 0.475251317
    0.380265296 0.907316089 0.123527646 1.13092017 1.09213865
    0.161393464 1.01063454 -0.155574054 1.49542093 1.27512097
    0.0714429617 0.162336618 1.11075616 0.781878591 0.75344348
    -0.357838899 1.20488596 0.358121693 1.18591499 0.557646036
    -0.119217843 0.197262347 0.807107151 -0.0421544015 0.664452195
    1.35961151 1.09509087 0.496946394 -0.319137394 0.0250677466
    1.11165261 0.259521425 1.49144936 -0.00992286205 1.27733874
    -0.0376581848 0.232583165 1.14558148 0.388222039 0.42976445
    1.23341477 1.374897 1.18007362 0.487726569 1.11049151 -0.37383914
    0.493821979 0.584447145 1.49676239 0.403601319 0.9417032
    -0.396556258 0.36349684 0.404470801 -0.403260887 1.32144213
    1.38048577 1.4090873 1.45843649 1.15989614 1.44700503 1.41081691
    0.187069237 0.837918162 0.38259238 1.46753991 0.0322672725
    0.847206175 1.20052862 -0.0425430536 0.776227057 0.191080242
    0.258308858 0.633305073 1.00126612 -0.466900885 0.350287467
    1.05626297 -0.481875569 1.07528579 -0.445890993 1.40979064
    0.17623809 0.588889062 1.38113189 1.13823771 1.01342881 1.08649027
    0.751707911 1.33465993 -0.305353969 0.608288169 1.47005761
    0.251657307 0.227654099 0.807681859 1.40238953 1.24948692 1.1801703
    -0.15937385 -0.172481805 0.718590379 0.814624965 -0.134606659
    0.289164901 0.144593388 1.37279558 -0.31789428 -0.163263619
    -0.355189025 0.452405453 0.0739196539 -0.123101443 0.148939908
    0.0286439955 1.06382954 0.660629272 0.0251394212 -0.258808076
    -0.422234595 0.894901872 0.429395586 -0.0792048573 -0.0886340439
    -0.40258801 -0.409250975 0.831380665 0.404417098 0.85742265
    -0.225959182 0.74546349 1.41046643 -0.341940761 -0.313379645
    0.1669375 1.16040492 0.225539058 -0.0786814988 -0.374456525
    0.343970865 0.954764009 0.933290958 1.18711221 -0.196487844
    -0.00316223502 0.826135278 0.173226476 0.152516007 0.322570622
    -0.38937968 1.42982209 -0.0334558189 0.419652402 0.771351933
    -0.437993318 1.26358724 0.191532791 -0.283015013 0.744873762
    0.838894606 1.36452842 0.832831681 1.27452135 0.0849890709
    1.35872054 0.898820877 -0.437103003 1.42840707 1.48299718
    -0.0914100111 0.0489569902 1.04561853 -0.306013823 0.847606361
    0.111393183 -0.0438032746 -0.0924972892 0.728832364 0.290344089
    -0.208497554 0.242090732 0.339787215 0.910916269 0.751538396
    0.186921954 0.637362897 -0.015275985 0.375986159 -0.11495766
    0.323626876 0.119662732 0.273633659 0.904493332 1.0719049
    0.923027933 -0.0804241598 0.566863239 -0.508853912 0.611552954
    0.266922057 -0.101047635 1.13951814 1.52363384 0.426862299
    1.22353506 -0.204963326 -0.211382866 0.416867048 1.46558809
    0.65680629 0.729538918 0.0989282727 1.0023365 0.877563179 1.3530184
    0.459703803 0.159796178 1.30865407 0.753282785 0.975821733
    -0.428268552 0.94958806 0.275403082 1.01557827 0.813737154
    0.369086921 0.827518344 0.100125611 -0.0730654299 1.26853061
    0.538753211 0.71210134 -0.176887184 1.41378045 0.0699617267
    0.21028465 0.467496425 -0.40159905 -0.00702062249 -0.285293043
    0.0814412236 0.834816754 0.42343545 1.46733618 0.547127306
    0.0829613209 0.745992601 -0.4881154 -0.0753197372 0.447812825
    1.53259122 0.414991945 -0.326607078 -0.446807861 -0.379991591
    0.865183592 -0.432819486 -0.422951341 0.633185387 0.780038834
    0.0273885429 0.00349926949 1.26494467 -0.0353481472 0.944160044
    1.06496048 -0.362797737 -0.3562603 0.448066473 0.827181697
    -0.403307617 -0.440752506 -0.406526268 1.21302187 0.982103169
    0.949614227 0.138734311 -0.109112024 1.24347115 -0.179733306
    -0.430786729 0.0734915733 1.46012616 0.795854926 1.27039587
    0.731835246 0.234913111 1.01408839 1.14853048 1.34194183
    0.0761120915 1.10211658 0.842397988 0.763714969 0.244365454
    -0.256211847 0.0296212435 -0.0801122487 0.518087089 0.103631675
    -0.539043069 0.550675154 0.595419228 0.0255535245 1.0157876
    1.05203414 0.0155076981 0.565347552 1.19845974 -0.096310854
    0.631375492 0.99095279 0.972233653 1.09232104 0.835633934
    -0.232129306 0.703718483 1.3423413 -0.0625524521 1.12156641
    -0.238246262 0.0193983316 0.539601505 0.585986912 1.36769533
    0.290226579 0.202199817 0.110236108 0.0349698663 -0.0422548056
    0.801895797 -0.229326278 0.172958553 0.133372664 0.53857708
    1.11550367 0.703953207 1.12371469 1.2405324 -0.0816350877
    -0.474871248 -0.442522138 -0.370626539 1.0290606 0.193373322
    0.168994069 0.728582978 -0.0842699707 -0.0391253829 1.24793816
    0.00774157047 -0.260150909 0.657793283 0.575638711 0.712004304
    1.08928919 0.951568007 0.853934288 0.256182581 -0.408622652
    0.457830369 1.30371511 0.98639822 0.844544947 0.959544539
    0.231522083 0.463440627 0.669073343 -0.384061903 0.415023685
    1.04388714 0.548349321 0.697888494 -0.231263429 -0.139827013
    0.687483251 0.273678601 1.18158972 1.04461849 1.46602333 0.226304054
    0.771379411 0.262100279 0.00774520636 0.0510410964 1.24576974
    -0.396956205 1.21977115 1.0142293 -0.451851964 -0.36619857
    1.35475135 -0.342366189 0.701956272 0.741547942 0.770964026
    -0.0531404614 0.663642883 1.35405314 0.766000926 0.830503106
    0.0931369066 0.867080152 1.22655356 0.671083391 1.16795194
    0.265492797 1.24304056 0.840082526 -0.325022995 0.201212227
    1.23219693 -0.459423959 0.273723662 -0.0280171633 -0.354593813
    -0.311639339 0.814046383 1.13556743 0.428461969 0.504371047
    -0.0221726 0.073541224 0.575433612 0.982625365 -0.119051695
    1.08024001 1.50175226 0.709971309 0.70806551 0.746757269 0.900140226
    0.874143362 0.911583126 0.963456094 -0.337795138 0.224600732
    -0.35712409 1.22942328 0.947654724 1.52041769 0.359922141 1.16356325
    0.278940737 -0.463493645 0.485235393 0.157327801 1.28225017
    0.624354243 0.894915938 -0.25109005 1.20989859 0.208486676
    0.168799222 0.28797245 0.897580802 0.918238163 1.15267515 1.35427594
    -0.500039697 -0.446886361 1.42427468 1.25164258 0.779128969
    1.31012619 -0.155321568 0.384104669 -0.014683187 0.159290969
    0.633160532 0.170154393 1.1892066 0.654046059 0.522804201
    0.658723533 0.616240263 0.521579981 -0.178602755 0.440932155
    -0.188682765 -0.45359695 -0.170220196 0.341120183 0.753742516
    -0.0352775156 -0.464267194 -0.0509913862 0.0467946529 1.50988913
    0.366633028 1.38070607 1.54593325 0.287756145 0.542062283
    0.729722679 -0.136357963 -0.0214725733 1.24723983 -0.373064876
    0.590920329 0.0262409449 1.06196165 1.29245245 0.119091451
    0.744140863 0.289459527 0.224709153 0.975551546 0.0500018597
    -0.383562982 0.675697088 -0.228220209 0.339887798 -0.135339677
    -0.0355862975 1.35778689 -0.00590866804 -0.432791948 -0.344285369
    0.820070744 0.619142592 1.45030808 -0.0248506665 -0.121965826
    0.801499665 0.532766819 0.972473919 -0.356151044 1.07746029
    -0.218842447 0.58676064 0.671258926 -0.398524761 -0.236906588
    0.761455834 0.609073699 0.934127808 0.731805801 0.0909454226
    0.296994865 0.673934579 0.94720155 -0.189819485 1.10519767
    0.0500003099 -0.048808217 1.18173623 -0.388379037 1.31848097
    1.04459357 -0.100937843 0.138746023 1.3540132 0.358417213 1.17011857
    -0.240449846 -0.340166152 1.16390491 0.963199556 0.00321400166
    -0.427674651 0.746295214 0.449109197 0.741343439 0.369633734
    -0.0967386961 0.188843071 1.48291028 0.624167919 -0.0784415901
    0.119384706 0.184001684 0.968283355 -0.194042504 0.236978114
    0.429502726 0.394540012 1.4572624 0.5011971 0.122028053 1.46564579
    0.524427295 1.16010523 0.202648699 0.0827832818 -0.0210457742
    0.952871203 -0.293311477 -0.462280363 -0.186677039 -0.276501954
    0.649418771 -0.394161612 1.11812901 1.29207087 -0.488240987
    0.762492657 0.951918602 0.719725549 0.327887535 0.0938900113
    -0.353365421 0.667494297 0.0954317451 -0.0767181218 0.242088258
    0.17179364 1.24006879 -0.311897516 1.37862182 -0.538623273
    0.182659745 0.353236854 1.21239102 0.53243953 1.14496672 0.825624287
    1.4173677 0.141832054 1.26920998 1.04017866 1.35926986 0.812849998
    -0.424381196 0.988383412 0.971538723 -0.407067865 -0.0342952609
    0.68991971 0.130199194 0.627453923 0.0604229867 0.0153551996
    -0.0722223818 0.613341093 -0.0464943349 -0.254162371 -0.200697482
    -0.0661525726 -0.348614335 -0.401462048 1.42740762 0.0675540268
    0.809058905 0.400742322 -0.0401616096 0.490722209 0.52652967
    0.488448709 1.2065928 1.33605802 0.708938539 0.779535055 1.0873034
    -0.463588834 0.798794866 0.570008934 0.166869223 0.556092143
    0.891089797 0.895121276 -0.255309016 1.07421589 0.0809167624
    0.173925877 1.06603098 0.702906311 1.19261789 0.240022779 1.2990787
    0.872717857 0.768420339 0.501634181 1.08785415 1.13613057
    0.546874464 0.236092091 0.41489917 0.836419106 -0.268628418
    0.877613008 0.786576986 0.627219379 0.0413049757 -0.0693015456
    0.901762664 -0.202783018 1.33685791 0.962233305 0.697426438
    -0.143707573 -0.165549785 1.24785447 -0.0523323119 0.760388494
    0.560117722 -0.411673844 1.21969318 1.22970843 -0.247086704
    1.33319211 0.558463156 1.11598277 1.1862694 0.648284495 1.17603254
    -0.0448663831 -0.0227563381 0.975768924 0.719610035 -0.262679726
    -0.280090094 1.34551024 0.0871748924 1.08744156 1.00496161
    0.250603497 -0.463906646 -0.240784943 1.28544235 1.12577784
    0.778350353 0.394689083 0.824719548 -0.345506728 1.29794884
    1.37000871 -0.119801283 -0.00599789619 1.33412433 -0.513070107
    0.697346807 1.30856109 0.438608587 0.211896241 1.03167462
    0.920990944 0.198297024 0.920911252 0.0866103768 0.430685222
    -0.381885409 1.32190418 1.24360514 0.735464811 0.712768137
    1.18482518 0.48781538 0.170156538 -0.13684994 0.807691634
    0.142848134 1.31234241 0.248356223 0.681336284 0.255055249
    0.0255491138 0.576788902 -0.320849091 0.180372745 0.601493776
    1.26180196 -0.327523887 1.08726013 1.55825293 -0.165552229
    1.37780702 -0.113661796 0.559179068 1.51527631 1.04020309
    0.427373141 -0.379446477 -0.377181619 -0.0824623406 0.385353982
    0.759502888 0.541086316 0.868880093 0.753933132 1.36662817
    0.888591051 0.0360490382 0.427992225 0.4445104 -0.0261485279
    0.678129137 0.869258285 0.298374772 0.374793708 0.0687099099
    0.74640125 0.151779175 0.965106428 -0.194235116 0.25003624
    1.30240536 0.410466313 0.191227794 0.756616592 1.26832151
    0.123514831 1.24380064 -0.355641603 0.692924201 1.40745032
    0.796482861 1.42216456 0.0217828751 -0.121639222 1.32791972
    0.684376001 0.402770877 1.4750191 0.92473644 0.197866261
    -0.408417612 1.21347237 0.955056608 0.0547248125 0.121441543
    1.40109921 0.952186465 1.20827484 0.797928274 -0.0166585445
    -0.377663314 0.205317199 0.715453088 -0.484040529 1.19091129
    0.343533456 1.15467095 0.760278285 1.12892127 -0.028753221
    -0.258044213 -0.3035267 0.0875588059 0.449437916 0.447810709
    1.38907325 0.597982287 0.82723105 0.925441086 0.701045454
    0.690765858 0.115671515 0.157947123 -0.475253195 1.13407731
    0.588532388 0.311874986 0.167227328 0.940514863 0.481664658
    0.932813764 0.0653003454 -0.453696519 1.17795181 0.240737081
    1.23447013 1.1226759 1.41702247 0.534739435 -0.101539075 0.688209593
    1.08774221 1.06813121 0.373669803 -0.328632355 -0.477591574
    -0.0136410594 1.33412552 -0.147976398 0.597334385 0.245140254
    0.895020962 1.29194343 0.478668749 0.0825909376 1.30521679
    0.669197083 1.01280165 1.48886907 1.06837869 0.716732621 0.210099906
    0.155630857 1.12411821 -0.336292863 0.351503879 0.130138874
    -0.0568367541 1.05417037 0.918234587 0.814456224 0.00552779436
    1.31122422 -0.27527222 -0.104238331 1.04278135 0.308462858
    0.295267791 0.403497487 -0.422092676 -0.455205768 0.785058975
    -0.171302408 -0.210708499 1.02503991 0.304989815 -0.118757457
    -0.0235993564 -0.411572695 1.07484555 -0.114245981 0.175851166
    1.1104604 1.04094088 0.712766886 0.758907259 0.818901598 1.06964946
    0.933884859 1.36476421 0.676625907 0.639347315 0.114609838
    0.607061088 1.30037153 0.245529592 1.16235304 1.20152211 1.30436134
    0.998672783 -0.488276392 0.867217779 0.412269056 1.45985174
    -0.149448305 0.74345541 -0.326831341 0.389852732 0.666662633
    -0.0586289167 0.226600945 0.727570713 0.291548342 1.04330492
    0.918245435 0.149748385 0.257606387 0.910233319 -0.474402487
    0.0213286877 -0.197216064 0.929032266 1.3044281 -0.469473183
    -0.136115491 -0.454259634 -0.287783444 0.556033969 -0.408815384
    0.774288774 -0.165382594 0.480851054 0.227460206 -0.221908182
    1.32915711 0.555629969 0.809709489 0.532698154 0.78347522
    0.315629065 1.5075798 0.39253819 -0.176284015 0.330210268
    0.220969439 -0.550394237 0.857196212 1.44640064 1.07916892
    0.915406406 0.200084925 1.20371556 -0.0492877066 1.33778024
    1.25239444 0.797136724 0.106125951 0.785532594 1.07731056
    0.794374764 0.840771198 -0.479659438 0.0796406865 0.973648071
    0.239974141 0.802375019 1.04506886 0.0387920737 0.397367954
    -0.484222054 -0.0773029029 1.0552206 0.130378097 -0.176243156
    0.976590574 0.570904493 0.303892165 1.21273208 0.368653417
    -0.151802987 0.764874816 0.794634223 -0.0876193941 -0.170951843
    1.21148038 0.45102194 -0.311156809 0.00903570652 0.560410619
    -0.00537079573 1.41924083 0.385438889 1.19325399 0.511265516
    -0.262181222 -0.33746165 1.01792943 1.18752301 0.613343835 1.3776387
    -0.124416947 0.734799623 0.795981526 -0.410867989 -0.248561725
    0.632086754 0.0828080475 0.42608428 1.49917483 -0.307158887
    0.711507618 0.231660426 0.663505733 0.277335703 1.26071012
    -0.0107533336 0.272280276 0.845652461 1.0879724 -0.357056975
    -0.21899426 0.290712237 0.55993104 1.31777823 0.0865829587
    1.39918256 0.711981952 1.30222416 1.07016444 0.989234924
    0.0242586136 1.00639164 0.0904911757 0.165746212 -0.22190991
    0.368970692 -0.115965754 0.188646913 -0.11944592 1.42479002
    -0.409038365 -0.179249018 -0.125496447 -0.293589771 -0.0735954344
    1.12870312 0.151127815 0.104612291 0.577523053 0.672009766
    0.399141312 0.187841594 0.213813543 1.04089069 1.46170986
    0.749842405 -0.352360934 0.00332611799 1.20712054 0.296712995
    1.16364777 1.31369746 -0.208283544 0.534631371 0.995936036
    -0.222990632 0.714896083 -0.462796181 0.47711587 0.585720539
    0.634687424 -0.20610857 -0.440020621 -0.21281442 0.407940567
    0.943414569 1.41967964 0.845597684 0.214865148 0.224825025
    0.267674983 -0.540432513 1.29174781 0.380738795 1.0528686 1.33799648
    0.0796437263 -0.390854388 0.680979252 -0.371753067 1.38105822
    -0.107798338 -0.323096037 0.741441488 0.37635088 0.325591207
    0.270850927 0.277132392 0.274709493 0.369399488 0.410028279
    0.117481411 -0.403945118 0.75624001 -0.417666197 -0.179864347
    -0.330263078 1.30122948 1.13746381 -0.0721088648 0.585388899
    1.017097 -0.0923066735 0.728166819 1.2725246 0.858257234 1.20463705
    0.913385272 0.97608304 0.756707966 0.432151079 0.0506468713
    0.925608158 0.599708855 0.421987087 0.431396991 0.495727181
    0.421268702 0.103867114 -0.284995139 0.992886662 1.28094339
    -0.122865617 -0.48960498 0.923128068 1.23870564 0.327186227
    0.889093161 0.885066211 1.14908528 0.942995667 0.104338765
    1.09532452 0.37529552 1.39611292 0.00577914715 1.15454936
    -0.144574404 0.701230347 1.22780704 0.595721245 0.0529150367
    1.3763864 0.954139292 -0.460727781 0.483716667 0.730003417
    -0.316250265 -0.470980912 0.00608235598 0.448283464 0.182806551
    0.965834618 0.43345511 -0.367444992 0.77999562 0.447130769
    1.15104866 -0.413953066 -0.2959795 0.801032245 -0.432908297
    1.17679811 0.232685059 1.41178489 0.675091147 -0.40293014
    -0.0396264195 1.1813674 1.4380784 1.45719957 0.953395605 0.191913128
    1.37236094 0.885283589 0.537158847 0.892816842 0.542226613
    0.872928381 -0.0119433999 0.86042887 1.22998929 -0.046128571
    -0.177011639 -0.241788805 1.00921321 -0.122096807 1.41884112
    0.501745284 0.652246356 0.79215318 0.447272301 1.19808531
    -0.328643024 1.42969131 0.247744501 0.371218443 0.823141694
    0.784616351 0.557680249 0.658791244 0.935670555 0.943398595
    -0.144069076 0.0355447829 -0.426868916 1.22228444 -0.0103829205
    -0.286989838 1.14195895 0.976959348 1.50570512 -0.260640085
    1.08855271 0.981259584 1.38596547 -0.372967094 0.243256569
    0.0304623544 -0.0174083114 1.270612 0.387572795 -0.197976083
    -0.409877419 0.283914179 1.31784201 -0.307651162 1.49616444
    -0.347961962 -0.391780376 -0.336633146 1.51337671 0.831168294
    0.606302083 1.44751167 0.355016202 1.09861708 0.330760241 1.35973775
    0.612292469 0.725530028 -0.418333054 1.26789749 1.39097166
    0.40082109 0.529658616 1.38540459 0.443512797 0.866779804
    -0.373660982 -0.250419497 0.672721326 1.49339283 0.529129624
    0.578088641 1.04391956 1.48711276 0.661245883 1.29191399 1.14111757
    1.25437045 -0.492578983 0.111869335 0.108171225 1.09168887
    -0.286836237 0.638398767 0.0841516852 1.30800056 -0.00134509802
    0.59864819 1.05810118 0.569455087 1.196697 -0.112988889 -0.436631322
    0.398247421 1.50637949 1.35636699 1.10574782 -0.0523324609 1.2937355
    1.49392962 1.16298366 0.686866641 0.822589219 1.00088513 0.562943697
    -0.177165985 1.20408189 1.49220514 1.35898721 -0.339616269
    0.170030355 0.147182643 1.45538306 0.150394857 0.345478296
    1.38829041 1.26077831 1.07492161 1.14773774 1.46294522 -0.114366055
    0.784608781 -0.111420125 0.993932605 0.51776576 -0.215095878
    1.18985546 0.457914442 1.23763466 1.38973069 -0.159817219
    0.756604433 1.1521976 0.412414402 1.18780947 -0.136265337 0.93659538
    0.117795765 1.33895755 0.660366833 1.25469673 0.830275536 1.48587847
    -0.247394532 0.0130189657 -0.340862334 1.13223815 0.940535665
    0.187311292 0.798181295 0.538751066 0.399554431 -0.456407666
    0.310016513 0.113533318 0.548107207 0.680331349 0.820756793
    0.0503113866 1.21463919 1.00997615 0.916565537 0.205803216
    0.217201114 0.992588997 0.703515291 -0.234562755 1.05529213
    1.18855405 0.340108931 0.879408121 0.382100582 0.204298586
    1.06160963 0.733508825 1.06503057 -0.375143677 -0.178380251
    0.422479987 1.34116435 0.0382198393 1.47766376 0.370159715
    0.154650211 0.176294029 -0.294292629 0.420898557 1.27720881
    -0.217247963 -0.146911114 1.03310704 1.00027156 -0.3123703
    0.637160003 0.749306321 -0.321656406 0.487620175 1.23440814
    0.31730032 0.522671163 0.989645481 0.336621463 0.939323604 1.313784
    -0.374182642 0.259075403 1.24124885 0.888500273 1.05972242
    0.630506814 -0.25615266 1.39591193 1.37710285 1.13086438 0.526581526
    0.629624724 0.15774864 -0.413518578 -0.271168172 1.10933232
    0.186779439 0.611431718 1.39763856 0.689334214 0.307488948
    -0.0747896135 0.777250051 0.934543371 0.294529259 0.488380313
    0.477333516 0.0146956444 -0.207818717 0.0999916196 0.893610001
    -0.250479758 0.667257667 0.621217906 -0.436315238 1.143996
    1.19829273 0.841035366 0.628595114 0.450318813 -0.346231192
    0.835221291 -0.416642785 1.45059049 0.600379586 1.242957
    -0.406952709 0.662490487 0.192390144 0.562050164 0.649756134
    0.224496007 1.10157084 0.541357934 -0.295423508 0.0691632628
    0.290158451 0.184891939 0.111206174 0.512109816 0.661961138
    -0.392384648 1.0636096 0.00318562984 1.13039172 0.521171808
    -0.453194439 -0.113151282 1.09071684 -0.159739524 1.43343091
    0.763285398 1.40485096 0.794439316 1.15515614 1.19142962 1.08661628
    0.161394596 0.313366413 0.159544528 0.105550349 -0.294731408
    1.34508193 0.0274139643 0.217786193 0.875320733 0.713851213
    -0.128360569 1.31243038 -0.411653757 -0.440190703 0.739619732
    -0.110017955 -0.269972235 0.127671927 0.106939673 -0.246278912
    0.328905821 0.692691863 0.262066334 1.17913806 1.1661061 0.697186708
    0.283346772 0.16071564 -0.305387497 0.208716601 1.02279818
    -0.373720646 0.756082952 0.753247023 0.366363108 0.913005829
    0.174714148 0.16493398 0.678895235 1.31134725 0.435731411 1.29649258
    -0.40053457 -0.217625707 -0.0997709632 0.399071544 -0.247609362
    -0.26717189 0.169309318 0.692083836 0.146753132 0.52852577
    0.503557563 1.20651078 -0.206493407 1.23426521 -0.0882823169
    0.00517037511 0.483597219 0.942356169 0.592831671 0.156170547
    1.06227672 -0.140837342 1.46606791 -0.0395628512 0.642474592
    -0.238704801 -0.518293202 0.312755466 0.503566146 -0.0255510211
    -0.227075398 0.908306599 1.23340988 -0.292120457 0.955455482
    0.103912413 0.794093847 0.878415644 0.210103273 -0.111468464
    0.681433439 1.382617 1.48655748 -0.0218607485 -0.197150886
    1.22967613 1.31551874 1.05759048 0.299870908 0.265010536 0.35748446
    0.198569059 0.748343647 -0.161626309 0.403188974 -0.365055591
    -0.108517885 0.549803019 1.07037795 1.32079494 1.08383393
    -0.374451071 0.993165135 0.0620000958 0.836575627 1.08477139
    -0.446356714 1.45473742 -0.288016528 1.16493583 1.1562891
    -0.167777896 0.816643357 1.15882039 0.832291603 -0.0953417122
    1.36432528 1.0438863 1.21134424 0.126447856 0.909203529 -0.140162855
    -0.000743925571 1.17575097 1.01157546 1.26326871 0.150431633
    1.20875585 0.354601324 0.571056962 -0.361779094 0.85610801
    0.769993305 0.985022545 0.460129261 1.04532743 -0.0315971673
    1.26718092 -0.350262105 0.18732664 0.435809553 1.25889409
    0.885799766 0.43020308 0.00404185057 -0.189157307 -0.124284387
    0.189044565 1.33116341 1.15215325 0.430614114 -0.0926816463
    1.44060516 0.742016673 0.449035048 0.0358971953 -0.46612078
    1.08223104 0.272507697 0.843609929 0.671815515 0.871981025
    1.43860388 -0.430034488 0.633908212 1.45361698 0.704480052
    0.929945648 1.02895665 0.309848905 0.695378423 0.185479045
    -0.128677189 0.34607321 0.518876255 1.16723704 0.926342189
    0.578351676 0.274811029 1.25975704 -0.00214231014 -0.52551496
    1.06515861 0.128408194 -0.41918245 1.12599611 0.116080999
    -0.278151035 0.484774232 1.15436339 1.31313729 1.08513439
    -0.131893069 -0.222301602 0.714843154 1.01577997 1.27134538
    1.27939045 0.113938749 -0.183102161 0.0382774174 0.830961764
    0.303826571 0.250103146 1.41345966 -0.0810780823 1.03022146
    0.132573873 0.351420701 0.931222379 1.10755074 0.896202147
    -0.0159196854 0.681082726 1.08145189 0.381616086 -0.291232467
    0.543227971 0.398579657 -0.303754985 -0.149373561 1.18631411
    0.289438069 1.04611552 -0.264448911 1.12144959 -0.109998494
    0.256899416 1.00196242 -0.108400404 0.232853949 -0.0500412583
    1.05567527 0.301918387 -0.00718086958 -0.435648918 -0.503098309
    -0.285058379 1.485641 1.02568901 0.97304219 1.04627824 0.0127353072
    0.697951198 0.802959383 0.947699904 -0.410210848 0.821012557
    0.680600047 0.0695459247 0.241643012 1.33129144 -0.18496716
    0.118108928 1.15620375 -0.400417358 -0.261429816 -0.205869406
    0.0496822596 1.1652565 -0.430299997 0.0151134133 1.15720439
    0.840182185 -0.408240795 0.619924784 0.650931895 1.20258975
    1.55432522 0.0447750092 1.25542998 0.632281005 0.377663881
    0.108638108 -0.0725638866 -0.0558357537 0.0494706333 0.0265075862
    -0.0595295727 1.27336383 1.26175284 -0.117900282 1.12778342
    1.2077384 -0.238532022 0.0692151487 1.23037672 1.37272143 1.46430159
    -0.447390437 1.1218946 0.156663001 0.789636374 1.08218074 0.74684751
    1.30706286 0.129752874 1.50799894 1.09955621 0.507830739 0.239009321
    0.757867694 0.374617696 -0.146863312 1.4224577 0.837646246
    1.08146501 0.0913549662 -0.452693075 -0.288640767 0.140563488
    1.46885455 0.953803658 1.32762825 0.837932646 -0.350910127
    0.497890651 -0.138894528 -0.266369611 0.329336405 0.928009629
    1.11735952 -0.405838549 0.925134301 1.09831583 -0.455801994
    1.32624459 0.574198961 -0.346835554 1.26463413 1.44465113
    0.620773971 1.28032064 -0.0226179361 0.617387235 0.630953729
    1.4279685 -0.00911676884 1.30620921 0.247915208 -0.137090325
    0.800726116 -0.0103273988 -0.262722731 0.27366519 0.116504788
    0.0628607869 0.803577065 0.151632607 1.24164009 1.31495643
    0.243219435 0.657998085 -0.129633039 1.22321367 1.49085855
    0.378353179 -0.472082615 -0.345252067 0.335783362 0.330824941
    1.41470063 -0.0656785071 -0.12052685 -0.221977592 1.20184135
    1.2377193 -0.292504162 -0.162999928 0.966481209 1.31751513
    0.167607725 1.43190885 -0.237451077 0.857606411 0.928401232
    0.210906088 -0.425253987 1.07339728 1.1153326 -0.109623611
    0.350812614 0.691074789 0.628928602 1.3027885 -0.0135374665
    0.552090645 0.980851054 0.782164752 0.161318362 1.41458941
    -0.334632248 1.32466614 0.259229988 0.244703054 1.18062615
    1.11960411 0.226056516 0.605278492 -0.203074664 0.935958087
    0.555131018 -0.0242354274 -0.242684156 0.882553637 -0.181927562
    -0.339274794 1.43554211 0.148411989 -0.243482888 0.077950418
    0.220769167 -0.0047955513 1.31206763 -0.033313483 0.271044254
    0.14397493 -0.370149463 0.668644369 0.822586656 -0.265409172
    -0.233298689 0.767041683 -0.13944754 0.464580059 -0.221063316
    0.213156879 1.28881979 0.792685449 0.0481929183 0.98245883
    0.560389221 0.829036593 0.623941541 -0.250063896 1.31455946
    0.573490918 0.45171988 0.857188344 -0.0376194715 0.670943558
    0.233412147 0.298891008 0.31609726 -0.395188987 -0.429022312
    1.47044146 0.173733711 0.0053396821 0.685492277 0.342937797
    1.41355479 0.659795165 -0.305873811 0.128878266 1.47984695
    0.994828343 0.172617555 0.373482287 -0.0513400435 1.1364696
    0.927803457 0.848312318 1.19714439 1.47991526 -0.159337163
    0.0897730589 0.144836545 0.886939168 -0.0472048819 1.3857522
    0.370564789 -0.361052305 0.740802348 1.23586583 1.5024693 1.13145804
    0.0006095469 0.345733762 -0.394635916 1.2131319 -0.119593114
    0.839124382 0.146777719 0.743623972 0.240873069 1.48305154
    0.134986222 1.17765713 -0.321352184 1.06487489 -0.369433284
    1.18574584 0.991835237 -0.172142148 -0.118268847 1.04256868
    0.247577965 -0.0569044948 0.387473762 -0.428081691 1.10176849
    0.0753264427 0.103489399 0.620191813 0.646597087 1.08588874
    -0.0038203001 1.16807747 0.450036645 -0.161722571 0.989175975
    1.48441494 1.39516556 0.235508054 0.205556512 0.988473177 1.44212246
    1.36572695 1.418715 1.07861352 1.343624 0.718785465 0.341520309
    0.0614026785 -0.263600171 1.23165417 0.657816291 1.44353962
    0.0225943923 0.902181089 -0.233554006 0.356009692 -0.394129694
    -0.354414284 -0.290177107 -0.173360735 0.466503829 -0.240276933
    0.150187641 0.0957548618 1.22585118 -0.439445615 0.65023917
    0.607257605 0.751630187 -0.0350337625 0.0386286974 -0.0164628625
    0.832803309 0.168156803 0.540320456 0.404736876 0.848216593
    0.214787692 -0.207060248 0.367114425 1.35007215 1.23014593
    -0.310846388 0.717340887 1.42985821 0.222661853 0.441088676
    1.13550901 -0.178519964 0.546561182 0.888505638 -0.188949138
    1.43375969 0.0916411281 0.0364680886 -0.453005522 0.0827819705
    0.476327896 1.13262248 1.4241066 1.35397696 0.846249163 -0.195611626
    -0.12627098 0.636010945 0.530503154 0.340426505 -0.413218617
    1.30576456 0.94934386 0.682719648 -0.514008224 -0.271037489
    0.346215308 0.85791409 1.21002614 1.24651361 -0.269732445 1.38457394
    -0.463502616 0.322197437 -0.302734911 0.518868089 0.999940276
    -0.136485904 -0.0883945227 1.45183229 1.07087898 1.33372951
    -0.222275943 0.406613648 0.857003748 -0.457194209 1.16097689
    1.25744867 0.780331135 0.803196192 -0.255022764 0.539775014
    -0.182173669 1.24048936 0.103463709 0.470734775 0.0354726911
    1.2977258 -0.450734794 0.326169252 0.913275421 0.864564002
    -0.277559698 -0.392297506 1.10014248 -0.0354007483 -0.500523031
    1.00902772 1.30676675 1.23955274 0.0799841285 0.851516902
    0.851353943 0.953994334 0.582739592 1.03636932 0.284453869
    0.193674624 -0.00155287981 1.15115356 0.0473990142 -0.428675473
    0.690876722 0.255622566 -0.432979345 0.213846564 1.07835841
    0.657848239 0.153258204 0.294759214 1.06241155 1.33634317
    0.803984344 0.567629814 1.08293223 0.0515757799 1.18843746
    0.522360861 1.42793489 0.189034879 0.895403862 -0.133849561
    0.075306952 0.372981429 0.570576906 -0.157683939 0.921793818
    1.43801248 1.51139379 1.13687575 0.652940989 0.339928746 0.859545529
    0.600565374 0.893557489 0.692327142 1.3884486 0.0715337396
    0.759575665 0.16070056 0.100063503 0.365325511 0.197791755
    0.855870545 0.198072493 0.868502021 -0.0391572714 0.500355601
    0.756591499 -0.284682363 0.278261423 0.586094797 0.534060299
    0.728726745 0.207267702 -0.300967187 0.155198634 0.745641708
    1.53929329 0.448831499 1.03458452 -0.473872155 0.330428332
    1.40167344 -0.169391215 -0.454993606 -0.390518278 0.11520046
    0.580851197 0.202133 0.433324456 0.0779961944 0.0237780213
    -0.00663810968 0.762680233 1.26071131 0.798636138 -0.307797194
    -0.171451628 -0.38956213 0.508306861 0.824013054 0.90410167
    1.10091996 1.27327442 -0.351682335 0.788383007 -0.316122651
    0.153670311 1.05986953 0.793777704 1.16209483 1.35555756 0.123500347
    1.48960209 0.229017138 0.57608819 0.990224302 0.92335403 0.265305161
    1.29428291 -0.0150130987 0.684721112 0.352815747 -0.518110394
    -0.447385758 0.880561352 1.43560672 -0.0721355379 0.970655382
    -0.265437335 1.24912632 0.929650486 -0.44566071 -0.0976137817
    -0.393834412 0.628536105 -0.43343544 0.324840724 0.907679439
    -0.193820924 -0.273849368 1.14324117 0.13543275 0.170646846
    1.10453629 -0.176632285 -0.402516752 0.308881968 1.40194547
    0.657631755 -0.226690471 0.526548326 1.00487113 -0.323733002
    0.771740794 1.17143512 -0.190425307 1.10161507 0.283592463
    1.48928523 0.186494291 0.0154431462 0.347857058 0.445127636
    1.3549974 1.32372308 -0.440052927 -0.32058543 0.899777412
    -0.0737786889 1.05553198 0.628937483 1.08081794 0.933207273
    -0.397596657 0.989094973 0.0638210773 0.15749985 0.576497495
    1.29189122 0.98047924 0.181544721 0.887263536 0.382165194 1.27764487
    -0.00793084502 -0.277573586 -0.256870091 0.873226404 1.22200894
    1.42030931 -0.408108473 1.29300749 -0.0388861895 0.984045744
    -0.226323545 0.17609787 0.630805492 0.0325060785 0.272840738
    -0.460327268 0.53533262 0.678053439 0.601230383 -0.231003881
    1.18965256 -0.133380026 1.49255693 -0.10710904 0.00121688843
    -0.0480457842 -0.0215077996 0.903790474 -0.153860778 0.303741872
    0.98788327 -0.1387541 -0.191768438 -0.488201261 1.24360108
    0.400901973 0.530759215 0.244026065 1.02565074 -0.17481643
    0.252595425 0.502352357 0.546643376 1.42213154 -0.356848747
    -0.222608536 0.794708252 1.31578732 -0.03406322 -0.232679695
    -0.168926209 -0.216848761 0.590120733 0.0805566311 -0.106720984
    -0.199372292 0.495227277 1.32356095 0.196769804 1.31112361
    1.00575304 -0.442722857 0.0935996175 -0.244133413 0.182727039
    1.46227288 1.35265839 0.375910401 0.795821846 0.943524003
    0.789877295 0.15880084 0.186390281 -0.507783473 -0.121191561
    0.728237152 0.487284362 -0.334215045 1.27801013 0.971773207
    0.192580998 1.29555011 -0.525037646 0.907702088 1.47405481
    0.760707259 0.83351326 0.817685068 -0.233779579 -0.0303837955
    1.16205478 -0.266802251 0.0652261376 -0.00944644213 -0.382550746
    0.639098346 0.508509278 1.22917628 1.045228 1.08912075 0.410747588
    1.16969037 1.4004488 0.562960327 -0.533752382 1.44144869
    -0.460274011 0.507279694 1.23337495 1.13089442 -0.334338605
    1.28462684 1.37630081 -0.222925603 0.514561176 -0.176827371
    0.320491254 1.05090165 0.402715802 0.771810412 0.189323962
    0.118085742 1.13947201 -0.428302735 0.673438907 0.328356206
    0.633643985 0.570915759 0.922658443 0.806420445 0.0172674656
    1.05368483 1.01197481 0.756687999 0.297755957 0.139151394
    -0.218574286 0.530086219 -0.0313469172 0.689821362 1.43438411
    0.658819437 1.27090812 0.297955424 0.259376347 1.33141232
    -0.121762633 0.552043796 0.840792418 0.281158715 -0.153128088
    -0.452892333 1.33159113 0.631846905 -0.0754721761 0.4866198
    0.244124353 0.649630904 1.24023986 0.97426784 -0.034799397
    0.777425051 0.0815153718 0.494313896 0.145394742 0.586809337
    1.42633545 0.669691443 0.952920079 0.629444301 0.81047368
    0.320391208 -0.417770565 0.649120808 -0.0341333449 -0.269883692
    -0.0127237141 0.848213613 -0.321005911 0.424201816 1.29930007
    0.233266175 -0.30873701 1.21355677 0.802120328 -0.0107036531
    1.49770236 -0.0340950489 -0.305701911 1.43989635 0.195686936
    0.720496595 -0.0466009378 0.104312003 1.38968825 -0.468596756
    1.0210166 1.10759962 0.568470001 0.567352772 -0.264545232
    0.0828513503 0.38045758 1.40919518 1.02074468 0.0204798579
    0.664592862 -0.250170767 -0.354466975 -0.134018391 0.724003077
    0.909603655 1.23234725 -0.0840505362 0.855631351 1.07026255
    0.610257626 0.350343436 1.50876796 -0.4987638 0.208168924
    0.396529973 -0.0740008056 1.32082772 -0.183051914 -0.384043515
    -0.0898937881 -0.286631107 -0.30194068 1.41903162 -0.245460808
    -0.223685861 0.187672794 0.079685539 0.210959107 0.281963348
    0.648330152 1.03204322 -0.238584742 -0.0160667002 0.431521267
    0.0892033279 0.814065576 0.426924914 0.3762106 0.113137335
    1.15027761 1.16680205 -0.0171824992 -0.488288164 -0.392377675
    0.720027447 0.332419813 0.433236778 -0.334700704 1.10953784
    0.456344962 0.35047406 0.253202736 -0.149088413 1.4182626
    -0.0618611276 0.463463306 0.854097843 1.40811515 0.0244284272
    -0.527935505 1.28878057 1.14629841 -0.206621051 1.340078 1.46230745
    1.33389795 -0.424509585 1.22709346 0.0781564116 1.33460689
    -0.200441897 0.925491869 1.38231051 0.127635121 0.182639778
    0.793931305 1.45449555 -0.152135521 1.03219461 0.884214222
    0.372568965 1.19432616 0.682837188 -0.380613029 0.83112818
    1.35157323 -0.0850926638 0.676232219 0.181096852 0.721520722
    0.181769133 -0.302561522 0.0454229712 0.738914549 0.768371701
    0.528980494 0.879420042 -0.374582112 0.059921205 1.51173782
    -0.333051831 -0.368530035 0.748933017 1.30126405 -0.0113817453
    0.0122600198 0.496617943 1.29155755 0.642914057 -0.139783114
    -0.434631169 0.332960546 0.703086853 1.24997187 -0.47989586
    1.21135139 0.371802628 1.24478197 0.815938115 1.33965755 0.722923338
    -0.23615995 0.660820365 -0.196407497 0.263096094 0.916071355
    -0.0556769371 1.07633877 1.16986489 0.9953264 1.16683316 0.27859503
    0.434969664 0.920998394 0.445224464 -0.0744448006 0.919516802
    -0.252884835 0.244105399 0.231546819 0.101162195 -0.351234913
    0.430691421 0.998732984 -0.159954131 0.669325352 -0.469906658
    0.749579251 0.413400888 -0.00551253557 -0.18380326 0.596320689
    0.316577315 0.478364468 0.641827345 0.884161234 0.130393863
    0.326906443 1.07796454 0.832968593 1.05979097 1.36395741 0.82291466
    0.828365386 0.701738238 0.300520301 0.0089790225 0.0506932139
    -0.204284102 1.45867515 1.04678249 1.21583164 0.603390276
    -0.342904687 0.515470922 0.0859009624 0.844459832 -0.494102538
    1.3467623 0.196014166 0.918577313 0.664371848 -0.34368372
    0.925482452 0.00667834282 0.674722314 0.0221726894 1.19135189
    0.801009834 -0.120931596 1.10620952 -0.2092821 1.04917312
    -0.482348919 0.380799234 0.680117786 0.639589965 1.27527475
    1.36679232 -0.498274624 0.628439546 0.0750232935 0.720734954
    -0.0811291337 -0.0161395669 0.10362494 0.0313072801 1.27047491
    1.10548067 1.07990897 0.337516427 0.754848063 0.548086286
    -0.446724176 -0.29649061 -0.0859989524 -0.275949627 0.440602422
    0.336952984 -0.389722824 1.19117069 -0.263949156 -0.28192848
    1.09208477 0.479928076 0.286565393 1.15736294 0.91003114
    -0.382284164 1.34990883 1.39533818 0.950294316 -0.457479 0.342182755
    1.36722076 -0.22753787 -0.336261809 0.492870629 0.693776965
    -0.202249229 0.601861715 0.993414283 0.590616465 1.23245358
    1.09296513 0.884392142 0.836665034 1.14940977 1.19725454 1.20570564
    -0.0573413372 0.853625596 0.732765317 1.07353985 1.09969723
    1.38857806 -0.381802768 0.472465187 1.44448912 0.742700517
    1.37620246 1.41318774 0.377144903 -0.171839118 1.11366856
    -0.286810875 -0.289702058 -0.386912882 1.14420199 -0.183424175
    0.706184745 0.692259312 -0.217177451 0.633830965 1.36140978
    0.211310208 1.21907747 0.190202534 0.249762833 0.601473391
    0.42032221 0.139570087 0.895657659 1.31818831 0.582829595
    0.0302672088 0.979469001 0.554589391 1.12281775 0.33209461
    0.64092958 -0.337733567 -0.0299060643 0.302136689 0.134160042
    0.752447009 -0.471071184 1.3908546 0.486707985 0.430710614
    1.46361113 0.0088391304 1.42887902 -0.411151052 0.863192499
    1.38584328 -0.131157309 1.30725145 1.39805079 -0.458348513
    1.22661161 1.20112097 1.18504977 -0.100962162 0.794426799
    -0.324484766 0.95602566 0.929567456 0.557822764 -0.371135831
    1.27321756 -0.466283619 1.2256906 0.211561978 -0.263692468
    1.21769392 0.240110874 -0.347713888 0.846646965 -0.410343945
    1.23869491 0.691244781 0.553231597 0.04332304 0.716543913 1.09742618
    0.806599259 0.241944909 -0.443095982 0.299366951 0.550833702
    -0.29177925 1.42012501 -0.473892897 0.0239043236 1.44473445
    -0.0572104156 1.52249706 -0.355724603 0.88667655 1.27210116
    0.143026769 1.05269575 1.45162904 -0.136041075 1.4500587 0.894392133
    0.949751735 0.875920475 -0.330352187 0.313575268 0.0713290572
    0.814185381 1.27148521 0.989065707 0.0189283192 1.08513641
    0.0232753754 -0.100694329 1.00794673 0.572182894 0.588152647
    1.27944922 1.39565468 0.476077139 1.01472032 1.06488585
    -0.0891565084 -0.525505781 1.24400997 0.482438326 0.130859911
    0.616889298 0.953821599 0.39464587 0.224687278 -0.27990213
    0.370497167 0.543224216 0.00234311819 0.775418341 0.684652627
    1.09670508 0.640394211 -0.167558014 0.725319624 0.228473336
    -0.137126565 0.980347633 1.12878585 0.418927044 1.48743689
    0.93076843 -0.43768698 0.190184474 -0.372224987 1.02559459
    0.311207652 1.27410889 1.42692351 0.0471979976 0.890933692
    -0.368580371 -0.142323792 1.09340763 0.107084811 1.41234565
    -0.336020678 -0.106931955 0.769284964 -0.150098145 -0.248524681
    0.138750106 0.121254683 0.574997127 0.626050115 0.996070981
    0.251888931 0.858816266 0.843674123 1.08892918 0.653698981
    0.0335254967 -0.293838322 1.31349254 1.05747783 0.198845863
    0.567587078 1.40598774 1.47854578 0.272809923 1.26531184 0.759955287
    0.372791708 -0.233276814 0.401966989 -0.174161434 0.921273232
    -0.0148235261 -0.145071 0.244978249 1.15497208 1.01234913
    -0.41827476 1.16323113 0.908694923 1.08702517 -0.278340369
    0.783987403 0.707478344 1.26503181 1.12178314 0.705479085
    0.399033934 -0.266722143 1.03459764 1.1404599 1.11730862
    -0.161070913 0.40590775 1.42859173 0.17907533 0.757687867 1.52643108
    -0.182703137 -0.31886673 1.15132117 0.919398665 1.04495418
    0.323203802 1.08564293 1.02760458 0.476937115 0.607699573
    0.542365372 0.391338944 0.398992181 -0.129513234 -0.483370006
    -0.176914424 0.671374857 0.542158484 -0.0664690137 -0.0814722478
    0.371642292 0.748670816 1.28631401 0.762002528 1.41252339 1.15600169
    0.973042488 1.4271965 1.27156949 0.455043316 0.469293654 1.30956149
    1.06468308 0.932496905 0.542262971 -0.157206565 0.69393456
    0.683404446 -0.253380656 1.17549837 -0.36527878 0.890377879
    -0.268332869 0.218182027 0.206658453 0.911219954 0.761720896
    -0.454273194 0.720247507 1.50395536 -0.21993652 -0.0517552793
    0.0734606981 0.813871741 0.751660228 0.785963714 1.12032557
    1.28001392 -0.252425998 1.06778049 1.47388172 0.257624447
    0.462715596 0.422890961 1.23573446 1.49349451 -0.458233237 0.7138533
    0.335376471 1.33403242 0.669274807 0.370183676 1.29610205
    0.0988453031 0.669332922 -0.33382225 -0.143554568 0.873009086
    0.538067222 0.084934175 1.44030631 0.526310802 1.37592518 0.24423629
    1.33931601 0.176336437 0.0978224874 -0.247606665 0.693498552
    -0.430621564 0.539592385 0.484697461 0.845751464 1.23558736
    0.170323789 1.24017429 0.71691066 1.42394042 0.779574633 0.194374025
    -0.168424785 0.109982491 -0.117592007 0.534264743 -0.0344513655
    1.24891925 -0.146141887 1.4848429 1.0792985 1.31456971 0.840368211
    0.220384538 0.486157596 0.177532732 -0.396908015 1.480878
    0.483142138 0.0287664235 1.18127847 0.88768959 1.12464714 1.38389909
    1.27175641 0.63975215 1.09642959 1.36526406 0.16171515 0.677053094
    0.889708042 1.20268381 -0.16420278 -0.0567160547 -0.0621316433
    0.0177233815 0.144243449 0.962956309 0.994837582 0.736255169
    -0.106972307 1.00299704 0.657049835 0.662264824 0.423720002
    -0.220156312 1.04836226 -0.216706514 0.191809624 -0.124819666
    0.913691103 -0.0937919319 -0.221455619 0.410812706 0.203116506
    -0.42858547 0.746822774 -0.376999795 0.944003165 1.11237812
    -0.164215356 0.412842691 1.01020098 1.05221379 0.187522471
    0.812222183 1.35389233 1.00140333 1.34431279 -0.029029429 0.75580734
    -0.264231533 -0.378616303 -0.0235726237 0.925369382 1.161183
    0.197128296 0.851084948 0.259891778 0.69232291 0.811629891
    -0.259557426 0.954507709 0.926904261 0.0979123116 0.892576575
    -0.424616188 -0.0780391693 0.346311808 0.360784948 0.345093966
    -0.42160973 1.41325891 1.26013958 -0.0553566813 0.900696814
    0.72763586 0.957369924 0.104111314 0.75640732 0.649533927 0.73823756
    0.583072484 0.438990176 -0.0316332877 1.4911263 0.476263791
    0.945572972 -0.263898909 0.215419352 1.02635574 1.32822454
    0.693823934 1.23332083 1.29427314 -0.129080832 0.241237998
    0.596670985 1.4140985 -0.117386967 0.179979682 0.463715076
    0.0318018198 0.729414463 1.24744248 1.02527142 0.335050941
    1.13838673 1.2789886 1.00854945 0.334957123 0.922487855 0.494265527
    1.2439065 -0.38760978 -0.330355823 0.151426196 0.262584567
    0.402420998 1.18893003 0.456908762 1.40752792 1.24574018 1.1269865
    0.867414236 -0.250509083 1.15204835 1.2730459 -0.0989285111
    0.603290796 1.50439477 0.529294491 1.37223959 1.4147383 0.670547664
    1.27407026 1.19649875 0.179810911 0.502116919 1.01432776
    -0.411945969 0.460150927 0.782235146 0.359508663 0.973966122
    0.82571733 0.752150357 0.949669957 -0.417453498 0.168620706
    0.178186417 0.295506835 1.08225536 -0.0489006639 1.28226554
    0.913912892 0.873752296 1.44903386 1.41416836 0.815861404 1.2017256
    0.465742886 -0.33125779 -0.128193647 0.950812519 0.902087867
    -0.431141913 -0.0713840127 1.41396856 -0.164967299 -0.175704449
    0.704345167 0.204122484 0.555085063 0.459331036 1.19354892
    -0.168827564 1.43876266 0.311039299 0.938189447 -0.119653076
    1.23122346 0.872673333 1.38398409 -0.0699433386 0.425697863
    -0.212022185 -0.180728048 -0.0287125409 0.252811134 1.29343212
    0.699244082 1.34988332 -0.00492107868 0.229890049 1.16424298
    1.22330368 0.207157552 0.968294859 1.4976424 1.04020822 -0.101178497
    -0.20720166 -0.399789065 -0.396748483 0.422174305 1.48115206
    0.829039752 0.918527126 -0.396038353 0.828124106 0.189659595
    -0.415148675 1.16254318 0.670774221 0.996466935 0.582522631
    -0.0159919858 -0.04535079 -0.365757346 0.875530958 -0.282606244
    0.447580248 0.419808507 0.19001168 1.05915451 0.331967294 1.39182544
    0.320582211 0.112834811 -0.0206261277 0.665348172 1.333745
    -0.0550143123 0.513701558 1.16860247 -0.445180744 0.346870482
    0.949517488 -0.0311290026 1.19215512 0.992683351 -0.428235471
    1.50802827 -0.294818729 -0.297945887 0.755868912 -0.432060182
    1.02742612 0.0542007685 0.74012351 1.49570072 0.571534276
    0.279536605 1.24123597 -0.436571926 0.682332039 0.988283753
    0.000468969345 0.0761930943 1.39328885 0.939692736 1.02539122
    -0.517079353 -0.355969578 -0.291873127 -0.0970476568 1.49769902
    0.279109299 0.986375034 0.315403759 0.461997628 -0.160046697
    1.14709711 1.17207718 -0.269789398 0.759164393 1.2920686 1.22399735
    1.23825467 0.548911154 0.926437736 0.733264685 0.680227995
    0.809112906 0.17547071 0.244692415 0.767975688 0.575226068
    0.683189869 1.02466595 -0.506279469 0.105255544 0.769038677
    -0.358978748 1.05596566 -0.257910728 0.533895195 -0.105930418
    -0.36230585 1.36803913 0.173545599 1.1382376 -0.290643811 1.40678954
    -0.431065619 0.973337173 0.173124254 0.352813959 0.801571667
    1.1368252 1.37372327 0.138377726 0.454951406 0.381969541
    0.00518259406 0.499807894 -0.144732654 0.21502474 0.362533689
    -0.414116532 1.22272491 0.317370057 1.22026169 -0.152542293
    0.935179114 0.646920681 0.825441957 1.28544211 -0.00346517563
    1.16475451 0.98346436 0.629005015 0.367202044 -0.161492079
    -0.550542057 1.3263557 0.727746725 -0.427734196 0.343716025
    -0.112093836 1.1093483 1.41430855 0.0497439504 -0.441056937
    0.0658618212 0.59002161 -0.0937478244 0.572876394 -0.463824958
    0.95946753 0.666249096 -0.12005794 0.0552856922 0.0385601819
    0.10399121 0.222179055 0.989854693 1.43044758 -0.213453412
    1.13052106 0.316383839 0.123094141 0.548998475 1.37995994
    0.936834335 0.664263368 1.50034285 -0.0671679974 1.04660249
    0.462752789 -0.134576589 0.0812817216 0.718164563 0.537401676
    0.0687288046 -0.513443649 -0.430795699 0.804638803 0.0177963376
    -0.00477737188 -0.373593926 1.27996302 1.18436503 -0.45005551
    0.285346091 0.365909547 1.05492425 1.07342207 1.45994914 1.05432308
    0.471577525 -0.0907666683 1.02437365 -0.19013992 -0.096424669
    0.401631325 -0.0676578581 0.735994577 -0.336758494 0.17786172
    0.878781319 -0.0648463666 0.57446593 -0.421480596 0.615445077
    1.0826149 -0.473237783 0.698229849 1.3687526 0.594247162 0.504488051
    -0.361835837 -0.415121436 -0.367812872 -0.185952961 1.32859588
    0.522452712 0.449525237 -0.536504984 -0.209839225 -0.26673454
    0.710370362 0.90132153 0.180177748 0.75661236 0.0593696833
    1.17123342 0.199521482 0.874457836 -0.087487787 0.281086862
    0.797724366 0.201036155 1.17177773 1.32756138 -0.427076787
    0.657217503 -0.134560406 -0.208738536 1.05400205 1.08052659
    1.05819595 -0.101935625 -0.10438785 1.0723573 0.212916046
    0.264323294 1.41968465 0.841638863 -0.0223350525 0.528213382
    1.45594311 0.247604966 0.940663755 0.574204445 0.871466219
    1.42585468 0.666063905 0.546248674 -0.11769098 -0.239495277
    1.07782662 0.488602817 0.629618526 0.0161994696 0.617693961
    0.552528381 1.01573205 1.11889374 -0.15793395 -0.14440769
    0.716017723 -0.305171102 1.1320982 0.738660872 0.981532693
    -0.311351418 0.470830351 1.08752084 1.02432537 1.11811531
    0.524628043 1.10868144 0.11797291 0.745085239 -0.36673224
    0.177207589 1.15918696 0.242770612 0.768809021 -0.0929467082
    0.504393041 1.00672948 0.681141376 1.08964562 -0.33066687 1.11670089
    -0.153533638 -0.497430623 1.02335572 -0.152288735 0.655874372
    0.779564917 -0.30038026 -0.168993413 0.739549398 1.28597069
    0.665002346 0.166564286 1.09967494 0.479710579 0.527457714
    0.308701694 0.680350304 -0.0472259223 0.286937177 0.306663722
    0.0363255143 1.16337347 -0.206267506 0.583100021 -0.462273955
    1.44911063 0.810273051 0.993430734 0.807050049 0.814281344
    0.78670311 0.0153320432 1.23907304 -0.403770328 0.197624922
    1.05153608 -0.493460476 0.163222611 0.159627199 0.0540711582
    1.27988017 0.0407796204 0.523323655 1.50662804 -0.155295879
    -0.138411909 0.649518728 -0.183228731 0.305961013 0.78572315
    0.514543891 1.4281255 1.42569375 -0.522546113 0.38993001 1.42497683
    1.10864639 0.376548409 1.14277077 -0.367209733 0.985041678
    1.40183449 0.556690693 -0.141186148 0.166892827 0.297075987
    1.37394857 1.03552938 1.36861503 1.23234272 -0.0592645705
    -0.338558733 1.31828988 1.25231111 0.254082531 0.0469992161
    0.347863376 0.113564432 1.1366787 0.0771297812 1.45428228
    0.558694422 0.945153177 -0.0723589659 -0.113275319 0.743111014
    0.153536856 0.839542627 0.51647836 0.53676343 -0.318534523
    0.779594183 0.686379433 1.10144448 1.38329351 1.32582784
    -0.511061192 1.29849696 0.336572349 -0.182166815 -0.249128252
    0.47650063 -0.379123211 0.286162198 0.957206845 -0.157624871
    -0.30986926 1.26405966 0.374743879 1.2378397 0.390901208 1.41657007
    0.124224782 -0.307604492 0.229036808 -0.355429947 1.44912601
    0.641325712 0.207843244 -0.210323066 -0.435412735 -0.341642618
    1.01766968 0.483856201 0.209724396 0.257653922 1.02949166
    -0.00534242392 1.41171074 0.743571997 -0.386282295 0.802671194
    0.913281918 0.788319409 1.11523592 1.40982294 0.0694098473
    1.21397161 1.22385633 1.17129564 -0.340847969 -0.480604261
    -0.112441957 -0.284534931 0.00689283013 1.44511425 0.179260194
    -0.119978279 0.153081357 1.16889107 -0.0163448155 0.259345919
    0.268728375 0.559435666 0.232786834 0.514683008 -0.161998391
    1.45735502 0.606008887 -0.0201152563 0.682961822 1.08130181
    0.2265746 0.06502527 0.463408768 1.4800595 0.230545312 1.27429771
    0.494097114 0.508116841 1.25667977 0.875620186 0.981480539
    0.498195767 0.509369135 1.1367867 1.25267291 0.702523589
    -0.104244798 0.902079225 0.657596231 1.43151641 0.992183983
    0.0622768402 1.42646825 0.884554148 -0.200022042 0.405104876
    -0.420244992 -0.116755515 1.31116498 0.344054222 -0.0913359523
    -0.258609116 -0.410368264 0.0568324924 0.340684354 1.4446137
    1.29425192 0.536415458 0.508093417 0.508272946 0.636212289
    -0.449275643 1.03879666 0.908771873 1.24810839 0.914085209
    1.33273113 0.438698649 -0.392707676 1.2450664 0.652186871
    0.382549405 0.740958452 0.660322011 0.207303226 0.375598848
    1.41194844 0.0214612186 -0.452167183 -0.280604422 1.06080341
    0.458485544 0.475930393 1.30983782 1.28642642 0.716885746
    0.988432467 -0.00367316604 1.32626188 0.89023304 0.295398951
    -0.389212817 -0.44309628 0.512549579 0.862526238 -0.0202823579
    0.739190519 -0.135801673 0.984103858 1.49100685 -0.178269684
    1.0227567 1.0060761 0.575210929 0.611987054 1.3431952 0.0127823949
    1.40490007 0.967897832 0.239277601 0.616679549 0.1646505 0.96476084
    1.15258372 0.462112367 0.600592494 -0.46348542 1.12861633 0.44006741
    1.27937627 0.0279632509 -0.391587913 1.25900674 0.0720751882
    0.226335019 -0.431360811 0.127066046 0.113683134 0.86462152
    0.882905304 0.177502036 0.59092629 0.879232585 0.505549729
    0.354290426 0.242575824 1.2233932 0.912585318 -0.0568318367
    0.591240108 -0.238063574 0.446626067 1.40628529 -0.378776371
    0.918860376 0.867855906 -0.0771973431 -0.473998249 0.872770846
    1.05929458 -0.124486685 -0.336017728 0.637048006 0.827329993
    0.103141546 0.447881877 0.738979161 -0.298743486 0.720744431
    0.569432259 1.05797446 0.0247522891 -0.486302853 0.792541981
    -0.103482366 1.1564703 0.411783814 0.861073732 1.46284127
    0.577330291 1.46600008 0.0939390063 0.401267827 0.53342706
    0.0164273381 0.487992585 1.00261402 -0.396371424 -0.438732713
    1.22003365 0.34402889 1.22157168 -0.287373453 -0.00033980608
    0.949977219 1.37597907 -0.0791971982 -0.455013752 1.12821245
    -0.120165557 0.542542517 0.869746029 1.27423811 1.00507736
    0.960467935 0.434484005 0.00355249643 1.02303219 -0.151966214
    -0.0904632807 -0.0728131831 1.03622961 -0.171501428 0.140245318
    -0.187989861 1.37272394 0.0189653039 0.687409103 1.37608004
    0.246578276 -0.224013507 0.768727541 0.77760458 1.32128704
    0.931152523 1.0066191 0.680093586 -0.137634546 -0.0192363262
    0.949441075 -0.272851378 -0.344897896 0.0402417779 1.31814897
    1.23512983 0.550334692 0.374449074 1.04417121 0.0227295458
    -0.495520085 0.853782773 0.517527401 -0.479734302 0.215542138
    -0.504720807 0.884957671 1.25301242 0.499731869 0.287445903
    -0.383727878 -0.0889913738 -0.438728511 -0.0647836924 0.874521852
    0.997866571 0.167339087 -0.406014919 0.651239514 0.457959712
    0.000336170197 0.365893126 -0.348371625 -0.309801102 0.148491025
    0.859599173 0.72727108 1.27446258 0.225771844 0.376921713
    -0.461432636 -0.252012014 -0.0886993706 0.0767863393 1.37000394
    -0.127730399 0.144455194 0.435583353 -0.207001358 -0.268837512
    -0.437686384 -0.389550179 -0.286148041 0.73123908 0.652085006
    0.71083349 0.816398561 -0.462426811 1.34133792 1.37502849
    0.190245539 -0.335703075 0.952585816 0.036416471 -0.471857488
    0.482904613 0.31471765 0.259392321 -0.0761978924 0.73101896
    1.40304685 0.521502018 0.960524201 0.74486953 -0.476317286
    0.427444696 0.38845098 0.278678417 -0.135210365 0.0304591656
    -0.437490314 -0.295783848 0.934538841 0.682705283 1.29169083
    -0.32034117 0.459900856 0.284045577 0.247685581 0.2926929
    -0.0044580102 1.44809031 1.06472421 -0.130136609 -0.289085388
    -0.288761079 0.632697403 0.165065587 -0.283914566 1.47972775
    0.902404189 0.167907417 0.366868138 -0.50052923 0.932348609
    0.957929492 0.418579638 -0.351983577 -0.244705617 1.06880498
    0.322643548 0.530779183 -0.154902756 0.634767652 0.170933098
    0.502101064 0.214295119 1.32056916 0.389635265 -0.456914485
    0.23304683 0.705171108 0.358631313 -0.255070001 0.700756669 1.000054
    -0.159063041 0.542814374 -0.229248628 0.723442197 -0.401602715
    0.0514134467 -0.104465991 -0.413812041 0.100372165 0.238858581
    1.09835863 0.223295212 -0.383141816 0.0529303551 0.878585398
    1.33370066 1.01860714 -0.455877483 1.3540597 1.43463099 0.759303153
    0.940268278 1.44231904 1.15601444 1.33262372 1.35637236 0.807002068
    1.30379856 1.17092872 0.464978635 0.0112948716 1.34903228
    0.879500449 1.53471744 0.0269386172 0.899761677 0.260411322
    0.626102924 -0.428016275 -0.482053638 -0.187624872 -0.285551041
    -0.204821736 0.335925281 0.920432448 0.733498156 0.471905172
    0.0813341737 0.414093375 1.47200155 1.10278821 1.11762667
    -0.254790872 -0.460653126 0.563307166 0.749286354 1.39513063
    -0.430527389 0.722715974 0.389270842 0.123198271 -0.445521176
    0.409440041 -0.0272298753 0.642252326 1.34183073 0.25263083
    -0.467450023 0.72916317 0.430673689 0.669519305 0.462030292
    -0.0276286304 0.937871337 -0.0626407564 1.41862237 0.568606734
    1.15069842 0.431776941 -0.0547950864 -0.275069833 -0.0721826553
    0.822715282 -0.330989569 1.07826066 0.19318372 -0.372751921
    1.29600406 0.192155182 0.147194922 0.461870849 1.09093547
    0.579531372 0.844129026 0.381747305 0.912206471 0.699189067
    0.592467606 0.811912775 0.472447008 0.488565326 0.786724329
    -0.293026328 1.15548158 0.280760169 0.175498545 0.888686955
    1.05430841 1.37009549 1.25726485 0.388076484 1.08939636 1.05879259
    -0.326606274 -0.301117837 1.30813098 1.20093727 1.28949094
    0.620524824 0.402445197 0.370640099 0.0545524359 0.610987246
    1.35492182 0.0336853266 0.663125634 0.91259259 1.50678492
    0.314863563 0.48116827 0.832293749 0.858514667 -0.161558479
    0.0142522156 1.26344895 -0.404584497 -0.244867876 0.320965469
    0.510717273 -0.164756536 0.0521315336 -0.511146486 1.41083062
    0.14570117 0.523213089 1.37539244 0.14463532 0.43475312 0.197869182
    1.40207887 1.14952958 -0.488928735 -0.345790386 0.638544798
    1.49742329 0.233670145 1.44478345 0.63916713 -0.36488992 0.995150268
    1.256603 -0.346614301 0.928134441 0.138097167 0.458035111
    -0.406521678 -0.424277693 1.42237496 0.379121333 -0.313125849
    0.522939086 1.33288145 -0.123725384 1.03052759 0.103729546
    1.49993324 1.24517488 1.04853904 0.592331409 1.18975019 0.972924411
    0.72544229 0.598522186 -0.048203826 0.886129379 0.937064171
    -0.159342855 1.50380635 0.666417181 0.457439899 1.04280305
    -0.127727807 0.818838596 1.2889483 1.17182541 0.66622287 0.965171814
    -0.436255604 0.200842083 0.539566398 0.357352674 0.325067222
    0.502291381 0.808957815 0.266737938 1.39393985 0.570707202
    0.0758883655 1.31795526 0.640066683 0.19576031 1.22437024
    -0.338738561 0.0610331595 0.992630184 0.134898007 1.32909167
    -0.010448277 0.384164512 1.35499334 0.613243699 0.303078294
    0.962001443 1.23097134 -0.237024069 1.19450021 -0.0918546617
    0.814673841 -0.463424623 -0.207432032 0.828855395 0.603025258
    0.88564837 0.268907249 0.210245967 0.56217581 0.361729026
    -0.450725704 -0.139886111 0.48719582 1.18266892 0.204177886
    0.980870962 0.475766838 0.532117486 1.10500693 0.592814803
    -0.134853333 1.47076058 1.44074726 1.29470181 1.09374714
    -0.320951402 0.520410955 0.530615866 0.937296867 -0.444932073
    0.691880584 0.555317402 -0.395224303 0.1231893 -0.439013779
    0.162899703 1.39445138 0.221276283 1.43240786 1.31499445 1.39169705
    0.465775371 1.12610269 -0.148139268 -0.294009656 0.0436988473
    0.447082996 -0.527930319 -0.111114383 1.22956765 -0.417029917
    0.205055952 -0.420751095 -0.271681309 -0.0830885172 0.429170251
    0.8455773 -0.445477486 -0.291855812 0.591449499 0.939131439
    0.550793588 -0.30871734 0.313978493 1.22208464 0.669546485
    -0.303815246 1.38912749 1.3704493 -0.0179485679 1.51632738
    0.159812182 1.22752976 0.400706857 -0.0144232213 0.82173872
    1.28997052 -0.136859566 0.436821401 0.546370685 1.19057453
    0.278141797 0.96451062 0.652355909 -0.246710181 -0.122523338
    1.08160019 -0.0109591484 0.931069732 1.15786982 0.222455502
    -0.244865388 0.447981596 1.03068566 0.954482436 0.854806006
    0.585856557 0.271371603 0.403484821 1.15179253 -0.434259653
    -0.229405075 1.21500468 0.727930367 -0.283638 0.323904514 1.45411301
    -0.14464426 0.103799403 0.77961123 1.3317554 0.387153327 0.66136688
    0.799452245 0.740523756 1.13560855 1.35295105 0.115168273
    0.618127584 0.723341882 1.36882091 -0.267512381 1.2100879
    -0.024969101 0.315467119 0.98405987 -0.392543554 0.00757545233
    0.255846143 0.85707593 0.204698622 0.0534084439 1.00267887
    0.447025001 0.261824787 1.32455075 0.596473336 0.990878522
    0.681161165 1.31534934 -0.277091175 1.44791746 -0.446270704
    1.13953233 1.37589622 0.515376866 0.277037024 -0.309300989
    -0.0168022513 0.43464005 0.633814692 0.227009535 1.23948503
    0.641305089 -0.393813968 0.590649247 0.181496441 1.22146988
    0.0749928951 0.315209359 1.13211751 1.22270155 1.02383327
    -0.106334865 -0.149475664 -0.154369384 0.661830246 0.00670820475
    1.25167489 -0.210237801 1.20955181 1.41451013 -0.123318344
    -0.524863839 1.07178164 0.453158438 -0.0367713273 -0.26260075
    0.556589663 -0.294239163 -0.414326727 -0.389470637 0.509545684
    0.675313294 0.691914499 0.957130015 1.46412373 1.3506012 1.33841395
    -0.36770162 0.648343563 1.21813107 -0.172149032 1.04558468
    0.379561365 0.0314888954 -0.124869674 -0.0390108228 -0.195777088
    -0.417483389 0.442621619 0.444325924 0.2310462 1.25209248
    -0.431577265 -0.444924474 0.555574894 -0.305447698 -0.225883514
    1.08273435 -0.0547372103 1.11551046 1.1420157 -0.249544621
    1.44997835 -0.0497626066 -0.260212094 -0.031273067 0.979529798
    0.724236846 -0.358019173 0.448065519 1.1028049 0.666111529
    0.664134502 0.893731177 1.34385359 -0.403523654 -0.197790712
    0.52624017 0.925422132 -0.35951519 0.766158402 0.428810894
    1.39127231 0.254025042 -0.165180385 0.999449253 -0.514232099
    1.01472354 1.1813674 -0.10151878 1.06516182 -0.1813761 0.750495434
    0.669111073 -0.284791768 0.716905713 0.338199139 0.532057405
    -0.510139763 0.644604146 0.655771315 1.30461931 -0.220666945
    0.757086754 0.834397495 0.0941723585 -0.268336415 0.969149292
    0.821908057 -0.453401178 0.314170539 0.143489659 -0.403497845
    1.27951348 0.446013004 -0.332823843 0.904674113 0.53935051
    -0.413899213 -0.359805703 0.659153938 0.887324572 0.0528475344
    -0.038231045 1.0051831 0.819511473 1.01379454 0.951328695
    0.537783861 1.1526413 -0.116446674 1.4636699 1.23329806 0.722579002
    -0.173366204 0.510577738 0.45765534 0.0416972935 -0.205689117
    -0.202949315 0.835327029 1.09869158 -0.13716349 0.929448009
    0.00125044584 0.998683572 -0.341181815 0.429953575 0.662314773
    0.113096833 0.462093353 0.726401091 1.02012277 1.39388943 1.03993273
    0.457392395 0.0550192595 0.624133348 0.920814455 0.290371776
    0.610029697 0.30308342 0.434361011 -0.330171764 0.327978194
    0.126651973 -0.0958210826 1.50873172 -0.291559279 -0.0200193822
    0.655440688 1.18883443 -0.0899214149 -0.447271734 0.112872124
    -0.22821027 0.888529122 -0.0906369388 -0.416273385 0.463002443
    -0.133628637 1.05490148 0.58942163 -0.395728469 0.836933374
    1.04003382 1.50184083 0.486479253 0.458960176 1.0881815 0.914840937
    0.855522871 0.614545941 -0.130978554 -0.0993864238 0.348663241
    1.43296349 1.02332819 1.05714309 -0.378605962 0.276099682
    0.802129269 0.994918585 1.00607085 0.686216056 1.4301095 1.29609466
    -0.248994946 -0.415473551 1.22528553 0.291302204 1.10000443
    0.680681884 0.531973541 1.06745517 0.755614281 0.0289105773
    0.604784429 0.347860515 -0.135342538 0.652377605 1.04616737
    0.790353894 -0.044685781 -0.41801548 0.185692132 1.17347729
    -0.41775465 0.680527031 0.133880258 -0.420442343 0.0447782576
    -0.451584071 1.11494684 0.498590946 0.82244283 1.18468225 1.17200851
    1.10434961 0.0720641017 1.30019021 1.05831647 -0.377584338
    0.696934462 0.329132199 0.0166429281 1.04009938 1.39553046
    1.41156995 0.696140409 0.601770043 -0.257272214 -0.398943782
    -0.21147728 0.296420455 1.35688019 0.544455111 1.30235088
    0.740967035 0.547053099 0.185887814 1.50042343 0.825179935
    -0.00359195471 0.0112592578 -0.0666775703 0.0814892948 1.19813371
    -0.257695228 0.997265458 0.117661476 -0.552699745 0.998049378
    1.15955782 0.63257283 1.42621994 0.720362186 1.34232044 0.652278185
    1.46319556 0.22201243 1.08394098 1.39060485 0.951797068 0.564499021
    0.198298633 1.38574958 0.172905743 0.910426199 0.273539305
    0.856334031 0.515795052 -0.0815093517 0.830963314 1.36269915
    1.32820702 0.576708615 1.32468808 0.211355597 0.483394831
    0.0741205812 0.256373763 1.21383798 1.05664361 0.671710372
    0.515205383 -0.338985682 -0.261417925 1.41379106 0.27593711
    1.47154021 0.137604237 0.208697379 1.21387601 -0.49792248 0.29586333
    1.24062634 1.05474663 -0.473431826 1.34828377 0.159513056
    -0.270613641 1.247522 -0.14513734 1.21450388 0.333222687
    -0.0357007384 0.665766656 0.630179167 1.20267785 1.38322067
    0.313597083 1.34291744 0.868418753 0.530463517 0.696445227
    0.684327006 -0.0760124028 1.40548027 -0.48179394 0.429847956
    0.780457795 0.155118465 0.458779097 0.0829418898 0.363437951
    0.303956985 1.09550238 -0.299287081 -0.101683974 1.41659856
    1.32559276 0.857718527 -0.281645417 1.23669481 1.14805388
    -0.0499561429 0.857403398 0.618973434 0.119336128 1.3680017
    0.361649841 0.816702664 -0.334461331 0.901907444 0.530663252
    1.04287696 1.3178134 1.09650862 -0.135577023 1.42272115 -0.11198625
    0.288422257 1.18424821 0.565995276 1.03565693 -0.366465181
    -0.278469741 0.476486593 -0.0536081195 0.65399909 1.51150179
    0.0624052286 0.439706534 0.759105206 1.11389661 0.565296412
    0.161953717 0.528578997 0.55869025 0.862627625 0.77021718
    0.435108304 0.613652647 1.58063471 1.3435638 0.151922703 0.211463422
    -0.131785363 1.18552101 0.46963346 -0.0512958467 -0.0583693981
    0.439599514 0.934242606 -0.20151794 0.869058251 1.42464244
    0.636033118 0.784263611 -0.317065895 -0.0463719666 1.32970977
    0.486539304 -0.200810909 -0.131506056 1.41214919 0.392738849
    0.225153625 0.558034122 0.608688056 0.00165349245 0.0828686655
    -0.0975187421 -0.237150714 -0.303901523 1.36379468 -0.262360036
    0.903169274 1.38098288 0.842424452 1.24857402 1.45242286 0.209605247
    0.0963549614 1.44010496 0.381487548 -0.0333077312 0.703698695
    0.244083166 1.25716829 0.735451698 -0.425360084 0.338398039
    0.0855897069 0.281440079 0.527974844 1.14287019 0.877826691
    1.10419965 0.959866166 0.322627842 -0.250477135 0.434053093
    -0.248064294 0.0294872522 0.61822021 -0.013389945 0.394181252
    0.00863170624 0.906031728 0.53990984 0.832435966 -0.124306917
    -0.160313547 0.277632415 0.463454783 -0.40657568 0.842227757
    1.07057738 -0.463697791 0.498387545 0.715758622 -0.267752886
    0.597036541 0.232002199 0.663849056 0.990896404 1.12643206
    0.413662672 -0.251380235 1.1676774 1.40552473 0.796846032 1.27690959
    0.567750454 1.42330229 0.34073925 -0.0517211258 -0.165863156
    0.0631457567 -0.39948225 1.05968368 0.654573441 0.86862576
    -0.555416405 -0.0172306895 0.788401783 0.434910834 -0.35753423
    0.660372198 0.521139801 1.44694424 -0.0809390545 1.1275003
    0.902554035 1.1482923 0.723909914 1.15152609 0.350378573 0.738209784
    0.219799995 0.618853986 -0.413308918 1.19683218 0.0775530934
    1.13134837 -0.219843 1.33494759 0.923209667 1.3257308 0.45771116
    0.36485061 0.208058238 0.844105422 -0.321796417 -0.0346367955
    0.76049614 0.934865534 0.51974225 0.811051548 0.621355355 1.20905483
    0.663860738 0.519582391 1.39880395 0.814675212 -0.204874575
    -0.0654599369 0.509548545 -0.43625024 0.301899791 1.18605089
    1.40795708 1.50677276 -0.0128037333 0.561801314 1.14020145
    -0.300349563 0.96655643 0.462178886 0.595044553 1.31013584 0.3690283
    0.411664009 1.25961304 -0.110874474 1.54327428 0.979433894
    0.595973969 -0.00820577145 0.302365392 1.16899931 -0.45237413
    1.14915943 1.14424574 1.21181798 1.11818624 -0.319122314 1.37889147
    0.0203818679 0.977585316 0.272971302 1.22800684 -0.240756094
    0.270945668 -0.420921534 0.172117531 0.115306973 1.05027294
    0.366004556 1.31438375 -0.283545136 -0.0494531691 -0.455014706
    0.562473595 0.973404706 -0.086439997 1.45294619 -0.299665838
    -0.388514578 1.15379405 0.287700474 0.412022889 -0.477034807
    1.23517036 1.357342 0.494397283 -0.367624819 0.957729638 0.621340215
    0.0765954256 1.31781316 -0.028144449 -0.4096196 0.732241273
    -0.189605981 0.154547483 0.580548584 -0.1931265 -0.379021198
    1.30977011 1.47136664 0.984098554 1.09383392 0.708907545
    -0.370500952 -0.419274628 0.968122363 1.19706655 -0.10453248
    0.826898336 -0.397530198 0.531644225 0.109948784 0.601820588
    0.865163207 0.247417659 0.459960461 0.318457335 1.35884714
    -0.0740382969 -0.207372546 -0.273428053 -0.17224285 0.195105135
    -0.216316164 -0.157139003 1.04769206 0.0325857699 1.13555312
    0.0305057764 -0.312831491 -0.129995883 -0.0380413234 0.421159416
    1.32088673 1.55309021 0.415486038 -0.406426251 1.04517055 1.28054273
    0.985810399 -0.299516261 1.05619931 1.39177656 1.34178495
    0.0135545135 1.39214897 -0.445834756 0.471847653 0.564854741
    0.54872179 0.820305705 1.20617986 0.500768542 -0.145285726
    -0.383055687 1.25636637 0.0607813299 1.43814301 0.310739487
    0.0032530725 1.47201407 0.0104822516 -0.400716454 0.889046311
    0.391827911 1.12969875 -0.0199390948 0.694072545 1.45535755
    0.605286419 1.16130376 -0.127565771 -0.257561088 -0.335449696
    1.50312793 0.67273128 -0.442537367 0.133830845 0.738227248
    1.16605043 0.309316576 1.01831317 0.685023427 1.02212751
    -0.0308341086 0.31438905 1.19472504 0.824123561 0.507793784
    0.160244673 0.439618766 1.00560308 0.919907272 1.45517015
    0.851070404 0.799029291 0.351911128 0.571613848 0.16011101
    0.885370731 1.45188773 1.39052236 -0.271946639 0.902117074
    -0.427954912 0.123319626 0.9189291 0.979388058 0.0212723911
    0.355103791 0.728331923 0.557365417 1.23470235 1.47335517
    0.739974022 -0.16936329 -0.376839697 0.976858974 1.19326496
    1.45942354 0.099067986 0.631660342 1.38649321 0.590355039 1.41142416
    0.128091276 0.220670402 1.05618012 -0.498803914 1.10290658
    1.12328959 1.05567861 0.526215076 1.06613839 1.02850866 0.451996148
    0.650654137 1.26306629 -0.360898912 1.36230612 -0.287342101
    0.515217543 -0.0714927018 -0.151283205 0.328319013 1.25199819
    0.24640882 -0.010076344 0.861016989 -0.238626927 0.390334845
    0.319579959 -0.0618734956 0.788340688 -0.447538704 0.725194097
    -0.083565414 0.549340427 -0.320825785 1.23205113 0.292176187
    -0.182706952 0.109770954 -0.318015337 -0.110731661 1.42382276
    1.07876277 1.5080117 0.520768106 1.45894122 1.09125173 1.19452405
    0.931054473 1.03955352 0.844443142 0.565517664 0.0879775286
    -0.394048333 -0.128062457 -0.102205247 -0.192816854 0.545503378
    1.49112821 -0.424986362 0.12298584 0.643935978 1.51547599
    0.244543344 0.118806839 -0.337399065 -0.213320673 -0.190890104
    -0.139574856 1.25231504 0.934697866 0.505855918 0.782013893
    -0.459764898 1.04817736 0.401908845 1.10508704 0.763736725
    0.310430199 0.564816952 0.841801107 -0.176535368 0.0517359078
    1.11216998 1.09343493 0.222885191 0.962899387 0.502959311
    0.993740439 0.105503321 1.04899311 1.30456543 1.44339669
    0.0050650239 -0.410855204 0.0113488436 0.473441482 1.19168484
    0.837712526 -0.209067196 -0.346976697 -0.14234373 -0.125424862
    0.116576642 -0.108079463 0.0684517622 1.18471169 1.39038563
    1.03710723 0.877351344 0.805303991 -0.388262182 -0.289611548
    -0.479412168 1.35904098 -0.213362694 0.525655746 0.877372742
    0.917796195 0.870866477 0.865194321 1.27568948 -0.35957998
    1.38747418 0.811318815 1.16559029 1.41740417 0.134530991 1.45779324
    -0.191034317 0.739995122 0.29942894 -0.462804466 0.983052433
    1.21109545 0.655193627 0.612741947 1.11555326 0.18058756 0.322294384
    0.635093808 -0.397706509 -0.331431419 1.14467502 0.238010526
    -0.364758611 0.653607666 1.31297445 1.31761181 1.16986132
    0.220291704 0.805640697 0.462058365 1.13365245 1.51494217
    0.576432109 0.408392608 -0.45361799 1.22077262 0.784416199
    1.54147744 1.20612574 0.377717406 0.612992465 1.57099617 0.118262112
    -0.338292927 -0.219288006 -0.126325935 0.515012503 -0.445058286
    0.425558567 1.15011144 0.409524858 -0.225596309 -0.0903278589
    0.402454078 0.204992294 0.86290592 -0.0985218585 0.0203407407
    1.11782277 -0.298412442 -0.0149387419 0.691561401 0.853182435
    0.715495825 1.23234856 0.415807366 0.337019712 0.46940735
    -0.270912945 -0.0170534551 0.617860675 0.0713650882 -0.345340848
    1.4229846 0.690217495 0.87010771 1.18974912 -0.408071935 0.38427788
    -0.00208812952 0.0174834132 0.410833299 -0.213004529 0.419075549
    1.08102691 1.15496719 1.0961659 -0.0921925902 0.639366329 1.24852502
    -0.273719847 -0.47259146 0.971397758 0.732213199 0.384377748
    0.595725238 0.528535247 1.18262184 0.0544100404 -0.412032008
    0.142184973 0.785445511 1.15878737 -0.419008315 0.0138136148
    1.51034355 0.990828931 0.438780963 0.992942512 1.30871153
    0.761167288 0.651384294 -0.125520766 1.3038249 0.652941406
    0.789669335 0.0656024218 0.668688655 0.591789186 0.637990952
    0.864648879 -0.193312943 -0.341543794 0.61873436 0.781306446
    0.65431124 0.510353327 -0.283709049 0.34577775 -0.0660229623
    -0.157326162 0.0131804347 1.11489141 0.214869022 -0.221519262
    0.68537426 0.732340515 0.878053904 0.555246592 -0.0997319221
    0.278110236 0.427396119 0.168348849 -0.196314961 -0.354115635
    0.22872746 1.4551146 -0.285886198 -0.0633794665 0.362125337
    1.26947594 1.0213604 -0.342292279 0.267325282 1.15874374 1.08824348
    0.588254571 -0.181352168 0.988397419 0.999761641 1.15017188
    1.33074188 0.896472156 1.38480735 -0.4861615 0.887443364 0.203343987
    0.29495126 1.002491 1.36040258 0.178841412 0.382130235 1.28356755
    1.31175971 -0.443349153 0.539031744 0.583076119 0.160784662
    1.18838501 0.428831279 1.12718129 -0.332413554 1.18491793 0.89023447
    1.00570428 1.25353777 -0.261373222 0.760931671 0.203861654
    0.419353426 1.31341994 1.29758263 1.40431619 0.420089126 1.09763861
    1.3655175 -0.176847398 0.472693801 -0.321234226 0.267830312
    0.210140526 1.24480963 -0.162000269 1.13719416 0.496510744
    0.59580493 -0.503362894 0.226693422 0.734959841 -0.461034358
    -0.343877107 0.208598912 1.00025368 -0.295877934 0.137534946
    0.566499114 0.387215346 1.04321134 -0.248556346 0.468974948
    1.17917943 0.954806447 0.0894246697 0.637879014 -0.453718513
    1.37698293 0.105798215 1.19357979 0.610913277 1.09639335 0.806659877
    0.78023535 -0.100235611 0.574100673 0.489014387 1.31241012
    0.596503973 1.08122206 1.39981794 1.42096829 -0.185817152 1.13568664
    -0.115957439 0.566245973 1.24983084 0.849237859 0.317471921
    1.43393338 0.728837132 0.282998979 0.613774359 1.16894627 1.08225238
    1.44871843 0.00207823515 0.687088013 1.20669448 1.48526084
    0.028932929 -0.422599345 0.168621063 1.01673174 0.495290637
    1.25922573 1.36860967 1.4606905 0.617181063 0.0372532606 0.355555475
    1.42869449 0.218214661 -0.403290182 0.611859441 -0.18156907
    0.358480126 0.472965479 0.653108954 -0.2584849 -0.255720884
    1.02963018 1.49907243 0.153703094 -0.0696293712 -0.285154462
    1.0291146 -0.148892522 0.452635139 0.400176525 1.4487288
    -0.103293449 -0.322545141 -0.276362479 -0.0152213275 -0.208394587
    -0.372725308 -0.0997443497 0.0572801232 0.302028596 -0.0650550425
    0.434924871 0.622525454 0.194794655 0.52059269 1.22472644
    -0.326235294 1.43112934 -0.0314621925 1.04963303 0.292963803
    0.341990709 0.832713544 0.0052164793 0.406339258 0.620460987
    -0.478407592 1.04158401 -0.29249081 0.348461926 -0.407238245
    0.305707663 -0.260531217 0.696506023 1.00073397 -0.325880229
    -0.29726994 -0.211920917 -0.464229584 1.42430687 1.39281929
    0.463856518 -0.120571762 -0.234053075 0.47826618 1.0175674
    1.35577607 1.00337744 -0.199890733 0.999168634 0.682723761
    1.54630578 0.468074143 -0.150757462 0.57280004 -0.171552837
    0.0375057459 1.50194514 0.114761174 1.06967545 -0.365676463
    -0.102450401 -0.219002515 -0.250192553 0.0209097266 -0.277172506
    -0.0679291487 0.267841101 -0.332652599 0.570491135 0.41768086
    1.01110005 0.121661693 -0.397333682 -0.316832185 0.504551351
    -0.316539049 0.41854924 0.188405454 0.345161259 -0.0699254572
    1.11364019 0.429448247 0.487623394 -0.353007436 0.965767622
    -0.243323714 1.10197937 0.061258316 -0.424890816 0.332560152
    0.742224693 0.967113614 -0.188451767 1.19105721 0.51704061
    1.41453743 -0.151276857 1.02449989 -0.426246077 0.0871925354
    0.732298672 0.544986725 1.24157774 0.0252146125 -0.0170801878
    -0.482864559 -0.14098984 0.996187806 1.04774737 -0.00536042452
    1.23385537 0.332639933 1.16213107 0.379848421 0.875473797 1.05796325
    1.11845183 0.0521938205 1.43516576 -0.14367649 1.18924236 1.11489224
    -0.235927999 -0.288672656 -0.00159573555 0.491622686 -0.365940392
    1.46719766 0.555478871 0.747040927 0.6426512 -0.521634459
    -0.52275759 0.00197714567 1.45239067 1.4445169 -0.0736272931
    0.764604568 0.0439688563 0.257911861 1.2513057 -0.484222859
    1.34693503 1.03334689 0.272785425 0.429934025 -0.0305022001
    0.317206681 0.85402596 1.19085419 0.141464472 0.436899483 1.39626575
    0.857038021 0.277640879 -0.156383127 -0.0392398834 0.872897744
    0.122142494 -0.129000038 1.15402079 0.874165237 0.0319247246
    0.726214767 1.09984016 0.00867187977 -0.416421562 1.34338236
    -0.149486363 -0.21153599 0.729445755 -0.15457949 1.04240704
    1.02637267 1.44094646 0.307603419 -0.0735689104 0.874458313
    -0.398975432 0.715036035 0.87675035 0.657486916 -0.284534454
    0.190027684 0.33590591 0.562143385 0.561284781 0.58536613
    0.366476536 0.433037043 0.12643978 1.30073738 -0.214577228
    0.729020774 0.962716758 -0.417972177 1.42693877 1.3486042 1.12496614
    0.312565207 -0.460549444 0.79669565 0.181088805 -0.437201321
    -0.0711536407 1.51812148 0.104218364 0.44103682 0.308574259
    0.827483535 0.49822855 1.26903415 1.17776036 0.0500460863 1.39451051
    0.964488506 0.612553835 -0.149254203 0.407988369 0.59141022
    0.33059752 -0.42324394 -0.0822131932 1.43735373 0.0549371243
    1.31104898 -0.218003541 0.418284059 -0.433185697 0.879673243
    -0.231465489 0.155768335 -0.100224137 -0.392527938 1.01495147
    0.729047477 -0.405233532 -0.195174575 0.40739727 1.11903489
    0.619164348 0.0149469078 1.49914587 -0.276724905 0.438678205
    0.514318705 0.435829282 0.446956336 -0.318215311 1.26687551
    0.79404068 0.945275009 0.522401154 -0.137342125 1.49264014
    -0.390617907 0.236822695 -0.03896299 1.49293113 0.0126404762
    -0.0540041029 0.678016782 -0.436977893 -0.163590968 0.459476292
    0.261267275 0.154070616 1.10027885 0.33447808 -0.0146577954
    0.449883759 -0.177516162 -0.162485242 1.43339658 0.159693718
    1.03883469 0.326481283 0.158391714 -0.322725862 0.646716654
    0.822023273 0.266625226 0.551880538 0.63322103 1.54965353
    -0.30795449 -0.0187982023 1.15306664 0.319857806 0.894553304
    0.991115451 0.304626316 0.248420179 0.463640839 -0.00581604242
    0.0505253375 0.716460466 0.865519106 -0.393653691 1.19805288
    1.00665987 1.4200902 1.11414266 -0.21403867 0.0819241405 1.31997442
    0.63677901 -0.249532178 -0.255618513 0.319923609 0.0905311406
    -0.157413125 1.47828674 -0.135140479 0.782728791 0.889608502
    -0.190638423 0.109997749 1.33496869 -0.462337703 -0.265012741
    0.479332507 1.31947255 1.37095666 -0.498599082 -0.0224483013
    -0.196245641 1.44063997 0.0697690248 -0.0405409932 0.287007064
    0.0630653799 0.333831728 -0.275060922 0.594681561 0.754379988
    0.709722519 0.916152 1.30479097 0.205688536 1.35106111 0.951378226
    0.221695215 -0.359521717 0.395779222 0.892151773 -0.403492123
    1.15030515 -0.412434429 0.130836517 1.24733996 1.10142684 1.14774179
    0.64730227 0.402214885 0.544234753 0.758057654 1.25076151
    0.106463671 1.39026499 0.0952136517 0.94712925 -0.364303827
    0.894795597 1.212291 0.124578893 1.32130802 0.500382543 -0.473521113
    -0.17190212 0.714826345 -0.068279773 1.16596842 0.308742046
    0.375250757 -0.204580575 0.453837156 0.639430046 -0.300415516
    1.4212532 -0.0971165597 0.584834993 1.31079197 0.348704338
    1.26871097 1.40669882 0.589913726 0.972325206 0.914206922
    0.292925537 -0.492629409 0.189599276 -0.0508317053 -0.0363349617
    0.643698335 0.0947813392 -0.0585082769 0.794603109 0.116754174
    1.45536935 -0.0864316523 1.25177407 1.2166369 0.844286442
    0.257393122 1.25180089 1.19338143 0.91492331 0.285676181 1.24143541
    1.41625834 0.4263587 1.32696819 0.985428154 -0.386732548 0.490453959
    0.788590968 -0.444058299 -0.466822863 -0.481460154 0.573257387
    0.422582299 -0.130637437 1.42528784 -0.36987108 0.895326614
    1.46098042 0.60676235 -0.474198192 0.0459136367 0.996234894
    0.0623731315 0.480720401 0.640690804 0.461386561 0.752372861
    0.175009787 -0.141237348 0.462355286 1.22775984 0.530772686
    0.0827748775 -0.427441269 0.962929845 0.301974058 1.01774347
    1.14986634 -0.389267445 0.582270026 1.0294615 -0.168358028
    0.0311253667 0.167565048 -0.145556986 0.669575334 0.012725085
    1.44967031 0.681046605 -0.28427875 1.13165998 0.288287342
    0.832611918 -0.376690507 0.759989619 1.32842267 -0.131783634
    1.28576016 0.176169097 0.918229222 0.508114159 -0.461652994
    1.36786866 0.739846885 0.177400112 0.623945177 0.938199699
    -0.0398281813 0.824389875 -0.471726686 -0.336723447 0.719497979
    -0.445435852 -0.253211856 0.0905788839 -0.243791759 -0.418828785
    -0.118522018 -0.268509448 1.22048867 0.0454239845 0.413468838
    0.601195693 0.121510506 0.495503306 0.58569634 0.30902341
    0.739331365 1.48340595 1.23492122 -0.237574071 1.15962195
    0.231284916 -0.156564623 1.37041759 1.31003821 1.11589861
    -0.0939036608 0.216856539 0.296907187 0.711928785 -0.217739373
    -0.0345148444 0.627430677 -0.039452523 0.384355694 0.0446221828
    0.573438168 0.194444686 -0.410350144 0.0500942469 0.615692854
    0.980288029 -0.0336028636 0.985111773 1.13976562 0.345013261
    -0.157384604 1.20928395 0.167667449 1.11295152 0.651502192
    1.46483898 -0.114093363 -0.0847879052 1.26824808 0.383611709
    1.4301399 -0.0344093144 0.558458269 -0.251248777 1.03714383
    0.0494643748 -0.0501493514 -0.156296998 0.473669648 0.493816853
    0.848218679 0.953551888 1.30626678 0.142412305 -0.160642207
    0.231864691 1.27328587 1.32636857 0.676229596 -0.171918064
    1.38984752 -0.115302145 -0.272467792 1.38008976 0.76752013
    0.586086035 -0.370529115 0.331457227 0.522540033 -0.0856311321
    -0.470463097 0.262371004 1.50669289 1.5006845 1.43378544 0.445285976
    1.47307253 0.488725185 0.683327794 -0.119554639 -0.43419838
    0.0313298702 0.836986363 1.15332103 1.46408105 0.812897503
    -0.199623287 1.04213595 0.737291813 0.686065137 0.936018884
    0.430054426 0.474437475 1.42025995 1.45119381 1.1089766 -0.286874205
    0.783680499 -0.317400098 1.36488771 0.0317747891 1.48922122
    -0.443164527 -0.0698849857 0.388944447 1.15028882 1.13743091
    -0.123631507 0.580373287 -0.378133148 0.359026283 -0.210258067
    0.284205437 0.127973437 0.0712479353 0.530843556 -0.229391575
    1.23257852 0.186466515 1.42315471 0.115686119 0.325503737 1.49584794
    0.40445435 -0.274821579 0.343375444 -0.481426895 0.984618425
    0.0330147147 0.471255481 -0.530391335 0.540724277 0.426322877
    0.440074444 -0.204900116 0.387131333 0.0261871219 1.16052485
    1.14894581 1.13909459 0.404940069 0.169656038 1.34265244 1.37096024
    0.0474288464 0.622737706 -0.0645471811 1.10751641 1.38724947
    0.423218727 -0.483669162 1.01890647 1.12269688 0.132351488
    0.443015456 -0.387721956 -0.387890697 0.244761348 -0.169294238
    0.275084674 -0.289161772 1.02213252 -0.196993142 -0.277273923
    1.32940996 1.21705794 -0.485130697 -0.346672446 1.26190233
    0.473444521 -0.397218764 1.20179605 0.442424297 0.816559911
    0.505655646 0.141207695 0.362032115 0.910925508 1.22760439
    -0.215179354 -0.27825743 1.11737275 -0.0759164691 1.02863395
    0.66210407 0.738506198 0.490979254 -0.128696799 0.111987352
    0.0542858839 -0.353930771 0.702924013 0.0999284089 0.0343299806
    0.51167661 1.12125671 0.848061323 0.713790417 1.40446353
    -0.148481339 0.249727666 0.519177616 0.935792506 0.174857408
    0.8008883 -0.225302905 0.776398301 0.646290243 0.15719533
    0.642026782 0.364056647 1.42898273 0.987494349 0.00190991163
    0.575213432 0.706598163 -0.489897281 -0.0207159519 0.804685473
    0.883972883 -0.105481446 0.469461113 0.00986385345 -0.203891873
    -0.349411488 0.156979978 0.89259094 1.28250909 -0.397906721
    -0.0237185955 0.102437556 0.191049218 1.41484082 -0.277114809
    0.855177999 1.32738829 -0.0164328814 1.04946399 0.989352703
    0.153409421 0.993175209 0.760879755 1.18071318 -0.189942598
    1.33847666 -0.335311323 0.973377585 0.121615767 0.676810086
    0.214432061 0.339745283 0.714673162 -0.269282371 1.39627731
    0.139447153 0.811977744 0.973386943 0.942795992 1.29660344
    -0.0846989751 -0.0534581244 1.51365399 0.0647792518 1.16053796
    -0.192250729 0.642298222 1.19039512 0.372150183 1.1134907
    0.472852767 0.250832409 0.378500074 0.113717854 0.39200294
    0.38201496 1.57077909 0.0228280127 0.727034688 0.777102768
    0.685833693 0.774058461 0.680534184 -0.0445258915 1.09063196
    0.379018635 0.384244084 -0.282528222 1.00397325 0.803695321
    1.31391454 1.03663218 0.688676834 0.915140867 1.02755988 0.142433196
    1.04479015 0.418323219 0.479704946 -0.148293108 0.990882993
    0.0943306684 1.3371172 0.560205579 -0.422474682 1.28404796
    0.747332573 1.17845142 0.332654238 -0.243095189 0.443008721
    1.35932887 0.977162659 -0.411772728 -0.126134127 0.453158498
    1.26502442 0.514846802 0.322907329 1.42208433 -0.308009624
    0.878311157 -0.291846037 1.29077995 0.107471615 -0.400859118
    1.12925839 1.20637882 -0.391179979 0.455694944 0.102001488
    0.984668374 -0.0534458458 0.996967673 1.24666286 -0.0377766192
    0.0974784493 1.08976388 1.46436894 1.50195599 -0.435269117
    -0.223329902 0.667860389 0.772258043 1.29388249 1.08223128
    0.240023196 -0.131207734 0.0701693892 -0.0746363699 -0.0599891543
    1.06968606 1.28904128 0.531097531 -0.000314176083 -0.0823650658
    0.158321381 1.26454651 -0.405801058 0.576889157 1.33653176
    -0.0241285563 1.0526166 -0.125061035 1.46703279 -0.205623537
    1.07498705 -0.35747388 0.0241933465 0.807116866 1.30730104 1.2230233
    0.923137784 0.0621139407 0.636419356 0.463129699 0.430773258
    -0.377624035 1.49047744 1.05909348 0.172837466 0.054928869
    0.581114054 1.49421096 0.277524233 0.082585454 1.46516967
    0.561881304 1.49368882 0.420941532 1.16470695 -0.170681685
    0.0859251618 0.895079553 0.521003604 0.776699245 0.304963827
    0.962691367 -0.423047543 -0.0408852696 0.757726133 0.566643834
    0.727533221 0.840934336 -0.293454617 1.43553662 1.13264012
    0.147954404 0.822762609 1.06340921 0.45017615 0.540439248
    0.206756294 -0.383052111 -0.450418949 1.0986346 -0.510716915
    0.70339942 0.513489664 -0.209196597 -0.120866627 1.22868061
    1.10580444 0.297821939 1.18232751 0.0964822769 1.18545604 1.43026328
    -0.371572763 -0.450528115 1.4660008 0.927350581 -0.141659945
    0.853232265 0.116065264 0.666751921 1.22788739 -0.0732076168
    0.888107002 0.718234241 1.0256964 1.12051523 0.58924973 1.22841001
    0.939416051 0.573683619 0.613166511 1.30887246 1.50142658
    0.0317980945 0.752069235 -0.350122631 0.66327405 -0.325987488
    0.994007766 0.602638364 0.0565964282 -0.230426043 -0.441793442
    -0.278124154 0.227241367 1.45050716 1.19647121 1.00799012
    0.526094735 -0.415041238 -0.331554949 0.204783678 0.377309352
    0.460592598 1.04926014 0.709472418 0.56011796 0.771896541 0.85811305
    0.848968625 1.50923347 0.83875668 1.17417943 0.208118826 0.8371346
    -0.139168829 -0.299090981 -0.340329021 1.31230128 -0.414764404
    0.445974648 0.731261492 -0.0914732516 0.138053179 0.560415983
    -0.0888356864 1.07943439 0.947880208 0.64745295 0.305716813
    0.743858814 0.78842175 -0.354441494 -0.351406634 1.25904655
    -0.0186669827 -0.268992722 0.218598455 0.438449293 0.906587958
    0.971544266 1.04239106 1.47301018 0.451439023 0.147935987
    -0.197742641 1.4714278 0.629311621 -0.274590671 1.36299062
    0.300537497 0.134999573 -0.1416246 -0.185130119 0.451774359
    0.575084209 0.989749432 -0.267045379 1.35725594 0.254392982
    1.01536024 -0.0737703741 0.953885138 0.504935384 -0.432996362
    0.115340739 1.60799229 1.22458303 0.489786834 1.09371459
    -0.0433958173 -0.385510027 0.327134907 1.02735376 0.0759760737
    0.290955067 0.872114062 0.592969716 0.0779136419 1.22768295
    -0.117390037 0.784309626 0.43914634 1.31818211 1.33132601
    0.416315436 -0.235074773 0.591966271 0.990659356 -0.028726846
    0.778636992 -0.103726834 1.25188458 -0.137420535 0.982519865
    -0.166790038 1.57141352 1.01503122 0.708390594 -0.201606154
    1.33403397 0.858150244 0.877965212 0.43745333 0.030233264
    -0.232804805 -0.465672165 0.796682239 1.36637378 0.959167361
    -0.12331301 1.32722497 0.654370666 0.0161213875 1.42470384
    0.291647941 -0.237969816 -0.106282979 1.04252326 1.30252361
    -0.288746953 0.624394596 1.09743643 -0.0467167795 1.12206197
    0.674551427 -0.345576525 0.637140512 0.822679818 1.07518077
    0.591672421 0.117888272 0.720157862 0.489631236 -0.382829607
    1.23050213 -0.0135503411 0.176193774 1.455109 0.948938906
    0.946606696 -0.299474657 -0.0304995775 1.14772308 0.559757948
    0.00531190634 0.751838505 0.474777162 0.972324133 -0.207052976
    1.03095841 0.512987256 1.16128349 0.0799429417 0.352665663
    0.806339979 -0.218720257 0.604861498 0.071087569 1.48693657
    1.03046739 0.611631393 0.889592469 0.789768994 -0.31809324
    1.35355449 1.32265496 0.311219513 0.177135348 1.16805959 0.718668282
    -0.0323817134 0.507833004 0.59779036 0.197791278 0.947511673
    0.952696919 1.05233765 0.25406152 0.640992165 0.417454898
    -0.322539806 0.238279939 0.233714402 0.593885601 0.219784915
    0.565705955 0.37469703 0.930417001 0.653629065 -0.537668049
    0.376865387 -0.533113778 0.0591132641 -0.309601545 0.660850823
    0.204395533 -0.530738592 1.09613001 0.867950082 1.03910923
    0.916759789 0.800898552 -0.0852687061 0.847204983 0.572728097
    1.25010586 1.00748098 -0.0488060713 0.80924958 0.706272244
    0.766159892 0.718154192 1.42189717 0.106613398 0.397756219
    -0.312309444 0.603970468 0.124049991 0.457069784 0.374047935
    -0.214733213 -0.0348597765 0.817676246 -0.144779205 -0.12973091
    1.27961946 1.01466537 -0.493054003 -0.210524917 -0.0994417369
    0.526655614 0.844297171 -0.341297567 0.30632633 0.0426129103
    0.131897032 1.18634677 -0.102247208 0.431035042 0.11703831
    -0.338912606 0.247027695 -0.238700807 0.596239388 1.44118536
    0.442839742 0.899301767 0.518487155 1.04236412 0.102844626
    0.369073778 0.13721773 -0.429596037 -0.310295731 -0.0585995913
    0.325298697 -0.124709278 1.03732431 0.875709772 -0.224532396
    0.97335732 -0.091253072 -0.339100927 0.766159356 0.609986722
    1.08027399 -0.471080303 -0.408167899 0.687797725 0.824325919
    0.0684228837 0.868430197 0.898340583 0.305482566 0.619823992
    0.645288885 0.893519163 -0.283084661 0.135407448 -0.0914099813
    0.94257462 1.28105187 1.36815715 -0.476553261 0.908344686 1.26481247
    0.569883347 0.896396518 -0.320960224 1.39418006 1.29087329
    0.32865411 -0.332697421 0.0138445795 0.292122424 1.12261975
    -0.0219918489 0.720934629 0.633654058 -0.105277747 0.209323823
    0.150105 0.86239028 -0.298437238 0.772396386 0.731151819
    -0.204950988 -0.374958843 1.33837605 0.0563792884 0.58158046
    0.975445628 0.0831810832 1.02805972 0.445005834 0.726548791
    -0.460688502 1.29573441 1.12919426 0.174472511 0.697442234
    1.19454479 0.62516284 0.420407087 -0.247337356 1.07535887
    0.402246773 1.44811034 -0.209756747 0.932253242 1.43398201 1.2716496
    0.431253314 1.11358356 0.820921242 0.603803873 0.058239013
    0.625579417 -0.304617554 -0.310371161 0.309405804 -0.435734391
    0.312385708 0.606402755 0.291000485 0.778262317 1.35655224
    -0.382260859 0.304594457 0.384934723 -0.094504267 0.526683807
    -0.0182226598 1.0669955 0.110572577 0.217147231 0.769982636
    1.09643102 0.213700652 0.957606316 1.26993239 1.22167945 0.298022687
    0.0663440824 -0.334759355 0.885886371 0.74729538 -0.390390605
    0.641124725 1.3875066 -0.363937616 1.09663498 -0.426317632
    0.673346698 0.66954726 -0.499262244 -0.316381395 0.635545611
    -0.140093446 0.925935924 -0.137721092 -0.250132799 -0.0677393377
    0.416141391 0.00392639637 -0.163445085 0.748469532 1.47025847
    1.05391729 0.236673355 -0.102083862 -0.510471106 -0.160287827
    1.40778112 -0.391528368 0.730923653 -0.153554082 0.661556482
    1.23881555 0.0946199298 1.24947596 -0.40879041 -0.211668819
    -0.472582966 0.175479472 0.744776547 0.31133607 -0.41342485
    1.18456197 0.221353203 0.508712828 0.582029402 -0.084800601
    -0.17594099 0.0584616363 0.522393584 1.45922291 -0.085991621
    0.485593677 0.992088914 0.198169529 0.344126821 0.09768188
    0.133093834 -0.254374325 0.225678802 0.979528308 -0.507137895
    0.953007698 0.304361165 1.35302496 1.22771192 0.21028167 0.562930048
    0.945561707 1.1087718 0.290416002 -0.15967083 0.72127223 0.827702582
    1.47080231 0.74802649 0.668927729 1.3394115 0.476822913 -0.530078888
    1.10023284 1.03262424 1.18404126 1.08662248 1.32385266 1.22957182
    0.877058327 0.239528775 1.02497649 0.434403479 1.09794927
    0.666833997 -0.494327635 0.836583316 1.07724118 1.32666826
    0.116578341 0.206182003 0.540850282 0.877211928 1.37654042
    0.564843833 1.23963439 0.335839272 1.07526278 -0.100093633
    -0.111172587 0.276230633 -0.0673820972 -0.308148384 0.637549102
    0.941404641 1.21789479 0.620206118 1.13830471 1.33902276 1.37177014
    -0.466751695 -0.0691092908 1.42890334 0.749581933 0.773102641
    0.0533559322 1.44244504 1.20397472 -0.456154466 1.16837859
    1.51226938 1.08170903 0.921973467 0.748607218 0.560694635 1.0135479
    -0.210484803 1.1876049 1.05254817 -0.510966718 1.05606127 1.1845535
    -0.438265234 0.41485709 -0.456814796 0.461174339 0.228748292
    0.0461096764 1.13610578 1.28755379 -0.413953245 0.0976028144
    0.534315944 1.25367999 0.384682059 1.47501981 -0.10032022
    -0.294607818 0.596506953 -0.308221877 -0.462928265 0.404565006
    0.666770697 1.00590253 -0.375991225 1.13689363 -0.216484874
    0.425744593 0.618002713 1.39809275 1.33005333 1.20199585
    -0.180580944 0.00393092632 -0.262929738 0.79032445 0.356851399
    1.34262264 -0.00852972269 1.14627028 0.9775576 -0.168922842
    1.12589288 1.1220907 1.02094436 1.44987321 -0.0605754256 1.1329478
    0.606955051 1.48456836 0.989189744 -0.059274435 0.4608742 1.25078917
    0.624366641 0.571476102 0.169607013 0.914767265 0.999339163
    1.30402255 0.69770211 0.822794497 1.43737411 -0.316565007
    -0.117075115 0.152394176 0.358795464 -0.363382399 0.348484069
    0.886565447 0.532025218 1.14219987 -0.424011588 0.0217923522
    0.209063798 1.30109596 -0.0541525483 0.271302342 -0.0401920974
    -0.194850355 0.960389614 0.289857239 0.0767790079 0.500547349
    1.11914349 -0.343937397 -0.305653155 1.48678386 0.0635364056
    -0.137181342 1.1158309 -0.429377735 0.362882912 -0.00408488512
    0.768790483 0.234470785 -0.316266954 0.947631955 -0.101845235
    0.983136356 -0.42280677 0.752498209 1.29605436 -0.430471361
    0.40346244 -0.398329139 1.19656754 1.06433201 -0.233143091
    0.487939477 0.96617192 1.02463675 0.502981067 0.381412387
    0.957826078 1.27000213 1.26635861 0.192562222 -0.26468417 0.58946085
    0.615784645 -0.351893187 0.759960532 0.0689929128 -0.292281389
    0.928309202 1.18841982 0.982823789 1.38079977 0.394563138
    0.643894017 0.70018512 0.464833677 1.37357306 0.0338583589
    0.165800393 0.373096406 0.881852031 0.434504747 0.9102754
    -0.258853018 1.14968848 0.390297949 0.162902594 -0.316101164
    1.09575272 1.28790128 1.14759636 0.185900688 0.107370734 0.580922723
    1.17634785 0.937743664 -0.365085363 0.796595752 0.0592926741
    -0.441028535 0.494647443 1.25732386 -0.0172750354 0.509615481
    -0.398394674 0.257567823 0.482409209 -0.231899276 -0.449043959
    -0.370742232 1.49081492 0.718540192 0.8543908 1.17160416 0.40740782
    0.889074445 -0.150698274 0.111086249 -0.247010976 0.927224278
    -0.482701868 0.791185677 -0.439257383 1.10584426 0.367471099
    1.3696456 -0.0753135681 0.728326619 -0.0867770314 0.0139135122
    -0.228267044 0.383659661 0.842386663 0.0515990257 0.535617292
    0.99505949 -0.166516542 0.175020814 0.190137804 1.13221526
    1.31675959 0.630581498 0.787956059 1.28735864 1.34716606
    -0.294313729 -0.164955288 0.762510121 0.871794403 0.692262769
    -0.204498976 0.429281354 1.26395416 0.78144294 0.990030408
    -0.354415476 -0.265545845 1.42405963 0.407826126 1.44062591
    0.344621837 0.831542432 1.44354916 1.07818985 0.557988405 1.08808494
    -0.480807841 0.252840698 -0.24973616 1.05934715 0.352368683
    0.894498289 0.752890885 -0.26079759 1.06369567 0.803232074
    1.00152016 0.31907326 0.223059118 0.321163595 0.158502162 1.38548374
    0.944546342 1.44380271 0.207153887 0.175989687 -0.48504886
    0.906410635 0.736460447 0.62239778 1.07622957 0.862350941 1.03465986
    0.394565463 0.719889402 0.61660856 1.00510859 -0.0786786377
    0.138548374 0.664132714 0.243641913 1.23726296 1.16066957
    0.937511146 0.82313174 -0.465255976 0.558751464 1.31037593
    -0.211756319 0.420060486 0.47098124 0.502911091 0.568645716
    0.656306088 1.30873644 1.15577888 0.144116193 -0.308728933
    1.23723388 1.21442056 0.416794956 -0.483567715 1.23377824 1.46436858
    0.255300164 0.976622581 1.28337967 0.844816566 1.48145223
    0.691928864 0.299229681 0.724920034 0.678998649 1.46617961
    -0.191825271 -0.0282813311 1.47186112 0.0927636623 -0.36422655
    -0.240223765 0.972259283 1.22647262 -0.439754903 -0.303729177
    0.217802525 1.45479107 1.44644785 0.521048188 0.0293012261
    1.36756682 1.24872565 -0.278097391 0.643157899 0.587316632
    -0.230967373 -0.238422111 -0.306024551 1.04752755 0.662715673
    0.0321986377 -0.402664572 0.223432302 0.15524739 -0.325253069
    -0.332937956 1.07086062 0.310569525 -0.455612034 0.96821624
    0.596167743 0.916599274 0.549514532 0.768921554 -0.047521621
    0.132246464 1.17451692 -0.0339443088 -0.240521789 0.670448363
    -0.433311075 0.87507993 0.910320103 0.333819926 -0.419628829
    1.25163674 1.17149854 -0.0368257761 0.10971868 0.0384091437
    0.372491598 1.23170447 0.367532969 1.20752501 1.25831056 1.24805164
    -0.00370663404 1.33962011 -0.327222586 0.868214548 -0.117066473
    -0.206031233 1.25601149 -0.0731444061 0.143364131 1.28497732
    0.107557952 -0.081225872 0.99168855 0.609110773 0.606831908
    0.215085298 1.18008578 0.281966805 -0.518948019 0.52976644
    0.270174444 1.34585238 -0.329208076 0.495029926 1.33698249
    1.39177823 0.855002761 0.968041182 -0.272737443 0.54036361
    0.690480292 -0.193217784 0.948925018 1.09236646 1.45331681
    -0.0487339497 0.337463498 1.26923716 1.04015088 -0.024622798
    0.0519151688 0.87856108 0.0542746186 1.34546876 -0.37498951
    -0.326576412 0.110675454 -0.191241473 1.02084732 0.313578188
    1.35039032 1.18430948 0.305181324 1.38479161 1.37486112 0.993142486
    1.24226451 0.0285917521 1.36620903 1.48548639 0.337585509
    -0.263467103 -0.34465301 -0.176747113 0.188196242 0.988300741
    0.447374791 0.599090695 0.656698704 0.0411063731 1.14421642
    1.31967831 0.480811119 0.170671642 -0.263819605 0.918844521
    0.758754015 0.828520536 -0.0136140585 -0.100800902 1.12856078
    1.15430439 1.25283492 0.604456127 -0.340005517 0.581661522
    1.27661407 0.753115356 0.416898489 0.926074684 1.20189226
    -0.185005486 0.263243079 0.527805924 0.716293156 0.256772876
    0.887244463 0.609330773 1.33567739 -0.180529445 -0.218290418
    0.524010837 -0.395868242 0.273493826 -0.325198889 -0.0774638653
    0.441533029 0.353463292 0.384927094 0.622774005 1.25490284
    0.441348732 -0.257765919 0.637168229 0.900467157 -0.212975055
    -0.15394482 1.07433844 0.59948343 0.266409397 1.12247753 0.913054287
    0.0230164528 0.792825341 -0.0869349539 1.14998102 -0.080904454
    0.409085274 0.322116852 -0.407674253 1.20173562 1.49004054
    0.385053307 0.289111137 1.05454409 0.121976912 1.39223814
    0.459846258 0.11414355 0.567879319 -0.302634537 0.21434623
    -0.410880655 0.862391114 0.941209435 1.28798437 -0.0175486207
    0.836999655 0.390032113 -0.177511722 0.211403102 0.760397196
    0.548658013 -0.0382656455 -0.0169030428 0.746223569 1.09124255
    -0.386673748 1.09673786 0.306220591 0.318835318 -0.124656409
    0.891370773 1.38779974 0.92350769 0.520698428 0.908230901
    -0.105967849 0.205158114 -0.274152517 -0.409874439 0.680788457
    0.678704739 -0.303761184 -0.413680047 -0.321646512 -0.353040099
    0.0361008048 0.735168755 0.106959105 0.98054868 0.736417651
    1.24164879 0.00847363472 0.800621152 0.138874471 -0.189189732
    0.372775197 1.26529694 0.821196795 0.765615225 -0.478814363
    0.758880496 0.799103439 0.844149947 -0.482165396 0.880634129
    1.20909965 0.110842854 0.41323334 0.0237348378 -0.385214508
    -0.0687182248 0.094263792 -0.314005852 -0.123098522 0.453047991
    -0.233425796 1.16818666 0.24726367 0.155265987 0.654670477
    0.126001358 -0.434790701 -0.43099463 -0.277431607 -0.370966703
    1.23144186 -0.128335148 1.11533332 0.348115951 0.407403678
    -0.127856374 1.35951769 0.324596703 1.44350326 0.273003817
    -0.153042406 0.386343837 -0.0432696044 -0.0212389827 -0.15212512
    -0.403948128 1.39428735 0.359171748 0.120936215 0.379599214
    0.116313338 0.0686464906 -0.14004311 1.43330693 0.0420488715
    0.683144748 -0.193360746 0.0102103949 -0.184323221 -0.0145213604
    0.406879187 1.2170409 0.945714474 -0.214572132 0.505839229
    -0.372901171 -0.370017648 -0.20421201 1.37504649 0.0515483916
    -0.0625213385 0.754542112 0.792706549 1.44326758 0.727036119
    0.137219906 0.2675035 0.511006415 0.381818593 0.15015018
    -0.201636136 0.431009144 0.188617647 1.31439161 0.249098361
    -0.113297105 1.14635944 0.502233028 0.0323110223 0.830922902
    0.530554295 1.17491961 0.498060405 -0.126990944 1.4490025
    0.182495475 0.0113781095 -0.316235214 0.356541574 -0.324223101
    -0.102383971 0.96130234 -0.253998965 0.0208702087 1.32199287
    -0.333928406 0.938222229 0.595733285 -0.0605826974 0.52738452
    1.34321094 1.24554682 1.24512053 -0.17129308 1.41564369 0.941497147
    0.0351749063 0.326175928 1.31753385 1.23356771 1.37686086
    0.997796714 0.662458301 1.1305337 1.10477829 1.06854248 0.457393467
    1.03415775 1.0565834 0.160686553 1.12368 1.08451748 0.709951758
    0.422741771 1.08048654 1.09006381 0.0268387198 0.645297706
    0.388322681 -0.453557491 0.175895423 0.554115653 0.57890892
    0.73289144 1.13032997 1.19466734 1.01378059 1.21681035 0.634336829
    -0.031380415 0.252935529 1.08289659 0.811630726 -0.112413913
    1.17383361 0.987164855 0.121032655 1.39335251 1.16763496 0.183985829
    1.05927253 1.3709929 -0.206845194 1.39908838 -0.299168736
    -0.0427031517 1.25137663 1.23126352 1.26875019 0.476815164
    -0.299080789 0.649940073 0.636579096 0.137436748 0.045579195
    0.58504951 1.20578051 1.16208053 1.21940398 -0.0138395429
    0.340306997 1.22846496 0.85642451 0.481725633 1.19180799 1.14827275
    0.811614335 0.373643696 -0.569902837 -0.111350387 -0.288010627
    0.708347142 0.491685033 -0.0913565159 1.12665272 0.217085063
    -0.499475002 -0.274051309 -0.102280408 0.817317188 1.30186975
    0.846135497 0.148874581 -0.122504652 1.06336856 1.07438755
    1.30126357 0.610238194 -0.122361451 0.295123577 -0.426313758
    1.48301637 0.533222795 0.412974536 0.567536175 0.964244306
    0.604418635 0.621910572 0.163683116 -0.416698217 0.393547982
    0.642668366 0.992955327 -0.330723703 1.15134072 1.42615342 1.3528893
    0.0358718634 0.806203723 0.990502536 0.986548305 0.362800479
    0.493232846 1.44379044 0.328548789 -0.332329422 0.269338071
    0.965186656 1.26313543 0.565077305 0.989357293 0.376067102
    0.14350298 0.115753859 1.52721322 1.38318729 0.291979522 0.130154818
    0.216634601 0.581566453 -0.275839567 0.0808609128 0.646264672
    0.453304708 0.0366231203 0.437300503 0.765901923 1.27842879
    -0.524767101 1.2479142 1.38865113 0.662075818 1.27578855 0.263338983
    0.180817634 1.12266338 1.46993756 0.660919428 -0.0978741348
    0.79792583 0.985405266 0.814459443 1.38137436 0.613713622
    -0.220252723 -0.289205283 -0.0649927557 0.794803321 0.360674649
    0.527751267 1.35395193 -0.19433713 0.367158651 0.375771046
    0.968319416 0.33546412 0.31495437 -0.367692977 0.838213027
    -0.196186632 0.536887765 0.805730402 0.810944319 0.501688838
    1.39459908 0.405180544 1.48001575 0.278857738 1.27432454 1.4434073
    0.822152853 -0.442026675 0.950036108 0.70854497 0.719101071
    0.71483916 0.807091713 1.47342563 -0.108579278 -0.469146907
    1.04591358 1.00337958 0.210367084 0.479769409 0.968272209
    0.886849523 0.447330952 0.502106547 0.36658749 0.207065731
    0.939056993 0.424678534 0.171921104 0.808032155 0.525067866
    -0.423930913 0.648130417 1.24081743 -0.360467315 0.428376913
    -0.127994806 0.718538404 0.303268075 0.750922978 0.708186865
    -0.496777862 0.563935041 0.0839491487 0.487776637 1.1372143
    0.632056952 -0.507150412 -0.0375958979 1.27120662 -0.294057935
    1.42117679 1.03088939 -0.511239827 -0.336549252 0.131949425
    0.607169032 0.217320174 0.582853794 1.30296695 -0.0780514777
    0.119995356 -0.206687003 1.35070848 0.979704738 0.172427297
    1.20765352 1.21254754 0.817759752 0.761978507 1.40345049 1.34494638
    1.23136425 -0.0895452201 0.229505837 0.519544661 0.534375966
    0.689349651 0.696736097 1.21937072 0.410175025 0.940680325
    0.86865896 0.797322273 -0.574045897 0.873879492 -0.430142105
    0.787912428 -0.0145980716 -0.0524773002 0.0298123956 1.22680616
    0.949825943 1.03722727 -0.23169893 0.99454093 0.0537381768 1.4871558
    -0.284400046 -0.060538888 1.2853719 -0.0423770249 -0.208772942
    -0.153594106 0.127773821 1.3920536 1.17221236 0.610529184
    0.870430708 -0.28001821 0.66935432 -0.409131885 1.54486895
    1.13034034 1.53196645 -0.0216723382 0.0224097371 0.268668354
    -0.449092656 0.637736976 0.202765942 1.32037163 0.0802851915
    0.606328845 0.369400859 0.208491981 1.35703564 0.730291307
    -0.265098125 1.3218801 1.41495824 0.054012835 0.98819375 0.968327582
    0.00998687744 1.06308198 1.05061698 0.717391133 -0.288424194
    0.523624063 0.97126019 1.42521453 1.42012072 1.39515066 -0.106915087
    1.36349356 0.780092597 0.0688896179 -0.0284785032 0.495239019
    -0.247700095 1.07551563 0.664167583 -0.0982371271 1.16678572
    0.990519345 -0.168137074 -0.048681438 1.16831255 0.532196224
    1.15735459 0.124442369 1.01116025 0.430464208 0.378374815
    0.444423735 -0.10299021 1.13727355 0.609273911 0.675154686
    -0.00842899084 0.165788949 0.247786641 0.452438593 0.209482193
    -0.16352421 0.289333105 0.397202849 -0.0647990108 0.29168582
    -0.498750329 0.436292112 0.224006355 -0.113687396 0.315007508
    0.698821545 0.140425503 1.19539046 0.997639179 -0.109794676
    0.332960665 -0.52042526 0.195529401 1.4045527 1.23419189 0.79736805
    0.671624601 -0.0479952991 -0.26090762 0.663499117 0.414817154
    0.302600503 -0.271246791 1.42364478 0.970733464 1.09623003
    1.45493102 0.750513196 0.355248541 1.43756568 -0.248695284
    0.59463346 0.600200415 1.27887475 0.741757691 1.3508091 0.702198982
    1.18499482 0.321130991 0.0398759842 -0.199678928 0.405424774
    0.627024114 -0.33988905 1.29456425 -0.0726890266 -0.380028456
    -0.200934857 -0.252950132 0.354046404 -0.287323385 0.546676874
    1.45693994 0.10496369 0.823983729 0.615858674 -0.49604401
    0.168750048 0.770190716 1.10943663 0.32284078 0.332293957
    0.0982956886 1.41954625 0.579253852 0.834362268 1.51856184
    1.10054743 1.23198652 0.179469466 0.207331419 0.813659132 1.48450625
    0.577529848 1.426651 0.513836563 0.256876886 1.07064044 1.42214251
    1.22836518 0.641793013 0.441952884 1.46748531 0.533141911
    0.372447431 -0.201599568 -0.387222707 0.277829796 -0.465217292
    -0.414402872 1.37352037 1.10483944 0.567315459 -0.0398059785
    1.35542059 -0.0174759924 -0.41239056 -0.313859642 -0.109060347
    1.24161828 0.805882812 0.843870997 1.42752492 0.125383377
    0.407732487 1.21534348 1.11787915 -0.156733245 1.33891177
    0.716306388 0.130616248 0.863541782 1.14827871 1.29044008
    0.0513261557 1.06142831 0.229766607 -0.0260038972 1.15769279
    1.32271862 0.0289819837 0.144475967 1.53279424 -0.157729298
    -0.409589887 1.19177008 -0.187695652 1.22413135 1.4273026 1.08263576
    0.803843558 -0.43471384 -0.385581762 1.31193578 1.33489192
    -0.00641816854 0.961737752 0.602076292 -0.0308383703 0.384138525
    1.20481372 0.939171553 0.970012844 -0.386546373 1.26112652
    0.662905693 -0.577647805 1.19357264 0.882564366 1.19501519
    0.777779281 0.250602543 1.15481305 -0.268807769 0.588855803
    0.121784687 1.02774405 0.0711997747 0.949356019 1.3061645 1.00860775
    -0.402468741 1.11504507 0.984046936 -0.0322215557 0.842188776
    -0.261345208 -0.143841773 1.49470854 0.742047906 -0.408489347
    -0.409065634 0.937742829 1.36151254 1.23931384 1.19317317
    0.389070481 -0.238576695 0.990793049 -0.26029247 0.37346983
    0.859373391 1.03333187 1.37731206 1.19700885 -0.276625246
    -0.0332238674 -0.40422675 0.0671460032 0.835318327 0.28056252
    -0.00620213151 0.569031537 -0.461120665 0.418622017 -0.311750054
    1.32241488 0.845721662 0.323173821 1.15033484 0.587898493
    0.601075649 -0.256318569 0.420310676 1.19262731 0.750307083
    0.487654328 0.52490145 1.36320734 1.02176964 -0.400924265 1.42853618
    -0.256502718 0.951551735 0.30876112 -0.339826405 -0.52314198
    -0.460621655 1.02137995 0.824995995 1.03011346 1.26563048 1.23038447
    0.530313373 1.29207861 0.221786499 0.64105314 0.571891904 1.07772732
    0.294221222 1.39911151 0.535290122 -0.137580276 1.00429118
    1.21171391 0.109793782 1.0806824 1.13370442 -0.448022366 1.23572397
    1.3472054 -0.26197207 -0.126297981 0.33914724 0.381098777
    -0.481053591 1.04709816 -0.00428676605 0.679869235 0.811460912
    0.363708615 -0.184410006 0.204372704 0.696093202 -0.418851644
    0.14153713 0.44013226 0.918797553 1.28559732 0.579779685
    -0.493330777 0.498819649 -0.104778796 0.272166669 0.812869966
    1.22053552 1.46769547 -0.459309429 1.14720047 0.872365952
    0.540436447 -0.307539701 0.833859503 0.980699718 1.47924376
    1.40963483 1.20073009 1.15356874 0.152341068 1.0951395 -0.176354647
    0.785428941 -0.317800075 -0.0735075474 0.632508039 -0.4267672
    0.460918725 0.50645858 0.449963629 -0.483370125 -0.00277400017
    0.108399689 0.0773766637 1.29236293 0.384573221 1.1029489
    0.916234791 -0.475528598 0.384206176 -0.199275851 -0.207846522
    0.979926884 1.00273991 0.360851347 -0.447159797 0.60099113
    1.54325962 0.302033633 -0.143945932 0.418527544 0.710292578
    0.291483283 -0.174162865 0.823890626 1.2517879 -0.271302938
    1.49989748 0.611263335 1.55616355 0.59480083 0.304523915
    -0.179509163 -0.243990466 1.46235657 0.0834455192 -0.224613935
    1.20488691 0.984036148 1.48306727 -0.0920350552 -0.0539270639
    -0.00040781498 0.658191681 1.25675964 0.0379024148 0.747177005
    -0.0819397867 -0.335684627 0.655874431 1.0223918 1.3611722
    0.934233963 0.334260881 0.181689948 1.34492803 0.555348098
    1.28776145 0.916375041 1.42239141 -0.382925242 0.03312549 1.11589277
    0.595632374 1.22350729 0.475465 -0.393644214 1.4031992 0.395911247
    0.587927103 -0.41079101 0.605686367 -0.249141723 1.2852838
    1.19291675 1.30765533 0.083730638 -0.53638649 1.19703841 0.92947495
    0.779710531 0.179216921 0.851083279 1.23979533 -0.184000582
    -0.418226331 -0.0399335623 0.341041416 0.097856015 0.185256213
    -0.246231839 0.418675542 1.49023759 -0.360021651 0.727028608
    1.35576677 -0.194002151 0.164770186 0.662871242 1.11377168
    0.29082942 0.510927916 0.689346552 0.738708913 1.16878486
    -0.124722213 1.25837231 -0.392339826 0.436503053 0.263156235
    0.319367111 0.511388779 0.98442173 -0.316680998 1.09058571
    1.19809806 0.86560154 -0.466393441 1.16218722 1.06637669
    0.00945711136 -0.408172071 -0.129273981 -0.216510057 -0.27128911
    -0.161395431 -0.129949808 0.989519954 1.40131187 1.32494068
    1.38471031 -0.332919449 1.05385315 -0.361340702 0.0523124337
    0.240923941 1.26006413 1.11926579 -0.219942868 -0.136610955
    1.23248589 1.29078543 -0.394476533 0.0732636452 -0.321372986
    1.32936394 -0.350988299 -0.454643577 -0.204213172 0.270711422
    0.106441408 -0.315388203 -0.10306567 1.24479401 1.2161082
    -0.304111391 -0.153092295 0.645575762 0.231500208 -0.432018042
    1.39188385 0.605860472 1.05463243 0.861090302 0.113079309 1.42463398
    0.406180739 -0.206390262 0.000858068466 1.09656906 0.304586649
    -0.186258227 0.51261431 1.01175308 1.1264751 -0.122869283 1.40810823
    0.593481839 -0.334218264 0.307882637 1.40370142 0.702406347
    -0.445169419 0.547193229 0.669837773 -0.449843109 -0.118488282
    0.201116323 0.963360906 0.933777213 -0.431289434 0.338063836
    -0.138438731 1.32784498 0.289659739 0.181387305 0.261445343
    1.22985125 1.2821219 0.784905434 -0.466306984 0.845144987
    -0.0530748665 0.460159361 1.46845424 -0.491997749 -0.208202928
    -0.487392068 0.55745095 1.30704284 1.12049198 0.612604022
    0.270067692 1.15871382 1.13650393 -0.423232645 1.39242041 1.224581
    1.18014479 0.776790619 1.1939528 0.589440644 0.6142326 0.242206305
    -0.249292001 0.796254516 0.802475214 0.247003704 0.479722291
    0.955461383 1.06073678 0.583215296 -0.193193197 -0.276499331
    -0.0406392813 1.07997227 1.12741613 0.0754401088 0.253839135
    1.38462663 1.34778762 0.336973786 0.492861688 0.744559765 1.09687054
    0.882717133 0.697074473 1.08125341 0.443103641 0.103008568
    0.584942102 -0.314771056 0.656373501 0.709922075 0.654265642
    0.0318702459 0.715238094 0.0744111538 -0.425612599 1.35903859
    0.081007421 -0.0592205822 0.592399657 1.03297234 -0.349687815
    0.0348986089 -0.0017311573 0.714340627 0.0997670889 1.25949526
    0.628392875 1.18635917 -0.218257889 0.197355479 0.459250391
    0.608849823 -0.2122944 -0.179295868 1.14982343 1.2265439 0.43427968
    0.522733212 0.749086499 0.480867714 0.546292186 0.596796036
    -0.304606259 -0.414842814 1.43635428 1.35852861 -0.173933357
    -0.232274175 0.575263262 0.709127188 0.539161503 1.11007953
    -0.339734137 0.555819213 -0.0612800121 -0.486100167 1.23868179
    -0.0337302983 0.745895922 1.1186111 0.229817152 0.52979511
    1.21350241 -0.128219604 0.880936801 0.745122671 1.14106154
    0.741779625 0.557586849 0.671985269 1.21592724 1.23603797 1.35149777
    1.51518083 0.601666808 0.29829812 0.547785044 1.10546517 0.980164647
    -0.453720957 0.0259507596 0.855344474 0.263153851 1.23265219
    -0.100344867 -0.0942600667 0.0616115034 0.685659051 1.11362147
    0.914217591 0.334933341 1.34681439 0.749293149 1.2316463 0.713545918
    1.03224087 -0.271138191 0.999788821 -0.0367476344 0.483567119
    1.43282926 -0.272425234 0.600717604 -0.062412262 0.322047293
    0.677942872 0.914092541 0.271102369 0.930366874 1.29609323
    -0.237387329 -0.0981387794 1.3645947 0.179836005 0.855810761
    0.975229204 -0.159943581 0.973501563 0.653324485 1.1995182
    0.689637959 1.27282929 -0.0445870757 -0.295118332 1.35714698
    1.11524677 0.7396276 1.29360962 -0.378678083 0.697869837 0.757930934
    0.284638047 1.15836418 0.101253271 0.317775726 0.483973742
    -0.0249682665 1.32522416 -0.508017302 0.996205688 0.743464887
    -0.0603312254 0.795588493 0.867049217 1.02754295 0.78458482
    1.15823042 -0.187808633 0.555079162 0.615965486 1.28448701
    0.563117802 0.880616486 0.135082096 0.6676296 0.085583657
    -0.456733495 1.30868816 -0.0938927531 0.740378678 0.0437000096
    0.889250398 0.736990929 0.9419083 -0.367116839 1.03526902
    -0.0869815648 -0.0205971003 1.3789897 0.050904274 -0.323131859
    0.537507892 0.941035748 0.541297257 -0.205615819 -0.332585514
    0.260679305 0.15800482 -0.10932976 1.04102182 0.852717519
    0.093680799 0.287027657 0.447831392 0.37323302 -0.251655728
    0.955949068 0.207551897 -0.525738716 0.389267385 0.969558179
    0.205028594 -0.417455345 0.842771649 -0.0824959874 1.32561135
    0.774658561 0.153844893 -0.539958656 0.218747854 0.817141354
    0.534078896 1.24575377 0.0896469355 0.801114738 1.1165055
    -0.0823152363 1.37405431 0.596030354 0.398275077 1.08363652
    1.04377747 0.302421927 -0.0457764268 0.744206846 0.860648513
    -0.358100832 0.402209997 0.363383234 -0.375294685 1.19034076
    -0.264888853 1.2102735 1.13270259 0.124855697 0.0838980675
    0.382199645 1.05624747 -0.0434040725 -0.242708802 0.0246605873
    1.36683512 0.751267314 1.03905523 0.848187745 1.23464262 0.551279008
    1.54429007 -0.436057836 -0.00850433111 0.970799327 0.918424964
    1.18024528 0.4717848 0.698943257 0.555199742 -0.294425845
    0.733275354 0.219521463 0.178346932 1.32226372 1.24057531
    0.835998356 -0.288622886 -0.0567523837 0.0669836998 0.430238247
    0.548749208 0.712391436 0.176153541 0.537160635 0.150220454
    -0.211534142 1.20326829 0.648366332 0.488515198 0.475662529
    0.0842728019 1.14196646 0.928373814 1.43078089 0.444910765
    -0.134079367 1.41898537 1.23504055 1.45147467 1.45344102 1.05180669
    0.115553409 -0.210781589 1.24188328 0.600409746 0.59308356
    0.765626907 0.0631365776 0.147911072 0.0672081709 0.887021661
    0.146952242 0.285960883 0.350151181 0.231802404 0.167324662
    1.05512238 0.564294577 -0.102209628 0.53651309 -0.276585579
    -0.46170482 -0.158969671 -0.295917749 0.154344499 -0.470303446
    -0.0984060168 1.19201434 1.2336359 1.41588974 0.672008157
    -0.0791664124 -0.00290089846 -0.108165383 0.214798629 -0.0267281532
    0.145198286 0.859933913 -0.00385421515 0.761524081 0.3816576
    -0.0508296192 0.463763654 -0.460197151 0.757811666 1.16365635
    0.281268358 0.0634214878 -0.247289062 0.600374758 0.0850743651
    0.342949688 0.284471631 0.153580129 0.406494558 0.82732141
    -0.418351024 1.10335362 0.860108376 1.4693737 0.542533338
    -0.0983976722 1.12787485 -0.00938984752 -0.120071024 -0.0737679303
    -0.0895462334 1.13718188 0.973716855 0.202919185 -0.494349271
    0.303716004 1.34528244 0.357080519 1.40873551 -0.331819713
    0.251560152 -0.212865472 0.814320266 1.10680819 0.666482568
    0.882715225 -0.0779238641 0.400403798 0.254065156 0.14216882
    -0.0746026933 1.21812189 -0.293725193 0.100533724 0.0981485844
    0.82459867 0.969712913 0.25196743 -0.272386998 1.06892037 1.11189508
    0.561625242 0.550263643 0.155117273 -0.00109636784 0.576154351
    0.592100084 1.27297056 0.914247274 1.37266088 -0.467524022
    0.673270822 1.03583407 0.276308596 0.588897347 1.19983196
    -0.076887399 -0.167768836 1.41575623 -0.36182487 1.4010663
    0.134959459 0.366958499 1.12060916 0.979065001 -0.114797026
    0.399162889 0.728312969 0.141771734 0.0769817829 1.49436581
    1.1244576 -0.00258463621 1.26322842 0.25102067 0.101389527
    1.33800983 -0.394693553 1.16276109 0.0109949708 -0.362068057
    0.3470577 -0.441917598 1.4462167 -0.14448455 0.55768609 1.40633786
    0.537017107 -0.0402110815 1.30427456 1.37144971 0.594256163
    0.691981614 0.387939632 -0.443819672 -0.285085618 -0.394545883
    0.169825017 1.38617134 0.86661315 1.33604658 -0.503671169
    0.885223269 1.07114244 -0.0471306443 -0.130150229 0.81193316
    0.214274108 1.1732558 0.099147439 0.439941466 0.509780407 1.45333171
    0.631950319 0.296462178 0.159143031 0.0106670856 1.38316894
    0.128260314 0.462073386 0.546888947 1.42051542 1.19040084 1.28592896
    -0.08846578 -0.239801496 -0.353067458 0.520780802 -0.262998432
    0.696489632 1.20190632 -0.4644472 0.338819206 0.199921668 0.95779258
    1.46009433 -0.581482291 0.841123819 1.41674542 0.260215163
    1.26843917 -0.316564322 0.449994922 0.0197771788 0.506049752
    0.76161623 0.0690967441 0.340967655 -0.451485634 0.626096129
    1.15994632 -0.104545504 -0.363017738 0.905418813 0.484335005
    -0.0449638963 0.0538082719 1.16032624 1.28699923 -0.293635339
    0.753841102 0.171965986 -0.0298978388 0.32238242 -0.0201297998
    1.18816578 0.20198068 1.12952042 0.694460809 0.380813062 1.28486538
    -0.0161030889 -0.0940179229 0.239307106 -0.590977073 0.930194139
    -0.41598618 -0.414886236 0.0706523657 -0.35676533 1.39406312
    0.520707667 -0.239510834 0.432700455 0.770735323 1.21242523
    1.27854729 1.42976904 0.304747403 0.585542798 0.667512 0.823284924
    -0.285542548 1.23074222 -0.0249776542 0.491890192 -0.367303312
    0.703175724 -0.343833268 1.13913834 0.657868862 0.104149669
    0.731267095 0.529485941 0.149489492 0.587630033 0.803536534
    0.460923314 0.264975905 0.022315979 0.236828625 -0.472290903
    1.46750736 -0.146108955 1.14429975 1.27423429 0.0997646451
    0.641900003 1.20151317 -0.0167576671 -0.177303255 -0.209151298
    0.358726591 0.302134216 1.12197828 1.22750854 1.09689105 1.42886627
    0.276396096 0.241671383 0.532520473 -0.245467871 0.940784335
    0.370801866 0.475927383 1.16522574 0.883161962 -0.302713871
    0.760056257 1.24232411 1.17974925 -0.213967144 -0.15947327
    1.27286196 1.0021764 0.569556713 0.380972743 0.411503375 0.159518957
    -0.026319921 0.806292117 0.710522056 -0.024846077 -0.413334787
    -0.0122903585 0.531122744 -0.283196032 0.500669718 1.52279711
    1.47833514 0.182922423 1.49803734 0.174921423 0.947523117
    0.894641161 0.948206067 -0.470195413 0.58125174 1.07584953
    1.01104593 -0.178456873 0.925375283 -0.252212852 -0.191800833
    0.519008517 -0.342737734 1.3383075 0.457041264 0.193631858
    0.945061862 0.0444255471 0.219432294 0.00374919176 0.0845560431
    0.70957005 0.360776007 0.547785878 1.23137653 -0.062651813
    1.05752182 -0.223420322 0.593429685 0.737330556 -0.469244659
    1.36531305 0.642976999 0.89060837 -0.34009248 -0.336236179
    -0.367255688 0.429674208 0.625697017 1.36974621 1.13797283 0.4598791
    -0.135886639 0.21565485 1.09893775 -0.384573728 -0.354124665
    1.22935355 -0.134009272 0.159050018 1.29912937 -0.414631188
    -0.292087793 -0.418574959 -0.398597568 1.3629458 -0.291809499
    -0.313044906 0.488708019 1.45611763 -0.534300923 -0.371332049
    0.575955987 1.09696281 0.155189514 0.0355955362 0.662749112
    -0.347479403 1.35879636 0.820164025 0.958696723 -0.240453959
    0.878789067 1.46746945 -0.228036225 1.42995644 -0.0276792347
    0.188616991 -0.464374423 0.849250555 0.864780664 1.44135499
    0.740321159 -0.128313869 0.410059214 0.324676484 0.519922853
    -0.0583224893 0.831228971 1.20790601 1.2839098 -0.244500339
    1.32048774 0.136721671 1.14464808 0.883404613 0.267410398 1.23759937
    0.323396266 0.991492927 0.878052592 1.26960385 0.0730671883
    1.00293756 0.959783852 0.256862342 0.324118555 1.33193612
    0.590898156 1.31821823 1.47509944 0.447024345 0.632474422
    -0.495092839 1.33096349 0.0399804115 0.13368547 1.44875753
    -0.173373878 0.559319973 -0.289119124 0.913708746 1.4349227
    0.222038507 -0.131471992 0.312604785 1.12111247 0.151774049
    0.521979272 1.17246246 -0.138733119 1.34395146 0.232504606 1.0369916
    0.0373334289 0.589357674 -0.481600463 0.903275073 -0.0289200544
    0.622050047 -0.165414274 0.996150792 -0.454971641 0.257824898
    1.11131454 1.4525938 0.0121534467 1.22604847 0.811488211 0.518586755
    0.880476654 0.648693204 0.905679047 -0.0939233303 0.466292024
    -0.255956113 0.486449987 -0.428550333 1.16893005 0.478840977
    -0.00178551674 0.254566848 0.691884935 0.861254752 -0.268568397
    -0.138770133 1.22340393 0.230818033 1.0290792 -0.422450662
    0.342579126 0.889428794 -0.172370255 0.254429132 0.415864468
    -0.397419572 -0.0613606572 0.286498368 0.0092676878 1.43293166
    1.37683749 1.3579936 1.13259733 -0.125593871 0.535178959 1.30797434
    -0.246574134 1.35183811 1.48144662 -0.219209582 0.643929243
    -0.250835747 -0.209701568 0.445829123 1.15515971 0.327001691
    -0.00270858407 0.141126812 1.13636017 0.894785523 0.748902678
    0.698872209 1.41623116 1.34317398 0.545355618 0.621575534
    0.196020544 -0.185063601 1.46836901 0.103417337 1.13560021
    -0.403869808 1.2051599 -0.19992727 -0.252821147 -0.219296947
    0.019828409 0.293074161 -0.29129687 0.591952085 1.24067199
    1.41761494 0.696092248 0.119810104 0.841272414 -0.462554693
    -0.00494322181 0.0461761653 0.769005001 1.36248386 0.343711853
    -0.375513077 0.557801723 0.302374661 -0.405474782 1.21602011
    1.09808898 -0.166826725 -0.242486954 -0.322852135 -0.330817312
    1.11019421 0.885871053 1.10768914 -0.0453241765 0.0309548974
    0.443389893 -0.30592981 -0.414504111 0.338690579 -0.483364165
    0.374504745 -0.500639796 0.854405403 0.112787545 -0.36811623
    1.46191561 1.3919636 0.88735646 1.12926149 -0.117535353 0.408226073
    1.02766192 0.180121064 0.469581008 0.567255378 1.44845271
    -0.363486171 0.861165643 -0.348270297 0.723158479 1.32832456
    1.12934542 1.35620928 0.852912962 0.659092724 0.0983678102 1.1295774
    -0.240501136 0.868479133 0.938754082 -0.0339081585 0.227016628
    -0.338523805 1.10844851 -0.298426926 -0.154449672 1.42185009
    0.614695966 -0.465245545 1.11716795 0.986785591 0.0222512484
    0.88220197 0.189236581 -0.434906244 0.530969858 0.728045881
    0.453404188 -0.364072978 0.882561207 1.34301019 -0.37444514
    -0.274372727 0.152398527 0.674443305 -0.216336638 0.564451814
    0.0164607763 0.564202309 0.870742083 -0.335003078 1.15591466
    0.785987973 0.646460772 0.214610994 -0.429854304 -0.054548502
    1.01380491 1.02506924 0.590028882 0.948512554 0.355124891 1.03894043
    0.999366641 0.0951548815 -0.393133521 1.03823364 -0.421730161
    1.35412955 0.584598303 -0.404113263 0.127077758 -0.441352129
    0.526416421 -0.352959603 1.42406034 -0.243415356 0.105699599
    1.25937986 1.40849721 0.376807749 1.12825811 0.037969172 0.614832163
    1.50387752 1.31476295 0.0260677338 -0.222068101 0.808568358
    0.0463572145 0.599675 1.33278441 0.225521684 1.12024724 0.203173101
    1.07169998 0.288703978 0.0103198886 -0.525288999 0.182320058
    -0.417173922 -0.332845867 0.461782992 0.15881294 -0.383623064
    0.423511505 1.20067525 -0.289277375 1.29913187 0.768471718
    0.799801648 1.08036804 0.43493557 1.13911533 1.40803695 1.32964158
    1.39853942 0.75287652 1.0072788 -0.503129482 0.627231658 0.24734658
    0.686488748 -0.343893468 -0.0525477529 0.833329499 0.114105046
    0.329586089 1.23805296 -0.186667114 0.647738218 1.4087007
    0.984008312 0.546441615 -0.126943082 0.802200675 1.36468828
    0.733322024 1.41502333 1.09108555 1.06056654 -0.0422185659
    0.604513526 0.918096125 0.485843301 0.860409558 1.20206118
    0.255495071 0.254323691 0.578955233 -0.450750679 0.464764804
    0.800595284 0.218849301 -0.308952689 0.312564969 -0.0978248715
    0.204463601 0.892979085 1.3552134 1.21709394 0.0456392765
    0.881676674 1.42295027 1.27179217 0.338761151 1.14716363
    -0.0503534079 0.587398648 -0.183968186 1.42080092 -0.0641255081
    -0.515867352 0.765944719 0.284704685 0.746855736 1.50421047
    0.0284217 -0.1193569 0.419611931 0.56992507 0.624292552 1.22652578
    0.753381193 1.17830014 0.194507062 -0.312360108 1.48868096
    -0.0631348491 0.0399323702 -0.297661245 -0.48110646 -0.145563394
    0.99878931 -0.145328462 -0.237554461 0.525863707 -0.495658755
    -0.27780664 1.17260003 -0.0311601758 -0.326815248 1.1907959
    0.681360304 0.540124893 1.27792835 0.853669167 0.395761371
    1.18075323 0.86636281 0.0493434072 0.0578613877 -0.352615237
    1.41010344 1.07387018 1.43909037 -0.260066658 0.816328526
    0.0845580697 0.211740613 0.349739194 0.0332388878 1.46950221
    0.614642739 -0.0636824369 0.527236938 -0.0530911088 1.2767489
    0.404332578 -0.319027424 -0.119435549 0.796413779 -0.443314105
    0.721095741 0.843673289 -0.0345821381 1.25383091 0.347123146
    1.10457921 0.697241008 1.39563131 1.0118854 -0.151862264
    -0.0419320762 0.848173916 1.32468653 0.6101017 0.381291687
    0.612047553 -0.343035907 -0.362150013 0.350784361 0.396733224
    -0.43456459 -0.440071404 0.0530751348 1.01739407 -0.203024805
    0.130815804 0.188875973 1.10565066 0.783609331 1.23132777 0.23852092
    0.67157042 -0.120090336 1.08458567 1.15389037 -0.174896628
    1.13541257 -0.289034337 1.32979608 1.16574216 0.905148089
    0.540325642 -0.0141020715 1.04076743 1.18419313 1.43773258
    -0.0881900489 0.921183348 0.312867403 0.0623024106 1.05158281
    0.836802423 0.630429447 0.729721487 1.38048458 1.07191145
    -0.0108570457 0.382966042 -0.091026336 0.502335608 -0.336785614
    -0.220825642 0.342801869 -0.298682481 1.12787104 0.559978068
    1.20014286 1.07993948 0.865144551 1.4348861 1.21041584 0.244095385
    1.18289065 0.986830175 -0.15034464 0.822007775 1.12166691
    -0.173461735 0.134952128 0.595040679 0.732166886 0.92296201
    -0.0512143373 0.275580525 0.787043273 0.190267026 1.48494244
    0.363462865 -0.344201028 0.945681989 0.128615558 -0.22788617
    0.536538601 1.21667993 0.848210931 1.3112967 0.941290736 0.452913463
    0.483448565 0.957679212 0.667588115 1.2372601 0.261753201
    -0.414392114 1.29351616 1.32281554 1.27778041 0.0257798731
    1.01553917 0.536958873 0.88002342 1.35963154 1.11282372 0.376812041
    -0.225400329 1.37555265 -0.0456342697 0.572764874 0.666862607
    1.40549445 1.47979367 1.21312499 0.766433537 0.307537824 0.950921893
    0.471039176 -0.156760871 -0.484461933 1.32598352 0.813643575
    0.287071466 0.664632082 0.262712061 0.285468698 0.412763149
    0.487662137 0.847245932 -0.123892516 -0.279490948 0.931212008
    1.22523654 1.13858986 -0.447783172 0.487910628 0.844846666
    0.995323062 1.42096806 0.547859967 0.633498013 1.17966878
    0.355859458 0.760442019 1.43157053 0.933705866 1.09690464 1.05359304
    1.03394496 1.24327707 0.672909081 0.957891464 -0.348016888
    0.0526022315 1.27290487 0.237343371 0.46111846 0.0319373012
    0.990244687 0.208739936 1.35558295 -0.402320266 0.247056782
    0.811038792 0.0842017531 1.25907326 0.618409038 0.315419674
    -0.472549289 0.238199472 0.240034163 -0.103922188 0.622476459
    -0.453065693 0.723361969 1.30081129 1.02646303 1.42603874
    0.895087183 1.31126213 0.833225489 -0.127236426 0.490451157
    1.16461945 0.375656962 0.803878546 1.26521111 0.847945929
    0.466371536 0.690963268 0.792610586 0.111457229 1.46686888
    0.683495641 0.135253966 -0.147022754 -0.103482246 0.0413111448
    1.28258228 0.537840307 0.568950057 1.22499406 -0.251012802
    0.231919765 0.469654083 0.0664584041 -0.270780921 0.750841975
    -0.298893929 0.589917302 0.80140847 -0.447476417 0.853478193
    0.746143937 0.392350137 -0.408534884 0.974732339 0.476769209
    1.36820555 1.15657306 1.21665788 -0.275557488 -0.171582848
    0.442461997 0.27423057 0.406583101 1.25574231 0.778327227
    0.387009025 -0.287216127 0.0852539241 1.13998091 0.780916929
    -0.0510748923 1.01781535 0.0398361683 1.10803092 0.137870103
    0.652373314 1.02036309 -0.274715006 -0.412936807 0.641123891
    1.11401081 0.460879266 0.0128969252 1.23933315 0.731437922
    0.690978646 1.39352036 0.10366559 0.897963822 0.638086259
    0.166602433 1.17839336 1.46512997 0.649991751 0.385843158
    -0.112176001 1.31934333 0.112514675 1.38460064 1.17906928
    0.464786887 -0.082662642 -0.383212447 1.19257045 -0.451585948
    0.842205226 0.831382513 0.841758847 1.23294497 -0.196631968
    1.22084081 0.137942314 1.36851048 -0.349581599 -0.369894087
    1.09623981 0.861053467 -0.0962104201 1.26705718 0.423007846
    0.241520524 -0.226590455 0.317454457 -0.0727779567 -0.157504559
    1.4096204 0.103627652 0.245955586 0.0574734807 -0.16207549
    -0.159875035 1.49836075 0.956820607 -0.138323426 1.20640349
    -0.369428635 1.24052167 0.670482993 0.850722075 0.910438657
    0.71596694 -0.259103835 -0.0972046852 -0.334363043 0.577555895
    1.32274926 1.1010437 0.105876088 -0.435055763 1.08268881 0.711943626
    0.696849585 0.968815863 -0.1387887 1.11501575 -0.387573004
    -0.326525807 1.48337078 0.0403718352 1.10955501 1.29957533
    0.790664554 1.02737975 0.783401132 -0.439288497 0.211073071
    1.48211241 0.641285181 -0.461531639 1.37697935 1.23469591 0.33158952
    1.39333463 0.212921143 -0.381511837 0.0505524576 0.581994712
    1.50208628 -0.38187474 0.939169705 1.15664434 1.11488974
    -0.294467241 0.868523002 -0.0647315979 -0.521361172 0.0988639593
    -0.423308492 0.440387428 0.483588338 0.358130097 0.893870056
    0.617628574 0.641921461 1.20221186 1.09370375 -0.358950794
    1.01157045 0.760119796 -0.0194581747 -0.303110003 1.39691257
    0.531129897 0.873935938 0.574770927 0.171547413 1.03209901
    0.360419333 0.330665648 0.520798326 0.644906104 -0.384221971
    1.12606931 0.119076729 1.04086542 0.944140494 0.238941908
    -0.223799616 0.142295063 1.22785282 0.208587885 0.378702998
    0.336303055 -0.256742299 1.17076659 0.915447474 0.515811086
    0.0451456904 0.379794061 0.543647885 1.01505828 0.494453013
    0.754346192 0.512197196 1.31284571 1.47053289 0.173857033
    -0.555959463 1.19482398 0.516945779 0.656795323 1.11136794
    1.20022821 0.663544238 1.38240266 0.680507481 0.341909647 1.20389318
    -0.419629931 0.905712962 -0.0385066867 -0.194289386 -0.334861755
    0.662884176 -0.32458052 0.383338869 1.12321436 0.159087479
    0.0948026776 0.362961769 0.591177464 0.369799465 0.202090681
    1.10418689 1.47539437 0.491937101 1.05285501 -0.273421764
    0.512483299 -0.383060515 1.39566398 1.18285596 0.637152553
    1.24702024 1.09692204 0.308883548 0.527103066 -0.361724555
    0.49514842 1.08558095 -0.41424036 0.81698215 0.383982718 0.573687673
    -0.404809535 0.609539807 0.553873122 -0.134300292 0.165985763
    -0.308806419 0.178389549 1.37372386 0.28359291 0.688143313
    -0.120404214 1.00450611 0.19936341 0.527198374 -0.43173182
    0.98672694 1.07579136 0.0768933296 -0.237047017 1.44720936
    1.30106091 1.33606398 0.870251119 -0.0476680398 1.32423568
    1.32873821 1.06547976 0.692240238 0.419237673 0.925601125
    0.0769514441 1.47017813 0.332410157 -0.189284742 1.010934
    0.381290585 -0.378360301 0.358267963 0.0349782407 1.31250942
    0.583262622 0.440091878 0.905407548 0.652980626 0.95691061
    0.95401907 0.542118669 0.801938355 0.828907073 -0.0923736393
    1.01847625 1.27284718 0.535588443 -0.243505135 1.24166083 0.45595035
    1.21190703 1.48786891 0.299035311 1.22463489 1.20716333 0.651973903
    0.36435926 0.465894401 -0.484372556 0.953637123 0.0400325656
    -0.498039067 0.964326501 1.48908138 0.546214581 0.00461781025
    -0.262827247 1.15451026 -0.261135817 0.227505356 0.491823435
    -0.0454973876 -0.432906151 1.32558751 0.374963403 1.06932878
    0.683010995 -0.0167648792 0.738359451 0.132779181 0.0964852571
    -0.0842017233 0.326041341 1.22014904 -0.0928010941 1.43677902
    0.815732896 -0.353108823 0.290709257 0.116120696 0.712708473
    1.34189844 1.1103003 -0.380166739 -0.378486454 1.08636403
    -0.186024427 -0.388981462 1.00144458 1.39787674 0.0186401904
    0.407377541 0.261515141 -0.464583933 0.265454769 0.215960562
    -0.524342954 0.932265341 1.38869071 0.782522202 -0.00844106078
    0.571344256 -0.257506222 1.0882374 -0.182598144 0.824456632
    -0.310055017 0.175762713 0.965277255 1.12809443 0.857601285
    1.02931499 -0.204852253 0.987339258 0.397626996 -0.0983347893
    0.828955472 -0.289787889 0.370702922 -0.284426481 1.2892791
    0.96922642 1.45263863 -0.423244745 0.806435108 -0.442544401
    0.624281883 -0.129977256 0.640143752 0.510793984 1.18527675
    -0.137818247 0.294409633 0.791107059 -0.449197114 1.46617079
    1.21184969 0.887966692 -0.268497378 0.357428074 1.2366209 0.95660603
    0.738209307 0.894111872 1.20557022 -0.478656709 -0.153128147
    0.932035923 0.126074791 -0.145237505 0.162614763 0.0699025989
    -0.365858614 0.277249455 0.631473601 -0.258347571 0.27884376
    -0.115795076 0.162776709 -0.521416724 -0.366366625 0.934837461
    -0.130343825 1.22441316 0.258250594 -0.130954832 1.16642177
    1.16810513 0.177450418 1.44388556 0.203941047 -0.362281442
    1.25748229 1.36283267 1.2512424 0.076769352 0.50278008
    0.000311434269 -0.138376206 0.492679238 0.354613781 0.461935222
    0.645546913 0.766929328 0.564264476 -0.509582102 0.284640789
    -0.193770915 0.0721883178 -0.482365012 -0.494995743 1.00179958
    0.944561481 0.383009613 0.967916846 -0.546125889 0.840296388
    0.157309294 -0.23412478 0.483847857 0.813859522 1.21919596
    -0.278794318 0.714916646 1.21458411 1.26492739 0.715449154
    0.884636462 0.487903535 1.24029398 0.511106312 0.244477451
    1.22795653 0.91395396 -0.255820572 0.674691677 0.316216767
    0.677396536 -0.0721575618 1.03816581 0.625077724 1.34186983
    1.21751356 1.11976528 -0.120993972 -0.0591871142 0.478836
    0.896274328 0.914930403 -0.462590575 -0.110777736 1.33351851
    -0.0878528953 0.603880405 1.17548847 0.0918521881 -0.367580056
    0.708283424 0.460382283 0.283369303 0.257903516 1.09680307
    -0.321442991 -0.15939799 -0.413628131 -0.280239522 1.22982907
    0.322462022 0.21698004 0.501875281 1.44933581 0.651277304 1.15077925
    1.31573367 0.926228523 1.36977065 -0.0631676614 0.143320203
    1.22951221 0.194009602 1.00554156 1.30851936 0.966978908 0.836851537
    0.646737397 0.147611976 -0.225894213 0.960995615 1.31775951
    -0.339635789 -0.453353673 0.715076923 1.51638913 0.663990974
    -0.128322303 0.479444861 0.258688897 -0.390001893 0.0660206378
    0.503018916 1.26267719 -0.27760458 0.477111042 -0.3316769
    -0.0142323375 0.8895154 0.645804465 1.11301744 0.192420244
    1.18517852 0.192370474 0.283074409 0.815445304 0.971432626
    1.48059142 -0.42778933 0.418233037 0.241117954 1.30345201
    -0.408429027 0.0540133715 -0.038175106 0.475421786 1.25584829
    0.247434855 1.23106813 0.769464493 0.000166893005 1.50177336
    -0.0321587324 1.41806769 1.06957746 1.36723745 0.974947214
    0.297014982 1.26086783 -0.283534229 0.213214695 0.682748437
    0.987006426 0.484650373 0.166730583 0.293358564 0.174197853
    1.25609112 0.453894615 0.00915640593 0.356930792 0.990603268
    1.33460879 1.3166213 0.534444034 -0.018466115 0.333026111 0.51836139
    1.07879579 0.380825758 0.0359786451 0.279093206 1.05006242
    0.0400905311 -0.350156426 -0.214134485 0.554182291 1.17250371
    1.04346752 -0.233074546 -0.418310583 0.160268784 0.960056067
    1.40554118 -0.469772339 1.28585243 1.35503149 -0.123088211 0.2280581
    -0.38097766 1.39544868 1.27372944 1.36509287 -0.516435623
    0.914377451 0.0107364655 0.970552981 0.895676911 0.576876163
    0.864704847 1.22316313 -0.102015853 0.988393068 0.988242209
    0.506021559 1.0993154 1.01511931 -0.131542772 0.0690664649
    -0.00141716003 0.365993828 0.447475642 0.673339844 -0.0934312046
    -0.0653505623 0.55640316 1.3856498 0.551420212 1.39715314 0.40368104
    1.09673345 0.90887934 1.53847337 0.791734397 -0.240632623
    0.797588825 -0.20464012 1.26468587 0.301501989 1.02566504
    0.543934941 -0.00459051132 0.277091086 0.703534603 -0.404095173
    0.940351188 -0.186448306 0.184604347 1.07149839 -0.193227202
    -0.298285514 0.33711338 1.10585332 -0.154230148 0.719751537
    1.17480135 -0.0237060785 1.22460449 1.40588284 0.62497282
    -0.341482639 0.979402065 1.12473917 0.227571338 0.996830881
    0.331537604 -0.000977367163 0.545847535 1.15944576 0.274460614
    0.184180737 -0.210353941 1.24249983 0.835190535 -0.0392526686
    0.314418197 -0.480857968 1.46935654 1.35722601 0.77271688
    -0.358155906 1.13110113 0.780927896 0.331255734 0.794715762
    0.467433035 0.429005325 -0.165318459 1.47725344 1.04551172
    0.365787745 -0.404759705 0.424180329 1.27492523 0.598400295
    1.03570604 1.311589 0.440373778 0.210549295 1.28013241 1.32079124
    0.0986167192 -0.239674687 -0.467951238 0.163094163 0.609820068
    1.44729793 0.922543406 0.100377679 -0.276476324 0.913578868
    -0.024794817 0.0670309067 0.606047094 1.06304693 0.069426477
    0.968153358 0.950418115 -0.065664947 1.43036652 0.761616707
    0.958249092 1.38677001 -0.42914623 0.514604986 0.115880132
    -0.267592669 0.0750086308 0.014749229 -0.104777873 0.51967907
    0.895005465 0.239882767 1.4058733 1.2289145 -0.290545255 1.20251226
    1.08649445 -0.0271676779 1.381531 -0.318046629 -0.0157900453
    0.371786475 -0.109292626 1.25937462 0.417216241 0.740573049
    0.662978649 1.09361696 1.39642811 1.11899853 0.864426613 0.177188993
    1.17415988 0.753742278 0.618129849 0.41549325 0.745836139
    -0.0688620806 -0.31780833 1.15220904 1.24653506 0.651732385
    -0.154336601 0.144283354 1.10060585 -0.35395211 1.35768116
    1.10403991 0.809214532 -0.072932601 -0.464602113 1.45892262
    0.121531963 -0.324644238 1.21024537 1.50370264 0.817529619
    0.434909105 -0.218081713 1.30451465 -0.0561457574 1.02481508
    -0.439622432 0.523348689 0.273051202 1.16542172 0.466507435
    -0.141750336 0.0100505948 1.36371398 -0.283408791 0.158308953
    -0.013661325 0.467758775 -0.239797622 -0.0993436575 0.318151116
    1.41974974 1.06462955 1.20451379 -0.557678163 0.930571556 1.46354985
    -0.17197749 -0.318175256 0.108737171 -0.139689833 0.958378315
    1.49576676 1.27634418 0.091096282 0.572433233 1.21126747 0.22325772
    1.08204889 1.11116731 1.05164444 1.29687977 -0.180826873 0.582820594
    1.0931983 -0.164055705 1.08511746 0.610572517 0.729483366 1.03501022
    0.974529266 0.67270565 1.15062642 1.27390742 0.81460619 0.598985612
    -0.0225230753 0.316450655 1.47947693 0.335181236 1.0361414
    -0.153132111 -0.218564361 1.09258866 0.353153378 1.32765448
    0.462681085 0.300979942 1.46460545 0.827734709 0.589423895
    1.24485815 -0.423152149 0.150779665 0.435503423 1.33967137
    0.543951333 1.22537088 1.24234176 1.00688291 0.868822277
    -0.447235346 -0.0553016961 -0.00649529696 -0.419356912 1.03022814
    1.1922394 -0.0181233883 1.00024986 -0.301326931 1.29366446
    -0.146590769 1.08571887 1.40441108 1.39227068 1.23443866 0.260528684
    0.954877734 1.43753922 -0.47421661 0.416978896 0.717789233
    -0.257476866 0.721262813 -0.201095819 -0.0787059963 0.935549855
    0.96180737 -0.393501699 -0.343576461 0.412180901 0.188609362
    0.116495937 0.695394993 -0.408676982 0.777111232 1.35523808
    0.85456115 0.876392663 0.624962866 1.25713325 -0.150833458
    -0.183416367 -0.499119848 0.645072103 0.172455966 1.20999277
    1.49688983 -0.0111964941 -0.174797356 0.204718292 0.960792124
    1.22608089 1.46759558 0.102985382 -0.0162580013 1.19997239
    1.09063816 0.435627043 -0.34523356 0.24892211 0.0327541828
    0.965487957 0.593580008 0.395946443 1.48757601 0.39089036
    -0.292490065 -0.506863892 -0.0514210463 0.15857923 0.93898052
    -0.0939070582 -0.147720844 -0.312625289 -0.00497737527 0.0478123128
    0.0138584673 -0.297032893 1.38015485 0.466402829 0.595706642
    0.535739243 0.594696403 0.899881005 0.195965648 0.338743329
    0.952325463 1.07815099 0.0934214592 -0.296166152 0.0577884316
    0.384868741 0.712373614 0.36352843 0.0879701972 1.18510675
    1.13595259 1.04848218 0.687185764 0.313657701 0.299269021
    0.305538416 0.0055360198 1.21545148 1.36075616 1.23583961
    0.262799919 1.15665293 0.249322474 1.21309114 0.226273596 1.15833712
    1.25537753 -0.124773085 0.453707755 -0.00544917583 1.40775704
    1.08127046 0.788174808 0.12601465 1.31051087 0.906865418 0.401699126
    -0.0288054645 -0.0802143514 -0.116588116 1.23802447 -0.18441841
    0.870433152 0.971105993 -0.121630132 0.826341212 0.566941857
    0.209229529 0.370823562 0.525168359 0.482142568 1.20281613
    0.541459441 0.411390483 1.42743063 1.43366086 0.166553974 1.10718989
    0.980418861 -0.33071807 0.136956871 0.867174268 -0.36859715
    -0.333370715 0.472626448 1.40082991 1.18059647 -0.267319918
    1.30831409 0.05813241 0.321597099 0.917346895 -0.404357255
    0.879681289 0.143041015 1.17413068 1.36052084 -0.536153376
    1.47691858 -0.158462435 0.964246809 -0.237664282 0.320587456
    -0.341031879 0.877227664 -0.0400578976 0.452444315 0.109126568
    0.851252377 -0.199608982 -0.469187438 0.80353719 1.46931779
    1.10545564 -0.504974008 1.15732908 0.781686306 -0.165770173
    1.46207833 1.0690155 0.0983082056 0.423869073 -0.196569204
    -0.277346045 1.33574021 0.247494876 -0.232164741 0.295659602
    -0.210518241 -0.416777551 0.744059741 0.787738502 0.00370293856
    -0.376365811 0.872256041 1.43183303 0.7896595 0.772068977 1.21771657
    0.846409082 1.36272085 0.499616027 -0.424112886 0.690153003
    1.12362659 0.0563669503 -0.195750207 1.51316822 0.365314245
    0.251167357 0.816644013 1.20107543 0.0704937577 0.655543685
    1.10473371 -0.360403955 -0.260297209 1.08055556 0.350235105
    0.479807019 -0.301186383 1.35824919 0.827857137 -0.437887937
    -0.0837455094 -0.125476986 -0.126827329 0.204750329 -0.357878685
    1.00523603 0.33908987 -0.21713376 1.32031488 -0.296322286
    -0.271351695 0.609822631 0.4375934 0.668524206 0.16480878 1.344859
    0.437043965 -0.441178769 1.28791261 0.691272914 0.298389673
    1.34247041 1.02765608 1.13655925 -0.341260403 1.18164039
    -0.242634147 0.876101434 -0.382836252 1.2568953 -0.160466284
    1.38724053 -0.421641678 0.400039554 -0.257729352 -0.276477695
    0.588002741 -0.191314191 -0.22949928 0.46550703 1.35770392
    0.467417419 -0.0897515118 1.13729715 -0.31717062 1.30588627
    0.205490798 -0.0697695911 0.516952157 -0.167887777 1.43572044
    0.539610088 -0.126299441 0.981766939 0.907755136 0.596966922
    0.178740978 0.800909281 -0.415161312 0.80220902 0.815727234
    0.584359348 0.617435992 0.990350366 0.12662074 -0.28029716
    1.20025408 0.683670282 1.53311646 -0.101076573 0.09948048 1.14293683
    0.315571219 -0.229508162 0.795385599 0.629416049 0.639249682
    0.0235291719 0.803499281 1.212991 0.89012742 0.891563177
    -0.148529261 1.19603419 0.177317858 0.874183714 0.796733439
    0.128503382 -0.180919141 -0.328025699 -0.0279613733 0.242582202
    0.790706336 1.00196087 0.846939087 0.382326901 1.25790787
    0.723312795 0.585353434 -0.0399242342 1.19253719 1.07488346
    0.371075004 0.56189239 0.442658007 -0.33421731 -0.370795131
    0.0407224298 0.366813421 0.811964691 0.601882637 0.498036683
    -0.317668289 0.619399011 0.0799025893 0.872511864 1.27296591
    0.597641051 -0.101373971 -0.100193501 0.925684571 -0.522393346
    0.854742765 0.173740447 0.493427813 -0.0304809213 -0.134005457
    -0.310151041 1.28695905 0.171943307 0.111792147 0.293095589
    0.610031009 1.28322124 0.59553057 1.00189579 0.0753407478
    -0.0242857039 -0.317586213 0.341494679 0.91135323 -0.0664936006
    -0.0978317559 -0.463310599 0.92969346 0.309189498 -0.0346748829
    0.122625649 1.17941558 -0.076615423 1.2983017 -0.335162461
    0.485541284 0.135868847 -0.0190726519 0.762158871 0.917216778
    0.132582664 -0.472873777 -0.00745922327 0.698700786 1.43407249
    -0.026379168 1.31100631 1.40361047 0.0364437699 0.493214846
    0.7566517 0.479952961 -0.0080127418 0.236163557 1.3319391 -0.3539159
    0.0491781831 0.000626862049 0.219130993 -0.247368127 -0.153239399
    1.48510861 1.37449145 1.2363106 0.570746899 -0.477271497 0.762793124
    0.319092333 -0.415758848 -0.533617675 1.19614637 0.71342808
    0.14502269 0.494655728 0.196284354 0.174030304 0.640957177
    0.64370662 1.22306156 1.21080363 0.909831524 -0.401237994
    0.736273825 0.342965126 0.834593296 1.28395128 -0.420062929
    0.103996128 -0.191559315 -0.215109497 -0.389776826 0.282038808
    -0.194039613 0.311359465 0.853804469 0.734741449 0.765797317
    0.143602848 -0.0653573573 -0.0707291961 0.771913588 0.794626355
    1.21508348 -0.375017405 0.840373755 1.47778654 1.43519711
    0.240375161 0.687580287 1.38580108 0.646892786 0.491946012
    0.670488834 1.25544477 0.179036468 0.232972413 0.383515328
    -0.135141164 0.224830776 0.889771104 -0.204810709 -0.408124685
    1.46796584 0.19788453 -0.215468079 0.924526751 0.14264977 1.19146264
    1.10330224 -0.476702631 1.0507803 1.0177505 0.545993805 1.39971566
    -0.278430253 0.857957006 0.492893249 -0.384873658 0.394184768
    0.646538496 1.21798372 -0.427209407 1.44641411 0.661052465
    -0.0387743413 1.28017306 0.835883439 0.725157201 0.781573951
    0.455499887 0.301646173 -0.309455991 0.650049746 -0.132700294
    0.613264084 -0.123000801 0.72763741 1.2489053 0.880042672
    0.0373440385 0.497968435 0.882160544 1.3113625 -0.523413658
    -0.367431432 0.138528168 0.93812418 -0.324442983 1.46389127
    -0.19196859 0.93867445 0.153933376 1.07161093 -0.192316473
    1.11045802 0.94051379 0.707617044 -0.164613545 -0.188015103
    0.55021131 0.928334057 0.667272091 0.134634197 0.839028716
    0.217068255 0.0799962282 0.780928552 0.0545240343 0.75878191
    0.45858711 -0.31617853 -0.385243475 -0.361703008 0.557591736
    0.872950912 1.31718206 0.608464003 1.1318903 0.379717529
    -0.458536863 0.821937621 0.134147584 0.882740319 -0.304539084
    1.3092463 1.13886213 0.285971344 -0.282438099 0.451322377
    0.344456673 1.24896479 0.785381317 1.44068551 0.973435044
    -0.128232479 0.0935018659 -0.203652591 1.33866835 0.530074239
    -0.197291076 1.15376699 -0.0743130744 -0.485849231 0.770289719
    1.36064994 0.194074303 1.23895741 1.3987155 0.389869034 -0.463139892
    0.50494504 0.863557458 1.19522548 1.04327095 1.49442148 1.11542594
    1.251665 -0.386405885 1.17827535 0.838137627 0.414476424 1.29255188
    0.0487617254 1.44777584 0.443146765 1.40420008 0.559921384
    0.195740104 0.201404929 0.551639676 0.804461658 0.518613994
    1.35130644 0.419499636 0.997453034 -0.0227498412 -0.494843364
    -0.136422426 1.11991191 0.891225517 1.18667126 0.63796109 1.35958815
    -0.15490216 1.38418078 1.11292732 -0.0626679361 1.39341199
    -0.241085947 -0.274198711 -0.331770182 0.65707618 1.30136633
    1.25109291 0.910085261 1.368011 1.2506094 0.123715281 0.156945586
    0.965129077 0.77942574 0.89947331 0.645101488 1.02825713 0.684664309
    0.989526272 0.610651672 0.445206463 0.629520237 -0.107352436
    0.747906685 0.825874805 -0.155211151 1.50932622 1.06104541
    0.993789673 0.0544142723 -0.133254796 1.06094122 -0.464786798
    0.924208403 1.11643577 1.23023582 0.70690161 0.703005195 1.24185717
    0.745265245 0.845164835 0.304701269 -0.447909117 0.401178241
    1.23363948 0.41641593 -0.146379679 -0.236320734 -0.541704178
    1.30057001 -0.436505258 1.1544522 0.441059709 0.115073383
    0.513739347 0.782704115 0.975253046 0.166210175 -0.193442613
    -0.27088812 1.37245953 0.153491616 1.1756494 1.01443183 -0.185371965
    0.690845907 1.1654011 -0.486816138 0.583884656 1.11169195
    -0.074056834 0.0397156775 0.451395094 -0.371925384 0.944506407
    1.25366294 0.545022726 0.712997377 -0.18325913 0.234044313
    0.766016483 0.983818889 0.222331822 0.717450142 0.730755448
    1.07153809 0.0842170119 -0.0878665745 1.13347375 -0.134781808
    -0.194057494 1.2784307 1.09116828 -0.459171206 1.23171234 1.17775273
    0.394192755 0.414678454 -0.453201145 0.959394336 0.07404989
    0.0401198864 -0.484238148 0.280164093 -0.41551137 1.25128305
    -0.297279 1.23716044 -0.378961414 -0.166405529 1.16200602
    -0.397324383 -0.169701904 1.24379182 0.119795442 0.814439058
    0.923105955 0.0463610291 0.771794558 0.379814804 0.881436408
    -0.489501745 1.00096083 -0.0890150666 -0.241352886 -0.454179853
    1.02528334 1.32335663 0.0535897911 0.780765593 1.01709557
    -0.429809123 -0.0894820392 0.367593974 0.911677122 0.141278684
    0.802523613 1.09096622 -0.266564786 0.230765671 1.47033846
    0.614929378 -0.363558859 -0.00645503402 0.723334491 1.44820976
    0.85191083 0.75262773 -0.154617131 -0.0965020955 0.797318459
    0.951296985 0.826581061 0.272449136 1.43906748 1.3750689 1.00399959
    1.47862673 0.190989256 0.275207758 -0.10726577 0.823015213
    1.51076615 0.0400813818 0.499973327 0.420743048 0.0635968149
    0.0120640099 0.878873467 0.812960804 0.192766011 1.07483602
    -0.0653135777 -0.148910224 1.52969468 -0.4238967 0.799357891
    -0.0896834731 0.169040471 1.38066959 -0.392319381 1.25085092
    -0.259463549 -0.155315608 -0.15471673 0.406511098 0.513427496
    0.022379756 0.40822944 0.168968976 -0.0730274618 0.921447814
    0.480873704 -0.0319030881 1.20204675 1.51368988 0.230846345
    0.696000576 1.52336264 1.52730823 0.419538081 1.04588675 0.663390398
    0.0650009513 -0.362404615 0.223856539 0.33851254 0.05756253
    0.746217668 1.1434083 0.826705575 -0.0395524502 0.70796746
    -0.194087595 0.016305387 1.09253681 0.932367921 0.227660805
    1.31645477 0.973557711 0.27776438 0.123443544 1.39955473 0.524245143
    -0.171688676 -0.0119584799 -0.292069614 0.0710601211 0.499135375
    0.536599636 0.574887395 -0.397317886 0.390902042 -0.333276659
    0.671770513 0.870063722 0.840262234 0.41471833 -0.18299371
    -0.364102483 -0.00448268652 1.16472292 -0.471228302 -0.521460295
    1.06840312 1.29912841 1.44332051 0.754379034 1.32474947 0.741522729
    1.13503659 0.974266768 0.0738604069 -0.28284508 -0.11323452
    1.16989112 0.612640142 0.892517745 -0.239193499 1.40044343
    1.03938246 -0.245141327 1.15358162 0.996382058 0.472427547
    -0.219676286 0.766622126 -0.356742412 1.03133047 1.16321206
    0.653649449 1.39171505 0.779381275 -0.46930638 -0.46653682
    0.351377368 0.357496738 0.985462785 1.46016812 0.222632349
    1.33007038 0.996243596 0.763013005 -0.131657422 1.41686392
    1.18952906 1.40749264 1.15976548 0.0181836486 0.762200892 1.40566444
    0.209326923 1.09645379 0.835617721 0.162298441 -0.300406426
    0.372814059 1.03489959 -0.525839746 0.987171352 0.768957138
    -0.505742669 0.951406598 0.833005309 0.810890317 -0.191334754
    0.779291689 -0.373675317 0.222179949 1.23757529 -0.401301682
    1.27780795 1.39320278 1.12364972 0.421036839 0.408902705 0.64262718
    0.683097839 -0.390229285 -0.314620703 0.502419949 1.3997159
    -0.246684283 0.924395382 -0.0261314511 1.27945399 1.4914403
    1.32781124 0.979985178 0.751885653 0.630440176 0.702431083
    1.15698254 0.796910644 1.31013775 0.486491501 1.06848669 1.34190989
    0.711454988 0.337060273 1.02437389 0.114655256 0.182680726
    0.821920872 0.696224511 -0.151059985 0.864370883 0.533141315
    1.46333921 0.266323864 0.508199513 0.716249168 0.758111656
    1.06754351 -0.136492103 -0.167200148 -0.198827207 1.21294832
    0.390482962 0.00810223818 -0.365700424 -0.409745008 0.449037582
    1.16741538 1.06343937 -0.386778921 0.502503991 0.116835535
    0.264740407 0.435886502 0.568329215 0.925349057 1.40756059
    -0.405234516 0.133652508 0.622684181 0.164217353 0.519829512
    1.25210929 0.00911462307 -0.316101551 -0.358676583 0.230211914
    0.0242614448 0.959525049 1.38240993 0.732944489 1.16876769
    1.38538861 0.256789446 -0.381295741 0.549679935 -0.347444236
    0.581383646 1.24997365 0.353486866 -0.33906731 -0.489135742
    -0.482804507 0.432289004 -0.0486481488 0.791787207 0.0336230397
    -0.225295007 1.36123192 0.454864979 -0.32150197 -0.407258332
    0.633927345 1.11587954 1.06998324 1.35744762 -0.0993189216
    -0.250377059 -0.047838062 0.00539529324 0.265937001 0.415945679
    0.113547027 0.5457986 0.1207394 0.764917254 -0.354170352 1.41838932
    1.02588344 0.298048079 1.15274882 1.04348052 -0.151095361
    0.636047363 0.975412726 1.24913931 0.867651582 0.385400325
    0.383619696 -0.178020224 1.06603503 0.302968115 -0.356019676
    -0.0703243315 -0.139511675 0.174546301 1.34491706 0.802946627
    -0.420799941 1.43164277 0.0655564368 0.713541031 -0.348002017
    0.862499356 -0.426293969 0.234283268 1.22013474 0.175284326
    -0.075996846 0.153757244 0.989070952 0.727543652 0.167049497
    0.197982728 1.34176588 1.10903394 1.18669748 1.4805584 0.427118778
    1.42555475 -0.317990363 0.34284085 0.511027694 -0.250285625
    -0.42919457 0.345742702 0.469218075 1.20907104 0.943507195
    -0.268543065 0.260829806 0.467535019 0.177686632 1.41566193
    -0.158932954 -0.116780132 0.442887306 0.0942758322 0.495141149
    0.697050273 0.708697796 0.780025721 0.602761149 0.476450503
    0.63789022 0.252005428 1.33430576 0.0647843182 0.852327168
    1.52280724 0.544688702 -0.189055949 1.48229825 -0.267104864
    1.23022079 0.0300557017 1.3018446 0.92664212 0.830214918 0.153409958
    0.255184829 0.772010088 -0.0933642387 1.4385097 0.916763902
    0.223131359 1.02438426 1.33111072 0.348284066 0.838386655
    -0.094702363 1.32251525 0.611193061 0.551675379 -0.0981944203
    0.163834035 -0.489502102 0.540431142 0.35327819 0.0819615722
    -0.410813659 0.165531576 0.278246164 0.297755897 -0.0230920017
    0.255029917 -0.220897764 0.248150289 0.729212224 0.612566769
    0.068988204 0.464586973 -0.231888562 -0.495206773 0.536692023
    0.252806425 0.0158827901 1.27774715 0.912441194 0.503887594
    0.123767614 1.09435916 0.295432448 -0.528105557 0.758243561
    -0.333375752 -0.246106863 -0.47127834 1.13974118 1.30717134
    1.22808313 0.839486659 1.12436008 1.46799541 0.257124901 0.851994812
    0.114789486 0.357122898 1.1479578 -0.168266088 1.29397655
    0.424563736 -0.262632906 1.32716918 0.932316661 0.468631387
    -0.220152557 0.870988131 -0.422131509 1.04868186 0.242800266
    1.27771044 0.740578771 1.06829941 0.252058983 -0.444080859
    0.499010473 -0.0551818907 0.802803755 -0.390295982 0.596645474
    -0.416109025 0.257544339 -0.140004337 -0.30490005 0.603567719
    0.430765271 0.877158642 0.558757246 0.625871062 -0.36079514
    1.10038996 -0.320771098 0.731553853 1.5107851 1.35151196 1.13781369
    -0.48207134 0.677125812 1.18718696 1.2711978 0.729684651 0.250126004
    -0.295374542 0.184362292 0.474681139 -0.451216638 0.0143158734
    0.143349797 0.175936937 0.105950326 0.376591384 0.984536529
    -0.361853182 0.319575727 -0.158869475 -0.293023169 1.52094138
    0.642612815 0.301922709 1.23570919 -0.469658732 0.43447423
    0.335150957 1.42144394 0.854483724 1.18225574 0.0636515021
    0.229666233 -0.281667054 0.42270869 0.620545626 0.170453072
    0.187718034 1.27225518 -0.0484760404 -0.441400647 1.15524817
    -0.363742054 1.38291931 -0.428085059 1.28516746 0.0991338193
    0.569782138 1.37620842 0.476080686 -0.0301789641 -0.389836103
    0.954693317 1.48273313 1.17441702 1.03135526 -0.0558418036 1.322065
    0.510477304 0.572923899 1.15129042 0.268611908 -0.189849734
    0.567114115 0.297589898 -0.433605343 0.640146852 0.996543944
    1.1923461 0.688810289 1.20543301 -0.168246895 1.28460228 1.33285892
    -0.0671557486 0.709849417 0.254386663 0.320912927 -0.417333871
    -0.448728234 -0.38986975 -0.155752152 1.21847582 0.201079845
    0.236776829 -0.121218562 1.52336383 0.725634634 -0.0214804709
    0.496842504 0.709208727 1.471699 0.0791842341 1.19366241 -0.4260315
    0.444901705 0.968429625 -0.45426774 0.094417572 1.02349782
    0.759866297 1.14447832 -0.385445893 0.782582283 -0.0722188652
    0.749491096 0.378469229 -0.0163000524 -0.203759819 0.392804623
    0.30964154 -0.120177925 0.0537091792 1.22767425 -0.39534384
    1.47581577 -0.0985644758 1.36870754 0.20070523 -0.0711126029
    0.345448434 0.387388974 0.553994477 0.00743925571 1.44300795
    -0.28659603 0.600799561 0.96781826 0.0880474448 -0.0441583097
    -0.0467944741 0.203741014 0.244743466 1.12589002 -0.0362634361
    1.0285908 0.716375709 1.13599479 1.1782974 1.26352358 0.0125461817
    1.14333773 0.83677268 0.920008421 -0.378430158 1.12305605 1.52329218
    0.690196812 1.17188454 0.267642677 0.508117437 1.44679427
    0.344244957 0.865883827 -0.476877809 -0.307388991 0.915610909
    0.540024459 -0.130885392 -0.0822428465 1.4645505 0.548654556
    -0.3189556 0.620964944 0.692525268 -0.202995807 0.313127756
    1.39645123 0.707253814 0.668539345 0.537826478 0.0203986168
    1.17678964 0.642255664 0.234955847 0.980184734 0.421790004
    0.166743785 1.16397071 -0.0117699206 1.35838497 -0.206666708
    1.18740308 -0.359437644 0.424525142 1.46713281 -0.0133951306
    1.1197232 1.44687223 0.427615285 0.748690426 0.473383427 1.09321308
    -0.103018582 0.00757786632 1.12402117 -0.316626877 -0.0726122856
    0.386720002 1.01106596 0.500301659 -0.281593561 1.42974257
    -0.444021434 0.0779762268 0.310420752 0.143812895 0.751018405
    0.347053528 1.11837935 -0.187427342 1.06545162 0.418472946
    0.325112283 0.812451601 1.48128533 0.997291803 0.514747918
    0.879714847 -0.270391613 0.145954072 1.24459863 0.111338019
    0.202421427 0.850761235 -0.360606432 0.3723979 0.0266042948
    1.36375177 0.831468165 -0.304004729 1.11905897 1.26474488
    0.760805607 0.0215919614 0.943179548 -0.344842792 1.25994825
    1.03883946 -0.249212772 1.20147562 -0.443389446 0.91296047
    0.428316951 0.142886549 -0.308603793 1.44335246 1.3827076 1.31418884
    1.11433005 1.0323962 0.473492503 1.44519722 1.31992412 0.536080658
    -0.343022168 0.502512693 -0.0520537198 0.304782152 1.02625811
    -0.30277288 1.30275893 1.35589242 -0.142213345 0.0242269337
    1.0537864 0.357119679 0.0173336864 -0.159870356 1.35487056
    1.11090481 0.950116277 0.0745976865 0.0237782598 0.399745733
    -0.439138085 -0.457103401 0.750476956 -0.282936156 0.0308313966
    1.4306159 0.75556618 0.306795835 0.932950079 0.238619387 0.882125437
    0.339634001 1.02878428 -0.30437535 0.203623563 1.44047868
    0.266954809 0.411817163 1.37956023 -0.293951154 0.317987442
    0.130686522 0.262445867 0.823257029 1.07336569 1.21306419
    0.821643353 1.22336602 1.11763656 0.148942739 0.322215229
    0.785635233 0.0129652023 0.00154602528 -0.164612651 -0.111771345
    0.75264746 0.396057248 0.378188789 1.1718049 0.0518593192
    0.284922838 0.895034075 0.313755095 1.46065974 -0.41951102
    -0.258473814 0.33381325 -0.102949589 1.20994723 0.705272555
    0.722085238 -0.159497172 0.890341163 -0.375429213 -0.191444695
    -0.41197893 -0.341652453 0.376717389 1.52316177 -0.180625349
    0.903824687 0.191527545 1.24601007 -0.439073831 1.40197742
    1.16579568 1.29566717 -0.0217061639 0.944110096 -0.068762809
    1.23892272 0.130488604 -0.125031024 0.84673202 1.2320652 0.926072478
    1.35126698 1.00438094 0.300841272 0.875690877 -0.46988818
    0.818434238 0.230662078 0.317319036 -0.431866884 -0.110081166
    0.446694165 1.24501932 0.3649728 0.879880548 0.915866494 0.149227232
    0.211966634 -0.005071491 1.55798399 0.0561048687 0.286931038
    -0.176071197 1.19748616 0.828900337 0.806218863 1.10315645
    1.28946328 -0.410055578 -0.305268645 0.980522156 1.51126742
    0.628275871 0.19292289 -0.0673269033 0.683136463 -0.30110842
    0.117051601 1.39373899 0.424431801 0.434158444 0.0684859753
    0.413013279 1.09240746 1.35290885 -0.286053419 0.305300623
    -0.408647895 0.417362601 0.972571671 1.43765724 -0.26148963
    0.56308639 -0.0887242258 1.16158712 1.4391427 0.735670567
    0.524321675 0.368515611 1.20493579 0.299934626 0.676988661
    1.11776042 0.406621099 0.0104342699 -0.0052869916 -0.496616453
    0.268138051 0.722222805 0.853580296 -0.512696862 1.24935722
    0.107779682 0.600325704 0.524780035 0.110341847 0.929583013
    0.845940411 1.08194065 1.37557364 0.120915532 0.197485626
    -0.301628292 1.1232934 0.710156798 -0.326385796 -0.339345008
    -0.304153979 0.811318874 0.634375334 0.491326153 0.183203101
    0.656141818 0.644781172 0.722219884 0.224294722 -0.0589691401
    0.994975984 0.425873756 -0.413810372 1.27127874 -0.456363112
    -0.162384033 0.264901876 1.0195235 0.665887952 0.401816964
    0.215098441 0.0275639892 0.480886042 1.40210152 0.950291216
    0.961313963 1.37007713 0.185092866 1.15758324 0.0615515113
    0.0891641974 0.298457265 1.06697273 0.972990394 1.301301
    0.0161849856 1.43584192 -0.0201655626 0.369447351 1.43536508
    0.364599347 0.187503606 1.04177821 0.619531155 1.43292439
    0.608492255 -0.35540396 0.18046394 1.35829747 0.31193614
    -0.0778189301 0.469827563 0.157150805 0.565693974 -0.0440362096
    1.34751201 1.19283044 -0.127974659 1.15768492 1.14651024 0.738895237
    0.716347635 0.233233809 0.993230224 0.724171221 -0.170428276
    1.08309698 -0.200846761 0.776601613 -0.507433832 0.253969729
    0.623137832 0.651302457 0.144002914 1.05593097 0.213942707
    -0.0888545215 -0.0504773557 -0.309572637 0.372276932 0.0302953422
    0.877995968 1.37338674 -0.316223085 0.256157279 -0.172634989
    0.733431578 1.14788508 0.318618149 0.179070085 1.33375788 1.03017497
    -0.464678377 1.36849093 0.285730898 0.0381109118 0.0885392427
    1.45138669 1.17589664 -0.0318166316 1.0408175 -0.206353515
    0.625149488 0.0770530403 0.682632685 -0.105807006 0.667976022
    0.944075704 0.618112504 0.941939592 -0.458562046 0.983986259
    1.07635736 -0.469678879 0.262725651 1.50679231 0.438256592
    0.355214775 0.134057879 -0.0509347618 1.29210234 1.22034323
    0.388371974 0.545487642 -0.356044233 0.592570305 0.223159283
    -0.0111561716 1.42764568 1.50414062 0.271082938 -0.0488144457
    1.03235924 0.946867526 0.600932062 1.09125924 0.923531294 1.32085204
    0.822157145 -0.0705587268 0.616537809 -0.372905165 1.40556097
    0.213444471 -0.322860479 -0.295108616 1.30681014 1.50119233
    -0.127164811 0.220701844 0.96792531 0.566712558 0.0942727327
    -0.329873681 1.36659062 0.0740402341 -0.471832514 0.0712169111
    -0.278244555 1.42693114 -0.0855212808 0.510139704 -0.433527708
    0.271340519 0.240869492 -0.21276246 0.737119794 0.33156985
    0.869543493 -0.448410153 0.735446632 -0.0204231739 -0.400855035
    1.43056297 0.429902166 1.06646204 -0.0643369555 0.0561418533
    -0.34773463 1.22893322 1.41129363 -0.450848639 0.491518676
    -0.119191617 -0.275440693 -0.381642669 0.560894966 -0.125671357
    0.045825541 0.435084611 0.0478985906 -0.167197019 0.351142764
    -0.105836391 -0.143760413 0.071896106 0.880882382 0.834153175
    -0.0753201544 0.0218087733 0.799488187 1.49438834 0.65172112
    0.763728857 1.36433935 -0.454704762 -0.200031221 -0.238515213
    1.47824907 1.34670162 0.0416996479 0.756090283 0.417473108
    1.01602221 -0.206877679 0.735449672 0.328426898 -0.214311406
    0.0931185186 -0.172211558 1.15942669 0.129505813 0.557642937
    -0.0506289005 -0.254679948 0.443580389 -0.429107726 0.698156416
    -0.189148158 1.47199106 0.0947756767 -0.196100414 0.0124013424
    1.33230007 0.541042864 1.19712484 0.264665425 0.644728065
    0.509766936 -0.225418061 1.09736204 0.246211648 -0.366250873
    0.121908247 0.948821545 1.21967947 1.51557541 -0.123171777
    0.649290442 1.13019991 -0.238389581 -0.213724211 0.0803440809
    0.885313928 -0.0506723523 0.356954992 0.478643596 1.0103997
    1.19557357 1.15908051 0.752775669 1.22612524 1.3913151 0.807432473
    -0.15554896 1.2609334 1.21950459 1.33102131 0.17504862 -0.0680747926
    0.106781036 -0.16331923 0.0675060451 0.597143888 -0.394854635
    0.865628183 0.520666003 0.719833732 1.4815073 1.20133972 0.770177662
    0.744686246 0.904720306 1.19635797 0.0925015211 -0.0521058738
    0.484911621 0.337019444 0.871956646 -0.145964593 1.20744944
    -0.12345469 0.502958179 0.807941973 -0.0243480206 0.931028605
    -0.0429068506 1.08221674 -0.167865306 -0.317784756 -0.184147418
    1.33782649 1.52773523 -0.317682028 0.555412352 0.966853738
    0.905762076 0.480973423 0.60729897 -0.000569283962 -0.010279119
    -0.371039212 1.06055737 1.21223247 0.02664572 -0.0401611924
    -0.185908824 -0.467816055 -0.180039644 0.0186465979 0.387953162
    0.331131756 0.286354303 -0.0582111478 1.41664445 -0.425225824
    0.993236244 0.420895159 0.00499480963 0.627959669 1.30098009
    -0.0938149095 -0.348043025 0.253874362 -0.372678608 -0.119601697
    1.34816182 0.341867179 0.277333647 1.46880412 0.37495172
    -0.455622911 0.576284468 -0.0401131213 1.14834714 1.28851628
    0.546569228 -0.277141869 -0.189129651 0.891851783 1.27753627
    1.30648017 0.963072062 1.48342085 -0.17976898 -0.0227532387
    0.665006101 0.928548992 1.36145461 -0.160553128 0.0321882069
    1.41984391 0.386237681 0.199706197 1.22363806 1.47895038
    -0.203651458 0.327471852 0.0446260571 0.119561404 0.459197283
    0.655864954 -0.281009972 1.05336356 0.513663173 0.378356636
    0.222147167 1.26058364 0.58423686 -0.108745724 1.25414681 1.28281593
    -0.230598003 0.0382398367 0.745104551 1.27816629 0.971695006
    -0.207944244 -0.343900084 -0.19901818 -0.0711006522 0.223744273
    0.958563328 -0.0197798908 1.29662108 0.684817553 -0.295424938
    -0.0938217938 0.467832804 0.389258325 -0.408461571 0.551560044
    0.668139219 1.21094012 0.0587953031 0.379256964 0.893967211
    0.706636548 1.22900987 -0.212516427 0.769619048 0.857974648
    0.237589538 -0.299405038 0.214922577 0.440651536 -0.229757324
    0.0923107862 -0.421606362 0.115880787 -0.223623052 0.974068105
    -0.0122813582 1.12761807 1.43890667 0.763589859 1.43620777
    -0.189665616 -0.0270437598 0.947917819 1.42098927 -0.0269844532
    -0.473347366 -0.295007467 0.229669511 1.53482962 -0.195090353
    1.47278476 0.749859333 -0.265762478 -0.064815253 -0.108396739
    -0.198518157 0.393016458 1.28841341 0.302730143 1.18455195
    -0.349921882 0.790388823 -0.214254647 1.31855345 -0.0188009739
    0.743134737 -0.41317901 0.377691448 0.931253254 1.51026058
    -0.0871527493 1.02414274 1.52390599 0.994503856 -0.10665974
    -0.180158913 0.505439579 -0.137565017 -0.300985336 1.38358736
    1.15949535 0.111575872 0.0251584053 0.558797538 -0.205467254
    1.06636345 0.580181479 0.292188197 0.542630374 -0.450243145
    -0.256631494 0.916305006 -0.481089741 0.22768867 0.887130022
    0.48674345 -0.273111343 0.130714804 1.06706786 -0.107532471
    0.763150215 0.642025232 -0.0800867379 -0.0878686011 0.695572615
    0.704792261 1.07015145 0.414151371 -0.103840172 1.0897758 1.23097706
    -0.0812986493 0.149939716 -0.254595459 0.589721382 1.22277391
    0.778660715 -0.445233762 0.635521889 1.45217967 1.16806889
    1.44020653 -0.197609842 0.156490445 0.0652449131 0.273446262
    1.14764357 0.833546102 -0.300040483 0.858576417 0.804720581
    0.078933239 1.15480924 1.46948528 0.851659238 -0.00210750103
    1.19481301 1.18767488 -0.43369633 1.04273915 0.633610368
    -0.345810741 -0.0516617894 0.440545708 1.45700002 1.29024553
    0.878299952 0.915809453 1.25384951 0.452669084 0.258044362
    0.503004611 0.72889787 1.23282874 0.333405375 1.04533899 0.060713321
    -0.299096406 1.06627548 -0.475346386 0.00298064947 1.27687931
    0.713224828 0.0468412042 0.330087066 0.366756499 0.888224363
    -0.118618041 -0.130249053 0.172637552 0.245339155 -0.411883086
    1.00972962 0.162639678 -0.354110062 -0.105531186 0.00259035826
    0.00566673279 0.542722166 0.609937429 0.583668232 0.0633978248
    -0.269041181 -0.321875125 1.35989618 1.24901223 -0.525420368
    -0.11514914 -0.123571932 0.286067963 0.537438452 0.162080467
    1.23152125 -0.0225089788 1.24260306 0.336205781 0.946429372
    1.46089149 0.545358956 0.869753957 0.781286955 -0.416309357
    0.0572496057 0.321055889 1.21210396 1.55589736 0.158938318
    1.50948358 0.686413467 1.32003057 1.30833066 -0.362670749
    0.275556803 1.24324608 0.43143025 -0.268668443 0.70134598 1.39327574
    1.38958323 -0.361960471 1.2745856 0.168666989 1.05055869
    -0.483981043 0.373216152 0.240909755 0.155490577 0.0969818532
    -0.0351197124 -0.250666618 0.589184344 -0.377989948 -0.511509717
    0.81853199 0.611398339 0.749179721 1.30944586 0.444778979 1.37830043
    -0.331449389 0.533095837 0.626755357 -0.340491295 -0.41440624
    0.894331336 -0.178304583 1.24840796 0.227303386 -0.298034787
    0.543362677 0.663593709 0.709827602 0.818219066 1.09932399
    1.27482152 0.0650226474 0.443859756 -0.433186144 -0.268958002
    -0.197978646 1.41709352 1.29358518 0.862367272 -0.205511838
    0.554882526 0.87509042 0.601606369 1.45485818 0.399046123
    -0.405433059 0.186309457 -0.421750546 0.144638479 0.343716711
    0.704602361 0.342887461 1.33151376 1.31749654 0.754937649
    0.523378968 0.401314735 1.3020848 0.361004025 0.786212623
    -0.245441124 0.79668963 -0.0421054065 0.791660786 -0.462256402
    1.49986863 0.981275439 -0.052402854 1.19570327 -0.0929504931
    -0.317121744 0.770010829 0.728141248 0.997106969 1.26368344
    -0.343408674 0.0529492795 0.405502856 -0.136216253 0.823130369
    0.6434232 0.417741776 1.17571115 0.776279807 1.31956863 -0.092746824
    0.140863121 0.379502267 0.760889769 -0.12476036 1.13432145
    -0.408782095 0.415731221 1.43580627 -0.248374 0.224641085 1.42976439
    0.253672004 1.18256724 1.06168747 -0.183524519 0.586642265
    -0.389886111 0.62044853 -0.0852001905 1.36022377 -0.281787932
    0.51515609 1.01553631 0.966852665 -0.412067771 0.784293175
    -0.291046143 1.45484674 -0.237052113 0.491969049 -0.131473184
    1.1749835 0.144744128 -0.234631121 0.565995574 -0.0724267364
    0.971524537 -0.232257009 1.2711966 -0.323488712 1.14555597
    0.332388699 -0.0957224965 0.832388461 0.902008891 -0.0865068436
    -0.350580096 1.23491597 1.07979584 0.217310667 0.169622779
    0.881361783 0.562819242 -0.252169341 -0.369347423 1.43517327
    1.185776 0.614351511 0.405701756 -0.181969225 0.905941844
    -0.481562614 -0.084104836 0.0985692739 0.416288853 0.684396386
    0.419901967 -0.18487516 1.31343138 0.108618736 0.596225977
    1.32994723 -0.168768436 0.855174541 1.09854198 -0.443941891
    0.765899122 1.41426802 -0.453656197 -0.474866956 1.05068183
    0.00584298372 0.852739751 1.0805552 1.25791526 0.969496369
    -0.317433029 -0.0263082087 -0.259438396 0.753509998 0.627525866
    0.742991805 0.568720758 0.418132484 1.42660248 -0.0227637589
    0.509218633 0.256906509 0.124645829 -0.269656479 -0.281613111
    0.603281617 0.0264671445 -0.080932796 1.44725537 0.728039026
    0.36273545 0.503912687 -0.177264303 0.0446282029 0.333966941
    -0.200000644 0.0566721857 0.632950127 0.17830801 0.87752068
    0.16411835 0.442975223 0.442199647 -0.491069078 -0.00306808949
    -0.379241496 1.12715757 1.10838127 0.70828253 0.129780173 1.1838932
    1.44931257 1.05668759 0.742980897 -0.195998251 1.3847177 1.18104124
    0.200739264 1.04311943 1.37855589 0.474787354 0.270081282
    0.427589238 0.454827785 -0.239440322 -0.317685813 0.156662107
    1.20496464 0.364136398 -0.364226818 0.596570194 1.06845403
    0.201829553 0.59310478 -0.444157869 1.23916626 0.201705456
    0.252393901 -0.29613626 1.10211873 0.905893743 0.575297534
    0.270469427 1.12181258 -0.478952467 0.276435643 1.33159983
    0.37052083 1.45921993 0.224128693 0.85957408 1.18678415 -0.158283979
    0.74483788 -0.267321497 -0.150873035 1.41847444 0.760268092
    -0.0834120214 0.309521437 -0.140691906 0.885135174 0.288290739
    0.696423352 1.24685597 0.0747844577 0.56938678 -0.171615213
    1.1881696 -0.123389125 0.628412843 0.793245614 0.0120860338
    0.682162762 1.37306702 -0.32196942 -0.200538665 0.831326842
    0.725871861 1.48975158 0.895746708 -0.22021687 0.636566281
    0.149158716 -0.229117095 1.01574397 0.847810328 1.42188931
    0.489519835 1.29126024 -0.321218073 0.0719379783 -0.296136498
    0.958275437 1.01272225 1.26559758 -0.23521404 0.440640807
    0.981283665 1.29308438 1.07480383 0.278113604 -0.113090008
    -0.279260278 0.926361203 1.45544589 0.4065938 1.13435507 1.50045979
    1.25750458 -0.112561941 1.08306694 1.39148986 0.0607318282
    0.795777917 1.43397486 -0.218252257 0.353185952 0.478592217
    1.39636207 0.616731584 1.17681193 -0.152834803 0.930683732
    0.460187554 1.16884029 -0.0161690712 0.138510406 1.13250828
    1.41296291 0.265869975 1.28796029 0.521712601 0.208374619
    0.920539737 1.09400725 0.333251595 1.1208725 0.161869019
    -0.307622313 0.474509686 0.30109635 -0.215377077 0.778853536
    0.405183345 0.462436408 0.0884851217 0.981964171 1.37940252
    1.14780569 0.690944552 -0.0567361414 -0.186633289 0.107473016
    0.0400232673 -0.178924173 -0.232422993 0.655846238 0.591820359
    -0.223239437 1.37444568 0.964207172 0.618267834 0.0197409391
    1.55626225 0.475731015 -0.18646881 0.96058619 -0.00131350756
    -0.173560351 -0.426174909 0.231841743 -0.388401806 0.406627953
    1.24972916 0.624747336 -0.34281531 0.827323675 -0.300919354
    0.80180192 0.107117414 0.942340791 1.41838479 -0.246355206 1.3618809
    0.30978325 -0.204401493 1.35472429 0.140970111 -0.067892462
    0.249125123 -0.0846258104 0.48348403 0.431760073 0.0141723156
    0.932869434 1.43691015 1.07275629 -0.232408971 0.296631396
    -0.0137276947 0.384996325 0.269136935 1.10269213 0.859839916
    -0.167822301 0.230026007 -0.491882354 0.0969575644 -0.14192161
    1.34740388 -0.174373806 0.463770419 -0.126564175 -0.398836136
    0.544003129 0.575742841 0.0340633392 0.0651055574 0.63876307
    0.0814842582 1.28855121 0.387660176 -0.369059384 0.660850406
    -0.223951206 1.4106338 -0.287178338 -0.209974706 -0.0722258687
    0.79686296 0.344617844 -0.30076921 -0.394942045 0.681316793
    0.312045753 0.881530404 0.853231668 0.0147737265 -0.324432254
    0.149479896 1.16674995 1.07344806 0.0650112331 0.939580321
    0.755283415 -0.0294033587 1.27248907 1.1928134 0.719514847
    -0.368621886 0.357857466 0.725912094 1.43230796 1.36518502
    1.16657066 0.408853471 1.44594455 0.69513166 0.123471618
    -0.0226451159 -0.343354881 0.256903589 0.970375299 1.31946182
    1.47204208 -0.302574009 0.336732447 1.3098861 0.501665413
    0.822422385 -0.106039375 0.713149011 0.330577374 1.2898016
    0.376928926 1.36444283 -0.155749023 0.0928410888 0.225068212
    1.03024888 0.73283273 0.404159307 1.32039535 1.03760242 1.06811523
    0.996571958 -0.285659194 -0.22209534 0.826351643 -0.0626990199
    -0.08126387 -0.16295433 0.43932575 -0.153189987 0.442357302
    1.26056767 -0.0459511876 -0.159662455 1.10585117 1.38218904
    0.939200878 0.193203092 -0.0259707868 -0.483238548 0.560589015
    1.1766181 0.690638006 1.45629263 0.752274096 1.36332011 -0.142105311
    0.00261110067 0.97683084 0.420394152 -0.130392373 0.508936584
    0.684105575 0.788268864 0.673735678 1.48380661 0.699867606
    1.07656622 0.135949731 0.0773773789 0.61249131 0.158972323
    0.449657023 0.646577001 1.23260283 -0.16061005 0.683255672
    1.35729516 0.081833303 0.517330408 0.0756892562 -0.432213843
    1.45149159 1.06956744 -0.370227396 0.0735186934 0.761515915
    1.27154851 -0.114465684 -0.19007194 0.471999407 1.06310129
    0.301950157 -0.445989847 1.15166235 0.962451458 -0.195423871
    1.21304023 -0.0633431971 -0.375980973 0.669060946 0.915526807
    1.19756031 -0.055909574 1.12051845 -0.243528634 -0.443251193
    -0.0360182226 0.394568861 1.49567115 0.0529362559 1.19023395
    -0.155133009 0.208628714 0.584764242 0.410635829 -0.364067852
    -0.0820628107 0.6555233 -0.262073159 0.372379839 1.08315229
    0.697623253 -0.342998683 1.44585681 1.26849842 0.266402662
    1.21773672 0.84978044 1.45381105 0.252689004 0.119218528 0.620017946
    1.3503511 -0.170764089 0.83155936 -0.177652657 -0.0963122249
    1.21711946 -0.279731691 0.344466835 0.0441590846 0.110576868
    1.23544586 0.0905539095 0.119871259 0.10544768 1.17970705
    0.609822392 0.558211803 0.153201997 0.0408627391 -0.501648247
    0.351183057 1.13261247 1.16974378 0.0452671945 -0.373881519
    0.634407043 0.0371807218 0.392321646 0.867133915 1.51722908
    1.12822962 0.617882669 1.545313 -0.0389086306 0.207387865
    -0.396249026 0.0232285857 1.29098094 0.126539975 0.804895163
    0.340105802 0.0274810791 0.0583990812 0.903183937 0.253760159
    1.3282485 0.978069305 1.29195046 -0.328627646 1.15461564 0.413814604
    0.787688851 0.735113382 1.00627971 0.111805201 -0.223774105
    0.608311296 0.849946439 0.646624923 1.134287 0.923652887 1.2542392
    1.09694481 1.17846346 0.131037652 0.348569512 0.134741604 0.36574918
    0.442859948 -0.181548804 0.818047404 -0.329835534 0.0375471711
    1.16443622 0.171295464 1.08617187 -0.507566869 1.43688631
    0.253435969 0.0657729506 1.15672636 0.930126667 0.209178686
    0.211925983 1.05431485 0.561312616 0.470235348 1.45617652 0.32622999
    0.418173552 0.669572413 0.438940316 -0.431887299 -0.351667821
    1.05198419 1.48949289 -0.0364165008 1.52811694 0.387530386
    1.09202504 0.408848107 -0.266055524 0.169760048 -0.072130233
    0.965242505 0.55488652 -0.133334756 0.39406082 0.392568618
    0.0794125497 -0.0725948513 -0.0850324333 -0.178801328 1.20170569
    0.802758813 0.652487218 0.612576306 1.23811197 1.28780758
    0.360996544 0.816587031 -0.485277027 0.356791496 -0.188221604
    0.753900468 0.985531211 0.380805492 0.930731475 1.17661095
    0.738680899 1.15989852 0.629571378 0.0366724133 0.295093417
    0.536082983 1.3836081 0.662845731 0.270076752 0.81114912 0.598793805
    1.24665666 0.589654803 -0.0362680554 1.30448914 0.887176692
    -0.235149056 0.794322073 1.10293341 1.0471127 1.46954358 0.92843467
    -0.234419107 0.553822994 -0.366788238 0.83098948 0.435118437
    0.880307794 0.00222027302 1.10060024 -0.0843622983 -0.342261136
    0.962328255 1.38401079 -0.433268696 1.15512156 0.23675406
    0.651574135 0.741210938 1.41884875 0.353680491 1.04250932
    0.282765865 0.0864749253 0.776278019 -0.323877007 0.144327432
    0.41897887 0.930348456 0.319543064 0.502636433 0.520975888
    0.885274529 1.10541511 0.829262733 -0.410840988 -0.350510269
    0.122795939 0.736190915 0.50659585 0.944280028 -0.461364239
    0.467847556 -0.382464498 -0.462300062 1.18713427 0.676013231
    -0.0973999798 0.0991044044 -0.303812146 1.32752919 -0.119415611
    0.730433524 -0.279858708 0.747178078 0.311686575 0.699588418
    1.29813027 1.21923661 0.52725178 -0.398064673 1.35626137 1.42956996
    0.411897659 1.33834743 0.945845366 1.31413102 0.577833116
    -0.278619707 0.890020311 0.178276598 0.185414195 -0.433237672
    -0.0945831537 1.32467186 0.58251977 0.0386590362 0.44056353
    0.0777381659 0.455218166 1.13038039 0.252108634 -0.321061075
    -0.000848650932 0.275106072 -0.0308930278 0.717943668 1.18928647
    0.0959580839 0.204043895 0.563178897 -0.290964395 1.08225465
    -0.117390275 1.30526435 -0.0914197564 1.28887641 0.531812906
    -0.0470142961 1.36613607 0.925825357 -0.391707182 0.855971038
    1.3169868 1.01626456 0.519129455 1.03652787 -0.227709651 1.14447856
    1.26037371 0.753395319 0.676152229 1.40798604 0.152388513 1.28158092
    0.438872397 0.58120662 -0.36945495 1.16546762 0.424167573 1.1084137
    -0.392001182 0.906008363 0.221645802 0.592054963 0.398923218
    1.21597636 0.435567766 0.241019994 -0.187046736 -0.291468143
    -0.266032994 0.494397759 -0.135689765 1.32475913 -0.46213904
    0.338138103 0.242971152 0.356148809 -0.236156449 0.796913564
    1.04151928 1.48858118 0.517303407 0.364346385 0.883577943 1.49262381
    1.34671402 -0.107786745 0.370125115 1.09356594 0.0914024115
    0.788662612 -0.0976141989 1.29583287 0.0637486577 -0.394190878
    0.102684021 1.10296261 0.127340078 0.289880872 -0.159572244
    0.243235111 0.484655201 0.508493662 1.2844851 -0.301265419
    0.545787036 0.730524898 0.632538378 0.821542025 -0.281084239
    1.09408736 0.603484631 0.990772247 -0.290202379 0.480173796
    0.872815549 0.0574555397 -0.0296459198 0.813788652 -0.0147881508
    0.65262109 0.388949573 0.468652308 1.35789299 1.02751064
    -0.0156366229 0.00186097622 -0.428397447 0.591465712 0.104230881
    0.0999652743 -0.134835035 -0.256258398 1.12951565 1.05798817
    1.11680841 -0.364169598 0.185538739 1.02301085 0.130682915
    0.650385618 1.36090434 1.23172545 1.41214573 -0.169915438
    0.463695228 -0.41610831 0.826458335 0.0552352071 0.450585276
    0.0832620263 0.944873512 -0.340915591 -0.138275892 -0.0849993825
    0.00326994061 1.31481659 0.580792904 -0.255793184 1.03485847
    -0.346580803 -0.321093917 1.16161036 -0.0231773555 1.2678597
    0.0617543459 -0.161197126 0.835976839 1.29113579 0.719854057
    0.67123729 0.490558445 0.93057096 -0.197977543 -0.16361165
    1.10376799 0.324313581 0.0779253244 -0.491670698 1.32554984
    -0.307102591 0.732078373 1.01647425 1.24171758 0.644345403
    0.588730693 1.32086682 1.12529433 0.724079192 -0.22100994 0.97304076
    -0.22625789 0.356960833 -0.249198526 0.550389051 0.553237379
    1.35563004 -0.416424125 -0.437157124 -0.134596765 0.652612269
    0.403047651 0.557359695 1.22387338 -0.262451231 1.03358865
    0.436468005 1.0199095 -0.0804068744 1.39929652 1.46514797
    0.114373446 0.911606431 -0.222540826 -0.280430436 0.142396569
    -0.367394656 0.619649053 -0.394204319 -0.195224285 -0.236648768
    -0.00165587664 -0.330311358 0.765193582 1.14697087 1.01083136
    0.0864731371 1.30146897 1.51702309 1.19174218 0.954852223
    0.832168996 -0.419045448 1.41320455 1.45433784 1.24172401
    -0.333938479 1.46530485 0.96299243 1.09310269 0.433507472
    0.819477439 1.15262091 1.52755737 0.155646831 0.662632823 0.49529916
    -0.402712107 -0.404967368 1.44157517 0.8606354 1.21551156 1.17953277
    1.16220522 1.19444942 1.21353018 1.43376327 0.0998143554 1.16747999
    1.2200489 0.0302071571 0.725287497 0.642563045 0.250825644
    0.964618444 -0.308884323 -0.38852337 0.403059065 0.328734815
    0.37819767 -0.401352316 0.461871296 0.157139182 1.40218353
    -0.219398245 -0.167033255 -0.155735344 -0.184499085 -0.114550829
    -0.23271507 0.741318464 -0.382462054 -0.46086666 1.39044988
    0.882372439 0.00742149353 0.959533274 -0.217155397 1.00678372
    0.262369275 0.282145441 0.368560135 -0.56435746 1.26624823
    0.528984129 -0.349974304 0.134929597 -0.391389221 -0.299745023
    1.21031141 0.519174159 0.07844311 -0.341945678 0.381969213
    0.690661311 -0.391058981 1.26578975 0.651868522 -0.296074182
    0.569510937 0.368931264 1.51897192 0.219404727 1.03904104
    0.863476038 0.658147037 -0.464036793 0.0668627024 0.0835101008
    -0.235304862 0.964333594 0.0685281157 1.24392056 0.772436857
    1.13534927 0.509942532 0.724077523 0.0903087556 0.101133555
    1.15028548 -0.282074809 -0.433952898 0.0809254348 -0.304159433
    -0.344856173 -0.324458838 -0.0862120092 -0.247504905 1.3781203
    -0.259759545 1.26424825 0.570681632 -0.351065576 0.92775017
    1.07443619 1.18290138 0.0205703378 -0.0353130102 0.941092312
    0.667121947 -0.491160184 0.829019785 0.366576731 1.37657309
    0.000341057777 1.45011532 1.46603131 0.76280582 1.47802877
    1.02859187 0.819414914 -0.0681635141 0.952522218 0.476630986
    0.84485966 0.505999804 0.531382501 -0.046238333 -0.429294914
    1.34849882 0.742933869 0.454041511 0.29393214 1.35381508 0.206780165
    1.45658088 0.386191607 1.43379426 0.48441714 1.31003284 1.22087312
    0.451047897 -0.232301623 0.449297488 -0.0220367312 -0.13403666
    0.0551698804 1.0806793 0.423728704 0.110820413 -0.393372059
    1.14210439 -0.386756897 0.875007808 -0.386182696 0.64789784
    1.03357434 0.875673532 0.373197854 1.1149826 1.00394511 1.00680172
    -0.278255314 1.32504964 0.54465121 1.35999441 0.215818852 1.46267092
    0.30682689 0.708963513 0.804429948 0.917929649 -0.010340035
    -0.0705189705 0.786340892 0.107727796 1.27201009 -0.206495643
    0.248753548 0.378174663 -0.0344276428 1.47917724 0.279191971
    0.543127775 1.12583709 1.19005418 -0.0139167309 1.23542643
    1.36177695 -0.26887846 0.31099093 0.016954124 1.36645699 1.05474603
    -0.420783758 0.432033718 0.346042037 -0.404215991 0.65065515
    0.957444429 0.606716096 1.29830527 0.903051853 -0.275994271
    0.856459439 -0.0725684464 0.0392869115 0.968771517 -0.450340956
    0.822339773 0.159651637 -0.141434282 -0.00163826346 -0.27921021
    0.0561051369 1.04395795 0.685380399 1.2238493 1.04535449 0.469890833
    0.576794922 1.03433466 0.647046626 0.337642193 1.26000822
    -0.201722264 0.0319615006 1.37370539 1.09646058 -0.362062871
    1.41139841 1.13526368 -0.418819249 -0.31511575 1.37273169
    0.531630695 0.277398586 0.63023138 0.365401804 1.1288507
    -0.0143942237 0.461184502 1.39479184 -0.445234925 0.47944361
    0.658020318 0.0828919411 1.11910152 -0.000191271305 1.4513185
    -0.195394039 0.237689078 1.37635612 0.550826132 -0.385723591
    0.899904251 0.0315964222 0.995383739 -0.425244391 -0.212302357
    -0.332217395 -0.399510145 -0.197333425 0.97942847 1.02015984
    1.09439659 0.186056674 0.453094363 -0.548556089 1.30934238
    -0.381925732 1.15833569 1.33987141 -0.00892594457 1.08448827
    0.667832792 0.390546799 0.91222167 -0.103568912 0.709323168
    0.431647658 1.33160555 0.682721376 0.780725598 0.530163407
    1.17848575 0.436706305 -0.386164337 -0.154510409 0.30409202
    -0.212297767 0.357906163 -0.00349935889 0.863553762 1.36491668
    0.557352543 1.32276261 -0.421689928 0.0143708885 1.5157789
    0.52402091 1.4692564 0.484065413 1.29649425 0.111136317 1.02115941
    0.768838406 0.285918057 0.931167066 -0.0387894511 -0.0377748609
    1.33933544 0.0884561539 -0.269141555 0.338493705 0.882834971
    0.583685696 -0.493093848 -0.00977408886 0.889897943 0.563238144
    1.20097041 0.232785612 1.36915755 1.50563467 -0.162800312
    0.231388122 -0.227074802 0.733532727 -0.382426739 -0.200002193
    1.38982594 1.1033442 1.33340693 -0.360381573 1.23237848 0.997862041
    0.950366855 -0.0465737283 0.341003418 0.934070826 0.797260165
    -0.277204275 0.0935119689 -0.0545858741 -0.187117666 1.45794487
    0.0711027682 -0.0165485144 0.175455511 1.05705976 0.885230303
    0.331770301 1.48940384 1.02707386 0.571012497 0.0926792622
    0.447253585 1.16811347 0.774746716 1.33738625 0.779489636 1.37120461
    1.07462609 0.186917365 1.16645622 0.000151336193 0.659008265
    0.663777769 0.145856619 0.795728087 1.45691156 -0.433953345
    -0.391935229 0.423698902 0.13246417 1.39516759 1.12125897
    0.145868778 1.05700517 0.189769566 -0.12639308 -0.154278338
    1.12025166 -0.082365483 0.041924268 0.226892978 1.4158473 1.33878589
    1.42983174 0.965076447 0.715938032 0.866004467 0.0195503235
    1.39536417 0.0148473084 -0.269667864 0.521955848 0.651058793
    0.484678984 1.01881683 -0.240670592 1.11094201 -0.222622871
    0.0660864711 1.05868995 0.72635138 0.230200589 1.10124254
    -0.311108112 0.0424952507 -0.104236335 0.38786453 0.870228231
    0.141103476 -0.441969872 -0.366800129 0.755496264 0.392378986
    0.286813766 0.591883898 -0.0916617513 -0.37410742 -0.161297709
    0.361634582 1.29319882 1.32939553 -0.360568225 0.650919795
    0.552365541 -0.303951472 1.49791551 0.504024148 0.649143219
    -0.261385679 0.912760735 1.38094831 0.900359213 1.2091074
    0.499172926 0.865781069 -0.244999588 0.878469527 -0.233402073
    -0.396705568 0.884823442 1.18703723 0.270449221 0.666677237
    0.336799145 -0.107275337 -0.2507191 0.959494054 -0.144987524
    -0.192346931 0.733536839 0.991785407 1.025841 -0.112572044
    -0.465268612 1.00374031 1.40158081 0.935204685 0.164715707
    0.239135116 0.760381758 0.151449502 0.304191917 0.129295945
    0.948118329 -0.29857561 0.839171231 0.548880935 -0.355717003
    0.400094271 1.27152991 -0.225025386 0.532064855 0.854272544
    1.13783288 0.377852559 0.871807098 0.11498642 0.539037406
    0.133580387 -0.110143989 -0.0650157034 0.744357347 0.909695864
    0.283306241 0.250882983 0.580040038 -0.487643868 1.10225296
    0.114263833 0.7348032 0.599932492 0.279315531 0.549065113
    0.705411196 0.00258469582 0.0247842073 1.02065349 0.752015173
    -0.407529384 0.450509816 0.504310727 -0.34315455 -0.125986755
    -0.275349259 -0.0891174674 0.516636074 0.0126556754 0.833612919
    0.89474988 0.698626995 1.01797605 0.000694453716 -0.293242991
    0.773989677 0.0392613411 -0.029748708 0.688407183 1.14888501
    0.646019459 0.0617428422 0.241126359 0.302502751 0.226408124
    1.05550528 1.41877985 -0.218574166 -0.418993533 0.0106627345
    1.34293604 0.832491875 0.85550642 0.388327152 0.622718215
    0.533376575 -0.329119742 0.471097022 0.89268744 0.211197078
    1.24428248 1.02563977 0.924206495 0.706959248 0.248847634 1.23203313
    -0.00316473842 0.0316956639 0.706320643 0.0146579742 -0.453640401
    0.0278015733 0.731551051 0.346659422 0.00609713793 1.08911335
    0.567143857 1.06704283 0.74126035 0.381641388 -0.107128829
    1.14822102 -0.295025676 0.687256455 0.650485098 0.855993092
    0.147506833 1.03774762 -0.448915809 0.738448918 0.402792424
    0.44281584 -0.0332167745 0.956005454 0.4639422 1.22519422
    -0.010653764 -0.27391398 -0.0352698565 1.28644037 0.966777802
    -0.00553056598 0.0789268017 1.46872771 1.42471433 0.93973428
    0.319759607 1.3315661 0.495151043 0.512402356 1.02315915 1.44112515
    0.13439557 1.49206591 0.0236597955 -0.0774703026 -0.181554615
    1.35107446 1.32800901 0.771471977 0.212518007 0.467596978
    -0.259324968 0.19983992 0.124607742 0.0230520964 1.37463427
    1.30360341 0.661249518 0.120176435 1.08826792 -0.468016565
    1.33565474 0.227160454 0.679936767 1.04971504 0.383832932 1.21887088
    1.37402272 1.25306797 -0.168829262 0.372094929 -0.0814452469
    0.877607524 0.957815588 0.882970393 1.23981941 -0.44029662
    1.00140345 1.12646627 0.243622482 0.65267998 -0.398815483
    0.690170348 0.234857917 1.31635571 0.408058763 1.39535081
    -0.33187449 1.08289671 0.621388555 0.17620939 0.190241724
    -0.283541322 1.18911898 0.868597806 -0.226927698 0.772855639
    1.43962169 0.428263366 1.43395782 1.07328117 1.05125117 0.612524748
    0.832439005 1.40862632 -0.108146161 0.867285132 1.22148323
    0.0662395358 -0.061796248 1.36422181 1.36877346 0.764312804
    -0.457343519 0.173310876 0.197718203 1.31072903 0.774315834</data></my_img>
<your_img type_id="opencv-matrix">
  <rows>128</rows>
  <cols>256</cols>
  <dt>f</dt>
  <data>
    1.08570743 0.74640733 0.911368668 0.876053095 0.853077412
    0.899141431 0.694703519 0.751026452 0.669100881 0.465776563
    1.23189807 1.37988293 1.2491982 1.14908624 0.737445354 1.480847
    0.556488931 0.891844392 1.32427204 0.827404797 1.42223811
    0.839098573 1.17246628 1.1459353 0.920802474 0.825007319 1.24913788
    0.924289942 1.09042811 1.4752636 1.12779772 1.31740522 1.04376829
    1.50889325 1.50601792 1.17052484 1.28430271 0.872926295 1.19141912
    1.13096499 0.82459408 0.745807409 1.12703502 1.36927366 1.39068818
    0.974621177 0.610347271 1.27517986 0.626422465 1.38719678 1.29004896
    1.29088354 0.926759601 0.959023893 1.25708818 0.910353541 1.36005938
    0.994734824 1.50304735 1.35433733 1.17597723 1.20767224 0.727204263
    1.10945308 0.759613037 0.519175112 0.784509778 1.18241954
    0.749301732 0.899900436 0.775770426 0.68487519 0.893053293 1.1864754
    0.973956108 1.40132248 1.05771458 0.970143676 0.811735928 0.64516294
    0.812591791 0.85845381 1.04962504 1.23409116 0.564811468 0.985968292
    1.48357415 1.30409193 1.01885617 0.788997054 1.1441865 0.694064975
    0.579258323 1.39982271 0.851871252 0.996957004 1.44818556
    0.758041859 0.746082842 1.08373129 1.35835803 1.1231755 1.28606248
    0.775061309 0.863519311 1.38009715 1.29409361 0.851333618
    0.982510328 0.769809127 1.04264295 0.6649611 0.812596977 0.595688701
    0.933643103 1.03958488 0.63768816 1.39859354 0.970275223 1.41048169
    0.650209308 1.01345932 1.24084377 0.730308712 0.475009024
    0.756070495 0.665582955 0.667997003 0.767671466 0.518160522
    1.21455121 1.24847615 0.687442362 1.16225016 0.948857188 0.762045264
    0.713812649 1.35223913 1.27615499 1.41132462 0.757718742 1.19805634
    1.56633258 1.2727524 1.36006856 1.51645422 1.16251874 1.190395
    1.40720737 1.23279488 1.31968975 1.47018576 0.776761651 0.653845906
    0.962653518 0.836452186 0.768379509 0.650378823 1.32925785
    0.643361747 0.743213713 1.44797337 1.18816423 1.27872336 0.550104201
    0.563081443 1.00643706 0.797395408 0.97663331 0.886195362
    0.673928738 1.1045208 1.0742656 0.872845471 0.862807333 0.682300448
    0.585495472 0.741550922 1.09680378 1.44415927 1.06095791 0.786416173
    1.2231735 1.23748374 1.40124905 0.821461737 1.38573933 1.16395509
    1.13567448 1.09487295 0.7459566 0.521455169 0.66296351 0.799897373
    1.10388935 1.45881414 0.939548016 1.35192943 1.28357172 1.30728185
    1.33914125 0.985506296 0.595303416 1.01227963 1.32573605 0.827144146
    1.4099679 0.977294624 0.693250835 0.609619379 0.720212102
    0.579589844 1.25599253 1.40528286 1.13676047 0.728107929 0.69316572
    1.4904691 1.25603437 1.1450386 1.39809334 0.68061614 1.28358746
    1.29045439 1.21401978 0.874468446 1.14098525 1.23857379 0.942946076
    1.09153402 0.966017663 0.54240191 1.29265118 0.792195737 0.584029973
    1.03597581 1.18869889 1.07554305 1.20183861 0.578721642 1.42889881
    0.771217942 1.46327078 1.34692919 1.29366052 0.816589415 1.1219238
    1.15825629 0.698625624 1.35562205 0.964798629 0.69036597 1.01707613
    0.85200274 0.749853313 0.887302697 1.51311743 0.909018815 1.0795269
    0.943930745 0.89909476 1.1878686 0.90243125 1.36424839 1.15441859
    0.85650754 1.12797558 1.34604061 1.05059969 0.492464513 0.517824471
    1.0740037 0.950111091 0.502753437 0.654634416 1.14109206 0.804871202
    1.41431642 1.47804081 1.32697129 0.632790685 1.50739884 1.27261472
    1.21507919 1.30744958 1.04692078 1.38313293 0.950068891 0.897342622
    1.35517657 0.770654678 1.42959344 0.872569263 1.07318771 0.858269453
    0.769447923 1.50393188 1.45695126 1.37723482 0.970129073 1.01780987
    0.509102106 1.12278283 0.641703248 1.2387886 1.17744136 0.95110184
    1.03136289 1.18584323 0.888921559 0.658245146 1.32518518 1.33633029
    1.0804745 1.40080571 0.693858743 1.45138597 0.691374302 1.4899509
    0.800304294 0.851356208 1.11243021 0.950449049 1.16521597
    0.907144845 0.546481013 1.44658601 1.14931846 0.67936933 1.44660592
    1.51277685 1.45539463 1.21095479 1.43175507 1.18974233 0.983124614
    0.689940989 1.32805848 0.974031091 1.47798967 1.29829657 0.870987594
    0.862710297 0.525722623 0.782949388 0.98611021 1.22571838 1.11593652
    0.583263993 1.30810964 1.44741583 1.28302515 0.673221171 1.27466893
    1.42048967 1.16608512 0.955094755 1.03059268 0.655019104 0.778084338
    1.08421719 1.26081991 0.939094365 0.801477194 1.07380021 0.833693504
    0.834002137 0.94027853 0.740529537 0.896004736 0.970847785
    0.678213358 1.12228608 0.707993627 1.10619843 0.771728277 1.14819932
    0.608349919 0.863809228 1.31362677 0.581350625 1.29712665
    0.450758874 1.15499973 0.594082534 0.707772315 1.10132003
    0.697117746 1.22142208 1.10202038 0.752085388 1.05666888 0.646435261
    1.46589875 1.24913228 1.12209332 1.40401423 1.35416985 0.763353288
    0.895564079 1.32064033 0.792103946 0.883216798 1.52659154 1.09966648
    0.865023136 1.16980469 1.05534506 1.3774699 1.11321223 1.39375687
    1.34029329 1.03446305 1.0387603 1.15115654 0.536617041 0.953121662
    0.563135266 1.17220962 0.563612878 0.519475341 0.832044065
    1.30184722 0.987333 1.42236245 0.676531553 1.53960323 0.99278605
    1.52028787 1.26071727 1.56265807 1.14650238 1.1144557 0.94333607
    1.09943485 0.991850853 0.62800473 0.7970227 0.969982505 0.631085575
    0.969680727 0.59713757 0.577717125 0.437172741 1.09338856
    0.589596152 0.658286333 0.640521705 1.38866556 1.09314704 1.08920956
    1.45433724 0.984371603 0.855003595 1.16087329 1.04451156 0.677129865
    0.581707418 0.799256921 1.2664479 1.00896442 1.13948202 0.836504877
    0.751430392 1.04857504 1.44729853 1.19272697 0.956326246 0.769724548
    0.620879292 0.798602641 1.08356929 0.847505093 0.513413846
    1.38542402 1.16050112 0.825068235 0.642776012 0.688932717 1.29211998
    0.853956401 1.20319939 0.915192664 0.843258917 0.634892106
    0.986760318 1.29993856 1.38234377 0.559964299 0.652564287
    0.586474121 0.885174334 1.21379507 1.12841403 0.980455101
    0.877103686 1.38967288 0.692468226 1.44450521 0.561040223
    0.471236169 1.32221997 1.15837002 1.20016885 0.946955621 1.27510369
    0.649778247 1.26433325 1.016554 0.994776607 1.23564887 1.50776017
    0.559613407 0.591571569 1.03681421 0.991158605 1.31589568 1.13200808
    0.956246614 1.43061376 1.09504282 1.29941499 0.785019457 0.603216887
    1.41415775 1.32977009 1.18508708 0.542807162 1.45231164 0.536664784
    1.40720975 1.0128386 1.07234085 1.22716355 0.585014999 1.26606274
    1.06968462 1.23737264 1.35390079 1.4757452 1.15547347 1.26198483
    1.09250879 0.558878243 1.45386434 1.43728602 1.0990628 1.24539304
    1.42705917 1.43332934 1.01955247 1.07707894 0.905994236 0.670394897
    1.48494661 0.670799196 0.853412747 0.521045446 1.31490791
    0.668114126 0.995433152 0.630283058 1.41166413 0.993075132
    1.19803429 0.900202453 1.49128044 1.36923122 0.979647994 1.02375007
    1.38382995 1.17671275 0.575910091 0.610649407 0.605547547 1.49817872
    1.08263886 1.49803531 1.1146059 0.917288125 1.17930496 1.11442804
    1.47748303 0.551388025 1.42451966 0.718021989 1.40383148 0.777176499
    1.18572915 1.17002678 1.32256699 1.25471807 1.3505789 0.716019928
    1.32120013 1.45647991 0.895132005 0.996675014 0.980476499 1.16627026
    1.23851633 0.968308449 0.687293351 0.594823599 0.915634096
    1.24552059 1.3389914 1.05485022 1.21742344 0.972832322 1.37196672
    1.09707105 0.958167017 0.849640727 1.50260913 0.821564376 1.24904013
    1.4541564 0.641201913 1.12981629 1.33640516 1.4260118 0.58934623
    0.568449259 0.559272349 0.626242876 0.827270389 0.901907027
    1.13744545 0.960062325 0.677346051 1.01131988 1.02109718 0.547763765
    0.536150336 0.571399331 0.569396138 1.02855897 1.2656225 1.17666423
    0.607833743 0.705841601 1.24340844 0.63089323 0.60668242 0.662505031
    0.749454618 0.540506124 0.76108712 0.879015028 1.08917141 1.35365891
    1.44812882 0.720420241 1.03747368 0.993026733 0.631157637 1.47765005
    0.641070008 1.37020528 1.04282832 1.26845217 1.49075508 1.40936196
    0.546659827 0.522578061 1.47938979 0.818418026 0.950796604
    1.26602697 1.14346957 1.49712372 0.967079997 1.03450453 1.40019202
    1.3821708 0.843462169 0.599756837 1.1662401 1.05330265 1.16026318
    1.3879112 1.28578329 1.30308807 0.754061759 1.27469552 1.04943299
    0.822332025 0.981606603 1.11541593 1.10267889 0.963101506 1.06358552
    1.02943611 1.39480841 1.21393847 0.562786996 0.670930386 1.32844853
    1.01474369 1.11563194 1.41594458 0.574223101 0.709090352 0.932756782
    0.897099733 1.50110292 1.3745575 1.09213364 0.824095905 0.957481205
    1.32318389 1.17191267 1.26573658 0.70311445 1.38731611 0.647099197
    1.0570178 0.596958041 0.774464667 1.19155622 0.733816743 0.847822666
    1.39696026 1.17041457 0.874174953 1.29041982 1.27121913 1.29634094
    1.37215614 0.818800092 0.666479707 0.769248605 0.820990503
    1.19407856 0.640140831 0.969163418 0.869915068 1.51481891
    0.880105436 0.626347661 0.517418683 0.741454959 1.033553 1.15156293
    0.861169696 1.09518826 0.998259127 0.742332101 1.40716875
    0.708694696 1.0169636 0.920180202 0.755549133 0.967051268
    0.507506669 0.501114249 1.26150608 1.37457931 0.588884532 1.10194838
    0.92672354 1.4716531 1.43737364 0.65374428 1.41110039 1.00874686
    1.44778395 1.31698108 1.38950241 1.10963345 1.3335861 0.684779465
    0.867375255 1.36552179 0.631197512 1.03146172 0.605624676 0.62012279
    1.3129214 0.635839701 0.998899996 1.4822669 1.10306454 1.43959653
    0.710577369 1.04636467 1.35976517 0.816495717 1.46898353 1.24031746
    0.562967956 0.575924635 1.098387 0.877622068 0.785673141 0.594662726
    1.37904966 0.83802557 1.54497576 0.575779259 1.4596138 0.823992491
    1.02534533 1.05696714 0.551495433 1.37783253 0.959488034 1.23397398
    0.534018993 1.28272128 0.658073902 0.674455464 0.584874272
    0.634350121 0.832429349 0.772463977 0.752126276 0.838980436
    1.01658368 0.569692492 1.10978913 1.49619436 0.932612896 1.04495025
    1.08893359 1.34317839 0.581134021 1.16089308 1.28700042 1.20634735
    1.00633681 1.21750331 1.49638247 1.51735032 1.19549775 0.520427048
    0.680391431 1.15656316 1.20516646 1.34949422 0.813299775 1.16815412
    1.470034 1.49142385 1.33258069 1.53737581 1.2450676 1.47335541
    0.662956536 0.737495899 1.39830315 0.46118018 0.469311923 1.34156013
    0.535738587 0.466936827 1.18373644 0.987217903 1.31112587
    0.868453443 1.32774079 1.39542174 0.873700261 1.46195436 1.00896561
    1.27177978 1.49509704 0.729158223 0.652314663 0.576693773 1.36926794
    1.49178898 1.06531215 1.35617793 0.993333757 1.11166406 0.934719205
    0.886666 0.932955205 1.40309691 0.472430766 1.3492223 1.15546596
    0.90415287 0.563416123 0.61941278 1.14175105 0.653447509 1.05787122
    0.681166232 1.17351258 1.30344856 1.19558251 0.854701996 1.31851113
    1.3060317 0.758134365 0.861758828 1.08031261 0.655635595 1.37771642
    1.35802639 1.32692742 0.654182494 0.618679583 1.29076147 0.541360617
    0.826697052 1.03885531 1.32156301 1.13702691 1.30141449 1.36102188
    1.27666044 1.51416671 1.49590063 1.22280884 1.09126353 0.695564449
    0.696068943 0.954950631 0.595003843 0.501378059 0.56878376
    1.34707284 1.41846693 0.604770124 1.19492114 1.1220057 1.12771988
    1.3462317 0.660868585 1.27161562 1.52118385 1.33221102 0.94639498
    0.743566751 0.832009554 1.04784298 1.49941695 0.936077058
    0.854108334 1.42168212 1.06816578 1.22439098 1.23409665 0.689289153
    1.24050629 0.678367317 0.694834471 0.621488571 0.713462055
    0.513160527 0.808468044 0.901055574 0.74965924 1.14734626
    0.773098409 1.32674432 1.44916475 1.04875147 0.607628882 0.966438532
    1.15716338 0.981157362 0.798029423 0.653508186 1.29922628 1.11811459
    0.955471635 0.777938128 1.19477916 1.3627423 0.818348646 0.739788651
    0.552383482 1.17827475 0.6339131 0.867281079 1.15642262 1.13645828
    0.861643732 1.53110576 0.581563532 0.894448817 0.684217989 1.0030092
    0.552688599 1.3914026 1.47009766 0.5590657 1.34548652 1.03989553
    1.08408082 0.950290143 1.12722802 0.797461569 0.670706689
    0.474417955 1.06868386 0.718963265 0.685827792 1.21622694 1.3778193
    0.559847355 0.908402324 1.4845016 0.669868112 0.564310193 1.02041316
    1.32650363 1.30689967 0.56482023 1.31732094 0.861660004 0.725592613
    1.42497957 1.0205034 1.14533746 0.828892231 1.28795993 1.13556981
    0.785419762 0.554073811 1.20877934 0.947443247 0.556507528
    1.17563915 0.545812964 0.74566263 1.10178626 0.598647416 1.24763572
    1.07107139 0.806551278 1.2025733 0.966941953 0.701018751 0.561393797
    0.837494075 0.84143424 0.681420088 0.950866699 1.12690687
    0.858214259 1.52728653 1.39539933 1.40018106 0.941720963 1.12421298
    0.703671336 0.931241989 0.644642115 1.40029931 0.951146483
    1.37543237 0.697271705 1.14768195 1.09016168 1.14419234 1.13122356
    0.621313214 1.10031331 0.761331618 1.30257058 0.468049854
    0.761780798 0.895475566 1.31303954 0.838677108 0.764255524
    1.42214704 1.37332726 1.45952868 0.699991167 0.654542387 1.2799474
    1.04334962 0.721116006 0.817305982 1.47501242 1.42997158 1.12571406
    1.05168569 0.858127654 0.871208668 1.06390083 1.01903951 0.599494696
    0.884840071 0.990363121 1.39004183 1.39711583 1.2526691 0.78770721
    1.11571908 1.20277357 1.26537406 1.07341206 1.54763067 0.789598525
    1.35427678 1.08920431 1.18169928 1.42030978 0.772188306 0.52014339
    0.704506457 1.26547801 0.848288476 0.801172376 0.488151222
    0.681732655 1.2169627 1.33293176 0.852523983 1.37425017 1.41564178
    0.83976084 1.08998001 1.47593093 1.13782525 0.760431647 0.853085756
    0.877382815 0.826747358 1.29433799 0.674991786 1.08769429
    0.845419884 1.37572849 0.898008525 0.868339002 1.28161585
    0.990297437 1.1625452 0.706718147 1.11966002 1.05898631 1.48275054
    1.36570287 1.19415295 1.11361194 1.23139751 0.550274611 0.618814111
    1.23953795 0.845669508 1.19340909 1.16942692 1.33445334 0.963392913
    0.9176144 0.943973303 1.20833027 1.44266033 0.625804722 0.529344857
    0.785876513 0.641161978 1.07411432 0.881428063 0.584455729
    1.26645017 1.20980155 0.958419442 1.52777958 0.745545387 0.951685309
    1.2626642 1.26708925 1.01040852 1.41946924 1.57010007 1.12704504
    1.22111058 1.00389504 1.13660932 1.29496634 0.596664965 0.737277091
    1.01684833 0.641635835 1.05240035 1.02834308 1.06078053 1.19520223
    1.49426544 0.829774737 0.579330981 0.568672419 0.801151097
    0.960908055 1.3507731 0.851488471 0.976880014 0.938226461 0.78061682
    1.27348852 0.990465403 0.514915824 1.18805707 0.823921084
    0.764541388 0.673431396 0.770452261 1.1783905 1.1542871 0.998214543
    0.72968173 0.556746662 1.12245333 0.846936643 0.735265255
    0.673199952 1.30944014 1.21824896 1.29756379 0.597077191 1.0813303
    1.49534404 1.13119948 1.4316107 1.2601887 0.919541478 0.978833079
    1.42712617 0.78978163 1.11670578 0.753056884 0.878339589 0.861570895
    0.846704721 0.473126918 1.41695464 0.732509077 1.09981275 1.38784957
    1.08810747 0.932899415 1.3008194 0.520072937 0.964828849 0.543177605
    0.7210536 1.03443456 0.606389999 1.33730423 1.24505138 0.954651475
    0.899451554 1.05623734 0.792904973 0.916968644 0.550882697
    1.26504385 1.2083571 1.05236292 1.43500137 1.02921498 0.597624183
    0.56302315 0.90171814 0.521860898 1.19838417 0.821926475 1.17505181
    0.938700795 0.46923846 0.595959365 0.839451611 0.533787251
    1.21269274 1.40969121 1.45724523 1.25212038 0.869900107 1.38917363
    0.993805349 1.17254984 1.2164712 0.737028062 1.34571826 1.40360427
    1.21861017 0.848582208 1.3700937 1.23133337 1.41138554 0.722501814
    0.626584291 1.37788403 0.787834823 0.768597722 1.49410927 1.28909993
    1.35972691 0.986163855 1.01247835 1.07418966 1.26347435 1.45748174
    0.788770795 0.773598433 1.27558756 0.572181821 1.43615901 1.39935839
    1.23256373 0.818574369 1.42882061 1.34992194 0.781161249 1.5066644
    1.16826487 1.06061614 0.828447282 1.30689716 0.882859409 0.811739922
    0.549580991 0.632722497 0.724115491 0.871838748 0.594540536
    0.761091411 0.959886968 1.17461705 1.12822473 0.803211451 1.31391549
    1.42303431 1.26973152 0.701666832 1.07476401 0.618830979 0.679653943
    1.42806959 0.8224594 0.590931535 1.45024514 1.32502115 1.24264872
    0.921470225 1.50208271 0.91445756 0.668619394 1.00276029 0.885152996
    0.650505006 1.41017115 1.2645452 1.35270774 0.605484903 1.5069809
    1.0030117 1.26179492 1.2601819 0.807743371 0.637387633 0.854415774
    0.877278268 0.544003904 0.575336099 1.10187137 0.990526378
    0.842443824 1.18297648 1.04362857 1.28653371 0.870936871 0.983931541
    0.996861637 1.41989422 1.02045572 0.90808326 1.44672036 0.546225965
    1.37000346 0.5607059 1.52790427 0.859864593 1.37623143 0.935219765
    1.38828635 1.35354865 1.38041174 0.633120239 1.28402197 0.666507244
    0.611414552 1.40672231 1.31284583 0.589186251 1.29228735 1.03592432
    1.19733942 1.27643514 0.956205964 0.726085603 1.4185766 0.691615045
    0.642645657 0.564810216 0.877280116 1.01533747 0.950140417
    0.685234845 0.946709216 0.65945816 1.0765326 1.05787754 0.772468328
    0.782694221 1.17155421 0.719215393 1.24473298 1.23952889 1.51508856
    1.29675293 1.11928058 0.985003531 1.16676557 1.04807055 0.759692729
    1.12878215 0.9397735 0.771247864 1.56601584 0.611641586 1.43014419
    0.711985886 1.26369059 0.907869041 1.29118955 0.927498221 1.2181834
    1.01111853 0.92315644 1.23258781 0.774181128 0.721965373 0.569275558
    1.07577801 1.21858895 0.956244111 1.42196369 1.14049697 0.603262901
    1.38018823 0.959518552 1.15515959 1.00638652 1.11533606 1.41930866
    0.578898907 1.42890978 1.33168137 0.919103801 1.25139081 1.2909317
    1.31672192 0.639777362 0.724180996 0.946532309 0.428908169
    1.08924603 1.40988326 0.795204341 0.579226732 1.09910703 1.37995374
    0.489079893 0.909108639 0.746837318 0.832252026 0.77905488
    0.604510725 0.89884299 1.033301 0.753019154 1.38128328 1.18094361
    0.804901004 0.825756133 0.458645552 0.955756843 0.88497144
    0.79787308 1.3729918 1.43072784 1.4864763 0.839664519 0.959819973
    0.879148662 0.811601937 1.33151209 1.0042007 0.703967154 1.04485512
    1.20349884 1.34531307 1.36716402 0.598194599 1.23446834 1.44090033
    1.28815818 0.955098093 0.855908573 1.40413463 0.509904385 1.04443538
    0.506103933 0.770966411 1.47738779 0.997742116 0.588752627
    0.649096251 0.872348845 1.35128856 1.40469241 0.693675876
    0.834460258 0.606614232 0.496265799 0.504041791 0.649314404
    1.37929225 0.768772125 1.31458092 0.91959101 0.80642873 1.15531588
    1.09305477 1.29472435 0.741848886 0.625750721 0.601754606 1.06617975
    1.35394502 1.47546935 1.44790173 0.843874395 0.819146097 0.965226948
    1.25453722 0.585809112 0.642632782 1.38464868 1.05746484 1.52470887
    1.28936207 1.52283835 1.321334 1.5269289 0.717452884 0.668653965
    0.923376739 0.84031719 1.15535343 1.2229054 0.82227546 0.749708533
    0.565214157 0.90961051 0.87819314 1.0935744 0.806597292 0.73434335
    1.49816489 0.778847516 1.02625644 0.85151124 1.12911081 1.09479737
    0.55373162 1.24661601 1.23165512 0.862373412 0.721201956 0.917466044
    1.20420945 1.3766675 1.43955183 0.722120285 1.0019424 1.48792493
    0.690586567 0.839554548 0.622644007 1.11710751 1.01335955 1.18712318
    1.39187336 0.988395095 0.817314327 0.798998117 1.29558861 1.12206721
    1.44146478 0.984415054 1.18331683 1.33156633 1.00832057 0.901194692
    1.28701651 0.989483953 0.691560268 0.858095288 1.47456598
    0.943504751 1.52247214 1.28254902 0.822357357 1.05997503 0.763492465
    1.26653767 0.925860286 1.04738414 0.497060567 1.06405485 0.616582513
    0.770584106 0.906372905 1.1483438 1.11775362 0.77070874 1.52818537
    1.56793129 1.08031631 1.42108834 1.02851534 1.35405099 1.26238024
    0.749490619 1.45636952 1.14002466 1.27084947 1.17288494 1.09081388
    0.834469557 0.807157218 0.947726011 0.640242279 0.736001134
    0.549115121 0.612673223 0.88836807 0.745079398 0.805750132
    0.762753904 1.31129169 1.0876689 0.737830043 1.31138158 1.07883382
    0.538747251 1.42027307 1.04356229 0.848477662 0.539480567 1.23178279
    0.73370266 0.804133952 1.24206209 0.691921353 0.656580746
    0.775250733 1.38279855 1.28338492 0.896792173 1.37248313 1.22427356
    1.27173305 1.3623476 0.904376686 0.79467088 1.36340725 0.828029633
    1.10693061 1.47790074 1.30272794 0.764852226 1.31308663 0.742398083
    0.926384687 0.737494588 1.53087902 1.36577618 1.06310332 0.792468905
    0.821824312 0.825577915 0.519493103 1.03017306 0.606074333
    0.876460016 1.51552784 1.51993501 1.49679554 1.52101099 1.19689262
    0.966336966 1.3564018 1.14004385 1.17606318 1.39875829 0.61253345
    0.558575869 0.711892962 1.21903276 0.568504214 0.87803036 1.02230525
    0.787334442 1.0299871 1.39798856 0.496816665 0.535360157 1.1879735
    0.578013539 0.553614378 0.839122951 0.820914984 0.772698164
    1.31382298 1.11077178 1.26284707 1.16964149 1.23688829 1.42416775
    0.731850922 1.34764111 0.939895034 0.835361362 1.24953401
    0.913633287 0.581851363 0.585847616 1.18990958 0.586925983
    0.572363496 0.68670702 1.0311259 0.833065629 1.0083611 0.7641325
    1.13933599 1.42165732 0.628750265 1.25400949 1.28285599 0.721591651
    1.43037677 0.704918683 1.45597887 1.16032052 0.755450606 0.865015328
    1.05830288 1.26574349 0.678637624 0.562684119 1.06486273 0.891826451
    0.480859667 0.91100198 0.910730362 0.927742183 0.473331898
    1.27516162 1.21065271 1.34599829 1.23114562 1.03646886 0.473979861
    0.779981673 0.471966803 1.29910433 0.48077032 1.38826752 0.67709291
    1.36227548 1.39905381 0.599666357 1.37643218 1.37430048 0.975391686
    0.869090915 1.53590357 1.07066834 1.50446248 1.43047488 1.01641309
    1.4136287 0.589782953 1.19180822 0.620733738 1.41854405 1.48376226
    0.718269169 1.01119483 0.727376163 1.37443507 1.16084373 0.727244437
    1.32124734 1.42110586 0.953927219 1.05901384 1.03091884 0.791170001
    1.43027067 1.50810313 1.39827013 1.22384167 1.3304404 1.47273386
    0.767458797 0.664529324 1.06678736 1.47664142 1.13917947 1.36233425
    0.767041564 1.35405552 1.11429989 1.41077268 0.97386384 1.43076181
    0.609396517 0.62894237 1.06810462 0.410954416 0.942848802 1.39705968
    1.31304944 1.01539838 1.05385959 0.888371289 0.774722695 1.41294861
    0.524246931 0.812065959 1.23368943 1.44566023 0.668614924
    0.498230368 1.32658005 0.561451972 1.23432148 0.64571327 0.582507253
    0.537524283 1.22202146 0.974693954 0.57792145 1.49478531 1.25872183
    0.983852804 1.28598619 0.818491995 1.2412864 1.34259558 0.813999474
    1.56352353 1.28505421 1.09943819 0.602680326 0.956218064 0.967226028
    0.969104052 1.0786463 0.728074193 1.1366725 1.11219323 1.05503619
    0.494808644 0.709893227 0.606892109 1.14580429 1.03025782 1.15529788
    1.39482522 1.32313037 1.06491995 1.17351663 1.02716482 1.24336767
    1.32000709 0.824050426 0.989832997 1.14391589 0.791131377 1.45866787
    1.27318347 1.38949728 0.848456502 0.694188297 1.35835791 1.37929833
    1.23912144 1.26745963 0.602109373 0.549215198 0.529889941 1.29060328
    0.776702762 0.719159544 0.628107131 1.33224535 1.48570454
    0.927053154 1.14833534 0.583768308 1.50376272 0.609179139
    0.988502383 1.23510528 0.777179718 0.55524677 1.30747402 0.912560642
    1.23646545 0.630473137 1.22266626 1.0522455 0.980585396 1.48324537
    1.09319568 1.10944545 1.24854016 0.937068284 0.759849727 1.51591921
    0.595888913 0.938078761 1.08017755 0.969203949 1.37789321 1.51926517
    0.909412801 1.03436065 1.32414663 1.25791216 1.06767714 1.43811953
    1.41856813 0.524996102 1.43136477 0.725409746 0.948960602 1.29532683
    0.851417303 0.569886565 1.2086395 1.38259137 1.14567757 0.644724369
    1.30042529 0.518884838 0.740640223 1.41828454 0.753663003
    0.777827501 1.39435637 1.39477885 1.23227191 0.946248293 0.558081985
    1.01644969 1.40604734 1.46392286 1.19236267 0.605576575 1.05931675
    1.13925588 0.73220855 1.32919347 0.860414803 1.33305657 0.630483985
    0.558784604 0.626201272 0.953176498 0.806020319 1.10692942
    0.912043333 0.732538998 1.1327039 0.767250121 1.24839532 1.19348752
    0.586822689 0.989324391 1.15878332 1.14181674 0.473727286 1.13163698
    0.518218517 0.535753489 0.789092898 1.12142146 1.50350523 1.29135501
    1.51822424 0.559980273 1.01036227 0.775486171 1.05003762 0.656310737
    1.17890954 0.923990607 1.07111096 0.591333807 0.83328557 1.06501031
    1.2189945 0.765768409 0.676792383 0.926023483 0.84327352 0.808498085
    1.3355937 1.19979358 1.03712034 0.566081762 0.502943814 0.969847739
    1.13108349 1.18683493 1.01157522 0.643151581 0.612200141 0.74979949
    0.657484114 1.29126108 1.14871836 0.552763343 0.54624337 0.973294079
    1.03155005 1.1796 1.0331775 1.22501945 0.817442119 1.19803894
    0.902551055 1.24557984 1.0668031 1.35164857 1.02360868 1.05342424
    1.23549867 1.08058012 1.35845327 1.422943 1.43408227 1.06091404
    0.970603764 1.30639338 1.2745688 0.747374356 0.907387197 1.40744936
    0.884851217 1.15090227 1.06540775 0.572561681 0.827033877
    0.778391659 1.00574243 0.8986606 1.23361754 0.521727026 1.47924304
    0.714703321 0.678021371 0.923987031 1.43279326 1.12195182
    0.996136069 1.49784851 1.43851686 1.42248881 0.876865029 0.658156276
    0.761718512 0.583602369 0.866196513 0.492745072 1.261415 1.35414267
    0.522767544 1.4924078 1.38820672 1.06753051 0.956286788 1.34272647
    1.1342231 0.896355689 0.952563107 0.861422598 0.965593576 0.47214976
    0.89606452 1.20119059 0.625358164 0.78787148 0.750318587 1.19235516
    1.27726877 0.659260213 1.10919321 1.43745363 1.0260644 0.753358424
    1.4980284 1.47888005 1.14153004 1.05070746 1.17722416 1.07162774
    0.706103504 1.03951442 1.07852399 1.02333915 0.802862763 1.20862412
    0.985817373 0.975614071 1.31454337 1.07897711 0.693711638 1.28376591
    0.766786456 1.03011775 1.43741345 0.633116901 1.27963209 0.987957358
    1.25370526 1.0308392 1.48454559 0.840879917 1.18942511 1.05902505
    0.898111224 0.630751669 1.4101783 0.732031345 1.35322392 0.940732479
    1.41316581 1.42287636 1.10901332 1.25976217 1.07266319 0.534069777
    1.34855926 0.652967811 1.19378161 1.23177588 0.902497292 1.02150655
    0.552981973 1.49135053 0.928515255 0.70929569 1.12295055 0.696887553
    1.30658519 0.57667774 1.4843055 1.39760542 0.523150206 1.44265103
    0.693583608 0.656132519 1.08346391 1.41549325 0.995142519 1.52403033
    0.669933856 1.17867959 1.48430061 0.841827035 1.40556729 0.782382131
    1.41374302 1.48988843 0.552334487 1.33745074 1.4787724 0.800251245
    1.28824222 1.20416307 1.21472466 1.29061222 1.37682903 1.22002983
    1.45834148 0.730995595 0.888857365 1.24810004 1.20931137 0.81270659
    0.749907553 1.26837301 0.814962685 1.26658893 0.590858102 0.85879916
    1.24537325 1.18840516 1.12143683 0.765073299 0.50083077 0.872368813
    1.38781869 0.635650098 0.731123805 1.17738903 0.984244108
    0.511955202 0.899364769 1.3545903 0.610055983 0.888250291
    0.562815666 0.836068153 1.26257169 0.80872637 0.617472768 1.20423627
    0.862511933 0.725003362 1.12738132 1.08931601 0.961827695 1.27155459
    0.905542731 0.637020051 0.60517621 0.75151068 0.665173709
    0.493785322 1.04016948 1.33652461 1.37671351 0.843025029 1.21321356
    0.543906212 0.565970719 1.4574964 1.10416436 1.28076625 0.582638443
    1.50091684 0.718047678 0.937251806 0.919085026 0.591884971
    0.949595749 1.07496274 0.685760081 1.19019735 1.25376618 0.939337969
    0.746302366 1.17275107 1.11849535 0.555284679 0.792846203 1.43411744
    0.956493855 1.28856623 1.05017078 1.2071476 0.556422114 1.36023688
    0.581364155 1.43456578 1.02016556 0.881922126 1.1765399 1.33862031
    1.49644697 0.570152819 0.760138273 1.22726965 0.816856444
    0.642004788 1.3836863 1.27680743 0.647277534 0.991368949 1.39313507
    0.893024147 1.143677 1.05505276 1.45886648 1.01215291 1.22577739
    1.23759317 0.77886194 1.34937763 1.30511618 1.07804501 1.31870282
    1.45160162 1.34811711 1.18255341 1.07549465 1.25101459 1.47917235
    1.35226023 1.5733397 1.52994061 1.28179598 0.915112853 1.23364139
    0.633444369 0.947085202 1.44900036 0.801411808 0.658716261
    1.24454796 1.04454839 0.817965925 0.886789262 1.3528378 1.38970852
    0.785067976 0.868659735 0.811321914 1.13703668 0.851637483
    0.85476172 0.762361884 1.09770441 1.46699071 0.494699776 0.683398247
    0.568053842 1.22360754 0.678417921 0.902915716 0.869556367
    0.559660554 0.918355703 0.713967979 0.673623085 1.15159678
    1.02705276 0.891121209 0.612209499 1.14422572 1.08981252 1.36873221
    0.548113227 1.2303791 0.831473589 0.865039289 1.06563902 1.36616671
    1.09908676 0.551244855 1.51237381 0.785571635 0.645447969
    0.953802824 1.15615845 1.53441346 1.40895998 0.539209962 1.29698014
    0.884699464 1.03137314 0.933605075 0.604029238 0.564873219
    1.19816113 1.08130765 1.29717445 0.630797327 1.11243832 0.635069847
    1.01276314 0.601771951 1.04482627 1.48787177 0.985034943 0.545751929
    1.04439747 1.48995268 1.29708719 1.32674599 0.876308322 0.690102458
    0.964013875 1.0116241 1.35791957 0.540202379 0.800250411 1.29335892
    1.33904922 1.49982011 1.20472944 1.52375269 0.970897436 1.28008735
    1.37060547 1.20433986 0.524432063 1.3698355 1.28273237 0.535516024
    0.592016637 1.21989369 0.94115746 1.17512429 1.16804326 1.22518408
    1.43213558 1.03858101 0.702481329 1.14996064 1.48059916 1.42118943
    0.985506296 1.10006726 0.562370002 0.718464732 0.849620521
    0.735151291 0.546842515 1.29748058 0.995604634 1.34516954
    0.633581758 1.28066814 0.661205232 1.0357914 1.40162253 1.28252172
    1.22291374 0.945866942 1.21141529 0.733483732 0.948198199 1.07731485
    1.1129179 1.01433539 1.31482136 1.17598486 0.731448174 0.825529158
    0.859100461 1.33386385 1.22721827 1.32151103 1.39960408 0.534134328
    1.28678203 0.977154016 1.36798275 0.728278339 1.13073349 0.501771629
    0.799061716 0.926797628 0.691178501 1.04144394 1.03838921
    0.851508558 1.19007492 1.22353494 0.773328364 1.38940609 0.733977914
    1.25401354 1.44796896 0.738595307 0.844297171 1.03078377 1.0373708
    1.17021823 0.822961509 0.562496364 1.10076714 0.59861958 0.490440369
    0.547990203 1.13105452 0.788752258 1.16580415 1.44075549 0.78527838
    0.710915565 0.616265178 1.45061529 1.05923247 0.930251479
    0.499926895 0.450159997 0.737039089 1.2634151 0.736401856
    0.754280806 0.785527825 1.40358317 0.994004905 1.41132891 1.3253895
    1.04357052 1.14851391 1.5068624 0.563424289 1.45104396 0.576042831
    0.954507709 0.686721921 0.584036469 0.831946731 1.2032553 0.86094749
    0.730643749 0.890354693 1.08717477 0.676525295 1.22494352 0.80088675
    0.592948973 1.0631355 1.13424706 1.25735188 0.911084056 0.850525737
    1.42144489 0.873441637 0.693937957 0.696861446 1.39148498 1.3182416
    1.48674488 1.30333006 1.26462615 0.829932749 0.706853032 0.972166955
    1.00862467 1.2215178 0.659168541 0.870653152 1.178864 1.26766765
    0.915015519 1.10497165 0.622990191 0.883379519 0.888931751
    1.04538441 0.71543771 0.983887494 0.904694021 1.45894837 1.26063907
    0.944411874 0.63852942 1.15348411 1.49767947 0.899009407 0.668502271
    1.3881973 1.18983257 1.42512488 1.4324367 1.12966776 1.48377335
    1.40466046 0.971633732 0.810827076 0.708716154 0.591343462
    1.31086385 0.748166203 1.22660971 1.07373309 0.83164531 0.629517198
    0.599341393 1.29554641 1.2906791 0.97989583 1.25822639 1.04728591
    0.496259868 0.718771935 0.745688915 0.605657756 0.975839674
    0.508017778 0.502536833 0.924029589 0.893477499 0.850832641
    1.18232095 1.26120222 0.772085786 0.588038146 0.800909102
    0.625081062 1.18583584 0.728100657 0.687839568 0.473005742
    1.00351965 0.610524058 1.08301234 0.512868702 0.63854605 1.29262567
    0.832647324 0.980982006 1.47177863 0.593126476 1.158602 1.45942044
    0.644519031 1.53701699 1.04973805 1.46129274 1.48510742 1.40116084
    0.54035157 1.44454885 0.657957435 1.32573104 1.30303133 0.92976898
    1.01406956 1.15207684 0.678770542 1.2708075 0.583050191 1.4261775
    0.52447331 1.31045723 0.970843017 0.897363663 1.23520625 1.16296387
    1.22674143 1.35540724 1.37220657 1.04126549 0.551340282 1.35699797
    1.15847886 0.973317683 0.687667906 0.811908305 1.42846036
    0.612545252 1.16714847 0.942973852 1.40641308 1.10849845 0.649537146
    1.38113093 0.792601466 0.716057241 1.29983115 1.06965137 1.52047658
    0.849305153 1.33633232 1.33106709 1.3860184 1.02688313 1.17025995
    1.16526067 1.48400414 0.717425704 1.12070453 0.522972643 1.07635081
    1.49096632 0.957140386 1.24973631 0.883829892 1.1204102 0.867654502
    0.725934744 0.941049993 0.880919695 1.50957847 1.37241936
    0.859756172 1.17387581 1.45677722 1.34578669 1.19489753 0.525518596
    1.12529564 1.02302217 0.617361844 0.731657088 1.28159475 1.44157863
    0.98679316 1.49896371 1.40057218 1.43958187 0.600644469 0.619451702
    0.588829339 0.765657723 1.45735204 0.695337653 0.878174603
    1.38238728 1.4444716 0.96083194 1.06879401 0.746855378 0.930057704
    0.651488423 0.588575125 0.577183604 1.04080522 1.33789206
    0.582394838 1.3097614 1.23289657 1.34710777 1.41818893 0.801938355
    0.902936518 0.702459157 1.27991533 1.17127037 0.751031697 1.4059701
    1.43248117 0.556214511 0.91278863 0.806234539 1.23595881 1.35659266
    1.03152263 0.523470819 0.878071189 0.963447511 0.779845417
    0.628632128 0.984296441 0.77157563 0.870536029 1.21343887 1.44702423
    0.487574875 1.06387043 0.62037605 0.566405714 1.31663048 1.42849517
    1.11051488 1.50580001 1.1431216 0.608739674 1.29486012 1.50055516
    1.29332078 1.21126354 0.944023669 1.45576036 1.16899896 1.21584046
    0.759685218 0.630521297 0.635785818 1.44542789 1.43078566 1.08369505
    1.37638688 1.44368351 0.584947765 0.623570442 0.793319821
    0.943616867 0.734255672 0.91438067 0.8090446 1.3329829 0.858962655
    1.36528349 0.575716555 0.715644777 1.21000266 0.837322891
    0.773158967 1.23856652 1.07772243 0.753705561 0.64197737 1.04973924
    0.970295608 0.926153719 1.28860855 0.533109069 0.906752706
    0.702361047 0.897538662 1.0958842 1.38650334 0.936241746 1.32514286
    1.12380135 0.837604105 0.568989456 0.973350942 0.596739531 1.3561331
    1.43893766 1.40617132 0.640200317 0.61606586 0.845699966 1.45702696
    1.32840359 1.29493499 1.35714054 0.797797799 0.571408391 0.555463612
    0.580290675 1.27344143 1.37967598 1.31136203 1.25491226 0.808452964
    0.789245248 1.23063219 0.690775514 1.41949844 1.31149793 1.05667722
    0.985821605 1.41927695 1.29723871 0.543286979 1.14756215 0.77232945
    0.608926475 1.02166247 0.922462344 1.00721633 0.650085628
    0.743876576 0.558457971 0.660197735 1.41388679 1.3916055 1.39979863
    0.590314865 1.3694135 1.08920419 0.513576686 1.04842257 0.868380725
    0.90147543 0.629368484 0.507405937 0.567585468 0.563714206
    0.795655549 1.09327245 0.545247495 0.726496875 0.864960194
    1.27005005 1.39670229 0.712699115 0.810481906 0.787411153
    0.621609807 1.0172627 0.889432788 0.71980226 1.29609549 1.42000628
    1.19618261 1.08855832 0.966654539 0.71274507 1.11192667 1.35913372
    0.658633351 1.19744778 0.780890822 0.64308399 0.972039104 1.47641432
    0.971860647 0.965318322 1.34618986 1.23183382 0.525383592
    0.775562286 0.786592007 1.38771403 1.19693863 1.15910053 0.545479238
    1.14228475 0.745233297 1.12094164 0.561105013 1.49444258 0.790462017
    0.584940434 0.852975309 0.997579873 1.06128645 1.06080151 1.19848394
    1.09265959 0.97293061 0.537174702 1.47924519 1.4233675 1.36154199
    1.00967276 0.506976485 0.763740182 1.20351052 0.63012284 0.610704601
    1.24559367 0.784937441 1.04569519 1.09265387 0.543755591 0.833541453
    0.763744593 0.973281801 0.836566091 1.27832031 0.677592337
    1.52505231 0.750814736 1.07968664 1.42124116 0.544637442 1.15661192
    0.773949265 0.757015705 0.680906892 0.858613193 1.01368845
    1.21704221 0.904274285 0.804771185 1.23339379 0.820468068 1.31542337
    1.32450902 0.563224077 1.23631549 0.803774774 1.25395763 1.50412035
    0.781943321 1.49724352 1.04864717 0.624780297 1.04094887 1.28894174
    1.01684272 0.757845759 0.903031647 1.02232659 0.787214935 0.87404567
    0.924194038 1.48318923 0.866284907 0.970589101 1.31655633
    0.750371814 0.829330623 0.994810581 0.862512529 0.609857917
    1.32573199 1.36212814 1.26610291 1.28514338 1.3208462 1.05731308
    1.40594363 0.882120252 0.992790639 0.78483963 0.72141844 1.45992696
    1.17008007 1.47032809 0.579657137 1.04558241 0.733346641 0.980560541
    0.618724644 0.938419938 1.11418784 0.723967791 0.841997504
    1.34388793 1.19698131 1.32190824 1.38343203 0.733075678 0.701434731
    1.16799247 1.43988264 0.835256815 0.877114356 0.92361778 0.613053858
    1.13928521 0.615399361 0.994306803 0.67741394 1.3965348 1.23849058
    0.545225561 1.43679035 1.37934971 1.15981948 1.01164258 1.48860753
    0.585527122 0.679742932 0.738158286 1.17690802 1.19691718 1.37024963
    0.59530288 0.903439879 1.10608709 1.43437898 1.4288466 1.03056741
    0.578414679 1.2323736 1.2903353 0.49371174 1.38054383 1.01167572
    1.1407032 0.855663717 1.47623301 0.526908755 1.02266228 0.833759785
    0.933426976 0.558698118 1.27111459 1.08131719 1.22979343 0.831841052
    1.5008589 1.0530827 1.07405758 1.32667089 0.8630144 0.706367016
    1.10255027 0.721391559 1.42660356 1.52496994 1.47218573 1.23258507
    0.850900471 1.13814676 1.15343559 0.864619255 1.23924708 1.37476492
    1.17320061 0.760565996 0.97097522 0.610521197 1.34003103 1.17083347
    0.895048559 1.10507274 0.726410627 1.1858139 0.905752063 0.979623556
    0.776857793 1.10043359 1.10331261 1.0127784 1.4244523 0.583134413
    0.57987982 0.765559137 1.24731851 1.15990496 0.811279476 0.549637496
    1.29513586 0.761229753 0.552632332 1.26438606 1.12572241 1.46267986
    1.14404774 1.03611827 1.28702879 1.36313021 1.29060364 1.3204993
    1.10668111 1.15601325 0.501102805 1.29042375 1.03206944 1.41533566
    0.775819004 1.26557469 1.17255485 1.31429267 0.623687327 1.48336506
    1.36383641 0.520688176 0.988120973 1.43082881 0.707513809 1.49674976
    0.767690897 0.646276534 0.892629445 0.582588911 1.14025342
    1.27622342 1.17207372 1.14821994 0.870375216 0.695005119 1.02190936
    1.38441908 0.581035733 1.12655878 0.864475727 1.41752052 1.21517181
    0.681348681 1.11893666 0.717711031 1.42048943 1.07426465 0.706884027
    1.35752714 0.535044432 0.905588627 0.880549848 0.99971813
    0.678340495 0.618932962 0.601244211 1.27890956 1.08766973 1.1306386
    0.945778906 1.0549165 1.08872283 0.666793406 1.49515271 1.29843426
    1.40583241 1.02279818 1.17151499 0.612839997 0.757276475 1.11572027
    1.44662094 0.592332006 1.28038776 1.41240668 1.12412035 1.25370359
    0.798340082 0.737535834 1.42930567 1.16999304 1.11372674 1.36643314
    1.24636018 1.1262809 1.41760695 0.919689417 1.34284163 1.32640517
    0.863619626 1.14365494 0.719041765 0.511170685 1.23980308
    0.838453829 0.676612735 0.875926018 1.17775679 0.639605105
    0.743158221 1.24856389 0.567433774 1.32010376 1.29570735 0.889086008
    1.10413277 0.958358943 0.533713937 1.30084026 0.510537505 1.13647056
    1.24171507 1.0741117 0.628255129 0.541367829 0.993764758 1.03612471
    0.509885848 1.43173885 1.17762005 0.76893276 0.598508656 1.43899107
    1.45346045 0.87672013 0.752819121 0.618826628 0.48894909 1.04832828
    1.42183447 0.60289526 0.605184793 0.877771258 1.2958349 1.31740344
    0.513735116 1.02523947 0.762034178 1.3704437 0.969710767 1.4190203
    0.819589615 1.27105737 0.722323358 0.522862434 1.43660057 1.41248155
    0.888152301 0.99923265 0.575080633 1.2223891 1.29759753 0.656360984
    0.840007961 1.32417536 0.720900953 1.45392275 1.3317157 1.0535692
    1.38190162 0.910191417 0.835048795 1.22979033 1.27387202 0.520933926
    0.746484756 0.747761369 0.920457542 0.774797559 0.958757341
    0.69481045 0.899652541 1.19428134 0.599936604 0.904535949 1.120345
    0.979428709 0.947588623 1.43095315 1.25011432 0.644944429 1.36035705
    1.08676004 0.657663524 1.01195133 1.37332237 0.858436465 1.430022
    1.30675626 1.32498097 1.28075814 0.60846746 0.749094248 1.30833638
    1.39486134 0.949480295 0.911806226 0.613429248 1.08380497 1.42122471
    1.3734951 1.20689201 1.24729991 0.915578008 0.861087799 0.680538356
    0.855385244 1.37053549 0.601043701 0.919652343 0.834516943
    1.38658345 1.40794528 1.18096066 1.27742875 1.21221745 0.944476664
    1.43529582 0.895644128 0.579709411 0.696954906 1.06996572
    0.612067938 0.906925559 1.44936705 1.07237279 1.48625171 1.0035826
    1.19582558 0.933560789 0.82100594 0.778841913 1.34404743 0.694203377
    1.3937223 1.43197596 0.997347295 1.22945023 0.729620695 0.857824743
    1.06311452 1.03579879 0.560833871 0.600718975 1.13440371 0.515727043
    0.55384028 0.698740721 0.60746944 0.923919737 1.09440374 1.33268082
    0.531352162 0.652227342 1.33242571 1.22410417 0.953216612 1.14035273
    0.650841534 1.10273075 1.36314106 0.646905661 1.24043429 0.693583488
    0.65844053 0.835181952 1.09549749 0.679541349 1.26068056 0.895706534
    1.1303072 1.47444415 1.08366382 0.549459338 0.717455983 0.481959432
    1.34180915 1.12855303 0.941228092 0.68038404 1.31613553 1.46498501
    0.671807349 0.546144724 0.894588172 1.46247137 1.4586848 0.793523908
    0.652582705 0.875579536 1.35392654 0.84006238 0.812835455
    0.922007382 1.37162769 0.607299864 1.53875625 0.544409454 1.4320513
    1.07524061 0.958940268 0.615148544 0.832959712 0.768342972
    0.563871145 1.38622892 0.919851005 0.617072582 0.817932785
    1.29995966 1.08572972 0.675688028 1.19454467 1.13361168 1.22232103
    1.32303727 0.847693503 1.0655638 1.21138501 1.35154295 0.762036979
    1.27582419 1.40867853 1.35758042 1.51069653 0.663620114 0.764783144
    1.01842427 0.786283255 1.08702183 0.546176195 1.10380948 1.10392189
    1.42342329 0.967297733 1.231902 1.15863049 1.47183573 1.25522137
    0.966658771 0.58181107 1.2262634 1.33287597 1.0892309 0.960543334
    1.03463054 1.3865186 1.44563019 0.486723423 0.753803313 0.6398049
    1.32852721 1.29694128 0.484784126 0.847683549 1.38691986 0.537946224
    0.876238763 1.0131278 0.798547924 1.33722556 0.788935184 1.06832838
    0.687857687 0.803194761 0.735815704 0.881398141 0.584234357
    1.1057986 0.807158232 1.01162529 0.563727915 1.34016299 0.517062783
    1.12200987 0.557524085 0.696960866 0.818870366 1.30198777
    0.637168348 1.27921438 0.793991685 0.686517417 1.05793273 1.20924497
    1.29876947 0.559794903 0.702989757 0.918426216 1.47171676
    0.805072427 1.00374866 0.76031512 0.726088226 0.806776583
    0.809977829 0.647681773 0.635987222 0.833762467 1.35884404
    1.44683361 1.19068444 0.812990546 1.43861973 1.16496706 0.845788717
    0.529022336 0.777954698 1.26139581 0.925087988 0.831710041
    1.42082632 0.633964479 0.526528239 1.34742737 0.612180114 1.4071759
    1.33449459 0.743873 1.40840554 0.836376846 0.990023613 1.00270832
    0.89378953 1.0816766 0.811505854 1.28054667 0.679737866 0.929324448
    0.57708776 0.755094171 0.695931077 1.2711916 1.19649315 1.38509381
    1.29389107 0.574738503 1.1006453 1.46058643 1.24533367 0.771741569
    1.46540749 0.90732789 0.915051937 1.45172548 1.20223761 0.953885078
    1.55476856 1.4347738 1.44501376 1.18837953 0.734732032 0.838442445
    0.844226897 0.632726312 1.45837581 0.847174048 0.674897254
    0.504127324 0.732665896 1.17310321 0.719391048 0.996564686 1.0049324
    1.2131108 0.918994904 0.780329704 0.588491023 0.908881664 1.32010782
    0.68601954 1.29164135 0.542217314 0.875405848 1.31604409 0.764645994
    1.49763763 1.37221348 1.32333696 1.2506119 0.925002754 0.867630184
    0.561835945 0.576953828 0.971934438 1.116346 0.56367296 0.73290354
    0.604427993 1.30214989 1.32085907 0.562381566 0.993074358 1.28466582
    1.36840963 0.962768614 0.597132206 1.17633975 0.748133719 1.30227375
    0.750535071 0.844236076 1.03291678 1.07242799 0.987876117
    0.970362127 1.41757905 0.917963266 1.02909625 0.95711863 1.31988347
    0.598525047 0.680433691 0.514495075 0.653383911 1.26587033
    0.590361834 0.539974749 0.523636162 0.827723742 0.564929426
    0.785349131 1.07016659 1.36911356 0.955372751 1.01179183 0.726415694
    1.35525751 0.67095089 0.891562164 1.27137637 1.26438475 1.06980526
    0.882669747 0.749908507 0.534028292 0.889279485 0.658807397
    1.13260591 1.14418519 1.31684804 0.877281785 1.12884808 0.986222863
    0.728327334 1.35233402 1.47239649 0.568237722 1.51943886 0.805563331
    0.629403532 0.760739207 0.603772759 1.46804082 1.36746943 1.25826836
    0.537719727 1.13851738 1.18126476 0.515213728 0.641272604
    0.838259995 1.24744654 1.36498594 1.03878844 0.950280726 1.43716097
    0.930026889 0.581996679 0.815851808 1.15662825 0.748305142
    0.721944869 0.592334807 0.636415482 1.14531517 0.797534168
    1.10603988 1.06511819 0.654029489 0.753220439 1.45329535 0.708925247
    0.793247044 1.45997846 0.56005007 0.793870866 0.719706595 1.07345259
    0.656570852 1.29975784 1.21372986 0.818997324 1.44075954 1.3625468
    0.78802228 0.647112727 1.43119037 0.743244588 1.37305546 0.549604774
    1.20792294 1.05180728 1.43923688 0.794098556 0.891184926 0.564486027
    1.26577497 0.749023497 0.918780327 1.2292347 1.03492081 0.658308208
    1.42123044 0.855002344 0.549123883 0.563435972 1.33274078 1.2763747
    1.20806801 0.882489264 0.760660052 1.07955945 0.564072311 1.14245701
    0.604171515 1.18054807 0.773923934 1.27289617 0.997893155
    0.759247422 1.17932081 0.709752023 1.26564837 1.17803538 1.48810267
    0.996158242 0.778879225 1.2167592 0.901877165 0.506251574
    0.977473319 1.37645006 0.640599012 1.50902581 1.49562538 0.551909864
    0.798368394 0.786860585 1.03544915 1.00364137 0.537207365
    0.807463527 0.661547065 0.92894417 1.28366911 1.19244087 1.33690238
    1.32273531 1.32451308 1.36839235 0.541415751 1.16303754 0.60799849
    1.10483623 1.1586498 1.53581464 0.914688885 0.988874257 0.728809655
    1.49872017 1.27848363 1.11871719 1.14988315 0.709689796 1.25054216
    1.34249616 0.954435825 0.775982797 0.683455706 1.18260622
    0.918878376 0.877724826 0.78779161 1.4801929 0.876449823 0.776009977
    0.848709106 0.946154535 0.803151667 1.19566333 0.656677008
    0.624246836 1.33642578 1.33232713 1.15650725 0.805763781 1.35397506
    1.45244372 0.617899001 1.19330251 1.41072583 1.30808783 1.04518056
    1.41381717 0.618401229 0.669765055 1.37690485 1.09411836 0.708766639
    0.971382201 1.03819406 1.18392193 0.846524 1.21616757 1.29005325
    0.988135576 1.31085765 0.849487126 0.948027968 0.848600149
    0.718721747 1.2942909 0.617457747 1.30328715 0.904236078 1.14751816
    0.840645969 1.29303312 1.38070023 1.03353465 0.769576609 1.50402641
    1.14211273 1.20320761 1.00907981 0.804024339 1.47587442 1.37221694
    1.45903361 1.48532164 1.2367444 0.517512798 1.43636584 0.96468401
    1.11155486 1.03702998 1.20868611 1.14767063 1.1136446 0.561132669
    0.989902854 0.815345645 1.32902622 0.874700427 1.19852149 1.25105202
    1.0306685 0.554307997 0.701311052 0.886661768 1.38709641 0.833391845
    1.17977154 1.03947616 1.36954165 1.1126349 0.788616121 1.30167508
    1.11247706 1.296211 1.20771468 0.952297807 0.783573151 0.79082334
    1.09487414 0.636387527 1.45462072 1.02089977 0.621696472 0.951126933
    1.09338057 0.932658672 0.578817964 1.45267332 0.841314435 0.52133131
    1.43980575 0.814578474 0.887748957 1.09086132 0.625188053
    0.832643509 0.536522925 0.857055962 1.36127174 1.37109315 1.11417556
    0.704337537 0.749680459 1.39078617 0.721050143 1.0737164 1.06930339
    1.40852046 1.48692298 0.966901302 1.34339809 1.38201427 0.587787151
    0.843479156 1.12655187 0.774799168 0.871608317 0.517817616
    1.24629033 1.42163181 0.965493679 1.29015243 1.2661761 1.2812556
    1.40786135 1.45121396 0.988881946 1.18056548 1.43370187 1.0571208
    1.21339881 0.71540153 0.973599613 0.849305034 1.31467545 0.644446671
    1.22341061 0.940588236 0.619029999 0.519972801 1.37551045 1.07756412
    0.461268455 0.678896129 1.40027988 0.61736083 0.817498088
    0.886695504 1.51936078 1.3702668 1.17176342 0.927653849 0.918107688
    1.3747884 1.39880002 1.12340629 1.21878815 0.560280204 0.822813213
    1.24088442 0.690988898 0.604433 1.15781367 0.486742854 1.13114977
    1.13988483 0.690670311 0.959846675 0.769699216 1.07187366
    0.986166298 1.18857479 1.21874893 0.935162842 0.835846841 1.01163352
    1.16792834 1.27700818 0.556767344 1.46959925 1.1267935 1.20679128
    1.42284501 1.43016744 0.726965547 1.23374867 1.46724153 0.833823025
    0.946785748 1.25944793 0.854631722 1.08942902 1.27407825 0.950430036
    0.861269951 1.31008244 1.22651684 0.639007211 1.22051525 0.620568335
    1.30772293 1.18098021 0.59014976 1.20599818 1.49514234 0.880054772
    1.02865243 1.27650547 0.549005747 0.799661338 1.18028951 0.856409609
    0.850194156 1.41749012 1.17495656 1.0939455 1.32434642 1.02533698
    1.28209639 0.61716789 1.15706301 0.587095678 0.831385016 0.703852117
    0.682521224 0.977957249 1.24941361 1.47814476 1.03968298 1.0092411
    0.865259588 0.641434431 0.869412243 0.738904774 1.14068186
    0.77139014 0.941171706 1.26016593 0.810474336 0.580654979 1.02489805
    0.652395904 1.25887871 0.53617686 1.46867979 1.38704896 1.06126225
    0.653977334 0.675336838 0.881932795 1.50230742 0.867969394
    0.584626436 0.616138101 1.26951647 1.3683176 1.06275487 0.589575768
    1.4622463 1.41600335 1.34674752 1.28705323 0.836246789 1.3688643
    0.789973915 1.47328961 0.839779973 0.558307171 0.925685167
    0.95385462 1.21830201 0.925778031 0.845221996 0.919899225 1.28167224
    1.06288075 1.30721176 0.593417883 0.610465527 0.79671669 0.678012908
    1.29322278 1.27307284 1.0924902 0.815788269 0.929126501 1.24372673
    0.94868809 1.15106297 0.964494944 0.981970608 1.4956255 1.31119823
    0.917532504 1.04488969 1.20375454 1.19072616 1.1214118 0.631296933
    0.669784963 0.70341289 1.4748435 1.51712048 0.767371178 1.51942158
    1.33212543 1.38287246 1.1630975 0.67877847 0.541339457 1.3822335
    0.719779909 0.802915394 1.36745751 0.705570221 1.20659781
    0.564359486 0.685550392 0.983063638 1.30268109 1.00929308
    0.816087544 1.25031614 0.673472345 0.510798454 0.658336163
    0.810861051 1.21776617 0.927479804 0.773162186 1.4472537 1.43154001
    0.78436625 1.48861682 0.705057979 0.668807387 1.46978867 1.15526104
    0.514565587 0.680604577 0.804158688 1.50309396 1.00689638 1.27430928
    1.32514679 0.765412331 0.95878911 0.570949376 0.918042898
    0.884742916 1.3214395 1.00546646 1.24148905 0.581609607 1.4638145
    1.39019048 1.19842577 0.654202878 1.42823422 1.45175076 0.903937995
    1.00135636 1.44189668 1.12346816 1.31713247 0.653250039 1.55915177
    0.692220032 1.22805345 1.4936446 1.17489016 1.15332222 1.16379094
    0.868850529 1.09752691 1.23285127 0.51696229 0.678947389 0.893798888
    1.27306533 1.47858346 0.871632338 0.807549238 0.64649266 0.764046371
    1.33244479 0.62210393 1.02795148 1.36292958 0.871792555 0.520827413
    0.96486187 1.22664297 1.12510931 1.49789488 1.07945442 1.38188767
    0.965301275 0.834242761 1.25224721 0.923362494 0.924188137
    0.807208002 1.13934004 1.4989593 1.20199883 1.45026326 1.49325287
    1.06007552 1.10139406 0.742506981 0.641955733 0.650845826 1.35849833
    1.37771344 0.985446036 0.703670323 0.634901464 1.10807431
    0.877657115 1.10464489 0.600249588 1.18585289 0.540675163
    0.604858816 0.958482027 1.13565576 0.843074322 1.05798852
    0.878100932 0.994952202 1.34936881 0.513776898 1.46845472 1.23757291
    0.538518786 0.62052393 1.03218865 0.804348886 0.631215155 1.43169892
    0.624448657 0.917165518 0.863773167 0.593296468 0.955814958
    1.00957227 0.730036616 1.31741083 0.965467453 1.35910463 0.558102608
    1.05163813 1.45384502 0.569030046 0.507717133 1.37163949 0.665248215
    1.09726202 1.44487631 0.945806623 1.48806584 1.37611258 0.597444654
    1.38629639 1.39467692 0.712177992 1.02263331 1.11109352 0.597568154
    0.644602239 0.762453437 1.04898429 0.897313476 1.41917205 1.37491131
    0.876231432 1.01916742 1.34562004 1.44389653 1.19711256 0.822061896
    1.02853072 1.03636765 1.49232864 1.4320457 0.78867054 1.13185358
    0.723938465 1.02971184 1.20843005 1.41253769 0.958631217 0.599844813
    1.28701091 1.04383636 1.24032891 1.51867783 0.658097565 1.48552823
    1.06396234 1.4491986 1.26487195 0.871410072 1.04471564 1.0740931
    0.608921468 1.43420231 0.838858247 1.19816661 0.532250464
    0.676121771 1.20216894 1.38100314 1.11575627 0.768040836 1.29491377
    1.08994317 1.43352854 1.36883044 1.35259104 1.16155612 1.15596509
    1.37723446 0.662115335 0.572468579 0.991712213 0.636155725
    0.790801883 1.27542305 1.00782907 0.915197194 1.21074057 1.2508893
    0.82680124 1.09390426 0.672899127 0.991716683 1.49781609 1.31821632
    1.1678226 1.08152616 0.926334679 0.998697877 1.37554681 0.941576242
    1.35041928 0.913590074 1.31807458 1.56893206 1.43492448 1.35664189
    0.615431666 0.786885858 0.815900505 0.919504285 0.565626442
    0.998874128 0.926213145 0.730428994 1.09699953 0.655988812
    1.37905347 0.796467662 0.663559139 0.933955431 1.20517147 1.06355798
    1.14168584 0.762316227 0.835614026 0.50266695 1.36203504 1.02705586
    0.747823775 0.802170575 0.576409459 0.834432185 0.856564224
    1.32910907 1.09746647 0.577699721 0.741022766 0.580299258
    0.608871222 0.923695385 0.936605513 0.529424012 0.52842927
    0.816731572 0.531281829 1.45236599 0.652054667 1.09143853
    0.992823303 1.34811759 0.690029263 1.22979891 0.515070975 1.03471518
    0.795170605 0.707215965 1.14798248 0.731336355 0.842528164
    1.44563556 0.970539093 0.888943493 1.16418195 0.720749974 1.12558699
    1.39991927 1.12858534 1.05983031 0.749894559 1.03697252 1.48738885
    0.687972784 1.29314256 1.39992166 1.4375993 1.27594018 1.51797593
    0.545130908 0.595270097 1.45790672 1.07049203 1.1119163 1.23637462
    1.22755682 0.75722456 0.621026993 1.01593351 1.40638554 0.574896455
    0.551030517 1.02963126 1.53839457 1.00660717 0.663871765 0.866702676
    1.47031176 0.693163633 1.43831825 0.828711569 0.688075364 1.13800514
    0.806567371 1.01714325 0.791173995 1.02775407 0.845851541 1.12560165
    0.866886437 1.07442582 1.12575185 1.19841576 0.753994405 1.33876169
    1.25636482 1.44919097 1.25268137 1.29469872 0.839934886 1.4680779
    1.52586949 0.578403413 1.05904293 0.718487918 0.863096058
    0.996757865 0.629708827 0.675602257 1.35646224 0.583809078
    0.88643676 0.741277695 1.17097163 1.40064645 0.578142881 1.12793958
    0.735063672 1.40978956 0.937302113 1.18501377 0.825393319 1.5057379
    0.593444109 0.897999883 0.812354505 0.698869705 1.04113686
    1.38847184 0.767993987 1.22912264 1.11051214 0.854176402 0.585350513
    1.10520053 1.04641414 1.1252358 1.41787529 0.832116008 1.48997903
    0.707731843 0.773588479 0.85933131 1.18531215 0.711308122 1.37017703
    1.07306457 1.0861423 1.17273414 1.48461425 0.577980876 1.05455995
    0.948151648 0.826570511 1.40555525 1.18684971 0.839411914 1.16984332
    0.663687587 0.702412248 0.741832674 0.834410369 0.744876862
    0.508285224 1.33502698 1.46702087 0.661203623 0.651973605
    0.918057442 1.19115186 1.39842582 1.06982613 0.736751914 0.997461557
    1.12122989 1.09743345 0.833307445 0.731842637 1.06696117 1.33537006
    0.980915308 1.39809442 1.52795911 0.981327891 1.25926387 1.41587257
    0.990398288 0.750531554 0.62282759 1.26565266 1.39179981 0.681675136
    0.66466701 1.18037367 0.778409183 1.45929027 0.598011851 1.42830014
    1.06131077 1.43317914 1.3047694 1.27124453 1.46412694 1.51902378
    0.608481765 1.56354415 0.656061888 0.991952658 1.41188252 1.42123652
    1.13293421 0.748061359 0.946284056 1.42028797 0.735399425 1.02974141
    1.26522207 1.24539244 1.05971658 1.49867582 0.62329042 1.25307548
    0.530329525 1.05911326 0.655495048 0.773569405 1.23733854 1.0730834
    0.789052308 0.983323753 1.23125136 1.46548343 0.717689514 1.09062803
    1.24133813 1.06144786 1.5136348 1.10108268 1.09568071 1.1478579
    1.47495842 1.30258667 1.15491998 0.947505951 1.02912021 0.659922481
    0.717238605 1.16658378 1.0538466 1.24392819 1.12736499 0.751621962
    0.635705113 1.10358775 1.37615955 0.57044363 1.46858597 1.22057271
    1.26067472 0.507844985 0.83688736 0.96223551 1.13010383 1.0689913
    1.06103361 1.50156963 1.44820428 0.917943895 0.975674272 0.670282543
    1.08233166 0.985715806 0.788055718 0.533133328 0.585897505
    0.88967526 0.637232244 0.918961167 1.17508006 1.47863936 1.36513472
    1.47112453 1.23708379 1.19318843 1.40198076 1.22999132 0.632289767
    1.04211879 1.06992245 0.52064985 1.06898892 1.03232872 0.810845912
    0.84318918 1.40032864 0.814159155 0.86223489 1.42825389 0.693630874
    0.603896916 0.61714977 1.02617002 1.11921084 0.570593178 1.2627902
    0.703368962 1.56043744 0.670047641 0.997001171 0.774089873
    1.01914358 0.856789947 1.26496923 1.07572103 1.45499623 1.2264291
    0.930150986 1.18518424 1.14978015 0.864815712 1.24568057 0.659508586
    1.12262011 0.545577288 1.27573156 1.44778347 1.40874887 1.20174861
    1.14862704 1.35839438 1.34002507 1.25469577 1.2031188 1.39293885
    0.85344559 0.947871923 1.20195603 0.993850529 1.02714539 0.92153573
    0.544629216 0.822556198 0.659381032 0.682978511 0.962434351
    0.543920517 1.32023239 0.92992121 0.938015878 0.707774043
    0.615179539 0.851168036 0.804396331 1.53723752 1.20822525
    0.818439722 0.532897472 0.875882268 1.472651 0.84963274 0.513695002
    0.567885637 0.501360178 1.25143409 0.621478796 0.89190191 1.18201721
    1.23590124 1.32140899 0.769952595 0.977321088 1.03069103 1.3067317
    1.02197254 1.02592361 0.527622998 1.33106685 1.23172212 0.983828962
    1.15591156 1.41979873 0.898816705 0.982371151 0.838919282 1.07557166
    0.612884104 0.84669739 0.539756715 0.865943074 1.02551162
    0.631240666 1.47536528 1.5008415 0.854496658 0.789888322 0.586062312
    1.28900313 0.817619741 1.32470238 0.610208988 1.37562943 1.47542155
    1.182531 1.07526374 1.39500546 0.699537873 0.785619378 1.13372338
    0.792808473 1.24671471 0.712755203 0.744084179 0.933005631 1.034477
    0.916929841 0.648188591 1.02802587 0.521282256 1.11479509
    0.871151745 0.714853108 1.14387155 0.572024167 1.50477684
    0.783091307 1.15883613 0.739872873 0.906103194 1.24804413 1.42970526
    1.43971395 0.70160675 1.25248325 1.13069367 1.35721111 0.73211962
    1.53127158 1.36831951 1.31570709 1.06600344 0.8830899 1.2184068
    1.37277472 0.983401477 0.734923124 1.28857279 1.53199875 1.45090628
    1.04028976 1.37566185 0.72492969 1.25504076 1.39594293 1.38710058
    0.671245098 0.537146628 0.888082981 0.559315681 1.10553432 1.3618536
    0.767656505 1.43609214 0.962912798 0.586188555 1.04327774 1.09136093
    1.43409193 0.612624764 0.552568436 0.623507619 1.3554163 0.980594158
    1.24222267 1.48390532 1.09021282 0.59076941 1.45979524 1.49724138
    0.799822748 0.542818606 1.05272031 0.732479453 0.539347887 1.1241231
    1.33873498 0.687368631 1.40034521 1.42262769 1.39389372 0.959676981
    0.967925489 0.776185811 0.923111796 1.29386532 1.10441244 1.52056479
    1.33113253 1.54652727 1.3899945 1.33275139 0.788321435 1.31534481
    0.646813273 1.39627206 0.734412909 1.45439625 0.640404463 1.06659448
    1.51342821 0.551472545 1.4133172 1.04696178 0.661072075 1.49891269
    1.02359581 0.751338959 0.818975389 1.27778971 0.905055285 1.12129235
    0.983705938 0.548229516 1.08865309 0.995925069 1.30630529 1.10138202
    0.498984247 1.06800652 1.12731123 0.854835033 1.15631044 0.826982379
    0.878604114 0.752822042 0.573872149 1.3496294 0.960664809
    0.777982175 1.27763569 0.505379796 0.828367352 1.23539054 0.8024652
    1.14957058 1.07747161 0.581645072 0.687271774 0.601080179
    0.753745198 1.45418441 0.682722926 0.977706492 0.628697336
    0.952985406 0.824975789 0.571221232 0.834335923 1.21165574 1.4093945
    1.21078885 0.833186626 0.725405097 1.29512024 0.716003358
    0.871283054 1.15438032 1.46247244 1.24651599 0.575058222 0.723498881
    1.35815537 0.690986812 0.761557043 1.24381554 0.931915283 0.5940063
    0.624485254 0.603812218 1.15895271 0.704223156 1.42184806 1.22414756
    0.544926047 1.40370822 0.688415468 1.20266855 1.51990891 0.699897528
    1.3604058 0.812635481 1.32199264 0.901141167 1.14952207 1.40265632
    1.08545816 1.12308729 0.635043204 1.30919766 1.15068972 0.605830848
    1.11976409 1.11772609 0.928899467 0.681733251 1.31402373 0.710744798
    0.621961951 1.0673573 0.758137226 1.13512003 1.26258552 0.623964906
    1.51191807 1.01206613 0.797369003 0.869229674 1.39004517 0.556879759
    0.654414952 0.802308261 0.462994337 1.42437398 0.7591452 0.59385246
    0.966012537 0.77594918 1.13224745 0.755084813 0.640699208 1.3830961
    1.3029027 1.27231717 0.979846239 1.47918558 1.42668056 1.33194983
    0.573542833 0.532887518 0.895770013 1.27777672 1.49345148
    0.668064415 1.08305681 1.37040305 0.988147259 1.50586069 1.05177867
    0.727350593 0.898566961 1.51868463 1.23076499 0.53358835 1.00949156
    0.650201619 0.763468444 1.31302345 0.976946533 0.950147808
    0.683103442 0.972858787 1.14952409 1.47049093 0.63185662 0.943241835
    1.09773862 0.994869769 1.07462907 1.25849426 1.32538676 0.969866991
    1.46902239 0.583542287 0.522211552 0.917542577 1.21971738
    0.737615287 1.45296013 0.876980245 1.09545028 0.935208261
    0.888611436 0.806203425 1.30114126 0.974864066 1.3093555 0.962151229
    0.842352986 0.880061507 0.745610714 0.97174722 1.40116012
    0.634242535 1.39640832 0.611939311 1.30459034 1.2280463 0.678156137
    1.4933095 1.44729221 1.49390256 0.917806804 1.37582374 0.691134751
    1.35904467 1.39560771 1.0583998 1.06526625 1.42126417 1.06400573
    0.542409718 1.51081049 0.969353139 0.914786041 1.46852994
    0.952082336 1.14447927 1.0297122 0.581154287 1.20168734 1.29803693
    1.27419412 0.90968436 0.685753226 1.23896563 0.797500193 1.324458
    1.39063323 0.783241451 0.583988428 1.35891151 1.34354854 1.03555071
    0.903902948 1.18075097 1.22314441 0.506031513 0.899498999 1.23980343
    0.690216482 1.35885203 0.636504352 1.00318587 1.39435649 0.77228719
    0.774069846 0.581022143 1.27443171 1.04660153 1.47984934 0.758235216
    1.23932743 1.37675011 1.20768297 1.541206 1.32109725 1.22597933
    1.00755763 0.542996466 1.41085339 0.822889209 0.571554184 1.15217972
    0.572882354 1.28140843 1.37728953 1.49233878 0.785662711 1.38931286
    1.52397084 0.824091792 0.890134573 1.23628688 1.4659673 0.63186878
    1.34320211 1.02282476 1.45554781 1.0771693 0.940530121 0.9491359
    1.27635562 0.93646884 1.32815766 0.949132025 0.726051748 1.20130193
    0.858742476 1.29064465 1.37157488 1.06418431 0.537353814 0.577416956
    1.08578598 1.34461331 1.2476846 1.18585277 0.614363909 0.778663456
    0.692212224 0.90579927 1.37388122 1.50077081 0.937815726 1.2372973
    1.43523586 1.50332797 0.57898891 1.09877646 0.961607814 1.09110463
    1.25826705 0.643795431 1.1430558 0.851841748 1.50403953 1.30242777
    1.08822811 1.27857578 1.44972825 0.853392005 1.18041003 0.783002138
    1.49414086 0.820691943 0.776005507 1.05912602 1.45427835 0.684216559
    0.570750356 1.36674082 1.1506449 1.09186363 1.20028901 0.716529846
    0.550851643 1.00103402 1.19367528 1.12792933 0.615131915 0.789613366
    1.33748364 1.22747469 0.826187372 0.729331315 1.48638427 0.789045155
    1.06895053 1.22049737 1.04146421 0.970479012 1.30169797 0.76575315
    0.543049514 1.31955302 1.3568573 0.841318786 0.652517617 0.570342064
    1.0932616 1.15462112 0.546876073 1.10268593 1.45581722 1.20228899
    1.36280692 0.858769238 0.920331061 1.06527257 0.709365845 1.29222178
    1.05436802 0.472821474 0.507701397 1.26449358 0.748847485
    0.895334363 1.28276932 0.602776468 0.881856263 0.784445822
    0.595764041 1.26926553 1.14979255 0.912315965 1.13876367 1.41177559
    0.646953225 1.46110034 0.65805161 1.22614861 1.2837745 1.04634213
    0.9855479 1.17051399 1.0957545 1.18310905 0.579126894 0.49605298
    0.705954134 0.657015741 1.30495334 1.04303503 0.790058136 1.22020411
    0.928117335 1.22504997 1.20805371 0.992208719 1.25800085 1.46180141
    0.98908788 0.584574223 0.682129204 0.696611166 0.910426795
    1.03488553 1.05153322 0.970734239 1.12100291 1.01304615 1.52683949
    0.997976363 0.537077487 1.05997372 0.56093061 0.795663118 1.47121155
    1.29722989 0.832981884 1.26887202 0.859776437 0.718242049
    0.932492137 1.39817905 0.617929518 1.27207851 1.11393702 1.36991739
    0.698595464 0.892073572 1.1184932 1.12254536 1.19836509 1.06141341
    0.565830231 1.27691507 1.11768591 1.52338767 1.26553416 1.37269413
    0.987230778 1.55800188 1.00055802 0.607868791 1.44548535 0.888678789
    1.35854638 1.10849667 1.43681765 1.10020411 1.36902106 1.20491183
    1.33234882 1.11121118 0.777115583 0.723762691 0.82101506 1.51782405
    0.577664912 1.19387865 0.762863159 0.896097898 0.922209799
    0.66718626 1.3089515 1.14025569 1.34990025 1.09163594 0.6923666
    0.797822118 0.521526158 0.968692958 0.718731701 0.640360832
    0.658965647 0.741219759 1.36806524 1.16352129 0.551252663
    0.551952779 1.42577696 0.846970081 1.00651944 1.25799227 1.47375762
    0.511641502 0.850625157 1.26027191 0.82037288 0.7952227 0.984393299
    1.16629684 0.892142951 0.817680836 0.564595878 1.34686291
    0.717271745 1.50299084 1.37833011 1.50520563 1.52428162 1.13068342
    1.32242787 0.867522299 0.973088741 0.968753815 0.967448056
    1.14320993 0.768662155 1.04222286 1.31230676 0.5574646 1.00870764
    0.959643245 0.909677565 1.07166541 1.26299548 1.37463212 0.987391889
    1.26450217 0.569076419 1.24695027 0.992311895 1.00943112 1.4077245
    1.04185355 0.918527663 0.961479723 1.25133193 1.09235227 1.04902971
    1.22445881 1.01058972 1.04877532 1.23292327 1.18043137 1.12162662
    1.24466157 1.32168639 0.560618699 0.721386492 0.715619981 1.4079895
    1.02474964 0.572221637 0.69085449 0.810339451 1.2846185 1.05175126
    1.48724496 0.767527997 1.06986153 1.1876936 1.19197905 1.24270785
    0.489664346 0.807336271 1.37162209 0.944643676 0.553888202
    1.21326363 0.572872937 0.88975817 1.1983335 0.653553724 0.595380485
    1.45504522 0.810331762 1.51545799 0.827987731 1.47822928 0.589872479
    0.784707665 0.589976192 0.79671222 1.05288172 1.09066617 1.24769354
    0.778057516 0.76780647 0.710967243 0.80028075 0.878219187 1.25500739
    0.965752721 1.1416173 0.824669123 0.672846079 0.787871718 1.38376522
    0.984946907 0.904610693 1.5414238 1.0722841 1.38134336 1.44871056
    1.2426573 0.884205699 1.11101484 1.27967691 0.512269735 0.944574773
    0.96587944 1.38541806 0.919599652 0.997739315 1.08776152 1.05483496
    1.42388654 1.21673524 1.10237634 0.579645753 0.786128521 1.51364493
    1.1666503 0.652015328 1.04450262 1.25815296 1.27769327 0.624333143
    0.827889442 0.54409343 0.852178454 0.918175697 0.902518511
    0.931663573 1.18092644 0.678351164 0.591196299 1.00820875 1.06994998
    1.18965685 1.55636632 1.35372329 1.15012336 1.00562084 1.22453368
    1.20593488 1.15076542 1.39937162 0.650319755 1.18938541 1.36839139
    0.679187536 1.05140543 1.49671197 1.38442326 1.4546442 1.32873821
    0.819298446 1.22262132 1.29189992 0.996351898 1.35021114 0.763768613
    0.924723387 1.05837572 0.650187492 1.20324993 1.20127225 0.856667161
    1.06471896 0.96871227 1.25929475 1.18079162 0.686692357 0.751494944
    1.46744871 1.25155234 1.13357449 1.27556241 0.760118723 0.527680039
    0.493587911 1.28696001 0.516151726 0.501736224 0.896207809
    1.14363396 1.32013559 0.926152647 0.924187601 0.57400918 0.512437522
    0.630874395 1.08060145 0.658870757 1.02663434 0.978430927 1.32610726
    0.902131677 1.38007259 1.01985633 0.936818004 0.968657613 1.26307845
    1.57416272 1.47245908 1.49268603 0.68187207 0.627140701 1.38236439
    1.26629591 1.53820717 1.47097993 1.5251528 1.42655551 1.38044572
    0.632372439 1.40977669 0.652791619 0.983872294 1.06008375 1.42221868
    0.95923537 1.45885432 0.78488338 1.45177448 0.677420914 0.536497831
    1.15688908 0.656058311 1.01886392 1.25788307 0.989050865 1.37315953
    0.688034952 0.788490891 0.795145452 1.10265899 1.45637774 1.4741745
    1.37847447 0.516065538 1.20043576 1.03225398 1.48874235 1.41779101
    0.843554914 1.42530119 0.777026296 0.721913636 1.38396192 1.08124137
    0.955780089 1.26356387 0.67931217 0.494608045 1.06130123 1.40349424
    1.1935463 1.15774786 0.836313486 0.841454685 0.861493289 1.20235622
    1.1707561 0.894504428 0.876515985 1.46002746 0.95462966 1.0533396
    1.26040697 1.08968723 0.54167825 1.39269292 1.00363553 0.936709166
    1.01481342 1.24272478 0.741269112 1.08359063 1.24874008 1.07474017
    1.11673224 0.69753617 0.54008472 0.862253845 0.993450463 0.75458926
    0.678572714 1.39019251 1.43213701 1.13687766 0.769183934 0.721708894
    0.551449239 1.2074188 1.34913087 1.04456949 1.2194488 1.37914073
    1.36662745 1.52760351 0.842817664 0.9744578 1.43347752 1.38130605
    0.984392464 0.597959638 0.848777115 0.774054229 1.23069632
    0.961354256 1.17828488 1.41235948 0.960045397 1.18743229 1.43955517
    0.551286936 1.1856128 1.4220376 1.044559 1.3297199 1.37456024
    0.737593889 0.969592392 1.36218798 1.24309003 1.32643735 1.43533432
    1.30508828 1.37431228 0.96500504 1.10383928 1.24084198 0.739123821
    0.802822232 0.753817201 1.11092985 1.19924045 0.557915688 1.43405652
    0.532542169 0.579086304 0.890527606 0.613090873 1.33916795
    1.08709419 0.642318308 0.822087109 1.30404258 0.853603601
    0.767908514 1.48916161 1.32200956 1.42287171 1.36638427 1.27834725
    1.53210652 0.88711971 1.41370893 1.07885289 1.13292623 0.623636007
    1.05316007 0.556215703 0.586511731 0.509420931 1.36516321 1.34566212
    0.875511289 1.23868966 1.50086606 0.951714933 1.19436193 1.08489156
    0.567237794 0.940751433 0.550531864 0.884776592 1.02760422 1.2494235
    1.00556278 0.492761344 0.836574137 1.1314466 1.28303754 1.07358527
    1.29556358 1.14194381 1.40976429 1.44474006 0.945296645 1.01878822
    1.41390777 1.49222112 0.764286101 1.5122149 0.637272 0.969170213
    0.626874685 1.20062113 0.675020874 1.48871922 0.709551275
    0.769316673 1.04735446 1.28689396 0.560395718 0.693396032
    0.616804063 1.37113881 0.656752467 1.24557281 1.28262746 1.26074862
    0.793599308 0.995897949 0.870201647 1.12940013 0.86428529 1.08153927
    1.09127533 0.995584309 1.32448864 0.578354776 0.891389251
    0.928896427 1.35622156 1.38123953 0.863698423 1.28314829 1.06769526
    1.39020479 1.19570327 1.2895993 1.43702543 0.579823196 0.814830363
    0.997092664 0.726065338 0.554625511 1.13448727 0.490173966
    0.711179793 1.02556026 0.69492346 1.20468795 0.859163046 1.40766776
    1.28823018 1.2348026 0.944441378 1.31953764 1.28339303 1.34311557
    0.703368485 1.06133139 1.21174741 0.845720649 1.54131651 1.112746
    1.36245608 0.69606632 1.48834932 1.2599659 1.55740237 0.905372024
    0.824131668 1.01126122 1.18544626 0.664893627 0.821144342 1.32917202
    1.48656583 0.863287628 1.30928457 0.636362135 1.44472039 1.09864259
    0.67533046 0.724411428 1.47393811 1.03368545 0.858374774 1.05982661
    1.46239412 1.41184151 1.0637368 1.32253087 0.610743582 1.30020607
    0.891212404 0.83526361 0.809618235 0.657738864 1.30979204
    0.849262595 0.615500808 0.865661025 1.50235605 1.23489976 1.05651248
    0.706437349 0.666427016 1.10763299 0.612119436 1.3474915 0.656623542
    0.548674047 0.984099925 1.2599777 1.39060366 0.860455453 0.835953414
    1.22371018 0.603460312 0.829683542 1.4675374 0.757028222 1.18699419
    1.12135732 1.11372709 0.616813183 0.687120259 0.841628909 1.21718574
    0.594993472 1.1269151 1.08091879 0.963630557 1.38541389 1.22545528
    1.37338698 1.32067621 0.883696198 0.516890228 1.27487504 1.44728947
    1.39809227 0.652779996 1.28570807 1.10181808 1.06448746 0.938096344
    1.54286683 1.10264814 0.746055782 1.02818346 1.36674309 0.746029556
    0.998220861 1.37283921 0.859297216 1.00021458 0.76937604 0.752817929
    1.52771103 0.708563447 1.47825599 0.61464417 0.777700186 0.568489134
    1.20381808 1.35467756 1.2467854 1.08818507 0.614336252 0.604274094
    0.639241815 1.46201026 1.10442436 1.25443602 0.800496697 1.06655169
    0.897875071 0.942020655 0.794157207 0.791379213 1.16575003
    0.888587475 0.58097142 1.44525325 1.13166094 1.05274284 0.900321007
    1.26394117 1.49895024 1.28967166 0.579564095 1.47794771 1.17802811
    0.596937358 1.14402688 0.746323526 1.47360659 1.37621939 0.836039662
    1.25043833 1.07133532 1.2098701 1.35952199 0.594187856 0.51153934
    0.716920197 0.553007007 1.14689219 1.2195096 1.0882374 0.561382353
    1.43704963 1.15732968 1.27853477 1.35276055 0.876492679 1.42469132
    1.20173633 0.772829533 1.01257312 1.04731727 0.656429768 1.23593986
    1.03931749 0.700959623 0.65735656 0.938435912 0.837959409 1.50228298
    0.931970298 0.676725984 1.06726861 0.915329814 1.32480812
    0.563422203 0.87689054 0.543004155 1.32373893 0.870117307
    0.667072594 1.13520265 0.902312696 0.628384888 1.37388933
    0.684173644 0.575739145 1.1165936 0.883769274 1.25691569 0.555905044
    0.512550533 0.948501289 0.595460713 0.868455708 0.896656513
    1.08893502 1.34123182 1.54958212 1.41903222 0.66460675 1.43137431
    0.708162606 1.2090534 0.620004296 1.04787183 0.883592606 0.612962723
    0.679890275 1.19111311 1.13492441 1.37516081 1.06656575 1.00112379
    1.45821834 0.852238715 1.17780006 1.29800546 0.765598416 0.846724153
    0.674228251 1.40134394 1.28088653 1.39529908 1.42142916 0.675817728
    0.878466964 0.593034387 1.23556483 1.04833269 1.1861316 1.2973671
    1.12728179 1.32200396 1.42225027 0.988110006 1.14549136 1.23512483
    1.13170624 0.928599775 1.18703139 0.574693799 1.12338054 0.896525145
    0.717665792 0.567839563 1.32354653 1.0302186 1.27352881 0.840640903
    1.23421705 0.601411462 1.1847018 1.09264743 0.599629045 1.01699221
    0.779538453 1.43810678 0.750403106 1.13584483 1.32345998 0.629738688
    1.41477203 1.40374184 1.06851852 0.919310272 1.28825092 1.05530512
    0.823573947 1.25462472 1.2727809 0.876897752 1.01258004 1.36876392
    0.989876568 0.619168758 1.09060872 1.3947804 1.39497292 0.778747678
    0.89851445 0.804076791 0.906927168 1.44207084 1.07154322 1.1732496
    0.593503833 0.593535125 0.630908728 1.34788144 1.07374144
    0.818701267 0.563441396 0.504211545 0.68221271 1.11139572 1.45022881
    1.44449139 0.793269515 1.20151269 0.555065453 1.41238952 0.970935464
    1.33554816 1.14607775 1.10164464 0.91252178 0.972845614 0.691756964
    1.20095336 0.888714314 1.28323722 1.12037432 0.773207307 0.613654137
    0.762141526 1.04257536 0.872445822 0.606574833 0.987134099
    0.666545451 0.933177292 1.48156142 0.659601867 1.20932198
    0.606450379 0.515417218 0.816392899 0.750632465 0.672486961
    0.920994461 0.956890464 1.16868556 0.647625327 1.40049112 1.24590135
    0.774877965 0.592268348 0.970882714 0.658449769 1.49460995
    1.27354646 0.921097338 0.778657436 1.05384552 1.44345927 1.34001029
    0.6152035 1.44954288 1.55288887 1.33601844 1.04826546 1.22874928
    1.07811892 1.55803192 1.31683779 0.978654206 1.26344454 1.33209729
    0.696453929 0.888755381 1.51756704 0.764013529 1.46017122 1.12555766
    1.01151645 1.37653041 1.04559994 1.10486436 1.48564553 0.644543588
    1.55206215 1.22734177 0.998738825 0.911663175 0.558897436
    0.914767802 0.651757479 1.268924 1.31545377 0.610859931 1.51341236
    1.54823399 1.34537876 1.20941508 1.41078162 0.788580179 1.4309634
    0.978129447 1.0054425 0.940442681 0.868540049 1.13983023 1.43349373
    0.829611719 1.23027825 1.0358243 1.03291678 0.930731893 1.05647421
    1.28528726 0.954743028 0.983889818 1.10187984 0.925466359 0.92288965
    1.44443178 0.729018033 1.12554121 1.53915036 0.725686312 0.917253792
    0.88637352 1.14268327 1.02750468 0.588564575 1.2447896 0.598052084
    1.09643948 0.993402421 0.915341496 0.933741927 1.51593435 1.46995449
    1.43578827 0.882639766 1.26917422 1.12465489 1.17767799 1.04617262
    0.49737975 1.45978081 1.33541536 1.43705714 0.645078063 1.30540848
    0.809716165 0.612129688 0.596769691 1.41782272 0.658331692
    1.05476058 1.20173311 1.32029712 1.04793298 1.18687797 1.23821974
    1.13163865 0.541664898 1.20172036 1.05213475 1.47193098 0.728874922
    1.04477549 1.39454579 1.36871088 1.01136625 0.769334376 1.30753136
    1.2480123 1.31450129 1.36289883 0.643033743 0.645887375 1.34572065
    1.48357558 0.915461957 0.641781986 0.666760862 0.91958636 1.55517936
    1.50068271 1.27015626 0.892401874 1.11537623 0.970635831 0.793027341
    1.15396416 1.47072649 1.30717885 1.52556717 1.1129781 1.40287435
    0.675756633 1.09722972 1.19559336 0.523573518 0.585760951
    0.820956111 1.17028749 0.523161829 1.26133323 0.715610027
    0.745715976 0.557766259 0.984236956 1.02462506 0.858344674
    0.516951442 0.550746918 0.658575952 0.842075408 0.994542897
    0.822402835 0.879217446 1.29768884 1.47840893 1.12739062 0.805190384
    0.947726548 1.35612166 0.663542032 1.11937368 0.747963727
    0.831922591 0.628668964 0.67484355 1.26069379 1.20133436 1.26442683
    0.701706588 0.794632852 1.43219793 1.0348531 1.30141294 1.14039958
    1.24574471 1.1249007 1.34049749 0.861736178 0.987285495 1.4088695
    1.37945795 1.02720249 0.585274458 0.526523948 0.768296123 1.46486712
    1.04248548 1.34492421 1.24722934 0.847791195 0.786816597 0.592914522
    1.19594729 0.530112445 1.35874188 1.2719897 0.54430294 1.09531927
    1.4212296 0.985131621 1.38143218 0.532470345 1.36558878 0.599233866
    1.21421719 1.27899575 0.951608598 0.88919127 1.10189867 1.25790155
    1.00169134 0.67381072 0.665389776 0.748597682 0.735067248 0.70633167
    1.26398885 0.951269448 1.41977715 0.89985007 0.982246995 0.923310757
    0.877699077 0.697518706 1.42495155 1.08664632 1.27319646 1.31342614
    1.11122775 0.756007612 1.03147674 1.19300342 0.775535107 1.29295516
    0.656939209 1.50167072 0.797724307 1.35667098 1.02073836 1.12357843
    1.23497808 1.09137869 1.10499406 0.66411972 1.2195437 0.994456708
    1.04405522 0.959524512 0.797228992 0.980589986 1.12064302
    0.733433425 1.4215467 0.951381922 0.840443432 0.672106564 1.22048533
    1.32444239 1.37562311 1.50773871 0.73442024 1.17913902 1.41792798
    0.704020858 1.00804234 0.540105104 0.967902243 0.624772549
    1.37619424 0.938824594 1.22653913 1.56432056 0.674434543 1.00517094
    1.00219584 1.14388525 0.84642756 0.738334239 0.862193584 0.788623035
    1.53089893 1.20200729 1.538046 0.619227707 0.895770848 1.53614163
    0.982553244 1.22996175 0.736652672 1.48152244 1.32608402 1.44820893
    1.3612808 1.34057951 1.22318518 0.814821064 1.50405419 1.24234498
    1.4029752 1.10113752 0.570241272 1.4187988 0.631756961 1.36343384
    1.26248538 0.907298386 1.3511622 0.497470677 0.81529808 1.26006365
    1.19967413 0.94724381 1.12954485 0.959648013 0.645389676 0.78306663
    1.48557162 0.700694799 0.581984937 0.666966617 1.01401818
    0.901134372 1.25443232 0.562878132 1.09337139 0.702369034 1.23510802
    0.553314328 0.863658667 1.33002472 1.25759125 0.797903478 1.27954543
    0.92201519 0.782365441 0.471577406 1.17221558 0.492759198
    0.900210202 1.12345314 1.48651111 1.31329548 0.974573016 1.42559969
    0.711206138 1.08815551 1.29746854 1.0659039 0.892038763 0.641081274
    0.807801187 1.39220345 0.669276416 1.4390161 1.33332479 0.73715657
    1.46540225 1.06284142 0.651216984 1.29970348 1.09953272 0.611304641
    1.1362499 1.02000046 1.02165294 1.42402017 1.04622948 1.27001858
    0.716930509 0.59372139 0.665121198 0.801625133 1.14734936
    0.923264444 0.926927924 1.39728522 1.14130294 1.36870003 0.95766449
    1.54452741 1.22975075 1.37548685 0.933654189 0.77872467 1.42948294
    1.46993291 0.809633255 1.52666032 1.42371011 0.660402238 0.840638161
    0.976051629 0.847666502 1.3107338 1.04828644 0.802441776 1.17590725
    0.900032759 0.848210096 1.42546523 1.22761321 0.833164096
    0.745646417 1.01143765 0.631398678 1.07000387 0.7827546 1.45060515
    1.39527869 1.07393217 1.14346611 1.30347633 1.00943029 1.14417064
    0.824217975 0.580625892 0.801120102 1.25252485 1.02301061 1.52183771
    0.801539183 1.5008589 1.45417988 0.858550608 0.720630705 0.644148171
    1.42447436 1.03022516 0.78748101 1.2775892 0.896354198 1.00964022
    1.48817563 1.21738636 0.786486924 1.18414867 1.05301976 0.596360743
    1.04485464 0.715461552 1.50709534 0.629901052 0.677479684 1.0738126
    1.28472161 0.776840866 0.999496102 0.762202799 0.737858057
    1.07870793 0.904425859 0.977370799 0.543983996 1.05164087
    0.625072956 1.00537729 0.519681931 0.994014442 0.85513103
    0.753266275 0.842882395 1.20628154 1.30831373 1.17859948 1.04898322
    0.597481966 0.909363568 0.581294537 0.755079091 1.34055102
    0.635521233 0.543106496 1.02590311 0.985364377 0.488993555
    1.28448176 0.938405752 0.844560266 0.918552279 0.95074141 1.41926646
    1.0226984 0.855296493 1.18383276 1.2553823 0.765422285 0.941759765
    1.4123168 0.600006938 0.762295365 0.730767965 0.588252664
    0.577320039 0.676859021 1.24787652 0.56658268 0.92538625 0.664595783
    1.14735401 1.32559919 1.25602257 0.584639013 1.29942989 1.13054359
    1.46202254 1.49070561 1.4982816 1.4805603 0.606118202 0.692176521
    0.667951405 0.791116357 0.969999909 0.870861053 0.898543298
    1.38537121 0.922318518 0.801947653 1.11305654 1.12071264 1.08185279
    0.925116897 1.42940259 0.612361908 1.44835961 1.3793335 0.913563371
    0.767561376 1.08589149 1.04697812 1.3931632 1.3200953 1.22665441
    1.46356189 0.721691132 1.04820502 0.788985491 0.738164186 1.2935915
    0.689970851 1.1821903 0.815239727 1.54538572 1.52562153 1.31619728
    1.3064189 0.924510419 0.589239895 1.10085547 1.45652556 1.05781221
    1.25510299 1.15248442 1.24226165 1.42203748 0.57666868 1.03987014
    1.1753484 0.610438824 0.772299469 0.866336465 0.699032962
    0.812167525 0.498764604 1.2005955 0.783486485 0.897352576 1.0457623
    1.4487282 1.4525094 1.37539124 1.3696847 1.12087774 0.860364854
    0.551318884 0.988739371 0.8617329 0.602498293 0.830753028 0.6621629
    1.0914793 1.1156944 0.82492137 0.713975549 0.907255709 0.656463683
    1.0257467 0.634266734 0.696810663 0.559534788 0.962329328
    0.979078472 0.507697761 1.42709219 0.664783001 1.32775903
    0.502773702 1.24458456 1.13149452 1.31019747 0.83449775 0.547370672
    0.601452708 0.972205222 1.02177477 0.921505153 0.57882756
    0.526977718 0.705308557 0.607958019 1.36510193 1.1541419 1.28029537
    1.19318247 1.17295134 0.854105473 1.45240104 1.32251608 1.01819932
    0.707756639 1.10947418 0.983327329 0.644625843 0.664419353
    1.29713166 0.757512331 0.717997015 1.4371047 1.14567196 1.18917465
    0.581530333 0.825094759 0.758192539 0.81790936 1.0558188 1.3734262
    1.17725492 1.46273327 0.941673279 1.42608106 1.09033358 1.12827086
    0.623942018 1.10024762 1.11412239 1.32013476 1.44086766 1.07873225
    0.598689198 1.29872394 0.601838112 0.735083878 0.770745397
    0.972527325 0.792359471 0.874179363 0.884355903 1.28202045
    0.973504424 0.770968795 0.642496645 0.550251186 0.560950696
    0.760080636 1.1612246 1.22661853 1.45562112 0.674099922 0.686604023
    0.842552662 0.642105401 1.42231143 1.29547274 1.06720352 0.779639184
    1.51800072 1.04015255 1.4427557 1.1826725 0.836619556 1.50289357
    0.727076471 1.06153679 0.965632737 1.23874974 1.49806452 1.04622555
    0.726510942 1.440786 0.581370831 0.904777825 0.563186944 1.41429889
    1.18269026 0.79786551 1.27846265 0.768771946 0.860314131 1.47227037
    0.540296733 0.914057016 0.552117229 1.21232486 1.13818014
    0.641857445 0.968729198 1.10496175 0.971313775 0.971905649
    1.22323155 0.787774026 1.21826601 1.29852128 1.24139071 1.17788017
    0.527467608 1.46080029 0.862457097 0.784150839 1.06512272
    0.784208357 1.21146131 0.815977812 1.11095273 1.17107534 1.240996
    0.817254186 1.13677967 1.14940143 1.41967833 0.718889117 0.751654923
    1.31628191 0.948759377 1.17060864 1.2495966 1.20342505 1.44271886
    1.28486788 1.07874179 0.948535442 0.660750031 0.974583447
    0.743369579 0.952735782 1.34979904 0.730548084 1.44162238
    0.898402095 0.822327733 0.913592279 0.620314837 1.20677698
    1.23538125 0.805834413 0.984054506 0.662775934 1.44287598 1.41217196
    1.34780753 1.38299263 1.22793472 0.598948181 0.86217761 1.08083391
    1.11925173 1.10713375 1.35581338 1.07209587 1.0380125 0.827993631
    1.28178954 1.02806151 1.23765624 1.14286101 1.02209914 0.939195216
    1.01896799 0.649761319 1.17431748 1.36738133 1.41845584 1.2984587
    1.47703385 1.13489068 0.566915691 1.16584802 0.837354243 0.919018388
    1.40149701 1.45407188 1.33722889 1.2017231 0.776184738 0.702693284
    1.14178073 1.26388979 1.54389095 1.50363255 1.07396412 1.09733009
    1.29710686 1.14898789 1.24803078 1.50838733 1.23563075 1.43816674
    1.07243562 1.30303466 0.935037911 1.15639961 0.873169839 1.06010497
    0.771620095 1.3000927 1.20535314 0.966743469 1.18079853 1.05669093
    1.42159307 1.14526713 0.672327995 1.29687548 0.510406017 0.589994967
    0.734428465 0.955821037 1.40700269 0.895187497 0.776157737
    0.710028172 1.11125517 0.490202039 1.11573339 1.09983337 1.35558081
    1.43684435 1.33856452 1.36091685 1.20942724 1.39178872 0.49437058
    0.613290906 0.662313759 0.640284956 0.532275736 0.568798602
    1.30866802 1.30311954 0.936450124 1.31158412 0.831801713 0.728319764
    1.31878471 0.947710037 0.975103855 1.19233978 0.60626179 0.665723324
    1.26643717 1.16387379 0.677810192 0.62390101 1.39156806 0.704943895
    0.7474612 0.977324963 0.571114182 1.10235214 0.643160105 1.20234418
    1.48087049 1.38628256 0.580224872 1.27885711 0.965242207 0.818270624
    1.37134969 1.27968121 0.699766517 0.824971855 0.907332063
    0.797016263 1.45485282 1.18333566 1.43148279 1.3400861 0.990816951
    1.37486732 1.25212514 1.46918225 0.729134142 1.51998961 0.647265255
    0.643108428 1.23841274 1.23400414 1.10943198 0.835249603 0.846167505
    1.49908173 0.65664643 0.778102219 0.59397155 0.615903437 0.466255397
    0.461519927 1.2572999 0.535056174 1.08284819 1.40175784 1.20599413
    1.16218388 1.10596681 0.602186501 1.05108416 1.23422003 1.16112792
    1.2305783 0.811471999 1.4913063 1.46759367 1.04519296 1.09350252
    1.3933481 1.02331126 0.523261905 0.51187402 1.06538701 1.24302506
    1.21906066 0.689613223 0.98922199 1.51606703 1.47089124 1.44436169
    0.74251169 0.679114103 1.30706799 1.13037241 0.718496025 0.976745009
    1.30536652 1.32626498 1.40843213 1.51348412 1.01211333 0.9585765
    1.39691889 1.46900773 0.93482393 1.29715371 0.86823982 0.663347244
    0.789201319 1.38063192 0.988283873 0.96362102 1.48583233 0.664060533
    0.99204123 0.729316473 0.929995477 1.382146 1.16910446 0.53987968
    0.756614149 0.717390954 0.6148597 0.665203393 0.699911356
    0.967772543 0.800462961 1.03637111 1.40402639 0.525972307 1.21577954
    0.844700515 0.928094387 1.32296836 1.04245389 0.661709547 1.48334622
    0.860053003 0.696995616 1.20541167 1.44517827 0.881526113 0.77423656
    1.44967866 0.961348534 0.851292253 1.4054879 1.06142712 1.24699593
    1.49109387 1.28900361 0.736646116 0.76196146 0.754181027 1.29367065
    1.08231807 0.852718651 1.40895295 1.28944314 1.31814981 1.26591361
    1.46472013 1.46431506 1.36996639 1.31073022 0.876577675 0.634160399
    0.947192073 0.904217005 0.564748645 0.927700877 1.00792003
    1.37831235 0.991280854 0.930720329 1.25285125 0.768175662 1.17478788
    1.16710937 1.24331343 1.34605432 0.553976357 0.996509492 1.39487362
    0.978806615 1.14089859 1.08099508 1.3993361 1.12353039 1.17414403
    1.34656954 1.50528479 1.23090053 1.5617069 1.07412517 0.996210158
    1.13794243 1.53668451 1.16538119 1.05714536 1.13464928 1.55938256
    1.0862186 1.25530207 1.3779701 0.869154871 1.57680357 0.786776483
    1.0739578 1.49110663 1.14919531 0.773567975 1.36821389 0.654252648
    1.19194925 0.682569027 0.652118981 0.565707088 0.830768764
    1.22728872 0.680731893 0.738474429 0.721215785 0.720741749
    1.04291856 1.17933345 1.45643377 1.0694834 1.03913319 0.530349076
    1.17798889 0.845028818 1.21527946 1.30446553 1.15404212 0.528966129
    0.620546162 1.30997121 1.44503403 0.650735378 0.757742286 1.43332696
    0.880710721 0.850459039 1.02792096 0.720188498 1.48107278 1.25664234
    1.25570917 0.900011659 0.714546084 1.06243587 0.61774826 1.34598982
    0.782773137 0.652427793 1.02479196 0.641794086 1.20281231
    0.583632231 0.967607796 1.00005722 1.51153135 1.06729805 0.638084352
    1.3780061 1.30975294 0.700526893 0.578042388 1.35919333 1.25749981
    1.27821255 1.38502777 0.984903693 0.952202141 0.717562854
    0.713079274 0.925000906 0.9903754 0.61330092 1.03753054 1.05286777
    1.19362688 1.22845972 0.760329068 1.38877404 1.08169723 1.48359787
    0.996783018 1.32145786 0.631945074 0.505678415 0.941036999
    0.745788693 0.675196171 1.39315403 1.00281119 0.971350431
    0.884687304 1.3984772 1.25129342 0.665611565 1.46711206 1.46739745
    0.938979745 0.647029459 0.9226951 1.38908172 1.30351555 1.49685204
    0.730093837 1.13637173 0.70746088 0.605169535 0.659821451 1.33611453
    0.729436457 0.761096895 0.960904956 0.826740265 1.29638624
    1.39238858 1.19724417 0.765166759 0.685873568 0.952330768 1.37053406
    0.863532901 0.749803722 0.706782043 0.634702742 1.47937453
    1.08754301 1.29332864 0.554293573 0.955898881 1.41319013 1.05775154
    1.39481783 1.06303895 0.974169552 0.697281718 1.3605746 1.38325095
    1.0382719 0.932011247 1.0593915 1.52693617 1.29462302 1.27539241
    0.67059046 0.792356193 0.599974036 1.07843959 0.717716217
    0.612016618 1.41190922 1.10734892 0.895142257 0.998493016
    0.761034906 1.42648172 1.1777401 0.771310747 1.4408499 1.0300169
    0.837164283 0.88817966 1.40267885 1.3904686 0.897197068 0.535742342
    1.01108646 1.41549695 1.05638337 1.23212409 1.00692666 0.781417012
    0.641226947 1.45950711 0.799463391 1.34601581 1.131814 1.40407526
    1.07168543 1.07229888 1.28427696 0.810777128 0.947981417 0.699097693
    1.1102401 1.01519358 0.860642612 0.51751399 1.09016335 0.65516001
    1.42625868 1.2167201 1.29765248 1.06918907 1.05196047 1.5034709
    0.785524666 1.06661093 0.761977673 0.669868886 0.585405529
    1.31783009 0.939358354 0.760354102 0.641179621 0.897352874
    1.46428359 1.53444183 0.854760826 0.976976216 1.10075665 1.46247351
    1.4547199 1.15359843 1.42130458 1.54732537 1.17799616 1.38654351
    1.24268281 1.29050589 0.765667856 0.880643427 1.12734544 1.04179084
    1.34500456 1.0392803 0.979859889 1.27200091 0.566473722 1.12550664
    0.909363925 1.19196558 1.16943085 0.609570622 0.652654588 1.40579438
    0.744342506 1.28640044 0.569400907 0.913142204 0.796787083 1.1976707
    0.839543581 0.624985218 0.852351904 1.3191061 1.46065152 1.07591569
    1.39416373 0.640353739 1.55815625 1.0959003 1.3821218 1.56181741
    1.4774586 1.49416816 1.40978515 1.56569934 1.31506777 0.952670038
    1.34507024 0.666155219 1.2139684 1.01201308 0.713188887 1.02719378
    0.888625503 1.26894498 0.839190245 1.22186613 0.555381179 1.28096187
    0.851777017 1.47311699 0.888145804 0.526039898 0.941052198
    1.44757593 0.596499264 0.798714697 1.318151 0.985545039 1.10614657
    0.923634827 0.919098735 1.348158 0.562388659 0.704910457 0.804870903
    0.880708814 1.28370738 1.11335385 0.523578942 0.64703387 1.14047599
    0.674853623 1.21551728 0.556597412 0.90228343 1.30426693 1.12722826
    1.0711273 0.61757493 0.502946496 0.478665233 1.140885 0.591147721
    1.26001835 1.10545003 0.674088478 0.538797081 1.47620177 1.41118515
    0.735789657 0.663485289 1.09565651 1.08264279 1.26330197 1.44159806
    0.549386799 1.40869176 1.38478208 0.887618423 0.700534761 1.07107162
    1.39762247 0.597335875 0.98629415 0.888120651 0.938357711
    0.844126225 0.5791803 0.636190355 1.42990267 0.999648631 0.561164856
    1.009184 0.549105346 0.996619165 1.10301936 0.817364872 1.01909435
    0.555384398 1.15812039 0.981149435 0.637077749 0.704036057
    1.30530643 1.4631536 0.701321244 1.27665949 1.25064433 1.58404565
    1.45544612 1.07610738 1.31678581 1.23511052 1.27312529 0.583050966
    0.547379315 0.556455076 1.48034525 0.546530485 1.02987385 1.35922599
    0.59642911 0.589244783 0.597316861 0.583843708 1.13146436
    0.573854864 0.79801017 0.727583468 0.540462136 0.810393393
    1.35617876 0.95044452 0.812807202 0.912483156 1.46989965 1.30794752
    1.09936476 1.01008964 1.35254109 1.04100704 0.725328922 1.35681283
    1.11067677 1.43048251 0.619321525 1.19991577 0.764349818 0.670839429
    1.04871631 0.865522623 0.751070917 1.05317616 1.13724828 1.35862648
    0.865421474 1.47610223 0.944319546 1.36049414 0.8730039 0.570692539
    1.48923934 0.641935766 1.43601608 0.595858455 1.49504399 1.03210139
    0.755619884 1.1991843 0.793335736 0.995476365 1.52453625 1.25063193
    0.899312139 1.28625262 1.08658326 1.49601328 1.47393 0.89840132
    0.987316549 1.32579815 0.756774187 1.3465929 0.622270226 0.504335761
    1.38239574 1.17184925 1.18174589 0.700071216 1.40057158 0.724837959
    0.905656576 0.64364624 0.527974308 1.38065112 0.945497692
    0.786177397 0.712023139 1.15679514 0.749805748 0.692902625
    0.780469239 0.943079591 0.92328918 0.980619192 0.579146922
    1.41211045 0.922658384 1.0055722 1.39837933 1.20829201 0.581633806
    1.51454079 0.601668358 0.807964504 1.25885785 0.595476806 1.08800077
    0.991157949 1.18669367 1.41471457 0.713292301 0.994112909 1.21488678
    1.03392982 0.584842622 0.938058197 1.20987105 0.639986873
    0.763566852 1.2425375 1.43048286 1.06721699 1.39417005 1.11259568
    0.659790099 0.741479278 0.682687938 0.503794312 0.585222721
    0.61252296 0.666066289 0.892614126 1.18698967 0.797321498
    0.967863321 1.14214563 0.993680477 1.24556518 1.2957288 1.51340985
    0.979088366 0.740827501 0.955190659 1.15285707 0.784072936 1.1192224
    1.18328929 1.10222208 1.27147377 1.4668355 1.06171131 1.13287115
    1.02128923 1.14794934 1.50637627 0.788707376 1.2231642 1.4677068
    0.699146152 0.746639431 1.3946954 1.37597322 1.16537094 1.19070721
    1.46709847 0.778108597 0.70539099 0.84173286 0.977031708 0.614717603
    1.41288126 0.506688476 0.691409647 0.930002272 1.4440695 0.522889674
    0.824505866 0.896529317 1.01599896 0.860879838 0.590845942
    0.615018785 1.41419935 0.897942483 0.799477696 1.21710455 1.24910963
    0.566086352 0.828945279 0.877637446 1.12985277 0.582698405
    1.42794144 0.77525264 1.32747912 0.859637678 1.33985829 1.2250725
    0.642609656 1.21226239 1.270648 0.822483301 0.837696791 0.573626876
    0.61749512 0.898575723 0.49008435 1.07142282 0.743011117 0.543023169
    1.42792678 0.650277555 1.04190469 0.890680015 0.751239717 0.846717
    0.81786257 1.31488609 1.23210061 1.40291524 1.28433537 1.46751094
    0.862080336 1.37937033 0.55166316 0.980493307 1.20180559 1.06993079
    0.724557161 1.06200469 1.50469053 1.3408078 1.1051718 1.27276409
    0.964020789 1.4753629 0.95928663 0.709522307 1.17228758 1.2260499
    0.928588688 1.11807656 1.11280417 0.60931325 0.661615968 1.1001811
    0.699194133 1.06437373 1.50720477 1.24824357 0.863040566 0.882946968
    1.49742472 0.766288996 1.047768 1.38662887 1.02576149 1.31567991
    1.50634921 0.815247834 0.704342425 1.04229844 0.887829185
    0.476977646 0.515068829 1.09021831 0.704045117 0.584971249
    1.38393939 0.587080479 1.15265799 0.810817003 1.10169435 1.06354547
    1.2442317 1.00211108 1.47572958 1.45998573 1.21858203 0.87969929
    0.69491142 0.975368142 1.33448792 1.47720325 0.558861196 1.1047889
    1.39329171 0.685458541 0.704699457 1.34612155 1.52809572 1.37660503
    0.663888991 0.928437412 1.3732183 0.800731063 0.867138267 1.09067023
    1.13600397 1.07806456 1.11297858 1.13024163 0.857988715 0.753373384
    0.665284753 0.994731367 1.28586888 1.06044137 1.02985227 1.50578129
    1.17503297 0.948803604 1.23538303 1.16229367 1.00820804 1.26488495
    1.5213021 0.979695797 1.05650091 1.48184025 0.636872649 1.00612223
    0.646011472 0.611519396 0.546829224 1.02531779 0.782953203
    0.930366576 0.889957547 0.754959047 1.22307038 0.65068084 1.36472905
    0.915957928 0.88258332 1.28572023 1.28860581 1.30788624 1.0558995
    0.60700053 1.06311047 0.82444787 1.27789438 0.96183753 0.660149097
    1.2893399 1.16163909 0.677234173 0.545722425 0.983667552 0.83888793
    0.86127001 0.796762288 0.716315806 1.39254546 1.01792681 1.4198854
    0.934670508 0.866712749 1.12522697 0.726649225 0.810140431
    0.89409703 0.992542922 1.24033141 1.35269535 1.23004782 1.57342696
    1.48814809 1.49663293 0.895197153 0.848158717 0.685192168 1.21632588
    0.801745474 1.23537982 0.743539929 1.33596802 1.11744225 0.924058378
    1.02350259 1.3728466 0.714824677 0.510206699 1.13644302 1.17182302
    1.4609679 0.603955746 0.848965287 0.579665422 1.32099414 0.752640247
    1.26370156 0.991006434 1.48948979 0.975003064 0.948128641 1.30383265
    0.566200852 1.3665185 0.941437721 1.10592878 1.00716543 1.16592193
    0.562973022 0.917102814 0.694623768 1.21381617 1.50291216 1.0382818
    0.846682429 1.15550745 1.51980805 1.34817314 1.17822504 1.60804665
    0.655042529 1.48949504 0.739776134 1.33187985 1.03992224 0.730119586
    0.629036605 1.25974357 1.34267449 0.997983932 0.541546941
    0.448697656 0.759868681 1.12596333 1.02349722 0.686686337
    0.501806974 1.27162158 0.682110012 0.804139137 1.16661382
    0.645678639 1.21916318 0.548266947 1.44806147 0.815751255 1.43567669
    1.12276781 0.48506245 0.966350198 0.581812084 0.797911346
    0.760167181 1.12077796 0.573125541 1.05209661 1.0874629 0.944367111
    0.819697559 1.0595578 1.31624341 1.0383265 0.874356806 0.656505942
    1.29641485 1.27261353 1.47255921 0.550520539 1.28808391 1.41445029
    1.1522752 1.1186192 0.976863503 1.46607888 1.24524128 0.639970601
    0.879308045 1.29337382 1.45490944 1.26022089 1.4554249 1.04588318
    0.758484006 0.820838153 1.45732379 0.621101022 0.508908391
    0.629061639 1.3652209 0.93597275 0.722350955 1.3500694 1.03071082
    0.548176527 1.16947269 0.819292486 1.03028357 0.684310615
    0.574415445 1.16753709 0.649009764 0.767327726 0.708154202
    0.522857428 1.11231279 1.39138961 0.598074973 0.832735062
    0.804824769 0.895476282 1.45784879 1.18546915 1.46214688 1.14505935
    1.27214539 1.35146284 1.01973546 1.448614 0.817905366 1.27030444
    1.38855255 0.887244821 1.30986905 0.545627713 0.521928906 1.20540273
    0.699536324 1.07987189 1.46345699 1.33669877 0.788253188 0.802756727
    0.760314286 0.779042304 1.19393718 1.17751944 1.38354242 0.584428549
    1.51802433 1.25177419 0.973231435 0.603595197 1.48775756 1.0357393
    0.9044047 1.38047552 0.847137213 1.22708952 1.47672117 0.610579371
    0.86052376 1.45866895 1.16732252 0.784520149 0.773092687 1.52468908
    0.791926324 1.21545959 1.00507712 1.35265148 0.941560805 0.605488002
    1.2615087 1.30354643 0.967572391 0.597545385 0.658072233 0.931491137
    1.11181164 0.879888952 1.23591971 1.05789125 0.95005703 1.56403697
    1.03202903 0.92430383 1.0565691 1.06539357 1.0490793 0.907267153
    1.16518962 1.30603361 1.16227865 1.36639893 0.816419542 0.708519816
    1.45460486 0.62322098 1.3477807 0.919548571 1.16452599 1.21316624
    1.23017859 1.00673962 0.742390871 0.735511541 0.851454496 1.04623473
    1.47943997 1.35197568 1.06988978 0.816534698 0.738704443 0.695592046
    0.85274142 1.31422806 1.32211423 1.43552625 1.06294131 0.70337534
    0.860375583 1.27012062 0.740796983 1.30122149 1.38068461 1.36621892
    1.05116177 1.36691272 1.29268956 0.922915161 1.4509815 1.14220047
    1.07920635 1.5469439 1.33850253 1.28398883 1.23378801 1.35953474
    1.52699518 0.959744334 1.31427741 0.880246818 1.20510387 1.10753632
    1.38377261 0.894899547 1.11468601 1.33546793 0.732427955 0.721104026
    0.523572624 0.763537526 0.596222818 1.41287231 1.49015939 1.16709316
    0.786502719 0.740083098 0.932715058 0.910205841 1.00371909
    1.16013765 0.800027728 1.40361738 1.11936033 1.36839318 0.955059052
    1.06714559 1.04402435 1.39158344 0.774774313 0.540453792 1.21351707
    1.46925187 1.48326111 1.04479742 1.39169526 0.741204083 1.59135664
    0.966709852 1.11828411 1.07553744 1.33452916 1.11814523 1.26253831
    0.967917323 1.46032572 1.02115417 1.23600626 0.566759825 0.55324322
    0.923017323 1.45882344 1.18237484 1.10038888 0.926395237 0.674419045
    1.03903997 0.954042315 1.04919302 0.686077297 1.21701014 0.733212411
    0.986644387 1.4591639 1.34193242 1.23906481 0.825117171 0.582284391
    0.523857057 1.04067874 0.677349031 1.04702115 1.23459506 0.538798273
    1.29830134 1.23867953 1.20335352 0.483401746 0.509349823 1.39286375
    1.12869167 0.827907741 1.3975656 0.588293374 0.892874122 0.553960145
    0.657952785 0.872394085 1.3227272 0.572175503 0.570993185 1.38035202
    1.09407401 1.26195085 1.475878 0.937851787 1.13894129 1.41243136
    1.31635559 1.28386962 0.876588702 0.544831276 1.4446919 0.797055185
    1.22416341 0.694919646 1.34943068 0.644146919 0.750410736 1.42565215
    0.885748923 1.00307608 1.46280968 0.943000197 1.37807703 0.918669343
    0.896058202 0.646779776 0.675927222 1.2981149 0.636920094 0.62982285
    0.843184829 0.794927716 0.835869551 0.663062751 0.991959095
    1.40773392 0.571662903 0.927089393 0.526414633 0.731159568
    1.25495231 0.886191726 1.22540307 0.885193706 1.13963294 1.49211037
    1.47612369 1.44568729 0.817691088 1.05714214 1.54269636 1.51119208
    0.865063787 1.06630051 1.1463263 1.36315644 0.684635758 0.56198591
    0.833582819 1.27869236 1.37952662 1.00206649 0.599295735 1.14256728
    0.93300277 1.30818117 1.35432708 1.21147132 0.563141465 0.587271333
    1.09899735 0.538557291 1.39981258 1.22790468 1.07120252 0.71992296
    1.11054361 1.17934608 1.09496665 0.98589462 1.46107864 0.756900668
    1.05974185 1.41096604 1.01639736 0.728909016 1.2334013 1.02219307
    0.653781533 1.16171396 0.715542495 1.46707511 0.789345264 1.27869546
    0.935595095 1.02434683 1.19288039 0.849405944 0.954471052
    0.572715282 0.650198877 0.655679464 1.18027985 0.977164984
    1.25641191 1.27444506 0.826095104 1.13198543 1.39895082 1.10304248
    1.28206992 0.8236624 1.08120775 0.874596477 0.512257099 1.3262223
    0.923795819 0.825417042 1.39207876 0.577537477 1.51426828
    0.586610019 1.28412771 0.682027876 1.20553863 1.17414951 1.04615617
    0.770492435 0.723668993 1.26962507 1.03665924 1.36606956 0.590014994
    1.15014267 1.10301912 0.605295837 0.866745114 0.479199737
    0.688685477 1.48869884 0.935798049 1.21675742 1.46349347 1.14362156
    0.9577896 1.47256172 1.00582349 1.54816365 1.35525477 0.746346414
    0.987571359 0.938208163 1.36611748 0.663064182 1.49968493 1.39688909
    0.696729362 0.776743531 0.632233858 1.20398593 0.962894142
    1.11879027 1.02899897 1.28026211 1.53552842 0.957769573 1.22128391
    1.15883505 0.960470915 1.0510968 1.5157541 0.63323319 1.45927036
    0.923507869 0.905710995 1.01362824 1.15120578 1.44957483 0.819146156
    1.30400217 0.910601616 1.02610159 0.922852159 0.995376706
    0.794357598 0.859251261 1.09011149 1.21516502 1.40452325 0.756257474
    0.763279796 0.891409516 0.894375503 1.0181973 1.10717189 0.854231119
    1.04273486 0.871602237 1.26833904 1.50262022 0.609617293 0.960273027
    0.651245117 1.48243928 1.47487783 1.08772218 1.47832656 1.58440328
    1.26018012 1.45377588 0.743183553 1.37810063 1.51766932 0.61491245
    0.58516115 1.14168262 0.77911514 0.579081357 1.0937742 0.840340614
    0.752951324 1.17834055 0.678397 0.87994957 0.804607689 1.46977949
    0.826336324 1.02059209 1.40828061 1.04600048 1.021016 1.43839777
    0.59972918 0.522587836 1.16899085 0.523652375 0.868492544 1.38574553
    0.620045006 0.545249462 0.721690834 1.29497421 1.352916 0.497926086
    0.639103889 0.706454277 0.556435108 1.25292993 0.565034211
    1.18130624 0.902765691 1.27562428 1.05959892 0.872970581 1.38156915
    0.631565094 1.39278424 0.876531422 0.64729172 0.802188396 1.05129647
    1.1216135 1.25602973 1.26737487 0.516739488 0.502017677 0.525205553
    1.04756987 0.567620933 0.766611218 0.935432255 0.705963194
    0.697900951 1.38656199 1.1057061 1.40084815 1.44932604 0.523108304
    1.01362693 1.35909557 0.549195707 0.630769908 0.903482914 1.4038763
    0.832940519 1.09924817 1.24915755 1.25367928 0.604091465 1.01631737
    1.37721884 0.829987407 1.50553441 0.905978799 1.34144926 1.29161608
    0.969721258 1.05634499 0.940320015 0.574134231 1.33912849
    0.979933202 0.792777359 1.43942928 1.06280804 1.36470175 1.28737271
    0.980571449 0.976878464 1.40688479 0.844477296 1.36629879 1.16110265
    1.2339865 0.597040296 1.00071049 0.814658463 1.41425729 0.554826796
    1.35604298 1.2875644 0.739412606 1.14437115 1.35235846 0.602841616
    0.852834225 1.36154759 0.63044697 1.17137718 1.50770092 0.589074016
    1.23284566 0.840505064 0.754553199 0.983513951 1.50845683
    0.864876926 1.26380146 1.53120196 0.745388031 1.47815263 1.14883304
    1.36460865 0.849496245 0.784844041 0.916991115 1.1858381 1.25406516
    1.00224304 0.800925851 0.909046412 0.857761621 1.12819314 1.06985331
    1.01026821 0.9546718 1.14483368 1.12036991 1.42762089 1.4771837
    0.96234113 0.857631385 0.916886628 0.672370315 1.244982 1.16966057
    1.03551579 0.96448797 0.980396926 0.810814142 1.18134451 1.06759787
    1.19921887 1.24661243 0.626219153 1.26071346 1.47959006 0.963089049
    0.644123495 1.17695642 1.0955987 0.613598883 1.44544649 0.726492405
    0.967129052 1.15259576 0.91141963 0.726850688 0.73967886 0.807873666
    1.30906487 1.24499071 1.05501533 1.16463041 0.765479505 1.39893866
    0.756820977 0.66305697 0.936337173 1.20000315 0.841862738 1.21782148
    1.44377899 1.33158255 0.779367685 1.03977454 1.44066906 1.35427821
    1.12604344 1.53467369 1.17630541 0.868351758 0.925184608 1.16610658
    1.36652231 1.1494416 0.6337834 0.914867043 1.45619881 0.987039566
    0.810987055 1.28824687 1.21658373 1.07497561 1.17069948 1.36899412
    1.0858314 0.678364277 1.14345217 0.865955234 1.25018883 1.15160191
    0.651631355 0.926307857 1.45358229 0.541149557 1.15063977
    0.826748669 1.08077836 0.54118073 0.687473238 0.846513808
    0.593368888 0.724146843 1.37456191 0.874999762 1.38514256
    0.772649169 1.17163169 0.80024451 0.540239811 1.5038662 0.862002432
    0.789030731 0.889732301 1.17656875 1.33902848 1.1597501 1.0958662
    0.67956984 1.3265512 1.48721135 0.570908546 1.29245961 1.17420459
    0.798028052 1.51209307 0.668967783 1.42830479 1.14647019 0.6963076
    1.06138325 0.758905351 0.708211064 1.21658707 1.08484399 0.884631991
    1.20192373 0.760803342 0.688896477 0.490055352 1.2744267 1.40748227
    0.560225904 0.775028527 0.726665974 1.10802007 1.13991034 1.2471112
    1.04217875 0.76111263 0.899627209 0.495758086 0.855558872
    0.690044403 0.608901322 0.909875929 1.05820537 1.10760188 1.11812782
    0.865571976 0.566776037 0.507664144 0.941962361 0.753128171
    0.633680105 1.32304311 1.21220446 0.4908939 1.36825764 1.4167223
    0.748438716 0.880744576 1.08484185 0.510045707 1.36809599
    0.949282765 0.555372 0.913302839 0.526361525 0.779868901 1.05438519
    1.29431629 0.824846148 0.761902809 0.487789392 0.86491853 1.15132487
    1.12557948 1.04295337 0.814930141 1.24617207 0.611306071 0.62135458
    0.892965615 1.07419407 1.53694284 0.574528754 1.38406026 1.37657845
    1.45232117 0.685496807 0.866599739 0.869191408 1.04013979 1.27436042
    1.07653308 1.50150073 1.08867753 0.933339655 1.32438433 1.35755479
    1.23053849 1.48167801 1.23114443 0.972970128 1.17466009 1.49915361
    1.17310977 1.5035646 1.48595011 1.11111546 1.3200798 1.43665206
    1.49878705 0.663251936 0.73881036 1.01957488 0.683636725 1.31019187
    1.04369879 0.820962787 0.991998315 0.574317038 1.50082111 1.23665893
    1.34894431 1.32222402 0.738378048 1.10126626 0.529687762 0.595527589
    0.644604445 0.77603054 0.637019694 1.45875001 1.17103839 0.95583564
    1.22071826 0.89537549 0.704440594 1.31176031 1.30356824 1.31021738
    0.598346412 0.832942307 1.03535247 1.20372856 1.3925904 0.575986624
    1.27099621 0.880923271 1.31257558 0.675867736 1.42467952 1.37112057
    0.752389431 0.761569858 0.558766663 1.04922223 0.905385196
    1.29529822 0.768827617 0.841356516 0.54627949 1.07399452 1.19885266
    1.51644468 1.30835032 1.28751755 1.50705731 1.00101459 0.610289693
    1.02004492 0.550095677 0.597079754 0.94767803 0.787557364
    0.716377079 1.13259232 1.27058697 1.19552028 1.15875995 0.941542029
    1.22422707 0.578037679 1.05369687 0.624100268 1.20119643 1.17500114
    1.04077029 0.931493223 0.727425218 1.05340314 0.635328233
    0.677086711 0.717160463 0.640475631 0.519905627 1.28179026
    1.15757191 0.839615464 0.978619397 0.953035295 1.20070362 1.33469188
    0.86408788 0.752074242 1.12496006 1.10411048 0.999698937 0.569710135
    1.55067694 1.18058276 1.08942235 1.35270977 1.15517068 0.833228409
    0.69204241 0.930087984 1.44767737 0.93117404 1.32453406 1.00652254
    1.04454815 1.47247005 1.17009687 1.49600792 0.647233784 0.630374253
    1.36710596 1.21696675 1.44201827 0.945491254 1.2932924 1.25177753
    1.25929034 0.54919225 0.622433543 0.934293568 1.00904047 1.35447931
    0.912483692 1.04894865 0.752232134 0.557627976 1.1110065 0.576572239
    0.739807963 0.826817036 0.983195424 1.4018079 0.815521479 1.46585035
    0.629248738 1.16792083 0.727534652 1.10349107 1.02945578 1.33429265
    0.846728802 1.54250348 0.855015695 0.927784204 0.914488137
    1.55778396 0.984843254 1.02479172 1.35295761 1.41367567 0.726014018
    1.39074886 1.34846759 1.14108467 0.606920958 1.16210377 0.630655348
    0.686229885 0.539367855 0.500486314 0.863026798 1.17371762
    0.614553034 0.682489216 0.903540194 0.828173697 1.1442908
    0.503088892 0.949761212 1.08669984 0.502266824 0.993837833
    0.958484709 1.44426095 0.552662849 1.06424284 0.714212835 1.47625089
    0.796806633 0.530488014 0.911441028 1.25916767 1.14333916 1.03158116
    1.19886887 0.53336823 0.546506941 1.00791454 1.23849261 1.19528961
    0.948930502 1.20571721 1.3045857 1.18740082 0.95145756 1.34745097
    1.40898824 1.08651388 0.891688406 0.500894845 0.81929785 1.3579855
    0.537431598 0.583548307 0.799075663 0.525239408 0.537301719
    1.22144401 0.872417569 0.717936218 0.859391451 0.654145062
    0.524833083 1.28142858 0.552048147 0.589778304 1.32775033
    0.970471978 0.57214421 1.02340925 1.07677126 1.43983102 0.859730363
    0.584550798 1.25926387 1.36098433 1.29327345 1.06377959 0.992913544
    0.692389488 0.96687007 1.41531992 0.640459359 1.28551972 0.925156474
    0.614981949 1.1628902 1.2899152 1.38545132 1.25678325 1.41970885
    0.778614521 0.60992229 1.13529694 1.01529145 1.25183427 1.0175997
    1.198439 1.43253887 0.808461905 1.05669749 0.603312135 1.43321979
    1.39840388 0.660874188 0.983124852 1.12935877 0.810509622 1.04355013
    1.13960147 0.706340551 0.970863402 0.725229084 0.754632354
    0.84249121 1.1132195 0.830713928 0.777022421 1.20358121 1.13086092
    1.37037563 1.44369984 1.06701541 0.950119495 1.26603174 1.33344567
    1.1154089 0.986889303 0.589963853 0.653213739 1.29116762 1.44710779
    0.579064131 0.808465242 1.3529011 1.3292886 1.01407707 0.759380817
    0.935289085 0.547473133 0.99491179 0.890548468 0.647926927
    1.30281317 1.10526085 1.45127261 1.35917366 1.29101801 1.12171233
    0.965213537 1.21809077 1.35558426 1.39539695 1.2463907 1.02810144
    1.09038675 0.714747608 0.901116669 0.962671816 1.04254663 0.57606262
    1.12794566 1.17238021 0.483206838 1.08204949 1.50320828 1.40708196
    1.17149556 1.46763039 0.730057895 0.567121446 0.510203362 1.15079343
    0.475912899 1.42754483 1.2364713 1.3736012 1.01375484 0.833246231
    1.26449823 1.43684888 0.549231887 0.788008392 0.61630863 1.45198298
    0.974711657 0.944305837 1.48961675 1.35554969 1.48061872 1.34110546
    1.50873387 1.28160346 1.28322017 0.854233444 0.956139624 1.48996973
    1.57915163 1.27949905 1.31536055 1.13929296 0.798957586 1.51227486
    1.51345885 0.726533353 0.956677139 1.42768621 1.09280932 1.5339781
    1.51335597 1.14259207 1.12405896 0.727193415 1.09884286 1.4283247
    0.983921528 1.31626236 0.813949883 1.0780983 0.925651312 1.35321283
    1.19344401 1.35963106 1.45213747 1.52331066 0.599249423 1.07175791
    0.927375734 0.928128719 0.530292153 1.03042746 0.673591495
    1.00455642 1.4197576 1.25516117 0.823725224 1.4219023 1.03852022
    1.3564868 1.35566926 0.753609955 1.03861368 0.608130634 0.673608065
    0.745935619 1.19108129 1.06730354 1.4540236 1.24692893 1.13390458
    0.712859631 1.06817198 1.06295466 1.37572956 0.587587595 0.77688688
    1.4548589 1.43508554 0.747568727 1.32676685 1.3657974 1.2600652
    1.40192199 1.10228038 0.897776186 0.706592202 1.21462238 1.01087558
    1.25369775 1.15851378 1.09457302 0.782177985 0.655645728 1.11896253
    1.23801744 1.44666982 1.32385588 1.23004735 1.41907156 0.874796867
    0.918974638 1.02680886 1.06041312 1.41383564 1.32696676 1.25836754
    0.70194006 1.45209849 0.521377742 1.29627597 1.49475098 0.879814208
    1.03066337 0.517481208 1.0207212 0.510142446 1.29635811 0.66573602
    1.14792216 0.509555697 0.476621091 1.08002222 0.977010131 1.11753178
    0.544847012 0.638996065 1.35782683 1.29657483 0.702510417 1.24377084
    0.740599811 1.17321491 0.828033745 0.67589432 1.22099745 1.25583923
    0.574289024 0.859578133 0.643161893 1.05862021 1.3779918 0.874336541
    0.770026445 0.766000092 1.37365353 1.19301379 0.546280086 1.23446274
    1.13275802 1.13235211 1.20339298 1.00908399 1.04376328 1.31633937
    1.07690048 1.50385475 1.2936722 1.43486404 1.07696629 1.49211347
    1.2504909 1.11849296 1.30402052 0.88032788 1.16318834 0.603970706
    1.33656061 0.678934991 1.38588154 0.878691971 0.708726883 1.1147815
    0.567872047 1.49565208 0.542842567 1.3942796 1.44234896 0.581982493
    0.767740667 1.42672157 1.21068847 0.842487395 0.978388429 1.13617301
    0.767618001 0.818557441 1.15754414 0.948946059 1.16389537 1.3138386
    0.609454155 0.573449552 1.12689567 0.894949853 1.3114419 1.10396516
    0.890288293 1.17478502 0.834788263 1.21500945 0.71613574 0.683839262
    0.979472339 0.966724992 1.43865478 1.11213684 1.22302151 0.784268677
    1.04649472 1.32640743 0.830160916 1.30733931 0.975298285 0.90484786
    0.499395281 0.78908354 1.23508906 0.826669514 1.25208235 1.11137998
    1.52705693 1.40546513 0.897908092 0.97863847 0.983765125 0.789301813
    0.965441167 0.689963818 0.853793561 1.20119047 1.16377854
    0.916492343 1.10197783 0.908288598 0.590288579 0.533083022
    0.525116265 0.915497303 0.545827568 1.14244759 1.11131072
    0.848848224 1.46340692 0.532061279 0.624233246 1.0680306 0.792604506
    1.06783891 1.04434955 0.888327062 0.50302285 1.17984271 0.841615915
    0.555409074 1.31133652 1.04697502 1.38972986 0.939047694 0.818208277
    0.736097574 0.95830369 0.820120156 1.20769608 1.20746839 1.17730904
    0.760844111 0.968580186 0.897122085 1.18425357 0.759837389
    0.894462943 0.814869881 1.41300559 1.18533528 1.39290953 1.30623448
    1.02311409 0.703011751 0.688596725 0.833964467 0.557887137
    1.19329429 1.46519983 0.639214933 1.16015196 1.19744694 1.40852857
    0.899142742 1.32070255 0.564567626 0.772555649 1.25108469 1.34390819
    0.677461028 0.885978818 1.35869575 0.64487195 1.42893493 0.545252442
    1.34158802 0.654216826 1.40973938 1.24792385 1.49443471 1.01626563
    1.40183866 1.01174223 1.36763108 1.44486833 0.539865315 1.4244194
    0.763854623 0.841763854 0.713627636 0.737216115 1.01939785
    0.683232963 0.683818519 1.0972985 1.02191627 1.22976863 1.17329562
    1.01889861 0.950335681 0.813349605 1.26279795 1.29653335 1.28737676
    1.53543949 0.8587479 1.18137336 0.819330454 1.12519491 1.56991184
    0.88539356 1.49274755 0.781356871 1.13834512 1.16794729 1.17036724
    0.743922949 0.676418245 0.694871187 0.915827513 0.842776477
    1.22837257 1.33571124 1.07026803 1.27667177 0.658749223 0.958055377
    0.692673087 1.19717669 0.808828592 1.39339817 1.22732377 0.626253009
    0.624759197 1.2475785 0.784492791 0.503682733 1.34145594 1.46903121
    1.03388083 1.05112433 0.705725729 1.07754314 1.40568113 0.964971244
    0.776557148 1.01125622 1.30799615 1.18478549 1.06592119 0.784004211
    0.619626582 0.755886793 0.598793685 0.678618729 0.515346289
    0.941816092 0.968986273 1.42019761 1.07297289 1.22802198 0.886897743
    0.983710647 1.32519996 1.04729104 1.08037686 0.54179579 0.53300935
    1.26290488 0.879422188 0.754961371 0.757713437 1.3707844 0.701270401
    0.966809809 1.20287335 1.37136519 0.996100307 0.745302856 1.09117675
    1.19552457 0.930988073 1.34024453 1.19673657 1.46189439 0.555294096
    0.736826301 1.18809724 0.566745937 1.42786634 0.904969692 1.04637194
    1.16293406 0.591104686 1.30548334 0.771065831 1.13890827 1.20007396
    1.18242693 0.746246874 0.86673218 1.29128051 1.0939225 0.59813571
    1.15350914 0.677784026 1.47913003 0.566362083 0.649578452 1.2070365
    0.979050338 1.06969035 1.34352946 0.890508115 1.04658484 0.589035451
    1.39260983 0.9177953 1.17688894 0.941187799 0.777537704 0.795381784
    1.34354484 1.48895967 0.730778158 1.52580929 1.33218777 0.905324996
    0.532096088 0.841609776 1.4128406 1.00687563 0.932346523 1.09116542
    0.682602108 0.972571015 0.694709361 0.717799604 0.922416508
    0.699643731 1.15327203 1.33403051 0.836502969 0.502742112 1.38567698
    0.934294403 0.871144772 0.812729001 0.720886886 1.04865563
    1.36692667 1.50776708 1.1454494 0.842193723 1.41617668 1.49333978
    1.05951381 0.986757576 1.02536619 1.07185578 1.16774654 1.09061611
    1.35140634 1.05147159 0.735884607 1.095348 1.36509347 0.995406985
    0.601557612 1.3701849 0.696141541 0.989117265 0.542374969
    0.594751775 1.20537794 1.30688298 0.864258051 1.04232526 0.525916457
    0.810694635 1.16238737 0.763198078 0.785717666 0.716647208 1.4880501
    1.01240075 0.748105586 1.16925359 1.34026933 1.28374708 0.566675901
    0.526280046 1.13243663 1.01884151 0.670012355 1.02896762 1.0927825
    1.18843412 1.11186457 1.22010064 0.979133546 0.799633205 0.920028389
    1.27982605 1.04580653 0.631744385 0.967505038 1.44659555 1.55977607
    0.718993306 1.33226311 0.694152355 1.333902 1.27026963 0.776335001
    1.45230007 0.915414214 0.700061202 0.947727144 0.640283644
    0.832375705 1.5103128 1.14707196 0.833599925 1.22468746 1.04676354
    1.15431738 0.756994367 0.830093563 1.04679108 1.18683422 0.696884215
    0.866663873 0.902193069 0.6625579 0.714734674 0.602783501
    0.766394317 1.06052125 0.890520334 1.05312216 0.715408027 1.21617663
    1.46736073 1.22241652 0.891400158 0.628033698 1.41814208 1.35224712
    1.06226599 1.29060519 0.79458034 0.835465848 1.28670955 1.29477298
    0.702210665 1.33979309 1.52225113 1.04667187 0.878697574 0.673630536
    1.02903044 0.615225375 1.18151665 0.573797703 1.30641532 0.748513877
    0.802983761 0.882700622 1.43394279 1.11186326 1.4287523 1.27562261
    1.10071087 1.26272798 0.62145561 0.760850072 1.21607733 0.490822166
    0.708320439 1.33623922 1.30070519 0.58706367 0.697004199 1.02913678
    0.977541924 0.555119514 0.527398169 0.854472756 0.797500372
    0.992079437 1.47021103 0.837762356 0.956569493 0.81677568 1.34247267
    0.870861351 0.655549347 1.36209369 0.901228666 1.22317445
    0.528971016 1.34949303 1.45740247 0.57260561 1.25528753 0.852084994
    0.557519674 0.663340986 0.831726849 0.787741363 1.07361722
    0.792034924 1.08985043 0.742371619 0.505739808 0.472216785
    0.442031711 1.11556149 0.523270309 0.882554233 0.776385128
    0.839038551 1.15556622 0.626811743 0.503607869 1.20518851 1.05718529
    0.91232419 0.868413985 1.50797248 0.740320623 1.45433664 0.663959682
    1.29664969 1.37535 0.654373348 0.519085824 1.26944995 1.27593112
    0.769179583 1.11219013 0.908067226 0.648716748 0.904319346
    1.15831888 1.40225053 1.19960415 1.13674581 0.548905909 1.34172475
    1.20210147 0.757994771 1.06529033 0.794123888 0.577994585 1.03429365
    0.951865554 1.03423691 0.540885389 0.672134399 1.05013454
    0.661981285 1.42852581 0.719817638 1.4521035 1.30061245 0.67851007
    1.43313849 1.38183546 1.44686878 1.15853512 1.05534339 0.922834218
    1.19995677 0.590799153 1.05977464 0.648070991 1.43413508 0.839501977
    1.41161025 1.38590789 1.11730945 1.22232342 0.605522573 0.872583151
    0.950287163 0.898553193 0.662180245 0.987196565 1.25696802
    0.94158107 0.589148343 0.857093155 0.949698925 0.919890046
    0.905308366 1.39338219 0.935280085 0.493197948 0.581468821
    0.872050464 1.44640672 1.30686438 0.919196308 0.543382406 1.28405035
    0.896453857 1.01337445 0.844264925 1.01380897 1.47908258 1.21840179
    1.16290569 0.848541081 1.07556581 0.970206857 1.39777958 0.621800423
    0.712191761 0.863574445 1.31157136 1.39362562 0.645065486
    0.923129737 1.04290247 0.692331612 1.42651892 1.35022247 1.34132719
    0.633368254 0.869486392 1.26322031 1.11337841 1.40635097 0.843337595
    0.49559927 0.879206657 0.613260567 1.1784929 1.11146545 1.29861784
    1.22334993 0.887021363 0.534382224 0.776148915 1.15004504
    0.892592072 0.926774681 1.3227756 1.40961814 1.2583704 1.40641809
    1.33902156 0.833628535 1.32770288 1.15678442 1.5430994 0.74460423
    1.50211513 0.950695932 1.12075245 1.48057723 1.26253664 0.561105847
    0.832283556 0.588293731 1.34975612 1.04945195 0.725041747 1.36748302
    1.41639805 1.14370692 0.889034808 1.26105368 1.03683627 0.751243293
    1.47701156 0.929671884 0.970357299 1.21548736 0.929753482 1.17164028
    0.988813341 0.646300733 1.19793737 0.797932684 0.735905111
    1.43584275 0.950476825 1.0223521 0.977545381 1.11520863 0.79327178
    1.3474443 1.39483631 0.812093318 0.689899504 1.17869174 1.25652325
    0.688568532 0.733949065 0.989257276 1.46575689 1.38666987
    0.916084051 1.36715508 1.49560225 1.10258746 0.658830464 1.468099
    1.46428967 0.626636565 0.627212405 1.29092979 1.44673026 0.946664691
    1.1315012 1.01280653 0.655602455 1.09146535 0.875521064 0.906338513
    0.762494147 1.40790868 0.798582911 1.34912765 0.845313549 1.45078182
    0.844412267 1.37478745 0.533344746 0.835426092 1.077088 0.924792409
    0.66248703 1.47917807 0.68843919 0.498337537 0.715444744 0.951478958
    0.569431663 0.668309629 0.926575005 1.51384854 1.33438182
    0.675249815 0.892639816 1.42944968 1.54492009 1.12967086 1.16355395
    1.42484605 1.40120566 1.33733511 0.571553648 0.696576118 1.43939424
    0.918217063 0.569703519 0.777437687 1.18042147 0.532029748
    0.670332432 1.01265502 0.509390295 0.57830894 1.16192007 1.19977844
    0.51995039 0.488180637 0.989195168 1.20670569 1.01381373 1.13054669
    1.01735568 1.06812108 0.673957109 0.709464669 0.870380044 1.31671989
    1.3107233 1.11481762 0.715778947 0.851868033 1.38242149 1.03432012
    1.41447437 1.26619041 0.569357812 0.68669939 0.550054073 0.644602895
    1.27044332 0.672011852 1.13709569 1.35188711 0.921141982 0.878925979
    0.828956962 0.564793944 0.62800467 0.611213505 1.45777631 1.44351423
    0.586429417 1.47688353 1.26888621 0.90505594 0.470934451 0.714865983
    1.38930738 0.757606447 0.491318643 0.836227059 0.807431579
    1.15961277 1.14684606 0.622134686 0.699774861 1.40667832 1.10825753
    1.15802181 0.875011921 1.5227834 0.761897385 1.53452384 0.82032901
    1.40804684 1.16848958 1.35381389 0.644133151 0.781580389 0.951342285
    0.752374411 1.06397164 0.899190843 1.5033741 1.51814723 1.31905425
    0.592724264 1.46021128 0.791095018 1.01875079 1.29814303 0.976536453
    0.879973233 0.840692103 0.780631185 1.14813268 0.538386643
    1.43583119 1.1425724 0.914741278 0.7121889 1.18429792 0.695683658
    0.969700873 0.731928587 0.847382545 1.29971778 1.52197278
    0.578623295 1.58448696 1.28579104 0.859812915 1.48363554 0.926331401
    1.10670435 1.05418813 0.947428286 1.51920414 1.3667587 1.09196174
    1.03555644 1.1150527 0.610177815 0.966037393 0.776460528 1.03474617
    0.499522597 0.512299776 0.668841064 0.527294815 1.43275237
    0.838044822 1.38715208 1.04132748 0.730286956 1.28987181 0.85827744
    1.09852052 0.681589007 0.583416402 0.728016853 0.487645745 1.4907738
    1.26593328 1.43317473 1.29167175 1.43931997 0.712712109 1.30678713
    0.908919156 1.10659266 1.4077971 1.30070615 0.611286283 0.992841303
    1.53030217 1.1037122 1.43164158 1.52593768 1.18618238 1.42988825
    0.805321872 1.54653418 1.24405694 1.15712881 1.39006066 1.42874622
    1.16583216 1.27688169 0.927001536 1.47423863 0.885987937 1.38443172
    1.14849865 1.27650785 1.23266506 1.26140094 1.08649588 0.666848063
    1.28650606 1.49991846 1.20770645 0.708536386 0.637163818 0.819150627
    0.717937589 1.21365309 1.03453982 1.33617175 1.29532754 1.18221653
    0.959212959 1.07220256 1.40147984 1.24754047 0.968258739 1.03595757
    1.51442897 1.27224946 0.640809894 1.21996856 0.622914493 1.26694918
    1.09753954 1.13694191 0.905965745 0.699717104 0.908927917 1.55402839
    1.2649976 1.26208794 0.772325158 1.05324304 0.985209644 0.846966326
    0.745669246 0.814991355 1.08836985 1.21879637 1.3288815 0.816299081
    1.3710866 1.42442584 1.38238394 1.33751357 1.16172945 1.27428102
    1.48432028 1.14878929 1.54105783 0.827815652 1.11751032 0.52170676
    0.519578695 0.822182953 0.667518795 0.758511245 0.799552441
    0.517875791 0.921961129 0.965537906 0.794120789 1.36899936
    1.36066735 1.26614809 0.682238042 1.114483 0.917452812 0.825871766
    1.05170858 0.734492362 0.962063849 1.05607605 1.16641963 1.22721064
    1.32811308 1.29424524 0.780309618 1.32322395 0.939890087 1.01816702
    1.17877734 0.840355814 0.624616504 1.3933363 1.25437939 0.679209232
    1.27949154 0.642496288 0.657881141 1.34958708 1.15200984 1.18962467
    0.788435519 1.06055665 0.694448709 1.4207294 0.909066379 0.780574083
    0.627596438 0.789439678 1.36535966 1.05270588 1.39762712 1.10085595
    0.867990017 1.27203405 0.644491434 1.3857739 1.46722376 1.20268548
    1.4259913 0.894598365 1.15847754 0.702873707 1.37222767 1.32260287
    1.24226952 0.661654294 1.35036755 1.35225987 1.48151696 0.833750665
    1.37023866 0.982521653 1.05488563 0.743298411 0.670293033
    0.604198396 0.511563182 1.12379861 1.26679242 0.792129338 1.21387947
    0.541374922 0.85450089 0.476825744 1.0454092 1.31519508 1.00519836
    0.841641605 0.864096999 0.938870311 0.56933713 1.51452231
    0.773217499 0.732578993 0.547464073 0.974341869 1.52466893
    1.52557743 0.715288639 1.09913194 1.12915945 0.821056366 0.819875658
    0.802122474 1.2341342 0.78502965 1.52565181 1.194677 0.895179629
    0.999849141 1.26332688 0.840366781 0.633635879 0.853014708
    0.468310148 0.581267774 1.15093458 0.636836767 1.33814073
    0.979766667 1.10797596 1.10799587 0.489578962 1.38751054 1.37739158
    1.04080594 0.779967427 0.674752474 0.538258553 1.35223007 1.06325269
    1.0631305 0.879627049 1.51107633 1.18246365 1.34513748 1.4480952
    1.42519915 1.2253437 0.611893117 1.0779928 0.707415462 1.29637527
    0.629773736 1.01433539 1.41950989 0.739208877 0.689745367 1.11043835
    0.678358018 1.15976822 0.743562758 1.48063123 0.72810787 0.70358181
    1.23814654 0.527059615 1.03195 1.02238619 1.45508897 0.880561292
    0.900091231 0.691222966 0.79667747 1.01603842 0.678821743
    0.679011166 1.31844342 0.957534671 1.21341753 0.839568555 1.20192611
    1.06885433 0.847799242 0.813114583 0.983396947 0.916824818
    0.823034942 0.814415932 1.4602865 0.870512307 0.967063665
    0.905191839 0.684026241 1.01531756 0.609276772 1.44808877
    0.740123212 0.932323337 1.11746395 0.657428741 1.54991758
    0.940323234 1.49147117 0.795805275 1.20497596 1.51313341 0.629984498
    1.16374874 1.26210308 1.32476401 0.578968287 1.46897328 1.13017178
    0.692234695 0.985243559 0.820793211 0.762961268 1.08863163
    0.687887132 1.20581257 1.09695935 0.964524508 1.09416103 0.951010466
    1.434093 0.807851613 1.44058371 1.01853931 1.2326802 0.614639521
    1.29135096 1.4157517 0.84742403 1.27648854 0.535280883 1.18351126
    1.35324311 0.595734894 1.43429506 1.12644362 0.814832032 0.808604181
    1.52421784 1.17668808 0.665641665 0.87032783 0.793149948 1.00532162
    1.12348771 1.10554981 0.504887164 1.03549826 1.47937429 1.33401287
    1.02934611 1.33337724 1.30876851 1.00033033 1.10275877 1.20842612
    1.44952667 1.1473707 1.17854917 1.3409543 1.4031589 1.45150661
    0.863477707 0.943484187 0.951114476 1.34501076 0.80025208
    0.626544058 0.991271913 1.47570801 0.849472404 0.731993258
    0.841388941 1.3713752 1.05713403 1.32958162 1.07121825 0.909815013
    1.55415368 1.47772098 1.5076493 1.48992753 0.819791019 1.2156173
    1.41524982 0.671356916 0.664384902 0.957314134 0.64614749 1.05845714
    0.712028861 1.38533866 0.533867359 0.792110682 0.987388015
    1.37765598 0.819412053 0.581808627 0.905263662 1.13518977
    0.540969193 0.571189761 0.716555238 1.17593622 1.07309937
    0.863616824 0.620231748 1.51361871 1.52009618 0.977450609 1.31460762
    1.08751094 1.23785424 0.824201822 1.205181 0.880904853 1.1045742
    1.31762064 1.31480193 0.822577477 1.00024986 0.752502978 1.2956214
    0.786849618 0.857353389 0.778539538 0.869118989 0.84771049
    1.18052506 1.38641441 1.28366852 1.23261726 0.504007995 0.609778941
    1.15873182 0.881621242 1.42505288 1.24999821 0.483146936 1.04465079
    0.909473836 1.25481772 0.944077432 0.935732245 1.44126356 1.02541173
    0.838353038 1.30639803 0.681768894 1.25652528 1.03417635 1.05995834
    0.692048788 0.785310924 1.06450999 1.34496999 0.704370916
    0.706079483 1.45064366 1.06607318 0.961421132 1.2787714 0.534438312
    1.35366249 1.43699443 0.879941165 0.766982734 1.3725425 1.06563473
    1.30589342 1.15899658 0.727416456 0.798455596 0.932830572 1.21971762
    1.37591195 1.27444208 0.499444306 0.570832551 0.700674832 1.01149952
    1.42098451 0.726947963 1.07787776 0.519940019 0.592627585
    0.585111618 0.999466121 1.14982259 1.09639049 1.2767359 0.964450002
    0.648272753 1.17624152 1.31611705 1.19620514 1.09541333 1.40510166
    1.09996367 1.45363641 0.892977417 0.771213889 0.949091792 1.45751226
    1.09247184 1.50986469 1.1903739 1.09221053 1.09413338 0.570691645
    1.03737724 0.606946468 0.851377726 1.02398181 1.00317311 0.719030082
    1.36910737 1.21262324 1.20157337 0.931854904 0.851499021 0.812961817
    1.03954172 1.44516015 1.14067841 0.590085924 1.20064104 0.720662594
    1.11032355 0.816756427 0.875170231 0.522118092 0.720469952
    1.22276926 0.877938807 1.24723005 1.10705686 1.34571838 0.827358007
    0.987868428 0.774367392 0.981818199 1.04067385 1.49712157
    0.858211398 1.20461702 1.1320554 0.898926914 1.20311177 1.20368099
    1.07923996 0.870382428 1.35978675 0.602933526 1.18516731 1.33057141
    1.42051232 1.24178553 0.597474873 0.791134238 1.5085355 0.812586188
    0.573908925 1.21900582 1.21154261 0.609059274 1.39555216 1.33379126
    0.69494307 1.34528625 0.843503475 1.04223311 0.608923912 0.667415023
    1.43932188 1.09895623 1.42837787 0.831699729 0.765391588 1.12832892
    1.14757621 1.08179688 0.782057226 0.938938379 0.9562971 1.15489268
    0.892980516 0.906324804 1.22822726 1.55375433 0.864886761 1.31325388
    0.694784701 0.922571421 1.19644654 1.43942106 1.19046152 1.41959786
    0.675575733 1.33310485 1.1426692 0.820296109 0.506619751 1.2746433
    1.14553499 1.23413372 0.927648008 0.671901047 0.909759343
    0.928500772 1.2554884 1.0731889 1.1795634 1.04968965 0.941449106
    1.31281805 1.2575103 1.04092932 0.683876038 1.39300179 1.25677752
    1.4044646 0.485298961 1.33028615 1.36257565 0.754467845 1.00546396
    1.25905085 0.79013586 0.549914837 1.16618538 1.17913461 0.941001475
    1.51283288 1.51976919 1.49161136 0.601923168 1.11798346 0.826321304
    1.35679305 0.967842638 0.79787153 0.846354723 1.02965879 1.37365675
    0.801171124 0.652006924 1.25937867 0.829249203 1.23714328
    0.920016229 1.11435091 0.596045971 1.43351769 0.648394644 1.02966881
    1.1892525 0.893863618 0.467647403 0.538246572 0.80244863 1.25799191
    1.31725836 0.645907402 1.16252601 0.839687943 0.61481005 0.96657151
    1.4336468 0.586516142 1.00154471 1.11853707 1.09339476 0.973091781
    1.38237476 0.783306003 1.22593713 1.12213469 1.47270072 1.09998977
    0.644151747 0.801133871 1.20969379 1.03331316 0.740127385 1.1286509
    1.09944141 0.677913308 0.870239317 0.826441586 0.789765239
    0.46855852 0.83096379 0.63643527 0.543427169 0.862847924 1.39832711
    0.757015228 1.46179366 0.8125301 0.492316663 0.9860273 0.537768424
    0.57412678 0.748118699 1.44042969 1.40703619 0.792123675 0.762003303
    0.891576052 0.822827458 0.758713603 1.54469442 1.32539725 1.49171615
    0.856268346 1.20269835 0.810969532 0.960796595 0.630408823
    0.627629638 1.00720167 0.852714002 0.630562067 1.44060433
    0.576399326 1.27000773 0.755253136 0.877647161 0.518836856
    1.16106451 0.594976246 1.27408016 0.533652902 1.39971602 0.613188982
    1.26166761 0.746795416 0.883175254 0.713463426 0.832610726
    0.488283187 1.38023913 0.642367661 0.716148138 0.907046497
    1.20892036 1.50042677 1.2476989 0.717115939 1.23772204 1.56178153
    1.29733491 1.30108249 0.929481745 1.00755394 0.600072622 1.15060401
    0.828556597 0.685822487 1.08284664 1.15405488 0.59517765 0.509240687
    0.737413585 1.30565071 1.14572895 0.855614305 1.31493568 0.593363822
    1.43886244 0.576699793 1.20239305 1.14584219 1.07299471 1.21242416
    0.552834034 1.02518404 0.889575422 1.07733369 0.949144661
    0.955483794 1.31006205 0.499120921 0.77962482 0.502224386 1.32988226
    0.900513291 1.10236228 0.5293051 1.36917281 0.998315871 0.678812265
    0.881524622 0.785478652 1.47588706 0.525287807 1.28884888 1.25262213
    0.864963174 1.50563872 1.31731069 1.22318149 0.558605134 0.615121245
    1.02971435 1.2261169 1.00514126 1.10110724 1.03604734 1.47016823
    1.27437818 1.30594885 1.22023273 1.03205621 1.09977484 0.602757871
    1.12167132 0.714246988 0.836870193 1.37861121 0.933178067 1.27799428
    1.1363976 1.5173521 0.990418196 0.827073395 1.39849544 1.05829799
    0.603305638 0.821740746 0.882510424 1.35057139 0.726149678
    0.707609475 0.663546205 1.07425857 1.22210228 0.747647285
    0.825863242 0.580084443 0.924278617 1.52785552 1.19257438 1.2569983
    1.09461498 1.359424 1.19901931 1.49172533 1.28997386 0.661003113
    1.07346249 0.513638377 1.380548 0.621353328 0.889961541 0.579565406
    1.1664685 0.584122121 0.594689488 0.6999529 0.576540828 0.609048843
    1.35221088 1.47043228 1.09575391 1.50833797 1.27006662 1.04621708
    1.27242708 0.736632824 0.536981285 1.26197481 0.573143542 1.47452116
    1.01610076 0.945098341 1.42925489 0.871225476 1.07469761 1.26070142
    1.0416919 1.08327568 0.940548897 0.689261615 1.22620785 0.559179425
    1.22766781 0.956602752 1.13348365 1.49929583 1.19834352 1.05139363
    0.854656875 1.22507513 0.923254609 0.552644312 1.29232311 1.36052418
    0.911059737 1.37086499 0.73609519 1.12502193 0.631897271 1.00901496
    0.716884315 0.799710929 0.977556467 1.43631387 1.34330797 1.0426749
    1.45662165 0.947843492 0.721417964 0.548263073 1.20690966 1.47343779
    0.999883175 1.13098383 1.43267608 1.32432079 0.930566907 0.719300866
    1.40176761 1.31932414 1.07015324 1.11522722 0.913891435 0.925157309
    1.29218972 0.809484243 1.48314905 0.967837393 0.828981459 1.21279728
    1.14759624 1.22619343 0.763231993 1.08688509 0.733873427 1.23775446
    0.534375191 1.37220073 0.506475627 1.24327362 0.890283287
    0.465992212 0.647182107 0.488544762 1.22290385 1.42243135 0.83108443
    1.38382494 0.589276612 0.670147598 0.703746796 1.46169186
    0.657525361 0.979429424 0.877811849 0.935531378 1.47201836
    1.21380293 1.1246177 0.76132232 0.842585683 1.51559186 1.10701382
    0.637765348 0.77360183 0.82211709 1.11563921 1.16924226 1.1376642
    1.32152665 1.11664879 1.42797554 0.672537625 0.621532977 1.40386927
    1.49584818 0.867672622 0.796132505 1.06880176 1.07031786 0.714615107
    0.97679764 0.457229048 0.921534896 0.737719119 0.861061275
    0.659161448 0.830040216 0.941587925 0.925192237 0.608995199
    1.43953037 1.153355 0.845894575 0.957564354 0.965432703 0.798926771
    1.51165724 0.923172653 0.833005965 1.51713169 1.38460755 1.3884697
    1.3381356 1.36699617 1.21534741 0.789883912 1.35075188 1.00037456
    1.09471571 1.31504393 0.886666059 1.03386724 0.939138532 1.32710171
    0.895563066 1.17192769 0.656689584 1.37940407 0.95058912 1.39980388
    0.876334071 0.833557606 1.3159256 1.30248904 0.691378176 0.826653063
    1.1113621 1.27406609 1.13557148 0.71973592 1.10471833 0.636192203
    1.09467888 0.643721163 1.18962765 1.37041605 0.894316077 1.23086166
    1.35625172 0.863193095 0.662448108 1.37992346 0.539113522 1.43965137
    0.861074746 0.793078423 1.09541619 1.33560669 0.766688526 0.64204669
    0.793350697 1.43630052 0.802818954 1.37146795 0.83611387 0.652363241
    0.569971681 0.772783518 1.51597261 1.41381252 1.51295507 0.793163776
    0.96069628 0.842087388 0.653730094 0.913585246 1.22105563 1.38635516
    1.36632359 0.689461172 1.15483475 0.805627465 1.2617631 1.26121306
    1.31363821 1.42507553 1.0174166 0.634442389 1.41649663 1.19805408
    0.585546851 0.902438939 1.15909076 0.894229829 0.729619563
    0.898238897 0.965536594 1.05480003 1.27949286 1.43916404 0.814952314
    1.16332686 0.786120355 1.49432015 1.0422343 1.23618841 1.43481064
    1.56954241 0.649215281 1.51903653 1.05966401 1.32104611 0.90168786
    0.619197309 1.32887709 0.594585955 1.06904566 0.510129511
    0.967783511 1.04525363 0.821342885 1.54423511 1.17882395 1.43197632
    0.760283411 0.743851244 0.74050194 0.949984968 0.608074725
    1.17051721 0.952410221 0.834397018 1.46893895 0.606906414
    0.647852719 0.692515433 0.71258229 0.631193101 0.765019774
    0.881467462 1.10058045 0.879292369 1.03697085 1.39430392 1.2903235
    0.911994994 1.02011251 1.30721533 1.31395745 0.547642112 0.841711104
    1.33470976 0.59233439 1.20294118 1.01313651 0.86455673 1.43641365
    1.06022418 1.03552008 1.22155464 1.20885694 0.517358422 0.718767405
    0.789542735 0.524383128 0.712511063 0.761031926 1.25948989
    1.43509662 1.15971255 0.491630584 1.35417497 0.901359975 0.785053015
    0.760726154 0.818681896 0.588093042 1.25434828 0.833489537
    0.970912635 1.40402758 0.808019757 0.963318825 0.864949107
    0.740896225 0.601598024 1.24713695 0.978846967 0.665663838 0.747621
    1.05724108 1.04234111 0.848203599 1.03379881 1.49822533 0.997644484
    1.48116279 1.38195419 0.759255886 0.859210253 0.870286703 1.01169264
    1.3249222 1.14670742 0.888649344 0.700872779 0.899243355 1.18842506
    0.542036116 0.968764424 0.861566305 0.773684442 0.789413393
    1.26099432 1.46256304 1.23527217 0.542364001 1.03292215 1.45967281
    0.632890046 0.938867807 1.06882656 1.39936829 0.940746486
    0.531297922 1.04688883 1.04696357 1.30549324 1.12141573 1.02343297
    0.946842968 1.0654434 0.852992535 0.995349228 1.51251984 1.46623158
    0.800362587 1.28339267 0.646267891 1.09484327 1.40660012 0.613901496
    0.838365495 1.37217283 0.960810006 0.974355996 1.20320106 1.17781007
    1.42178929 1.20206618 1.19514847 0.765628457 1.04614568 1.08991814
    1.19873297 0.838001847 0.803549051 0.645039558 1.24287057 1.43475783
    0.662540913 1.3179425 1.37841547 1.31318569 1.48672616 1.03955758
    0.766935647 1.38742423 1.01633239 1.49372721 0.679221988 1.53481412
    0.655553997 0.564968526 0.572860122 1.38931525 1.22412813 1.49901283
    1.21423149 1.12447929 0.574273467 1.1589663 1.40987408 0.980118692
    1.44472277 1.4328444 1.15863347 0.779060662 0.645698965 0.915557086
    0.844769657 1.40183628 0.93374896 0.942659557 0.913061798 1.43689549
    0.79735136 0.627938271 1.20871186 0.98218751 0.980848908 0.749798417
    0.582571387 0.905408263 1.00187385 0.479918957 0.597994804
    0.674288273 1.11543238 1.31048441 0.680866361 0.510122061 1.24272156
    0.605894268 0.568625569 1.46998 0.541728377 1.45041919 0.901818871
    0.835594356 0.847984612 1.53607666 1.31401181 1.25223029 1.39984334
    1.28353465 0.568069339 0.976123631 1.46503592 0.709424138 1.27857172
    0.571236014 1.17207086 1.34859264 0.868449986 0.992232561 1.39493394
    1.50594938 0.793115318 0.980486453 0.934789181 1.48461175 1.29906094
    0.681876957 0.521262646 1.18175209 0.48606953 0.860052288 1.23920524
    0.670225859 0.470368147 0.787677586 0.477662742 1.32672846
    1.14799237 0.605371237 0.629241168 0.64658463 0.698311329 0.68498081
    1.48321176 1.54811192 0.751040041 1.28140843 0.844242513 0.705498159
    1.36849868 1.49412477 0.755882025 0.608621061 1.21763849 1.08773613
    0.837367713 1.46260262 1.22091496 1.12153161 1.21034467 0.755245924
    1.3318423 1.09568524 0.683721364 0.712687373 1.33702016 0.970505893
    1.04046094 0.798601091 1.2393254 1.04974556 0.897544324 1.46972287
    1.44105494 1.22507179 0.857355714 1.3124342 1.39042258 1.22417569
    1.19751406 0.968077719 1.43996608 1.00010478 1.20615673 1.44010508
    1.14042401 1.10892642 0.849785328 0.840990126 1.43568623 1.06522501
    0.955257058 1.4027257 1.31753838 1.29091489 0.614669502 0.650024295
    1.03870976 1.35271549 1.0276674 1.15424728 1.13216972 0.818389058
    1.31877661 0.672769308 0.774705112 1.22547507 0.58650279 0.652880251
    0.675845504 0.963402987 0.993285358 0.992355347 1.05596018
    1.46940243 0.546936452 0.634931326 1.4914602 1.05089295 1.16389346
    1.43410623 1.0497874 1.33233607 0.853608131 1.14099479 1.24248397
    0.850064218 0.902629077 1.4169147 0.56206131 1.41060305 1.464674
    0.609174728 1.40274644 0.95882225 0.733195364 0.644545913 1.10703802
    0.98857528 1.31826842 0.524772882 1.1124928 1.34115565 1.13654995
    0.498990089 0.654906392 1.04595435 0.633359551 0.930352688
    0.80176717 0.961542845 1.46074402 0.777663767 0.797343075 1.00001585
    1.00049281 1.04836178 0.683516979 1.37948728 1.27987111 1.34368265
    0.611239195 1.53256631 1.20100582 0.872689664 0.873478055
    0.924282789 0.611538053 1.56410253 1.03303611 1.26880038 1.45686162
    0.852156997 0.909311056 1.07730401 1.45497561 1.47706401 1.49399936
    0.778654039 0.868993223 0.910527408 0.794932485 1.16904008
    0.571814477 0.527263582 0.628252685 0.912963986 1.365237 0.577438295
    0.775182188 1.18306112 1.43187976 0.540829837 0.635431051 1.27086103
    1.31402433 0.990087569 1.36225772 1.05573034 0.672629237 1.19678223
    0.878781497 0.823412597 0.588061213 1.40879238 0.710169494
    1.23903811 0.590579867 1.46850634 0.672457337 0.981447279
    0.836608171 1.40903866 1.3215158 0.607052028 1.40540361 0.818447351
    0.57133317 1.36565518 0.776182771 1.26884675 1.25637102 1.36607146
    1.07565582 1.4231708 0.969728947 0.875745177 0.932121038 1.35185707
    1.05268383 0.552503288 0.832597017 0.719720364 0.498779148
    0.500119269 0.853233039 0.962107062 0.641912937 1.10406649
    0.65676254 1.37400711 1.38706255 0.701044798 1.32771349 0.915028095
    0.656872034 0.971321642 1.00300121 0.872254431 0.923227847 1.0142312
    0.927600861 0.996241689 0.649368584 0.660440981 0.979058862
    1.47334647 1.49457884 0.988545239 0.624539614 1.10054708 1.30016243
    0.828205466 0.932228744 0.658653438 1.46470737 1.24827659
    0.791893423 0.83002162 0.698951244 0.616471708 1.03880525 1.46397364
    1.28126872 0.559561074 0.940915704 0.704850912 1.36769795 1.44226813
    1.08167446 0.660006702 1.17063749 0.741760671 1.4270823 0.611863911
    0.67086941 0.669683695 0.884465754 0.948940754 0.801823795
    0.91796577 0.605901182 0.900689065 0.738202751 1.14447558 1.00269592
    1.45410669 1.53654373 0.92056191 0.8315292 1.46709609 1.46596849
    0.591459274 0.785135567 1.22847521 0.722184062 1.02483761
    0.961844265 1.1801939 1.31865835 0.636573851 1.4435848 0.567009747
    1.27950203 0.776444137 0.916838467 1.52605534 1.05929542 1.47456372
    1.39674652 0.952271819 1.38316774 1.32780004 0.694487989 1.3293041
    1.48034501 1.28995466 1.07090402 1.52932036 0.579334259 0.759900093
    1.34571183 0.99075973 0.936304748 0.835476279 1.03790164 1.14408922
    0.638862848 1.34152544 0.819937229 1.35756326 0.618426561 1.02989411
    1.29214692 0.541075647 0.579672456 0.690508842 0.92604208
    0.772517681 1.19388604 0.71498847 0.845291674 0.689987004 0.67648828
    0.586729109 1.06262171 0.808112681 1.40711176 0.947546661 1.0109359
    1.02639341 0.861929536 0.554410219 1.33196843 1.32967854 0.779738545
    0.541781843 0.499786466 1.35246086 1.00896764 1.20143652 1.2762531
    1.08325922 1.09660566 1.13039601 1.07466757 1.17182803 0.608109713
    1.32439983 1.30936599 0.605652273 1.02369761 0.939886034 1.12282407
    1.38862586 0.625612736 0.579730392 0.488532275 0.658255458
    0.483275175 0.67627424 1.05243051 0.937032819 0.72139889 1.3823235
    0.893961549 1.18415833 0.640866458 0.900645673 0.645269394
    0.988898218 1.16802478 0.527603984 1.23313749 1.11569333 1.30313194
    0.578487158 0.558858275 1.30405295 0.529205739 1.35613155 1.11116672
    1.38822818 1.38375115 0.837439299 1.10760021 1.19751525 0.835054159
    1.05668712 1.17063034 1.56112647 1.41303658 1.55377686 0.685276151
    1.34839511 1.43697345 0.905981958 1.47560012 1.3745209 0.643791676
    1.53596878 1.46558464 0.829607725 1.25436735 1.39748633 0.680460155
    0.666072607 1.44036365 1.00732958 1.40590811 0.578741729 1.41773427
    1.23985183 1.05689394 1.09454572 0.842629313 0.59966594 0.678855062
    1.13173723 0.533669531 1.1425184 0.824583113 1.20775187 0.534985185
    1.48199153 0.835808814 1.39460242 0.795408964 1.09109306 0.856602192
    1.03950787 1.49945784 0.93543911 1.35317159 1.21551883 1.02491629
    1.15726757 1.27852988 0.734127343 0.50907135 0.519735932 1.28422689
    0.60030514 0.921119511 1.25108194 0.554469109 0.943290889
    0.688352823 1.07242155 0.695178151 1.04429924 1.4405421 1.2732681
    0.567987859 0.757850409 1.37589431 0.55757761 0.501065016 1.40884817
    0.61189872 0.881975949 1.44805813 1.11530268 0.747008681 1.06559622
    1.23986506 0.650280476 0.983323514 1.39469194 0.802169442 1.040856
    1.12764204 0.439610064 0.749307573 0.712583423 1.21610689 1.30526602
    0.94928509 0.825868607 1.40747416 1.09588242 1.09735072 1.24147284
    0.962278128 1.41000938 0.822113931 0.970518708 1.12782729 1.21152985
    0.763260782 0.977159023 0.744467735 1.23015893 1.27677989 1.26239026
    0.72632581 0.594156802 0.69379729 0.718825936 1.31828082 1.23550475
    0.974900782 0.564192593 0.796987176 1.40407348 1.18133068 0.6027686
    1.37114358 1.13074255 0.65916121 1.05426073 0.798484564 0.758179486
    1.04331017 0.715377867 0.796026707 1.38156211 0.586000383
    0.525409698 0.980414033 0.804162741 1.27360487 1.4803164 1.49980962
    1.31811857 1.22249174 1.11665475 0.691431463 1.42681456 1.22278535
    1.42756546 0.787677348 1.1819458 0.848742127 0.661857128 0.709501088
    0.601392031 0.87429595 0.766156197 1.46447706 1.2974546 1.28189397
    1.15313268 1.4161731 1.27295601 1.31159019 0.889005065 1.26532853
    0.793934882 0.55791533 0.620613456 0.891300917 0.835565627
    1.44110692 1.04352474 1.19591093 1.01976693 0.58289957 1.41742778
    0.9414832 1.22637188 1.20307159 0.56804496 0.970427692 1.29696298
    0.99339211 1.50598848 0.782548845 0.767229617 1.16172349 0.881642997
    0.494884253 1.20394015 0.713758886 0.908684313 0.680448234
    0.649636745 0.931448936 0.845205724 0.638811409 1.31158173
    0.591739774 0.71626842 1.41352367 1.08706272 0.582287431 0.602757812
    1.49728835 0.984895289 1.25854611 1.05241287 0.718370914 0.769333422
    1.26470721 1.2818222 0.950681508 1.45462823 1.26977372 1.28344131
    1.1177541 1.19704604 1.28644371 1.05122483 1.01189411 1.44596469
    1.18890429 0.949252963 1.05704141 1.43576849 0.654250324 1.36408806
    1.3876195 0.962859035 0.891057193 0.661856472 0.960884869
    0.497581065 1.14864314 0.943459153 0.880234659 1.33826542
    0.672114551 1.36069477 0.685549796 1.39209759 0.702642977 1.3605094
    0.560340405 0.520003915 1.21042526 0.6672346 0.522433162 1.15944016
    0.623879969 0.673923016 1.15041041 0.651910007 1.17089641 1.52097356
    0.571538925 1.18266773 0.684536159 0.608575523 0.823320568
    0.841347396 1.06387353 1.02736974 1.13149464 1.29560924 1.02219188
    1.36552715 1.55573773 1.40022898 1.2998426 1.32907951 1.3981055
    1.07197404 0.82354188 1.22223091 0.670577705 1.22637486 1.23955464
    1.24443042 1.06165016 1.17261386 1.39016235 0.651158631 1.01866519
    0.726896763 1.40582967 0.60382098 0.508391261 0.629340112
    0.792973518 1.37291884 0.816304803 1.19839597 0.556482375 1.22848654
    0.927702844 1.18645453 0.885956824 1.37161684 0.821402252 1.10125804
    1.04878795 0.666511178 0.835517228 0.996569455 1.14045405
    0.689021826 1.12852812 1.05327046 1.13240194 1.51664078 1.48604786
    0.887034476 0.657830417 0.893594086 1.41054726 1.42885375 1.13316882
    1.19916737 1.48021221 1.26896548 1.16120219 1.15910387 1.2379179
    1.24854362 0.905443847 1.24115407 0.48563689 1.15569365 1.07529342
    0.97705394 0.46647507 0.886756003 0.701759756 0.725110233
    0.932496607 0.943276525 0.884640694 0.954887688 0.61410296
    0.511475146 0.474320143 0.898745477 0.704428732 1.26812303
    0.51598078 0.538349211 0.591464341 1.22970676 1.10703743 0.946005106
    0.998816788 1.53195453 0.539300323 1.49554276 0.933769345
    0.665766597 1.45509958 0.724152207 0.532248974 0.95218426 1.08562934
    1.07759428 0.869678617 1.25723159 1.24803495 1.29485738 0.565397084
    0.724172711 1.07248962 1.1298703 1.29843342 1.07033408 1.02109849
    1.01739728 1.29141748 0.686993837 0.596707106 0.659101069 1.03410172
    1.07120943 1.1798476 1.32706606 1.47340608 1.05137372 0.71812439
    1.05313241 0.996006787 0.673541248 0.626250505 1.00776803 1.08063471
    1.14536774 0.944182813 0.953397334 1.39654052 0.877708793
    0.911792994 1.35088313 1.31647944 0.844886482 1.04242158 1.3986392
    0.659490108 1.3188417 0.796058059 1.31213939 0.947734535 1.39321077
    0.57039088 1.0913924 1.474756 0.674591064 1.17922199 1.17183316
    1.16108477 1.27047718 0.729368329 1.3216176 0.558163464 1.29734242
    1.2199775 0.811189651 1.36345243 1.34562027 1.16344035 1.22551692
    0.873976886 0.541910052 0.95255363 0.905109584 0.62012285
    0.590652764 1.46982026 1.31153858 0.979163349 1.16254807 1.01267529
    0.746905744 1.18947423 0.705019057 0.806348205 0.773502409
    1.41461384 0.738068521 1.1052357 0.555306971 1.07543409 0.596821129
    1.54336703 1.41969538 1.26264584 1.19227684 1.44770002 1.31184077
    1.1451335 0.653076828 0.567351997 1.1457231 1.34594464 0.967103362
    1.45820665 0.952792406 0.87003243 0.813389063 1.22883582 0.620359004
    0.870212078 0.862454772 1.04888082 1.44162512 0.889178157
    0.839492261 1.23932409 0.729587555 0.588667095 1.007918 0.720974028
    0.564563096 0.608123004 1.30951619 1.25332737 1.37295997 1.43046379
    1.10865927 1.19786537 0.657159686 0.589638054 1.34251344 0.791059017
    1.28404522 0.948213518 0.522039294 1.01564622 0.757938087 1.35119796
    0.812279046 1.35021675 1.40685213 1.06969821 1.30379105 0.657947898
    0.879163563 1.21718478 0.813902736 0.807291806 1.00584519
    0.663874626 1.50325274 0.586391509 1.39522862 1.12348437 1.05259883
    0.932147563 1.1576221 0.945824683 1.508376 1.5020473 1.55285811
    1.02695322 1.34549499 1.43303704 0.701980293 0.905251622 1.48872387
    1.03433645 1.5253495 0.882346928 0.576576948 1.38216341 1.41747594
    0.708502054 0.65242672 1.55038476 0.895318568 1.25261045 1.33391297
    1.11764216 1.54214525 1.02138805 1.25697732 1.31979847 1.47107506
    1.46482146 1.4555608 1.11849248 0.587996304 0.954340637 1.18761134
    1.10846496 0.633705318 1.41808069 1.22273946 1.33612895 1.08720851
    1.03251231 1.52806425 0.860597253 1.3553201 0.892748237 0.899596989
    1.03306246 0.856405139 1.38731539 0.760831296 1.29707563 0.865395963
    1.39379525 1.28663874 1.36935043 1.21875095 0.754359782 0.985113263
    1.18969762 0.846339226 1.01716316 1.04659545 0.876559556 0.658075631
    1.07940805 1.37609649 0.939801097 1.26274753 0.933068693 0.756241918
    0.481438994 0.638657749 1.23812735 0.795482039 1.32915533 1.2524296
    1.48421168 0.799181163 1.32354152 1.1948092 0.729803681 0.490743697
    0.672569454 0.577772677 0.811068237 0.924732983 0.94309926
    0.718281388 0.779773831 1.44801891 1.11548269 0.775100648
    0.830449283 1.46036482 1.51216853 1.51484144 1.42819369 1.5131216
    1.53704333 1.33475041 0.616667569 1.50542998 1.41161859 0.902902424
    1.44413316 1.21219885 0.978356898 1.03291166 0.85977304 0.598964393
    0.779618919 1.36281097 1.42156839 0.591715634 1.16214609 1.32317889
    0.831243038 0.693733692 0.630611241 0.538223207 0.649842978
    0.589124918 0.905708373 0.945474803 1.1241498 0.539251566
    0.944150805 1.15821111 0.922287285 1.18132746 0.935239911 1.36161554
    0.957388639 0.780017138 0.770719469 0.712626934 0.618287623
    0.834471703 0.784995258 0.624780297 0.779528022 0.91617924
    1.01556063 1.04180968 1.27068388 0.913850665 0.799681008 1.1583364
    0.590343416 0.92896837 1.35963142 1.52104306 0.997775555 0.994030237
    0.934508383 0.944595933 1.48250639 1.50482571 1.55553341 0.976729393
    1.25597274 0.899311364 0.977145851 1.02276278 0.910281658
    0.620752394 1.0377022 1.16927695 1.0663476 1.27796042 1.47554886
    1.1120255 0.606148064 1.02289343 1.1652689 1.40115595 1.38166797
    1.03560877 1.14160597 1.03370678 0.847144604 1.31918609 1.42408061
    0.682698071 0.770432055 0.663837194 1.29326701 1.4089278 1.4592303
    1.10662866 1.15888774 1.35455084 0.582937539 1.4593091 0.973029375
    1.27409911 0.932052433 0.882166862 0.671333909 1.3051393 1.15748072
    1.15730429 0.628063679 1.14909005 1.18664479 1.26200807 1.2287991
    0.598612547 0.574849486 1.38000655 0.656004727 1.2187314 0.763271034
    1.49656236 0.8091923 1.00206792 1.39929688 0.792722166 0.562548816
    0.712705433 1.19936955 0.75411433 0.601871192 1.2572608 0.868549407
    1.25884771 0.905655384 0.817797184 1.43625069 0.929235518
    0.513852119 0.93631357 0.945740521 0.821850479 0.794485867
    0.671328843 0.562342584 0.518884957 1.11454642 0.543513596
    0.563560903 0.661167324 0.722933948 0.87508297 0.65705508
    0.508995831 1.15641129 1.41490376 0.79197371 1.01313674 1.21623254
    0.612145841 1.43148971 1.08792222 0.84241432 1.18660367 1.3794018
    1.4967351 1.03657401 1.50223196 1.46910083 0.960428655 1.45763886
    1.15990818 0.601583302 1.47315121 0.621341944 1.27547669 1.2675066
    1.41198289 0.600291073 0.980727553 1.41514575 0.703587949
    0.895312965 1.04541469 0.810616314 1.26242232 1.25631666 1.27245677
    0.698001444 1.10232711 1.14652288 1.06007338 0.979847312 0.725505471
    0.520451009 1.23589051 1.40863585 0.615571558 0.601380825 1.356884
    0.646379232 1.45263326 0.586722612 1.51433861 1.35842395 1.52465785
    0.73909688 1.05309463 0.630222559 0.664938629 0.784740329 1.38856936
    1.35704827 0.580955684 1.17812383 1.48893142 0.903883398 0.608343899
    1.34898138 1.06469512 0.569853544 1.49189317 0.818660796 0.832882345
    1.05160248 0.788184226 1.0060221 1.38216043 1.10834515 1.03926945
    1.30572391 1.225389 1.12204599 0.685771823 1.03303933 0.862999976
    1.27908015 0.805163383 1.3164916 1.39165902 0.514989257 1.21574652
    1.27547622 1.21253932 0.995491505 1.07203531 0.545860589 0.582090735
    0.544737279 1.02936029 0.778902888 1.33551919 0.683792353
    0.991989851 1.34643257 1.00985312 0.973348677 0.82655561 1.04582
    0.97822082 1.00172126 0.679575145 0.778734207 1.08157909 0.709527254
    1.46703196 0.542469978 0.761558712 1.29141951 1.04423785 0.57741946
    0.944802642 0.873506308 0.673963904 1.46465731 0.858836472
    1.31339121 0.66180402 1.05824673 1.52099752 1.39985228 1.40051651
    0.804515421 1.46558261 1.19336534 0.94759208 1.15499055 1.06388342
    1.50040197 0.534774899 1.20591009 1.12951136 0.744639516 1.07378066
    1.35947013 1.49983621 0.947306514 1.12927186 1.27702081 1.00510705
    0.889085293 1.42608833 0.540189445 1.48924506 1.22340906 0.73886162
    1.13071132 1.41499257 0.947053373 0.646984994 0.954375267 1.00568306
    1.1536845 0.59550035 1.14759159 0.930539727 0.626940668 0.889715314
    1.50511551 1.20698106 1.18743372 1.4917767 1.3254745 1.30899978
    1.14801431 0.938928485 1.46108031 1.35987532 0.985727191 1.09626508
    0.70503974 1.21389139 0.737325549 1.15892661 1.42319608 1.32903397
    0.826729536 0.557770729 0.815483153 0.610103011 0.873507917
    1.18952703 1.36007082 0.806068122 1.33659804 1.09611285 0.768586516
    1.08275318 1.18414521 0.640166283 0.811581612 1.45077276 1.06229889
    1.48910797 1.15320158 1.11147726 1.00587428 0.935156941 1.42145264
    0.512886345 0.849755585 1.11967599 1.33354867 0.93948406 1.38245261
    1.0098356 1.06190538 1.37828732 0.896778584 0.939994156 1.39117289
    0.577792585 0.696630716 1.04824662 1.42419088 1.47276664 0.787033677
    1.41634941 0.81847918 0.963421941 0.521575332 0.767996907 1.21948779
    1.36152244 1.20213258 0.544717073 0.595021963 0.607394338
    0.523687541 0.568860114 0.843524516 0.499617696 0.93709141
    0.545985639 1.09611261 1.30695796 1.13702846 1.1235677 0.927136302
    1.34892869 1.4621824 1.2768929 0.530175269 0.786663949 0.701577723
    0.865656018 0.581994057 0.591647327 1.14904392 1.10070074 1.26078618
    1.22987843 1.30747795 0.63500154 1.16735673 1.31753659 1.27387714
    0.710580289 1.31754768 0.794805348 0.829323113 1.23661494 1.30029511
    1.02028334 0.621588528 1.37883949 0.998878062 0.592683554
    0.814184487 1.12094176 1.04053879 0.815646112 0.945316434 1.1991719
    0.682281554 1.20785999 1.07081151 1.39934611 0.666131556 1.00790381
    1.04523909 1.4899292 1.29975367 0.949203074 1.52902591 0.822807372
    1.52185512 0.682176769 1.47494817 1.37612247 0.586237431 0.68376559
    1.21864402 0.755599141 1.2490294 1.01820076 0.637541175 1.47518075
    1.43910909 0.603849649 0.839536846 1.03178251 1.00977957 0.75983578
    1.40020227 1.41467071 0.626236618 1.41831326 1.42084849 0.793689132
    1.2412467 1.4960866 0.562660158 0.623524129 1.25700772 1.20106816
    0.640311837 0.937932193 1.01692402 0.648402631 0.705313683
    0.905232966 1.23466325 0.484831244 0.92510277 0.897326231 1.24339354
    1.11041486 0.72217983 0.854857028 1.02837205 0.714053214 0.475988954
    0.885559261 1.22880399 0.796385109 1.12439525 0.583737612
    0.608641326 0.918833792 0.752835989 0.896964014 1.37889302
    0.743083477 0.549162269 1.26159871 1.01974845 0.730783284
    0.856023431 0.570362449 0.81834203 0.993669331 0.802723527
    1.11893713 0.908140361 1.1322099 1.28665137 0.608546615 1.04825628
    1.15496647 1.42880225 0.563752413 1.49262917 0.630797863 1.36861563
    1.43049681 0.996210098 0.844117522 0.784441054 1.15758097
    0.840892851 0.671636164 0.904590845 1.45294213 0.733034015
    0.627437353 0.754618466 0.782924831 1.30358124 1.36977458 0.90380007
    0.908694625 1.36304808 0.750002086 0.913160682 1.29748106 1.20787346
    0.751282036 1.14225531 1.2769897 0.927826285 1.13102961 0.989592791
    1.5082804 1.0216192 0.826518238 0.934435725 1.02829409 0.909576952
    0.543032765 1.16171336 0.671107829 0.770158231 1.02475011 1.13933015
    0.864469588 0.804188132 1.26445019 1.31510842 1.42018044 1.47824287
    0.637857676 0.8677876 1.45054054 0.924432695 1.19387031 1.54163098
    0.593887389 1.3815105 1.34221363 0.895976365 0.883350611 1.23904026
    1.4619813 0.634761333 0.878534377 0.721763313 0.6962201 1.21088183
    1.10445642 1.26141798 1.29289722 1.30815971 1.48926854 1.45867705
    1.43391144 1.50983679 1.10114729 1.30618739 0.742348433 0.777300358
    1.06371021 0.726375878 1.33175647 0.979153574 1.01423717 1.03066063
    0.944444239 0.909630895 1.53540146 1.31463206 0.763795078 1.27030909
    1.44219983 1.42158115 1.18134201 1.36506963 1.33159733 0.603817284
    1.25669217 1.42899716 0.537670612 0.520163238 1.2886796 1.37419379
    0.877459764 1.28255677 0.554028332 1.49476016 0.802376449 1.44199419
    1.27390552 1.39678454 1.52266419 1.44596112 1.21850872 0.609603882
    0.977589428 0.646222353 1.04872715 0.961369097 1.40102398 1.48448586
    0.756811738 1.25339258 0.776042521 0.57894671 1.18679285 0.942187488
    1.31462431 1.15933156 1.25275326 1.00857198 1.07113838 1.0763377
    0.995490849 1.13602614 1.52029896 1.30085433 1.03010345 1.19562209
    0.521557212 1.49403751 1.37840796 0.61879003 0.56095612 0.809672654
    0.728341639 0.61333698 1.43607986 1.46110892 1.38246047 1.29995167
    0.653696239 1.51758647 1.54055333 0.619558632 1.20933402 0.977680743
    0.709890664 0.813789248 1.07717657 1.47483706 1.41938651 0.533876777
    0.979447603 1.34891617 0.570524991 1.41951823 1.45362687 1.30156088
    1.37314284 0.99338764 0.534896195 0.872610986 0.911396801 1.48790956
    0.690170765 1.55278277 0.874615729 0.6091066 0.968031645 1.08708298
    0.872676253 1.20713115 0.50066936 1.32553244 0.74535954 1.05899251
    1.40292442 0.955831587 0.509942353 0.532801211 0.565339625
    0.677581489 0.557555318 0.631455064 0.84406203 1.46796203
    0.851938725 1.0786413 0.558446288 0.552830875 1.16986918 1.1959157
    1.23965919 1.24637163 0.617655337 1.12759125 0.57286489 1.30320811
    0.508172512 1.33697224 0.61184907 0.947357953 0.611926615 0.85027957
    1.00918102 0.89758271 0.811617851 1.16789889 1.20383275 0.905095577
    1.03591108 1.39908648 0.831630468 1.3396014 0.536389709 0.763268828
    1.20788777 0.867244065 1.25271356 0.646337748 1.52886379 1.2537998
    1.24246085 1.32700908 1.1270138 0.88560766 1.10695422 0.516337812
    1.29349136 1.00258207 0.572277009 0.831677377 0.951619804 1.12482607
    1.47024214 1.34105659 0.569938242 1.43524766 1.25980639 0.925420702
    1.18754065 1.27742994 0.93868494 0.646853328 1.15086174 1.16843331
    0.812787771 0.567294061 0.916865945 0.615996361 1.02269709
    0.966956735 0.613640308 1.33398461 0.953256786 0.601238132 1.4370842
    0.950230777 1.15880108 1.33641827 1.02836466 1.05974364 0.864809275
    1.50207758 0.570875168 1.28640437 0.981328547 1.19141579 1.29389834
    1.24875784 0.6566993 1.27101767 1.52112544 1.06149399 0.808303297
    1.29802918 1.25970924 1.33643353 0.984485328 0.704471469 0.741128802
    1.04413271 0.587410271 1.00199234 0.605506659 0.578065753
    0.862112999 0.789744437 0.662983358 1.21789968 0.981014431
    0.737390459 0.65453583 0.772234142 1.37108207 1.52061248 1.31951022
    0.759216845 0.897166431 0.673766792 1.10406208 1.34225523 1.40585899
    0.704844117 0.88896668 1.19369555 1.32323778 0.614213824 1.38380337
    1.50213051 1.30084538 1.15687203 0.884803891 1.18918824 1.39434254
    1.14174008 0.748018444 0.646298766 0.839389026 1.44806981
    0.950315893 1.44201422 0.533313155 0.851966977 0.649429142
    1.24903107 1.12655222 1.36840129 1.51478076 1.52896202 0.819294035
    1.25314569 1.24311292 1.1784811 0.763470948 0.76353085 1.13369274
    1.20058751 1.02163506 0.915914953 1.36778355 0.633740664 1.46126628
    1.3310771 1.32180798 0.698156238 0.893196106 1.22052717 0.549221754
    1.28327847 1.31918395 1.11569941 0.793955624 1.01001692 1.15651619
    1.07449973 1.13971293 1.47832489 0.504756987 1.35491359 1.0206461
    1.0063076 0.744073272 0.756300151 0.874343634 0.918754458 0.91924578
    0.644385397 1.0238905 1.50032854 1.18825531 1.04897392 0.775249958
    1.41190219 1.16356719 1.16147041 1.48257601 0.645078421 1.55206335
    1.36100554 0.750988007 1.28614426 0.901113331 1.16910923 0.552425623
    1.15916324 0.678684294 1.40313029 1.41542482 1.11580753 0.741283834
    0.897981346 0.778503597 0.666239023 1.23887134 1.23264563
    0.679310739 0.906176805 1.18192506 0.915198684 0.77192241
    0.876972556 0.741769433 1.29117215 0.741512418 0.621720016
    1.29147899 0.82160759 0.659493625 1.17014956 1.29634798 0.936800301
    0.696796119 1.03273439 0.81701529 1.26211035 0.718164802 1.07544196
    0.857420087 1.08607042 1.12106478 1.12428272 1.46813905 0.967207193
    1.53555954 0.76064992 1.37947965 1.3628844 1.24980628 0.812436223
    1.20247591 0.539566219 0.54287672 0.930683672 0.84412235 0.997691393
    1.39218187 1.00611424 0.836124122 1.45501173 1.26570046 1.36635983
    1.29833055 1.0040915 1.24018204 0.743610144 0.680308342 1.08987463
    1.0206027 0.58357358 0.534620941 0.91915518 0.927765608 1.19117951
    1.38792455 0.734610796 1.26764584 1.42179561 1.06115758 1.24869823
    1.2170341 0.759139836 1.2463944 0.686773598 1.08009255 0.705476463
    1.0764699 1.01567078 1.34008515 1.07311547 1.39386356 1.38500774
    0.892054677 0.807645738 0.670473337 0.872991264 1.15630591
    1.19208419 1.5124501 1.09840441 1.32560062 1.06553495 0.576477647
    0.946065545 0.528100789 0.607271314 1.4381249 0.720915675 1.17217422
    0.964390874 0.624413013 1.28271985 1.4855659 0.86650449 1.38336098
    0.6798473 1.08768523 1.29423845 0.860607862 0.892353237 1.14536774
    0.861619115 1.01860082 1.40288699 0.518610299 0.861319661 1.17855787
    1.21111906 0.656830251 1.26078951 1.45276546 1.41258693 1.08022535
    0.869183123 1.46800029 1.18741918 1.32954991 1.17431056 1.43162465
    0.882849514 1.26369059 0.996827781 0.912932038 1.14315236 1.03481662
    1.53459477 1.07517695 1.54184675 0.745431244 1.04093635 1.27337921
    0.518189609 0.871527731 0.980159402 0.474610567 0.995007336
    0.780215025 0.982613564 0.767997682 1.28229833 1.17693961
    0.880118132 0.782549202 0.52381736 0.635549426 1.18591392 1.06465924
    0.5865466 0.980769038 1.33233726 0.783455729 1.32506561 0.942823052
    0.811767638 1.46048462 0.915855885 1.4240613 0.92473501 1.31698465
    0.953898489 1.20275593 1.31432176 1.38608563 0.671846926 1.28791177
    0.605123639 0.6264323 1.20977366 0.614283621 1.25289047 0.751173198
    1.38143492 1.26967251 1.26650214 1.02285945 0.712921739 1.08791053
    1.39904797 0.990685761 0.793162525 1.00952232 0.931157291
    0.951524317 1.33190584 0.639006197 1.27097595 1.17408717 1.16740882
    1.13438201 1.487306 1.356408 1.16663241 1.3991071 1.02634478
    0.968469739 0.553996682 0.692870855 1.00281155 0.808591068 1.1236304
    0.877227008 1.24941027 1.15177619 1.21857452 1.12662375 1.1627878
    1.14399791 1.2066853 0.590911925 1.09190547 1.11138093 0.63993299
    0.700814426 1.12011504 1.49045825 1.47281957 1.45720434 1.26779425
    1.40467882 1.44357705 0.485311568 0.976594508 0.991748989 1.45954812
    0.54659003 0.630953968 1.41435778 1.26475728 0.92713654 1.18963659
    0.876414299 1.39552295 1.05643666 1.25092757 1.39803338 0.917778611
    1.47228765 1.30646467 1.17514122 1.20545781 0.862659752 1.41926515
    0.47954154 1.08045661 1.37879241 0.511204183 1.36415684 1.36297703
    1.25414622 1.09125888 1.24804294 1.37951458 0.804160237 0.71198678
    1.40389621 0.575312614 1.4855206 0.78354913 1.47463512 0.843163729
    0.603905559 0.57577759 0.903219581 1.27863014 1.44511163 1.01750398
    0.76380372 0.857031345 0.896464825 0.985933483 0.642437696
    0.522292137 0.906920135 0.551519811 0.822637379 0.730673611
    1.26543653 1.49334359 0.939586639 0.770303905 0.899291456
    0.556329966 0.667127788 1.09872115 0.674292922 0.714392602
    1.30420828 0.596641958 0.531669021 0.585692048 1.15731966 0.73857528
    1.29853964 1.05985773 0.518563449 1.28175879 0.784369349 1.43825603
    1.24598837 0.779229343 1.13312685 0.507004738 0.995446861
    0.961377621 1.33834505 0.957250297 0.509710729 0.541804671
    1.28454518 0.973400712 1.30913293 1.15737343 0.958166659 0.972137392
    0.661355793 1.17608643 1.27108824 0.706640959 0.821926832
    0.820239007 0.621710062 1.47205794 0.576931357 0.496969044
    0.51060456 1.35294175 1.46946681 0.703840911 1.31473887 0.823010504
    1.35118341 0.785118282 1.44155777 0.634380221 1.22046733 1.3702774
    0.972988188 1.0010314 1.19926286 0.931156218 0.738272786 1.23978162
    1.09601951 1.17308581 1.30726206 0.635793328 0.64714855 1.49402916
    1.37238824 1.46869361 1.34693718 0.782657743 1.05741131 1.39123046
    1.26023996 1.2170974 0.919381201 1.34364331 0.780186176 1.39672136
    0.993657112 1.19249403 0.583166063 1.11218321 0.552974105
    0.921941221 0.825084507 0.823250651 1.37072861 1.33572233 1.41576016
    0.961910486 0.970706403 0.865941942 1.08892953 0.652465463
    0.55146271 1.51719069 1.52794564 1.34480822 0.669349968 0.989763677
    1.26826847 0.759916723 0.859784067 1.55971062 0.745485127 1.2582159
    1.04498935 1.14774704 0.904686928 0.63421315 1.30563712 1.29615283
    1.45158708 1.08756602 0.509282827 0.574123859 1.37498188 1.34716702
    0.991830707 1.03562462 1.38123727 1.15563953 0.874597371 1.03591502
    1.48737621 0.98885566 0.676998913 1.53300035 1.40422285 1.076491
    1.11960363 0.82498467 1.22495735 0.75616771 1.09049797 0.916161656
    1.03546023 0.591193855 0.983020306 0.678986728 1.22182572
    0.605781615 1.19302678 1.09628463 1.48354554 0.779386282 1.38312674
    1.2123313 0.929606855 0.676747739 1.3163749 1.06347036 1.31255376
    0.665615916 0.694660842 0.78918004 1.13230062 0.91351819 1.3780688
    1.38128591 1.43411696 1.02853549 0.599347949 1.50866067 0.771853924
    0.645480514 1.24704874 0.93851316 1.19043434 1.46546113 0.628309846
    1.0636642 0.740411997 0.728536844 0.535997927 1.13257277 0.661396861
    0.963035822 1.25961065 0.738900065 0.926496863 1.36816072
    0.671786726 1.42967975 0.886222839 1.19526231 1.09123945 0.676752269
    1.05234754 1.20896173 0.618296027 1.3187964 0.494481862 0.713665128
    0.500116885 1.4604404 0.663019001 1.31773329 1.06424725 0.946605802
    1.24190998 1.12961733 0.936389923 0.673285604 1.22825587 0.642675042
    1.28885627 1.57967794 1.14810359 1.16716635 1.45011747 0.754937768
    1.15292275 0.985277772 1.51403785 0.82639116 0.529484451 1.08292711
    0.97151643 1.47488296 0.976437032 0.972328603 0.893766046
    0.818865538 0.864968359 1.36277831 1.00671756 0.56586808 1.30660188
    0.956237316 0.913367748 1.11505854 0.679516137 0.975952506
    1.01161492 0.655954242 1.0430367 0.840519726 0.569328904 0.746331632
    1.02457547 1.34792697 0.557765841 0.73913759 1.24497545 1.03959155
    0.549662471 1.49289298 1.21202672 1.41102624 1.30473471 0.65661025
    1.5119549 1.55274916 0.682474017 1.10748506 1.39222503 1.11036777
    1.10014439 0.856878877 1.1849606 0.77176708 1.05994987 0.931813776
    0.783924997 0.707324624 1.04702103 1.3151195 1.09034717 0.875869393
    0.778826773 0.701500893 0.628103733 1.15304756 1.38682747 1.45198405
    0.589017868 0.693204045 1.14759505 0.611625373 0.517139375
    0.58272028 0.550638676 1.2750479 1.34340072 1.00475717 0.589146733
    1.06695473 0.761050045 1.4775728 0.511094868 0.587534249 0.776756942
    0.747963369 0.593188107 0.56590575 1.19941854 0.532324076
    0.836127222 0.510578394 0.9969064 0.674458981 0.907693028 1.22287846
    1.2406131 1.30056989 0.837050021 1.44003403 1.44389105 0.833773077
    1.30964065 0.652610421 1.1461817 1.37368095 0.684373021 0.619398892
    0.865775764 1.26253498 0.732852697 1.07425547 0.807468414 1.04112995
    0.910815299 0.874050796 0.727666259 0.751089752 1.13419592
    1.44360816 0.785418689 0.999022126 1.05541694 0.564706743
    0.813693821 1.40384007 1.44317019 0.837573707 1.25012994 0.612270713
    0.659757972 0.745907962 1.4898603 1.10290742 1.19676542 0.84497726
    1.07616007 1.49221921 0.62485522 1.36257792 1.37514508 0.847935021
    1.21389735 1.41900301 1.27589071 1.34445441 1.37977862 0.678507507
    0.873519123 1.25620306 1.41686535 1.05795848 1.21725309 0.675788879
    0.552445054 1.33596158 0.556075692 0.835841835 1.06717408 1.4183104
    0.767383218 1.13012409 0.702730358 0.584430814 1.45580113
    0.945139706 1.11232257 1.1237359 1.40238893 0.927653849 1.26053298
    0.922296643 0.970439553 1.40335464 1.4349196 0.833748698 1.57203805
    1.53713584 1.47196472 1.05297637 0.746007323 0.575307667 1.24401939
    1.01957548 0.619223297 1.30978847 1.17470193 1.24524975 0.627233803
    1.34017956 1.29242504 0.783651888 1.07893515 0.77279675 0.715462387
    1.03477538 0.986077547 0.781348228 0.655619264 0.692159355 1.0628469
    1.00625849 0.869512975 1.08350968 0.723475575 0.75962764 0.609394193
    0.555789351 1.15378749 1.42733276 0.642980635 0.658637166 1.00260329
    0.945209026 1.47372305 0.835792005 0.826409042 0.651220679
    1.15351629 0.579885066 1.23609185 0.624161303 0.730401456 0.63276881
    0.778032899 1.32021308 0.887095928 1.41167486 1.47779453 0.841037035
    0.972005904 1.50284374 0.620255709 0.643535972 1.44160831
    0.948750436 1.09778881 0.898486137 0.870632231 1.36459017
    0.621723831 1.12145936 0.800452471 1.24135137 0.871767879
    0.883882463 1.4627521 0.572819233 0.703684568 1.35618353 0.744939148
    1.16400635 1.18227792 1.54233146 1.26621079 1.33628547 1.36801481
    1.35605526 1.36197436 1.45734084 1.01445651 0.90747714 1.06960189
    0.882168949 1.33210969 1.38413632 1.03877819 1.14048648 0.871588111
    0.957717597 1.12521636 0.83993715 1.41406274 1.46290743 1.24923563
    1.18187535 0.82464689 0.856633008 1.47094679 1.22784317 1.40629792
    0.885094047 0.981475532 1.03312171 0.720013618 0.966981828
    0.845169783 1.24803972 0.815623701 0.625370502 1.39168334 1.46389043
    0.642337978 0.639449358 1.18248916 0.979491949 1.33124495
    0.551888943 0.608313322 0.952920496 0.741519749 1.31943524
    1.11224926 0.849825621 0.880300999 1.35616994 0.52753365 0.519048274
    0.762885094 1.43206799 1.12130976 1.18664372 1.42004752 0.818990052
    0.740453959 0.967708409 0.991454899 1.39287484 1.07150412
    0.901587367 0.486848027 0.555067837 0.991014063 0.775190771
    0.609035671 1.2239759 0.622238159 1.04615366 0.838362575 1.33328414
    1.17904758 0.611737847 1.05026329 0.74429673 1.33782065 1.26919901
    1.40715635 1.50430107 1.20282221 1.44794273 0.928544164 1.11353898
    0.779398799 1.10080171 1.32197571 0.922918737 1.0816592 0.593523741
    1.2500025 0.766694546 0.912890375 1.30819559 0.616399705 0.676515102
    1.51387882 0.706799924 0.907992303 1.34845889 1.09624505 0.767484188
    1.1064465 1.20560229 1.26640964 0.534892201 0.546797097 1.39461017
    1.31585205 1.37348306 1.01347661 0.553666234 1.0735625 1.38317156
    0.634030104 1.42121875 1.45400274 1.20694971 0.683263004 0.57764107
    1.05546463 0.987675071 1.0521059 1.19507658 0.61788249 0.765222847
    1.40765297 0.728476822 0.850195467 1.21768665 0.797284186 1.20015228
    0.930479646 1.19969165 1.47803736 0.61537832 0.668131053 1.31968629
    1.07111716 0.943696022 1.44556165 1.45978487 1.14768374 1.02421582
    0.585484266 0.637184143 0.647611558 0.696271241 1.34279704
    1.44366086 1.17486262 0.64441669 1.45230126 0.851394773 0.735940099
    0.594736755 1.31291139 0.988014221 0.971206009 0.915925562
    1.19217014 0.71829772 0.948419273 0.848730922 1.24763405 0.621894538
    0.641788542 1.2333951 0.591490328 0.846013248 1.40682042 1.06323183
    0.947314084 0.815518618 1.50174892 1.25370347 1.38271034 0.876065612
    1.3723985 0.777214587 0.711280167 1.3227005 0.786516905 1.36223161
    1.46809876 0.737013876 1.50096023 0.706623554 1.47688043 1.23670077
    1.2380116 0.881069183 0.555576324 0.540256321 0.581237614
    0.811693013 0.754412234 0.622640848 1.12045467 1.21835554 1.06820846
    0.809726238 0.560431421 1.06145263 0.940223992 1.29835951 1.41286266
    1.37358975 1.21263289 0.94713819 0.843273342 0.988328159 1.33831251
    1.22602057 1.13675678 0.552950382 0.990496039 1.19798529 1.04107738
    0.997294068 1.38074577 1.29634452 1.31706846 0.563251615 1.21335757
    1.23705399 1.04252946 1.09828794 0.633748174 0.687788904 0.761799216
    0.842423201 1.41668284 1.07021081 0.95085144 0.885378301 0.67355293
    1.13068116 0.6558038 1.11234748 0.972658813 1.33513701 0.799333692
    0.774260342 1.25899994 1.55361938 0.825607657 1.43704617 0.799815595
    1.25370038 1.3587482 1.5767498 1.25550938 1.4758271 1.3998661
    1.15516865 1.04568481 1.09829354 0.767146885 1.08329606 0.973988712
    0.512350023 0.614926338 0.652047217 1.12971938 1.08398044 1.15642416
    0.929725945 0.693976879 1.28159797 0.85787636 0.788430214 1.50306439
    0.667098045 0.559846878 0.846477568 0.749547005 0.631653786
    0.925830007 0.759943545 1.50366867 1.38761425 1.45571697 1.36949611
    1.45914602 0.794249952 1.10264802 0.955777943 0.860821962 1.41263652
    1.35742176 0.900137186 0.518236816 0.805182636 1.39264584 1.16100085
    0.92701751 1.50698757 1.05914509 1.00906646 0.599354148 0.864297509
    1.18229842 0.693925023 0.720950842 1.30185401 0.64681673 1.30141187
    1.2330631 1.03189051 0.793513119 1.1011188 0.822899759 0.607119799
    1.28297222 0.654027343 1.3993355 1.32868075 0.732078433 1.09555995
    1.31027091 0.716509163 0.701961219 0.980769098 0.537518561
    0.837937891 1.27228689 0.524298608 0.886818647 0.602615297
    0.555956364 0.690781772 1.42246306 0.577004433 1.41103446 1.47067392
    0.547000229 0.916119576 1.28530002 0.915400863 1.12746239 0.52518791
    0.949858546 0.997883618 0.791441441 1.22865009 0.711706877
    0.653787494 0.618077278 1.49614978 1.15552938 1.37355947 1.4196192
    1.42847025 1.20466518 0.81487304 0.861808598 0.863754272 1.37146699
    0.581341207 1.44822204 0.947842777 0.839267254 0.826941371
    0.710856557 1.20329714 0.78583318 0.542204261 1.4257797 1.435076
    1.07570004 0.710435987 1.02069926 1.30738628 1.25000072 1.00414217
    0.796783149 1.2278856 1.48720729 1.00798631 0.812053621 0.727845013
    1.24688745 1.14781141 0.991072297 1.07835519 0.792804301 1.06885672
    0.654990017 1.35300457 1.49957764 0.594190836 0.938485563
    0.918763757 0.778296709 1.31028974 0.921415508 0.981872022
    1.04404616 0.658090115 1.17114305 1.0767312 0.878401041 1.06551182
    1.28438115 1.450091 0.929408491 1.36108005 0.763370633 0.650870979
    0.873934329 0.947330952 0.753228247 0.848835588 1.00840807
    1.34206617 1.2285074 0.78286171 1.23144758 0.88139528 1.11241353
    1.38445735 0.902195036 0.750218809 0.561788499 0.890986979
    0.674377382 1.22922993 1.37907839 0.675164759 0.735118389 1.37253892
    1.10022938 1.54200649 0.786619961 0.920199752 1.20498884 1.27368498
    0.979158461 1.41531169 1.05669367 1.05178368 1.24877524 1.14983273
    0.994901121 0.698059797 0.55956614 1.23740947 0.501208663
    0.712245107 0.777160108 0.64972055 0.674527347 0.966805935
    0.924838483 0.668571413 0.833024144 1.05388713 0.626528144
    1.26550961 1.43721557 0.670280218 1.06485212 0.57303232 1.40278268
    0.75169903 0.566899836 0.593177974 1.0679369 1.29082501 1.26650286
    1.46271622 1.22689438 1.25680709 0.670491278 0.615612984 1.47369468
    0.752259016 1.00953937 1.47112226 1.17957449 1.35190022 1.39778543
    1.26064861 1.27439797 0.824022412 0.727607191 0.819510698 1.18875456
    1.11613095 0.601774156 1.1896894 0.852219045 0.617930114 0.721751451
    1.16504145 0.517616212 1.00094867 1.03809118 1.25740564 1.3531853
    1.11330843 1.44251466 1.21737874 0.921034813 1.42391574 1.46465039
    1.16533208 1.53209317 0.712577462 0.654194415 1.0876025 0.783285439
    1.13477385 1.35766089 0.521680355 1.24390829 1.22457945 0.737580001
    0.862094879 1.11386859 0.749917388 0.57124716 0.540066719
    0.575195134 0.955847263 0.77094233 1.47040892 1.51943207 0.685609937
    0.859975636 0.56615901 0.757301867 1.3085866 0.693726718 0.771586239
    1.31267977 1.11543691 1.32821178 0.62485379 1.04900837 0.679238558
    1.41617763 0.890985727 0.852487385 0.81852299 1.04767656 0.775227845
    0.781594038 1.15180385 1.39601982 1.49906623 0.896271944 1.22829413
    1.04008949 1.46873903 0.719354331 0.886404276 0.998255432
    0.951778412 1.1441561 0.682121933 1.10107255 1.06452858 1.30532289
    1.09168971 0.847256064 0.698367953 1.10945439 0.667112708 0.52683872
    0.852620065 0.545520902 0.70780319 0.582632422 1.23331749
    0.628026426 0.539906561 0.586415112 0.648298681 1.08960426
    1.12816703 1.42528427 1.17691493 0.941470504 1.35567129 0.771843076
    0.910252392 1.32354069 0.822682738 1.49861085 1.21137035 1.08826041
    1.30533457 0.61488831 0.901820958 0.664046288 1.08877492 1.0789783
    0.639493883 1.18154871 0.754914761 0.478180319 1.37340617
    0.931876242 0.650819957 0.854076982 0.896579325 1.45865488
    1.39518833 0.608896732 0.802930236 1.5017997 1.18038642 1.34462547
    0.660706818 1.34692597 0.962744117 0.574582458 1.08229673 1.47628641
    0.983267009 0.54994607 0.660926223 0.635181487 0.851715207
    0.901252866 1.34049308 0.635109365 0.818284869 1.26167834 1.30147719
    1.36054921 1.34071958 1.12348247 0.82730639 0.646757722 1.17035353
    0.835653186 1.44799423 1.34680295 0.679513514 0.806470275 0.53519094
    0.941786051 1.32563007 1.35394645 0.880377591 0.786974251
    0.643922985 1.3103385 0.849418938 0.860279262 1.03794348 0.498200715
    0.976524115 0.919601202 1.44351602 1.32973409 1.1072793 1.21515906
    0.954676151 0.897118449 1.18647337 0.981871367 1.30497408 1.270998
    0.930498362 1.12272596 1.32272375 1.13285697 1.16247296 0.734009206
    0.897139072 0.668942273 1.39481199 1.46047866 1.03975987 1.13385701
    0.592229605 1.22809243 1.21999717 1.27934504 0.728616178 1.43462455
    1.56553555 0.855986118 0.916144967 0.746646225 0.717209637
    1.55516648 0.648164809 1.5330863 0.660366237 1.08663666 1.27457941
    0.779671311 1.52844071 1.50951576 1.44107437 1.26819241 0.861822128
    0.556180596 0.819843829 1.38094389 1.43056989 0.957533181
    0.757239521 0.631280065 0.997631907 1.41263843 1.11383343
    0.644976735 1.24322927 1.06029201 1.09985209 0.924163222 0.830867171
    0.917728186 0.693899214 1.43444717 1.25090528 0.646479666
    0.577041268 0.82155031 0.862583816 0.905332088 0.965337873
    1.06353366 0.5013147 0.955040395 1.30417109 1.12626195 1.06998682
    0.983713746 1.38850498 0.631922066 1.35791934 0.610333681
    0.535030127 0.873008788 1.45957112 1.15550005 1.02188325 0.585045934
    1.22463894 0.961761773 1.34736717 0.924401879 0.769714415
    0.996331751 0.537531734 0.57684046 0.610955358 0.857565165
    1.07286668 0.948860228 0.565915704 1.47695827 1.40023649 0.87938875
    1.42258787 0.78264457 1.5467658 0.986704826 0.800142825 1.51261294
    0.910849571 1.0302397 1.29727864 1.34307206 0.859289348 1.160326
    0.880679607 0.97935164 0.645433068 1.06468153 0.491792828 1.01069236
    0.830062211 0.715362132 1.3680284 1.47492278 1.13717961 1.46064675
    1.39668691 1.32863081 1.45073056 1.37951672 0.505002141 1.14551175
    0.873904049 0.956554174 0.508522391 0.665656984 1.37466264
    1.42879903 0.8332901 0.542618454 1.43542397 0.74356091 1.471892
    0.820383191 0.887844086 0.658064663 1.31049538 1.41350031
    0.644605339 1.10334945 1.17976999 1.37919068 1.06267774 0.958989859
    1.26263416 1.18865383 0.552112222 0.528780818 1.46786654 1.18146825
    1.40016878 1.39788258 0.523194373 1.35246313 0.611185312 1.31948137
    0.671582341 0.672629595 0.650559545 1.02814865 0.520232558
    1.13822472 1.33626008 0.840580881 1.34961283 1.12500918 0.534834445
    1.16857827 1.41595769 1.00332057 1.2344867 1.08597124 0.822584331
    1.0064131 1.44017422 1.13872814 0.746560037 1.25972688 1.38298595
    0.808680475 0.607233286 1.25741279 0.614710748 0.463540226
    1.13170946 0.489811718 1.24027789 1.09910798 0.672124803 1.08512807
    1.44008827 0.667212248 0.896665215 1.25174665 1.41171491 1.40355718
    1.35607195 0.961477697 0.566806197 0.696677327 0.516428053
    0.692894578 0.949585259 0.629970968 1.26509333 0.545712054
    0.94839114 0.8849473 0.778702319 0.762030303 0.801669061 1.14088559
    1.34976935 0.959019065 0.704487801 1.30305004 1.50114095 0.575039685
    0.983801901 1.37110627 0.54696089 0.759925306 0.584498584 1.12470829
    0.946998894 1.46557593 1.35231519 1.06517851 1.48138881 1.36531866
    0.832519889 1.35252392 0.68812567 1.49231994 0.651135504 0.686790586
    0.717047691 1.47077954 0.756622195 0.824740946 0.733423412
    0.617780924 0.668168545 1.13061023 0.61126709 0.98894459 0.86624831
    0.665524185 1.19517839 0.805562735 1.31822169 0.663172483
    0.671788752 1.09757411 0.551827788 1.42749321 1.26249266 1.38842857
    1.06790471 1.10077834 1.43499327 0.577843547 0.936025083 1.08739054
    0.58418107 0.713537812 1.24044228 0.664106667 1.48604488 1.12497795
    1.38673091 1.41493917 1.13561058 1.15630031 0.573148966 0.794534445
    1.51672244 0.861591935 1.50786352 0.945315897 1.41775692 1.15229797
    1.23107743 0.980496705 1.23025155 1.42274487 1.11510837 0.96195519
    0.768207848 1.09078133 0.636400461 1.16303504 1.12288857 0.887205005
    0.469848037 1.22203732 1.14592969 0.99996686 0.499349117 1.25788295
    0.548011839 1.44412959 1.17594278 0.678105772 0.885948181
    0.634198368 1.37899113 0.735236228 0.702034652 1.47187626
    0.736875653 0.886730015 1.16176534 0.575022221 0.895102262
    0.726385951 1.08452117 0.67021364 1.44024336 0.998302937 1.34709752
    1.19208372 0.586526513 0.684581459 0.886545599 1.3929795 0.725283444
    1.04594243 0.821958721 0.63640368 0.932761312 1.16519415 1.41834915
    0.568997622 1.18291247 1.3306756 1.11143148 1.39887762 0.99213618
    0.50681752 0.76827091 1.33284116 1.24260175 1.38897145 0.848759651
    1.14570379 0.820613503 1.52780926 1.50952387 1.22415781 0.879709601
    0.958207607 1.03471649 1.3696599 1.02677143 1.02853894 0.579008937
    0.930813372 0.491860509 1.11129105 0.934198797 1.06580758 1.18398249
    0.622929633 0.754236042 0.719049752 1.35619903 0.829277575
    1.39117205 0.770752192 0.868951082 1.34343851 1.24686062 0.953733981
    1.38611495 1.04162312 1.17778468 1.13922548 1.31824923 0.882746279
    0.640273929 0.909128249 1.37321746 1.10361934 1.25130928 1.42830873
    0.847972631 0.555192471 0.715507448 1.3545481 0.952921987
    0.782944858 1.21901178 0.578588963 1.15690577 1.39817226 0.559224308
    0.90848887 0.849243224 0.541115284 0.605938554 0.797224104
    1.06561053 0.670161784 0.913720548 0.862917542 1.45177603
    0.826976359 1.12232935 0.64039439 0.602216661 0.894057333
    0.976819932 1.32625139 0.806928217 1.09857452 0.470952898
    0.735052884 0.505986869 0.80990833 1.25691926 0.550474107
    0.831790745 0.889990985 0.896580815 0.936847925 1.48916531
    1.08090818 1.04475057 1.08275521 1.31626618 1.04889154 1.47147965
    0.591878891 1.46828163 1.0630585 0.965062618 0.677939773 0.570723057
    1.14745915 1.19635439 1.06093454 1.2784313 0.819852114 1.19541502
    0.533109307 1.26380897 1.12656248 0.953133702 0.648527503
    0.813877046 1.18095803 1.24349451 1.25316918 0.944176495 0.703522384
    0.789156199 0.961726606 1.26109183 1.48282349 0.530657589 1.39142823
    0.854637742 0.979514778 0.888504505 0.647851706 1.47196889
    0.668196082 0.537336051 1.39532804 1.06752992 0.726474047 1.02518296
    1.42411709 1.05574131 1.04178107 1.36240983 1.33375108 1.19140375
    1.0608989 0.914215326 0.925427973 0.591609418 0.635329902 0.57905221
    1.3347832 1.47310185 0.509625375 1.41630721 0.720897257 1.224738
    1.28548467 0.982757092 0.704811335 0.540969014 1.13186646 1.31443393
    0.470622867 0.540238976 0.455711216 1.27001762 0.464921981
    1.41102552 0.552880645 1.39124119 0.918635726 1.11753464 1.35873437
    0.991853297 1.43995631 1.20351577 0.887872875 0.535026073
    0.545833647 0.760300457 1.10412502 0.541642368 1.47843707
    0.672851205 0.61701268 0.857110083 0.911879241 0.676847816
    0.96429038 1.26629078 1.19744277 1.14151633 0.599148035 0.908529162
    0.987288475 1.15161288 1.3222636 0.957698524 1.50721014 1.4675585
    1.31652665 1.45695961 1.04842031 0.602309227 0.765299678 1.09185278
    0.657305837 0.592987299 1.38765752 0.739141107 1.45497906 0.88602674
    0.534962893 1.32826126 1.21539271 1.40732646 0.582785487 1.02630341
    0.476930648 1.32453394 0.691680253 1.30638945 0.855790079
    0.840064466 0.727032781 0.99030602 1.01907563 0.72216773 1.23374069
    1.13427305 1.39420748 1.43233287 0.731693864 1.27969968 0.645070612
    1.24678445 1.13129258 1.46047044 1.21032083 1.24448848 0.728997052
    0.744813621 1.32630634 0.863201916 1.37557983 0.676369727 1.24541283
    1.14491069 1.1905601 0.753474593 0.838326454 0.5504843 0.616495013
    1.25371933 1.11447966 0.503952026 0.851446211 0.867524922
    0.726759315 1.21522915 0.665331066 1.42721128 1.38453829 1.01322699
    1.3520304 0.872683644 0.609495938 0.831008196 0.640767753 1.08170795
    0.579499781 0.797706187 1.48582053 1.11984551 1.03879535 1.13857579
    0.872239113 1.32319129 0.873963594 1.43990147 1.19900942 0.810074389
    0.496311724 0.563154161 1.32000339 0.773869097 1.43121076 1.35222161
    1.22694969 1.3164711 0.591335893 0.835374653 0.7447384 1.00348008
    1.30927396 0.826519549 1.39332211 0.515739024 0.664199889 1.04109323
    0.592206597 0.855947196 1.12715447 1.49746299 0.785919428
    0.605724871 1.18040657 0.817077875 1.16964066 0.701543093 1.3042357
    1.20529056 1.44649053 0.820097983 0.612586796 0.613424003
    0.725967228 1.28450692 1.37264276 1.10201716 1.18907619 1.20250928
    1.27974725 0.876590014 0.942697048 0.519999743 0.851497114
    0.94199264 0.989907503 1.18400884 1.36978757 1.41313803 1.47705615
    0.891478956 0.822591007 1.12290871 1.47471642 0.717309773 1.09884202
    1.38056862 0.951449454 1.11743271 0.557188213 1.38815308 1.20867109
    1.43336666 1.39819086 1.2357502 0.676317453 0.654676616 0.525963604
    0.577289402 0.93949008 1.34454453 0.948148072 1.46707869 0.552329361
    0.90371114 1.19828784 0.654630184 1.06973243 0.461994261 1.099998
    0.486019611 1.31566024 0.686016619 0.510385454 0.640602529
    1.12822938 1.35430741 1.14665997 1.12556267 1.18385088 0.524923086
    0.813905835 0.930149436 0.641016901 1.49603486 0.857420146
    0.558767617 0.925700188 1.16480088 1.36016297 1.26176059 0.906237841
    1.43891072 1.08904946 0.583245873 1.40887809 0.868421674 1.16530669
    1.09783781 1.47642922 1.16422963 1.10604966 1.03935671 1.41394329
    1.37899065 0.765318453 1.23724866 0.941017509 0.505945206
    0.584983945 0.904697239 0.90008539 0.897240162 0.659328699
    1.28688455 0.516305029 1.08547068 1.46920586 0.670482516 1.40758896
    1.03959608 1.28889871 1.28227973 1.41699791 0.540330708 0.725081265
    1.17261243 0.519536793 0.604959846 0.992040575 0.803545296
    1.09035349 1.49393809 1.09686506 1.23900151 1.3482095 1.18005562
    1.14260221 1.14207065 1.24052238 0.630321324 0.957072854 0.610713422
    0.847375095 0.659947991 0.878481269 0.586625814 1.07224572
    0.679174781 0.94915998 0.516336918 1.38792229 0.625794709 0.57685113
    1.35580254 0.584596157 1.07700956 1.37751055 1.24497116 1.49590933
    0.793837905 0.663981259 0.956591785 1.24259341 1.42037654
    0.571050167 0.689782739 0.889229894 1.07355106 0.8671332 1.48609495
    1.37876499 1.29115975 0.570718169 0.759547293 0.921509922
    0.847771227 0.675967336 0.802760601 1.36628401 0.697627127
    1.43243098 0.592545927 0.555038512 0.764074266 1.18188667
    0.941904366 1.38566887 1.26487589 0.719610274 0.990694404 1.16102016
    0.875927746 0.547841132 1.07188129 0.718812168 0.911976218
    0.974997878 1.10178459 1.42581654 0.766963124 0.838759124 1.37835288
    0.714098692 0.797929406 1.45584822 0.900126696 1.20502436 1.28242922
    1.3853035 1.1351614 1.06330013 0.989227235 0.946306407 0.660229683
    0.977368176 0.809249699 1.21825278 1.2322011 0.726771951 0.512858868
    1.38397217 1.20904624 0.959241807 0.857702672 0.971115649
    0.798125565 0.782623053 1.12566113 0.713541985 0.964762032
    1.23745453 1.37591159 0.900519013 1.52674115 1.26910281 1.18148506
    0.717405617 0.686141253 0.508072913 0.914627492 0.555689216
    1.11145627 1.02891493 1.43131685 0.710367084 0.872763634 1.16169405
    1.41964519 0.63695395 0.680640936 0.654232919 1.18705344 0.619547307
    1.16661835 0.748662174 0.785337627 1.13480735 0.697626591
    0.789845765 1.33819664 0.77942127 1.24799538 1.16573191 0.639203012
    0.671839058 0.814323783 0.507832527 0.706252158 0.61710608
    0.676067412 0.636710167 1.40575016 0.9236902 0.765214741 0.541863143
    1.2429173 1.48987007 1.24007583 0.782069027 1.24283648 0.649108589
    1.45541513 1.132177 1.05958605 0.704344571 1.35706353 0.82762897
    0.807168901 0.861518502 0.632722557 0.572630048 0.84246558
    0.560948193 1.03185189 1.33773565 0.534115613 0.500281334
    0.719306827 1.05594409 0.965342164 1.20499647 0.967584968
    0.761812747 0.670296967 1.26381516 0.975911856 0.886656642
    1.50819564 1.08901525 0.574095726 1.33271992 1.24658966 0.908110142
    0.55558151 1.47753048 1.03479278 0.830337882 1.24778187 0.937259257
    1.31675708 0.470601887 1.13246489 0.812036097 0.631942153 0.94348073
    1.25055504 0.563826025 1.06654119 0.456139445 0.480303705
    0.580572009 0.683214366 0.827216685 1.03667569 1.09518695
    0.585217834 1.28537095 1.08492339 0.663802564 0.642282307
    0.914193511 1.43352401 1.27541304 0.591110468 0.552884519
    0.583391249 0.972433865 1.11216879 0.906256258 0.99816668
    0.726710081 1.18044889 1.4452318 0.663611889 1.06950176 1.33329558
    1.21324801 0.829997182 0.729198515 1.07936454 1.36171114 1.05046177
    1.11713636 1.29986823 0.756693959 1.3915621 0.755413353 0.67924881
    1.0458225 1.01220846 0.828912258 0.815312743 1.50194037 1.19414067
    1.29001462 0.812975526 1.31163025 1.44806564 0.529510379 1.41968346
    1.20289934 0.714969456 1.16686904 1.11036956 0.626453936 0.897572577
    0.552004576 0.699244797 1.04292381 0.824474454 1.42537117 1.19886768
    1.28385425 0.542030692 1.48197484 1.20343983 1.11025965 0.996406138
    0.71440208 1.37175596 1.04932475 1.37095988 0.952360988 0.862823248
    0.844689608 0.64501065 0.92073983 0.784806013 1.23326159 1.49581158
    1.51781023 1.47390962 1.09525561 0.797257662 0.571026742 1.48905659
    1.16187418 1.3072592 1.39595175 0.97135812 1.24503887 1.5333035
    1.47039866 1.24804127 1.12283134 0.876315296 1.06219375 1.18628144
    1.0388515 1.37321556 0.8469401 0.939655006 1.4143424 1.39773941
    0.700317144 0.827125788 0.533022702 1.34557676 1.09954607 1.00370359
    1.15477157 0.579768479 0.597209156 1.11636817 0.574918985 1.46067619
    1.01590598 0.935422421 1.40551019 0.977081001 1.27185941 1.07977736
    1.07459164 1.12294841 0.542990088 0.87666285 1.29938436 0.80635649
    0.489237398 0.551967502 0.517124891 1.0351733 1.02443111 1.46056843
    0.781269252 0.66987431 1.22613883 0.89538455 0.995879412 1.02036715
    1.38050246 0.611823797 0.890094757 1.27945662 1.10515511 0.939192533
    1.37118483 1.10178268 1.19675016 0.582550406 1.4803611 1.2554208
    0.946038485 1.38934791 1.49886513 0.899202287 0.668872356 1.22391379
    1.15963972 0.806829989 0.798326671 0.636586785 1.14551377 1.45226347
    0.635463119 1.28420913 0.53568548 0.755765557 1.47629738 0.931287408
    0.62556684 1.10720015 0.898616791 1.28022575 1.39034104 0.995365679
    0.798189461 1.18516684 0.850819886 0.606342912 0.998578131
    1.10479927 1.19126487 0.72627455 0.669758797 1.10835516 0.917951584
    1.25234747 1.4604671 1.33749211 0.81761229 0.789867878 1.46163368
    1.14215541 0.922777295 1.38071239 0.741139233 1.39798582 1.4571507
    1.03659451 0.681180537 1.07625198 0.561399698 0.91562587 1.03167522
    1.41699171 0.663004935 0.989641607 0.691390157 1.39556062
    0.903327167 1.19651961 1.12345386 0.923425436 0.84633857 1.02965689
    0.803391576 0.938984096 0.829245567 1.35080183 1.13064682
    0.730371773 0.872766256 1.18766296 1.30663133 0.923466742
    0.511276603 0.548086107 1.0676347 0.547366619 0.795333266
    0.740777969 0.948183239 0.689321756 1.16648352 1.24440193
    0.802738965 1.25646865 1.36448669 0.646123827 0.799898148 1.30824351
    1.39541614 0.679893196 1.47387731 0.723265529 0.639294267 1.2977401
    0.637523472 0.766831517 0.46412167 1.14759815 0.582311034 1.31020093
    0.713336229 0.842726052 0.475419998 1.14306617 0.941445291
    0.748348951 0.575282693 1.03074169 0.749471724 1.30934978 1.49439669
    1.36003077 1.39821661 0.961590052 1.06306744 0.787902355 1.48870766
    1.33365357 0.823196948 0.576095104 0.800376832 1.2774123 1.04000533
    1.52705479 0.821404815 0.800363779 0.8973912 1.15137565 0.835428238
    1.37488174 1.00347579 1.41032648 1.01725423 0.715473235 0.800198078
    0.501393616 1.22309566 1.02639556 0.988001704 0.576957166
    0.672038078 1.12971461 1.28994954 0.632813632 0.978880346
    0.847851038 0.726468325 0.789069235 0.738159716 1.12738216
    0.80332005 1.33345246 1.09043825 1.00552571 1.3721813 0.756049275
    0.579708219 0.993857503 1.31326067 1.13356388 1.3903271 1.33690107
    0.653102517 1.09647179 1.13635623 1.15701091 0.716084957 1.16698635
    0.695207417 1.35959899 1.31948566 1.06261694 0.96895498 0.860413253
    0.852597415 1.04738522 0.537776232 1.20782518 1.32773721 0.667702198
    1.49339116 1.25350881 1.46453047 1.20787895 1.5093466 0.943678319
    1.19392562 0.70133698 0.580937207 0.549805641 1.39822853 0.843763411
    0.652239382 1.25285244 0.676856101 0.907031834 0.798218727
    0.823998928 0.846083581 1.14189076 1.50480807 1.34449089 1.24794662
    1.08325541 0.942075431 0.711860538 1.33637106 0.645739973 1.00857091
    0.995232582 1.27659655 1.34825325 0.640567899 0.868481517
    0.647589564 0.79954195 0.60727632 0.582390964 1.28280997 0.637977719
    0.72082001 1.4178642 1.46117413 0.835128188 0.640821159 1.04313695
    0.981465578 0.451615393 1.06952369 0.496465474 0.533451259
    0.82475847 0.671029627 1.32027698 1.00417411 1.35157967 1.36935318
    1.32960057 0.849751234 1.371189 1.33983779 0.982343316 0.976231456
    1.1477747 1.21699214 1.0848583 1.00327206 1.07741797 1.40025437
    1.15151954 0.883792996 1.32056105 0.62654084 1.32868826 0.811572313
    1.54219651 0.644647717 0.689265907 1.20348251 1.33952808 0.928696632
    0.591321588 0.747256875 0.681888998 1.34626937 1.05219054
    0.624159396 0.98985672 0.958022475 1.42304182 0.972514212
    0.600061476 0.71761477 0.664351165 1.48255002 0.956067502 1.09773695
    0.949762106 1.13027108 0.881335199 1.26562822 1.04149151 0.823139369
    1.24237609 1.09158504 0.676544249 1.44654644 1.23798394 0.798210442
    0.977345765 0.645057976 0.783668637 0.723560095 0.947785854
    1.30101216 0.806470871 0.973562896 1.2188549 1.08427668 1.10848737
    0.745326698 0.825243592 0.683311343 0.828418076 0.894110024
    0.62084043 1.06246316 1.17209184 0.523884654 0.516655982 0.626720428
    1.37817979 0.912674189 0.622949183 0.587199211 0.975688875
    0.707970858 1.32658958 0.706730127 1.22491872 0.912774801 1.26099443
    0.750331461 0.697379827 0.802336693 1.07136905 0.809830666
    0.78644824 1.09497404 1.45785749 0.864653885 1.27502131 0.855999768
    1.27343702 0.9693923 0.655216753 1.12118959 1.44198942 0.99064517
    0.854106665 0.598063707 1.27537465 1.34690607 1.13029039 0.6485461
    0.828611374 1.20982206 1.01698339 1.44914114 0.842426836 0.808363318
    0.777602136 0.449851185 1.15765142 0.544153035 0.82116884 1.00488007
    1.13724101 0.615402758 0.451701015 0.718255281 0.464467496
    0.841157854 0.943472207 0.660970211 0.576907396 0.861310422
    0.823691607 1.30889273 1.46515429 0.702553511 0.625934541
    0.978030562 1.40645957 0.811147332 0.57460326 1.46656072 1.13243771
    0.624432623 1.39714384 1.17289174 0.573004603 0.61621356 1.26754797
    1.35659873 1.17604804 0.983754694 0.934390068 0.951014996
    0.712073565 0.738548875 0.730638623 1.24936342 1.0110091 0.760704577
    0.647040963 1.110515 0.518881798 1.06930792 0.956303596 1.48510587
    1.17593431 1.02913189 1.21564615 0.902625561 1.00291669 1.0736953
    0.985391557 0.871329308 0.501446486 0.697475195 0.794136345
    0.572720289 0.775893271 0.776658714 1.27924895 0.702880859
    1.32175493 1.19020975 1.1132133 0.701842785 0.843780756 0.701264203
    0.737708867 1.38524675 0.480205595 1.38193715 0.889608026
    0.917494535 0.562651098 0.692960918 1.17827547 0.533225298 1.1242193
    1.20476937 0.706043661 1.01400936 1.20078003 1.29152369 1.31094003
    1.01792586 0.966168165 1.22823155 1.26678014 0.972809076 0.574410498
    1.21270227 1.16070747 0.771207333 1.32468998 1.17056775 1.5019691
    0.714087069 1.31812012 0.802080572 0.998414636 0.671699703
    1.49086189 1.08377039 1.30066276 0.828487337 1.00410175 0.82758683
    1.25179064 1.15379572 1.24600005 0.513265669 0.690506399 1.40601647
    1.01835597 0.995289505 1.32820249 0.536252797 0.87322998 0.970007598
    0.93710041 0.742465079 1.44326186 0.856191993 0.593304157 1.28089333
    1.20405674 0.921648562 1.15944183 0.726365745 1.02867854 0.715454161
    0.533992767 0.754830837 0.876555145 1.3444885 1.15081382 1.52100396
    0.898007095 0.853685498 0.995126069 0.886331618 0.715634584
    0.743702233 0.695896506 0.59281081 1.46718788 0.674565375
    0.883041024 1.31587148 1.05151427 0.717965722 0.84160161 1.25994945
    0.780817151 0.586688042 0.810836852 1.1550014 1.33298922 0.851812005
    1.19042015 0.501256347 0.593158424 0.559385002 0.813226998
    0.965270698 0.926670372 0.810234547 1.43372011 1.11277318
    0.763996661 0.945160151 1.49160433 0.962928891 0.662683487
    0.766898513 1.33092153 0.655433118 0.570214272 1.49321973 1.09311938
    1.04281783 0.840515971 1.03556025 1.41590738 0.973857701 1.38104022
    0.629943132 0.592436671 1.40272129 1.02039242 0.617175341
    0.926870167 0.560872138 1.1530894 0.905051589 0.994298279 1.29260266
    1.4907341 1.46258759 0.788145185 1.14858317 1.1566608 0.713313043
    0.981658161 0.472379923 1.39152384 0.997460723 0.923114121 1.3113476
    1.01130438 0.648793519 1.17020571 0.519908249 0.612452924
    0.517771244 0.911611676 0.654658794 1.08291137 0.912043452
    0.536973953 0.919918954 1.37467086 1.39699936 0.710824072 1.06118429
    1.18779683 1.46873522 1.24867105 1.27198243 0.614885747 1.17203081
    0.701116025 0.723914146 1.17594945 1.46639264 0.84047842 0.63358891
    1.41515112 0.952724755 0.794266045 0.817488492 0.873125136
    1.04195607 1.27377474 0.544202149 0.894646108 1.13120604 0.644645393
    0.955353796 0.967779696 0.723863363 0.58312732 0.927949548
    1.41070151 0.80538559 0.900278211 0.533530056 0.518821239
    0.635899305 0.48518756 0.562487781 0.800720036 0.568381071
    0.917518258 0.860572875 1.46033943 1.25221193 0.87164855 1.31272817
    0.955071568 1.26113021 0.810784698 0.772554219 0.551438093
    1.37252331 0.526762605 1.27513576 0.682930946 1.01192153 0.823776484
    0.96617806 1.27123451 1.42954493 1.20020044 1.19710541 1.35232389
    1.23775387 1.07414901 1.37683606 0.78464818 1.13412941 0.808179617
    1.20151341 1.33069265 0.907947958 0.692679882 0.598119438
    0.556490362 0.822115958 1.41188431 0.858658433 1.39461851 1.23338628
    0.895396233 0.936985433 0.823876619 1.35601234 0.918429315
    1.36240911 0.889520049 1.18395686 0.821276426 1.19888985 0.669725716
    0.805761278 0.85615927 0.869692862 1.45014369 1.05836093 0.609834492
    1.28631413 0.796923935 0.904137969 0.912928343 1.09779084
    0.530504942 1.17382205 1.01471698 0.561102271 1.00632238 1.02754593
    1.00601983 0.829068303 1.39277673 1.10451233 1.25255728 0.689922392
    1.28685701 0.918836296 0.563247204 1.07664311 1.50913358 1.09517252
    0.874948382 1.19860363 0.853186429 0.513036907 0.640213251
    0.70413202 0.874012113 1.2975291 1.39469612 0.652297139 1.40744138
    0.876158595 1.01413846 1.52800596 1.02210903 1.44619799 0.904189467
    1.38304818 1.12728679 1.01066434 0.54625541 1.16310775 0.672728419
    0.847214997 1.09665203 1.12610126 1.49544907 1.34895039 1.30508912
    1.2617569 1.23732865 0.853987455 0.670897543 0.570766211 1.41518009
    0.598430634 0.616353095 1.21194625 0.583324969 0.457307816
    1.36726213 0.792408228 0.822963834 0.999016941 0.700518131
    1.19983459 0.801766932 0.965156734 0.89575243 1.56317437 0.94196707
    1.4115448 1.35913205 1.37375212 1.00991511 1.00076783 0.894361973
    0.834776223 1.47506666 1.05422461 1.19070482 1.51975083 1.15452445
    1.23614061 0.712122619 0.786022186 1.44793034 1.31601369 0.728331387
    1.46753073 0.958053231 1.40784442 1.41634297 0.612134159 1.20647383
    0.79995966 1.4016366 1.12848341 0.887238562 1.02169037 1.22472501
    0.648895502 1.22899091 0.947267652 1.3054682 0.961709857 1.37751806
    0.835126638 0.996409118 0.720468402 1.33345222 0.876169741
    0.972557187 0.857846618 0.615515053 1.43291926 1.17401028
    0.894810498 1.22770655 0.907186806 0.590079725 1.13682306
    0.736873686 0.964708865 0.878379405 0.888127923 1.37043118
    1.23364329 1.45298719 0.65530324 1.04612255 1.19277942 1.34407604
    0.866487145 1.43779576 1.06863797 1.11217821 0.755257368 0.870586932
    1.03458667 0.598659337 1.41432631 0.746952116 1.19515586 1.30656564
    0.821234882 0.66484344 1.25015688 0.546609521 0.532187223
    0.813823342 1.08766115 1.07706606 1.01409733 0.93750304 1.08674943
    1.00562656 0.690612912 0.521681905 1.25295937 0.753300786
    0.766600311 1.01242793 0.764238894 0.872611701 1.30960381 1.26510131
    0.763963938 1.49383557 1.45819676 1.35504556 1.51578593 1.37837946
    1.30608106 1.08565331 0.913707793 1.15607965 0.512413323 1.28872764
    1.09731102 1.37356162 0.61138624 0.510898411 1.4414649 1.30658603
    0.680322647 1.00770736 0.878599942 0.774596334 0.975530922
    0.776676953 0.469305217 0.678049564 0.4466483 0.764315605 1.31254053
    0.725488722 0.867026389 0.650794864 0.816968501 0.578347147
    1.11788011 1.47692168 1.14738488 1.30739665 0.595521033 0.743474364
    0.807073832 1.42369604 1.07772422 1.39229941 1.09256244 1.00773382
    0.917437136 1.45874536 1.32276452 1.36006117 0.56431371 1.14545083
    0.916260123 0.680603206 0.57400769 0.661435425 0.825729668
    1.29187477 0.685324907 1.06573987 1.27543592 0.963107586 1.44136167
    1.33021164 1.51093531 1.39900923 1.25525486 1.41156876 0.603954315
    1.47735178 0.785815001 1.18200767 1.32831037 0.925152481 0.819257617
    1.00462782 0.9479056 1.09142375 1.17492962 0.731776118 0.663006425
    0.867040575 1.32238209 1.04530382 1.46501791 1.29859149 1.50116336
    0.543731511 1.23152769 0.499834508 0.934003353 0.763180912
    0.498528123 0.655565023 0.774882734 0.854188681 0.611951768
    0.82081145 1.39040315 1.40285599 1.05239499 0.6743536 1.54890442
    1.50555658 1.40174484 1.14588583 0.581317902 1.00269413 0.72172457
    1.13232493 0.821527719 0.768139303 0.952841699 1.14047575 1.36822367
    0.592064857 1.47069526 1.1993475 0.857382536 1.38541174 1.20321488
    1.03444529 0.663976908 0.936975598 1.2456255 1.52156532 0.650600672
    0.620877504 0.539384365 0.56390065 1.08375871 1.51055408 1.28098094
    0.974311829 0.919922054 1.51130855 0.90872395 0.808048844
    0.721237421 0.867415786 1.41448879 0.900202215 0.899131 0.928144515
    0.564122558 0.567372739 0.552342296 0.736223459 1.16598129
    0.505252779 0.799060225 0.567540944 1.25316477 1.08919394
    0.978013694 0.925326288 1.08903587 1.08349609 0.604185343 1.18994749
    1.46994662 1.15655172 1.25465834 1.25985539 1.19245076 1.04827309
    0.692067027 1.39034808 0.95794493 0.62095803 1.57123911 1.04312694
    1.31898463 1.42271161 1.07711041 1.07544982 0.751424551 1.0207094
    1.02871907 0.595374763 1.00791824 0.802415311 0.688421488
    0.583433688 1.07313967 0.549430966 0.924630642 1.02347696
    0.927525043 1.2713083 1.46748936 0.748175502 0.668774784 1.42853415
    0.719085634 0.667880058 1.11602724 1.08832848 0.723275185
    0.560798466 1.00216007 0.704801083 0.498642415 0.967238486
    1.40543234 0.63997978 0.706664026 1.08546412 0.566706717 1.04514122
    1.02905786 1.46362615 0.930632055 1.07086432 1.23318732 1.18243408
    1.02948725 0.67746681 1.51495922 1.19936454 0.599173307 1.17178082
    1.48849797 0.825680614 0.910016716 0.869265974 1.0424968 1.40638375
    0.485883266 1.1594305 0.95465225 0.81834054 1.11481595 1.11124301
    1.15907252 1.05731368 1.43575883 1.04269922 1.29295337 1.3679527
    1.28740716 1.14017487 1.14119852 0.483208567 1.02965915 1.31774056
    0.545238435 1.23015618 1.38465691 1.27681148 0.895469189 0.950167418
    1.25520349 0.598301172 0.915328741 1.37905848 1.34607899 0.854536355
    0.851768672 1.40236354 0.676386714 0.783453465 0.749481738
    1.46984422 1.42134929 1.06414688 0.972740412 0.80158323 0.813659787
    1.30262411 0.637976646 1.10712051 1.27586484 1.22311342 1.12074888
    0.493028194 1.14906931 1.04654086 0.584714234 0.807090044
    0.488047451 0.813512862 0.518227339 1.39804053 1.00489414
    0.893802047 0.750609994 1.07598281 1.51396656 0.580991626 1.47518647
    1.06898165 1.36555767 0.803917646 1.43905175 1.48270833 1.46200597
    0.526901722 0.93309474 0.516266406 1.27461195 1.12569821 0.625341415
    1.04912817 1.20028925 1.19812846 1.29394329 1.18139207 0.814949155
    1.20676816 0.938742161 0.491193503 1.33688211 1.37431443 1.23121119
    1.21672022 0.776669443 1.26733112 1.1981132 1.19751525 1.36226225
    1.28970456 0.839178801 0.552987754 1.40156758 0.968917906 1.25402331
    1.01248586 0.80386126 0.925665259 1.41716743 1.40036702 1.29823411
    0.57676369 0.865280271 0.667302549 1.20636594 1.18553555 0.732734144
    0.883549809 1.31888485 1.05852509 0.740349412 1.24559426 1.42713797
    0.550064445 0.56390214 1.08314192 0.801295459 1.26929069 1.34202874
    1.13081169 0.579056501 0.952125847 0.944901168 0.564018667
    0.75406754 1.40063846 1.11368179 0.548250198 1.23409855 0.821344674
    1.47825527 0.624092758 1.17845106 1.14080441 0.837377906 1.30051363
    1.08880866 1.05850303 1.05909967 0.917628825 0.715149343 1.2432555
    0.626812279 1.26974463 1.3656261 1.04517055 0.78969866 1.35682344
    1.37874293 1.39614344 0.866380692 0.99873966 0.749754429 1.44230187
    1.04058456 1.35324419 1.11336303 1.14210546 1.38130057 1.28240049
    0.805295408 0.791063964 0.818639457 1.02607238 0.500618935
    0.544076264 1.26636267 0.909054101 0.936592281 0.729276061
    1.05963135 1.2504499 0.904995263 1.19829774 1.46560037 0.701640725
    0.541595221 1.33600843 1.2086668 0.658563197 1.43217933 1.17892683
    0.832492888 1.50184035 0.795998812 0.902257979 1.0523957 1.41226792
    0.60001874 1.0384829 1.5339545 0.963382483 1.45453644 1.50282812
    1.19290066 0.632094562 0.927702487 0.804431617 1.44217801 0.79833287
    1.46957123 1.12040257 1.17539334 1.11925852 0.519094706 1.19513929
    0.525294542 0.885814309 1.39416969 0.735982955 0.938183665
    0.519643366 0.832970977 0.984986722 0.615704775 1.42527938 1.0399344
    0.81800276 1.21877015 0.909408092 1.48744106 0.79948312 1.09254873
    1.01980662 1.16023624 0.549907029 0.758828878 0.768018603
    0.734960318 1.07847869 1.40950978 0.513461053 0.901821375
    0.762098312 1.03827906 0.875558555 0.610895932 0.611738861
    1.22342634 1.39516246 0.797646463 1.32892656 0.546947062 0.794750512
    1.16379225 0.712623835 0.642205596 0.689060509 1.37031889 0.5511204
    1.05692315 0.987926245 0.826625705 0.714114308 0.772310436
    0.732997715 1.29864466 1.16366243 0.737177491 0.811836302
    0.814437032 1.25299919 0.907052934 1.45273268 1.19707263 0.557802081
    0.676597714 0.771543443 1.40010107 0.875574708 1.32345092 1.15839422
    1.07979894 0.615648985 0.526555896 1.33337915 1.25016308 1.01690769
    1.20933199 1.24656463 0.545951009 1.13531423 1.44881976 1.0425725
    1.46393371 0.537004232 0.652961493 0.733302951 1.00892174
    0.660044432 1.39169812 1.26854467 1.01108634 0.82205683 0.548204482
    1.2315377 0.860864043 0.78489989 0.697669148 1.37032783 0.882563591
    1.05381548 0.516658068 1.27275848 0.924757242 1.2331574 0.824266076
    0.864247441 0.571687162 1.12423432 1.36807406 1.15645039 0.573060155
    0.622743309 0.900011361 1.16918874 1.5053364 1.12428665 1.02112937
    1.08301568 1.04496825 1.18815637 0.63091594 0.743336558 0.6772874
    0.623676717 1.2423389 0.777618587 1.17768228 0.97625345 1.24799681
    0.548473239 0.830726504 0.874036908 0.747487128 0.689177215
    0.556933761 1.19043171 0.891962349 1.17151558 0.802854061 1.33587098
    1.42357135 0.710548818 1.04887044 1.32895803 0.72033602 1.38790417
    0.608412504 1.44850886 1.21123981 1.09395504 0.51474303 1.06587732
    1.16430461 0.816851616 0.811944008 1.18147326 0.783210516 1.15851271
    0.668027461 0.848074853 1.09953821 0.803246558 0.511116326
    0.89430654 0.714705408 1.36767197 0.660348177 1.16423738 0.728826404
    0.842580318 1.29732132 0.62850374 1.35950232 1.32020712 0.526015162
    0.95765245 1.16001177 0.613810539 1.20334458 1.07921898 0.922838032
    1.50006449 1.06197679 0.761026323 1.34996247 0.610723913 1.41801476
    1.34672356 1.02367985 0.949391782 0.878794611 0.805125237
    0.793148339 0.887943745 0.874664128 1.36183953 1.37292039 1.22033334
    1.16417456 1.20503199 1.30651474 0.932050288 1.05304658 1.28818202
    1.12879419 0.623361051 0.563595176 0.976466298 1.39415395 1.24817514
    1.2870506 0.720207274 1.48451841 0.985481203 0.846645772 0.800020576
    1.24201465 0.990016103 1.16450298 1.16335011 0.926198006 0.732378304
    0.518440127 0.600120604 1.47563374 1.22250009 1.31914461 1.25974119
    0.88815099 0.591607034 1.08358037 1.40861034 1.36618543 1.05379736
    1.07081509 1.29921508 0.782115996 0.690758049 1.22451329 1.25517893
    0.571217537 0.75252068 0.690664828 0.826662481 1.18219101 1.13858712
    0.85912925 1.03131199 1.34381247 0.775996506 0.958495796 0.93844676
    1.46403778 0.912490368 0.783603251 0.815218627 0.685974836
    1.31765795 0.962977946 0.998763263 0.698865891 1.3665309 0.81636554
    0.680980384 1.0334655 0.984865308 0.513187468 0.704012156 1.32710254
    0.803147554 1.21742535 0.894976258 0.722198188 0.740150094
    0.959174693 0.628847957 1.36769795 1.21242929 1.32399666 0.824835002
    1.15500832 0.858422041 0.692978144 1.2379849 0.885479927 1.05045629
    0.51408428 0.680115759 1.39446068 0.704989016 0.629178286 1.10687327
    0.798671186 0.948004842 0.765602469 0.907384515 0.975475669
    1.36211288 1.30768085 1.48840201 0.541489184 1.1928302 0.725684404
    1.10155892 0.524275303 0.672017455 0.772613108 0.639885724
    0.600230277 0.814136505 1.214674 0.649123371 1.38428867 0.583477557
    0.731602311 1.26190436 0.981498122 1.15529704 0.647096515
    0.578218162 0.694833159 0.580037713 0.779250383 0.630557954
    0.740490913 0.51052469 1.37284768 1.37338853 0.57226038 0.738666117
    1.48432779 1.37923217 1.10765433 1.21716094 1.22380483 0.968922675
    0.886709869 0.955998361 0.985707402 1.21861732 0.801047146
    1.41546154 0.540661216 0.839295447 1.21167123 0.747329056
    0.959155023 0.843176067 1.30159187 1.38498962 1.36032951 1.35313678
    0.745489657 0.762492776 1.33789778 1.20468962 0.55974102 1.37517464
    0.500718892 0.590656996 0.832585394 0.483783543 0.501303732
    0.884916246 0.659101188 1.16703558 1.54821491 0.813449204
    0.585070193 0.856165051 1.13730609 1.25804043 1.45742404 0.725894928
    0.785620987 1.29845512 1.28935981 0.908994734 1.34770346 0.974101841
    1.48477101 0.751602113 1.30401838 1.32168448 1.12125373 0.901617587
    0.797600508 0.523510933 0.655786514 1.20103335 0.838645697
    0.697743177 1.04260898 1.38569438 0.771146536 1.43742859 0.971838772
    1.53352809 1.32005501 1.45278001 1.19684386 0.819638252 0.862259388
    0.819293797 0.915807307 0.632330418 1.24186242 1.07962477 1.35463166
    1.42339396 0.97057122 0.558198214 1.18563175 0.749166846 0.865272105
    0.839753926 1.30089831 1.21617532 0.788319051 0.845472157
    0.553567946 0.660569966 1.22536469 1.19442809 0.515682518 1.12855744
    1.10356259 0.583223999 0.52785629 1.33472359 0.823539913 0.60326761
    1.18439054 0.987981319 1.08044231 0.559677541 1.42914939 1.12581694
    0.942512572 0.551468194 0.913656592 0.633721292 0.755124986
    0.674702942 1.04505849 0.678309381 0.900656223 0.567521393
    0.945045471 1.02230024 1.14994919 0.999860823 1.22803843 1.34541738
    0.859352469 1.57302928 1.10373652 1.48604119 0.614331245 1.04986751
    0.514891922 1.09445786 1.30805588 1.11142933 0.688387394 0.570168376
    1.0289166 1.24818683 1.43721402 1.14109206 0.597346783 0.976086557
    0.842253625 1.13865948 1.32967448 0.637674987 1.4833523 0.856446087
    0.634738982 1.35023093 1.31518841 1.02778745 0.903695822 0.815870285
    1.29398894 0.802637458 1.12596285 1.46626019 0.715292871 1.17703736
    1.35626495 1.13294923 0.833395302 0.902691722 1.15296805 0.860170722
    1.42783999 1.31783426 1.24426758 1.30986893 1.17106211 0.935084522
    0.902015448 1.18677366 1.03331959 1.53396535 1.52403724 1.19820595
    1.2077539 0.66341573 1.24913681 0.992348552 1.35126293 0.750776231
    0.953432143 1.26355612 0.592861772 0.860692143 1.14933074
    0.839989126 1.2783196 0.799819469 0.778943121 0.962314725
    0.997763038 0.567033172 1.0836128 1.01255953 0.862626374 0.822690308
    0.97449398 1.2563591 1.00268424 1.33263659 1.2183795 0.735527992
    0.987698317 0.678627253 1.2957207 0.480355859 0.457179338 1.04070425
    1.04808128 1.03167295 0.980691433 1.08383501 1.13631904 1.05681574
    0.916282594 1.38817966 1.07183552 0.890628994 0.665351927
    0.656903267 1.48367286 0.789770246 1.25917816 0.86359036 0.931853831
    0.999007583 0.76469475 1.3341192 0.881073833 0.59237808 1.22817576
    1.35125482 1.4624095 0.688583851 0.70687145 1.19329643 1.13267863
    0.727345467 0.899380147 0.630217552 0.759528935 0.933692276
    0.601194203 1.38960397 0.951882303 0.50563395 0.98045367 1.2910955
    0.751357198 0.670696497 0.978148162 1.49193215 0.827289701
    0.598037958 0.653154075 1.07681823 0.679134011 1.52700496
    0.567611992 1.09684992 0.93920815 1.35900152 1.49648058 0.618251503
    0.759996474 1.41810668 1.17149174 1.22545993 0.586511374 1.05909634
    0.612696409 0.86811167 0.539669991 1.25407755 0.695291936 1.4982636
    1.14230967 1.4284265 0.468353003 0.958246827 0.802526295 1.05332017
    0.576686263 0.969273746 1.03893042 1.31678402 1.20082176 1.5128392
    1.18894804 1.55372858 0.939120531 1.5334512 0.896953106 1.36457288
    0.973006129 1.12742805 0.569462478 0.552407622 1.22271574 1.46246898
    0.745359063 0.676524162 1.14654934 0.948839128 0.736483395
    0.910665751 1.51015639 0.678544581 1.29168117 1.43638515 1.28479648
    0.547773123 0.695771277 0.612080336 0.92850858 0.613976359
    0.527237773 0.846967041 1.44272602 1.50440073 1.13273025 1.52775347
    0.922915578 0.735278368 1.09576726 1.34088433 0.69663614 0.513326705
    0.985438108 0.593530118 1.19176328 0.944650054 0.891040206 1.1230731
    0.768995941 1.23907626 1.24548733 0.823930204 1.24022627 0.648685515
    1.48675442 1.39671028 0.80425328 0.812279165 1.29107118 1.0851897
    1.05166745 0.543941855 1.28763688 0.810927093 1.24209547 0.937243283
    0.634406626 0.800543308 1.15067661 0.724072456 1.06851685 1.43861592
    1.3456918 1.0051719 0.632974923 0.806886375 1.35663998 0.894765317
    1.50482869 0.76847297 1.41789794 0.758452058 0.927918077 1.38234508
    1.02424133 1.04765797 1.44718277 1.52834749 1.40563786 1.06118524
    1.3707062 0.653787553 1.048738 1.06230474 1.4731704 0.934268355
    1.17720783 0.549833119 0.949784577 0.982847989 0.567433774
    1.44565523 1.49008226 1.51858282 1.53790152 1.40237081 1.51696968
    1.48649287 0.896813691 1.19022393 0.945574522 1.45194721 0.769127429
    1.18033302 1.35490894 0.74051857 1.15240681 0.794758916 0.835758209
    1.05095303 1.25646126 0.509011626 0.914895296 1.28112292 0.510914266
    1.24674881 0.537050188 1.45208263 0.832673252 1.06890059 1.46546674
    1.34774554 1.25850105 1.30052662 1.1499474 1.44291985 0.659917355
    1.11255884 1.5342958 0.95305711 0.959044874 1.23507178 1.53386414
    1.46139753 1.4277823 0.715922058 0.680884898 1.13101304 1.13044214
    0.641729355 0.878358901 0.778864682 1.40062439 0.534802139
    0.60679239 0.536142409 0.899599493 0.737312496 0.647976041
    0.759471714 0.693718374 1.17003179 1.00361693 0.71718365 0.572046399
    0.504153073 1.14267957 0.868101895 0.627893567 0.630971789
    0.50197196 0.489179432 1.09928632 0.897395372 1.08773232 0.53542906
    1.05470216 1.40181887 0.528483272 0.528638184 0.761057734 1.28155959
    0.795095921 0.662814558 0.551796734 0.907930255 1.19021285
    1.18837154 1.31955898 0.651362121 0.721863568 1.13335049 0.833399415
    0.838279426 0.911732137 0.549344122 1.46093035 0.764015973
    0.999172688 1.17452013 0.602512658 1.41994023 0.870179951
    0.671468854 1.22662079 1.28132761 1.53728437 1.246786 1.4409405
    0.832839549 1.48858893 1.23336029 0.53001225 1.43881094 1.45552623
    0.664581299 0.708024383 1.24135721 0.588957727 1.14244938
    0.793139577 0.733379781 0.676080167 1.07937217 0.86770165
    0.653342664 0.864557445 0.907193542 1.19490409 1.11672509
    0.808992386 1.04556584 0.760973334 0.954440475 0.707820714
    0.93572253 0.798031211 0.889692843 1.21003711 1.32312381 1.22854781
    0.70179534 1.02908409 0.512176573 1.0580858 0.933878481 0.709322333
    1.31079805 1.46869266 0.959612966 1.38087475 0.653340876 0.628818154
    0.938595295 1.46584201 1.07785499 1.13908947 0.858932734 1.33517861
    1.28951764 1.51966321 1.10769033 0.943414509 1.50259769 1.24080098
    1.33651423 0.630521595 1.26415932 0.916949511 1.25619996 1.13729537
    0.905132651 1.14585674 0.78252542 0.694790244 1.38126433 1.04805732
    1.10924554 0.679667473 1.44609141 0.787898421 0.839168668
    0.932013988 0.508348525 0.700638354 0.580843687 0.768998921
    1.17855895 0.978376329 1.47722912 1.01533771 0.842465818 1.14706826
    0.49478212 0.664448261 0.904712498 1.43318021 0.890367985
    0.551969707 0.484581769 0.501403391 1.13681901 0.513871193
    0.507482648 1.04979384 1.07859492 0.730081022 0.751736343 1.36626315
    0.715746641 1.22293866 1.2964828 0.594095111 0.560744703 0.979880512
    1.13308275 0.513812423 0.549630344 0.53534472 1.28368247 1.18403637
    1.16416061 0.80560267 0.703341067 1.41187787 0.670588493 0.52860409
    0.791072607 1.52189577 1.13954329 1.41850996 1.141891 0.905451536
    1.25267851 1.33963847 1.45572793 0.840835929 1.34062493 1.24122846
    1.18663323 0.955782533 0.703701735 0.853183866 0.814387262
    1.08338225 0.892086387 0.565652966 1.13354015 1.1412288 0.835835457
    1.29567933 1.3195796 0.769023478 1.07157564 1.40349746 0.779523432
    1.1218276 1.30396008 1.29834008 1.37095535 1.23149145 0.723595798
    1.16201687 1.46963692 0.787706494 1.35806739 0.694424391 0.79401803
    1.0774703 1.10481918 1.49081492 0.966611922 0.917385995 0.810419142
    0.767350137 0.746562779 1.19427109 0.646757364 0.849058747
    0.850668013 1.04135633 1.29951096 1.11216235 1.32481873 1.36119771
    0.733972311 0.547905922 0.572948754 0.586252272 1.28059161
    0.873161793 0.882845223 1.16928554 0.781852841 0.795027733
    1.44584501 0.845804811 0.692020118 1.15251327 1.11164665 1.17406571
    1.33312619 1.22955966 1.19543004 0.869219005 0.520900965 0.98050338
    1.37892199 1.24745035 1.14601421 1.19257092 0.855498612 0.921914876
    1.03718996 0.532104254 0.899090946 1.19558787 0.920347631 1.02858448
    0.593593836 0.64498961 1.08457863 0.874348998 1.26596177 1.21405327
    1.42643917 0.828730106 1.09345412 0.856121361 0.726613343
    0.708953559 1.27480423 0.493747532 1.29884148 1.19949317 0.452043831
    0.477695376 1.34636009 0.490183145 1.0198406 1.07167542 1.09542954
    0.678124189 1.03074634 1.38408113 1.12187231 1.12878978 0.767252624
    1.17198908 1.3689239 1.10042834 1.32497203 0.891218841 1.41525292
    1.22593975 0.651465058 0.930157244 1.41075146 0.558650196
    0.948393703 0.856428623 0.697109163 0.699863911 1.22243571
    1.34205914 0.976548433 1.05166411 0.753705323 0.760464787
    0.997712731 1.18998456 0.629036784 1.19896972 1.46285629 1.08407342
    1.0653913 1.10962272 1.18664491 1.12627459 1.1437006 1.18200183
    0.57068193 0.833029807 0.546743512 1.33908081 1.18268514 1.44341469
    0.898588419 1.34212053 0.909404635 0.544893742 1.01270187
    0.817031205 1.37174833 1.07417583 1.2364558 0.647146702 1.33788347
    0.842266619 0.830548942 0.901241004 1.24380863 1.22837543 1.33631599
    1.41507149 0.5101794 0.549172461 1.46937335 1.36901939 1.1351614
    1.3591677 0.651748061 0.939203978 0.780120015 0.889257133 1.15595865
    0.915901124 1.43227768 1.14223397 1.09093726 1.15591085 1.15425277
    1.08806062 0.709323347 1.00230861 0.675891638 0.545753241
    0.690142691 0.934309363 1.13509071 0.725102127 0.530058742
    0.749903321 0.780411839 1.49778414 0.89717412 1.40190852 1.47065353
    0.816612899 0.951562285 1.03763294 0.621219575 0.662956417
    1.32866168 0.536510825 1.00248623 0.707844079 1.27192163 1.35228539
    0.742348552 1.02988815 0.797464907 0.764594018 1.14392829
    0.701144338 0.4941383 1.00403714 0.58556664 0.886425018 0.627606034
    0.697228014 1.3505286 0.699310839 0.533260405 0.565505624 1.13271594
    1.04615963 1.48617697 0.778795779 0.692071557 1.1602267 0.986823142
    1.17810369 0.568255603 1.25534105 0.560367525 0.956705391 0.99842757
    0.508155525 0.607755303 1.15310836 1.06994605 1.20768046 1.13112807
    0.851453483 0.904406607 1.12117803 1.24599612 0.703004539 1.29727769
    0.783260167 0.757742345 1.37520885 0.599796057 1.4785161 1.31987882
    0.775881529 0.880543947 1.49389076 1.0086292 1.38843596 0.694298387
    0.6403023 1.39183319 1.29609561 0.796497583 0.566943288 1.15546346
    0.972216368 1.13744271 0.97428447 0.7669366 0.90781194 1.53628945
    1.1158402 0.784032345 0.884742439 0.944950223 1.32709789 0.748462677
    0.961589634 1.03644168 1.04088259 1.53918397 1.07822478 0.870286942
    1.52480078 1.0564934 1.35570943 0.839632988 0.7893641 0.73764354
    1.25204337 0.602653384 0.530822217 0.696074009 0.641057551
    1.07662082 0.561777115 1.31129277 1.39647472 0.528593004 1.16561735
    1.2795856 1.13387716 0.942265391 0.832634687 0.63205719 1.14179277
    0.872755885 0.798087597 0.957419634 0.918852329 1.44345927
    0.681989908 1.52399468 0.56658119 0.895803571 0.947183847 1.37645245
    1.01079059 1.31065202 1.16585553 1.44998443 0.837351978 1.38367736
    1.25320649 1.43389094 1.11738741 0.505805552 1.21498239 1.19479346
    0.488322705 0.644747078 1.01048577 0.757519305 0.994701803
    0.741364181 0.730406463 0.64557755 0.994093537 0.6709463 0.59663105
    0.631597459 0.707609951 0.577024758 0.50808382 1.39220667
    0.732663393 1.10540998 0.914748132 0.671579301 0.922341466
    0.949415565 0.915086508 1.29389858 1.39221787 1.1038624 1.12700737
    1.27296555 0.515363634 1.16812384 1.03341889 0.839072764 1.04913211
    1.22935927 1.23614788 0.649285436 1.3191092 0.870706499 0.912762046
    1.35631502 1.19820249 1.41245306 0.914919913 1.45983946 1.29767025
    1.22984695 1.06369197 1.34419453 1.35443997 1.04642451 0.91590929
    0.967223942 1.12953579 0.57493788 1.15457797 1.11153662 0.999978781
    0.739807189 0.67960012 1.15868866 0.635726392 1.39742613 1.18072963
    1.0354861 0.614448249 0.627231658 1.31303906 0.69325006 1.11274445
    1.01182342 0.509284854 1.33675134 1.39272261 0.663692832 1.44531071
    1.07391143 1.31078315 1.31884313 1.06796372 1.37304783 0.742451966
    0.721495807 1.21714246 1.11002326 0.633902192 0.650478721 1.44648802
    0.807685852 1.27052963 1.23493791 0.870379567 0.514605045
    0.607489407 1.35631454 1.2817682 1.11790287 0.956329405 1.19960022
    0.634516656 1.47200429 1.49873137 0.786686599 0.831701517 1.50995541
    0.590591371 1.20476425 1.49265742 1.03693557 0.900718391 1.3075254
    1.24278951 0.883779466 1.23392308 0.819396317 0.958713472
    0.561684787 1.41742837 1.37878871 1.106745 1.0614388 1.30773151
    0.94684428 0.753287733 0.609586895 1.06889641 0.764335394 1.32573843
    0.828336477 1.07427549 0.838739693 0.716779292 1.03307474
    0.549493194 0.766535759 0.944557071 1.24808657 0.460270524
    1.16489387 1.42882001 0.566329718 1.33746028 0.640526116 0.999712944
    1.44403076 1.24058235 0.921785593 0.554852068 0.58525455 0.741696
    0.94492358 1.1496042 1.07296085 1.26607847 1.17578208 1.4688561
    1.18893838 0.744813323 0.968313217 0.970319688 0.678450167
    1.01930952 1.10906911 0.861036062 0.930853069 0.823337078 1.14078748
    0.821042657 1.23928082 0.690750957 0.881995559 1.42784011
    0.971890152 0.883730173 1.10183716 1.37894881 0.843252838 1.40517616
    0.625300109 1.16870558 1.50284684 1.20763981 1.50130069 0.830730379
    0.753367305 1.45348918 1.14488959 0.991319597 1.52403641 1.2619288
    0.901304126 0.600361824 1.40288198 1.24429023 0.813517213
    0.868731678 1.53620958 1.31109786 1.41858304 1.20924222 0.813167036
    0.63253361 0.948567867 1.19260979 0.584387898 1.40858567 0.976837993
    1.40637469 1.19941258 1.38522041 0.793227077 0.670354784 0.639151156
    0.832821846 0.988880932 0.985963464 1.42917037 1.04095769 1.12070692
    1.18546879 1.11169159 1.1067636 0.79159981 0.788248539 0.481890798
    1.31006014 1.06606543 0.950271547 0.910068095 1.26390302 1.03471172
    1.27546942 0.870250583 0.612764955 1.42870843 0.97678858 1.46362495
    1.39428329 1.53924167 1.11370158 0.794824064 1.19196403 1.35909307
    1.31498373 0.970778346 0.606329441 0.527973175 0.76745522 1.42853975
    0.717003345 1.05790091 0.887490809 1.22641051 1.37273693 0.97397083
    0.791912019 1.37964332 1.0445962 1.17810428 1.43396974 1.24038684
    1.04174435 0.815555453 0.787815988 1.22119999 0.496706545
    0.845953941 0.768528879 0.66685307 1.21681142 1.16743279 1.0889473
    0.682882965 1.33270001 0.566940963 0.654715896 1.18536925
    0.828284025 0.838167906 0.878073096 0.484345078 0.493232757
    1.13128281 0.63778013 0.593648791 1.2325089 0.902806461 0.675824642
    0.724540591 0.568143785 1.32218587 0.757960021 0.898392677
    1.38953209 1.40358162 1.22931111 1.25192499 1.30603445 1.39175534
    1.2982465 1.5168891 1.21484721 1.17404711 0.867427349 1.10404921
    1.4414804 0.910843134 1.38393998 1.36754227 1.38241673 1.24278116
    0.518198431 1.17759073 0.925060153 1.4735564 0.662154257 1.09257674
    0.574536502 0.917178929 1.00769877 0.644841909 0.802244484
    1.07694447 0.842324197 1.232939 1.19915879 0.809953094 0.863037646
    1.20178938 0.566529512 0.811325431 0.687530279 1.2533344 1.41123402
    0.507986605 0.698048949 0.560753167 0.622200489 1.00041866
    0.521019459 1.12340903 0.673183262 1.00590467 0.880467057
    0.647256136 1.40490794 1.02883494 1.17906535 1.03436983 1.13905835
    0.879278064 1.49686217 0.958479166 0.705132961 0.973463118
    0.939751208 0.560722232 1.24221444 1.55278385 1.36622095 1.30270457
    0.9242962 1.43088245 0.791890383 1.45132077 1.38741624 1.1754266
    0.818722069 1.1512332 1.28015172 1.15483201 1.16198552 0.535984993
    0.827022612 1.26614034 0.889011562 1.14651859 1.29194903 0.786712289
    0.931109548 0.490102351 0.669444263 1.23997045 0.761838257
    0.617815435 1.20969379 0.982766271 0.852446377 1.33405507
    0.881189644 0.588459015 1.01607406 1.00647569 0.567803264
    0.511249661 1.21492064 0.824923098 0.445405424 0.641135335
    0.938989401 0.645957112 1.37884951 0.864006102 1.31717074 1.02093685
    0.64558357 0.593231022 1.27430928 1.39049447 1.13293028 1.49027121
    0.736113369 1.12319195 1.13082373 0.545199871 0.618827105 1.02047622
    0.745801389 0.898898959 1.46808672 0.627237678 1.15630865
    0.893372655 1.10347152 0.929260731 1.42885435 0.777427673
    0.947270989 1.23044753 1.34858501 0.582703352 0.670755088
    0.951226234 1.09023678 1.48053575 0.891389787 1.53241241 1.18477416
    1.45333099 1.3575331 1.30952084 0.808929622 1.29416132 0.819872916
    0.859548748 0.682656646 0.975026906 0.731978416 0.876008689
    0.706177056 1.49851227 0.629826188 0.781960011 0.784534812
    0.675506592 0.777331889 1.39340103 0.912016451 0.909047067
    1.12082791 1.14640641 0.987995028 0.896662176 0.94230628 1.34104264
    1.54016817 1.17047989 0.621950984 0.784767687 1.38072395 0.931835592
    1.34717703 1.3807224 0.628181398 0.971799433 1.20528579 0.639290452
    1.10937178 0.497630388 0.922146916 0.994549274 1.04020703
    0.645027459 0.554152012 0.70990473 0.974428117 1.23185313 1.49155712
    1.23078394 0.898269355 0.92401731 0.963538349 0.562914312 1.45119965
    1.01960063 1.36916685 1.50308752 0.887846708 0.6425246 1.14130068
    0.612309039 1.46140432 0.734014332 0.618645668 1.13371551
    0.965215504 0.918497264 0.880569935 0.899279416 0.860618949
    0.916939735 0.937431574 0.780477762 0.515881836 1.06914794
    0.51043433 0.642627001 0.550565064 1.36674488 1.27806234 0.643297017
    0.977857411 1.19540763 0.66446203 1.06066966 1.34039831 1.14609647
    1.30078948 1.14126003 1.17399549 1.08306181 0.928861201 0.710161209
    1.15055215 0.991848946 0.895019889 0.918863893 0.994233847
    0.987450421 0.803327322 0.580198109 1.23324096 1.39936113
    0.693764627 0.510653377 1.24442458 1.40638518 0.970796406 1.2584399
    1.27685356 1.45249605 1.33313727 0.919165492 1.44006038 1.04176021
    1.52185047 0.8465873 1.44144952 0.783704877 1.16326773 1.4260447
    1.12472486 0.834725082 1.51640916 1.27272928 0.526363909 1.00853395
    1.14065921 0.606041014 0.490570337 0.727151275 0.943024874
    0.798678339 1.20391428 0.92564249 0.482494175 1.03434312 0.900265276
    1.28923512 0.512471557 0.571762323 1.12358439 0.49764961 1.30359256
    0.844853342 1.49302566 1.11729848 0.577167749 0.752524376 1.35297966
    1.46458983 1.50483072 1.27128553 0.8863976 1.42828071 1.18980181
    1.007303 1.22550941 1.05261099 1.22595251 0.77513957 1.20776987
    1.38714147 0.79792285 0.71438992 0.686728776 1.24918342 0.67471379
    1.43110359 1.00981247 1.10287035 1.18111992 1.00624919 1.36904025
    0.640194595 1.5293901 0.973864138 1.0188911 1.22947359 1.1976248
    1.05739963 1.08243191 1.24261999 1.2241677 0.663121283 0.733072877
    0.530936897 1.33944809 0.747384131 0.614667416 1.32196701 1.22414351
    1.48125339 0.639400125 1.30365872 1.22435486 1.43743277 0.53280282
    0.854005933 0.7336303 0.699841738 1.35146677 0.88945049 0.608376682
    0.515396059 0.815425515 1.31387019 0.487835079 1.36653578
    0.469480574 0.416140467 0.453060001 1.34835982 1.01701975
    0.942399681 1.37298477 0.828954339 1.20938814 0.821305931 1.38777816
    1.05446327 1.11875522 0.543425858 1.390697 1.4901731 1.01334131
    1.06868172 1.47665811 0.986375332 1.17392218 0.563727319 0.612933695
    1.04097772 1.44678748 0.971664667 1.01274085 1.3039335 1.52835357
    1.10952675 1.42606831 1.37060976 1.42745888 0.533720016 0.836869538
    0.839133978 1.31710792 0.600905538 1.07691479 0.816779554 1.43377435
    0.799496531 1.1213001 1.33708096 1.08100355 1.36974525 0.723199904
    0.563436925 0.960746229 1.49921513 1.40585494 1.27770114 0.723980784
    1.40130424 1.5114367 1.35203183 1.09659171 1.18772995 1.31411278
    1.12493658 0.727496386 1.38880682 1.51584744 1.4617964 0.617612779
    0.87075752 0.851083338 1.47971678 0.824796796 0.936214924 1.47921669
    1.41246128 1.30972338 1.33361101 1.49408937 0.68859607 1.13023221
    0.705706179 1.24757755 0.985921383 0.639545679 1.29884541
    0.946602345 1.35713458 1.44555926 0.662195086 1.0581286 1.2672205
    0.918488085 1.30842161 0.692204475 1.2512809 0.823266387 1.40967023
    1.07502115 1.39718485 1.175668 1.51200855 0.672158003 0.797294974
    0.604801953 1.36301577 1.29283834 0.929627419 1.24202919 1.10809445
    1.02337337 0.599674582 0.948395431 0.873030186 1.07785392 1.13461554
    1.21067584 0.800268412 1.35452235 1.26821303 1.18259752 0.857221127
    0.864480019 1.23422813 1.09101963 0.624413013 1.29174769 1.3768121
    0.931099236 1.21696031 0.961026669 0.842175126 1.26972568 1.1115346
    1.26819181 0.554285467 0.665871859 0.962490678 1.39360607
    0.734546602 1.44107914 0.904841721 0.799286008 0.79875344
    0.563902557 0.912682831 1.34486091 0.603467345 0.67585516 1.29369879
    1.25773668 0.573083818 1.06252599 1.14240766 0.600763559 1.01152301
    1.42462754 0.988618195 1.09988797 1.32880104 1.03050685 1.3601476
    1.5202198 0.697510958 1.03364074 1.47940695 1.27023041 1.36331832
    1.17270601 0.728071332 1.49903619 1.48967457 1.38173068 1.04446805
    1.10900652 0.839229226 0.52830416 0.619368672 1.30389166 0.841501296
    1.01809132 1.40279353 1.07237589 0.887963414 0.716634691 1.12113488
    1.15520644 0.821711361 0.944961607 0.97729373 0.751554787
    0.630182266 0.797842443 1.18068612 0.622033477 1.08543193 1.12024045
    0.595536768 1.36379719 1.36140096 1.17118502 1.05024087 0.982088029
    0.603861094 1.18783784 0.530125141 1.45214427 1.03068113 1.39741766
    0.586036563 1.11873627 0.883247018 1.05780542 1.10079753 0.939631641
    1.3457551 1.07031524 0.595619261 0.732558548 0.820662498 0.814145863
    0.808437288 1.02011132 1.09484649 0.553741515 1.30014527 0.801257432
    1.38962221 1.09137988 0.590024948 0.739083469 1.29815102 0.650373161
    1.47002578 1.13232744 1.4167068 1.09783876 1.28905237 1.31771958
    1.28152812 0.838030934 0.925019622 0.844447672 0.804776311
    0.644585967 1.45291805 0.780770063 0.883009851 1.17266834 1.08715749
    0.648571491 1.33849919 0.489595681 0.466296226 1.05124998
    0.637455344 0.497778207 0.683717847 0.673808932 0.496729285
    0.810173929 0.9699893 0.75009793 1.18844485 1.19254565 1.00319302
    0.822824419 0.757904053 0.524418235 0.762938738 1.22323906
    0.568034947 1.13507438 1.12564945 0.945135891 1.24616182 0.897440076
    0.900806844 1.13912034 1.42629158 0.965323746 1.38719368 0.53746736
    0.606968582 0.667381048 0.910878897 0.608297646 0.666070759
    0.887174606 1.13377583 0.856596172 1.0690155 1.06580603 1.37171161
    0.676198602 1.38536251 0.725293756 0.723448873 0.988170981
    1.23953056 1.08157456 0.870548427 1.36309099 0.767091274 1.54367566
    0.765468895 1.13156343 0.700410306 0.545118034 0.946232378
    1.02067506 0.740479648 0.658648729 1.2369653 1.39397359 0.639683008
    1.23647141 0.836013556 1.20362258 1.26541257 0.908528745 0.719021201
    1.08496714 1.44614589 1.49282885 0.736580908 0.658621967 1.35675395
    1.39034915 1.27360749 0.922871053 0.905325174 0.947069168
    0.855394423 1.14770114 0.666103363 0.927012742 0.581184328 0.7182706
    1.02160454 1.29557085 1.37463295 1.25722611 0.543394506 1.23311603
    0.759447217 1.094239 1.22795081 0.498432249 1.45042157 0.652388632
    1.40908825 1.37755191 0.710783064 1.20198882 1.3744756 1.20192695
    0.741178751 1.48782456 1.32017064 1.38319635 0.885444045 1.2855711
    0.773815513 0.868629336 1.4459759 1.34228528 1.45976245 0.860930741
    1.39838433 0.956927717 1.05898845 0.599327028 1.16439319 1.10376644
    1.22454202 0.925267696 1.24419737 0.719278097 1.3616333 0.564417422
    0.828260481 0.98576951 1.39221156 1.18251657 0.972123206 0.767011523
    0.634313762 0.664310038 0.832282841 1.40607226 1.31191397
    0.993084073 0.734493613 1.47537994 1.11974537 0.980283737 0.77407676
    0.520347297 1.25948238 0.864850938 1.12840891 1.06726158 1.1660459
    1.45774412 0.557897866 1.07066441 1.44469643 1.08876741 1.21901226
    1.24926138 0.888935268 1.12728727 0.893449128 0.750129998
    0.992605507 1.10037565 1.45398855 1.32361686 1.17333198 1.04625154
    1.50235796 0.858071983 0.608256757 1.39923418 0.924804926
    0.619273245 1.37456143 0.89495939 0.670952737 1.03594363 1.33870947
    1.37899208 1.29495955 0.686911702 0.628640831 1.04719663 1.17250073
    1.315593 1.33968711 0.774438202 0.625414848 0.703829408 1.09565532
    0.853457987 0.859491885 1.43232536 0.671433091 1.22784603
    0.772307634 0.881956816 1.17849243 1.31042087 1.20491087 0.754503071
    1.08039081 1.27580905 0.920041382 0.613362849 1.03719556 0.968672693
    0.591593742 0.680820346 1.32229686 0.922037244 1.31477404 0.67172575
    1.33214843 0.712410092 0.882927001 1.28493178 0.707297921
    0.885874748 0.69448173 1.23774278 0.844798982 0.740101755 0.55330193
    0.546065032 0.674637735 1.53003252 1.31535375 1.31238329 1.37696505
    0.869772673 1.1951052 1.24814737 1.27552879 0.569000483 1.21025908
    1.14852524 0.826942384 0.900766432 1.45025086 0.682702065 0.83840692
    1.35390425 0.577152967 0.629609764 0.643160284 0.782493055
    1.32626235 0.521185935 0.752507329 1.28521538 1.14631224 0.526474416
    1.02016759 1.02426159 1.29817557 1.4640907 0.717720091 1.26920521
    0.939242184 0.817163765 0.687803924 0.618482053 0.627285719
    0.672573388 0.657925189 0.627686143 1.32435894 1.34078681
    0.645639837 1.25674856 1.28026628 0.611579597 0.78036207 1.36398649
    1.42860651 1.48766208 0.583302021 1.36447573 0.905477822 1.19535625
    1.32403886 1.15669787 1.41044819 0.828883469 1.50995469 1.29016137
    1.00873327 0.87980026 1.22246218 1.02537441 0.751939654 1.51913965
    1.23695815 1.3610965 0.834636629 0.559055448 0.64486903 0.831555128
    1.45714021 1.21411693 1.42009854 1.20389986 0.610306263 1.06319189
    0.755439162 0.646485507 0.937728703 1.25717676 1.36066079
    0.593096852 1.23670197 1.3163271 0.545537829 1.43998027 1.08810055
    0.614155889 1.40955985 1.47934842 1.10067594 1.4361155 0.797554433
    1.09971607 1.07488871 1.45807815 0.758921862 1.4046551 0.883123517
    0.699232042 1.16136205 0.758785009 0.630241752 0.922721267
    0.843318939 0.812810302 1.16765177 0.854055643 1.36889267 1.38244164
    0.888073385 1.12194157 0.720247388 1.40551794 1.49908042 0.945013106
    0.523925006 0.592997789 0.935426652 0.872390389 1.40706849
    0.698697269 0.681522012 0.701073229 1.45341861 1.44870162
    0.676900625 0.747443199 1.31362927 1.47283995 0.88969779 1.54975462
    0.696186006 1.21219373 1.28977013 0.954045475 0.628878593 1.3897959
    1.40312743 0.779149055 0.985595703 1.1199789 1.08194983 1.39759994
    0.728829145 1.00770772 1.1997757 1.08767354 0.790572762 1.39226353
    0.560678542 1.39423943 0.870692611 0.869793892 1.34944391 1.34394276
    0.912433445 1.08858931 0.687243044 1.25856376 1.0418483 0.751530468
    0.678311825 1.23952627 0.704107285 0.64825058 1.51098216 0.857745349
    0.641998768 0.800853252 0.866488576 0.733014822 1.3464669 0.6797297
    0.817037404 0.781257272 0.52054888 1.05894434 1.16987872 0.621644139
    0.607354581 1.11523628 0.695589185 0.974710226 0.639993608
    0.899759591 1.45055008 1.22606993 0.856484771 1.34755969 1.17512822
    1.29427361 1.19866109 0.779829502 1.51827836 1.12331355 1.049788
    1.24928999 0.787420511 1.11593771 0.893654227 0.949230611
    0.947674453 0.592769325 0.546842992 1.45153511 0.857841849
    0.779610217 1.09830058 0.890572846 1.40286374 1.02757823 0.560490727
    0.795878887 1.48356962 1.20483172 0.789013684 0.900653362
    0.718856871 1.31530678 1.19165695 1.16949141 1.31960499 1.4320277
    0.634943306 0.801219702 0.828983426 1.18606412 0.697397709
    1.41824484 0.908992529 0.570053458 1.14082432 1.39079726 1.50210762
    1.319098 0.737284303 0.941839993 0.580806971 1.3805151 0.702213526
    1.17039013 0.802180111 1.11087763 0.855151176 1.49122262 0.789843738
    1.34625256 0.58069098 1.3126452 0.633924067 1.42336833 1.3425678
    0.756668389 0.795379519 1.38337958 1.00417948 0.856620073 1.05833399
    0.640226066 1.34423387 0.812119007 0.836419404 1.10144472 1.10049903
    1.2959764 0.760724008 1.32928729 0.982695401 0.671079338 1.2351203
    1.48157787 1.41894495 0.849009097 0.835789979 1.21424389 1.45330942
    1.38372099 1.45213842 1.29218233 1.38791084 1.08096266 0.915301323
    0.766188204 0.603318512 1.2980448 0.992936492 1.37643099 0.661726415
    1.1185571 0.547376037 0.826563716 0.44642821 0.478779256 0.547775149
    0.630144358 0.944858849 0.589037716 0.767335296 0.784249902
    1.35274744 0.536723197 1.08241081 1.05837226 1.17176676 0.778647006
    0.844855964 0.796471894 1.20167899 0.863484025 1.03138661
    0.953360736 1.18229783 0.851172984 0.653640628 0.944921434
    1.51338613 1.45915353 0.694396019 1.19644129 1.56704259 0.97105521
    1.03055573 1.35630429 0.697199881 1.03047776 1.15663457 0.635136545
    1.44331026 0.807158768 0.770994246 0.581227958 0.8730492 1.01388776
    1.3396455 1.50183892 1.45409954 1.20837235 0.673452735 0.708604038
    1.07199252 1.02233648 0.968855977 0.5912534 1.44045448 1.25895572
    1.14984429 0.569128752 0.693793178 0.994924307 1.22339571 1.38043344
    1.40179646 0.635571957 1.45635414 0.538733542 0.914201915
    0.600348771 1.00324559 1.27153206 0.704879105 0.730331242 1.49467051
    1.32112575 1.42855442 0.634129763 0.985716343 1.21718776 0.540690303
    1.34796154 1.35605562 1.112216 1.12380087 0.608131289 1.01073503
    0.583690763 1.30219436 0.756685913 0.960706651 0.809285343
    1.48189449 0.599383116 0.974707961 1.28264928 1.26246548 0.673851728
    0.614567041 1.38727927 0.80966866 0.54885149 1.32816589 1.4852289
    1.42812049 0.886211693 1.27750528 1.27191341 1.28681076 1.06468666
    1.28535891 0.901588261 0.849834383 0.743799925 1.29540849
    0.729422748 0.481428474 1.02955437 0.826752543 0.487429589
    0.801941097 1.23550618 1.06043398 0.826521873 0.903461218 1.29934525
    1.42890334 1.19354749 1.07081068 1.32859874 0.848226786 1.41360712
    1.08687449 1.54909611 0.912446558 1.25437582 0.705775261 0.811986983
    0.956019223 1.04474735 0.647271395 1.18072879 1.42985356 1.49909532
    1.31070065 1.10671377 0.984481156 1.23018324 1.06843829 1.23335779
    1.1591748 1.48103201 0.818921268 1.18883967 0.898134828 0.87906605
    1.01316953 0.957586288 1.30353153 0.962796152 1.299734 0.866958737
    1.10100496 1.21725023 0.687835753 0.960555792 1.08667922 1.03151417
    1.11035454 0.866898596 0.597598612 0.839928448 1.09214461 1.46028006
    0.967395067 1.28050125 0.531255066 0.902094185 1.43148589
    0.662850082 0.516652226 0.576227307 0.843582928 1.04043138
    0.835719407 0.966068804 0.823083043 0.807157218 0.768472731
    1.17214835 1.39636004 1.14330161 0.593949914 0.692696631 0.591720581
    1.02514505 1.15850902 1.21721387 1.30453217 1.42213857 0.621219516
    1.20710993 0.645377576 0.868101716 1.30280995 1.17952001 1.36420059
    1.46257102 0.824400365 1.51202226 0.869991183 1.0547123 1.25726533
    1.23676872 0.895210266 1.3924154 0.730327845 1.12487996 0.975804865
    0.565863431 0.626596212 1.26312411 1.53056598 0.810139358 1.33287501
    0.702992022 1.43024385 1.28501272 0.552072585 0.699056864
    0.561312079 1.09073079 0.547389448 0.922262788 1.22054613
    0.677691758 0.628833294 1.32477415 0.814137757 0.83214426 1.2792747
    0.648937047 0.530428648 0.880427182 1.44021153 1.03947532
    0.647696376 1.04060328 1.24808609 0.58754462 1.1591202 1.35195637
    0.673224032 1.25336504 0.836732507 1.41615176 0.744127512
    0.687832892 0.858824074 0.886222422 1.32953238 1.30729282 0.47533232
    0.549304187 1.15724885 0.689461827 1.23527515 1.05303323 1.27659583
    1.19569588 0.545357108 1.22141373 0.815241575 0.855933726 1.08768713
    1.41747808 1.2447896 0.855572879 1.19525766 0.94781369 1.40987647
    0.749811292 0.636274934 0.646429062 1.29179466 1.46152043 1.55371284
    0.650260806 1.49888659 0.827902198 1.303249 0.689756811 0.888074338
    1.08117628 0.736985385 0.875333607 0.492601931 1.01572955 1.07889688
    1.06666076 0.679336965 1.32046306 0.659736931 1.51235139 0.698334932
    0.778096855 0.752477407 0.768675148 1.23167694 0.720963478
    0.974729478 1.31586003 0.757313848 0.731729388 0.615332842
    1.47217727 1.04863417 1.09944475 0.919924736 1.31101465 0.71184504
    0.899304748 1.0164386 1.02578735 1.43822432 0.563841224 0.634671271
    1.17126751 1.42374563 0.761457205 0.667819619 0.71386981 0.658509076
    1.05633366 0.849496365 0.758719563 0.695936143 1.03405118 1.41070664
    0.839689016 1.3909409 1.25529718 0.548168421 0.741608202 0.594383955
    0.817300558 1.46646333 1.46646059 1.01769221 1.21199548 1.27231264
    1.19593751 0.905757606 0.882906616 0.540155828 0.764398217
    1.17327678 1.02885067 0.663907707 1.47056651 1.30837488 0.931775093
    1.50938749 0.611607075 1.292364 1.5343132 1.18241751 1.19119895
    1.1824342 0.64127183 0.726486623 1.28502738 0.544553459 0.723662674
    0.695477128 0.527914166 1.03175807 0.983855009 1.37242055 1.29676342
    1.33936965 1.01971257 1.37629294 1.53290534 1.096802 0.548187852
    1.5345192 0.585500658 1.07431495 1.43265092 1.35258722 0.616694212
    1.36732852 1.41719222 0.63732636 0.999307096 0.627751768 0.864294946
    1.22235298 0.943155825 1.13145721 0.86610043 0.858638883 1.3522917
    0.548874915 1.11352491 0.960652173 1.08520222 1.03895378 1.2345804
    1.19816029 0.809839547 1.3274076 1.32284904 1.22246337 0.983527303
    0.924592078 0.767819405 1.11176229 0.828354955 1.17038155 1.52755034
    1.12872863 1.39031839 0.890750051 0.885247767 1.40196955 0.686361015
    0.971237123 1.10283804 0.876957953 0.677918851 0.540279746
    1.39245427 1.04206848 0.715151727 0.983624399 0.891666293 1.10142052
    1.36636555 1.23417544 0.758353174 1.21997249 0.871914864 1.03475165
    0.891622722 1.08042407 1.4812299 1.09449768 1.24080336 1.07439077
    1.12156022 0.854633093 0.517297328 1.02622795 0.726099849
    0.601699769 0.744325995 1.17285204 0.578405976 0.957106113
    1.41143584 0.874242961 0.626631439 1.35302567 1.1682198 0.738318622
    1.48691595 0.746675968 0.624610007 1.46234572 0.854982376 1.09319472
    0.747192025 0.843727887 1.48396111 0.589067817 1.30937672 1.33697867
    1.10095739 1.11531198 0.692963481 0.845537782 0.989644945 1.46032977
    1.24508095 0.770018756 1.12048852 0.642680705 0.602958858
    0.707881033 1.13407016 1.21871948 1.3763119 0.710526705 1.15133762
    1.22728181 1.02068412 0.876067877 1.46167016 0.511040866 0.829225063
    0.953275979 0.748398721 1.437621 0.704532027 0.617958128 0.767808259
    0.658346832 0.594632208 1.4492085 0.619555473 0.581596732
    0.786523104 0.744255066 0.783109069 0.805547774 0.976029694
    1.19363916 0.561792374 0.671195328 0.925032556 0.754113972 1.1235112
    0.933264613 0.889553726 0.781860232 1.27457404 1.34604394
    0.738394141 0.533073485 0.565941215 1.11499357 0.93283546
    0.980876565 0.603902638 1.33626938 0.978412271 0.948390782
    0.882793665 0.757567346 1.51799071 0.794860363 1.05488479 1.2535584
    1.524068 0.824065268 0.55023104 1.45511365 1.35059583 0.640275598
    1.40246773 1.44403255 1.39940846 0.51640451 1.35850883 0.810789108
    1.36881709 0.597599149 1.20378673 1.41458046 0.822159529 0.85354811
    1.15489662 1.4725436 0.685380697 1.30288923 1.22908974 0.972271025
    1.38764286 1.15150189 0.623161077 1.21172512 1.47043395 0.719280601
    1.11383963 0.868105888 1.12301242 0.849834025 0.603570223
    0.753590822 1.10817504 1.11968923 1.02261496 1.18152976 0.575201571
    0.783233821 1.50417066 0.561320901 0.54903841 1.15828991 1.42892158
    0.772993565 0.776950479 0.980797291 1.35641074 1.03792369
    0.663685679 0.517228007 0.832992792 1.03606331 1.33753967
    0.497185737 1.37807834 0.997802258 1.42715394 1.20430243 1.47711587
    1.19609833 0.688734412 1.12000537 0.731368959 0.961070418 1.25789189
    0.809033215 1.38024116 1.42709482 1.34566617 1.47357726 1.04470468
    1.0823009 1.26986694 1.05602586 0.774941742 1.25953865 0.633271039
    0.858255744 0.807812393 0.705564797 0.498014748 0.921472132
    1.20404649 0.626545131 1.05800164 0.524910569 1.14665771 1.00221193
    0.808053315 0.70471555 1.11276364 0.958414555 1.04442108 1.13987374
    1.25975704 0.905828476 1.00112903 1.33721876 1.2178582 1.28544021
    1.44045568 1.16894495 1.15882051 1.0672704 0.849904776 0.701882482
    0.76128602 0.629720807 1.47996354 1.29893315 1.39077985 1.06596541
    0.618851066 1.05522227 0.808601022 1.1718812 0.523495853 1.45408201
    0.883533478 1.23648 1.12309372 0.633315802 1.24085438 0.813027084
    1.16971755 0.830698073 1.38906789 1.183972 0.699952066 1.30557323
    0.629446924 1.24092436 0.508792877 0.935709715 1.08161104 1.03294611
    1.34815729 1.44406617 0.533870459 1.1103617 0.82178998 1.11547732
    0.717378438 0.738763511 0.809981287 0.770549774 1.38161111
    1.29779828 1.29811108 0.971800387 1.19832885 1.06064057 0.597102344
    0.654525697 0.742247283 0.613259435 0.967097223 0.904009461
    0.517830193 1.27164948 0.577920139 0.564392269 1.27393031
    0.966095567 0.884084582 1.32892239 1.20585942 0.566753089 1.44354391
    1.46351719 1.25564134 0.535942674 0.957298815 1.46084964 0.66513288
    0.621721804 1.04521012 1.11010599 0.686367393 1.0704006 1.30514777
    1.12294972 1.45447075 1.40427387 1.27624238 1.24498403 1.4284519
    1.45252657 1.457919 0.782828331 1.22575569 1.11295998 1.2560333
    1.28213239 1.42615139 0.501781762 0.947893322 1.41966701 1.10305405
    1.42859054 1.45277035 0.921497345 0.641033709 1.26392674 0.593049467
    0.579566777 0.553443789 1.34284759 0.655918002 1.13747776 1.16501451
    0.707531571 1.15192592 1.54359317 0.979073763 1.46593094 0.90391767
    0.919054985 1.07154012 0.938098609 0.792247891 1.15226507 1.32444739
    0.952971458 0.666338623 1.16369295 0.957631886 1.25250864
    0.889998078 1.05367267 0.586329579 0.748456657 0.891180992
    0.823076427 1.09439123 0.531850934 1.41636491 0.992496908
    0.951330602 1.4737879 0.759605706 1.46066284 0.569089532 1.22906291
    1.47832823 0.752634048 1.45609772 1.57231295 0.636627376 1.46991217
    1.46685266 1.4455781 0.807531595 1.23396087 0.673941672 1.30923581
    1.26639211 1.0362972 0.578568995 1.35464942 0.510674119 1.33635271
    0.857909739 0.648118019 1.31774247 0.825700521 0.576538384
    1.15960693 0.56731689 1.3840934 1.09699047 1.024436 0.777590573
    1.1421448 1.31965935 1.17617571 0.905444324 0.58982867 0.959220707
    1.08198786 0.650112808 1.45835471 0.545277476 0.779722273 1.46324348
    0.714974999 1.48029077 0.538309455 1.17095363 1.36163509 0.81273514
    1.25080514 1.48276722 0.699724674 1.48124719 1.18350184 1.2075206
    1.21054971 0.606973708 0.941491723 0.791902542 1.12348008 1.32717359
    1.19198179 0.72847122 1.24029803 0.671588957 0.623695076 1.19269526
    1.01048255 1.05614066 1.43905985 1.49181628 1.0363481 1.3225621
    1.35611188 0.758390784 0.528646231 1.4308207 1.06603312 0.858447433
    1.11823881 1.28300095 1.01014256 0.946877778 0.732370377 1.06315649
    1.11666286 0.801640511 1.20162201 1.13657629 1.3324796 1.0641005
    0.628397942 1.04856968 0.768373549 0.613210082 1.19447374 1.27824771
    0.923239768 1.47387695 1.22931015 0.573958814 0.900071859
    0.646312535 1.30757678 0.957532406 1.40646279 1.50855851 0.839244008
    1.25525498 0.657764435 0.764350712 1.3263818 0.854289711 1.46367013
    0.623981416 0.725516379 1.1487397 0.669828296 0.581515551
    0.774975836 0.810439587 1.00214875 1.04719949 1.23508668 0.876280665
    1.16014564 1.17362618 1.32232928 1.07965922 0.753800511 0.612036407
    1.43330491 1.30988157 0.867353082 1.05288589 1.46251047 1.48449528
    0.919978499 1.43466389 1.17911971 0.970349073 0.650814772
    0.941944242 0.657441199 1.19487298 0.71029222 0.64569664 0.831142783
    1.28656888 1.19447362 0.49281773 1.32722759 1.19845855 1.28759778
    0.599174857 1.11932755 1.10058188 1.36233509 1.29579175 1.09297395
    0.926455855 0.6076473 1.26923573 1.36229384 1.37066209 0.685854435
    0.981986165 1.46741056 0.829159856 1.08914328 1.45602131 0.600969553
    0.507025063 1.19761837 1.12131739 1.19733548 0.882870376 1.24221659
    1.24570847 1.00369346 1.07882476 1.03327882 0.986276984 0.983661175
    0.711145163 0.509921789 0.703723013 1.11388004 1.04588819
    0.754343033 0.783627152 0.974856973 1.18831074 1.446208 1.20517766
    1.54316092 1.42906106 1.35967648 1.55286062 1.44771218 1.0505811
    1.03200305 1.45153248 1.29652619 1.23378921 0.988929272 0.625976324
    1.05204582 1.05834424 0.560202062 1.29200459 0.524658978 1.19149661
    0.625378609 0.873032451 0.833970845 1.19462895 1.10483563
    0.510671854 1.09700012 1.50232029 0.664040864 0.714805365
    0.806344628 1.21585989 1.17692208 1.20870304 1.41082489 1.48389471
    0.710428894 1.31927013 1.51384175 0.903360188 0.972242951
    0.938778341 1.32657552 1.41551971 0.460363686 1.01152694 0.832649708
    1.33026445 1.0228467 0.889627159 1.3414408 0.765843928 1.08087599
    0.536129177 0.654341936 1.12750125 0.996190369 0.716779172
    1.40738213 0.954067528 1.37497556 0.798345923 1.34902072 0.798170149
    0.793414772 0.609603524 1.11410904 0.556231737 1.11474538 1.08837283
    1.2707355 1.49271107 0.960253358 1.49990094 1.22691572 1.57404387
    1.25984454 0.940307856 0.730798483 0.87798363 0.723279536 1.05981779
    0.76102674 1.41536355 0.746784568 1.50338531 1.29534543 1.42767024
    1.19470716 0.894344389 1.01332486 0.842404425 0.546315968 1.4646312
    0.98182112 0.726411343 1.31086922 1.1645261 1.31670439 1.4382112
    1.38327348 1.063905 1.2775811 1.45567536 0.864996076 1.09510505
    1.19157529 1.33159184 0.657261372 0.73941952 0.733418941 0.776725471
    0.80752635 1.23353672 1.24806428 1.11531246 0.673308849 1.20787263
    1.06216979 1.06846428 0.960812151 0.630024791 1.2332617 0.593610525
    0.794120371 0.653517306 1.16710401 0.627779782 0.580538452
    0.906927764 0.841082215 0.570702732 1.1805377 0.61341995 1.26474679
    1.35195255 0.727151752 0.98758477 1.26949513 1.29749703 0.892248452
    1.16926467 1.46263862 1.29374611 1.4806056 0.821389914 1.24524987
    0.747787178 0.673947215 0.788289785 1.28045905 1.38638687
    0.898665607 1.16443121 0.847589493 1.02252948 1.06419694 0.551427662
    1.16987991 1.16783607 0.761366248 1.18075299 0.581748307 0.759675086
    1.00532484 1.03917444 0.99935168 0.621520102 1.51839995 1.47573292
    0.82952255 1.29192281 1.24365461 1.34954214 0.865306616 1.21098018
    1.13304412 1.18944263 1.09026122 1.01725757 0.773802876 1.47848392
    0.971528471 1.25965524 0.632280767 0.879773796 1.28628314 1.44852185
    1.10846198 1.37395525 1.42534733 0.693911195 0.845817745 1.02260554
    1.45076764 0.699469447 0.817039967 0.968937039 0.754698157 1.0912782
    1.38236058 1.29123509 0.966313064 1.36194396 1.40026546 1.24146605
    0.904827178 1.20790565 0.984852612 1.3565737 0.552674949 0.56983757
    0.785694957 0.863271654 0.974541783 1.36144936 0.986924112
    1.44228697 1.3387835 1.28144515 1.15356326 0.601423085 1.28735101
    1.34245825 0.674797475 1.02641988 1.50869882 1.05101466 1.44508815
    1.48057222 1.09940755 1.37829292 1.3309598 0.806445897 0.969458163
    1.2066046 0.467892289 0.918888867 1.07603908 0.889444768 1.19241846
    1.14239085 1.14788878 1.25070608 0.551490009 0.877131641 0.890179098
    0.946900845 1.32663143 0.790317476 1.43197978 1.22808778 1.2247684
    1.56032944 1.51939583 1.22256994 1.40265143 1.06344914 0.698150456
    0.796084344 1.35776138 1.30541682 0.625486612 0.809552729 1.52658045
    0.746340275 0.702793837 1.13105559 0.831783473 0.993389368
    0.938481867 1.30452681 0.599024773 1.42604017 0.861071467 1.21286345
    0.692067027 1.36834502 1.16475546 1.42032814 0.686326206 0.914203703
    0.580688298 0.617267549 0.705653489 0.815681219 1.36440229
    1.10541403 1.43705094 0.779285073 0.939197421 1.39692485 1.41872954
    0.880476773 1.25339282 1.51358294 1.26160657 0.683457553 0.636930645
    0.519746304 0.541081667 0.928988099 1.47167039 1.15928531 1.21843517
    0.575260878 1.16516685 0.852627218 0.580088556 1.31369424 1.08269513
    1.20538795 1.01111364 0.659097016 0.652974188 0.491951108 1.11220348
    0.521124899 0.911175072 0.926276982 0.842423677 1.26461887
    0.957546413 1.48229516 1.01599765 0.906960368 0.844438136 1.18214262
    1.49990344 0.829055429 1.09268558 1.40521693 0.602545261 0.978212535
    1.2475481 0.77912569 1.36451399 1.2695055 0.528142393 1.50878286
    0.629761338 0.590869367 1.10712421 0.539804161 1.2617166 0.781081915
    1.11068988 1.49665093 1.03593516 0.874903798 1.37271225 0.518671393
    1.09609795 1.24120402 0.777508438 0.810964346 1.44790518 1.21798182
    1.24875975 0.532565594 0.620187759 0.619381011 0.711699724
    1.49169433 0.893677056 1.27212036 0.932025194 1.00689828 0.653689504
    1.32627499 1.32987261 0.596290469 1.09282541 1.34149981 1.33095813
    1.34613001 1.02399731 1.20797443 1.07351303 1.04853642 1.10586166
    0.796987355 0.838974059 1.06622887 0.970494092 1.04579091 1.25693381
    0.53219074 0.842605531 1.18545389 0.643106163 1.33316648 0.690140605
    1.08420813 0.743923485 0.611798704 1.50233006 0.886183739 1.37693489
    0.657889247 1.52652347 0.623215377 1.34375167 0.955456138 1.03067958
    1.19989312 1.37394857 1.48229635 0.868168294 0.964570642 0.911875546
    0.689047575 0.926885664 0.618662715 0.801691771 0.912017167
    0.535174847 1.36463058 0.962056577 1.42035258 0.763889909 1.32496703
    1.15088582 1.24370563 1.45664227 0.840043366 1.42461157 1.31857777
    1.17711651 1.05085719 0.726113021 0.55775249 1.47576404 1.18148613
    0.578662097 0.949523032 0.715640306 1.27469742 1.41449451
    0.786740124 0.522994757 0.773331404 1.04267621 0.719319522
    1.02944136 0.514410496 1.23963153 1.0697422 0.662528396 0.741205394
    0.756572366 0.804337084 0.838125825 1.22684336 1.45879054
    0.628772736 1.33148336 0.933515906 0.858128846 1.05652559 1.41509938
    1.17480409 1.04956722 1.47539496 0.690961599 1.23621452 0.966597021
    0.663553059 0.772273421 1.11439013 1.06550968 0.836169302
    0.533489048 0.572654486 1.16769373 0.764245212 0.747025371
    0.54383713 1.35678935 1.30669737 0.499758959 0.861694634 0.914730132
    1.28302336 1.27308571 1.47949648 1.27925527 0.96648711 0.674226761
    1.2031132 0.597972035 0.636088192 0.859388828 0.637487531 1.05195725
    0.533288777 0.782185435 1.15457988 0.725697219 1.05195391
    0.533608556 1.05931365 1.3174969 0.530554652 1.0997268 1.46787798
    1.08529556 1.01258588 0.6149441 0.637510657 0.653260767 0.728849292
    1.486485 1.10197997 1.08001971 0.591998279 0.785518289 0.741680562
    1.19021499 1.28579605 0.924119413 1.19985855 0.834392607 1.37053728
    0.846071184 1.18207562 0.67537421 0.885228097 1.11519051 0.830388069
    1.29835463 1.407897 0.545920312 1.09341836 0.674431324 0.656337678
    1.25383973 1.2386924 1.21476471 0.671039879 0.676433861 1.2321434
    0.82166177 0.870223701 1.44486737 1.17857623 0.801317692 1.05303109
    1.50839388 0.881846786 1.2153827 1.02931833 1.15493977 1.41476965
    1.04721642 0.966814697 0.67575115 0.599219382 1.26473475 0.993602455
    1.08079541 0.79291743 1.08094537 1.05223048 1.31631875 1.32318318
    0.68694663 0.647060573 1.07511985 0.516642034 1.22365761 1.01811266
    1.13514793 0.477153003 0.889900744 1.243186 1.24131012 1.28253889
    1.02668905 1.33396184 0.906616688 1.21625757 0.653966367 0.92863816
    1.39833796 0.977145016 1.23207998 0.812710047 1.10236263 1.34198058
    1.15277934 1.37388718 0.649164081 1.35307384 0.684029102 0.508327961
    1.27637517 0.65249294 1.04543054 1.13939571 0.595936239 0.65552038
    1.1064229 1.38497663 1.0919255 0.821939886 1.30979872 0.965754509
    1.0026803 0.893212259 1.09539509 0.723182261 0.872711241 0.884576976
    0.743002176 1.33502328 0.674280703 1.04209805 0.54299593 1.48312795
    1.16940534 1.2983166 1.20113111 1.21518648 1.17221725 0.813993454
    1.39553916 0.549924076 0.852683008 1.27309668 0.518536866
    0.835968316 0.834737062 0.770300746 1.35865963 0.757542133
    0.995127738 1.48376453 0.662671745 0.62664628 1.01396227 0.636817694
    0.916814983 1.17691863 1.04618406 1.50716758 1.52487206 0.559288442
    1.02718794 1.55062759 1.37289977 0.997867882 1.4050684 0.63584131
    1.31027579 1.49442899 1.08412266 0.739538789 0.920077324 0.974698901
    1.506423 1.29271615 1.45433927 1.37245858 0.724984586 0.548872113
    1.3698585 1.30865526 0.824748814 0.741189003 0.890879989 0.80723393
    1.33399296 0.836109579 1.53924906 1.09518206 1.29587936 0.814261258
    0.751986206 1.1983875 0.908827245 1.26293063 1.09836102 1.10730577
    0.709663153 1.24448144 1.13520122 1.37677193 1.49514627 1.46989655
    0.53209126 1.42311966 0.932236969 0.656956971 0.633194745 1.02442837
    0.576213002 0.890514314 1.2203176 0.691023231 0.586547077 1.3698647
    0.931636393 1.32289624 0.895873725 1.39264357 0.78232646 0.59700644
    0.838152647 0.579161823 1.48678505 1.09078526 0.913581192
    0.708063364 0.621856928 0.654161692 1.26637566 0.975432158
    0.83618784 0.873704195 1.23748457 0.719522178 1.45040774 1.1127224
    0.561820447 1.1704818 1.27337706 1.22660995 1.3721025 1.52231765
    0.842267811 1.38170683 1.36498165 1.31675053 0.569465399 0.498376191
    0.670398176 0.584567964 0.722875237 1.4503423 0.81850189 0.687760949
    0.829063594 1.29880476 0.689689577 0.817778826 0.805760503
    0.953865349 0.799200952 0.952579916 0.628497601 1.45111394
    1.02763546 0.729034841 1.10919178 1.32778192 0.876011312 0.789997399
    1.00431454 1.4955157 0.856304169 1.4258858 1.05507088 1.00904834
    1.40846062 1.26765418 1.32216954 1.08618021 1.10910571 1.42569017
    1.49943888 1.21453965 0.844020188 1.32958734 1.16497743 1.54547334
    1.31705427 0.830128789 1.49770308 1.21599472 0.644786596 0.949585319
    0.514960289 0.697385848 1.37740457 0.907479107 0.697590113
    0.647576749 0.56542623 0.810616434 0.925123453 1.46369815 1.37360632
    0.972095072 0.963001013 0.978605866 1.04125011 0.493030369
    1.25493753 1.22314477 1.41873837 1.25723279 1.51332176 1.04735661
    0.639625967 1.4357686 1.13107908 0.988020718 1.12589705 1.05069888
    0.828518808 0.892785013 1.44898796 0.749644399 0.519155204
    0.616855741 1.29378879 1.02416694 1.03557312 1.44799852 1.46282578
    1.13465977 1.2663939 0.738745987 1.39922059 1.12886834 0.832705677
    0.493963391 0.463802457 0.922955215 1.11252856 0.720489323
    1.12117195 0.67219007 1.26243925 1.52102578 0.742793441 1.33057475
    1.32042515 1.13486707 1.12168288 1.50743139 0.856613815 1.54082704
    1.31804466 0.940242589 1.11629224 0.890889108 1.25972068 1.33754408
    0.962856114 1.02270675 0.516162872 1.26172948 0.920241237 1.35811782
    0.726828575 0.499825716 1.3295058 0.73483032 0.834254622 0.494246155
    0.799207449 0.771271288 1.16994131 1.1827172 0.855077624 1.05213809
    1.19195259 0.997093141 0.917962968 0.900982678 1.40076423 1.21882904
    0.757079899 1.06811368 0.645604312 1.02680504 1.50835192 0.62657845
    1.24563754 1.24630022 0.755725086 0.528738976 1.19997919 1.30110073
    0.712476015 0.5842278 1.07019758 1.14233172 0.759483933 0.938376665
    1.09291315 0.577334583 1.09257436 0.967852354 1.21341133 0.72776401
    0.507875144 1.13908625 0.702100694 1.34425139 0.990042984 1.20477414
    1.53527534 1.10197258 1.53584599 0.839118063 1.03064263 1.07338953
    0.80976963 1.03250551 1.28295743 0.589614749 0.616662979 1.43012559
    1.00653541 1.40766048 0.668810368 0.798475742 1.25937796 1.44106925
    0.716118217 0.480075747 1.27824104 0.676618576 1.01062381 1.1821543
    1.39751136 1.29908931 1.30213737 1.03506064 0.847140849 1.36246729
    0.745626986 0.776513517 0.80846554 1.38134754 0.772295177
    0.918786108 0.79257381 1.54398906 0.809681535 1.16391242 1.4926846
    0.921593785 0.666433573 1.15276265 1.15602207 1.38958108 1.21731603
    1.2842586 1.11012268 0.69738692 0.757790267 1.24931109 0.614732563
    0.57212472 0.767809033 1.36783981 1.32255864 0.964859843 0.911545336
    1.27126503 0.751703441 0.52529043 1.21094501 1.06329727 0.601149738
    0.945243418 0.603764772 1.27309382 1.38285744 0.978890181
    0.877826333 0.560904741 0.694372594 0.503767788 0.711724579
    1.19620311 1.24994659 0.880836606 0.635225058 1.17244852 1.06626201
    0.838319004 1.01804531 0.644385219 0.614743173 0.832095861
    1.18226075 1.11492693 1.36334372 0.837236285 0.916785121 0.509815931
    0.621736288 0.738219857 0.830587626 1.44698429 0.672198594
    0.820277631 0.944851041 0.616994858 0.59553653 0.521512985
    0.536712646 0.595053017 1.08193398 1.05644166 1.08962071 1.16052198
    0.507045746 1.40466619 1.41419971 0.830084383 0.553417146 1.24514091
    0.821003616 0.530145645 1.03764045 1.00389206 0.974063396
    0.781131923 1.19690228 1.52966738 1.09751022 1.30551445 1.22746015
    0.594831884 1.00758576 0.995589316 0.930233061 0.697372615
    0.778097093 0.532419741 0.567885756 1.18340492 1.02453041 1.35553133
    0.522235155 0.903242707 0.823689818 0.850284755 0.882230639
    0.760745108 1.46445739 1.29230809 0.676400602 0.576586485
    0.598653018 1.08158755 0.835936129 0.600174248 1.46933615 1.2048918
    0.847351253 0.967383385 0.594545424 1.27509153 1.28785658 1.0073899
    0.618091881 0.666340649 1.26838505 0.872571111 0.963689208
    0.596456766 1.0216831 0.776107848 0.946098328 0.81518507 1.39884305
    0.970563591 0.552020431 0.895443916 1.16236985 0.947360992
    0.65249908 1.09540248 1.23226917 0.589063048 0.933670759 0.571703196
    1.04911101 0.458717912 0.719607949 0.680896223 0.541353941
    0.79418838 0.903902531 1.32497001 0.916986227 0.614636481
    0.841718435 1.27750683 1.4727422 1.33738422 0.604876757 1.49495578
    1.54452193 1.20558417 1.28063309 1.53102994 1.3541075 1.42696321
    1.40819085 1.13325775 1.39972925 1.29842746 0.94207871 0.731565297
    1.38298106 1.14230323 1.47551823 0.724376023 1.17156875 0.835481703
    1.03830922 0.506868482 0.513915002 0.660051703 0.607954562
    0.652798593 0.927996516 1.20579541 1.1241399 1.02520645 0.848911047
    0.977018774 1.51188385 1.34111345 1.3232981 0.666343153 0.58392334
    1.07292163 1.14992213 1.48210812 0.569194317 1.12947392 0.963509023
    0.845229805 0.568102896 0.955360174 0.752678633 1.07488871
    1.40050709 0.862210393 0.515171766 1.08867633 0.945189059 1.01886237
    0.92667681 0.697415769 1.19335878 0.689549804 1.42613101 1.02564931
    1.35921371 0.993906379 0.775872052 0.670074403 0.780738473
    1.20959115 0.690618217 1.36931682 0.91975826 0.619698226 1.44737029
    0.919855177 0.944431782 1.08494031 1.40411329 1.09766221 1.25057518
    1.00497425 1.25728846 1.12859249 1.05908 1.12302577 0.974399924
    0.991736233 1.15891957 0.622556925 1.3616823 0.955681145 0.917615116
    1.25934827 1.35478032 1.51115942 1.43891299 0.999913573 1.37287939
    1.38031399 0.670968354 0.683398306 1.51041281 1.45174313 1.45004606
    1.11967456 1.01408637 0.985239923 0.801410258 1.07960558 1.45023763
    0.767049491 1.08567214 1.22878611 1.51087582 0.895034075 0.979643285
    1.16475821 1.16604781 0.655262828 0.751899302 1.34953868 0.530800402
    0.605993867 0.926682591 1.04120994 0.692678809 0.805774391
    0.526804209 1.49136043 0.897194207 1.06872594 1.50848067 0.888527155
    0.96099329 0.811988056 1.42694807 1.33095384 0.504729092 0.562200069
    1.0639801 1.49170518 0.841436982 1.48825264 1.12932932 0.644025326
    1.2963829 1.42806029 0.616707504 1.24735177 0.823447824 0.984255612
    0.548391461 0.524882376 1.4207803 0.907935739 0.558067143 0.98983705
    1.39674306 0.701883554 1.28779566 0.822322845 1.48372221 1.3662641
    1.23774934 1.02444005 1.33297932 1.23572648 1.10364437 1.03437543
    0.679638028 1.16116953 1.19582057 0.688347757 1.4865284 1.07231283
    0.949973047 1.24022341 0.655266643 1.18242681 1.44133317 1.33841729
    1.12259567 1.30576742 0.602288544 0.913511217 1.08060098 0.977134228
    0.952699363 1.03988409 1.21029496 0.905394018 1.42482829 1.02985299
    0.781134129 1.39137185 1.07645977 0.849748492 1.33166361 0.56711483
    0.752394915 1.24921834 0.792866349 1.38674915 0.717214286
    0.949730992 1.44511831 1.08764231 0.924449146 1.25129271 1.36335421
    0.618069768 1.3465842 0.733897269 1.16560388 0.52136004 0.629293621
    1.14529407 1.05471539 1.20012307 0.92784673 0.864139438 1.05267465
    0.952887893 0.544530451 0.697016656 0.987349808 1.29081297
    0.810159743 1.18605351 0.966068029 0.97057426 1.2356385 1.00446117
    0.692471147 1.5252738 1.52536118 1.44272482 1.37503183 0.645646334
    1.05812407 1.04084039 1.20565486 0.447963536 0.982921422 0.917621434
    0.460753858 0.696879625 0.439052939 0.790142119 1.41554677
    0.846771955 1.48433745 1.42493069 1.49009609 1.01383078 1.34124839
    0.722659588 0.609762371 0.807409525 1.01453948 0.537299216
    0.769722342 1.43059564 0.615894854 0.91482991 0.585017264
    0.638236761 0.69255805 0.922019005 1.13207948 0.455931813
    0.528419554 0.983749568 1.1682024 0.952354968 0.549421906
    0.857943773 1.32456779 1.03894019 0.555643737 1.37337482 1.3891896
    0.691968083 1.46529245 0.785623133 1.32574832 0.920421839
    0.719289601 1.16113794 1.42992604 0.696457863 0.990910232 1.06246138
    1.37372959 0.942254603 1.287534 1.11498404 0.672533751 0.734179676
    1.31889153 0.75356555 1.20997524 1.34826744 0.887413204 0.635412157
    1.01079941 1.30140626 1.24356401 1.19771349 1.08526051 0.92335856
    0.981304348 1.31871831 0.530834794 0.646681547 1.36235344 1.10881257
    0.612888694 0.926643908 1.5098325 0.700072169 0.839888394 1.18290973
    1.44923162 0.958853543 1.14210367 1.18154287 1.13810885 1.32880211
    1.45615089 0.859290183 1.14581025 1.18584359 1.53009224 0.676674306
    1.43382192 0.807393551 0.959016025 1.25956059 0.552266419
    0.706216991 0.849378943 1.14577043 0.859573722 0.778008878
    1.27285886 1.02869892 0.952904701 1.4877547 1.13476074 1.32445693
    1.17154193 1.46067464 0.69830066 1.56834877 0.616313577 1.39503229
    1.5340333 1.12417936 0.973119557 0.681468844 0.823172688 1.03011823
    1.10999858 0.896531701 1.40956378 1.09003043 0.570832253 1.06555271
    0.847552121 1.34097052 0.764150918 0.902371943 1.30456865 1.32803023
    1.22711182 0.661006629 0.665767252 0.647699952 1.10403264 0.81981504
    1.41489244 0.696397543 1.39801919 1.51093817 0.76605314 0.536746979
    1.36073637 1.03542912 0.727433145 0.57752037 1.01317549 0.641788065
    0.56758523 0.578557789 1.03674328 1.10369635 1.08151829 1.2503655
    1.53611553 1.47817516 1.43238306 0.601020694 1.06905353 1.34778559
    0.642712831 1.23994863 0.885730684 0.707760692 0.607420623
    0.639931619 0.541524291 0.457696766 0.89121002 0.918719113
    0.83072567 1.34255075 0.498372316 0.509621084 0.984347045
    0.579014242 0.625132501 1.29614294 0.709115922 1.29127645 1.28400731
    0.606771588 1.45763373 0.760427773 0.616677105 0.748812616
    1.21762669 1.101583 0.555269599 0.999658406 1.34143341 1.07907224
    1.10969818 1.27252483 1.47508883 0.634746075 0.741378188 1.08675432
    1.27980971 0.639881372 1.20401537 1.01751637 1.45707929 0.90970099
    0.701177001 1.2798351 0.548269451 1.28775024 1.34257531 0.72365886
    1.2818718 0.679740071 1.10718453 1.05873072 0.567485332 1.10314238
    0.948253095 1.05047643 0.532569408 1.11009431 1.11157775 1.42335749
    0.680418253 1.18208659 1.19744051 0.803751051 0.596211016 1.1964674
    1.13662815 0.502240419 0.892273188 0.778543591 0.536441803
    1.37850165 0.963086545 0.57664609 1.18970835 0.968343794 0.494798213
    0.519887507 1.0633781 1.1510253 0.705896914 0.677117944 1.24384654
    1.16338491 1.26974034 1.22820234 1.05485487 1.3286922 0.693932474
    1.47245634 1.3244859 1.0000546 0.542799413 0.901652455 0.894849598
    0.677158773 0.568890035 0.620343268 1.14186954 1.28822696
    0.716976702 1.23605323 0.786682665 1.27273321 0.59631151 0.991644382
    1.07003927 0.828808427 0.994449019 1.12616825 1.29063129 1.47902584
    1.31172383 1.00672245 0.789169788 1.0502311 1.14711905 0.840588272
    1.00284076 0.831079185 0.887539566 0.498023808 0.852826655
    0.736898303 0.649650097 1.46931851 0.570304573 0.689894736
    1.02550387 1.29048383 0.689321518 0.493074268 0.772747695
    0.597617865 1.15167236 0.695392609 0.540332198 0.993612587
    0.71604234 1.27627885 1.06131601 0.588579059 1.19014359 1.2942338
    1.50033355 0.982774198 0.965580761 1.27705669 1.18296301 1.13250661
    1.00598645 0.648780584 0.670633018 0.881988108 1.43609977 1.24824059
    1.2509619 0.547538579 0.888940275 1.15183067 1.2468797 1.23796463
    1.07385826 1.46803367 1.40012908 0.622782469 0.551031768 1.37210524
    0.932313442 1.32934833 1.12503374 1.06047642 1.3172636 1.14671183
    0.834163666 1.08993208 0.958113551 0.704513192 1.10204875 1.3167361
    1.22594142 0.799032986 0.630657196 0.882471681 1.38724625
    0.583476424 1.12136173 0.834094226 0.532940149 0.732899487
    0.515881479 1.29086244 1.02713931 1.18518281 1.40103114 1.42149806
    1.38672173 0.891060531 1.48471618 1.36299515 0.652001023 1.14689481
    0.985282302 0.832365334 1.33018398 1.50731194 1.53331745 1.20703077
    1.12754405 0.704538345 0.639330268 0.709691226 0.933310807
    1.45290458 1.07852793 1.42783904 1.14630759 1.04765582 0.847936094
    1.49681449 1.15439951 0.782375395 0.785327494 0.710195541
    0.786792934 1.33132243 0.637799919 1.24613702 0.846071184
    0.572639763 1.30737495 1.39244592 1.13529944 1.53310144 1.18645144
    1.45313311 1.14742351 1.5182991 0.833388209 1.22873533 1.4038589
    1.23039937 1.03183997 0.866512179 1.4708066 0.848216116 1.21253622
    0.937515974 1.24975717 1.0821501 0.744092345 1.21670616 1.43952513
    1.42690647 1.0498842 1.3939997 0.820416033 0.945234776 0.709258139
    0.784888148 1.2206111 1.16358376 0.980915725 0.917002976 0.522596598
    0.569577932 1.40456152 0.867479086 1.4420284 0.811093569 0.87080133
    1.37879431 0.520592451 0.912483454 1.35299885 1.27744997 0.527658522
    1.49179649 0.855382025 0.633186877 1.36487889 0.675427794 1.33331513
    0.945037186 0.789744377 1.09419262 1.08057272 1.42280447 1.5107913
    0.975100338 1.51033139 1.27696514 1.104635 1.18950343 1.19532084
    0.806533813 1.50367761 0.575109005 1.0203048 1.17816925 0.870925009
    1.0074904 0.795821786 0.94244194 0.896342814 1.2903465 0.58046782
    0.655578852 1.40205693 1.39883709 1.19452715 0.619517744 1.3572526
    1.32860231 0.754105866 1.1729542 1.07391405 0.836447418 1.42943156
    0.909843385 1.11760163 0.557050049 1.15520275 0.962117434 1.23520029
    1.34459722 1.25841391 0.644013703 1.42091811 0.663190603 0.863437295
    1.28998363 0.969007552 1.21243548 0.548519015 0.572027683
    0.923209786 0.679263771 1.06677508 1.48100996 0.77379626 0.958662271
    1.13109636 1.29334247 1.00590229 0.804038405 0.945288241 0.905824721
    1.0505178 1.01248038 0.8582623 0.931762993 1.42628598 1.35808229
    0.788880289 0.828225255 0.696333945 1.33789372 0.993547976
    0.743037999 0.732223392 0.988367438 1.20568764 0.670164406
    1.18760157 1.4480685 1.09528565 1.16945195 0.636902869 0.77343744
    1.42459452 0.9900437 0.594006598 0.636143565 1.41855717 0.88912946
    0.807100356 0.936293662 0.981939137 0.68020767 0.742599368
    0.686569035 0.610853672 0.557953715 1.38247001 0.583121002
    1.20216119 1.40917027 1.13937831 1.32100189 1.41702437 0.844684064
    0.799493849 1.47039962 0.958428979 0.718525946 1.09666872
    0.885727227 1.37655699 1.11831081 0.505677819 0.881969988
    0.770382822 0.852527857 0.982286215 1.26950073 1.13873398 1.27502954
    1.20103347 0.884725809 0.598151326 0.930390716 0.592007756
    0.739758968 1.05347323 0.740041912 0.946927071 0.758221388
    1.19134116 1.03903055 1.18792605 0.709020257 0.686659336 0.900108337
    1.0031215 0.555296183 1.17150056 1.29562902 0.520496547 0.983955324
    1.1373136 0.640606344 1.07896471 0.887679219 1.10962439 1.28978276
    1.39317286 1.02517152 0.728051782 1.38335216 1.50204992 1.1658299
    1.40306342 1.05373526 1.45114195 0.896827281 0.735378802 0.659154177
    0.794024169 0.567106009 1.33057868 1.16138089 1.25899208 0.567153573
    0.804401398 1.20326376 1.03421628 0.612052143 1.15110517 1.08585
    1.52404594 0.767094851 1.37782991 1.29757679 1.40871668 1.19367242
    1.42477059 1.00049841 1.17814803 0.907468915 1.1362046 0.605790913
    1.39034545 0.822621942 1.33397245 0.644542992 1.39937246 1.21833932
    1.43263578 0.947703481 0.919610202 0.858380675 1.20019495
    0.612727821 0.801836491 1.25607944 1.32673216 1.1208818 1.29776466
    1.21340573 1.48620617 1.17599392 1.14088202 1.54037476 1.16971779
    0.634139061 0.7043221 1.00563753 0.51332444 0.898037314 1.33918548
    1.4106034 1.46713459 0.742898762 1.05046797 1.35722399 0.60767746
    1.24175954 0.957794785 1.04694045 1.40674067 0.91931802 0.940969288
    1.33472872 0.625957847 1.4382993 1.13295448 0.953484356 0.66027844
    0.828799188 1.27793908 0.469379485 1.28420889 1.30097318 1.32561481
    1.30878127 0.618793428 1.46337795 0.779865146 1.24195528 0.872390151
    1.35510814 0.630343139 0.926924944 0.537186623 0.832125187
    0.779798269 1.23217058 0.888438284 1.40190101 0.635288119
    0.716658175 0.519187748 1.08137965 1.28525078 0.773636997 1.55168641
    0.681948185 0.635714233 1.3829844 0.978271902 1.03214192 0.543269098
    1.40835726 1.4689635 1.02045357 0.608619153 1.24981606 1.0605067
    0.79880321 1.38667464 0.733574212 0.531674325 1.0599674 0.594666004
    0.779987216 1.00687087 0.634518087 0.520799398 1.37492085 1.47376466
    1.20362949 1.27509427 1.09877849 0.544832408 0.511416197 1.17464602
    1.30814302 0.651494682 1.10208297 0.505452514 0.938526869
    0.762001991 1.0163368 1.16297352 0.854558706 0.943989098 0.858428001
    1.37028325 0.675974369 0.634692311 0.576931417 0.592729807
    0.774853587 0.599636614 0.62741214 1.22333276 0.704155028 1.25226533
    0.699744821 0.519369423 0.616477907 0.644778192 0.836890936
    1.27458978 1.40447021 0.86197561 0.455670297 1.19426107 1.34575343
    1.23226047 0.581468821 1.27359009 1.43900454 1.42247152 0.767430425
    1.43793106 0.527186275 0.949508429 1.01390958 0.99830085 1.12623155
    1.33839118 0.986161947 0.67907387 0.567553997 1.37134469 0.776574671
    1.39379001 0.836134017 0.706997752 1.43639016 0.721864998
    0.489373952 1.14323688 0.900407553 1.28410327 0.747483969 1.11298716
    1.46679235 1.03223789 1.3022635 0.693941295 0.603179932 0.539425611
    1.42511964 1.00294399 0.49372676 0.805310786 1.1145798 1.35439503
    0.910647929 1.26559353 1.13085616 1.28379798 0.759045124 0.887378931
    1.31905138 1.14364529 0.969574273 0.804662943 0.936356366 1.21147549
    1.20295238 1.48417783 1.18850946 1.14529359 0.922588587 1.03381789
    0.840868175 1.22216833 1.49569309 1.482939 0.64580363 1.22474253
    0.587027311 0.865948021 1.23497593 1.23632371 0.7547279 0.929535985
    1.09414339 1.01194942 1.34420633 1.45329142 1.0661658 0.662860334
    0.571434379 1.25943363 1.34892642 1.48165691 0.818871021 1.13340986
    1.49785435 1.14188433 1.50094414 0.864155352 0.888571382 1.30609071
    0.534739971 1.31345356 1.2784723 1.27356243 0.978116632 1.2739284
    1.24456286 0.986129224 1.11612213 1.41776514 0.627001047 1.46725333
    0.643155336 1.06752586 0.760909438 0.777517259 1.00522137 1.45053625
    0.953164577 0.840298772 1.29722929 0.760829747 1.04794395 1.02687716
    0.799834192 1.21107268 0.569470823 1.17806935 0.769918799 1.07345092
    0.615645289 1.3806864 0.890994191 0.641797125 0.800342023
    0.609000921 0.646341085 1.41936386 1.25345016 1.49649763 1.0163672
    1.53252053 1.40035963 1.45079768 1.33828652 1.44056964 1.33405364
    1.18751693 0.911774814 0.696317255 0.796206236 0.738539696
    0.669124007 1.03523636 1.51397336 0.542081356 0.828812718 1.104195
    1.48491383 0.859700501 0.828702629 0.620779693 0.700858712
    0.674599648 0.718153298 1.36998427 1.21232259 1.00788772 1.11721683
    0.494271338 1.22137892 0.876381695 1.22431302 1.03479838 0.828163385
    0.970022917 1.12820566 0.646245718 0.76755929 1.30942047 1.31806552
    0.871515632 1.2718159 1.06484103 1.30728817 0.854783118 1.3049252
    1.41723394 1.48837137 0.754459143 0.593780935 0.755537152
    0.972810984 1.30788338 1.13463259 0.618914902 0.572472155
    0.702699006 0.680512905 0.801831782 0.740310729 0.828055024
    1.3902961 1.51602471 1.33241367 1.24861109 1.17965078 0.611941993
    0.677071452 0.548645496 1.49267399 0.731015265 1.06267524 1.25521469
    1.26222539 1.22389805 1.23504019 1.40136552 0.616114557 1.45056641
    1.12471926 1.28236973 1.41656601 0.80225569 1.4720757 0.633318067
    1.10488784 0.902265608 0.501130641 1.22110403 1.35808694 1.07039118
    1.04274869 1.27132344 0.826575935 0.877033472 1.01115334 0.525932848
    0.535075843 1.30595315 0.857267797 0.571146727 1.07319558 1.37907445
    1.3850739 1.31337631 0.8415308 1.14456248 0.945490241 1.25586283
    1.44441926 1.00228548 0.915697813 0.487584174 1.30022693 1.08269596
    1.46958768 1.29749644 0.888023198 0.989892185 1.42962396 0.710109353
    0.489190489 0.58209306 0.638792396 0.977507412 0.535212219
    1.00119257 1.35392535 1.00906742 0.682873189 0.756276846 0.982906222
    0.874291897 1.17428553 0.662013471 0.727961659 1.25455785 0.52941376
    0.683279932 1.03249514 1.12552023 1.05899239 1.31286371 0.897750735
    0.80143702 0.877326846 0.539673865 0.671285331 0.980684161
    0.692108452 0.501810968 1.39271915 1.05906343 1.19819403 1.35778177
    0.557044148 0.947087228 0.779004991 0.81101948 0.963158965
    0.629553378 0.926844537 1.22093332 1.29849958 1.27257478 0.69319433
    1.05885613 1.35483432 0.632742167 0.555158794 1.24306607 1.12260199
    0.925018251 1.04531896 1.01316476 1.32682931 0.774018109 0.524458826
    0.811795592 1.17475319 1.36902642 0.570637226 0.765858114 1.50663447
    1.25160193 0.983852148 1.28594398 1.42930615 1.16357505 1.10553563
    0.710685968 1.44014812 1.11568999 1.16306531 0.783477664 1.06750584
    1.04228592 1.04325342 1.17304397 0.644551039 0.563210487 1.02923441
    1.14362371 1.08494389 1.04018486 0.626685739 0.947382092 0.733877242
    0.7504372 0.818582833 1.39791715 0.907097101 0.692671537 1.11250246
    1.13022709 1.19840288 1.0274123 0.676934779 0.883842826 0.926937759
    0.849174857 0.64660126 0.596695185 0.91038543 1.51921165 0.666946054
    0.738059998 0.947479129 1.43345582 1.29248822 0.666902423
    0.953089714 1.37614071 1.33675539 1.11214387 0.768418968 1.3642571
    1.34048617 1.40411377 1.47872245 1.26106334 1.48174965 0.583352387
    1.25957024 0.908873737 0.917719662 1.25606811 1.4218154 0.804857314
    0.913276434 1.38608658 1.35019863 0.489721358 0.975350976 1.03177428
    0.848872781 1.4272871 1.0955689 1.45181274 0.744304717 1.53310728
    1.38678217 1.43398476 1.51039577 0.772680521 1.22908378 0.896138847
    0.979857147 1.42199278 1.41843224 1.44545341 0.96683836 1.32729709
    1.41802263 0.660333276 1.00800729 0.6296193 0.947286308 0.897167027
    1.4193294 0.70945698 1.36635911 1.04809368 1.06662428 0.525883734
    0.851594627 1.06919432 0.46687907 0.502388895 0.788316131 1.16654336
    0.531454861 0.757801712 0.960575521 0.887620032 1.24068511
    0.592074215 0.985716343 1.35915625 1.24891007 0.809406757 1.08070445
    0.523158669 1.43878436 0.789018214 1.3653053 1.03239 1.25515342
    1.0989548 1.09675193 0.667671561 1.03251362 1.03602314 1.40800238
    1.0493176 1.31580591 1.4708693 1.46251798 0.696561992 1.33274555
    0.713504612 1.03700662 1.39840567 1.20372343 0.910658896 1.50108838
    1.17577386 0.928528428 1.12255955 1.38636172 1.33213925 1.52310908
    0.7768417 1.13314509 1.3603276 1.45177388 0.694555581 0.467104167
    0.779470384 1.21885228 0.941104352 1.34378374 1.42691755 1.45895982
    1.05536985 0.788893163 0.949424446 1.47870684 0.842698991
    0.565731227 1.03557372 0.61346823 0.900955617 0.930212498 1.06859708
    0.60398984 0.627752781 1.25617957 1.46588337 0.803642631 0.69602108
    0.578422725 1.25255394 0.630931497 0.893762767 0.848217845
    1.40476203 0.637933195 0.529106975 0.541008651 0.665537894
    0.572763562 0.491949797 0.650619984 0.730364025 0.815731525
    0.63349849 0.89196527 1.00267482 0.820957839 0.988541961 1.36831832
    0.621843338 1.48921871 0.786352456 1.30161917 0.929333806
    0.952724516 1.17960954 0.762682796 0.93754071 1.04654408 0.49255994
    1.21555185 0.576449931 0.893543899 0.542853951 0.898401499
    0.61111486 1.06924033 1.19161081 0.533460796 0.580066144 0.615253091
    0.488841921 1.38655078 1.36648524 0.925024748 0.678346634
    0.653348982 0.991337597 1.26199281 1.41984117 1.26327252 0.695628047
    1.26067424 1.07511306 1.46183527 0.894702613 0.655420125 0.996603131
    0.645438731 0.752789617 1.46720588 0.813865066 1.30967844
    0.579764724 0.717615306 0.618820667 0.636128008 0.767609596
    0.601104856 0.718345821 0.871944606 0.579725266 1.07438648
    0.992374778 1.26530313 0.80407244 0.556898057 0.614312887 1.00926745
    0.628319621 1.00082636 0.884921193 0.961636007 0.762180805
    1.36313927 1.01069117 1.01255 0.596165419 1.22668064 0.624969959
    1.27107775 0.775860727 0.5197981 0.876232922 1.06937492 1.2033788
    0.63965416 1.35577178 1.00296187 1.45542073 0.684512317 1.31463253
    0.602117181 0.904848754 1.18509126 1.08701372 1.4103967 0.808477521
    0.779926062 0.531270564 0.694092214 1.25704634 1.24709022
    0.788880229 1.37244141 0.939889789 1.36747205 0.987402439 1.22383499
    1.27428079 1.29849124 0.812095046 1.46322095 0.725683868 1.37182939
    1.32650936 0.664837897 0.672025561 0.846211672 1.10811126
    0.643401444 1.53468764 1.0770216 1.17664802 1.08768535 0.539171934
    0.537037075 0.794639468 1.4926331 1.47547162 0.714717805 1.09574056
    0.747510672 0.903168797 1.34744203 0.493311435 1.39782655 1.26690078
    0.928708136 1.08407032 0.90199393 1.08021963 1.35680485 1.5369066
    1.02425432 1.15391171 1.59406853 1.32833326 0.996537864 0.727897763
    0.772043645 1.20799184 0.845671892 0.699946582 1.34293461 1.20393097
    0.731872559 1.0673908 1.28298676 0.747889817 0.555462539 1.4181006
    0.67447567 0.628032029 1.13728285 0.713999689 1.29429305 1.28531134
    1.45459569 0.872602582 0.66259712 1.12208331 0.507796466 1.0429399
    1.14180827 1.04031515 0.573591113 0.825867355 0.92064172 1.03132522
    1.0511663 1.06938684 0.955118537 0.953351319 0.799965739 1.36292315
    0.627099097 1.06957519 1.22336185 0.512323022 1.4139837 1.35706663
    1.26719809 0.876379967 0.499571711 1.14253557 0.81269294 0.502584636
    0.702925801 1.4888463 0.791799068 0.992857516 0.911844611 1.17718506
    1.02424979 1.41889513 1.36076939 0.781749189 1.48566926 1.28643978
    1.10388327 0.74085474 1.02244353 1.10059822 0.980676472 0.596056819
    0.767852247 1.49927473 0.773258805 1.35192358 0.595340073
    0.913474679 0.496615529 1.139745 0.595290303 0.824709594 0.680572391
    0.545183539 1.24875402 1.11380696 0.568854451 0.640012622
    0.963002503 1.30104029 1.01165032 0.719898582 1.44141924 0.610406101
    0.958268523 1.01914728 0.98282373 0.963411093 0.57402575 1.38213253
    1.14109087 1.22637987 0.989102125 0.618635654 1.39007211 0.49626404
    0.799228966 0.670657694 1.39526737 0.659929454 0.624523342
    1.00036728 0.473560125 0.618335843 0.898987174 0.820337653
    0.780027568 1.28561068 0.935714364 0.77861321 1.01597452 0.738872766
    0.72682327 1.52466583 0.858193815 1.27909279 0.924048662 0.828134954
    0.571416676 1.03324914 1.11648977 0.829812825 0.939719975 1.00577426
    1.46280348 0.561474323 0.70348078 1.2857933 0.858997464 1.1148243
    1.18603957 0.887982786 0.851633668 0.974090397 0.706609607
    0.747547686 1.09457195 1.20742142 0.60300678 1.37498248 1.28774667
    1.47680199 1.3406111 0.71693778 0.817322195 1.41151404 1.0288223
    0.577420652 0.628170729 0.874469817 0.783733606 0.655218124
    1.43926406 0.671695352 1.13019633 1.16630292 0.62171644 0.729059696
    1.37102163 0.470909357 0.560122132 0.968300641 1.38379073 1.40878582
    0.526828289 0.752328336 0.652204096 1.46021628 0.787626684
    0.740208089 0.86564064 0.774002671 0.926326692 0.622351766
    1.08052719 1.16350067 1.13177717 1.22327304 1.38125205 0.84709537
    1.3883363 1.17387092 0.806716263 0.525310338 0.881634235 1.12386143
    0.480151594 1.27300942 0.497697383 0.799586117 1.36161625 1.29731035
    1.3268652 1.12733293 1.01606059 1.13213539 1.20694578 1.46062231
    0.873125851 1.50157678 0.848545551 1.23986995 0.587157607 1.19622219
    1.32205725 0.847653151 1.40572214 1.00803936 0.534694314 0.705989659
    1.14129078 0.707716286 1.32773578 0.941482186 0.940665364
    0.690546334 1.00979066 1.10185969 0.637073934 1.5255307 0.822943091
    1.17904878 1.49901223 1.01109135 1.46713769 1.54561532 1.10052216
    1.31192291 1.27884328 0.953477442 0.547610343 0.879694641
    0.742376447 0.722082675 1.06123519 0.85023284 0.717627287 1.15002942
    0.826102018 1.50203323 0.77292639 1.51643431 1.53597271 1.35508084
    1.05856562 1.56508148 1.52701128 1.36272335 1.00685167 1.46349156
    1.50266743 0.964358985 1.40955305 1.2196666 0.565437794 0.996995091
    1.16188073 0.548839688 0.492135912 0.493379712 1.0411582 0.956319809
    0.695814967 1.45712543 0.558964014 1.15354729 1.49618793 1.10715818
    0.553838491 0.809505463 1.24779701 0.776361108 0.959254026
    1.03125632 0.978500545 1.0967617 0.809206367 0.648474693 0.95903182
    1.35101473 1.02085304 0.792649329 0.560019255 1.23121357 0.891407251
    1.23244154 1.29802084 0.501457989 1.0060668 1.2040683 0.661867321
    0.724233985 0.800094724 0.635641992 1.03632033 0.723327577
    1.43197536 1.05093396 0.563892722 1.25679827 0.860995412 1.11824048
    0.552388787 1.13914609 1.40847468 0.680899084 1.40859735 0.880695581
    1.24606788 1.01866686 0.581787348 1.49454045 1.1880703 0.919733107
    1.15625584 1.28439069 0.812547207 1.22084475 0.570878267 0.622508764
    1.11912465 0.492770284 0.590202093 0.760826051 0.599613965
    0.49398905 0.664808214 0.6391716 1.35375965 0.765901327 0.972408295
    1.06724977 0.847379208 0.989183366 1.05548418 0.891178608 1.07952189
    1.45228648 1.32811725 0.643133759 1.31729066 0.874685824 0.68555963
    1.42723465 1.38714719 1.29981112 0.709415019 0.863566339 0.860890925
    1.03135109 0.537299633 0.668722272 0.982878566 0.654749155
    0.832471013 0.647551179 0.901408255 0.732086599 0.458358586
    0.697018147 0.954417467 1.14964008 0.651376903 1.18822086 1.31148303
    0.942171454 0.687128425 1.40745139 0.871843457 1.35183001 1.0866344
    1.4886992 0.712315321 0.690579951 1.33548164 0.884653211 1.39450812
    0.659557879 0.924961805 0.553709269 1.18772757 0.719053924
    0.677553892 0.630048931 0.941420615 0.917565227 1.11797941
    1.20870674 1.38544035 0.83846277 0.652543783 0.873883545 1.42373669
    1.48185682 1.18730748 0.740821004 1.51051617 0.737709999 0.655755401
    1.4961772 1.13356435 1.00585878 0.483448625 0.821125627 0.989720166
    0.663629293 0.499693096 0.866318464 1.46318686 1.50199854 1.48754025
    0.986515701 1.47789991 0.938733816 1.0624963 0.649384916 0.489180744
    0.748547912 1.1461916 1.29823971 1.49363339 1.16139948 0.657595336
    1.27860057 1.1489979 1.13115883 1.23076594 0.989279151 1.02955627
    1.49833012 1.53900087 1.3719157 0.662147582 1.16089177 0.590304375
    1.43500268 0.740772009 1.44790769 0.475422859 0.663582861
    0.870204091 1.23740292 1.23068178 0.611944973 0.959112823
    0.523689747 0.893016517 0.640718162 0.890209973 0.849969983
    0.831715047 1.10128212 0.696491301 1.42129648 0.879078627 1.48797262
    0.81309706 0.903285682 1.49133587 0.948185325 0.583888054
    0.959996819 0.526043236 1.26833284 0.788686335 1.02976847
    0.531712174 1.00311303 0.952754438 1.00083673 0.648585439
    0.965758145 0.773555458 1.34502554 1.34595227 1.36095524 1.0562675
    0.963332117 1.51922476 1.51359868 0.870133102 1.16806364 0.794967771
    1.38827407 1.52834487 1.0214678 0.554052055 1.27712023 1.3244381
    0.797941387 0.953731596 0.60055995 0.554108977 0.890324414
    0.700780749 0.929249227 0.697075784 1.4238025 0.862266183
    0.828554749 1.60183144 1.55030608 0.668716013 0.716858387 1.47514701
    1.06891251 0.590893507 1.33755469 0.969931781 1.14174056 1.01232898
    0.834210873 0.961192191 1.22268307 1.31562245 0.623019397
    0.614871919 1.29721677 0.719580114 1.2506727 1.06282437 1.07111835
    1.00853002 0.752002001 0.833144307 0.802705824 0.564333916
    1.08668017 0.778959394 0.742370605 1.02413678 1.29401958 1.14122474
    1.07031786 1.41673756 0.670486808 0.875657856 1.00661385 1.2362349
    0.82160908 1.12368178 0.625487089 1.12110674 1.03751218 0.807418525
    1.0302577 0.930631638 1.42580402 1.22214258 0.744146705 1.01234162
    1.09558153 0.498613298 0.729229867 1.12499022 1.15352929 0.682949483
    0.946628392 0.767205119 0.690134287 0.608395517 0.865273654
    1.24976254 1.4542495 0.637314916 0.794754386 0.881093562 0.948652267
    1.55044389 0.702623665 1.28037381 1.48928058 0.83250922 1.34217906
    1.30158317 0.880766571 1.25969911 1.09815609 1.31048214 0.618228316
    1.37894022 0.535951495 1.19986987 0.83567524 1.0982517 0.854500592
    0.935272396 1.13963139 0.660485327 1.43854594 0.835772514 1.15659416
    1.19601512 1.16150129 1.3407892 0.703861535 0.694099724 1.48131752
    0.763401031 1.31122744 0.628311872 1.04734731 1.34279537 0.95206219
    1.28904867 0.933596194 0.812286139 0.907523632 0.751961291 0.89993
    0.866382778 1.4288671 0.649396956 0.990290046 1.03928137 1.00268805
    1.04200268 0.996156752 0.626799881 1.22177875 0.920390189
    0.935464263 0.602050066 1.27942502 1.16666794 1.41415906 1.26865828
    1.10331786 1.2252506 1.23677003 0.787410498 1.21982753 0.914040685
    0.923301935 0.595673561 1.1737895 0.717207611 1.33459806 0.972307205
    0.487184107 1.33127022 1.03752482 1.28527141 0.900928199 0.61652565
    0.987629712 1.42030334 1.23758316 0.574524045 0.759085119 1.06598604
    1.43018818 1.06509447 0.959915638 1.49841845 0.66303581 1.21536338
    0.602794826 1.33858168 0.736231923 0.555329323 1.27989805 1.33251357
    0.550320864 0.948376715 0.802703202 1.26376748 0.742829442
    1.24590671 1.32214808 0.719316661 0.758566499 1.24556434 1.4432478
    1.44890618 0.477428406 0.61626482 1.05614877 1.10723066 1.3712039
    1.29392755 0.870642841 0.695623279 0.820433199 0.787066758
    0.810225129 1.3822403 1.49561751 1.11105382 0.818390608 0.752209961
    0.858759046 1.35370207 0.486729681 0.949269474 1.34212816
    0.652395248 1.15830934 0.564195931 1.3642745 0.554254949 1.23856401
    0.534180701 0.741769552 1.12417459 1.40609407 1.38341653 1.2781502
    0.830312133 1.10466266 0.996762812 0.990740955 0.572185159
    1.47501731 1.26068032 0.821498096 0.746123791 1.06541896 1.50404489
    0.916677892 0.811099946 1.51663995 1.08582556 1.49986601 0.966202676
    1.37119079 0.68799746 0.839352965 1.21779823 1.0413202 1.17788076
    0.951618254 1.33111823 0.658916652 0.830150425 1.19982493 1.10859466
    1.20990038 1.24249578 0.693773746 1.560431 1.37782919 0.888027608
    1.20982075 1.32757235 0.969712675 1.01836061 0.893827677 0.552611351
    0.537156105 1.31793845 0.513186038 1.14800227 1.12057078 0.820987642
    0.863602102 1.52041721 1.47155666 1.03223312 1.462834 0.913625121
    1.43662453 1.51072717 0.585621595 0.561516047 1.50115478 1.24329567
    0.718720376 1.22173619 0.831547797 1.04581952 1.35450709 0.728645742
    1.19293976 1.11846709 1.26019728 1.30263853 1.01393652 1.37871313
    1.28061736 1.06049562 1.06753695 1.37604463 1.46222937 0.729563296
    1.09300649 0.580522001 1.06149065 0.548560023 1.20188177 1.00405395
    0.762144923 0.636228442 0.537144244 0.624828041 0.837485671
    1.42070782 1.31372356 1.21985006 0.968083501 0.512925029 0.529442906
    0.815006971 0.871561468 0.931569457 1.24530149 1.06096745 1.00976861
    1.11545682 1.16233325 1.15320599 1.46114612 1.16376853 1.32547164
    0.809586883 1.16144574 0.679119945 0.630916417 0.633806765
    1.47716224 0.629739463 1.03690553 1.20176828 0.823787928 0.918649614
    1.10768175 0.801581979 1.34823442 1.27900994 1.11111462 0.915531874
    1.12436283 1.09703362 0.496383846 0.498150617 1.26894772 0.654992759
    0.522241831 0.781245232 0.960011661 1.18256795 1.20394957 1.25325584
    1.48623061 0.978480697 0.779227912 0.64034009 1.45164812 1.00687456
    0.545723319 1.36716115 0.880562663 0.780982971 0.656112373
    0.645594716 0.946656048 1.00113368 1.19758487 0.579126239 1.39497197
    0.827386498 1.16612196 0.625386715 1.15096235 0.896099269 0.43975535
    0.687191844 1.40950465 1.19631481 0.842685044 1.1691618 0.621653378
    0.451482862 0.813567042 1.15986264 0.719574392 0.874479115
    1.19700801 1.05297887 0.832651913 1.38003945 0.7032848 1.1340152
    0.966675699 1.42874849 1.38833737 0.919774175 0.580311716
    0.997211695 1.17870283 0.663875818 1.07955718 0.629777253 1.29257715
    0.636703014 1.19430125 0.615442276 1.44512463 1.19952786 1.0971458
    0.646394551 1.43198824 1.17593455 1.18616986 0.992338717 0.83945626
    0.735603392 0.592041075 1.20847285 1.4921664 1.3018409 0.776178896
    1.45496762 1.07128739 0.707810223 1.37493312 0.861499906 0.576961458
    0.657670021 1.21685338 1.33827925 0.584544718 1.07776141 1.30193055
    0.716468215 1.2651279 1.08233154 0.558282614 1.05340016 1.13932157
    1.27449656 1.02740765 0.811931252 1.11363804 1.00227904 0.561127126
    1.37749994 0.753817022 0.869748771 1.52355671 1.30132318 1.33374631
    0.732854962 0.872028947 1.44771087 1.12201893 0.823506415 1.18175411
    0.987644553 1.20230293 0.594655395 1.22950339 0.940967083 1.23132777
    0.694642365 0.829107523 1.07137132 0.611757934 1.02196872
    0.767897308 1.46974266 1.29729784 1.11138368 1.29102242 1.22583377
    0.659943104 1.46259475 1.45967364 0.948405743 0.848812044 1.33867133
    1.12542987 0.730826318 1.05856276 1.10891998 0.925260127 1.28668785
    1.30758584 1.3645438 0.925155342 1.096084 1.01233852 0.626235187
    0.92064023 0.906987369 1.08232737 0.893923163 1.07908058 1.01573312
    1.30267632 1.14605534 0.538595021 0.991477609 0.558251381
    0.841837883 0.6755898 1.16276801 0.921455324 0.567870378 1.36697817
    1.24285781 1.28627932 1.22433138 1.19746602 0.71216172 1.18855047
    1.04938304 1.36733925 1.29504168 0.8262133 1.29480481 1.23102927
    1.23378456 1.22716379 1.53922188 0.892386615 1.03665972 0.657083929
    1.06553471 0.779468477 0.973626912 0.939926386 0.657679021
    0.767745018 1.18980181 0.686001897 0.632870674 1.38377237 1.27785611
    0.518657207 0.662908137 0.712258458 1.01039624 1.1579057 0.613090754
    0.974981904 0.801946104 0.850410819 1.3395896 0.68654269 0.955531061
    0.819286466 0.624285519 0.891709626 0.637135506 1.05449831
    1.46426821 0.982924879 1.23234451 1.04788601 1.29881573 0.789515316
    0.89118129 0.80483073 0.511879563 0.55202502 0.69412452 0.860114813
    0.638789058 1.18992066 1.13602602 0.631760299 1.19051898 0.680920422
    0.550847054 1.09473372 1.01150274 1.22911775 0.4833076 0.50037396
    1.03943014 1.13875556 0.747598052 1.18561244 1.21421814 0.966709197
    1.13810778 1.13665736 1.27850127 0.721837103 0.905046523 0.783120275
    1.30784249 1.45646286 1.47581887 0.540250599 1.2123698 1.38562584
    1.00336671 1.14366257 0.517418444 1.31761241 1.27626669 0.807332337
    0.492818207 0.722309411 0.844147682 1.23711312 0.68999356 1.08869123
    1.06947792 0.668143988 0.85332036 0.796721399 1.13047528 0.543411553
    1.08380187 1.09001744 0.617953062 0.540709138 1.4163177 0.762788534
    1.04138803 1.21605146 0.786650062 1.27128577 0.97624898 1.07069159
    0.487883002 1.36558557 1.2654326 0.79567337 1.04052114 1.27450299
    0.965505838 0.862091005 0.565753222 1.22807848 0.887362778
    1.40545285 0.571565449 1.16998839 1.44413316 1.40627337 0.980793357
    1.34590709 1.18042898 1.05733562 0.772801638 1.06322134 0.617491543
    0.577356577 0.860774696 0.496249288 0.868966997 1.00132775
    0.835602522 1.10086095 1.36696029 0.496632665 0.877973378
    0.922547519 0.667958081 0.956137836 0.699760556 1.28796852
    0.806764066 0.885008454 1.14240634 1.30228972 0.879058838 1.28932011
    1.46527207 1.4186877 0.942524195 0.822747648 0.630389869 1.24099493
    1.1322273 0.537676632 1.00146019 1.34174526 0.509584904 1.23445201
    0.500360668 1.04925132 1.05456352 0.517392993 0.652715921 1.12037802
    0.73277086 1.2599771 0.770448744 0.699447572 0.789785862 1.0118854
    0.799475729 0.70367521 1.17710114 1.53582215 1.31798947 0.906099439
    0.757537901 0.556970835 0.74345094 1.5542661 0.672521055 1.25481355
    0.814294696 1.22783017 1.48575127 0.894002914 1.43393373 0.618767977
    0.651789844 0.511262357 0.798621297 1.11129868 0.859975219
    0.466709197 1.24926376 0.75913322 0.908680499 0.979132295
    0.649709284 0.632090867 0.748109043 1.03269386 1.52646005
    0.793998599 1.08170593 1.31658661 0.925705373 1.00658596 0.867214262
    0.847307682 0.643315196 0.893309355 1.23136222 0.551434577
    1.27340019 0.954162121 1.4533565 1.41053653 0.905455768 1.05063343
    1.22187412 1.34160948 0.914645851 0.729975998 1.16499138 1.21995485
    1.54259217 1.20382464 1.18745196 1.5323081 1.09294951 0.588337362
    1.38276422 1.35847104 1.42384982 1.37966204 1.52301538 1.4727875
    1.30512762 0.990011454 1.35231936 1.02214122 1.33214819 1.1487397
    0.522088468 1.18674874 1.30192924 1.40431023 0.844560266 0.944140375
    1.14406121 1.30452251 1.52679849 1.14291847 1.44238603 0.995182097
    1.37501752 0.758632779 0.713118792 0.865741611 0.718624234
    0.611863196 1.09875929 1.26271319 1.38752329 1.05670023 1.26296365
    1.40470719 1.44397485 0.533257246 0.728016257 1.4634378 1.10511446
    1.1102761 0.776397526 1.50054216 1.35138655 0.521828949 1.29988348
    1.45967865 1.24023414 1.19592452 1.16005015 1.06009579 1.26931632
    0.654773414 1.34390342 1.29050636 0.54747963 1.33726573 1.39270771
    0.520472527 0.914668381 0.510861635 0.957461834 0.833404243
    0.737118065 1.24578941 1.31728411 0.452760875 0.762377143 1.01885641
    1.34257162 0.952480078 1.47645581 0.700308442 0.581118643 1.01055932
    0.572797716 0.46969533 0.918374836 1.07061625 1.2279644 0.584053576
    1.33445275 0.700255036 1.02615607 1.10112822 1.50911558 1.49253333
    1.39833236 0.713140726 0.814822495 0.66781652 1.16707802 0.922810137
    1.41474581 0.731355906 1.28299522 1.18307245 0.58835274 1.18284631
    1.20989072 1.18478596 1.41065836 0.701500177 1.28410292 1.0087266
    1.46615672 1.25096476 0.76410538 0.987723231 1.3920697 1.0655477
    1.02243626 0.809327841 1.18339002 1.25223279 1.41402709 1.10529017
    1.17955768 1.46805108 0.622695923 0.716137767 0.852047026 0.96970278
    0.616276026 0.913069189 1.18176687 1.01800263 1.2987237 0.514145792
    0.707833052 0.793527126 1.30772567 0.630953491 0.824339807
    0.676628172 0.603256762 1.17781794 0.827767611 0.753360927
    0.991041303 1.32840526 0.592319429 0.632859349 1.52072728
    0.791061819 0.684570253 1.32844234 0.583185732 0.934395552
    0.739660084 1.12227714 0.849295676 0.564348161 1.19220877
    0.691251278 1.20037901 0.493690252 1.11347532 1.37634873 0.51132977
    0.92531234 0.530708253 1.36035907 1.29302621 0.66854322 1.00697064
    1.24888361 1.28316569 1.05642092 1.01238072 1.28667486 1.42839062
    1.39778113 0.872955084 0.668053865 1.06549299 1.05591917 0.540506542
    1.06655943 0.73404783 0.555384994 1.20033836 1.34424031 1.24653423
    1.46702373 1.0267508 1.14993834 1.16518199 1.06917822 1.54801762
    0.864094615 0.940152466 1.01641238 1.27604818 1.02526462 1.27598882
    0.701605678 1.38701546 1.00715077 0.920605361 0.688537717 1.40223539
    1.50888586 1.46869099 1.01524305 0.960522234 1.20421386 1.4562099
    1.29700339 0.616904557 1.20415676 0.777861655 0.502931476
    0.944755852 1.36689496 0.707986951 0.95852834 0.501784563
    0.788260221 0.894108832 0.572356522 0.476233453 0.531477809
    1.45316958 1.11088002 1.20826566 1.39056945 1.02857792 1.24040437
    0.740773022 0.879095018 0.673772812 1.21394825 0.496190101
    1.12048948 0.50002569 1.32068777 0.972665012 1.47593319 0.733876824
    1.167575 0.766535282 0.801771402 0.666235149 0.998171389 1.21920371
    0.854083896 1.08880568 1.32520783 0.74688077 0.938911438 0.945687115
    1.43117344 1.50401986 1.14357007 1.20902169 1.45428813 1.47500396
    0.660313904 0.754685402 1.23477018 1.30011761 1.23073375 0.773036301
    1.05295527 1.46502602 1.24503779 1.30888486 0.631504714 0.660884678
    1.46622717 1.00136876 1.54797339 1.02833474 1.25206089 1.54985094
    1.36930263 1.0807687 1.351789 0.57800442 0.899273396 0.634423435
    1.2496779 0.913910449 1.19332409 1.16071618 0.675858319 1.31750965
    1.16643369 1.21930122 0.901591957 0.890906394 0.937870383
    0.836621344 1.43069947 1.19082153 1.42781305 0.836647272 0.857966304
    0.512781441 1.18674064 1.07726157 1.01981413 1.23523927 1.16759896
    1.30556023 0.987349391 1.13479292 1.06325567 1.26785827 0.753227532
    0.896485209 1.16108584 0.938432217 1.37132382 1.31365645 1.22589421
    1.1785742 0.527286649 1.0286057 1.37897825 0.62620157 0.926580548
    0.978673339 1.0194484 1.02430546 1.08111477 1.37986231 1.30560768
    0.775011003 0.554728925 1.32697499 1.31050313 0.898785651
    0.496493459 1.3332051 1.48549414 0.898859859 1.26633036 1.43375361
    1.20470142 1.53068912 1.16787791 0.941055238 1.15084553 1.13244069
    1.50268137 0.684277236 0.746116817 1.49732828 0.811120987
    0.573613703 0.616348386 1.19391179 1.28334475 0.479471803
    0.561311722 0.835754156 1.48557508 1.48314178 1.00169301 0.77096653
    1.45884597 1.41285205 0.622329116 1.08418632 1.03045332 0.609333932
    0.585620224 0.572135031 1.25919139 1.07235169 0.75066644 0.555142045
    0.869570911 0.856746674 0.613777041 0.607831895 1.30100751
    0.943022609 0.531002522 1.25842118 1.08805609 1.2142905 1.02582943
    1.12377214 0.71564877 0.787217915 1.29637218 0.733817041 0.61565876
    1.05039525 0.515023112 1.15095735 1.18182838 0.921509147 0.558095276
    1.38053942 1.33851409 0.760018587 0.815184057 0.760221064
    0.937094748 1.38203168 0.922910869 1.34827888 1.37073135 1.35346949
    0.726227582 1.40610206 0.614316702 1.18099284 0.68703115 0.672630847
    1.37180436 0.683382154 0.803569674 1.36418521 0.809750855
    0.694636047 1.23083079 1.01616561 1.03159189 0.83657521 1.36922741
    0.957449853 0.53047359 1.03297389 0.887297809 1.45625401 0.651569605
    1.01875579 1.43733025 1.43226445 1.13611126 1.2017591 0.591003239
    1.01639271 1.091717 0.647377908 1.23603952 1.34683037 1.52508616
    0.762465 0.999601841 1.49636459 1.37719977 0.842597663 0.868297935
    1.2976079 0.851039946 1.48312926 0.625452578 0.616128266 0.817857921
    0.690421462 1.29935217 0.956484914 1.47239077 1.44464159 1.04898679
    1.57619679 1.58903039 1.36068869 1.43599594 0.820964336 1.51257873
    1.51506722 0.892357469 0.556476712 0.573393703 0.637980044
    0.811411083 1.21033466 0.896065831 0.961720228 1.0091809 0.722130418
    1.28792477 1.36605215 0.972551107 0.844293833 0.643132985 1.25719881
    1.15070426 1.18883073 0.780967057 0.726333737 1.28839958 1.29311264
    1.34436715 1.03151345 0.61409837 1.09234738 1.45700645 1.18620288
    1.04680097 1.30300736 1.42123044 0.725681007 0.963676393 1.07120442
    1.17224991 0.948460042 1.26804757 1.11310387 1.49515998 0.751406014
    0.731464386 1.09095025 0.629145026 0.946727276 0.634836733
    0.749869645 1.01605105 0.988770962 1.01935518 1.15676224 1.49922597
    1.09350729 0.714841008 1.17027271 1.30622745 0.733305216 0.757231951
    1.35490191 1.09410465 0.952621639 1.39830065 1.33428466 0.869193316
    1.24462664 0.789223254 1.38585389 0.784847498 1.01763284 0.925254464
    0.539382935 1.29623079 1.46382999 0.933673024 0.923490345 1.31641555
    0.851873755 1.46764565 0.966849566 0.828427553 1.09152281
    0.654904962 0.891335547 0.586121798 1.19457555 1.21500361 1.41290939
    0.797449172 1.20520222 0.970696807 0.656909645 0.839392483
    1.09084904 1.02287269 0.772248447 0.775835395 1.14455318 1.28399563
    0.558977723 1.3275547 0.97184068 0.986351311 0.755580962 1.21421671
    1.44240844 1.23896527 1.05720985 1.23104882 0.712646186 0.857480526
    0.62071681 0.532226682 1.09757924 1.12522197 0.601628661 0.555115879
    0.587256074 0.576651633 0.741326034 1.07531071 0.761577547
    1.18591702 1.05662918 1.33528209 0.721676052 1.16044033 0.859097362
    0.700785995 0.972082555 1.399822 1.19381154 1.17790139 0.551554263
    1.15553272 1.17528081 1.16554379 0.509138048 1.17540061 1.33899081
    0.793539703 0.929840624 0.721411347 0.503596902 0.625396788
    0.729851782 0.554917276 0.669499397 0.995651186 0.665312052
    1.33385003 0.87080884 0.853411317 1.11425912 0.808977604 0.518409431
    0.499619722 0.569408357 0.486936569 1.32661378 0.662730932
    1.28426695 0.885239244 0.929136693 0.690563381 1.43116939
    0.909010291 1.4783107 0.886022568 0.711308181 0.946082473
    0.757833719 0.792228639 0.694366455 0.577863216 1.45510221
    0.929601908 0.795016408 0.917822659 0.827854812 0.79557091
    0.692638576 1.47732913 0.777759314 1.10335803 0.697582603
    0.804675996 0.683428347 0.746145964 0.970971286 1.33698761 1.1912123
    0.612324357 0.988593638 0.516034544 0.538802803 0.634252191
    1.41871572 0.74800837 0.721579313 1.1607064 1.16500127 1.48571289
    1.16326118 0.832963824 0.876984656 0.997485459 0.929128885
    0.838634253 0.632329047 0.956898689 0.806246996 1.37241626
    0.850468278 0.71934998 1.36936665 1.03981256 0.790371358 1.16812205
    1.03692865 1.39771664 1.03579903 0.724632144 1.46561611 0.82160902
    0.740529954 0.583336174 0.940865219 0.624733984 0.718600571
    1.2521317 0.690895855 0.841094851 1.46502399 0.679799259 1.33877087
    1.16277385 0.832159698 1.10929573 1.54020262 1.45401382 1.42492735
    0.717386425 1.4817636 1.23242867 0.817148924 0.956853569 1.45283949
    1.41272283 1.53345096 1.40174544 1.23673248 1.48871148 1.43350339
    1.36999226 1.05097127 1.3603816 1.32729995 0.838496327 1.27732551
    1.3011924 1.0924536 0.943216741 1.26031697 1.22032833 0.695102096
    0.999495924 0.881608307 0.467829973 0.782950938 0.988920867
    1.03480625 1.113819 1.35734904 1.34333575 1.26114774 1.38704407
    1.09641743 0.704346001 0.827642202 1.24269152 1.12811875 0.691824675
    1.35667086 1.28383398 0.830111384 1.47523165 1.38781774 0.898850918
    1.31011355 1.4744091 0.682648838 1.49471688 0.657222807 0.806222677
    1.44333363 1.4322499 1.44825578 1.06350982 0.666868329 1.13136292
    1.10381031 0.841153502 0.786278248 1.06008363 1.38755178 1.37440634
    1.41846013 0.849715114 1.0329237 1.46261501 1.29346812 1.11532986
    1.44933772 1.4246465 1.27009451 1.03583109 0.577841759 0.816510797
    0.758767009 1.22762227 1.1006273 0.783839583 1.37165713 0.915798008
    0.553250492 0.613813579 0.663452148 1.08478248 1.34793448 1.15090716
    0.852145076 0.72734195 1.31320035 1.2931788 1.37957025 1.07225537
    0.723135829 0.929753363 0.544471025 1.48738837 1.0095396 0.931795239
    1.03844678 1.25365317 1.08399725 1.08090019 0.828940511 0.532714486
    0.927053213 1.08446956 1.29455876 0.639082134 1.3800174 1.4723922
    1.46343803 0.843311787 1.2465266 1.33625436 1.32461131 0.97628665
    1.01897264 1.51187968 0.975063086 0.621333361 0.903470576 1.24700499
    1.38863385 1.01881945 1.24524224 0.958923936 0.806753993 0.794148982
    1.47538805 1.40174663 0.836936295 0.757936716 0.801817834
    0.974371612 0.619935989 0.804696679 1.09445965 1.0450542 0.861444235
    1.07801211 1.23809302 1.462587 0.565321207 1.44802213 1.51689517
    1.13024223 1.43058133 0.884239554 0.824004591 1.27845788 1.46800029
    1.05792284 0.671474576 1.11004639 1.18965197 1.06393552 1.3768338
    1.02631474 0.618557155 0.604651451 0.727996171 1.11927259
    0.890556514 0.983878016 1.40456915 0.59133172 0.846884489
    0.849984527 1.15685558 0.829295695 0.879461229 0.546407044 1.1611439
    0.624390602 1.00810862 1.16801643 1.16571403 0.991250634 1.43529773
    0.923495173 1.49591982 0.87811619 1.40928197 1.49344778 1.16232491
    0.552397132 1.22292626 1.09098732 1.0829643 1.07962418 1.15356362
    1.47370124 0.709520161 0.533389449 1.26373219 1.26410878 0.882269681
    1.03076148 1.2445538 1.20041656 0.988703966 0.967348874 0.902414739
    0.823024452 1.19190454 0.905400991 0.790376008 1.12206197
    0.985760748 0.498732656 1.07005882 1.38533771 0.590170979
    0.974901974 0.745294929 1.11667049 0.891060054 1.08726597 1.0699482
    0.502020955 1.0026015 0.769136965 0.950111926 1.28407884 1.04318666
    0.510979593 0.773998022 1.42396033 0.615023077 1.43959272 1.25755942
    0.529833794 0.588228583 0.829138219 1.03636134 0.837863863
    1.00956833 1.39487636 0.74047935 0.849975228 0.678425431 1.44574344
    1.29725456 0.928427398 1.42272377 1.46607566 1.27752244 1.24510396
    1.57411456 1.52619183 1.50209308 0.825063169 0.925882101 1.05848944
    1.05043948 1.10916078 1.14867854 1.38623893 1.00060284 1.27382791
    1.27117717 1.29761076 0.624865413 1.35040855 0.676752925 1.22247732
    0.832976043 0.833821177 0.816375315 1.3679564 1.20231152 1.28344178
    0.637484968 1.23882592 0.777491212 1.42537212 0.530420244
    0.636232615 1.29923654 0.646427989 0.560075819 0.608270288
    0.782948136 1.39912975 1.33438838 1.03854311 1.18335176 0.648299158
    1.11848509 0.529782891 1.46208906 1.25601971 1.46928549 0.717171013
    0.759535074 0.905303121 0.53326875 1.07151985 0.893598914 1.46293461
    0.829576135 1.10634255 0.991927803 0.923514843 1.49691176 1.19411755
    0.70431906 1.48717558 1.53257883 0.878814101 1.33706236 1.31988299
    0.820824325 1.32980847 1.3277353 1.16537762 0.674895883 1.07946432
    1.30925918 1.57836568 1.58022916 1.55484009 0.807574809 1.53082097
    1.21876097 0.873132765 0.836332798 1.06400776 0.696862221 1.35810935
    1.18962133 0.808345795 1.41226757 1.31953883 0.73197186 0.784115493
    1.3979739 1.03005171 1.31596601 0.775533378 1.22254252 0.981274903
    0.993640423 1.01982605 0.73249054 1.32378852 1.05537558 1.11618268
    0.782671869 0.87243408 0.883948326 0.976756454 0.857000768
    0.67679435 0.921101034 0.978450894 0.760746598 0.933815598
    0.518796086 0.965287864 0.858774722 0.730614126 0.958348632
    1.15377939 0.884437859 1.35896778 1.29045391 0.77137965 1.00865626
    0.584524751 0.923828244 1.50706434 1.39188254 1.19397557 1.1510098
    0.75368613 0.638140261 1.10536158 0.963819981 0.889775097
    0.620438039 1.48409307 1.23557675 1.30005646 1.47988772 1.13352787
    0.905651629 1.45675838 0.627980232 1.04283357 1.1021421 1.43146217
    1.15821111 1.49022758 1.16419339 1.43328393 1.00635111 0.841536522
    0.711483955 1.01666558 1.11169994 0.624777555 1.42882454 0.711048603
    0.524258435 0.589179873 0.585675418 0.863218665 0.545542479
    0.962488353 1.40546632 0.708800912 1.10383511 1.02937579 0.5037871
    0.84077549 1.15953612 1.28939998 0.890338719 0.892125905 0.778126597
    1.40107358 0.970102847 1.0905031 1.4546423 1.2475183 1.36673236
    0.847498596 0.881509781 1.14920795 1.49122465 1.06661868 1.47932911
    0.991727591 0.872056186 1.26020491 1.47765219 1.35161746 1.09746408
    0.996658385 1.48398995 1.03539324 0.953333616 0.63975215 0.533309221
    0.847704172 0.521611154 0.542824388 1.43235385 1.28158438
    0.989416361 0.697804809 1.39418411 0.729869902 0.532543957
    0.575183034 0.688728452 1.33925807 1.14047897 1.17606091 1.4828161
    0.820152879 0.964574575 1.36641204 1.31214893 0.673102736 1.43318582
    1.15332043 0.846895695 1.19210839 1.38081825 1.39714444 0.776657701
    1.25525558 0.827949584 0.732094467 1.28627086 1.36580479 0.700439334
    0.753831744 1.4666338 0.652117968 0.563556254 1.36690009 0.644069791
    1.3338598 1.44526207 1.31569481 1.1710695 0.549377084 0.560544312
    1.38812101 1.38993597 0.763843477 1.25851178 1.09014833 0.779018641
    0.967342079 1.43666315 1.33158576 1.33290827 0.694282115 1.51723206
    1.22829008 0.624117374 1.45942426 1.34173501 1.45569062 1.18099809
    0.92080313 1.35555875 0.61429441 1.06213248 0.809444726 1.30384254
    0.82991153 1.28646457 1.52640843 1.37087095 0.682702541 1.42117167
    1.30987465 0.834633946 1.26835346 0.671705067 0.714942336 1.48097456
    1.15536141 0.572707653 0.571766973 1.23158443 1.38051999 1.32024455
    1.28664839 0.873346806 0.58009994 1.17033589 0.554289281 0.905231774
    1.14201438 1.27469063 1.41970074 1.355003 0.662346482 0.777244806
    0.551224291 0.753909945 1.13235617 0.866095424 0.729225039
    1.02477705 0.545154393 0.955244422 0.60032922 1.44323671 1.23697114
    0.958938897 1.38152301 1.10109019 1.1241616 0.702382565 1.03979957
    1.42931461 1.21536303 1.07246912 1.09900177 1.51543295 1.3383702
    0.607491136 1.49721956 0.674779713 1.27407372 0.935506523
    0.633723021 0.548536599 0.617756307 1.37951112 1.26119232 1.35321403
    1.45515323 1.41881895 1.10423255 1.48100388 0.919650078 1.12313068
    1.08140147 1.36569035 0.979728878 1.51985168 1.07880795 0.734320402
    1.29585052 1.4301964 0.84519732 1.29739523 1.29158473 0.512362778
    1.38559699 1.47534919 0.645086706 0.69307977 0.890833199 0.90452379
    0.503614068 1.28550887 0.764916122 1.09176302 1.146837 0.933155119
    0.682077765 0.889518261 1.12803376 0.578691661 0.841302454
    0.961854875 1.16971278 1.34175289 1.04966319 0.514276624 1.0056591
    0.726272941 0.872348785 1.17054284 1.41384566 1.55125403 0.625737786
    1.39227152 1.25588965 1.06686926 0.651993573 1.23721826 1.27507579
    1.51086593 1.48888862 1.33537853 1.2905724 0.790468156 1.28657877
    0.655635536 1.14445984 0.61311388 0.750314176 1.06936717 0.57605803
    1.02291048 1.05747652 1.03208017 0.576965034 0.79092288 0.873848319
    0.848573446 1.46990454 1.01473582 1.35389805 1.25133407 0.567979932
    0.956903875 0.673203647 0.659474552 1.22935987 1.21691871
    0.887334704 0.512203872 1.00137103 1.46222126 0.851544142
    0.601480484 0.871535301 1.03893495 0.869510412 0.641940117
    1.13107312 1.36625397 0.570434868 1.4296571 0.99511832 1.44705176
    0.944454253 0.777391613 0.55156368 0.544156253 1.39063776
    0.762824237 0.621552587 1.35428607 1.21625233 1.47627282 0.727195501
    0.751999855 0.741863847 1.06390262 1.35264325 0.790310979 1.11323822
    0.749999106 0.632959962 1.08740401 1.26620674 1.42689919 1.19604564
    0.897102356 0.814650655 1.44023681 1.03288591 1.38693154 1.1918819
    1.41777074 0.536568999 0.739269733 1.27258325 1.01765585 1.298774
    0.953238249 0.506518364 1.41581881 0.939721584 1.06439197 0.57391572
    1.08860624 0.662755787 1.42659485 1.3750546 1.44892418 0.867413104
    0.547198176 1.38680398 1.29139519 1.15848053 0.841172636 1.1659466
    1.3363204 0.668435216 0.53097868 0.709400892 0.865448892 0.732316017
    0.802030146 0.60929662 0.971559763 1.51569974 0.552413225 1.07464957
    1.39393723 0.668940783 0.845013261 1.0866245 1.31596792 0.884956002
    0.960371435 1.09021759 1.13900125 1.35532224 0.715189457 1.38321149
    0.61005801 1.04626238 0.95628798 1.03065646 1.12338376 1.36356211
    0.739115596 1.39124191 1.46989882 1.27925313 0.551341951 1.35395288
    1.28766656 0.727511764 0.533848643 0.652430415 0.651909351
    0.642534673 0.717155516 0.789150178 1.34037399 1.54880977 1.50991297
    1.51310551 0.690326333 1.37648964 0.630725861 0.824149251
    0.889441907 1.44283366 1.3685317 0.70470655 0.739249527 1.35052967
    1.38429606 0.527980745 0.732814014 0.530491412 1.3136487 0.484432161
    0.469105244 0.587245584 0.869246244 0.756321669 0.589985192
    0.750176311 1.43009102 1.38193095 0.598983109 0.666815996 1.07319117
    0.878520608 0.569327593 1.48415399 1.07334995 1.29095685 1.2264719
    0.900943279 1.53522038 1.03049815 0.72332269 0.849679887 1.39756632
    0.987212777 0.737214446 1.08613908 1.29703152 1.34948623 0.723004341
    1.47362018 1.03306293 0.553530276 0.896672487 1.44814539 1.09878767
    0.564546108 1.07209826 1.18167055 0.646149516 0.805676639
    0.973947346 1.33344293 1.31880486 0.654685736 1.03826141 0.763037324
    1.47497809 0.950801492 0.918300092 0.930451214 1.40768576 1.41652358
    1.16926694 0.533609152 1.23572552 0.749856055 0.983028591 1.46464705
    0.511154592 0.685529411 0.566854775 1.05231619 1.42204893 1.2927382
    1.05596614 0.910830021 1.36241996 1.33877039 0.561041534 1.46670616
    1.39574349 1.3828299 1.19853747 1.38483691 1.08275449 1.07569218
    0.86276108 0.586031556 1.08713365 1.13393795 0.842349887 0.956688762
    1.21215022 1.22662604 1.02923799 0.702455521 0.677344322 0.814245284
    1.34513497 1.39840949 0.856081426 0.943093359 1.54067206 1.47764242
    0.965364337 1.04713666 1.13762939 1.28321457 1.13847268 1.0659492
    1.26530313 0.959294975 0.812481403 1.0557853 0.581959844 1.08468592
    1.12797976 1.1300168 0.837730289 1.17430651 0.831055045 0.605093062
    1.45692074 0.855624259 0.768150747 1.07367778 1.2801677 0.573971391
    0.729676902 0.727039993 1.06277418 0.75392884 1.30543876 0.982510984
    1.27891052 0.563362479 0.786488354 0.920644462 0.965726733
    0.559025943 0.593211412 1.28805339 1.33881319 0.943381786 1.00899005
    1.08461988 0.926998258 0.949699759 0.964432299 0.515188575
    0.442930669 1.36934149 1.35629082 0.608129025 0.62857163 1.04615712
    1.14454818 1.036134 1.33260536 0.628093541 1.06984365 0.745319545
    0.513861299 1.36179054 0.767915547 1.11582124 1.33637178 0.896755695
    1.00826275 1.34400344 0.672258794 1.16466367 1.09558296 1.29765403
    1.1606009 1.05932653 1.10940933 1.38601053 1.36232841 1.41244674
    1.49594247 1.04612958 0.895925462 0.987316787 1.28438377 1.1894865
    0.471428245 0.735935271 1.17937434 0.878005445 1.34159303
    0.677114069 0.685704112 0.762154996 1.09783685 1.33907568 1.24700868
    0.955727279 1.49754846 1.161273 1.3843379 1.10846794 1.24954152
    0.643337548 1.25746751 0.72366637 0.937033355 1.4113971 0.597344041
    1.04830873 0.754780591 0.956204772 1.08451772 1.1868273 0.877184868
    1.24244559 1.4043957 0.640471697 0.70565635 1.41810894 0.8056463
    1.1741116 1.25591123 0.69629848 1.27695429 1.0988096 1.39884424
    1.16560209 1.4508872 0.831182837 0.69662261 1.52635741 1.4113158
    1.18381393 1.49494553 0.659724951 1.14664197 1.16669071 0.92799598
    1.33338952 0.81183821 0.922936678 1.03021502 0.772934139 1.44952488
    0.585668504 1.32728159 1.18477929 0.778717399 1.18901503 1.25570548
    1.34177554 1.19598222 1.37772155 0.677495718 1.10579216 1.14117515
    1.47070217 1.11147487 1.18128896 0.799857557 1.03715956 0.725771308
    0.46756506 1.30121076 0.613099396 1.06761158 0.713179111 1.198102
    1.10152888 1.24614918 0.634656012 1.32203269 0.743944824 0.751179338
    1.43989563 0.781235874 0.601313591 1.04662013 1.25410783 1.05779779
    0.700398982 0.652167618 0.975281775 0.92046833 0.7861619 1.34641862
    1.27450335 0.921738267 1.00035501 1.07160068 1.0496819 0.712790847
    1.30745423 0.942722023 0.566876411 0.980784953 1.24179435
    0.874449968 0.559358597 1.1720953 0.752498448 1.45027959 1.21605504
    0.939436555 0.60877341 0.974698126 1.24339235 1.11879539 1.48180807
    0.909392893 1.22159708 1.36598551 0.764686882 1.49623311 1.10858405
    1.01814914 1.33762968 1.33145452 0.939225674 0.818113029 1.18157995
    1.21635723 0.597570479 0.986481071 0.997104228 0.656168938
    1.39016962 0.679744482 1.37916219 1.34383309 0.878929615 0.864416897
    0.986427248 1.30605972 0.769822061 0.671851695 0.818661749
    1.49701464 1.17401278 1.29835081 1.18559098 1.36360884 1.00868464
    1.46999562 0.524211228 0.715878606 1.19366384 1.18289065 1.27684212
    0.96628958 1.12370372 1.06283545 0.667713284 1.17564464 0.944860756
    0.92390275 1.49865901 1.49459052 1.26106 0.697530985 0.813940108
    0.850294709 1.00874877 1.04028857 1.13553166 0.880098104 1.06843102
    0.89034158 0.716964006 1.38784242 1.13345063 1.04928887 1.05332053
    0.846827447 1.38089013 1.24592435 1.51507294 0.998081148 0.733036518
    1.49992764 1.38998044 1.48682797 1.45666587 1.22066307 0.759993911
    0.58028245 1.29749346 0.95899123 0.946614265 1.06604195 0.710271895
    0.776282609 0.742469788 1.13656509 0.784379661 0.877460659
    0.954377115 0.895384848 0.845663607 1.29893279 1.02398646
    0.663192391 0.978810012 0.566863537 0.466556638 0.584137917
    0.533416033 0.785641491 0.494073778 0.722704351 1.38332617
    1.40862834 1.47231889 1.09801161 0.756906331 0.801660538 0.723905206
    0.854551256 0.738946855 0.860527337 1.1959455 0.783842921 1.18375504
    0.960906982 0.736313403 1.00160027 0.541137815 1.14631724 1.33467352
    0.952194393 0.851975441 0.698799253 1.12582958 0.839603841
    0.947918713 0.929720998 0.847539425 0.984245539 1.17263377
    0.572558641 1.28110647 1.14694417 1.48332417 1.0410068 0.714422584
    1.32339752 0.752205014 0.693725526 0.700500429 0.720489025 1.3570931
    1.28009462 0.902824521 0.584203184 0.939729333 1.44945025
    0.932093024 1.46179938 0.626733661 0.900676489 0.63855195 1.10299814
    1.25326908 1.05367303 1.17379379 0.732780516 0.960671961 0.843740344
    0.772455275 0.659632027 1.35838377 0.605186701 0.799876988
    0.797867954 1.15012538 1.21812046 0.89850837 0.672741592 1.36247194
    1.38559353 1.08528924 1.09731805 0.903952301 0.82908833 1.14158666
    1.13856149 1.46599329 1.26897585 1.4712106 0.589879572 1.15495217
    1.30563056 0.909885406 1.05129194 1.31443858 0.679224491 0.658013463
    1.44930649 0.569491684 1.45398939 0.859788179 0.98143959 1.33659375
    1.25946069 0.721099198 1.00633478 1.17803943 0.852798223 0.825537622
    1.49813926 1.36346877 0.826437593 1.46230888 0.951830983 0.792137086
    1.40026915 0.535670042 1.2653054 0.705567837 0.48768279 0.831517458
    0.47405085 1.40310442 0.670595646 0.988988161 1.44251525 1.04411089
    0.746311426 1.39485776 1.39523625 1.01712179 1.07183719 0.925793231
    0.537464023 0.633187175 0.581180215 0.87282908 1.49298012 1.25984168
    1.48963404 0.585859716 1.26460743 1.37451732 0.828906834 0.780641675
    1.2542907 0.961353362 1.41844761 0.886734128 1.05339146 1.07265306
    1.50283921 1.06660366 0.912930965 0.834221184 0.751165748 1.45832956
    0.827037454 1.03134203 1.10353804 1.54245961 1.4237628 1.43872213
    0.780744553 0.726667702 0.691124678 1.08423316 0.676748753
    1.15910614 1.4260633 0.605844378 1.02923989 0.932866931 1.32673192
    1.55030572 0.587911725 1.25383556 1.52067065 0.940275192 1.44643939
    0.680961132 1.07752895 0.810657024 1.06900823 1.1783942 0.858552098
    1.01492774 0.613799334 1.13006759 1.37405777 0.745785832 0.609004378
    1.23764694 1.03490245 0.754761279 0.794405699 1.32764399 1.36279571
    0.574688673 1.06759107 0.812384784 0.680699229 0.862003267
    0.70558238 1.25626314 0.813121736 1.32064176 1.11023045 0.969353199
    1.43600368 0.840420842 0.794907093 0.96505183 0.593695819 1.31087399
    0.638575375 0.633062065 0.868889213 0.635521472 1.4438076 1.01777935
    0.650707185 0.999636829 1.17768681 1.40798593 1.41877568 1.50087678
    0.928659439 1.08725715 1.13161993 1.22576725 0.652888954 1.41302109
    0.76077354 1.02746069 0.590111792 1.10389757 0.566532731 1.27556551
    1.00044119 0.724817336 1.00739884 0.909774184 0.716815114
    0.942212701 1.08416045 0.915723622 0.836469471 0.721619308
    0.838169396 0.52654916 1.50840259 0.742994606 1.37364042 1.42967403
    0.859361589 1.09556007 1.34026635 0.724345803 0.613564789
    0.584935665 0.829482973 0.836480021 1.26027358 1.34599352 1.3290627
    1.50773454 0.942872763 0.915656805 1.04475629 0.696827769 1.26928949
    0.960517526 0.974634349 1.31483066 1.21029091 0.604864776 1.14484906
    1.41047001 1.34569192 0.658861756 0.695321143 1.40212071 1.28468013
    1.07168555 1.02545559 1.0408808 0.912808597 0.827725589 1.19295812
    1.11811638 0.771585405 0.558781803 0.759675205 1.01295435
    0.620466232 0.9773947 1.46159649 1.47742426 0.86512661 1.50584829
    0.833183229 1.20661271 1.18546486 1.21265972 0.538273871 1.08523071
    1.3436259 1.31056941 0.739216924 1.26041853 0.669084966 0.674767256
    1.02472115 0.620467365 1.44646657 0.975155413 0.809038162 1.18057358
    0.757678866 0.858051896 0.775197029 0.811968267 1.07326579
    0.891101062 0.969134271 1.3574996 0.727045417 1.27301693 0.639495432
    1.03857934 1.10953581 0.531436443 1.4581877 1.13384509 1.24789858
    0.603828549 0.627322614 0.613357902 0.993959188 1.10534179
    1.46477938 1.35712647 0.997583985 0.696401834 0.894976914 1.3227365
    0.561696172 0.56990999 1.35260034 0.653936803 0.775609255 1.36920643
    0.534323096 0.59322232 0.558390498 0.58861661 1.47179961 0.6278705
    0.621149242 1.02892959 1.54210079 0.543228745 0.608842015 1.0582515
    1.30268896 0.866502285 0.83983922 1.15396118 0.646642506 1.40088272
    1.14925444 1.21044278 0.583662748 1.14411676 1.41828167 0.565786123
    1.40345466 0.682633996 0.850358307 0.505725145 1.17327678 1.21639609
    1.48607886 1.11731148 0.650071561 0.939843118 0.903261602
    0.991967857 0.715792179 1.16876507 1.35521567 1.40454483 0.672103405
    1.46792591 0.862986386 1.35558879 1.22841108 0.924489558 1.40761948
    0.959614873 1.29005063 1.23636866 1.41876626 0.825125277 1.29230201
    1.25562 0.891840458 0.920716941 1.41695642 1.03292 1.37962675
    1.48256385 0.987213135 1.10464895 0.569999397 1.47578442 0.822141528
    0.843169332 1.53917408 0.752937138 1.13624382 0.672118247 1.25467932
    1.50850809 0.929470778 0.758854568 0.994347453 1.35226095
    0.882061422 1.04943955 1.41214275 0.7306692 1.46674526 0.895799279
    1.31226754 0.838637054 1.13137603 0.561260819 1.26419818 0.795976877
    1.13691604 0.766213298 1.35135198 0.620022535 0.965242863 1.39738393
    1.56400883 0.852453649 1.45847034 1.23805702 1.09016597 1.2543788
    1.0926404 1.20927048 0.684965849 0.984701633 0.575983644 0.951126039
    0.51500082 1.26597154 0.96926415 0.782971144 0.903276622 1.12533247
    1.23139775 0.739679933 0.797615469 1.46420825 0.990597725 1.35025644
    0.629700184 1.00663841 1.28240597 0.727635264 0.854854286
    0.929948449 0.548590839 0.725367188 0.90342766 0.781348705 1.4802022
    1.456056 1.43630123 1.35347748 0.704595923 1.03551376 1.38873696
    0.623879194 1.40735269 1.49277389 0.656637728 1.09364235 0.643380046
    0.647373378 0.946656525 1.3016299 0.874317586 0.69742465 0.774579883
    1.27913022 1.17554343 1.1161139 1.09511209 1.44887567 1.42221928
    1.06005859 1.1255213 0.922559202 0.711023211 1.52899969 0.869627953
    1.34205317 0.544367194 1.32202387 0.575638831 0.517540097
    0.499397159 0.662379205 0.821157336 0.541985929 1.0244478 1.35813415
    1.4410882 1.08919752 0.806228161 1.21225488 0.537642241 0.72784543
    0.721068561 1.08578014 1.41693676 0.911311209 0.575473368 1.05876911
    0.905830681 0.570379615 1.39971733 1.34395254 0.724279404
    0.684392571 0.688099146 0.687233984 1.38970649 1.28964853 1.36376405
    0.752050459 0.822083294 1.00575542 0.652463078 0.584881485
    0.955039978 0.53442204 0.9241817 0.517453671 1.20080638 0.811473131
    0.56125772 1.45517313 1.42711473 1.17236769 1.30410659 0.704561055
    0.989795804 1.30328596 0.896358252 1.02466226 1.06145322 1.47068977
    0.590653777 1.23164868 0.622744203 1.1114918 1.38948822 1.29082358
    1.42709816 1.1812619 1.0976485 0.803429604 1.25404978 0.580722094
    1.1117276 1.18036425 0.708514929 0.8336941 0.554133534 1.26647174
    0.572335958 0.675752223 1.47577953 1.09437358 0.561324 1.32741976
    1.26141036 0.792022228 1.21442962 0.885018528 0.564358294 1.04895175
    1.12414563 0.984983683 0.578263402 1.21107459 1.41985905 0.566349983
    0.61209631 0.807698011 1.0320605 0.629063725 1.02284563 0.768322051
    1.05486536 1.22427964 0.632628024 1.33978283 1.15187371 1.10789752
    0.921759307 0.588578522 0.754293144 1.26712275 1.25528812 1.07130682
    1.28237796 0.992170632 1.31936359 1.23189938 0.799810052 0.564857483
    1.24149013 0.51884985 1.37869966 0.976691663 0.502726614 0.771554351
    0.548112869 1.01539016 0.580006719 1.48638737 0.659699023
    0.809604108 1.36197448 1.46113682 0.948710084 1.31594121 0.763148725
    1.05091619 1.4958961 1.40880728 0.791076124 0.68617487 1.18772829
    0.801594973 1.06458151 1.44848585 0.914913237 1.35387111 0.896322846
    1.336321 0.941745162 0.785277486 0.536589086 0.862373173 0.546039462
    0.596257865 1.00271928 0.845098853 0.550751448 0.973792374
    1.37424171 0.644557238 1.45493245 1.18218744 1.17049396 1.28691268
    1.00777531 1.37646687 1.52691913 1.45036376 1.47364879 1.16055334
    1.3230052 0.572760105 1.12447739 0.905592263 1.14126396 0.608197331
    0.789908051 1.19957983 0.843424797 0.932750523 1.41840351
    0.758174598 1.18019795 1.52480185 1.34183097 1.13072085 0.818261206
    1.28847528 1.5611167 1.22710705 1.55033696 1.4048934 1.39271975
    0.845407307 1.15131724 1.29679751 1.07738256 1.25055885 1.37945855
    0.901686311 0.86595875 1.04286361 0.483098179 0.938052297 1.11995566
    0.814866126 0.60127306 0.955370843 0.731589496 0.89317137 1.24279439
    1.52650344 1.45099151 0.850909173 1.25986195 1.48886251 1.41440785
    0.951732993 1.36411989 0.753493011 0.997216284 0.635648489
    1.46894336 0.759593904 0.555576622 1.19017458 0.945097685 1.14903903
    1.49820769 0.780203819 0.733846605 0.990385234 1.03879702 1.06524587
    1.3609122 1.1669203 1.37969446 0.906774104 0.650889933 1.52110183
    0.729698598 0.783274174 0.610693514 0.49619177 0.636763096
    1.21923661 0.679181516 0.636621177 1.01346183 0.509239018
    0.638116956 1.36697125 0.805916727 0.697690964 1.41185093 1.13960671
    1.06464517 1.40717995 1.16117156 0.902537405 1.26498008 1.07712126
    0.631451666 0.692256868 0.50498873 1.40929639 1.26508784 1.47009051
    0.621469915 1.15070653 0.786264122 0.890461981 0.927404106
    0.739743292 1.41609585 1.02950895 0.711492181 0.997945487
    0.712724566 1.39158309 0.928829432 0.57962358 0.703715563 1.16764629
    0.543618619 1.13009512 1.2249459 0.819069088 1.46410787 1.01953804
    1.35285556 1.10989559 1.47405767 1.27793097 0.716854572 0.783154428
    1.20342875 1.4205029 1.04857063 0.973738611 1.10799658 0.617161572
    0.579704881 0.930601656 0.954953313 0.537476301 0.539254129
    0.787493408 1.29467583 0.69751215 0.872097135 0.900201797 1.34495032
    1.16217244 1.41451132 0.967915177 1.1867038 0.752463996 1.32528412
    1.352723 0.72429961 1.35934174 0.656727552 1.43364549 1.27734566
    1.15091062 0.93678236 0.709437311 1.25194633 1.29818964 1.4341749
    0.674400926 1.18291545 0.917532384 0.808880806 1.32123339 1.20879006
    1.09896052 1.15041792 1.47606277 1.33719277 0.806951821 0.986586094
    0.746065199 1.02429831 0.5931229 0.625728726 0.930318713 0.606803715
    1.29739332 1.02535665 1.33011329 1.26301718 1.19042325 1.49151766
    1.41042912 0.937919021 1.40374446 1.31563771 0.708818376 1.20228302
    1.35692406 0.745132387 0.877282679 1.07205796 1.13163352 1.20907366
    0.740357757 0.933243454 1.18585765 0.8798334 1.45154142 0.909432828
    0.584599137 1.18875504 0.794294417 0.605277717 0.973333299
    1.32894146 1.16574788 1.44940639 1.25686455 1.02425349 1.06047392
    1.27768326 1.11023271 1.37670732 0.891771555 0.551980317 1.40048814
    1.3993988 1.36171401 0.735194981 1.24419343 1.04753268 1.23858929
    1.46917832 1.32948875 0.962765038 0.699022293 1.50374103 0.793966115
    1.0952307 1.1256932 1.47458816 1.51134181 1.39996779 1.14245141
    0.887850523 1.22170436 1.00102842 0.671756387 0.50158 1.4269501
    1.17645752 0.911540568 1.1091795 0.905976593 0.884901822 0.93608743
    1.00519669 1.20825541 0.737968683 0.629743695 1.22278178 1.38084233
    1.37238705 0.59447974 1.04409444 1.2150358 1.30396843 1.47696853
    1.081568 1.10470021 1.39008784 0.965988874 1.18805802 1.56206763
    1.32153308 1.37309384 1.39092052 1.38090372 1.50984037 1.21930277
    1.34412336 0.673112452 0.869578421 1.48400021 0.971790612 1.07893908
    0.864827991 1.3274653 0.949466944 1.50827205 0.617479265 0.933244407
    1.16561294 0.810270667 1.33921838 1.02944708 0.902108073 0.497822821
    0.893344879 0.933446229 0.742728174 1.12544727 0.593279183
    1.22235334 1.48190367 1.32031929 1.49731278 1.20280528 1.40895808
    1.15661693 0.690097868 0.993560553 1.27029181 0.903005481 1.15557277
    1.41694462 1.23647082 1.0451839 1.15233731 1.18747926 0.821767986
    1.51429737 1.16716886 0.891181648 0.729032159 0.738292933
    0.797716916 1.44949067 1.07421172 1.09618723 1.41778052 0.678806484
    0.873113871 1.003335 0.793014586 0.609723508 1.09715545 0.589062631
    1.05399847 1.15920186 0.543000042 1.20480037 1.1495651 1.00491142
    0.631289482 1.34929967 1.06669581 1.48293161 1.36062121 1.3655405
    0.592044473 0.61875397 0.87509644 0.775477529 0.797430456 1.27051342
    1.0519594 0.906534195 0.58306247 0.786104679 1.31512749 1.15300345
    0.732168317 1.30457675 0.809311867 1.3011359 0.771265686 1.05898297
    1.25314999 0.601543069 0.531005263 1.06033909 1.25791013 0.921417177
    0.71998781 1.34619904 1.09001338 1.07646954 1.44264925 0.825161397
    1.23488939 1.11557233 0.856713533 1.3334136 1.48937583 1.08191955
    0.986119092 0.761744678 1.45251489 0.84471643 1.443699 1.37520945
    1.05021417 0.766559064 0.581957817 1.34832728 0.54317528 1.17711127
    1.16183591 1.18565202 1.3951298 0.670361698 1.37900293 0.852043867
    1.4500407 0.570724189 0.60202986 1.3738637 1.25665784 0.748705029
    1.40817082 0.978155673 0.907171309 0.65451932 0.935434043
    0.703328788 0.577405334 1.37157989 0.695835829 0.798451304
    0.733947873 0.601169527 0.62170589 1.4346168 1.18461978 0.690466702
    1.34187293 0.591950953 1.39330971 1.10261846 1.21348548 1.24641144
    1.16108 0.670714617 0.736164749 0.629196942 1.0613116 1.4089762
    1.28042042 0.785837233 0.527251661 1.25621104 1.09117877 1.07071018
    1.18198586 0.675684631 1.31486726 0.582589269 0.635620594 1.52581179
    0.823154211 1.29853213 1.40993011 1.16504383 1.31527054 1.18128145
    0.54535681 0.846398771 1.44608164 1.05227709 0.551775217 1.45108676
    1.39266241 0.875691473 1.41224802 0.86331749 0.543351471 0.770747721
    1.01592064 1.45846164 0.548623681 1.22233009 1.37085056 1.34870231
    0.654770732 1.24893463 0.779193044 0.54695487 0.831418157
    0.566172123 0.984952331 1.01433134 0.935396314 1.19224048 1.05475259
    1.08648896 1.37727475 1.35001457 0.641998947 1.302948 1.17549992
    0.818037093 0.698320389 1.52186906 1.0876534 1.26276004 1.09603703
    0.875816584 1.3122648 0.943294466 0.901129782 1.00571144 1.08876359
    0.555310607 1.28476799 0.834184647 1.30854487 1.25889993 0.911027074
    0.682053924 0.831322074 1.35544038 0.877188563 0.989790976
    0.947202504 0.609112799 1.30843997 1.19356346 1.02890944 0.797639251
    0.958876491 1.02950895 1.27012098 0.994759142 1.17388964 1.04690385
    1.47416544 1.52649617 0.905481756 0.579319835 1.4474088 1.09223604
    1.19774592 1.4194988 1.47057474 1.18722355 1.53830492 1.17616284
    0.997484148 1.44356358 0.626635671 1.27661633 0.807215095
    0.729041219 0.664373815 1.15495896 0.634086967 0.978504419
    1.29864645 0.830321968 0.74260807 0.874329448 0.999499261
    0.891491354 0.842795134 1.32584333 1.49992871 1.03956258 1.30636215
    0.704993367 1.07411575 0.619002342 1.46792543 1.33078194 1.06507993
    1.35384822 1.28965986 0.900866449 0.946451783 0.539219737 1.00175667
    1.32012534 0.615486741 1.2291435 1.01215374 1.09755278 0.60651356
    1.13691628 1.0834893 0.744626999 0.872872949 0.60205549 0.817177474
    1.43389761 0.887223363 1.09331846 0.700559258 1.25670445 0.818374395
    1.0013839 0.530069053 1.22466588 1.26975608 0.796790242 0.657325923
    1.4844898 1.42029321 1.45063198 1.21002221 0.790002584 1.48821521
    1.51396847 1.35186303 1.15490091 1.02229166 1.25506389 0.807166517
    1.47235382 0.863795102 0.604719698 1.16705167 0.900968552
    0.525327563 0.911447406 0.737394392 1.37669063 1.01939201
    0.962434709 1.17270374 1.08605802 1.23194253 1.20889843 0.975320816
    1.13948202 1.16199648 0.698939085 1.24574769 1.3944447 0.994020283
    0.574492931 1.33581996 0.971545577 1.36248827 1.50626862 0.941911221
    1.42805421 1.42727923 1.15994251 1.00800979 1.03271103 0.568409562
    1.25246191 0.833969593 0.568717957 1.26177239 1.516819 1.0036025
    0.762672603 0.669751823 1.35616207 0.626394391 0.857099056
    1.00455296 0.744517803 0.548857987 1.44401276 0.990440309 1.30881882
    1.11383796 0.793851972 1.15362346 0.842626691 0.854033291
    0.782009959 0.988829494 1.39803636 0.738302827 1.48360336 1.19018745
    0.600632906 0.92158407 0.799444079 1.03515422 1.37325799 1.2377944
    0.516277373 0.547200859 1.23144364 0.623897135 0.50281477 1.20341218
    1.43031454 0.728624344 0.954961479 0.899146676 0.532471299
    0.92031008 0.887557149 0.547774613 1.24896693 1.46762061 1.17145431
    0.749548852 1.00138509 0.585679531 1.23809075 0.631467998 1.10689247
    0.57825619 0.806630373 1.17667091 1.30756819 1.20066106 1.27669346
    0.690118074 1.27077806 0.991937339 0.694524527 1.1691587 0.631995916
    0.972533762 0.621932685 1.38937509 1.20911539 1.41703022 0.509406328
    1.148965 0.519990623 1.03911769 0.6134094 1.02784944 1.00207424
    1.3325187 0.684347391 0.882644176 1.12222826 0.525895476 1.50426149
    1.42249298 1.23367655 0.655147374 0.978307426 1.40482473 1.24848509
    1.13509858 1.21625817 1.38026679 0.551110446 0.710489333 1.24011958
    0.82139045 0.715413749 0.876960218 0.851312757 0.646112323
    0.931157291 1.10101902 0.685738087 0.955961525 0.762294352
    0.897799909 0.571612239 0.625424623 1.25122845 0.735987365 1.3616873
    0.864024222 0.693046272 1.36124504 1.33498812 0.838027894 1.51187527
    0.909110188 0.610661328 1.43115878 1.48810506 1.41198516 0.813828886
    1.04870307 0.826963246 0.732705116 1.01735091 0.95871681 1.01135683
    1.11845756 1.16518641 1.06601894 0.517729759 0.91030705 0.664383769
    0.826966703 0.546581507 0.562619507 1.28396642 1.29112625 1.03756845
    1.34249032 0.577104449 1.31523025 0.969136357 0.781971753 1.14036524
    1.30338907 1.48822856 0.727581024 1.22677207 1.45540667 1.45389998
    1.1884383 1.28429687 1.08353686 1.46141899 1.07640088 0.943601906
    1.3878957 1.24268591 0.616890788 1.07317686 0.89209795 1.0762732
    0.721846461 1.30424011 1.09746528 1.478315 1.41778088 1.40877748
    0.78693676 0.817201078 1.04342878 1.24124336 1.24272656 0.545778573
    0.731320858 1.4320426 0.678883851 1.02841139 1.33557868 0.824598074
    0.626564801 1.16755581 1.03730083 0.931920111 0.916096687 1.34765029
    0.645718992 0.725286901 0.586098015 0.632160544 1.36171496
    0.926061213 0.855984271 0.988432705 1.4753499 1.06851757 1.29536247
    1.39030719 1.19035041 1.39597464 0.704049706 0.844600856 1.40277994
    0.879653692 1.28148365 1.44772291 1.25932682 1.23347676 1.16529369
    0.928634048 0.697735548 1.28455687 1.45855975 0.644176722 0.55390811
    1.11420643 1.4569453 1.01884913 0.58859086 0.934765816 0.823425472
    0.528678775 0.733772933 0.949677825 1.32577562 0.59079361
    0.956367254 0.599646091 0.755820513 1.18312752 1.03345871 1.28816688
    0.829315484 1.33287418 0.83432138 0.883119166 1.12228 1.17188013
    1.43145144 0.515460134 0.9709512 0.905796111 1.4397049 0.609372377
    0.869034588 0.832574248 1.07263732 1.4322716 0.937061787 1.37838948
    1.17765117 0.78491658 1.51781583 0.726838291 1.39078736 1.24731815
    1.43170393 1.20685565 0.866791606 1.33087552 0.597367406 0.838931739
    1.08746469 1.26478601 1.03684413 0.876166523 0.936061323 0.899983406
    1.4125104 1.00008953 0.804222405 0.99260807 1.32324684 1.45273113
    1.43109536 1.04983342 0.767247736 0.939751029 1.03885818 1.28356731
    0.879573882 0.721092105 0.834441662 1.21702397 0.733641446
    0.527882874 0.614259064 0.965387464 1.27783525 1.25243735
    0.620577633 0.562052965 0.876743317 1.26361966 1.47970879
    0.547614396 1.45851052 1.4910177 0.742675364 0.907184958 0.580572248
    1.43400621 1.37760043 1.42519677 0.520369232 1.18739378 0.775279701
    1.25448632 1.19733119 1.08116031 1.22872281 1.39792407 0.765967488
    1.29804707 1.31744611 1.02147484 1.32711041 1.29180729 0.71754688
    0.812017083 0.757251799 0.914901137 0.92227608 1.0504657 0.700305939
    0.677587688 0.996394694 1.35614157 0.949087024 1.41192031
    0.906983316 1.26056242 1.16188359 1.47064853 1.12516487 0.62143302
    1.18496823 0.672812104 1.39458501 0.947473884 1.30299711 1.04528141
    0.767106354 0.92301929 1.15568674 0.608654797 1.28647578 0.713274539
    0.869232476 1.31125081 0.690794408 0.652685344 0.960520029
    1.30900455 0.689466596 1.13517439 1.35894501 0.773986876 1.39269078
    1.49233329 1.08992958 0.609898627 1.26155698 1.29399192 0.828236639
    1.23223341 0.920039058 0.746358097 1.02847457 1.35704029 0.923656106
    0.867314279 0.670789123 1.40360117 1.19109201 0.751981497
    0.931824267 0.54641366 1.49531305 1.41975999 1.14869726 0.598635018
    1.34861207 1.15625858 0.912589848 1.13886917 0.984067619 0.954746664
    0.66984427 1.48203897 1.29986382 0.959331274 0.618759274 1.08113933
    1.51786983 1.18117535 1.45547545 1.60335672 1.16390646 1.03494442
    1.54318655 1.55384028 0.913519979 0.742289662 0.60685128 0.895441473
    1.11085141 1.54569507 1.30399275 0.905857384 0.691202879 1.28595555
    0.789331317 0.83562845 1.06006455 1.2952894 0.807278156 1.2476573
    1.24235058 0.768615127 1.50796843 1.19371641 1.2994653 1.54847646
    0.641922474 1.10726547 0.869727194 0.692215681 0.852946877
    0.813498735 0.789126694 1.09145355 1.23225391 0.909499168 1.49581802
    1.43312454 0.691224456 1.44188631 1.36779511 0.787349045 1.47722316
    0.639989197 0.78844285 0.959568799 0.72530061 1.38752449 0.947576642
    1.12298083 1.0739274 1.29013705 1.44732857 1.30857718 1.17632103
    0.830027044 1.31903231 1.0887171 1.0331732 0.966986895 1.15148199
    0.74051863 0.607266247 1.35899198 1.40218067 1.124897 0.757945657
    0.904910088 1.34938765 0.617289722 1.474401 1.36030233 1.19175696
    0.743430316 0.523222268 1.47593093 0.783266544 0.584824562
    1.34927964 1.51419997 1.15680897 0.956017613 0.627080083 1.40861821
    0.72702378 1.30407774 0.574675381 1.04483581 0.892310023 1.34795976
    0.999526083 0.711731195 0.756115615 1.41503084 0.581558049
    0.797603846 0.717961371 0.987590849 0.673327208 0.758802891
    0.962691605 1.53753042 1.39280462 1.4585079 0.569723606 1.28196037
    1.53896856 0.688221931 0.637691796 0.846251726 0.716297507
    1.23916841 1.45745575 1.35550594 0.786912918 0.992598712 1.29776978
    0.810042024 1.26308358 1.27431715 1.24707329 1.39256954 0.691159189
    1.06599832 1.32967055 0.739695728 1.33134079 1.06624949 1.13002765
    1.29426217 1.27150869 1.08152652 1.32371151 1.38816774 1.14919674
    1.05334365 0.757579923 0.896481276 1.42818177 0.881430686 1.22956967
    0.636515558 0.621138752 1.25530875 0.874906898 1.3227241 0.920777619
    0.862403274 1.44190443 1.15107965 1.05015635 1.37070036 0.551016748
    0.841691613 1.02475333 1.46449578 1.07883275 1.4104321 1.39383721
    1.263538 1.18781817 0.52785337 0.750073731 0.747363806 0.574724317
    1.28298259 1.34063852 0.775319934 1.29191399 0.625012577 1.44653273
    0.734942198 1.36036456 1.4767127 1.49204874 1.40989769 0.924601912
    1.2567476 1.49192667 0.519104421 0.917210281 1.0760498 0.60520184
    1.05608284 0.614122868 0.628402233 1.1200974 1.16863585 0.4865762
    0.540404856 0.926997662 0.807773769 0.799936175 1.08829081
    0.599365652 1.17931724 1.46306968 1.22181916 1.21653605 1.06152141
    1.3778435 0.67405206 0.679630578 0.512776196 1.10197926 0.859469295
    1.35687053 1.51518881 0.77836895 0.708585322 0.90782243 1.25632143
    1.40644932 1.51954484 0.839283526 0.799102068 1.39248049 1.33779359
    1.00637186 0.614340425 0.919508517 0.769027352 1.22396779 1.06164193
    0.969485104 1.50254941 0.977494717 0.64790988 0.530337214
    0.731592715 0.823777795 1.21594834 0.687895834 0.655836761
    0.568992198 0.727437735 0.7405352 0.72235781 0.588582754 1.44188797
    1.00252271 1.06577373 1.0354538 1.06444538 1.22116828 0.878490984
    0.934147418 1.25368094 1.33141911 0.8446334 0.680809617 0.896101177
    1.07880795 1.23678541 1.1051178 0.986262679 1.50853634 1.47324121
    1.40176654 1.22363937 1.0077765 0.989423633 0.979152441 0.804623902
    1.40765154 1.50359225 1.46521831 0.994958341 1.40655887 0.948031366
    1.39595795 0.906080306 1.33686543 1.38485825 0.70385915 0.982802212
    0.758762717 1.4677639 1.30389357 1.17545819 0.848773301 1.46253264
    1.25664234 1.00037599 0.740536153 0.731779397 0.708538413 1.38571215
    0.707860827 1.22972846 1.25711167 0.724751413 1.20714402 1.10399997
    0.935391724 1.03950262 1.10193217 1.05943954 1.39397562 1.06064415
    0.965854883 1.4492234 1.46013033 0.830086708 1.2833395 1.23594451
    0.587015033 0.831455469 1.21853948 0.626543283 0.639241576
    1.03290999 1.47880411 1.35144973 0.648606777 1.45066071 0.865143359
    0.974521518 1.25788438 0.622309208 1.24903059 0.890519559 1.42298031
    1.5055269 0.539295077 1.51254094 0.714560866 1.27262807 0.651256382
    0.924108446 0.584124804 1.17789948 0.689400911 0.943435311
    0.772960365 1.15527928 0.619933188 0.473748326 1.09591424 1.45419788
    1.26637614 0.524397552 1.35793531 1.15958607 0.678571582 1.48623252
    1.29780197 0.845463455 0.985406041 0.675095022 0.617049515
    1.40586889 0.883047402 0.677402675 0.983829916 0.744209886
    0.608760417 1.19462359 1.23566401 0.830343127 0.627190948 1.21913421
    1.47083402 1.10536253 1.11738026 1.35338652 1.15764904 1.40678096
    0.947202027 0.489202827 1.06814027 1.26692426 0.746233642
    0.636564255 1.49179757 0.93581897 0.87776643 1.19154119 1.41546488
    0.84568119 1.12482131 1.37170613 0.598607898 0.636190116 1.29434717
    0.934194446 0.99690783 0.573269784 1.39868736 1.13405859 0.496978402
    0.681384146 0.676670551 0.648264766 0.780608237 0.509178817
    1.17639673 0.854119658 0.608501136 1.35116518 0.543815315
    0.511831939 0.983646989 0.922512531 1.05290318 0.822435319
    1.41260254 0.968432963 0.545201182 1.42372525 1.16974497 0.963166177
    1.49106169 1.32665122 1.36812592 0.615755677 1.36124921 0.645420551
    1.21205091 0.566635311 1.39311624 0.674134254 1.42704225 0.553815782
    0.974119902 0.62531817 0.64300698 1.06114197 0.684633374 0.634325802
    0.992757738 1.42565596 0.987170815 0.705449164 1.30128431
    0.565985858 1.34559262 0.799779475 0.681841373 0.955224931
    0.631030262 1.38518012 0.942178071 0.643719971 1.16830075 1.15769494
    1.01419997 0.789510071 1.12089694 0.518068314 1.18005371 1.15621448
    1.04376626 1.07017446 1.24827075 0.797736049 0.5953058 1.30286622
    1.07037973 1.4723897 0.689709246 0.776463091 1.27849579 0.859983921
    0.618705869 1.15053606 1.09288073 1.07043493 0.784863293 1.16781056
    1.36438775 1.21647453 1.21140516 0.692198098 1.3445462 0.832277954
    1.19078016 1.11760414 0.787736952 0.653471231 0.589288831
    0.741596103 0.891401947 1.17426217 1.27772403 1.17560506 0.937782228
    1.37568676 1.11958826 1.05418968 0.741854846 1.35023022 1.27905321
    0.922019362 1.03874302 1.00232267 0.624357402 0.590315759
    0.787775636 0.945565045 1.1773957 1.08138812 1.01561654 0.603882372
    1.06540585 0.800302744 1.21900403 1.44904125 1.12408018 0.778600752
    0.816061199 1.34085214 0.62646836 1.30340791 0.935582519 1.09790003
    0.831416607 0.779159129 0.676022053 1.43781829 0.89392972
    0.891671777 1.00935721 1.18397951 1.48630607 1.12244689 1.29550231
    0.846297622 0.770901144 0.631315112 0.949879766 1.23072064
    0.748594999 0.741116822 0.560820162 1.2590915 0.93524307 0.800831735
    0.855221212 1.37344396 0.7064116 1.40942121 0.587525189 0.995835602
    0.861658454 0.772301793 1.12204313 1.21423757 0.841755629
    0.558272183 0.787862778 1.17288291 1.5228709 0.77933085 1.42652655
    1.46791148 0.791847467 0.984135509 1.12711 0.972409129 0.720635831
    0.873541594 1.41771293 0.594768465 0.830568671 0.831562936
    0.941969693 0.711754143 0.744475186 1.53287685 1.50148678 1.44694674
    1.14205039 0.592583477 1.18277502 0.976878107 0.587890267
    0.542774916 1.42378056 1.14525378 0.85688293 1.02570868 0.889564395
    0.879583299 1.09737682 1.08618438 1.36647964 1.36107314 1.19265425
    0.551044166 1.08529449 0.90305531 1.13705719 1.33211756 0.491153389
    0.77733475 0.628708601 0.677963018 0.592960179 0.940798223
    0.700708151 0.956283271 1.24189711 1.2159127 1.20368147 0.873828173
    0.739042044 0.722278416 1.13917828 1.16977966 1.41877544 0.646495402
    1.21059692 1.52966535 1.53075433 0.926052392 1.13151872 1.45304084
    1.06532633 0.94605118 1.04421139 1.34110653 0.802254856 0.830304563
    0.874630868 0.605731845 0.823532641 1.12668598 0.576450229
    0.500982583 1.44561648 0.838617623 0.625881135 1.22575045
    0.882914782 1.38744688 1.35656559 0.592425764 1.28843856 1.27836061
    1.02487397 1.45113945 0.628347695 1.15811718 0.97469604 0.527281404
    0.921049297 1.05696118 1.35190046 0.528984547 1.43283892 1.05437183
    0.713339627 1.36165559 1.16382933 1.09428048 1.10921597 0.896836102
    0.833348036 0.540046811 1.01657319 0.630698502 1.01524091
    0.675269783 1.10114849 1.39845026 1.25701702 0.831856132 1.08176196
    1.26001728 1.46698558 0.534233332 0.581975341 0.824975789 1.22561896
    0.583054364 1.48001409 0.650800586 1.20056617 0.816246748 1.28606176
    0.631193101 1.28937697 1.20422411 1.07880604 0.628696918 0.625926912
    0.993600905 1.18131995 1.05788624 0.810591936 1.15154314 0.800816
    0.749070168 1.09969807 0.726271927 1.08423889 0.912048519
    0.524723589 0.50489372 0.50633353 1.00370646 1.16328347 1.37160838
    1.04558098 1.28656006 0.982825041 0.541276991 1.1815623 0.838255525
    1.19314563 0.583075643 1.39689267 1.27149665 0.88777715 0.582348704
    0.95503509 0.878706336 1.31474352 1.0859679 1.43258166 1.21982205
    0.704459608 0.782361269 0.654678106 1.42406225 1.03092635
    0.690586746 1.33546257 0.723914504 0.51075685 1.13351274 1.4411298
    0.831885278 1.34070826 1.43971741 0.926023424 0.513412595 1.02543759
    1.21441352 1.37102103 1.26027119 1.47225463 1.30606246 1.38585222
    0.590121329 1.36187494 1.16893721 0.938965559 1.37041497 0.7970258
    1.50268435 1.00131881 1.44663179 1.0263139 0.858600616 0.879239261
    1.05288291 1.15694809 1.01402938 1.42291272 0.969093859 1.29072082
    0.806836426 0.562748134 0.740086079 1.38990402 1.28812492 1.42434645
    1.15300322 1.47731614 0.730704904 1.49394917 1.37757564 0.794255018
    1.49946082 0.714419484 0.726400733 0.729258478 1.24922001 1.53525853
    1.48449564 1.27191472 1.50716913 1.43231308 0.854215443 0.841353595
    1.23244095 1.1283381 1.20289922 1.07835758 1.29016149 1.08960402
    1.26742589 1.07161176 0.993130445 1.03695881 0.703872025 1.10572767
    1.14645386 0.70162642 1.50505531 1.25237405 1.22759199 0.792855501
    0.726757348 1.31778049 0.594242692 1.25754511 1.32445097 1.3851279
    1.12235761 1.14820552 1.3805809 1.15328443 1.18375754 0.913425505
    0.56949538 0.987019241 1.40432858 1.03716314 0.77923286 0.72711581
    0.59008944 1.48602188 0.591508567 1.41185606 1.06218457 0.913500249
    1.07667267 1.17590725 1.2946949 0.851438463 0.674079299 0.667588651
    1.44413507 0.844821274 1.33863914 1.26216662 0.679889858 1.09669936
    1.32028306 0.522778809 1.06457508 1.30182815 0.719051123 0.766497731
    0.984280407 0.562254667 1.18630743 1.34602761 1.00363362 1.070068
    0.691154957 0.89124918 1.17317903 1.25983524 0.880443275 1.14762175
    1.19560635 1.32845676 0.829670489 0.700985253 1.28603375 0.645412803
    0.63421303 1.4046092 1.31881917 0.508761704 1.36710119 1.35771787
    0.958824396 0.964818001 0.525416374 1.21890235 0.735151112
    0.731109738 0.486723721 0.862985551 0.503684998 1.32083714
    0.545567453 1.32986712 0.503782868 0.629713774 1.31488228
    0.543095529 0.665578425 1.36429131 0.833788395 1.21455359 1.26264119
    0.837769926 1.20366955 0.955879748 1.20828617 0.519385934 1.25128937
    0.715371311 0.627099335 0.507085502 1.23034072 1.38755774
    0.756536484 1.12807357 1.23241699 0.51367414 0.693573833 0.925424755
    1.2048614 0.840253174 1.1286552 1.27253759 0.554345489 0.805433393
    1.44276738 1.02979577 0.534093082 0.723050058 1.11396778 1.48999298
    1.22666836 1.23096848 0.780209541 0.828197122 1.24560082 1.31737089
    1.22525609 0.919844627 1.50551081 1.47341847 1.24773109 1.47924924
    0.819245994 0.867884517 0.670308709 1.14570129 1.46741629
    0.738210082 0.974919081 0.932546914 0.764046013 0.734053075
    1.13706768 1.10305238 0.805213571 1.25358593 0.686985552 0.598210216
    1.44949353 0.467100292 1.06724942 0.636192918 0.761640668 1.35698521
    0.489399254 1.29013622 0.579268992 0.625467598 0.605750442
    0.927027822 0.975593984 0.791019797 0.945225716 0.825778544
    0.690879464 1.17412472 0.962305665 0.732063115 1.28141105 1.47121584
    0.81210047 1.05567122 1.45182157 1.45499992 0.904548764 1.21739042
    1.0522176 0.786089838 0.549227476 0.85776633 0.929005444 0.797017992
    1.15579057 1.33976889 1.16944349 0.72652185 1.11056125 0.677929819
    0.74845475 1.27561533 1.21174526 0.842917383 1.38448143 1.24541366
    0.9154585 0.823636234 1.41688156 0.979106903 0.653587282 0.756092191
    0.63197726 0.810607672 1.0107435 0.999636054 1.00787258 0.561996937
    0.978626668 0.61124593 1.0751884 1.17678654 1.17349172 0.990772605
    0.690530419 0.58405143 0.762363255 1.32680047 0.531654716
    0.524964333 1.33256793 1.44858932 1.51128638 1.21408129 1.5010736
    1.21637654 1.40499663 1.27326679 0.839309037 0.661587834 0.737605333
    1.36808372 1.07117498 1.24967468 0.720837593 1.55328584 1.41589057
    0.761732459 1.42410493 1.30912173 1.05590045 0.707793057 1.15861905
    0.55869174 1.24096692 1.29431677 1.04441059 1.43134379 1.16284466
    0.5272277 0.551902115 0.958653748 0.971422195 1.25684476 1.52518749
    0.904373944 1.43934774 1.29590464 1.15255284 0.675364614 1.44478333
    1.36015654 1.47505701 1.35881615 0.806426346 1.14937758 1.4572016
    0.88130492 1.32759404 1.26658988 0.915664077 0.710591376 1.02062476
    1.31704223 0.562229037 1.28578818 1.16393566 0.550785899 1.29639983
    1.22458839 1.22193074 0.709639728 1.16746867 0.629863799 0.923020482
    1.44318223 0.597574115 1.38638031 1.46317673 1.29777157 0.95913136
    0.971201837 1.05865169 1.10859692 0.565804601 0.607026458 1.03290284
    1.46626568 0.621748209 1.21210611 0.783126414 1.40894294 1.50119591
    1.39808643 1.25057745 1.11472571 1.0263927 1.07311904 1.30745447
    1.09593987 1.39607644 0.98402375 1.30520439 1.41286767 1.11379397
    0.945836425 1.31865549 0.829193771 0.871590972 1.14702463 1.0611968
    0.615694523 1.14137948 1.00916505 1.4915359 0.862678409 1.00133574
    1.11607504 1.12236595 1.26514888 0.67476058 0.639431596 0.591761112
    1.29058766 0.89572823 0.698749661 0.47739464 0.461616516 0.890584648
    1.28075767 1.22498059 0.524389803 0.982291818 0.791737676
    0.894569993 0.994673312 1.09095097 1.29018629 1.50395525 0.621339798
    0.887060165 1.0781033 0.858441591 1.02095926 1.36433876 0.745080054
    0.582280934 0.546872079 0.810412765 0.721176624 1.18695819
    1.41683865 1.07689083 1.30115342 1.4224658 0.885926962 0.584569573
    1.05668032 0.572937548 1.05120564 1.33021963 0.894532919 0.569902122
    0.499315292 0.49093315 0.941775441 0.72915709 1.15971506 0.79906112
    0.728589833 1.50998533 1.07038808 0.661640525 0.612161815 1.09982204
    1.32170343 1.3025291 1.44204521 0.662873149 0.58455497 0.668368578
    0.71345824 0.813792765 0.907613337 0.743796229 0.957600832
    0.76279968 1.08753097 0.551933527 1.4388212 1.20600235 0.846710384
    1.28123438 1.23997414 0.648953021 0.985241592 1.15794599 1.26805854
    1.05070221 0.827469528 0.821034789 0.545410395 1.16676021
    0.778408706 0.509775758 0.653717697 0.605317533 0.816683233
    1.39663446 1.1866442 0.531965852 1.44566679 0.753061056 1.05565917
    0.546479881 1.17145085 0.482489347 0.82999748 1.29278624 0.798398435
    0.663247287 0.778553069 1.18410218 1.05998027 0.806572795
    0.829719305 1.38293529 1.28358233 1.33514345 1.48118126 0.987698555
    1.45451009 0.566773713 0.882171929 0.998314798 0.623364925
    0.52403605 0.912180364 0.993259728 1.32582772 1.20685232 0.651120424
    0.908376515 0.980041146 0.815801859 1.42288876 0.658906519
    0.691598356 0.979625165 0.800222695 0.993610799 1.0712415 1.07216287
    1.13155639 1.05091715 0.967375755 1.03185654 0.849017262 1.39403427
    0.778811157 1.17116213 1.49193656 1.00263667 0.633669317 1.47508597
    0.618802071 1.375826 0.789073646 1.40777707 1.25817454 1.20786035
    0.889070392 0.941992819 1.15650797 0.752251148 1.52295828 1.24832928
    0.896521211 1.27513456 1.48104382 1.01944733 1.28390861 0.854825258
    1.52966738 1.14475906 1.10215521 0.797893822 0.914443374 0.547216237
    0.99755007 0.887730062 0.747738659 0.50020951 0.804523945
    0.887991905 0.882661521 0.761462867 0.909641266 0.710680783
    0.931434393 1.19652736 1.13888514 0.864266992 1.06156909 0.6801368
    0.520252645 1.00866354 0.871268272 0.756171167 1.39314318 1.23739612
    1.01096976 0.84501195 1.35950768 0.973121464 0.598441601 1.22347498
    0.705862641 0.73249191 0.57810849 1.3846314 1.42930651 1.35913277
    1.19127452 1.34709871 1.50091529 0.91725862 1.19425142 0.817505419
    0.977141619 1.36684775 0.733436465 1.41647589 0.954411447
    0.638898134 1.37753654 1.1905489 0.974494398 0.590252876 1.15676534
    0.508169472 1.25175345 0.860937119 1.36693227 1.08871913 1.25692999
    0.884673476 0.518719673 0.977128386 0.696396768 1.14138079
    0.537203729 0.982770085 0.486502796 0.832711875 0.618520379
    0.583604455 1.0433352 0.977281809 1.18267477 1.03304446 1.10617042
    0.659851313 1.35165536 0.657921076 1.15631127 1.50758457 1.39790714
    1.29207647 0.531384826 1.11748421 1.327209 1.38713694 1.11943901
    0.872237444 0.610164106 0.852102995 0.990579426 0.502320707
    0.720708191 0.776433349 0.785739183 0.730298162 0.858258009
    1.14277983 0.516974747 0.837449312 0.615641296 0.560144663
    1.47824633 1.06416678 0.894306779 1.387501 0.560199857 0.973043323
    0.946370125 1.4697746 1.14066231 1.30648601 0.737433314 0.804209888
    0.549932659 0.906409621 1.01114893 0.755357444 0.781284511
    1.33762479 0.690317571 0.480308563 1.29499674 0.540736258 1.43765473
    0.532962084 1.39197397 0.776509345 1.01841831 1.37750268 0.944625616
    0.700923443 0.554617465 1.19983184 1.46935129 1.33269811 1.26637578
    0.736544907 1.47901547 1.07355571 1.11409426 1.36201346 0.923650444
    0.67627883 1.05924165 0.93999058 0.580450594 1.04763889 1.20911551
    1.28786922 1.04320025 1.26847839 0.595350742 1.28091061 1.29965937
    0.629963577 1.02874887 0.825425923 0.859226108 0.483114332
    0.464047879 0.509546101 0.648360133 1.33115625 0.775412619
    0.802211404 0.591755152 1.39294207 1.01048219 0.639264882
    0.905691147 1.01487505 1.37771749 0.745941579 1.30269134 0.501502335
    0.982464015 1.21754277 0.560229242 0.773238838 1.21882927 1.08445132
    1.26286566 0.519118428 1.12511766 0.656801283 1.09619427 0.879727662
    0.709848464 0.623577774 0.915484846 0.848002076 0.630734205
    0.718543768 1.30504918 0.500992417 1.44460285 0.668985903 1.40028572
    0.851279616 0.708197892 0.900874436 0.916962445 1.02947807
    0.739905059 1.44536531 0.597290158 1.06266439 1.20696163 0.780856907
    0.758041501 0.763072312 0.853702068 0.869788051 1.30890226
    0.767696023 1.28926063 1.14843845 1.34577167 1.35187852 1.36820233
    0.739141464 1.31434286 1.1632539 1.17031121 0.510378838 1.26627445
    1.4601202 1.06342912 1.30975974 0.860329568 0.98088181 1.45008445
    0.909508169 1.17418134 0.526110232 0.627704501 1.21246719 1.05172956
    0.717079341 0.753018379 1.51212907 1.01924312 0.634662032 1.10236704
    1.11606073 0.66549176 0.907339454 1.49354124 1.16785324 1.16325092
    1.13638139 0.833400369 1.3680464 1.10239267 0.920360565 1.29293203
    0.963207722 0.780003309 1.27375531 0.684487641 1.36156762
    0.612799883 1.31765544 0.550534308 0.978099227 1.51418626
    0.806764066 1.36307371 1.54664361 1.0453074 1.20792091 1.08464551
    1.35032463 0.708929777 0.739505649 1.30313957 0.582455993 0.71832782
    0.973929286 1.25631928 1.02741313 0.68417716 1.5386101 0.593906701
    0.849863529 0.99307394 0.894798458 1.151389 0.967298627 1.32272589
    0.639338255 1.28585243 0.981578469 0.931547225 1.17654514 1.49173272
    1.24841642 1.03470755 1.21232164 0.658614993 0.82800895 1.3348546
    0.787872612 0.798643053 1.1207422 0.542891085 0.854750335 0.71060586
    1.36552441 1.12682962 0.584775686 1.29506862 1.34593546 1.12295091
    0.789583981 1.25054133 0.614192188 1.40053356 1.29768336 0.645634353
    1.32040358 0.512948394 1.19227326 0.934905827 0.816931486
    0.585638225 1.48432875 1.43247938 1.40392303 1.34205592 1.34322608
    1.03003073 1.51303363 1.44140339 1.03570676 0.571109712 0.993754268
    0.749436259 0.945144892 1.26584673 0.619432151 1.40038836 1.41847134
    0.675465345 0.751834452 1.25348103 0.888929188 0.689050794
    0.594961703 1.35023701 1.21788049 1.14185798 0.694197118 0.70919621
    0.890807092 0.488798887 0.498788387 1.09588778 0.596396625
    0.764266193 1.4712919 1.15249753 0.906949401 1.22088182 0.871699333
    1.14094865 0.899616361 1.22724235 0.538053095 0.801995397 1.41933894
    0.852460682 0.902458191 1.39810145 0.601574004 0.892488003
    0.788401842 0.899728298 1.15008819 1.30781233 1.36722553 1.18574524
    1.36218643 1.31051803 0.79640758 0.88531518 1.10474133 0.771550655
    0.742055476 0.658793747 0.71023953 1.12484872 0.956662774
    0.998096526 1.39746213 0.84074688 0.926624358 1.2306242 0.935827613
    1.48662579 0.582830489 0.658159375 0.915488958 0.685584843
    1.33543444 1.07937574 1.04715145 0.612052917 1.12761772 0.489478767
    0.605707288 0.504797995 0.568623304 0.909120202 1.47859776
    0.641299665 1.18365443 0.846475899 1.38072538 0.496275455 1.39774156
    1.23527539 1.31279004 0.657029688 1.13618731 0.639479458 1.29101598
    0.716672003 0.663835943 1.15238988 1.33807111 1.22721088 1.42376649
    1.28894663 0.899333 1.16935897 0.492828429 1.1055069 0.831507862
    0.911805868 0.49990955 0.675483465 0.919373512 1.33549917
    0.893567085 1.14516497 1.13501954 0.757881701 0.783217847
    0.660944283 1.44394755 0.727843761 0.851485491 0.627521813
    1.34347892 1.14162338 1.10750425 1.25255191 1.38544333 0.524814188
    0.573162854 1.20878029 1.49243009 1.02278686 0.827578783 0.749632061
    1.116593 0.60340184 0.804459274 1.43162179 0.980639338 0.979579091
    0.804143906 0.954064369 1.27146256 1.38539231 0.563919842
    0.884409487 0.535874128 0.902240932 1.17213285 1.41285217
    0.587341428 1.00891685 0.703207135 1.31832743 1.43175793 1.09226286
    1.00707138 0.932941139 1.37452924 0.939446032 1.10087287 1.33640277
    0.97133857 0.806163967 0.790182173 0.507041454 0.928671658
    1.16405606 1.2101717 0.530218422 1.38503575 0.862648726 1.11490214
    1.07981122 0.918897271 1.28931797 1.1997633 1.30596685 1.46322513
    0.850739956 0.84743762 0.562362254 1.26429927 1.04440033 0.520509243
    0.533711731 0.56074053 1.13105464 1.06972623 1.02345824 0.881531954
    1.12109494 1.14789593 1.1871202 0.937134326 0.820706367 1.29685438
    0.990456462 0.536610186 1.36413515 0.500975966 0.64475733
    0.878229499 1.23909807 1.07442927 0.986140668 0.886593282
    0.813183427 1.05020285 1.51844537 1.28661466 1.24478161 1.47601461
    0.877874136 1.32486296 0.819543362 0.833699882 0.914238095
    1.31068599 1.2537986 1.42311668 0.791278243 1.4841466 0.787357509
    0.952148497 1.45131385 0.953087449 0.833661854 1.26099706 1.06739056
    1.42920816 1.04153693 0.537261844 0.799806118 1.39921427 0.886584342
    0.687436998 0.967237651 0.84108597 1.05370283 0.752900124 1.4555701
    1.3937186 0.736914575 1.33149481 1.33112943 1.14716995 1.13239419
    0.906800628 1.27431631 1.15483403 0.693193913 1.31495142 0.715202212
    1.23770773 0.566834867 0.93343848 1.10851765 1.11230969 0.826398969
    1.2733717 0.867290139 0.728825867 0.690530241 0.562906563
    0.877382219 0.702873707 1.12727332 1.36557555 0.52515012 0.811830103
    0.581240833 1.04202878 1.26143456 0.838401139 0.770523727 1.33113432
    1.23006499 0.492681056 1.42079675 0.892278135 0.769589365
    0.793886065 1.47866607 1.37143123 0.773600042 1.27279449 0.65465492
    1.03850353 0.729300857 1.04368019 0.661994517 1.03662288 1.17941689
    1.02442765 1.19911849 0.493630469 1.21879148 1.28435886 0.514754832
    0.855915248 1.49819195 0.934718072 0.937590539 0.825857401
    0.73962301 1.39824998 1.35622239 0.918976605 1.00554967 0.557309628
    1.07152224 0.855450928 0.745650411 1.47969031 1.49380493 0.897332013
    0.771687865 1.3162396 1.27247441 1.08678353 1.33565378 1.24254358
    1.42069209 1.20807636 0.752896547 1.06348181 0.549931467 1.44339621
    0.825938761 0.520926893 0.525873542 1.31470251 1.39970303
    0.629852057 0.811380088 1.20639241 0.989551127 0.75940305
    0.554127336 1.41292691 0.78719753 0.523846507 0.735859334
    0.549672365 1.35525644 0.61765343 0.93247354 0.468367785 0.806781709
    0.801647604 0.562276959 1.10675824 0.919389486 1.19214165
    0.578797996 1.13782167 0.791604161 0.58160454 1.47239017 0.948047698
    1.25073004 0.701008677 0.780323803 0.541606843 1.32344711 1.38495028
    0.461933672 0.913155556 0.631240308 0.520270169 0.471628964
    0.925999761 0.569061637 0.684575737 0.903151453 0.736228526
    0.648503184 0.917442799 0.662617147 0.627069712 0.742989361
    1.16545939 1.10840225 0.670377195 0.710611522 1.10652006 1.42612386
    1.04306853 1.13699818 1.42548537 0.514004171 0.64422065 0.600585759
    1.4724189 1.40260768 0.765607893 1.09480822 0.905686319 1.19066978
    0.560261667 1.04706228 0.866790295 0.567648172 0.725762546
    0.606839657 1.28874695 0.783022583 1.02012432 0.72212863 0.609030604
    0.968022108 0.565482438 1.10972559 0.68551898 1.50803399 0.818267941
    0.678104103 0.786324441 1.45942974 1.04965949 1.33491433 0.923921287
    1.13652575 1.0613625 0.695569277 1.33573377 0.935921431 0.631056607
    0.87231946 1.29887211 1.38838148 1.49301112 0.66621244 1.05827081
    1.29704607 0.59243077 0.577213645 0.711707175 1.11572385 0.652728856
    0.861155272 0.928643882 1.21310592 1.34922647 1.34840727 1.16773629
    1.4210248 1.52057934 1.22941244 0.747591555 1.47007787 1.39705944
    1.4206593 0.829896331 0.687217236 0.764921725 0.631692171
    0.774977267 1.02669263 0.542906642 1.2115947 1.03282225 1.13310587
    1.52608776 1.39582074 1.15442729 1.105389 1.21738005 1.36472213
    0.792582512 0.752574801 1.02801526 0.919114411 1.20686376
    0.705427587 1.38976002 0.738788128 1.03255427 1.21023965 0.782029867
    1.21746159 0.756654859 1.28615999 0.665686607 0.594629526
    0.625896156 1.41037703 1.4673872 0.568964362 1.01206458 1.22573411
    1.18728936 0.992628157 1.09881401 0.807850957 0.79367578 0.62914288
    1.33843541 1.41589296 0.804245591 0.770375073 0.715948939
    0.562696815 0.704323173 0.800330758 1.0037452 0.955269635
    0.941136658 0.80859375 1.56704319 0.621598244 1.31284082 1.02176714
    0.798772275 1.0814991 1.39908803 0.706085145 0.577701092 0.824213326
    0.521574616 0.629606903 1.35134542 0.875156879 0.830993712
    1.43218017 0.905694366 0.482379347 1.01844311 0.712425292 1.29057741
    1.3677088 0.97481674 0.609850109 0.6550107 1.19208205 1.39627671
    1.39934087 1.22596705 1.49105191 0.694701552 0.782720447 1.08998013
    1.21794474 1.39977956 0.603015661 0.727189124 1.43627036 0.911611676
    0.808568418 1.31921244 1.44989955 0.589809954 0.891043484
    0.775565863 0.794683218 0.924384832 1.04428685 0.567203939
    1.25657213 1.00756133 0.955707788 0.850941539 1.34945428 1.00424767
    0.690735877 1.37325382 1.41907167 0.636488616 0.771666825 1.16203499
    1.41264451 1.2817812 0.719758868 0.653248131 0.720963538 0.761953413
    0.920706749 1.26101577 0.731444061 1.40737343 1.08282328 0.581073701
    0.649852276 0.923942983 0.877099097 0.443026036 0.917372346
    0.992719829 1.25802016 0.716704905 0.864458442 1.14801168 1.04101992
    1.30749846 0.61564678 1.10747957 1.1616739 0.857601404 0.544435561
    0.802456021 0.861801207 0.567946076 0.728396893 0.479847342
    0.756183028 0.594437778 1.18434525 0.776472151 1.34146988 1.51980889
    1.21902132 1.5467248 0.750852823 0.807531357 1.27016139 1.46535873
    0.72936213 0.527231872 0.630396545 0.839393854 1.46402252
    0.590454638 1.40410006 1.0318619 0.544956803 0.62684226 0.605527282
    0.555749238 0.828272045 1.31604481 0.837026656 1.30166674
    0.565930843 1.15223348 0.617867231 1.36028028 0.68831104 1.07998383
    0.467559457 0.872484386 1.13042104 1.43316948 0.607320249 1.17617095
    1.4574877 1.20347905 0.656561732 0.638739169 0.969575703 0.692514479
    0.597155094 1.44391453 1.33004999 0.802532673 0.759201586
    0.994065344 0.62191081 1.26706553 0.984141648 0.857010663
    0.998291194 0.530177653 0.610105157 1.20113337 0.524979591
    0.868330896 1.1942333 1.01750803 0.609438717 0.811067522 1.25964415
    0.673979819 1.11110735 1.04727304 0.71743685 0.714907289 1.06945705
    1.13581848 1.34074032 1.02240348 0.762366295 1.33425379 1.42768753
    0.761369765 0.865699351 0.683037996 1.05570555 1.33848703 1.09458601
    0.503060341 1.03330016 1.4104284 1.2490952 1.37644708 0.579699874
    0.758081794 0.711877704 0.820674896 1.26972115 1.15258968
    0.606574178 1.18606055 1.17729056 0.834297657 1.3724463 1.51393461
    1.21778297 0.746826649 1.3107388 1.29754019 0.492714822 1.21187556
    1.01818717 0.538448393 0.687252522 0.933811426 1.48021686 1.3907243
    1.21294618 1.24868727 1.42140019 0.985923231 0.849822223 0.997335076
    1.10946846 1.32756281 0.924327552 1.28252029 0.767160118 0.607158601
    1.28161049 0.544151902 0.787339211 1.40918469 1.14301157 0.785067976
    0.902062714 0.935576856 1.17263365 0.697602749 0.688495517
    0.819668233 0.872801006 0.521217644 1.24714398 0.837581992
    0.574114561 0.670147479 0.729862332 0.755823731 1.02806735
    1.07128346 1.07713962 0.814441144 0.648177445 0.609160542 1.46585178
    1.42518806 0.530405819 0.734803975 0.718662083 0.929976463
    1.03455234 0.860671878 1.42494631 0.832163453 1.42575204 0.96841073
    1.25413644 1.48935497 1.01806629 1.16701794 1.12265706 0.520483911
    0.697318316 0.843207777 1.29045069 1.46359885 0.803938448 1.46936905
    1.07422245 1.41041815 1.4038763 0.595117629 0.895167887 1.33948934
    0.953006864 0.570174158 1.08010781 1.4178679 1.40117085 0.536514223
    1.34001017 0.795706987 1.26552045 0.52237004 0.971453309 0.887637198
    0.854018807 0.794339478 0.702158809 0.625320077 1.08258855
    0.589730084 0.525606751 1.16982579 1.06028807 1.09728742 1.41482747
    0.994418859 1.44445097 0.556976616 1.00464797 1.03052163 0.592734694
    0.566502333 1.2206254 0.662424922 1.38042843 0.872282863 0.635599911
    1.06316173 1.1536653 1.15392387 1.22989273 1.41654539 1.48683989
    0.904097915 1.11591125 0.669042826 0.730668902 0.735659599
    1.52631366 1.4383533 1.17883086 0.675198436 1.01989305 1.14719498
    0.98563087 1.40251207 0.874778867 0.447749764 0.735371292
    0.453292072 0.717969418 0.831206381 0.994200528 0.832823634
    1.3014313 1.31202292 1.04640853 0.918872058 0.869862616 1.3352406
    0.830335557 1.0552851 0.504917681 1.07128775 0.649450123 1.08411336
    0.49166888 1.46481478 1.2149874 0.779275835 1.38068628 0.771899998
    0.677348733 1.20625889 1.1927402 1.30537045 1.41277111 0.568331063
    0.754182875 0.953589618 0.689172268 1.14231801 1.03971076
    0.893604577 1.24697387 1.04379499 1.33941865 0.610171199 0.729828179
    0.845098913 0.993741274 0.586789846 1.21855783 0.488280565
    0.913911939 1.43321359 0.576022863 0.809948862 1.40331554
    0.848530531 1.26981258 1.23354876 0.599659324 0.999682724
    0.482612163 0.994016647 0.645618439 1.36745369 0.544968784
    0.957046092 1.19399655 1.20263398 0.498735428 1.10396743 0.563370824
    1.4428333 0.604067504 0.929253578 0.641342819 1.30621636 0.77039057
    0.599521279 0.993113041 0.714517534 1.21742272 0.612469494
    1.39136362 0.579748571 1.32088697 0.917031527 0.685333252 1.16622376
    1.18699706 0.696207583 0.592238665 1.3715471 1.3163892 0.878661752
    0.836300254 1.24425089 1.09697831 0.695637405 0.614034355 1.48177195
    1.37252092 1.08741796 0.972027063 0.699209392 1.2044853 0.500998497
    0.681268871 0.795505464 0.964974701 1.07993793 0.938677609
    0.642147839 1.39651668 0.79055351 1.02651393 1.38815856 0.657976508
    1.18354583 1.31439269 0.548689544 1.15307987 1.487095 0.585188985
    0.550041139 1.31936431 0.753964245 1.14540172 1.24541128 1.33166838
    1.18286371 0.556175709 0.696342289 0.588706791 1.08136702 1.07577789
    1.12820435 1.07626009 1.01046789 1.51957893 0.756024122 0.995331824
    0.879532576 0.819129169 0.57517755 0.596130311 1.0298543 0.723210931
    0.68804574 1.45145714 1.11287475 0.941672683 1.01063824 0.690942049
    0.776007771 0.891316891 0.658603966 0.76751411 1.08143067
    0.865323305 1.20409346 0.851901531 0.958643794 0.976758242
    0.534028888 0.769080698 0.544293344 1.29716933 1.30638802 1.10444999
    0.843541741 1.40156984 1.54158592 1.34940398 1.17865455 0.738177419
    1.53376186 1.41157198 0.921968162 1.32837999 1.48764431 1.01279998
    0.912333727 1.00458479 1.03946519 0.643781006 0.595061183
    0.832616031 1.32904363 0.896416724 0.525048792 0.994194806 1.2302264
    0.770323575 0.998702347 0.499982804 1.33810794 0.854726076
    0.875527203 0.630191028 1.35691726 1.24936926 1.09605968 0.939073443
    1.32050097 0.525997937 0.881180406 1.42506039 0.929261386 1.4468019
    0.836260915 1.15465093 1.30171096 0.676848471 1.14161313 0.637894571
    0.679916322 1.47526038 1.11495662 0.692285061 0.898290396
    0.728688002 1.2181673 0.92566216 1.12622941 1.4038049 0.786765695
    1.07002723 0.700864732 1.36177409 0.663651586 1.04465699 1.1009084
    0.745117664 1.06711578 1.41988349 0.566016376 0.648061514 1.15305555
    1.11505437 1.50255775 1.24644041 0.677720547 1.13676929 0.945156693
    0.725284517 1.34285808 1.29437852 1.58025956 1.11750913 1.47710907
    0.682572901 0.84981817 0.617177248 1.26439142 1.2610631 1.34496987
    0.582708061 0.900678098 1.15139723 1.26595354 1.15076995 0.767667353
    0.562891304 0.49841997 1.09807217 1.38146913 0.855999768 1.25074339
    1.44044828 1.30948997 0.663049281 1.26599944 1.3836906 0.733256459
    1.0500412 1.40546405 0.577028692 0.894596994 0.979222715 1.43328345
    1.05884111 1.39560604 0.731990814 1.28980172 1.06656945 1.40766692
    0.819176555 0.892300844 1.33440959 1.42940676 0.861779094 1.37792611
    1.01301026 0.851395726 1.20295465 1.26743078 0.859187067 1.25719941
    0.794514418 0.54081583 0.912561595 0.811806619 0.512771428 1.0360117
    0.86159426 0.917632103 0.756557405 1.23096144 1.40248096 1.290766
    1.06759608 0.726676345 0.613276422 0.765586019 0.72185272
    0.623149455 0.554775417 1.00797057 0.981013536 0.577669859
    1.34782028 1.16654372 0.985055923 0.71236074 1.45443368 0.945751488
    0.593132257 1.17971325 0.699087977 0.602052331 0.492636144
    0.838581383 0.515285254 0.926151276 1.33962572 1.07069671
    0.582101405 1.15312254 0.612032175 1.14916098 0.824128985 1.23391175
    1.45593417 0.642174602 1.42422128 0.89466089 0.666476011 1.45076907
    0.865601659 0.742513657 0.893733323 0.77472651 1.05493355 1.02587783
    0.8089329 1.23493016 1.48203588 1.28545535 0.638983905 0.916896105
    0.734654665 0.934734285 0.874846041 1.30499387 1.20412254
    0.678771198 0.876878738 0.501968563 0.804526448 0.674847722
    1.39239919 0.641073346 0.958089709 0.680250227 0.548506975
    1.00396562 1.04339337 0.776056826 0.815413773 1.09434617 0.810094178
    1.3761946 0.905785799 0.52478528 1.03888202 0.586512923 1.40818691
    0.543349266 0.592709541 0.655146122 1.15320075 0.93120873
    0.655657589 0.617818475 1.15230417 0.919949055 1.1744765 1.16674685
    0.747427821 0.529862046 0.779215813 1.27461457 1.22373664
    0.751317382 1.1947329 1.11560225 0.726258993 1.38897085 1.37594616
    1.12964976 0.584135175 0.972244382 1.13819396 1.50444078 1.47454798
    1.37111092 0.982851624 1.45786965 1.09644687 0.830169559 0.740092874
    0.546858191 0.841058075 1.22153413 1.39218855 1.48267305 0.651980162
    0.982740045 1.46681499 1.05473089 1.23440051 0.797355413 1.1822238
    0.983406544 1.45076513 0.972341239 1.4343859 0.663439095 0.792891622
    0.876809835 1.23977351 1.0749675 0.927130342 1.3694396 1.20824265
    1.21700537 1.18798172 0.550977886 0.562136233 1.11174989 0.694938481
    0.682674646 0.679011881 0.98893857 0.708396852 1.02917755 1.42891145
    0.785019636 0.721492767 1.31169772 1.45270073 1.21270788 0.860578477
    0.73721391 0.508249164 1.02339399 1.33312142 1.0739907 1.48347366
    1.14894378 1.4411 0.678411424 0.761280894 1.2118156 0.948883295
    0.670738161 1.03878379 1.11376715 1.14934182 1.09353614 1.49726832
    1.07940125 1.29350519 0.812507451 0.785860181 0.997452676
    0.779536664 0.911743343 1.02822745 1.31005096 0.637574494 1.03180778
    1.39448619 0.766140461 1.01157224 0.810991883 0.593671739 1.51936543
    1.36832213 0.691466272 0.894098043 1.24659204 1.51646185 0.812128007
    0.752267301 1.06457996 1.37149346 0.972358406 0.56493628 1.36722362
    1.23089111 0.61703527 1.30771196 0.672545969 0.490187794 0.97120595
    1.09474063 1.25277424 0.629489839 1.21952665 0.569527328 0.477283567
    0.671083391 0.907890737 1.45262158 0.697523355 1.27087617
    0.608559966 0.769857466 0.94419688 0.831926763 0.484557748
    0.629272223 1.03388858 0.615966976 0.928509831 1.29941356 1.1492027
    0.633633435 1.53256583 1.45990407 0.949867845 1.41248715 1.2240603
    1.4882822 0.855087817 0.809644878 1.0665518 1.4362427 0.677660644
    1.17060757 0.63885957 0.650252223 1.30301929 0.578668952 0.855807245
    0.69538486 0.714439392 1.24285591 0.705975235 0.740677655
    0.760743856 1.3213588 1.05170214 1.01493156 0.830118239 0.78333056
    0.515001178 0.893700182 1.28418541 1.29558825 0.736953378
    0.509482324 1.02392638 0.714196622 0.883062065 1.11000705 1.44205129
    1.23866105 1.00126934 1.43844807 0.681339204 0.777132988 0.513827503
    0.717985451 1.33630443 0.762079477 1.13606882 0.896080673
    0.778306127 0.773389876 1.21342683 0.876679659 1.41019213 1.26041234
    1.41110969 0.612425566 1.33849788 0.948143125 1.14933491 1.12647974
    1.25890839 0.835447073 0.680553615 1.12492466 1.21886861 1.13058603
    1.40536082 1.30001032 1.44830799 1.35552633 1.36806107 0.84376961
    0.920125663 0.81942147 0.93155098 0.956707597 0.645018041 1.14158809
    0.584561765 0.785606921 1.32458758 0.855984509 1.30806971
    0.534041882 1.49225855 0.892106473 0.808738708 1.34848976 1.25015211
    0.900866807 0.876697898 1.30877578 1.07069731 1.03884006 1.51995635
    0.945374012 0.977454603 1.08526754 0.952125311 0.521314263
    0.53459233 1.24858904 1.44940591 0.712586522 1.48286521 0.967814803
    1.31287098 0.977472186 0.644057512 0.854320228 0.68380934 1.17093468
    0.962792575 0.629193962 0.852937043 0.873776913 0.712755382
    0.641984165 0.665122211 0.635364711 1.33165622 1.13609505 1.07074344
    1.085796 1.37415242 1.3969748 0.959794819 1.16531599 0.545051694
    0.972916365 0.690444767 1.14900219 1.22837877 0.950017869 1.24630666
    1.35650754 1.12234056 1.32448447 1.07812881 0.802775979 0.933319032
    1.08328605 1.51401365 1.14489973 0.936059773 1.20822275 1.12972653
    1.44758439 1.09710562 0.788218915 1.43117929 1.20140362 0.643975258
    1.16760218 1.34580719 1.27975607 1.45171559 1.21125507 0.628799677
    1.00730777 0.549612522 1.14859784 0.956405997 1.15154493 0.740875661
    1.31603289 0.723964095 0.631449938 1.26637137 1.47059786 0.592541039
    1.36174929 0.901779115 1.09570873 1.10525155 1.43061745 0.886210799
    1.25856638 0.889035106 0.775187135 1.10832238 0.577749372
    0.786902308 0.95185256 1.22463298 0.910873771 0.983708322
    0.990403414 1.14599478 1.28089774 1.14353907 0.59152472 0.613423169
    0.83442682 1.12394202 1.01117802 1.21033883 0.531239569 0.970760942
    0.556533754 0.464771897 1.28232241 1.01382613 0.66076827 0.752271771
    0.565105498 1.36532104 0.673951209 1.09772801 0.638454735 1.15207243
    0.965212703 1.14707017 1.48277235 1.46279192 1.0910753 0.639805436
    1.50889957 1.5138557 0.985697567 1.44415331 1.27239227 1.43480027
    1.04759121 0.636086226 1.18938386 0.807732284 0.807560205
    0.502488017 0.624042451 1.28621876 0.912614703 0.646941006
    0.855389833 0.684565604 0.896380126 1.23497188 0.806714535
    0.566307425 0.723179996 0.83422339 0.703143299 1.08626783 1.28684938
    0.741863787 0.78444612 1.00107265 0.590147316 1.31582713 0.746368647
    1.4498713 0.778808892 1.5082655 1.13093889 0.861889362 1.55653203
    1.30660117 0.634085238 1.24526858 1.44057536 1.23989284 1.01242924
    1.25270867 0.623231888 1.31907928 1.38812172 1.12394333 1.05420744
    1.41058123 0.810549557 1.33964169 0.926576138 0.980923057
    0.472588956 1.25566554 0.902489364 1.27166688 0.566657722 1.20511782
    0.842985153 1.04227328 0.960207582 1.37153566 0.931989789
    0.828170657 0.608462512 0.551785946 0.572347701 0.979791403
    0.668721616 1.37354529 0.470724761 0.891310334 0.831550956
    0.892564952 0.568692565 1.09230483 1.18234849 1.43259382 0.95687443
    0.884955347 1.14786017 1.49241221 1.42696774 0.75306958 0.963026762
    1.34982407 0.835748911 1.1837095 0.765404522 1.44552314 0.825840056
    0.578474939 0.803770363 1.31475651 0.824805379 0.903386056
    0.690184414 0.890836477 1.02917027 1.03870428 1.44978344 0.69405818
    1.12575829 1.20732415 1.14599895 1.21726608 0.666775584 1.31220841
    1.0742085 1.25596607 0.604482114 0.98241204 1.18299305 0.777819037
    0.755304754 1.15840459 0.777054429 1.09939122 0.979542315 1.01713693
    1.43177342 1.26097775 0.749808431 0.757402837 0.556026995 1.05401731
    0.825187206 0.819741845 0.715835154 0.657236814 1.33795965
    1.29810846 1.32838345 0.568506598 0.827197254 1.2219311 0.800873637
    1.04534709 1.41527975 1.34283125 1.46122527 0.662889659 0.990216017
    0.550376594 1.15179491 0.735224843 0.910586536 0.714152157
    1.16312623 0.497696608 0.630203485 0.638480902 0.683637083
    1.37165713 1.00981915 0.595811546 1.22797859 0.555772543 0.590499163
    1.30945086 0.752476633 1.42761791 0.793302178 0.710271478 1.23143184
    1.4577843 1.16101956 1.10759509 1.03237784 1.25558674 0.67549783
    0.701263189 1.32574093 0.94579798 0.829023719 0.553822339 1.48917449
    0.686693251 1.20992017 1.34937584 1.46632349 1.19549298 1.16585636
    1.50665522 1.41363251 1.17749095 0.698750794 1.26937675 0.674999774
    0.982850313 0.645648301 0.992213309 1.02598214 1.42227733
    0.557104051 0.540675461 0.709960103 1.08920145 0.944537342
    1.03832746 1.40878367 0.666404307 1.33560383 1.02204335 1.30104947
    0.762527943 1.48346829 1.49293482 0.833304942 1.20328557 0.624930084
    0.573967099 0.814457178 0.5683496 1.03682363 0.548620284 0.677053869
    0.61503768 0.740326703 0.604836941 1.14040184 1.32412112 1.24791896
    0.770659745 1.38526952 1.46860433 1.35999489 1.25208402 1.18580854
    0.553457558 1.44296777 1.45457995 1.37359107 0.584656715 1.48568821
    1.20155716 1.26878285 0.92706728 1.13341796 1.29697907 1.48781061
    0.783329308 1.04095829 0.984070539 0.578318894 0.566610932
    1.49653971 1.1981653 1.41618848 1.42486179 1.39982438 1.43184471
    1.43240094 1.49699116 0.826421738 1.34877694 1.40648746 0.798616588
    1.12304652 1.08736062 0.865048349 1.20340002 0.573494434 0.534328103
    0.878001034 0.808823466 0.818287313 0.418460906 0.862805068
    0.70947963 1.34757328 0.557019591 0.576403141 0.644715905
    0.621688187 0.647916257 0.624020636 1.1262852 0.559951246
    0.519018114 1.42129695 1.21943808 0.794519126 1.30967546 0.72983247
    1.32832515 0.969007671 1.0012747 1.03563952 0.598187745 1.49826705
    1.09450829 0.652235329 0.911627352 0.627481699 0.626918256
    1.39869642 1.03047383 0.794684052 0.59082669 0.977926195 1.1028285
    0.516805351 1.32664227 1.04771757 0.548230171 0.992707491
    0.873725593 1.43239915 0.797684073 1.23544371 1.17872655 1.12504685
    0.557941973 0.814596534 0.828763783 0.695000648 1.26906216
    0.775315106 1.32551944 1.07797396 1.22783816 0.932610333 1.05949914
    0.740146697 0.726505697 1.24749553 0.548764646 0.457295984
    0.723958671 0.52509439 0.512586832 0.500252426 0.656185508
    0.582395971 1.37887287 0.590743244 1.40878487 1.07506549 0.640073001
    1.24920881 1.34861946 1.37802422 0.810197949 0.808739007 1.27895784
    1.12046969 0.540359139 1.18726575 0.967321217 1.45400643 0.771892667
    1.48960769 1.49321079 1.15648556 1.50386357 1.30648196 1.22827303
    0.793301165 1.28664589 1.03782725 1.2162143 1.04103398 1.02387774
    0.746869981 0.540767431 1.39759254 1.09574437 0.960400343
    0.881596386 1.41370463 0.832769394 1.48035586 0.947634995 1.46944535
    1.00589859 1.40490925 1.34770215 0.977408707 0.637770414 0.991999447
    0.738027871 0.681542218 0.784734309 1.30200362 0.969376862
    0.823402524 0.565518975 1.32072306 0.547584534 1.18079591
    0.549645364 1.06616557 1.24936128 1.19870615 0.922012806 1.31222439
    1.2462101 1.24691212 0.608844876 1.3806603 0.962325394 1.34273148
    0.774363935 1.42628908 0.831865728 1.06533515 1.10133278 1.16454124
    0.730629385 0.706807077 1.12280989 0.787968397 1.37618542
    0.663755655 0.881003201 0.95635581 0.787223577 1.5183754 0.958052874
    1.12260199 1.41501677 1.44271898 0.830112338 1.45934165 1.52566695
    0.697087646 0.996286094 0.835654736 1.51607251 1.36996365
    0.651274264 1.09084105 1.04210436 0.691589296 1.20477962 1.37075233
    1.21806383 1.54787147 1.31065392 0.714576185 1.24438024 0.772732615
    0.794796526 1.25809944 0.550373375 1.15003085 0.769925594
    0.664390564 0.748416603 0.628287077 0.796810389 1.31058133
    1.11187506 1.3609271 1.26933002 1.02028632 1.06219256 1.29505026
    1.09880674 0.937700331 1.3919313 0.668163002 0.775987446 1.47394836
    1.30529606 0.564406037 1.42832911 1.30492795 0.5362643 0.573286116
    1.42933071 1.03924656 0.870990336 1.08074296 0.97605437 1.3565743
    0.802492797 1.02866685 1.48259878 0.583591282 1.01280546 1.15206563
    0.865087867 1.36047876 0.775208056 1.44978821 0.640310049
    0.875801504 1.42018902 1.03234696 0.535901845 1.18023884 0.756739557
    1.24796772 0.552723587 0.667688251 0.573305011 0.550033331
    0.670949876 1.27482283 1.27799404 1.32126594 0.880789936 1.04883575
    0.563879848 1.4704802 0.64627862 1.38206279 1.42844868 0.753334522
    1.29553723 1.10272038 0.950977981 1.18895638 0.675726295 1.04346788
    0.90421325 1.356107 1.04699767 1.05154896 0.907971859 1.20897424
    0.82451272 0.448884517 0.554192185 0.793274343 0.548270166
    0.810007215 0.668060184 1.07913387 1.32209933 0.969064534 1.37362194
    0.526802182 0.739511669 1.48198128 1.03299308 1.51209521 1.08366275
    1.47803819 0.885408461 1.34803045 1.23344231 1.00083888 1.33825529
    0.846599698 0.820108116 1.49546897 0.908732116 0.703082502
    0.95399642 1.24818623 1.07883382 0.520041764 0.778183818 1.25332761
    1.06356168 1.33119106 0.829990327 1.41573513 1.45846343 0.635139763
    0.832330644 0.601678073 1.08196557 0.55034399 0.677807868 1.51010907
    1.35429502 1.44820547 0.61553669 1.42107248 1.2785877 1.21904659
    0.692038834 0.876108527 1.14594781 1.09443617 0.585264742
    0.769014776 0.66565758 0.614319742 1.43462276 0.731336772
    0.671465933 0.766349018 1.20824122 1.12099826 0.88201046 1.46758008
    1.22145176 1.01035976 0.848124743 1.04599071 1.42973292 1.19961214
    1.50441027 1.19150293 1.49131298 1.36661875 0.909076273 1.36073732
    0.779400289 1.09358752 1.11905277 0.832116425 1.16525328 1.49729753
    0.559183359 0.602732897 1.013129 0.897323728 1.52677274 1.38389492
    0.886939526 1.32917154 0.887169361 0.71757859 0.676132202 1.3173213
    0.702937782 0.750091255 0.840061069 1.4377048 1.40371752 1.45300138
    1.21623528 1.11670375 1.16576481 0.749734819 1.44816303 0.754200041
    0.612099051 1.00288415 1.05641532 0.99760282 1.24003673 0.608647823
    1.29556286 0.644422054 0.778252125 1.26517057 1.09090793 0.869933307
    1.28940988 0.598918855 0.786678255 0.707576931 0.945647895
    1.21292865 0.816929519 0.549980938 0.559865415 1.14047515
    0.956045866 0.882439375 1.00310874 0.652726412 0.498056412
    0.628539205 0.883666396 1.35249233 1.36308384 0.543903351 1.06114113
    1.03153932 0.589516461 1.49232256 1.02639031 1.10638821 0.66995579
    1.27066588 1.51440418 1.25118673 1.42526281 1.10682654 1.29503238
    0.72534579 1.27962351 0.723766685 0.644179583 1.25895011 1.43716526
    0.955736637 1.15720177 0.992562473 0.776711285 0.721194506 1.3140502
    0.782174528 0.754855156 1.21673334 1.36237466 1.37076402 0.765357375
    0.583370566 1.26387393 1.4612385 1.20244348 0.830080152 0.854958177
    1.08999598 0.752231538 0.884636045 0.81249845 1.24204612 0.625633359
    1.22567558 1.04584646 0.592309356 0.977161348 1.44475245 0.679103017
    1.06705105 1.22655559 1.36946821 0.97325778 1.23256636 0.840864062
    1.0722599 0.834324718 0.697734296 0.704239011 1.10845661 1.18123221
    0.8735376 0.880815387 1.09009075 0.534178972 1.35169351 0.883539796
    1.19598591 1.1527487 0.979842782 1.0780654 1.17374301 0.771302342
    0.807463408 1.30607426 1.16305196 0.56911552 0.930422843 0.977539957
    0.597222805 0.670271277 0.639144123 0.711705923 1.00782478
    0.782186627 1.19139338 1.2285285 1.11895406 1.23397231 0.751527727
    0.622084379 1.17922854 0.804688156 0.769010961 1.12693334 1.39630067
    1.15964496 0.868180752 0.948144019 0.959284902 0.880559325
    1.28707957 1.44718707 0.644485116 0.531903386 0.734977782 1.37872231
    1.09903324 1.09081995 0.860833704 0.990873575 0.919540346
    0.499480277 0.882506847 1.06008482 0.751015484 1.25862372 1.15108263
    1.11055434 0.987523973 0.793877304 1.23287952 0.610358775
    0.690083086 1.03287745 0.714089274 0.494470596 0.736068726
    1.10690129 0.930051029 0.834380031 1.37503481 1.11143637 1.39647591
    1.23851371 1.07077551 0.837635279 1.44179499 0.687310278 1.16261613
    1.1509676 1.21238339 0.813497901 1.2867012 0.511951029 1.08385432
    0.946098685 1.01086748 0.767315209 1.21921682 0.969036758 1.37623954
    0.739349723 0.624159992 0.733736455 1.38751698 1.22407329
    0.749922216 0.827632368 1.54825246 1.50826168 1.2519486 0.95879221
    1.4899714 1.05004025 1.03885102 1.25039148 1.45102084 0.786266506
    1.44926322 0.724982023 0.664126396 0.57832706 1.33737946 1.324103
    1.04185903 0.756761432 0.895867825 0.56194967 0.801469862 0.80417496
    0.772648394 1.4377768 1.40213287 1.14767766 0.913322389 1.40457785
    0.59748435 1.50791681 0.928449214 1.15256774 1.34687817 1.01278937
    1.38502252 1.45021749 1.37993729 0.682276785 0.932484269 0.719065785
    1.19390333 1.25699949 1.23158705 1.42915463 0.618397713 1.33226228
    1.38015592 0.924980462 1.12669659 0.587889493 1.11057091 0.867970169
    1.41921425 0.946419299 1.42392004 0.587474525 1.2923162 1.0530839
    0.849529028 0.839985251 0.614047527 1.32459748 1.1823014 0.656081855
    1.14410377 1.48407936 0.975206435 1.45316601 1.30150139 1.28718376
    1.06172764 1.16595113 1.4695946 0.708624005 1.17217219 1.3592329
    0.807232678 0.737126768 1.44904399 1.46370363 1.1719836 0.551188231
    0.890946746 0.881579697 1.43219495 1.15846288</data></your_img>
</opencv_storage>
